2025-01-13T19:47:56.8000900Z ##[group]Run pytest tardis --tardis-regression-data=/Users/runner/work/tardis/tardis/tardis-regression-data --cov=tardis --cov-report=xml --cov-report=html --cov-append -m "not continuum"
2025-01-13T19:47:56.8002060Z [36;1mpytest tardis --tardis-regression-data=/Users/runner/work/tardis/tardis/tardis-regression-data --cov=tardis --cov-report=xml --cov-report=html --cov-append -m "not continuum"[0m
2025-01-13T19:47:56.8057990Z shell: /bin/bash -l {0}
2025-01-13T19:47:56.8058220Z env:
2025-01-13T19:47:56.8058360Z   CACHE_NUMBER: 0
2025-01-13T19:47:56.8058900Z   PYTEST_FLAGS: --tardis-regression-data=/Users/runner/work/tardis/tardis/tardis-regression-data --cov=tardis --cov-report=xml --cov-report=html --cov-append
2025-01-13T19:47:56.8059490Z   CODECOV_TOKEN: 
2025-01-13T19:47:56.8059660Z   MAMBA_ROOT_PREFIX: /Users/runner/micromamba
2025-01-13T19:47:56.8059930Z   MAMBA_EXE: /Users/runner/micromamba-bin/micromamba
2025-01-13T19:47:56.8060230Z   CONDARC: /Users/runner/work/_temp/setup-micromamba/.condarc
2025-01-13T19:47:56.8060540Z ##[endgroup]
2025-01-13T19:48:09.5878200Z ============================= test session starts ==============================
2025-01-13T19:48:09.5879010Z platform darwin -- Python 3.12.4, pytest-8.2.2, pluggy-1.5.0
2025-01-13T19:48:09.5879340Z rootdir: /Users/runner/work/tardis/tardis
2025-01-13T19:48:09.5879650Z configfile: pyproject.toml
2025-01-13T19:48:09.5879960Z plugins: cov-5.0.0, html-4.1.1, metadata-3.1.1, doctestplus-1.2.1, anyio-4.4.0
2025-01-13T19:48:09.5880380Z collected 1796 items / 2 deselected / 1794 selected
2025-01-13T19:48:09.5880540Z 
2025-01-13T19:48:13.7731800Z tardis/energy_input/tests/test_energy_source.py ..xxx                    [  0%]
2025-01-13T19:48:16.2628320Z tardis/energy_input/tests/test_gamma_ray_channel.py ...........          [  0%]
2025-01-13T19:48:18.2547410Z tardis/energy_input/tests/test_gamma_ray_grid.py xx.                     [  1%]
2025-01-13T19:48:20.0814370Z tardis/energy_input/tests/test_gamma_ray_interactions.py xx....          [  1%]
2025-01-13T19:48:20.0916860Z tardis/energy_input/tests/test_gamma_ray_packet_source.py sssssssss      [  1%]
2025-01-13T19:48:21.6025490Z tardis/energy_input/tests/test_util.py .....xxxx.....                    [  2%]
2025-01-13T19:48:21.9949670Z tardis/grid/tests/test_grid.py .                                         [  2%]
2025-01-13T19:48:21.9959850Z tardis/gui/tests/test_gui.py s                                           [  2%]
2025-01-13T19:48:26.0001990Z tardis/io/configuration/tests/test_config_reader.py ...........          [  3%]
2025-01-13T19:48:26.0086850Z tardis/io/configuration/tests/test_configuration_namespace.py .........  [  3%]
2025-01-13T19:48:26.0260970Z tardis/io/logger/tests/test_logging.py ssssssssssssssssssssssssssss      [  5%]
2025-01-13T19:49:01.1730600Z tardis/io/model/readers/tests/test_arepo_parser.py ..                    [  5%]
2025-01-13T19:49:01.2086870Z tardis/io/model/readers/tests/test_ascii_readers.py ...                  [  5%]
2025-01-13T19:49:01.2266720Z tardis/io/model/readers/tests/test_cmfgen_reader.py ..                   [  5%]
2025-01-13T19:49:01.2556960Z tardis/io/model/readers/tests/test_csvy_reader.py ....                   [  6%]
2025-01-13T19:49:01.2765810Z tardis/io/model/readers/tests/test_stella_reader.py ..                   [  6%]
2025-01-13T19:49:01.5770690Z tardis/io/tests/test_HDFWriter.py ...............                        [  7%]
2025-01-13T19:49:02.1838930Z tardis/io/tests/test_atomic.py .....                                     [  7%]
2025-01-13T19:49:02.1970220Z tardis/io/tests/test_decay.py ..                                         [  7%]
2025-01-13T19:49:02.3963420Z tardis/io/tests/test_model_reader.py ......                              [  7%]
2025-01-13T19:49:02.4015690Z tardis/model/geometry/tests/test_radial1d.py ..                          [  7%]
2025-01-13T19:49:35.9635520Z tardis/model/tests/test_base.py ........................................ [ 10%]
2025-01-13T19:49:36.7013290Z ............                                                             [ 10%]
2025-01-13T19:49:39.0455320Z tardis/model/tests/test_csvy_model.py .........                          [ 11%]
2025-01-13T19:49:39.0772890Z tardis/model/tests/test_density.py ..                                    [ 11%]
2025-01-13T19:49:40.3542400Z tardis/opacities/tests/test_opacity_solver.py .....                      [ 11%]
2025-01-13T19:49:41.4002360Z tardis/opacities/tests/test_opacity_state_numba.py .....                 [ 11%]
2025-01-13T19:49:43.2561280Z tardis/opacities/tests/test_tau_sobolev.py FF                            [ 12%]
2025-01-13T19:49:46.2175030Z tardis/plasma/equilibrium/tests/test_collisional_transitions.py ...      [ 12%]
2025-01-13T19:50:29.7336430Z tardis/plasma/equilibrium/tests/test_level_populations.py ....           [ 12%]
2025-01-13T19:50:42.2226410Z tardis/plasma/equilibrium/tests/test_rate_matrix.py .                    [ 12%]
2025-01-13T19:50:43.3924900Z tardis/plasma/tests/test_complete_plasmas.py .....................s..... [ 13%]
2025-01-13T19:50:45.9031070Z s....ssssss............s............ss.....s....ssssss............s..... [ 18%]
2025-01-13T19:50:47.2311020Z .......ss.....s....ssssss............s............ss.....s....ssssss.... [ 22%]
2025-01-13T19:50:49.5268260Z ........s............ss.....s........ss............s............ss.....s [ 26%]
2025-01-13T19:50:52.1206050Z ........ss............s............ss.....s....ssssss............s...... [ 30%]
2025-01-13T19:50:52.6874230Z ......ss.....s....ssssss............s............ss.....s.ss.ssssss..... [ 34%]
2025-01-13T19:50:54.9224130Z .......s............ss.....s....ssssss............s............ss.....s. [ 38%]
2025-01-13T19:50:57.1019760Z ...ssssss............s............ss.....s....ssssss............s....... [ 42%]
2025-01-13T19:50:59.4290590Z .....ss.....s....ssssss............s............s...........ssssss...... [ 46%]
2025-01-13T19:51:00.9758780Z ......s............s...........ssssss............s............s......... [ 50%]
2025-01-13T19:51:03.5724810Z ..ssssss............s............ss.....s....ssssss............s........ [ 54%]
2025-01-13T19:51:06.2393210Z ....ss.....s....ssssss..........................s.....s....ssss......... [ 58%]
2025-01-13T19:51:06.5197070Z ...................s.....s....ssss.......                                [ 60%]
2025-01-13T19:51:06.7792900Z tardis/plasma/tests/test_hdf_plasma.py ................................. [ 62%]
2025-01-13T19:51:06.7874990Z ......                                                                   [ 62%]
2025-01-13T19:51:07.1615240Z tardis/plasma/tests/test_nlte_excitation.py ...                          [ 62%]
2025-01-13T19:53:20.5811850Z tardis/plasma/tests/test_nlte_solver.py .....X                           [ 63%]
2025-01-13T19:53:20.6026970Z tardis/plasma/tests/test_plasma_continuum.py .                           [ 63%]
2025-01-13T19:53:49.9205760Z tardis/plasma/tests/test_plasma_vboundary.py .............               [ 63%]
2025-01-13T19:54:01.0145850Z tardis/plasma/tests/test_tardis_model_density_config.py ...              [ 64%]
2025-01-13T19:54:01.5280900Z tardis/simulation/tests/test_convergence.py .....                        [ 64%]
2025-01-13T19:54:09.6238570Z tardis/simulation/tests/test_simulation.py .............                 [ 65%]
2025-01-13T19:54:09.6404600Z tardis/spectrum/tests/test_cuda_formal_integral.py sssssssssssssssssssss [ 66%]
2025-01-13T19:54:09.9404530Z ssss...ssssssssssssssssssssss                                            [ 67%]
2025-01-13T19:54:09.9448790Z tardis/spectrum/tests/test_luminosity.py ....                            [ 68%]
2025-01-13T19:54:12.3445910Z tardis/spectrum/tests/test_numba_formal_integral.py .................... [ 69%]
2025-01-13T19:54:12.3594220Z ..........                                                               [ 69%]
2025-01-13T19:54:12.4860220Z tardis/spectrum/tests/test_spectrum.py ................................. [ 71%]
2025-01-13T19:54:12.5103940Z .........                                                                [ 72%]
2025-01-13T19:54:39.0968980Z tardis/spectrum/tests/test_spectrum_solver.py ....                       [ 72%]
2025-01-13T19:55:40.8829040Z tardis/tests/test_tardis_full.py ....                                    [ 72%]
2025-01-13T19:57:14.9810220Z tardis/tests/test_tardis_full_formal_integral.py ................        [ 73%]
2025-01-13T19:57:15.0440050Z tardis/tests/test_util.py .............................................  [ 75%]
2025-01-13T19:57:17.1869840Z tardis/transport/montecarlo/tests/test_base.py x.....................    [ 77%]
2025-01-13T19:57:22.0008300Z tardis/transport/montecarlo/tests/test_interaction.py .......            [ 77%]
2025-01-13T19:57:22.1448590Z tardis/transport/montecarlo/tests/test_macro_atom.py ....                [ 77%]
2025-01-13T19:57:22.1550160Z tardis/transport/montecarlo/tests/test_montecarlo.py sssssssssssssssssss [ 78%]
2025-01-13T19:57:22.1787900Z sssssssssssssssssssssssssssssssssssssssssssss                            [ 81%]
2025-01-13T19:57:29.8569990Z tardis/transport/montecarlo/tests/test_montecarlo_main_loop.py x..       [ 81%]
2025-01-13T19:57:29.8692620Z tardis/transport/montecarlo/tests/test_nonhomologous.py ...              [ 81%]
2025-01-13T19:57:32.6710330Z tardis/transport/montecarlo/tests/test_numba_interface.py .....x.        [ 82%]
2025-01-13T19:57:33.0041250Z tardis/transport/montecarlo/tests/test_opacities.py ...............      [ 82%]
2025-01-13T19:57:33.6956800Z tardis/transport/montecarlo/tests/test_packet.py .................xXXXXX [ 84%]
2025-01-13T19:57:33.7837700Z XX.........                                                              [ 84%]
2025-01-13T19:57:33.8086150Z tardis/transport/montecarlo/tests/test_packet_source.py ........         [ 85%]
2025-01-13T19:57:33.9997000Z tardis/transport/montecarlo/tests/test_rpacket_last_interaction_tracker.py . [ 85%]
2025-01-13T19:57:34.2518820Z .....                                                                    [ 85%]
2025-01-13T19:57:43.3506220Z tardis/transport/montecarlo/tests/test_rpacket_tracker.py ......         [ 85%]
2025-01-13T19:57:43.3710340Z tardis/transport/montecarlo/tests/test_single_packet_loop.py xxx         [ 86%]
2025-01-13T19:57:43.3742620Z tardis/transport/montecarlo/tests/test_tracker_utils.py ..               [ 86%]
2025-01-13T19:57:44.5773020Z tardis/transport/montecarlo/tests/test_vpacket.py ..x.                   [ 86%]
2025-01-13T19:57:44.5915210Z tardis/transport/montecarlo/tests/test_weighted_packet_source.py ....    [ 86%]
2025-01-13T19:57:47.2312560Z tardis/transport/montecarlo/tests/test_weighted_packet_source_integration.py . [ 86%]
2025-01-13T19:57:47.2313140Z                                                                          [ 86%]
2025-01-13T19:57:47.7187030Z tardis/transport/tests/test_doppler_factor.py ..................         [ 87%]
2025-01-13T19:57:49.3023530Z tardis/visualization/tools/tests/test_convergence_plot.py .............. [ 88%]
2025-01-13T19:57:50.9342170Z ......                                                                   [ 88%]
2025-01-13T19:57:54.6175340Z tardis/visualization/tools/tests/test_liv_plot.py ...................... [ 90%]
2025-01-13T19:57:58.2211470Z .............................                                            [ 91%]
2025-01-13T19:58:00.8344580Z tardis/visualization/tools/tests/test_rpacket_plot.py .................. [ 92%]
2025-01-13T19:58:07.4114060Z ....                                                                     [ 92%]
2025-01-13T19:58:11.8169230Z tardis/visualization/tools/tests/test_sdec_plot.py ..................... [ 94%]
2025-01-13T19:58:18.3671090Z ..............................                                           [ 95%]
2025-01-13T19:58:18.7181320Z tardis/visualization/widgets/tests/test_custom_abundance.py ........ss.. [ 96%]
2025-01-13T19:58:18.7628220Z ....                                                                     [ 96%]
2025-01-13T19:58:19.5774640Z tardis/visualization/widgets/tests/test_line_info.py ................... [ 97%]
2025-01-13T19:58:20.0993380Z ..................                                                       [ 98%]
2025-01-13T20:01:31.8570550Z tardis/visualization/widgets/tests/test_shell_info.py .................. [ 99%]
2025-01-13T20:01:39.2656420Z ......                                                                   [100%]
2025-01-13T20:01:39.2657050Z 
2025-01-13T20:01:39.2657360Z =================================== FAILURES ===================================
2025-01-13T20:01:39.2657940Z _____________________ test_calculate_sobolev_line_opacity ______________________
2025-01-13T20:01:39.2658260Z 
2025-01-13T20:01:39.2658610Z nb_simulation_verysimple = <tardis.simulation.base.Simulation object at 0x14da3de50>
2025-01-13T20:01:39.2659260Z regression_data = <tardis.tests.fixtures.regression_data.RegressionData object at 0x14da3c920>
2025-01-13T20:01:39.2659900Z 
2025-01-13T20:01:39.2660080Z     def test_calculate_sobolev_line_opacity(
2025-01-13T20:01:39.2660560Z         nb_simulation_verysimple, regression_data
2025-01-13T20:01:39.2660940Z     ):
2025-01-13T20:01:39.2661390Z         legacy_plasma = nb_simulation_verysimple.plasma
2025-01-13T20:01:39.2662210Z     
2025-01-13T20:01:39.2662620Z         actual = calculate_sobolev_line_opacity(
2025-01-13T20:01:39.2663170Z             legacy_plasma.lines,
2025-01-13T20:01:39.2663650Z             legacy_plasma.level_number_density,
2025-01-13T20:01:39.2664230Z             legacy_plasma.time_explosion,
2025-01-13T20:01:39.2664730Z             legacy_plasma.stimulated_emission_factor,
2025-01-13T20:01:39.2666300Z         )
2025-01-13T20:01:39.2666900Z >       expected = regression_data.sync_dataframe(actual)
2025-01-13T20:01:39.2667320Z 
2025-01-13T20:01:39.2667670Z tardis/opacities/tests/test_tau_sobolev.py:21: 
2025-01-13T20:01:39.2670370Z _ _ _ _ _ _ _ _ _ _ _ _ _ _ _ _ _ _ _ _ _ _ _ _ _ _ _ _ _ _ _ _ _ _ _ _ _ _ _ _ 
2025-01-13T20:01:39.2685970Z tardis/tests/fixtures/regression_data.py:88: in sync_dataframe
2025-01-13T20:01:39.2686330Z     return pd.read_hdf(self.fpath, key=key)
2025-01-13T20:01:39.2686700Z _ _ _ _ _ _ _ _ _ _ _ _ _ _ _ _ _ _ _ _ _ _ _ _ _ _ _ _ _ _ _ _ _ _ _ _ _ _ _ _ 
2025-01-13T20:01:39.2686930Z 
2025-01-13T20:01:39.2687240Z path_or_buf = '/Users/runner/work/tardis/tardis/tardis-regression-data/test_tau_sobolev/test_calculate_sobolev_line_opacity.h5'
2025-01-13T20:01:39.2689480Z key = 'data', mode = 'r', errors = 'strict', where = None, start = None
2025-01-13T20:01:39.2690070Z stop = None, columns = None, iterator = False, chunksize = None, kwargs = {}
2025-01-13T20:01:39.2690450Z exists = False
2025-01-13T20:01:39.2690630Z 
2025-01-13T20:01:39.2690770Z     def read_hdf(
2025-01-13T20:01:39.2691000Z         path_or_buf: FilePath | HDFStore,
2025-01-13T20:01:39.2691420Z         key=None,
2025-01-13T20:01:39.2691630Z         mode: str = "r",
2025-01-13T20:01:39.2691980Z         errors: str = "strict",
2025-01-13T20:01:39.2692220Z         where: str | list | None = None,
2025-01-13T20:01:39.2692550Z         start: int | None = None,
2025-01-13T20:01:39.2692820Z         stop: int | None = None,
2025-01-13T20:01:39.2693150Z         columns: list[str] | None = None,
2025-01-13T20:01:39.2693430Z         iterator: bool = False,
2025-01-13T20:01:39.2693750Z         chunksize: int | None = None,
2025-01-13T20:01:39.2694020Z         **kwargs,
2025-01-13T20:01:39.2694340Z     ):
2025-01-13T20:01:39.2694510Z         """
2025-01-13T20:01:39.2694780Z         Read from the store, close it if we opened it.
2025-01-13T20:01:39.2695080Z     
2025-01-13T20:01:39.2695430Z         Retrieve pandas object stored in file, optionally based on where
2025-01-13T20:01:39.2695840Z         criteria.
2025-01-13T20:01:39.2696070Z     
2025-01-13T20:01:39.2710450Z         .. warning::
2025-01-13T20:01:39.2711450Z     
2025-01-13T20:01:39.2711770Z            Pandas uses PyTables for reading and writing HDF5 files, which allows
2025-01-13T20:01:39.2712200Z            serializing object-dtype data with pickle when using the "fixed" format.
2025-01-13T20:01:39.2716460Z            Loading pickled data received from untrusted sources can be unsafe.
2025-01-13T20:01:39.2719540Z     
2025-01-13T20:01:39.2730160Z            See: https://docs.python.org/3/library/pickle.html for more.
2025-01-13T20:01:39.2730590Z     
2025-01-13T20:01:39.2730810Z         Parameters
2025-01-13T20:01:39.2731050Z         ----------
2025-01-13T20:01:39.2731260Z         path_or_buf : str, path object, pandas.HDFStore
2025-01-13T20:01:39.2731660Z             Any valid string path is acceptable. Only supports the local file system,
2025-01-13T20:01:39.2732270Z             remote URLs and file-like objects are not supported.
2025-01-13T20:01:39.2733200Z     
2025-01-13T20:01:39.2733920Z             If you want to pass in a path object, pandas accepts any
2025-01-13T20:01:39.2734900Z             ``os.PathLike``.
2025-01-13T20:01:39.2735600Z     
2025-01-13T20:01:39.2736910Z             Alternatively, pandas accepts an open :class:`pandas.HDFStore` object.
2025-01-13T20:01:39.2738750Z     
2025-01-13T20:01:39.2739030Z         key : object, optional
2025-01-13T20:01:39.2739380Z             The group identifier in the store. Can be omitted if the HDF file
2025-01-13T20:01:39.2741260Z             contains a single pandas object.
2025-01-13T20:01:39.2741550Z         mode : {'r', 'r+', 'a'}, default 'r'
2025-01-13T20:01:39.2741940Z             Mode to use when opening the file. Ignored if path_or_buf is a
2025-01-13T20:01:39.2742270Z             :class:`pandas.HDFStore`. Default is 'r'.
2025-01-13T20:01:39.2743100Z         errors : str, default 'strict'
2025-01-13T20:01:39.2743440Z             Specifies how encoding and decoding errors are to be handled.
2025-01-13T20:01:39.2744100Z             See the errors argument for :func:`open` for a full list
2025-01-13T20:01:39.2744520Z             of options.
2025-01-13T20:01:39.2745370Z         where : list, optional
2025-01-13T20:01:39.2745770Z             A list of Term (or convertible) objects.
2025-01-13T20:01:39.2746130Z         start : int, optional
2025-01-13T20:01:39.2746410Z             Row number to start selection.
2025-01-13T20:01:39.2792370Z         stop  : int, optional
2025-01-13T20:01:39.2792710Z             Row number to stop selection.
2025-01-13T20:01:39.2793040Z         columns : list, optional
2025-01-13T20:01:39.2793310Z             A list of columns names to return.
2025-01-13T20:01:39.2793640Z         iterator : bool, optional
2025-01-13T20:01:39.2793890Z             Return an iterator object.
2025-01-13T20:01:39.2794210Z         chunksize : int, optional
2025-01-13T20:01:39.2794530Z             Number of rows to include in an iteration when using an iterator.
2025-01-13T20:01:39.2794880Z         **kwargs
2025-01-13T20:01:39.2795200Z             Additional keyword arguments passed to HDFStore.
2025-01-13T20:01:39.2795650Z     
2025-01-13T20:01:39.2795770Z         Returns
2025-01-13T20:01:39.2796030Z         -------
2025-01-13T20:01:39.2796210Z         object
2025-01-13T20:01:39.2796510Z             The selected object. Return type depends on the object stored.
2025-01-13T20:01:39.2796850Z     
2025-01-13T20:01:39.2797010Z         See Also
2025-01-13T20:01:39.2797140Z         --------
2025-01-13T20:01:39.2797340Z         DataFrame.to_hdf : Write a HDF file from a DataFrame.
2025-01-13T20:01:39.2797620Z         HDFStore : Low-level access to HDF files.
2025-01-13T20:01:39.2797820Z     
2025-01-13T20:01:39.2798010Z         Examples
2025-01-13T20:01:39.2798150Z         --------
2025-01-13T20:01:39.2798390Z         >>> df = pd.DataFrame([[1, 1.0, 'a']], columns=['x', 'y', 'z'])  # doctest: +SKIP
2025-01-13T20:01:39.2798690Z         >>> df.to_hdf('./store.h5', 'data')  # doctest: +SKIP
2025-01-13T20:01:39.2798950Z         >>> reread = pd.read_hdf('./store.h5')  # doctest: +SKIP
2025-01-13T20:01:39.2799180Z         """
2025-01-13T20:01:39.2799380Z         if mode not in ["r", "r+", "a"]:
2025-01-13T20:01:39.2799600Z             raise ValueError(
2025-01-13T20:01:39.2799890Z                 f"mode {mode} is not allowed while performing a read. "
2025-01-13T20:01:39.2800150Z                 f"Allowed modes are r, r+ and a."
2025-01-13T20:01:39.2800340Z             )
2025-01-13T20:01:39.2801200Z         # grab the scope
2025-01-13T20:01:39.2801360Z         if where is not None:
2025-01-13T20:01:39.2801550Z             where = _ensure_term(where, scope_level=1)
2025-01-13T20:01:39.2801750Z     
2025-01-13T20:01:39.2801890Z         if isinstance(path_or_buf, HDFStore):
2025-01-13T20:01:39.2802160Z             if not path_or_buf.is_open:
2025-01-13T20:01:39.2802460Z                 raise OSError("The HDFStore must be open for reading.")
2025-01-13T20:01:39.2802810Z     
2025-01-13T20:01:39.2802950Z             store = path_or_buf
2025-01-13T20:01:39.2803360Z             auto_close = False
2025-01-13T20:01:39.2803550Z         else:
2025-01-13T20:01:39.2803850Z             path_or_buf = stringify_path(path_or_buf)
2025-01-13T20:01:39.2804240Z             if not isinstance(path_or_buf, str):
2025-01-13T20:01:39.2804550Z                 raise NotImplementedError(
2025-01-13T20:01:39.2804970Z                     "Support for generic buffers has not been implemented."
2025-01-13T20:01:39.2805310Z                 )
2025-01-13T20:01:39.2805480Z             try:
2025-01-13T20:01:39.2805810Z                 exists = os.path.exists(path_or_buf)
2025-01-13T20:01:39.2806120Z     
2025-01-13T20:01:39.2806410Z             # if filepath is too long
2025-01-13T20:01:39.2806730Z             except (TypeError, ValueError):
2025-01-13T20:01:39.2807100Z                 exists = False
2025-01-13T20:01:39.2807350Z     
2025-01-13T20:01:39.2807560Z             if not exists:
2025-01-13T20:01:39.2807840Z >               raise FileNotFoundError(f"File {path_or_buf} does not exist")
2025-01-13T20:01:39.2808620Z E               FileNotFoundError: File /Users/runner/work/tardis/tardis/tardis-regression-data/test_tau_sobolev/test_calculate_sobolev_line_opacity.h5 does not exist
2025-01-13T20:01:39.2809500Z 
2025-01-13T20:01:39.2809780Z ../../../micromamba/envs/tardis/lib/python3.12/site-packages/pandas/io/pytables.py:424: FileNotFoundError
2025-01-13T20:01:39.2810320Z ---------------------------- Captured stdout setup -----------------------------
2025-01-13T20:01:39.2819160Z [[1mtardis.io.model.parse_density_configuration[0m][[1;33mWARNING[0m]  
2025-01-13T20:01:39.2819890Z 	Number of density points larger than number of shells. Assuming inner point irrelevant ([1mparse_density_configuration.py[0m:114)
2025-01-13T20:01:39.2820380Z ---------------------------- Captured stderr setup -----------------------------
2025-01-13T20:01:39.2820590Z 
2025-01-13T20:01:39.2824250Z Iterations:â–ˆâ–ˆâ–ˆâ–ˆâ–ˆâ–ˆâ–ˆâ–ˆâ–ˆâ–ˆâ–ˆâ–ˆâ–ˆâ–ˆâ–ˆâ–ˆâ–ˆâ–ˆâ–ˆâ–ˆâ–ˆâ–ˆâ–ˆâ–ˆâ–ˆâ–ˆâ–ˆâ–ˆâ–ˆâ–ˆâ–ˆâ–ˆâ–ˆâ–ˆâ–ˆâ–ˆâ–ˆâ–ˆâ–ˆâ–ˆâ–ˆâ–ˆâ–ˆâ–ˆâ–ˆâ–ˆâ–ˆâ–ˆâ–ˆâ–ˆâ–ˆâ–ˆâ–ˆâ–ˆâ–ˆâ–ˆâ–ˆâ–ˆâ–ˆâ–ˆâ–ˆâ–ˆâ–ˆâ–ˆ                4/5 [00:10<00:02,  2.34s/it]
2025-01-13T20:01:39.2824610Z 
2025-01-13T20:01:39.2824810Z Packets:                                                                                   4030/? [00:10<00:00, 25285.44it/s][A
2025-01-13T20:01:39.2825130Z ------------------------------ Captured log setup ------------------------------
2025-01-13T20:01:39.2825780Z WARNING  tardis.io.model.parse_density_configuration:parse_density_configuration.py:114 Number of density points larger than number of shells. Assuming inner point irrelevant
2025-01-13T20:01:39.2826390Z _________________________ test_calculate_beta_sobolevs _________________________
2025-01-13T20:01:39.2826590Z 
2025-01-13T20:01:39.2826770Z nb_simulation_verysimple = <tardis.simulation.base.Simulation object at 0x14da3de50>
2025-01-13T20:01:39.2827220Z regression_data = <tardis.tests.fixtures.regression_data.RegressionData object at 0x14d85a420>
2025-01-13T20:01:39.2827500Z 
2025-01-13T20:01:39.2827710Z     def test_calculate_beta_sobolevs(nb_simulation_verysimple, regression_data):
2025-01-13T20:01:39.2828040Z         legacy_plasma = nb_simulation_verysimple.plasma
2025-01-13T20:01:39.2828320Z     
2025-01-13T20:01:39.2828480Z         tau_sobolevs = calculate_sobolev_line_opacity(
2025-01-13T20:01:39.2828690Z             legacy_plasma.lines,
2025-01-13T20:01:39.2828890Z             legacy_plasma.level_number_density,
2025-01-13T20:01:39.2829150Z             legacy_plasma.time_explosion,
2025-01-13T20:01:39.2829380Z             legacy_plasma.stimulated_emission_factor,
2025-01-13T20:01:39.2829980Z         )
2025-01-13T20:01:39.2830130Z         actual = calculate_beta_sobolev(tau_sobolevs)
2025-01-13T20:01:39.2830370Z >       expected = regression_data.sync_ndarray(actual)
2025-01-13T20:01:39.2830580Z 
2025-01-13T20:01:39.2830720Z tardis/opacities/tests/test_tau_sobolev.py:35: 
2025-01-13T20:01:39.2831070Z _ _ _ _ _ _ _ _ _ _ _ _ _ _ _ _ _ _ _ _ _ _ _ _ _ _ _ _ _ _ _ _ _ _ _ _ _ _ _ _ 
2025-01-13T20:01:39.2831400Z tardis/tests/fixtures/regression_data.py:111: in sync_ndarray
2025-01-13T20:01:39.2831750Z     return np.load(self.fpath)
2025-01-13T20:01:39.2831950Z _ _ _ _ _ _ _ _ _ _ _ _ _ _ _ _ _ _ _ _ _ _ _ _ _ _ _ _ _ _ _ _ _ _ _ _ _ _ _ _ 
2025-01-13T20:01:39.2832200Z 
2025-01-13T20:01:39.2832550Z file = PosixPath('/Users/runner/work/tardis/tardis/tardis-regression-data/test_tau_sobolev/test_calculate_beta_sobolevs.npy')
2025-01-13T20:01:39.2833120Z mmap_mode = None, allow_pickle = False, fix_imports = True, encoding = 'ASCII'
2025-01-13T20:01:39.2833400Z 
2025-01-13T20:01:39.2833510Z     @set_module('numpy')
2025-01-13T20:01:39.2833790Z     def load(file, mmap_mode=None, allow_pickle=False, fix_imports=True,
2025-01-13T20:01:39.2834230Z              encoding='ASCII', *, max_header_size=format._MAX_HEADER_SIZE):
2025-01-13T20:01:39.2834550Z         """
2025-01-13T20:01:39.2834810Z         Load arrays or pickled objects from ``.npy``, ``.npz`` or pickled files.
2025-01-13T20:01:39.2835060Z     
2025-01-13T20:01:39.2835350Z         .. warning:: Loading files that contain object arrays uses the ``pickle``
2025-01-13T20:01:39.2835800Z                      module, which is not secure against erroneous or maliciously
2025-01-13T20:01:39.2836330Z                      constructed data. Consider passing ``allow_pickle=False`` to
2025-01-13T20:01:39.2836690Z                      load data that is known not to contain object arrays for the
2025-01-13T20:01:39.2836960Z                      safer handling of untrusted sources.
2025-01-13T20:01:39.2837170Z     
2025-01-13T20:01:39.2837280Z         Parameters
2025-01-13T20:01:39.2837420Z         ----------
2025-01-13T20:01:39.2837590Z         file : file-like object, string, or pathlib.Path
2025-01-13T20:01:39.2837850Z             The file to read. File-like objects must support the
2025-01-13T20:01:39.2838110Z             ``seek()`` and ``read()`` methods and must always
2025-01-13T20:01:39.2838470Z             be opened in binary mode.  Pickled files require that the
2025-01-13T20:01:39.2838760Z             file-like object support the ``readline()`` method as well.
2025-01-13T20:01:39.2839030Z         mmap_mode : {None, 'r+', 'r', 'w+', 'c'}, optional
2025-01-13T20:01:39.2839300Z             If not None, then memory-map the file, using the given mode (see
2025-01-13T20:01:39.2839620Z             `numpy.memmap` for a detailed description of the modes).  A
2025-01-13T20:01:39.2840000Z             memory-mapped array is kept on disk. However, it can be accessed
2025-01-13T20:01:39.2840330Z             and sliced like any ndarray.  Memory mapping is especially useful
2025-01-13T20:01:39.2840670Z             for accessing small fragments of large files without reading the
2025-01-13T20:01:39.2840920Z             entire file into memory.
2025-01-13T20:01:39.2841110Z         allow_pickle : bool, optional
2025-01-13T20:01:39.2841480Z             Allow loading pickled object arrays stored in npy files. Reasons for
2025-01-13T20:01:39.2841930Z             disallowing pickles include security, as loading pickled data can
2025-01-13T20:01:39.2842410Z             execute arbitrary code. If pickles are disallowed, loading object
2025-01-13T20:01:39.2842790Z             arrays will fail. Default: False
2025-01-13T20:01:39.2843020Z     
2025-01-13T20:01:39.2843300Z             .. versionchanged:: 1.16.3
2025-01-13T20:01:39.2843580Z                 Made default False in response to CVE-2019-6446.
2025-01-13T20:01:39.2843890Z     
2025-01-13T20:01:39.2844060Z         fix_imports : bool, optional
2025-01-13T20:01:39.2844600Z             Only useful when loading Python 2 generated pickled files on Python 3,
2025-01-13T20:01:39.2845020Z             which includes npy/npz files containing object arrays. If `fix_imports`
2025-01-13T20:01:39.2845430Z             is True, pickle will try to map the old Python 2 names to the new names
2025-01-13T20:01:39.2845760Z             used in Python 3.
2025-01-13T20:01:39.2846050Z         encoding : str, optional
2025-01-13T20:01:39.2846310Z             What encoding to use when reading Python 2 strings. Only useful when
2025-01-13T20:01:39.2846700Z             loading Python 2 generated pickled files in Python 3, which includes
2025-01-13T20:01:39.2847040Z             npy/npz files containing object arrays. Values other than 'latin1',
2025-01-13T20:01:39.2847380Z             'ASCII', and 'bytes' are not allowed, as they can corrupt numerical
2025-01-13T20:01:39.2847640Z             data. Default: 'ASCII'
2025-01-13T20:01:39.2847900Z         max_header_size : int, optional
2025-01-13T20:01:39.2848170Z             Maximum allowed size of the header.  Large headers may not be safe
2025-01-13T20:01:39.2848510Z             to load securely and thus require explicitly passing a larger value.
2025-01-13T20:01:39.2848800Z             See :py:func:`ast.literal_eval()` for details.
2025-01-13T20:01:39.2849080Z             This option is ignored when `allow_pickle` is passed.  In that case
2025-01-13T20:01:39.2849450Z             the file is by definition trusted and the limit is unnecessary.
2025-01-13T20:01:39.2849700Z     
2025-01-13T20:01:39.2849810Z         Returns
2025-01-13T20:01:39.2849930Z         -------
2025-01-13T20:01:39.2850080Z         result : array, tuple, dict, etc.
2025-01-13T20:01:39.2850520Z             Data stored in the file. For ``.npz`` files, the returned instance
2025-01-13T20:01:39.2850900Z             of NpzFile class must be closed to avoid leaking file descriptors.
2025-01-13T20:01:39.2851150Z     
2025-01-13T20:01:39.2851260Z         Raises
2025-01-13T20:01:39.2851390Z         ------
2025-01-13T20:01:39.2851550Z         OSError
2025-01-13T20:01:39.2851810Z             If the input file does not exist or cannot be read.
2025-01-13T20:01:39.2852080Z         UnpicklingError
2025-01-13T20:01:39.2852370Z             If ``allow_pickle=True``, but the file cannot be loaded as a pickle.
2025-01-13T20:01:39.2852620Z         ValueError
2025-01-13T20:01:39.2852830Z             The file contains an object array, but ``allow_pickle=False`` given.
2025-01-13T20:01:39.2853080Z         EOFError
2025-01-13T20:01:39.2853280Z             When calling ``np.load`` multiple times on the same file handle,
2025-01-13T20:01:39.2853540Z             if all data has already been read
2025-01-13T20:01:39.2853730Z     
2025-01-13T20:01:39.2853830Z         See Also
2025-01-13T20:01:39.2853960Z         --------
2025-01-13T20:01:39.2854110Z         save, savez, savez_compressed, loadtxt
2025-01-13T20:01:39.2854380Z         memmap : Create a memory-map to an array stored in a file on disk.
2025-01-13T20:01:39.2854730Z         lib.format.open_memmap : Create or load a memory-mapped ``.npy`` file.
2025-01-13T20:01:39.2854980Z     
2025-01-13T20:01:39.2855090Z         Notes
2025-01-13T20:01:39.2855210Z         -----
2025-01-13T20:01:39.2855400Z         - If the file contains pickle data, then whatever object is stored
2025-01-13T20:01:39.2855650Z           in the pickle is returned.
2025-01-13T20:01:39.2855890Z         - If the file is a ``.npy`` file, then a single array is returned.
2025-01-13T20:01:39.2856190Z         - If the file is a ``.npz`` file, then a dictionary-like object is
2025-01-13T20:01:39.2856520Z           returned, containing ``{filename: array}`` key-value pairs, one for
2025-01-13T20:01:39.2856780Z           each file in the archive.
2025-01-13T20:01:39.2857020Z         - If the file is a ``.npz`` file, the returned value supports the
2025-01-13T20:01:39.2857360Z           context manager protocol in a similar fashion to the open function::
2025-01-13T20:01:39.2857620Z     
2025-01-13T20:01:39.2857990Z             with load('foo.npz') as data:
2025-01-13T20:01:39.2858180Z                 a = data['a']
2025-01-13T20:01:39.2858330Z     
2025-01-13T20:01:39.2858590Z           The underlying file descriptor is closed when exiting the 'with'
2025-01-13T20:01:39.2858840Z           block.
2025-01-13T20:01:39.2858960Z     
2025-01-13T20:01:39.2859070Z         Examples
2025-01-13T20:01:39.2859190Z         --------
2025-01-13T20:01:39.2859340Z         Store data to disk, and load it again:
2025-01-13T20:01:39.2859530Z     
2025-01-13T20:01:39.2859680Z         >>> np.save('/tmp/123', np.array([[1, 2, 3], [4, 5, 6]]))
2025-01-13T20:01:39.2859900Z         >>> np.load('/tmp/123.npy')
2025-01-13T20:01:39.2860080Z         array([[1, 2, 3],
2025-01-13T20:01:39.2860230Z                [4, 5, 6]])
2025-01-13T20:01:39.2860380Z     
2025-01-13T20:01:39.2860530Z         Store compressed data to disk, and load it again:
2025-01-13T20:01:39.2860740Z     
2025-01-13T20:01:39.2860860Z         >>> a=np.array([[1, 2, 3], [4, 5, 6]])
2025-01-13T20:01:39.2861060Z         >>> b=np.array([1, 2])
2025-01-13T20:01:39.2861230Z         >>> np.savez('/tmp/123.npz', a=a, b=b)
2025-01-13T20:01:39.2861430Z         >>> data = np.load('/tmp/123.npz')
2025-01-13T20:01:39.2861610Z         >>> data['a']
2025-01-13T20:01:39.2861760Z         array([[1, 2, 3],
2025-01-13T20:01:39.2861900Z                [4, 5, 6]])
2025-01-13T20:01:39.2862050Z         >>> data['b']
2025-01-13T20:01:39.2862190Z         array([1, 2])
2025-01-13T20:01:39.2862330Z         >>> data.close()
2025-01-13T20:01:39.2862460Z     
2025-01-13T20:01:39.2862630Z         Mem-map the stored array, and then access the second row
2025-01-13T20:01:39.2862870Z         directly from disk:
2025-01-13T20:01:39.2863120Z     
2025-01-13T20:01:39.2863260Z         >>> X = np.load('/tmp/123.npy', mmap_mode='r')
2025-01-13T20:01:39.2863450Z         >>> X[1, :]
2025-01-13T20:01:39.2863590Z         memmap([4, 5, 6])
2025-01-13T20:01:39.2863730Z     
2025-01-13T20:01:39.2863830Z         """
2025-01-13T20:01:39.2863990Z         if encoding not in ('ASCII', 'latin1', 'bytes'):
2025-01-13T20:01:39.2864260Z             # The 'encoding' value for pickle also affects what encoding
2025-01-13T20:01:39.2864630Z             # the serialized binary data of NumPy arrays is loaded
2025-01-13T20:01:39.2864910Z             # in. Pickle does not pass on the encoding information to
2025-01-13T20:01:39.2865200Z             # NumPy. The unpickling code in numpy.core.multiarray is
2025-01-13T20:01:39.2865490Z             # written to assume that unicode data appearing where binary
2025-01-13T20:01:39.2865790Z             # should be is in 'latin1'. 'bytes' is also safe, as is 'ASCII'.
2025-01-13T20:01:39.2866020Z             #
2025-01-13T20:01:39.2866210Z             # Other encoding values can corrupt binary data, and we
2025-01-13T20:01:39.2866520Z             # purposefully disallow them. For the same reason, the errors=
2025-01-13T20:01:39.2866820Z             # argument is not exposed, as values other than 'strict'
2025-01-13T20:01:39.2867100Z             # result can similarly silently corrupt numerical data.
2025-01-13T20:01:39.2867410Z             raise ValueError("encoding must be 'ASCII', 'latin1', or 'bytes'")
2025-01-13T20:01:39.2867660Z     
2025-01-13T20:01:39.2867850Z         pickle_kwargs = dict(encoding=encoding, fix_imports=fix_imports)
2025-01-13T20:01:39.2868090Z     
2025-01-13T20:01:39.2868220Z         with contextlib.ExitStack() as stack:
2025-01-13T20:01:39.2868420Z             if hasattr(file, 'read'):
2025-01-13T20:01:39.2868600Z                 fid = file
2025-01-13T20:01:39.2868750Z                 own_fid = False
2025-01-13T20:01:39.2868910Z             else:
2025-01-13T20:01:39.2869100Z >               fid = stack.enter_context(open(os_fspath(file), "rb"))
2025-01-13T20:01:39.2869670Z E               FileNotFoundError: [Errno 2] No such file or directory: '/Users/runner/work/tardis/tardis/tardis-regression-data/test_tau_sobolev/test_calculate_beta_sobolevs.npy'
2025-01-13T20:01:39.2870130Z 
2025-01-13T20:01:39.2870960Z ../../../micromamba/envs/tardis/lib/python3.12/site-packages/numpy/lib/npyio.py:427: FileNotFoundError
2025-01-13T20:01:39.2871360Z =============================== warnings summary ===============================
2025-01-13T20:01:39.2871610Z tardis/io/configuration/config_validator.py:6
2025-01-13T20:01:39.2871840Z tardis/io/configuration/config_validator.py:6
2025-01-13T20:01:39.2872240Z   /Users/runner/work/tardis/tardis/tardis/io/configuration/config_validator.py:6: DeprecationWarning:
2025-01-13T20:01:39.2872780Z   
2025-01-13T20:01:39.2873900Z   jsonschema.RefResolver is deprecated as of v4.18.0, in favor of the https://github.com/python-jsonschema/referencing library, which provides more compliant referencing behavior as well as more flexible APIs for customization. A future release will remove RefResolver. Please file a feature request (on referencing) if you are missing an API for the kind of customization you need.
2025-01-13T20:01:39.2874990Z 
2025-01-13T20:01:39.2875190Z ../../../micromamba/envs/tardis/lib/python3.12/site-packages/jupyter_client/connect.py:22
2025-01-13T20:01:39.2875950Z   /Users/runner/micromamba/envs/tardis/lib/python3.12/site-packages/jupyter_client/connect.py:22: DeprecationWarning:
2025-01-13T20:01:39.2876490Z   
2025-01-13T20:01:39.2876740Z   Jupyter is migrating its paths to use standard platformdirs
2025-01-13T20:01:39.2877150Z   given by the platformdirs library.  To remove this warning and
2025-01-13T20:01:39.2877560Z   see the appropriate new directories, set the environment variable
2025-01-13T20:01:39.2878020Z   `JUPYTER_PLATFORM_DIRS=1` and then run `jupyter --paths`.
2025-01-13T20:01:39.2878390Z   The use of platformdirs will be the default in `jupyter_core` v6
2025-01-13T20:01:39.2879220Z 
2025-01-13T20:01:39.2886780Z tardis/io/tests/test_HDFWriter.py::test_multi_index_write
2025-01-13T20:01:39.2887240Z tardis/visualization/widgets/tests/test_shell_info.py::TestHDFShellInfo::test_shells_data
2025-01-13T20:01:39.2887680Z   /Users/runner/work/tardis/tardis/tardis/io/util.py:276: PerformanceWarning:
2025-01-13T20:01:39.2887980Z   
2025-01-13T20:01:39.2888080Z   
2025-01-13T20:01:39.2888310Z   your performance may suffer as PyTables will pickle object types that it cannot
2025-01-13T20:01:39.2888750Z   map directly to c-types [inferred_type->mixed,key->block0_values] [items->Index([0], dtype='int64')]
2025-01-13T20:01:39.2889020Z 
2025-01-13T20:01:39.2889180Z tardis/io/tests/test_model_reader.py::test_read_cmfgen_isotope_abundances
2025-01-13T20:01:39.2889570Z tardis/plasma/tests/test_tardis_model_density_config.py::test_electron_densities
2025-01-13T20:01:39.2889990Z tardis/plasma/tests/test_tardis_model_density_config.py::test_isotope_number_densities
2025-01-13T20:01:39.2890390Z tardis/plasma/tests/test_tardis_model_density_config.py::test_t_rad
2025-01-13T20:01:39.2890850Z   /Users/runner/work/tardis/tardis/tardis/io/model/readers/cmfgen_deprecated.py:82: DeprecationWarning:
2025-01-13T20:01:39.2891210Z   
2025-01-13T20:01:39.2891350Z   The current CMFGEN model parser is deprecated
2025-01-13T20:01:39.2891520Z 
2025-01-13T20:01:39.2891600Z tardis/io/tests/test_model_reader.py: 1 warning
2025-01-13T20:01:39.2891890Z tardis/plasma/tests/test_tardis_model_density_config.py: 9 warnings
2025-01-13T20:01:39.2892340Z   /Users/runner/work/tardis/tardis/tardis/io/model/readers/cmfgen_deprecated.py:40: DeprecationWarning:
2025-01-13T20:01:39.2892690Z   
2025-01-13T20:01:39.2892830Z   The current CMFGEN model parser is deprecated
2025-01-13T20:01:39.2892980Z 
2025-01-13T20:01:39.2893150Z tardis/model/tests/test_base.py::TestModelFromPaper1Config::test_abundances
2025-01-13T20:01:39.2893670Z   /Users/runner/work/tardis/tardis/tardis/transport/montecarlo/montecarlo_main_loop.py:123: NumbaTypeSafetyWarning:
2025-01-13T20:01:39.2894080Z   
2025-01-13T20:01:39.2894460Z   [1m[1m[1munsafe cast from uint64 to int64. Precision may be lost.[0m[0m[0m
2025-01-13T20:01:39.2894680Z 
2025-01-13T20:01:39.2894760Z tardis/model/tests/test_base.py: 6 warnings
2025-01-13T20:01:39.2895370Z tardis/model/tests/test_csvy_model.py: 2 warnings
2025-01-13T20:01:39.2895660Z tardis/plasma/tests/test_tardis_model_density_config.py: 3 warnings
2025-01-13T20:01:39.2896080Z   /Users/runner/work/tardis/tardis/tardis/model/geometry/radial1d.py:50: DeprecationWarning:
2025-01-13T20:01:39.2896400Z   
2025-01-13T20:01:39.2896540Z   v_inner_boundary < 0, assuming default value
2025-01-13T20:01:39.2896690Z 
2025-01-13T20:01:39.2896760Z tardis/model/tests/test_base.py: 6 warnings
2025-01-13T20:01:39.2896990Z tardis/model/tests/test_csvy_model.py: 2 warnings
2025-01-13T20:01:39.2897290Z tardis/plasma/tests/test_tardis_model_density_config.py: 3 warnings
2025-01-13T20:01:39.2897700Z   /Users/runner/work/tardis/tardis/tardis/model/geometry/radial1d.py:61: DeprecationWarning:
2025-01-13T20:01:39.2898030Z   
2025-01-13T20:01:39.2898170Z   v_outer_boundary < 0, assuming default value
2025-01-13T20:01:39.2898320Z 
2025-01-13T20:01:39.2898680Z tardis/plasma/equilibrium/tests/test_level_populations.py::TestLevelPopulationSolver::test_solve[collisional_rate_solver0-radiative_transitions0]
2025-01-13T20:01:39.2899360Z   /Users/runner/work/tardis/tardis/tardis/plasma/equilibrium/level_populations.py:65: FutureWarning:
2025-01-13T20:01:39.2899710Z   
2025-01-13T20:01:39.2899990Z   A value is trying to be set on a copy of a DataFrame or Series through chained assignment using an inplace method.
2025-01-13T20:01:39.2900630Z   The behavior will change in pandas 3.0. This inplace method will never work because the intermediate object on which we are setting values always behaves as a copy.
2025-01-13T20:01:39.2901080Z   
2025-01-13T20:01:39.2901560Z   For example, when doing 'df[col].method(value, inplace=True)', try using 'df.method({col: value}, inplace=True)' or df[col] = df[col].method(value) instead, to perform the operation inplace on the original object.
2025-01-13T20:01:39.2902150Z 
2025-01-13T20:01:39.2902270Z tardis/plasma/tests/test_complete_plasmas.py: 20 warnings
2025-01-13T20:01:39.2902670Z   /Users/runner/work/tardis/tardis/tardis/plasma/tests/test_complete_plasmas.py:197: UserWarning:
2025-01-13T20:01:39.2903010Z   
2025-01-13T20:01:39.2903130Z   Property "atomic_mass" not found
2025-01-13T20:01:39.2903260Z 
2025-01-13T20:01:39.2903600Z tardis/plasma/tests/test_complete_plasmas.py::TestPlasma::test_plasma_properties[radiative_rates_type:detailed-w_epsilon:1e-10-j_blues_norm_factor]
2025-01-13T20:01:39.2904300Z tardis/plasma/tests/test_complete_plasmas.py::TestPlasma::test_plasma_properties[radiative_rates_type:detailed-j_blues_norm_factor]
2025-01-13T20:01:39.2905010Z   /Users/runner/work/tardis/tardis/tardis/plasma/tests/test_complete_plasmas.py:197: UserWarning:
2025-01-13T20:01:39.2905350Z   
2025-01-13T20:01:39.2905480Z   Property "j_blues_norm_factor" not found
2025-01-13T20:01:39.2905630Z 
2025-01-13T20:01:39.2905950Z tardis/plasma/tests/test_complete_plasmas.py::TestPlasma::test_plasma_properties[radiative_rates_type:detailed-w_epsilon:1e-10-j_blue_estimator]
2025-01-13T20:01:39.2906640Z tardis/plasma/tests/test_complete_plasmas.py::TestPlasma::test_plasma_properties[radiative_rates_type:detailed-j_blue_estimator]
2025-01-13T20:01:39.2907220Z   /Users/runner/work/tardis/tardis/tardis/plasma/tests/test_complete_plasmas.py:197: UserWarning:
2025-01-13T20:01:39.2907560Z   
2025-01-13T20:01:39.2907690Z   Property "j_blue_estimator" not found
2025-01-13T20:01:39.2907820Z 
2025-01-13T20:01:39.2908130Z tardis/plasma/tests/test_complete_plasmas.py::TestPlasma::test_plasma_properties[radiative_rates_type:detailed-w_epsilon:1e-10-volume]
2025-01-13T20:01:39.2908770Z tardis/plasma/tests/test_complete_plasmas.py::TestPlasma::test_plasma_properties[radiative_rates_type:detailed-volume]
2025-01-13T20:01:39.2909330Z   /Users/runner/work/tardis/tardis/tardis/plasma/tests/test_complete_plasmas.py:197: UserWarning:
2025-01-13T20:01:39.2909670Z   
2025-01-13T20:01:39.2909790Z   Property "volume" not found
2025-01-13T20:01:39.2909910Z 
2025-01-13T20:01:39.2910210Z tardis/plasma/tests/test_complete_plasmas.py::TestPlasma::test_plasma_properties[radiative_rates_type:detailed-w_epsilon:1e-10-r_inner]
2025-01-13T20:01:39.2911040Z tardis/plasma/tests/test_complete_plasmas.py::TestPlasma::test_plasma_properties[radiative_rates_type:detailed-r_inner]
2025-01-13T20:01:39.2911600Z   /Users/runner/work/tardis/tardis/tardis/plasma/tests/test_complete_plasmas.py:197: UserWarning:
2025-01-13T20:01:39.2911930Z   
2025-01-13T20:01:39.2912050Z   Property "r_inner" not found
2025-01-13T20:01:39.2912170Z 
2025-01-13T20:01:39.2912330Z tardis/plasma/tests/test_plasma_vboundary.py::test_plasma_vboundary[2900-3750]
2025-01-13T20:01:39.2912740Z tardis/plasma/tests/test_plasma_vboundary.py::test_plasma_vboundary[2900-3850]
2025-01-13T20:01:39.2913140Z tardis/plasma/tests/test_plasma_vboundary.py::test_plasma_vboundary[2900-3900]
2025-01-13T20:01:39.2913560Z   /Users/runner/work/tardis/tardis/tardis/model/geometry/radial1d.py:71: UserWarning:
2025-01-13T20:01:39.2913970Z   
2025-01-13T20:01:39.2914200Z   Requesting inner boundary below inner shell. Extrapolating the inner cell
2025-01-13T20:01:39.2914430Z 
2025-01-13T20:01:39.2914610Z tardis/spectrum/tests/test_spectrum_solver.py::TestSpectrumSolver::test_solve
2025-01-13T20:01:39.2915010Z   /Users/runner/work/tardis/tardis/tardis/spectrum/base.py:70: UserWarning:
2025-01-13T20:01:39.2915280Z   
2025-01-13T20:01:39.2915610Z   SpectrumSolver.spectrum_virtual_packets is zero. Please run the montecarlo simulation with no_of_virtual_packets > 0
2025-01-13T20:01:39.2915930Z 
2025-01-13T20:01:39.2916100Z tardis/spectrum/tests/test_spectrum_solver.py::TestSpectrumSolver::test_solve
2025-01-13T20:01:39.2916510Z   /Users/runner/work/tardis/tardis/tardis/spectrum/base.py:111: UserWarning:
2025-01-13T20:01:39.2916940Z   
2025-01-13T20:01:39.2917290Z   SpectrumSolver.integrator: The FormalIntegrator is not yet available.Please run the montecarlo simulation at least once.
2025-01-13T20:01:39.2917640Z 
2025-01-13T20:01:39.2917810Z tardis/transport/montecarlo/tests/test_vpacket.py::test_trace_vpacket_volley
2025-01-13T20:01:39.2918140Z   <string>:3: NumbaPendingDeprecationWarning:
2025-01-13T20:01:39.2918340Z   
2025-01-13T20:01:39.2919300Z   [1m[1mCode using Numba extension API maybe depending on 'old_style' error-capturing, which is deprecated and will be replaced by 'new_style' in a future release. See details at https://numba.readthedocs.io/en/latest/reference/deprecation.html#deprecation-of-old-style-numba-captured-errors
2025-01-13T20:01:39.2920130Z   Exception origin:
2025-01-13T20:01:39.2920420Z     File "/Users/runner/micromamba/envs/tardis/lib/python3.12/inspect.py", line 3180, in _bind
2025-01-13T20:01:39.2920750Z       raise TypeError(msg) from None
2025-01-13T20:01:39.2920950Z   [0m[0m
2025-01-13T20:01:39.2921030Z 
2025-01-13T20:01:39.2921290Z tardis/visualization/tools/tests/test_sdec_plot.py::TestSDECPlotter::test_mpl_image[plotter_generate_plot_mpl4]
2025-01-13T20:01:39.2921850Z   /Users/runner/work/tardis/tardis/tardis/visualization/tools/sdec_plot.py:1225: RuntimeWarning:
2025-01-13T20:01:39.2922180Z   
2025-01-13T20:01:39.2922920Z   More than 20 figures have been opened. Figures created through the pyplot interface (`matplotlib.pyplot.figure`) are retained until explicitly closed and may consume too much memory. (To control this warning, see the rcParam `figure.max_open_warning`). Consider using `matplotlib.pyplot.close()`.
2025-01-13T20:01:39.2923660Z 
2025-01-13T20:01:39.2923980Z tardis/visualization/widgets/tests/test_custom_abundance.py::TestCustomAbundanceWidget::test_update_input_item_value
2025-01-13T20:01:39.2924750Z tardis/visualization/widgets/tests/test_custom_abundance.py::TestCustomAbundanceWidget::test_update_input_item_value
2025-01-13T20:01:39.2925430Z tardis/visualization/widgets/tests/test_custom_abundance.py::TestCustomAbundanceWidget::test_update_input_item_value
2025-01-13T20:01:39.2926190Z tardis/visualization/widgets/tests/test_custom_abundance.py::TestCustomAbundanceWidget::test_update_input_item_value
2025-01-13T20:01:39.2926830Z tardis/visualization/widgets/tests/test_custom_abundance.py::TestCustomAbundanceWidget::test_update_input_item_value
2025-01-13T20:01:39.2927840Z tardis/visualization/widgets/tests/test_custom_abundance.py::TestCustomAbundanceWidget::test_update_input_item_value
2025-01-13T20:01:39.2928480Z   /Users/runner/micromamba/envs/tardis/lib/python3.12/site-packages/traitlets/traitlets.py:1385: DeprecationWarning:
2025-01-13T20:01:39.2930340Z   
2025-01-13T20:01:39.2931200Z   Passing unrecognized arguments to super(Checkbox).__init__(icon='lock').
2025-01-13T20:01:39.2932300Z   object.__init__() takes exactly one argument (the instance to initialize)
2025-01-13T20:01:39.2946260Z   This is deprecated in traitlets 4.2.This error will be raised in a future release of traitlets.
2025-01-13T20:01:39.2946560Z 
2025-01-13T20:01:39.2947490Z tardis/visualization/widgets/tests/test_custom_abundance.py::TestCustomAbundanceWidget::test_update_input_item_value
2025-01-13T20:01:39.2948230Z tardis/visualization/widgets/tests/test_custom_abundance.py::TestCustomAbundanceWidget::test_update_input_item_value
2025-01-13T20:01:39.2948970Z   /Users/runner/micromamba/envs/tardis/lib/python3.12/site-packages/traitlets/traitlets.py:1385: DeprecationWarning:
2025-01-13T20:01:39.2949380Z   
2025-01-13T20:01:39.2949590Z   Passing unrecognized arguments to super(FloatText).__init__(min=0).
2025-01-13T20:01:39.2949950Z   object.__init__() takes exactly one argument (the instance to initialize)
2025-01-13T20:01:39.2950360Z   This is deprecated in traitlets 4.2.This error will be raised in a future release of traitlets.
2025-01-13T20:01:39.2950620Z 
2025-01-13T20:01:39.2950910Z tardis/visualization/widgets/tests/test_custom_abundance.py::TestCustomAbundanceWidget::test_update_input_item_value
2025-01-13T20:01:39.2951710Z   /Users/runner/micromamba/envs/tardis/lib/python3.12/site-packages/traitlets/traitlets.py:1385: DeprecationWarning:
2025-01-13T20:01:39.2952100Z   
2025-01-13T20:01:39.2952320Z   Passing unrecognized arguments to super(HTML).__init__(indent=True).
2025-01-13T20:01:39.2952670Z   object.__init__() takes exactly one argument (the instance to initialize)
2025-01-13T20:01:39.2953070Z   This is deprecated in traitlets 4.2.This error will be raised in a future release of traitlets.
2025-01-13T20:01:39.2953330Z 
2025-01-13T20:01:39.2953670Z tardis/visualization/widgets/tests/test_line_info.py::TestLineInfoWidgetData::test_get_species_interactions[wavelength_range0-packet_out_nu]
2025-01-13T20:01:39.2954340Z   /Users/runner/micromamba/envs/tardis/lib/python3.12/site-packages/qgridnext/grid.py:814: DeprecationWarning:
2025-01-13T20:01:39.2954710Z   
2025-01-13T20:01:39.2954960Z   QgridWidget._df_changed is deprecated in traitlets 4.1: use @observe and @unobserve instead.
2025-01-13T20:01:39.2955230Z 
2025-01-13T20:01:39.2955430Z tardis/visualization/widgets/tests/test_shell_info.py::TestHDFShellInfo::test_shells_data
2025-01-13T20:01:39.2955870Z   /Users/runner/work/tardis/tardis/tardis/io/util.py:289: PerformanceWarning:
2025-01-13T20:01:39.2956150Z   
2025-01-13T20:01:39.2956260Z   
2025-01-13T20:01:39.2956490Z   your performance may suffer as PyTables will pickle object types that it cannot
2025-01-13T20:01:39.2956920Z   map directly to c-types [inferred_type->mixed,key->block0_values] [items->Index([0], dtype='int64')]
2025-01-13T20:01:39.2957200Z 
2025-01-13T20:01:39.2957400Z tardis/visualization/widgets/tests/test_shell_info.py::TestHDFShellInfo::test_shells_data
2025-01-13T20:01:39.2957840Z   /Users/runner/work/tardis/tardis/tardis/io/util.py:292: PerformanceWarning:
2025-01-13T20:01:39.2958120Z   
2025-01-13T20:01:39.2958230Z   
2025-01-13T20:01:39.2958440Z   your performance may suffer as PyTables will pickle object types that it cannot
2025-01-13T20:01:39.2958810Z   map directly to c-types [inferred_type->mixed,key->values] [items->None]
2025-01-13T20:01:39.2959030Z 
2025-01-13T20:01:39.2959230Z tardis/visualization/widgets/tests/test_shell_info.py::TestHDFShellInfo::test_shells_data
2025-01-13T20:01:39.2959700Z   /Users/runner/work/tardis/tardis/tardis/spectrum/formal_integral.py:398: UserWarning:
2025-01-13T20:01:39.2960420Z   
2025-01-13T20:01:39.2960640Z   The number of interpolate_shells was not specified. The value was set to 80.
2025-01-13T20:01:39.2960860Z 
2025-01-13T20:01:39.2961030Z -- Docs: https://docs.pytest.org/en/stable/how-to/capture-warnings.html
2025-01-13T20:01:39.2961250Z 
2025-01-13T20:01:39.2961380Z ---------- coverage: platform darwin, python 3.12.4-final-0 ----------
2025-01-13T20:01:39.2961670Z Coverage HTML written to dir coverage_html_report
2025-01-13T20:01:39.2961900Z Coverage XML written to file coverage.xml
2025-01-13T20:01:39.2962040Z 
2025-01-13T20:01:39.2962140Z =========================== short test summary info ============================
2025-01-13T20:01:39.2962910Z FAILED tardis/opacities/tests/test_tau_sobolev.py::test_calculate_sobolev_line_opacity - FileNotFoundError: File /Users/runner/work/tardis/tardis/tardis-regression-data/test_tau_sobolev/test_calculate_sobolev_line_opacity.h5 does not exist
2025-01-13T20:01:39.2964180Z FAILED tardis/opacities/tests/test_tau_sobolev.py::test_calculate_beta_sobolevs - FileNotFoundError: [Errno 2] No such file or directory: '/Users/runner/work/tardis/tardis/tardis-regression-data/test_tau_sobolev/test_calculate_beta_sobolevs.npy'
2025-01-13T20:01:39.2965030Z = 2 failed, 1436 passed, 329 skipped, 2 deselected, 19 xfailed, 8 xpassed, 91 warnings in 811.23s (0:13:31) =
2025-01-13T20:01:41.3755410Z ##[error]Process completed with exit code 1.
