2025-02-18T22:32:03.2018022Z Requested labels: ubuntu-latest
2025-02-18T22:32:03.2018228Z Job defined at: tardis-sn/tardis/.github/workflows/tests.yml@refs/pull/2976/merge
2025-02-18T22:32:03.2018305Z Waiting for a runner to pick up this job...
2025-02-18T22:32:03.4366667Z Job is waiting for a hosted runner to come online.
2025-02-18T22:32:07.2240074Z Job is about to start running on the hosted runner: GitHub Actions 12 (hosted)
2025-02-18T22:32:09.3143386Z Current runner version: '2.322.0'
2025-02-18T22:32:09.3170797Z ##[group]Operating System
2025-02-18T22:32:09.3171661Z Ubuntu
2025-02-18T22:32:09.3172140Z 24.04.1
2025-02-18T22:32:09.3172644Z LTS
2025-02-18T22:32:09.3173162Z ##[endgroup]
2025-02-18T22:32:09.3173680Z ##[group]Runner Image
2025-02-18T22:32:09.3174220Z Image: ubuntu-24.04
2025-02-18T22:32:09.3174766Z Version: 20250209.1.0
2025-02-18T22:32:09.3175794Z Included Software: https://github.com/actions/runner-images/blob/ubuntu24/20250209.1/images/ubuntu/Ubuntu2404-Readme.md
2025-02-18T22:32:09.3177150Z Image Release: https://github.com/actions/runner-images/releases/tag/ubuntu24%2F20250209.1
2025-02-18T22:32:09.3178120Z ##[endgroup]
2025-02-18T22:32:09.3178955Z ##[group]Runner Image Provisioner
2025-02-18T22:32:09.3179624Z 2.0.422.1
2025-02-18T22:32:09.3180092Z ##[endgroup]
2025-02-18T22:32:09.3182178Z ##[group]GITHUB_TOKEN Permissions
2025-02-18T22:32:09.3184166Z Actions: read
2025-02-18T22:32:09.3184895Z Attestations: read
2025-02-18T22:32:09.3185593Z Checks: read
2025-02-18T22:32:09.3186058Z Contents: read
2025-02-18T22:32:09.3186664Z Deployments: read
2025-02-18T22:32:09.3187178Z Discussions: read
2025-02-18T22:32:09.3187648Z Issues: read
2025-02-18T22:32:09.3188207Z Metadata: read
2025-02-18T22:32:09.3188926Z Packages: read
2025-02-18T22:32:09.3189437Z Pages: read
2025-02-18T22:32:09.3190023Z PullRequests: read
2025-02-18T22:32:09.3190521Z RepositoryProjects: read
2025-02-18T22:32:09.3191085Z SecurityEvents: read
2025-02-18T22:32:09.3191673Z Statuses: read
2025-02-18T22:32:09.3192168Z ##[endgroup]
2025-02-18T22:32:09.3195040Z Secret source: None
2025-02-18T22:32:09.3195715Z Prepare workflow directory
2025-02-18T22:32:09.3814570Z Prepare all required actions
2025-02-18T22:32:09.3850898Z Getting action download info
2025-02-18T22:32:09.5884345Z ##[group]Download immutable action package 'actions/checkout@v4'
2025-02-18T22:32:09.5885565Z Version: 4.2.2
2025-02-18T22:32:09.5886517Z Digest: sha256:ccb2698953eaebd21c7bf6268a94f9c26518a7e38e27e0b83c1fe1ad049819b1
2025-02-18T22:32:09.5887547Z Source commit SHA: 11bd71901bbe5b1630ceea73d27597364c9af683
2025-02-18T22:32:09.5888148Z ##[endgroup]
2025-02-18T22:32:09.6735033Z ##[group]Download immutable action package 'actions/upload-artifact@v4'
2025-02-18T22:32:09.6735763Z Version: 4.6.0
2025-02-18T22:32:09.6736411Z Digest: sha256:bf85474c8423f9cd48bd2caf3ce5adb1711e2dfdb055b040bd36b044e4290329
2025-02-18T22:32:09.6737279Z Source commit SHA: 65c4c4a1ddee5b72f698fdd19549f0f0fb45cf08
2025-02-18T22:32:09.6737878Z ##[endgroup]
2025-02-18T22:32:09.8440155Z Complete job name: not continuum ubuntu-latest 
2025-02-18T22:32:09.9107797Z ##[group]Run actions/checkout@v4
2025-02-18T22:32:09.9108989Z with:
2025-02-18T22:32:09.9109409Z   repository: tardis-sn/tardis
2025-02-18T22:32:09.9110044Z   token: ***
2025-02-18T22:32:09.9110438Z   ssh-strict: true
2025-02-18T22:32:09.9111330Z   ssh-user: git
2025-02-18T22:32:09.9111983Z   persist-credentials: true
2025-02-18T22:32:09.9112697Z   clean: true
2025-02-18T22:32:09.9113114Z   sparse-checkout-cone-mode: true
2025-02-18T22:32:09.9113630Z   fetch-depth: 1
2025-02-18T22:32:09.9114032Z   fetch-tags: false
2025-02-18T22:32:09.9114428Z   show-progress: true
2025-02-18T22:32:09.9114863Z   lfs: false
2025-02-18T22:32:09.9115270Z   submodules: false
2025-02-18T22:32:09.9115754Z   set-safe-directory: true
2025-02-18T22:32:09.9116570Z env:
2025-02-18T22:32:09.9116933Z   CACHE_NUMBER: 0
2025-02-18T22:32:09.9118067Z   PYTEST_FLAGS: --tardis-regression-data=/home/runner/work/tardis/tardis/tardis-regression-data --cov=tardis --cov-report=xml --cov-report=html --cov-append
2025-02-18T22:32:09.9119600Z   CODECOV_TOKEN: 
2025-02-18T22:32:09.9120027Z ##[endgroup]
2025-02-18T22:32:10.1016473Z Syncing repository: tardis-sn/tardis
2025-02-18T22:32:10.1018157Z ##[group]Getting Git version info
2025-02-18T22:32:10.1019073Z Working directory is '/home/runner/work/tardis/tardis'
2025-02-18T22:32:10.1020000Z [command]/usr/bin/git version
2025-02-18T22:32:10.1101433Z git version 2.48.1
2025-02-18T22:32:10.1129386Z ##[endgroup]
2025-02-18T22:32:10.1145226Z Temporarily overriding HOME='/home/runner/work/_temp/9c7d2a48-9b36-4673-b6a1-f549365bed8c' before making global git config changes
2025-02-18T22:32:10.1147620Z Adding repository directory to the temporary git global config as a safe directory
2025-02-18T22:32:10.1152007Z [command]/usr/bin/git config --global --add safe.directory /home/runner/work/tardis/tardis
2025-02-18T22:32:10.1193835Z Deleting the contents of '/home/runner/work/tardis/tardis'
2025-02-18T22:32:10.1198227Z ##[group]Initializing the repository
2025-02-18T22:32:10.1204537Z [command]/usr/bin/git init /home/runner/work/tardis/tardis
2025-02-18T22:32:10.1276564Z hint: Using 'master' as the name for the initial branch. This default branch name
2025-02-18T22:32:10.1278141Z hint: is subject to change. To configure the initial branch name to use in all
2025-02-18T22:32:10.1279300Z hint: of your new repositories, which will suppress this warning, call:
2025-02-18T22:32:10.1280044Z hint:
2025-02-18T22:32:10.1280930Z hint: 	git config --global init.defaultBranch <name>
2025-02-18T22:32:10.1281703Z hint:
2025-02-18T22:32:10.1282412Z hint: Names commonly chosen instead of 'master' are 'main', 'trunk' and
2025-02-18T22:32:10.1284062Z hint: 'development'. The just-created branch can be renamed via this command:
2025-02-18T22:32:10.1285368Z hint:
2025-02-18T22:32:10.1286074Z hint: 	git branch -m <name>
2025-02-18T22:32:10.1287339Z Initialized empty Git repository in /home/runner/work/tardis/tardis/.git/
2025-02-18T22:32:10.1294681Z [command]/usr/bin/git remote add origin https://github.com/tardis-sn/tardis
2025-02-18T22:32:10.1326819Z ##[endgroup]
2025-02-18T22:32:10.1328035Z ##[group]Disabling automatic garbage collection
2025-02-18T22:32:10.1331926Z [command]/usr/bin/git config --local gc.auto 0
2025-02-18T22:32:10.1360612Z ##[endgroup]
2025-02-18T22:32:10.1361855Z ##[group]Setting up auth
2025-02-18T22:32:10.1368077Z [command]/usr/bin/git config --local --name-only --get-regexp core\.sshCommand
2025-02-18T22:32:10.1399053Z [command]/usr/bin/git submodule foreach --recursive sh -c "git config --local --name-only --get-regexp 'core\.sshCommand' && git config --local --unset-all 'core.sshCommand' || :"
2025-02-18T22:32:10.1698499Z [command]/usr/bin/git config --local --name-only --get-regexp http\.https\:\/\/github\.com\/\.extraheader
2025-02-18T22:32:10.1729857Z [command]/usr/bin/git submodule foreach --recursive sh -c "git config --local --name-only --get-regexp 'http\.https\:\/\/github\.com\/\.extraheader' && git config --local --unset-all 'http.https://github.com/.extraheader' || :"
2025-02-18T22:32:10.1960157Z [command]/usr/bin/git config --local http.https://github.com/.extraheader AUTHORIZATION: basic ***
2025-02-18T22:32:10.1997928Z ##[endgroup]
2025-02-18T22:32:10.1999294Z ##[group]Fetching the repository
2025-02-18T22:32:10.2007121Z [command]/usr/bin/git -c protocol.version=2 fetch --no-tags --prune --no-recurse-submodules --depth=1 origin +9222f83aa08737b1b6d0a8b1fe7caf420872813c:refs/remotes/pull/2976/merge
2025-02-18T22:32:11.9416412Z From https://github.com/tardis-sn/tardis
2025-02-18T22:32:11.9418231Z  * [new ref]         9222f83aa08737b1b6d0a8b1fe7caf420872813c -> pull/2976/merge
2025-02-18T22:32:11.9445290Z ##[endgroup]
2025-02-18T22:32:11.9446694Z ##[group]Determining the checkout info
2025-02-18T22:32:11.9448263Z ##[endgroup]
2025-02-18T22:32:11.9453948Z [command]/usr/bin/git sparse-checkout disable
2025-02-18T22:32:11.9500399Z [command]/usr/bin/git config --local --unset-all extensions.worktreeConfig
2025-02-18T22:32:11.9532893Z ##[group]Checking out the ref
2025-02-18T22:32:11.9536736Z [command]/usr/bin/git checkout --progress --force refs/remotes/pull/2976/merge
2025-02-18T22:32:12.1555752Z Note: switching to 'refs/remotes/pull/2976/merge'.
2025-02-18T22:32:12.1556855Z 
2025-02-18T22:32:12.1557659Z You are in 'detached HEAD' state. You can look around, make experimental
2025-02-18T22:32:12.1559392Z changes and commit them, and you can discard any commits you make in this
2025-02-18T22:32:12.1560582Z state without impacting any branches by switching back to a branch.
2025-02-18T22:32:12.1561596Z 
2025-02-18T22:32:12.1562100Z If you want to create a new branch to retain commits you create, you may
2025-02-18T22:32:12.1563212Z do so (now or later) by using -c with the switch command. Example:
2025-02-18T22:32:12.1563848Z 
2025-02-18T22:32:12.1564181Z   git switch -c <new-branch-name>
2025-02-18T22:32:12.1564705Z 
2025-02-18T22:32:12.1565081Z Or undo this operation with:
2025-02-18T22:32:12.1565567Z 
2025-02-18T22:32:12.1565837Z   git switch -
2025-02-18T22:32:12.1566225Z 
2025-02-18T22:32:12.1566832Z Turn off this advice by setting config variable advice.detachedHead to false
2025-02-18T22:32:12.1567679Z 
2025-02-18T22:32:12.1568863Z HEAD is now at 9222f83 Merge b49b7b67c70c3894a0eb4843a51874685843d281 into cec8b531cc56e66219fe3ca2efdbf837c008b852
2025-02-18T22:32:12.1579038Z ##[endgroup]
2025-02-18T22:32:12.1618805Z [command]/usr/bin/git log -1 --format=%H
2025-02-18T22:32:12.1642442Z 9222f83aa08737b1b6d0a8b1fe7caf420872813c
2025-02-18T22:32:12.1993400Z Prepare all required actions
2025-02-18T22:32:12.1994884Z Getting action download info
2025-02-18T22:32:12.3792168Z ##[group]Download immutable action package 'actions/cache@v4'
2025-02-18T22:32:12.3792624Z Version: 4.2.1
2025-02-18T22:32:12.3793030Z Digest: sha256:b0404c9628d43aa6855629075b28f32cadf8efc5c26198438149f78500112940
2025-02-18T22:32:12.3793566Z Source commit SHA: 0c907a75c2c80ebcb7f088228285e798b750cf8f
2025-02-18T22:32:12.3793952Z ##[endgroup]
2025-02-18T22:32:12.8009068Z ##[group]Run ./.github/actions/setup_lfs
2025-02-18T22:32:12.8009442Z with:
2025-02-18T22:32:12.8009748Z   regression-data-repo: tardis-sn/tardis-regression-data
2025-02-18T22:32:12.8010124Z   atom-data-sparse: false
2025-02-18T22:32:12.8010388Z env:
2025-02-18T22:32:12.8010606Z   CACHE_NUMBER: 0
2025-02-18T22:32:12.8011287Z   PYTEST_FLAGS: --tardis-regression-data=/home/runner/work/tardis/tardis/tardis-regression-data --cov=tardis --cov-report=xml --cov-report=html --cov-append
2025-02-18T22:32:12.8012061Z   CODECOV_TOKEN: 
2025-02-18T22:32:12.8012301Z ##[endgroup]
2025-02-18T22:32:12.8153590Z ##[group]Run actions/checkout@v4
2025-02-18T22:32:12.8153918Z with:
2025-02-18T22:32:12.8154197Z   repository: tardis-sn/tardis-regression-data
2025-02-18T22:32:12.8154547Z   path: tardis-regression-data
2025-02-18T22:32:12.8154836Z   lfs: false
2025-02-18T22:32:12.8155231Z   token: ***
2025-02-18T22:32:12.8155493Z   ssh-strict: true
2025-02-18T22:32:12.8155740Z   ssh-user: git
2025-02-18T22:32:12.8155997Z   persist-credentials: true
2025-02-18T22:32:12.8156261Z   clean: true
2025-02-18T22:32:12.8156515Z   sparse-checkout-cone-mode: true
2025-02-18T22:32:12.8156809Z   fetch-depth: 1
2025-02-18T22:32:12.8157048Z   fetch-tags: false
2025-02-18T22:32:12.8157295Z   show-progress: true
2025-02-18T22:32:12.8157549Z   submodules: false
2025-02-18T22:32:12.8157801Z   set-safe-directory: true
2025-02-18T22:32:12.8158063Z env:
2025-02-18T22:32:12.8158278Z   CACHE_NUMBER: 0
2025-02-18T22:32:12.8159107Z   PYTEST_FLAGS: --tardis-regression-data=/home/runner/work/tardis/tardis/tardis-regression-data --cov=tardis --cov-report=xml --cov-report=html --cov-append
2025-02-18T22:32:12.8159846Z   CODECOV_TOKEN: 
2025-02-18T22:32:12.8160105Z ##[endgroup]
2025-02-18T22:32:12.9095877Z Syncing repository: tardis-sn/tardis-regression-data
2025-02-18T22:32:12.9102444Z ##[group]Getting Git version info
2025-02-18T22:32:12.9103213Z Working directory is '/home/runner/work/tardis/tardis/tardis-regression-data'
2025-02-18T22:32:12.9223311Z [command]/usr/bin/git version
2025-02-18T22:32:12.9224526Z git version 2.48.1
2025-02-18T22:32:12.9237672Z ##[endgroup]
2025-02-18T22:32:12.9249857Z Temporarily overriding HOME='/home/runner/work/_temp/c598a3ae-b33b-4a31-bf87-beb6c9a20cea' before making global git config changes
2025-02-18T22:32:12.9250712Z Adding repository directory to the temporary git global config as a safe directory
2025-02-18T22:32:12.9256669Z [command]/usr/bin/git config --global --add safe.directory /home/runner/work/tardis/tardis/tardis-regression-data
2025-02-18T22:32:12.9289225Z ##[group]Initializing the repository
2025-02-18T22:32:12.9294758Z [command]/usr/bin/git init /home/runner/work/tardis/tardis/tardis-regression-data
2025-02-18T22:32:12.9332761Z hint: Using 'master' as the name for the initial branch. This default branch name
2025-02-18T22:32:12.9333810Z hint: is subject to change. To configure the initial branch name to use in all
2025-02-18T22:32:12.9334753Z hint: of your new repositories, which will suppress this warning, call:
2025-02-18T22:32:12.9335292Z hint:
2025-02-18T22:32:12.9335824Z hint: 	git config --global init.defaultBranch <name>
2025-02-18T22:32:12.9336459Z hint:
2025-02-18T22:32:12.9337072Z hint: Names commonly chosen instead of 'master' are 'main', 'trunk' and
2025-02-18T22:32:12.9338040Z hint: 'development'. The just-created branch can be renamed via this command:
2025-02-18T22:32:12.9338991Z hint:
2025-02-18T22:32:12.9339420Z hint: 	git branch -m <name>
2025-02-18T22:32:12.9340733Z Initialized empty Git repository in /home/runner/work/tardis/tardis/tardis-regression-data/.git/
2025-02-18T22:32:12.9346551Z [command]/usr/bin/git remote add origin https://github.com/tardis-sn/tardis-regression-data
2025-02-18T22:32:12.9376140Z ##[endgroup]
2025-02-18T22:32:12.9376936Z ##[group]Disabling automatic garbage collection
2025-02-18T22:32:12.9381755Z [command]/usr/bin/git config --local gc.auto 0
2025-02-18T22:32:12.9410609Z ##[endgroup]
2025-02-18T22:32:12.9411406Z ##[group]Setting up auth
2025-02-18T22:32:12.9417991Z [command]/usr/bin/git config --local --name-only --get-regexp core\.sshCommand
2025-02-18T22:32:12.9449746Z [command]/usr/bin/git submodule foreach --recursive sh -c "git config --local --name-only --get-regexp 'core\.sshCommand' && git config --local --unset-all 'core.sshCommand' || :"
2025-02-18T22:32:12.9680566Z [command]/usr/bin/git config --local --name-only --get-regexp http\.https\:\/\/github\.com\/\.extraheader
2025-02-18T22:32:12.9712208Z [command]/usr/bin/git submodule foreach --recursive sh -c "git config --local --name-only --get-regexp 'http\.https\:\/\/github\.com\/\.extraheader' && git config --local --unset-all 'http.https://github.com/.extraheader' || :"
2025-02-18T22:32:12.9941901Z [command]/usr/bin/git config --local http.https://github.com/.extraheader AUTHORIZATION: basic ***
2025-02-18T22:32:12.9980087Z ##[endgroup]
2025-02-18T22:32:12.9980965Z ##[group]Determining the default branch
2025-02-18T22:32:12.9984234Z Retrieving the default branch name
2025-02-18T22:32:13.3239213Z Default branch 'main'
2025-02-18T22:32:13.3240906Z ##[endgroup]
2025-02-18T22:32:13.3243586Z ##[group]Fetching the repository
2025-02-18T22:32:13.3248714Z [command]/usr/bin/git -c protocol.version=2 fetch --no-tags --prune --no-recurse-submodules --depth=1 origin +refs/heads/main:refs/remotes/origin/main
2025-02-18T22:32:14.1851618Z From https://github.com/tardis-sn/tardis-regression-data
2025-02-18T22:32:14.1852397Z  * [new branch]      main       -> origin/main
2025-02-18T22:32:14.1876629Z ##[endgroup]
2025-02-18T22:32:14.1877075Z ##[group]Determining the checkout info
2025-02-18T22:32:14.1877970Z ##[endgroup]
2025-02-18T22:32:14.1883220Z [command]/usr/bin/git sparse-checkout disable
2025-02-18T22:32:14.1920188Z [command]/usr/bin/git config --local --unset-all extensions.worktreeConfig
2025-02-18T22:32:14.1951001Z ##[group]Checking out the ref
2025-02-18T22:32:14.1951610Z [command]/usr/bin/git checkout --progress --force -B main refs/remotes/origin/main
2025-02-18T22:32:14.3090747Z Switched to a new branch 'main'
2025-02-18T22:32:14.3092971Z branch 'main' set up to track 'origin/main'.
2025-02-18T22:32:14.3354607Z ##[endgroup]
2025-02-18T22:32:14.3393917Z [command]/usr/bin/git log -1 --format=%H
2025-02-18T22:32:14.3416911Z 84e768462f20f09fbccc05625cdcc1d8ffbe404c
2025-02-18T22:32:14.3559271Z ##[group]Run if [ "false" == "true" ]; then
2025-02-18T22:32:14.3559667Z [36;1mif [ "false" == "true" ]; then[0m
2025-02-18T22:32:14.3559992Z [36;1m  echo "Using atom data sparse checkout"[0m
2025-02-18T22:32:14.3560672Z [36;1m  echo "atom_data/kurucz_cd23_chianti_H_He.h5" > .lfs-files-list[0m
2025-02-18T22:32:14.3560993Z [36;1melse[0m
2025-02-18T22:32:14.3561209Z [36;1m  echo "Using full repository checkout"[0m
2025-02-18T22:32:14.3561557Z [36;1m  git lfs ls-files -l | cut -d' ' -f1 | sort > .lfs-files-list[0m
2025-02-18T22:32:14.3561891Z [36;1mfi[0m
2025-02-18T22:32:14.3760031Z shell: /usr/bin/bash --noprofile --norc -e -o pipefail {0}
2025-02-18T22:32:14.3760393Z env:
2025-02-18T22:32:14.3760586Z   CACHE_NUMBER: 0
2025-02-18T22:32:14.3761188Z   PYTEST_FLAGS: --tardis-regression-data=/home/runner/work/tardis/tardis/tardis-regression-data --cov=tardis --cov-report=xml --cov-report=html --cov-append
2025-02-18T22:32:14.3761828Z   CODECOV_TOKEN: 
2025-02-18T22:32:14.3762013Z ##[endgroup]
2025-02-18T22:32:14.3864606Z Using full repository checkout
2025-02-18T22:32:14.5294065Z ##[group]Run actions/cache/restore@v4
2025-02-18T22:32:14.5294354Z with:
2025-02-18T22:32:14.5294569Z   path: tardis-regression-data/.git/lfs
2025-02-18T22:32:14.5295530Z   key: tardis-regression-full-data-c8ff2bbb6048b3f24d3f52a1e85b013ad47e52c369a6ce4cfdeff528b659b86f-tardis-sn/tardis-regression-data-v1
2025-02-18T22:32:14.5296252Z   fail-on-cache-miss: true
2025-02-18T22:32:14.5296503Z   enableCrossOsArchive: false
2025-02-18T22:32:14.5296744Z   lookup-only: false
2025-02-18T22:32:14.5296950Z env:
2025-02-18T22:32:14.5297130Z   CACHE_NUMBER: 0
2025-02-18T22:32:14.5297793Z   PYTEST_FLAGS: --tardis-regression-data=/home/runner/work/tardis/tardis/tardis-regression-data --cov=tardis --cov-report=xml --cov-report=html --cov-append
2025-02-18T22:32:14.5298751Z   CODECOV_TOKEN: 
2025-02-18T22:32:14.5298948Z ##[endgroup]
2025-02-18T22:32:14.9055878Z Cache hit for: tardis-regression-full-data-c8ff2bbb6048b3f24d3f52a1e85b013ad47e52c369a6ce4cfdeff528b659b86f-tardis-sn/tardis-regression-data-v1
2025-02-18T22:32:16.2045200Z Received 25165824 of 2161656325 (1.2%), 24.0 MBs/sec
2025-02-18T22:32:17.2049705Z Received 134217728 of 2161656325 (6.2%), 64.0 MBs/sec
2025-02-18T22:32:18.2863763Z Received 268435456 of 2161656325 (12.4%), 83.1 MBs/sec
2025-02-18T22:32:19.2873110Z Received 398458880 of 2161656325 (18.4%), 93.1 MBs/sec
2025-02-18T22:32:20.2873651Z Received 511705088 of 2161656325 (23.7%), 96.0 MBs/sec
2025-02-18T22:32:21.2875729Z Received 620756992 of 2161656325 (28.7%), 97.3 MBs/sec
2025-02-18T22:32:22.2896841Z Received 750780416 of 2161656325 (34.7%), 101.1 MBs/sec
2025-02-18T22:32:23.2901892Z Received 859832320 of 2161656325 (39.8%), 101.4 MBs/sec
2025-02-18T22:32:24.2907344Z Received 977272832 of 2161656325 (45.2%), 102.6 MBs/sec
2025-02-18T22:32:25.2911635Z Received 1086324736 of 2161656325 (50.3%), 102.7 MBs/sec
2025-02-18T22:32:26.2922750Z Received 1207959552 of 2161656325 (55.9%), 103.9 MBs/sec
2025-02-18T22:32:27.3466626Z Received 1342177280 of 2161656325 (62.1%), 105.4 MBs/sec
2025-02-18T22:32:28.4211334Z Received 1476395008 of 2161656325 (68.3%), 106.5 MBs/sec
2025-02-18T22:32:29.4196532Z Received 1598029824 of 2161656325 (73.9%), 107.2 MBs/sec
2025-02-18T22:32:30.4213450Z Received 1711276032 of 2161656325 (79.2%), 107.2 MBs/sec
2025-02-18T22:32:31.4218205Z Received 1824522240 of 2161656325 (84.4%), 107.3 MBs/sec
2025-02-18T22:32:32.4268829Z Received 1954545664 of 2161656325 (90.4%), 108.2 MBs/sec
2025-02-18T22:32:33.4260668Z Received 2076180480 of 2161656325 (96.0%), 108.7 MBs/sec
2025-02-18T22:32:34.2918210Z Received 2161656325 of 2161656325 (100.0%), 108.0 MBs/sec
2025-02-18T22:32:34.2921073Z Cache Size: ~2062 MB (2161656325 B)
2025-02-18T22:32:34.2965172Z [command]/usr/bin/tar -xf /home/runner/work/_temp/301cf59f-8924-4160-9399-19627d73cedf/cache.tzst -P -C /home/runner/work/tardis/tardis --use-compress-program unzstd
2025-02-18T22:32:44.3063898Z Cache restored successfully
2025-02-18T22:32:44.8764476Z Cache restored from key: tardis-regression-full-data-c8ff2bbb6048b3f24d3f52a1e85b013ad47e52c369a6ce4cfdeff528b659b86f-tardis-sn/tardis-regression-data-v1
2025-02-18T22:32:44.8907899Z ##[group]Run git lfs checkout
2025-02-18T22:32:44.8908174Z [36;1mgit lfs checkout[0m
2025-02-18T22:32:44.8962818Z shell: /usr/bin/bash --noprofile --norc -e -o pipefail {0}
2025-02-18T22:32:44.8963127Z env:
2025-02-18T22:32:44.8963310Z   CACHE_NUMBER: 0
2025-02-18T22:32:44.8963903Z   PYTEST_FLAGS: --tardis-regression-data=/home/runner/work/tardis/tardis/tardis-regression-data --cov=tardis --cov-report=xml --cov-report=html --cov-append
2025-02-18T22:32:44.8964519Z   CODECOV_TOKEN: 
2025-02-18T22:32:44.8964706Z ##[endgroup]
2025-02-18T22:33:04.7284765Z Checking out LFS objects: 100% (204/204), 5.7 GB | 259 MB/s, done.
2025-02-18T22:33:08.1946271Z Prepare all required actions
2025-02-18T22:33:08.1946608Z Getting action download info
2025-02-18T22:33:08.3471770Z Download action repository 'mamba-org/setup-micromamba@v1' (SHA:4b9113af4fba0e9e1124b252dd6497a419e7396d)
2025-02-18T22:33:09.2628181Z ##[group]Run ./.github/actions/setup_env
2025-02-18T22:33:09.2628642Z with:
2025-02-18T22:33:09.2628831Z   os-label: linux-64
2025-02-18T22:33:09.2629019Z env:
2025-02-18T22:33:09.2629198Z   CACHE_NUMBER: 0
2025-02-18T22:33:09.2629794Z   PYTEST_FLAGS: --tardis-regression-data=/home/runner/work/tardis/tardis/tardis-regression-data --cov=tardis --cov-report=xml --cov-report=html --cov-append
2025-02-18T22:33:09.2630411Z   CODECOV_TOKEN: 
2025-02-18T22:33:09.2630591Z ##[endgroup]
2025-02-18T22:33:09.2651471Z ##[group]Run file_hash=$(cat conda-linux-64.lock | shasum -a 256 | cut -d' ' -f1)
2025-02-18T22:33:09.2651977Z [36;1mfile_hash=$(cat conda-linux-64.lock | shasum -a 256 | cut -d' ' -f1)[0m
2025-02-18T22:33:09.2652540Z [36;1mecho "file_hash=tardis-conda-env-linux-64-${file_hash}-v1" >> "${GITHUB_OUTPUT}"[0m
2025-02-18T22:33:09.2708060Z shell: /usr/bin/bash --noprofile --norc -e -o pipefail {0}
2025-02-18T22:33:09.2708479Z env:
2025-02-18T22:33:09.2708661Z   CACHE_NUMBER: 0
2025-02-18T22:33:09.2709265Z   PYTEST_FLAGS: --tardis-regression-data=/home/runner/work/tardis/tardis/tardis-regression-data --cov=tardis --cov-report=xml --cov-report=html --cov-append
2025-02-18T22:33:09.2709927Z   CODECOV_TOKEN: 
2025-02-18T22:33:09.2710117Z ##[endgroup]
2025-02-18T22:33:09.3126805Z ##[group]Run mamba-org/setup-micromamba@v1
2025-02-18T22:33:09.3127055Z with:
2025-02-18T22:33:09.3127252Z   environment-file: conda-linux-64.lock
2025-02-18T22:33:09.3127797Z   cache-environment-key: tardis-conda-env-linux-64-d7cd390425b0fd3cf82649dcc003efba9915fb4928f15d342148c3ccffcbe2ee-v1
2025-02-18T22:33:09.3128909Z   cache-downloads-key: tardis-conda-env-linux-64-d7cd390425b0fd3cf82649dcc003efba9915fb4928f15d342148c3ccffcbe2ee-v1
2025-02-18T22:33:09.3129445Z   environment-name: tardis
2025-02-18T22:33:09.3129668Z   cache-environment: true
2025-02-18T22:33:09.3129877Z   cache-downloads: true
2025-02-18T22:33:09.3130075Z env:
2025-02-18T22:33:09.3130244Z   CACHE_NUMBER: 0
2025-02-18T22:33:09.3130833Z   PYTEST_FLAGS: --tardis-regression-data=/home/runner/work/tardis/tardis/tardis-regression-data --cov=tardis --cov-report=xml --cov-report=html --cov-append
2025-02-18T22:33:09.3131483Z   CODECOV_TOKEN: 
2025-02-18T22:33:09.3131678Z ##[endgroup]
2025-02-18T22:33:09.4604408Z Will download micromamba to /home/runner/micromamba-bin/micromamba
2025-02-18T22:33:09.4624900Z ##[group]Install micromamba
2025-02-18T22:33:09.9135363Z micromamba installed to /home/runner/micromamba-bin/micromamba
2025-02-18T22:33:09.9136178Z ##[endgroup]
2025-02-18T22:33:09.9136907Z Adding conda-forge to condarc channels ...
2025-02-18T22:33:09.9147063Z ##[group]Initialize micromamba for bash.
2025-02-18T22:33:09.9163487Z [command]/home/runner/micromamba-bin/micromamba shell init -s bash -r /home/runner/micromamba --log-level warning --rc-file /home/runner/work/_temp/setup-micromamba/.condarc
2025-02-18T22:33:09.9275295Z Modifying RC file "/home/runner/.bashrc"
2025-02-18T22:33:09.9276213Z Generating config for root prefix [1m"/home/runner/micromamba"[0m
2025-02-18T22:33:09.9277033Z Setting mamba executable to: [1m"/home/runner/micromamba-bin/micromamba"[0m
2025-02-18T22:33:09.9277773Z Adding (or replacing) the following in your "/home/runner/.bashrc" file
2025-02-18T22:33:09.9278723Z 
2025-02-18T22:33:09.9278862Z # >>> mamba initialize >>>
2025-02-18T22:33:09.9279322Z # !! Contents within this block are managed by 'mamba init' !!
2025-02-18T22:33:09.9279932Z export MAMBA_EXE='/home/runner/micromamba-bin/micromamba';
2025-02-18T22:33:09.9280502Z export MAMBA_ROOT_PREFIX='/home/runner/micromamba';
2025-02-18T22:33:09.9281280Z __mamba_setup="$("$MAMBA_EXE" shell hook --shell bash --root-prefix "$MAMBA_ROOT_PREFIX" 2> /dev/null)"
2025-02-18T22:33:09.9281961Z if [ $? -eq 0 ]; then
2025-02-18T22:33:09.9282538Z     eval "$__mamba_setup"
2025-02-18T22:33:09.9282877Z else
2025-02-18T22:33:09.9283315Z     alias micromamba="$MAMBA_EXE"  # Fallback on help from mamba activate
2025-02-18T22:33:09.9283845Z fi
2025-02-18T22:33:09.9284108Z unset __mamba_setup
2025-02-18T22:33:09.9284309Z # <<< mamba initialize <<<
2025-02-18T22:33:09.9284440Z 
2025-02-18T22:33:09.9294607Z Moving mamba initialize block to .bash_profile
2025-02-18T22:33:09.9306271Z ##[endgroup]
2025-02-18T22:33:09.9307689Z ##[group]Restoring downloads from `/home/runner/micromamba/pkgs` ...
2025-02-18T22:33:11.4660878Z Received 29360128 of 356815776 (8.2%), 28.0 MBs/sec
2025-02-18T22:33:12.4670187Z Received 192937984 of 356815776 (54.1%), 91.9 MBs/sec
2025-02-18T22:33:13.4556146Z Cache Size: ~340 MB (356815776 B)
2025-02-18T22:33:13.4591762Z [command]/usr/bin/tar -xf /home/runner/work/_temp/6cbc4972-15cd-47d3-9cb7-e7f6a5b420d8/cache.tzst -P -C /home/runner/work/tardis/tardis --use-compress-program unzstd
2025-02-18T22:33:13.4668910Z Received 356815776 of 356815776 (100.0%), 113.4 MBs/sec
2025-02-18T22:33:13.9286363Z Cache restored successfully
2025-02-18T22:33:14.0031398Z Restored cache with key `tardis-conda-env-linux-64-d7cd390425b0fd3cf82649dcc003efba9915fb4928f15d342148c3ccffcbe2ee-v1-linux-64`
2025-02-18T22:33:14.0032920Z ##[endgroup]
2025-02-18T22:33:14.0043588Z ##[group]Restoring environment `tardis` from `/home/runner/micromamba/envs/tardis` ...
2025-02-18T22:33:15.3368631Z Received 33554432 of 444032293 (7.6%), 32.0 MBs/sec
2025-02-18T22:33:16.3390152Z Received 201326592 of 444032293 (45.3%), 96.0 MBs/sec
2025-02-18T22:33:17.3379903Z Received 356515840 of 444032293 (80.3%), 113.3 MBs/sec
2025-02-18T22:33:17.7994327Z Cache Size: ~423 MB (444032293 B)
2025-02-18T22:33:17.8032296Z [command]/usr/bin/tar -xf /home/runner/work/_temp/34bb42cf-a948-4bb9-8a13-5e9a751da9be/cache.tzst -P -C /home/runner/work/tardis/tardis --use-compress-program unzstd
2025-02-18T22:33:18.3383377Z Received 444032293 of 444032293 (100.0%), 105.8 MBs/sec
2025-02-18T22:33:23.1856337Z Cache restored successfully
2025-02-18T22:33:23.2617813Z Restored cache with key `tardis-conda-env-linux-64-d7cd390425b0fd3cf82649dcc003efba9915fb4928f15d342148c3ccffcbe2ee-v1-linux-64-tardis-args-4f53cda-root-dcc80ee-bin-[object Promise]-file-d7cd390425b0fd3cf82649dcc003efba9915fb4928f15d342148c3ccffcbe2ee`
2025-02-18T22:33:23.2619882Z ##[endgroup]
2025-02-18T22:33:23.2620236Z Adding environment tardis to auto-activate bash ...
2025-02-18T22:33:23.2628133Z Generating micromamba run shell.
2025-02-18T22:33:23.2636678Z ##[endgroup]
2025-02-18T22:33:23.2642521Z Set environment variables.
2025-02-18T22:33:23.2646240Z ##[group]micromamba info
2025-02-18T22:33:23.2649496Z [command]/home/runner/micromamba-bin/micromamba info -r /home/runner/micromamba -n tardis
2025-02-18T22:33:23.2878776Z 
2025-02-18T22:33:23.2879137Z        libmamba version : 1.5.10
2025-02-18T22:33:23.2879617Z      micromamba version : 1.5.10
2025-02-18T22:33:23.2880337Z            curl version : libcurl/8.10.1 OpenSSL/3.3.2 zlib/1.3.1 zstd/1.5.6 libssh2/1.11.0 nghttp2/1.58.0
2025-02-18T22:33:23.2881268Z      libarchive version : libarchive 3.7.4 zlib/1.2.13 bz2lib/1.0.8 libzstd/1.5.6
2025-02-18T22:33:23.2881964Z        envs directories : /home/runner/micromamba/envs
2025-02-18T22:33:23.2882525Z           package cache : /home/runner/micromamba/pkgs
2025-02-18T22:33:23.2883013Z                           /home/runner/.mamba/pkgs
2025-02-18T22:33:23.2883474Z             environment : tardis
2025-02-18T22:33:23.2884335Z            env location : /home/runner/micromamba/envs/tardis
2025-02-18T22:33:23.2884891Z       user config files : /home/runner/.mambarc
2025-02-18T22:33:23.2885521Z  populated config files : /home/runner/work/_temp/setup-micromamba/.condarc
2025-02-18T22:33:23.2886149Z        virtual packages : __unix=0=0
2025-02-18T22:33:23.2886556Z                           __linux=6.8.0=0
2025-02-18T22:33:23.2886968Z                           __glibc=2.39=0
2025-02-18T22:33:23.2887405Z                           __archspec=1=x86_64_v3
2025-02-18T22:33:23.2888242Z                channels : https://conda.anaconda.org/conda-forge/linux-64
2025-02-18T22:33:23.2889137Z                           https://conda.anaconda.org/conda-forge/noarch
2025-02-18T22:33:23.2889677Z        base environment : /home/runner/micromamba
2025-02-18T22:33:23.2890130Z                platform : linux-64
2025-02-18T22:33:23.2897614Z ##[endgroup]
2025-02-18T22:33:23.2898181Z ##[group]micromamba list
2025-02-18T22:33:23.2900901Z [command]/home/runner/micromamba-bin/micromamba list -r /home/runner/micromamba -n tardis
2025-02-18T22:33:23.6756574Z List of packages in environment: "/home/runner/micromamba/envs/tardis"
2025-02-18T22:33:23.6757090Z 
2025-02-18T22:33:23.6757340Z   Name                           Version              Build                    Channel    
2025-02-18T22:33:23.6758556Z â”€â”€â”€â”€â”€â”€â”€â”€â”€â”€â”€â”€â”€â”€â”€â”€â”€â”€â”€â”€â”€â”€â”€â”€â”€â”€â”€â”€â”€â”€â”€â”€â”€â”€â”€â”€â”€â”€â”€â”€â”€â”€â”€â”€â”€â”€â”€â”€â”€â”€â”€â”€â”€â”€â”€â”€â”€â”€â”€â”€â”€â”€â”€â”€â”€â”€â”€â”€â”€â”€â”€â”€â”€â”€â”€â”€â”€â”€â”€â”€â”€â”€â”€â”€â”€â”€â”€â”€â”€â”€â”€â”€
2025-02-18T22:33:23.6759270Z   _libgcc_mutex                  0.1                  conda_forge              conda-forge
2025-02-18T22:33:23.6759868Z   _openmp_mutex                  4.5                  2_gnu                    conda-forge
2025-02-18T22:33:23.6760463Z   alabaster                      0.7.16               pyhd8ed1ab_0             conda-forge
2025-02-18T22:33:23.6761027Z   anyio                          4.4.0                pyhd8ed1ab_0             conda-forge
2025-02-18T22:33:23.6761579Z   argon2-cffi                    23.1.0               pyhd8ed1ab_0             conda-forge
2025-02-18T22:33:23.6762297Z   argon2-cffi-bindings           21.2.0               py312h98912ed_4          conda-forge
2025-02-18T22:33:23.6762873Z   arrow                          1.3.0                pyhd8ed1ab_0             conda-forge
2025-02-18T22:33:23.6763398Z   astropy                        6.1.1                py312h085067d_0          conda-forge
2025-02-18T22:33:23.6764138Z   astropy-iers-data              0.2024.6.17.0.31.35  pyhd8ed1ab_0             conda-forge
2025-02-18T22:33:23.6764897Z   astropy-sphinx-theme           1.1                  pyhd8ed1ab_0             conda-forge
2025-02-18T22:33:23.6765531Z   asttokens                      2.4.1                pyhd8ed1ab_0             conda-forge
2025-02-18T22:33:23.6766122Z   async-lru                      2.0.4                pyhd8ed1ab_0             conda-forge
2025-02-18T22:33:23.6766678Z   atk-1.0                        2.38.0               h04ea711_2               conda-forge
2025-02-18T22:33:23.6767202Z   attrs                          23.2.0               pyh71513ae_0             conda-forge
2025-02-18T22:33:23.6767707Z   babel                          2.14.0               pyhd8ed1ab_0             conda-forge
2025-02-18T22:33:23.6768268Z   beautifulsoup4                 4.12.3               pyha770c72_0             conda-forge
2025-02-18T22:33:23.6769150Z   bleach                         6.1.0                pyhd8ed1ab_0             conda-forge
2025-02-18T22:33:23.6769733Z   blosc                          1.21.5               hc2324a3_1               conda-forge
2025-02-18T22:33:23.6770255Z   brotli                         1.1.0                hd590300_1               conda-forge
2025-02-18T22:33:23.6770800Z   brotli-bin                     1.1.0                hd590300_1               conda-forge
2025-02-18T22:33:23.6771407Z   brotli-python                  1.1.0                py312h30efb56_1          conda-forge
2025-02-18T22:33:23.6771999Z   bzip2                          1.0.8                hd590300_5               conda-forge
2025-02-18T22:33:23.6772920Z   c-ares                         1.28.1               hd590300_0               conda-forge
2025-02-18T22:33:23.6773471Z   c-blosc2                       2.14.4               hb4ffafa_1               conda-forge
2025-02-18T22:33:23.6774072Z   ca-certificates                2024.6.2             hbcca054_0               conda-forge
2025-02-18T22:33:23.6774718Z   cached-property                1.5.2                hd8ed1ab_1               conda-forge
2025-02-18T22:33:23.6775529Z   cached_property                1.5.2                pyha770c72_1             conda-forge
2025-02-18T22:33:23.6776116Z   cairo                          1.18.0               h3faef2a_0               conda-forge
2025-02-18T22:33:23.6776675Z   certifi                        2024.6.2             pyhd8ed1ab_0             conda-forge
2025-02-18T22:33:23.6777241Z   cffi                           1.16.0               py312hf06ca03_0          conda-forge
2025-02-18T22:33:23.6777857Z   charset-normalizer             3.3.2                pyhd8ed1ab_0             conda-forge
2025-02-18T22:33:23.6778662Z   click                          8.1.7                unix_pyh707e725_0        conda-forge
2025-02-18T22:33:23.6779241Z   codespell                      2.3.0                pyhd8ed1ab_0             conda-forge
2025-02-18T22:33:23.6779843Z   colorama                       0.4.6                pyhd8ed1ab_0             conda-forge
2025-02-18T22:33:23.6780422Z   comm                           0.2.2                pyhd8ed1ab_0             conda-forge
2025-02-18T22:33:23.6780997Z   commonmark                     0.9.1                py_0                     conda-forge
2025-02-18T22:33:23.6781600Z   contourpy                      1.2.1                py312h8572e83_0          conda-forge
2025-02-18T22:33:23.6782193Z   coverage                       7.5.3                py312h9a8786e_0          conda-forge
2025-02-18T22:33:23.6782771Z   cycler                         0.12.1               pyhd8ed1ab_0             conda-forge
2025-02-18T22:33:23.6783364Z   dataclasses                    0.8                  pyhc8e2a94_3             conda-forge
2025-02-18T22:33:23.6783930Z   debugpy                        1.8.1                py312h30efb56_0          conda-forge
2025-02-18T22:33:23.6784518Z   decorator                      5.1.1                pyhd8ed1ab_0             conda-forge
2025-02-18T22:33:23.6785144Z   defusedxml                     0.7.1                pyhd8ed1ab_0             conda-forge
2025-02-18T22:33:23.6785768Z   docutils                       0.20.1               py312h7900ff3_3          conda-forge
2025-02-18T22:33:23.6786363Z   dot2tex                        2.11.3               pyhd8ed1ab_0             conda-forge
2025-02-18T22:33:23.6786966Z   entrypoints                    0.4                  pyhd8ed1ab_0             conda-forge
2025-02-18T22:33:23.6787626Z   exceptiongroup                 1.2.0                pyhd8ed1ab_2             conda-forge
2025-02-18T22:33:23.6788270Z   executing                      2.0.1                pyhd8ed1ab_0             conda-forge
2025-02-18T22:33:23.6789004Z   expat                          2.6.2                h59595ed_0               conda-forge
2025-02-18T22:33:23.6789674Z   font-ttf-dejavu-sans-mono      2.37                 hab24e00_0               conda-forge
2025-02-18T22:33:23.6790422Z   font-ttf-inconsolata           3.000                h77eed37_0               conda-forge
2025-02-18T22:33:23.6791160Z   font-ttf-source-code-pro       2.038                h77eed37_0               conda-forge
2025-02-18T22:33:23.6791864Z   font-ttf-ubuntu                0.83                 h77eed37_2               conda-forge
2025-02-18T22:33:23.6792511Z   fontconfig                     2.14.2               h14ed4e7_0               conda-forge
2025-02-18T22:33:23.6793189Z   fonts-conda-ecosystem          1                    0                        conda-forge
2025-02-18T22:33:23.6793877Z   fonts-conda-forge              1                    0                        conda-forge
2025-02-18T22:33:23.6794686Z   fonttools                      4.53.0               py312h9a8786e_0          conda-forge
2025-02-18T22:33:23.6795281Z   fqdn                           1.5.1                pyhd8ed1ab_0             conda-forge
2025-02-18T22:33:23.6795859Z   freetype                       2.12.1               h267a509_2               conda-forge
2025-02-18T22:33:23.6796454Z   fribidi                        1.0.10               h36c2ea0_0               conda-forge
2025-02-18T22:33:23.6797183Z   future                         1.0.0                pyhd8ed1ab_0             conda-forge
2025-02-18T22:33:23.6797749Z   gdk-pixbuf                     2.42.12              hb9ae30d_0               conda-forge
2025-02-18T22:33:23.6798206Z   giflib                         5.2.2                hd590300_0               conda-forge
2025-02-18T22:33:23.6798737Z   git-lfs                        3.5.1                ha770c72_0               conda-forge
2025-02-18T22:33:23.6799081Z   gmp                            6.3.0                h59595ed_1               conda-forge
2025-02-18T22:33:23.6799433Z   gmpy2                          2.1.5                py312h1d5cde6_1          conda-forge
2025-02-18T22:33:23.6799773Z   graphite2                      1.3.13               h59595ed_1003            conda-forge
2025-02-18T22:33:23.6800124Z   graphviz                       11.0.0               hc68bbd7_0               conda-forge
2025-02-18T22:33:23.6800455Z   gtk2                           2.24.33              h280cfa0_4               conda-forge
2025-02-18T22:33:23.6800793Z   gts                            0.7.6                h977cf35_4               conda-forge
2025-02-18T22:33:23.6801106Z   h11                            0.14.0               pyhd8ed1ab_0             conda-forge
2025-02-18T22:33:23.6801420Z   h2                             4.1.0                pyhd8ed1ab_0             conda-forge
2025-02-18T22:33:23.6801966Z   h5py                           3.11.0               nompi_py312hb7ab980_102  conda-forge
2025-02-18T22:33:23.6802553Z   harfbuzz                       8.5.0                hfac3d4d_0               conda-forge
2025-02-18T22:33:23.6802900Z   hdf5                           1.14.3               nompi_hdf9ad27_105       conda-forge
2025-02-18T22:33:23.6803228Z   hpack                          4.0.0                pyh9f0ad1d_0             conda-forge
2025-02-18T22:33:23.6803564Z   httpcore                       1.0.5                pyhd8ed1ab_0             conda-forge
2025-02-18T22:33:23.6804172Z   httpx                          0.27.0               pyhd8ed1ab_0             conda-forge
2025-02-18T22:33:23.6805213Z   hyperframe                     6.0.1                pyhd8ed1ab_0             conda-forge
2025-02-18T22:33:23.6805646Z   icu                            73.2                 h59595ed_0               conda-forge
2025-02-18T22:33:23.6806015Z   idna                           3.7                  pyhd8ed1ab_0             conda-forge
2025-02-18T22:33:23.6806584Z   imagesize                      1.4.1                pyhd8ed1ab_0             conda-forge
2025-02-18T22:33:23.6807237Z   importlib-metadata             7.1.0                pyha770c72_0             conda-forge
2025-02-18T22:33:23.6807941Z   importlib_metadata             7.1.0                hd8ed1ab_0               conda-forge
2025-02-18T22:33:23.6808811Z   importlib_resources            6.4.0                pyhd8ed1ab_0             conda-forge
2025-02-18T22:33:23.6809206Z   iniconfig                      2.0.0                pyhd8ed1ab_0             conda-forge
2025-02-18T22:33:23.6809583Z   ipykernel                      6.29.4               pyh3099207_0             conda-forge
2025-02-18T22:33:23.6809940Z   ipython                        8.25.0               pyh707e725_0             conda-forge
2025-02-18T22:33:23.6810309Z   ipython_genutils               0.2.0                pyhd8ed1ab_1             conda-forge
2025-02-18T22:33:23.6810683Z   ipywidgets                     7.8.0                pyhd8ed1ab_0             conda-forge
2025-02-18T22:33:23.6811231Z   isoduration                    20.11.0              pyhd8ed1ab_0             conda-forge
2025-02-18T22:33:23.6811585Z   jedi                           0.19.1               pyhd8ed1ab_0             conda-forge
2025-02-18T22:33:23.6811915Z   jinja2                         3.1.4                pyhd8ed1ab_0             conda-forge
2025-02-18T22:33:23.6812248Z   json5                          0.9.25               pyhd8ed1ab_0             conda-forge
2025-02-18T22:33:23.6812703Z   jsonpointer                    3.0.0                py312h7900ff3_0          conda-forge
2025-02-18T22:33:23.6813075Z   jsonschema                     4.22.0               pyhd8ed1ab_0             conda-forge
2025-02-18T22:33:23.6813501Z   jsonschema-specifications      2023.12.1            pyhd8ed1ab_0             conda-forge
2025-02-18T22:33:23.6813987Z   jsonschema-with-format-nongpl  4.22.0               pyhd8ed1ab_0             conda-forge
2025-02-18T22:33:23.6814415Z   jupyter-lsp                    2.2.5                pyhd8ed1ab_0             conda-forge
2025-02-18T22:33:23.6814793Z   jupyter_client                 8.6.2                pyhd8ed1ab_0             conda-forge
2025-02-18T22:33:23.6815161Z   jupyter_core                   5.7.2                py312h7900ff3_0          conda-forge
2025-02-18T22:33:23.6815524Z   jupyter_events                 0.10.0               pyhd8ed1ab_0             conda-forge
2025-02-18T22:33:23.6815898Z   jupyter_server                 2.14.1               pyhd8ed1ab_0             conda-forge
2025-02-18T22:33:23.6816342Z   jupyter_server_terminals       0.5.3                pyhd8ed1ab_0             conda-forge
2025-02-18T22:33:23.6816738Z   jupyterlab                     4.2.2                pyhd8ed1ab_0             conda-forge
2025-02-18T22:33:23.6817121Z   jupyterlab_pygments            0.3.0                pyhd8ed1ab_1             conda-forge
2025-02-18T22:33:23.6817525Z   jupyterlab_server              2.27.2               pyhd8ed1ab_0             conda-forge
2025-02-18T22:33:23.6817930Z   jupyterlab_widgets             1.1.7                pyhd8ed1ab_0             conda-forge
2025-02-18T22:33:23.6818299Z   keyutils                       1.6.1                h166bdaf_0               conda-forge
2025-02-18T22:33:23.6818844Z   kiwisolver                     1.4.5                py312h8572e83_1          conda-forge
2025-02-18T22:33:23.6819183Z   krb5                           1.21.2               h659d440_0               conda-forge
2025-02-18T22:33:23.6819521Z   latexcodec                     2.0.1                pyh9f0ad1d_0             conda-forge
2025-02-18T22:33:23.6819861Z   lcms2                          2.16                 hb7c19ff_0               conda-forge
2025-02-18T22:33:23.6820200Z   ld_impl_linux-64               2.40                 hf3520f5_7               conda-forge
2025-02-18T22:33:23.6820536Z   lerc                           4.0.0                h27087fc_0               conda-forge
2025-02-18T22:33:23.6820852Z   libaec                         1.1.3                h59595ed_0               conda-forge
2025-02-18T22:33:23.6821197Z   libblas                        3.9.0                22_linux64_openblas      conda-forge
2025-02-18T22:33:23.6821564Z   libbrotlicommon                1.1.0                hd590300_1               conda-forge
2025-02-18T22:33:23.6821945Z   libbrotlidec                   1.1.0                hd590300_1               conda-forge
2025-02-18T22:33:23.6822310Z   libbrotlienc                   1.1.0                hd590300_1               conda-forge
2025-02-18T22:33:23.6822678Z   libcblas                       3.9.0                22_linux64_openblas      conda-forge
2025-02-18T22:33:23.6823021Z   libcurl                        8.8.0                hca28451_0               conda-forge
2025-02-18T22:33:23.6823367Z   libdeflate                     1.20                 hd590300_0               conda-forge
2025-02-18T22:33:23.6823720Z   libedit                        3.1.20191231         he28a2e2_2               conda-forge
2025-02-18T22:33:23.6824213Z   libev                          4.33                 hd590300_2               conda-forge
2025-02-18T22:33:23.6824542Z   libexpat                       2.6.2                h59595ed_0               conda-forge
2025-02-18T22:33:23.6824988Z   libffi                         3.4.2                h7f98852_5               conda-forge
2025-02-18T22:33:23.6825359Z   libgcc-ng                      13.2.0               h77fa898_10              conda-forge
2025-02-18T22:33:23.6825806Z   libgd                          2.3.3                h119a65a_9               conda-forge
2025-02-18T22:33:23.6826179Z   libgfortran-ng                 13.2.0               h69a702a_10              conda-forge
2025-02-18T22:33:23.6826556Z   libgfortran5                   13.2.0               h3d2ce59_10              conda-forge
2025-02-18T22:33:23.6826914Z   libglib                        2.80.2               h8a4344b_1               conda-forge
2025-02-18T22:33:23.6827251Z   libgomp                        13.2.0               h77fa898_10              conda-forge
2025-02-18T22:33:23.6827595Z   libiconv                       1.17                 hd590300_2               conda-forge
2025-02-18T22:33:23.6827949Z   libjpeg-turbo                  3.0.0                hd590300_1               conda-forge
2025-02-18T22:33:23.6828465Z   liblapack                      3.9.0                22_linux64_openblas      conda-forge
2025-02-18T22:33:23.6828847Z   libllvm14                      14.0.6               hcd5def8_4               conda-forge
2025-02-18T22:33:23.6829219Z   libnghttp2                     1.58.0               h47da74e_1               conda-forge
2025-02-18T22:33:23.6829565Z   libnsl                         2.0.1                hd590300_0               conda-forge
2025-02-18T22:33:23.6829925Z   libopenblas                    0.3.27               pthreads_h413a1c8_0      conda-forge
2025-02-18T22:33:23.6830281Z   libpng                         1.6.43               h2797004_0               conda-forge
2025-02-18T22:33:23.6830711Z   librsvg                        2.58.1               hadf69e7_0               conda-forge
2025-02-18T22:33:23.6831060Z   libsodium                      1.0.18               h36c2ea0_1               conda-forge
2025-02-18T22:33:23.6831410Z   libsqlite                      3.46.0               hde9e2c9_0               conda-forge
2025-02-18T22:33:23.6831776Z   libssh2                        1.11.0               h0841786_0               conda-forge
2025-02-18T22:33:23.6832141Z   libstdcxx-ng                   13.2.0               hc0a3c3a_10              conda-forge
2025-02-18T22:33:23.6832499Z   libtiff                        4.6.0                h1dd3fc0_3               conda-forge
2025-02-18T22:33:23.6832836Z   libuuid                        2.38.1               h0b41bf4_0               conda-forge
2025-02-18T22:33:23.6833177Z   libwebp                        1.4.0                h2c329e2_0               conda-forge
2025-02-18T22:33:23.6833540Z   libwebp-base                   1.4.0                hd590300_0               conda-forge
2025-02-18T22:33:23.6833899Z   libxcb                         1.15                 h0b41bf4_0               conda-forge
2025-02-18T22:33:23.6834247Z   libxcrypt                      4.4.36               hd590300_1               conda-forge
2025-02-18T22:33:23.6834595Z   libxml2                        2.12.7               hc051c1a_1               conda-forge
2025-02-18T22:33:23.6834933Z   libxslt                        1.1.39               h76b75d6_0               conda-forge
2025-02-18T22:33:23.6835274Z   libzlib                        1.3.1                h4ab18f5_1               conda-forge
2025-02-18T22:33:23.6835619Z   llvmlite                       0.42.0               py312hb06c811_1          conda-forge
2025-02-18T22:33:23.6835957Z   lxml                           5.2.2                py312hb90d8a5_0          conda-forge
2025-02-18T22:33:23.6836277Z   lz4-c                          1.9.4                hcb278e6_0               conda-forge
2025-02-18T22:33:23.6836774Z   lzo                            2.10                 hd590300_1001            conda-forge
2025-02-18T22:33:23.6837111Z   markupsafe                     2.1.5                py312h98912ed_0          conda-forge
2025-02-18T22:33:23.6837498Z   matplotlib-base                3.8.4                py312h20ab3a6_2          conda-forge
2025-02-18T22:33:23.6837896Z   matplotlib-inline              0.1.7                pyhd8ed1ab_0             conda-forge
2025-02-18T22:33:23.6838730Z   mistune                        3.0.2                pyhd8ed1ab_0             conda-forge
2025-02-18T22:33:23.6839140Z   mpc                            1.3.1                hfe3b2da_0               conda-forge
2025-02-18T22:33:23.6839479Z   mpfr                           4.2.1                h9458935_1               conda-forge
2025-02-18T22:33:23.6839810Z   mpmath                         1.3.0                pyhd8ed1ab_0             conda-forge
2025-02-18T22:33:23.6840152Z   munkres                        1.1.4                pyh9f0ad1d_0             conda-forge
2025-02-18T22:33:23.6840523Z   mypy_extensions                1.0.0                pyha770c72_0             conda-forge
2025-02-18T22:33:23.6840893Z   nbclassic                      1.1.0                pyhd8ed1ab_0             conda-forge
2025-02-18T22:33:23.6841251Z   nbclient                       0.10.0               pyhd8ed1ab_0             conda-forge
2025-02-18T22:33:23.6841604Z   nbconvert                      7.16.4               hd8ed1ab_1               conda-forge
2025-02-18T22:33:23.6841984Z   nbconvert-core                 7.16.4               pyhd8ed1ab_1             conda-forge
2025-02-18T22:33:23.6842383Z   nbconvert-pandoc               7.16.4               hd8ed1ab_1               conda-forge
2025-02-18T22:33:23.6842768Z   nbformat                       5.10.4               pyhd8ed1ab_0             conda-forge
2025-02-18T22:33:23.6843123Z   nbsphinx                       0.9.4                pyhd8ed1ab_0             conda-forge
2025-02-18T22:33:23.6843463Z   ncurses                        6.5                  h59595ed_0               conda-forge
2025-02-18T22:33:23.6843821Z   nest-asyncio                   1.6.0                pyhd8ed1ab_0             conda-forge
2025-02-18T22:33:23.6844180Z   networkx                       3.3                  pyhd8ed1ab_1             conda-forge
2025-02-18T22:33:23.6844511Z   nomkl                          1.0                  h5ca1d4c_0               conda-forge
2025-02-18T22:33:23.6844846Z   notebook                       7.2.1                pyhd8ed1ab_0             conda-forge
2025-02-18T22:33:23.6845212Z   notebook-shim                  0.2.4                pyhd8ed1ab_0             conda-forge
2025-02-18T22:33:23.6845569Z   numba                          0.59.1               py312hacefee8_0          conda-forge
2025-02-18T22:33:23.6845910Z   numexpr                        2.10.0               py312hf412c99_100        conda-forge
2025-02-18T22:33:23.6846247Z   numpy                          1.26.4               py312heda63a1_0          conda-forge
2025-02-18T22:33:23.6846594Z   numpydoc                       1.7.0                pyhd8ed1ab_1             conda-forge
2025-02-18T22:33:23.6846944Z   openjpeg                       2.5.2                h488ebb8_0               conda-forge
2025-02-18T22:33:23.6847290Z   openssl                        3.3.1                h4ab18f5_0               conda-forge
2025-02-18T22:33:23.6847636Z   overrides                      7.7.0                pyhd8ed1ab_0             conda-forge
2025-02-18T22:33:23.6847999Z   packaging                      24.1                 pyhd8ed1ab_0             conda-forge
2025-02-18T22:33:23.6848526Z   pandas                         2.2.2                py312h1d6d2e6_1          conda-forge
2025-02-18T22:33:23.6848948Z   pandoc                         3.2                  ha770c72_0               conda-forge
2025-02-18T22:33:23.6849305Z   pandocfilters                  1.5.0                pyhd8ed1ab_0             conda-forge
2025-02-18T22:33:23.6849662Z   pango                          1.54.0               h84a9a3c_0               conda-forge
2025-02-18T22:33:23.6850139Z   parso                          0.8.4                pyhd8ed1ab_0             conda-forge
2025-02-18T22:33:23.6850482Z   pathspec                       0.12.1               pyhd8ed1ab_0             conda-forge
2025-02-18T22:33:23.6850821Z   pbr                            6.0.0                pyhd8ed1ab_0             conda-forge
2025-02-18T22:33:23.6851147Z   pcre2                          10.44                h0f59acf_0               conda-forge
2025-02-18T22:33:23.6851589Z   pexpect                        4.9.0                pyhd8ed1ab_0             conda-forge
2025-02-18T22:33:23.6851949Z   pickleshare                    0.7.5                py_1003                  conda-forge
2025-02-18T22:33:23.6852303Z   pillow                         10.3.0               py312hdcec9eb_0          conda-forge
2025-02-18T22:33:23.6852637Z   pip                            24.0                 pyhd8ed1ab_0             conda-forge
2025-02-18T22:33:23.6852968Z   pixman                         0.43.2               h59595ed_0               conda-forge
2025-02-18T22:33:23.6853351Z   pkgutil-resolve-name           1.3.10               pyhd8ed1ab_1             conda-forge
2025-02-18T22:33:23.6853757Z   platformdirs                   4.2.2                pyhd8ed1ab_0             conda-forge
2025-02-18T22:33:23.6854118Z   plotly                         5.22.0               pyhd8ed1ab_0             conda-forge
2025-02-18T22:33:23.6854464Z   pluggy                         1.5.0                pyhd8ed1ab_0             conda-forge
2025-02-18T22:33:23.6854830Z   prometheus_client              0.20.0               pyhd8ed1ab_0             conda-forge
2025-02-18T22:33:23.6855227Z   prompt-toolkit                 3.0.47               pyha770c72_0             conda-forge
2025-02-18T22:33:23.6855588Z   psutil                         5.9.8                py312h98912ed_0          conda-forge
2025-02-18T22:33:23.6855939Z   pthread-stubs                  0.4                  h36c2ea0_1001            conda-forge
2025-02-18T22:33:23.6856314Z   ptyprocess                     0.7.0                pyhd3deb0d_0             conda-forge
2025-02-18T22:33:23.6856675Z   pure_eval                      0.2.2                pyhd8ed1ab_0             conda-forge
2025-02-18T22:33:23.6857027Z   py-cpuinfo                     9.0.0                pyhd8ed1ab_0             conda-forge
2025-02-18T22:33:23.6857378Z   pybtex                         0.24.0               pyhd8ed1ab_2             conda-forge
2025-02-18T22:33:23.6857752Z   pybtex-docutils                1.0.3                py312h7900ff3_1          conda-forge
2025-02-18T22:33:23.6858132Z   pycparser                      2.22                 pyhd8ed1ab_0             conda-forge
2025-02-18T22:33:23.6858652Z   pyerfa                         2.0.1.4              py312h085067d_1          conda-forge
2025-02-18T22:33:23.6859000Z   pygments                       2.18.0               pyhd8ed1ab_0             conda-forge
2025-02-18T22:33:23.6859362Z   pygraphviz                     1.13                 py312h4a1d8a7_1          conda-forge
2025-02-18T22:33:23.6859721Z   pyparsing                      3.1.2                pyhd8ed1ab_0             conda-forge
2025-02-18T22:33:23.6860071Z   pysocks                        1.7.1                pyha2e5f31_6             conda-forge
2025-02-18T22:33:23.6860417Z   pytables                       3.9.2                py312h96d95ec_2          conda-forge
2025-02-18T22:33:23.6860766Z   pytest                         8.2.2                pyhd8ed1ab_0             conda-forge
2025-02-18T22:33:23.6861116Z   pytest-cov                     5.0.0                pyhd8ed1ab_0             conda-forge
2025-02-18T22:33:23.6861512Z   pytest-doctestplus             1.2.1                pyhd8ed1ab_0             conda-forge
2025-02-18T22:33:23.6861904Z   pytest-html                    4.1.1                pyhd8ed1ab_0             conda-forge
2025-02-18T22:33:23.6862285Z   pytest-metadata                3.1.1                pyhd8ed1ab_0             conda-forge
2025-02-18T22:33:23.6862788Z   python                         3.12.4               h194c7f8_0_cpython       conda-forge
2025-02-18T22:33:23.6863156Z   python-dateutil                2.9.0                pyhd8ed1ab_0             conda-forge
2025-02-18T22:33:23.6863576Z   python-fastjsonschema          2.20.0               pyhd8ed1ab_0             conda-forge
2025-02-18T22:33:23.6863998Z   python-json-logger             2.0.7                pyhd8ed1ab_0             conda-forge
2025-02-18T22:33:23.6864500Z   python-tzdata                  2024.1               pyhd8ed1ab_0             conda-forge
2025-02-18T22:33:23.6864872Z   python_abi                     3.12                 4_cp312                  conda-forge
2025-02-18T22:33:23.6865216Z   pytz                           2024.1               pyhd8ed1ab_0             conda-forge
2025-02-18T22:33:23.6865565Z   pyyaml                         6.0.1                py312h98912ed_1          conda-forge
2025-02-18T22:33:23.6865908Z   pyzmq                          26.0.3               py312h8fd38d8_0          conda-forge
2025-02-18T22:33:23.6866244Z   qgrid                          1.3.1                pyhd8ed1ab_4             conda-forge
2025-02-18T22:33:23.6866611Z   radioactivedecay               0.5.1                pyhd8ed1ab_0             conda-forge
2025-02-18T22:33:23.6866987Z   readline                       8.2                  h8228510_1               conda-forge
2025-02-18T22:33:23.6867346Z   recommonmark                   0.7.1                pyhd8ed1ab_0             conda-forge
2025-02-18T22:33:23.6867721Z   referencing                    0.35.1               pyhd8ed1ab_0             conda-forge
2025-02-18T22:33:23.6868081Z   requests                       2.32.3               pyhd8ed1ab_0             conda-forge
2025-02-18T22:33:23.6868614Z   rfc3339-validator              0.1.4                pyhd8ed1ab_0             conda-forge
2025-02-18T22:33:23.6869021Z   rfc3986-validator              0.1.1                pyh9f0ad1d_0             conda-forge
2025-02-18T22:33:23.6869402Z   rpds-py                        0.18.1               py312h4413252_0          conda-forge
2025-02-18T22:33:23.6869733Z   ruff                           0.4.9                py312h5715c7c_0          conda-forge
2025-02-18T22:33:23.6870060Z   scipy                          1.13.1               py312hc2bc53b_0          conda-forge
2025-02-18T22:33:23.6870408Z   send2trash                     1.8.3                pyh0d859eb_0             conda-forge
2025-02-18T22:33:23.6870773Z   setuptools                     70.0.0               pyhd8ed1ab_0             conda-forge
2025-02-18T22:33:23.6871147Z   setuptools-scm                 8.1.0                pyhd8ed1ab_0             conda-forge
2025-02-18T22:33:23.6871527Z   setuptools_scm                 8.1.0                hd8ed1ab_0               conda-forge
2025-02-18T22:33:23.6871871Z   six                            1.16.0               pyh6c4a22f_0             conda-forge
2025-02-18T22:33:23.6872209Z   snakeviz                       2.2.0                pyhd8ed1ab_0             conda-forge
2025-02-18T22:33:23.6872553Z   snappy                         1.2.0                hdb0a2a9_1               conda-forge
2025-02-18T22:33:23.6872898Z   sniffio                        1.3.1                pyhd8ed1ab_0             conda-forge
2025-02-18T22:33:23.6873272Z   snowballstemmer                2.2.0                pyhd8ed1ab_0             conda-forge
2025-02-18T22:33:23.6873648Z   soupsieve                      2.5                  pyhd8ed1ab_1             conda-forge
2025-02-18T22:33:23.6873993Z   sphinx                         7.3.7                pyhd8ed1ab_0             conda-forge
2025-02-18T22:33:23.6874358Z   sphinx-astropy                 1.9.1                pyhd8ed1ab_0             conda-forge
2025-02-18T22:33:23.6874760Z   sphinx-automodapi              0.17.0               pyh717bed2_1             conda-forge
2025-02-18T22:33:23.6875157Z   sphinx-gallery                 0.16.0               pyhd8ed1ab_0             conda-forge
2025-02-18T22:33:23.6875720Z   sphinx-jsonschema              1.19.1               pyhd8ed1ab_0             conda-forge
2025-02-18T22:33:23.6876135Z   sphinx_bootstrap_theme         0.8.1                pyhd8ed1ab_0             conda-forge
2025-02-18T22:33:23.6876534Z   sphinx_rtd_theme               2.0.0                pyha770c72_0             conda-forge
2025-02-18T22:33:23.6876933Z   sphinxcontrib-apidoc           0.3.0                py_1                     conda-forge
2025-02-18T22:33:23.6877478Z   sphinxcontrib-applehelp        1.0.8                pyhd8ed1ab_0             conda-forge
2025-02-18T22:33:23.6877924Z   sphinxcontrib-bibtex           2.6.2                pyhd8ed1ab_0             conda-forge
2025-02-18T22:33:23.6878521Z   sphinxcontrib-devhelp          1.0.6                pyhd8ed1ab_0             conda-forge
2025-02-18T22:33:23.6879231Z   sphinxcontrib-htmlhelp         2.0.5                pyhd8ed1ab_0             conda-forge
2025-02-18T22:33:23.6879683Z   sphinxcontrib-jquery           4.1                  pyhd8ed1ab_0             conda-forge
2025-02-18T22:33:23.6880104Z   sphinxcontrib-jsmath           1.0.1                pyhd8ed1ab_0             conda-forge
2025-02-18T22:33:23.6880532Z   sphinxcontrib-qthelp           1.0.7                pyhd8ed1ab_0             conda-forge
2025-02-18T22:33:23.6881001Z   sphinxcontrib-serializinghtml  1.1.10               pyhd8ed1ab_0             conda-forge
2025-02-18T22:33:23.6881433Z   stack_data                     0.6.2                pyhd8ed1ab_0             conda-forge
2025-02-18T22:33:23.6881779Z   sympy                          1.12.1               pypyh2585a3b_103         conda-forge
2025-02-18T22:33:23.6882122Z   tabulate                       0.9.0                pyhd8ed1ab_1             conda-forge
2025-02-18T22:33:23.6882471Z   tenacity                       8.4.1                pyhd8ed1ab_0             conda-forge
2025-02-18T22:33:23.6882831Z   terminado                      0.18.1               pyh0d859eb_0             conda-forge
2025-02-18T22:33:23.6883191Z   tinycss2                       1.3.0                pyhd8ed1ab_0             conda-forge
2025-02-18T22:33:23.6883519Z   tk                             8.6.13               noxft_h4845f30_101       conda-forge
2025-02-18T22:33:23.6883834Z   toml                           0.10.2               pyhd8ed1ab_0             conda-forge
2025-02-18T22:33:23.6884161Z   tomli                          2.0.1                pyhd8ed1ab_0             conda-forge
2025-02-18T22:33:23.6884499Z   tornado                        6.4.1                py312h9a8786e_0          conda-forge
2025-02-18T22:33:23.6884837Z   tqdm                           4.66.4               pyhd8ed1ab_0             conda-forge
2025-02-18T22:33:23.6885177Z   traitlets                      5.14.3               pyhd8ed1ab_0             conda-forge
2025-02-18T22:33:23.6885531Z   typed-ast                      1.5.5                py312h98912ed_1          conda-forge
2025-02-18T22:33:23.6885946Z   types-python-dateutil          2.9.0.20240316       pyhd8ed1ab_0             conda-forge
2025-02-18T22:33:23.6886388Z   typing-extensions              4.12.2               hd8ed1ab_0               conda-forge
2025-02-18T22:33:23.6886787Z   typing_extensions              4.12.2               pyha770c72_0             conda-forge
2025-02-18T22:33:23.6887167Z   typing_utils                   0.1.0                pyhd8ed1ab_0             conda-forge
2025-02-18T22:33:23.6887523Z   tzdata                         2024a                h0c530f3_0               conda-forge
2025-02-18T22:33:23.6887879Z   uri-template                   1.3.0                pyhd8ed1ab_0             conda-forge
2025-02-18T22:33:23.6888237Z   urllib3                        2.2.2                pyhd8ed1ab_0             conda-forge
2025-02-18T22:33:23.6888757Z   wcwidth                        0.2.13               pyhd8ed1ab_0             conda-forge
2025-02-18T22:33:23.6889131Z   webcolors                      24.6.0               pyhd8ed1ab_0             conda-forge
2025-02-18T22:33:23.6889652Z   webencodings                   0.5.1                pyhd8ed1ab_2             conda-forge
2025-02-18T22:33:23.6890042Z   websocket-client               1.8.0                pyhd8ed1ab_0             conda-forge
2025-02-18T22:33:23.6890410Z   wheel                          0.43.0               pyhd8ed1ab_1             conda-forge
2025-02-18T22:33:23.6890785Z   widgetsnbextension             3.6.6                pyhd8ed1ab_0             conda-forge
2025-02-18T22:33:23.6891295Z   xorg-kbproto                   1.0.7                h7f98852_1002            conda-forge
2025-02-18T22:33:23.6891662Z   xorg-libice                    1.1.1                hd590300_0               conda-forge
2025-02-18T22:33:23.6892016Z   xorg-libsm                     1.2.4                h7391055_0               conda-forge
2025-02-18T22:33:23.6892373Z   xorg-libx11                    1.8.9                h8ee46fc_0               conda-forge
2025-02-18T22:33:23.6892728Z   xorg-libxau                    1.0.11               hd590300_0               conda-forge
2025-02-18T22:33:23.6893096Z   xorg-libxdmcp                  1.1.3                h7f98852_0               conda-forge
2025-02-18T22:33:23.6893465Z   xorg-libxext                   1.3.4                h0b41bf4_2               conda-forge
2025-02-18T22:33:23.6893850Z   xorg-libxrender                0.9.11               hd590300_0               conda-forge
2025-02-18T22:33:23.6894244Z   xorg-renderproto               0.11.1               h7f98852_1002            conda-forge
2025-02-18T22:33:23.6894635Z   xorg-xextproto                 7.3.0                h0b41bf4_1003            conda-forge
2025-02-18T22:33:23.6895004Z   xorg-xproto                    7.0.31               h7f98852_1007            conda-forge
2025-02-18T22:33:23.6895337Z   xz                             5.2.6                h166bdaf_0               conda-forge
2025-02-18T22:33:23.6895645Z   yaml                           0.2.5                h7f98852_2               conda-forge
2025-02-18T22:33:23.6895970Z   zeromq                         4.3.5                h75354e8_4               conda-forge
2025-02-18T22:33:23.6896303Z   zipp                           3.19.2               pyhd8ed1ab_0             conda-forge
2025-02-18T22:33:23.6896626Z   zlib                           1.3.1                h4ab18f5_1               conda-forge
2025-02-18T22:33:23.6896949Z   zlib-ng                        2.0.7                h0b41bf4_0               conda-forge
2025-02-18T22:33:23.6897274Z   zstd                           1.5.6                ha6fb4c9_0               conda-forge
2025-02-18T22:33:23.6897841Z ##[endgroup]
2025-02-18T22:33:23.6939212Z ##[group]Run pip install -e . --user
2025-02-18T22:33:23.6939541Z [36;1mpip install -e . --user[0m
2025-02-18T22:33:23.6996572Z shell: /usr/bin/bash -l {0}
2025-02-18T22:33:23.6996812Z env:
2025-02-18T22:33:23.6996988Z   CACHE_NUMBER: 0
2025-02-18T22:33:23.6997598Z   PYTEST_FLAGS: --tardis-regression-data=/home/runner/work/tardis/tardis/tardis-regression-data --cov=tardis --cov-report=xml --cov-report=html --cov-append
2025-02-18T22:33:23.6998265Z   CODECOV_TOKEN: 
2025-02-18T22:33:23.6998704Z   MAMBA_ROOT_PREFIX: /home/runner/micromamba
2025-02-18T22:33:23.6999021Z   MAMBA_EXE: /home/runner/micromamba-bin/micromamba
2025-02-18T22:33:23.6999371Z   CONDARC: /home/runner/work/_temp/setup-micromamba/.condarc
2025-02-18T22:33:23.6999671Z ##[endgroup]
2025-02-18T22:33:24.4178574Z Obtaining file:///home/runner/work/tardis/tardis
2025-02-18T22:33:24.4211552Z   Installing build dependencies: started
2025-02-18T22:33:27.2532386Z   Installing build dependencies: finished with status 'done'
2025-02-18T22:33:27.2537757Z   Checking if build backend supports build_editable: started
2025-02-18T22:33:27.3753178Z   Checking if build backend supports build_editable: finished with status 'done'
2025-02-18T22:33:27.3760304Z   Getting requirements to build editable: started
2025-02-18T22:33:27.8694142Z   Getting requirements to build editable: finished with status 'done'
2025-02-18T22:33:27.8702591Z   Preparing editable metadata (pyproject.toml): started
2025-02-18T22:33:28.3245597Z   Preparing editable metadata (pyproject.toml): finished with status 'done'
2025-02-18T22:33:28.3828965Z Requirement already satisfied: astropy in /home/runner/micromamba/envs/tardis/lib/python3.12/site-packages (from tardis==0.0.0) (6.1.1)
2025-02-18T22:33:28.4223280Z Requirement already satisfied: numpy>=1.23 in /home/runner/micromamba/envs/tardis/lib/python3.12/site-packages (from astropy->tardis==0.0.0) (1.26.4)
2025-02-18T22:33:28.4232290Z Requirement already satisfied: pyerfa>=2.0.1.1 in /home/runner/micromamba/envs/tardis/lib/python3.12/site-packages (from astropy->tardis==0.0.0) (2.0.1.4)
2025-02-18T22:33:28.4242492Z Requirement already satisfied: astropy-iers-data>=0.2024.5.27.0.30.8 in /home/runner/micromamba/envs/tardis/lib/python3.12/site-packages (from astropy->tardis==0.0.0) (0.2024.6.17.0.31.35)
2025-02-18T22:33:28.4250541Z Requirement already satisfied: PyYAML>=3.13 in /home/runner/micromamba/envs/tardis/lib/python3.12/site-packages (from astropy->tardis==0.0.0) (6.0.1)
2025-02-18T22:33:28.4259942Z Requirement already satisfied: packaging>=19.0 in /home/runner/micromamba/envs/tardis/lib/python3.12/site-packages (from astropy->tardis==0.0.0) (24.1)
2025-02-18T22:33:28.4347339Z Building wheels for collected packages: tardis
2025-02-18T22:33:28.4356256Z   Building editable for tardis (pyproject.toml): started
2025-02-18T22:33:29.1969982Z   Building editable for tardis (pyproject.toml): finished with status 'done'
2025-02-18T22:33:29.1976223Z   Created wheel for tardis: filename=tardis-0.0.0-0.editable-py3-none-any.whl size=8879 sha256=f6e4c6e1cd3c26f564aed1d0ad5d6750fbe6f3ad256d6842b6b5bae2ef5c1b95
2025-02-18T22:33:29.1977531Z   Stored in directory: /tmp/pip-ephem-wheel-cache-jl8k6a8d/wheels/6a/c7/ae/89fa6dc2565455898176888ef0e2e475e4e90eb0124afcb995
2025-02-18T22:33:29.2003353Z Successfully built tardis
2025-02-18T22:33:29.9693984Z Installing collected packages: tardis
2025-02-18T22:33:29.9787643Z Successfully installed tardis-0.0.0
2025-02-18T22:33:30.1741288Z ##[group]Run pip install qgridnext
2025-02-18T22:33:30.1741616Z [36;1mpip install qgridnext[0m
2025-02-18T22:33:30.1795324Z shell: /usr/bin/bash -l {0}
2025-02-18T22:33:30.1795589Z env:
2025-02-18T22:33:30.1795770Z   CACHE_NUMBER: 0
2025-02-18T22:33:30.1796387Z   PYTEST_FLAGS: --tardis-regression-data=/home/runner/work/tardis/tardis/tardis-regression-data --cov=tardis --cov-report=xml --cov-report=html --cov-append
2025-02-18T22:33:30.1797019Z   CODECOV_TOKEN: 
2025-02-18T22:33:30.1797239Z   MAMBA_ROOT_PREFIX: /home/runner/micromamba
2025-02-18T22:33:30.1797541Z   MAMBA_EXE: /home/runner/micromamba-bin/micromamba
2025-02-18T22:33:30.1797891Z   CONDARC: /home/runner/work/_temp/setup-micromamba/.condarc
2025-02-18T22:33:30.1798221Z ##[endgroup]
2025-02-18T22:33:30.8762116Z Collecting qgridnext
2025-02-18T22:33:30.9135274Z   Downloading qgridnext-2.0.4-py3-none-any.whl.metadata (9.9 kB)
2025-02-18T22:33:30.9227077Z Requirement already satisfied: pandas>=0.20.0 in /home/runner/micromamba/envs/tardis/lib/python3.12/site-packages (from qgridnext) (2.2.2)
2025-02-18T22:33:30.9236239Z Requirement already satisfied: ipywidgets>=7.0.0 in /home/runner/micromamba/envs/tardis/lib/python3.12/site-packages (from qgridnext) (7.8.0)
2025-02-18T22:33:30.9246052Z Requirement already satisfied: numpy in /home/runner/micromamba/envs/tardis/lib/python3.12/site-packages (from qgridnext) (1.26.4)
2025-02-18T22:33:30.9256491Z Requirement already satisfied: traitlets in /home/runner/micromamba/envs/tardis/lib/python3.12/site-packages (from qgridnext) (5.14.3)
2025-02-18T22:33:30.9340854Z Requirement already satisfied: comm>=0.1.3 in /home/runner/micromamba/envs/tardis/lib/python3.12/site-packages (from ipywidgets>=7.0.0->qgridnext) (0.2.2)
2025-02-18T22:33:30.9349736Z Requirement already satisfied: ipython-genutils~=0.2.0 in /home/runner/micromamba/envs/tardis/lib/python3.12/site-packages (from ipywidgets>=7.0.0->qgridnext) (0.2.0)
2025-02-18T22:33:30.9363320Z Requirement already satisfied: widgetsnbextension~=3.6.5 in /home/runner/micromamba/envs/tardis/lib/python3.12/site-packages (from ipywidgets>=7.0.0->qgridnext) (3.6.6)
2025-02-18T22:33:30.9381384Z Requirement already satisfied: ipython>=4.0.0 in /home/runner/micromamba/envs/tardis/lib/python3.12/site-packages (from ipywidgets>=7.0.0->qgridnext) (8.25.0)
2025-02-18T22:33:30.9396206Z Requirement already satisfied: jupyterlab-widgets<3,>=1.0.0 in /home/runner/micromamba/envs/tardis/lib/python3.12/site-packages (from ipywidgets>=7.0.0->qgridnext) (1.1.7)
2025-02-18T22:33:30.9836529Z Requirement already satisfied: python-dateutil>=2.8.2 in /home/runner/micromamba/envs/tardis/lib/python3.12/site-packages (from pandas>=0.20.0->qgridnext) (2.9.0)
2025-02-18T22:33:30.9851319Z Requirement already satisfied: pytz>=2020.1 in /home/runner/micromamba/envs/tardis/lib/python3.12/site-packages (from pandas>=0.20.0->qgridnext) (2024.1)
2025-02-18T22:33:30.9860170Z Requirement already satisfied: tzdata>=2022.7 in /home/runner/micromamba/envs/tardis/lib/python3.12/site-packages (from pandas>=0.20.0->qgridnext) (2024.1)
2025-02-18T22:33:31.0173212Z Requirement already satisfied: decorator in /home/runner/micromamba/envs/tardis/lib/python3.12/site-packages (from ipython>=4.0.0->ipywidgets>=7.0.0->qgridnext) (5.1.1)
2025-02-18T22:33:31.0188706Z Requirement already satisfied: jedi>=0.16 in /home/runner/micromamba/envs/tardis/lib/python3.12/site-packages (from ipython>=4.0.0->ipywidgets>=7.0.0->qgridnext) (0.19.1)
2025-02-18T22:33:31.0197812Z Requirement already satisfied: matplotlib-inline in /home/runner/micromamba/envs/tardis/lib/python3.12/site-packages (from ipython>=4.0.0->ipywidgets>=7.0.0->qgridnext) (0.1.7)
2025-02-18T22:33:31.0209558Z Requirement already satisfied: prompt-toolkit<3.1.0,>=3.0.41 in /home/runner/micromamba/envs/tardis/lib/python3.12/site-packages (from ipython>=4.0.0->ipywidgets>=7.0.0->qgridnext) (3.0.47)
2025-02-18T22:33:31.0219337Z Requirement already satisfied: pygments>=2.4.0 in /home/runner/micromamba/envs/tardis/lib/python3.12/site-packages (from ipython>=4.0.0->ipywidgets>=7.0.0->qgridnext) (2.18.0)
2025-02-18T22:33:31.0229632Z Requirement already satisfied: stack-data in /home/runner/micromamba/envs/tardis/lib/python3.12/site-packages (from ipython>=4.0.0->ipywidgets>=7.0.0->qgridnext) (0.6.2)
2025-02-18T22:33:31.0249598Z Requirement already satisfied: pexpect>4.3 in /home/runner/micromamba/envs/tardis/lib/python3.12/site-packages (from ipython>=4.0.0->ipywidgets>=7.0.0->qgridnext) (4.9.0)
2025-02-18T22:33:31.0298191Z Requirement already satisfied: six>=1.5 in /home/runner/micromamba/envs/tardis/lib/python3.12/site-packages (from python-dateutil>=2.8.2->pandas>=0.20.0->qgridnext) (1.16.0)
2025-02-18T22:33:31.0355382Z Requirement already satisfied: notebook>=4.4.1 in /home/runner/micromamba/envs/tardis/lib/python3.12/site-packages (from widgetsnbextension~=3.6.5->ipywidgets>=7.0.0->qgridnext) (7.2.1)
2025-02-18T22:33:31.0543370Z Requirement already satisfied: parso<0.9.0,>=0.8.3 in /home/runner/micromamba/envs/tardis/lib/python3.12/site-packages (from jedi>=0.16->ipython>=4.0.0->ipywidgets>=7.0.0->qgridnext) (0.8.4)
2025-02-18T22:33:31.0688726Z Requirement already satisfied: jupyter-server<3,>=2.4.0 in /home/runner/micromamba/envs/tardis/lib/python3.12/site-packages (from notebook>=4.4.1->widgetsnbextension~=3.6.5->ipywidgets>=7.0.0->qgridnext) (2.14.1)
2025-02-18T22:33:31.0702876Z Requirement already satisfied: jupyterlab-server<3,>=2.27.1 in /home/runner/micromamba/envs/tardis/lib/python3.12/site-packages (from notebook>=4.4.1->widgetsnbextension~=3.6.5->ipywidgets>=7.0.0->qgridnext) (2.27.2)
2025-02-18T22:33:31.0718766Z Requirement already satisfied: jupyterlab<4.3,>=4.2.0 in /home/runner/micromamba/envs/tardis/lib/python3.12/site-packages (from notebook>=4.4.1->widgetsnbextension~=3.6.5->ipywidgets>=7.0.0->qgridnext) (4.2.2)
2025-02-18T22:33:31.0729873Z Requirement already satisfied: notebook-shim<0.3,>=0.2 in /home/runner/micromamba/envs/tardis/lib/python3.12/site-packages (from notebook>=4.4.1->widgetsnbextension~=3.6.5->ipywidgets>=7.0.0->qgridnext) (0.2.4)
2025-02-18T22:33:31.0738816Z Requirement already satisfied: tornado>=6.2.0 in /home/runner/micromamba/envs/tardis/lib/python3.12/site-packages (from notebook>=4.4.1->widgetsnbextension~=3.6.5->ipywidgets>=7.0.0->qgridnext) (6.4.1)
2025-02-18T22:33:31.0769297Z Requirement already satisfied: ptyprocess>=0.5 in /home/runner/micromamba/envs/tardis/lib/python3.12/site-packages (from pexpect>4.3->ipython>=4.0.0->ipywidgets>=7.0.0->qgridnext) (0.7.0)
2025-02-18T22:33:31.0798722Z Requirement already satisfied: wcwidth in /home/runner/micromamba/envs/tardis/lib/python3.12/site-packages (from prompt-toolkit<3.1.0,>=3.0.41->ipython>=4.0.0->ipywidgets>=7.0.0->qgridnext) (0.2.13)
2025-02-18T22:33:31.0942026Z Requirement already satisfied: executing>=1.2.0 in /home/runner/micromamba/envs/tardis/lib/python3.12/site-packages (from stack-data->ipython>=4.0.0->ipywidgets>=7.0.0->qgridnext) (2.0.1)
2025-02-18T22:33:31.0952273Z Requirement already satisfied: asttokens>=2.1.0 in /home/runner/micromamba/envs/tardis/lib/python3.12/site-packages (from stack-data->ipython>=4.0.0->ipywidgets>=7.0.0->qgridnext) (2.4.1)
2025-02-18T22:33:31.0960915Z Requirement already satisfied: pure-eval in /home/runner/micromamba/envs/tardis/lib/python3.12/site-packages (from stack-data->ipython>=4.0.0->ipywidgets>=7.0.0->qgridnext) (0.2.2)
2025-02-18T22:33:31.1300767Z Requirement already satisfied: anyio>=3.1.0 in /home/runner/micromamba/envs/tardis/lib/python3.12/site-packages (from jupyter-server<3,>=2.4.0->notebook>=4.4.1->widgetsnbextension~=3.6.5->ipywidgets>=7.0.0->qgridnext) (4.4.0)
2025-02-18T22:33:31.1312143Z Requirement already satisfied: argon2-cffi>=21.1 in /home/runner/micromamba/envs/tardis/lib/python3.12/site-packages (from jupyter-server<3,>=2.4.0->notebook>=4.4.1->widgetsnbextension~=3.6.5->ipywidgets>=7.0.0->qgridnext) (23.1.0)
2025-02-18T22:33:31.1322497Z Requirement already satisfied: jinja2>=3.0.3 in /home/runner/micromamba/envs/tardis/lib/python3.12/site-packages (from jupyter-server<3,>=2.4.0->notebook>=4.4.1->widgetsnbextension~=3.6.5->ipywidgets>=7.0.0->qgridnext) (3.1.4)
2025-02-18T22:33:31.1335116Z Requirement already satisfied: jupyter-client>=7.4.4 in /home/runner/micromamba/envs/tardis/lib/python3.12/site-packages (from jupyter-server<3,>=2.4.0->notebook>=4.4.1->widgetsnbextension~=3.6.5->ipywidgets>=7.0.0->qgridnext) (8.6.2)
2025-02-18T22:33:31.1347758Z Requirement already satisfied: jupyter-core!=5.0.*,>=4.12 in /home/runner/micromamba/envs/tardis/lib/python3.12/site-packages (from jupyter-server<3,>=2.4.0->notebook>=4.4.1->widgetsnbextension~=3.6.5->ipywidgets>=7.0.0->qgridnext) (5.7.2)
2025-02-18T22:33:31.1360090Z Requirement already satisfied: jupyter-events>=0.9.0 in /home/runner/micromamba/envs/tardis/lib/python3.12/site-packages (from jupyter-server<3,>=2.4.0->notebook>=4.4.1->widgetsnbextension~=3.6.5->ipywidgets>=7.0.0->qgridnext) (0.10.0)
2025-02-18T22:33:31.1372080Z Requirement already satisfied: jupyter-server-terminals>=0.4.4 in /home/runner/micromamba/envs/tardis/lib/python3.12/site-packages (from jupyter-server<3,>=2.4.0->notebook>=4.4.1->widgetsnbextension~=3.6.5->ipywidgets>=7.0.0->qgridnext) (0.5.3)
2025-02-18T22:33:31.1386301Z Requirement already satisfied: nbconvert>=6.4.4 in /home/runner/micromamba/envs/tardis/lib/python3.12/site-packages (from jupyter-server<3,>=2.4.0->notebook>=4.4.1->widgetsnbextension~=3.6.5->ipywidgets>=7.0.0->qgridnext) (7.16.4)
2025-02-18T22:33:31.1397450Z Requirement already satisfied: nbformat>=5.3.0 in /home/runner/micromamba/envs/tardis/lib/python3.12/site-packages (from jupyter-server<3,>=2.4.0->notebook>=4.4.1->widgetsnbextension~=3.6.5->ipywidgets>=7.0.0->qgridnext) (5.10.4)
2025-02-18T22:33:31.1407591Z Requirement already satisfied: overrides>=5.0 in /home/runner/micromamba/envs/tardis/lib/python3.12/site-packages (from jupyter-server<3,>=2.4.0->notebook>=4.4.1->widgetsnbextension~=3.6.5->ipywidgets>=7.0.0->qgridnext) (7.7.0)
2025-02-18T22:33:31.1417889Z Requirement already satisfied: packaging>=22.0 in /home/runner/micromamba/envs/tardis/lib/python3.12/site-packages (from jupyter-server<3,>=2.4.0->notebook>=4.4.1->widgetsnbextension~=3.6.5->ipywidgets>=7.0.0->qgridnext) (24.1)
2025-02-18T22:33:31.1427972Z Requirement already satisfied: prometheus-client>=0.9 in /home/runner/micromamba/envs/tardis/lib/python3.12/site-packages (from jupyter-server<3,>=2.4.0->notebook>=4.4.1->widgetsnbextension~=3.6.5->ipywidgets>=7.0.0->qgridnext) (0.20.0)
2025-02-18T22:33:31.1440993Z Requirement already satisfied: pyzmq>=24 in /home/runner/micromamba/envs/tardis/lib/python3.12/site-packages (from jupyter-server<3,>=2.4.0->notebook>=4.4.1->widgetsnbextension~=3.6.5->ipywidgets>=7.0.0->qgridnext) (26.0.3)
2025-02-18T22:33:31.1449596Z Requirement already satisfied: send2trash>=1.8.2 in /home/runner/micromamba/envs/tardis/lib/python3.12/site-packages (from jupyter-server<3,>=2.4.0->notebook>=4.4.1->widgetsnbextension~=3.6.5->ipywidgets>=7.0.0->qgridnext) (1.8.3)
2025-02-18T22:33:31.1461004Z Requirement already satisfied: terminado>=0.8.3 in /home/runner/micromamba/envs/tardis/lib/python3.12/site-packages (from jupyter-server<3,>=2.4.0->notebook>=4.4.1->widgetsnbextension~=3.6.5->ipywidgets>=7.0.0->qgridnext) (0.18.1)
2025-02-18T22:33:31.1477607Z Requirement already satisfied: websocket-client>=1.7 in /home/runner/micromamba/envs/tardis/lib/python3.12/site-packages (from jupyter-server<3,>=2.4.0->notebook>=4.4.1->widgetsnbextension~=3.6.5->ipywidgets>=7.0.0->qgridnext) (1.8.0)
2025-02-18T22:33:31.1760011Z Requirement already satisfied: async-lru>=1.0.0 in /home/runner/micromamba/envs/tardis/lib/python3.12/site-packages (from jupyterlab<4.3,>=4.2.0->notebook>=4.4.1->widgetsnbextension~=3.6.5->ipywidgets>=7.0.0->qgridnext) (2.0.4)
2025-02-18T22:33:31.1771986Z Requirement already satisfied: httpx>=0.25.0 in /home/runner/micromamba/envs/tardis/lib/python3.12/site-packages (from jupyterlab<4.3,>=4.2.0->notebook>=4.4.1->widgetsnbextension~=3.6.5->ipywidgets>=7.0.0->qgridnext) (0.27.0)
2025-02-18T22:33:31.1783808Z Requirement already satisfied: ipykernel>=6.5.0 in /home/runner/micromamba/envs/tardis/lib/python3.12/site-packages (from jupyterlab<4.3,>=4.2.0->notebook>=4.4.1->widgetsnbextension~=3.6.5->ipywidgets>=7.0.0->qgridnext) (6.29.4)
2025-02-18T22:33:31.1797545Z Requirement already satisfied: jupyter-lsp>=2.0.0 in /home/runner/micromamba/envs/tardis/lib/python3.12/site-packages (from jupyterlab<4.3,>=4.2.0->notebook>=4.4.1->widgetsnbextension~=3.6.5->ipywidgets>=7.0.0->qgridnext) (2.2.5)
2025-02-18T22:33:31.1823845Z Requirement already satisfied: setuptools>=40.1.0 in /home/runner/micromamba/envs/tardis/lib/python3.12/site-packages (from jupyterlab<4.3,>=4.2.0->notebook>=4.4.1->widgetsnbextension~=3.6.5->ipywidgets>=7.0.0->qgridnext) (70.0.0)
2025-02-18T22:33:31.2011422Z Requirement already satisfied: babel>=2.10 in /home/runner/micromamba/envs/tardis/lib/python3.12/site-packages (from jupyterlab-server<3,>=2.27.1->notebook>=4.4.1->widgetsnbextension~=3.6.5->ipywidgets>=7.0.0->qgridnext) (2.14.0)
2025-02-18T22:33:31.2037850Z Requirement already satisfied: json5>=0.9.0 in /home/runner/micromamba/envs/tardis/lib/python3.12/site-packages (from jupyterlab-server<3,>=2.27.1->notebook>=4.4.1->widgetsnbextension~=3.6.5->ipywidgets>=7.0.0->qgridnext) (0.9.25)
2025-02-18T22:33:31.2048579Z Requirement already satisfied: jsonschema>=4.18.0 in /home/runner/micromamba/envs/tardis/lib/python3.12/site-packages (from jupyterlab-server<3,>=2.27.1->notebook>=4.4.1->widgetsnbextension~=3.6.5->ipywidgets>=7.0.0->qgridnext) (4.22.0)
2025-02-18T22:33:31.2066619Z Requirement already satisfied: requests>=2.31 in /home/runner/micromamba/envs/tardis/lib/python3.12/site-packages (from jupyterlab-server<3,>=2.27.1->notebook>=4.4.1->widgetsnbextension~=3.6.5->ipywidgets>=7.0.0->qgridnext) (2.32.3)
2025-02-18T22:33:31.2412979Z Requirement already satisfied: idna>=2.8 in /home/runner/micromamba/envs/tardis/lib/python3.12/site-packages (from anyio>=3.1.0->jupyter-server<3,>=2.4.0->notebook>=4.4.1->widgetsnbextension~=3.6.5->ipywidgets>=7.0.0->qgridnext) (3.7)
2025-02-18T22:33:31.2422112Z Requirement already satisfied: sniffio>=1.1 in /home/runner/micromamba/envs/tardis/lib/python3.12/site-packages (from anyio>=3.1.0->jupyter-server<3,>=2.4.0->notebook>=4.4.1->widgetsnbextension~=3.6.5->ipywidgets>=7.0.0->qgridnext) (1.3.1)
2025-02-18T22:33:31.2514233Z Requirement already satisfied: argon2-cffi-bindings in /home/runner/micromamba/envs/tardis/lib/python3.12/site-packages (from argon2-cffi>=21.1->jupyter-server<3,>=2.4.0->notebook>=4.4.1->widgetsnbextension~=3.6.5->ipywidgets>=7.0.0->qgridnext) (21.2.0)
2025-02-18T22:33:31.2685343Z Requirement already satisfied: certifi in /home/runner/micromamba/envs/tardis/lib/python3.12/site-packages (from httpx>=0.25.0->jupyterlab<4.3,>=4.2.0->notebook>=4.4.1->widgetsnbextension~=3.6.5->ipywidgets>=7.0.0->qgridnext) (2024.6.2)
2025-02-18T22:33:31.2699686Z Requirement already satisfied: httpcore==1.* in /home/runner/micromamba/envs/tardis/lib/python3.12/site-packages (from httpx>=0.25.0->jupyterlab<4.3,>=4.2.0->notebook>=4.4.1->widgetsnbextension~=3.6.5->ipywidgets>=7.0.0->qgridnext) (1.0.5)
2025-02-18T22:33:31.2777616Z Requirement already satisfied: h11<0.15,>=0.13 in /home/runner/micromamba/envs/tardis/lib/python3.12/site-packages (from httpcore==1.*->httpx>=0.25.0->jupyterlab<4.3,>=4.2.0->notebook>=4.4.1->widgetsnbextension~=3.6.5->ipywidgets>=7.0.0->qgridnext) (0.14.0)
2025-02-18T22:33:31.2964014Z Requirement already satisfied: debugpy>=1.6.5 in /home/runner/micromamba/envs/tardis/lib/python3.12/site-packages (from ipykernel>=6.5.0->jupyterlab<4.3,>=4.2.0->notebook>=4.4.1->widgetsnbextension~=3.6.5->ipywidgets>=7.0.0->qgridnext) (1.8.1)
2025-02-18T22:33:31.2984770Z Requirement already satisfied: nest-asyncio in /home/runner/micromamba/envs/tardis/lib/python3.12/site-packages (from ipykernel>=6.5.0->jupyterlab<4.3,>=4.2.0->notebook>=4.4.1->widgetsnbextension~=3.6.5->ipywidgets>=7.0.0->qgridnext) (1.6.0)
2025-02-18T22:33:31.2998993Z Requirement already satisfied: psutil in /home/runner/micromamba/envs/tardis/lib/python3.12/site-packages (from ipykernel>=6.5.0->jupyterlab<4.3,>=4.2.0->notebook>=4.4.1->widgetsnbextension~=3.6.5->ipywidgets>=7.0.0->qgridnext) (5.9.8)
2025-02-18T22:33:31.3060440Z Requirement already satisfied: MarkupSafe>=2.0 in /home/runner/micromamba/envs/tardis/lib/python3.12/site-packages (from jinja2>=3.0.3->jupyter-server<3,>=2.4.0->notebook>=4.4.1->widgetsnbextension~=3.6.5->ipywidgets>=7.0.0->qgridnext) (2.1.5)
2025-02-18T22:33:31.3254262Z Requirement already satisfied: attrs>=22.2.0 in /home/runner/micromamba/envs/tardis/lib/python3.12/site-packages (from jsonschema>=4.18.0->jupyterlab-server<3,>=2.27.1->notebook>=4.4.1->widgetsnbextension~=3.6.5->ipywidgets>=7.0.0->qgridnext) (23.2.0)
2025-02-18T22:33:31.3264611Z Requirement already satisfied: jsonschema-specifications>=2023.03.6 in /home/runner/micromamba/envs/tardis/lib/python3.12/site-packages (from jsonschema>=4.18.0->jupyterlab-server<3,>=2.27.1->notebook>=4.4.1->widgetsnbextension~=3.6.5->ipywidgets>=7.0.0->qgridnext) (2023.12.1)
2025-02-18T22:33:31.3273380Z Requirement already satisfied: referencing>=0.28.4 in /home/runner/micromamba/envs/tardis/lib/python3.12/site-packages (from jsonschema>=4.18.0->jupyterlab-server<3,>=2.27.1->notebook>=4.4.1->widgetsnbextension~=3.6.5->ipywidgets>=7.0.0->qgridnext) (0.35.1)
2025-02-18T22:33:31.3282327Z Requirement already satisfied: rpds-py>=0.7.1 in /home/runner/micromamba/envs/tardis/lib/python3.12/site-packages (from jsonschema>=4.18.0->jupyterlab-server<3,>=2.27.1->notebook>=4.4.1->widgetsnbextension~=3.6.5->ipywidgets>=7.0.0->qgridnext) (0.18.1)
2025-02-18T22:33:31.3545120Z Requirement already satisfied: platformdirs>=2.5 in /home/runner/micromamba/envs/tardis/lib/python3.12/site-packages (from jupyter-core!=5.0.*,>=4.12->jupyter-server<3,>=2.4.0->notebook>=4.4.1->widgetsnbextension~=3.6.5->ipywidgets>=7.0.0->qgridnext) (4.2.2)
2025-02-18T22:33:31.3696957Z Requirement already satisfied: python-json-logger>=2.0.4 in /home/runner/micromamba/envs/tardis/lib/python3.12/site-packages (from jupyter-events>=0.9.0->jupyter-server<3,>=2.4.0->notebook>=4.4.1->widgetsnbextension~=3.6.5->ipywidgets>=7.0.0->qgridnext) (2.0.7)
2025-02-18T22:33:31.3705068Z Requirement already satisfied: pyyaml>=5.3 in /home/runner/micromamba/envs/tardis/lib/python3.12/site-packages (from jupyter-events>=0.9.0->jupyter-server<3,>=2.4.0->notebook>=4.4.1->widgetsnbextension~=3.6.5->ipywidgets>=7.0.0->qgridnext) (6.0.1)
2025-02-18T22:33:31.3715504Z Requirement already satisfied: rfc3339-validator in /home/runner/micromamba/envs/tardis/lib/python3.12/site-packages (from jupyter-events>=0.9.0->jupyter-server<3,>=2.4.0->notebook>=4.4.1->widgetsnbextension~=3.6.5->ipywidgets>=7.0.0->qgridnext) (0.1.4)
2025-02-18T22:33:31.3726452Z Requirement already satisfied: rfc3986-validator>=0.1.1 in /home/runner/micromamba/envs/tardis/lib/python3.12/site-packages (from jupyter-events>=0.9.0->jupyter-server<3,>=2.4.0->notebook>=4.4.1->widgetsnbextension~=3.6.5->ipywidgets>=7.0.0->qgridnext) (0.1.1)
2025-02-18T22:33:31.4155685Z Requirement already satisfied: beautifulsoup4 in /home/runner/micromamba/envs/tardis/lib/python3.12/site-packages (from nbconvert>=6.4.4->jupyter-server<3,>=2.4.0->notebook>=4.4.1->widgetsnbextension~=3.6.5->ipywidgets>=7.0.0->qgridnext) (4.12.3)
2025-02-18T22:33:31.4175181Z Requirement already satisfied: bleach!=5.0.0 in /home/runner/micromamba/envs/tardis/lib/python3.12/site-packages (from nbconvert>=6.4.4->jupyter-server<3,>=2.4.0->notebook>=4.4.1->widgetsnbextension~=3.6.5->ipywidgets>=7.0.0->qgridnext) (6.1.0)
2025-02-18T22:33:31.4190010Z Requirement already satisfied: defusedxml in /home/runner/micromamba/envs/tardis/lib/python3.12/site-packages (from nbconvert>=6.4.4->jupyter-server<3,>=2.4.0->notebook>=4.4.1->widgetsnbextension~=3.6.5->ipywidgets>=7.0.0->qgridnext) (0.7.1)
2025-02-18T22:33:31.4205186Z Requirement already satisfied: jupyterlab-pygments in /home/runner/micromamba/envs/tardis/lib/python3.12/site-packages (from nbconvert>=6.4.4->jupyter-server<3,>=2.4.0->notebook>=4.4.1->widgetsnbextension~=3.6.5->ipywidgets>=7.0.0->qgridnext) (0.3.0)
2025-02-18T22:33:31.4217525Z Requirement already satisfied: mistune<4,>=2.0.3 in /home/runner/micromamba/envs/tardis/lib/python3.12/site-packages (from nbconvert>=6.4.4->jupyter-server<3,>=2.4.0->notebook>=4.4.1->widgetsnbextension~=3.6.5->ipywidgets>=7.0.0->qgridnext) (3.0.2)
2025-02-18T22:33:31.4230207Z Requirement already satisfied: nbclient>=0.5.0 in /home/runner/micromamba/envs/tardis/lib/python3.12/site-packages (from nbconvert>=6.4.4->jupyter-server<3,>=2.4.0->notebook>=4.4.1->widgetsnbextension~=3.6.5->ipywidgets>=7.0.0->qgridnext) (0.10.0)
2025-02-18T22:33:31.4247638Z Requirement already satisfied: pandocfilters>=1.4.1 in /home/runner/micromamba/envs/tardis/lib/python3.12/site-packages (from nbconvert>=6.4.4->jupyter-server<3,>=2.4.0->notebook>=4.4.1->widgetsnbextension~=3.6.5->ipywidgets>=7.0.0->qgridnext) (1.5.0)
2025-02-18T22:33:31.4258118Z Requirement already satisfied: tinycss2 in /home/runner/micromamba/envs/tardis/lib/python3.12/site-packages (from nbconvert>=6.4.4->jupyter-server<3,>=2.4.0->notebook>=4.4.1->widgetsnbextension~=3.6.5->ipywidgets>=7.0.0->qgridnext) (1.3.0)
2025-02-18T22:33:31.4374478Z Requirement already satisfied: fastjsonschema>=2.15 in /home/runner/micromamba/envs/tardis/lib/python3.12/site-packages (from nbformat>=5.3.0->jupyter-server<3,>=2.4.0->notebook>=4.4.1->widgetsnbextension~=3.6.5->ipywidgets>=7.0.0->qgridnext) (2.20.0)
2025-02-18T22:33:31.4687974Z Requirement already satisfied: charset-normalizer<4,>=2 in /home/runner/micromamba/envs/tardis/lib/python3.12/site-packages (from requests>=2.31->jupyterlab-server<3,>=2.27.1->notebook>=4.4.1->widgetsnbextension~=3.6.5->ipywidgets>=7.0.0->qgridnext) (3.3.2)
2025-02-18T22:33:31.4701492Z Requirement already satisfied: urllib3<3,>=1.21.1 in /home/runner/micromamba/envs/tardis/lib/python3.12/site-packages (from requests>=2.31->jupyterlab-server<3,>=2.27.1->notebook>=4.4.1->widgetsnbextension~=3.6.5->ipywidgets>=7.0.0->qgridnext) (2.2.2)
2025-02-18T22:33:31.5465457Z Requirement already satisfied: webencodings in /home/runner/micromamba/envs/tardis/lib/python3.12/site-packages (from bleach!=5.0.0->nbconvert>=6.4.4->jupyter-server<3,>=2.4.0->notebook>=4.4.1->widgetsnbextension~=3.6.5->ipywidgets>=7.0.0->qgridnext) (0.5.1)
2025-02-18T22:33:31.6030234Z Requirement already satisfied: fqdn in /home/runner/micromamba/envs/tardis/lib/python3.12/site-packages (from jsonschema[format-nongpl]>=4.18.0->jupyter-events>=0.9.0->jupyter-server<3,>=2.4.0->notebook>=4.4.1->widgetsnbextension~=3.6.5->ipywidgets>=7.0.0->qgridnext) (1.5.1)
2025-02-18T22:33:31.6046738Z Requirement already satisfied: isoduration in /home/runner/micromamba/envs/tardis/lib/python3.12/site-packages (from jsonschema[format-nongpl]>=4.18.0->jupyter-events>=0.9.0->jupyter-server<3,>=2.4.0->notebook>=4.4.1->widgetsnbextension~=3.6.5->ipywidgets>=7.0.0->qgridnext) (20.11.0)
2025-02-18T22:33:31.6060239Z Requirement already satisfied: jsonpointer>1.13 in /home/runner/micromamba/envs/tardis/lib/python3.12/site-packages (from jsonschema[format-nongpl]>=4.18.0->jupyter-events>=0.9.0->jupyter-server<3,>=2.4.0->notebook>=4.4.1->widgetsnbextension~=3.6.5->ipywidgets>=7.0.0->qgridnext) (3.0.0)
2025-02-18T22:33:31.6076436Z Requirement already satisfied: uri-template in /home/runner/micromamba/envs/tardis/lib/python3.12/site-packages (from jsonschema[format-nongpl]>=4.18.0->jupyter-events>=0.9.0->jupyter-server<3,>=2.4.0->notebook>=4.4.1->widgetsnbextension~=3.6.5->ipywidgets>=7.0.0->qgridnext) (1.3.0)
2025-02-18T22:33:31.6090174Z Requirement already satisfied: webcolors>=1.11 in /home/runner/micromamba/envs/tardis/lib/python3.12/site-packages (from jsonschema[format-nongpl]>=4.18.0->jupyter-events>=0.9.0->jupyter-server<3,>=2.4.0->notebook>=4.4.1->widgetsnbextension~=3.6.5->ipywidgets>=7.0.0->qgridnext) (24.6.0)
2025-02-18T22:33:31.7089413Z Requirement already satisfied: cffi>=1.0.1 in /home/runner/micromamba/envs/tardis/lib/python3.12/site-packages (from argon2-cffi-bindings->argon2-cffi>=21.1->jupyter-server<3,>=2.4.0->notebook>=4.4.1->widgetsnbextension~=3.6.5->ipywidgets>=7.0.0->qgridnext) (1.16.0)
2025-02-18T22:33:31.7186335Z Requirement already satisfied: soupsieve>1.2 in /home/runner/micromamba/envs/tardis/lib/python3.12/site-packages (from beautifulsoup4->nbconvert>=6.4.4->jupyter-server<3,>=2.4.0->notebook>=4.4.1->widgetsnbextension~=3.6.5->ipywidgets>=7.0.0->qgridnext) (2.5)
2025-02-18T22:33:31.7710024Z Requirement already satisfied: pycparser in /home/runner/micromamba/envs/tardis/lib/python3.12/site-packages (from cffi>=1.0.1->argon2-cffi-bindings->argon2-cffi>=21.1->jupyter-server<3,>=2.4.0->notebook>=4.4.1->widgetsnbextension~=3.6.5->ipywidgets>=7.0.0->qgridnext) (2.22)
2025-02-18T22:33:31.8223917Z Requirement already satisfied: arrow>=0.15.0 in /home/runner/micromamba/envs/tardis/lib/python3.12/site-packages (from isoduration->jsonschema[format-nongpl]>=4.18.0->jupyter-events>=0.9.0->jupyter-server<3,>=2.4.0->notebook>=4.4.1->widgetsnbextension~=3.6.5->ipywidgets>=7.0.0->qgridnext) (1.3.0)
2025-02-18T22:33:31.8527250Z Requirement already satisfied: types-python-dateutil>=2.8.10 in /home/runner/micromamba/envs/tardis/lib/python3.12/site-packages (from arrow>=0.15.0->isoduration->jsonschema[format-nongpl]>=4.18.0->jupyter-events>=0.9.0->jupyter-server<3,>=2.4.0->notebook>=4.4.1->widgetsnbextension~=3.6.5->ipywidgets>=7.0.0->qgridnext) (2.9.0.20240316)
2025-02-18T22:33:31.8849668Z Downloading qgridnext-2.0.4-py3-none-any.whl (1.3 MB)
2025-02-18T22:33:31.9332149Z    â”â”â”â”â”â”â”â”â”â”â”â”â”â”â”â”â”â”â”â”â”â”â”â”â”â”â”â”â”â”â”â”â”â”â”â”â”â”â”â” 1.3/1.3 MB 27.3 MB/s eta 0:00:00
2025-02-18T22:33:32.7219776Z Installing collected packages: qgridnext
2025-02-18T22:33:32.7962644Z Successfully installed qgridnext-2.0.4
2025-02-18T22:33:32.9740974Z ##[group]Run pytest tardis --tardis-regression-data=/home/runner/work/tardis/tardis/tardis-regression-data --cov=tardis --cov-report=xml --cov-report=html --cov-append -m "not continuum"
2025-02-18T22:33:32.9742263Z [36;1mpytest tardis --tardis-regression-data=/home/runner/work/tardis/tardis/tardis-regression-data --cov=tardis --cov-report=xml --cov-report=html --cov-append -m "not continuum"[0m
2025-02-18T22:33:32.9796061Z shell: /usr/bin/bash -l {0}
2025-02-18T22:33:32.9796301Z env:
2025-02-18T22:33:32.9796483Z   CACHE_NUMBER: 0
2025-02-18T22:33:32.9797074Z   PYTEST_FLAGS: --tardis-regression-data=/home/runner/work/tardis/tardis/tardis-regression-data --cov=tardis --cov-report=xml --cov-report=html --cov-append
2025-02-18T22:33:32.9797719Z   CODECOV_TOKEN: 
2025-02-18T22:33:32.9797943Z   MAMBA_ROOT_PREFIX: /home/runner/micromamba
2025-02-18T22:33:32.9798248Z   MAMBA_EXE: /home/runner/micromamba-bin/micromamba
2025-02-18T22:33:32.9798761Z   CONDARC: /home/runner/work/_temp/setup-micromamba/.condarc
2025-02-18T22:33:32.9799069Z ##[endgroup]
2025-02-18T22:33:41.5356749Z ============================= test session starts ==============================
2025-02-18T22:33:41.5357469Z platform linux -- Python 3.12.4, pytest-8.2.2, pluggy-1.5.0
2025-02-18T22:33:41.5358021Z rootdir: /home/runner/work/tardis/tardis
2025-02-18T22:33:41.5358805Z configfile: pyproject.toml
2025-02-18T22:33:41.5359405Z plugins: metadata-3.1.1, anyio-4.4.0, doctestplus-1.2.1, cov-5.0.0, html-4.1.1
2025-02-18T22:33:41.5360129Z collected 1796 items / 2 deselected / 1794 selected
2025-02-18T22:33:41.5360467Z 
2025-02-18T22:33:46.4634125Z tardis/energy_input/tests/test_energy_source.py ..xxx                    [  0%]
2025-02-18T22:33:49.2524192Z tardis/energy_input/tests/test_gamma_ray_channel.py ...........          [  0%]
2025-02-18T22:33:50.8576123Z tardis/energy_input/tests/test_gamma_ray_grid.py xx.                     [  1%]
2025-02-18T22:33:52.6209749Z tardis/energy_input/tests/test_gamma_ray_interactions.py xx....          [  1%]
2025-02-18T22:33:52.6300189Z tardis/energy_input/tests/test_gamma_ray_packet_source.py sssssssss      [  1%]
2025-02-18T22:33:53.9490533Z tardis/energy_input/tests/test_util.py .....xxxx.....                    [  2%]
2025-02-18T22:33:54.3348692Z tardis/grid/tests/test_grid.py .                                         [  2%]
2025-02-18T22:33:54.3364290Z tardis/gui/tests/test_gui.py s                                           [  2%]
2025-02-18T22:33:57.9399386Z tardis/io/configuration/tests/test_config_reader.py ...........          [  3%]
2025-02-18T22:33:57.9525396Z tardis/io/configuration/tests/test_configuration_namespace.py .........  [  3%]
2025-02-18T22:33:57.9826841Z tardis/io/logger/tests/test_logging.py ssssssssssssssssssssssssssss      [  5%]
2025-02-18T22:34:35.8724382Z tardis/io/model/readers/tests/test_arepo_parser.py ..                    [  5%]
2025-02-18T22:34:35.8868691Z tardis/io/model/readers/tests/test_ascii_readers.py ...                  [  5%]
2025-02-18T22:34:35.8972911Z tardis/io/model/readers/tests/test_cmfgen_reader.py ..                   [  5%]
2025-02-18T22:34:35.9284723Z tardis/io/model/readers/tests/test_csvy_reader.py ....                   [  6%]
2025-02-18T22:34:35.9492854Z tardis/io/model/readers/tests/test_stella_reader.py ..                   [  6%]
2025-02-18T22:34:36.2589632Z tardis/io/tests/test_HDFWriter.py ...............                        [  7%]
2025-02-18T22:34:36.5744183Z tardis/io/tests/test_atomic.py .....                                     [  7%]
2025-02-18T22:34:36.8530212Z tardis/io/tests/test_decay.py FF                                         [  7%]
2025-02-18T22:34:37.0509754Z tardis/io/tests/test_model_reader.py ......                              [  7%]
2025-02-18T22:34:37.0578552Z tardis/model/geometry/tests/test_radial1d.py ..                          [  7%]
2025-02-18T22:35:35.7760526Z tardis/model/tests/test_base.py ........................................ [ 10%]
2025-02-18T22:35:36.7866892Z ............                                                             [ 10%]
2025-02-18T22:35:39.8913492Z tardis/model/tests/test_csvy_model.py .........                          [ 11%]
2025-02-18T22:35:39.9393642Z tardis/model/tests/test_density.py ..                                    [ 11%]
2025-02-18T22:35:41.2505588Z tardis/opacities/tests/test_opacity_solver.py .....                      [ 11%]
2025-02-18T22:35:42.5599724Z tardis/opacities/tests/test_opacity_state_numba.py .....                 [ 11%]
2025-02-18T22:35:44.1837033Z tardis/opacities/tests/test_tau_sobolev.py ..                            [ 12%]
2025-02-18T22:35:47.2540425Z tardis/plasma/equilibrium/tests/test_collisional_transitions.py ...      [ 12%]
2025-02-18T22:36:32.7831498Z tardis/plasma/equilibrium/tests/test_level_populations.py ....           [ 12%]
2025-02-18T22:36:44.2760617Z tardis/plasma/equilibrium/tests/test_rate_matrix.py .                    [ 12%]
2025-02-18T22:36:45.7070426Z tardis/plasma/tests/test_complete_plasmas.py ..............s......s..... [ 13%]
2025-02-18T22:36:48.6223672Z s....ssssss............s......s.....ss.....s....ssssss............s..... [ 18%]
2025-02-18T22:36:50.3118014Z .s.....ss.....s....ssssss............s......s.....ss.....s....ssssss.... [ 22%]
2025-02-18T22:36:53.5022326Z ........s......s.....ss.....s....ssssss............s......s.....ss.....s [ 26%]
2025-02-18T22:36:56.3956142Z ....ssssss............s......s.....ss.....s....ssssss............s...... [ 30%]
2025-02-18T22:36:57.0963253Z s.....ss.....s....ssssss............s......s.....ss.....s.ss.ssssss..... [ 34%]
2025-02-18T22:37:00.0330188Z .......s......s.....ss.....s....ssssss............s......s.....ss.....s. [ 38%]
2025-02-18T22:37:02.9259524Z ...ssssss............s......s.....ss.....s....ssssss............s......s [ 42%]
2025-02-18T22:37:06.2918027Z .....ss.....s....ssssss............s......s.....s...........ssssss...... [ 46%]
2025-02-18T22:37:08.0724254Z ......s......s.....s...........ssssss............s......s.....s......... [ 50%]
2025-02-18T22:37:10.9721208Z ..ssssss............s......s.....ss.....s....ssssss............s......s. [ 54%]
2025-02-18T22:37:14.1496206Z ....ss.....s....ssssss...................s......s.....s....ssss......... [ 58%]
2025-02-18T22:37:14.4457375Z ............s......s.....s....ssss.......                                [ 60%]
2025-02-18T22:37:14.5592870Z tardis/plasma/tests/test_hdf_plasma.py ................................. [ 62%]
2025-02-18T22:37:14.5707431Z ......                                                                   [ 62%]
2025-02-18T22:37:14.7037970Z tardis/plasma/tests/test_nlte_excitation.py ...                          [ 62%]
2025-02-18T22:39:31.2621702Z tardis/plasma/tests/test_nlte_solver.py .....X                           [ 63%]
2025-02-18T22:39:31.2646375Z tardis/plasma/tests/test_plasma_continuum.py .                           [ 63%]
2025-02-18T22:39:54.1067404Z tardis/plasma/tests/test_plasma_vboundary.py .............               [ 63%]
2025-02-18T22:40:07.2880996Z tardis/plasma/tests/test_tardis_model_density_config.py ...              [ 64%]
2025-02-18T22:40:08.0424321Z tardis/simulation/tests/test_convergence.py .....                        [ 64%]
2025-02-18T22:40:17.1437350Z tardis/simulation/tests/test_simulation.py .............                 [ 65%]
2025-02-18T22:40:17.1629103Z tardis/spectrum/tests/test_cuda_formal_integral.py sssssssssssssssssssss [ 66%]
2025-02-18T22:40:17.6400416Z ssss...ssssssssssssssssssssss                                            [ 67%]
2025-02-18T22:40:17.6472227Z tardis/spectrum/tests/test_luminosity.py ....                            [ 68%]
2025-02-18T22:40:19.3020682Z tardis/spectrum/tests/test_numba_formal_integral.py .................... [ 69%]
2025-02-18T22:40:19.3215127Z ..........                                                               [ 69%]
2025-02-18T22:40:19.5058759Z tardis/spectrum/tests/test_spectrum.py ................................. [ 71%]
2025-02-18T22:40:19.5405382Z .........                                                                [ 72%]
2025-02-18T22:40:38.4450297Z tardis/spectrum/tests/test_spectrum_solver.py ....                       [ 72%]
2025-02-18T22:41:40.5151852Z tardis/tests/test_tardis_full.py ....                                    [ 72%]
2025-02-18T22:43:04.8351291Z tardis/tests/test_tardis_full_formal_integral.py ................        [ 73%]
2025-02-18T22:43:04.9097069Z tardis/tests/test_util.py .............................................  [ 75%]
2025-02-18T22:43:07.5429106Z tardis/transport/montecarlo/tests/test_base.py x.....................    [ 77%]
2025-02-18T22:43:14.8805471Z tardis/transport/montecarlo/tests/test_interaction.py .......            [ 77%]
2025-02-18T22:43:15.1063097Z tardis/transport/montecarlo/tests/test_macro_atom.py ....                [ 77%]
2025-02-18T22:43:15.1235049Z tardis/transport/montecarlo/tests/test_montecarlo.py sssssssssssssssssss [ 78%]
2025-02-18T22:43:15.1663522Z sssssssssssssssssssssssssssssssssssssssssssss                            [ 81%]
2025-02-18T22:43:24.5807565Z tardis/transport/montecarlo/tests/test_montecarlo_main_loop.py x..       [ 81%]
2025-02-18T22:43:24.5874166Z tardis/transport/montecarlo/tests/test_nonhomologous.py ...              [ 81%]
2025-02-18T22:43:30.5099653Z tardis/transport/montecarlo/tests/test_numba_interface.py .....x.        [ 82%]
2025-02-18T22:43:31.0022111Z tardis/transport/montecarlo/tests/test_opacities.py ...............      [ 82%]
2025-02-18T22:43:32.0573353Z tardis/transport/montecarlo/tests/test_packet.py .................xXXXXX [ 84%]
2025-02-18T22:43:32.1946303Z XX.........                                                              [ 84%]
2025-02-18T22:43:32.2227351Z tardis/transport/montecarlo/tests/test_packet_source.py ........         [ 85%]
2025-02-18T22:43:32.5382590Z tardis/transport/montecarlo/tests/test_rpacket_last_interaction_tracker.py . [ 85%]
2025-02-18T22:43:32.9684606Z .....                                                                    [ 85%]
2025-02-18T22:44:08.7287611Z tardis/transport/montecarlo/tests/test_rpacket_tracker.py ......         [ 85%]
2025-02-18T22:44:08.7571331Z tardis/transport/montecarlo/tests/test_single_packet_loop.py xxx         [ 86%]
2025-02-18T22:44:08.7602475Z tardis/transport/montecarlo/tests/test_tracker_utils.py ..               [ 86%]
2025-02-18T22:44:11.2609154Z tardis/transport/montecarlo/tests/test_vpacket.py ..x.                   [ 86%]
2025-02-18T22:44:11.2781841Z tardis/transport/montecarlo/tests/test_weighted_packet_source.py ....    [ 86%]
2025-02-18T22:44:15.1711318Z tardis/transport/montecarlo/tests/test_weighted_packet_source_integration.py . [ 86%]
2025-02-18T22:44:15.1712611Z                                                                          [ 86%]
2025-02-18T22:44:15.9397030Z tardis/transport/tests/test_doppler_factor.py ..................         [ 87%]
2025-02-18T22:44:17.2944549Z tardis/visualization/tools/tests/test_convergence_plot.py .............. [ 88%]
2025-02-18T22:44:19.5335355Z ......                                                                   [ 88%]
2025-02-18T22:44:24.3544475Z tardis/visualization/tools/tests/test_liv_plot.py ...................... [ 90%]
2025-02-18T22:44:27.0621638Z .............................                                            [ 91%]
2025-02-18T22:44:29.9004100Z tardis/visualization/tools/tests/test_rpacket_plot.py .................. [ 92%]
2025-02-18T22:44:36.9329560Z ....                                                                     [ 92%]
2025-02-18T22:44:43.4783073Z tardis/visualization/tools/tests/test_sdec_plot.py ..................... [ 94%]
2025-02-18T22:44:51.1068134Z ..............................                                           [ 95%]
2025-02-18T22:44:51.5407858Z tardis/visualization/widgets/tests/test_custom_abundance.py ........ss.. [ 96%]
2025-02-18T22:44:51.6133607Z ....                                                                     [ 96%]
2025-02-18T22:44:52.6867909Z tardis/visualization/widgets/tests/test_line_info.py ................... [ 97%]
2025-02-18T22:44:53.3229964Z ..................                                                       [ 98%]
2025-02-18T22:45:56.7757979Z tardis/visualization/widgets/tests/test_shell_info.py .................. [ 99%]
2025-02-18T22:46:03.6460661Z ......                                                                   [100%]
2025-02-18T22:46:03.6461172Z 
2025-02-18T22:46:03.6461408Z =================================== FAILURES ===================================
2025-02-18T22:46:03.6461977Z ______________________________ test_simple_decay _______________________________
2025-02-18T22:46:03.6462613Z 
2025-02-18T22:46:03.6462867Z simple_abundance_model =                              0    1
2025-02-18T22:46:03.6463505Z atomic_number mass_number          
2025-02-18T22:46:03.6464017Z 28            56           1.0  1.0
2025-02-18T22:46:03.6464350Z 
2025-02-18T22:46:03.6464587Z     def test_simple_decay(simple_abundance_model):
2025-02-18T22:46:03.6465127Z >       decayed_abundance = simple_abundance_model.decay(100)
2025-02-18T22:46:03.6465593Z 
2025-02-18T22:46:03.6465802Z tardis/io/tests/test_decay.py:17: 
2025-02-18T22:46:03.6466343Z _ _ _ _ _ _ _ _ _ _ _ _ _ _ _ _ _ _ _ _ _ _ _ _ _ _ _ _ _ _ _ _ _ _ _ _ _ _ _ _ 
2025-02-18T22:46:03.6466746Z 
2025-02-18T22:46:03.6466927Z self =                              0    1
2025-02-18T22:46:03.6467446Z atomic_number mass_number          
2025-02-18T22:46:03.6467902Z 28            56           1.0  1.0
2025-02-18T22:46:03.6468260Z name = 'decay'
2025-02-18T22:46:03.6468654Z 
2025-02-18T22:46:03.6468802Z     @final
2025-02-18T22:46:03.6469125Z     def __getattr__(self, name: str):
2025-02-18T22:46:03.6469533Z         """
2025-02-18T22:46:03.6469936Z         After regular attribute access, try looking up the name
2025-02-18T22:46:03.6470514Z         This allows simpler access to columns for interactive use.
2025-02-18T22:46:03.6470999Z         """
2025-02-18T22:46:03.6471405Z         # Note: obj.x will always call obj.__getattribute__('x') prior to
2025-02-18T22:46:03.6471991Z         # calling obj.__getattr__('x').
2025-02-18T22:46:03.6472399Z         if (
2025-02-18T22:46:03.6472625Z             name not in self._internal_names_set
2025-02-18T22:46:03.6472933Z             and name not in self._metadata
2025-02-18T22:46:03.6473219Z             and name not in self._accessors
2025-02-18T22:46:03.6473572Z             and self._info_axis._can_hold_identifiers_and_holds_name(name)
2025-02-18T22:46:03.6473913Z         ):
2025-02-18T22:46:03.6474118Z             return self[name]
2025-02-18T22:46:03.6474396Z >       return object.__getattribute__(self, name)
2025-02-18T22:46:03.6474818Z E       AttributeError: 'IsotopicMassFraction' object has no attribute 'decay'
2025-02-18T22:46:03.6475135Z 
2025-02-18T22:46:03.6475462Z ../../../micromamba/envs/tardis/lib/python3.12/site-packages/pandas/core/generic.py:6299: AttributeError
2025-02-18T22:46:03.6476052Z _____________________________ test_abundance_merge _____________________________
2025-02-18T22:46:03.6476314Z 
2025-02-18T22:46:03.6476469Z simple_abundance_model =                              0    1
2025-02-18T22:46:03.6476815Z atomic_number mass_number          
2025-02-18T22:46:03.6477075Z 28            56           1.0  1.0
2025-02-18T22:46:03.6477345Z raw_abundance_simple =                  0    1
2025-02-18T22:46:03.6477634Z atomic_number          
2025-02-18T22:46:03.6477854Z 28             0.2  0.2
2025-02-18T22:46:03.6478059Z 30             0.1  0.1
2025-02-18T22:46:03.6478190Z 
2025-02-18T22:46:03.6478614Z     def test_abundance_merge(simple_abundance_model, raw_abundance_simple):
2025-02-18T22:46:03.6479102Z >       decayed_df = simple_abundance_model.decay(100)
2025-02-18T22:46:03.6479327Z 
2025-02-18T22:46:03.6479433Z tardis/io/tests/test_decay.py:34: 
2025-02-18T22:46:03.6479713Z _ _ _ _ _ _ _ _ _ _ _ _ _ _ _ _ _ _ _ _ _ _ _ _ _ _ _ _ _ _ _ _ _ _ _ _ _ _ _ _ 
2025-02-18T22:46:03.6479910Z 
2025-02-18T22:46:03.6480003Z self =                              0    1
2025-02-18T22:46:03.6480255Z atomic_number mass_number          
2025-02-18T22:46:03.6480481Z 28            56           1.0  1.0
2025-02-18T22:46:03.6480903Z name = 'decay'
2025-02-18T22:46:03.6481022Z 
2025-02-18T22:46:03.6481096Z     @final
2025-02-18T22:46:03.6481323Z     def __getattr__(self, name: str):
2025-02-18T22:46:03.6481562Z         """
2025-02-18T22:46:03.6481797Z         After regular attribute access, try looking up the name
2025-02-18T22:46:03.6482156Z         This allows simpler access to columns for interactive use.
2025-02-18T22:46:03.6482450Z         """
2025-02-18T22:46:03.6482844Z         # Note: obj.x will always call obj.__getattribute__('x') prior to
2025-02-18T22:46:03.6483170Z         # calling obj.__getattr__('x').
2025-02-18T22:46:03.6483445Z         if (
2025-02-18T22:46:03.6483644Z             name not in self._internal_names_set
2025-02-18T22:46:03.6483907Z             and name not in self._metadata
2025-02-18T22:46:03.6484156Z             and name not in self._accessors
2025-02-18T22:46:03.6484469Z             and self._info_axis._can_hold_identifiers_and_holds_name(name)
2025-02-18T22:46:03.6484766Z         ):
2025-02-18T22:46:03.6484947Z             return self[name]
2025-02-18T22:46:03.6485189Z >       return object.__getattribute__(self, name)
2025-02-18T22:46:03.6485561Z E       AttributeError: 'IsotopicMassFraction' object has no attribute 'decay'
2025-02-18T22:46:03.6485838Z 
2025-02-18T22:46:03.6486126Z ../../../micromamba/envs/tardis/lib/python3.12/site-packages/pandas/core/generic.py:6299: AttributeError
2025-02-18T22:46:03.6486617Z =============================== warnings summary ===============================
2025-02-18T22:46:03.6486940Z tardis/io/configuration/config_validator.py:6
2025-02-18T22:46:03.6487234Z tardis/io/configuration/config_validator.py:6
2025-02-18T22:46:03.6487726Z   /home/runner/work/tardis/tardis/tardis/io/configuration/config_validator.py:6: DeprecationWarning:
2025-02-18T22:46:03.6488179Z   
2025-02-18T22:46:03.6489584Z   jsonschema.RefResolver is deprecated as of v4.18.0, in favor of the https://github.com/python-jsonschema/referencing library, which provides more compliant referencing behavior as well as more flexible APIs for customization. A future release will remove RefResolver. Please file a feature request (on referencing) if you are missing an API for the kind of customization you need.
2025-02-18T22:46:03.6490849Z 
2025-02-18T22:46:03.6491095Z ../../../micromamba/envs/tardis/lib/python3.12/site-packages/jupyter_client/connect.py:22
2025-02-18T22:46:03.6491768Z   /home/runner/micromamba/envs/tardis/lib/python3.12/site-packages/jupyter_client/connect.py:22: DeprecationWarning:
2025-02-18T22:46:03.6492280Z   
2025-02-18T22:46:03.6492520Z   Jupyter is migrating its paths to use standard platformdirs
2025-02-18T22:46:03.6492902Z   given by the platformdirs library.  To remove this warning and
2025-02-18T22:46:03.6493293Z   see the appropriate new directories, set the environment variable
2025-02-18T22:46:03.6493679Z   `JUPYTER_PLATFORM_DIRS=1` and then run `jupyter --paths`.
2025-02-18T22:46:03.6494072Z   The use of platformdirs will be the default in `jupyter_core` v6
2025-02-18T22:46:03.6494306Z 
2025-02-18T22:46:03.6497898Z tardis/io/tests/test_HDFWriter.py::test_multi_index_write
2025-02-18T22:46:03.6498690Z tardis/visualization/widgets/tests/test_shell_info.py::TestHDFShellInfo::test_shells_data
2025-02-18T22:46:03.6499268Z   /home/runner/work/tardis/tardis/tardis/io/util.py:276: PerformanceWarning:
2025-02-18T22:46:03.6499642Z   
2025-02-18T22:46:03.6499806Z   
2025-02-18T22:46:03.6500101Z   your performance may suffer as PyTables will pickle object types that it cannot
2025-02-18T22:46:03.6500657Z   map directly to c-types [inferred_type->mixed,key->block0_values] [items->Index([0], dtype='int64')]
2025-02-18T22:46:03.6500996Z 
2025-02-18T22:46:03.6501194Z tardis/io/tests/test_model_reader.py::test_read_cmfgen_isotope_abundances
2025-02-18T22:46:03.6501680Z tardis/plasma/tests/test_tardis_model_density_config.py::test_electron_densities
2025-02-18T22:46:03.6502203Z tardis/plasma/tests/test_tardis_model_density_config.py::test_isotope_number_densities
2025-02-18T22:46:03.6502876Z tardis/plasma/tests/test_tardis_model_density_config.py::test_t_rad
2025-02-18T22:46:03.6503472Z   /home/runner/work/tardis/tardis/tardis/io/model/readers/cmfgen_deprecated.py:82: DeprecationWarning:
2025-02-18T22:46:03.6503944Z   
2025-02-18T22:46:03.6504150Z   The current CMFGEN model parser is deprecated
2025-02-18T22:46:03.6504344Z 
2025-02-18T22:46:03.6504459Z tardis/io/tests/test_model_reader.py: 1 warning
2025-02-18T22:46:03.6504821Z tardis/plasma/tests/test_tardis_model_density_config.py: 9 warnings
2025-02-18T22:46:03.6505496Z   /home/runner/work/tardis/tardis/tardis/io/model/readers/cmfgen_deprecated.py:40: DeprecationWarning:
2025-02-18T22:46:03.6505954Z   
2025-02-18T22:46:03.6506151Z   The current CMFGEN model parser is deprecated
2025-02-18T22:46:03.6506332Z 
2025-02-18T22:46:03.6506544Z tardis/model/tests/test_base.py::TestModelFromPaper1Config::test_abundances
2025-02-18T22:46:03.6507197Z   /home/runner/work/tardis/tardis/tardis/transport/montecarlo/montecarlo_main_loop.py:123: NumbaTypeSafetyWarning:
2025-02-18T22:46:03.6507711Z   
2025-02-18T22:46:03.6508215Z   [1m[1m[1munsafe cast from uint64 to int64. Precision may be lost.[0m[0m[0m
2025-02-18T22:46:03.6508698Z 
2025-02-18T22:46:03.6508805Z tardis/model/tests/test_base.py: 6 warnings
2025-02-18T22:46:03.6509097Z tardis/model/tests/test_csvy_model.py: 2 warnings
2025-02-18T22:46:03.6509469Z tardis/plasma/tests/test_tardis_model_density_config.py: 3 warnings
2025-02-18T22:46:03.6510005Z   /home/runner/work/tardis/tardis/tardis/model/geometry/radial1d.py:50: DeprecationWarning:
2025-02-18T22:46:03.6510422Z   
2025-02-18T22:46:03.6510615Z   v_inner_boundary < 0, assuming default value
2025-02-18T22:46:03.6510797Z 
2025-02-18T22:46:03.6510901Z tardis/model/tests/test_base.py: 6 warnings
2025-02-18T22:46:03.6511189Z tardis/model/tests/test_csvy_model.py: 2 warnings
2025-02-18T22:46:03.6511550Z tardis/plasma/tests/test_tardis_model_density_config.py: 3 warnings
2025-02-18T22:46:03.6512066Z   /home/runner/work/tardis/tardis/tardis/model/geometry/radial1d.py:61: DeprecationWarning:
2025-02-18T22:46:03.6512479Z   
2025-02-18T22:46:03.6512671Z   v_outer_boundary < 0, assuming default value
2025-02-18T22:46:03.6512852Z 
2025-02-18T22:46:03.6513301Z tardis/plasma/equilibrium/tests/test_level_populations.py::TestLevelPopulationSolver::test_solve[collisional_rate_solver0-radiative_transitions0]
2025-02-18T22:46:03.6514126Z   /home/runner/work/tardis/tardis/tardis/plasma/equilibrium/level_populations.py:65: FutureWarning:
2025-02-18T22:46:03.6514578Z   
2025-02-18T22:46:03.6514937Z   A value is trying to be set on a copy of a DataFrame or Series through chained assignment using an inplace method.
2025-02-18T22:46:03.6515727Z   The behavior will change in pandas 3.0. This inplace method will never work because the intermediate object on which we are setting values always behaves as a copy.
2025-02-18T22:46:03.6516305Z   
2025-02-18T22:46:03.6516910Z   For example, when doing 'df[col].method(value, inplace=True)', try using 'df.method({col: value}, inplace=True)' or df[col] = df[col].method(value) instead, to perform the operation inplace on the original object.
2025-02-18T22:46:03.6517493Z 
2025-02-18T22:46:03.6517708Z tardis/plasma/tests/test_plasma_vboundary.py::test_plasma_vboundary[2900-3750]
2025-02-18T22:46:03.6518210Z tardis/plasma/tests/test_plasma_vboundary.py::test_plasma_vboundary[2900-3850]
2025-02-18T22:46:03.6518980Z tardis/plasma/tests/test_plasma_vboundary.py::test_plasma_vboundary[2900-3900]
2025-02-18T22:46:03.6519505Z   /home/runner/work/tardis/tardis/tardis/model/geometry/radial1d.py:71: UserWarning:
2025-02-18T22:46:03.6519887Z   
2025-02-18T22:46:03.6520165Z   Requesting inner boundary below inner shell. Extrapolating the inner cell
2025-02-18T22:46:03.6520439Z 
2025-02-18T22:46:03.6520646Z tardis/spectrum/tests/test_spectrum_solver.py::TestSpectrumSolver::test_solve
2025-02-18T22:46:03.6521129Z   /home/runner/work/tardis/tardis/tardis/spectrum/base.py:70: UserWarning:
2025-02-18T22:46:03.6521476Z   
2025-02-18T22:46:03.6522024Z   SpectrumSolver.spectrum_virtual_packets is zero. Please run the montecarlo simulation with no_of_virtual_packets > 0
2025-02-18T22:46:03.6522432Z 
2025-02-18T22:46:03.6522645Z tardis/spectrum/tests/test_spectrum_solver.py::TestSpectrumSolver::test_solve
2025-02-18T22:46:03.6523128Z   /home/runner/work/tardis/tardis/tardis/spectrum/base.py:111: UserWarning:
2025-02-18T22:46:03.6523471Z   
2025-02-18T22:46:03.6523897Z   SpectrumSolver.integrator: The FormalIntegrator is not yet available.Please run the montecarlo simulation at least once.
2025-02-18T22:46:03.6524460Z 
2025-02-18T22:46:03.6524676Z tardis/transport/montecarlo/tests/test_vpacket.py::test_trace_vpacket_volley
2025-02-18T22:46:03.6525076Z   <string>:3: NumbaPendingDeprecationWarning:
2025-02-18T22:46:03.6525326Z   
2025-02-18T22:46:03.6526482Z   [1m[1mCode using Numba extension API maybe depending on 'old_style' error-capturing, which is deprecated and will be replaced by 'new_style' in a future release. See details at https://numba.readthedocs.io/en/latest/reference/deprecation.html#deprecation-of-old-style-numba-captured-errors
2025-02-18T22:46:03.6527481Z   Exception origin:
2025-02-18T22:46:03.6527855Z     File "/home/runner/micromamba/envs/tardis/lib/python3.12/inspect.py", line 3180, in _bind
2025-02-18T22:46:03.6528284Z       raise TypeError(msg) from None
2025-02-18T22:46:03.6528694Z   [0m[0m
2025-02-18T22:46:03.6528797Z 
2025-02-18T22:46:03.6529133Z tardis/visualization/tools/tests/test_sdec_plot.py::TestSDECPlotter::test_mpl_image[plotter_generate_plot_mpl4]
2025-02-18T22:46:03.6529828Z   /home/runner/work/tardis/tardis/tardis/visualization/tools/sdec_plot.py:1225: RuntimeWarning:
2025-02-18T22:46:03.6530262Z   
2025-02-18T22:46:03.6531193Z   More than 20 figures have been opened. Figures created through the pyplot interface (`matplotlib.pyplot.figure`) are retained until explicitly closed and may consume too much memory. (To control this warning, see the rcParam `figure.max_open_warning`). Consider using `matplotlib.pyplot.close()`.
2025-02-18T22:46:03.6532117Z 
2025-02-18T22:46:03.6532472Z tardis/visualization/widgets/tests/test_custom_abundance.py::TestCustomAbundanceWidget::test_update_input_item_value
2025-02-18T22:46:03.6533245Z tardis/visualization/widgets/tests/test_custom_abundance.py::TestCustomAbundanceWidget::test_update_input_item_value
2025-02-18T22:46:03.6534005Z tardis/visualization/widgets/tests/test_custom_abundance.py::TestCustomAbundanceWidget::test_update_input_item_value
2025-02-18T22:46:03.6534768Z tardis/visualization/widgets/tests/test_custom_abundance.py::TestCustomAbundanceWidget::test_update_input_item_value
2025-02-18T22:46:03.6535530Z tardis/visualization/widgets/tests/test_custom_abundance.py::TestCustomAbundanceWidget::test_update_input_item_value
2025-02-18T22:46:03.6536285Z tardis/visualization/widgets/tests/test_custom_abundance.py::TestCustomAbundanceWidget::test_update_input_item_value
2025-02-18T22:46:03.6537059Z   /home/runner/micromamba/envs/tardis/lib/python3.12/site-packages/traitlets/traitlets.py:1385: DeprecationWarning:
2025-02-18T22:46:03.6537556Z   
2025-02-18T22:46:03.6537839Z   Passing unrecognized arguments to super(Checkbox).__init__(icon='lock').
2025-02-18T22:46:03.6538290Z   object.__init__() takes exactly one argument (the instance to initialize)
2025-02-18T22:46:03.6538928Z   This is deprecated in traitlets 4.2.This error will be raised in a future release of traitlets.
2025-02-18T22:46:03.6539251Z 
2025-02-18T22:46:03.6539605Z tardis/visualization/widgets/tests/test_custom_abundance.py::TestCustomAbundanceWidget::test_update_input_item_value
2025-02-18T22:46:03.6540384Z tardis/visualization/widgets/tests/test_custom_abundance.py::TestCustomAbundanceWidget::test_update_input_item_value
2025-02-18T22:46:03.6541176Z   /home/runner/micromamba/envs/tardis/lib/python3.12/site-packages/traitlets/traitlets.py:1385: DeprecationWarning:
2025-02-18T22:46:03.6541681Z   
2025-02-18T22:46:03.6541952Z   Passing unrecognized arguments to super(FloatText).__init__(min=0).
2025-02-18T22:46:03.6542517Z   object.__init__() takes exactly one argument (the instance to initialize)
2025-02-18T22:46:03.6543012Z   This is deprecated in traitlets 4.2.This error will be raised in a future release of traitlets.
2025-02-18T22:46:03.6543323Z 
2025-02-18T22:46:03.6543677Z tardis/visualization/widgets/tests/test_custom_abundance.py::TestCustomAbundanceWidget::test_update_input_item_value
2025-02-18T22:46:03.6544445Z   /home/runner/micromamba/envs/tardis/lib/python3.12/site-packages/traitlets/traitlets.py:1385: DeprecationWarning:
2025-02-18T22:46:03.6545043Z   
2025-02-18T22:46:03.6545308Z   Passing unrecognized arguments to super(HTML).__init__(indent=True).
2025-02-18T22:46:03.6545733Z   object.__init__() takes exactly one argument (the instance to initialize)
2025-02-18T22:46:03.6546212Z   This is deprecated in traitlets 4.2.This error will be raised in a future release of traitlets.
2025-02-18T22:46:03.6546527Z 
2025-02-18T22:46:03.6546952Z tardis/visualization/widgets/tests/test_line_info.py::TestLineInfoWidgetData::test_get_species_interactions[wavelength_range0-packet_out_nu]
2025-02-18T22:46:03.6547785Z   /home/runner/micromamba/envs/tardis/lib/python3.12/site-packages/qgridnext/grid.py:830: DeprecationWarning:
2025-02-18T22:46:03.6548258Z   
2025-02-18T22:46:03.6548709Z   QgridWidget._show_toolbar_changed is deprecated in traitlets 4.1: use @observe and @unobserve instead.
2025-02-18T22:46:03.6549061Z 
2025-02-18T22:46:03.6549323Z tardis/visualization/widgets/tests/test_shell_info.py::TestHDFShellInfo::test_shells_data
2025-02-18T22:46:03.6549872Z   /home/runner/work/tardis/tardis/tardis/io/util.py:289: PerformanceWarning:
2025-02-18T22:46:03.6550228Z   
2025-02-18T22:46:03.6550389Z   
2025-02-18T22:46:03.6550679Z   your performance may suffer as PyTables will pickle object types that it cannot
2025-02-18T22:46:03.6551217Z   map directly to c-types [inferred_type->mixed,key->block0_values] [items->Index([0], dtype='int64')]
2025-02-18T22:46:03.6551560Z 
2025-02-18T22:46:03.6551822Z tardis/visualization/widgets/tests/test_shell_info.py::TestHDFShellInfo::test_shells_data
2025-02-18T22:46:03.6552361Z   /home/runner/work/tardis/tardis/tardis/io/util.py:292: PerformanceWarning:
2025-02-18T22:46:03.6552717Z   
2025-02-18T22:46:03.6552871Z   
2025-02-18T22:46:03.6553154Z   your performance may suffer as PyTables will pickle object types that it cannot
2025-02-18T22:46:03.6553614Z   map directly to c-types [inferred_type->mixed,key->values] [items->None]
2025-02-18T22:46:03.6553882Z 
2025-02-18T22:46:03.6554138Z tardis/visualization/widgets/tests/test_shell_info.py::TestHDFShellInfo::test_shells_data
2025-02-18T22:46:03.6554711Z   /home/runner/work/tardis/tardis/tardis/spectrum/formal_integral.py:398: UserWarning:
2025-02-18T22:46:03.6555103Z   
2025-02-18T22:46:03.6555379Z   The number of interpolate_shells was not specified. The value was set to 80.
2025-02-18T22:46:03.6555647Z 
2025-02-18T22:46:03.6555845Z -- Docs: https://docs.pytest.org/en/stable/how-to/capture-warnings.html
2025-02-18T22:46:03.6556119Z 
2025-02-18T22:46:03.6556288Z ---------- coverage: platform linux, python 3.12.4-final-0 -----------
2025-02-18T22:46:03.6556650Z Coverage HTML written to dir coverage_html_report
2025-02-18T22:46:03.6556952Z Coverage XML written to file coverage.xml
2025-02-18T22:46:03.6557134Z 
2025-02-18T22:46:03.6557260Z =========================== short test summary info ============================
2025-02-18T22:46:03.6557837Z FAILED tardis/io/tests/test_decay.py::test_simple_decay - AttributeError: 'IsotopicMassFraction' object has no attribute 'decay'
2025-02-18T22:46:03.6558763Z FAILED tardis/io/tests/test_decay.py::test_abundance_merge - AttributeError: 'IsotopicMassFraction' object has no attribute 'decay'
2025-02-18T22:46:03.6559471Z = 2 failed, 1408 passed, 357 skipped, 2 deselected, 19 xfailed, 8 xpassed, 63 warnings in 743.74s (0:12:23) =
2025-02-18T22:46:05.8130312Z ##[error]Process completed with exit code 1.
2025-02-18T22:46:05.8219626Z Post job cleanup.
2025-02-18T22:46:05.8253682Z Post job cleanup.
2025-02-18T22:46:05.9585436Z Will use pre-installed micromamba at /home/runner/micromamba-bin/micromamba
2025-02-18T22:46:05.9593050Z Removing micromamba run shell ...
2025-02-18T22:46:05.9596935Z ##[group]Deinitialize micromamba for bash
2025-02-18T22:46:05.9615600Z [command]/home/runner/micromamba-bin/micromamba shell deinit -s bash -r /home/runner/micromamba --log-level warning --rc-file /home/runner/work/_temp/setup-micromamba/.condarc
2025-02-18T22:46:05.9713725Z Resetting RC file "/home/runner/.bashrc"
2025-02-18T22:46:05.9714797Z Deleting config for root prefix 
2025-02-18T22:46:05.9715314Z Clearing mamba executable environment variable
2025-02-18T22:46:05.9717366Z Removing the following in your "/home/runner/.bashrc" file
2025-02-18T22:46:05.9717930Z # >>> mamba initialize >>>
2025-02-18T22:46:05.9718685Z ...
2025-02-18T22:46:05.9718987Z # <<< mamba initialize <<<
2025-02-18T22:46:05.9750613Z Removing mamba initialize block from .bash_profile
2025-02-18T22:46:05.9765475Z ##[endgroup]
2025-02-18T22:46:05.9770141Z Removing environment tardis from auto-activate bash ...
2025-02-18T22:46:05.9898189Z Post job cleanup.
2025-02-18T22:46:05.9935480Z Post job cleanup.
2025-02-18T22:46:06.0922976Z [command]/usr/bin/git version
2025-02-18T22:46:06.0959535Z git version 2.48.1
2025-02-18T22:46:06.1003539Z Temporarily overriding HOME='/home/runner/work/_temp/1c94b93f-c383-46a6-951c-6d2beb98c535' before making global git config changes
2025-02-18T22:46:06.1004845Z Adding repository directory to the temporary git global config as a safe directory
2025-02-18T22:46:06.1019429Z [command]/usr/bin/git config --global --add safe.directory /home/runner/work/tardis/tardis/tardis-regression-data
2025-02-18T22:46:06.1055812Z [command]/usr/bin/git config --local --name-only --get-regexp core\.sshCommand
2025-02-18T22:46:06.1089088Z [command]/usr/bin/git submodule foreach --recursive sh -c "git config --local --name-only --get-regexp 'core\.sshCommand' && git config --local --unset-all 'core.sshCommand' || :"
2025-02-18T22:46:06.1338724Z [command]/usr/bin/git config --local --name-only --get-regexp http\.https\:\/\/github\.com\/\.extraheader
2025-02-18T22:46:06.1362286Z http.https://github.com/.extraheader
2025-02-18T22:46:06.1375531Z [command]/usr/bin/git config --local --unset-all http.https://github.com/.extraheader
2025-02-18T22:46:06.1408931Z [command]/usr/bin/git submodule foreach --recursive sh -c "git config --local --name-only --get-regexp 'http\.https\:\/\/github\.com\/\.extraheader' && git config --local --unset-all 'http.https://github.com/.extraheader' || :"
2025-02-18T22:46:06.1789177Z Post job cleanup.
2025-02-18T22:46:06.2764486Z [command]/usr/bin/git version
2025-02-18T22:46:06.2800775Z git version 2.48.1
2025-02-18T22:46:06.2851226Z Temporarily overriding HOME='/home/runner/work/_temp/2c4ae627-3039-467a-b56f-ce6e603b95c4' before making global git config changes
2025-02-18T22:46:06.2852528Z Adding repository directory to the temporary git global config as a safe directory
2025-02-18T22:46:06.2857211Z [command]/usr/bin/git config --global --add safe.directory /home/runner/work/tardis/tardis
2025-02-18T22:46:06.2892749Z [command]/usr/bin/git config --local --name-only --get-regexp core\.sshCommand
2025-02-18T22:46:06.2924992Z [command]/usr/bin/git submodule foreach --recursive sh -c "git config --local --name-only --get-regexp 'core\.sshCommand' && git config --local --unset-all 'core.sshCommand' || :"
2025-02-18T22:46:06.3162733Z [command]/usr/bin/git config --local --name-only --get-regexp http\.https\:\/\/github\.com\/\.extraheader
2025-02-18T22:46:06.3186963Z http.https://github.com/.extraheader
2025-02-18T22:46:06.3201834Z [command]/usr/bin/git config --local --unset-all http.https://github.com/.extraheader
2025-02-18T22:46:06.3233092Z [command]/usr/bin/git submodule foreach --recursive sh -c "git config --local --name-only --get-regexp 'http\.https\:\/\/github\.com\/\.extraheader' && git config --local --unset-all 'http.https://github.com/.extraheader' || :"
2025-02-18T22:46:06.3570452Z Cleaning up orphan processes
