2025-02-15T21:38:39.2841524Z Requested labels: ubuntu-latest
2025-02-15T21:38:39.2841721Z Job defined at: tardis-sn/tardis/.github/workflows/tests.yml@refs/pull/2973/merge
2025-02-15T21:38:39.2841807Z Waiting for a runner to pick up this job...
2025-02-15T21:38:39.5088585Z Job is waiting for a hosted runner to come online.
2025-02-15T21:38:42.5455658Z Job is about to start running on the hosted runner: GitHub Actions 18 (hosted)
2025-02-15T21:38:44.1680767Z Current runner version: '2.322.0'
2025-02-15T21:38:44.1710315Z ##[group]Operating System
2025-02-15T21:38:44.1711281Z Ubuntu
2025-02-15T21:38:44.1711838Z 24.04.1
2025-02-15T21:38:44.1712355Z LTS
2025-02-15T21:38:44.1712837Z ##[endgroup]
2025-02-15T21:38:44.1713388Z ##[group]Runner Image
2025-02-15T21:38:44.1713957Z Image: ubuntu-24.04
2025-02-15T21:38:44.1714612Z Version: 20250209.1.0
2025-02-15T21:38:44.1715651Z Included Software: https://github.com/actions/runner-images/blob/ubuntu24/20250209.1/images/ubuntu/Ubuntu2404-Readme.md
2025-02-15T21:38:44.1717005Z Image Release: https://github.com/actions/runner-images/releases/tag/ubuntu24%2F20250209.1
2025-02-15T21:38:44.1717932Z ##[endgroup]
2025-02-15T21:38:44.1718531Z ##[group]Runner Image Provisioner
2025-02-15T21:38:44.1719346Z 2.0.422.1
2025-02-15T21:38:44.1719957Z ##[endgroup]
2025-02-15T21:38:44.1722085Z ##[group]GITHUB_TOKEN Permissions
2025-02-15T21:38:44.1724129Z Actions: read
2025-02-15T21:38:44.1724926Z Attestations: read
2025-02-15T21:38:44.1725692Z Checks: read
2025-02-15T21:38:44.1726171Z Contents: read
2025-02-15T21:38:44.1726739Z Deployments: read
2025-02-15T21:38:44.1727304Z Discussions: read
2025-02-15T21:38:44.1727822Z Issues: read
2025-02-15T21:38:44.1728385Z Metadata: read
2025-02-15T21:38:44.1729132Z Packages: read
2025-02-15T21:38:44.1729658Z Pages: read
2025-02-15T21:38:44.1730299Z PullRequests: read
2025-02-15T21:38:44.1730846Z RepositoryProjects: read
2025-02-15T21:38:44.1731411Z SecurityEvents: read
2025-02-15T21:38:44.1731967Z Statuses: read
2025-02-15T21:38:44.1732467Z ##[endgroup]
2025-02-15T21:38:44.1735550Z Secret source: None
2025-02-15T21:38:44.1736386Z Prepare workflow directory
2025-02-15T21:38:44.2419539Z Prepare all required actions
2025-02-15T21:38:44.2456493Z Getting action download info
2025-02-15T21:38:44.4170035Z ##[group]Download immutable action package 'actions/checkout@v4'
2025-02-15T21:38:44.4171280Z Version: 4.2.2
2025-02-15T21:38:44.4172242Z Digest: sha256:ccb2698953eaebd21c7bf6268a94f9c26518a7e38e27e0b83c1fe1ad049819b1
2025-02-15T21:38:44.4173293Z Source commit SHA: 11bd71901bbe5b1630ceea73d27597364c9af683
2025-02-15T21:38:44.4173907Z ##[endgroup]
2025-02-15T21:38:44.5038665Z ##[group]Download immutable action package 'actions/upload-artifact@v4'
2025-02-15T21:38:44.5039636Z Version: 4.6.0
2025-02-15T21:38:44.5040284Z Digest: sha256:bf85474c8423f9cd48bd2caf3ce5adb1711e2dfdb055b040bd36b044e4290329
2025-02-15T21:38:44.5041141Z Source commit SHA: 65c4c4a1ddee5b72f698fdd19549f0f0fb45cf08
2025-02-15T21:38:44.5041740Z ##[endgroup]
2025-02-15T21:38:44.6766554Z Complete job name: not continuum ubuntu-latest 
2025-02-15T21:38:44.7453598Z ##[group]Run actions/checkout@v4
2025-02-15T21:38:44.7454445Z with:
2025-02-15T21:38:44.7454841Z   repository: tardis-sn/tardis
2025-02-15T21:38:44.7455509Z   token: ***
2025-02-15T21:38:44.7455899Z   ssh-strict: true
2025-02-15T21:38:44.7456299Z   ssh-user: git
2025-02-15T21:38:44.7456710Z   persist-credentials: true
2025-02-15T21:38:44.7457163Z   clean: true
2025-02-15T21:38:44.7457575Z   sparse-checkout-cone-mode: true
2025-02-15T21:38:44.7458092Z   fetch-depth: 1
2025-02-15T21:38:44.7458491Z   fetch-tags: false
2025-02-15T21:38:44.7459088Z   show-progress: true
2025-02-15T21:38:44.7459496Z   lfs: false
2025-02-15T21:38:44.7459865Z   submodules: false
2025-02-15T21:38:44.7460267Z   set-safe-directory: true
2025-02-15T21:38:44.7460966Z env:
2025-02-15T21:38:44.7461329Z   CACHE_NUMBER: 0
2025-02-15T21:38:44.7462469Z   PYTEST_FLAGS: --tardis-regression-data=/home/runner/work/tardis/tardis/tardis-regression-data --cov=tardis --cov-report=xml --cov-report=html --cov-append
2025-02-15T21:38:44.7463693Z   CODECOV_TOKEN: 
2025-02-15T21:38:44.7464102Z ##[endgroup]
2025-02-15T21:38:44.9527553Z Syncing repository: tardis-sn/tardis
2025-02-15T21:38:44.9529651Z ##[group]Getting Git version info
2025-02-15T21:38:44.9530317Z Working directory is '/home/runner/work/tardis/tardis'
2025-02-15T21:38:44.9531219Z [command]/usr/bin/git version
2025-02-15T21:38:44.9587273Z git version 2.48.1
2025-02-15T21:38:44.9617929Z ##[endgroup]
2025-02-15T21:38:44.9632737Z Temporarily overriding HOME='/home/runner/work/_temp/5eda5652-2b5f-4787-a682-5fb8f749d641' before making global git config changes
2025-02-15T21:38:44.9634083Z Adding repository directory to the temporary git global config as a safe directory
2025-02-15T21:38:44.9638149Z [command]/usr/bin/git config --global --add safe.directory /home/runner/work/tardis/tardis
2025-02-15T21:38:44.9676073Z Deleting the contents of '/home/runner/work/tardis/tardis'
2025-02-15T21:38:44.9680693Z ##[group]Initializing the repository
2025-02-15T21:38:44.9684557Z [command]/usr/bin/git init /home/runner/work/tardis/tardis
2025-02-15T21:38:44.9766137Z hint: Using 'master' as the name for the initial branch. This default branch name
2025-02-15T21:38:44.9767272Z hint: is subject to change. To configure the initial branch name to use in all
2025-02-15T21:38:44.9768232Z hint: of your new repositories, which will suppress this warning, call:
2025-02-15T21:38:44.9769691Z hint:
2025-02-15T21:38:44.9770220Z hint: 	git config --global init.defaultBranch <name>
2025-02-15T21:38:44.9771013Z hint:
2025-02-15T21:38:44.9771903Z hint: Names commonly chosen instead of 'master' are 'main', 'trunk' and
2025-02-15T21:38:44.9772795Z hint: 'development'. The just-created branch can be renamed via this command:
2025-02-15T21:38:44.9773488Z hint:
2025-02-15T21:38:44.9773861Z hint: 	git branch -m <name>
2025-02-15T21:38:44.9774540Z Initialized empty Git repository in /home/runner/work/tardis/tardis/.git/
2025-02-15T21:38:44.9783316Z [command]/usr/bin/git remote add origin https://github.com/tardis-sn/tardis
2025-02-15T21:38:44.9820288Z ##[endgroup]
2025-02-15T21:38:44.9821044Z ##[group]Disabling automatic garbage collection
2025-02-15T21:38:44.9824860Z [command]/usr/bin/git config --local gc.auto 0
2025-02-15T21:38:44.9853975Z ##[endgroup]
2025-02-15T21:38:44.9854631Z ##[group]Setting up auth
2025-02-15T21:38:44.9861617Z [command]/usr/bin/git config --local --name-only --get-regexp core\.sshCommand
2025-02-15T21:38:44.9893629Z [command]/usr/bin/git submodule foreach --recursive sh -c "git config --local --name-only --get-regexp 'core\.sshCommand' && git config --local --unset-all 'core.sshCommand' || :"
2025-02-15T21:38:45.0215713Z [command]/usr/bin/git config --local --name-only --get-regexp http\.https\:\/\/github\.com\/\.extraheader
2025-02-15T21:38:45.0246401Z [command]/usr/bin/git submodule foreach --recursive sh -c "git config --local --name-only --get-regexp 'http\.https\:\/\/github\.com\/\.extraheader' && git config --local --unset-all 'http.https://github.com/.extraheader' || :"
2025-02-15T21:38:45.0483533Z [command]/usr/bin/git config --local http.https://github.com/.extraheader AUTHORIZATION: basic ***
2025-02-15T21:38:45.0531837Z ##[endgroup]
2025-02-15T21:38:45.0533043Z ##[group]Fetching the repository
2025-02-15T21:38:45.0542740Z [command]/usr/bin/git -c protocol.version=2 fetch --no-tags --prune --no-recurse-submodules --depth=1 origin +e29b8830d5d92148d74cd78405cda76eeb193b09:refs/remotes/pull/2973/merge
2025-02-15T21:38:46.3133934Z From https://github.com/tardis-sn/tardis
2025-02-15T21:38:46.3135287Z  * [new ref]         e29b8830d5d92148d74cd78405cda76eeb193b09 -> pull/2973/merge
2025-02-15T21:38:46.3165838Z ##[endgroup]
2025-02-15T21:38:46.3167104Z ##[group]Determining the checkout info
2025-02-15T21:38:46.3169694Z ##[endgroup]
2025-02-15T21:38:46.3173969Z [command]/usr/bin/git sparse-checkout disable
2025-02-15T21:38:46.3218343Z [command]/usr/bin/git config --local --unset-all extensions.worktreeConfig
2025-02-15T21:38:46.3251064Z ##[group]Checking out the ref
2025-02-15T21:38:46.3255668Z [command]/usr/bin/git checkout --progress --force refs/remotes/pull/2973/merge
2025-02-15T21:38:46.5273796Z Note: switching to 'refs/remotes/pull/2973/merge'.
2025-02-15T21:38:46.5274838Z 
2025-02-15T21:38:46.5275668Z You are in 'detached HEAD' state. You can look around, make experimental
2025-02-15T21:38:46.5277543Z changes and commit them, and you can discard any commits you make in this
2025-02-15T21:38:46.5279726Z state without impacting any branches by switching back to a branch.
2025-02-15T21:38:46.5281176Z 
2025-02-15T21:38:46.5281974Z If you want to create a new branch to retain commits you create, you may
2025-02-15T21:38:46.5283733Z do so (now or later) by using -c with the switch command. Example:
2025-02-15T21:38:46.5284741Z 
2025-02-15T21:38:46.5285256Z   git switch -c <new-branch-name>
2025-02-15T21:38:46.5286063Z 
2025-02-15T21:38:46.5286579Z Or undo this operation with:
2025-02-15T21:38:46.5287321Z 
2025-02-15T21:38:46.5287779Z   git switch -
2025-02-15T21:38:46.5288405Z 
2025-02-15T21:38:46.5289503Z Turn off this advice by setting config variable advice.detachedHead to false
2025-02-15T21:38:46.5290838Z 
2025-02-15T21:38:46.5292309Z HEAD is now at e29b883 Merge d60f3e5c96b5877b6730ef6de23eb9e755f98dc7 into 13c9a314d4165ff320d000df7d67b5c5f91a69dd
2025-02-15T21:38:46.5302527Z ##[endgroup]
2025-02-15T21:38:46.5342863Z [command]/usr/bin/git log -1 --format=%H
2025-02-15T21:38:46.5367254Z e29b8830d5d92148d74cd78405cda76eeb193b09
2025-02-15T21:38:46.5726259Z Prepare all required actions
2025-02-15T21:38:46.5727704Z Getting action download info
2025-02-15T21:38:46.7377945Z ##[group]Download immutable action package 'actions/cache@v4'
2025-02-15T21:38:46.7378380Z Version: 4.2.0
2025-02-15T21:38:46.7378956Z Digest: sha256:5bc11090595acbf82dbfb02747bf0bfd91544e869357fd3ac0eb41f509632110
2025-02-15T21:38:46.7379476Z Source commit SHA: 1bd1e32a3bdc45362d1e726936510720a7c30a57
2025-02-15T21:38:46.7379828Z ##[endgroup]
2025-02-15T21:38:46.8592251Z ##[group]Run ./.github/actions/setup_lfs
2025-02-15T21:38:46.8592598Z with:
2025-02-15T21:38:46.8592897Z   regression-data-repo: tardis-sn/tardis-regression-data
2025-02-15T21:38:46.8593279Z   atom-data-sparse: false
2025-02-15T21:38:46.8593534Z env:
2025-02-15T21:38:46.8593735Z   CACHE_NUMBER: 0
2025-02-15T21:38:46.8594418Z   PYTEST_FLAGS: --tardis-regression-data=/home/runner/work/tardis/tardis/tardis-regression-data --cov=tardis --cov-report=xml --cov-report=html --cov-append
2025-02-15T21:38:46.8595209Z   CODECOV_TOKEN: 
2025-02-15T21:38:46.8595436Z ##[endgroup]
2025-02-15T21:38:46.8735074Z ##[group]Run actions/checkout@v4
2025-02-15T21:38:46.8735401Z with:
2025-02-15T21:38:46.8735658Z   repository: tardis-sn/tardis-regression-data
2025-02-15T21:38:46.8735989Z   path: tardis-regression-data
2025-02-15T21:38:46.8736252Z   lfs: false
2025-02-15T21:38:46.8736621Z   token: ***
2025-02-15T21:38:46.8736856Z   ssh-strict: true
2025-02-15T21:38:46.8737091Z   ssh-user: git
2025-02-15T21:38:46.8737332Z   persist-credentials: true
2025-02-15T21:38:46.8737589Z   clean: true
2025-02-15T21:38:46.8737829Z   sparse-checkout-cone-mode: true
2025-02-15T21:38:46.8738110Z   fetch-depth: 1
2025-02-15T21:38:46.8738336Z   fetch-tags: false
2025-02-15T21:38:46.8738571Z   show-progress: true
2025-02-15T21:38:46.8738960Z   submodules: false
2025-02-15T21:38:46.8739215Z   set-safe-directory: true
2025-02-15T21:38:46.8739469Z env:
2025-02-15T21:38:46.8739672Z   CACHE_NUMBER: 0
2025-02-15T21:38:46.8740359Z   PYTEST_FLAGS: --tardis-regression-data=/home/runner/work/tardis/tardis/tardis-regression-data --cov=tardis --cov-report=xml --cov-report=html --cov-append
2025-02-15T21:38:46.8741072Z   CODECOV_TOKEN: 
2025-02-15T21:38:46.8741301Z ##[endgroup]
2025-02-15T21:38:46.9685081Z Syncing repository: tardis-sn/tardis-regression-data
2025-02-15T21:38:46.9691876Z ##[group]Getting Git version info
2025-02-15T21:38:46.9692489Z Working directory is '/home/runner/work/tardis/tardis/tardis-regression-data'
2025-02-15T21:38:46.9733970Z [command]/usr/bin/git version
2025-02-15T21:38:46.9778346Z git version 2.48.1
2025-02-15T21:38:46.9803707Z ##[endgroup]
2025-02-15T21:38:46.9816784Z Temporarily overriding HOME='/home/runner/work/_temp/f3e0b64e-0abb-47c3-bc0c-0e2e77a145bd' before making global git config changes
2025-02-15T21:38:46.9817669Z Adding repository directory to the temporary git global config as a safe directory
2025-02-15T21:38:46.9822460Z [command]/usr/bin/git config --global --add safe.directory /home/runner/work/tardis/tardis/tardis-regression-data
2025-02-15T21:38:46.9855391Z ##[group]Initializing the repository
2025-02-15T21:38:46.9860825Z [command]/usr/bin/git init /home/runner/work/tardis/tardis/tardis-regression-data
2025-02-15T21:38:46.9898529Z hint: Using 'master' as the name for the initial branch. This default branch name
2025-02-15T21:38:46.9900002Z hint: is subject to change. To configure the initial branch name to use in all
2025-02-15T21:38:46.9900929Z hint: of your new repositories, which will suppress this warning, call:
2025-02-15T21:38:46.9901584Z hint:
2025-02-15T21:38:46.9901972Z hint: 	git config --global init.defaultBranch <name>
2025-02-15T21:38:46.9902316Z hint:
2025-02-15T21:38:46.9902661Z hint: Names commonly chosen instead of 'master' are 'main', 'trunk' and
2025-02-15T21:38:46.9903189Z hint: 'development'. The just-created branch can be renamed via this command:
2025-02-15T21:38:46.9903591Z hint:
2025-02-15T21:38:46.9903826Z hint: 	git branch -m <name>
2025-02-15T21:38:46.9904644Z Initialized empty Git repository in /home/runner/work/tardis/tardis/tardis-regression-data/.git/
2025-02-15T21:38:46.9910955Z [command]/usr/bin/git remote add origin https://github.com/tardis-sn/tardis-regression-data
2025-02-15T21:38:46.9940908Z ##[endgroup]
2025-02-15T21:38:46.9941381Z ##[group]Disabling automatic garbage collection
2025-02-15T21:38:46.9945846Z [command]/usr/bin/git config --local gc.auto 0
2025-02-15T21:38:46.9974335Z ##[endgroup]
2025-02-15T21:38:46.9974770Z ##[group]Setting up auth
2025-02-15T21:38:46.9981435Z [command]/usr/bin/git config --local --name-only --get-regexp core\.sshCommand
2025-02-15T21:38:47.0018443Z [command]/usr/bin/git submodule foreach --recursive sh -c "git config --local --name-only --get-regexp 'core\.sshCommand' && git config --local --unset-all 'core.sshCommand' || :"
2025-02-15T21:38:47.0271096Z [command]/usr/bin/git config --local --name-only --get-regexp http\.https\:\/\/github\.com\/\.extraheader
2025-02-15T21:38:47.0302666Z [command]/usr/bin/git submodule foreach --recursive sh -c "git config --local --name-only --get-regexp 'http\.https\:\/\/github\.com\/\.extraheader' && git config --local --unset-all 'http.https://github.com/.extraheader' || :"
2025-02-15T21:38:47.0541631Z [command]/usr/bin/git config --local http.https://github.com/.extraheader AUTHORIZATION: basic ***
2025-02-15T21:38:47.0580381Z ##[endgroup]
2025-02-15T21:38:47.0581319Z ##[group]Determining the default branch
2025-02-15T21:38:47.0584582Z Retrieving the default branch name
2025-02-15T21:38:47.3066229Z Default branch 'main'
2025-02-15T21:38:47.3067668Z ##[endgroup]
2025-02-15T21:38:47.3068261Z ##[group]Fetching the repository
2025-02-15T21:38:47.3075538Z [command]/usr/bin/git -c protocol.version=2 fetch --no-tags --prune --no-recurse-submodules --depth=1 origin +refs/heads/main:refs/remotes/origin/main
2025-02-15T21:38:47.6821853Z From https://github.com/tardis-sn/tardis-regression-data
2025-02-15T21:38:47.6824092Z  * [new branch]      main       -> origin/main
2025-02-15T21:38:47.6849520Z ##[endgroup]
2025-02-15T21:38:47.6850309Z ##[group]Determining the checkout info
2025-02-15T21:38:47.6851579Z ##[endgroup]
2025-02-15T21:38:47.6857059Z [command]/usr/bin/git sparse-checkout disable
2025-02-15T21:38:47.6896579Z [command]/usr/bin/git config --local --unset-all extensions.worktreeConfig
2025-02-15T21:38:47.6927667Z ##[group]Checking out the ref
2025-02-15T21:38:47.6933633Z [command]/usr/bin/git checkout --progress --force -B main refs/remotes/origin/main
2025-02-15T21:38:47.8120677Z Switched to a new branch 'main'
2025-02-15T21:38:47.8121744Z branch 'main' set up to track 'origin/main'.
2025-02-15T21:38:47.8405161Z ##[endgroup]
2025-02-15T21:38:47.8453888Z [command]/usr/bin/git log -1 --format=%H
2025-02-15T21:38:47.8481412Z fa7729bc9c30e14b69acd641af8b692b56fcd416
2025-02-15T21:38:47.8645367Z ##[group]Run if [ "false" == "true" ]; then
2025-02-15T21:38:47.8645769Z [36;1mif [ "false" == "true" ]; then[0m
2025-02-15T21:38:47.8646082Z [36;1m  echo "Using atom data sparse checkout"[0m
2025-02-15T21:38:47.8646770Z [36;1m  echo "atom_data/kurucz_cd23_chianti_H_He.h5" > .lfs-files-list[0m
2025-02-15T21:38:47.8647093Z [36;1melse[0m
2025-02-15T21:38:47.8647315Z [36;1m  echo "Using full repository checkout"[0m
2025-02-15T21:38:47.8647676Z [36;1m  git lfs ls-files -l | cut -d' ' -f1 | sort > .lfs-files-list[0m
2025-02-15T21:38:47.8647987Z [36;1mfi[0m
2025-02-15T21:38:47.8836797Z shell: /usr/bin/bash --noprofile --norc -e -o pipefail {0}
2025-02-15T21:38:47.8837212Z env:
2025-02-15T21:38:47.8837405Z   CACHE_NUMBER: 0
2025-02-15T21:38:47.8838137Z   PYTEST_FLAGS: --tardis-regression-data=/home/runner/work/tardis/tardis/tardis-regression-data --cov=tardis --cov-report=xml --cov-report=html --cov-append
2025-02-15T21:38:47.8839425Z   CODECOV_TOKEN: 
2025-02-15T21:38:47.8839644Z ##[endgroup]
2025-02-15T21:38:47.8940197Z Using full repository checkout
2025-02-15T21:38:48.0379833Z ##[group]Run actions/cache/restore@v4
2025-02-15T21:38:48.0380152Z with:
2025-02-15T21:38:48.0380361Z   path: tardis-regression-data/.git/lfs
2025-02-15T21:38:48.0381302Z   key: tardis-regression-full-data-21f9fa4b6817cc69b9fae3598144724da7828e276a73bd17f47a2a49d9af090a-tardis-sn/tardis-regression-data-v1
2025-02-15T21:38:48.0381963Z   fail-on-cache-miss: true
2025-02-15T21:38:48.0382192Z   enableCrossOsArchive: false
2025-02-15T21:38:48.0382427Z   lookup-only: false
2025-02-15T21:38:48.0382624Z env:
2025-02-15T21:38:48.0382793Z   CACHE_NUMBER: 0
2025-02-15T21:38:48.0383424Z   PYTEST_FLAGS: --tardis-regression-data=/home/runner/work/tardis/tardis/tardis-regression-data --cov=tardis --cov-report=xml --cov-report=html --cov-append
2025-02-15T21:38:48.0384081Z   CODECOV_TOKEN: 
2025-02-15T21:38:48.0384266Z ##[endgroup]
2025-02-15T21:38:48.2815420Z Cache hit for: tardis-regression-full-data-21f9fa4b6817cc69b9fae3598144724da7828e276a73bd17f47a2a49d9af090a-tardis-sn/tardis-regression-data-v1
2025-02-15T21:38:49.4169674Z Received 142606336 of 1707217599 (8.4%), 134.8 MBs/sec
2025-02-15T21:38:50.4180853Z Received 369098752 of 1707217599 (21.6%), 175.1 MBs/sec
2025-02-15T21:38:51.4178259Z Received 536870912 of 1707217599 (31.4%), 170.1 MBs/sec
2025-02-15T21:38:52.4177258Z Received 734003200 of 1707217599 (43.0%), 174.6 MBs/sec
2025-02-15T21:38:53.4174325Z Received 931135488 of 1707217599 (54.5%), 177.2 MBs/sec
2025-02-15T21:38:54.4257518Z Received 1086324736 of 1707217599 (63.6%), 172.2 MBs/sec
2025-02-15T21:38:55.4256455Z Received 1312817152 of 1707217599 (76.9%), 178.4 MBs/sec
2025-02-15T21:38:56.4254693Z Received 1484783616 of 1707217599 (87.0%), 176.6 MBs/sec
2025-02-15T21:38:57.4263349Z Received 1686110208 of 1707217599 (98.8%), 178.3 MBs/sec
2025-02-15T21:38:57.6079781Z Received 1707217599 of 1707217599 (100.0%), 177.0 MBs/sec
2025-02-15T21:38:57.6083719Z Cache Size: ~1628 MB (1707217599 B)
2025-02-15T21:38:57.6202094Z [command]/usr/bin/tar -xf /home/runner/work/_temp/020a97bc-b949-494d-b517-9b94652cf910/cache.tzst -P -C /home/runner/work/tardis/tardis --use-compress-program unzstd
2025-02-15T21:39:03.7763333Z Cache restored successfully
2025-02-15T21:39:04.0830582Z Cache restored from key: tardis-regression-full-data-21f9fa4b6817cc69b9fae3598144724da7828e276a73bd17f47a2a49d9af090a-tardis-sn/tardis-regression-data-v1
2025-02-15T21:39:04.0968044Z ##[group]Run git lfs checkout
2025-02-15T21:39:04.0968307Z [36;1mgit lfs checkout[0m
2025-02-15T21:39:04.1022980Z shell: /usr/bin/bash --noprofile --norc -e -o pipefail {0}
2025-02-15T21:39:04.1023290Z env:
2025-02-15T21:39:04.1023450Z   CACHE_NUMBER: 0
2025-02-15T21:39:04.1024064Z   PYTEST_FLAGS: --tardis-regression-data=/home/runner/work/tardis/tardis/tardis-regression-data --cov=tardis --cov-report=xml --cov-report=html --cov-append
2025-02-15T21:39:04.1024703Z   CODECOV_TOKEN: 
2025-02-15T21:39:04.1024882Z ##[endgroup]
2025-02-15T21:39:17.6533806Z Checking out LFS objects: 100% (204/204), 3.5 GB | 248 MB/s, done.
2025-02-15T21:39:19.4920088Z Prepare all required actions
2025-02-15T21:39:19.4920447Z Getting action download info
2025-02-15T21:39:19.6085289Z Download action repository 'mamba-org/setup-micromamba@v1' (SHA:4b9113af4fba0e9e1124b252dd6497a419e7396d)
2025-02-15T21:39:20.0155934Z ##[group]Run ./.github/actions/setup_env
2025-02-15T21:39:20.0156191Z with:
2025-02-15T21:39:20.0156388Z   os-label: linux-64
2025-02-15T21:39:20.0156573Z env:
2025-02-15T21:39:20.0156733Z   CACHE_NUMBER: 0
2025-02-15T21:39:20.0157337Z   PYTEST_FLAGS: --tardis-regression-data=/home/runner/work/tardis/tardis/tardis-regression-data --cov=tardis --cov-report=xml --cov-report=html --cov-append
2025-02-15T21:39:20.0157965Z   CODECOV_TOKEN: 
2025-02-15T21:39:20.0158147Z ##[endgroup]
2025-02-15T21:39:20.0178617Z ##[group]Run file_hash=$(cat conda-linux-64.lock | shasum -a 256 | cut -d' ' -f1)
2025-02-15T21:39:20.0179290Z [36;1mfile_hash=$(cat conda-linux-64.lock | shasum -a 256 | cut -d' ' -f1)[0m
2025-02-15T21:39:20.0179852Z [36;1mecho "file_hash=tardis-conda-env-linux-64-${file_hash}-v1" >> "${GITHUB_OUTPUT}"[0m
2025-02-15T21:39:20.0233214Z shell: /usr/bin/bash --noprofile --norc -e -o pipefail {0}
2025-02-15T21:39:20.0233512Z env:
2025-02-15T21:39:20.0233693Z   CACHE_NUMBER: 0
2025-02-15T21:39:20.0234285Z   PYTEST_FLAGS: --tardis-regression-data=/home/runner/work/tardis/tardis/tardis-regression-data --cov=tardis --cov-report=xml --cov-report=html --cov-append
2025-02-15T21:39:20.0234897Z   CODECOV_TOKEN: 
2025-02-15T21:39:20.0235093Z ##[endgroup]
2025-02-15T21:39:20.0554754Z ##[group]Run mamba-org/setup-micromamba@v1
2025-02-15T21:39:20.0555019Z with:
2025-02-15T21:39:20.0555211Z   environment-file: conda-linux-64.lock
2025-02-15T21:39:20.0555775Z   cache-environment-key: tardis-conda-env-linux-64-d7cd390425b0fd3cf82649dcc003efba9915fb4928f15d342148c3ccffcbe2ee-v1
2025-02-15T21:39:20.0556599Z   cache-downloads-key: tardis-conda-env-linux-64-d7cd390425b0fd3cf82649dcc003efba9915fb4928f15d342148c3ccffcbe2ee-v1
2025-02-15T21:39:20.0557151Z   environment-name: tardis
2025-02-15T21:39:20.0557366Z   cache-environment: true
2025-02-15T21:39:20.0557576Z   cache-downloads: true
2025-02-15T21:39:20.0557766Z env:
2025-02-15T21:39:20.0557926Z   CACHE_NUMBER: 0
2025-02-15T21:39:20.0558524Z   PYTEST_FLAGS: --tardis-regression-data=/home/runner/work/tardis/tardis/tardis-regression-data --cov=tardis --cov-report=xml --cov-report=html --cov-append
2025-02-15T21:39:20.0559392Z   CODECOV_TOKEN: 
2025-02-15T21:39:20.0559572Z ##[endgroup]
2025-02-15T21:39:20.1945008Z Will download micromamba to /home/runner/micromamba-bin/micromamba
2025-02-15T21:39:20.1955945Z ##[group]Install micromamba
2025-02-15T21:39:20.5548948Z micromamba installed to /home/runner/micromamba-bin/micromamba
2025-02-15T21:39:20.5549892Z ##[endgroup]
2025-02-15T21:39:20.5550498Z Adding conda-forge to condarc channels ...
2025-02-15T21:39:20.5561120Z ##[group]Initialize micromamba for bash.
2025-02-15T21:39:20.5577775Z [command]/home/runner/micromamba-bin/micromamba shell init -s bash -r /home/runner/micromamba --log-level warning --rc-file /home/runner/work/_temp/setup-micromamba/.condarc
2025-02-15T21:39:20.5692301Z Modifying RC file "/home/runner/.bashrc"
2025-02-15T21:39:20.5693665Z Generating config for root prefix [1m"/home/runner/micromamba"[0m
2025-02-15T21:39:20.5696189Z Setting mamba executable to: [1m"/home/runner/micromamba-bin/micromamba"[0m
2025-02-15T21:39:20.5697022Z Adding (or replacing) the following in your "/home/runner/.bashrc" file
2025-02-15T21:39:20.5697516Z 
2025-02-15T21:39:20.5697687Z # >>> mamba initialize >>>
2025-02-15T21:39:20.5698201Z # !! Contents within this block are managed by 'mamba init' !!
2025-02-15T21:39:20.5699178Z export MAMBA_EXE='/home/runner/micromamba-bin/micromamba';
2025-02-15T21:39:20.5699824Z export MAMBA_ROOT_PREFIX='/home/runner/micromamba';
2025-02-15T21:39:20.5700761Z __mamba_setup="$("$MAMBA_EXE" shell hook --shell bash --root-prefix "$MAMBA_ROOT_PREFIX" 2> /dev/null)"
2025-02-15T21:39:20.5701530Z if [ $? -eq 0 ]; then
2025-02-15T21:39:20.5702273Z     eval "$__mamba_setup"
2025-02-15T21:39:20.5702655Z else
2025-02-15T21:39:20.5703112Z     alias micromamba="$MAMBA_EXE"  # Fallback on help from mamba activate
2025-02-15T21:39:20.5703929Z fi
2025-02-15T21:39:20.5704202Z unset __mamba_setup
2025-02-15T21:39:20.5704530Z # <<< mamba initialize <<<
2025-02-15T21:39:20.5704781Z 
2025-02-15T21:39:20.5712272Z Moving mamba initialize block to .bash_profile
2025-02-15T21:39:20.5724405Z ##[endgroup]
2025-02-15T21:39:20.5725674Z ##[group]Restoring downloads from `/home/runner/micromamba/pkgs` ...
2025-02-15T21:39:21.8344923Z Received 230686720 of 356815776 (64.7%), 220.0 MBs/sec
2025-02-15T21:39:22.3363613Z Cache Size: ~340 MB (356815776 B)
2025-02-15T21:39:22.3477785Z [command]/usr/bin/tar -xf /home/runner/work/_temp/93e19738-ae1d-4230-af65-15e4763483b2/cache.tzst -P -C /home/runner/work/tardis/tardis --use-compress-program unzstd
2025-02-15T21:39:22.8140455Z Cache restored successfully
2025-02-15T21:39:22.8348215Z Received 356815776 of 356815776 (100.0%), 170.1 MBs/sec
2025-02-15T21:39:22.8889856Z Restored cache with key `tardis-conda-env-linux-64-d7cd390425b0fd3cf82649dcc003efba9915fb4928f15d342148c3ccffcbe2ee-v1-linux-64`
2025-02-15T21:39:22.8890870Z ##[endgroup]
2025-02-15T21:39:22.8904808Z ##[group]Restoring environment `tardis` from `/home/runner/micromamba/envs/tardis` ...
2025-02-15T21:39:24.0252470Z Received 230686720 of 444032293 (52.0%), 219.8 MBs/sec
2025-02-15T21:39:24.8466330Z Cache Size: ~423 MB (444032293 B)
2025-02-15T21:39:24.8506380Z [command]/usr/bin/tar -xf /home/runner/work/_temp/28e9245a-2b27-4843-815e-edec62d27d70/cache.tzst -P -C /home/runner/work/tardis/tardis --use-compress-program unzstd
2025-02-15T21:39:25.0242367Z Received 444032293 of 444032293 (100.0%), 211.5 MBs/sec
2025-02-15T21:39:29.7521282Z Cache restored successfully
2025-02-15T21:39:29.8380661Z Restored cache with key `tardis-conda-env-linux-64-d7cd390425b0fd3cf82649dcc003efba9915fb4928f15d342148c3ccffcbe2ee-v1-linux-64-tardis-args-4f53cda-root-dcc80ee-bin-[object Promise]-file-d7cd390425b0fd3cf82649dcc003efba9915fb4928f15d342148c3ccffcbe2ee`
2025-02-15T21:39:29.8382951Z ##[endgroup]
2025-02-15T21:39:29.8383341Z Adding environment tardis to auto-activate bash ...
2025-02-15T21:39:29.8395365Z Generating micromamba run shell.
2025-02-15T21:39:29.8405997Z ##[endgroup]
2025-02-15T21:39:29.8411734Z Set environment variables.
2025-02-15T21:39:29.8415694Z ##[group]micromamba info
2025-02-15T21:39:29.8419324Z [command]/home/runner/micromamba-bin/micromamba info -r /home/runner/micromamba -n tardis
2025-02-15T21:39:29.8660941Z 
2025-02-15T21:39:29.8661378Z        libmamba version : 1.5.10
2025-02-15T21:39:29.8661865Z      micromamba version : 1.5.10
2025-02-15T21:39:29.8662550Z            curl version : libcurl/8.10.1 OpenSSL/3.3.2 zlib/1.3.1 zstd/1.5.6 libssh2/1.11.0 nghttp2/1.58.0
2025-02-15T21:39:29.8663283Z      libarchive version : libarchive 3.7.4 zlib/1.2.13 bz2lib/1.0.8 libzstd/1.5.6
2025-02-15T21:39:29.8663710Z        envs directories : /home/runner/micromamba/envs
2025-02-15T21:39:29.8664065Z           package cache : /home/runner/micromamba/pkgs
2025-02-15T21:39:29.8664373Z                           /home/runner/.mamba/pkgs
2025-02-15T21:39:29.8664644Z             environment : tardis
2025-02-15T21:39:29.8664945Z            env location : /home/runner/micromamba/envs/tardis
2025-02-15T21:39:29.8665260Z       user config files : /home/runner/.mambarc
2025-02-15T21:39:29.8665655Z  populated config files : /home/runner/work/_temp/setup-micromamba/.condarc
2025-02-15T21:39:29.8666035Z        virtual packages : __unix=0=0
2025-02-15T21:39:29.8666288Z                           __linux=6.8.0=0
2025-02-15T21:39:29.8666537Z                           __glibc=2.39=0
2025-02-15T21:39:29.8666791Z                           __archspec=1=x86_64_v3
2025-02-15T21:39:29.8667153Z                channels : https://conda.anaconda.org/conda-forge/linux-64
2025-02-15T21:39:29.8667548Z                           https://conda.anaconda.org/conda-forge/noarch
2025-02-15T21:39:29.8668248Z        base environment : /home/runner/micromamba
2025-02-15T21:39:29.8668543Z                platform : linux-64
2025-02-15T21:39:29.8680636Z ##[endgroup]
2025-02-15T21:39:29.8681267Z ##[group]micromamba list
2025-02-15T21:39:29.8682929Z [command]/home/runner/micromamba-bin/micromamba list -r /home/runner/micromamba -n tardis
2025-02-15T21:39:30.2567512Z List of packages in environment: "/home/runner/micromamba/envs/tardis"
2025-02-15T21:39:30.2568107Z 
2025-02-15T21:39:30.2568418Z   Name                           Version              Build                    Channel    
2025-02-15T21:39:30.2569796Z â”€â”€â”€â”€â”€â”€â”€â”€â”€â”€â”€â”€â”€â”€â”€â”€â”€â”€â”€â”€â”€â”€â”€â”€â”€â”€â”€â”€â”€â”€â”€â”€â”€â”€â”€â”€â”€â”€â”€â”€â”€â”€â”€â”€â”€â”€â”€â”€â”€â”€â”€â”€â”€â”€â”€â”€â”€â”€â”€â”€â”€â”€â”€â”€â”€â”€â”€â”€â”€â”€â”€â”€â”€â”€â”€â”€â”€â”€â”€â”€â”€â”€â”€â”€â”€â”€â”€â”€â”€â”€â”€â”€
2025-02-15T21:39:30.2570431Z   _libgcc_mutex                  0.1                  conda_forge              conda-forge
2025-02-15T21:39:30.2571042Z   _openmp_mutex                  4.5                  2_gnu                    conda-forge
2025-02-15T21:39:30.2571666Z   alabaster                      0.7.16               pyhd8ed1ab_0             conda-forge
2025-02-15T21:39:30.2572254Z   anyio                          4.4.0                pyhd8ed1ab_0             conda-forge
2025-02-15T21:39:30.2572814Z   argon2-cffi                    23.1.0               pyhd8ed1ab_0             conda-forge
2025-02-15T21:39:30.2573525Z   argon2-cffi-bindings           21.2.0               py312h98912ed_4          conda-forge
2025-02-15T21:39:30.2574187Z   arrow                          1.3.0                pyhd8ed1ab_0             conda-forge
2025-02-15T21:39:30.2574767Z   astropy                        6.1.1                py312h085067d_0          conda-forge
2025-02-15T21:39:30.2575426Z   astropy-iers-data              0.2024.6.17.0.31.35  pyhd8ed1ab_0             conda-forge
2025-02-15T21:39:30.2655506Z   astropy-sphinx-theme           1.1                  pyhd8ed1ab_0             conda-forge
2025-02-15T21:39:30.2656196Z   asttokens                      2.4.1                pyhd8ed1ab_0             conda-forge
2025-02-15T21:39:30.2656850Z   async-lru                      2.0.4                pyhd8ed1ab_0             conda-forge
2025-02-15T21:39:30.2657402Z   atk-1.0                        2.38.0               h04ea711_2               conda-forge
2025-02-15T21:39:30.2657949Z   attrs                          23.2.0               pyh71513ae_0             conda-forge
2025-02-15T21:39:30.2658489Z   babel                          2.14.0               pyhd8ed1ab_0             conda-forge
2025-02-15T21:39:30.2659285Z   beautifulsoup4                 4.12.3               pyha770c72_0             conda-forge
2025-02-15T21:39:30.2659878Z   bleach                         6.1.0                pyhd8ed1ab_0             conda-forge
2025-02-15T21:39:30.2660464Z   blosc                          1.21.5               hc2324a3_1               conda-forge
2025-02-15T21:39:30.2660992Z   brotli                         1.1.0                hd590300_1               conda-forge
2025-02-15T21:39:30.2661337Z   brotli-bin                     1.1.0                hd590300_1               conda-forge
2025-02-15T21:39:30.2661724Z   brotli-python                  1.1.0                py312h30efb56_1          conda-forge
2025-02-15T21:39:30.2662093Z   bzip2                          1.0.8                hd590300_5               conda-forge
2025-02-15T21:39:30.2662420Z   c-ares                         1.28.1               hd590300_0               conda-forge
2025-02-15T21:39:30.2662748Z   c-blosc2                       2.14.4               hb4ffafa_1               conda-forge
2025-02-15T21:39:30.2663121Z   ca-certificates                2024.6.2             hbcca054_0               conda-forge
2025-02-15T21:39:30.2663515Z   cached-property                1.5.2                hd8ed1ab_1               conda-forge
2025-02-15T21:39:30.2663894Z   cached_property                1.5.2                pyha770c72_1             conda-forge
2025-02-15T21:39:30.2664246Z   cairo                          1.18.0               h3faef2a_0               conda-forge
2025-02-15T21:39:30.2664973Z   certifi                        2024.6.2             pyhd8ed1ab_0             conda-forge
2025-02-15T21:39:30.2665315Z   cffi                           1.16.0               py312hf06ca03_0          conda-forge
2025-02-15T21:39:30.2665811Z   charset-normalizer             3.3.2                pyhd8ed1ab_0             conda-forge
2025-02-15T21:39:30.2666218Z   click                          8.1.7                unix_pyh707e725_0        conda-forge
2025-02-15T21:39:30.2666572Z   codespell                      2.3.0                pyhd8ed1ab_0             conda-forge
2025-02-15T21:39:30.2666926Z   colorama                       0.4.6                pyhd8ed1ab_0             conda-forge
2025-02-15T21:39:30.2667257Z   comm                           0.2.2                pyhd8ed1ab_0             conda-forge
2025-02-15T21:39:30.2667595Z   commonmark                     0.9.1                py_0                     conda-forge
2025-02-15T21:39:30.2667966Z   contourpy                      1.2.1                py312h8572e83_0          conda-forge
2025-02-15T21:39:30.2668313Z   coverage                       7.5.3                py312h9a8786e_0          conda-forge
2025-02-15T21:39:30.2668659Z   cycler                         0.12.1               pyhd8ed1ab_0             conda-forge
2025-02-15T21:39:30.2669449Z   dataclasses                    0.8                  pyhc8e2a94_3             conda-forge
2025-02-15T21:39:30.2669884Z   debugpy                        1.8.1                py312h30efb56_0          conda-forge
2025-02-15T21:39:30.2670227Z   decorator                      5.1.1                pyhd8ed1ab_0             conda-forge
2025-02-15T21:39:30.2670585Z   defusedxml                     0.7.1                pyhd8ed1ab_0             conda-forge
2025-02-15T21:39:30.2670939Z   docutils                       0.20.1               py312h7900ff3_3          conda-forge
2025-02-15T21:39:30.2671282Z   dot2tex                        2.11.3               pyhd8ed1ab_0             conda-forge
2025-02-15T21:39:30.2671653Z   entrypoints                    0.4                  pyhd8ed1ab_0             conda-forge
2025-02-15T21:39:30.2672032Z   exceptiongroup                 1.2.0                pyhd8ed1ab_2             conda-forge
2025-02-15T21:39:30.2672409Z   executing                      2.0.1                pyhd8ed1ab_0             conda-forge
2025-02-15T21:39:30.2672749Z   expat                          2.6.2                h59595ed_0               conda-forge
2025-02-15T21:39:30.2673136Z   font-ttf-dejavu-sans-mono      2.37                 hab24e00_0               conda-forge
2025-02-15T21:39:30.2673569Z   font-ttf-inconsolata           3.000                h77eed37_0               conda-forge
2025-02-15T21:39:30.2673999Z   font-ttf-source-code-pro       2.038                h77eed37_0               conda-forge
2025-02-15T21:39:30.2674423Z   font-ttf-ubuntu                0.83                 h77eed37_2               conda-forge
2025-02-15T21:39:30.2674802Z   fontconfig                     2.14.2               h14ed4e7_0               conda-forge
2025-02-15T21:39:30.2675200Z   fonts-conda-ecosystem          1                    0                        conda-forge
2025-02-15T21:39:30.2675599Z   fonts-conda-forge              1                    0                        conda-forge
2025-02-15T21:39:30.2675978Z   fonttools                      4.53.0               py312h9a8786e_0          conda-forge
2025-02-15T21:39:30.2676319Z   fqdn                           1.5.1                pyhd8ed1ab_0             conda-forge
2025-02-15T21:39:30.2676653Z   freetype                       2.12.1               h267a509_2               conda-forge
2025-02-15T21:39:30.2676995Z   fribidi                        1.0.10               h36c2ea0_0               conda-forge
2025-02-15T21:39:30.2677331Z   future                         1.0.0                pyhd8ed1ab_0             conda-forge
2025-02-15T21:39:30.2677689Z   gdk-pixbuf                     2.42.12              hb9ae30d_0               conda-forge
2025-02-15T21:39:30.2678302Z   giflib                         5.2.2                hd590300_0               conda-forge
2025-02-15T21:39:30.2678947Z   git-lfs                        3.5.1                ha770c72_0               conda-forge
2025-02-15T21:39:30.2679458Z   gmp                            6.3.0                h59595ed_1               conda-forge
2025-02-15T21:39:30.2679780Z   gmpy2                          2.1.5                py312h1d5cde6_1          conda-forge
2025-02-15T21:39:30.2680122Z   graphite2                      1.3.13               h59595ed_1003            conda-forge
2025-02-15T21:39:30.2680476Z   graphviz                       11.0.0               hc68bbd7_0               conda-forge
2025-02-15T21:39:30.2680808Z   gtk2                           2.24.33              h280cfa0_4               conda-forge
2025-02-15T21:39:30.2681120Z   gts                            0.7.6                h977cf35_4               conda-forge
2025-02-15T21:39:30.2681433Z   h11                            0.14.0               pyhd8ed1ab_0             conda-forge
2025-02-15T21:39:30.2681750Z   h2                             4.1.0                pyhd8ed1ab_0             conda-forge
2025-02-15T21:39:30.2682071Z   h5py                           3.11.0               nompi_py312hb7ab980_102  conda-forge
2025-02-15T21:39:30.2682422Z   harfbuzz                       8.5.0                hfac3d4d_0               conda-forge
2025-02-15T21:39:30.2682756Z   hdf5                           1.14.3               nompi_hdf9ad27_105       conda-forge
2025-02-15T21:39:30.2683082Z   hpack                          4.0.0                pyh9f0ad1d_0             conda-forge
2025-02-15T21:39:30.2683425Z   httpcore                       1.0.5                pyhd8ed1ab_0             conda-forge
2025-02-15T21:39:30.2683783Z   httpx                          0.27.0               pyhd8ed1ab_0             conda-forge
2025-02-15T21:39:30.2684126Z   hyperframe                     6.0.1                pyhd8ed1ab_0             conda-forge
2025-02-15T21:39:30.2684466Z   icu                            73.2                 h59595ed_0               conda-forge
2025-02-15T21:39:30.2684778Z   idna                           3.7                  pyhd8ed1ab_0             conda-forge
2025-02-15T21:39:30.2685111Z   imagesize                      1.4.1                pyhd8ed1ab_0             conda-forge
2025-02-15T21:39:30.2685499Z   importlib-metadata             7.1.0                pyha770c72_0             conda-forge
2025-02-15T21:39:30.2685898Z   importlib_metadata             7.1.0                hd8ed1ab_0               conda-forge
2025-02-15T21:39:30.2686304Z   importlib_resources            6.4.0                pyhd8ed1ab_0             conda-forge
2025-02-15T21:39:30.2686683Z   iniconfig                      2.0.0                pyhd8ed1ab_0             conda-forge
2025-02-15T21:39:30.2687036Z   ipykernel                      6.29.4               pyh3099207_0             conda-forge
2025-02-15T21:39:30.2687393Z   ipython                        8.25.0               pyh707e725_0             conda-forge
2025-02-15T21:39:30.2687767Z   ipython_genutils               0.2.0                pyhd8ed1ab_1             conda-forge
2025-02-15T21:39:30.2688143Z   ipywidgets                     7.8.0                pyhd8ed1ab_0             conda-forge
2025-02-15T21:39:30.2688514Z   isoduration                    20.11.0              pyhd8ed1ab_0             conda-forge
2025-02-15T21:39:30.2689052Z   jedi                           0.19.1               pyhd8ed1ab_0             conda-forge
2025-02-15T21:39:30.2689380Z   jinja2                         3.1.4                pyhd8ed1ab_0             conda-forge
2025-02-15T21:39:30.2689710Z   json5                          0.9.25               pyhd8ed1ab_0             conda-forge
2025-02-15T21:39:30.2690058Z   jsonpointer                    3.0.0                py312h7900ff3_0          conda-forge
2025-02-15T21:39:30.2690427Z   jsonschema                     4.22.0               pyhd8ed1ab_0             conda-forge
2025-02-15T21:39:30.2690990Z   jsonschema-specifications      2023.12.1            pyhd8ed1ab_0             conda-forge
2025-02-15T21:39:30.2691480Z   jsonschema-with-format-nongpl  4.22.0               pyhd8ed1ab_0             conda-forge
2025-02-15T21:39:30.2691913Z   jupyter-lsp                    2.2.5                pyhd8ed1ab_0             conda-forge
2025-02-15T21:39:30.2692392Z   jupyter_client                 8.6.2                pyhd8ed1ab_0             conda-forge
2025-02-15T21:39:30.2692763Z   jupyter_core                   5.7.2                py312h7900ff3_0          conda-forge
2025-02-15T21:39:30.2693130Z   jupyter_events                 0.10.0               pyhd8ed1ab_0             conda-forge
2025-02-15T21:39:30.2693509Z   jupyter_server                 2.14.1               pyhd8ed1ab_0             conda-forge
2025-02-15T21:39:30.2693914Z   jupyter_server_terminals       0.5.3                pyhd8ed1ab_0             conda-forge
2025-02-15T21:39:30.2694309Z   jupyterlab                     4.2.2                pyhd8ed1ab_0             conda-forge
2025-02-15T21:39:30.2694702Z   jupyterlab_pygments            0.3.0                pyhd8ed1ab_1             conda-forge
2025-02-15T21:39:30.2695106Z   jupyterlab_server              2.27.2               pyhd8ed1ab_0             conda-forge
2025-02-15T21:39:30.2695513Z   jupyterlab_widgets             1.1.7                pyhd8ed1ab_0             conda-forge
2025-02-15T21:39:30.2695888Z   keyutils                       1.6.1                h166bdaf_0               conda-forge
2025-02-15T21:39:30.2696245Z   kiwisolver                     1.4.5                py312h8572e83_1          conda-forge
2025-02-15T21:39:30.2696580Z   krb5                           1.21.2               h659d440_0               conda-forge
2025-02-15T21:39:30.2696920Z   latexcodec                     2.0.1                pyh9f0ad1d_0             conda-forge
2025-02-15T21:39:30.2697263Z   lcms2                          2.16                 hb7c19ff_0               conda-forge
2025-02-15T21:39:30.2697615Z   ld_impl_linux-64               2.40                 hf3520f5_7               conda-forge
2025-02-15T21:39:30.2697963Z   lerc                           4.0.0                h27087fc_0               conda-forge
2025-02-15T21:39:30.2698278Z   libaec                         1.1.3                h59595ed_0               conda-forge
2025-02-15T21:39:30.2698627Z   libblas                        3.9.0                22_linux64_openblas      conda-forge
2025-02-15T21:39:30.2699232Z   libbrotlicommon                1.1.0                hd590300_1               conda-forge
2025-02-15T21:39:30.2699611Z   libbrotlidec                   1.1.0                hd590300_1               conda-forge
2025-02-15T21:39:30.2699978Z   libbrotlienc                   1.1.0                hd590300_1               conda-forge
2025-02-15T21:39:30.2700334Z   libcblas                       3.9.0                22_linux64_openblas      conda-forge
2025-02-15T21:39:30.2700681Z   libcurl                        8.8.0                hca28451_0               conda-forge
2025-02-15T21:39:30.2701039Z   libdeflate                     1.20                 hd590300_0               conda-forge
2025-02-15T21:39:30.2701405Z   libedit                        3.1.20191231         he28a2e2_2               conda-forge
2025-02-15T21:39:30.2701751Z   libev                          4.33                 hd590300_2               conda-forge
2025-02-15T21:39:30.2702082Z   libexpat                       2.6.2                h59595ed_0               conda-forge
2025-02-15T21:39:30.2702417Z   libffi                         3.4.2                h7f98852_5               conda-forge
2025-02-15T21:39:30.2702755Z   libgcc-ng                      13.2.0               h77fa898_10              conda-forge
2025-02-15T21:39:30.2703086Z   libgd                          2.3.3                h119a65a_9               conda-forge
2025-02-15T21:39:30.2703433Z   libgfortran-ng                 13.2.0               h69a702a_10              conda-forge
2025-02-15T21:39:30.2703938Z   libgfortran5                   13.2.0               h3d2ce59_10              conda-forge
2025-02-15T21:39:30.2704294Z   libglib                        2.80.2               h8a4344b_1               conda-forge
2025-02-15T21:39:30.2704641Z   libgomp                        13.2.0               h77fa898_10              conda-forge
2025-02-15T21:39:30.2705106Z   libiconv                       1.17                 hd590300_2               conda-forge
2025-02-15T21:39:30.2705462Z   libjpeg-turbo                  3.0.0                hd590300_1               conda-forge
2025-02-15T21:39:30.2705828Z   liblapack                      3.9.0                22_linux64_openblas      conda-forge
2025-02-15T21:39:30.2706186Z   libllvm14                      14.0.6               hcd5def8_4               conda-forge
2025-02-15T21:39:30.2706538Z   libnghttp2                     1.58.0               h47da74e_1               conda-forge
2025-02-15T21:39:30.2706880Z   libnsl                         2.0.1                hd590300_0               conda-forge
2025-02-15T21:39:30.2707247Z   libopenblas                    0.3.27               pthreads_h413a1c8_0      conda-forge
2025-02-15T21:39:30.2707609Z   libpng                         1.6.43               h2797004_0               conda-forge
2025-02-15T21:39:30.2707947Z   librsvg                        2.58.1               hadf69e7_0               conda-forge
2025-02-15T21:39:30.2708293Z   libsodium                      1.0.18               h36c2ea0_1               conda-forge
2025-02-15T21:39:30.2708649Z   libsqlite                      3.46.0               hde9e2c9_0               conda-forge
2025-02-15T21:39:30.2709253Z   libssh2                        1.11.0               h0841786_0               conda-forge
2025-02-15T21:39:30.2709606Z   libstdcxx-ng                   13.2.0               hc0a3c3a_10              conda-forge
2025-02-15T21:39:30.2709956Z   libtiff                        4.6.0                h1dd3fc0_3               conda-forge
2025-02-15T21:39:30.2710300Z   libuuid                        2.38.1               h0b41bf4_0               conda-forge
2025-02-15T21:39:30.2710637Z   libwebp                        1.4.0                h2c329e2_0               conda-forge
2025-02-15T21:39:30.2710988Z   libwebp-base                   1.4.0                hd590300_0               conda-forge
2025-02-15T21:39:30.2711343Z   libxcb                         1.15                 h0b41bf4_0               conda-forge
2025-02-15T21:39:30.2711685Z   libxcrypt                      4.4.36               hd590300_1               conda-forge
2025-02-15T21:39:30.2712033Z   libxml2                        2.12.7               hc051c1a_1               conda-forge
2025-02-15T21:39:30.2712374Z   libxslt                        1.1.39               h76b75d6_0               conda-forge
2025-02-15T21:39:30.2712717Z   libzlib                        1.3.1                h4ab18f5_1               conda-forge
2025-02-15T21:39:30.2713066Z   llvmlite                       0.42.0               py312hb06c811_1          conda-forge
2025-02-15T21:39:30.2713406Z   lxml                           5.2.2                py312hb90d8a5_0          conda-forge
2025-02-15T21:39:30.2713721Z   lz4-c                          1.9.4                hcb278e6_0               conda-forge
2025-02-15T21:39:30.2714032Z   lzo                            2.10                 hd590300_1001            conda-forge
2025-02-15T21:39:30.2714359Z   markupsafe                     2.1.5                py312h98912ed_0          conda-forge
2025-02-15T21:39:30.2714737Z   matplotlib-base                3.8.4                py312h20ab3a6_2          conda-forge
2025-02-15T21:39:30.2715132Z   matplotlib-inline              0.1.7                pyhd8ed1ab_0             conda-forge
2025-02-15T21:39:30.2715506Z   mistune                        3.0.2                pyhd8ed1ab_0             conda-forge
2025-02-15T21:39:30.2715829Z   mpc                            1.3.1                hfe3b2da_0               conda-forge
2025-02-15T21:39:30.2716296Z   mpfr                           4.2.1                h9458935_1               conda-forge
2025-02-15T21:39:30.2716620Z   mpmath                         1.3.0                pyhd8ed1ab_0             conda-forge
2025-02-15T21:39:30.2716960Z   munkres                        1.1.4                pyh9f0ad1d_0             conda-forge
2025-02-15T21:39:30.2717430Z   mypy_extensions                1.0.0                pyha770c72_0             conda-forge
2025-02-15T21:39:30.2717797Z   nbclassic                      1.1.0                pyhd8ed1ab_0             conda-forge
2025-02-15T21:39:30.2718155Z   nbclient                       0.10.0               pyhd8ed1ab_0             conda-forge
2025-02-15T21:39:30.2718521Z   nbconvert                      7.16.4               hd8ed1ab_1               conda-forge
2025-02-15T21:39:30.2719059Z   nbconvert-core                 7.16.4               pyhd8ed1ab_1             conda-forge
2025-02-15T21:39:30.2719464Z   nbconvert-pandoc               7.16.4               hd8ed1ab_1               conda-forge
2025-02-15T21:39:30.2719849Z   nbformat                       5.10.4               pyhd8ed1ab_0             conda-forge
2025-02-15T21:39:30.2720200Z   nbsphinx                       0.9.4                pyhd8ed1ab_0             conda-forge
2025-02-15T21:39:30.2720550Z   ncurses                        6.5                  h59595ed_0               conda-forge
2025-02-15T21:39:30.2720903Z   nest-asyncio                   1.6.0                pyhd8ed1ab_0             conda-forge
2025-02-15T21:39:30.2721272Z   networkx                       3.3                  pyhd8ed1ab_1             conda-forge
2025-02-15T21:39:30.2721608Z   nomkl                          1.0                  h5ca1d4c_0               conda-forge
2025-02-15T21:39:30.2721943Z   notebook                       7.2.1                pyhd8ed1ab_0             conda-forge
2025-02-15T21:39:30.2722308Z   notebook-shim                  0.2.4                pyhd8ed1ab_0             conda-forge
2025-02-15T21:39:30.2722680Z   numba                          0.59.1               py312hacefee8_0          conda-forge
2025-02-15T21:39:30.2723037Z   numexpr                        2.10.0               py312hf412c99_100        conda-forge
2025-02-15T21:39:30.2723377Z   numpy                          1.26.4               py312heda63a1_0          conda-forge
2025-02-15T21:39:30.2723724Z   numpydoc                       1.7.0                pyhd8ed1ab_1             conda-forge
2025-02-15T21:39:30.2724072Z   openjpeg                       2.5.2                h488ebb8_0               conda-forge
2025-02-15T21:39:30.2724412Z   openssl                        3.3.1                h4ab18f5_0               conda-forge
2025-02-15T21:39:30.2724766Z   overrides                      7.7.0                pyhd8ed1ab_0             conda-forge
2025-02-15T21:39:30.2725136Z   packaging                      24.1                 pyhd8ed1ab_0             conda-forge
2025-02-15T21:39:30.2725492Z   pandas                         2.2.2                py312h1d6d2e6_1          conda-forge
2025-02-15T21:39:30.2725853Z   pandoc                         3.2                  ha770c72_0               conda-forge
2025-02-15T21:39:30.2726217Z   pandocfilters                  1.5.0                pyhd8ed1ab_0             conda-forge
2025-02-15T21:39:30.2726589Z   pango                          1.54.0               h84a9a3c_0               conda-forge
2025-02-15T21:39:30.2727019Z   parso                          0.8.4                pyhd8ed1ab_0             conda-forge
2025-02-15T21:39:30.2727639Z   pathspec                       0.12.1               pyhd8ed1ab_0             conda-forge
2025-02-15T21:39:30.2728230Z   pbr                            6.0.0                pyhd8ed1ab_0             conda-forge
2025-02-15T21:39:30.2728971Z   pcre2                          10.44                h0f59acf_0               conda-forge
2025-02-15T21:39:30.2729525Z   pexpect                        4.9.0                pyhd8ed1ab_0             conda-forge
2025-02-15T21:39:30.2729918Z   pickleshare                    0.7.5                py_1003                  conda-forge
2025-02-15T21:39:30.2730427Z   pillow                         10.3.0               py312hdcec9eb_0          conda-forge
2025-02-15T21:39:30.2730769Z   pip                            24.0                 pyhd8ed1ab_0             conda-forge
2025-02-15T21:39:30.2731208Z   pixman                         0.43.2               h59595ed_0               conda-forge
2025-02-15T21:39:30.2731615Z   pkgutil-resolve-name           1.3.10               pyhd8ed1ab_1             conda-forge
2025-02-15T21:39:30.2732025Z   platformdirs                   4.2.2                pyhd8ed1ab_0             conda-forge
2025-02-15T21:39:30.2732393Z   plotly                         5.22.0               pyhd8ed1ab_0             conda-forge
2025-02-15T21:39:30.2732733Z   pluggy                         1.5.0                pyhd8ed1ab_0             conda-forge
2025-02-15T21:39:30.2733110Z   prometheus_client              0.20.0               pyhd8ed1ab_0             conda-forge
2025-02-15T21:39:30.2733521Z   prompt-toolkit                 3.0.47               pyha770c72_0             conda-forge
2025-02-15T21:39:30.2733890Z   psutil                         5.9.8                py312h98912ed_0          conda-forge
2025-02-15T21:39:30.2734245Z   pthread-stubs                  0.4                  h36c2ea0_1001            conda-forge
2025-02-15T21:39:30.2734625Z   ptyprocess                     0.7.0                pyhd3deb0d_0             conda-forge
2025-02-15T21:39:30.2734987Z   pure_eval                      0.2.2                pyhd8ed1ab_0             conda-forge
2025-02-15T21:39:30.2735343Z   py-cpuinfo                     9.0.0                pyhd8ed1ab_0             conda-forge
2025-02-15T21:39:30.2735695Z   pybtex                         0.24.0               pyhd8ed1ab_2             conda-forge
2025-02-15T21:39:30.2736075Z   pybtex-docutils                1.0.3                py312h7900ff3_1          conda-forge
2025-02-15T21:39:30.2736454Z   pycparser                      2.22                 pyhd8ed1ab_0             conda-forge
2025-02-15T21:39:30.2736811Z   pyerfa                         2.0.1.4              py312h085067d_1          conda-forge
2025-02-15T21:39:30.2737161Z   pygments                       2.18.0               pyhd8ed1ab_0             conda-forge
2025-02-15T21:39:30.2737532Z   pygraphviz                     1.13                 py312h4a1d8a7_1          conda-forge
2025-02-15T21:39:30.2737895Z   pyparsing                      3.1.2                pyhd8ed1ab_0             conda-forge
2025-02-15T21:39:30.2738249Z   pysocks                        1.7.1                pyha2e5f31_6             conda-forge
2025-02-15T21:39:30.2738601Z   pytables                       3.9.2                py312h96d95ec_2          conda-forge
2025-02-15T21:39:30.2739229Z   pytest                         8.2.2                pyhd8ed1ab_0             conda-forge
2025-02-15T21:39:30.2739593Z   pytest-cov                     5.0.0                pyhd8ed1ab_0             conda-forge
2025-02-15T21:39:30.2739997Z   pytest-doctestplus             1.2.1                pyhd8ed1ab_0             conda-forge
2025-02-15T21:39:30.2740397Z   pytest-html                    4.1.1                pyhd8ed1ab_0             conda-forge
2025-02-15T21:39:30.2740783Z   pytest-metadata                3.1.1                pyhd8ed1ab_0             conda-forge
2025-02-15T21:39:30.2741163Z   python                         3.12.4               h194c7f8_0_cpython       conda-forge
2025-02-15T21:39:30.2741538Z   python-dateutil                2.9.0                pyhd8ed1ab_0             conda-forge
2025-02-15T21:39:30.2741961Z   python-fastjsonschema          2.20.0               pyhd8ed1ab_0             conda-forge
2025-02-15T21:39:30.2742394Z   python-json-logger             2.0.7                pyhd8ed1ab_0             conda-forge
2025-02-15T21:39:30.2742799Z   python-tzdata                  2024.1               pyhd8ed1ab_0             conda-forge
2025-02-15T21:39:30.2743174Z   python_abi                     3.12                 4_cp312                  conda-forge
2025-02-15T21:39:30.2743651Z   pytz                           2024.1               pyhd8ed1ab_0             conda-forge
2025-02-15T21:39:30.2744000Z   pyyaml                         6.0.1                py312h98912ed_1          conda-forge
2025-02-15T21:39:30.2744454Z   pyzmq                          26.0.3               py312h8fd38d8_0          conda-forge
2025-02-15T21:39:30.2744797Z   qgrid                          1.3.1                pyhd8ed1ab_4             conda-forge
2025-02-15T21:39:30.2745174Z   radioactivedecay               0.5.1                pyhd8ed1ab_0             conda-forge
2025-02-15T21:39:30.2745552Z   readline                       8.2                  h8228510_1               conda-forge
2025-02-15T21:39:30.2745912Z   recommonmark                   0.7.1                pyhd8ed1ab_0             conda-forge
2025-02-15T21:39:30.2746290Z   referencing                    0.35.1               pyhd8ed1ab_0             conda-forge
2025-02-15T21:39:30.2746662Z   requests                       2.32.3               pyhd8ed1ab_0             conda-forge
2025-02-15T21:39:30.2747049Z   rfc3339-validator              0.1.4                pyhd8ed1ab_0             conda-forge
2025-02-15T21:39:30.2747453Z   rfc3986-validator              0.1.1                pyh9f0ad1d_0             conda-forge
2025-02-15T21:39:30.2747831Z   rpds-py                        0.18.1               py312h4413252_0          conda-forge
2025-02-15T21:39:30.2748169Z   ruff                           0.4.9                py312h5715c7c_0          conda-forge
2025-02-15T21:39:30.2748507Z   scipy                          1.13.1               py312hc2bc53b_0          conda-forge
2025-02-15T21:39:30.2749019Z   send2trash                     1.8.3                pyh0d859eb_0             conda-forge
2025-02-15T21:39:30.2749388Z   setuptools                     70.0.0               pyhd8ed1ab_0             conda-forge
2025-02-15T21:39:30.2749767Z   setuptools-scm                 8.1.0                pyhd8ed1ab_0             conda-forge
2025-02-15T21:39:30.2750160Z   setuptools_scm                 8.1.0                hd8ed1ab_0               conda-forge
2025-02-15T21:39:30.2750507Z   six                            1.16.0               pyh6c4a22f_0             conda-forge
2025-02-15T21:39:30.2750851Z   snakeviz                       2.2.0                pyhd8ed1ab_0             conda-forge
2025-02-15T21:39:30.2751198Z   snappy                         1.2.0                hdb0a2a9_1               conda-forge
2025-02-15T21:39:30.2751541Z   sniffio                        1.3.1                pyhd8ed1ab_0             conda-forge
2025-02-15T21:39:30.2751919Z   snowballstemmer                2.2.0                pyhd8ed1ab_0             conda-forge
2025-02-15T21:39:30.2752306Z   soupsieve                      2.5                  pyhd8ed1ab_1             conda-forge
2025-02-15T21:39:30.2752653Z   sphinx                         7.3.7                pyhd8ed1ab_0             conda-forge
2025-02-15T21:39:30.2753023Z   sphinx-astropy                 1.9.1                pyhd8ed1ab_0             conda-forge
2025-02-15T21:39:30.2753430Z   sphinx-automodapi              0.17.0               pyh717bed2_1             conda-forge
2025-02-15T21:39:30.2753835Z   sphinx-gallery                 0.16.0               pyhd8ed1ab_0             conda-forge
2025-02-15T21:39:30.2754247Z   sphinx-jsonschema              1.19.1               pyhd8ed1ab_0             conda-forge
2025-02-15T21:39:30.2754663Z   sphinx_bootstrap_theme         0.8.1                pyhd8ed1ab_0             conda-forge
2025-02-15T21:39:30.2755070Z   sphinx_rtd_theme               2.0.0                pyha770c72_0             conda-forge
2025-02-15T21:39:30.2755476Z   sphinxcontrib-apidoc           0.3.0                py_1                     conda-forge
2025-02-15T21:39:30.2755915Z   sphinxcontrib-applehelp        1.0.8                pyhd8ed1ab_0             conda-forge
2025-02-15T21:39:30.2756360Z   sphinxcontrib-bibtex           2.6.2                pyhd8ed1ab_0             conda-forge
2025-02-15T21:39:30.2756951Z   sphinxcontrib-devhelp          1.0.6                pyhd8ed1ab_0             conda-forge
2025-02-15T21:39:30.2757401Z   sphinxcontrib-htmlhelp         2.0.5                pyhd8ed1ab_0             conda-forge
2025-02-15T21:39:30.2757944Z   sphinxcontrib-jquery           4.1                  pyhd8ed1ab_0             conda-forge
2025-02-15T21:39:30.2758379Z   sphinxcontrib-jsmath           1.0.1                pyhd8ed1ab_0             conda-forge
2025-02-15T21:39:30.2758935Z   sphinxcontrib-qthelp           1.0.7                pyhd8ed1ab_0             conda-forge
2025-02-15T21:39:30.2759403Z   sphinxcontrib-serializinghtml  1.1.10               pyhd8ed1ab_0             conda-forge
2025-02-15T21:39:30.2759837Z   stack_data                     0.6.2                pyhd8ed1ab_0             conda-forge
2025-02-15T21:39:30.2760184Z   sympy                          1.12.1               pypyh2585a3b_103         conda-forge
2025-02-15T21:39:30.2760538Z   tabulate                       0.9.0                pyhd8ed1ab_1             conda-forge
2025-02-15T21:39:30.2760896Z   tenacity                       8.4.1                pyhd8ed1ab_0             conda-forge
2025-02-15T21:39:30.2761251Z   terminado                      0.18.1               pyh0d859eb_0             conda-forge
2025-02-15T21:39:30.2761617Z   tinycss2                       1.3.0                pyhd8ed1ab_0             conda-forge
2025-02-15T21:39:30.2761952Z   tk                             8.6.13               noxft_h4845f30_101       conda-forge
2025-02-15T21:39:30.2762276Z   toml                           0.10.2               pyhd8ed1ab_0             conda-forge
2025-02-15T21:39:30.2762613Z   tomli                          2.0.1                pyhd8ed1ab_0             conda-forge
2025-02-15T21:39:30.2762953Z   tornado                        6.4.1                py312h9a8786e_0          conda-forge
2025-02-15T21:39:30.2763287Z   tqdm                           4.66.4               pyhd8ed1ab_0             conda-forge
2025-02-15T21:39:30.2763637Z   traitlets                      5.14.3               pyhd8ed1ab_0             conda-forge
2025-02-15T21:39:30.2763999Z   typed-ast                      1.5.5                py312h98912ed_1          conda-forge
2025-02-15T21:39:30.2764414Z   types-python-dateutil          2.9.0.20240316       pyhd8ed1ab_0             conda-forge
2025-02-15T21:39:30.2764860Z   typing-extensions              4.12.2               hd8ed1ab_0               conda-forge
2025-02-15T21:39:30.2765269Z   typing_extensions              4.12.2               pyha770c72_0             conda-forge
2025-02-15T21:39:30.2765654Z   typing_utils                   0.1.0                pyhd8ed1ab_0             conda-forge
2025-02-15T21:39:30.2766015Z   tzdata                         2024a                h0c530f3_0               conda-forge
2025-02-15T21:39:30.2766382Z   uri-template                   1.3.0                pyhd8ed1ab_0             conda-forge
2025-02-15T21:39:30.2766751Z   urllib3                        2.2.2                pyhd8ed1ab_0             conda-forge
2025-02-15T21:39:30.2767107Z   wcwidth                        0.2.13               pyhd8ed1ab_0             conda-forge
2025-02-15T21:39:30.2767462Z   webcolors                      24.6.0               pyhd8ed1ab_0             conda-forge
2025-02-15T21:39:30.2767839Z   webencodings                   0.5.1                pyhd8ed1ab_2             conda-forge
2025-02-15T21:39:30.2768242Z   websocket-client               1.8.0                pyhd8ed1ab_0             conda-forge
2025-02-15T21:39:30.2768614Z   wheel                          0.43.0               pyhd8ed1ab_1             conda-forge
2025-02-15T21:39:30.2769088Z   widgetsnbextension             3.6.6                pyhd8ed1ab_0             conda-forge
2025-02-15T21:39:30.2769480Z   xorg-kbproto                   1.0.7                h7f98852_1002            conda-forge
2025-02-15T21:39:30.2769844Z   xorg-libice                    1.1.1                hd590300_0               conda-forge
2025-02-15T21:39:30.2770324Z   xorg-libsm                     1.2.4                h7391055_0               conda-forge
2025-02-15T21:39:30.2770686Z   xorg-libx11                    1.8.9                h8ee46fc_0               conda-forge
2025-02-15T21:39:30.2771147Z   xorg-libxau                    1.0.11               hd590300_0               conda-forge
2025-02-15T21:39:30.2771522Z   xorg-libxdmcp                  1.1.3                h7f98852_0               conda-forge
2025-02-15T21:39:30.2771895Z   xorg-libxext                   1.3.4                h0b41bf4_2               conda-forge
2025-02-15T21:39:30.2772271Z   xorg-libxrender                0.9.11               hd590300_0               conda-forge
2025-02-15T21:39:30.2772661Z   xorg-renderproto               0.11.1               h7f98852_1002            conda-forge
2025-02-15T21:39:30.2773051Z   xorg-xextproto                 7.3.0                h0b41bf4_1003            conda-forge
2025-02-15T21:39:30.2773437Z   xorg-xproto                    7.0.31               h7f98852_1007            conda-forge
2025-02-15T21:39:30.2773781Z   xz                             5.2.6                h166bdaf_0               conda-forge
2025-02-15T21:39:30.2774093Z   yaml                           0.2.5                h7f98852_2               conda-forge
2025-02-15T21:39:30.2774420Z   zeromq                         4.3.5                h75354e8_4               conda-forge
2025-02-15T21:39:30.2774756Z   zipp                           3.19.2               pyhd8ed1ab_0             conda-forge
2025-02-15T21:39:30.2775081Z   zlib                           1.3.1                h4ab18f5_1               conda-forge
2025-02-15T21:39:30.2775416Z   zlib-ng                        2.0.7                h0b41bf4_0               conda-forge
2025-02-15T21:39:30.2775746Z   zstd                           1.5.6                ha6fb4c9_0               conda-forge
2025-02-15T21:39:30.2776263Z ##[endgroup]
2025-02-15T21:39:30.2810812Z ##[group]Run pip install -e . --user
2025-02-15T21:39:30.2811129Z [36;1mpip install -e . --user[0m
2025-02-15T21:39:30.2867488Z shell: /usr/bin/bash -l {0}
2025-02-15T21:39:30.2867729Z env:
2025-02-15T21:39:30.2867906Z   CACHE_NUMBER: 0
2025-02-15T21:39:30.2868526Z   PYTEST_FLAGS: --tardis-regression-data=/home/runner/work/tardis/tardis/tardis-regression-data --cov=tardis --cov-report=xml --cov-report=html --cov-append
2025-02-15T21:39:30.2869326Z   CODECOV_TOKEN: 
2025-02-15T21:39:30.2869552Z   MAMBA_ROOT_PREFIX: /home/runner/micromamba
2025-02-15T21:39:30.2869864Z   MAMBA_EXE: /home/runner/micromamba-bin/micromamba
2025-02-15T21:39:30.2870213Z   CONDARC: /home/runner/work/_temp/setup-micromamba/.condarc
2025-02-15T21:39:30.2870514Z ##[endgroup]
2025-02-15T21:39:30.9396816Z Obtaining file:///home/runner/work/tardis/tardis
2025-02-15T21:39:30.9426569Z   Installing build dependencies: started
2025-02-15T21:39:33.6163749Z   Installing build dependencies: finished with status 'done'
2025-02-15T21:39:33.6171008Z   Checking if build backend supports build_editable: started
2025-02-15T21:39:33.7490927Z   Checking if build backend supports build_editable: finished with status 'done'
2025-02-15T21:39:33.7498326Z   Getting requirements to build editable: started
2025-02-15T21:39:34.2208982Z   Getting requirements to build editable: finished with status 'done'
2025-02-15T21:39:34.2217269Z   Preparing editable metadata (pyproject.toml): started
2025-02-15T21:39:34.6950177Z   Preparing editable metadata (pyproject.toml): finished with status 'done'
2025-02-15T21:39:34.7544061Z Requirement already satisfied: astropy in /home/runner/micromamba/envs/tardis/lib/python3.12/site-packages (from tardis==0.0.0) (6.1.1)
2025-02-15T21:39:34.7946615Z Requirement already satisfied: numpy>=1.23 in /home/runner/micromamba/envs/tardis/lib/python3.12/site-packages (from astropy->tardis==0.0.0) (1.26.4)
2025-02-15T21:39:34.7956209Z Requirement already satisfied: pyerfa>=2.0.1.1 in /home/runner/micromamba/envs/tardis/lib/python3.12/site-packages (from astropy->tardis==0.0.0) (2.0.1.4)
2025-02-15T21:39:34.7966476Z Requirement already satisfied: astropy-iers-data>=0.2024.5.27.0.30.8 in /home/runner/micromamba/envs/tardis/lib/python3.12/site-packages (from astropy->tardis==0.0.0) (0.2024.6.17.0.31.35)
2025-02-15T21:39:34.7974739Z Requirement already satisfied: PyYAML>=3.13 in /home/runner/micromamba/envs/tardis/lib/python3.12/site-packages (from astropy->tardis==0.0.0) (6.0.1)
2025-02-15T21:39:34.7984554Z Requirement already satisfied: packaging>=19.0 in /home/runner/micromamba/envs/tardis/lib/python3.12/site-packages (from astropy->tardis==0.0.0) (24.1)
2025-02-15T21:39:34.8074551Z Building wheels for collected packages: tardis
2025-02-15T21:39:34.8083628Z   Building editable for tardis (pyproject.toml): started
2025-02-15T21:39:35.5723371Z   Building editable for tardis (pyproject.toml): finished with status 'done'
2025-02-15T21:39:35.5730556Z   Created wheel for tardis: filename=tardis-0.0.0-0.editable-py3-none-any.whl size=8879 sha256=e9a9e44f62455a4f2879c0d22cfe8eb53bf8c897117879f8c0f64845b288ae65
2025-02-15T21:39:35.5732206Z   Stored in directory: /tmp/pip-ephem-wheel-cache-fll5kt9d/wheels/6a/c7/ae/89fa6dc2565455898176888ef0e2e475e4e90eb0124afcb995
2025-02-15T21:39:35.5758926Z Successfully built tardis
2025-02-15T21:39:36.3443116Z Installing collected packages: tardis
2025-02-15T21:39:36.3530446Z Successfully installed tardis-0.0.0
2025-02-15T21:39:36.5655977Z ##[group]Run pip install qgridnext
2025-02-15T21:39:36.5656293Z [36;1mpip install qgridnext[0m
2025-02-15T21:39:36.5710367Z shell: /usr/bin/bash -l {0}
2025-02-15T21:39:36.5710607Z env:
2025-02-15T21:39:36.5710781Z   CACHE_NUMBER: 0
2025-02-15T21:39:36.5711399Z   PYTEST_FLAGS: --tardis-regression-data=/home/runner/work/tardis/tardis/tardis-regression-data --cov=tardis --cov-report=xml --cov-report=html --cov-append
2025-02-15T21:39:36.5712041Z   CODECOV_TOKEN: 
2025-02-15T21:39:36.5712259Z   MAMBA_ROOT_PREFIX: /home/runner/micromamba
2025-02-15T21:39:36.5712564Z   MAMBA_EXE: /home/runner/micromamba-bin/micromamba
2025-02-15T21:39:36.5712911Z   CONDARC: /home/runner/work/_temp/setup-micromamba/.condarc
2025-02-15T21:39:36.5713212Z ##[endgroup]
2025-02-15T21:39:37.1982113Z Collecting qgridnext
2025-02-15T21:39:37.2152668Z   Downloading qgridnext-2.0.4-py3-none-any.whl.metadata (9.9 kB)
2025-02-15T21:39:37.2238391Z Requirement already satisfied: pandas>=0.20.0 in /home/runner/micromamba/envs/tardis/lib/python3.12/site-packages (from qgridnext) (2.2.2)
2025-02-15T21:39:37.2247549Z Requirement already satisfied: ipywidgets>=7.0.0 in /home/runner/micromamba/envs/tardis/lib/python3.12/site-packages (from qgridnext) (7.8.0)
2025-02-15T21:39:37.2257611Z Requirement already satisfied: numpy in /home/runner/micromamba/envs/tardis/lib/python3.12/site-packages (from qgridnext) (1.26.4)
2025-02-15T21:39:37.2268110Z Requirement already satisfied: traitlets in /home/runner/micromamba/envs/tardis/lib/python3.12/site-packages (from qgridnext) (5.14.3)
2025-02-15T21:39:37.2355729Z Requirement already satisfied: comm>=0.1.3 in /home/runner/micromamba/envs/tardis/lib/python3.12/site-packages (from ipywidgets>=7.0.0->qgridnext) (0.2.2)
2025-02-15T21:39:37.2364855Z Requirement already satisfied: ipython-genutils~=0.2.0 in /home/runner/micromamba/envs/tardis/lib/python3.12/site-packages (from ipywidgets>=7.0.0->qgridnext) (0.2.0)
2025-02-15T21:39:37.2378389Z Requirement already satisfied: widgetsnbextension~=3.6.5 in /home/runner/micromamba/envs/tardis/lib/python3.12/site-packages (from ipywidgets>=7.0.0->qgridnext) (3.6.6)
2025-02-15T21:39:37.2397177Z Requirement already satisfied: ipython>=4.0.0 in /home/runner/micromamba/envs/tardis/lib/python3.12/site-packages (from ipywidgets>=7.0.0->qgridnext) (8.25.0)
2025-02-15T21:39:37.2412378Z Requirement already satisfied: jupyterlab-widgets<3,>=1.0.0 in /home/runner/micromamba/envs/tardis/lib/python3.12/site-packages (from ipywidgets>=7.0.0->qgridnext) (1.1.7)
2025-02-15T21:39:37.2857016Z Requirement already satisfied: python-dateutil>=2.8.2 in /home/runner/micromamba/envs/tardis/lib/python3.12/site-packages (from pandas>=0.20.0->qgridnext) (2.9.0)
2025-02-15T21:39:37.2870891Z Requirement already satisfied: pytz>=2020.1 in /home/runner/micromamba/envs/tardis/lib/python3.12/site-packages (from pandas>=0.20.0->qgridnext) (2024.1)
2025-02-15T21:39:37.2879342Z Requirement already satisfied: tzdata>=2022.7 in /home/runner/micromamba/envs/tardis/lib/python3.12/site-packages (from pandas>=0.20.0->qgridnext) (2024.1)
2025-02-15T21:39:37.3201688Z Requirement already satisfied: decorator in /home/runner/micromamba/envs/tardis/lib/python3.12/site-packages (from ipython>=4.0.0->ipywidgets>=7.0.0->qgridnext) (5.1.1)
2025-02-15T21:39:37.3215648Z Requirement already satisfied: jedi>=0.16 in /home/runner/micromamba/envs/tardis/lib/python3.12/site-packages (from ipython>=4.0.0->ipywidgets>=7.0.0->qgridnext) (0.19.1)
2025-02-15T21:39:37.3223811Z Requirement already satisfied: matplotlib-inline in /home/runner/micromamba/envs/tardis/lib/python3.12/site-packages (from ipython>=4.0.0->ipywidgets>=7.0.0->qgridnext) (0.1.7)
2025-02-15T21:39:37.3234401Z Requirement already satisfied: prompt-toolkit<3.1.0,>=3.0.41 in /home/runner/micromamba/envs/tardis/lib/python3.12/site-packages (from ipython>=4.0.0->ipywidgets>=7.0.0->qgridnext) (3.0.47)
2025-02-15T21:39:37.3243450Z Requirement already satisfied: pygments>=2.4.0 in /home/runner/micromamba/envs/tardis/lib/python3.12/site-packages (from ipython>=4.0.0->ipywidgets>=7.0.0->qgridnext) (2.18.0)
2025-02-15T21:39:37.3252893Z Requirement already satisfied: stack-data in /home/runner/micromamba/envs/tardis/lib/python3.12/site-packages (from ipython>=4.0.0->ipywidgets>=7.0.0->qgridnext) (0.6.2)
2025-02-15T21:39:37.3271957Z Requirement already satisfied: pexpect>4.3 in /home/runner/micromamba/envs/tardis/lib/python3.12/site-packages (from ipython>=4.0.0->ipywidgets>=7.0.0->qgridnext) (4.9.0)
2025-02-15T21:39:37.3321033Z Requirement already satisfied: six>=1.5 in /home/runner/micromamba/envs/tardis/lib/python3.12/site-packages (from python-dateutil>=2.8.2->pandas>=0.20.0->qgridnext) (1.16.0)
2025-02-15T21:39:37.3377896Z Requirement already satisfied: notebook>=4.4.1 in /home/runner/micromamba/envs/tardis/lib/python3.12/site-packages (from widgetsnbextension~=3.6.5->ipywidgets>=7.0.0->qgridnext) (7.2.1)
2025-02-15T21:39:37.3568906Z Requirement already satisfied: parso<0.9.0,>=0.8.3 in /home/runner/micromamba/envs/tardis/lib/python3.12/site-packages (from jedi>=0.16->ipython>=4.0.0->ipywidgets>=7.0.0->qgridnext) (0.8.4)
2025-02-15T21:39:37.3716276Z Requirement already satisfied: jupyter-server<3,>=2.4.0 in /home/runner/micromamba/envs/tardis/lib/python3.12/site-packages (from notebook>=4.4.1->widgetsnbextension~=3.6.5->ipywidgets>=7.0.0->qgridnext) (2.14.1)
2025-02-15T21:39:37.3729294Z Requirement already satisfied: jupyterlab-server<3,>=2.27.1 in /home/runner/micromamba/envs/tardis/lib/python3.12/site-packages (from notebook>=4.4.1->widgetsnbextension~=3.6.5->ipywidgets>=7.0.0->qgridnext) (2.27.2)
2025-02-15T21:39:37.3744786Z Requirement already satisfied: jupyterlab<4.3,>=4.2.0 in /home/runner/micromamba/envs/tardis/lib/python3.12/site-packages (from notebook>=4.4.1->widgetsnbextension~=3.6.5->ipywidgets>=7.0.0->qgridnext) (4.2.2)
2025-02-15T21:39:37.3754906Z Requirement already satisfied: notebook-shim<0.3,>=0.2 in /home/runner/micromamba/envs/tardis/lib/python3.12/site-packages (from notebook>=4.4.1->widgetsnbextension~=3.6.5->ipywidgets>=7.0.0->qgridnext) (0.2.4)
2025-02-15T21:39:37.3763035Z Requirement already satisfied: tornado>=6.2.0 in /home/runner/micromamba/envs/tardis/lib/python3.12/site-packages (from notebook>=4.4.1->widgetsnbextension~=3.6.5->ipywidgets>=7.0.0->qgridnext) (6.4.1)
2025-02-15T21:39:37.3794161Z Requirement already satisfied: ptyprocess>=0.5 in /home/runner/micromamba/envs/tardis/lib/python3.12/site-packages (from pexpect>4.3->ipython>=4.0.0->ipywidgets>=7.0.0->qgridnext) (0.7.0)
2025-02-15T21:39:37.3823417Z Requirement already satisfied: wcwidth in /home/runner/micromamba/envs/tardis/lib/python3.12/site-packages (from prompt-toolkit<3.1.0,>=3.0.41->ipython>=4.0.0->ipywidgets>=7.0.0->qgridnext) (0.2.13)
2025-02-15T21:39:37.3964812Z Requirement already satisfied: executing>=1.2.0 in /home/runner/micromamba/envs/tardis/lib/python3.12/site-packages (from stack-data->ipython>=4.0.0->ipywidgets>=7.0.0->qgridnext) (2.0.1)
2025-02-15T21:39:37.3974239Z Requirement already satisfied: asttokens>=2.1.0 in /home/runner/micromamba/envs/tardis/lib/python3.12/site-packages (from stack-data->ipython>=4.0.0->ipywidgets>=7.0.0->qgridnext) (2.4.1)
2025-02-15T21:39:37.3981859Z Requirement already satisfied: pure-eval in /home/runner/micromamba/envs/tardis/lib/python3.12/site-packages (from stack-data->ipython>=4.0.0->ipywidgets>=7.0.0->qgridnext) (0.2.2)
2025-02-15T21:39:37.4330109Z Requirement already satisfied: anyio>=3.1.0 in /home/runner/micromamba/envs/tardis/lib/python3.12/site-packages (from jupyter-server<3,>=2.4.0->notebook>=4.4.1->widgetsnbextension~=3.6.5->ipywidgets>=7.0.0->qgridnext) (4.4.0)
2025-02-15T21:39:37.4339812Z Requirement already satisfied: argon2-cffi>=21.1 in /home/runner/micromamba/envs/tardis/lib/python3.12/site-packages (from jupyter-server<3,>=2.4.0->notebook>=4.4.1->widgetsnbextension~=3.6.5->ipywidgets>=7.0.0->qgridnext) (23.1.0)
2025-02-15T21:39:37.4347962Z Requirement already satisfied: jinja2>=3.0.3 in /home/runner/micromamba/envs/tardis/lib/python3.12/site-packages (from jupyter-server<3,>=2.4.0->notebook>=4.4.1->widgetsnbextension~=3.6.5->ipywidgets>=7.0.0->qgridnext) (3.1.4)
2025-02-15T21:39:37.4359418Z Requirement already satisfied: jupyter-client>=7.4.4 in /home/runner/micromamba/envs/tardis/lib/python3.12/site-packages (from jupyter-server<3,>=2.4.0->notebook>=4.4.1->widgetsnbextension~=3.6.5->ipywidgets>=7.0.0->qgridnext) (8.6.2)
2025-02-15T21:39:37.4371111Z Requirement already satisfied: jupyter-core!=5.0.*,>=4.12 in /home/runner/micromamba/envs/tardis/lib/python3.12/site-packages (from jupyter-server<3,>=2.4.0->notebook>=4.4.1->widgetsnbextension~=3.6.5->ipywidgets>=7.0.0->qgridnext) (5.7.2)
2025-02-15T21:39:37.4382350Z Requirement already satisfied: jupyter-events>=0.9.0 in /home/runner/micromamba/envs/tardis/lib/python3.12/site-packages (from jupyter-server<3,>=2.4.0->notebook>=4.4.1->widgetsnbextension~=3.6.5->ipywidgets>=7.0.0->qgridnext) (0.10.0)
2025-02-15T21:39:37.4393345Z Requirement already satisfied: jupyter-server-terminals>=0.4.4 in /home/runner/micromamba/envs/tardis/lib/python3.12/site-packages (from jupyter-server<3,>=2.4.0->notebook>=4.4.1->widgetsnbextension~=3.6.5->ipywidgets>=7.0.0->qgridnext) (0.5.3)
2025-02-15T21:39:37.4406564Z Requirement already satisfied: nbconvert>=6.4.4 in /home/runner/micromamba/envs/tardis/lib/python3.12/site-packages (from jupyter-server<3,>=2.4.0->notebook>=4.4.1->widgetsnbextension~=3.6.5->ipywidgets>=7.0.0->qgridnext) (7.16.4)
2025-02-15T21:39:37.4416658Z Requirement already satisfied: nbformat>=5.3.0 in /home/runner/micromamba/envs/tardis/lib/python3.12/site-packages (from jupyter-server<3,>=2.4.0->notebook>=4.4.1->widgetsnbextension~=3.6.5->ipywidgets>=7.0.0->qgridnext) (5.10.4)
2025-02-15T21:39:37.4425538Z Requirement already satisfied: overrides>=5.0 in /home/runner/micromamba/envs/tardis/lib/python3.12/site-packages (from jupyter-server<3,>=2.4.0->notebook>=4.4.1->widgetsnbextension~=3.6.5->ipywidgets>=7.0.0->qgridnext) (7.7.0)
2025-02-15T21:39:37.4435142Z Requirement already satisfied: packaging>=22.0 in /home/runner/micromamba/envs/tardis/lib/python3.12/site-packages (from jupyter-server<3,>=2.4.0->notebook>=4.4.1->widgetsnbextension~=3.6.5->ipywidgets>=7.0.0->qgridnext) (24.1)
2025-02-15T21:39:37.4443482Z Requirement already satisfied: prometheus-client>=0.9 in /home/runner/micromamba/envs/tardis/lib/python3.12/site-packages (from jupyter-server<3,>=2.4.0->notebook>=4.4.1->widgetsnbextension~=3.6.5->ipywidgets>=7.0.0->qgridnext) (0.20.0)
2025-02-15T21:39:37.4454007Z Requirement already satisfied: pyzmq>=24 in /home/runner/micromamba/envs/tardis/lib/python3.12/site-packages (from jupyter-server<3,>=2.4.0->notebook>=4.4.1->widgetsnbextension~=3.6.5->ipywidgets>=7.0.0->qgridnext) (26.0.3)
2025-02-15T21:39:37.4462681Z Requirement already satisfied: send2trash>=1.8.2 in /home/runner/micromamba/envs/tardis/lib/python3.12/site-packages (from jupyter-server<3,>=2.4.0->notebook>=4.4.1->widgetsnbextension~=3.6.5->ipywidgets>=7.0.0->qgridnext) (1.8.3)
2025-02-15T21:39:37.4473949Z Requirement already satisfied: terminado>=0.8.3 in /home/runner/micromamba/envs/tardis/lib/python3.12/site-packages (from jupyter-server<3,>=2.4.0->notebook>=4.4.1->widgetsnbextension~=3.6.5->ipywidgets>=7.0.0->qgridnext) (0.18.1)
2025-02-15T21:39:37.4490772Z Requirement already satisfied: websocket-client>=1.7 in /home/runner/micromamba/envs/tardis/lib/python3.12/site-packages (from jupyter-server<3,>=2.4.0->notebook>=4.4.1->widgetsnbextension~=3.6.5->ipywidgets>=7.0.0->qgridnext) (1.8.0)
2025-02-15T21:39:37.4780663Z Requirement already satisfied: async-lru>=1.0.0 in /home/runner/micromamba/envs/tardis/lib/python3.12/site-packages (from jupyterlab<4.3,>=4.2.0->notebook>=4.4.1->widgetsnbextension~=3.6.5->ipywidgets>=7.0.0->qgridnext) (2.0.4)
2025-02-15T21:39:37.4792998Z Requirement already satisfied: httpx>=0.25.0 in /home/runner/micromamba/envs/tardis/lib/python3.12/site-packages (from jupyterlab<4.3,>=4.2.0->notebook>=4.4.1->widgetsnbextension~=3.6.5->ipywidgets>=7.0.0->qgridnext) (0.27.0)
2025-02-15T21:39:37.4804661Z Requirement already satisfied: ipykernel>=6.5.0 in /home/runner/micromamba/envs/tardis/lib/python3.12/site-packages (from jupyterlab<4.3,>=4.2.0->notebook>=4.4.1->widgetsnbextension~=3.6.5->ipywidgets>=7.0.0->qgridnext) (6.29.4)
2025-02-15T21:39:37.4819610Z Requirement already satisfied: jupyter-lsp>=2.0.0 in /home/runner/micromamba/envs/tardis/lib/python3.12/site-packages (from jupyterlab<4.3,>=4.2.0->notebook>=4.4.1->widgetsnbextension~=3.6.5->ipywidgets>=7.0.0->qgridnext) (2.2.5)
2025-02-15T21:39:37.4845491Z Requirement already satisfied: setuptools>=40.1.0 in /home/runner/micromamba/envs/tardis/lib/python3.12/site-packages (from jupyterlab<4.3,>=4.2.0->notebook>=4.4.1->widgetsnbextension~=3.6.5->ipywidgets>=7.0.0->qgridnext) (70.0.0)
2025-02-15T21:39:37.5039418Z Requirement already satisfied: babel>=2.10 in /home/runner/micromamba/envs/tardis/lib/python3.12/site-packages (from jupyterlab-server<3,>=2.27.1->notebook>=4.4.1->widgetsnbextension~=3.6.5->ipywidgets>=7.0.0->qgridnext) (2.14.0)
2025-02-15T21:39:37.5066137Z Requirement already satisfied: json5>=0.9.0 in /home/runner/micromamba/envs/tardis/lib/python3.12/site-packages (from jupyterlab-server<3,>=2.27.1->notebook>=4.4.1->widgetsnbextension~=3.6.5->ipywidgets>=7.0.0->qgridnext) (0.9.25)
2025-02-15T21:39:37.5076553Z Requirement already satisfied: jsonschema>=4.18.0 in /home/runner/micromamba/envs/tardis/lib/python3.12/site-packages (from jupyterlab-server<3,>=2.27.1->notebook>=4.4.1->widgetsnbextension~=3.6.5->ipywidgets>=7.0.0->qgridnext) (4.22.0)
2025-02-15T21:39:37.5095200Z Requirement already satisfied: requests>=2.31 in /home/runner/micromamba/envs/tardis/lib/python3.12/site-packages (from jupyterlab-server<3,>=2.27.1->notebook>=4.4.1->widgetsnbextension~=3.6.5->ipywidgets>=7.0.0->qgridnext) (2.32.3)
2025-02-15T21:39:37.5456945Z Requirement already satisfied: idna>=2.8 in /home/runner/micromamba/envs/tardis/lib/python3.12/site-packages (from anyio>=3.1.0->jupyter-server<3,>=2.4.0->notebook>=4.4.1->widgetsnbextension~=3.6.5->ipywidgets>=7.0.0->qgridnext) (3.7)
2025-02-15T21:39:37.5465515Z Requirement already satisfied: sniffio>=1.1 in /home/runner/micromamba/envs/tardis/lib/python3.12/site-packages (from anyio>=3.1.0->jupyter-server<3,>=2.4.0->notebook>=4.4.1->widgetsnbextension~=3.6.5->ipywidgets>=7.0.0->qgridnext) (1.3.1)
2025-02-15T21:39:37.5562829Z Requirement already satisfied: argon2-cffi-bindings in /home/runner/micromamba/envs/tardis/lib/python3.12/site-packages (from argon2-cffi>=21.1->jupyter-server<3,>=2.4.0->notebook>=4.4.1->widgetsnbextension~=3.6.5->ipywidgets>=7.0.0->qgridnext) (21.2.0)
2025-02-15T21:39:37.5744636Z Requirement already satisfied: certifi in /home/runner/micromamba/envs/tardis/lib/python3.12/site-packages (from httpx>=0.25.0->jupyterlab<4.3,>=4.2.0->notebook>=4.4.1->widgetsnbextension~=3.6.5->ipywidgets>=7.0.0->qgridnext) (2024.6.2)
2025-02-15T21:39:37.5760430Z Requirement already satisfied: httpcore==1.* in /home/runner/micromamba/envs/tardis/lib/python3.12/site-packages (from httpx>=0.25.0->jupyterlab<4.3,>=4.2.0->notebook>=4.4.1->widgetsnbextension~=3.6.5->ipywidgets>=7.0.0->qgridnext) (1.0.5)
2025-02-15T21:39:37.5843346Z Requirement already satisfied: h11<0.15,>=0.13 in /home/runner/micromamba/envs/tardis/lib/python3.12/site-packages (from httpcore==1.*->httpx>=0.25.0->jupyterlab<4.3,>=4.2.0->notebook>=4.4.1->widgetsnbextension~=3.6.5->ipywidgets>=7.0.0->qgridnext) (0.14.0)
2025-02-15T21:39:37.6041319Z Requirement already satisfied: debugpy>=1.6.5 in /home/runner/micromamba/envs/tardis/lib/python3.12/site-packages (from ipykernel>=6.5.0->jupyterlab<4.3,>=4.2.0->notebook>=4.4.1->widgetsnbextension~=3.6.5->ipywidgets>=7.0.0->qgridnext) (1.8.1)
2025-02-15T21:39:37.6062193Z Requirement already satisfied: nest-asyncio in /home/runner/micromamba/envs/tardis/lib/python3.12/site-packages (from ipykernel>=6.5.0->jupyterlab<4.3,>=4.2.0->notebook>=4.4.1->widgetsnbextension~=3.6.5->ipywidgets>=7.0.0->qgridnext) (1.6.0)
2025-02-15T21:39:37.6076906Z Requirement already satisfied: psutil in /home/runner/micromamba/envs/tardis/lib/python3.12/site-packages (from ipykernel>=6.5.0->jupyterlab<4.3,>=4.2.0->notebook>=4.4.1->widgetsnbextension~=3.6.5->ipywidgets>=7.0.0->qgridnext) (5.9.8)
2025-02-15T21:39:37.6142988Z Requirement already satisfied: MarkupSafe>=2.0 in /home/runner/micromamba/envs/tardis/lib/python3.12/site-packages (from jinja2>=3.0.3->jupyter-server<3,>=2.4.0->notebook>=4.4.1->widgetsnbextension~=3.6.5->ipywidgets>=7.0.0->qgridnext) (2.1.5)
2025-02-15T21:39:37.6340777Z Requirement already satisfied: attrs>=22.2.0 in /home/runner/micromamba/envs/tardis/lib/python3.12/site-packages (from jsonschema>=4.18.0->jupyterlab-server<3,>=2.27.1->notebook>=4.4.1->widgetsnbextension~=3.6.5->ipywidgets>=7.0.0->qgridnext) (23.2.0)
2025-02-15T21:39:37.6350771Z Requirement already satisfied: jsonschema-specifications>=2023.03.6 in /home/runner/micromamba/envs/tardis/lib/python3.12/site-packages (from jsonschema>=4.18.0->jupyterlab-server<3,>=2.27.1->notebook>=4.4.1->widgetsnbextension~=3.6.5->ipywidgets>=7.0.0->qgridnext) (2023.12.1)
2025-02-15T21:39:37.6359332Z Requirement already satisfied: referencing>=0.28.4 in /home/runner/micromamba/envs/tardis/lib/python3.12/site-packages (from jsonschema>=4.18.0->jupyterlab-server<3,>=2.27.1->notebook>=4.4.1->widgetsnbextension~=3.6.5->ipywidgets>=7.0.0->qgridnext) (0.35.1)
2025-02-15T21:39:37.6382769Z Requirement already satisfied: rpds-py>=0.7.1 in /home/runner/micromamba/envs/tardis/lib/python3.12/site-packages (from jsonschema>=4.18.0->jupyterlab-server<3,>=2.27.1->notebook>=4.4.1->widgetsnbextension~=3.6.5->ipywidgets>=7.0.0->qgridnext) (0.18.1)
2025-02-15T21:39:37.6647842Z Requirement already satisfied: platformdirs>=2.5 in /home/runner/micromamba/envs/tardis/lib/python3.12/site-packages (from jupyter-core!=5.0.*,>=4.12->jupyter-server<3,>=2.4.0->notebook>=4.4.1->widgetsnbextension~=3.6.5->ipywidgets>=7.0.0->qgridnext) (4.2.2)
2025-02-15T21:39:37.6805914Z Requirement already satisfied: python-json-logger>=2.0.4 in /home/runner/micromamba/envs/tardis/lib/python3.12/site-packages (from jupyter-events>=0.9.0->jupyter-server<3,>=2.4.0->notebook>=4.4.1->widgetsnbextension~=3.6.5->ipywidgets>=7.0.0->qgridnext) (2.0.7)
2025-02-15T21:39:37.6814936Z Requirement already satisfied: pyyaml>=5.3 in /home/runner/micromamba/envs/tardis/lib/python3.12/site-packages (from jupyter-events>=0.9.0->jupyter-server<3,>=2.4.0->notebook>=4.4.1->widgetsnbextension~=3.6.5->ipywidgets>=7.0.0->qgridnext) (6.0.1)
2025-02-15T21:39:37.6826199Z Requirement already satisfied: rfc3339-validator in /home/runner/micromamba/envs/tardis/lib/python3.12/site-packages (from jupyter-events>=0.9.0->jupyter-server<3,>=2.4.0->notebook>=4.4.1->widgetsnbextension~=3.6.5->ipywidgets>=7.0.0->qgridnext) (0.1.4)
2025-02-15T21:39:37.6835719Z Requirement already satisfied: rfc3986-validator>=0.1.1 in /home/runner/micromamba/envs/tardis/lib/python3.12/site-packages (from jupyter-events>=0.9.0->jupyter-server<3,>=2.4.0->notebook>=4.4.1->widgetsnbextension~=3.6.5->ipywidgets>=7.0.0->qgridnext) (0.1.1)
2025-02-15T21:39:37.7275651Z Requirement already satisfied: beautifulsoup4 in /home/runner/micromamba/envs/tardis/lib/python3.12/site-packages (from nbconvert>=6.4.4->jupyter-server<3,>=2.4.0->notebook>=4.4.1->widgetsnbextension~=3.6.5->ipywidgets>=7.0.0->qgridnext) (4.12.3)
2025-02-15T21:39:37.7295731Z Requirement already satisfied: bleach!=5.0.0 in /home/runner/micromamba/envs/tardis/lib/python3.12/site-packages (from nbconvert>=6.4.4->jupyter-server<3,>=2.4.0->notebook>=4.4.1->widgetsnbextension~=3.6.5->ipywidgets>=7.0.0->qgridnext) (6.1.0)
2025-02-15T21:39:37.7311012Z Requirement already satisfied: defusedxml in /home/runner/micromamba/envs/tardis/lib/python3.12/site-packages (from nbconvert>=6.4.4->jupyter-server<3,>=2.4.0->notebook>=4.4.1->widgetsnbextension~=3.6.5->ipywidgets>=7.0.0->qgridnext) (0.7.1)
2025-02-15T21:39:37.7326416Z Requirement already satisfied: jupyterlab-pygments in /home/runner/micromamba/envs/tardis/lib/python3.12/site-packages (from nbconvert>=6.4.4->jupyter-server<3,>=2.4.0->notebook>=4.4.1->widgetsnbextension~=3.6.5->ipywidgets>=7.0.0->qgridnext) (0.3.0)
2025-02-15T21:39:37.7339342Z Requirement already satisfied: mistune<4,>=2.0.3 in /home/runner/micromamba/envs/tardis/lib/python3.12/site-packages (from nbconvert>=6.4.4->jupyter-server<3,>=2.4.0->notebook>=4.4.1->widgetsnbextension~=3.6.5->ipywidgets>=7.0.0->qgridnext) (3.0.2)
2025-02-15T21:39:37.7353015Z Requirement already satisfied: nbclient>=0.5.0 in /home/runner/micromamba/envs/tardis/lib/python3.12/site-packages (from nbconvert>=6.4.4->jupyter-server<3,>=2.4.0->notebook>=4.4.1->widgetsnbextension~=3.6.5->ipywidgets>=7.0.0->qgridnext) (0.10.0)
2025-02-15T21:39:37.7370418Z Requirement already satisfied: pandocfilters>=1.4.1 in /home/runner/micromamba/envs/tardis/lib/python3.12/site-packages (from nbconvert>=6.4.4->jupyter-server<3,>=2.4.0->notebook>=4.4.1->widgetsnbextension~=3.6.5->ipywidgets>=7.0.0->qgridnext) (1.5.0)
2025-02-15T21:39:37.7381036Z Requirement already satisfied: tinycss2 in /home/runner/micromamba/envs/tardis/lib/python3.12/site-packages (from nbconvert>=6.4.4->jupyter-server<3,>=2.4.0->notebook>=4.4.1->widgetsnbextension~=3.6.5->ipywidgets>=7.0.0->qgridnext) (1.3.0)
2025-02-15T21:39:37.7502158Z Requirement already satisfied: fastjsonschema>=2.15 in /home/runner/micromamba/envs/tardis/lib/python3.12/site-packages (from nbformat>=5.3.0->jupyter-server<3,>=2.4.0->notebook>=4.4.1->widgetsnbextension~=3.6.5->ipywidgets>=7.0.0->qgridnext) (2.20.0)
2025-02-15T21:39:37.7815848Z Requirement already satisfied: charset-normalizer<4,>=2 in /home/runner/micromamba/envs/tardis/lib/python3.12/site-packages (from requests>=2.31->jupyterlab-server<3,>=2.27.1->notebook>=4.4.1->widgetsnbextension~=3.6.5->ipywidgets>=7.0.0->qgridnext) (3.3.2)
2025-02-15T21:39:37.7830583Z Requirement already satisfied: urllib3<3,>=1.21.1 in /home/runner/micromamba/envs/tardis/lib/python3.12/site-packages (from requests>=2.31->jupyterlab-server<3,>=2.27.1->notebook>=4.4.1->widgetsnbextension~=3.6.5->ipywidgets>=7.0.0->qgridnext) (2.2.2)
2025-02-15T21:39:37.8623297Z Requirement already satisfied: webencodings in /home/runner/micromamba/envs/tardis/lib/python3.12/site-packages (from bleach!=5.0.0->nbconvert>=6.4.4->jupyter-server<3,>=2.4.0->notebook>=4.4.1->widgetsnbextension~=3.6.5->ipywidgets>=7.0.0->qgridnext) (0.5.1)
2025-02-15T21:39:37.9213962Z Requirement already satisfied: fqdn in /home/runner/micromamba/envs/tardis/lib/python3.12/site-packages (from jsonschema[format-nongpl]>=4.18.0->jupyter-events>=0.9.0->jupyter-server<3,>=2.4.0->notebook>=4.4.1->widgetsnbextension~=3.6.5->ipywidgets>=7.0.0->qgridnext) (1.5.1)
2025-02-15T21:39:37.9232888Z Requirement already satisfied: isoduration in /home/runner/micromamba/envs/tardis/lib/python3.12/site-packages (from jsonschema[format-nongpl]>=4.18.0->jupyter-events>=0.9.0->jupyter-server<3,>=2.4.0->notebook>=4.4.1->widgetsnbextension~=3.6.5->ipywidgets>=7.0.0->qgridnext) (20.11.0)
2025-02-15T21:39:37.9247519Z Requirement already satisfied: jsonpointer>1.13 in /home/runner/micromamba/envs/tardis/lib/python3.12/site-packages (from jsonschema[format-nongpl]>=4.18.0->jupyter-events>=0.9.0->jupyter-server<3,>=2.4.0->notebook>=4.4.1->widgetsnbextension~=3.6.5->ipywidgets>=7.0.0->qgridnext) (3.0.0)
2025-02-15T21:39:37.9265303Z Requirement already satisfied: uri-template in /home/runner/micromamba/envs/tardis/lib/python3.12/site-packages (from jsonschema[format-nongpl]>=4.18.0->jupyter-events>=0.9.0->jupyter-server<3,>=2.4.0->notebook>=4.4.1->widgetsnbextension~=3.6.5->ipywidgets>=7.0.0->qgridnext) (1.3.0)
2025-02-15T21:39:37.9280390Z Requirement already satisfied: webcolors>=1.11 in /home/runner/micromamba/envs/tardis/lib/python3.12/site-packages (from jsonschema[format-nongpl]>=4.18.0->jupyter-events>=0.9.0->jupyter-server<3,>=2.4.0->notebook>=4.4.1->widgetsnbextension~=3.6.5->ipywidgets>=7.0.0->qgridnext) (24.6.0)
2025-02-15T21:39:38.0328332Z Requirement already satisfied: cffi>=1.0.1 in /home/runner/micromamba/envs/tardis/lib/python3.12/site-packages (from argon2-cffi-bindings->argon2-cffi>=21.1->jupyter-server<3,>=2.4.0->notebook>=4.4.1->widgetsnbextension~=3.6.5->ipywidgets>=7.0.0->qgridnext) (1.16.0)
2025-02-15T21:39:38.0430194Z Requirement already satisfied: soupsieve>1.2 in /home/runner/micromamba/envs/tardis/lib/python3.12/site-packages (from beautifulsoup4->nbconvert>=6.4.4->jupyter-server<3,>=2.4.0->notebook>=4.4.1->widgetsnbextension~=3.6.5->ipywidgets>=7.0.0->qgridnext) (2.5)
2025-02-15T21:39:38.0971796Z Requirement already satisfied: pycparser in /home/runner/micromamba/envs/tardis/lib/python3.12/site-packages (from cffi>=1.0.1->argon2-cffi-bindings->argon2-cffi>=21.1->jupyter-server<3,>=2.4.0->notebook>=4.4.1->widgetsnbextension~=3.6.5->ipywidgets>=7.0.0->qgridnext) (2.22)
2025-02-15T21:39:38.1481743Z Requirement already satisfied: arrow>=0.15.0 in /home/runner/micromamba/envs/tardis/lib/python3.12/site-packages (from isoduration->jsonschema[format-nongpl]>=4.18.0->jupyter-events>=0.9.0->jupyter-server<3,>=2.4.0->notebook>=4.4.1->widgetsnbextension~=3.6.5->ipywidgets>=7.0.0->qgridnext) (1.3.0)
2025-02-15T21:39:38.1787955Z Requirement already satisfied: types-python-dateutil>=2.8.10 in /home/runner/micromamba/envs/tardis/lib/python3.12/site-packages (from arrow>=0.15.0->isoduration->jsonschema[format-nongpl]>=4.18.0->jupyter-events>=0.9.0->jupyter-server<3,>=2.4.0->notebook>=4.4.1->widgetsnbextension~=3.6.5->ipywidgets>=7.0.0->qgridnext) (2.9.0.20240316)
2025-02-15T21:39:38.2071131Z Downloading qgridnext-2.0.4-py3-none-any.whl (1.3 MB)
2025-02-15T21:39:38.2255189Z    â”â”â”â”â”â”â”â”â”â”â”â”â”â”â”â”â”â”â”â”â”â”â”â”â”â”â”â”â”â”â”â”â”â”â”â”â”â”â”â” 1.3/1.3 MB 79.1 MB/s eta 0:00:00
2025-02-15T21:39:39.0672106Z Installing collected packages: qgridnext
2025-02-15T21:39:39.1417051Z Successfully installed qgridnext-2.0.4
2025-02-15T21:39:39.3326322Z ##[group]Run pytest tardis --tardis-regression-data=/home/runner/work/tardis/tardis/tardis-regression-data --cov=tardis --cov-report=xml --cov-report=html --cov-append -m "not continuum"
2025-02-15T21:39:39.3327596Z [36;1mpytest tardis --tardis-regression-data=/home/runner/work/tardis/tardis/tardis-regression-data --cov=tardis --cov-report=xml --cov-report=html --cov-append -m "not continuum"[0m
2025-02-15T21:39:39.3382566Z shell: /usr/bin/bash -l {0}
2025-02-15T21:39:39.3382808Z env:
2025-02-15T21:39:39.3382985Z   CACHE_NUMBER: 0
2025-02-15T21:39:39.3383593Z   PYTEST_FLAGS: --tardis-regression-data=/home/runner/work/tardis/tardis/tardis-regression-data --cov=tardis --cov-report=xml --cov-report=html --cov-append
2025-02-15T21:39:39.3384231Z   CODECOV_TOKEN: 
2025-02-15T21:39:39.3384451Z   MAMBA_ROOT_PREFIX: /home/runner/micromamba
2025-02-15T21:39:39.3384755Z   MAMBA_EXE: /home/runner/micromamba-bin/micromamba
2025-02-15T21:39:39.3385148Z   CONDARC: /home/runner/work/_temp/setup-micromamba/.condarc
2025-02-15T21:39:39.3385450Z ##[endgroup]
2025-02-15T21:39:47.9611783Z ============================= test session starts ==============================
2025-02-15T21:39:47.9612490Z platform linux -- Python 3.12.4, pytest-8.2.2, pluggy-1.5.0
2025-02-15T21:39:47.9613050Z rootdir: /home/runner/work/tardis/tardis
2025-02-15T21:39:47.9613530Z configfile: pyproject.toml
2025-02-15T21:39:47.9614146Z plugins: metadata-3.1.1, anyio-4.4.0, doctestplus-1.2.1, cov-5.0.0, html-4.1.1
2025-02-15T21:39:47.9615329Z collected 1796 items / 2 deselected / 1794 selected
2025-02-15T21:39:47.9615677Z 
2025-02-15T21:39:53.0198147Z tardis/energy_input/tests/test_energy_source.py ..xxx                    [  0%]
2025-02-15T21:39:55.7827199Z tardis/energy_input/tests/test_gamma_ray_channel.py ...........          [  0%]
2025-02-15T21:39:57.5876869Z tardis/energy_input/tests/test_gamma_ray_grid.py xx.                     [  1%]
2025-02-15T21:39:59.3852029Z tardis/energy_input/tests/test_gamma_ray_interactions.py xx....          [  1%]
2025-02-15T21:39:59.3969687Z tardis/energy_input/tests/test_gamma_ray_packet_source.py sssssssss      [  1%]
2025-02-15T21:40:00.7872214Z tardis/energy_input/tests/test_util.py .....xxxx.....                    [  2%]
2025-02-15T21:40:01.2122959Z tardis/grid/tests/test_grid.py .                                         [  2%]
2025-02-15T21:40:01.2141056Z tardis/gui/tests/test_gui.py s                                           [  2%]
2025-02-15T21:40:05.0436368Z tardis/io/configuration/tests/test_config_reader.py ...........          [  3%]
2025-02-15T21:40:05.0565694Z tardis/io/configuration/tests/test_configuration_namespace.py .........  [  3%]
2025-02-15T21:40:05.0835151Z tardis/io/logger/tests/test_logging.py ssssssssssssssssssssssssssss      [  5%]
2025-02-15T21:40:44.1131313Z tardis/io/model/readers/tests/test_arepo_parser.py ..                    [  5%]
2025-02-15T21:40:44.1297065Z tardis/io/model/readers/tests/test_ascii_readers.py ...                  [  5%]
2025-02-15T21:40:44.1409394Z tardis/io/model/readers/tests/test_cmfgen_reader.py ..                   [  5%]
2025-02-15T21:40:44.1722077Z tardis/io/model/readers/tests/test_csvy_reader.py ....                   [  6%]
2025-02-15T21:40:44.1938523Z tardis/io/model/readers/tests/test_stella_reader.py ..                   [  6%]
2025-02-15T21:40:44.5163012Z tardis/io/tests/test_HDFWriter.py ...............                        [  7%]
2025-02-15T21:40:44.8407749Z tardis/io/tests/test_atomic.py .....                                     [  7%]
2025-02-15T21:40:44.8767227Z tardis/io/tests/test_decay.py ..                                         [  7%]
2025-02-15T21:40:45.0857055Z tardis/io/tests/test_model_reader.py F.....                              [  7%]
2025-02-15T21:40:45.0929793Z tardis/model/geometry/tests/test_radial1d.py ..                          [  7%]
2025-02-15T21:41:45.7179971Z tardis/model/tests/test_base.py ........................................ [ 10%]
2025-02-15T21:41:46.7464016Z ............                                                             [ 10%]
2025-02-15T21:41:49.8812297Z tardis/model/tests/test_csvy_model.py .........                          [ 11%]
2025-02-15T21:41:49.9311543Z tardis/model/tests/test_density.py ..                                    [ 11%]
2025-02-15T21:41:51.2880834Z tardis/opacities/tests/test_opacity_solver.py .....                      [ 11%]
2025-02-15T21:41:52.7192401Z tardis/opacities/tests/test_opacity_state_numba.py .....                 [ 11%]
2025-02-15T21:41:54.3927149Z tardis/opacities/tests/test_tau_sobolev.py ..                            [ 12%]
2025-02-15T21:41:57.5712207Z tardis/plasma/equilibrium/tests/test_collisional_transitions.py ...      [ 12%]
2025-02-15T21:42:44.8901829Z tardis/plasma/equilibrium/tests/test_level_populations.py ....           [ 12%]
2025-02-15T21:42:57.2200419Z tardis/plasma/equilibrium/tests/test_rate_matrix.py .                    [ 12%]
2025-02-15T21:42:58.7795821Z tardis/plasma/tests/test_complete_plasmas.py .....................s..... [ 13%]
2025-02-15T21:43:02.0509265Z s....ssssss............s............ss.....s....ssssss............s..... [ 18%]
2025-02-15T21:43:04.0411319Z .......ss.....s....ssssss............s............ss.....s....ssssss.... [ 22%]
2025-02-15T21:43:07.3181058Z ........s............ss.....s........ss............s............ss.....s [ 26%]
2025-02-15T21:43:10.5682526Z ........ss............s............ss.....s....ssssss............s...... [ 30%]
2025-02-15T21:43:11.4133554Z ......ss.....s....ssssss............s............ss.....s.ss.ssssss..... [ 34%]
2025-02-15T21:43:14.6018004Z .......s............ss.....s....ssssss............s............ss.....s. [ 38%]
2025-02-15T21:43:17.7877871Z ...ssssss............s............ss.....s....ssssss............s....... [ 42%]
2025-02-15T21:43:21.2746928Z .....ss.....s....ssssss............s............s...........ssssss...... [ 46%]
2025-02-15T21:43:23.3452272Z ......s............s...........ssssss............s............s......... [ 50%]
2025-02-15T21:43:26.6394502Z ..ssssss............s............ss.....s....ssssss............s........ [ 54%]
2025-02-15T21:43:30.2730200Z ....ss.....s....ssssss..........................s.....s....ssss......... [ 58%]
2025-02-15T21:43:30.6710202Z ...................s.....s....ssss.......                                [ 60%]
2025-02-15T21:43:30.8021261Z tardis/plasma/tests/test_hdf_plasma.py ................................. [ 62%]
2025-02-15T21:43:30.8152299Z ......                                                                   [ 62%]
2025-02-15T21:43:30.9743137Z tardis/plasma/tests/test_nlte_excitation.py ...                          [ 62%]
2025-02-15T21:45:53.3727183Z tardis/plasma/tests/test_nlte_solver.py .....X                           [ 63%]
2025-02-15T21:45:53.3755340Z tardis/plasma/tests/test_plasma_continuum.py .                           [ 63%]
2025-02-15T21:46:17.2267989Z tardis/plasma/tests/test_plasma_vboundary.py .............               [ 63%]
2025-02-15T21:46:31.2473268Z tardis/plasma/tests/test_tardis_model_density_config.py ...              [ 64%]
2025-02-15T21:46:32.0077879Z tardis/simulation/tests/test_convergence.py .....                        [ 64%]
2025-02-15T21:46:40.8703502Z tardis/simulation/tests/test_simulation.py .............                 [ 65%]
2025-02-15T21:46:40.8922916Z tardis/spectrum/tests/test_cuda_formal_integral.py sssssssssssssssssssss [ 66%]
2025-02-15T21:46:41.3832290Z ssss...ssssssssssssssssssssss                                            [ 67%]
2025-02-15T21:46:41.3906725Z tardis/spectrum/tests/test_luminosity.py ....                            [ 68%]
2025-02-15T21:46:43.0215982Z tardis/spectrum/tests/test_numba_formal_integral.py .................... [ 69%]
2025-02-15T21:46:43.0407792Z ..........                                                               [ 69%]
2025-02-15T21:46:43.2110994Z tardis/spectrum/tests/test_spectrum.py ................................. [ 71%]
2025-02-15T21:46:43.2433477Z .........                                                                [ 72%]
2025-02-15T21:47:02.2464067Z tardis/spectrum/tests/test_spectrum_solver.py ....                       [ 72%]
2025-02-15T21:48:03.9349548Z tardis/tests/test_tardis_full.py ....                                    [ 72%]
2025-02-15T21:49:28.5375888Z tardis/tests/test_tardis_full_formal_integral.py ................        [ 73%]
2025-02-15T21:49:28.6128562Z tardis/tests/test_util.py .............................................  [ 75%]
2025-02-15T21:49:31.2668934Z tardis/transport/montecarlo/tests/test_base.py x.....................    [ 77%]
2025-02-15T21:49:39.0569691Z tardis/transport/montecarlo/tests/test_interaction.py .......            [ 77%]
2025-02-15T21:49:39.2760265Z tardis/transport/montecarlo/tests/test_macro_atom.py ....                [ 77%]
2025-02-15T21:49:39.2934632Z tardis/transport/montecarlo/tests/test_montecarlo.py sssssssssssssssssss [ 78%]
2025-02-15T21:49:39.3343879Z sssssssssssssssssssssssssssssssssssssssssssss                            [ 81%]
2025-02-15T21:49:48.1824346Z tardis/transport/montecarlo/tests/test_montecarlo_main_loop.py x..       [ 81%]
2025-02-15T21:49:48.1891330Z tardis/transport/montecarlo/tests/test_nonhomologous.py ...              [ 81%]
2025-02-15T21:49:54.0584474Z tardis/transport/montecarlo/tests/test_numba_interface.py .....x.        [ 82%]
2025-02-15T21:49:54.5702689Z tardis/transport/montecarlo/tests/test_opacities.py ...............      [ 82%]
2025-02-15T21:49:55.6525799Z tardis/transport/montecarlo/tests/test_packet.py .................xXXXXX [ 84%]
2025-02-15T21:49:55.7965643Z XX.........                                                              [ 84%]
2025-02-15T21:49:55.8254005Z tardis/transport/montecarlo/tests/test_packet_source.py ........         [ 85%]
2025-02-15T21:49:56.6522921Z tardis/transport/montecarlo/tests/test_rpacket_last_interaction_tracker.py . [ 85%]
2025-02-15T21:49:57.0764990Z .....                                                                    [ 85%]
2025-02-15T21:50:33.8529722Z tardis/transport/montecarlo/tests/test_rpacket_tracker.py ......         [ 85%]
2025-02-15T21:50:33.8828334Z tardis/transport/montecarlo/tests/test_single_packet_loop.py xxx         [ 86%]
2025-02-15T21:50:33.8861322Z tardis/transport/montecarlo/tests/test_tracker_utils.py ..               [ 86%]
2025-02-15T21:50:36.4849767Z tardis/transport/montecarlo/tests/test_vpacket.py ..x.                   [ 86%]
2025-02-15T21:50:36.5029975Z tardis/transport/montecarlo/tests/test_weighted_packet_source.py ....    [ 86%]
2025-02-15T21:50:39.9921152Z tardis/transport/montecarlo/tests/test_weighted_packet_source_integration.py . [ 86%]
2025-02-15T21:50:39.9923158Z                                                                          [ 86%]
2025-02-15T21:50:40.7728495Z tardis/transport/tests/test_doppler_factor.py ..................         [ 87%]
2025-02-15T21:50:42.1764247Z tardis/visualization/tools/tests/test_convergence_plot.py .............. [ 88%]
2025-02-15T21:50:44.4789604Z ......                                                                   [ 88%]
2025-02-15T21:50:49.3191234Z tardis/visualization/tools/tests/test_liv_plot.py ...................... [ 90%]
2025-02-15T21:50:52.5992388Z .............................                                            [ 91%]
2025-02-15T21:50:55.4859309Z tardis/visualization/tools/tests/test_rpacket_plot.py .................. [ 92%]
2025-02-15T21:51:02.5823018Z ....                                                                     [ 92%]
2025-02-15T21:51:08.8948658Z tardis/visualization/tools/tests/test_sdec_plot.py ..................... [ 94%]
2025-02-15T21:51:16.6654877Z ..............................                                           [ 95%]
2025-02-15T21:51:17.1155219Z tardis/visualization/widgets/tests/test_custom_abundance.py ........ss.. [ 96%]
2025-02-15T21:51:17.1954438Z ....                                                                     [ 96%]
2025-02-15T21:51:18.2819186Z tardis/visualization/widgets/tests/test_line_info.py ................... [ 97%]
2025-02-15T21:51:18.9293508Z ..................                                                       [ 98%]
2025-02-15T21:52:22.5609075Z tardis/visualization/widgets/tests/test_shell_info.py .................. [ 99%]
2025-02-15T21:52:23.7637702Z <unknown>:140: SyntaxWarning:
2025-02-15T21:52:23.7640059Z 
2025-02-15T21:52:23.7642293Z invalid escape sequence '\s'
2025-02-15T21:52:23.7642597Z 
2025-02-15T21:52:23.7662979Z /home/runner/work/tardis/tardis/tardis/io/model/readers/artis.py:140: SyntaxWarning:
2025-02-15T21:52:23.7663684Z 
2025-02-15T21:52:23.7663844Z invalid escape sequence '\s'
2025-02-15T21:52:23.7664100Z 
2025-02-15T21:52:25.7188201Z <unknown>:140: SyntaxWarning:
2025-02-15T21:52:25.7188546Z 
2025-02-15T21:52:25.7188997Z invalid escape sequence '\s'
2025-02-15T21:52:25.7189262Z 
2025-02-15T21:52:27.7474960Z <unknown>:140: SyntaxWarning:
2025-02-15T21:52:27.7475312Z 
2025-02-15T21:52:27.7475474Z invalid escape sequence '\s'
2025-02-15T21:52:27.7475749Z 
2025-02-15T21:52:28.8346086Z <unknown>:140: SyntaxWarning:
2025-02-15T21:52:28.8346437Z 
2025-02-15T21:52:28.8346618Z invalid escape sequence '\s'
2025-02-15T21:52:28.8346893Z 
2025-02-15T21:52:28.8397553Z /home/runner/work/tardis/tardis/tardis/io/model/readers/artis.py:140: SyntaxWarning:
2025-02-15T21:52:28.8398223Z 
2025-02-15T21:52:28.8398381Z invalid escape sequence '\s'
2025-02-15T21:52:28.8398634Z 
2025-02-15T21:52:30.4162734Z ......                                                                   [100%]
2025-02-15T21:52:30.4163628Z 
2025-02-15T21:52:30.4163836Z =================================== FAILURES ===================================
2025-02-15T21:52:30.4164514Z ________________________ test_simple_read_artis_density ________________________
2025-02-15T21:52:30.4164940Z 
2025-02-15T21:52:30.4165340Z artis_density_fname = PosixPath('tardis/io/model/readers/tests/data/artis_model.dat')
2025-02-15T21:52:30.4165882Z 
2025-02-15T21:52:30.4166134Z     def test_simple_read_artis_density(artis_density_fname: str):
2025-02-15T21:52:30.4166900Z >       time_of_model, velocity, mean_density, isotope_mass_fractions = read_artis_density(
2025-02-15T21:52:30.4167552Z             artis_density_fname
2025-02-15T21:52:30.4167911Z         )
2025-02-15T21:52:30.4168330Z E       ValueError: not enough values to unpack (expected 4, got 3)
2025-02-15T21:52:30.4169100Z 
2025-02-15T21:52:30.4169335Z tardis/io/tests/test_model_reader.py:48: ValueError
2025-02-15T21:52:30.4169925Z =============================== warnings summary ===============================
2025-02-15T21:52:30.4170471Z tardis/io/configuration/config_validator.py:6
2025-02-15T21:52:30.4170975Z tardis/io/configuration/config_validator.py:6
2025-02-15T21:52:30.4171778Z   /home/runner/work/tardis/tardis/tardis/io/configuration/config_validator.py:6: DeprecationWarning:
2025-02-15T21:52:30.4172580Z   
2025-02-15T21:52:30.4174682Z   jsonschema.RefResolver is deprecated as of v4.18.0, in favor of the https://github.com/python-jsonschema/referencing library, which provides more compliant referencing behavior as well as more flexible APIs for customization. A future release will remove RefResolver. Please file a feature request (on referencing) if you are missing an API for the kind of customization you need.
2025-02-15T21:52:30.4176930Z 
2025-02-15T21:52:30.4177363Z ../../../micromamba/envs/tardis/lib/python3.12/site-packages/jupyter_client/connect.py:22
2025-02-15T21:52:30.4178577Z   /home/runner/micromamba/envs/tardis/lib/python3.12/site-packages/jupyter_client/connect.py:22: DeprecationWarning:
2025-02-15T21:52:30.4179784Z   
2025-02-15T21:52:30.4180260Z   Jupyter is migrating its paths to use standard platformdirs
2025-02-15T21:52:30.4180913Z   given by the platformdirs library.  To remove this warning and
2025-02-15T21:52:30.4181552Z   see the appropriate new directories, set the environment variable
2025-02-15T21:52:30.4182139Z   `JUPYTER_PLATFORM_DIRS=1` and then run `jupyter --paths`.
2025-02-15T21:52:30.4182706Z   The use of platformdirs will be the default in `jupyter_core` v6
2025-02-15T21:52:30.4183075Z 
2025-02-15T21:52:30.4183473Z tardis/io/model/readers/artis.py:140
2025-02-15T21:52:30.4184194Z   /home/runner/work/tardis/tardis/tardis/io/model/readers/artis.py:140: SyntaxWarning:
2025-02-15T21:52:30.4184846Z   
2025-02-15T21:52:30.4185126Z   invalid escape sequence '\s'
2025-02-15T21:52:30.4185367Z 
2025-02-15T21:52:30.4193780Z tardis/io/tests/test_HDFWriter.py::test_multi_index_write
2025-02-15T21:52:30.4194674Z tardis/visualization/widgets/tests/test_shell_info.py::TestHDFShellInfo::test_shells_data
2025-02-15T21:52:30.4195633Z   /home/runner/work/tardis/tardis/tardis/io/util.py:276: PerformanceWarning:
2025-02-15T21:52:30.4196242Z   
2025-02-15T21:52:30.4196494Z   
2025-02-15T21:52:30.4196988Z   your performance may suffer as PyTables will pickle object types that it cannot
2025-02-15T21:52:30.4197838Z   map directly to c-types [inferred_type->mixed,key->block0_values] [items->Index([0], dtype='int64')]
2025-02-15T21:52:30.4198368Z 
2025-02-15T21:52:30.4198898Z tardis/io/tests/test_model_reader.py::test_read_cmfgen_isotope_abundances
2025-02-15T21:52:30.4199717Z tardis/plasma/tests/test_tardis_model_density_config.py::test_electron_densities
2025-02-15T21:52:30.4200568Z tardis/plasma/tests/test_tardis_model_density_config.py::test_isotope_number_densities
2025-02-15T21:52:30.4201370Z tardis/plasma/tests/test_tardis_model_density_config.py::test_t_rad
2025-02-15T21:52:30.4202381Z   /home/runner/work/tardis/tardis/tardis/io/model/readers/cmfgen_deprecated.py:82: DeprecationWarning:
2025-02-15T21:52:30.4203388Z   
2025-02-15T21:52:30.4203690Z   The current CMFGEN model parser is deprecated
2025-02-15T21:52:30.4203997Z 
2025-02-15T21:52:30.4204159Z tardis/io/tests/test_model_reader.py: 1 warning
2025-02-15T21:52:30.4204743Z tardis/plasma/tests/test_tardis_model_density_config.py: 9 warnings
2025-02-15T21:52:30.4205649Z   /home/runner/work/tardis/tardis/tardis/io/model/readers/cmfgen_deprecated.py:40: DeprecationWarning:
2025-02-15T21:52:30.4206383Z   
2025-02-15T21:52:30.4206671Z   The current CMFGEN model parser is deprecated
2025-02-15T21:52:30.4206968Z 
2025-02-15T21:52:30.4207296Z tardis/model/tests/test_base.py::TestModelFromPaper1Config::test_abundances
2025-02-15T21:52:30.4208335Z   /home/runner/work/tardis/tardis/tardis/transport/montecarlo/montecarlo_main_loop.py:123: NumbaTypeSafetyWarning:
2025-02-15T21:52:30.4209416Z   
2025-02-15T21:52:30.4210127Z   [1m[1m[1munsafe cast from uint64 to int64. Precision may be lost.[0m[0m[0m
2025-02-15T21:52:30.4210539Z 
2025-02-15T21:52:30.4210707Z tardis/model/tests/test_base.py: 6 warnings
2025-02-15T21:52:30.4211146Z tardis/model/tests/test_csvy_model.py: 2 warnings
2025-02-15T21:52:30.4211713Z tardis/plasma/tests/test_tardis_model_density_config.py: 3 warnings
2025-02-15T21:52:30.4212560Z   /home/runner/work/tardis/tardis/tardis/model/geometry/radial1d.py:50: DeprecationWarning:
2025-02-15T21:52:30.4213235Z   
2025-02-15T21:52:30.4213514Z   v_inner_boundary < 0, assuming default value
2025-02-15T21:52:30.4213805Z 
2025-02-15T21:52:30.4213948Z tardis/model/tests/test_base.py: 6 warnings
2025-02-15T21:52:30.4214403Z tardis/model/tests/test_csvy_model.py: 2 warnings
2025-02-15T21:52:30.4214962Z tardis/plasma/tests/test_tardis_model_density_config.py: 3 warnings
2025-02-15T21:52:30.4215801Z   /home/runner/work/tardis/tardis/tardis/model/geometry/radial1d.py:61: DeprecationWarning:
2025-02-15T21:52:30.4216446Z   
2025-02-15T21:52:30.4216713Z   v_outer_boundary < 0, assuming default value
2025-02-15T21:52:30.4216990Z 
2025-02-15T21:52:30.4217739Z tardis/plasma/equilibrium/tests/test_level_populations.py::TestLevelPopulationSolver::test_solve[collisional_rate_solver0-radiative_transitions0]
2025-02-15T21:52:30.4219233Z   /home/runner/work/tardis/tardis/tardis/plasma/equilibrium/level_populations.py:65: FutureWarning:
2025-02-15T21:52:30.4219970Z   
2025-02-15T21:52:30.4220515Z   A value is trying to be set on a copy of a DataFrame or Series through chained assignment using an inplace method.
2025-02-15T21:52:30.4221991Z   The behavior will change in pandas 3.0. This inplace method will never work because the intermediate object on which we are setting values always behaves as a copy.
2025-02-15T21:52:30.4222959Z   
2025-02-15T21:52:30.4223931Z   For example, when doing 'df[col].method(value, inplace=True)', try using 'df.method({col: value}, inplace=True)' or df[col] = df[col].method(value) instead, to perform the operation inplace on the original object.
2025-02-15T21:52:30.4224912Z 
2025-02-15T21:52:30.4225135Z tardis/plasma/tests/test_complete_plasmas.py: 20 warnings
2025-02-15T21:52:30.4225958Z   /home/runner/work/tardis/tardis/tardis/plasma/tests/test_complete_plasmas.py:197: UserWarning:
2025-02-15T21:52:30.4226642Z   
2025-02-15T21:52:30.4226890Z   Property "atomic_mass" not found
2025-02-15T21:52:30.4227120Z 
2025-02-15T21:52:30.4227804Z tardis/plasma/tests/test_complete_plasmas.py::TestPlasma::test_plasma_properties[radiative_rates_type:detailed-w_epsilon:1e-10-j_blues_norm_factor]
2025-02-15T21:52:30.4229398Z tardis/plasma/tests/test_complete_plasmas.py::TestPlasma::test_plasma_properties[radiative_rates_type:detailed-j_blues_norm_factor]
2025-02-15T21:52:30.4230569Z   /home/runner/work/tardis/tardis/tardis/plasma/tests/test_complete_plasmas.py:197: UserWarning:
2025-02-15T21:52:30.4231243Z   
2025-02-15T21:52:30.4231514Z   Property "j_blues_norm_factor" not found
2025-02-15T21:52:30.4231792Z 
2025-02-15T21:52:30.4232488Z tardis/plasma/tests/test_complete_plasmas.py::TestPlasma::test_plasma_properties[radiative_rates_type:detailed-w_epsilon:1e-10-j_blue_estimator]
2025-02-15T21:52:30.4234106Z tardis/plasma/tests/test_complete_plasmas.py::TestPlasma::test_plasma_properties[radiative_rates_type:detailed-j_blue_estimator]
2025-02-15T21:52:30.4235323Z   /home/runner/work/tardis/tardis/tardis/plasma/tests/test_complete_plasmas.py:197: UserWarning:
2025-02-15T21:52:30.4236013Z   
2025-02-15T21:52:30.4236276Z   Property "j_blue_estimator" not found
2025-02-15T21:52:30.4236537Z 
2025-02-15T21:52:30.4237193Z tardis/plasma/tests/test_complete_plasmas.py::TestPlasma::test_plasma_properties[radiative_rates_type:detailed-w_epsilon:1e-10-volume]
2025-02-15T21:52:30.4238563Z tardis/plasma/tests/test_complete_plasmas.py::TestPlasma::test_plasma_properties[radiative_rates_type:detailed-volume]
2025-02-15T21:52:30.4239878Z   /home/runner/work/tardis/tardis/tardis/plasma/tests/test_complete_plasmas.py:197: UserWarning:
2025-02-15T21:52:30.4240579Z   
2025-02-15T21:52:30.4240831Z   Property "volume" not found
2025-02-15T21:52:30.4241117Z 
2025-02-15T21:52:30.4241749Z tardis/plasma/tests/test_complete_plasmas.py::TestPlasma::test_plasma_properties[radiative_rates_type:detailed-w_epsilon:1e-10-r_inner]
2025-02-15T21:52:30.4243065Z tardis/plasma/tests/test_complete_plasmas.py::TestPlasma::test_plasma_properties[radiative_rates_type:detailed-r_inner]
2025-02-15T21:52:30.4244196Z   /home/runner/work/tardis/tardis/tardis/plasma/tests/test_complete_plasmas.py:197: UserWarning:
2025-02-15T21:52:30.4244875Z   
2025-02-15T21:52:30.4245123Z   Property "r_inner" not found
2025-02-15T21:52:30.4245349Z 
2025-02-15T21:52:30.4245682Z tardis/plasma/tests/test_plasma_vboundary.py::test_plasma_vboundary[2900-3750]
2025-02-15T21:52:30.4246489Z tardis/plasma/tests/test_plasma_vboundary.py::test_plasma_vboundary[2900-3850]
2025-02-15T21:52:30.4247286Z tardis/plasma/tests/test_plasma_vboundary.py::test_plasma_vboundary[2900-3900]
2025-02-15T21:52:30.4248089Z   /home/runner/work/tardis/tardis/tardis/model/geometry/radial1d.py:71: UserWarning:
2025-02-15T21:52:30.4248875Z   
2025-02-15T21:52:30.4249318Z   Requesting inner boundary below inner shell. Extrapolating the inner cell
2025-02-15T21:52:30.4249738Z 
2025-02-15T21:52:30.4250058Z tardis/spectrum/tests/test_spectrum_solver.py::TestSpectrumSolver::test_solve
2025-02-15T21:52:30.4250790Z   /home/runner/work/tardis/tardis/tardis/spectrum/base.py:70: UserWarning:
2025-02-15T21:52:30.4251312Z   
2025-02-15T21:52:30.4251931Z   SpectrumSolver.spectrum_virtual_packets is zero. Please run the montecarlo simulation with no_of_virtual_packets > 0
2025-02-15T21:52:30.4252582Z 
2025-02-15T21:52:30.4253103Z tardis/spectrum/tests/test_spectrum_solver.py::TestSpectrumSolver::test_solve
2025-02-15T21:52:30.4253918Z   /home/runner/work/tardis/tardis/tardis/spectrum/base.py:111: UserWarning:
2025-02-15T21:52:30.4254466Z   
2025-02-15T21:52:30.4255140Z   SpectrumSolver.integrator: The FormalIntegrator is not yet available.Please run the montecarlo simulation at least once.
2025-02-15T21:52:30.4255824Z 
2025-02-15T21:52:30.4256162Z tardis/transport/montecarlo/tests/test_vpacket.py::test_trace_vpacket_volley
2025-02-15T21:52:30.4256806Z   <string>:3: NumbaPendingDeprecationWarning:
2025-02-15T21:52:30.4257178Z   
2025-02-15T21:52:30.4259225Z   [1m[1mCode using Numba extension API maybe depending on 'old_style' error-capturing, which is deprecated and will be replaced by 'new_style' in a future release. See details at https://numba.readthedocs.io/en/latest/reference/deprecation.html#deprecation-of-old-style-numba-captured-errors
2025-02-15T21:52:30.4260901Z   Exception origin:
2025-02-15T21:52:30.4261517Z     File "/home/runner/micromamba/envs/tardis/lib/python3.12/inspect.py", line 3180, in _bind
2025-02-15T21:52:30.4262202Z       raise TypeError(msg) from None
2025-02-15T21:52:30.4262591Z   [0m[0m
2025-02-15T21:52:30.4262740Z 
2025-02-15T21:52:30.4263259Z tardis/visualization/tools/tests/test_sdec_plot.py::TestSDECPlotter::test_mpl_image[plotter_generate_plot_mpl4]
2025-02-15T21:52:30.4264452Z   /home/runner/work/tardis/tardis/tardis/visualization/tools/sdec_plot.py:1225: RuntimeWarning:
2025-02-15T21:52:30.4265359Z   
2025-02-15T21:52:30.4266878Z   More than 20 figures have been opened. Figures created through the pyplot interface (`matplotlib.pyplot.figure`) are retained until explicitly closed and may consume too much memory. (To control this warning, see the rcParam `figure.max_open_warning`). Consider using `matplotlib.pyplot.close()`.
2025-02-15T21:52:30.4268383Z 
2025-02-15T21:52:30.4269131Z tardis/visualization/widgets/tests/test_custom_abundance.py::TestCustomAbundanceWidget::test_update_input_item_value
2025-02-15T21:52:30.4270403Z tardis/visualization/widgets/tests/test_custom_abundance.py::TestCustomAbundanceWidget::test_update_input_item_value
2025-02-15T21:52:30.4271663Z tardis/visualization/widgets/tests/test_custom_abundance.py::TestCustomAbundanceWidget::test_update_input_item_value
2025-02-15T21:52:30.4272936Z tardis/visualization/widgets/tests/test_custom_abundance.py::TestCustomAbundanceWidget::test_update_input_item_value
2025-02-15T21:52:30.4274171Z tardis/visualization/widgets/tests/test_custom_abundance.py::TestCustomAbundanceWidget::test_update_input_item_value
2025-02-15T21:52:30.4275379Z tardis/visualization/widgets/tests/test_custom_abundance.py::TestCustomAbundanceWidget::test_update_input_item_value
2025-02-15T21:52:30.4276594Z   /home/runner/micromamba/envs/tardis/lib/python3.12/site-packages/traitlets/traitlets.py:1385: DeprecationWarning:
2025-02-15T21:52:30.4277364Z   
2025-02-15T21:52:30.4277785Z   Passing unrecognized arguments to super(Checkbox).__init__(icon='lock').
2025-02-15T21:52:30.4278507Z   object.__init__() takes exactly one argument (the instance to initialize)
2025-02-15T21:52:30.4279436Z   This is deprecated in traitlets 4.2.This error will be raised in a future release of traitlets.
2025-02-15T21:52:30.4279937Z 
2025-02-15T21:52:30.4280506Z tardis/visualization/widgets/tests/test_custom_abundance.py::TestCustomAbundanceWidget::test_update_input_item_value
2025-02-15T21:52:30.4281779Z tardis/visualization/widgets/tests/test_custom_abundance.py::TestCustomAbundanceWidget::test_update_input_item_value
2025-02-15T21:52:30.4283064Z   /home/runner/micromamba/envs/tardis/lib/python3.12/site-packages/traitlets/traitlets.py:1385: DeprecationWarning:
2025-02-15T21:52:30.4283882Z   
2025-02-15T21:52:30.4284275Z   Passing unrecognized arguments to super(FloatText).__init__(min=0).
2025-02-15T21:52:30.4284950Z   object.__init__() takes exactly one argument (the instance to initialize)
2025-02-15T21:52:30.4285709Z   This is deprecated in traitlets 4.2.This error will be raised in a future release of traitlets.
2025-02-15T21:52:30.4286428Z 
2025-02-15T21:52:30.4287006Z tardis/visualization/widgets/tests/test_custom_abundance.py::TestCustomAbundanceWidget::test_update_input_item_value
2025-02-15T21:52:30.4288371Z   /home/runner/micromamba/envs/tardis/lib/python3.12/site-packages/traitlets/traitlets.py:1385: DeprecationWarning:
2025-02-15T21:52:30.4289805Z   
2025-02-15T21:52:30.4290192Z   Passing unrecognized arguments to super(HTML).__init__(indent=True).
2025-02-15T21:52:30.4290808Z   object.__init__() takes exactly one argument (the instance to initialize)
2025-02-15T21:52:30.4291478Z   This is deprecated in traitlets 4.2.This error will be raised in a future release of traitlets.
2025-02-15T21:52:30.4291922Z 
2025-02-15T21:52:30.4292520Z tardis/visualization/widgets/tests/test_line_info.py::TestLineInfoWidgetData::test_get_species_interactions[wavelength_range0-packet_out_nu]
2025-02-15T21:52:30.4293651Z   /home/runner/micromamba/envs/tardis/lib/python3.12/site-packages/qgridnext/grid.py:825: DeprecationWarning:
2025-02-15T21:52:30.4294293Z   
2025-02-15T21:52:30.4294796Z   QgridWidget._grid_options_changed is deprecated in traitlets 4.1: use @observe and @unobserve instead.
2025-02-15T21:52:30.4295275Z 
2025-02-15T21:52:30.4295623Z tardis/visualization/widgets/tests/test_shell_info.py::TestHDFShellInfo::test_shells_data
2025-02-15T21:52:30.4296352Z   /home/runner/work/tardis/tardis/tardis/io/util.py:289: PerformanceWarning:
2025-02-15T21:52:30.4297069Z   
2025-02-15T21:52:30.4297268Z   
2025-02-15T21:52:30.4297646Z   your performance may suffer as PyTables will pickle object types that it cannot
2025-02-15T21:52:30.4298363Z   map directly to c-types [inferred_type->mixed,key->block0_values] [items->Index([0], dtype='int64')]
2025-02-15T21:52:30.4299109Z 
2025-02-15T21:52:30.4299579Z tardis/visualization/widgets/tests/test_shell_info.py::TestHDFShellInfo::test_shells_data
2025-02-15T21:52:30.4300311Z   /home/runner/work/tardis/tardis/tardis/io/util.py:292: PerformanceWarning:
2025-02-15T21:52:30.4300790Z   
2025-02-15T21:52:30.4300998Z   
2025-02-15T21:52:30.4301370Z   your performance may suffer as PyTables will pickle object types that it cannot
2025-02-15T21:52:30.4301978Z   map directly to c-types [inferred_type->mixed,key->values] [items->None]
2025-02-15T21:52:30.4302325Z 
2025-02-15T21:52:30.4302669Z tardis/visualization/widgets/tests/test_shell_info.py::TestHDFShellInfo::test_shells_data
2025-02-15T21:52:30.4303553Z   /home/runner/work/tardis/tardis/tardis/spectrum/formal_integral.py:398: UserWarning:
2025-02-15T21:52:30.4304254Z   
2025-02-15T21:52:30.4304616Z   The number of interpolate_shells was not specified. The value was set to 80.
2025-02-15T21:52:30.4304982Z 
2025-02-15T21:52:30.4305229Z -- Docs: https://docs.pytest.org/en/stable/how-to/capture-warnings.html
2025-02-15T21:52:30.4305588Z 
2025-02-15T21:52:30.4305798Z ---------- coverage: platform linux, python 3.12.4-final-0 -----------
2025-02-15T21:52:30.4306275Z Coverage HTML written to dir coverage_html_report
2025-02-15T21:52:30.4306667Z Coverage XML written to file coverage.xml
2025-02-15T21:52:30.4306906Z 
2025-02-15T21:52:30.4307066Z =========================== short test summary info ============================
2025-02-15T21:52:30.4307867Z FAILED tardis/io/tests/test_model_reader.py::test_simple_read_artis_density - ValueError: not enough values to unpack (expected 4, got 3)
2025-02-15T21:52:30.4308978Z = 1 failed, 1437 passed, 329 skipped, 2 deselected, 19 xfailed, 8 xpassed, 92 warnings in 764.11s (0:12:44) =
2025-02-15T21:52:32.9673919Z ##[error]Process completed with exit code 1.
2025-02-15T21:52:32.9751081Z Post job cleanup.
2025-02-15T21:52:32.9782502Z Post job cleanup.
2025-02-15T21:52:33.1179090Z Will use pre-installed micromamba at /home/runner/micromamba-bin/micromamba
2025-02-15T21:52:33.1185879Z Removing micromamba run shell ...
2025-02-15T21:52:33.1189783Z ##[group]Deinitialize micromamba for bash
2025-02-15T21:52:33.1208861Z [command]/home/runner/micromamba-bin/micromamba shell deinit -s bash -r /home/runner/micromamba --log-level warning --rc-file /home/runner/work/_temp/setup-micromamba/.condarc
2025-02-15T21:52:33.1314722Z Resetting RC file "/home/runner/.bashrc"
2025-02-15T21:52:33.1315241Z Deleting config for root prefix 
2025-02-15T21:52:33.1315685Z Clearing mamba executable environment variable
2025-02-15T21:52:33.1318586Z Removing the following in your "/home/runner/.bashrc" file
2025-02-15T21:52:33.1319538Z # >>> mamba initialize >>>
2025-02-15T21:52:33.1319940Z ...
2025-02-15T21:52:33.1320222Z # <<< mamba initialize <<<
2025-02-15T21:52:33.1350106Z Removing mamba initialize block from .bash_profile
2025-02-15T21:52:33.1366719Z ##[endgroup]
2025-02-15T21:52:33.1371710Z Removing environment tardis from auto-activate bash ...
2025-02-15T21:52:33.1506038Z Post job cleanup.
2025-02-15T21:52:33.1560423Z Post job cleanup.
2025-02-15T21:52:33.2568318Z [command]/usr/bin/git version
2025-02-15T21:52:33.2607185Z git version 2.48.1
2025-02-15T21:52:33.2659324Z Temporarily overriding HOME='/home/runner/work/_temp/b91267ff-4904-43e0-ab26-f68d83edfd38' before making global git config changes
2025-02-15T21:52:33.2660664Z Adding repository directory to the temporary git global config as a safe directory
2025-02-15T21:52:33.2666074Z [command]/usr/bin/git config --global --add safe.directory /home/runner/work/tardis/tardis/tardis-regression-data
2025-02-15T21:52:33.2705150Z [command]/usr/bin/git config --local --name-only --get-regexp core\.sshCommand
2025-02-15T21:52:33.2745448Z [command]/usr/bin/git submodule foreach --recursive sh -c "git config --local --name-only --get-regexp 'core\.sshCommand' && git config --local --unset-all 'core.sshCommand' || :"
2025-02-15T21:52:33.2989977Z [command]/usr/bin/git config --local --name-only --get-regexp http\.https\:\/\/github\.com\/\.extraheader
2025-02-15T21:52:33.3015659Z http.https://github.com/.extraheader
2025-02-15T21:52:33.3029064Z [command]/usr/bin/git config --local --unset-all http.https://github.com/.extraheader
2025-02-15T21:52:33.3063358Z [command]/usr/bin/git submodule foreach --recursive sh -c "git config --local --name-only --get-regexp 'http\.https\:\/\/github\.com\/\.extraheader' && git config --local --unset-all 'http.https://github.com/.extraheader' || :"
2025-02-15T21:52:33.3414622Z Post job cleanup.
2025-02-15T21:52:33.4423422Z [command]/usr/bin/git version
2025-02-15T21:52:33.4461688Z git version 2.48.1
2025-02-15T21:52:33.4513538Z Temporarily overriding HOME='/home/runner/work/_temp/c8437a72-965d-492c-bde4-f0442d8ba727' before making global git config changes
2025-02-15T21:52:33.4514912Z Adding repository directory to the temporary git global config as a safe directory
2025-02-15T21:52:33.4520280Z [command]/usr/bin/git config --global --add safe.directory /home/runner/work/tardis/tardis
2025-02-15T21:52:33.4557462Z [command]/usr/bin/git config --local --name-only --get-regexp core\.sshCommand
2025-02-15T21:52:33.4591205Z [command]/usr/bin/git submodule foreach --recursive sh -c "git config --local --name-only --get-regexp 'core\.sshCommand' && git config --local --unset-all 'core.sshCommand' || :"
2025-02-15T21:52:33.4832518Z [command]/usr/bin/git config --local --name-only --get-regexp http\.https\:\/\/github\.com\/\.extraheader
2025-02-15T21:52:33.4856910Z http.https://github.com/.extraheader
2025-02-15T21:52:33.4871867Z [command]/usr/bin/git config --local --unset-all http.https://github.com/.extraheader
2025-02-15T21:52:33.4904994Z [command]/usr/bin/git submodule foreach --recursive sh -c "git config --local --name-only --get-regexp 'http\.https\:\/\/github\.com\/\.extraheader' && git config --local --unset-all 'http.https://github.com/.extraheader' || :"
2025-02-15T21:52:33.5249698Z Cleaning up orphan processes
