2025-02-21T14:31:17.2140560Z ##[group]Run pytest tardis --tardis-regression-data=/Users/runner/work/tardis/tardis/tardis-regression-data --cov=tardis --cov-report=xml --cov-report=html --cov-append -m "not continuum"
2025-02-21T14:31:17.2141560Z [36;1mpytest tardis --tardis-regression-data=/Users/runner/work/tardis/tardis/tardis-regression-data --cov=tardis --cov-report=xml --cov-report=html --cov-append -m "not continuum"[0m
2025-02-21T14:31:17.2198530Z shell: /bin/bash -l {0}
2025-02-21T14:31:17.2198800Z env:
2025-02-21T14:31:17.2198980Z   CACHE_NUMBER: 0
2025-02-21T14:31:17.2199540Z   PYTEST_FLAGS: --tardis-regression-data=/Users/runner/work/tardis/tardis/tardis-regression-data --cov=tardis --cov-report=xml --cov-report=html --cov-append
2025-02-21T14:31:17.2200130Z   CODECOV_TOKEN: 
2025-02-21T14:31:17.2200390Z   MAMBA_ROOT_PREFIX: /Users/runner/micromamba
2025-02-21T14:31:17.2200690Z   MAMBA_EXE: /Users/runner/micromamba-bin/micromamba
2025-02-21T14:31:17.2201060Z   CONDARC: /Users/runner/work/_temp/setup-micromamba/.condarc
2025-02-21T14:31:17.2201350Z ##[endgroup]
2025-02-21T14:31:28.1746100Z ============================= test session starts ==============================
2025-02-21T14:31:28.1746660Z platform darwin -- Python 3.12.4, pytest-8.2.2, pluggy-1.5.0
2025-02-21T14:31:28.1746950Z rootdir: /Users/runner/work/tardis/tardis
2025-02-21T14:31:28.1747240Z configfile: pyproject.toml
2025-02-21T14:31:28.1747550Z plugins: cov-5.0.0, html-4.1.1, metadata-3.1.1, doctestplus-1.2.1, anyio-4.4.0
2025-02-21T14:31:28.1747920Z collected 1796 items / 2 deselected / 1794 selected
2025-02-21T14:31:28.1748140Z 
2025-02-21T14:31:30.9134900Z tardis/energy_input/tests/test_energy_source.py ..xxx                    [  0%]
2025-02-21T14:31:32.4067350Z tardis/energy_input/tests/test_gamma_ray_channel.py ...........          [  0%]
2025-02-21T14:31:33.5316660Z tardis/energy_input/tests/test_gamma_ray_grid.py xx.                     [  1%]
2025-02-21T14:31:34.5666570Z tardis/energy_input/tests/test_gamma_ray_interactions.py xx....          [  1%]
2025-02-21T14:31:34.5766850Z tardis/energy_input/tests/test_gamma_ray_packet_source.py sssssssss      [  1%]
2025-02-21T14:31:35.4479090Z tardis/energy_input/tests/test_util.py .....xxxx.....                    [  2%]
2025-02-21T14:31:35.7007530Z tardis/grid/tests/test_grid.py .                                         [  2%]
2025-02-21T14:31:35.7016770Z tardis/gui/tests/test_gui.py s                                           [  2%]
2025-02-21T14:31:38.2616090Z tardis/io/configuration/tests/test_config_reader.py ...........          [  3%]
2025-02-21T14:31:38.2713940Z tardis/io/configuration/tests/test_configuration_namespace.py .........  [  3%]
2025-02-21T14:31:38.2882300Z tardis/io/logger/tests/test_logging.py ssssssssssssssssssssssssssss      [  5%]
2025-02-21T14:32:05.2722340Z tardis/io/model/readers/tests/test_arepo_parser.py ..                    [  5%]
2025-02-21T14:32:05.3102000Z tardis/io/model/readers/tests/test_ascii_readers.py ...                  [  5%]
2025-02-21T14:32:05.3492570Z tardis/io/model/readers/tests/test_cmfgen_reader.py ..                   [  5%]
2025-02-21T14:32:05.3908620Z tardis/io/model/readers/tests/test_csvy_reader.py ....                   [  6%]
2025-02-21T14:32:05.4271430Z tardis/io/model/readers/tests/test_stella_reader.py ..                   [  6%]
2025-02-21T14:32:05.7828800Z tardis/io/tests/test_HDFWriter.py ...............                        [  7%]
2025-02-21T14:32:06.2965450Z tardis/io/tests/test_atomic.py .....                                     [  7%]
2025-02-21T14:32:06.3158920Z tardis/io/tests/test_decay.py ..                                         [  7%]
2025-02-21T14:32:06.4850720Z tardis/io/tests/test_model_reader.py ......                              [  7%]
2025-02-21T14:32:06.4951280Z tardis/model/geometry/tests/test_radial1d.py ..                          [  7%]
2025-02-21T14:32:40.8088950Z tardis/model/tests/test_base.py ........................................ [ 10%]
2025-02-21T14:32:41.8010100Z ............                                                             [ 10%]
2025-02-21T14:32:44.6519160Z tardis/model/tests/test_csvy_model.py .........                          [ 11%]
2025-02-21T14:32:44.6953160Z tardis/model/tests/test_density.py ..                                    [ 11%]
2025-02-21T14:32:46.1288250Z tardis/opacities/tests/test_opacity_solver.py .....                      [ 11%]
2025-02-21T14:32:47.4053610Z tardis/opacities/tests/test_opacity_state_numba.py .....                 [ 11%]
2025-02-21T14:32:49.9594980Z tardis/opacities/tests/test_tau_sobolev.py ..                            [ 12%]
2025-02-21T14:32:52.5463720Z tardis/plasma/equilibrium/tests/test_collisional_transitions.py ...      [ 12%]
2025-02-21T14:33:37.6712470Z tardis/plasma/equilibrium/tests/test_level_populations.py ....           [ 12%]
2025-02-21T14:33:47.9868740Z tardis/plasma/equilibrium/tests/test_rate_matrix.py .                    [ 12%]
2025-02-21T14:33:49.2785300Z tardis/plasma/tests/test_complete_plasmas.py ..............s......s..... [ 13%]
2025-02-21T14:33:51.9318690Z s....ssssss............s......s.....ss.....s....ssssss............s..... [ 18%]
2025-02-21T14:33:53.9043700Z .s.....ss.....s....ssssss............s......s.....ss.....s....ssssss.... [ 22%]
2025-02-21T14:33:57.3202570Z ........s......s.....ss.....s....ssssss............s......s.....ss.....s [ 26%]
2025-02-21T14:34:00.5055560Z ....ssssss............s......s.....ss.....s....ssssss............s...... [ 30%]
2025-02-21T14:34:01.3452130Z s.....ss.....s....ssssss............s......s.....ss.....s.ss.ssssss..... [ 34%]
2025-02-21T14:34:03.9335550Z .......s......s.....ss.....s....ssssss............s......s.....ss.....s. [ 38%]
2025-02-21T14:34:06.8415830Z ...ssssss............s......s.....ss.....s....ssssss............s......s [ 42%]
2025-02-21T14:34:09.2324690Z .....ss.....s....ssssss............s......s.....s...........ssssss...... [ 46%]
2025-02-21T14:34:10.9922500Z ......s......s.....s...........ssssss............s......s.....s......... [ 50%]
2025-02-21T14:34:14.3786900Z ..ssssss............s......s.....ss.....s....ssssss............s......s. [ 54%]
2025-02-21T14:34:18.5019150Z ....ss.....s....ssssss...................s......s.....s....ssss......... [ 58%]
2025-02-21T14:34:18.9398330Z ............s......s.....s....ssss.......                                [ 60%]
2025-02-21T14:34:19.3550220Z tardis/plasma/tests/test_hdf_plasma.py ................................. [ 62%]
2025-02-21T14:34:19.3822240Z ......                                                                   [ 62%]
2025-02-21T14:34:19.9316110Z tardis/plasma/tests/test_nlte_excitation.py ...                          [ 62%]
2025-02-21T14:36:31.0281780Z tardis/plasma/tests/test_nlte_solver.py .....X                           [ 63%]
2025-02-21T14:36:31.0365930Z tardis/plasma/tests/test_plasma_continuum.py .                           [ 63%]
2025-02-21T14:36:53.0752310Z tardis/plasma/tests/test_plasma_vboundary.py .............               [ 63%]
2025-02-21T14:37:04.0248840Z tardis/plasma/tests/test_tardis_model_density_config.py ...              [ 64%]
2025-02-21T14:37:04.6088180Z tardis/simulation/tests/test_convergence.py .....                        [ 64%]
2025-02-21T14:37:11.8206590Z tardis/simulation/tests/test_simulation.py .............                 [ 65%]
2025-02-21T14:37:11.8368060Z tardis/spectrum/tests/test_cuda_formal_integral.py sssssssssssssssssssss [ 66%]
2025-02-21T14:37:12.1395030Z ssss...ssssssssssssssssssssss                                            [ 67%]
2025-02-21T14:37:12.1442330Z tardis/spectrum/tests/test_luminosity.py ....                            [ 68%]
2025-02-21T14:37:13.1131110Z tardis/spectrum/tests/test_numba_formal_integral.py .................... [ 69%]
2025-02-21T14:37:13.1250810Z ..........                                                               [ 69%]
2025-02-21T14:37:13.2641080Z tardis/spectrum/tests/test_spectrum.py ................................. [ 71%]
2025-02-21T14:37:13.2901490Z .........                                                                [ 72%]
2025-02-21T14:37:35.7020500Z tardis/spectrum/tests/test_spectrum_solver.py ....                       [ 72%]
2025-02-21T14:38:18.1787150Z tardis/tests/test_tardis_full.py .FFF                                    [ 72%]
2025-02-21T14:40:01.0115110Z tardis/tests/test_tardis_full_formal_integral.py ................        [ 73%]
2025-02-21T14:40:01.1105230Z tardis/tests/test_util.py .............................................  [ 75%]
2025-02-21T14:40:03.4885730Z tardis/transport/montecarlo/tests/test_base.py x.....................    [ 77%]
2025-02-21T14:40:08.5734180Z tardis/transport/montecarlo/tests/test_interaction.py .......            [ 77%]
2025-02-21T14:40:08.7344380Z tardis/transport/montecarlo/tests/test_macro_atom.py ....                [ 77%]
2025-02-21T14:40:08.7449800Z tardis/transport/montecarlo/tests/test_montecarlo.py sssssssssssssssssss [ 78%]
2025-02-21T14:40:08.7698100Z sssssssssssssssssssssssssssssssssssssssssssss                            [ 81%]
2025-02-21T14:40:17.4889570Z tardis/transport/montecarlo/tests/test_montecarlo_main_loop.py x..       [ 81%]
2025-02-21T14:40:17.5029480Z tardis/transport/montecarlo/tests/test_nonhomologous.py ...              [ 81%]
2025-02-21T14:40:20.0811740Z tardis/transport/montecarlo/tests/test_numba_interface.py .....x.        [ 82%]
2025-02-21T14:40:20.4753740Z tardis/transport/montecarlo/tests/test_opacities.py ...............      [ 82%]
2025-02-21T14:40:21.2659330Z tardis/transport/montecarlo/tests/test_packet.py .................xXXXXX [ 84%]
2025-02-21T14:40:21.3664550Z XX.........                                                              [ 84%]
2025-02-21T14:40:21.4308980Z tardis/transport/montecarlo/tests/test_packet_source.py ........         [ 85%]
2025-02-21T14:40:21.6775020Z tardis/transport/montecarlo/tests/test_rpacket_last_interaction_tracker.py . [ 85%]
2025-02-21T14:40:22.0719740Z .....                                                                    [ 85%]
2025-02-21T14:40:33.5381600Z tardis/transport/montecarlo/tests/test_rpacket_tracker.py ......         [ 85%]
2025-02-21T14:40:33.5683640Z tardis/transport/montecarlo/tests/test_single_packet_loop.py xxx         [ 86%]
2025-02-21T14:40:33.5750210Z tardis/transport/montecarlo/tests/test_tracker_utils.py ..               [ 86%]
2025-02-21T14:40:34.9716090Z tardis/transport/montecarlo/tests/test_vpacket.py ..x.                   [ 86%]
2025-02-21T14:40:34.9914260Z tardis/transport/montecarlo/tests/test_weighted_packet_source.py ....    [ 86%]
2025-02-21T14:40:38.3561310Z tardis/transport/montecarlo/tests/test_weighted_packet_source_integration.py . [ 86%]
2025-02-21T14:40:38.3563140Z                                                                          [ 86%]
2025-02-21T14:40:38.9608860Z tardis/transport/tests/test_doppler_factor.py ..................         [ 87%]
2025-02-21T14:40:40.8174360Z tardis/visualization/tools/tests/test_convergence_plot.py .............. [ 88%]
2025-02-21T14:40:42.5492580Z ......                                                                   [ 88%]
2025-02-21T14:40:46.2390410Z tardis/visualization/tools/tests/test_liv_plot.py ...................... [ 90%]
2025-02-21T14:40:50.3847350Z .............................                                            [ 91%]
2025-02-21T14:40:53.3896530Z tardis/visualization/tools/tests/test_rpacket_plot.py .................. [ 92%]
2025-02-21T14:41:00.8077310Z ....                                                                     [ 92%]
2025-02-21T14:41:06.0455230Z tardis/visualization/tools/tests/test_sdec_plot.py ..................... [ 94%]
2025-02-21T14:41:12.9389430Z ..............................                                           [ 95%]
2025-02-21T14:41:13.3630080Z tardis/visualization/widgets/tests/test_custom_abundance.py ........ss.. [ 96%]
2025-02-21T14:41:13.4143350Z ....                                                                     [ 96%]
2025-02-21T14:41:14.2794830Z tardis/visualization/widgets/tests/test_line_info.py ................... [ 97%]
2025-02-21T14:41:14.8200160Z ..................                                                       [ 98%]
2025-02-21T14:44:26.0156030Z tardis/visualization/widgets/tests/test_shell_info.py .................. [ 99%]
2025-02-21T14:44:34.3716090Z ......                                                                   [100%]
2025-02-21T14:44:34.3717810Z 
2025-02-21T14:44:34.3718580Z =================================== FAILURES ===================================
2025-02-21T14:44:34.3719740Z __________________ TestTransportSimple.test_j_blue_estimators __________________
2025-02-21T14:44:34.3720700Z 
2025-02-21T14:44:34.3721070Z self = <tardis.tests.test_tardis_full.TestTransportSimple object at 0x11961b800>
2025-02-21T14:44:34.3721900Z simulation_regression_data = <tardis.simulation.base.Simulation object at 0x119619730>
2025-02-21T14:44:34.3722260Z 
2025-02-21T14:44:34.3722450Z     def test_j_blue_estimators(self, simulation_regression_data):
2025-02-21T14:44:34.3725360Z         key = "simulation/transport/transport_state/j_blue_estimator"
2025-02-21T14:44:34.3726280Z         expected = self.get_expected_data(key)
2025-02-21T14:44:34.3726570Z     
2025-02-21T14:44:34.3726830Z >       npt.assert_allclose(
2025-02-21T14:44:34.3727310Z             simulation_regression_data.transport.transport_state.radfield_mc_estimators.j_blue_estimator,
2025-02-21T14:44:34.3727860Z             expected.values,
2025-02-21T14:44:34.3728190Z         )
2025-02-21T14:44:34.3728320Z 
2025-02-21T14:44:34.3728400Z tardis/tests/test_tardis_full.py:60: 
2025-02-21T14:44:34.3728740Z _ _ _ _ _ _ _ _ _ _ _ _ _ _ _ _ _ _ _ _ _ _ _ _ _ _ _ _ _ _ _ _ _ _ _ _ _ _ _ _ 
2025-02-21T14:44:34.3728960Z 
2025-02-21T14:44:34.3729240Z args = (<function assert_allclose.<locals>.compare at 0x12c88dc60>, array([[0., 0., 0., ..., 0., 0., 0.],
2025-02-21T14:44:34.3729700Z        [0., 0., 0.,.....,
2025-02-21T14:44:34.3729960Z        [0., 0., 0., ..., 0., 0., 0.],
2025-02-21T14:44:34.3730210Z        [0., 0., 0., ..., 0., 0., 0.],
2025-02-21T14:44:34.3730730Z        [0., 0., 0., ..., 0., 0., 0.]]))
2025-02-21T14:44:34.3731410Z kwds = {'equal_nan': True, 'err_msg': '', 'header': 'Not equal to tolerance rtol=1e-07, atol=0', 'verbose': True}
2025-02-21T14:44:34.3731730Z 
2025-02-21T14:44:34.3731940Z     @wraps(func)
2025-02-21T14:44:34.3732200Z     def inner(*args, **kwds):
2025-02-21T14:44:34.3732530Z         with self._recreate_cm():
2025-02-21T14:44:34.3732890Z >           return func(*args, **kwds)
2025-02-21T14:44:34.3733190Z E           AssertionError: 
2025-02-21T14:44:34.3733570Z E           Not equal to tolerance rtol=1e-07, atol=0
2025-02-21T14:44:34.3733880Z E           
2025-02-21T14:44:34.3734200Z E           Mismatched elements: 501415 / 584480 (85.8%)
2025-02-21T14:44:34.3734550Z E           Max absolute difference: 1.58727889e-18
2025-02-21T14:44:34.3734950Z E           Max relative difference: 14.12627905
2025-02-21T14:44:34.3735290Z E            x: array([[0., 0., 0., ..., 0., 0., 0.],
2025-02-21T14:44:34.3736200Z E                  [0., 0., 0., ..., 0., 0., 0.],
2025-02-21T14:44:34.3744860Z E                  [0., 0., 0., ..., 0., 0., 0.],...
2025-02-21T14:44:34.3745200Z E            y: array([[0., 0., 0., ..., 0., 0., 0.],
2025-02-21T14:44:34.3745450Z E                  [0., 0., 0., ..., 0., 0., 0.],
2025-02-21T14:44:34.3745760Z E                  [0., 0., 0., ..., 0., 0., 0.],...
2025-02-21T14:44:34.3745900Z 
2025-02-21T14:44:34.3746130Z ../../../micromamba/envs/tardis/lib/python3.12/contextlib.py:81: AssertionError
2025-02-21T14:44:34.3746620Z ______________________ TestTransportSimple.test_spectrum _______________________
2025-02-21T14:44:34.3746910Z 
2025-02-21T14:44:34.3747070Z self = <tardis.tests.test_tardis_full.TestTransportSimple object at 0x11961bc20>
2025-02-21T14:44:34.3747630Z simulation_regression_data = <tardis.simulation.base.Simulation object at 0x119619730>
2025-02-21T14:44:34.3747940Z 
2025-02-21T14:44:34.3748040Z     def test_spectrum(self, simulation_regression_data):
2025-02-21T14:44:34.3748530Z         key = "simulation/spectrum_solver/spectrum_real_packets/luminosity"
2025-02-21T14:44:34.3748880Z         expected = self.get_expected_data(key)
2025-02-21T14:44:34.3770310Z     
2025-02-21T14:44:34.3770970Z         luminosity = u.Quantity(expected, "erg /s")
2025-02-21T14:44:34.3771780Z     
2025-02-21T14:44:34.3772020Z >       assert_quantity_allclose(
2025-02-21T14:44:34.3772370Z             simulation_regression_data.spectrum_solver.spectrum_real_packets.luminosity,
2025-02-21T14:44:34.3772770Z             luminosity,
2025-02-21T14:44:34.3772960Z         )
2025-02-21T14:44:34.3773080Z 
2025-02-21T14:44:34.3773190Z tardis/tests/test_tardis_full.py:71: 
2025-02-21T14:44:34.3773490Z _ _ _ _ _ _ _ _ _ _ _ _ _ _ _ _ _ _ _ _ _ _ _ _ _ _ _ _ _ _ _ _ _ _ _ _ _ _ _ _ 
2025-02-21T14:44:34.3774020Z ../../../micromamba/envs/tardis/lib/python3.12/site-packages/astropy/tests/helper.py:203: in assert_quantity_allclose
2025-02-21T14:44:34.3774510Z     np.testing.assert_allclose(
2025-02-21T14:44:34.3774930Z _ _ _ _ _ _ _ _ _ _ _ _ _ _ _ _ _ _ _ _ _ _ _ _ _ _ _ _ _ _ _ _ _ _ _ _ _ _ _ _ 
2025-02-21T14:44:34.3775210Z 
2025-02-21T14:44:34.3775910Z args = (<function assert_allclose.<locals>.compare at 0x3179e94e0>, array([1.33511090e+39, 1.33738696e+39, 9.41598476e+38, .....), array([1.47119190e+39, 1.69564189e+39, 1.35368464e+39, ...,
2025-02-21T14:44:34.3804960Z        0.00000000e+00, 0.00000000e+00, 0.00000000e+00]))
2025-02-21T14:44:34.3805470Z kwds = {'equal_nan': True, 'err_msg': '', 'header': 'Not equal to tolerance rtol=1e-07, atol=0', 'verbose': True}
2025-02-21T14:44:34.3805760Z 
2025-02-21T14:44:34.3805820Z     @wraps(func)
2025-02-21T14:44:34.3805970Z     def inner(*args, **kwds):
2025-02-21T14:44:34.3806180Z         with self._recreate_cm():
2025-02-21T14:44:34.3806380Z >           return func(*args, **kwds)
2025-02-21T14:44:34.3806600Z E           AssertionError: 
2025-02-21T14:44:34.3806830Z E           Not equal to tolerance rtol=1e-07, atol=0
2025-02-21T14:44:34.3807060Z E           
2025-02-21T14:44:34.3807250Z E           Mismatched elements: 4787 / 10000 (47.9%)
2025-02-21T14:44:34.3807560Z E           Max absolute difference: 3.38544343e+39
2025-02-21T14:44:34.3807810Z E           Max relative difference: 2.93242273
2025-02-21T14:44:34.3808110Z E            x: array([1.335111e+39, 1.337387e+39, 9.415985e+38, ..., 0.000000e+00,
2025-02-21T14:44:34.3808390Z E                  0.000000e+00, 0.000000e+00])
2025-02-21T14:44:34.3808680Z E            y: array([1.471192e+39, 1.695642e+39, 1.353685e+39, ..., 0.000000e+00,
2025-02-21T14:44:34.3808960Z E                  0.000000e+00, 0.000000e+00])
2025-02-21T14:44:34.3809120Z 
2025-02-21T14:44:34.3809300Z ../../../micromamba/envs/tardis/lib/python3.12/contextlib.py:81: AssertionError
2025-02-21T14:44:34.3809700Z __________________ TestTransportSimple.test_virtual_spectrum ___________________
2025-02-21T14:44:34.3809940Z 
2025-02-21T14:44:34.3810130Z self = <tardis.tests.test_tardis_full.TestTransportSimple object at 0x119604d70>
2025-02-21T14:44:34.3810590Z simulation_regression_data = <tardis.simulation.base.Simulation object at 0x119619730>
2025-02-21T14:44:34.3811300Z 
2025-02-21T14:44:34.3811480Z     def test_virtual_spectrum(self, simulation_regression_data):
2025-02-21T14:44:34.3811840Z         key = "simulation/spectrum_solver/spectrum_virtual_packets/luminosity"
2025-02-21T14:44:34.3812190Z         expected = self.get_expected_data(key)
2025-02-21T14:44:34.3812520Z     
2025-02-21T14:44:34.3812720Z         luminosity = u.Quantity(expected, "erg /s")
2025-02-21T14:44:34.3813020Z     
2025-02-21T14:44:34.3813190Z >       assert_quantity_allclose(
2025-02-21T14:44:34.3813620Z             simulation_regression_data.spectrum_solver.spectrum_virtual_packets.luminosity,
2025-02-21T14:44:34.3814010Z             luminosity,
2025-02-21T14:44:34.3814280Z         )
2025-02-21T14:44:34.3814410Z 
2025-02-21T14:44:34.3814500Z tardis/tests/test_tardis_full.py:82: 
2025-02-21T14:44:34.3814870Z _ _ _ _ _ _ _ _ _ _ _ _ _ _ _ _ _ _ _ _ _ _ _ _ _ _ _ _ _ _ _ _ _ _ _ _ _ _ _ _ 
2025-02-21T14:44:34.3815370Z ../../../micromamba/envs/tardis/lib/python3.12/site-packages/astropy/tests/helper.py:203: in assert_quantity_allclose
2025-02-21T14:44:34.3816290Z     np.testing.assert_allclose(
2025-02-21T14:44:34.3816610Z _ _ _ _ _ _ _ _ _ _ _ _ _ _ _ _ _ _ _ _ _ _ _ _ _ _ _ _ _ _ _ _ _ _ _ _ _ _ _ _ 
2025-02-21T14:44:34.3816800Z 
2025-02-21T14:44:34.3817220Z args = (<function assert_allclose.<locals>.compare at 0x3124565c0>, array([1.46352380e+39, 1.37519577e+39, 1.34901151e+39, .....), array([1.44033177e+39, 1.35611403e+39, 1.39755698e+39, ...,
2025-02-21T14:44:34.3817790Z        0.00000000e+00, 0.00000000e+00, 0.00000000e+00]))
2025-02-21T14:44:34.3818230Z kwds = {'equal_nan': True, 'err_msg': '', 'header': 'Not equal to tolerance rtol=1e-07, atol=0', 'verbose': True}
2025-02-21T14:44:34.3823780Z 
2025-02-21T14:44:34.3823850Z     @wraps(func)
2025-02-21T14:44:34.3824100Z     def inner(*args, **kwds):
2025-02-21T14:44:34.3824320Z         with self._recreate_cm():
2025-02-21T14:44:34.3824610Z >           return func(*args, **kwds)
2025-02-21T14:44:34.3824860Z E           AssertionError: 
2025-02-21T14:44:34.3825170Z E           Not equal to tolerance rtol=1e-07, atol=0
2025-02-21T14:44:34.3825450Z E           
2025-02-21T14:44:34.3825660Z E           Mismatched elements: 5800 / 10000 (58%)
2025-02-21T14:44:34.3825930Z E           Max absolute difference: 2.37529699e+39
2025-02-21T14:44:34.3826190Z E           Max relative difference: 18569.59081289
2025-02-21T14:44:34.3826530Z E            x: array([1.463524e+39, 1.375196e+39, 1.349012e+39, ..., 0.000000e+00,
2025-02-21T14:44:34.3826830Z E                  0.000000e+00, 0.000000e+00])
2025-02-21T14:44:34.3827130Z E            y: array([1.440332e+39, 1.356114e+39, 1.397557e+39, ..., 0.000000e+00,
2025-02-21T14:44:34.3827470Z E                  0.000000e+00, 0.000000e+00])
2025-02-21T14:44:34.3827650Z 
2025-02-21T14:44:34.3827820Z ../../../micromamba/envs/tardis/lib/python3.12/contextlib.py:81: AssertionError
2025-02-21T14:44:34.3828220Z =============================== warnings summary ===============================
2025-02-21T14:44:34.3828520Z tardis/io/configuration/config_validator.py:6
2025-02-21T14:44:34.3828850Z tardis/io/configuration/config_validator.py:6
2025-02-21T14:44:34.3829470Z   /Users/runner/work/tardis/tardis/tardis/io/configuration/config_validator.py:6: DeprecationWarning:
2025-02-21T14:44:34.3829870Z   
2025-02-21T14:44:34.3830980Z   jsonschema.RefResolver is deprecated as of v4.18.0, in favor of the https://github.com/python-jsonschema/referencing library, which provides more compliant referencing behavior as well as more flexible APIs for customization. A future release will remove RefResolver. Please file a feature request (on referencing) if you are missing an API for the kind of customization you need.
2025-02-21T14:44:34.3831970Z 
2025-02-21T14:44:34.3832160Z ../../../micromamba/envs/tardis/lib/python3.12/site-packages/jupyter_client/connect.py:22
2025-02-21T14:44:34.3832780Z   /Users/runner/micromamba/envs/tardis/lib/python3.12/site-packages/jupyter_client/connect.py:22: DeprecationWarning:
2025-02-21T14:44:34.3833540Z   
2025-02-21T14:44:34.3833810Z   Jupyter is migrating its paths to use standard platformdirs
2025-02-21T14:44:34.3834160Z   given by the platformdirs library.  To remove this warning and
2025-02-21T14:44:34.3834520Z   see the appropriate new directories, set the environment variable
2025-02-21T14:44:34.3834920Z   `JUPYTER_PLATFORM_DIRS=1` and then run `jupyter --paths`.
2025-02-21T14:44:34.3835220Z   The use of platformdirs will be the default in `jupyter_core` v6
2025-02-21T14:44:34.3835410Z 
2025-02-21T14:44:34.3840240Z tardis/io/tests/test_HDFWriter.py::test_multi_index_write
2025-02-21T14:44:34.3840650Z tardis/visualization/widgets/tests/test_shell_info.py::TestHDFShellInfo::test_shells_data
2025-02-21T14:44:34.3841100Z   /Users/runner/work/tardis/tardis/tardis/io/util.py:276: PerformanceWarning:
2025-02-21T14:44:34.3841380Z   
2025-02-21T14:44:34.3841490Z   
2025-02-21T14:44:34.3841710Z   your performance may suffer as PyTables will pickle object types that it cannot
2025-02-21T14:44:34.3842160Z   map directly to c-types [inferred_type->mixed,key->block0_values] [items->Index([0], dtype='int64')]
2025-02-21T14:44:34.3842750Z 
2025-02-21T14:44:34.3842910Z tardis/io/tests/test_model_reader.py::test_read_cmfgen_isotope_abundances
2025-02-21T14:44:34.3843290Z tardis/plasma/tests/test_tardis_model_density_config.py::test_electron_densities
2025-02-21T14:44:34.3843710Z tardis/plasma/tests/test_tardis_model_density_config.py::test_isotope_number_densities
2025-02-21T14:44:34.3844110Z tardis/plasma/tests/test_tardis_model_density_config.py::test_t_rad
2025-02-21T14:44:34.3844560Z   /Users/runner/work/tardis/tardis/tardis/io/model/readers/cmfgen_deprecated.py:82: DeprecationWarning:
2025-02-21T14:44:34.3844920Z   
2025-02-21T14:44:34.3845130Z   The current CMFGEN model parser is deprecated
2025-02-21T14:44:34.3845280Z 
2025-02-21T14:44:34.3845370Z tardis/io/tests/test_model_reader.py: 1 warning
2025-02-21T14:44:34.3845660Z tardis/plasma/tests/test_tardis_model_density_config.py: 9 warnings
2025-02-21T14:44:34.3846110Z   /Users/runner/work/tardis/tardis/tardis/io/model/readers/cmfgen_deprecated.py:40: DeprecationWarning:
2025-02-21T14:44:34.3846520Z   
2025-02-21T14:44:34.3846730Z   The current CMFGEN model parser is deprecated
2025-02-21T14:44:34.3846920Z 
2025-02-21T14:44:34.3847140Z tardis/model/tests/test_base.py::TestModelFromPaper1Config::test_abundances
2025-02-21T14:44:34.3847730Z   /Users/runner/work/tardis/tardis/tardis/transport/montecarlo/montecarlo_main_loop.py:123: NumbaTypeSafetyWarning:
2025-02-21T14:44:34.3848300Z   
2025-02-21T14:44:34.3851540Z   [1m[1m[1munsafe cast from uint64 to int64. Precision may be lost.[0m[0m[0m
2025-02-21T14:44:34.3851820Z 
2025-02-21T14:44:34.3851940Z tardis/model/tests/test_base.py: 6 warnings
2025-02-21T14:44:34.3852270Z tardis/model/tests/test_csvy_model.py: 2 warnings
2025-02-21T14:44:34.3852610Z tardis/plasma/tests/test_tardis_model_density_config.py: 3 warnings
2025-02-21T14:44:34.3853120Z   /Users/runner/work/tardis/tardis/tardis/model/geometry/radial1d.py:50: DeprecationWarning:
2025-02-21T14:44:34.3853920Z   
2025-02-21T14:44:34.3854240Z   v_inner_boundary < 0, assuming default value
2025-02-21T14:44:34.3854390Z 
2025-02-21T14:44:34.3854520Z tardis/model/tests/test_base.py: 6 warnings
2025-02-21T14:44:34.3854840Z tardis/model/tests/test_csvy_model.py: 2 warnings
2025-02-21T14:44:34.3855190Z tardis/plasma/tests/test_tardis_model_density_config.py: 3 warnings
2025-02-21T14:44:34.3855660Z   /Users/runner/work/tardis/tardis/tardis/model/geometry/radial1d.py:61: DeprecationWarning:
2025-02-21T14:44:34.3855980Z   
2025-02-21T14:44:34.3856130Z   v_outer_boundary < 0, assuming default value
2025-02-21T14:44:34.3856270Z 
2025-02-21T14:44:34.3856650Z tardis/plasma/equilibrium/tests/test_level_populations.py::TestLevelPopulationSolver::test_solve[collisional_rate_solver0-radiative_transitions0]
2025-02-21T14:44:34.3857310Z   /Users/runner/work/tardis/tardis/tardis/plasma/equilibrium/level_populations.py:65: FutureWarning:
2025-02-21T14:44:34.3857940Z   
2025-02-21T14:44:34.3858230Z   A value is trying to be set on a copy of a DataFrame or Series through chained assignment using an inplace method.
2025-02-21T14:44:34.3858960Z   The behavior will change in pandas 3.0. This inplace method will never work because the intermediate object on which we are setting values always behaves as a copy.
2025-02-21T14:44:34.3859410Z   
2025-02-21T14:44:34.3859970Z   For example, when doing 'df[col].method(value, inplace=True)', try using 'df.method({col: value}, inplace=True)' or df[col] = df[col].method(value) instead, to perform the operation inplace on the original object.
2025-02-21T14:44:34.3860460Z 
2025-02-21T14:44:34.3860640Z tardis/plasma/tests/test_plasma_vboundary.py::test_plasma_vboundary[2900-3750]
2025-02-21T14:44:34.3861040Z tardis/plasma/tests/test_plasma_vboundary.py::test_plasma_vboundary[2900-3850]
2025-02-21T14:44:34.3861440Z tardis/plasma/tests/test_plasma_vboundary.py::test_plasma_vboundary[2900-3900]
2025-02-21T14:44:34.3861910Z   /Users/runner/work/tardis/tardis/tardis/model/geometry/radial1d.py:71: UserWarning:
2025-02-21T14:44:34.3862450Z   
2025-02-21T14:44:34.3862670Z   Requesting inner boundary below inner shell. Extrapolating the inner cell
2025-02-21T14:44:34.3862890Z 
2025-02-21T14:44:34.3863060Z tardis/spectrum/tests/test_spectrum_solver.py::TestSpectrumSolver::test_solve
2025-02-21T14:44:34.3863460Z   /Users/runner/work/tardis/tardis/tardis/spectrum/base.py:70: UserWarning:
2025-02-21T14:44:34.3863830Z   
2025-02-21T14:44:34.3864260Z   SpectrumSolver.spectrum_virtual_packets is zero. Please run the montecarlo simulation with no_of_virtual_packets > 0
2025-02-21T14:44:34.3864640Z 
2025-02-21T14:44:34.3864880Z tardis/spectrum/tests/test_spectrum_solver.py::TestSpectrumSolver::test_solve
2025-02-21T14:44:34.3865340Z   /Users/runner/work/tardis/tardis/tardis/spectrum/base.py:111: UserWarning:
2025-02-21T14:44:34.3865750Z   
2025-02-21T14:44:34.3866200Z   SpectrumSolver.integrator: The FormalIntegrator is not yet available.Please run the montecarlo simulation at least once.
2025-02-21T14:44:34.3866680Z 
2025-02-21T14:44:34.3866850Z tardis/transport/montecarlo/tests/test_vpacket.py::test_trace_vpacket_volley
2025-02-21T14:44:34.3867330Z   <string>:3: NumbaPendingDeprecationWarning:
2025-02-21T14:44:34.3867600Z   
2025-02-21T14:44:34.3868690Z   [1m[1mCode using Numba extension API maybe depending on 'old_style' error-capturing, which is deprecated and will be replaced by 'new_style' in a future release. See details at https://numba.readthedocs.io/en/latest/reference/deprecation.html#deprecation-of-old-style-numba-captured-errors
2025-02-21T14:44:34.3869640Z   Exception origin:
2025-02-21T14:44:34.3870010Z     File "/Users/runner/micromamba/envs/tardis/lib/python3.12/inspect.py", line 3180, in _bind
2025-02-21T14:44:34.3870480Z       raise TypeError(msg) from None
2025-02-21T14:44:34.3870740Z   [0m[0m
2025-02-21T14:44:34.3870870Z 
2025-02-21T14:44:34.3871190Z tardis/visualization/tools/tests/test_sdec_plot.py::TestSDECPlotter::test_mpl_image[plotter_generate_plot_mpl4]
2025-02-21T14:44:34.3871740Z   /Users/runner/work/tardis/tardis/tardis/visualization/tools/sdec_plot.py:1225: RuntimeWarning:
2025-02-21T14:44:34.3872080Z   
2025-02-21T14:44:34.3872830Z   More than 20 figures have been opened. Figures created through the pyplot interface (`matplotlib.pyplot.figure`) are retained until explicitly closed and may consume too much memory. (To control this warning, see the rcParam `figure.max_open_warning`). Consider using `matplotlib.pyplot.close()`.
2025-02-21T14:44:34.3873560Z 
2025-02-21T14:44:34.3873900Z tardis/visualization/widgets/tests/test_custom_abundance.py::TestCustomAbundanceWidget::test_update_input_item_value
2025-02-21T14:44:34.3874530Z tardis/visualization/widgets/tests/test_custom_abundance.py::TestCustomAbundanceWidget::test_update_input_item_value
2025-02-21T14:44:34.3875150Z tardis/visualization/widgets/tests/test_custom_abundance.py::TestCustomAbundanceWidget::test_update_input_item_value
2025-02-21T14:44:34.3876050Z tardis/visualization/widgets/tests/test_custom_abundance.py::TestCustomAbundanceWidget::test_update_input_item_value
2025-02-21T14:44:34.3876670Z tardis/visualization/widgets/tests/test_custom_abundance.py::TestCustomAbundanceWidget::test_update_input_item_value
2025-02-21T14:44:34.3877360Z tardis/visualization/widgets/tests/test_custom_abundance.py::TestCustomAbundanceWidget::test_update_input_item_value
2025-02-21T14:44:34.3877970Z   /Users/runner/micromamba/envs/tardis/lib/python3.12/site-packages/traitlets/traitlets.py:1385: DeprecationWarning:
2025-02-21T14:44:34.3878370Z   
2025-02-21T14:44:34.3878590Z   Passing unrecognized arguments to super(Checkbox).__init__(icon='lock').
2025-02-21T14:44:34.3878950Z   object.__init__() takes exactly one argument (the instance to initialize)
2025-02-21T14:44:34.3879470Z   This is deprecated in traitlets 4.2.This error will be raised in a future release of traitlets.
2025-02-21T14:44:34.3879720Z 
2025-02-21T14:44:34.3880060Z tardis/visualization/widgets/tests/test_custom_abundance.py::TestCustomAbundanceWidget::test_update_input_item_value
2025-02-21T14:44:34.3880920Z tardis/visualization/widgets/tests/test_custom_abundance.py::TestCustomAbundanceWidget::test_update_input_item_value
2025-02-21T14:44:34.3881540Z   /Users/runner/micromamba/envs/tardis/lib/python3.12/site-packages/traitlets/traitlets.py:1385: DeprecationWarning:
2025-02-21T14:44:34.3882020Z   
2025-02-21T14:44:34.3882300Z   Passing unrecognized arguments to super(FloatText).__init__(min=0).
2025-02-21T14:44:34.3882770Z   object.__init__() takes exactly one argument (the instance to initialize)
2025-02-21T14:44:34.3883250Z   This is deprecated in traitlets 4.2.This error will be raised in a future release of traitlets.
2025-02-21T14:44:34.3883560Z 
2025-02-21T14:44:34.3883900Z tardis/visualization/widgets/tests/test_custom_abundance.py::TestCustomAbundanceWidget::test_update_input_item_value
2025-02-21T14:44:34.3884600Z   /Users/runner/micromamba/envs/tardis/lib/python3.12/site-packages/traitlets/traitlets.py:1385: DeprecationWarning:
2025-02-21T14:44:34.3885150Z   
2025-02-21T14:44:34.3885370Z   Passing unrecognized arguments to super(HTML).__init__(indent=True).
2025-02-21T14:44:34.3885900Z   object.__init__() takes exactly one argument (the instance to initialize)
2025-02-21T14:44:34.3886390Z   This is deprecated in traitlets 4.2.This error will be raised in a future release of traitlets.
2025-02-21T14:44:34.3886720Z 
2025-02-21T14:44:34.3887080Z tardis/visualization/widgets/tests/test_line_info.py::TestLineInfoWidgetData::test_get_species_interactions[wavelength_range0-packet_out_nu]
2025-02-21T14:44:34.3887870Z   /Users/runner/micromamba/envs/tardis/lib/python3.12/site-packages/qgridnext/grid.py:814: DeprecationWarning:
2025-02-21T14:44:34.3888240Z   
2025-02-21T14:44:34.3888500Z   QgridWidget._df_changed is deprecated in traitlets 4.1: use @observe and @unobserve instead.
2025-02-21T14:44:34.3888760Z 
2025-02-21T14:44:34.3888970Z tardis/visualization/widgets/tests/test_shell_info.py::TestHDFShellInfo::test_shells_data
2025-02-21T14:44:34.3889410Z   /Users/runner/work/tardis/tardis/tardis/io/util.py:289: PerformanceWarning:
2025-02-21T14:44:34.3889690Z   
2025-02-21T14:44:34.3889800Z   
2025-02-21T14:44:34.3890040Z   your performance may suffer as PyTables will pickle object types that it cannot
2025-02-21T14:44:34.3890470Z   map directly to c-types [inferred_type->mixed,key->block0_values] [items->Index([0], dtype='int64')]
2025-02-21T14:44:34.3890740Z 
2025-02-21T14:44:34.3890940Z tardis/visualization/widgets/tests/test_shell_info.py::TestHDFShellInfo::test_shells_data
2025-02-21T14:44:34.3891380Z   /Users/runner/work/tardis/tardis/tardis/io/util.py:292: PerformanceWarning:
2025-02-21T14:44:34.3891660Z   
2025-02-21T14:44:34.3891770Z   
2025-02-21T14:44:34.3892000Z   your performance may suffer as PyTables will pickle object types that it cannot
2025-02-21T14:44:34.3892370Z   map directly to c-types [inferred_type->mixed,key->values] [items->None]
2025-02-21T14:44:34.3892570Z 
2025-02-21T14:44:34.3893340Z tardis/visualization/widgets/tests/test_shell_info.py::TestHDFShellInfo::test_shells_data
2025-02-21T14:44:34.3893840Z   /Users/runner/work/tardis/tardis/tardis/spectrum/formal_integral.py:398: UserWarning:
2025-02-21T14:44:34.3894150Z   
2025-02-21T14:44:34.3894370Z   The number of interpolate_shells was not specified. The value was set to 80.
2025-02-21T14:44:34.3894590Z 
2025-02-21T14:44:34.3894750Z -- Docs: https://docs.pytest.org/en/stable/how-to/capture-warnings.html
2025-02-21T14:44:34.3894960Z 
2025-02-21T14:44:34.3895090Z ---------- coverage: platform darwin, python 3.12.4-final-0 ----------
2025-02-21T14:44:34.3895380Z Coverage HTML written to dir coverage_html_report
2025-02-21T14:44:34.3895620Z Coverage XML written to file coverage.xml
2025-02-21T14:44:34.3895760Z 
2025-02-21T14:44:34.3895850Z =========================== short test summary info ============================
2025-02-21T14:44:34.3896260Z FAILED tardis/tests/test_tardis_full.py::TestTransportSimple::test_j_blue_estimators - AssertionError: 
2025-02-21T14:44:34.3896630Z Not equal to tolerance rtol=1e-07, atol=0
2025-02-21T14:44:34.3897070Z 
2025-02-21T14:44:34.3897150Z Mismatched elements: 501415 / 584480 (85.8%)
2025-02-21T14:44:34.3897360Z Max absolute difference: 1.58727889e-18
2025-02-21T14:44:34.3897560Z Max relative difference: 14.12627905
2025-02-21T14:44:34.3897750Z  x: array([[0., 0., 0., ..., 0., 0., 0.],
2025-02-21T14:44:34.3897940Z        [0., 0., 0., ..., 0., 0., 0.],
2025-02-21T14:44:34.3898120Z        [0., 0., 0., ..., 0., 0., 0.],...
2025-02-21T14:44:34.3898310Z  y: array([[0., 0., 0., ..., 0., 0., 0.],
2025-02-21T14:44:34.3898490Z        [0., 0., 0., ..., 0., 0., 0.],
2025-02-21T14:44:34.3898670Z        [0., 0., 0., ..., 0., 0., 0.],...
2025-02-21T14:44:34.3898990Z FAILED tardis/tests/test_tardis_full.py::TestTransportSimple::test_spectrum - AssertionError: 
2025-02-21T14:44:34.3899330Z Not equal to tolerance rtol=1e-07, atol=0
2025-02-21T14:44:34.3899470Z 
2025-02-21T14:44:34.3899540Z Mismatched elements: 4787 / 10000 (47.9%)
2025-02-21T14:44:34.3899740Z Max absolute difference: 3.38544343e+39
2025-02-21T14:44:34.3899940Z Max relative difference: 2.93242273
2025-02-21T14:44:34.3900280Z  x: array([1.335111e+39, 1.337387e+39, 9.415985e+38, ..., 0.000000e+00,
2025-02-21T14:44:34.3900530Z        0.000000e+00, 0.000000e+00])
2025-02-21T14:44:34.3900760Z  y: array([1.471192e+39, 1.695642e+39, 1.353685e+39, ..., 0.000000e+00,
2025-02-21T14:44:34.3901000Z        0.000000e+00, 0.000000e+00])
2025-02-21T14:44:34.3901350Z FAILED tardis/tests/test_tardis_full.py::TestTransportSimple::test_virtual_spectrum - AssertionError: 
2025-02-21T14:44:34.3901700Z Not equal to tolerance rtol=1e-07, atol=0
2025-02-21T14:44:34.3901840Z 
2025-02-21T14:44:34.3901910Z Mismatched elements: 5800 / 10000 (58%)
2025-02-21T14:44:34.3902110Z Max absolute difference: 2.37529699e+39
2025-02-21T14:44:34.3902310Z Max relative difference: 18569.59081289
2025-02-21T14:44:34.3902550Z  x: array([1.463524e+39, 1.375196e+39, 1.349012e+39, ..., 0.000000e+00,
2025-02-21T14:44:34.3902790Z        0.000000e+00, 0.000000e+00])
2025-02-21T14:44:34.3903020Z  y: array([1.440332e+39, 1.356114e+39, 1.397557e+39, ..., 0.000000e+00,
2025-02-21T14:44:34.3903260Z        0.000000e+00, 0.000000e+00])
2025-02-21T14:44:34.3903580Z = 3 failed, 1407 passed, 357 skipped, 2 deselected, 19 xfailed, 8 xpassed, 63 warnings in 787.44s (0:13:07) =
2025-02-21T14:44:36.1093540Z ##[error]Process completed with exit code 1.
