2025-01-13T17:43:25.3921274Z ##[group]Run pytest tardis --tardis-regression-data=/home/runner/work/tardis/tardis/tardis-regression-data --cov=tardis --cov-report=xml --cov-report=html --cov-append -m "not continuum"
2025-01-13T17:43:25.3922566Z [36;1mpytest tardis --tardis-regression-data=/home/runner/work/tardis/tardis/tardis-regression-data --cov=tardis --cov-report=xml --cov-report=html --cov-append -m "not continuum"[0m
2025-01-13T17:43:25.3949736Z shell: /usr/bin/bash -l {0}
2025-01-13T17:43:25.3949992Z env:
2025-01-13T17:43:25.3950174Z   CACHE_NUMBER: 0
2025-01-13T17:43:25.3950796Z   PYTEST_FLAGS: --tardis-regression-data=/home/runner/work/tardis/tardis/tardis-regression-data --cov=tardis --cov-report=xml --cov-report=html --cov-append
2025-01-13T17:43:25.3951445Z   CODECOV_TOKEN: 
2025-01-13T17:43:25.3951667Z   MAMBA_ROOT_PREFIX: /home/runner/micromamba
2025-01-13T17:43:25.3951973Z   MAMBA_EXE: /home/runner/micromamba-bin/micromamba
2025-01-13T17:43:25.3952329Z   CONDARC: /home/runner/work/_temp/setup-micromamba/.condarc
2025-01-13T17:43:25.3952678Z ##[endgroup]
2025-01-13T17:43:35.6358598Z ============================= test session starts ==============================
2025-01-13T17:43:35.6360010Z platform linux -- Python 3.12.4, pytest-8.2.2, pluggy-1.5.0
2025-01-13T17:43:35.6361393Z rootdir: /home/runner/work/tardis/tardis
2025-01-13T17:43:35.6362861Z configfile: pyproject.toml
2025-01-13T17:43:35.6363667Z plugins: anyio-4.4.0, doctestplus-1.2.1, cov-5.0.0, html-4.1.1, metadata-3.1.1
2025-01-13T17:43:35.6364514Z collected 1796 items / 2 deselected / 1794 selected
2025-01-13T17:43:35.6364823Z 
2025-01-13T17:43:40.5941426Z tardis/energy_input/tests/test_energy_source.py ..xxx                    [  0%]
2025-01-13T17:43:43.3825158Z tardis/energy_input/tests/test_gamma_ray_channel.py ...........          [  0%]
2025-01-13T17:43:45.2065534Z tardis/energy_input/tests/test_gamma_ray_grid.py xx.                     [  1%]
2025-01-13T17:43:47.0126640Z tardis/energy_input/tests/test_gamma_ray_interactions.py xx....          [  1%]
2025-01-13T17:43:47.0237081Z tardis/energy_input/tests/test_gamma_ray_packet_source.py sssssssss      [  1%]
2025-01-13T17:43:48.3682881Z tardis/energy_input/tests/test_util.py .....xxxx.....                    [  2%]
2025-01-13T17:43:48.7654109Z tardis/grid/tests/test_grid.py .                                         [  2%]
2025-01-13T17:43:48.7669237Z tardis/gui/tests/test_gui.py s                                           [  2%]
2025-01-13T17:43:52.2416671Z tardis/io/configuration/tests/test_config_reader.py ...........          [  3%]
2025-01-13T17:43:52.2543013Z tardis/io/configuration/tests/test_configuration_namespace.py .........  [  3%]
2025-01-13T17:43:52.2815415Z tardis/io/logger/tests/test_logging.py ssssssssssssssssssssssssssss      [  5%]
2025-01-13T17:44:32.6392461Z tardis/io/model/readers/tests/test_arepo_parser.py ..                    [  5%]
2025-01-13T17:44:32.6543408Z tardis/io/model/readers/tests/test_ascii_readers.py ...                  [  5%]
2025-01-13T17:44:32.6658696Z tardis/io/model/readers/tests/test_cmfgen_reader.py ..                   [  5%]
2025-01-13T17:44:32.6994740Z tardis/io/model/readers/tests/test_csvy_reader.py ....                   [  6%]
2025-01-13T17:44:32.7228145Z tardis/io/model/readers/tests/test_stella_reader.py ..                   [  6%]
2025-01-13T17:44:33.0457094Z tardis/io/tests/test_HDFWriter.py ...............                        [  7%]
2025-01-13T17:44:33.3902073Z tardis/io/tests/test_atomic.py .....                                     [  7%]
2025-01-13T17:44:33.4283636Z tardis/io/tests/test_decay.py ..                                         [  7%]
2025-01-13T17:44:33.6314063Z tardis/io/tests/test_model_reader.py ......                              [  7%]
2025-01-13T17:44:33.6384858Z tardis/model/geometry/tests/test_radial1d.py ..                          [  7%]
2025-01-13T17:45:34.9555707Z tardis/model/tests/test_base.py ........................................ [ 10%]
2025-01-13T17:45:35.9829499Z ............                                                             [ 10%]
2025-01-13T17:45:39.1587458Z tardis/model/tests/test_csvy_model.py .........                          [ 11%]
2025-01-13T17:45:39.2092152Z tardis/model/tests/test_density.py ..                                    [ 11%]
2025-01-13T17:45:40.5783356Z tardis/opacities/tests/test_opacity_solver.py .....                      [ 11%]
2025-01-13T17:45:41.9956378Z tardis/opacities/tests/test_opacity_state_numba.py .....                 [ 11%]
2025-01-13T17:45:44.2417986Z tardis/opacities/tests/test_tau_sobolev.py FF                            [ 12%]
2025-01-13T17:45:47.1243593Z tardis/plasma/equilibrium/tests/test_collisional_transitions.py ...      [ 12%]
2025-01-13T17:46:33.8342255Z tardis/plasma/equilibrium/tests/test_level_populations.py ....           [ 12%]
2025-01-13T17:46:45.6285051Z tardis/plasma/equilibrium/tests/test_rate_matrix.py .                    [ 12%]
2025-01-13T17:46:47.1380482Z tardis/plasma/tests/test_complete_plasmas.py .....................s..... [ 13%]
2025-01-13T17:46:50.5036381Z s....ssssss............s............ss.....s....ssssss............s..... [ 18%]
2025-01-13T17:46:52.3361991Z .......ss.....s....ssssss............s............ss.....s....ssssss.... [ 22%]
2025-01-13T17:46:55.3929937Z ........s............ss.....s........ss............s............ss.....s [ 26%]
2025-01-13T17:46:58.3629286Z ........ss............s............ss.....s....ssssss............s...... [ 30%]
2025-01-13T17:46:59.1209159Z ......ss.....s....ssssss............s............ss.....s.ss.ssssss..... [ 34%]
2025-01-13T17:47:02.0707711Z .......s............ss.....s....ssssss............s............ss.....s. [ 38%]
2025-01-13T17:47:05.3771358Z ...ssssss............s............ss.....s....ssssss............s....... [ 42%]
2025-01-13T17:47:08.5733159Z .....ss.....s....ssssss............s............s...........ssssss...... [ 46%]
2025-01-13T17:47:10.4699317Z ......s............s...........ssssss............s............s......... [ 50%]
2025-01-13T17:47:13.4865245Z ..ssssss............s............ss.....s....ssssss............s........ [ 54%]
2025-01-13T17:47:17.1364914Z ....ss.....s....ssssss..........................s.....s....ssss......... [ 58%]
2025-01-13T17:47:17.4819761Z ...................s.....s....ssss.......                                [ 60%]
2025-01-13T17:47:17.6100856Z tardis/plasma/tests/test_hdf_plasma.py ................................. [ 62%]
2025-01-13T17:47:17.6214339Z ......                                                                   [ 62%]
2025-01-13T17:47:17.7599349Z tardis/plasma/tests/test_nlte_excitation.py ...                          [ 62%]
2025-01-13T17:49:37.9028233Z tardis/plasma/tests/test_nlte_solver.py .....X                           [ 63%]
2025-01-13T17:49:37.9054686Z tardis/plasma/tests/test_plasma_continuum.py .                           [ 63%]
2025-01-13T17:50:02.0765124Z tardis/plasma/tests/test_plasma_vboundary.py .............               [ 63%]
2025-01-13T17:50:15.5617317Z tardis/plasma/tests/test_tardis_model_density_config.py ...              [ 64%]
2025-01-13T17:50:16.3062287Z tardis/simulation/tests/test_convergence.py .....                        [ 64%]
2025-01-13T17:50:25.0904155Z tardis/simulation/tests/test_simulation.py .............                 [ 65%]
2025-01-13T17:50:25.1092698Z tardis/spectrum/tests/test_cuda_formal_integral.py sssssssssssssssssssss [ 66%]
2025-01-13T17:50:25.5831580Z ssss...ssssssssssssssssssssss                                            [ 67%]
2025-01-13T17:50:25.5905040Z tardis/spectrum/tests/test_luminosity.py ....                            [ 68%]
2025-01-13T17:50:27.2344064Z tardis/spectrum/tests/test_numba_formal_integral.py .................... [ 69%]
2025-01-13T17:50:27.2541300Z ..........                                                               [ 69%]
2025-01-13T17:50:27.4332138Z tardis/spectrum/tests/test_spectrum.py ................................. [ 71%]
2025-01-13T17:50:27.4672480Z .........                                                                [ 72%]
2025-01-13T17:50:46.9297186Z tardis/spectrum/tests/test_spectrum_solver.py ....                       [ 72%]
2025-01-13T17:51:49.3051867Z tardis/tests/test_tardis_full.py ....                                    [ 72%]
2025-01-13T17:53:14.5218052Z tardis/tests/test_tardis_full_formal_integral.py ................        [ 73%]
2025-01-13T17:53:14.6014724Z tardis/tests/test_util.py .............................................  [ 75%]
2025-01-13T17:53:17.3077793Z tardis/transport/montecarlo/tests/test_base.py x.....................    [ 77%]
2025-01-13T17:53:24.9244588Z tardis/transport/montecarlo/tests/test_interaction.py .......            [ 77%]
2025-01-13T17:53:25.1378565Z tardis/transport/montecarlo/tests/test_macro_atom.py ....                [ 77%]
2025-01-13T17:53:25.1551664Z tardis/transport/montecarlo/tests/test_montecarlo.py sssssssssssssssssss [ 78%]
2025-01-13T17:53:25.1966175Z sssssssssssssssssssssssssssssssssssssssssssss                            [ 81%]
2025-01-13T17:53:34.0745748Z tardis/transport/montecarlo/tests/test_montecarlo_main_loop.py x..       [ 81%]
2025-01-13T17:53:34.0813612Z tardis/transport/montecarlo/tests/test_nonhomologous.py ...              [ 81%]
2025-01-13T17:53:39.9472155Z tardis/transport/montecarlo/tests/test_numba_interface.py .....x.        [ 82%]
2025-01-13T17:53:40.4513216Z tardis/transport/montecarlo/tests/test_opacities.py ...............      [ 82%]
2025-01-13T17:53:42.0085223Z tardis/transport/montecarlo/tests/test_packet.py .................xXXXXX [ 84%]
2025-01-13T17:53:42.1490970Z XX.........                                                              [ 84%]
2025-01-13T17:53:42.1772077Z tardis/transport/montecarlo/tests/test_packet_source.py ........         [ 85%]
2025-01-13T17:53:42.5176704Z tardis/transport/montecarlo/tests/test_rpacket_last_interaction_tracker.py . [ 85%]
2025-01-13T17:53:42.9424377Z .....                                                                    [ 85%]
2025-01-13T17:54:20.2110978Z tardis/transport/montecarlo/tests/test_rpacket_tracker.py ......         [ 85%]
2025-01-13T17:54:20.2399762Z tardis/transport/montecarlo/tests/test_single_packet_loop.py xxx         [ 86%]
2025-01-13T17:54:20.2431487Z tardis/transport/montecarlo/tests/test_tracker_utils.py ..               [ 86%]
2025-01-13T17:54:22.9561147Z tardis/transport/montecarlo/tests/test_vpacket.py ..x.                   [ 86%]
2025-01-13T17:54:22.9750950Z tardis/transport/montecarlo/tests/test_weighted_packet_source.py ....    [ 86%]
2025-01-13T17:54:26.6311770Z tardis/transport/montecarlo/tests/test_weighted_packet_source_integration.py . [ 86%]
2025-01-13T17:54:26.6313640Z                                                                          [ 86%]
2025-01-13T17:54:27.4638072Z tardis/transport/tests/test_doppler_factor.py ..................         [ 87%]
2025-01-13T17:54:28.9081316Z tardis/visualization/tools/tests/test_convergence_plot.py .............. [ 88%]
2025-01-13T17:54:31.2614743Z ......                                                                   [ 88%]
2025-01-13T17:54:36.1198874Z tardis/visualization/tools/tests/test_liv_plot.py ...................... [ 90%]
2025-01-13T17:54:39.4576120Z .............................                                            [ 91%]
2025-01-13T17:54:42.3743888Z tardis/visualization/tools/tests/test_rpacket_plot.py .................. [ 92%]
2025-01-13T17:54:49.5114711Z ....                                                                     [ 92%]
2025-01-13T17:54:55.8051623Z tardis/visualization/tools/tests/test_sdec_plot.py ..................... [ 94%]
2025-01-13T17:55:03.6980603Z ..............................                                           [ 95%]
2025-01-13T17:55:04.1495864Z tardis/visualization/widgets/tests/test_custom_abundance.py ........ss.. [ 96%]
2025-01-13T17:55:04.2332673Z ....                                                                     [ 96%]
2025-01-13T17:55:05.3473504Z tardis/visualization/widgets/tests/test_line_info.py ................... [ 97%]
2025-01-13T17:55:06.0166469Z ..................                                                       [ 98%]
2025-01-13T17:56:10.1702024Z tardis/visualization/widgets/tests/test_shell_info.py .................. [ 99%]
2025-01-13T17:56:17.6508993Z ......                                                                   [100%]
2025-01-13T17:56:17.6509424Z 
2025-01-13T17:56:17.6509840Z =================================== FAILURES ===================================
2025-01-13T17:56:17.6510855Z _____________________ test_calculate_sobolev_line_opacity ______________________
2025-01-13T17:56:17.6511363Z 
2025-01-13T17:56:17.6512127Z nb_simulation_verysimple = <tardis.simulation.base.Simulation object at 0x7f32e68d1b20>
2025-01-13T17:56:17.6513256Z regression_data = <tardis.tests.fixtures.regression_data.RegressionData object at 0x7f32e6865ac0>
2025-01-13T17:56:17.6513911Z 
2025-01-13T17:56:17.6514093Z     def test_calculate_sobolev_line_opacity(
2025-01-13T17:56:17.6514596Z         nb_simulation_verysimple, regression_data
2025-01-13T17:56:17.6515034Z     ):
2025-01-13T17:56:17.6515391Z         legacy_plasma = nb_simulation_verysimple.plasma
2025-01-13T17:56:17.6515866Z     
2025-01-13T17:56:17.6516228Z         actual = calculate_sobolev_line_opacity(
2025-01-13T17:56:17.6516673Z             legacy_plasma.lines,
2025-01-13T17:56:17.6517292Z             legacy_plasma.level_number_density,
2025-01-13T17:56:17.6517803Z             legacy_plasma.time_explosion,
2025-01-13T17:56:17.6518320Z             legacy_plasma.stimulated_emission_factor,
2025-01-13T17:56:17.6518744Z         )
2025-01-13T17:56:17.6519092Z >       expected = regression_data.sync_dataframe(actual)
2025-01-13T17:56:17.6519436Z 
2025-01-13T17:56:17.6519625Z tardis/opacities/tests/test_tau_sobolev.py:21: 
2025-01-13T17:56:17.6520127Z _ _ _ _ _ _ _ _ _ _ _ _ _ _ _ _ _ _ _ _ _ _ _ _ _ _ _ _ _ _ _ _ _ _ _ _ _ _ _ _ 
2025-01-13T17:56:17.6520740Z tardis/tests/fixtures/regression_data.py:88: in sync_dataframe
2025-01-13T17:56:17.6521320Z     return pd.read_hdf(self.fpath, key=key)
2025-01-13T17:56:17.6521833Z _ _ _ _ _ _ _ _ _ _ _ _ _ _ _ _ _ _ _ _ _ _ _ _ _ _ _ _ _ _ _ _ _ _ _ _ _ _ _ _ 
2025-01-13T17:56:17.6522214Z 
2025-01-13T17:56:17.6522898Z path_or_buf = '/home/runner/work/tardis/tardis/tardis-regression-data/test_tau_sobolev/test_calculate_sobolev_line_opacity.h5'
2025-01-13T17:56:17.6524053Z key = 'data', mode = 'r', errors = 'strict', where = None, start = None
2025-01-13T17:56:17.6524861Z stop = None, columns = None, iterator = False, chunksize = None, kwargs = {}
2025-01-13T17:56:17.6525462Z exists = False
2025-01-13T17:56:17.6525657Z 
2025-01-13T17:56:17.6525776Z     def read_hdf(
2025-01-13T17:56:17.6526110Z         path_or_buf: FilePath | HDFStore,
2025-01-13T17:56:17.6526505Z         key=None,
2025-01-13T17:56:17.6526786Z         mode: str = "r",
2025-01-13T17:56:17.6527306Z         errors: str = "strict",
2025-01-13T17:56:17.6527656Z         where: str | list | None = None,
2025-01-13T17:56:17.6528030Z         start: int | None = None,
2025-01-13T17:56:17.6528368Z         stop: int | None = None,
2025-01-13T17:56:17.6528725Z         columns: list[str] | None = None,
2025-01-13T17:56:17.6529121Z         iterator: bool = False,
2025-01-13T17:56:17.6529454Z         chunksize: int | None = None,
2025-01-13T17:56:17.6529811Z         **kwargs,
2025-01-13T17:56:17.6530069Z     ):
2025-01-13T17:56:17.6530314Z         """
2025-01-13T17:56:17.6530632Z         Read from the store, close it if we opened it.
2025-01-13T17:56:17.6531387Z     
2025-01-13T17:56:17.6531786Z         Retrieve pandas object stored in file, optionally based on where
2025-01-13T17:56:17.6532346Z         criteria.
2025-01-13T17:56:17.6532630Z     
2025-01-13T17:56:17.6540359Z         .. warning::
2025-01-13T17:56:17.6540726Z     
2025-01-13T17:56:17.6541181Z            Pandas uses PyTables for reading and writing HDF5 files, which allows
2025-01-13T17:56:17.6541955Z            serializing object-dtype data with pickle when using the "fixed" format.
2025-01-13T17:56:17.6542747Z            Loading pickled data received from untrusted sources can be unsafe.
2025-01-13T17:56:17.6543335Z     
2025-01-13T17:56:17.6544107Z            See: https://docs.python.org/3/library/pickle.html for more.
2025-01-13T17:56:17.6544639Z     
2025-01-13T17:56:17.6544922Z         Parameters
2025-01-13T17:56:17.6545260Z         ----------
2025-01-13T17:56:17.6545657Z         path_or_buf : str, path object, pandas.HDFStore
2025-01-13T17:56:17.6546343Z             Any valid string path is acceptable. Only supports the local file system,
2025-01-13T17:56:17.6547213Z             remote URLs and file-like objects are not supported.
2025-01-13T17:56:17.6547646Z     
2025-01-13T17:56:17.6547977Z             If you want to pass in a path object, pandas accepts any
2025-01-13T17:56:17.6548401Z             ``os.PathLike``.
2025-01-13T17:56:17.6548695Z     
2025-01-13T17:56:17.6549087Z             Alternatively, pandas accepts an open :class:`pandas.HDFStore` object.
2025-01-13T17:56:17.6549647Z     
2025-01-13T17:56:17.6549975Z         key : object, optional
2025-01-13T17:56:17.6550552Z             The group identifier in the store. Can be omitted if the HDF file
2025-01-13T17:56:17.6551222Z             contains a single pandas object.
2025-01-13T17:56:17.6551744Z         mode : {'r', 'r+', 'a'}, default 'r'
2025-01-13T17:56:17.6552360Z             Mode to use when opening the file. Ignored if path_or_buf is a
2025-01-13T17:56:17.6553037Z             :class:`pandas.HDFStore`. Default is 'r'.
2025-01-13T17:56:17.6553562Z         errors : str, default 'strict'
2025-01-13T17:56:17.6554175Z             Specifies how encoding and decoding errors are to be handled.
2025-01-13T17:56:17.6554898Z             See the errors argument for :func:`open` for a full list
2025-01-13T17:56:17.6555457Z             of options.
2025-01-13T17:56:17.6555837Z         where : list, optional
2025-01-13T17:56:17.6556309Z             A list of Term (or convertible) objects.
2025-01-13T17:56:17.6556782Z         start : int, optional
2025-01-13T17:56:17.6557380Z             Row number to start selection.
2025-01-13T17:56:17.6557822Z         stop  : int, optional
2025-01-13T17:56:17.6558243Z             Row number to stop selection.
2025-01-13T17:56:17.6558701Z         columns : list, optional
2025-01-13T17:56:17.6559159Z             A list of columns names to return.
2025-01-13T17:56:17.6559613Z         iterator : bool, optional
2025-01-13T17:56:17.6560041Z             Return an iterator object.
2025-01-13T17:56:17.6560480Z         chunksize : int, optional
2025-01-13T17:56:17.6561010Z             Number of rows to include in an iteration when using an iterator.
2025-01-13T17:56:17.6561560Z         **kwargs
2025-01-13T17:56:17.6561962Z             Additional keyword arguments passed to HDFStore.
2025-01-13T17:56:17.6562450Z     
2025-01-13T17:56:17.6562733Z         Returns
2025-01-13T17:56:17.6563049Z         -------
2025-01-13T17:56:17.6563354Z         object
2025-01-13T17:56:17.6563809Z             The selected object. Return type depends on the object stored.
2025-01-13T17:56:17.6564379Z     
2025-01-13T17:56:17.6564657Z         See Also
2025-01-13T17:56:17.6564985Z         --------
2025-01-13T17:56:17.6565394Z         DataFrame.to_hdf : Write a HDF file from a DataFrame.
2025-01-13T17:56:17.6565934Z         HDFStore : Low-level access to HDF files.
2025-01-13T17:56:17.6566369Z     
2025-01-13T17:56:17.6566645Z         Examples
2025-01-13T17:56:17.6567138Z         --------
2025-01-13T17:56:17.6567863Z         >>> df = pd.DataFrame([[1, 1.0, 'a']], columns=['x', 'y', 'z'])  # doctest: +SKIP
2025-01-13T17:56:17.6568519Z         >>> df.to_hdf('./store.h5', 'data')  # doctest: +SKIP
2025-01-13T17:56:17.6569081Z         >>> reread = pd.read_hdf('./store.h5')  # doctest: +SKIP
2025-01-13T17:56:17.6569559Z         """
2025-01-13T17:56:17.6569877Z         if mode not in ["r", "r+", "a"]:
2025-01-13T17:56:17.6570334Z             raise ValueError(
2025-01-13T17:56:17.6570847Z                 f"mode {mode} is not allowed while performing a read. "
2025-01-13T17:56:17.6571407Z                 f"Allowed modes are r, r+ and a."
2025-01-13T17:56:17.6571833Z             )
2025-01-13T17:56:17.6572350Z         # grab the scope
2025-01-13T17:56:17.6572726Z         if where is not None:
2025-01-13T17:56:17.6573166Z             where = _ensure_term(where, scope_level=1)
2025-01-13T17:56:17.6573616Z     
2025-01-13T17:56:17.6573951Z         if isinstance(path_or_buf, HDFStore):
2025-01-13T17:56:17.6574456Z             if not path_or_buf.is_open:
2025-01-13T17:56:17.6575037Z                 raise OSError("The HDFStore must be open for reading.")
2025-01-13T17:56:17.6575579Z     
2025-01-13T17:56:17.6575885Z             store = path_or_buf
2025-01-13T17:56:17.6576280Z             auto_close = False
2025-01-13T17:56:17.6576649Z         else:
2025-01-13T17:56:17.6577240Z             path_or_buf = stringify_path(path_or_buf)
2025-01-13T17:56:17.6577695Z             if not isinstance(path_or_buf, str):
2025-01-13T17:56:17.6578119Z                 raise NotImplementedError(
2025-01-13T17:56:17.6578629Z                     "Support for generic buffers has not been implemented."
2025-01-13T17:56:17.6579105Z                 )
2025-01-13T17:56:17.6579395Z             try:
2025-01-13T17:56:17.6579771Z                 exists = os.path.exists(path_or_buf)
2025-01-13T17:56:17.6580208Z     
2025-01-13T17:56:17.6580493Z             # if filepath is too long
2025-01-13T17:56:17.6580958Z             except (TypeError, ValueError):
2025-01-13T17:56:17.6581390Z                 exists = False
2025-01-13T17:56:17.6581729Z     
2025-01-13T17:56:17.6582002Z             if not exists:
2025-01-13T17:56:17.6582494Z >               raise FileNotFoundError(f"File {path_or_buf} does not exist")
2025-01-13T17:56:17.6583713Z E               FileNotFoundError: File /home/runner/work/tardis/tardis/tardis-regression-data/test_tau_sobolev/test_calculate_sobolev_line_opacity.h5 does not exist
2025-01-13T17:56:17.6584654Z 
2025-01-13T17:56:17.6585158Z ../../../micromamba/envs/tardis/lib/python3.12/site-packages/pandas/io/pytables.py:424: FileNotFoundError
2025-01-13T17:56:17.6586070Z ---------------------------- Captured stdout setup -----------------------------
2025-01-13T17:56:17.6587311Z [[1mtardis.io.model.parse_density_configuration[0m][[1;33mWARNING[0m]  
2025-01-13T17:56:17.6588621Z 	Number of density points larger than number of shells. Assuming inner point irrelevant ([1mparse_density_configuration.py[0m:114)
2025-01-13T17:56:17.6589644Z ---------------------------- Captured stderr setup -----------------------------
2025-01-13T17:56:17.6590060Z 
2025-01-13T17:56:17.6590068Z 
2025-01-13T17:56:17.6590468Z Packets:                                                                                   4020/? [00:12<00:00, 32738.00it/s][A
2025-01-13T17:56:17.6590853Z 
2025-01-13T17:56:17.6591246Z Packets:                                                                                   4021/? [00:12<00:00, 243.05it/s]  [A
2025-01-13T17:56:17.6592178Z Iterations:â–ˆâ–ˆâ–ˆâ–ˆâ–ˆâ–ˆâ–ˆâ–ˆâ–ˆâ–ˆâ–ˆâ–ˆâ–ˆâ–ˆâ–ˆâ–ˆâ–ˆâ–ˆâ–ˆâ–ˆâ–ˆâ–ˆâ–ˆâ–ˆâ–ˆâ–ˆâ–ˆâ–ˆâ–ˆâ–ˆâ–ˆâ–ˆâ–ˆâ–ˆâ–ˆâ–ˆâ–ˆâ–ˆâ–ˆâ–ˆâ–ˆâ–ˆâ–ˆâ–ˆâ–ˆâ–ˆâ–ˆâ–ˆâ–ˆâ–ˆâ–ˆâ–ˆâ–ˆâ–ˆâ–ˆâ–ˆâ–ˆâ–ˆâ–ˆâ–ˆâ–ˆâ–ˆâ–ˆâ–ˆ                4/5 [00:12<00:02,  2.82s/it]
2025-01-13T17:56:17.6592669Z 
2025-01-13T17:56:17.6593061Z Packets:                                                                                   4030/? [00:12<00:00, 243.05it/s][A
2025-01-13T17:56:17.6593695Z ------------------------------ Captured log setup ------------------------------
2025-01-13T17:56:17.6594896Z WARNING  tardis.io.model.parse_density_configuration:parse_density_configuration.py:114 Number of density points larger than number of shells. Assuming inner point irrelevant
2025-01-13T17:56:17.6596375Z _________________________ test_calculate_beta_sobolevs _________________________
2025-01-13T17:56:17.6597026Z 
2025-01-13T17:56:17.6597448Z nb_simulation_verysimple = <tardis.simulation.base.Simulation object at 0x7f32e68d1b20>
2025-01-13T17:56:17.6598407Z regression_data = <tardis.tests.fixtures.regression_data.RegressionData object at 0x7f3312bae570>
2025-01-13T17:56:17.6598989Z 
2025-01-13T17:56:17.6599298Z     def test_calculate_beta_sobolevs(nb_simulation_verysimple, regression_data):
2025-01-13T17:56:17.6599927Z         legacy_plasma = nb_simulation_verysimple.plasma
2025-01-13T17:56:17.6600552Z     
2025-01-13T17:56:17.6600862Z         tau_sobolevs = calculate_sobolev_line_opacity(
2025-01-13T17:56:17.6601305Z             legacy_plasma.lines,
2025-01-13T17:56:17.6601674Z             legacy_plasma.level_number_density,
2025-01-13T17:56:17.6602101Z             legacy_plasma.time_explosion,
2025-01-13T17:56:17.6602530Z             legacy_plasma.stimulated_emission_factor,
2025-01-13T17:56:17.6602933Z         )
2025-01-13T17:56:17.6603241Z         actual = calculate_beta_sobolev(tau_sobolevs)
2025-01-13T17:56:17.6603726Z >       expected = regression_data.sync_ndarray(actual)
2025-01-13T17:56:17.6604039Z 
2025-01-13T17:56:17.6604210Z tardis/opacities/tests/test_tau_sobolev.py:35: 
2025-01-13T17:56:17.6604674Z _ _ _ _ _ _ _ _ _ _ _ _ _ _ _ _ _ _ _ _ _ _ _ _ _ _ _ _ _ _ _ _ _ _ _ _ _ _ _ _ 
2025-01-13T17:56:17.6605209Z tardis/tests/fixtures/regression_data.py:111: in sync_ndarray
2025-01-13T17:56:17.6605710Z     return np.load(self.fpath)
2025-01-13T17:56:17.6606103Z _ _ _ _ _ _ _ _ _ _ _ _ _ _ _ _ _ _ _ _ _ _ _ _ _ _ _ _ _ _ _ _ _ _ _ _ _ _ _ _ 
2025-01-13T17:56:17.6606409Z 
2025-01-13T17:56:17.6607307Z file = PosixPath('/home/runner/work/tardis/tardis/tardis-regression-data/test_tau_sobolev/test_calculate_beta_sobolevs.npy')
2025-01-13T17:56:17.6608343Z mmap_mode = None, allow_pickle = False, fix_imports = True, encoding = 'ASCII'
2025-01-13T17:56:17.6608773Z 
2025-01-13T17:56:17.6608895Z     @set_module('numpy')
2025-01-13T17:56:17.6609342Z     def load(file, mmap_mode=None, allow_pickle=False, fix_imports=True,
2025-01-13T17:56:17.6609957Z              encoding='ASCII', *, max_header_size=format._MAX_HEADER_SIZE):
2025-01-13T17:56:17.6610429Z         """
2025-01-13T17:56:17.6610840Z         Load arrays or pickled objects from ``.npy``, ``.npz`` or pickled files.
2025-01-13T17:56:17.6611353Z     
2025-01-13T17:56:17.6611781Z         .. warning:: Loading files that contain object arrays uses the ``pickle``
2025-01-13T17:56:17.6612416Z                      module, which is not secure against erroneous or maliciously
2025-01-13T17:56:17.6613040Z                      constructed data. Consider passing ``allow_pickle=False`` to
2025-01-13T17:56:17.6613633Z                      load data that is known not to contain object arrays for the
2025-01-13T17:56:17.6614147Z                      safer handling of untrusted sources.
2025-01-13T17:56:17.6614536Z     
2025-01-13T17:56:17.6614796Z         Parameters
2025-01-13T17:56:17.6615080Z         ----------
2025-01-13T17:56:17.6615430Z         file : file-like object, string, or pathlib.Path
2025-01-13T17:56:17.6615933Z             The file to read. File-like objects must support the
2025-01-13T17:56:17.6616488Z             ``seek()`` and ``read()`` methods and must always
2025-01-13T17:56:17.6617147Z             be opened in binary mode.  Pickled files require that the
2025-01-13T17:56:17.6617718Z             file-like object support the ``readline()`` method as well.
2025-01-13T17:56:17.6618243Z         mmap_mode : {None, 'r+', 'r', 'w+', 'c'}, optional
2025-01-13T17:56:17.6618782Z             If not None, then memory-map the file, using the given mode (see
2025-01-13T17:56:17.6619360Z             `numpy.memmap` for a detailed description of the modes).  A
2025-01-13T17:56:17.6619953Z             memory-mapped array is kept on disk. However, it can be accessed
2025-01-13T17:56:17.6620757Z             and sliced like any ndarray.  Memory mapping is especially useful
2025-01-13T17:56:17.6621389Z             for accessing small fragments of large files without reading the
2025-01-13T17:56:17.6621900Z             entire file into memory.
2025-01-13T17:56:17.6622276Z         allow_pickle : bool, optional
2025-01-13T17:56:17.6622781Z             Allow loading pickled object arrays stored in npy files. Reasons for
2025-01-13T17:56:17.6623422Z             disallowing pickles include security, as loading pickled data can
2025-01-13T17:56:17.6624060Z             execute arbitrary code. If pickles are disallowed, loading object
2025-01-13T17:56:17.6624802Z             arrays will fail. Default: False
2025-01-13T17:56:17.6625181Z     
2025-01-13T17:56:17.6625462Z             .. versionchanged:: 1.16.3
2025-01-13T17:56:17.6625899Z                 Made default False in response to CVE-2019-6446.
2025-01-13T17:56:17.6626314Z     
2025-01-13T17:56:17.6626588Z         fix_imports : bool, optional
2025-01-13T17:56:17.6627316Z             Only useful when loading Python 2 generated pickled files on Python 3,
2025-01-13T17:56:17.6628051Z             which includes npy/npz files containing object arrays. If `fix_imports`
2025-01-13T17:56:17.6628744Z             is True, pickle will try to map the old Python 2 names to the new names
2025-01-13T17:56:17.6629263Z             used in Python 3.
2025-01-13T17:56:17.6629614Z         encoding : str, optional
2025-01-13T17:56:17.6630118Z             What encoding to use when reading Python 2 strings. Only useful when
2025-01-13T17:56:17.6630793Z             loading Python 2 generated pickled files in Python 3, which includes
2025-01-13T17:56:17.6631492Z             npy/npz files containing object arrays. Values other than 'latin1',
2025-01-13T17:56:17.6632135Z             'ASCII', and 'bytes' are not allowed, as they can corrupt numerical
2025-01-13T17:56:17.6632633Z             data. Default: 'ASCII'
2025-01-13T17:56:17.6633018Z         max_header_size : int, optional
2025-01-13T17:56:17.6633525Z             Maximum allowed size of the header.  Large headers may not be safe
2025-01-13T17:56:17.6634185Z             to load securely and thus require explicitly passing a larger value.
2025-01-13T17:56:17.6634752Z             See :py:func:`ast.literal_eval()` for details.
2025-01-13T17:56:17.6635300Z             This option is ignored when `allow_pickle` is passed.  In that case
2025-01-13T17:56:17.6635903Z             the file is by definition trusted and the limit is unnecessary.
2025-01-13T17:56:17.6636364Z     
2025-01-13T17:56:17.6636613Z         Returns
2025-01-13T17:56:17.6637025Z         -------
2025-01-13T17:56:17.6637337Z         result : array, tuple, dict, etc.
2025-01-13T17:56:17.6637849Z             Data stored in the file. For ``.npz`` files, the returned instance
2025-01-13T17:56:17.6638451Z             of NpzFile class must be closed to avoid leaking file descriptors.
2025-01-13T17:56:17.6638958Z     
2025-01-13T17:56:17.6639211Z         Raises
2025-01-13T17:56:17.6639473Z         ------
2025-01-13T17:56:17.6639726Z         OSError
2025-01-13T17:56:17.6640055Z             If the input file does not exist or cannot be read.
2025-01-13T17:56:17.6640480Z         UnpicklingError
2025-01-13T17:56:17.6640905Z             If ``allow_pickle=True``, but the file cannot be loaded as a pickle.
2025-01-13T17:56:17.6641396Z         ValueError
2025-01-13T17:56:17.6641799Z             The file contains an object array, but ``allow_pickle=False`` given.
2025-01-13T17:56:17.6642276Z         EOFError
2025-01-13T17:56:17.6642660Z             When calling ``np.load`` multiple times on the same file handle,
2025-01-13T17:56:17.6643161Z             if all data has already been read
2025-01-13T17:56:17.6643525Z     
2025-01-13T17:56:17.6643764Z         See Also
2025-01-13T17:56:17.6644042Z         --------
2025-01-13T17:56:17.6644355Z         save, savez, savez_compressed, loadtxt
2025-01-13T17:56:17.6644901Z         memmap : Create a memory-map to an array stored in a file on disk.
2025-01-13T17:56:17.6645736Z         lib.format.open_memmap : Create or load a memory-mapped ``.npy`` file.
2025-01-13T17:56:17.6646249Z     
2025-01-13T17:56:17.6646490Z         Notes
2025-01-13T17:56:17.6646746Z         -----
2025-01-13T17:56:17.6647336Z         - If the file contains pickle data, then whatever object is stored
2025-01-13T17:56:17.6647826Z           in the pickle is returned.
2025-01-13T17:56:17.6648292Z         - If the file is a ``.npy`` file, then a single array is returned.
2025-01-13T17:56:17.6648844Z         - If the file is a ``.npz`` file, then a dictionary-like object is
2025-01-13T17:56:17.6649465Z           returned, containing ``{filename: array}`` key-value pairs, one for
2025-01-13T17:56:17.6650163Z           each file in the archive.
2025-01-13T17:56:17.6650601Z         - If the file is a ``.npz`` file, the returned value supports the
2025-01-13T17:56:17.6651238Z           context manager protocol in a similar fashion to the open function::
2025-01-13T17:56:17.6651783Z     
2025-01-13T17:56:17.6652052Z             with load('foo.npz') as data:
2025-01-13T17:56:17.6652488Z                 a = data['a']
2025-01-13T17:56:17.6652809Z     
2025-01-13T17:56:17.6653186Z           The underlying file descriptor is closed when exiting the 'with'
2025-01-13T17:56:17.6653685Z           block.
2025-01-13T17:56:17.6653946Z     
2025-01-13T17:56:17.6654183Z         Examples
2025-01-13T17:56:17.6654460Z         --------
2025-01-13T17:56:17.6654779Z         Store data to disk, and load it again:
2025-01-13T17:56:17.6655157Z     
2025-01-13T17:56:17.6655460Z         >>> np.save('/tmp/123', np.array([[1, 2, 3], [4, 5, 6]]))
2025-01-13T17:56:17.6655913Z         >>> np.load('/tmp/123.npy')
2025-01-13T17:56:17.6656270Z         array([[1, 2, 3],
2025-01-13T17:56:17.6656584Z                [4, 5, 6]])
2025-01-13T17:56:17.6657028Z     
2025-01-13T17:56:17.6657354Z         Store compressed data to disk, and load it again:
2025-01-13T17:56:17.6657785Z     
2025-01-13T17:56:17.6658045Z         >>> a=np.array([[1, 2, 3], [4, 5, 6]])
2025-01-13T17:56:17.6658429Z         >>> b=np.array([1, 2])
2025-01-13T17:56:17.6658781Z         >>> np.savez('/tmp/123.npz', a=a, b=b)
2025-01-13T17:56:17.6659186Z         >>> data = np.load('/tmp/123.npz')
2025-01-13T17:56:17.6659555Z         >>> data['a']
2025-01-13T17:56:17.6659851Z         array([[1, 2, 3],
2025-01-13T17:56:17.6660148Z                [4, 5, 6]])
2025-01-13T17:56:17.6660443Z         >>> data['b']
2025-01-13T17:56:17.6660734Z         array([1, 2])
2025-01-13T17:56:17.6661024Z         >>> data.close()
2025-01-13T17:56:17.6661324Z     
2025-01-13T17:56:17.6661670Z         Mem-map the stored array, and then access the second row
2025-01-13T17:56:17.6662147Z         directly from disk:
2025-01-13T17:56:17.6662462Z     
2025-01-13T17:56:17.6662753Z         >>> X = np.load('/tmp/123.npy', mmap_mode='r')
2025-01-13T17:56:17.6663145Z         >>> X[1, :]
2025-01-13T17:56:17.6663425Z         memmap([4, 5, 6])
2025-01-13T17:56:17.6663738Z     
2025-01-13T17:56:17.6663970Z         """
2025-01-13T17:56:17.6664278Z         if encoding not in ('ASCII', 'latin1', 'bytes'):
2025-01-13T17:56:17.6664776Z             # The 'encoding' value for pickle also affects what encoding
2025-01-13T17:56:17.6665304Z             # the serialized binary data of NumPy arrays is loaded
2025-01-13T17:56:17.6665816Z             # in. Pickle does not pass on the encoding information to
2025-01-13T17:56:17.6666340Z             # NumPy. The unpickling code in numpy.core.multiarray is
2025-01-13T17:56:17.6667028Z             # written to assume that unicode data appearing where binary
2025-01-13T17:56:17.6667592Z             # should be is in 'latin1'. 'bytes' is also safe, as is 'ASCII'.
2025-01-13T17:56:17.6668051Z             #
2025-01-13T17:56:17.6668401Z             # Other encoding values can corrupt binary data, and we
2025-01-13T17:56:17.6668991Z             # purposefully disallow them. For the same reason, the errors=
2025-01-13T17:56:17.6669852Z             # argument is not exposed, as values other than 'strict'
2025-01-13T17:56:17.6670386Z             # result can similarly silently corrupt numerical data.
2025-01-13T17:56:17.6670973Z             raise ValueError("encoding must be 'ASCII', 'latin1', or 'bytes'")
2025-01-13T17:56:17.6671474Z     
2025-01-13T17:56:17.6671842Z         pickle_kwargs = dict(encoding=encoding, fix_imports=fix_imports)
2025-01-13T17:56:17.6672317Z     
2025-01-13T17:56:17.6672598Z         with contextlib.ExitStack() as stack:
2025-01-13T17:56:17.6673014Z             if hasattr(file, 'read'):
2025-01-13T17:56:17.6673374Z                 fid = file
2025-01-13T17:56:17.6673699Z                 own_fid = False
2025-01-13T17:56:17.6674189Z             else:
2025-01-13T17:56:17.6674562Z >               fid = stack.enter_context(open(os_fspath(file), "rb"))
2025-01-13T17:56:17.6675657Z E               FileNotFoundError: [Errno 2] No such file or directory: '/home/runner/work/tardis/tardis/tardis-regression-data/test_tau_sobolev/test_calculate_beta_sobolevs.npy'
2025-01-13T17:56:17.6676603Z 
2025-01-13T17:56:17.6677186Z ../../../micromamba/envs/tardis/lib/python3.12/site-packages/numpy/lib/npyio.py:427: FileNotFoundError
2025-01-13T17:56:17.6678061Z =============================== warnings summary ===============================
2025-01-13T17:56:17.6678567Z tardis/io/configuration/config_validator.py:6
2025-01-13T17:56:17.6679019Z tardis/io/configuration/config_validator.py:6
2025-01-13T17:56:17.6679811Z   /home/runner/work/tardis/tardis/tardis/io/configuration/config_validator.py:6: DeprecationWarning:
2025-01-13T17:56:17.6680524Z   
2025-01-13T17:56:17.6682622Z   jsonschema.RefResolver is deprecated as of v4.18.0, in favor of the https://github.com/python-jsonschema/referencing library, which provides more compliant referencing behavior as well as more flexible APIs for customization. A future release will remove RefResolver. Please file a feature request (on referencing) if you are missing an API for the kind of customization you need.
2025-01-13T17:56:17.6684661Z 
2025-01-13T17:56:17.6685042Z ../../../micromamba/envs/tardis/lib/python3.12/site-packages/jupyter_client/connect.py:22
2025-01-13T17:56:17.6686105Z   /home/runner/micromamba/envs/tardis/lib/python3.12/site-packages/jupyter_client/connect.py:22: DeprecationWarning:
2025-01-13T17:56:17.6687140Z   
2025-01-13T17:56:17.6687523Z   Jupyter is migrating its paths to use standard platformdirs
2025-01-13T17:56:17.6687927Z   given by the platformdirs library.  To remove this warning and
2025-01-13T17:56:17.6688334Z   see the appropriate new directories, set the environment variable
2025-01-13T17:56:17.6688740Z   `JUPYTER_PLATFORM_DIRS=1` and then run `jupyter --paths`.
2025-01-13T17:56:17.6689157Z   The use of platformdirs will be the default in `jupyter_core` v6
2025-01-13T17:56:17.6689405Z 
2025-01-13T17:56:17.6689575Z tardis/io/tests/test_HDFWriter.py::test_multi_index_write
2025-01-13T17:56:17.6690067Z tardis/visualization/widgets/tests/test_shell_info.py::TestHDFShellInfo::test_shells_data
2025-01-13T17:56:17.6690634Z   /home/runner/work/tardis/tardis/tardis/io/util.py:276: PerformanceWarning:
2025-01-13T17:56:17.6691003Z   
2025-01-13T17:56:17.6691163Z   
2025-01-13T17:56:17.6691456Z   your performance may suffer as PyTables will pickle object types that it cannot
2025-01-13T17:56:17.6692003Z   map directly to c-types [inferred_type->mixed,key->block0_values] [items->Index([0], dtype='int64')]
2025-01-13T17:56:17.6692356Z 
2025-01-13T17:56:17.6692555Z tardis/io/tests/test_model_reader.py::test_read_cmfgen_isotope_abundances
2025-01-13T17:56:17.6693051Z tardis/plasma/tests/test_tardis_model_density_config.py::test_electron_densities
2025-01-13T17:56:17.6693599Z tardis/plasma/tests/test_tardis_model_density_config.py::test_isotope_number_densities
2025-01-13T17:56:17.6694117Z tardis/plasma/tests/test_tardis_model_density_config.py::test_t_rad
2025-01-13T17:56:17.6694698Z   /home/runner/work/tardis/tardis/tardis/io/model/readers/cmfgen_deprecated.py:82: DeprecationWarning:
2025-01-13T17:56:17.6695334Z   
2025-01-13T17:56:17.6695544Z   The current CMFGEN model parser is deprecated
2025-01-13T17:56:17.6695747Z 
2025-01-13T17:56:17.6695865Z tardis/io/tests/test_model_reader.py: 1 warning
2025-01-13T17:56:17.6696240Z tardis/plasma/tests/test_tardis_model_density_config.py: 9 warnings
2025-01-13T17:56:17.6696981Z   /home/runner/work/tardis/tardis/tardis/io/model/readers/cmfgen_deprecated.py:40: DeprecationWarning:
2025-01-13T17:56:17.6697522Z   
2025-01-13T17:56:17.6697725Z   The current CMFGEN model parser is deprecated
2025-01-13T17:56:17.6697913Z 
2025-01-13T17:56:17.6698137Z tardis/model/tests/test_base.py::TestModelFromPaper1Config::test_abundances
2025-01-13T17:56:17.6698808Z   /home/runner/work/tardis/tardis/tardis/transport/montecarlo/montecarlo_main_loop.py:123: NumbaTypeSafetyWarning:
2025-01-13T17:56:17.6699472Z   
2025-01-13T17:56:17.6699956Z   [1m[1m[1munsafe cast from uint64 to int64. Precision may be lost.[0m[0m[0m
2025-01-13T17:56:17.6700230Z 
2025-01-13T17:56:17.6700339Z tardis/model/tests/test_base.py: 6 warnings
2025-01-13T17:56:17.6700645Z tardis/model/tests/test_csvy_model.py: 2 warnings
2025-01-13T17:56:17.6701027Z tardis/plasma/tests/test_tardis_model_density_config.py: 3 warnings
2025-01-13T17:56:17.6701556Z   /home/runner/work/tardis/tardis/tardis/model/geometry/radial1d.py:50: DeprecationWarning:
2025-01-13T17:56:17.6701985Z   
2025-01-13T17:56:17.6702182Z   v_inner_boundary < 0, assuming default value
2025-01-13T17:56:17.6702374Z 
2025-01-13T17:56:17.6702476Z tardis/model/tests/test_base.py: 6 warnings
2025-01-13T17:56:17.6702774Z tardis/model/tests/test_csvy_model.py: 2 warnings
2025-01-13T17:56:17.6703145Z tardis/plasma/tests/test_tardis_model_density_config.py: 3 warnings
2025-01-13T17:56:17.6703680Z   /home/runner/work/tardis/tardis/tardis/model/geometry/radial1d.py:61: DeprecationWarning:
2025-01-13T17:56:17.6704106Z   
2025-01-13T17:56:17.6704299Z   v_outer_boundary < 0, assuming default value
2025-01-13T17:56:17.6704484Z 
2025-01-13T17:56:17.6704958Z tardis/plasma/equilibrium/tests/test_level_populations.py::TestLevelPopulationSolver::test_solve[collisional_rate_solver0-radiative_transitions0]
2025-01-13T17:56:17.6705812Z   /home/runner/work/tardis/tardis/tardis/plasma/equilibrium/level_populations.py:65: FutureWarning:
2025-01-13T17:56:17.6706271Z   
2025-01-13T17:56:17.6706643Z   A value is trying to be set on a copy of a DataFrame or Series through chained assignment using an inplace method.
2025-01-13T17:56:17.6707592Z   The behavior will change in pandas 3.0. This inplace method will never work because the intermediate object on which we are setting values always behaves as a copy.
2025-01-13T17:56:17.6708196Z   
2025-01-13T17:56:17.6708824Z   For example, when doing 'df[col].method(value, inplace=True)', try using 'df.method({col: value}, inplace=True)' or df[col] = df[col].method(value) instead, to perform the operation inplace on the original object.
2025-01-13T17:56:17.6709448Z 
2025-01-13T17:56:17.6709616Z tardis/plasma/tests/test_complete_plasmas.py: 20 warnings
2025-01-13T17:56:17.6710143Z   /home/runner/work/tardis/tardis/tardis/plasma/tests/test_complete_plasmas.py:197: UserWarning:
2025-01-13T17:56:17.6710587Z   
2025-01-13T17:56:17.6710767Z   Property "atomic_mass" not found
2025-01-13T17:56:17.6710936Z 
2025-01-13T17:56:17.6711370Z tardis/plasma/tests/test_complete_plasmas.py::TestPlasma::test_plasma_properties[radiative_rates_type:detailed-w_epsilon:1e-10-j_blues_norm_factor]
2025-01-13T17:56:17.6712271Z tardis/plasma/tests/test_complete_plasmas.py::TestPlasma::test_plasma_properties[radiative_rates_type:detailed-j_blues_norm_factor]
2025-01-13T17:56:17.6713013Z   /home/runner/work/tardis/tardis/tardis/plasma/tests/test_complete_plasmas.py:197: UserWarning:
2025-01-13T17:56:17.6713456Z   
2025-01-13T17:56:17.6713646Z   Property "j_blues_norm_factor" not found
2025-01-13T17:56:17.6713827Z 
2025-01-13T17:56:17.6714250Z tardis/plasma/tests/test_complete_plasmas.py::TestPlasma::test_plasma_properties[radiative_rates_type:detailed-w_epsilon:1e-10-j_blue_estimator]
2025-01-13T17:56:17.6715268Z tardis/plasma/tests/test_complete_plasmas.py::TestPlasma::test_plasma_properties[radiative_rates_type:detailed-j_blue_estimator]
2025-01-13T17:56:17.6716000Z   /home/runner/work/tardis/tardis/tardis/plasma/tests/test_complete_plasmas.py:197: UserWarning:
2025-01-13T17:56:17.6716467Z   
2025-01-13T17:56:17.6716650Z   Property "j_blue_estimator" not found
2025-01-13T17:56:17.6716924Z 
2025-01-13T17:56:17.6717311Z tardis/plasma/tests/test_complete_plasmas.py::TestPlasma::test_plasma_properties[radiative_rates_type:detailed-w_epsilon:1e-10-volume]
2025-01-13T17:56:17.6718115Z tardis/plasma/tests/test_complete_plasmas.py::TestPlasma::test_plasma_properties[radiative_rates_type:detailed-volume]
2025-01-13T17:56:17.6718930Z   /home/runner/work/tardis/tardis/tardis/plasma/tests/test_complete_plasmas.py:197: UserWarning:
2025-01-13T17:56:17.6719368Z   
2025-01-13T17:56:17.6719543Z   Property "volume" not found
2025-01-13T17:56:17.6719698Z 
2025-01-13T17:56:17.6720103Z tardis/plasma/tests/test_complete_plasmas.py::TestPlasma::test_plasma_properties[radiative_rates_type:detailed-w_epsilon:1e-10-r_inner]
2025-01-13T17:56:17.6720923Z tardis/plasma/tests/test_complete_plasmas.py::TestPlasma::test_plasma_properties[radiative_rates_type:detailed-r_inner]
2025-01-13T17:56:17.6721627Z   /home/runner/work/tardis/tardis/tardis/plasma/tests/test_complete_plasmas.py:197: UserWarning:
2025-01-13T17:56:17.6722066Z   
2025-01-13T17:56:17.6722242Z   Property "r_inner" not found
2025-01-13T17:56:17.6722398Z 
2025-01-13T17:56:17.6722618Z tardis/plasma/tests/test_plasma_vboundary.py::test_plasma_vboundary[2900-3750]
2025-01-13T17:56:17.6723125Z tardis/plasma/tests/test_plasma_vboundary.py::test_plasma_vboundary[2900-3850]
2025-01-13T17:56:17.6723626Z tardis/plasma/tests/test_plasma_vboundary.py::test_plasma_vboundary[2900-3900]
2025-01-13T17:56:17.6724155Z   /home/runner/work/tardis/tardis/tardis/model/geometry/radial1d.py:71: UserWarning:
2025-01-13T17:56:17.6724555Z   
2025-01-13T17:56:17.6724843Z   Requesting inner boundary below inner shell. Extrapolating the inner cell
2025-01-13T17:56:17.6725127Z 
2025-01-13T17:56:17.6725340Z tardis/spectrum/tests/test_spectrum_solver.py::TestSpectrumSolver::test_solve
2025-01-13T17:56:17.6725840Z   /home/runner/work/tardis/tardis/tardis/spectrum/base.py:70: UserWarning:
2025-01-13T17:56:17.6726195Z   
2025-01-13T17:56:17.6726615Z   SpectrumSolver.spectrum_virtual_packets is zero. Please run the montecarlo simulation with no_of_virtual_packets > 0
2025-01-13T17:56:17.6727164Z 
2025-01-13T17:56:17.6727383Z tardis/spectrum/tests/test_spectrum_solver.py::TestSpectrumSolver::test_solve
2025-01-13T17:56:17.6727883Z   /home/runner/work/tardis/tardis/tardis/spectrum/base.py:111: UserWarning:
2025-01-13T17:56:17.6728241Z   
2025-01-13T17:56:17.6728680Z   SpectrumSolver.integrator: The FormalIntegrator is not yet available.Please run the montecarlo simulation at least once.
2025-01-13T17:56:17.6729121Z 
2025-01-13T17:56:17.6729340Z tardis/transport/montecarlo/tests/test_vpacket.py::test_trace_vpacket_volley
2025-01-13T17:56:17.6729763Z   <string>:3: NumbaPendingDeprecationWarning:
2025-01-13T17:56:17.6730025Z   
2025-01-13T17:56:17.6731195Z   [1m[1mCode using Numba extension API maybe depending on 'old_style' error-capturing, which is deprecated and will be replaced by 'new_style' in a future release. See details at https://numba.readthedocs.io/en/latest/reference/deprecation.html#deprecation-of-old-style-numba-captured-errors
2025-01-13T17:56:17.6732223Z   Exception origin:
2025-01-13T17:56:17.6732605Z     File "/home/runner/micromamba/envs/tardis/lib/python3.12/inspect.py", line 3180, in _bind
2025-01-13T17:56:17.6733034Z       raise TypeError(msg) from None
2025-01-13T17:56:17.6733301Z   [0m[0m
2025-01-13T17:56:17.6733408Z 
2025-01-13T17:56:17.6733741Z tardis/visualization/tools/tests/test_sdec_plot.py::TestSDECPlotter::test_mpl_image[plotter_generate_plot_mpl4]
2025-01-13T17:56:17.6734441Z   /home/runner/work/tardis/tardis/tardis/visualization/tools/sdec_plot.py:1225: RuntimeWarning:
2025-01-13T17:56:17.6735022Z   
2025-01-13T17:56:17.6735963Z   More than 20 figures have been opened. Figures created through the pyplot interface (`matplotlib.pyplot.figure`) are retained until explicitly closed and may consume too much memory. (To control this warning, see the rcParam `figure.max_open_warning`). Consider using `matplotlib.pyplot.close()`.
2025-01-13T17:56:17.6737086Z 
2025-01-13T17:56:17.6737461Z tardis/visualization/widgets/tests/test_custom_abundance.py::TestCustomAbundanceWidget::test_update_input_item_value
2025-01-13T17:56:17.6738258Z tardis/visualization/widgets/tests/test_custom_abundance.py::TestCustomAbundanceWidget::test_update_input_item_value
2025-01-13T17:56:17.6739182Z tardis/visualization/widgets/tests/test_custom_abundance.py::TestCustomAbundanceWidget::test_update_input_item_value
2025-01-13T17:56:17.6739961Z tardis/visualization/widgets/tests/test_custom_abundance.py::TestCustomAbundanceWidget::test_update_input_item_value
2025-01-13T17:56:17.6740743Z tardis/visualization/widgets/tests/test_custom_abundance.py::TestCustomAbundanceWidget::test_update_input_item_value
2025-01-13T17:56:17.6741520Z tardis/visualization/widgets/tests/test_custom_abundance.py::TestCustomAbundanceWidget::test_update_input_item_value
2025-01-13T17:56:17.6742308Z   /home/runner/micromamba/envs/tardis/lib/python3.12/site-packages/traitlets/traitlets.py:1385: DeprecationWarning:
2025-01-13T17:56:17.6742816Z   
2025-01-13T17:56:17.6743101Z   Passing unrecognized arguments to super(Checkbox).__init__(icon='lock').
2025-01-13T17:56:17.6743561Z   object.__init__() takes exactly one argument (the instance to initialize)
2025-01-13T17:56:17.6744066Z   This is deprecated in traitlets 4.2.This error will be raised in a future release of traitlets.
2025-01-13T17:56:17.6744399Z 
2025-01-13T17:56:17.6744757Z tardis/visualization/widgets/tests/test_custom_abundance.py::TestCustomAbundanceWidget::test_update_input_item_value
2025-01-13T17:56:17.6745542Z tardis/visualization/widgets/tests/test_custom_abundance.py::TestCustomAbundanceWidget::test_update_input_item_value
2025-01-13T17:56:17.6746331Z   /home/runner/micromamba/envs/tardis/lib/python3.12/site-packages/traitlets/traitlets.py:1385: DeprecationWarning:
2025-01-13T17:56:17.6746950Z   
2025-01-13T17:56:17.6747227Z   Passing unrecognized arguments to super(FloatText).__init__(min=0).
2025-01-13T17:56:17.6747663Z   object.__init__() takes exactly one argument (the instance to initialize)
2025-01-13T17:56:17.6748159Z   This is deprecated in traitlets 4.2.This error will be raised in a future release of traitlets.
2025-01-13T17:56:17.6748486Z 
2025-01-13T17:56:17.6748838Z tardis/visualization/widgets/tests/test_custom_abundance.py::TestCustomAbundanceWidget::test_update_input_item_value
2025-01-13T17:56:17.6749626Z   /home/runner/micromamba/envs/tardis/lib/python3.12/site-packages/traitlets/traitlets.py:1385: DeprecationWarning:
2025-01-13T17:56:17.6750132Z   
2025-01-13T17:56:17.6750409Z   Passing unrecognized arguments to super(HTML).__init__(indent=True).
2025-01-13T17:56:17.6750858Z   object.__init__() takes exactly one argument (the instance to initialize)
2025-01-13T17:56:17.6751363Z   This is deprecated in traitlets 4.2.This error will be raised in a future release of traitlets.
2025-01-13T17:56:17.6751685Z 
2025-01-13T17:56:17.6752126Z tardis/visualization/widgets/tests/test_line_info.py::TestLineInfoWidgetData::test_get_species_interactions[wavelength_range0-packet_out_nu]
2025-01-13T17:56:17.6752971Z   /home/runner/micromamba/envs/tardis/lib/python3.12/site-packages/qgridnext/grid.py:830: DeprecationWarning:
2025-01-13T17:56:17.6753458Z   
2025-01-13T17:56:17.6753823Z   QgridWidget._show_toolbar_changed is deprecated in traitlets 4.1: use @observe and @unobserve instead.
2025-01-13T17:56:17.6754187Z 
2025-01-13T17:56:17.6754454Z tardis/visualization/widgets/tests/test_shell_info.py::TestHDFShellInfo::test_shells_data
2025-01-13T17:56:17.6755010Z   /home/runner/work/tardis/tardis/tardis/io/util.py:289: PerformanceWarning:
2025-01-13T17:56:17.6755501Z   
2025-01-13T17:56:17.6755659Z   
2025-01-13T17:56:17.6755955Z   your performance may suffer as PyTables will pickle object types that it cannot
2025-01-13T17:56:17.6756509Z   map directly to c-types [inferred_type->mixed,key->block0_values] [items->Index([0], dtype='int64')]
2025-01-13T17:56:17.6756968Z 
2025-01-13T17:56:17.6757233Z tardis/visualization/widgets/tests/test_shell_info.py::TestHDFShellInfo::test_shells_data
2025-01-13T17:56:17.6757783Z   /home/runner/work/tardis/tardis/tardis/io/util.py:292: PerformanceWarning:
2025-01-13T17:56:17.6758144Z   
2025-01-13T17:56:17.6758301Z   
2025-01-13T17:56:17.6758594Z   your performance may suffer as PyTables will pickle object types that it cannot
2025-01-13T17:56:17.6759192Z   map directly to c-types [inferred_type->mixed,key->values] [items->None]
2025-01-13T17:56:17.6759456Z 
2025-01-13T17:56:17.6759717Z tardis/visualization/widgets/tests/test_shell_info.py::TestHDFShellInfo::test_shells_data
2025-01-13T17:56:17.6760326Z   /home/runner/work/tardis/tardis/tardis/spectrum/formal_integral.py:398: UserWarning:
2025-01-13T17:56:17.6760734Z   
2025-01-13T17:56:17.6761014Z   The number of interpolate_shells was not specified. The value was set to 80.
2025-01-13T17:56:17.6761291Z 
2025-01-13T17:56:17.6761486Z -- Docs: https://docs.pytest.org/en/stable/how-to/capture-warnings.html
2025-01-13T17:56:17.6761759Z 
2025-01-13T17:56:17.6761927Z ---------- coverage: platform linux, python 3.12.4-final-0 -----------
2025-01-13T17:56:17.6762294Z Coverage HTML written to dir coverage_html_report
2025-01-13T17:56:17.6762595Z Coverage XML written to file coverage.xml
2025-01-13T17:56:17.6762779Z 
2025-01-13T17:56:17.6762901Z =========================== short test summary info ============================
2025-01-13T17:56:17.6763876Z FAILED tardis/opacities/tests/test_tau_sobolev.py::test_calculate_sobolev_line_opacity - FileNotFoundError: File /home/runner/work/tardis/tardis/tardis-regression-data/test_tau_sobolev/test_calculate_sobolev_line_opacity.h5 does not exist
2025-01-13T17:56:17.6765467Z FAILED tardis/opacities/tests/test_tau_sobolev.py::test_calculate_beta_sobolevs - FileNotFoundError: [Errno 2] No such file or directory: '/home/runner/work/tardis/tardis/tardis-regression-data/test_tau_sobolev/test_calculate_beta_sobolevs.npy'
2025-01-13T17:56:17.6766562Z = 2 failed, 1436 passed, 329 skipped, 2 deselected, 19 xfailed, 8 xpassed, 91 warnings in 763.69s (0:12:43) =
2025-01-13T17:56:20.0916164Z ##[error]Process completed with exit code 1.
