2025-02-22T20:44:19.8060746Z Requested labels: macos-latest
2025-02-22T20:44:19.8060969Z Job defined at: tardis-sn/tardis/.github/workflows/tests.yml@refs/pull/2973/merge
2025-02-22T20:44:19.8061049Z Waiting for a runner to pick up this job...
2025-02-22T20:44:20.0188940Z Job is waiting for a hosted runner to come online.
2025-02-22T20:44:23.6292170Z Job is about to start running on the hosted runner: GitHub Actions 59 (hosted)
2025-02-22T20:44:25.0881540Z Current runner version: '2.322.0'
2025-02-22T20:44:25.0899790Z ##[group]Operating System
2025-02-22T20:44:25.0900280Z macOS
2025-02-22T20:44:25.0900600Z 14.7.2
2025-02-22T20:44:25.0900900Z 23H311
2025-02-22T20:44:25.0901200Z ##[endgroup]
2025-02-22T20:44:25.0901520Z ##[group]Runner Image
2025-02-22T20:44:25.0901860Z Image: macos-14-arm64
2025-02-22T20:44:25.0902190Z Version: 20250120.774
2025-02-22T20:44:25.0902890Z Included Software: https://github.com/actions/runner-images/blob/macos-14-arm64/20250120.774/images/macos/macos-14-arm64-Readme.md
2025-02-22T20:44:25.0903860Z Image Release: https://github.com/actions/runner-images/releases/tag/macos-14-arm64%2F20250120.774
2025-02-22T20:44:25.0904470Z ##[endgroup]
2025-02-22T20:44:25.0904800Z ##[group]Runner Image Provisioner
2025-02-22T20:44:25.0905220Z 2.0.422.1+55c30c14fe2a0a1547db1b656933ae07d97649a9
2025-02-22T20:44:25.0905640Z ##[endgroup]
2025-02-22T20:44:25.0907040Z ##[group]GITHUB_TOKEN Permissions
2025-02-22T20:44:25.0908140Z Actions: read
2025-02-22T20:44:25.0908470Z Attestations: read
2025-02-22T20:44:25.0908800Z Checks: read
2025-02-22T20:44:25.0909100Z Contents: read
2025-02-22T20:44:25.0909420Z Deployments: read
2025-02-22T20:44:25.0909740Z Discussions: read
2025-02-22T20:44:25.0910060Z Issues: read
2025-02-22T20:44:25.0910360Z Metadata: read
2025-02-22T20:44:25.0910670Z Packages: read
2025-02-22T20:44:25.0910980Z Pages: read
2025-02-22T20:44:25.0911290Z PullRequests: read
2025-02-22T20:44:25.0911630Z RepositoryProjects: read
2025-02-22T20:44:25.0911980Z SecurityEvents: read
2025-02-22T20:44:25.0912320Z Statuses: read
2025-02-22T20:44:25.0912630Z ##[endgroup]
2025-02-22T20:44:25.0914480Z Secret source: None
2025-02-22T20:44:25.0914880Z Prepare workflow directory
2025-02-22T20:44:25.1347060Z Prepare all required actions
2025-02-22T20:44:25.1400260Z Getting action download info
2025-02-22T20:44:25.3239240Z ##[group]Download immutable action package 'actions/checkout@v4'
2025-02-22T20:44:25.3239850Z Version: 4.2.2
2025-02-22T20:44:25.3240450Z Digest: sha256:ccb2698953eaebd21c7bf6268a94f9c26518a7e38e27e0b83c1fe1ad049819b1
2025-02-22T20:44:25.3241160Z Source commit SHA: 11bd71901bbe5b1630ceea73d27597364c9af683
2025-02-22T20:44:25.3241600Z ##[endgroup]
2025-02-22T20:44:25.7011380Z ##[group]Download immutable action package 'actions/upload-artifact@v4'
2025-02-22T20:44:25.7012070Z Version: 4.6.1
2025-02-22T20:44:25.7012560Z Digest: sha256:3f6a28e7a1e0b5c8e2249e28da121a049fa5b91863b04390a46a82e4f8e2da98
2025-02-22T20:44:25.7013170Z Source commit SHA: 4cec3d8aa04e39d1a68397de0c4cd6fb9dce8ec1
2025-02-22T20:44:25.7013710Z ##[endgroup]
2025-02-22T20:44:26.5393600Z Complete job name: not continuum macos-latest 
2025-02-22T20:44:26.5896430Z ##[group]Run actions/checkout@v4
2025-02-22T20:44:26.5897010Z with:
2025-02-22T20:44:26.5897330Z   repository: tardis-sn/tardis
2025-02-22T20:44:26.5897860Z   token: ***
2025-02-22T20:44:26.5898150Z   ssh-strict: true
2025-02-22T20:44:26.5898450Z   ssh-user: git
2025-02-22T20:44:26.5898760Z   persist-credentials: true
2025-02-22T20:44:26.5899120Z   clean: true
2025-02-22T20:44:26.5899420Z   sparse-checkout-cone-mode: true
2025-02-22T20:44:26.5899780Z   fetch-depth: 1
2025-02-22T20:44:26.5900080Z   fetch-tags: false
2025-02-22T20:44:26.5900380Z   show-progress: true
2025-02-22T20:44:26.5900690Z   lfs: false
2025-02-22T20:44:26.5900970Z   submodules: false
2025-02-22T20:44:26.5901280Z   set-safe-directory: true
2025-02-22T20:44:26.5901710Z env:
2025-02-22T20:44:26.5901990Z   CACHE_NUMBER: 0
2025-02-22T20:44:26.5902780Z   PYTEST_FLAGS: --tardis-regression-data=/Users/runner/work/tardis/tardis/tardis-regression-data --cov=tardis --cov-report=xml --cov-report=html --cov-append
2025-02-22T20:44:26.5903600Z   CODECOV_TOKEN: 
2025-02-22T20:44:26.5903880Z ##[endgroup]
2025-02-22T20:44:26.8573590Z Syncing repository: tardis-sn/tardis
2025-02-22T20:44:26.8574830Z ##[group]Getting Git version info
2025-02-22T20:44:26.8575320Z Working directory is '/Users/runner/work/tardis/tardis'
2025-02-22T20:44:26.8576100Z [command]/opt/homebrew/bin/git version
2025-02-22T20:44:26.9117070Z git version 2.48.1
2025-02-22T20:44:26.9196710Z ##[endgroup]
2025-02-22T20:44:26.9203310Z Copying '/Users/runner/.gitconfig' to '/Users/runner/work/_temp/b7b94cb0-5ef5-4b0b-b607-a6e3b03af0dc/.gitconfig'
2025-02-22T20:44:26.9205230Z Temporarily overriding HOME='/Users/runner/work/_temp/b7b94cb0-5ef5-4b0b-b607-a6e3b03af0dc' before making global git config changes
2025-02-22T20:44:26.9206620Z Adding repository directory to the temporary git global config as a safe directory
2025-02-22T20:44:26.9207880Z [command]/opt/homebrew/bin/git config --global --add safe.directory /Users/runner/work/tardis/tardis
2025-02-22T20:44:26.9284240Z Deleting the contents of '/Users/runner/work/tardis/tardis'
2025-02-22T20:44:26.9285410Z ##[group]Initializing the repository
2025-02-22T20:44:26.9286050Z [command]/opt/homebrew/bin/git init /Users/runner/work/tardis/tardis
2025-02-22T20:44:26.9422490Z hint: Using 'master' as the name for the initial branch. This default branch name
2025-02-22T20:44:26.9424850Z hint: is subject to change. To configure the initial branch name to use in all
2025-02-22T20:44:26.9430390Z hint: of your new repositories, which will suppress this warning, call:
2025-02-22T20:44:26.9431010Z hint:
2025-02-22T20:44:26.9431540Z hint: 	git config --global init.defaultBranch <name>
2025-02-22T20:44:26.9432000Z hint:
2025-02-22T20:44:26.9432530Z hint: Names commonly chosen instead of 'master' are 'main', 'trunk' and
2025-02-22T20:44:26.9433280Z hint: 'development'. The just-created branch can be renamed via this command:
2025-02-22T20:44:26.9433880Z hint:
2025-02-22T20:44:26.9434300Z hint: 	git branch -m <name>
2025-02-22T20:44:26.9435020Z Initialized empty Git repository in /Users/runner/work/tardis/tardis/.git/
2025-02-22T20:44:26.9436530Z [command]/opt/homebrew/bin/git remote add origin https://github.com/tardis-sn/tardis
2025-02-22T20:44:26.9516000Z ##[endgroup]
2025-02-22T20:44:26.9547360Z ##[group]Disabling automatic garbage collection
2025-02-22T20:44:26.9550050Z [command]/opt/homebrew/bin/git config --local gc.auto 0
2025-02-22T20:44:26.9959170Z ##[endgroup]
2025-02-22T20:44:27.0073020Z ##[group]Setting up auth
2025-02-22T20:44:27.0175090Z [command]/opt/homebrew/bin/git config --local --name-only --get-regexp core\.sshCommand
2025-02-22T20:44:27.0233700Z [command]/opt/homebrew/bin/git submodule foreach --recursive sh -c "git config --local --name-only --get-regexp 'core\.sshCommand' && git config --local --unset-all 'core.sshCommand' || :"
2025-02-22T20:44:27.0796630Z [command]/opt/homebrew/bin/git config --local --name-only --get-regexp http\.https\:\/\/github\.com\/\.extraheader
2025-02-22T20:44:27.0837390Z [command]/opt/homebrew/bin/git submodule foreach --recursive sh -c "git config --local --name-only --get-regexp 'http\.https\:\/\/github\.com\/\.extraheader' && git config --local --unset-all 'http.https://github.com/.extraheader' || :"
2025-02-22T20:44:27.1286830Z [command]/opt/homebrew/bin/git config --local http.https://github.com/.extraheader AUTHORIZATION: basic ***
2025-02-22T20:44:27.1346950Z ##[endgroup]
2025-02-22T20:44:27.1347630Z ##[group]Fetching the repository
2025-02-22T20:44:27.1351640Z [command]/opt/homebrew/bin/git -c protocol.version=2 fetch --no-tags --prune --no-recurse-submodules --depth=1 origin +c9a33a39c4fa281f9c9c706fd9899bc31c13853c:refs/remotes/pull/2973/merge
2025-02-22T20:44:28.9539940Z From https://github.com/tardis-sn/tardis
2025-02-22T20:44:28.9543120Z  * [new ref]         c9a33a39c4fa281f9c9c706fd9899bc31c13853c -> pull/2973/merge
2025-02-22T20:44:28.9642520Z ##[endgroup]
2025-02-22T20:44:28.9643310Z ##[group]Determining the checkout info
2025-02-22T20:44:28.9644120Z ##[endgroup]
2025-02-22T20:44:28.9646040Z [command]/opt/homebrew/bin/git sparse-checkout disable
2025-02-22T20:44:28.9737210Z [command]/opt/homebrew/bin/git config --local --unset-all extensions.worktreeConfig
2025-02-22T20:44:28.9806190Z ##[group]Checking out the ref
2025-02-22T20:44:28.9808510Z [command]/opt/homebrew/bin/git checkout --progress --force refs/remotes/pull/2973/merge
2025-02-22T20:44:29.1814790Z HEAD is now at c9a33a3 Merge 19a690f5d2c368996137707f037617c4ea5d14aa into 6e790c66049717c1a7df370212bf7063c85b7fdd
2025-02-22T20:44:29.1830950Z ##[endgroup]
2025-02-22T20:44:29.1902720Z [command]/opt/homebrew/bin/git log -1 --format=%H
2025-02-22T20:44:29.1947130Z c9a33a39c4fa281f9c9c706fd9899bc31c13853c
2025-02-22T20:44:29.2260650Z Prepare all required actions
2025-02-22T20:44:29.2262010Z Getting action download info
2025-02-22T20:44:29.4118210Z ##[group]Download immutable action package 'actions/cache@v4'
2025-02-22T20:44:29.4118600Z Version: 4.2.1
2025-02-22T20:44:29.4118960Z Digest: sha256:b0404c9628d43aa6855629075b28f32cadf8efc5c26198438149f78500112940
2025-02-22T20:44:29.4119440Z Source commit SHA: 0c907a75c2c80ebcb7f088228285e798b750cf8f
2025-02-22T20:44:29.4119770Z ##[endgroup]
2025-02-22T20:44:30.0144050Z ##[group]Run ./.github/actions/setup_lfs
2025-02-22T20:44:30.0144340Z with:
2025-02-22T20:44:30.0144590Z   regression-data-repo: tardis-sn/tardis-regression-data
2025-02-22T20:44:30.0144940Z   atom-data-sparse: false
2025-02-22T20:44:30.0145120Z env:
2025-02-22T20:44:30.0145270Z   CACHE_NUMBER: 0
2025-02-22T20:44:30.0145790Z   PYTEST_FLAGS: --tardis-regression-data=/Users/runner/work/tardis/tardis/tardis-regression-data --cov=tardis --cov-report=xml --cov-report=html --cov-append
2025-02-22T20:44:30.0146360Z   CODECOV_TOKEN: 
2025-02-22T20:44:30.0146550Z ##[endgroup]
2025-02-22T20:44:30.0259510Z ##[group]Run actions/checkout@v4
2025-02-22T20:44:30.0259760Z with:
2025-02-22T20:44:30.0259950Z   repository: tardis-sn/tardis-regression-data
2025-02-22T20:44:30.0260200Z   path: tardis-regression-data
2025-02-22T20:44:30.0260400Z   lfs: false
2025-02-22T20:44:30.0260690Z   token: ***
2025-02-22T20:44:30.0260850Z   ssh-strict: true
2025-02-22T20:44:30.0261010Z   ssh-user: git
2025-02-22T20:44:30.0261180Z   persist-credentials: true
2025-02-22T20:44:30.0261370Z   clean: true
2025-02-22T20:44:30.0261550Z   sparse-checkout-cone-mode: true
2025-02-22T20:44:30.0261750Z   fetch-depth: 1
2025-02-22T20:44:30.0261930Z   fetch-tags: false
2025-02-22T20:44:30.0262100Z   show-progress: true
2025-02-22T20:44:30.0262270Z   submodules: false
2025-02-22T20:44:30.0262430Z   set-safe-directory: true
2025-02-22T20:44:30.0262610Z env:
2025-02-22T20:44:30.0262760Z   CACHE_NUMBER: 0
2025-02-22T20:44:30.0263270Z   PYTEST_FLAGS: --tardis-regression-data=/Users/runner/work/tardis/tardis/tardis-regression-data --cov=tardis --cov-report=xml --cov-report=html --cov-append
2025-02-22T20:44:30.0263800Z   CODECOV_TOKEN: 
2025-02-22T20:44:30.0263970Z ##[endgroup]
2025-02-22T20:44:30.1210300Z Syncing repository: tardis-sn/tardis-regression-data
2025-02-22T20:44:30.1211710Z ##[group]Getting Git version info
2025-02-22T20:44:30.1212240Z Working directory is '/Users/runner/work/tardis/tardis/tardis-regression-data'
2025-02-22T20:44:30.1242420Z [command]/opt/homebrew/bin/git version
2025-02-22T20:44:30.1291870Z git version 2.48.1
2025-02-22T20:44:30.1307970Z ##[endgroup]
2025-02-22T20:44:30.1312920Z Copying '/Users/runner/.gitconfig' to '/Users/runner/work/_temp/abe204b9-bb8e-499f-842b-fb53ad3ddacf/.gitconfig'
2025-02-22T20:44:30.1319700Z Temporarily overriding HOME='/Users/runner/work/_temp/abe204b9-bb8e-499f-842b-fb53ad3ddacf' before making global git config changes
2025-02-22T20:44:30.1320550Z Adding repository directory to the temporary git global config as a safe directory
2025-02-22T20:44:30.1323310Z [command]/opt/homebrew/bin/git config --global --add safe.directory /Users/runner/work/tardis/tardis/tardis-regression-data
2025-02-22T20:44:30.1382450Z ##[group]Initializing the repository
2025-02-22T20:44:30.1383080Z [command]/opt/homebrew/bin/git init /Users/runner/work/tardis/tardis/tardis-regression-data
2025-02-22T20:44:30.1451860Z hint: Using 'master' as the name for the initial branch. This default branch name
2025-02-22T20:44:30.1452720Z hint: is subject to change. To configure the initial branch name to use in all
2025-02-22T20:44:30.1453540Z hint: of your new repositories, which will suppress this warning, call:
2025-02-22T20:44:30.1454280Z hint:
2025-02-22T20:44:30.1454650Z hint: 	git config --global init.defaultBranch <name>
2025-02-22T20:44:30.1455020Z hint:
2025-02-22T20:44:30.1455470Z hint: Names commonly chosen instead of 'master' are 'main', 'trunk' and
2025-02-22T20:44:30.1456570Z hint: 'development'. The just-created branch can be renamed via this command:
2025-02-22T20:44:30.1457250Z hint:
2025-02-22T20:44:30.1457920Z hint: 	git branch -m <name>
2025-02-22T20:44:30.1458740Z Initialized empty Git repository in /Users/runner/work/tardis/tardis/tardis-regression-data/.git/
2025-02-22T20:44:30.1460150Z [command]/opt/homebrew/bin/git remote add origin https://github.com/tardis-sn/tardis-regression-data
2025-02-22T20:44:30.1505790Z ##[endgroup]
2025-02-22T20:44:30.1506650Z ##[group]Disabling automatic garbage collection
2025-02-22T20:44:30.1508310Z [command]/opt/homebrew/bin/git config --local gc.auto 0
2025-02-22T20:44:30.1552310Z ##[endgroup]
2025-02-22T20:44:30.1552770Z ##[group]Setting up auth
2025-02-22T20:44:30.1556970Z [command]/opt/homebrew/bin/git config --local --name-only --get-regexp core\.sshCommand
2025-02-22T20:44:30.1605110Z [command]/opt/homebrew/bin/git submodule foreach --recursive sh -c "git config --local --name-only --get-regexp 'core\.sshCommand' && git config --local --unset-all 'core.sshCommand' || :"
2025-02-22T20:44:30.2086760Z [command]/opt/homebrew/bin/git config --local --name-only --get-regexp http\.https\:\/\/github\.com\/\.extraheader
2025-02-22T20:44:30.2128370Z [command]/opt/homebrew/bin/git submodule foreach --recursive sh -c "git config --local --name-only --get-regexp 'http\.https\:\/\/github\.com\/\.extraheader' && git config --local --unset-all 'http.https://github.com/.extraheader' || :"
2025-02-22T20:44:30.3476360Z [command]/opt/homebrew/bin/git config --local http.https://github.com/.extraheader AUTHORIZATION: basic ***
2025-02-22T20:44:30.3702870Z ##[endgroup]
2025-02-22T20:44:30.3703880Z ##[group]Determining the default branch
2025-02-22T20:44:30.3805510Z Retrieving the default branch name
2025-02-22T20:44:30.7929040Z Default branch 'main'
2025-02-22T20:44:30.8034520Z ##[endgroup]
2025-02-22T20:44:30.8136200Z ##[group]Fetching the repository
2025-02-22T20:44:30.8244760Z [command]/opt/homebrew/bin/git -c protocol.version=2 fetch --no-tags --prune --no-recurse-submodules --depth=1 origin +refs/heads/main:refs/remotes/origin/main
2025-02-22T20:44:31.7354140Z From https://github.com/tardis-sn/tardis-regression-data
2025-02-22T20:44:31.7388300Z  * [new branch]      main       -> origin/main
2025-02-22T20:44:31.7745840Z ##[endgroup]
2025-02-22T20:44:31.7849860Z ##[group]Determining the checkout info
2025-02-22T20:44:31.7952480Z ##[endgroup]
2025-02-22T20:44:31.8053070Z [command]/opt/homebrew/bin/git sparse-checkout disable
2025-02-22T20:44:31.8355060Z [command]/opt/homebrew/bin/git config --local --unset-all extensions.worktreeConfig
2025-02-22T20:44:31.8657410Z ##[group]Checking out the ref
2025-02-22T20:44:31.8757660Z [command]/opt/homebrew/bin/git checkout --progress --force -B main refs/remotes/origin/main
2025-02-22T20:44:32.0275260Z Switched to a new branch 'main'
2025-02-22T20:44:32.0276470Z branch 'main' set up to track 'origin/main'.
2025-02-22T20:44:32.0790400Z ##[endgroup]
2025-02-22T20:44:32.0839250Z [command]/opt/homebrew/bin/git log -1 --format=%H
2025-02-22T20:44:32.0873810Z 84e768462f20f09fbccc05625cdcc1d8ffbe404c
2025-02-22T20:44:32.0970450Z ##[group]Run if [ "false" == "true" ]; then
2025-02-22T20:44:32.0970720Z [36;1mif [ "false" == "true" ]; then[0m
2025-02-22T20:44:32.0970940Z [36;1m  echo "Using atom data sparse checkout"[0m
2025-02-22T20:44:32.0971220Z [36;1m  echo "atom_data/kurucz_cd23_chianti_H_He.h5" > .lfs-files-list[0m
2025-02-22T20:44:32.0971460Z [36;1melse[0m
2025-02-22T20:44:32.0971610Z [36;1m  echo "Using full repository checkout"[0m
2025-02-22T20:44:32.0971870Z [36;1m  git lfs ls-files -l | cut -d' ' -f1 | sort > .lfs-files-list[0m
2025-02-22T20:44:32.0972100Z [36;1mfi[0m
2025-02-22T20:44:32.1030620Z shell: /bin/bash --noprofile --norc -e -o pipefail {0}
2025-02-22T20:44:32.1031070Z env:
2025-02-22T20:44:32.1031220Z   CACHE_NUMBER: 0
2025-02-22T20:44:32.1031680Z   PYTEST_FLAGS: --tardis-regression-data=/Users/runner/work/tardis/tardis/tardis-regression-data --cov=tardis --cov-report=xml --cov-report=html --cov-append
2025-02-22T20:44:32.1032160Z   CODECOV_TOKEN: 
2025-02-22T20:44:32.1032510Z ##[endgroup]
2025-02-22T20:44:32.1345430Z Using full repository checkout
2025-02-22T20:44:32.3386840Z ##[group]Run actions/cache/restore@v4
2025-02-22T20:44:32.3387110Z with:
2025-02-22T20:44:32.3387250Z   path: tardis-regression-data/.git/lfs
2025-02-22T20:44:32.3387740Z   key: tardis-regression-full-data-c8ff2bbb6048b3f24d3f52a1e85b013ad47e52c369a6ce4cfdeff528b659b86f-tardis-sn/tardis-regression-data-v1
2025-02-22T20:44:32.3388210Z   fail-on-cache-miss: true
2025-02-22T20:44:32.3388400Z   enableCrossOsArchive: false
2025-02-22T20:44:32.3388560Z   lookup-only: false
2025-02-22T20:44:32.3388700Z env:
2025-02-22T20:44:32.3388820Z   CACHE_NUMBER: 0
2025-02-22T20:44:32.3389310Z   PYTEST_FLAGS: --tardis-regression-data=/Users/runner/work/tardis/tardis/tardis-regression-data --cov=tardis --cov-report=xml --cov-report=html --cov-append
2025-02-22T20:44:32.3389780Z   CODECOV_TOKEN: 
2025-02-22T20:44:32.3389910Z ##[endgroup]
2025-02-22T20:44:32.6344800Z Cache hit for: tardis-regression-full-data-c8ff2bbb6048b3f24d3f52a1e85b013ad47e52c369a6ce4cfdeff528b659b86f-tardis-sn/tardis-regression-data-v1
2025-02-22T20:44:33.8188840Z Received 33554432 of 2161656325 (1.6%), 31.9 MBs/sec
2025-02-22T20:44:34.8195700Z Received 125829120 of 2161656325 (5.8%), 59.9 MBs/sec
2025-02-22T20:44:35.8193610Z Received 163577856 of 2161656325 (7.6%), 51.9 MBs/sec
2025-02-22T20:44:36.8195280Z Received 281018368 of 2161656325 (13.0%), 66.9 MBs/sec
2025-02-22T20:44:37.8220360Z Received 398458880 of 2161656325 (18.4%), 75.9 MBs/sec
2025-02-22T20:44:38.8269410Z Received 507510784 of 2161656325 (23.5%), 80.5 MBs/sec
2025-02-22T20:44:39.8288050Z Received 603979776 of 2161656325 (27.9%), 82.1 MBs/sec
2025-02-22T20:44:40.8389000Z Received 666894336 of 2161656325 (30.9%), 79.3 MBs/sec
2025-02-22T20:44:41.8418670Z Received 742391808 of 2161656325 (34.3%), 78.4 MBs/sec
2025-02-22T20:44:42.8433070Z Received 830472192 of 2161656325 (38.4%), 79.0 MBs/sec
2025-02-22T20:44:43.8478830Z Received 939524096 of 2161656325 (43.5%), 81.2 MBs/sec
2025-02-22T20:44:44.8483970Z Received 1052770304 of 2161656325 (48.7%), 83.4 MBs/sec
2025-02-22T20:44:45.8491000Z Received 1170210816 of 2161656325 (54.1%), 85.6 MBs/sec
2025-02-22T20:44:46.8481600Z Received 1266679808 of 2161656325 (58.6%), 86.1 MBs/sec
2025-02-22T20:44:47.8481590Z Received 1371537408 of 2161656325 (63.4%), 87.0 MBs/sec
2025-02-22T20:44:48.8918100Z Received 1476395008 of 2161656325 (68.3%), 87.6 MBs/sec
2025-02-22T20:44:49.8911360Z Received 1577058304 of 2161656325 (73.0%), 88.1 MBs/sec
2025-02-22T20:44:50.8934830Z Received 1673527296 of 2161656325 (77.4%), 88.3 MBs/sec
2025-02-22T20:44:51.8944390Z Received 1769996288 of 2161656325 (81.9%), 88.5 MBs/sec
2025-02-22T20:44:52.8973230Z Received 1879048192 of 2161656325 (86.9%), 89.2 MBs/sec
2025-02-22T20:44:53.8985990Z Received 1996488704 of 2161656325 (92.4%), 90.3 MBs/sec
2025-02-22T20:44:54.8997140Z Received 2101346304 of 2161656325 (97.2%), 90.7 MBs/sec
2025-02-22T20:44:55.9011310Z Received 2149073413 of 2161656325 (99.4%), 88.8 MBs/sec
2025-02-22T20:44:56.0331510Z Received 2161656325 of 2161656325 (100.0%), 88.8 MBs/sec
2025-02-22T20:44:56.0465150Z Cache Size: ~2062 MB (2161656325 B)
2025-02-22T20:44:56.0724130Z [command]/opt/homebrew/bin/gtar -xf /Users/runner/work/_temp/504735bf-028e-4a90-a1e5-f7762ae40e65/cache.tzst -P -C /Users/runner/work/tardis/tardis --delay-directory-restore --use-compress-program unzstd
2025-02-22T20:45:07.4787520Z Cache restored successfully
2025-02-22T20:45:07.8728760Z Cache restored from key: tardis-regression-full-data-c8ff2bbb6048b3f24d3f52a1e85b013ad47e52c369a6ce4cfdeff528b659b86f-tardis-sn/tardis-regression-data-v1
2025-02-22T20:45:07.8896760Z ##[group]Run git lfs checkout
2025-02-22T20:45:07.8897810Z [36;1mgit lfs checkout[0m
2025-02-22T20:45:07.9072740Z shell: /bin/bash --noprofile --norc -e -o pipefail {0}
2025-02-22T20:45:07.9073130Z env:
2025-02-22T20:45:07.9073430Z   CACHE_NUMBER: 0
2025-02-22T20:45:07.9078640Z   PYTEST_FLAGS: --tardis-regression-data=/Users/runner/work/tardis/tardis/tardis-regression-data --cov=tardis --cov-report=xml --cov-report=html --cov-append
2025-02-22T20:45:07.9079350Z   CODECOV_TOKEN: 
2025-02-22T20:45:07.9079560Z ##[endgroup]
2025-02-22T20:45:20.8814530Z Checking out LFS objects: 100% (204/204), 5.7 GB | 355 MB/s, done.
2025-02-22T20:45:31.1911590Z Prepare all required actions
2025-02-22T20:45:31.1912060Z Getting action download info
2025-02-22T20:45:31.3128710Z Download action repository 'mamba-org/setup-micromamba@v1' (SHA:4b9113af4fba0e9e1124b252dd6497a419e7396d)
2025-02-22T20:45:32.4340910Z ##[group]Run ./.github/actions/setup_env
2025-02-22T20:45:32.4341250Z with:
2025-02-22T20:45:32.4341420Z   os-label: osx-arm64
2025-02-22T20:45:32.4341620Z env:
2025-02-22T20:45:32.4341900Z   CACHE_NUMBER: 0
2025-02-22T20:45:32.4342470Z   PYTEST_FLAGS: --tardis-regression-data=/Users/runner/work/tardis/tardis/tardis-regression-data --cov=tardis --cov-report=xml --cov-report=html --cov-append
2025-02-22T20:45:32.4343060Z   CODECOV_TOKEN: 
2025-02-22T20:45:32.4343370Z ##[endgroup]
2025-02-22T20:45:32.4370090Z ##[group]Run file_hash=$(cat conda-osx-arm64.lock | shasum -a 256 | cut -d' ' -f1)
2025-02-22T20:45:32.4370520Z [36;1mfile_hash=$(cat conda-osx-arm64.lock | shasum -a 256 | cut -d' ' -f1)[0m
2025-02-22T20:45:32.4371000Z [36;1mecho "file_hash=tardis-conda-env-osx-arm64-${file_hash}-v1" >> "${GITHUB_OUTPUT}"[0m
2025-02-22T20:45:32.4425720Z shell: /bin/bash --noprofile --norc -e -o pipefail {0}
2025-02-22T20:45:32.4425960Z env:
2025-02-22T20:45:32.4426080Z   CACHE_NUMBER: 0
2025-02-22T20:45:32.4426570Z   PYTEST_FLAGS: --tardis-regression-data=/Users/runner/work/tardis/tardis/tardis-regression-data --cov=tardis --cov-report=xml --cov-report=html --cov-append
2025-02-22T20:45:32.4427080Z   CODECOV_TOKEN: 
2025-02-22T20:45:32.4427230Z ##[endgroup]
2025-02-22T20:45:32.5919740Z ##[group]Run mamba-org/setup-micromamba@v1
2025-02-22T20:45:32.5919970Z with:
2025-02-22T20:45:32.5920130Z   environment-file: conda-osx-arm64.lock
2025-02-22T20:45:32.5920600Z   cache-environment-key: tardis-conda-env-osx-arm64-bf0d0a4d4c847cca72476c6c68c493d56c484aada7e80de0e42c7607fcef5824-v1
2025-02-22T20:45:32.5921520Z   cache-downloads-key: tardis-conda-env-osx-arm64-bf0d0a4d4c847cca72476c6c68c493d56c484aada7e80de0e42c7607fcef5824-v1
2025-02-22T20:45:32.5921960Z   environment-name: tardis
2025-02-22T20:45:32.5922170Z   cache-environment: true
2025-02-22T20:45:32.5922330Z   cache-downloads: true
2025-02-22T20:45:32.5922520Z env:
2025-02-22T20:45:32.5922650Z   CACHE_NUMBER: 0
2025-02-22T20:45:32.5923120Z   PYTEST_FLAGS: --tardis-regression-data=/Users/runner/work/tardis/tardis/tardis-regression-data --cov=tardis --cov-report=xml --cov-report=html --cov-append
2025-02-22T20:45:32.5923630Z   CODECOV_TOKEN: 
2025-02-22T20:45:32.5923790Z ##[endgroup]
2025-02-22T20:45:32.9276590Z Will download micromamba to /Users/runner/micromamba-bin/micromamba
2025-02-22T20:45:32.9312090Z ##[group]Install micromamba
2025-02-22T20:45:33.7200270Z micromamba installed to /Users/runner/micromamba-bin/micromamba
2025-02-22T20:45:33.7201440Z ##[endgroup]
2025-02-22T20:45:33.7202030Z Adding conda-forge to condarc channels ...
2025-02-22T20:45:33.7322730Z ##[group]Initialize micromamba for bash.
2025-02-22T20:45:33.7331380Z [command]/Users/runner/micromamba-bin/micromamba shell init -s bash -r /Users/runner/micromamba --log-level warning --rc-file /Users/runner/work/_temp/setup-micromamba/.condarc
2025-02-22T20:45:33.7842900Z Modifying RC file "/Users/runner/.bash_profile"
2025-02-22T20:45:33.7845600Z Generating config for root prefix [1m"/Users/runner/micromamba"[0m
2025-02-22T20:45:33.7846430Z Setting mamba executable to: [1m"/Users/runner/micromamba-bin/micromamba"[0m
2025-02-22T20:45:33.7846870Z Adding (or replacing) the following in your "/Users/runner/.bash_profile" file
2025-02-22T20:45:33.7850250Z 
2025-02-22T20:45:33.7850320Z # >>> mamba initialize >>>
2025-02-22T20:45:33.7850550Z # !! Contents within this block are managed by 'mamba init' !!
2025-02-22T20:45:33.7850850Z export MAMBA_EXE='/Users/runner/micromamba-bin/micromamba';
2025-02-22T20:45:33.7851140Z export MAMBA_ROOT_PREFIX='/Users/runner/micromamba';
2025-02-22T20:45:33.7851580Z __mamba_setup="$("$MAMBA_EXE" shell hook --shell bash --root-prefix "$MAMBA_ROOT_PREFIX" 2> /dev/null)"
2025-02-22T20:45:33.7852550Z if [ $? -eq 0 ]; then
2025-02-22T20:45:33.7852740Z     eval "$__mamba_setup"
2025-02-22T20:45:33.7852890Z else
2025-02-22T20:45:33.7853120Z     alias micromamba="$MAMBA_EXE"  # Fallback on help from mamba activate
2025-02-22T20:45:33.7853370Z fi
2025-02-22T20:45:33.7853530Z unset __mamba_setup
2025-02-22T20:45:33.7853780Z # <<< mamba initialize <<<
2025-02-22T20:45:33.7853910Z 
2025-02-22T20:45:33.7854180Z ##[endgroup]
2025-02-22T20:45:33.7854850Z ##[group]Restoring downloads from `/Users/runner/micromamba/pkgs` ...
2025-02-22T20:45:35.1481180Z Received 54525952 of 310594474 (17.6%), 51.7 MBs/sec
2025-02-22T20:45:36.1491930Z Received 184549376 of 310594474 (59.4%), 87.6 MBs/sec
2025-02-22T20:45:37.1513680Z Received 285428650 of 310594474 (91.9%), 90.4 MBs/sec
2025-02-22T20:45:37.4054190Z Cache Size: ~296 MB (310594474 B)
2025-02-22T20:45:37.4125530Z [command]/opt/homebrew/bin/gtar -xf /Users/runner/work/_temp/d48b83a4-2360-4cfe-8f7c-3b49803ad447/cache.tzst -P -C /Users/runner/work/tardis/tardis --delay-directory-restore --use-compress-program unzstd
2025-02-22T20:45:38.0792660Z Cache restored successfully
2025-02-22T20:45:38.0813710Z Restored cache with key `tardis-conda-env-osx-arm64-bf0d0a4d4c847cca72476c6c68c493d56c484aada7e80de0e42c7607fcef5824-v1-osx-arm64`
2025-02-22T20:45:38.0815240Z ##[endgroup]
2025-02-22T20:45:38.1214460Z ##[group]Restoring environment `tardis` from `/Users/runner/micromamba/envs/tardis` ...
2025-02-22T20:45:38.1519030Z Received 310594474 of 310594474 (100.0%), 73.8 MBs/sec
2025-02-22T20:45:39.3367940Z Received 33554432 of 385513979 (8.7%), 31.9 MBs/sec
2025-02-22T20:45:40.3376510Z Received 117440512 of 385513979 (30.5%), 55.9 MBs/sec
2025-02-22T20:45:41.3372460Z Received 234881024 of 385513979 (60.9%), 74.6 MBs/sec
2025-02-22T20:45:42.3412930Z Received 352321536 of 385513979 (91.4%), 83.9 MBs/sec
2025-02-22T20:45:43.3428100Z Received 385513979 of 385513979 (100.0%), 73.4 MBs/sec
2025-02-22T20:45:43.3583070Z Cache Size: ~368 MB (385513979 B)
2025-02-22T20:45:43.3642480Z [command]/opt/homebrew/bin/gtar -xf /Users/runner/work/_temp/16c606e7-5a4d-4515-9b82-3d3dc28eb22a/cache.tzst -P -C /Users/runner/work/tardis/tardis --delay-directory-restore --use-compress-program unzstd
2025-02-22T20:45:57.1101550Z Cache restored successfully
2025-02-22T20:45:57.1181460Z Restored cache with key `tardis-conda-env-osx-arm64-bf0d0a4d4c847cca72476c6c68c493d56c484aada7e80de0e42c7607fcef5824-v1-osx-arm64-tardis-args-4f53cda-root-873f6fe-bin-[object Promise]-file-bf0d0a4d4c847cca72476c6c68c493d56c484aada7e80de0e42c7607fcef5824`
2025-02-22T20:45:57.1184750Z ##[endgroup]
2025-02-22T20:45:57.1187320Z Adding environment tardis to auto-activate bash ...
2025-02-22T20:45:57.1199430Z Generating micromamba run shell.
2025-02-22T20:45:57.1204320Z ##[endgroup]
2025-02-22T20:45:57.1209660Z Set environment variables.
2025-02-22T20:45:57.1211350Z ##[group]micromamba info
2025-02-22T20:45:57.1213930Z [command]/Users/runner/micromamba-bin/micromamba info -r /Users/runner/micromamba -n tardis
2025-02-22T20:45:57.5901360Z 
2025-02-22T20:45:57.5901950Z        libmamba version : 1.5.10
2025-02-22T20:45:57.5902570Z      micromamba version : 1.5.10
2025-02-22T20:45:57.5903380Z            curl version : libcurl/8.10.1 (OpenSSL/3.3.2) SecureTransport zlib/1.3.1 zstd/1.5.6 libssh2/1.11.0 nghttp2/1.58.0
2025-02-22T20:45:57.5904010Z      libarchive version : libarchive 3.7.4 zlib/1.2.13 bz2lib/1.0.8 libzstd/1.5.6
2025-02-22T20:45:57.5904490Z        envs directories : /Users/runner/micromamba/envs
2025-02-22T20:45:57.5911330Z           package cache : /Users/runner/micromamba/pkgs
2025-02-22T20:45:57.5911740Z                           /Users/runner/.mamba/pkgs
2025-02-22T20:45:57.5912010Z             environment : tardis
2025-02-22T20:45:57.5912340Z            env location : /Users/runner/micromamba/envs/tardis
2025-02-22T20:45:57.5912670Z       user config files : /Users/runner/.mambarc
2025-02-22T20:45:57.5913080Z  populated config files : /Users/runner/work/_temp/setup-micromamba/.condarc
2025-02-22T20:45:57.5913420Z        virtual packages : __unix=0=0
2025-02-22T20:45:57.5917530Z                           __osx=14.7.2=0
2025-02-22T20:45:57.5917920Z                           __archspec=1=arm64
2025-02-22T20:45:57.5918600Z                channels : https://conda.anaconda.org/conda-forge/osx-arm64
2025-02-22T20:45:57.5919050Z                           https://conda.anaconda.org/conda-forge/noarch
2025-02-22T20:45:57.5919380Z        base environment : /Users/runner/micromamba
2025-02-22T20:45:57.5919750Z                platform : osx-arm64
2025-02-22T20:45:57.5920300Z ##[endgroup]
2025-02-22T20:45:57.5920670Z ##[group]micromamba list
2025-02-22T20:45:57.5921300Z [command]/Users/runner/micromamba-bin/micromamba list -r /Users/runner/micromamba -n tardis
2025-02-22T20:45:57.9304220Z List of packages in environment: "/Users/runner/micromamba/envs/tardis"
2025-02-22T20:45:57.9304560Z 
2025-02-22T20:45:57.9305030Z   Name                           Version              Build                    Channel    
2025-02-22T20:45:57.9306690Z â”€â”€â”€â”€â”€â”€â”€â”€â”€â”€â”€â”€â”€â”€â”€â”€â”€â”€â”€â”€â”€â”€â”€â”€â”€â”€â”€â”€â”€â”€â”€â”€â”€â”€â”€â”€â”€â”€â”€â”€â”€â”€â”€â”€â”€â”€â”€â”€â”€â”€â”€â”€â”€â”€â”€â”€â”€â”€â”€â”€â”€â”€â”€â”€â”€â”€â”€â”€â”€â”€â”€â”€â”€â”€â”€â”€â”€â”€â”€â”€â”€â”€â”€â”€â”€â”€â”€â”€â”€â”€â”€â”€
2025-02-22T20:45:57.9307340Z   alabaster                      0.7.16               pyhd8ed1ab_0             conda-forge
2025-02-22T20:45:57.9307750Z   anyio                          4.4.0                pyhd8ed1ab_0             conda-forge
2025-02-22T20:45:57.9308140Z   appnope                        0.1.4                pyhd8ed1ab_0             conda-forge
2025-02-22T20:45:57.9308640Z   argon2-cffi                    23.1.0               pyhd8ed1ab_0             conda-forge
2025-02-22T20:45:57.9309150Z   argon2-cffi-bindings           21.2.0               py312h02f2b3b_4          conda-forge
2025-02-22T20:45:57.9309620Z   arrow                          1.3.0                pyhd8ed1ab_0             conda-forge
2025-02-22T20:45:57.9309970Z   astropy                        6.1.1                py312hbebd99a_0          conda-forge
2025-02-22T20:45:57.9311840Z   astropy-iers-data              0.2024.6.17.0.31.35  pyhd8ed1ab_0             conda-forge
2025-02-22T20:45:57.9312370Z   astropy-sphinx-theme           1.1                  pyhd8ed1ab_0             conda-forge
2025-02-22T20:45:57.9312810Z   asttokens                      2.4.1                pyhd8ed1ab_0             conda-forge
2025-02-22T20:45:57.9313250Z   async-lru                      2.0.4                pyhd8ed1ab_0             conda-forge
2025-02-22T20:45:57.9313630Z   atk-1.0                        2.38.0               hd03087b_2               conda-forge
2025-02-22T20:45:57.9314100Z   attrs                          23.2.0               pyh71513ae_0             conda-forge
2025-02-22T20:45:57.9314430Z   babel                          2.14.0               pyhd8ed1ab_0             conda-forge
2025-02-22T20:45:57.9314850Z   beautifulsoup4                 4.12.3               pyha770c72_0             conda-forge
2025-02-22T20:45:57.9315210Z   bleach                         6.1.0                pyhd8ed1ab_0             conda-forge
2025-02-22T20:45:57.9315630Z   blosc                          1.21.5               h9c252e8_1               conda-forge
2025-02-22T20:45:57.9316630Z   brotli                         1.1.0                hb547adb_1               conda-forge
2025-02-22T20:45:57.9317120Z   brotli-bin                     1.1.0                hb547adb_1               conda-forge
2025-02-22T20:45:57.9317590Z   brotli-python                  1.1.0                py312h9f69965_1          conda-forge
2025-02-22T20:45:57.9317950Z   bzip2                          1.0.8                h93a5062_5               conda-forge
2025-02-22T20:45:57.9318790Z   c-ares                         1.28.1               h93a5062_0               conda-forge
2025-02-22T20:45:57.9319150Z   c-blosc2                       2.14.4               ha57e6be_1               conda-forge
2025-02-22T20:45:57.9319580Z   ca-certificates                2024.6.2             hf0a4a13_0               conda-forge
2025-02-22T20:45:57.9320050Z   cached-property                1.5.2                hd8ed1ab_1               conda-forge
2025-02-22T20:45:57.9320950Z   cached_property                1.5.2                pyha770c72_1             conda-forge
2025-02-22T20:45:57.9321520Z   cairo                          1.18.0               hd1e100b_0               conda-forge
2025-02-22T20:45:57.9321990Z   certifi                        2024.6.2             pyhd8ed1ab_0             conda-forge
2025-02-22T20:45:57.9322460Z   cffi                           1.16.0               py312h8e38eb3_0          conda-forge
2025-02-22T20:45:57.9322830Z   charset-normalizer             3.3.2                pyhd8ed1ab_0             conda-forge
2025-02-22T20:45:57.9323290Z   click                          8.1.7                unix_pyh707e725_0        conda-forge
2025-02-22T20:45:57.9323770Z   codespell                      2.3.0                pyhd8ed1ab_0             conda-forge
2025-02-22T20:45:57.9324160Z   colorama                       0.4.6                pyhd8ed1ab_0             conda-forge
2025-02-22T20:45:57.9324650Z   comm                           0.2.2                pyhd8ed1ab_0             conda-forge
2025-02-22T20:45:57.9325090Z   commonmark                     0.9.1                py_0                     conda-forge
2025-02-22T20:45:57.9325610Z   contourpy                      1.2.1                py312h0fef576_0          conda-forge
2025-02-22T20:45:57.9326070Z   coverage                       7.5.3                py312h7e5086c_0          conda-forge
2025-02-22T20:45:57.9326560Z   cycler                         0.12.1               pyhd8ed1ab_0             conda-forge
2025-02-22T20:45:57.9326930Z   dataclasses                    0.8                  pyhc8e2a94_3             conda-forge
2025-02-22T20:45:57.9327440Z   debugpy                        1.8.1                py312h20a0b95_0          conda-forge
2025-02-22T20:45:57.9327790Z   decorator                      5.1.1                pyhd8ed1ab_0             conda-forge
2025-02-22T20:45:57.9328220Z   defusedxml                     0.7.1                pyhd8ed1ab_0             conda-forge
2025-02-22T20:45:57.9328640Z   docutils                       0.20.1               py312h81bd7bf_3          conda-forge
2025-02-22T20:45:57.9368900Z   dot2tex                        2.11.3               pyhd8ed1ab_0             conda-forge
2025-02-22T20:45:57.9369210Z   entrypoints                    0.4                  pyhd8ed1ab_0             conda-forge
2025-02-22T20:45:57.9369630Z   exceptiongroup                 1.2.0                pyhd8ed1ab_2             conda-forge
2025-02-22T20:45:57.9370330Z   executing                      2.0.1                pyhd8ed1ab_0             conda-forge
2025-02-22T20:45:57.9371140Z   expat                          2.6.2                hebf3989_0               conda-forge
2025-02-22T20:45:57.9371630Z   font-ttf-dejavu-sans-mono      2.37                 hab24e00_0               conda-forge
2025-02-22T20:45:57.9372190Z   font-ttf-inconsolata           3.000                h77eed37_0               conda-forge
2025-02-22T20:45:57.9372700Z   font-ttf-source-code-pro       2.038                h77eed37_0               conda-forge
2025-02-22T20:45:57.9373430Z   font-ttf-ubuntu                0.83                 h77eed37_2               conda-forge
2025-02-22T20:45:57.9374020Z   fontconfig                     2.14.2               h82840c6_0               conda-forge
2025-02-22T20:45:57.9374800Z   fonts-conda-ecosystem          1                    0                        conda-forge
2025-02-22T20:45:57.9375280Z   fonts-conda-forge              1                    0                        conda-forge
2025-02-22T20:45:57.9376560Z   fonttools                      4.53.0               py312h7e5086c_0          conda-forge
2025-02-22T20:45:57.9377050Z   fqdn                           1.5.1                pyhd8ed1ab_0             conda-forge
2025-02-22T20:45:57.9377710Z   freetype                       2.12.1               hadb7bae_2               conda-forge
2025-02-22T20:45:57.9378400Z   fribidi                        1.0.10               h27ca646_0               conda-forge
2025-02-22T20:45:57.9379140Z   future                         1.0.0                pyhd8ed1ab_0             conda-forge
2025-02-22T20:45:57.9379780Z   gdk-pixbuf                     2.42.12              h7ddc832_0               conda-forge
2025-02-22T20:45:57.9380240Z   gettext                        0.22.5               h8fbad5d_2               conda-forge
2025-02-22T20:45:57.9382100Z   gettext-tools                  0.22.5               h8fbad5d_2               conda-forge
2025-02-22T20:45:57.9383470Z   giflib                         5.2.2                h93a5062_0               conda-forge
2025-02-22T20:45:57.9384070Z   git-lfs                        3.5.1                hce30654_0               conda-forge
2025-02-22T20:45:57.9384400Z   gmp                            6.3.0                hebf3989_1               conda-forge
2025-02-22T20:45:57.9384740Z   gmpy2                          2.1.5                py312hfa9fade_1          conda-forge
2025-02-22T20:45:57.9385070Z   graphite2                      1.3.13               hebf3989_1003            conda-forge
2025-02-22T20:45:57.9385390Z   graphviz                       11.0.0               h9bb9bc9_0               conda-forge
2025-02-22T20:45:57.9385720Z   gtk2                           2.24.33              h7895bb2_4               conda-forge
2025-02-22T20:45:57.9386020Z   gts                            0.7.6                he42f4ea_4               conda-forge
2025-02-22T20:45:57.9386300Z   h11                            0.14.0               pyhd8ed1ab_0             conda-forge
2025-02-22T20:45:57.9386790Z   h2                             4.1.0                pyhd8ed1ab_0             conda-forge
2025-02-22T20:45:57.9387080Z   h5py                           3.11.0               nompi_py312h903599c_102  conda-forge
2025-02-22T20:45:57.9387520Z   harfbuzz                       8.5.0                h1836168_0               conda-forge
2025-02-22T20:45:57.9387880Z   hdf5                           1.14.3               nompi_hec07895_105       conda-forge
2025-02-22T20:45:57.9388260Z   hpack                          4.0.0                pyh9f0ad1d_0             conda-forge
2025-02-22T20:45:57.9388820Z   httpcore                       1.0.5                pyhd8ed1ab_0             conda-forge
2025-02-22T20:45:57.9389380Z   httpx                          0.27.0               pyhd8ed1ab_0             conda-forge
2025-02-22T20:45:57.9390060Z   hyperframe                     6.0.1                pyhd8ed1ab_0             conda-forge
2025-02-22T20:45:57.9390540Z   icu                            73.2                 hc8870d7_0               conda-forge
2025-02-22T20:45:57.9390810Z   idna                           3.7                  pyhd8ed1ab_0             conda-forge
2025-02-22T20:45:57.9391100Z   imagesize                      1.4.1                pyhd8ed1ab_0             conda-forge
2025-02-22T20:45:57.9391450Z   importlib-metadata             7.1.0                pyha770c72_0             conda-forge
2025-02-22T20:45:57.9391820Z   importlib_metadata             7.1.0                hd8ed1ab_0               conda-forge
2025-02-22T20:45:57.9392180Z   importlib_resources            6.4.0                pyhd8ed1ab_0             conda-forge
2025-02-22T20:45:57.9392680Z   iniconfig                      2.0.0                pyhd8ed1ab_0             conda-forge
2025-02-22T20:45:57.9393160Z   ipykernel                      6.29.4               pyh57ce528_0             conda-forge
2025-02-22T20:45:57.9393670Z   ipython                        8.25.0               pyh707e725_0             conda-forge
2025-02-22T20:45:57.9394250Z   ipython_genutils               0.2.0                pyhd8ed1ab_1             conda-forge
2025-02-22T20:45:57.9394650Z   ipywidgets                     7.8.0                pyhd8ed1ab_0             conda-forge
2025-02-22T20:45:57.9395110Z   isoduration                    20.11.0              pyhd8ed1ab_0             conda-forge
2025-02-22T20:45:57.9395510Z   jedi                           0.19.1               pyhd8ed1ab_0             conda-forge
2025-02-22T20:45:57.9396110Z   jinja2                         3.1.4                pyhd8ed1ab_0             conda-forge
2025-02-22T20:45:57.9396900Z   json5                          0.9.25               pyhd8ed1ab_0             conda-forge
2025-02-22T20:45:57.9397280Z   jsonpointer                    3.0.0                py312h81bd7bf_0          conda-forge
2025-02-22T20:45:57.9397590Z   jsonschema                     4.22.0               pyhd8ed1ab_0             conda-forge
2025-02-22T20:45:57.9398030Z   jsonschema-specifications      2023.12.1            pyhd8ed1ab_0             conda-forge
2025-02-22T20:45:57.9398460Z   jsonschema-with-format-nongpl  4.22.0               pyhd8ed1ab_0             conda-forge
2025-02-22T20:45:57.9398810Z   jupyter-lsp                    2.2.5                pyhd8ed1ab_0             conda-forge
2025-02-22T20:45:57.9399230Z   jupyter_client                 8.6.2                pyhd8ed1ab_0             conda-forge
2025-02-22T20:45:57.9399790Z   jupyter_core                   5.7.2                py312h81bd7bf_0          conda-forge
2025-02-22T20:45:57.9400250Z   jupyter_events                 0.10.0               pyhd8ed1ab_0             conda-forge
2025-02-22T20:45:57.9400680Z   jupyter_server                 2.14.1               pyhd8ed1ab_0             conda-forge
2025-02-22T20:45:57.9401270Z   jupyter_server_terminals       0.5.3                pyhd8ed1ab_0             conda-forge
2025-02-22T20:45:57.9401750Z   jupyterlab                     4.2.2                pyhd8ed1ab_0             conda-forge
2025-02-22T20:45:57.9402390Z   jupyterlab_pygments            0.3.0                pyhd8ed1ab_1             conda-forge
2025-02-22T20:45:57.9403130Z   jupyterlab_server              2.27.2               pyhd8ed1ab_0             conda-forge
2025-02-22T20:45:57.9403660Z   jupyterlab_widgets             1.1.7                pyhd8ed1ab_0             conda-forge
2025-02-22T20:45:57.9404240Z   kiwisolver                     1.4.5                py312h389731b_1          conda-forge
2025-02-22T20:45:57.9404760Z   krb5                           1.21.2               h92f50d5_0               conda-forge
2025-02-22T20:45:57.9405190Z   latexcodec                     2.0.1                pyh9f0ad1d_0             conda-forge
2025-02-22T20:45:57.9405520Z   lcms2                          2.16                 ha0e7c42_0               conda-forge
2025-02-22T20:45:57.9406080Z   lerc                           4.0.0                h9a09cb3_0               conda-forge
2025-02-22T20:45:57.9406460Z   libaec                         1.1.3                hebf3989_0               conda-forge
2025-02-22T20:45:57.9407160Z   libasprintf                    0.22.5               h8fbad5d_2               conda-forge
2025-02-22T20:45:57.9407590Z   libasprintf-devel              0.22.5               h8fbad5d_2               conda-forge
2025-02-22T20:45:57.9408350Z   libblas                        3.9.0                22_osxarm64_openblas     conda-forge
2025-02-22T20:45:57.9408990Z   libbrotlicommon                1.1.0                hb547adb_1               conda-forge
2025-02-22T20:45:57.9409460Z   libbrotlidec                   1.1.0                hb547adb_1               conda-forge
2025-02-22T20:45:57.9410180Z   libbrotlienc                   1.1.0                hb547adb_1               conda-forge
2025-02-22T20:45:57.9410550Z   libcblas                       3.9.0                22_osxarm64_openblas     conda-forge
2025-02-22T20:45:57.9411110Z   libcurl                        8.8.0                h7b6f9a7_0               conda-forge
2025-02-22T20:45:57.9412630Z   libcxx                         17.0.6               h5f092b4_0               conda-forge
2025-02-22T20:45:57.9413250Z   libdeflate                     1.20                 h93a5062_0               conda-forge
2025-02-22T20:45:57.9413630Z   libedit                        3.1.20191231         hc8eb9b7_2               conda-forge
2025-02-22T20:45:57.9414020Z   libev                          4.33                 h93a5062_2               conda-forge
2025-02-22T20:45:57.9414520Z   libexpat                       2.6.2                hebf3989_0               conda-forge
2025-02-22T20:45:57.9414900Z   libffi                         3.4.2                h3422bc3_5               conda-forge
2025-02-22T20:45:57.9415240Z   libgd                          2.3.3                hfdf3952_9               conda-forge
2025-02-22T20:45:57.9415650Z   libgettextpo                   0.22.5               h8fbad5d_2               conda-forge
2025-02-22T20:45:57.9415970Z   libgettextpo-devel             0.22.5               h8fbad5d_2               conda-forge
2025-02-22T20:45:57.9416320Z   libgfortran                    5.0.0                13_2_0_hd922786_3        conda-forge
2025-02-22T20:45:57.9416700Z   libgfortran5                   13.2.0               hf226fd6_3               conda-forge
2025-02-22T20:45:57.9417020Z   libglib                        2.80.2               h59d46d9_1               conda-forge
2025-02-22T20:45:57.9417420Z   libiconv                       1.17                 h0d3ecfb_2               conda-forge
2025-02-22T20:45:57.9417790Z   libintl                        0.22.5               h8fbad5d_2               conda-forge
2025-02-22T20:45:57.9418110Z   libintl-devel                  0.22.5               h8fbad5d_2               conda-forge
2025-02-22T20:45:57.9418460Z   libjpeg-turbo                  3.0.0                hb547adb_1               conda-forge
2025-02-22T20:45:57.9418760Z   liblapack                      3.9.0                22_osxarm64_openblas     conda-forge
2025-02-22T20:45:57.9419150Z   libllvm14                      14.0.6               hd1a9a77_4               conda-forge
2025-02-22T20:45:57.9419500Z   libnghttp2                     1.58.0               ha4dd798_1               conda-forge
2025-02-22T20:45:57.9419870Z   libopenblas                    0.3.27               openmp_h6c19121_0        conda-forge
2025-02-22T20:45:57.9420150Z   libpng                         1.6.43               h091b4b1_0               conda-forge
2025-02-22T20:45:57.9420500Z   librsvg                        2.58.1               hbc281fb_0               conda-forge
2025-02-22T20:45:57.9420830Z   libsodium                      1.0.18               h27ca646_1               conda-forge
2025-02-22T20:45:57.9421150Z   libsqlite                      3.46.0               hfb93653_0               conda-forge
2025-02-22T20:45:57.9421500Z   libssh2                        1.11.0               h7a5bd25_0               conda-forge
2025-02-22T20:45:57.9421900Z   libtiff                        4.6.0                h07db509_3               conda-forge
2025-02-22T20:45:57.9422250Z   libwebp                        1.4.0                h54798ee_0               conda-forge
2025-02-22T20:45:57.9422580Z   libwebp-base                   1.4.0                h93a5062_0               conda-forge
2025-02-22T20:45:57.9422940Z   libxcb                         1.16                 hf2054a2_0               conda-forge
2025-02-22T20:45:57.9423320Z   libxml2                        2.12.7               ha661575_1               conda-forge
2025-02-22T20:45:57.9423670Z   libxslt                        1.1.39               h223e5b9_0               conda-forge
2025-02-22T20:45:57.9424020Z   libzlib                        1.3.1                hfb2fe0b_1               conda-forge
2025-02-22T20:45:57.9424350Z   llvm-openmp                    18.1.7               hde57baf_0               conda-forge
2025-02-22T20:45:57.9424710Z   llvmlite                       0.42.0               py312h17030e7_1          conda-forge
2025-02-22T20:45:57.9425210Z   lxml                           5.2.2                py312h0e5ab22_0          conda-forge
2025-02-22T20:45:57.9425550Z   lz4-c                          1.9.4                hb7217d7_0               conda-forge
2025-02-22T20:45:57.9425830Z   markupsafe                     2.1.5                py312he37b823_0          conda-forge
2025-02-22T20:45:57.9426130Z   matplotlib-base                3.8.4                py312h4479663_2          conda-forge
2025-02-22T20:45:57.9426630Z   matplotlib-inline              0.1.7                pyhd8ed1ab_0             conda-forge
2025-02-22T20:45:57.9426970Z   mistune                        3.0.2                pyhd8ed1ab_0             conda-forge
2025-02-22T20:45:57.9427300Z   mpc                            1.3.1                h91ba8db_0               conda-forge
2025-02-22T20:45:57.9427630Z   mpfr                           4.2.1                h41d338b_1               conda-forge
2025-02-22T20:45:57.9427950Z   mpmath                         1.3.0                pyhd8ed1ab_0             conda-forge
2025-02-22T20:45:57.9428310Z   munkres                        1.1.4                pyh9f0ad1d_0             conda-forge
2025-02-22T20:45:57.9428630Z   mypy_extensions                1.0.0                pyha770c72_0             conda-forge
2025-02-22T20:45:57.9428980Z   nbclassic                      1.1.0                pyhd8ed1ab_0             conda-forge
2025-02-22T20:45:57.9429350Z   nbclient                       0.10.0               pyhd8ed1ab_0             conda-forge
2025-02-22T20:45:57.9429680Z   nbconvert                      7.16.4               hd8ed1ab_1               conda-forge
2025-02-22T20:45:57.9430030Z   nbconvert-core                 7.16.4               pyhd8ed1ab_1             conda-forge
2025-02-22T20:45:57.9430390Z   nbconvert-pandoc               7.16.4               hd8ed1ab_1               conda-forge
2025-02-22T20:45:57.9430740Z   nbformat                       5.10.4               pyhd8ed1ab_0             conda-forge
2025-02-22T20:45:57.9431070Z   nbsphinx                       0.9.4                pyhd8ed1ab_0             conda-forge
2025-02-22T20:45:57.9431390Z   ncurses                        6.5                  hb89a1cb_0               conda-forge
2025-02-22T20:45:57.9431720Z   nest-asyncio                   1.6.0                pyhd8ed1ab_0             conda-forge
2025-02-22T20:45:57.9432070Z   networkx                       3.3                  pyhd8ed1ab_1             conda-forge
2025-02-22T20:45:57.9432350Z   notebook                       7.2.1                pyhd8ed1ab_0             conda-forge
2025-02-22T20:45:57.9432680Z   notebook-shim                  0.2.4                pyhd8ed1ab_0             conda-forge
2025-02-22T20:45:57.9432980Z   numba                          0.59.1               py312hbaff935_0          conda-forge
2025-02-22T20:45:57.9433250Z   numexpr                        2.10.0               py312h8ae5369_0          conda-forge
2025-02-22T20:45:57.9433520Z   numpy                          1.26.4               py312h8442bc7_0          conda-forge
2025-02-22T20:45:57.9433800Z   numpydoc                       1.7.0                pyhd8ed1ab_1             conda-forge
2025-02-22T20:45:57.9434080Z   openjpeg                       2.5.2                h9f1df11_0               conda-forge
2025-02-22T20:45:57.9434350Z   openssl                        3.3.1                hfb2fe0b_0               conda-forge
2025-02-22T20:45:57.9434630Z   overrides                      7.7.0                pyhd8ed1ab_0             conda-forge
2025-02-22T20:45:57.9434910Z   packaging                      24.1                 pyhd8ed1ab_0             conda-forge
2025-02-22T20:45:57.9435180Z   pandas                         2.2.2                py312h8ae5369_1          conda-forge
2025-02-22T20:45:57.9435440Z   pandoc                         3.2                  hce30654_0               conda-forge
2025-02-22T20:45:57.9435740Z   pandocfilters                  1.5.0                pyhd8ed1ab_0             conda-forge
2025-02-22T20:45:57.9436260Z   pango                          1.54.0               h5cb9fbc_0               conda-forge
2025-02-22T20:45:57.9436520Z   parso                          0.8.4                pyhd8ed1ab_0             conda-forge
2025-02-22T20:45:57.9436800Z   pathspec                       0.12.1               pyhd8ed1ab_0             conda-forge
2025-02-22T20:45:57.9437070Z   pbr                            6.0.0                pyhd8ed1ab_0             conda-forge
2025-02-22T20:45:57.9437430Z   pcre2                          10.44                h297a79d_0               conda-forge
2025-02-22T20:45:57.9437710Z   pexpect                        4.9.0                pyhd8ed1ab_0             conda-forge
2025-02-22T20:45:57.9437990Z   pickleshare                    0.7.5                py_1003                  conda-forge
2025-02-22T20:45:57.9438270Z   pillow                         10.3.0               py312h39b1d8d_1          conda-forge
2025-02-22T20:45:57.9438540Z   pip                            24.0                 pyhd8ed1ab_0             conda-forge
2025-02-22T20:45:57.9438800Z   pixman                         0.43.4               hebf3989_0               conda-forge
2025-02-22T20:45:57.9439090Z   pkgutil-resolve-name           1.3.10               pyhd8ed1ab_1             conda-forge
2025-02-22T20:45:57.9439400Z   platformdirs                   4.2.2                pyhd8ed1ab_0             conda-forge
2025-02-22T20:45:57.9439680Z   plotly                         5.22.0               pyhd8ed1ab_0             conda-forge
2025-02-22T20:45:57.9439960Z   pluggy                         1.5.0                pyhd8ed1ab_0             conda-forge
2025-02-22T20:45:57.9440260Z   prometheus_client              0.20.0               pyhd8ed1ab_0             conda-forge
2025-02-22T20:45:57.9440580Z   prompt-toolkit                 3.0.47               pyha770c72_0             conda-forge
2025-02-22T20:45:57.9440860Z   psutil                         5.9.8                py312he37b823_0          conda-forge
2025-02-22T20:45:57.9441140Z   pthread-stubs                  0.4                  h27ca646_1001            conda-forge
2025-02-22T20:45:57.9441420Z   ptyprocess                     0.7.0                pyhd3deb0d_0             conda-forge
2025-02-22T20:45:57.9441700Z   pure_eval                      0.2.2                pyhd8ed1ab_0             conda-forge
2025-02-22T20:45:57.9441980Z   py-cpuinfo                     9.0.0                pyhd8ed1ab_0             conda-forge
2025-02-22T20:45:57.9442250Z   pybtex                         0.24.0               pyhd8ed1ab_2             conda-forge
2025-02-22T20:45:57.9442540Z   pybtex-docutils                1.0.3                py312h81bd7bf_1          conda-forge
2025-02-22T20:45:57.9442830Z   pycparser                      2.22                 pyhd8ed1ab_0             conda-forge
2025-02-22T20:45:57.9443100Z   pyerfa                         2.0.1.4              py312hbebd99a_1          conda-forge
2025-02-22T20:45:57.9443370Z   pygments                       2.18.0               pyhd8ed1ab_0             conda-forge
2025-02-22T20:45:57.9443650Z   pygraphviz                     1.13                 py312h5f4d302_1          conda-forge
2025-02-22T20:45:57.9443930Z   pyobjc-core                    10.3.1               py312hbb55c70_0          conda-forge
2025-02-22T20:45:57.9444240Z   pyobjc-framework-cocoa         10.3.1               py312hbb55c70_0          conda-forge
2025-02-22T20:45:57.9444550Z   pyparsing                      3.1.2                pyhd8ed1ab_0             conda-forge
2025-02-22T20:45:57.9444830Z   pysocks                        1.7.1                pyha2e5f31_6             conda-forge
2025-02-22T20:45:57.9445100Z   pytables                       3.9.2                py312hb622ae1_2          conda-forge
2025-02-22T20:45:57.9445360Z   pytest                         8.2.2                pyhd8ed1ab_0             conda-forge
2025-02-22T20:45:57.9445640Z   pytest-cov                     5.0.0                pyhd8ed1ab_0             conda-forge
2025-02-22T20:45:57.9446040Z   pytest-doctestplus             1.2.1                pyhd8ed1ab_0             conda-forge
2025-02-22T20:45:57.9446340Z   pytest-html                    4.1.1                pyhd8ed1ab_0             conda-forge
2025-02-22T20:45:57.9446630Z   pytest-metadata                3.1.1                pyhd8ed1ab_0             conda-forge
2025-02-22T20:45:57.9446920Z   python                         3.12.4               h30c5eda_0_cpython       conda-forge
2025-02-22T20:45:57.9447390Z   python-dateutil                2.9.0                pyhd8ed1ab_0             conda-forge
2025-02-22T20:45:57.9447730Z   python-fastjsonschema          2.20.0               pyhd8ed1ab_0             conda-forge
2025-02-22T20:45:57.9448060Z   python-json-logger             2.0.7                pyhd8ed1ab_0             conda-forge
2025-02-22T20:45:57.9448370Z   python-tzdata                  2024.1               pyhd8ed1ab_0             conda-forge
2025-02-22T20:45:57.9448660Z   python_abi                     3.12                 4_cp312                  conda-forge
2025-02-22T20:45:57.9448920Z   pytz                           2024.1               pyhd8ed1ab_0             conda-forge
2025-02-22T20:45:57.9449180Z   pyyaml                         6.0.1                py312h02f2b3b_1          conda-forge
2025-02-22T20:45:57.9449440Z   pyzmq                          26.0.3               py312hfa13136_0          conda-forge
2025-02-22T20:45:57.9449700Z   qgrid                          1.3.1                pyhd8ed1ab_4             conda-forge
2025-02-22T20:45:57.9449980Z   radioactivedecay               0.5.1                pyhd8ed1ab_0             conda-forge
2025-02-22T20:45:57.9450280Z   readline                       8.2                  h92ec313_1               conda-forge
2025-02-22T20:45:57.9450570Z   recommonmark                   0.7.1                pyhd8ed1ab_0             conda-forge
2025-02-22T20:45:57.9450880Z   referencing                    0.35.1               pyhd8ed1ab_0             conda-forge
2025-02-22T20:45:57.9451160Z   requests                       2.32.3               pyhd8ed1ab_0             conda-forge
2025-02-22T20:45:57.9451450Z   rfc3339-validator              0.1.4                pyhd8ed1ab_0             conda-forge
2025-02-22T20:45:57.9451760Z   rfc3986-validator              0.1.1                pyh9f0ad1d_0             conda-forge
2025-02-22T20:45:57.9452040Z   rpds-py                        0.18.1               py312h552d48e_0          conda-forge
2025-02-22T20:45:57.9452300Z   ruff                           0.4.9                py312h3402d49_0          conda-forge
2025-02-22T20:45:57.9452550Z   scipy                          1.13.1               py312h14ffa8f_0          conda-forge
2025-02-22T20:45:57.9452820Z   send2trash                     1.8.3                pyh31c8845_0             conda-forge
2025-02-22T20:45:57.9453100Z   setuptools                     70.0.0               pyhd8ed1ab_0             conda-forge
2025-02-22T20:45:57.9453390Z   setuptools-scm                 8.1.0                pyhd8ed1ab_0             conda-forge
2025-02-22T20:45:57.9453680Z   setuptools_scm                 8.1.0                hd8ed1ab_0               conda-forge
2025-02-22T20:45:57.9453960Z   six                            1.16.0               pyh6c4a22f_0             conda-forge
2025-02-22T20:45:57.9454230Z   snakeviz                       2.2.0                pyhd8ed1ab_0             conda-forge
2025-02-22T20:45:57.9454510Z   snappy                         1.2.0                hd04f947_1               conda-forge
2025-02-22T20:45:57.9454770Z   sniffio                        1.3.1                pyhd8ed1ab_0             conda-forge
2025-02-22T20:45:57.9455060Z   snowballstemmer                2.2.0                pyhd8ed1ab_0             conda-forge
2025-02-22T20:45:57.9455350Z   soupsieve                      2.5                  pyhd8ed1ab_1             conda-forge
2025-02-22T20:45:57.9455620Z   sphinx                         7.3.7                pyhd8ed1ab_0             conda-forge
2025-02-22T20:45:57.9456010Z   sphinx-astropy                 1.9.1                pyhd8ed1ab_0             conda-forge
2025-02-22T20:45:57.9456330Z   sphinx-automodapi              0.17.0               pyh717bed2_1             conda-forge
2025-02-22T20:45:57.9456660Z   sphinx-gallery                 0.16.0               pyhd8ed1ab_0             conda-forge
2025-02-22T20:45:57.9456980Z   sphinx-jsonschema              1.19.1               pyhd8ed1ab_0             conda-forge
2025-02-22T20:45:57.9457300Z   sphinx_bootstrap_theme         0.8.1                pyhd8ed1ab_0             conda-forge
2025-02-22T20:45:57.9457700Z   sphinx_rtd_theme               2.0.0                pyha770c72_0             conda-forge
2025-02-22T20:45:57.9458030Z   sphinxcontrib-apidoc           0.3.0                py_1                     conda-forge
2025-02-22T20:45:57.9458400Z   sphinxcontrib-applehelp        1.0.8                pyhd8ed1ab_0             conda-forge
2025-02-22T20:45:57.9458760Z   sphinxcontrib-bibtex           2.6.2                pyhd8ed1ab_0             conda-forge
2025-02-22T20:45:57.9459110Z   sphinxcontrib-devhelp          1.0.6                pyhd8ed1ab_0             conda-forge
2025-02-22T20:45:57.9459450Z   sphinxcontrib-htmlhelp         2.0.5                pyhd8ed1ab_0             conda-forge
2025-02-22T20:45:57.9459780Z   sphinxcontrib-jquery           4.1                  pyhd8ed1ab_0             conda-forge
2025-02-22T20:45:57.9460100Z   sphinxcontrib-jsmath           1.0.1                pyhd8ed1ab_0             conda-forge
2025-02-22T20:45:57.9460420Z   sphinxcontrib-qthelp           1.0.7                pyhd8ed1ab_0             conda-forge
2025-02-22T20:45:57.9460780Z   sphinxcontrib-serializinghtml  1.1.10               pyhd8ed1ab_0             conda-forge
2025-02-22T20:45:57.9461120Z   stack_data                     0.6.2                pyhd8ed1ab_0             conda-forge
2025-02-22T20:45:57.9461400Z   sympy                          1.12.1               pypyh2585a3b_103         conda-forge
2025-02-22T20:45:57.9461720Z   tabulate                       0.9.0                pyhd8ed1ab_1             conda-forge
2025-02-22T20:45:57.9462010Z   tenacity                       8.4.1                pyhd8ed1ab_0             conda-forge
2025-02-22T20:45:57.9462290Z   terminado                      0.18.1               pyh31c8845_0             conda-forge
2025-02-22T20:45:57.9462760Z   tinycss2                       1.3.0                pyhd8ed1ab_0             conda-forge
2025-02-22T20:45:57.9463100Z   tk                             8.6.13               h5083fa2_1               conda-forge
2025-02-22T20:45:57.9463480Z   toml                           0.10.2               pyhd8ed1ab_0             conda-forge
2025-02-22T20:45:57.9463820Z   tomli                          2.0.1                pyhd8ed1ab_0             conda-forge
2025-02-22T20:45:57.9464230Z   tornado                        6.4.1                py312h7e5086c_0          conda-forge
2025-02-22T20:45:57.9464590Z   tqdm                           4.66.4               pyhd8ed1ab_0             conda-forge
2025-02-22T20:45:57.9464990Z   traitlets                      5.14.3               pyhd8ed1ab_0             conda-forge
2025-02-22T20:45:57.9465340Z   typed-ast                      1.5.5                py312h02f2b3b_1          conda-forge
2025-02-22T20:45:57.9465780Z   types-python-dateutil          2.9.0.20240316       pyhd8ed1ab_0             conda-forge
2025-02-22T20:45:57.9472030Z   typing-extensions              4.12.2               hd8ed1ab_0               conda-forge
2025-02-22T20:45:57.9472390Z   typing_extensions              4.12.2               pyha770c72_0             conda-forge
2025-02-22T20:45:57.9472730Z   typing_utils                   0.1.0                pyhd8ed1ab_0             conda-forge
2025-02-22T20:45:57.9473020Z   tzdata                         2024a                h0c530f3_0               conda-forge
2025-02-22T20:45:57.9473300Z   uri-template                   1.3.0                pyhd8ed1ab_0             conda-forge
2025-02-22T20:45:57.9473580Z   urllib3                        2.2.2                pyhd8ed1ab_0             conda-forge
2025-02-22T20:45:57.9474000Z   wcwidth                        0.2.13               pyhd8ed1ab_0             conda-forge
2025-02-22T20:45:57.9474270Z   webcolors                      24.6.0               pyhd8ed1ab_0             conda-forge
2025-02-22T20:45:57.9474560Z   webencodings                   0.5.1                pyhd8ed1ab_2             conda-forge
2025-02-22T20:45:57.9474870Z   websocket-client               1.8.0                pyhd8ed1ab_0             conda-forge
2025-02-22T20:45:57.9475260Z   wheel                          0.43.0               pyhd8ed1ab_1             conda-forge
2025-02-22T20:45:57.9475560Z   widgetsnbextension             3.6.6                pyhd8ed1ab_0             conda-forge
2025-02-22T20:45:57.9475860Z   xorg-libxau                    1.0.11               hb547adb_0               conda-forge
2025-02-22T20:45:57.9476150Z   xorg-libxdmcp                  1.1.3                h27ca646_0               conda-forge
2025-02-22T20:45:57.9476410Z   xz                             5.2.6                h57fd34a_0               conda-forge
2025-02-22T20:45:57.9476660Z   yaml                           0.2.5                h3422bc3_2               conda-forge
2025-02-22T20:45:57.9476920Z   zeromq                         4.3.5                hcc0f68c_4               conda-forge
2025-02-22T20:45:57.9477170Z   zipp                           3.19.2               pyhd8ed1ab_0             conda-forge
2025-02-22T20:45:57.9477430Z   zlib                           1.3.1                hfb2fe0b_1               conda-forge
2025-02-22T20:45:57.9477680Z   zlib-ng                        2.0.7                h1a8c8d9_0               conda-forge
2025-02-22T20:45:57.9477930Z   zstd                           1.5.6                hb46c0d2_0               conda-forge
2025-02-22T20:45:57.9478340Z ##[endgroup]
2025-02-22T20:45:57.9545000Z ##[group]Run pip install -e . --user
2025-02-22T20:45:57.9545260Z [36;1mpip install -e . --user[0m
2025-02-22T20:45:58.2396220Z shell: /bin/bash -l {0}
2025-02-22T20:45:58.2396400Z env:
2025-02-22T20:45:58.2396530Z   CACHE_NUMBER: 0
2025-02-22T20:45:58.2397020Z   PYTEST_FLAGS: --tardis-regression-data=/Users/runner/work/tardis/tardis/tardis-regression-data --cov=tardis --cov-report=xml --cov-report=html --cov-append
2025-02-22T20:45:58.2397530Z   CODECOV_TOKEN: 
2025-02-22T20:45:58.2397700Z   MAMBA_ROOT_PREFIX: /Users/runner/micromamba
2025-02-22T20:45:58.2397950Z   MAMBA_EXE: /Users/runner/micromamba-bin/micromamba
2025-02-22T20:45:58.2398240Z   CONDARC: /Users/runner/work/_temp/setup-micromamba/.condarc
2025-02-22T20:45:58.2398480Z ##[endgroup]
2025-02-22T20:45:59.3416450Z Obtaining file:///Users/runner/work/tardis/tardis
2025-02-22T20:45:59.3439310Z   Installing build dependencies: started
2025-02-22T20:46:02.4644280Z   Installing build dependencies: finished with status 'done'
2025-02-22T20:46:02.4653850Z   Checking if build backend supports build_editable: started
2025-02-22T20:46:02.5631020Z   Checking if build backend supports build_editable: finished with status 'done'
2025-02-22T20:46:02.5640840Z   Getting requirements to build editable: started
2025-02-22T20:46:03.2047280Z   Getting requirements to build editable: finished with status 'done'
2025-02-22T20:46:03.2060060Z   Preparing editable metadata (pyproject.toml): started
2025-02-22T20:46:03.7700060Z   Preparing editable metadata (pyproject.toml): finished with status 'done'
2025-02-22T20:46:03.8283430Z Requirement already satisfied: astropy in /Users/runner/micromamba/envs/tardis/lib/python3.12/site-packages (from tardis==0.0.0) (6.1.1)
2025-02-22T20:46:03.8829980Z Requirement already satisfied: numpy>=1.23 in /Users/runner/micromamba/envs/tardis/lib/python3.12/site-packages (from astropy->tardis==0.0.0) (1.26.4)
2025-02-22T20:46:03.8932620Z Requirement already satisfied: pyerfa>=2.0.1.1 in /Users/runner/micromamba/envs/tardis/lib/python3.12/site-packages (from astropy->tardis==0.0.0) (2.0.1.4)
2025-02-22T20:46:03.8964900Z Requirement already satisfied: astropy-iers-data>=0.2024.5.27.0.30.8 in /Users/runner/micromamba/envs/tardis/lib/python3.12/site-packages (from astropy->tardis==0.0.0) (0.2024.6.17.0.31.35)
2025-02-22T20:46:03.8978780Z Requirement already satisfied: PyYAML>=3.13 in /Users/runner/micromamba/envs/tardis/lib/python3.12/site-packages (from astropy->tardis==0.0.0) (6.0.1)
2025-02-22T20:46:03.8990500Z Requirement already satisfied: packaging>=19.0 in /Users/runner/micromamba/envs/tardis/lib/python3.12/site-packages (from astropy->tardis==0.0.0) (24.1)
2025-02-22T20:46:03.8991280Z Building wheels for collected packages: tardis
2025-02-22T20:46:03.8991690Z   Building editable for tardis (pyproject.toml): started
2025-02-22T20:46:04.9102700Z   Building editable for tardis (pyproject.toml): finished with status 'done'
2025-02-22T20:46:04.9110950Z   Created wheel for tardis: filename=tardis-0.0.0-0.editable-py3-none-any.whl size=8877 sha256=7e8dbbc0833563bbbb05fdc9d7faf5059dde829edece90a15d85d1af398c76aa
2025-02-22T20:46:04.9111960Z   Stored in directory: /private/var/folders/2s/h6hvv9ps03xgz_krkkstvq_r0000gn/T/pip-ephem-wheel-cache-bcq1v3ah/wheels/bb/4f/6a/0829b918c1c10bc28535ce7f14be21eee54375bdd9cd0c306a
2025-02-22T20:46:04.9139640Z Successfully built tardis
2025-02-22T20:46:05.6145180Z Installing collected packages: tardis
2025-02-22T20:46:05.6283000Z Successfully installed tardis-0.0.0
2025-02-22T20:46:05.9772740Z ##[group]Run pip install qgridnext
2025-02-22T20:46:05.9773140Z [36;1mpip install qgridnext[0m
2025-02-22T20:46:05.9871460Z shell: /bin/bash -l {0}
2025-02-22T20:46:05.9871670Z env:
2025-02-22T20:46:05.9871830Z   CACHE_NUMBER: 0
2025-02-22T20:46:05.9872350Z   PYTEST_FLAGS: --tardis-regression-data=/Users/runner/work/tardis/tardis/tardis-regression-data --cov=tardis --cov-report=xml --cov-report=html --cov-append
2025-02-22T20:46:05.9872890Z   CODECOV_TOKEN: 
2025-02-22T20:46:05.9873070Z   MAMBA_ROOT_PREFIX: /Users/runner/micromamba
2025-02-22T20:46:05.9873340Z   MAMBA_EXE: /Users/runner/micromamba-bin/micromamba
2025-02-22T20:46:05.9873660Z   CONDARC: /Users/runner/work/_temp/setup-micromamba/.condarc
2025-02-22T20:46:05.9873910Z ##[endgroup]
2025-02-22T20:46:06.6016850Z Collecting qgridnext
2025-02-22T20:46:06.6489360Z   Downloading qgridnext-2.0.4-py3-none-any.whl.metadata (9.9 kB)
2025-02-22T20:46:06.6699710Z Requirement already satisfied: pandas>=0.20.0 in /Users/runner/micromamba/envs/tardis/lib/python3.12/site-packages (from qgridnext) (2.2.2)
2025-02-22T20:46:06.6706280Z Requirement already satisfied: ipywidgets>=7.0.0 in /Users/runner/micromamba/envs/tardis/lib/python3.12/site-packages (from qgridnext) (7.8.0)
2025-02-22T20:46:06.6713430Z Requirement already satisfied: numpy in /Users/runner/micromamba/envs/tardis/lib/python3.12/site-packages (from qgridnext) (1.26.4)
2025-02-22T20:46:06.6720420Z Requirement already satisfied: traitlets in /Users/runner/micromamba/envs/tardis/lib/python3.12/site-packages (from qgridnext) (5.14.3)
2025-02-22T20:46:06.6775770Z Requirement already satisfied: comm>=0.1.3 in /Users/runner/micromamba/envs/tardis/lib/python3.12/site-packages (from ipywidgets>=7.0.0->qgridnext) (0.2.2)
2025-02-22T20:46:06.6780480Z Requirement already satisfied: ipython-genutils~=0.2.0 in /Users/runner/micromamba/envs/tardis/lib/python3.12/site-packages (from ipywidgets>=7.0.0->qgridnext) (0.2.0)
2025-02-22T20:46:06.6789720Z Requirement already satisfied: widgetsnbextension~=3.6.5 in /Users/runner/micromamba/envs/tardis/lib/python3.12/site-packages (from ipywidgets>=7.0.0->qgridnext) (3.6.6)
2025-02-22T20:46:06.6800630Z Requirement already satisfied: ipython>=4.0.0 in /Users/runner/micromamba/envs/tardis/lib/python3.12/site-packages (from ipywidgets>=7.0.0->qgridnext) (8.25.0)
2025-02-22T20:46:06.6810090Z Requirement already satisfied: jupyterlab-widgets<3,>=1.0.0 in /Users/runner/micromamba/envs/tardis/lib/python3.12/site-packages (from ipywidgets>=7.0.0->qgridnext) (1.1.7)
2025-02-22T20:46:06.7119520Z Requirement already satisfied: python-dateutil>=2.8.2 in /Users/runner/micromamba/envs/tardis/lib/python3.12/site-packages (from pandas>=0.20.0->qgridnext) (2.9.0)
2025-02-22T20:46:06.7134020Z Requirement already satisfied: pytz>=2020.1 in /Users/runner/micromamba/envs/tardis/lib/python3.12/site-packages (from pandas>=0.20.0->qgridnext) (2024.1)
2025-02-22T20:46:06.7142540Z Requirement already satisfied: tzdata>=2022.7 in /Users/runner/micromamba/envs/tardis/lib/python3.12/site-packages (from pandas>=0.20.0->qgridnext) (2024.1)
2025-02-22T20:46:06.7373230Z Requirement already satisfied: decorator in /Users/runner/micromamba/envs/tardis/lib/python3.12/site-packages (from ipython>=4.0.0->ipywidgets>=7.0.0->qgridnext) (5.1.1)
2025-02-22T20:46:06.7384810Z Requirement already satisfied: jedi>=0.16 in /Users/runner/micromamba/envs/tardis/lib/python3.12/site-packages (from ipython>=4.0.0->ipywidgets>=7.0.0->qgridnext) (0.19.1)
2025-02-22T20:46:06.7390980Z Requirement already satisfied: matplotlib-inline in /Users/runner/micromamba/envs/tardis/lib/python3.12/site-packages (from ipython>=4.0.0->ipywidgets>=7.0.0->qgridnext) (0.1.7)
2025-02-22T20:46:06.7397870Z Requirement already satisfied: prompt-toolkit<3.1.0,>=3.0.41 in /Users/runner/micromamba/envs/tardis/lib/python3.12/site-packages (from ipython>=4.0.0->ipywidgets>=7.0.0->qgridnext) (3.0.47)
2025-02-22T20:46:06.7408460Z Requirement already satisfied: pygments>=2.4.0 in /Users/runner/micromamba/envs/tardis/lib/python3.12/site-packages (from ipython>=4.0.0->ipywidgets>=7.0.0->qgridnext) (2.18.0)
2025-02-22T20:46:06.7414780Z Requirement already satisfied: stack-data in /Users/runner/micromamba/envs/tardis/lib/python3.12/site-packages (from ipython>=4.0.0->ipywidgets>=7.0.0->qgridnext) (0.6.2)
2025-02-22T20:46:06.7428470Z Requirement already satisfied: pexpect>4.3 in /Users/runner/micromamba/envs/tardis/lib/python3.12/site-packages (from ipython>=4.0.0->ipywidgets>=7.0.0->qgridnext) (4.9.0)
2025-02-22T20:46:06.7458160Z Requirement already satisfied: six>=1.5 in /Users/runner/micromamba/envs/tardis/lib/python3.12/site-packages (from python-dateutil>=2.8.2->pandas>=0.20.0->qgridnext) (1.16.0)
2025-02-22T20:46:06.7503830Z Requirement already satisfied: notebook>=4.4.1 in /Users/runner/micromamba/envs/tardis/lib/python3.12/site-packages (from widgetsnbextension~=3.6.5->ipywidgets>=7.0.0->qgridnext) (7.2.1)
2025-02-22T20:46:06.7653870Z Requirement already satisfied: parso<0.9.0,>=0.8.3 in /Users/runner/micromamba/envs/tardis/lib/python3.12/site-packages (from jedi>=0.16->ipython>=4.0.0->ipywidgets>=7.0.0->qgridnext) (0.8.4)
2025-02-22T20:46:06.7856420Z Requirement already satisfied: jupyter-server<3,>=2.4.0 in /Users/runner/micromamba/envs/tardis/lib/python3.12/site-packages (from notebook>=4.4.1->widgetsnbextension~=3.6.5->ipywidgets>=7.0.0->qgridnext) (2.14.1)
2025-02-22T20:46:06.7956710Z Requirement already satisfied: jupyterlab-server<3,>=2.27.1 in /Users/runner/micromamba/envs/tardis/lib/python3.12/site-packages (from notebook>=4.4.1->widgetsnbextension~=3.6.5->ipywidgets>=7.0.0->qgridnext) (2.27.2)
2025-02-22T20:46:06.8060220Z Requirement already satisfied: jupyterlab<4.3,>=4.2.0 in /Users/runner/micromamba/envs/tardis/lib/python3.12/site-packages (from notebook>=4.4.1->widgetsnbextension~=3.6.5->ipywidgets>=7.0.0->qgridnext) (4.2.2)
2025-02-22T20:46:06.8159350Z Requirement already satisfied: notebook-shim<0.3,>=0.2 in /Users/runner/micromamba/envs/tardis/lib/python3.12/site-packages (from notebook>=4.4.1->widgetsnbextension~=3.6.5->ipywidgets>=7.0.0->qgridnext) (0.2.4)
2025-02-22T20:46:06.8261480Z Requirement already satisfied: tornado>=6.2.0 in /Users/runner/micromamba/envs/tardis/lib/python3.12/site-packages (from notebook>=4.4.1->widgetsnbextension~=3.6.5->ipywidgets>=7.0.0->qgridnext) (6.4.1)
2025-02-22T20:46:06.8362610Z Requirement already satisfied: ptyprocess>=0.5 in /Users/runner/micromamba/envs/tardis/lib/python3.12/site-packages (from pexpect>4.3->ipython>=4.0.0->ipywidgets>=7.0.0->qgridnext) (0.7.0)
2025-02-22T20:46:06.8465880Z Requirement already satisfied: wcwidth in /Users/runner/micromamba/envs/tardis/lib/python3.12/site-packages (from prompt-toolkit<3.1.0,>=3.0.41->ipython>=4.0.0->ipywidgets>=7.0.0->qgridnext) (0.2.13)
2025-02-22T20:46:06.8565140Z Requirement already satisfied: executing>=1.2.0 in /Users/runner/micromamba/envs/tardis/lib/python3.12/site-packages (from stack-data->ipython>=4.0.0->ipywidgets>=7.0.0->qgridnext) (2.0.1)
2025-02-22T20:46:06.8668370Z Requirement already satisfied: asttokens>=2.1.0 in /Users/runner/micromamba/envs/tardis/lib/python3.12/site-packages (from stack-data->ipython>=4.0.0->ipywidgets>=7.0.0->qgridnext) (2.4.1)
2025-02-22T20:46:06.8769470Z Requirement already satisfied: pure-eval in /Users/runner/micromamba/envs/tardis/lib/python3.12/site-packages (from stack-data->ipython>=4.0.0->ipywidgets>=7.0.0->qgridnext) (0.2.2)
2025-02-22T20:46:06.8871410Z Requirement already satisfied: anyio>=3.1.0 in /Users/runner/micromamba/envs/tardis/lib/python3.12/site-packages (from jupyter-server<3,>=2.4.0->notebook>=4.4.1->widgetsnbextension~=3.6.5->ipywidgets>=7.0.0->qgridnext) (4.4.0)
2025-02-22T20:46:06.8971880Z Requirement already satisfied: argon2-cffi>=21.1 in /Users/runner/micromamba/envs/tardis/lib/python3.12/site-packages (from jupyter-server<3,>=2.4.0->notebook>=4.4.1->widgetsnbextension~=3.6.5->ipywidgets>=7.0.0->qgridnext) (23.1.0)
2025-02-22T20:46:06.9074040Z Requirement already satisfied: jinja2>=3.0.3 in /Users/runner/micromamba/envs/tardis/lib/python3.12/site-packages (from jupyter-server<3,>=2.4.0->notebook>=4.4.1->widgetsnbextension~=3.6.5->ipywidgets>=7.0.0->qgridnext) (3.1.4)
2025-02-22T20:46:06.9178720Z Requirement already satisfied: jupyter-client>=7.4.4 in /Users/runner/micromamba/envs/tardis/lib/python3.12/site-packages (from jupyter-server<3,>=2.4.0->notebook>=4.4.1->widgetsnbextension~=3.6.5->ipywidgets>=7.0.0->qgridnext) (8.6.2)
2025-02-22T20:46:06.9282140Z Requirement already satisfied: jupyter-core!=5.0.*,>=4.12 in /Users/runner/micromamba/envs/tardis/lib/python3.12/site-packages (from jupyter-server<3,>=2.4.0->notebook>=4.4.1->widgetsnbextension~=3.6.5->ipywidgets>=7.0.0->qgridnext) (5.7.2)
2025-02-22T20:46:06.9387440Z Requirement already satisfied: jupyter-events>=0.9.0 in /Users/runner/micromamba/envs/tardis/lib/python3.12/site-packages (from jupyter-server<3,>=2.4.0->notebook>=4.4.1->widgetsnbextension~=3.6.5->ipywidgets>=7.0.0->qgridnext) (0.10.0)
2025-02-22T20:46:06.9489950Z Requirement already satisfied: jupyter-server-terminals>=0.4.4 in /Users/runner/micromamba/envs/tardis/lib/python3.12/site-packages (from jupyter-server<3,>=2.4.0->notebook>=4.4.1->widgetsnbextension~=3.6.5->ipywidgets>=7.0.0->qgridnext) (0.5.3)
2025-02-22T20:46:06.9591780Z Requirement already satisfied: nbconvert>=6.4.4 in /Users/runner/micromamba/envs/tardis/lib/python3.12/site-packages (from jupyter-server<3,>=2.4.0->notebook>=4.4.1->widgetsnbextension~=3.6.5->ipywidgets>=7.0.0->qgridnext) (7.16.4)
2025-02-22T20:46:06.9692570Z Requirement already satisfied: nbformat>=5.3.0 in /Users/runner/micromamba/envs/tardis/lib/python3.12/site-packages (from jupyter-server<3,>=2.4.0->notebook>=4.4.1->widgetsnbextension~=3.6.5->ipywidgets>=7.0.0->qgridnext) (5.10.4)
2025-02-22T20:46:06.9793980Z Requirement already satisfied: overrides>=5.0 in /Users/runner/micromamba/envs/tardis/lib/python3.12/site-packages (from jupyter-server<3,>=2.4.0->notebook>=4.4.1->widgetsnbextension~=3.6.5->ipywidgets>=7.0.0->qgridnext) (7.7.0)
2025-02-22T20:46:06.9805360Z Requirement already satisfied: packaging>=22.0 in /Users/runner/micromamba/envs/tardis/lib/python3.12/site-packages (from jupyter-server<3,>=2.4.0->notebook>=4.4.1->widgetsnbextension~=3.6.5->ipywidgets>=7.0.0->qgridnext) (24.1)
2025-02-22T20:46:06.9907430Z Requirement already satisfied: prometheus-client>=0.9 in /Users/runner/micromamba/envs/tardis/lib/python3.12/site-packages (from jupyter-server<3,>=2.4.0->notebook>=4.4.1->widgetsnbextension~=3.6.5->ipywidgets>=7.0.0->qgridnext) (0.20.0)
2025-02-22T20:46:07.0010110Z Requirement already satisfied: pyzmq>=24 in /Users/runner/micromamba/envs/tardis/lib/python3.12/site-packages (from jupyter-server<3,>=2.4.0->notebook>=4.4.1->widgetsnbextension~=3.6.5->ipywidgets>=7.0.0->qgridnext) (26.0.3)
2025-02-22T20:46:07.0112960Z Requirement already satisfied: send2trash>=1.8.2 in /Users/runner/micromamba/envs/tardis/lib/python3.12/site-packages (from jupyter-server<3,>=2.4.0->notebook>=4.4.1->widgetsnbextension~=3.6.5->ipywidgets>=7.0.0->qgridnext) (1.8.3)
2025-02-22T20:46:07.0215490Z Requirement already satisfied: terminado>=0.8.3 in /Users/runner/micromamba/envs/tardis/lib/python3.12/site-packages (from jupyter-server<3,>=2.4.0->notebook>=4.4.1->widgetsnbextension~=3.6.5->ipywidgets>=7.0.0->qgridnext) (0.18.1)
2025-02-22T20:46:07.0325240Z Requirement already satisfied: websocket-client>=1.7 in /Users/runner/micromamba/envs/tardis/lib/python3.12/site-packages (from jupyter-server<3,>=2.4.0->notebook>=4.4.1->widgetsnbextension~=3.6.5->ipywidgets>=7.0.0->qgridnext) (1.8.0)
2025-02-22T20:46:07.0429010Z Requirement already satisfied: async-lru>=1.0.0 in /Users/runner/micromamba/envs/tardis/lib/python3.12/site-packages (from jupyterlab<4.3,>=4.2.0->notebook>=4.4.1->widgetsnbextension~=3.6.5->ipywidgets>=7.0.0->qgridnext) (2.0.4)
2025-02-22T20:46:07.0531090Z Requirement already satisfied: httpx>=0.25.0 in /Users/runner/micromamba/envs/tardis/lib/python3.12/site-packages (from jupyterlab<4.3,>=4.2.0->notebook>=4.4.1->widgetsnbextension~=3.6.5->ipywidgets>=7.0.0->qgridnext) (0.27.0)
2025-02-22T20:46:07.0633920Z Requirement already satisfied: ipykernel>=6.5.0 in /Users/runner/micromamba/envs/tardis/lib/python3.12/site-packages (from jupyterlab<4.3,>=4.2.0->notebook>=4.4.1->widgetsnbextension~=3.6.5->ipywidgets>=7.0.0->qgridnext) (6.29.4)
2025-02-22T20:46:07.0735830Z Requirement already satisfied: jupyter-lsp>=2.0.0 in /Users/runner/micromamba/envs/tardis/lib/python3.12/site-packages (from jupyterlab<4.3,>=4.2.0->notebook>=4.4.1->widgetsnbextension~=3.6.5->ipywidgets>=7.0.0->qgridnext) (2.2.5)
2025-02-22T20:46:07.0810460Z Requirement already satisfied: setuptools>=40.1.0 in /Users/runner/micromamba/envs/tardis/lib/python3.12/site-packages (from jupyterlab<4.3,>=4.2.0->notebook>=4.4.1->widgetsnbextension~=3.6.5->ipywidgets>=7.0.0->qgridnext) (70.0.0)
2025-02-22T20:46:07.0915020Z Requirement already satisfied: babel>=2.10 in /Users/runner/micromamba/envs/tardis/lib/python3.12/site-packages (from jupyterlab-server<3,>=2.27.1->notebook>=4.4.1->widgetsnbextension~=3.6.5->ipywidgets>=7.0.0->qgridnext) (2.14.0)
2025-02-22T20:46:07.1020730Z Requirement already satisfied: json5>=0.9.0 in /Users/runner/micromamba/envs/tardis/lib/python3.12/site-packages (from jupyterlab-server<3,>=2.27.1->notebook>=4.4.1->widgetsnbextension~=3.6.5->ipywidgets>=7.0.0->qgridnext) (0.9.25)
2025-02-22T20:46:07.1125770Z Requirement already satisfied: jsonschema>=4.18.0 in /Users/runner/micromamba/envs/tardis/lib/python3.12/site-packages (from jupyterlab-server<3,>=2.27.1->notebook>=4.4.1->widgetsnbextension~=3.6.5->ipywidgets>=7.0.0->qgridnext) (4.22.0)
2025-02-22T20:46:07.1229130Z Requirement already satisfied: requests>=2.31 in /Users/runner/micromamba/envs/tardis/lib/python3.12/site-packages (from jupyterlab-server<3,>=2.27.1->notebook>=4.4.1->widgetsnbextension~=3.6.5->ipywidgets>=7.0.0->qgridnext) (2.32.3)
2025-02-22T20:46:07.1331130Z Requirement already satisfied: idna>=2.8 in /Users/runner/micromamba/envs/tardis/lib/python3.12/site-packages (from anyio>=3.1.0->jupyter-server<3,>=2.4.0->notebook>=4.4.1->widgetsnbextension~=3.6.5->ipywidgets>=7.0.0->qgridnext) (3.7)
2025-02-22T20:46:07.1433650Z Requirement already satisfied: sniffio>=1.1 in /Users/runner/micromamba/envs/tardis/lib/python3.12/site-packages (from anyio>=3.1.0->jupyter-server<3,>=2.4.0->notebook>=4.4.1->widgetsnbextension~=3.6.5->ipywidgets>=7.0.0->qgridnext) (1.3.1)
2025-02-22T20:46:07.1536480Z Requirement already satisfied: argon2-cffi-bindings in /Users/runner/micromamba/envs/tardis/lib/python3.12/site-packages (from argon2-cffi>=21.1->jupyter-server<3,>=2.4.0->notebook>=4.4.1->widgetsnbextension~=3.6.5->ipywidgets>=7.0.0->qgridnext) (21.2.0)
2025-02-22T20:46:07.1639370Z Requirement already satisfied: certifi in /Users/runner/micromamba/envs/tardis/lib/python3.12/site-packages (from httpx>=0.25.0->jupyterlab<4.3,>=4.2.0->notebook>=4.4.1->widgetsnbextension~=3.6.5->ipywidgets>=7.0.0->qgridnext) (2024.6.2)
2025-02-22T20:46:07.1746390Z Requirement already satisfied: httpcore==1.* in /Users/runner/micromamba/envs/tardis/lib/python3.12/site-packages (from httpx>=0.25.0->jupyterlab<4.3,>=4.2.0->notebook>=4.4.1->widgetsnbextension~=3.6.5->ipywidgets>=7.0.0->qgridnext) (1.0.5)
2025-02-22T20:46:07.1850450Z Requirement already satisfied: h11<0.15,>=0.13 in /Users/runner/micromamba/envs/tardis/lib/python3.12/site-packages (from httpcore==1.*->httpx>=0.25.0->jupyterlab<4.3,>=4.2.0->notebook>=4.4.1->widgetsnbextension~=3.6.5->ipywidgets>=7.0.0->qgridnext) (0.14.0)
2025-02-22T20:46:07.1951720Z Requirement already satisfied: appnope in /Users/runner/micromamba/envs/tardis/lib/python3.12/site-packages (from ipykernel>=6.5.0->jupyterlab<4.3,>=4.2.0->notebook>=4.4.1->widgetsnbextension~=3.6.5->ipywidgets>=7.0.0->qgridnext) (0.1.4)
2025-02-22T20:46:07.2054020Z Requirement already satisfied: debugpy>=1.6.5 in /Users/runner/micromamba/envs/tardis/lib/python3.12/site-packages (from ipykernel>=6.5.0->jupyterlab<4.3,>=4.2.0->notebook>=4.4.1->widgetsnbextension~=3.6.5->ipywidgets>=7.0.0->qgridnext) (1.8.1)
2025-02-22T20:46:07.2156590Z Requirement already satisfied: nest-asyncio in /Users/runner/micromamba/envs/tardis/lib/python3.12/site-packages (from ipykernel>=6.5.0->jupyterlab<4.3,>=4.2.0->notebook>=4.4.1->widgetsnbextension~=3.6.5->ipywidgets>=7.0.0->qgridnext) (1.6.0)
2025-02-22T20:46:07.2258640Z Requirement already satisfied: psutil in /Users/runner/micromamba/envs/tardis/lib/python3.12/site-packages (from ipykernel>=6.5.0->jupyterlab<4.3,>=4.2.0->notebook>=4.4.1->widgetsnbextension~=3.6.5->ipywidgets>=7.0.0->qgridnext) (5.9.8)
2025-02-22T20:46:07.2362240Z Requirement already satisfied: MarkupSafe>=2.0 in /Users/runner/micromamba/envs/tardis/lib/python3.12/site-packages (from jinja2>=3.0.3->jupyter-server<3,>=2.4.0->notebook>=4.4.1->widgetsnbextension~=3.6.5->ipywidgets>=7.0.0->qgridnext) (2.1.5)
2025-02-22T20:46:07.2465220Z Requirement already satisfied: attrs>=22.2.0 in /Users/runner/micromamba/envs/tardis/lib/python3.12/site-packages (from jsonschema>=4.18.0->jupyterlab-server<3,>=2.27.1->notebook>=4.4.1->widgetsnbextension~=3.6.5->ipywidgets>=7.0.0->qgridnext) (23.2.0)
2025-02-22T20:46:07.2537470Z Requirement already satisfied: jsonschema-specifications>=2023.03.6 in /Users/runner/micromamba/envs/tardis/lib/python3.12/site-packages (from jsonschema>=4.18.0->jupyterlab-server<3,>=2.27.1->notebook>=4.4.1->widgetsnbextension~=3.6.5->ipywidgets>=7.0.0->qgridnext) (2023.12.1)
2025-02-22T20:46:07.2641650Z Requirement already satisfied: referencing>=0.28.4 in /Users/runner/micromamba/envs/tardis/lib/python3.12/site-packages (from jsonschema>=4.18.0->jupyterlab-server<3,>=2.27.1->notebook>=4.4.1->widgetsnbextension~=3.6.5->ipywidgets>=7.0.0->qgridnext) (0.35.1)
2025-02-22T20:46:07.2743890Z Requirement already satisfied: rpds-py>=0.7.1 in /Users/runner/micromamba/envs/tardis/lib/python3.12/site-packages (from jsonschema>=4.18.0->jupyterlab-server<3,>=2.27.1->notebook>=4.4.1->widgetsnbextension~=3.6.5->ipywidgets>=7.0.0->qgridnext) (0.18.1)
2025-02-22T20:46:07.2846110Z Requirement already satisfied: platformdirs>=2.5 in /Users/runner/micromamba/envs/tardis/lib/python3.12/site-packages (from jupyter-core!=5.0.*,>=4.12->jupyter-server<3,>=2.4.0->notebook>=4.4.1->widgetsnbextension~=3.6.5->ipywidgets>=7.0.0->qgridnext) (4.2.2)
2025-02-22T20:46:07.2949950Z Requirement already satisfied: python-json-logger>=2.0.4 in /Users/runner/micromamba/envs/tardis/lib/python3.12/site-packages (from jupyter-events>=0.9.0->jupyter-server<3,>=2.4.0->notebook>=4.4.1->widgetsnbextension~=3.6.5->ipywidgets>=7.0.0->qgridnext) (2.0.7)
2025-02-22T20:46:07.3055300Z Requirement already satisfied: pyyaml>=5.3 in /Users/runner/micromamba/envs/tardis/lib/python3.12/site-packages (from jupyter-events>=0.9.0->jupyter-server<3,>=2.4.0->notebook>=4.4.1->widgetsnbextension~=3.6.5->ipywidgets>=7.0.0->qgridnext) (6.0.1)
2025-02-22T20:46:07.3164320Z Requirement already satisfied: rfc3339-validator in /Users/runner/micromamba/envs/tardis/lib/python3.12/site-packages (from jupyter-events>=0.9.0->jupyter-server<3,>=2.4.0->notebook>=4.4.1->widgetsnbextension~=3.6.5->ipywidgets>=7.0.0->qgridnext) (0.1.4)
2025-02-22T20:46:07.3272510Z Requirement already satisfied: rfc3986-validator>=0.1.1 in /Users/runner/micromamba/envs/tardis/lib/python3.12/site-packages (from jupyter-events>=0.9.0->jupyter-server<3,>=2.4.0->notebook>=4.4.1->widgetsnbextension~=3.6.5->ipywidgets>=7.0.0->qgridnext) (0.1.1)
2025-02-22T20:46:07.3370380Z Requirement already satisfied: beautifulsoup4 in /Users/runner/micromamba/envs/tardis/lib/python3.12/site-packages (from nbconvert>=6.4.4->jupyter-server<3,>=2.4.0->notebook>=4.4.1->widgetsnbextension~=3.6.5->ipywidgets>=7.0.0->qgridnext) (4.12.3)
2025-02-22T20:46:07.3472980Z Requirement already satisfied: bleach!=5.0.0 in /Users/runner/micromamba/envs/tardis/lib/python3.12/site-packages (from nbconvert>=6.4.4->jupyter-server<3,>=2.4.0->notebook>=4.4.1->widgetsnbextension~=3.6.5->ipywidgets>=7.0.0->qgridnext) (6.1.0)
2025-02-22T20:46:07.3575060Z Requirement already satisfied: defusedxml in /Users/runner/micromamba/envs/tardis/lib/python3.12/site-packages (from nbconvert>=6.4.4->jupyter-server<3,>=2.4.0->notebook>=4.4.1->widgetsnbextension~=3.6.5->ipywidgets>=7.0.0->qgridnext) (0.7.1)
2025-02-22T20:46:07.3676580Z Requirement already satisfied: jupyterlab-pygments in /Users/runner/micromamba/envs/tardis/lib/python3.12/site-packages (from nbconvert>=6.4.4->jupyter-server<3,>=2.4.0->notebook>=4.4.1->widgetsnbextension~=3.6.5->ipywidgets>=7.0.0->qgridnext) (0.3.0)
2025-02-22T20:46:07.3777570Z Requirement already satisfied: mistune<4,>=2.0.3 in /Users/runner/micromamba/envs/tardis/lib/python3.12/site-packages (from nbconvert>=6.4.4->jupyter-server<3,>=2.4.0->notebook>=4.4.1->widgetsnbextension~=3.6.5->ipywidgets>=7.0.0->qgridnext) (3.0.2)
2025-02-22T20:46:07.3878220Z Requirement already satisfied: nbclient>=0.5.0 in /Users/runner/micromamba/envs/tardis/lib/python3.12/site-packages (from nbconvert>=6.4.4->jupyter-server<3,>=2.4.0->notebook>=4.4.1->widgetsnbextension~=3.6.5->ipywidgets>=7.0.0->qgridnext) (0.10.0)
2025-02-22T20:46:07.3979980Z Requirement already satisfied: pandocfilters>=1.4.1 in /Users/runner/micromamba/envs/tardis/lib/python3.12/site-packages (from nbconvert>=6.4.4->jupyter-server<3,>=2.4.0->notebook>=4.4.1->widgetsnbextension~=3.6.5->ipywidgets>=7.0.0->qgridnext) (1.5.0)
2025-02-22T20:46:07.4080710Z Requirement already satisfied: tinycss2 in /Users/runner/micromamba/envs/tardis/lib/python3.12/site-packages (from nbconvert>=6.4.4->jupyter-server<3,>=2.4.0->notebook>=4.4.1->widgetsnbextension~=3.6.5->ipywidgets>=7.0.0->qgridnext) (1.3.0)
2025-02-22T20:46:07.4188050Z Requirement already satisfied: fastjsonschema>=2.15 in /Users/runner/micromamba/envs/tardis/lib/python3.12/site-packages (from nbformat>=5.3.0->jupyter-server<3,>=2.4.0->notebook>=4.4.1->widgetsnbextension~=3.6.5->ipywidgets>=7.0.0->qgridnext) (2.20.0)
2025-02-22T20:46:07.4295920Z Requirement already satisfied: charset-normalizer<4,>=2 in /Users/runner/micromamba/envs/tardis/lib/python3.12/site-packages (from requests>=2.31->jupyterlab-server<3,>=2.27.1->notebook>=4.4.1->widgetsnbextension~=3.6.5->ipywidgets>=7.0.0->qgridnext) (3.3.2)
2025-02-22T20:46:07.4398340Z Requirement already satisfied: urllib3<3,>=1.21.1 in /Users/runner/micromamba/envs/tardis/lib/python3.12/site-packages (from requests>=2.31->jupyterlab-server<3,>=2.27.1->notebook>=4.4.1->widgetsnbextension~=3.6.5->ipywidgets>=7.0.0->qgridnext) (2.2.2)
2025-02-22T20:46:07.4498800Z Requirement already satisfied: webencodings in /Users/runner/micromamba/envs/tardis/lib/python3.12/site-packages (from bleach!=5.0.0->nbconvert>=6.4.4->jupyter-server<3,>=2.4.0->notebook>=4.4.1->widgetsnbextension~=3.6.5->ipywidgets>=7.0.0->qgridnext) (0.5.1)
2025-02-22T20:46:07.4600940Z Requirement already satisfied: fqdn in /Users/runner/micromamba/envs/tardis/lib/python3.12/site-packages (from jsonschema[format-nongpl]>=4.18.0->jupyter-events>=0.9.0->jupyter-server<3,>=2.4.0->notebook>=4.4.1->widgetsnbextension~=3.6.5->ipywidgets>=7.0.0->qgridnext) (1.5.1)
2025-02-22T20:46:07.4701820Z Requirement already satisfied: isoduration in /Users/runner/micromamba/envs/tardis/lib/python3.12/site-packages (from jsonschema[format-nongpl]>=4.18.0->jupyter-events>=0.9.0->jupyter-server<3,>=2.4.0->notebook>=4.4.1->widgetsnbextension~=3.6.5->ipywidgets>=7.0.0->qgridnext) (20.11.0)
2025-02-22T20:46:07.4775340Z Requirement already satisfied: jsonpointer>1.13 in /Users/runner/micromamba/envs/tardis/lib/python3.12/site-packages (from jsonschema[format-nongpl]>=4.18.0->jupyter-events>=0.9.0->jupyter-server<3,>=2.4.0->notebook>=4.4.1->widgetsnbextension~=3.6.5->ipywidgets>=7.0.0->qgridnext) (3.0.0)
2025-02-22T20:46:07.4877490Z Requirement already satisfied: uri-template in /Users/runner/micromamba/envs/tardis/lib/python3.12/site-packages (from jsonschema[format-nongpl]>=4.18.0->jupyter-events>=0.9.0->jupyter-server<3,>=2.4.0->notebook>=4.4.1->widgetsnbextension~=3.6.5->ipywidgets>=7.0.0->qgridnext) (1.3.0)
2025-02-22T20:46:07.4980040Z Requirement already satisfied: webcolors>=1.11 in /Users/runner/micromamba/envs/tardis/lib/python3.12/site-packages (from jsonschema[format-nongpl]>=4.18.0->jupyter-events>=0.9.0->jupyter-server<3,>=2.4.0->notebook>=4.4.1->widgetsnbextension~=3.6.5->ipywidgets>=7.0.0->qgridnext) (24.6.0)
2025-02-22T20:46:07.5084060Z Requirement already satisfied: cffi>=1.0.1 in /Users/runner/micromamba/envs/tardis/lib/python3.12/site-packages (from argon2-cffi-bindings->argon2-cffi>=21.1->jupyter-server<3,>=2.4.0->notebook>=4.4.1->widgetsnbextension~=3.6.5->ipywidgets>=7.0.0->qgridnext) (1.16.0)
2025-02-22T20:46:07.5182690Z Requirement already satisfied: soupsieve>1.2 in /Users/runner/micromamba/envs/tardis/lib/python3.12/site-packages (from beautifulsoup4->nbconvert>=6.4.4->jupyter-server<3,>=2.4.0->notebook>=4.4.1->widgetsnbextension~=3.6.5->ipywidgets>=7.0.0->qgridnext) (2.5)
2025-02-22T20:46:07.5275460Z Requirement already satisfied: pycparser in /Users/runner/micromamba/envs/tardis/lib/python3.12/site-packages (from cffi>=1.0.1->argon2-cffi-bindings->argon2-cffi>=21.1->jupyter-server<3,>=2.4.0->notebook>=4.4.1->widgetsnbextension~=3.6.5->ipywidgets>=7.0.0->qgridnext) (2.22)
2025-02-22T20:46:07.5363400Z Requirement already satisfied: arrow>=0.15.0 in /Users/runner/micromamba/envs/tardis/lib/python3.12/site-packages (from isoduration->jsonschema[format-nongpl]>=4.18.0->jupyter-events>=0.9.0->jupyter-server<3,>=2.4.0->notebook>=4.4.1->widgetsnbextension~=3.6.5->ipywidgets>=7.0.0->qgridnext) (1.3.0)
2025-02-22T20:46:07.5532090Z Requirement already satisfied: types-python-dateutil>=2.8.10 in /Users/runner/micromamba/envs/tardis/lib/python3.12/site-packages (from arrow>=0.15.0->isoduration->jsonschema[format-nongpl]>=4.18.0->jupyter-events>=0.9.0->jupyter-server<3,>=2.4.0->notebook>=4.4.1->widgetsnbextension~=3.6.5->ipywidgets>=7.0.0->qgridnext) (2.9.0.20240316)
2025-02-22T20:46:07.5894980Z Downloading qgridnext-2.0.4-py3-none-any.whl (1.3 MB)
2025-02-22T20:46:07.6502460Z    â”â”â”â”â”â”â”â”â”â”â”â”â”â”â”â”â”â”â”â”â”â”â”â”â”â”â”â”â”â”â”â”â”â”â”â”â”â”â”â” 1.3/1.3 MB 22.3 MB/s eta 0:00:00
2025-02-22T20:46:08.3910320Z Installing collected packages: qgridnext
2025-02-22T20:46:08.4501990Z Successfully installed qgridnext-2.0.4
2025-02-22T20:46:08.7438280Z ##[group]Run pytest tardis --tardis-regression-data=/Users/runner/work/tardis/tardis/tardis-regression-data --cov=tardis --cov-report=xml --cov-report=html --cov-append -m "not continuum"
2025-02-22T20:46:08.7440710Z [36;1mpytest tardis --tardis-regression-data=/Users/runner/work/tardis/tardis/tardis-regression-data --cov=tardis --cov-report=xml --cov-report=html --cov-append -m "not continuum"[0m
2025-02-22T20:46:08.7604810Z shell: /bin/bash -l {0}
2025-02-22T20:46:08.7605110Z env:
2025-02-22T20:46:08.7605390Z   CACHE_NUMBER: 0
2025-02-22T20:46:08.7605970Z   PYTEST_FLAGS: --tardis-regression-data=/Users/runner/work/tardis/tardis/tardis-regression-data --cov=tardis --cov-report=xml --cov-report=html --cov-append
2025-02-22T20:46:08.7606630Z   CODECOV_TOKEN: 
2025-02-22T20:46:08.7607060Z   MAMBA_ROOT_PREFIX: /Users/runner/micromamba
2025-02-22T20:46:08.7607430Z   MAMBA_EXE: /Users/runner/micromamba-bin/micromamba
2025-02-22T20:46:08.7608310Z   CONDARC: /Users/runner/work/_temp/setup-micromamba/.condarc
2025-02-22T20:46:08.7608690Z ##[endgroup]
2025-02-22T20:46:21.4538000Z ============================= test session starts ==============================
2025-02-22T20:46:21.4538710Z platform darwin -- Python 3.12.4, pytest-8.2.2, pluggy-1.5.0
2025-02-22T20:46:21.4539030Z rootdir: /Users/runner/work/tardis/tardis
2025-02-22T20:46:21.4539350Z configfile: pyproject.toml
2025-02-22T20:46:21.4539680Z plugins: cov-5.0.0, html-4.1.1, metadata-3.1.1, doctestplus-1.2.1, anyio-4.4.0
2025-02-22T20:46:21.4540180Z collected 1799 items / 2 deselected / 1797 selected
2025-02-22T20:46:21.4540370Z 
2025-02-22T20:46:25.2021460Z tardis/energy_input/tests/test_energy_source.py ..xxx                    [  0%]
2025-02-22T20:46:27.2677770Z tardis/energy_input/tests/test_gamma_ray_channel.py ...........          [  0%]
2025-02-22T20:46:28.4845050Z tardis/energy_input/tests/test_gamma_ray_grid.py xx.                     [  1%]
2025-02-22T20:46:29.6206370Z tardis/energy_input/tests/test_gamma_ray_interactions.py xx....          [  1%]
2025-02-22T20:46:29.6263910Z tardis/energy_input/tests/test_gamma_ray_packet_source.py sssssssss      [  1%]
2025-02-22T20:46:30.5932210Z tardis/energy_input/tests/test_util.py .....xxxx.....                    [  2%]
2025-02-22T20:46:30.8706580Z tardis/grid/tests/test_grid.py .                                         [  2%]
2025-02-22T20:46:30.8717130Z tardis/gui/tests/test_gui.py s                                           [  2%]
2025-02-22T20:46:33.9158090Z tardis/io/configuration/tests/test_config_reader.py ...........          [  3%]
2025-02-22T20:46:33.9200720Z tardis/io/configuration/tests/test_configuration_namespace.py .........  [  3%]
2025-02-22T20:46:33.9385030Z tardis/io/logger/tests/test_logging.py ssssssssssssssssssssssssssss      [  5%]
2025-02-22T20:47:04.8536540Z tardis/io/model/readers/tests/test_arepo_parser.py ..                    [  5%]
2025-02-22T20:47:04.9177770Z tardis/io/model/readers/tests/test_artis_readers.py ...                  [  5%]
2025-02-22T20:47:04.9364130Z tardis/io/model/readers/tests/test_ascii_readers.py ...                  [  5%]
2025-02-22T20:47:04.9480430Z tardis/io/model/readers/tests/test_cmfgen_reader.py ..                   [  6%]
2025-02-22T20:47:04.9900820Z tardis/io/model/readers/tests/test_csvy_reader.py ....                   [  6%]
2025-02-22T20:47:05.0141020Z tardis/io/model/readers/tests/test_stella_reader.py ..                   [  6%]
2025-02-22T20:47:05.3190240Z tardis/io/tests/test_HDFWriter.py ...............                        [  7%]
2025-02-22T20:47:06.0280260Z tardis/io/tests/test_atomic.py .....                                     [  7%]
2025-02-22T20:47:06.0438700Z tardis/io/tests/test_decay.py ..                                         [  7%]
2025-02-22T20:47:06.2490150Z tardis/io/tests/test_model_reader.py F.....                              [  7%]
2025-02-22T20:47:06.2721280Z tardis/model/geometry/tests/test_radial1d.py ..                          [  8%]
2025-02-22T20:47:40.4933170Z tardis/model/tests/test_base.py ........................................ [ 10%]
2025-02-22T20:47:41.4996570Z ............                                                             [ 10%]
2025-02-22T20:47:44.1696810Z tardis/model/tests/test_csvy_model.py .........                          [ 11%]
2025-02-22T20:47:44.2040690Z tardis/model/tests/test_density.py ..                                    [ 11%]
2025-02-22T20:47:46.0450980Z tardis/opacities/tests/test_opacity_solver.py .....                      [ 11%]
2025-02-22T20:47:47.3295890Z tardis/opacities/tests/test_opacity_state_numba.py .....                 [ 12%]
2025-02-22T20:47:49.2729180Z tardis/opacities/tests/test_tau_sobolev.py ..                            [ 12%]
2025-02-22T20:47:52.4927260Z tardis/plasma/equilibrium/tests/test_collisional_transitions.py ...      [ 12%]
2025-02-22T20:48:41.1031730Z tardis/plasma/equilibrium/tests/test_level_populations.py ....           [ 12%]
2025-02-22T20:48:52.5989840Z tardis/plasma/equilibrium/tests/test_rate_matrix.py .                    [ 12%]
2025-02-22T20:48:53.8495940Z tardis/plasma/tests/test_complete_plasmas.py ..............s......s..... [ 14%]
2025-02-22T20:48:56.2211190Z s....ssssss............s......s.....ss.....s....ssssss............s..... [ 18%]
2025-02-22T20:48:57.5673060Z .s.....ss.....s....ssssss............s......s.....ss.....s....ssssss.... [ 22%]
2025-02-22T20:48:59.9090590Z ........s......s.....ss.....s....ssssss............s......s.....ss.....s [ 26%]
2025-02-22T20:49:02.3062510Z ....ssssss............s......s.....ss.....s....ssssss............s...... [ 30%]
2025-02-22T20:49:02.9297550Z s.....ss.....s....ssssss............s......s.....ss.....s.ss.ssssss..... [ 34%]
2025-02-22T20:49:05.3037710Z .......s......s.....ss.....s....ssssss............s......s.....ss.....s. [ 38%]
2025-02-22T20:49:07.5323740Z ...ssssss............s......s.....ss.....s....ssssss............s......s [ 42%]
2025-02-22T20:49:09.8811550Z .....ss.....s....ssssss............s......s.....s...........ssssss...... [ 46%]
2025-02-22T20:49:11.6371770Z ......s......s.....s...........ssssss............s......s.....s......... [ 50%]
2025-02-22T20:49:13.9834910Z ..ssssss............s......s.....ss.....s....ssssss............s......s. [ 54%]
2025-02-22T20:49:16.7792640Z ....ss.....s....ssssss...................s......s.....s....ssss......... [ 58%]
2025-02-22T20:49:17.0314360Z ............s......s.....s....ssss.......                                [ 60%]
2025-02-22T20:49:17.3395840Z tardis/plasma/tests/test_hdf_plasma.py ................................. [ 62%]
2025-02-22T20:49:17.3622190Z ......                                                                   [ 62%]
2025-02-22T20:49:17.6606940Z tardis/plasma/tests/test_nlte_excitation.py ...                          [ 62%]
2025-02-22T20:50:56.0601040Z tardis/plasma/tests/test_nlte_solver.py .....X                           [ 63%]
2025-02-22T20:50:56.0633500Z tardis/plasma/tests/test_plasma_continuum.py .                           [ 63%]
2025-02-22T20:51:11.3746860Z tardis/plasma/tests/test_plasma_vboundary.py .............               [ 63%]
2025-02-22T20:51:20.2567040Z tardis/plasma/tests/test_tardis_model_density_config.py ...              [ 64%]
2025-02-22T20:51:20.7374940Z tardis/simulation/tests/test_convergence.py .....                        [ 64%]
2025-02-22T20:51:27.2633230Z tardis/simulation/tests/test_simulation.py .............                 [ 65%]
2025-02-22T20:51:27.2740880Z tardis/spectrum/tests/test_cuda_formal_integral.py sssssssssssssssssssss [ 66%]
2025-02-22T20:51:27.5178270Z ssss...ssssssssssssssssssssss                                            [ 67%]
2025-02-22T20:51:27.5218330Z tardis/spectrum/tests/test_luminosity.py ....                            [ 68%]
2025-02-22T20:51:28.2630930Z tardis/spectrum/tests/test_numba_formal_integral.py .................... [ 69%]
2025-02-22T20:51:28.2733040Z ..........                                                               [ 69%]
2025-02-22T20:51:28.3776640Z tardis/spectrum/tests/test_spectrum.py ................................. [ 71%]
2025-02-22T20:51:28.4020150Z .........                                                                [ 72%]
2025-02-22T20:51:43.6981510Z tardis/spectrum/tests/test_spectrum_solver.py ....                       [ 72%]
2025-02-22T20:52:35.5471570Z tardis/tests/test_tardis_full.py ....                                    [ 72%]
2025-02-22T20:54:06.1213810Z tardis/tests/test_tardis_full_formal_integral.py ................        [ 73%]
2025-02-22T20:54:06.1681620Z tardis/tests/test_util.py .............................................  [ 75%]
2025-02-22T20:54:08.2387060Z tardis/transport/montecarlo/tests/test_base.py x.....................    [ 77%]
2025-02-22T20:54:12.5097650Z tardis/transport/montecarlo/tests/test_interaction.py .......            [ 77%]
2025-02-22T20:54:12.6433930Z tardis/transport/montecarlo/tests/test_macro_atom.py ....                [ 77%]
2025-02-22T20:54:12.6535760Z tardis/transport/montecarlo/tests/test_montecarlo.py sssssssssssssssssss [ 78%]
2025-02-22T20:54:12.6766950Z sssssssssssssssssssssssssssssssssssssssssssss                            [ 81%]
2025-02-22T20:54:19.3607150Z tardis/transport/montecarlo/tests/test_montecarlo_main_loop.py x..       [ 81%]
2025-02-22T20:54:19.3704580Z tardis/transport/montecarlo/tests/test_nonhomologous.py ...              [ 81%]
2025-02-22T20:54:21.6491490Z tardis/transport/montecarlo/tests/test_numba_interface.py .....x.        [ 82%]
2025-02-22T20:54:21.9633110Z tardis/transport/montecarlo/tests/test_opacities.py ...............      [ 82%]
2025-02-22T20:54:22.6094110Z tardis/transport/montecarlo/tests/test_packet.py .................xXXXXX [ 84%]
2025-02-22T20:54:22.6938800Z XX.........                                                              [ 84%]
2025-02-22T20:54:22.7186850Z tardis/transport/montecarlo/tests/test_packet_source.py ........         [ 85%]
2025-02-22T20:54:22.9037400Z tardis/transport/montecarlo/tests/test_rpacket_last_interaction_tracker.py . [ 85%]
2025-02-22T20:54:23.1416000Z .....                                                                    [ 85%]
2025-02-22T20:54:31.4364980Z tardis/transport/montecarlo/tests/test_rpacket_tracker.py ......         [ 85%]
2025-02-22T20:54:31.4563500Z tardis/transport/montecarlo/tests/test_single_packet_loop.py xxx         [ 86%]
2025-02-22T20:54:31.4596850Z tardis/transport/montecarlo/tests/test_tracker_utils.py ..               [ 86%]
2025-02-22T20:54:32.5538790Z tardis/transport/montecarlo/tests/test_vpacket.py ..x.                   [ 86%]
2025-02-22T20:54:32.5674560Z tardis/transport/montecarlo/tests/test_weighted_packet_source.py ....    [ 86%]
2025-02-22T20:54:35.0379470Z tardis/transport/montecarlo/tests/test_weighted_packet_source_integration.py . [ 86%]
2025-02-22T20:54:35.0380040Z                                                                          [ 86%]
2025-02-22T20:54:35.5102210Z tardis/transport/tests/test_doppler_factor.py ..................         [ 87%]
2025-02-22T20:54:37.2511140Z tardis/visualization/tools/tests/test_convergence_plot.py .............. [ 88%]
2025-02-22T20:54:38.6821650Z ......                                                                   [ 88%]
2025-02-22T20:54:41.7436800Z tardis/visualization/tools/tests/test_liv_plot.py ...................... [ 90%]
2025-02-22T20:54:44.8411200Z .............................                                            [ 91%]
2025-02-22T20:54:47.5515790Z tardis/visualization/tools/tests/test_rpacket_plot.py .................. [ 92%]
2025-02-22T20:54:54.3792380Z ....                                                                     [ 92%]
2025-02-22T20:54:58.5942320Z tardis/visualization/tools/tests/test_sdec_plot.py ..................... [ 94%]
2025-02-22T20:55:04.6858110Z ..............................                                           [ 95%]
2025-02-22T20:55:04.9998130Z tardis/visualization/widgets/tests/test_custom_abundance.py ........ss.. [ 96%]
2025-02-22T20:55:05.0368210Z ....                                                                     [ 96%]
2025-02-22T20:55:05.8048500Z tardis/visualization/widgets/tests/test_line_info.py ................... [ 97%]
2025-02-22T20:55:06.2897780Z ..................                                                       [ 98%]
2025-02-22T20:58:06.4830260Z tardis/visualization/widgets/tests/test_shell_info.py .................. [ 99%]
2025-02-22T20:58:06.9295750Z <unknown>:143: SyntaxWarning:
2025-02-22T20:58:06.9296000Z 
2025-02-22T20:58:06.9296150Z invalid escape sequence '\s'
2025-02-22T20:58:06.9296410Z 
2025-02-22T20:58:06.9313170Z /Users/runner/work/tardis/tardis/tardis/io/model/readers/artis.py:143: SyntaxWarning:
2025-02-22T20:58:06.9313740Z 
2025-02-22T20:58:06.9313820Z invalid escape sequence '\s'
2025-02-22T20:58:06.9314000Z 
2025-02-22T20:58:06.9578630Z /Users/runner/work/tardis/tardis/tardis/io/model/readers/tests/test_artis_readers.py:54: SyntaxWarning:
2025-02-22T20:58:06.9580630Z 
2025-02-22T20:58:06.9581030Z assertion is always true, perhaps remove parentheses?
2025-02-22T20:58:06.9581210Z 
2025-02-22T20:58:09.2109790Z <unknown>:143: SyntaxWarning:
2025-02-22T20:58:09.2110100Z 
2025-02-22T20:58:09.2110230Z invalid escape sequence '\s'
2025-02-22T20:58:09.2110430Z 
2025-02-22T20:58:11.2153790Z <unknown>:143: SyntaxWarning:
2025-02-22T20:58:11.2154090Z 
2025-02-22T20:58:11.2154250Z invalid escape sequence '\s'
2025-02-22T20:58:11.2154370Z 
2025-02-22T20:58:11.7767400Z <unknown>:143: SyntaxWarning:
2025-02-22T20:58:11.7767660Z 
2025-02-22T20:58:11.7767780Z invalid escape sequence '\s'
2025-02-22T20:58:11.7767900Z 
2025-02-22T20:58:11.7783210Z /Users/runner/work/tardis/tardis/tardis/io/model/readers/artis.py:143: SyntaxWarning:
2025-02-22T20:58:11.7783670Z 
2025-02-22T20:58:11.7783820Z invalid escape sequence '\s'
2025-02-22T20:58:11.7784000Z 
2025-02-22T20:58:11.8091860Z /Users/runner/work/tardis/tardis/tardis/io/model/readers/tests/test_artis_readers.py:54: SyntaxWarning:
2025-02-22T20:58:11.8092330Z 
2025-02-22T20:58:11.8092530Z assertion is always true, perhaps remove parentheses?
2025-02-22T20:58:11.8092780Z 
2025-02-22T20:58:13.4153270Z ......                                                                   [100%]
2025-02-22T20:58:13.4153920Z 
2025-02-22T20:58:13.4154180Z =================================== FAILURES ===================================
2025-02-22T20:58:13.4154710Z ________________________ test_simple_read_artis_density ________________________
2025-02-22T20:58:13.4155090Z 
2025-02-22T20:58:13.4155430Z artis_density_fname = PosixPath('tardis/io/model/readers/tests/data/artis_model.dat')
2025-02-22T20:58:13.4155810Z 
2025-02-22T20:58:13.4156020Z     def test_simple_read_artis_density(artis_density_fname: str):
2025-02-22T20:58:13.4156550Z >       time_of_model, velocity, mean_density, isotope_mass_fractions = read_artis_density(
2025-02-22T20:58:13.4156980Z             artis_density_fname
2025-02-22T20:58:13.4157320Z         )
2025-02-22T20:58:13.4157860Z E       ValueError: not enough values to unpack (expected 4, got 3)
2025-02-22T20:58:13.4158160Z 
2025-02-22T20:58:13.4158460Z tardis/io/tests/test_model_reader.py:48: ValueError
2025-02-22T20:58:13.4159060Z =============================== warnings summary ===============================
2025-02-22T20:58:13.4159470Z tardis/io/configuration/config_validator.py:6
2025-02-22T20:58:13.4159890Z tardis/io/configuration/config_validator.py:6
2025-02-22T20:58:13.4160470Z   /Users/runner/work/tardis/tardis/tardis/io/configuration/config_validator.py:6: DeprecationWarning:
2025-02-22T20:58:13.4161050Z   
2025-02-22T20:58:13.4162250Z   jsonschema.RefResolver is deprecated as of v4.18.0, in favor of the https://github.com/python-jsonschema/referencing library, which provides more compliant referencing behavior as well as more flexible APIs for customization. A future release will remove RefResolver. Please file a feature request (on referencing) if you are missing an API for the kind of customization you need.
2025-02-22T20:58:13.4163370Z 
2025-02-22T20:58:13.4163820Z ../../../micromamba/envs/tardis/lib/python3.12/site-packages/jupyter_client/connect.py:22
2025-02-22T20:58:13.4171930Z   /Users/runner/micromamba/envs/tardis/lib/python3.12/site-packages/jupyter_client/connect.py:22: DeprecationWarning:
2025-02-22T20:58:13.4172960Z   
2025-02-22T20:58:13.4173230Z   Jupyter is migrating its paths to use standard platformdirs
2025-02-22T20:58:13.4173580Z   given by the platformdirs library.  To remove this warning and
2025-02-22T20:58:13.4173990Z   see the appropriate new directories, set the environment variable
2025-02-22T20:58:13.4174450Z   `JUPYTER_PLATFORM_DIRS=1` and then run `jupyter --paths`.
2025-02-22T20:58:13.4174870Z   The use of platformdirs will be the default in `jupyter_core` v6
2025-02-22T20:58:13.4175140Z 
2025-02-22T20:58:13.4175210Z tardis/io/model/readers/artis.py:143
2025-02-22T20:58:13.4175690Z   /Users/runner/work/tardis/tardis/tardis/io/model/readers/artis.py:143: SyntaxWarning:
2025-02-22T20:58:13.4176670Z   
2025-02-22T20:58:13.4176890Z   invalid escape sequence '\s'
2025-02-22T20:58:13.4177050Z 
2025-02-22T20:58:13.4186450Z tardis/io/tests/test_HDFWriter.py::test_multi_index_write
2025-02-22T20:58:13.4186980Z tardis/visualization/widgets/tests/test_shell_info.py::TestHDFShellInfo::test_shells_data
2025-02-22T20:58:13.4187540Z   /Users/runner/work/tardis/tardis/tardis/io/util.py:276: PerformanceWarning:
2025-02-22T20:58:13.4187860Z   
2025-02-22T20:58:13.4188040Z   
2025-02-22T20:58:13.4188340Z   your performance may suffer as PyTables will pickle object types that it cannot
2025-02-22T20:58:13.4188930Z   map directly to c-types [inferred_type->mixed,key->block0_values] [items->Index([0], dtype='int64')]
2025-02-22T20:58:13.4189210Z 
2025-02-22T20:58:13.4189450Z tardis/io/tests/test_model_reader.py::test_read_cmfgen_isotope_abundances
2025-02-22T20:58:13.4190040Z tardis/plasma/tests/test_tardis_model_density_config.py::test_electron_densities
2025-02-22T20:58:13.4190570Z tardis/plasma/tests/test_tardis_model_density_config.py::test_isotope_number_densities
2025-02-22T20:58:13.4191170Z tardis/plasma/tests/test_tardis_model_density_config.py::test_t_rad
2025-02-22T20:58:13.4191760Z   /Users/runner/work/tardis/tardis/tardis/io/model/readers/cmfgen_deprecated.py:82: DeprecationWarning:
2025-02-22T20:58:13.4192310Z   
2025-02-22T20:58:13.4192600Z   The current CMFGEN model parser is deprecated
2025-02-22T20:58:13.4192850Z 
2025-02-22T20:58:13.4193330Z tardis/io/tests/test_model_reader.py: 1 warning
2025-02-22T20:58:13.4193780Z tardis/plasma/tests/test_tardis_model_density_config.py: 9 warnings
2025-02-22T20:58:13.4194350Z   /Users/runner/work/tardis/tardis/tardis/io/model/readers/cmfgen_deprecated.py:40: DeprecationWarning:
2025-02-22T20:58:13.4194860Z   
2025-02-22T20:58:13.4195090Z   The current CMFGEN model parser is deprecated
2025-02-22T20:58:13.4195330Z 
2025-02-22T20:58:13.4195620Z tardis/model/tests/test_base.py::TestModelFromPaper1Config::test_abundances
2025-02-22T20:58:13.4196260Z   /Users/runner/work/tardis/tardis/tardis/transport/montecarlo/montecarlo_main_loop.py:123: NumbaTypeSafetyWarning:
2025-02-22T20:58:13.4196830Z   
2025-02-22T20:58:13.4201420Z   [1m[1m[1munsafe cast from uint64 to int64. Precision may be lost.[0m[0m[0m
2025-02-22T20:58:13.4201770Z 
2025-02-22T20:58:13.4201930Z tardis/model/tests/test_base.py: 6 warnings
2025-02-22T20:58:13.4202270Z tardis/model/tests/test_csvy_model.py: 2 warnings
2025-02-22T20:58:13.4202760Z tardis/plasma/tests/test_tardis_model_density_config.py: 3 warnings
2025-02-22T20:58:13.4203330Z   /Users/runner/work/tardis/tardis/tardis/model/geometry/radial1d.py:50: DeprecationWarning:
2025-02-22T20:58:13.4203830Z   
2025-02-22T20:58:13.4204050Z   v_inner_boundary < 0, assuming default value
2025-02-22T20:58:13.4204290Z 
2025-02-22T20:58:13.4204440Z tardis/model/tests/test_base.py: 6 warnings
2025-02-22T20:58:13.4204800Z tardis/model/tests/test_csvy_model.py: 2 warnings
2025-02-22T20:58:13.4205180Z tardis/plasma/tests/test_tardis_model_density_config.py: 3 warnings
2025-02-22T20:58:13.4205820Z   /Users/runner/work/tardis/tardis/tardis/model/geometry/radial1d.py:61: DeprecationWarning:
2025-02-22T20:58:13.4206260Z   
2025-02-22T20:58:13.4207090Z   v_outer_boundary < 0, assuming default value
2025-02-22T20:58:13.4207280Z 
2025-02-22T20:58:13.4207760Z tardis/plasma/equilibrium/tests/test_level_populations.py::TestLevelPopulationSolver::test_solve[collisional_rate_solver0-radiative_transitions0]
2025-02-22T20:58:13.4208570Z   /Users/runner/work/tardis/tardis/tardis/plasma/equilibrium/level_populations.py:65: FutureWarning:
2025-02-22T20:58:13.4209020Z   
2025-02-22T20:58:13.4209470Z   A value is trying to be set on a copy of a DataFrame or Series through chained assignment using an inplace method.
2025-02-22T20:58:13.4210260Z   The behavior will change in pandas 3.0. This inplace method will never work because the intermediate object on which we are setting values always behaves as a copy.
2025-02-22T20:58:13.4210930Z   
2025-02-22T20:58:13.4211670Z   For example, when doing 'df[col].method(value, inplace=True)', try using 'df.method({col: value}, inplace=True)' or df[col] = df[col].method(value) instead, to perform the operation inplace on the original object.
2025-02-22T20:58:13.4212580Z 
2025-02-22T20:58:13.4212870Z tardis/plasma/tests/test_plasma_vboundary.py::test_plasma_vboundary[2900-3750]
2025-02-22T20:58:13.4213390Z tardis/plasma/tests/test_plasma_vboundary.py::test_plasma_vboundary[2900-3850]
2025-02-22T20:58:13.4213880Z tardis/plasma/tests/test_plasma_vboundary.py::test_plasma_vboundary[2900-3900]
2025-02-22T20:58:13.4214480Z   /Users/runner/work/tardis/tardis/tardis/model/geometry/radial1d.py:71: UserWarning:
2025-02-22T20:58:13.4214870Z   
2025-02-22T20:58:13.4215200Z   Requesting inner boundary below inner shell. Extrapolating the inner cell
2025-02-22T20:58:13.4215500Z 
2025-02-22T20:58:13.4215700Z tardis/spectrum/tests/test_spectrum_solver.py::TestSpectrumSolver::test_solve
2025-02-22T20:58:13.4216220Z   /Users/runner/work/tardis/tardis/tardis/spectrum/base.py:70: UserWarning:
2025-02-22T20:58:13.4216620Z   
2025-02-22T20:58:13.4217080Z   SpectrumSolver.spectrum_virtual_packets is zero. Please run the montecarlo simulation with no_of_virtual_packets > 0
2025-02-22T20:58:13.4217520Z 
2025-02-22T20:58:13.4217690Z tardis/spectrum/tests/test_spectrum_solver.py::TestSpectrumSolver::test_solve
2025-02-22T20:58:13.4218510Z   /Users/runner/work/tardis/tardis/tardis/spectrum/base.py:111: UserWarning:
2025-02-22T20:58:13.4218980Z   
2025-02-22T20:58:13.4219410Z   SpectrumSolver.integrator: The FormalIntegrator is not yet available.Please run the montecarlo simulation at least once.
2025-02-22T20:58:13.4219840Z 
2025-02-22T20:58:13.4220190Z tardis/transport/montecarlo/tests/test_vpacket.py::test_trace_vpacket_volley
2025-02-22T20:58:13.4220600Z   <string>:3: NumbaPendingDeprecationWarning:
2025-02-22T20:58:13.4220960Z   
2025-02-22T20:58:13.4223280Z   [1m[1mCode using Numba extension API maybe depending on 'old_style' error-capturing, which is deprecated and will be replaced by 'new_style' in a future release. See details at https://numba.readthedocs.io/en/latest/reference/deprecation.html#deprecation-of-old-style-numba-captured-errors
2025-02-22T20:58:13.4224260Z   Exception origin:
2025-02-22T20:58:13.4224720Z     File "/Users/runner/micromamba/envs/tardis/lib/python3.12/inspect.py", line 3180, in _bind
2025-02-22T20:58:13.4225190Z       raise TypeError(msg) from None
2025-02-22T20:58:13.4225550Z   [0m[0m
2025-02-22T20:58:13.4225690Z 
2025-02-22T20:58:13.4226040Z tardis/visualization/tools/tests/test_sdec_plot.py::TestSDECPlotter::test_mpl_image[plotter_generate_plot_mpl4]
2025-02-22T20:58:13.4226800Z   /Users/runner/work/tardis/tardis/tardis/visualization/tools/sdec_plot.py:1225: RuntimeWarning:
2025-02-22T20:58:13.4227240Z   
2025-02-22T20:58:13.4228170Z   More than 20 figures have been opened. Figures created through the pyplot interface (`matplotlib.pyplot.figure`) are retained until explicitly closed and may consume too much memory. (To control this warning, see the rcParam `figure.max_open_warning`). Consider using `matplotlib.pyplot.close()`.
2025-02-22T20:58:13.4229000Z 
2025-02-22T20:58:13.4229580Z tardis/visualization/widgets/tests/test_custom_abundance.py::TestCustomAbundanceWidget::test_update_input_item_value
2025-02-22T20:58:13.4230340Z tardis/visualization/widgets/tests/test_custom_abundance.py::TestCustomAbundanceWidget::test_update_input_item_value
2025-02-22T20:58:13.4231250Z tardis/visualization/widgets/tests/test_custom_abundance.py::TestCustomAbundanceWidget::test_update_input_item_value
2025-02-22T20:58:13.4231970Z tardis/visualization/widgets/tests/test_custom_abundance.py::TestCustomAbundanceWidget::test_update_input_item_value
2025-02-22T20:58:13.4232830Z tardis/visualization/widgets/tests/test_custom_abundance.py::TestCustomAbundanceWidget::test_update_input_item_value
2025-02-22T20:58:13.4233810Z tardis/visualization/widgets/tests/test_custom_abundance.py::TestCustomAbundanceWidget::test_update_input_item_value
2025-02-22T20:58:13.4234710Z   /Users/runner/micromamba/envs/tardis/lib/python3.12/site-packages/traitlets/traitlets.py:1385: DeprecationWarning:
2025-02-22T20:58:13.4235350Z   
2025-02-22T20:58:13.4235810Z   Passing unrecognized arguments to super(Checkbox).__init__(icon='lock').
2025-02-22T20:58:13.4264140Z   object.__init__() takes exactly one argument (the instance to initialize)
2025-02-22T20:58:13.4264690Z   This is deprecated in traitlets 4.2.This error will be raised in a future release of traitlets.
2025-02-22T20:58:13.4264950Z 
2025-02-22T20:58:13.4265360Z tardis/visualization/widgets/tests/test_custom_abundance.py::TestCustomAbundanceWidget::test_update_input_item_value
2025-02-22T20:58:13.4266150Z tardis/visualization/widgets/tests/test_custom_abundance.py::TestCustomAbundanceWidget::test_update_input_item_value
2025-02-22T20:58:13.4266980Z   /Users/runner/micromamba/envs/tardis/lib/python3.12/site-packages/traitlets/traitlets.py:1385: DeprecationWarning:
2025-02-22T20:58:13.4267500Z   
2025-02-22T20:58:13.4267790Z   Passing unrecognized arguments to super(FloatText).__init__(min=0).
2025-02-22T20:58:13.4268310Z   object.__init__() takes exactly one argument (the instance to initialize)
2025-02-22T20:58:13.4268790Z   This is deprecated in traitlets 4.2.This error will be raised in a future release of traitlets.
2025-02-22T20:58:13.4269130Z 
2025-02-22T20:58:13.4269450Z tardis/visualization/widgets/tests/test_custom_abundance.py::TestCustomAbundanceWidget::test_update_input_item_value
2025-02-22T20:58:13.4270260Z   /Users/runner/micromamba/envs/tardis/lib/python3.12/site-packages/traitlets/traitlets.py:1385: DeprecationWarning:
2025-02-22T20:58:13.4271960Z   
2025-02-22T20:58:13.4272200Z   Passing unrecognized arguments to super(HTML).__init__(indent=True).
2025-02-22T20:58:13.4272660Z   object.__init__() takes exactly one argument (the instance to initialize)
2025-02-22T20:58:13.4273220Z   This is deprecated in traitlets 4.2.This error will be raised in a future release of traitlets.
2025-02-22T20:58:13.4273500Z 
2025-02-22T20:58:13.4273930Z tardis/visualization/widgets/tests/test_line_info.py::TestLineInfoWidgetData::test_get_species_interactions[wavelength_range0-packet_out_nu]
2025-02-22T20:58:13.4274740Z   /Users/runner/micromamba/envs/tardis/lib/python3.12/site-packages/qgridnext/grid.py:825: DeprecationWarning:
2025-02-22T20:58:13.4275170Z   
2025-02-22T20:58:13.4275600Z   QgridWidget._grid_options_changed is deprecated in traitlets 4.1: use @observe and @unobserve instead.
2025-02-22T20:58:13.4275940Z 
2025-02-22T20:58:13.4276160Z tardis/visualization/widgets/tests/test_shell_info.py::TestHDFShellInfo::test_shells_data
2025-02-22T20:58:13.4276740Z   /Users/runner/work/tardis/tardis/tardis/io/util.py:289: PerformanceWarning:
2025-02-22T20:58:13.4277020Z   
2025-02-22T20:58:13.4277140Z   
2025-02-22T20:58:13.4277360Z   your performance may suffer as PyTables will pickle object types that it cannot
2025-02-22T20:58:13.4277800Z   map directly to c-types [inferred_type->mixed,key->block0_values] [items->Index([0], dtype='int64')]
2025-02-22T20:58:13.4278080Z 
2025-02-22T20:58:13.4278280Z tardis/visualization/widgets/tests/test_shell_info.py::TestHDFShellInfo::test_shells_data
2025-02-22T20:58:13.4279270Z   /Users/runner/work/tardis/tardis/tardis/io/util.py:292: PerformanceWarning:
2025-02-22T20:58:13.4279560Z   
2025-02-22T20:58:13.4279680Z   
2025-02-22T20:58:13.4279900Z   your performance may suffer as PyTables will pickle object types that it cannot
2025-02-22T20:58:13.4280270Z   map directly to c-types [inferred_type->mixed,key->values] [items->None]
2025-02-22T20:58:13.4280470Z 
2025-02-22T20:58:13.4280680Z tardis/visualization/widgets/tests/test_shell_info.py::TestHDFShellInfo::test_shells_data
2025-02-22T20:58:13.4281140Z   /Users/runner/work/tardis/tardis/tardis/spectrum/formal_integral.py:398: UserWarning:
2025-02-22T20:58:13.4281440Z   
2025-02-22T20:58:13.4281710Z   The number of interpolate_shells was not specified. The value was set to 80.
2025-02-22T20:58:13.4281930Z 
2025-02-22T20:58:13.4282090Z -- Docs: https://docs.pytest.org/en/stable/how-to/capture-warnings.html
2025-02-22T20:58:13.4282490Z 
2025-02-22T20:58:13.4282620Z ---------- coverage: platform darwin, python 3.12.4-final-0 ----------
2025-02-22T20:58:13.4282910Z Coverage HTML written to dir coverage_html_report
2025-02-22T20:58:13.4283210Z Coverage XML written to file coverage.xml
2025-02-22T20:58:13.4283350Z 
2025-02-22T20:58:13.4283510Z =========================== short test summary info ============================
2025-02-22T20:58:13.4284030Z FAILED tardis/io/tests/test_model_reader.py::test_simple_read_artis_density - ValueError: not enough values to unpack (expected 4, got 3)
2025-02-22T20:58:13.4284610Z = 1 failed, 1412 passed, 357 skipped, 2 deselected, 19 xfailed, 8 xpassed, 64 warnings in 713.40s (0:11:53) =
2025-02-22T20:58:15.1010700Z ##[error]Process completed with exit code 1.
2025-02-22T20:58:15.1860760Z Post job cleanup.
2025-02-22T20:58:15.2163080Z Post job cleanup.
2025-02-22T20:58:15.5766670Z Will use pre-installed micromamba at /Users/runner/micromamba-bin/micromamba
2025-02-22T20:58:15.5770220Z Removing micromamba run shell ...
2025-02-22T20:58:15.5772240Z ##[group]Deinitialize micromamba for bash
2025-02-22T20:58:15.5783800Z [command]/Users/runner/micromamba-bin/micromamba shell deinit -s bash -r /Users/runner/micromamba --log-level warning --rc-file /Users/runner/work/_temp/setup-micromamba/.condarc
2025-02-22T20:58:15.7225860Z Resetting RC file "/Users/runner/.bash_profile"
2025-02-22T20:58:15.7226310Z Deleting config for root prefix 
2025-02-22T20:58:15.7226540Z Clearing mamba executable environment variable
2025-02-22T20:58:15.7243580Z Removing the following in your "/Users/runner/.bash_profile" file
2025-02-22T20:58:15.7243870Z # >>> mamba initialize >>>
2025-02-22T20:58:15.7244050Z ...
2025-02-22T20:58:15.7244180Z # <<< mamba initialize <<<
2025-02-22T20:58:15.7296170Z Removing environment tardis from auto-activate bash ...
2025-02-22T20:58:15.7492730Z Post job cleanup.
2025-02-22T20:58:15.7550430Z Post job cleanup.
2025-02-22T20:58:15.8858840Z [command]/opt/homebrew/bin/git version
2025-02-22T20:58:15.9079130Z git version 2.48.1
2025-02-22T20:58:15.9107940Z Copying '/Users/runner/.gitconfig' to '/Users/runner/work/_temp/a3ae8b64-d487-45ea-8962-c1b5b0da11c3/.gitconfig'
2025-02-22T20:58:15.9116490Z Temporarily overriding HOME='/Users/runner/work/_temp/a3ae8b64-d487-45ea-8962-c1b5b0da11c3' before making global git config changes
2025-02-22T20:58:15.9117400Z Adding repository directory to the temporary git global config as a safe directory
2025-02-22T20:58:15.9121850Z [command]/opt/homebrew/bin/git config --global --add safe.directory /Users/runner/work/tardis/tardis/tardis-regression-data
2025-02-22T20:58:15.9266650Z [command]/opt/homebrew/bin/git config --local --name-only --get-regexp core\.sshCommand
2025-02-22T20:58:15.9431250Z [command]/opt/homebrew/bin/git submodule foreach --recursive sh -c "git config --local --name-only --get-regexp 'core\.sshCommand' && git config --local --unset-all 'core.sshCommand' || :"
2025-02-22T20:58:16.0691300Z [command]/opt/homebrew/bin/git config --local --name-only --get-regexp http\.https\:\/\/github\.com\/\.extraheader
2025-02-22T20:58:16.0730390Z http.https://github.com/.extraheader
2025-02-22T20:58:16.0739090Z [command]/opt/homebrew/bin/git config --local --unset-all http.https://github.com/.extraheader
2025-02-22T20:58:16.0794850Z [command]/opt/homebrew/bin/git submodule foreach --recursive sh -c "git config --local --name-only --get-regexp 'http\.https\:\/\/github\.com\/\.extraheader' && git config --local --unset-all 'http.https://github.com/.extraheader' || :"
2025-02-22T20:58:16.1631350Z Post job cleanup.
2025-02-22T20:58:16.2924680Z [command]/opt/homebrew/bin/git version
2025-02-22T20:58:16.3017030Z git version 2.48.1
2025-02-22T20:58:16.3573900Z Copying '/Users/runner/.gitconfig' to '/Users/runner/work/_temp/73c8cf5f-26e6-43fd-823f-0510f06b0c66/.gitconfig'
2025-02-22T20:58:16.3734970Z Temporarily overriding HOME='/Users/runner/work/_temp/73c8cf5f-26e6-43fd-823f-0510f06b0c66' before making global git config changes
2025-02-22T20:58:16.3838050Z Adding repository directory to the temporary git global config as a safe directory
2025-02-22T20:58:16.3946400Z [command]/opt/homebrew/bin/git config --global --add safe.directory /Users/runner/work/tardis/tardis
2025-02-22T20:58:16.4202020Z [command]/opt/homebrew/bin/git config --local --name-only --get-regexp core\.sshCommand
2025-02-22T20:58:16.4206320Z [command]/opt/homebrew/bin/git submodule foreach --recursive sh -c "git config --local --name-only --get-regexp 'core\.sshCommand' && git config --local --unset-all 'core.sshCommand' || :"
2025-02-22T20:58:16.4663950Z [command]/opt/homebrew/bin/git config --local --name-only --get-regexp http\.https\:\/\/github\.com\/\.extraheader
2025-02-22T20:58:16.4700230Z http.https://github.com/.extraheader
2025-02-22T20:58:16.4708300Z [command]/opt/homebrew/bin/git config --local --unset-all http.https://github.com/.extraheader
2025-02-22T20:58:16.4759430Z [command]/opt/homebrew/bin/git submodule foreach --recursive sh -c "git config --local --name-only --get-regexp 'http\.https\:\/\/github\.com\/\.extraheader' && git config --local --unset-all 'http.https://github.com/.extraheader' || :"
2025-02-22T20:58:16.5497580Z Cleaning up orphan processes
