2025-01-13T19:37:02.0610590Z ##[group]Run pytest tardis --tardis-regression-data=/Users/runner/work/tardis/tardis/tardis-regression-data --cov=tardis --cov-report=xml --cov-report=html --cov-append -m "not continuum"
2025-01-13T19:37:02.0611640Z [36;1mpytest tardis --tardis-regression-data=/Users/runner/work/tardis/tardis/tardis-regression-data --cov=tardis --cov-report=xml --cov-report=html --cov-append -m "not continuum"[0m
2025-01-13T19:37:02.0678280Z shell: /bin/bash -l {0}
2025-01-13T19:37:02.0678500Z env:
2025-01-13T19:37:02.0678640Z   CACHE_NUMBER: 0
2025-01-13T19:37:02.0679150Z   PYTEST_FLAGS: --tardis-regression-data=/Users/runner/work/tardis/tardis/tardis-regression-data --cov=tardis --cov-report=xml --cov-report=html --cov-append
2025-01-13T19:37:02.0679700Z   CODECOV_TOKEN: 
2025-01-13T19:37:02.0679910Z   MAMBA_ROOT_PREFIX: /Users/runner/micromamba
2025-01-13T19:37:02.0680180Z   MAMBA_EXE: /Users/runner/micromamba-bin/micromamba
2025-01-13T19:37:02.0680500Z   CONDARC: /Users/runner/work/_temp/setup-micromamba/.condarc
2025-01-13T19:37:02.0680830Z ##[endgroup]
2025-01-13T19:37:17.3842450Z ============================= test session starts ==============================
2025-01-13T19:37:17.3843780Z platform darwin -- Python 3.12.4, pytest-8.2.2, pluggy-1.5.0
2025-01-13T19:37:17.3844540Z rootdir: /Users/runner/work/tardis/tardis
2025-01-13T19:37:17.3844990Z configfile: pyproject.toml
2025-01-13T19:37:17.3845600Z plugins: cov-5.0.0, html-4.1.1, metadata-3.1.1, doctestplus-1.2.1, anyio-4.4.0
2025-01-13T19:37:17.3845930Z collected 1796 items / 2 deselected / 1794 selected
2025-01-13T19:37:17.3846110Z 
2025-01-13T19:37:20.6296070Z tardis/energy_input/tests/test_energy_source.py ..xxx                    [  0%]
2025-01-13T19:37:22.3024580Z tardis/energy_input/tests/test_gamma_ray_channel.py ...........          [  0%]
2025-01-13T19:37:23.5787820Z tardis/energy_input/tests/test_gamma_ray_grid.py xx.                     [  1%]
2025-01-13T19:37:24.7908350Z tardis/energy_input/tests/test_gamma_ray_interactions.py xx....          [  1%]
2025-01-13T19:37:24.7972370Z tardis/energy_input/tests/test_gamma_ray_packet_source.py sssssssss      [  1%]
2025-01-13T19:37:25.9268450Z tardis/energy_input/tests/test_util.py .....xxxx.....                    [  2%]
2025-01-13T19:37:26.2456640Z tardis/grid/tests/test_grid.py .                                         [  2%]
2025-01-13T19:37:26.2558700Z tardis/gui/tests/test_gui.py s                                           [  2%]
2025-01-13T19:37:29.3777450Z tardis/io/configuration/tests/test_config_reader.py ...........          [  3%]
2025-01-13T19:37:29.3849770Z tardis/io/configuration/tests/test_configuration_namespace.py .........  [  3%]
2025-01-13T19:37:29.4014530Z tardis/io/logger/tests/test_logging.py ssssssssssssssssssssssssssss      [  5%]
2025-01-13T19:38:00.6285330Z tardis/io/model/readers/tests/test_arepo_parser.py ..                    [  5%]
2025-01-13T19:38:00.6754320Z tardis/io/model/readers/tests/test_ascii_readers.py ...                  [  5%]
2025-01-13T19:38:00.6856010Z tardis/io/model/readers/tests/test_cmfgen_reader.py ..                   [  5%]
2025-01-13T19:38:00.7228600Z tardis/io/model/readers/tests/test_csvy_reader.py ....                   [  6%]
2025-01-13T19:38:00.7551840Z tardis/io/model/readers/tests/test_stella_reader.py ..                   [  6%]
2025-01-13T19:38:01.1754910Z tardis/io/tests/test_HDFWriter.py ...............                        [  7%]
2025-01-13T19:38:01.7802320Z tardis/io/tests/test_atomic.py .....                                     [  7%]
2025-01-13T19:38:01.7997110Z tardis/io/tests/test_decay.py ..                                         [  7%]
2025-01-13T19:38:02.0170380Z tardis/io/tests/test_model_reader.py ......                              [  7%]
2025-01-13T19:38:02.0231570Z tardis/model/geometry/tests/test_radial1d.py ..                          [  7%]
2025-01-13T19:38:34.3047110Z tardis/model/tests/test_base.py ........................................ [ 10%]
2025-01-13T19:38:35.0612140Z ............                                                             [ 10%]
2025-01-13T19:38:37.5122120Z tardis/model/tests/test_csvy_model.py .........                          [ 11%]
2025-01-13T19:38:37.5567870Z tardis/model/tests/test_density.py ..                                    [ 11%]
2025-01-13T19:38:39.2685500Z tardis/opacities/tests/test_opacity_solver.py .....                      [ 11%]
2025-01-13T19:38:40.6086080Z tardis/opacities/tests/test_opacity_state_numba.py .....                 [ 11%]
2025-01-13T19:38:42.3867240Z tardis/opacities/tests/test_tau_sobolev.py FF                            [ 12%]
2025-01-13T19:38:46.2321110Z tardis/plasma/equilibrium/tests/test_collisional_transitions.py ...      [ 12%]
2025-01-13T19:39:34.8049000Z tardis/plasma/equilibrium/tests/test_level_populations.py ....           [ 12%]
2025-01-13T19:39:46.7210750Z tardis/plasma/equilibrium/tests/test_rate_matrix.py .                    [ 12%]
2025-01-13T19:39:48.2559840Z tardis/plasma/tests/test_complete_plasmas.py .....................s..... [ 13%]
2025-01-13T19:39:51.1826820Z s....ssssss............s............ss.....s....ssssss............s..... [ 18%]
2025-01-13T19:39:52.8756330Z .......ss.....s....ssssss............s............ss.....s....ssssss.... [ 22%]
2025-01-13T19:39:55.6349820Z ........s............ss.....s........ss............s............ss.....s [ 26%]
2025-01-13T19:39:58.6121040Z ........ss............s............ss.....s....ssssss............s...... [ 30%]
2025-01-13T19:39:59.3755450Z ......ss.....s....ssssss............s............ss.....s.ss.ssssss..... [ 34%]
2025-01-13T19:40:02.1006200Z .......s............ss.....s....ssssss............s............ss.....s. [ 38%]
2025-01-13T19:40:04.6459700Z ...ssssss............s............ss.....s....ssssss............s....... [ 42%]
2025-01-13T19:40:07.4229060Z .....ss.....s....ssssss............s............s...........ssssss...... [ 46%]
2025-01-13T19:40:09.1866100Z ......s............s...........ssssss............s............s......... [ 50%]
2025-01-13T19:40:11.7383850Z ..ssssss............s............ss.....s....ssssss............s........ [ 54%]
2025-01-13T19:40:14.3128210Z ....ss.....s....ssssss..........................s.....s....ssss......... [ 58%]
2025-01-13T19:40:14.6452230Z ...................s.....s....ssss.......                                [ 60%]
2025-01-13T19:40:14.9346590Z tardis/plasma/tests/test_hdf_plasma.py ................................. [ 62%]
2025-01-13T19:40:14.9478960Z ......                                                                   [ 62%]
2025-01-13T19:40:15.3953400Z tardis/plasma/tests/test_nlte_excitation.py ...                          [ 62%]
2025-01-13T19:42:09.8941430Z tardis/plasma/tests/test_nlte_solver.py .....X                           [ 63%]
2025-01-13T19:42:09.8979820Z tardis/plasma/tests/test_plasma_continuum.py .                           [ 63%]
2025-01-13T19:42:29.9839470Z tardis/plasma/tests/test_plasma_vboundary.py .............               [ 63%]
2025-01-13T19:42:41.0181880Z tardis/plasma/tests/test_tardis_model_density_config.py ...              [ 64%]
2025-01-13T19:42:41.8086820Z tardis/simulation/tests/test_convergence.py .....                        [ 64%]
2025-01-13T19:42:52.2889000Z tardis/simulation/tests/test_simulation.py .............                 [ 65%]
2025-01-13T19:42:52.3007430Z tardis/spectrum/tests/test_cuda_formal_integral.py sssssssssssssssssssss [ 66%]
2025-01-13T19:42:52.6257040Z ssss...ssssssssssssssssssssss                                            [ 67%]
2025-01-13T19:42:52.6323510Z tardis/spectrum/tests/test_luminosity.py ....                            [ 68%]
2025-01-13T19:42:53.5828370Z tardis/spectrum/tests/test_numba_formal_integral.py .................... [ 69%]
2025-01-13T19:42:53.5947660Z ..........                                                               [ 69%]
2025-01-13T19:42:53.7894590Z tardis/spectrum/tests/test_spectrum.py ................................. [ 71%]
2025-01-13T19:42:53.8177720Z .........                                                                [ 72%]
2025-01-13T19:43:22.8467020Z tardis/spectrum/tests/test_spectrum_solver.py ....                       [ 72%]
2025-01-13T19:44:36.7015920Z tardis/tests/test_tardis_full.py ....                                    [ 72%]
2025-01-13T19:46:09.3961480Z tardis/tests/test_tardis_full_formal_integral.py ................        [ 73%]
2025-01-13T19:46:09.4606390Z tardis/tests/test_util.py .............................................  [ 75%]
2025-01-13T19:46:11.7621800Z tardis/transport/montecarlo/tests/test_base.py x.....................    [ 77%]
2025-01-13T19:46:16.6904270Z tardis/transport/montecarlo/tests/test_interaction.py .......            [ 77%]
2025-01-13T19:46:16.8373720Z tardis/transport/montecarlo/tests/test_macro_atom.py ....                [ 77%]
2025-01-13T19:46:16.8469810Z tardis/transport/montecarlo/tests/test_montecarlo.py sssssssssssssssssss [ 78%]
2025-01-13T19:46:16.8713350Z sssssssssssssssssssssssssssssssssssssssssssss                            [ 81%]
2025-01-13T19:46:24.8981440Z tardis/transport/montecarlo/tests/test_montecarlo_main_loop.py x..       [ 81%]
2025-01-13T19:46:24.9091600Z tardis/transport/montecarlo/tests/test_nonhomologous.py ...              [ 81%]
2025-01-13T19:46:27.2724520Z tardis/transport/montecarlo/tests/test_numba_interface.py .....x.        [ 82%]
2025-01-13T19:46:27.7138670Z tardis/transport/montecarlo/tests/test_opacities.py ...............      [ 82%]
2025-01-13T19:46:28.4907070Z tardis/transport/montecarlo/tests/test_packet.py .................xXXXXX [ 84%]
2025-01-13T19:46:28.5859640Z XX.........                                                              [ 84%]
2025-01-13T19:46:28.6210420Z tardis/transport/montecarlo/tests/test_packet_source.py ........         [ 85%]
2025-01-13T19:46:28.8674920Z tardis/transport/montecarlo/tests/test_rpacket_last_interaction_tracker.py . [ 85%]
2025-01-13T19:46:29.1581010Z .....                                                                    [ 85%]
2025-01-13T19:46:39.2198080Z tardis/transport/montecarlo/tests/test_rpacket_tracker.py ......         [ 85%]
2025-01-13T19:46:39.2422360Z tardis/transport/montecarlo/tests/test_single_packet_loop.py xxx         [ 86%]
2025-01-13T19:46:39.2452760Z tardis/transport/montecarlo/tests/test_tracker_utils.py ..               [ 86%]
2025-01-13T19:46:40.4620860Z tardis/transport/montecarlo/tests/test_vpacket.py ..x.                   [ 86%]
2025-01-13T19:46:40.4760290Z tardis/transport/montecarlo/tests/test_weighted_packet_source.py ....    [ 86%]
2025-01-13T19:46:43.4510020Z tardis/transport/montecarlo/tests/test_weighted_packet_source_integration.py . [ 86%]
2025-01-13T19:46:43.4512890Z                                                                          [ 86%]
2025-01-13T19:46:43.9836640Z tardis/transport/tests/test_doppler_factor.py ..................         [ 87%]
2025-01-13T19:46:46.1730450Z tardis/visualization/tools/tests/test_convergence_plot.py .............. [ 88%]
2025-01-13T19:46:47.7398630Z ......                                                                   [ 88%]
2025-01-13T19:46:51.0859240Z tardis/visualization/tools/tests/test_liv_plot.py ...................... [ 90%]
2025-01-13T19:46:54.4210030Z .............................                                            [ 91%]
2025-01-13T19:46:57.3117980Z tardis/visualization/tools/tests/test_rpacket_plot.py .................. [ 92%]
2025-01-13T19:47:04.2578390Z ....                                                                     [ 92%]
2025-01-13T19:47:09.0107050Z tardis/visualization/tools/tests/test_sdec_plot.py ..................... [ 94%]
2025-01-13T19:47:15.8908940Z ..............................                                           [ 95%]
2025-01-13T19:47:16.2501430Z tardis/visualization/widgets/tests/test_custom_abundance.py ........ss.. [ 96%]
2025-01-13T19:47:16.2954130Z ....                                                                     [ 96%]
2025-01-13T19:47:17.1474360Z tardis/visualization/widgets/tests/test_line_info.py ................... [ 97%]
2025-01-13T19:47:17.6859210Z ..................                                                       [ 98%]
2025-01-13T19:50:27.5031360Z tardis/visualization/widgets/tests/test_shell_info.py .................. [ 99%]
2025-01-13T19:50:34.0759800Z ......                                                                   [100%]
2025-01-13T19:50:34.0765580Z 
2025-01-13T19:50:34.0776340Z =================================== FAILURES ===================================
2025-01-13T19:50:34.0777260Z _____________________ test_calculate_sobolev_line_opacity ______________________
2025-01-13T19:50:34.0777690Z 
2025-01-13T19:50:34.0778080Z nb_simulation_verysimple = <tardis.simulation.base.Simulation object at 0x15ca97f50>
2025-01-13T19:50:34.0779400Z regression_data = <tardis.tests.fixtures.regression_data.RegressionData object at 0x15c834890>
2025-01-13T19:50:34.0779900Z 
2025-01-13T19:50:34.0780430Z     def test_calculate_sobolev_line_opacity(
2025-01-13T19:50:34.0780840Z         nb_simulation_verysimple, regression_data
2025-01-13T19:50:34.0781220Z     ):
2025-01-13T19:50:34.0781530Z         legacy_plasma = nb_simulation_verysimple.plasma
2025-01-13T19:50:34.0792590Z     
2025-01-13T19:50:34.0808720Z         actual = calculate_sobolev_line_opacity(
2025-01-13T19:50:34.0821080Z             legacy_plasma.lines,
2025-01-13T19:50:34.0821530Z             legacy_plasma.level_number_density,
2025-01-13T19:50:34.0821940Z             legacy_plasma.time_explosion,
2025-01-13T19:50:34.0822380Z             legacy_plasma.stimulated_emission_factor,
2025-01-13T19:50:34.0825560Z         )
2025-01-13T19:50:34.0825920Z >       expected = regression_data.sync_dataframe(actual)
2025-01-13T19:50:34.0826220Z 
2025-01-13T19:50:34.0826390Z tardis/opacities/tests/test_tau_sobolev.py:21: 
2025-01-13T19:50:34.0827190Z _ _ _ _ _ _ _ _ _ _ _ _ _ _ _ _ _ _ _ _ _ _ _ _ _ _ _ _ _ _ _ _ _ _ _ _ _ _ _ _ 
2025-01-13T19:50:34.0838400Z tardis/tests/fixtures/regression_data.py:88: in sync_dataframe
2025-01-13T19:50:34.0838870Z     return pd.read_hdf(self.fpath, key=key)
2025-01-13T19:50:34.0839210Z _ _ _ _ _ _ _ _ _ _ _ _ _ _ _ _ _ _ _ _ _ _ _ _ _ _ _ _ _ _ _ _ _ _ _ _ _ _ _ _ 
2025-01-13T19:50:34.0839510Z 
2025-01-13T19:50:34.0839940Z path_or_buf = '/Users/runner/work/tardis/tardis/tardis-regression-data/test_tau_sobolev/test_calculate_sobolev_line_opacity.h5'
2025-01-13T19:50:34.0840600Z key = 'data', mode = 'r', errors = 'strict', where = None, start = None
2025-01-13T19:50:34.0841070Z stop = None, columns = None, iterator = False, chunksize = None, kwargs = {}
2025-01-13T19:50:34.0841560Z exists = False
2025-01-13T19:50:34.0841650Z 
2025-01-13T19:50:34.0841760Z     def read_hdf(
2025-01-13T19:50:34.0842000Z         path_or_buf: FilePath | HDFStore,
2025-01-13T19:50:34.0842270Z         key=None,
2025-01-13T19:50:34.0842520Z         mode: str = "r",
2025-01-13T19:50:34.0842710Z         errors: str = "strict",
2025-01-13T19:50:34.0843010Z         where: str | list | None = None,
2025-01-13T19:50:34.0843270Z         start: int | None = None,
2025-01-13T19:50:34.0843550Z         stop: int | None = None,
2025-01-13T19:50:34.0843790Z         columns: list[str] | None = None,
2025-01-13T19:50:34.0844100Z         iterator: bool = False,
2025-01-13T19:50:34.0844350Z         chunksize: int | None = None,
2025-01-13T19:50:34.0844610Z         **kwargs,
2025-01-13T19:50:34.0844810Z     ):
2025-01-13T19:50:34.0845030Z         """
2025-01-13T19:50:34.0845250Z         Read from the store, close it if we opened it.
2025-01-13T19:50:34.0845590Z     
2025-01-13T19:50:34.0845850Z         Retrieve pandas object stored in file, optionally based on where
2025-01-13T19:50:34.0846210Z         criteria.
2025-01-13T19:50:34.0846380Z     
2025-01-13T19:50:34.0861030Z         .. warning::
2025-01-13T19:50:34.0861270Z     
2025-01-13T19:50:34.0861630Z            Pandas uses PyTables for reading and writing HDF5 files, which allows
2025-01-13T19:50:34.0862090Z            serializing object-dtype data with pickle when using the "fixed" format.
2025-01-13T19:50:34.0862640Z            Loading pickled data received from untrusted sources can be unsafe.
2025-01-13T19:50:34.0863050Z     
2025-01-13T19:50:34.0869820Z            See: https://docs.python.org/3/library/pickle.html for more.
2025-01-13T19:50:34.0870270Z     
2025-01-13T19:50:34.0870440Z         Parameters
2025-01-13T19:50:34.0870780Z         ----------
2025-01-13T19:50:34.0871000Z         path_or_buf : str, path object, pandas.HDFStore
2025-01-13T19:50:34.0871400Z             Any valid string path is acceptable. Only supports the local file system,
2025-01-13T19:50:34.0871810Z             remote URLs and file-like objects are not supported.
2025-01-13T19:50:34.0872230Z     
2025-01-13T19:50:34.0872490Z             If you want to pass in a path object, pandas accepts any
2025-01-13T19:50:34.0872850Z             ``os.PathLike``.
2025-01-13T19:50:34.0873050Z     
2025-01-13T19:50:34.0873470Z             Alternatively, pandas accepts an open :class:`pandas.HDFStore` object.
2025-01-13T19:50:34.0874280Z     
2025-01-13T19:50:34.0874540Z         key : object, optional
2025-01-13T19:50:34.0874870Z             The group identifier in the store. Can be omitted if the HDF file
2025-01-13T19:50:34.0875260Z             contains a single pandas object.
2025-01-13T19:50:34.0875540Z         mode : {'r', 'r+', 'a'}, default 'r'
2025-01-13T19:50:34.0875890Z             Mode to use when opening the file. Ignored if path_or_buf is a
2025-01-13T19:50:34.0876210Z             :class:`pandas.HDFStore`. Default is 'r'.
2025-01-13T19:50:34.0876600Z         errors : str, default 'strict'
2025-01-13T19:50:34.0876900Z             Specifies how encoding and decoding errors are to be handled.
2025-01-13T19:50:34.0877290Z             See the errors argument for :func:`open` for a full list
2025-01-13T19:50:34.0877580Z             of options.
2025-01-13T19:50:34.0877870Z         where : list, optional
2025-01-13T19:50:34.0878290Z             A list of Term (or convertible) objects.
2025-01-13T19:50:34.0878820Z         start : int, optional
2025-01-13T19:50:34.0879080Z             Row number to start selection.
2025-01-13T19:50:34.0879390Z         stop  : int, optional
2025-01-13T19:50:34.0879610Z             Row number to stop selection.
2025-01-13T19:50:34.0879910Z         columns : list, optional
2025-01-13T19:50:34.0880140Z             A list of columns names to return.
2025-01-13T19:50:34.0880510Z         iterator : bool, optional
2025-01-13T19:50:34.0880750Z             Return an iterator object.
2025-01-13T19:50:34.0881050Z         chunksize : int, optional
2025-01-13T19:50:34.0881370Z             Number of rows to include in an iteration when using an iterator.
2025-01-13T19:50:34.0881710Z         **kwargs
2025-01-13T19:50:34.0881960Z             Additional keyword arguments passed to HDFStore.
2025-01-13T19:50:34.0882310Z     
2025-01-13T19:50:34.0882460Z         Returns
2025-01-13T19:50:34.0882740Z         -------
2025-01-13T19:50:34.0882970Z         object
2025-01-13T19:50:34.0883310Z             The selected object. Return type depends on the object stored.
2025-01-13T19:50:34.0883670Z     
2025-01-13T19:50:34.0883810Z         See Also
2025-01-13T19:50:34.0884040Z         --------
2025-01-13T19:50:34.0884280Z         DataFrame.to_hdf : Write a HDF file from a DataFrame.
2025-01-13T19:50:34.0884670Z         HDFStore : Low-level access to HDF files.
2025-01-13T19:50:34.0884900Z     
2025-01-13T19:50:34.0885100Z         Examples
2025-01-13T19:50:34.0885280Z         --------
2025-01-13T19:50:34.0885580Z         >>> df = pd.DataFrame([[1, 1.0, 'a']], columns=['x', 'y', 'z'])  # doctest: +SKIP
2025-01-13T19:50:34.0885970Z         >>> df.to_hdf('./store.h5', 'data')  # doctest: +SKIP
2025-01-13T19:50:34.0886290Z         >>> reread = pd.read_hdf('./store.h5')  # doctest: +SKIP
2025-01-13T19:50:34.0886610Z         """
2025-01-13T19:50:34.0886800Z         if mode not in ["r", "r+", "a"]:
2025-01-13T19:50:34.0887760Z             raise ValueError(
2025-01-13T19:50:34.0888120Z                 f"mode {mode} is not allowed while performing a read. "
2025-01-13T19:50:34.0888510Z                 f"Allowed modes are r, r+ and a."
2025-01-13T19:50:34.0888880Z             )
2025-01-13T19:50:34.0889420Z         # grab the scope
2025-01-13T19:50:34.0889740Z         if where is not None:
2025-01-13T19:50:34.0890030Z             where = _ensure_term(where, scope_level=1)
2025-01-13T19:50:34.0890390Z     
2025-01-13T19:50:34.0890610Z         if isinstance(path_or_buf, HDFStore):
2025-01-13T19:50:34.0890970Z             if not path_or_buf.is_open:
2025-01-13T19:50:34.0891330Z                 raise OSError("The HDFStore must be open for reading.")
2025-01-13T19:50:34.0891660Z     
2025-01-13T19:50:34.0891840Z             store = path_or_buf
2025-01-13T19:50:34.0892260Z             auto_close = False
2025-01-13T19:50:34.0892620Z         else:
2025-01-13T19:50:34.0892880Z             path_or_buf = stringify_path(path_or_buf)
2025-01-13T19:50:34.0893180Z             if not isinstance(path_or_buf, str):
2025-01-13T19:50:34.0893570Z                 raise NotImplementedError(
2025-01-13T19:50:34.0893970Z                     "Support for generic buffers has not been implemented."
2025-01-13T19:50:34.0894370Z                 )
2025-01-13T19:50:34.0894580Z             try:
2025-01-13T19:50:34.0894910Z                 exists = os.path.exists(path_or_buf)
2025-01-13T19:50:34.0895180Z     
2025-01-13T19:50:34.0895430Z             # if filepath is too long
2025-01-13T19:50:34.0895770Z             except (TypeError, ValueError):
2025-01-13T19:50:34.0896130Z                 exists = False
2025-01-13T19:50:34.0896420Z     
2025-01-13T19:50:34.0896690Z             if not exists:
2025-01-13T19:50:34.0896990Z >               raise FileNotFoundError(f"File {path_or_buf} does not exist")
2025-01-13T19:50:34.0897680Z E               FileNotFoundError: File /Users/runner/work/tardis/tardis/tardis-regression-data/test_tau_sobolev/test_calculate_sobolev_line_opacity.h5 does not exist
2025-01-13T19:50:34.0898480Z 
2025-01-13T19:50:34.0898720Z ../../../micromamba/envs/tardis/lib/python3.12/site-packages/pandas/io/pytables.py:424: FileNotFoundError
2025-01-13T19:50:34.0899280Z ---------------------------- Captured stdout setup -----------------------------
2025-01-13T19:50:34.0904800Z [[1mtardis.io.model.parse_density_configuration[0m][[1;33mWARNING[0m]  
2025-01-13T19:50:34.0905570Z 	Number of density points larger than number of shells. Assuming inner point irrelevant ([1mparse_density_configuration.py[0m:114)
2025-01-13T19:50:34.0906210Z ---------------------------- Captured stderr setup -----------------------------
2025-01-13T19:50:34.0906430Z 
2025-01-13T19:50:34.0907140Z Iterations:â–ˆâ–ˆâ–ˆâ–ˆâ–ˆâ–ˆâ–ˆâ–ˆâ–ˆâ–ˆâ–ˆâ–ˆâ–ˆâ–ˆâ–ˆâ–ˆâ–ˆâ–ˆâ–ˆâ–ˆâ–ˆâ–ˆâ–ˆâ–ˆâ–ˆâ–ˆâ–ˆâ–ˆâ–ˆâ–ˆâ–ˆâ–ˆâ–ˆâ–ˆâ–ˆâ–ˆâ–ˆâ–ˆâ–ˆâ–ˆâ–ˆâ–ˆâ–ˆâ–ˆâ–ˆâ–ˆâ–ˆâ–ˆâ–ˆâ–ˆâ–ˆâ–ˆâ–ˆâ–ˆâ–ˆâ–ˆâ–ˆâ–ˆâ–ˆâ–ˆâ–ˆâ–ˆâ–ˆâ–ˆ                4/5 [00:10<00:02,  2.48s/it]
2025-01-13T19:50:34.0907430Z 
2025-01-13T19:50:34.0907670Z Packets:                                                                                   4030/? [00:10<00:00, 504.28it/s][A
2025-01-13T19:50:34.0948400Z ------------------------------ Captured log setup ------------------------------
2025-01-13T19:50:34.0949290Z WARNING  tardis.io.model.parse_density_configuration:parse_density_configuration.py:114 Number of density points larger than number of shells. Assuming inner point irrelevant
2025-01-13T19:50:34.0950040Z _________________________ test_calculate_beta_sobolevs _________________________
2025-01-13T19:50:34.0950320Z 
2025-01-13T19:50:34.0950530Z nb_simulation_verysimple = <tardis.simulation.base.Simulation object at 0x15ca97f50>
2025-01-13T19:50:34.0951080Z regression_data = <tardis.tests.fixtures.regression_data.RegressionData object at 0x15caac200>
2025-01-13T19:50:34.0951440Z 
2025-01-13T19:50:34.0951620Z     def test_calculate_beta_sobolevs(nb_simulation_verysimple, regression_data):
2025-01-13T19:50:34.0952040Z         legacy_plasma = nb_simulation_verysimple.plasma
2025-01-13T19:50:34.0952370Z     
2025-01-13T19:50:34.0952520Z         tau_sobolevs = calculate_sobolev_line_opacity(
2025-01-13T19:50:34.0952770Z             legacy_plasma.lines,
2025-01-13T19:50:34.0952970Z             legacy_plasma.level_number_density,
2025-01-13T19:50:34.0953200Z             legacy_plasma.time_explosion,
2025-01-13T19:50:34.0953420Z             legacy_plasma.stimulated_emission_factor,
2025-01-13T19:50:34.0954290Z         )
2025-01-13T19:50:34.0954540Z         actual = calculate_beta_sobolev(tau_sobolevs)
2025-01-13T19:50:34.0954840Z >       expected = regression_data.sync_ndarray(actual)
2025-01-13T19:50:34.0955030Z 
2025-01-13T19:50:34.0955120Z tardis/opacities/tests/test_tau_sobolev.py:35: 
2025-01-13T19:50:34.0955430Z _ _ _ _ _ _ _ _ _ _ _ _ _ _ _ _ _ _ _ _ _ _ _ _ _ _ _ _ _ _ _ _ _ _ _ _ _ _ _ _ 
2025-01-13T19:50:34.0955790Z tardis/tests/fixtures/regression_data.py:111: in sync_ndarray
2025-01-13T19:50:34.0957440Z     return np.load(self.fpath)
2025-01-13T19:50:34.0957700Z _ _ _ _ _ _ _ _ _ _ _ _ _ _ _ _ _ _ _ _ _ _ _ _ _ _ _ _ _ _ _ _ _ _ _ _ _ _ _ _ 
2025-01-13T19:50:34.0957920Z 
2025-01-13T19:50:34.0958310Z file = PosixPath('/Users/runner/work/tardis/tardis/tardis-regression-data/test_tau_sobolev/test_calculate_beta_sobolevs.npy')
2025-01-13T19:50:34.0958990Z mmap_mode = None, allow_pickle = False, fix_imports = True, encoding = 'ASCII'
2025-01-13T19:50:34.0959260Z 
2025-01-13T19:50:34.0959320Z     @set_module('numpy')
2025-01-13T19:50:34.0959560Z     def load(file, mmap_mode=None, allow_pickle=False, fix_imports=True,
2025-01-13T19:50:34.0959920Z              encoding='ASCII', *, max_header_size=format._MAX_HEADER_SIZE):
2025-01-13T19:50:34.0960210Z         """
2025-01-13T19:50:34.0960630Z         Load arrays or pickled objects from ``.npy``, ``.npz`` or pickled files.
2025-01-13T19:50:34.0961070Z     
2025-01-13T19:50:34.0961420Z         .. warning:: Loading files that contain object arrays uses the ``pickle``
2025-01-13T19:50:34.0961900Z                      module, which is not secure against erroneous or maliciously
2025-01-13T19:50:34.0962350Z                      constructed data. Consider passing ``allow_pickle=False`` to
2025-01-13T19:50:34.0963110Z                      load data that is known not to contain object arrays for the
2025-01-13T19:50:34.0963440Z                      safer handling of untrusted sources.
2025-01-13T19:50:34.0963810Z     
2025-01-13T19:50:34.0963970Z         Parameters
2025-01-13T19:50:34.0964220Z         ----------
2025-01-13T19:50:34.0964500Z         file : file-like object, string, or pathlib.Path
2025-01-13T19:50:34.0964930Z             The file to read. File-like objects must support the
2025-01-13T19:50:34.0965290Z             ``seek()`` and ``read()`` methods and must always
2025-01-13T19:50:34.0965710Z             be opened in binary mode.  Pickled files require that the
2025-01-13T19:50:34.0966120Z             file-like object support the ``readline()`` method as well.
2025-01-13T19:50:34.0966420Z         mmap_mode : {None, 'r+', 'r', 'w+', 'c'}, optional
2025-01-13T19:50:34.0966700Z             If not None, then memory-map the file, using the given mode (see
2025-01-13T19:50:34.0967020Z             `numpy.memmap` for a detailed description of the modes).  A
2025-01-13T19:50:34.0967400Z             memory-mapped array is kept on disk. However, it can be accessed
2025-01-13T19:50:34.0967850Z             and sliced like any ndarray.  Memory mapping is especially useful
2025-01-13T19:50:34.0968250Z             for accessing small fragments of large files without reading the
2025-01-13T19:50:34.0968540Z             entire file into memory.
2025-01-13T19:50:34.0968740Z         allow_pickle : bool, optional
2025-01-13T19:50:34.0969010Z             Allow loading pickled object arrays stored in npy files. Reasons for
2025-01-13T19:50:34.0969350Z             disallowing pickles include security, as loading pickled data can
2025-01-13T19:50:34.0969760Z             execute arbitrary code. If pickles are disallowed, loading object
2025-01-13T19:50:34.0970070Z             arrays will fail. Default: False
2025-01-13T19:50:34.0970260Z     
2025-01-13T19:50:34.0970490Z             .. versionchanged:: 1.16.3
2025-01-13T19:50:34.0970720Z                 Made default False in response to CVE-2019-6446.
2025-01-13T19:50:34.0970930Z     
2025-01-13T19:50:34.0971050Z         fix_imports : bool, optional
2025-01-13T19:50:34.0971550Z             Only useful when loading Python 2 generated pickled files on Python 3,
2025-01-13T19:50:34.0971990Z             which includes npy/npz files containing object arrays. If `fix_imports`
2025-01-13T19:50:34.0972450Z             is True, pickle will try to map the old Python 2 names to the new names
2025-01-13T19:50:34.0972820Z             used in Python 3.
2025-01-13T19:50:34.0973110Z         encoding : str, optional
2025-01-13T19:50:34.0973450Z             What encoding to use when reading Python 2 strings. Only useful when
2025-01-13T19:50:34.0973910Z             loading Python 2 generated pickled files in Python 3, which includes
2025-01-13T19:50:34.0974300Z             npy/npz files containing object arrays. Values other than 'latin1',
2025-01-13T19:50:34.0974910Z             'ASCII', and 'bytes' are not allowed, as they can corrupt numerical
2025-01-13T19:50:34.0975300Z             data. Default: 'ASCII'
2025-01-13T19:50:34.0975570Z         max_header_size : int, optional
2025-01-13T19:50:34.0975920Z             Maximum allowed size of the header.  Large headers may not be safe
2025-01-13T19:50:34.0976320Z             to load securely and thus require explicitly passing a larger value.
2025-01-13T19:50:34.0976680Z             See :py:func:`ast.literal_eval()` for details.
2025-01-13T19:50:34.0977080Z             This option is ignored when `allow_pickle` is passed.  In that case
2025-01-13T19:50:34.0977500Z             the file is by definition trusted and the limit is unnecessary.
2025-01-13T19:50:34.0977740Z     
2025-01-13T19:50:34.0977850Z         Returns
2025-01-13T19:50:34.0978000Z         -------
2025-01-13T19:50:34.0978260Z         result : array, tuple, dict, etc.
2025-01-13T19:50:34.0978620Z             Data stored in the file. For ``.npz`` files, the returned instance
2025-01-13T19:50:34.0979150Z             of NpzFile class must be closed to avoid leaking file descriptors.
2025-01-13T19:50:34.0979390Z     
2025-01-13T19:50:34.0979500Z         Raises
2025-01-13T19:50:34.0979620Z         ------
2025-01-13T19:50:34.0979820Z         OSError
2025-01-13T19:50:34.0979990Z             If the input file does not exist or cannot be read.
2025-01-13T19:50:34.0980220Z         UnpicklingError
2025-01-13T19:50:34.0980440Z             If ``allow_pickle=True``, but the file cannot be loaded as a pickle.
2025-01-13T19:50:34.0980680Z         ValueError
2025-01-13T19:50:34.0980890Z             The file contains an object array, but ``allow_pickle=False`` given.
2025-01-13T19:50:34.0981130Z         EOFError
2025-01-13T19:50:34.0981330Z             When calling ``np.load`` multiple times on the same file handle,
2025-01-13T19:50:34.0981590Z             if all data has already been read
2025-01-13T19:50:34.0981770Z     
2025-01-13T19:50:34.0981880Z         See Also
2025-01-13T19:50:34.0982030Z         --------
2025-01-13T19:50:34.0982190Z         save, savez, savez_compressed, loadtxt
2025-01-13T19:50:34.0982460Z         memmap : Create a memory-map to an array stored in a file on disk.
2025-01-13T19:50:34.0982810Z         lib.format.open_memmap : Create or load a memory-mapped ``.npy`` file.
2025-01-13T19:50:34.0983060Z     
2025-01-13T19:50:34.0983170Z         Notes
2025-01-13T19:50:34.0983290Z         -----
2025-01-13T19:50:34.0983500Z         - If the file contains pickle data, then whatever object is stored
2025-01-13T19:50:34.0983760Z           in the pickle is returned.
2025-01-13T19:50:34.0984000Z         - If the file is a ``.npy`` file, then a single array is returned.
2025-01-13T19:50:34.0984300Z         - If the file is a ``.npz`` file, then a dictionary-like object is
2025-01-13T19:50:34.0984630Z           returned, containing ``{filename: array}`` key-value pairs, one for
2025-01-13T19:50:34.0984890Z           each file in the archive.
2025-01-13T19:50:34.0985120Z         - If the file is a ``.npz`` file, the returned value supports the
2025-01-13T19:50:34.0985470Z           context manager protocol in a similar fashion to the open function::
2025-01-13T19:50:34.0985720Z     
2025-01-13T19:50:34.0986060Z             with load('foo.npz') as data:
2025-01-13T19:50:34.0986260Z                 a = data['a']
2025-01-13T19:50:34.0986430Z     
2025-01-13T19:50:34.0986690Z           The underlying file descriptor is closed when exiting the 'with'
2025-01-13T19:50:34.0986940Z           block.
2025-01-13T19:50:34.0987070Z     
2025-01-13T19:50:34.0987170Z         Examples
2025-01-13T19:50:34.0987300Z         --------
2025-01-13T19:50:34.0987460Z         Store data to disk, and load it again:
2025-01-13T19:50:34.0987650Z     
2025-01-13T19:50:34.0987820Z         >>> np.save('/tmp/123', np.array([[1, 2, 3], [4, 5, 6]]))
2025-01-13T19:50:34.0988050Z         >>> np.load('/tmp/123.npy')
2025-01-13T19:50:34.0988230Z         array([[1, 2, 3],
2025-01-13T19:50:34.0988380Z                [4, 5, 6]])
2025-01-13T19:50:34.0988530Z     
2025-01-13T19:50:34.0988680Z         Store compressed data to disk, and load it again:
2025-01-13T19:50:34.0988890Z     
2025-01-13T19:50:34.0989020Z         >>> a=np.array([[1, 2, 3], [4, 5, 6]])
2025-01-13T19:50:34.0989230Z         >>> b=np.array([1, 2])
2025-01-13T19:50:34.0989440Z         >>> np.savez('/tmp/123.npz', a=a, b=b)
2025-01-13T19:50:34.0989660Z         >>> data = np.load('/tmp/123.npz')
2025-01-13T19:50:34.0989860Z         >>> data['a']
2025-01-13T19:50:34.0990010Z         array([[1, 2, 3],
2025-01-13T19:50:34.0990160Z                [4, 5, 6]])
2025-01-13T19:50:34.0990300Z         >>> data['b']
2025-01-13T19:50:34.0990440Z         array([1, 2])
2025-01-13T19:50:34.0990580Z         >>> data.close()
2025-01-13T19:50:34.0990720Z     
2025-01-13T19:50:34.0990880Z         Mem-map the stored array, and then access the second row
2025-01-13T19:50:34.0991110Z         directly from disk:
2025-01-13T19:50:34.0991260Z     
2025-01-13T19:50:34.0991400Z         >>> X = np.load('/tmp/123.npy', mmap_mode='r')
2025-01-13T19:50:34.0991730Z         >>> X[1, :]
2025-01-13T19:50:34.0991870Z         memmap([4, 5, 6])
2025-01-13T19:50:34.0992010Z     
2025-01-13T19:50:34.0992110Z         """
2025-01-13T19:50:34.0992270Z         if encoding not in ('ASCII', 'latin1', 'bytes'):
2025-01-13T19:50:34.0992540Z             # The 'encoding' value for pickle also affects what encoding
2025-01-13T19:50:34.0992820Z             # the serialized binary data of NumPy arrays is loaded
2025-01-13T19:50:34.0993090Z             # in. Pickle does not pass on the encoding information to
2025-01-13T19:50:34.0993390Z             # NumPy. The unpickling code in numpy.core.multiarray is
2025-01-13T19:50:34.0993690Z             # written to assume that unicode data appearing where binary
2025-01-13T19:50:34.0993990Z             # should be is in 'latin1'. 'bytes' is also safe, as is 'ASCII'.
2025-01-13T19:50:34.0994220Z             #
2025-01-13T19:50:34.0994400Z             # Other encoding values can corrupt binary data, and we
2025-01-13T19:50:34.0994700Z             # purposefully disallow them. For the same reason, the errors=
2025-01-13T19:50:34.0995000Z             # argument is not exposed, as values other than 'strict'
2025-01-13T19:50:34.0995280Z             # result can similarly silently corrupt numerical data.
2025-01-13T19:50:34.0995580Z             raise ValueError("encoding must be 'ASCII', 'latin1', or 'bytes'")
2025-01-13T19:50:34.0995830Z     
2025-01-13T19:50:34.0996010Z         pickle_kwargs = dict(encoding=encoding, fix_imports=fix_imports)
2025-01-13T19:50:34.0996250Z     
2025-01-13T19:50:34.0996380Z         with contextlib.ExitStack() as stack:
2025-01-13T19:50:34.0996580Z             if hasattr(file, 'read'):
2025-01-13T19:50:34.0996760Z                 fid = file
2025-01-13T19:50:34.0996910Z                 own_fid = False
2025-01-13T19:50:34.0997060Z             else:
2025-01-13T19:50:34.0997250Z >               fid = stack.enter_context(open(os_fspath(file), "rb"))
2025-01-13T19:50:34.0997930Z E               FileNotFoundError: [Errno 2] No such file or directory: '/Users/runner/work/tardis/tardis/tardis-regression-data/test_tau_sobolev/test_calculate_beta_sobolevs.npy'
2025-01-13T19:50:34.0998400Z 
2025-01-13T19:50:34.0998930Z ../../../micromamba/envs/tardis/lib/python3.12/site-packages/numpy/lib/npyio.py:427: FileNotFoundError
2025-01-13T19:50:34.0999330Z =============================== warnings summary ===============================
2025-01-13T19:50:34.0999570Z tardis/io/configuration/config_validator.py:6
2025-01-13T19:50:34.0999800Z tardis/io/configuration/config_validator.py:6
2025-01-13T19:50:34.1000200Z   /Users/runner/work/tardis/tardis/tardis/io/configuration/config_validator.py:6: DeprecationWarning:
2025-01-13T19:50:34.1000660Z   
2025-01-13T19:50:34.1003490Z   jsonschema.RefResolver is deprecated as of v4.18.0, in favor of the https://github.com/python-jsonschema/referencing library, which provides more compliant referencing behavior as well as more flexible APIs for customization. A future release will remove RefResolver. Please file a feature request (on referencing) if you are missing an API for the kind of customization you need.
2025-01-13T19:50:34.1004630Z 
2025-01-13T19:50:34.1004840Z ../../../micromamba/envs/tardis/lib/python3.12/site-packages/jupyter_client/connect.py:22
2025-01-13T19:50:34.1005390Z   /Users/runner/micromamba/envs/tardis/lib/python3.12/site-packages/jupyter_client/connect.py:22: DeprecationWarning:
2025-01-13T19:50:34.1005820Z   
2025-01-13T19:50:34.1006020Z   Jupyter is migrating its paths to use standard platformdirs
2025-01-13T19:50:34.1006330Z   given by the platformdirs library.  To remove this warning and
2025-01-13T19:50:34.1006660Z   see the appropriate new directories, set the environment variable
2025-01-13T19:50:34.1006970Z   `JUPYTER_PLATFORM_DIRS=1` and then run `jupyter --paths`.
2025-01-13T19:50:34.1007270Z   The use of platformdirs will be the default in `jupyter_core` v6
2025-01-13T19:50:34.1007460Z 
2025-01-13T19:50:34.1007590Z tardis/io/tests/test_HDFWriter.py::test_multi_index_write
2025-01-13T19:50:34.1008610Z tardis/visualization/widgets/tests/test_shell_info.py::TestHDFShellInfo::test_shells_data
2025-01-13T19:50:34.1009050Z   /Users/runner/work/tardis/tardis/tardis/io/util.py:276: PerformanceWarning:
2025-01-13T19:50:34.1009330Z   
2025-01-13T19:50:34.1009440Z   
2025-01-13T19:50:34.1009650Z   your performance may suffer as PyTables will pickle object types that it cannot
2025-01-13T19:50:34.1010090Z   map directly to c-types [inferred_type->mixed,key->block0_values] [items->Index([0], dtype='int64')]
2025-01-13T19:50:34.1010360Z 
2025-01-13T19:50:34.1010520Z tardis/io/tests/test_model_reader.py::test_read_cmfgen_isotope_abundances
2025-01-13T19:50:34.1010900Z tardis/plasma/tests/test_tardis_model_density_config.py::test_electron_densities
2025-01-13T19:50:34.1011320Z tardis/plasma/tests/test_tardis_model_density_config.py::test_isotope_number_densities
2025-01-13T19:50:34.1011700Z tardis/plasma/tests/test_tardis_model_density_config.py::test_t_rad
2025-01-13T19:50:34.1012160Z   /Users/runner/work/tardis/tardis/tardis/io/model/readers/cmfgen_deprecated.py:82: DeprecationWarning:
2025-01-13T19:50:34.1012530Z   
2025-01-13T19:50:34.1012670Z   The current CMFGEN model parser is deprecated
2025-01-13T19:50:34.1012820Z 
2025-01-13T19:50:34.1012910Z tardis/io/tests/test_model_reader.py: 1 warning
2025-01-13T19:50:34.1013200Z tardis/plasma/tests/test_tardis_model_density_config.py: 9 warnings
2025-01-13T19:50:34.1013650Z   /Users/runner/work/tardis/tardis/tardis/io/model/readers/cmfgen_deprecated.py:40: DeprecationWarning:
2025-01-13T19:50:34.1014000Z   
2025-01-13T19:50:34.1014140Z   The current CMFGEN model parser is deprecated
2025-01-13T19:50:34.1014290Z 
2025-01-13T19:50:34.1014450Z tardis/model/tests/test_base.py::TestModelFromPaper1Config::test_abundances
2025-01-13T19:50:34.1014970Z   /Users/runner/work/tardis/tardis/tardis/transport/montecarlo/montecarlo_main_loop.py:123: NumbaTypeSafetyWarning:
2025-01-13T19:50:34.1015370Z   
2025-01-13T19:50:34.1015820Z   [1m[1m[1munsafe cast from uint64 to int64. Precision may be lost.[0m[0m[0m
2025-01-13T19:50:34.1016030Z 
2025-01-13T19:50:34.1016110Z tardis/model/tests/test_base.py: 6 warnings
2025-01-13T19:50:34.1016540Z tardis/model/tests/test_csvy_model.py: 2 warnings
2025-01-13T19:50:34.1016830Z tardis/plasma/tests/test_tardis_model_density_config.py: 3 warnings
2025-01-13T19:50:34.1017240Z   /Users/runner/work/tardis/tardis/tardis/model/geometry/radial1d.py:50: DeprecationWarning:
2025-01-13T19:50:34.1017570Z   
2025-01-13T19:50:34.1017710Z   v_inner_boundary < 0, assuming default value
2025-01-13T19:50:34.1017850Z 
2025-01-13T19:50:34.1017920Z tardis/model/tests/test_base.py: 6 warnings
2025-01-13T19:50:34.1018170Z tardis/model/tests/test_csvy_model.py: 2 warnings
2025-01-13T19:50:34.1018490Z tardis/plasma/tests/test_tardis_model_density_config.py: 3 warnings
2025-01-13T19:50:34.1018920Z   /Users/runner/work/tardis/tardis/tardis/model/geometry/radial1d.py:61: DeprecationWarning:
2025-01-13T19:50:34.1019250Z   
2025-01-13T19:50:34.1019400Z   v_outer_boundary < 0, assuming default value
2025-01-13T19:50:34.1019540Z 
2025-01-13T19:50:34.1019910Z tardis/plasma/equilibrium/tests/test_level_populations.py::TestLevelPopulationSolver::test_solve[collisional_rate_solver0-radiative_transitions0]
2025-01-13T19:50:34.1020570Z   /Users/runner/work/tardis/tardis/tardis/plasma/equilibrium/level_populations.py:65: FutureWarning:
2025-01-13T19:50:34.1020990Z   
2025-01-13T19:50:34.1021270Z   A value is trying to be set on a copy of a DataFrame or Series through chained assignment using an inplace method.
2025-01-13T19:50:34.1022000Z   The behavior will change in pandas 3.0. This inplace method will never work because the intermediate object on which we are setting values always behaves as a copy.
2025-01-13T19:50:34.1022470Z   
2025-01-13T19:50:34.1022940Z   For example, when doing 'df[col].method(value, inplace=True)', try using 'df.method({col: value}, inplace=True)' or df[col] = df[col].method(value) instead, to perform the operation inplace on the original object.
2025-01-13T19:50:34.1023520Z 
2025-01-13T19:50:34.1023630Z tardis/plasma/tests/test_complete_plasmas.py: 20 warnings
2025-01-13T19:50:34.1024050Z   /Users/runner/work/tardis/tardis/tardis/plasma/tests/test_complete_plasmas.py:197: UserWarning:
2025-01-13T19:50:34.1024400Z   
2025-01-13T19:50:34.1024520Z   Property "atomic_mass" not found
2025-01-13T19:50:34.1024640Z 
2025-01-13T19:50:34.1024980Z tardis/plasma/tests/test_complete_plasmas.py::TestPlasma::test_plasma_properties[radiative_rates_type:detailed-w_epsilon:1e-10-j_blues_norm_factor]
2025-01-13T19:50:34.1025680Z tardis/plasma/tests/test_complete_plasmas.py::TestPlasma::test_plasma_properties[radiative_rates_type:detailed-j_blues_norm_factor]
2025-01-13T19:50:34.1026280Z   /Users/runner/work/tardis/tardis/tardis/plasma/tests/test_complete_plasmas.py:197: UserWarning:
2025-01-13T19:50:34.1026630Z   
2025-01-13T19:50:34.1026770Z   Property "j_blues_norm_factor" not found
2025-01-13T19:50:34.1026930Z 
2025-01-13T19:50:34.1027260Z tardis/plasma/tests/test_complete_plasmas.py::TestPlasma::test_plasma_properties[radiative_rates_type:detailed-w_epsilon:1e-10-j_blue_estimator]
2025-01-13T19:50:34.1027940Z tardis/plasma/tests/test_complete_plasmas.py::TestPlasma::test_plasma_properties[radiative_rates_type:detailed-j_blue_estimator]
2025-01-13T19:50:34.1028520Z   /Users/runner/work/tardis/tardis/tardis/plasma/tests/test_complete_plasmas.py:197: UserWarning:
2025-01-13T19:50:34.1028880Z   
2025-01-13T19:50:34.1029010Z   Property "j_blue_estimator" not found
2025-01-13T19:50:34.1029150Z 
2025-01-13T19:50:34.1029450Z tardis/plasma/tests/test_complete_plasmas.py::TestPlasma::test_plasma_properties[radiative_rates_type:detailed-w_epsilon:1e-10-volume]
2025-01-13T19:50:34.1030080Z tardis/plasma/tests/test_complete_plasmas.py::TestPlasma::test_plasma_properties[radiative_rates_type:detailed-volume]
2025-01-13T19:50:34.1030640Z   /Users/runner/work/tardis/tardis/tardis/plasma/tests/test_complete_plasmas.py:197: UserWarning:
2025-01-13T19:50:34.1030970Z   
2025-01-13T19:50:34.1031220Z   Property "volume" not found
2025-01-13T19:50:34.1031340Z 
2025-01-13T19:50:34.1031730Z tardis/plasma/tests/test_complete_plasmas.py::TestPlasma::test_plasma_properties[radiative_rates_type:detailed-w_epsilon:1e-10-r_inner]
2025-01-13T19:50:34.1032730Z tardis/plasma/tests/test_complete_plasmas.py::TestPlasma::test_plasma_properties[radiative_rates_type:detailed-r_inner]
2025-01-13T19:50:34.1033550Z   /Users/runner/work/tardis/tardis/tardis/plasma/tests/test_complete_plasmas.py:197: UserWarning:
2025-01-13T19:50:34.1040600Z   
2025-01-13T19:50:34.1040790Z   Property "r_inner" not found
2025-01-13T19:50:34.1040910Z 
2025-01-13T19:50:34.1041090Z tardis/plasma/tests/test_plasma_vboundary.py::test_plasma_vboundary[2900-3750]
2025-01-13T19:50:34.1041490Z tardis/plasma/tests/test_plasma_vboundary.py::test_plasma_vboundary[2900-3850]
2025-01-13T19:50:34.1041880Z tardis/plasma/tests/test_plasma_vboundary.py::test_plasma_vboundary[2900-3900]
2025-01-13T19:50:34.1042320Z   /Users/runner/work/tardis/tardis/tardis/model/geometry/radial1d.py:71: UserWarning:
2025-01-13T19:50:34.1043630Z   
2025-01-13T19:50:34.1043850Z   Requesting inner boundary below inner shell. Extrapolating the inner cell
2025-01-13T19:50:34.1044070Z 
2025-01-13T19:50:34.1044240Z tardis/spectrum/tests/test_spectrum_solver.py::TestSpectrumSolver::test_solve
2025-01-13T19:50:34.1044640Z   /Users/runner/work/tardis/tardis/tardis/spectrum/base.py:70: UserWarning:
2025-01-13T19:50:34.1044910Z   
2025-01-13T19:50:34.1045220Z   SpectrumSolver.spectrum_virtual_packets is zero. Please run the montecarlo simulation with no_of_virtual_packets > 0
2025-01-13T19:50:34.1045550Z 
2025-01-13T19:50:34.1045720Z tardis/spectrum/tests/test_spectrum_solver.py::TestSpectrumSolver::test_solve
2025-01-13T19:50:34.1046110Z   /Users/runner/work/tardis/tardis/tardis/spectrum/base.py:111: UserWarning:
2025-01-13T19:50:34.1046380Z   
2025-01-13T19:50:34.1046720Z   SpectrumSolver.integrator: The FormalIntegrator is not yet available.Please run the montecarlo simulation at least once.
2025-01-13T19:50:34.1047230Z 
2025-01-13T19:50:34.1047410Z tardis/transport/montecarlo/tests/test_vpacket.py::test_trace_vpacket_volley
2025-01-13T19:50:34.1047730Z   <string>:3: NumbaPendingDeprecationWarning:
2025-01-13T19:50:34.1047920Z   
2025-01-13T19:50:34.1048850Z   [1m[1mCode using Numba extension API maybe depending on 'old_style' error-capturing, which is deprecated and will be replaced by 'new_style' in a future release. See details at https://numba.readthedocs.io/en/latest/reference/deprecation.html#deprecation-of-old-style-numba-captured-errors
2025-01-13T19:50:34.1049680Z   Exception origin:
2025-01-13T19:50:34.1049970Z     File "/Users/runner/micromamba/envs/tardis/lib/python3.12/inspect.py", line 3180, in _bind
2025-01-13T19:50:34.1050310Z       raise TypeError(msg) from None
2025-01-13T19:50:34.1050510Z   [0m[0m
2025-01-13T19:50:34.1050580Z 
2025-01-13T19:50:34.1050840Z tardis/visualization/tools/tests/test_sdec_plot.py::TestSDECPlotter::test_mpl_image[plotter_generate_plot_mpl4]
2025-01-13T19:50:34.1051390Z   /Users/runner/work/tardis/tardis/tardis/visualization/tools/sdec_plot.py:1225: RuntimeWarning:
2025-01-13T19:50:34.1051720Z   
2025-01-13T19:50:34.1052450Z   More than 20 figures have been opened. Figures created through the pyplot interface (`matplotlib.pyplot.figure`) are retained until explicitly closed and may consume too much memory. (To control this warning, see the rcParam `figure.max_open_warning`). Consider using `matplotlib.pyplot.close()`.
2025-01-13T19:50:34.1053160Z 
2025-01-13T19:50:34.1053440Z tardis/visualization/widgets/tests/test_custom_abundance.py::TestCustomAbundanceWidget::test_update_input_item_value
2025-01-13T19:50:34.1054240Z tardis/visualization/widgets/tests/test_custom_abundance.py::TestCustomAbundanceWidget::test_update_input_item_value
2025-01-13T19:50:34.1054880Z tardis/visualization/widgets/tests/test_custom_abundance.py::TestCustomAbundanceWidget::test_update_input_item_value
2025-01-13T19:50:34.1055520Z tardis/visualization/widgets/tests/test_custom_abundance.py::TestCustomAbundanceWidget::test_update_input_item_value
2025-01-13T19:50:34.1056150Z tardis/visualization/widgets/tests/test_custom_abundance.py::TestCustomAbundanceWidget::test_update_input_item_value
2025-01-13T19:50:34.1057000Z tardis/visualization/widgets/tests/test_custom_abundance.py::TestCustomAbundanceWidget::test_update_input_item_value
2025-01-13T19:50:34.1057650Z   /Users/runner/micromamba/envs/tardis/lib/python3.12/site-packages/traitlets/traitlets.py:1385: DeprecationWarning:
2025-01-13T19:50:34.1058050Z   
2025-01-13T19:50:34.1058280Z   Passing unrecognized arguments to super(Checkbox).__init__(icon='lock').
2025-01-13T19:50:34.1058650Z   object.__init__() takes exactly one argument (the instance to initialize)
2025-01-13T19:50:34.1059050Z   This is deprecated in traitlets 4.2.This error will be raised in a future release of traitlets.
2025-01-13T19:50:34.1059300Z 
2025-01-13T19:50:34.1059580Z tardis/visualization/widgets/tests/test_custom_abundance.py::TestCustomAbundanceWidget::test_update_input_item_value
2025-01-13T19:50:34.1060190Z tardis/visualization/widgets/tests/test_custom_abundance.py::TestCustomAbundanceWidget::test_update_input_item_value
2025-01-13T19:50:34.1060810Z   /Users/runner/micromamba/envs/tardis/lib/python3.12/site-packages/traitlets/traitlets.py:1385: DeprecationWarning:
2025-01-13T19:50:34.1061190Z   
2025-01-13T19:50:34.1061390Z   Passing unrecognized arguments to super(FloatText).__init__(min=0).
2025-01-13T19:50:34.1061730Z   object.__init__() takes exactly one argument (the instance to initialize)
2025-01-13T19:50:34.1062130Z   This is deprecated in traitlets 4.2.This error will be raised in a future release of traitlets.
2025-01-13T19:50:34.1062380Z 
2025-01-13T19:50:34.1062650Z tardis/visualization/widgets/tests/test_custom_abundance.py::TestCustomAbundanceWidget::test_update_input_item_value
2025-01-13T19:50:34.1063280Z   /Users/runner/micromamba/envs/tardis/lib/python3.12/site-packages/traitlets/traitlets.py:1385: DeprecationWarning:
2025-01-13T19:50:34.1063760Z   
2025-01-13T19:50:34.1063950Z   Passing unrecognized arguments to super(HTML).__init__(indent=True).
2025-01-13T19:50:34.1064310Z   object.__init__() takes exactly one argument (the instance to initialize)
2025-01-13T19:50:34.1064730Z   This is deprecated in traitlets 4.2.This error will be raised in a future release of traitlets.
2025-01-13T19:50:34.1064980Z 
2025-01-13T19:50:34.1065320Z tardis/visualization/widgets/tests/test_line_info.py::TestLineInfoWidgetData::test_get_species_interactions[wavelength_range0-packet_out_nu]
2025-01-13T19:50:34.1065970Z   /Users/runner/micromamba/envs/tardis/lib/python3.12/site-packages/qgridnext/grid.py:814: DeprecationWarning:
2025-01-13T19:50:34.1066330Z   
2025-01-13T19:50:34.1066580Z   QgridWidget._df_changed is deprecated in traitlets 4.1: use @observe and @unobserve instead.
2025-01-13T19:50:34.1066840Z 
2025-01-13T19:50:34.1067040Z tardis/visualization/widgets/tests/test_shell_info.py::TestHDFShellInfo::test_shells_data
2025-01-13T19:50:34.1067490Z   /Users/runner/work/tardis/tardis/tardis/io/util.py:289: PerformanceWarning:
2025-01-13T19:50:34.1067790Z   
2025-01-13T19:50:34.1067890Z   
2025-01-13T19:50:34.1068120Z   your performance may suffer as PyTables will pickle object types that it cannot
2025-01-13T19:50:34.1068550Z   map directly to c-types [inferred_type->mixed,key->block0_values] [items->Index([0], dtype='int64')]
2025-01-13T19:50:34.1068820Z 
2025-01-13T19:50:34.1069020Z tardis/visualization/widgets/tests/test_shell_info.py::TestHDFShellInfo::test_shells_data
2025-01-13T19:50:34.1069450Z   /Users/runner/work/tardis/tardis/tardis/io/util.py:292: PerformanceWarning:
2025-01-13T19:50:34.1069730Z   
2025-01-13T19:50:34.1069830Z   
2025-01-13T19:50:34.1070050Z   your performance may suffer as PyTables will pickle object types that it cannot
2025-01-13T19:50:34.1070420Z   map directly to c-types [inferred_type->mixed,key->values] [items->None]
2025-01-13T19:50:34.1070630Z 
2025-01-13T19:50:34.1070840Z tardis/visualization/widgets/tests/test_shell_info.py::TestHDFShellInfo::test_shells_data
2025-01-13T19:50:34.1071310Z   /Users/runner/work/tardis/tardis/tardis/spectrum/formal_integral.py:398: UserWarning:
2025-01-13T19:50:34.1071870Z   
2025-01-13T19:50:34.1072080Z   The number of interpolate_shells was not specified. The value was set to 80.
2025-01-13T19:50:34.1072290Z 
2025-01-13T19:50:34.1072450Z -- Docs: https://docs.pytest.org/en/stable/how-to/capture-warnings.html
2025-01-13T19:50:34.1072680Z 
2025-01-13T19:50:34.1072820Z ---------- coverage: platform darwin, python 3.12.4-final-0 ----------
2025-01-13T19:50:34.1073100Z Coverage HTML written to dir coverage_html_report
2025-01-13T19:50:34.1073400Z Coverage XML written to file coverage.xml
2025-01-13T19:50:34.1073550Z 
2025-01-13T19:50:34.1073650Z =========================== short test summary info ============================
2025-01-13T19:50:34.1074410Z FAILED tardis/opacities/tests/test_tau_sobolev.py::test_calculate_sobolev_line_opacity - FileNotFoundError: File /Users/runner/work/tardis/tardis/tardis-regression-data/test_tau_sobolev/test_calculate_sobolev_line_opacity.h5 does not exist
2025-01-13T19:50:34.1075650Z FAILED tardis/opacities/tests/test_tau_sobolev.py::test_calculate_beta_sobolevs - FileNotFoundError: [Errno 2] No such file or directory: '/Users/runner/work/tardis/tardis/tardis-regression-data/test_tau_sobolev/test_calculate_beta_sobolevs.npy'
2025-01-13T19:50:34.1076520Z = 2 failed, 1436 passed, 329 skipped, 2 deselected, 19 xfailed, 8 xpassed, 91 warnings in 798.22s (0:13:18) =
2025-01-13T19:50:35.9641580Z ##[error]Process completed with exit code 1.
