2025-02-22T20:44:19.7257366Z Requested labels: ubuntu-latest
2025-02-22T20:44:19.7257537Z Job defined at: tardis-sn/tardis/.github/workflows/tests.yml@refs/pull/2973/merge
2025-02-22T20:44:19.7257611Z Waiting for a runner to pick up this job...
2025-02-22T20:44:19.9516977Z Job is waiting for a hosted runner to come online.
2025-02-22T20:44:23.4936471Z Job is about to start running on the hosted runner: GitHub Actions 58 (hosted)
2025-02-22T20:44:24.7950068Z Current runner version: '2.322.0'
2025-02-22T20:44:24.7975736Z ##[group]Operating System
2025-02-22T20:44:24.7976814Z Ubuntu
2025-02-22T20:44:24.7977361Z 24.04.1
2025-02-22T20:44:24.7977865Z LTS
2025-02-22T20:44:24.7978354Z ##[endgroup]
2025-02-22T20:44:24.7978875Z ##[group]Runner Image
2025-02-22T20:44:24.7979493Z Image: ubuntu-24.04
2025-02-22T20:44:24.7980013Z Version: 20250209.1.0
2025-02-22T20:44:24.7981000Z Included Software: https://github.com/actions/runner-images/blob/ubuntu24/20250209.1/images/ubuntu/Ubuntu2404-Readme.md
2025-02-22T20:44:24.7982431Z Image Release: https://github.com/actions/runner-images/releases/tag/ubuntu24%2F20250209.1
2025-02-22T20:44:24.7983315Z ##[endgroup]
2025-02-22T20:44:24.7983837Z ##[group]Runner Image Provisioner
2025-02-22T20:44:24.7984487Z 2.0.422.1
2025-02-22T20:44:24.7984971Z ##[endgroup]
2025-02-22T20:44:24.7987354Z ##[group]GITHUB_TOKEN Permissions
2025-02-22T20:44:24.7989491Z Actions: read
2025-02-22T20:44:24.7990320Z Attestations: read
2025-02-22T20:44:24.7990919Z Checks: read
2025-02-22T20:44:24.7991445Z Contents: read
2025-02-22T20:44:24.7991984Z Deployments: read
2025-02-22T20:44:24.7992493Z Discussions: read
2025-02-22T20:44:24.7992989Z Issues: read
2025-02-22T20:44:24.7993510Z Metadata: read
2025-02-22T20:44:24.7994005Z Packages: read
2025-02-22T20:44:24.7994561Z Pages: read
2025-02-22T20:44:24.7995053Z PullRequests: read
2025-02-22T20:44:24.7995549Z RepositoryProjects: read
2025-02-22T20:44:24.7996173Z SecurityEvents: read
2025-02-22T20:44:24.7996906Z Statuses: read
2025-02-22T20:44:24.7997388Z ##[endgroup]
2025-02-22T20:44:24.8000517Z Secret source: None
2025-02-22T20:44:24.8001229Z Prepare workflow directory
2025-02-22T20:44:24.8616575Z Prepare all required actions
2025-02-22T20:44:24.8652914Z Getting action download info
2025-02-22T20:44:25.0367003Z ##[group]Download immutable action package 'actions/checkout@v4'
2025-02-22T20:44:25.0367900Z Version: 4.2.2
2025-02-22T20:44:25.0368717Z Digest: sha256:ccb2698953eaebd21c7bf6268a94f9c26518a7e38e27e0b83c1fe1ad049819b1
2025-02-22T20:44:25.0369727Z Source commit SHA: 11bd71901bbe5b1630ceea73d27597364c9af683
2025-02-22T20:44:25.0370318Z ##[endgroup]
2025-02-22T20:44:25.1232001Z ##[group]Download immutable action package 'actions/upload-artifact@v4'
2025-02-22T20:44:25.1232718Z Version: 4.6.1
2025-02-22T20:44:25.1233352Z Digest: sha256:3f6a28e7a1e0b5c8e2249e28da121a049fa5b91863b04390a46a82e4f8e2da98
2025-02-22T20:44:25.1234222Z Source commit SHA: 4cec3d8aa04e39d1a68397de0c4cd6fb9dce8ec1
2025-02-22T20:44:25.1234820Z ##[endgroup]
2025-02-22T20:44:25.4505828Z Complete job name: not continuum ubuntu-latest 
2025-02-22T20:44:25.5148168Z ##[group]Run actions/checkout@v4
2025-02-22T20:44:25.5148982Z with:
2025-02-22T20:44:25.5149391Z   repository: tardis-sn/tardis
2025-02-22T20:44:25.5150026Z   token: ***
2025-02-22T20:44:25.5150408Z   ssh-strict: true
2025-02-22T20:44:25.5150804Z   ssh-user: git
2025-02-22T20:44:25.5151209Z   persist-credentials: true
2025-02-22T20:44:25.5151654Z   clean: true
2025-02-22T20:44:25.5152057Z   sparse-checkout-cone-mode: true
2025-02-22T20:44:25.5152606Z   fetch-depth: 1
2025-02-22T20:44:25.5153058Z   fetch-tags: false
2025-02-22T20:44:25.5153462Z   show-progress: true
2025-02-22T20:44:25.5153888Z   lfs: false
2025-02-22T20:44:25.5154261Z   submodules: false
2025-02-22T20:44:25.5154667Z   set-safe-directory: true
2025-02-22T20:44:25.5155294Z env:
2025-02-22T20:44:25.5155656Z   CACHE_NUMBER: 0
2025-02-22T20:44:25.5156969Z   PYTEST_FLAGS: --tardis-regression-data=/home/runner/work/tardis/tardis/tardis-regression-data --cov=tardis --cov-report=xml --cov-report=html --cov-append
2025-02-22T20:44:25.5158186Z   CODECOV_TOKEN: 
2025-02-22T20:44:25.5158580Z ##[endgroup]
2025-02-22T20:44:25.7353234Z Syncing repository: tardis-sn/tardis
2025-02-22T20:44:25.7355105Z ##[group]Getting Git version info
2025-02-22T20:44:25.7355768Z Working directory is '/home/runner/work/tardis/tardis'
2025-02-22T20:44:25.7356948Z [command]/usr/bin/git version
2025-02-22T20:44:25.7419366Z git version 2.48.1
2025-02-22T20:44:25.7452370Z ##[endgroup]
2025-02-22T20:44:25.7467735Z Temporarily overriding HOME='/home/runner/work/_temp/9f850bec-7a59-42b2-b449-d94dcbb1c2ac' before making global git config changes
2025-02-22T20:44:25.7470168Z Adding repository directory to the temporary git global config as a safe directory
2025-02-22T20:44:25.7474197Z [command]/usr/bin/git config --global --add safe.directory /home/runner/work/tardis/tardis
2025-02-22T20:44:25.7512466Z Deleting the contents of '/home/runner/work/tardis/tardis'
2025-02-22T20:44:25.7516316Z ##[group]Initializing the repository
2025-02-22T20:44:25.7520269Z [command]/usr/bin/git init /home/runner/work/tardis/tardis
2025-02-22T20:44:25.7644057Z hint: Using 'master' as the name for the initial branch. This default branch name
2025-02-22T20:44:25.7645423Z hint: is subject to change. To configure the initial branch name to use in all
2025-02-22T20:44:25.7646749Z hint: of your new repositories, which will suppress this warning, call:
2025-02-22T20:44:25.7647664Z hint:
2025-02-22T20:44:25.7648296Z hint: 	git config --global init.defaultBranch <name>
2025-02-22T20:44:25.7649063Z hint:
2025-02-22T20:44:25.7650155Z hint: Names commonly chosen instead of 'master' are 'main', 'trunk' and
2025-02-22T20:44:25.7651625Z hint: 'development'. The just-created branch can be renamed via this command:
2025-02-22T20:44:25.7652581Z hint:
2025-02-22T20:44:25.7653075Z hint: 	git branch -m <name>
2025-02-22T20:44:25.7653977Z Initialized empty Git repository in /home/runner/work/tardis/tardis/.git/
2025-02-22T20:44:25.7661009Z [command]/usr/bin/git remote add origin https://github.com/tardis-sn/tardis
2025-02-22T20:44:25.7703857Z ##[endgroup]
2025-02-22T20:44:25.7705428Z ##[group]Disabling automatic garbage collection
2025-02-22T20:44:25.7707872Z [command]/usr/bin/git config --local gc.auto 0
2025-02-22T20:44:25.7740886Z ##[endgroup]
2025-02-22T20:44:25.7742120Z ##[group]Setting up auth
2025-02-22T20:44:25.7746704Z [command]/usr/bin/git config --local --name-only --get-regexp core\.sshCommand
2025-02-22T20:44:25.7778675Z [command]/usr/bin/git submodule foreach --recursive sh -c "git config --local --name-only --get-regexp 'core\.sshCommand' && git config --local --unset-all 'core.sshCommand' || :"
2025-02-22T20:44:25.8151739Z [command]/usr/bin/git config --local --name-only --get-regexp http\.https\:\/\/github\.com\/\.extraheader
2025-02-22T20:44:25.8188407Z [command]/usr/bin/git submodule foreach --recursive sh -c "git config --local --name-only --get-regexp 'http\.https\:\/\/github\.com\/\.extraheader' && git config --local --unset-all 'http.https://github.com/.extraheader' || :"
2025-02-22T20:44:25.8462804Z [command]/usr/bin/git config --local http.https://github.com/.extraheader AUTHORIZATION: basic ***
2025-02-22T20:44:25.8593517Z ##[endgroup]
2025-02-22T20:44:25.8597903Z ##[group]Fetching the repository
2025-02-22T20:44:25.8601271Z [command]/usr/bin/git -c protocol.version=2 fetch --no-tags --prune --no-recurse-submodules --depth=1 origin +c9a33a39c4fa281f9c9c706fd9899bc31c13853c:refs/remotes/pull/2973/merge
2025-02-22T20:44:26.8947993Z From https://github.com/tardis-sn/tardis
2025-02-22T20:44:26.8949450Z  * [new ref]         c9a33a39c4fa281f9c9c706fd9899bc31c13853c -> pull/2973/merge
2025-02-22T20:44:26.8979270Z ##[endgroup]
2025-02-22T20:44:26.8980624Z ##[group]Determining the checkout info
2025-02-22T20:44:26.8982089Z ##[endgroup]
2025-02-22T20:44:26.8987346Z [command]/usr/bin/git sparse-checkout disable
2025-02-22T20:44:26.9034183Z [command]/usr/bin/git config --local --unset-all extensions.worktreeConfig
2025-02-22T20:44:26.9063433Z ##[group]Checking out the ref
2025-02-22T20:44:26.9067144Z [command]/usr/bin/git checkout --progress --force refs/remotes/pull/2973/merge
2025-02-22T20:44:27.1055894Z Note: switching to 'refs/remotes/pull/2973/merge'.
2025-02-22T20:44:27.1057379Z 
2025-02-22T20:44:27.1058261Z You are in 'detached HEAD' state. You can look around, make experimental
2025-02-22T20:44:27.1060040Z changes and commit them, and you can discard any commits you make in this
2025-02-22T20:44:27.1061648Z state without impacting any branches by switching back to a branch.
2025-02-22T20:44:27.1062921Z 
2025-02-22T20:44:27.1063605Z If you want to create a new branch to retain commits you create, you may
2025-02-22T20:44:27.1065079Z do so (now or later) by using -c with the switch command. Example:
2025-02-22T20:44:27.1065939Z 
2025-02-22T20:44:27.1066515Z   git switch -c <new-branch-name>
2025-02-22T20:44:27.1067233Z 
2025-02-22T20:44:27.1067667Z Or undo this operation with:
2025-02-22T20:44:27.1068318Z 
2025-02-22T20:44:27.1068708Z   git switch -
2025-02-22T20:44:27.1069241Z 
2025-02-22T20:44:27.1070067Z Turn off this advice by setting config variable advice.detachedHead to false
2025-02-22T20:44:27.1071107Z 
2025-02-22T20:44:27.1072299Z HEAD is now at c9a33a3 Merge 19a690f5d2c368996137707f037617c4ea5d14aa into 6e790c66049717c1a7df370212bf7063c85b7fdd
2025-02-22T20:44:27.1112626Z ##[endgroup]
2025-02-22T20:44:27.1116234Z [command]/usr/bin/git log -1 --format=%H
2025-02-22T20:44:27.1141807Z c9a33a39c4fa281f9c9c706fd9899bc31c13853c
2025-02-22T20:44:27.1486830Z Prepare all required actions
2025-02-22T20:44:27.1488475Z Getting action download info
2025-02-22T20:44:27.2555381Z ##[group]Download immutable action package 'actions/cache@v4'
2025-02-22T20:44:27.2556984Z Version: 4.2.1
2025-02-22T20:44:27.2558457Z Digest: sha256:b0404c9628d43aa6855629075b28f32cadf8efc5c26198438149f78500112940
2025-02-22T20:44:27.2560243Z Source commit SHA: 0c907a75c2c80ebcb7f088228285e798b750cf8f
2025-02-22T20:44:27.2561555Z ##[endgroup]
2025-02-22T20:44:27.5056903Z ##[group]Run ./.github/actions/setup_lfs
2025-02-22T20:44:27.5057274Z with:
2025-02-22T20:44:27.5057582Z   regression-data-repo: tardis-sn/tardis-regression-data
2025-02-22T20:44:27.5057956Z   atom-data-sparse: false
2025-02-22T20:44:27.5058216Z env:
2025-02-22T20:44:27.5058425Z   CACHE_NUMBER: 0
2025-02-22T20:44:27.5059123Z   PYTEST_FLAGS: --tardis-regression-data=/home/runner/work/tardis/tardis/tardis-regression-data --cov=tardis --cov-report=xml --cov-report=html --cov-append
2025-02-22T20:44:27.5059903Z   CODECOV_TOKEN: 
2025-02-22T20:44:27.5060138Z ##[endgroup]
2025-02-22T20:44:27.5204254Z ##[group]Run actions/checkout@v4
2025-02-22T20:44:27.5204566Z with:
2025-02-22T20:44:27.5204842Z   repository: tardis-sn/tardis-regression-data
2025-02-22T20:44:27.5205200Z   path: tardis-regression-data
2025-02-22T20:44:27.5205481Z   lfs: false
2025-02-22T20:44:27.5205851Z   token: ***
2025-02-22T20:44:27.5206088Z   ssh-strict: true
2025-02-22T20:44:27.5206324Z   ssh-user: git
2025-02-22T20:44:27.5206753Z   persist-credentials: true
2025-02-22T20:44:27.5207022Z   clean: true
2025-02-22T20:44:27.5207286Z   sparse-checkout-cone-mode: true
2025-02-22T20:44:27.5207581Z   fetch-depth: 1
2025-02-22T20:44:27.5207824Z   fetch-tags: false
2025-02-22T20:44:27.5208071Z   show-progress: true
2025-02-22T20:44:27.5208313Z   submodules: false
2025-02-22T20:44:27.5208556Z   set-safe-directory: true
2025-02-22T20:44:27.5208814Z env:
2025-02-22T20:44:27.5209024Z   CACHE_NUMBER: 0
2025-02-22T20:44:27.5209710Z   PYTEST_FLAGS: --tardis-regression-data=/home/runner/work/tardis/tardis/tardis-regression-data --cov=tardis --cov-report=xml --cov-report=html --cov-append
2025-02-22T20:44:27.5210415Z   CODECOV_TOKEN: 
2025-02-22T20:44:27.5210654Z ##[endgroup]
2025-02-22T20:44:27.6132014Z Syncing repository: tardis-sn/tardis-regression-data
2025-02-22T20:44:27.6139489Z ##[group]Getting Git version info
2025-02-22T20:44:27.6140444Z Working directory is '/home/runner/work/tardis/tardis/tardis-regression-data'
2025-02-22T20:44:27.6185324Z [command]/usr/bin/git version
2025-02-22T20:44:27.6226942Z git version 2.48.1
2025-02-22T20:44:27.6252503Z ##[endgroup]
2025-02-22T20:44:27.6266181Z Temporarily overriding HOME='/home/runner/work/_temp/19a457fe-5599-4408-b486-bdd65cb58e53' before making global git config changes
2025-02-22T20:44:27.6267944Z Adding repository directory to the temporary git global config as a safe directory
2025-02-22T20:44:27.6272939Z [command]/usr/bin/git config --global --add safe.directory /home/runner/work/tardis/tardis/tardis-regression-data
2025-02-22T20:44:27.6302863Z ##[group]Initializing the repository
2025-02-22T20:44:27.6308806Z [command]/usr/bin/git init /home/runner/work/tardis/tardis/tardis-regression-data
2025-02-22T20:44:27.6344754Z hint: Using 'master' as the name for the initial branch. This default branch name
2025-02-22T20:44:27.6345820Z hint: is subject to change. To configure the initial branch name to use in all
2025-02-22T20:44:27.6346956Z hint: of your new repositories, which will suppress this warning, call:
2025-02-22T20:44:27.6347526Z hint:
2025-02-22T20:44:27.6347883Z hint: 	git config --global init.defaultBranch <name>
2025-02-22T20:44:27.6348465Z hint:
2025-02-22T20:44:27.6349045Z hint: Names commonly chosen instead of 'master' are 'main', 'trunk' and
2025-02-22T20:44:27.6349730Z hint: 'development'. The just-created branch can be renamed via this command:
2025-02-22T20:44:27.6350141Z hint:
2025-02-22T20:44:27.6350374Z hint: 	git branch -m <name>
2025-02-22T20:44:27.6351169Z Initialized empty Git repository in /home/runner/work/tardis/tardis/tardis-regression-data/.git/
2025-02-22T20:44:27.6357037Z [command]/usr/bin/git remote add origin https://github.com/tardis-sn/tardis-regression-data
2025-02-22T20:44:27.6385403Z ##[endgroup]
2025-02-22T20:44:27.6385887Z ##[group]Disabling automatic garbage collection
2025-02-22T20:44:27.6389663Z [command]/usr/bin/git config --local gc.auto 0
2025-02-22T20:44:27.6417174Z ##[endgroup]
2025-02-22T20:44:27.6417642Z ##[group]Setting up auth
2025-02-22T20:44:27.6423427Z [command]/usr/bin/git config --local --name-only --get-regexp core\.sshCommand
2025-02-22T20:44:27.6451773Z [command]/usr/bin/git submodule foreach --recursive sh -c "git config --local --name-only --get-regexp 'core\.sshCommand' && git config --local --unset-all 'core.sshCommand' || :"
2025-02-22T20:44:27.6676225Z [command]/usr/bin/git config --local --name-only --get-regexp http\.https\:\/\/github\.com\/\.extraheader
2025-02-22T20:44:27.6706208Z [command]/usr/bin/git submodule foreach --recursive sh -c "git config --local --name-only --get-regexp 'http\.https\:\/\/github\.com\/\.extraheader' && git config --local --unset-all 'http.https://github.com/.extraheader' || :"
2025-02-22T20:44:27.6931308Z [command]/usr/bin/git config --local http.https://github.com/.extraheader AUTHORIZATION: basic ***
2025-02-22T20:44:27.6967979Z ##[endgroup]
2025-02-22T20:44:27.6968612Z ##[group]Determining the default branch
2025-02-22T20:44:27.6971308Z Retrieving the default branch name
2025-02-22T20:44:27.9139478Z Default branch 'main'
2025-02-22T20:44:27.9140880Z ##[endgroup]
2025-02-22T20:44:27.9141983Z ##[group]Fetching the repository
2025-02-22T20:44:27.9148147Z [command]/usr/bin/git -c protocol.version=2 fetch --no-tags --prune --no-recurse-submodules --depth=1 origin +refs/heads/main:refs/remotes/origin/main
2025-02-22T20:44:28.1649573Z From https://github.com/tardis-sn/tardis-regression-data
2025-02-22T20:44:28.1650498Z  * [new branch]      main       -> origin/main
2025-02-22T20:44:28.1676893Z ##[endgroup]
2025-02-22T20:44:28.1677545Z ##[group]Determining the checkout info
2025-02-22T20:44:28.1678611Z ##[endgroup]
2025-02-22T20:44:28.1683731Z [command]/usr/bin/git sparse-checkout disable
2025-02-22T20:44:28.1724339Z [command]/usr/bin/git config --local --unset-all extensions.worktreeConfig
2025-02-22T20:44:28.1754204Z ##[group]Checking out the ref
2025-02-22T20:44:28.1758804Z [command]/usr/bin/git checkout --progress --force -B main refs/remotes/origin/main
2025-02-22T20:44:28.3016585Z Switched to a new branch 'main'
2025-02-22T20:44:28.3019035Z branch 'main' set up to track 'origin/main'.
2025-02-22T20:44:28.3301574Z ##[endgroup]
2025-02-22T20:44:28.3343198Z [command]/usr/bin/git log -1 --format=%H
2025-02-22T20:44:28.3367774Z 84e768462f20f09fbccc05625cdcc1d8ffbe404c
2025-02-22T20:44:28.3505706Z ##[group]Run if [ "false" == "true" ]; then
2025-02-22T20:44:28.3506144Z [36;1mif [ "false" == "true" ]; then[0m
2025-02-22T20:44:28.3506876Z [36;1m  echo "Using atom data sparse checkout"[0m
2025-02-22T20:44:28.3507735Z [36;1m  echo "atom_data/kurucz_cd23_chianti_H_He.h5" > .lfs-files-list[0m
2025-02-22T20:44:28.3508125Z [36;1melse[0m
2025-02-22T20:44:28.3508393Z [36;1m  echo "Using full repository checkout"[0m
2025-02-22T20:44:28.3508804Z [36;1m  git lfs ls-files -l | cut -d' ' -f1 | sort > .lfs-files-list[0m
2025-02-22T20:44:28.3509164Z [36;1mfi[0m
2025-02-22T20:44:28.3763117Z shell: /usr/bin/bash --noprofile --norc -e -o pipefail {0}
2025-02-22T20:44:28.3763660Z env:
2025-02-22T20:44:28.3763959Z   CACHE_NUMBER: 0
2025-02-22T20:44:28.3764971Z   PYTEST_FLAGS: --tardis-regression-data=/home/runner/work/tardis/tardis/tardis-regression-data --cov=tardis --cov-report=xml --cov-report=html --cov-append
2025-02-22T20:44:28.3766028Z   CODECOV_TOKEN: 
2025-02-22T20:44:28.3766558Z ##[endgroup]
2025-02-22T20:44:28.3860301Z Using full repository checkout
2025-02-22T20:44:28.5265383Z ##[group]Run actions/cache/restore@v4
2025-02-22T20:44:28.5265819Z with:
2025-02-22T20:44:28.5266262Z   path: tardis-regression-data/.git/lfs
2025-02-22T20:44:28.5294261Z   key: tardis-regression-full-data-c8ff2bbb6048b3f24d3f52a1e85b013ad47e52c369a6ce4cfdeff528b659b86f-tardis-sn/tardis-regression-data-v1
2025-02-22T20:44:28.5295596Z   fail-on-cache-miss: true
2025-02-22T20:44:28.5296113Z   enableCrossOsArchive: false
2025-02-22T20:44:28.5296866Z   lookup-only: false
2025-02-22T20:44:28.5297276Z env:
2025-02-22T20:44:28.5297641Z   CACHE_NUMBER: 0
2025-02-22T20:44:28.5298844Z   PYTEST_FLAGS: --tardis-regression-data=/home/runner/work/tardis/tardis/tardis-regression-data --cov=tardis --cov-report=xml --cov-report=html --cov-append
2025-02-22T20:44:28.5300138Z   CODECOV_TOKEN: 
2025-02-22T20:44:28.5300545Z ##[endgroup]
2025-02-22T20:44:28.7325502Z Cache hit for: tardis-regression-full-data-c8ff2bbb6048b3f24d3f52a1e85b013ad47e52c369a6ce4cfdeff528b659b86f-tardis-sn/tardis-regression-data-v1
2025-02-22T20:44:29.7944296Z Received 197132288 of 2161656325 (9.1%), 187.4 MBs/sec
2025-02-22T20:44:30.7950064Z Received 402653184 of 2161656325 (18.6%), 191.7 MBs/sec
2025-02-22T20:44:31.7960315Z Received 650117120 of 2161656325 (30.1%), 206.4 MBs/sec
2025-02-22T20:44:32.8018419Z Received 893386752 of 2161656325 (41.3%), 212.6 MBs/sec
2025-02-22T20:44:33.8014740Z Received 1145044992 of 2161656325 (53.0%), 218.0 MBs/sec
2025-02-22T20:44:34.8022908Z Received 1396703232 of 2161656325 (64.6%), 221.6 MBs/sec
2025-02-22T20:44:35.8099636Z Received 1623195648 of 2161656325 (75.1%), 220.6 MBs/sec
2025-02-22T20:44:36.8110360Z Received 1891631104 of 2161656325 (87.5%), 225.0 MBs/sec
2025-02-22T20:44:37.8120017Z Received 2157462021 of 2161656325 (99.8%), 228.1 MBs/sec
2025-02-22T20:44:37.8450194Z Received 2161656325 of 2161656325 (100.0%), 227.7 MBs/sec
2025-02-22T20:44:37.8453052Z Cache Size: ~2062 MB (2161656325 B)
2025-02-22T20:44:37.8560615Z [command]/usr/bin/tar -xf /home/runner/work/_temp/86ca6e95-5960-4495-a7f2-bc11385e9881/cache.tzst -P -C /home/runner/work/tardis/tardis --use-compress-program unzstd
2025-02-22T20:44:49.1784046Z Cache restored successfully
2025-02-22T20:44:49.5517862Z Cache restored from key: tardis-regression-full-data-c8ff2bbb6048b3f24d3f52a1e85b013ad47e52c369a6ce4cfdeff528b659b86f-tardis-sn/tardis-regression-data-v1
2025-02-22T20:44:49.5677780Z ##[group]Run git lfs checkout
2025-02-22T20:44:49.5678489Z [36;1mgit lfs checkout[0m
2025-02-22T20:44:49.5736651Z shell: /usr/bin/bash --noprofile --norc -e -o pipefail {0}
2025-02-22T20:44:49.5737003Z env:
2025-02-22T20:44:49.5737179Z   CACHE_NUMBER: 0
2025-02-22T20:44:49.5737842Z   PYTEST_FLAGS: --tardis-regression-data=/home/runner/work/tardis/tardis/tardis-regression-data --cov=tardis --cov-report=xml --cov-report=html --cov-append
2025-02-22T20:44:49.5738557Z   CODECOV_TOKEN: 
2025-02-22T20:44:49.5738753Z ##[endgroup]
2025-02-22T20:45:10.3143362Z Checking out LFS objects: 100% (204/204), 5.7 GB | 244 MB/s, done.
2025-02-22T20:45:12.8677870Z Prepare all required actions
2025-02-22T20:45:12.8678216Z Getting action download info
2025-02-22T20:45:12.9638250Z Download action repository 'mamba-org/setup-micromamba@v1' (SHA:4b9113af4fba0e9e1124b252dd6497a419e7396d)
2025-02-22T20:45:13.2420978Z ##[group]Run ./.github/actions/setup_env
2025-02-22T20:45:13.2421237Z with:
2025-02-22T20:45:13.2421420Z   os-label: linux-64
2025-02-22T20:45:13.2421617Z env:
2025-02-22T20:45:13.2421780Z   CACHE_NUMBER: 0
2025-02-22T20:45:13.2422382Z   PYTEST_FLAGS: --tardis-regression-data=/home/runner/work/tardis/tardis/tardis-regression-data --cov=tardis --cov-report=xml --cov-report=html --cov-append
2025-02-22T20:45:13.2423009Z   CODECOV_TOKEN: 
2025-02-22T20:45:13.2423189Z ##[endgroup]
2025-02-22T20:45:13.2444142Z ##[group]Run file_hash=$(cat conda-linux-64.lock | shasum -a 256 | cut -d' ' -f1)
2025-02-22T20:45:13.2444633Z [36;1mfile_hash=$(cat conda-linux-64.lock | shasum -a 256 | cut -d' ' -f1)[0m
2025-02-22T20:45:13.2445183Z [36;1mecho "file_hash=tardis-conda-env-linux-64-${file_hash}-v1" >> "${GITHUB_OUTPUT}"[0m
2025-02-22T20:45:13.2501349Z shell: /usr/bin/bash --noprofile --norc -e -o pipefail {0}
2025-02-22T20:45:13.2501684Z env:
2025-02-22T20:45:13.2501857Z   CACHE_NUMBER: 0
2025-02-22T20:45:13.2502467Z   PYTEST_FLAGS: --tardis-regression-data=/home/runner/work/tardis/tardis/tardis-regression-data --cov=tardis --cov-report=xml --cov-report=html --cov-append
2025-02-22T20:45:13.2503105Z   CODECOV_TOKEN: 
2025-02-22T20:45:13.2503294Z ##[endgroup]
2025-02-22T20:45:13.2853760Z ##[group]Run mamba-org/setup-micromamba@v1
2025-02-22T20:45:13.2854019Z with:
2025-02-22T20:45:13.2854211Z   environment-file: conda-linux-64.lock
2025-02-22T20:45:13.2854772Z   cache-environment-key: tardis-conda-env-linux-64-d7cd390425b0fd3cf82649dcc003efba9915fb4928f15d342148c3ccffcbe2ee-v1
2025-02-22T20:45:13.2855631Z   cache-downloads-key: tardis-conda-env-linux-64-d7cd390425b0fd3cf82649dcc003efba9915fb4928f15d342148c3ccffcbe2ee-v1
2025-02-22T20:45:13.2856185Z   environment-name: tardis
2025-02-22T20:45:13.2856733Z   cache-environment: true
2025-02-22T20:45:13.2856960Z   cache-downloads: true
2025-02-22T20:45:13.2857156Z env:
2025-02-22T20:45:13.2857329Z   CACHE_NUMBER: 0
2025-02-22T20:45:13.2857929Z   PYTEST_FLAGS: --tardis-regression-data=/home/runner/work/tardis/tardis/tardis-regression-data --cov=tardis --cov-report=xml --cov-report=html --cov-append
2025-02-22T20:45:13.2858567Z   CODECOV_TOKEN: 
2025-02-22T20:45:13.2858743Z ##[endgroup]
2025-02-22T20:45:13.4292449Z Will download micromamba to /home/runner/micromamba-bin/micromamba
2025-02-22T20:45:13.4302904Z ##[group]Install micromamba
2025-02-22T20:45:13.7021022Z micromamba installed to /home/runner/micromamba-bin/micromamba
2025-02-22T20:45:13.7021919Z ##[endgroup]
2025-02-22T20:45:13.7022683Z Adding conda-forge to condarc channels ...
2025-02-22T20:45:13.7032657Z ##[group]Initialize micromamba for bash.
2025-02-22T20:45:13.7049149Z [command]/home/runner/micromamba-bin/micromamba shell init -s bash -r /home/runner/micromamba --log-level warning --rc-file /home/runner/work/_temp/setup-micromamba/.condarc
2025-02-22T20:45:13.7167962Z Modifying RC file "/home/runner/.bashrc"
2025-02-22T20:45:13.7168934Z Generating config for root prefix [1m"/home/runner/micromamba"[0m
2025-02-22T20:45:13.7169869Z Setting mamba executable to: [1m"/home/runner/micromamba-bin/micromamba"[0m
2025-02-22T20:45:13.7170594Z Adding (or replacing) the following in your "/home/runner/.bashrc" file
2025-02-22T20:45:13.7171024Z 
2025-02-22T20:45:13.7171161Z # >>> mamba initialize >>>
2025-02-22T20:45:13.7171634Z # !! Contents within this block are managed by 'mamba init' !!
2025-02-22T20:45:13.7172274Z export MAMBA_EXE='/home/runner/micromamba-bin/micromamba';
2025-02-22T20:45:13.7172863Z export MAMBA_ROOT_PREFIX='/home/runner/micromamba';
2025-02-22T20:45:13.7173689Z __mamba_setup="$("$MAMBA_EXE" shell hook --shell bash --root-prefix "$MAMBA_ROOT_PREFIX" 2> /dev/null)"
2025-02-22T20:45:13.7174426Z if [ $? -eq 0 ]; then
2025-02-22T20:45:13.7175061Z     eval "$__mamba_setup"
2025-02-22T20:45:13.7175407Z else
2025-02-22T20:45:13.7175838Z     alias micromamba="$MAMBA_EXE"  # Fallback on help from mamba activate
2025-02-22T20:45:13.7176807Z fi
2025-02-22T20:45:13.7177089Z unset __mamba_setup
2025-02-22T20:45:13.7177428Z # <<< mamba initialize <<<
2025-02-22T20:45:13.7177658Z 
2025-02-22T20:45:13.7188396Z Moving mamba initialize block to .bash_profile
2025-02-22T20:45:13.7201571Z ##[endgroup]
2025-02-22T20:45:13.7202888Z ##[group]Restoring downloads from `/home/runner/micromamba/pkgs` ...
2025-02-22T20:45:14.8601150Z Received 339738624 of 356815776 (95.2%), 324.0 MBs/sec
2025-02-22T20:45:14.9334999Z Cache Size: ~340 MB (356815776 B)
2025-02-22T20:45:14.9402717Z [command]/usr/bin/tar -xf /home/runner/work/_temp/a504e211-720d-4ecd-9cf8-01441291a067/cache.tzst -P -C /home/runner/work/tardis/tardis --use-compress-program unzstd
2025-02-22T20:45:15.4340783Z Cache restored successfully
2025-02-22T20:45:15.5092117Z Restored cache with key `tardis-conda-env-linux-64-d7cd390425b0fd3cf82649dcc003efba9915fb4928f15d342148c3ccffcbe2ee-v1-linux-64`
2025-02-22T20:45:15.5097826Z ##[endgroup]
2025-02-22T20:45:15.5105898Z ##[group]Restoring environment `tardis` from `/home/runner/micromamba/envs/tardis` ...
2025-02-22T20:45:15.8603260Z Received 356815776 of 356815776 (100.0%), 170.1 MBs/sec
2025-02-22T20:45:16.5919405Z Received 339738624 of 444032293 (76.5%), 324.0 MBs/sec
2025-02-22T20:45:16.8694122Z Cache Size: ~423 MB (444032293 B)
2025-02-22T20:45:16.8745064Z [command]/usr/bin/tar -xf /home/runner/work/_temp/caab497d-dd6f-49fb-b43c-a35df93bf384/cache.tzst -P -C /home/runner/work/tardis/tardis --use-compress-program unzstd
2025-02-22T20:45:17.5933514Z Received 444032293 of 444032293 (100.0%), 211.5 MBs/sec
2025-02-22T20:45:22.7584515Z Cache restored successfully
2025-02-22T20:45:22.8341944Z Restored cache with key `tardis-conda-env-linux-64-d7cd390425b0fd3cf82649dcc003efba9915fb4928f15d342148c3ccffcbe2ee-v1-linux-64-tardis-args-4f53cda-root-dcc80ee-bin-[object Promise]-file-d7cd390425b0fd3cf82649dcc003efba9915fb4928f15d342148c3ccffcbe2ee`
2025-02-22T20:45:22.8344595Z ##[endgroup]
2025-02-22T20:45:22.8345038Z Adding environment tardis to auto-activate bash ...
2025-02-22T20:45:22.8353530Z Generating micromamba run shell.
2025-02-22T20:45:22.8362995Z ##[endgroup]
2025-02-22T20:45:22.8368604Z Set environment variables.
2025-02-22T20:45:22.8372777Z ##[group]micromamba info
2025-02-22T20:45:22.8376624Z [command]/home/runner/micromamba-bin/micromamba info -r /home/runner/micromamba -n tardis
2025-02-22T20:45:22.8613638Z 
2025-02-22T20:45:22.8614128Z        libmamba version : 1.5.10
2025-02-22T20:45:22.8614814Z      micromamba version : 1.5.10
2025-02-22T20:45:22.8615648Z            curl version : libcurl/8.10.1 OpenSSL/3.3.2 zlib/1.3.1 zstd/1.5.6 libssh2/1.11.0 nghttp2/1.58.0
2025-02-22T20:45:22.8616726Z      libarchive version : libarchive 3.7.4 zlib/1.2.13 bz2lib/1.0.8 libzstd/1.5.6
2025-02-22T20:45:22.8617154Z        envs directories : /home/runner/micromamba/envs
2025-02-22T20:45:22.8617509Z           package cache : /home/runner/micromamba/pkgs
2025-02-22T20:45:22.8617811Z                           /home/runner/.mamba/pkgs
2025-02-22T20:45:22.8618077Z             environment : tardis
2025-02-22T20:45:22.8618380Z            env location : /home/runner/micromamba/envs/tardis
2025-02-22T20:45:22.8618698Z       user config files : /home/runner/.mambarc
2025-02-22T20:45:22.8619089Z  populated config files : /home/runner/work/_temp/setup-micromamba/.condarc
2025-02-22T20:45:22.8619461Z        virtual packages : __unix=0=0
2025-02-22T20:45:22.8619843Z                           __linux=6.8.0=0
2025-02-22T20:45:22.8620186Z                           __glibc=2.39=0
2025-02-22T20:45:22.8620515Z                           __archspec=1=x86_64_v3
2025-02-22T20:45:22.8621073Z                channels : https://conda.anaconda.org/conda-forge/linux-64
2025-02-22T20:45:22.8621554Z                           https://conda.anaconda.org/conda-forge/noarch
2025-02-22T20:45:22.8622407Z        base environment : /home/runner/micromamba
2025-02-22T20:45:22.8623075Z                platform : linux-64
2025-02-22T20:45:22.8632354Z ##[endgroup]
2025-02-22T20:45:22.8633035Z ##[group]micromamba list
2025-02-22T20:45:22.8634487Z [command]/home/runner/micromamba-bin/micromamba list -r /home/runner/micromamba -n tardis
2025-02-22T20:45:23.2488692Z List of packages in environment: "/home/runner/micromamba/envs/tardis"
2025-02-22T20:45:23.2489213Z 
2025-02-22T20:45:23.2489470Z   Name                           Version              Build                    Channel    
2025-02-22T20:45:23.2490513Z â”€â”€â”€â”€â”€â”€â”€â”€â”€â”€â”€â”€â”€â”€â”€â”€â”€â”€â”€â”€â”€â”€â”€â”€â”€â”€â”€â”€â”€â”€â”€â”€â”€â”€â”€â”€â”€â”€â”€â”€â”€â”€â”€â”€â”€â”€â”€â”€â”€â”€â”€â”€â”€â”€â”€â”€â”€â”€â”€â”€â”€â”€â”€â”€â”€â”€â”€â”€â”€â”€â”€â”€â”€â”€â”€â”€â”€â”€â”€â”€â”€â”€â”€â”€â”€â”€â”€â”€â”€â”€â”€â”€
2025-02-22T20:45:23.2491183Z   _libgcc_mutex                  0.1                  conda_forge              conda-forge
2025-02-22T20:45:23.2491863Z   _openmp_mutex                  4.5                  2_gnu                    conda-forge
2025-02-22T20:45:23.2492522Z   alabaster                      0.7.16               pyhd8ed1ab_0             conda-forge
2025-02-22T20:45:23.2493093Z   anyio                          4.4.0                pyhd8ed1ab_0             conda-forge
2025-02-22T20:45:23.2493682Z   argon2-cffi                    23.1.0               pyhd8ed1ab_0             conda-forge
2025-02-22T20:45:23.2494373Z   argon2-cffi-bindings           21.2.0               py312h98912ed_4          conda-forge
2025-02-22T20:45:23.2494979Z   arrow                          1.3.0                pyhd8ed1ab_0             conda-forge
2025-02-22T20:45:23.2495515Z   astropy                        6.1.1                py312h085067d_0          conda-forge
2025-02-22T20:45:23.2496144Z   astropy-iers-data              0.2024.6.17.0.31.35  pyhd8ed1ab_0             conda-forge
2025-02-22T20:45:23.2497068Z   astropy-sphinx-theme           1.1                  pyhd8ed1ab_0             conda-forge
2025-02-22T20:45:23.2497808Z   asttokens                      2.4.1                pyhd8ed1ab_0             conda-forge
2025-02-22T20:45:23.2498443Z   async-lru                      2.0.4                pyhd8ed1ab_0             conda-forge
2025-02-22T20:45:23.2499103Z   atk-1.0                        2.38.0               h04ea711_2               conda-forge
2025-02-22T20:45:23.2499658Z   attrs                          23.2.0               pyh71513ae_0             conda-forge
2025-02-22T20:45:23.2500240Z   babel                          2.14.0               pyhd8ed1ab_0             conda-forge
2025-02-22T20:45:23.2500800Z   beautifulsoup4                 4.12.3               pyha770c72_0             conda-forge
2025-02-22T20:45:23.2501398Z   bleach                         6.1.0                pyhd8ed1ab_0             conda-forge
2025-02-22T20:45:23.2501859Z   blosc                          1.21.5               hc2324a3_1               conda-forge
2025-02-22T20:45:23.2502204Z   brotli                         1.1.0                hd590300_1               conda-forge
2025-02-22T20:45:23.2502583Z   brotli-bin                     1.1.0                hd590300_1               conda-forge
2025-02-22T20:45:23.2502965Z   brotli-python                  1.1.0                py312h30efb56_1          conda-forge
2025-02-22T20:45:23.2503325Z   bzip2                          1.0.8                hd590300_5               conda-forge
2025-02-22T20:45:23.2503669Z   c-ares                         1.28.1               hd590300_0               conda-forge
2025-02-22T20:45:23.2504011Z   c-blosc2                       2.14.4               hb4ffafa_1               conda-forge
2025-02-22T20:45:23.2504386Z   ca-certificates                2024.6.2             hbcca054_0               conda-forge
2025-02-22T20:45:23.2504793Z   cached-property                1.5.2                hd8ed1ab_1               conda-forge
2025-02-22T20:45:23.2505190Z   cached_property                1.5.2                pyha770c72_1             conda-forge
2025-02-22T20:45:23.2505545Z   cairo                          1.18.0               h3faef2a_0               conda-forge
2025-02-22T20:45:23.2506146Z   certifi                        2024.6.2             pyhd8ed1ab_0             conda-forge
2025-02-22T20:45:23.2506759Z   cffi                           1.16.0               py312hf06ca03_0          conda-forge
2025-02-22T20:45:23.2507284Z   charset-normalizer             3.3.2                pyhd8ed1ab_0             conda-forge
2025-02-22T20:45:23.2507679Z   click                          8.1.7                unix_pyh707e725_0        conda-forge
2025-02-22T20:45:23.2508034Z   codespell                      2.3.0                pyhd8ed1ab_0             conda-forge
2025-02-22T20:45:23.2508392Z   colorama                       0.4.6                pyhd8ed1ab_0             conda-forge
2025-02-22T20:45:23.2508733Z   comm                           0.2.2                pyhd8ed1ab_0             conda-forge
2025-02-22T20:45:23.2509078Z   commonmark                     0.9.1                py_0                     conda-forge
2025-02-22T20:45:23.2509435Z   contourpy                      1.2.1                py312h8572e83_0          conda-forge
2025-02-22T20:45:23.2509786Z   coverage                       7.5.3                py312h9a8786e_0          conda-forge
2025-02-22T20:45:23.2510136Z   cycler                         0.12.1               pyhd8ed1ab_0             conda-forge
2025-02-22T20:45:23.2510499Z   dataclasses                    0.8                  pyhc8e2a94_3             conda-forge
2025-02-22T20:45:23.2510859Z   debugpy                        1.8.1                py312h30efb56_0          conda-forge
2025-02-22T20:45:23.2511213Z   decorator                      5.1.1                pyhd8ed1ab_0             conda-forge
2025-02-22T20:45:23.2511577Z   defusedxml                     0.7.1                pyhd8ed1ab_0             conda-forge
2025-02-22T20:45:23.2511934Z   docutils                       0.20.1               py312h7900ff3_3          conda-forge
2025-02-22T20:45:23.2512279Z   dot2tex                        2.11.3               pyhd8ed1ab_0             conda-forge
2025-02-22T20:45:23.2512642Z   entrypoints                    0.4                  pyhd8ed1ab_0             conda-forge
2025-02-22T20:45:23.2513021Z   exceptiongroup                 1.2.0                pyhd8ed1ab_2             conda-forge
2025-02-22T20:45:23.2513401Z   executing                      2.0.1                pyhd8ed1ab_0             conda-forge
2025-02-22T20:45:23.2513744Z   expat                          2.6.2                h59595ed_0               conda-forge
2025-02-22T20:45:23.2514137Z   font-ttf-dejavu-sans-mono      2.37                 hab24e00_0               conda-forge
2025-02-22T20:45:23.2514575Z   font-ttf-inconsolata           3.000                h77eed37_0               conda-forge
2025-02-22T20:45:23.2515020Z   font-ttf-source-code-pro       2.038                h77eed37_0               conda-forge
2025-02-22T20:45:23.2515442Z   font-ttf-ubuntu                0.83                 h77eed37_2               conda-forge
2025-02-22T20:45:23.2515824Z   fontconfig                     2.14.2               h14ed4e7_0               conda-forge
2025-02-22T20:45:23.2516218Z   fonts-conda-ecosystem          1                    0                        conda-forge
2025-02-22T20:45:23.2516791Z   fonts-conda-forge              1                    0                        conda-forge
2025-02-22T20:45:23.2517172Z   fonttools                      4.53.0               py312h9a8786e_0          conda-forge
2025-02-22T20:45:23.2517510Z   fqdn                           1.5.1                pyhd8ed1ab_0             conda-forge
2025-02-22T20:45:23.2517847Z   freetype                       2.12.1               h267a509_2               conda-forge
2025-02-22T20:45:23.2518186Z   fribidi                        1.0.10               h36c2ea0_0               conda-forge
2025-02-22T20:45:23.2518528Z   future                         1.0.0                pyhd8ed1ab_0             conda-forge
2025-02-22T20:45:23.2518879Z   gdk-pixbuf                     2.42.12              hb9ae30d_0               conda-forge
2025-02-22T20:45:23.2519364Z   giflib                         5.2.2                hd590300_0               conda-forge
2025-02-22T20:45:23.2519757Z   git-lfs                        3.5.1                ha770c72_0               conda-forge
2025-02-22T20:45:23.2520181Z   gmp                            6.3.0                h59595ed_1               conda-forge
2025-02-22T20:45:23.2520499Z   gmpy2                          2.1.5                py312h1d5cde6_1          conda-forge
2025-02-22T20:45:23.2520841Z   graphite2                      1.3.13               h59595ed_1003            conda-forge
2025-02-22T20:45:23.2521188Z   graphviz                       11.0.0               hc68bbd7_0               conda-forge
2025-02-22T20:45:23.2521522Z   gtk2                           2.24.33              h280cfa0_4               conda-forge
2025-02-22T20:45:23.2521834Z   gts                            0.7.6                h977cf35_4               conda-forge
2025-02-22T20:45:23.2522148Z   h11                            0.14.0               pyhd8ed1ab_0             conda-forge
2025-02-22T20:45:23.2522643Z   h2                             4.1.0                pyhd8ed1ab_0             conda-forge
2025-02-22T20:45:23.2523219Z   h5py                           3.11.0               nompi_py312hb7ab980_102  conda-forge
2025-02-22T20:45:23.2523826Z   harfbuzz                       8.5.0                hfac3d4d_0               conda-forge
2025-02-22T20:45:23.2524459Z   hdf5                           1.14.3               nompi_hdf9ad27_105       conda-forge
2025-02-22T20:45:23.2525071Z   hpack                          4.0.0                pyh9f0ad1d_0             conda-forge
2025-02-22T20:45:23.2525664Z   httpcore                       1.0.5                pyhd8ed1ab_0             conda-forge
2025-02-22T20:45:23.2526299Z   httpx                          0.27.0               pyhd8ed1ab_0             conda-forge
2025-02-22T20:45:23.2527081Z   hyperframe                     6.0.1                pyhd8ed1ab_0             conda-forge
2025-02-22T20:45:23.2527653Z   icu                            73.2                 h59595ed_0               conda-forge
2025-02-22T20:45:23.2528203Z   idna                           3.7                  pyhd8ed1ab_0             conda-forge
2025-02-22T20:45:23.2528833Z   imagesize                      1.4.1                pyhd8ed1ab_0             conda-forge
2025-02-22T20:45:23.2529446Z   importlib-metadata             7.1.0                pyha770c72_0             conda-forge
2025-02-22T20:45:23.2530094Z   importlib_metadata             7.1.0                hd8ed1ab_0               conda-forge
2025-02-22T20:45:23.2530806Z   importlib_resources            6.4.0                pyhd8ed1ab_0             conda-forge
2025-02-22T20:45:23.2531374Z   iniconfig                      2.0.0                pyhd8ed1ab_0             conda-forge
2025-02-22T20:45:23.2531733Z   ipykernel                      6.29.4               pyh3099207_0             conda-forge
2025-02-22T20:45:23.2532084Z   ipython                        8.25.0               pyh707e725_0             conda-forge
2025-02-22T20:45:23.2532678Z   ipython_genutils               0.2.0                pyhd8ed1ab_1             conda-forge
2025-02-22T20:45:23.2533359Z   ipywidgets                     7.8.0                pyhd8ed1ab_0             conda-forge
2025-02-22T20:45:23.2534026Z   isoduration                    20.11.0              pyhd8ed1ab_0             conda-forge
2025-02-22T20:45:23.2534672Z   jedi                           0.19.1               pyhd8ed1ab_0             conda-forge
2025-02-22T20:45:23.2535288Z   jinja2                         3.1.4                pyhd8ed1ab_0             conda-forge
2025-02-22T20:45:23.2535784Z   json5                          0.9.25               pyhd8ed1ab_0             conda-forge
2025-02-22T20:45:23.2536146Z   jsonpointer                    3.0.0                py312h7900ff3_0          conda-forge
2025-02-22T20:45:23.2536721Z   jsonschema                     4.22.0               pyhd8ed1ab_0             conda-forge
2025-02-22T20:45:23.2537336Z   jsonschema-specifications      2023.12.1            pyhd8ed1ab_0             conda-forge
2025-02-22T20:45:23.2537842Z   jsonschema-with-format-nongpl  4.22.0               pyhd8ed1ab_0             conda-forge
2025-02-22T20:45:23.2538278Z   jupyter-lsp                    2.2.5                pyhd8ed1ab_0             conda-forge
2025-02-22T20:45:23.2538767Z   jupyter_client                 8.6.2                pyhd8ed1ab_0             conda-forge
2025-02-22T20:45:23.2539136Z   jupyter_core                   5.7.2                py312h7900ff3_0          conda-forge
2025-02-22T20:45:23.2539506Z   jupyter_events                 0.10.0               pyhd8ed1ab_0             conda-forge
2025-02-22T20:45:23.2539885Z   jupyter_server                 2.14.1               pyhd8ed1ab_0             conda-forge
2025-02-22T20:45:23.2540290Z   jupyter_server_terminals       0.5.3                pyhd8ed1ab_0             conda-forge
2025-02-22T20:45:23.2540688Z   jupyterlab                     4.2.2                pyhd8ed1ab_0             conda-forge
2025-02-22T20:45:23.2541083Z   jupyterlab_pygments            0.3.0                pyhd8ed1ab_1             conda-forge
2025-02-22T20:45:23.2541489Z   jupyterlab_server              2.27.2               pyhd8ed1ab_0             conda-forge
2025-02-22T20:45:23.2541905Z   jupyterlab_widgets             1.1.7                pyhd8ed1ab_0             conda-forge
2025-02-22T20:45:23.2542278Z   keyutils                       1.6.1                h166bdaf_0               conda-forge
2025-02-22T20:45:23.2542627Z   kiwisolver                     1.4.5                py312h8572e83_1          conda-forge
2025-02-22T20:45:23.2542966Z   krb5                           1.21.2               h659d440_0               conda-forge
2025-02-22T20:45:23.2543491Z   latexcodec                     2.0.1                pyh9f0ad1d_0             conda-forge
2025-02-22T20:45:23.2544095Z   lcms2                          2.16                 hb7c19ff_0               conda-forge
2025-02-22T20:45:23.2544709Z   ld_impl_linux-64               2.40                 hf3520f5_7               conda-forge
2025-02-22T20:45:23.2545316Z   lerc                           4.0.0                h27087fc_0               conda-forge
2025-02-22T20:45:23.2545889Z   libaec                         1.1.3                h59595ed_0               conda-forge
2025-02-22T20:45:23.2546650Z   libblas                        3.9.0                22_linux64_openblas      conda-forge
2025-02-22T20:45:23.2547315Z   libbrotlicommon                1.1.0                hd590300_1               conda-forge
2025-02-22T20:45:23.2547999Z   libbrotlidec                   1.1.0                hd590300_1               conda-forge
2025-02-22T20:45:23.2548652Z   libbrotlienc                   1.1.0                hd590300_1               conda-forge
2025-02-22T20:45:23.2549297Z   libcblas                       3.9.0                22_linux64_openblas      conda-forge
2025-02-22T20:45:23.2549907Z   libcurl                        8.8.0                hca28451_0               conda-forge
2025-02-22T20:45:23.2550524Z   libdeflate                     1.20                 hd590300_0               conda-forge
2025-02-22T20:45:23.2551169Z   libedit                        3.1.20191231         he28a2e2_2               conda-forge
2025-02-22T20:45:23.2551771Z   libev                          4.33                 hd590300_2               conda-forge
2025-02-22T20:45:23.2552364Z   libexpat                       2.6.2                h59595ed_0               conda-forge
2025-02-22T20:45:23.2552960Z   libffi                         3.4.2                h7f98852_5               conda-forge
2025-02-22T20:45:23.2553556Z   libgcc-ng                      13.2.0               h77fa898_10              conda-forge
2025-02-22T20:45:23.2554144Z   libgd                          2.3.3                h119a65a_9               conda-forge
2025-02-22T20:45:23.2554770Z   libgfortran-ng                 13.2.0               h69a702a_10              conda-forge
2025-02-22T20:45:23.2555601Z   libgfortran5                   13.2.0               h3d2ce59_10              conda-forge
2025-02-22T20:45:23.2556242Z   libglib                        2.80.2               h8a4344b_1               conda-forge
2025-02-22T20:45:23.2556983Z   libgomp                        13.2.0               h77fa898_10              conda-forge
2025-02-22T20:45:23.2557735Z   libiconv                       1.17                 hd590300_2               conda-forge
2025-02-22T20:45:23.2558413Z   libjpeg-turbo                  3.0.0                hd590300_1               conda-forge
2025-02-22T20:45:23.2559073Z   liblapack                      3.9.0                22_linux64_openblas      conda-forge
2025-02-22T20:45:23.2559720Z   libllvm14                      14.0.6               hcd5def8_4               conda-forge
2025-02-22T20:45:23.2560373Z   libnghttp2                     1.58.0               h47da74e_1               conda-forge
2025-02-22T20:45:23.2561004Z   libnsl                         2.0.1                hd590300_0               conda-forge
2025-02-22T20:45:23.2561644Z   libopenblas                    0.3.27               pthreads_h413a1c8_0      conda-forge
2025-02-22T20:45:23.2562264Z   libpng                         1.6.43               h2797004_0               conda-forge
2025-02-22T20:45:23.2562851Z   librsvg                        2.58.1               hadf69e7_0               conda-forge
2025-02-22T20:45:23.2563441Z   libsodium                      1.0.18               h36c2ea0_1               conda-forge
2025-02-22T20:45:23.2564045Z   libsqlite                      3.46.0               hde9e2c9_0               conda-forge
2025-02-22T20:45:23.2564615Z   libssh2                        1.11.0               h0841786_0               conda-forge
2025-02-22T20:45:23.2565193Z   libstdcxx-ng                   13.2.0               hc0a3c3a_10              conda-forge
2025-02-22T20:45:23.2565803Z   libtiff                        4.6.0                h1dd3fc0_3               conda-forge
2025-02-22T20:45:23.2566534Z   libuuid                        2.38.1               h0b41bf4_0               conda-forge
2025-02-22T20:45:23.2567132Z   libwebp                        1.4.0                h2c329e2_0               conda-forge
2025-02-22T20:45:23.2567742Z   libwebp-base                   1.4.0                hd590300_0               conda-forge
2025-02-22T20:45:23.2568360Z   libxcb                         1.15                 h0b41bf4_0               conda-forge
2025-02-22T20:45:23.2568943Z   libxcrypt                      4.4.36               hd590300_1               conda-forge
2025-02-22T20:45:23.2569542Z   libxml2                        2.12.7               hc051c1a_1               conda-forge
2025-02-22T20:45:23.2570120Z   libxslt                        1.1.39               h76b75d6_0               conda-forge
2025-02-22T20:45:23.2570709Z   libzlib                        1.3.1                h4ab18f5_1               conda-forge
2025-02-22T20:45:23.2571319Z   llvmlite                       0.42.0               py312hb06c811_1          conda-forge
2025-02-22T20:45:23.2571918Z   lxml                           5.2.2                py312hb90d8a5_0          conda-forge
2025-02-22T20:45:23.2572491Z   lz4-c                          1.9.4                hcb278e6_0               conda-forge
2025-02-22T20:45:23.2573048Z   lzo                            2.10                 hd590300_1001            conda-forge
2025-02-22T20:45:23.2573636Z   markupsafe                     2.1.5                py312h98912ed_0          conda-forge
2025-02-22T20:45:23.2574307Z   matplotlib-base                3.8.4                py312h20ab3a6_2          conda-forge
2025-02-22T20:45:23.2575017Z   matplotlib-inline              0.1.7                pyhd8ed1ab_0             conda-forge
2025-02-22T20:45:23.2575678Z   mistune                        3.0.2                pyhd8ed1ab_0             conda-forge
2025-02-22T20:45:23.2576272Z   mpc                            1.3.1                hfe3b2da_0               conda-forge
2025-02-22T20:45:23.2577131Z   mpfr                           4.2.1                h9458935_1               conda-forge
2025-02-22T20:45:23.2577731Z   mpmath                         1.3.0                pyhd8ed1ab_0             conda-forge
2025-02-22T20:45:23.2578339Z   munkres                        1.1.4                pyh9f0ad1d_0             conda-forge
2025-02-22T20:45:23.2579138Z   mypy_extensions                1.0.0                pyha770c72_0             conda-forge
2025-02-22T20:45:23.2579800Z   nbclassic                      1.1.0                pyhd8ed1ab_0             conda-forge
2025-02-22T20:45:23.2580441Z   nbclient                       0.10.0               pyhd8ed1ab_0             conda-forge
2025-02-22T20:45:23.2581074Z   nbconvert                      7.16.4               hd8ed1ab_1               conda-forge
2025-02-22T20:45:23.2581742Z   nbconvert-core                 7.16.4               pyhd8ed1ab_1             conda-forge
2025-02-22T20:45:23.2582465Z   nbconvert-pandoc               7.16.4               hd8ed1ab_1               conda-forge
2025-02-22T20:45:23.2583153Z   nbformat                       5.10.4               pyhd8ed1ab_0             conda-forge
2025-02-22T20:45:23.2583796Z   nbsphinx                       0.9.4                pyhd8ed1ab_0             conda-forge
2025-02-22T20:45:23.2584426Z   ncurses                        6.5                  h59595ed_0               conda-forge
2025-02-22T20:45:23.2585061Z   nest-asyncio                   1.6.0                pyhd8ed1ab_0             conda-forge
2025-02-22T20:45:23.2585704Z   networkx                       3.3                  pyhd8ed1ab_1             conda-forge
2025-02-22T20:45:23.2586310Z   nomkl                          1.0                  h5ca1d4c_0               conda-forge
2025-02-22T20:45:23.2587043Z   notebook                       7.2.1                pyhd8ed1ab_0             conda-forge
2025-02-22T20:45:23.2587700Z   notebook-shim                  0.2.4                pyhd8ed1ab_0             conda-forge
2025-02-22T20:45:23.2588341Z   numba                          0.59.1               py312hacefee8_0          conda-forge
2025-02-22T20:45:23.2588952Z   numexpr                        2.10.0               py312hf412c99_100        conda-forge
2025-02-22T20:45:23.2589556Z   numpy                          1.26.4               py312heda63a1_0          conda-forge
2025-02-22T20:45:23.2590174Z   numpydoc                       1.7.0                pyhd8ed1ab_1             conda-forge
2025-02-22T20:45:23.2590807Z   openjpeg                       2.5.2                h488ebb8_0               conda-forge
2025-02-22T20:45:23.2591420Z   openssl                        3.3.1                h4ab18f5_0               conda-forge
2025-02-22T20:45:23.2592046Z   overrides                      7.7.0                pyhd8ed1ab_0             conda-forge
2025-02-22T20:45:23.2592688Z   packaging                      24.1                 pyhd8ed1ab_0             conda-forge
2025-02-22T20:45:23.2593307Z   pandas                         2.2.2                py312h1d6d2e6_1          conda-forge
2025-02-22T20:45:23.2593929Z   pandoc                         3.2                  ha770c72_0               conda-forge
2025-02-22T20:45:23.2594565Z   pandocfilters                  1.5.0                pyhd8ed1ab_0             conda-forge
2025-02-22T20:45:23.2595211Z   pango                          1.54.0               h84a9a3c_0               conda-forge
2025-02-22T20:45:23.2595793Z   parso                          0.8.4                pyhd8ed1ab_0             conda-forge
2025-02-22T20:45:23.2596524Z   pathspec                       0.12.1               pyhd8ed1ab_0             conda-forge
2025-02-22T20:45:23.2597130Z   pbr                            6.0.0                pyhd8ed1ab_0             conda-forge
2025-02-22T20:45:23.2597698Z   pcre2                          10.44                h0f59acf_0               conda-forge
2025-02-22T20:45:23.2598296Z   pexpect                        4.9.0                pyhd8ed1ab_0             conda-forge
2025-02-22T20:45:23.2598934Z   pickleshare                    0.7.5                py_1003                  conda-forge
2025-02-22T20:45:23.2599708Z   pillow                         10.3.0               py312hdcec9eb_0          conda-forge
2025-02-22T20:45:23.2600305Z   pip                            24.0                 pyhd8ed1ab_0             conda-forge
2025-02-22T20:45:23.2601004Z   pixman                         0.43.2               h59595ed_0               conda-forge
2025-02-22T20:45:23.2601683Z   pkgutil-resolve-name           1.3.10               pyhd8ed1ab_1             conda-forge
2025-02-22T20:45:23.2602401Z   platformdirs                   4.2.2                pyhd8ed1ab_0             conda-forge
2025-02-22T20:45:23.2603050Z   plotly                         5.22.0               pyhd8ed1ab_0             conda-forge
2025-02-22T20:45:23.2603652Z   pluggy                         1.5.0                pyhd8ed1ab_0             conda-forge
2025-02-22T20:45:23.2604316Z   prometheus_client              0.20.0               pyhd8ed1ab_0             conda-forge
2025-02-22T20:45:23.2605031Z   prompt-toolkit                 3.0.47               pyha770c72_0             conda-forge
2025-02-22T20:45:23.2605679Z   psutil                         5.9.8                py312h98912ed_0          conda-forge
2025-02-22T20:45:23.2606306Z   pthread-stubs                  0.4                  h36c2ea0_1001            conda-forge
2025-02-22T20:45:23.2607094Z   ptyprocess                     0.7.0                pyhd3deb0d_0             conda-forge
2025-02-22T20:45:23.2607728Z   pure_eval                      0.2.2                pyhd8ed1ab_0             conda-forge
2025-02-22T20:45:23.2608365Z   py-cpuinfo                     9.0.0                pyhd8ed1ab_0             conda-forge
2025-02-22T20:45:23.2608999Z   pybtex                         0.24.0               pyhd8ed1ab_2             conda-forge
2025-02-22T20:45:23.2609650Z   pybtex-docutils                1.0.3                py312h7900ff3_1          conda-forge
2025-02-22T20:45:23.2610299Z   pycparser                      2.22                 pyhd8ed1ab_0             conda-forge
2025-02-22T20:45:23.2610918Z   pyerfa                         2.0.1.4              py312h085067d_1          conda-forge
2025-02-22T20:45:23.2611544Z   pygments                       2.18.0               pyhd8ed1ab_0             conda-forge
2025-02-22T20:45:23.2612199Z   pygraphviz                     1.13                 py312h4a1d8a7_1          conda-forge
2025-02-22T20:45:23.2612906Z   pyparsing                      3.1.2                pyhd8ed1ab_0             conda-forge
2025-02-22T20:45:23.2613533Z   pysocks                        1.7.1                pyha2e5f31_6             conda-forge
2025-02-22T20:45:23.2614124Z   pytables                       3.9.2                py312h96d95ec_2          conda-forge
2025-02-22T20:45:23.2614734Z   pytest                         8.2.2                pyhd8ed1ab_0             conda-forge
2025-02-22T20:45:23.2615362Z   pytest-cov                     5.0.0                pyhd8ed1ab_0             conda-forge
2025-02-22T20:45:23.2616068Z   pytest-doctestplus             1.2.1                pyhd8ed1ab_0             conda-forge
2025-02-22T20:45:23.2616897Z   pytest-html                    4.1.1                pyhd8ed1ab_0             conda-forge
2025-02-22T20:45:23.2617576Z   pytest-metadata                3.1.1                pyhd8ed1ab_0             conda-forge
2025-02-22T20:45:23.2618245Z   python                         3.12.4               h194c7f8_0_cpython       conda-forge
2025-02-22T20:45:23.2618909Z   python-dateutil                2.9.0                pyhd8ed1ab_0             conda-forge
2025-02-22T20:45:23.2619660Z   python-fastjsonschema          2.20.0               pyhd8ed1ab_0             conda-forge
2025-02-22T20:45:23.2620438Z   python-json-logger             2.0.7                pyhd8ed1ab_0             conda-forge
2025-02-22T20:45:23.2621163Z   python-tzdata                  2024.1               pyhd8ed1ab_0             conda-forge
2025-02-22T20:45:23.2621817Z   python_abi                     3.12                 4_cp312                  conda-forge
2025-02-22T20:45:23.2622573Z   pytz                           2024.1               pyhd8ed1ab_0             conda-forge
2025-02-22T20:45:23.2623187Z   pyyaml                         6.0.1                py312h98912ed_1          conda-forge
2025-02-22T20:45:23.2623915Z   pyzmq                          26.0.3               py312h8fd38d8_0          conda-forge
2025-02-22T20:45:23.2624504Z   qgrid                          1.3.1                pyhd8ed1ab_4             conda-forge
2025-02-22T20:45:23.2625171Z   radioactivedecay               0.5.1                pyhd8ed1ab_0             conda-forge
2025-02-22T20:45:23.2625834Z   readline                       8.2                  h8228510_1               conda-forge
2025-02-22T20:45:23.2626587Z   recommonmark                   0.7.1                pyhd8ed1ab_0             conda-forge
2025-02-22T20:45:23.2627273Z   referencing                    0.35.1               pyhd8ed1ab_0             conda-forge
2025-02-22T20:45:23.2627928Z   requests                       2.32.3               pyhd8ed1ab_0             conda-forge
2025-02-22T20:45:23.2628612Z   rfc3339-validator              0.1.4                pyhd8ed1ab_0             conda-forge
2025-02-22T20:45:23.2629336Z   rfc3986-validator              0.1.1                pyh9f0ad1d_0             conda-forge
2025-02-22T20:45:23.2630005Z   rpds-py                        0.18.1               py312h4413252_0          conda-forge
2025-02-22T20:45:23.2630596Z   ruff                           0.4.9                py312h5715c7c_0          conda-forge
2025-02-22T20:45:23.2631179Z   scipy                          1.13.1               py312hc2bc53b_0          conda-forge
2025-02-22T20:45:23.2631802Z   send2trash                     1.8.3                pyh0d859eb_0             conda-forge
2025-02-22T20:45:23.2632456Z   setuptools                     70.0.0               pyhd8ed1ab_0             conda-forge
2025-02-22T20:45:23.2633137Z   setuptools-scm                 8.1.0                pyhd8ed1ab_0             conda-forge
2025-02-22T20:45:23.2633800Z   setuptools_scm                 8.1.0                hd8ed1ab_0               conda-forge
2025-02-22T20:45:23.2634393Z   six                            1.16.0               pyh6c4a22f_0             conda-forge
2025-02-22T20:45:23.2634976Z   snakeviz                       2.2.0                pyhd8ed1ab_0             conda-forge
2025-02-22T20:45:23.2635569Z   snappy                         1.2.0                hdb0a2a9_1               conda-forge
2025-02-22T20:45:23.2636157Z   sniffio                        1.3.1                pyhd8ed1ab_0             conda-forge
2025-02-22T20:45:23.2636927Z   snowballstemmer                2.2.0                pyhd8ed1ab_0             conda-forge
2025-02-22T20:45:23.2637577Z   soupsieve                      2.5                  pyhd8ed1ab_1             conda-forge
2025-02-22T20:45:23.2638168Z   sphinx                         7.3.7                pyhd8ed1ab_0             conda-forge
2025-02-22T20:45:23.2638810Z   sphinx-astropy                 1.9.1                pyhd8ed1ab_0             conda-forge
2025-02-22T20:45:23.2639505Z   sphinx-automodapi              0.17.0               pyh717bed2_1             conda-forge
2025-02-22T20:45:23.2640188Z   sphinx-gallery                 0.16.0               pyhd8ed1ab_0             conda-forge
2025-02-22T20:45:23.2640889Z   sphinx-jsonschema              1.19.1               pyhd8ed1ab_0             conda-forge
2025-02-22T20:45:23.2641603Z   sphinx_bootstrap_theme         0.8.1                pyhd8ed1ab_0             conda-forge
2025-02-22T20:45:23.2642308Z   sphinx_rtd_theme               2.0.0                pyha770c72_0             conda-forge
2025-02-22T20:45:23.2643016Z   sphinxcontrib-apidoc           0.3.0                py_1                     conda-forge
2025-02-22T20:45:23.2643790Z   sphinxcontrib-applehelp        1.0.8                pyhd8ed1ab_0             conda-forge
2025-02-22T20:45:23.2644579Z   sphinxcontrib-bibtex           2.6.2                pyhd8ed1ab_0             conda-forge
2025-02-22T20:45:23.2645533Z   sphinxcontrib-devhelp          1.0.6                pyhd8ed1ab_0             conda-forge
2025-02-22T20:45:23.2646342Z   sphinxcontrib-htmlhelp         2.0.5                pyhd8ed1ab_0             conda-forge
2025-02-22T20:45:23.2647413Z   sphinxcontrib-jquery           4.1                  pyhd8ed1ab_0             conda-forge
2025-02-22T20:45:23.2648168Z   sphinxcontrib-jsmath           1.0.1                pyhd8ed1ab_0             conda-forge
2025-02-22T20:45:23.2648904Z   sphinxcontrib-qthelp           1.0.7                pyhd8ed1ab_0             conda-forge
2025-02-22T20:45:23.2649716Z   sphinxcontrib-serializinghtml  1.1.10               pyhd8ed1ab_0             conda-forge
2025-02-22T20:45:23.2650462Z   stack_data                     0.6.2                pyhd8ed1ab_0             conda-forge
2025-02-22T20:45:23.2651063Z   sympy                          1.12.1               pypyh2585a3b_103         conda-forge
2025-02-22T20:45:23.2651681Z   tabulate                       0.9.0                pyhd8ed1ab_1             conda-forge
2025-02-22T20:45:23.2652309Z   tenacity                       8.4.1                pyhd8ed1ab_0             conda-forge
2025-02-22T20:45:23.2652944Z   terminado                      0.18.1               pyh0d859eb_0             conda-forge
2025-02-22T20:45:23.2653585Z   tinycss2                       1.3.0                pyhd8ed1ab_0             conda-forge
2025-02-22T20:45:23.2654181Z   tk                             8.6.13               noxft_h4845f30_101       conda-forge
2025-02-22T20:45:23.2654749Z   toml                           0.10.2               pyhd8ed1ab_0             conda-forge
2025-02-22T20:45:23.2655332Z   tomli                          2.0.1                pyhd8ed1ab_0             conda-forge
2025-02-22T20:45:23.2655932Z   tornado                        6.4.1                py312h9a8786e_0          conda-forge
2025-02-22T20:45:23.2656645Z   tqdm                           4.66.4               pyhd8ed1ab_0             conda-forge
2025-02-22T20:45:23.2657263Z   traitlets                      5.14.3               pyhd8ed1ab_0             conda-forge
2025-02-22T20:45:23.2657912Z   typed-ast                      1.5.5                py312h98912ed_1          conda-forge
2025-02-22T20:45:23.2658683Z   types-python-dateutil          2.9.0.20240316       pyhd8ed1ab_0             conda-forge
2025-02-22T20:45:23.2659468Z   typing-extensions              4.12.2               hd8ed1ab_0               conda-forge
2025-02-22T20:45:23.2660194Z   typing_extensions              4.12.2               pyha770c72_0             conda-forge
2025-02-22T20:45:23.2660885Z   typing_utils                   0.1.0                pyhd8ed1ab_0             conda-forge
2025-02-22T20:45:23.2661534Z   tzdata                         2024a                h0c530f3_0               conda-forge
2025-02-22T20:45:23.2662175Z   uri-template                   1.3.0                pyhd8ed1ab_0             conda-forge
2025-02-22T20:45:23.2662838Z   urllib3                        2.2.2                pyhd8ed1ab_0             conda-forge
2025-02-22T20:45:23.2663457Z   wcwidth                        0.2.13               pyhd8ed1ab_0             conda-forge
2025-02-22T20:45:23.2664092Z   webcolors                      24.6.0               pyhd8ed1ab_0             conda-forge
2025-02-22T20:45:23.2664760Z   webencodings                   0.5.1                pyhd8ed1ab_2             conda-forge
2025-02-22T20:45:23.2665458Z   websocket-client               1.8.0                pyhd8ed1ab_0             conda-forge
2025-02-22T20:45:23.2666119Z   wheel                          0.43.0               pyhd8ed1ab_1             conda-forge
2025-02-22T20:45:23.2666925Z   widgetsnbextension             3.6.6                pyhd8ed1ab_0             conda-forge
2025-02-22T20:45:23.2667642Z   xorg-kbproto                   1.0.7                h7f98852_1002            conda-forge
2025-02-22T20:45:23.2668288Z   xorg-libice                    1.1.1                hd590300_0               conda-forge
2025-02-22T20:45:23.2669057Z   xorg-libsm                     1.2.4                h7391055_0               conda-forge
2025-02-22T20:45:23.2669669Z   xorg-libx11                    1.8.9                h8ee46fc_0               conda-forge
2025-02-22T20:45:23.2670432Z   xorg-libxau                    1.0.11               hd590300_0               conda-forge
2025-02-22T20:45:23.2671109Z   xorg-libxdmcp                  1.1.3                h7f98852_0               conda-forge
2025-02-22T20:45:23.2671738Z   xorg-libxext                   1.3.4                h0b41bf4_2               conda-forge
2025-02-22T20:45:23.2672201Z   xorg-libxrender                0.9.11               hd590300_0               conda-forge
2025-02-22T20:45:23.2672605Z   xorg-renderproto               0.11.1               h7f98852_1002            conda-forge
2025-02-22T20:45:23.2672995Z   xorg-xextproto                 7.3.0                h0b41bf4_1003            conda-forge
2025-02-22T20:45:23.2673361Z   xorg-xproto                    7.0.31               h7f98852_1007            conda-forge
2025-02-22T20:45:23.2673704Z   xz                             5.2.6                h166bdaf_0               conda-forge
2025-02-22T20:45:23.2674025Z   yaml                           0.2.5                h7f98852_2               conda-forge
2025-02-22T20:45:23.2674365Z   zeromq                         4.3.5                h75354e8_4               conda-forge
2025-02-22T20:45:23.2674718Z   zipp                           3.19.2               pyhd8ed1ab_0             conda-forge
2025-02-22T20:45:23.2675041Z   zlib                           1.3.1                h4ab18f5_1               conda-forge
2025-02-22T20:45:23.2675364Z   zlib-ng                        2.0.7                h0b41bf4_0               conda-forge
2025-02-22T20:45:23.2675687Z   zstd                           1.5.6                ha6fb4c9_0               conda-forge
2025-02-22T20:45:23.2676214Z ##[endgroup]
2025-02-22T20:45:23.2710900Z ##[group]Run pip install -e . --user
2025-02-22T20:45:23.2711230Z [36;1mpip install -e . --user[0m
2025-02-22T20:45:23.2768242Z shell: /usr/bin/bash -l {0}
2025-02-22T20:45:23.2768509Z env:
2025-02-22T20:45:23.2768695Z   CACHE_NUMBER: 0
2025-02-22T20:45:23.2769341Z   PYTEST_FLAGS: --tardis-regression-data=/home/runner/work/tardis/tardis/tardis-regression-data --cov=tardis --cov-report=xml --cov-report=html --cov-append
2025-02-22T20:45:23.2770024Z   CODECOV_TOKEN: 
2025-02-22T20:45:23.2770251Z   MAMBA_ROOT_PREFIX: /home/runner/micromamba
2025-02-22T20:45:23.2770585Z   MAMBA_EXE: /home/runner/micromamba-bin/micromamba
2025-02-22T20:45:23.2770945Z   CONDARC: /home/runner/work/_temp/setup-micromamba/.condarc
2025-02-22T20:45:23.2771253Z ##[endgroup]
2025-02-22T20:45:24.0097431Z Obtaining file:///home/runner/work/tardis/tardis
2025-02-22T20:45:24.0130744Z   Installing build dependencies: started
2025-02-22T20:45:26.8344007Z   Installing build dependencies: finished with status 'done'
2025-02-22T20:45:26.8349957Z   Checking if build backend supports build_editable: started
2025-02-22T20:45:26.9552000Z   Checking if build backend supports build_editable: finished with status 'done'
2025-02-22T20:45:26.9559467Z   Getting requirements to build editable: started
2025-02-22T20:45:27.4529499Z   Getting requirements to build editable: finished with status 'done'
2025-02-22T20:45:27.4538097Z   Preparing editable metadata (pyproject.toml): started
2025-02-22T20:45:27.9018800Z   Preparing editable metadata (pyproject.toml): finished with status 'done'
2025-02-22T20:45:27.9602272Z Requirement already satisfied: astropy in /home/runner/micromamba/envs/tardis/lib/python3.12/site-packages (from tardis==0.0.0) (6.1.1)
2025-02-22T20:45:27.9981160Z Requirement already satisfied: numpy>=1.23 in /home/runner/micromamba/envs/tardis/lib/python3.12/site-packages (from astropy->tardis==0.0.0) (1.26.4)
2025-02-22T20:45:27.9990399Z Requirement already satisfied: pyerfa>=2.0.1.1 in /home/runner/micromamba/envs/tardis/lib/python3.12/site-packages (from astropy->tardis==0.0.0) (2.0.1.4)
2025-02-22T20:45:28.0000891Z Requirement already satisfied: astropy-iers-data>=0.2024.5.27.0.30.8 in /home/runner/micromamba/envs/tardis/lib/python3.12/site-packages (from astropy->tardis==0.0.0) (0.2024.6.17.0.31.35)
2025-02-22T20:45:28.0009234Z Requirement already satisfied: PyYAML>=3.13 in /home/runner/micromamba/envs/tardis/lib/python3.12/site-packages (from astropy->tardis==0.0.0) (6.0.1)
2025-02-22T20:45:28.0019054Z Requirement already satisfied: packaging>=19.0 in /home/runner/micromamba/envs/tardis/lib/python3.12/site-packages (from astropy->tardis==0.0.0) (24.1)
2025-02-22T20:45:28.0106836Z Building wheels for collected packages: tardis
2025-02-22T20:45:28.0115102Z   Building editable for tardis (pyproject.toml): started
2025-02-22T20:45:28.7629716Z   Building editable for tardis (pyproject.toml): finished with status 'done'
2025-02-22T20:45:28.7637923Z   Created wheel for tardis: filename=tardis-0.0.0-0.editable-py3-none-any.whl size=8879 sha256=dd37f2dbfc45baa51c6009e5199a6fa341d227cfdbcf61bf1ee3ccf687281449
2025-02-22T20:45:28.7640253Z   Stored in directory: /tmp/pip-ephem-wheel-cache-l9rqbl54/wheels/6a/c7/ae/89fa6dc2565455898176888ef0e2e475e4e90eb0124afcb995
2025-02-22T20:45:28.7666069Z Successfully built tardis
2025-02-22T20:45:29.5437828Z Installing collected packages: tardis
2025-02-22T20:45:29.5563949Z Successfully installed tardis-0.0.0
2025-02-22T20:45:29.7493694Z ##[group]Run pip install qgridnext
2025-02-22T20:45:29.7494028Z [36;1mpip install qgridnext[0m
2025-02-22T20:45:29.7548298Z shell: /usr/bin/bash -l {0}
2025-02-22T20:45:29.7548579Z env:
2025-02-22T20:45:29.7548788Z   CACHE_NUMBER: 0
2025-02-22T20:45:29.7549548Z   PYTEST_FLAGS: --tardis-regression-data=/home/runner/work/tardis/tardis/tardis-regression-data --cov=tardis --cov-report=xml --cov-report=html --cov-append
2025-02-22T20:45:29.7550363Z   CODECOV_TOKEN: 
2025-02-22T20:45:29.7550632Z   MAMBA_ROOT_PREFIX: /home/runner/micromamba
2025-02-22T20:45:29.7551004Z   MAMBA_EXE: /home/runner/micromamba-bin/micromamba
2025-02-22T20:45:29.7551430Z   CONDARC: /home/runner/work/_temp/setup-micromamba/.condarc
2025-02-22T20:45:29.7551803Z ##[endgroup]
2025-02-22T20:45:30.4566561Z Collecting qgridnext
2025-02-22T20:45:30.4886000Z   Downloading qgridnext-2.0.4-py3-none-any.whl.metadata (9.9 kB)
2025-02-22T20:45:30.4975217Z Requirement already satisfied: pandas>=0.20.0 in /home/runner/micromamba/envs/tardis/lib/python3.12/site-packages (from qgridnext) (2.2.2)
2025-02-22T20:45:30.4984620Z Requirement already satisfied: ipywidgets>=7.0.0 in /home/runner/micromamba/envs/tardis/lib/python3.12/site-packages (from qgridnext) (7.8.0)
2025-02-22T20:45:30.4994467Z Requirement already satisfied: numpy in /home/runner/micromamba/envs/tardis/lib/python3.12/site-packages (from qgridnext) (1.26.4)
2025-02-22T20:45:30.5005019Z Requirement already satisfied: traitlets in /home/runner/micromamba/envs/tardis/lib/python3.12/site-packages (from qgridnext) (5.14.3)
2025-02-22T20:45:30.5091589Z Requirement already satisfied: comm>=0.1.3 in /home/runner/micromamba/envs/tardis/lib/python3.12/site-packages (from ipywidgets>=7.0.0->qgridnext) (0.2.2)
2025-02-22T20:45:30.5100719Z Requirement already satisfied: ipython-genutils~=0.2.0 in /home/runner/micromamba/envs/tardis/lib/python3.12/site-packages (from ipywidgets>=7.0.0->qgridnext) (0.2.0)
2025-02-22T20:45:30.5114080Z Requirement already satisfied: widgetsnbextension~=3.6.5 in /home/runner/micromamba/envs/tardis/lib/python3.12/site-packages (from ipywidgets>=7.0.0->qgridnext) (3.6.6)
2025-02-22T20:45:30.5132396Z Requirement already satisfied: ipython>=4.0.0 in /home/runner/micromamba/envs/tardis/lib/python3.12/site-packages (from ipywidgets>=7.0.0->qgridnext) (8.25.0)
2025-02-22T20:45:30.5147607Z Requirement already satisfied: jupyterlab-widgets<3,>=1.0.0 in /home/runner/micromamba/envs/tardis/lib/python3.12/site-packages (from ipywidgets>=7.0.0->qgridnext) (1.1.7)
2025-02-22T20:45:30.5595663Z Requirement already satisfied: python-dateutil>=2.8.2 in /home/runner/micromamba/envs/tardis/lib/python3.12/site-packages (from pandas>=0.20.0->qgridnext) (2.9.0)
2025-02-22T20:45:30.5609867Z Requirement already satisfied: pytz>=2020.1 in /home/runner/micromamba/envs/tardis/lib/python3.12/site-packages (from pandas>=0.20.0->qgridnext) (2024.1)
2025-02-22T20:45:30.5618349Z Requirement already satisfied: tzdata>=2022.7 in /home/runner/micromamba/envs/tardis/lib/python3.12/site-packages (from pandas>=0.20.0->qgridnext) (2024.1)
2025-02-22T20:45:30.5934811Z Requirement already satisfied: decorator in /home/runner/micromamba/envs/tardis/lib/python3.12/site-packages (from ipython>=4.0.0->ipywidgets>=7.0.0->qgridnext) (5.1.1)
2025-02-22T20:45:30.5949256Z Requirement already satisfied: jedi>=0.16 in /home/runner/micromamba/envs/tardis/lib/python3.12/site-packages (from ipython>=4.0.0->ipywidgets>=7.0.0->qgridnext) (0.19.1)
2025-02-22T20:45:30.5957262Z Requirement already satisfied: matplotlib-inline in /home/runner/micromamba/envs/tardis/lib/python3.12/site-packages (from ipython>=4.0.0->ipywidgets>=7.0.0->qgridnext) (0.1.7)
2025-02-22T20:45:30.5967976Z Requirement already satisfied: prompt-toolkit<3.1.0,>=3.0.41 in /home/runner/micromamba/envs/tardis/lib/python3.12/site-packages (from ipython>=4.0.0->ipywidgets>=7.0.0->qgridnext) (3.0.47)
2025-02-22T20:45:30.5976679Z Requirement already satisfied: pygments>=2.4.0 in /home/runner/micromamba/envs/tardis/lib/python3.12/site-packages (from ipython>=4.0.0->ipywidgets>=7.0.0->qgridnext) (2.18.0)
2025-02-22T20:45:30.5985925Z Requirement already satisfied: stack-data in /home/runner/micromamba/envs/tardis/lib/python3.12/site-packages (from ipython>=4.0.0->ipywidgets>=7.0.0->qgridnext) (0.6.2)
2025-02-22T20:45:30.6004728Z Requirement already satisfied: pexpect>4.3 in /home/runner/micromamba/envs/tardis/lib/python3.12/site-packages (from ipython>=4.0.0->ipywidgets>=7.0.0->qgridnext) (4.9.0)
2025-02-22T20:45:30.6052130Z Requirement already satisfied: six>=1.5 in /home/runner/micromamba/envs/tardis/lib/python3.12/site-packages (from python-dateutil>=2.8.2->pandas>=0.20.0->qgridnext) (1.16.0)
2025-02-22T20:45:30.6108472Z Requirement already satisfied: notebook>=4.4.1 in /home/runner/micromamba/envs/tardis/lib/python3.12/site-packages (from widgetsnbextension~=3.6.5->ipywidgets>=7.0.0->qgridnext) (7.2.1)
2025-02-22T20:45:30.6297911Z Requirement already satisfied: parso<0.9.0,>=0.8.3 in /home/runner/micromamba/envs/tardis/lib/python3.12/site-packages (from jedi>=0.16->ipython>=4.0.0->ipywidgets>=7.0.0->qgridnext) (0.8.4)
2025-02-22T20:45:30.6443266Z Requirement already satisfied: jupyter-server<3,>=2.4.0 in /home/runner/micromamba/envs/tardis/lib/python3.12/site-packages (from notebook>=4.4.1->widgetsnbextension~=3.6.5->ipywidgets>=7.0.0->qgridnext) (2.14.1)
2025-02-22T20:45:30.6456013Z Requirement already satisfied: jupyterlab-server<3,>=2.27.1 in /home/runner/micromamba/envs/tardis/lib/python3.12/site-packages (from notebook>=4.4.1->widgetsnbextension~=3.6.5->ipywidgets>=7.0.0->qgridnext) (2.27.2)
2025-02-22T20:45:30.6471146Z Requirement already satisfied: jupyterlab<4.3,>=4.2.0 in /home/runner/micromamba/envs/tardis/lib/python3.12/site-packages (from notebook>=4.4.1->widgetsnbextension~=3.6.5->ipywidgets>=7.0.0->qgridnext) (4.2.2)
2025-02-22T20:45:30.6480875Z Requirement already satisfied: notebook-shim<0.3,>=0.2 in /home/runner/micromamba/envs/tardis/lib/python3.12/site-packages (from notebook>=4.4.1->widgetsnbextension~=3.6.5->ipywidgets>=7.0.0->qgridnext) (0.2.4)
2025-02-22T20:45:30.6488818Z Requirement already satisfied: tornado>=6.2.0 in /home/runner/micromamba/envs/tardis/lib/python3.12/site-packages (from notebook>=4.4.1->widgetsnbextension~=3.6.5->ipywidgets>=7.0.0->qgridnext) (6.4.1)
2025-02-22T20:45:30.6517760Z Requirement already satisfied: ptyprocess>=0.5 in /home/runner/micromamba/envs/tardis/lib/python3.12/site-packages (from pexpect>4.3->ipython>=4.0.0->ipywidgets>=7.0.0->qgridnext) (0.7.0)
2025-02-22T20:45:30.6546087Z Requirement already satisfied: wcwidth in /home/runner/micromamba/envs/tardis/lib/python3.12/site-packages (from prompt-toolkit<3.1.0,>=3.0.41->ipython>=4.0.0->ipywidgets>=7.0.0->qgridnext) (0.2.13)
2025-02-22T20:45:30.6683614Z Requirement already satisfied: executing>=1.2.0 in /home/runner/micromamba/envs/tardis/lib/python3.12/site-packages (from stack-data->ipython>=4.0.0->ipywidgets>=7.0.0->qgridnext) (2.0.1)
2025-02-22T20:45:30.6692936Z Requirement already satisfied: asttokens>=2.1.0 in /home/runner/micromamba/envs/tardis/lib/python3.12/site-packages (from stack-data->ipython>=4.0.0->ipywidgets>=7.0.0->qgridnext) (2.4.1)
2025-02-22T20:45:30.6700095Z Requirement already satisfied: pure-eval in /home/runner/micromamba/envs/tardis/lib/python3.12/site-packages (from stack-data->ipython>=4.0.0->ipywidgets>=7.0.0->qgridnext) (0.2.2)
2025-02-22T20:45:30.7038700Z Requirement already satisfied: anyio>=3.1.0 in /home/runner/micromamba/envs/tardis/lib/python3.12/site-packages (from jupyter-server<3,>=2.4.0->notebook>=4.4.1->widgetsnbextension~=3.6.5->ipywidgets>=7.0.0->qgridnext) (4.4.0)
2025-02-22T20:45:30.7048378Z Requirement already satisfied: argon2-cffi>=21.1 in /home/runner/micromamba/envs/tardis/lib/python3.12/site-packages (from jupyter-server<3,>=2.4.0->notebook>=4.4.1->widgetsnbextension~=3.6.5->ipywidgets>=7.0.0->qgridnext) (23.1.0)
2025-02-22T20:45:30.7056917Z Requirement already satisfied: jinja2>=3.0.3 in /home/runner/micromamba/envs/tardis/lib/python3.12/site-packages (from jupyter-server<3,>=2.4.0->notebook>=4.4.1->widgetsnbextension~=3.6.5->ipywidgets>=7.0.0->qgridnext) (3.1.4)
2025-02-22T20:45:30.7068053Z Requirement already satisfied: jupyter-client>=7.4.4 in /home/runner/micromamba/envs/tardis/lib/python3.12/site-packages (from jupyter-server<3,>=2.4.0->notebook>=4.4.1->widgetsnbextension~=3.6.5->ipywidgets>=7.0.0->qgridnext) (8.6.2)
2025-02-22T20:45:30.7079770Z Requirement already satisfied: jupyter-core!=5.0.*,>=4.12 in /home/runner/micromamba/envs/tardis/lib/python3.12/site-packages (from jupyter-server<3,>=2.4.0->notebook>=4.4.1->widgetsnbextension~=3.6.5->ipywidgets>=7.0.0->qgridnext) (5.7.2)
2025-02-22T20:45:30.7091101Z Requirement already satisfied: jupyter-events>=0.9.0 in /home/runner/micromamba/envs/tardis/lib/python3.12/site-packages (from jupyter-server<3,>=2.4.0->notebook>=4.4.1->widgetsnbextension~=3.6.5->ipywidgets>=7.0.0->qgridnext) (0.10.0)
2025-02-22T20:45:30.7101643Z Requirement already satisfied: jupyter-server-terminals>=0.4.4 in /home/runner/micromamba/envs/tardis/lib/python3.12/site-packages (from jupyter-server<3,>=2.4.0->notebook>=4.4.1->widgetsnbextension~=3.6.5->ipywidgets>=7.0.0->qgridnext) (0.5.3)
2025-02-22T20:45:30.7114324Z Requirement already satisfied: nbconvert>=6.4.4 in /home/runner/micromamba/envs/tardis/lib/python3.12/site-packages (from jupyter-server<3,>=2.4.0->notebook>=4.4.1->widgetsnbextension~=3.6.5->ipywidgets>=7.0.0->qgridnext) (7.16.4)
2025-02-22T20:45:30.7124427Z Requirement already satisfied: nbformat>=5.3.0 in /home/runner/micromamba/envs/tardis/lib/python3.12/site-packages (from jupyter-server<3,>=2.4.0->notebook>=4.4.1->widgetsnbextension~=3.6.5->ipywidgets>=7.0.0->qgridnext) (5.10.4)
2025-02-22T20:45:30.7133249Z Requirement already satisfied: overrides>=5.0 in /home/runner/micromamba/envs/tardis/lib/python3.12/site-packages (from jupyter-server<3,>=2.4.0->notebook>=4.4.1->widgetsnbextension~=3.6.5->ipywidgets>=7.0.0->qgridnext) (7.7.0)
2025-02-22T20:45:30.7142863Z Requirement already satisfied: packaging>=22.0 in /home/runner/micromamba/envs/tardis/lib/python3.12/site-packages (from jupyter-server<3,>=2.4.0->notebook>=4.4.1->widgetsnbextension~=3.6.5->ipywidgets>=7.0.0->qgridnext) (24.1)
2025-02-22T20:45:30.7151237Z Requirement already satisfied: prometheus-client>=0.9 in /home/runner/micromamba/envs/tardis/lib/python3.12/site-packages (from jupyter-server<3,>=2.4.0->notebook>=4.4.1->widgetsnbextension~=3.6.5->ipywidgets>=7.0.0->qgridnext) (0.20.0)
2025-02-22T20:45:30.7161854Z Requirement already satisfied: pyzmq>=24 in /home/runner/micromamba/envs/tardis/lib/python3.12/site-packages (from jupyter-server<3,>=2.4.0->notebook>=4.4.1->widgetsnbextension~=3.6.5->ipywidgets>=7.0.0->qgridnext) (26.0.3)
2025-02-22T20:45:30.7170672Z Requirement already satisfied: send2trash>=1.8.2 in /home/runner/micromamba/envs/tardis/lib/python3.12/site-packages (from jupyter-server<3,>=2.4.0->notebook>=4.4.1->widgetsnbextension~=3.6.5->ipywidgets>=7.0.0->qgridnext) (1.8.3)
2025-02-22T20:45:30.7181799Z Requirement already satisfied: terminado>=0.8.3 in /home/runner/micromamba/envs/tardis/lib/python3.12/site-packages (from jupyter-server<3,>=2.4.0->notebook>=4.4.1->widgetsnbextension~=3.6.5->ipywidgets>=7.0.0->qgridnext) (0.18.1)
2025-02-22T20:45:30.7198838Z Requirement already satisfied: websocket-client>=1.7 in /home/runner/micromamba/envs/tardis/lib/python3.12/site-packages (from jupyter-server<3,>=2.4.0->notebook>=4.4.1->widgetsnbextension~=3.6.5->ipywidgets>=7.0.0->qgridnext) (1.8.0)
2025-02-22T20:45:30.7494895Z Requirement already satisfied: async-lru>=1.0.0 in /home/runner/micromamba/envs/tardis/lib/python3.12/site-packages (from jupyterlab<4.3,>=4.2.0->notebook>=4.4.1->widgetsnbextension~=3.6.5->ipywidgets>=7.0.0->qgridnext) (2.0.4)
2025-02-22T20:45:30.7497744Z Requirement already satisfied: httpx>=0.25.0 in /home/runner/micromamba/envs/tardis/lib/python3.12/site-packages (from jupyterlab<4.3,>=4.2.0->notebook>=4.4.1->widgetsnbextension~=3.6.5->ipywidgets>=7.0.0->qgridnext) (0.27.0)
2025-02-22T20:45:30.7508282Z Requirement already satisfied: ipykernel>=6.5.0 in /home/runner/micromamba/envs/tardis/lib/python3.12/site-packages (from jupyterlab<4.3,>=4.2.0->notebook>=4.4.1->widgetsnbextension~=3.6.5->ipywidgets>=7.0.0->qgridnext) (6.29.4)
2025-02-22T20:45:30.7522298Z Requirement already satisfied: jupyter-lsp>=2.0.0 in /home/runner/micromamba/envs/tardis/lib/python3.12/site-packages (from jupyterlab<4.3,>=4.2.0->notebook>=4.4.1->widgetsnbextension~=3.6.5->ipywidgets>=7.0.0->qgridnext) (2.2.5)
2025-02-22T20:45:30.7547909Z Requirement already satisfied: setuptools>=40.1.0 in /home/runner/micromamba/envs/tardis/lib/python3.12/site-packages (from jupyterlab<4.3,>=4.2.0->notebook>=4.4.1->widgetsnbextension~=3.6.5->ipywidgets>=7.0.0->qgridnext) (70.0.0)
2025-02-22T20:45:30.7739047Z Requirement already satisfied: babel>=2.10 in /home/runner/micromamba/envs/tardis/lib/python3.12/site-packages (from jupyterlab-server<3,>=2.27.1->notebook>=4.4.1->widgetsnbextension~=3.6.5->ipywidgets>=7.0.0->qgridnext) (2.14.0)
2025-02-22T20:45:30.7765142Z Requirement already satisfied: json5>=0.9.0 in /home/runner/micromamba/envs/tardis/lib/python3.12/site-packages (from jupyterlab-server<3,>=2.27.1->notebook>=4.4.1->widgetsnbextension~=3.6.5->ipywidgets>=7.0.0->qgridnext) (0.9.25)
2025-02-22T20:45:30.7775911Z Requirement already satisfied: jsonschema>=4.18.0 in /home/runner/micromamba/envs/tardis/lib/python3.12/site-packages (from jupyterlab-server<3,>=2.27.1->notebook>=4.4.1->widgetsnbextension~=3.6.5->ipywidgets>=7.0.0->qgridnext) (4.22.0)
2025-02-22T20:45:30.7794229Z Requirement already satisfied: requests>=2.31 in /home/runner/micromamba/envs/tardis/lib/python3.12/site-packages (from jupyterlab-server<3,>=2.27.1->notebook>=4.4.1->widgetsnbextension~=3.6.5->ipywidgets>=7.0.0->qgridnext) (2.32.3)
2025-02-22T20:45:30.8145204Z Requirement already satisfied: idna>=2.8 in /home/runner/micromamba/envs/tardis/lib/python3.12/site-packages (from anyio>=3.1.0->jupyter-server<3,>=2.4.0->notebook>=4.4.1->widgetsnbextension~=3.6.5->ipywidgets>=7.0.0->qgridnext) (3.7)
2025-02-22T20:45:30.8153954Z Requirement already satisfied: sniffio>=1.1 in /home/runner/micromamba/envs/tardis/lib/python3.12/site-packages (from anyio>=3.1.0->jupyter-server<3,>=2.4.0->notebook>=4.4.1->widgetsnbextension~=3.6.5->ipywidgets>=7.0.0->qgridnext) (1.3.1)
2025-02-22T20:45:30.8245042Z Requirement already satisfied: argon2-cffi-bindings in /home/runner/micromamba/envs/tardis/lib/python3.12/site-packages (from argon2-cffi>=21.1->jupyter-server<3,>=2.4.0->notebook>=4.4.1->widgetsnbextension~=3.6.5->ipywidgets>=7.0.0->qgridnext) (21.2.0)
2025-02-22T20:45:30.8414251Z Requirement already satisfied: certifi in /home/runner/micromamba/envs/tardis/lib/python3.12/site-packages (from httpx>=0.25.0->jupyterlab<4.3,>=4.2.0->notebook>=4.4.1->widgetsnbextension~=3.6.5->ipywidgets>=7.0.0->qgridnext) (2024.6.2)
2025-02-22T20:45:30.8428501Z Requirement already satisfied: httpcore==1.* in /home/runner/micromamba/envs/tardis/lib/python3.12/site-packages (from httpx>=0.25.0->jupyterlab<4.3,>=4.2.0->notebook>=4.4.1->widgetsnbextension~=3.6.5->ipywidgets>=7.0.0->qgridnext) (1.0.5)
2025-02-22T20:45:30.8506050Z Requirement already satisfied: h11<0.15,>=0.13 in /home/runner/micromamba/envs/tardis/lib/python3.12/site-packages (from httpcore==1.*->httpx>=0.25.0->jupyterlab<4.3,>=4.2.0->notebook>=4.4.1->widgetsnbextension~=3.6.5->ipywidgets>=7.0.0->qgridnext) (0.14.0)
2025-02-22T20:45:30.8690744Z Requirement already satisfied: debugpy>=1.6.5 in /home/runner/micromamba/envs/tardis/lib/python3.12/site-packages (from ipykernel>=6.5.0->jupyterlab<4.3,>=4.2.0->notebook>=4.4.1->widgetsnbextension~=3.6.5->ipywidgets>=7.0.0->qgridnext) (1.8.1)
2025-02-22T20:45:30.8711230Z Requirement already satisfied: nest-asyncio in /home/runner/micromamba/envs/tardis/lib/python3.12/site-packages (from ipykernel>=6.5.0->jupyterlab<4.3,>=4.2.0->notebook>=4.4.1->widgetsnbextension~=3.6.5->ipywidgets>=7.0.0->qgridnext) (1.6.0)
2025-02-22T20:45:30.8725349Z Requirement already satisfied: psutil in /home/runner/micromamba/envs/tardis/lib/python3.12/site-packages (from ipykernel>=6.5.0->jupyterlab<4.3,>=4.2.0->notebook>=4.4.1->widgetsnbextension~=3.6.5->ipywidgets>=7.0.0->qgridnext) (5.9.8)
2025-02-22T20:45:30.8786031Z Requirement already satisfied: MarkupSafe>=2.0 in /home/runner/micromamba/envs/tardis/lib/python3.12/site-packages (from jinja2>=3.0.3->jupyter-server<3,>=2.4.0->notebook>=4.4.1->widgetsnbextension~=3.6.5->ipywidgets>=7.0.0->qgridnext) (2.1.5)
2025-02-22T20:45:30.8976050Z Requirement already satisfied: attrs>=22.2.0 in /home/runner/micromamba/envs/tardis/lib/python3.12/site-packages (from jsonschema>=4.18.0->jupyterlab-server<3,>=2.27.1->notebook>=4.4.1->widgetsnbextension~=3.6.5->ipywidgets>=7.0.0->qgridnext) (23.2.0)
2025-02-22T20:45:30.8985936Z Requirement already satisfied: jsonschema-specifications>=2023.03.6 in /home/runner/micromamba/envs/tardis/lib/python3.12/site-packages (from jsonschema>=4.18.0->jupyterlab-server<3,>=2.27.1->notebook>=4.4.1->widgetsnbextension~=3.6.5->ipywidgets>=7.0.0->qgridnext) (2023.12.1)
2025-02-22T20:45:30.8994217Z Requirement already satisfied: referencing>=0.28.4 in /home/runner/micromamba/envs/tardis/lib/python3.12/site-packages (from jsonschema>=4.18.0->jupyterlab-server<3,>=2.27.1->notebook>=4.4.1->widgetsnbextension~=3.6.5->ipywidgets>=7.0.0->qgridnext) (0.35.1)
2025-02-22T20:45:30.9003044Z Requirement already satisfied: rpds-py>=0.7.1 in /home/runner/micromamba/envs/tardis/lib/python3.12/site-packages (from jsonschema>=4.18.0->jupyterlab-server<3,>=2.27.1->notebook>=4.4.1->widgetsnbextension~=3.6.5->ipywidgets>=7.0.0->qgridnext) (0.18.1)
2025-02-22T20:45:30.9265440Z Requirement already satisfied: platformdirs>=2.5 in /home/runner/micromamba/envs/tardis/lib/python3.12/site-packages (from jupyter-core!=5.0.*,>=4.12->jupyter-server<3,>=2.4.0->notebook>=4.4.1->widgetsnbextension~=3.6.5->ipywidgets>=7.0.0->qgridnext) (4.2.2)
2025-02-22T20:45:30.9413792Z Requirement already satisfied: python-json-logger>=2.0.4 in /home/runner/micromamba/envs/tardis/lib/python3.12/site-packages (from jupyter-events>=0.9.0->jupyter-server<3,>=2.4.0->notebook>=4.4.1->widgetsnbextension~=3.6.5->ipywidgets>=7.0.0->qgridnext) (2.0.7)
2025-02-22T20:45:30.9422135Z Requirement already satisfied: pyyaml>=5.3 in /home/runner/micromamba/envs/tardis/lib/python3.12/site-packages (from jupyter-events>=0.9.0->jupyter-server<3,>=2.4.0->notebook>=4.4.1->widgetsnbextension~=3.6.5->ipywidgets>=7.0.0->qgridnext) (6.0.1)
2025-02-22T20:45:30.9432204Z Requirement already satisfied: rfc3339-validator in /home/runner/micromamba/envs/tardis/lib/python3.12/site-packages (from jupyter-events>=0.9.0->jupyter-server<3,>=2.4.0->notebook>=4.4.1->widgetsnbextension~=3.6.5->ipywidgets>=7.0.0->qgridnext) (0.1.4)
2025-02-22T20:45:30.9440723Z Requirement already satisfied: rfc3986-validator>=0.1.1 in /home/runner/micromamba/envs/tardis/lib/python3.12/site-packages (from jupyter-events>=0.9.0->jupyter-server<3,>=2.4.0->notebook>=4.4.1->widgetsnbextension~=3.6.5->ipywidgets>=7.0.0->qgridnext) (0.1.1)
2025-02-22T20:45:30.9865058Z Requirement already satisfied: beautifulsoup4 in /home/runner/micromamba/envs/tardis/lib/python3.12/site-packages (from nbconvert>=6.4.4->jupyter-server<3,>=2.4.0->notebook>=4.4.1->widgetsnbextension~=3.6.5->ipywidgets>=7.0.0->qgridnext) (4.12.3)
2025-02-22T20:45:30.9882957Z Requirement already satisfied: bleach!=5.0.0 in /home/runner/micromamba/envs/tardis/lib/python3.12/site-packages (from nbconvert>=6.4.4->jupyter-server<3,>=2.4.0->notebook>=4.4.1->widgetsnbextension~=3.6.5->ipywidgets>=7.0.0->qgridnext) (6.1.0)
2025-02-22T20:45:30.9896253Z Requirement already satisfied: defusedxml in /home/runner/micromamba/envs/tardis/lib/python3.12/site-packages (from nbconvert>=6.4.4->jupyter-server<3,>=2.4.0->notebook>=4.4.1->widgetsnbextension~=3.6.5->ipywidgets>=7.0.0->qgridnext) (0.7.1)
2025-02-22T20:45:30.9910335Z Requirement already satisfied: jupyterlab-pygments in /home/runner/micromamba/envs/tardis/lib/python3.12/site-packages (from nbconvert>=6.4.4->jupyter-server<3,>=2.4.0->notebook>=4.4.1->widgetsnbextension~=3.6.5->ipywidgets>=7.0.0->qgridnext) (0.3.0)
2025-02-22T20:45:30.9921246Z Requirement already satisfied: mistune<4,>=2.0.3 in /home/runner/micromamba/envs/tardis/lib/python3.12/site-packages (from nbconvert>=6.4.4->jupyter-server<3,>=2.4.0->notebook>=4.4.1->widgetsnbextension~=3.6.5->ipywidgets>=7.0.0->qgridnext) (3.0.2)
2025-02-22T20:45:30.9933148Z Requirement already satisfied: nbclient>=0.5.0 in /home/runner/micromamba/envs/tardis/lib/python3.12/site-packages (from nbconvert>=6.4.4->jupyter-server<3,>=2.4.0->notebook>=4.4.1->widgetsnbextension~=3.6.5->ipywidgets>=7.0.0->qgridnext) (0.10.0)
2025-02-22T20:45:30.9948932Z Requirement already satisfied: pandocfilters>=1.4.1 in /home/runner/micromamba/envs/tardis/lib/python3.12/site-packages (from nbconvert>=6.4.4->jupyter-server<3,>=2.4.0->notebook>=4.4.1->widgetsnbextension~=3.6.5->ipywidgets>=7.0.0->qgridnext) (1.5.0)
2025-02-22T20:45:30.9958210Z Requirement already satisfied: tinycss2 in /home/runner/micromamba/envs/tardis/lib/python3.12/site-packages (from nbconvert>=6.4.4->jupyter-server<3,>=2.4.0->notebook>=4.4.1->widgetsnbextension~=3.6.5->ipywidgets>=7.0.0->qgridnext) (1.3.0)
2025-02-22T20:45:31.0071136Z Requirement already satisfied: fastjsonschema>=2.15 in /home/runner/micromamba/envs/tardis/lib/python3.12/site-packages (from nbformat>=5.3.0->jupyter-server<3,>=2.4.0->notebook>=4.4.1->widgetsnbextension~=3.6.5->ipywidgets>=7.0.0->qgridnext) (2.20.0)
2025-02-22T20:45:31.0372633Z Requirement already satisfied: charset-normalizer<4,>=2 in /home/runner/micromamba/envs/tardis/lib/python3.12/site-packages (from requests>=2.31->jupyterlab-server<3,>=2.27.1->notebook>=4.4.1->widgetsnbextension~=3.6.5->ipywidgets>=7.0.0->qgridnext) (3.3.2)
2025-02-22T20:45:31.0385585Z Requirement already satisfied: urllib3<3,>=1.21.1 in /home/runner/micromamba/envs/tardis/lib/python3.12/site-packages (from requests>=2.31->jupyterlab-server<3,>=2.27.1->notebook>=4.4.1->widgetsnbextension~=3.6.5->ipywidgets>=7.0.0->qgridnext) (2.2.2)
2025-02-22T20:45:31.1157862Z Requirement already satisfied: webencodings in /home/runner/micromamba/envs/tardis/lib/python3.12/site-packages (from bleach!=5.0.0->nbconvert>=6.4.4->jupyter-server<3,>=2.4.0->notebook>=4.4.1->widgetsnbextension~=3.6.5->ipywidgets>=7.0.0->qgridnext) (0.5.1)
2025-02-22T20:45:31.1722972Z Requirement already satisfied: fqdn in /home/runner/micromamba/envs/tardis/lib/python3.12/site-packages (from jsonschema[format-nongpl]>=4.18.0->jupyter-events>=0.9.0->jupyter-server<3,>=2.4.0->notebook>=4.4.1->widgetsnbextension~=3.6.5->ipywidgets>=7.0.0->qgridnext) (1.5.1)
2025-02-22T20:45:31.1740095Z Requirement already satisfied: isoduration in /home/runner/micromamba/envs/tardis/lib/python3.12/site-packages (from jsonschema[format-nongpl]>=4.18.0->jupyter-events>=0.9.0->jupyter-server<3,>=2.4.0->notebook>=4.4.1->widgetsnbextension~=3.6.5->ipywidgets>=7.0.0->qgridnext) (20.11.0)
2025-02-22T20:45:31.1753266Z Requirement already satisfied: jsonpointer>1.13 in /home/runner/micromamba/envs/tardis/lib/python3.12/site-packages (from jsonschema[format-nongpl]>=4.18.0->jupyter-events>=0.9.0->jupyter-server<3,>=2.4.0->notebook>=4.4.1->widgetsnbextension~=3.6.5->ipywidgets>=7.0.0->qgridnext) (3.0.0)
2025-02-22T20:45:31.1769904Z Requirement already satisfied: uri-template in /home/runner/micromamba/envs/tardis/lib/python3.12/site-packages (from jsonschema[format-nongpl]>=4.18.0->jupyter-events>=0.9.0->jupyter-server<3,>=2.4.0->notebook>=4.4.1->widgetsnbextension~=3.6.5->ipywidgets>=7.0.0->qgridnext) (1.3.0)
2025-02-22T20:45:31.1783687Z Requirement already satisfied: webcolors>=1.11 in /home/runner/micromamba/envs/tardis/lib/python3.12/site-packages (from jsonschema[format-nongpl]>=4.18.0->jupyter-events>=0.9.0->jupyter-server<3,>=2.4.0->notebook>=4.4.1->widgetsnbextension~=3.6.5->ipywidgets>=7.0.0->qgridnext) (24.6.0)
2025-02-22T20:45:31.2790549Z Requirement already satisfied: cffi>=1.0.1 in /home/runner/micromamba/envs/tardis/lib/python3.12/site-packages (from argon2-cffi-bindings->argon2-cffi>=21.1->jupyter-server<3,>=2.4.0->notebook>=4.4.1->widgetsnbextension~=3.6.5->ipywidgets>=7.0.0->qgridnext) (1.16.0)
2025-02-22T20:45:31.2888803Z Requirement already satisfied: soupsieve>1.2 in /home/runner/micromamba/envs/tardis/lib/python3.12/site-packages (from beautifulsoup4->nbconvert>=6.4.4->jupyter-server<3,>=2.4.0->notebook>=4.4.1->widgetsnbextension~=3.6.5->ipywidgets>=7.0.0->qgridnext) (2.5)
2025-02-22T20:45:31.3410651Z Requirement already satisfied: pycparser in /home/runner/micromamba/envs/tardis/lib/python3.12/site-packages (from cffi>=1.0.1->argon2-cffi-bindings->argon2-cffi>=21.1->jupyter-server<3,>=2.4.0->notebook>=4.4.1->widgetsnbextension~=3.6.5->ipywidgets>=7.0.0->qgridnext) (2.22)
2025-02-22T20:45:31.3911706Z Requirement already satisfied: arrow>=0.15.0 in /home/runner/micromamba/envs/tardis/lib/python3.12/site-packages (from isoduration->jsonschema[format-nongpl]>=4.18.0->jupyter-events>=0.9.0->jupyter-server<3,>=2.4.0->notebook>=4.4.1->widgetsnbextension~=3.6.5->ipywidgets>=7.0.0->qgridnext) (1.3.0)
2025-02-22T20:45:31.4209547Z Requirement already satisfied: types-python-dateutil>=2.8.10 in /home/runner/micromamba/envs/tardis/lib/python3.12/site-packages (from arrow>=0.15.0->isoduration->jsonschema[format-nongpl]>=4.18.0->jupyter-events>=0.9.0->jupyter-server<3,>=2.4.0->notebook>=4.4.1->widgetsnbextension~=3.6.5->ipywidgets>=7.0.0->qgridnext) (2.9.0.20240316)
2025-02-22T20:45:31.4499572Z Downloading qgridnext-2.0.4-py3-none-any.whl (1.3 MB)
2025-02-22T20:45:31.4817432Z    â”â”â”â”â”â”â”â”â”â”â”â”â”â”â”â”â”â”â”â”â”â”â”â”â”â”â”â”â”â”â”â”â”â”â”â”â”â”â”â” 1.3/1.3 MB 42.6 MB/s eta 0:00:00
2025-02-22T20:45:32.2757422Z Installing collected packages: qgridnext
2025-02-22T20:45:32.3475521Z Successfully installed qgridnext-2.0.4
2025-02-22T20:45:32.5219620Z ##[group]Run pytest tardis --tardis-regression-data=/home/runner/work/tardis/tardis/tardis-regression-data --cov=tardis --cov-report=xml --cov-report=html --cov-append -m "not continuum"
2025-02-22T20:45:32.5220931Z [36;1mpytest tardis --tardis-regression-data=/home/runner/work/tardis/tardis/tardis-regression-data --cov=tardis --cov-report=xml --cov-report=html --cov-append -m "not continuum"[0m
2025-02-22T20:45:32.5275784Z shell: /usr/bin/bash -l {0}
2025-02-22T20:45:32.5276032Z env:
2025-02-22T20:45:32.5276208Z   CACHE_NUMBER: 0
2025-02-22T20:45:32.5277195Z   PYTEST_FLAGS: --tardis-regression-data=/home/runner/work/tardis/tardis/tardis-regression-data --cov=tardis --cov-report=xml --cov-report=html --cov-append
2025-02-22T20:45:32.5277875Z   CODECOV_TOKEN: 
2025-02-22T20:45:32.5278099Z   MAMBA_ROOT_PREFIX: /home/runner/micromamba
2025-02-22T20:45:32.5278405Z   MAMBA_EXE: /home/runner/micromamba-bin/micromamba
2025-02-22T20:45:32.5278791Z   CONDARC: /home/runner/work/_temp/setup-micromamba/.condarc
2025-02-22T20:45:32.5279109Z ##[endgroup]
2025-02-22T20:45:40.9614071Z ============================= test session starts ==============================
2025-02-22T20:45:40.9615372Z platform linux -- Python 3.12.4, pytest-8.2.2, pluggy-1.5.0
2025-02-22T20:45:40.9616739Z rootdir: /home/runner/work/tardis/tardis
2025-02-22T20:45:40.9617712Z configfile: pyproject.toml
2025-02-22T20:45:40.9618978Z plugins: metadata-3.1.1, anyio-4.4.0, doctestplus-1.2.1, cov-5.0.0, html-4.1.1
2025-02-22T20:45:40.9620956Z collected 1799 items / 2 deselected / 1797 selected
2025-02-22T20:45:40.9621644Z 
2025-02-22T20:45:45.7385087Z tardis/energy_input/tests/test_energy_source.py ..xxx                    [  0%]
2025-02-22T20:45:48.7544231Z tardis/energy_input/tests/test_gamma_ray_channel.py ...........          [  0%]
2025-02-22T20:45:50.2876073Z tardis/energy_input/tests/test_gamma_ray_grid.py xx.                     [  1%]
2025-02-22T20:45:52.0140860Z tardis/energy_input/tests/test_gamma_ray_interactions.py xx....          [  1%]
2025-02-22T20:45:52.0233118Z tardis/energy_input/tests/test_gamma_ray_packet_source.py sssssssss      [  1%]
2025-02-22T20:45:53.4563321Z tardis/energy_input/tests/test_util.py .....xxxx.....                    [  2%]
2025-02-22T20:45:53.8543970Z tardis/grid/tests/test_grid.py .                                         [  2%]
2025-02-22T20:45:53.8560236Z tardis/gui/tests/test_gui.py s                                           [  2%]
2025-02-22T20:45:57.3187690Z tardis/io/configuration/tests/test_config_reader.py ...........          [  3%]
2025-02-22T20:45:57.3315428Z tardis/io/configuration/tests/test_configuration_namespace.py .........  [  3%]
2025-02-22T20:45:57.3583736Z tardis/io/logger/tests/test_logging.py ssssssssssssssssssssssssssss      [  5%]
2025-02-22T20:46:34.6849966Z tardis/io/model/readers/tests/test_arepo_parser.py ..                    [  5%]
2025-02-22T20:46:34.7088771Z tardis/io/model/readers/tests/test_artis_readers.py ...                  [  5%]
2025-02-22T20:46:34.7225290Z tardis/io/model/readers/tests/test_ascii_readers.py ...                  [  5%]
2025-02-22T20:46:34.7329425Z tardis/io/model/readers/tests/test_cmfgen_reader.py ..                   [  6%]
2025-02-22T20:46:34.7642014Z tardis/io/model/readers/tests/test_csvy_reader.py ....                   [  6%]
2025-02-22T20:46:34.7853605Z tardis/io/model/readers/tests/test_stella_reader.py ..                   [  6%]
2025-02-22T20:46:35.0951908Z tardis/io/tests/test_HDFWriter.py ...............                        [  7%]
2025-02-22T20:46:35.4142720Z tardis/io/tests/test_atomic.py .....                                     [  7%]
2025-02-22T20:46:35.4336906Z tardis/io/tests/test_decay.py ..                                         [  7%]
2025-02-22T20:46:35.6513141Z tardis/io/tests/test_model_reader.py F.....                              [  7%]
2025-02-22T20:46:35.6578947Z tardis/model/geometry/tests/test_radial1d.py ..                          [  8%]
2025-02-22T20:47:32.5052670Z tardis/model/tests/test_base.py ........................................ [ 10%]
2025-02-22T20:47:33.4936005Z ............                                                             [ 10%]
2025-02-22T20:47:36.5574131Z tardis/model/tests/test_csvy_model.py .........                          [ 11%]
2025-02-22T20:47:36.6040949Z tardis/model/tests/test_density.py ..                                    [ 11%]
2025-02-22T20:47:37.8804131Z tardis/opacities/tests/test_opacity_solver.py .....                      [ 11%]
2025-02-22T20:47:39.1807449Z tardis/opacities/tests/test_opacity_state_numba.py .....                 [ 12%]
2025-02-22T20:47:40.7676052Z tardis/opacities/tests/test_tau_sobolev.py ..                            [ 12%]
2025-02-22T20:47:43.8179225Z tardis/plasma/equilibrium/tests/test_collisional_transitions.py ...      [ 12%]
2025-02-22T20:48:29.9094512Z tardis/plasma/equilibrium/tests/test_level_populations.py ....           [ 12%]
2025-02-22T20:48:41.6196708Z tardis/plasma/equilibrium/tests/test_rate_matrix.py .                    [ 12%]
2025-02-22T20:48:43.0096151Z tardis/plasma/tests/test_complete_plasmas.py ..............s......s..... [ 14%]
2025-02-22T20:48:45.8428641Z s....ssssss............s......s.....ss.....s....ssssss............s..... [ 18%]
2025-02-22T20:48:47.4692052Z .s.....ss.....s....ssssss............s......s.....ss.....s....ssssss.... [ 22%]
2025-02-22T20:48:50.3010047Z ........s......s.....ss.....s....ssssss............s......s.....ss.....s [ 26%]
2025-02-22T20:48:53.1516614Z ....ssssss............s......s.....ss.....s....ssssss............s...... [ 30%]
2025-02-22T20:48:53.8498190Z s.....ss.....s....ssssss............s......s.....ss.....s.ss.ssssss..... [ 34%]
2025-02-22T20:48:56.6620895Z .......s......s.....ss.....s....ssssss............s......s.....ss.....s. [ 38%]
2025-02-22T20:48:59.4988030Z ...ssssss............s......s.....ss.....s....ssssss............s......s [ 42%]
2025-02-22T20:49:02.5029078Z .....ss.....s....ssssss............s......s.....s...........ssssss...... [ 46%]
2025-02-22T20:49:04.2541583Z ......s......s.....s...........ssssss............s......s.....s......... [ 50%]
2025-02-22T20:49:07.0641278Z ..ssssss............s......s.....ss.....s....ssssss............s......s. [ 54%]
2025-02-22T20:49:10.5499613Z ....ss.....s....ssssss...................s......s.....s....ssss......... [ 58%]
2025-02-22T20:49:10.8373854Z ............s......s.....s....ssss.......                                [ 60%]
2025-02-22T20:49:10.9513467Z tardis/plasma/tests/test_hdf_plasma.py ................................. [ 62%]
2025-02-22T20:49:10.9628167Z ......                                                                   [ 62%]
2025-02-22T20:49:11.1013393Z tardis/plasma/tests/test_nlte_excitation.py ...                          [ 62%]
2025-02-22T20:51:27.9310721Z tardis/plasma/tests/test_nlte_solver.py .....X                           [ 63%]
2025-02-22T20:51:27.9340085Z tardis/plasma/tests/test_plasma_continuum.py .                           [ 63%]
2025-02-22T20:51:51.2919381Z tardis/plasma/tests/test_plasma_vboundary.py .............               [ 63%]
2025-02-22T20:52:04.4241625Z tardis/plasma/tests/test_tardis_model_density_config.py ...              [ 64%]
2025-02-22T20:52:05.1721894Z tardis/simulation/tests/test_convergence.py .....                        [ 64%]
2025-02-22T20:52:13.6974257Z tardis/simulation/tests/test_simulation.py .............                 [ 65%]
2025-02-22T20:52:13.7169959Z tardis/spectrum/tests/test_cuda_formal_integral.py sssssssssssssssssssss [ 66%]
2025-02-22T20:52:14.1804001Z ssss...ssssssssssssssssssssss                                            [ 67%]
2025-02-22T20:52:14.1876566Z tardis/spectrum/tests/test_luminosity.py ....                            [ 68%]
2025-02-22T20:52:15.7699174Z tardis/spectrum/tests/test_numba_formal_integral.py .................... [ 69%]
2025-02-22T20:52:15.7891047Z ..........                                                               [ 69%]
2025-02-22T20:52:15.9606728Z tardis/spectrum/tests/test_spectrum.py ................................. [ 71%]
2025-02-22T20:52:15.9935666Z .........                                                                [ 72%]
2025-02-22T20:52:35.4981407Z tardis/spectrum/tests/test_spectrum_solver.py ....                       [ 72%]
2025-02-22T20:53:36.7810435Z tardis/tests/test_tardis_full.py ....                                    [ 72%]
2025-02-22T20:55:00.8446126Z tardis/tests/test_tardis_full_formal_integral.py ................        [ 73%]
2025-02-22T20:55:00.9187914Z tardis/tests/test_util.py .............................................  [ 75%]
2025-02-22T20:55:03.6009391Z tardis/transport/montecarlo/tests/test_base.py x.....................    [ 77%]
2025-02-22T20:55:11.2629654Z tardis/transport/montecarlo/tests/test_interaction.py .......            [ 77%]
2025-02-22T20:55:11.4833171Z tardis/transport/montecarlo/tests/test_macro_atom.py ....                [ 77%]
2025-02-22T20:55:11.5008478Z tardis/transport/montecarlo/tests/test_montecarlo.py sssssssssssssssssss [ 78%]
2025-02-22T20:55:11.5425247Z sssssssssssssssssssssssssssssssssssssssssssss                            [ 81%]
2025-02-22T20:55:20.3900187Z tardis/transport/montecarlo/tests/test_montecarlo_main_loop.py x..       [ 81%]
2025-02-22T20:55:20.3967527Z tardis/transport/montecarlo/tests/test_nonhomologous.py ...              [ 81%]
2025-02-22T20:55:26.5883508Z tardis/transport/montecarlo/tests/test_numba_interface.py .....x.        [ 82%]
2025-02-22T20:55:27.0943357Z tardis/transport/montecarlo/tests/test_opacities.py ...............      [ 82%]
2025-02-22T20:55:28.1629225Z tardis/transport/montecarlo/tests/test_packet.py .................xXXXXX [ 84%]
2025-02-22T20:55:28.3003039Z XX.........                                                              [ 84%]
2025-02-22T20:55:28.3282764Z tardis/transport/montecarlo/tests/test_packet_source.py ........         [ 85%]
2025-02-22T20:55:28.6325095Z tardis/transport/montecarlo/tests/test_rpacket_last_interaction_tracker.py . [ 85%]
2025-02-22T20:55:29.0555956Z .....                                                                    [ 85%]
2025-02-22T20:56:03.5253594Z tardis/transport/montecarlo/tests/test_rpacket_tracker.py ......         [ 85%]
2025-02-22T20:56:03.5534101Z tardis/transport/montecarlo/tests/test_single_packet_loop.py xxx         [ 86%]
2025-02-22T20:56:03.5566205Z tardis/transport/montecarlo/tests/test_tracker_utils.py ..               [ 86%]
2025-02-22T20:56:05.9679685Z tardis/transport/montecarlo/tests/test_vpacket.py ..x.                   [ 86%]
2025-02-22T20:56:05.9853967Z tardis/transport/montecarlo/tests/test_weighted_packet_source.py ....    [ 86%]
2025-02-22T20:56:09.4208006Z tardis/transport/montecarlo/tests/test_weighted_packet_source_integration.py . [ 86%]
2025-02-22T20:56:09.4210771Z                                                                          [ 86%]
2025-02-22T20:56:10.1533100Z tardis/transport/tests/test_doppler_factor.py ..................         [ 87%]
2025-02-22T20:56:11.5320946Z tardis/visualization/tools/tests/test_convergence_plot.py .............. [ 88%]
2025-02-22T20:56:13.7981395Z ......                                                                   [ 88%]
2025-02-22T20:56:18.5292241Z tardis/visualization/tools/tests/test_liv_plot.py ...................... [ 90%]
2025-02-22T20:56:21.7124007Z .............................                                            [ 91%]
2025-02-22T20:56:24.5792220Z tardis/visualization/tools/tests/test_rpacket_plot.py .................. [ 92%]
2025-02-22T20:56:31.6414990Z ....                                                                     [ 92%]
2025-02-22T20:56:37.6251661Z tardis/visualization/tools/tests/test_sdec_plot.py ..................... [ 94%]
2025-02-22T20:56:45.1830048Z ..............................                                           [ 95%]
2025-02-22T20:56:46.1381290Z tardis/visualization/widgets/tests/test_custom_abundance.py ........ss.. [ 96%]
2025-02-22T20:56:46.2134960Z ....                                                                     [ 96%]
2025-02-22T20:56:47.3010327Z tardis/visualization/widgets/tests/test_line_info.py ................... [ 97%]
2025-02-22T20:56:47.9434268Z ..................                                                       [ 98%]
2025-02-22T20:57:51.3945639Z tardis/visualization/widgets/tests/test_shell_info.py .................. [ 99%]
2025-02-22T20:57:51.9373452Z <unknown>:143: SyntaxWarning:
2025-02-22T20:57:51.9374065Z 
2025-02-22T20:57:51.9374419Z invalid escape sequence '\s'
2025-02-22T20:57:51.9374815Z 
2025-02-22T20:57:51.9396972Z /home/runner/work/tardis/tardis/tardis/io/model/readers/artis.py:143: SyntaxWarning:
2025-02-22T20:57:51.9397799Z 
2025-02-22T20:57:51.9397937Z invalid escape sequence '\s'
2025-02-22T20:57:51.9398171Z 
2025-02-22T20:57:51.9768123Z /home/runner/work/tardis/tardis/tardis/io/model/readers/tests/test_artis_readers.py:54: SyntaxWarning:
2025-02-22T20:57:51.9769045Z 
2025-02-22T20:57:51.9769287Z assertion is always true, perhaps remove parentheses?
2025-02-22T20:57:51.9769673Z 
2025-02-22T20:57:53.2255149Z <unknown>:143: SyntaxWarning:
2025-02-22T20:57:53.2255670Z 
2025-02-22T20:57:53.2255937Z invalid escape sequence '\s'
2025-02-22T20:57:53.2256676Z 
2025-02-22T20:57:55.2547230Z <unknown>:143: SyntaxWarning:
2025-02-22T20:57:55.2547607Z 
2025-02-22T20:57:55.2547772Z invalid escape sequence '\s'
2025-02-22T20:57:55.2548004Z 
2025-02-22T20:57:55.8079144Z <unknown>:143: SyntaxWarning:
2025-02-22T20:57:55.8079517Z 
2025-02-22T20:57:55.8079686Z invalid escape sequence '\s'
2025-02-22T20:57:55.8080426Z 
2025-02-22T20:57:55.8094655Z /home/runner/work/tardis/tardis/tardis/io/model/readers/artis.py:143: SyntaxWarning:
2025-02-22T20:57:55.8095345Z 
2025-02-22T20:57:55.8095511Z invalid escape sequence '\s'
2025-02-22T20:57:55.8095830Z 
2025-02-22T20:57:55.8372162Z /home/runner/work/tardis/tardis/tardis/io/model/readers/tests/test_artis_readers.py:54: SyntaxWarning:
2025-02-22T20:57:55.8372987Z 
2025-02-22T20:57:55.8373239Z assertion is always true, perhaps remove parentheses?
2025-02-22T20:57:55.8373656Z 
2025-02-22T20:57:57.2472490Z ......                                                                   [100%]
2025-02-22T20:57:57.2473079Z 
2025-02-22T20:57:57.2473362Z =================================== FAILURES ===================================
2025-02-22T20:57:57.2474069Z ________________________ test_simple_read_artis_density ________________________
2025-02-22T20:57:57.2474432Z 
2025-02-22T20:57:57.2474783Z artis_density_fname = PosixPath('tardis/io/model/readers/tests/data/artis_model.dat')
2025-02-22T20:57:57.2475262Z 
2025-02-22T20:57:57.2475482Z     def test_simple_read_artis_density(artis_density_fname: str):
2025-02-22T20:57:57.2476121Z >       time_of_model, velocity, mean_density, isotope_mass_fractions = read_artis_density(
2025-02-22T20:57:57.2476964Z             artis_density_fname
2025-02-22T20:57:57.2477272Z         )
2025-02-22T20:57:57.2477627Z E       ValueError: not enough values to unpack (expected 4, got 3)
2025-02-22T20:57:57.2477977Z 
2025-02-22T20:57:57.2478149Z tardis/io/tests/test_model_reader.py:48: ValueError
2025-02-22T20:57:57.2478620Z =============================== warnings summary ===============================
2025-02-22T20:57:57.2479075Z tardis/io/configuration/config_validator.py:6
2025-02-22T20:57:57.2479506Z tardis/io/configuration/config_validator.py:6
2025-02-22T20:57:57.2480218Z   /home/runner/work/tardis/tardis/tardis/io/configuration/config_validator.py:6: DeprecationWarning:
2025-02-22T20:57:57.2480880Z   
2025-02-22T20:57:57.2483349Z   jsonschema.RefResolver is deprecated as of v4.18.0, in favor of the https://github.com/python-jsonschema/referencing library, which provides more compliant referencing behavior as well as more flexible APIs for customization. A future release will remove RefResolver. Please file a feature request (on referencing) if you are missing an API for the kind of customization you need.
2025-02-22T20:57:57.2484675Z 
2025-02-22T20:57:57.2484931Z ../../../micromamba/envs/tardis/lib/python3.12/site-packages/jupyter_client/connect.py:22
2025-02-22T20:57:57.2485865Z   /home/runner/micromamba/envs/tardis/lib/python3.12/site-packages/jupyter_client/connect.py:22: DeprecationWarning:
2025-02-22T20:57:57.2486514Z   
2025-02-22T20:57:57.2486765Z   Jupyter is migrating its paths to use standard platformdirs
2025-02-22T20:57:57.2487164Z   given by the platformdirs library.  To remove this warning and
2025-02-22T20:57:57.2487571Z   see the appropriate new directories, set the environment variable
2025-02-22T20:57:57.2487968Z   `JUPYTER_PLATFORM_DIRS=1` and then run `jupyter --paths`.
2025-02-22T20:57:57.2488358Z   The use of platformdirs will be the default in `jupyter_core` v6
2025-02-22T20:57:57.2488599Z 
2025-02-22T20:57:57.2488697Z tardis/io/model/readers/artis.py:143
2025-02-22T20:57:57.2489120Z   /home/runner/work/tardis/tardis/tardis/io/model/readers/artis.py:143: SyntaxWarning:
2025-02-22T20:57:57.2489527Z   
2025-02-22T20:57:57.2489706Z   invalid escape sequence '\s'
2025-02-22T20:57:57.2489856Z 
2025-02-22T20:57:57.2494797Z tardis/io/tests/test_HDFWriter.py::test_multi_index_write
2025-02-22T20:57:57.2495383Z tardis/visualization/widgets/tests/test_shell_info.py::TestHDFShellInfo::test_shells_data
2025-02-22T20:57:57.2495953Z   /home/runner/work/tardis/tardis/tardis/io/util.py:276: PerformanceWarning:
2025-02-22T20:57:57.2496328Z   
2025-02-22T20:57:57.2496811Z   
2025-02-22T20:57:57.2497325Z   your performance may suffer as PyTables will pickle object types that it cannot
2025-02-22T20:57:57.2498087Z   map directly to c-types [inferred_type->mixed,key->block0_values] [items->Index([0], dtype='int64')]
2025-02-22T20:57:57.2498631Z 
2025-02-22T20:57:57.2498834Z tardis/io/tests/test_model_reader.py::test_read_cmfgen_isotope_abundances
2025-02-22T20:57:57.2499337Z tardis/plasma/tests/test_tardis_model_density_config.py::test_electron_densities
2025-02-22T20:57:57.2499866Z tardis/plasma/tests/test_tardis_model_density_config.py::test_isotope_number_densities
2025-02-22T20:57:57.2500370Z tardis/plasma/tests/test_tardis_model_density_config.py::test_t_rad
2025-02-22T20:57:57.2500969Z   /home/runner/work/tardis/tardis/tardis/io/model/readers/cmfgen_deprecated.py:82: DeprecationWarning:
2025-02-22T20:57:57.2501439Z   
2025-02-22T20:57:57.2501645Z   The current CMFGEN model parser is deprecated
2025-02-22T20:57:57.2501838Z 
2025-02-22T20:57:57.2501952Z tardis/io/tests/test_model_reader.py: 1 warning
2025-02-22T20:57:57.2502321Z tardis/plasma/tests/test_tardis_model_density_config.py: 9 warnings
2025-02-22T20:57:57.2502876Z   /home/runner/work/tardis/tardis/tardis/io/model/readers/cmfgen_deprecated.py:40: DeprecationWarning:
2025-02-22T20:57:57.2503347Z   
2025-02-22T20:57:57.2503538Z   The current CMFGEN model parser is deprecated
2025-02-22T20:57:57.2503726Z 
2025-02-22T20:57:57.2503934Z tardis/model/tests/test_base.py::TestModelFromPaper1Config::test_abundances
2025-02-22T20:57:57.2504587Z   /home/runner/work/tardis/tardis/tardis/transport/montecarlo/montecarlo_main_loop.py:123: NumbaTypeSafetyWarning:
2025-02-22T20:57:57.2505108Z   
2025-02-22T20:57:57.2505626Z   [1m[1m[1munsafe cast from uint64 to int64. Precision may be lost.[0m[0m[0m
2025-02-22T20:57:57.2505896Z 
2025-02-22T20:57:57.2505998Z tardis/model/tests/test_base.py: 6 warnings
2025-02-22T20:57:57.2506299Z tardis/model/tests/test_csvy_model.py: 2 warnings
2025-02-22T20:57:57.2506873Z tardis/plasma/tests/test_tardis_model_density_config.py: 3 warnings
2025-02-22T20:57:57.2507403Z   /home/runner/work/tardis/tardis/tardis/model/geometry/radial1d.py:50: DeprecationWarning:
2025-02-22T20:57:57.2507832Z   
2025-02-22T20:57:57.2508022Z   v_inner_boundary < 0, assuming default value
2025-02-22T20:57:57.2508209Z 
2025-02-22T20:57:57.2508317Z tardis/model/tests/test_base.py: 6 warnings
2025-02-22T20:57:57.2508616Z tardis/model/tests/test_csvy_model.py: 2 warnings
2025-02-22T20:57:57.2508992Z tardis/plasma/tests/test_tardis_model_density_config.py: 3 warnings
2025-02-22T20:57:57.2509516Z   /home/runner/work/tardis/tardis/tardis/model/geometry/radial1d.py:61: DeprecationWarning:
2025-02-22T20:57:57.2509937Z   
2025-02-22T20:57:57.2510251Z   v_outer_boundary < 0, assuming default value
2025-02-22T20:57:57.2510446Z 
2025-02-22T20:57:57.2510907Z tardis/plasma/equilibrium/tests/test_level_populations.py::TestLevelPopulationSolver::test_solve[collisional_rate_solver0-radiative_transitions0]
2025-02-22T20:57:57.2511743Z   /home/runner/work/tardis/tardis/tardis/plasma/equilibrium/level_populations.py:65: FutureWarning:
2025-02-22T20:57:57.2512192Z   
2025-02-22T20:57:57.2512563Z   A value is trying to be set on a copy of a DataFrame or Series through chained assignment using an inplace method.
2025-02-22T20:57:57.2513369Z   The behavior will change in pandas 3.0. This inplace method will never work because the intermediate object on which we are setting values always behaves as a copy.
2025-02-22T20:57:57.2513957Z   
2025-02-22T20:57:57.2514564Z   For example, when doing 'df[col].method(value, inplace=True)', try using 'df.method({col: value}, inplace=True)' or df[col] = df[col].method(value) instead, to perform the operation inplace on the original object.
2025-02-22T20:57:57.2515164Z 
2025-02-22T20:57:57.2515394Z tardis/plasma/tests/test_plasma_vboundary.py::test_plasma_vboundary[2900-3750]
2025-02-22T20:57:57.2515896Z tardis/plasma/tests/test_plasma_vboundary.py::test_plasma_vboundary[2900-3850]
2025-02-22T20:57:57.2516549Z tardis/plasma/tests/test_plasma_vboundary.py::test_plasma_vboundary[2900-3900]
2025-02-22T20:57:57.2517217Z   /home/runner/work/tardis/tardis/tardis/model/geometry/radial1d.py:71: UserWarning:
2025-02-22T20:57:57.2517739Z   
2025-02-22T20:57:57.2518019Z   Requesting inner boundary below inner shell. Extrapolating the inner cell
2025-02-22T20:57:57.2518297Z 
2025-02-22T20:57:57.2518508Z tardis/spectrum/tests/test_spectrum_solver.py::TestSpectrumSolver::test_solve
2025-02-22T20:57:57.2519004Z   /home/runner/work/tardis/tardis/tardis/spectrum/base.py:70: UserWarning:
2025-02-22T20:57:57.2519350Z   
2025-02-22T20:57:57.2519758Z   SpectrumSolver.spectrum_virtual_packets is zero. Please run the montecarlo simulation with no_of_virtual_packets > 0
2025-02-22T20:57:57.2520166Z 
2025-02-22T20:57:57.2520380Z tardis/spectrum/tests/test_spectrum_solver.py::TestSpectrumSolver::test_solve
2025-02-22T20:57:57.2520870Z   /home/runner/work/tardis/tardis/tardis/spectrum/base.py:111: UserWarning:
2025-02-22T20:57:57.2521217Z   
2025-02-22T20:57:57.2521644Z   SpectrumSolver.integrator: The FormalIntegrator is not yet available.Please run the montecarlo simulation at least once.
2025-02-22T20:57:57.2522073Z 
2025-02-22T20:57:57.2522287Z tardis/transport/montecarlo/tests/test_vpacket.py::test_trace_vpacket_volley
2025-02-22T20:57:57.2522699Z   <string>:3: NumbaPendingDeprecationWarning:
2025-02-22T20:57:57.2522953Z   
2025-02-22T20:57:57.2524129Z   [1m[1mCode using Numba extension API maybe depending on 'old_style' error-capturing, which is deprecated and will be replaced by 'new_style' in a future release. See details at https://numba.readthedocs.io/en/latest/reference/deprecation.html#deprecation-of-old-style-numba-captured-errors
2025-02-22T20:57:57.2525159Z   Exception origin:
2025-02-22T20:57:57.2525537Z     File "/home/runner/micromamba/envs/tardis/lib/python3.12/inspect.py", line 3180, in _bind
2025-02-22T20:57:57.2525963Z       raise TypeError(msg) from None
2025-02-22T20:57:57.2526218Z   [0m[0m
2025-02-22T20:57:57.2526316Z 
2025-02-22T20:57:57.2526832Z tardis/visualization/tools/tests/test_sdec_plot.py::TestSDECPlotter::test_mpl_image[plotter_generate_plot_mpl4]
2025-02-22T20:57:57.2527529Z   /home/runner/work/tardis/tardis/tardis/visualization/tools/sdec_plot.py:1225: RuntimeWarning:
2025-02-22T20:57:57.2527969Z   
2025-02-22T20:57:57.2528914Z   More than 20 figures have been opened. Figures created through the pyplot interface (`matplotlib.pyplot.figure`) are retained until explicitly closed and may consume too much memory. (To control this warning, see the rcParam `figure.max_open_warning`). Consider using `matplotlib.pyplot.close()`.
2025-02-22T20:57:57.2529845Z 
2025-02-22T20:57:57.2530317Z tardis/visualization/widgets/tests/test_custom_abundance.py::TestCustomAbundanceWidget::test_update_input_item_value
2025-02-22T20:57:57.2531120Z tardis/visualization/widgets/tests/test_custom_abundance.py::TestCustomAbundanceWidget::test_update_input_item_value
2025-02-22T20:57:57.2531901Z tardis/visualization/widgets/tests/test_custom_abundance.py::TestCustomAbundanceWidget::test_update_input_item_value
2025-02-22T20:57:57.2532672Z tardis/visualization/widgets/tests/test_custom_abundance.py::TestCustomAbundanceWidget::test_update_input_item_value
2025-02-22T20:57:57.2533455Z tardis/visualization/widgets/tests/test_custom_abundance.py::TestCustomAbundanceWidget::test_update_input_item_value
2025-02-22T20:57:57.2534221Z tardis/visualization/widgets/tests/test_custom_abundance.py::TestCustomAbundanceWidget::test_update_input_item_value
2025-02-22T20:57:57.2535002Z   /home/runner/micromamba/envs/tardis/lib/python3.12/site-packages/traitlets/traitlets.py:1385: DeprecationWarning:
2025-02-22T20:57:57.2535507Z   
2025-02-22T20:57:57.2535804Z   Passing unrecognized arguments to super(Checkbox).__init__(icon='lock').
2025-02-22T20:57:57.2536263Z   object.__init__() takes exactly one argument (the instance to initialize)
2025-02-22T20:57:57.2536938Z   This is deprecated in traitlets 4.2.This error will be raised in a future release of traitlets.
2025-02-22T20:57:57.2537271Z 
2025-02-22T20:57:57.2537627Z tardis/visualization/widgets/tests/test_custom_abundance.py::TestCustomAbundanceWidget::test_update_input_item_value
2025-02-22T20:57:57.2538520Z tardis/visualization/widgets/tests/test_custom_abundance.py::TestCustomAbundanceWidget::test_update_input_item_value
2025-02-22T20:57:57.2539334Z   /home/runner/micromamba/envs/tardis/lib/python3.12/site-packages/traitlets/traitlets.py:1385: DeprecationWarning:
2025-02-22T20:57:57.2539835Z   
2025-02-22T20:57:57.2540106Z   Passing unrecognized arguments to super(FloatText).__init__(min=0).
2025-02-22T20:57:57.2540541Z   object.__init__() takes exactly one argument (the instance to initialize)
2025-02-22T20:57:57.2541074Z   This is deprecated in traitlets 4.2.This error will be raised in a future release of traitlets.
2025-02-22T20:57:57.2541416Z 
2025-02-22T20:57:57.2541775Z tardis/visualization/widgets/tests/test_custom_abundance.py::TestCustomAbundanceWidget::test_update_input_item_value
2025-02-22T20:57:57.2542554Z   /home/runner/micromamba/envs/tardis/lib/python3.12/site-packages/traitlets/traitlets.py:1385: DeprecationWarning:
2025-02-22T20:57:57.2543050Z   
2025-02-22T20:57:57.2543312Z   Passing unrecognized arguments to super(HTML).__init__(indent=True).
2025-02-22T20:57:57.2543744Z   object.__init__() takes exactly one argument (the instance to initialize)
2025-02-22T20:57:57.2544239Z   This is deprecated in traitlets 4.2.This error will be raised in a future release of traitlets.
2025-02-22T20:57:57.2544553Z 
2025-02-22T20:57:57.2544982Z tardis/visualization/widgets/tests/test_line_info.py::TestLineInfoWidgetData::test_get_species_interactions[wavelength_range0-packet_out_nu]
2025-02-22T20:57:57.2545816Z   /home/runner/micromamba/envs/tardis/lib/python3.12/site-packages/qgridnext/grid.py:820: DeprecationWarning:
2025-02-22T20:57:57.2546293Z   
2025-02-22T20:57:57.2546811Z   QgridWidget._precision_changed is deprecated in traitlets 4.1: use @observe and @unobserve instead.
2025-02-22T20:57:57.2547168Z 
2025-02-22T20:57:57.2547424Z tardis/visualization/widgets/tests/test_shell_info.py::TestHDFShellInfo::test_shells_data
2025-02-22T20:57:57.2547970Z   /home/runner/work/tardis/tardis/tardis/io/util.py:289: PerformanceWarning:
2025-02-22T20:57:57.2548333Z   
2025-02-22T20:57:57.2548483Z   
2025-02-22T20:57:57.2548769Z   your performance may suffer as PyTables will pickle object types that it cannot
2025-02-22T20:57:57.2549310Z   map directly to c-types [inferred_type->mixed,key->block0_values] [items->Index([0], dtype='int64')]
2025-02-22T20:57:57.2549654Z 
2025-02-22T20:57:57.2549908Z tardis/visualization/widgets/tests/test_shell_info.py::TestHDFShellInfo::test_shells_data
2025-02-22T20:57:57.2550565Z   /home/runner/work/tardis/tardis/tardis/io/util.py:292: PerformanceWarning:
2025-02-22T20:57:57.2550923Z   
2025-02-22T20:57:57.2551075Z   
2025-02-22T20:57:57.2551358Z   your performance may suffer as PyTables will pickle object types that it cannot
2025-02-22T20:57:57.2551821Z   map directly to c-types [inferred_type->mixed,key->values] [items->None]
2025-02-22T20:57:57.2552082Z 
2025-02-22T20:57:57.2552353Z tardis/visualization/widgets/tests/test_shell_info.py::TestHDFShellInfo::test_shells_data
2025-02-22T20:57:57.2552939Z   /home/runner/work/tardis/tardis/tardis/spectrum/formal_integral.py:398: UserWarning:
2025-02-22T20:57:57.2553338Z   
2025-02-22T20:57:57.2553623Z   The number of interpolate_shells was not specified. The value was set to 80.
2025-02-22T20:57:57.2553901Z 
2025-02-22T20:57:57.2554090Z -- Docs: https://docs.pytest.org/en/stable/how-to/capture-warnings.html
2025-02-22T20:57:57.2554361Z 
2025-02-22T20:57:57.2554524Z ---------- coverage: platform linux, python 3.12.4-final-0 -----------
2025-02-22T20:57:57.2554898Z Coverage HTML written to dir coverage_html_report
2025-02-22T20:57:57.2555200Z Coverage XML written to file coverage.xml
2025-02-22T20:57:57.2555383Z 
2025-02-22T20:57:57.2555511Z =========================== short test summary info ============================
2025-02-22T20:57:57.2556112Z FAILED tardis/io/tests/test_model_reader.py::test_simple_read_artis_density - ValueError: not enough values to unpack (expected 4, got 3)
2025-02-22T20:57:57.2557097Z = 1 failed, 1412 passed, 357 skipped, 2 deselected, 19 xfailed, 8 xpassed, 64 warnings in 737.92s (0:12:17) =
2025-02-22T20:57:59.3932744Z ##[error]Process completed with exit code 1.
2025-02-22T20:57:59.4006958Z Post job cleanup.
2025-02-22T20:57:59.4037914Z Post job cleanup.
2025-02-22T20:57:59.5373776Z Will use pre-installed micromamba at /home/runner/micromamba-bin/micromamba
2025-02-22T20:57:59.5381041Z Removing micromamba run shell ...
2025-02-22T20:57:59.5384937Z ##[group]Deinitialize micromamba for bash
2025-02-22T20:57:59.5403444Z [command]/home/runner/micromamba-bin/micromamba shell deinit -s bash -r /home/runner/micromamba --log-level warning --rc-file /home/runner/work/_temp/setup-micromamba/.condarc
2025-02-22T20:57:59.5499969Z Resetting RC file "/home/runner/.bashrc"
2025-02-22T20:57:59.5500515Z Deleting config for root prefix 
2025-02-22T20:57:59.5501052Z Clearing mamba executable environment variable
2025-02-22T20:57:59.5503562Z Removing the following in your "/home/runner/.bashrc" file
2025-02-22T20:57:59.5504163Z # >>> mamba initialize >>>
2025-02-22T20:57:59.5504519Z ...
2025-02-22T20:57:59.5504784Z # <<< mamba initialize <<<
2025-02-22T20:57:59.5532179Z Removing mamba initialize block from .bash_profile
2025-02-22T20:57:59.5547023Z ##[endgroup]
2025-02-22T20:57:59.5551377Z Removing environment tardis from auto-activate bash ...
2025-02-22T20:57:59.5673211Z Post job cleanup.
2025-02-22T20:57:59.5730329Z Post job cleanup.
2025-02-22T20:57:59.6695743Z [command]/usr/bin/git version
2025-02-22T20:57:59.6731405Z git version 2.48.1
2025-02-22T20:57:59.6780904Z Temporarily overriding HOME='/home/runner/work/_temp/36263d30-0fa3-4eb0-b7f5-a2e739176c36' before making global git config changes
2025-02-22T20:57:59.6782273Z Adding repository directory to the temporary git global config as a safe directory
2025-02-22T20:57:59.6787337Z [command]/usr/bin/git config --global --add safe.directory /home/runner/work/tardis/tardis/tardis-regression-data
2025-02-22T20:57:59.6821658Z [command]/usr/bin/git config --local --name-only --get-regexp core\.sshCommand
2025-02-22T20:57:59.6853667Z [command]/usr/bin/git submodule foreach --recursive sh -c "git config --local --name-only --get-regexp 'core\.sshCommand' && git config --local --unset-all 'core.sshCommand' || :"
2025-02-22T20:57:59.7082859Z [command]/usr/bin/git config --local --name-only --get-regexp http\.https\:\/\/github\.com\/\.extraheader
2025-02-22T20:57:59.7102930Z http.https://github.com/.extraheader
2025-02-22T20:57:59.7115500Z [command]/usr/bin/git config --local --unset-all http.https://github.com/.extraheader
2025-02-22T20:57:59.7145915Z [command]/usr/bin/git submodule foreach --recursive sh -c "git config --local --name-only --get-regexp 'http\.https\:\/\/github\.com\/\.extraheader' && git config --local --unset-all 'http.https://github.com/.extraheader' || :"
2025-02-22T20:57:59.7484484Z Post job cleanup.
2025-02-22T20:57:59.8494104Z [command]/usr/bin/git version
2025-02-22T20:57:59.8547944Z git version 2.48.1
2025-02-22T20:57:59.8619122Z Temporarily overriding HOME='/home/runner/work/_temp/d180ecdd-6fc3-4682-8261-b855b06ddfd4' before making global git config changes
2025-02-22T20:57:59.8620679Z Adding repository directory to the temporary git global config as a safe directory
2025-02-22T20:57:59.8626730Z [command]/usr/bin/git config --global --add safe.directory /home/runner/work/tardis/tardis
2025-02-22T20:57:59.8669590Z [command]/usr/bin/git config --local --name-only --get-regexp core\.sshCommand
2025-02-22T20:57:59.8708834Z [command]/usr/bin/git submodule foreach --recursive sh -c "git config --local --name-only --get-regexp 'core\.sshCommand' && git config --local --unset-all 'core.sshCommand' || :"
2025-02-22T20:57:59.8963340Z [command]/usr/bin/git config --local --name-only --get-regexp http\.https\:\/\/github\.com\/\.extraheader
2025-02-22T20:57:59.8986820Z http.https://github.com/.extraheader
2025-02-22T20:57:59.8999572Z [command]/usr/bin/git config --local --unset-all http.https://github.com/.extraheader
2025-02-22T20:57:59.9033457Z [command]/usr/bin/git submodule foreach --recursive sh -c "git config --local --name-only --get-regexp 'http\.https\:\/\/github\.com\/\.extraheader' && git config --local --unset-all 'http.https://github.com/.extraheader' || :"
2025-02-22T20:57:59.9385199Z Cleaning up orphan processes
