2025-01-21T16:26:34.7187905Z ##[group]Run pytest tardis --tardis-regression-data=/home/runner/work/tardis/tardis/tardis-regression-data --cov=tardis --cov-report=xml --cov-report=html --cov-append -m "not continuum"
2025-01-21T16:26:34.7189213Z [36;1mpytest tardis --tardis-regression-data=/home/runner/work/tardis/tardis/tardis-regression-data --cov=tardis --cov-report=xml --cov-report=html --cov-append -m "not continuum"[0m
2025-01-21T16:26:34.7216222Z shell: /usr/bin/bash -l {0}
2025-01-21T16:26:34.7216488Z env:
2025-01-21T16:26:34.7216658Z   CACHE_NUMBER: 0
2025-01-21T16:26:34.7217273Z   PYTEST_FLAGS: --tardis-regression-data=/home/runner/work/tardis/tardis/tardis-regression-data --cov=tardis --cov-report=xml --cov-report=html --cov-append
2025-01-21T16:26:34.7217918Z   CODECOV_TOKEN: 
2025-01-21T16:26:34.7218133Z   MAMBA_ROOT_PREFIX: /home/runner/micromamba
2025-01-21T16:26:34.7218445Z   MAMBA_EXE: /home/runner/micromamba-bin/micromamba
2025-01-21T16:26:34.7218792Z   CONDARC: /home/runner/work/_temp/setup-micromamba/.condarc
2025-01-21T16:26:34.7219130Z ##[endgroup]
2025-01-21T16:26:43.0496794Z ============================= test session starts ==============================
2025-01-21T16:26:43.0497823Z platform linux -- Python 3.12.4, pytest-8.2.2, pluggy-1.5.0
2025-01-21T16:26:43.0498652Z rootdir: /home/runner/work/tardis/tardis
2025-01-21T16:26:43.0499311Z configfile: pyproject.toml
2025-01-21T16:26:43.0499979Z plugins: anyio-4.4.0, doctestplus-1.2.1, cov-5.0.0, html-4.1.1, metadata-3.1.1
2025-01-21T16:26:43.0501173Z collected 1796 items / 2 deselected / 1794 selected
2025-01-21T16:26:43.0501468Z 
2025-01-21T16:26:47.9187383Z tardis/energy_input/tests/test_energy_source.py ..xxx                    [  0%]
2025-01-21T16:26:50.5846674Z tardis/energy_input/tests/test_gamma_ray_channel.py ...........          [  0%]
2025-01-21T16:26:50.7227562Z tardis/energy_input/tests/test_gamma_ray_grid.py xxE                     [  1%]
2025-01-21T16:26:51.0834003Z tardis/energy_input/tests/test_gamma_ray_interactions.py xxE...          [  1%]
2025-01-21T16:26:51.0924353Z tardis/energy_input/tests/test_gamma_ray_packet_source.py sssssssss      [  1%]
2025-01-21T16:26:53.2334499Z tardis/energy_input/tests/test_util.py .....xxxx.....                    [  2%]
2025-01-21T16:26:53.5671715Z tardis/grid/tests/test_grid.py .                                         [  2%]
2025-01-21T16:26:53.5687766Z tardis/gui/tests/test_gui.py s                                           [  2%]
2025-01-21T16:26:57.0810100Z tardis/io/configuration/tests/test_config_reader.py ...........          [  3%]
2025-01-21T16:26:57.0936946Z tardis/io/configuration/tests/test_configuration_namespace.py .........  [  3%]
2025-01-21T16:26:57.1240231Z tardis/io/logger/tests/test_logging.py ssssssssssssssssssssssssssss      [  5%]
2025-01-21T16:27:34.4291537Z tardis/io/model/readers/tests/test_arepo_parser.py ..                    [  5%]
2025-01-21T16:27:34.4435695Z tardis/io/model/readers/tests/test_ascii_readers.py ...                  [  5%]
2025-01-21T16:27:34.4541700Z tardis/io/model/readers/tests/test_cmfgen_reader.py ..                   [  5%]
2025-01-21T16:27:34.4834249Z tardis/io/model/readers/tests/test_csvy_reader.py ....                   [  6%]
2025-01-21T16:27:34.5041667Z tardis/io/model/readers/tests/test_stella_reader.py ..                   [  6%]
2025-01-21T16:27:34.7990317Z tardis/io/tests/test_HDFWriter.py ...............                        [  7%]
2025-01-21T16:27:35.1239458Z tardis/io/tests/test_atomic.py .....                                     [  7%]
2025-01-21T16:27:35.1430052Z tardis/io/tests/test_decay.py ..                                         [  7%]
2025-01-21T16:27:35.3344265Z tardis/io/tests/test_model_reader.py ......                              [  7%]
2025-01-21T16:27:35.3409676Z tardis/model/geometry/tests/test_radial1d.py ..                          [  7%]
2025-01-21T16:28:32.3599912Z tardis/model/tests/test_base.py ........................................ [ 10%]
2025-01-21T16:28:33.3347306Z ............                                                             [ 10%]
2025-01-21T16:28:36.3358502Z tardis/model/tests/test_csvy_model.py .........                          [ 11%]
2025-01-21T16:28:36.3816708Z tardis/model/tests/test_density.py ..                                    [ 11%]
2025-01-21T16:28:37.6626820Z tardis/opacities/tests/test_opacity_solver.py .....                      [ 11%]
2025-01-21T16:28:38.9671142Z tardis/opacities/tests/test_opacity_state_numba.py .....                 [ 11%]
2025-01-21T16:28:40.6678871Z tardis/opacities/tests/test_tau_sobolev.py FF                            [ 12%]
2025-01-21T16:28:43.7793835Z tardis/plasma/equilibrium/tests/test_collisional_transitions.py ...      [ 12%]
2025-01-21T16:29:29.2635934Z tardis/plasma/equilibrium/tests/test_level_populations.py ....           [ 12%]
2025-01-21T16:29:40.8055562Z tardis/plasma/equilibrium/tests/test_rate_matrix.py .                    [ 12%]
2025-01-21T16:29:42.2125444Z tardis/plasma/tests/test_complete_plasmas.py .....................s..... [ 13%]
2025-01-21T16:29:45.1156624Z s....ssssss............s............ss.....s....ssssss............s..... [ 18%]
2025-01-21T16:29:46.8244601Z .......ss.....s....ssssss............s............ss.....s....ssssss.... [ 22%]
2025-01-21T16:29:49.6879596Z ........s............ss.....s........ss............s............ss.....s [ 26%]
2025-01-21T16:29:52.5634783Z ........ss............s............ss.....s....ssssss............s...... [ 30%]
2025-01-21T16:29:53.2967455Z ......ss.....s....ssssss............s............ss.....s.ss.ssssss..... [ 34%]
2025-01-21T16:29:56.5213460Z .......s............ss.....s....ssssss............s............ss.....s. [ 38%]
2025-01-21T16:29:59.3958681Z ...ssssss............s............ss.....s....ssssss............s....... [ 42%]
2025-01-21T16:30:02.4580047Z .....ss.....s....ssssss............s............s...........ssssss...... [ 46%]
2025-01-21T16:30:04.2847214Z ......s............s...........ssssss............s............s......... [ 50%]
2025-01-21T16:30:07.1799100Z ..ssssss............s............ss.....s....ssssss............s........ [ 54%]
2025-01-21T16:30:10.6696047Z ....ss.....s....ssssss..........................s.....s....ssss......... [ 58%]
2025-01-21T16:30:10.9939157Z ...................s.....s....ssss.......                                [ 60%]
2025-01-21T16:30:11.1079453Z tardis/plasma/tests/test_hdf_plasma.py ................................. [ 62%]
2025-01-21T16:30:11.1194332Z ......                                                                   [ 62%]
2025-01-21T16:30:11.2491691Z tardis/plasma/tests/test_nlte_excitation.py ...                          [ 62%]
2025-01-21T16:32:27.6188956Z tardis/plasma/tests/test_nlte_solver.py .....X                           [ 63%]
2025-01-21T16:32:27.6216490Z tardis/plasma/tests/test_plasma_continuum.py .                           [ 63%]
2025-01-21T16:32:51.2367664Z tardis/plasma/tests/test_plasma_vboundary.py .............               [ 63%]
2025-01-21T16:33:04.1386763Z tardis/plasma/tests/test_tardis_model_density_config.py ...              [ 64%]
2025-01-21T16:33:04.8769159Z tardis/simulation/tests/test_convergence.py .....                        [ 64%]
2025-01-21T16:33:13.4014463Z tardis/simulation/tests/test_simulation.py .............                 [ 65%]
2025-01-21T16:33:13.4207255Z tardis/spectrum/tests/test_cuda_formal_integral.py sssssssssssssssssssss [ 66%]
2025-01-21T16:33:13.9139166Z ssss...ssssssssssssssssssssss                                            [ 67%]
2025-01-21T16:33:13.9212331Z tardis/spectrum/tests/test_luminosity.py ....                            [ 68%]
2025-01-21T16:33:15.5032978Z tardis/spectrum/tests/test_numba_formal_integral.py .................... [ 69%]
2025-01-21T16:33:15.5226345Z ..........                                                               [ 69%]
2025-01-21T16:33:15.6935357Z tardis/spectrum/tests/test_spectrum.py ................................. [ 71%]
2025-01-21T16:33:15.7258944Z .........                                                                [ 72%]
2025-01-21T16:33:34.4776799Z tardis/spectrum/tests/test_spectrum_solver.py ....                       [ 72%]
2025-01-21T16:34:36.4644267Z tardis/tests/test_tardis_full.py ....                                    [ 72%]
2025-01-21T16:36:00.1191447Z tardis/tests/test_tardis_full_formal_integral.py ................        [ 73%]
2025-01-21T16:36:00.1937769Z tardis/tests/test_util.py .............................................  [ 75%]
2025-01-21T16:36:02.8246359Z tardis/transport/montecarlo/tests/test_base.py x.....................    [ 77%]
2025-01-21T16:36:10.4128932Z tardis/transport/montecarlo/tests/test_interaction.py .......            [ 77%]
2025-01-21T16:36:10.6356877Z tardis/transport/montecarlo/tests/test_macro_atom.py ....                [ 77%]
2025-01-21T16:36:10.6538377Z tardis/transport/montecarlo/tests/test_montecarlo.py sssssssssssssssssss [ 78%]
2025-01-21T16:36:10.6959664Z sssssssssssssssssssssssssssssssssssssssssssss                            [ 81%]
2025-01-21T16:36:19.5104279Z tardis/transport/montecarlo/tests/test_montecarlo_main_loop.py x..       [ 81%]
2025-01-21T16:36:19.5171446Z tardis/transport/montecarlo/tests/test_nonhomologous.py ...              [ 81%]
2025-01-21T16:36:25.7382673Z tardis/transport/montecarlo/tests/test_numba_interface.py .....x.        [ 82%]
2025-01-21T16:36:26.2275116Z tardis/transport/montecarlo/tests/test_opacities.py ...............      [ 82%]
2025-01-21T16:36:27.2707703Z tardis/transport/montecarlo/tests/test_packet.py .................xXXXXX [ 84%]
2025-01-21T16:36:27.4077049Z XX.........                                                              [ 84%]
2025-01-21T16:36:27.4358314Z tardis/transport/montecarlo/tests/test_packet_source.py ........         [ 85%]
2025-01-21T16:36:27.7492291Z tardis/transport/montecarlo/tests/test_rpacket_last_interaction_tracker.py . [ 85%]
2025-01-21T16:36:28.1714762Z .....                                                                    [ 85%]
2025-01-21T16:37:03.0465276Z tardis/transport/montecarlo/tests/test_rpacket_tracker.py ......         [ 85%]
2025-01-21T16:37:03.0750592Z tardis/transport/montecarlo/tests/test_single_packet_loop.py xxx         [ 86%]
2025-01-21T16:37:03.0782186Z tardis/transport/montecarlo/tests/test_tracker_utils.py ..               [ 86%]
2025-01-21T16:37:05.4865087Z tardis/transport/montecarlo/tests/test_vpacket.py ..x.                   [ 86%]
2025-01-21T16:37:05.5038073Z tardis/transport/montecarlo/tests/test_weighted_packet_source.py ....    [ 86%]
2025-01-21T16:37:08.9317280Z tardis/transport/montecarlo/tests/test_weighted_packet_source_integration.py . [ 86%]
2025-01-21T16:37:08.9319120Z                                                                          [ 86%]
2025-01-21T16:37:09.6779876Z tardis/transport/tests/test_doppler_factor.py ..................         [ 87%]
2025-01-21T16:37:11.0257278Z tardis/visualization/tools/tests/test_convergence_plot.py .............. [ 88%]
2025-01-21T16:37:13.2335073Z ......                                                                   [ 88%]
2025-01-21T16:37:17.8758480Z tardis/visualization/tools/tests/test_liv_plot.py ...................... [ 90%]
2025-01-21T16:37:21.0024593Z .............................                                            [ 91%]
2025-01-21T16:37:23.8345263Z tardis/visualization/tools/tests/test_rpacket_plot.py .................. [ 92%]
2025-01-21T16:37:30.8306494Z ....                                                                     [ 92%]
2025-01-21T16:37:36.7445677Z tardis/visualization/tools/tests/test_sdec_plot.py ..................... [ 94%]
2025-01-21T16:37:44.7371637Z ..............................                                           [ 95%]
2025-01-21T16:37:45.1690282Z tardis/visualization/widgets/tests/test_custom_abundance.py ........ss.. [ 96%]
2025-01-21T16:37:45.2416269Z ....                                                                     [ 96%]
2025-01-21T16:37:46.2915108Z tardis/visualization/widgets/tests/test_line_info.py ................... [ 97%]
2025-01-21T16:37:46.9261504Z ..................                                                       [ 98%]
2025-01-21T16:38:50.4621471Z tardis/visualization/widgets/tests/test_shell_info.py .................. [ 99%]
2025-01-21T16:38:56.6658772Z ......                                                                   [100%]
2025-01-21T16:38:56.6659299Z 
2025-01-21T16:38:56.6659482Z ==================================== ERRORS ====================================
2025-01-21T16:38:56.6660094Z ______________________ ERROR at setup of test_move_packet ______________________
2025-01-21T16:38:56.6660588Z 
2025-01-21T16:38:56.6661024Z     @pytest.fixture(scope="function")
2025-01-21T16:38:56.6661487Z     def basic_gamma_ray():
2025-01-21T16:38:56.6661884Z         """basic gamma ray fixture
2025-01-21T16:38:56.6662271Z     
2025-01-21T16:38:56.6662542Z         Returns
2025-01-21T16:38:56.6662849Z         -------
2025-01-21T16:38:56.6663164Z         GXPacket
2025-01-21T16:38:56.6663538Z         """
2025-01-21T16:38:56.6663785Z >       return GXPacket(
2025-01-21T16:38:56.6664179Z             location=np.array([1.36375693e13, 4.10589818e14, 9.11718168e14]),
2025-01-21T16:38:56.6664777Z             direction=np.array([-0.97113853, 0.23134328, -0.05805379]),
2025-01-21T16:38:56.6665213Z             energy_rf=1e52,
2025-01-21T16:38:56.6665508Z             energy_cmf=1e52,
2025-01-21T16:38:56.6665809Z             nu_rf=1000.0e3 / H_CGS_KEV,
2025-01-21T16:38:56.6666150Z             nu_cmf=1000.0e3 / H_CGS_KEV,
2025-01-21T16:38:56.6666516Z             status=GXPacketStatus.IN_PROCESS,
2025-01-21T16:38:56.6666878Z             shell=1,
2025-01-21T16:38:56.6667151Z             time_current=1000,
2025-01-21T16:38:56.6667443Z         )
2025-01-21T16:38:56.6667571Z 
2025-01-21T16:38:56.6667718Z tardis/energy_input/tests/conftest.py:16: 
2025-01-21T16:38:56.6668132Z _ _ _ _ _ _ _ _ _ _ _ _ _ _ _ _ _ _ _ _ _ _ _ _ _ _ _ _ _ _ _ _ _ _ _ _ _ _ _ _ 
2025-01-21T16:38:56.6668886Z ../../../micromamba/envs/tardis/lib/python3.12/site-packages/numba/experimental/jitclass/base.py:124: in __call__
2025-01-21T16:38:56.6669626Z     return cls._ctor(*bind.args[1:], **bind.kwargs)
2025-01-21T16:38:56.6670345Z ../../../micromamba/envs/tardis/lib/python3.12/site-packages/numba/core/dispatcher.py:468: in _compile_for_args
2025-01-21T16:38:56.6671214Z     error_rewrite(e, 'typing')
2025-01-21T16:38:56.6671577Z _ _ _ _ _ _ _ _ _ _ _ _ _ _ _ _ _ _ _ _ _ _ _ _ _ _ _ _ _ _ _ _ _ _ _ _ _ _ _ _ 
2025-01-21T16:38:56.6671866Z 
2025-01-21T16:38:56.6672708Z e = TypingError('Failed in nopython mode pipeline (step: nopython frontend)\n\x1b[1m\x1b[1m\x1b[1m\x1b[1mFailed in nopytho... <string> (3)\n\x1b[0m\n\x1b[1m\nFile "<string>", line 3:\x1b[0m\n\x1b[1m<source missing, REPL/exec in use?>\x1b[0m\n')
2025-01-21T16:38:56.6673830Z issue_type = 'typing'
2025-01-21T16:38:56.6674010Z 
2025-01-21T16:38:56.6674136Z     def error_rewrite(e, issue_type):
2025-01-21T16:38:56.6674474Z         """
2025-01-21T16:38:56.6674855Z         Rewrite and raise Exception `e` with help supplied based on the
2025-01-21T16:38:56.6675340Z         specified issue_type.
2025-01-21T16:38:56.6675649Z         """
2025-01-21T16:38:56.6675921Z         if config.SHOW_HELP:
2025-01-21T16:38:56.6676282Z             help_msg = errors.error_extras[issue_type]
2025-01-21T16:38:56.6676763Z             e.patch_message('\n'.join((str(e).rstrip(), help_msg)))
2025-01-21T16:38:56.6677216Z         if config.FULL_TRACEBACKS:
2025-01-21T16:38:56.6677554Z             raise e
2025-01-21T16:38:56.6677820Z         else:
2025-01-21T16:38:56.6678096Z >           raise e.with_traceback(None)
2025-01-21T16:38:56.6679039Z E           numba.core.errors.TypingError: Failed in nopython mode pipeline (step: nopython frontend)
2025-01-21T16:38:56.6680112Z E           [1m[1m[1m[1mFailed in nopython mode pipeline (step: nopython frontend)
2025-01-21T16:38:56.6682174Z E           [1m[1mCannot resolve setattr: (instance.jitclass.GXPacket#7f6d9634bbc0<location:array(float64, 1d, A),direction:array(float64, 1d, A),energy_rf:float64,energy_cmf:float64,nu_rf:float64,nu_cmf:float64,status:int64,shell:int64,time_current:float64,tau:float64>).tau_event = float64
2025-01-21T16:38:56.6683925Z E           [1m
2025-01-21T16:38:56.6684364Z E           File "tardis/energy_input/GXPacket.py", line 66:[0m
2025-01-21T16:38:56.6684851Z E           [1m    def __init__(
2025-01-21T16:38:56.6685182Z E                   <source elided>
2025-01-21T16:38:56.6685605Z E                   self.time_current = time_current
2025-01-21T16:38:56.6686277Z E           [1m        self.tau_event = -np.log(np.random.random())
2025-01-21T16:38:56.6686896Z E           [0m        [1m^[0m[0m
2025-01-21T16:38:56.6687358Z E           [0m
2025-01-21T16:38:56.6688339Z E           [0m[1mDuring: typing of set attribute 'tau_event' at /home/runner/work/tardis/tardis/tardis/energy_input/GXPacket.py (66)[0m
2025-01-21T16:38:56.6689334Z E           [1m
2025-01-21T16:38:56.6689856Z E           File "tardis/energy_input/GXPacket.py", line 66:[0m
2025-01-21T16:38:56.6690447Z E           [1m    def __init__(
2025-01-21T16:38:56.6691037Z E                   <source elided>
2025-01-21T16:38:56.6691498Z E                   self.time_current = time_current
2025-01-21T16:38:56.6692119Z E           [1m        self.tau_event = -np.log(np.random.random())
2025-01-21T16:38:56.6692622Z E           [0m        [1m^[0m[0m
2025-01-21T16:38:56.6692954Z E           
2025-01-21T16:38:56.6694529Z E           [0m[1mDuring: resolving callee type: jitclass.GXPacket#7f6d9634bbc0<location:array(float64, 1d, A),direction:array(float64, 1d, A),energy_rf:float64,energy_cmf:float64,nu_rf:float64,nu_cmf:float64,status:int64,shell:int64,time_current:float64,tau:float64>[0m
2025-01-21T16:38:56.6696073Z E           [0m[1mDuring: typing of call at <string> (3)
2025-01-21T16:38:56.6696512Z E           [0m
2025-01-21T16:38:56.6698077Z E           [0m[1mDuring: resolving callee type: jitclass.GXPacket#7f6d9634bbc0<location:array(float64, 1d, A),direction:array(float64, 1d, A),energy_rf:float64,energy_cmf:float64,nu_rf:float64,nu_cmf:float64,status:int64,shell:int64,time_current:float64,tau:float64>[0m
2025-01-21T16:38:56.6699615Z E           [0m[1mDuring: typing of call at <string> (3)
2025-01-21T16:38:56.6700051Z E           [0m
2025-01-21T16:38:56.6700348Z E           [1m
2025-01-21T16:38:56.6700858Z E           File "<string>", line 3:[0m
2025-01-21T16:38:56.6701361Z E           [1m<source missing, REPL/exec in use?>[0m
2025-01-21T16:38:56.6701660Z 
2025-01-21T16:38:56.6702098Z ../../../micromamba/envs/tardis/lib/python3.12/site-packages/numba/core/dispatcher.py:409: TypingError
2025-01-21T16:38:56.6702920Z _____________________ ERROR at setup of test_pair_creation _____________________
2025-01-21T16:38:56.6703302Z 
2025-01-21T16:38:56.6703451Z     @pytest.fixture(scope="function")
2025-01-21T16:38:56.6703831Z     def basic_gamma_ray():
2025-01-21T16:38:56.6704180Z         """basic gamma ray fixture
2025-01-21T16:38:56.6704514Z     
2025-01-21T16:38:56.6704756Z         Returns
2025-01-21T16:38:56.6705033Z         -------
2025-01-21T16:38:56.6705343Z         GXPacket
2025-01-21T16:38:56.6705653Z         """
2025-01-21T16:38:56.6705944Z >       return GXPacket(
2025-01-21T16:38:56.6706423Z             location=np.array([1.36375693e13, 4.10589818e14, 9.11718168e14]),
2025-01-21T16:38:56.6707102Z             direction=np.array([-0.97113853, 0.23134328, -0.05805379]),
2025-01-21T16:38:56.6707650Z             energy_rf=1e52,
2025-01-21T16:38:56.6708033Z             energy_cmf=1e52,
2025-01-21T16:38:56.6708427Z             nu_rf=1000.0e3 / H_CGS_KEV,
2025-01-21T16:38:56.6709158Z             nu_cmf=1000.0e3 / H_CGS_KEV,
2025-01-21T16:38:56.6709632Z             status=GXPacketStatus.IN_PROCESS,
2025-01-21T16:38:56.6710091Z             shell=1,
2025-01-21T16:38:56.6710439Z             time_current=1000,
2025-01-21T16:38:56.6711046Z         )
2025-01-21T16:38:56.6711232Z 
2025-01-21T16:38:56.6711414Z tardis/energy_input/tests/conftest.py:16: 
2025-01-21T16:38:56.6711960Z _ _ _ _ _ _ _ _ _ _ _ _ _ _ _ _ _ _ _ _ _ _ _ _ _ _ _ _ _ _ _ _ _ _ _ _ _ _ _ _ 
2025-01-21T16:38:56.6712927Z ../../../micromamba/envs/tardis/lib/python3.12/site-packages/numba/experimental/jitclass/base.py:124: in __call__
2025-01-21T16:38:56.6714158Z     return cls._ctor(*bind.args[1:], **bind.kwargs)
2025-01-21T16:38:56.6715085Z ../../../micromamba/envs/tardis/lib/python3.12/site-packages/numba/core/dispatcher.py:468: in _compile_for_args
2025-01-21T16:38:56.6715919Z     error_rewrite(e, 'typing')
2025-01-21T16:38:56.6716350Z _ _ _ _ _ _ _ _ _ _ _ _ _ _ _ _ _ _ _ _ _ _ _ _ _ _ _ _ _ _ _ _ _ _ _ _ _ _ _ _ 
2025-01-21T16:38:56.6716703Z 
2025-01-21T16:38:56.6717770Z e = TypingError('Failed in nopython mode pipeline (step: nopython frontend)\n\x1b[1m\x1b[1m\x1b[1m\x1b[1mFailed in nopytho... <string> (3)\n\x1b[0m\n\x1b[1m\nFile "<string>", line 3:\x1b[0m\n\x1b[1m<source missing, REPL/exec in use?>\x1b[0m\n')
2025-01-21T16:38:56.6719091Z issue_type = 'typing'
2025-01-21T16:38:56.6719311Z 
2025-01-21T16:38:56.6719460Z     def error_rewrite(e, issue_type):
2025-01-21T16:38:56.6719852Z         """
2025-01-21T16:38:56.6720267Z         Rewrite and raise Exception `e` with help supplied based on the
2025-01-21T16:38:56.6721054Z         specified issue_type.
2025-01-21T16:38:56.6721406Z         """
2025-01-21T16:38:56.6721695Z         if config.SHOW_HELP:
2025-01-21T16:38:56.6722107Z             help_msg = errors.error_extras[issue_type]
2025-01-21T16:38:56.6722646Z             e.patch_message('\n'.join((str(e).rstrip(), help_msg)))
2025-01-21T16:38:56.6723159Z         if config.FULL_TRACEBACKS:
2025-01-21T16:38:56.6723560Z             raise e
2025-01-21T16:38:56.6723872Z         else:
2025-01-21T16:38:56.6724182Z >           raise e.with_traceback(None)
2025-01-21T16:38:56.6724870Z E           numba.core.errors.TypingError: Failed in nopython mode pipeline (step: nopython frontend)
2025-01-21T16:38:56.6725876Z E           [1m[1m[1m[1mFailed in nopython mode pipeline (step: nopython frontend)
2025-01-21T16:38:56.6727991Z E           [1m[1mCannot resolve setattr: (instance.jitclass.GXPacket#7f6d9634bbc0<location:array(float64, 1d, A),direction:array(float64, 1d, A),energy_rf:float64,energy_cmf:float64,nu_rf:float64,nu_cmf:float64,status:int64,shell:int64,time_current:float64,tau:float64>).tau_event = float64
2025-01-21T16:38:56.6729749Z E           [1m
2025-01-21T16:38:56.6730265Z E           File "tardis/energy_input/GXPacket.py", line 66:[0m
2025-01-21T16:38:56.6731084Z E           [1m    def __init__(
2025-01-21T16:38:56.6731497Z E                   <source elided>
2025-01-21T16:38:56.6731947Z E                   self.time_current = time_current
2025-01-21T16:38:56.6732659Z E           [1m        self.tau_event = -np.log(np.random.random())
2025-01-21T16:38:56.6733259Z E           [0m        [1m^[0m[0m
2025-01-21T16:38:56.6733675Z E           [0m
2025-01-21T16:38:56.6734547Z E           [0m[1mDuring: typing of set attribute 'tau_event' at /home/runner/work/tardis/tardis/tardis/energy_input/GXPacket.py (66)[0m
2025-01-21T16:38:56.6735368Z E           [1m
2025-01-21T16:38:56.6735804Z E           File "tardis/energy_input/GXPacket.py", line 66:[0m
2025-01-21T16:38:56.6736352Z E           [1m    def __init__(
2025-01-21T16:38:56.6736731Z E                   <source elided>
2025-01-21T16:38:56.6737129Z E                   self.time_current = time_current
2025-01-21T16:38:56.6737718Z E           [1m        self.tau_event = -np.log(np.random.random())
2025-01-21T16:38:56.6738239Z E           [0m        [1m^[0m[0m
2025-01-21T16:38:56.6738596Z E           
2025-01-21T16:38:56.6740304Z E           [0m[1mDuring: resolving callee type: jitclass.GXPacket#7f6d9634bbc0<location:array(float64, 1d, A),direction:array(float64, 1d, A),energy_rf:float64,energy_cmf:float64,nu_rf:float64,nu_cmf:float64,status:int64,shell:int64,time_current:float64,tau:float64>[0m
2025-01-21T16:38:56.6742332Z E           [0m[1mDuring: typing of call at <string> (3)
2025-01-21T16:38:56.6742812Z E           [0m
2025-01-21T16:38:56.6744466Z E           [0m[1mDuring: resolving callee type: jitclass.GXPacket#7f6d9634bbc0<location:array(float64, 1d, A),direction:array(float64, 1d, A),energy_rf:float64,energy_cmf:float64,nu_rf:float64,nu_cmf:float64,status:int64,shell:int64,time_current:float64,tau:float64>[0m
2025-01-21T16:38:56.6746290Z E           [0m[1mDuring: typing of call at <string> (3)
2025-01-21T16:38:56.6746760Z E           [0m
2025-01-21T16:38:56.6747081Z E           [1m
2025-01-21T16:38:56.6747450Z E           File "<string>", line 3:[0m
2025-01-21T16:38:56.6747964Z E           [1m<source missing, REPL/exec in use?>[0m
2025-01-21T16:38:56.6748296Z 
2025-01-21T16:38:56.6748846Z ../../../micromamba/envs/tardis/lib/python3.12/site-packages/numba/core/dispatcher.py:409: TypingError
2025-01-21T16:38:56.6749594Z =================================== FAILURES ===================================
2025-01-21T16:38:56.6750222Z _____________________ test_calculate_sobolev_line_opacity ______________________
2025-01-21T16:38:56.6750616Z 
2025-01-21T16:38:56.6751183Z nb_simulation_verysimple = <tardis.simulation.base.Simulation object at 0x7f6d65e12360>
2025-01-21T16:38:56.6752130Z regression_data = <tardis.tests.fixtures.regression_data.RegressionData object at 0x7f6d8085aa50>
2025-01-21T16:38:56.6752735Z 
2025-01-21T16:38:56.6752908Z     def test_calculate_sobolev_line_opacity(
2025-01-21T16:38:56.6753415Z         nb_simulation_verysimple, regression_data
2025-01-21T16:38:56.6753824Z     ):
2025-01-21T16:38:56.6754147Z         legacy_plasma = nb_simulation_verysimple.plasma
2025-01-21T16:38:56.6754568Z     
2025-01-21T16:38:56.6754851Z         actual = calculate_sobolev_line_opacity(
2025-01-21T16:38:56.6755270Z             legacy_plasma.lines,
2025-01-21T16:38:56.6755641Z             legacy_plasma.level_number_density,
2025-01-21T16:38:56.6756056Z             legacy_plasma.time_explosion,
2025-01-21T16:38:56.6756478Z             legacy_plasma.stimulated_emission_factor,
2025-01-21T16:38:56.6756878Z         )
2025-01-21T16:38:56.6757186Z >       expected = regression_data.sync_dataframe(actual)
2025-01-21T16:38:56.6757508Z 
2025-01-21T16:38:56.6757679Z tardis/opacities/tests/test_tau_sobolev.py:21: 
2025-01-21T16:38:56.6758136Z _ _ _ _ _ _ _ _ _ _ _ _ _ _ _ _ _ _ _ _ _ _ _ _ _ _ _ _ _ _ _ _ _ _ _ _ _ _ _ _ 
2025-01-21T16:38:56.6758677Z tardis/tests/fixtures/regression_data.py:88: in sync_dataframe
2025-01-21T16:38:56.6759199Z     return pd.read_hdf(self.fpath, key=key)
2025-01-21T16:38:56.6759636Z _ _ _ _ _ _ _ _ _ _ _ _ _ _ _ _ _ _ _ _ _ _ _ _ _ _ _ _ _ _ _ _ _ _ _ _ _ _ _ _ 
2025-01-21T16:38:56.6759943Z 
2025-01-21T16:38:56.6760522Z path_or_buf = '/home/runner/work/tardis/tardis/tardis-regression-data/test_tau_sobolev/test_calculate_sobolev_line_opacity.h5'
2025-01-21T16:38:56.6761664Z key = 'data', mode = 'r', errors = 'strict', where = None, start = None
2025-01-21T16:38:56.6762286Z stop = None, columns = None, iterator = False, chunksize = None, kwargs = {}
2025-01-21T16:38:56.6762798Z exists = False
2025-01-21T16:38:56.6762956Z 
2025-01-21T16:38:56.6763065Z     def read_hdf(
2025-01-21T16:38:56.6763362Z         path_or_buf: FilePath | HDFStore,
2025-01-21T16:38:56.6763719Z         key=None,
2025-01-21T16:38:56.6764003Z         mode: str = "r",
2025-01-21T16:38:56.6764308Z         errors: str = "strict",
2025-01-21T16:38:56.6764658Z         where: str | list | None = None,
2025-01-21T16:38:56.6765009Z         start: int | None = None,
2025-01-21T16:38:56.6765346Z         stop: int | None = None,
2025-01-21T16:38:56.6765711Z         columns: list[str] | None = None,
2025-01-21T16:38:56.6766076Z         iterator: bool = False,
2025-01-21T16:38:56.6766621Z         chunksize: int | None = None,
2025-01-21T16:38:56.6766957Z         **kwargs,
2025-01-21T16:38:56.6767207Z     ):
2025-01-21T16:38:56.6767439Z         """
2025-01-21T16:38:56.6767734Z         Read from the store, close it if we opened it.
2025-01-21T16:38:56.6768131Z     
2025-01-21T16:38:56.6768501Z         Retrieve pandas object stored in file, optionally based on where
2025-01-21T16:38:56.6768991Z         criteria.
2025-01-21T16:38:56.6769252Z     
2025-01-21T16:38:56.6774717Z         .. warning::
2025-01-21T16:38:56.6775473Z     
2025-01-21T16:38:56.6775885Z            Pandas uses PyTables for reading and writing HDF5 files, which allows
2025-01-21T16:38:56.6776584Z            serializing object-dtype data with pickle when using the "fixed" format.
2025-01-21T16:38:56.6777268Z            Loading pickled data received from untrusted sources can be unsafe.
2025-01-21T16:38:56.6777752Z     
2025-01-21T16:38:56.6778139Z            See: https://docs.python.org/3/library/pickle.html for more.
2025-01-21T16:38:56.6778624Z     
2025-01-21T16:38:56.6778854Z         Parameters
2025-01-21T16:38:56.6779124Z         ----------
2025-01-21T16:38:56.6779448Z         path_or_buf : str, path object, pandas.HDFStore
2025-01-21T16:38:56.6780019Z             Any valid string path is acceptable. Only supports the local file system,
2025-01-21T16:38:56.6780630Z             remote URLs and file-like objects are not supported.
2025-01-21T16:38:56.6781260Z     
2025-01-21T16:38:56.6781602Z             If you want to pass in a path object, pandas accepts any
2025-01-21T16:38:56.6782087Z             ``os.PathLike``.
2025-01-21T16:38:56.6782395Z     
2025-01-21T16:38:56.6782824Z             Alternatively, pandas accepts an open :class:`pandas.HDFStore` object.
2025-01-21T16:38:56.6783350Z     
2025-01-21T16:38:56.6783601Z         key : object, optional
2025-01-21T16:38:56.6784072Z             The group identifier in the store. Can be omitted if the HDF file
2025-01-21T16:38:56.6784593Z             contains a single pandas object.
2025-01-21T16:38:56.6785002Z         mode : {'r', 'r+', 'a'}, default 'r'
2025-01-21T16:38:56.6785463Z             Mode to use when opening the file. Ignored if path_or_buf is a
2025-01-21T16:38:56.6785971Z             :class:`pandas.HDFStore`. Default is 'r'.
2025-01-21T16:38:56.6786389Z         errors : str, default 'strict'
2025-01-21T16:38:56.6786880Z             Specifies how encoding and decoding errors are to be handled.
2025-01-21T16:38:56.6787471Z             See the errors argument for :func:`open` for a full list
2025-01-21T16:38:56.6787920Z             of options.
2025-01-21T16:38:56.6788218Z         where : list, optional
2025-01-21T16:38:56.6788579Z             A list of Term (or convertible) objects.
2025-01-21T16:38:56.6788974Z         start : int, optional
2025-01-21T16:38:56.6789325Z             Row number to start selection.
2025-01-21T16:38:56.6789699Z         stop  : int, optional
2025-01-21T16:38:56.6790038Z             Row number to stop selection.
2025-01-21T16:38:56.6790426Z         columns : list, optional
2025-01-21T16:38:56.6791180Z             A list of columns names to return.
2025-01-21T16:38:56.6791596Z         iterator : bool, optional
2025-01-21T16:38:56.6791911Z             Return an iterator object.
2025-01-21T16:38:56.6792229Z         chunksize : int, optional
2025-01-21T16:38:56.6792622Z             Number of rows to include in an iteration when using an iterator.
2025-01-21T16:38:56.6793033Z         **kwargs
2025-01-21T16:38:56.6793330Z             Additional keyword arguments passed to HDFStore.
2025-01-21T16:38:56.6793703Z     
2025-01-21T16:38:56.6793903Z         Returns
2025-01-21T16:38:56.6794128Z         -------
2025-01-21T16:38:56.6794348Z         object
2025-01-21T16:38:56.6794675Z             The selected object. Return type depends on the object stored.
2025-01-21T16:38:56.6795075Z     
2025-01-21T16:38:56.6795272Z         See Also
2025-01-21T16:38:56.6795497Z         --------
2025-01-21T16:38:56.6795796Z         DataFrame.to_hdf : Write a HDF file from a DataFrame.
2025-01-21T16:38:56.6796400Z         HDFStore : Low-level access to HDF files.
2025-01-21T16:38:56.6796726Z     
2025-01-21T16:38:56.6796926Z         Examples
2025-01-21T16:38:56.6797149Z         --------
2025-01-21T16:38:56.6797488Z         >>> df = pd.DataFrame([[1, 1.0, 'a']], columns=['x', 'y', 'z'])  # doctest: +SKIP
2025-01-21T16:38:56.6797952Z         >>> df.to_hdf('./store.h5', 'data')  # doctest: +SKIP
2025-01-21T16:38:56.6798357Z         >>> reread = pd.read_hdf('./store.h5')  # doctest: +SKIP
2025-01-21T16:38:56.6798860Z         """
2025-01-21T16:38:56.6799089Z         if mode not in ["r", "r+", "a"]:
2025-01-21T16:38:56.6799399Z             raise ValueError(
2025-01-21T16:38:56.6799745Z                 f"mode {mode} is not allowed while performing a read. "
2025-01-21T16:38:56.6800148Z                 f"Allowed modes are r, r+ and a."
2025-01-21T16:38:56.6800466Z             )
2025-01-21T16:38:56.6800806Z         # grab the scope
2025-01-21T16:38:56.6801074Z         if where is not None:
2025-01-21T16:38:56.6801393Z             where = _ensure_term(where, scope_level=1)
2025-01-21T16:38:56.6801717Z     
2025-01-21T16:38:56.6801987Z         if isinstance(path_or_buf, HDFStore):
2025-01-21T16:38:56.6802326Z             if not path_or_buf.is_open:
2025-01-21T16:38:56.6802707Z                 raise OSError("The HDFStore must be open for reading.")
2025-01-21T16:38:56.6803078Z     
2025-01-21T16:38:56.6803293Z             store = path_or_buf
2025-01-21T16:38:56.6803572Z             auto_close = False
2025-01-21T16:38:56.6803845Z         else:
2025-01-21T16:38:56.6804103Z             path_or_buf = stringify_path(path_or_buf)
2025-01-21T16:38:56.6804464Z             if not isinstance(path_or_buf, str):
2025-01-21T16:38:56.6804813Z                 raise NotImplementedError(
2025-01-21T16:38:56.6805207Z                     "Support for generic buffers has not been implemented."
2025-01-21T16:38:56.6805591Z                 )
2025-01-21T16:38:56.6805813Z             try:
2025-01-21T16:38:56.6806078Z                 exists = os.path.exists(path_or_buf)
2025-01-21T16:38:56.6806322Z     
2025-01-21T16:38:56.6806492Z             # if filepath is too long
2025-01-21T16:38:56.6806746Z             except (TypeError, ValueError):
2025-01-21T16:38:56.6806986Z                 exists = False
2025-01-21T16:38:56.6807187Z     
2025-01-21T16:38:56.6807346Z             if not exists:
2025-01-21T16:38:56.6807628Z >               raise FileNotFoundError(f"File {path_or_buf} does not exist")
2025-01-21T16:38:56.6808337Z E               FileNotFoundError: File /home/runner/work/tardis/tardis/tardis-regression-data/test_tau_sobolev/test_calculate_sobolev_line_opacity.h5 does not exist
2025-01-21T16:38:56.6808895Z 
2025-01-21T16:38:56.6809197Z ../../../micromamba/envs/tardis/lib/python3.12/site-packages/pandas/io/pytables.py:424: FileNotFoundError
2025-01-21T16:38:56.6809720Z ---------------------------- Captured stdout setup -----------------------------
2025-01-21T16:38:56.6810271Z [[1mtardis.io.model.parse_density_configuration[0m][[1;33mWARNING[0m]  
2025-01-21T16:38:56.6811242Z 	Number of density points larger than number of shells. Assuming inner point irrelevant ([1mparse_density_configuration.py[0m:114)
2025-01-21T16:38:56.6811840Z ---------------------------- Captured stderr setup -----------------------------
2025-01-21T16:38:56.6812074Z 
2025-01-21T16:38:56.6812403Z Iterations:â–ˆâ–ˆâ–ˆâ–ˆâ–ˆâ–ˆâ–ˆâ–ˆâ–ˆâ–ˆâ–ˆâ–ˆâ–ˆâ–ˆâ–ˆâ–ˆâ–ˆâ–ˆâ–ˆâ–ˆâ–ˆâ–ˆâ–ˆâ–ˆâ–ˆâ–ˆâ–ˆâ–ˆâ–ˆâ–ˆâ–ˆâ–ˆâ–ˆâ–ˆâ–ˆâ–ˆâ–ˆâ–ˆâ–ˆâ–ˆâ–ˆâ–ˆâ–ˆâ–ˆâ–ˆâ–ˆâ–ˆâ–ˆâ–ˆâ–ˆâ–ˆâ–ˆâ–ˆâ–ˆâ–ˆâ–ˆâ–ˆâ–ˆâ–ˆâ–ˆâ–ˆâ–ˆâ–ˆâ–ˆ                4/5 [00:11<00:02,  2.65s/it]
2025-01-21T16:38:56.6812677Z 
2025-01-21T16:38:56.6812907Z Packets:                                                                                   4030/? [00:11<00:00, 33938.82it/s][A
2025-01-21T16:38:56.6813284Z ------------------------------ Captured log setup ------------------------------
2025-01-21T16:38:56.6814003Z WARNING  tardis.io.model.parse_density_configuration:parse_density_configuration.py:114 Number of density points larger than number of shells. Assuming inner point irrelevant
2025-01-21T16:38:56.6814729Z _________________________ test_calculate_beta_sobolevs _________________________
2025-01-21T16:38:56.6815119Z 
2025-01-21T16:38:56.6815357Z nb_simulation_verysimple = <tardis.simulation.base.Simulation object at 0x7f6d65e12360>
2025-01-21T16:38:56.6815941Z regression_data = <tardis.tests.fixtures.regression_data.RegressionData object at 0x7f6d8085a7b0>
2025-01-21T16:38:56.6816292Z 
2025-01-21T16:38:56.6816489Z     def test_calculate_beta_sobolevs(nb_simulation_verysimple, regression_data):
2025-01-21T16:38:56.6816891Z         legacy_plasma = nb_simulation_verysimple.plasma
2025-01-21T16:38:56.6817374Z     
2025-01-21T16:38:56.6817573Z         tau_sobolevs = calculate_sobolev_line_opacity(
2025-01-21T16:38:56.6817853Z             legacy_plasma.lines,
2025-01-21T16:38:56.6818100Z             legacy_plasma.level_number_density,
2025-01-21T16:38:56.6818368Z             legacy_plasma.time_explosion,
2025-01-21T16:38:56.6818644Z             legacy_plasma.stimulated_emission_factor,
2025-01-21T16:38:56.6818899Z         )
2025-01-21T16:38:56.6819103Z         actual = calculate_beta_sobolev(tau_sobolevs)
2025-01-21T16:38:56.6819402Z >       expected = regression_data.sync_ndarray(actual)
2025-01-21T16:38:56.6819600Z 
2025-01-21T16:38:56.6819712Z tardis/opacities/tests/test_tau_sobolev.py:35: 
2025-01-21T16:38:56.6820013Z _ _ _ _ _ _ _ _ _ _ _ _ _ _ _ _ _ _ _ _ _ _ _ _ _ _ _ _ _ _ _ _ _ _ _ _ _ _ _ _ 
2025-01-21T16:38:56.6820373Z tardis/tests/fixtures/regression_data.py:111: in sync_ndarray
2025-01-21T16:38:56.6820898Z     return np.load(self.fpath)
2025-01-21T16:38:56.6821163Z _ _ _ _ _ _ _ _ _ _ _ _ _ _ _ _ _ _ _ _ _ _ _ _ _ _ _ _ _ _ _ _ _ _ _ _ _ _ _ _ 
2025-01-21T16:38:56.6821360Z 
2025-01-21T16:38:56.6821736Z file = PosixPath('/home/runner/work/tardis/tardis/tardis-regression-data/test_tau_sobolev/test_calculate_beta_sobolevs.npy')
2025-01-21T16:38:56.6822380Z mmap_mode = None, allow_pickle = False, fix_imports = True, encoding = 'ASCII'
2025-01-21T16:38:56.6822647Z 
2025-01-21T16:38:56.6822728Z     @set_module('numpy')
2025-01-21T16:38:56.6823022Z     def load(file, mmap_mode=None, allow_pickle=False, fix_imports=True,
2025-01-21T16:38:56.6823413Z              encoding='ASCII', *, max_header_size=format._MAX_HEADER_SIZE):
2025-01-21T16:38:56.6823712Z         """
2025-01-21T16:38:56.6823982Z         Load arrays or pickled objects from ``.npy``, ``.npz`` or pickled files.
2025-01-21T16:38:56.6824319Z     
2025-01-21T16:38:56.6824597Z         .. warning:: Loading files that contain object arrays uses the ``pickle``
2025-01-21T16:38:56.6825004Z                      module, which is not secure against erroneous or maliciously
2025-01-21T16:38:56.6825389Z                      constructed data. Consider passing ``allow_pickle=False`` to
2025-01-21T16:38:56.6825770Z                      load data that is known not to contain object arrays for the
2025-01-21T16:38:56.6826093Z                      safer handling of untrusted sources.
2025-01-21T16:38:56.6826343Z     
2025-01-21T16:38:56.6826500Z         Parameters
2025-01-21T16:38:56.6826693Z         ----------
2025-01-21T16:38:56.6826917Z         file : file-like object, string, or pathlib.Path
2025-01-21T16:38:56.6827240Z             The file to read. File-like objects must support the
2025-01-21T16:38:56.6827561Z             ``seek()`` and ``read()`` methods and must always
2025-01-21T16:38:56.6827892Z             be opened in binary mode.  Pickled files require that the
2025-01-21T16:38:56.6828257Z             file-like object support the ``readline()`` method as well.
2025-01-21T16:38:56.6828600Z         mmap_mode : {None, 'r+', 'r', 'w+', 'c'}, optional
2025-01-21T16:38:56.6828946Z             If not None, then memory-map the file, using the given mode (see
2025-01-21T16:38:56.6829327Z             `numpy.memmap` for a detailed description of the modes).  A
2025-01-21T16:38:56.6829714Z             memory-mapped array is kept on disk. However, it can be accessed
2025-01-21T16:38:56.6830112Z             and sliced like any ndarray.  Memory mapping is especially useful
2025-01-21T16:38:56.6830635Z             for accessing small fragments of large files without reading the
2025-01-21T16:38:56.6831096Z             entire file into memory.
2025-01-21T16:38:56.6831340Z         allow_pickle : bool, optional
2025-01-21T16:38:56.6831667Z             Allow loading pickled object arrays stored in npy files. Reasons for
2025-01-21T16:38:56.6832091Z             disallowing pickles include security, as loading pickled data can
2025-01-21T16:38:56.6832501Z             execute arbitrary code. If pickles are disallowed, loading object
2025-01-21T16:38:56.6832978Z             arrays will fail. Default: False
2025-01-21T16:38:56.6833211Z     
2025-01-21T16:38:56.6833395Z             .. versionchanged:: 1.16.3
2025-01-21T16:38:56.6833674Z                 Made default False in response to CVE-2019-6446.
2025-01-21T16:38:56.6833943Z     
2025-01-21T16:38:56.6834108Z         fix_imports : bool, optional
2025-01-21T16:38:56.6834441Z             Only useful when loading Python 2 generated pickled files on Python 3,
2025-01-21T16:38:56.6834892Z             which includes npy/npz files containing object arrays. If `fix_imports`
2025-01-21T16:38:56.6835316Z             is True, pickle will try to map the old Python 2 names to the new names
2025-01-21T16:38:56.6835655Z             used in Python 3.
2025-01-21T16:38:56.6835882Z         encoding : str, optional
2025-01-21T16:38:56.6836190Z             What encoding to use when reading Python 2 strings. Only useful when
2025-01-21T16:38:56.6836605Z             loading Python 2 generated pickled files in Python 3, which includes
2025-01-21T16:38:56.6837027Z             npy/npz files containing object arrays. Values other than 'latin1',
2025-01-21T16:38:56.6837426Z             'ASCII', and 'bytes' are not allowed, as they can corrupt numerical
2025-01-21T16:38:56.6837744Z             data. Default: 'ASCII'
2025-01-21T16:38:56.6837982Z         max_header_size : int, optional
2025-01-21T16:38:56.6838300Z             Maximum allowed size of the header.  Large headers may not be safe
2025-01-21T16:38:56.6838709Z             to load securely and thus require explicitly passing a larger value.
2025-01-21T16:38:56.6839064Z             See :py:func:`ast.literal_eval()` for details.
2025-01-21T16:38:56.6839411Z             This option is ignored when `allow_pickle` is passed.  In that case
2025-01-21T16:38:56.6839801Z             the file is by definition trusted and the limit is unnecessary.
2025-01-21T16:38:56.6840100Z     
2025-01-21T16:38:56.6840254Z         Returns
2025-01-21T16:38:56.6840429Z         -------
2025-01-21T16:38:56.6840628Z         result : array, tuple, dict, etc.
2025-01-21T16:38:56.6841050Z             Data stored in the file. For ``.npz`` files, the returned instance
2025-01-21T16:38:56.6841446Z             of NpzFile class must be closed to avoid leaking file descriptors.
2025-01-21T16:38:56.6841752Z     
2025-01-21T16:38:56.6841905Z         Raises
2025-01-21T16:38:56.6842076Z         ------
2025-01-21T16:38:56.6842244Z         OSError
2025-01-21T16:38:56.6842471Z             If the input file does not exist or cannot be read.
2025-01-21T16:38:56.6842750Z         UnpicklingError
2025-01-21T16:38:56.6843030Z             If ``allow_pickle=True``, but the file cannot be loaded as a pickle.
2025-01-21T16:38:56.6843338Z         ValueError
2025-01-21T16:38:56.6843606Z             The file contains an object array, but ``allow_pickle=False`` given.
2025-01-21T16:38:56.6843922Z         EOFError
2025-01-21T16:38:56.6844179Z             When calling ``np.load`` multiple times on the same file handle,
2025-01-21T16:38:56.6844515Z             if all data has already been read
2025-01-21T16:38:56.6844755Z     
2025-01-21T16:38:56.6844911Z         See Also
2025-01-21T16:38:56.6845089Z         --------
2025-01-21T16:38:56.6845291Z         save, savez, savez_compressed, loadtxt
2025-01-21T16:38:56.6845634Z         memmap : Create a memory-map to an array stored in a file on disk.
2025-01-21T16:38:56.6846055Z         lib.format.open_memmap : Create or load a memory-mapped ``.npy`` file.
2025-01-21T16:38:56.6846506Z     
2025-01-21T16:38:56.6846660Z         Notes
2025-01-21T16:38:56.6846826Z         -----
2025-01-21T16:38:56.6847076Z         - If the file contains pickle data, then whatever object is stored
2025-01-21T16:38:56.6847396Z           in the pickle is returned.
2025-01-21T16:38:56.6847688Z         - If the file is a ``.npy`` file, then a single array is returned.
2025-01-21T16:38:56.6848043Z         - If the file is a ``.npz`` file, then a dictionary-like object is
2025-01-21T16:38:56.6848433Z           returned, containing ``{filename: array}`` key-value pairs, one for
2025-01-21T16:38:56.6848923Z           each file in the archive.
2025-01-21T16:38:56.6849222Z         - If the file is a ``.npz`` file, the returned value supports the
2025-01-21T16:38:56.6849623Z           context manager protocol in a similar fashion to the open function::
2025-01-21T16:38:56.6849949Z     
2025-01-21T16:38:56.6850118Z             with load('foo.npz') as data:
2025-01-21T16:38:56.6850356Z                 a = data['a']
2025-01-21T16:38:56.6850565Z     
2025-01-21T16:38:56.6850909Z           The underlying file descriptor is closed when exiting the 'with'
2025-01-21T16:38:56.6851225Z           block.
2025-01-21T16:38:56.6851399Z     
2025-01-21T16:38:56.6851553Z         Examples
2025-01-21T16:38:56.6851728Z         --------
2025-01-21T16:38:56.6851924Z         Store data to disk, and load it again:
2025-01-21T16:38:56.6852161Z     
2025-01-21T16:38:56.6852365Z         >>> np.save('/tmp/123', np.array([[1, 2, 3], [4, 5, 6]]))
2025-01-21T16:38:56.6852653Z         >>> np.load('/tmp/123.npy')
2025-01-21T16:38:56.6852881Z         array([[1, 2, 3],
2025-01-21T16:38:56.6853081Z                [4, 5, 6]])
2025-01-21T16:38:56.6853271Z     
2025-01-21T16:38:56.6853468Z         Store compressed data to disk, and load it again:
2025-01-21T16:38:56.6853733Z     
2025-01-21T16:38:56.6853906Z         >>> a=np.array([[1, 2, 3], [4, 5, 6]])
2025-01-21T16:38:56.6854148Z         >>> b=np.array([1, 2])
2025-01-21T16:38:56.6854384Z         >>> np.savez('/tmp/123.npz', a=a, b=b)
2025-01-21T16:38:56.6854636Z         >>> data = np.load('/tmp/123.npz')
2025-01-21T16:38:56.6854869Z         >>> data['a']
2025-01-21T16:38:56.6855058Z         array([[1, 2, 3],
2025-01-21T16:38:56.6855248Z                [4, 5, 6]])
2025-01-21T16:38:56.6855440Z         >>> data['b']
2025-01-21T16:38:56.6855623Z         array([1, 2])
2025-01-21T16:38:56.6855816Z         >>> data.close()
2025-01-21T16:38:56.6856008Z     
2025-01-21T16:38:56.6856227Z         Mem-map the stored array, and then access the second row
2025-01-21T16:38:56.6856530Z         directly from disk:
2025-01-21T16:38:56.6856733Z     
2025-01-21T16:38:56.6856917Z         >>> X = np.load('/tmp/123.npy', mmap_mode='r')
2025-01-21T16:38:56.6857169Z         >>> X[1, :]
2025-01-21T16:38:56.6857353Z         memmap([4, 5, 6])
2025-01-21T16:38:56.6857550Z     
2025-01-21T16:38:56.6857701Z         """
2025-01-21T16:38:56.6857906Z         if encoding not in ('ASCII', 'latin1', 'bytes'):
2025-01-21T16:38:56.6858246Z             # The 'encoding' value for pickle also affects what encoding
2025-01-21T16:38:56.6858603Z             # the serialized binary data of NumPy arrays is loaded
2025-01-21T16:38:56.6858946Z             # in. Pickle does not pass on the encoding information to
2025-01-21T16:38:56.6859297Z             # NumPy. The unpickling code in numpy.core.multiarray is
2025-01-21T16:38:56.6859655Z             # written to assume that unicode data appearing where binary
2025-01-21T16:38:56.6860021Z             # should be is in 'latin1'. 'bytes' is also safe, as is 'ASCII'.
2025-01-21T16:38:56.6860316Z             #
2025-01-21T16:38:56.6860545Z             # Other encoding values can corrupt binary data, and we
2025-01-21T16:38:56.6861007Z             # purposefully disallow them. For the same reason, the errors=
2025-01-21T16:38:56.6861372Z             # argument is not exposed, as values other than 'strict'
2025-01-21T16:38:56.6861708Z             # result can similarly silently corrupt numerical data.
2025-01-21T16:38:56.6862204Z             raise ValueError("encoding must be 'ASCII', 'latin1', or 'bytes'")
2025-01-21T16:38:56.6862520Z     
2025-01-21T16:38:56.6862758Z         pickle_kwargs = dict(encoding=encoding, fix_imports=fix_imports)
2025-01-21T16:38:56.6863060Z     
2025-01-21T16:38:56.6863240Z         with contextlib.ExitStack() as stack:
2025-01-21T16:38:56.6863499Z             if hasattr(file, 'read'):
2025-01-21T16:38:56.6863730Z                 fid = file
2025-01-21T16:38:56.6863935Z                 own_fid = False
2025-01-21T16:38:56.6864264Z             else:
2025-01-21T16:38:56.6864501Z >               fid = stack.enter_context(open(os_fspath(file), "rb"))
2025-01-21T16:38:56.6865201Z E               FileNotFoundError: [Errno 2] No such file or directory: '/home/runner/work/tardis/tardis/tardis-regression-data/test_tau_sobolev/test_calculate_beta_sobolevs.npy'
2025-01-21T16:38:56.6865772Z 
2025-01-21T16:38:56.6866048Z ../../../micromamba/envs/tardis/lib/python3.12/site-packages/numpy/lib/npyio.py:427: FileNotFoundError
2025-01-21T16:38:56.6866525Z =============================== warnings summary ===============================
2025-01-21T16:38:56.6866835Z tardis/io/configuration/config_validator.py:6
2025-01-21T16:38:56.6867125Z tardis/io/configuration/config_validator.py:6
2025-01-21T16:38:56.6867604Z   /home/runner/work/tardis/tardis/tardis/io/configuration/config_validator.py:6: DeprecationWarning:
2025-01-21T16:38:56.6868057Z   
2025-01-21T16:38:56.6869252Z   jsonschema.RefResolver is deprecated as of v4.18.0, in favor of the https://github.com/python-jsonschema/referencing library, which provides more compliant referencing behavior as well as more flexible APIs for customization. A future release will remove RefResolver. Please file a feature request (on referencing) if you are missing an API for the kind of customization you need.
2025-01-21T16:38:56.6870434Z 
2025-01-21T16:38:56.6870668Z ../../../micromamba/envs/tardis/lib/python3.12/site-packages/jupyter_client/connect.py:22
2025-01-21T16:38:56.6871441Z   /home/runner/micromamba/envs/tardis/lib/python3.12/site-packages/jupyter_client/connect.py:22: DeprecationWarning:
2025-01-21T16:38:56.6871939Z   
2025-01-21T16:38:56.6872182Z   Jupyter is migrating its paths to use standard platformdirs
2025-01-21T16:38:56.6872565Z   given by the platformdirs library.  To remove this warning and
2025-01-21T16:38:56.6872957Z   see the appropriate new directories, set the environment variable
2025-01-21T16:38:56.6873336Z   `JUPYTER_PLATFORM_DIRS=1` and then run `jupyter --paths`.
2025-01-21T16:38:56.6873711Z   The use of platformdirs will be the default in `jupyter_core` v6
2025-01-21T16:38:56.6873944Z 
2025-01-21T16:38:56.6874094Z tardis/io/tests/test_HDFWriter.py::test_multi_index_write
2025-01-21T16:38:56.6874563Z tardis/visualization/widgets/tests/test_shell_info.py::TestHDFShellInfo::test_shells_data
2025-01-21T16:38:56.6875104Z   /home/runner/work/tardis/tardis/tardis/io/util.py:276: PerformanceWarning:
2025-01-21T16:38:56.6875458Z   
2025-01-21T16:38:56.6875612Z   
2025-01-21T16:38:56.6875894Z   your performance may suffer as PyTables will pickle object types that it cannot
2025-01-21T16:38:56.6876435Z   map directly to c-types [inferred_type->mixed,key->block0_values] [items->Index([0], dtype='int64')]
2025-01-21T16:38:56.6876773Z 
2025-01-21T16:38:56.6876963Z tardis/io/tests/test_model_reader.py::test_read_cmfgen_isotope_abundances
2025-01-21T16:38:56.6877444Z tardis/plasma/tests/test_tardis_model_density_config.py::test_electron_densities
2025-01-21T16:38:56.6877967Z tardis/plasma/tests/test_tardis_model_density_config.py::test_isotope_number_densities
2025-01-21T16:38:56.6878457Z tardis/plasma/tests/test_tardis_model_density_config.py::test_t_rad
2025-01-21T16:38:56.6879012Z   /home/runner/work/tardis/tardis/tardis/io/model/readers/cmfgen_deprecated.py:82: DeprecationWarning:
2025-01-21T16:38:56.6879471Z   
2025-01-21T16:38:56.6879665Z   The current CMFGEN model parser is deprecated
2025-01-21T16:38:56.6879853Z 
2025-01-21T16:38:56.6880089Z tardis/io/tests/test_model_reader.py: 1 warning
2025-01-21T16:38:56.6880440Z tardis/plasma/tests/test_tardis_model_density_config.py: 9 warnings
2025-01-21T16:38:56.6881132Z   /home/runner/work/tardis/tardis/tardis/io/model/readers/cmfgen_deprecated.py:40: DeprecationWarning:
2025-01-21T16:38:56.6881579Z   
2025-01-21T16:38:56.6881763Z   The current CMFGEN model parser is deprecated
2025-01-21T16:38:56.6881943Z 
2025-01-21T16:38:56.6882149Z tardis/model/tests/test_base.py::TestModelFromPaper1Config::test_abundances
2025-01-21T16:38:56.6882786Z   /home/runner/work/tardis/tardis/tardis/transport/montecarlo/montecarlo_main_loop.py:123: NumbaTypeSafetyWarning:
2025-01-21T16:38:56.6883430Z   
2025-01-21T16:38:56.6883774Z   [1m[1m[1munsafe cast from uint64 to int64. Precision may be lost.[0m[0m[0m
2025-01-21T16:38:56.6884037Z 
2025-01-21T16:38:56.6884135Z tardis/model/tests/test_base.py: 6 warnings
2025-01-21T16:38:56.6884425Z tardis/model/tests/test_csvy_model.py: 2 warnings
2025-01-21T16:38:56.6884784Z tardis/plasma/tests/test_tardis_model_density_config.py: 3 warnings
2025-01-21T16:38:56.6885295Z   /home/runner/work/tardis/tardis/tardis/model/geometry/radial1d.py:50: DeprecationWarning:
2025-01-21T16:38:56.6885710Z   
2025-01-21T16:38:56.6885893Z   v_inner_boundary < 0, assuming default value
2025-01-21T16:38:56.6886079Z 
2025-01-21T16:38:56.6886174Z tardis/model/tests/test_base.py: 6 warnings
2025-01-21T16:38:56.6886464Z tardis/model/tests/test_csvy_model.py: 2 warnings
2025-01-21T16:38:56.6886820Z tardis/plasma/tests/test_tardis_model_density_config.py: 3 warnings
2025-01-21T16:38:56.6887331Z   /home/runner/work/tardis/tardis/tardis/model/geometry/radial1d.py:61: DeprecationWarning:
2025-01-21T16:38:56.6887738Z   
2025-01-21T16:38:56.6887919Z   v_outer_boundary < 0, assuming default value
2025-01-21T16:38:56.6888096Z 
2025-01-21T16:38:56.6888551Z tardis/plasma/equilibrium/tests/test_level_populations.py::TestLevelPopulationSolver::test_solve[collisional_rate_solver0-radiative_transitions0]
2025-01-21T16:38:56.6889371Z   /home/runner/work/tardis/tardis/tardis/plasma/equilibrium/level_populations.py:65: FutureWarning:
2025-01-21T16:38:56.6889819Z   
2025-01-21T16:38:56.6890177Z   A value is trying to be set on a copy of a DataFrame or Series through chained assignment using an inplace method.
2025-01-21T16:38:56.6891073Z   The behavior will change in pandas 3.0. This inplace method will never work because the intermediate object on which we are setting values always behaves as a copy.
2025-01-21T16:38:56.6891663Z   
2025-01-21T16:38:56.6892268Z   For example, when doing 'df[col].method(value, inplace=True)', try using 'df.method({col: value}, inplace=True)' or df[col] = df[col].method(value) instead, to perform the operation inplace on the original object.
2025-01-21T16:38:56.6892869Z 
2025-01-21T16:38:56.6893014Z tardis/plasma/tests/test_complete_plasmas.py: 20 warnings
2025-01-21T16:38:56.6893519Z   /home/runner/work/tardis/tardis/tardis/plasma/tests/test_complete_plasmas.py:197: UserWarning:
2025-01-21T16:38:56.6893965Z   
2025-01-21T16:38:56.6894139Z   Property "atomic_mass" not found
2025-01-21T16:38:56.6894297Z 
2025-01-21T16:38:56.6894732Z tardis/plasma/tests/test_complete_plasmas.py::TestPlasma::test_plasma_properties[radiative_rates_type:detailed-w_epsilon:1e-10-j_blues_norm_factor]
2025-01-21T16:38:56.6895611Z tardis/plasma/tests/test_complete_plasmas.py::TestPlasma::test_plasma_properties[radiative_rates_type:detailed-j_blues_norm_factor]
2025-01-21T16:38:56.6896336Z   /home/runner/work/tardis/tardis/tardis/plasma/tests/test_complete_plasmas.py:197: UserWarning:
2025-01-21T16:38:56.6896766Z   
2025-01-21T16:38:56.6896946Z   Property "j_blues_norm_factor" not found
2025-01-21T16:38:56.6897121Z 
2025-01-21T16:38:56.6897540Z tardis/plasma/tests/test_complete_plasmas.py::TestPlasma::test_plasma_properties[radiative_rates_type:detailed-w_epsilon:1e-10-j_blue_estimator]
2025-01-21T16:38:56.6898394Z tardis/plasma/tests/test_complete_plasmas.py::TestPlasma::test_plasma_properties[radiative_rates_type:detailed-j_blue_estimator]
2025-01-21T16:38:56.6899238Z   /home/runner/work/tardis/tardis/tardis/plasma/tests/test_complete_plasmas.py:197: UserWarning:
2025-01-21T16:38:56.6899657Z   
2025-01-21T16:38:56.6899831Z   Property "j_blue_estimator" not found
2025-01-21T16:38:56.6900003Z 
2025-01-21T16:38:56.6900387Z tardis/plasma/tests/test_complete_plasmas.py::TestPlasma::test_plasma_properties[radiative_rates_type:detailed-w_epsilon:1e-10-volume]
2025-01-21T16:38:56.6901281Z tardis/plasma/tests/test_complete_plasmas.py::TestPlasma::test_plasma_properties[radiative_rates_type:detailed-volume]
2025-01-21T16:38:56.6902099Z   /home/runner/work/tardis/tardis/tardis/plasma/tests/test_complete_plasmas.py:197: UserWarning:
2025-01-21T16:38:56.6902517Z   
2025-01-21T16:38:56.6902682Z   Property "volume" not found
2025-01-21T16:38:56.6902832Z 
2025-01-21T16:38:56.6903219Z tardis/plasma/tests/test_complete_plasmas.py::TestPlasma::test_plasma_properties[radiative_rates_type:detailed-w_epsilon:1e-10-r_inner]
2025-01-21T16:38:56.6904047Z tardis/plasma/tests/test_complete_plasmas.py::TestPlasma::test_plasma_properties[radiative_rates_type:detailed-r_inner]
2025-01-21T16:38:56.6918140Z   /home/runner/work/tardis/tardis/tardis/plasma/tests/test_complete_plasmas.py:197: UserWarning:
2025-01-21T16:38:56.6918873Z   
2025-01-21T16:38:56.6919134Z   Property "r_inner" not found
2025-01-21T16:38:56.6919362Z 
2025-01-21T16:38:56.6919704Z tardis/plasma/tests/test_plasma_vboundary.py::test_plasma_vboundary[2900-3750]
2025-01-21T16:38:56.6920471Z tardis/plasma/tests/test_plasma_vboundary.py::test_plasma_vboundary[2900-3850]
2025-01-21T16:38:56.6921394Z tardis/plasma/tests/test_plasma_vboundary.py::test_plasma_vboundary[2900-3900]
2025-01-21T16:38:56.6922216Z   /home/runner/work/tardis/tardis/tardis/model/geometry/radial1d.py:71: UserWarning:
2025-01-21T16:38:56.6922742Z   
2025-01-21T16:38:56.6923034Z   Requesting inner boundary below inner shell. Extrapolating the inner cell
2025-01-21T16:38:56.6923317Z 
2025-01-21T16:38:56.6923534Z tardis/spectrum/tests/test_spectrum_solver.py::TestSpectrumSolver::test_solve
2025-01-21T16:38:56.6924036Z   /home/runner/work/tardis/tardis/tardis/spectrum/base.py:70: UserWarning:
2025-01-21T16:38:56.6924384Z   
2025-01-21T16:38:56.6924791Z   SpectrumSolver.spectrum_virtual_packets is zero. Please run the montecarlo simulation with no_of_virtual_packets > 0
2025-01-21T16:38:56.6925205Z 
2025-01-21T16:38:56.6925410Z tardis/spectrum/tests/test_spectrum_solver.py::TestSpectrumSolver::test_solve
2025-01-21T16:38:56.6925900Z   /home/runner/work/tardis/tardis/tardis/spectrum/base.py:111: UserWarning:
2025-01-21T16:38:56.6926248Z   
2025-01-21T16:38:56.6926673Z   SpectrumSolver.integrator: The FormalIntegrator is not yet available.Please run the montecarlo simulation at least once.
2025-01-21T16:38:56.6927093Z 
2025-01-21T16:38:56.6927304Z tardis/transport/montecarlo/tests/test_vpacket.py::test_trace_vpacket_volley
2025-01-21T16:38:56.6927710Z   <string>:3: NumbaPendingDeprecationWarning:
2025-01-21T16:38:56.6927960Z   
2025-01-21T16:38:56.6929117Z   [1m[1mCode using Numba extension API maybe depending on 'old_style' error-capturing, which is deprecated and will be replaced by 'new_style' in a future release. See details at https://numba.readthedocs.io/en/latest/reference/deprecation.html#deprecation-of-old-style-numba-captured-errors
2025-01-21T16:38:56.6930116Z   Exception origin:
2025-01-21T16:38:56.6930483Z     File "/home/runner/micromamba/envs/tardis/lib/python3.12/inspect.py", line 3180, in _bind
2025-01-21T16:38:56.6931076Z       raise TypeError(msg) from None
2025-01-21T16:38:56.6931342Z   [0m[0m
2025-01-21T16:38:56.6931444Z 
2025-01-21T16:38:56.6931773Z tardis/visualization/tools/tests/test_sdec_plot.py::TestSDECPlotter::test_mpl_image[plotter_generate_plot_mpl4]
2025-01-21T16:38:56.6932460Z   /home/runner/work/tardis/tardis/tardis/visualization/tools/sdec_plot.py:1225: RuntimeWarning:
2025-01-21T16:38:56.6932889Z   
2025-01-21T16:38:56.6933829Z   More than 20 figures have been opened. Figures created through the pyplot interface (`matplotlib.pyplot.figure`) are retained until explicitly closed and may consume too much memory. (To control this warning, see the rcParam `figure.max_open_warning`). Consider using `matplotlib.pyplot.close()`.
2025-01-21T16:38:56.6934954Z 
2025-01-21T16:38:56.6935310Z tardis/visualization/widgets/tests/test_custom_abundance.py::TestCustomAbundanceWidget::test_update_input_item_value
2025-01-21T16:38:56.6936084Z tardis/visualization/widgets/tests/test_custom_abundance.py::TestCustomAbundanceWidget::test_update_input_item_value
2025-01-21T16:38:56.6936957Z tardis/visualization/widgets/tests/test_custom_abundance.py::TestCustomAbundanceWidget::test_update_input_item_value
2025-01-21T16:38:56.6937725Z tardis/visualization/widgets/tests/test_custom_abundance.py::TestCustomAbundanceWidget::test_update_input_item_value
2025-01-21T16:38:56.6938480Z tardis/visualization/widgets/tests/test_custom_abundance.py::TestCustomAbundanceWidget::test_update_input_item_value
2025-01-21T16:38:56.6939238Z tardis/visualization/widgets/tests/test_custom_abundance.py::TestCustomAbundanceWidget::test_update_input_item_value
2025-01-21T16:38:56.6940012Z   /home/runner/micromamba/envs/tardis/lib/python3.12/site-packages/traitlets/traitlets.py:1385: DeprecationWarning:
2025-01-21T16:38:56.6940506Z   
2025-01-21T16:38:56.6940888Z   Passing unrecognized arguments to super(Checkbox).__init__(icon='lock').
2025-01-21T16:38:56.6941343Z   object.__init__() takes exactly one argument (the instance to initialize)
2025-01-21T16:38:56.6941839Z   This is deprecated in traitlets 4.2.This error will be raised in a future release of traitlets.
2025-01-21T16:38:56.6942171Z 
2025-01-21T16:38:56.6942521Z tardis/visualization/widgets/tests/test_custom_abundance.py::TestCustomAbundanceWidget::test_update_input_item_value
2025-01-21T16:38:56.6943294Z tardis/visualization/widgets/tests/test_custom_abundance.py::TestCustomAbundanceWidget::test_update_input_item_value
2025-01-21T16:38:56.6944078Z   /home/runner/micromamba/envs/tardis/lib/python3.12/site-packages/traitlets/traitlets.py:1385: DeprecationWarning:
2025-01-21T16:38:56.6944587Z   
2025-01-21T16:38:56.6944852Z   Passing unrecognized arguments to super(FloatText).__init__(min=0).
2025-01-21T16:38:56.6945286Z   object.__init__() takes exactly one argument (the instance to initialize)
2025-01-21T16:38:56.6945781Z   This is deprecated in traitlets 4.2.This error will be raised in a future release of traitlets.
2025-01-21T16:38:56.6946106Z 
2025-01-21T16:38:56.6946457Z tardis/visualization/widgets/tests/test_custom_abundance.py::TestCustomAbundanceWidget::test_update_input_item_value
2025-01-21T16:38:56.6947225Z   /home/runner/micromamba/envs/tardis/lib/python3.12/site-packages/traitlets/traitlets.py:1385: DeprecationWarning:
2025-01-21T16:38:56.6947714Z   
2025-01-21T16:38:56.6947977Z   Passing unrecognized arguments to super(HTML).__init__(indent=True).
2025-01-21T16:38:56.6948404Z   object.__init__() takes exactly one argument (the instance to initialize)
2025-01-21T16:38:56.6948889Z   This is deprecated in traitlets 4.2.This error will be raised in a future release of traitlets.
2025-01-21T16:38:56.6949210Z 
2025-01-21T16:38:56.6949634Z tardis/visualization/widgets/tests/test_line_info.py::TestLineInfoWidgetData::test_get_species_interactions[wavelength_range0-packet_out_nu]
2025-01-21T16:38:56.6950463Z   /home/runner/micromamba/envs/tardis/lib/python3.12/site-packages/qgridnext/grid.py:820: DeprecationWarning:
2025-01-21T16:38:56.6951026Z   
2025-01-21T16:38:56.6951375Z   QgridWidget._precision_changed is deprecated in traitlets 4.1: use @observe and @unobserve instead.
2025-01-21T16:38:56.6951734Z 
2025-01-21T16:38:56.6951990Z tardis/visualization/widgets/tests/test_shell_info.py::TestHDFShellInfo::test_shells_data
2025-01-21T16:38:56.6952526Z   /home/runner/work/tardis/tardis/tardis/io/util.py:289: PerformanceWarning:
2025-01-21T16:38:56.6952880Z   
2025-01-21T16:38:56.6953031Z   
2025-01-21T16:38:56.6953315Z   your performance may suffer as PyTables will pickle object types that it cannot
2025-01-21T16:38:56.6953974Z   map directly to c-types [inferred_type->mixed,key->block0_values] [items->Index([0], dtype='int64')]
2025-01-21T16:38:56.6954314Z 
2025-01-21T16:38:56.6954568Z tardis/visualization/widgets/tests/test_shell_info.py::TestHDFShellInfo::test_shells_data
2025-01-21T16:38:56.6955096Z   /home/runner/work/tardis/tardis/tardis/io/util.py:292: PerformanceWarning:
2025-01-21T16:38:56.6955444Z   
2025-01-21T16:38:56.6955592Z   
2025-01-21T16:38:56.6955869Z   your performance may suffer as PyTables will pickle object types that it cannot
2025-01-21T16:38:56.6956436Z   map directly to c-types [inferred_type->mixed,key->values] [items->None]
2025-01-21T16:38:56.6956701Z 
2025-01-21T16:38:56.6956947Z tardis/visualization/widgets/tests/test_shell_info.py::TestHDFShellInfo::test_shells_data
2025-01-21T16:38:56.6957513Z   /home/runner/work/tardis/tardis/tardis/spectrum/formal_integral.py:398: UserWarning:
2025-01-21T16:38:56.6957903Z   
2025-01-21T16:38:56.6958170Z   The number of interpolate_shells was not specified. The value was set to 80.
2025-01-21T16:38:56.6958449Z 
2025-01-21T16:38:56.6958629Z -- Docs: https://docs.pytest.org/en/stable/how-to/capture-warnings.html
2025-01-21T16:38:56.6958898Z 
2025-01-21T16:38:56.6959065Z ---------- coverage: platform linux, python 3.12.4-final-0 -----------
2025-01-21T16:38:56.6959422Z Coverage HTML written to dir coverage_html_report
2025-01-21T16:38:56.6959714Z Coverage XML written to file coverage.xml
2025-01-21T16:38:56.6959890Z 
2025-01-21T16:38:56.6960016Z =========================== short test summary info ============================
2025-01-21T16:38:56.6961097Z FAILED tardis/opacities/tests/test_tau_sobolev.py::test_calculate_sobolev_line_opacity - FileNotFoundError: File /home/runner/work/tardis/tardis/tardis-regression-data/test_tau_sobolev/test_calculate_sobolev_line_opacity.h5 does not exist
2025-01-21T16:38:56.6962643Z FAILED tardis/opacities/tests/test_tau_sobolev.py::test_calculate_beta_sobolevs - FileNotFoundError: [Errno 2] No such file or directory: '/home/runner/work/tardis/tardis/tardis-regression-data/test_tau_sobolev/test_calculate_beta_sobolevs.npy'
2025-01-21T16:38:56.6963915Z ERROR tardis/energy_input/tests/test_gamma_ray_grid.py::test_move_packet - numba.core.errors.TypingError: Failed in nopython mode pipeline (step: nopython frontend)
2025-01-21T16:38:56.6964686Z [1m[1m[1m[1mFailed in nopython mode pipeline (step: nopython frontend)
2025-01-21T16:38:56.6965900Z [1m[1mCannot resolve setattr: (instance.jitclass.GXPacket#7f6d9634bbc0<location:array(float64, 1d, A),direction:array(float64, 1d, A),energy_rf:float64,energy_cmf:float64,nu_rf:float64,nu_cmf:float64,status:int64,shell:int64,time_current:float64,tau:float64>).tau_event = float64
2025-01-21T16:38:56.6966839Z [1m
2025-01-21T16:38:56.6967098Z File "tardis/energy_input/GXPacket.py", line 66:[0m
2025-01-21T16:38:56.6967406Z [1m    def __init__(
2025-01-21T16:38:56.6967602Z         <source elided>
2025-01-21T16:38:56.6967813Z         self.time_current = time_current
2025-01-21T16:38:56.6968149Z [1m        self.tau_event = -np.log(np.random.random())
2025-01-21T16:38:56.6968443Z [0m        [1m^[0m[0m
2025-01-21T16:38:56.6968648Z [0m
2025-01-21T16:38:56.6969146Z [0m[1mDuring: typing of set attribute 'tau_event' at /home/runner/work/tardis/tardis/tardis/energy_input/GXPacket.py (66)[0m
2025-01-21T16:38:56.6969643Z [1m
2025-01-21T16:38:56.6969893Z File "tardis/energy_input/GXPacket.py", line 66:[0m
2025-01-21T16:38:56.6970188Z [1m    def __init__(
2025-01-21T16:38:56.6970378Z         <source elided>
2025-01-21T16:38:56.6970590Z         self.time_current = time_current
2025-01-21T16:38:56.6971013Z [1m        self.tau_event = -np.log(np.random.random())
2025-01-21T16:38:56.6971309Z [0m        [1m^[0m[0m
2025-01-21T16:38:56.6971433Z 
2025-01-21T16:38:56.6972296Z [0m[1mDuring: resolving callee type: jitclass.GXPacket#7f6d9634bbc0<location:array(float64, 1d, A),direction:array(float64, 1d, A),energy_rf:float64,energy_cmf:float64,nu_rf:float64,nu_cmf:float64,status:int64,shell:int64,time_current:float64,tau:float64>[0m
2025-01-21T16:38:56.6973382Z [0m[1mDuring: typing of call at <string> (3)
2025-01-21T16:38:56.6973645Z [0m
2025-01-21T16:38:56.6974579Z [0m[1mDuring: resolving callee type: jitclass.GXPacket#7f6d9634bbc0<location:array(float64, 1d, A),direction:array(float64, 1d, A),energy_rf:float64,energy_cmf:float64,nu_rf:float64,nu_cmf:float64,status:int64,shell:int64,time_current:float64,tau:float64>[0m
2025-01-21T16:38:56.6975495Z [0m[1mDuring: typing of call at <string> (3)
2025-01-21T16:38:56.6975747Z [0m
2025-01-21T16:38:56.6976021Z [1m
2025-01-21T16:38:56.6976218Z File "<string>", line 3:[0m
2025-01-21T16:38:56.6976484Z [1m<source missing, REPL/exec in use?>[0m
2025-01-21T16:38:56.6977163Z ERROR tardis/energy_input/tests/test_gamma_ray_interactions.py::test_pair_creation - numba.core.errors.TypingError: Failed in nopython mode pipeline (step: nopython frontend)
2025-01-21T16:38:56.6977957Z [1m[1m[1m[1mFailed in nopython mode pipeline (step: nopython frontend)
2025-01-21T16:38:56.6979130Z [1m[1mCannot resolve setattr: (instance.jitclass.GXPacket#7f6d9634bbc0<location:array(float64, 1d, A),direction:array(float64, 1d, A),energy_rf:float64,energy_cmf:float64,nu_rf:float64,nu_cmf:float64,status:int64,shell:int64,time_current:float64,tau:float64>).tau_event = float64
2025-01-21T16:38:56.6980048Z [1m
2025-01-21T16:38:56.6980291Z File "tardis/energy_input/GXPacket.py", line 66:[0m
2025-01-21T16:38:56.6980590Z [1m    def __init__(
2025-01-21T16:38:56.6980928Z         <source elided>
2025-01-21T16:38:56.6981139Z         self.time_current = time_current
2025-01-21T16:38:56.6981465Z [1m        self.tau_event = -np.log(np.random.random())
2025-01-21T16:38:56.6981758Z [0m        [1m^[0m[0m
2025-01-21T16:38:56.6981957Z [0m
2025-01-21T16:38:56.6982452Z [0m[1mDuring: typing of set attribute 'tau_event' at /home/runner/work/tardis/tardis/tardis/energy_input/GXPacket.py (66)[0m
2025-01-21T16:38:56.6982949Z [1m
2025-01-21T16:38:56.6983193Z File "tardis/energy_input/GXPacket.py", line 66:[0m
2025-01-21T16:38:56.6983495Z [1m    def __init__(
2025-01-21T16:38:56.6983677Z         <source elided>
2025-01-21T16:38:56.6983881Z         self.time_current = time_current
2025-01-21T16:38:56.6984200Z [1m        self.tau_event = -np.log(np.random.random())
2025-01-21T16:38:56.6984488Z [0m        [1m^[0m[0m
2025-01-21T16:38:56.6984606Z 
2025-01-21T16:38:56.6985464Z [0m[1mDuring: resolving callee type: jitclass.GXPacket#7f6d9634bbc0<location:array(float64, 1d, A),direction:array(float64, 1d, A),energy_rf:float64,energy_cmf:float64,nu_rf:float64,nu_cmf:float64,status:int64,shell:int64,time_current:float64,tau:float64>[0m
2025-01-21T16:38:56.6986386Z [0m[1mDuring: typing of call at <string> (3)
2025-01-21T16:38:56.6986646Z [0m
2025-01-21T16:38:56.6987579Z [0m[1mDuring: resolving callee type: jitclass.GXPacket#7f6d9634bbc0<location:array(float64, 1d, A),direction:array(float64, 1d, A),energy_rf:float64,energy_cmf:float64,nu_rf:float64,nu_cmf:float64,status:int64,shell:int64,time_current:float64,tau:float64>[0m
2025-01-21T16:38:56.6988497Z [0m[1mDuring: typing of call at <string> (3)
2025-01-21T16:38:56.6988752Z [0m
2025-01-21T16:38:56.6988915Z [1m
2025-01-21T16:38:56.6989107Z File "<string>", line 3:[0m
2025-01-21T16:38:56.6989385Z [1m<source missing, REPL/exec in use?>[0m
2025-01-21T16:38:56.6989844Z = 2 failed, 1434 passed, 329 skipped, 2 deselected, 19 xfailed, 8 xpassed, 91 warnings, 2 errors in 735.17s (0:12:15) =
2025-01-21T16:38:58.7327834Z ##[error]Process completed with exit code 1.
