2025-01-06T15:24:55.2815852Z Requested labels: macos-latest
2025-01-06T15:24:55.2816504Z Job defined at: tardis-sn/tardis/.github/workflows/tests.yml@refs/pull/2914/merge
2025-01-06T15:24:55.2816656Z Waiting for a runner to pick up this job...
2025-01-06T15:24:55.5724992Z Job is waiting for a hosted runner to come online.
2025-01-06T15:24:59.6173562Z Job is about to start running on the hosted runner: GitHub Actions 6 (hosted)
2025-01-06T15:25:01.3356510Z Current runner version: '2.321.0'
2025-01-06T15:25:01.3375010Z ##[group]Operating System
2025-01-06T15:25:01.3375500Z macOS
2025-01-06T15:25:01.3375790Z 14.7.2
2025-01-06T15:25:01.3376080Z 23H311
2025-01-06T15:25:01.3376370Z ##[endgroup]
2025-01-06T15:25:01.3376680Z ##[group]Runner Image
2025-01-06T15:25:01.3377010Z Image: macos-14-arm64
2025-01-06T15:25:01.3377320Z Version: 20241216.651
2025-01-06T15:25:01.3377980Z Included Software: https://github.com/actions/runner-images/blob/macos-14-arm64/20241216.651/images/macos/macos-14-arm64-Readme.md
2025-01-06T15:25:01.3378880Z Image Release: https://github.com/actions/runner-images/releases/tag/macos-14-arm64%2F20241216.651
2025-01-06T15:25:01.3379450Z ##[endgroup]
2025-01-06T15:25:01.3379750Z ##[group]Runner Image Provisioner
2025-01-06T15:25:01.3380130Z 2.0.404.1+573eac7f0cc07d6bb82d8b9bf5e1ffa69a554644
2025-01-06T15:25:01.3380520Z ##[endgroup]
2025-01-06T15:25:01.3381850Z ##[group]GITHUB_TOKEN Permissions
2025-01-06T15:25:01.3383080Z Actions: read
2025-01-06T15:25:01.3383400Z Attestations: read
2025-01-06T15:25:01.3383690Z Checks: read
2025-01-06T15:25:01.3383970Z Contents: read
2025-01-06T15:25:01.3384260Z Deployments: read
2025-01-06T15:25:01.3384560Z Discussions: read
2025-01-06T15:25:01.3384850Z Issues: read
2025-01-06T15:25:01.3385140Z Metadata: read
2025-01-06T15:25:01.3385740Z Packages: read
2025-01-06T15:25:01.3386030Z Pages: read
2025-01-06T15:25:01.3386380Z PullRequests: read
2025-01-06T15:25:01.3386710Z RepositoryProjects: read
2025-01-06T15:25:01.3387040Z SecurityEvents: read
2025-01-06T15:25:01.3387360Z Statuses: read
2025-01-06T15:25:01.3387780Z ##[endgroup]
2025-01-06T15:25:01.3390100Z Secret source: None
2025-01-06T15:25:01.3390620Z Prepare workflow directory
2025-01-06T15:25:01.3815960Z Prepare all required actions
2025-01-06T15:25:01.3852970Z Getting action download info
2025-01-06T15:25:01.6186740Z Download action repository 'actions/checkout@v4' (SHA:11bd71901bbe5b1630ceea73d27597364c9af683)
2025-01-06T15:25:02.0925830Z Download action repository 'actions/upload-artifact@v4' (SHA:6f51ac03b9356f520e9adb1b1b7802705f340c2b)
2025-01-06T15:25:03.0809420Z Complete job name:  continuum macos-latest 
2025-01-06T15:25:03.1457650Z ##[group]Run actions/checkout@v4
2025-01-06T15:25:03.1458260Z with:
2025-01-06T15:25:03.1458540Z   repository: tardis-sn/tardis
2025-01-06T15:25:03.1459140Z   token: ***
2025-01-06T15:25:03.1459430Z   ssh-strict: true
2025-01-06T15:25:03.1459710Z   ssh-user: git
2025-01-06T15:25:03.1460000Z   persist-credentials: true
2025-01-06T15:25:03.1460340Z   clean: true
2025-01-06T15:25:03.1460630Z   sparse-checkout-cone-mode: true
2025-01-06T15:25:03.1460970Z   fetch-depth: 1
2025-01-06T15:25:03.1461300Z   fetch-tags: false
2025-01-06T15:25:03.1461590Z   show-progress: true
2025-01-06T15:25:03.1461900Z   lfs: false
2025-01-06T15:25:03.1462200Z   submodules: false
2025-01-06T15:25:03.1462510Z   set-safe-directory: true
2025-01-06T15:25:03.1462960Z env:
2025-01-06T15:25:03.1463230Z   CACHE_NUMBER: 0
2025-01-06T15:25:03.1464040Z   PYTEST_FLAGS: --tardis-regression-data=/Users/runner/work/tardis/tardis/tardis-regression-data --cov=tardis --cov-report=xml --cov-report=html --cov-append
2025-01-06T15:25:03.1464930Z   CODECOV_TOKEN: 
2025-01-06T15:25:03.1465210Z ##[endgroup]
2025-01-06T15:25:03.5151560Z Syncing repository: tardis-sn/tardis
2025-01-06T15:25:03.5155560Z ##[group]Getting Git version info
2025-01-06T15:25:03.5156110Z Working directory is '/Users/runner/work/tardis/tardis'
2025-01-06T15:25:03.5159940Z [command]/opt/homebrew/bin/git version
2025-01-06T15:25:03.5684200Z git version 2.47.1
2025-01-06T15:25:03.5742160Z ##[endgroup]
2025-01-06T15:25:03.5750980Z Copying '/Users/runner/.gitconfig' to '/Users/runner/work/_temp/0847a361-ad91-45c2-ac0e-5013aafbbd90/.gitconfig'
2025-01-06T15:25:03.5758870Z Temporarily overriding HOME='/Users/runner/work/_temp/0847a361-ad91-45c2-ac0e-5013aafbbd90' before making global git config changes
2025-01-06T15:25:03.5768200Z Adding repository directory to the temporary git global config as a safe directory
2025-01-06T15:25:03.5773370Z [command]/opt/homebrew/bin/git config --global --add safe.directory /Users/runner/work/tardis/tardis
2025-01-06T15:25:03.5961570Z Deleting the contents of '/Users/runner/work/tardis/tardis'
2025-01-06T15:25:03.5995890Z ##[group]Initializing the repository
2025-01-06T15:25:03.6008800Z [command]/opt/homebrew/bin/git init /Users/runner/work/tardis/tardis
2025-01-06T15:25:03.6426490Z hint: Using 'master' as the name for the initial branch. This default branch name
2025-01-06T15:25:03.6437060Z hint: is subject to change. To configure the initial branch name to use in all
2025-01-06T15:25:03.6438450Z hint: of your new repositories, which will suppress this warning, call:
2025-01-06T15:25:03.6439020Z hint:
2025-01-06T15:25:03.6439820Z hint: 	git config --global init.defaultBranch <name>
2025-01-06T15:25:03.6441820Z hint:
2025-01-06T15:25:03.6442630Z hint: Names commonly chosen instead of 'master' are 'main', 'trunk' and
2025-01-06T15:25:03.6443480Z hint: 'development'. The just-created branch can be renamed via this command:
2025-01-06T15:25:03.6445040Z hint:
2025-01-06T15:25:03.6445430Z hint: 	git branch -m <name>
2025-01-06T15:25:03.6446110Z Initialized empty Git repository in /Users/runner/work/tardis/tardis/.git/
2025-01-06T15:25:03.6447510Z [command]/opt/homebrew/bin/git remote add origin https://github.com/tardis-sn/tardis
2025-01-06T15:25:03.6513310Z ##[endgroup]
2025-01-06T15:25:03.6513870Z ##[group]Disabling automatic garbage collection
2025-01-06T15:25:03.6516510Z [command]/opt/homebrew/bin/git config --local gc.auto 0
2025-01-06T15:25:03.6569540Z ##[endgroup]
2025-01-06T15:25:03.6570120Z ##[group]Setting up auth
2025-01-06T15:25:03.6574400Z [command]/opt/homebrew/bin/git config --local --name-only --get-regexp core\.sshCommand
2025-01-06T15:25:03.6621550Z [command]/opt/homebrew/bin/git submodule foreach --recursive sh -c "git config --local --name-only --get-regexp 'core\.sshCommand' && git config --local --unset-all 'core.sshCommand' || :"
2025-01-06T15:25:03.7709350Z [command]/opt/homebrew/bin/git config --local --name-only --get-regexp http\.https\:\/\/github\.com\/\.extraheader
2025-01-06T15:25:03.7766400Z [command]/opt/homebrew/bin/git submodule foreach --recursive sh -c "git config --local --name-only --get-regexp 'http\.https\:\/\/github\.com\/\.extraheader' && git config --local --unset-all 'http.https://github.com/.extraheader' || :"
2025-01-06T15:25:03.8397750Z [command]/opt/homebrew/bin/git config --local http.https://github.com/.extraheader AUTHORIZATION: basic ***
2025-01-06T15:25:03.8824900Z ##[endgroup]
2025-01-06T15:25:03.8827660Z ##[group]Fetching the repository
2025-01-06T15:25:03.8840170Z [command]/opt/homebrew/bin/git -c protocol.version=2 fetch --no-tags --prune --no-recurse-submodules --depth=1 origin +4cc4f89acf75c3b88f77f4df4bb3f85eada7fb10:refs/remotes/pull/2914/merge
2025-01-06T15:25:05.2284580Z From https://github.com/tardis-sn/tardis
2025-01-06T15:25:05.2286010Z  * [new ref]         4cc4f89acf75c3b88f77f4df4bb3f85eada7fb10 -> pull/2914/merge
2025-01-06T15:25:05.2346730Z ##[endgroup]
2025-01-06T15:25:05.2394080Z ##[group]Determining the checkout info
2025-01-06T15:25:05.2395740Z ##[endgroup]
2025-01-06T15:25:05.2396330Z [command]/opt/homebrew/bin/git sparse-checkout disable
2025-01-06T15:25:05.2438760Z [command]/opt/homebrew/bin/git config --local --unset-all extensions.worktreeConfig
2025-01-06T15:25:05.2531370Z ##[group]Checking out the ref
2025-01-06T15:25:05.2536580Z [command]/opt/homebrew/bin/git checkout --progress --force refs/remotes/pull/2914/merge
2025-01-06T15:25:05.4824030Z HEAD is now at 4cc4f89 Merge 7a1eb26854b7e4efdc9aaf4777e0d6f68929251c into d73192c5c19f97382cd336c6f8675d9befb0153a
2025-01-06T15:25:05.4842240Z ##[endgroup]
2025-01-06T15:25:05.4916310Z [command]/opt/homebrew/bin/git log -1 --format=%H
2025-01-06T15:25:05.4967650Z 4cc4f89acf75c3b88f77f4df4bb3f85eada7fb10
2025-01-06T15:25:05.5265040Z Prepare all required actions
2025-01-06T15:25:05.5266070Z Getting action download info
2025-01-06T15:25:05.7464860Z Download action repository 'actions/cache@v4' (SHA:1bd1e32a3bdc45362d1e726936510720a7c30a57)
2025-01-06T15:25:06.5731450Z ##[group]Run ./.github/actions/setup_lfs
2025-01-06T15:25:06.5731760Z with:
2025-01-06T15:25:06.5732000Z   regression-data-repo: tardis-sn/tardis-regression-data
2025-01-06T15:25:06.5732300Z env:
2025-01-06T15:25:06.5732440Z   CACHE_NUMBER: 0
2025-01-06T15:25:06.5733010Z   PYTEST_FLAGS: --tardis-regression-data=/Users/runner/work/tardis/tardis/tardis-regression-data --cov=tardis --cov-report=xml --cov-report=html --cov-append
2025-01-06T15:25:06.5733570Z   CODECOV_TOKEN: 
2025-01-06T15:25:06.5733740Z ##[endgroup]
2025-01-06T15:25:06.5888020Z ##[group]Run actions/checkout@v4
2025-01-06T15:25:06.5888270Z with:
2025-01-06T15:25:06.5888480Z   repository: tardis-sn/tardis-regression-data
2025-01-06T15:25:06.5888730Z   path: tardis-regression-data
2025-01-06T15:25:06.5889200Z   token: ***
2025-01-06T15:25:06.5889350Z   ssh-strict: true
2025-01-06T15:25:06.5889520Z   ssh-user: git
2025-01-06T15:25:06.5889700Z   persist-credentials: true
2025-01-06T15:25:06.5889970Z   clean: true
2025-01-06T15:25:06.5890130Z   sparse-checkout-cone-mode: true
2025-01-06T15:25:06.5890380Z   fetch-depth: 1
2025-01-06T15:25:06.5890540Z   fetch-tags: false
2025-01-06T15:25:06.5890700Z   show-progress: true
2025-01-06T15:25:06.5890850Z   lfs: false
2025-01-06T15:25:06.5891000Z   submodules: false
2025-01-06T15:25:06.5891160Z   set-safe-directory: true
2025-01-06T15:25:06.5891330Z env:
2025-01-06T15:25:06.5891470Z   CACHE_NUMBER: 0
2025-01-06T15:25:06.5891970Z   PYTEST_FLAGS: --tardis-regression-data=/Users/runner/work/tardis/tardis/tardis-regression-data --cov=tardis --cov-report=xml --cov-report=html --cov-append
2025-01-06T15:25:06.5892520Z   CODECOV_TOKEN: 
2025-01-06T15:25:06.5892670Z ##[endgroup]
2025-01-06T15:25:06.9258830Z Syncing repository: tardis-sn/tardis-regression-data
2025-01-06T15:25:06.9363430Z ##[group]Getting Git version info
2025-01-06T15:25:06.9468930Z Working directory is '/Users/runner/work/tardis/tardis/tardis-regression-data'
2025-01-06T15:25:06.9680120Z [command]/opt/homebrew/bin/git version
2025-01-06T15:25:06.9781950Z git version 2.47.1
2025-01-06T15:25:07.0163850Z ##[endgroup]
2025-01-06T15:25:07.0374830Z Copying '/Users/runner/.gitconfig' to '/Users/runner/work/_temp/8f23843d-6fc2-43ac-8c18-1fd986adfa42/.gitconfig'
2025-01-06T15:25:07.0476740Z Temporarily overriding HOME='/Users/runner/work/_temp/8f23843d-6fc2-43ac-8c18-1fd986adfa42' before making global git config changes
2025-01-06T15:25:07.0579480Z Adding repository directory to the temporary git global config as a safe directory
2025-01-06T15:25:07.0686070Z [command]/opt/homebrew/bin/git config --global --add safe.directory /Users/runner/work/tardis/tardis/tardis-regression-data
2025-01-06T15:25:07.0947860Z ##[group]Initializing the repository
2025-01-06T15:25:07.1050840Z [command]/opt/homebrew/bin/git init /Users/runner/work/tardis/tardis/tardis-regression-data
2025-01-06T15:25:07.1152890Z hint: Using 'master' as the name for the initial branch. This default branch name
2025-01-06T15:25:07.1254550Z hint: is subject to change. To configure the initial branch name to use in all
2025-01-06T15:25:07.1355270Z hint: of your new repositories, which will suppress this warning, call:
2025-01-06T15:25:07.1462170Z hint:
2025-01-06T15:25:07.1685850Z hint: 	git config --global init.defaultBranch <name>
2025-01-06T15:25:07.1795760Z hint:
2025-01-06T15:25:07.1995140Z hint: Names commonly chosen instead of 'master' are 'main', 'trunk' and
2025-01-06T15:25:07.2118740Z hint: 'development'. The just-created branch can be renamed via this command:
2025-01-06T15:25:07.2325210Z hint:
2025-01-06T15:25:07.2426060Z hint: 	git branch -m <name>
2025-01-06T15:25:07.2527380Z Initialized empty Git repository in /Users/runner/work/tardis/tardis/tardis-regression-data/.git/
2025-01-06T15:25:07.2732740Z [command]/opt/homebrew/bin/git remote add origin https://github.com/tardis-sn/tardis-regression-data
2025-01-06T15:25:07.3145650Z ##[endgroup]
2025-01-06T15:25:07.3249060Z ##[group]Disabling automatic garbage collection
2025-01-06T15:25:07.3351960Z [command]/opt/homebrew/bin/git config --local gc.auto 0
2025-01-06T15:25:07.3669930Z ##[endgroup]
2025-01-06T15:25:07.3676540Z ##[group]Setting up auth
2025-01-06T15:25:07.3781100Z [command]/opt/homebrew/bin/git config --local --name-only --get-regexp core\.sshCommand
2025-01-06T15:25:07.4140910Z [command]/opt/homebrew/bin/git submodule foreach --recursive sh -c "git config --local --name-only --get-regexp 'core\.sshCommand' && git config --local --unset-all 'core.sshCommand' || :"
2025-01-06T15:25:07.4448060Z [command]/opt/homebrew/bin/git config --local --name-only --get-regexp http\.https\:\/\/github\.com\/\.extraheader
2025-01-06T15:25:07.4752210Z [command]/opt/homebrew/bin/git submodule foreach --recursive sh -c "git config --local --name-only --get-regexp 'http\.https\:\/\/github\.com\/\.extraheader' && git config --local --unset-all 'http.https://github.com/.extraheader' || :"
2025-01-06T15:25:07.5236570Z [command]/opt/homebrew/bin/git config --local http.https://github.com/.extraheader AUTHORIZATION: basic ***
2025-01-06T15:25:07.5441210Z ##[endgroup]
2025-01-06T15:25:07.5542880Z ##[group]Determining the default branch
2025-01-06T15:25:07.5663470Z Retrieving the default branch name
2025-01-06T15:25:07.6820620Z Default branch 'main'
2025-01-06T15:25:07.6952490Z ##[endgroup]
2025-01-06T15:25:07.7061430Z ##[group]Fetching the repository
2025-01-06T15:25:07.7168640Z [command]/opt/homebrew/bin/git -c protocol.version=2 fetch --no-tags --prune --no-recurse-submodules --depth=1 origin +refs/heads/main:refs/remotes/origin/main
2025-01-06T15:25:08.3779990Z From https://github.com/tardis-sn/tardis-regression-data
2025-01-06T15:25:08.3782450Z  * [new branch]      main       -> origin/main
2025-01-06T15:25:08.3854350Z ##[endgroup]
2025-01-06T15:25:08.3854950Z ##[group]Determining the checkout info
2025-01-06T15:25:08.3884400Z ##[endgroup]
2025-01-06T15:25:08.3884960Z [command]/opt/homebrew/bin/git sparse-checkout disable
2025-01-06T15:25:08.3996790Z [command]/opt/homebrew/bin/git config --local --unset-all extensions.worktreeConfig
2025-01-06T15:25:08.4136290Z ##[group]Checking out the ref
2025-01-06T15:25:08.4146710Z [command]/opt/homebrew/bin/git checkout --progress --force -B main refs/remotes/origin/main
2025-01-06T15:25:08.7705510Z Switched to a new branch 'main'
2025-01-06T15:25:08.7713240Z branch 'main' set up to track 'origin/main'.
2025-01-06T15:25:08.8598240Z ##[endgroup]
2025-01-06T15:25:08.8661130Z [command]/opt/homebrew/bin/git log -1 --format=%H
2025-01-06T15:25:08.8709190Z 666ab8501c2b2aea30d05b8822e7ddbfca078d23
2025-01-06T15:25:08.8829270Z ##[group]Run git lfs ls-files -l | cut -d' ' -f1 | sort > .lfs-assets-id
2025-01-06T15:25:08.8829760Z [36;1mgit lfs ls-files -l | cut -d' ' -f1 | sort > .lfs-assets-id[0m
2025-01-06T15:25:08.8894530Z shell: /bin/bash --noprofile --norc -e -o pipefail {0}
2025-01-06T15:25:08.8894870Z env:
2025-01-06T15:25:08.8895080Z   CACHE_NUMBER: 0
2025-01-06T15:25:08.8895580Z   PYTEST_FLAGS: --tardis-regression-data=/Users/runner/work/tardis/tardis/tardis-regression-data --cov=tardis --cov-report=xml --cov-report=html --cov-append
2025-01-06T15:25:08.8896140Z   CODECOV_TOKEN: 
2025-01-06T15:25:08.8896380Z ##[endgroup]
2025-01-06T15:25:09.1522930Z ##[group]Run actions/cache/restore@v4
2025-01-06T15:25:09.1523260Z with:
2025-01-06T15:25:09.1523780Z   path: tardis-regression-data/.git/lfs
2025-01-06T15:25:09.1524240Z   key: macOS-lfs-21f9fa4b6817cc69b9fae3598144724da7828e276a73bd17f47a2a49d9af090a-v1
2025-01-06T15:25:09.1524770Z   enableCrossOsArchive: false
2025-01-06T15:25:09.1525210Z   fail-on-cache-miss: false
2025-01-06T15:25:09.1525570Z   lookup-only: false
2025-01-06T15:25:09.1526020Z env:
2025-01-06T15:25:09.1526380Z   CACHE_NUMBER: 0
2025-01-06T15:25:09.1527790Z   PYTEST_FLAGS: --tardis-regression-data=/Users/runner/work/tardis/tardis/tardis-regression-data --cov=tardis --cov-report=xml --cov-report=html --cov-append
2025-01-06T15:25:09.1531270Z   CODECOV_TOKEN: 
2025-01-06T15:25:09.1532540Z ##[endgroup]
2025-01-06T15:25:10.9575760Z Received 0 of 1706796060 (0.0%), 0.0 MBs/sec
2025-01-06T15:25:11.9582510Z Received 71303168 of 1706796060 (4.2%), 34.0 MBs/sec
2025-01-06T15:25:12.9601950Z Received 138412032 of 1706796060 (8.1%), 43.9 MBs/sec
2025-01-06T15:25:13.9639320Z Received 197132288 of 1706796060 (11.5%), 46.9 MBs/sec
2025-01-06T15:25:14.9637550Z Received 272629760 of 1706796060 (16.0%), 51.9 MBs/sec
2025-01-06T15:25:15.9656200Z Received 339738624 of 1706796060 (19.9%), 53.9 MBs/sec
2025-01-06T15:25:16.9657520Z Received 411041792 of 1706796060 (24.1%), 55.9 MBs/sec
2025-01-06T15:25:17.9746660Z Received 473956352 of 1706796060 (27.8%), 56.4 MBs/sec
2025-01-06T15:25:18.9826860Z Received 528482304 of 1706796060 (31.0%), 55.8 MBs/sec
2025-01-06T15:25:19.9823640Z Received 599785472 of 1706796060 (35.1%), 57.1 MBs/sec
2025-01-06T15:25:20.9829500Z Received 671088640 of 1706796060 (39.3%), 58.0 MBs/sec
2025-01-06T15:25:21.9835090Z Received 734003200 of 1706796060 (43.0%), 58.2 MBs/sec
2025-01-06T15:25:22.9847250Z Received 805306368 of 1706796060 (47.2%), 58.9 MBs/sec
2025-01-06T15:25:23.9854740Z Received 876609536 of 1706796060 (51.4%), 59.6 MBs/sec
2025-01-06T15:25:24.9857860Z Received 943718400 of 1706796060 (55.3%), 59.9 MBs/sec
2025-01-06T15:25:25.9878490Z Received 998244352 of 1706796060 (58.5%), 59.4 MBs/sec
2025-01-06T15:25:26.9876840Z Received 1065353216 of 1706796060 (62.4%), 59.7 MBs/sec
2025-01-06T15:25:27.9918390Z Received 1136656384 of 1706796060 (66.6%), 60.1 MBs/sec
2025-01-06T15:25:28.9980770Z Received 1191182336 of 1706796060 (69.8%), 59.7 MBs/sec
2025-01-06T15:25:30.0005180Z Received 1258291200 of 1706796060 (73.7%), 59.9 MBs/sec
2025-01-06T15:25:31.0019540Z Received 1321205760 of 1706796060 (77.4%), 59.9 MBs/sec
2025-01-06T15:25:32.0015040Z Received 1384120320 of 1706796060 (81.1%), 59.9 MBs/sec
2025-01-06T15:25:33.0024410Z Received 1447034880 of 1706796060 (84.8%), 59.9 MBs/sec
2025-01-06T15:25:34.0026230Z Received 1509949440 of 1706796060 (88.5%), 59.9 MBs/sec
2025-01-06T15:25:35.0069150Z Received 1581252608 of 1706796060 (92.6%), 60.2 MBs/sec
2025-01-06T15:25:36.0097430Z Received 1631584256 of 1706796060 (95.6%), 59.7 MBs/sec
2025-01-06T15:25:37.0110420Z Received 1686110208 of 1706796060 (98.8%), 59.4 MBs/sec
2025-01-06T15:25:38.0121840Z Cache Size: ~1628 MB (1706796060 B)
2025-01-06T15:25:38.0160050Z Received 1706796060 of 1706796060 (100.0%), 58.0 MBs/sec
2025-01-06T15:25:38.0214670Z [command]/opt/homebrew/bin/gtar -xf /Users/runner/work/_temp/9f38986a-3556-49ce-81a0-c0ff302cf31c/cache.tzst -P -C /Users/runner/work/tardis/tardis --delay-directory-restore --use-compress-program unzstd
2025-01-06T15:25:47.7455480Z Cache restored successfully
2025-01-06T15:25:47.8646480Z Cache restored from key: macOS-lfs-21f9fa4b6817cc69b9fae3598144724da7828e276a73bd17f47a2a49d9af090a-v1
2025-01-06T15:25:47.8908410Z ##[group]Run git lfs checkout
2025-01-06T15:25:47.8908630Z [36;1mgit lfs checkout[0m
2025-01-06T15:25:47.8979440Z shell: /bin/bash --noprofile --norc -e -o pipefail {0}
2025-01-06T15:25:47.8979810Z env:
2025-01-06T15:25:47.8979940Z   CACHE_NUMBER: 0
2025-01-06T15:25:47.8980720Z   PYTEST_FLAGS: --tardis-regression-data=/Users/runner/work/tardis/tardis/tardis-regression-data --cov=tardis --cov-report=xml --cov-report=html --cov-append
2025-01-06T15:25:47.8981270Z   CODECOV_TOKEN: 
2025-01-06T15:25:47.8981520Z ##[endgroup]
2025-01-06T15:25:58.9142400Z Checking out LFS objects: 100% (204/204), 3.5 GB | 260 MB/s, done.
2025-01-06T15:26:08.8902320Z Prepare all required actions
2025-01-06T15:26:08.8902960Z Getting action download info
2025-01-06T15:26:09.0877340Z Download action repository 'mamba-org/setup-micromamba@v1' (SHA:4b9113af4fba0e9e1124b252dd6497a419e7396d)
2025-01-06T15:26:09.8432190Z ##[group]Run ./.github/actions/setup_env
2025-01-06T15:26:09.8432840Z with:
2025-01-06T15:26:09.8433130Z   os-label: osx-arm64
2025-01-06T15:26:09.8433350Z env:
2025-01-06T15:26:09.8433520Z   CACHE_NUMBER: 0
2025-01-06T15:26:09.8434140Z   PYTEST_FLAGS: --tardis-regression-data=/Users/runner/work/tardis/tardis/tardis-regression-data --cov=tardis --cov-report=xml --cov-report=html --cov-append
2025-01-06T15:26:09.8435280Z   CODECOV_TOKEN: 
2025-01-06T15:26:09.8533800Z ##[endgroup]
2025-01-06T15:26:09.8765900Z ##[group]Run file_hash=$(cat conda-osx-arm64.lock | shasum -a 256 | cut -d' ' -f1)
2025-01-06T15:26:09.8766350Z [36;1mfile_hash=$(cat conda-osx-arm64.lock | shasum -a 256 | cut -d' ' -f1)[0m
2025-01-06T15:26:09.8766770Z [36;1mecho "file_hash=$file_hash" >> "${GITHUB_OUTPUT}"[0m
2025-01-06T15:26:09.8819980Z shell: /bin/bash --noprofile --norc -e -o pipefail {0}
2025-01-06T15:26:09.8820210Z env:
2025-01-06T15:26:09.8820340Z   CACHE_NUMBER: 0
2025-01-06T15:26:09.8820820Z   PYTEST_FLAGS: --tardis-regression-data=/Users/runner/work/tardis/tardis/tardis-regression-data --cov=tardis --cov-report=xml --cov-report=html --cov-append
2025-01-06T15:26:09.8821310Z   CODECOV_TOKEN: 
2025-01-06T15:26:09.8821440Z ##[endgroup]
2025-01-06T15:26:09.9818850Z ##[group]Run mamba-org/setup-micromamba@v1
2025-01-06T15:26:09.9819260Z with:
2025-01-06T15:26:09.9819420Z   environment-file: conda-osx-arm64.lock
2025-01-06T15:26:09.9819800Z   cache-environment-key: bf0d0a4d4c847cca72476c6c68c493d56c484aada7e80de0e42c7607fcef5824
2025-01-06T15:26:09.9820260Z   cache-downloads-key: bf0d0a4d4c847cca72476c6c68c493d56c484aada7e80de0e42c7607fcef5824
2025-01-06T15:26:09.9820580Z   environment-name: tardis
2025-01-06T15:26:09.9820740Z   cache-environment: true
2025-01-06T15:26:09.9820950Z   cache-downloads: true
2025-01-06T15:26:09.9821100Z env:
2025-01-06T15:26:09.9821250Z   CACHE_NUMBER: 0
2025-01-06T15:26:09.9821700Z   PYTEST_FLAGS: --tardis-regression-data=/Users/runner/work/tardis/tardis/tardis-regression-data --cov=tardis --cov-report=xml --cov-report=html --cov-append
2025-01-06T15:26:09.9822180Z   CODECOV_TOKEN: 
2025-01-06T15:26:09.9822320Z ##[endgroup]
2025-01-06T15:26:10.2801640Z Will download micromamba to /Users/runner/micromamba-bin/micromamba
2025-01-06T15:26:10.2806120Z ##[group]Install micromamba
2025-01-06T15:26:11.1028610Z micromamba installed to /Users/runner/micromamba-bin/micromamba
2025-01-06T15:26:11.1029900Z ##[endgroup]
2025-01-06T15:26:11.1041980Z Adding conda-forge to condarc channels ...
2025-01-06T15:26:11.1071780Z ##[group]Initialize micromamba for bash.
2025-01-06T15:26:11.1082770Z [command]/Users/runner/micromamba-bin/micromamba shell init -s bash -r /Users/runner/micromamba --log-level warning --rc-file /Users/runner/work/_temp/setup-micromamba/.condarc
2025-01-06T15:26:11.1347480Z Modifying RC file "/Users/runner/.bash_profile"
2025-01-06T15:26:11.1349440Z Generating config for root prefix [1m"/Users/runner/micromamba"[0m
2025-01-06T15:26:11.1350460Z Setting mamba executable to: [1m"/Users/runner/micromamba-bin/micromamba"[0m
2025-01-06T15:26:11.1350860Z Adding (or replacing) the following in your "/Users/runner/.bash_profile" file
2025-01-06T15:26:11.1351080Z 
2025-01-06T15:26:11.1351140Z # >>> mamba initialize >>>
2025-01-06T15:26:11.1351370Z # !! Contents within this block are managed by 'mamba init' !!
2025-01-06T15:26:11.1351670Z export MAMBA_EXE='/Users/runner/micromamba-bin/micromamba';
2025-01-06T15:26:11.1351980Z export MAMBA_ROOT_PREFIX='/Users/runner/micromamba';
2025-01-06T15:26:11.1352350Z __mamba_setup="$("$MAMBA_EXE" shell hook --shell bash --root-prefix "$MAMBA_ROOT_PREFIX" 2> /dev/null)"
2025-01-06T15:26:11.1352730Z if [ $? -eq 0 ]; then
2025-01-06T15:26:11.1352880Z     eval "$__mamba_setup"
2025-01-06T15:26:11.1353620Z else
2025-01-06T15:26:11.1353850Z     alias micromamba="$MAMBA_EXE"  # Fallback on help from mamba activate
2025-01-06T15:26:11.1354100Z fi
2025-01-06T15:26:11.1354240Z unset __mamba_setup
2025-01-06T15:26:11.1354390Z # <<< mamba initialize <<<
2025-01-06T15:26:11.1354500Z 
2025-01-06T15:26:11.1355150Z ##[endgroup]
2025-01-06T15:26:11.1355910Z ##[group]Restoring downloads from `/Users/runner/micromamba/pkgs` ...
2025-01-06T15:26:12.7779630Z Received 4194304 of 310595873 (1.4%), 4.0 MBs/sec
2025-01-06T15:26:13.7795660Z Received 79691776 of 310595873 (25.7%), 37.7 MBs/sec
2025-01-06T15:26:14.7807330Z Received 146800640 of 310595873 (47.3%), 46.4 MBs/sec
2025-01-06T15:26:15.7811090Z Received 209715200 of 310595873 (67.5%), 49.8 MBs/sec
2025-01-06T15:26:16.7884530Z Received 281018368 of 310595873 (90.5%), 53.4 MBs/sec
2025-01-06T15:26:17.3551800Z Cache Size: ~296 MB (310595873 B)
2025-01-06T15:26:17.3619890Z [command]/opt/homebrew/bin/gtar -xf /Users/runner/work/_temp/504b435e-4560-4dc3-b69e-e56e095d1595/cache.tzst -P -C /Users/runner/work/tardis/tardis --delay-directory-restore --use-compress-program unzstd
2025-01-06T15:26:17.7935290Z Received 310595873 of 310595873 (100.0%), 49.1 MBs/sec
2025-01-06T15:26:18.4599810Z Cache restored successfully
2025-01-06T15:26:18.4675790Z Restored cache with key `bf0d0a4d4c847cca72476c6c68c493d56c484aada7e80de0e42c7607fcef5824-osx-arm64`
2025-01-06T15:26:18.4688010Z ##[endgroup]
2025-01-06T15:26:18.4741320Z ##[group]Restoring environment `tardis` from `/Users/runner/micromamba/envs/tardis` ...
2025-01-06T15:26:20.1097630Z Received 0 of 385775710 (0.0%), 0.0 MBs/sec
2025-01-06T15:26:21.1098860Z Received 62914560 of 385775710 (16.3%), 30.0 MBs/sec
2025-01-06T15:26:22.1103330Z Received 138412032 of 385775710 (35.9%), 43.9 MBs/sec
2025-01-06T15:26:23.1125780Z Received 209715200 of 385775710 (54.4%), 49.9 MBs/sec
2025-01-06T15:26:24.1245540Z Received 276824064 of 385775710 (71.8%), 52.7 MBs/sec
2025-01-06T15:26:25.1290090Z Received 335544320 of 385775710 (87.0%), 53.1 MBs/sec
2025-01-06T15:26:25.8596430Z Cache Size: ~368 MB (385775710 B)
2025-01-06T15:26:25.8735500Z [command]/opt/homebrew/bin/gtar -xf /Users/runner/work/_temp/e15076e5-ebd7-4227-b57a-7f3af2212fcc/cache.tzst -P -C /Users/runner/work/tardis/tardis --delay-directory-restore --use-compress-program unzstd
2025-01-06T15:26:26.1335950Z Received 385775710 of 385775710 (100.0%), 52.4 MBs/sec
2025-01-06T15:26:37.4956050Z Cache restored successfully
2025-01-06T15:26:37.5058240Z Restored cache with key `bf0d0a4d4c847cca72476c6c68c493d56c484aada7e80de0e42c7607fcef5824-osx-arm64-tardis-args-4f53cda-root-873f6fe-bin-[object Promise]-file-bf0d0a4d4c847cca72476c6c68c493d56c484aada7e80de0e42c7607fcef5824`
2025-01-06T15:26:37.5171710Z ##[endgroup]
2025-01-06T15:26:37.5217980Z Adding environment tardis to auto-activate bash ...
2025-01-06T15:26:37.5225580Z Generating micromamba run shell.
2025-01-06T15:26:37.5228120Z ##[endgroup]
2025-01-06T15:26:37.5230050Z Set environment variables.
2025-01-06T15:26:37.5253930Z ##[group]micromamba info
2025-01-06T15:26:37.5271280Z [command]/Users/runner/micromamba-bin/micromamba info -r /Users/runner/micromamba -n tardis
2025-01-06T15:26:37.9381970Z 
2025-01-06T15:26:37.9387830Z        libmamba version : 1.5.10
2025-01-06T15:26:37.9388390Z      micromamba version : 1.5.10
2025-01-06T15:26:37.9389060Z            curl version : libcurl/8.10.1 (OpenSSL/3.3.2) SecureTransport zlib/1.3.1 zstd/1.5.6 libssh2/1.11.0 nghttp2/1.58.0
2025-01-06T15:26:37.9389690Z      libarchive version : libarchive 3.7.4 zlib/1.2.13 bz2lib/1.0.8 libzstd/1.5.6
2025-01-06T15:26:37.9390240Z        envs directories : /Users/runner/micromamba/envs
2025-01-06T15:26:37.9390720Z           package cache : /Users/runner/micromamba/pkgs
2025-01-06T15:26:37.9391160Z                           /Users/runner/.mamba/pkgs
2025-01-06T15:26:37.9391630Z             environment : tardis
2025-01-06T15:26:37.9392120Z            env location : /Users/runner/micromamba/envs/tardis
2025-01-06T15:26:37.9392910Z       user config files : /Users/runner/.mambarc
2025-01-06T15:26:37.9398720Z  populated config files : /Users/runner/work/_temp/setup-micromamba/.condarc
2025-01-06T15:26:37.9399300Z        virtual packages : __unix=0=0
2025-01-06T15:26:37.9399620Z                           __osx=14.7.2=0
2025-01-06T15:26:37.9399930Z                           __archspec=1=arm64
2025-01-06T15:26:37.9400460Z                channels : https://conda.anaconda.org/conda-forge/osx-arm64
2025-01-06T15:26:37.9400860Z                           https://conda.anaconda.org/conda-forge/noarch
2025-01-06T15:26:37.9401290Z        base environment : /Users/runner/micromamba
2025-01-06T15:26:37.9401650Z                platform : osx-arm64
2025-01-06T15:26:37.9404300Z ##[endgroup]
2025-01-06T15:26:37.9404700Z ##[group]micromamba list
2025-01-06T15:26:37.9405300Z [command]/Users/runner/micromamba-bin/micromamba list -r /Users/runner/micromamba -n tardis
2025-01-06T15:26:38.3121480Z List of packages in environment: "/Users/runner/micromamba/envs/tardis"
2025-01-06T15:26:38.3121960Z 
2025-01-06T15:26:38.3123270Z   Name                           Version              Build                    Channel    
2025-01-06T15:26:38.3125660Z â”€â”€â”€â”€â”€â”€â”€â”€â”€â”€â”€â”€â”€â”€â”€â”€â”€â”€â”€â”€â”€â”€â”€â”€â”€â”€â”€â”€â”€â”€â”€â”€â”€â”€â”€â”€â”€â”€â”€â”€â”€â”€â”€â”€â”€â”€â”€â”€â”€â”€â”€â”€â”€â”€â”€â”€â”€â”€â”€â”€â”€â”€â”€â”€â”€â”€â”€â”€â”€â”€â”€â”€â”€â”€â”€â”€â”€â”€â”€â”€â”€â”€â”€â”€â”€â”€â”€â”€â”€â”€â”€â”€
2025-01-06T15:26:38.3126400Z   alabaster                      0.7.16               pyhd8ed1ab_0             conda-forge
2025-01-06T15:26:38.3126860Z   anyio                          4.4.0                pyhd8ed1ab_0             conda-forge
2025-01-06T15:26:38.3127360Z   appnope                        0.1.4                pyhd8ed1ab_0             conda-forge
2025-01-06T15:26:38.3127860Z   argon2-cffi                    23.1.0               pyhd8ed1ab_0             conda-forge
2025-01-06T15:26:38.3128450Z   argon2-cffi-bindings           21.2.0               py312h02f2b3b_4          conda-forge
2025-01-06T15:26:38.3130360Z   arrow                          1.3.0                pyhd8ed1ab_0             conda-forge
2025-01-06T15:26:38.3140350Z   astropy                        6.1.1                py312hbebd99a_0          conda-forge
2025-01-06T15:26:38.3142490Z   astropy-iers-data              0.2024.6.17.0.31.35  pyhd8ed1ab_0             conda-forge
2025-01-06T15:26:38.3143690Z   astropy-sphinx-theme           1.1                  pyhd8ed1ab_0             conda-forge
2025-01-06T15:26:38.3144320Z   asttokens                      2.4.1                pyhd8ed1ab_0             conda-forge
2025-01-06T15:26:38.3144820Z   async-lru                      2.0.4                pyhd8ed1ab_0             conda-forge
2025-01-06T15:26:38.3145350Z   atk-1.0                        2.38.0               hd03087b_2               conda-forge
2025-01-06T15:26:38.3145720Z   attrs                          23.2.0               pyh71513ae_0             conda-forge
2025-01-06T15:26:38.3146160Z   babel                          2.14.0               pyhd8ed1ab_0             conda-forge
2025-01-06T15:26:38.3146620Z   beautifulsoup4                 4.12.3               pyha770c72_0             conda-forge
2025-01-06T15:26:38.3147070Z   bleach                         6.1.0                pyhd8ed1ab_0             conda-forge
2025-01-06T15:26:38.3147440Z   blosc                          1.21.5               h9c252e8_1               conda-forge
2025-01-06T15:26:38.3147880Z   brotli                         1.1.0                hb547adb_1               conda-forge
2025-01-06T15:26:38.3148250Z   brotli-bin                     1.1.0                hb547adb_1               conda-forge
2025-01-06T15:26:38.3149040Z   brotli-python                  1.1.0                py312h9f69965_1          conda-forge
2025-01-06T15:26:38.3149510Z   bzip2                          1.0.8                h93a5062_5               conda-forge
2025-01-06T15:26:38.3149880Z   c-ares                         1.28.1               h93a5062_0               conda-forge
2025-01-06T15:26:38.3150350Z   c-blosc2                       2.14.4               ha57e6be_1               conda-forge
2025-01-06T15:26:38.3151350Z   ca-certificates                2024.6.2             hf0a4a13_0               conda-forge
2025-01-06T15:26:38.3151820Z   cached-property                1.5.2                hd8ed1ab_1               conda-forge
2025-01-06T15:26:38.3152300Z   cached_property                1.5.2                pyha770c72_1             conda-forge
2025-01-06T15:26:38.3152760Z   cairo                          1.18.0               hd1e100b_0               conda-forge
2025-01-06T15:26:38.3153230Z   certifi                        2024.6.2             pyhd8ed1ab_0             conda-forge
2025-01-06T15:26:38.3153680Z   cffi                           1.16.0               py312h8e38eb3_0          conda-forge
2025-01-06T15:26:38.3154450Z   charset-normalizer             3.3.2                pyhd8ed1ab_0             conda-forge
2025-01-06T15:26:38.3154870Z   click                          8.1.7                unix_pyh707e725_0        conda-forge
2025-01-06T15:26:38.3155320Z   codespell                      2.3.0                pyhd8ed1ab_0             conda-forge
2025-01-06T15:26:38.3155730Z   colorama                       0.4.6                pyhd8ed1ab_0             conda-forge
2025-01-06T15:26:38.3156170Z   comm                           0.2.2                pyhd8ed1ab_0             conda-forge
2025-01-06T15:26:38.3156520Z   commonmark                     0.9.1                py_0                     conda-forge
2025-01-06T15:26:38.3156930Z   contourpy                      1.2.1                py312h0fef576_0          conda-forge
2025-01-06T15:26:38.3157430Z   coverage                       7.5.3                py312h7e5086c_0          conda-forge
2025-01-06T15:26:38.3157780Z   cycler                         0.12.1               pyhd8ed1ab_0             conda-forge
2025-01-06T15:26:38.3158290Z   dataclasses                    0.8                  pyhc8e2a94_3             conda-forge
2025-01-06T15:26:38.3158660Z   debugpy                        1.8.1                py312h20a0b95_0          conda-forge
2025-01-06T15:26:38.3159090Z   decorator                      5.1.1                pyhd8ed1ab_0             conda-forge
2025-01-06T15:26:38.3159580Z   defusedxml                     0.7.1                pyhd8ed1ab_0             conda-forge
2025-01-06T15:26:38.3160520Z   docutils                       0.20.1               py312h81bd7bf_3          conda-forge
2025-01-06T15:26:38.3160900Z   dot2tex                        2.11.3               pyhd8ed1ab_0             conda-forge
2025-01-06T15:26:38.3161310Z   entrypoints                    0.4                  pyhd8ed1ab_0             conda-forge
2025-01-06T15:26:38.3161790Z   exceptiongroup                 1.2.0                pyhd8ed1ab_2             conda-forge
2025-01-06T15:26:38.3162170Z   executing                      2.0.1                pyhd8ed1ab_0             conda-forge
2025-01-06T15:26:38.3162690Z   expat                          2.6.2                hebf3989_0               conda-forge
2025-01-06T15:26:38.3163100Z   font-ttf-dejavu-sans-mono      2.37                 hab24e00_0               conda-forge
2025-01-06T15:26:38.3163610Z   font-ttf-inconsolata           3.000                h77eed37_0               conda-forge
2025-01-06T15:26:38.3164070Z   font-ttf-source-code-pro       2.038                h77eed37_0               conda-forge
2025-01-06T15:26:38.3164600Z   font-ttf-ubuntu                0.83                 h77eed37_2               conda-forge
2025-01-06T15:26:38.3165010Z   fontconfig                     2.14.2               h82840c6_0               conda-forge
2025-01-06T15:26:38.3165480Z   fonts-conda-ecosystem          1                    0                        conda-forge
2025-01-06T15:26:38.3165890Z   fonts-conda-forge              1                    0                        conda-forge
2025-01-06T15:26:38.3166350Z   fonttools                      4.53.0               py312h7e5086c_0          conda-forge
2025-01-06T15:26:38.3166830Z   fqdn                           1.5.1                pyhd8ed1ab_0             conda-forge
2025-01-06T15:26:38.3167510Z   freetype                       2.12.1               hadb7bae_2               conda-forge
2025-01-06T15:26:38.3167930Z   fribidi                        1.0.10               h27ca646_0               conda-forge
2025-01-06T15:26:38.3168380Z   future                         1.0.0                pyhd8ed1ab_0             conda-forge
2025-01-06T15:26:38.3168840Z   gdk-pixbuf                     2.42.12              h7ddc832_0               conda-forge
2025-01-06T15:26:38.3169230Z   gettext                        0.22.5               h8fbad5d_2               conda-forge
2025-01-06T15:26:38.3169660Z   gettext-tools                  0.22.5               h8fbad5d_2               conda-forge
2025-01-06T15:26:38.3170080Z   giflib                         5.2.2                h93a5062_0               conda-forge
2025-01-06T15:26:38.3170820Z   git-lfs                        3.5.1                hce30654_0               conda-forge
2025-01-06T15:26:38.3171220Z   gmp                            6.3.0                hebf3989_1               conda-forge
2025-01-06T15:26:38.3171560Z   gmpy2                          2.1.5                py312hfa9fade_1          conda-forge
2025-01-06T15:26:38.3171960Z   graphite2                      1.3.13               hebf3989_1003            conda-forge
2025-01-06T15:26:38.3172310Z   graphviz                       11.0.0               h9bb9bc9_0               conda-forge
2025-01-06T15:26:38.3172720Z   gtk2                           2.24.33              h7895bb2_4               conda-forge
2025-01-06T15:26:38.3173050Z   gts                            0.7.6                he42f4ea_4               conda-forge
2025-01-06T15:26:38.3173410Z   h11                            0.14.0               pyhd8ed1ab_0             conda-forge
2025-01-06T15:26:38.3173740Z   h2                             4.1.0                pyhd8ed1ab_0             conda-forge
2025-01-06T15:26:38.3174110Z   h5py                           3.11.0               nompi_py312h903599c_102  conda-forge
2025-01-06T15:26:38.3174490Z   harfbuzz                       8.5.0                h1836168_0               conda-forge
2025-01-06T15:26:38.3174830Z   hdf5                           1.14.3               nompi_hec07895_105       conda-forge
2025-01-06T15:26:38.3175220Z   hpack                          4.0.0                pyh9f0ad1d_0             conda-forge
2025-01-06T15:26:38.3175580Z   httpcore                       1.0.5                pyhd8ed1ab_0             conda-forge
2025-01-06T15:26:38.3175970Z   httpx                          0.27.0               pyhd8ed1ab_0             conda-forge
2025-01-06T15:26:38.3176340Z   hyperframe                     6.0.1                pyhd8ed1ab_0             conda-forge
2025-01-06T15:26:38.3176740Z   icu                            73.2                 hc8870d7_0               conda-forge
2025-01-06T15:26:38.3177070Z   idna                           3.7                  pyhd8ed1ab_0             conda-forge
2025-01-06T15:26:38.3177460Z   imagesize                      1.4.1                pyhd8ed1ab_0             conda-forge
2025-01-06T15:26:38.3177840Z   importlib-metadata             7.1.0                pyha770c72_0             conda-forge
2025-01-06T15:26:38.3178350Z   importlib_metadata             7.1.0                hd8ed1ab_0               conda-forge
2025-01-06T15:26:38.3178740Z   importlib_resources            6.4.0                pyhd8ed1ab_0             conda-forge
2025-01-06T15:26:38.3179160Z   iniconfig                      2.0.0                pyhd8ed1ab_0             conda-forge
2025-01-06T15:26:38.3179570Z   ipykernel                      6.29.4               pyh57ce528_0             conda-forge
2025-01-06T15:26:38.3179910Z   ipython                        8.25.0               pyh707e725_0             conda-forge
2025-01-06T15:26:38.3180330Z   ipython_genutils               0.2.0                pyhd8ed1ab_1             conda-forge
2025-01-06T15:26:38.3180710Z   ipywidgets                     7.8.0                pyhd8ed1ab_0             conda-forge
2025-01-06T15:26:38.3181600Z   isoduration                    20.11.0              pyhd8ed1ab_0             conda-forge
2025-01-06T15:26:38.3182020Z   jedi                           0.19.1               pyhd8ed1ab_0             conda-forge
2025-01-06T15:26:38.3182490Z   jinja2                         3.1.4                pyhd8ed1ab_0             conda-forge
2025-01-06T15:26:38.3182830Z   json5                          0.9.25               pyhd8ed1ab_0             conda-forge
2025-01-06T15:26:38.3183260Z   jsonpointer                    3.0.0                py312h81bd7bf_0          conda-forge
2025-01-06T15:26:38.3183640Z   jsonschema                     4.22.0               pyhd8ed1ab_0             conda-forge
2025-01-06T15:26:38.3184200Z   jsonschema-specifications      2023.12.1            pyhd8ed1ab_0             conda-forge
2025-01-06T15:26:38.3185620Z   jsonschema-with-format-nongpl  4.22.0               pyhd8ed1ab_0             conda-forge
2025-01-06T15:26:38.3186170Z   jupyter-lsp                    2.2.5                pyhd8ed1ab_0             conda-forge
2025-01-06T15:26:38.3186660Z   jupyter_client                 8.6.2                pyhd8ed1ab_0             conda-forge
2025-01-06T15:26:38.3187120Z   jupyter_core                   5.7.2                py312h81bd7bf_0          conda-forge
2025-01-06T15:26:38.3187610Z   jupyter_events                 0.10.0               pyhd8ed1ab_0             conda-forge
2025-01-06T15:26:38.3188070Z   jupyter_server                 2.14.1               pyhd8ed1ab_0             conda-forge
2025-01-06T15:26:38.3188630Z   jupyter_server_terminals       0.5.3                pyhd8ed1ab_0             conda-forge
2025-01-06T15:26:38.3189070Z   jupyterlab                     4.2.2                pyhd8ed1ab_0             conda-forge
2025-01-06T15:26:38.3189570Z   jupyterlab_pygments            0.3.0                pyhd8ed1ab_1             conda-forge
2025-01-06T15:26:38.3190010Z   jupyterlab_server              2.27.2               pyhd8ed1ab_0             conda-forge
2025-01-06T15:26:38.3190490Z   jupyterlab_widgets             1.1.7                pyhd8ed1ab_0             conda-forge
2025-01-06T15:26:38.3220460Z   kiwisolver                     1.4.5                py312h389731b_1          conda-forge
2025-01-06T15:26:38.3220960Z   krb5                           1.21.2               h92f50d5_0               conda-forge
2025-01-06T15:26:38.3221300Z   latexcodec                     2.0.1                pyh9f0ad1d_0             conda-forge
2025-01-06T15:26:38.3221740Z   lcms2                          2.16                 ha0e7c42_0               conda-forge
2025-01-06T15:26:38.3222060Z   lerc                           4.0.0                h9a09cb3_0               conda-forge
2025-01-06T15:26:38.3222450Z   libaec                         1.1.3                hebf3989_0               conda-forge
2025-01-06T15:26:38.3222800Z   libasprintf                    0.22.5               h8fbad5d_2               conda-forge
2025-01-06T15:26:38.3223240Z   libasprintf-devel              0.22.5               h8fbad5d_2               conda-forge
2025-01-06T15:26:38.3223590Z   libblas                        3.9.0                22_osxarm64_openblas     conda-forge
2025-01-06T15:26:38.3224050Z   libbrotlicommon                1.1.0                hb547adb_1               conda-forge
2025-01-06T15:26:38.3224470Z   libbrotlidec                   1.1.0                hb547adb_1               conda-forge
2025-01-06T15:26:38.3224850Z   libbrotlienc                   1.1.0                hb547adb_1               conda-forge
2025-01-06T15:26:38.3225270Z   libcblas                       3.9.0                22_osxarm64_openblas     conda-forge
2025-01-06T15:26:38.3225650Z   libcurl                        8.8.0                h7b6f9a7_0               conda-forge
2025-01-06T15:26:38.3226040Z   libcxx                         17.0.6               h5f092b4_0               conda-forge
2025-01-06T15:26:38.3226370Z   libdeflate                     1.20                 h93a5062_0               conda-forge
2025-01-06T15:26:38.3226780Z   libedit                        3.1.20191231         hc8eb9b7_2               conda-forge
2025-01-06T15:26:38.3227690Z   libev                          4.33                 h93a5062_2               conda-forge
2025-01-06T15:26:38.3228080Z   libexpat                       2.6.2                hebf3989_0               conda-forge
2025-01-06T15:26:38.3228420Z   libffi                         3.4.2                h3422bc3_5               conda-forge
2025-01-06T15:26:38.3228810Z   libgd                          2.3.3                hfdf3952_9               conda-forge
2025-01-06T15:26:38.3229140Z   libgettextpo                   0.22.5               h8fbad5d_2               conda-forge
2025-01-06T15:26:38.3229530Z   libgettextpo-devel             0.22.5               h8fbad5d_2               conda-forge
2025-01-06T15:26:38.3230180Z   libgfortran                    5.0.0                13_2_0_hd922786_3        conda-forge
2025-01-06T15:26:38.3230580Z   libgfortran5                   13.2.0               hf226fd6_3               conda-forge
2025-01-06T15:26:38.3230980Z   libglib                        2.80.2               h59d46d9_1               conda-forge
2025-01-06T15:26:38.3231350Z   libiconv                       1.17                 h0d3ecfb_2               conda-forge
2025-01-06T15:26:38.3231760Z   libintl                        0.22.5               h8fbad5d_2               conda-forge
2025-01-06T15:26:38.3232110Z   libintl-devel                  0.22.5               h8fbad5d_2               conda-forge
2025-01-06T15:26:38.3232510Z   libjpeg-turbo                  3.0.0                hb547adb_1               conda-forge
2025-01-06T15:26:38.3232820Z   liblapack                      3.9.0                22_osxarm64_openblas     conda-forge
2025-01-06T15:26:38.3233120Z   libllvm14                      14.0.6               hd1a9a77_4               conda-forge
2025-01-06T15:26:38.3233460Z   libnghttp2                     1.58.0               ha4dd798_1               conda-forge
2025-01-06T15:26:38.3233870Z   libopenblas                    0.3.27               openmp_h6c19121_0        conda-forge
2025-01-06T15:26:38.3234540Z   libpng                         1.6.43               h091b4b1_0               conda-forge
2025-01-06T15:26:38.3235020Z   librsvg                        2.58.1               hbc281fb_0               conda-forge
2025-01-06T15:26:38.3235400Z   libsodium                      1.0.18               h27ca646_1               conda-forge
2025-01-06T15:26:38.3235720Z   libsqlite                      3.46.0               hfb93653_0               conda-forge
2025-01-06T15:26:38.3236130Z   libssh2                        1.11.0               h7a5bd25_0               conda-forge
2025-01-06T15:26:38.3236460Z   libtiff                        4.6.0                h07db509_3               conda-forge
2025-01-06T15:26:38.3236920Z   libwebp                        1.4.0                h54798ee_0               conda-forge
2025-01-06T15:26:38.3237300Z   libwebp-base                   1.4.0                h93a5062_0               conda-forge
2025-01-06T15:26:38.3237780Z   libxcb                         1.16                 hf2054a2_0               conda-forge
2025-01-06T15:26:38.3238140Z   libxml2                        2.12.7               ha661575_1               conda-forge
2025-01-06T15:26:38.3238500Z   libxslt                        1.1.39               h223e5b9_0               conda-forge
2025-01-06T15:26:38.3238800Z   libzlib                        1.3.1                hfb2fe0b_1               conda-forge
2025-01-06T15:26:38.3239220Z   llvm-openmp                    18.1.7               hde57baf_0               conda-forge
2025-01-06T15:26:38.3239620Z   llvmlite                       0.42.0               py312h17030e7_1          conda-forge
2025-01-06T15:26:38.3240060Z   lxml                           5.2.2                py312h0e5ab22_0          conda-forge
2025-01-06T15:26:38.3240510Z   lz4-c                          1.9.4                hb7217d7_0               conda-forge
2025-01-06T15:26:38.3240870Z   markupsafe                     2.1.5                py312he37b823_0          conda-forge
2025-01-06T15:26:38.3241530Z   matplotlib-base                3.8.4                py312h4479663_2          conda-forge
2025-01-06T15:26:38.3241980Z   matplotlib-inline              0.1.7                pyhd8ed1ab_0             conda-forge
2025-01-06T15:26:38.3242420Z   mistune                        3.0.2                pyhd8ed1ab_0             conda-forge
2025-01-06T15:26:38.3242750Z   mpc                            1.3.1                h91ba8db_0               conda-forge
2025-01-06T15:26:38.3243230Z   mpfr                           4.2.1                h41d338b_1               conda-forge
2025-01-06T15:26:38.3246240Z   mpmath                         1.3.0                pyhd8ed1ab_0             conda-forge
2025-01-06T15:26:38.3247030Z   munkres                        1.1.4                pyh9f0ad1d_0             conda-forge
2025-01-06T15:26:38.3247460Z   mypy_extensions                1.0.0                pyha770c72_0             conda-forge
2025-01-06T15:26:38.3247890Z   nbclassic                      1.1.0                pyhd8ed1ab_0             conda-forge
2025-01-06T15:26:38.3248890Z   nbclient                       0.10.0               pyhd8ed1ab_0             conda-forge
2025-01-06T15:26:38.3249440Z   nbconvert                      7.16.4               hd8ed1ab_1               conda-forge
2025-01-06T15:26:38.3249810Z   nbconvert-core                 7.16.4               pyhd8ed1ab_1             conda-forge
2025-01-06T15:26:38.3250270Z   nbconvert-pandoc               7.16.4               hd8ed1ab_1               conda-forge
2025-01-06T15:26:38.3250720Z   nbformat                       5.10.4               pyhd8ed1ab_0             conda-forge
2025-01-06T15:26:38.3251200Z   nbsphinx                       0.9.4                pyhd8ed1ab_0             conda-forge
2025-01-06T15:26:38.3251640Z   ncurses                        6.5                  hb89a1cb_0               conda-forge
2025-01-06T15:26:38.3252110Z   nest-asyncio                   1.6.0                pyhd8ed1ab_0             conda-forge
2025-01-06T15:26:38.3252530Z   networkx                       3.3                  pyhd8ed1ab_1             conda-forge
2025-01-06T15:26:38.3252930Z   notebook                       7.2.1                pyhd8ed1ab_0             conda-forge
2025-01-06T15:26:38.3253310Z   notebook-shim                  0.2.4                pyhd8ed1ab_0             conda-forge
2025-01-06T15:26:38.3253640Z   numba                          0.59.1               py312hbaff935_0          conda-forge
2025-01-06T15:26:38.3254010Z   numexpr                        2.10.0               py312h8ae5369_0          conda-forge
2025-01-06T15:26:38.3254320Z   numpy                          1.26.4               py312h8442bc7_0          conda-forge
2025-01-06T15:26:38.3254710Z   numpydoc                       1.7.0                pyhd8ed1ab_1             conda-forge
2025-01-06T15:26:38.3255040Z   openjpeg                       2.5.2                h9f1df11_0               conda-forge
2025-01-06T15:26:38.3255410Z   openssl                        3.3.1                hfb2fe0b_0               conda-forge
2025-01-06T15:26:38.3255780Z   overrides                      7.7.0                pyhd8ed1ab_0             conda-forge
2025-01-06T15:26:38.3256110Z   packaging                      24.1                 pyhd8ed1ab_0             conda-forge
2025-01-06T15:26:38.3256480Z   pandas                         2.2.2                py312h8ae5369_1          conda-forge
2025-01-06T15:26:38.3256750Z   pandoc                         3.2                  hce30654_0               conda-forge
2025-01-06T15:26:38.3257120Z   pandocfilters                  1.5.0                pyhd8ed1ab_0             conda-forge
2025-01-06T15:26:38.3257510Z   pango                          1.54.0               h5cb9fbc_0               conda-forge
2025-01-06T15:26:38.3257820Z   parso                          0.8.4                pyhd8ed1ab_0             conda-forge
2025-01-06T15:26:38.3258120Z   pathspec                       0.12.1               pyhd8ed1ab_0             conda-forge
2025-01-06T15:26:38.3258640Z   pbr                            6.0.0                pyhd8ed1ab_0             conda-forge
2025-01-06T15:26:38.3258950Z   pcre2                          10.44                h297a79d_0               conda-forge
2025-01-06T15:26:38.3259230Z   pexpect                        4.9.0                pyhd8ed1ab_0             conda-forge
2025-01-06T15:26:38.3259520Z   pickleshare                    0.7.5                py_1003                  conda-forge
2025-01-06T15:26:38.3259800Z   pillow                         10.3.0               py312h39b1d8d_1          conda-forge
2025-01-06T15:26:38.3260060Z   pip                            24.0                 pyhd8ed1ab_0             conda-forge
2025-01-06T15:26:38.3260650Z   pixman                         0.43.4               hebf3989_0               conda-forge
2025-01-06T15:26:38.3260960Z   pkgutil-resolve-name           1.3.10               pyhd8ed1ab_1             conda-forge
2025-01-06T15:26:38.3261280Z   platformdirs                   4.2.2                pyhd8ed1ab_0             conda-forge
2025-01-06T15:26:38.3261570Z   plotly                         5.22.0               pyhd8ed1ab_0             conda-forge
2025-01-06T15:26:38.3261840Z   pluggy                         1.5.0                pyhd8ed1ab_0             conda-forge
2025-01-06T15:26:38.3262140Z   prometheus_client              0.20.0               pyhd8ed1ab_0             conda-forge
2025-01-06T15:26:38.3262450Z   prompt-toolkit                 3.0.47               pyha770c72_0             conda-forge
2025-01-06T15:26:38.3262730Z   psutil                         5.9.8                py312he37b823_0          conda-forge
2025-01-06T15:26:38.3263010Z   pthread-stubs                  0.4                  h27ca646_1001            conda-forge
2025-01-06T15:26:38.3263310Z   ptyprocess                     0.7.0                pyhd3deb0d_0             conda-forge
2025-01-06T15:26:38.3263590Z   pure_eval                      0.2.2                pyhd8ed1ab_0             conda-forge
2025-01-06T15:26:38.3263880Z   py-cpuinfo                     9.0.0                pyhd8ed1ab_0             conda-forge
2025-01-06T15:26:38.3264160Z   pybtex                         0.24.0               pyhd8ed1ab_2             conda-forge
2025-01-06T15:26:38.3264450Z   pybtex-docutils                1.0.3                py312h81bd7bf_1          conda-forge
2025-01-06T15:26:38.3264750Z   pycparser                      2.22                 pyhd8ed1ab_0             conda-forge
2025-01-06T15:26:38.3265030Z   pyerfa                         2.0.1.4              py312hbebd99a_1          conda-forge
2025-01-06T15:26:38.3265310Z   pygments                       2.18.0               pyhd8ed1ab_0             conda-forge
2025-01-06T15:26:38.3265600Z   pygraphviz                     1.13                 py312h5f4d302_1          conda-forge
2025-01-06T15:26:38.3265890Z   pyobjc-core                    10.3.1               py312hbb55c70_0          conda-forge
2025-01-06T15:26:38.3266220Z   pyobjc-framework-cocoa         10.3.1               py312hbb55c70_0          conda-forge
2025-01-06T15:26:38.3266530Z   pyparsing                      3.1.2                pyhd8ed1ab_0             conda-forge
2025-01-06T15:26:38.3266810Z   pysocks                        1.7.1                pyha2e5f31_6             conda-forge
2025-01-06T15:26:38.3267080Z   pytables                       3.9.2                py312hb622ae1_2          conda-forge
2025-01-06T15:26:38.3267350Z   pytest                         8.2.2                pyhd8ed1ab_0             conda-forge
2025-01-06T15:26:38.3267630Z   pytest-cov                     5.0.0                pyhd8ed1ab_0             conda-forge
2025-01-06T15:26:38.3267940Z   pytest-doctestplus             1.2.1                pyhd8ed1ab_0             conda-forge
2025-01-06T15:26:38.3268250Z   pytest-html                    4.1.1                pyhd8ed1ab_0             conda-forge
2025-01-06T15:26:38.3268550Z   pytest-metadata                3.1.1                pyhd8ed1ab_0             conda-forge
2025-01-06T15:26:38.3269130Z   python                         3.12.4               h30c5eda_0_cpython       conda-forge
2025-01-06T15:26:38.3269450Z   python-dateutil                2.9.0                pyhd8ed1ab_0             conda-forge
2025-01-06T15:26:38.3269780Z   python-fastjsonschema          2.20.0               pyhd8ed1ab_0             conda-forge
2025-01-06T15:26:38.3270110Z   python-json-logger             2.0.7                pyhd8ed1ab_0             conda-forge
2025-01-06T15:26:38.3270430Z   python-tzdata                  2024.1               pyhd8ed1ab_0             conda-forge
2025-01-06T15:26:38.3270720Z   python_abi                     3.12                 4_cp312                  conda-forge
2025-01-06T15:26:38.3271120Z   pytz                           2024.1               pyhd8ed1ab_0             conda-forge
2025-01-06T15:26:38.3271390Z   pyyaml                         6.0.1                py312h02f2b3b_1          conda-forge
2025-01-06T15:26:38.3271650Z   pyzmq                          26.0.3               py312hfa13136_0          conda-forge
2025-01-06T15:26:38.3271920Z   qgrid                          1.3.1                pyhd8ed1ab_4             conda-forge
2025-01-06T15:26:38.3272220Z   radioactivedecay               0.5.1                pyhd8ed1ab_0             conda-forge
2025-01-06T15:26:38.3272510Z   readline                       8.2                  h92ec313_1               conda-forge
2025-01-06T15:26:38.3272790Z   recommonmark                   0.7.1                pyhd8ed1ab_0             conda-forge
2025-01-06T15:26:38.3273090Z   referencing                    0.35.1               pyhd8ed1ab_0             conda-forge
2025-01-06T15:26:38.3273390Z   requests                       2.32.3               pyhd8ed1ab_0             conda-forge
2025-01-06T15:26:38.3273690Z   rfc3339-validator              0.1.4                pyhd8ed1ab_0             conda-forge
2025-01-06T15:26:38.3274010Z   rfc3986-validator              0.1.1                pyh9f0ad1d_0             conda-forge
2025-01-06T15:26:38.3274300Z   rpds-py                        0.18.1               py312h552d48e_0          conda-forge
2025-01-06T15:26:38.3274570Z   ruff                           0.4.9                py312h3402d49_0          conda-forge
2025-01-06T15:26:38.3274820Z   scipy                          1.13.1               py312h14ffa8f_0          conda-forge
2025-01-06T15:26:38.3275100Z   send2trash                     1.8.3                pyh31c8845_0             conda-forge
2025-01-06T15:26:38.3275420Z   setuptools                     70.0.0               pyhd8ed1ab_0             conda-forge
2025-01-06T15:26:38.3275730Z   setuptools-scm                 8.1.0                pyhd8ed1ab_0             conda-forge
2025-01-06T15:26:38.3276070Z   setuptools_scm                 8.1.0                hd8ed1ab_0               conda-forge
2025-01-06T15:26:38.3276370Z   six                            1.16.0               pyh6c4a22f_0             conda-forge
2025-01-06T15:26:38.3276650Z   snakeviz                       2.2.0                pyhd8ed1ab_0             conda-forge
2025-01-06T15:26:38.3276920Z   snappy                         1.2.0                hd04f947_1               conda-forge
2025-01-06T15:26:38.3277200Z   sniffio                        1.3.1                pyhd8ed1ab_0             conda-forge
2025-01-06T15:26:38.3277490Z   snowballstemmer                2.2.0                pyhd8ed1ab_0             conda-forge
2025-01-06T15:26:38.3277790Z   soupsieve                      2.5                  pyhd8ed1ab_1             conda-forge
2025-01-06T15:26:38.3278060Z   sphinx                         7.3.7                pyhd8ed1ab_0             conda-forge
2025-01-06T15:26:38.3278350Z   sphinx-astropy                 1.9.1                pyhd8ed1ab_0             conda-forge
2025-01-06T15:26:38.3278670Z   sphinx-automodapi              0.17.0               pyh717bed2_1             conda-forge
2025-01-06T15:26:38.3278980Z   sphinx-gallery                 0.16.0               pyhd8ed1ab_0             conda-forge
2025-01-06T15:26:38.3279410Z   sphinx-jsonschema              1.19.1               pyhd8ed1ab_0             conda-forge
2025-01-06T15:26:38.3279740Z   sphinx_bootstrap_theme         0.8.1                pyhd8ed1ab_0             conda-forge
2025-01-06T15:26:38.3280060Z   sphinx_rtd_theme               2.0.0                pyha770c72_0             conda-forge
2025-01-06T15:26:38.3280380Z   sphinxcontrib-apidoc           0.3.0                py_1                     conda-forge
2025-01-06T15:26:38.3280730Z   sphinxcontrib-applehelp        1.0.8                pyhd8ed1ab_0             conda-forge
2025-01-06T15:26:38.3281080Z   sphinxcontrib-bibtex           2.6.2                pyhd8ed1ab_0             conda-forge
2025-01-06T15:26:38.3281520Z   sphinxcontrib-devhelp          1.0.6                pyhd8ed1ab_0             conda-forge
2025-01-06T15:26:38.3281870Z   sphinxcontrib-htmlhelp         2.0.5                pyhd8ed1ab_0             conda-forge
2025-01-06T15:26:38.3282220Z   sphinxcontrib-jquery           4.1                  pyhd8ed1ab_0             conda-forge
2025-01-06T15:26:38.3282560Z   sphinxcontrib-jsmath           1.0.1                pyhd8ed1ab_0             conda-forge
2025-01-06T15:26:38.3282890Z   sphinxcontrib-qthelp           1.0.7                pyhd8ed1ab_0             conda-forge
2025-01-06T15:26:38.3283270Z   sphinxcontrib-serializinghtml  1.1.10               pyhd8ed1ab_0             conda-forge
2025-01-06T15:26:38.3283620Z   stack_data                     0.6.2                pyhd8ed1ab_0             conda-forge
2025-01-06T15:26:38.3283900Z   sympy                          1.12.1               pypyh2585a3b_103         conda-forge
2025-01-06T15:26:38.3284180Z   tabulate                       0.9.0                pyhd8ed1ab_1             conda-forge
2025-01-06T15:26:38.3284460Z   tenacity                       8.4.1                pyhd8ed1ab_0             conda-forge
2025-01-06T15:26:38.3284750Z   terminado                      0.18.1               pyh31c8845_0             conda-forge
2025-01-06T15:26:38.3285040Z   tinycss2                       1.3.0                pyhd8ed1ab_0             conda-forge
2025-01-06T15:26:38.3285300Z   tk                             8.6.13               h5083fa2_1               conda-forge
2025-01-06T15:26:38.3285560Z   toml                           0.10.2               pyhd8ed1ab_0             conda-forge
2025-01-06T15:26:38.3285830Z   tomli                          2.0.1                pyhd8ed1ab_0             conda-forge
2025-01-06T15:26:38.3286190Z   tornado                        6.4.1                py312h7e5086c_0          conda-forge
2025-01-06T15:26:38.3286460Z   tqdm                           4.66.4               pyhd8ed1ab_0             conda-forge
2025-01-06T15:26:38.3286740Z   traitlets                      5.14.3               pyhd8ed1ab_0             conda-forge
2025-01-06T15:26:38.3287020Z   typed-ast                      1.5.5                py312h02f2b3b_1          conda-forge
2025-01-06T15:26:38.3287350Z   types-python-dateutil          2.9.0.20240316       pyhd8ed1ab_0             conda-forge
2025-01-06T15:26:38.3287700Z   typing-extensions              4.12.2               hd8ed1ab_0               conda-forge
2025-01-06T15:26:38.3288020Z   typing_extensions              4.12.2               pyha770c72_0             conda-forge
2025-01-06T15:26:38.3288320Z   typing_utils                   0.1.0                pyhd8ed1ab_0             conda-forge
2025-01-06T15:26:38.3288610Z   tzdata                         2024a                h0c530f3_0               conda-forge
2025-01-06T15:26:38.3288900Z   uri-template                   1.3.0                pyhd8ed1ab_0             conda-forge
2025-01-06T15:26:38.3289180Z   urllib3                        2.2.2                pyhd8ed1ab_0             conda-forge
2025-01-06T15:26:38.3289450Z   wcwidth                        0.2.13               pyhd8ed1ab_0             conda-forge
2025-01-06T15:26:38.3289730Z   webcolors                      24.6.0               pyhd8ed1ab_0             conda-forge
2025-01-06T15:26:38.3290130Z   webencodings                   0.5.1                pyhd8ed1ab_2             conda-forge
2025-01-06T15:26:38.3290440Z   websocket-client               1.8.0                pyhd8ed1ab_0             conda-forge
2025-01-06T15:26:38.3290730Z   wheel                          0.43.0               pyhd8ed1ab_1             conda-forge
2025-01-06T15:26:38.3291030Z   widgetsnbextension             3.6.6                pyhd8ed1ab_0             conda-forge
2025-01-06T15:26:38.3291340Z   xorg-libxau                    1.0.11               hb547adb_0               conda-forge
2025-01-06T15:26:38.3291640Z   xorg-libxdmcp                  1.1.3                h27ca646_0               conda-forge
2025-01-06T15:26:38.3292010Z   xz                             5.2.6                h57fd34a_0               conda-forge
2025-01-06T15:26:38.3292260Z   yaml                           0.2.5                h3422bc3_2               conda-forge
2025-01-06T15:26:38.3292520Z   zeromq                         4.3.5                hcc0f68c_4               conda-forge
2025-01-06T15:26:38.3292780Z   zipp                           3.19.2               pyhd8ed1ab_0             conda-forge
2025-01-06T15:26:38.3293040Z   zlib                           1.3.1                hfb2fe0b_1               conda-forge
2025-01-06T15:26:38.3293300Z   zlib-ng                        2.0.7                h1a8c8d9_0               conda-forge
2025-01-06T15:26:38.3293550Z   zstd                           1.5.6                hb46c0d2_0               conda-forge
2025-01-06T15:26:38.3294700Z ##[endgroup]
2025-01-06T15:26:38.3374540Z ##[group]Run pip install -e . --user
2025-01-06T15:26:38.3374810Z [36;1mpip install -e . --user[0m
2025-01-06T15:26:38.5489130Z shell: /bin/bash -l {0}
2025-01-06T15:26:38.5489350Z env:
2025-01-06T15:26:38.5489490Z   CACHE_NUMBER: 0
2025-01-06T15:26:38.5489980Z   PYTEST_FLAGS: --tardis-regression-data=/Users/runner/work/tardis/tardis/tardis-regression-data --cov=tardis --cov-report=xml --cov-report=html --cov-append
2025-01-06T15:26:38.5490480Z   CODECOV_TOKEN: 
2025-01-06T15:26:38.5490650Z   MAMBA_ROOT_PREFIX: /Users/runner/micromamba
2025-01-06T15:26:38.5490900Z   MAMBA_EXE: /Users/runner/micromamba-bin/micromamba
2025-01-06T15:26:38.5491190Z   CONDARC: /Users/runner/work/_temp/setup-micromamba/.condarc
2025-01-06T15:26:38.5491430Z ##[endgroup]
2025-01-06T15:26:39.5608620Z Obtaining file:///Users/runner/work/tardis/tardis
2025-01-06T15:26:39.5643810Z   Installing build dependencies: started
2025-01-06T15:26:42.6291180Z   Installing build dependencies: finished with status 'done'
2025-01-06T15:26:42.6302450Z   Checking if build backend supports build_editable: started
2025-01-06T15:26:42.7371040Z   Checking if build backend supports build_editable: finished with status 'done'
2025-01-06T15:26:42.7381720Z   Getting requirements to build editable: started
2025-01-06T15:26:43.2698850Z   Getting requirements to build editable: finished with status 'done'
2025-01-06T15:26:43.2712560Z   Preparing editable metadata (pyproject.toml): started
2025-01-06T15:26:43.6735580Z   Preparing editable metadata (pyproject.toml): finished with status 'done'
2025-01-06T15:26:43.7190740Z Requirement already satisfied: astropy in /Users/runner/micromamba/envs/tardis/lib/python3.12/site-packages (from tardis==0.0.0) (6.1.1)
2025-01-06T15:26:43.7461870Z Requirement already satisfied: numpy>=1.23 in /Users/runner/micromamba/envs/tardis/lib/python3.12/site-packages (from astropy->tardis==0.0.0) (1.26.4)
2025-01-06T15:26:43.7468390Z Requirement already satisfied: pyerfa>=2.0.1.1 in /Users/runner/micromamba/envs/tardis/lib/python3.12/site-packages (from astropy->tardis==0.0.0) (2.0.1.4)
2025-01-06T15:26:43.7474810Z Requirement already satisfied: astropy-iers-data>=0.2024.5.27.0.30.8 in /Users/runner/micromamba/envs/tardis/lib/python3.12/site-packages (from astropy->tardis==0.0.0) (0.2024.6.17.0.31.35)
2025-01-06T15:26:43.7479750Z Requirement already satisfied: PyYAML>=3.13 in /Users/runner/micromamba/envs/tardis/lib/python3.12/site-packages (from astropy->tardis==0.0.0) (6.0.1)
2025-01-06T15:26:43.7485550Z Requirement already satisfied: packaging>=19.0 in /Users/runner/micromamba/envs/tardis/lib/python3.12/site-packages (from astropy->tardis==0.0.0) (24.1)
2025-01-06T15:26:43.7540660Z Building wheels for collected packages: tardis
2025-01-06T15:26:43.7548430Z   Building editable for tardis (pyproject.toml): started
2025-01-06T15:26:44.4819190Z   Building editable for tardis (pyproject.toml): finished with status 'done'
2025-01-06T15:26:44.4831210Z   Created wheel for tardis: filename=tardis-0.0.0-0.editable-py3-none-any.whl size=8879 sha256=c9886a2256e025da0ad5cffee7c65edb9fa3fccc38f0603d494ee637ef94ffc6
2025-01-06T15:26:44.4858970Z   Stored in directory: /private/var/folders/95/0ydz4d79163427j3k5crp3fh0000gn/T/pip-ephem-wheel-cache-ibavhn4n/wheels/bb/4f/6a/0829b918c1c10bc28535ce7f14be21eee54375bdd9cd0c306a
2025-01-06T15:26:44.4895680Z Successfully built tardis
2025-01-06T15:26:45.0457000Z Installing collected packages: tardis
2025-01-06T15:26:45.0508160Z Successfully installed tardis-0.0.0
2025-01-06T15:26:45.3485000Z ##[group]Run pip install qgridnext
2025-01-06T15:26:45.3485420Z [36;1mpip install qgridnext[0m
2025-01-06T15:26:45.3623800Z shell: /bin/bash -l {0}
2025-01-06T15:26:45.3624110Z env:
2025-01-06T15:26:45.3624310Z   CACHE_NUMBER: 0
2025-01-06T15:26:45.3624930Z   PYTEST_FLAGS: --tardis-regression-data=/Users/runner/work/tardis/tardis/tardis-regression-data --cov=tardis --cov-report=xml --cov-report=html --cov-append
2025-01-06T15:26:45.3625510Z   CODECOV_TOKEN: 
2025-01-06T15:26:45.3625820Z   MAMBA_ROOT_PREFIX: /Users/runner/micromamba
2025-01-06T15:26:45.3626150Z   MAMBA_EXE: /Users/runner/micromamba-bin/micromamba
2025-01-06T15:26:45.3626560Z   CONDARC: /Users/runner/work/_temp/setup-micromamba/.condarc
2025-01-06T15:26:45.3626890Z ##[endgroup]
2025-01-06T15:26:46.1697300Z Collecting qgridnext
2025-01-06T15:26:46.1844440Z   Downloading qgridnext-2.0.4-py3-none-any.whl.metadata (9.9 kB)
2025-01-06T15:26:46.2073690Z Requirement already satisfied: pandas>=0.20.0 in /Users/runner/micromamba/envs/tardis/lib/python3.12/site-packages (from qgridnext) (2.2.2)
2025-01-06T15:26:46.2096770Z Requirement already satisfied: ipywidgets>=7.0.0 in /Users/runner/micromamba/envs/tardis/lib/python3.12/site-packages (from qgridnext) (7.8.0)
2025-01-06T15:26:46.2098050Z Requirement already satisfied: numpy in /Users/runner/micromamba/envs/tardis/lib/python3.12/site-packages (from qgridnext) (1.26.4)
2025-01-06T15:26:46.2099760Z Requirement already satisfied: traitlets in /Users/runner/micromamba/envs/tardis/lib/python3.12/site-packages (from qgridnext) (5.14.3)
2025-01-06T15:26:46.2154650Z Requirement already satisfied: comm>=0.1.3 in /Users/runner/micromamba/envs/tardis/lib/python3.12/site-packages (from ipywidgets>=7.0.0->qgridnext) (0.2.2)
2025-01-06T15:26:46.2160220Z Requirement already satisfied: ipython-genutils~=0.2.0 in /Users/runner/micromamba/envs/tardis/lib/python3.12/site-packages (from ipywidgets>=7.0.0->qgridnext) (0.2.0)
2025-01-06T15:26:46.2168990Z Requirement already satisfied: widgetsnbextension~=3.6.5 in /Users/runner/micromamba/envs/tardis/lib/python3.12/site-packages (from ipywidgets>=7.0.0->qgridnext) (3.6.6)
2025-01-06T15:26:46.2177980Z Requirement already satisfied: ipython>=4.0.0 in /Users/runner/micromamba/envs/tardis/lib/python3.12/site-packages (from ipywidgets>=7.0.0->qgridnext) (8.25.0)
2025-01-06T15:26:46.2186620Z Requirement already satisfied: jupyterlab-widgets<3,>=1.0.0 in /Users/runner/micromamba/envs/tardis/lib/python3.12/site-packages (from ipywidgets>=7.0.0->qgridnext) (1.1.7)
2025-01-06T15:26:46.2475380Z Requirement already satisfied: python-dateutil>=2.8.2 in /Users/runner/micromamba/envs/tardis/lib/python3.12/site-packages (from pandas>=0.20.0->qgridnext) (2.9.0)
2025-01-06T15:26:46.2487790Z Requirement already satisfied: pytz>=2020.1 in /Users/runner/micromamba/envs/tardis/lib/python3.12/site-packages (from pandas>=0.20.0->qgridnext) (2024.1)
2025-01-06T15:26:46.2493430Z Requirement already satisfied: tzdata>=2022.7 in /Users/runner/micromamba/envs/tardis/lib/python3.12/site-packages (from pandas>=0.20.0->qgridnext) (2024.1)
2025-01-06T15:26:46.2696260Z Requirement already satisfied: decorator in /Users/runner/micromamba/envs/tardis/lib/python3.12/site-packages (from ipython>=4.0.0->ipywidgets>=7.0.0->qgridnext) (5.1.1)
2025-01-06T15:26:46.2706820Z Requirement already satisfied: jedi>=0.16 in /Users/runner/micromamba/envs/tardis/lib/python3.12/site-packages (from ipython>=4.0.0->ipywidgets>=7.0.0->qgridnext) (0.19.1)
2025-01-06T15:26:46.2712120Z Requirement already satisfied: matplotlib-inline in /Users/runner/micromamba/envs/tardis/lib/python3.12/site-packages (from ipython>=4.0.0->ipywidgets>=7.0.0->qgridnext) (0.1.7)
2025-01-06T15:26:46.2718050Z Requirement already satisfied: prompt-toolkit<3.1.0,>=3.0.41 in /Users/runner/micromamba/envs/tardis/lib/python3.12/site-packages (from ipython>=4.0.0->ipywidgets>=7.0.0->qgridnext) (3.0.47)
2025-01-06T15:26:46.2763430Z Requirement already satisfied: pygments>=2.4.0 in /Users/runner/micromamba/envs/tardis/lib/python3.12/site-packages (from ipython>=4.0.0->ipywidgets>=7.0.0->qgridnext) (2.18.0)
2025-01-06T15:26:46.2767050Z Requirement already satisfied: stack-data in /Users/runner/micromamba/envs/tardis/lib/python3.12/site-packages (from ipython>=4.0.0->ipywidgets>=7.0.0->qgridnext) (0.6.2)
2025-01-06T15:26:46.2768260Z Requirement already satisfied: pexpect>4.3 in /Users/runner/micromamba/envs/tardis/lib/python3.12/site-packages (from ipython>=4.0.0->ipywidgets>=7.0.0->qgridnext) (4.9.0)
2025-01-06T15:26:46.2778590Z Requirement already satisfied: six>=1.5 in /Users/runner/micromamba/envs/tardis/lib/python3.12/site-packages (from python-dateutil>=2.8.2->pandas>=0.20.0->qgridnext) (1.16.0)
2025-01-06T15:26:46.2816790Z Requirement already satisfied: notebook>=4.4.1 in /Users/runner/micromamba/envs/tardis/lib/python3.12/site-packages (from widgetsnbextension~=3.6.5->ipywidgets>=7.0.0->qgridnext) (7.2.1)
2025-01-06T15:26:46.2939800Z Requirement already satisfied: parso<0.9.0,>=0.8.3 in /Users/runner/micromamba/envs/tardis/lib/python3.12/site-packages (from jedi>=0.16->ipython>=4.0.0->ipywidgets>=7.0.0->qgridnext) (0.8.4)
2025-01-06T15:26:46.3034280Z Requirement already satisfied: jupyter-server<3,>=2.4.0 in /Users/runner/micromamba/envs/tardis/lib/python3.12/site-packages (from notebook>=4.4.1->widgetsnbextension~=3.6.5->ipywidgets>=7.0.0->qgridnext) (2.14.1)
2025-01-06T15:26:46.3134570Z Requirement already satisfied: jupyterlab-server<3,>=2.27.1 in /Users/runner/micromamba/envs/tardis/lib/python3.12/site-packages (from notebook>=4.4.1->widgetsnbextension~=3.6.5->ipywidgets>=7.0.0->qgridnext) (2.27.2)
2025-01-06T15:26:46.3236340Z Requirement already satisfied: jupyterlab<4.3,>=4.2.0 in /Users/runner/micromamba/envs/tardis/lib/python3.12/site-packages (from notebook>=4.4.1->widgetsnbextension~=3.6.5->ipywidgets>=7.0.0->qgridnext) (4.2.2)
2025-01-06T15:26:46.3336610Z Requirement already satisfied: notebook-shim<0.3,>=0.2 in /Users/runner/micromamba/envs/tardis/lib/python3.12/site-packages (from notebook>=4.4.1->widgetsnbextension~=3.6.5->ipywidgets>=7.0.0->qgridnext) (0.2.4)
2025-01-06T15:26:46.3438500Z Requirement already satisfied: tornado>=6.2.0 in /Users/runner/micromamba/envs/tardis/lib/python3.12/site-packages (from notebook>=4.4.1->widgetsnbextension~=3.6.5->ipywidgets>=7.0.0->qgridnext) (6.4.1)
2025-01-06T15:26:46.3538850Z Requirement already satisfied: ptyprocess>=0.5 in /Users/runner/micromamba/envs/tardis/lib/python3.12/site-packages (from pexpect>4.3->ipython>=4.0.0->ipywidgets>=7.0.0->qgridnext) (0.7.0)
2025-01-06T15:26:46.3640690Z Requirement already satisfied: wcwidth in /Users/runner/micromamba/envs/tardis/lib/python3.12/site-packages (from prompt-toolkit<3.1.0,>=3.0.41->ipython>=4.0.0->ipywidgets>=7.0.0->qgridnext) (0.2.13)
2025-01-06T15:26:46.3740870Z Requirement already satisfied: executing>=1.2.0 in /Users/runner/micromamba/envs/tardis/lib/python3.12/site-packages (from stack-data->ipython>=4.0.0->ipywidgets>=7.0.0->qgridnext) (2.0.1)
2025-01-06T15:26:46.3842770Z Requirement already satisfied: asttokens>=2.1.0 in /Users/runner/micromamba/envs/tardis/lib/python3.12/site-packages (from stack-data->ipython>=4.0.0->ipywidgets>=7.0.0->qgridnext) (2.4.1)
2025-01-06T15:26:46.3944650Z Requirement already satisfied: pure-eval in /Users/runner/micromamba/envs/tardis/lib/python3.12/site-packages (from stack-data->ipython>=4.0.0->ipywidgets>=7.0.0->qgridnext) (0.2.2)
2025-01-06T15:26:46.4045340Z Requirement already satisfied: anyio>=3.1.0 in /Users/runner/micromamba/envs/tardis/lib/python3.12/site-packages (from jupyter-server<3,>=2.4.0->notebook>=4.4.1->widgetsnbextension~=3.6.5->ipywidgets>=7.0.0->qgridnext) (4.4.0)
2025-01-06T15:26:46.4147930Z Requirement already satisfied: argon2-cffi>=21.1 in /Users/runner/micromamba/envs/tardis/lib/python3.12/site-packages (from jupyter-server<3,>=2.4.0->notebook>=4.4.1->widgetsnbextension~=3.6.5->ipywidgets>=7.0.0->qgridnext) (23.1.0)
2025-01-06T15:26:46.4251560Z Requirement already satisfied: jinja2>=3.0.3 in /Users/runner/micromamba/envs/tardis/lib/python3.12/site-packages (from jupyter-server<3,>=2.4.0->notebook>=4.4.1->widgetsnbextension~=3.6.5->ipywidgets>=7.0.0->qgridnext) (3.1.4)
2025-01-06T15:26:46.4355230Z Requirement already satisfied: jupyter-client>=7.4.4 in /Users/runner/micromamba/envs/tardis/lib/python3.12/site-packages (from jupyter-server<3,>=2.4.0->notebook>=4.4.1->widgetsnbextension~=3.6.5->ipywidgets>=7.0.0->qgridnext) (8.6.2)
2025-01-06T15:26:46.4464570Z Requirement already satisfied: jupyter-core!=5.0.*,>=4.12 in /Users/runner/micromamba/envs/tardis/lib/python3.12/site-packages (from jupyter-server<3,>=2.4.0->notebook>=4.4.1->widgetsnbextension~=3.6.5->ipywidgets>=7.0.0->qgridnext) (5.7.2)
2025-01-06T15:26:46.4566950Z Requirement already satisfied: jupyter-events>=0.9.0 in /Users/runner/micromamba/envs/tardis/lib/python3.12/site-packages (from jupyter-server<3,>=2.4.0->notebook>=4.4.1->widgetsnbextension~=3.6.5->ipywidgets>=7.0.0->qgridnext) (0.10.0)
2025-01-06T15:26:46.4667350Z Requirement already satisfied: jupyter-server-terminals>=0.4.4 in /Users/runner/micromamba/envs/tardis/lib/python3.12/site-packages (from jupyter-server<3,>=2.4.0->notebook>=4.4.1->widgetsnbextension~=3.6.5->ipywidgets>=7.0.0->qgridnext) (0.5.3)
2025-01-06T15:26:46.4768590Z Requirement already satisfied: nbconvert>=6.4.4 in /Users/runner/micromamba/envs/tardis/lib/python3.12/site-packages (from jupyter-server<3,>=2.4.0->notebook>=4.4.1->widgetsnbextension~=3.6.5->ipywidgets>=7.0.0->qgridnext) (7.16.4)
2025-01-06T15:26:46.4894020Z Requirement already satisfied: nbformat>=5.3.0 in /Users/runner/micromamba/envs/tardis/lib/python3.12/site-packages (from jupyter-server<3,>=2.4.0->notebook>=4.4.1->widgetsnbextension~=3.6.5->ipywidgets>=7.0.0->qgridnext) (5.10.4)
2025-01-06T15:26:46.4989330Z Requirement already satisfied: overrides>=5.0 in /Users/runner/micromamba/envs/tardis/lib/python3.12/site-packages (from jupyter-server<3,>=2.4.0->notebook>=4.4.1->widgetsnbextension~=3.6.5->ipywidgets>=7.0.0->qgridnext) (7.7.0)
2025-01-06T15:26:46.5089810Z Requirement already satisfied: packaging>=22.0 in /Users/runner/micromamba/envs/tardis/lib/python3.12/site-packages (from jupyter-server<3,>=2.4.0->notebook>=4.4.1->widgetsnbextension~=3.6.5->ipywidgets>=7.0.0->qgridnext) (24.1)
2025-01-06T15:26:46.5192150Z Requirement already satisfied: prometheus-client>=0.9 in /Users/runner/micromamba/envs/tardis/lib/python3.12/site-packages (from jupyter-server<3,>=2.4.0->notebook>=4.4.1->widgetsnbextension~=3.6.5->ipywidgets>=7.0.0->qgridnext) (0.20.0)
2025-01-06T15:26:46.5292420Z Requirement already satisfied: pyzmq>=24 in /Users/runner/micromamba/envs/tardis/lib/python3.12/site-packages (from jupyter-server<3,>=2.4.0->notebook>=4.4.1->widgetsnbextension~=3.6.5->ipywidgets>=7.0.0->qgridnext) (26.0.3)
2025-01-06T15:26:46.5394560Z Requirement already satisfied: send2trash>=1.8.2 in /Users/runner/micromamba/envs/tardis/lib/python3.12/site-packages (from jupyter-server<3,>=2.4.0->notebook>=4.4.1->widgetsnbextension~=3.6.5->ipywidgets>=7.0.0->qgridnext) (1.8.3)
2025-01-06T15:26:46.5496800Z Requirement already satisfied: terminado>=0.8.3 in /Users/runner/micromamba/envs/tardis/lib/python3.12/site-packages (from jupyter-server<3,>=2.4.0->notebook>=4.4.1->widgetsnbextension~=3.6.5->ipywidgets>=7.0.0->qgridnext) (0.18.1)
2025-01-06T15:26:46.5599070Z Requirement already satisfied: websocket-client>=1.7 in /Users/runner/micromamba/envs/tardis/lib/python3.12/site-packages (from jupyter-server<3,>=2.4.0->notebook>=4.4.1->widgetsnbextension~=3.6.5->ipywidgets>=7.0.0->qgridnext) (1.8.0)
2025-01-06T15:26:46.5703900Z Requirement already satisfied: async-lru>=1.0.0 in /Users/runner/micromamba/envs/tardis/lib/python3.12/site-packages (from jupyterlab<4.3,>=4.2.0->notebook>=4.4.1->widgetsnbextension~=3.6.5->ipywidgets>=7.0.0->qgridnext) (2.0.4)
2025-01-06T15:26:46.5804440Z Requirement already satisfied: httpx>=0.25.0 in /Users/runner/micromamba/envs/tardis/lib/python3.12/site-packages (from jupyterlab<4.3,>=4.2.0->notebook>=4.4.1->widgetsnbextension~=3.6.5->ipywidgets>=7.0.0->qgridnext) (0.27.0)
2025-01-06T15:26:46.5909560Z Requirement already satisfied: ipykernel>=6.5.0 in /Users/runner/micromamba/envs/tardis/lib/python3.12/site-packages (from jupyterlab<4.3,>=4.2.0->notebook>=4.4.1->widgetsnbextension~=3.6.5->ipywidgets>=7.0.0->qgridnext) (6.29.4)
2025-01-06T15:26:46.6011710Z Requirement already satisfied: jupyter-lsp>=2.0.0 in /Users/runner/micromamba/envs/tardis/lib/python3.12/site-packages (from jupyterlab<4.3,>=4.2.0->notebook>=4.4.1->widgetsnbextension~=3.6.5->ipywidgets>=7.0.0->qgridnext) (2.2.5)
2025-01-06T15:26:46.6113740Z Requirement already satisfied: setuptools>=40.1.0 in /Users/runner/micromamba/envs/tardis/lib/python3.12/site-packages (from jupyterlab<4.3,>=4.2.0->notebook>=4.4.1->widgetsnbextension~=3.6.5->ipywidgets>=7.0.0->qgridnext) (70.0.0)
2025-01-06T15:26:46.6216040Z Requirement already satisfied: babel>=2.10 in /Users/runner/micromamba/envs/tardis/lib/python3.12/site-packages (from jupyterlab-server<3,>=2.27.1->notebook>=4.4.1->widgetsnbextension~=3.6.5->ipywidgets>=7.0.0->qgridnext) (2.14.0)
2025-01-06T15:26:46.6318440Z Requirement already satisfied: json5>=0.9.0 in /Users/runner/micromamba/envs/tardis/lib/python3.12/site-packages (from jupyterlab-server<3,>=2.27.1->notebook>=4.4.1->widgetsnbextension~=3.6.5->ipywidgets>=7.0.0->qgridnext) (0.9.25)
2025-01-06T15:26:46.6418700Z Requirement already satisfied: jsonschema>=4.18.0 in /Users/runner/micromamba/envs/tardis/lib/python3.12/site-packages (from jupyterlab-server<3,>=2.27.1->notebook>=4.4.1->widgetsnbextension~=3.6.5->ipywidgets>=7.0.0->qgridnext) (4.22.0)
2025-01-06T15:26:46.6519840Z Requirement already satisfied: requests>=2.31 in /Users/runner/micromamba/envs/tardis/lib/python3.12/site-packages (from jupyterlab-server<3,>=2.27.1->notebook>=4.4.1->widgetsnbextension~=3.6.5->ipywidgets>=7.0.0->qgridnext) (2.32.3)
2025-01-06T15:26:46.6619240Z Requirement already satisfied: idna>=2.8 in /Users/runner/micromamba/envs/tardis/lib/python3.12/site-packages (from anyio>=3.1.0->jupyter-server<3,>=2.4.0->notebook>=4.4.1->widgetsnbextension~=3.6.5->ipywidgets>=7.0.0->qgridnext) (3.7)
2025-01-06T15:26:46.6721850Z Requirement already satisfied: sniffio>=1.1 in /Users/runner/micromamba/envs/tardis/lib/python3.12/site-packages (from anyio>=3.1.0->jupyter-server<3,>=2.4.0->notebook>=4.4.1->widgetsnbextension~=3.6.5->ipywidgets>=7.0.0->qgridnext) (1.3.1)
2025-01-06T15:26:46.6821750Z Requirement already satisfied: argon2-cffi-bindings in /Users/runner/micromamba/envs/tardis/lib/python3.12/site-packages (from argon2-cffi>=21.1->jupyter-server<3,>=2.4.0->notebook>=4.4.1->widgetsnbextension~=3.6.5->ipywidgets>=7.0.0->qgridnext) (21.2.0)
2025-01-06T15:26:46.6922040Z Requirement already satisfied: certifi in /Users/runner/micromamba/envs/tardis/lib/python3.12/site-packages (from httpx>=0.25.0->jupyterlab<4.3,>=4.2.0->notebook>=4.4.1->widgetsnbextension~=3.6.5->ipywidgets>=7.0.0->qgridnext) (2024.6.2)
2025-01-06T15:26:46.7037660Z Requirement already satisfied: httpcore==1.* in /Users/runner/micromamba/envs/tardis/lib/python3.12/site-packages (from httpx>=0.25.0->jupyterlab<4.3,>=4.2.0->notebook>=4.4.1->widgetsnbextension~=3.6.5->ipywidgets>=7.0.0->qgridnext) (1.0.5)
2025-01-06T15:26:46.7152460Z Requirement already satisfied: h11<0.15,>=0.13 in /Users/runner/micromamba/envs/tardis/lib/python3.12/site-packages (from httpcore==1.*->httpx>=0.25.0->jupyterlab<4.3,>=4.2.0->notebook>=4.4.1->widgetsnbextension~=3.6.5->ipywidgets>=7.0.0->qgridnext) (0.14.0)
2025-01-06T15:26:46.7254670Z Requirement already satisfied: appnope in /Users/runner/micromamba/envs/tardis/lib/python3.12/site-packages (from ipykernel>=6.5.0->jupyterlab<4.3,>=4.2.0->notebook>=4.4.1->widgetsnbextension~=3.6.5->ipywidgets>=7.0.0->qgridnext) (0.1.4)
2025-01-06T15:26:46.7354900Z Requirement already satisfied: debugpy>=1.6.5 in /Users/runner/micromamba/envs/tardis/lib/python3.12/site-packages (from ipykernel>=6.5.0->jupyterlab<4.3,>=4.2.0->notebook>=4.4.1->widgetsnbextension~=3.6.5->ipywidgets>=7.0.0->qgridnext) (1.8.1)
2025-01-06T15:26:46.7457210Z Requirement already satisfied: nest-asyncio in /Users/runner/micromamba/envs/tardis/lib/python3.12/site-packages (from ipykernel>=6.5.0->jupyterlab<4.3,>=4.2.0->notebook>=4.4.1->widgetsnbextension~=3.6.5->ipywidgets>=7.0.0->qgridnext) (1.6.0)
2025-01-06T15:26:46.7557540Z Requirement already satisfied: psutil in /Users/runner/micromamba/envs/tardis/lib/python3.12/site-packages (from ipykernel>=6.5.0->jupyterlab<4.3,>=4.2.0->notebook>=4.4.1->widgetsnbextension~=3.6.5->ipywidgets>=7.0.0->qgridnext) (5.9.8)
2025-01-06T15:26:46.7658060Z Requirement already satisfied: MarkupSafe>=2.0 in /Users/runner/micromamba/envs/tardis/lib/python3.12/site-packages (from jinja2>=3.0.3->jupyter-server<3,>=2.4.0->notebook>=4.4.1->widgetsnbextension~=3.6.5->ipywidgets>=7.0.0->qgridnext) (2.1.5)
2025-01-06T15:26:46.7759820Z Requirement already satisfied: attrs>=22.2.0 in /Users/runner/micromamba/envs/tardis/lib/python3.12/site-packages (from jsonschema>=4.18.0->jupyterlab-server<3,>=2.27.1->notebook>=4.4.1->widgetsnbextension~=3.6.5->ipywidgets>=7.0.0->qgridnext) (23.2.0)
2025-01-06T15:26:46.7860680Z Requirement already satisfied: jsonschema-specifications>=2023.03.6 in /Users/runner/micromamba/envs/tardis/lib/python3.12/site-packages (from jsonschema>=4.18.0->jupyterlab-server<3,>=2.27.1->notebook>=4.4.1->widgetsnbextension~=3.6.5->ipywidgets>=7.0.0->qgridnext) (2023.12.1)
2025-01-06T15:26:46.7962340Z Requirement already satisfied: referencing>=0.28.4 in /Users/runner/micromamba/envs/tardis/lib/python3.12/site-packages (from jsonschema>=4.18.0->jupyterlab-server<3,>=2.27.1->notebook>=4.4.1->widgetsnbextension~=3.6.5->ipywidgets>=7.0.0->qgridnext) (0.35.1)
2025-01-06T15:26:46.8063590Z Requirement already satisfied: rpds-py>=0.7.1 in /Users/runner/micromamba/envs/tardis/lib/python3.12/site-packages (from jsonschema>=4.18.0->jupyterlab-server<3,>=2.27.1->notebook>=4.4.1->widgetsnbextension~=3.6.5->ipywidgets>=7.0.0->qgridnext) (0.18.1)
2025-01-06T15:26:46.8163740Z Requirement already satisfied: platformdirs>=2.5 in /Users/runner/micromamba/envs/tardis/lib/python3.12/site-packages (from jupyter-core!=5.0.*,>=4.12->jupyter-server<3,>=2.4.0->notebook>=4.4.1->widgetsnbextension~=3.6.5->ipywidgets>=7.0.0->qgridnext) (4.2.2)
2025-01-06T15:26:46.8265230Z Requirement already satisfied: python-json-logger>=2.0.4 in /Users/runner/micromamba/envs/tardis/lib/python3.12/site-packages (from jupyter-events>=0.9.0->jupyter-server<3,>=2.4.0->notebook>=4.4.1->widgetsnbextension~=3.6.5->ipywidgets>=7.0.0->qgridnext) (2.0.7)
2025-01-06T15:26:46.8366260Z Requirement already satisfied: pyyaml>=5.3 in /Users/runner/micromamba/envs/tardis/lib/python3.12/site-packages (from jupyter-events>=0.9.0->jupyter-server<3,>=2.4.0->notebook>=4.4.1->widgetsnbextension~=3.6.5->ipywidgets>=7.0.0->qgridnext) (6.0.1)
2025-01-06T15:26:46.8466530Z Requirement already satisfied: rfc3339-validator in /Users/runner/micromamba/envs/tardis/lib/python3.12/site-packages (from jupyter-events>=0.9.0->jupyter-server<3,>=2.4.0->notebook>=4.4.1->widgetsnbextension~=3.6.5->ipywidgets>=7.0.0->qgridnext) (0.1.4)
2025-01-06T15:26:46.8566940Z Requirement already satisfied: rfc3986-validator>=0.1.1 in /Users/runner/micromamba/envs/tardis/lib/python3.12/site-packages (from jupyter-events>=0.9.0->jupyter-server<3,>=2.4.0->notebook>=4.4.1->widgetsnbextension~=3.6.5->ipywidgets>=7.0.0->qgridnext) (0.1.1)
2025-01-06T15:26:46.8668500Z Requirement already satisfied: beautifulsoup4 in /Users/runner/micromamba/envs/tardis/lib/python3.12/site-packages (from nbconvert>=6.4.4->jupyter-server<3,>=2.4.0->notebook>=4.4.1->widgetsnbextension~=3.6.5->ipywidgets>=7.0.0->qgridnext) (4.12.3)
2025-01-06T15:26:46.8771930Z Requirement already satisfied: bleach!=5.0.0 in /Users/runner/micromamba/envs/tardis/lib/python3.12/site-packages (from nbconvert>=6.4.4->jupyter-server<3,>=2.4.0->notebook>=4.4.1->widgetsnbextension~=3.6.5->ipywidgets>=7.0.0->qgridnext) (6.1.0)
2025-01-06T15:26:46.8871060Z Requirement already satisfied: defusedxml in /Users/runner/micromamba/envs/tardis/lib/python3.12/site-packages (from nbconvert>=6.4.4->jupyter-server<3,>=2.4.0->notebook>=4.4.1->widgetsnbextension~=3.6.5->ipywidgets>=7.0.0->qgridnext) (0.7.1)
2025-01-06T15:26:46.8973940Z Requirement already satisfied: jupyterlab-pygments in /Users/runner/micromamba/envs/tardis/lib/python3.12/site-packages (from nbconvert>=6.4.4->jupyter-server<3,>=2.4.0->notebook>=4.4.1->widgetsnbextension~=3.6.5->ipywidgets>=7.0.0->qgridnext) (0.3.0)
2025-01-06T15:26:46.9074400Z Requirement already satisfied: mistune<4,>=2.0.3 in /Users/runner/micromamba/envs/tardis/lib/python3.12/site-packages (from nbconvert>=6.4.4->jupyter-server<3,>=2.4.0->notebook>=4.4.1->widgetsnbextension~=3.6.5->ipywidgets>=7.0.0->qgridnext) (3.0.2)
2025-01-06T15:26:46.9175640Z Requirement already satisfied: nbclient>=0.5.0 in /Users/runner/micromamba/envs/tardis/lib/python3.12/site-packages (from nbconvert>=6.4.4->jupyter-server<3,>=2.4.0->notebook>=4.4.1->widgetsnbextension~=3.6.5->ipywidgets>=7.0.0->qgridnext) (0.10.0)
2025-01-06T15:26:46.9276550Z Requirement already satisfied: pandocfilters>=1.4.1 in /Users/runner/micromamba/envs/tardis/lib/python3.12/site-packages (from nbconvert>=6.4.4->jupyter-server<3,>=2.4.0->notebook>=4.4.1->widgetsnbextension~=3.6.5->ipywidgets>=7.0.0->qgridnext) (1.5.0)
2025-01-06T15:26:46.9377050Z Requirement already satisfied: tinycss2 in /Users/runner/micromamba/envs/tardis/lib/python3.12/site-packages (from nbconvert>=6.4.4->jupyter-server<3,>=2.4.0->notebook>=4.4.1->widgetsnbextension~=3.6.5->ipywidgets>=7.0.0->qgridnext) (1.3.0)
2025-01-06T15:26:46.9477900Z Requirement already satisfied: fastjsonschema>=2.15 in /Users/runner/micromamba/envs/tardis/lib/python3.12/site-packages (from nbformat>=5.3.0->jupyter-server<3,>=2.4.0->notebook>=4.4.1->widgetsnbextension~=3.6.5->ipywidgets>=7.0.0->qgridnext) (2.20.0)
2025-01-06T15:26:46.9578900Z Requirement already satisfied: charset-normalizer<4,>=2 in /Users/runner/micromamba/envs/tardis/lib/python3.12/site-packages (from requests>=2.31->jupyterlab-server<3,>=2.27.1->notebook>=4.4.1->widgetsnbextension~=3.6.5->ipywidgets>=7.0.0->qgridnext) (3.3.2)
2025-01-06T15:26:46.9680190Z Requirement already satisfied: urllib3<3,>=1.21.1 in /Users/runner/micromamba/envs/tardis/lib/python3.12/site-packages (from requests>=2.31->jupyterlab-server<3,>=2.27.1->notebook>=4.4.1->widgetsnbextension~=3.6.5->ipywidgets>=7.0.0->qgridnext) (2.2.2)
2025-01-06T15:26:46.9781140Z Requirement already satisfied: webencodings in /Users/runner/micromamba/envs/tardis/lib/python3.12/site-packages (from bleach!=5.0.0->nbconvert>=6.4.4->jupyter-server<3,>=2.4.0->notebook>=4.4.1->widgetsnbextension~=3.6.5->ipywidgets>=7.0.0->qgridnext) (0.5.1)
2025-01-06T15:26:46.9790840Z Requirement already satisfied: fqdn in /Users/runner/micromamba/envs/tardis/lib/python3.12/site-packages (from jsonschema[format-nongpl]>=4.18.0->jupyter-events>=0.9.0->jupyter-server<3,>=2.4.0->notebook>=4.4.1->widgetsnbextension~=3.6.5->ipywidgets>=7.0.0->qgridnext) (1.5.1)
2025-01-06T15:26:46.9818490Z Requirement already satisfied: isoduration in /Users/runner/micromamba/envs/tardis/lib/python3.12/site-packages (from jsonschema[format-nongpl]>=4.18.0->jupyter-events>=0.9.0->jupyter-server<3,>=2.4.0->notebook>=4.4.1->widgetsnbextension~=3.6.5->ipywidgets>=7.0.0->qgridnext) (20.11.0)
2025-01-06T15:26:46.9820370Z Requirement already satisfied: jsonpointer>1.13 in /Users/runner/micromamba/envs/tardis/lib/python3.12/site-packages (from jsonschema[format-nongpl]>=4.18.0->jupyter-events>=0.9.0->jupyter-server<3,>=2.4.0->notebook>=4.4.1->widgetsnbextension~=3.6.5->ipywidgets>=7.0.0->qgridnext) (3.0.0)
2025-01-06T15:26:46.9821830Z Requirement already satisfied: uri-template in /Users/runner/micromamba/envs/tardis/lib/python3.12/site-packages (from jsonschema[format-nongpl]>=4.18.0->jupyter-events>=0.9.0->jupyter-server<3,>=2.4.0->notebook>=4.4.1->widgetsnbextension~=3.6.5->ipywidgets>=7.0.0->qgridnext) (1.3.0)
2025-01-06T15:26:46.9824820Z Requirement already satisfied: webcolors>=1.11 in /Users/runner/micromamba/envs/tardis/lib/python3.12/site-packages (from jsonschema[format-nongpl]>=4.18.0->jupyter-events>=0.9.0->jupyter-server<3,>=2.4.0->notebook>=4.4.1->widgetsnbextension~=3.6.5->ipywidgets>=7.0.0->qgridnext) (24.6.0)
2025-01-06T15:26:46.9826440Z Requirement already satisfied: cffi>=1.0.1 in /Users/runner/micromamba/envs/tardis/lib/python3.12/site-packages (from argon2-cffi-bindings->argon2-cffi>=21.1->jupyter-server<3,>=2.4.0->notebook>=4.4.1->widgetsnbextension~=3.6.5->ipywidgets>=7.0.0->qgridnext) (1.16.0)
2025-01-06T15:26:46.9827770Z Requirement already satisfied: soupsieve>1.2 in /Users/runner/micromamba/envs/tardis/lib/python3.12/site-packages (from beautifulsoup4->nbconvert>=6.4.4->jupyter-server<3,>=2.4.0->notebook>=4.4.1->widgetsnbextension~=3.6.5->ipywidgets>=7.0.0->qgridnext) (2.5)
2025-01-06T15:26:46.9829300Z Requirement already satisfied: pycparser in /Users/runner/micromamba/envs/tardis/lib/python3.12/site-packages (from cffi>=1.0.1->argon2-cffi-bindings->argon2-cffi>=21.1->jupyter-server<3,>=2.4.0->notebook>=4.4.1->widgetsnbextension~=3.6.5->ipywidgets>=7.0.0->qgridnext) (2.22)
2025-01-06T15:26:46.9830830Z Requirement already satisfied: arrow>=0.15.0 in /Users/runner/micromamba/envs/tardis/lib/python3.12/site-packages (from isoduration->jsonschema[format-nongpl]>=4.18.0->jupyter-events>=0.9.0->jupyter-server<3,>=2.4.0->notebook>=4.4.1->widgetsnbextension~=3.6.5->ipywidgets>=7.0.0->qgridnext) (1.3.0)
2025-01-06T15:26:46.9832400Z Requirement already satisfied: types-python-dateutil>=2.8.10 in /Users/runner/micromamba/envs/tardis/lib/python3.12/site-packages (from arrow>=0.15.0->isoduration->jsonschema[format-nongpl]>=4.18.0->jupyter-events>=0.9.0->jupyter-server<3,>=2.4.0->notebook>=4.4.1->widgetsnbextension~=3.6.5->ipywidgets>=7.0.0->qgridnext) (2.9.0.20240316)
2025-01-06T15:26:46.9833360Z Downloading qgridnext-2.0.4-py3-none-any.whl (1.3 MB)
2025-01-06T15:26:46.9834520Z    â”â”â”â”â”â”â”â”â”â”â”â”â”â”â”â”â”â”â”â”â”â”â”â”â”â”â”â”â”â”â”â”â”â”â”â”â”â”â”â” 1.3/1.3 MB 35.0 MB/s eta 0:00:00
2025-01-06T15:26:47.5948920Z Installing collected packages: qgridnext
2025-01-06T15:26:47.6413280Z Successfully installed qgridnext-2.0.4
2025-01-06T15:26:47.8828630Z ##[group]Run pytest tardis --tardis-regression-data=/Users/runner/work/tardis/tardis/tardis-regression-data --cov=tardis --cov-report=xml --cov-report=html --cov-append -m " continuum"
2025-01-06T15:26:47.8829750Z [36;1mpytest tardis --tardis-regression-data=/Users/runner/work/tardis/tardis/tardis-regression-data --cov=tardis --cov-report=xml --cov-report=html --cov-append -m " continuum"[0m
2025-01-06T15:26:47.8892430Z shell: /bin/bash -l {0}
2025-01-06T15:26:47.8892660Z env:
2025-01-06T15:26:47.8892850Z   CACHE_NUMBER: 0
2025-01-06T15:26:47.8893420Z   PYTEST_FLAGS: --tardis-regression-data=/Users/runner/work/tardis/tardis/tardis-regression-data --cov=tardis --cov-report=xml --cov-report=html --cov-append
2025-01-06T15:26:47.8893960Z   CODECOV_TOKEN: 
2025-01-06T15:26:47.8894150Z   MAMBA_ROOT_PREFIX: /Users/runner/micromamba
2025-01-06T15:26:47.8894450Z   MAMBA_EXE: /Users/runner/micromamba-bin/micromamba
2025-01-06T15:26:47.8894840Z   CONDARC: /Users/runner/work/_temp/setup-micromamba/.condarc
2025-01-06T15:26:47.8895110Z ##[endgroup]
2025-01-06T15:27:01.0700880Z ============================= test session starts ==============================
2025-01-06T15:27:01.0703000Z platform darwin -- Python 3.12.4, pytest-8.2.2, pluggy-1.5.0
2025-01-06T15:27:01.0703600Z rootdir: /Users/runner/work/tardis/tardis
2025-01-06T15:27:01.0704620Z configfile: pyproject.toml
2025-01-06T15:27:01.0706620Z plugins: cov-5.0.0, html-4.1.1, metadata-3.1.1, doctestplus-1.2.1, anyio-4.4.0
2025-01-06T15:27:01.0707250Z collected 1796 items / 1794 deselected / 2 selected
2025-01-06T15:27:01.0707900Z 
2025-01-06T15:27:08.2070870Z tardis/transport/montecarlo/estimators/tests/test_continuum_property_solver.py F [ 50%]
2025-01-06T15:27:08.2158610Z                                                                          [ 50%]
2025-01-06T15:27:17.1890420Z tardis/transport/montecarlo/tests/test_continuum.py F                    [100%]
2025-01-06T15:27:17.1990610Z 
2025-01-06T15:27:17.2092150Z =================================== FAILURES ===================================
2025-01-06T15:27:17.2145250Z __________________________ test_continuum_estimators ___________________________
2025-01-06T15:27:17.2181470Z 
2025-01-06T15:27:17.2190970Z continuum_config = {'tardis_config_version': 'v1.0', 'supernova': {'luminosity_requested': <Quantity 4.31528298e+42 erg / s>, 'time_explo...': 10.0, 'survival_probability': 0.0, 'enable_biasing': False, 'virtual_packet_logging': False}}, 'config_dirname': ''}
2025-01-06T15:27:17.2202820Z nlte_atomic_dataset = <Atomic Data UUID=None MD5=None Lines=69056 Levels=26012>
2025-01-06T15:27:17.2203600Z 
2025-01-06T15:27:17.2203960Z     @pytest.mark.continuum
2025-01-06T15:27:17.2204430Z     def test_continuum_estimators(
2025-01-06T15:27:17.2206540Z         continuum_config,
2025-01-06T15:27:17.2208610Z         nlte_atomic_dataset,
2025-01-06T15:27:17.2214740Z     ):
2025-01-06T15:27:17.2218350Z         nlte_atomic_dataset = deepcopy(nlte_atomic_dataset)
2025-01-06T15:27:17.2226660Z >       continuum_simulation = Simulation.from_config(
2025-01-06T15:27:17.2229600Z             continuum_config,
2025-01-06T15:27:17.2231560Z             atom_data=nlte_atomic_dataset,
2025-01-06T15:27:17.2234630Z             virtual_packet_logging=False,
2025-01-06T15:27:17.2241260Z         )
2025-01-06T15:27:17.2245860Z 
2025-01-06T15:27:17.2249470Z tardis/transport/montecarlo/estimators/tests/test_continuum_property_solver.py:19: 
2025-01-06T15:27:17.2279470Z _ _ _ _ _ _ _ _ _ _ _ _ _ _ _ _ _ _ _ _ _ _ _ _ _ _ _ _ _ _ _ _ _ _ _ _ _ _ _ _ 
2025-01-06T15:27:17.2279960Z tardis/simulation/base.py:769: in from_config
2025-01-06T15:27:17.2280470Z     plasma = assemble_plasma(
2025-01-06T15:27:17.2280910Z tardis/plasma/assembly/legacy_assembly.py:37: in assemble_plasma
2025-01-06T15:27:17.2281410Z     return plasma_solver_factory.assemble(
2025-01-06T15:27:17.2281920Z tardis/plasma/assembly/base.py:614: in assemble
2025-01-06T15:27:17.2282440Z     return BasePlasma(
2025-01-06T15:27:17.2284190Z tardis/io/util.py:195: in __new__
2025-01-06T15:27:17.2284730Z     instance.__init__(*args, **kwargs)
2025-01-06T15:27:17.2285130Z tardis/plasma/base.py:40: in __init__
2025-01-06T15:27:17.2285600Z     self.update(**kwargs)
2025-01-06T15:27:17.2286040Z tardis/plasma/base.py:192: in update
2025-01-06T15:27:17.2286490Z     self.plasma_properties_dict[module_name].update()
2025-01-06T15:27:17.2287030Z tardis/plasma/properties/base.py:110: in update
2025-01-06T15:27:17.2287460Z     self.calculate(*self._get_input_values()),
2025-01-06T15:27:17.2288020Z tardis/plasma/properties/continuum_processes/rates.py:231: in calculate
2025-01-06T15:27:17.2288570Z     alpha_sp_E = cumulative_integrate_array_by_blocks(
2025-01-06T15:27:17.2289230Z ../../../micromamba/envs/tardis/lib/python3.12/site-packages/numba/core/dispatcher.py:468: in _compile_for_args
2025-01-06T15:27:17.2289810Z     error_rewrite(e, 'typing')
2025-01-06T15:27:17.2290360Z _ _ _ _ _ _ _ _ _ _ _ _ _ _ _ _ _ _ _ _ _ _ _ _ _ _ _ _ _ _ _ _ _ _ _ _ _ _ _ _ 
2025-01-06T15:27:17.2290690Z 
2025-01-06T15:27:17.2291950Z e = TypingError('Failed in nopython mode pipeline (step: nopython frontend)\n\x1b[1m\x1b[1m\x1b[1m\x1b[1mFailed in nopytho...[1m            integrated[start:stop, col] = numba_cumulative_trapezoid(\n\x1b[0m            \x1b[1m^\x1b[0m\x1b[0m\n')
2025-01-06T15:27:17.2293190Z issue_type = 'typing'
2025-01-06T15:27:17.2293360Z 
2025-01-06T15:27:17.2293570Z     def error_rewrite(e, issue_type):
2025-01-06T15:27:17.2293910Z         """
2025-01-06T15:27:17.2294250Z         Rewrite and raise Exception `e` with help supplied based on the
2025-01-06T15:27:17.2294650Z         specified issue_type.
2025-01-06T15:27:17.2294880Z         """
2025-01-06T15:27:17.2295160Z         if config.SHOW_HELP:
2025-01-06T15:27:17.2295500Z             help_msg = errors.error_extras[issue_type]
2025-01-06T15:27:17.2295850Z             e.patch_message('\n'.join((str(e).rstrip(), help_msg)))
2025-01-06T15:27:17.2296640Z         if config.FULL_TRACEBACKS:
2025-01-06T15:27:17.2296900Z             raise e
2025-01-06T15:27:17.2297310Z         else:
2025-01-06T15:27:17.2297530Z >           raise e.with_traceback(None)
2025-01-06T15:27:17.2298070Z E           numba.core.errors.TypingError: Failed in nopython mode pipeline (step: nopython frontend)
2025-01-06T15:27:17.2299720Z E           [1m[1m[1m[1mFailed in nopython mode pipeline (step: nopython frontend)
2025-01-06T15:27:17.2300470Z E           [1m[1m[1mNo implementation of function Function(<built-in function concatenate>) found for signature:
2025-01-06T15:27:17.2300900Z E            
2025-01-06T15:27:17.2301300Z E            >>> concatenate(Tuple(list(int64)<iv=[0]>, array(float64, 1d, C)))
2025-01-06T15:27:17.2301780Z E            
2025-01-06T15:27:17.2302020Z E           There are 2 candidate implementations:
2025-01-06T15:27:17.2302480Z E           [1m  - Of which 1 did not match due to:
2025-01-06T15:27:17.2302980Z E             Overload in function 'impl_np_concatenate': File: numba/np/arrayobj.py: Line 5873.
2025-01-06T15:27:17.2303520Z E               With argument(s): '(Tuple(list(int64)<iv=None>, array(float64, 1d, C)))':[0m
2025-01-06T15:27:17.2304150Z E           [1m   Rejected as the implementation raised a specific error:
2025-01-06T15:27:17.2304590Z E                TypingError: Failed in nopython mode pipeline (step: nopython frontend)
2025-01-06T15:27:17.2305230Z E              [1m[1m[1mNo implementation of function Function(<intrinsic np_concatenate>) found for signature:
2025-01-06T15:27:17.2305630Z E               
2025-01-06T15:27:17.2306060Z E               >>> np_concatenate(Tuple(list(int64)<iv=None>, array(float64, 1d, C)), Literal[int](0))
2025-01-06T15:27:17.2306410Z E               
2025-01-06T15:27:17.2306740Z E              There are 2 candidate implementations:
2025-01-06T15:27:17.2307140Z E              [1m      - Of which 2 did not match due to:
2025-01-06T15:27:17.2307630Z E                    Intrinsic in function 'np_concatenate': File: numba/np/arrayobj.py: Line 5856.
2025-01-06T15:27:17.2308590Z E                      With argument(s): '(Tuple(list(int64)<iv=None>, array(float64, 1d, C)), int64)':[0m
2025-01-06T15:27:17.2309270Z E              [1m       Rejected as the implementation raised a specific error:
2025-01-06T15:27:17.2309960Z E                       TypeError: np.concatenate(): expecting a non-empty tuple of arrays, got Tuple(list(int64)<iv=None>, array(float64, 1d, C))[0m
2025-01-06T15:27:17.2310630Z E                raised from /Users/runner/micromamba/envs/tardis/lib/python3.12/site-packages/numba/core/typing/npydecl.py:526
2025-01-06T15:27:17.2311310Z E              [0m
2025-01-06T15:27:17.2311840Z E              [0m[1mDuring: resolving callee type: Function(<intrinsic np_concatenate>)[0m
2025-01-06T15:27:17.2312610Z E              [0m[1mDuring: typing of call at /Users/runner/micromamba/envs/tardis/lib/python3.12/site-packages/numba/np/arrayobj.py (5877)
2025-01-06T15:27:17.2313220Z E              [0m
2025-01-06T15:27:17.2313560Z E              [1m
2025-01-06T15:27:17.2314120Z E              File "../../../micromamba/envs/tardis/lib/python3.12/site-packages/numba/np/arrayobj.py", line 5877:[0m
2025-01-06T15:27:17.2314680Z E              [1m        def impl(arrays, axis=0):
2025-01-06T15:27:17.2315030Z E              [1m            return np_concatenate(arrays, axis)
2025-01-06T15:27:17.2315420Z E              [0m            [1m^[0m[0m
2025-01-06T15:27:17.2315700Z E           [0m
2025-01-06T15:27:17.2316190Z E             raised from /Users/runner/micromamba/envs/tardis/lib/python3.12/site-packages/numba/core/typeinfer.py:1091
2025-01-06T15:27:17.2316680Z E           [1m  - Of which 1 did not match due to:
2025-01-06T15:27:17.2317130Z E             Overload in function 'impl_np_concatenate': File: numba/np/arrayobj.py: Line 5873.
2025-01-06T15:27:17.2317620Z E               With argument(s): '(Tuple(list(int64)<iv=[0]>, array(float64, 1d, C)))':[0m
2025-01-06T15:27:17.2318610Z E           [1m   Rejected as the implementation raised a specific error:
2025-01-06T15:27:17.2319110Z E                TypingError: Failed in nopython mode pipeline (step: nopython frontend)
2025-01-06T15:27:17.2319680Z E              [1m[1m[1mNo implementation of function Function(<intrinsic np_concatenate>) found for signature:
2025-01-06T15:27:17.2320130Z E               
2025-01-06T15:27:17.2320470Z E               >>> np_concatenate(Tuple(list(int64)<iv=[0]>, array(float64, 1d, C)), Literal[int](0))
2025-01-06T15:27:17.2320900Z E               
2025-01-06T15:27:17.2321130Z E              There are 2 candidate implementations:
2025-01-06T15:27:17.2321540Z E              [1m      - Of which 1 did not match due to:
2025-01-06T15:27:17.2321900Z E                    Intrinsic in function 'np_concatenate': File: numba/np/arrayobj.py: Line 5856.
2025-01-06T15:27:17.2322530Z E                      With argument(s): '(Tuple(list(int64)<iv=None>, array(float64, 1d, C)), int64)':[0m
2025-01-06T15:27:17.2322980Z E              [1m       Rejected as the implementation raised a specific error:
2025-01-06T15:27:17.2323750Z E                       TypeError: np.concatenate(): expecting a non-empty tuple of arrays, got Tuple(list(int64)<iv=None>, array(float64, 1d, C))[0m
2025-01-06T15:27:17.2324400Z E                raised from /Users/runner/micromamba/envs/tardis/lib/python3.12/site-packages/numba/core/typing/npydecl.py:526
2025-01-06T15:27:17.2324970Z E              [1m      - Of which 1 did not match due to:
2025-01-06T15:27:17.2325600Z E                    Intrinsic in function 'np_concatenate': File: numba/np/arrayobj.py: Line 5856.
2025-01-06T15:27:17.2326280Z E                      With argument(s): '(Tuple(list(int64)<iv=[0]>, array(float64, 1d, C)), Literal[int](0))':[0m
2025-01-06T15:27:17.2326860Z E              [1m       Rejected as the implementation raised a specific error:
2025-01-06T15:27:17.2327430Z E                       TypeError: np.concatenate(): expecting a non-empty tuple of arrays, got Tuple(list(int64)<iv=[0]>, array(float64, 1d, C))[0m
2025-01-06T15:27:17.2328540Z E                raised from /Users/runner/micromamba/envs/tardis/lib/python3.12/site-packages/numba/core/typing/npydecl.py:526
2025-01-06T15:27:17.2329100Z E              [0m
2025-01-06T15:27:17.2329620Z E              [0m[1mDuring: resolving callee type: Function(<intrinsic np_concatenate>)[0m
2025-01-06T15:27:17.2330260Z E              [0m[1mDuring: typing of call at /Users/runner/micromamba/envs/tardis/lib/python3.12/site-packages/numba/np/arrayobj.py (5877)
2025-01-06T15:27:17.2330800Z E              [0m
2025-01-06T15:27:17.2331040Z E              [1m
2025-01-06T15:27:17.2331540Z E              File "../../../micromamba/envs/tardis/lib/python3.12/site-packages/numba/np/arrayobj.py", line 5877:[0m
2025-01-06T15:27:17.2331990Z E              [1m        def impl(arrays, axis=0):
2025-01-06T15:27:17.2332460Z E              [1m            return np_concatenate(arrays, axis)
2025-01-06T15:27:17.2332810Z E              [0m            [1m^[0m[0m
2025-01-06T15:27:17.2333190Z E           [0m
2025-01-06T15:27:17.2334240Z E             raised from /Users/runner/micromamba/envs/tardis/lib/python3.12/site-packages/numba/core/typeinfer.py:1091
2025-01-06T15:27:17.2334990Z E           [0m
2025-01-06T15:27:17.2335390Z E           [0m[1mDuring: resolving callee type: Function(<built-in function concatenate>)[0m
2025-01-06T15:27:17.2336210Z E           [0m[1mDuring: typing of call at /Users/runner/work/tardis/tardis/tardis/plasma/properties/continuum_processes/fast_array_util.py (36)
2025-01-06T15:27:17.2336830Z E           [0m
2025-01-06T15:27:17.2337020Z E           [1m
2025-01-06T15:27:17.2337490Z E           File "tardis/plasma/properties/continuum_processes/fast_array_util.py", line 36:[0m
2025-01-06T15:27:17.2337930Z E           [1mdef numba_cumulative_trapezoid(f, x):
2025-01-06T15:27:17.2338230Z E               <source elided>
2025-01-06T15:27:17.2338520Z E           
2025-01-06T15:27:17.2339360Z E           [1m    return np.concatenate(([0], cumulative / cumulative[-1]))
2025-01-06T15:27:17.2339810Z E           [0m    [1m^[0m[0m
2025-01-06T15:27:17.2340170Z E           
2025-01-06T15:27:17.2340630Z E           [0m[1mDuring: resolving callee type: type(CPUDispatcher(<function numba_cumulative_trapezoid at 0x118e43ec0>))[0m
2025-01-06T15:27:17.2341650Z E           [0m[1mDuring: typing of call at /Users/runner/work/tardis/tardis/tardis/plasma/properties/continuum_processes/fast_array_util.py (68)
2025-01-06T15:27:17.2342200Z E           [0m
2025-01-06T15:27:17.2342750Z E           [0m[1mDuring: resolving callee type: type(CPUDispatcher(<function numba_cumulative_trapezoid at 0x118e43ec0>))[0m
2025-01-06T15:27:17.2343500Z E           [0m[1mDuring: typing of call at /Users/runner/work/tardis/tardis/tardis/plasma/properties/continuum_processes/fast_array_util.py (68)
2025-01-06T15:27:17.2344040Z E           [0m
2025-01-06T15:27:17.2344290Z E           [1m
2025-01-06T15:27:17.2344740Z E           File "tardis/plasma/properties/continuum_processes/fast_array_util.py", line 68:[0m
2025-01-06T15:27:17.2345380Z E           [1mdef cumulative_integrate_array_by_blocks(f, x, block_references):
2025-01-06T15:27:17.2345710Z E               <source elided>
2025-01-06T15:27:17.2346050Z E           
2025-01-06T15:27:17.2346360Z E           [1m            integrated[start:stop, col] = numba_cumulative_trapezoid(
2025-01-06T15:27:17.2346800Z E           [0m            [1m^[0m[0m
2025-01-06T15:27:17.2346990Z 
2025-01-06T15:27:17.2347310Z ../../../micromamba/envs/tardis/lib/python3.12/site-packages/numba/core/dispatcher.py:409: TypingError
2025-01-06T15:27:17.2347800Z ----------------------------- Captured stdout call -----------------------------
2025-01-06T15:27:17.2348300Z [[1mtardis.io.model.parse_density_configuration[0m][[1;33mWARNING[0m]  
2025-01-06T15:27:17.2348960Z 	Number of density points larger than number of shells. Assuming inner point irrelevant ([1mparse_density_configuration.py[0m:114)
2025-01-06T15:27:17.2349550Z ----------------------------- Captured stderr call -----------------------------
2025-01-06T15:27:17.2350340Z OMP: Info #276: omp_set_nested routine deprecated, please use omp_set_max_active_levels instead.
2025-01-06T15:27:17.2350960Z ------------------------------ Captured log call -------------------------------
2025-01-06T15:27:17.2351630Z WARNING  tardis.io.model.parse_density_configuration:parse_density_configuration.py:114 Number of density points larger than number of shells. Assuming inner point irrelevant
2025-01-06T15:27:17.2352450Z __________________________ test_montecarlo_continuum ___________________________
2025-01-06T15:27:17.2352710Z 
2025-01-06T15:27:17.2353280Z continuum_config = {'tardis_config_version': 'v1.0', 'supernova': {'luminosity_requested': <Quantity 4.31528298e+42 erg / s>, 'time_explo...': 10.0, 'survival_probability': 0.0, 'enable_biasing': False, 'virtual_packet_logging': False}}, 'config_dirname': ''}
2025-01-06T15:27:17.2354120Z regression_data = <tardis.tests.fixtures.regression_data.RegressionData object at 0x13990da60>
2025-01-06T15:27:17.2354560Z nlte_atomic_dataset = <Atomic Data UUID=None MD5=None Lines=69056 Levels=26012>
2025-01-06T15:27:17.2354780Z 
2025-01-06T15:27:17.2355000Z     @pytest.mark.continuum
2025-01-06T15:27:17.2355320Z     def test_montecarlo_continuum(
2025-01-06T15:27:17.2355590Z         continuum_config,
2025-01-06T15:27:17.2355880Z         regression_data,
2025-01-06T15:27:17.2356130Z         nlte_atomic_dataset,
2025-01-06T15:27:17.2356400Z     ):
2025-01-06T15:27:17.2356610Z         nlte_atomic_dataset = deepcopy(nlte_atomic_dataset)
2025-01-06T15:27:17.2356920Z >       continuum_simulation = Simulation.from_config(
2025-01-06T15:27:17.2357150Z             continuum_config,
2025-01-06T15:27:17.2357400Z             atom_data=nlte_atomic_dataset,
2025-01-06T15:27:17.2357740Z             virtual_packet_logging=False,
2025-01-06T15:27:17.2357970Z         )
2025-01-06T15:27:17.2358260Z 
2025-01-06T15:27:17.2358440Z tardis/transport/montecarlo/tests/test_continuum.py:16: 
2025-01-06T15:27:17.2358780Z _ _ _ _ _ _ _ _ _ _ _ _ _ _ _ _ _ _ _ _ _ _ _ _ _ _ _ _ _ _ _ _ _ _ _ _ _ _ _ _ 
2025-01-06T15:27:17.2359110Z tardis/simulation/base.py:769: in from_config
2025-01-06T15:27:17.2359370Z     plasma = assemble_plasma(
2025-01-06T15:27:17.2359710Z tardis/plasma/assembly/legacy_assembly.py:37: in assemble_plasma
2025-01-06T15:27:17.2360040Z     return plasma_solver_factory.assemble(
2025-01-06T15:27:17.2360400Z tardis/plasma/assembly/base.py:614: in assemble
2025-01-06T15:27:17.2360690Z     return BasePlasma(
2025-01-06T15:27:17.2361010Z tardis/io/util.py:195: in __new__
2025-01-06T15:27:17.2361240Z     instance.__init__(*args, **kwargs)
2025-01-06T15:27:17.2361560Z tardis/plasma/base.py:40: in __init__
2025-01-06T15:27:17.2361790Z     self.update(**kwargs)
2025-01-06T15:27:17.2362070Z tardis/plasma/base.py:192: in update
2025-01-06T15:27:17.2362360Z     self.plasma_properties_dict[module_name].update()
2025-01-06T15:27:17.2362740Z tardis/plasma/properties/base.py:110: in update
2025-01-06T15:27:17.2363080Z     self.calculate(*self._get_input_values()),
2025-01-06T15:27:17.2363450Z tardis/plasma/properties/continuum_processes/rates.py:231: in calculate
2025-01-06T15:27:17.2363900Z     alpha_sp_E = cumulative_integrate_array_by_blocks(
2025-01-06T15:27:17.2364370Z ../../../micromamba/envs/tardis/lib/python3.12/site-packages/numba/core/dispatcher.py:468: in _compile_for_args
2025-01-06T15:27:17.2364880Z     error_rewrite(e, 'typing')
2025-01-06T15:27:17.2365140Z _ _ _ _ _ _ _ _ _ _ _ _ _ _ _ _ _ _ _ _ _ _ _ _ _ _ _ _ _ _ _ _ _ _ _ _ _ _ _ _ 
2025-01-06T15:27:17.2365350Z 
2025-01-06T15:27:17.2365910Z e = TypingError('Failed in nopython mode pipeline (step: nopython frontend)\n\x1b[1m\x1b[1m\x1b[1m\x1b[1mFailed in nopytho...[1m            integrated[start:stop, col] = numba_cumulative_trapezoid(\n\x1b[0m            \x1b[1m^\x1b[0m\x1b[0m\n')
2025-01-06T15:27:17.2366580Z issue_type = 'typing'
2025-01-06T15:27:17.2366760Z 
2025-01-06T15:27:17.2366830Z     def error_rewrite(e, issue_type):
2025-01-06T15:27:17.2367070Z         """
2025-01-06T15:27:17.2367730Z         Rewrite and raise Exception `e` with help supplied based on the
2025-01-06T15:27:17.2368110Z         specified issue_type.
2025-01-06T15:27:17.2369330Z         """
2025-01-06T15:27:17.2369520Z         if config.SHOW_HELP:
2025-01-06T15:27:17.2369760Z             help_msg = errors.error_extras[issue_type]
2025-01-06T15:27:17.2370150Z             e.patch_message('\n'.join((str(e).rstrip(), help_msg)))
2025-01-06T15:27:17.2370480Z         if config.FULL_TRACEBACKS:
2025-01-06T15:27:17.2370760Z             raise e
2025-01-06T15:27:17.2370900Z         else:
2025-01-06T15:27:17.2371090Z >           raise e.with_traceback(None)
2025-01-06T15:27:17.2371570Z E           numba.core.errors.TypingError: Failed in nopython mode pipeline (step: nopython frontend)
2025-01-06T15:27:17.2372200Z E           [1m[1m[1m[1mFailed in nopython mode pipeline (step: nopython frontend)
2025-01-06T15:27:17.2372810Z E           [1m[1m[1mNo implementation of function Function(<built-in function concatenate>) found for signature:
2025-01-06T15:27:17.2373200Z E            
2025-01-06T15:27:17.2373410Z E            >>> concatenate(Tuple(list(int64)<iv=[0]>, array(float64, 1d, C)))
2025-01-06T15:27:17.2373650Z E            
2025-01-06T15:27:17.2373960Z E           There are 2 candidate implementations:
2025-01-06T15:27:17.2374280Z E           [1m  - Of which 1 did not match due to:
2025-01-06T15:27:17.2374710Z E             Overload in function 'impl_np_concatenate': File: numba/np/arrayobj.py: Line 5873.
2025-01-06T15:27:17.2375210Z E               With argument(s): '(Tuple(list(int64)<iv=None>, array(float64, 1d, C)))':[0m
2025-01-06T15:27:17.2375690Z E           [1m   Rejected as the implementation raised a specific error:
2025-01-06T15:27:17.2376080Z E                TypingError: Failed in nopython mode pipeline (step: nopython frontend)
2025-01-06T15:27:17.2376650Z E              [1m[1m[1mNo implementation of function Function(<intrinsic np_concatenate>) found for signature:
2025-01-06T15:27:17.2377350Z E               
2025-01-06T15:27:17.2377720Z E               >>> np_concatenate(Tuple(list(int64)<iv=None>, array(float64, 1d, C)), Literal[int](0))
2025-01-06T15:27:17.2378080Z E               
2025-01-06T15:27:17.2378340Z E              There are 2 candidate implementations:
2025-01-06T15:27:17.2378730Z E              [1m      - Of which 2 did not match due to:
2025-01-06T15:27:17.2379110Z E                    Intrinsic in function 'np_concatenate': File: numba/np/arrayobj.py: Line 5856.
2025-01-06T15:27:17.2379660Z E                      With argument(s): '(Tuple(list(int64)<iv=None>, array(float64, 1d, C)), int64)':[0m
2025-01-06T15:27:17.2380100Z E              [1m       Rejected as the implementation raised a specific error:
2025-01-06T15:27:17.2380720Z E                       TypeError: np.concatenate(): expecting a non-empty tuple of arrays, got Tuple(list(int64)<iv=None>, array(float64, 1d, C))[0m
2025-01-06T15:27:17.2381400Z E                raised from /Users/runner/micromamba/envs/tardis/lib/python3.12/site-packages/numba/core/typing/npydecl.py:526
2025-01-06T15:27:17.2381900Z E              [0m
2025-01-06T15:27:17.2382260Z E              [0m[1mDuring: resolving callee type: Function(<intrinsic np_concatenate>)[0m
2025-01-06T15:27:17.2382920Z E              [0m[1mDuring: typing of call at /Users/runner/micromamba/envs/tardis/lib/python3.12/site-packages/numba/np/arrayobj.py (5877)
2025-01-06T15:27:17.2383510Z E              [0m
2025-01-06T15:27:17.2383850Z E              [1m
2025-01-06T15:27:17.2384330Z E              File "../../../micromamba/envs/tardis/lib/python3.12/site-packages/numba/np/arrayobj.py", line 5877:[0m
2025-01-06T15:27:17.2384880Z E              [1m        def impl(arrays, axis=0):
2025-01-06T15:27:17.2385190Z E              [1m            return np_concatenate(arrays, axis)
2025-01-06T15:27:17.2385540Z E              [0m            [1m^[0m[0m
2025-01-06T15:27:17.2385770Z E           [0m
2025-01-06T15:27:17.2386440Z E             raised from /Users/runner/micromamba/envs/tardis/lib/python3.12/site-packages/numba/core/typeinfer.py:1091
2025-01-06T15:27:17.2406460Z E           [1m  - Of which 1 did not match due to:
2025-01-06T15:27:17.2406890Z E             Overload in function 'impl_np_concatenate': File: numba/np/arrayobj.py: Line 5873.
2025-01-06T15:27:17.2407450Z E               With argument(s): '(Tuple(list(int64)<iv=[0]>, array(float64, 1d, C)))':[0m
2025-01-06T15:27:17.2407890Z E           [1m   Rejected as the implementation raised a specific error:
2025-01-06T15:27:17.2408270Z E                TypingError: Failed in nopython mode pipeline (step: nopython frontend)
2025-01-06T15:27:17.2408890Z E              [1m[1m[1mNo implementation of function Function(<intrinsic np_concatenate>) found for signature:
2025-01-06T15:27:17.2409250Z E               
2025-01-06T15:27:17.2409500Z E               >>> np_concatenate(Tuple(list(int64)<iv=[0]>, array(float64, 1d, C)), Literal[int](0))
2025-01-06T15:27:17.2410360Z E               
2025-01-06T15:27:17.2410540Z E              There are 2 candidate implementations:
2025-01-06T15:27:17.2410950Z E              [1m      - Of which 1 did not match due to:
2025-01-06T15:27:17.2411280Z E                    Intrinsic in function 'np_concatenate': File: numba/np/arrayobj.py: Line 5856.
2025-01-06T15:27:17.2411740Z E                      With argument(s): '(Tuple(list(int64)<iv=None>, array(float64, 1d, C)), int64)':[0m
2025-01-06T15:27:17.2412150Z E              [1m       Rejected as the implementation raised a specific error:
2025-01-06T15:27:17.2412670Z E                       TypeError: np.concatenate(): expecting a non-empty tuple of arrays, got Tuple(list(int64)<iv=None>, array(float64, 1d, C))[0m
2025-01-06T15:27:17.2413280Z E                raised from /Users/runner/micromamba/envs/tardis/lib/python3.12/site-packages/numba/core/typing/npydecl.py:526
2025-01-06T15:27:17.2414050Z E              [1m      - Of which 1 did not match due to:
2025-01-06T15:27:17.2414400Z E                    Intrinsic in function 'np_concatenate': File: numba/np/arrayobj.py: Line 5856.
2025-01-06T15:27:17.2414870Z E                      With argument(s): '(Tuple(list(int64)<iv=[0]>, array(float64, 1d, C)), Literal[int](0))':[0m
2025-01-06T15:27:17.2415270Z E              [1m       Rejected as the implementation raised a specific error:
2025-01-06T15:27:17.2415790Z E                       TypeError: np.concatenate(): expecting a non-empty tuple of arrays, got Tuple(list(int64)<iv=[0]>, array(float64, 1d, C))[0m
2025-01-06T15:27:17.2416480Z E                raised from /Users/runner/micromamba/envs/tardis/lib/python3.12/site-packages/numba/core/typing/npydecl.py:526
2025-01-06T15:27:17.2416890Z E              [0m
2025-01-06T15:27:17.2417190Z E              [0m[1mDuring: resolving callee type: Function(<intrinsic np_concatenate>)[0m
2025-01-06T15:27:17.2418350Z E              [0m[1mDuring: typing of call at /Users/runner/micromamba/envs/tardis/lib/python3.12/site-packages/numba/np/arrayobj.py (5877)
2025-01-06T15:27:17.2418850Z E              [0m
2025-01-06T15:27:17.2419010Z E              [1m
2025-01-06T15:27:17.2419380Z E              File "../../../micromamba/envs/tardis/lib/python3.12/site-packages/numba/np/arrayobj.py", line 5877:[0m
2025-01-06T15:27:17.2419790Z E              [1m        def impl(arrays, axis=0):
2025-01-06T15:27:17.2420070Z E              [1m            return np_concatenate(arrays, axis)
2025-01-06T15:27:17.2420330Z E              [0m            [1m^[0m[0m
2025-01-06T15:27:17.2420540Z E           [0m
2025-01-06T15:27:17.2420880Z E             raised from /Users/runner/micromamba/envs/tardis/lib/python3.12/site-packages/numba/core/typeinfer.py:1091
2025-01-06T15:27:17.2421270Z E           [0m
2025-01-06T15:27:17.2421560Z E           [0m[1mDuring: resolving callee type: Function(<built-in function concatenate>)[0m
2025-01-06T15:27:17.2422180Z E           [0m[1mDuring: typing of call at /Users/runner/work/tardis/tardis/tardis/plasma/properties/continuum_processes/fast_array_util.py (36)
2025-01-06T15:27:17.2422640Z E           [0m
2025-01-06T15:27:17.2423140Z E           [1m
2025-01-06T15:27:17.2423480Z E           File "tardis/plasma/properties/continuum_processes/fast_array_util.py", line 36:[0m
2025-01-06T15:27:17.2423860Z E           [1mdef numba_cumulative_trapezoid(f, x):
2025-01-06T15:27:17.2424070Z E               <source elided>
2025-01-06T15:27:17.2424220Z E           
2025-01-06T15:27:17.2424470Z E           [1m    return np.concatenate(([0], cumulative / cumulative[-1]))
2025-01-06T15:27:17.2424750Z E           [0m    [1m^[0m[0m
2025-01-06T15:27:17.2424910Z E           
2025-01-06T15:27:17.2425300Z E           [0m[1mDuring: resolving callee type: type(CPUDispatcher(<function numba_cumulative_trapezoid at 0x118e43ec0>))[0m
2025-01-06T15:27:17.2425980Z E           [0m[1mDuring: typing of call at /Users/runner/work/tardis/tardis/tardis/plasma/properties/continuum_processes/fast_array_util.py (68)
2025-01-06T15:27:17.2426430Z E           [0m
2025-01-06T15:27:17.2426820Z E           [0m[1mDuring: resolving callee type: type(CPUDispatcher(<function numba_cumulative_trapezoid at 0x118e43ec0>))[0m
2025-01-06T15:27:17.2427520Z E           [0m[1mDuring: typing of call at /Users/runner/work/tardis/tardis/tardis/plasma/properties/continuum_processes/fast_array_util.py (68)
2025-01-06T15:27:17.2427970Z E           [0m
2025-01-06T15:27:17.2428120Z E           [1m
2025-01-06T15:27:17.2428440Z E           File "tardis/plasma/properties/continuum_processes/fast_array_util.py", line 68:[0m
2025-01-06T15:27:17.2428880Z E           [1mdef cumulative_integrate_array_by_blocks(f, x, block_references):
2025-01-06T15:27:17.2429150Z E               <source elided>
2025-01-06T15:27:17.2429310Z E           
2025-01-06T15:27:17.2429690Z E           [1m            integrated[start:stop, col] = numba_cumulative_trapezoid(
2025-01-06T15:27:17.2429990Z E           [0m            [1m^[0m[0m
2025-01-06T15:27:17.2430360Z 
2025-01-06T15:27:17.2430590Z ../../../micromamba/envs/tardis/lib/python3.12/site-packages/numba/core/dispatcher.py:409: TypingError
2025-01-06T15:27:17.2431020Z ----------------------------- Captured stdout call -----------------------------
2025-01-06T15:27:17.2431410Z [[1mtardis.io.model.parse_density_configuration[0m][[1;33mWARNING[0m]  
2025-01-06T15:27:17.2431970Z 	Number of density points larger than number of shells. Assuming inner point irrelevant ([1mparse_density_configuration.py[0m:114)
2025-01-06T15:27:17.2432450Z ------------------------------ Captured log call -------------------------------
2025-01-06T15:27:17.2433040Z WARNING  tardis.io.model.parse_density_configuration:parse_density_configuration.py:114 Number of density points larger than number of shells. Assuming inner point irrelevant
2025-01-06T15:27:17.2433700Z =============================== warnings summary ===============================
2025-01-06T15:27:17.2433950Z tardis/io/configuration/config_validator.py:6
2025-01-06T15:27:17.2434190Z tardis/io/configuration/config_validator.py:6
2025-01-06T15:27:17.2434600Z   /Users/runner/work/tardis/tardis/tardis/io/configuration/config_validator.py:6: DeprecationWarning:
2025-01-06T15:27:17.2435050Z   
2025-01-06T15:27:17.2436200Z   jsonschema.RefResolver is deprecated as of v4.18.0, in favor of the https://github.com/python-jsonschema/referencing library, which provides more compliant referencing behavior as well as more flexible APIs for customization. A future release will remove RefResolver. Please file a feature request (on referencing) if you are missing an API for the kind of customization you need.
2025-01-06T15:27:17.2437190Z 
2025-01-06T15:27:17.2437380Z ../../../micromamba/envs/tardis/lib/python3.12/site-packages/jupyter_client/connect.py:22
2025-01-06T15:27:17.2437920Z   /Users/runner/micromamba/envs/tardis/lib/python3.12/site-packages/jupyter_client/connect.py:22: DeprecationWarning:
2025-01-06T15:27:17.2438320Z   
2025-01-06T15:27:17.2438510Z   Jupyter is migrating its paths to use standard platformdirs
2025-01-06T15:27:17.2439060Z   given by the platformdirs library.  To remove this warning and
2025-01-06T15:27:17.2439400Z   see the appropriate new directories, set the environment variable
2025-01-06T15:27:17.2439720Z   `JUPYTER_PLATFORM_DIRS=1` and then run `jupyter --paths`.
2025-01-06T15:27:17.2440020Z   The use of platformdirs will be the default in `jupyter_core` v6
2025-01-06T15:27:17.2440210Z 
2025-01-06T15:27:17.2446580Z tardis/transport/montecarlo/estimators/tests/test_continuum_property_solver.py::test_continuum_estimators
2025-01-06T15:27:17.2447290Z   /Users/runner/work/tardis/tardis/tardis/plasma/properties/continuum_processes/fast_array_util.py:68: NumbaPendingDeprecationWarning:
2025-01-06T15:27:17.2447750Z   
2025-01-06T15:27:17.2448760Z   [1m[1m[1m[1mCode using Numba extension API maybe depending on 'old_style' error-capturing, which is deprecated and will be replaced by 'new_style' in a future release. See details at https://numba.readthedocs.io/en/latest/reference/deprecation.html#deprecation-of-old-style-numba-captured-errors
2025-01-06T15:27:17.2449590Z   Exception origin:
2025-01-06T15:27:17.2450070Z     File "/Users/runner/micromamba/envs/tardis/lib/python3.12/site-packages/numba/core/typing/npydecl.py", line 526, in _sequence_of_arrays
2025-01-06T15:27:17.2450600Z       raise TypeError("%s(): expecting a non-empty tuple of arrays, "
2025-01-06T15:27:17.2450860Z   [0m[0m[0m[0m
2025-01-06T15:27:17.2450950Z 
2025-01-06T15:27:17.2451100Z -- Docs: https://docs.pytest.org/en/stable/how-to/capture-warnings.html
2025-01-06T15:27:17.2451330Z 
2025-01-06T15:27:17.2451460Z ---------- coverage: platform darwin, python 3.12.4-final-0 ----------
2025-01-06T15:27:17.2452160Z Coverage HTML written to dir coverage_html_report
2025-01-06T15:27:17.2452390Z Coverage XML written to file coverage.xml
2025-01-06T15:27:17.2452540Z 
2025-01-06T15:27:17.2452640Z =========================== short test summary info ============================
2025-01-06T15:27:17.2453660Z FAILED tardis/transport/montecarlo/estimators/tests/test_continuum_property_solver.py::test_continuum_estimators - numba.core.errors.TypingError: Failed in nopython mode pipeline (step: nopython frontend)
2025-01-06T15:27:17.2454430Z [1m[1m[1m[1mFailed in nopython mode pipeline (step: nopython frontend)
2025-01-06T15:27:17.2454890Z [1m[1m[1mNo implementation of function Function(<built-in function concatenate>) found for signature:
2025-01-06T15:27:17.2455220Z  
2025-01-06T15:27:17.2455410Z  >>> concatenate(Tuple(list(int64)<iv=[0]>, array(float64, 1d, C)))
2025-01-06T15:27:17.2455650Z  
2025-01-06T15:27:17.2455780Z There are 2 candidate implementations:
2025-01-06T15:27:17.2456010Z [1m  - Of which 1 did not match due to:
2025-01-06T15:27:17.2456320Z   Overload in function 'impl_np_concatenate': File: numba/np/arrayobj.py: Line 5873.
2025-01-06T15:27:17.2456750Z     With argument(s): '(Tuple(list(int64)<iv=None>, array(float64, 1d, C)))':[0m
2025-01-06T15:27:17.2457120Z [1m   Rejected as the implementation raised a specific error:
2025-01-06T15:27:17.2457450Z      TypingError: Failed in nopython mode pipeline (step: nopython frontend)
2025-01-06T15:27:17.2457920Z    [1m[1m[1mNo implementation of function Function(<intrinsic np_concatenate>) found for signature:
2025-01-06T15:27:17.2458240Z     
2025-01-06T15:27:17.2458470Z     >>> np_concatenate(Tuple(list(int64)<iv=None>, array(float64, 1d, C)), Literal[int](0))
2025-01-06T15:27:17.2458750Z     
2025-01-06T15:27:17.2458890Z    There are 2 candidate implementations:
2025-01-06T15:27:17.2459140Z    [1m      - Of which 2 did not match due to:
2025-01-06T15:27:17.2459440Z          Intrinsic in function 'np_concatenate': File: numba/np/arrayobj.py: Line 5856.
2025-01-06T15:27:17.2459880Z            With argument(s): '(Tuple(list(int64)<iv=None>, array(float64, 1d, C)), int64)':[0m
2025-01-06T15:27:17.2460250Z    [1m       Rejected as the implementation raised a specific error:
2025-01-06T15:27:17.2460790Z             TypeError: np.concatenate(): expecting a non-empty tuple of arrays, got Tuple(list(int64)<iv=None>, array(float64, 1d, C))[0m
2025-01-06T15:27:17.2461770Z      raised from /Users/runner/micromamba/envs/tardis/lib/python3.12/site-packages/numba/core/typing/npydecl.py:526
2025-01-06T15:27:17.2462200Z    [0m
2025-01-06T15:27:17.2462460Z    [0m[1mDuring: resolving callee type: Function(<intrinsic np_concatenate>)[0m
2025-01-06T15:27:17.2463020Z    [0m[1mDuring: typing of call at /Users/runner/micromamba/envs/tardis/lib/python3.12/site-packages/numba/np/arrayobj.py (5877)
2025-01-06T15:27:17.2463430Z    [0m
2025-01-06T15:27:17.2463560Z    [1m
2025-01-06T15:27:17.2463890Z    File "../../../micromamba/envs/tardis/lib/python3.12/site-packages/numba/np/arrayobj.py", line 5877:[0m
2025-01-06T15:27:17.2464290Z    [1m        def impl(arrays, axis=0):
2025-01-06T15:27:17.2464550Z    [1m            return np_concatenate(arrays, axis)
2025-01-06T15:27:17.2464790Z    [0m            [1m^[0m[0m
2025-01-06T15:27:17.2464970Z [0m
2025-01-06T15:27:17.2465290Z   raised from /Users/runner/micromamba/envs/tardis/lib/python3.12/site-packages/numba/core/typeinfer.py:1091
2025-01-06T15:27:17.2465700Z [1m  - Of which 1 did not match due to:
2025-01-06T15:27:17.2466000Z   Overload in function 'impl_np_concatenate': File: numba/np/arrayobj.py: Line 5873.
2025-01-06T15:27:17.2466420Z     With argument(s): '(Tuple(list(int64)<iv=[0]>, array(float64, 1d, C)))':[0m
2025-01-06T15:27:17.2466770Z [1m   Rejected as the implementation raised a specific error:
2025-01-06T15:27:17.2467100Z      TypingError: Failed in nopython mode pipeline (step: nopython frontend)
2025-01-06T15:27:17.2467570Z    [1m[1m[1mNo implementation of function Function(<intrinsic np_concatenate>) found for signature:
2025-01-06T15:27:17.2467890Z     
2025-01-06T15:27:17.2468120Z     >>> np_concatenate(Tuple(list(int64)<iv=[0]>, array(float64, 1d, C)), Literal[int](0))
2025-01-06T15:27:17.2471030Z     
2025-01-06T15:27:17.2471230Z    There are 2 candidate implementations:
2025-01-06T15:27:17.2472370Z    [1m      - Of which 1 did not match due to:
2025-01-06T15:27:17.2472700Z          Intrinsic in function 'np_concatenate': File: numba/np/arrayobj.py: Line 5856.
2025-01-06T15:27:17.2473150Z            With argument(s): '(Tuple(list(int64)<iv=None>, array(float64, 1d, C)), int64)':[0m
2025-01-06T15:27:17.2473550Z    [1m       Rejected as the implementation raised a specific error:
2025-01-06T15:27:17.2474080Z             TypeError: np.concatenate(): expecting a non-empty tuple of arrays, got Tuple(list(int64)<iv=None>, array(float64, 1d, C))[0m
2025-01-06T15:27:17.2474690Z      raised from /Users/runner/micromamba/envs/tardis/lib/python3.12/site-packages/numba/core/typing/npydecl.py:526
2025-01-06T15:27:17.2475140Z    [1m      - Of which 1 did not match due to:
2025-01-06T15:27:17.2475440Z          Intrinsic in function 'np_concatenate': File: numba/np/arrayobj.py: Line 5856.
2025-01-06T15:27:17.2475900Z            With argument(s): '(Tuple(list(int64)<iv=[0]>, array(float64, 1d, C)), Literal[int](0))':[0m
2025-01-06T15:27:17.2476290Z    [1m       Rejected as the implementation raised a specific error:
2025-01-06T15:27:17.2476800Z             TypeError: np.concatenate(): expecting a non-empty tuple of arrays, got Tuple(list(int64)<iv=[0]>, array(float64, 1d, C))[0m
2025-01-06T15:27:17.2477390Z      raised from /Users/runner/micromamba/envs/tardis/lib/python3.12/site-packages/numba/core/typing/npydecl.py:526
2025-01-06T15:27:17.2477780Z    [0m
2025-01-06T15:27:17.2478050Z    [0m[1mDuring: resolving callee type: Function(<intrinsic np_concatenate>)[0m
2025-01-06T15:27:17.2478610Z    [0m[1mDuring: typing of call at /Users/runner/micromamba/envs/tardis/lib/python3.12/site-packages/numba/np/arrayobj.py (5877)
2025-01-06T15:27:17.2479020Z    [0m
2025-01-06T15:27:17.2479150Z    [1m
2025-01-06T15:27:17.2479480Z    File "../../../micromamba/envs/tardis/lib/python3.12/site-packages/numba/np/arrayobj.py", line 5877:[0m
2025-01-06T15:27:17.2479860Z    [1m        def impl(arrays, axis=0):
2025-01-06T15:27:17.2480120Z    [1m            return np_concatenate(arrays, axis)
2025-01-06T15:27:17.2480670Z    [0m            [1m^[0m[0m
2025-01-06T15:27:17.2480880Z [0m
2025-01-06T15:27:17.2481190Z   raised from /Users/runner/micromamba/envs/tardis/lib/python3.12/site-packages/numba/core/typeinfer.py:1091
2025-01-06T15:27:17.2481570Z [0m
2025-01-06T15:27:17.2481840Z [0m[1mDuring: resolving callee type: Function(<built-in function concatenate>)[0m
2025-01-06T15:27:17.2482440Z [0m[1mDuring: typing of call at /Users/runner/work/tardis/tardis/tardis/plasma/properties/continuum_processes/fast_array_util.py (36)
2025-01-06T15:27:17.2482870Z [0m
2025-01-06T15:27:17.2482980Z [1m
2025-01-06T15:27:17.2483270Z File "tardis/plasma/properties/continuum_processes/fast_array_util.py", line 36:[0m
2025-01-06T15:27:17.2483620Z [1mdef numba_cumulative_trapezoid(f, x):
2025-01-06T15:27:17.2483820Z     <source elided>
2025-01-06T15:27:17.2483910Z 
2025-01-06T15:27:17.2484080Z [1m    return np.concatenate(([0], cumulative / cumulative[-1]))
2025-01-06T15:27:17.2484340Z [0m    [1m^[0m[0m
2025-01-06T15:27:17.2484440Z 
2025-01-06T15:27:17.2484750Z [0m[1mDuring: resolving callee type: type(CPUDispatcher(<function numba_cumulative_trapezoid at 0x118e43ec0>))[0m
2025-01-06T15:27:17.2485420Z [0m[1mDuring: typing of call at /Users/runner/work/tardis/tardis/tardis/plasma/properties/continuum_processes/fast_array_util.py (68)
2025-01-06T15:27:17.2485860Z [0m
2025-01-06T15:27:17.2486220Z [0m[1mDuring: resolving callee type: type(CPUDispatcher(<function numba_cumulative_trapezoid at 0x118e43ec0>))[0m
2025-01-06T15:27:17.2486890Z [0m[1mDuring: typing of call at /Users/runner/work/tardis/tardis/tardis/plasma/properties/continuum_processes/fast_array_util.py (68)
2025-01-06T15:27:17.2487320Z [0m
2025-01-06T15:27:17.2487440Z [1m
2025-01-06T15:27:17.2487730Z File "tardis/plasma/properties/continuum_processes/fast_array_util.py", line 68:[0m
2025-01-06T15:27:17.2488290Z [1mdef cumulative_integrate_array_by_blocks(f, x, block_references):
2025-01-06T15:27:17.2488550Z     <source elided>
2025-01-06T15:27:17.2488640Z 
2025-01-06T15:27:17.2488810Z [1m            integrated[start:stop, col] = numba_cumulative_trapezoid(
2025-01-06T15:27:17.2489080Z [0m            [1m^[0m[0m
2025-01-06T15:27:17.2489690Z FAILED tardis/transport/montecarlo/tests/test_continuum.py::test_montecarlo_continuum - numba.core.errors.TypingError: Failed in nopython mode pipeline (step: nopython frontend)
2025-01-06T15:27:17.2490360Z [1m[1m[1m[1mFailed in nopython mode pipeline (step: nopython frontend)
2025-01-06T15:27:17.2490820Z [1m[1m[1mNo implementation of function Function(<built-in function concatenate>) found for signature:
2025-01-06T15:27:17.2491150Z  
2025-01-06T15:27:17.2491340Z  >>> concatenate(Tuple(list(int64)<iv=[0]>, array(float64, 1d, C)))
2025-01-06T15:27:17.2491580Z  
2025-01-06T15:27:17.2491710Z There are 2 candidate implementations:
2025-01-06T15:27:17.2491950Z [1m  - Of which 1 did not match due to:
2025-01-06T15:27:17.2492260Z   Overload in function 'impl_np_concatenate': File: numba/np/arrayobj.py: Line 5873.
2025-01-06T15:27:17.2492700Z     With argument(s): '(Tuple(list(int64)<iv=None>, array(float64, 1d, C)))':[0m
2025-01-06T15:27:17.2493070Z [1m   Rejected as the implementation raised a specific error:
2025-01-06T15:27:17.2493410Z      TypingError: Failed in nopython mode pipeline (step: nopython frontend)
2025-01-06T15:27:17.2493860Z    [1m[1m[1mNo implementation of function Function(<intrinsic np_concatenate>) found for signature:
2025-01-06T15:27:17.2494180Z     
2025-01-06T15:27:17.2494410Z     >>> np_concatenate(Tuple(list(int64)<iv=None>, array(float64, 1d, C)), Literal[int](0))
2025-01-06T15:27:17.2494690Z     
2025-01-06T15:27:17.2494830Z    There are 2 candidate implementations:
2025-01-06T15:27:17.2495080Z    [1m      - Of which 2 did not match due to:
2025-01-06T15:27:17.2495390Z          Intrinsic in function 'np_concatenate': File: numba/np/arrayobj.py: Line 5856.
2025-01-06T15:27:17.2496040Z            With argument(s): '(Tuple(list(int64)<iv=None>, array(float64, 1d, C)), int64)':[0m
2025-01-06T15:27:17.2496750Z    [1m       Rejected as the implementation raised a specific error:
2025-01-06T15:27:17.2497310Z             TypeError: np.concatenate(): expecting a non-empty tuple of arrays, got Tuple(list(int64)<iv=None>, array(float64, 1d, C))[0m
2025-01-06T15:27:17.2497930Z      raised from /Users/runner/micromamba/envs/tardis/lib/python3.12/site-packages/numba/core/typing/npydecl.py:526
2025-01-06T15:27:17.2498320Z    [0m
2025-01-06T15:27:17.2498590Z    [0m[1mDuring: resolving callee type: Function(<intrinsic np_concatenate>)[0m
2025-01-06T15:27:17.2499220Z    [0m[1mDuring: typing of call at /Users/runner/micromamba/envs/tardis/lib/python3.12/site-packages/numba/np/arrayobj.py (5877)
2025-01-06T15:27:17.2499640Z    [0m
2025-01-06T15:27:17.2499760Z    [1m
2025-01-06T15:27:17.2500110Z    File "../../../micromamba/envs/tardis/lib/python3.12/site-packages/numba/np/arrayobj.py", line 5877:[0m
2025-01-06T15:27:17.2500520Z    [1m        def impl(arrays, axis=0):
2025-01-06T15:27:17.2500780Z    [1m            return np_concatenate(arrays, axis)
2025-01-06T15:27:17.2501020Z    [0m            [1m^[0m[0m
2025-01-06T15:27:17.2501190Z [0m
2025-01-06T15:27:17.2501500Z   raised from /Users/runner/micromamba/envs/tardis/lib/python3.12/site-packages/numba/core/typeinfer.py:1091
2025-01-06T15:27:17.2502440Z [1m  - Of which 1 did not match due to:
2025-01-06T15:27:17.2502750Z   Overload in function 'impl_np_concatenate': File: numba/np/arrayobj.py: Line 5873.
2025-01-06T15:27:17.2503170Z     With argument(s): '(Tuple(list(int64)<iv=[0]>, array(float64, 1d, C)))':[0m
2025-01-06T15:27:17.2503520Z [1m   Rejected as the implementation raised a specific error:
2025-01-06T15:27:17.2503850Z      TypingError: Failed in nopython mode pipeline (step: nopython frontend)
2025-01-06T15:27:17.2504310Z    [1m[1m[1mNo implementation of function Function(<intrinsic np_concatenate>) found for signature:
2025-01-06T15:27:17.2504840Z     
2025-01-06T15:27:17.2505070Z     >>> np_concatenate(Tuple(list(int64)<iv=[0]>, array(float64, 1d, C)), Literal[int](0))
2025-01-06T15:27:17.2505340Z     
2025-01-06T15:27:17.2505480Z    There are 2 candidate implementations:
2025-01-06T15:27:17.2505740Z    [1m      - Of which 1 did not match due to:
2025-01-06T15:27:17.2506040Z          Intrinsic in function 'np_concatenate': File: numba/np/arrayobj.py: Line 5856.
2025-01-06T15:27:17.2506480Z            With argument(s): '(Tuple(list(int64)<iv=None>, array(float64, 1d, C)), int64)':[0m
2025-01-06T15:27:17.2506850Z    [1m       Rejected as the implementation raised a specific error:
2025-01-06T15:27:17.2507360Z             TypeError: np.concatenate(): expecting a non-empty tuple of arrays, got Tuple(list(int64)<iv=None>, array(float64, 1d, C))[0m
2025-01-06T15:27:17.2507950Z      raised from /Users/runner/micromamba/envs/tardis/lib/python3.12/site-packages/numba/core/typing/npydecl.py:526
2025-01-06T15:27:17.2508380Z    [1m      - Of which 1 did not match due to:
2025-01-06T15:27:17.2508690Z          Intrinsic in function 'np_concatenate': File: numba/np/arrayobj.py: Line 5856.
2025-01-06T15:27:17.2509140Z            With argument(s): '(Tuple(list(int64)<iv=[0]>, array(float64, 1d, C)), Literal[int](0))':[0m
2025-01-06T15:27:17.2509520Z    [1m       Rejected as the implementation raised a specific error:
2025-01-06T15:27:17.2510030Z             TypeError: np.concatenate(): expecting a non-empty tuple of arrays, got Tuple(list(int64)<iv=[0]>, array(float64, 1d, C))[0m
2025-01-06T15:27:17.2510620Z      raised from /Users/runner/micromamba/envs/tardis/lib/python3.12/site-packages/numba/core/typing/npydecl.py:526
2025-01-06T15:27:17.2511100Z    [0m
2025-01-06T15:27:17.2511360Z    [0m[1mDuring: resolving callee type: Function(<intrinsic np_concatenate>)[0m
2025-01-06T15:27:17.2511930Z    [0m[1mDuring: typing of call at /Users/runner/micromamba/envs/tardis/lib/python3.12/site-packages/numba/np/arrayobj.py (5877)
2025-01-06T15:27:17.2512340Z    [0m
2025-01-06T15:27:17.2512470Z    [1m
2025-01-06T15:27:17.2513050Z    File "../../../micromamba/envs/tardis/lib/python3.12/site-packages/numba/np/arrayobj.py", line 5877:[0m
2025-01-06T15:27:17.2513470Z    [1m        def impl(arrays, axis=0):
2025-01-06T15:27:17.2513710Z    [1m            return np_concatenate(arrays, axis)
2025-01-06T15:27:17.2513950Z    [0m            [1m^[0m[0m
2025-01-06T15:27:17.2514130Z [0m
2025-01-06T15:27:17.2514520Z   raised from /Users/runner/micromamba/envs/tardis/lib/python3.12/site-packages/numba/core/typeinfer.py:1091
2025-01-06T15:27:17.2515610Z [0m
2025-01-06T15:27:17.2515950Z [0m[1mDuring: resolving callee type: Function(<built-in function concatenate>)[0m
2025-01-06T15:27:17.2524680Z [0m[1mDuring: typing of call at /Users/runner/work/tardis/tardis/tardis/plasma/properties/continuum_processes/fast_array_util.py (36)
2025-01-06T15:27:17.2525150Z [0m
2025-01-06T15:27:17.2525280Z [1m
2025-01-06T15:27:17.2525610Z File "tardis/plasma/properties/continuum_processes/fast_array_util.py", line 36:[0m
2025-01-06T15:27:17.2525970Z [1mdef numba_cumulative_trapezoid(f, x):
2025-01-06T15:27:17.2526170Z     <source elided>
2025-01-06T15:27:17.2526260Z 
2025-01-06T15:27:17.2526420Z [1m    return np.concatenate(([0], cumulative / cumulative[-1]))
2025-01-06T15:27:17.2526680Z [0m    [1m^[0m[0m
2025-01-06T15:27:17.2526770Z 
2025-01-06T15:27:17.2527070Z [0m[1mDuring: resolving callee type: type(CPUDispatcher(<function numba_cumulative_trapezoid at 0x118e43ec0>))[0m
2025-01-06T15:27:17.2527750Z [0m[1mDuring: typing of call at /Users/runner/work/tardis/tardis/tardis/plasma/properties/continuum_processes/fast_array_util.py (68)
2025-01-06T15:27:17.2528180Z [0m
2025-01-06T15:27:17.2528550Z [0m[1mDuring: resolving callee type: type(CPUDispatcher(<function numba_cumulative_trapezoid at 0x118e43ec0>))[0m
2025-01-06T15:27:17.2529240Z [0m[1mDuring: typing of call at /Users/runner/work/tardis/tardis/tardis/plasma/properties/continuum_processes/fast_array_util.py (68)
2025-01-06T15:27:17.2529960Z [0m
2025-01-06T15:27:17.2530090Z [1m
2025-01-06T15:27:17.2530380Z File "tardis/plasma/properties/continuum_processes/fast_array_util.py", line 68:[0m
2025-01-06T15:27:17.2530820Z [1mdef cumulative_integrate_array_by_blocks(f, x, block_references):
2025-01-06T15:27:17.2531070Z     <source elided>
2025-01-06T15:27:17.2531170Z 
2025-01-06T15:27:17.2531340Z [1m            integrated[start:stop, col] = numba_cumulative_trapezoid(
2025-01-06T15:27:17.2531620Z [0m            [1m^[0m[0m
2025-01-06T15:27:17.2531860Z =============== 2 failed, 1794 deselected, 4 warnings in 17.91s ================
2025-01-06T15:27:18.1904640Z ##[error]Process completed with exit code 1.
2025-01-06T15:27:18.2015860Z Post job cleanup.
2025-01-06T15:27:18.2056000Z Post job cleanup.
2025-01-06T15:27:18.4219700Z Will use pre-installed micromamba at /Users/runner/micromamba-bin/micromamba
2025-01-06T15:27:18.4226020Z Removing micromamba run shell ...
2025-01-06T15:27:18.4229530Z ##[group]Deinitialize micromamba for bash
2025-01-06T15:27:18.4275310Z [command]/Users/runner/micromamba-bin/micromamba shell deinit -s bash -r /Users/runner/micromamba --log-level warning --rc-file /Users/runner/work/_temp/setup-micromamba/.condarc
2025-01-06T15:27:18.4753700Z Resetting RC file "/Users/runner/.bash_profile"
2025-01-06T15:27:18.4755300Z Deleting config for root prefix 
2025-01-06T15:27:18.4756300Z Clearing mamba executable environment variable
2025-01-06T15:27:18.4768190Z Removing the following in your "/Users/runner/.bash_profile" file
2025-01-06T15:27:18.4768730Z # >>> mamba initialize >>>
2025-01-06T15:27:18.4769560Z ...
2025-01-06T15:27:18.4769810Z # <<< mamba initialize <<<
2025-01-06T15:27:18.4836650Z Removing environment tardis from auto-activate bash ...
2025-01-06T15:27:18.4999050Z Post job cleanup.
2025-01-06T15:27:18.5053180Z Post job cleanup.
2025-01-06T15:27:18.6787400Z [command]/opt/homebrew/bin/git version
2025-01-06T15:27:18.6853140Z git version 2.47.1
2025-01-06T15:27:18.6907640Z Copying '/Users/runner/.gitconfig' to '/Users/runner/work/_temp/6f2bf369-8e63-43c3-9223-c088f5c1a8bb/.gitconfig'
2025-01-06T15:27:18.6914990Z Temporarily overriding HOME='/Users/runner/work/_temp/6f2bf369-8e63-43c3-9223-c088f5c1a8bb' before making global git config changes
2025-01-06T15:27:18.6915600Z Adding repository directory to the temporary git global config as a safe directory
2025-01-06T15:27:18.6918270Z [command]/opt/homebrew/bin/git config --global --add safe.directory /Users/runner/work/tardis/tardis/tardis-regression-data
2025-01-06T15:27:18.7018760Z [command]/opt/homebrew/bin/git config --local --name-only --get-regexp core\.sshCommand
2025-01-06T15:27:18.7076710Z [command]/opt/homebrew/bin/git submodule foreach --recursive sh -c "git config --local --name-only --get-regexp 'core\.sshCommand' && git config --local --unset-all 'core.sshCommand' || :"
2025-01-06T15:27:18.8510780Z [command]/opt/homebrew/bin/git config --local --name-only --get-regexp http\.https\:\/\/github\.com\/\.extraheader
2025-01-06T15:27:18.8551830Z http.https://github.com/.extraheader
2025-01-06T15:27:18.8572530Z [command]/opt/homebrew/bin/git config --local --unset-all http.https://github.com/.extraheader
2025-01-06T15:27:18.8643720Z [command]/opt/homebrew/bin/git submodule foreach --recursive sh -c "git config --local --name-only --get-regexp 'http\.https\:\/\/github\.com\/\.extraheader' && git config --local --unset-all 'http.https://github.com/.extraheader' || :"
2025-01-06T15:27:19.0017920Z Post job cleanup.
2025-01-06T15:27:19.2303570Z [command]/opt/homebrew/bin/git version
2025-01-06T15:27:19.2332700Z git version 2.47.1
2025-01-06T15:27:19.2367920Z Copying '/Users/runner/.gitconfig' to '/Users/runner/work/_temp/ae024705-528f-44e0-9dbc-6a69157662df/.gitconfig'
2025-01-06T15:27:19.2368720Z Temporarily overriding HOME='/Users/runner/work/_temp/ae024705-528f-44e0-9dbc-6a69157662df' before making global git config changes
2025-01-06T15:27:19.2369400Z Adding repository directory to the temporary git global config as a safe directory
2025-01-06T15:27:19.2370900Z [command]/opt/homebrew/bin/git config --global --add safe.directory /Users/runner/work/tardis/tardis
2025-01-06T15:27:19.2371950Z [command]/opt/homebrew/bin/git config --local --name-only --get-regexp core\.sshCommand
2025-01-06T15:27:19.2417860Z [command]/opt/homebrew/bin/git submodule foreach --recursive sh -c "git config --local --name-only --get-regexp 'core\.sshCommand' && git config --local --unset-all 'core.sshCommand' || :"
2025-01-06T15:27:19.4080060Z [command]/opt/homebrew/bin/git config --local --name-only --get-regexp http\.https\:\/\/github\.com\/\.extraheader
2025-01-06T15:27:19.4120470Z http.https://github.com/.extraheader
2025-01-06T15:27:19.4129480Z [command]/opt/homebrew/bin/git config --local --unset-all http.https://github.com/.extraheader
2025-01-06T15:27:19.4195210Z [command]/opt/homebrew/bin/git submodule foreach --recursive sh -c "git config --local --name-only --get-regexp 'http\.https\:\/\/github\.com\/\.extraheader' && git config --local --unset-all 'http.https://github.com/.extraheader' || :"
2025-01-06T15:27:19.6756810Z Cleaning up orphan processes
