2025-01-06T15:24:55.1910111Z Requested labels: ubuntu-latest
2025-01-06T15:24:55.1911228Z Job defined at: tardis-sn/tardis/.github/workflows/tests.yml@refs/pull/2914/merge
2025-01-06T15:24:55.1911458Z Waiting for a runner to pick up this job...
2025-01-06T15:24:55.4283463Z Job is waiting for a hosted runner to come online.
2025-01-06T15:24:58.7902589Z Job is about to start running on the hosted runner: GitHub Actions 58 (hosted)
2025-01-06T15:25:00.8888751Z Current runner version: '2.321.0'
2025-01-06T15:25:00.8913343Z ##[group]Operating System
2025-01-06T15:25:00.8914272Z Ubuntu
2025-01-06T15:25:00.8914840Z 24.04.1
2025-01-06T15:25:00.8915343Z LTS
2025-01-06T15:25:00.8915815Z ##[endgroup]
2025-01-06T15:25:00.8916393Z ##[group]Runner Image
2025-01-06T15:25:00.8916980Z Image: ubuntu-24.04
2025-01-06T15:25:00.8917483Z Version: 20241215.1.0
2025-01-06T15:25:00.8918574Z Included Software: https://github.com/actions/runner-images/blob/ubuntu24/20241215.1/images/ubuntu/Ubuntu2404-Readme.md
2025-01-06T15:25:00.8920067Z Image Release: https://github.com/actions/runner-images/releases/tag/ubuntu24%2F20241215.1
2025-01-06T15:25:00.8921017Z ##[endgroup]
2025-01-06T15:25:00.8921648Z ##[group]Runner Image Provisioner
2025-01-06T15:25:00.8922205Z 2.0.404.1
2025-01-06T15:25:00.8922660Z ##[endgroup]
2025-01-06T15:25:00.8925048Z ##[group]GITHUB_TOKEN Permissions
2025-01-06T15:25:00.8926935Z Actions: read
2025-01-06T15:25:00.8927774Z Attestations: read
2025-01-06T15:25:00.8928341Z Checks: read
2025-01-06T15:25:00.8928939Z Contents: read
2025-01-06T15:25:00.8929410Z Deployments: read
2025-01-06T15:25:00.8929915Z Discussions: read
2025-01-06T15:25:00.8930497Z Issues: read
2025-01-06T15:25:00.8930950Z Metadata: read
2025-01-06T15:25:00.8931454Z Packages: read
2025-01-06T15:25:00.8932004Z Pages: read
2025-01-06T15:25:00.8932455Z PullRequests: read
2025-01-06T15:25:00.8932986Z RepositoryProjects: read
2025-01-06T15:25:00.8933599Z SecurityEvents: read
2025-01-06T15:25:00.8934307Z Statuses: read
2025-01-06T15:25:00.8934812Z ##[endgroup]
2025-01-06T15:25:00.8937733Z Secret source: None
2025-01-06T15:25:00.8938364Z Prepare workflow directory
2025-01-06T15:25:00.9564279Z Prepare all required actions
2025-01-06T15:25:00.9600568Z Getting action download info
2025-01-06T15:25:01.1854486Z Download action repository 'actions/checkout@v4' (SHA:11bd71901bbe5b1630ceea73d27597364c9af683)
2025-01-06T15:25:01.2949772Z Download action repository 'actions/upload-artifact@v4' (SHA:6f51ac03b9356f520e9adb1b1b7802705f340c2b)
2025-01-06T15:25:02.2846234Z Complete job name:  continuum ubuntu-latest 
2025-01-06T15:25:02.3522967Z ##[group]Run actions/checkout@v4
2025-01-06T15:25:02.3524029Z with:
2025-01-06T15:25:02.3524485Z   repository: tardis-sn/tardis
2025-01-06T15:25:02.3525198Z   token: ***
2025-01-06T15:25:02.3525615Z   ssh-strict: true
2025-01-06T15:25:02.3526041Z   ssh-user: git
2025-01-06T15:25:02.3526484Z   persist-credentials: true
2025-01-06T15:25:02.3526974Z   clean: true
2025-01-06T15:25:02.3527421Z   sparse-checkout-cone-mode: true
2025-01-06T15:25:02.3527938Z   fetch-depth: 1
2025-01-06T15:25:02.3528356Z   fetch-tags: false
2025-01-06T15:25:02.3528813Z   show-progress: true
2025-01-06T15:25:02.3529253Z   lfs: false
2025-01-06T15:25:02.3529693Z   submodules: false
2025-01-06T15:25:02.3530151Z   set-safe-directory: true
2025-01-06T15:25:02.3530877Z env:
2025-01-06T15:25:02.3531281Z   CACHE_NUMBER: 0
2025-01-06T15:25:02.3532537Z   PYTEST_FLAGS: --tardis-regression-data=/home/runner/work/tardis/tardis/tardis-regression-data --cov=tardis --cov-report=xml --cov-report=html --cov-append
2025-01-06T15:25:02.3534067Z   CODECOV_TOKEN: 
2025-01-06T15:25:02.3534501Z ##[endgroup]
2025-01-06T15:25:02.6129952Z Syncing repository: tardis-sn/tardis
2025-01-06T15:25:02.6131802Z ##[group]Getting Git version info
2025-01-06T15:25:02.6132624Z Working directory is '/home/runner/work/tardis/tardis'
2025-01-06T15:25:02.6133568Z [command]/usr/bin/git version
2025-01-06T15:25:02.6220595Z git version 2.47.1
2025-01-06T15:25:02.6253331Z ##[endgroup]
2025-01-06T15:25:02.6269726Z Temporarily overriding HOME='/home/runner/work/_temp/2a95caa7-0d76-43b2-baf9-b0ff796f7a4b' before making global git config changes
2025-01-06T15:25:02.6272094Z Adding repository directory to the temporary git global config as a safe directory
2025-01-06T15:25:02.6276869Z [command]/usr/bin/git config --global --add safe.directory /home/runner/work/tardis/tardis
2025-01-06T15:25:02.6319344Z Deleting the contents of '/home/runner/work/tardis/tardis'
2025-01-06T15:25:02.6323231Z ##[group]Initializing the repository
2025-01-06T15:25:02.6327493Z [command]/usr/bin/git init /home/runner/work/tardis/tardis
2025-01-06T15:25:02.6433184Z hint: Using 'master' as the name for the initial branch. This default branch name
2025-01-06T15:25:02.6434577Z hint: is subject to change. To configure the initial branch name to use in all
2025-01-06T15:25:02.6435512Z hint: of your new repositories, which will suppress this warning, call:
2025-01-06T15:25:02.6436208Z hint:
2025-01-06T15:25:02.6436704Z hint: 	git config --global init.defaultBranch <name>
2025-01-06T15:25:02.6437308Z hint:
2025-01-06T15:25:02.6437876Z hint: Names commonly chosen instead of 'master' are 'main', 'trunk' and
2025-01-06T15:25:02.6438812Z hint: 'development'. The just-created branch can be renamed via this command:
2025-01-06T15:25:02.6439630Z hint:
2025-01-06T15:25:02.6440023Z hint: 	git branch -m <name>
2025-01-06T15:25:02.6443207Z Initialized empty Git repository in /home/runner/work/tardis/tardis/.git/
2025-01-06T15:25:02.6454766Z [command]/usr/bin/git remote add origin https://github.com/tardis-sn/tardis
2025-01-06T15:25:02.6491676Z ##[endgroup]
2025-01-06T15:25:02.6492438Z ##[group]Disabling automatic garbage collection
2025-01-06T15:25:02.6496059Z [command]/usr/bin/git config --local gc.auto 0
2025-01-06T15:25:02.6525685Z ##[endgroup]
2025-01-06T15:25:02.6526730Z ##[group]Setting up auth
2025-01-06T15:25:02.6532138Z [command]/usr/bin/git config --local --name-only --get-regexp core\.sshCommand
2025-01-06T15:25:02.6562754Z [command]/usr/bin/git submodule foreach --recursive sh -c "git config --local --name-only --get-regexp 'core\.sshCommand' && git config --local --unset-all 'core.sshCommand' || :"
2025-01-06T15:25:02.6927898Z [command]/usr/bin/git config --local --name-only --get-regexp http\.https\:\/\/github\.com\/\.extraheader
2025-01-06T15:25:02.6958368Z [command]/usr/bin/git submodule foreach --recursive sh -c "git config --local --name-only --get-regexp 'http\.https\:\/\/github\.com\/\.extraheader' && git config --local --unset-all 'http.https://github.com/.extraheader' || :"
2025-01-06T15:25:02.7192346Z [command]/usr/bin/git config --local http.https://github.com/.extraheader AUTHORIZATION: basic ***
2025-01-06T15:25:02.7228978Z ##[endgroup]
2025-01-06T15:25:02.7230060Z ##[group]Fetching the repository
2025-01-06T15:25:02.7238669Z [command]/usr/bin/git -c protocol.version=2 fetch --no-tags --prune --no-recurse-submodules --depth=1 origin +4cc4f89acf75c3b88f77f4df4bb3f85eada7fb10:refs/remotes/pull/2914/merge
2025-01-06T15:25:04.2936059Z From https://github.com/tardis-sn/tardis
2025-01-06T15:25:04.2938557Z  * [new ref]         4cc4f89acf75c3b88f77f4df4bb3f85eada7fb10 -> pull/2914/merge
2025-01-06T15:25:04.2966328Z ##[endgroup]
2025-01-06T15:25:04.2967569Z ##[group]Determining the checkout info
2025-01-06T15:25:04.2969021Z ##[endgroup]
2025-01-06T15:25:04.2973098Z [command]/usr/bin/git sparse-checkout disable
2025-01-06T15:25:04.3014768Z [command]/usr/bin/git config --local --unset-all extensions.worktreeConfig
2025-01-06T15:25:04.3041561Z ##[group]Checking out the ref
2025-01-06T15:25:04.3045308Z [command]/usr/bin/git checkout --progress --force refs/remotes/pull/2914/merge
2025-01-06T15:25:04.5035107Z Note: switching to 'refs/remotes/pull/2914/merge'.
2025-01-06T15:25:04.5037510Z 
2025-01-06T15:25:04.5038377Z You are in 'detached HEAD' state. You can look around, make experimental
2025-01-06T15:25:04.5040501Z changes and commit them, and you can discard any commits you make in this
2025-01-06T15:25:04.5042643Z state without impacting any branches by switching back to a branch.
2025-01-06T15:25:04.5044100Z 
2025-01-06T15:25:04.5044956Z If you want to create a new branch to retain commits you create, you may
2025-01-06T15:25:04.5046858Z do so (now or later) by using -c with the switch command. Example:
2025-01-06T15:25:04.5047957Z 
2025-01-06T15:25:04.5048429Z   git switch -c <new-branch-name>
2025-01-06T15:25:04.5049230Z 
2025-01-06T15:25:04.5049706Z Or undo this operation with:
2025-01-06T15:25:04.5050457Z 
2025-01-06T15:25:04.5051293Z   git switch -
2025-01-06T15:25:04.5051884Z 
2025-01-06T15:25:04.5052860Z Turn off this advice by setting config variable advice.detachedHead to false
2025-01-06T15:25:04.5054427Z 
2025-01-06T15:25:04.5055996Z HEAD is now at 4cc4f89 Merge 7a1eb26854b7e4efdc9aaf4777e0d6f68929251c into d73192c5c19f97382cd336c6f8675d9befb0153a
2025-01-06T15:25:04.5065644Z ##[endgroup]
2025-01-06T15:25:04.5113294Z [command]/usr/bin/git log -1 --format=%H
2025-01-06T15:25:04.5137055Z 4cc4f89acf75c3b88f77f4df4bb3f85eada7fb10
2025-01-06T15:25:04.5438609Z Prepare all required actions
2025-01-06T15:25:04.5439582Z Getting action download info
2025-01-06T15:25:04.7163210Z Download action repository 'actions/cache@v4' (SHA:1bd1e32a3bdc45362d1e726936510720a7c30a57)
2025-01-06T15:25:05.6009554Z ##[group]Run ./.github/actions/setup_lfs
2025-01-06T15:25:05.6009827Z with:
2025-01-06T15:25:05.6010072Z   regression-data-repo: tardis-sn/tardis-regression-data
2025-01-06T15:25:05.6010363Z env:
2025-01-06T15:25:05.6010548Z   CACHE_NUMBER: 0
2025-01-06T15:25:05.6011157Z   PYTEST_FLAGS: --tardis-regression-data=/home/runner/work/tardis/tardis/tardis-regression-data --cov=tardis --cov-report=xml --cov-report=html --cov-append
2025-01-06T15:25:05.6011803Z   CODECOV_TOKEN: 
2025-01-06T15:25:05.6011976Z ##[endgroup]
2025-01-06T15:25:05.6129967Z ##[group]Run actions/checkout@v4
2025-01-06T15:25:05.6130342Z with:
2025-01-06T15:25:05.6130680Z   repository: tardis-sn/tardis-regression-data
2025-01-06T15:25:05.6131147Z   path: tardis-regression-data
2025-01-06T15:25:05.6131773Z   token: ***
2025-01-06T15:25:05.6132045Z   ssh-strict: true
2025-01-06T15:25:05.6132334Z   ssh-user: git
2025-01-06T15:25:05.6132629Z   persist-credentials: true
2025-01-06T15:25:05.6132966Z   clean: true
2025-01-06T15:25:05.6133270Z   sparse-checkout-cone-mode: true
2025-01-06T15:25:05.6133632Z   fetch-depth: 1
2025-01-06T15:25:05.6134094Z   fetch-tags: false
2025-01-06T15:25:05.6134407Z   show-progress: true
2025-01-06T15:25:05.6134710Z   lfs: false
2025-01-06T15:25:05.6134963Z   submodules: false
2025-01-06T15:25:05.6135252Z   set-safe-directory: true
2025-01-06T15:25:05.6135561Z env:
2025-01-06T15:25:05.6135795Z   CACHE_NUMBER: 0
2025-01-06T15:25:05.6136910Z   PYTEST_FLAGS: --tardis-regression-data=/home/runner/work/tardis/tardis/tardis-regression-data --cov=tardis --cov-report=xml --cov-report=html --cov-append
2025-01-06T15:25:05.6137574Z   CODECOV_TOKEN: 
2025-01-06T15:25:05.6137751Z ##[endgroup]
2025-01-06T15:25:05.7059640Z Syncing repository: tardis-sn/tardis-regression-data
2025-01-06T15:25:05.7065467Z ##[group]Getting Git version info
2025-01-06T15:25:05.7066116Z Working directory is '/home/runner/work/tardis/tardis/tardis-regression-data'
2025-01-06T15:25:05.7107248Z [command]/usr/bin/git version
2025-01-06T15:25:05.7151751Z git version 2.47.1
2025-01-06T15:25:05.7176997Z ##[endgroup]
2025-01-06T15:25:05.7189600Z Temporarily overriding HOME='/home/runner/work/_temp/281034c6-8801-495c-a785-3881a195475a' before making global git config changes
2025-01-06T15:25:05.7190499Z Adding repository directory to the temporary git global config as a safe directory
2025-01-06T15:25:05.7194989Z [command]/usr/bin/git config --global --add safe.directory /home/runner/work/tardis/tardis/tardis-regression-data
2025-01-06T15:25:05.7225319Z ##[group]Initializing the repository
2025-01-06T15:25:05.7230209Z [command]/usr/bin/git init /home/runner/work/tardis/tardis/tardis-regression-data
2025-01-06T15:25:05.7278758Z hint: Using 'master' as the name for the initial branch. This default branch name
2025-01-06T15:25:05.7281039Z hint: is subject to change. To configure the initial branch name to use in all
2025-01-06T15:25:05.7281829Z hint: of your new repositories, which will suppress this warning, call:
2025-01-06T15:25:05.7282445Z hint:
2025-01-06T15:25:05.7282855Z hint: 	git config --global init.defaultBranch <name>
2025-01-06T15:25:05.7283372Z hint:
2025-01-06T15:25:05.7284054Z hint: Names commonly chosen instead of 'master' are 'main', 'trunk' and
2025-01-06T15:25:05.7284911Z hint: 'development'. The just-created branch can be renamed via this command:
2025-01-06T15:25:05.7285850Z hint:
2025-01-06T15:25:05.7286184Z hint: 	git branch -m <name>
2025-01-06T15:25:05.7286971Z Initialized empty Git repository in /home/runner/work/tardis/tardis/tardis-regression-data/.git/
2025-01-06T15:25:05.7292472Z [command]/usr/bin/git remote add origin https://github.com/tardis-sn/tardis-regression-data
2025-01-06T15:25:05.7321403Z ##[endgroup]
2025-01-06T15:25:05.7322014Z ##[group]Disabling automatic garbage collection
2025-01-06T15:25:05.7327311Z [command]/usr/bin/git config --local gc.auto 0
2025-01-06T15:25:05.7354414Z ##[endgroup]
2025-01-06T15:25:05.7355001Z ##[group]Setting up auth
2025-01-06T15:25:05.7361553Z [command]/usr/bin/git config --local --name-only --get-regexp core\.sshCommand
2025-01-06T15:25:05.7390293Z [command]/usr/bin/git submodule foreach --recursive sh -c "git config --local --name-only --get-regexp 'core\.sshCommand' && git config --local --unset-all 'core.sshCommand' || :"
2025-01-06T15:25:05.7614095Z [command]/usr/bin/git config --local --name-only --get-regexp http\.https\:\/\/github\.com\/\.extraheader
2025-01-06T15:25:05.7642933Z [command]/usr/bin/git submodule foreach --recursive sh -c "git config --local --name-only --get-regexp 'http\.https\:\/\/github\.com\/\.extraheader' && git config --local --unset-all 'http.https://github.com/.extraheader' || :"
2025-01-06T15:25:05.7869104Z [command]/usr/bin/git config --local http.https://github.com/.extraheader AUTHORIZATION: basic ***
2025-01-06T15:25:05.7905039Z ##[endgroup]
2025-01-06T15:25:05.7905747Z ##[group]Determining the default branch
2025-01-06T15:25:05.7909159Z Retrieving the default branch name
2025-01-06T15:25:06.1918197Z Default branch 'main'
2025-01-06T15:25:06.1919623Z ##[endgroup]
2025-01-06T15:25:06.1920785Z ##[group]Fetching the repository
2025-01-06T15:25:06.1928417Z [command]/usr/bin/git -c protocol.version=2 fetch --no-tags --prune --no-recurse-submodules --depth=1 origin +refs/heads/main:refs/remotes/origin/main
2025-01-06T15:25:06.9720663Z From https://github.com/tardis-sn/tardis-regression-data
2025-01-06T15:25:06.9721271Z  * [new branch]      main       -> origin/main
2025-01-06T15:25:06.9745140Z ##[endgroup]
2025-01-06T15:25:06.9745695Z ##[group]Determining the checkout info
2025-01-06T15:25:06.9746957Z ##[endgroup]
2025-01-06T15:25:06.9752034Z [command]/usr/bin/git sparse-checkout disable
2025-01-06T15:25:06.9790381Z [command]/usr/bin/git config --local --unset-all extensions.worktreeConfig
2025-01-06T15:25:06.9817439Z ##[group]Checking out the ref
2025-01-06T15:25:06.9821450Z [command]/usr/bin/git checkout --progress --force -B main refs/remotes/origin/main
2025-01-06T15:25:07.0870341Z Switched to a new branch 'main'
2025-01-06T15:25:07.0872336Z branch 'main' set up to track 'origin/main'.
2025-01-06T15:25:07.1126356Z ##[endgroup]
2025-01-06T15:25:07.1164868Z [command]/usr/bin/git log -1 --format=%H
2025-01-06T15:25:07.1188621Z 666ab8501c2b2aea30d05b8822e7ddbfca078d23
2025-01-06T15:25:07.1327312Z ##[group]Run git lfs ls-files -l | cut -d' ' -f1 | sort > .lfs-assets-id
2025-01-06T15:25:07.1327829Z [36;1mgit lfs ls-files -l | cut -d' ' -f1 | sort > .lfs-assets-id[0m
2025-01-06T15:25:07.1357933Z shell: /usr/bin/bash --noprofile --norc -e -o pipefail {0}
2025-01-06T15:25:07.1358295Z env:
2025-01-06T15:25:07.1358454Z   CACHE_NUMBER: 0
2025-01-06T15:25:07.1359064Z   PYTEST_FLAGS: --tardis-regression-data=/home/runner/work/tardis/tardis/tardis-regression-data --cov=tardis --cov-report=xml --cov-report=html --cov-append
2025-01-06T15:25:07.1359715Z   CODECOV_TOKEN: 
2025-01-06T15:25:07.1359892Z ##[endgroup]
2025-01-06T15:25:07.2790461Z ##[group]Run actions/cache/restore@v4
2025-01-06T15:25:07.2790753Z with:
2025-01-06T15:25:07.2790970Z   path: tardis-regression-data/.git/lfs
2025-01-06T15:25:07.2791466Z   key: Linux-lfs-21f9fa4b6817cc69b9fae3598144724da7828e276a73bd17f47a2a49d9af090a-v1
2025-01-06T15:25:07.2791967Z   enableCrossOsArchive: false
2025-01-06T15:25:07.2792234Z   fail-on-cache-miss: false
2025-01-06T15:25:07.2792642Z   lookup-only: false
2025-01-06T15:25:07.2792857Z env:
2025-01-06T15:25:07.2793045Z   CACHE_NUMBER: 0
2025-01-06T15:25:07.2793749Z   PYTEST_FLAGS: --tardis-regression-data=/home/runner/work/tardis/tardis/tardis-regression-data --cov=tardis --cov-report=xml --cov-report=html --cov-append
2025-01-06T15:25:07.2794751Z   CODECOV_TOKEN: 
2025-01-06T15:25:07.2794960Z ##[endgroup]
2025-01-06T15:25:08.9320087Z Received 12582912 of 1708418946 (0.7%), 12.0 MBs/sec
2025-01-06T15:25:09.9329718Z Received 171966464 of 1708418946 (10.1%), 82.0 MBs/sec
2025-01-06T15:25:10.9331848Z Received 348127232 of 1708418946 (20.4%), 110.6 MBs/sec
2025-01-06T15:25:11.9360254Z Received 528482304 of 1708418946 (30.9%), 125.9 MBs/sec
2025-01-06T15:25:12.9362449Z Received 683671552 of 1708418946 (40.0%), 130.3 MBs/sec
2025-01-06T15:25:13.9364432Z Received 843055104 of 1708418946 (49.3%), 133.9 MBs/sec
2025-01-06T15:25:14.9366648Z Received 985661440 of 1708418946 (57.7%), 134.2 MBs/sec
2025-01-06T15:25:15.9363264Z Received 1149239296 of 1708418946 (67.3%), 136.9 MBs/sec
2025-01-06T15:25:16.9361378Z Received 1321205760 of 1708418946 (77.3%), 139.9 MBs/sec
2025-01-06T15:25:17.9361070Z Received 1476395008 of 1708418946 (86.4%), 140.7 MBs/sec
2025-01-06T15:25:18.9362302Z Received 1652555776 of 1708418946 (96.7%), 143.2 MBs/sec
2025-01-06T15:25:19.2780207Z Cache Size: ~1629 MB (1708418946 B)
2025-01-06T15:25:19.2819671Z [command]/usr/bin/tar -xf /home/runner/work/_temp/baf91cc6-3327-409a-a466-05b106ce4cf9/cache.tzst -P -C /home/runner/work/tardis/tardis --use-compress-program unzstd
2025-01-06T15:25:19.9367339Z Received 1708418946 of 1708418946 (100.0%), 135.7 MBs/sec
2025-01-06T15:25:25.7023451Z Cache restored successfully
2025-01-06T15:25:26.0245622Z Cache restored from key: Linux-lfs-21f9fa4b6817cc69b9fae3598144724da7828e276a73bd17f47a2a49d9af090a-v1
2025-01-06T15:25:26.0401213Z ##[group]Run git lfs checkout
2025-01-06T15:25:26.0401462Z [36;1mgit lfs checkout[0m
2025-01-06T15:25:26.0427698Z shell: /usr/bin/bash --noprofile --norc -e -o pipefail {0}
2025-01-06T15:25:26.0428019Z env:
2025-01-06T15:25:26.0428188Z   CACHE_NUMBER: 0
2025-01-06T15:25:26.0428790Z   PYTEST_FLAGS: --tardis-regression-data=/home/runner/work/tardis/tardis/tardis-regression-data --cov=tardis --cov-report=xml --cov-report=html --cov-append
2025-01-06T15:25:26.0429431Z   CODECOV_TOKEN: 
2025-01-06T15:25:26.0429612Z ##[endgroup]
2025-01-06T15:25:37.4741718Z Checking out LFS objects: 100% (204/204), 3.5 GB | 318 MB/s, done.
2025-01-06T15:25:41.1490853Z Prepare all required actions
2025-01-06T15:25:41.1491199Z Getting action download info
2025-01-06T15:25:41.3188003Z Download action repository 'mamba-org/setup-micromamba@v1' (SHA:4b9113af4fba0e9e1124b252dd6497a419e7396d)
2025-01-06T15:25:42.1319040Z ##[group]Run ./.github/actions/setup_env
2025-01-06T15:25:42.1319309Z with:
2025-01-06T15:25:42.1319502Z   os-label: linux-64
2025-01-06T15:25:42.1319692Z env:
2025-01-06T15:25:42.1319846Z   CACHE_NUMBER: 0
2025-01-06T15:25:42.1320461Z   PYTEST_FLAGS: --tardis-regression-data=/home/runner/work/tardis/tardis/tardis-regression-data --cov=tardis --cov-report=xml --cov-report=html --cov-append
2025-01-06T15:25:42.1321133Z   CODECOV_TOKEN: 
2025-01-06T15:25:42.1321314Z ##[endgroup]
2025-01-06T15:25:42.1340239Z ##[group]Run file_hash=$(cat conda-linux-64.lock | shasum -a 256 | cut -d' ' -f1)
2025-01-06T15:25:42.1340714Z [36;1mfile_hash=$(cat conda-linux-64.lock | shasum -a 256 | cut -d' ' -f1)[0m
2025-01-06T15:25:42.1341132Z [36;1mecho "file_hash=$file_hash" >> "${GITHUB_OUTPUT}"[0m
2025-01-06T15:25:42.1367145Z shell: /usr/bin/bash --noprofile --norc -e -o pipefail {0}
2025-01-06T15:25:42.1367456Z env:
2025-01-06T15:25:42.1367616Z   CACHE_NUMBER: 0
2025-01-06T15:25:42.1368208Z   PYTEST_FLAGS: --tardis-regression-data=/home/runner/work/tardis/tardis/tardis-regression-data --cov=tardis --cov-report=xml --cov-report=html --cov-append
2025-01-06T15:25:42.1368841Z   CODECOV_TOKEN: 
2025-01-06T15:25:42.1369014Z ##[endgroup]
2025-01-06T15:25:42.1661480Z ##[group]Run mamba-org/setup-micromamba@v1
2025-01-06T15:25:42.1661890Z with:
2025-01-06T15:25:42.1662081Z   environment-file: conda-linux-64.lock
2025-01-06T15:25:42.1662505Z   cache-environment-key: d7cd390425b0fd3cf82649dcc003efba9915fb4928f15d342148c3ccffcbe2ee
2025-01-06T15:25:42.1663072Z   cache-downloads-key: d7cd390425b0fd3cf82649dcc003efba9915fb4928f15d342148c3ccffcbe2ee
2025-01-06T15:25:42.1663485Z   environment-name: tardis
2025-01-06T15:25:42.1663706Z   cache-environment: true
2025-01-06T15:25:42.1664354Z   cache-downloads: true
2025-01-06T15:25:42.1664602Z env:
2025-01-06T15:25:42.1664776Z   CACHE_NUMBER: 0
2025-01-06T15:25:42.1665391Z   PYTEST_FLAGS: --tardis-regression-data=/home/runner/work/tardis/tardis/tardis-regression-data --cov=tardis --cov-report=xml --cov-report=html --cov-append
2025-01-06T15:25:42.1666037Z   CODECOV_TOKEN: 
2025-01-06T15:25:42.1666215Z ##[endgroup]
2025-01-06T15:25:42.2993762Z Will download micromamba to /home/runner/micromamba-bin/micromamba
2025-01-06T15:25:42.3003496Z ##[group]Install micromamba
2025-01-06T15:25:42.8980908Z micromamba installed to /home/runner/micromamba-bin/micromamba
2025-01-06T15:25:42.8981844Z ##[endgroup]
2025-01-06T15:25:42.8982627Z Adding conda-forge to condarc channels ...
2025-01-06T15:25:42.8993346Z ##[group]Initialize micromamba for bash.
2025-01-06T15:25:42.9013510Z [command]/home/runner/micromamba-bin/micromamba shell init -s bash -r /home/runner/micromamba --log-level warning --rc-file /home/runner/work/_temp/setup-micromamba/.condarc
2025-01-06T15:25:42.9120794Z Modifying RC file "/home/runner/.bashrc"
2025-01-06T15:25:42.9121845Z Generating config for root prefix [1m"/home/runner/micromamba"[0m
2025-01-06T15:25:42.9122719Z Setting mamba executable to: [1m"/home/runner/micromamba-bin/micromamba"[0m
2025-01-06T15:25:42.9123475Z Adding (or replacing) the following in your "/home/runner/.bashrc" file
2025-01-06T15:25:42.9124089Z 
2025-01-06T15:25:42.9124231Z # >>> mamba initialize >>>
2025-01-06T15:25:42.9124680Z # !! Contents within this block are managed by 'mamba init' !!
2025-01-06T15:25:42.9125308Z export MAMBA_EXE='/home/runner/micromamba-bin/micromamba';
2025-01-06T15:25:42.9125874Z export MAMBA_ROOT_PREFIX='/home/runner/micromamba';
2025-01-06T15:25:42.9126625Z __mamba_setup="$("$MAMBA_EXE" shell hook --shell bash --root-prefix "$MAMBA_ROOT_PREFIX" 2> /dev/null)"
2025-01-06T15:25:42.9127347Z if [ $? -eq 0 ]; then
2025-01-06T15:25:42.9127661Z     eval "$__mamba_setup"
2025-01-06T15:25:42.9127979Z else
2025-01-06T15:25:42.9128703Z     alias micromamba="$MAMBA_EXE"  # Fallback on help from mamba activate
2025-01-06T15:25:42.9129266Z fi
2025-01-06T15:25:42.9129517Z unset __mamba_setup
2025-01-06T15:25:42.9129758Z # <<< mamba initialize <<<
2025-01-06T15:25:42.9129906Z 
2025-01-06T15:25:42.9138806Z Moving mamba initialize block to .bash_profile
2025-01-06T15:25:42.9148823Z ##[endgroup]
2025-01-06T15:25:42.9150119Z ##[group]Restoring downloads from `/home/runner/micromamba/pkgs` ...
2025-01-06T15:25:44.4258256Z Received 20971520 of 356800233 (5.9%), 20.0 MBs/sec
2025-01-06T15:25:45.4300511Z Received 159383552 of 356800233 (44.7%), 76.0 MBs/sec
2025-01-06T15:25:46.4268384Z Received 331350016 of 356800233 (92.9%), 105.3 MBs/sec
2025-01-06T15:25:46.5696284Z Cache Size: ~340 MB (356800233 B)
2025-01-06T15:25:46.5822092Z [command]/usr/bin/tar -xf /home/runner/work/_temp/47268003-68ef-4673-829a-41bf74ae5041/cache.tzst -P -C /home/runner/work/tardis/tardis --use-compress-program unzstd
2025-01-06T15:25:47.0599109Z Cache restored successfully
2025-01-06T15:25:47.1336990Z Restored cache with key `d7cd390425b0fd3cf82649dcc003efba9915fb4928f15d342148c3ccffcbe2ee-linux-64`
2025-01-06T15:25:47.1338350Z ##[endgroup]
2025-01-06T15:25:47.1349419Z ##[group]Restoring environment `tardis` from `/home/runner/micromamba/envs/tardis` ...
2025-01-06T15:25:47.4269456Z Received 356800233 of 356800233 (100.0%), 85.0 MBs/sec
2025-01-06T15:25:48.4495940Z Received 25165824 of 444592193 (5.7%), 24.0 MBs/sec
2025-01-06T15:25:49.4504177Z Received 192937984 of 444592193 (43.4%), 92.0 MBs/sec
2025-01-06T15:25:50.4502958Z Received 369098752 of 444592193 (83.0%), 117.3 MBs/sec
2025-01-06T15:25:50.9101809Z Cache Size: ~424 MB (444592193 B)
2025-01-06T15:25:50.9144457Z [command]/usr/bin/tar -xf /home/runner/work/_temp/82a4e427-37fd-461c-9ee4-9094225931d0/cache.tzst -P -C /home/runner/work/tardis/tardis --use-compress-program unzstd
2025-01-06T15:25:51.4505810Z Received 444592193 of 444592193 (100.0%), 106.0 MBs/sec
2025-01-06T15:25:56.2402492Z Cache restored successfully
2025-01-06T15:25:56.3154742Z Restored cache with key `d7cd390425b0fd3cf82649dcc003efba9915fb4928f15d342148c3ccffcbe2ee-linux-64-tardis-args-4f53cda-root-dcc80ee-bin-[object Promise]-file-d7cd390425b0fd3cf82649dcc003efba9915fb4928f15d342148c3ccffcbe2ee`
2025-01-06T15:25:56.3156158Z ##[endgroup]
2025-01-06T15:25:56.3156390Z Adding environment tardis to auto-activate bash ...
2025-01-06T15:25:56.3166762Z Generating micromamba run shell.
2025-01-06T15:25:56.3176571Z ##[endgroup]
2025-01-06T15:25:56.3183220Z Set environment variables.
2025-01-06T15:25:56.3187996Z ##[group]micromamba info
2025-01-06T15:25:56.3191635Z [command]/home/runner/micromamba-bin/micromamba info -r /home/runner/micromamba -n tardis
2025-01-06T15:25:56.3416015Z 
2025-01-06T15:25:56.3416380Z        libmamba version : 1.5.10
2025-01-06T15:25:56.3416979Z      micromamba version : 1.5.10
2025-01-06T15:25:56.3417909Z            curl version : libcurl/8.10.1 OpenSSL/3.3.2 zlib/1.3.1 zstd/1.5.6 libssh2/1.11.0 nghttp2/1.58.0
2025-01-06T15:25:56.3418700Z      libarchive version : libarchive 3.7.4 zlib/1.2.13 bz2lib/1.0.8 libzstd/1.5.6
2025-01-06T15:25:56.3419120Z        envs directories : /home/runner/micromamba/envs
2025-01-06T15:25:56.3419451Z           package cache : /home/runner/micromamba/pkgs
2025-01-06T15:25:56.3419746Z                           /home/runner/.mamba/pkgs
2025-01-06T15:25:56.3420007Z             environment : tardis
2025-01-06T15:25:56.3420283Z            env location : /home/runner/micromamba/envs/tardis
2025-01-06T15:25:56.3420591Z       user config files : /home/runner/.mambarc
2025-01-06T15:25:56.3420981Z  populated config files : /home/runner/work/_temp/setup-micromamba/.condarc
2025-01-06T15:25:56.3421352Z        virtual packages : __unix=0=0
2025-01-06T15:25:56.3421597Z                           __linux=6.8.0=0
2025-01-06T15:25:56.3421840Z                           __glibc=2.39=0
2025-01-06T15:25:56.3422088Z                           __archspec=1=x86_64_v3
2025-01-06T15:25:56.3422870Z                channels : https://conda.anaconda.org/conda-forge/linux-64
2025-01-06T15:25:56.3423419Z                           https://conda.anaconda.org/conda-forge/noarch
2025-01-06T15:25:56.3423836Z        base environment : /home/runner/micromamba
2025-01-06T15:25:56.3424577Z                platform : linux-64
2025-01-06T15:25:56.3432311Z ##[endgroup]
2025-01-06T15:25:56.3433131Z ##[group]micromamba list
2025-01-06T15:25:56.3434227Z [command]/home/runner/micromamba-bin/micromamba list -r /home/runner/micromamba -n tardis
2025-01-06T15:25:56.7310813Z List of packages in environment: "/home/runner/micromamba/envs/tardis"
2025-01-06T15:25:56.7311749Z 
2025-01-06T15:25:56.7315539Z   Name                           Version              Build                    Channel    
2025-01-06T15:25:56.7317425Z â”€â”€â”€â”€â”€â”€â”€â”€â”€â”€â”€â”€â”€â”€â”€â”€â”€â”€â”€â”€â”€â”€â”€â”€â”€â”€â”€â”€â”€â”€â”€â”€â”€â”€â”€â”€â”€â”€â”€â”€â”€â”€â”€â”€â”€â”€â”€â”€â”€â”€â”€â”€â”€â”€â”€â”€â”€â”€â”€â”€â”€â”€â”€â”€â”€â”€â”€â”€â”€â”€â”€â”€â”€â”€â”€â”€â”€â”€â”€â”€â”€â”€â”€â”€â”€â”€â”€â”€â”€â”€â”€â”€
2025-01-06T15:25:56.7318224Z   _libgcc_mutex                  0.1                  conda_forge              conda-forge
2025-01-06T15:25:56.7337982Z   _openmp_mutex                  4.5                  2_gnu                    conda-forge
2025-01-06T15:25:56.7338680Z   alabaster                      0.7.16               pyhd8ed1ab_0             conda-forge
2025-01-06T15:25:56.7339293Z   anyio                          4.4.0                pyhd8ed1ab_0             conda-forge
2025-01-06T15:25:56.7340000Z   argon2-cffi                    23.1.0               pyhd8ed1ab_0             conda-forge
2025-01-06T15:25:56.7340728Z   argon2-cffi-bindings           21.2.0               py312h98912ed_4          conda-forge
2025-01-06T15:25:56.7341862Z   arrow                          1.3.0                pyhd8ed1ab_0             conda-forge
2025-01-06T15:25:56.7342495Z   astropy                        6.1.1                py312h085067d_0          conda-forge
2025-01-06T15:25:56.7343230Z   astropy-iers-data              0.2024.6.17.0.31.35  pyhd8ed1ab_0             conda-forge
2025-01-06T15:25:56.7344262Z   astropy-sphinx-theme           1.1                  pyhd8ed1ab_0             conda-forge
2025-01-06T15:25:56.7345011Z   asttokens                      2.4.1                pyhd8ed1ab_0             conda-forge
2025-01-06T15:25:56.7345867Z   async-lru                      2.0.4                pyhd8ed1ab_0             conda-forge
2025-01-06T15:25:56.7346549Z   atk-1.0                        2.38.0               h04ea711_2               conda-forge
2025-01-06T15:25:56.7347091Z   attrs                          23.2.0               pyh71513ae_0             conda-forge
2025-01-06T15:25:56.7347655Z   babel                          2.14.0               pyhd8ed1ab_0             conda-forge
2025-01-06T15:25:56.7348343Z   beautifulsoup4                 4.12.3               pyha770c72_0             conda-forge
2025-01-06T15:25:56.7349002Z   bleach                         6.1.0                pyhd8ed1ab_0             conda-forge
2025-01-06T15:25:56.7349564Z   blosc                          1.21.5               hc2324a3_1               conda-forge
2025-01-06T15:25:56.7350194Z   brotli                         1.1.0                hd590300_1               conda-forge
2025-01-06T15:25:56.7350764Z   brotli-bin                     1.1.0                hd590300_1               conda-forge
2025-01-06T15:25:56.7351369Z   brotli-python                  1.1.0                py312h30efb56_1          conda-forge
2025-01-06T15:25:56.7351991Z   bzip2                          1.0.8                hd590300_5               conda-forge
2025-01-06T15:25:56.7352651Z   c-ares                         1.28.1               hd590300_0               conda-forge
2025-01-06T15:25:56.7353267Z   c-blosc2                       2.14.4               hb4ffafa_1               conda-forge
2025-01-06T15:25:56.7354186Z   ca-certificates                2024.6.2             hbcca054_0               conda-forge
2025-01-06T15:25:56.7354943Z   cached-property                1.5.2                hd8ed1ab_1               conda-forge
2025-01-06T15:25:56.7355865Z   cached_property                1.5.2                pyha770c72_1             conda-forge
2025-01-06T15:25:56.7356488Z   cairo                          1.18.0               h3faef2a_0               conda-forge
2025-01-06T15:25:56.7357096Z   certifi                        2024.6.2             pyhd8ed1ab_0             conda-forge
2025-01-06T15:25:56.7357726Z   cffi                           1.16.0               py312hf06ca03_0          conda-forge
2025-01-06T15:25:56.7358369Z   charset-normalizer             3.3.2                pyhd8ed1ab_0             conda-forge
2025-01-06T15:25:56.7359038Z   click                          8.1.7                unix_pyh707e725_0        conda-forge
2025-01-06T15:25:56.7359651Z   codespell                      2.3.0                pyhd8ed1ab_0             conda-forge
2025-01-06T15:25:56.7360297Z   colorama                       0.4.6                pyhd8ed1ab_0             conda-forge
2025-01-06T15:25:56.7360919Z   comm                           0.2.2                pyhd8ed1ab_0             conda-forge
2025-01-06T15:25:56.7361505Z   commonmark                     0.9.1                py_0                     conda-forge
2025-01-06T15:25:56.7362092Z   contourpy                      1.2.1                py312h8572e83_0          conda-forge
2025-01-06T15:25:56.7362648Z   coverage                       7.5.3                py312h9a8786e_0          conda-forge
2025-01-06T15:25:56.7363189Z   cycler                         0.12.1               pyhd8ed1ab_0             conda-forge
2025-01-06T15:25:56.7363763Z   dataclasses                    0.8                  pyhc8e2a94_3             conda-forge
2025-01-06T15:25:56.7364897Z   debugpy                        1.8.1                py312h30efb56_0          conda-forge
2025-01-06T15:25:56.7365521Z   decorator                      5.1.1                pyhd8ed1ab_0             conda-forge
2025-01-06T15:25:56.7366319Z   defusedxml                     0.7.1                pyhd8ed1ab_0             conda-forge
2025-01-06T15:25:56.7371670Z   docutils                       0.20.1               py312h7900ff3_3          conda-forge
2025-01-06T15:25:56.7372351Z   dot2tex                        2.11.3               pyhd8ed1ab_0             conda-forge
2025-01-06T15:25:56.7393662Z   entrypoints                    0.4                  pyhd8ed1ab_0             conda-forge
2025-01-06T15:25:56.7394285Z   exceptiongroup                 1.2.0                pyhd8ed1ab_2             conda-forge
2025-01-06T15:25:56.7394692Z   executing                      2.0.1                pyhd8ed1ab_0             conda-forge
2025-01-06T15:25:56.7395038Z   expat                          2.6.2                h59595ed_0               conda-forge
2025-01-06T15:25:56.7395434Z   font-ttf-dejavu-sans-mono      2.37                 hab24e00_0               conda-forge
2025-01-06T15:25:56.7395863Z   font-ttf-inconsolata           3.000                h77eed37_0               conda-forge
2025-01-06T15:25:56.7396281Z   font-ttf-source-code-pro       2.038                h77eed37_0               conda-forge
2025-01-06T15:25:56.7396682Z   font-ttf-ubuntu                0.83                 h77eed37_2               conda-forge
2025-01-06T15:25:56.7397045Z   fontconfig                     2.14.2               h14ed4e7_0               conda-forge
2025-01-06T15:25:56.7397420Z   fonts-conda-ecosystem          1                    0                        conda-forge
2025-01-06T15:25:56.7397801Z   fonts-conda-forge              1                    0                        conda-forge
2025-01-06T15:25:56.7398164Z   fonttools                      4.53.0               py312h9a8786e_0          conda-forge
2025-01-06T15:25:56.7398506Z   fqdn                           1.5.1                pyhd8ed1ab_0             conda-forge
2025-01-06T15:25:56.7398853Z   freetype                       2.12.1               h267a509_2               conda-forge
2025-01-06T15:25:56.7399202Z   fribidi                        1.0.10               h36c2ea0_0               conda-forge
2025-01-06T15:25:56.7399539Z   future                         1.0.0                pyhd8ed1ab_0             conda-forge
2025-01-06T15:25:56.7400164Z   gdk-pixbuf                     2.42.12              hb9ae30d_0               conda-forge
2025-01-06T15:25:56.7400606Z   giflib                         5.2.2                hd590300_0               conda-forge
2025-01-06T15:25:56.7400956Z   git-lfs                        3.5.1                ha770c72_0               conda-forge
2025-01-06T15:25:56.7401270Z   gmp                            6.3.0                h59595ed_1               conda-forge
2025-01-06T15:25:56.7401581Z   gmpy2                          2.1.5                py312h1d5cde6_1          conda-forge
2025-01-06T15:25:56.7401940Z   graphite2                      1.3.13               h59595ed_1003            conda-forge
2025-01-06T15:25:56.7402289Z   graphviz                       11.0.0               hc68bbd7_0               conda-forge
2025-01-06T15:25:56.7402617Z   gtk2                           2.24.33              h280cfa0_4               conda-forge
2025-01-06T15:25:56.7402927Z   gts                            0.7.6                h977cf35_4               conda-forge
2025-01-06T15:25:56.7403233Z   h11                            0.14.0               pyhd8ed1ab_0             conda-forge
2025-01-06T15:25:56.7403533Z   h2                             4.1.0                pyhd8ed1ab_0             conda-forge
2025-01-06T15:25:56.7403844Z   h5py                           3.11.0               nompi_py312hb7ab980_102  conda-forge
2025-01-06T15:25:56.7404343Z   harfbuzz                       8.5.0                hfac3d4d_0               conda-forge
2025-01-06T15:25:56.7404822Z   hdf5                           1.14.3               nompi_hdf9ad27_105       conda-forge
2025-01-06T15:25:56.7405148Z   hpack                          4.0.0                pyh9f0ad1d_0             conda-forge
2025-01-06T15:25:56.7405482Z   httpcore                       1.0.5                pyhd8ed1ab_0             conda-forge
2025-01-06T15:25:56.7405828Z   httpx                          0.27.0               pyhd8ed1ab_0             conda-forge
2025-01-06T15:25:56.7406169Z   hyperframe                     6.0.1                pyhd8ed1ab_0             conda-forge
2025-01-06T15:25:56.7406523Z   icu                            73.2                 h59595ed_0               conda-forge
2025-01-06T15:25:56.7406846Z   idna                           3.7                  pyhd8ed1ab_0             conda-forge
2025-01-06T15:25:56.7407204Z   imagesize                      1.4.1                pyhd8ed1ab_0             conda-forge
2025-01-06T15:25:56.7407591Z   importlib-metadata             7.1.0                pyha770c72_0             conda-forge
2025-01-06T15:25:56.7407999Z   importlib_metadata             7.1.0                hd8ed1ab_0               conda-forge
2025-01-06T15:25:56.7408397Z   importlib_resources            6.4.0                pyhd8ed1ab_0             conda-forge
2025-01-06T15:25:56.7408772Z   iniconfig                      2.0.0                pyhd8ed1ab_0             conda-forge
2025-01-06T15:25:56.7409122Z   ipykernel                      6.29.4               pyh3099207_0             conda-forge
2025-01-06T15:25:56.7409473Z   ipython                        8.25.0               pyh707e725_0             conda-forge
2025-01-06T15:25:56.7409845Z   ipython_genutils               0.2.0                pyhd8ed1ab_1             conda-forge
2025-01-06T15:25:56.7410220Z   ipywidgets                     7.8.0                pyhd8ed1ab_0             conda-forge
2025-01-06T15:25:56.7410592Z   isoduration                    20.11.0              pyhd8ed1ab_0             conda-forge
2025-01-06T15:25:56.7410948Z   jedi                           0.19.1               pyhd8ed1ab_0             conda-forge
2025-01-06T15:25:56.7411306Z   jinja2                         3.1.4                pyhd8ed1ab_0             conda-forge
2025-01-06T15:25:56.7411659Z   json5                          0.9.25               pyhd8ed1ab_0             conda-forge
2025-01-06T15:25:56.7412021Z   jsonpointer                    3.0.0                py312h7900ff3_0          conda-forge
2025-01-06T15:25:56.7412506Z   jsonschema                     4.22.0               pyhd8ed1ab_0             conda-forge
2025-01-06T15:25:56.7412955Z   jsonschema-specifications      2023.12.1            pyhd8ed1ab_0             conda-forge
2025-01-06T15:25:56.7413449Z   jsonschema-with-format-nongpl  4.22.0               pyhd8ed1ab_0             conda-forge
2025-01-06T15:25:56.7414037Z   jupyter-lsp                    2.2.5                pyhd8ed1ab_0             conda-forge
2025-01-06T15:25:56.7414420Z   jupyter_client                 8.6.2                pyhd8ed1ab_0             conda-forge
2025-01-06T15:25:56.7414798Z   jupyter_core                   5.7.2                py312h7900ff3_0          conda-forge
2025-01-06T15:25:56.7415174Z   jupyter_events                 0.10.0               pyhd8ed1ab_0             conda-forge
2025-01-06T15:25:56.7415556Z   jupyter_server                 2.14.1               pyhd8ed1ab_0             conda-forge
2025-01-06T15:25:56.7415964Z   jupyter_server_terminals       0.5.3                pyhd8ed1ab_0             conda-forge
2025-01-06T15:25:56.7416376Z   jupyterlab                     4.2.2                pyhd8ed1ab_0             conda-forge
2025-01-06T15:25:56.7416765Z   jupyterlab_pygments            0.3.0                pyhd8ed1ab_1             conda-forge
2025-01-06T15:25:56.7417168Z   jupyterlab_server              2.27.2               pyhd8ed1ab_0             conda-forge
2025-01-06T15:25:56.7417581Z   jupyterlab_widgets             1.1.7                pyhd8ed1ab_0             conda-forge
2025-01-06T15:25:56.7417975Z   keyutils                       1.6.1                h166bdaf_0               conda-forge
2025-01-06T15:25:56.7418455Z   kiwisolver                     1.4.5                py312h8572e83_1          conda-forge
2025-01-06T15:25:56.7418798Z   krb5                           1.21.2               h659d440_0               conda-forge
2025-01-06T15:25:56.7419138Z   latexcodec                     2.0.1                pyh9f0ad1d_0             conda-forge
2025-01-06T15:25:56.7419482Z   lcms2                          2.16                 hb7c19ff_0               conda-forge
2025-01-06T15:25:56.7419826Z   ld_impl_linux-64               2.40                 hf3520f5_7               conda-forge
2025-01-06T15:25:56.7420169Z   lerc                           4.0.0                h27087fc_0               conda-forge
2025-01-06T15:25:56.7420492Z   libaec                         1.1.3                h59595ed_0               conda-forge
2025-01-06T15:25:56.7420829Z   libblas                        3.9.0                22_linux64_openblas      conda-forge
2025-01-06T15:25:56.7421203Z   libbrotlicommon                1.1.0                hd590300_1               conda-forge
2025-01-06T15:25:56.7421579Z   libbrotlidec                   1.1.0                hd590300_1               conda-forge
2025-01-06T15:25:56.7421944Z   libbrotlienc                   1.1.0                hd590300_1               conda-forge
2025-01-06T15:25:56.7422306Z   libcblas                       3.9.0                22_linux64_openblas      conda-forge
2025-01-06T15:25:56.7422657Z   libcurl                        8.8.0                hca28451_0               conda-forge
2025-01-06T15:25:56.7423002Z   libdeflate                     1.20                 hd590300_0               conda-forge
2025-01-06T15:25:56.7423364Z   libedit                        3.1.20191231         he28a2e2_2               conda-forge
2025-01-06T15:25:56.7423715Z   libev                          4.33                 hd590300_2               conda-forge
2025-01-06T15:25:56.7424228Z   libexpat                       2.6.2                h59595ed_0               conda-forge
2025-01-06T15:25:56.7424572Z   libffi                         3.4.2                h7f98852_5               conda-forge
2025-01-06T15:25:56.7424908Z   libgcc-ng                      13.2.0               h77fa898_10              conda-forge
2025-01-06T15:25:56.7425243Z   libgd                          2.3.3                h119a65a_9               conda-forge
2025-01-06T15:25:56.7425725Z   libgfortran-ng                 13.2.0               h69a702a_10              conda-forge
2025-01-06T15:25:56.7426117Z   libgfortran5                   13.2.0               h3d2ce59_10              conda-forge
2025-01-06T15:25:56.7426474Z   libglib                        2.80.2               h8a4344b_1               conda-forge
2025-01-06T15:25:56.7426811Z   libgomp                        13.2.0               h77fa898_10              conda-forge
2025-01-06T15:25:56.7427154Z   libiconv                       1.17                 hd590300_2               conda-forge
2025-01-06T15:25:56.7427522Z   libjpeg-turbo                  3.0.0                hd590300_1               conda-forge
2025-01-06T15:25:56.7427889Z   liblapack                      3.9.0                22_linux64_openblas      conda-forge
2025-01-06T15:25:56.7428248Z   libllvm14                      14.0.6               hcd5def8_4               conda-forge
2025-01-06T15:25:56.7428618Z   libnghttp2                     1.58.0               h47da74e_1               conda-forge
2025-01-06T15:25:56.7428988Z   libnsl                         2.0.1                hd590300_0               conda-forge
2025-01-06T15:25:56.7429357Z   libopenblas                    0.3.27               pthreads_h413a1c8_0      conda-forge
2025-01-06T15:25:56.7429719Z   libpng                         1.6.43               h2797004_0               conda-forge
2025-01-06T15:25:56.7430059Z   librsvg                        2.58.1               hadf69e7_0               conda-forge
2025-01-06T15:25:56.7430409Z   libsodium                      1.0.18               h36c2ea0_1               conda-forge
2025-01-06T15:25:56.7430881Z   libsqlite                      3.46.0               hde9e2c9_0               conda-forge
2025-01-06T15:25:56.7431227Z   libssh2                        1.11.0               h0841786_0               conda-forge
2025-01-06T15:25:56.7431579Z   libstdcxx-ng                   13.2.0               hc0a3c3a_10              conda-forge
2025-01-06T15:25:56.7431940Z   libtiff                        4.6.0                h1dd3fc0_3               conda-forge
2025-01-06T15:25:56.7432278Z   libuuid                        2.38.1               h0b41bf4_0               conda-forge
2025-01-06T15:25:56.7432619Z   libwebp                        1.4.0                h2c329e2_0               conda-forge
2025-01-06T15:25:56.7432968Z   libwebp-base                   1.4.0                hd590300_0               conda-forge
2025-01-06T15:25:56.7433316Z   libxcb                         1.15                 h0b41bf4_0               conda-forge
2025-01-06T15:25:56.7433666Z   libxcrypt                      4.4.36               hd590300_1               conda-forge
2025-01-06T15:25:56.7434174Z   libxml2                        2.12.7               hc051c1a_1               conda-forge
2025-01-06T15:25:56.7434513Z   libxslt                        1.1.39               h76b75d6_0               conda-forge
2025-01-06T15:25:56.7434850Z   libzlib                        1.3.1                h4ab18f5_1               conda-forge
2025-01-06T15:25:56.7435195Z   llvmlite                       0.42.0               py312hb06c811_1          conda-forge
2025-01-06T15:25:56.7435531Z   lxml                           5.2.2                py312hb90d8a5_0          conda-forge
2025-01-06T15:25:56.7435849Z   lz4-c                          1.9.4                hcb278e6_0               conda-forge
2025-01-06T15:25:56.7436159Z   lzo                            2.10                 hd590300_1001            conda-forge
2025-01-06T15:25:56.7436490Z   markupsafe                     2.1.5                py312h98912ed_0          conda-forge
2025-01-06T15:25:56.7436874Z   matplotlib-base                3.8.4                py312h20ab3a6_2          conda-forge
2025-01-06T15:25:56.7437275Z   matplotlib-inline              0.1.7                pyhd8ed1ab_0             conda-forge
2025-01-06T15:25:56.7437659Z   mistune                        3.0.2                pyhd8ed1ab_0             conda-forge
2025-01-06T15:25:56.7438112Z   mpc                            1.3.1                hfe3b2da_0               conda-forge
2025-01-06T15:25:56.7438434Z   mpfr                           4.2.1                h9458935_1               conda-forge
2025-01-06T15:25:56.7438760Z   mpmath                         1.3.0                pyhd8ed1ab_0             conda-forge
2025-01-06T15:25:56.7439099Z   munkres                        1.1.4                pyh9f0ad1d_0             conda-forge
2025-01-06T15:25:56.7439466Z   mypy_extensions                1.0.0                pyha770c72_0             conda-forge
2025-01-06T15:25:56.7439839Z   nbclassic                      1.1.0                pyhd8ed1ab_0             conda-forge
2025-01-06T15:25:56.7440194Z   nbclient                       0.10.0               pyhd8ed1ab_0             conda-forge
2025-01-06T15:25:56.7440546Z   nbconvert                      7.16.4               hd8ed1ab_1               conda-forge
2025-01-06T15:25:56.7440920Z   nbconvert-core                 7.16.4               pyhd8ed1ab_1             conda-forge
2025-01-06T15:25:56.7441322Z   nbconvert-pandoc               7.16.4               hd8ed1ab_1               conda-forge
2025-01-06T15:25:56.7441705Z   nbformat                       5.10.4               pyhd8ed1ab_0             conda-forge
2025-01-06T15:25:56.7442066Z   nbsphinx                       0.9.4                pyhd8ed1ab_0             conda-forge
2025-01-06T15:25:56.7442417Z   ncurses                        6.5                  h59595ed_0               conda-forge
2025-01-06T15:25:56.7442773Z   nest-asyncio                   1.6.0                pyhd8ed1ab_0             conda-forge
2025-01-06T15:25:56.7443296Z   networkx                       3.3                  pyhd8ed1ab_1             conda-forge
2025-01-06T15:25:56.7443638Z   nomkl                          1.0                  h5ca1d4c_0               conda-forge
2025-01-06T15:25:56.7444142Z   notebook                       7.2.1                pyhd8ed1ab_0             conda-forge
2025-01-06T15:25:56.7444515Z   notebook-shim                  0.2.4                pyhd8ed1ab_0             conda-forge
2025-01-06T15:25:56.7444869Z   numba                          0.59.1               py312hacefee8_0          conda-forge
2025-01-06T15:25:56.7445212Z   numexpr                        2.10.0               py312hf412c99_100        conda-forge
2025-01-06T15:25:56.7445740Z   numpy                          1.26.4               py312heda63a1_0          conda-forge
2025-01-06T15:25:56.7446333Z   numpydoc                       1.7.0                pyhd8ed1ab_1             conda-forge
2025-01-06T15:25:56.7446895Z   openjpeg                       2.5.2                h488ebb8_0               conda-forge
2025-01-06T15:25:56.7447249Z   openssl                        3.3.1                h4ab18f5_0               conda-forge
2025-01-06T15:25:56.7447604Z   overrides                      7.7.0                pyhd8ed1ab_0             conda-forge
2025-01-06T15:25:56.7447962Z   packaging                      24.1                 pyhd8ed1ab_0             conda-forge
2025-01-06T15:25:56.7448322Z   pandas                         2.2.2                py312h1d6d2e6_1          conda-forge
2025-01-06T15:25:56.7448679Z   pandoc                         3.2                  ha770c72_0               conda-forge
2025-01-06T15:25:56.7449042Z   pandocfilters                  1.5.0                pyhd8ed1ab_0             conda-forge
2025-01-06T15:25:56.7449400Z   pango                          1.54.0               h84a9a3c_0               conda-forge
2025-01-06T15:25:56.7449734Z   parso                          0.8.4                pyhd8ed1ab_0             conda-forge
2025-01-06T15:25:56.7450082Z   pathspec                       0.12.1               pyhd8ed1ab_0             conda-forge
2025-01-06T15:25:56.7450426Z   pbr                            6.0.0                pyhd8ed1ab_0             conda-forge
2025-01-06T15:25:56.7450754Z   pcre2                          10.44                h0f59acf_0               conda-forge
2025-01-06T15:25:56.7451248Z   pexpect                        4.9.0                pyhd8ed1ab_0             conda-forge
2025-01-06T15:25:56.7451622Z   pickleshare                    0.7.5                py_1003                  conda-forge
2025-01-06T15:25:56.7451976Z   pillow                         10.3.0               py312hdcec9eb_0          conda-forge
2025-01-06T15:25:56.7452309Z   pip                            24.0                 pyhd8ed1ab_0             conda-forge
2025-01-06T15:25:56.7452633Z   pixman                         0.43.2               h59595ed_0               conda-forge
2025-01-06T15:25:56.7453024Z   pkgutil-resolve-name           1.3.10               pyhd8ed1ab_1             conda-forge
2025-01-06T15:25:56.7453429Z   platformdirs                   4.2.2                pyhd8ed1ab_0             conda-forge
2025-01-06T15:25:56.7453788Z   plotly                         5.22.0               pyhd8ed1ab_0             conda-forge
2025-01-06T15:25:56.7454305Z   pluggy                         1.5.0                pyhd8ed1ab_0             conda-forge
2025-01-06T15:25:56.7454683Z   prometheus_client              0.20.0               pyhd8ed1ab_0             conda-forge
2025-01-06T15:25:56.7455079Z   prompt-toolkit                 3.0.47               pyha770c72_0             conda-forge
2025-01-06T15:25:56.7455443Z   psutil                         5.9.8                py312h98912ed_0          conda-forge
2025-01-06T15:25:56.7455803Z   pthread-stubs                  0.4                  h36c2ea0_1001            conda-forge
2025-01-06T15:25:56.7456173Z   ptyprocess                     0.7.0                pyhd3deb0d_0             conda-forge
2025-01-06T15:25:56.7456670Z   pure_eval                      0.2.2                pyhd8ed1ab_0             conda-forge
2025-01-06T15:25:56.7457034Z   py-cpuinfo                     9.0.0                pyhd8ed1ab_0             conda-forge
2025-01-06T15:25:56.7457389Z   pybtex                         0.24.0               pyhd8ed1ab_2             conda-forge
2025-01-06T15:25:56.7457760Z   pybtex-docutils                1.0.3                py312h7900ff3_1          conda-forge
2025-01-06T15:25:56.7458154Z   pycparser                      2.22                 pyhd8ed1ab_0             conda-forge
2025-01-06T15:25:56.7458511Z   pyerfa                         2.0.1.4              py312h085067d_1          conda-forge
2025-01-06T15:25:56.7458869Z   pygments                       2.18.0               pyhd8ed1ab_0             conda-forge
2025-01-06T15:25:56.7459239Z   pygraphviz                     1.13                 py312h4a1d8a7_1          conda-forge
2025-01-06T15:25:56.7459604Z   pyparsing                      3.1.2                pyhd8ed1ab_0             conda-forge
2025-01-06T15:25:56.7459960Z   pysocks                        1.7.1                pyha2e5f31_6             conda-forge
2025-01-06T15:25:56.7460308Z   pytables                       3.9.2                py312h96d95ec_2          conda-forge
2025-01-06T15:25:56.7460658Z   pytest                         8.2.2                pyhd8ed1ab_0             conda-forge
2025-01-06T15:25:56.7461013Z   pytest-cov                     5.0.0                pyhd8ed1ab_0             conda-forge
2025-01-06T15:25:56.7461404Z   pytest-doctestplus             1.2.1                pyhd8ed1ab_0             conda-forge
2025-01-06T15:25:56.7461797Z   pytest-html                    4.1.1                pyhd8ed1ab_0             conda-forge
2025-01-06T15:25:56.7462183Z   pytest-metadata                3.1.1                pyhd8ed1ab_0             conda-forge
2025-01-06T15:25:56.7462560Z   python                         3.12.4               h194c7f8_0_cpython       conda-forge
2025-01-06T15:25:56.7462951Z   python-dateutil                2.9.0                pyhd8ed1ab_0             conda-forge
2025-01-06T15:25:56.7463383Z   python-fastjsonschema          2.20.0               pyhd8ed1ab_0             conda-forge
2025-01-06T15:25:56.7463818Z   python-json-logger             2.0.7                pyhd8ed1ab_0             conda-forge
2025-01-06T15:25:56.7464856Z   python-tzdata                  2024.1               pyhd8ed1ab_0             conda-forge
2025-01-06T15:25:56.7465256Z   python_abi                     3.12                 4_cp312                  conda-forge
2025-01-06T15:25:56.7465613Z   pytz                           2024.1               pyhd8ed1ab_0             conda-forge
2025-01-06T15:25:56.7465954Z   pyyaml                         6.0.1                py312h98912ed_1          conda-forge
2025-01-06T15:25:56.7466293Z   pyzmq                          26.0.3               py312h8fd38d8_0          conda-forge
2025-01-06T15:25:56.7466626Z   qgrid                          1.3.1                pyhd8ed1ab_4             conda-forge
2025-01-06T15:25:56.7467005Z   radioactivedecay               0.5.1                pyhd8ed1ab_0             conda-forge
2025-01-06T15:25:56.7467413Z   readline                       8.2                  h8228510_1               conda-forge
2025-01-06T15:25:56.7467783Z   recommonmark                   0.7.1                pyhd8ed1ab_0             conda-forge
2025-01-06T15:25:56.7468164Z   referencing                    0.35.1               pyhd8ed1ab_0             conda-forge
2025-01-06T15:25:56.7468529Z   requests                       2.32.3               pyhd8ed1ab_0             conda-forge
2025-01-06T15:25:56.7468913Z   rfc3339-validator              0.1.4                pyhd8ed1ab_0             conda-forge
2025-01-06T15:25:56.7469327Z   rfc3986-validator              0.1.1                pyh9f0ad1d_0             conda-forge
2025-01-06T15:25:56.7469702Z   rpds-py                        0.18.1               py312h4413252_0          conda-forge
2025-01-06T15:25:56.7470159Z   ruff                           0.4.9                py312h5715c7c_0          conda-forge
2025-01-06T15:25:56.7470488Z   scipy                          1.13.1               py312hc2bc53b_0          conda-forge
2025-01-06T15:25:56.7470843Z   send2trash                     1.8.3                pyh0d859eb_0             conda-forge
2025-01-06T15:25:56.7471213Z   setuptools                     70.0.0               pyhd8ed1ab_0             conda-forge
2025-01-06T15:25:56.7471592Z   setuptools-scm                 8.1.0                pyhd8ed1ab_0             conda-forge
2025-01-06T15:25:56.7471976Z   setuptools_scm                 8.1.0                hd8ed1ab_0               conda-forge
2025-01-06T15:25:56.7472326Z   six                            1.16.0               pyh6c4a22f_0             conda-forge
2025-01-06T15:25:56.7472666Z   snakeviz                       2.2.0                pyhd8ed1ab_0             conda-forge
2025-01-06T15:25:56.7473016Z   snappy                         1.2.0                hdb0a2a9_1               conda-forge
2025-01-06T15:25:56.7473365Z   sniffio                        1.3.1                pyhd8ed1ab_0             conda-forge
2025-01-06T15:25:56.7473739Z   snowballstemmer                2.2.0                pyhd8ed1ab_0             conda-forge
2025-01-06T15:25:56.7474283Z   soupsieve                      2.5                  pyhd8ed1ab_1             conda-forge
2025-01-06T15:25:56.7474638Z   sphinx                         7.3.7                pyhd8ed1ab_0             conda-forge
2025-01-06T15:25:56.7475002Z   sphinx-astropy                 1.9.1                pyhd8ed1ab_0             conda-forge
2025-01-06T15:25:56.7475408Z   sphinx-automodapi              0.17.0               pyh717bed2_1             conda-forge
2025-01-06T15:25:56.7475808Z   sphinx-gallery                 0.16.0               pyhd8ed1ab_0             conda-forge
2025-01-06T15:25:56.7476206Z   sphinx-jsonschema              1.19.1               pyhd8ed1ab_0             conda-forge
2025-01-06T15:25:56.7476626Z   sphinx_bootstrap_theme         0.8.1                pyhd8ed1ab_0             conda-forge
2025-01-06T15:25:56.7477031Z   sphinx_rtd_theme               2.0.0                pyha770c72_0             conda-forge
2025-01-06T15:25:56.7477435Z   sphinxcontrib-apidoc           0.3.0                py_1                     conda-forge
2025-01-06T15:25:56.7478002Z   sphinxcontrib-applehelp        1.0.8                pyhd8ed1ab_0             conda-forge
2025-01-06T15:25:56.7478462Z   sphinxcontrib-bibtex           2.6.2                pyhd8ed1ab_0             conda-forge
2025-01-06T15:25:56.7478903Z   sphinxcontrib-devhelp          1.0.6                pyhd8ed1ab_0             conda-forge
2025-01-06T15:25:56.7479348Z   sphinxcontrib-htmlhelp         2.0.5                pyhd8ed1ab_0             conda-forge
2025-01-06T15:25:56.7479785Z   sphinxcontrib-jquery           4.1                  pyhd8ed1ab_0             conda-forge
2025-01-06T15:25:56.7480213Z   sphinxcontrib-jsmath           1.0.1                pyhd8ed1ab_0             conda-forge
2025-01-06T15:25:56.7480645Z   sphinxcontrib-qthelp           1.0.7                pyhd8ed1ab_0             conda-forge
2025-01-06T15:25:56.7481117Z   sphinxcontrib-serializinghtml  1.1.10               pyhd8ed1ab_0             conda-forge
2025-01-06T15:25:56.7481551Z   stack_data                     0.6.2                pyhd8ed1ab_0             conda-forge
2025-01-06T15:25:56.7481902Z   sympy                          1.12.1               pypyh2585a3b_103         conda-forge
2025-01-06T15:25:56.7482252Z   tabulate                       0.9.0                pyhd8ed1ab_1             conda-forge
2025-01-06T15:25:56.7482608Z   tenacity                       8.4.1                pyhd8ed1ab_0             conda-forge
2025-01-06T15:25:56.7482969Z   terminado                      0.18.1               pyh0d859eb_0             conda-forge
2025-01-06T15:25:56.7483325Z   tinycss2                       1.3.0                pyhd8ed1ab_0             conda-forge
2025-01-06T15:25:56.7483784Z   tk                             8.6.13               noxft_h4845f30_101       conda-forge
2025-01-06T15:25:56.7484279Z   toml                           0.10.2               pyhd8ed1ab_0             conda-forge
2025-01-06T15:25:56.7484616Z   tomli                          2.0.1                pyhd8ed1ab_0             conda-forge
2025-01-06T15:25:56.7484960Z   tornado                        6.4.1                py312h9a8786e_0          conda-forge
2025-01-06T15:25:56.7485296Z   tqdm                           4.66.4               pyhd8ed1ab_0             conda-forge
2025-01-06T15:25:56.7485644Z   traitlets                      5.14.3               pyhd8ed1ab_0             conda-forge
2025-01-06T15:25:56.7486004Z   typed-ast                      1.5.5                py312h98912ed_1          conda-forge
2025-01-06T15:25:56.7486416Z   types-python-dateutil          2.9.0.20240316       pyhd8ed1ab_0             conda-forge
2025-01-06T15:25:56.7486856Z   typing-extensions              4.12.2               hd8ed1ab_0               conda-forge
2025-01-06T15:25:56.7487267Z   typing_extensions              4.12.2               pyha770c72_0             conda-forge
2025-01-06T15:25:56.7487660Z   typing_utils                   0.1.0                pyhd8ed1ab_0             conda-forge
2025-01-06T15:25:56.7488022Z   tzdata                         2024a                h0c530f3_0               conda-forge
2025-01-06T15:25:56.7488389Z   uri-template                   1.3.0                pyhd8ed1ab_0             conda-forge
2025-01-06T15:25:56.7488756Z   urllib3                        2.2.2                pyhd8ed1ab_0             conda-forge
2025-01-06T15:25:56.7489105Z   wcwidth                        0.2.13               pyhd8ed1ab_0             conda-forge
2025-01-06T15:25:56.7489463Z   webcolors                      24.6.0               pyhd8ed1ab_0             conda-forge
2025-01-06T15:25:56.7489833Z   webencodings                   0.5.1                pyhd8ed1ab_2             conda-forge
2025-01-06T15:25:56.7490257Z   websocket-client               1.8.0                pyhd8ed1ab_0             conda-forge
2025-01-06T15:25:56.7490631Z   wheel                          0.43.0               pyhd8ed1ab_1             conda-forge
2025-01-06T15:25:56.7491007Z   widgetsnbextension             3.6.6                pyhd8ed1ab_0             conda-forge
2025-01-06T15:25:56.7491409Z   xorg-kbproto                   1.0.7                h7f98852_1002            conda-forge
2025-01-06T15:25:56.7491924Z   xorg-libice                    1.1.1                hd590300_0               conda-forge
2025-01-06T15:25:56.7492286Z   xorg-libsm                     1.2.4                h7391055_0               conda-forge
2025-01-06T15:25:56.7492643Z   xorg-libx11                    1.8.9                h8ee46fc_0               conda-forge
2025-01-06T15:25:56.7493003Z   xorg-libxau                    1.0.11               hd590300_0               conda-forge
2025-01-06T15:25:56.7493371Z   xorg-libxdmcp                  1.1.3                h7f98852_0               conda-forge
2025-01-06T15:25:56.7493747Z   xorg-libxext                   1.3.4                h0b41bf4_2               conda-forge
2025-01-06T15:25:56.7494325Z   xorg-libxrender                0.9.11               hd590300_0               conda-forge
2025-01-06T15:25:56.7494724Z   xorg-renderproto               0.11.1               h7f98852_1002            conda-forge
2025-01-06T15:25:56.7495131Z   xorg-xextproto                 7.3.0                h0b41bf4_1003            conda-forge
2025-01-06T15:25:56.7495506Z   xorg-xproto                    7.0.31               h7f98852_1007            conda-forge
2025-01-06T15:25:56.7495838Z   xz                             5.2.6                h166bdaf_0               conda-forge
2025-01-06T15:25:56.7496155Z   yaml                           0.2.5                h7f98852_2               conda-forge
2025-01-06T15:25:56.7496478Z   zeromq                         4.3.5                h75354e8_4               conda-forge
2025-01-06T15:25:56.7496941Z   zipp                           3.19.2               pyhd8ed1ab_0             conda-forge
2025-01-06T15:25:56.7497265Z   zlib                           1.3.1                h4ab18f5_1               conda-forge
2025-01-06T15:25:56.7497590Z   zlib-ng                        2.0.7                h0b41bf4_0               conda-forge
2025-01-06T15:25:56.7497913Z   zstd                           1.5.6                ha6fb4c9_0               conda-forge
2025-01-06T15:25:56.7498460Z ##[endgroup]
2025-01-06T15:25:56.7530441Z ##[group]Run pip install -e . --user
2025-01-06T15:25:56.7530773Z [36;1mpip install -e . --user[0m
2025-01-06T15:25:56.7559781Z shell: /usr/bin/bash -l {0}
2025-01-06T15:25:56.7560021Z env:
2025-01-06T15:25:56.7560194Z   CACHE_NUMBER: 0
2025-01-06T15:25:56.7560827Z   PYTEST_FLAGS: --tardis-regression-data=/home/runner/work/tardis/tardis/tardis-regression-data --cov=tardis --cov-report=xml --cov-report=html --cov-append
2025-01-06T15:25:56.7561485Z   CODECOV_TOKEN: 
2025-01-06T15:25:56.7561716Z   MAMBA_ROOT_PREFIX: /home/runner/micromamba
2025-01-06T15:25:56.7562021Z   MAMBA_EXE: /home/runner/micromamba-bin/micromamba
2025-01-06T15:25:56.7562366Z   CONDARC: /home/runner/work/_temp/setup-micromamba/.condarc
2025-01-06T15:25:56.7562666Z ##[endgroup]
2025-01-06T15:25:57.4708128Z Obtaining file:///home/runner/work/tardis/tardis
2025-01-06T15:25:57.4736100Z   Installing build dependencies: started
2025-01-06T15:26:00.2904973Z   Installing build dependencies: finished with status 'done'
2025-01-06T15:26:00.2910572Z   Checking if build backend supports build_editable: started
2025-01-06T15:26:00.4127130Z   Checking if build backend supports build_editable: finished with status 'done'
2025-01-06T15:26:00.4135698Z   Getting requirements to build editable: started
2025-01-06T15:26:00.8725680Z   Getting requirements to build editable: finished with status 'done'
2025-01-06T15:26:00.8734723Z   Preparing editable metadata (pyproject.toml): started
2025-01-06T15:26:01.3427628Z   Preparing editable metadata (pyproject.toml): finished with status 'done'
2025-01-06T15:26:01.4013744Z Requirement already satisfied: astropy in /home/runner/micromamba/envs/tardis/lib/python3.12/site-packages (from tardis==0.0.0) (6.1.1)
2025-01-06T15:26:01.4399606Z Requirement already satisfied: numpy>=1.23 in /home/runner/micromamba/envs/tardis/lib/python3.12/site-packages (from astropy->tardis==0.0.0) (1.26.4)
2025-01-06T15:26:01.4409905Z Requirement already satisfied: pyerfa>=2.0.1.1 in /home/runner/micromamba/envs/tardis/lib/python3.12/site-packages (from astropy->tardis==0.0.0) (2.0.1.4)
2025-01-06T15:26:01.4421312Z Requirement already satisfied: astropy-iers-data>=0.2024.5.27.0.30.8 in /home/runner/micromamba/envs/tardis/lib/python3.12/site-packages (from astropy->tardis==0.0.0) (0.2024.6.17.0.31.35)
2025-01-06T15:26:01.4430226Z Requirement already satisfied: PyYAML>=3.13 in /home/runner/micromamba/envs/tardis/lib/python3.12/site-packages (from astropy->tardis==0.0.0) (6.0.1)
2025-01-06T15:26:01.4440478Z Requirement already satisfied: packaging>=19.0 in /home/runner/micromamba/envs/tardis/lib/python3.12/site-packages (from astropy->tardis==0.0.0) (24.1)
2025-01-06T15:26:01.4531385Z Building wheels for collected packages: tardis
2025-01-06T15:26:01.4540653Z   Building editable for tardis (pyproject.toml): started
2025-01-06T15:26:02.1954158Z   Building editable for tardis (pyproject.toml): finished with status 'done'
2025-01-06T15:26:02.1961321Z   Created wheel for tardis: filename=tardis-0.0.0-0.editable-py3-none-any.whl size=8878 sha256=2a3a5d349cfcd35460ed65be3fab4c58f0e26ad181e6bf25df4db5d90d91f63d
2025-01-06T15:26:02.1963054Z   Stored in directory: /tmp/pip-ephem-wheel-cache-9xo30xdg/wheels/6a/c7/ae/89fa6dc2565455898176888ef0e2e475e4e90eb0124afcb995
2025-01-06T15:26:02.1989354Z Successfully built tardis
2025-01-06T15:26:02.9620466Z Installing collected packages: tardis
2025-01-06T15:26:02.9709100Z Successfully installed tardis-0.0.0
2025-01-06T15:26:03.2007926Z ##[group]Run pip install qgridnext
2025-01-06T15:26:03.2008254Z [36;1mpip install qgridnext[0m
2025-01-06T15:26:03.2035077Z shell: /usr/bin/bash -l {0}
2025-01-06T15:26:03.2035317Z env:
2025-01-06T15:26:03.2035490Z   CACHE_NUMBER: 0
2025-01-06T15:26:03.2036112Z   PYTEST_FLAGS: --tardis-regression-data=/home/runner/work/tardis/tardis/tardis-regression-data --cov=tardis --cov-report=xml --cov-report=html --cov-append
2025-01-06T15:26:03.2036773Z   CODECOV_TOKEN: 
2025-01-06T15:26:03.2036993Z   MAMBA_ROOT_PREFIX: /home/runner/micromamba
2025-01-06T15:26:03.2037301Z   MAMBA_EXE: /home/runner/micromamba-bin/micromamba
2025-01-06T15:26:03.2037654Z   CONDARC: /home/runner/work/_temp/setup-micromamba/.condarc
2025-01-06T15:26:03.2037956Z ##[endgroup]
2025-01-06T15:26:03.9023500Z Collecting qgridnext
2025-01-06T15:26:03.9393484Z   Downloading qgridnext-2.0.4-py3-none-any.whl.metadata (9.9 kB)
2025-01-06T15:26:03.9486879Z Requirement already satisfied: pandas>=0.20.0 in /home/runner/micromamba/envs/tardis/lib/python3.12/site-packages (from qgridnext) (2.2.2)
2025-01-06T15:26:03.9495551Z Requirement already satisfied: ipywidgets>=7.0.0 in /home/runner/micromamba/envs/tardis/lib/python3.12/site-packages (from qgridnext) (7.8.0)
2025-01-06T15:26:03.9504360Z Requirement already satisfied: numpy in /home/runner/micromamba/envs/tardis/lib/python3.12/site-packages (from qgridnext) (1.26.4)
2025-01-06T15:26:03.9513828Z Requirement already satisfied: traitlets in /home/runner/micromamba/envs/tardis/lib/python3.12/site-packages (from qgridnext) (5.14.3)
2025-01-06T15:26:03.9598823Z Requirement already satisfied: comm>=0.1.3 in /home/runner/micromamba/envs/tardis/lib/python3.12/site-packages (from ipywidgets>=7.0.0->qgridnext) (0.2.2)
2025-01-06T15:26:03.9607412Z Requirement already satisfied: ipython-genutils~=0.2.0 in /home/runner/micromamba/envs/tardis/lib/python3.12/site-packages (from ipywidgets>=7.0.0->qgridnext) (0.2.0)
2025-01-06T15:26:03.9619631Z Requirement already satisfied: widgetsnbextension~=3.6.5 in /home/runner/micromamba/envs/tardis/lib/python3.12/site-packages (from ipywidgets>=7.0.0->qgridnext) (3.6.6)
2025-01-06T15:26:03.9637130Z Requirement already satisfied: ipython>=4.0.0 in /home/runner/micromamba/envs/tardis/lib/python3.12/site-packages (from ipywidgets>=7.0.0->qgridnext) (8.25.0)
2025-01-06T15:26:03.9651435Z Requirement already satisfied: jupyterlab-widgets<3,>=1.0.0 in /home/runner/micromamba/envs/tardis/lib/python3.12/site-packages (from ipywidgets>=7.0.0->qgridnext) (1.1.7)
2025-01-06T15:26:04.0097722Z Requirement already satisfied: python-dateutil>=2.8.2 in /home/runner/micromamba/envs/tardis/lib/python3.12/site-packages (from pandas>=0.20.0->qgridnext) (2.9.0)
2025-01-06T15:26:04.0111161Z Requirement already satisfied: pytz>=2020.1 in /home/runner/micromamba/envs/tardis/lib/python3.12/site-packages (from pandas>=0.20.0->qgridnext) (2024.1)
2025-01-06T15:26:04.0119282Z Requirement already satisfied: tzdata>=2022.7 in /home/runner/micromamba/envs/tardis/lib/python3.12/site-packages (from pandas>=0.20.0->qgridnext) (2024.1)
2025-01-06T15:26:04.0436061Z Requirement already satisfied: decorator in /home/runner/micromamba/envs/tardis/lib/python3.12/site-packages (from ipython>=4.0.0->ipywidgets>=7.0.0->qgridnext) (5.1.1)
2025-01-06T15:26:04.0450348Z Requirement already satisfied: jedi>=0.16 in /home/runner/micromamba/envs/tardis/lib/python3.12/site-packages (from ipython>=4.0.0->ipywidgets>=7.0.0->qgridnext) (0.19.1)
2025-01-06T15:26:04.0458654Z Requirement already satisfied: matplotlib-inline in /home/runner/micromamba/envs/tardis/lib/python3.12/site-packages (from ipython>=4.0.0->ipywidgets>=7.0.0->qgridnext) (0.1.7)
2025-01-06T15:26:04.0469504Z Requirement already satisfied: prompt-toolkit<3.1.0,>=3.0.41 in /home/runner/micromamba/envs/tardis/lib/python3.12/site-packages (from ipython>=4.0.0->ipywidgets>=7.0.0->qgridnext) (3.0.47)
2025-01-06T15:26:04.0478498Z Requirement already satisfied: pygments>=2.4.0 in /home/runner/micromamba/envs/tardis/lib/python3.12/site-packages (from ipython>=4.0.0->ipywidgets>=7.0.0->qgridnext) (2.18.0)
2025-01-06T15:26:04.0488348Z Requirement already satisfied: stack-data in /home/runner/micromamba/envs/tardis/lib/python3.12/site-packages (from ipython>=4.0.0->ipywidgets>=7.0.0->qgridnext) (0.6.2)
2025-01-06T15:26:04.0506555Z Requirement already satisfied: pexpect>4.3 in /home/runner/micromamba/envs/tardis/lib/python3.12/site-packages (from ipython>=4.0.0->ipywidgets>=7.0.0->qgridnext) (4.9.0)
2025-01-06T15:26:04.0553737Z Requirement already satisfied: six>=1.5 in /home/runner/micromamba/envs/tardis/lib/python3.12/site-packages (from python-dateutil>=2.8.2->pandas>=0.20.0->qgridnext) (1.16.0)
2025-01-06T15:26:04.0610350Z Requirement already satisfied: notebook>=4.4.1 in /home/runner/micromamba/envs/tardis/lib/python3.12/site-packages (from widgetsnbextension~=3.6.5->ipywidgets>=7.0.0->qgridnext) (7.2.1)
2025-01-06T15:26:04.0805214Z Requirement already satisfied: parso<0.9.0,>=0.8.3 in /home/runner/micromamba/envs/tardis/lib/python3.12/site-packages (from jedi>=0.16->ipython>=4.0.0->ipywidgets>=7.0.0->qgridnext) (0.8.4)
2025-01-06T15:26:04.0951739Z Requirement already satisfied: jupyter-server<3,>=2.4.0 in /home/runner/micromamba/envs/tardis/lib/python3.12/site-packages (from notebook>=4.4.1->widgetsnbextension~=3.6.5->ipywidgets>=7.0.0->qgridnext) (2.14.1)
2025-01-06T15:26:04.0965472Z Requirement already satisfied: jupyterlab-server<3,>=2.27.1 in /home/runner/micromamba/envs/tardis/lib/python3.12/site-packages (from notebook>=4.4.1->widgetsnbextension~=3.6.5->ipywidgets>=7.0.0->qgridnext) (2.27.2)
2025-01-06T15:26:04.0981089Z Requirement already satisfied: jupyterlab<4.3,>=4.2.0 in /home/runner/micromamba/envs/tardis/lib/python3.12/site-packages (from notebook>=4.4.1->widgetsnbextension~=3.6.5->ipywidgets>=7.0.0->qgridnext) (4.2.2)
2025-01-06T15:26:04.0992018Z Requirement already satisfied: notebook-shim<0.3,>=0.2 in /home/runner/micromamba/envs/tardis/lib/python3.12/site-packages (from notebook>=4.4.1->widgetsnbextension~=3.6.5->ipywidgets>=7.0.0->qgridnext) (0.2.4)
2025-01-06T15:26:04.1000999Z Requirement already satisfied: tornado>=6.2.0 in /home/runner/micromamba/envs/tardis/lib/python3.12/site-packages (from notebook>=4.4.1->widgetsnbextension~=3.6.5->ipywidgets>=7.0.0->qgridnext) (6.4.1)
2025-01-06T15:26:04.1031391Z Requirement already satisfied: ptyprocess>=0.5 in /home/runner/micromamba/envs/tardis/lib/python3.12/site-packages (from pexpect>4.3->ipython>=4.0.0->ipywidgets>=7.0.0->qgridnext) (0.7.0)
2025-01-06T15:26:04.1060966Z Requirement already satisfied: wcwidth in /home/runner/micromamba/envs/tardis/lib/python3.12/site-packages (from prompt-toolkit<3.1.0,>=3.0.41->ipython>=4.0.0->ipywidgets>=7.0.0->qgridnext) (0.2.13)
2025-01-06T15:26:04.1197338Z Requirement already satisfied: executing>=1.2.0 in /home/runner/micromamba/envs/tardis/lib/python3.12/site-packages (from stack-data->ipython>=4.0.0->ipywidgets>=7.0.0->qgridnext) (2.0.1)
2025-01-06T15:26:04.1207410Z Requirement already satisfied: asttokens>=2.1.0 in /home/runner/micromamba/envs/tardis/lib/python3.12/site-packages (from stack-data->ipython>=4.0.0->ipywidgets>=7.0.0->qgridnext) (2.4.1)
2025-01-06T15:26:04.1216031Z Requirement already satisfied: pure-eval in /home/runner/micromamba/envs/tardis/lib/python3.12/site-packages (from stack-data->ipython>=4.0.0->ipywidgets>=7.0.0->qgridnext) (0.2.2)
2025-01-06T15:26:04.1559738Z Requirement already satisfied: anyio>=3.1.0 in /home/runner/micromamba/envs/tardis/lib/python3.12/site-packages (from jupyter-server<3,>=2.4.0->notebook>=4.4.1->widgetsnbextension~=3.6.5->ipywidgets>=7.0.0->qgridnext) (4.4.0)
2025-01-06T15:26:04.1571005Z Requirement already satisfied: argon2-cffi>=21.1 in /home/runner/micromamba/envs/tardis/lib/python3.12/site-packages (from jupyter-server<3,>=2.4.0->notebook>=4.4.1->widgetsnbextension~=3.6.5->ipywidgets>=7.0.0->qgridnext) (23.1.0)
2025-01-06T15:26:04.1580563Z Requirement already satisfied: jinja2>=3.0.3 in /home/runner/micromamba/envs/tardis/lib/python3.12/site-packages (from jupyter-server<3,>=2.4.0->notebook>=4.4.1->widgetsnbextension~=3.6.5->ipywidgets>=7.0.0->qgridnext) (3.1.4)
2025-01-06T15:26:04.1592855Z Requirement already satisfied: jupyter-client>=7.4.4 in /home/runner/micromamba/envs/tardis/lib/python3.12/site-packages (from jupyter-server<3,>=2.4.0->notebook>=4.4.1->widgetsnbextension~=3.6.5->ipywidgets>=7.0.0->qgridnext) (8.6.2)
2025-01-06T15:26:04.1605655Z Requirement already satisfied: jupyter-core!=5.0.*,>=4.12 in /home/runner/micromamba/envs/tardis/lib/python3.12/site-packages (from jupyter-server<3,>=2.4.0->notebook>=4.4.1->widgetsnbextension~=3.6.5->ipywidgets>=7.0.0->qgridnext) (5.7.2)
2025-01-06T15:26:04.1617647Z Requirement already satisfied: jupyter-events>=0.9.0 in /home/runner/micromamba/envs/tardis/lib/python3.12/site-packages (from jupyter-server<3,>=2.4.0->notebook>=4.4.1->widgetsnbextension~=3.6.5->ipywidgets>=7.0.0->qgridnext) (0.10.0)
2025-01-06T15:26:04.1629602Z Requirement already satisfied: jupyter-server-terminals>=0.4.4 in /home/runner/micromamba/envs/tardis/lib/python3.12/site-packages (from jupyter-server<3,>=2.4.0->notebook>=4.4.1->widgetsnbextension~=3.6.5->ipywidgets>=7.0.0->qgridnext) (0.5.3)
2025-01-06T15:26:04.1644056Z Requirement already satisfied: nbconvert>=6.4.4 in /home/runner/micromamba/envs/tardis/lib/python3.12/site-packages (from jupyter-server<3,>=2.4.0->notebook>=4.4.1->widgetsnbextension~=3.6.5->ipywidgets>=7.0.0->qgridnext) (7.16.4)
2025-01-06T15:26:04.1655193Z Requirement already satisfied: nbformat>=5.3.0 in /home/runner/micromamba/envs/tardis/lib/python3.12/site-packages (from jupyter-server<3,>=2.4.0->notebook>=4.4.1->widgetsnbextension~=3.6.5->ipywidgets>=7.0.0->qgridnext) (5.10.4)
2025-01-06T15:26:04.1665119Z Requirement already satisfied: overrides>=5.0 in /home/runner/micromamba/envs/tardis/lib/python3.12/site-packages (from jupyter-server<3,>=2.4.0->notebook>=4.4.1->widgetsnbextension~=3.6.5->ipywidgets>=7.0.0->qgridnext) (7.7.0)
2025-01-06T15:26:04.1675717Z Requirement already satisfied: packaging>=22.0 in /home/runner/micromamba/envs/tardis/lib/python3.12/site-packages (from jupyter-server<3,>=2.4.0->notebook>=4.4.1->widgetsnbextension~=3.6.5->ipywidgets>=7.0.0->qgridnext) (24.1)
2025-01-06T15:26:04.1685176Z Requirement already satisfied: prometheus-client>=0.9 in /home/runner/micromamba/envs/tardis/lib/python3.12/site-packages (from jupyter-server<3,>=2.4.0->notebook>=4.4.1->widgetsnbextension~=3.6.5->ipywidgets>=7.0.0->qgridnext) (0.20.0)
2025-01-06T15:26:04.1696730Z Requirement already satisfied: pyzmq>=24 in /home/runner/micromamba/envs/tardis/lib/python3.12/site-packages (from jupyter-server<3,>=2.4.0->notebook>=4.4.1->widgetsnbextension~=3.6.5->ipywidgets>=7.0.0->qgridnext) (26.0.3)
2025-01-06T15:26:04.1706479Z Requirement already satisfied: send2trash>=1.8.2 in /home/runner/micromamba/envs/tardis/lib/python3.12/site-packages (from jupyter-server<3,>=2.4.0->notebook>=4.4.1->widgetsnbextension~=3.6.5->ipywidgets>=7.0.0->qgridnext) (1.8.3)
2025-01-06T15:26:04.1718528Z Requirement already satisfied: terminado>=0.8.3 in /home/runner/micromamba/envs/tardis/lib/python3.12/site-packages (from jupyter-server<3,>=2.4.0->notebook>=4.4.1->widgetsnbextension~=3.6.5->ipywidgets>=7.0.0->qgridnext) (0.18.1)
2025-01-06T15:26:04.1736589Z Requirement already satisfied: websocket-client>=1.7 in /home/runner/micromamba/envs/tardis/lib/python3.12/site-packages (from jupyter-server<3,>=2.4.0->notebook>=4.4.1->widgetsnbextension~=3.6.5->ipywidgets>=7.0.0->qgridnext) (1.8.0)
2025-01-06T15:26:04.2025615Z Requirement already satisfied: async-lru>=1.0.0 in /home/runner/micromamba/envs/tardis/lib/python3.12/site-packages (from jupyterlab<4.3,>=4.2.0->notebook>=4.4.1->widgetsnbextension~=3.6.5->ipywidgets>=7.0.0->qgridnext) (2.0.4)
2025-01-06T15:26:04.2038740Z Requirement already satisfied: httpx>=0.25.0 in /home/runner/micromamba/envs/tardis/lib/python3.12/site-packages (from jupyterlab<4.3,>=4.2.0->notebook>=4.4.1->widgetsnbextension~=3.6.5->ipywidgets>=7.0.0->qgridnext) (0.27.0)
2025-01-06T15:26:04.2051618Z Requirement already satisfied: ipykernel>=6.5.0 in /home/runner/micromamba/envs/tardis/lib/python3.12/site-packages (from jupyterlab<4.3,>=4.2.0->notebook>=4.4.1->widgetsnbextension~=3.6.5->ipywidgets>=7.0.0->qgridnext) (6.29.4)
2025-01-06T15:26:04.2066887Z Requirement already satisfied: jupyter-lsp>=2.0.0 in /home/runner/micromamba/envs/tardis/lib/python3.12/site-packages (from jupyterlab<4.3,>=4.2.0->notebook>=4.4.1->widgetsnbextension~=3.6.5->ipywidgets>=7.0.0->qgridnext) (2.2.5)
2025-01-06T15:26:04.2093726Z Requirement already satisfied: setuptools>=40.1.0 in /home/runner/micromamba/envs/tardis/lib/python3.12/site-packages (from jupyterlab<4.3,>=4.2.0->notebook>=4.4.1->widgetsnbextension~=3.6.5->ipywidgets>=7.0.0->qgridnext) (70.0.0)
2025-01-06T15:26:04.2283732Z Requirement already satisfied: babel>=2.10 in /home/runner/micromamba/envs/tardis/lib/python3.12/site-packages (from jupyterlab-server<3,>=2.27.1->notebook>=4.4.1->widgetsnbextension~=3.6.5->ipywidgets>=7.0.0->qgridnext) (2.14.0)
2025-01-06T15:26:04.2310402Z Requirement already satisfied: json5>=0.9.0 in /home/runner/micromamba/envs/tardis/lib/python3.12/site-packages (from jupyterlab-server<3,>=2.27.1->notebook>=4.4.1->widgetsnbextension~=3.6.5->ipywidgets>=7.0.0->qgridnext) (0.9.25)
2025-01-06T15:26:04.2321919Z Requirement already satisfied: jsonschema>=4.18.0 in /home/runner/micromamba/envs/tardis/lib/python3.12/site-packages (from jupyterlab-server<3,>=2.27.1->notebook>=4.4.1->widgetsnbextension~=3.6.5->ipywidgets>=7.0.0->qgridnext) (4.22.0)
2025-01-06T15:26:04.2360404Z Requirement already satisfied: requests>=2.31 in /home/runner/micromamba/envs/tardis/lib/python3.12/site-packages (from jupyterlab-server<3,>=2.27.1->notebook>=4.4.1->widgetsnbextension~=3.6.5->ipywidgets>=7.0.0->qgridnext) (2.32.3)
2025-01-06T15:26:04.2704257Z Requirement already satisfied: idna>=2.8 in /home/runner/micromamba/envs/tardis/lib/python3.12/site-packages (from anyio>=3.1.0->jupyter-server<3,>=2.4.0->notebook>=4.4.1->widgetsnbextension~=3.6.5->ipywidgets>=7.0.0->qgridnext) (3.7)
2025-01-06T15:26:04.2714286Z Requirement already satisfied: sniffio>=1.1 in /home/runner/micromamba/envs/tardis/lib/python3.12/site-packages (from anyio>=3.1.0->jupyter-server<3,>=2.4.0->notebook>=4.4.1->widgetsnbextension~=3.6.5->ipywidgets>=7.0.0->qgridnext) (1.3.1)
2025-01-06T15:26:04.2805416Z Requirement already satisfied: argon2-cffi-bindings in /home/runner/micromamba/envs/tardis/lib/python3.12/site-packages (from argon2-cffi>=21.1->jupyter-server<3,>=2.4.0->notebook>=4.4.1->widgetsnbextension~=3.6.5->ipywidgets>=7.0.0->qgridnext) (21.2.0)
2025-01-06T15:26:04.2975967Z Requirement already satisfied: certifi in /home/runner/micromamba/envs/tardis/lib/python3.12/site-packages (from httpx>=0.25.0->jupyterlab<4.3,>=4.2.0->notebook>=4.4.1->widgetsnbextension~=3.6.5->ipywidgets>=7.0.0->qgridnext) (2024.6.2)
2025-01-06T15:26:04.2991569Z Requirement already satisfied: httpcore==1.* in /home/runner/micromamba/envs/tardis/lib/python3.12/site-packages (from httpx>=0.25.0->jupyterlab<4.3,>=4.2.0->notebook>=4.4.1->widgetsnbextension~=3.6.5->ipywidgets>=7.0.0->qgridnext) (1.0.5)
2025-01-06T15:26:04.3069556Z Requirement already satisfied: h11<0.15,>=0.13 in /home/runner/micromamba/envs/tardis/lib/python3.12/site-packages (from httpcore==1.*->httpx>=0.25.0->jupyterlab<4.3,>=4.2.0->notebook>=4.4.1->widgetsnbextension~=3.6.5->ipywidgets>=7.0.0->qgridnext) (0.14.0)
2025-01-06T15:26:04.3255819Z Requirement already satisfied: debugpy>=1.6.5 in /home/runner/micromamba/envs/tardis/lib/python3.12/site-packages (from ipykernel>=6.5.0->jupyterlab<4.3,>=4.2.0->notebook>=4.4.1->widgetsnbextension~=3.6.5->ipywidgets>=7.0.0->qgridnext) (1.8.1)
2025-01-06T15:26:04.3278412Z Requirement already satisfied: nest-asyncio in /home/runner/micromamba/envs/tardis/lib/python3.12/site-packages (from ipykernel>=6.5.0->jupyterlab<4.3,>=4.2.0->notebook>=4.4.1->widgetsnbextension~=3.6.5->ipywidgets>=7.0.0->qgridnext) (1.6.0)
2025-01-06T15:26:04.3293847Z Requirement already satisfied: psutil in /home/runner/micromamba/envs/tardis/lib/python3.12/site-packages (from ipykernel>=6.5.0->jupyterlab<4.3,>=4.2.0->notebook>=4.4.1->widgetsnbextension~=3.6.5->ipywidgets>=7.0.0->qgridnext) (5.9.8)
2025-01-06T15:26:04.3357491Z Requirement already satisfied: MarkupSafe>=2.0 in /home/runner/micromamba/envs/tardis/lib/python3.12/site-packages (from jinja2>=3.0.3->jupyter-server<3,>=2.4.0->notebook>=4.4.1->widgetsnbextension~=3.6.5->ipywidgets>=7.0.0->qgridnext) (2.1.5)
2025-01-06T15:26:04.3549925Z Requirement already satisfied: attrs>=22.2.0 in /home/runner/micromamba/envs/tardis/lib/python3.12/site-packages (from jsonschema>=4.18.0->jupyterlab-server<3,>=2.27.1->notebook>=4.4.1->widgetsnbextension~=3.6.5->ipywidgets>=7.0.0->qgridnext) (23.2.0)
2025-01-06T15:26:04.3561066Z Requirement already satisfied: jsonschema-specifications>=2023.03.6 in /home/runner/micromamba/envs/tardis/lib/python3.12/site-packages (from jsonschema>=4.18.0->jupyterlab-server<3,>=2.27.1->notebook>=4.4.1->widgetsnbextension~=3.6.5->ipywidgets>=7.0.0->qgridnext) (2023.12.1)
2025-01-06T15:26:04.3570306Z Requirement already satisfied: referencing>=0.28.4 in /home/runner/micromamba/envs/tardis/lib/python3.12/site-packages (from jsonschema>=4.18.0->jupyterlab-server<3,>=2.27.1->notebook>=4.4.1->widgetsnbextension~=3.6.5->ipywidgets>=7.0.0->qgridnext) (0.35.1)
2025-01-06T15:26:04.3580140Z Requirement already satisfied: rpds-py>=0.7.1 in /home/runner/micromamba/envs/tardis/lib/python3.12/site-packages (from jsonschema>=4.18.0->jupyterlab-server<3,>=2.27.1->notebook>=4.4.1->widgetsnbextension~=3.6.5->ipywidgets>=7.0.0->qgridnext) (0.18.1)
2025-01-06T15:26:04.3844194Z Requirement already satisfied: platformdirs>=2.5 in /home/runner/micromamba/envs/tardis/lib/python3.12/site-packages (from jupyter-core!=5.0.*,>=4.12->jupyter-server<3,>=2.4.0->notebook>=4.4.1->widgetsnbextension~=3.6.5->ipywidgets>=7.0.0->qgridnext) (4.2.2)
2025-01-06T15:26:04.3993279Z Requirement already satisfied: python-json-logger>=2.0.4 in /home/runner/micromamba/envs/tardis/lib/python3.12/site-packages (from jupyter-events>=0.9.0->jupyter-server<3,>=2.4.0->notebook>=4.4.1->widgetsnbextension~=3.6.5->ipywidgets>=7.0.0->qgridnext) (2.0.7)
2025-01-06T15:26:04.4002682Z Requirement already satisfied: pyyaml>=5.3 in /home/runner/micromamba/envs/tardis/lib/python3.12/site-packages (from jupyter-events>=0.9.0->jupyter-server<3,>=2.4.0->notebook>=4.4.1->widgetsnbextension~=3.6.5->ipywidgets>=7.0.0->qgridnext) (6.0.1)
2025-01-06T15:26:04.4014222Z Requirement already satisfied: rfc3339-validator in /home/runner/micromamba/envs/tardis/lib/python3.12/site-packages (from jupyter-events>=0.9.0->jupyter-server<3,>=2.4.0->notebook>=4.4.1->widgetsnbextension~=3.6.5->ipywidgets>=7.0.0->qgridnext) (0.1.4)
2025-01-06T15:26:04.4023075Z Requirement already satisfied: rfc3986-validator>=0.1.1 in /home/runner/micromamba/envs/tardis/lib/python3.12/site-packages (from jupyter-events>=0.9.0->jupyter-server<3,>=2.4.0->notebook>=4.4.1->widgetsnbextension~=3.6.5->ipywidgets>=7.0.0->qgridnext) (0.1.1)
2025-01-06T15:26:04.4449517Z Requirement already satisfied: beautifulsoup4 in /home/runner/micromamba/envs/tardis/lib/python3.12/site-packages (from nbconvert>=6.4.4->jupyter-server<3,>=2.4.0->notebook>=4.4.1->widgetsnbextension~=3.6.5->ipywidgets>=7.0.0->qgridnext) (4.12.3)
2025-01-06T15:26:04.4471368Z Requirement already satisfied: bleach!=5.0.0 in /home/runner/micromamba/envs/tardis/lib/python3.12/site-packages (from nbconvert>=6.4.4->jupyter-server<3,>=2.4.0->notebook>=4.4.1->widgetsnbextension~=3.6.5->ipywidgets>=7.0.0->qgridnext) (6.1.0)
2025-01-06T15:26:04.4487304Z Requirement already satisfied: defusedxml in /home/runner/micromamba/envs/tardis/lib/python3.12/site-packages (from nbconvert>=6.4.4->jupyter-server<3,>=2.4.0->notebook>=4.4.1->widgetsnbextension~=3.6.5->ipywidgets>=7.0.0->qgridnext) (0.7.1)
2025-01-06T15:26:04.4502797Z Requirement already satisfied: jupyterlab-pygments in /home/runner/micromamba/envs/tardis/lib/python3.12/site-packages (from nbconvert>=6.4.4->jupyter-server<3,>=2.4.0->notebook>=4.4.1->widgetsnbextension~=3.6.5->ipywidgets>=7.0.0->qgridnext) (0.3.0)
2025-01-06T15:26:04.4515688Z Requirement already satisfied: mistune<4,>=2.0.3 in /home/runner/micromamba/envs/tardis/lib/python3.12/site-packages (from nbconvert>=6.4.4->jupyter-server<3,>=2.4.0->notebook>=4.4.1->widgetsnbextension~=3.6.5->ipywidgets>=7.0.0->qgridnext) (3.0.2)
2025-01-06T15:26:04.4529366Z Requirement already satisfied: nbclient>=0.5.0 in /home/runner/micromamba/envs/tardis/lib/python3.12/site-packages (from nbconvert>=6.4.4->jupyter-server<3,>=2.4.0->notebook>=4.4.1->widgetsnbextension~=3.6.5->ipywidgets>=7.0.0->qgridnext) (0.10.0)
2025-01-06T15:26:04.4547165Z Requirement already satisfied: pandocfilters>=1.4.1 in /home/runner/micromamba/envs/tardis/lib/python3.12/site-packages (from nbconvert>=6.4.4->jupyter-server<3,>=2.4.0->notebook>=4.4.1->widgetsnbextension~=3.6.5->ipywidgets>=7.0.0->qgridnext) (1.5.0)
2025-01-06T15:26:04.4557614Z Requirement already satisfied: tinycss2 in /home/runner/micromamba/envs/tardis/lib/python3.12/site-packages (from nbconvert>=6.4.4->jupyter-server<3,>=2.4.0->notebook>=4.4.1->widgetsnbextension~=3.6.5->ipywidgets>=7.0.0->qgridnext) (1.3.0)
2025-01-06T15:26:04.4680842Z Requirement already satisfied: fastjsonschema>=2.15 in /home/runner/micromamba/envs/tardis/lib/python3.12/site-packages (from nbformat>=5.3.0->jupyter-server<3,>=2.4.0->notebook>=4.4.1->widgetsnbextension~=3.6.5->ipywidgets>=7.0.0->qgridnext) (2.20.0)
2025-01-06T15:26:04.4998033Z Requirement already satisfied: charset-normalizer<4,>=2 in /home/runner/micromamba/envs/tardis/lib/python3.12/site-packages (from requests>=2.31->jupyterlab-server<3,>=2.27.1->notebook>=4.4.1->widgetsnbextension~=3.6.5->ipywidgets>=7.0.0->qgridnext) (3.3.2)
2025-01-06T15:26:04.5013201Z Requirement already satisfied: urllib3<3,>=1.21.1 in /home/runner/micromamba/envs/tardis/lib/python3.12/site-packages (from requests>=2.31->jupyterlab-server<3,>=2.27.1->notebook>=4.4.1->widgetsnbextension~=3.6.5->ipywidgets>=7.0.0->qgridnext) (2.2.2)
2025-01-06T15:26:04.5795478Z Requirement already satisfied: webencodings in /home/runner/micromamba/envs/tardis/lib/python3.12/site-packages (from bleach!=5.0.0->nbconvert>=6.4.4->jupyter-server<3,>=2.4.0->notebook>=4.4.1->widgetsnbextension~=3.6.5->ipywidgets>=7.0.0->qgridnext) (0.5.1)
2025-01-06T15:26:04.6367699Z Requirement already satisfied: fqdn in /home/runner/micromamba/envs/tardis/lib/python3.12/site-packages (from jsonschema[format-nongpl]>=4.18.0->jupyter-events>=0.9.0->jupyter-server<3,>=2.4.0->notebook>=4.4.1->widgetsnbextension~=3.6.5->ipywidgets>=7.0.0->qgridnext) (1.5.1)
2025-01-06T15:26:04.6385910Z Requirement already satisfied: isoduration in /home/runner/micromamba/envs/tardis/lib/python3.12/site-packages (from jsonschema[format-nongpl]>=4.18.0->jupyter-events>=0.9.0->jupyter-server<3,>=2.4.0->notebook>=4.4.1->widgetsnbextension~=3.6.5->ipywidgets>=7.0.0->qgridnext) (20.11.0)
2025-01-06T15:26:04.6400580Z Requirement already satisfied: jsonpointer>1.13 in /home/runner/micromamba/envs/tardis/lib/python3.12/site-packages (from jsonschema[format-nongpl]>=4.18.0->jupyter-events>=0.9.0->jupyter-server<3,>=2.4.0->notebook>=4.4.1->widgetsnbextension~=3.6.5->ipywidgets>=7.0.0->qgridnext) (3.0.0)
2025-01-06T15:26:04.6417995Z Requirement already satisfied: uri-template in /home/runner/micromamba/envs/tardis/lib/python3.12/site-packages (from jsonschema[format-nongpl]>=4.18.0->jupyter-events>=0.9.0->jupyter-server<3,>=2.4.0->notebook>=4.4.1->widgetsnbextension~=3.6.5->ipywidgets>=7.0.0->qgridnext) (1.3.0)
2025-01-06T15:26:04.6432669Z Requirement already satisfied: webcolors>=1.11 in /home/runner/micromamba/envs/tardis/lib/python3.12/site-packages (from jsonschema[format-nongpl]>=4.18.0->jupyter-events>=0.9.0->jupyter-server<3,>=2.4.0->notebook>=4.4.1->widgetsnbextension~=3.6.5->ipywidgets>=7.0.0->qgridnext) (24.6.0)
2025-01-06T15:26:04.7447970Z Requirement already satisfied: cffi>=1.0.1 in /home/runner/micromamba/envs/tardis/lib/python3.12/site-packages (from argon2-cffi-bindings->argon2-cffi>=21.1->jupyter-server<3,>=2.4.0->notebook>=4.4.1->widgetsnbextension~=3.6.5->ipywidgets>=7.0.0->qgridnext) (1.16.0)
2025-01-06T15:26:04.7545766Z Requirement already satisfied: soupsieve>1.2 in /home/runner/micromamba/envs/tardis/lib/python3.12/site-packages (from beautifulsoup4->nbconvert>=6.4.4->jupyter-server<3,>=2.4.0->notebook>=4.4.1->widgetsnbextension~=3.6.5->ipywidgets>=7.0.0->qgridnext) (2.5)
2025-01-06T15:26:04.8069541Z Requirement already satisfied: pycparser in /home/runner/micromamba/envs/tardis/lib/python3.12/site-packages (from cffi>=1.0.1->argon2-cffi-bindings->argon2-cffi>=21.1->jupyter-server<3,>=2.4.0->notebook>=4.4.1->widgetsnbextension~=3.6.5->ipywidgets>=7.0.0->qgridnext) (2.22)
2025-01-06T15:26:04.8567398Z Requirement already satisfied: arrow>=0.15.0 in /home/runner/micromamba/envs/tardis/lib/python3.12/site-packages (from isoduration->jsonschema[format-nongpl]>=4.18.0->jupyter-events>=0.9.0->jupyter-server<3,>=2.4.0->notebook>=4.4.1->widgetsnbextension~=3.6.5->ipywidgets>=7.0.0->qgridnext) (1.3.0)
2025-01-06T15:26:04.8867799Z Requirement already satisfied: types-python-dateutil>=2.8.10 in /home/runner/micromamba/envs/tardis/lib/python3.12/site-packages (from arrow>=0.15.0->isoduration->jsonschema[format-nongpl]>=4.18.0->jupyter-events>=0.9.0->jupyter-server<3,>=2.4.0->notebook>=4.4.1->widgetsnbextension~=3.6.5->ipywidgets>=7.0.0->qgridnext) (2.9.0.20240316)
2025-01-06T15:26:04.9174180Z Downloading qgridnext-2.0.4-py3-none-any.whl (1.3 MB)
2025-01-06T15:26:04.9680331Z    â”â”â”â”â”â”â”â”â”â”â”â”â”â”â”â”â”â”â”â”â”â”â”â”â”â”â”â”â”â”â”â”â”â”â”â”â”â”â”â” 1.3/1.3 MB 26.1 MB/s eta 0:00:00
2025-01-06T15:26:05.7702788Z Installing collected packages: qgridnext
2025-01-06T15:26:05.8605157Z Successfully installed qgridnext-2.0.4
2025-01-06T15:26:06.0893493Z ##[group]Run pytest tardis --tardis-regression-data=/home/runner/work/tardis/tardis/tardis-regression-data --cov=tardis --cov-report=xml --cov-report=html --cov-append -m " continuum"
2025-01-06T15:26:06.0895068Z [36;1mpytest tardis --tardis-regression-data=/home/runner/work/tardis/tardis/tardis-regression-data --cov=tardis --cov-report=xml --cov-report=html --cov-append -m " continuum"[0m
2025-01-06T15:26:06.0921822Z shell: /usr/bin/bash -l {0}
2025-01-06T15:26:06.0922061Z env:
2025-01-06T15:26:06.0922232Z   CACHE_NUMBER: 0
2025-01-06T15:26:06.0922852Z   PYTEST_FLAGS: --tardis-regression-data=/home/runner/work/tardis/tardis/tardis-regression-data --cov=tardis --cov-report=xml --cov-report=html --cov-append
2025-01-06T15:26:06.0923531Z   CODECOV_TOKEN: 
2025-01-06T15:26:06.0923752Z   MAMBA_ROOT_PREFIX: /home/runner/micromamba
2025-01-06T15:26:06.0924214Z   MAMBA_EXE: /home/runner/micromamba-bin/micromamba
2025-01-06T15:26:06.0924605Z   CONDARC: /home/runner/work/_temp/setup-micromamba/.condarc
2025-01-06T15:26:06.0924910Z ##[endgroup]
2025-01-06T15:26:14.6293479Z ============================= test session starts ==============================
2025-01-06T15:26:14.6294388Z platform linux -- Python 3.12.4, pytest-8.2.2, pluggy-1.5.0
2025-01-06T15:26:14.6294955Z rootdir: /home/runner/work/tardis/tardis
2025-01-06T15:26:14.6295445Z configfile: pyproject.toml
2025-01-06T15:26:14.6296046Z plugins: anyio-4.4.0, doctestplus-1.2.1, cov-5.0.0, html-4.1.1, metadata-3.1.1
2025-01-06T15:26:14.6296749Z collected 1796 items / 1794 deselected / 2 selected
2025-01-06T15:26:14.6297079Z 
2025-01-06T15:26:28.6817719Z tardis/transport/montecarlo/estimators/tests/test_continuum_property_solver.py F [ 50%]
2025-01-06T15:26:28.6819955Z                                                                          [ 50%]
2025-01-06T15:26:36.3945498Z tardis/transport/montecarlo/tests/test_continuum.py F                    [100%]
2025-01-06T15:26:36.3947106Z 
2025-01-06T15:26:36.3947775Z =================================== FAILURES ===================================
2025-01-06T15:26:36.3948457Z __________________________ test_continuum_estimators ___________________________
2025-01-06T15:26:36.3948904Z 
2025-01-06T15:26:36.3950149Z continuum_config = {'tardis_config_version': 'v1.0', 'supernova': {'luminosity_requested': <Quantity 4.31528298e+42 erg / s>, 'time_explo...': 10.0, 'survival_probability': 0.0, 'enable_biasing': False, 'virtual_packet_logging': False}}, 'config_dirname': ''}
2025-01-06T15:26:36.3952020Z nlte_atomic_dataset = <Atomic Data UUID=None MD5=None Lines=69056 Levels=26012>
2025-01-06T15:26:36.3952949Z 
2025-01-06T15:26:36.3953113Z     @pytest.mark.continuum
2025-01-06T15:26:36.3953540Z     def test_continuum_estimators(
2025-01-06T15:26:36.3954187Z         continuum_config,
2025-01-06T15:26:36.3954615Z         nlte_atomic_dataset,
2025-01-06T15:26:36.3954996Z     ):
2025-01-06T15:26:36.3955390Z         nlte_atomic_dataset = deepcopy(nlte_atomic_dataset)
2025-01-06T15:26:36.3956006Z >       continuum_simulation = Simulation.from_config(
2025-01-06T15:26:36.3956520Z             continuum_config,
2025-01-06T15:26:36.3956958Z             atom_data=nlte_atomic_dataset,
2025-01-06T15:26:36.3957456Z             virtual_packet_logging=False,
2025-01-06T15:26:36.3957901Z         )
2025-01-06T15:26:36.3958073Z 
2025-01-06T15:26:36.3958536Z tardis/transport/montecarlo/estimators/tests/test_continuum_property_solver.py:19: 
2025-01-06T15:26:36.3959319Z _ _ _ _ _ _ _ _ _ _ _ _ _ _ _ _ _ _ _ _ _ _ _ _ _ _ _ _ _ _ _ _ _ _ _ _ _ _ _ _ 
2025-01-06T15:26:36.3959854Z tardis/simulation/base.py:769: in from_config
2025-01-06T15:26:36.3960370Z     plasma = assemble_plasma(
2025-01-06T15:26:36.3960952Z tardis/plasma/assembly/legacy_assembly.py:37: in assemble_plasma
2025-01-06T15:26:36.3961680Z     return plasma_solver_factory.assemble(
2025-01-06T15:26:36.3962186Z tardis/plasma/assembly/base.py:614: in assemble
2025-01-06T15:26:36.3962671Z     return BasePlasma(
2025-01-06T15:26:36.3963366Z tardis/io/util.py:195: in __new__
2025-01-06T15:26:36.3963823Z     instance.__init__(*args, **kwargs)
2025-01-06T15:26:36.3964474Z tardis/plasma/base.py:40: in __init__
2025-01-06T15:26:36.3964881Z     self.update(**kwargs)
2025-01-06T15:26:36.3965242Z tardis/plasma/base.py:192: in update
2025-01-06T15:26:36.3965721Z     self.plasma_properties_dict[module_name].update()
2025-01-06T15:26:36.3966237Z tardis/plasma/properties/base.py:110: in update
2025-01-06T15:26:36.3966742Z     self.calculate(*self._get_input_values()),
2025-01-06T15:26:36.3967411Z tardis/plasma/properties/continuum_processes/rates.py:231: in calculate
2025-01-06T15:26:36.3968124Z     alpha_sp_E = cumulative_integrate_array_by_blocks(
2025-01-06T15:26:36.3968970Z ../../../micromamba/envs/tardis/lib/python3.12/site-packages/numba/core/dispatcher.py:468: in _compile_for_args
2025-01-06T15:26:36.3969737Z     error_rewrite(e, 'typing')
2025-01-06T15:26:36.3970182Z _ _ _ _ _ _ _ _ _ _ _ _ _ _ _ _ _ _ _ _ _ _ _ _ _ _ _ _ _ _ _ _ _ _ _ _ _ _ _ _ 
2025-01-06T15:26:36.3970520Z 
2025-01-06T15:26:36.3971584Z e = TypingError('Failed in nopython mode pipeline (step: nopython frontend)\n\x1b[1m\x1b[1m\x1b[1m\x1b[1mFailed in nopytho...[1m            integrated[start:stop, col] = numba_cumulative_trapezoid(\n\x1b[0m            \x1b[1m^\x1b[0m\x1b[0m\n')
2025-01-06T15:26:36.3972940Z issue_type = 'typing'
2025-01-06T15:26:36.3973148Z 
2025-01-06T15:26:36.3973294Z     def error_rewrite(e, issue_type):
2025-01-06T15:26:36.3973687Z         """
2025-01-06T15:26:36.3974284Z         Rewrite and raise Exception `e` with help supplied based on the
2025-01-06T15:26:36.3974815Z         specified issue_type.
2025-01-06T15:26:36.3975192Z         """
2025-01-06T15:26:36.3975462Z         if config.SHOW_HELP:
2025-01-06T15:26:36.3975891Z             help_msg = errors.error_extras[issue_type]
2025-01-06T15:26:36.3976456Z             e.patch_message('\n'.join((str(e).rstrip(), help_msg)))
2025-01-06T15:26:36.3976971Z         if config.FULL_TRACEBACKS:
2025-01-06T15:26:36.3977353Z             raise e
2025-01-06T15:26:36.3977635Z         else:
2025-01-06T15:26:36.3977932Z >           raise e.with_traceback(None)
2025-01-06T15:26:36.3978601Z E           numba.core.errors.TypingError: Failed in nopython mode pipeline (step: nopython frontend)
2025-01-06T15:26:36.3979714Z E           [1m[1m[1m[1mFailed in nopython mode pipeline (step: nopython frontend)
2025-01-06T15:26:36.3980668Z E           [1m[1m[1mNo implementation of function Function(<built-in function concatenate>) found for signature:
2025-01-06T15:26:36.3981320Z E            
2025-01-06T15:26:36.3981703Z E            >>> concatenate(Tuple(list(int64)<iv=[0]>, array(float64, 1d, C)))
2025-01-06T15:26:36.3982413Z E            
2025-01-06T15:26:36.3982726Z E           There are 2 candidate implementations:
2025-01-06T15:26:36.3983250Z E           [1m  - Of which 1 did not match due to:
2025-01-06T15:26:36.3984039Z E             Overload in function 'impl_np_concatenate': File: numba/np/arrayobj.py: Line 5873.
2025-01-06T15:26:36.3984915Z E               With argument(s): '(Tuple(list(int64)<iv=None>, array(float64, 1d, C)))':[0m
2025-01-06T15:26:36.3985631Z E           [1m   Rejected as the implementation raised a specific error:
2025-01-06T15:26:36.3986318Z E                TypingError: Failed in nopython mode pipeline (step: nopython frontend)
2025-01-06T15:26:36.3987274Z E              [1m[1m[1mNo implementation of function Function(<intrinsic np_concatenate>) found for signature:
2025-01-06T15:26:36.3987904Z E               
2025-01-06T15:26:36.3988390Z E               >>> np_concatenate(Tuple(list(int64)<iv=None>, array(float64, 1d, C)), Literal[int](0))
2025-01-06T15:26:36.3988944Z E               
2025-01-06T15:26:36.3989251Z E              There are 2 candidate implementations:
2025-01-06T15:26:36.3989778Z E              [1m      - Of which 2 did not match due to:
2025-01-06T15:26:36.3990388Z E                    Intrinsic in function 'np_concatenate': File: numba/np/arrayobj.py: Line 5856.
2025-01-06T15:26:36.3991458Z E                      With argument(s): '(Tuple(list(int64)<iv=None>, array(float64, 1d, C)), int64)':[0m
2025-01-06T15:26:36.3992258Z E              [1m       Rejected as the implementation raised a specific error:
2025-01-06T15:26:36.3993319Z E                       TypeError: np.concatenate(): expecting a non-empty tuple of arrays, got Tuple(list(int64)<iv=None>, array(float64, 1d, C))[0m
2025-01-06T15:26:36.3994706Z E                raised from /home/runner/micromamba/envs/tardis/lib/python3.12/site-packages/numba/core/typing/npydecl.py:526
2025-01-06T15:26:36.3995530Z E              [0m
2025-01-06T15:26:36.3996110Z E              [0m[1mDuring: resolving callee type: Function(<intrinsic np_concatenate>)[0m
2025-01-06T15:26:36.3997272Z E              [0m[1mDuring: typing of call at /home/runner/micromamba/envs/tardis/lib/python3.12/site-packages/numba/np/arrayobj.py (5877)
2025-01-06T15:26:36.3998131Z E              [0m
2025-01-06T15:26:36.3998430Z E              [1m
2025-01-06T15:26:36.3999159Z E              File "../../../micromamba/envs/tardis/lib/python3.12/site-packages/numba/np/arrayobj.py", line 5877:[0m
2025-01-06T15:26:36.3999940Z E              [1m        def impl(arrays, axis=0):
2025-01-06T15:26:36.4000456Z E              [1m            return np_concatenate(arrays, axis)
2025-01-06T15:26:36.4000937Z E              [0m            [1m^[0m[0m
2025-01-06T15:26:36.4001318Z E           [0m
2025-01-06T15:26:36.4001960Z E             raised from /home/runner/micromamba/envs/tardis/lib/python3.12/site-packages/numba/core/typeinfer.py:1091
2025-01-06T15:26:36.4002818Z E           [1m  - Of which 1 did not match due to:
2025-01-06T15:26:36.4003455Z E             Overload in function 'impl_np_concatenate': File: numba/np/arrayobj.py: Line 5873.
2025-01-06T15:26:36.4004482Z E               With argument(s): '(Tuple(list(int64)<iv=[0]>, array(float64, 1d, C)))':[0m
2025-01-06T15:26:36.4005208Z E           [1m   Rejected as the implementation raised a specific error:
2025-01-06T15:26:36.4005859Z E                TypingError: Failed in nopython mode pipeline (step: nopython frontend)
2025-01-06T15:26:36.4006887Z E              [1m[1m[1mNo implementation of function Function(<intrinsic np_concatenate>) found for signature:
2025-01-06T15:26:36.4007529Z E               
2025-01-06T15:26:36.4008001Z E               >>> np_concatenate(Tuple(list(int64)<iv=[0]>, array(float64, 1d, C)), Literal[int](0))
2025-01-06T15:26:36.4008570Z E               
2025-01-06T15:26:36.4008882Z E              There are 2 candidate implementations:
2025-01-06T15:26:36.4009406Z E              [1m      - Of which 1 did not match due to:
2025-01-06T15:26:36.4010212Z E                    Intrinsic in function 'np_concatenate': File: numba/np/arrayobj.py: Line 5856.
2025-01-06T15:26:36.4011112Z E                      With argument(s): '(Tuple(list(int64)<iv=None>, array(float64, 1d, C)), int64)':[0m
2025-01-06T15:26:36.4011883Z E              [1m       Rejected as the implementation raised a specific error:
2025-01-06T15:26:36.4012949Z E                       TypeError: np.concatenate(): expecting a non-empty tuple of arrays, got Tuple(list(int64)<iv=None>, array(float64, 1d, C))[0m
2025-01-06T15:26:36.4014277Z E                raised from /home/runner/micromamba/envs/tardis/lib/python3.12/site-packages/numba/core/typing/npydecl.py:526
2025-01-06T15:26:36.4015164Z E              [1m      - Of which 1 did not match due to:
2025-01-06T15:26:36.4015761Z E                    Intrinsic in function 'np_concatenate': File: numba/np/arrayobj.py: Line 5856.
2025-01-06T15:26:36.4016698Z E                      With argument(s): '(Tuple(list(int64)<iv=[0]>, array(float64, 1d, C)), Literal[int](0))':[0m
2025-01-06T15:26:36.4017474Z E              [1m       Rejected as the implementation raised a specific error:
2025-01-06T15:26:36.4018503Z E                       TypeError: np.concatenate(): expecting a non-empty tuple of arrays, got Tuple(list(int64)<iv=[0]>, array(float64, 1d, C))[0m
2025-01-06T15:26:36.4019768Z E                raised from /home/runner/micromamba/envs/tardis/lib/python3.12/site-packages/numba/core/typing/npydecl.py:526
2025-01-06T15:26:36.4020575Z E              [0m
2025-01-06T15:26:36.4021184Z E              [0m[1mDuring: resolving callee type: Function(<intrinsic np_concatenate>)[0m
2025-01-06T15:26:36.4022377Z E              [0m[1mDuring: typing of call at /home/runner/micromamba/envs/tardis/lib/python3.12/site-packages/numba/np/arrayobj.py (5877)
2025-01-06T15:26:36.4023198Z E              [0m
2025-01-06T15:26:36.4023489Z E              [1m
2025-01-06T15:26:36.4024388Z E              File "../../../micromamba/envs/tardis/lib/python3.12/site-packages/numba/np/arrayobj.py", line 5877:[0m
2025-01-06T15:26:36.4025168Z E              [1m        def impl(arrays, axis=0):
2025-01-06T15:26:36.4025700Z E              [1m            return np_concatenate(arrays, axis)
2025-01-06T15:26:36.4026171Z E              [0m            [1m^[0m[0m
2025-01-06T15:26:36.4026553Z E           [0m
2025-01-06T15:26:36.4027225Z E             raised from /home/runner/micromamba/envs/tardis/lib/python3.12/site-packages/numba/core/typeinfer.py:1091
2025-01-06T15:26:36.4028037Z E           [0m
2025-01-06T15:26:36.4028658Z E           [0m[1mDuring: resolving callee type: Function(<built-in function concatenate>)[0m
2025-01-06T15:26:36.4029895Z E           [0m[1mDuring: typing of call at /home/runner/work/tardis/tardis/tardis/plasma/properties/continuum_processes/fast_array_util.py (36)
2025-01-06T15:26:36.4030805Z E           [0m
2025-01-06T15:26:36.4031091Z E           [1m
2025-01-06T15:26:36.4031729Z E           File "tardis/plasma/properties/continuum_processes/fast_array_util.py", line 36:[0m
2025-01-06T15:26:36.4032494Z E           [1mdef numba_cumulative_trapezoid(f, x):
2025-01-06T15:26:36.4032895Z E               <source elided>
2025-01-06T15:26:36.4033211Z E           
2025-01-06T15:26:36.4033695Z E           [1m    return np.concatenate(([0], cumulative / cumulative[-1]))
2025-01-06T15:26:36.4034363Z E           [0m    [1m^[0m[0m
2025-01-06T15:26:36.4034694Z E           
2025-01-06T15:26:36.4035481Z E           [0m[1mDuring: resolving callee type: type(CPUDispatcher(<function numba_cumulative_trapezoid at 0x7f5bf9ccd080>))[0m
2025-01-06T15:26:36.4036875Z E           [0m[1mDuring: typing of call at /home/runner/work/tardis/tardis/tardis/plasma/properties/continuum_processes/fast_array_util.py (68)
2025-01-06T15:26:36.4037800Z E           [0m
2025-01-06T15:26:36.4038590Z E           [0m[1mDuring: resolving callee type: type(CPUDispatcher(<function numba_cumulative_trapezoid at 0x7f5bf9ccd080>))[0m
2025-01-06T15:26:36.4040122Z E           [0m[1mDuring: typing of call at /home/runner/work/tardis/tardis/tardis/plasma/properties/continuum_processes/fast_array_util.py (68)
2025-01-06T15:26:36.4040973Z E           [0m
2025-01-06T15:26:36.4041250Z E           [1m
2025-01-06T15:26:36.4041849Z E           File "tardis/plasma/properties/continuum_processes/fast_array_util.py", line 68:[0m
2025-01-06T15:26:36.4042732Z E           [1mdef cumulative_integrate_array_by_blocks(f, x, block_references):
2025-01-06T15:26:36.4043258Z E               <source elided>
2025-01-06T15:26:36.4043567Z E           
2025-01-06T15:26:36.4044223Z E           [1m            integrated[start:stop, col] = numba_cumulative_trapezoid(
2025-01-06T15:26:36.4044786Z E           [0m            [1m^[0m[0m
2025-01-06T15:26:36.4045037Z 
2025-01-06T15:26:36.4045492Z ../../../micromamba/envs/tardis/lib/python3.12/site-packages/numba/core/dispatcher.py:409: TypingError
2025-01-06T15:26:36.4046295Z ----------------------------- Captured stdout call -----------------------------
2025-01-06T15:26:36.4047058Z [[1mtardis.io.model.parse_density_configuration[0m][[1;33mWARNING[0m]  
2025-01-06T15:26:36.4048200Z 	Number of density points larger than number of shells. Assuming inner point irrelevant ([1mparse_density_configuration.py[0m:114)
2025-01-06T15:26:36.4049107Z ------------------------------ Captured log call -------------------------------
2025-01-06T15:26:36.4050508Z WARNING  tardis.io.model.parse_density_configuration:parse_density_configuration.py:114 Number of density points larger than number of shells. Assuming inner point irrelevant
2025-01-06T15:26:36.4051791Z __________________________ test_montecarlo_continuum ___________________________
2025-01-06T15:26:36.4052169Z 
2025-01-06T15:26:36.4053239Z continuum_config = {'tardis_config_version': 'v1.0', 'supernova': {'luminosity_requested': <Quantity 4.31528298e+42 erg / s>, 'time_explo...': 10.0, 'survival_probability': 0.0, 'enable_biasing': False, 'virtual_packet_logging': False}}, 'config_dirname': ''}
2025-01-06T15:26:36.4055093Z regression_data = <tardis.tests.fixtures.regression_data.RegressionData object at 0x7f5be07b1070>
2025-01-06T15:26:36.4056108Z nlte_atomic_dataset = <Atomic Data UUID=None MD5=None Lines=69056 Levels=26012>
2025-01-06T15:26:36.4056550Z 
2025-01-06T15:26:36.4056694Z     @pytest.mark.continuum
2025-01-06T15:26:36.4057046Z     def test_montecarlo_continuum(
2025-01-06T15:26:36.4057415Z         continuum_config,
2025-01-06T15:26:36.4057717Z         regression_data,
2025-01-06T15:26:36.4058023Z         nlte_atomic_dataset,
2025-01-06T15:26:36.4058344Z     ):
2025-01-06T15:26:36.4058669Z         nlte_atomic_dataset = deepcopy(nlte_atomic_dataset)
2025-01-06T15:26:36.4059175Z >       continuum_simulation = Simulation.from_config(
2025-01-06T15:26:36.4059614Z             continuum_config,
2025-01-06T15:26:36.4059973Z             atom_data=nlte_atomic_dataset,
2025-01-06T15:26:36.4060370Z             virtual_packet_logging=False,
2025-01-06T15:26:36.4060761Z         )
2025-01-06T15:26:36.4060915Z 
2025-01-06T15:26:36.4061131Z tardis/transport/montecarlo/tests/test_continuum.py:16: 
2025-01-06T15:26:36.4061636Z _ _ _ _ _ _ _ _ _ _ _ _ _ _ _ _ _ _ _ _ _ _ _ _ _ _ _ _ _ _ _ _ _ _ _ _ _ _ _ _ 
2025-01-06T15:26:36.4062113Z tardis/simulation/base.py:769: in from_config
2025-01-06T15:26:36.4062521Z     plasma = assemble_plasma(
2025-01-06T15:26:36.4063007Z tardis/plasma/assembly/legacy_assembly.py:37: in assemble_plasma
2025-01-06T15:26:36.4063538Z     return plasma_solver_factory.assemble(
2025-01-06T15:26:36.4064153Z tardis/plasma/assembly/base.py:614: in assemble
2025-01-06T15:26:36.4064561Z     return BasePlasma(
2025-01-06T15:26:36.4064865Z tardis/io/util.py:195: in __new__
2025-01-06T15:26:36.4065225Z     instance.__init__(*args, **kwargs)
2025-01-06T15:26:36.4065604Z tardis/plasma/base.py:40: in __init__
2025-01-06T15:26:36.4065970Z     self.update(**kwargs)
2025-01-06T15:26:36.4066293Z tardis/plasma/base.py:192: in update
2025-01-06T15:26:36.4066718Z     self.plasma_properties_dict[module_name].update()
2025-01-06T15:26:36.4067381Z tardis/plasma/properties/base.py:110: in update
2025-01-06T15:26:36.4067822Z     self.calculate(*self._get_input_values()),
2025-01-06T15:26:36.4068396Z tardis/plasma/properties/continuum_processes/rates.py:231: in calculate
2025-01-06T15:26:36.4069010Z     alpha_sp_E = cumulative_integrate_array_by_blocks(
2025-01-06T15:26:36.4069791Z ../../../micromamba/envs/tardis/lib/python3.12/site-packages/numba/core/dispatcher.py:468: in _compile_for_args
2025-01-06T15:26:36.4070529Z     error_rewrite(e, 'typing')
2025-01-06T15:26:36.4070913Z _ _ _ _ _ _ _ _ _ _ _ _ _ _ _ _ _ _ _ _ _ _ _ _ _ _ _ _ _ _ _ _ _ _ _ _ _ _ _ _ 
2025-01-06T15:26:36.4071228Z 
2025-01-06T15:26:36.4072261Z e = TypingError('Failed in nopython mode pipeline (step: nopython frontend)\n\x1b[1m\x1b[1m\x1b[1m\x1b[1mFailed in nopytho...[1m            integrated[start:stop, col] = numba_cumulative_trapezoid(\n\x1b[0m            \x1b[1m^\x1b[0m\x1b[0m\n')
2025-01-06T15:26:36.4073449Z issue_type = 'typing'
2025-01-06T15:26:36.4073648Z 
2025-01-06T15:26:36.4073780Z     def error_rewrite(e, issue_type):
2025-01-06T15:26:36.4074263Z         """
2025-01-06T15:26:36.4074640Z         Rewrite and raise Exception `e` with help supplied based on the
2025-01-06T15:26:36.4075147Z         specified issue_type.
2025-01-06T15:26:36.4075464Z         """
2025-01-06T15:26:36.4075733Z         if config.SHOW_HELP:
2025-01-06T15:26:36.4076256Z             help_msg = errors.error_extras[issue_type]
2025-01-06T15:26:36.4076742Z             e.patch_message('\n'.join((str(e).rstrip(), help_msg)))
2025-01-06T15:26:36.4077201Z         if config.FULL_TRACEBACKS:
2025-01-06T15:26:36.4077544Z             raise e
2025-01-06T15:26:36.4077798Z         else:
2025-01-06T15:26:36.4078080Z >           raise e.with_traceback(None)
2025-01-06T15:26:36.4078741Z E           numba.core.errors.TypingError: Failed in nopython mode pipeline (step: nopython frontend)
2025-01-06T15:26:36.4079661Z E           [1m[1m[1m[1mFailed in nopython mode pipeline (step: nopython frontend)
2025-01-06T15:26:36.4080591Z E           [1m[1m[1mNo implementation of function Function(<built-in function concatenate>) found for signature:
2025-01-06T15:26:36.4081235Z E            
2025-01-06T15:26:36.4081615Z E            >>> concatenate(Tuple(list(int64)<iv=[0]>, array(float64, 1d, C)))
2025-01-06T15:26:36.4082093Z E            
2025-01-06T15:26:36.4082404Z E           There are 2 candidate implementations:
2025-01-06T15:26:36.4082904Z E           [1m  - Of which 1 did not match due to:
2025-01-06T15:26:36.4083489Z E             Overload in function 'impl_np_concatenate': File: numba/np/arrayobj.py: Line 5873.
2025-01-06T15:26:36.4084815Z E               With argument(s): '(Tuple(list(int64)<iv=None>, array(float64, 1d, C)))':[0m
2025-01-06T15:26:36.4085331Z E           [1m   Rejected as the implementation raised a specific error:
2025-01-06T15:26:36.4085786Z E                TypingError: Failed in nopython mode pipeline (step: nopython frontend)
2025-01-06T15:26:36.4086395Z E              [1m[1m[1mNo implementation of function Function(<intrinsic np_concatenate>) found for signature:
2025-01-06T15:26:36.4086816Z E               
2025-01-06T15:26:36.4087135Z E               >>> np_concatenate(Tuple(list(int64)<iv=None>, array(float64, 1d, C)), Literal[int](0))
2025-01-06T15:26:36.4087490Z E               
2025-01-06T15:26:36.4087715Z E              There are 2 candidate implementations:
2025-01-06T15:26:36.4088059Z E              [1m      - Of which 2 did not match due to:
2025-01-06T15:26:36.4088448Z E                    Intrinsic in function 'np_concatenate': File: numba/np/arrayobj.py: Line 5856.
2025-01-06T15:26:36.4089007Z E                      With argument(s): '(Tuple(list(int64)<iv=None>, array(float64, 1d, C)), int64)':[0m
2025-01-06T15:26:36.4089485Z E              [1m       Rejected as the implementation raised a specific error:
2025-01-06T15:26:36.4090154Z E                       TypeError: np.concatenate(): expecting a non-empty tuple of arrays, got Tuple(list(int64)<iv=None>, array(float64, 1d, C))[0m
2025-01-06T15:26:36.4091126Z E                raised from /home/runner/micromamba/envs/tardis/lib/python3.12/site-packages/numba/core/typing/npydecl.py:526
2025-01-06T15:26:36.4091647Z E              [0m
2025-01-06T15:26:36.4092026Z E              [0m[1mDuring: resolving callee type: Function(<intrinsic np_concatenate>)[0m
2025-01-06T15:26:36.4092756Z E              [0m[1mDuring: typing of call at /home/runner/micromamba/envs/tardis/lib/python3.12/site-packages/numba/np/arrayobj.py (5877)
2025-01-06T15:26:36.4093276Z E              [0m
2025-01-06T15:26:36.4093473Z E              [1m
2025-01-06T15:26:36.4094061Z E              File "../../../micromamba/envs/tardis/lib/python3.12/site-packages/numba/np/arrayobj.py", line 5877:[0m
2025-01-06T15:26:36.4094591Z E              [1m        def impl(arrays, axis=0):
2025-01-06T15:26:36.4094933Z E              [1m            return np_concatenate(arrays, axis)
2025-01-06T15:26:36.4095247Z E              [0m            [1m^[0m[0m
2025-01-06T15:26:36.4095509Z E           [0m
2025-01-06T15:26:36.4095931Z E             raised from /home/runner/micromamba/envs/tardis/lib/python3.12/site-packages/numba/core/typeinfer.py:1091
2025-01-06T15:26:36.4096468Z E           [1m  - Of which 1 did not match due to:
2025-01-06T15:26:36.4096993Z E             Overload in function 'impl_np_concatenate': File: numba/np/arrayobj.py: Line 5873.
2025-01-06T15:26:36.4097574Z E               With argument(s): '(Tuple(list(int64)<iv=[0]>, array(float64, 1d, C)))':[0m
2025-01-06T15:26:36.4098033Z E           [1m   Rejected as the implementation raised a specific error:
2025-01-06T15:26:36.4098452Z E                TypingError: Failed in nopython mode pipeline (step: nopython frontend)
2025-01-06T15:26:36.4099047Z E              [1m[1m[1mNo implementation of function Function(<intrinsic np_concatenate>) found for signature:
2025-01-06T15:26:36.4099446Z E               
2025-01-06T15:26:36.4099748Z E               >>> np_concatenate(Tuple(list(int64)<iv=[0]>, array(float64, 1d, C)), Literal[int](0))
2025-01-06T15:26:36.4100104Z E               
2025-01-06T15:26:36.4100313Z E              There are 2 candidate implementations:
2025-01-06T15:26:36.4100651Z E              [1m      - Of which 1 did not match due to:
2025-01-06T15:26:36.4101037Z E                    Intrinsic in function 'np_concatenate': File: numba/np/arrayobj.py: Line 5856.
2025-01-06T15:26:36.4101602Z E                      With argument(s): '(Tuple(list(int64)<iv=None>, array(float64, 1d, C)), int64)':[0m
2025-01-06T15:26:36.4102080Z E              [1m       Rejected as the implementation raised a specific error:
2025-01-06T15:26:36.4102741Z E                       TypeError: np.concatenate(): expecting a non-empty tuple of arrays, got Tuple(list(int64)<iv=None>, array(float64, 1d, C))[0m
2025-01-06T15:26:36.4103490Z E                raised from /home/runner/micromamba/envs/tardis/lib/python3.12/site-packages/numba/core/typing/npydecl.py:526
2025-01-06T15:26:36.4104217Z E              [1m      - Of which 1 did not match due to:
2025-01-06T15:26:36.4104597Z E                    Intrinsic in function 'np_concatenate': File: numba/np/arrayobj.py: Line 5856.
2025-01-06T15:26:36.4105174Z E                      With argument(s): '(Tuple(list(int64)<iv=[0]>, array(float64, 1d, C)), Literal[int](0))':[0m
2025-01-06T15:26:36.4105668Z E              [1m       Rejected as the implementation raised a specific error:
2025-01-06T15:26:36.4106319Z E                       TypeError: np.concatenate(): expecting a non-empty tuple of arrays, got Tuple(list(int64)<iv=[0]>, array(float64, 1d, C))[0m
2025-01-06T15:26:36.4107078Z E                raised from /home/runner/micromamba/envs/tardis/lib/python3.12/site-packages/numba/core/typing/npydecl.py:526
2025-01-06T15:26:36.4107578Z E              [0m
2025-01-06T15:26:36.4107989Z E              [0m[1mDuring: resolving callee type: Function(<intrinsic np_concatenate>)[0m
2025-01-06T15:26:36.4108715Z E              [0m[1mDuring: typing of call at /home/runner/micromamba/envs/tardis/lib/python3.12/site-packages/numba/np/arrayobj.py (5877)
2025-01-06T15:26:36.4109383Z E              [0m
2025-01-06T15:26:36.4109583Z E              [1m
2025-01-06T15:26:36.4110048Z E              File "../../../micromamba/envs/tardis/lib/python3.12/site-packages/numba/np/arrayobj.py", line 5877:[0m
2025-01-06T15:26:36.4110548Z E              [1m        def impl(arrays, axis=0):
2025-01-06T15:26:36.4110885Z E              [1m            return np_concatenate(arrays, axis)
2025-01-06T15:26:36.4111197Z E              [0m            [1m^[0m[0m
2025-01-06T15:26:36.4111450Z E           [0m
2025-01-06T15:26:36.4111868Z E             raised from /home/runner/micromamba/envs/tardis/lib/python3.12/site-packages/numba/core/typeinfer.py:1091
2025-01-06T15:26:36.4112358Z E           [0m
2025-01-06T15:26:36.4112733Z E           [0m[1mDuring: resolving callee type: Function(<built-in function concatenate>)[0m
2025-01-06T15:26:36.4113501Z E           [0m[1mDuring: typing of call at /home/runner/work/tardis/tardis/tardis/plasma/properties/continuum_processes/fast_array_util.py (36)
2025-01-06T15:26:36.4114174Z E           [0m
2025-01-06T15:26:36.4114373Z E           [1m
2025-01-06T15:26:36.4114777Z E           File "tardis/plasma/properties/continuum_processes/fast_array_util.py", line 36:[0m
2025-01-06T15:26:36.4115365Z E           [1mdef numba_cumulative_trapezoid(f, x):
2025-01-06T15:26:36.4115644Z E               <source elided>
2025-01-06T15:26:36.4115859Z E           
2025-01-06T15:26:36.4116169Z E           [1m    return np.concatenate(([0], cumulative / cumulative[-1]))
2025-01-06T15:26:36.4116511Z E           [0m    [1m^[0m[0m
2025-01-06T15:26:36.4116728Z E           
2025-01-06T15:26:36.4117236Z E           [0m[1mDuring: resolving callee type: type(CPUDispatcher(<function numba_cumulative_trapezoid at 0x7f5bf9ccd080>))[0m
2025-01-06T15:26:36.4118125Z E           [0m[1mDuring: typing of call at /home/runner/work/tardis/tardis/tardis/plasma/properties/continuum_processes/fast_array_util.py (68)
2025-01-06T15:26:36.4118695Z E           [0m
2025-01-06T15:26:36.4119205Z E           [0m[1mDuring: resolving callee type: type(CPUDispatcher(<function numba_cumulative_trapezoid at 0x7f5bf9ccd080>))[0m
2025-01-06T15:26:36.4120090Z E           [0m[1mDuring: typing of call at /home/runner/work/tardis/tardis/tardis/plasma/properties/continuum_processes/fast_array_util.py (68)
2025-01-06T15:26:36.4120647Z E           [0m
2025-01-06T15:26:36.4120853Z E           [1m
2025-01-06T15:26:36.4121263Z E           File "tardis/plasma/properties/continuum_processes/fast_array_util.py", line 68:[0m
2025-01-06T15:26:36.4121815Z E           [1mdef cumulative_integrate_array_by_blocks(f, x, block_references):
2025-01-06T15:26:36.4122158Z E               <source elided>
2025-01-06T15:26:36.4122367Z E           
2025-01-06T15:26:36.4122681Z E           [1m            integrated[start:stop, col] = numba_cumulative_trapezoid(
2025-01-06T15:26:36.4123034Z E           [0m            [1m^[0m[0m
2025-01-06T15:26:36.4123210Z 
2025-01-06T15:26:36.4123489Z ../../../micromamba/envs/tardis/lib/python3.12/site-packages/numba/core/dispatcher.py:409: TypingError
2025-01-06T15:26:36.4124118Z ----------------------------- Captured stdout call -----------------------------
2025-01-06T15:26:36.4124609Z [[1mtardis.io.model.parse_density_configuration[0m][[1;33mWARNING[0m]  
2025-01-06T15:26:36.4125327Z 	Number of density points larger than number of shells. Assuming inner point irrelevant ([1mparse_density_configuration.py[0m:114)
2025-01-06T15:26:36.4125907Z ------------------------------ Captured log call -------------------------------
2025-01-06T15:26:36.4126631Z WARNING  tardis.io.model.parse_density_configuration:parse_density_configuration.py:114 Number of density points larger than number of shells. Assuming inner point irrelevant
2025-01-06T15:26:36.4127306Z =============================== warnings summary ===============================
2025-01-06T15:26:36.4127615Z tardis/io/configuration/config_validator.py:6
2025-01-06T15:26:36.4128043Z tardis/io/configuration/config_validator.py:6
2025-01-06T15:26:36.4128528Z   /home/runner/work/tardis/tardis/tardis/io/configuration/config_validator.py:6: DeprecationWarning:
2025-01-06T15:26:36.4128979Z   
2025-01-06T15:26:36.4130193Z   jsonschema.RefResolver is deprecated as of v4.18.0, in favor of the https://github.com/python-jsonschema/referencing library, which provides more compliant referencing behavior as well as more flexible APIs for customization. A future release will remove RefResolver. Please file a feature request (on referencing) if you are missing an API for the kind of customization you need.
2025-01-06T15:26:36.4131370Z 
2025-01-06T15:26:36.4131601Z ../../../micromamba/envs/tardis/lib/python3.12/site-packages/jupyter_client/connect.py:22
2025-01-06T15:26:36.4132263Z   /home/runner/micromamba/envs/tardis/lib/python3.12/site-packages/jupyter_client/connect.py:22: DeprecationWarning:
2025-01-06T15:26:36.4132780Z   
2025-01-06T15:26:36.4133023Z   Jupyter is migrating its paths to use standard platformdirs
2025-01-06T15:26:36.4133404Z   given by the platformdirs library.  To remove this warning and
2025-01-06T15:26:36.4133799Z   see the appropriate new directories, set the environment variable
2025-01-06T15:26:36.4134281Z   `JUPYTER_PLATFORM_DIRS=1` and then run `jupyter --paths`.
2025-01-06T15:26:36.4134773Z   The use of platformdirs will be the default in `jupyter_core` v6
2025-01-06T15:26:36.4135015Z 
2025-01-06T15:26:36.4139880Z tardis/transport/montecarlo/estimators/tests/test_continuum_property_solver.py::test_continuum_estimators
2025-01-06T15:26:36.4140778Z   /home/runner/work/tardis/tardis/tardis/plasma/properties/continuum_processes/fast_array_util.py:68: NumbaPendingDeprecationWarning:
2025-01-06T15:26:36.4141374Z   
2025-01-06T15:26:36.4142600Z   [1m[1m[1m[1mCode using Numba extension API maybe depending on 'old_style' error-capturing, which is deprecated and will be replaced by 'new_style' in a future release. See details at https://numba.readthedocs.io/en/latest/reference/deprecation.html#deprecation-of-old-style-numba-captured-errors
2025-01-06T15:26:36.4143641Z   Exception origin:
2025-01-06T15:26:36.4144319Z     File "/home/runner/micromamba/envs/tardis/lib/python3.12/site-packages/numba/core/typing/npydecl.py", line 526, in _sequence_of_arrays
2025-01-06T15:26:36.4144986Z       raise TypeError("%s(): expecting a non-empty tuple of arrays, "
2025-01-06T15:26:36.4145327Z   [0m[0m[0m[0m
2025-01-06T15:26:36.4145446Z 
2025-01-06T15:26:36.4145641Z -- Docs: https://docs.pytest.org/en/stable/how-to/capture-warnings.html
2025-01-06T15:26:36.4145916Z 
2025-01-06T15:26:36.4146085Z ---------- coverage: platform linux, python 3.12.4-final-0 -----------
2025-01-06T15:26:36.4146443Z Coverage HTML written to dir coverage_html_report
2025-01-06T15:26:36.4146734Z Coverage XML written to file coverage.xml
2025-01-06T15:26:36.4146909Z 
2025-01-06T15:26:36.4147033Z =========================== short test summary info ============================
2025-01-06T15:26:36.4147895Z FAILED tardis/transport/montecarlo/estimators/tests/test_continuum_property_solver.py::test_continuum_estimators - numba.core.errors.TypingError: Failed in nopython mode pipeline (step: nopython frontend)
2025-01-06T15:26:36.4148837Z [1m[1m[1m[1mFailed in nopython mode pipeline (step: nopython frontend)
2025-01-06T15:26:36.4149403Z [1m[1m[1mNo implementation of function Function(<built-in function concatenate>) found for signature:
2025-01-06T15:26:36.4149809Z  
2025-01-06T15:26:36.4150049Z  >>> concatenate(Tuple(list(int64)<iv=[0]>, array(float64, 1d, C)))
2025-01-06T15:26:36.4150346Z  
2025-01-06T15:26:36.4150523Z There are 2 candidate implementations:
2025-01-06T15:26:36.4150816Z [1m  - Of which 1 did not match due to:
2025-01-06T15:26:36.4151193Z   Overload in function 'impl_np_concatenate': File: numba/np/arrayobj.py: Line 5873.
2025-01-06T15:26:36.4151719Z     With argument(s): '(Tuple(list(int64)<iv=None>, array(float64, 1d, C)))':[0m
2025-01-06T15:26:36.4152345Z [1m   Rejected as the implementation raised a specific error:
2025-01-06T15:26:36.4152749Z      TypingError: Failed in nopython mode pipeline (step: nopython frontend)
2025-01-06T15:26:36.4153326Z    [1m[1m[1mNo implementation of function Function(<intrinsic np_concatenate>) found for signature:
2025-01-06T15:26:36.4153722Z     
2025-01-06T15:26:36.4154121Z     >>> np_concatenate(Tuple(list(int64)<iv=None>, array(float64, 1d, C)), Literal[int](0))
2025-01-06T15:26:36.4154477Z     
2025-01-06T15:26:36.4154654Z    There are 2 candidate implementations:
2025-01-06T15:26:36.4154969Z    [1m      - Of which 2 did not match due to:
2025-01-06T15:26:36.4155340Z          Intrinsic in function 'np_concatenate': File: numba/np/arrayobj.py: Line 5856.
2025-01-06T15:26:36.4155879Z            With argument(s): '(Tuple(list(int64)<iv=None>, array(float64, 1d, C)), int64)':[0m
2025-01-06T15:26:36.4156343Z    [1m       Rejected as the implementation raised a specific error:
2025-01-06T15:26:36.4156988Z             TypeError: np.concatenate(): expecting a non-empty tuple of arrays, got Tuple(list(int64)<iv=None>, array(float64, 1d, C))[0m
2025-01-06T15:26:36.4157745Z      raised from /home/runner/micromamba/envs/tardis/lib/python3.12/site-packages/numba/core/typing/npydecl.py:526
2025-01-06T15:26:36.4158237Z    [0m
2025-01-06T15:26:36.4158702Z    [0m[1mDuring: resolving callee type: Function(<intrinsic np_concatenate>)[0m
2025-01-06T15:26:36.4159426Z    [0m[1mDuring: typing of call at /home/runner/micromamba/envs/tardis/lib/python3.12/site-packages/numba/np/arrayobj.py (5877)
2025-01-06T15:26:36.4159936Z    [0m
2025-01-06T15:26:36.4160106Z    [1m
2025-01-06T15:26:36.4160540Z    File "../../../micromamba/envs/tardis/lib/python3.12/site-packages/numba/np/arrayobj.py", line 5877:[0m
2025-01-06T15:26:36.4161019Z    [1m        def impl(arrays, axis=0):
2025-01-06T15:26:36.4161335Z    [1m            return np_concatenate(arrays, axis)
2025-01-06T15:26:36.4161629Z    [0m            [1m^[0m[0m
2025-01-06T15:26:36.4161855Z [0m
2025-01-06T15:26:36.4162248Z   raised from /home/runner/micromamba/envs/tardis/lib/python3.12/site-packages/numba/core/typeinfer.py:1091
2025-01-06T15:26:36.4162757Z [1m  - Of which 1 did not match due to:
2025-01-06T15:26:36.4163127Z   Overload in function 'impl_np_concatenate': File: numba/np/arrayobj.py: Line 5873.
2025-01-06T15:26:36.4163652Z     With argument(s): '(Tuple(list(int64)<iv=[0]>, array(float64, 1d, C)))':[0m
2025-01-06T15:26:36.4164192Z [1m   Rejected as the implementation raised a specific error:
2025-01-06T15:26:36.4164595Z      TypingError: Failed in nopython mode pipeline (step: nopython frontend)
2025-01-06T15:26:36.4165167Z    [1m[1m[1mNo implementation of function Function(<intrinsic np_concatenate>) found for signature:
2025-01-06T15:26:36.4165560Z     
2025-01-06T15:26:36.4165841Z     >>> np_concatenate(Tuple(list(int64)<iv=[0]>, array(float64, 1d, C)), Literal[int](0))
2025-01-06T15:26:36.4166181Z     
2025-01-06T15:26:36.4166360Z    There are 2 candidate implementations:
2025-01-06T15:26:36.4166675Z    [1m      - Of which 1 did not match due to:
2025-01-06T15:26:36.4167040Z          Intrinsic in function 'np_concatenate': File: numba/np/arrayobj.py: Line 5856.
2025-01-06T15:26:36.4167574Z            With argument(s): '(Tuple(list(int64)<iv=None>, array(float64, 1d, C)), int64)':[0m
2025-01-06T15:26:36.4168048Z    [1m       Rejected as the implementation raised a specific error:
2025-01-06T15:26:36.4168693Z             TypeError: np.concatenate(): expecting a non-empty tuple of arrays, got Tuple(list(int64)<iv=None>, array(float64, 1d, C))[0m
2025-01-06T15:26:36.4169433Z      raised from /home/runner/micromamba/envs/tardis/lib/python3.12/site-packages/numba/core/typing/npydecl.py:526
2025-01-06T15:26:36.4169968Z    [1m      - Of which 1 did not match due to:
2025-01-06T15:26:36.4170329Z          Intrinsic in function 'np_concatenate': File: numba/np/arrayobj.py: Line 5856.
2025-01-06T15:26:36.4170880Z            With argument(s): '(Tuple(list(int64)<iv=[0]>, array(float64, 1d, C)), Literal[int](0))':[0m
2025-01-06T15:26:36.4171488Z    [1m       Rejected as the implementation raised a specific error:
2025-01-06T15:26:36.4172114Z             TypeError: np.concatenate(): expecting a non-empty tuple of arrays, got Tuple(list(int64)<iv=[0]>, array(float64, 1d, C))[0m
2025-01-06T15:26:36.4172837Z      raised from /home/runner/micromamba/envs/tardis/lib/python3.12/site-packages/numba/core/typing/npydecl.py:526
2025-01-06T15:26:36.4173326Z    [0m
2025-01-06T15:26:36.4173659Z    [0m[1mDuring: resolving callee type: Function(<intrinsic np_concatenate>)[0m
2025-01-06T15:26:36.4174454Z    [0m[1mDuring: typing of call at /home/runner/micromamba/envs/tardis/lib/python3.12/site-packages/numba/np/arrayobj.py (5877)
2025-01-06T15:26:36.4174963Z    [0m
2025-01-06T15:26:36.4175140Z    [1m
2025-01-06T15:26:36.4175570Z    File "../../../micromamba/envs/tardis/lib/python3.12/site-packages/numba/np/arrayobj.py", line 5877:[0m
2025-01-06T15:26:36.4176041Z    [1m        def impl(arrays, axis=0):
2025-01-06T15:26:36.4176354Z    [1m            return np_concatenate(arrays, axis)
2025-01-06T15:26:36.4176642Z    [0m            [1m^[0m[0m
2025-01-06T15:26:36.4176883Z [0m
2025-01-06T15:26:36.4177273Z   raised from /home/runner/micromamba/envs/tardis/lib/python3.12/site-packages/numba/core/typeinfer.py:1091
2025-01-06T15:26:36.4177749Z [0m
2025-01-06T15:26:36.4178203Z [0m[1mDuring: resolving callee type: Function(<built-in function concatenate>)[0m
2025-01-06T15:26:36.4178987Z [0m[1mDuring: typing of call at /home/runner/work/tardis/tardis/tardis/plasma/properties/continuum_processes/fast_array_util.py (36)
2025-01-06T15:26:36.4179540Z [0m
2025-01-06T15:26:36.4179704Z [1m
2025-01-06T15:26:36.4180072Z File "tardis/plasma/properties/continuum_processes/fast_array_util.py", line 36:[0m
2025-01-06T15:26:36.4180511Z [1mdef numba_cumulative_trapezoid(f, x):
2025-01-06T15:26:36.4180759Z     <source elided>
2025-01-06T15:26:36.4180872Z 
2025-01-06T15:26:36.4181072Z [1m    return np.concatenate(([0], cumulative / cumulative[-1]))
2025-01-06T15:26:36.4181403Z [0m    [1m^[0m[0m
2025-01-06T15:26:36.4181528Z 
2025-01-06T15:26:36.4181917Z [0m[1mDuring: resolving callee type: type(CPUDispatcher(<function numba_cumulative_trapezoid at 0x7f5bf9ccd080>))[0m
2025-01-06T15:26:36.4182782Z [0m[1mDuring: typing of call at /home/runner/work/tardis/tardis/tardis/plasma/properties/continuum_processes/fast_array_util.py (68)
2025-01-06T15:26:36.4183327Z [0m
2025-01-06T15:26:36.4183794Z [0m[1mDuring: resolving callee type: type(CPUDispatcher(<function numba_cumulative_trapezoid at 0x7f5bf9ccd080>))[0m
2025-01-06T15:26:36.4184770Z [0m[1mDuring: typing of call at /home/runner/work/tardis/tardis/tardis/plasma/properties/continuum_processes/fast_array_util.py (68)
2025-01-06T15:26:36.4185311Z [0m
2025-01-06T15:26:36.4185479Z [1m
2025-01-06T15:26:36.4185846Z File "tardis/plasma/properties/continuum_processes/fast_array_util.py", line 68:[0m
2025-01-06T15:26:36.4186371Z [1mdef cumulative_integrate_array_by_blocks(f, x, block_references):
2025-01-06T15:26:36.4186695Z     <source elided>
2025-01-06T15:26:36.4186805Z 
2025-01-06T15:26:36.4187009Z [1m            integrated[start:stop, col] = numba_cumulative_trapezoid(
2025-01-06T15:26:36.4187347Z [0m            [1m^[0m[0m
2025-01-06T15:26:36.4188092Z FAILED tardis/transport/montecarlo/tests/test_continuum.py::test_montecarlo_continuum - numba.core.errors.TypingError: Failed in nopython mode pipeline (step: nopython frontend)
2025-01-06T15:26:36.4188927Z [1m[1m[1m[1mFailed in nopython mode pipeline (step: nopython frontend)
2025-01-06T15:26:36.4189487Z [1m[1m[1mNo implementation of function Function(<built-in function concatenate>) found for signature:
2025-01-06T15:26:36.4189891Z  
2025-01-06T15:26:36.4190128Z  >>> concatenate(Tuple(list(int64)<iv=[0]>, array(float64, 1d, C)))
2025-01-06T15:26:36.4190424Z  
2025-01-06T15:26:36.4190601Z There are 2 candidate implementations:
2025-01-06T15:26:36.4190893Z [1m  - Of which 1 did not match due to:
2025-01-06T15:26:36.4191405Z   Overload in function 'impl_np_concatenate': File: numba/np/arrayobj.py: Line 5873.
2025-01-06T15:26:36.4191931Z     With argument(s): '(Tuple(list(int64)<iv=None>, array(float64, 1d, C)))':[0m
2025-01-06T15:26:36.4192383Z [1m   Rejected as the implementation raised a specific error:
2025-01-06T15:26:36.4192791Z      TypingError: Failed in nopython mode pipeline (step: nopython frontend)
2025-01-06T15:26:36.4193364Z    [1m[1m[1mNo implementation of function Function(<intrinsic np_concatenate>) found for signature:
2025-01-06T15:26:36.4193755Z     
2025-01-06T15:26:36.4194160Z     >>> np_concatenate(Tuple(list(int64)<iv=None>, array(float64, 1d, C)), Literal[int](0))
2025-01-06T15:26:36.4194521Z     
2025-01-06T15:26:36.4194707Z    There are 2 candidate implementations:
2025-01-06T15:26:36.4195026Z    [1m      - Of which 2 did not match due to:
2025-01-06T15:26:36.4195400Z          Intrinsic in function 'np_concatenate': File: numba/np/arrayobj.py: Line 5856.
2025-01-06T15:26:36.4195945Z            With argument(s): '(Tuple(list(int64)<iv=None>, array(float64, 1d, C)), int64)':[0m
2025-01-06T15:26:36.4196417Z    [1m       Rejected as the implementation raised a specific error:
2025-01-06T15:26:36.4197068Z             TypeError: np.concatenate(): expecting a non-empty tuple of arrays, got Tuple(list(int64)<iv=None>, array(float64, 1d, C))[0m
2025-01-06T15:26:36.4197929Z      raised from /home/runner/micromamba/envs/tardis/lib/python3.12/site-packages/numba/core/typing/npydecl.py:526
2025-01-06T15:26:36.4198442Z    [0m
2025-01-06T15:26:36.4198784Z    [0m[1mDuring: resolving callee type: Function(<intrinsic np_concatenate>)[0m
2025-01-06T15:26:36.4199490Z    [0m[1mDuring: typing of call at /home/runner/micromamba/envs/tardis/lib/python3.12/site-packages/numba/np/arrayobj.py (5877)
2025-01-06T15:26:36.4200009Z    [0m
2025-01-06T15:26:36.4200180Z    [1m
2025-01-06T15:26:36.4200612Z    File "../../../micromamba/envs/tardis/lib/python3.12/site-packages/numba/np/arrayobj.py", line 5877:[0m
2025-01-06T15:26:36.4201097Z    [1m        def impl(arrays, axis=0):
2025-01-06T15:26:36.4201412Z    [1m            return np_concatenate(arrays, axis)
2025-01-06T15:26:36.4201703Z    [0m            [1m^[0m[0m
2025-01-06T15:26:36.4201924Z [0m
2025-01-06T15:26:36.4202323Z   raised from /home/runner/micromamba/envs/tardis/lib/python3.12/site-packages/numba/core/typeinfer.py:1091
2025-01-06T15:26:36.4202838Z [1m  - Of which 1 did not match due to:
2025-01-06T15:26:36.4203216Z   Overload in function 'impl_np_concatenate': File: numba/np/arrayobj.py: Line 5873.
2025-01-06T15:26:36.4203740Z     With argument(s): '(Tuple(list(int64)<iv=[0]>, array(float64, 1d, C)))':[0m
2025-01-06T15:26:36.4204284Z [1m   Rejected as the implementation raised a specific error:
2025-01-06T15:26:36.4204703Z      TypingError: Failed in nopython mode pipeline (step: nopython frontend)
2025-01-06T15:26:36.4205285Z    [1m[1m[1mNo implementation of function Function(<intrinsic np_concatenate>) found for signature:
2025-01-06T15:26:36.4205687Z     
2025-01-06T15:26:36.4205967Z     >>> np_concatenate(Tuple(list(int64)<iv=[0]>, array(float64, 1d, C)), Literal[int](0))
2025-01-06T15:26:36.4206314Z     
2025-01-06T15:26:36.4206499Z    There are 2 candidate implementations:
2025-01-06T15:26:36.4206842Z    [1m      - Of which 1 did not match due to:
2025-01-06T15:26:36.4207217Z          Intrinsic in function 'np_concatenate': File: numba/np/arrayobj.py: Line 5856.
2025-01-06T15:26:36.4207760Z            With argument(s): '(Tuple(list(int64)<iv=None>, array(float64, 1d, C)), int64)':[0m
2025-01-06T15:26:36.4208226Z    [1m       Rejected as the implementation raised a specific error:
2025-01-06T15:26:36.4208870Z             TypeError: np.concatenate(): expecting a non-empty tuple of arrays, got Tuple(list(int64)<iv=None>, array(float64, 1d, C))[0m
2025-01-06T15:26:36.4209609Z      raised from /home/runner/micromamba/envs/tardis/lib/python3.12/site-packages/numba/core/typing/npydecl.py:526
2025-01-06T15:26:36.4210321Z    [1m      - Of which 1 did not match due to:
2025-01-06T15:26:36.4210704Z          Intrinsic in function 'np_concatenate': File: numba/np/arrayobj.py: Line 5856.
2025-01-06T15:26:36.4211282Z            With argument(s): '(Tuple(list(int64)<iv=[0]>, array(float64, 1d, C)), Literal[int](0))':[0m
2025-01-06T15:26:36.4211775Z    [1m       Rejected as the implementation raised a specific error:
2025-01-06T15:26:36.4212418Z             TypeError: np.concatenate(): expecting a non-empty tuple of arrays, got Tuple(list(int64)<iv=[0]>, array(float64, 1d, C))[0m
2025-01-06T15:26:36.4213159Z      raised from /home/runner/micromamba/envs/tardis/lib/python3.12/site-packages/numba/core/typing/npydecl.py:526
2025-01-06T15:26:36.4214242Z    [0m
2025-01-06T15:26:36.4214708Z    [0m[1mDuring: resolving callee type: Function(<intrinsic np_concatenate>)[0m
2025-01-06T15:26:36.4215534Z    [0m[1mDuring: typing of call at /home/runner/micromamba/envs/tardis/lib/python3.12/site-packages/numba/np/arrayobj.py (5877)
2025-01-06T15:26:36.4216237Z    [0m
2025-01-06T15:26:36.4216521Z    [1m
2025-01-06T15:26:36.4217084Z    File "../../../micromamba/envs/tardis/lib/python3.12/site-packages/numba/np/arrayobj.py", line 5877:[0m
2025-01-06T15:26:36.4217672Z    [1m        def impl(arrays, axis=0):
2025-01-06T15:26:36.4218111Z    [1m            return np_concatenate(arrays, axis)
2025-01-06T15:26:36.4218675Z    [0m            [1m^[0m[0m
2025-01-06T15:26:36.4232628Z [0m
2025-01-06T15:26:36.4233115Z   raised from /home/runner/micromamba/envs/tardis/lib/python3.12/site-packages/numba/core/typeinfer.py:1091
2025-01-06T15:26:36.4233665Z [0m
2025-01-06T15:26:36.4234172Z [0m[1mDuring: resolving callee type: Function(<built-in function concatenate>)[0m
2025-01-06T15:26:36.4234973Z [0m[1mDuring: typing of call at /home/runner/work/tardis/tardis/tardis/plasma/properties/continuum_processes/fast_array_util.py (36)
2025-01-06T15:26:36.4235537Z [0m
2025-01-06T15:26:36.4235706Z [1m
2025-01-06T15:26:36.4236087Z File "tardis/plasma/properties/continuum_processes/fast_array_util.py", line 36:[0m
2025-01-06T15:26:36.4236556Z [1mdef numba_cumulative_trapezoid(f, x):
2025-01-06T15:26:36.4236821Z     <source elided>
2025-01-06T15:26:36.4236941Z 
2025-01-06T15:26:36.4237145Z [1m    return np.concatenate(([0], cumulative / cumulative[-1]))
2025-01-06T15:26:36.4237472Z [0m    [1m^[0m[0m
2025-01-06T15:26:36.4237592Z 
2025-01-06T15:26:36.4238007Z [0m[1mDuring: resolving callee type: type(CPUDispatcher(<function numba_cumulative_trapezoid at 0x7f5bf9ccd080>))[0m
2025-01-06T15:26:36.4238872Z [0m[1mDuring: typing of call at /home/runner/work/tardis/tardis/tardis/plasma/properties/continuum_processes/fast_array_util.py (68)
2025-01-06T15:26:36.4239419Z [0m
2025-01-06T15:26:36.4239887Z [0m[1mDuring: resolving callee type: type(CPUDispatcher(<function numba_cumulative_trapezoid at 0x7f5bf9ccd080>))[0m
2025-01-06T15:26:36.4240736Z [0m[1mDuring: typing of call at /home/runner/work/tardis/tardis/tardis/plasma/properties/continuum_processes/fast_array_util.py (68)
2025-01-06T15:26:36.4241284Z [0m
2025-01-06T15:26:36.4241452Z [1m
2025-01-06T15:26:36.4241828Z File "tardis/plasma/properties/continuum_processes/fast_array_util.py", line 68:[0m
2025-01-06T15:26:36.4242369Z [1mdef cumulative_integrate_array_by_blocks(f, x, block_references):
2025-01-06T15:26:36.4242702Z     <source elided>
2025-01-06T15:26:36.4242816Z 
2025-01-06T15:26:36.4243029Z [1m            integrated[start:stop, col] = numba_cumulative_trapezoid(
2025-01-06T15:26:36.4243368Z [0m            [1m^[0m[0m
2025-01-06T15:26:36.4243660Z =============== 2 failed, 1794 deselected, 4 warnings in 23.34s ================
2025-01-06T15:26:37.2315481Z ##[error]Process completed with exit code 1.
2025-01-06T15:26:37.2387612Z Post job cleanup.
2025-01-06T15:26:37.2418121Z Post job cleanup.
2025-01-06T15:26:37.3742693Z Will use pre-installed micromamba at /home/runner/micromamba-bin/micromamba
2025-01-06T15:26:37.3749831Z Removing micromamba run shell ...
2025-01-06T15:26:37.3753807Z ##[group]Deinitialize micromamba for bash
2025-01-06T15:26:37.3772381Z [command]/home/runner/micromamba-bin/micromamba shell deinit -s bash -r /home/runner/micromamba --log-level warning --rc-file /home/runner/work/_temp/setup-micromamba/.condarc
2025-01-06T15:26:37.3869597Z Resetting RC file "/home/runner/.bashrc"
2025-01-06T15:26:37.3870123Z Deleting config for root prefix 
2025-01-06T15:26:37.3870634Z Clearing mamba executable environment variable
2025-01-06T15:26:37.3872869Z Removing the following in your "/home/runner/.bashrc" file
2025-01-06T15:26:37.3873346Z # >>> mamba initialize >>>
2025-01-06T15:26:37.3873557Z ...
2025-01-06T15:26:37.3873727Z # <<< mamba initialize <<<
2025-01-06T15:26:37.3901612Z Removing mamba initialize block from .bash_profile
2025-01-06T15:26:37.3917177Z ##[endgroup]
2025-01-06T15:26:37.3921058Z Removing environment tardis from auto-activate bash ...
2025-01-06T15:26:37.4041719Z Post job cleanup.
2025-01-06T15:26:37.4079136Z Post job cleanup.
2025-01-06T15:26:37.5075777Z [command]/usr/bin/git version
2025-01-06T15:26:37.5111939Z git version 2.47.1
2025-01-06T15:26:37.5155575Z Temporarily overriding HOME='/home/runner/work/_temp/abbacac4-08e3-4c58-8b34-e6fdc7a2504b' before making global git config changes
2025-01-06T15:26:37.5156939Z Adding repository directory to the temporary git global config as a safe directory
2025-01-06T15:26:37.5169221Z [command]/usr/bin/git config --global --add safe.directory /home/runner/work/tardis/tardis/tardis-regression-data
2025-01-06T15:26:37.5203683Z [command]/usr/bin/git config --local --name-only --get-regexp core\.sshCommand
2025-01-06T15:26:37.5236017Z [command]/usr/bin/git submodule foreach --recursive sh -c "git config --local --name-only --get-regexp 'core\.sshCommand' && git config --local --unset-all 'core.sshCommand' || :"
2025-01-06T15:26:37.5471159Z [command]/usr/bin/git config --local --name-only --get-regexp http\.https\:\/\/github\.com\/\.extraheader
2025-01-06T15:26:37.5494337Z http.https://github.com/.extraheader
2025-01-06T15:26:37.5507447Z [command]/usr/bin/git config --local --unset-all http.https://github.com/.extraheader
2025-01-06T15:26:37.5540479Z [command]/usr/bin/git submodule foreach --recursive sh -c "git config --local --name-only --get-regexp 'http\.https\:\/\/github\.com\/\.extraheader' && git config --local --unset-all 'http.https://github.com/.extraheader' || :"
2025-01-06T15:26:37.5921983Z Post job cleanup.
2025-01-06T15:26:37.6859330Z [command]/usr/bin/git version
2025-01-06T15:26:37.6896133Z git version 2.47.1
2025-01-06T15:26:37.6940445Z Temporarily overriding HOME='/home/runner/work/_temp/b7c896b3-3749-4996-a201-a97a13289c6d' before making global git config changes
2025-01-06T15:26:37.6941744Z Adding repository directory to the temporary git global config as a safe directory
2025-01-06T15:26:37.6954515Z [command]/usr/bin/git config --global --add safe.directory /home/runner/work/tardis/tardis
2025-01-06T15:26:37.6990492Z [command]/usr/bin/git config --local --name-only --get-regexp core\.sshCommand
2025-01-06T15:26:37.7023184Z [command]/usr/bin/git submodule foreach --recursive sh -c "git config --local --name-only --get-regexp 'core\.sshCommand' && git config --local --unset-all 'core.sshCommand' || :"
2025-01-06T15:26:37.7257425Z [command]/usr/bin/git config --local --name-only --get-regexp http\.https\:\/\/github\.com\/\.extraheader
2025-01-06T15:26:37.7278966Z http.https://github.com/.extraheader
2025-01-06T15:26:37.7291435Z [command]/usr/bin/git config --local --unset-all http.https://github.com/.extraheader
2025-01-06T15:26:37.7321315Z [command]/usr/bin/git submodule foreach --recursive sh -c "git config --local --name-only --get-regexp 'http\.https\:\/\/github\.com\/\.extraheader' && git config --local --unset-all 'http.https://github.com/.extraheader' || :"
2025-01-06T15:26:37.7650888Z Cleaning up orphan processes
