2025-02-10T16:01:31.0454190Z ##[group]Run pytest tardis --tardis-regression-data=/Users/runner/work/tardis/tardis/tardis-regression-data --cov=tardis --cov-report=xml --cov-report=html --cov-append -m "not continuum"
2025-02-10T16:01:31.0455250Z [36;1mpytest tardis --tardis-regression-data=/Users/runner/work/tardis/tardis/tardis-regression-data --cov=tardis --cov-report=xml --cov-report=html --cov-append -m "not continuum"[0m
2025-02-10T16:01:31.0508670Z shell: /bin/bash -l {0}
2025-02-10T16:01:31.0508870Z env:
2025-02-10T16:01:31.0509000Z   CACHE_NUMBER: 0
2025-02-10T16:01:31.0509490Z   PYTEST_FLAGS: --tardis-regression-data=/Users/runner/work/tardis/tardis/tardis-regression-data --cov=tardis --cov-report=xml --cov-report=html --cov-append
2025-02-10T16:01:31.0510000Z   CODECOV_TOKEN: 
2025-02-10T16:01:31.0510180Z   MAMBA_ROOT_PREFIX: /Users/runner/micromamba
2025-02-10T16:01:31.0510420Z   MAMBA_EXE: /Users/runner/micromamba-bin/micromamba
2025-02-10T16:01:31.0510710Z   CONDARC: /Users/runner/work/_temp/setup-micromamba/.condarc
2025-02-10T16:01:31.0511000Z ##[endgroup]
2025-02-10T16:01:42.1503910Z ============================= test session starts ==============================
2025-02-10T16:01:42.1504700Z platform darwin -- Python 3.12.4, pytest-8.2.2, pluggy-1.5.0
2025-02-10T16:01:42.1505200Z rootdir: /Users/runner/work/tardis/tardis
2025-02-10T16:01:42.1505520Z configfile: pyproject.toml
2025-02-10T16:01:42.1505890Z plugins: cov-5.0.0, html-4.1.1, metadata-3.1.1, doctestplus-1.2.1, anyio-4.4.0
2025-02-10T16:01:42.1506330Z collected 1797 items / 2 deselected / 1795 selected
2025-02-10T16:01:42.1506590Z 
2025-02-10T16:01:44.9219240Z tardis/energy_input/tests/test_energy_source.py ..xxx                    [  0%]
2025-02-10T16:01:46.8992000Z tardis/energy_input/tests/test_gamma_ray_channel.py ...........          [  0%]
2025-02-10T16:01:48.0477830Z tardis/energy_input/tests/test_gamma_ray_grid.py xx.                     [  1%]
2025-02-10T16:01:49.1164880Z tardis/energy_input/tests/test_gamma_ray_interactions.py xx....          [  1%]
2025-02-10T16:01:49.1266310Z tardis/energy_input/tests/test_gamma_ray_packet_source.py sssssssss      [  1%]
2025-02-10T16:01:49.9893740Z tardis/energy_input/tests/test_util.py .....xxxx.....                    [  2%]
2025-02-10T16:01:50.2217980Z tardis/grid/tests/test_grid.py .                                         [  2%]
2025-02-10T16:01:50.2319310Z tardis/gui/tests/test_gui.py s                                           [  2%]
2025-02-10T16:01:53.4489090Z tardis/io/configuration/tests/test_config_reader.py ...........          [  3%]
2025-02-10T16:01:53.4590120Z tardis/io/configuration/tests/test_configuration_namespace.py .........  [  3%]
2025-02-10T16:01:53.4781550Z tardis/io/logger/tests/test_logging.py ssssssssssssssssssssssssssss      [  5%]
2025-02-10T16:02:24.6711200Z tardis/io/model/readers/tests/test_arepo_parser.py ..                    [  5%]
2025-02-10T16:02:24.7142030Z tardis/io/model/readers/tests/test_ascii_readers.py ...                  [  5%]
2025-02-10T16:02:24.7256980Z tardis/io/model/readers/tests/test_cmfgen_reader.py ..                   [  5%]
2025-02-10T16:02:24.7539120Z tardis/io/model/readers/tests/test_csvy_reader.py ....                   [  6%]
2025-02-10T16:02:24.7753240Z tardis/io/model/readers/tests/test_stella_reader.py ..                   [  6%]
2025-02-10T16:02:25.0325130Z tardis/io/tests/test_HDFWriter.py ...............                        [  7%]
2025-02-10T16:02:25.6060080Z tardis/io/tests/test_atomic.py .....                                     [  7%]
2025-02-10T16:02:25.6261140Z tardis/io/tests/test_decay.py ..                                         [  7%]
2025-02-10T16:02:25.7871530Z tardis/io/tests/test_model_reader.py ......                              [  7%]
2025-02-10T16:02:25.7913400Z tardis/model/geometry/tests/test_radial1d.py ..                          [  7%]
2025-02-10T16:02:58.1992620Z tardis/model/tests/test_base.py ........................................ [ 10%]
2025-02-10T16:02:59.1077990Z ............                                                             [ 10%]
2025-02-10T16:03:01.8729120Z tardis/model/tests/test_csvy_model.py .........                          [ 11%]
2025-02-10T16:03:01.9120190Z tardis/model/tests/test_density.py ..                                    [ 11%]
2025-02-10T16:03:04.2059920Z tardis/opacities/tests/test_opacity_solver.py .....                      [ 11%]
2025-02-10T16:03:05.7527090Z tardis/opacities/tests/test_opacity_state_numba.py .....                 [ 11%]
2025-02-10T16:03:07.4619530Z tardis/opacities/tests/test_tau_sobolev.py FF                            [ 12%]
2025-02-10T16:03:10.3972700Z tardis/plasma/equilibrium/tests/test_collisional_transitions.py ...      [ 12%]
2025-02-10T16:03:56.2595030Z tardis/plasma/equilibrium/tests/test_level_populations.py ....           [ 12%]
2025-02-10T16:04:09.3792730Z tardis/plasma/equilibrium/tests/test_rate_matrix.py .                    [ 12%]
2025-02-10T16:04:11.1387660Z tardis/plasma/tests/test_complete_plasmas.py .....................s..... [ 13%]
2025-02-10T16:04:14.1651980Z s....ssssss............s............ss.....s....ssssss............s..... [ 17%]
2025-02-10T16:04:15.9169740Z .......ss.....s....ssssss............s............ss.....s....ssssss.... [ 22%]
2025-02-10T16:04:18.8352700Z ........s............ss.....s........ss............s............ss.....s [ 26%]
2025-02-10T16:04:21.9516360Z ........ss............s............ss.....s....ssssss............s...... [ 30%]
2025-02-10T16:04:22.7473730Z ......ss.....s....ssssss............s............ss.....s.ss.ssssss..... [ 34%]
2025-02-10T16:04:25.5820330Z .......s............ss.....s....ssssss............s............ss.....s. [ 38%]
2025-02-10T16:04:28.4679510Z ...ssssss............s............ss.....s....ssssss............s....... [ 42%]
2025-02-10T16:04:31.7374710Z .....ss.....s....ssssss............s............s...........ssssss...... [ 46%]
2025-02-10T16:04:33.5745110Z ......s............s...........ssssss............s............s......... [ 50%]
2025-02-10T16:04:37.4530030Z ..ssssss............s............ss.....s....ssssss............s........ [ 54%]
2025-02-10T16:04:40.6733150Z ....ss.....s....ssssss..........................s.....s....ssss......... [ 58%]
2025-02-10T16:04:41.1591940Z ...................s.....s....ssss.......                                [ 60%]
2025-02-10T16:04:41.4412730Z tardis/plasma/tests/test_hdf_plasma.py ................................. [ 62%]
2025-02-10T16:04:41.4622580Z ......                                                                   [ 62%]
2025-02-10T16:04:41.8969690Z tardis/plasma/tests/test_nlte_excitation.py ...                          [ 62%]
2025-02-10T16:06:59.3292490Z tardis/plasma/tests/test_nlte_solver.py .....X                           [ 63%]
2025-02-10T16:06:59.3590310Z tardis/plasma/tests/test_plasma_continuum.py .                           [ 63%]
2025-02-10T16:07:27.6160240Z tardis/plasma/tests/test_plasma_vboundary.py .............               [ 63%]
2025-02-10T16:07:44.0665210Z tardis/plasma/tests/test_tardis_model_density_config.py ...              [ 64%]
2025-02-10T16:07:44.9161850Z tardis/simulation/tests/test_convergence.py .....                        [ 64%]
2025-02-10T16:07:58.5262760Z tardis/simulation/tests/test_simulation.py .............                 [ 65%]
2025-02-10T16:07:58.5494790Z tardis/spectrum/tests/test_cuda_formal_integral.py sssssssssssssssssssss [ 66%]
2025-02-10T16:07:59.0540110Z ssss...ssssssssssssssssssssss                                            [ 67%]
2025-02-10T16:07:59.0641420Z tardis/spectrum/tests/test_luminosity.py ....                            [ 68%]
2025-02-10T16:08:00.3178390Z tardis/spectrum/tests/test_numba_formal_integral.py .................... [ 69%]
2025-02-10T16:08:00.3613680Z ..........                                                               [ 69%]
2025-02-10T16:08:00.5319890Z tardis/spectrum/tests/test_spectrum.py ................................. [ 71%]
2025-02-10T16:08:00.5599790Z .........                                                                [ 72%]
2025-02-10T16:08:33.2036900Z tardis/spectrum/tests/test_spectrum_solver.py ....                       [ 72%]
2025-02-10T16:10:01.0952590Z tardis/tests/test_tardis_full.py ....                                    [ 72%]
2025-02-10T16:11:44.7633770Z tardis/tests/test_tardis_full_formal_integral.py ................        [ 73%]
2025-02-10T16:11:44.8162310Z tardis/tests/test_util.py .............................................  [ 75%]
2025-02-10T16:11:46.8953890Z tardis/transport/montecarlo/tests/test_base.py x.....................    [ 77%]
2025-02-10T16:11:51.5362640Z tardis/transport/montecarlo/tests/test_interaction.py .......            [ 77%]
2025-02-10T16:11:51.6782020Z tardis/transport/montecarlo/tests/test_macro_atom.py ....                [ 77%]
2025-02-10T16:11:51.6876130Z tardis/transport/montecarlo/tests/test_montecarlo.py sssssssssssssssssss [ 78%]
2025-02-10T16:11:51.7093140Z sssssssssssssssssssssssssssssssssssssssssssss                            [ 81%]
2025-02-10T16:11:58.3176050Z tardis/transport/montecarlo/tests/test_montecarlo_main_loop.py x..       [ 81%]
2025-02-10T16:11:58.3272760Z tardis/transport/montecarlo/tests/test_nonhomologous.py ...              [ 81%]
2025-02-10T16:12:00.5664870Z tardis/transport/montecarlo/tests/test_numba_interface.py .....x.        [ 82%]
2025-02-10T16:12:00.8876760Z tardis/transport/montecarlo/tests/test_opacities.py ...............      [ 82%]
2025-02-10T16:12:01.5332580Z tardis/transport/montecarlo/tests/test_packet.py .................xXXXXX [ 84%]
2025-02-10T16:12:01.6234340Z XX.........                                                              [ 84%]
2025-02-10T16:12:01.6457350Z tardis/transport/montecarlo/tests/test_packet_source.py ........         [ 85%]
2025-02-10T16:12:01.8309050Z tardis/transport/montecarlo/tests/test_rpacket_last_interaction_tracker.py . [ 85%]
2025-02-10T16:12:02.0837750Z .....                                                                    [ 85%]
2025-02-10T16:12:10.9637610Z tardis/transport/montecarlo/tests/test_rpacket_tracker.py ......         [ 85%]
2025-02-10T16:12:10.9892990Z tardis/transport/montecarlo/tests/test_single_packet_loop.py xxx         [ 86%]
2025-02-10T16:12:10.9927550Z tardis/transport/montecarlo/tests/test_tracker_utils.py ..               [ 86%]
2025-02-10T16:12:12.3311670Z tardis/transport/montecarlo/tests/test_vpacket.py ..x.                   [ 86%]
2025-02-10T16:12:12.3493800Z tardis/transport/montecarlo/tests/test_weighted_packet_source.py ....    [ 86%]
2025-02-10T16:12:14.9990570Z tardis/transport/montecarlo/tests/test_weighted_packet_source_integration.py . [ 86%]
2025-02-10T16:12:14.9992510Z                                                                          [ 86%]
2025-02-10T16:12:15.5075100Z tardis/transport/tests/test_doppler_factor.py ..................         [ 87%]
2025-02-10T16:12:17.1354330Z tardis/visualization/tools/tests/test_convergence_plot.py .............. [ 88%]
2025-02-10T16:12:18.8038070Z ......                                                                   [ 88%]
2025-02-10T16:12:22.3737020Z tardis/visualization/tools/tests/test_liv_plot.py ...................... [ 89%]
2025-02-10T16:12:27.8865200Z .............................                                            [ 91%]
2025-02-10T16:12:29.3456410Z tardis/visualization/tools/tests/test_rpacket_plot.py .................. [ 92%]
2025-02-10T16:12:37.7488870Z .....                                                                    [ 92%]
2025-02-10T16:12:42.5886730Z tardis/visualization/tools/tests/test_sdec_plot.py ..................... [ 94%]
2025-02-10T16:12:48.7989820Z ..............................                                           [ 95%]
2025-02-10T16:12:49.1970490Z tardis/visualization/widgets/tests/test_custom_abundance.py ........ss.. [ 96%]
2025-02-10T16:12:49.2423170Z ....                                                                     [ 96%]
2025-02-10T16:12:50.0533980Z tardis/visualization/widgets/tests/test_line_info.py ................... [ 97%]
2025-02-10T16:12:50.5776450Z ..................                                                       [ 98%]
2025-02-10T16:16:01.4939540Z tardis/visualization/widgets/tests/test_shell_info.py .................. [ 99%]
2025-02-10T16:16:09.4093940Z ......                                                                   [100%]
2025-02-10T16:16:09.4094710Z 
2025-02-10T16:16:09.4094980Z =================================== FAILURES ===================================
2025-02-10T16:16:09.4095570Z _____________________ test_calculate_sobolev_line_opacity ______________________
2025-02-10T16:16:09.4095930Z 
2025-02-10T16:16:09.4096210Z nb_simulation_verysimple = <tardis.simulation.base.Simulation object at 0x30cc25400>
2025-02-10T16:16:09.4097070Z regression_data = <tardis.tests.fixtures.regression_data.RegressionData object at 0x30cd046e0>
2025-02-10T16:16:09.4097500Z 
2025-02-10T16:16:09.4097670Z     def test_calculate_sobolev_line_opacity(
2025-02-10T16:16:09.4098070Z         nb_simulation_verysimple, regression_data
2025-02-10T16:16:09.4098450Z     ):
2025-02-10T16:16:09.4098800Z         legacy_plasma = nb_simulation_verysimple.plasma
2025-02-10T16:16:09.4099180Z     
2025-02-10T16:16:09.4099470Z         actual = calculate_sobolev_line_opacity(
2025-02-10T16:16:09.4099870Z             legacy_plasma.lines,
2025-02-10T16:16:09.4100200Z             legacy_plasma.level_number_density,
2025-02-10T16:16:09.4100610Z             legacy_plasma.time_explosion,
2025-02-10T16:16:09.4100950Z             legacy_plasma.stimulated_emission_factor,
2025-02-10T16:16:09.4101320Z         )
2025-02-10T16:16:09.4101700Z >       expected = regression_data.sync_dataframe(actual)
2025-02-10T16:16:09.4102030Z 
2025-02-10T16:16:09.4102210Z tardis/opacities/tests/test_tau_sobolev.py:21: 
2025-02-10T16:16:09.4102620Z _ _ _ _ _ _ _ _ _ _ _ _ _ _ _ _ _ _ _ _ _ _ _ _ _ _ _ _ _ _ _ _ _ _ _ _ _ _ _ _ 
2025-02-10T16:16:09.4103100Z tardis/tests/fixtures/regression_data.py:88: in sync_dataframe
2025-02-10T16:16:09.4103630Z     return pd.read_hdf(self.fpath, key=key)
2025-02-10T16:16:09.4104080Z _ _ _ _ _ _ _ _ _ _ _ _ _ _ _ _ _ _ _ _ _ _ _ _ _ _ _ _ _ _ _ _ _ _ _ _ _ _ _ _ 
2025-02-10T16:16:09.4104420Z 
2025-02-10T16:16:09.4104890Z path_or_buf = '/Users/runner/work/tardis/tardis/tardis-regression-data/test_tau_sobolev/test_calculate_sobolev_line_opacity.h5'
2025-02-10T16:16:09.4105580Z key = 'data', mode = 'r', errors = 'strict', where = None, start = None
2025-02-10T16:16:09.4106120Z stop = None, columns = None, iterator = False, chunksize = None, kwargs = {}
2025-02-10T16:16:09.4106670Z exists = False
2025-02-10T16:16:09.4106920Z 
2025-02-10T16:16:09.4107050Z     def read_hdf(
2025-02-10T16:16:09.4107370Z         path_or_buf: FilePath | HDFStore,
2025-02-10T16:16:09.4121340Z         key=None,
2025-02-10T16:16:09.4121520Z         mode: str = "r",
2025-02-10T16:16:09.4121760Z         errors: str = "strict",
2025-02-10T16:16:09.4122090Z         where: str | list | None = None,
2025-02-10T16:16:09.4122350Z         start: int | None = None,
2025-02-10T16:16:09.4122700Z         stop: int | None = None,
2025-02-10T16:16:09.4123030Z         columns: list[str] | None = None,
2025-02-10T16:16:09.4123300Z         iterator: bool = False,
2025-02-10T16:16:09.4123580Z         chunksize: int | None = None,
2025-02-10T16:16:09.4123810Z         **kwargs,
2025-02-10T16:16:09.4124010Z     ):
2025-02-10T16:16:09.4124200Z         """
2025-02-10T16:16:09.4124550Z         Read from the store, close it if we opened it.
2025-02-10T16:16:09.4124790Z     
2025-02-10T16:16:09.4125100Z         Retrieve pandas object stored in file, optionally based on where
2025-02-10T16:16:09.4125580Z         criteria.
2025-02-10T16:16:09.4125790Z     
2025-02-10T16:16:09.4126610Z         .. warning::
2025-02-10T16:16:09.4126790Z     
2025-02-10T16:16:09.4127090Z            Pandas uses PyTables for reading and writing HDF5 files, which allows
2025-02-10T16:16:09.4127510Z            serializing object-dtype data with pickle when using the "fixed" format.
2025-02-10T16:16:09.4127900Z            Loading pickled data received from untrusted sources can be unsafe.
2025-02-10T16:16:09.4128220Z     
2025-02-10T16:16:09.4138910Z            See: https://docs.python.org/3/library/pickle.html for more.
2025-02-10T16:16:09.4139280Z     
2025-02-10T16:16:09.4139430Z         Parameters
2025-02-10T16:16:09.4139610Z         ----------
2025-02-10T16:16:09.4139860Z         path_or_buf : str, path object, pandas.HDFStore
2025-02-10T16:16:09.4140230Z             Any valid string path is acceptable. Only supports the local file system,
2025-02-10T16:16:09.4140710Z             remote URLs and file-like objects are not supported.
2025-02-10T16:16:09.4141020Z     
2025-02-10T16:16:09.4141230Z             If you want to pass in a path object, pandas accepts any
2025-02-10T16:16:09.4141600Z             ``os.PathLike``.
2025-02-10T16:16:09.4141800Z     
2025-02-10T16:16:09.4142070Z             Alternatively, pandas accepts an open :class:`pandas.HDFStore` object.
2025-02-10T16:16:09.4142420Z     
2025-02-10T16:16:09.4142580Z         key : object, optional
2025-02-10T16:16:09.4142970Z             The group identifier in the store. Can be omitted if the HDF file
2025-02-10T16:16:09.4143500Z             contains a single pandas object.
2025-02-10T16:16:09.4143860Z         mode : {'r', 'r+', 'a'}, default 'r'
2025-02-10T16:16:09.4144260Z             Mode to use when opening the file. Ignored if path_or_buf is a
2025-02-10T16:16:09.4144820Z             :class:`pandas.HDFStore`. Default is 'r'.
2025-02-10T16:16:09.4145070Z         errors : str, default 'strict'
2025-02-10T16:16:09.4145480Z             Specifies how encoding and decoding errors are to be handled.
2025-02-10T16:16:09.4145860Z             See the errors argument for :func:`open` for a full list
2025-02-10T16:16:09.4146280Z             of options.
2025-02-10T16:16:09.4146490Z         where : list, optional
2025-02-10T16:16:09.4146770Z             A list of Term (or convertible) objects.
2025-02-10T16:16:09.4147190Z         start : int, optional
2025-02-10T16:16:09.4147430Z             Row number to start selection.
2025-02-10T16:16:09.4147750Z         stop  : int, optional
2025-02-10T16:16:09.4147980Z             Row number to stop selection.
2025-02-10T16:16:09.4148210Z         columns : list, optional
2025-02-10T16:16:09.4148490Z             A list of columns names to return.
2025-02-10T16:16:09.4148760Z         iterator : bool, optional
2025-02-10T16:16:09.4149040Z             Return an iterator object.
2025-02-10T16:16:09.4149260Z         chunksize : int, optional
2025-02-10T16:16:09.4149560Z             Number of rows to include in an iteration when using an iterator.
2025-02-10T16:16:09.4150010Z         **kwargs
2025-02-10T16:16:09.4150390Z             Additional keyword arguments passed to HDFStore.
2025-02-10T16:16:09.4151080Z     
2025-02-10T16:16:09.4151250Z         Returns
2025-02-10T16:16:09.4151410Z         -------
2025-02-10T16:16:09.4151630Z         object
2025-02-10T16:16:09.4151860Z             The selected object. Return type depends on the object stored.
2025-02-10T16:16:09.4152380Z     
2025-02-10T16:16:09.4152510Z         See Also
2025-02-10T16:16:09.4152720Z         --------
2025-02-10T16:16:09.4153150Z         DataFrame.to_hdf : Write a HDF file from a DataFrame.
2025-02-10T16:16:09.4153430Z         HDFStore : Low-level access to HDF files.
2025-02-10T16:16:09.4153770Z     
2025-02-10T16:16:09.4153920Z         Examples
2025-02-10T16:16:09.4154110Z         --------
2025-02-10T16:16:09.4154490Z         >>> df = pd.DataFrame([[1, 1.0, 'a']], columns=['x', 'y', 'z'])  # doctest: +SKIP
2025-02-10T16:16:09.4154840Z         >>> df.to_hdf('./store.h5', 'data')  # doctest: +SKIP
2025-02-10T16:16:09.4157260Z         >>> reread = pd.read_hdf('./store.h5')  # doctest: +SKIP
2025-02-10T16:16:09.4158240Z         """
2025-02-10T16:16:09.4158880Z         if mode not in ["r", "r+", "a"]:
2025-02-10T16:16:09.4159710Z             raise ValueError(
2025-02-10T16:16:09.4160080Z                 f"mode {mode} is not allowed while performing a read. "
2025-02-10T16:16:09.4160430Z                 f"Allowed modes are r, r+ and a."
2025-02-10T16:16:09.4160760Z             )
2025-02-10T16:16:09.4161490Z         # grab the scope
2025-02-10T16:16:09.4162350Z         if where is not None:
2025-02-10T16:16:09.4163170Z             where = _ensure_term(where, scope_level=1)
2025-02-10T16:16:09.4163810Z     
2025-02-10T16:16:09.4164250Z         if isinstance(path_or_buf, HDFStore):
2025-02-10T16:16:09.4164920Z             if not path_or_buf.is_open:
2025-02-10T16:16:09.4165610Z                 raise OSError("The HDFStore must be open for reading.")
2025-02-10T16:16:09.4166400Z     
2025-02-10T16:16:09.4167590Z             store = path_or_buf
2025-02-10T16:16:09.4168230Z             auto_close = False
2025-02-10T16:16:09.4168740Z         else:
2025-02-10T16:16:09.4169510Z             path_or_buf = stringify_path(path_or_buf)
2025-02-10T16:16:09.4170260Z             if not isinstance(path_or_buf, str):
2025-02-10T16:16:09.4170940Z                 raise NotImplementedError(
2025-02-10T16:16:09.4171810Z                     "Support for generic buffers has not been implemented."
2025-02-10T16:16:09.4172190Z                 )
2025-02-10T16:16:09.4172360Z             try:
2025-02-10T16:16:09.4172590Z                 exists = os.path.exists(path_or_buf)
2025-02-10T16:16:09.4172810Z     
2025-02-10T16:16:09.4172950Z             # if filepath is too long
2025-02-10T16:16:09.4173210Z             except (TypeError, ValueError):
2025-02-10T16:16:09.4173450Z                 exists = False
2025-02-10T16:16:09.4173670Z     
2025-02-10T16:16:09.4173820Z             if not exists:
2025-02-10T16:16:09.4174100Z >               raise FileNotFoundError(f"File {path_or_buf} does not exist")
2025-02-10T16:16:09.4174820Z E               FileNotFoundError: File /Users/runner/work/tardis/tardis/tardis-regression-data/test_tau_sobolev/test_calculate_sobolev_line_opacity.h5 does not exist
2025-02-10T16:16:09.4175320Z 
2025-02-10T16:16:09.4175560Z ../../../micromamba/envs/tardis/lib/python3.12/site-packages/pandas/io/pytables.py:424: FileNotFoundError
2025-02-10T16:16:09.4176070Z ---------------------------- Captured stdout setup -----------------------------
2025-02-10T16:16:09.4177890Z [[1mtardis.io.model.parse_density_configuration[0m][[1;33mWARNING[0m]  
2025-02-10T16:16:09.4178660Z 	Number of density points larger than number of shells. Assuming inner point irrelevant ([1mparse_density_configuration.py[0m:114)
2025-02-10T16:16:09.4179200Z ---------------------------- Captured stderr setup -----------------------------
2025-02-10T16:16:09.4179430Z 
2025-02-10T16:16:09.4234390Z Iterations:â–ˆâ–ˆâ–ˆâ–ˆâ–ˆâ–ˆâ–ˆâ–ˆâ–ˆâ–ˆâ–ˆâ–ˆâ–ˆâ–ˆâ–ˆâ–ˆâ–ˆâ–ˆâ–ˆâ–ˆâ–ˆâ–ˆâ–ˆâ–ˆâ–ˆâ–ˆâ–ˆâ–ˆâ–ˆâ–ˆâ–ˆâ–ˆâ–ˆâ–ˆâ–ˆâ–ˆâ–ˆâ–ˆâ–ˆâ–ˆâ–ˆâ–ˆâ–ˆâ–ˆâ–ˆâ–ˆâ–ˆâ–ˆâ–ˆâ–ˆâ–ˆâ–ˆâ–ˆâ–ˆâ–ˆâ–ˆâ–ˆâ–ˆâ–ˆâ–ˆâ–ˆâ–ˆâ–ˆâ–ˆ                4/5 [00:11<00:02,  2.72s/it]
2025-02-10T16:16:09.4236060Z 
2025-02-10T16:16:09.4236710Z Packets:                                                                                   4030/? [00:11<00:00, 452.27it/s][A
2025-02-10T16:16:09.4237650Z ------------------------------ Captured log setup ------------------------------
2025-02-10T16:16:09.4239500Z WARNING  tardis.io.model.parse_density_configuration:parse_density_configuration.py:114 Number of density points larger than number of shells. Assuming inner point irrelevant
2025-02-10T16:16:09.4241280Z _________________________ test_calculate_beta_sobolevs _________________________
2025-02-10T16:16:09.4241950Z 
2025-02-10T16:16:09.4242560Z nb_simulation_verysimple = <tardis.simulation.base.Simulation object at 0x30cc25400>
2025-02-10T16:16:09.4243970Z regression_data = <tardis.tests.fixtures.regression_data.RegressionData object at 0x30cd111f0>
2025-02-10T16:16:09.4244890Z 
2025-02-10T16:16:09.4245320Z     def test_calculate_beta_sobolevs(nb_simulation_verysimple, regression_data):
2025-02-10T16:16:09.4246400Z         legacy_plasma = nb_simulation_verysimple.plasma
2025-02-10T16:16:09.4247030Z     
2025-02-10T16:16:09.4247590Z         tau_sobolevs = calculate_sobolev_line_opacity(
2025-02-10T16:16:09.4248350Z             legacy_plasma.lines,
2025-02-10T16:16:09.4248950Z             legacy_plasma.level_number_density,
2025-02-10T16:16:09.4249560Z             legacy_plasma.time_explosion,
2025-02-10T16:16:09.4250130Z             legacy_plasma.stimulated_emission_factor,
2025-02-10T16:16:09.4251550Z         )
2025-02-10T16:16:09.4252050Z         actual = calculate_beta_sobolev(tau_sobolevs)
2025-02-10T16:16:09.4252710Z >       expected = regression_data.sync_ndarray(actual)
2025-02-10T16:16:09.4253170Z 
2025-02-10T16:16:09.4253410Z tardis/opacities/tests/test_tau_sobolev.py:35: 
2025-02-10T16:16:09.4254100Z _ _ _ _ _ _ _ _ _ _ _ _ _ _ _ _ _ _ _ _ _ _ _ _ _ _ _ _ _ _ _ _ _ _ _ _ _ _ _ _ 
2025-02-10T16:16:09.4254890Z tardis/tests/fixtures/regression_data.py:111: in sync_ndarray
2025-02-10T16:16:09.4255730Z     return np.load(self.fpath)
2025-02-10T16:16:09.4256250Z _ _ _ _ _ _ _ _ _ _ _ _ _ _ _ _ _ _ _ _ _ _ _ _ _ _ _ _ _ _ _ _ _ _ _ _ _ _ _ _ 
2025-02-10T16:16:09.4256830Z 
2025-02-10T16:16:09.4257680Z file = PosixPath('/Users/runner/work/tardis/tardis/tardis-regression-data/test_tau_sobolev/test_calculate_beta_sobolevs.npy')
2025-02-10T16:16:09.4259160Z mmap_mode = None, allow_pickle = False, fix_imports = True, encoding = 'ASCII'
2025-02-10T16:16:09.4259760Z 
2025-02-10T16:16:09.4259910Z     @set_module('numpy')
2025-02-10T16:16:09.4260520Z     def load(file, mmap_mode=None, allow_pickle=False, fix_imports=True,
2025-02-10T16:16:09.4261440Z              encoding='ASCII', *, max_header_size=format._MAX_HEADER_SIZE):
2025-02-10T16:16:09.4262100Z         """
2025-02-10T16:16:09.4262660Z         Load arrays or pickled objects from ``.npy``, ``.npz`` or pickled files.
2025-02-10T16:16:09.4263360Z     
2025-02-10T16:16:09.4264050Z         .. warning:: Loading files that contain object arrays uses the ``pickle``
2025-02-10T16:16:09.4264940Z                      module, which is not secure against erroneous or maliciously
2025-02-10T16:16:09.4265870Z                      constructed data. Consider passing ``allow_pickle=False`` to
2025-02-10T16:16:09.4266780Z                      load data that is known not to contain object arrays for the
2025-02-10T16:16:09.4267640Z                      safer handling of untrusted sources.
2025-02-10T16:16:09.4268240Z     
2025-02-10T16:16:09.4268720Z         Parameters
2025-02-10T16:16:09.4269190Z         ----------
2025-02-10T16:16:09.4269770Z         file : file-like object, string, or pathlib.Path
2025-02-10T16:16:09.4270690Z             The file to read. File-like objects must support the
2025-02-10T16:16:09.4271480Z             ``seek()`` and ``read()`` methods and must always
2025-02-10T16:16:09.4272320Z             be opened in binary mode.  Pickled files require that the
2025-02-10T16:16:09.4273160Z             file-like object support the ``readline()`` method as well.
2025-02-10T16:16:09.4275170Z         mmap_mode : {None, 'r+', 'r', 'w+', 'c'}, optional
2025-02-10T16:16:09.4275980Z             If not None, then memory-map the file, using the given mode (see
2025-02-10T16:16:09.4276940Z             `numpy.memmap` for a detailed description of the modes).  A
2025-02-10T16:16:09.4277960Z             memory-mapped array is kept on disk. However, it can be accessed
2025-02-10T16:16:09.4278970Z             and sliced like any ndarray.  Memory mapping is especially useful
2025-02-10T16:16:09.4279950Z             for accessing small fragments of large files without reading the
2025-02-10T16:16:09.4280710Z             entire file into memory.
2025-02-10T16:16:09.4281320Z         allow_pickle : bool, optional
2025-02-10T16:16:09.4282190Z             Allow loading pickled object arrays stored in npy files. Reasons for
2025-02-10T16:16:09.4283170Z             disallowing pickles include security, as loading pickled data can
2025-02-10T16:16:09.4284220Z             execute arbitrary code. If pickles are disallowed, loading object
2025-02-10T16:16:09.4285050Z             arrays will fail. Default: False
2025-02-10T16:16:09.4285610Z     
2025-02-10T16:16:09.4286140Z             .. versionchanged:: 1.16.3
2025-02-10T16:16:09.4286820Z                 Made default False in response to CVE-2019-6446.
2025-02-10T16:16:09.4287530Z     
2025-02-10T16:16:09.4288000Z         fix_imports : bool, optional
2025-02-10T16:16:09.4289400Z             Only useful when loading Python 2 generated pickled files on Python 3,
2025-02-10T16:16:09.4290430Z             which includes npy/npz files containing object arrays. If `fix_imports`
2025-02-10T16:16:09.4291500Z             is True, pickle will try to map the old Python 2 names to the new names
2025-02-10T16:16:09.4292290Z             used in Python 3.
2025-02-10T16:16:09.4292900Z         encoding : str, optional
2025-02-10T16:16:09.4293830Z             What encoding to use when reading Python 2 strings. Only useful when
2025-02-10T16:16:09.4294820Z             loading Python 2 generated pickled files in Python 3, which includes
2025-02-10T16:16:09.4295910Z             npy/npz files containing object arrays. Values other than 'latin1',
2025-02-10T16:16:09.4297320Z             'ASCII', and 'bytes' are not allowed, as they can corrupt numerical
2025-02-10T16:16:09.4298140Z             data. Default: 'ASCII'
2025-02-10T16:16:09.4313190Z         max_header_size : int, optional
2025-02-10T16:16:09.4313990Z             Maximum allowed size of the header.  Large headers may not be safe
2025-02-10T16:16:09.4315030Z             to load securely and thus require explicitly passing a larger value.
2025-02-10T16:16:09.4315890Z             See :py:func:`ast.literal_eval()` for details.
2025-02-10T16:16:09.4316830Z             This option is ignored when `allow_pickle` is passed.  In that case
2025-02-10T16:16:09.4317750Z             the file is by definition trusted and the limit is unnecessary.
2025-02-10T16:16:09.4318460Z     
2025-02-10T16:16:09.4318900Z         Returns
2025-02-10T16:16:09.4319940Z         -------
2025-02-10T16:16:09.4320600Z         result : array, tuple, dict, etc.
2025-02-10T16:16:09.4321920Z             Data stored in the file. For ``.npz`` files, the returned instance
2025-02-10T16:16:09.4323020Z             of NpzFile class must be closed to avoid leaking file descriptors.
2025-02-10T16:16:09.4324150Z     
2025-02-10T16:16:09.4324750Z         Raises
2025-02-10T16:16:09.4325520Z         ------
2025-02-10T16:16:09.4350440Z         OSError
2025-02-10T16:16:09.4350790Z             If the input file does not exist or cannot be read.
2025-02-10T16:16:09.4351090Z         UnpicklingError
2025-02-10T16:16:09.4351340Z             If ``allow_pickle=True``, but the file cannot be loaded as a pickle.
2025-02-10T16:16:09.4351600Z         ValueError
2025-02-10T16:16:09.4351830Z             The file contains an object array, but ``allow_pickle=False`` given.
2025-02-10T16:16:09.4352090Z         EOFError
2025-02-10T16:16:09.4352300Z             When calling ``np.load`` multiple times on the same file handle,
2025-02-10T16:16:09.4353020Z             if all data has already been read
2025-02-10T16:16:09.4353210Z     
2025-02-10T16:16:09.4353320Z         See Also
2025-02-10T16:16:09.4353440Z         --------
2025-02-10T16:16:09.4353590Z         save, savez, savez_compressed, loadtxt
2025-02-10T16:16:09.4353850Z         memmap : Create a memory-map to an array stored in a file on disk.
2025-02-10T16:16:09.4354200Z         lib.format.open_memmap : Create or load a memory-mapped ``.npy`` file.
2025-02-10T16:16:09.4354490Z     
2025-02-10T16:16:09.4354590Z         Notes
2025-02-10T16:16:09.4354710Z         -----
2025-02-10T16:16:09.4354900Z         - If the file contains pickle data, then whatever object is stored
2025-02-10T16:16:09.4355170Z           in the pickle is returned.
2025-02-10T16:16:09.4355410Z         - If the file is a ``.npy`` file, then a single array is returned.
2025-02-10T16:16:09.4355700Z         - If the file is a ``.npz`` file, then a dictionary-like object is
2025-02-10T16:16:09.4356030Z           returned, containing ``{filename: array}`` key-value pairs, one for
2025-02-10T16:16:09.4356300Z           each file in the archive.
2025-02-10T16:16:09.4356540Z         - If the file is a ``.npz`` file, the returned value supports the
2025-02-10T16:16:09.4356900Z           context manager protocol in a similar fashion to the open function::
2025-02-10T16:16:09.4357150Z     
2025-02-10T16:16:09.4357660Z             with load('foo.npz') as data:
2025-02-10T16:16:09.4357860Z                 a = data['a']
2025-02-10T16:16:09.4358010Z     
2025-02-10T16:16:09.4358200Z           The underlying file descriptor is closed when exiting the 'with'
2025-02-10T16:16:09.4358450Z           block.
2025-02-10T16:16:09.4358580Z     
2025-02-10T16:16:09.4358680Z         Examples
2025-02-10T16:16:09.4358800Z         --------
2025-02-10T16:16:09.4358940Z         Store data to disk, and load it again:
2025-02-10T16:16:09.4359120Z     
2025-02-10T16:16:09.4359270Z         >>> np.save('/tmp/123', np.array([[1, 2, 3], [4, 5, 6]]))
2025-02-10T16:16:09.4359500Z         >>> np.load('/tmp/123.npy')
2025-02-10T16:16:09.4359680Z         array([[1, 2, 3],
2025-02-10T16:16:09.4359820Z                [4, 5, 6]])
2025-02-10T16:16:09.4359950Z     
2025-02-10T16:16:09.4360100Z         Store compressed data to disk, and load it again:
2025-02-10T16:16:09.4360300Z     
2025-02-10T16:16:09.4360420Z         >>> a=np.array([[1, 2, 3], [4, 5, 6]])
2025-02-10T16:16:09.4360610Z         >>> b=np.array([1, 2])
2025-02-10T16:16:09.4360780Z         >>> np.savez('/tmp/123.npz', a=a, b=b)
2025-02-10T16:16:09.4360980Z         >>> data = np.load('/tmp/123.npz')
2025-02-10T16:16:09.4361160Z         >>> data['a']
2025-02-10T16:16:09.4361300Z         array([[1, 2, 3],
2025-02-10T16:16:09.4361430Z                [4, 5, 6]])
2025-02-10T16:16:09.4361570Z         >>> data['b']
2025-02-10T16:16:09.4361700Z         array([1, 2])
2025-02-10T16:16:09.4361830Z         >>> data.close()
2025-02-10T16:16:09.4361970Z     
2025-02-10T16:16:09.4362140Z         Mem-map the stored array, and then access the second row
2025-02-10T16:16:09.4362380Z         directly from disk:
2025-02-10T16:16:09.4362530Z     
2025-02-10T16:16:09.4362670Z         >>> X = np.load('/tmp/123.npy', mmap_mode='r')
2025-02-10T16:16:09.4362860Z         >>> X[1, :]
2025-02-10T16:16:09.4362990Z         memmap([4, 5, 6])
2025-02-10T16:16:09.4363120Z     
2025-02-10T16:16:09.4363220Z         """
2025-02-10T16:16:09.4363380Z         if encoding not in ('ASCII', 'latin1', 'bytes'):
2025-02-10T16:16:09.4363640Z             # The 'encoding' value for pickle also affects what encoding
2025-02-10T16:16:09.4363930Z             # the serialized binary data of NumPy arrays is loaded
2025-02-10T16:16:09.4364200Z             # in. Pickle does not pass on the encoding information to
2025-02-10T16:16:09.4364480Z             # NumPy. The unpickling code in numpy.core.multiarray is
2025-02-10T16:16:09.4364770Z             # written to assume that unicode data appearing where binary
2025-02-10T16:16:09.4365190Z             # should be is in 'latin1'. 'bytes' is also safe, as is 'ASCII'.
2025-02-10T16:16:09.4365410Z             #
2025-02-10T16:16:09.4365590Z             # Other encoding values can corrupt binary data, and we
2025-02-10T16:16:09.4365880Z             # purposefully disallow them. For the same reason, the errors=
2025-02-10T16:16:09.4366170Z             # argument is not exposed, as values other than 'strict'
2025-02-10T16:16:09.4366430Z             # result can similarly silently corrupt numerical data.
2025-02-10T16:16:09.4366740Z             raise ValueError("encoding must be 'ASCII', 'latin1', or 'bytes'")
2025-02-10T16:16:09.4366980Z     
2025-02-10T16:16:09.4367170Z         pickle_kwargs = dict(encoding=encoding, fix_imports=fix_imports)
2025-02-10T16:16:09.4367400Z     
2025-02-10T16:16:09.4367530Z         with contextlib.ExitStack() as stack:
2025-02-10T16:16:09.4367730Z             if hasattr(file, 'read'):
2025-02-10T16:16:09.4367900Z                 fid = file
2025-02-10T16:16:09.4368060Z                 own_fid = False
2025-02-10T16:16:09.4368210Z             else:
2025-02-10T16:16:09.4368390Z >               fid = stack.enter_context(open(os_fspath(file), "rb"))
2025-02-10T16:16:09.4368960Z E               FileNotFoundError: [Errno 2] No such file or directory: '/Users/runner/work/tardis/tardis/tardis-regression-data/test_tau_sobolev/test_calculate_beta_sobolevs.npy'
2025-02-10T16:16:09.4369420Z 
2025-02-10T16:16:09.4370290Z ../../../micromamba/envs/tardis/lib/python3.12/site-packages/numpy/lib/npyio.py:427: FileNotFoundError
2025-02-10T16:16:09.4370690Z =============================== warnings summary ===============================
2025-02-10T16:16:09.4370940Z tardis/io/configuration/config_validator.py:6
2025-02-10T16:16:09.4371180Z tardis/io/configuration/config_validator.py:6
2025-02-10T16:16:09.4371560Z   /Users/runner/work/tardis/tardis/tardis/io/configuration/config_validator.py:6: DeprecationWarning:
2025-02-10T16:16:09.4371920Z   
2025-02-10T16:16:09.4372880Z   jsonschema.RefResolver is deprecated as of v4.18.0, in favor of the https://github.com/python-jsonschema/referencing library, which provides more compliant referencing behavior as well as more flexible APIs for customization. A future release will remove RefResolver. Please file a feature request (on referencing) if you are missing an API for the kind of customization you need.
2025-02-10T16:16:09.4373870Z 
2025-02-10T16:16:09.4374050Z ../../../micromamba/envs/tardis/lib/python3.12/site-packages/jupyter_client/connect.py:22
2025-02-10T16:16:09.4374590Z   /Users/runner/micromamba/envs/tardis/lib/python3.12/site-packages/jupyter_client/connect.py:22: DeprecationWarning:
2025-02-10T16:16:09.4374980Z   
2025-02-10T16:16:09.4375160Z   Jupyter is migrating its paths to use standard platformdirs
2025-02-10T16:16:09.4375450Z   given by the platformdirs library.  To remove this warning and
2025-02-10T16:16:09.4375760Z   see the appropriate new directories, set the environment variable
2025-02-10T16:16:09.4376070Z   `JUPYTER_PLATFORM_DIRS=1` and then run `jupyter --paths`.
2025-02-10T16:16:09.4376370Z   The use of platformdirs will be the default in `jupyter_core` v6
2025-02-10T16:16:09.4376550Z 
2025-02-10T16:16:09.4376690Z tardis/io/tests/test_HDFWriter.py::test_multi_index_write
2025-02-10T16:16:09.4377160Z tardis/visualization/widgets/tests/test_shell_info.py::TestHDFShellInfo::test_shells_data
2025-02-10T16:16:09.4377590Z   /Users/runner/work/tardis/tardis/tardis/io/util.py:276: PerformanceWarning:
2025-02-10T16:16:09.4377870Z   
2025-02-10T16:16:09.4377970Z   
2025-02-10T16:16:09.4378180Z   your performance may suffer as PyTables will pickle object types that it cannot
2025-02-10T16:16:09.4378600Z   map directly to c-types [inferred_type->mixed,key->block0_values] [items->Index([0], dtype='int64')]
2025-02-10T16:16:09.4378870Z 
2025-02-10T16:16:09.4379020Z tardis/io/tests/test_model_reader.py::test_read_cmfgen_isotope_abundances
2025-02-10T16:16:09.4379410Z tardis/plasma/tests/test_tardis_model_density_config.py::test_electron_densities
2025-02-10T16:16:09.4380010Z tardis/plasma/tests/test_tardis_model_density_config.py::test_isotope_number_densities
2025-02-10T16:16:09.4380400Z tardis/plasma/tests/test_tardis_model_density_config.py::test_t_rad
2025-02-10T16:16:09.4380850Z   /Users/runner/work/tardis/tardis/tardis/io/model/readers/cmfgen_deprecated.py:82: DeprecationWarning:
2025-02-10T16:16:09.4381210Z   
2025-02-10T16:16:09.4381350Z   The current CMFGEN model parser is deprecated
2025-02-10T16:16:09.4381510Z 
2025-02-10T16:16:09.4381590Z tardis/io/tests/test_model_reader.py: 1 warning
2025-02-10T16:16:09.4381870Z tardis/plasma/tests/test_tardis_model_density_config.py: 9 warnings
2025-02-10T16:16:09.4382320Z   /Users/runner/work/tardis/tardis/tardis/io/model/readers/cmfgen_deprecated.py:40: DeprecationWarning:
2025-02-10T16:16:09.4382670Z   
2025-02-10T16:16:09.4382800Z   The current CMFGEN model parser is deprecated
2025-02-10T16:16:09.4382950Z 
2025-02-10T16:16:09.4383110Z tardis/model/tests/test_base.py::TestModelFromPaper1Config::test_abundances
2025-02-10T16:16:09.4383630Z   /Users/runner/work/tardis/tardis/tardis/transport/montecarlo/montecarlo_main_loop.py:123: NumbaTypeSafetyWarning:
2025-02-10T16:16:09.4384030Z   
2025-02-10T16:16:09.4384510Z   [1m[1m[1munsafe cast from uint64 to int64. Precision may be lost.[0m[0m[0m
2025-02-10T16:16:09.4384730Z 
2025-02-10T16:16:09.4384800Z tardis/model/tests/test_base.py: 6 warnings
2025-02-10T16:16:09.4385280Z tardis/model/tests/test_csvy_model.py: 2 warnings
2025-02-10T16:16:09.4385570Z tardis/plasma/tests/test_tardis_model_density_config.py: 3 warnings
2025-02-10T16:16:09.4386000Z   /Users/runner/work/tardis/tardis/tardis/model/geometry/radial1d.py:50: DeprecationWarning:
2025-02-10T16:16:09.4387310Z   
2025-02-10T16:16:09.4387520Z   v_inner_boundary < 0, assuming default value
2025-02-10T16:16:09.4387690Z 
2025-02-10T16:16:09.4387770Z tardis/model/tests/test_base.py: 6 warnings
2025-02-10T16:16:09.4388000Z tardis/model/tests/test_csvy_model.py: 2 warnings
2025-02-10T16:16:09.4388310Z tardis/plasma/tests/test_tardis_model_density_config.py: 3 warnings
2025-02-10T16:16:09.4390790Z   /Users/runner/work/tardis/tardis/tardis/model/geometry/radial1d.py:61: DeprecationWarning:
2025-02-10T16:16:09.4391760Z   
2025-02-10T16:16:09.4392140Z   v_outer_boundary < 0, assuming default value
2025-02-10T16:16:09.4392540Z 
2025-02-10T16:16:09.4392940Z tardis/plasma/equilibrium/tests/test_level_populations.py::TestLevelPopulationSolver::test_solve[collisional_rate_solver0-radiative_transitions0]
2025-02-10T16:16:09.4393620Z   /Users/runner/work/tardis/tardis/tardis/plasma/equilibrium/level_populations.py:65: FutureWarning:
2025-02-10T16:16:09.4393970Z   
2025-02-10T16:16:09.4394260Z   A value is trying to be set on a copy of a DataFrame or Series through chained assignment using an inplace method.
2025-02-10T16:16:09.4394900Z   The behavior will change in pandas 3.0. This inplace method will never work because the intermediate object on which we are setting values always behaves as a copy.
2025-02-10T16:16:09.4395350Z   
2025-02-10T16:16:09.4395820Z   For example, when doing 'df[col].method(value, inplace=True)', try using 'df.method({col: value}, inplace=True)' or df[col] = df[col].method(value) instead, to perform the operation inplace on the original object.
2025-02-10T16:16:09.4396320Z 
2025-02-10T16:16:09.4396430Z tardis/plasma/tests/test_complete_plasmas.py: 20 warnings
2025-02-10T16:16:09.4396820Z   /Users/runner/work/tardis/tardis/tardis/plasma/tests/test_complete_plasmas.py:197: UserWarning:
2025-02-10T16:16:09.4397160Z   
2025-02-10T16:16:09.4397270Z   Property "atomic_mass" not found
2025-02-10T16:16:09.4397390Z 
2025-02-10T16:16:09.4397730Z tardis/plasma/tests/test_complete_plasmas.py::TestPlasma::test_plasma_properties[radiative_rates_type:detailed-w_epsilon:1e-10-j_blues_norm_factor]
2025-02-10T16:16:09.4400490Z tardis/plasma/tests/test_complete_plasmas.py::TestPlasma::test_plasma_properties[radiative_rates_type:detailed-j_blues_norm_factor]
2025-02-10T16:16:09.4401120Z   /Users/runner/work/tardis/tardis/tardis/plasma/tests/test_complete_plasmas.py:197: UserWarning:
2025-02-10T16:16:09.4402050Z   
2025-02-10T16:16:09.4402190Z   Property "j_blues_norm_factor" not found
2025-02-10T16:16:09.4402720Z 
2025-02-10T16:16:09.4403940Z tardis/plasma/tests/test_complete_plasmas.py::TestPlasma::test_plasma_properties[radiative_rates_type:detailed-w_epsilon:1e-10-j_blue_estimator]
2025-02-10T16:16:09.4405160Z tardis/plasma/tests/test_complete_plasmas.py::TestPlasma::test_plasma_properties[radiative_rates_type:detailed-j_blue_estimator]
2025-02-10T16:16:09.4405770Z   /Users/runner/work/tardis/tardis/tardis/plasma/tests/test_complete_plasmas.py:197: UserWarning:
2025-02-10T16:16:09.4406100Z   
2025-02-10T16:16:09.4406230Z   Property "j_blue_estimator" not found
2025-02-10T16:16:09.4406370Z 
2025-02-10T16:16:09.4406690Z tardis/plasma/tests/test_complete_plasmas.py::TestPlasma::test_plasma_properties[radiative_rates_type:detailed-w_epsilon:1e-10-volume]
2025-02-10T16:16:09.4407320Z tardis/plasma/tests/test_complete_plasmas.py::TestPlasma::test_plasma_properties[radiative_rates_type:detailed-volume]
2025-02-10T16:16:09.4407870Z   /Users/runner/work/tardis/tardis/tardis/plasma/tests/test_complete_plasmas.py:197: UserWarning:
2025-02-10T16:16:09.4408210Z   
2025-02-10T16:16:09.4408330Z   Property "volume" not found
2025-02-10T16:16:09.4408440Z 
2025-02-10T16:16:09.4408750Z tardis/plasma/tests/test_complete_plasmas.py::TestPlasma::test_plasma_properties[radiative_rates_type:detailed-w_epsilon:1e-10-r_inner]
2025-02-10T16:16:09.4409800Z tardis/plasma/tests/test_complete_plasmas.py::TestPlasma::test_plasma_properties[radiative_rates_type:detailed-r_inner]
2025-02-10T16:16:09.4410350Z   /Users/runner/work/tardis/tardis/tardis/plasma/tests/test_complete_plasmas.py:197: UserWarning:
2025-02-10T16:16:09.4410680Z   
2025-02-10T16:16:09.4410800Z   Property "r_inner" not found
2025-02-10T16:16:09.4410920Z 
2025-02-10T16:16:09.4411100Z tardis/plasma/tests/test_plasma_vboundary.py::test_plasma_vboundary[2900-3750]
2025-02-10T16:16:09.4411500Z tardis/plasma/tests/test_plasma_vboundary.py::test_plasma_vboundary[2900-3850]
2025-02-10T16:16:09.4411890Z tardis/plasma/tests/test_plasma_vboundary.py::test_plasma_vboundary[2900-3900]
2025-02-10T16:16:09.4412300Z   /Users/runner/work/tardis/tardis/tardis/model/geometry/radial1d.py:71: UserWarning:
2025-02-10T16:16:09.4412610Z   
2025-02-10T16:16:09.4412810Z   Requesting inner boundary below inner shell. Extrapolating the inner cell
2025-02-10T16:16:09.4413040Z 
2025-02-10T16:16:09.4413210Z tardis/spectrum/tests/test_spectrum_solver.py::TestSpectrumSolver::test_solve
2025-02-10T16:16:09.4413590Z   /Users/runner/work/tardis/tardis/tardis/spectrum/base.py:70: UserWarning:
2025-02-10T16:16:09.4413860Z   
2025-02-10T16:16:09.4414200Z   SpectrumSolver.spectrum_virtual_packets is zero. Please run the montecarlo simulation with no_of_virtual_packets > 0
2025-02-10T16:16:09.4414520Z 
2025-02-10T16:16:09.4414690Z tardis/spectrum/tests/test_spectrum_solver.py::TestSpectrumSolver::test_solve
2025-02-10T16:16:09.4415080Z   /Users/runner/work/tardis/tardis/tardis/spectrum/base.py:111: UserWarning:
2025-02-10T16:16:09.4415350Z   
2025-02-10T16:16:09.4415680Z   SpectrumSolver.integrator: The FormalIntegrator is not yet available.Please run the montecarlo simulation at least once.
2025-02-10T16:16:09.4416020Z 
2025-02-10T16:16:09.4416190Z tardis/transport/montecarlo/tests/test_vpacket.py::test_trace_vpacket_volley
2025-02-10T16:16:09.4416510Z   <string>:3: NumbaPendingDeprecationWarning:
2025-02-10T16:16:09.4416710Z   
2025-02-10T16:16:09.4417880Z   [1m[1mCode using Numba extension API maybe depending on 'old_style' error-capturing, which is deprecated and will be replaced by 'new_style' in a future release. See details at https://numba.readthedocs.io/en/latest/reference/deprecation.html#deprecation-of-old-style-numba-captured-errors
2025-02-10T16:16:09.4418690Z   Exception origin:
2025-02-10T16:16:09.4418970Z     File "/Users/runner/micromamba/envs/tardis/lib/python3.12/inspect.py", line 3180, in _bind
2025-02-10T16:16:09.4419430Z       raise TypeError(msg) from None
2025-02-10T16:16:09.4419620Z   [0m[0m
2025-02-10T16:16:09.4419690Z 
2025-02-10T16:16:09.4419950Z tardis/visualization/tools/tests/test_sdec_plot.py::TestSDECPlotter::test_mpl_image[plotter_generate_plot_mpl4]
2025-02-10T16:16:09.4420490Z   /Users/runner/work/tardis/tardis/tardis/visualization/tools/sdec_plot.py:1225: RuntimeWarning:
2025-02-10T16:16:09.4420830Z   
2025-02-10T16:16:09.4421540Z   More than 20 figures have been opened. Figures created through the pyplot interface (`matplotlib.pyplot.figure`) are retained until explicitly closed and may consume too much memory. (To control this warning, see the rcParam `figure.max_open_warning`). Consider using `matplotlib.pyplot.close()`.
2025-02-10T16:16:09.4422260Z 
2025-02-10T16:16:09.4422530Z tardis/visualization/widgets/tests/test_custom_abundance.py::TestCustomAbundanceWidget::test_update_input_item_value
2025-02-10T16:16:09.4423140Z tardis/visualization/widgets/tests/test_custom_abundance.py::TestCustomAbundanceWidget::test_update_input_item_value
2025-02-10T16:16:09.4424310Z tardis/visualization/widgets/tests/test_custom_abundance.py::TestCustomAbundanceWidget::test_update_input_item_value
2025-02-10T16:16:09.4424960Z tardis/visualization/widgets/tests/test_custom_abundance.py::TestCustomAbundanceWidget::test_update_input_item_value
2025-02-10T16:16:09.4425590Z tardis/visualization/widgets/tests/test_custom_abundance.py::TestCustomAbundanceWidget::test_update_input_item_value
2025-02-10T16:16:09.4426480Z tardis/visualization/widgets/tests/test_custom_abundance.py::TestCustomAbundanceWidget::test_update_input_item_value
2025-02-10T16:16:09.4427130Z   /Users/runner/micromamba/envs/tardis/lib/python3.12/site-packages/traitlets/traitlets.py:1385: DeprecationWarning:
2025-02-10T16:16:09.4427550Z   
2025-02-10T16:16:09.4427780Z   Passing unrecognized arguments to super(Checkbox).__init__(icon='lock').
2025-02-10T16:16:09.4428180Z   object.__init__() takes exactly one argument (the instance to initialize)
2025-02-10T16:16:09.4428650Z   This is deprecated in traitlets 4.2.This error will be raised in a future release of traitlets.
2025-02-10T16:16:09.4428910Z 
2025-02-10T16:16:09.4429210Z tardis/visualization/widgets/tests/test_custom_abundance.py::TestCustomAbundanceWidget::test_update_input_item_value
2025-02-10T16:16:09.4429880Z tardis/visualization/widgets/tests/test_custom_abundance.py::TestCustomAbundanceWidget::test_update_input_item_value
2025-02-10T16:16:09.4430530Z   /Users/runner/micromamba/envs/tardis/lib/python3.12/site-packages/traitlets/traitlets.py:1385: DeprecationWarning:
2025-02-10T16:16:09.4430920Z   
2025-02-10T16:16:09.4431110Z   Passing unrecognized arguments to super(FloatText).__init__(min=0).
2025-02-10T16:16:09.4431450Z   object.__init__() takes exactly one argument (the instance to initialize)
2025-02-10T16:16:09.4431870Z   This is deprecated in traitlets 4.2.This error will be raised in a future release of traitlets.
2025-02-10T16:16:09.4432160Z 
2025-02-10T16:16:09.4432470Z tardis/visualization/widgets/tests/test_custom_abundance.py::TestCustomAbundanceWidget::test_update_input_item_value
2025-02-10T16:16:09.4433090Z   /Users/runner/micromamba/envs/tardis/lib/python3.12/site-packages/traitlets/traitlets.py:1385: DeprecationWarning:
2025-02-10T16:16:09.4433470Z   
2025-02-10T16:16:09.4433660Z   Passing unrecognized arguments to super(HTML).__init__(indent=True).
2025-02-10T16:16:09.4434020Z   object.__init__() takes exactly one argument (the instance to initialize)
2025-02-10T16:16:09.4434420Z   This is deprecated in traitlets 4.2.This error will be raised in a future release of traitlets.
2025-02-10T16:16:09.4434670Z 
2025-02-10T16:16:09.4435000Z tardis/visualization/widgets/tests/test_line_info.py::TestLineInfoWidgetData::test_get_species_interactions[wavelength_range0-packet_out_nu]
2025-02-10T16:16:09.4435680Z   /Users/runner/micromamba/envs/tardis/lib/python3.12/site-packages/qgridnext/grid.py:830: DeprecationWarning:
2025-02-10T16:16:09.4436050Z   
2025-02-10T16:16:09.4436440Z   QgridWidget._show_toolbar_changed is deprecated in traitlets 4.1: use @observe and @unobserve instead.
2025-02-10T16:16:09.4436720Z 
2025-02-10T16:16:09.4436930Z tardis/visualization/widgets/tests/test_shell_info.py::TestHDFShellInfo::test_shells_data
2025-02-10T16:16:09.4437360Z   /Users/runner/work/tardis/tardis/tardis/io/util.py:289: PerformanceWarning:
2025-02-10T16:16:09.4437620Z   
2025-02-10T16:16:09.4437720Z   
2025-02-10T16:16:09.4437940Z   your performance may suffer as PyTables will pickle object types that it cannot
2025-02-10T16:16:09.4438360Z   map directly to c-types [inferred_type->mixed,key->block0_values] [items->Index([0], dtype='int64')]
2025-02-10T16:16:09.4438630Z 
2025-02-10T16:16:09.4438830Z tardis/visualization/widgets/tests/test_shell_info.py::TestHDFShellInfo::test_shells_data
2025-02-10T16:16:09.4439260Z   /Users/runner/work/tardis/tardis/tardis/io/util.py:292: PerformanceWarning:
2025-02-10T16:16:09.4439530Z   
2025-02-10T16:16:09.4439640Z   
2025-02-10T16:16:09.4439850Z   your performance may suffer as PyTables will pickle object types that it cannot
2025-02-10T16:16:09.4440210Z   map directly to c-types [inferred_type->mixed,key->values] [items->None]
2025-02-10T16:16:09.4440420Z 
2025-02-10T16:16:09.4440630Z tardis/visualization/widgets/tests/test_shell_info.py::TestHDFShellInfo::test_shells_data
2025-02-10T16:16:09.4441100Z   /Users/runner/work/tardis/tardis/tardis/spectrum/formal_integral.py:398: UserWarning:
2025-02-10T16:16:09.4441620Z   
2025-02-10T16:16:09.4441830Z   The number of interpolate_shells was not specified. The value was set to 80.
2025-02-10T16:16:09.4442040Z 
2025-02-10T16:16:09.4442190Z -- Docs: https://docs.pytest.org/en/stable/how-to/capture-warnings.html
2025-02-10T16:16:09.4442400Z 
2025-02-10T16:16:09.4442520Z ---------- coverage: platform darwin, python 3.12.4-final-0 ----------
2025-02-10T16:16:09.4442820Z Coverage HTML written to dir coverage_html_report
2025-02-10T16:16:09.4443040Z Coverage XML written to file coverage.xml
2025-02-10T16:16:09.4443190Z 
2025-02-10T16:16:09.4443280Z =========================== short test summary info ============================
2025-02-10T16:16:09.4444030Z FAILED tardis/opacities/tests/test_tau_sobolev.py::test_calculate_sobolev_line_opacity - FileNotFoundError: File /Users/runner/work/tardis/tardis/tardis-regression-data/test_tau_sobolev/test_calculate_sobolev_line_opacity.h5 does not exist
2025-02-10T16:16:09.4445300Z FAILED tardis/opacities/tests/test_tau_sobolev.py::test_calculate_beta_sobolevs - FileNotFoundError: [Errno 2] No such file or directory: '/Users/runner/work/tardis/tardis/tardis-regression-data/test_tau_sobolev/test_calculate_beta_sobolevs.npy'
2025-02-10T16:16:09.4446210Z = 2 failed, 1437 passed, 329 skipped, 2 deselected, 19 xfailed, 8 xpassed, 91 warnings in 868.56s (0:14:28) =
2025-02-10T16:16:11.3308270Z ##[error]Process completed with exit code 1.
