2025-02-17T15:05:46.1278490Z ##[group]Run pytest tardis --tardis-regression-data=/Users/runner/work/tardis/tardis/tardis-regression-data --cov=tardis --cov-report=xml --cov-report=html --cov-append -m "not continuum"
2025-02-17T15:05:46.1279530Z [36;1mpytest tardis --tardis-regression-data=/Users/runner/work/tardis/tardis/tardis-regression-data --cov=tardis --cov-report=xml --cov-report=html --cov-append -m "not continuum"[0m
2025-02-17T15:05:46.1346300Z shell: /bin/bash -l {0}
2025-02-17T15:05:46.1346500Z env:
2025-02-17T15:05:46.1346650Z   CACHE_NUMBER: 0
2025-02-17T15:05:46.1347150Z   PYTEST_FLAGS: --tardis-regression-data=/Users/runner/work/tardis/tardis/tardis-regression-data --cov=tardis --cov-report=xml --cov-report=html --cov-append
2025-02-17T15:05:46.1347690Z   CODECOV_TOKEN: 
2025-02-17T15:05:46.1347870Z   MAMBA_ROOT_PREFIX: /Users/runner/micromamba
2025-02-17T15:05:46.1348140Z   MAMBA_EXE: /Users/runner/micromamba-bin/micromamba
2025-02-17T15:05:46.1348430Z   CONDARC: /Users/runner/work/_temp/setup-micromamba/.condarc
2025-02-17T15:05:46.1348740Z ##[endgroup]
2025-02-17T15:06:02.3684510Z ============================= test session starts ==============================
2025-02-17T15:06:02.3685340Z platform darwin -- Python 3.12.4, pytest-8.2.2, pluggy-1.5.0
2025-02-17T15:06:02.3685700Z rootdir: /Users/runner/work/tardis/tardis
2025-02-17T15:06:02.3685970Z configfile: pyproject.toml
2025-02-17T15:06:02.3686650Z plugins: cov-5.0.0, html-4.1.1, metadata-3.1.1, doctestplus-1.2.1, anyio-4.4.0
2025-02-17T15:06:02.3687010Z collected 1796 items / 2 deselected / 1794 selected
2025-02-17T15:06:02.3687220Z 
2025-02-17T15:06:06.6729530Z tardis/energy_input/tests/test_energy_source.py ..xxx                    [  0%]
2025-02-17T15:06:09.4454300Z tardis/energy_input/tests/test_gamma_ray_channel.py ...........          [  0%]
2025-02-17T15:06:10.7443130Z tardis/energy_input/tests/test_gamma_ray_grid.py xx.                     [  1%]
2025-02-17T15:06:12.0264710Z tardis/energy_input/tests/test_gamma_ray_interactions.py xx....          [  1%]
2025-02-17T15:06:12.0318800Z tardis/energy_input/tests/test_gamma_ray_packet_source.py sssssssss      [  1%]
2025-02-17T15:06:12.9122950Z tardis/energy_input/tests/test_util.py .....xxxx.....                    [  2%]
2025-02-17T15:06:13.1909800Z tardis/grid/tests/test_grid.py .                                         [  2%]
2025-02-17T15:06:13.1921000Z tardis/gui/tests/test_gui.py s                                           [  2%]
2025-02-17T15:06:16.3810750Z tardis/io/configuration/tests/test_config_reader.py ...........          [  3%]
2025-02-17T15:06:16.3884940Z tardis/io/configuration/tests/test_configuration_namespace.py .........  [  3%]
2025-02-17T15:06:16.4037480Z tardis/io/logger/tests/test_logging.py ssssssssssssssssssssssssssss      [  5%]
2025-02-17T15:06:46.8688110Z tardis/io/model/readers/tests/test_arepo_parser.py ..                    [  5%]
2025-02-17T15:06:46.9131740Z tardis/io/model/readers/tests/test_ascii_readers.py ...                  [  5%]
2025-02-17T15:06:46.9252730Z tardis/io/model/readers/tests/test_cmfgen_reader.py ..                   [  5%]
2025-02-17T15:06:46.9478040Z tardis/io/model/readers/tests/test_csvy_reader.py ....                   [  6%]
2025-02-17T15:06:46.9633090Z tardis/io/model/readers/tests/test_stella_reader.py ..                   [  6%]
2025-02-17T15:06:47.2037380Z tardis/io/tests/test_HDFWriter.py ...............                        [  7%]
2025-02-17T15:06:47.8192510Z tardis/io/tests/test_atomic.py .....                                     [  7%]
2025-02-17T15:06:48.1405510Z tardis/io/tests/test_decay.py FF                                         [  7%]
2025-02-17T15:06:48.6173230Z tardis/io/tests/test_model_reader.py ......                              [  7%]
2025-02-17T15:06:48.6234990Z tardis/model/geometry/tests/test_radial1d.py ..                          [  7%]
2025-02-17T15:07:17.8502230Z tardis/model/tests/test_base.py ........................................ [ 10%]
2025-02-17T15:07:18.6230450Z ............                                                             [ 10%]
2025-02-17T15:07:20.9057380Z tardis/model/tests/test_csvy_model.py .........                          [ 11%]
2025-02-17T15:07:20.9373160Z tardis/model/tests/test_density.py ..                                    [ 11%]
2025-02-17T15:07:22.0931690Z tardis/opacities/tests/test_opacity_solver.py .....                      [ 11%]
2025-02-17T15:07:23.2142720Z tardis/opacities/tests/test_opacity_state_numba.py .....                 [ 11%]
2025-02-17T15:07:25.3532440Z tardis/opacities/tests/test_tau_sobolev.py ..                            [ 12%]
2025-02-17T15:07:27.9246540Z tardis/plasma/equilibrium/tests/test_collisional_transitions.py ...      [ 12%]
2025-02-17T15:08:09.4466580Z tardis/plasma/equilibrium/tests/test_level_populations.py ....           [ 12%]
2025-02-17T15:08:19.5836640Z tardis/plasma/equilibrium/tests/test_rate_matrix.py .                    [ 12%]
2025-02-17T15:08:20.6080040Z tardis/plasma/tests/test_complete_plasmas.py .....................s..... [ 13%]
2025-02-17T15:08:22.6211660Z s....ssssss............s............ss.....s....ssssss............s..... [ 18%]
2025-02-17T15:08:23.7848260Z .......ss.....s....ssssss............s............ss.....s....ssssss.... [ 22%]
2025-02-17T15:08:25.7210920Z ........s............ss.....s........ss............s............ss.....s [ 26%]
2025-02-17T15:08:27.7470570Z ........ss............s............ss.....s....ssssss............s...... [ 30%]
2025-02-17T15:08:28.3136240Z ......ss.....s....ssssss............s............ss.....s.ss.ssssss..... [ 34%]
2025-02-17T15:08:30.6547480Z .......s............ss.....s....ssssss............s............ss.....s. [ 38%]
2025-02-17T15:08:32.9079030Z ...ssssss............s............ss.....s....ssssss............s....... [ 42%]
2025-02-17T15:08:35.1706770Z .....ss.....s....ssssss............s............s...........ssssss...... [ 46%]
2025-02-17T15:08:36.8257500Z ......s............s...........ssssss............s............s......... [ 50%]
2025-02-17T15:08:38.9140160Z ..ssssss............s............ss.....s....ssssss............s........ [ 54%]
2025-02-17T15:08:41.4568610Z ....ss.....s....ssssss..........................s.....s....ssss......... [ 58%]
2025-02-17T15:08:41.8176420Z ...................s.....s....ssss.......                                [ 60%]
2025-02-17T15:08:42.1084990Z tardis/plasma/tests/test_hdf_plasma.py ................................. [ 62%]
2025-02-17T15:08:42.1170860Z ......                                                                   [ 62%]
2025-02-17T15:08:42.4182290Z tardis/plasma/tests/test_nlte_excitation.py ...                          [ 62%]
2025-02-17T15:10:36.1207100Z tardis/plasma/tests/test_nlte_solver.py .....X                           [ 63%]
2025-02-17T15:10:36.1252910Z tardis/plasma/tests/test_plasma_continuum.py .                           [ 63%]
2025-02-17T15:11:13.0266140Z tardis/plasma/tests/test_plasma_vboundary.py .............               [ 63%]
2025-02-17T15:11:27.4053510Z tardis/plasma/tests/test_tardis_model_density_config.py ...              [ 64%]
2025-02-17T15:11:28.0851580Z tardis/simulation/tests/test_convergence.py .....                        [ 64%]
2025-02-17T15:11:38.8562050Z tardis/simulation/tests/test_simulation.py .............                 [ 65%]
2025-02-17T15:11:38.8670130Z tardis/spectrum/tests/test_cuda_formal_integral.py sssssssssssssssssssss [ 66%]
2025-02-17T15:11:39.2753720Z ssss...ssssssssssssssssssssss                                            [ 67%]
2025-02-17T15:11:39.2797340Z tardis/spectrum/tests/test_luminosity.py ....                            [ 68%]
2025-02-17T15:11:40.4174710Z tardis/spectrum/tests/test_numba_formal_integral.py .................... [ 69%]
2025-02-17T15:11:40.4279950Z ..........                                                               [ 69%]
2025-02-17T15:11:40.5748640Z tardis/spectrum/tests/test_spectrum.py ................................. [ 71%]
2025-02-17T15:11:40.5960620Z .........                                                                [ 72%]
2025-02-17T15:12:05.1135700Z tardis/spectrum/tests/test_spectrum_solver.py ....                       [ 72%]
2025-02-17T15:13:21.1568700Z tardis/tests/test_tardis_full.py ....                                    [ 72%]
2025-02-17T15:15:12.6735900Z tardis/tests/test_tardis_full_formal_integral.py ................        [ 73%]
2025-02-17T15:15:12.7595840Z tardis/tests/test_util.py .............................................  [ 75%]
2025-02-17T15:15:16.1293710Z tardis/transport/montecarlo/tests/test_base.py x.....................    [ 77%]
2025-02-17T15:15:21.6934530Z tardis/transport/montecarlo/tests/test_interaction.py .......            [ 77%]
2025-02-17T15:15:21.8432720Z tardis/transport/montecarlo/tests/test_macro_atom.py ....                [ 77%]
2025-02-17T15:15:21.8535920Z tardis/transport/montecarlo/tests/test_montecarlo.py sssssssssssssssssss [ 78%]
2025-02-17T15:15:21.8771240Z sssssssssssssssssssssssssssssssssssssssssssss                            [ 81%]
2025-02-17T15:15:29.0409510Z tardis/transport/montecarlo/tests/test_montecarlo_main_loop.py x..       [ 81%]
2025-02-17T15:15:29.0660470Z tardis/transport/montecarlo/tests/test_nonhomologous.py ...              [ 81%]
2025-02-17T15:15:31.8744500Z tardis/transport/montecarlo/tests/test_numba_interface.py .....x.        [ 82%]
2025-02-17T15:15:32.2119180Z tardis/transport/montecarlo/tests/test_opacities.py ...............      [ 82%]
2025-02-17T15:15:32.9064320Z tardis/transport/montecarlo/tests/test_packet.py .................xXXXXX [ 84%]
2025-02-17T15:15:32.9908650Z XX.........                                                              [ 84%]
2025-02-17T15:15:33.0141930Z tardis/transport/montecarlo/tests/test_packet_source.py ........         [ 85%]
2025-02-17T15:15:33.2039450Z tardis/transport/montecarlo/tests/test_rpacket_last_interaction_tracker.py . [ 85%]
2025-02-17T15:15:33.4488940Z .....                                                                    [ 85%]
2025-02-17T15:15:42.7496320Z tardis/transport/montecarlo/tests/test_rpacket_tracker.py ......         [ 85%]
2025-02-17T15:15:42.7693540Z tardis/transport/montecarlo/tests/test_single_packet_loop.py xxx         [ 86%]
2025-02-17T15:15:42.7719550Z tardis/transport/montecarlo/tests/test_tracker_utils.py ..               [ 86%]
2025-02-17T15:15:44.1356960Z tardis/transport/montecarlo/tests/test_vpacket.py ..x.                   [ 86%]
2025-02-17T15:15:44.1540990Z tardis/transport/montecarlo/tests/test_weighted_packet_source.py ....    [ 86%]
2025-02-17T15:15:46.9469670Z tardis/transport/montecarlo/tests/test_weighted_packet_source_integration.py . [ 86%]
2025-02-17T15:15:46.9471510Z                                                                          [ 86%]
2025-02-17T15:15:47.4550660Z tardis/transport/tests/test_doppler_factor.py ..................         [ 87%]
2025-02-17T15:15:49.5648870Z tardis/visualization/tools/tests/test_convergence_plot.py .............. [ 88%]
2025-02-17T15:15:51.1482150Z ......                                                                   [ 88%]
2025-02-17T15:15:54.3033330Z tardis/visualization/tools/tests/test_liv_plot.py ...................... [ 90%]
2025-02-17T15:15:57.4519700Z .............................                                            [ 91%]
2025-02-17T15:16:00.3041270Z tardis/visualization/tools/tests/test_rpacket_plot.py .................. [ 92%]
2025-02-17T15:16:07.2721520Z ....                                                                     [ 92%]
2025-02-17T15:16:11.6411030Z tardis/visualization/tools/tests/test_sdec_plot.py ..................... [ 94%]
2025-02-17T15:16:18.0495840Z ..............................                                           [ 95%]
2025-02-17T15:16:18.3808760Z tardis/visualization/widgets/tests/test_custom_abundance.py ........ss.. [ 96%]
2025-02-17T15:16:18.4270540Z ....                                                                     [ 96%]
2025-02-17T15:16:19.2469130Z tardis/visualization/widgets/tests/test_line_info.py ................... [ 97%]
2025-02-17T15:16:19.7491050Z ..................                                                       [ 98%]
2025-02-17T15:19:28.0245400Z tardis/visualization/widgets/tests/test_shell_info.py .................. [ 99%]
2025-02-17T15:19:34.6989540Z ......                                                                   [100%]
2025-02-17T15:19:34.6991120Z 
2025-02-17T15:19:34.6991610Z =================================== FAILURES ===================================
2025-02-17T15:19:34.7008050Z ______________________________ test_simple_decay _______________________________
2025-02-17T15:19:34.7008340Z 
2025-02-17T15:19:34.7008560Z simple_abundance_model =                              0    1
2025-02-17T15:19:34.7008900Z atomic_number mass_number          
2025-02-17T15:19:34.7009230Z 28            56           1.0  1.0
2025-02-17T15:19:34.7009500Z 
2025-02-17T15:19:34.7009610Z     def test_simple_decay(simple_abundance_model):
2025-02-17T15:19:34.7010110Z >       decayed_abundance = simple_abundance_model.decay(100)
2025-02-17T15:19:34.7010390Z 
2025-02-17T15:19:34.7010540Z tardis/io/tests/test_decay.py:17: 
2025-02-17T15:19:34.7010860Z _ _ _ _ _ _ _ _ _ _ _ _ _ _ _ _ _ _ _ _ _ _ _ _ _ _ _ _ _ _ _ _ _ _ _ _ _ _ _ _ 
2025-02-17T15:19:34.7011100Z 
2025-02-17T15:19:34.7011230Z self =                              0    1
2025-02-17T15:19:34.7011500Z atomic_number mass_number          
2025-02-17T15:19:34.7011830Z 28            56           1.0  1.0
2025-02-17T15:19:34.7012150Z name = 'decay'
2025-02-17T15:19:34.7012290Z 
2025-02-17T15:19:34.7012440Z     @final
2025-02-17T15:19:34.7012640Z     def __getattr__(self, name: str):
2025-02-17T15:19:34.7012940Z         """
2025-02-17T15:19:34.7013180Z         After regular attribute access, try looking up the name
2025-02-17T15:19:34.7013580Z         This allows simpler access to columns for interactive use.
2025-02-17T15:19:34.7013860Z         """
2025-02-17T15:19:34.7014150Z         # Note: obj.x will always call obj.__getattribute__('x') prior to
2025-02-17T15:19:34.7014460Z         # calling obj.__getattr__('x').
2025-02-17T15:19:34.7014740Z         if (
2025-02-17T15:19:34.7014950Z             name not in self._internal_names_set
2025-02-17T15:19:34.7015280Z             and name not in self._metadata
2025-02-17T15:19:34.7015590Z             and name not in self._accessors
2025-02-17T15:19:34.7015900Z             and self._info_axis._can_hold_identifiers_and_holds_name(name)
2025-02-17T15:19:34.7016250Z         ):
2025-02-17T15:19:34.7016430Z             return self[name]
2025-02-17T15:19:34.7016730Z >       return object.__getattribute__(self, name)
2025-02-17T15:19:34.7017090Z E       AttributeError: 'IsotopicMassFraction' object has no attribute 'decay'
2025-02-17T15:19:34.7017380Z 
2025-02-17T15:19:34.7017690Z ../../../micromamba/envs/tardis/lib/python3.12/site-packages/pandas/core/generic.py:6299: AttributeError
2025-02-17T15:19:34.7018160Z _____________________________ test_abundance_merge _____________________________
2025-02-17T15:19:34.7018410Z 
2025-02-17T15:19:34.7018560Z simple_abundance_model =                              0    1
2025-02-17T15:19:34.7018950Z atomic_number mass_number          
2025-02-17T15:19:34.7019380Z 28            56           1.0  1.0
2025-02-17T15:19:34.7019700Z raw_abundance_simple =                  0    1
2025-02-17T15:19:34.7020070Z atomic_number          
2025-02-17T15:19:34.7020280Z 28             0.2  0.2
2025-02-17T15:19:34.7020610Z 30             0.1  0.1
2025-02-17T15:19:34.7020800Z 
2025-02-17T15:19:34.7021030Z     def test_abundance_merge(simple_abundance_model, raw_abundance_simple):
2025-02-17T15:19:34.7021460Z >       decayed_df = simple_abundance_model.decay(100)
2025-02-17T15:19:34.7021710Z 
2025-02-17T15:19:34.7021960Z tardis/io/tests/test_decay.py:34: 
2025-02-17T15:19:34.7022490Z _ _ _ _ _ _ _ _ _ _ _ _ _ _ _ _ _ _ _ _ _ _ _ _ _ _ _ _ _ _ _ _ _ _ _ _ _ _ _ _ 
2025-02-17T15:19:34.7022950Z 
2025-02-17T15:19:34.7023130Z self =                              0    1
2025-02-17T15:19:34.7023400Z atomic_number mass_number          
2025-02-17T15:19:34.7023760Z 28            56           1.0  1.0
2025-02-17T15:19:34.7024070Z name = 'decay'
2025-02-17T15:19:34.7036360Z 
2025-02-17T15:19:34.7036490Z     @final
2025-02-17T15:19:34.7036740Z     def __getattr__(self, name: str):
2025-02-17T15:19:34.7037200Z         """
2025-02-17T15:19:34.7037480Z         After regular attribute access, try looking up the name
2025-02-17T15:19:34.7037970Z         This allows simpler access to columns for interactive use.
2025-02-17T15:19:34.7038590Z         """
2025-02-17T15:19:34.7038990Z         # Note: obj.x will always call obj.__getattribute__('x') prior to
2025-02-17T15:19:34.7039390Z         # calling obj.__getattr__('x').
2025-02-17T15:19:34.7039650Z         if (
2025-02-17T15:19:34.7039970Z             name not in self._internal_names_set
2025-02-17T15:19:34.7040230Z             and name not in self._metadata
2025-02-17T15:19:34.7040690Z             and name not in self._accessors
2025-02-17T15:19:34.7041150Z             and self._info_axis._can_hold_identifiers_and_holds_name(name)
2025-02-17T15:19:34.7041490Z         ):
2025-02-17T15:19:34.7041780Z             return self[name]
2025-02-17T15:19:34.7042080Z >       return object.__getattribute__(self, name)
2025-02-17T15:19:34.7042610Z E       AttributeError: 'IsotopicMassFraction' object has no attribute 'decay'
2025-02-17T15:19:34.7042920Z 
2025-02-17T15:19:34.7043300Z ../../../micromamba/envs/tardis/lib/python3.12/site-packages/pandas/core/generic.py:6299: AttributeError
2025-02-17T15:19:34.7043800Z =============================== warnings summary ===============================
2025-02-17T15:19:34.7044260Z tardis/io/configuration/config_validator.py:6
2025-02-17T15:19:34.7044700Z tardis/io/configuration/config_validator.py:6
2025-02-17T15:19:34.7045310Z   /Users/runner/work/tardis/tardis/tardis/io/configuration/config_validator.py:6: DeprecationWarning:
2025-02-17T15:19:34.7045860Z   
2025-02-17T15:19:34.7047110Z   jsonschema.RefResolver is deprecated as of v4.18.0, in favor of the https://github.com/python-jsonschema/referencing library, which provides more compliant referencing behavior as well as more flexible APIs for customization. A future release will remove RefResolver. Please file a feature request (on referencing) if you are missing an API for the kind of customization you need.
2025-02-17T15:19:34.7048240Z 
2025-02-17T15:19:34.7048430Z ../../../micromamba/envs/tardis/lib/python3.12/site-packages/jupyter_client/connect.py:22
2025-02-17T15:19:34.7049160Z   /Users/runner/micromamba/envs/tardis/lib/python3.12/site-packages/jupyter_client/connect.py:22: DeprecationWarning:
2025-02-17T15:19:34.7049700Z   
2025-02-17T15:19:34.7049970Z   Jupyter is migrating its paths to use standard platformdirs
2025-02-17T15:19:34.7050430Z   given by the platformdirs library.  To remove this warning and
2025-02-17T15:19:34.7051580Z   see the appropriate new directories, set the environment variable
2025-02-17T15:19:34.7052030Z   `JUPYTER_PLATFORM_DIRS=1` and then run `jupyter --paths`.
2025-02-17T15:19:34.7052410Z   The use of platformdirs will be the default in `jupyter_core` v6
2025-02-17T15:19:34.7052710Z 
2025-02-17T15:19:34.7059140Z tardis/io/tests/test_HDFWriter.py::test_multi_index_write
2025-02-17T15:19:34.7059610Z tardis/visualization/widgets/tests/test_shell_info.py::TestHDFShellInfo::test_shells_data
2025-02-17T15:19:34.7060310Z   /Users/runner/work/tardis/tardis/tardis/io/util.py:276: PerformanceWarning:
2025-02-17T15:19:34.7060680Z   
2025-02-17T15:19:34.7061440Z   
2025-02-17T15:19:34.7061740Z   your performance may suffer as PyTables will pickle object types that it cannot
2025-02-17T15:19:34.7062360Z   map directly to c-types [inferred_type->mixed,key->block0_values] [items->Index([0], dtype='int64')]
2025-02-17T15:19:34.7062750Z 
2025-02-17T15:19:34.7063030Z tardis/io/tests/test_model_reader.py::test_read_cmfgen_isotope_abundances
2025-02-17T15:19:34.7063630Z tardis/plasma/tests/test_tardis_model_density_config.py::test_electron_densities
2025-02-17T15:19:34.7064380Z tardis/plasma/tests/test_tardis_model_density_config.py::test_isotope_number_densities
2025-02-17T15:19:34.7064940Z tardis/plasma/tests/test_tardis_model_density_config.py::test_t_rad
2025-02-17T15:19:34.7066140Z   /Users/runner/work/tardis/tardis/tardis/io/model/readers/cmfgen_deprecated.py:82: DeprecationWarning:
2025-02-17T15:19:34.7066570Z   
2025-02-17T15:19:34.7100860Z   The current CMFGEN model parser is deprecated
2025-02-17T15:19:34.7101060Z 
2025-02-17T15:19:34.7101160Z tardis/io/tests/test_model_reader.py: 1 warning
2025-02-17T15:19:34.7102030Z tardis/plasma/tests/test_tardis_model_density_config.py: 9 warnings
2025-02-17T15:19:34.7102760Z   /Users/runner/work/tardis/tardis/tardis/io/model/readers/cmfgen_deprecated.py:40: DeprecationWarning:
2025-02-17T15:19:34.7103320Z   
2025-02-17T15:19:34.7103630Z   The current CMFGEN model parser is deprecated
2025-02-17T15:19:34.7103900Z 
2025-02-17T15:19:34.7104190Z tardis/model/tests/test_base.py::TestModelFromPaper1Config::test_abundances
2025-02-17T15:19:34.7104940Z   /Users/runner/work/tardis/tardis/tardis/transport/montecarlo/montecarlo_main_loop.py:123: NumbaTypeSafetyWarning:
2025-02-17T15:19:34.7105570Z   
2025-02-17T15:19:34.7112580Z   [1m[1m[1munsafe cast from uint64 to int64. Precision may be lost.[0m[0m[0m
2025-02-17T15:19:34.7112910Z 
2025-02-17T15:19:34.7113090Z tardis/model/tests/test_base.py: 6 warnings
2025-02-17T15:19:34.7113330Z tardis/model/tests/test_csvy_model.py: 2 warnings
2025-02-17T15:19:34.7113740Z tardis/plasma/tests/test_tardis_model_density_config.py: 3 warnings
2025-02-17T15:19:34.7114270Z   /Users/runner/work/tardis/tardis/tardis/model/geometry/radial1d.py:50: DeprecationWarning:
2025-02-17T15:19:34.7114760Z   
2025-02-17T15:19:34.7114980Z   v_inner_boundary < 0, assuming default value
2025-02-17T15:19:34.7115230Z 
2025-02-17T15:19:34.7115310Z tardis/model/tests/test_base.py: 6 warnings
2025-02-17T15:19:34.7115540Z tardis/model/tests/test_csvy_model.py: 2 warnings
2025-02-17T15:19:34.7115840Z tardis/plasma/tests/test_tardis_model_density_config.py: 3 warnings
2025-02-17T15:19:34.7116600Z   /Users/runner/work/tardis/tardis/tardis/model/geometry/radial1d.py:61: DeprecationWarning:
2025-02-17T15:19:34.7116940Z   
2025-02-17T15:19:34.7117170Z   v_outer_boundary < 0, assuming default value
2025-02-17T15:19:34.7117380Z 
2025-02-17T15:19:34.7117750Z tardis/plasma/equilibrium/tests/test_level_populations.py::TestLevelPopulationSolver::test_solve[collisional_rate_solver0-radiative_transitions0]
2025-02-17T15:19:34.7118410Z   /Users/runner/work/tardis/tardis/tardis/plasma/equilibrium/level_populations.py:65: FutureWarning:
2025-02-17T15:19:34.7118770Z   
2025-02-17T15:19:34.7119240Z   A value is trying to be set on a copy of a DataFrame or Series through chained assignment using an inplace method.
2025-02-17T15:19:34.7119960Z   The behavior will change in pandas 3.0. This inplace method will never work because the intermediate object on which we are setting values always behaves as a copy.
2025-02-17T15:19:34.7120460Z   
2025-02-17T15:19:34.7120940Z   For example, when doing 'df[col].method(value, inplace=True)', try using 'df.method({col: value}, inplace=True)' or df[col] = df[col].method(value) instead, to perform the operation inplace on the original object.
2025-02-17T15:19:34.7121420Z 
2025-02-17T15:19:34.7121640Z tardis/plasma/tests/test_complete_plasmas.py: 20 warnings
2025-02-17T15:19:34.7122210Z   /Users/runner/work/tardis/tardis/tardis/plasma/tests/test_complete_plasmas.py:197: UserWarning:
2025-02-17T15:19:34.7122540Z   
2025-02-17T15:19:34.7122670Z   Property "atomic_mass" not found
2025-02-17T15:19:34.7122800Z 
2025-02-17T15:19:34.7123140Z tardis/plasma/tests/test_complete_plasmas.py::TestPlasma::test_plasma_properties[radiative_rates_type:detailed-w_epsilon:1e-10-j_blues_norm_factor]
2025-02-17T15:19:34.7123820Z tardis/plasma/tests/test_complete_plasmas.py::TestPlasma::test_plasma_properties[radiative_rates_type:detailed-j_blues_norm_factor]
2025-02-17T15:19:34.7124490Z   /Users/runner/work/tardis/tardis/tardis/plasma/tests/test_complete_plasmas.py:197: UserWarning:
2025-02-17T15:19:34.7124900Z   
2025-02-17T15:19:34.7125130Z   Property "j_blues_norm_factor" not found
2025-02-17T15:19:34.7125960Z 
2025-02-17T15:19:34.7126360Z tardis/plasma/tests/test_complete_plasmas.py::TestPlasma::test_plasma_properties[radiative_rates_type:detailed-w_epsilon:1e-10-j_blue_estimator]
2025-02-17T15:19:34.7127030Z tardis/plasma/tests/test_complete_plasmas.py::TestPlasma::test_plasma_properties[radiative_rates_type:detailed-j_blue_estimator]
2025-02-17T15:19:34.7127850Z   /Users/runner/work/tardis/tardis/tardis/plasma/tests/test_complete_plasmas.py:197: UserWarning:
2025-02-17T15:19:34.7128330Z   
2025-02-17T15:19:34.7128460Z   Property "j_blue_estimator" not found
2025-02-17T15:19:34.7128660Z 
2025-02-17T15:19:34.7129070Z tardis/plasma/tests/test_complete_plasmas.py::TestPlasma::test_plasma_properties[radiative_rates_type:detailed-w_epsilon:1e-10-volume]
2025-02-17T15:19:34.7129770Z tardis/plasma/tests/test_complete_plasmas.py::TestPlasma::test_plasma_properties[radiative_rates_type:detailed-volume]
2025-02-17T15:19:34.7130480Z   /Users/runner/work/tardis/tardis/tardis/plasma/tests/test_complete_plasmas.py:197: UserWarning:
2025-02-17T15:19:34.7130980Z   
2025-02-17T15:19:34.7131190Z   Property "volume" not found
2025-02-17T15:19:34.7131380Z 
2025-02-17T15:19:34.7131760Z tardis/plasma/tests/test_complete_plasmas.py::TestPlasma::test_plasma_properties[radiative_rates_type:detailed-w_epsilon:1e-10-r_inner]
2025-02-17T15:19:34.7132460Z tardis/plasma/tests/test_complete_plasmas.py::TestPlasma::test_plasma_properties[radiative_rates_type:detailed-r_inner]
2025-02-17T15:19:34.7133160Z   /Users/runner/work/tardis/tardis/tardis/plasma/tests/test_complete_plasmas.py:197: UserWarning:
2025-02-17T15:19:34.7133660Z   
2025-02-17T15:19:34.7133870Z   Property "r_inner" not found
2025-02-17T15:19:34.7134070Z 
2025-02-17T15:19:34.7134320Z tardis/plasma/tests/test_plasma_vboundary.py::test_plasma_vboundary[2900-3750]
2025-02-17T15:19:34.7134780Z tardis/plasma/tests/test_plasma_vboundary.py::test_plasma_vboundary[2900-3850]
2025-02-17T15:19:34.7135250Z tardis/plasma/tests/test_plasma_vboundary.py::test_plasma_vboundary[2900-3900]
2025-02-17T15:19:34.7135730Z   /Users/runner/work/tardis/tardis/tardis/model/geometry/radial1d.py:71: UserWarning:
2025-02-17T15:19:34.7136130Z   
2025-02-17T15:19:34.7136360Z   Requesting inner boundary below inner shell. Extrapolating the inner cell
2025-02-17T15:19:34.7136570Z 
2025-02-17T15:19:34.7136740Z tardis/spectrum/tests/test_spectrum_solver.py::TestSpectrumSolver::test_solve
2025-02-17T15:19:34.7137140Z   /Users/runner/work/tardis/tardis/tardis/spectrum/base.py:70: UserWarning:
2025-02-17T15:19:34.7137410Z   
2025-02-17T15:19:34.7137830Z   SpectrumSolver.spectrum_virtual_packets is zero. Please run the montecarlo simulation with no_of_virtual_packets > 0
2025-02-17T15:19:34.7138230Z 
2025-02-17T15:19:34.7138400Z tardis/spectrum/tests/test_spectrum_solver.py::TestSpectrumSolver::test_solve
2025-02-17T15:19:34.7138790Z   /Users/runner/work/tardis/tardis/tardis/spectrum/base.py:111: UserWarning:
2025-02-17T15:19:34.7139060Z   
2025-02-17T15:19:34.7139390Z   SpectrumSolver.integrator: The FormalIntegrator is not yet available.Please run the montecarlo simulation at least once.
2025-02-17T15:19:34.7139730Z 
2025-02-17T15:19:34.7139900Z tardis/transport/montecarlo/tests/test_vpacket.py::test_trace_vpacket_volley
2025-02-17T15:19:34.7140230Z   <string>:3: NumbaPendingDeprecationWarning:
2025-02-17T15:19:34.7140430Z   
2025-02-17T15:19:34.7141410Z   [1m[1mCode using Numba extension API maybe depending on 'old_style' error-capturing, which is deprecated and will be replaced by 'new_style' in a future release. See details at https://numba.readthedocs.io/en/latest/reference/deprecation.html#deprecation-of-old-style-numba-captured-errors
2025-02-17T15:19:34.7142220Z   Exception origin:
2025-02-17T15:19:34.7142510Z     File "/Users/runner/micromamba/envs/tardis/lib/python3.12/inspect.py", line 3180, in _bind
2025-02-17T15:19:34.7142840Z       raise TypeError(msg) from None
2025-02-17T15:19:34.7143030Z   [0m[0m
2025-02-17T15:19:34.7143110Z 
2025-02-17T15:19:34.7143360Z tardis/visualization/tools/tests/test_sdec_plot.py::TestSDECPlotter::test_mpl_image[plotter_generate_plot_mpl4]
2025-02-17T15:19:34.7144270Z   /Users/runner/work/tardis/tardis/tardis/visualization/tools/sdec_plot.py:1225: RuntimeWarning:
2025-02-17T15:19:34.7144820Z   
2025-02-17T15:19:34.7145620Z   More than 20 figures have been opened. Figures created through the pyplot interface (`matplotlib.pyplot.figure`) are retained until explicitly closed and may consume too much memory. (To control this warning, see the rcParam `figure.max_open_warning`). Consider using `matplotlib.pyplot.close()`.
2025-02-17T15:19:34.7146490Z 
2025-02-17T15:19:34.7146850Z tardis/visualization/widgets/tests/test_custom_abundance.py::TestCustomAbundanceWidget::test_update_input_item_value
2025-02-17T15:19:34.7147470Z tardis/visualization/widgets/tests/test_custom_abundance.py::TestCustomAbundanceWidget::test_update_input_item_value
2025-02-17T15:19:34.7148080Z tardis/visualization/widgets/tests/test_custom_abundance.py::TestCustomAbundanceWidget::test_update_input_item_value
2025-02-17T15:19:34.7148770Z tardis/visualization/widgets/tests/test_custom_abundance.py::TestCustomAbundanceWidget::test_update_input_item_value
2025-02-17T15:19:34.7149520Z tardis/visualization/widgets/tests/test_custom_abundance.py::TestCustomAbundanceWidget::test_update_input_item_value
2025-02-17T15:19:34.7150280Z tardis/visualization/widgets/tests/test_custom_abundance.py::TestCustomAbundanceWidget::test_update_input_item_value
2025-02-17T15:19:34.7150950Z   /Users/runner/micromamba/envs/tardis/lib/python3.12/site-packages/traitlets/traitlets.py:1385: DeprecationWarning:
2025-02-17T15:19:34.7151490Z   
2025-02-17T15:19:34.7151790Z   Passing unrecognized arguments to super(Checkbox).__init__(icon='lock').
2025-02-17T15:19:34.7152410Z   object.__init__() takes exactly one argument (the instance to initialize)
2025-02-17T15:19:34.7152920Z   This is deprecated in traitlets 4.2.This error will be raised in a future release of traitlets.
2025-02-17T15:19:34.7153280Z 
2025-02-17T15:19:34.7153560Z tardis/visualization/widgets/tests/test_custom_abundance.py::TestCustomAbundanceWidget::test_update_input_item_value
2025-02-17T15:19:34.7154180Z tardis/visualization/widgets/tests/test_custom_abundance.py::TestCustomAbundanceWidget::test_update_input_item_value
2025-02-17T15:19:34.7154790Z   /Users/runner/micromamba/envs/tardis/lib/python3.12/site-packages/traitlets/traitlets.py:1385: DeprecationWarning:
2025-02-17T15:19:34.7155190Z   
2025-02-17T15:19:34.7155400Z   Passing unrecognized arguments to super(FloatText).__init__(min=0).
2025-02-17T15:19:34.7155830Z   object.__init__() takes exactly one argument (the instance to initialize)
2025-02-17T15:19:34.7156220Z   This is deprecated in traitlets 4.2.This error will be raised in a future release of traitlets.
2025-02-17T15:19:34.7156620Z 
2025-02-17T15:19:34.7156910Z tardis/visualization/widgets/tests/test_custom_abundance.py::TestCustomAbundanceWidget::test_update_input_item_value
2025-02-17T15:19:34.7157530Z   /Users/runner/micromamba/envs/tardis/lib/python3.12/site-packages/traitlets/traitlets.py:1385: DeprecationWarning:
2025-02-17T15:19:34.7157920Z   
2025-02-17T15:19:34.7158140Z   Passing unrecognized arguments to super(HTML).__init__(indent=True).
2025-02-17T15:19:34.7158640Z   object.__init__() takes exactly one argument (the instance to initialize)
2025-02-17T15:19:34.7159170Z   This is deprecated in traitlets 4.2.This error will be raised in a future release of traitlets.
2025-02-17T15:19:34.7159430Z 
2025-02-17T15:19:34.7159760Z tardis/visualization/widgets/tests/test_line_info.py::TestLineInfoWidgetData::test_get_species_interactions[wavelength_range0-packet_out_nu]
2025-02-17T15:19:34.7160410Z   /Users/runner/micromamba/envs/tardis/lib/python3.12/site-packages/qgridnext/grid.py:830: DeprecationWarning:
2025-02-17T15:19:34.7160780Z   
2025-02-17T15:19:34.7161050Z   QgridWidget._show_toolbar_changed is deprecated in traitlets 4.1: use @observe and @unobserve instead.
2025-02-17T15:19:34.7161440Z 
2025-02-17T15:19:34.7161650Z tardis/visualization/widgets/tests/test_shell_info.py::TestHDFShellInfo::test_shells_data
2025-02-17T15:19:34.7162490Z   /Users/runner/work/tardis/tardis/tardis/io/util.py:289: PerformanceWarning:
2025-02-17T15:19:34.7162770Z   
2025-02-17T15:19:34.7162970Z   
2025-02-17T15:19:34.7163350Z   your performance may suffer as PyTables will pickle object types that it cannot
2025-02-17T15:19:34.7164220Z   map directly to c-types [inferred_type->mixed,key->block0_values] [items->Index([0], dtype='int64')]
2025-02-17T15:19:34.7164570Z 
2025-02-17T15:19:34.7164790Z tardis/visualization/widgets/tests/test_shell_info.py::TestHDFShellInfo::test_shells_data
2025-02-17T15:19:34.7165360Z   /Users/runner/work/tardis/tardis/tardis/io/util.py:292: PerformanceWarning:
2025-02-17T15:19:34.7165740Z   
2025-02-17T15:19:34.7165920Z   
2025-02-17T15:19:34.7166250Z   your performance may suffer as PyTables will pickle object types that it cannot
2025-02-17T15:19:34.7166630Z   map directly to c-types [inferred_type->mixed,key->values] [items->None]
2025-02-17T15:19:34.7166930Z 
2025-02-17T15:19:34.7167140Z tardis/visualization/widgets/tests/test_shell_info.py::TestHDFShellInfo::test_shells_data
2025-02-17T15:19:34.7167710Z   /Users/runner/work/tardis/tardis/tardis/spectrum/formal_integral.py:398: UserWarning:
2025-02-17T15:19:34.7168140Z   
2025-02-17T15:19:34.7168430Z   The number of interpolate_shells was not specified. The value was set to 80.
2025-02-17T15:19:34.7168710Z 
2025-02-17T15:19:34.7168950Z -- Docs: https://docs.pytest.org/en/stable/how-to/capture-warnings.html
2025-02-17T15:19:34.7169170Z 
2025-02-17T15:19:34.7169380Z ---------- coverage: platform darwin, python 3.12.4-final-0 ----------
2025-02-17T15:19:34.7169820Z Coverage HTML written to dir coverage_html_report
2025-02-17T15:19:34.7170070Z Coverage XML written to file coverage.xml
2025-02-17T15:19:34.7170300Z 
2025-02-17T15:19:34.7170410Z =========================== short test summary info ============================
2025-02-17T15:19:34.7170860Z FAILED tardis/io/tests/test_decay.py::test_simple_decay - AttributeError: 'IsotopicMassFraction' object has no attribute 'decay'
2025-02-17T15:19:34.7171510Z FAILED tardis/io/tests/test_decay.py::test_abundance_merge - AttributeError: 'IsotopicMassFraction' object has no attribute 'decay'
2025-02-17T15:19:34.7172070Z = 2 failed, 1436 passed, 329 skipped, 2 deselected, 19 xfailed, 8 xpassed, 91 warnings in 813.82s (0:13:33) =
2025-02-17T15:19:36.7269340Z ##[error]Process completed with exit code 1.
