2025-01-13T17:42:27.2076786Z Requested labels: ubuntu-latest
2025-01-13T17:42:27.2077108Z Job defined at: tardis-sn/tardis/.github/workflows/tests.yml@refs/pull/2897/merge
2025-01-13T17:42:27.2077207Z Waiting for a runner to pick up this job...
2025-01-13T17:42:27.4303186Z Job is waiting for a hosted runner to come online.
2025-01-13T17:42:30.9015994Z Job is about to start running on the hosted runner: GitHub Actions 35 (hosted)
2025-01-13T17:42:32.5691121Z Current runner version: '2.321.0'
2025-01-13T17:42:32.5727246Z ##[group]Operating System
2025-01-13T17:42:32.5728157Z Ubuntu
2025-01-13T17:42:32.5728729Z 24.04.1
2025-01-13T17:42:32.5729211Z LTS
2025-01-13T17:42:32.5729693Z ##[endgroup]
2025-01-13T17:42:32.5730261Z ##[group]Runner Image
2025-01-13T17:42:32.5730822Z Image: ubuntu-24.04
2025-01-13T17:42:32.5731343Z Version: 20250105.1.0
2025-01-13T17:42:32.5732409Z Included Software: https://github.com/actions/runner-images/blob/ubuntu24/20250105.1/images/ubuntu/Ubuntu2404-Readme.md
2025-01-13T17:42:32.5733730Z Image Release: https://github.com/actions/runner-images/releases/tag/ubuntu24%2F20250105.1
2025-01-13T17:42:32.5734613Z ##[endgroup]
2025-01-13T17:42:32.5735185Z ##[group]Runner Image Provisioner
2025-01-13T17:42:32.5735746Z 2.0.404.1
2025-01-13T17:42:32.5736219Z ##[endgroup]
2025-01-13T17:42:32.5738711Z ##[group]GITHUB_TOKEN Permissions
2025-01-13T17:42:32.5740695Z Actions: read
2025-01-13T17:42:32.5741545Z Attestations: read
2025-01-13T17:42:32.5742124Z Checks: read
2025-01-13T17:42:32.5742660Z Contents: read
2025-01-13T17:42:32.5743137Z Deployments: read
2025-01-13T17:42:32.5743661Z Discussions: read
2025-01-13T17:42:32.5744183Z Issues: read
2025-01-13T17:42:32.5744644Z Metadata: read
2025-01-13T17:42:32.5745152Z Packages: read
2025-01-13T17:42:32.5745676Z Pages: read
2025-01-13T17:42:32.5746138Z PullRequests: read
2025-01-13T17:42:32.5746677Z RepositoryProjects: read
2025-01-13T17:42:32.5747552Z SecurityEvents: read
2025-01-13T17:42:32.5748056Z Statuses: read
2025-01-13T17:42:32.5748570Z ##[endgroup]
2025-01-13T17:42:32.5751664Z Secret source: None
2025-01-13T17:42:32.5752340Z Prepare workflow directory
2025-01-13T17:42:32.6465879Z Prepare all required actions
2025-01-13T17:42:32.6502380Z Getting action download info
2025-01-13T17:42:32.8226675Z Download action repository 'actions/checkout@v4' (SHA:11bd71901bbe5b1630ceea73d27597364c9af683)
2025-01-13T17:42:32.9183857Z Download action repository 'actions/upload-artifact@v4' (SHA:65c4c4a1ddee5b72f698fdd19549f0f0fb45cf08)
2025-01-13T17:42:33.4134276Z Complete job name: not continuum ubuntu-latest 
2025-01-13T17:42:33.4847681Z ##[group]Run actions/checkout@v4
2025-01-13T17:42:33.4848641Z with:
2025-01-13T17:42:33.4849083Z   repository: tardis-sn/tardis
2025-01-13T17:42:33.4849840Z   token: ***
2025-01-13T17:42:33.4850323Z   ssh-strict: true
2025-01-13T17:42:33.4850771Z   ssh-user: git
2025-01-13T17:42:33.4851197Z   persist-credentials: true
2025-01-13T17:42:33.4851677Z   clean: true
2025-01-13T17:42:33.4852106Z   sparse-checkout-cone-mode: true
2025-01-13T17:42:33.4852630Z   fetch-depth: 1
2025-01-13T17:42:33.4853059Z   fetch-tags: false
2025-01-13T17:42:33.4853509Z   show-progress: true
2025-01-13T17:42:33.4853955Z   lfs: false
2025-01-13T17:42:33.4854353Z   submodules: false
2025-01-13T17:42:33.4854793Z   set-safe-directory: true
2025-01-13T17:42:33.4855501Z env:
2025-01-13T17:42:33.4855895Z   CACHE_NUMBER: 0
2025-01-13T17:42:33.4858017Z   PYTEST_FLAGS: --tardis-regression-data=/home/runner/work/tardis/tardis/tardis-regression-data --cov=tardis --cov-report=xml --cov-report=html --cov-append
2025-01-13T17:42:33.4859424Z   CODECOV_TOKEN: 
2025-01-13T17:42:33.4859844Z ##[endgroup]
2025-01-13T17:42:33.6880325Z Syncing repository: tardis-sn/tardis
2025-01-13T17:42:33.6882333Z ##[group]Getting Git version info
2025-01-13T17:42:33.6883051Z Working directory is '/home/runner/work/tardis/tardis'
2025-01-13T17:42:33.6884033Z [command]/usr/bin/git version
2025-01-13T17:42:33.6931650Z git version 2.47.1
2025-01-13T17:42:33.6959719Z ##[endgroup]
2025-01-13T17:42:33.6974564Z Temporarily overriding HOME='/home/runner/work/_temp/3098f2d8-396a-464d-b4a6-c207a11a9a0f' before making global git config changes
2025-01-13T17:42:33.6976094Z Adding repository directory to the temporary git global config as a safe directory
2025-01-13T17:42:33.6979890Z [command]/usr/bin/git config --global --add safe.directory /home/runner/work/tardis/tardis
2025-01-13T17:42:33.7021469Z Deleting the contents of '/home/runner/work/tardis/tardis'
2025-01-13T17:42:33.7025486Z ##[group]Initializing the repository
2025-01-13T17:42:33.7029735Z [command]/usr/bin/git init /home/runner/work/tardis/tardis
2025-01-13T17:42:33.7144361Z hint: Using 'master' as the name for the initial branch. This default branch name
2025-01-13T17:42:33.7146459Z hint: is subject to change. To configure the initial branch name to use in all
2025-01-13T17:42:33.7151305Z hint: of your new repositories, which will suppress this warning, call:
2025-01-13T17:42:33.7152684Z hint:
2025-01-13T17:42:33.7153615Z hint: 	git config --global init.defaultBranch <name>
2025-01-13T17:42:33.7154788Z hint:
2025-01-13T17:42:33.7155810Z hint: Names commonly chosen instead of 'master' are 'main', 'trunk' and
2025-01-13T17:42:33.7157322Z hint: 'development'. The just-created branch can be renamed via this command:
2025-01-13T17:42:33.7158797Z hint:
2025-01-13T17:42:33.7159347Z hint: 	git branch -m <name>
2025-01-13T17:42:33.7160307Z Initialized empty Git repository in /home/runner/work/tardis/tardis/.git/
2025-01-13T17:42:33.7162572Z [command]/usr/bin/git remote add origin https://github.com/tardis-sn/tardis
2025-01-13T17:42:33.7169665Z ##[endgroup]
2025-01-13T17:42:33.7171018Z ##[group]Disabling automatic garbage collection
2025-01-13T17:42:33.7175311Z [command]/usr/bin/git config --local gc.auto 0
2025-01-13T17:42:33.7208020Z ##[endgroup]
2025-01-13T17:42:33.7209442Z ##[group]Setting up auth
2025-01-13T17:42:33.7216017Z [command]/usr/bin/git config --local --name-only --get-regexp core\.sshCommand
2025-01-13T17:42:33.7249219Z [command]/usr/bin/git submodule foreach --recursive sh -c "git config --local --name-only --get-regexp 'core\.sshCommand' && git config --local --unset-all 'core.sshCommand' || :"
2025-01-13T17:42:33.7574535Z [command]/usr/bin/git config --local --name-only --get-regexp http\.https\:\/\/github\.com\/\.extraheader
2025-01-13T17:42:33.7608285Z [command]/usr/bin/git submodule foreach --recursive sh -c "git config --local --name-only --get-regexp 'http\.https\:\/\/github\.com\/\.extraheader' && git config --local --unset-all 'http.https://github.com/.extraheader' || :"
2025-01-13T17:42:33.7843611Z [command]/usr/bin/git config --local http.https://github.com/.extraheader AUTHORIZATION: basic ***
2025-01-13T17:42:33.7883806Z ##[endgroup]
2025-01-13T17:42:33.7892799Z ##[group]Fetching the repository
2025-01-13T17:42:33.7895547Z [command]/usr/bin/git -c protocol.version=2 fetch --no-tags --prune --no-recurse-submodules --depth=1 origin +f0ff337d5f673f24e6024f16fa7b5bdbd07ba26d:refs/remotes/pull/2897/merge
2025-01-13T17:42:34.9930274Z From https://github.com/tardis-sn/tardis
2025-01-13T17:42:34.9932705Z  * [new ref]         f0ff337d5f673f24e6024f16fa7b5bdbd07ba26d -> pull/2897/merge
2025-01-13T17:42:34.9954213Z ##[endgroup]
2025-01-13T17:42:34.9955442Z ##[group]Determining the checkout info
2025-01-13T17:42:34.9956760Z ##[endgroup]
2025-01-13T17:42:34.9961808Z [command]/usr/bin/git sparse-checkout disable
2025-01-13T17:42:35.0007068Z [command]/usr/bin/git config --local --unset-all extensions.worktreeConfig
2025-01-13T17:42:35.0036535Z ##[group]Checking out the ref
2025-01-13T17:42:35.0040599Z [command]/usr/bin/git checkout --progress --force refs/remotes/pull/2897/merge
2025-01-13T17:42:35.2079357Z Note: switching to 'refs/remotes/pull/2897/merge'.
2025-01-13T17:42:35.2082007Z 
2025-01-13T17:42:35.2082961Z You are in 'detached HEAD' state. You can look around, make experimental
2025-01-13T17:42:35.2088638Z changes and commit them, and you can discard any commits you make in this
2025-01-13T17:42:35.2091095Z state without impacting any branches by switching back to a branch.
2025-01-13T17:42:35.2092553Z 
2025-01-13T17:42:35.2093507Z If you want to create a new branch to retain commits you create, you may
2025-01-13T17:42:35.2095669Z do so (now or later) by using -c with the switch command. Example:
2025-01-13T17:42:35.2097113Z 
2025-01-13T17:42:35.2097635Z   git switch -c <new-branch-name>
2025-01-13T17:42:35.2098541Z 
2025-01-13T17:42:35.2099024Z Or undo this operation with:
2025-01-13T17:42:35.2099891Z 
2025-01-13T17:42:35.2100712Z   git switch -
2025-01-13T17:42:35.2101215Z 
2025-01-13T17:42:35.2101963Z Turn off this advice by setting config variable advice.detachedHead to false
2025-01-13T17:42:35.2103063Z 
2025-01-13T17:42:35.2104367Z HEAD is now at f0ff337 Merge 7311b73b232a190ab497cac7573eae6e7cf8a4de into b4bc6ac32afba1ed86870074cd69db14d7845052
2025-01-13T17:42:35.2110086Z ##[endgroup]
2025-01-13T17:42:35.2154252Z [command]/usr/bin/git log -1 --format=%H
2025-01-13T17:42:35.2179758Z f0ff337d5f673f24e6024f16fa7b5bdbd07ba26d
2025-01-13T17:42:35.2566307Z Prepare all required actions
2025-01-13T17:42:35.2567829Z Getting action download info
2025-01-13T17:42:35.4315807Z Download action repository 'actions/cache@v4' (SHA:1bd1e32a3bdc45362d1e726936510720a7c30a57)
2025-01-13T17:42:35.5796674Z ##[group]Run ./.github/actions/setup_lfs
2025-01-13T17:42:35.5797930Z with:
2025-01-13T17:42:35.5798869Z   regression-data-repo: tardis-sn/tardis-regression-data
2025-01-13T17:42:35.5800041Z env:
2025-01-13T17:42:35.5800743Z   CACHE_NUMBER: 0
2025-01-13T17:42:35.5803015Z   PYTEST_FLAGS: --tardis-regression-data=/home/runner/work/tardis/tardis/tardis-regression-data --cov=tardis --cov-report=xml --cov-report=html --cov-append
2025-01-13T17:42:35.5805478Z   CODECOV_TOKEN: 
2025-01-13T17:42:35.5806232Z ##[endgroup]
2025-01-13T17:42:35.6003622Z ##[group]Run actions/checkout@v4
2025-01-13T17:42:35.6004558Z with:
2025-01-13T17:42:35.6005367Z   repository: tardis-sn/tardis-regression-data
2025-01-13T17:42:35.6006475Z   path: tardis-regression-data
2025-01-13T17:42:35.6007826Z   token: ***
2025-01-13T17:42:35.6008568Z   ssh-strict: true
2025-01-13T17:42:35.6009326Z   ssh-user: git
2025-01-13T17:42:35.6010109Z   persist-credentials: true
2025-01-13T17:42:35.6010979Z   clean: true
2025-01-13T17:42:35.6011758Z   sparse-checkout-cone-mode: true
2025-01-13T17:42:35.6012708Z   fetch-depth: 1
2025-01-13T17:42:35.6013468Z   fetch-tags: false
2025-01-13T17:42:35.6014262Z   show-progress: true
2025-01-13T17:42:35.6015054Z   lfs: false
2025-01-13T17:42:35.6015788Z   submodules: false
2025-01-13T17:42:35.6016584Z   set-safe-directory: true
2025-01-13T17:42:35.6017531Z env:
2025-01-13T17:42:35.6018203Z   CACHE_NUMBER: 0
2025-01-13T17:42:35.6020434Z   PYTEST_FLAGS: --tardis-regression-data=/home/runner/work/tardis/tardis/tardis-regression-data --cov=tardis --cov-report=xml --cov-report=html --cov-append
2025-01-13T17:42:35.6022840Z   CODECOV_TOKEN: 
2025-01-13T17:42:35.6023578Z ##[endgroup]
2025-01-13T17:42:35.6986590Z Syncing repository: tardis-sn/tardis-regression-data
2025-01-13T17:42:35.6992783Z ##[group]Getting Git version info
2025-01-13T17:42:35.6995137Z Working directory is '/home/runner/work/tardis/tardis/tardis-regression-data'
2025-01-13T17:42:35.7042892Z [command]/usr/bin/git version
2025-01-13T17:42:35.7079374Z git version 2.47.1
2025-01-13T17:42:35.7104946Z ##[endgroup]
2025-01-13T17:42:35.7118959Z Temporarily overriding HOME='/home/runner/work/_temp/a3afd527-f67b-471b-a6b0-664e4395554a' before making global git config changes
2025-01-13T17:42:35.7122703Z Adding repository directory to the temporary git global config as a safe directory
2025-01-13T17:42:35.7126394Z [command]/usr/bin/git config --global --add safe.directory /home/runner/work/tardis/tardis/tardis-regression-data
2025-01-13T17:42:35.7154940Z ##[group]Initializing the repository
2025-01-13T17:42:35.7159993Z [command]/usr/bin/git init /home/runner/work/tardis/tardis/tardis-regression-data
2025-01-13T17:42:35.7203878Z hint: Using 'master' as the name for the initial branch. This default branch name
2025-01-13T17:42:35.7207310Z hint: is subject to change. To configure the initial branch name to use in all
2025-01-13T17:42:35.7210256Z hint: of your new repositories, which will suppress this warning, call:
2025-01-13T17:42:35.7212395Z hint:
2025-01-13T17:42:35.7213809Z hint: 	git config --global init.defaultBranch <name>
2025-01-13T17:42:35.7215566Z hint:
2025-01-13T17:42:35.7216780Z hint: Names commonly chosen instead of 'master' are 'main', 'trunk' and
2025-01-13T17:42:35.7219425Z hint: 'development'. The just-created branch can be renamed via this command:
2025-01-13T17:42:35.7222170Z hint:
2025-01-13T17:42:35.7223103Z hint: 	git branch -m <name>
2025-01-13T17:42:35.7224717Z Initialized empty Git repository in /home/runner/work/tardis/tardis/tardis-regression-data/.git/
2025-01-13T17:42:35.7229908Z [command]/usr/bin/git remote add origin https://github.com/tardis-sn/tardis-regression-data
2025-01-13T17:42:35.7256344Z ##[endgroup]
2025-01-13T17:42:35.7258297Z ##[group]Disabling automatic garbage collection
2025-01-13T17:42:35.7261937Z [command]/usr/bin/git config --local gc.auto 0
2025-01-13T17:42:35.7296220Z ##[endgroup]
2025-01-13T17:42:35.7298447Z ##[group]Setting up auth
2025-01-13T17:42:35.7305201Z [command]/usr/bin/git config --local --name-only --get-regexp core\.sshCommand
2025-01-13T17:42:35.7341516Z [command]/usr/bin/git submodule foreach --recursive sh -c "git config --local --name-only --get-regexp 'core\.sshCommand' && git config --local --unset-all 'core.sshCommand' || :"
2025-01-13T17:42:35.7569361Z [command]/usr/bin/git config --local --name-only --get-regexp http\.https\:\/\/github\.com\/\.extraheader
2025-01-13T17:42:35.7600170Z [command]/usr/bin/git submodule foreach --recursive sh -c "git config --local --name-only --get-regexp 'http\.https\:\/\/github\.com\/\.extraheader' && git config --local --unset-all 'http.https://github.com/.extraheader' || :"
2025-01-13T17:42:35.7840371Z [command]/usr/bin/git config --local http.https://github.com/.extraheader AUTHORIZATION: basic ***
2025-01-13T17:42:35.7880031Z ##[endgroup]
2025-01-13T17:42:35.7881562Z ##[group]Determining the default branch
2025-01-13T17:42:35.7883236Z Retrieving the default branch name
2025-01-13T17:42:36.0322398Z Default branch 'main'
2025-01-13T17:42:36.0324911Z ##[endgroup]
2025-01-13T17:42:36.0329024Z ##[group]Fetching the repository
2025-01-13T17:42:36.0333349Z [command]/usr/bin/git -c protocol.version=2 fetch --no-tags --prune --no-recurse-submodules --depth=1 origin +refs/heads/main:refs/remotes/origin/main
2025-01-13T17:42:36.4385681Z From https://github.com/tardis-sn/tardis-regression-data
2025-01-13T17:42:36.4387187Z  * [new branch]      main       -> origin/main
2025-01-13T17:42:36.4410660Z ##[endgroup]
2025-01-13T17:42:36.4411039Z ##[group]Determining the checkout info
2025-01-13T17:42:36.4412759Z ##[endgroup]
2025-01-13T17:42:36.4418286Z [command]/usr/bin/git sparse-checkout disable
2025-01-13T17:42:36.4461956Z [command]/usr/bin/git config --local --unset-all extensions.worktreeConfig
2025-01-13T17:42:36.4490378Z ##[group]Checking out the ref
2025-01-13T17:42:36.4495054Z [command]/usr/bin/git checkout --progress --force -B main refs/remotes/origin/main
2025-01-13T17:42:36.6019141Z Switched to a new branch 'main'
2025-01-13T17:42:36.6020990Z branch 'main' set up to track 'origin/main'.
2025-01-13T17:42:36.6284805Z ##[endgroup]
2025-01-13T17:42:36.6324301Z [command]/usr/bin/git log -1 --format=%H
2025-01-13T17:42:36.6349764Z fa7729bc9c30e14b69acd641af8b692b56fcd416
2025-01-13T17:42:36.6502709Z ##[group]Run git lfs ls-files -l | cut -d' ' -f1 | sort > .lfs-assets-id
2025-01-13T17:42:36.6503305Z [36;1mgit lfs ls-files -l | cut -d' ' -f1 | sort > .lfs-assets-id[0m
2025-01-13T17:42:36.6534987Z shell: /usr/bin/bash --noprofile --norc -e -o pipefail {0}
2025-01-13T17:42:36.6535332Z env:
2025-01-13T17:42:36.6535511Z   CACHE_NUMBER: 0
2025-01-13T17:42:36.6536126Z   PYTEST_FLAGS: --tardis-regression-data=/home/runner/work/tardis/tardis/tardis-regression-data --cov=tardis --cov-report=xml --cov-report=html --cov-append
2025-01-13T17:42:36.6536990Z   CODECOV_TOKEN: 
2025-01-13T17:42:36.6537212Z ##[endgroup]
2025-01-13T17:42:36.8059850Z ##[group]Run actions/cache/restore@v4
2025-01-13T17:42:36.8060168Z with:
2025-01-13T17:42:36.8060400Z   path: tardis-regression-data/.git/lfs
2025-01-13T17:42:36.8060911Z   key: Linux-lfs-21f9fa4b6817cc69b9fae3598144724da7828e276a73bd17f47a2a49d9af090a-v1
2025-01-13T17:42:36.8061426Z   enableCrossOsArchive: false
2025-01-13T17:42:36.8061710Z   fail-on-cache-miss: false
2025-01-13T17:42:36.8062167Z   lookup-only: false
2025-01-13T17:42:36.8062424Z env:
2025-01-13T17:42:36.8062677Z   CACHE_NUMBER: 0
2025-01-13T17:42:36.8063431Z   PYTEST_FLAGS: --tardis-regression-data=/home/runner/work/tardis/tardis/tardis-regression-data --cov=tardis --cov-report=xml --cov-report=html --cov-append
2025-01-13T17:42:36.8064234Z   CODECOV_TOKEN: 
2025-01-13T17:42:36.8064450Z ##[endgroup]
2025-01-13T17:42:38.2204851Z Received 209715200 of 1708418946 (12.3%), 200.0 MBs/sec
2025-01-13T17:42:39.2210484Z Received 528482304 of 1708418946 (30.9%), 252.0 MBs/sec
2025-01-13T17:42:40.2247553Z Received 822083584 of 1708418946 (48.1%), 261.1 MBs/sec
2025-01-13T17:42:41.2252528Z Received 1094713344 of 1708418946 (64.1%), 260.7 MBs/sec
2025-01-13T17:42:42.2268319Z Received 1384120320 of 1708418946 (81.0%), 263.7 MBs/sec
2025-01-13T17:42:43.2267596Z Received 1627389952 of 1708418946 (95.3%), 258.4 MBs/sec
2025-01-13T17:42:43.5079472Z Cache Size: ~1629 MB (1708418946 B)
2025-01-13T17:42:43.5143849Z [command]/usr/bin/tar -xf /home/runner/work/_temp/e59c3f1e-1de0-42a2-b55d-414cdfed48cc/cache.tzst -P -C /home/runner/work/tardis/tardis --use-compress-program unzstd
2025-01-13T17:42:44.2278640Z Received 1708418946 of 1708418946 (100.0%), 232.5 MBs/sec
2025-01-13T17:42:49.8810208Z Cache restored successfully
2025-01-13T17:42:50.2129526Z Cache restored from key: Linux-lfs-21f9fa4b6817cc69b9fae3598144724da7828e276a73bd17f47a2a49d9af090a-v1
2025-01-13T17:42:50.2314311Z ##[group]Run git lfs checkout
2025-01-13T17:42:50.2314594Z [36;1mgit lfs checkout[0m
2025-01-13T17:42:50.2341064Z shell: /usr/bin/bash --noprofile --norc -e -o pipefail {0}
2025-01-13T17:42:50.2341387Z env:
2025-01-13T17:42:50.2341561Z   CACHE_NUMBER: 0
2025-01-13T17:42:50.2342169Z   PYTEST_FLAGS: --tardis-regression-data=/home/runner/work/tardis/tardis/tardis-regression-data --cov=tardis --cov-report=xml --cov-report=html --cov-append
2025-01-13T17:42:50.2342816Z   CODECOV_TOKEN: 
2025-01-13T17:42:50.2343009Z ##[endgroup]
2025-01-13T17:43:00.8292853Z Checking out LFS objects: 100% (204/204), 3.5 GB | 333 MB/s, done.
2025-01-13T17:43:04.1285573Z Prepare all required actions
2025-01-13T17:43:04.1285925Z Getting action download info
2025-01-13T17:43:04.2733715Z Download action repository 'mamba-org/setup-micromamba@v1' (SHA:4b9113af4fba0e9e1124b252dd6497a419e7396d)
2025-01-13T17:43:04.6182818Z ##[group]Run ./.github/actions/setup_env
2025-01-13T17:43:04.6183094Z with:
2025-01-13T17:43:04.6183280Z   os-label: linux-64
2025-01-13T17:43:04.6183475Z env:
2025-01-13T17:43:04.6183640Z   CACHE_NUMBER: 0
2025-01-13T17:43:04.6184255Z   PYTEST_FLAGS: --tardis-regression-data=/home/runner/work/tardis/tardis/tardis-regression-data --cov=tardis --cov-report=xml --cov-report=html --cov-append
2025-01-13T17:43:04.6184906Z   CODECOV_TOKEN: 
2025-01-13T17:43:04.6185099Z ##[endgroup]
2025-01-13T17:43:04.6204635Z ##[group]Run file_hash=$(cat conda-linux-64.lock | shasum -a 256 | cut -d' ' -f1)
2025-01-13T17:43:04.6205129Z [36;1mfile_hash=$(cat conda-linux-64.lock | shasum -a 256 | cut -d' ' -f1)[0m
2025-01-13T17:43:04.6205576Z [36;1mecho "file_hash=$file_hash" >> "${GITHUB_OUTPUT}"[0m
2025-01-13T17:43:04.6231819Z shell: /usr/bin/bash --noprofile --norc -e -o pipefail {0}
2025-01-13T17:43:04.6232146Z env:
2025-01-13T17:43:04.6232318Z   CACHE_NUMBER: 0
2025-01-13T17:43:04.6232922Z   PYTEST_FLAGS: --tardis-regression-data=/home/runner/work/tardis/tardis/tardis-regression-data --cov=tardis --cov-report=xml --cov-report=html --cov-append
2025-01-13T17:43:04.6233571Z   CODECOV_TOKEN: 
2025-01-13T17:43:04.6233756Z ##[endgroup]
2025-01-13T17:43:04.6534086Z ##[group]Run mamba-org/setup-micromamba@v1
2025-01-13T17:43:04.6534354Z with:
2025-01-13T17:43:04.6534553Z   environment-file: conda-linux-64.lock
2025-01-13T17:43:04.6534980Z   cache-environment-key: d7cd390425b0fd3cf82649dcc003efba9915fb4928f15d342148c3ccffcbe2ee
2025-01-13T17:43:04.6535538Z   cache-downloads-key: d7cd390425b0fd3cf82649dcc003efba9915fb4928f15d342148c3ccffcbe2ee
2025-01-13T17:43:04.6535942Z   environment-name: tardis
2025-01-13T17:43:04.6536352Z   cache-environment: true
2025-01-13T17:43:04.6536585Z   cache-downloads: true
2025-01-13T17:43:04.6536974Z env:
2025-01-13T17:43:04.6537225Z   CACHE_NUMBER: 0
2025-01-13T17:43:04.6537832Z   PYTEST_FLAGS: --tardis-regression-data=/home/runner/work/tardis/tardis/tardis-regression-data --cov=tardis --cov-report=xml --cov-report=html --cov-append
2025-01-13T17:43:04.6538493Z   CODECOV_TOKEN: 
2025-01-13T17:43:04.6538690Z ##[endgroup]
2025-01-13T17:43:04.7895339Z Will download micromamba to /home/runner/micromamba-bin/micromamba
2025-01-13T17:43:04.7905985Z ##[group]Install micromamba
2025-01-13T17:43:05.0919573Z micromamba installed to /home/runner/micromamba-bin/micromamba
2025-01-13T17:43:05.0920428Z ##[endgroup]
2025-01-13T17:43:05.0921356Z Adding conda-forge to condarc channels ...
2025-01-13T17:43:05.0931264Z ##[group]Initialize micromamba for bash.
2025-01-13T17:43:05.0947939Z [command]/home/runner/micromamba-bin/micromamba shell init -s bash -r /home/runner/micromamba --log-level warning --rc-file /home/runner/work/_temp/setup-micromamba/.condarc
2025-01-13T17:43:05.1058521Z Modifying RC file "/home/runner/.bashrc"
2025-01-13T17:43:05.1059485Z Generating config for root prefix [1m"/home/runner/micromamba"[0m
2025-01-13T17:43:05.1060324Z Setting mamba executable to: [1m"/home/runner/micromamba-bin/micromamba"[0m
2025-01-13T17:43:05.1061075Z Adding (or replacing) the following in your "/home/runner/.bashrc" file
2025-01-13T17:43:05.1061531Z 
2025-01-13T17:43:05.1061673Z # >>> mamba initialize >>>
2025-01-13T17:43:05.1062154Z # !! Contents within this block are managed by 'mamba init' !!
2025-01-13T17:43:05.1062789Z export MAMBA_EXE='/home/runner/micromamba-bin/micromamba';
2025-01-13T17:43:05.1063380Z export MAMBA_ROOT_PREFIX='/home/runner/micromamba';
2025-01-13T17:43:05.1064153Z __mamba_setup="$("$MAMBA_EXE" shell hook --shell bash --root-prefix "$MAMBA_ROOT_PREFIX" 2> /dev/null)"
2025-01-13T17:43:05.1064879Z if [ $? -eq 0 ]; then
2025-01-13T17:43:05.1065214Z     eval "$__mamba_setup"
2025-01-13T17:43:05.1065637Z else
2025-01-13T17:43:05.1066419Z     alias micromamba="$MAMBA_EXE"  # Fallback on help from mamba activate
2025-01-13T17:43:05.1067199Z fi
2025-01-13T17:43:05.1067474Z unset __mamba_setup
2025-01-13T17:43:05.1067775Z # <<< mamba initialize <<<
2025-01-13T17:43:05.1067924Z 
2025-01-13T17:43:05.1078566Z Moving mamba initialize block to .bash_profile
2025-01-13T17:43:05.1091012Z ##[endgroup]
2025-01-13T17:43:05.1092392Z ##[group]Restoring downloads from `/home/runner/micromamba/pkgs` ...
2025-01-13T17:43:06.3506489Z Received 205520896 of 356800233 (57.6%), 195.0 MBs/sec
2025-01-13T17:43:06.8748317Z Cache Size: ~340 MB (356800233 B)
2025-01-13T17:43:06.8786700Z [command]/usr/bin/tar -xf /home/runner/work/_temp/60993a7e-edc6-494e-915e-85d275bc63fd/cache.tzst -P -C /home/runner/work/tardis/tardis --use-compress-program unzstd
2025-01-13T17:43:07.3516054Z Received 356800233 of 356800233 (100.0%), 169.5 MBs/sec
2025-01-13T17:43:07.3564341Z Cache restored successfully
2025-01-13T17:43:07.4308799Z Restored cache with key `d7cd390425b0fd3cf82649dcc003efba9915fb4928f15d342148c3ccffcbe2ee-linux-64`
2025-01-13T17:43:07.4310278Z ##[endgroup]
2025-01-13T17:43:07.4321806Z ##[group]Restoring environment `tardis` from `/home/runner/micromamba/envs/tardis` ...
2025-01-13T17:43:08.5625224Z Received 209715200 of 444592193 (47.2%), 200.0 MBs/sec
2025-01-13T17:43:09.4500056Z Cache Size: ~424 MB (444592193 B)
2025-01-13T17:43:09.4591136Z [command]/usr/bin/tar -xf /home/runner/work/_temp/1089fe41-a7c2-447e-a15c-326bf3bd53c2/cache.tzst -P -C /home/runner/work/tardis/tardis --use-compress-program unzstd
2025-01-13T17:43:09.5631614Z Received 444592193 of 444592193 (100.0%), 212.0 MBs/sec
2025-01-13T17:43:14.7680108Z Cache restored successfully
2025-01-13T17:43:14.8547453Z Restored cache with key `d7cd390425b0fd3cf82649dcc003efba9915fb4928f15d342148c3ccffcbe2ee-linux-64-tardis-args-4f53cda-root-dcc80ee-bin-[object Promise]-file-d7cd390425b0fd3cf82649dcc003efba9915fb4928f15d342148c3ccffcbe2ee`
2025-01-13T17:43:14.8550411Z ##[endgroup]
2025-01-13T17:43:14.8551206Z Adding environment tardis to auto-activate bash ...
2025-01-13T17:43:14.8555715Z Generating micromamba run shell.
2025-01-13T17:43:14.8567883Z ##[endgroup]
2025-01-13T17:43:14.8586363Z Set environment variables.
2025-01-13T17:43:14.8592376Z ##[group]micromamba info
2025-01-13T17:43:14.8594089Z [command]/home/runner/micromamba-bin/micromamba info -r /home/runner/micromamba -n tardis
2025-01-13T17:43:14.8829751Z 
2025-01-13T17:43:14.8830216Z        libmamba version : 1.5.10
2025-01-13T17:43:14.8830699Z      micromamba version : 1.5.10
2025-01-13T17:43:14.8831375Z            curl version : libcurl/8.10.1 OpenSSL/3.3.2 zlib/1.3.1 zstd/1.5.6 libssh2/1.11.0 nghttp2/1.58.0
2025-01-13T17:43:14.8832251Z      libarchive version : libarchive 3.7.4 zlib/1.2.13 bz2lib/1.0.8 libzstd/1.5.6
2025-01-13T17:43:14.8832930Z        envs directories : /home/runner/micromamba/envs
2025-01-13T17:43:14.8833423Z           package cache : /home/runner/micromamba/pkgs
2025-01-13T17:43:14.8833795Z                           /home/runner/.mamba/pkgs
2025-01-13T17:43:14.8834076Z             environment : tardis
2025-01-13T17:43:14.8920960Z            env location : /home/runner/micromamba/envs/tardis
2025-01-13T17:43:14.8921572Z       user config files : /home/runner/.mambarc
2025-01-13T17:43:14.8922261Z  populated config files : /home/runner/work/_temp/setup-micromamba/.condarc
2025-01-13T17:43:14.8922918Z        virtual packages : __unix=0=0
2025-01-13T17:43:14.8923353Z                           __linux=6.8.0=0
2025-01-13T17:43:14.8923790Z                           __glibc=2.39=0
2025-01-13T17:43:14.8924238Z                           __archspec=1=x86_64_v3
2025-01-13T17:43:14.8924849Z                channels : https://conda.anaconda.org/conda-forge/linux-64
2025-01-13T17:43:14.8925513Z                           https://conda.anaconda.org/conda-forge/noarch
2025-01-13T17:43:14.8926080Z        base environment : /home/runner/micromamba
2025-01-13T17:43:14.8926563Z                platform : linux-64
2025-01-13T17:43:14.8927989Z ##[endgroup]
2025-01-13T17:43:14.8928907Z ##[group]micromamba list
2025-01-13T17:43:14.8929980Z [command]/home/runner/micromamba-bin/micromamba list -r /home/runner/micromamba -n tardis
2025-01-13T17:43:15.4337271Z List of packages in environment: "/home/runner/micromamba/envs/tardis"
2025-01-13T17:43:15.4337842Z 
2025-01-13T17:43:15.4338105Z   Name                           Version              Build                    Channel    
2025-01-13T17:43:15.4339132Z â”€â”€â”€â”€â”€â”€â”€â”€â”€â”€â”€â”€â”€â”€â”€â”€â”€â”€â”€â”€â”€â”€â”€â”€â”€â”€â”€â”€â”€â”€â”€â”€â”€â”€â”€â”€â”€â”€â”€â”€â”€â”€â”€â”€â”€â”€â”€â”€â”€â”€â”€â”€â”€â”€â”€â”€â”€â”€â”€â”€â”€â”€â”€â”€â”€â”€â”€â”€â”€â”€â”€â”€â”€â”€â”€â”€â”€â”€â”€â”€â”€â”€â”€â”€â”€â”€â”€â”€â”€â”€â”€â”€
2025-01-13T17:43:15.4339785Z   _libgcc_mutex                  0.1                  conda_forge              conda-forge
2025-01-13T17:43:15.4340463Z   _openmp_mutex                  4.5                  2_gnu                    conda-forge
2025-01-13T17:43:15.4341107Z   alabaster                      0.7.16               pyhd8ed1ab_0             conda-forge
2025-01-13T17:43:15.4341677Z   anyio                          4.4.0                pyhd8ed1ab_0             conda-forge
2025-01-13T17:43:15.4343074Z   argon2-cffi                    23.1.0               pyhd8ed1ab_0             conda-forge
2025-01-13T17:43:15.4343745Z   argon2-cffi-bindings           21.2.0               py312h98912ed_4          conda-forge
2025-01-13T17:43:15.4344346Z   arrow                          1.3.0                pyhd8ed1ab_0             conda-forge
2025-01-13T17:43:15.4344891Z   astropy                        6.1.1                py312h085067d_0          conda-forge
2025-01-13T17:43:15.4345519Z   astropy-iers-data              0.2024.6.17.0.31.35  pyhd8ed1ab_0             conda-forge
2025-01-13T17:43:15.4346287Z   astropy-sphinx-theme           1.1                  pyhd8ed1ab_0             conda-forge
2025-01-13T17:43:15.4347204Z   asttokens                      2.4.1                pyhd8ed1ab_0             conda-forge
2025-01-13T17:43:15.4347838Z   async-lru                      2.0.4                pyhd8ed1ab_0             conda-forge
2025-01-13T17:43:15.4348823Z   atk-1.0                        2.38.0               h04ea711_2               conda-forge
2025-01-13T17:43:15.4349389Z   attrs                          23.2.0               pyh71513ae_0             conda-forge
2025-01-13T17:43:15.4349904Z   babel                          2.14.0               pyhd8ed1ab_0             conda-forge
2025-01-13T17:43:15.4350497Z   beautifulsoup4                 4.12.3               pyha770c72_0             conda-forge
2025-01-13T17:43:15.4351088Z   bleach                         6.1.0                pyhd8ed1ab_0             conda-forge
2025-01-13T17:43:15.4351653Z   blosc                          1.21.5               hc2324a3_1               conda-forge
2025-01-13T17:43:15.4352206Z   brotli                         1.1.0                hd590300_1               conda-forge
2025-01-13T17:43:15.4352795Z   brotli-bin                     1.1.0                hd590300_1               conda-forge
2025-01-13T17:43:15.4353431Z   brotli-python                  1.1.0                py312h30efb56_1          conda-forge
2025-01-13T17:43:15.4354065Z   bzip2                          1.0.8                hd590300_5               conda-forge
2025-01-13T17:43:15.4354614Z   c-ares                         1.28.1               hd590300_0               conda-forge
2025-01-13T17:43:15.4355164Z   c-blosc2                       2.14.4               hb4ffafa_1               conda-forge
2025-01-13T17:43:15.4355807Z   ca-certificates                2024.6.2             hbcca054_0               conda-forge
2025-01-13T17:43:15.4356493Z   cached-property                1.5.2                hd8ed1ab_1               conda-forge
2025-01-13T17:43:15.4357393Z   cached_property                1.5.2                pyha770c72_1             conda-forge
2025-01-13T17:43:15.4358018Z   cairo                          1.18.0               h3faef2a_0               conda-forge
2025-01-13T17:43:15.4358615Z   certifi                        2024.6.2             pyhd8ed1ab_0             conda-forge
2025-01-13T17:43:15.4359451Z   cffi                           1.16.0               py312hf06ca03_0          conda-forge
2025-01-13T17:43:15.4360122Z   charset-normalizer             3.3.2                pyhd8ed1ab_0             conda-forge
2025-01-13T17:43:15.4360782Z   click                          8.1.7                unix_pyh707e725_0        conda-forge
2025-01-13T17:43:15.4361392Z   codespell                      2.3.0                pyhd8ed1ab_0             conda-forge
2025-01-13T17:43:15.4362018Z   colorama                       0.4.6                pyhd8ed1ab_0             conda-forge
2025-01-13T17:43:15.4362604Z   comm                           0.2.2                pyhd8ed1ab_0             conda-forge
2025-01-13T17:43:15.4363201Z   commonmark                     0.9.1                py_0                     conda-forge
2025-01-13T17:43:15.4363827Z   contourpy                      1.2.1                py312h8572e83_0          conda-forge
2025-01-13T17:43:15.4364453Z   coverage                       7.5.3                py312h9a8786e_0          conda-forge
2025-01-13T17:43:15.4365050Z   cycler                         0.12.1               pyhd8ed1ab_0             conda-forge
2025-01-13T17:43:15.4365624Z   dataclasses                    0.8                  pyhc8e2a94_3             conda-forge
2025-01-13T17:43:15.4366245Z   debugpy                        1.8.1                py312h30efb56_0          conda-forge
2025-01-13T17:43:15.4367026Z   decorator                      5.1.1                pyhd8ed1ab_0             conda-forge
2025-01-13T17:43:15.4367667Z   defusedxml                     0.7.1                pyhd8ed1ab_0             conda-forge
2025-01-13T17:43:15.4368304Z   docutils                       0.20.1               py312h7900ff3_3          conda-forge
2025-01-13T17:43:15.4368911Z   dot2tex                        2.11.3               pyhd8ed1ab_0             conda-forge
2025-01-13T17:43:15.4369536Z   entrypoints                    0.4                  pyhd8ed1ab_0             conda-forge
2025-01-13T17:43:15.4370225Z   exceptiongroup                 1.2.0                pyhd8ed1ab_2             conda-forge
2025-01-13T17:43:15.4371062Z   executing                      2.0.1                pyhd8ed1ab_0             conda-forge
2025-01-13T17:43:15.4371663Z   expat                          2.6.2                h59595ed_0               conda-forge
2025-01-13T17:43:15.4372339Z   font-ttf-dejavu-sans-mono      2.37                 hab24e00_0               conda-forge
2025-01-13T17:43:15.4373104Z   font-ttf-inconsolata           3.000                h77eed37_0               conda-forge
2025-01-13T17:43:15.4373871Z   font-ttf-source-code-pro       2.038                h77eed37_0               conda-forge
2025-01-13T17:43:15.4374587Z   font-ttf-ubuntu                0.83                 h77eed37_2               conda-forge
2025-01-13T17:43:15.4375242Z   fontconfig                     2.14.2               h14ed4e7_0               conda-forge
2025-01-13T17:43:15.4375927Z   fonts-conda-ecosystem          1                    0                        conda-forge
2025-01-13T17:43:15.4376642Z   fonts-conda-forge              1                    0                        conda-forge
2025-01-13T17:43:15.4377434Z   fonttools                      4.53.0               py312h9a8786e_0          conda-forge
2025-01-13T17:43:15.4378037Z   fqdn                           1.5.1                pyhd8ed1ab_0             conda-forge
2025-01-13T17:43:15.4379341Z   freetype                       2.12.1               h267a509_2               conda-forge
2025-01-13T17:43:15.4380020Z   fribidi                        1.0.10               h36c2ea0_0               conda-forge
2025-01-13T17:43:15.4380614Z   future                         1.0.0                pyhd8ed1ab_0             conda-forge
2025-01-13T17:43:15.4381234Z   gdk-pixbuf                     2.42.12              hb9ae30d_0               conda-forge
2025-01-13T17:43:15.4381967Z   giflib                         5.2.2                hd590300_0               conda-forge
2025-01-13T17:43:15.4383008Z   git-lfs                        3.5.1                ha770c72_0               conda-forge
2025-01-13T17:43:15.4383655Z   gmp                            6.3.0                h59595ed_1               conda-forge
2025-01-13T17:43:15.4384250Z   gmpy2                          2.1.5                py312h1d5cde6_1          conda-forge
2025-01-13T17:43:15.4384809Z   graphite2                      1.3.13               h59595ed_1003            conda-forge
2025-01-13T17:43:15.4385427Z   graphviz                       11.0.0               hc68bbd7_0               conda-forge
2025-01-13T17:43:15.4386040Z   gtk2                           2.24.33              h280cfa0_4               conda-forge
2025-01-13T17:43:15.4386643Z   gts                            0.7.6                h977cf35_4               conda-forge
2025-01-13T17:43:15.4387431Z   h11                            0.14.0               pyhd8ed1ab_0             conda-forge
2025-01-13T17:43:15.4387998Z   h2                             4.1.0                pyhd8ed1ab_0             conda-forge
2025-01-13T17:43:15.4388596Z   h5py                           3.11.0               nompi_py312hb7ab980_102  conda-forge
2025-01-13T17:43:15.4389201Z   harfbuzz                       8.5.0                hfac3d4d_0               conda-forge
2025-01-13T17:43:15.4389774Z   hdf5                           1.14.3               nompi_hdf9ad27_105       conda-forge
2025-01-13T17:43:15.4390320Z   hpack                          4.0.0                pyh9f0ad1d_0             conda-forge
2025-01-13T17:43:15.4390884Z   httpcore                       1.0.5                pyhd8ed1ab_0             conda-forge
2025-01-13T17:43:15.4391458Z   httpx                          0.27.0               pyhd8ed1ab_0             conda-forge
2025-01-13T17:43:15.4392957Z   hyperframe                     6.0.1                pyhd8ed1ab_0             conda-forge
2025-01-13T17:43:15.4393606Z   icu                            73.2                 h59595ed_0               conda-forge
2025-01-13T17:43:15.4394183Z   idna                           3.7                  pyhd8ed1ab_0             conda-forge
2025-01-13T17:43:15.4395305Z   imagesize                      1.4.1                pyhd8ed1ab_0             conda-forge
2025-01-13T17:43:15.4395974Z   importlib-metadata             7.1.0                pyha770c72_0             conda-forge
2025-01-13T17:43:15.4396707Z   importlib_metadata             7.1.0                hd8ed1ab_0               conda-forge
2025-01-13T17:43:15.4397674Z   importlib_resources            6.4.0                pyhd8ed1ab_0             conda-forge
2025-01-13T17:43:15.4398348Z   iniconfig                      2.0.0                pyhd8ed1ab_0             conda-forge
2025-01-13T17:43:15.4398757Z   ipykernel                      6.29.4               pyh3099207_0             conda-forge
2025-01-13T17:43:15.4399142Z   ipython                        8.25.0               pyh707e725_0             conda-forge
2025-01-13T17:43:15.4399523Z   ipython_genutils               0.2.0                pyhd8ed1ab_1             conda-forge
2025-01-13T17:43:15.4399931Z   ipywidgets                     7.8.0                pyhd8ed1ab_0             conda-forge
2025-01-13T17:43:15.4400308Z   isoduration                    20.11.0              pyhd8ed1ab_0             conda-forge
2025-01-13T17:43:15.4400667Z   jedi                           0.19.1               pyhd8ed1ab_0             conda-forge
2025-01-13T17:43:15.4401005Z   jinja2                         3.1.4                pyhd8ed1ab_0             conda-forge
2025-01-13T17:43:15.4401343Z   json5                          0.9.25               pyhd8ed1ab_0             conda-forge
2025-01-13T17:43:15.4401704Z   jsonpointer                    3.0.0                py312h7900ff3_0          conda-forge
2025-01-13T17:43:15.4402078Z   jsonschema                     4.22.0               pyhd8ed1ab_0             conda-forge
2025-01-13T17:43:15.4402511Z   jsonschema-specifications      2023.12.1            pyhd8ed1ab_0             conda-forge
2025-01-13T17:43:15.4403175Z   jsonschema-with-format-nongpl  4.22.0               pyhd8ed1ab_0             conda-forge
2025-01-13T17:43:15.4403637Z   jupyter-lsp                    2.2.5                pyhd8ed1ab_0             conda-forge
2025-01-13T17:43:15.4404016Z   jupyter_client                 8.6.2                pyhd8ed1ab_0             conda-forge
2025-01-13T17:43:15.4404394Z   jupyter_core                   5.7.2                py312h7900ff3_0          conda-forge
2025-01-13T17:43:15.4404770Z   jupyter_events                 0.10.0               pyhd8ed1ab_0             conda-forge
2025-01-13T17:43:15.4405154Z   jupyter_server                 2.14.1               pyhd8ed1ab_0             conda-forge
2025-01-13T17:43:15.4405565Z   jupyter_server_terminals       0.5.3                pyhd8ed1ab_0             conda-forge
2025-01-13T17:43:15.4405971Z   jupyterlab                     4.2.2                pyhd8ed1ab_0             conda-forge
2025-01-13T17:43:15.4406575Z   jupyterlab_pygments            0.3.0                pyhd8ed1ab_1             conda-forge
2025-01-13T17:43:15.4407492Z   jupyterlab_server              2.27.2               pyhd8ed1ab_0             conda-forge
2025-01-13T17:43:15.4408198Z   jupyterlab_widgets             1.1.7                pyhd8ed1ab_0             conda-forge
2025-01-13T17:43:15.4408855Z   keyutils                       1.6.1                h166bdaf_0               conda-forge
2025-01-13T17:43:15.4409467Z   kiwisolver                     1.4.5                py312h8572e83_1          conda-forge
2025-01-13T17:43:15.4410055Z   krb5                           1.21.2               h659d440_0               conda-forge
2025-01-13T17:43:15.4410641Z   latexcodec                     2.0.1                pyh9f0ad1d_0             conda-forge
2025-01-13T17:43:15.4411240Z   lcms2                          2.16                 hb7c19ff_0               conda-forge
2025-01-13T17:43:15.4411832Z   ld_impl_linux-64               2.40                 hf3520f5_7               conda-forge
2025-01-13T17:43:15.4412420Z   lerc                           4.0.0                h27087fc_0               conda-forge
2025-01-13T17:43:15.4413155Z   libaec                         1.1.3                h59595ed_0               conda-forge
2025-01-13T17:43:15.4413741Z   libblas                        3.9.0                22_linux64_openblas      conda-forge
2025-01-13T17:43:15.4414386Z   libbrotlicommon                1.1.0                hd590300_1               conda-forge
2025-01-13T17:43:15.4415047Z   libbrotlidec                   1.1.0                hd590300_1               conda-forge
2025-01-13T17:43:15.4415680Z   libbrotlienc                   1.1.0                hd590300_1               conda-forge
2025-01-13T17:43:15.4416300Z   libcblas                       3.9.0                22_linux64_openblas      conda-forge
2025-01-13T17:43:15.4417045Z   libcurl                        8.8.0                hca28451_0               conda-forge
2025-01-13T17:43:15.4417649Z   libdeflate                     1.20                 hd590300_0               conda-forge
2025-01-13T17:43:15.4418282Z   libedit                        3.1.20191231         he28a2e2_2               conda-forge
2025-01-13T17:43:15.4418874Z   libev                          4.33                 hd590300_2               conda-forge
2025-01-13T17:43:15.4419445Z   libexpat                       2.6.2                h59595ed_0               conda-forge
2025-01-13T17:43:15.4420131Z   libffi                         3.4.2                h7f98852_5               conda-forge
2025-01-13T17:43:15.4421447Z   libgcc-ng                      13.2.0               h77fa898_10              conda-forge
2025-01-13T17:43:15.4422040Z   libgd                          2.3.3                h119a65a_9               conda-forge
2025-01-13T17:43:15.4422657Z   libgfortran-ng                 13.2.0               h69a702a_10              conda-forge
2025-01-13T17:43:15.4423336Z   libgfortran5                   13.2.0               h3d2ce59_10              conda-forge
2025-01-13T17:43:15.4423972Z   libglib                        2.80.2               h8a4344b_1               conda-forge
2025-01-13T17:43:15.4424739Z   libgomp                        13.2.0               h77fa898_10              conda-forge
2025-01-13T17:43:15.4425310Z   libiconv                       1.17                 hd590300_2               conda-forge
2025-01-13T17:43:15.4425889Z   libjpeg-turbo                  3.0.0                hd590300_1               conda-forge
2025-01-13T17:43:15.4426489Z   liblapack                      3.9.0                22_linux64_openblas      conda-forge
2025-01-13T17:43:15.4427234Z   libllvm14                      14.0.6               hcd5def8_4               conda-forge
2025-01-13T17:43:15.4427819Z   libnghttp2                     1.58.0               h47da74e_1               conda-forge
2025-01-13T17:43:15.4428373Z   libnsl                         2.0.1                hd590300_0               conda-forge
2025-01-13T17:43:15.4428950Z   libopenblas                    0.3.27               pthreads_h413a1c8_0      conda-forge
2025-01-13T17:43:15.4429560Z   libpng                         1.6.43               h2797004_0               conda-forge
2025-01-13T17:43:15.4430161Z   librsvg                        2.58.1               hadf69e7_0               conda-forge
2025-01-13T17:43:15.4430745Z   libsodium                      1.0.18               h36c2ea0_1               conda-forge
2025-01-13T17:43:15.4431318Z   libsqlite                      3.46.0               hde9e2c9_0               conda-forge
2025-01-13T17:43:15.4431882Z   libssh2                        1.11.0               h0841786_0               conda-forge
2025-01-13T17:43:15.4432487Z   libstdcxx-ng                   13.2.0               hc0a3c3a_10              conda-forge
2025-01-13T17:43:15.4433100Z   libtiff                        4.6.0                h1dd3fc0_3               conda-forge
2025-01-13T17:43:15.4433673Z   libuuid                        2.38.1               h0b41bf4_0               conda-forge
2025-01-13T17:43:15.4434248Z   libwebp                        1.4.0                h2c329e2_0               conda-forge
2025-01-13T17:43:15.4435018Z   libwebp-base                   1.4.0                hd590300_0               conda-forge
2025-01-13T17:43:15.4435612Z   libxcb                         1.15                 h0b41bf4_0               conda-forge
2025-01-13T17:43:15.4436192Z   libxcrypt                      4.4.36               hd590300_1               conda-forge
2025-01-13T17:43:15.4436948Z   libxml2                        2.12.7               hc051c1a_1               conda-forge
2025-01-13T17:43:15.4437545Z   libxslt                        1.1.39               h76b75d6_0               conda-forge
2025-01-13T17:43:15.4438127Z   libzlib                        1.3.1                h4ab18f5_1               conda-forge
2025-01-13T17:43:15.4438717Z   llvmlite                       0.42.0               py312hb06c811_1          conda-forge
2025-01-13T17:43:15.4439288Z   lxml                           5.2.2                py312hb90d8a5_0          conda-forge
2025-01-13T17:43:15.4439850Z   lz4-c                          1.9.4                hcb278e6_0               conda-forge
2025-01-13T17:43:15.4440395Z   lzo                            2.10                 hd590300_1001            conda-forge
2025-01-13T17:43:15.4440988Z   markupsafe                     2.1.5                py312h98912ed_0          conda-forge
2025-01-13T17:43:15.4441641Z   matplotlib-base                3.8.4                py312h20ab3a6_2          conda-forge
2025-01-13T17:43:15.4442347Z   matplotlib-inline              0.1.7                pyhd8ed1ab_0             conda-forge
2025-01-13T17:43:15.4443002Z   mistune                        3.0.2                pyhd8ed1ab_0             conda-forge
2025-01-13T17:43:15.4443567Z   mpc                            1.3.1                hfe3b2da_0               conda-forge
2025-01-13T17:43:15.4444115Z   mpfr                           4.2.1                h9458935_1               conda-forge
2025-01-13T17:43:15.4444674Z   mpmath                         1.3.0                pyhd8ed1ab_0             conda-forge
2025-01-13T17:43:15.4445458Z   munkres                        1.1.4                pyh9f0ad1d_0             conda-forge
2025-01-13T17:43:15.4446080Z   mypy_extensions                1.0.0                pyha770c72_0             conda-forge
2025-01-13T17:43:15.4446711Z   nbclassic                      1.1.0                pyhd8ed1ab_0             conda-forge
2025-01-13T17:43:15.4447515Z   nbclient                       0.10.0               pyhd8ed1ab_0             conda-forge
2025-01-13T17:43:15.4448129Z   nbconvert                      7.16.4               hd8ed1ab_1               conda-forge
2025-01-13T17:43:15.4448782Z   nbconvert-core                 7.16.4               pyhd8ed1ab_1             conda-forge
2025-01-13T17:43:15.4449472Z   nbconvert-pandoc               7.16.4               hd8ed1ab_1               conda-forge
2025-01-13T17:43:15.4450141Z   nbformat                       5.10.4               pyhd8ed1ab_0             conda-forge
2025-01-13T17:43:15.4450773Z   nbsphinx                       0.9.4                pyhd8ed1ab_0             conda-forge
2025-01-13T17:43:15.4451388Z   ncurses                        6.5                  h59595ed_0               conda-forge
2025-01-13T17:43:15.4452023Z   nest-asyncio                   1.6.0                pyhd8ed1ab_0             conda-forge
2025-01-13T17:43:15.4452655Z   networkx                       3.3                  pyhd8ed1ab_1             conda-forge
2025-01-13T17:43:15.4453239Z   nomkl                          1.0                  h5ca1d4c_0               conda-forge
2025-01-13T17:43:15.4453830Z   notebook                       7.2.1                pyhd8ed1ab_0             conda-forge
2025-01-13T17:43:15.4455132Z   notebook-shim                  0.2.4                pyhd8ed1ab_0             conda-forge
2025-01-13T17:43:15.4455768Z   numba                          0.59.1               py312hacefee8_0          conda-forge
2025-01-13T17:43:15.4456376Z   numexpr                        2.10.0               py312hf412c99_100        conda-forge
2025-01-13T17:43:15.4457320Z   numpy                          1.26.4               py312heda63a1_0          conda-forge
2025-01-13T17:43:15.4457933Z   numpydoc                       1.7.0                pyhd8ed1ab_1             conda-forge
2025-01-13T17:43:15.4458553Z   openjpeg                       2.5.2                h488ebb8_0               conda-forge
2025-01-13T17:43:15.4459157Z   openssl                        3.3.1                h4ab18f5_0               conda-forge
2025-01-13T17:43:15.4459772Z   overrides                      7.7.0                pyhd8ed1ab_0             conda-forge
2025-01-13T17:43:15.4460403Z   packaging                      24.1                 pyhd8ed1ab_0             conda-forge
2025-01-13T17:43:15.4461011Z   pandas                         2.2.2                py312h1d6d2e6_1          conda-forge
2025-01-13T17:43:15.4461593Z   pandoc                         3.2                  ha770c72_0               conda-forge
2025-01-13T17:43:15.4462220Z   pandocfilters                  1.5.0                pyhd8ed1ab_0             conda-forge
2025-01-13T17:43:15.4462832Z   pango                          1.54.0               h84a9a3c_0               conda-forge
2025-01-13T17:43:15.4463417Z   parso                          0.8.4                pyhd8ed1ab_0             conda-forge
2025-01-13T17:43:15.4464017Z   pathspec                       0.12.1               pyhd8ed1ab_0             conda-forge
2025-01-13T17:43:15.4464612Z   pbr                            6.0.0                pyhd8ed1ab_0             conda-forge
2025-01-13T17:43:15.4465171Z   pcre2                          10.44                h0f59acf_0               conda-forge
2025-01-13T17:43:15.4465766Z   pexpect                        4.9.0                pyhd8ed1ab_0             conda-forge
2025-01-13T17:43:15.4466391Z   pickleshare                    0.7.5                py_1003                  conda-forge
2025-01-13T17:43:15.4467223Z   pillow                         10.3.0               py312hdcec9eb_0          conda-forge
2025-01-13T17:43:15.4467995Z   pip                            24.0                 pyhd8ed1ab_0             conda-forge
2025-01-13T17:43:15.4468568Z   pixman                         0.43.2               h59595ed_0               conda-forge
2025-01-13T17:43:15.4469237Z   pkgutil-resolve-name           1.3.10               pyhd8ed1ab_1             conda-forge
2025-01-13T17:43:15.4469944Z   platformdirs                   4.2.2                pyhd8ed1ab_0             conda-forge
2025-01-13T17:43:15.4470574Z   plotly                         5.22.0               pyhd8ed1ab_0             conda-forge
2025-01-13T17:43:15.4471166Z   pluggy                         1.5.0                pyhd8ed1ab_0             conda-forge
2025-01-13T17:43:15.4471815Z   prometheus_client              0.20.0               pyhd8ed1ab_0             conda-forge
2025-01-13T17:43:15.4472514Z   prompt-toolkit                 3.0.47               pyha770c72_0             conda-forge
2025-01-13T17:43:15.4473129Z   psutil                         5.9.8                py312h98912ed_0          conda-forge
2025-01-13T17:43:15.4473721Z   pthread-stubs                  0.4                  h36c2ea0_1001            conda-forge
2025-01-13T17:43:15.4474330Z   ptyprocess                     0.7.0                pyhd3deb0d_0             conda-forge
2025-01-13T17:43:15.4474922Z   pure_eval                      0.2.2                pyhd8ed1ab_0             conda-forge
2025-01-13T17:43:15.4475506Z   py-cpuinfo                     9.0.0                pyhd8ed1ab_0             conda-forge
2025-01-13T17:43:15.4476096Z   pybtex                         0.24.0               pyhd8ed1ab_2             conda-forge
2025-01-13T17:43:15.4476700Z   pybtex-docutils                1.0.3                py312h7900ff3_1          conda-forge
2025-01-13T17:43:15.4477562Z   pycparser                      2.22                 pyhd8ed1ab_0             conda-forge
2025-01-13T17:43:15.4478149Z   pyerfa                         2.0.1.4              py312h085067d_1          conda-forge
2025-01-13T17:43:15.4478898Z   pygments                       2.18.0               pyhd8ed1ab_0             conda-forge
2025-01-13T17:43:15.4479521Z   pygraphviz                     1.13                 py312h4a1d8a7_1          conda-forge
2025-01-13T17:43:15.4480159Z   pyparsing                      3.1.2                pyhd8ed1ab_0             conda-forge
2025-01-13T17:43:15.4480786Z   pysocks                        1.7.1                pyha2e5f31_6             conda-forge
2025-01-13T17:43:15.4481368Z   pytables                       3.9.2                py312h96d95ec_2          conda-forge
2025-01-13T17:43:15.4481949Z   pytest                         8.2.2                pyhd8ed1ab_0             conda-forge
2025-01-13T17:43:15.4482573Z   pytest-cov                     5.0.0                pyhd8ed1ab_0             conda-forge
2025-01-13T17:43:15.4483269Z   pytest-doctestplus             1.2.1                pyhd8ed1ab_0             conda-forge
2025-01-13T17:43:15.4483952Z   pytest-html                    4.1.1                pyhd8ed1ab_0             conda-forge
2025-01-13T17:43:15.4484635Z   pytest-metadata                3.1.1                pyhd8ed1ab_0             conda-forge
2025-01-13T17:43:15.4485292Z   python                         3.12.4               h194c7f8_0_cpython       conda-forge
2025-01-13T17:43:15.4485940Z   python-dateutil                2.9.0                pyhd8ed1ab_0             conda-forge
2025-01-13T17:43:15.4486675Z   python-fastjsonschema          2.20.0               pyhd8ed1ab_0             conda-forge
2025-01-13T17:43:15.4487578Z   python-json-logger             2.0.7                pyhd8ed1ab_0             conda-forge
2025-01-13T17:43:15.4488302Z   python-tzdata                  2024.1               pyhd8ed1ab_0             conda-forge
2025-01-13T17:43:15.4488955Z   python_abi                     3.12                 4_cp312                  conda-forge
2025-01-13T17:43:15.4489560Z   pytz                           2024.1               pyhd8ed1ab_0             conda-forge
2025-01-13T17:43:15.4490319Z   pyyaml                         6.0.1                py312h98912ed_1          conda-forge
2025-01-13T17:43:15.4490922Z   pyzmq                          26.0.3               py312h8fd38d8_0          conda-forge
2025-01-13T17:43:15.4491507Z   qgrid                          1.3.1                pyhd8ed1ab_4             conda-forge
2025-01-13T17:43:15.4492180Z   radioactivedecay               0.5.1                pyhd8ed1ab_0             conda-forge
2025-01-13T17:43:15.4493567Z   readline                       8.2                  h8228510_1               conda-forge
2025-01-13T17:43:15.4494217Z   recommonmark                   0.7.1                pyhd8ed1ab_0             conda-forge
2025-01-13T17:43:15.4494897Z   referencing                    0.35.1               pyhd8ed1ab_0             conda-forge
2025-01-13T17:43:15.4495528Z   requests                       2.32.3               pyhd8ed1ab_0             conda-forge
2025-01-13T17:43:15.4496204Z   rfc3339-validator              0.1.4                pyhd8ed1ab_0             conda-forge
2025-01-13T17:43:15.4497121Z   rfc3986-validator              0.1.1                pyh9f0ad1d_0             conda-forge
2025-01-13T17:43:15.4497793Z   rpds-py                        0.18.1               py312h4413252_0          conda-forge
2025-01-13T17:43:15.4498388Z   ruff                           0.4.9                py312h5715c7c_0          conda-forge
2025-01-13T17:43:15.4498972Z   scipy                          1.13.1               py312hc2bc53b_0          conda-forge
2025-01-13T17:43:15.4499595Z   send2trash                     1.8.3                pyh0d859eb_0             conda-forge
2025-01-13T17:43:15.4500392Z   setuptools                     70.0.0               pyhd8ed1ab_0             conda-forge
2025-01-13T17:43:15.4501052Z   setuptools-scm                 8.1.0                pyhd8ed1ab_0             conda-forge
2025-01-13T17:43:15.4501732Z   setuptools_scm                 8.1.0                hd8ed1ab_0               conda-forge
2025-01-13T17:43:15.4502656Z   six                            1.16.0               pyh6c4a22f_0             conda-forge
2025-01-13T17:43:15.4503261Z   snakeviz                       2.2.0                pyhd8ed1ab_0             conda-forge
2025-01-13T17:43:15.4503884Z   snappy                         1.2.0                hdb0a2a9_1               conda-forge
2025-01-13T17:43:15.4504491Z   sniffio                        1.3.1                pyhd8ed1ab_0             conda-forge
2025-01-13T17:43:15.4505127Z   snowballstemmer                2.2.0                pyhd8ed1ab_0             conda-forge
2025-01-13T17:43:15.4505770Z   soupsieve                      2.5                  pyhd8ed1ab_1             conda-forge
2025-01-13T17:43:15.4506366Z   sphinx                         7.3.7                pyhd8ed1ab_0             conda-forge
2025-01-13T17:43:15.4507149Z   sphinx-astropy                 1.9.1                pyhd8ed1ab_0             conda-forge
2025-01-13T17:43:15.4507826Z   sphinx-automodapi              0.17.0               pyh717bed2_1             conda-forge
2025-01-13T17:43:15.4508521Z   sphinx-gallery                 0.16.0               pyhd8ed1ab_0             conda-forge
2025-01-13T17:43:15.4509212Z   sphinx-jsonschema              1.19.1               pyhd8ed1ab_0             conda-forge
2025-01-13T17:43:15.4509939Z   sphinx_bootstrap_theme         0.8.1                pyhd8ed1ab_0             conda-forge
2025-01-13T17:43:15.4510636Z   sphinx_rtd_theme               2.0.0                pyha770c72_0             conda-forge
2025-01-13T17:43:15.4511333Z   sphinxcontrib-apidoc           0.3.0                py_1                     conda-forge
2025-01-13T17:43:15.4512109Z   sphinxcontrib-applehelp        1.0.8                pyhd8ed1ab_0             conda-forge
2025-01-13T17:43:15.4512823Z   sphinxcontrib-bibtex           2.6.2                pyhd8ed1ab_0             conda-forge
2025-01-13T17:43:15.4513558Z   sphinxcontrib-devhelp          1.0.6                pyhd8ed1ab_0             conda-forge
2025-01-13T17:43:15.4514462Z   sphinxcontrib-htmlhelp         2.0.5                pyhd8ed1ab_0             conda-forge
2025-01-13T17:43:15.4515202Z   sphinxcontrib-jquery           4.1                  pyhd8ed1ab_0             conda-forge
2025-01-13T17:43:15.4515928Z   sphinxcontrib-jsmath           1.0.1                pyhd8ed1ab_0             conda-forge
2025-01-13T17:43:15.4516662Z   sphinxcontrib-qthelp           1.0.7                pyhd8ed1ab_0             conda-forge
2025-01-13T17:43:15.4517661Z   sphinxcontrib-serializinghtml  1.1.10               pyhd8ed1ab_0             conda-forge
2025-01-13T17:43:15.4518443Z   stack_data                     0.6.2                pyhd8ed1ab_0             conda-forge
2025-01-13T17:43:15.4519048Z   sympy                          1.12.1               pypyh2585a3b_103         conda-forge
2025-01-13T17:43:15.4519650Z   tabulate                       0.9.0                pyhd8ed1ab_1             conda-forge
2025-01-13T17:43:15.4520278Z   tenacity                       8.4.1                pyhd8ed1ab_0             conda-forge
2025-01-13T17:43:15.4520930Z   terminado                      0.18.1               pyh0d859eb_0             conda-forge
2025-01-13T17:43:15.4521562Z   tinycss2                       1.3.0                pyhd8ed1ab_0             conda-forge
2025-01-13T17:43:15.4522140Z   tk                             8.6.13               noxft_h4845f30_101       conda-forge
2025-01-13T17:43:15.4522710Z   toml                           0.10.2               pyhd8ed1ab_0             conda-forge
2025-01-13T17:43:15.4523294Z   tomli                          2.0.1                pyhd8ed1ab_0             conda-forge
2025-01-13T17:43:15.4523882Z   tornado                        6.4.1                py312h9a8786e_0          conda-forge
2025-01-13T17:43:15.4524470Z   tqdm                           4.66.4               pyhd8ed1ab_0             conda-forge
2025-01-13T17:43:15.4525064Z   traitlets                      5.14.3               pyhd8ed1ab_0             conda-forge
2025-01-13T17:43:15.4525694Z   typed-ast                      1.5.5                py312h98912ed_1          conda-forge
2025-01-13T17:43:15.4526538Z   types-python-dateutil          2.9.0.20240316       pyhd8ed1ab_0             conda-forge
2025-01-13T17:43:15.4527438Z   typing-extensions              4.12.2               hd8ed1ab_0               conda-forge
2025-01-13T17:43:15.4528118Z   typing_extensions              4.12.2               pyha770c72_0             conda-forge
2025-01-13T17:43:15.4528785Z   typing_utils                   0.1.0                pyhd8ed1ab_0             conda-forge
2025-01-13T17:43:15.4529407Z   tzdata                         2024a                h0c530f3_0               conda-forge
2025-01-13T17:43:15.4530019Z   uri-template                   1.3.0                pyhd8ed1ab_0             conda-forge
2025-01-13T17:43:15.4530664Z   urllib3                        2.2.2                pyhd8ed1ab_0             conda-forge
2025-01-13T17:43:15.4531244Z   wcwidth                        0.2.13               pyhd8ed1ab_0             conda-forge
2025-01-13T17:43:15.4531904Z   webcolors                      24.6.0               pyhd8ed1ab_0             conda-forge
2025-01-13T17:43:15.4532338Z   webencodings                   0.5.1                pyhd8ed1ab_2             conda-forge
2025-01-13T17:43:15.4532739Z   websocket-client               1.8.0                pyhd8ed1ab_0             conda-forge
2025-01-13T17:43:15.4533119Z   wheel                          0.43.0               pyhd8ed1ab_1             conda-forge
2025-01-13T17:43:15.4533502Z   widgetsnbextension             3.6.6                pyhd8ed1ab_0             conda-forge
2025-01-13T17:43:15.4533906Z   xorg-kbproto                   1.0.7                h7f98852_1002            conda-forge
2025-01-13T17:43:15.4534279Z   xorg-libice                    1.1.1                hd590300_0               conda-forge
2025-01-13T17:43:15.4534643Z   xorg-libsm                     1.2.4                h7391055_0               conda-forge
2025-01-13T17:43:15.4535198Z   xorg-libx11                    1.8.9                h8ee46fc_0               conda-forge
2025-01-13T17:43:15.4535611Z   xorg-libxau                    1.0.11               hd590300_0               conda-forge
2025-01-13T17:43:15.4535995Z   xorg-libxdmcp                  1.1.3                h7f98852_0               conda-forge
2025-01-13T17:43:15.4536400Z   xorg-libxext                   1.3.4                h0b41bf4_2               conda-forge
2025-01-13T17:43:15.4536980Z   xorg-libxrender                0.9.11               hd590300_0               conda-forge
2025-01-13T17:43:15.4537472Z   xorg-renderproto               0.11.1               h7f98852_1002            conda-forge
2025-01-13T17:43:15.4537890Z   xorg-xextproto                 7.3.0                h0b41bf4_1003            conda-forge
2025-01-13T17:43:15.4538275Z   xorg-xproto                    7.0.31               h7f98852_1007            conda-forge
2025-01-13T17:43:15.4538622Z   xz                             5.2.6                h166bdaf_0               conda-forge
2025-01-13T17:43:15.4538958Z   yaml                           0.2.5                h7f98852_2               conda-forge
2025-01-13T17:43:15.4539294Z   zeromq                         4.3.5                h75354e8_4               conda-forge
2025-01-13T17:43:15.4539648Z   zipp                           3.19.2               pyhd8ed1ab_0             conda-forge
2025-01-13T17:43:15.4539984Z   zlib                           1.3.1                h4ab18f5_1               conda-forge
2025-01-13T17:43:15.4540316Z   zlib-ng                        2.0.7                h0b41bf4_0               conda-forge
2025-01-13T17:43:15.4540652Z   zstd                           1.5.6                ha6fb4c9_0               conda-forge
2025-01-13T17:43:15.4541208Z ##[endgroup]
2025-01-13T17:43:15.4575406Z ##[group]Run pip install -e . --user
2025-01-13T17:43:15.4575747Z [36;1mpip install -e . --user[0m
2025-01-13T17:43:15.4607875Z shell: /usr/bin/bash -l {0}
2025-01-13T17:43:15.4608133Z env:
2025-01-13T17:43:15.4608480Z   CACHE_NUMBER: 0
2025-01-13T17:43:15.4609115Z   PYTEST_FLAGS: --tardis-regression-data=/home/runner/work/tardis/tardis/tardis-regression-data --cov=tardis --cov-report=xml --cov-report=html --cov-append
2025-01-13T17:43:15.4609764Z   CODECOV_TOKEN: 
2025-01-13T17:43:15.4609992Z   MAMBA_ROOT_PREFIX: /home/runner/micromamba
2025-01-13T17:43:15.4610309Z   MAMBA_EXE: /home/runner/micromamba-bin/micromamba
2025-01-13T17:43:15.4610668Z   CONDARC: /home/runner/work/_temp/setup-micromamba/.condarc
2025-01-13T17:43:15.4610981Z ##[endgroup]
2025-01-13T17:43:16.8244905Z Obtaining file:///home/runner/work/tardis/tardis
2025-01-13T17:43:16.8273704Z   Installing build dependencies: started
2025-01-13T17:43:19.6743891Z   Installing build dependencies: finished with status 'done'
2025-01-13T17:43:19.6749837Z   Checking if build backend supports build_editable: started
2025-01-13T17:43:19.7959906Z   Checking if build backend supports build_editable: finished with status 'done'
2025-01-13T17:43:19.7968116Z   Getting requirements to build editable: started
2025-01-13T17:43:20.2656100Z   Getting requirements to build editable: finished with status 'done'
2025-01-13T17:43:20.2665493Z   Preparing editable metadata (pyproject.toml): started
2025-01-13T17:43:20.7376438Z   Preparing editable metadata (pyproject.toml): finished with status 'done'
2025-01-13T17:43:20.7970021Z Requirement already satisfied: astropy in /home/runner/micromamba/envs/tardis/lib/python3.12/site-packages (from tardis==0.0.0) (6.1.1)
2025-01-13T17:43:20.8361943Z Requirement already satisfied: numpy>=1.23 in /home/runner/micromamba/envs/tardis/lib/python3.12/site-packages (from astropy->tardis==0.0.0) (1.26.4)
2025-01-13T17:43:20.8371573Z Requirement already satisfied: pyerfa>=2.0.1.1 in /home/runner/micromamba/envs/tardis/lib/python3.12/site-packages (from astropy->tardis==0.0.0) (2.0.1.4)
2025-01-13T17:43:20.8382632Z Requirement already satisfied: astropy-iers-data>=0.2024.5.27.0.30.8 in /home/runner/micromamba/envs/tardis/lib/python3.12/site-packages (from astropy->tardis==0.0.0) (0.2024.6.17.0.31.35)
2025-01-13T17:43:20.8391604Z Requirement already satisfied: PyYAML>=3.13 in /home/runner/micromamba/envs/tardis/lib/python3.12/site-packages (from astropy->tardis==0.0.0) (6.0.1)
2025-01-13T17:43:20.8401860Z Requirement already satisfied: packaging>=19.0 in /home/runner/micromamba/envs/tardis/lib/python3.12/site-packages (from astropy->tardis==0.0.0) (24.1)
2025-01-13T17:43:20.8490859Z Building wheels for collected packages: tardis
2025-01-13T17:43:20.8500310Z   Building editable for tardis (pyproject.toml): started
2025-01-13T17:43:21.6079758Z   Building editable for tardis (pyproject.toml): finished with status 'done'
2025-01-13T17:43:21.6087227Z   Created wheel for tardis: filename=tardis-0.0.0-0.editable-py3-none-any.whl size=8876 sha256=a2c964e105f90ee287c89272cf585e8243ac3b5aa7563e89c38b4792d0cdf500
2025-01-13T17:43:21.6088846Z   Stored in directory: /tmp/pip-ephem-wheel-cache-jn6sdf4r/wheels/6a/c7/ae/89fa6dc2565455898176888ef0e2e475e4e90eb0124afcb995
2025-01-13T17:43:21.6115273Z Successfully built tardis
2025-01-13T17:43:22.3798982Z Installing collected packages: tardis
2025-01-13T17:43:22.3890546Z Successfully installed tardis-0.0.0
2025-01-13T17:43:22.6249886Z ##[group]Run pip install qgridnext
2025-01-13T17:43:22.6250235Z [36;1mpip install qgridnext[0m
2025-01-13T17:43:22.6278477Z shell: /usr/bin/bash -l {0}
2025-01-13T17:43:22.6278728Z env:
2025-01-13T17:43:22.6278915Z   CACHE_NUMBER: 0
2025-01-13T17:43:22.6279551Z   PYTEST_FLAGS: --tardis-regression-data=/home/runner/work/tardis/tardis/tardis-regression-data --cov=tardis --cov-report=xml --cov-report=html --cov-append
2025-01-13T17:43:22.6280230Z   CODECOV_TOKEN: 
2025-01-13T17:43:22.6280463Z   MAMBA_ROOT_PREFIX: /home/runner/micromamba
2025-01-13T17:43:22.6280772Z   MAMBA_EXE: /home/runner/micromamba-bin/micromamba
2025-01-13T17:43:22.6281133Z   CONDARC: /home/runner/work/_temp/setup-micromamba/.condarc
2025-01-13T17:43:22.6281447Z ##[endgroup]
2025-01-13T17:43:23.2654565Z Collecting qgridnext
2025-01-13T17:43:23.2842259Z   Downloading qgridnext-2.0.4-py3-none-any.whl.metadata (9.9 kB)
2025-01-13T17:43:23.2960388Z Requirement already satisfied: pandas>=0.20.0 in /home/runner/micromamba/envs/tardis/lib/python3.12/site-packages (from qgridnext) (2.2.2)
2025-01-13T17:43:23.2969453Z Requirement already satisfied: ipywidgets>=7.0.0 in /home/runner/micromamba/envs/tardis/lib/python3.12/site-packages (from qgridnext) (7.8.0)
2025-01-13T17:43:23.2980170Z Requirement already satisfied: numpy in /home/runner/micromamba/envs/tardis/lib/python3.12/site-packages (from qgridnext) (1.26.4)
2025-01-13T17:43:23.2991328Z Requirement already satisfied: traitlets in /home/runner/micromamba/envs/tardis/lib/python3.12/site-packages (from qgridnext) (5.14.3)
2025-01-13T17:43:23.3077891Z Requirement already satisfied: comm>=0.1.3 in /home/runner/micromamba/envs/tardis/lib/python3.12/site-packages (from ipywidgets>=7.0.0->qgridnext) (0.2.2)
2025-01-13T17:43:23.3087145Z Requirement already satisfied: ipython-genutils~=0.2.0 in /home/runner/micromamba/envs/tardis/lib/python3.12/site-packages (from ipywidgets>=7.0.0->qgridnext) (0.2.0)
2025-01-13T17:43:23.3101117Z Requirement already satisfied: widgetsnbextension~=3.6.5 in /home/runner/micromamba/envs/tardis/lib/python3.12/site-packages (from ipywidgets>=7.0.0->qgridnext) (3.6.6)
2025-01-13T17:43:23.3119961Z Requirement already satisfied: ipython>=4.0.0 in /home/runner/micromamba/envs/tardis/lib/python3.12/site-packages (from ipywidgets>=7.0.0->qgridnext) (8.25.0)
2025-01-13T17:43:23.3134922Z Requirement already satisfied: jupyterlab-widgets<3,>=1.0.0 in /home/runner/micromamba/envs/tardis/lib/python3.12/site-packages (from ipywidgets>=7.0.0->qgridnext) (1.1.7)
2025-01-13T17:43:23.3580113Z Requirement already satisfied: python-dateutil>=2.8.2 in /home/runner/micromamba/envs/tardis/lib/python3.12/site-packages (from pandas>=0.20.0->qgridnext) (2.9.0)
2025-01-13T17:43:23.3594335Z Requirement already satisfied: pytz>=2020.1 in /home/runner/micromamba/envs/tardis/lib/python3.12/site-packages (from pandas>=0.20.0->qgridnext) (2024.1)
2025-01-13T17:43:23.3603217Z Requirement already satisfied: tzdata>=2022.7 in /home/runner/micromamba/envs/tardis/lib/python3.12/site-packages (from pandas>=0.20.0->qgridnext) (2024.1)
2025-01-13T17:43:23.3923443Z Requirement already satisfied: decorator in /home/runner/micromamba/envs/tardis/lib/python3.12/site-packages (from ipython>=4.0.0->ipywidgets>=7.0.0->qgridnext) (5.1.1)
2025-01-13T17:43:23.3938629Z Requirement already satisfied: jedi>=0.16 in /home/runner/micromamba/envs/tardis/lib/python3.12/site-packages (from ipython>=4.0.0->ipywidgets>=7.0.0->qgridnext) (0.19.1)
2025-01-13T17:43:23.3947940Z Requirement already satisfied: matplotlib-inline in /home/runner/micromamba/envs/tardis/lib/python3.12/site-packages (from ipython>=4.0.0->ipywidgets>=7.0.0->qgridnext) (0.1.7)
2025-01-13T17:43:23.3959494Z Requirement already satisfied: prompt-toolkit<3.1.0,>=3.0.41 in /home/runner/micromamba/envs/tardis/lib/python3.12/site-packages (from ipython>=4.0.0->ipywidgets>=7.0.0->qgridnext) (3.0.47)
2025-01-13T17:43:23.3969557Z Requirement already satisfied: pygments>=2.4.0 in /home/runner/micromamba/envs/tardis/lib/python3.12/site-packages (from ipython>=4.0.0->ipywidgets>=7.0.0->qgridnext) (2.18.0)
2025-01-13T17:43:23.3980086Z Requirement already satisfied: stack-data in /home/runner/micromamba/envs/tardis/lib/python3.12/site-packages (from ipython>=4.0.0->ipywidgets>=7.0.0->qgridnext) (0.6.2)
2025-01-13T17:43:23.3999912Z Requirement already satisfied: pexpect>4.3 in /home/runner/micromamba/envs/tardis/lib/python3.12/site-packages (from ipython>=4.0.0->ipywidgets>=7.0.0->qgridnext) (4.9.0)
2025-01-13T17:43:23.4049128Z Requirement already satisfied: six>=1.5 in /home/runner/micromamba/envs/tardis/lib/python3.12/site-packages (from python-dateutil>=2.8.2->pandas>=0.20.0->qgridnext) (1.16.0)
2025-01-13T17:43:23.4106406Z Requirement already satisfied: notebook>=4.4.1 in /home/runner/micromamba/envs/tardis/lib/python3.12/site-packages (from widgetsnbextension~=3.6.5->ipywidgets>=7.0.0->qgridnext) (7.2.1)
2025-01-13T17:43:23.4295022Z Requirement already satisfied: parso<0.9.0,>=0.8.3 in /home/runner/micromamba/envs/tardis/lib/python3.12/site-packages (from jedi>=0.16->ipython>=4.0.0->ipywidgets>=7.0.0->qgridnext) (0.8.4)
2025-01-13T17:43:23.4442158Z Requirement already satisfied: jupyter-server<3,>=2.4.0 in /home/runner/micromamba/envs/tardis/lib/python3.12/site-packages (from notebook>=4.4.1->widgetsnbextension~=3.6.5->ipywidgets>=7.0.0->qgridnext) (2.14.1)
2025-01-13T17:43:23.4456178Z Requirement already satisfied: jupyterlab-server<3,>=2.27.1 in /home/runner/micromamba/envs/tardis/lib/python3.12/site-packages (from notebook>=4.4.1->widgetsnbextension~=3.6.5->ipywidgets>=7.0.0->qgridnext) (2.27.2)
2025-01-13T17:43:23.4472153Z Requirement already satisfied: jupyterlab<4.3,>=4.2.0 in /home/runner/micromamba/envs/tardis/lib/python3.12/site-packages (from notebook>=4.4.1->widgetsnbextension~=3.6.5->ipywidgets>=7.0.0->qgridnext) (4.2.2)
2025-01-13T17:43:23.4483238Z Requirement already satisfied: notebook-shim<0.3,>=0.2 in /home/runner/micromamba/envs/tardis/lib/python3.12/site-packages (from notebook>=4.4.1->widgetsnbextension~=3.6.5->ipywidgets>=7.0.0->qgridnext) (0.2.4)
2025-01-13T17:43:23.4492176Z Requirement already satisfied: tornado>=6.2.0 in /home/runner/micromamba/envs/tardis/lib/python3.12/site-packages (from notebook>=4.4.1->widgetsnbextension~=3.6.5->ipywidgets>=7.0.0->qgridnext) (6.4.1)
2025-01-13T17:43:23.4523569Z Requirement already satisfied: ptyprocess>=0.5 in /home/runner/micromamba/envs/tardis/lib/python3.12/site-packages (from pexpect>4.3->ipython>=4.0.0->ipywidgets>=7.0.0->qgridnext) (0.7.0)
2025-01-13T17:43:23.4552480Z Requirement already satisfied: wcwidth in /home/runner/micromamba/envs/tardis/lib/python3.12/site-packages (from prompt-toolkit<3.1.0,>=3.0.41->ipython>=4.0.0->ipywidgets>=7.0.0->qgridnext) (0.2.13)
2025-01-13T17:43:23.4689077Z Requirement already satisfied: executing>=1.2.0 in /home/runner/micromamba/envs/tardis/lib/python3.12/site-packages (from stack-data->ipython>=4.0.0->ipywidgets>=7.0.0->qgridnext) (2.0.1)
2025-01-13T17:43:23.4698559Z Requirement already satisfied: asttokens>=2.1.0 in /home/runner/micromamba/envs/tardis/lib/python3.12/site-packages (from stack-data->ipython>=4.0.0->ipywidgets>=7.0.0->qgridnext) (2.4.1)
2025-01-13T17:43:23.4705749Z Requirement already satisfied: pure-eval in /home/runner/micromamba/envs/tardis/lib/python3.12/site-packages (from stack-data->ipython>=4.0.0->ipywidgets>=7.0.0->qgridnext) (0.2.2)
2025-01-13T17:43:23.5045942Z Requirement already satisfied: anyio>=3.1.0 in /home/runner/micromamba/envs/tardis/lib/python3.12/site-packages (from jupyter-server<3,>=2.4.0->notebook>=4.4.1->widgetsnbextension~=3.6.5->ipywidgets>=7.0.0->qgridnext) (4.4.0)
2025-01-13T17:43:23.5056089Z Requirement already satisfied: argon2-cffi>=21.1 in /home/runner/micromamba/envs/tardis/lib/python3.12/site-packages (from jupyter-server<3,>=2.4.0->notebook>=4.4.1->widgetsnbextension~=3.6.5->ipywidgets>=7.0.0->qgridnext) (23.1.0)
2025-01-13T17:43:23.5064886Z Requirement already satisfied: jinja2>=3.0.3 in /home/runner/micromamba/envs/tardis/lib/python3.12/site-packages (from jupyter-server<3,>=2.4.0->notebook>=4.4.1->widgetsnbextension~=3.6.5->ipywidgets>=7.0.0->qgridnext) (3.1.4)
2025-01-13T17:43:23.5076485Z Requirement already satisfied: jupyter-client>=7.4.4 in /home/runner/micromamba/envs/tardis/lib/python3.12/site-packages (from jupyter-server<3,>=2.4.0->notebook>=4.4.1->widgetsnbextension~=3.6.5->ipywidgets>=7.0.0->qgridnext) (8.6.2)
2025-01-13T17:43:23.5088469Z Requirement already satisfied: jupyter-core!=5.0.*,>=4.12 in /home/runner/micromamba/envs/tardis/lib/python3.12/site-packages (from jupyter-server<3,>=2.4.0->notebook>=4.4.1->widgetsnbextension~=3.6.5->ipywidgets>=7.0.0->qgridnext) (5.7.2)
2025-01-13T17:43:23.5114260Z Requirement already satisfied: jupyter-events>=0.9.0 in /home/runner/micromamba/envs/tardis/lib/python3.12/site-packages (from jupyter-server<3,>=2.4.0->notebook>=4.4.1->widgetsnbextension~=3.6.5->ipywidgets>=7.0.0->qgridnext) (0.10.0)
2025-01-13T17:43:23.5117141Z Requirement already satisfied: jupyter-server-terminals>=0.4.4 in /home/runner/micromamba/envs/tardis/lib/python3.12/site-packages (from jupyter-server<3,>=2.4.0->notebook>=4.4.1->widgetsnbextension~=3.6.5->ipywidgets>=7.0.0->qgridnext) (0.5.3)
2025-01-13T17:43:23.5124486Z Requirement already satisfied: nbconvert>=6.4.4 in /home/runner/micromamba/envs/tardis/lib/python3.12/site-packages (from jupyter-server<3,>=2.4.0->notebook>=4.4.1->widgetsnbextension~=3.6.5->ipywidgets>=7.0.0->qgridnext) (7.16.4)
2025-01-13T17:43:23.5134838Z Requirement already satisfied: nbformat>=5.3.0 in /home/runner/micromamba/envs/tardis/lib/python3.12/site-packages (from jupyter-server<3,>=2.4.0->notebook>=4.4.1->widgetsnbextension~=3.6.5->ipywidgets>=7.0.0->qgridnext) (5.10.4)
2025-01-13T17:43:23.5143936Z Requirement already satisfied: overrides>=5.0 in /home/runner/micromamba/envs/tardis/lib/python3.12/site-packages (from jupyter-server<3,>=2.4.0->notebook>=4.4.1->widgetsnbextension~=3.6.5->ipywidgets>=7.0.0->qgridnext) (7.7.0)
2025-01-13T17:43:23.5153715Z Requirement already satisfied: packaging>=22.0 in /home/runner/micromamba/envs/tardis/lib/python3.12/site-packages (from jupyter-server<3,>=2.4.0->notebook>=4.4.1->widgetsnbextension~=3.6.5->ipywidgets>=7.0.0->qgridnext) (24.1)
2025-01-13T17:43:23.5162341Z Requirement already satisfied: prometheus-client>=0.9 in /home/runner/micromamba/envs/tardis/lib/python3.12/site-packages (from jupyter-server<3,>=2.4.0->notebook>=4.4.1->widgetsnbextension~=3.6.5->ipywidgets>=7.0.0->qgridnext) (0.20.0)
2025-01-13T17:43:23.5172962Z Requirement already satisfied: pyzmq>=24 in /home/runner/micromamba/envs/tardis/lib/python3.12/site-packages (from jupyter-server<3,>=2.4.0->notebook>=4.4.1->widgetsnbextension~=3.6.5->ipywidgets>=7.0.0->qgridnext) (26.0.3)
2025-01-13T17:43:23.5181795Z Requirement already satisfied: send2trash>=1.8.2 in /home/runner/micromamba/envs/tardis/lib/python3.12/site-packages (from jupyter-server<3,>=2.4.0->notebook>=4.4.1->widgetsnbextension~=3.6.5->ipywidgets>=7.0.0->qgridnext) (1.8.3)
2025-01-13T17:43:23.5193188Z Requirement already satisfied: terminado>=0.8.3 in /home/runner/micromamba/envs/tardis/lib/python3.12/site-packages (from jupyter-server<3,>=2.4.0->notebook>=4.4.1->widgetsnbextension~=3.6.5->ipywidgets>=7.0.0->qgridnext) (0.18.1)
2025-01-13T17:43:23.5210430Z Requirement already satisfied: websocket-client>=1.7 in /home/runner/micromamba/envs/tardis/lib/python3.12/site-packages (from jupyter-server<3,>=2.4.0->notebook>=4.4.1->widgetsnbextension~=3.6.5->ipywidgets>=7.0.0->qgridnext) (1.8.0)
2025-01-13T17:43:23.5493332Z Requirement already satisfied: async-lru>=1.0.0 in /home/runner/micromamba/envs/tardis/lib/python3.12/site-packages (from jupyterlab<4.3,>=4.2.0->notebook>=4.4.1->widgetsnbextension~=3.6.5->ipywidgets>=7.0.0->qgridnext) (2.0.4)
2025-01-13T17:43:23.5505133Z Requirement already satisfied: httpx>=0.25.0 in /home/runner/micromamba/envs/tardis/lib/python3.12/site-packages (from jupyterlab<4.3,>=4.2.0->notebook>=4.4.1->widgetsnbextension~=3.6.5->ipywidgets>=7.0.0->qgridnext) (0.27.0)
2025-01-13T17:43:23.5517216Z Requirement already satisfied: ipykernel>=6.5.0 in /home/runner/micromamba/envs/tardis/lib/python3.12/site-packages (from jupyterlab<4.3,>=4.2.0->notebook>=4.4.1->widgetsnbextension~=3.6.5->ipywidgets>=7.0.0->qgridnext) (6.29.4)
2025-01-13T17:43:23.5531332Z Requirement already satisfied: jupyter-lsp>=2.0.0 in /home/runner/micromamba/envs/tardis/lib/python3.12/site-packages (from jupyterlab<4.3,>=4.2.0->notebook>=4.4.1->widgetsnbextension~=3.6.5->ipywidgets>=7.0.0->qgridnext) (2.2.5)
2025-01-13T17:43:23.5557487Z Requirement already satisfied: setuptools>=40.1.0 in /home/runner/micromamba/envs/tardis/lib/python3.12/site-packages (from jupyterlab<4.3,>=4.2.0->notebook>=4.4.1->widgetsnbextension~=3.6.5->ipywidgets>=7.0.0->qgridnext) (70.0.0)
2025-01-13T17:43:23.5748255Z Requirement already satisfied: babel>=2.10 in /home/runner/micromamba/envs/tardis/lib/python3.12/site-packages (from jupyterlab-server<3,>=2.27.1->notebook>=4.4.1->widgetsnbextension~=3.6.5->ipywidgets>=7.0.0->qgridnext) (2.14.0)
2025-01-13T17:43:23.5774806Z Requirement already satisfied: json5>=0.9.0 in /home/runner/micromamba/envs/tardis/lib/python3.12/site-packages (from jupyterlab-server<3,>=2.27.1->notebook>=4.4.1->widgetsnbextension~=3.6.5->ipywidgets>=7.0.0->qgridnext) (0.9.25)
2025-01-13T17:43:23.5785333Z Requirement already satisfied: jsonschema>=4.18.0 in /home/runner/micromamba/envs/tardis/lib/python3.12/site-packages (from jupyterlab-server<3,>=2.27.1->notebook>=4.4.1->widgetsnbextension~=3.6.5->ipywidgets>=7.0.0->qgridnext) (4.22.0)
2025-01-13T17:43:23.5804311Z Requirement already satisfied: requests>=2.31 in /home/runner/micromamba/envs/tardis/lib/python3.12/site-packages (from jupyterlab-server<3,>=2.27.1->notebook>=4.4.1->widgetsnbextension~=3.6.5->ipywidgets>=7.0.0->qgridnext) (2.32.3)
2025-01-13T17:43:23.6152840Z Requirement already satisfied: idna>=2.8 in /home/runner/micromamba/envs/tardis/lib/python3.12/site-packages (from anyio>=3.1.0->jupyter-server<3,>=2.4.0->notebook>=4.4.1->widgetsnbextension~=3.6.5->ipywidgets>=7.0.0->qgridnext) (3.7)
2025-01-13T17:43:23.6161813Z Requirement already satisfied: sniffio>=1.1 in /home/runner/micromamba/envs/tardis/lib/python3.12/site-packages (from anyio>=3.1.0->jupyter-server<3,>=2.4.0->notebook>=4.4.1->widgetsnbextension~=3.6.5->ipywidgets>=7.0.0->qgridnext) (1.3.1)
2025-01-13T17:43:23.6254097Z Requirement already satisfied: argon2-cffi-bindings in /home/runner/micromamba/envs/tardis/lib/python3.12/site-packages (from argon2-cffi>=21.1->jupyter-server<3,>=2.4.0->notebook>=4.4.1->widgetsnbextension~=3.6.5->ipywidgets>=7.0.0->qgridnext) (21.2.0)
2025-01-13T17:43:23.6425877Z Requirement already satisfied: certifi in /home/runner/micromamba/envs/tardis/lib/python3.12/site-packages (from httpx>=0.25.0->jupyterlab<4.3,>=4.2.0->notebook>=4.4.1->widgetsnbextension~=3.6.5->ipywidgets>=7.0.0->qgridnext) (2024.6.2)
2025-01-13T17:43:23.6441478Z Requirement already satisfied: httpcore==1.* in /home/runner/micromamba/envs/tardis/lib/python3.12/site-packages (from httpx>=0.25.0->jupyterlab<4.3,>=4.2.0->notebook>=4.4.1->widgetsnbextension~=3.6.5->ipywidgets>=7.0.0->qgridnext) (1.0.5)
2025-01-13T17:43:23.6518257Z Requirement already satisfied: h11<0.15,>=0.13 in /home/runner/micromamba/envs/tardis/lib/python3.12/site-packages (from httpcore==1.*->httpx>=0.25.0->jupyterlab<4.3,>=4.2.0->notebook>=4.4.1->widgetsnbextension~=3.6.5->ipywidgets>=7.0.0->qgridnext) (0.14.0)
2025-01-13T17:43:23.6707318Z Requirement already satisfied: debugpy>=1.6.5 in /home/runner/micromamba/envs/tardis/lib/python3.12/site-packages (from ipykernel>=6.5.0->jupyterlab<4.3,>=4.2.0->notebook>=4.4.1->widgetsnbextension~=3.6.5->ipywidgets>=7.0.0->qgridnext) (1.8.1)
2025-01-13T17:43:23.6728500Z Requirement already satisfied: nest-asyncio in /home/runner/micromamba/envs/tardis/lib/python3.12/site-packages (from ipykernel>=6.5.0->jupyterlab<4.3,>=4.2.0->notebook>=4.4.1->widgetsnbextension~=3.6.5->ipywidgets>=7.0.0->qgridnext) (1.6.0)
2025-01-13T17:43:23.6743817Z Requirement already satisfied: psutil in /home/runner/micromamba/envs/tardis/lib/python3.12/site-packages (from ipykernel>=6.5.0->jupyterlab<4.3,>=4.2.0->notebook>=4.4.1->widgetsnbextension~=3.6.5->ipywidgets>=7.0.0->qgridnext) (5.9.8)
2025-01-13T17:43:23.6810778Z Requirement already satisfied: MarkupSafe>=2.0 in /home/runner/micromamba/envs/tardis/lib/python3.12/site-packages (from jinja2>=3.0.3->jupyter-server<3,>=2.4.0->notebook>=4.4.1->widgetsnbextension~=3.6.5->ipywidgets>=7.0.0->qgridnext) (2.1.5)
2025-01-13T17:43:23.7009144Z Requirement already satisfied: attrs>=22.2.0 in /home/runner/micromamba/envs/tardis/lib/python3.12/site-packages (from jsonschema>=4.18.0->jupyterlab-server<3,>=2.27.1->notebook>=4.4.1->widgetsnbextension~=3.6.5->ipywidgets>=7.0.0->qgridnext) (23.2.0)
2025-01-13T17:43:23.7018988Z Requirement already satisfied: jsonschema-specifications>=2023.03.6 in /home/runner/micromamba/envs/tardis/lib/python3.12/site-packages (from jsonschema>=4.18.0->jupyterlab-server<3,>=2.27.1->notebook>=4.4.1->widgetsnbextension~=3.6.5->ipywidgets>=7.0.0->qgridnext) (2023.12.1)
2025-01-13T17:43:23.7027665Z Requirement already satisfied: referencing>=0.28.4 in /home/runner/micromamba/envs/tardis/lib/python3.12/site-packages (from jsonschema>=4.18.0->jupyterlab-server<3,>=2.27.1->notebook>=4.4.1->widgetsnbextension~=3.6.5->ipywidgets>=7.0.0->qgridnext) (0.35.1)
2025-01-13T17:43:23.7036316Z Requirement already satisfied: rpds-py>=0.7.1 in /home/runner/micromamba/envs/tardis/lib/python3.12/site-packages (from jsonschema>=4.18.0->jupyterlab-server<3,>=2.27.1->notebook>=4.4.1->widgetsnbextension~=3.6.5->ipywidgets>=7.0.0->qgridnext) (0.18.1)
2025-01-13T17:43:23.7305010Z Requirement already satisfied: platformdirs>=2.5 in /home/runner/micromamba/envs/tardis/lib/python3.12/site-packages (from jupyter-core!=5.0.*,>=4.12->jupyter-server<3,>=2.4.0->notebook>=4.4.1->widgetsnbextension~=3.6.5->ipywidgets>=7.0.0->qgridnext) (4.2.2)
2025-01-13T17:43:23.7453982Z Requirement already satisfied: python-json-logger>=2.0.4 in /home/runner/micromamba/envs/tardis/lib/python3.12/site-packages (from jupyter-events>=0.9.0->jupyter-server<3,>=2.4.0->notebook>=4.4.1->widgetsnbextension~=3.6.5->ipywidgets>=7.0.0->qgridnext) (2.0.7)
2025-01-13T17:43:23.7461757Z Requirement already satisfied: pyyaml>=5.3 in /home/runner/micromamba/envs/tardis/lib/python3.12/site-packages (from jupyter-events>=0.9.0->jupyter-server<3,>=2.4.0->notebook>=4.4.1->widgetsnbextension~=3.6.5->ipywidgets>=7.0.0->qgridnext) (6.0.1)
2025-01-13T17:43:23.7471924Z Requirement already satisfied: rfc3339-validator in /home/runner/micromamba/envs/tardis/lib/python3.12/site-packages (from jupyter-events>=0.9.0->jupyter-server<3,>=2.4.0->notebook>=4.4.1->widgetsnbextension~=3.6.5->ipywidgets>=7.0.0->qgridnext) (0.1.4)
2025-01-13T17:43:23.7480631Z Requirement already satisfied: rfc3986-validator>=0.1.1 in /home/runner/micromamba/envs/tardis/lib/python3.12/site-packages (from jupyter-events>=0.9.0->jupyter-server<3,>=2.4.0->notebook>=4.4.1->widgetsnbextension~=3.6.5->ipywidgets>=7.0.0->qgridnext) (0.1.1)
2025-01-13T17:43:23.7907157Z Requirement already satisfied: beautifulsoup4 in /home/runner/micromamba/envs/tardis/lib/python3.12/site-packages (from nbconvert>=6.4.4->jupyter-server<3,>=2.4.0->notebook>=4.4.1->widgetsnbextension~=3.6.5->ipywidgets>=7.0.0->qgridnext) (4.12.3)
2025-01-13T17:43:23.7925486Z Requirement already satisfied: bleach!=5.0.0 in /home/runner/micromamba/envs/tardis/lib/python3.12/site-packages (from nbconvert>=6.4.4->jupyter-server<3,>=2.4.0->notebook>=4.4.1->widgetsnbextension~=3.6.5->ipywidgets>=7.0.0->qgridnext) (6.1.0)
2025-01-13T17:43:23.7939343Z Requirement already satisfied: defusedxml in /home/runner/micromamba/envs/tardis/lib/python3.12/site-packages (from nbconvert>=6.4.4->jupyter-server<3,>=2.4.0->notebook>=4.4.1->widgetsnbextension~=3.6.5->ipywidgets>=7.0.0->qgridnext) (0.7.1)
2025-01-13T17:43:23.7953505Z Requirement already satisfied: jupyterlab-pygments in /home/runner/micromamba/envs/tardis/lib/python3.12/site-packages (from nbconvert>=6.4.4->jupyter-server<3,>=2.4.0->notebook>=4.4.1->widgetsnbextension~=3.6.5->ipywidgets>=7.0.0->qgridnext) (0.3.0)
2025-01-13T17:43:23.7964902Z Requirement already satisfied: mistune<4,>=2.0.3 in /home/runner/micromamba/envs/tardis/lib/python3.12/site-packages (from nbconvert>=6.4.4->jupyter-server<3,>=2.4.0->notebook>=4.4.1->widgetsnbextension~=3.6.5->ipywidgets>=7.0.0->qgridnext) (3.0.2)
2025-01-13T17:43:23.7976773Z Requirement already satisfied: nbclient>=0.5.0 in /home/runner/micromamba/envs/tardis/lib/python3.12/site-packages (from nbconvert>=6.4.4->jupyter-server<3,>=2.4.0->notebook>=4.4.1->widgetsnbextension~=3.6.5->ipywidgets>=7.0.0->qgridnext) (0.10.0)
2025-01-13T17:43:23.7993975Z Requirement already satisfied: pandocfilters>=1.4.1 in /home/runner/micromamba/envs/tardis/lib/python3.12/site-packages (from nbconvert>=6.4.4->jupyter-server<3,>=2.4.0->notebook>=4.4.1->widgetsnbextension~=3.6.5->ipywidgets>=7.0.0->qgridnext) (1.5.0)
2025-01-13T17:43:23.8003351Z Requirement already satisfied: tinycss2 in /home/runner/micromamba/envs/tardis/lib/python3.12/site-packages (from nbconvert>=6.4.4->jupyter-server<3,>=2.4.0->notebook>=4.4.1->widgetsnbextension~=3.6.5->ipywidgets>=7.0.0->qgridnext) (1.3.0)
2025-01-13T17:43:23.8120710Z Requirement already satisfied: fastjsonschema>=2.15 in /home/runner/micromamba/envs/tardis/lib/python3.12/site-packages (from nbformat>=5.3.0->jupyter-server<3,>=2.4.0->notebook>=4.4.1->widgetsnbextension~=3.6.5->ipywidgets>=7.0.0->qgridnext) (2.20.0)
2025-01-13T17:43:23.8423139Z Requirement already satisfied: charset-normalizer<4,>=2 in /home/runner/micromamba/envs/tardis/lib/python3.12/site-packages (from requests>=2.31->jupyterlab-server<3,>=2.27.1->notebook>=4.4.1->widgetsnbextension~=3.6.5->ipywidgets>=7.0.0->qgridnext) (3.3.2)
2025-01-13T17:43:23.8436509Z Requirement already satisfied: urllib3<3,>=1.21.1 in /home/runner/micromamba/envs/tardis/lib/python3.12/site-packages (from requests>=2.31->jupyterlab-server<3,>=2.27.1->notebook>=4.4.1->widgetsnbextension~=3.6.5->ipywidgets>=7.0.0->qgridnext) (2.2.2)
2025-01-13T17:43:23.9213609Z Requirement already satisfied: webencodings in /home/runner/micromamba/envs/tardis/lib/python3.12/site-packages (from bleach!=5.0.0->nbconvert>=6.4.4->jupyter-server<3,>=2.4.0->notebook>=4.4.1->widgetsnbextension~=3.6.5->ipywidgets>=7.0.0->qgridnext) (0.5.1)
2025-01-13T17:43:23.9780559Z Requirement already satisfied: fqdn in /home/runner/micromamba/envs/tardis/lib/python3.12/site-packages (from jsonschema[format-nongpl]>=4.18.0->jupyter-events>=0.9.0->jupyter-server<3,>=2.4.0->notebook>=4.4.1->widgetsnbextension~=3.6.5->ipywidgets>=7.0.0->qgridnext) (1.5.1)
2025-01-13T17:43:23.9797149Z Requirement already satisfied: isoduration in /home/runner/micromamba/envs/tardis/lib/python3.12/site-packages (from jsonschema[format-nongpl]>=4.18.0->jupyter-events>=0.9.0->jupyter-server<3,>=2.4.0->notebook>=4.4.1->widgetsnbextension~=3.6.5->ipywidgets>=7.0.0->qgridnext) (20.11.0)
2025-01-13T17:43:23.9810266Z Requirement already satisfied: jsonpointer>1.13 in /home/runner/micromamba/envs/tardis/lib/python3.12/site-packages (from jsonschema[format-nongpl]>=4.18.0->jupyter-events>=0.9.0->jupyter-server<3,>=2.4.0->notebook>=4.4.1->widgetsnbextension~=3.6.5->ipywidgets>=7.0.0->qgridnext) (3.0.0)
2025-01-13T17:43:23.9826947Z Requirement already satisfied: uri-template in /home/runner/micromamba/envs/tardis/lib/python3.12/site-packages (from jsonschema[format-nongpl]>=4.18.0->jupyter-events>=0.9.0->jupyter-server<3,>=2.4.0->notebook>=4.4.1->widgetsnbextension~=3.6.5->ipywidgets>=7.0.0->qgridnext) (1.3.0)
2025-01-13T17:43:23.9840930Z Requirement already satisfied: webcolors>=1.11 in /home/runner/micromamba/envs/tardis/lib/python3.12/site-packages (from jsonschema[format-nongpl]>=4.18.0->jupyter-events>=0.9.0->jupyter-server<3,>=2.4.0->notebook>=4.4.1->widgetsnbextension~=3.6.5->ipywidgets>=7.0.0->qgridnext) (24.6.0)
2025-01-13T17:43:24.0849146Z Requirement already satisfied: cffi>=1.0.1 in /home/runner/micromamba/envs/tardis/lib/python3.12/site-packages (from argon2-cffi-bindings->argon2-cffi>=21.1->jupyter-server<3,>=2.4.0->notebook>=4.4.1->widgetsnbextension~=3.6.5->ipywidgets>=7.0.0->qgridnext) (1.16.0)
2025-01-13T17:43:24.0944323Z Requirement already satisfied: soupsieve>1.2 in /home/runner/micromamba/envs/tardis/lib/python3.12/site-packages (from beautifulsoup4->nbconvert>=6.4.4->jupyter-server<3,>=2.4.0->notebook>=4.4.1->widgetsnbextension~=3.6.5->ipywidgets>=7.0.0->qgridnext) (2.5)
2025-01-13T17:43:24.1471463Z Requirement already satisfied: pycparser in /home/runner/micromamba/envs/tardis/lib/python3.12/site-packages (from cffi>=1.0.1->argon2-cffi-bindings->argon2-cffi>=21.1->jupyter-server<3,>=2.4.0->notebook>=4.4.1->widgetsnbextension~=3.6.5->ipywidgets>=7.0.0->qgridnext) (2.22)
2025-01-13T17:43:24.1969995Z Requirement already satisfied: arrow>=0.15.0 in /home/runner/micromamba/envs/tardis/lib/python3.12/site-packages (from isoduration->jsonschema[format-nongpl]>=4.18.0->jupyter-events>=0.9.0->jupyter-server<3,>=2.4.0->notebook>=4.4.1->widgetsnbextension~=3.6.5->ipywidgets>=7.0.0->qgridnext) (1.3.0)
2025-01-13T17:43:24.2269048Z Requirement already satisfied: types-python-dateutil>=2.8.10 in /home/runner/micromamba/envs/tardis/lib/python3.12/site-packages (from arrow>=0.15.0->isoduration->jsonschema[format-nongpl]>=4.18.0->jupyter-events>=0.9.0->jupyter-server<3,>=2.4.0->notebook>=4.4.1->widgetsnbextension~=3.6.5->ipywidgets>=7.0.0->qgridnext) (2.9.0.20240316)
2025-01-13T17:43:24.2521136Z Downloading qgridnext-2.0.4-py3-none-any.whl (1.3 MB)
2025-01-13T17:43:24.2720573Z    â”â”â”â”â”â”â”â”â”â”â”â”â”â”â”â”â”â”â”â”â”â”â”â”â”â”â”â”â”â”â”â”â”â”â”â”â”â”â”â” 1.3/1.3 MB 71.7 MB/s eta 0:00:00
2025-01-13T17:43:25.0693308Z Installing collected packages: qgridnext
2025-01-13T17:43:25.1742396Z Successfully installed qgridnext-2.0.4
2025-01-13T17:43:25.3921287Z ##[group]Run pytest tardis --tardis-regression-data=/home/runner/work/tardis/tardis/tardis-regression-data --cov=tardis --cov-report=xml --cov-report=html --cov-append -m "not continuum"
2025-01-13T17:43:25.3922570Z [36;1mpytest tardis --tardis-regression-data=/home/runner/work/tardis/tardis/tardis-regression-data --cov=tardis --cov-report=xml --cov-report=html --cov-append -m "not continuum"[0m
2025-01-13T17:43:25.3949745Z shell: /usr/bin/bash -l {0}
2025-01-13T17:43:25.3949994Z env:
2025-01-13T17:43:25.3950176Z   CACHE_NUMBER: 0
2025-01-13T17:43:25.3950799Z   PYTEST_FLAGS: --tardis-regression-data=/home/runner/work/tardis/tardis/tardis-regression-data --cov=tardis --cov-report=xml --cov-report=html --cov-append
2025-01-13T17:43:25.3951447Z   CODECOV_TOKEN: 
2025-01-13T17:43:25.3951670Z   MAMBA_ROOT_PREFIX: /home/runner/micromamba
2025-01-13T17:43:25.3951975Z   MAMBA_EXE: /home/runner/micromamba-bin/micromamba
2025-01-13T17:43:25.3952369Z   CONDARC: /home/runner/work/_temp/setup-micromamba/.condarc
2025-01-13T17:43:25.3952680Z ##[endgroup]
2025-01-13T17:43:35.6358643Z ============================= test session starts ==============================
2025-01-13T17:43:35.6360022Z platform linux -- Python 3.12.4, pytest-8.2.2, pluggy-1.5.0
2025-01-13T17:43:35.6361400Z rootdir: /home/runner/work/tardis/tardis
2025-01-13T17:43:35.6362868Z configfile: pyproject.toml
2025-01-13T17:43:35.6363680Z plugins: anyio-4.4.0, doctestplus-1.2.1, cov-5.0.0, html-4.1.1, metadata-3.1.1
2025-01-13T17:43:35.6364518Z collected 1796 items / 2 deselected / 1794 selected
2025-01-13T17:43:35.6364827Z 
2025-01-13T17:43:40.5941468Z tardis/energy_input/tests/test_energy_source.py ..xxx                    [  0%]
2025-01-13T17:43:43.3825195Z tardis/energy_input/tests/test_gamma_ray_channel.py ...........          [  0%]
2025-01-13T17:43:45.2065581Z tardis/energy_input/tests/test_gamma_ray_grid.py xx.                     [  1%]
2025-01-13T17:43:47.0126712Z tardis/energy_input/tests/test_gamma_ray_interactions.py xx....          [  1%]
2025-01-13T17:43:47.0237104Z tardis/energy_input/tests/test_gamma_ray_packet_source.py sssssssss      [  1%]
2025-01-13T17:43:48.3682927Z tardis/energy_input/tests/test_util.py .....xxxx.....                    [  2%]
2025-01-13T17:43:48.7654145Z tardis/grid/tests/test_grid.py .                                         [  2%]
2025-01-13T17:43:48.7669243Z tardis/gui/tests/test_gui.py s                                           [  2%]
2025-01-13T17:43:52.2416720Z tardis/io/configuration/tests/test_config_reader.py ...........          [  3%]
2025-01-13T17:43:52.2543051Z tardis/io/configuration/tests/test_configuration_namespace.py .........  [  3%]
2025-01-13T17:43:52.2815461Z tardis/io/logger/tests/test_logging.py ssssssssssssssssssssssssssss      [  5%]
2025-01-13T17:44:32.6392511Z tardis/io/model/readers/tests/test_arepo_parser.py ..                    [  5%]
2025-01-13T17:44:32.6543464Z tardis/io/model/readers/tests/test_ascii_readers.py ...                  [  5%]
2025-01-13T17:44:32.6658744Z tardis/io/model/readers/tests/test_cmfgen_reader.py ..                   [  5%]
2025-01-13T17:44:32.6994779Z tardis/io/model/readers/tests/test_csvy_reader.py ....                   [  6%]
2025-01-13T17:44:32.7228184Z tardis/io/model/readers/tests/test_stella_reader.py ..                   [  6%]
2025-01-13T17:44:33.0457142Z tardis/io/tests/test_HDFWriter.py ...............                        [  7%]
2025-01-13T17:44:33.3902126Z tardis/io/tests/test_atomic.py .....                                     [  7%]
2025-01-13T17:44:33.4283686Z tardis/io/tests/test_decay.py ..                                         [  7%]
2025-01-13T17:44:33.6314104Z tardis/io/tests/test_model_reader.py ......                              [  7%]
2025-01-13T17:44:33.6384892Z tardis/model/geometry/tests/test_radial1d.py ..                          [  7%]
2025-01-13T17:45:34.9555752Z tardis/model/tests/test_base.py ........................................ [ 10%]
2025-01-13T17:45:35.9830040Z ............                                                             [ 10%]
2025-01-13T17:45:39.1587501Z tardis/model/tests/test_csvy_model.py .........                          [ 11%]
2025-01-13T17:45:39.2092191Z tardis/model/tests/test_density.py ..                                    [ 11%]
2025-01-13T17:45:40.5783406Z tardis/opacities/tests/test_opacity_solver.py .....                      [ 11%]
2025-01-13T17:45:41.9956426Z tardis/opacities/tests/test_opacity_state_numba.py .....                 [ 11%]
2025-01-13T17:45:44.2418025Z tardis/opacities/tests/test_tau_sobolev.py FF                            [ 12%]
2025-01-13T17:45:47.1243637Z tardis/plasma/equilibrium/tests/test_collisional_transitions.py ...      [ 12%]
2025-01-13T17:46:33.8342301Z tardis/plasma/equilibrium/tests/test_level_populations.py ....           [ 12%]
2025-01-13T17:46:45.6285093Z tardis/plasma/equilibrium/tests/test_rate_matrix.py .                    [ 12%]
2025-01-13T17:46:47.1380525Z tardis/plasma/tests/test_complete_plasmas.py .....................s..... [ 13%]
2025-01-13T17:46:50.5036450Z s....ssssss............s............ss.....s....ssssss............s..... [ 18%]
2025-01-13T17:46:52.3362045Z .......ss.....s....ssssss............s............ss.....s....ssssss.... [ 22%]
2025-01-13T17:46:55.3929989Z ........s............ss.....s........ss............s............ss.....s [ 26%]
2025-01-13T17:46:58.3629330Z ........ss............s............ss.....s....ssssss............s...... [ 30%]
2025-01-13T17:46:59.1209206Z ......ss.....s....ssssss............s............ss.....s.ss.ssssss..... [ 34%]
2025-01-13T17:47:02.0707754Z .......s............ss.....s....ssssss............s............ss.....s. [ 38%]
2025-01-13T17:47:05.3771394Z ...ssssss............s............ss.....s....ssssss............s....... [ 42%]
2025-01-13T17:47:08.5733209Z .....ss.....s....ssssss............s............s...........ssssss...... [ 46%]
2025-01-13T17:47:10.4699356Z ......s............s...........ssssss............s............s......... [ 50%]
2025-01-13T17:47:13.4865327Z ..ssssss............s............ss.....s....ssssss............s........ [ 54%]
2025-01-13T17:47:17.1364956Z ....ss.....s....ssssss..........................s.....s....ssss......... [ 58%]
2025-01-13T17:47:17.4819809Z ...................s.....s....ssss.......                                [ 60%]
2025-01-13T17:47:17.6100908Z tardis/plasma/tests/test_hdf_plasma.py ................................. [ 62%]
2025-01-13T17:47:17.6214357Z ......                                                                   [ 62%]
2025-01-13T17:47:17.7599380Z tardis/plasma/tests/test_nlte_excitation.py ...                          [ 62%]
2025-01-13T17:49:37.9028281Z tardis/plasma/tests/test_nlte_solver.py .....X                           [ 63%]
2025-01-13T17:49:37.9054705Z tardis/plasma/tests/test_plasma_continuum.py .                           [ 63%]
2025-01-13T17:50:02.0765174Z tardis/plasma/tests/test_plasma_vboundary.py .............               [ 63%]
2025-01-13T17:50:15.5617393Z tardis/plasma/tests/test_tardis_model_density_config.py ...              [ 64%]
2025-01-13T17:50:16.3062335Z tardis/simulation/tests/test_convergence.py .....                        [ 64%]
2025-01-13T17:50:25.0904196Z tardis/simulation/tests/test_simulation.py .............                 [ 65%]
2025-01-13T17:50:25.1092711Z tardis/spectrum/tests/test_cuda_formal_integral.py sssssssssssssssssssss [ 66%]
2025-01-13T17:50:25.5831627Z ssss...ssssssssssssssssssssss                                            [ 67%]
2025-01-13T17:50:25.5905073Z tardis/spectrum/tests/test_luminosity.py ....                            [ 68%]
2025-01-13T17:50:27.2344105Z tardis/spectrum/tests/test_numba_formal_integral.py .................... [ 69%]
2025-01-13T17:50:27.2541342Z ..........                                                               [ 69%]
2025-01-13T17:50:27.4332178Z tardis/spectrum/tests/test_spectrum.py ................................. [ 71%]
2025-01-13T17:50:27.4672519Z .........                                                                [ 72%]
2025-01-13T17:50:46.9297651Z tardis/spectrum/tests/test_spectrum_solver.py ....                       [ 72%]
2025-01-13T17:51:49.3051906Z tardis/tests/test_tardis_full.py ....                                    [ 72%]
2025-01-13T17:53:14.5218096Z tardis/tests/test_tardis_full_formal_integral.py ................        [ 73%]
2025-01-13T17:53:14.6014769Z tardis/tests/test_util.py .............................................  [ 75%]
2025-01-13T17:53:17.3077835Z tardis/transport/montecarlo/tests/test_base.py x.....................    [ 77%]
2025-01-13T17:53:24.9244643Z tardis/transport/montecarlo/tests/test_interaction.py .......            [ 77%]
2025-01-13T17:53:25.1378606Z tardis/transport/montecarlo/tests/test_macro_atom.py ....                [ 77%]
2025-01-13T17:53:25.1551680Z tardis/transport/montecarlo/tests/test_montecarlo.py sssssssssssssssssss [ 78%]
2025-01-13T17:53:25.1966190Z sssssssssssssssssssssssssssssssssssssssssssss                            [ 81%]
2025-01-13T17:53:34.0745825Z tardis/transport/montecarlo/tests/test_montecarlo_main_loop.py x..       [ 81%]
2025-01-13T17:53:34.0813636Z tardis/transport/montecarlo/tests/test_nonhomologous.py ...              [ 81%]
2025-01-13T17:53:39.9472196Z tardis/transport/montecarlo/tests/test_numba_interface.py .....x.        [ 82%]
2025-01-13T17:53:40.4513263Z tardis/transport/montecarlo/tests/test_opacities.py ...............      [ 82%]
2025-01-13T17:53:42.0085271Z tardis/transport/montecarlo/tests/test_packet.py .................xXXXXX [ 84%]
2025-01-13T17:53:42.1491014Z XX.........                                                              [ 84%]
2025-01-13T17:53:42.1772118Z tardis/transport/montecarlo/tests/test_packet_source.py ........         [ 85%]
2025-01-13T17:53:42.5176757Z tardis/transport/montecarlo/tests/test_rpacket_last_interaction_tracker.py . [ 85%]
2025-01-13T17:53:42.9424423Z .....                                                                    [ 85%]
2025-01-13T17:54:20.2111048Z tardis/transport/montecarlo/tests/test_rpacket_tracker.py ......         [ 85%]
2025-01-13T17:54:20.2399800Z tardis/transport/montecarlo/tests/test_single_packet_loop.py xxx         [ 86%]
2025-01-13T17:54:20.2431503Z tardis/transport/montecarlo/tests/test_tracker_utils.py ..               [ 86%]
2025-01-13T17:54:22.9561188Z tardis/transport/montecarlo/tests/test_vpacket.py ..x.                   [ 86%]
2025-01-13T17:54:22.9750990Z tardis/transport/montecarlo/tests/test_weighted_packet_source.py ....    [ 86%]
2025-01-13T17:54:26.6311820Z tardis/transport/montecarlo/tests/test_weighted_packet_source_integration.py . [ 86%]
2025-01-13T17:54:26.6313650Z                                                                          [ 86%]
2025-01-13T17:54:27.4638117Z tardis/transport/tests/test_doppler_factor.py ..................         [ 87%]
2025-01-13T17:54:28.9081356Z tardis/visualization/tools/tests/test_convergence_plot.py .............. [ 88%]
2025-01-13T17:54:31.2614790Z ......                                                                   [ 88%]
2025-01-13T17:54:36.1198951Z tardis/visualization/tools/tests/test_liv_plot.py ...................... [ 90%]
2025-01-13T17:54:39.4576159Z .............................                                            [ 91%]
2025-01-13T17:54:42.3743931Z tardis/visualization/tools/tests/test_rpacket_plot.py .................. [ 92%]
2025-01-13T17:54:49.5114756Z ....                                                                     [ 92%]
2025-01-13T17:54:55.8051664Z tardis/visualization/tools/tests/test_sdec_plot.py ..................... [ 94%]
2025-01-13T17:55:03.6980648Z ..............................                                           [ 95%]
2025-01-13T17:55:04.1495912Z tardis/visualization/widgets/tests/test_custom_abundance.py ........ss.. [ 96%]
2025-01-13T17:55:04.2332715Z ....                                                                     [ 96%]
2025-01-13T17:55:05.3473545Z tardis/visualization/widgets/tests/test_line_info.py ................... [ 97%]
2025-01-13T17:55:06.0167290Z ..................                                                       [ 98%]
2025-01-13T17:56:10.1702075Z tardis/visualization/widgets/tests/test_shell_info.py .................. [ 99%]
2025-01-13T17:56:17.6509031Z ......                                                                   [100%]
2025-01-13T17:56:17.6509429Z 
2025-01-13T17:56:17.6509846Z =================================== FAILURES ===================================
2025-01-13T17:56:17.6510864Z _____________________ test_calculate_sobolev_line_opacity ______________________
2025-01-13T17:56:17.6511369Z 
2025-01-13T17:56:17.6512144Z nb_simulation_verysimple = <tardis.simulation.base.Simulation object at 0x7f32e68d1b20>
2025-01-13T17:56:17.6513262Z regression_data = <tardis.tests.fixtures.regression_data.RegressionData object at 0x7f32e6865ac0>
2025-01-13T17:56:17.6513916Z 
2025-01-13T17:56:17.6514097Z     def test_calculate_sobolev_line_opacity(
2025-01-13T17:56:17.6514600Z         nb_simulation_verysimple, regression_data
2025-01-13T17:56:17.6515038Z     ):
2025-01-13T17:56:17.6515412Z         legacy_plasma = nb_simulation_verysimple.plasma
2025-01-13T17:56:17.6515869Z     
2025-01-13T17:56:17.6516232Z         actual = calculate_sobolev_line_opacity(
2025-01-13T17:56:17.6516676Z             legacy_plasma.lines,
2025-01-13T17:56:17.6517295Z             legacy_plasma.level_number_density,
2025-01-13T17:56:17.6517808Z             legacy_plasma.time_explosion,
2025-01-13T17:56:17.6518324Z             legacy_plasma.stimulated_emission_factor,
2025-01-13T17:56:17.6518747Z         )
2025-01-13T17:56:17.6519096Z >       expected = regression_data.sync_dataframe(actual)
2025-01-13T17:56:17.6519439Z 
2025-01-13T17:56:17.6519628Z tardis/opacities/tests/test_tau_sobolev.py:21: 
2025-01-13T17:56:17.6520131Z _ _ _ _ _ _ _ _ _ _ _ _ _ _ _ _ _ _ _ _ _ _ _ _ _ _ _ _ _ _ _ _ _ _ _ _ _ _ _ _ 
2025-01-13T17:56:17.6520746Z tardis/tests/fixtures/regression_data.py:88: in sync_dataframe
2025-01-13T17:56:17.6521324Z     return pd.read_hdf(self.fpath, key=key)
2025-01-13T17:56:17.6521851Z _ _ _ _ _ _ _ _ _ _ _ _ _ _ _ _ _ _ _ _ _ _ _ _ _ _ _ _ _ _ _ _ _ _ _ _ _ _ _ _ 
2025-01-13T17:56:17.6522219Z 
2025-01-13T17:56:17.6522904Z path_or_buf = '/home/runner/work/tardis/tardis/tardis-regression-data/test_tau_sobolev/test_calculate_sobolev_line_opacity.h5'
2025-01-13T17:56:17.6524060Z key = 'data', mode = 'r', errors = 'strict', where = None, start = None
2025-01-13T17:56:17.6524869Z stop = None, columns = None, iterator = False, chunksize = None, kwargs = {}
2025-01-13T17:56:17.6525467Z exists = False
2025-01-13T17:56:17.6525661Z 
2025-01-13T17:56:17.6525780Z     def read_hdf(
2025-01-13T17:56:17.6526114Z         path_or_buf: FilePath | HDFStore,
2025-01-13T17:56:17.6526508Z         key=None,
2025-01-13T17:56:17.6526981Z         mode: str = "r",
2025-01-13T17:56:17.6527310Z         errors: str = "strict",
2025-01-13T17:56:17.6527659Z         where: str | list | None = None,
2025-01-13T17:56:17.6528033Z         start: int | None = None,
2025-01-13T17:56:17.6528371Z         stop: int | None = None,
2025-01-13T17:56:17.6528736Z         columns: list[str] | None = None,
2025-01-13T17:56:17.6529124Z         iterator: bool = False,
2025-01-13T17:56:17.6529457Z         chunksize: int | None = None,
2025-01-13T17:56:17.6529815Z         **kwargs,
2025-01-13T17:56:17.6530072Z     ):
2025-01-13T17:56:17.6530317Z         """
2025-01-13T17:56:17.6530641Z         Read from the store, close it if we opened it.
2025-01-13T17:56:17.6531391Z     
2025-01-13T17:56:17.6531790Z         Retrieve pandas object stored in file, optionally based on where
2025-01-13T17:56:17.6532350Z         criteria.
2025-01-13T17:56:17.6532633Z     
2025-01-13T17:56:17.6540375Z         .. warning::
2025-01-13T17:56:17.6540729Z     
2025-01-13T17:56:17.6541185Z            Pandas uses PyTables for reading and writing HDF5 files, which allows
2025-01-13T17:56:17.6541960Z            serializing object-dtype data with pickle when using the "fixed" format.
2025-01-13T17:56:17.6542755Z            Loading pickled data received from untrusted sources can be unsafe.
2025-01-13T17:56:17.6543628Z     
2025-01-13T17:56:17.6544112Z            See: https://docs.python.org/3/library/pickle.html for more.
2025-01-13T17:56:17.6544644Z     
2025-01-13T17:56:17.6544927Z         Parameters
2025-01-13T17:56:17.6545264Z         ----------
2025-01-13T17:56:17.6545662Z         path_or_buf : str, path object, pandas.HDFStore
2025-01-13T17:56:17.6546348Z             Any valid string path is acceptable. Only supports the local file system,
2025-01-13T17:56:17.6547219Z             remote URLs and file-like objects are not supported.
2025-01-13T17:56:17.6547650Z     
2025-01-13T17:56:17.6547980Z             If you want to pass in a path object, pandas accepts any
2025-01-13T17:56:17.6548404Z             ``os.PathLike``.
2025-01-13T17:56:17.6548698Z     
2025-01-13T17:56:17.6549091Z             Alternatively, pandas accepts an open :class:`pandas.HDFStore` object.
2025-01-13T17:56:17.6549653Z     
2025-01-13T17:56:17.6549979Z         key : object, optional
2025-01-13T17:56:17.6550566Z             The group identifier in the store. Can be omitted if the HDF file
2025-01-13T17:56:17.6551228Z             contains a single pandas object.
2025-01-13T17:56:17.6551748Z         mode : {'r', 'r+', 'a'}, default 'r'
2025-01-13T17:56:17.6552374Z             Mode to use when opening the file. Ignored if path_or_buf is a
2025-01-13T17:56:17.6553043Z             :class:`pandas.HDFStore`. Default is 'r'.
2025-01-13T17:56:17.6553568Z         errors : str, default 'strict'
2025-01-13T17:56:17.6554179Z             Specifies how encoding and decoding errors are to be handled.
2025-01-13T17:56:17.6554903Z             See the errors argument for :func:`open` for a full list
2025-01-13T17:56:17.6555461Z             of options.
2025-01-13T17:56:17.6555842Z         where : list, optional
2025-01-13T17:56:17.6556314Z             A list of Term (or convertible) objects.
2025-01-13T17:56:17.6556787Z         start : int, optional
2025-01-13T17:56:17.6557385Z             Row number to start selection.
2025-01-13T17:56:17.6557838Z         stop  : int, optional
2025-01-13T17:56:17.6558247Z             Row number to stop selection.
2025-01-13T17:56:17.6558705Z         columns : list, optional
2025-01-13T17:56:17.6559163Z             A list of columns names to return.
2025-01-13T17:56:17.6559617Z         iterator : bool, optional
2025-01-13T17:56:17.6560045Z             Return an iterator object.
2025-01-13T17:56:17.6560484Z         chunksize : int, optional
2025-01-13T17:56:17.6561014Z             Number of rows to include in an iteration when using an iterator.
2025-01-13T17:56:17.6561563Z         **kwargs
2025-01-13T17:56:17.6561966Z             Additional keyword arguments passed to HDFStore.
2025-01-13T17:56:17.6562454Z     
2025-01-13T17:56:17.6562736Z         Returns
2025-01-13T17:56:17.6563052Z         -------
2025-01-13T17:56:17.6563357Z         object
2025-01-13T17:56:17.6563814Z             The selected object. Return type depends on the object stored.
2025-01-13T17:56:17.6564384Z     
2025-01-13T17:56:17.6564669Z         See Also
2025-01-13T17:56:17.6564989Z         --------
2025-01-13T17:56:17.6565398Z         DataFrame.to_hdf : Write a HDF file from a DataFrame.
2025-01-13T17:56:17.6565943Z         HDFStore : Low-level access to HDF files.
2025-01-13T17:56:17.6566373Z     
2025-01-13T17:56:17.6566649Z         Examples
2025-01-13T17:56:17.6567142Z         --------
2025-01-13T17:56:17.6567869Z         >>> df = pd.DataFrame([[1, 1.0, 'a']], columns=['x', 'y', 'z'])  # doctest: +SKIP
2025-01-13T17:56:17.6568524Z         >>> df.to_hdf('./store.h5', 'data')  # doctest: +SKIP
2025-01-13T17:56:17.6569086Z         >>> reread = pd.read_hdf('./store.h5')  # doctest: +SKIP
2025-01-13T17:56:17.6569563Z         """
2025-01-13T17:56:17.6569882Z         if mode not in ["r", "r+", "a"]:
2025-01-13T17:56:17.6570341Z             raise ValueError(
2025-01-13T17:56:17.6570853Z                 f"mode {mode} is not allowed while performing a read. "
2025-01-13T17:56:17.6571411Z                 f"Allowed modes are r, r+ and a."
2025-01-13T17:56:17.6572033Z             )
2025-01-13T17:56:17.6572354Z         # grab the scope
2025-01-13T17:56:17.6572731Z         if where is not None:
2025-01-13T17:56:17.6573170Z             where = _ensure_term(where, scope_level=1)
2025-01-13T17:56:17.6573621Z     
2025-01-13T17:56:17.6573956Z         if isinstance(path_or_buf, HDFStore):
2025-01-13T17:56:17.6574462Z             if not path_or_buf.is_open:
2025-01-13T17:56:17.6575043Z                 raise OSError("The HDFStore must be open for reading.")
2025-01-13T17:56:17.6575584Z     
2025-01-13T17:56:17.6575889Z             store = path_or_buf
2025-01-13T17:56:17.6576284Z             auto_close = False
2025-01-13T17:56:17.6576656Z         else:
2025-01-13T17:56:17.6577245Z             path_or_buf = stringify_path(path_or_buf)
2025-01-13T17:56:17.6577699Z             if not isinstance(path_or_buf, str):
2025-01-13T17:56:17.6578122Z                 raise NotImplementedError(
2025-01-13T17:56:17.6578647Z                     "Support for generic buffers has not been implemented."
2025-01-13T17:56:17.6579108Z                 )
2025-01-13T17:56:17.6579404Z             try:
2025-01-13T17:56:17.6579776Z                 exists = os.path.exists(path_or_buf)
2025-01-13T17:56:17.6580213Z     
2025-01-13T17:56:17.6580497Z             # if filepath is too long
2025-01-13T17:56:17.6580962Z             except (TypeError, ValueError):
2025-01-13T17:56:17.6581394Z                 exists = False
2025-01-13T17:56:17.6581732Z     
2025-01-13T17:56:17.6582006Z             if not exists:
2025-01-13T17:56:17.6582498Z >               raise FileNotFoundError(f"File {path_or_buf} does not exist")
2025-01-13T17:56:17.6583718Z E               FileNotFoundError: File /home/runner/work/tardis/tardis/tardis-regression-data/test_tau_sobolev/test_calculate_sobolev_line_opacity.h5 does not exist
2025-01-13T17:56:17.6584658Z 
2025-01-13T17:56:17.6585161Z ../../../micromamba/envs/tardis/lib/python3.12/site-packages/pandas/io/pytables.py:424: FileNotFoundError
2025-01-13T17:56:17.6586081Z ---------------------------- Captured stdout setup -----------------------------
2025-01-13T17:56:17.6587317Z [[1mtardis.io.model.parse_density_configuration[0m][[1;33mWARNING[0m]  
2025-01-13T17:56:17.6588626Z 	Number of density points larger than number of shells. Assuming inner point irrelevant ([1mparse_density_configuration.py[0m:114)
2025-01-13T17:56:17.6589648Z ---------------------------- Captured stderr setup -----------------------------
2025-01-13T17:56:17.6590064Z 
2025-01-13T17:56:17.6590070Z 
2025-01-13T17:56:17.6590472Z Packets:                                                                                   4020/? [00:12<00:00, 32738.00it/s][A
2025-01-13T17:56:17.6590856Z 
2025-01-13T17:56:17.6591250Z Packets:                                                                                   4021/? [00:12<00:00, 243.05it/s]  [A
2025-01-13T17:56:17.6592183Z Iterations:â–ˆâ–ˆâ–ˆâ–ˆâ–ˆâ–ˆâ–ˆâ–ˆâ–ˆâ–ˆâ–ˆâ–ˆâ–ˆâ–ˆâ–ˆâ–ˆâ–ˆâ–ˆâ–ˆâ–ˆâ–ˆâ–ˆâ–ˆâ–ˆâ–ˆâ–ˆâ–ˆâ–ˆâ–ˆâ–ˆâ–ˆâ–ˆâ–ˆâ–ˆâ–ˆâ–ˆâ–ˆâ–ˆâ–ˆâ–ˆâ–ˆâ–ˆâ–ˆâ–ˆâ–ˆâ–ˆâ–ˆâ–ˆâ–ˆâ–ˆâ–ˆâ–ˆâ–ˆâ–ˆâ–ˆâ–ˆâ–ˆâ–ˆâ–ˆâ–ˆâ–ˆâ–ˆâ–ˆâ–ˆ                4/5 [00:12<00:02,  2.82s/it]
2025-01-13T17:56:17.6592675Z 
2025-01-13T17:56:17.6593080Z Packets:                                                                                   4030/? [00:12<00:00, 243.05it/s][A
2025-01-13T17:56:17.6593699Z ------------------------------ Captured log setup ------------------------------
2025-01-13T17:56:17.6594901Z WARNING  tardis.io.model.parse_density_configuration:parse_density_configuration.py:114 Number of density points larger than number of shells. Assuming inner point irrelevant
2025-01-13T17:56:17.6596379Z _________________________ test_calculate_beta_sobolevs _________________________
2025-01-13T17:56:17.6597035Z 
2025-01-13T17:56:17.6597454Z nb_simulation_verysimple = <tardis.simulation.base.Simulation object at 0x7f32e68d1b20>
2025-01-13T17:56:17.6598412Z regression_data = <tardis.tests.fixtures.regression_data.RegressionData object at 0x7f3312bae570>
2025-01-13T17:56:17.6598992Z 
2025-01-13T17:56:17.6599302Z     def test_calculate_beta_sobolevs(nb_simulation_verysimple, regression_data):
2025-01-13T17:56:17.6600119Z         legacy_plasma = nb_simulation_verysimple.plasma
2025-01-13T17:56:17.6600564Z     
2025-01-13T17:56:17.6600871Z         tau_sobolevs = calculate_sobolev_line_opacity(
2025-01-13T17:56:17.6601308Z             legacy_plasma.lines,
2025-01-13T17:56:17.6601678Z             legacy_plasma.level_number_density,
2025-01-13T17:56:17.6602105Z             legacy_plasma.time_explosion,
2025-01-13T17:56:17.6602535Z             legacy_plasma.stimulated_emission_factor,
2025-01-13T17:56:17.6602937Z         )
2025-01-13T17:56:17.6603245Z         actual = calculate_beta_sobolev(tau_sobolevs)
2025-01-13T17:56:17.6603731Z >       expected = regression_data.sync_ndarray(actual)
2025-01-13T17:56:17.6604042Z 
2025-01-13T17:56:17.6604213Z tardis/opacities/tests/test_tau_sobolev.py:35: 
2025-01-13T17:56:17.6604677Z _ _ _ _ _ _ _ _ _ _ _ _ _ _ _ _ _ _ _ _ _ _ _ _ _ _ _ _ _ _ _ _ _ _ _ _ _ _ _ _ 
2025-01-13T17:56:17.6605213Z tardis/tests/fixtures/regression_data.py:111: in sync_ndarray
2025-01-13T17:56:17.6605721Z     return np.load(self.fpath)
2025-01-13T17:56:17.6606106Z _ _ _ _ _ _ _ _ _ _ _ _ _ _ _ _ _ _ _ _ _ _ _ _ _ _ _ _ _ _ _ _ _ _ _ _ _ _ _ _ 
2025-01-13T17:56:17.6606412Z 
2025-01-13T17:56:17.6607312Z file = PosixPath('/home/runner/work/tardis/tardis/tardis-regression-data/test_tau_sobolev/test_calculate_beta_sobolevs.npy')
2025-01-13T17:56:17.6608348Z mmap_mode = None, allow_pickle = False, fix_imports = True, encoding = 'ASCII'
2025-01-13T17:56:17.6608776Z 
2025-01-13T17:56:17.6608898Z     @set_module('numpy')
2025-01-13T17:56:17.6609345Z     def load(file, mmap_mode=None, allow_pickle=False, fix_imports=True,
2025-01-13T17:56:17.6609959Z              encoding='ASCII', *, max_header_size=format._MAX_HEADER_SIZE):
2025-01-13T17:56:17.6610432Z         """
2025-01-13T17:56:17.6610843Z         Load arrays or pickled objects from ``.npy``, ``.npz`` or pickled files.
2025-01-13T17:56:17.6611356Z     
2025-01-13T17:56:17.6611785Z         .. warning:: Loading files that contain object arrays uses the ``pickle``
2025-01-13T17:56:17.6612426Z                      module, which is not secure against erroneous or maliciously
2025-01-13T17:56:17.6613044Z                      constructed data. Consider passing ``allow_pickle=False`` to
2025-01-13T17:56:17.6613636Z                      load data that is known not to contain object arrays for the
2025-01-13T17:56:17.6614150Z                      safer handling of untrusted sources.
2025-01-13T17:56:17.6614539Z     
2025-01-13T17:56:17.6614801Z         Parameters
2025-01-13T17:56:17.6615082Z         ----------
2025-01-13T17:56:17.6615434Z         file : file-like object, string, or pathlib.Path
2025-01-13T17:56:17.6615937Z             The file to read. File-like objects must support the
2025-01-13T17:56:17.6616492Z             ``seek()`` and ``read()`` methods and must always
2025-01-13T17:56:17.6617151Z             be opened in binary mode.  Pickled files require that the
2025-01-13T17:56:17.6617721Z             file-like object support the ``readline()`` method as well.
2025-01-13T17:56:17.6618252Z         mmap_mode : {None, 'r+', 'r', 'w+', 'c'}, optional
2025-01-13T17:56:17.6618786Z             If not None, then memory-map the file, using the given mode (see
2025-01-13T17:56:17.6619363Z             `numpy.memmap` for a detailed description of the modes).  A
2025-01-13T17:56:17.6619955Z             memory-mapped array is kept on disk. However, it can be accessed
2025-01-13T17:56:17.6620766Z             and sliced like any ndarray.  Memory mapping is especially useful
2025-01-13T17:56:17.6621393Z             for accessing small fragments of large files without reading the
2025-01-13T17:56:17.6621903Z             entire file into memory.
2025-01-13T17:56:17.6622279Z         allow_pickle : bool, optional
2025-01-13T17:56:17.6622783Z             Allow loading pickled object arrays stored in npy files. Reasons for
2025-01-13T17:56:17.6623426Z             disallowing pickles include security, as loading pickled data can
2025-01-13T17:56:17.6624254Z             execute arbitrary code. If pickles are disallowed, loading object
2025-01-13T17:56:17.6624806Z             arrays will fail. Default: False
2025-01-13T17:56:17.6625184Z     
2025-01-13T17:56:17.6625465Z             .. versionchanged:: 1.16.3
2025-01-13T17:56:17.6625902Z                 Made default False in response to CVE-2019-6446.
2025-01-13T17:56:17.6626317Z     
2025-01-13T17:56:17.6626592Z         fix_imports : bool, optional
2025-01-13T17:56:17.6627320Z             Only useful when loading Python 2 generated pickled files on Python 3,
2025-01-13T17:56:17.6628055Z             which includes npy/npz files containing object arrays. If `fix_imports`
2025-01-13T17:56:17.6628748Z             is True, pickle will try to map the old Python 2 names to the new names
2025-01-13T17:56:17.6629267Z             used in Python 3.
2025-01-13T17:56:17.6629618Z         encoding : str, optional
2025-01-13T17:56:17.6630121Z             What encoding to use when reading Python 2 strings. Only useful when
2025-01-13T17:56:17.6630803Z             loading Python 2 generated pickled files in Python 3, which includes
2025-01-13T17:56:17.6631496Z             npy/npz files containing object arrays. Values other than 'latin1',
2025-01-13T17:56:17.6632137Z             'ASCII', and 'bytes' are not allowed, as they can corrupt numerical
2025-01-13T17:56:17.6632636Z             data. Default: 'ASCII'
2025-01-13T17:56:17.6633021Z         max_header_size : int, optional
2025-01-13T17:56:17.6633529Z             Maximum allowed size of the header.  Large headers may not be safe
2025-01-13T17:56:17.6634189Z             to load securely and thus require explicitly passing a larger value.
2025-01-13T17:56:17.6634756Z             See :py:func:`ast.literal_eval()` for details.
2025-01-13T17:56:17.6635303Z             This option is ignored when `allow_pickle` is passed.  In that case
2025-01-13T17:56:17.6635906Z             the file is by definition trusted and the limit is unnecessary.
2025-01-13T17:56:17.6636367Z     
2025-01-13T17:56:17.6636617Z         Returns
2025-01-13T17:56:17.6637036Z         -------
2025-01-13T17:56:17.6637341Z         result : array, tuple, dict, etc.
2025-01-13T17:56:17.6637852Z             Data stored in the file. For ``.npz`` files, the returned instance
2025-01-13T17:56:17.6638455Z             of NpzFile class must be closed to avoid leaking file descriptors.
2025-01-13T17:56:17.6638961Z     
2025-01-13T17:56:17.6639215Z         Raises
2025-01-13T17:56:17.6639475Z         ------
2025-01-13T17:56:17.6639729Z         OSError
2025-01-13T17:56:17.6640058Z             If the input file does not exist or cannot be read.
2025-01-13T17:56:17.6640483Z         UnpicklingError
2025-01-13T17:56:17.6640908Z             If ``allow_pickle=True``, but the file cannot be loaded as a pickle.
2025-01-13T17:56:17.6641399Z         ValueError
2025-01-13T17:56:17.6641802Z             The file contains an object array, but ``allow_pickle=False`` given.
2025-01-13T17:56:17.6642280Z         EOFError
2025-01-13T17:56:17.6642676Z             When calling ``np.load`` multiple times on the same file handle,
2025-01-13T17:56:17.6643164Z             if all data has already been read
2025-01-13T17:56:17.6643528Z     
2025-01-13T17:56:17.6643767Z         See Also
2025-01-13T17:56:17.6644044Z         --------
2025-01-13T17:56:17.6644358Z         save, savez, savez_compressed, loadtxt
2025-01-13T17:56:17.6644904Z         memmap : Create a memory-map to an array stored in a file on disk.
2025-01-13T17:56:17.6645740Z         lib.format.open_memmap : Create or load a memory-mapped ``.npy`` file.
2025-01-13T17:56:17.6646253Z     
2025-01-13T17:56:17.6646492Z         Notes
2025-01-13T17:56:17.6646748Z         -----
2025-01-13T17:56:17.6647339Z         - If the file contains pickle data, then whatever object is stored
2025-01-13T17:56:17.6647829Z           in the pickle is returned.
2025-01-13T17:56:17.6648295Z         - If the file is a ``.npy`` file, then a single array is returned.
2025-01-13T17:56:17.6648848Z         - If the file is a ``.npz`` file, then a dictionary-like object is
2025-01-13T17:56:17.6649635Z           returned, containing ``{filename: array}`` key-value pairs, one for
2025-01-13T17:56:17.6650167Z           each file in the archive.
2025-01-13T17:56:17.6650604Z         - If the file is a ``.npz`` file, the returned value supports the
2025-01-13T17:56:17.6651241Z           context manager protocol in a similar fashion to the open function::
2025-01-13T17:56:17.6651786Z     
2025-01-13T17:56:17.6652055Z             with load('foo.npz') as data:
2025-01-13T17:56:17.6652492Z                 a = data['a']
2025-01-13T17:56:17.6652811Z     
2025-01-13T17:56:17.6653189Z           The underlying file descriptor is closed when exiting the 'with'
2025-01-13T17:56:17.6653687Z           block.
2025-01-13T17:56:17.6653949Z     
2025-01-13T17:56:17.6654186Z         Examples
2025-01-13T17:56:17.6654469Z         --------
2025-01-13T17:56:17.6654782Z         Store data to disk, and load it again:
2025-01-13T17:56:17.6655159Z     
2025-01-13T17:56:17.6655478Z         >>> np.save('/tmp/123', np.array([[1, 2, 3], [4, 5, 6]]))
2025-01-13T17:56:17.6655916Z         >>> np.load('/tmp/123.npy')
2025-01-13T17:56:17.6656273Z         array([[1, 2, 3],
2025-01-13T17:56:17.6656587Z                [4, 5, 6]])
2025-01-13T17:56:17.6657033Z     
2025-01-13T17:56:17.6657357Z         Store compressed data to disk, and load it again:
2025-01-13T17:56:17.6657788Z     
2025-01-13T17:56:17.6658049Z         >>> a=np.array([[1, 2, 3], [4, 5, 6]])
2025-01-13T17:56:17.6658432Z         >>> b=np.array([1, 2])
2025-01-13T17:56:17.6658783Z         >>> np.savez('/tmp/123.npz', a=a, b=b)
2025-01-13T17:56:17.6659190Z         >>> data = np.load('/tmp/123.npz')
2025-01-13T17:56:17.6659558Z         >>> data['a']
2025-01-13T17:56:17.6659854Z         array([[1, 2, 3],
2025-01-13T17:56:17.6660151Z                [4, 5, 6]])
2025-01-13T17:56:17.6660447Z         >>> data['b']
2025-01-13T17:56:17.6660738Z         array([1, 2])
2025-01-13T17:56:17.6661027Z         >>> data.close()
2025-01-13T17:56:17.6661327Z     
2025-01-13T17:56:17.6661682Z         Mem-map the stored array, and then access the second row
2025-01-13T17:56:17.6662150Z         directly from disk:
2025-01-13T17:56:17.6662465Z     
2025-01-13T17:56:17.6662757Z         >>> X = np.load('/tmp/123.npy', mmap_mode='r')
2025-01-13T17:56:17.6663148Z         >>> X[1, :]
2025-01-13T17:56:17.6663428Z         memmap([4, 5, 6])
2025-01-13T17:56:17.6663742Z     
2025-01-13T17:56:17.6663975Z         """
2025-01-13T17:56:17.6664282Z         if encoding not in ('ASCII', 'latin1', 'bytes'):
2025-01-13T17:56:17.6664779Z             # The 'encoding' value for pickle also affects what encoding
2025-01-13T17:56:17.6665308Z             # the serialized binary data of NumPy arrays is loaded
2025-01-13T17:56:17.6665819Z             # in. Pickle does not pass on the encoding information to
2025-01-13T17:56:17.6666349Z             # NumPy. The unpickling code in numpy.core.multiarray is
2025-01-13T17:56:17.6667032Z             # written to assume that unicode data appearing where binary
2025-01-13T17:56:17.6667602Z             # should be is in 'latin1'. 'bytes' is also safe, as is 'ASCII'.
2025-01-13T17:56:17.6668055Z             #
2025-01-13T17:56:17.6668405Z             # Other encoding values can corrupt binary data, and we
2025-01-13T17:56:17.6668996Z             # purposefully disallow them. For the same reason, the errors=
2025-01-13T17:56:17.6669856Z             # argument is not exposed, as values other than 'strict'
2025-01-13T17:56:17.6670391Z             # result can similarly silently corrupt numerical data.
2025-01-13T17:56:17.6670977Z             raise ValueError("encoding must be 'ASCII', 'latin1', or 'bytes'")
2025-01-13T17:56:17.6671478Z     
2025-01-13T17:56:17.6671845Z         pickle_kwargs = dict(encoding=encoding, fix_imports=fix_imports)
2025-01-13T17:56:17.6672320Z     
2025-01-13T17:56:17.6672602Z         with contextlib.ExitStack() as stack:
2025-01-13T17:56:17.6673017Z             if hasattr(file, 'read'):
2025-01-13T17:56:17.6673377Z                 fid = file
2025-01-13T17:56:17.6673865Z                 own_fid = False
2025-01-13T17:56:17.6674193Z             else:
2025-01-13T17:56:17.6674565Z >               fid = stack.enter_context(open(os_fspath(file), "rb"))
2025-01-13T17:56:17.6675662Z E               FileNotFoundError: [Errno 2] No such file or directory: '/home/runner/work/tardis/tardis/tardis-regression-data/test_tau_sobolev/test_calculate_beta_sobolevs.npy'
2025-01-13T17:56:17.6676606Z 
2025-01-13T17:56:17.6677192Z ../../../micromamba/envs/tardis/lib/python3.12/site-packages/numpy/lib/npyio.py:427: FileNotFoundError
2025-01-13T17:56:17.6678066Z =============================== warnings summary ===============================
2025-01-13T17:56:17.6678572Z tardis/io/configuration/config_validator.py:6
2025-01-13T17:56:17.6679022Z tardis/io/configuration/config_validator.py:6
2025-01-13T17:56:17.6679816Z   /home/runner/work/tardis/tardis/tardis/io/configuration/config_validator.py:6: DeprecationWarning:
2025-01-13T17:56:17.6680528Z   
2025-01-13T17:56:17.6682636Z   jsonschema.RefResolver is deprecated as of v4.18.0, in favor of the https://github.com/python-jsonschema/referencing library, which provides more compliant referencing behavior as well as more flexible APIs for customization. A future release will remove RefResolver. Please file a feature request (on referencing) if you are missing an API for the kind of customization you need.
2025-01-13T17:56:17.6684668Z 
2025-01-13T17:56:17.6685047Z ../../../micromamba/envs/tardis/lib/python3.12/site-packages/jupyter_client/connect.py:22
2025-01-13T17:56:17.6686109Z   /home/runner/micromamba/envs/tardis/lib/python3.12/site-packages/jupyter_client/connect.py:22: DeprecationWarning:
2025-01-13T17:56:17.6687145Z   
2025-01-13T17:56:17.6687526Z   Jupyter is migrating its paths to use standard platformdirs
2025-01-13T17:56:17.6687929Z   given by the platformdirs library.  To remove this warning and
2025-01-13T17:56:17.6688341Z   see the appropriate new directories, set the environment variable
2025-01-13T17:56:17.6688749Z   `JUPYTER_PLATFORM_DIRS=1` and then run `jupyter --paths`.
2025-01-13T17:56:17.6689159Z   The use of platformdirs will be the default in `jupyter_core` v6
2025-01-13T17:56:17.6689407Z 
2025-01-13T17:56:17.6689578Z tardis/io/tests/test_HDFWriter.py::test_multi_index_write
2025-01-13T17:56:17.6690069Z tardis/visualization/widgets/tests/test_shell_info.py::TestHDFShellInfo::test_shells_data
2025-01-13T17:56:17.6690636Z   /home/runner/work/tardis/tardis/tardis/io/util.py:276: PerformanceWarning:
2025-01-13T17:56:17.6691005Z   
2025-01-13T17:56:17.6691165Z   
2025-01-13T17:56:17.6691458Z   your performance may suffer as PyTables will pickle object types that it cannot
2025-01-13T17:56:17.6692006Z   map directly to c-types [inferred_type->mixed,key->block0_values] [items->Index([0], dtype='int64')]
2025-01-13T17:56:17.6692358Z 
2025-01-13T17:56:17.6692557Z tardis/io/tests/test_model_reader.py::test_read_cmfgen_isotope_abundances
2025-01-13T17:56:17.6693053Z tardis/plasma/tests/test_tardis_model_density_config.py::test_electron_densities
2025-01-13T17:56:17.6693605Z tardis/plasma/tests/test_tardis_model_density_config.py::test_isotope_number_densities
2025-01-13T17:56:17.6694118Z tardis/plasma/tests/test_tardis_model_density_config.py::test_t_rad
2025-01-13T17:56:17.6694700Z   /home/runner/work/tardis/tardis/tardis/io/model/readers/cmfgen_deprecated.py:82: DeprecationWarning:
2025-01-13T17:56:17.6695336Z   
2025-01-13T17:56:17.6695547Z   The current CMFGEN model parser is deprecated
2025-01-13T17:56:17.6695748Z 
2025-01-13T17:56:17.6695867Z tardis/io/tests/test_model_reader.py: 1 warning
2025-01-13T17:56:17.6696241Z tardis/plasma/tests/test_tardis_model_density_config.py: 9 warnings
2025-01-13T17:56:17.6696986Z   /home/runner/work/tardis/tardis/tardis/io/model/readers/cmfgen_deprecated.py:40: DeprecationWarning:
2025-01-13T17:56:17.6697525Z   
2025-01-13T17:56:17.6697727Z   The current CMFGEN model parser is deprecated
2025-01-13T17:56:17.6697915Z 
2025-01-13T17:56:17.6698139Z tardis/model/tests/test_base.py::TestModelFromPaper1Config::test_abundances
2025-01-13T17:56:17.6698937Z   /home/runner/work/tardis/tardis/tardis/transport/montecarlo/montecarlo_main_loop.py:123: NumbaTypeSafetyWarning:
2025-01-13T17:56:17.6699474Z   
2025-01-13T17:56:17.6699958Z   [1m[1m[1munsafe cast from uint64 to int64. Precision may be lost.[0m[0m[0m
2025-01-13T17:56:17.6700233Z 
2025-01-13T17:56:17.6700341Z tardis/model/tests/test_base.py: 6 warnings
2025-01-13T17:56:17.6700647Z tardis/model/tests/test_csvy_model.py: 2 warnings
2025-01-13T17:56:17.6701029Z tardis/plasma/tests/test_tardis_model_density_config.py: 3 warnings
2025-01-13T17:56:17.6701558Z   /home/runner/work/tardis/tardis/tardis/model/geometry/radial1d.py:50: DeprecationWarning:
2025-01-13T17:56:17.6701987Z   
2025-01-13T17:56:17.6702185Z   v_inner_boundary < 0, assuming default value
2025-01-13T17:56:17.6702376Z 
2025-01-13T17:56:17.6702478Z tardis/model/tests/test_base.py: 6 warnings
2025-01-13T17:56:17.6702776Z tardis/model/tests/test_csvy_model.py: 2 warnings
2025-01-13T17:56:17.6703153Z tardis/plasma/tests/test_tardis_model_density_config.py: 3 warnings
2025-01-13T17:56:17.6703689Z   /home/runner/work/tardis/tardis/tardis/model/geometry/radial1d.py:61: DeprecationWarning:
2025-01-13T17:56:17.6704107Z   
2025-01-13T17:56:17.6704300Z   v_outer_boundary < 0, assuming default value
2025-01-13T17:56:17.6704486Z 
2025-01-13T17:56:17.6704961Z tardis/plasma/equilibrium/tests/test_level_populations.py::TestLevelPopulationSolver::test_solve[collisional_rate_solver0-radiative_transitions0]
2025-01-13T17:56:17.6705815Z   /home/runner/work/tardis/tardis/tardis/plasma/equilibrium/level_populations.py:65: FutureWarning:
2025-01-13T17:56:17.6706273Z   
2025-01-13T17:56:17.6706645Z   A value is trying to be set on a copy of a DataFrame or Series through chained assignment using an inplace method.
2025-01-13T17:56:17.6707595Z   The behavior will change in pandas 3.0. This inplace method will never work because the intermediate object on which we are setting values always behaves as a copy.
2025-01-13T17:56:17.6708198Z   
2025-01-13T17:56:17.6708831Z   For example, when doing 'df[col].method(value, inplace=True)', try using 'df.method({col: value}, inplace=True)' or df[col] = df[col].method(value) instead, to perform the operation inplace on the original object.
2025-01-13T17:56:17.6709449Z 
2025-01-13T17:56:17.6709618Z tardis/plasma/tests/test_complete_plasmas.py: 20 warnings
2025-01-13T17:56:17.6710146Z   /home/runner/work/tardis/tardis/tardis/plasma/tests/test_complete_plasmas.py:197: UserWarning:
2025-01-13T17:56:17.6710589Z   
2025-01-13T17:56:17.6710769Z   Property "atomic_mass" not found
2025-01-13T17:56:17.6710938Z 
2025-01-13T17:56:17.6711378Z tardis/plasma/tests/test_complete_plasmas.py::TestPlasma::test_plasma_properties[radiative_rates_type:detailed-w_epsilon:1e-10-j_blues_norm_factor]
2025-01-13T17:56:17.6712273Z tardis/plasma/tests/test_complete_plasmas.py::TestPlasma::test_plasma_properties[radiative_rates_type:detailed-j_blues_norm_factor]
2025-01-13T17:56:17.6713019Z   /home/runner/work/tardis/tardis/tardis/plasma/tests/test_complete_plasmas.py:197: UserWarning:
2025-01-13T17:56:17.6713458Z   
2025-01-13T17:56:17.6713648Z   Property "j_blues_norm_factor" not found
2025-01-13T17:56:17.6713828Z 
2025-01-13T17:56:17.6714252Z tardis/plasma/tests/test_complete_plasmas.py::TestPlasma::test_plasma_properties[radiative_rates_type:detailed-w_epsilon:1e-10-j_blue_estimator]
2025-01-13T17:56:17.6715271Z tardis/plasma/tests/test_complete_plasmas.py::TestPlasma::test_plasma_properties[radiative_rates_type:detailed-j_blue_estimator]
2025-01-13T17:56:17.6716002Z   /home/runner/work/tardis/tardis/tardis/plasma/tests/test_complete_plasmas.py:197: UserWarning:
2025-01-13T17:56:17.6716469Z   
2025-01-13T17:56:17.6716653Z   Property "j_blue_estimator" not found
2025-01-13T17:56:17.6716926Z 
2025-01-13T17:56:17.6717313Z tardis/plasma/tests/test_complete_plasmas.py::TestPlasma::test_plasma_properties[radiative_rates_type:detailed-w_epsilon:1e-10-volume]
2025-01-13T17:56:17.6718226Z tardis/plasma/tests/test_complete_plasmas.py::TestPlasma::test_plasma_properties[radiative_rates_type:detailed-volume]
2025-01-13T17:56:17.6718932Z   /home/runner/work/tardis/tardis/tardis/plasma/tests/test_complete_plasmas.py:197: UserWarning:
2025-01-13T17:56:17.6719369Z   
2025-01-13T17:56:17.6719545Z   Property "volume" not found
2025-01-13T17:56:17.6719700Z 
2025-01-13T17:56:17.6720105Z tardis/plasma/tests/test_complete_plasmas.py::TestPlasma::test_plasma_properties[radiative_rates_type:detailed-w_epsilon:1e-10-r_inner]
2025-01-13T17:56:17.6720925Z tardis/plasma/tests/test_complete_plasmas.py::TestPlasma::test_plasma_properties[radiative_rates_type:detailed-r_inner]
2025-01-13T17:56:17.6721629Z   /home/runner/work/tardis/tardis/tardis/plasma/tests/test_complete_plasmas.py:197: UserWarning:
2025-01-13T17:56:17.6722067Z   
2025-01-13T17:56:17.6722244Z   Property "r_inner" not found
2025-01-13T17:56:17.6722399Z 
2025-01-13T17:56:17.6722620Z tardis/plasma/tests/test_plasma_vboundary.py::test_plasma_vboundary[2900-3750]
2025-01-13T17:56:17.6723132Z tardis/plasma/tests/test_plasma_vboundary.py::test_plasma_vboundary[2900-3850]
2025-01-13T17:56:17.6723628Z tardis/plasma/tests/test_plasma_vboundary.py::test_plasma_vboundary[2900-3900]
2025-01-13T17:56:17.6724157Z   /home/runner/work/tardis/tardis/tardis/model/geometry/radial1d.py:71: UserWarning:
2025-01-13T17:56:17.6724557Z   
2025-01-13T17:56:17.6724845Z   Requesting inner boundary below inner shell. Extrapolating the inner cell
2025-01-13T17:56:17.6725129Z 
2025-01-13T17:56:17.6725342Z tardis/spectrum/tests/test_spectrum_solver.py::TestSpectrumSolver::test_solve
2025-01-13T17:56:17.6725842Z   /home/runner/work/tardis/tardis/tardis/spectrum/base.py:70: UserWarning:
2025-01-13T17:56:17.6726197Z   
2025-01-13T17:56:17.6726622Z   SpectrumSolver.spectrum_virtual_packets is zero. Please run the montecarlo simulation with no_of_virtual_packets > 0
2025-01-13T17:56:17.6727166Z 
2025-01-13T17:56:17.6727385Z tardis/spectrum/tests/test_spectrum_solver.py::TestSpectrumSolver::test_solve
2025-01-13T17:56:17.6727890Z   /home/runner/work/tardis/tardis/tardis/spectrum/base.py:111: UserWarning:
2025-01-13T17:56:17.6728243Z   
2025-01-13T17:56:17.6728683Z   SpectrumSolver.integrator: The FormalIntegrator is not yet available.Please run the montecarlo simulation at least once.
2025-01-13T17:56:17.6729123Z 
2025-01-13T17:56:17.6729343Z tardis/transport/montecarlo/tests/test_vpacket.py::test_trace_vpacket_volley
2025-01-13T17:56:17.6729765Z   <string>:3: NumbaPendingDeprecationWarning:
2025-01-13T17:56:17.6730027Z   
2025-01-13T17:56:17.6731198Z   [1m[1mCode using Numba extension API maybe depending on 'old_style' error-capturing, which is deprecated and will be replaced by 'new_style' in a future release. See details at https://numba.readthedocs.io/en/latest/reference/deprecation.html#deprecation-of-old-style-numba-captured-errors
2025-01-13T17:56:17.6732226Z   Exception origin:
2025-01-13T17:56:17.6732607Z     File "/home/runner/micromamba/envs/tardis/lib/python3.12/inspect.py", line 3180, in _bind
2025-01-13T17:56:17.6733041Z       raise TypeError(msg) from None
2025-01-13T17:56:17.6733304Z   [0m[0m
2025-01-13T17:56:17.6733410Z 
2025-01-13T17:56:17.6733743Z tardis/visualization/tools/tests/test_sdec_plot.py::TestSDECPlotter::test_mpl_image[plotter_generate_plot_mpl4]
2025-01-13T17:56:17.6734448Z   /home/runner/work/tardis/tardis/tardis/visualization/tools/sdec_plot.py:1225: RuntimeWarning:
2025-01-13T17:56:17.6735024Z   
2025-01-13T17:56:17.6735965Z   More than 20 figures have been opened. Figures created through the pyplot interface (`matplotlib.pyplot.figure`) are retained until explicitly closed and may consume too much memory. (To control this warning, see the rcParam `figure.max_open_warning`). Consider using `matplotlib.pyplot.close()`.
2025-01-13T17:56:17.6737089Z 
2025-01-13T17:56:17.6737464Z tardis/visualization/widgets/tests/test_custom_abundance.py::TestCustomAbundanceWidget::test_update_input_item_value
2025-01-13T17:56:17.6738386Z tardis/visualization/widgets/tests/test_custom_abundance.py::TestCustomAbundanceWidget::test_update_input_item_value
2025-01-13T17:56:17.6739185Z tardis/visualization/widgets/tests/test_custom_abundance.py::TestCustomAbundanceWidget::test_update_input_item_value
2025-01-13T17:56:17.6739963Z tardis/visualization/widgets/tests/test_custom_abundance.py::TestCustomAbundanceWidget::test_update_input_item_value
2025-01-13T17:56:17.6740745Z tardis/visualization/widgets/tests/test_custom_abundance.py::TestCustomAbundanceWidget::test_update_input_item_value
2025-01-13T17:56:17.6741522Z tardis/visualization/widgets/tests/test_custom_abundance.py::TestCustomAbundanceWidget::test_update_input_item_value
2025-01-13T17:56:17.6742310Z   /home/runner/micromamba/envs/tardis/lib/python3.12/site-packages/traitlets/traitlets.py:1385: DeprecationWarning:
2025-01-13T17:56:17.6742818Z   
2025-01-13T17:56:17.6743108Z   Passing unrecognized arguments to super(Checkbox).__init__(icon='lock').
2025-01-13T17:56:17.6743563Z   object.__init__() takes exactly one argument (the instance to initialize)
2025-01-13T17:56:17.6744073Z   This is deprecated in traitlets 4.2.This error will be raised in a future release of traitlets.
2025-01-13T17:56:17.6744400Z 
2025-01-13T17:56:17.6744759Z tardis/visualization/widgets/tests/test_custom_abundance.py::TestCustomAbundanceWidget::test_update_input_item_value
2025-01-13T17:56:17.6745544Z tardis/visualization/widgets/tests/test_custom_abundance.py::TestCustomAbundanceWidget::test_update_input_item_value
2025-01-13T17:56:17.6746334Z   /home/runner/micromamba/envs/tardis/lib/python3.12/site-packages/traitlets/traitlets.py:1385: DeprecationWarning:
2025-01-13T17:56:17.6746952Z   
2025-01-13T17:56:17.6747229Z   Passing unrecognized arguments to super(FloatText).__init__(min=0).
2025-01-13T17:56:17.6747665Z   object.__init__() takes exactly one argument (the instance to initialize)
2025-01-13T17:56:17.6748162Z   This is deprecated in traitlets 4.2.This error will be raised in a future release of traitlets.
2025-01-13T17:56:17.6748488Z 
2025-01-13T17:56:17.6748844Z tardis/visualization/widgets/tests/test_custom_abundance.py::TestCustomAbundanceWidget::test_update_input_item_value
2025-01-13T17:56:17.6749628Z   /home/runner/micromamba/envs/tardis/lib/python3.12/site-packages/traitlets/traitlets.py:1385: DeprecationWarning:
2025-01-13T17:56:17.6750134Z   
2025-01-13T17:56:17.6750411Z   Passing unrecognized arguments to super(HTML).__init__(indent=True).
2025-01-13T17:56:17.6750865Z   object.__init__() takes exactly one argument (the instance to initialize)
2025-01-13T17:56:17.6751365Z   This is deprecated in traitlets 4.2.This error will be raised in a future release of traitlets.
2025-01-13T17:56:17.6751686Z 
2025-01-13T17:56:17.6752128Z tardis/visualization/widgets/tests/test_line_info.py::TestLineInfoWidgetData::test_get_species_interactions[wavelength_range0-packet_out_nu]
2025-01-13T17:56:17.6752973Z   /home/runner/micromamba/envs/tardis/lib/python3.12/site-packages/qgridnext/grid.py:830: DeprecationWarning:
2025-01-13T17:56:17.6753460Z   
2025-01-13T17:56:17.6753829Z   QgridWidget._show_toolbar_changed is deprecated in traitlets 4.1: use @observe and @unobserve instead.
2025-01-13T17:56:17.6754189Z 
2025-01-13T17:56:17.6754456Z tardis/visualization/widgets/tests/test_shell_info.py::TestHDFShellInfo::test_shells_data
2025-01-13T17:56:17.6755013Z   /home/runner/work/tardis/tardis/tardis/io/util.py:289: PerformanceWarning:
2025-01-13T17:56:17.6755503Z   
2025-01-13T17:56:17.6755661Z   
2025-01-13T17:56:17.6755957Z   your performance may suffer as PyTables will pickle object types that it cannot
2025-01-13T17:56:17.6756511Z   map directly to c-types [inferred_type->mixed,key->block0_values] [items->Index([0], dtype='int64')]
2025-01-13T17:56:17.6756970Z 
2025-01-13T17:56:17.6757235Z tardis/visualization/widgets/tests/test_shell_info.py::TestHDFShellInfo::test_shells_data
2025-01-13T17:56:17.6757785Z   /home/runner/work/tardis/tardis/tardis/io/util.py:292: PerformanceWarning:
2025-01-13T17:56:17.6758146Z   
2025-01-13T17:56:17.6758303Z   
2025-01-13T17:56:17.6758716Z   your performance may suffer as PyTables will pickle object types that it cannot
2025-01-13T17:56:17.6759194Z   map directly to c-types [inferred_type->mixed,key->values] [items->None]
2025-01-13T17:56:17.6759458Z 
2025-01-13T17:56:17.6759719Z tardis/visualization/widgets/tests/test_shell_info.py::TestHDFShellInfo::test_shells_data
2025-01-13T17:56:17.6760328Z   /home/runner/work/tardis/tardis/tardis/spectrum/formal_integral.py:398: UserWarning:
2025-01-13T17:56:17.6760736Z   
2025-01-13T17:56:17.6761016Z   The number of interpolate_shells was not specified. The value was set to 80.
2025-01-13T17:56:17.6761293Z 
2025-01-13T17:56:17.6761488Z -- Docs: https://docs.pytest.org/en/stable/how-to/capture-warnings.html
2025-01-13T17:56:17.6761765Z 
2025-01-13T17:56:17.6761929Z ---------- coverage: platform linux, python 3.12.4-final-0 -----------
2025-01-13T17:56:17.6762297Z Coverage HTML written to dir coverage_html_report
2025-01-13T17:56:17.6762598Z Coverage XML written to file coverage.xml
2025-01-13T17:56:17.6762780Z 
2025-01-13T17:56:17.6762908Z =========================== short test summary info ============================
2025-01-13T17:56:17.6763879Z FAILED tardis/opacities/tests/test_tau_sobolev.py::test_calculate_sobolev_line_opacity - FileNotFoundError: File /home/runner/work/tardis/tardis/tardis-regression-data/test_tau_sobolev/test_calculate_sobolev_line_opacity.h5 does not exist
2025-01-13T17:56:17.6765475Z FAILED tardis/opacities/tests/test_tau_sobolev.py::test_calculate_beta_sobolevs - FileNotFoundError: [Errno 2] No such file or directory: '/home/runner/work/tardis/tardis/tardis-regression-data/test_tau_sobolev/test_calculate_beta_sobolevs.npy'
2025-01-13T17:56:17.6766565Z = 2 failed, 1436 passed, 329 skipped, 2 deselected, 19 xfailed, 8 xpassed, 91 warnings in 763.69s (0:12:43) =
2025-01-13T17:56:20.0916180Z ##[error]Process completed with exit code 1.
2025-01-13T17:56:20.0991535Z Post job cleanup.
2025-01-13T17:56:20.1022877Z Post job cleanup.
2025-01-13T17:56:20.2383463Z Will use pre-installed micromamba at /home/runner/micromamba-bin/micromamba
2025-01-13T17:56:20.2391006Z Removing micromamba run shell ...
2025-01-13T17:56:20.2394990Z ##[group]Deinitialize micromamba for bash
2025-01-13T17:56:20.2414155Z [command]/home/runner/micromamba-bin/micromamba shell deinit -s bash -r /home/runner/micromamba --log-level warning --rc-file /home/runner/work/_temp/setup-micromamba/.condarc
2025-01-13T17:56:20.2516447Z Resetting RC file "/home/runner/.bashrc"
2025-01-13T17:56:20.2517270Z Deleting config for root prefix 
2025-01-13T17:56:20.2517818Z Clearing mamba executable environment variable
2025-01-13T17:56:20.2519700Z Removing the following in your "/home/runner/.bashrc" file
2025-01-13T17:56:20.2520813Z # >>> mamba initialize >>>
2025-01-13T17:56:20.2521146Z ...
2025-01-13T17:56:20.2521416Z # <<< mamba initialize <<<
2025-01-13T17:56:20.2551504Z Removing mamba initialize block from .bash_profile
2025-01-13T17:56:20.2567827Z ##[endgroup]
2025-01-13T17:56:20.2572962Z Removing environment tardis from auto-activate bash ...
2025-01-13T17:56:20.2698355Z Post job cleanup.
2025-01-13T17:56:20.2737979Z Post job cleanup.
2025-01-13T17:56:20.3752842Z [command]/usr/bin/git version
2025-01-13T17:56:20.3791200Z git version 2.47.1
2025-01-13T17:56:20.3839822Z Temporarily overriding HOME='/home/runner/work/_temp/cc571d95-8237-491d-9777-72acd186ff94' before making global git config changes
2025-01-13T17:56:20.3841492Z Adding repository directory to the temporary git global config as a safe directory
2025-01-13T17:56:20.3853771Z [command]/usr/bin/git config --global --add safe.directory /home/runner/work/tardis/tardis/tardis-regression-data
2025-01-13T17:56:20.3892311Z [command]/usr/bin/git config --local --name-only --get-regexp core\.sshCommand
2025-01-13T17:56:20.3925473Z [command]/usr/bin/git submodule foreach --recursive sh -c "git config --local --name-only --get-regexp 'core\.sshCommand' && git config --local --unset-all 'core.sshCommand' || :"
2025-01-13T17:56:20.4164065Z [command]/usr/bin/git config --local --name-only --get-regexp http\.https\:\/\/github\.com\/\.extraheader
2025-01-13T17:56:20.4189410Z http.https://github.com/.extraheader
2025-01-13T17:56:20.4202229Z [command]/usr/bin/git config --local --unset-all http.https://github.com/.extraheader
2025-01-13T17:56:20.4233849Z [command]/usr/bin/git submodule foreach --recursive sh -c "git config --local --name-only --get-regexp 'http\.https\:\/\/github\.com\/\.extraheader' && git config --local --unset-all 'http.https://github.com/.extraheader' || :"
2025-01-13T17:56:20.4582824Z Post job cleanup.
2025-01-13T17:56:20.5567097Z [command]/usr/bin/git version
2025-01-13T17:56:20.5604606Z git version 2.47.1
2025-01-13T17:56:20.5657097Z Temporarily overriding HOME='/home/runner/work/_temp/d0aa9750-e784-49ee-9a97-f050276bcad5' before making global git config changes
2025-01-13T17:56:20.5658448Z Adding repository directory to the temporary git global config as a safe directory
2025-01-13T17:56:20.5663444Z [command]/usr/bin/git config --global --add safe.directory /home/runner/work/tardis/tardis
2025-01-13T17:56:20.5700700Z [command]/usr/bin/git config --local --name-only --get-regexp core\.sshCommand
2025-01-13T17:56:20.5734756Z [command]/usr/bin/git submodule foreach --recursive sh -c "git config --local --name-only --get-regexp 'core\.sshCommand' && git config --local --unset-all 'core.sshCommand' || :"
2025-01-13T17:56:20.5979138Z [command]/usr/bin/git config --local --name-only --get-regexp http\.https\:\/\/github\.com\/\.extraheader
2025-01-13T17:56:20.6002228Z http.https://github.com/.extraheader
2025-01-13T17:56:20.6015162Z [command]/usr/bin/git config --local --unset-all http.https://github.com/.extraheader
2025-01-13T17:56:20.6047864Z [command]/usr/bin/git submodule foreach --recursive sh -c "git config --local --name-only --get-regexp 'http\.https\:\/\/github\.com\/\.extraheader' && git config --local --unset-all 'http.https://github.com/.extraheader' || :"
2025-01-13T17:56:20.6397610Z Cleaning up orphan processes
