2025-01-14T12:40:02.5129623Z Requested labels: ubuntu-latest
2025-01-14T12:40:02.5129756Z Job defined at: tardis-sn/tardis/.github/workflows/tests.yml@refs/pull/2932/merge
2025-01-14T12:40:02.5129838Z Waiting for a runner to pick up this job...
2025-01-14T12:40:02.7783633Z Job is waiting for a hosted runner to come online.
2025-01-14T12:40:07.0680387Z Job is about to start running on the hosted runner: GitHub Actions 51 (hosted)
2025-01-14T12:40:09.0048174Z Current runner version: '2.321.0'
2025-01-14T12:40:09.0073185Z ##[group]Operating System
2025-01-14T12:40:09.0074041Z Ubuntu
2025-01-14T12:40:09.0074544Z 24.04.1
2025-01-14T12:40:09.0075004Z LTS
2025-01-14T12:40:09.0075719Z ##[endgroup]
2025-01-14T12:40:09.0076268Z ##[group]Runner Image
2025-01-14T12:40:09.0076793Z Image: ubuntu-24.04
2025-01-14T12:40:09.0077360Z Version: 20250105.1.0
2025-01-14T12:40:09.0078414Z Included Software: https://github.com/actions/runner-images/blob/ubuntu24/20250105.1/images/ubuntu/Ubuntu2404-Readme.md
2025-01-14T12:40:09.0079768Z Image Release: https://github.com/actions/runner-images/releases/tag/ubuntu24%2F20250105.1
2025-01-14T12:40:09.0080713Z ##[endgroup]
2025-01-14T12:40:09.0081244Z ##[group]Runner Image Provisioner
2025-01-14T12:40:09.0081788Z 2.0.414.1
2025-01-14T12:40:09.0082299Z ##[endgroup]
2025-01-14T12:40:09.0084359Z ##[group]GITHUB_TOKEN Permissions
2025-01-14T12:40:09.0086420Z Actions: read
2025-01-14T12:40:09.0087196Z Attestations: read
2025-01-14T12:40:09.0087835Z Checks: read
2025-01-14T12:40:09.0088348Z Contents: read
2025-01-14T12:40:09.0088832Z Deployments: read
2025-01-14T12:40:09.0089392Z Discussions: read
2025-01-14T12:40:09.0089894Z Issues: read
2025-01-14T12:40:09.0090340Z Metadata: read
2025-01-14T12:40:09.0090906Z Packages: read
2025-01-14T12:40:09.0091396Z Pages: read
2025-01-14T12:40:09.0091839Z PullRequests: read
2025-01-14T12:40:09.0092429Z RepositoryProjects: read
2025-01-14T12:40:09.0092991Z SecurityEvents: read
2025-01-14T12:40:09.0093471Z Statuses: read
2025-01-14T12:40:09.0094024Z ##[endgroup]
2025-01-14T12:40:09.0097011Z Secret source: None
2025-01-14T12:40:09.0097657Z Prepare workflow directory
2025-01-14T12:40:09.0716966Z Prepare all required actions
2025-01-14T12:40:09.0753627Z Getting action download info
2025-01-14T12:40:09.2628593Z Download action repository 'actions/checkout@v4' (SHA:11bd71901bbe5b1630ceea73d27597364c9af683)
2025-01-14T12:40:09.3765540Z Download action repository 'actions/upload-artifact@v4' (SHA:65c4c4a1ddee5b72f698fdd19549f0f0fb45cf08)
2025-01-14T12:40:10.3873158Z Complete job name:  continuum ubuntu-latest 
2025-01-14T12:40:10.4543891Z ##[group]Run actions/checkout@v4
2025-01-14T12:40:10.4544786Z with:
2025-01-14T12:40:10.4545398Z   repository: tardis-sn/tardis
2025-01-14T12:40:10.4546103Z   token: ***
2025-01-14T12:40:10.4546521Z   ssh-strict: true
2025-01-14T12:40:10.4546945Z   ssh-user: git
2025-01-14T12:40:10.4547384Z   persist-credentials: true
2025-01-14T12:40:10.4547870Z   clean: true
2025-01-14T12:40:10.4548304Z   sparse-checkout-cone-mode: true
2025-01-14T12:40:10.4548818Z   fetch-depth: 1
2025-01-14T12:40:10.4549230Z   fetch-tags: false
2025-01-14T12:40:10.4549680Z   show-progress: true
2025-01-14T12:40:10.4550119Z   lfs: false
2025-01-14T12:40:10.4550549Z   submodules: false
2025-01-14T12:40:10.4551015Z   set-safe-directory: true
2025-01-14T12:40:10.4551738Z env:
2025-01-14T12:40:10.4552207Z   CACHE_NUMBER: 0
2025-01-14T12:40:10.4553418Z   PYTEST_FLAGS: --tardis-regression-data=/home/runner/work/tardis/tardis/tardis-regression-data --cov=tardis --cov-report=xml --cov-report=html --cov-append
2025-01-14T12:40:10.4554786Z   CODECOV_TOKEN: 
2025-01-14T12:40:10.4555380Z ##[endgroup]
2025-01-14T12:40:10.6715720Z Syncing repository: tardis-sn/tardis
2025-01-14T12:40:10.6718557Z ##[group]Getting Git version info
2025-01-14T12:40:10.6719643Z Working directory is '/home/runner/work/tardis/tardis'
2025-01-14T12:40:10.6721695Z [command]/usr/bin/git version
2025-01-14T12:40:10.6789034Z git version 2.47.1
2025-01-14T12:40:10.6820475Z ##[endgroup]
2025-01-14T12:40:10.6836139Z Temporarily overriding HOME='/home/runner/work/_temp/d9588134-de18-4fe3-9a45-3aa2b8811f93' before making global git config changes
2025-01-14T12:40:10.6838866Z Adding repository directory to the temporary git global config as a safe directory
2025-01-14T12:40:10.6842677Z [command]/usr/bin/git config --global --add safe.directory /home/runner/work/tardis/tardis
2025-01-14T12:40:10.6881360Z Deleting the contents of '/home/runner/work/tardis/tardis'
2025-01-14T12:40:10.6885866Z ##[group]Initializing the repository
2025-01-14T12:40:10.6890605Z [command]/usr/bin/git init /home/runner/work/tardis/tardis
2025-01-14T12:40:10.7003528Z hint: Using 'master' as the name for the initial branch. This default branch name
2025-01-14T12:40:10.7004916Z hint: is subject to change. To configure the initial branch name to use in all
2025-01-14T12:40:10.7006262Z hint: of your new repositories, which will suppress this warning, call:
2025-01-14T12:40:10.7006979Z hint:
2025-01-14T12:40:10.7007490Z hint: 	git config --global init.defaultBranch <name>
2025-01-14T12:40:10.7008197Z hint:
2025-01-14T12:40:10.7009339Z hint: Names commonly chosen instead of 'master' are 'main', 'trunk' and
2025-01-14T12:40:10.7010534Z hint: 'development'. The just-created branch can be renamed via this command:
2025-01-14T12:40:10.7012061Z hint:
2025-01-14T12:40:10.7012894Z hint: 	git branch -m <name>
2025-01-14T12:40:10.7014408Z Initialized empty Git repository in /home/runner/work/tardis/tardis/.git/
2025-01-14T12:40:10.7022424Z [command]/usr/bin/git remote add origin https://github.com/tardis-sn/tardis
2025-01-14T12:40:10.7058900Z ##[endgroup]
2025-01-14T12:40:10.7060353Z ##[group]Disabling automatic garbage collection
2025-01-14T12:40:10.7063621Z [command]/usr/bin/git config --local gc.auto 0
2025-01-14T12:40:10.7092679Z ##[endgroup]
2025-01-14T12:40:10.7094277Z ##[group]Setting up auth
2025-01-14T12:40:10.7100540Z [command]/usr/bin/git config --local --name-only --get-regexp core\.sshCommand
2025-01-14T12:40:10.7131284Z [command]/usr/bin/git submodule foreach --recursive sh -c "git config --local --name-only --get-regexp 'core\.sshCommand' && git config --local --unset-all 'core.sshCommand' || :"
2025-01-14T12:40:10.7519182Z [command]/usr/bin/git config --local --name-only --get-regexp http\.https\:\/\/github\.com\/\.extraheader
2025-01-14T12:40:10.7549647Z [command]/usr/bin/git submodule foreach --recursive sh -c "git config --local --name-only --get-regexp 'http\.https\:\/\/github\.com\/\.extraheader' && git config --local --unset-all 'http.https://github.com/.extraheader' || :"
2025-01-14T12:40:10.7784205Z [command]/usr/bin/git config --local http.https://github.com/.extraheader AUTHORIZATION: basic ***
2025-01-14T12:40:10.7821317Z ##[endgroup]
2025-01-14T12:40:10.7823003Z ##[group]Fetching the repository
2025-01-14T12:40:10.7831976Z [command]/usr/bin/git -c protocol.version=2 fetch --no-tags --prune --no-recurse-submodules --depth=1 origin +3de938af8400f67cddbe606b393ae95741adb29e:refs/remotes/pull/2932/merge
2025-01-14T12:40:12.3876096Z From https://github.com/tardis-sn/tardis
2025-01-14T12:40:12.3879234Z  * [new ref]         3de938af8400f67cddbe606b393ae95741adb29e -> pull/2932/merge
2025-01-14T12:40:12.3900703Z ##[endgroup]
2025-01-14T12:40:12.3902548Z ##[group]Determining the checkout info
2025-01-14T12:40:12.3904565Z ##[endgroup]
2025-01-14T12:40:12.3909136Z [command]/usr/bin/git sparse-checkout disable
2025-01-14T12:40:12.3963215Z [command]/usr/bin/git config --local --unset-all extensions.worktreeConfig
2025-01-14T12:40:12.3990731Z ##[group]Checking out the ref
2025-01-14T12:40:12.3993843Z [command]/usr/bin/git checkout --progress --force refs/remotes/pull/2932/merge
2025-01-14T12:40:12.6019941Z Note: switching to 'refs/remotes/pull/2932/merge'.
2025-01-14T12:40:12.6023005Z 
2025-01-14T12:40:12.6024024Z You are in 'detached HEAD' state. You can look around, make experimental
2025-01-14T12:40:12.6026804Z changes and commit them, and you can discard any commits you make in this
2025-01-14T12:40:12.6029370Z state without impacting any branches by switching back to a branch.
2025-01-14T12:40:12.6030890Z 
2025-01-14T12:40:12.6031912Z If you want to create a new branch to retain commits you create, you may
2025-01-14T12:40:12.6034262Z do so (now or later) by using -c with the switch command. Example:
2025-01-14T12:40:12.6035839Z 
2025-01-14T12:40:12.6036403Z   git switch -c <new-branch-name>
2025-01-14T12:40:12.6037426Z 
2025-01-14T12:40:12.6037966Z Or undo this operation with:
2025-01-14T12:40:12.6038867Z 
2025-01-14T12:40:12.6039743Z   git switch -
2025-01-14T12:40:12.6040440Z 
2025-01-14T12:40:12.6041640Z Turn off this advice by setting config variable advice.detachedHead to false
2025-01-14T12:40:12.6043509Z 
2025-01-14T12:40:12.6045807Z HEAD is now at 3de938a Merge 9461f98255b0b597b06e3bb3cd86f1cff5f6be08 into 2a06fdfb60190bbd9b49ff572d78772607138660
2025-01-14T12:40:12.6052305Z ##[endgroup]
2025-01-14T12:40:12.6088709Z [command]/usr/bin/git log -1 --format=%H
2025-01-14T12:40:12.6112536Z 3de938af8400f67cddbe606b393ae95741adb29e
2025-01-14T12:40:12.6485769Z Prepare all required actions
2025-01-14T12:40:12.6487083Z Getting action download info
2025-01-14T12:40:12.8189877Z Download action repository 'actions/cache@v4' (SHA:1bd1e32a3bdc45362d1e726936510720a7c30a57)
2025-01-14T12:40:13.1464741Z ##[group]Run ./.github/actions/setup_lfs
2025-01-14T12:40:13.1466000Z with:
2025-01-14T12:40:13.1466951Z   regression-data-repo: tardis-sn/tardis-regression-data
2025-01-14T12:40:13.1468129Z env:
2025-01-14T12:40:13.1468887Z   CACHE_NUMBER: 0
2025-01-14T12:40:13.1471174Z   PYTEST_FLAGS: --tardis-regression-data=/home/runner/work/tardis/tardis/tardis-regression-data --cov=tardis --cov-report=xml --cov-report=html --cov-append
2025-01-14T12:40:13.1473610Z   CODECOV_TOKEN: 
2025-01-14T12:40:13.1474400Z ##[endgroup]
2025-01-14T12:40:13.1666540Z ##[group]Run actions/checkout@v4
2025-01-14T12:40:13.1667464Z with:
2025-01-14T12:40:13.1668276Z   repository: tardis-sn/tardis-regression-data
2025-01-14T12:40:13.1669383Z   path: tardis-regression-data
2025-01-14T12:40:13.1670581Z   token: ***
2025-01-14T12:40:13.1671325Z   ssh-strict: true
2025-01-14T12:40:13.1672080Z   ssh-user: git
2025-01-14T12:40:13.1672865Z   persist-credentials: true
2025-01-14T12:40:13.1673727Z   clean: true
2025-01-14T12:40:13.1674498Z   sparse-checkout-cone-mode: true
2025-01-14T12:40:13.1675589Z   fetch-depth: 1
2025-01-14T12:40:13.1676367Z   fetch-tags: false
2025-01-14T12:40:13.1677155Z   show-progress: true
2025-01-14T12:40:13.1677952Z   lfs: false
2025-01-14T12:40:13.1678685Z   submodules: false
2025-01-14T12:40:13.1679490Z   set-safe-directory: true
2025-01-14T12:40:13.1680331Z env:
2025-01-14T12:40:13.1680999Z   CACHE_NUMBER: 0
2025-01-14T12:40:13.1683196Z   PYTEST_FLAGS: --tardis-regression-data=/home/runner/work/tardis/tardis/tardis-regression-data --cov=tardis --cov-report=xml --cov-report=html --cov-append
2025-01-14T12:40:13.1685774Z   CODECOV_TOKEN: 
2025-01-14T12:40:13.1686524Z ##[endgroup]
2025-01-14T12:40:13.2626619Z Syncing repository: tardis-sn/tardis-regression-data
2025-01-14T12:40:13.2632784Z ##[group]Getting Git version info
2025-01-14T12:40:13.2634275Z Working directory is '/home/runner/work/tardis/tardis/tardis-regression-data'
2025-01-14T12:40:13.2678655Z [command]/usr/bin/git version
2025-01-14T12:40:13.2720793Z git version 2.47.1
2025-01-14T12:40:13.2747374Z ##[endgroup]
2025-01-14T12:40:13.2761706Z Temporarily overriding HOME='/home/runner/work/_temp/362bc470-ccca-4c50-a87e-d59ac9cc1d68' before making global git config changes
2025-01-14T12:40:13.2766606Z Adding repository directory to the temporary git global config as a safe directory
2025-01-14T12:40:13.2770813Z [command]/usr/bin/git config --global --add safe.directory /home/runner/work/tardis/tardis/tardis-regression-data
2025-01-14T12:40:13.2798987Z ##[group]Initializing the repository
2025-01-14T12:40:13.2805133Z [command]/usr/bin/git init /home/runner/work/tardis/tardis/tardis-regression-data
2025-01-14T12:40:13.2841589Z hint: Using 'master' as the name for the initial branch. This default branch name
2025-01-14T12:40:13.2844189Z hint: is subject to change. To configure the initial branch name to use in all
2025-01-14T12:40:13.2846166Z hint: of your new repositories, which will suppress this warning, call:
2025-01-14T12:40:13.2847467Z hint:
2025-01-14T12:40:13.2848356Z hint: 	git config --global init.defaultBranch <name>
2025-01-14T12:40:13.2849464Z hint:
2025-01-14T12:40:13.2850529Z hint: Names commonly chosen instead of 'master' are 'main', 'trunk' and
2025-01-14T12:40:13.2852289Z hint: 'development'. The just-created branch can be renamed via this command:
2025-01-14T12:40:13.2853904Z hint:
2025-01-14T12:40:13.2855147Z hint: 	git branch -m <name>
2025-01-14T12:40:13.2858102Z Initialized empty Git repository in /home/runner/work/tardis/tardis/tardis-regression-data/.git/
2025-01-14T12:40:13.2862723Z [command]/usr/bin/git remote add origin https://github.com/tardis-sn/tardis-regression-data
2025-01-14T12:40:13.2888620Z ##[endgroup]
2025-01-14T12:40:13.2890921Z ##[group]Disabling automatic garbage collection
2025-01-14T12:40:13.2893339Z [command]/usr/bin/git config --local gc.auto 0
2025-01-14T12:40:13.2923171Z ##[endgroup]
2025-01-14T12:40:13.2925576Z ##[group]Setting up auth
2025-01-14T12:40:13.2930242Z [command]/usr/bin/git config --local --name-only --get-regexp core\.sshCommand
2025-01-14T12:40:13.2961869Z [command]/usr/bin/git submodule foreach --recursive sh -c "git config --local --name-only --get-regexp 'core\.sshCommand' && git config --local --unset-all 'core.sshCommand' || :"
2025-01-14T12:40:13.3182250Z [command]/usr/bin/git config --local --name-only --get-regexp http\.https\:\/\/github\.com\/\.extraheader
2025-01-14T12:40:13.3214916Z [command]/usr/bin/git submodule foreach --recursive sh -c "git config --local --name-only --get-regexp 'http\.https\:\/\/github\.com\/\.extraheader' && git config --local --unset-all 'http.https://github.com/.extraheader' || :"
2025-01-14T12:40:13.3436206Z [command]/usr/bin/git config --local http.https://github.com/.extraheader AUTHORIZATION: basic ***
2025-01-14T12:40:13.3472353Z ##[endgroup]
2025-01-14T12:40:13.3474416Z ##[group]Determining the default branch
2025-01-14T12:40:13.3476188Z Retrieving the default branch name
2025-01-14T12:40:13.7165105Z Default branch 'main'
2025-01-14T12:40:13.7166079Z ##[endgroup]
2025-01-14T12:40:13.7166647Z ##[group]Fetching the repository
2025-01-14T12:40:13.7173123Z [command]/usr/bin/git -c protocol.version=2 fetch --no-tags --prune --no-recurse-submodules --depth=1 origin +refs/heads/main:refs/remotes/origin/main
2025-01-14T12:40:14.4983293Z From https://github.com/tardis-sn/tardis-regression-data
2025-01-14T12:40:14.4984246Z  * [new branch]      main       -> origin/main
2025-01-14T12:40:14.5009599Z ##[endgroup]
2025-01-14T12:40:14.5010174Z ##[group]Determining the checkout info
2025-01-14T12:40:14.5011614Z ##[endgroup]
2025-01-14T12:40:14.5017402Z [command]/usr/bin/git sparse-checkout disable
2025-01-14T12:40:14.5060109Z [command]/usr/bin/git config --local --unset-all extensions.worktreeConfig
2025-01-14T12:40:14.5087307Z ##[group]Checking out the ref
2025-01-14T12:40:14.5091172Z [command]/usr/bin/git checkout --progress --force -B main refs/remotes/origin/main
2025-01-14T12:40:15.7197840Z Updating files:   3% (8/238)
2025-01-14T12:40:15.7201519Z Updating files:   4% (10/238)
2025-01-14T12:40:15.7263581Z Updating files:   5% (12/238)
2025-01-14T12:40:15.7267644Z Updating files:   6% (15/238)
2025-01-14T12:40:15.7318625Z Updating files:   7% (17/238)
2025-01-14T12:40:15.7326843Z Updating files:   8% (20/238)
2025-01-14T12:40:15.7332671Z Updating files:   9% (22/238)
2025-01-14T12:40:15.7339475Z Updating files:  10% (24/238)
2025-01-14T12:40:15.7344436Z Updating files:  11% (27/238)
2025-01-14T12:40:15.7349079Z Updating files:  12% (29/238)
2025-01-14T12:40:15.7359368Z Updating files:  13% (31/238)
2025-01-14T12:40:15.7364156Z Updating files:  14% (34/238)
2025-01-14T12:40:15.7370664Z Updating files:  15% (36/238)
2025-01-14T12:40:15.7374976Z Updating files:  16% (39/238)
2025-01-14T12:40:15.7378970Z Updating files:  17% (41/238)
2025-01-14T12:40:15.7384212Z Updating files:  18% (43/238)
2025-01-14T12:40:15.7387063Z Updating files:  19% (46/238)
2025-01-14T12:40:15.7392578Z Updating files:  20% (48/238)
2025-01-14T12:40:15.7401409Z Updating files:  21% (50/238)
2025-01-14T12:40:15.7404664Z Updating files:  22% (53/238)
2025-01-14T12:40:15.7411199Z Updating files:  23% (55/238)
2025-01-14T12:40:15.7415568Z Updating files:  24% (58/238)
2025-01-14T12:40:15.7420994Z Updating files:  25% (60/238)
2025-01-14T12:40:15.7426283Z Updating files:  26% (62/238)
2025-01-14T12:40:15.7434453Z Updating files:  27% (65/238)
2025-01-14T12:40:15.7441641Z Updating files:  28% (67/238)
2025-01-14T12:40:15.7446600Z Updating files:  29% (70/238)
2025-01-14T12:40:15.7451608Z Updating files:  30% (72/238)
2025-01-14T12:40:15.7457779Z Updating files:  31% (74/238)
2025-01-14T12:40:15.7462855Z Updating files:  32% (77/238)
2025-01-14T12:40:15.7468033Z Updating files:  33% (79/238)
2025-01-14T12:40:15.7479078Z Updating files:  34% (81/238)
2025-01-14T12:40:15.7483275Z Updating files:  35% (84/238)
2025-01-14T12:40:15.7490533Z Updating files:  36% (86/238)
2025-01-14T12:40:15.7495454Z Updating files:  37% (89/238)
2025-01-14T12:40:15.7501104Z Updating files:  38% (91/238)
2025-01-14T12:40:15.7506944Z Updating files:  39% (93/238)
2025-01-14T12:40:15.7511060Z Updating files:  40% (96/238)
2025-01-14T12:40:15.7518497Z Updating files:  41% (98/238)
2025-01-14T12:40:15.7525773Z Updating files:  42% (100/238)
2025-01-14T12:40:15.7531945Z Updating files:  43% (103/238)
2025-01-14T12:40:15.7536163Z Updating files:  44% (105/238)
2025-01-14T12:40:15.7539570Z Updating files:  45% (108/238)
2025-01-14T12:40:15.7543706Z Updating files:  46% (110/238)
2025-01-14T12:40:15.7548407Z Updating files:  47% (112/238)
2025-01-14T12:40:15.7552673Z Updating files:  48% (115/238)
2025-01-14T12:40:15.7560330Z Updating files:  49% (117/238)
2025-01-14T12:40:15.7567974Z Updating files:  50% (119/238)
2025-01-14T12:40:15.7572848Z Updating files:  51% (122/238)
2025-01-14T12:40:15.7578409Z Updating files:  52% (124/238)
2025-01-14T12:40:15.7583061Z Updating files:  53% (127/238)
2025-01-14T12:40:15.7588172Z Updating files:  54% (129/238)
2025-01-14T12:40:15.7593508Z Updating files:  55% (131/238)
2025-01-14T12:40:15.7597273Z Updating files:  56% (134/238)
2025-01-14T12:40:15.7608402Z Updating files:  57% (136/238)
2025-01-14T12:40:15.7612284Z Updating files:  58% (139/238)
2025-01-14T12:40:15.7616379Z Updating files:  59% (141/238)
2025-01-14T12:40:15.7621633Z Updating files:  60% (143/238)
2025-01-14T12:40:15.7625429Z Updating files:  61% (146/238)
2025-01-14T12:40:15.7629710Z Updating files:  62% (148/238)
2025-01-14T12:40:15.7636835Z Updating files:  63% (150/238)
2025-01-14T12:40:15.7640946Z Updating files:  64% (153/238)
2025-01-14T12:40:15.7646163Z Updating files:  65% (155/238)
2025-01-14T12:40:15.7649992Z Updating files:  66% (158/238)
2025-01-14T12:40:15.7653403Z Updating files:  67% (160/238)
2025-01-14T12:40:15.7660095Z Updating files:  68% (162/238)
2025-01-14T12:40:15.7663823Z Updating files:  69% (165/238)
2025-01-14T12:40:15.7667549Z Updating files:  70% (167/238)
2025-01-14T12:40:15.7671887Z Updating files:  71% (169/238)
2025-01-14T12:40:15.7674549Z Updating files:  72% (172/238)
2025-01-14T12:40:15.7678796Z Updating files:  73% (174/238)
2025-01-14T12:40:15.7681265Z Updating files:  74% (177/238)
2025-01-14T12:40:15.7685857Z Updating files:  75% (179/238)
2025-01-14T12:40:15.7692146Z Updating files:  76% (181/238)
2025-01-14T12:40:15.7694943Z Updating files:  77% (184/238)
2025-01-14T12:40:15.7701958Z Updating files:  78% (186/238)
2025-01-14T12:40:15.7705626Z Updating files:  79% (189/238)
2025-01-14T12:40:15.7708533Z Updating files:  80% (191/238)
2025-01-14T12:40:15.7712686Z Updating files:  81% (193/238)
2025-01-14T12:40:15.7715549Z Updating files:  82% (196/238)
2025-01-14T12:40:15.7719342Z Updating files:  83% (198/238)
2025-01-14T12:40:15.7727279Z Updating files:  84% (200/238)
2025-01-14T12:40:15.7730975Z Updating files:  85% (203/238)
2025-01-14T12:40:15.7736676Z Updating files:  86% (205/238)
2025-01-14T12:40:15.7739309Z Updating files:  87% (208/238)
2025-01-14T12:40:15.7742688Z Updating files:  88% (210/238)
2025-01-14T12:40:15.7747652Z Updating files:  89% (212/238)
2025-01-14T12:40:15.7750168Z Updating files:  90% (215/238)
2025-01-14T12:40:15.7753212Z Updating files:  91% (217/238)
2025-01-14T12:40:15.7759122Z Updating files:  92% (219/238)
2025-01-14T12:40:15.7763633Z Updating files:  93% (222/238)
2025-01-14T12:40:15.7769616Z Updating files:  94% (224/238)
2025-01-14T12:40:15.7772676Z Updating files:  95% (227/238)
2025-01-14T12:40:15.7776008Z Updating files:  96% (229/238)
2025-01-14T12:40:15.7781256Z Updating files:  97% (231/238)
2025-01-14T12:40:15.7785443Z Updating files:  98% (234/238)
2025-01-14T12:40:15.7790409Z Updating files:  99% (236/238)
2025-01-14T12:40:15.7790658Z Updating files: 100% (238/238)
2025-01-14T12:40:15.7790880Z Updating files: 100% (238/238), done.
2025-01-14T12:40:15.7807647Z Switched to a new branch 'main'
2025-01-14T12:40:15.7811612Z branch 'main' set up to track 'origin/main'.
2025-01-14T12:40:15.8067996Z ##[endgroup]
2025-01-14T12:40:15.8107116Z [command]/usr/bin/git log -1 --format=%H
2025-01-14T12:40:15.8130751Z fa7729bc9c30e14b69acd641af8b692b56fcd416
2025-01-14T12:40:15.8259487Z ##[group]Run git lfs ls-files -l | cut -d' ' -f1 | sort > .lfs-assets-id
2025-01-14T12:40:15.8260015Z [36;1mgit lfs ls-files -l | cut -d' ' -f1 | sort > .lfs-assets-id[0m
2025-01-14T12:40:15.8289863Z shell: /usr/bin/bash --noprofile --norc -e -o pipefail {0}
2025-01-14T12:40:15.8290203Z env:
2025-01-14T12:40:15.8290363Z   CACHE_NUMBER: 0
2025-01-14T12:40:15.8290966Z   PYTEST_FLAGS: --tardis-regression-data=/home/runner/work/tardis/tardis/tardis-regression-data --cov=tardis --cov-report=xml --cov-report=html --cov-append
2025-01-14T12:40:15.8291604Z   CODECOV_TOKEN: 
2025-01-14T12:40:15.8291776Z ##[endgroup]
2025-01-14T12:40:15.9847976Z ##[group]Run actions/cache/restore@v4
2025-01-14T12:40:15.9848224Z with:
2025-01-14T12:40:15.9848426Z   path: tardis-regression-data/.git/lfs
2025-01-14T12:40:15.9848831Z   key: Linux-lfs-21f9fa4b6817cc69b9fae3598144724da7828e276a73bd17f47a2a49d9af090a-v1
2025-01-14T12:40:15.9849233Z   enableCrossOsArchive: false
2025-01-14T12:40:15.9849462Z   fail-on-cache-miss: false
2025-01-14T12:40:15.9849668Z   lookup-only: false
2025-01-14T12:40:15.9849843Z env:
2025-01-14T12:40:15.9849995Z   CACHE_NUMBER: 0
2025-01-14T12:40:15.9850581Z   PYTEST_FLAGS: --tardis-regression-data=/home/runner/work/tardis/tardis/tardis-regression-data --cov=tardis --cov-report=xml --cov-report=html --cov-append
2025-01-14T12:40:15.9851202Z   CODECOV_TOKEN: 
2025-01-14T12:40:15.9851376Z ##[endgroup]
2025-01-14T12:40:17.6392023Z Received 8388608 of 1708418946 (0.5%), 8.0 MBs/sec
2025-01-14T12:40:18.6396514Z Received 176160768 of 1708418946 (10.3%), 84.0 MBs/sec
2025-01-14T12:40:19.6392163Z Received 352321536 of 1708418946 (20.6%), 112.0 MBs/sec
2025-01-14T12:40:20.6398089Z Received 532676608 of 1708418946 (31.2%), 127.0 MBs/sec
2025-01-14T12:40:21.6401979Z Received 696254464 of 1708418946 (40.8%), 132.8 MBs/sec
2025-01-14T12:40:22.6427006Z Received 838860800 of 1708418946 (49.1%), 133.3 MBs/sec
2025-01-14T12:40:23.6412674Z Received 994050048 of 1708418946 (58.2%), 135.4 MBs/sec
2025-01-14T12:40:24.6412933Z Received 1149239296 of 1708418946 (67.3%), 137.0 MBs/sec
2025-01-14T12:40:25.6418593Z Received 1308622848 of 1708418946 (76.6%), 138.6 MBs/sec
2025-01-14T12:40:26.6450074Z Received 1472200704 of 1708418946 (86.2%), 140.4 MBs/sec
2025-01-14T12:40:27.6492517Z Received 1639972864 of 1708418946 (96.0%), 142.1 MBs/sec
2025-01-14T12:40:28.2122573Z Cache Size: ~1629 MB (1708418946 B)
2025-01-14T12:40:28.2165946Z [command]/usr/bin/tar -xf /home/runner/work/_temp/79b4d1fb-59cc-4bc2-9fdd-79ac17682b3d/cache.tzst -P -C /home/runner/work/tardis/tardis --use-compress-program unzstd
2025-01-14T12:40:28.6492039Z Received 1708418946 of 1708418946 (100.0%), 135.7 MBs/sec
2025-01-14T12:40:34.6155096Z Cache restored successfully
2025-01-14T12:40:34.9369062Z Cache restored from key: Linux-lfs-21f9fa4b6817cc69b9fae3598144724da7828e276a73bd17f47a2a49d9af090a-v1
2025-01-14T12:40:34.9524205Z ##[group]Run git lfs checkout
2025-01-14T12:40:34.9524477Z [36;1mgit lfs checkout[0m
2025-01-14T12:40:34.9550884Z shell: /usr/bin/bash --noprofile --norc -e -o pipefail {0}
2025-01-14T12:40:34.9551204Z env:
2025-01-14T12:40:34.9551372Z   CACHE_NUMBER: 0
2025-01-14T12:40:34.9551974Z   PYTEST_FLAGS: --tardis-regression-data=/home/runner/work/tardis/tardis/tardis-regression-data --cov=tardis --cov-report=xml --cov-report=html --cov-append
2025-01-14T12:40:34.9552812Z   CODECOV_TOKEN: 
2025-01-14T12:40:34.9552989Z ##[endgroup]
2025-01-14T12:40:45.6253282Z Checking out LFS objects: 100% (204/204), 3.5 GB | 330 MB/s, done.
2025-01-14T12:40:48.9465842Z Prepare all required actions
2025-01-14T12:40:48.9466205Z Getting action download info
2025-01-14T12:40:49.0909610Z Download action repository 'mamba-org/setup-micromamba@v1' (SHA:4b9113af4fba0e9e1124b252dd6497a419e7396d)
2025-01-14T12:40:49.9544473Z ##[group]Run ./.github/actions/setup_env
2025-01-14T12:40:49.9544741Z with:
2025-01-14T12:40:49.9544919Z   os-label: linux-64
2025-01-14T12:40:49.9545109Z env:
2025-01-14T12:40:49.9545538Z   CACHE_NUMBER: 0
2025-01-14T12:40:49.9546145Z   PYTEST_FLAGS: --tardis-regression-data=/home/runner/work/tardis/tardis/tardis-regression-data --cov=tardis --cov-report=xml --cov-report=html --cov-append
2025-01-14T12:40:49.9546771Z   CODECOV_TOKEN: 
2025-01-14T12:40:49.9546952Z ##[endgroup]
2025-01-14T12:40:49.9566357Z ##[group]Run file_hash=$(cat conda-linux-64.lock | shasum -a 256 | cut -d' ' -f1)
2025-01-14T12:40:49.9566863Z [36;1mfile_hash=$(cat conda-linux-64.lock | shasum -a 256 | cut -d' ' -f1)[0m
2025-01-14T12:40:49.9567294Z [36;1mecho "file_hash=$file_hash" >> "${GITHUB_OUTPUT}"[0m
2025-01-14T12:40:49.9592859Z shell: /usr/bin/bash --noprofile --norc -e -o pipefail {0}
2025-01-14T12:40:49.9593168Z env:
2025-01-14T12:40:49.9593333Z   CACHE_NUMBER: 0
2025-01-14T12:40:49.9593923Z   PYTEST_FLAGS: --tardis-regression-data=/home/runner/work/tardis/tardis/tardis-regression-data --cov=tardis --cov-report=xml --cov-report=html --cov-append
2025-01-14T12:40:49.9594563Z   CODECOV_TOKEN: 
2025-01-14T12:40:49.9594746Z ##[endgroup]
2025-01-14T12:40:50.0311055Z ##[group]Run mamba-org/setup-micromamba@v1
2025-01-14T12:40:50.0311323Z with:
2025-01-14T12:40:50.0311510Z   environment-file: conda-linux-64.lock
2025-01-14T12:40:50.0311922Z   cache-environment-key: d7cd390425b0fd3cf82649dcc003efba9915fb4928f15d342148c3ccffcbe2ee
2025-01-14T12:40:50.0312494Z   cache-downloads-key: d7cd390425b0fd3cf82649dcc003efba9915fb4928f15d342148c3ccffcbe2ee
2025-01-14T12:40:50.0312891Z   environment-name: tardis
2025-01-14T12:40:50.0313110Z   cache-environment: true
2025-01-14T12:40:50.0313327Z   cache-downloads: true
2025-01-14T12:40:50.0313512Z env:
2025-01-14T12:40:50.0313672Z   CACHE_NUMBER: 0
2025-01-14T12:40:50.0314256Z   PYTEST_FLAGS: --tardis-regression-data=/home/runner/work/tardis/tardis/tardis-regression-data --cov=tardis --cov-report=xml --cov-report=html --cov-append
2025-01-14T12:40:50.0314869Z   CODECOV_TOKEN: 
2025-01-14T12:40:50.0315046Z ##[endgroup]
2025-01-14T12:40:50.1677378Z Will download micromamba to /home/runner/micromamba-bin/micromamba
2025-01-14T12:40:50.1688043Z ##[group]Install micromamba
2025-01-14T12:40:50.8094575Z micromamba installed to /home/runner/micromamba-bin/micromamba
2025-01-14T12:40:50.8096208Z ##[endgroup]
2025-01-14T12:40:50.8096791Z Adding conda-forge to condarc channels ...
2025-01-14T12:40:50.8105954Z ##[group]Initialize micromamba for bash.
2025-01-14T12:40:50.8122354Z [command]/home/runner/micromamba-bin/micromamba shell init -s bash -r /home/runner/micromamba --log-level warning --rc-file /home/runner/work/_temp/setup-micromamba/.condarc
2025-01-14T12:40:50.8229223Z Modifying RC file "/home/runner/.bashrc"
2025-01-14T12:40:50.8230145Z Generating config for root prefix [1m"/home/runner/micromamba"[0m
2025-01-14T12:40:50.8231030Z Setting mamba executable to: [1m"/home/runner/micromamba-bin/micromamba"[0m
2025-01-14T12:40:50.8231764Z Adding (or replacing) the following in your "/home/runner/.bashrc" file
2025-01-14T12:40:50.8232206Z 
2025-01-14T12:40:50.8232335Z # >>> mamba initialize >>>
2025-01-14T12:40:50.8232788Z # !! Contents within this block are managed by 'mamba init' !!
2025-01-14T12:40:50.8233394Z export MAMBA_EXE='/home/runner/micromamba-bin/micromamba';
2025-01-14T12:40:50.8233953Z export MAMBA_ROOT_PREFIX='/home/runner/micromamba';
2025-01-14T12:40:50.8234697Z __mamba_setup="$("$MAMBA_EXE" shell hook --shell bash --root-prefix "$MAMBA_ROOT_PREFIX" 2> /dev/null)"
2025-01-14T12:40:50.8235867Z if [ $? -eq 0 ]; then
2025-01-14T12:40:50.8236195Z     eval "$__mamba_setup"
2025-01-14T12:40:50.8236520Z else
2025-01-14T12:40:50.8237193Z     alias micromamba="$MAMBA_EXE"  # Fallback on help from mamba activate
2025-01-14T12:40:50.8237749Z fi
2025-01-14T12:40:50.8238009Z unset __mamba_setup
2025-01-14T12:40:50.8238331Z # <<< mamba initialize <<<
2025-01-14T12:40:50.8238555Z 
2025-01-14T12:40:50.8248887Z Moving mamba initialize block to .bash_profile
2025-01-14T12:40:50.8552945Z ##[endgroup]
2025-01-14T12:40:50.8554597Z ##[group]Restoring downloads from `/home/runner/micromamba/pkgs` ...
2025-01-14T12:40:52.3410143Z Received 29360128 of 356800233 (8.2%), 28.0 MBs/sec
2025-01-14T12:40:53.3420813Z Received 180355072 of 356800233 (50.5%), 86.0 MBs/sec
2025-01-14T12:40:54.3446948Z Received 331350016 of 356800233 (92.9%), 105.3 MBs/sec
2025-01-14T12:40:54.4752901Z Cache Size: ~340 MB (356800233 B)
2025-01-14T12:40:54.4819165Z [command]/usr/bin/tar -xf /home/runner/work/_temp/9d2d8eff-ab0c-463d-a096-0429ebd214ef/cache.tzst -P -C /home/runner/work/tardis/tardis --use-compress-program unzstd
2025-01-14T12:40:54.9553160Z Cache restored successfully
2025-01-14T12:40:55.0295616Z Restored cache with key `d7cd390425b0fd3cf82649dcc003efba9915fb4928f15d342148c3ccffcbe2ee-linux-64`
2025-01-14T12:40:55.0296995Z ##[endgroup]
2025-01-14T12:40:55.0298887Z ##[group]Restoring environment `tardis` from `/home/runner/micromamba/envs/tardis` ...
2025-01-14T12:40:55.3424825Z Received 356800233 of 356800233 (100.0%), 85.0 MBs/sec
2025-01-14T12:40:56.3619479Z Received 33554432 of 444592193 (7.5%), 32.0 MBs/sec
2025-01-14T12:40:57.3621571Z Received 184549376 of 444592193 (41.5%), 88.0 MBs/sec
2025-01-14T12:40:58.3633176Z Received 352321536 of 444592193 (79.2%), 111.9 MBs/sec
2025-01-14T12:40:58.8850199Z Cache Size: ~424 MB (444592193 B)
2025-01-14T12:40:58.8890346Z [command]/usr/bin/tar -xf /home/runner/work/_temp/8ef347ca-9bef-40cd-bdeb-27fb2b119907/cache.tzst -P -C /home/runner/work/tardis/tardis --use-compress-program unzstd
2025-01-14T12:40:59.3646196Z Received 444592193 of 444592193 (100.0%), 105.9 MBs/sec
2025-01-14T12:41:04.1348684Z Cache restored successfully
2025-01-14T12:41:04.2195813Z Restored cache with key `d7cd390425b0fd3cf82649dcc003efba9915fb4928f15d342148c3ccffcbe2ee-linux-64-tardis-args-4f53cda-root-dcc80ee-bin-[object Promise]-file-d7cd390425b0fd3cf82649dcc003efba9915fb4928f15d342148c3ccffcbe2ee`
2025-01-14T12:41:04.2197885Z ##[endgroup]
2025-01-14T12:41:04.2201772Z Adding environment tardis to auto-activate bash ...
2025-01-14T12:41:04.2208855Z Generating micromamba run shell.
2025-01-14T12:41:04.2226829Z ##[endgroup]
2025-01-14T12:41:04.2229542Z Set environment variables.
2025-01-14T12:41:04.2234679Z ##[group]micromamba info
2025-01-14T12:41:04.2238878Z [command]/home/runner/micromamba-bin/micromamba info -r /home/runner/micromamba -n tardis
2025-01-14T12:41:04.2514271Z 
2025-01-14T12:41:04.2514923Z        libmamba version : 1.5.10
2025-01-14T12:41:04.2515811Z      micromamba version : 1.5.10
2025-01-14T12:41:04.2516621Z            curl version : libcurl/8.10.1 OpenSSL/3.3.2 zlib/1.3.1 zstd/1.5.6 libssh2/1.11.0 nghttp2/1.58.0
2025-01-14T12:41:04.2517404Z      libarchive version : libarchive 3.7.4 zlib/1.2.13 bz2lib/1.0.8 libzstd/1.5.6
2025-01-14T12:41:04.2517820Z        envs directories : /home/runner/micromamba/envs
2025-01-14T12:41:04.2518298Z           package cache : /home/runner/micromamba/pkgs
2025-01-14T12:41:04.2518602Z                           /home/runner/.mamba/pkgs
2025-01-14T12:41:04.2518881Z             environment : tardis
2025-01-14T12:41:04.2519169Z            env location : /home/runner/micromamba/envs/tardis
2025-01-14T12:41:04.2519481Z       user config files : /home/runner/.mambarc
2025-01-14T12:41:04.2519855Z  populated config files : /home/runner/work/_temp/setup-micromamba/.condarc
2025-01-14T12:41:04.2520222Z        virtual packages : __unix=0=0
2025-01-14T12:41:04.2520470Z                           __linux=6.8.0=0
2025-01-14T12:41:04.2521020Z                           __glibc=2.39=0
2025-01-14T12:41:04.2521273Z                           __archspec=1=x86_64_v3
2025-01-14T12:41:04.2521780Z                channels : https://conda.anaconda.org/conda-forge/linux-64
2025-01-14T12:41:04.2522175Z                           https://conda.anaconda.org/conda-forge/noarch
2025-01-14T12:41:04.2522494Z        base environment : /home/runner/micromamba
2025-01-14T12:41:04.2522765Z                platform : linux-64
2025-01-14T12:41:04.2530227Z ##[endgroup]
2025-01-14T12:41:04.2531254Z ##[group]micromamba list
2025-01-14T12:41:04.2533281Z [command]/home/runner/micromamba-bin/micromamba list -r /home/runner/micromamba -n tardis
2025-01-14T12:41:04.6640144Z List of packages in environment: "/home/runner/micromamba/envs/tardis"
2025-01-14T12:41:04.6640710Z 
2025-01-14T12:41:04.6641282Z   Name                           Version              Build                    Channel    
2025-01-14T12:41:04.6642651Z â”€â”€â”€â”€â”€â”€â”€â”€â”€â”€â”€â”€â”€â”€â”€â”€â”€â”€â”€â”€â”€â”€â”€â”€â”€â”€â”€â”€â”€â”€â”€â”€â”€â”€â”€â”€â”€â”€â”€â”€â”€â”€â”€â”€â”€â”€â”€â”€â”€â”€â”€â”€â”€â”€â”€â”€â”€â”€â”€â”€â”€â”€â”€â”€â”€â”€â”€â”€â”€â”€â”€â”€â”€â”€â”€â”€â”€â”€â”€â”€â”€â”€â”€â”€â”€â”€â”€â”€â”€â”€â”€â”€
2025-01-14T12:41:04.6643482Z   _libgcc_mutex                  0.1                  conda_forge              conda-forge
2025-01-14T12:41:04.6644239Z   _openmp_mutex                  4.5                  2_gnu                    conda-forge
2025-01-14T12:41:04.6644976Z   alabaster                      0.7.16               pyhd8ed1ab_0             conda-forge
2025-01-14T12:41:04.6645871Z   anyio                          4.4.0                pyhd8ed1ab_0             conda-forge
2025-01-14T12:41:04.6646582Z   argon2-cffi                    23.1.0               pyhd8ed1ab_0             conda-forge
2025-01-14T12:41:04.6647390Z   argon2-cffi-bindings           21.2.0               py312h98912ed_4          conda-forge
2025-01-14T12:41:04.6648152Z   arrow                          1.3.0                pyhd8ed1ab_0             conda-forge
2025-01-14T12:41:04.6648820Z   astropy                        6.1.1                py312h085067d_0          conda-forge
2025-01-14T12:41:04.6649604Z   astropy-iers-data              0.2024.6.17.0.31.35  pyhd8ed1ab_0             conda-forge
2025-01-14T12:41:04.6650468Z   astropy-sphinx-theme           1.1                  pyhd8ed1ab_0             conda-forge
2025-01-14T12:41:04.6651242Z   asttokens                      2.4.1                pyhd8ed1ab_0             conda-forge
2025-01-14T12:41:04.6651945Z   async-lru                      2.0.4                pyhd8ed1ab_0             conda-forge
2025-01-14T12:41:04.6652548Z   atk-1.0                        2.38.0               h04ea711_2               conda-forge
2025-01-14T12:41:04.6653118Z   attrs                          23.2.0               pyh71513ae_0             conda-forge
2025-01-14T12:41:04.6653798Z   babel                          2.14.0               pyhd8ed1ab_0             conda-forge
2025-01-14T12:41:04.6654449Z   beautifulsoup4                 4.12.3               pyha770c72_0             conda-forge
2025-01-14T12:41:04.6655102Z   bleach                         6.1.0                pyhd8ed1ab_0             conda-forge
2025-01-14T12:41:04.6655851Z   blosc                          1.21.5               hc2324a3_1               conda-forge
2025-01-14T12:41:04.6656435Z   brotli                         1.1.0                hd590300_1               conda-forge
2025-01-14T12:41:04.6657023Z   brotli-bin                     1.1.0                hd590300_1               conda-forge
2025-01-14T12:41:04.6657660Z   brotli-python                  1.1.0                py312h30efb56_1          conda-forge
2025-01-14T12:41:04.6658275Z   bzip2                          1.0.8                hd590300_5               conda-forge
2025-01-14T12:41:04.6658839Z   c-ares                         1.28.1               hd590300_0               conda-forge
2025-01-14T12:41:04.6659418Z   c-blosc2                       2.14.4               hb4ffafa_1               conda-forge
2025-01-14T12:41:04.6660069Z   ca-certificates                2024.6.2             hbcca054_0               conda-forge
2025-01-14T12:41:04.6661524Z   cached-property                1.5.2                hd8ed1ab_1               conda-forge
2025-01-14T12:41:04.6662409Z   cached_property                1.5.2                pyha770c72_1             conda-forge
2025-01-14T12:41:04.6663056Z   cairo                          1.18.0               h3faef2a_0               conda-forge
2025-01-14T12:41:04.6663673Z   certifi                        2024.6.2             pyhd8ed1ab_0             conda-forge
2025-01-14T12:41:04.6664283Z   cffi                           1.16.0               py312hf06ca03_0          conda-forge
2025-01-14T12:41:04.6664935Z   charset-normalizer             3.3.2                pyhd8ed1ab_0             conda-forge
2025-01-14T12:41:04.6665750Z   click                          8.1.7                unix_pyh707e725_0        conda-forge
2025-01-14T12:41:04.6666375Z   codespell                      2.3.0                pyhd8ed1ab_0             conda-forge
2025-01-14T12:41:04.6666997Z   colorama                       0.4.6                pyhd8ed1ab_0             conda-forge
2025-01-14T12:41:04.6667604Z   comm                           0.2.2                pyhd8ed1ab_0             conda-forge
2025-01-14T12:41:04.6668215Z   commonmark                     0.9.1                py_0                     conda-forge
2025-01-14T12:41:04.6668842Z   contourpy                      1.2.1                py312h8572e83_0          conda-forge
2025-01-14T12:41:04.6669461Z   coverage                       7.5.3                py312h9a8786e_0          conda-forge
2025-01-14T12:41:04.6670056Z   cycler                         0.12.1               pyhd8ed1ab_0             conda-forge
2025-01-14T12:41:04.6670663Z   dataclasses                    0.8                  pyhc8e2a94_3             conda-forge
2025-01-14T12:41:04.6671274Z   debugpy                        1.8.1                py312h30efb56_0          conda-forge
2025-01-14T12:41:04.6671885Z   decorator                      5.1.1                pyhd8ed1ab_0             conda-forge
2025-01-14T12:41:04.6672515Z   defusedxml                     0.7.1                pyhd8ed1ab_0             conda-forge
2025-01-14T12:41:04.6673141Z   docutils                       0.20.1               py312h7900ff3_3          conda-forge
2025-01-14T12:41:04.6673748Z   dot2tex                        2.11.3               pyhd8ed1ab_0             conda-forge
2025-01-14T12:41:04.6674372Z   entrypoints                    0.4                  pyhd8ed1ab_0             conda-forge
2025-01-14T12:41:04.6675038Z   exceptiongroup                 1.2.0                pyhd8ed1ab_2             conda-forge
2025-01-14T12:41:04.6675865Z   executing                      2.0.1                pyhd8ed1ab_0             conda-forge
2025-01-14T12:41:04.6676460Z   expat                          2.6.2                h59595ed_0               conda-forge
2025-01-14T12:41:04.6677140Z   font-ttf-dejavu-sans-mono      2.37                 hab24e00_0               conda-forge
2025-01-14T12:41:04.6677904Z   font-ttf-inconsolata           3.000                h77eed37_0               conda-forge
2025-01-14T12:41:04.6678688Z   font-ttf-source-code-pro       2.038                h77eed37_0               conda-forge
2025-01-14T12:41:04.6679430Z   font-ttf-ubuntu                0.83                 h77eed37_2               conda-forge
2025-01-14T12:41:04.6680095Z   fontconfig                     2.14.2               h14ed4e7_0               conda-forge
2025-01-14T12:41:04.6680773Z   fonts-conda-ecosystem          1                    0                        conda-forge
2025-01-14T12:41:04.6681471Z   fonts-conda-forge              1                    0                        conda-forge
2025-01-14T12:41:04.6682117Z   fonttools                      4.53.0               py312h9a8786e_0          conda-forge
2025-01-14T12:41:04.6682719Z   fqdn                           1.5.1                pyhd8ed1ab_0             conda-forge
2025-01-14T12:41:04.6683281Z   freetype                       2.12.1               h267a509_2               conda-forge
2025-01-14T12:41:04.6684086Z   fribidi                        1.0.10               h36c2ea0_0               conda-forge
2025-01-14T12:41:04.6684679Z   future                         1.0.0                pyhd8ed1ab_0             conda-forge
2025-01-14T12:41:04.6685600Z   gdk-pixbuf                     2.42.12              hb9ae30d_0               conda-forge
2025-01-14T12:41:04.6686235Z   giflib                         5.2.2                hd590300_0               conda-forge
2025-01-14T12:41:04.6686818Z   git-lfs                        3.5.1                ha770c72_0               conda-forge
2025-01-14T12:41:04.6687378Z   gmp                            6.3.0                h59595ed_1               conda-forge
2025-01-14T12:41:04.6687936Z   gmpy2                          2.1.5                py312h1d5cde6_1          conda-forge
2025-01-14T12:41:04.6688581Z   graphite2                      1.3.13               h59595ed_1003            conda-forge
2025-01-14T12:41:04.6689193Z   graphviz                       11.0.0               hc68bbd7_0               conda-forge
2025-01-14T12:41:04.6689800Z   gtk2                           2.24.33              h280cfa0_4               conda-forge
2025-01-14T12:41:04.6690363Z   gts                            0.7.6                h977cf35_4               conda-forge
2025-01-14T12:41:04.6690908Z   h11                            0.14.0               pyhd8ed1ab_0             conda-forge
2025-01-14T12:41:04.6691446Z   h2                             4.1.0                pyhd8ed1ab_0             conda-forge
2025-01-14T12:41:04.6692006Z   h5py                           3.11.0               nompi_py312hb7ab980_102  conda-forge
2025-01-14T12:41:04.6692590Z   harfbuzz                       8.5.0                hfac3d4d_0               conda-forge
2025-01-14T12:41:04.6693170Z   hdf5                           1.14.3               nompi_hdf9ad27_105       conda-forge
2025-01-14T12:41:04.6693738Z   hpack                          4.0.0                pyh9f0ad1d_0             conda-forge
2025-01-14T12:41:04.6694356Z   httpcore                       1.0.5                pyhd8ed1ab_0             conda-forge
2025-01-14T12:41:04.6694948Z   httpx                          0.27.0               pyhd8ed1ab_0             conda-forge
2025-01-14T12:41:04.6695711Z   hyperframe                     6.0.1                pyhd8ed1ab_0             conda-forge
2025-01-14T12:41:04.6696298Z   icu                            73.2                 h59595ed_0               conda-forge
2025-01-14T12:41:04.6696837Z   idna                           3.7                  pyhd8ed1ab_0             conda-forge
2025-01-14T12:41:04.6697427Z   imagesize                      1.4.1                pyhd8ed1ab_0             conda-forge
2025-01-14T12:41:04.6698102Z   importlib-metadata             7.1.0                pyha770c72_0             conda-forge
2025-01-14T12:41:04.6698819Z   importlib_metadata             7.1.0                hd8ed1ab_0               conda-forge
2025-01-14T12:41:04.6699527Z   importlib_resources            6.4.0                pyhd8ed1ab_0             conda-forge
2025-01-14T12:41:04.6700213Z   iniconfig                      2.0.0                pyhd8ed1ab_0             conda-forge
2025-01-14T12:41:04.6700843Z   ipykernel                      6.29.4               pyh3099207_0             conda-forge
2025-01-14T12:41:04.6701454Z   ipython                        8.25.0               pyh707e725_0             conda-forge
2025-01-14T12:41:04.6702101Z   ipython_genutils               0.2.0                pyhd8ed1ab_1             conda-forge
2025-01-14T12:41:04.6702767Z   ipywidgets                     7.8.0                pyhd8ed1ab_0             conda-forge
2025-01-14T12:41:04.6703422Z   isoduration                    20.11.0              pyhd8ed1ab_0             conda-forge
2025-01-14T12:41:04.6704034Z   jedi                           0.19.1               pyhd8ed1ab_0             conda-forge
2025-01-14T12:41:04.6704627Z   jinja2                         3.1.4                pyhd8ed1ab_0             conda-forge
2025-01-14T12:41:04.6705347Z   json5                          0.9.25               pyhd8ed1ab_0             conda-forge
2025-01-14T12:41:04.6706188Z   jsonpointer                    3.0.0                py312h7900ff3_0          conda-forge
2025-01-14T12:41:04.6706998Z   jsonschema                     4.22.0               pyhd8ed1ab_0             conda-forge
2025-01-14T12:41:04.6707791Z   jsonschema-specifications      2023.12.1            pyhd8ed1ab_0             conda-forge
2025-01-14T12:41:04.6708734Z   jsonschema-with-format-nongpl  4.22.0               pyhd8ed1ab_0             conda-forge
2025-01-14T12:41:04.6709485Z   jupyter-lsp                    2.2.5                pyhd8ed1ab_0             conda-forge
2025-01-14T12:41:04.6710185Z   jupyter_client                 8.6.2                pyhd8ed1ab_0             conda-forge
2025-01-14T12:41:04.6710840Z   jupyter_core                   5.7.2                py312h7900ff3_0          conda-forge
2025-01-14T12:41:04.6711505Z   jupyter_events                 0.10.0               pyhd8ed1ab_0             conda-forge
2025-01-14T12:41:04.6712191Z   jupyter_server                 2.14.1               pyhd8ed1ab_0             conda-forge
2025-01-14T12:41:04.6712910Z   jupyter_server_terminals       0.5.3                pyhd8ed1ab_0             conda-forge
2025-01-14T12:41:04.6713633Z   jupyterlab                     4.2.2                pyhd8ed1ab_0             conda-forge
2025-01-14T12:41:04.6714322Z   jupyterlab_pygments            0.3.0                pyhd8ed1ab_1             conda-forge
2025-01-14T12:41:04.6715036Z   jupyterlab_server              2.27.2               pyhd8ed1ab_0             conda-forge
2025-01-14T12:41:04.6715904Z   jupyterlab_widgets             1.1.7                pyhd8ed1ab_0             conda-forge
2025-01-14T12:41:04.6716577Z   keyutils                       1.6.1                h166bdaf_0               conda-forge
2025-01-14T12:41:04.6717199Z   kiwisolver                     1.4.5                py312h8572e83_1          conda-forge
2025-01-14T12:41:04.6717792Z   krb5                           1.21.2               h659d440_0               conda-forge
2025-01-14T12:41:04.6718393Z   latexcodec                     2.0.1                pyh9f0ad1d_0             conda-forge
2025-01-14T12:41:04.6719010Z   lcms2                          2.16                 hb7c19ff_0               conda-forge
2025-01-14T12:41:04.6719621Z   ld_impl_linux-64               2.40                 hf3520f5_7               conda-forge
2025-01-14T12:41:04.6720219Z   lerc                           4.0.0                h27087fc_0               conda-forge
2025-01-14T12:41:04.6720772Z   libaec                         1.1.3                h59595ed_0               conda-forge
2025-01-14T12:41:04.6721365Z   libblas                        3.9.0                22_linux64_openblas      conda-forge
2025-01-14T12:41:04.6722024Z   libbrotlicommon                1.1.0                hd590300_1               conda-forge
2025-01-14T12:41:04.6722686Z   libbrotlidec                   1.1.0                hd590300_1               conda-forge
2025-01-14T12:41:04.6723327Z   libbrotlienc                   1.1.0                hd590300_1               conda-forge
2025-01-14T12:41:04.6723928Z   libcblas                       3.9.0                22_linux64_openblas      conda-forge
2025-01-14T12:41:04.6724543Z   libcurl                        8.8.0                hca28451_0               conda-forge
2025-01-14T12:41:04.6725136Z   libdeflate                     1.20                 hd590300_0               conda-forge
2025-01-14T12:41:04.6725883Z   libedit                        3.1.20191231         he28a2e2_2               conda-forge
2025-01-14T12:41:04.6726473Z   libev                          4.33                 hd590300_2               conda-forge
2025-01-14T12:41:04.6727049Z   libexpat                       2.6.2                h59595ed_0               conda-forge
2025-01-14T12:41:04.6727747Z   libffi                         3.4.2                h7f98852_5               conda-forge
2025-01-14T12:41:04.6728305Z   libgcc-ng                      13.2.0               h77fa898_10              conda-forge
2025-01-14T12:41:04.6729049Z   libgd                          2.3.3                h119a65a_9               conda-forge
2025-01-14T12:41:04.6729835Z   libgfortran-ng                 13.2.0               h69a702a_10              conda-forge
2025-01-14T12:41:04.6730496Z   libgfortran5                   13.2.0               h3d2ce59_10              conda-forge
2025-01-14T12:41:04.6731107Z   libglib                        2.80.2               h8a4344b_1               conda-forge
2025-01-14T12:41:04.6731688Z   libgomp                        13.2.0               h77fa898_10              conda-forge
2025-01-14T12:41:04.6732269Z   libiconv                       1.17                 hd590300_2               conda-forge
2025-01-14T12:41:04.6732897Z   libjpeg-turbo                  3.0.0                hd590300_1               conda-forge
2025-01-14T12:41:04.6733543Z   liblapack                      3.9.0                22_linux64_openblas      conda-forge
2025-01-14T12:41:04.6734182Z   libllvm14                      14.0.6               hcd5def8_4               conda-forge
2025-01-14T12:41:04.6734834Z   libnghttp2                     1.58.0               h47da74e_1               conda-forge
2025-01-14T12:41:04.6735570Z   libnsl                         2.0.1                hd590300_0               conda-forge
2025-01-14T12:41:04.6736196Z   libopenblas                    0.3.27               pthreads_h413a1c8_0      conda-forge
2025-01-14T12:41:04.6736810Z   libpng                         1.6.43               h2797004_0               conda-forge
2025-01-14T12:41:04.6737396Z   librsvg                        2.58.1               hadf69e7_0               conda-forge
2025-01-14T12:41:04.6738013Z   libsodium                      1.0.18               h36c2ea0_1               conda-forge
2025-01-14T12:41:04.6738630Z   libsqlite                      3.46.0               hde9e2c9_0               conda-forge
2025-01-14T12:41:04.6739220Z   libssh2                        1.11.0               h0841786_0               conda-forge
2025-01-14T12:41:04.6739841Z   libstdcxx-ng                   13.2.0               hc0a3c3a_10              conda-forge
2025-01-14T12:41:04.6740465Z   libtiff                        4.6.0                h1dd3fc0_3               conda-forge
2025-01-14T12:41:04.6741060Z   libuuid                        2.38.1               h0b41bf4_0               conda-forge
2025-01-14T12:41:04.6741643Z   libwebp                        1.4.0                h2c329e2_0               conda-forge
2025-01-14T12:41:04.6742254Z   libwebp-base                   1.4.0                hd590300_0               conda-forge
2025-01-14T12:41:04.6742858Z   libxcb                         1.15                 h0b41bf4_0               conda-forge
2025-01-14T12:41:04.6743452Z   libxcrypt                      4.4.36               hd590300_1               conda-forge
2025-01-14T12:41:04.6744050Z   libxml2                        2.12.7               hc051c1a_1               conda-forge
2025-01-14T12:41:04.6744641Z   libxslt                        1.1.39               h76b75d6_0               conda-forge
2025-01-14T12:41:04.6745361Z   libzlib                        1.3.1                h4ab18f5_1               conda-forge
2025-01-14T12:41:04.6745964Z   llvmlite                       0.42.0               py312hb06c811_1          conda-forge
2025-01-14T12:41:04.6746546Z   lxml                           5.2.2                py312hb90d8a5_0          conda-forge
2025-01-14T12:41:04.6747097Z   lz4-c                          1.9.4                hcb278e6_0               conda-forge
2025-01-14T12:41:04.6747630Z   lzo                            2.10                 hd590300_1001            conda-forge
2025-01-14T12:41:04.6748206Z   markupsafe                     2.1.5                py312h98912ed_0          conda-forge
2025-01-14T12:41:04.6748867Z   matplotlib-base                3.8.4                py312h20ab3a6_2          conda-forge
2025-01-14T12:41:04.6749569Z   matplotlib-inline              0.1.7                pyhd8ed1ab_0             conda-forge
2025-01-14T12:41:04.6750405Z   mistune                        3.0.2                pyhd8ed1ab_0             conda-forge
2025-01-14T12:41:04.6751128Z   mpc                            1.3.1                hfe3b2da_0               conda-forge
2025-01-14T12:41:04.6751688Z   mpfr                           4.2.1                h9458935_1               conda-forge
2025-01-14T12:41:04.6752273Z   mpmath                         1.3.0                pyhd8ed1ab_0             conda-forge
2025-01-14T12:41:04.6752879Z   munkres                        1.1.4                pyh9f0ad1d_0             conda-forge
2025-01-14T12:41:04.6753536Z   mypy_extensions                1.0.0                pyha770c72_0             conda-forge
2025-01-14T12:41:04.6754186Z   nbclassic                      1.1.0                pyhd8ed1ab_0             conda-forge
2025-01-14T12:41:04.6754810Z   nbclient                       0.10.0               pyhd8ed1ab_0             conda-forge
2025-01-14T12:41:04.6755591Z   nbconvert                      7.16.4               hd8ed1ab_1               conda-forge
2025-01-14T12:41:04.6756258Z   nbconvert-core                 7.16.4               pyhd8ed1ab_1             conda-forge
2025-01-14T12:41:04.6756991Z   nbconvert-pandoc               7.16.4               hd8ed1ab_1               conda-forge
2025-01-14T12:41:04.6757666Z   nbformat                       5.10.4               pyhd8ed1ab_0             conda-forge
2025-01-14T12:41:04.6758293Z   nbsphinx                       0.9.4                pyhd8ed1ab_0             conda-forge
2025-01-14T12:41:04.6758898Z   ncurses                        6.5                  h59595ed_0               conda-forge
2025-01-14T12:41:04.6759524Z   nest-asyncio                   1.6.0                pyhd8ed1ab_0             conda-forge
2025-01-14T12:41:04.6760192Z   networkx                       3.3                  pyhd8ed1ab_1             conda-forge
2025-01-14T12:41:04.6760815Z   nomkl                          1.0                  h5ca1d4c_0               conda-forge
2025-01-14T12:41:04.6761424Z   notebook                       7.2.1                pyhd8ed1ab_0             conda-forge
2025-01-14T12:41:04.6762083Z   notebook-shim                  0.2.4                pyhd8ed1ab_0             conda-forge
2025-01-14T12:41:04.6762714Z   numba                          0.59.1               py312hacefee8_0          conda-forge
2025-01-14T12:41:04.6763312Z   numexpr                        2.10.0               py312hf412c99_100        conda-forge
2025-01-14T12:41:04.6763904Z   numpy                          1.26.4               py312heda63a1_0          conda-forge
2025-01-14T12:41:04.6764505Z   numpydoc                       1.7.0                pyhd8ed1ab_1             conda-forge
2025-01-14T12:41:04.6765124Z   openjpeg                       2.5.2                h488ebb8_0               conda-forge
2025-01-14T12:41:04.6765873Z   openssl                        3.3.1                h4ab18f5_0               conda-forge
2025-01-14T12:41:04.6766492Z   overrides                      7.7.0                pyhd8ed1ab_0             conda-forge
2025-01-14T12:41:04.6767122Z   packaging                      24.1                 pyhd8ed1ab_0             conda-forge
2025-01-14T12:41:04.6767734Z   pandas                         2.2.2                py312h1d6d2e6_1          conda-forge
2025-01-14T12:41:04.6768331Z   pandoc                         3.2                  ha770c72_0               conda-forge
2025-01-14T12:41:04.6768963Z   pandocfilters                  1.5.0                pyhd8ed1ab_0             conda-forge
2025-01-14T12:41:04.6769596Z   pango                          1.54.0               h84a9a3c_0               conda-forge
2025-01-14T12:41:04.6770170Z   parso                          0.8.4                pyhd8ed1ab_0             conda-forge
2025-01-14T12:41:04.6770775Z   pathspec                       0.12.1               pyhd8ed1ab_0             conda-forge
2025-01-14T12:41:04.6771381Z   pbr                            6.0.0                pyhd8ed1ab_0             conda-forge
2025-01-14T12:41:04.6772138Z   pcre2                          10.44                h0f59acf_0               conda-forge
2025-01-14T12:41:04.6772886Z   pexpect                        4.9.0                pyhd8ed1ab_0             conda-forge
2025-01-14T12:41:04.6773525Z   pickleshare                    0.7.5                py_1003                  conda-forge
2025-01-14T12:41:04.6774156Z   pillow                         10.3.0               py312hdcec9eb_0          conda-forge
2025-01-14T12:41:04.6774748Z   pip                            24.0                 pyhd8ed1ab_0             conda-forge
2025-01-14T12:41:04.6775461Z   pixman                         0.43.2               h59595ed_0               conda-forge
2025-01-14T12:41:04.6776252Z   pkgutil-resolve-name           1.3.10               pyhd8ed1ab_1             conda-forge
2025-01-14T12:41:04.6776998Z   platformdirs                   4.2.2                pyhd8ed1ab_0             conda-forge
2025-01-14T12:41:04.6777668Z   plotly                         5.22.0               pyhd8ed1ab_0             conda-forge
2025-01-14T12:41:04.6778268Z   pluggy                         1.5.0                pyhd8ed1ab_0             conda-forge
2025-01-14T12:41:04.6778936Z   prometheus_client              0.20.0               pyhd8ed1ab_0             conda-forge
2025-01-14T12:41:04.6779656Z   prompt-toolkit                 3.0.47               pyha770c72_0             conda-forge
2025-01-14T12:41:04.6780336Z   psutil                         5.9.8                py312h98912ed_0          conda-forge
2025-01-14T12:41:04.6780976Z   pthread-stubs                  0.4                  h36c2ea0_1001            conda-forge
2025-01-14T12:41:04.6781637Z   ptyprocess                     0.7.0                pyhd3deb0d_0             conda-forge
2025-01-14T12:41:04.6782280Z   pure_eval                      0.2.2                pyhd8ed1ab_0             conda-forge
2025-01-14T12:41:04.6782898Z   py-cpuinfo                     9.0.0                pyhd8ed1ab_0             conda-forge
2025-01-14T12:41:04.6783531Z   pybtex                         0.24.0               pyhd8ed1ab_2             conda-forge
2025-01-14T12:41:04.6784202Z   pybtex-docutils                1.0.3                py312h7900ff3_1          conda-forge
2025-01-14T12:41:04.6784882Z   pycparser                      2.22                 pyhd8ed1ab_0             conda-forge
2025-01-14T12:41:04.6785642Z   pyerfa                         2.0.1.4              py312h085067d_1          conda-forge
2025-01-14T12:41:04.6786272Z   pygments                       2.18.0               pyhd8ed1ab_0             conda-forge
2025-01-14T12:41:04.6786874Z   pygraphviz                     1.13                 py312h4a1d8a7_1          conda-forge
2025-01-14T12:41:04.6787241Z   pyparsing                      3.1.2                pyhd8ed1ab_0             conda-forge
2025-01-14T12:41:04.6787859Z   pysocks                        1.7.1                pyha2e5f31_6             conda-forge
2025-01-14T12:41:04.6788256Z   pytables                       3.9.2                py312h96d95ec_2          conda-forge
2025-01-14T12:41:04.6788612Z   pytest                         8.2.2                pyhd8ed1ab_0             conda-forge
2025-01-14T12:41:04.6789192Z   pytest-cov                     5.0.0                pyhd8ed1ab_0             conda-forge
2025-01-14T12:41:04.6789799Z   pytest-doctestplus             1.2.1                pyhd8ed1ab_0             conda-forge
2025-01-14T12:41:04.6790196Z   pytest-html                    4.1.1                pyhd8ed1ab_0             conda-forge
2025-01-14T12:41:04.6790578Z   pytest-metadata                3.1.1                pyhd8ed1ab_0             conda-forge
2025-01-14T12:41:04.6790954Z   python                         3.12.4               h194c7f8_0_cpython       conda-forge
2025-01-14T12:41:04.6791321Z   python-dateutil                2.9.0                pyhd8ed1ab_0             conda-forge
2025-01-14T12:41:04.6791737Z   python-fastjsonschema          2.20.0               pyhd8ed1ab_0             conda-forge
2025-01-14T12:41:04.6792331Z   python-json-logger             2.0.7                pyhd8ed1ab_0             conda-forge
2025-01-14T12:41:04.6792834Z   python-tzdata                  2024.1               pyhd8ed1ab_0             conda-forge
2025-01-14T12:41:04.6793395Z   python_abi                     3.12                 4_cp312                  conda-forge
2025-01-14T12:41:04.6793864Z   pytz                           2024.1               pyhd8ed1ab_0             conda-forge
2025-01-14T12:41:04.6794207Z   pyyaml                         6.0.1                py312h98912ed_1          conda-forge
2025-01-14T12:41:04.6794816Z   pyzmq                          26.0.3               py312h8fd38d8_0          conda-forge
2025-01-14T12:41:04.6795179Z   qgrid                          1.3.1                pyhd8ed1ab_4             conda-forge
2025-01-14T12:41:04.6795799Z   radioactivedecay               0.5.1                pyhd8ed1ab_0             conda-forge
2025-01-14T12:41:04.6796172Z   readline                       8.2                  h8228510_1               conda-forge
2025-01-14T12:41:04.6796834Z   recommonmark                   0.7.1                pyhd8ed1ab_0             conda-forge
2025-01-14T12:41:04.6797463Z   referencing                    0.35.1               pyhd8ed1ab_0             conda-forge
2025-01-14T12:41:04.6797871Z   requests                       2.32.3               pyhd8ed1ab_0             conda-forge
2025-01-14T12:41:04.6798250Z   rfc3339-validator              0.1.4                pyhd8ed1ab_0             conda-forge
2025-01-14T12:41:04.6798647Z   rfc3986-validator              0.1.1                pyh9f0ad1d_0             conda-forge
2025-01-14T12:41:04.6799012Z   rpds-py                        0.18.1               py312h4413252_0          conda-forge
2025-01-14T12:41:04.6799340Z   ruff                           0.4.9                py312h5715c7c_0          conda-forge
2025-01-14T12:41:04.6799806Z   scipy                          1.13.1               py312hc2bc53b_0          conda-forge
2025-01-14T12:41:04.6800444Z   send2trash                     1.8.3                pyh0d859eb_0             conda-forge
2025-01-14T12:41:04.6800854Z   setuptools                     70.0.0               pyhd8ed1ab_0             conda-forge
2025-01-14T12:41:04.6801232Z   setuptools-scm                 8.1.0                pyhd8ed1ab_0             conda-forge
2025-01-14T12:41:04.6801608Z   setuptools_scm                 8.1.0                hd8ed1ab_0               conda-forge
2025-01-14T12:41:04.6801965Z   six                            1.16.0               pyh6c4a22f_0             conda-forge
2025-01-14T12:41:04.6802297Z   snakeviz                       2.2.0                pyhd8ed1ab_0             conda-forge
2025-01-14T12:41:04.6802768Z   snappy                         1.2.0                hdb0a2a9_1               conda-forge
2025-01-14T12:41:04.6803337Z   sniffio                        1.3.1                pyhd8ed1ab_0             conda-forge
2025-01-14T12:41:04.6803732Z   snowballstemmer                2.2.0                pyhd8ed1ab_0             conda-forge
2025-01-14T12:41:04.6804127Z   soupsieve                      2.5                  pyhd8ed1ab_1             conda-forge
2025-01-14T12:41:04.6804485Z   sphinx                         7.3.7                pyhd8ed1ab_0             conda-forge
2025-01-14T12:41:04.6805077Z   sphinx-astropy                 1.9.1                pyhd8ed1ab_0             conda-forge
2025-01-14T12:41:04.6805780Z   sphinx-automodapi              0.17.0               pyh717bed2_1             conda-forge
2025-01-14T12:41:04.6806188Z   sphinx-gallery                 0.16.0               pyhd8ed1ab_0             conda-forge
2025-01-14T12:41:04.6806596Z   sphinx-jsonschema              1.19.1               pyhd8ed1ab_0             conda-forge
2025-01-14T12:41:04.6807010Z   sphinx_bootstrap_theme         0.8.1                pyhd8ed1ab_0             conda-forge
2025-01-14T12:41:04.6807410Z   sphinx_rtd_theme               2.0.0                pyha770c72_0             conda-forge
2025-01-14T12:41:04.6808241Z   sphinxcontrib-apidoc           0.3.0                py_1                     conda-forge
2025-01-14T12:41:04.6809110Z   sphinxcontrib-applehelp        1.0.8                pyhd8ed1ab_0             conda-forge
2025-01-14T12:41:04.6809570Z   sphinxcontrib-bibtex           2.6.2                pyhd8ed1ab_0             conda-forge
2025-01-14T12:41:04.6810004Z   sphinxcontrib-devhelp          1.0.6                pyhd8ed1ab_0             conda-forge
2025-01-14T12:41:04.6810490Z   sphinxcontrib-htmlhelp         2.0.5                pyhd8ed1ab_0             conda-forge
2025-01-14T12:41:04.6810921Z   sphinxcontrib-jquery           4.1                  pyhd8ed1ab_0             conda-forge
2025-01-14T12:41:04.6811345Z   sphinxcontrib-jsmath           1.0.1                pyhd8ed1ab_0             conda-forge
2025-01-14T12:41:04.6812031Z   sphinxcontrib-qthelp           1.0.7                pyhd8ed1ab_0             conda-forge
2025-01-14T12:41:04.6812709Z   sphinxcontrib-serializinghtml  1.1.10               pyhd8ed1ab_0             conda-forge
2025-01-14T12:41:04.6813509Z   stack_data                     0.6.2                pyhd8ed1ab_0             conda-forge
2025-01-14T12:41:04.6813907Z   sympy                          1.12.1               pypyh2585a3b_103         conda-forge
2025-01-14T12:41:04.6814374Z   tabulate                       0.9.0                pyhd8ed1ab_1             conda-forge
2025-01-14T12:41:04.6814899Z   tenacity                       8.4.1                pyhd8ed1ab_0             conda-forge
2025-01-14T12:41:04.6815637Z   terminado                      0.18.1               pyh0d859eb_0             conda-forge
2025-01-14T12:41:04.6816297Z   tinycss2                       1.3.0                pyhd8ed1ab_0             conda-forge
2025-01-14T12:41:04.6816645Z   tk                             8.6.13               noxft_h4845f30_101       conda-forge
2025-01-14T12:41:04.6816966Z   toml                           0.10.2               pyhd8ed1ab_0             conda-forge
2025-01-14T12:41:04.6817301Z   tomli                          2.0.1                pyhd8ed1ab_0             conda-forge
2025-01-14T12:41:04.6817644Z   tornado                        6.4.1                py312h9a8786e_0          conda-forge
2025-01-14T12:41:04.6817978Z   tqdm                           4.66.4               pyhd8ed1ab_0             conda-forge
2025-01-14T12:41:04.6818320Z   traitlets                      5.14.3               pyhd8ed1ab_0             conda-forge
2025-01-14T12:41:04.6818686Z   typed-ast                      1.5.5                py312h98912ed_1          conda-forge
2025-01-14T12:41:04.6819333Z   types-python-dateutil          2.9.0.20240316       pyhd8ed1ab_0             conda-forge
2025-01-14T12:41:04.6819838Z   typing-extensions              4.12.2               hd8ed1ab_0               conda-forge
2025-01-14T12:41:04.6820245Z   typing_extensions              4.12.2               pyha770c72_0             conda-forge
2025-01-14T12:41:04.6820824Z   typing_utils                   0.1.0                pyhd8ed1ab_0             conda-forge
2025-01-14T12:41:04.6821475Z   tzdata                         2024a                h0c530f3_0               conda-forge
2025-01-14T12:41:04.6822121Z   uri-template                   1.3.0                pyhd8ed1ab_0             conda-forge
2025-01-14T12:41:04.6822758Z   urllib3                        2.2.2                pyhd8ed1ab_0             conda-forge
2025-01-14T12:41:04.6823396Z   wcwidth                        0.2.13               pyhd8ed1ab_0             conda-forge
2025-01-14T12:41:04.6824013Z   webcolors                      24.6.0               pyhd8ed1ab_0             conda-forge
2025-01-14T12:41:04.6824662Z   webencodings                   0.5.1                pyhd8ed1ab_2             conda-forge
2025-01-14T12:41:04.6825480Z   websocket-client               1.8.0                pyhd8ed1ab_0             conda-forge
2025-01-14T12:41:04.6826138Z   wheel                          0.43.0               pyhd8ed1ab_1             conda-forge
2025-01-14T12:41:04.6827039Z   widgetsnbextension             3.6.6                pyhd8ed1ab_0             conda-forge
2025-01-14T12:41:04.6827852Z   xorg-kbproto                   1.0.7                h7f98852_1002            conda-forge
2025-01-14T12:41:04.6828652Z   xorg-libice                    1.1.1                hd590300_0               conda-forge
2025-01-14T12:41:04.6829287Z   xorg-libsm                     1.2.4                h7391055_0               conda-forge
2025-01-14T12:41:04.6829921Z   xorg-libx11                    1.8.9                h8ee46fc_0               conda-forge
2025-01-14T12:41:04.6830556Z   xorg-libxau                    1.0.11               hd590300_0               conda-forge
2025-01-14T12:41:04.6831210Z   xorg-libxdmcp                  1.1.3                h7f98852_0               conda-forge
2025-01-14T12:41:04.6831870Z   xorg-libxext                   1.3.4                h0b41bf4_2               conda-forge
2025-01-14T12:41:04.6832539Z   xorg-libxrender                0.9.11               hd590300_0               conda-forge
2025-01-14T12:41:04.6833247Z   xorg-renderproto               0.11.1               h7f98852_1002            conda-forge
2025-01-14T12:41:04.6833884Z   xorg-xextproto                 7.3.0                h0b41bf4_1003            conda-forge
2025-01-14T12:41:04.6834266Z   xorg-xproto                    7.0.31               h7f98852_1007            conda-forge
2025-01-14T12:41:04.6834599Z   xz                             5.2.6                h166bdaf_0               conda-forge
2025-01-14T12:41:04.6834909Z   yaml                           0.2.5                h7f98852_2               conda-forge
2025-01-14T12:41:04.6835419Z   zeromq                         4.3.5                h75354e8_4               conda-forge
2025-01-14T12:41:04.6835795Z   zipp                           3.19.2               pyhd8ed1ab_0             conda-forge
2025-01-14T12:41:04.6836122Z   zlib                           1.3.1                h4ab18f5_1               conda-forge
2025-01-14T12:41:04.6836451Z   zlib-ng                        2.0.7                h0b41bf4_0               conda-forge
2025-01-14T12:41:04.6836778Z   zstd                           1.5.6                ha6fb4c9_0               conda-forge
2025-01-14T12:41:04.6837302Z ##[endgroup]
2025-01-14T12:41:04.6899144Z ##[group]Run pip install -e . --user
2025-01-14T12:41:04.6899590Z [36;1mpip install -e . --user[0m
2025-01-14T12:41:04.6938444Z shell: /usr/bin/bash -l {0}
2025-01-14T12:41:04.6938834Z env:
2025-01-14T12:41:04.6939124Z   CACHE_NUMBER: 0
2025-01-14T12:41:04.6940150Z   PYTEST_FLAGS: --tardis-regression-data=/home/runner/work/tardis/tardis/tardis-regression-data --cov=tardis --cov-report=xml --cov-report=html --cov-append
2025-01-14T12:41:04.6941272Z   CODECOV_TOKEN: 
2025-01-14T12:41:04.6941643Z   MAMBA_ROOT_PREFIX: /home/runner/micromamba
2025-01-14T12:41:04.6942157Z   MAMBA_EXE: /home/runner/micromamba-bin/micromamba
2025-01-14T12:41:04.6942753Z   CONDARC: /home/runner/work/_temp/setup-micromamba/.condarc
2025-01-14T12:41:04.6943284Z ##[endgroup]
2025-01-14T12:41:05.9881232Z Obtaining file:///home/runner/work/tardis/tardis
2025-01-14T12:41:05.9909396Z   Installing build dependencies: started
2025-01-14T12:41:09.6631218Z   Installing build dependencies: finished with status 'done'
2025-01-14T12:41:09.6637625Z   Checking if build backend supports build_editable: started
2025-01-14T12:41:09.7814931Z   Checking if build backend supports build_editable: finished with status 'done'
2025-01-14T12:41:09.7821813Z   Getting requirements to build editable: started
2025-01-14T12:41:10.2537765Z   Getting requirements to build editable: finished with status 'done'
2025-01-14T12:41:10.2546426Z   Preparing editable metadata (pyproject.toml): started
2025-01-14T12:41:10.7213839Z   Preparing editable metadata (pyproject.toml): finished with status 'done'
2025-01-14T12:41:10.7790509Z Requirement already satisfied: astropy in /home/runner/micromamba/envs/tardis/lib/python3.12/site-packages (from tardis==0.0.0) (6.1.1)
2025-01-14T12:41:10.8180583Z Requirement already satisfied: numpy>=1.23 in /home/runner/micromamba/envs/tardis/lib/python3.12/site-packages (from astropy->tardis==0.0.0) (1.26.4)
2025-01-14T12:41:10.8189344Z Requirement already satisfied: pyerfa>=2.0.1.1 in /home/runner/micromamba/envs/tardis/lib/python3.12/site-packages (from astropy->tardis==0.0.0) (2.0.1.4)
2025-01-14T12:41:10.8199655Z Requirement already satisfied: astropy-iers-data>=0.2024.5.27.0.30.8 in /home/runner/micromamba/envs/tardis/lib/python3.12/site-packages (from astropy->tardis==0.0.0) (0.2024.6.17.0.31.35)
2025-01-14T12:41:10.8207719Z Requirement already satisfied: PyYAML>=3.13 in /home/runner/micromamba/envs/tardis/lib/python3.12/site-packages (from astropy->tardis==0.0.0) (6.0.1)
2025-01-14T12:41:10.8217115Z Requirement already satisfied: packaging>=19.0 in /home/runner/micromamba/envs/tardis/lib/python3.12/site-packages (from astropy->tardis==0.0.0) (24.1)
2025-01-14T12:41:10.8302661Z Building wheels for collected packages: tardis
2025-01-14T12:41:10.8311088Z   Building editable for tardis (pyproject.toml): started
2025-01-14T12:41:11.5793014Z   Building editable for tardis (pyproject.toml): finished with status 'done'
2025-01-14T12:41:11.5800430Z   Created wheel for tardis: filename=tardis-0.0.0-0.editable-py3-none-any.whl size=8876 sha256=275904123327de45a25c1612726abf55a5ec12480fbb1be71fbcc4716f469031
2025-01-14T12:41:11.5802292Z   Stored in directory: /tmp/pip-ephem-wheel-cache-nyfq8dv7/wheels/6a/c7/ae/89fa6dc2565455898176888ef0e2e475e4e90eb0124afcb995
2025-01-14T12:41:11.5828372Z Successfully built tardis
2025-01-14T12:41:12.3408894Z Installing collected packages: tardis
2025-01-14T12:41:12.3503300Z Successfully installed tardis-0.0.0
2025-01-14T12:41:13.0346381Z ##[group]Run pip install qgridnext
2025-01-14T12:41:13.0346714Z [36;1mpip install qgridnext[0m
2025-01-14T12:41:13.0372945Z shell: /usr/bin/bash -l {0}
2025-01-14T12:41:13.0373184Z env:
2025-01-14T12:41:13.0373360Z   CACHE_NUMBER: 0
2025-01-14T12:41:13.0373969Z   PYTEST_FLAGS: --tardis-regression-data=/home/runner/work/tardis/tardis/tardis-regression-data --cov=tardis --cov-report=xml --cov-report=html --cov-append
2025-01-14T12:41:13.0374643Z   CODECOV_TOKEN: 
2025-01-14T12:41:13.0374865Z   MAMBA_ROOT_PREFIX: /home/runner/micromamba
2025-01-14T12:41:13.0375169Z   MAMBA_EXE: /home/runner/micromamba-bin/micromamba
2025-01-14T12:41:13.0375715Z   CONDARC: /home/runner/work/_temp/setup-micromamba/.condarc
2025-01-14T12:41:13.0376016Z ##[endgroup]
2025-01-14T12:41:13.7072196Z Collecting qgridnext
2025-01-14T12:41:13.7434537Z   Downloading qgridnext-2.0.4-py3-none-any.whl.metadata (9.9 kB)
2025-01-14T12:41:13.7530065Z Requirement already satisfied: pandas>=0.20.0 in /home/runner/micromamba/envs/tardis/lib/python3.12/site-packages (from qgridnext) (2.2.2)
2025-01-14T12:41:13.7538441Z Requirement already satisfied: ipywidgets>=7.0.0 in /home/runner/micromamba/envs/tardis/lib/python3.12/site-packages (from qgridnext) (7.8.0)
2025-01-14T12:41:13.7547206Z Requirement already satisfied: numpy in /home/runner/micromamba/envs/tardis/lib/python3.12/site-packages (from qgridnext) (1.26.4)
2025-01-14T12:41:13.7556431Z Requirement already satisfied: traitlets in /home/runner/micromamba/envs/tardis/lib/python3.12/site-packages (from qgridnext) (5.14.3)
2025-01-14T12:41:13.7641360Z Requirement already satisfied: comm>=0.1.3 in /home/runner/micromamba/envs/tardis/lib/python3.12/site-packages (from ipywidgets>=7.0.0->qgridnext) (0.2.2)
2025-01-14T12:41:13.7649708Z Requirement already satisfied: ipython-genutils~=0.2.0 in /home/runner/micromamba/envs/tardis/lib/python3.12/site-packages (from ipywidgets>=7.0.0->qgridnext) (0.2.0)
2025-01-14T12:41:13.7661935Z Requirement already satisfied: widgetsnbextension~=3.6.5 in /home/runner/micromamba/envs/tardis/lib/python3.12/site-packages (from ipywidgets>=7.0.0->qgridnext) (3.6.6)
2025-01-14T12:41:13.7679051Z Requirement already satisfied: ipython>=4.0.0 in /home/runner/micromamba/envs/tardis/lib/python3.12/site-packages (from ipywidgets>=7.0.0->qgridnext) (8.25.0)
2025-01-14T12:41:13.7693103Z Requirement already satisfied: jupyterlab-widgets<3,>=1.0.0 in /home/runner/micromamba/envs/tardis/lib/python3.12/site-packages (from ipywidgets>=7.0.0->qgridnext) (1.1.7)
2025-01-14T12:41:13.8197419Z Requirement already satisfied: python-dateutil>=2.8.2 in /home/runner/micromamba/envs/tardis/lib/python3.12/site-packages (from pandas>=0.20.0->qgridnext) (2.9.0)
2025-01-14T12:41:13.8211498Z Requirement already satisfied: pytz>=2020.1 in /home/runner/micromamba/envs/tardis/lib/python3.12/site-packages (from pandas>=0.20.0->qgridnext) (2024.1)
2025-01-14T12:41:13.8219652Z Requirement already satisfied: tzdata>=2022.7 in /home/runner/micromamba/envs/tardis/lib/python3.12/site-packages (from pandas>=0.20.0->qgridnext) (2024.1)
2025-01-14T12:41:13.8534934Z Requirement already satisfied: decorator in /home/runner/micromamba/envs/tardis/lib/python3.12/site-packages (from ipython>=4.0.0->ipywidgets>=7.0.0->qgridnext) (5.1.1)
2025-01-14T12:41:13.8548768Z Requirement already satisfied: jedi>=0.16 in /home/runner/micromamba/envs/tardis/lib/python3.12/site-packages (from ipython>=4.0.0->ipywidgets>=7.0.0->qgridnext) (0.19.1)
2025-01-14T12:41:13.8556773Z Requirement already satisfied: matplotlib-inline in /home/runner/micromamba/envs/tardis/lib/python3.12/site-packages (from ipython>=4.0.0->ipywidgets>=7.0.0->qgridnext) (0.1.7)
2025-01-14T12:41:13.8567384Z Requirement already satisfied: prompt-toolkit<3.1.0,>=3.0.41 in /home/runner/micromamba/envs/tardis/lib/python3.12/site-packages (from ipython>=4.0.0->ipywidgets>=7.0.0->qgridnext) (3.0.47)
2025-01-14T12:41:13.8576142Z Requirement already satisfied: pygments>=2.4.0 in /home/runner/micromamba/envs/tardis/lib/python3.12/site-packages (from ipython>=4.0.0->ipywidgets>=7.0.0->qgridnext) (2.18.0)
2025-01-14T12:41:13.8585470Z Requirement already satisfied: stack-data in /home/runner/micromamba/envs/tardis/lib/python3.12/site-packages (from ipython>=4.0.0->ipywidgets>=7.0.0->qgridnext) (0.6.2)
2025-01-14T12:41:13.8604056Z Requirement already satisfied: pexpect>4.3 in /home/runner/micromamba/envs/tardis/lib/python3.12/site-packages (from ipython>=4.0.0->ipywidgets>=7.0.0->qgridnext) (4.9.0)
2025-01-14T12:41:13.8650799Z Requirement already satisfied: six>=1.5 in /home/runner/micromamba/envs/tardis/lib/python3.12/site-packages (from python-dateutil>=2.8.2->pandas>=0.20.0->qgridnext) (1.16.0)
2025-01-14T12:41:13.8707339Z Requirement already satisfied: notebook>=4.4.1 in /home/runner/micromamba/envs/tardis/lib/python3.12/site-packages (from widgetsnbextension~=3.6.5->ipywidgets>=7.0.0->qgridnext) (7.2.1)
2025-01-14T12:41:13.8896046Z Requirement already satisfied: parso<0.9.0,>=0.8.3 in /home/runner/micromamba/envs/tardis/lib/python3.12/site-packages (from jedi>=0.16->ipython>=4.0.0->ipywidgets>=7.0.0->qgridnext) (0.8.4)
2025-01-14T12:41:13.9040873Z Requirement already satisfied: jupyter-server<3,>=2.4.0 in /home/runner/micromamba/envs/tardis/lib/python3.12/site-packages (from notebook>=4.4.1->widgetsnbextension~=3.6.5->ipywidgets>=7.0.0->qgridnext) (2.14.1)
2025-01-14T12:41:13.9054993Z Requirement already satisfied: jupyterlab-server<3,>=2.27.1 in /home/runner/micromamba/envs/tardis/lib/python3.12/site-packages (from notebook>=4.4.1->widgetsnbextension~=3.6.5->ipywidgets>=7.0.0->qgridnext) (2.27.2)
2025-01-14T12:41:13.9070292Z Requirement already satisfied: jupyterlab<4.3,>=4.2.0 in /home/runner/micromamba/envs/tardis/lib/python3.12/site-packages (from notebook>=4.4.1->widgetsnbextension~=3.6.5->ipywidgets>=7.0.0->qgridnext) (4.2.2)
2025-01-14T12:41:13.9080544Z Requirement already satisfied: notebook-shim<0.3,>=0.2 in /home/runner/micromamba/envs/tardis/lib/python3.12/site-packages (from notebook>=4.4.1->widgetsnbextension~=3.6.5->ipywidgets>=7.0.0->qgridnext) (0.2.4)
2025-01-14T12:41:13.9088490Z Requirement already satisfied: tornado>=6.2.0 in /home/runner/micromamba/envs/tardis/lib/python3.12/site-packages (from notebook>=4.4.1->widgetsnbextension~=3.6.5->ipywidgets>=7.0.0->qgridnext) (6.4.1)
2025-01-14T12:41:13.9117924Z Requirement already satisfied: ptyprocess>=0.5 in /home/runner/micromamba/envs/tardis/lib/python3.12/site-packages (from pexpect>4.3->ipython>=4.0.0->ipywidgets>=7.0.0->qgridnext) (0.7.0)
2025-01-14T12:41:13.9146936Z Requirement already satisfied: wcwidth in /home/runner/micromamba/envs/tardis/lib/python3.12/site-packages (from prompt-toolkit<3.1.0,>=3.0.41->ipython>=4.0.0->ipywidgets>=7.0.0->qgridnext) (0.2.13)
2025-01-14T12:41:13.9284017Z Requirement already satisfied: executing>=1.2.0 in /home/runner/micromamba/envs/tardis/lib/python3.12/site-packages (from stack-data->ipython>=4.0.0->ipywidgets>=7.0.0->qgridnext) (2.0.1)
2025-01-14T12:41:13.9293416Z Requirement already satisfied: asttokens>=2.1.0 in /home/runner/micromamba/envs/tardis/lib/python3.12/site-packages (from stack-data->ipython>=4.0.0->ipywidgets>=7.0.0->qgridnext) (2.4.1)
2025-01-14T12:41:13.9300879Z Requirement already satisfied: pure-eval in /home/runner/micromamba/envs/tardis/lib/python3.12/site-packages (from stack-data->ipython>=4.0.0->ipywidgets>=7.0.0->qgridnext) (0.2.2)
2025-01-14T12:41:13.9636846Z Requirement already satisfied: anyio>=3.1.0 in /home/runner/micromamba/envs/tardis/lib/python3.12/site-packages (from jupyter-server<3,>=2.4.0->notebook>=4.4.1->widgetsnbextension~=3.6.5->ipywidgets>=7.0.0->qgridnext) (4.4.0)
2025-01-14T12:41:13.9646914Z Requirement already satisfied: argon2-cffi>=21.1 in /home/runner/micromamba/envs/tardis/lib/python3.12/site-packages (from jupyter-server<3,>=2.4.0->notebook>=4.4.1->widgetsnbextension~=3.6.5->ipywidgets>=7.0.0->qgridnext) (23.1.0)
2025-01-14T12:41:13.9655420Z Requirement already satisfied: jinja2>=3.0.3 in /home/runner/micromamba/envs/tardis/lib/python3.12/site-packages (from jupyter-server<3,>=2.4.0->notebook>=4.4.1->widgetsnbextension~=3.6.5->ipywidgets>=7.0.0->qgridnext) (3.1.4)
2025-01-14T12:41:13.9666754Z Requirement already satisfied: jupyter-client>=7.4.4 in /home/runner/micromamba/envs/tardis/lib/python3.12/site-packages (from jupyter-server<3,>=2.4.0->notebook>=4.4.1->widgetsnbextension~=3.6.5->ipywidgets>=7.0.0->qgridnext) (8.6.2)
2025-01-14T12:41:13.9678184Z Requirement already satisfied: jupyter-core!=5.0.*,>=4.12 in /home/runner/micromamba/envs/tardis/lib/python3.12/site-packages (from jupyter-server<3,>=2.4.0->notebook>=4.4.1->widgetsnbextension~=3.6.5->ipywidgets>=7.0.0->qgridnext) (5.7.2)
2025-01-14T12:41:13.9688944Z Requirement already satisfied: jupyter-events>=0.9.0 in /home/runner/micromamba/envs/tardis/lib/python3.12/site-packages (from jupyter-server<3,>=2.4.0->notebook>=4.4.1->widgetsnbextension~=3.6.5->ipywidgets>=7.0.0->qgridnext) (0.10.0)
2025-01-14T12:41:13.9699613Z Requirement already satisfied: jupyter-server-terminals>=0.4.4 in /home/runner/micromamba/envs/tardis/lib/python3.12/site-packages (from jupyter-server<3,>=2.4.0->notebook>=4.4.1->widgetsnbextension~=3.6.5->ipywidgets>=7.0.0->qgridnext) (0.5.3)
2025-01-14T12:41:13.9712693Z Requirement already satisfied: nbconvert>=6.4.4 in /home/runner/micromamba/envs/tardis/lib/python3.12/site-packages (from jupyter-server<3,>=2.4.0->notebook>=4.4.1->widgetsnbextension~=3.6.5->ipywidgets>=7.0.0->qgridnext) (7.16.4)
2025-01-14T12:41:13.9722501Z Requirement already satisfied: nbformat>=5.3.0 in /home/runner/micromamba/envs/tardis/lib/python3.12/site-packages (from jupyter-server<3,>=2.4.0->notebook>=4.4.1->widgetsnbextension~=3.6.5->ipywidgets>=7.0.0->qgridnext) (5.10.4)
2025-01-14T12:41:13.9731362Z Requirement already satisfied: overrides>=5.0 in /home/runner/micromamba/envs/tardis/lib/python3.12/site-packages (from jupyter-server<3,>=2.4.0->notebook>=4.4.1->widgetsnbextension~=3.6.5->ipywidgets>=7.0.0->qgridnext) (7.7.0)
2025-01-14T12:41:13.9740870Z Requirement already satisfied: packaging>=22.0 in /home/runner/micromamba/envs/tardis/lib/python3.12/site-packages (from jupyter-server<3,>=2.4.0->notebook>=4.4.1->widgetsnbextension~=3.6.5->ipywidgets>=7.0.0->qgridnext) (24.1)
2025-01-14T12:41:13.9749228Z Requirement already satisfied: prometheus-client>=0.9 in /home/runner/micromamba/envs/tardis/lib/python3.12/site-packages (from jupyter-server<3,>=2.4.0->notebook>=4.4.1->widgetsnbextension~=3.6.5->ipywidgets>=7.0.0->qgridnext) (0.20.0)
2025-01-14T12:41:13.9759457Z Requirement already satisfied: pyzmq>=24 in /home/runner/micromamba/envs/tardis/lib/python3.12/site-packages (from jupyter-server<3,>=2.4.0->notebook>=4.4.1->widgetsnbextension~=3.6.5->ipywidgets>=7.0.0->qgridnext) (26.0.3)
2025-01-14T12:41:13.9768119Z Requirement already satisfied: send2trash>=1.8.2 in /home/runner/micromamba/envs/tardis/lib/python3.12/site-packages (from jupyter-server<3,>=2.4.0->notebook>=4.4.1->widgetsnbextension~=3.6.5->ipywidgets>=7.0.0->qgridnext) (1.8.3)
2025-01-14T12:41:13.9779370Z Requirement already satisfied: terminado>=0.8.3 in /home/runner/micromamba/envs/tardis/lib/python3.12/site-packages (from jupyter-server<3,>=2.4.0->notebook>=4.4.1->widgetsnbextension~=3.6.5->ipywidgets>=7.0.0->qgridnext) (0.18.1)
2025-01-14T12:41:13.9796070Z Requirement already satisfied: websocket-client>=1.7 in /home/runner/micromamba/envs/tardis/lib/python3.12/site-packages (from jupyter-server<3,>=2.4.0->notebook>=4.4.1->widgetsnbextension~=3.6.5->ipywidgets>=7.0.0->qgridnext) (1.8.0)
2025-01-14T12:41:14.0079143Z Requirement already satisfied: async-lru>=1.0.0 in /home/runner/micromamba/envs/tardis/lib/python3.12/site-packages (from jupyterlab<4.3,>=4.2.0->notebook>=4.4.1->widgetsnbextension~=3.6.5->ipywidgets>=7.0.0->qgridnext) (2.0.4)
2025-01-14T12:41:14.0090327Z Requirement already satisfied: httpx>=0.25.0 in /home/runner/micromamba/envs/tardis/lib/python3.12/site-packages (from jupyterlab<4.3,>=4.2.0->notebook>=4.4.1->widgetsnbextension~=3.6.5->ipywidgets>=7.0.0->qgridnext) (0.27.0)
2025-01-14T12:41:14.0101808Z Requirement already satisfied: ipykernel>=6.5.0 in /home/runner/micromamba/envs/tardis/lib/python3.12/site-packages (from jupyterlab<4.3,>=4.2.0->notebook>=4.4.1->widgetsnbextension~=3.6.5->ipywidgets>=7.0.0->qgridnext) (6.29.4)
2025-01-14T12:41:14.0115717Z Requirement already satisfied: jupyter-lsp>=2.0.0 in /home/runner/micromamba/envs/tardis/lib/python3.12/site-packages (from jupyterlab<4.3,>=4.2.0->notebook>=4.4.1->widgetsnbextension~=3.6.5->ipywidgets>=7.0.0->qgridnext) (2.2.5)
2025-01-14T12:41:14.0141402Z Requirement already satisfied: setuptools>=40.1.0 in /home/runner/micromamba/envs/tardis/lib/python3.12/site-packages (from jupyterlab<4.3,>=4.2.0->notebook>=4.4.1->widgetsnbextension~=3.6.5->ipywidgets>=7.0.0->qgridnext) (70.0.0)
2025-01-14T12:41:14.0330158Z Requirement already satisfied: babel>=2.10 in /home/runner/micromamba/envs/tardis/lib/python3.12/site-packages (from jupyterlab-server<3,>=2.27.1->notebook>=4.4.1->widgetsnbextension~=3.6.5->ipywidgets>=7.0.0->qgridnext) (2.14.0)
2025-01-14T12:41:14.0356189Z Requirement already satisfied: json5>=0.9.0 in /home/runner/micromamba/envs/tardis/lib/python3.12/site-packages (from jupyterlab-server<3,>=2.27.1->notebook>=4.4.1->widgetsnbextension~=3.6.5->ipywidgets>=7.0.0->qgridnext) (0.9.25)
2025-01-14T12:41:14.0367027Z Requirement already satisfied: jsonschema>=4.18.0 in /home/runner/micromamba/envs/tardis/lib/python3.12/site-packages (from jupyterlab-server<3,>=2.27.1->notebook>=4.4.1->widgetsnbextension~=3.6.5->ipywidgets>=7.0.0->qgridnext) (4.22.0)
2025-01-14T12:41:14.0384847Z Requirement already satisfied: requests>=2.31 in /home/runner/micromamba/envs/tardis/lib/python3.12/site-packages (from jupyterlab-server<3,>=2.27.1->notebook>=4.4.1->widgetsnbextension~=3.6.5->ipywidgets>=7.0.0->qgridnext) (2.32.3)
2025-01-14T12:41:14.0737126Z Requirement already satisfied: idna>=2.8 in /home/runner/micromamba/envs/tardis/lib/python3.12/site-packages (from anyio>=3.1.0->jupyter-server<3,>=2.4.0->notebook>=4.4.1->widgetsnbextension~=3.6.5->ipywidgets>=7.0.0->qgridnext) (3.7)
2025-01-14T12:41:14.0746643Z Requirement already satisfied: sniffio>=1.1 in /home/runner/micromamba/envs/tardis/lib/python3.12/site-packages (from anyio>=3.1.0->jupyter-server<3,>=2.4.0->notebook>=4.4.1->widgetsnbextension~=3.6.5->ipywidgets>=7.0.0->qgridnext) (1.3.1)
2025-01-14T12:41:14.0838284Z Requirement already satisfied: argon2-cffi-bindings in /home/runner/micromamba/envs/tardis/lib/python3.12/site-packages (from argon2-cffi>=21.1->jupyter-server<3,>=2.4.0->notebook>=4.4.1->widgetsnbextension~=3.6.5->ipywidgets>=7.0.0->qgridnext) (21.2.0)
2025-01-14T12:41:14.1008932Z Requirement already satisfied: certifi in /home/runner/micromamba/envs/tardis/lib/python3.12/site-packages (from httpx>=0.25.0->jupyterlab<4.3,>=4.2.0->notebook>=4.4.1->widgetsnbextension~=3.6.5->ipywidgets>=7.0.0->qgridnext) (2024.6.2)
2025-01-14T12:41:14.1023271Z Requirement already satisfied: httpcore==1.* in /home/runner/micromamba/envs/tardis/lib/python3.12/site-packages (from httpx>=0.25.0->jupyterlab<4.3,>=4.2.0->notebook>=4.4.1->widgetsnbextension~=3.6.5->ipywidgets>=7.0.0->qgridnext) (1.0.5)
2025-01-14T12:41:14.1100237Z Requirement already satisfied: h11<0.15,>=0.13 in /home/runner/micromamba/envs/tardis/lib/python3.12/site-packages (from httpcore==1.*->httpx>=0.25.0->jupyterlab<4.3,>=4.2.0->notebook>=4.4.1->widgetsnbextension~=3.6.5->ipywidgets>=7.0.0->qgridnext) (0.14.0)
2025-01-14T12:41:14.1284808Z Requirement already satisfied: debugpy>=1.6.5 in /home/runner/micromamba/envs/tardis/lib/python3.12/site-packages (from ipykernel>=6.5.0->jupyterlab<4.3,>=4.2.0->notebook>=4.4.1->widgetsnbextension~=3.6.5->ipywidgets>=7.0.0->qgridnext) (1.8.1)
2025-01-14T12:41:14.1305405Z Requirement already satisfied: nest-asyncio in /home/runner/micromamba/envs/tardis/lib/python3.12/site-packages (from ipykernel>=6.5.0->jupyterlab<4.3,>=4.2.0->notebook>=4.4.1->widgetsnbextension~=3.6.5->ipywidgets>=7.0.0->qgridnext) (1.6.0)
2025-01-14T12:41:14.1320464Z Requirement already satisfied: psutil in /home/runner/micromamba/envs/tardis/lib/python3.12/site-packages (from ipykernel>=6.5.0->jupyterlab<4.3,>=4.2.0->notebook>=4.4.1->widgetsnbextension~=3.6.5->ipywidgets>=7.0.0->qgridnext) (5.9.8)
2025-01-14T12:41:14.1383902Z Requirement already satisfied: MarkupSafe>=2.0 in /home/runner/micromamba/envs/tardis/lib/python3.12/site-packages (from jinja2>=3.0.3->jupyter-server<3,>=2.4.0->notebook>=4.4.1->widgetsnbextension~=3.6.5->ipywidgets>=7.0.0->qgridnext) (2.1.5)
2025-01-14T12:41:14.1576243Z Requirement already satisfied: attrs>=22.2.0 in /home/runner/micromamba/envs/tardis/lib/python3.12/site-packages (from jsonschema>=4.18.0->jupyterlab-server<3,>=2.27.1->notebook>=4.4.1->widgetsnbextension~=3.6.5->ipywidgets>=7.0.0->qgridnext) (23.2.0)
2025-01-14T12:41:14.1587179Z Requirement already satisfied: jsonschema-specifications>=2023.03.6 in /home/runner/micromamba/envs/tardis/lib/python3.12/site-packages (from jsonschema>=4.18.0->jupyterlab-server<3,>=2.27.1->notebook>=4.4.1->widgetsnbextension~=3.6.5->ipywidgets>=7.0.0->qgridnext) (2023.12.1)
2025-01-14T12:41:14.1596860Z Requirement already satisfied: referencing>=0.28.4 in /home/runner/micromamba/envs/tardis/lib/python3.12/site-packages (from jsonschema>=4.18.0->jupyterlab-server<3,>=2.27.1->notebook>=4.4.1->widgetsnbextension~=3.6.5->ipywidgets>=7.0.0->qgridnext) (0.35.1)
2025-01-14T12:41:14.1606763Z Requirement already satisfied: rpds-py>=0.7.1 in /home/runner/micromamba/envs/tardis/lib/python3.12/site-packages (from jsonschema>=4.18.0->jupyterlab-server<3,>=2.27.1->notebook>=4.4.1->widgetsnbextension~=3.6.5->ipywidgets>=7.0.0->qgridnext) (0.18.1)
2025-01-14T12:41:14.1869109Z Requirement already satisfied: platformdirs>=2.5 in /home/runner/micromamba/envs/tardis/lib/python3.12/site-packages (from jupyter-core!=5.0.*,>=4.12->jupyter-server<3,>=2.4.0->notebook>=4.4.1->widgetsnbextension~=3.6.5->ipywidgets>=7.0.0->qgridnext) (4.2.2)
2025-01-14T12:41:14.2022321Z Requirement already satisfied: python-json-logger>=2.0.4 in /home/runner/micromamba/envs/tardis/lib/python3.12/site-packages (from jupyter-events>=0.9.0->jupyter-server<3,>=2.4.0->notebook>=4.4.1->widgetsnbextension~=3.6.5->ipywidgets>=7.0.0->qgridnext) (2.0.7)
2025-01-14T12:41:14.2031489Z Requirement already satisfied: pyyaml>=5.3 in /home/runner/micromamba/envs/tardis/lib/python3.12/site-packages (from jupyter-events>=0.9.0->jupyter-server<3,>=2.4.0->notebook>=4.4.1->widgetsnbextension~=3.6.5->ipywidgets>=7.0.0->qgridnext) (6.0.1)
2025-01-14T12:41:14.2042586Z Requirement already satisfied: rfc3339-validator in /home/runner/micromamba/envs/tardis/lib/python3.12/site-packages (from jupyter-events>=0.9.0->jupyter-server<3,>=2.4.0->notebook>=4.4.1->widgetsnbextension~=3.6.5->ipywidgets>=7.0.0->qgridnext) (0.1.4)
2025-01-14T12:41:14.2052315Z Requirement already satisfied: rfc3986-validator>=0.1.1 in /home/runner/micromamba/envs/tardis/lib/python3.12/site-packages (from jupyter-events>=0.9.0->jupyter-server<3,>=2.4.0->notebook>=4.4.1->widgetsnbextension~=3.6.5->ipywidgets>=7.0.0->qgridnext) (0.1.1)
2025-01-14T12:41:14.2478248Z Requirement already satisfied: beautifulsoup4 in /home/runner/micromamba/envs/tardis/lib/python3.12/site-packages (from nbconvert>=6.4.4->jupyter-server<3,>=2.4.0->notebook>=4.4.1->widgetsnbextension~=3.6.5->ipywidgets>=7.0.0->qgridnext) (4.12.3)
2025-01-14T12:41:14.2497903Z Requirement already satisfied: bleach!=5.0.0 in /home/runner/micromamba/envs/tardis/lib/python3.12/site-packages (from nbconvert>=6.4.4->jupyter-server<3,>=2.4.0->notebook>=4.4.1->widgetsnbextension~=3.6.5->ipywidgets>=7.0.0->qgridnext) (6.1.0)
2025-01-14T12:41:14.2512997Z Requirement already satisfied: defusedxml in /home/runner/micromamba/envs/tardis/lib/python3.12/site-packages (from nbconvert>=6.4.4->jupyter-server<3,>=2.4.0->notebook>=4.4.1->widgetsnbextension~=3.6.5->ipywidgets>=7.0.0->qgridnext) (0.7.1)
2025-01-14T12:41:14.2528270Z Requirement already satisfied: jupyterlab-pygments in /home/runner/micromamba/envs/tardis/lib/python3.12/site-packages (from nbconvert>=6.4.4->jupyter-server<3,>=2.4.0->notebook>=4.4.1->widgetsnbextension~=3.6.5->ipywidgets>=7.0.0->qgridnext) (0.3.0)
2025-01-14T12:41:14.2540645Z Requirement already satisfied: mistune<4,>=2.0.3 in /home/runner/micromamba/envs/tardis/lib/python3.12/site-packages (from nbconvert>=6.4.4->jupyter-server<3,>=2.4.0->notebook>=4.4.1->widgetsnbextension~=3.6.5->ipywidgets>=7.0.0->qgridnext) (3.0.2)
2025-01-14T12:41:14.2553767Z Requirement already satisfied: nbclient>=0.5.0 in /home/runner/micromamba/envs/tardis/lib/python3.12/site-packages (from nbconvert>=6.4.4->jupyter-server<3,>=2.4.0->notebook>=4.4.1->widgetsnbextension~=3.6.5->ipywidgets>=7.0.0->qgridnext) (0.10.0)
2025-01-14T12:41:14.2571417Z Requirement already satisfied: pandocfilters>=1.4.1 in /home/runner/micromamba/envs/tardis/lib/python3.12/site-packages (from nbconvert>=6.4.4->jupyter-server<3,>=2.4.0->notebook>=4.4.1->widgetsnbextension~=3.6.5->ipywidgets>=7.0.0->qgridnext) (1.5.0)
2025-01-14T12:41:14.2581974Z Requirement already satisfied: tinycss2 in /home/runner/micromamba/envs/tardis/lib/python3.12/site-packages (from nbconvert>=6.4.4->jupyter-server<3,>=2.4.0->notebook>=4.4.1->widgetsnbextension~=3.6.5->ipywidgets>=7.0.0->qgridnext) (1.3.0)
2025-01-14T12:41:14.2696791Z Requirement already satisfied: fastjsonschema>=2.15 in /home/runner/micromamba/envs/tardis/lib/python3.12/site-packages (from nbformat>=5.3.0->jupyter-server<3,>=2.4.0->notebook>=4.4.1->widgetsnbextension~=3.6.5->ipywidgets>=7.0.0->qgridnext) (2.20.0)
2025-01-14T12:41:14.2997604Z Requirement already satisfied: charset-normalizer<4,>=2 in /home/runner/micromamba/envs/tardis/lib/python3.12/site-packages (from requests>=2.31->jupyterlab-server<3,>=2.27.1->notebook>=4.4.1->widgetsnbextension~=3.6.5->ipywidgets>=7.0.0->qgridnext) (3.3.2)
2025-01-14T12:41:14.3012404Z Requirement already satisfied: urllib3<3,>=1.21.1 in /home/runner/micromamba/envs/tardis/lib/python3.12/site-packages (from requests>=2.31->jupyterlab-server<3,>=2.27.1->notebook>=4.4.1->widgetsnbextension~=3.6.5->ipywidgets>=7.0.0->qgridnext) (2.2.2)
2025-01-14T12:41:14.3786111Z Requirement already satisfied: webencodings in /home/runner/micromamba/envs/tardis/lib/python3.12/site-packages (from bleach!=5.0.0->nbconvert>=6.4.4->jupyter-server<3,>=2.4.0->notebook>=4.4.1->widgetsnbextension~=3.6.5->ipywidgets>=7.0.0->qgridnext) (0.5.1)
2025-01-14T12:41:14.4351944Z Requirement already satisfied: fqdn in /home/runner/micromamba/envs/tardis/lib/python3.12/site-packages (from jsonschema[format-nongpl]>=4.18.0->jupyter-events>=0.9.0->jupyter-server<3,>=2.4.0->notebook>=4.4.1->widgetsnbextension~=3.6.5->ipywidgets>=7.0.0->qgridnext) (1.5.1)
2025-01-14T12:41:14.4370229Z Requirement already satisfied: isoduration in /home/runner/micromamba/envs/tardis/lib/python3.12/site-packages (from jsonschema[format-nongpl]>=4.18.0->jupyter-events>=0.9.0->jupyter-server<3,>=2.4.0->notebook>=4.4.1->widgetsnbextension~=3.6.5->ipywidgets>=7.0.0->qgridnext) (20.11.0)
2025-01-14T12:41:14.4384627Z Requirement already satisfied: jsonpointer>1.13 in /home/runner/micromamba/envs/tardis/lib/python3.12/site-packages (from jsonschema[format-nongpl]>=4.18.0->jupyter-events>=0.9.0->jupyter-server<3,>=2.4.0->notebook>=4.4.1->widgetsnbextension~=3.6.5->ipywidgets>=7.0.0->qgridnext) (3.0.0)
2025-01-14T12:41:14.4402545Z Requirement already satisfied: uri-template in /home/runner/micromamba/envs/tardis/lib/python3.12/site-packages (from jsonschema[format-nongpl]>=4.18.0->jupyter-events>=0.9.0->jupyter-server<3,>=2.4.0->notebook>=4.4.1->widgetsnbextension~=3.6.5->ipywidgets>=7.0.0->qgridnext) (1.3.0)
2025-01-14T12:41:14.4417161Z Requirement already satisfied: webcolors>=1.11 in /home/runner/micromamba/envs/tardis/lib/python3.12/site-packages (from jsonschema[format-nongpl]>=4.18.0->jupyter-events>=0.9.0->jupyter-server<3,>=2.4.0->notebook>=4.4.1->widgetsnbextension~=3.6.5->ipywidgets>=7.0.0->qgridnext) (24.6.0)
2025-01-14T12:41:14.5416197Z Requirement already satisfied: cffi>=1.0.1 in /home/runner/micromamba/envs/tardis/lib/python3.12/site-packages (from argon2-cffi-bindings->argon2-cffi>=21.1->jupyter-server<3,>=2.4.0->notebook>=4.4.1->widgetsnbextension~=3.6.5->ipywidgets>=7.0.0->qgridnext) (1.16.0)
2025-01-14T12:41:14.5511755Z Requirement already satisfied: soupsieve>1.2 in /home/runner/micromamba/envs/tardis/lib/python3.12/site-packages (from beautifulsoup4->nbconvert>=6.4.4->jupyter-server<3,>=2.4.0->notebook>=4.4.1->widgetsnbextension~=3.6.5->ipywidgets>=7.0.0->qgridnext) (2.5)
2025-01-14T12:41:14.6021241Z Requirement already satisfied: pycparser in /home/runner/micromamba/envs/tardis/lib/python3.12/site-packages (from cffi>=1.0.1->argon2-cffi-bindings->argon2-cffi>=21.1->jupyter-server<3,>=2.4.0->notebook>=4.4.1->widgetsnbextension~=3.6.5->ipywidgets>=7.0.0->qgridnext) (2.22)
2025-01-14T12:41:14.6503677Z Requirement already satisfied: arrow>=0.15.0 in /home/runner/micromamba/envs/tardis/lib/python3.12/site-packages (from isoduration->jsonschema[format-nongpl]>=4.18.0->jupyter-events>=0.9.0->jupyter-server<3,>=2.4.0->notebook>=4.4.1->widgetsnbextension~=3.6.5->ipywidgets>=7.0.0->qgridnext) (1.3.0)
2025-01-14T12:41:14.6800633Z Requirement already satisfied: types-python-dateutil>=2.8.10 in /home/runner/micromamba/envs/tardis/lib/python3.12/site-packages (from arrow>=0.15.0->isoduration->jsonschema[format-nongpl]>=4.18.0->jupyter-events>=0.9.0->jupyter-server<3,>=2.4.0->notebook>=4.4.1->widgetsnbextension~=3.6.5->ipywidgets>=7.0.0->qgridnext) (2.9.0.20240316)
2025-01-14T12:41:14.7103122Z Downloading qgridnext-2.0.4-py3-none-any.whl (1.3 MB)
2025-01-14T12:41:14.7591478Z    â”â”â”â”â”â”â”â”â”â”â”â”â”â”â”â”â”â”â”â”â”â”â”â”â”â”â”â”â”â”â”â”â”â”â”â”â”â”â”â” 1.3/1.3 MB 26.9 MB/s eta 0:00:00
2025-01-14T12:41:15.5628135Z Installing collected packages: qgridnext
2025-01-14T12:41:15.6550979Z Successfully installed qgridnext-2.0.4
2025-01-14T12:41:15.8690858Z ##[group]Run pytest tardis --tardis-regression-data=/home/runner/work/tardis/tardis/tardis-regression-data --cov=tardis --cov-report=xml --cov-report=html --cov-append -m " continuum"
2025-01-14T12:41:15.8693168Z [36;1mpytest tardis --tardis-regression-data=/home/runner/work/tardis/tardis/tardis-regression-data --cov=tardis --cov-report=xml --cov-report=html --cov-append -m " continuum"[0m
2025-01-14T12:41:15.8728612Z shell: /usr/bin/bash -l {0}
2025-01-14T12:41:15.8729108Z env:
2025-01-14T12:41:15.8729600Z   CACHE_NUMBER: 0
2025-01-14T12:41:15.8730773Z   PYTEST_FLAGS: --tardis-regression-data=/home/runner/work/tardis/tardis/tardis-regression-data --cov=tardis --cov-report=xml --cov-report=html --cov-append
2025-01-14T12:41:15.8732048Z   CODECOV_TOKEN: 
2025-01-14T12:41:15.8732535Z   MAMBA_ROOT_PREFIX: /home/runner/micromamba
2025-01-14T12:41:15.8733405Z   MAMBA_EXE: /home/runner/micromamba-bin/micromamba
2025-01-14T12:41:15.8734298Z   CONDARC: /home/runner/work/_temp/setup-micromamba/.condarc
2025-01-14T12:41:15.8734921Z ##[endgroup]
2025-01-14T12:41:25.5167815Z ============================= test session starts ==============================
2025-01-14T12:41:25.5168670Z platform linux -- Python 3.12.4, pytest-8.2.2, pluggy-1.5.0
2025-01-14T12:41:25.5169668Z rootdir: /home/runner/work/tardis/tardis
2025-01-14T12:41:25.5170394Z configfile: pyproject.toml
2025-01-14T12:41:25.5171220Z plugins: anyio-4.4.0, doctestplus-1.2.1, cov-5.0.0, html-4.1.1, metadata-3.1.1
2025-01-14T12:41:25.5172140Z collected 1796 items / 1794 deselected / 2 selected
2025-01-14T12:41:25.5172568Z 
2025-01-14T12:42:12.2677022Z tardis/transport/montecarlo/estimators/tests/test_continuum_property_solver.py F [ 50%]
2025-01-14T12:42:12.2678828Z                                                                          [ 50%]
2025-01-14T12:42:45.1432724Z tardis/transport/montecarlo/tests/test_continuum.py F                    [100%]
2025-01-14T12:42:45.1433632Z 
2025-01-14T12:42:45.1433932Z =================================== FAILURES ===================================
2025-01-14T12:42:45.1434714Z __________________________ test_continuum_estimators ___________________________
2025-01-14T12:42:45.1435119Z 
2025-01-14T12:42:45.1436532Z continuum_config = {'tardis_config_version': 'v1.0', 'supernova': {'luminosity_requested': <Quantity 4.31528298e+42 erg / s>, 'time_explo...': 10.0, 'survival_probability': 0.0, 'enable_biasing': False, 'virtual_packet_logging': False}}, 'config_dirname': ''}
2025-01-14T12:42:45.1437839Z nlte_atomic_dataset = <Atomic Data UUID=None MD5=None Lines=69056 Levels=26012>
2025-01-14T12:42:45.1438179Z 
2025-01-14T12:42:45.1438291Z     @pytest.mark.continuum
2025-01-14T12:42:45.1438571Z     def test_continuum_estimators(
2025-01-14T12:42:45.1438817Z         continuum_config,
2025-01-14T12:42:45.1439036Z         nlte_atomic_dataset,
2025-01-14T12:42:45.1439270Z     ):
2025-01-14T12:42:45.1439493Z         nlte_atomic_dataset = deepcopy(nlte_atomic_dataset)
2025-01-14T12:42:45.1440050Z         continuum_simulation = Simulation.from_config(
2025-01-14T12:42:45.1440498Z             continuum_config,
2025-01-14T12:42:45.1440877Z             atom_data=nlte_atomic_dataset,
2025-01-14T12:42:45.1441324Z             virtual_packet_logging=False,
2025-01-14T12:42:45.1441727Z         )
2025-01-14T12:42:45.1442050Z         # continuum_simulation.run_convergence()
2025-01-14T12:42:45.1442438Z         continuum_properties_solver_dilute_bb = (
2025-01-14T12:42:45.1442751Z             DiluteBlackBodyContinuumPropertiesSolver(
2025-01-14T12:42:45.1443075Z                 continuum_simulation.plasma.atomic_data
2025-01-14T12:42:45.1443337Z             )
2025-01-14T12:42:45.1443507Z         )
2025-01-14T12:42:45.1443669Z     
2025-01-14T12:42:45.1443855Z         continuum_properties_dilute_bb = (
2025-01-14T12:42:45.1444143Z             continuum_properties_solver_dilute_bb.solve(
2025-01-14T12:42:45.1444500Z                 continuum_simulation.simulation_state.radiation_field_state,
2025-01-14T12:42:45.1446621Z                 continuum_simulation.plasma.t_electrons,
2025-01-14T12:42:45.1447129Z             )
2025-01-14T12:42:45.1447398Z         )
2025-01-14T12:42:45.1447650Z     
2025-01-14T12:42:45.1447991Z         continuum_plasma = continuum_simulation.plasma
2025-01-14T12:42:45.1448441Z     
2025-01-14T12:42:45.1448751Z         pdt.assert_frame_equal(
2025-01-14T12:42:45.1449278Z             continuum_properties_dilute_bb.photo_ionization_rate_coefficient,
2025-01-14T12:42:45.1449866Z             continuum_simulation.plasma.gamma,
2025-01-14T12:42:45.1450281Z         )
2025-01-14T12:42:45.1450586Z         stimulated_recomb_rate_coeff = (
2025-01-14T12:42:45.1451163Z             continuum_properties_dilute_bb.stimulated_recombination_rate_factor
2025-01-14T12:42:45.1451732Z             * continuum_plasma.phi_ik.loc[
2025-01-14T12:42:45.1452246Z                 continuum_properties_dilute_bb.stimulated_recombination_rate_factor.index
2025-01-14T12:42:45.1453163Z             ]
2025-01-14T12:42:45.1453443Z         )
2025-01-14T12:42:45.1453704Z         pdt.assert_frame_equal(
2025-01-14T12:42:45.1454016Z             stimulated_recomb_rate_coeff, continuum_plasma.alpha_stim
2025-01-14T12:42:45.1454340Z         )
2025-01-14T12:42:45.1454507Z     
2025-01-14T12:42:45.1454695Z >       continuum_simulation.run_final()
2025-01-14T12:42:45.1454878Z 
2025-01-14T12:42:45.1455125Z tardis/transport/montecarlo/estimators/tests/test_continuum_property_solver.py:54: 
2025-01-14T12:42:45.1455760Z _ _ _ _ _ _ _ _ _ _ _ _ _ _ _ _ _ _ _ _ _ _ _ _ _ _ _ _ _ _ _ _ _ _ _ _ _ _ _ _ 
2025-01-14T12:42:45.1456063Z tardis/simulation/base.py:558: in run_final
2025-01-14T12:42:45.1456391Z     emitted_luminosity, v_packets_energy_hist = self.iterate(
2025-01-14T12:42:45.1456706Z tardis/simulation/base.py:462: in iterate
2025-01-14T12:42:45.1457040Z     transport_state = self.transport.initialize_transport_state(
2025-01-14T12:42:45.1457475Z tardis/transport/montecarlo/base.py:129: in initialize_transport_state
2025-01-14T12:42:45.1457818Z     ).to_numba(
2025-01-14T12:42:45.1458053Z tardis/opacities/opacity_state.py:342: in to_numba
2025-01-14T12:42:45.1458345Z     return OpacityStateNumba(
2025-01-14T12:42:45.1458819Z ../../../micromamba/envs/tardis/lib/python3.12/site-packages/numba/experimental/jitclass/base.py:124: in __call__
2025-01-14T12:42:45.1459332Z     return cls._ctor(*bind.args[1:], **bind.kwargs)
2025-01-14T12:42:45.1459822Z ../../../micromamba/envs/tardis/lib/python3.12/site-packages/numba/core/dispatcher.py:468: in _compile_for_args
2025-01-14T12:42:45.1460288Z     error_rewrite(e, 'typing')
2025-01-14T12:42:45.1460547Z _ _ _ _ _ _ _ _ _ _ _ _ _ _ _ _ _ _ _ _ _ _ _ _ _ _ _ _ _ _ _ _ _ _ _ _ _ _ _ _ 
2025-01-14T12:42:45.1460741Z 
2025-01-14T12:42:45.1461399Z e = TypingError('Failed in nopython mode pipeline (step: nopython frontend)\nInternal error at <numba.core.typeinfer.CallC...bug level for details.\n\x1b[1m\nFile "<string>", line 3:\x1b[0m\n\x1b[1m<source missing, REPL/exec in use?>\x1b[0m\n')
2025-01-14T12:42:45.1462211Z issue_type = 'typing'
2025-01-14T12:42:45.1462338Z 
2025-01-14T12:42:45.1462429Z     def error_rewrite(e, issue_type):
2025-01-14T12:42:45.1462660Z         """
2025-01-14T12:42:45.1462914Z         Rewrite and raise Exception `e` with help supplied based on the
2025-01-14T12:42:45.1463241Z         specified issue_type.
2025-01-14T12:42:45.1463450Z         """
2025-01-14T12:42:45.1463625Z         if config.SHOW_HELP:
2025-01-14T12:42:45.1463871Z             help_msg = errors.error_extras[issue_type]
2025-01-14T12:42:45.1464196Z             e.patch_message('\n'.join((str(e).rstrip(), help_msg)))
2025-01-14T12:42:45.1464496Z         if config.FULL_TRACEBACKS:
2025-01-14T12:42:45.1464720Z             raise e
2025-01-14T12:42:45.1464903Z         else:
2025-01-14T12:42:45.1465098Z >           raise e.with_traceback(None)
2025-01-14T12:42:45.1465789Z E           numba.core.errors.TypingError: Failed in nopython mode pipeline (step: nopython frontend)
2025-01-14T12:42:45.1466586Z E           Internal error at <numba.core.typeinfer.CallConstraint object at 0x7f67ab80f290>.
2025-01-14T12:42:45.1467290Z E           [1m[1mFailed in nopython mode pipeline (step: native lowering)
2025-01-14T12:42:45.1467669Z E           [1m[1mCan't index at [1] in [1 x i64]
2025-01-14T12:42:45.1467941Z E           [1m
2025-01-14T12:42:45.1468243Z E           File "tardis/opacities/opacity_state.py", line 82:[0m
2025-01-14T12:42:45.1468579Z E           [1m    def __init__(
2025-01-14T12:42:45.1468805Z E                   <source elided>
2025-01-14T12:42:45.1469054Z E                   self.line_list_nu = line_list_nu
2025-01-14T12:42:45.1469382Z E           [1m        self.tau_sobolev = tau_sobolev
2025-01-14T12:42:45.1469700Z E           [0m        [1m^[0m[0m
2025-01-14T12:42:45.1469946Z E           [0m
2025-01-14T12:42:45.1470519Z E           [0m[1mDuring: lowering "(self).tau_sobolev = tau_sobolev" at /home/runner/work/tardis/tardis/tardis/opacities/opacity_state.py (82)[0m
2025-01-14T12:42:45.1474048Z E           [0m[1mDuring: resolving callee type: jitclass.OpacityStateNumba#7f67c6cbc560<electron_density:array(float64, 1d, A),t_electrons:array(float64, 1d, A),line_list_nu:array(float64, 1d, A),tau_sobolev:array(float64, 2d, A),transition_probabilities:array(float64, 2d, A),line2macro_level_upper:array(int64, 1d, A),macro_block_references:array(int64, 1d, A),transition_type:array(int64, 1d, A),destination_level_id:array(int64, 1d, A),transition_line_id:array(int64, 1d, A),bf_threshold_list_nu:array(float64, 1d, A),p_fb_deactivation:array(float64, 2d, A),photo_ion_nu_threshold_mins:array(float64, 1d, A),photo_ion_nu_threshold_maxs:array(float64, 1d, A),photo_ion_block_references:array(int64, 1d, A),chi_bf:array(float64, 2d, A),x_sect:array(float64, 1d, A),phot_nus:array(float64, 1d, A),ff_opacity_factor:array(float64, 1d, A),emissivities:array(float64, 2d, A),photo_ion_activation_idx:array(int64, 1d, A),k_packet_idx:int64>[0m
2025-01-14T12:42:45.1476879Z E           [0m[1mDuring: typing of call at <string> (3)
2025-01-14T12:42:45.1477171Z E           [0m
2025-01-14T12:42:45.1477392Z E           Enable logging at debug level for details.
2025-01-14T12:42:45.1477669Z E           [1m
2025-01-14T12:42:45.1477897Z E           File "<string>", line 3:[0m
2025-01-14T12:42:45.1478212Z E           [1m<source missing, REPL/exec in use?>[0m
2025-01-14T12:42:45.1478404Z 
2025-01-14T12:42:45.1478679Z ../../../micromamba/envs/tardis/lib/python3.12/site-packages/numba/core/dispatcher.py:409: TypingError
2025-01-14T12:42:45.1479187Z ----------------------------- Captured stdout call -----------------------------
2025-01-14T12:42:45.1479673Z [[1mtardis.io.model.parse_density_configuration[0m][[1;33mWARNING[0m]  
2025-01-14T12:42:45.1480381Z 	Number of density points larger than number of shells. Assuming inner point irrelevant ([1mparse_density_configuration.py[0m:114)
2025-01-14T12:42:45.1480964Z ------------------------------ Captured log call -------------------------------
2025-01-14T12:42:45.1481691Z WARNING  tardis.io.model.parse_density_configuration:parse_density_configuration.py:114 Number of density points larger than number of shells. Assuming inner point irrelevant
2025-01-14T12:42:45.1482409Z __________________________ test_montecarlo_continuum ___________________________
2025-01-14T12:42:45.1482644Z 
2025-01-14T12:42:45.1483302Z continuum_config = {'tardis_config_version': 'v1.0', 'supernova': {'luminosity_requested': <Quantity 4.31528298e+42 erg / s>, 'time_explo...': 10.0, 'survival_probability': 0.0, 'enable_biasing': False, 'virtual_packet_logging': False}}, 'config_dirname': ''}
2025-01-14T12:42:45.1484312Z regression_data = <tardis.tests.fixtures.regression_data.RegressionData object at 0x7f67b9a6a540>
2025-01-14T12:42:45.1484848Z nlte_atomic_dataset = <Atomic Data UUID=None MD5=None Lines=69056 Levels=26012>
2025-01-14T12:42:45.1485123Z 
2025-01-14T12:42:45.1485381Z     @pytest.mark.continuum
2025-01-14T12:42:45.1485629Z     def test_montecarlo_continuum(
2025-01-14T12:42:45.1485867Z         continuum_config,
2025-01-14T12:42:45.1486198Z         regression_data,
2025-01-14T12:42:45.1486413Z         nlte_atomic_dataset,
2025-01-14T12:42:45.1486621Z     ):
2025-01-14T12:42:45.1486836Z         nlte_atomic_dataset = deepcopy(nlte_atomic_dataset)
2025-01-14T12:42:45.1487165Z         continuum_simulation = Simulation.from_config(
2025-01-14T12:42:45.1487438Z             continuum_config,
2025-01-14T12:42:45.1487666Z             atom_data=nlte_atomic_dataset,
2025-01-14T12:42:45.1487928Z             virtual_packet_logging=False,
2025-01-14T12:42:45.1488165Z         )
2025-01-14T12:42:45.1488363Z         # continuum_simulation.run_convergence()
2025-01-14T12:42:45.1488614Z     
2025-01-14T12:42:45.1488793Z >       continuum_simulation.run_final()
2025-01-14T12:42:45.1488959Z 
2025-01-14T12:42:45.1489107Z tardis/transport/montecarlo/tests/test_continuum.py:23: 
2025-01-14T12:42:45.1489556Z _ _ _ _ _ _ _ _ _ _ _ _ _ _ _ _ _ _ _ _ _ _ _ _ _ _ _ _ _ _ _ _ _ _ _ _ _ _ _ _ 
2025-01-14T12:42:45.1489855Z tardis/simulation/base.py:558: in run_final
2025-01-14T12:42:45.1490179Z     emitted_luminosity, v_packets_energy_hist = self.iterate(
2025-01-14T12:42:45.1490496Z tardis/simulation/base.py:462: in iterate
2025-01-14T12:42:45.1490822Z     transport_state = self.transport.initialize_transport_state(
2025-01-14T12:42:45.1491246Z tardis/transport/montecarlo/base.py:129: in initialize_transport_state
2025-01-14T12:42:45.1491589Z     ).to_numba(
2025-01-14T12:42:45.1491815Z tardis/opacities/opacity_state.py:342: in to_numba
2025-01-14T12:42:45.1492103Z     return OpacityStateNumba(
2025-01-14T12:42:45.1492580Z ../../../micromamba/envs/tardis/lib/python3.12/site-packages/numba/experimental/jitclass/base.py:124: in __call__
2025-01-14T12:42:45.1493095Z     return cls._ctor(*bind.args[1:], **bind.kwargs)
2025-01-14T12:42:45.1493589Z ../../../micromamba/envs/tardis/lib/python3.12/site-packages/numba/core/dispatcher.py:468: in _compile_for_args
2025-01-14T12:42:45.1494071Z     error_rewrite(e, 'typing')
2025-01-14T12:42:45.1494357Z _ _ _ _ _ _ _ _ _ _ _ _ _ _ _ _ _ _ _ _ _ _ _ _ _ _ _ _ _ _ _ _ _ _ _ _ _ _ _ _ 
2025-01-14T12:42:45.1494554Z 
2025-01-14T12:42:45.1495357Z e = TypingError('Failed in nopython mode pipeline (step: nopython frontend)\nInternal error at <numba.core.typeinfer.CallC...bug level for details.\n\x1b[1m\nFile "<string>", line 3:\x1b[0m\n\x1b[1m<source missing, REPL/exec in use?>\x1b[0m\n')
2025-01-14T12:42:45.1496168Z issue_type = 'typing'
2025-01-14T12:42:45.1496299Z 
2025-01-14T12:42:45.1496389Z     def error_rewrite(e, issue_type):
2025-01-14T12:42:45.1496620Z         """
2025-01-14T12:42:45.1496868Z         Rewrite and raise Exception `e` with help supplied based on the
2025-01-14T12:42:45.1497187Z         specified issue_type.
2025-01-14T12:42:45.1497391Z         """
2025-01-14T12:42:45.1497563Z         if config.SHOW_HELP:
2025-01-14T12:42:45.1497803Z             help_msg = errors.error_extras[issue_type]
2025-01-14T12:42:45.1498127Z             e.patch_message('\n'.join((str(e).rstrip(), help_msg)))
2025-01-14T12:42:45.1498432Z         if config.FULL_TRACEBACKS:
2025-01-14T12:42:45.1498661Z             raise e
2025-01-14T12:42:45.1498839Z         else:
2025-01-14T12:42:45.1499028Z >           raise e.with_traceback(None)
2025-01-14T12:42:45.1499437Z E           numba.core.errors.TypingError: Failed in nopython mode pipeline (step: nopython frontend)
2025-01-14T12:42:45.1499982Z E           Internal error at <numba.core.typeinfer.CallConstraint object at 0x7f67ab80f290>.
2025-01-14T12:42:45.1500504Z E           [1m[1mFailed in nopython mode pipeline (step: native lowering)
2025-01-14T12:42:45.1500876Z E           [1m[1mCan't index at [1] in [1 x i64]
2025-01-14T12:42:45.1501145Z E           [1m
2025-01-14T12:42:45.1501443Z E           File "tardis/opacities/opacity_state.py", line 82:[0m
2025-01-14T12:42:45.1501772Z E           [1m    def __init__(
2025-01-14T12:42:45.1502005Z E                   <source elided>
2025-01-14T12:42:45.1502256Z E                   self.line_list_nu = line_list_nu
2025-01-14T12:42:45.1502701Z E           [1m        self.tau_sobolev = tau_sobolev
2025-01-14T12:42:45.1503003Z E           [0m        [1m^[0m[0m
2025-01-14T12:42:45.1503252Z E           [0m
2025-01-14T12:42:45.1503824Z E           [0m[1mDuring: lowering "(self).tau_sobolev = tau_sobolev" at /home/runner/work/tardis/tardis/tardis/opacities/opacity_state.py (82)[0m
2025-01-14T12:42:45.1507493Z E           [0m[1mDuring: resolving callee type: jitclass.OpacityStateNumba#7f67c6cbc560<electron_density:array(float64, 1d, A),t_electrons:array(float64, 1d, A),line_list_nu:array(float64, 1d, A),tau_sobolev:array(float64, 2d, A),transition_probabilities:array(float64, 2d, A),line2macro_level_upper:array(int64, 1d, A),macro_block_references:array(int64, 1d, A),transition_type:array(int64, 1d, A),destination_level_id:array(int64, 1d, A),transition_line_id:array(int64, 1d, A),bf_threshold_list_nu:array(float64, 1d, A),p_fb_deactivation:array(float64, 2d, A),photo_ion_nu_threshold_mins:array(float64, 1d, A),photo_ion_nu_threshold_maxs:array(float64, 1d, A),photo_ion_block_references:array(int64, 1d, A),chi_bf:array(float64, 2d, A),x_sect:array(float64, 1d, A),phot_nus:array(float64, 1d, A),ff_opacity_factor:array(float64, 1d, A),emissivities:array(float64, 2d, A),photo_ion_activation_idx:array(int64, 1d, A),k_packet_idx:int64>[0m
2025-01-14T12:42:45.1510264Z E           [0m[1mDuring: typing of call at <string> (3)
2025-01-14T12:42:45.1510552Z E           [0m
2025-01-14T12:42:45.1510763Z E           Enable logging at debug level for details.
2025-01-14T12:42:45.1511039Z E           [1m
2025-01-14T12:42:45.1511268Z E           File "<string>", line 3:[0m
2025-01-14T12:42:45.1511595Z E           [1m<source missing, REPL/exec in use?>[0m
2025-01-14T12:42:45.1511786Z 
2025-01-14T12:42:45.1512063Z ../../../micromamba/envs/tardis/lib/python3.12/site-packages/numba/core/dispatcher.py:409: TypingError
2025-01-14T12:42:45.1512581Z ----------------------------- Captured stdout call -----------------------------
2025-01-14T12:42:45.1513061Z [[1mtardis.io.model.parse_density_configuration[0m][[1;33mWARNING[0m]  
2025-01-14T12:42:45.1513765Z 	Number of density points larger than number of shells. Assuming inner point irrelevant ([1mparse_density_configuration.py[0m:114)
2025-01-14T12:42:45.1514351Z ------------------------------ Captured log call -------------------------------
2025-01-14T12:42:45.1515070Z WARNING  tardis.io.model.parse_density_configuration:parse_density_configuration.py:114 Number of density points larger than number of shells. Assuming inner point irrelevant
2025-01-14T12:42:45.1516038Z =============================== warnings summary ===============================
2025-01-14T12:42:45.1516356Z tardis/io/configuration/config_validator.py:6
2025-01-14T12:42:45.1516656Z tardis/io/configuration/config_validator.py:6
2025-01-14T12:42:45.1517143Z   /home/runner/work/tardis/tardis/tardis/io/configuration/config_validator.py:6: DeprecationWarning:
2025-01-14T12:42:45.1517607Z   
2025-01-14T12:42:45.1518812Z   jsonschema.RefResolver is deprecated as of v4.18.0, in favor of the https://github.com/python-jsonschema/referencing library, which provides more compliant referencing behavior as well as more flexible APIs for customization. A future release will remove RefResolver. Please file a feature request (on referencing) if you are missing an API for the kind of customization you need.
2025-01-14T12:42:45.1519988Z 
2025-01-14T12:42:45.1520218Z ../../../micromamba/envs/tardis/lib/python3.12/site-packages/jupyter_client/connect.py:22
2025-01-14T12:42:45.1520881Z   /home/runner/micromamba/envs/tardis/lib/python3.12/site-packages/jupyter_client/connect.py:22: DeprecationWarning:
2025-01-14T12:42:45.1521382Z   
2025-01-14T12:42:45.1521616Z   Jupyter is migrating its paths to use standard platformdirs
2025-01-14T12:42:45.1522001Z   given by the platformdirs library.  To remove this warning and
2025-01-14T12:42:45.1522399Z   see the appropriate new directories, set the environment variable
2025-01-14T12:42:45.1522919Z   `JUPYTER_PLATFORM_DIRS=1` and then run `jupyter --paths`.
2025-01-14T12:42:45.1523297Z   The use of platformdirs will be the default in `jupyter_core` v6
2025-01-14T12:42:45.1523529Z 
2025-01-14T12:42:45.1528074Z tardis/transport/montecarlo/estimators/tests/test_continuum_property_solver.py::test_continuum_estimators
2025-01-14T12:42:45.1528641Z   <string>:3: NumbaPendingDeprecationWarning:
2025-01-14T12:42:45.1528916Z   
2025-01-14T12:42:45.1530100Z   [1m[1mCode using Numba extension API maybe depending on 'old_style' error-capturing, which is deprecated and will be replaced by 'new_style' in a future release. See details at https://numba.readthedocs.io/en/latest/reference/deprecation.html#deprecation-of-old-style-numba-captured-errors
2025-01-14T12:42:45.1531116Z   Exception origin:
2025-01-14T12:42:45.1531618Z     File "/home/runner/micromamba/envs/tardis/lib/python3.12/site-packages/llvmlite/ir/instructions.py", line 672, in __init__
2025-01-14T12:42:45.1532348Z       raise TypeError("Can't index at %r in %s"
2025-01-14T12:42:45.1532626Z   [0m[0m
2025-01-14T12:42:45.1532771Z 
2025-01-14T12:42:45.1532977Z -- Docs: https://docs.pytest.org/en/stable/how-to/capture-warnings.html
2025-01-14T12:42:45.1533252Z 
2025-01-14T12:42:45.1533417Z ---------- coverage: platform linux, python 3.12.4-final-0 -----------
2025-01-14T12:42:45.1533787Z Coverage HTML written to dir coverage_html_report
2025-01-14T12:42:45.1534087Z Coverage XML written to file coverage.xml
2025-01-14T12:42:45.1534263Z 
2025-01-14T12:42:45.1534389Z =========================== short test summary info ============================
2025-01-14T12:42:45.1535498Z FAILED tardis/transport/montecarlo/estimators/tests/test_continuum_property_solver.py::test_continuum_estimators - numba.core.errors.TypingError: Failed in nopython mode pipeline (step: nopython frontend)
2025-01-14T12:42:45.1536481Z Internal error at <numba.core.typeinfer.CallConstraint object at 0x7f67ab80f290>.
2025-01-14T12:42:45.1537004Z [1m[1mFailed in nopython mode pipeline (step: native lowering)
2025-01-14T12:42:45.1537378Z [1m[1mCan't index at [1] in [1 x i64]
2025-01-14T12:42:45.1537625Z [1m
2025-01-14T12:42:45.1537891Z File "tardis/opacities/opacity_state.py", line 82:[0m
2025-01-14T12:42:45.1538200Z [1m    def __init__(
2025-01-14T12:42:45.1538399Z         <source elided>
2025-01-14T12:42:45.1538613Z         self.line_list_nu = line_list_nu
2025-01-14T12:42:45.1538910Z [1m        self.tau_sobolev = tau_sobolev
2025-01-14T12:42:45.1539183Z [0m        [1m^[0m[0m
2025-01-14T12:42:45.1539395Z [0m
2025-01-14T12:42:45.1539940Z [0m[1mDuring: lowering "(self).tau_sobolev = tau_sobolev" at /home/runner/work/tardis/tardis/tardis/opacities/opacity_state.py (82)[0m
2025-01-14T12:42:45.1543320Z [0m[1mDuring: resolving callee type: jitclass.OpacityStateNumba#7f67c6cbc560<electron_density:array(float64, 1d, A),t_electrons:array(float64, 1d, A),line_list_nu:array(float64, 1d, A),tau_sobolev:array(float64, 2d, A),transition_probabilities:array(float64, 2d, A),line2macro_level_upper:array(int64, 1d, A),macro_block_references:array(int64, 1d, A),transition_type:array(int64, 1d, A),destination_level_id:array(int64, 1d, A),transition_line_id:array(int64, 1d, A),bf_threshold_list_nu:array(float64, 1d, A),p_fb_deactivation:array(float64, 2d, A),photo_ion_nu_threshold_mins:array(float64, 1d, A),photo_ion_nu_threshold_maxs:array(float64, 1d, A),photo_ion_block_references:array(int64, 1d, A),chi_bf:array(float64, 2d, A),x_sect:array(float64, 1d, A),phot_nus:array(float64, 1d, A),ff_opacity_factor:array(float64, 1d, A),emissivities:array(float64, 2d, A),photo_ion_activation_idx:array(int64, 1d, A),k_packet_idx:int64>[0m
2025-01-14T12:42:45.1546161Z [0m[1mDuring: typing of call at <string> (3)
2025-01-14T12:42:45.1546431Z [0m
2025-01-14T12:42:45.1546620Z Enable logging at debug level for details.
2025-01-14T12:42:45.1546879Z [1m
2025-01-14T12:42:45.1547078Z File "<string>", line 3:[0m
2025-01-14T12:42:45.1547359Z [1m<source missing, REPL/exec in use?>[0m
2025-01-14T12:42:45.1548216Z FAILED tardis/transport/montecarlo/tests/test_continuum.py::test_montecarlo_continuum - numba.core.errors.TypingError: Failed in nopython mode pipeline (step: nopython frontend)
2025-01-14T12:42:45.1549057Z Internal error at <numba.core.typeinfer.CallConstraint object at 0x7f67ab80f290>.
2025-01-14T12:42:45.1549548Z [1m[1mFailed in nopython mode pipeline (step: native lowering)
2025-01-14T12:42:45.1549897Z [1m[1mCan't index at [1] in [1 x i64]
2025-01-14T12:42:45.1550138Z [1m
2025-01-14T12:42:45.1550396Z File "tardis/opacities/opacity_state.py", line 82:[0m
2025-01-14T12:42:45.1550700Z [1m    def __init__(
2025-01-14T12:42:45.1550900Z         <source elided>
2025-01-14T12:42:45.1551106Z         self.line_list_nu = line_list_nu
2025-01-14T12:42:45.1551399Z [1m        self.tau_sobolev = tau_sobolev
2025-01-14T12:42:45.1551663Z [0m        [1m^[0m[0m
2025-01-14T12:42:45.1551868Z [0m
2025-01-14T12:42:45.1552525Z [0m[1mDuring: lowering "(self).tau_sobolev = tau_sobolev" at /home/runner/work/tardis/tardis/tardis/opacities/opacity_state.py (82)[0m
2025-01-14T12:42:45.1556062Z [0m[1mDuring: resolving callee type: jitclass.OpacityStateNumba#7f67c6cbc560<electron_density:array(float64, 1d, A),t_electrons:array(float64, 1d, A),line_list_nu:array(float64, 1d, A),tau_sobolev:array(float64, 2d, A),transition_probabilities:array(float64, 2d, A),line2macro_level_upper:array(int64, 1d, A),macro_block_references:array(int64, 1d, A),transition_type:array(int64, 1d, A),destination_level_id:array(int64, 1d, A),transition_line_id:array(int64, 1d, A),bf_threshold_list_nu:array(float64, 1d, A),p_fb_deactivation:array(float64, 2d, A),photo_ion_nu_threshold_mins:array(float64, 1d, A),photo_ion_nu_threshold_maxs:array(float64, 1d, A),photo_ion_block_references:array(int64, 1d, A),chi_bf:array(float64, 2d, A),x_sect:array(float64, 1d, A),phot_nus:array(float64, 1d, A),ff_opacity_factor:array(float64, 1d, A),emissivities:array(float64, 2d, A),photo_ion_activation_idx:array(int64, 1d, A),k_packet_idx:int64>[0m
2025-01-14T12:42:45.1558657Z [0m[1mDuring: typing of call at <string> (3)
2025-01-14T12:42:45.1558925Z [0m
2025-01-14T12:42:45.1559116Z Enable logging at debug level for details.
2025-01-14T12:42:45.1559370Z [1m
2025-01-14T12:42:45.1559569Z File "<string>", line 3:[0m
2025-01-14T12:42:45.1559851Z [1m<source missing, REPL/exec in use?>[0m
2025-01-14T12:42:45.1560189Z ========== 2 failed, 1794 deselected, 4 warnings in 81.21s (0:01:21) ===========
2025-01-14T12:42:46.0865618Z ##[error]Process completed with exit code 1.
2025-01-14T12:42:46.0939372Z Post job cleanup.
2025-01-14T12:42:46.0987297Z Post job cleanup.
2025-01-14T12:42:46.2310033Z Will use pre-installed micromamba at /home/runner/micromamba-bin/micromamba
2025-01-14T12:42:46.2316839Z Removing micromamba run shell ...
2025-01-14T12:42:46.2320222Z ##[group]Deinitialize micromamba for bash
2025-01-14T12:42:46.2338650Z [command]/home/runner/micromamba-bin/micromamba shell deinit -s bash -r /home/runner/micromamba --log-level warning --rc-file /home/runner/work/_temp/setup-micromamba/.condarc
2025-01-14T12:42:46.2438443Z Resetting RC file "/home/runner/.bashrc"
2025-01-14T12:42:46.2441581Z Deleting config for root prefix 
2025-01-14T12:42:46.2442636Z Clearing mamba executable environment variable
2025-01-14T12:42:46.2443286Z Removing the following in your "/home/runner/.bashrc" file
2025-01-14T12:42:46.2443851Z # >>> mamba initialize >>>
2025-01-14T12:42:46.2444228Z ...
2025-01-14T12:42:46.2444527Z # <<< mamba initialize <<<
2025-01-14T12:42:46.2473719Z Removing mamba initialize block from .bash_profile
2025-01-14T12:42:46.2488841Z ##[endgroup]
2025-01-14T12:42:46.2492877Z Removing environment tardis from auto-activate bash ...
2025-01-14T12:42:46.2624865Z Post job cleanup.
2025-01-14T12:42:46.2662214Z Post job cleanup.
2025-01-14T12:42:46.3639307Z [command]/usr/bin/git version
2025-01-14T12:42:46.3675534Z git version 2.47.1
2025-01-14T12:42:46.3732602Z Temporarily overriding HOME='/home/runner/work/_temp/478473b6-ea51-4f87-a3b9-2a559d69f073' before making global git config changes
2025-01-14T12:42:46.3733957Z Adding repository directory to the temporary git global config as a safe directory
2025-01-14T12:42:46.3738922Z [command]/usr/bin/git config --global --add safe.directory /home/runner/work/tardis/tardis/tardis-regression-data
2025-01-14T12:42:46.3774264Z [command]/usr/bin/git config --local --name-only --get-regexp core\.sshCommand
2025-01-14T12:42:46.3806963Z [command]/usr/bin/git submodule foreach --recursive sh -c "git config --local --name-only --get-regexp 'core\.sshCommand' && git config --local --unset-all 'core.sshCommand' || :"
2025-01-14T12:42:46.4035347Z [command]/usr/bin/git config --local --name-only --get-regexp http\.https\:\/\/github\.com\/\.extraheader
2025-01-14T12:42:46.4055474Z http.https://github.com/.extraheader
2025-01-14T12:42:46.4067833Z [command]/usr/bin/git config --local --unset-all http.https://github.com/.extraheader
2025-01-14T12:42:46.4098755Z [command]/usr/bin/git submodule foreach --recursive sh -c "git config --local --name-only --get-regexp 'http\.https\:\/\/github\.com\/\.extraheader' && git config --local --unset-all 'http.https://github.com/.extraheader' || :"
2025-01-14T12:42:46.4437953Z Post job cleanup.
2025-01-14T12:42:46.5378027Z [command]/usr/bin/git version
2025-01-14T12:42:46.5415064Z git version 2.47.1
2025-01-14T12:42:46.5462618Z Temporarily overriding HOME='/home/runner/work/_temp/d4a31cf6-b6be-482e-91b5-48d79b678495' before making global git config changes
2025-01-14T12:42:46.5464092Z Adding repository directory to the temporary git global config as a safe directory
2025-01-14T12:42:46.5467863Z [command]/usr/bin/git config --global --add safe.directory /home/runner/work/tardis/tardis
2025-01-14T12:42:46.5502146Z [command]/usr/bin/git config --local --name-only --get-regexp core\.sshCommand
2025-01-14T12:42:46.5536186Z [command]/usr/bin/git submodule foreach --recursive sh -c "git config --local --name-only --get-regexp 'core\.sshCommand' && git config --local --unset-all 'core.sshCommand' || :"
2025-01-14T12:42:46.5768096Z [command]/usr/bin/git config --local --name-only --get-regexp http\.https\:\/\/github\.com\/\.extraheader
2025-01-14T12:42:46.5788345Z http.https://github.com/.extraheader
2025-01-14T12:42:46.5800918Z [command]/usr/bin/git config --local --unset-all http.https://github.com/.extraheader
2025-01-14T12:42:46.5832362Z [command]/usr/bin/git submodule foreach --recursive sh -c "git config --local --name-only --get-regexp 'http\.https\:\/\/github\.com\/\.extraheader' && git config --local --unset-all 'http.https://github.com/.extraheader' || :"
2025-01-14T12:42:46.6159856Z Cleaning up orphan processes
