2025-02-17T15:04:53.7189251Z ##[group]Run pytest tardis --tardis-regression-data=/home/runner/work/tardis/tardis/tardis-regression-data --cov=tardis --cov-report=xml --cov-report=html --cov-append -m "not continuum"
2025-02-17T15:04:53.7190649Z [36;1mpytest tardis --tardis-regression-data=/home/runner/work/tardis/tardis/tardis-regression-data --cov=tardis --cov-report=xml --cov-report=html --cov-append -m "not continuum"[0m
2025-02-17T15:04:53.7245782Z shell: /usr/bin/bash -l {0}
2025-02-17T15:04:53.7246084Z env:
2025-02-17T15:04:53.7246309Z   CACHE_NUMBER: 0
2025-02-17T15:04:53.7247311Z   PYTEST_FLAGS: --tardis-regression-data=/home/runner/work/tardis/tardis/tardis-regression-data --cov=tardis --cov-report=xml --cov-report=html --cov-append
2025-02-17T15:04:53.7248215Z   CODECOV_TOKEN: 
2025-02-17T15:04:53.7248500Z   MAMBA_ROOT_PREFIX: /home/runner/micromamba
2025-02-17T15:04:53.7248896Z   MAMBA_EXE: /home/runner/micromamba-bin/micromamba
2025-02-17T15:04:53.7249351Z   CONDARC: /home/runner/work/_temp/setup-micromamba/.condarc
2025-02-17T15:04:53.7249793Z ##[endgroup]
2025-02-17T15:05:03.1379049Z ============================= test session starts ==============================
2025-02-17T15:05:03.1379802Z platform linux -- Python 3.12.4, pytest-8.2.2, pluggy-1.5.0
2025-02-17T15:05:03.1380419Z rootdir: /home/runner/work/tardis/tardis
2025-02-17T15:05:03.1380933Z configfile: pyproject.toml
2025-02-17T15:05:03.1381558Z plugins: metadata-3.1.1, anyio-4.4.0, doctestplus-1.2.1, cov-5.0.0, html-4.1.1
2025-02-17T15:05:03.1382240Z collected 1796 items / 2 deselected / 1794 selected
2025-02-17T15:05:03.1382597Z 
2025-02-17T15:05:08.2306138Z tardis/energy_input/tests/test_energy_source.py ..xxx                    [  0%]
2025-02-17T15:05:11.0482441Z tardis/energy_input/tests/test_gamma_ray_channel.py ...........          [  0%]
2025-02-17T15:05:12.6381316Z tardis/energy_input/tests/test_gamma_ray_grid.py xx.                     [  1%]
2025-02-17T15:05:14.3796041Z tardis/energy_input/tests/test_gamma_ray_interactions.py xx....          [  1%]
2025-02-17T15:05:14.3888382Z tardis/energy_input/tests/test_gamma_ray_packet_source.py sssssssss      [  1%]
2025-02-17T15:05:15.8491657Z tardis/energy_input/tests/test_util.py .....xxxx.....                    [  2%]
2025-02-17T15:05:16.2630989Z tardis/grid/tests/test_grid.py .                                         [  2%]
2025-02-17T15:05:16.2646791Z tardis/gui/tests/test_gui.py s                                           [  2%]
2025-02-17T15:05:19.7132029Z tardis/io/configuration/tests/test_config_reader.py ...........          [  3%]
2025-02-17T15:05:19.7259156Z tardis/io/configuration/tests/test_configuration_namespace.py .........  [  3%]
2025-02-17T15:05:19.7523786Z tardis/io/logger/tests/test_logging.py ssssssssssssssssssssssssssss      [  5%]
2025-02-17T15:05:58.8697608Z tardis/io/model/readers/tests/test_arepo_parser.py ..                    [  5%]
2025-02-17T15:05:58.8849699Z tardis/io/model/readers/tests/test_ascii_readers.py ...                  [  5%]
2025-02-17T15:05:58.8956654Z tardis/io/model/readers/tests/test_cmfgen_reader.py ..                   [  5%]
2025-02-17T15:05:58.9265152Z tardis/io/model/readers/tests/test_csvy_reader.py ....                   [  6%]
2025-02-17T15:05:58.9478182Z tardis/io/model/readers/tests/test_stella_reader.py ..                   [  6%]
2025-02-17T15:05:59.2555768Z tardis/io/tests/test_HDFWriter.py ...............                        [  7%]
2025-02-17T15:05:59.5887933Z tardis/io/tests/test_atomic.py .....                                     [  7%]
2025-02-17T15:05:59.8750694Z tardis/io/tests/test_decay.py FF                                         [  7%]
2025-02-17T15:06:00.0781677Z tardis/io/tests/test_model_reader.py ......                              [  7%]
2025-02-17T15:06:00.0849313Z tardis/model/geometry/tests/test_radial1d.py ..                          [  7%]
2025-02-17T15:06:57.7873692Z tardis/model/tests/test_base.py ........................................ [ 10%]
2025-02-17T15:06:58.7805057Z ............                                                             [ 10%]
2025-02-17T15:07:01.8290896Z tardis/model/tests/test_csvy_model.py .........                          [ 11%]
2025-02-17T15:07:01.8754386Z tardis/model/tests/test_density.py ..                                    [ 11%]
2025-02-17T15:07:03.1754982Z tardis/opacities/tests/test_opacity_solver.py .....                      [ 11%]
2025-02-17T15:07:04.4862647Z tardis/opacities/tests/test_opacity_state_numba.py .....                 [ 11%]
2025-02-17T15:07:06.4498148Z tardis/opacities/tests/test_tau_sobolev.py ..                            [ 12%]
2025-02-17T15:07:09.1568751Z tardis/plasma/equilibrium/tests/test_collisional_transitions.py ...      [ 12%]
2025-02-17T15:07:55.2508978Z tardis/plasma/equilibrium/tests/test_level_populations.py ....           [ 12%]
2025-02-17T15:08:06.9746172Z tardis/plasma/equilibrium/tests/test_rate_matrix.py .                    [ 12%]
2025-02-17T15:08:08.3996304Z tardis/plasma/tests/test_complete_plasmas.py .....................s..... [ 13%]
2025-02-17T15:08:11.2902892Z s....ssssss............s............ss.....s....ssssss............s..... [ 18%]
2025-02-17T15:08:12.9930221Z .......ss.....s....ssssss............s............ss.....s....ssssss.... [ 22%]
2025-02-17T15:08:15.8711059Z ........s............ss.....s........ss............s............ss.....s [ 26%]
2025-02-17T15:08:18.7944394Z ........ss............s............ss.....s....ssssss............s...... [ 30%]
2025-02-17T15:08:19.5319731Z ......ss.....s....ssssss............s............ss.....s.ss.ssssss..... [ 34%]
2025-02-17T15:08:22.4314339Z .......s............ss.....s....ssssss............s............ss.....s. [ 38%]
2025-02-17T15:08:25.2945959Z ...ssssss............s............ss.....s....ssssss............s....... [ 42%]
2025-02-17T15:08:28.7029495Z .....ss.....s....ssssss............s............s...........ssssss...... [ 46%]
2025-02-17T15:08:30.5340704Z ......s............s...........ssssss............s............s......... [ 50%]
2025-02-17T15:08:33.4364075Z ..ssssss............s............ss.....s....ssssss............s........ [ 54%]
2025-02-17T15:08:36.5973897Z ....ss.....s....ssssss..........................s.....s....ssss......... [ 58%]
2025-02-17T15:08:36.9197323Z ...................s.....s....ssss.......                                [ 60%]
2025-02-17T15:08:37.0361337Z tardis/plasma/tests/test_hdf_plasma.py ................................. [ 62%]
2025-02-17T15:08:37.0478876Z ......                                                                   [ 62%]
2025-02-17T15:08:37.1849393Z tardis/plasma/tests/test_nlte_excitation.py ...                          [ 62%]
2025-02-17T15:10:54.2318797Z tardis/plasma/tests/test_nlte_solver.py .....X                           [ 63%]
2025-02-17T15:10:54.2343755Z tardis/plasma/tests/test_plasma_continuum.py .                           [ 63%]
2025-02-17T15:11:17.1844511Z tardis/plasma/tests/test_plasma_vboundary.py .............               [ 63%]
2025-02-17T15:11:30.2686272Z tardis/plasma/tests/test_tardis_model_density_config.py ...              [ 64%]
2025-02-17T15:11:31.0138559Z tardis/simulation/tests/test_convergence.py .....                        [ 64%]
2025-02-17T15:11:40.2351160Z tardis/simulation/tests/test_simulation.py .............                 [ 65%]
2025-02-17T15:11:40.2540040Z tardis/spectrum/tests/test_cuda_formal_integral.py sssssssssssssssssssss [ 66%]
2025-02-17T15:11:40.7233016Z ssss...ssssssssssssssssssssss                                            [ 67%]
2025-02-17T15:11:40.7304941Z tardis/spectrum/tests/test_luminosity.py ....                            [ 68%]
2025-02-17T15:11:42.3390821Z tardis/spectrum/tests/test_numba_formal_integral.py .................... [ 69%]
2025-02-17T15:11:42.3580464Z ..........                                                               [ 69%]
2025-02-17T15:11:42.5310144Z tardis/spectrum/tests/test_spectrum.py ................................. [ 71%]
2025-02-17T15:11:42.5641548Z .........                                                                [ 72%]
2025-02-17T15:12:01.6023088Z tardis/spectrum/tests/test_spectrum_solver.py ....                       [ 72%]
2025-02-17T15:13:03.5843472Z tardis/tests/test_tardis_full.py ....                                    [ 72%]
2025-02-17T15:14:28.1129317Z tardis/tests/test_tardis_full_formal_integral.py ................        [ 73%]
2025-02-17T15:14:28.1862977Z tardis/tests/test_util.py .............................................  [ 75%]
2025-02-17T15:14:30.8676064Z tardis/transport/montecarlo/tests/test_base.py x.....................    [ 77%]
2025-02-17T15:14:38.0254616Z tardis/transport/montecarlo/tests/test_interaction.py .......            [ 77%]
2025-02-17T15:14:38.2503401Z tardis/transport/montecarlo/tests/test_macro_atom.py ....                [ 77%]
2025-02-17T15:14:38.2676301Z tardis/transport/montecarlo/tests/test_montecarlo.py sssssssssssssssssss [ 78%]
2025-02-17T15:14:38.3091818Z sssssssssssssssssssssssssssssssssssssssssssss                            [ 81%]
2025-02-17T15:14:47.7430611Z tardis/transport/montecarlo/tests/test_montecarlo_main_loop.py x..       [ 81%]
2025-02-17T15:14:47.7497228Z tardis/transport/montecarlo/tests/test_nonhomologous.py ...              [ 81%]
2025-02-17T15:14:53.4988789Z tardis/transport/montecarlo/tests/test_numba_interface.py .....x.        [ 82%]
2025-02-17T15:14:53.9956159Z tardis/transport/montecarlo/tests/test_opacities.py ...............      [ 82%]
2025-02-17T15:14:55.0166641Z tardis/transport/montecarlo/tests/test_packet.py .................xXXXXX [ 84%]
2025-02-17T15:14:55.1513725Z XX.........                                                              [ 84%]
2025-02-17T15:14:55.1790680Z tardis/transport/montecarlo/tests/test_packet_source.py ........         [ 85%]
2025-02-17T15:14:55.4866620Z tardis/transport/montecarlo/tests/test_rpacket_last_interaction_tracker.py . [ 85%]
2025-02-17T15:14:55.8986229Z .....                                                                    [ 85%]
2025-02-17T15:15:30.9782962Z tardis/transport/montecarlo/tests/test_rpacket_tracker.py ......         [ 85%]
2025-02-17T15:15:31.0070218Z tardis/transport/montecarlo/tests/test_single_packet_loop.py xxx         [ 86%]
2025-02-17T15:15:31.0102526Z tardis/transport/montecarlo/tests/test_tracker_utils.py ..               [ 86%]
2025-02-17T15:15:33.4243705Z tardis/transport/montecarlo/tests/test_vpacket.py ..x.                   [ 86%]
2025-02-17T15:15:33.4416116Z tardis/transport/montecarlo/tests/test_weighted_packet_source.py ....    [ 86%]
2025-02-17T15:15:37.3217762Z tardis/transport/montecarlo/tests/test_weighted_packet_source_integration.py . [ 86%]
2025-02-17T15:15:37.3219711Z                                                                          [ 86%]
2025-02-17T15:15:38.0699137Z tardis/transport/tests/test_doppler_factor.py ..................         [ 87%]
2025-02-17T15:15:39.4152364Z tardis/visualization/tools/tests/test_convergence_plot.py .............. [ 88%]
2025-02-17T15:15:41.6132277Z ......                                                                   [ 88%]
2025-02-17T15:15:46.2508391Z tardis/visualization/tools/tests/test_liv_plot.py ...................... [ 90%]
2025-02-17T15:15:48.9074437Z .............................                                            [ 91%]
2025-02-17T15:15:51.7584356Z tardis/visualization/tools/tests/test_rpacket_plot.py .................. [ 92%]
2025-02-17T15:15:58.7460671Z ....                                                                     [ 92%]
2025-02-17T15:16:05.2416134Z tardis/visualization/tools/tests/test_sdec_plot.py ..................... [ 94%]
2025-02-17T15:16:12.7724881Z ..............................                                           [ 95%]
2025-02-17T15:16:13.1984333Z tardis/visualization/widgets/tests/test_custom_abundance.py ........ss.. [ 96%]
2025-02-17T15:16:13.2692687Z ....                                                                     [ 96%]
2025-02-17T15:16:14.3290106Z tardis/visualization/widgets/tests/test_line_info.py ................... [ 97%]
2025-02-17T15:16:14.9497341Z ..................                                                       [ 98%]
2025-02-17T15:17:18.4942447Z tardis/visualization/widgets/tests/test_shell_info.py .................. [ 99%]
2025-02-17T15:17:25.6084382Z ......                                                                   [100%]
2025-02-17T15:17:25.6084914Z 
2025-02-17T15:17:25.6085110Z =================================== FAILURES ===================================
2025-02-17T15:17:25.6085779Z ______________________________ test_simple_decay _______________________________
2025-02-17T15:17:25.6086201Z 
2025-02-17T15:17:25.6086443Z simple_abundance_model =                              0    1
2025-02-17T15:17:25.6086986Z atomic_number mass_number          
2025-02-17T15:17:25.6087685Z 28            56           1.0  1.0
2025-02-17T15:17:25.6087959Z 
2025-02-17T15:17:25.6088157Z     def test_simple_decay(simple_abundance_model):
2025-02-17T15:17:25.6088723Z >       decayed_abundance = simple_abundance_model.decay(100)
2025-02-17T15:17:25.6089102Z 
2025-02-17T15:17:25.6089269Z tardis/io/tests/test_decay.py:17: 
2025-02-17T15:17:25.6089750Z _ _ _ _ _ _ _ _ _ _ _ _ _ _ _ _ _ _ _ _ _ _ _ _ _ _ _ _ _ _ _ _ _ _ _ _ _ _ _ _ 
2025-02-17T15:17:25.6090095Z 
2025-02-17T15:17:25.6090245Z self =                              0    1
2025-02-17T15:17:25.6090683Z atomic_number mass_number          
2025-02-17T15:17:25.6091104Z 28            56           1.0  1.0
2025-02-17T15:17:25.6091481Z name = 'decay'
2025-02-17T15:17:25.6091678Z 
2025-02-17T15:17:25.6091791Z     @final
2025-02-17T15:17:25.6092101Z     def __getattr__(self, name: str):
2025-02-17T15:17:25.6092486Z         """
2025-02-17T15:17:25.6092874Z         After regular attribute access, try looking up the name
2025-02-17T15:17:25.6093819Z         This allows simpler access to columns for interactive use.
2025-02-17T15:17:25.6094336Z         """
2025-02-17T15:17:25.6094770Z         # Note: obj.x will always call obj.__getattribute__('x') prior to
2025-02-17T15:17:25.6095345Z         # calling obj.__getattr__('x').
2025-02-17T15:17:25.6095777Z         if (
2025-02-17T15:17:25.6096114Z             name not in self._internal_names_set
2025-02-17T15:17:25.6096591Z             and name not in self._metadata
2025-02-17T15:17:25.6097250Z             and name not in self._accessors
2025-02-17T15:17:25.6097834Z             and self._info_axis._can_hold_identifiers_and_holds_name(name)
2025-02-17T15:17:25.6098364Z         ):
2025-02-17T15:17:25.6098672Z             return self[name]
2025-02-17T15:17:25.6099082Z >       return object.__getattribute__(self, name)
2025-02-17T15:17:25.6099756Z E       AttributeError: 'IsotopicMassFraction' object has no attribute 'decay'
2025-02-17T15:17:25.6100258Z 
2025-02-17T15:17:25.6100778Z ../../../micromamba/envs/tardis/lib/python3.12/site-packages/pandas/core/generic.py:6299: AttributeError
2025-02-17T15:17:25.6101761Z _____________________________ test_abundance_merge _____________________________
2025-02-17T15:17:25.6102212Z 
2025-02-17T15:17:25.6102461Z simple_abundance_model =                              0    1
2025-02-17T15:17:25.6102984Z atomic_number mass_number          
2025-02-17T15:17:25.6103397Z 28            56           1.0  1.0
2025-02-17T15:17:25.6103776Z raw_abundance_simple =                  0    1
2025-02-17T15:17:25.6104165Z atomic_number          
2025-02-17T15:17:25.6104456Z 28             0.2  0.2
2025-02-17T15:17:25.6104747Z 30             0.1  0.1
2025-02-17T15:17:25.6104934Z 
2025-02-17T15:17:25.6105220Z     def test_abundance_merge(simple_abundance_model, raw_abundance_simple):
2025-02-17T15:17:25.6105854Z >       decayed_df = simple_abundance_model.decay(100)
2025-02-17T15:17:25.6106195Z 
2025-02-17T15:17:25.6106352Z tardis/io/tests/test_decay.py:34: 
2025-02-17T15:17:25.6106807Z _ _ _ _ _ _ _ _ _ _ _ _ _ _ _ _ _ _ _ _ _ _ _ _ _ _ _ _ _ _ _ _ _ _ _ _ _ _ _ _ 
2025-02-17T15:17:25.6107386Z 
2025-02-17T15:17:25.6107532Z self =                              0    1
2025-02-17T15:17:25.6107947Z atomic_number mass_number          
2025-02-17T15:17:25.6108329Z 28            56           1.0  1.0
2025-02-17T15:17:25.6108683Z name = 'decay'
2025-02-17T15:17:25.6109152Z 
2025-02-17T15:17:25.6109264Z     @final
2025-02-17T15:17:25.6109561Z     def __getattr__(self, name: str):
2025-02-17T15:17:25.6109937Z         """
2025-02-17T15:17:25.6110317Z         After regular attribute access, try looking up the name
2025-02-17T15:17:25.6110919Z         This allows simpler access to columns for interactive use.
2025-02-17T15:17:25.6111403Z         """
2025-02-17T15:17:25.6111807Z         # Note: obj.x will always call obj.__getattribute__('x') prior to
2025-02-17T15:17:25.6112351Z         # calling obj.__getattr__('x').
2025-02-17T15:17:25.6112741Z         if (
2025-02-17T15:17:25.6113067Z             name not in self._internal_names_set
2025-02-17T15:17:25.6113510Z             and name not in self._metadata
2025-02-17T15:17:25.6113930Z             and name not in self._accessors
2025-02-17T15:17:25.6114447Z             and self._info_axis._can_hold_identifiers_and_holds_name(name)
2025-02-17T15:17:25.6114944Z         ):
2025-02-17T15:17:25.6115229Z             return self[name]
2025-02-17T15:17:25.6115635Z >       return object.__getattribute__(self, name)
2025-02-17T15:17:25.6116263Z E       AttributeError: 'IsotopicMassFraction' object has no attribute 'decay'
2025-02-17T15:17:25.6116739Z 
2025-02-17T15:17:25.6117386Z ../../../micromamba/envs/tardis/lib/python3.12/site-packages/pandas/core/generic.py:6299: AttributeError
2025-02-17T15:17:25.6118210Z =============================== warnings summary ===============================
2025-02-17T15:17:25.6118735Z tardis/io/configuration/config_validator.py:6
2025-02-17T15:17:25.6119239Z tardis/io/configuration/config_validator.py:6
2025-02-17T15:17:25.6120243Z   /home/runner/work/tardis/tardis/tardis/io/configuration/config_validator.py:6: DeprecationWarning:
2025-02-17T15:17:25.6121006Z   
2025-02-17T15:17:25.6122959Z   jsonschema.RefResolver is deprecated as of v4.18.0, in favor of the https://github.com/python-jsonschema/referencing library, which provides more compliant referencing behavior as well as more flexible APIs for customization. A future release will remove RefResolver. Please file a feature request (on referencing) if you are missing an API for the kind of customization you need.
2025-02-17T15:17:25.6125051Z 
2025-02-17T15:17:25.6125446Z ../../../micromamba/envs/tardis/lib/python3.12/site-packages/jupyter_client/connect.py:22
2025-02-17T15:17:25.6126541Z   /home/runner/micromamba/envs/tardis/lib/python3.12/site-packages/jupyter_client/connect.py:22: DeprecationWarning:
2025-02-17T15:17:25.6127542Z   
2025-02-17T15:17:25.6127903Z   Jupyter is migrating its paths to use standard platformdirs
2025-02-17T15:17:25.6128495Z   given by the platformdirs library.  To remove this warning and
2025-02-17T15:17:25.6129125Z   see the appropriate new directories, set the environment variable
2025-02-17T15:17:25.6129725Z   `JUPYTER_PLATFORM_DIRS=1` and then run `jupyter --paths`.
2025-02-17T15:17:25.6130312Z   The use of platformdirs will be the default in `jupyter_core` v6
2025-02-17T15:17:25.6130700Z 
2025-02-17T15:17:25.6136987Z tardis/io/tests/test_HDFWriter.py::test_multi_index_write
2025-02-17T15:17:25.6137975Z tardis/visualization/widgets/tests/test_shell_info.py::TestHDFShellInfo::test_shells_data
2025-02-17T15:17:25.6138855Z   /home/runner/work/tardis/tardis/tardis/io/util.py:276: PerformanceWarning:
2025-02-17T15:17:25.6139407Z   
2025-02-17T15:17:25.6139637Z   
2025-02-17T15:17:25.6140077Z   your performance may suffer as PyTables will pickle object types that it cannot
2025-02-17T15:17:25.6140934Z   map directly to c-types [inferred_type->mixed,key->block0_values] [items->Index([0], dtype='int64')]
2025-02-17T15:17:25.6141457Z 
2025-02-17T15:17:25.6141771Z tardis/io/tests/test_model_reader.py::test_read_cmfgen_isotope_abundances
2025-02-17T15:17:25.6142551Z tardis/plasma/tests/test_tardis_model_density_config.py::test_electron_densities
2025-02-17T15:17:25.6143400Z tardis/plasma/tests/test_tardis_model_density_config.py::test_isotope_number_densities
2025-02-17T15:17:25.6144204Z tardis/plasma/tests/test_tardis_model_density_config.py::test_t_rad
2025-02-17T15:17:25.6145312Z   /home/runner/work/tardis/tardis/tardis/io/model/readers/cmfgen_deprecated.py:82: DeprecationWarning:
2025-02-17T15:17:25.6146060Z   
2025-02-17T15:17:25.6146352Z   The current CMFGEN model parser is deprecated
2025-02-17T15:17:25.6146657Z 
2025-02-17T15:17:25.6146829Z tardis/io/tests/test_model_reader.py: 1 warning
2025-02-17T15:17:25.6147553Z tardis/plasma/tests/test_tardis_model_density_config.py: 9 warnings
2025-02-17T15:17:25.6148432Z   /home/runner/work/tardis/tardis/tardis/io/model/readers/cmfgen_deprecated.py:40: DeprecationWarning:
2025-02-17T15:17:25.6149141Z   
2025-02-17T15:17:25.6149444Z   The current CMFGEN model parser is deprecated
2025-02-17T15:17:25.6149742Z 
2025-02-17T15:17:25.6150059Z tardis/model/tests/test_base.py::TestModelFromPaper1Config::test_abundances
2025-02-17T15:17:25.6151070Z   /home/runner/work/tardis/tardis/tardis/transport/montecarlo/montecarlo_main_loop.py:123: NumbaTypeSafetyWarning:
2025-02-17T15:17:25.6151872Z   
2025-02-17T15:17:25.6152586Z   [1m[1m[1munsafe cast from uint64 to int64. Precision may be lost.[0m[0m[0m
2025-02-17T15:17:25.6153020Z 
2025-02-17T15:17:25.6153179Z tardis/model/tests/test_base.py: 6 warnings
2025-02-17T15:17:25.6153640Z tardis/model/tests/test_csvy_model.py: 2 warnings
2025-02-17T15:17:25.6154231Z tardis/plasma/tests/test_tardis_model_density_config.py: 3 warnings
2025-02-17T15:17:25.6155078Z   /home/runner/work/tardis/tardis/tardis/model/geometry/radial1d.py:50: DeprecationWarning:
2025-02-17T15:17:25.6155752Z   
2025-02-17T15:17:25.6156038Z   v_inner_boundary < 0, assuming default value
2025-02-17T15:17:25.6156522Z 
2025-02-17T15:17:25.6156677Z tardis/model/tests/test_base.py: 6 warnings
2025-02-17T15:17:25.6157351Z tardis/model/tests/test_csvy_model.py: 2 warnings
2025-02-17T15:17:25.6157931Z tardis/plasma/tests/test_tardis_model_density_config.py: 3 warnings
2025-02-17T15:17:25.6158781Z   /home/runner/work/tardis/tardis/tardis/model/geometry/radial1d.py:61: DeprecationWarning:
2025-02-17T15:17:25.6159469Z   
2025-02-17T15:17:25.6159751Z   v_outer_boundary < 0, assuming default value
2025-02-17T15:17:25.6160036Z 
2025-02-17T15:17:25.6160768Z tardis/plasma/equilibrium/tests/test_level_populations.py::TestLevelPopulationSolver::test_solve[collisional_rate_solver0-radiative_transitions0]
2025-02-17T15:17:25.6162106Z   /home/runner/work/tardis/tardis/tardis/plasma/equilibrium/level_populations.py:65: FutureWarning:
2025-02-17T15:17:25.6162839Z   
2025-02-17T15:17:25.6163403Z   A value is trying to be set on a copy of a DataFrame or Series through chained assignment using an inplace method.
2025-02-17T15:17:25.6164686Z   The behavior will change in pandas 3.0. This inplace method will never work because the intermediate object on which we are setting values always behaves as a copy.
2025-02-17T15:17:25.6165610Z   
2025-02-17T15:17:25.6166596Z   For example, when doing 'df[col].method(value, inplace=True)', try using 'df.method({col: value}, inplace=True)' or df[col] = df[col].method(value) instead, to perform the operation inplace on the original object.
2025-02-17T15:17:25.6167795Z 
2025-02-17T15:17:25.6168021Z tardis/plasma/tests/test_complete_plasmas.py: 20 warnings
2025-02-17T15:17:25.6168798Z   /home/runner/work/tardis/tardis/tardis/plasma/tests/test_complete_plasmas.py:197: UserWarning:
2025-02-17T15:17:25.6169490Z   
2025-02-17T15:17:25.6169741Z   Property "atomic_mass" not found
2025-02-17T15:17:25.6169986Z 
2025-02-17T15:17:25.6170641Z tardis/plasma/tests/test_complete_plasmas.py::TestPlasma::test_plasma_properties[radiative_rates_type:detailed-w_epsilon:1e-10-j_blues_norm_factor]
2025-02-17T15:17:25.6172030Z tardis/plasma/tests/test_complete_plasmas.py::TestPlasma::test_plasma_properties[radiative_rates_type:detailed-j_blues_norm_factor]
2025-02-17T15:17:25.6173267Z   /home/runner/work/tardis/tardis/tardis/plasma/tests/test_complete_plasmas.py:197: UserWarning:
2025-02-17T15:17:25.6173930Z   
2025-02-17T15:17:25.6174201Z   Property "j_blues_norm_factor" not found
2025-02-17T15:17:25.6174659Z 
2025-02-17T15:17:25.6175320Z tardis/plasma/tests/test_complete_plasmas.py::TestPlasma::test_plasma_properties[radiative_rates_type:detailed-w_epsilon:1e-10-j_blue_estimator]
2025-02-17T15:17:25.6176675Z tardis/plasma/tests/test_complete_plasmas.py::TestPlasma::test_plasma_properties[radiative_rates_type:detailed-j_blue_estimator]
2025-02-17T15:17:25.6177964Z   /home/runner/work/tardis/tardis/tardis/plasma/tests/test_complete_plasmas.py:197: UserWarning:
2025-02-17T15:17:25.6178616Z   
2025-02-17T15:17:25.6178890Z   Property "j_blue_estimator" not found
2025-02-17T15:17:25.6179158Z 
2025-02-17T15:17:25.6179836Z tardis/plasma/tests/test_complete_plasmas.py::TestPlasma::test_plasma_properties[radiative_rates_type:detailed-w_epsilon:1e-10-volume]
2025-02-17T15:17:25.6181172Z tardis/plasma/tests/test_complete_plasmas.py::TestPlasma::test_plasma_properties[radiative_rates_type:detailed-volume]
2025-02-17T15:17:25.6182294Z   /home/runner/work/tardis/tardis/tardis/plasma/tests/test_complete_plasmas.py:197: UserWarning:
2025-02-17T15:17:25.6182990Z   
2025-02-17T15:17:25.6183245Z   Property "volume" not found
2025-02-17T15:17:25.6183469Z 
2025-02-17T15:17:25.6184113Z tardis/plasma/tests/test_complete_plasmas.py::TestPlasma::test_plasma_properties[radiative_rates_type:detailed-w_epsilon:1e-10-r_inner]
2025-02-17T15:17:25.6185422Z tardis/plasma/tests/test_complete_plasmas.py::TestPlasma::test_plasma_properties[radiative_rates_type:detailed-r_inner]
2025-02-17T15:17:25.6186540Z   /home/runner/work/tardis/tardis/tardis/plasma/tests/test_complete_plasmas.py:197: UserWarning:
2025-02-17T15:17:25.6187429Z   
2025-02-17T15:17:25.6187686Z   Property "r_inner" not found
2025-02-17T15:17:25.6188094Z 
2025-02-17T15:17:25.6188434Z tardis/plasma/tests/test_plasma_vboundary.py::test_plasma_vboundary[2900-3750]
2025-02-17T15:17:25.6189214Z tardis/plasma/tests/test_plasma_vboundary.py::test_plasma_vboundary[2900-3850]
2025-02-17T15:17:25.6189985Z tardis/plasma/tests/test_plasma_vboundary.py::test_plasma_vboundary[2900-3900]
2025-02-17T15:17:25.6190838Z   /home/runner/work/tardis/tardis/tardis/model/geometry/radial1d.py:71: UserWarning:
2025-02-17T15:17:25.6191453Z   
2025-02-17T15:17:25.6191881Z   Requesting inner boundary below inner shell. Extrapolating the inner cell
2025-02-17T15:17:25.6192319Z 
2025-02-17T15:17:25.6192648Z tardis/spectrum/tests/test_spectrum_solver.py::TestSpectrumSolver::test_solve
2025-02-17T15:17:25.6193410Z   /home/runner/work/tardis/tardis/tardis/spectrum/base.py:70: UserWarning:
2025-02-17T15:17:25.6193926Z   
2025-02-17T15:17:25.6194539Z   SpectrumSolver.spectrum_virtual_packets is zero. Please run the montecarlo simulation with no_of_virtual_packets > 0
2025-02-17T15:17:25.6195193Z 
2025-02-17T15:17:25.6195518Z tardis/spectrum/tests/test_spectrum_solver.py::TestSpectrumSolver::test_solve
2025-02-17T15:17:25.6196277Z   /home/runner/work/tardis/tardis/tardis/spectrum/base.py:111: UserWarning:
2025-02-17T15:17:25.6196832Z   
2025-02-17T15:17:25.6197652Z   SpectrumSolver.integrator: The FormalIntegrator is not yet available.Please run the montecarlo simulation at least once.
2025-02-17T15:17:25.6198350Z 
2025-02-17T15:17:25.6198685Z tardis/transport/montecarlo/tests/test_vpacket.py::test_trace_vpacket_volley
2025-02-17T15:17:25.6199349Z   <string>:3: NumbaPendingDeprecationWarning:
2025-02-17T15:17:25.6199752Z   
2025-02-17T15:17:25.6201620Z   [1m[1mCode using Numba extension API maybe depending on 'old_style' error-capturing, which is deprecated and will be replaced by 'new_style' in a future release. See details at https://numba.readthedocs.io/en/latest/reference/deprecation.html#deprecation-of-old-style-numba-captured-errors
2025-02-17T15:17:25.6203290Z   Exception origin:
2025-02-17T15:17:25.6203859Z     File "/home/runner/micromamba/envs/tardis/lib/python3.12/inspect.py", line 3180, in _bind
2025-02-17T15:17:25.6204543Z       raise TypeError(msg) from None
2025-02-17T15:17:25.6204948Z   [0m[0m
2025-02-17T15:17:25.6205101Z 
2025-02-17T15:17:25.6205660Z tardis/visualization/tools/tests/test_sdec_plot.py::TestSDECPlotter::test_mpl_image[plotter_generate_plot_mpl4]
2025-02-17T15:17:25.6207180Z   /home/runner/work/tardis/tardis/tardis/visualization/tools/sdec_plot.py:1225: RuntimeWarning:
2025-02-17T15:17:25.6207898Z   
2025-02-17T15:17:25.6209393Z   More than 20 figures have been opened. Figures created through the pyplot interface (`matplotlib.pyplot.figure`) are retained until explicitly closed and may consume too much memory. (To control this warning, see the rcParam `figure.max_open_warning`). Consider using `matplotlib.pyplot.close()`.
2025-02-17T15:17:25.6211079Z 
2025-02-17T15:17:25.6211673Z tardis/visualization/widgets/tests/test_custom_abundance.py::TestCustomAbundanceWidget::test_update_input_item_value
2025-02-17T15:17:25.6212971Z tardis/visualization/widgets/tests/test_custom_abundance.py::TestCustomAbundanceWidget::test_update_input_item_value
2025-02-17T15:17:25.6214237Z tardis/visualization/widgets/tests/test_custom_abundance.py::TestCustomAbundanceWidget::test_update_input_item_value
2025-02-17T15:17:25.6215559Z tardis/visualization/widgets/tests/test_custom_abundance.py::TestCustomAbundanceWidget::test_update_input_item_value
2025-02-17T15:17:25.6216798Z tardis/visualization/widgets/tests/test_custom_abundance.py::TestCustomAbundanceWidget::test_update_input_item_value
2025-02-17T15:17:25.6218217Z tardis/visualization/widgets/tests/test_custom_abundance.py::TestCustomAbundanceWidget::test_update_input_item_value
2025-02-17T15:17:25.6219450Z   /home/runner/micromamba/envs/tardis/lib/python3.12/site-packages/traitlets/traitlets.py:1385: DeprecationWarning:
2025-02-17T15:17:25.6220235Z   
2025-02-17T15:17:25.6220661Z   Passing unrecognized arguments to super(Checkbox).__init__(icon='lock').
2025-02-17T15:17:25.6221543Z   object.__init__() takes exactly one argument (the instance to initialize)
2025-02-17T15:17:25.6222333Z   This is deprecated in traitlets 4.2.This error will be raised in a future release of traitlets.
2025-02-17T15:17:25.6222830Z 
2025-02-17T15:17:25.6223391Z tardis/visualization/widgets/tests/test_custom_abundance.py::TestCustomAbundanceWidget::test_update_input_item_value
2025-02-17T15:17:25.6224630Z tardis/visualization/widgets/tests/test_custom_abundance.py::TestCustomAbundanceWidget::test_update_input_item_value
2025-02-17T15:17:25.6225861Z   /home/runner/micromamba/envs/tardis/lib/python3.12/site-packages/traitlets/traitlets.py:1385: DeprecationWarning:
2025-02-17T15:17:25.6226646Z   
2025-02-17T15:17:25.6227217Z   Passing unrecognized arguments to super(FloatText).__init__(min=0).
2025-02-17T15:17:25.6227912Z   object.__init__() takes exactly one argument (the instance to initialize)
2025-02-17T15:17:25.6228708Z   This is deprecated in traitlets 4.2.This error will be raised in a future release of traitlets.
2025-02-17T15:17:25.6229200Z 
2025-02-17T15:17:25.6229748Z tardis/visualization/widgets/tests/test_custom_abundance.py::TestCustomAbundanceWidget::test_update_input_item_value
2025-02-17T15:17:25.6231013Z   /home/runner/micromamba/envs/tardis/lib/python3.12/site-packages/traitlets/traitlets.py:1385: DeprecationWarning:
2025-02-17T15:17:25.6231817Z   
2025-02-17T15:17:25.6232210Z   Passing unrecognized arguments to super(HTML).__init__(indent=True).
2025-02-17T15:17:25.6232870Z   object.__init__() takes exactly one argument (the instance to initialize)
2025-02-17T15:17:25.6233636Z   This is deprecated in traitlets 4.2.This error will be raised in a future release of traitlets.
2025-02-17T15:17:25.6234154Z 
2025-02-17T15:17:25.6234834Z tardis/visualization/widgets/tests/test_line_info.py::TestLineInfoWidgetData::test_get_species_interactions[wavelength_range0-packet_out_nu]
2025-02-17T15:17:25.6236168Z   /home/runner/micromamba/envs/tardis/lib/python3.12/site-packages/qgridnext/grid.py:830: DeprecationWarning:
2025-02-17T15:17:25.6236927Z   
2025-02-17T15:17:25.6237621Z   QgridWidget._show_toolbar_changed is deprecated in traitlets 4.1: use @observe and @unobserve instead.
2025-02-17T15:17:25.6238208Z 
2025-02-17T15:17:25.6238613Z tardis/visualization/widgets/tests/test_shell_info.py::TestHDFShellInfo::test_shells_data
2025-02-17T15:17:25.6239675Z   /home/runner/work/tardis/tardis/tardis/io/util.py:289: PerformanceWarning:
2025-02-17T15:17:25.6240227Z   
2025-02-17T15:17:25.6240450Z   
2025-02-17T15:17:25.6240882Z   your performance may suffer as PyTables will pickle object types that it cannot
2025-02-17T15:17:25.6241734Z   map directly to c-types [inferred_type->mixed,key->block0_values] [items->Index([0], dtype='int64')]
2025-02-17T15:17:25.6242256Z 
2025-02-17T15:17:25.6242653Z tardis/visualization/widgets/tests/test_shell_info.py::TestHDFShellInfo::test_shells_data
2025-02-17T15:17:25.6243496Z   /home/runner/work/tardis/tardis/tardis/io/util.py:292: PerformanceWarning:
2025-02-17T15:17:25.6244059Z   
2025-02-17T15:17:25.6244289Z   
2025-02-17T15:17:25.6244721Z   your performance may suffer as PyTables will pickle object types that it cannot
2025-02-17T15:17:25.6245453Z   map directly to c-types [inferred_type->mixed,key->values] [items->None]
2025-02-17T15:17:25.6245875Z 
2025-02-17T15:17:25.6246270Z tardis/visualization/widgets/tests/test_shell_info.py::TestHDFShellInfo::test_shells_data
2025-02-17T15:17:25.6247755Z   /home/runner/work/tardis/tardis/tardis/spectrum/formal_integral.py:398: UserWarning:
2025-02-17T15:17:25.6248468Z   
2025-02-17T15:17:25.6248874Z   The number of interpolate_shells was not specified. The value was set to 80.
2025-02-17T15:17:25.6249286Z 
2025-02-17T15:17:25.6249563Z -- Docs: https://docs.pytest.org/en/stable/how-to/capture-warnings.html
2025-02-17T15:17:25.6249967Z 
2025-02-17T15:17:25.6250203Z ---------- coverage: platform linux, python 3.12.4-final-0 -----------
2025-02-17T15:17:25.6250994Z Coverage HTML written to dir coverage_html_report
2025-02-17T15:17:25.6251423Z Coverage XML written to file coverage.xml
2025-02-17T15:17:25.6251676Z 
2025-02-17T15:17:25.6251855Z =========================== short test summary info ============================
2025-02-17T15:17:25.6252697Z FAILED tardis/io/tests/test_decay.py::test_simple_decay - AttributeError: 'IsotopicMassFraction' object has no attribute 'decay'
2025-02-17T15:17:25.6253869Z FAILED tardis/io/tests/test_decay.py::test_abundance_merge - AttributeError: 'IsotopicMassFraction' object has no attribute 'decay'
2025-02-17T15:17:25.6254880Z = 2 failed, 1436 passed, 329 skipped, 2 deselected, 19 xfailed, 8 xpassed, 91 warnings in 744.11s (0:12:24) =
2025-02-17T15:17:27.8412096Z ##[error]Process completed with exit code 1.
