2025-01-13T19:27:16.3279400Z ##[group]Run pytest tardis --tardis-regression-data=/Users/runner/work/tardis/tardis/tardis-regression-data --cov=tardis --cov-report=xml --cov-report=html --cov-append -m "not continuum"
2025-01-13T19:27:16.3280550Z [36;1mpytest tardis --tardis-regression-data=/Users/runner/work/tardis/tardis/tardis-regression-data --cov=tardis --cov-report=xml --cov-report=html --cov-append -m "not continuum"[0m
2025-01-13T19:27:16.3346440Z shell: /bin/bash -l {0}
2025-01-13T19:27:16.3346710Z env:
2025-01-13T19:27:16.3346890Z   CACHE_NUMBER: 0
2025-01-13T19:27:16.3347430Z   PYTEST_FLAGS: --tardis-regression-data=/Users/runner/work/tardis/tardis/tardis-regression-data --cov=tardis --cov-report=xml --cov-report=html --cov-append
2025-01-13T19:27:16.3347970Z   CODECOV_TOKEN: 
2025-01-13T19:27:16.3348170Z   MAMBA_ROOT_PREFIX: /Users/runner/micromamba
2025-01-13T19:27:16.3348440Z   MAMBA_EXE: /Users/runner/micromamba-bin/micromamba
2025-01-13T19:27:16.3348760Z   CONDARC: /Users/runner/work/_temp/setup-micromamba/.condarc
2025-01-13T19:27:16.3349140Z ##[endgroup]
2025-01-13T19:27:32.9789430Z ============================= test session starts ==============================
2025-01-13T19:27:32.9791000Z platform darwin -- Python 3.12.4, pytest-8.2.2, pluggy-1.5.0
2025-01-13T19:27:32.9791670Z rootdir: /Users/runner/work/tardis/tardis
2025-01-13T19:27:32.9792070Z configfile: pyproject.toml
2025-01-13T19:27:32.9792610Z plugins: cov-5.0.0, html-4.1.1, metadata-3.1.1, doctestplus-1.2.1, anyio-4.4.0
2025-01-13T19:27:32.9793210Z collected 1796 items / 2 deselected / 1794 selected
2025-01-13T19:27:32.9793590Z 
2025-01-13T19:27:36.0568520Z tardis/energy_input/tests/test_energy_source.py ..xxx                    [  0%]
2025-01-13T19:27:38.3489070Z tardis/energy_input/tests/test_gamma_ray_channel.py ...........          [  0%]
2025-01-13T19:27:39.8133360Z tardis/energy_input/tests/test_gamma_ray_grid.py xx.                     [  1%]
2025-01-13T19:27:41.4471980Z tardis/energy_input/tests/test_gamma_ray_interactions.py xx....          [  1%]
2025-01-13T19:27:41.4510520Z tardis/energy_input/tests/test_gamma_ray_packet_source.py sssssssss      [  1%]
2025-01-13T19:27:42.8541620Z tardis/energy_input/tests/test_util.py .....xxxx.....                    [  2%]
2025-01-13T19:27:43.2340530Z tardis/grid/tests/test_grid.py .                                         [  2%]
2025-01-13T19:27:43.2351120Z tardis/gui/tests/test_gui.py s                                           [  2%]
2025-01-13T19:27:48.2106800Z tardis/io/configuration/tests/test_config_reader.py ...........          [  3%]
2025-01-13T19:27:48.2404390Z tardis/io/configuration/tests/test_configuration_namespace.py .........  [  3%]
2025-01-13T19:27:48.2807540Z tardis/io/logger/tests/test_logging.py ssssssssssssssssssssssssssss      [  5%]
2025-01-13T19:28:33.9687120Z tardis/io/model/readers/tests/test_arepo_parser.py ..                    [  5%]
2025-01-13T19:28:34.0202680Z tardis/io/model/readers/tests/test_ascii_readers.py ...                  [  5%]
2025-01-13T19:28:34.0379390Z tardis/io/model/readers/tests/test_cmfgen_reader.py ..                   [  5%]
2025-01-13T19:28:34.0950570Z tardis/io/model/readers/tests/test_csvy_reader.py ....                   [  6%]
2025-01-13T19:28:34.1389280Z tardis/io/model/readers/tests/test_stella_reader.py ..                   [  6%]
2025-01-13T19:28:34.4748300Z tardis/io/tests/test_HDFWriter.py ...............                        [  7%]
2025-01-13T19:28:35.2474320Z tardis/io/tests/test_atomic.py .....                                     [  7%]
2025-01-13T19:28:35.2993720Z tardis/io/tests/test_decay.py ..                                         [  7%]
2025-01-13T19:28:35.5490880Z tardis/io/tests/test_model_reader.py ......                              [  7%]
2025-01-13T19:28:35.5558130Z tardis/model/geometry/tests/test_radial1d.py ..                          [  7%]
2025-01-13T19:29:08.6737560Z tardis/model/tests/test_base.py ........................................ [ 10%]
2025-01-13T19:29:09.6949620Z ............                                                             [ 10%]
2025-01-13T19:29:12.2281720Z tardis/model/tests/test_csvy_model.py .........                          [ 11%]
2025-01-13T19:29:12.2666960Z tardis/model/tests/test_density.py ..                                    [ 11%]
2025-01-13T19:29:14.1896660Z tardis/opacities/tests/test_opacity_solver.py .....                      [ 11%]
2025-01-13T19:29:15.8476280Z tardis/opacities/tests/test_opacity_state_numba.py .....                 [ 11%]
2025-01-13T19:29:17.8591040Z tardis/opacities/tests/test_tau_sobolev.py FF                            [ 12%]
2025-01-13T19:29:21.7103500Z tardis/plasma/equilibrium/tests/test_collisional_transitions.py ...      [ 12%]
2025-01-13T19:30:12.3311920Z tardis/plasma/equilibrium/tests/test_level_populations.py ....           [ 12%]
2025-01-13T19:30:26.5324000Z tardis/plasma/equilibrium/tests/test_rate_matrix.py .                    [ 12%]
2025-01-13T19:30:28.0575980Z tardis/plasma/tests/test_complete_plasmas.py .....................s..... [ 13%]
2025-01-13T19:30:31.4890460Z s....ssssss............s............ss.....s....ssssss............s..... [ 18%]
2025-01-13T19:30:33.4580810Z .......ss.....s....ssssss............s............ss.....s....ssssss.... [ 22%]
2025-01-13T19:30:35.9088360Z ........s............ss.....s........ss............s............ss.....s [ 26%]
2025-01-13T19:30:38.5220610Z ........ss............s............ss.....s....ssssss............s...... [ 30%]
2025-01-13T19:30:39.1947060Z ......ss.....s....ssssss............s............ss.....s.ss.ssssss..... [ 34%]
2025-01-13T19:30:42.2181770Z .......s............ss.....s....ssssss............s............ss.....s. [ 38%]
2025-01-13T19:30:45.0435850Z ...ssssss............s............ss.....s....ssssss............s....... [ 42%]
2025-01-13T19:30:47.4182050Z .....ss.....s....ssssss............s............s...........ssssss...... [ 46%]
2025-01-13T19:30:48.9181130Z ......s............s...........ssssss............s............s......... [ 50%]
2025-01-13T19:30:51.7407850Z ..ssssss............s............ss.....s....ssssss............s........ [ 54%]
2025-01-13T19:30:54.2555840Z ....ss.....s....ssssss..........................s.....s....ssss......... [ 58%]
2025-01-13T19:30:54.5308160Z ...................s.....s....ssss.......                                [ 60%]
2025-01-13T19:30:54.7623340Z tardis/plasma/tests/test_hdf_plasma.py ................................. [ 62%]
2025-01-13T19:30:54.7720360Z ......                                                                   [ 62%]
2025-01-13T19:30:55.1249250Z tardis/plasma/tests/test_nlte_excitation.py ...                          [ 62%]
2025-01-13T19:32:57.9441060Z tardis/plasma/tests/test_nlte_solver.py .....X                           [ 63%]
2025-01-13T19:32:57.9505170Z tardis/plasma/tests/test_plasma_continuum.py .                           [ 63%]
2025-01-13T19:33:21.7978600Z tardis/plasma/tests/test_plasma_vboundary.py .............               [ 63%]
2025-01-13T19:33:33.1474430Z tardis/plasma/tests/test_tardis_model_density_config.py ...              [ 64%]
2025-01-13T19:33:33.7183860Z tardis/simulation/tests/test_convergence.py .....                        [ 64%]
2025-01-13T19:33:41.6625770Z tardis/simulation/tests/test_simulation.py .............                 [ 65%]
2025-01-13T19:33:41.6749030Z tardis/spectrum/tests/test_cuda_formal_integral.py sssssssssssssssssssss [ 66%]
2025-01-13T19:33:41.9560100Z ssss...ssssssssssssssssssssss                                            [ 67%]
2025-01-13T19:33:41.9630670Z tardis/spectrum/tests/test_luminosity.py ....                            [ 68%]
2025-01-13T19:33:42.8550270Z tardis/spectrum/tests/test_numba_formal_integral.py .................... [ 69%]
2025-01-13T19:33:42.8660240Z ..........                                                               [ 69%]
2025-01-13T19:33:42.9908870Z tardis/spectrum/tests/test_spectrum.py ................................. [ 71%]
2025-01-13T19:33:43.0130580Z .........                                                                [ 72%]
2025-01-13T19:34:11.1201850Z tardis/spectrum/tests/test_spectrum_solver.py ....                       [ 72%]
2025-01-13T19:35:23.5085880Z tardis/tests/test_tardis_full.py ....                                    [ 72%]
2025-01-13T19:37:04.8053940Z tardis/tests/test_tardis_full_formal_integral.py ................        [ 73%]
2025-01-13T19:37:04.8921590Z tardis/tests/test_util.py .............................................  [ 75%]
2025-01-13T19:37:07.4030110Z tardis/transport/montecarlo/tests/test_base.py x.....................    [ 77%]
2025-01-13T19:37:13.4455610Z tardis/transport/montecarlo/tests/test_interaction.py .......            [ 77%]
2025-01-13T19:37:13.6212160Z tardis/transport/montecarlo/tests/test_macro_atom.py ....                [ 77%]
2025-01-13T19:37:13.6331970Z tardis/transport/montecarlo/tests/test_montecarlo.py sssssssssssssssssss [ 78%]
2025-01-13T19:37:13.6613560Z sssssssssssssssssssssssssssssssssssssssssssss                            [ 81%]
2025-01-13T19:37:23.0036420Z tardis/transport/montecarlo/tests/test_montecarlo_main_loop.py x..       [ 81%]
2025-01-13T19:37:23.0203310Z tardis/transport/montecarlo/tests/test_nonhomologous.py ...              [ 81%]
2025-01-13T19:37:26.3652030Z tardis/transport/montecarlo/tests/test_numba_interface.py .....x.        [ 82%]
2025-01-13T19:37:26.7464920Z tardis/transport/montecarlo/tests/test_opacities.py ...............      [ 82%]
2025-01-13T19:37:27.5682170Z tardis/transport/montecarlo/tests/test_packet.py .................xXXXXX [ 84%]
2025-01-13T19:37:27.6793560Z XX.........                                                              [ 84%]
2025-01-13T19:37:27.7138360Z tardis/transport/montecarlo/tests/test_packet_source.py ........         [ 85%]
2025-01-13T19:37:27.9800150Z tardis/transport/montecarlo/tests/test_rpacket_last_interaction_tracker.py . [ 85%]
2025-01-13T19:37:28.2905680Z .....                                                                    [ 85%]
2025-01-13T19:37:38.1528100Z tardis/transport/montecarlo/tests/test_rpacket_tracker.py ......         [ 85%]
2025-01-13T19:37:38.1734230Z tardis/transport/montecarlo/tests/test_single_packet_loop.py xxx         [ 86%]
2025-01-13T19:37:38.1765940Z tardis/transport/montecarlo/tests/test_tracker_utils.py ..               [ 86%]
2025-01-13T19:37:39.5874350Z tardis/transport/montecarlo/tests/test_vpacket.py ..x.                   [ 86%]
2025-01-13T19:37:39.6092210Z tardis/transport/montecarlo/tests/test_weighted_packet_source.py ....    [ 86%]
2025-01-13T19:37:42.5130410Z tardis/transport/montecarlo/tests/test_weighted_packet_source_integration.py . [ 86%]
2025-01-13T19:37:42.5133320Z                                                                          [ 86%]
2025-01-13T19:37:43.0140410Z tardis/transport/tests/test_doppler_factor.py ..................         [ 87%]
2025-01-13T19:37:44.7853980Z tardis/visualization/tools/tests/test_convergence_plot.py .............. [ 88%]
2025-01-13T19:37:46.4614660Z ......                                                                   [ 88%]
2025-01-13T19:37:50.4782850Z tardis/visualization/tools/tests/test_liv_plot.py ...................... [ 90%]
2025-01-13T19:37:55.2573020Z .............................                                            [ 91%]
2025-01-13T19:37:58.9392970Z tardis/visualization/tools/tests/test_rpacket_plot.py .................. [ 92%]
2025-01-13T19:38:07.2711650Z ....                                                                     [ 92%]
2025-01-13T19:38:11.7575990Z tardis/visualization/tools/tests/test_sdec_plot.py ..................... [ 94%]
2025-01-13T19:38:17.4056430Z ..............................                                           [ 95%]
2025-01-13T19:38:17.7631470Z tardis/visualization/widgets/tests/test_custom_abundance.py ........ss.. [ 96%]
2025-01-13T19:38:17.8002740Z ....                                                                     [ 96%]
2025-01-13T19:38:18.5242900Z tardis/visualization/widgets/tests/test_line_info.py ................... [ 97%]
2025-01-13T19:38:18.9729530Z ..................                                                       [ 98%]
2025-01-13T19:41:23.8690260Z tardis/visualization/widgets/tests/test_shell_info.py .................. [ 99%]
2025-01-13T19:41:30.4150010Z ......                                                                   [100%]
2025-01-13T19:41:30.4150540Z 
2025-01-13T19:41:30.4150770Z =================================== FAILURES ===================================
2025-01-13T19:41:30.4151300Z _____________________ test_calculate_sobolev_line_opacity ______________________
2025-01-13T19:41:30.4151630Z 
2025-01-13T19:41:30.4151980Z nb_simulation_verysimple = <tardis.simulation.base.Simulation object at 0x312fa6750>
2025-01-13T19:41:30.4152610Z regression_data = <tardis.tests.fixtures.regression_data.RegressionData object at 0x312f9f980>
2025-01-13T19:41:30.4153010Z 
2025-01-13T19:41:30.4153250Z     def test_calculate_sobolev_line_opacity(
2025-01-13T19:41:30.4153670Z         nb_simulation_verysimple, regression_data
2025-01-13T19:41:30.4154030Z     ):
2025-01-13T19:41:30.4154520Z         legacy_plasma = nb_simulation_verysimple.plasma
2025-01-13T19:41:30.4155080Z     
2025-01-13T19:41:30.4155460Z         actual = calculate_sobolev_line_opacity(
2025-01-13T19:41:30.4155820Z             legacy_plasma.lines,
2025-01-13T19:41:30.4156250Z             legacy_plasma.level_number_density,
2025-01-13T19:41:30.4156610Z             legacy_plasma.time_explosion,
2025-01-13T19:41:30.4157040Z             legacy_plasma.stimulated_emission_factor,
2025-01-13T19:41:30.4157440Z         )
2025-01-13T19:41:30.4157780Z >       expected = regression_data.sync_dataframe(actual)
2025-01-13T19:41:30.4158080Z 
2025-01-13T19:41:30.4158270Z tardis/opacities/tests/test_tau_sobolev.py:21: 
2025-01-13T19:41:30.4158660Z _ _ _ _ _ _ _ _ _ _ _ _ _ _ _ _ _ _ _ _ _ _ _ _ _ _ _ _ _ _ _ _ _ _ _ _ _ _ _ _ 
2025-01-13T19:41:30.4159110Z tardis/tests/fixtures/regression_data.py:88: in sync_dataframe
2025-01-13T19:41:30.4159520Z     return pd.read_hdf(self.fpath, key=key)
2025-01-13T19:41:30.4172240Z _ _ _ _ _ _ _ _ _ _ _ _ _ _ _ _ _ _ _ _ _ _ _ _ _ _ _ _ _ _ _ _ _ _ _ _ _ _ _ _ 
2025-01-13T19:41:30.4172490Z 
2025-01-13T19:41:30.4172870Z path_or_buf = '/Users/runner/work/tardis/tardis/tardis-regression-data/test_tau_sobolev/test_calculate_sobolev_line_opacity.h5'
2025-01-13T19:41:30.4173440Z key = 'data', mode = 'r', errors = 'strict', where = None, start = None
2025-01-13T19:41:30.4173930Z stop = None, columns = None, iterator = False, chunksize = None, kwargs = {}
2025-01-13T19:41:30.4174290Z exists = False
2025-01-13T19:41:30.4174440Z 
2025-01-13T19:41:30.4174560Z     def read_hdf(
2025-01-13T19:41:30.4174880Z         path_or_buf: FilePath | HDFStore,
2025-01-13T19:41:30.4175150Z         key=None,
2025-01-13T19:41:30.4175400Z         mode: str = "r",
2025-01-13T19:41:30.4175670Z         errors: str = "strict",
2025-01-13T19:41:30.4175980Z         where: str | list | None = None,
2025-01-13T19:41:30.4176290Z         start: int | None = None,
2025-01-13T19:41:30.4176570Z         stop: int | None = None,
2025-01-13T19:41:30.4176840Z         columns: list[str] | None = None,
2025-01-13T19:41:30.4177140Z         iterator: bool = False,
2025-01-13T19:41:30.4177510Z         chunksize: int | None = None,
2025-01-13T19:41:30.4178880Z         **kwargs,
2025-01-13T19:41:30.4179090Z     ):
2025-01-13T19:41:30.4179330Z         """
2025-01-13T19:41:30.4179570Z         Read from the store, close it if we opened it.
2025-01-13T19:41:30.4179870Z     
2025-01-13T19:41:30.4180100Z         Retrieve pandas object stored in file, optionally based on where
2025-01-13T19:41:30.4180450Z         criteria.
2025-01-13T19:41:30.4180630Z     
2025-01-13T19:41:30.4186430Z         .. warning::
2025-01-13T19:41:30.4186650Z     
2025-01-13T19:41:30.4186960Z            Pandas uses PyTables for reading and writing HDF5 files, which allows
2025-01-13T19:41:30.4187400Z            serializing object-dtype data with pickle when using the "fixed" format.
2025-01-13T19:41:30.4187830Z            Loading pickled data received from untrusted sources can be unsafe.
2025-01-13T19:41:30.4188240Z     
2025-01-13T19:41:30.4196260Z            See: https://docs.python.org/3/library/pickle.html for more.
2025-01-13T19:41:30.4196600Z     
2025-01-13T19:41:30.4196760Z         Parameters
2025-01-13T19:41:30.4196980Z         ----------
2025-01-13T19:41:30.4197200Z         path_or_buf : str, path object, pandas.HDFStore
2025-01-13T19:41:30.4197690Z             Any valid string path is acceptable. Only supports the local file system,
2025-01-13T19:41:30.4198120Z             remote URLs and file-like objects are not supported.
2025-01-13T19:41:30.4198400Z     
2025-01-13T19:41:30.4198670Z             If you want to pass in a path object, pandas accepts any
2025-01-13T19:41:30.4198980Z             ``os.PathLike``.
2025-01-13T19:41:30.4199230Z     
2025-01-13T19:41:30.4199500Z             Alternatively, pandas accepts an open :class:`pandas.HDFStore` object.
2025-01-13T19:41:30.4199900Z     
2025-01-13T19:41:30.4200080Z         key : object, optional
2025-01-13T19:41:30.4200420Z             The group identifier in the store. Can be omitted if the HDF file
2025-01-13T19:41:30.4200740Z             contains a single pandas object.
2025-01-13T19:41:30.4201020Z         mode : {'r', 'r+', 'a'}, default 'r'
2025-01-13T19:41:30.4201330Z             Mode to use when opening the file. Ignored if path_or_buf is a
2025-01-13T19:41:30.4201720Z             :class:`pandas.HDFStore`. Default is 'r'.
2025-01-13T19:41:30.4201990Z         errors : str, default 'strict'
2025-01-13T19:41:30.4202320Z             Specifies how encoding and decoding errors are to be handled.
2025-01-13T19:41:30.4202660Z             See the errors argument for :func:`open` for a full list
2025-01-13T19:41:30.4202970Z             of options.
2025-01-13T19:41:30.4203170Z         where : list, optional
2025-01-13T19:41:30.4203440Z             A list of Term (or convertible) objects.
2025-01-13T19:41:30.4203730Z         start : int, optional
2025-01-13T19:41:30.4203940Z             Row number to start selection.
2025-01-13T19:41:30.4204420Z         stop  : int, optional
2025-01-13T19:41:30.4204630Z             Row number to stop selection.
2025-01-13T19:41:30.4204910Z         columns : list, optional
2025-01-13T19:41:30.4205140Z             A list of columns names to return.
2025-01-13T19:41:30.4205430Z         iterator : bool, optional
2025-01-13T19:41:30.4205770Z             Return an iterator object.
2025-01-13T19:41:30.4206040Z         chunksize : int, optional
2025-01-13T19:41:30.4206370Z             Number of rows to include in an iteration when using an iterator.
2025-01-13T19:41:30.4206670Z         **kwargs
2025-01-13T19:41:30.4206950Z             Additional keyword arguments passed to HDFStore.
2025-01-13T19:41:30.4207220Z     
2025-01-13T19:41:30.4207400Z         Returns
2025-01-13T19:41:30.4207570Z         -------
2025-01-13T19:41:30.4207770Z         object
2025-01-13T19:41:30.4208000Z             The selected object. Return type depends on the object stored.
2025-01-13T19:41:30.4208330Z     
2025-01-13T19:41:30.4208480Z         See Also
2025-01-13T19:41:30.4208680Z         --------
2025-01-13T19:41:30.4208910Z         DataFrame.to_hdf : Write a HDF file from a DataFrame.
2025-01-13T19:41:30.4209240Z         HDFStore : Low-level access to HDF files.
2025-01-13T19:41:30.4209480Z     
2025-01-13T19:41:30.4209710Z         Examples
2025-01-13T19:41:30.4209880Z         --------
2025-01-13T19:41:30.4210160Z         >>> df = pd.DataFrame([[1, 1.0, 'a']], columns=['x', 'y', 'z'])  # doctest: +SKIP
2025-01-13T19:41:30.4210490Z         >>> df.to_hdf('./store.h5', 'data')  # doctest: +SKIP
2025-01-13T19:41:30.4210820Z         >>> reread = pd.read_hdf('./store.h5')  # doctest: +SKIP
2025-01-13T19:41:30.4211070Z         """
2025-01-13T19:41:30.4211300Z         if mode not in ["r", "r+", "a"]:
2025-01-13T19:41:30.4211560Z             raise ValueError(
2025-01-13T19:41:30.4211850Z                 f"mode {mode} is not allowed while performing a read. "
2025-01-13T19:41:30.4212140Z                 f"Allowed modes are r, r+ and a."
2025-01-13T19:41:30.4212400Z             )
2025-01-13T19:41:30.4213040Z         # grab the scope
2025-01-13T19:41:30.4234310Z         if where is not None:
2025-01-13T19:41:30.4234610Z             where = _ensure_term(where, scope_level=1)
2025-01-13T19:41:30.4234900Z     
2025-01-13T19:41:30.4235130Z         if isinstance(path_or_buf, HDFStore):
2025-01-13T19:41:30.4235450Z             if not path_or_buf.is_open:
2025-01-13T19:41:30.4235790Z                 raise OSError("The HDFStore must be open for reading.")
2025-01-13T19:41:30.4236180Z     
2025-01-13T19:41:30.4236370Z             store = path_or_buf
2025-01-13T19:41:30.4236650Z             auto_close = False
2025-01-13T19:41:30.4236880Z         else:
2025-01-13T19:41:30.4237160Z             path_or_buf = stringify_path(path_or_buf)
2025-01-13T19:41:30.4237430Z             if not isinstance(path_or_buf, str):
2025-01-13T19:41:30.4237760Z                 raise NotImplementedError(
2025-01-13T19:41:30.4238070Z                     "Support for generic buffers has not been implemented."
2025-01-13T19:41:30.4238490Z                 )
2025-01-13T19:41:30.4238690Z             try:
2025-01-13T19:41:30.4238980Z                 exists = os.path.exists(path_or_buf)
2025-01-13T19:41:30.4239230Z     
2025-01-13T19:41:30.4239420Z             # if filepath is too long
2025-01-13T19:41:30.4239680Z             except (TypeError, ValueError):
2025-01-13T19:41:30.4239980Z                 exists = False
2025-01-13T19:41:30.4240150Z     
2025-01-13T19:41:30.4240310Z             if not exists:
2025-01-13T19:41:30.4240580Z >               raise FileNotFoundError(f"File {path_or_buf} does not exist")
2025-01-13T19:41:30.4241290Z E               FileNotFoundError: File /Users/runner/work/tardis/tardis/tardis-regression-data/test_tau_sobolev/test_calculate_sobolev_line_opacity.h5 does not exist
2025-01-13T19:41:30.4241810Z 
2025-01-13T19:41:30.4242080Z ../../../micromamba/envs/tardis/lib/python3.12/site-packages/pandas/io/pytables.py:424: FileNotFoundError
2025-01-13T19:41:30.4242890Z ---------------------------- Captured stdout setup -----------------------------
2025-01-13T19:41:30.4245770Z [[1mtardis.io.model.parse_density_configuration[0m][[1;33mWARNING[0m]  
2025-01-13T19:41:30.4246390Z 	Number of density points larger than number of shells. Assuming inner point irrelevant ([1mparse_density_configuration.py[0m:114)
2025-01-13T19:41:30.4246900Z ---------------------------- Captured stderr setup -----------------------------
2025-01-13T19:41:30.4247110Z 
2025-01-13T19:41:30.4272420Z Iterations:â–ˆâ–ˆâ–ˆâ–ˆâ–ˆâ–ˆâ–ˆâ–ˆâ–ˆâ–ˆâ–ˆâ–ˆâ–ˆâ–ˆâ–ˆâ–ˆâ–ˆâ–ˆâ–ˆâ–ˆâ–ˆâ–ˆâ–ˆâ–ˆâ–ˆâ–ˆâ–ˆâ–ˆâ–ˆâ–ˆâ–ˆâ–ˆâ–ˆâ–ˆâ–ˆâ–ˆâ–ˆâ–ˆâ–ˆâ–ˆâ–ˆâ–ˆâ–ˆâ–ˆâ–ˆâ–ˆâ–ˆâ–ˆâ–ˆâ–ˆâ–ˆâ–ˆâ–ˆâ–ˆâ–ˆâ–ˆâ–ˆâ–ˆâ–ˆâ–ˆâ–ˆâ–ˆâ–ˆâ–ˆ                4/5 [00:12<00:02,  2.82s/it]
2025-01-13T19:41:30.4272690Z 
2025-01-13T19:41:30.4272980Z Packets:                                                                                   4030/? [00:12<00:00, 35743.22it/s][A
2025-01-13T19:41:30.4273290Z ------------------------------ Captured log setup ------------------------------
2025-01-13T19:41:30.4273890Z WARNING  tardis.io.model.parse_density_configuration:parse_density_configuration.py:114 Number of density points larger than number of shells. Assuming inner point irrelevant
2025-01-13T19:41:30.4274510Z _________________________ test_calculate_beta_sobolevs _________________________
2025-01-13T19:41:30.4274710Z 
2025-01-13T19:41:30.4274950Z nb_simulation_verysimple = <tardis.simulation.base.Simulation object at 0x312fa6750>
2025-01-13T19:41:30.4275410Z regression_data = <tardis.tests.fixtures.regression_data.RegressionData object at 0x312fc4b90>
2025-01-13T19:41:30.4275690Z 
2025-01-13T19:41:30.4275840Z     def test_calculate_beta_sobolevs(nb_simulation_verysimple, regression_data):
2025-01-13T19:41:30.4276160Z         legacy_plasma = nb_simulation_verysimple.plasma
2025-01-13T19:41:30.4276360Z     
2025-01-13T19:41:30.4276570Z         tau_sobolevs = calculate_sobolev_line_opacity(
2025-01-13T19:41:30.4276780Z             legacy_plasma.lines,
2025-01-13T19:41:30.4276970Z             legacy_plasma.level_number_density,
2025-01-13T19:41:30.4277180Z             legacy_plasma.time_explosion,
2025-01-13T19:41:30.4277450Z             legacy_plasma.stimulated_emission_factor,
2025-01-13T19:41:30.4278200Z         )
2025-01-13T19:41:30.4278390Z         actual = calculate_beta_sobolev(tau_sobolevs)
2025-01-13T19:41:30.4278630Z >       expected = regression_data.sync_ndarray(actual)
2025-01-13T19:41:30.4278790Z 
2025-01-13T19:41:30.4278960Z tardis/opacities/tests/test_tau_sobolev.py:35: 
2025-01-13T19:41:30.4279250Z _ _ _ _ _ _ _ _ _ _ _ _ _ _ _ _ _ _ _ _ _ _ _ _ _ _ _ _ _ _ _ _ _ _ _ _ _ _ _ _ 
2025-01-13T19:41:30.4279590Z tardis/tests/fixtures/regression_data.py:111: in sync_ndarray
2025-01-13T19:41:30.4279900Z     return np.load(self.fpath)
2025-01-13T19:41:30.4280200Z _ _ _ _ _ _ _ _ _ _ _ _ _ _ _ _ _ _ _ _ _ _ _ _ _ _ _ _ _ _ _ _ _ _ _ _ _ _ _ _ 
2025-01-13T19:41:30.4280410Z 
2025-01-13T19:41:30.4280720Z file = PosixPath('/Users/runner/work/tardis/tardis/tardis-regression-data/test_tau_sobolev/test_calculate_beta_sobolevs.npy')
2025-01-13T19:41:30.4281330Z mmap_mode = None, allow_pickle = False, fix_imports = True, encoding = 'ASCII'
2025-01-13T19:41:30.4281630Z 
2025-01-13T19:41:30.4281680Z     @set_module('numpy')
2025-01-13T19:41:30.4282040Z     def load(file, mmap_mode=None, allow_pickle=False, fix_imports=True,
2025-01-13T19:41:30.4282360Z              encoding='ASCII', *, max_header_size=format._MAX_HEADER_SIZE):
2025-01-13T19:41:30.4282710Z         """
2025-01-13T19:41:30.4282970Z         Load arrays or pickled objects from ``.npy``, ``.npz`` or pickled files.
2025-01-13T19:41:30.4283290Z     
2025-01-13T19:41:30.4283530Z         .. warning:: Loading files that contain object arrays uses the ``pickle``
2025-01-13T19:41:30.4283850Z                      module, which is not secure against erroneous or maliciously
2025-01-13T19:41:30.4284150Z                      constructed data. Consider passing ``allow_pickle=False`` to
2025-01-13T19:41:30.4284460Z                      load data that is known not to contain object arrays for the
2025-01-13T19:41:30.4284770Z                      safer handling of untrusted sources.
2025-01-13T19:41:30.4285160Z     
2025-01-13T19:41:30.4285270Z         Parameters
2025-01-13T19:41:30.4285410Z         ----------
2025-01-13T19:41:30.4285620Z         file : file-like object, string, or pathlib.Path
2025-01-13T19:41:30.4285880Z             The file to read. File-like objects must support the
2025-01-13T19:41:30.4286190Z             ``seek()`` and ``read()`` methods and must always
2025-01-13T19:41:30.4286450Z             be opened in binary mode.  Pickled files require that the
2025-01-13T19:41:30.4286740Z             file-like object support the ``readline()`` method as well.
2025-01-13T19:41:30.4287010Z         mmap_mode : {None, 'r+', 'r', 'w+', 'c'}, optional
2025-01-13T19:41:30.4287350Z             If not None, then memory-map the file, using the given mode (see
2025-01-13T19:41:30.4287680Z             `numpy.memmap` for a detailed description of the modes).  A
2025-01-13T19:41:30.4287990Z             memory-mapped array is kept on disk. However, it can be accessed
2025-01-13T19:41:30.4288330Z             and sliced like any ndarray.  Memory mapping is especially useful
2025-01-13T19:41:30.4288660Z             for accessing small fragments of large files without reading the
2025-01-13T19:41:30.4289020Z             entire file into memory.
2025-01-13T19:41:30.4289340Z         allow_pickle : bool, optional
2025-01-13T19:41:30.4289660Z             Allow loading pickled object arrays stored in npy files. Reasons for
2025-01-13T19:41:30.4290090Z             disallowing pickles include security, as loading pickled data can
2025-01-13T19:41:30.4290430Z             execute arbitrary code. If pickles are disallowed, loading object
2025-01-13T19:41:30.4290780Z             arrays will fail. Default: False
2025-01-13T19:41:30.4291010Z     
2025-01-13T19:41:30.4291190Z             .. versionchanged:: 1.16.3
2025-01-13T19:41:30.4291480Z                 Made default False in response to CVE-2019-6446.
2025-01-13T19:41:30.4291730Z     
2025-01-13T19:41:30.4291860Z         fix_imports : bool, optional
2025-01-13T19:41:30.4292360Z             Only useful when loading Python 2 generated pickled files on Python 3,
2025-01-13T19:41:30.4292720Z             which includes npy/npz files containing object arrays. If `fix_imports`
2025-01-13T19:41:30.4293060Z             is True, pickle will try to map the old Python 2 names to the new names
2025-01-13T19:41:30.4293320Z             used in Python 3.
2025-01-13T19:41:30.4293480Z         encoding : str, optional
2025-01-13T19:41:30.4293720Z             What encoding to use when reading Python 2 strings. Only useful when
2025-01-13T19:41:30.4294060Z             loading Python 2 generated pickled files in Python 3, which includes
2025-01-13T19:41:30.4294390Z             npy/npz files containing object arrays. Values other than 'latin1',
2025-01-13T19:41:30.4294780Z             'ASCII', and 'bytes' are not allowed, as they can corrupt numerical
2025-01-13T19:41:30.4295040Z             data. Default: 'ASCII'
2025-01-13T19:41:30.4295230Z         max_header_size : int, optional
2025-01-13T19:41:30.4295490Z             Maximum allowed size of the header.  Large headers may not be safe
2025-01-13T19:41:30.4295820Z             to load securely and thus require explicitly passing a larger value.
2025-01-13T19:41:30.4296100Z             See :py:func:`ast.literal_eval()` for details.
2025-01-13T19:41:30.4296380Z             This option is ignored when `allow_pickle` is passed.  In that case
2025-01-13T19:41:30.4296700Z             the file is by definition trusted and the limit is unnecessary.
2025-01-13T19:41:30.4296930Z     
2025-01-13T19:41:30.4297040Z         Returns
2025-01-13T19:41:30.4297160Z         -------
2025-01-13T19:41:30.4297300Z         result : array, tuple, dict, etc.
2025-01-13T19:41:30.4297560Z             Data stored in the file. For ``.npz`` files, the returned instance
2025-01-13T19:41:30.4297880Z             of NpzFile class must be closed to avoid leaking file descriptors.
2025-01-13T19:41:30.4298110Z     
2025-01-13T19:41:30.4298360Z         Raises
2025-01-13T19:41:30.4298480Z         ------
2025-01-13T19:41:30.4298600Z         OSError
2025-01-13T19:41:30.4298770Z             If the input file does not exist or cannot be read.
2025-01-13T19:41:30.4298990Z         UnpicklingError
2025-01-13T19:41:30.4299210Z             If ``allow_pickle=True``, but the file cannot be loaded as a pickle.
2025-01-13T19:41:30.4299450Z         ValueError
2025-01-13T19:41:30.4299660Z             The file contains an object array, but ``allow_pickle=False`` given.
2025-01-13T19:41:30.4299910Z         EOFError
2025-01-13T19:41:30.4300110Z             When calling ``np.load`` multiple times on the same file handle,
2025-01-13T19:41:30.4300370Z             if all data has already been read
2025-01-13T19:41:30.4300550Z     
2025-01-13T19:41:30.4300660Z         See Also
2025-01-13T19:41:30.4300780Z         --------
2025-01-13T19:41:30.4300920Z         save, savez, savez_compressed, loadtxt
2025-01-13T19:41:30.4301200Z         memmap : Create a memory-map to an array stored in a file on disk.
2025-01-13T19:41:30.4301540Z         lib.format.open_memmap : Create or load a memory-mapped ``.npy`` file.
2025-01-13T19:41:30.4301790Z     
2025-01-13T19:41:30.4301900Z         Notes
2025-01-13T19:41:30.4302020Z         -----
2025-01-13T19:41:30.4302210Z         - If the file contains pickle data, then whatever object is stored
2025-01-13T19:41:30.4302460Z           in the pickle is returned.
2025-01-13T19:41:30.4302700Z         - If the file is a ``.npy`` file, then a single array is returned.
2025-01-13T19:41:30.4302990Z         - If the file is a ``.npz`` file, then a dictionary-like object is
2025-01-13T19:41:30.4303310Z           returned, containing ``{filename: array}`` key-value pairs, one for
2025-01-13T19:41:30.4303580Z           each file in the archive.
2025-01-13T19:41:30.4303810Z         - If the file is a ``.npz`` file, the returned value supports the
2025-01-13T19:41:30.4304140Z           context manager protocol in a similar fashion to the open function::
2025-01-13T19:41:30.4304390Z     
2025-01-13T19:41:30.4304670Z             with load('foo.npz') as data:
2025-01-13T19:41:30.4304860Z                 a = data['a']
2025-01-13T19:41:30.4305010Z     
2025-01-13T19:41:30.4305250Z           The underlying file descriptor is closed when exiting the 'with'
2025-01-13T19:41:30.4305500Z           block.
2025-01-13T19:41:30.4305620Z     
2025-01-13T19:41:30.4305720Z         Examples
2025-01-13T19:41:30.4305840Z         --------
2025-01-13T19:41:30.4305990Z         Store data to disk, and load it again:
2025-01-13T19:41:30.4306170Z     
2025-01-13T19:41:30.4306320Z         >>> np.save('/tmp/123', np.array([[1, 2, 3], [4, 5, 6]]))
2025-01-13T19:41:30.4306540Z         >>> np.load('/tmp/123.npy')
2025-01-13T19:41:30.4306710Z         array([[1, 2, 3],
2025-01-13T19:41:30.4306860Z                [4, 5, 6]])
2025-01-13T19:41:30.4306990Z     
2025-01-13T19:41:30.4307150Z         Store compressed data to disk, and load it again:
2025-01-13T19:41:30.4307350Z     
2025-01-13T19:41:30.4307480Z         >>> a=np.array([[1, 2, 3], [4, 5, 6]])
2025-01-13T19:41:30.4307670Z         >>> b=np.array([1, 2])
2025-01-13T19:41:30.4307840Z         >>> np.savez('/tmp/123.npz', a=a, b=b)
2025-01-13T19:41:30.4308040Z         >>> data = np.load('/tmp/123.npz')
2025-01-13T19:41:30.4308220Z         >>> data['a']
2025-01-13T19:41:30.4308360Z         array([[1, 2, 3],
2025-01-13T19:41:30.4308500Z                [4, 5, 6]])
2025-01-13T19:41:30.4308640Z         >>> data['b']
2025-01-13T19:41:30.4308780Z         array([1, 2])
2025-01-13T19:41:30.4308910Z         >>> data.close()
2025-01-13T19:41:30.4309050Z     
2025-01-13T19:41:30.4309210Z         Mem-map the stored array, and then access the second row
2025-01-13T19:41:30.4309440Z         directly from disk:
2025-01-13T19:41:30.4309580Z     
2025-01-13T19:41:30.4309720Z         >>> X = np.load('/tmp/123.npy', mmap_mode='r')
2025-01-13T19:41:30.4309910Z         >>> X[1, :]
2025-01-13T19:41:30.4310030Z         memmap([4, 5, 6])
2025-01-13T19:41:30.4310250Z     
2025-01-13T19:41:30.4310360Z         """
2025-01-13T19:41:30.4310510Z         if encoding not in ('ASCII', 'latin1', 'bytes'):
2025-01-13T19:41:30.4310780Z             # The 'encoding' value for pickle also affects what encoding
2025-01-13T19:41:30.4311070Z             # the serialized binary data of NumPy arrays is loaded
2025-01-13T19:41:30.4311340Z             # in. Pickle does not pass on the encoding information to
2025-01-13T19:41:30.4311620Z             # NumPy. The unpickling code in numpy.core.multiarray is
2025-01-13T19:41:30.4311910Z             # written to assume that unicode data appearing where binary
2025-01-13T19:41:30.4312210Z             # should be is in 'latin1'. 'bytes' is also safe, as is 'ASCII'.
2025-01-13T19:41:30.4312440Z             #
2025-01-13T19:41:30.4312610Z             # Other encoding values can corrupt binary data, and we
2025-01-13T19:41:30.4312900Z             # purposefully disallow them. For the same reason, the errors=
2025-01-13T19:41:30.4313200Z             # argument is not exposed, as values other than 'strict'
2025-01-13T19:41:30.4313480Z             # result can similarly silently corrupt numerical data.
2025-01-13T19:41:30.4313780Z             raise ValueError("encoding must be 'ASCII', 'latin1', or 'bytes'")
2025-01-13T19:41:30.4314020Z     
2025-01-13T19:41:30.4314210Z         pickle_kwargs = dict(encoding=encoding, fix_imports=fix_imports)
2025-01-13T19:41:30.4314440Z     
2025-01-13T19:41:30.4314580Z         with contextlib.ExitStack() as stack:
2025-01-13T19:41:30.4314780Z             if hasattr(file, 'read'):
2025-01-13T19:41:30.4314950Z                 fid = file
2025-01-13T19:41:30.4315100Z                 own_fid = False
2025-01-13T19:41:30.4315260Z             else:
2025-01-13T19:41:30.4315440Z >               fid = stack.enter_context(open(os_fspath(file), "rb"))
2025-01-13T19:41:30.4316000Z E               FileNotFoundError: [Errno 2] No such file or directory: '/Users/runner/work/tardis/tardis/tardis-regression-data/test_tau_sobolev/test_calculate_beta_sobolevs.npy'
2025-01-13T19:41:30.4316460Z 
2025-01-13T19:41:30.4316880Z ../../../micromamba/envs/tardis/lib/python3.12/site-packages/numpy/lib/npyio.py:427: FileNotFoundError
2025-01-13T19:41:30.4317260Z =============================== warnings summary ===============================
2025-01-13T19:41:30.4317510Z tardis/io/configuration/config_validator.py:6
2025-01-13T19:41:30.4317740Z tardis/io/configuration/config_validator.py:6
2025-01-13T19:41:30.4318130Z   /Users/runner/work/tardis/tardis/tardis/io/configuration/config_validator.py:6: DeprecationWarning:
2025-01-13T19:41:30.4318500Z   
2025-01-13T19:41:30.4319460Z   jsonschema.RefResolver is deprecated as of v4.18.0, in favor of the https://github.com/python-jsonschema/referencing library, which provides more compliant referencing behavior as well as more flexible APIs for customization. A future release will remove RefResolver. Please file a feature request (on referencing) if you are missing an API for the kind of customization you need.
2025-01-13T19:41:30.4320510Z 
2025-01-13T19:41:30.4320710Z ../../../micromamba/envs/tardis/lib/python3.12/site-packages/jupyter_client/connect.py:22
2025-01-13T19:41:30.4321250Z   /Users/runner/micromamba/envs/tardis/lib/python3.12/site-packages/jupyter_client/connect.py:22: DeprecationWarning:
2025-01-13T19:41:30.4321650Z   
2025-01-13T19:41:30.4321820Z   Jupyter is migrating its paths to use standard platformdirs
2025-01-13T19:41:30.4322130Z   given by the platformdirs library.  To remove this warning and
2025-01-13T19:41:30.4322440Z   see the appropriate new directories, set the environment variable
2025-01-13T19:41:30.4322740Z   `JUPYTER_PLATFORM_DIRS=1` and then run `jupyter --paths`.
2025-01-13T19:41:30.4323050Z   The use of platformdirs will be the default in `jupyter_core` v6
2025-01-13T19:41:30.4323240Z 
2025-01-13T19:41:30.4323360Z tardis/io/tests/test_HDFWriter.py::test_multi_index_write
2025-01-13T19:41:30.4323740Z tardis/visualization/widgets/tests/test_shell_info.py::TestHDFShellInfo::test_shells_data
2025-01-13T19:41:30.4324630Z   /Users/runner/work/tardis/tardis/tardis/io/util.py:276: PerformanceWarning:
2025-01-13T19:41:30.4324920Z   
2025-01-13T19:41:30.4325030Z   
2025-01-13T19:41:30.4325240Z   your performance may suffer as PyTables will pickle object types that it cannot
2025-01-13T19:41:30.4325680Z   map directly to c-types [inferred_type->mixed,key->block0_values] [items->Index([0], dtype='int64')]
2025-01-13T19:41:30.4325950Z 
2025-01-13T19:41:30.4326110Z tardis/io/tests/test_model_reader.py::test_read_cmfgen_isotope_abundances
2025-01-13T19:41:30.4326490Z tardis/plasma/tests/test_tardis_model_density_config.py::test_electron_densities
2025-01-13T19:41:30.4326910Z tardis/plasma/tests/test_tardis_model_density_config.py::test_isotope_number_densities
2025-01-13T19:41:30.4327300Z tardis/plasma/tests/test_tardis_model_density_config.py::test_t_rad
2025-01-13T19:41:30.4327750Z   /Users/runner/work/tardis/tardis/tardis/io/model/readers/cmfgen_deprecated.py:82: DeprecationWarning:
2025-01-13T19:41:30.4328110Z   
2025-01-13T19:41:30.4328250Z   The current CMFGEN model parser is deprecated
2025-01-13T19:41:30.4328400Z 
2025-01-13T19:41:30.4328490Z tardis/io/tests/test_model_reader.py: 1 warning
2025-01-13T19:41:30.4328770Z tardis/plasma/tests/test_tardis_model_density_config.py: 9 warnings
2025-01-13T19:41:30.4329220Z   /Users/runner/work/tardis/tardis/tardis/io/model/readers/cmfgen_deprecated.py:40: DeprecationWarning:
2025-01-13T19:41:30.4329580Z   
2025-01-13T19:41:30.4329710Z   The current CMFGEN model parser is deprecated
2025-01-13T19:41:30.4329860Z 
2025-01-13T19:41:30.4330020Z tardis/model/tests/test_base.py::TestModelFromPaper1Config::test_abundances
2025-01-13T19:41:30.4330540Z   /Users/runner/work/tardis/tardis/tardis/transport/montecarlo/montecarlo_main_loop.py:123: NumbaTypeSafetyWarning:
2025-01-13T19:41:30.4330940Z   
2025-01-13T19:41:30.4331340Z   [1m[1m[1munsafe cast from uint64 to int64. Precision may be lost.[0m[0m[0m
2025-01-13T19:41:30.4331560Z 
2025-01-13T19:41:30.4331630Z tardis/model/tests/test_base.py: 6 warnings
2025-01-13T19:41:30.4332080Z tardis/model/tests/test_csvy_model.py: 2 warnings
2025-01-13T19:41:30.4332370Z tardis/plasma/tests/test_tardis_model_density_config.py: 3 warnings
2025-01-13T19:41:30.4332790Z   /Users/runner/work/tardis/tardis/tardis/model/geometry/radial1d.py:50: DeprecationWarning:
2025-01-13T19:41:30.4333110Z   
2025-01-13T19:41:30.4333410Z   v_inner_boundary < 0, assuming default value
2025-01-13T19:41:30.4333690Z 
2025-01-13T19:41:30.4333760Z tardis/model/tests/test_base.py: 6 warnings
2025-01-13T19:41:30.4334160Z tardis/model/tests/test_csvy_model.py: 2 warnings
2025-01-13T19:41:30.4334470Z tardis/plasma/tests/test_tardis_model_density_config.py: 3 warnings
2025-01-13T19:41:30.4334980Z   /Users/runner/work/tardis/tardis/tardis/model/geometry/radial1d.py:61: DeprecationWarning:
2025-01-13T19:41:30.4341510Z   
2025-01-13T19:41:30.4341730Z   v_outer_boundary < 0, assuming default value
2025-01-13T19:41:30.4341880Z 
2025-01-13T19:41:30.4342260Z tardis/plasma/equilibrium/tests/test_level_populations.py::TestLevelPopulationSolver::test_solve[collisional_rate_solver0-radiative_transitions0]
2025-01-13T19:41:30.4342940Z   /Users/runner/work/tardis/tardis/tardis/plasma/equilibrium/level_populations.py:65: FutureWarning:
2025-01-13T19:41:30.4343290Z   
2025-01-13T19:41:30.4343560Z   A value is trying to be set on a copy of a DataFrame or Series through chained assignment using an inplace method.
2025-01-13T19:41:30.4344190Z   The behavior will change in pandas 3.0. This inplace method will never work because the intermediate object on which we are setting values always behaves as a copy.
2025-01-13T19:41:30.4344660Z   
2025-01-13T19:41:30.4345130Z   For example, when doing 'df[col].method(value, inplace=True)', try using 'df.method({col: value}, inplace=True)' or df[col] = df[col].method(value) instead, to perform the operation inplace on the original object.
2025-01-13T19:41:30.4345620Z 
2025-01-13T19:41:30.4345730Z tardis/plasma/tests/test_complete_plasmas.py: 20 warnings
2025-01-13T19:41:30.4346370Z   /Users/runner/work/tardis/tardis/tardis/plasma/tests/test_complete_plasmas.py:197: UserWarning:
2025-01-13T19:41:30.4346710Z   
2025-01-13T19:41:30.4346830Z   Property "atomic_mass" not found
2025-01-13T19:41:30.4346950Z 
2025-01-13T19:41:30.4347290Z tardis/plasma/tests/test_complete_plasmas.py::TestPlasma::test_plasma_properties[radiative_rates_type:detailed-w_epsilon:1e-10-j_blues_norm_factor]
2025-01-13T19:41:30.4348000Z tardis/plasma/tests/test_complete_plasmas.py::TestPlasma::test_plasma_properties[radiative_rates_type:detailed-j_blues_norm_factor]
2025-01-13T19:41:30.4348580Z   /Users/runner/work/tardis/tardis/tardis/plasma/tests/test_complete_plasmas.py:197: UserWarning:
2025-01-13T19:41:30.4348910Z   
2025-01-13T19:41:30.4349040Z   Property "j_blues_norm_factor" not found
2025-01-13T19:41:30.4349180Z 
2025-01-13T19:41:30.4349510Z tardis/plasma/tests/test_complete_plasmas.py::TestPlasma::test_plasma_properties[radiative_rates_type:detailed-w_epsilon:1e-10-j_blue_estimator]
2025-01-13T19:41:30.4350190Z tardis/plasma/tests/test_complete_plasmas.py::TestPlasma::test_plasma_properties[radiative_rates_type:detailed-j_blue_estimator]
2025-01-13T19:41:30.4350780Z   /Users/runner/work/tardis/tardis/tardis/plasma/tests/test_complete_plasmas.py:197: UserWarning:
2025-01-13T19:41:30.4351110Z   
2025-01-13T19:41:30.4351230Z   Property "j_blue_estimator" not found
2025-01-13T19:41:30.4351370Z 
2025-01-13T19:41:30.4351670Z tardis/plasma/tests/test_complete_plasmas.py::TestPlasma::test_plasma_properties[radiative_rates_type:detailed-w_epsilon:1e-10-volume]
2025-01-13T19:41:30.4352320Z tardis/plasma/tests/test_complete_plasmas.py::TestPlasma::test_plasma_properties[radiative_rates_type:detailed-volume]
2025-01-13T19:41:30.4352870Z   /Users/runner/work/tardis/tardis/tardis/plasma/tests/test_complete_plasmas.py:197: UserWarning:
2025-01-13T19:41:30.4353210Z   
2025-01-13T19:41:30.4353330Z   Property "volume" not found
2025-01-13T19:41:30.4353440Z 
2025-01-13T19:41:30.4353750Z tardis/plasma/tests/test_complete_plasmas.py::TestPlasma::test_plasma_properties[radiative_rates_type:detailed-w_epsilon:1e-10-r_inner]
2025-01-13T19:41:30.4354570Z tardis/plasma/tests/test_complete_plasmas.py::TestPlasma::test_plasma_properties[radiative_rates_type:detailed-r_inner]
2025-01-13T19:41:30.4355130Z   /Users/runner/work/tardis/tardis/tardis/plasma/tests/test_complete_plasmas.py:197: UserWarning:
2025-01-13T19:41:30.4355470Z   
2025-01-13T19:41:30.4355580Z   Property "r_inner" not found
2025-01-13T19:41:30.4355700Z 
2025-01-13T19:41:30.4355860Z tardis/plasma/tests/test_plasma_vboundary.py::test_plasma_vboundary[2900-3750]
2025-01-13T19:41:30.4356260Z tardis/plasma/tests/test_plasma_vboundary.py::test_plasma_vboundary[2900-3850]
2025-01-13T19:41:30.4356650Z tardis/plasma/tests/test_plasma_vboundary.py::test_plasma_vboundary[2900-3900]
2025-01-13T19:41:30.4357060Z   /Users/runner/work/tardis/tardis/tardis/model/geometry/radial1d.py:71: UserWarning:
2025-01-13T19:41:30.4357370Z   
2025-01-13T19:41:30.4357590Z   Requesting inner boundary below inner shell. Extrapolating the inner cell
2025-01-13T19:41:30.4357810Z 
2025-01-13T19:41:30.4357980Z tardis/spectrum/tests/test_spectrum_solver.py::TestSpectrumSolver::test_solve
2025-01-13T19:41:30.4358370Z   /Users/runner/work/tardis/tardis/tardis/spectrum/base.py:70: UserWarning:
2025-01-13T19:41:30.4358640Z   
2025-01-13T19:41:30.4358960Z   SpectrumSolver.spectrum_virtual_packets is zero. Please run the montecarlo simulation with no_of_virtual_packets > 0
2025-01-13T19:41:30.4359280Z 
2025-01-13T19:41:30.4359440Z tardis/spectrum/tests/test_spectrum_solver.py::TestSpectrumSolver::test_solve
2025-01-13T19:41:30.4359830Z   /Users/runner/work/tardis/tardis/tardis/spectrum/base.py:111: UserWarning:
2025-01-13T19:41:30.4360100Z   
2025-01-13T19:41:30.4360440Z   SpectrumSolver.integrator: The FormalIntegrator is not yet available.Please run the montecarlo simulation at least once.
2025-01-13T19:41:30.4360780Z 
2025-01-13T19:41:30.4360950Z tardis/transport/montecarlo/tests/test_vpacket.py::test_trace_vpacket_volley
2025-01-13T19:41:30.4361330Z   <string>:3: NumbaPendingDeprecationWarning:
2025-01-13T19:41:30.4361520Z   
2025-01-13T19:41:30.4362480Z   [1m[1mCode using Numba extension API maybe depending on 'old_style' error-capturing, which is deprecated and will be replaced by 'new_style' in a future release. See details at https://numba.readthedocs.io/en/latest/reference/deprecation.html#deprecation-of-old-style-numba-captured-errors
2025-01-13T19:41:30.4363280Z   Exception origin:
2025-01-13T19:41:30.4363570Z     File "/Users/runner/micromamba/envs/tardis/lib/python3.12/inspect.py", line 3180, in _bind
2025-01-13T19:41:30.4363900Z       raise TypeError(msg) from None
2025-01-13T19:41:30.4364090Z   [0m[0m
2025-01-13T19:41:30.4364160Z 
2025-01-13T19:41:30.4364420Z tardis/visualization/tools/tests/test_sdec_plot.py::TestSDECPlotter::test_mpl_image[plotter_generate_plot_mpl4]
2025-01-13T19:41:30.4364970Z   /Users/runner/work/tardis/tardis/tardis/visualization/tools/sdec_plot.py:1225: RuntimeWarning:
2025-01-13T19:41:30.4365300Z   
2025-01-13T19:41:30.4366040Z   More than 20 figures have been opened. Figures created through the pyplot interface (`matplotlib.pyplot.figure`) are retained until explicitly closed and may consume too much memory. (To control this warning, see the rcParam `figure.max_open_warning`). Consider using `matplotlib.pyplot.close()`.
2025-01-13T19:41:30.4366760Z 
2025-01-13T19:41:30.4367050Z tardis/visualization/widgets/tests/test_custom_abundance.py::TestCustomAbundanceWidget::test_update_input_item_value
2025-01-13T19:41:30.4367660Z tardis/visualization/widgets/tests/test_custom_abundance.py::TestCustomAbundanceWidget::test_update_input_item_value
2025-01-13T19:41:30.4368280Z tardis/visualization/widgets/tests/test_custom_abundance.py::TestCustomAbundanceWidget::test_update_input_item_value
2025-01-13T19:41:30.4368890Z tardis/visualization/widgets/tests/test_custom_abundance.py::TestCustomAbundanceWidget::test_update_input_item_value
2025-01-13T19:41:30.4369670Z tardis/visualization/widgets/tests/test_custom_abundance.py::TestCustomAbundanceWidget::test_update_input_item_value
2025-01-13T19:41:30.4370460Z tardis/visualization/widgets/tests/test_custom_abundance.py::TestCustomAbundanceWidget::test_update_input_item_value
2025-01-13T19:41:30.4371080Z   /Users/runner/micromamba/envs/tardis/lib/python3.12/site-packages/traitlets/traitlets.py:1385: DeprecationWarning:
2025-01-13T19:41:30.4371470Z   
2025-01-13T19:41:30.4371680Z   Passing unrecognized arguments to super(Checkbox).__init__(icon='lock').
2025-01-13T19:41:30.4372030Z   object.__init__() takes exactly one argument (the instance to initialize)
2025-01-13T19:41:30.4372420Z   This is deprecated in traitlets 4.2.This error will be raised in a future release of traitlets.
2025-01-13T19:41:30.4372680Z 
2025-01-13T19:41:30.4372960Z tardis/visualization/widgets/tests/test_custom_abundance.py::TestCustomAbundanceWidget::test_update_input_item_value
2025-01-13T19:41:30.4373570Z tardis/visualization/widgets/tests/test_custom_abundance.py::TestCustomAbundanceWidget::test_update_input_item_value
2025-01-13T19:41:30.4374190Z   /Users/runner/micromamba/envs/tardis/lib/python3.12/site-packages/traitlets/traitlets.py:1385: DeprecationWarning:
2025-01-13T19:41:30.4374580Z   
2025-01-13T19:41:30.4374780Z   Passing unrecognized arguments to super(FloatText).__init__(min=0).
2025-01-13T19:41:30.4375130Z   object.__init__() takes exactly one argument (the instance to initialize)
2025-01-13T19:41:30.4375520Z   This is deprecated in traitlets 4.2.This error will be raised in a future release of traitlets.
2025-01-13T19:41:30.4375780Z 
2025-01-13T19:41:30.4376050Z tardis/visualization/widgets/tests/test_custom_abundance.py::TestCustomAbundanceWidget::test_update_input_item_value
2025-01-13T19:41:30.4376670Z   /Users/runner/micromamba/envs/tardis/lib/python3.12/site-packages/traitlets/traitlets.py:1385: DeprecationWarning:
2025-01-13T19:41:30.4377060Z   
2025-01-13T19:41:30.4377260Z   Passing unrecognized arguments to super(HTML).__init__(indent=True).
2025-01-13T19:41:30.4377660Z   object.__init__() takes exactly one argument (the instance to initialize)
2025-01-13T19:41:30.4378060Z   This is deprecated in traitlets 4.2.This error will be raised in a future release of traitlets.
2025-01-13T19:41:30.4378310Z 
2025-01-13T19:41:30.4378650Z tardis/visualization/widgets/tests/test_line_info.py::TestLineInfoWidgetData::test_get_species_interactions[wavelength_range0-packet_out_nu]
2025-01-13T19:41:30.4379320Z   /Users/runner/micromamba/envs/tardis/lib/python3.12/site-packages/qgridnext/grid.py:825: DeprecationWarning:
2025-01-13T19:41:30.4379690Z   
2025-01-13T19:41:30.4379970Z   QgridWidget._grid_options_changed is deprecated in traitlets 4.1: use @observe and @unobserve instead.
2025-01-13T19:41:30.4380250Z 
2025-01-13T19:41:30.4380450Z tardis/visualization/widgets/tests/test_shell_info.py::TestHDFShellInfo::test_shells_data
2025-01-13T19:41:30.4380890Z   /Users/runner/work/tardis/tardis/tardis/io/util.py:289: PerformanceWarning:
2025-01-13T19:41:30.4381240Z   
2025-01-13T19:41:30.4381360Z   
2025-01-13T19:41:30.4381590Z   your performance may suffer as PyTables will pickle object types that it cannot
2025-01-13T19:41:30.4382020Z   map directly to c-types [inferred_type->mixed,key->block0_values] [items->Index([0], dtype='int64')]
2025-01-13T19:41:30.4382290Z 
2025-01-13T19:41:30.4382490Z tardis/visualization/widgets/tests/test_shell_info.py::TestHDFShellInfo::test_shells_data
2025-01-13T19:41:30.4382950Z   /Users/runner/work/tardis/tardis/tardis/io/util.py:292: PerformanceWarning:
2025-01-13T19:41:30.4383220Z   
2025-01-13T19:41:30.4383330Z   
2025-01-13T19:41:30.4383540Z   your performance may suffer as PyTables will pickle object types that it cannot
2025-01-13T19:41:30.4383910Z   map directly to c-types [inferred_type->mixed,key->values] [items->None]
2025-01-13T19:41:30.4384120Z 
2025-01-13T19:41:30.4384330Z tardis/visualization/widgets/tests/test_shell_info.py::TestHDFShellInfo::test_shells_data
2025-01-13T19:41:30.4384800Z   /Users/runner/work/tardis/tardis/tardis/spectrum/formal_integral.py:398: UserWarning:
2025-01-13T19:41:30.4385320Z   
2025-01-13T19:41:30.4385530Z   The number of interpolate_shells was not specified. The value was set to 80.
2025-01-13T19:41:30.4385750Z 
2025-01-13T19:41:30.4385900Z -- Docs: https://docs.pytest.org/en/stable/how-to/capture-warnings.html
2025-01-13T19:41:30.4386110Z 
2025-01-13T19:41:30.4386250Z ---------- coverage: platform darwin, python 3.12.4-final-0 ----------
2025-01-13T19:41:30.4386530Z Coverage HTML written to dir coverage_html_report
2025-01-13T19:41:30.4386760Z Coverage XML written to file coverage.xml
2025-01-13T19:41:30.4386900Z 
2025-01-13T19:41:30.4387000Z =========================== short test summary info ============================
2025-01-13T19:41:30.4387760Z FAILED tardis/opacities/tests/test_tau_sobolev.py::test_calculate_sobolev_line_opacity - FileNotFoundError: File /Users/runner/work/tardis/tardis/tardis-regression-data/test_tau_sobolev/test_calculate_sobolev_line_opacity.h5 does not exist
2025-01-13T19:41:30.4388970Z FAILED tardis/opacities/tests/test_tau_sobolev.py::test_calculate_beta_sobolevs - FileNotFoundError: [Errno 2] No such file or directory: '/Users/runner/work/tardis/tardis/tardis-regression-data/test_tau_sobolev/test_calculate_beta_sobolevs.npy'
2025-01-13T19:41:30.4389790Z = 2 failed, 1436 passed, 329 skipped, 2 deselected, 19 xfailed, 8 xpassed, 91 warnings in 838.89s (0:13:58) =
2025-01-13T19:41:32.2440080Z ##[error]Process completed with exit code 1.
