2025-01-20T14:09:45.9383910Z ##[group]Run pytest tardis --tardis-regression-data=/Users/runner/work/tardis/tardis/tardis-regression-data --cov=tardis --cov-report=xml --cov-report=html --cov-append -m "not continuum"
2025-01-20T14:09:45.9384890Z [36;1mpytest tardis --tardis-regression-data=/Users/runner/work/tardis/tardis/tardis-regression-data --cov=tardis --cov-report=xml --cov-report=html --cov-append -m "not continuum"[0m
2025-01-20T14:09:45.9432700Z shell: /bin/bash -l {0}
2025-01-20T14:09:45.9432870Z env:
2025-01-20T14:09:45.9433000Z   CACHE_NUMBER: 0
2025-01-20T14:09:45.9433470Z   PYTEST_FLAGS: --tardis-regression-data=/Users/runner/work/tardis/tardis/tardis-regression-data --cov=tardis --cov-report=xml --cov-report=html --cov-append
2025-01-20T14:09:45.9433970Z   CODECOV_TOKEN: 
2025-01-20T14:09:45.9434140Z   MAMBA_ROOT_PREFIX: /Users/runner/micromamba
2025-01-20T14:09:45.9434380Z   MAMBA_EXE: /Users/runner/micromamba-bin/micromamba
2025-01-20T14:09:45.9434650Z   CONDARC: /Users/runner/work/_temp/setup-micromamba/.condarc
2025-01-20T14:09:45.9434930Z ##[endgroup]
2025-01-20T14:09:59.1613740Z ============================= test session starts ==============================
2025-01-20T14:09:59.1614270Z platform darwin -- Python 3.12.4, pytest-8.2.2, pluggy-1.5.0
2025-01-20T14:09:59.1614650Z rootdir: /Users/runner/work/tardis/tardis
2025-01-20T14:09:59.1614920Z configfile: pyproject.toml
2025-01-20T14:09:59.1615290Z plugins: cov-5.0.0, html-4.1.1, metadata-3.1.1, doctestplus-1.2.1, anyio-4.4.0
2025-01-20T14:09:59.1616220Z collected 1796 items / 2 deselected / 1794 selected
2025-01-20T14:09:59.1616450Z 
2025-01-20T14:10:02.0503540Z tardis/energy_input/tests/test_energy_source.py ..xxx                    [  0%]
2025-01-20T14:10:03.5052120Z tardis/energy_input/tests/test_gamma_ray_channel.py ...........          [  0%]
2025-01-20T14:10:04.6204300Z tardis/energy_input/tests/test_gamma_ray_grid.py xx.                     [  1%]
2025-01-20T14:10:05.7874860Z tardis/energy_input/tests/test_gamma_ray_interactions.py xx....          [  1%]
2025-01-20T14:10:05.7936050Z tardis/energy_input/tests/test_gamma_ray_packet_source.py sssssssss      [  1%]
2025-01-20T14:10:06.6695910Z tardis/energy_input/tests/test_util.py .....xxxx.....                    [  2%]
2025-01-20T14:10:06.9122500Z tardis/grid/tests/test_grid.py .                                         [  2%]
2025-01-20T14:10:06.9132800Z tardis/gui/tests/test_gui.py s                                           [  2%]
2025-01-20T14:10:09.8076890Z tardis/io/configuration/tests/test_config_reader.py ...........          [  3%]
2025-01-20T14:10:09.8178540Z tardis/io/configuration/tests/test_configuration_namespace.py .........  [  3%]
2025-01-20T14:10:09.8380650Z tardis/io/logger/tests/test_logging.py ssssssssssssssssssssssssssss      [  5%]
2025-01-20T14:10:38.1920720Z tardis/io/model/readers/tests/test_arepo_parser.py ..                    [  5%]
2025-01-20T14:10:38.2067030Z tardis/io/model/readers/tests/test_ascii_readers.py ...                  [  5%]
2025-01-20T14:10:38.2148680Z tardis/io/model/readers/tests/test_cmfgen_reader.py ..                   [  5%]
2025-01-20T14:10:38.2373460Z tardis/io/model/readers/tests/test_csvy_reader.py ....                   [  6%]
2025-01-20T14:10:38.2527340Z tardis/io/model/readers/tests/test_stella_reader.py ..                   [  6%]
2025-01-20T14:10:38.4805320Z tardis/io/tests/test_HDFWriter.py ...............                        [  7%]
2025-01-20T14:10:38.8882130Z tardis/io/tests/test_atomic.py .....                                     [  7%]
2025-01-20T14:10:38.9049580Z tardis/io/tests/test_decay.py ..                                         [  7%]
2025-01-20T14:10:39.0369880Z tardis/io/tests/test_model_reader.py ......                              [  7%]
2025-01-20T14:10:39.0413160Z tardis/model/geometry/tests/test_radial1d.py ..                          [  7%]
2025-01-20T14:11:04.6883270Z tardis/model/tests/test_base.py ........................................ [ 10%]
2025-01-20T14:11:05.3637710Z ............                                                             [ 10%]
2025-01-20T14:11:07.5254230Z tardis/model/tests/test_csvy_model.py .........                          [ 11%]
2025-01-20T14:11:07.5586090Z tardis/model/tests/test_density.py ..                                    [ 11%]
2025-01-20T14:11:08.6036530Z tardis/opacities/tests/test_opacity_solver.py .....                      [ 11%]
2025-01-20T14:11:09.5433480Z tardis/opacities/tests/test_opacity_state_numba.py .....                 [ 11%]
2025-01-20T14:11:11.2303980Z tardis/opacities/tests/test_tau_sobolev.py ..                            [ 12%]
2025-01-20T14:11:13.7448350Z tardis/plasma/equilibrium/tests/test_collisional_transitions.py ...      [ 12%]
2025-01-20T14:11:54.9743890Z tardis/plasma/equilibrium/tests/test_level_populations.py ....           [ 12%]
2025-01-20T14:12:09.3432970Z tardis/plasma/equilibrium/tests/test_rate_matrix.py F                    [ 12%]
2025-01-20T14:12:11.2675790Z tardis/plasma/tests/test_complete_plasmas.py ..............s......s..... [ 13%]
2025-01-20T14:12:14.6553550Z s....ssssss............s......s.....ss.....s....ssssss............s..... [ 18%]
2025-01-20T14:12:16.3409270Z .s.....ss.....s....ssssss............s......s.....ss.....s....ssssss.... [ 22%]
2025-01-20T14:12:19.9327200Z ........s......s.....ss.....s....ssssss............s......s.....ss.....s [ 26%]
2025-01-20T14:12:23.0574880Z ....ssssss............s......s.....ss.....s....ssssss............s...... [ 30%]
2025-01-20T14:12:23.8681910Z s.....ss.....s....ssssss............s......s.....ss.....s.ss.ssssss..... [ 34%]
2025-01-20T14:12:26.9225240Z .......s......s.....ss.....s....ssssss............s......s.....ss.....s. [ 38%]
2025-01-20T14:12:30.6383980Z ...ssssss............s......s.....ss.....s....ssssss............s......s [ 42%]
2025-01-20T14:12:33.6187890Z .....ss.....s....ssssss............s......s.....s...........ssssss...... [ 46%]
2025-01-20T14:12:35.8650120Z ......s......s.....s...........ssssss............s......s.....s......... [ 50%]
2025-01-20T14:12:39.4211030Z ..ssssss............s......s.....ss.....s....ssssss............s......s. [ 54%]
2025-01-20T14:12:43.0109520Z ....ss.....s....ssssss...................s......s.....s....ssss......... [ 58%]
2025-01-20T14:12:43.3307340Z ............s......s.....s....ssss.......                                [ 60%]
2025-01-20T14:12:43.8471550Z tardis/plasma/tests/test_hdf_plasma.py ................................. [ 62%]
2025-01-20T14:12:43.8573800Z ......                                                                   [ 62%]
2025-01-20T14:12:44.1936410Z tardis/plasma/tests/test_nlte_excitation.py ...                          [ 62%]
2025-01-20T14:15:08.0821320Z tardis/plasma/tests/test_nlte_solver.py .....X                           [ 63%]
2025-01-20T14:15:08.0992940Z tardis/plasma/tests/test_plasma_continuum.py .                           [ 63%]
2025-01-20T14:15:38.6340500Z tardis/plasma/tests/test_plasma_vboundary.py .............               [ 63%]
2025-01-20T14:15:55.3325470Z tardis/plasma/tests/test_tardis_model_density_config.py ...              [ 64%]
2025-01-20T14:15:56.1451400Z tardis/simulation/tests/test_convergence.py .....                        [ 64%]
2025-01-20T14:16:04.3401320Z tardis/simulation/tests/test_simulation.py .............                 [ 65%]
2025-01-20T14:16:04.3510450Z tardis/spectrum/tests/test_cuda_formal_integral.py sssssssssssssssssssss [ 66%]
2025-01-20T14:16:04.7479670Z ssss...ssssssssssssssssssssss                                            [ 67%]
2025-01-20T14:16:04.7580060Z tardis/spectrum/tests/test_luminosity.py ....                            [ 68%]
2025-01-20T14:16:05.7449110Z tardis/spectrum/tests/test_numba_formal_integral.py .................... [ 69%]
2025-01-20T14:16:05.7566280Z ..........                                                               [ 69%]
2025-01-20T14:16:05.8836640Z tardis/spectrum/tests/test_spectrum.py ................................. [ 71%]
2025-01-20T14:16:05.9056660Z .........                                                                [ 72%]
2025-01-20T14:16:33.0752860Z tardis/spectrum/tests/test_spectrum_solver.py ....                       [ 72%]
2025-01-20T14:17:30.1980200Z tardis/tests/test_tardis_full.py ....                                    [ 72%]
2025-01-20T14:19:00.1548110Z tardis/tests/test_tardis_full_formal_integral.py ................        [ 73%]
2025-01-20T14:19:00.2007030Z tardis/tests/test_util.py .............................................  [ 75%]
2025-01-20T14:19:02.2405550Z tardis/transport/montecarlo/tests/test_base.py x.....................    [ 77%]
2025-01-20T14:19:06.6050340Z tardis/transport/montecarlo/tests/test_interaction.py .......            [ 77%]
2025-01-20T14:19:06.7385510Z tardis/transport/montecarlo/tests/test_macro_atom.py ....                [ 77%]
2025-01-20T14:19:06.7476410Z tardis/transport/montecarlo/tests/test_montecarlo.py sssssssssssssssssss [ 78%]
2025-01-20T14:19:06.7689640Z sssssssssssssssssssssssssssssssssssssssssssss                            [ 81%]
2025-01-20T14:19:13.4862870Z tardis/transport/montecarlo/tests/test_montecarlo_main_loop.py x..       [ 81%]
2025-01-20T14:19:13.4975680Z tardis/transport/montecarlo/tests/test_nonhomologous.py ...              [ 81%]
2025-01-20T14:19:15.3159690Z tardis/transport/montecarlo/tests/test_numba_interface.py .....x.        [ 82%]
2025-01-20T14:19:15.6342990Z tardis/transport/montecarlo/tests/test_opacities.py ...............      [ 82%]
2025-01-20T14:19:16.2903130Z tardis/transport/montecarlo/tests/test_packet.py .................xXXXXX [ 84%]
2025-01-20T14:19:16.3757300Z XX.........                                                              [ 84%]
2025-01-20T14:19:16.3978870Z tardis/transport/montecarlo/tests/test_packet_source.py ........         [ 85%]
2025-01-20T14:19:16.5884110Z tardis/transport/montecarlo/tests/test_rpacket_last_interaction_tracker.py . [ 85%]
2025-01-20T14:19:16.8291330Z .....                                                                    [ 85%]
2025-01-20T14:19:25.2415860Z tardis/transport/montecarlo/tests/test_rpacket_tracker.py ......         [ 85%]
2025-01-20T14:19:25.2601760Z tardis/transport/montecarlo/tests/test_single_packet_loop.py xxx         [ 86%]
2025-01-20T14:19:25.2643850Z tardis/transport/montecarlo/tests/test_tracker_utils.py ..               [ 86%]
2025-01-20T14:19:26.3835470Z tardis/transport/montecarlo/tests/test_vpacket.py ..x.                   [ 86%]
2025-01-20T14:19:26.3957210Z tardis/transport/montecarlo/tests/test_weighted_packet_source.py ....    [ 86%]
2025-01-20T14:19:28.8136520Z tardis/transport/montecarlo/tests/test_weighted_packet_source_integration.py . [ 86%]
2025-01-20T14:19:28.8137950Z                                                                          [ 86%]
2025-01-20T14:19:29.2930000Z tardis/transport/tests/test_doppler_factor.py ..................         [ 87%]
2025-01-20T14:19:30.7656020Z tardis/visualization/tools/tests/test_convergence_plot.py .............. [ 88%]
2025-01-20T14:19:32.3528300Z ......                                                                   [ 88%]
2025-01-20T14:19:35.8039870Z tardis/visualization/tools/tests/test_liv_plot.py ...................... [ 90%]
2025-01-20T14:19:39.1732360Z .............................                                            [ 91%]
2025-01-20T14:19:41.8557540Z tardis/visualization/tools/tests/test_rpacket_plot.py .................. [ 92%]
2025-01-20T14:19:48.5057530Z ....                                                                     [ 92%]
2025-01-20T14:19:52.5925480Z tardis/visualization/tools/tests/test_sdec_plot.py ..................... [ 94%]
2025-01-20T14:19:58.4576970Z ..............................                                           [ 95%]
2025-01-20T14:19:58.7825060Z tardis/visualization/widgets/tests/test_custom_abundance.py ........ss.. [ 96%]
2025-01-20T14:19:58.8197950Z ....                                                                     [ 96%]
2025-01-20T14:19:59.5167460Z tardis/visualization/widgets/tests/test_line_info.py ................... [ 97%]
2025-01-20T14:19:59.9838530Z ..................                                                       [ 98%]
2025-01-20T14:23:07.6241070Z tardis/visualization/widgets/tests/test_shell_info.py .................. [ 99%]
2025-01-20T14:23:13.7128680Z ......                                                                   [100%]
2025-01-20T14:23:13.7129000Z 
2025-01-20T14:23:13.7129140Z =================================== FAILURES ===================================
2025-01-20T14:23:13.7129580Z ___ test_rate_matrix_solver[collisional_rate_solver0-radiative_transitions0] ___
2025-01-20T14:23:13.7130040Z 
2025-01-20T14:23:13.7130260Z new_chianti_atomic_dataset_si = <Atomic Data UUID=None MD5=None Lines=548387 Levels=26579>
2025-01-20T14:23:13.7131310Z rate_solver_list = [(<tardis.plasma.equilibrium.rates.radiative_rates.RadiativeRatesSolver object at 0x3058e9ca0>, 'radiative'), (<tardis.plasma.equilibrium.rates.collisional_rates.ThermalCollisionalRateSolver object at 0x3058eae40>, 'electron')]
2025-01-20T14:23:13.7132720Z collisional_simulation_state = <tardis.model.base.SimulationState object at 0x34d321d90>
2025-01-20T14:23:13.7133250Z regression_data = <tardis.tests.fixtures.regression_data.RegressionData object at 0x3058e85c0>
2025-01-20T14:23:13.7133590Z 
2025-01-20T14:23:13.7133710Z     def test_rate_matrix_solver(
2025-01-20T14:23:13.7133940Z         new_chianti_atomic_dataset_si,
2025-01-20T14:23:13.7134220Z         rate_solver_list,
2025-01-20T14:23:13.7134460Z         collisional_simulation_state,
2025-01-20T14:23:13.7134680Z         regression_data,
2025-01-20T14:23:13.7136760Z     ):
2025-01-20T14:23:13.7136990Z         rate_matrix_solver = RateMatrix(
2025-01-20T14:23:13.7137310Z             rate_solver_list, new_chianti_atomic_dataset_si.levels
2025-01-20T14:23:13.7137620Z         )
2025-01-20T14:23:13.7137780Z     
2025-01-20T14:23:13.7138010Z         rad_field = DilutePlanckianRadiationField(
2025-01-20T14:23:13.7138290Z             collisional_simulation_state.t_radiative,
2025-01-20T14:23:13.7138690Z             dilution_factor=np.zeros_like(collisional_simulation_state.t_radiative),
2025-01-20T14:23:13.7139020Z         )
2025-01-20T14:23:13.7139280Z         electron_dist = ThermalElectronEnergyDistribution(
2025-01-20T14:23:13.7140110Z             0, collisional_simulation_state.t_radiative, 1e6 * u.g / u.cm**3
2025-01-20T14:23:13.7140400Z         )
2025-01-20T14:23:13.7140610Z     
2025-01-20T14:23:13.7140830Z         actual = rate_matrix_solver.solve(rad_field, electron_dist)
2025-01-20T14:23:13.7141150Z     
2025-01-20T14:23:13.7141350Z >       expected = regression_data.sync_dataframe(actual)
2025-01-20T14:23:13.7141590Z 
2025-01-20T14:23:13.7141750Z tardis/plasma/equilibrium/tests/test_rate_matrix.py:34: 
2025-01-20T14:23:13.7142070Z _ _ _ _ _ _ _ _ _ _ _ _ _ _ _ _ _ _ _ _ _ _ _ _ _ _ _ _ _ _ _ _ _ _ _ _ _ _ _ _ 
2025-01-20T14:23:13.7142440Z tardis/tests/fixtures/regression_data.py:88: in sync_dataframe
2025-01-20T14:23:13.7142760Z     return pd.read_hdf(self.fpath, key=key)
2025-01-20T14:23:13.7143200Z ../../../micromamba/envs/tardis/lib/python3.12/site-packages/pandas/io/pytables.py:452: in read_hdf
2025-01-20T14:23:13.7143940Z     return store.select(
2025-01-20T14:23:13.7144330Z ../../../micromamba/envs/tardis/lib/python3.12/site-packages/pandas/io/pytables.py:906: in select
2025-01-20T14:23:13.7144740Z     return it.get_result()
2025-01-20T14:23:13.7145190Z ../../../micromamba/envs/tardis/lib/python3.12/site-packages/pandas/io/pytables.py:2029: in get_result
2025-01-20T14:23:13.7145640Z     results = self.func(self.start, self.stop, where)
2025-01-20T14:23:13.7146090Z ../../../micromamba/envs/tardis/lib/python3.12/site-packages/pandas/io/pytables.py:890: in func
2025-01-20T14:23:13.7146640Z     return s.read(start=_start, stop=_stop, where=_where, columns=columns)
2025-01-20T14:23:13.7147110Z ../../../micromamba/envs/tardis/lib/python3.12/site-packages/pandas/io/pytables.py:3292: in read
2025-01-20T14:23:13.7147620Z     values = self.read_array(f"block{i}_values", start=_start, stop=_stop)
2025-01-20T14:23:13.7148110Z ../../../micromamba/envs/tardis/lib/python3.12/site-packages/pandas/io/pytables.py:2956: in read_array
2025-01-20T14:23:13.7153990Z     ret = node[0][start:stop]
2025-01-20T14:23:13.7154400Z ../../../micromamba/envs/tardis/lib/python3.12/site-packages/tables/vlarray.py:662: in __getitem__
2025-01-20T14:23:13.7154840Z     return self.read(start, stop, step)[0]
2025-01-20T14:23:13.7155250Z ../../../micromamba/envs/tardis/lib/python3.12/site-packages/tables/vlarray.py:806: in read
2025-01-20T14:23:13.7155690Z     outlistarr = [atom.fromarray(arr) for arr in listarr]
2025-01-20T14:23:13.7156040Z _ _ _ _ _ _ _ _ _ _ _ _ _ _ _ _ _ _ _ _ _ _ _ _ _ _ _ _ _ _ _ _ _ _ _ _ _ _ _ _ 
2025-01-20T14:23:13.7156260Z 
2025-01-20T14:23:13.7156340Z self = ObjectAtom()
2025-01-20T14:23:13.7156630Z array = array([128,   5, 149, ..., 148,  98,  46], dtype=uint8)
2025-01-20T14:23:13.7156880Z 
2025-01-20T14:23:13.7156950Z     def fromarray(self, array):
2025-01-20T14:23:13.7157260Z         # We have to check for an empty array because of a possible
2025-01-20T14:23:13.7157600Z         # bug in HDF5 which makes it claim that a dataset has one
2025-01-20T14:23:13.7157940Z         # record when in fact it is empty.
2025-01-20T14:23:13.7158240Z         if array.size == 0:
2025-01-20T14:23:13.7158590Z             return None
2025-01-20T14:23:13.7158880Z >       return pickle.loads(array.tobytes())
2025-01-20T14:23:13.7159220Z E       ModuleNotFoundError: No module named 'numpy._core.numeric'
2025-01-20T14:23:13.7159500Z 
2025-01-20T14:23:13.7159780Z ../../../micromamba/envs/tardis/lib/python3.12/site-packages/tables/atom.py:1181: ModuleNotFoundError
2025-01-20T14:23:13.7160530Z ------------------------------ Captured log setup ------------------------------
2025-01-20T14:23:13.7161310Z WARNING  tardis.io.model.parse_density_configuration:parse_density_configuration.py:114 Number of density points larger than number of shells. Assuming inner point irrelevant
2025-01-20T14:23:13.7161940Z =============================== warnings summary ===============================
2025-01-20T14:23:13.7162310Z tardis/io/configuration/config_validator.py:6
2025-01-20T14:23:13.7162580Z tardis/io/configuration/config_validator.py:6
2025-01-20T14:23:13.7163070Z   /Users/runner/work/tardis/tardis/tardis/io/configuration/config_validator.py:6: DeprecationWarning:
2025-01-20T14:23:13.7163560Z   
2025-01-20T14:23:13.7164710Z   jsonschema.RefResolver is deprecated as of v4.18.0, in favor of the https://github.com/python-jsonschema/referencing library, which provides more compliant referencing behavior as well as more flexible APIs for customization. A future release will remove RefResolver. Please file a feature request (on referencing) if you are missing an API for the kind of customization you need.
2025-01-20T14:23:13.7165760Z 
2025-01-20T14:23:13.7165950Z ../../../micromamba/envs/tardis/lib/python3.12/site-packages/jupyter_client/connect.py:22
2025-01-20T14:23:13.7166630Z   /Users/runner/micromamba/envs/tardis/lib/python3.12/site-packages/jupyter_client/connect.py:22: DeprecationWarning:
2025-01-20T14:23:13.7167120Z   
2025-01-20T14:23:13.7167430Z   Jupyter is migrating its paths to use standard platformdirs
2025-01-20T14:23:13.7167770Z   given by the platformdirs library.  To remove this warning and
2025-01-20T14:23:13.7168180Z   see the appropriate new directories, set the environment variable
2025-01-20T14:23:13.7168530Z   `JUPYTER_PLATFORM_DIRS=1` and then run `jupyter --paths`.
2025-01-20T14:23:13.7169010Z   The use of platformdirs will be the default in `jupyter_core` v6
2025-01-20T14:23:13.7169200Z 
2025-01-20T14:23:13.7169360Z tardis/transport/montecarlo/tests/test_montecarlo.py:557
2025-01-20T14:23:13.7169950Z   /Users/runner/work/tardis/tardis/tardis/transport/montecarlo/tests/test_montecarlo.py:557: PytestUnknownMarkWarning:
2025-01-20T14:23:13.7170400Z   
2025-01-20T14:23:13.7170880Z   Unknown pytest.mark.continuumtest - is this a typo?  You can register custom marks to avoid this warning - for details, see https://docs.pytest.org/en/stable/how-to/mark.html
2025-01-20T14:23:13.7171400Z 
2025-01-20T14:23:13.7171550Z tardis/transport/montecarlo/tests/test_montecarlo.py:584
2025-01-20T14:23:13.7172340Z   /Users/runner/work/tardis/tardis/tardis/transport/montecarlo/tests/test_montecarlo.py:584: PytestUnknownMarkWarning:
2025-01-20T14:23:13.7172900Z   
2025-01-20T14:23:13.7173450Z   Unknown pytest.mark.continuumtest - is this a typo?  You can register custom marks to avoid this warning - for details, see https://docs.pytest.org/en/stable/how-to/mark.html
2025-01-20T14:23:13.7174000Z 
2025-01-20T14:23:13.7174190Z tardis/transport/montecarlo/tests/test_montecarlo.py:605
2025-01-20T14:23:13.7174790Z   /Users/runner/work/tardis/tardis/tardis/transport/montecarlo/tests/test_montecarlo.py:605: PytestUnknownMarkWarning:
2025-01-20T14:23:13.7175400Z   
2025-01-20T14:23:13.7175970Z   Unknown pytest.mark.continuumtest - is this a typo?  You can register custom marks to avoid this warning - for details, see https://docs.pytest.org/en/stable/how-to/mark.html
2025-01-20T14:23:13.7176500Z 
2025-01-20T14:23:13.7194570Z tardis/io/tests/test_HDFWriter.py::test_multi_index_write
2025-01-20T14:23:13.7195080Z tardis/visualization/widgets/tests/test_shell_info.py::TestHDFShellInfo::test_shells_data
2025-01-20T14:23:13.7195740Z   /Users/runner/work/tardis/tardis/tardis/io/util.py:276: PerformanceWarning:
2025-01-20T14:23:13.7196140Z   
2025-01-20T14:23:13.7196410Z   
2025-01-20T14:23:13.7196720Z   your performance may suffer as PyTables will pickle object types that it cannot
2025-01-20T14:23:13.7197500Z   map directly to c-types [inferred_type->mixed,key->block0_values] [items->Index([0], dtype='int64')]
2025-01-20T14:23:13.7197780Z 
2025-01-20T14:23:13.7198010Z tardis/io/tests/test_model_reader.py::test_read_cmfgen_isotope_abundances
2025-01-20T14:23:13.7198480Z tardis/plasma/tests/test_tardis_model_density_config.py::test_electron_densities
2025-01-20T14:23:13.7199070Z tardis/plasma/tests/test_tardis_model_density_config.py::test_isotope_number_densities
2025-01-20T14:23:13.7199570Z tardis/plasma/tests/test_tardis_model_density_config.py::test_t_rad
2025-01-20T14:23:13.7200070Z   /Users/runner/work/tardis/tardis/tardis/io/model/readers/cmfgen_deprecated.py:82: DeprecationWarning:
2025-01-20T14:23:13.7200600Z   
2025-01-20T14:23:13.7200880Z   The current CMFGEN model parser is deprecated
2025-01-20T14:23:13.7201160Z 
2025-01-20T14:23:13.7201320Z tardis/io/tests/test_model_reader.py: 1 warning
2025-01-20T14:23:13.7201670Z tardis/plasma/tests/test_tardis_model_density_config.py: 9 warnings
2025-01-20T14:23:13.7202240Z   /Users/runner/work/tardis/tardis/tardis/io/model/readers/cmfgen_deprecated.py:40: DeprecationWarning:
2025-01-20T14:23:13.7202600Z   
2025-01-20T14:23:13.7202810Z   The current CMFGEN model parser is deprecated
2025-01-20T14:23:13.7202990Z 
2025-01-20T14:23:13.7203160Z tardis/model/tests/test_base.py::TestModelFromPaper1Config::test_abundances
2025-01-20T14:23:13.7203740Z   /Users/runner/work/tardis/tardis/tardis/transport/montecarlo/montecarlo_main_loop.py:123: NumbaTypeSafetyWarning:
2025-01-20T14:23:13.7204190Z   
2025-01-20T14:23:13.7205350Z   [1m[1m[1munsafe cast from uint64 to int64. Precision may be lost.[0m[0m[0m
2025-01-20T14:23:13.7205580Z 
2025-01-20T14:23:13.7205700Z tardis/model/tests/test_base.py: 6 warnings
2025-01-20T14:23:13.7206000Z tardis/model/tests/test_csvy_model.py: 2 warnings
2025-01-20T14:23:13.7206400Z tardis/plasma/tests/test_tardis_model_density_config.py: 3 warnings
2025-01-20T14:23:13.7206870Z   /Users/runner/work/tardis/tardis/tardis/model/geometry/radial1d.py:50: DeprecationWarning:
2025-01-20T14:23:13.7207250Z   
2025-01-20T14:23:13.7207590Z   v_inner_boundary < 0, assuming default value
2025-01-20T14:23:13.7207780Z 
2025-01-20T14:23:13.7207860Z tardis/model/tests/test_base.py: 6 warnings
2025-01-20T14:23:13.7208200Z tardis/model/tests/test_csvy_model.py: 2 warnings
2025-01-20T14:23:13.7208590Z tardis/plasma/tests/test_tardis_model_density_config.py: 3 warnings
2025-01-20T14:23:13.7209170Z   /Users/runner/work/tardis/tardis/tardis/model/geometry/radial1d.py:61: DeprecationWarning:
2025-01-20T14:23:13.7209580Z   
2025-01-20T14:23:13.7210210Z   v_outer_boundary < 0, assuming default value
2025-01-20T14:23:13.7210370Z 
2025-01-20T14:23:13.7210820Z tardis/plasma/equilibrium/tests/test_level_populations.py::TestLevelPopulationSolver::test_solve[collisional_rate_solver0-radiative_transitions0]
2025-01-20T14:23:13.7211570Z   /Users/runner/work/tardis/tardis/tardis/plasma/equilibrium/level_populations.py:65: FutureWarning:
2025-01-20T14:23:13.7211980Z   
2025-01-20T14:23:13.7212380Z   A value is trying to be set on a copy of a DataFrame or Series through chained assignment using an inplace method.
2025-01-20T14:23:13.7213080Z   The behavior will change in pandas 3.0. This inplace method will never work because the intermediate object on which we are setting values always behaves as a copy.
2025-01-20T14:23:13.7213670Z   
2025-01-20T14:23:13.7214250Z   For example, when doing 'df[col].method(value, inplace=True)', try using 'df.method({col: value}, inplace=True)' or df[col] = df[col].method(value) instead, to perform the operation inplace on the original object.
2025-01-20T14:23:13.7214830Z 
2025-01-20T14:23:13.7215060Z tardis/plasma/tests/test_plasma_vboundary.py::test_plasma_vboundary[2900-3750]
2025-01-20T14:23:13.7215550Z tardis/plasma/tests/test_plasma_vboundary.py::test_plasma_vboundary[2900-3850]
2025-01-20T14:23:13.7216060Z tardis/plasma/tests/test_plasma_vboundary.py::test_plasma_vboundary[2900-3900]
2025-01-20T14:23:13.7216570Z   /Users/runner/work/tardis/tardis/tardis/model/geometry/radial1d.py:71: UserWarning:
2025-01-20T14:23:13.7217080Z   
2025-01-20T14:23:13.7217420Z   Requesting inner boundary below inner shell. Extrapolating the inner cell
2025-01-20T14:23:13.7217710Z 
2025-01-20T14:23:13.7217880Z tardis/spectrum/tests/test_spectrum_solver.py::TestSpectrumSolver::test_solve
2025-01-20T14:23:13.7218380Z   /Users/runner/work/tardis/tardis/tardis/spectrum/base.py:70: UserWarning:
2025-01-20T14:23:13.7218740Z   
2025-01-20T14:23:13.7219230Z   SpectrumSolver.spectrum_virtual_packets is zero. Please run the montecarlo simulation with no_of_virtual_packets > 0
2025-01-20T14:23:13.7219640Z 
2025-01-20T14:23:13.7219810Z tardis/spectrum/tests/test_spectrum_solver.py::TestSpectrumSolver::test_solve
2025-01-20T14:23:13.7220320Z   /Users/runner/work/tardis/tardis/tardis/spectrum/base.py:111: UserWarning:
2025-01-20T14:23:13.7220680Z   
2025-01-20T14:23:13.7221120Z   SpectrumSolver.integrator: The FormalIntegrator is not yet available.Please run the montecarlo simulation at least once.
2025-01-20T14:23:13.7221500Z 
2025-01-20T14:23:13.7221750Z tardis/transport/montecarlo/tests/test_vpacket.py::test_trace_vpacket_volley
2025-01-20T14:23:13.7222270Z   <string>:3: NumbaPendingDeprecationWarning:
2025-01-20T14:23:13.7222540Z   
2025-01-20T14:23:13.7223600Z   [1m[1mCode using Numba extension API maybe depending on 'old_style' error-capturing, which is deprecated and will be replaced by 'new_style' in a future release. See details at https://numba.readthedocs.io/en/latest/reference/deprecation.html#deprecation-of-old-style-numba-captured-errors
2025-01-20T14:23:13.7224530Z   Exception origin:
2025-01-20T14:23:13.7224980Z     File "/Users/runner/micromamba/envs/tardis/lib/python3.12/inspect.py", line 3180, in _bind
2025-01-20T14:23:13.7225380Z       raise TypeError(msg) from None
2025-01-20T14:23:13.7225670Z   [0m[0m
2025-01-20T14:23:13.7225780Z 
2025-01-20T14:23:13.7226110Z tardis/visualization/tools/tests/test_sdec_plot.py::TestSDECPlotter::test_mpl_image[plotter_generate_plot_mpl4]
2025-01-20T14:23:13.7226800Z   /Users/runner/work/tardis/tardis/tardis/visualization/tools/sdec_plot.py:1225: RuntimeWarning:
2025-01-20T14:23:13.7227260Z   
2025-01-20T14:23:13.7228070Z   More than 20 figures have been opened. Figures created through the pyplot interface (`matplotlib.pyplot.figure`) are retained until explicitly closed and may consume too much memory. (To control this warning, see the rcParam `figure.max_open_warning`). Consider using `matplotlib.pyplot.close()`.
2025-01-20T14:23:13.7228890Z 
2025-01-20T14:23:13.7229220Z tardis/visualization/widgets/tests/test_custom_abundance.py::TestCustomAbundanceWidget::test_update_input_item_value
2025-01-20T14:23:13.7230230Z tardis/visualization/widgets/tests/test_custom_abundance.py::TestCustomAbundanceWidget::test_update_input_item_value
2025-01-20T14:23:13.7230960Z tardis/visualization/widgets/tests/test_custom_abundance.py::TestCustomAbundanceWidget::test_update_input_item_value
2025-01-20T14:23:13.7231690Z tardis/visualization/widgets/tests/test_custom_abundance.py::TestCustomAbundanceWidget::test_update_input_item_value
2025-01-20T14:23:13.7232420Z tardis/visualization/widgets/tests/test_custom_abundance.py::TestCustomAbundanceWidget::test_update_input_item_value
2025-01-20T14:23:13.7233150Z tardis/visualization/widgets/tests/test_custom_abundance.py::TestCustomAbundanceWidget::test_update_input_item_value
2025-01-20T14:23:13.7233850Z   /Users/runner/micromamba/envs/tardis/lib/python3.12/site-packages/traitlets/traitlets.py:1385: DeprecationWarning:
2025-01-20T14:23:13.7234350Z   
2025-01-20T14:23:13.7234660Z   Passing unrecognized arguments to super(Checkbox).__init__(icon='lock').
2025-01-20T14:23:13.7235080Z   object.__init__() takes exactly one argument (the instance to initialize)
2025-01-20T14:23:13.7235600Z   This is deprecated in traitlets 4.2.This error will be raised in a future release of traitlets.
2025-01-20T14:23:13.7235860Z 
2025-01-20T14:23:13.7236200Z tardis/visualization/widgets/tests/test_custom_abundance.py::TestCustomAbundanceWidget::test_update_input_item_value
2025-01-20T14:23:13.7237040Z tardis/visualization/widgets/tests/test_custom_abundance.py::TestCustomAbundanceWidget::test_update_input_item_value
2025-01-20T14:23:13.7237710Z   /Users/runner/micromamba/envs/tardis/lib/python3.12/site-packages/traitlets/traitlets.py:1385: DeprecationWarning:
2025-01-20T14:23:13.7238190Z   
2025-01-20T14:23:13.7238460Z   Passing unrecognized arguments to super(FloatText).__init__(min=0).
2025-01-20T14:23:13.7238880Z   object.__init__() takes exactly one argument (the instance to initialize)
2025-01-20T14:23:13.7239410Z   This is deprecated in traitlets 4.2.This error will be raised in a future release of traitlets.
2025-01-20T14:23:13.7239740Z 
2025-01-20T14:23:13.7240020Z tardis/visualization/widgets/tests/test_custom_abundance.py::TestCustomAbundanceWidget::test_update_input_item_value
2025-01-20T14:23:13.7240750Z   /Users/runner/micromamba/envs/tardis/lib/python3.12/site-packages/traitlets/traitlets.py:1385: DeprecationWarning:
2025-01-20T14:23:13.7241210Z   
2025-01-20T14:23:13.7241530Z   Passing unrecognized arguments to super(HTML).__init__(indent=True).
2025-01-20T14:23:13.7241930Z   object.__init__() takes exactly one argument (the instance to initialize)
2025-01-20T14:23:13.7242410Z   This is deprecated in traitlets 4.2.This error will be raised in a future release of traitlets.
2025-01-20T14:23:13.7242750Z 
2025-01-20T14:23:13.7243080Z tardis/visualization/widgets/tests/test_line_info.py::TestLineInfoWidgetData::test_get_species_interactions[wavelength_range0-packet_out_nu]
2025-01-20T14:23:13.7243840Z   /Users/runner/micromamba/envs/tardis/lib/python3.12/site-packages/qgridnext/grid.py:814: DeprecationWarning:
2025-01-20T14:23:13.7244260Z   
2025-01-20T14:23:13.7244650Z   QgridWidget._df_changed is deprecated in traitlets 4.1: use @observe and @unobserve instead.
2025-01-20T14:23:13.7244910Z 
2025-01-20T14:23:13.7245170Z tardis/visualization/widgets/tests/test_shell_info.py::TestHDFShellInfo::test_shells_data
2025-01-20T14:23:13.7245760Z   /Users/runner/work/tardis/tardis/tardis/io/util.py:289: PerformanceWarning:
2025-01-20T14:23:13.7246100Z   
2025-01-20T14:23:13.7246330Z   
2025-01-20T14:23:13.7246620Z   your performance may suffer as PyTables will pickle object types that it cannot
2025-01-20T14:23:13.7247160Z   map directly to c-types [inferred_type->mixed,key->block0_values] [items->Index([0], dtype='int64')]
2025-01-20T14:23:13.7247440Z 
2025-01-20T14:23:13.7247690Z tardis/visualization/widgets/tests/test_shell_info.py::TestHDFShellInfo::test_shells_data
2025-01-20T14:23:13.7248170Z   /Users/runner/work/tardis/tardis/tardis/io/util.py:292: PerformanceWarning:
2025-01-20T14:23:13.7248790Z   
2025-01-20T14:23:13.7248950Z   
2025-01-20T14:23:13.7249290Z   your performance may suffer as PyTables will pickle object types that it cannot
2025-01-20T14:23:13.7249740Z   map directly to c-types [inferred_type->mixed,key->values] [items->None]
2025-01-20T14:23:13.7249990Z 
2025-01-20T14:23:13.7250250Z tardis/visualization/widgets/tests/test_shell_info.py::TestHDFShellInfo::test_shells_data
2025-01-20T14:23:13.7250760Z   /Users/runner/work/tardis/tardis/tardis/spectrum/formal_integral.py:398: UserWarning:
2025-01-20T14:23:13.7251270Z   
2025-01-20T14:23:13.7251630Z   The number of interpolate_shells was not specified. The value was set to 80.
2025-01-20T14:23:13.7251850Z 
2025-01-20T14:23:13.7252080Z -- Docs: https://docs.pytest.org/en/stable/how-to/capture-warnings.html
2025-01-20T14:23:13.7252350Z 
2025-01-20T14:23:13.7252490Z ---------- coverage: platform darwin, python 3.12.4-final-0 ----------
2025-01-20T14:23:13.7252950Z Coverage HTML written to dir coverage_html_report
2025-01-20T14:23:13.7275740Z Coverage XML written to file coverage.xml
2025-01-20T14:23:13.7276020Z 
2025-01-20T14:23:13.7276150Z =========================== short test summary info ============================
2025-01-20T14:23:13.7277010Z FAILED tardis/plasma/equilibrium/tests/test_rate_matrix.py::test_rate_matrix_solver[collisional_rate_solver0-radiative_transitions0] - ModuleNotFoundError: No module named 'numpy._core.numeric'
2025-01-20T14:23:13.7278460Z = 1 failed, 1409 passed, 357 skipped, 2 deselected, 19 xfailed, 8 xpassed, 66 warnings in 797.10s (0:13:17) =
2025-01-20T14:23:13.7279060Z /Users/runner/micromamba/envs/tardis/lib/python3.12/site-packages/tables/file.py:113: UnclosedFileWarning:
2025-01-20T14:23:13.7279420Z 
2025-01-20T14:23:13.7280000Z Closing remaining open file: /Users/runner/work/tardis/tardis/tardis-regression-data/tardis/plasma/equilibrium/tests/test_rate_matrix/test_rate_matrix_solver__collisional_rate_solver0-radiative_transitions0__.h5
2025-01-20T14:23:13.7280610Z 
2025-01-20T14:23:15.8038250Z ##[error]Process completed with exit code 1.
