2025-02-21T14:29:04.4577030Z Requested labels: macos-latest
2025-02-21T14:29:04.4577215Z Job defined at: tardis-sn/tardis/.github/workflows/tests.yml@refs/pull/2977/merge
2025-02-21T14:29:04.4577317Z Waiting for a runner to pick up this job...
2025-02-21T14:29:06.0724075Z Job is waiting for a hosted runner to come online.
2025-02-21T14:29:08.9554343Z Job is about to start running on the hosted runner: GitHub Actions 27 (hosted)
2025-02-21T14:29:11.2247830Z Current runner version: '2.322.0'
2025-02-21T14:29:11.2263150Z ##[group]Operating System
2025-02-21T14:29:11.2263590Z macOS
2025-02-21T14:29:11.2263900Z 14.7.2
2025-02-21T14:29:11.2264200Z 23H311
2025-02-21T14:29:11.2264490Z ##[endgroup]
2025-02-21T14:29:11.2264790Z ##[group]Runner Image
2025-02-21T14:29:11.2265120Z Image: macos-14-arm64
2025-02-21T14:29:11.2265440Z Version: 20250120.774
2025-02-21T14:29:11.2266100Z Included Software: https://github.com/actions/runner-images/blob/macos-14-arm64/20250120.774/images/macos/macos-14-arm64-Readme.md
2025-02-21T14:29:11.2267020Z Image Release: https://github.com/actions/runner-images/releases/tag/macos-14-arm64%2F20250120.774
2025-02-21T14:29:11.2267600Z ##[endgroup]
2025-02-21T14:29:11.2267910Z ##[group]Runner Image Provisioner
2025-02-21T14:29:11.2268310Z 2.0.422.1+55c30c14fe2a0a1547db1b656933ae07d97649a9
2025-02-21T14:29:11.2268700Z ##[endgroup]
2025-02-21T14:29:11.2270020Z ##[group]GITHUB_TOKEN Permissions
2025-02-21T14:29:11.2271010Z Actions: read
2025-02-21T14:29:11.2271340Z Attestations: read
2025-02-21T14:29:11.2271660Z Checks: read
2025-02-21T14:29:11.2271960Z Contents: read
2025-02-21T14:29:11.2272260Z Deployments: read
2025-02-21T14:29:11.2272570Z Discussions: read
2025-02-21T14:29:11.2272880Z Issues: read
2025-02-21T14:29:11.2273170Z Metadata: read
2025-02-21T14:29:11.2273470Z Packages: read
2025-02-21T14:29:11.2273770Z Pages: read
2025-02-21T14:29:11.2274070Z PullRequests: read
2025-02-21T14:29:11.2274390Z RepositoryProjects: read
2025-02-21T14:29:11.2274740Z SecurityEvents: read
2025-02-21T14:29:11.2275050Z Statuses: read
2025-02-21T14:29:11.2275360Z ##[endgroup]
2025-02-21T14:29:11.2276980Z Secret source: None
2025-02-21T14:29:11.2277380Z Prepare workflow directory
2025-02-21T14:29:11.2628840Z Prepare all required actions
2025-02-21T14:29:11.2652770Z Getting action download info
2025-02-21T14:29:11.4877040Z ##[group]Download immutable action package 'actions/checkout@v4'
2025-02-21T14:29:11.4877690Z Version: 4.2.2
2025-02-21T14:29:11.4878300Z Digest: sha256:ccb2698953eaebd21c7bf6268a94f9c26518a7e38e27e0b83c1fe1ad049819b1
2025-02-21T14:29:11.4879040Z Source commit SHA: 11bd71901bbe5b1630ceea73d27597364c9af683
2025-02-21T14:29:11.4879490Z ##[endgroup]
2025-02-21T14:29:11.8803760Z ##[group]Download immutable action package 'actions/upload-artifact@v4'
2025-02-21T14:29:11.8804380Z Version: 4.6.0
2025-02-21T14:29:11.8804870Z Digest: sha256:bf85474c8423f9cd48bd2caf3ce5adb1711e2dfdb055b040bd36b044e4290329
2025-02-21T14:29:11.8805510Z Source commit SHA: 65c4c4a1ddee5b72f698fdd19549f0f0fb45cf08
2025-02-21T14:29:11.8805980Z ##[endgroup]
2025-02-21T14:29:12.1018820Z Complete job name: not continuum macos-latest 
2025-02-21T14:29:12.1494660Z ##[group]Run actions/checkout@v4
2025-02-21T14:29:12.1496680Z with:
2025-02-21T14:29:12.1497010Z   repository: tardis-sn/tardis
2025-02-21T14:29:12.1497590Z   token: ***
2025-02-21T14:29:12.1497880Z   ssh-strict: true
2025-02-21T14:29:12.1498180Z   ssh-user: git
2025-02-21T14:29:12.1498480Z   persist-credentials: true
2025-02-21T14:29:12.1498830Z   clean: true
2025-02-21T14:29:12.1499140Z   sparse-checkout-cone-mode: true
2025-02-21T14:29:12.1499500Z   fetch-depth: 1
2025-02-21T14:29:12.1499790Z   fetch-tags: false
2025-02-21T14:29:12.1500090Z   show-progress: true
2025-02-21T14:29:12.1500390Z   lfs: false
2025-02-21T14:29:12.1500670Z   submodules: false
2025-02-21T14:29:12.1500980Z   set-safe-directory: true
2025-02-21T14:29:12.1501550Z env:
2025-02-21T14:29:12.1501830Z   CACHE_NUMBER: 0
2025-02-21T14:29:12.1502640Z   PYTEST_FLAGS: --tardis-regression-data=/Users/runner/work/tardis/tardis/tardis-regression-data --cov=tardis --cov-report=xml --cov-report=html --cov-append
2025-02-21T14:29:12.1503510Z   CODECOV_TOKEN: 
2025-02-21T14:29:12.1503800Z ##[endgroup]
2025-02-21T14:29:12.4867050Z Syncing repository: tardis-sn/tardis
2025-02-21T14:29:12.4906710Z ##[group]Getting Git version info
2025-02-21T14:29:12.4907390Z Working directory is '/Users/runner/work/tardis/tardis'
2025-02-21T14:29:12.4908200Z [command]/opt/homebrew/bin/git version
2025-02-21T14:29:12.5250610Z git version 2.48.1
2025-02-21T14:29:12.5276820Z ##[endgroup]
2025-02-21T14:29:12.5290160Z Copying '/Users/runner/.gitconfig' to '/Users/runner/work/_temp/38dd63ad-07a4-4e80-b631-04dc2ce646da/.gitconfig'
2025-02-21T14:29:12.5300150Z Temporarily overriding HOME='/Users/runner/work/_temp/38dd63ad-07a4-4e80-b631-04dc2ce646da' before making global git config changes
2025-02-21T14:29:12.5302930Z Adding repository directory to the temporary git global config as a safe directory
2025-02-21T14:29:12.5305140Z [command]/opt/homebrew/bin/git config --global --add safe.directory /Users/runner/work/tardis/tardis
2025-02-21T14:29:12.5402240Z Deleting the contents of '/Users/runner/work/tardis/tardis'
2025-02-21T14:29:12.5405890Z ##[group]Initializing the repository
2025-02-21T14:29:12.5410180Z [command]/opt/homebrew/bin/git init /Users/runner/work/tardis/tardis
2025-02-21T14:29:12.5609720Z hint: Using 'master' as the name for the initial branch. This default branch name
2025-02-21T14:29:12.5611810Z hint: is subject to change. To configure the initial branch name to use in all
2025-02-21T14:29:12.5613640Z hint: of your new repositories, which will suppress this warning, call:
2025-02-21T14:29:12.5617380Z hint:
2025-02-21T14:29:12.5618390Z hint: 	git config --global init.defaultBranch <name>
2025-02-21T14:29:12.5619610Z hint:
2025-02-21T14:29:12.5620730Z hint: Names commonly chosen instead of 'master' are 'main', 'trunk' and
2025-02-21T14:29:12.5622720Z hint: 'development'. The just-created branch can be renamed via this command:
2025-02-21T14:29:12.5623480Z hint:
2025-02-21T14:29:12.5623800Z hint: 	git branch -m <name>
2025-02-21T14:29:12.5624390Z Initialized empty Git repository in /Users/runner/work/tardis/tardis/.git/
2025-02-21T14:29:12.5629480Z [command]/opt/homebrew/bin/git remote add origin https://github.com/tardis-sn/tardis
2025-02-21T14:29:12.5745430Z ##[endgroup]
2025-02-21T14:29:12.5746220Z ##[group]Disabling automatic garbage collection
2025-02-21T14:29:12.5750740Z [command]/opt/homebrew/bin/git config --local gc.auto 0
2025-02-21T14:29:12.5801300Z ##[endgroup]
2025-02-21T14:29:12.5802710Z ##[group]Setting up auth
2025-02-21T14:29:12.5806850Z [command]/opt/homebrew/bin/git config --local --name-only --get-regexp core\.sshCommand
2025-02-21T14:29:12.5860130Z [command]/opt/homebrew/bin/git submodule foreach --recursive sh -c "git config --local --name-only --get-regexp 'core\.sshCommand' && git config --local --unset-all 'core.sshCommand' || :"
2025-02-21T14:29:12.6796920Z [command]/opt/homebrew/bin/git config --local --name-only --get-regexp http\.https\:\/\/github\.com\/\.extraheader
2025-02-21T14:29:12.6876520Z [command]/opt/homebrew/bin/git submodule foreach --recursive sh -c "git config --local --name-only --get-regexp 'http\.https\:\/\/github\.com\/\.extraheader' && git config --local --unset-all 'http.https://github.com/.extraheader' || :"
2025-02-21T14:29:12.7696710Z [command]/opt/homebrew/bin/git config --local http.https://github.com/.extraheader AUTHORIZATION: basic ***
2025-02-21T14:29:12.7759690Z ##[endgroup]
2025-02-21T14:29:12.7761260Z ##[group]Fetching the repository
2025-02-21T14:29:12.7765240Z [command]/opt/homebrew/bin/git -c protocol.version=2 fetch --no-tags --prune --no-recurse-submodules --depth=1 origin +88baa853132137dc7dcbb6a3036e12af5781ee3e:refs/remotes/pull/2977/merge
2025-02-21T14:29:14.5210230Z From https://github.com/tardis-sn/tardis
2025-02-21T14:29:14.5213780Z  * [new ref]         88baa853132137dc7dcbb6a3036e12af5781ee3e -> pull/2977/merge
2025-02-21T14:29:14.5318440Z ##[endgroup]
2025-02-21T14:29:14.5319190Z ##[group]Determining the checkout info
2025-02-21T14:29:14.5319930Z ##[endgroup]
2025-02-21T14:29:14.5328920Z [command]/opt/homebrew/bin/git sparse-checkout disable
2025-02-21T14:29:14.5405930Z [command]/opt/homebrew/bin/git config --local --unset-all extensions.worktreeConfig
2025-02-21T14:29:14.5497740Z ##[group]Checking out the ref
2025-02-21T14:29:14.5503890Z [command]/opt/homebrew/bin/git checkout --progress --force refs/remotes/pull/2977/merge
2025-02-21T14:29:14.7532370Z HEAD is now at 88baa85 Merge 544e117697733b50c3c65124e6dfae9fd2044dd4 into cec8b531cc56e66219fe3ca2efdbf837c008b852
2025-02-21T14:29:14.7541750Z ##[endgroup]
2025-02-21T14:29:14.7621200Z [command]/opt/homebrew/bin/git log -1 --format=%H
2025-02-21T14:29:14.7678770Z 88baa853132137dc7dcbb6a3036e12af5781ee3e
2025-02-21T14:29:14.7913280Z Prepare all required actions
2025-02-21T14:29:14.7914200Z Getting action download info
2025-02-21T14:29:14.9858490Z ##[group]Download immutable action package 'actions/cache@v4'
2025-02-21T14:29:14.9860600Z Version: 4.2.1
2025-02-21T14:29:14.9862690Z Digest: sha256:b0404c9628d43aa6855629075b28f32cadf8efc5c26198438149f78500112940
2025-02-21T14:29:14.9865520Z Source commit SHA: 0c907a75c2c80ebcb7f088228285e798b750cf8f
2025-02-21T14:29:14.9867480Z ##[endgroup]
2025-02-21T14:29:15.4502650Z ##[group]Run ./.github/actions/setup_lfs
2025-02-21T14:29:15.4503390Z with:
2025-02-21T14:29:15.4503970Z   regression-data-repo: tardis-sn/tardis-regression-data
2025-02-21T14:29:15.4504750Z   atom-data-sparse: false
2025-02-21T14:29:15.4505290Z env:
2025-02-21T14:29:15.4505710Z   CACHE_NUMBER: 0
2025-02-21T14:29:15.4507020Z   PYTEST_FLAGS: --tardis-regression-data=/Users/runner/work/tardis/tardis/tardis-regression-data --cov=tardis --cov-report=xml --cov-report=html --cov-append
2025-02-21T14:29:15.4508500Z   CODECOV_TOKEN: 
2025-02-21T14:29:15.4509660Z ##[endgroup]
2025-02-21T14:29:15.4665990Z ##[group]Run actions/checkout@v4
2025-02-21T14:29:15.4666590Z with:
2025-02-21T14:29:15.4667090Z   repository: tardis-sn/tardis-regression-data
2025-02-21T14:29:15.4667710Z   path: tardis-regression-data
2025-02-21T14:29:15.4668220Z   lfs: false
2025-02-21T14:29:15.4668860Z   token: ***
2025-02-21T14:29:15.4669270Z   ssh-strict: true
2025-02-21T14:29:15.4669730Z   ssh-user: git
2025-02-21T14:29:15.4670190Z   persist-credentials: true
2025-02-21T14:29:15.4670680Z   clean: true
2025-02-21T14:29:15.4671140Z   sparse-checkout-cone-mode: true
2025-02-21T14:29:15.4671690Z   fetch-depth: 1
2025-02-21T14:29:15.4672160Z   fetch-tags: false
2025-02-21T14:29:15.4672620Z   show-progress: true
2025-02-21T14:29:15.4673080Z   submodules: false
2025-02-21T14:29:15.4673540Z   set-safe-directory: true
2025-02-21T14:29:15.4674010Z env:
2025-02-21T14:29:15.4674410Z   CACHE_NUMBER: 0
2025-02-21T14:29:15.4675690Z   PYTEST_FLAGS: --tardis-regression-data=/Users/runner/work/tardis/tardis/tardis-regression-data --cov=tardis --cov-report=xml --cov-report=html --cov-append
2025-02-21T14:29:15.4677120Z   CODECOV_TOKEN: 
2025-02-21T14:29:15.4677570Z ##[endgroup]
2025-02-21T14:29:15.5754190Z Syncing repository: tardis-sn/tardis-regression-data
2025-02-21T14:29:15.5755480Z ##[group]Getting Git version info
2025-02-21T14:29:15.5756310Z Working directory is '/Users/runner/work/tardis/tardis/tardis-regression-data'
2025-02-21T14:29:15.5796260Z [command]/opt/homebrew/bin/git version
2025-02-21T14:29:15.5859250Z git version 2.48.1
2025-02-21T14:29:15.5911300Z ##[endgroup]
2025-02-21T14:29:15.5913650Z Copying '/Users/runner/.gitconfig' to '/Users/runner/work/_temp/5d691c6a-eb55-423d-8719-87ba0c504802/.gitconfig'
2025-02-21T14:29:15.5968040Z Temporarily overriding HOME='/Users/runner/work/_temp/5d691c6a-eb55-423d-8719-87ba0c504802' before making global git config changes
2025-02-21T14:29:15.5971060Z Adding repository directory to the temporary git global config as a safe directory
2025-02-21T14:29:15.5977880Z [command]/opt/homebrew/bin/git config --global --add safe.directory /Users/runner/work/tardis/tardis/tardis-regression-data
2025-02-21T14:29:15.6181130Z ##[group]Initializing the repository
2025-02-21T14:29:15.6202860Z [command]/opt/homebrew/bin/git init /Users/runner/work/tardis/tardis/tardis-regression-data
2025-02-21T14:29:15.6549910Z hint: Using 'master' as the name for the initial branch. This default branch name
2025-02-21T14:29:15.6674000Z hint: is subject to change. To configure the initial branch name to use in all
2025-02-21T14:29:15.6788190Z hint: of your new repositories, which will suppress this warning, call:
2025-02-21T14:29:15.7043340Z hint:
2025-02-21T14:29:15.7044160Z hint: 	git config --global init.defaultBranch <name>
2025-02-21T14:29:15.7145790Z hint:
2025-02-21T14:29:15.7247630Z hint: Names commonly chosen instead of 'master' are 'main', 'trunk' and
2025-02-21T14:29:15.7351050Z hint: 'development'. The just-created branch can be renamed via this command:
2025-02-21T14:29:15.7450550Z hint:
2025-02-21T14:29:15.7552250Z hint: 	git branch -m <name>
2025-02-21T14:29:15.7653510Z Initialized empty Git repository in /Users/runner/work/tardis/tardis/tardis-regression-data/.git/
2025-02-21T14:29:15.7957860Z [command]/opt/homebrew/bin/git remote add origin https://github.com/tardis-sn/tardis-regression-data
2025-02-21T14:29:15.8264710Z ##[endgroup]
2025-02-21T14:29:15.8329780Z ##[group]Disabling automatic garbage collection
2025-02-21T14:29:15.8457170Z [command]/opt/homebrew/bin/git config --local gc.auto 0
2025-02-21T14:29:15.8747710Z ##[endgroup]
2025-02-21T14:29:15.8861160Z ##[group]Setting up auth
2025-02-21T14:29:15.8967680Z [command]/opt/homebrew/bin/git config --local --name-only --get-regexp core\.sshCommand
2025-02-21T14:29:15.9199950Z [command]/opt/homebrew/bin/git submodule foreach --recursive sh -c "git config --local --name-only --get-regexp 'core\.sshCommand' && git config --local --unset-all 'core.sshCommand' || :"
2025-02-21T14:29:15.9483040Z [command]/opt/homebrew/bin/git config --local --name-only --get-regexp http\.https\:\/\/github\.com\/\.extraheader
2025-02-21T14:29:15.9680580Z [command]/opt/homebrew/bin/git submodule foreach --recursive sh -c "git config --local --name-only --get-regexp 'http\.https\:\/\/github\.com\/\.extraheader' && git config --local --unset-all 'http.https://github.com/.extraheader' || :"
2025-02-21T14:29:16.0163930Z [command]/opt/homebrew/bin/git config --local http.https://github.com/.extraheader AUTHORIZATION: basic ***
2025-02-21T14:29:16.0274950Z ##[endgroup]
2025-02-21T14:29:16.0276410Z ##[group]Determining the default branch
2025-02-21T14:29:16.0279540Z Retrieving the default branch name
2025-02-21T14:29:16.3817810Z Default branch 'main'
2025-02-21T14:29:16.3935050Z ##[endgroup]
2025-02-21T14:29:16.4037120Z ##[group]Fetching the repository
2025-02-21T14:29:16.4139890Z [command]/opt/homebrew/bin/git -c protocol.version=2 fetch --no-tags --prune --no-recurse-submodules --depth=1 origin +refs/heads/main:refs/remotes/origin/main
2025-02-21T14:29:17.0035670Z From https://github.com/tardis-sn/tardis-regression-data
2025-02-21T14:29:17.0042000Z  * [new branch]      main       -> origin/main
2025-02-21T14:29:17.0169190Z ##[endgroup]
2025-02-21T14:29:17.0202880Z ##[group]Determining the checkout info
2025-02-21T14:29:17.0234270Z ##[endgroup]
2025-02-21T14:29:17.0236330Z [command]/opt/homebrew/bin/git sparse-checkout disable
2025-02-21T14:29:17.0309300Z [command]/opt/homebrew/bin/git config --local --unset-all extensions.worktreeConfig
2025-02-21T14:29:17.0411200Z ##[group]Checking out the ref
2025-02-21T14:29:17.0448350Z [command]/opt/homebrew/bin/git checkout --progress --force -B main refs/remotes/origin/main
2025-02-21T14:29:17.3708040Z Switched to a new branch 'main'
2025-02-21T14:29:17.3808920Z branch 'main' set up to track 'origin/main'.
2025-02-21T14:29:17.4836840Z ##[endgroup]
2025-02-21T14:29:17.5517750Z [command]/opt/homebrew/bin/git log -1 --format=%H
2025-02-21T14:29:17.5896790Z 84e768462f20f09fbccc05625cdcc1d8ffbe404c
2025-02-21T14:29:17.6428470Z ##[group]Run if [ "false" == "true" ]; then
2025-02-21T14:29:17.6428820Z [36;1mif [ "false" == "true" ]; then[0m
2025-02-21T14:29:17.6429070Z [36;1m  echo "Using atom data sparse checkout"[0m
2025-02-21T14:29:17.6429440Z [36;1m  echo "atom_data/kurucz_cd23_chianti_H_He.h5" > .lfs-files-list[0m
2025-02-21T14:29:17.6429700Z [36;1melse[0m
2025-02-21T14:29:17.6429890Z [36;1m  echo "Using full repository checkout"[0m
2025-02-21T14:29:17.6430200Z [36;1m  git lfs ls-files -l | cut -d' ' -f1 | sort > .lfs-files-list[0m
2025-02-21T14:29:17.6430470Z [36;1mfi[0m
2025-02-21T14:29:17.6505490Z shell: /bin/bash --noprofile --norc -e -o pipefail {0}
2025-02-21T14:29:17.6506970Z env:
2025-02-21T14:29:17.6507390Z   CACHE_NUMBER: 0
2025-02-21T14:29:17.6508730Z   PYTEST_FLAGS: --tardis-regression-data=/Users/runner/work/tardis/tardis/tardis-regression-data --cov=tardis --cov-report=xml --cov-report=html --cov-append
2025-02-21T14:29:17.6510140Z   CODECOV_TOKEN: 
2025-02-21T14:29:17.6511100Z ##[endgroup]
2025-02-21T14:29:17.6979900Z Using full repository checkout
2025-02-21T14:29:18.0100700Z ##[group]Run actions/cache/restore@v4
2025-02-21T14:29:18.0101210Z with:
2025-02-21T14:29:18.0101380Z   path: tardis-regression-data/.git/lfs
2025-02-21T14:29:18.0101940Z   key: tardis-regression-full-data-c8ff2bbb6048b3f24d3f52a1e85b013ad47e52c369a6ce4cfdeff528b659b86f-tardis-sn/tardis-regression-data-v1
2025-02-21T14:29:18.0102460Z   fail-on-cache-miss: true
2025-02-21T14:29:18.0102640Z   enableCrossOsArchive: false
2025-02-21T14:29:18.0102850Z   lookup-only: false
2025-02-21T14:29:18.0103000Z env:
2025-02-21T14:29:18.0103130Z   CACHE_NUMBER: 0
2025-02-21T14:29:18.0103720Z   PYTEST_FLAGS: --tardis-regression-data=/Users/runner/work/tardis/tardis/tardis-regression-data --cov=tardis --cov-report=xml --cov-report=html --cov-append
2025-02-21T14:29:18.0104270Z   CODECOV_TOKEN: 
2025-02-21T14:29:18.0104430Z ##[endgroup]
2025-02-21T14:29:18.4475380Z Cache hit for: tardis-regression-full-data-c8ff2bbb6048b3f24d3f52a1e85b013ad47e52c369a6ce4cfdeff528b659b86f-tardis-sn/tardis-regression-data-v1
2025-02-21T14:29:19.7759050Z Received 0 of 2161656325 (0.0%), 0.0 MBs/sec
2025-02-21T14:29:20.7972670Z Received 41943040 of 2161656325 (1.9%), 19.8 MBs/sec
2025-02-21T14:29:21.7968530Z Received 104857600 of 2161656325 (4.9%), 33.1 MBs/sec
2025-02-21T14:29:22.8045080Z Received 134217728 of 2161656325 (6.2%), 31.8 MBs/sec
2025-02-21T14:29:23.8076470Z Received 188743680 of 2161656325 (8.7%), 35.8 MBs/sec
2025-02-21T14:29:24.8088830Z Received 251658240 of 2161656325 (11.6%), 39.8 MBs/sec
2025-02-21T14:29:25.8087210Z Received 281018368 of 2161656325 (13.0%), 38.1 MBs/sec
2025-02-21T14:29:26.8096020Z Received 348127232 of 2161656325 (16.1%), 41.3 MBs/sec
2025-02-21T14:29:27.8128170Z Received 398458880 of 2161656325 (18.4%), 42.0 MBs/sec
2025-02-21T14:29:28.8129690Z Received 448790528 of 2161656325 (20.8%), 42.6 MBs/sec
2025-02-21T14:29:29.8140510Z Received 511705088 of 2161656325 (23.7%), 44.2 MBs/sec
2025-02-21T14:29:30.8141250Z Received 541065216 of 2161656325 (25.0%), 42.9 MBs/sec
2025-02-21T14:29:31.8145550Z Received 612368384 of 2161656325 (28.3%), 44.8 MBs/sec
2025-02-21T14:29:32.8151620Z Received 671088640 of 2161656325 (31.0%), 45.6 MBs/sec
2025-02-21T14:29:33.8183520Z Received 725614592 of 2161656325 (33.6%), 46.0 MBs/sec
2025-02-21T14:29:34.8252290Z Received 792723456 of 2161656325 (36.7%), 47.1 MBs/sec
2025-02-21T14:29:35.8254320Z Received 809500672 of 2161656325 (37.4%), 45.3 MBs/sec
2025-02-21T14:29:36.8263040Z Received 884998144 of 2161656325 (40.9%), 46.8 MBs/sec
2025-02-21T14:29:37.8290100Z Received 939524096 of 2161656325 (43.5%), 47.0 MBs/sec
2025-02-21T14:29:38.8295160Z Received 985661440 of 2161656325 (45.6%), 46.9 MBs/sec
2025-02-21T14:29:39.8293800Z Received 1048576000 of 2161656325 (48.5%), 47.5 MBs/sec
2025-02-21T14:29:40.8321250Z Received 1082130432 of 2161656325 (50.1%), 46.8 MBs/sec
2025-02-21T14:29:41.8327210Z Received 1140850688 of 2161656325 (52.8%), 47.2 MBs/sec
2025-02-21T14:29:42.8364200Z Received 1199570944 of 2161656325 (55.5%), 47.5 MBs/sec
2025-02-21T14:29:43.8409610Z Received 1245708288 of 2161656325 (57.6%), 47.4 MBs/sec
2025-02-21T14:29:44.8403850Z Received 1304428544 of 2161656325 (60.3%), 47.7 MBs/sec
2025-02-21T14:29:45.8414780Z Received 1346371584 of 2161656325 (62.3%), 47.4 MBs/sec
2025-02-21T14:29:46.8448190Z Received 1405091840 of 2161656325 (65.0%), 47.7 MBs/sec
2025-02-21T14:29:47.8461040Z Received 1459617792 of 2161656325 (67.5%), 47.9 MBs/sec
2025-02-21T14:29:48.8504730Z Received 1488977920 of 2161656325 (68.9%), 47.2 MBs/sec
2025-02-21T14:29:49.8496260Z Received 1551892480 of 2161656325 (71.8%), 47.6 MBs/sec
2025-02-21T14:29:50.8552910Z Received 1610612736 of 2161656325 (74.5%), 47.9 MBs/sec
2025-02-21T14:29:51.8554660Z Received 1652555776 of 2161656325 (76.4%), 47.6 MBs/sec
2025-02-21T14:29:52.8570090Z Received 1719664640 of 2161656325 (79.6%), 48.1 MBs/sec
2025-02-21T14:29:53.8581820Z Received 1765801984 of 2161656325 (81.7%), 48.0 MBs/sec
2025-02-21T14:29:54.8586990Z Received 1828716544 of 2161656325 (84.6%), 48.3 MBs/sec
2025-02-21T14:29:55.8583710Z Received 1879048192 of 2161656325 (86.9%), 48.3 MBs/sec
2025-02-21T14:29:56.8592590Z Received 1946157056 of 2161656325 (90.0%), 48.7 MBs/sec
2025-02-21T14:29:57.8668240Z Received 2009071616 of 2161656325 (92.9%), 49.0 MBs/sec
2025-02-21T14:29:58.8677990Z Received 2055208960 of 2161656325 (95.1%), 48.9 MBs/sec
2025-02-21T14:29:59.8676590Z Received 2113929216 of 2161656325 (97.8%), 49.1 MBs/sec
2025-02-21T14:30:00.8677990Z Received 2153267717 of 2161656325 (99.6%), 48.8 MBs/sec
2025-02-21T14:30:00.9163550Z Received 2161656325 of 2161656325 (100.0%), 48.9 MBs/sec
2025-02-21T14:30:00.9239640Z Cache Size: ~2062 MB (2161656325 B)
2025-02-21T14:30:00.9314760Z [command]/opt/homebrew/bin/gtar -xf /Users/runner/work/_temp/465d9c21-091f-41f5-b327-2463766146d8/cache.tzst -P -C /Users/runner/work/tardis/tardis --delay-directory-restore --use-compress-program unzstd
2025-02-21T14:30:13.4301130Z Cache restored successfully
2025-02-21T14:30:13.5375910Z Cache restored from key: tardis-regression-full-data-c8ff2bbb6048b3f24d3f52a1e85b013ad47e52c369a6ce4cfdeff528b659b86f-tardis-sn/tardis-regression-data-v1
2025-02-21T14:30:13.5576240Z ##[group]Run git lfs checkout
2025-02-21T14:30:13.5576510Z [36;1mgit lfs checkout[0m
2025-02-21T14:30:13.5652650Z shell: /bin/bash --noprofile --norc -e -o pipefail {0}
2025-02-21T14:30:13.5653000Z env:
2025-02-21T14:30:13.5653270Z   CACHE_NUMBER: 0
2025-02-21T14:30:13.5653810Z   PYTEST_FLAGS: --tardis-regression-data=/Users/runner/work/tardis/tardis/tardis-regression-data --cov=tardis --cov-report=xml --cov-report=html --cov-append
2025-02-21T14:30:13.5654530Z   CODECOV_TOKEN: 
2025-02-21T14:30:13.5654840Z ##[endgroup]
2025-02-21T14:30:26.6187690Z Checking out LFS objects: 100% (204/204), 5.7 GB | 362 MB/s, done.
2025-02-21T14:30:38.8656740Z Prepare all required actions
2025-02-21T14:30:38.8657450Z Getting action download info
2025-02-21T14:30:39.2768170Z Download action repository 'mamba-org/setup-micromamba@v1' (SHA:4b9113af4fba0e9e1124b252dd6497a419e7396d)
2025-02-21T14:30:40.2638590Z ##[group]Run ./.github/actions/setup_env
2025-02-21T14:30:40.2638820Z with:
2025-02-21T14:30:40.2638980Z   os-label: osx-arm64
2025-02-21T14:30:40.2639120Z env:
2025-02-21T14:30:40.2639260Z   CACHE_NUMBER: 0
2025-02-21T14:30:40.2639770Z   PYTEST_FLAGS: --tardis-regression-data=/Users/runner/work/tardis/tardis/tardis-regression-data --cov=tardis --cov-report=xml --cov-report=html --cov-append
2025-02-21T14:30:40.2640330Z   CODECOV_TOKEN: 
2025-02-21T14:30:40.2640470Z ##[endgroup]
2025-02-21T14:30:40.2669850Z ##[group]Run file_hash=$(cat conda-osx-arm64.lock | shasum -a 256 | cut -d' ' -f1)
2025-02-21T14:30:40.2670490Z [36;1mfile_hash=$(cat conda-osx-arm64.lock | shasum -a 256 | cut -d' ' -f1)[0m
2025-02-21T14:30:40.2671180Z [36;1mecho "file_hash=tardis-conda-env-osx-arm64-${file_hash}-v1" >> "${GITHUB_OUTPUT}"[0m
2025-02-21T14:30:40.2725640Z shell: /bin/bash --noprofile --norc -e -o pipefail {0}
2025-02-21T14:30:40.2725960Z env:
2025-02-21T14:30:40.2726270Z   CACHE_NUMBER: 0
2025-02-21T14:30:40.2726860Z   PYTEST_FLAGS: --tardis-regression-data=/Users/runner/work/tardis/tardis/tardis-regression-data --cov=tardis --cov-report=xml --cov-report=html --cov-append
2025-02-21T14:30:40.2727570Z   CODECOV_TOKEN: 
2025-02-21T14:30:40.2727710Z ##[endgroup]
2025-02-21T14:30:40.4220260Z ##[group]Run mamba-org/setup-micromamba@v1
2025-02-21T14:30:40.4220500Z with:
2025-02-21T14:30:40.4220650Z   environment-file: conda-osx-arm64.lock
2025-02-21T14:30:40.4221250Z   cache-environment-key: tardis-conda-env-osx-arm64-bf0d0a4d4c847cca72476c6c68c493d56c484aada7e80de0e42c7607fcef5824-v1
2025-02-21T14:30:40.4221960Z   cache-downloads-key: tardis-conda-env-osx-arm64-bf0d0a4d4c847cca72476c6c68c493d56c484aada7e80de0e42c7607fcef5824-v1
2025-02-21T14:30:40.4228570Z   environment-name: tardis
2025-02-21T14:30:40.4228770Z   cache-environment: true
2025-02-21T14:30:40.4228960Z   cache-downloads: true
2025-02-21T14:30:40.4229190Z env:
2025-02-21T14:30:40.4229330Z   CACHE_NUMBER: 0
2025-02-21T14:30:40.4229860Z   PYTEST_FLAGS: --tardis-regression-data=/Users/runner/work/tardis/tardis/tardis-regression-data --cov=tardis --cov-report=xml --cov-report=html --cov-append
2025-02-21T14:30:40.4230440Z   CODECOV_TOKEN: 
2025-02-21T14:30:40.4230720Z ##[endgroup]
2025-02-21T14:30:40.7737740Z Will download micromamba to /Users/runner/micromamba-bin/micromamba
2025-02-21T14:30:40.7756330Z ##[group]Install micromamba
2025-02-21T14:30:41.6108450Z micromamba installed to /Users/runner/micromamba-bin/micromamba
2025-02-21T14:30:41.6109420Z ##[endgroup]
2025-02-21T14:30:41.6109830Z Adding conda-forge to condarc channels ...
2025-02-21T14:30:41.6131080Z ##[group]Initialize micromamba for bash.
2025-02-21T14:30:41.6153700Z [command]/Users/runner/micromamba-bin/micromamba shell init -s bash -r /Users/runner/micromamba --log-level warning --rc-file /Users/runner/work/_temp/setup-micromamba/.condarc
2025-02-21T14:30:41.6480480Z Modifying RC file "/Users/runner/.bash_profile"
2025-02-21T14:30:41.6484860Z Generating config for root prefix [1m"/Users/runner/micromamba"[0m
2025-02-21T14:30:41.6485470Z Setting mamba executable to: [1m"/Users/runner/micromamba-bin/micromamba"[0m
2025-02-21T14:30:41.6485950Z Adding (or replacing) the following in your "/Users/runner/.bash_profile" file
2025-02-21T14:30:41.6486250Z 
2025-02-21T14:30:41.6486310Z # >>> mamba initialize >>>
2025-02-21T14:30:41.6486650Z # !! Contents within this block are managed by 'mamba init' !!
2025-02-21T14:30:41.6487020Z export MAMBA_EXE='/Users/runner/micromamba-bin/micromamba';
2025-02-21T14:30:41.6487320Z export MAMBA_ROOT_PREFIX='/Users/runner/micromamba';
2025-02-21T14:30:41.6487750Z __mamba_setup="$("$MAMBA_EXE" shell hook --shell bash --root-prefix "$MAMBA_ROOT_PREFIX" 2> /dev/null)"
2025-02-21T14:30:41.6489040Z if [ $? -eq 0 ]; then
2025-02-21T14:30:41.6489300Z     eval "$__mamba_setup"
2025-02-21T14:30:41.6489520Z else
2025-02-21T14:30:41.6489840Z     alias micromamba="$MAMBA_EXE"  # Fallback on help from mamba activate
2025-02-21T14:30:41.6490160Z fi
2025-02-21T14:30:41.6490330Z unset __mamba_setup
2025-02-21T14:30:41.6490550Z # <<< mamba initialize <<<
2025-02-21T14:30:41.6490720Z 
2025-02-21T14:30:41.6499810Z ##[endgroup]
2025-02-21T14:30:41.6503530Z ##[group]Restoring downloads from `/Users/runner/micromamba/pkgs` ...
2025-02-21T14:30:43.3221560Z Received 0 of 310594474 (0.0%), 0.0 MBs/sec
2025-02-21T14:30:44.3258970Z Received 58720256 of 310594474 (18.9%), 27.9 MBs/sec
2025-02-21T14:30:45.3257610Z Received 130023424 of 310594474 (41.9%), 41.2 MBs/sec
2025-02-21T14:30:46.3267450Z Received 192937984 of 310594474 (62.1%), 45.9 MBs/sec
2025-02-21T14:30:47.3509060Z Received 255852544 of 310594474 (82.4%), 48.6 MBs/sec
2025-02-21T14:30:48.0756630Z Cache Size: ~296 MB (310594474 B)
2025-02-21T14:30:48.0790370Z [command]/opt/homebrew/bin/gtar -xf /Users/runner/work/_temp/56e03611-ab78-4eb0-9c2c-081d10463050/cache.tzst -P -C /Users/runner/work/tardis/tardis --delay-directory-restore --use-compress-program unzstd
2025-02-21T14:30:48.3361200Z Received 310594474 of 310594474 (100.0%), 49.2 MBs/sec
2025-02-21T14:30:48.4815960Z Cache restored successfully
2025-02-21T14:30:48.4842470Z Restored cache with key `tardis-conda-env-osx-arm64-bf0d0a4d4c847cca72476c6c68c493d56c484aada7e80de0e42c7607fcef5824-v1-osx-arm64`
2025-02-21T14:30:48.4844030Z ##[endgroup]
2025-02-21T14:30:48.4929450Z ##[group]Restoring environment `tardis` from `/Users/runner/micromamba/envs/tardis` ...
2025-02-21T14:30:50.1525250Z Received 0 of 385513979 (0.0%), 0.0 MBs/sec
2025-02-21T14:30:51.1534260Z Received 62914560 of 385513979 (16.3%), 30.0 MBs/sec
2025-02-21T14:30:52.1535460Z Received 125829120 of 385513979 (32.6%), 40.0 MBs/sec
2025-02-21T14:30:53.1552220Z Received 197132288 of 385513979 (51.1%), 47.0 MBs/sec
2025-02-21T14:30:54.1585030Z Received 272629760 of 385513979 (70.7%), 51.9 MBs/sec
2025-02-21T14:30:55.1590340Z Received 335544320 of 385513979 (87.0%), 53.3 MBs/sec
2025-02-21T14:30:55.8006450Z Cache Size: ~368 MB (385513979 B)
2025-02-21T14:30:55.8052260Z [command]/opt/homebrew/bin/gtar -xf /Users/runner/work/_temp/9625596c-56dc-4892-8db7-2e7858f009d6/cache.tzst -P -C /Users/runner/work/tardis/tardis --delay-directory-restore --use-compress-program unzstd
2025-02-21T14:30:56.1698470Z Received 385513979 of 385513979 (100.0%), 52.5 MBs/sec
2025-02-21T14:31:07.9110270Z Cache restored successfully
2025-02-21T14:31:07.9112710Z Restored cache with key `tardis-conda-env-osx-arm64-bf0d0a4d4c847cca72476c6c68c493d56c484aada7e80de0e42c7607fcef5824-v1-osx-arm64-tardis-args-4f53cda-root-873f6fe-bin-[object Promise]-file-bf0d0a4d4c847cca72476c6c68c493d56c484aada7e80de0e42c7607fcef5824`
2025-02-21T14:31:07.9126960Z ##[endgroup]
2025-02-21T14:31:07.9127330Z Adding environment tardis to auto-activate bash ...
2025-02-21T14:31:07.9129150Z Generating micromamba run shell.
2025-02-21T14:31:07.9131200Z ##[endgroup]
2025-02-21T14:31:07.9134930Z Set environment variables.
2025-02-21T14:31:07.9136080Z ##[group]micromamba info
2025-02-21T14:31:07.9137770Z [command]/Users/runner/micromamba-bin/micromamba info -r /Users/runner/micromamba -n tardis
2025-02-21T14:31:08.3296580Z 
2025-02-21T14:31:08.3297200Z        libmamba version : 1.5.10
2025-02-21T14:31:08.3297750Z      micromamba version : 1.5.10
2025-02-21T14:31:08.3299210Z            curl version : libcurl/8.10.1 (OpenSSL/3.3.2) SecureTransport zlib/1.3.1 zstd/1.5.6 libssh2/1.11.0 nghttp2/1.58.0
2025-02-21T14:31:08.3299820Z      libarchive version : libarchive 3.7.4 zlib/1.2.13 bz2lib/1.0.8 libzstd/1.5.6
2025-02-21T14:31:08.3300300Z        envs directories : /Users/runner/micromamba/envs
2025-02-21T14:31:08.3300660Z           package cache : /Users/runner/micromamba/pkgs
2025-02-21T14:31:08.3301910Z                           /Users/runner/.mamba/pkgs
2025-02-21T14:31:08.3302320Z             environment : tardis
2025-02-21T14:31:08.3313060Z            env location : /Users/runner/micromamba/envs/tardis
2025-02-21T14:31:08.3313480Z       user config files : /Users/runner/.mambarc
2025-02-21T14:31:08.3313910Z  populated config files : /Users/runner/work/_temp/setup-micromamba/.condarc
2025-02-21T14:31:08.3314330Z        virtual packages : __unix=0=0
2025-02-21T14:31:08.3314600Z                           __osx=14.7.2=0
2025-02-21T14:31:08.3314920Z                           __archspec=1=arm64
2025-02-21T14:31:08.3315270Z                channels : https://conda.anaconda.org/conda-forge/osx-arm64
2025-02-21T14:31:08.3315710Z                           https://conda.anaconda.org/conda-forge/noarch
2025-02-21T14:31:08.3316020Z        base environment : /Users/runner/micromamba
2025-02-21T14:31:08.3316350Z                platform : osx-arm64
2025-02-21T14:31:08.3317050Z ##[endgroup]
2025-02-21T14:31:08.3317470Z ##[group]micromamba list
2025-02-21T14:31:08.3318080Z [command]/Users/runner/micromamba-bin/micromamba list -r /Users/runner/micromamba -n tardis
2025-02-21T14:31:08.6600960Z List of packages in environment: "/Users/runner/micromamba/envs/tardis"
2025-02-21T14:31:08.6602240Z 
2025-02-21T14:31:08.6602550Z   Name                           Version              Build                    Channel    
2025-02-21T14:31:08.6604130Z â”€â”€â”€â”€â”€â”€â”€â”€â”€â”€â”€â”€â”€â”€â”€â”€â”€â”€â”€â”€â”€â”€â”€â”€â”€â”€â”€â”€â”€â”€â”€â”€â”€â”€â”€â”€â”€â”€â”€â”€â”€â”€â”€â”€â”€â”€â”€â”€â”€â”€â”€â”€â”€â”€â”€â”€â”€â”€â”€â”€â”€â”€â”€â”€â”€â”€â”€â”€â”€â”€â”€â”€â”€â”€â”€â”€â”€â”€â”€â”€â”€â”€â”€â”€â”€â”€â”€â”€â”€â”€â”€â”€
2025-02-21T14:31:08.6604720Z   alabaster                      0.7.16               pyhd8ed1ab_0             conda-forge
2025-02-21T14:31:08.6605170Z   anyio                          4.4.0                pyhd8ed1ab_0             conda-forge
2025-02-21T14:31:08.6605650Z   appnope                        0.1.4                pyhd8ed1ab_0             conda-forge
2025-02-21T14:31:08.6606070Z   argon2-cffi                    23.1.0               pyhd8ed1ab_0             conda-forge
2025-02-21T14:31:08.6606650Z   argon2-cffi-bindings           21.2.0               py312h02f2b3b_4          conda-forge
2025-02-21T14:31:08.6615210Z   arrow                          1.3.0                pyhd8ed1ab_0             conda-forge
2025-02-21T14:31:08.6615690Z   astropy                        6.1.1                py312hbebd99a_0          conda-forge
2025-02-21T14:31:08.6616090Z   astropy-iers-data              0.2024.6.17.0.31.35  pyhd8ed1ab_0             conda-forge
2025-02-21T14:31:08.6616560Z   astropy-sphinx-theme           1.1                  pyhd8ed1ab_0             conda-forge
2025-02-21T14:31:08.6616980Z   asttokens                      2.4.1                pyhd8ed1ab_0             conda-forge
2025-02-21T14:31:08.6617490Z   async-lru                      2.0.4                pyhd8ed1ab_0             conda-forge
2025-02-21T14:31:08.6617840Z   atk-1.0                        2.38.0               hd03087b_2               conda-forge
2025-02-21T14:31:08.6645020Z   attrs                          23.2.0               pyh71513ae_0             conda-forge
2025-02-21T14:31:08.6645410Z   babel                          2.14.0               pyhd8ed1ab_0             conda-forge
2025-02-21T14:31:08.6645850Z   beautifulsoup4                 4.12.3               pyha770c72_0             conda-forge
2025-02-21T14:31:08.6646250Z   bleach                         6.1.0                pyhd8ed1ab_0             conda-forge
2025-02-21T14:31:08.6646970Z   blosc                          1.21.5               h9c252e8_1               conda-forge
2025-02-21T14:31:08.6647510Z   brotli                         1.1.0                hb547adb_1               conda-forge
2025-02-21T14:31:08.6647930Z   brotli-bin                     1.1.0                hb547adb_1               conda-forge
2025-02-21T14:31:08.6648310Z   brotli-python                  1.1.0                py312h9f69965_1          conda-forge
2025-02-21T14:31:08.6648750Z   bzip2                          1.0.8                h93a5062_5               conda-forge
2025-02-21T14:31:08.6649090Z   c-ares                         1.28.1               h93a5062_0               conda-forge
2025-02-21T14:31:08.6649900Z   c-blosc2                       2.14.4               ha57e6be_1               conda-forge
2025-02-21T14:31:08.6650370Z   ca-certificates                2024.6.2             hf0a4a13_0               conda-forge
2025-02-21T14:31:08.6650780Z   cached-property                1.5.2                hd8ed1ab_1               conda-forge
2025-02-21T14:31:08.6651240Z   cached_property                1.5.2                pyha770c72_1             conda-forge
2025-02-21T14:31:08.6651590Z   cairo                          1.18.0               hd1e100b_0               conda-forge
2025-02-21T14:31:08.6651880Z   certifi                        2024.6.2             pyhd8ed1ab_0             conda-forge
2025-02-21T14:31:08.6652290Z   cffi                           1.16.0               py312h8e38eb3_0          conda-forge
2025-02-21T14:31:08.6652710Z   charset-normalizer             3.3.2                pyhd8ed1ab_0             conda-forge
2025-02-21T14:31:08.6653170Z   click                          8.1.7                unix_pyh707e725_0        conda-forge
2025-02-21T14:31:08.6653490Z   codespell                      2.3.0                pyhd8ed1ab_0             conda-forge
2025-02-21T14:31:08.6653870Z   colorama                       0.4.6                pyhd8ed1ab_0             conda-forge
2025-02-21T14:31:08.6654300Z   comm                           0.2.2                pyhd8ed1ab_0             conda-forge
2025-02-21T14:31:08.6654690Z   commonmark                     0.9.1                py_0                     conda-forge
2025-02-21T14:31:08.6655120Z   contourpy                      1.2.1                py312h0fef576_0          conda-forge
2025-02-21T14:31:08.6655560Z   coverage                       7.5.3                py312h7e5086c_0          conda-forge
2025-02-21T14:31:08.6656060Z   cycler                         0.12.1               pyhd8ed1ab_0             conda-forge
2025-02-21T14:31:08.6656470Z   dataclasses                    0.8                  pyhc8e2a94_3             conda-forge
2025-02-21T14:31:08.6657340Z   debugpy                        1.8.1                py312h20a0b95_0          conda-forge
2025-02-21T14:31:08.6657710Z   decorator                      5.1.1                pyhd8ed1ab_0             conda-forge
2025-02-21T14:31:08.6658050Z   defusedxml                     0.7.1                pyhd8ed1ab_0             conda-forge
2025-02-21T14:31:08.6658350Z   docutils                       0.20.1               py312h81bd7bf_3          conda-forge
2025-02-21T14:31:08.6658690Z   dot2tex                        2.11.3               pyhd8ed1ab_0             conda-forge
2025-02-21T14:31:08.6659060Z   entrypoints                    0.4                  pyhd8ed1ab_0             conda-forge
2025-02-21T14:31:08.6659490Z   exceptiongroup                 1.2.0                pyhd8ed1ab_2             conda-forge
2025-02-21T14:31:08.6659890Z   executing                      2.0.1                pyhd8ed1ab_0             conda-forge
2025-02-21T14:31:08.6660230Z   expat                          2.6.2                hebf3989_0               conda-forge
2025-02-21T14:31:08.6660710Z   font-ttf-dejavu-sans-mono      2.37                 hab24e00_0               conda-forge
2025-02-21T14:31:08.6661140Z   font-ttf-inconsolata           3.000                h77eed37_0               conda-forge
2025-02-21T14:31:08.6661600Z   font-ttf-source-code-pro       2.038                h77eed37_0               conda-forge
2025-02-21T14:31:08.6662000Z   font-ttf-ubuntu                0.83                 h77eed37_2               conda-forge
2025-02-21T14:31:08.6662460Z   fontconfig                     2.14.2               h82840c6_0               conda-forge
2025-02-21T14:31:08.6662850Z   fonts-conda-ecosystem          1                    0                        conda-forge
2025-02-21T14:31:08.6663320Z   fonts-conda-forge              1                    0                        conda-forge
2025-02-21T14:31:08.6663690Z   fonttools                      4.53.0               py312h7e5086c_0          conda-forge
2025-02-21T14:31:08.6664220Z   fqdn                           1.5.1                pyhd8ed1ab_0             conda-forge
2025-02-21T14:31:08.6664620Z   freetype                       2.12.1               hadb7bae_2               conda-forge
2025-02-21T14:31:08.6665020Z   fribidi                        1.0.10               h27ca646_0               conda-forge
2025-02-21T14:31:08.6666710Z   future                         1.0.0                pyhd8ed1ab_0             conda-forge
2025-02-21T14:31:08.6667200Z   gdk-pixbuf                     2.42.12              h7ddc832_0               conda-forge
2025-02-21T14:31:08.6667620Z   gettext                        0.22.5               h8fbad5d_2               conda-forge
2025-02-21T14:31:08.6668190Z   gettext-tools                  0.22.5               h8fbad5d_2               conda-forge
2025-02-21T14:31:08.6669200Z   giflib                         5.2.2                h93a5062_0               conda-forge
2025-02-21T14:31:08.6669520Z   git-lfs                        3.5.1                hce30654_0               conda-forge
2025-02-21T14:31:08.6669830Z   gmp                            6.3.0                hebf3989_1               conda-forge
2025-02-21T14:31:08.6670110Z   gmpy2                          2.1.5                py312hfa9fade_1          conda-forge
2025-02-21T14:31:08.6670430Z   graphite2                      1.3.13               hebf3989_1003            conda-forge
2025-02-21T14:31:08.6670750Z   graphviz                       11.0.0               h9bb9bc9_0               conda-forge
2025-02-21T14:31:08.6671050Z   gtk2                           2.24.33              h7895bb2_4               conda-forge
2025-02-21T14:31:08.6671440Z   gts                            0.7.6                he42f4ea_4               conda-forge
2025-02-21T14:31:08.6671720Z   h11                            0.14.0               pyhd8ed1ab_0             conda-forge
2025-02-21T14:31:08.6672060Z   h2                             4.1.0                pyhd8ed1ab_0             conda-forge
2025-02-21T14:31:08.6672610Z   h5py                           3.11.0               nompi_py312h903599c_102  conda-forge
2025-02-21T14:31:08.6673000Z   harfbuzz                       8.5.0                h1836168_0               conda-forge
2025-02-21T14:31:08.6673400Z   hdf5                           1.14.3               nompi_hec07895_105       conda-forge
2025-02-21T14:31:08.6673790Z   hpack                          4.0.0                pyh9f0ad1d_0             conda-forge
2025-02-21T14:31:08.6674310Z   httpcore                       1.0.5                pyhd8ed1ab_0             conda-forge
2025-02-21T14:31:08.6674840Z   httpx                          0.27.0               pyhd8ed1ab_0             conda-forge
2025-02-21T14:31:08.6675130Z   hyperframe                     6.0.1                pyhd8ed1ab_0             conda-forge
2025-02-21T14:31:08.6675410Z   icu                            73.2                 hc8870d7_0               conda-forge
2025-02-21T14:31:08.6675670Z   idna                           3.7                  pyhd8ed1ab_0             conda-forge
2025-02-21T14:31:08.6675950Z   imagesize                      1.4.1                pyhd8ed1ab_0             conda-forge
2025-02-21T14:31:08.6676310Z   importlib-metadata             7.1.0                pyha770c72_0             conda-forge
2025-02-21T14:31:08.6676690Z   importlib_metadata             7.1.0                hd8ed1ab_0               conda-forge
2025-02-21T14:31:08.6677090Z   importlib_resources            6.4.0                pyhd8ed1ab_0             conda-forge
2025-02-21T14:31:08.6677500Z   iniconfig                      2.0.0                pyhd8ed1ab_0             conda-forge
2025-02-21T14:31:08.6677830Z   ipykernel                      6.29.4               pyh57ce528_0             conda-forge
2025-02-21T14:31:08.6678110Z   ipython                        8.25.0               pyh707e725_0             conda-forge
2025-02-21T14:31:08.6678410Z   ipython_genutils               0.2.0                pyhd8ed1ab_1             conda-forge
2025-02-21T14:31:08.6678930Z   ipywidgets                     7.8.0                pyhd8ed1ab_0             conda-forge
2025-02-21T14:31:08.6679300Z   isoduration                    20.11.0              pyhd8ed1ab_0             conda-forge
2025-02-21T14:31:08.6679590Z   jedi                           0.19.1               pyhd8ed1ab_0             conda-forge
2025-02-21T14:31:08.6679940Z   jinja2                         3.1.4                pyhd8ed1ab_0             conda-forge
2025-02-21T14:31:08.6680240Z   json5                          0.9.25               pyhd8ed1ab_0             conda-forge
2025-02-21T14:31:08.6680580Z   jsonpointer                    3.0.0                py312h81bd7bf_0          conda-forge
2025-02-21T14:31:08.6680950Z   jsonschema                     4.22.0               pyhd8ed1ab_0             conda-forge
2025-02-21T14:31:08.6681320Z   jsonschema-specifications      2023.12.1            pyhd8ed1ab_0             conda-forge
2025-02-21T14:31:08.6681780Z   jsonschema-with-format-nongpl  4.22.0               pyhd8ed1ab_0             conda-forge
2025-02-21T14:31:08.6682150Z   jupyter-lsp                    2.2.5                pyhd8ed1ab_0             conda-forge
2025-02-21T14:31:08.6682460Z   jupyter_client                 8.6.2                pyhd8ed1ab_0             conda-forge
2025-02-21T14:31:08.6682800Z   jupyter_core                   5.7.2                py312h81bd7bf_0          conda-forge
2025-02-21T14:31:08.6683200Z   jupyter_events                 0.10.0               pyhd8ed1ab_0             conda-forge
2025-02-21T14:31:08.6683530Z   jupyter_server                 2.14.1               pyhd8ed1ab_0             conda-forge
2025-02-21T14:31:08.6683930Z   jupyter_server_terminals       0.5.3                pyhd8ed1ab_0             conda-forge
2025-02-21T14:31:08.6684320Z   jupyterlab                     4.2.2                pyhd8ed1ab_0             conda-forge
2025-02-21T14:31:08.6684690Z   jupyterlab_pygments            0.3.0                pyhd8ed1ab_1             conda-forge
2025-02-21T14:31:08.6685210Z   jupyterlab_server              2.27.2               pyhd8ed1ab_0             conda-forge
2025-02-21T14:31:08.6685560Z   jupyterlab_widgets             1.1.7                pyhd8ed1ab_0             conda-forge
2025-02-21T14:31:08.6685940Z   kiwisolver                     1.4.5                py312h389731b_1          conda-forge
2025-02-21T14:31:08.6686260Z   krb5                           1.21.2               h92f50d5_0               conda-forge
2025-02-21T14:31:08.6686640Z   latexcodec                     2.0.1                pyh9f0ad1d_0             conda-forge
2025-02-21T14:31:08.6686960Z   lcms2                          2.16                 ha0e7c42_0               conda-forge
2025-02-21T14:31:08.6687300Z   lerc                           4.0.0                h9a09cb3_0               conda-forge
2025-02-21T14:31:08.6687600Z   libaec                         1.1.3                hebf3989_0               conda-forge
2025-02-21T14:31:08.6687970Z   libasprintf                    0.22.5               h8fbad5d_2               conda-forge
2025-02-21T14:31:08.6688330Z   libasprintf-devel              0.22.5               h8fbad5d_2               conda-forge
2025-02-21T14:31:08.6688750Z   libblas                        3.9.0                22_osxarm64_openblas     conda-forge
2025-02-21T14:31:08.6689150Z   libbrotlicommon                1.1.0                hb547adb_1               conda-forge
2025-02-21T14:31:08.6689480Z   libbrotlidec                   1.1.0                hb547adb_1               conda-forge
2025-02-21T14:31:08.6689860Z   libbrotlienc                   1.1.0                hb547adb_1               conda-forge
2025-02-21T14:31:08.6690190Z   libcblas                       3.9.0                22_osxarm64_openblas     conda-forge
2025-02-21T14:31:08.6690550Z   libcurl                        8.8.0                h7b6f9a7_0               conda-forge
2025-02-21T14:31:08.6690860Z   libcxx                         17.0.6               h5f092b4_0               conda-forge
2025-02-21T14:31:08.6691480Z   libdeflate                     1.20                 h93a5062_0               conda-forge
2025-02-21T14:31:08.6691840Z   libedit                        3.1.20191231         hc8eb9b7_2               conda-forge
2025-02-21T14:31:08.6692230Z   libev                          4.33                 h93a5062_2               conda-forge
2025-02-21T14:31:08.6692550Z   libexpat                       2.6.2                hebf3989_0               conda-forge
2025-02-21T14:31:08.6692930Z   libffi                         3.4.2                h3422bc3_5               conda-forge
2025-02-21T14:31:08.6693280Z   libgd                          2.3.3                hfdf3952_9               conda-forge
2025-02-21T14:31:08.6693570Z   libgettextpo                   0.22.5               h8fbad5d_2               conda-forge
2025-02-21T14:31:08.6693930Z   libgettextpo-devel             0.22.5               h8fbad5d_2               conda-forge
2025-02-21T14:31:08.6694280Z   libgfortran                    5.0.0                13_2_0_hd922786_3        conda-forge
2025-02-21T14:31:08.6694720Z   libgfortran5                   13.2.0               hf226fd6_3               conda-forge
2025-02-21T14:31:08.6695090Z   libglib                        2.80.2               h59d46d9_1               conda-forge
2025-02-21T14:31:08.6695490Z   libiconv                       1.17                 h0d3ecfb_2               conda-forge
2025-02-21T14:31:08.6695800Z   libintl                        0.22.5               h8fbad5d_2               conda-forge
2025-02-21T14:31:08.6696100Z   libintl-devel                  0.22.5               h8fbad5d_2               conda-forge
2025-02-21T14:31:08.6696460Z   libjpeg-turbo                  3.0.0                hb547adb_1               conda-forge
2025-02-21T14:31:08.6696810Z   liblapack                      3.9.0                22_osxarm64_openblas     conda-forge
2025-02-21T14:31:08.6697160Z   libllvm14                      14.0.6               hd1a9a77_4               conda-forge
2025-02-21T14:31:08.6698040Z   libnghttp2                     1.58.0               ha4dd798_1               conda-forge
2025-02-21T14:31:08.6698390Z   libopenblas                    0.3.27               openmp_h6c19121_0        conda-forge
2025-02-21T14:31:08.6698770Z   libpng                         1.6.43               h091b4b1_0               conda-forge
2025-02-21T14:31:08.6699050Z   librsvg                        2.58.1               hbc281fb_0               conda-forge
2025-02-21T14:31:08.6699370Z   libsodium                      1.0.18               h27ca646_1               conda-forge
2025-02-21T14:31:08.6699710Z   libsqlite                      3.46.0               hfb93653_0               conda-forge
2025-02-21T14:31:08.6700060Z   libssh2                        1.11.0               h7a5bd25_0               conda-forge
2025-02-21T14:31:08.6700380Z   libtiff                        4.6.0                h07db509_3               conda-forge
2025-02-21T14:31:08.6700650Z   libwebp                        1.4.0                h54798ee_0               conda-forge
2025-02-21T14:31:08.6700950Z   libwebp-base                   1.4.0                h93a5062_0               conda-forge
2025-02-21T14:31:08.6701310Z   libxcb                         1.16                 hf2054a2_0               conda-forge
2025-02-21T14:31:08.6701680Z   libxml2                        2.12.7               ha661575_1               conda-forge
2025-02-21T14:31:08.6702000Z   libxslt                        1.1.39               h223e5b9_0               conda-forge
2025-02-21T14:31:08.6702350Z   libzlib                        1.3.1                hfb2fe0b_1               conda-forge
2025-02-21T14:31:08.6702680Z   llvm-openmp                    18.1.7               hde57baf_0               conda-forge
2025-02-21T14:31:08.6703070Z   llvmlite                       0.42.0               py312h17030e7_1          conda-forge
2025-02-21T14:31:08.6703380Z   lxml                           5.2.2                py312h0e5ab22_0          conda-forge
2025-02-21T14:31:08.6703690Z   lz4-c                          1.9.4                hb7217d7_0               conda-forge
2025-02-21T14:31:08.6704120Z   markupsafe                     2.1.5                py312he37b823_0          conda-forge
2025-02-21T14:31:08.6704520Z   matplotlib-base                3.8.4                py312h4479663_2          conda-forge
2025-02-21T14:31:08.6704850Z   matplotlib-inline              0.1.7                pyhd8ed1ab_0             conda-forge
2025-02-21T14:31:08.6705170Z   mistune                        3.0.2                pyhd8ed1ab_0             conda-forge
2025-02-21T14:31:08.6705440Z   mpc                            1.3.1                h91ba8db_0               conda-forge
2025-02-21T14:31:08.6705740Z   mpfr                           4.2.1                h41d338b_1               conda-forge
2025-02-21T14:31:08.6706060Z   mpmath                         1.3.0                pyhd8ed1ab_0             conda-forge
2025-02-21T14:31:08.6706340Z   munkres                        1.1.4                pyh9f0ad1d_0             conda-forge
2025-02-21T14:31:08.6706700Z   mypy_extensions                1.0.0                pyha770c72_0             conda-forge
2025-02-21T14:31:08.6707000Z   nbclassic                      1.1.0                pyhd8ed1ab_0             conda-forge
2025-02-21T14:31:08.6707320Z   nbclient                       0.10.0               pyhd8ed1ab_0             conda-forge
2025-02-21T14:31:08.6707640Z   nbconvert                      7.16.4               hd8ed1ab_1               conda-forge
2025-02-21T14:31:08.6707930Z   nbconvert-core                 7.16.4               pyhd8ed1ab_1             conda-forge
2025-02-21T14:31:08.6708280Z   nbconvert-pandoc               7.16.4               hd8ed1ab_1               conda-forge
2025-02-21T14:31:08.6708620Z   nbformat                       5.10.4               pyhd8ed1ab_0             conda-forge
2025-02-21T14:31:08.6708900Z   nbsphinx                       0.9.4                pyhd8ed1ab_0             conda-forge
2025-02-21T14:31:08.6709330Z   ncurses                        6.5                  hb89a1cb_0               conda-forge
2025-02-21T14:31:08.6709620Z   nest-asyncio                   1.6.0                pyhd8ed1ab_0             conda-forge
2025-02-21T14:31:08.6709910Z   networkx                       3.3                  pyhd8ed1ab_1             conda-forge
2025-02-21T14:31:08.6710180Z   notebook                       7.2.1                pyhd8ed1ab_0             conda-forge
2025-02-21T14:31:08.6710470Z   notebook-shim                  0.2.4                pyhd8ed1ab_0             conda-forge
2025-02-21T14:31:08.6710850Z   numba                          0.59.1               py312hbaff935_0          conda-forge
2025-02-21T14:31:08.6711140Z   numexpr                        2.10.0               py312h8ae5369_0          conda-forge
2025-02-21T14:31:08.6711410Z   numpy                          1.26.4               py312h8442bc7_0          conda-forge
2025-02-21T14:31:08.6711680Z   numpydoc                       1.7.0                pyhd8ed1ab_1             conda-forge
2025-02-21T14:31:08.6711970Z   openjpeg                       2.5.2                h9f1df11_0               conda-forge
2025-02-21T14:31:08.6712240Z   openssl                        3.3.1                hfb2fe0b_0               conda-forge
2025-02-21T14:31:08.6712520Z   overrides                      7.7.0                pyhd8ed1ab_0             conda-forge
2025-02-21T14:31:08.6712810Z   packaging                      24.1                 pyhd8ed1ab_0             conda-forge
2025-02-21T14:31:08.6713090Z   pandas                         2.2.2                py312h8ae5369_1          conda-forge
2025-02-21T14:31:08.6713350Z   pandoc                         3.2                  hce30654_0               conda-forge
2025-02-21T14:31:08.6713660Z   pandocfilters                  1.5.0                pyhd8ed1ab_0             conda-forge
2025-02-21T14:31:08.6713940Z   pango                          1.54.0               h5cb9fbc_0               conda-forge
2025-02-21T14:31:08.6714210Z   parso                          0.8.4                pyhd8ed1ab_0             conda-forge
2025-02-21T14:31:08.6714620Z   pathspec                       0.12.1               pyhd8ed1ab_0             conda-forge
2025-02-21T14:31:08.6714900Z   pbr                            6.0.0                pyhd8ed1ab_0             conda-forge
2025-02-21T14:31:08.6715160Z   pcre2                          10.44                h297a79d_0               conda-forge
2025-02-21T14:31:08.6715420Z   pexpect                        4.9.0                pyhd8ed1ab_0             conda-forge
2025-02-21T14:31:08.6715710Z   pickleshare                    0.7.5                py_1003                  conda-forge
2025-02-21T14:31:08.6715990Z   pillow                         10.3.0               py312h39b1d8d_1          conda-forge
2025-02-21T14:31:08.6716260Z   pip                            24.0                 pyhd8ed1ab_0             conda-forge
2025-02-21T14:31:08.6716510Z   pixman                         0.43.4               hebf3989_0               conda-forge
2025-02-21T14:31:08.6716820Z   pkgutil-resolve-name           1.3.10               pyhd8ed1ab_1             conda-forge
2025-02-21T14:31:08.6717150Z   platformdirs                   4.2.2                pyhd8ed1ab_0             conda-forge
2025-02-21T14:31:08.6717430Z   plotly                         5.22.0               pyhd8ed1ab_0             conda-forge
2025-02-21T14:31:08.6717700Z   pluggy                         1.5.0                pyhd8ed1ab_0             conda-forge
2025-02-21T14:31:08.6718000Z   prometheus_client              0.20.0               pyhd8ed1ab_0             conda-forge
2025-02-21T14:31:08.6718310Z   prompt-toolkit                 3.0.47               pyha770c72_0             conda-forge
2025-02-21T14:31:08.6718600Z   psutil                         5.9.8                py312he37b823_0          conda-forge
2025-02-21T14:31:08.6718880Z   pthread-stubs                  0.4                  h27ca646_1001            conda-forge
2025-02-21T14:31:08.6719280Z   ptyprocess                     0.7.0                pyhd3deb0d_0             conda-forge
2025-02-21T14:31:08.6719570Z   pure_eval                      0.2.2                pyhd8ed1ab_0             conda-forge
2025-02-21T14:31:08.6719860Z   py-cpuinfo                     9.0.0                pyhd8ed1ab_0             conda-forge
2025-02-21T14:31:08.6720140Z   pybtex                         0.24.0               pyhd8ed1ab_2             conda-forge
2025-02-21T14:31:08.6720440Z   pybtex-docutils                1.0.3                py312h81bd7bf_1          conda-forge
2025-02-21T14:31:08.6720740Z   pycparser                      2.22                 pyhd8ed1ab_0             conda-forge
2025-02-21T14:31:08.6721020Z   pyerfa                         2.0.1.4              py312hbebd99a_1          conda-forge
2025-02-21T14:31:08.6721300Z   pygments                       2.18.0               pyhd8ed1ab_0             conda-forge
2025-02-21T14:31:08.6721580Z   pygraphviz                     1.13                 py312h5f4d302_1          conda-forge
2025-02-21T14:31:08.6721880Z   pyobjc-core                    10.3.1               py312hbb55c70_0          conda-forge
2025-02-21T14:31:08.6722210Z   pyobjc-framework-cocoa         10.3.1               py312hbb55c70_0          conda-forge
2025-02-21T14:31:08.6722530Z   pyparsing                      3.1.2                pyhd8ed1ab_0             conda-forge
2025-02-21T14:31:08.6722810Z   pysocks                        1.7.1                pyha2e5f31_6             conda-forge
2025-02-21T14:31:08.6723080Z   pytables                       3.9.2                py312hb622ae1_2          conda-forge
2025-02-21T14:31:08.6723350Z   pytest                         8.2.2                pyhd8ed1ab_0             conda-forge
2025-02-21T14:31:08.6723630Z   pytest-cov                     5.0.0                pyhd8ed1ab_0             conda-forge
2025-02-21T14:31:08.6723940Z   pytest-doctestplus             1.2.1                pyhd8ed1ab_0             conda-forge
2025-02-21T14:31:08.6724250Z   pytest-html                    4.1.1                pyhd8ed1ab_0             conda-forge
2025-02-21T14:31:08.6724660Z   pytest-metadata                3.1.1                pyhd8ed1ab_0             conda-forge
2025-02-21T14:31:08.6724960Z   python                         3.12.4               h30c5eda_0_cpython       conda-forge
2025-02-21T14:31:08.6725260Z   python-dateutil                2.9.0                pyhd8ed1ab_0             conda-forge
2025-02-21T14:31:08.6725590Z   python-fastjsonschema          2.20.0               pyhd8ed1ab_0             conda-forge
2025-02-21T14:31:08.6725930Z   python-json-logger             2.0.7                pyhd8ed1ab_0             conda-forge
2025-02-21T14:31:08.6726250Z   python-tzdata                  2024.1               pyhd8ed1ab_0             conda-forge
2025-02-21T14:31:08.6726540Z   python_abi                     3.12                 4_cp312                  conda-forge
2025-02-21T14:31:08.6726820Z   pytz                           2024.1               pyhd8ed1ab_0             conda-forge
2025-02-21T14:31:08.6727090Z   pyyaml                         6.0.1                py312h02f2b3b_1          conda-forge
2025-02-21T14:31:08.6727360Z   pyzmq                          26.0.3               py312hfa13136_0          conda-forge
2025-02-21T14:31:08.6727630Z   qgrid                          1.3.1                pyhd8ed1ab_4             conda-forge
2025-02-21T14:31:08.6727920Z   radioactivedecay               0.5.1                pyhd8ed1ab_0             conda-forge
2025-02-21T14:31:08.6728220Z   readline                       8.2                  h92ec313_1               conda-forge
2025-02-21T14:31:08.6728510Z   recommonmark                   0.7.1                pyhd8ed1ab_0             conda-forge
2025-02-21T14:31:08.6728800Z   referencing                    0.35.1               pyhd8ed1ab_0             conda-forge
2025-02-21T14:31:08.6729090Z   requests                       2.32.3               pyhd8ed1ab_0             conda-forge
2025-02-21T14:31:08.6729390Z   rfc3339-validator              0.1.4                pyhd8ed1ab_0             conda-forge
2025-02-21T14:31:08.6729810Z   rfc3986-validator              0.1.1                pyh9f0ad1d_0             conda-forge
2025-02-21T14:31:08.6730100Z   rpds-py                        0.18.1               py312h552d48e_0          conda-forge
2025-02-21T14:31:08.6730380Z   ruff                           0.4.9                py312h3402d49_0          conda-forge
2025-02-21T14:31:08.6730640Z   scipy                          1.13.1               py312h14ffa8f_0          conda-forge
2025-02-21T14:31:08.6730920Z   send2trash                     1.8.3                pyh31c8845_0             conda-forge
2025-02-21T14:31:08.6731210Z   setuptools                     70.0.0               pyhd8ed1ab_0             conda-forge
2025-02-21T14:31:08.6731510Z   setuptools-scm                 8.1.0                pyhd8ed1ab_0             conda-forge
2025-02-21T14:31:08.6731810Z   setuptools_scm                 8.1.0                hd8ed1ab_0               conda-forge
2025-02-21T14:31:08.6732090Z   six                            1.16.0               pyh6c4a22f_0             conda-forge
2025-02-21T14:31:08.6732380Z   snakeviz                       2.2.0                pyhd8ed1ab_0             conda-forge
2025-02-21T14:31:08.6732670Z   snappy                         1.2.0                hd04f947_1               conda-forge
2025-02-21T14:31:08.6733080Z   sniffio                        1.3.1                pyhd8ed1ab_0             conda-forge
2025-02-21T14:31:08.6733560Z   snowballstemmer                2.2.0                pyhd8ed1ab_0             conda-forge
2025-02-21T14:31:08.6733950Z   soupsieve                      2.5                  pyhd8ed1ab_1             conda-forge
2025-02-21T14:31:08.6740220Z   sphinx                         7.3.7                pyhd8ed1ab_0             conda-forge
2025-02-21T14:31:08.6740560Z   sphinx-astropy                 1.9.1                pyhd8ed1ab_0             conda-forge
2025-02-21T14:31:08.6740890Z   sphinx-automodapi              0.17.0               pyh717bed2_1             conda-forge
2025-02-21T14:31:08.6741440Z   sphinx-gallery                 0.16.0               pyhd8ed1ab_0             conda-forge
2025-02-21T14:31:08.6741760Z   sphinx-jsonschema              1.19.1               pyhd8ed1ab_0             conda-forge
2025-02-21T14:31:08.6742090Z   sphinx_bootstrap_theme         0.8.1                pyhd8ed1ab_0             conda-forge
2025-02-21T14:31:08.6742410Z   sphinx_rtd_theme               2.0.0                pyha770c72_0             conda-forge
2025-02-21T14:31:08.6742730Z   sphinxcontrib-apidoc           0.3.0                py_1                     conda-forge
2025-02-21T14:31:08.6743080Z   sphinxcontrib-applehelp        1.0.8                pyhd8ed1ab_0             conda-forge
2025-02-21T14:31:08.6743420Z   sphinxcontrib-bibtex           2.6.2                pyhd8ed1ab_0             conda-forge
2025-02-21T14:31:08.6743750Z   sphinxcontrib-devhelp          1.0.6                pyhd8ed1ab_0             conda-forge
2025-02-21T14:31:08.6744100Z   sphinxcontrib-htmlhelp         2.0.5                pyhd8ed1ab_0             conda-forge
2025-02-21T14:31:08.6744440Z   sphinxcontrib-jquery           4.1                  pyhd8ed1ab_0             conda-forge
2025-02-21T14:31:08.6744770Z   sphinxcontrib-jsmath           1.0.1                pyhd8ed1ab_0             conda-forge
2025-02-21T14:31:08.6745110Z   sphinxcontrib-qthelp           1.0.7                pyhd8ed1ab_0             conda-forge
2025-02-21T14:31:08.6745480Z   sphinxcontrib-serializinghtml  1.1.10               pyhd8ed1ab_0             conda-forge
2025-02-21T14:31:08.6745810Z   stack_data                     0.6.2                pyhd8ed1ab_0             conda-forge
2025-02-21T14:31:08.6746090Z   sympy                          1.12.1               pypyh2585a3b_103         conda-forge
2025-02-21T14:31:08.6746360Z   tabulate                       0.9.0                pyhd8ed1ab_1             conda-forge
2025-02-21T14:31:08.6746640Z   tenacity                       8.4.1                pyhd8ed1ab_0             conda-forge
2025-02-21T14:31:08.6747120Z   terminado                      0.18.1               pyh31c8845_0             conda-forge
2025-02-21T14:31:08.6747400Z   tinycss2                       1.3.0                pyhd8ed1ab_0             conda-forge
2025-02-21T14:31:08.6747660Z   tk                             8.6.13               h5083fa2_1               conda-forge
2025-02-21T14:31:08.6747910Z   toml                           0.10.2               pyhd8ed1ab_0             conda-forge
2025-02-21T14:31:08.6748170Z   tomli                          2.0.1                pyhd8ed1ab_0             conda-forge
2025-02-21T14:31:08.6748440Z   tornado                        6.4.1                py312h7e5086c_0          conda-forge
2025-02-21T14:31:08.6748710Z   tqdm                           4.66.4               pyhd8ed1ab_0             conda-forge
2025-02-21T14:31:08.6748990Z   traitlets                      5.14.3               pyhd8ed1ab_0             conda-forge
2025-02-21T14:31:08.6749270Z   typed-ast                      1.5.5                py312h02f2b3b_1          conda-forge
2025-02-21T14:31:08.6749600Z   types-python-dateutil          2.9.0.20240316       pyhd8ed1ab_0             conda-forge
2025-02-21T14:31:08.6749940Z   typing-extensions              4.12.2               hd8ed1ab_0               conda-forge
2025-02-21T14:31:08.6750250Z   typing_extensions              4.12.2               pyha770c72_0             conda-forge
2025-02-21T14:31:08.6750560Z   typing_utils                   0.1.0                pyhd8ed1ab_0             conda-forge
2025-02-21T14:31:08.6750840Z   tzdata                         2024a                h0c530f3_0               conda-forge
2025-02-21T14:31:08.6751130Z   uri-template                   1.3.0                pyhd8ed1ab_0             conda-forge
2025-02-21T14:31:08.6751420Z   urllib3                        2.2.2                pyhd8ed1ab_0             conda-forge
2025-02-21T14:31:08.6751690Z   wcwidth                        0.2.13               pyhd8ed1ab_0             conda-forge
2025-02-21T14:31:08.6752070Z   webcolors                      24.6.0               pyhd8ed1ab_0             conda-forge
2025-02-21T14:31:08.6752370Z   webencodings                   0.5.1                pyhd8ed1ab_2             conda-forge
2025-02-21T14:31:08.6752670Z   websocket-client               1.8.0                pyhd8ed1ab_0             conda-forge
2025-02-21T14:31:08.6752960Z   wheel                          0.43.0               pyhd8ed1ab_1             conda-forge
2025-02-21T14:31:08.6753250Z   widgetsnbextension             3.6.6                pyhd8ed1ab_0             conda-forge
2025-02-21T14:31:08.6753560Z   xorg-libxau                    1.0.11               hb547adb_0               conda-forge
2025-02-21T14:31:08.6753860Z   xorg-libxdmcp                  1.1.3                h27ca646_0               conda-forge
2025-02-21T14:31:08.6754130Z   xz                             5.2.6                h57fd34a_0               conda-forge
2025-02-21T14:31:08.6754390Z   yaml                           0.2.5                h3422bc3_2               conda-forge
2025-02-21T14:31:08.6754650Z   zeromq                         4.3.5                hcc0f68c_4               conda-forge
2025-02-21T14:31:08.6754920Z   zipp                           3.19.2               pyhd8ed1ab_0             conda-forge
2025-02-21T14:31:08.6755170Z   zlib                           1.3.1                hfb2fe0b_1               conda-forge
2025-02-21T14:31:08.6755430Z   zlib-ng                        2.0.7                h1a8c8d9_0               conda-forge
2025-02-21T14:31:08.6755690Z   zstd                           1.5.6                hb46c0d2_0               conda-forge
2025-02-21T14:31:08.6756120Z ##[endgroup]
2025-02-21T14:31:08.6815220Z ##[group]Run pip install -e . --user
2025-02-21T14:31:08.6815470Z [36;1mpip install -e . --user[0m
2025-02-21T14:31:08.9293990Z shell: /bin/bash -l {0}
2025-02-21T14:31:08.9294230Z env:
2025-02-21T14:31:08.9294360Z   CACHE_NUMBER: 0
2025-02-21T14:31:08.9295130Z   PYTEST_FLAGS: --tardis-regression-data=/Users/runner/work/tardis/tardis/tardis-regression-data --cov=tardis --cov-report=xml --cov-report=html --cov-append
2025-02-21T14:31:08.9295630Z   CODECOV_TOKEN: 
2025-02-21T14:31:08.9295800Z   MAMBA_ROOT_PREFIX: /Users/runner/micromamba
2025-02-21T14:31:08.9296050Z   MAMBA_EXE: /Users/runner/micromamba-bin/micromamba
2025-02-21T14:31:08.9296340Z   CONDARC: /Users/runner/work/_temp/setup-micromamba/.condarc
2025-02-21T14:31:08.9296590Z ##[endgroup]
2025-02-21T14:31:09.9683170Z Obtaining file:///Users/runner/work/tardis/tardis
2025-02-21T14:31:09.9706010Z   Installing build dependencies: started
2025-02-21T14:31:12.4240130Z   Installing build dependencies: finished with status 'done'
2025-02-21T14:31:12.4347240Z   Checking if build backend supports build_editable: started
2025-02-21T14:31:12.5420150Z   Checking if build backend supports build_editable: finished with status 'done'
2025-02-21T14:31:12.5428920Z   Getting requirements to build editable: started
2025-02-21T14:31:13.0391640Z   Getting requirements to build editable: finished with status 'done'
2025-02-21T14:31:13.0401620Z   Preparing editable metadata (pyproject.toml): started
2025-02-21T14:31:13.4343310Z   Preparing editable metadata (pyproject.toml): finished with status 'done'
2025-02-21T14:31:13.4755810Z Requirement already satisfied: astropy in /Users/runner/micromamba/envs/tardis/lib/python3.12/site-packages (from tardis==0.0.0) (6.1.1)
2025-02-21T14:31:13.5005270Z Requirement already satisfied: numpy>=1.23 in /Users/runner/micromamba/envs/tardis/lib/python3.12/site-packages (from astropy->tardis==0.0.0) (1.26.4)
2025-02-21T14:31:13.5011010Z Requirement already satisfied: pyerfa>=2.0.1.1 in /Users/runner/micromamba/envs/tardis/lib/python3.12/site-packages (from astropy->tardis==0.0.0) (2.0.1.4)
2025-02-21T14:31:13.5017170Z Requirement already satisfied: astropy-iers-data>=0.2024.5.27.0.30.8 in /Users/runner/micromamba/envs/tardis/lib/python3.12/site-packages (from astropy->tardis==0.0.0) (0.2024.6.17.0.31.35)
2025-02-21T14:31:13.5021820Z Requirement already satisfied: PyYAML>=3.13 in /Users/runner/micromamba/envs/tardis/lib/python3.12/site-packages (from astropy->tardis==0.0.0) (6.0.1)
2025-02-21T14:31:13.5027250Z Requirement already satisfied: packaging>=19.0 in /Users/runner/micromamba/envs/tardis/lib/python3.12/site-packages (from astropy->tardis==0.0.0) (24.1)
2025-02-21T14:31:13.5110360Z Building wheels for collected packages: tardis
2025-02-21T14:31:13.5117090Z   Building editable for tardis (pyproject.toml): started
2025-02-21T14:31:14.2066330Z   Building editable for tardis (pyproject.toml): finished with status 'done'
2025-02-21T14:31:14.2080230Z   Created wheel for tardis: filename=tardis-0.0.0-0.editable-py3-none-any.whl size=8877 sha256=7830feeb74385ff06f9de09bcde8756657e10a3a72a5065fdd497841e6183ed1
2025-02-21T14:31:14.2089300Z   Stored in directory: /private/var/folders/2s/h6hvv9ps03xgz_krkkstvq_r0000gn/T/pip-ephem-wheel-cache-qsarwie8/wheels/bb/4f/6a/0829b918c1c10bc28535ce7f14be21eee54375bdd9cd0c306a
2025-02-21T14:31:14.2101580Z Successfully built tardis
2025-02-21T14:31:14.7308440Z Installing collected packages: tardis
2025-02-21T14:31:14.7654480Z Successfully installed tardis-0.0.0
2025-02-21T14:31:15.0343320Z ##[group]Run pip install qgridnext
2025-02-21T14:31:15.0343550Z [36;1mpip install qgridnext[0m
2025-02-21T14:31:15.0400060Z shell: /bin/bash -l {0}
2025-02-21T14:31:15.0400230Z env:
2025-02-21T14:31:15.0400360Z   CACHE_NUMBER: 0
2025-02-21T14:31:15.0400830Z   PYTEST_FLAGS: --tardis-regression-data=/Users/runner/work/tardis/tardis/tardis-regression-data --cov=tardis --cov-report=xml --cov-report=html --cov-append
2025-02-21T14:31:15.0401320Z   CODECOV_TOKEN: 
2025-02-21T14:31:15.0401500Z   MAMBA_ROOT_PREFIX: /Users/runner/micromamba
2025-02-21T14:31:15.0401740Z   MAMBA_EXE: /Users/runner/micromamba-bin/micromamba
2025-02-21T14:31:15.0402080Z   CONDARC: /Users/runner/work/_temp/setup-micromamba/.condarc
2025-02-21T14:31:15.0402310Z ##[endgroup]
2025-02-21T14:31:15.5994420Z Collecting qgridnext
2025-02-21T14:31:15.6189360Z   Downloading qgridnext-2.0.4-py3-none-any.whl.metadata (9.9 kB)
2025-02-21T14:31:15.6347220Z Requirement already satisfied: pandas>=0.20.0 in /Users/runner/micromamba/envs/tardis/lib/python3.12/site-packages (from qgridnext) (2.2.2)
2025-02-21T14:31:15.6352220Z Requirement already satisfied: ipywidgets>=7.0.0 in /Users/runner/micromamba/envs/tardis/lib/python3.12/site-packages (from qgridnext) (7.8.0)
2025-02-21T14:31:15.6357840Z Requirement already satisfied: numpy in /Users/runner/micromamba/envs/tardis/lib/python3.12/site-packages (from qgridnext) (1.26.4)
2025-02-21T14:31:15.6363920Z Requirement already satisfied: traitlets in /Users/runner/micromamba/envs/tardis/lib/python3.12/site-packages (from qgridnext) (5.14.3)
2025-02-21T14:31:15.6412770Z Requirement already satisfied: comm>=0.1.3 in /Users/runner/micromamba/envs/tardis/lib/python3.12/site-packages (from ipywidgets>=7.0.0->qgridnext) (0.2.2)
2025-02-21T14:31:15.6417440Z Requirement already satisfied: ipython-genutils~=0.2.0 in /Users/runner/micromamba/envs/tardis/lib/python3.12/site-packages (from ipywidgets>=7.0.0->qgridnext) (0.2.0)
2025-02-21T14:31:15.6425260Z Requirement already satisfied: widgetsnbextension~=3.6.5 in /Users/runner/micromamba/envs/tardis/lib/python3.12/site-packages (from ipywidgets>=7.0.0->qgridnext) (3.6.6)
2025-02-21T14:31:15.6433530Z Requirement already satisfied: ipython>=4.0.0 in /Users/runner/micromamba/envs/tardis/lib/python3.12/site-packages (from ipywidgets>=7.0.0->qgridnext) (8.25.0)
2025-02-21T14:31:15.6441680Z Requirement already satisfied: jupyterlab-widgets<3,>=1.0.0 in /Users/runner/micromamba/envs/tardis/lib/python3.12/site-packages (from ipywidgets>=7.0.0->qgridnext) (1.1.7)
2025-02-21T14:31:15.6705480Z Requirement already satisfied: python-dateutil>=2.8.2 in /Users/runner/micromamba/envs/tardis/lib/python3.12/site-packages (from pandas>=0.20.0->qgridnext) (2.9.0)
2025-02-21T14:31:15.6714650Z Requirement already satisfied: pytz>=2020.1 in /Users/runner/micromamba/envs/tardis/lib/python3.12/site-packages (from pandas>=0.20.0->qgridnext) (2024.1)
2025-02-21T14:31:15.6720440Z Requirement already satisfied: tzdata>=2022.7 in /Users/runner/micromamba/envs/tardis/lib/python3.12/site-packages (from pandas>=0.20.0->qgridnext) (2024.1)
2025-02-21T14:31:15.6922270Z Requirement already satisfied: decorator in /Users/runner/micromamba/envs/tardis/lib/python3.12/site-packages (from ipython>=4.0.0->ipywidgets>=7.0.0->qgridnext) (5.1.1)
2025-02-21T14:31:15.6934650Z Requirement already satisfied: jedi>=0.16 in /Users/runner/micromamba/envs/tardis/lib/python3.12/site-packages (from ipython>=4.0.0->ipywidgets>=7.0.0->qgridnext) (0.19.1)
2025-02-21T14:31:15.6941360Z Requirement already satisfied: matplotlib-inline in /Users/runner/micromamba/envs/tardis/lib/python3.12/site-packages (from ipython>=4.0.0->ipywidgets>=7.0.0->qgridnext) (0.1.7)
2025-02-21T14:31:15.6947550Z Requirement already satisfied: prompt-toolkit<3.1.0,>=3.0.41 in /Users/runner/micromamba/envs/tardis/lib/python3.12/site-packages (from ipython>=4.0.0->ipywidgets>=7.0.0->qgridnext) (3.0.47)
2025-02-21T14:31:15.6953720Z Requirement already satisfied: pygments>=2.4.0 in /Users/runner/micromamba/envs/tardis/lib/python3.12/site-packages (from ipython>=4.0.0->ipywidgets>=7.0.0->qgridnext) (2.18.0)
2025-02-21T14:31:15.6966930Z Requirement already satisfied: stack-data in /Users/runner/micromamba/envs/tardis/lib/python3.12/site-packages (from ipython>=4.0.0->ipywidgets>=7.0.0->qgridnext) (0.6.2)
2025-02-21T14:31:15.6971910Z Requirement already satisfied: pexpect>4.3 in /Users/runner/micromamba/envs/tardis/lib/python3.12/site-packages (from ipython>=4.0.0->ipywidgets>=7.0.0->qgridnext) (4.9.0)
2025-02-21T14:31:15.6998580Z Requirement already satisfied: six>=1.5 in /Users/runner/micromamba/envs/tardis/lib/python3.12/site-packages (from python-dateutil>=2.8.2->pandas>=0.20.0->qgridnext) (1.16.0)
2025-02-21T14:31:15.7032020Z Requirement already satisfied: notebook>=4.4.1 in /Users/runner/micromamba/envs/tardis/lib/python3.12/site-packages (from widgetsnbextension~=3.6.5->ipywidgets>=7.0.0->qgridnext) (7.2.1)
2025-02-21T14:31:15.7143870Z Requirement already satisfied: parso<0.9.0,>=0.8.3 in /Users/runner/micromamba/envs/tardis/lib/python3.12/site-packages (from jedi>=0.16->ipython>=4.0.0->ipywidgets>=7.0.0->qgridnext) (0.8.4)
2025-02-21T14:31:15.7241530Z Requirement already satisfied: jupyter-server<3,>=2.4.0 in /Users/runner/micromamba/envs/tardis/lib/python3.12/site-packages (from notebook>=4.4.1->widgetsnbextension~=3.6.5->ipywidgets>=7.0.0->qgridnext) (2.14.1)
2025-02-21T14:31:15.7252700Z Requirement already satisfied: jupyterlab-server<3,>=2.27.1 in /Users/runner/micromamba/envs/tardis/lib/python3.12/site-packages (from notebook>=4.4.1->widgetsnbextension~=3.6.5->ipywidgets>=7.0.0->qgridnext) (2.27.2)
2025-02-21T14:31:15.7264120Z Requirement already satisfied: jupyterlab<4.3,>=4.2.0 in /Users/runner/micromamba/envs/tardis/lib/python3.12/site-packages (from notebook>=4.4.1->widgetsnbextension~=3.6.5->ipywidgets>=7.0.0->qgridnext) (4.2.2)
2025-02-21T14:31:15.7270480Z Requirement already satisfied: notebook-shim<0.3,>=0.2 in /Users/runner/micromamba/envs/tardis/lib/python3.12/site-packages (from notebook>=4.4.1->widgetsnbextension~=3.6.5->ipywidgets>=7.0.0->qgridnext) (0.2.4)
2025-02-21T14:31:15.7276070Z Requirement already satisfied: tornado>=6.2.0 in /Users/runner/micromamba/envs/tardis/lib/python3.12/site-packages (from notebook>=4.4.1->widgetsnbextension~=3.6.5->ipywidgets>=7.0.0->qgridnext) (6.4.1)
2025-02-21T14:31:15.7293630Z Requirement already satisfied: ptyprocess>=0.5 in /Users/runner/micromamba/envs/tardis/lib/python3.12/site-packages (from pexpect>4.3->ipython>=4.0.0->ipywidgets>=7.0.0->qgridnext) (0.7.0)
2025-02-21T14:31:15.7309650Z Requirement already satisfied: wcwidth in /Users/runner/micromamba/envs/tardis/lib/python3.12/site-packages (from prompt-toolkit<3.1.0,>=3.0.41->ipython>=4.0.0->ipywidgets>=7.0.0->qgridnext) (0.2.13)
2025-02-21T14:31:15.7388410Z Requirement already satisfied: executing>=1.2.0 in /Users/runner/micromamba/envs/tardis/lib/python3.12/site-packages (from stack-data->ipython>=4.0.0->ipywidgets>=7.0.0->qgridnext) (2.0.1)
2025-02-21T14:31:15.7393950Z Requirement already satisfied: asttokens>=2.1.0 in /Users/runner/micromamba/envs/tardis/lib/python3.12/site-packages (from stack-data->ipython>=4.0.0->ipywidgets>=7.0.0->qgridnext) (2.4.1)
2025-02-21T14:31:15.7398540Z Requirement already satisfied: pure-eval in /Users/runner/micromamba/envs/tardis/lib/python3.12/site-packages (from stack-data->ipython>=4.0.0->ipywidgets>=7.0.0->qgridnext) (0.2.2)
2025-02-21T14:31:15.7602680Z Requirement already satisfied: anyio>=3.1.0 in /Users/runner/micromamba/envs/tardis/lib/python3.12/site-packages (from jupyter-server<3,>=2.4.0->notebook>=4.4.1->widgetsnbextension~=3.6.5->ipywidgets>=7.0.0->qgridnext) (4.4.0)
2025-02-21T14:31:15.7609660Z Requirement already satisfied: argon2-cffi>=21.1 in /Users/runner/micromamba/envs/tardis/lib/python3.12/site-packages (from jupyter-server<3,>=2.4.0->notebook>=4.4.1->widgetsnbextension~=3.6.5->ipywidgets>=7.0.0->qgridnext) (23.1.0)
2025-02-21T14:31:15.7616520Z Requirement already satisfied: jinja2>=3.0.3 in /Users/runner/micromamba/envs/tardis/lib/python3.12/site-packages (from jupyter-server<3,>=2.4.0->notebook>=4.4.1->widgetsnbextension~=3.6.5->ipywidgets>=7.0.0->qgridnext) (3.1.4)
2025-02-21T14:31:15.7625620Z Requirement already satisfied: jupyter-client>=7.4.4 in /Users/runner/micromamba/envs/tardis/lib/python3.12/site-packages (from jupyter-server<3,>=2.4.0->notebook>=4.4.1->widgetsnbextension~=3.6.5->ipywidgets>=7.0.0->qgridnext) (8.6.2)
2025-02-21T14:31:15.7633550Z Requirement already satisfied: jupyter-core!=5.0.*,>=4.12 in /Users/runner/micromamba/envs/tardis/lib/python3.12/site-packages (from jupyter-server<3,>=2.4.0->notebook>=4.4.1->widgetsnbextension~=3.6.5->ipywidgets>=7.0.0->qgridnext) (5.7.2)
2025-02-21T14:31:15.7641260Z Requirement already satisfied: jupyter-events>=0.9.0 in /Users/runner/micromamba/envs/tardis/lib/python3.12/site-packages (from jupyter-server<3,>=2.4.0->notebook>=4.4.1->widgetsnbextension~=3.6.5->ipywidgets>=7.0.0->qgridnext) (0.10.0)
2025-02-21T14:31:15.7648250Z Requirement already satisfied: jupyter-server-terminals>=0.4.4 in /Users/runner/micromamba/envs/tardis/lib/python3.12/site-packages (from jupyter-server<3,>=2.4.0->notebook>=4.4.1->widgetsnbextension~=3.6.5->ipywidgets>=7.0.0->qgridnext) (0.5.3)
2025-02-21T14:31:15.7659800Z Requirement already satisfied: nbconvert>=6.4.4 in /Users/runner/micromamba/envs/tardis/lib/python3.12/site-packages (from jupyter-server<3,>=2.4.0->notebook>=4.4.1->widgetsnbextension~=3.6.5->ipywidgets>=7.0.0->qgridnext) (7.16.4)
2025-02-21T14:31:15.7666590Z Requirement already satisfied: nbformat>=5.3.0 in /Users/runner/micromamba/envs/tardis/lib/python3.12/site-packages (from jupyter-server<3,>=2.4.0->notebook>=4.4.1->widgetsnbextension~=3.6.5->ipywidgets>=7.0.0->qgridnext) (5.10.4)
2025-02-21T14:31:15.7672230Z Requirement already satisfied: overrides>=5.0 in /Users/runner/micromamba/envs/tardis/lib/python3.12/site-packages (from jupyter-server<3,>=2.4.0->notebook>=4.4.1->widgetsnbextension~=3.6.5->ipywidgets>=7.0.0->qgridnext) (7.7.0)
2025-02-21T14:31:15.7680750Z Requirement already satisfied: packaging>=22.0 in /Users/runner/micromamba/envs/tardis/lib/python3.12/site-packages (from jupyter-server<3,>=2.4.0->notebook>=4.4.1->widgetsnbextension~=3.6.5->ipywidgets>=7.0.0->qgridnext) (24.1)
2025-02-21T14:31:15.7690840Z Requirement already satisfied: prometheus-client>=0.9 in /Users/runner/micromamba/envs/tardis/lib/python3.12/site-packages (from jupyter-server<3,>=2.4.0->notebook>=4.4.1->widgetsnbextension~=3.6.5->ipywidgets>=7.0.0->qgridnext) (0.20.0)
2025-02-21T14:31:15.7702370Z Requirement already satisfied: pyzmq>=24 in /Users/runner/micromamba/envs/tardis/lib/python3.12/site-packages (from jupyter-server<3,>=2.4.0->notebook>=4.4.1->widgetsnbextension~=3.6.5->ipywidgets>=7.0.0->qgridnext) (26.0.3)
2025-02-21T14:31:15.7710620Z Requirement already satisfied: send2trash>=1.8.2 in /Users/runner/micromamba/envs/tardis/lib/python3.12/site-packages (from jupyter-server<3,>=2.4.0->notebook>=4.4.1->widgetsnbextension~=3.6.5->ipywidgets>=7.0.0->qgridnext) (1.8.3)
2025-02-21T14:31:15.7720320Z Requirement already satisfied: terminado>=0.8.3 in /Users/runner/micromamba/envs/tardis/lib/python3.12/site-packages (from jupyter-server<3,>=2.4.0->notebook>=4.4.1->widgetsnbextension~=3.6.5->ipywidgets>=7.0.0->qgridnext) (0.18.1)
2025-02-21T14:31:15.7733940Z Requirement already satisfied: websocket-client>=1.7 in /Users/runner/micromamba/envs/tardis/lib/python3.12/site-packages (from jupyter-server<3,>=2.4.0->notebook>=4.4.1->widgetsnbextension~=3.6.5->ipywidgets>=7.0.0->qgridnext) (1.8.0)
2025-02-21T14:31:15.7916050Z Requirement already satisfied: async-lru>=1.0.0 in /Users/runner/micromamba/envs/tardis/lib/python3.12/site-packages (from jupyterlab<4.3,>=4.2.0->notebook>=4.4.1->widgetsnbextension~=3.6.5->ipywidgets>=7.0.0->qgridnext) (2.0.4)
2025-02-21T14:31:15.7924310Z Requirement already satisfied: httpx>=0.25.0 in /Users/runner/micromamba/envs/tardis/lib/python3.12/site-packages (from jupyterlab<4.3,>=4.2.0->notebook>=4.4.1->widgetsnbextension~=3.6.5->ipywidgets>=7.0.0->qgridnext) (0.27.0)
2025-02-21T14:31:15.7935040Z Requirement already satisfied: ipykernel>=6.5.0 in /Users/runner/micromamba/envs/tardis/lib/python3.12/site-packages (from jupyterlab<4.3,>=4.2.0->notebook>=4.4.1->widgetsnbextension~=3.6.5->ipywidgets>=7.0.0->qgridnext) (6.29.4)
2025-02-21T14:31:15.7941670Z Requirement already satisfied: jupyter-lsp>=2.0.0 in /Users/runner/micromamba/envs/tardis/lib/python3.12/site-packages (from jupyterlab<4.3,>=4.2.0->notebook>=4.4.1->widgetsnbextension~=3.6.5->ipywidgets>=7.0.0->qgridnext) (2.2.5)
2025-02-21T14:31:15.7958020Z Requirement already satisfied: setuptools>=40.1.0 in /Users/runner/micromamba/envs/tardis/lib/python3.12/site-packages (from jupyterlab<4.3,>=4.2.0->notebook>=4.4.1->widgetsnbextension~=3.6.5->ipywidgets>=7.0.0->qgridnext) (70.0.0)
2025-02-21T14:31:15.8077750Z Requirement already satisfied: babel>=2.10 in /Users/runner/micromamba/envs/tardis/lib/python3.12/site-packages (from jupyterlab-server<3,>=2.27.1->notebook>=4.4.1->widgetsnbextension~=3.6.5->ipywidgets>=7.0.0->qgridnext) (2.14.0)
2025-02-21T14:31:15.8099490Z Requirement already satisfied: json5>=0.9.0 in /Users/runner/micromamba/envs/tardis/lib/python3.12/site-packages (from jupyterlab-server<3,>=2.27.1->notebook>=4.4.1->widgetsnbextension~=3.6.5->ipywidgets>=7.0.0->qgridnext) (0.9.25)
2025-02-21T14:31:15.8108710Z Requirement already satisfied: jsonschema>=4.18.0 in /Users/runner/micromamba/envs/tardis/lib/python3.12/site-packages (from jupyterlab-server<3,>=2.27.1->notebook>=4.4.1->widgetsnbextension~=3.6.5->ipywidgets>=7.0.0->qgridnext) (4.22.0)
2025-02-21T14:31:15.8119040Z Requirement already satisfied: requests>=2.31 in /Users/runner/micromamba/envs/tardis/lib/python3.12/site-packages (from jupyterlab-server<3,>=2.27.1->notebook>=4.4.1->widgetsnbextension~=3.6.5->ipywidgets>=7.0.0->qgridnext) (2.32.3)
2025-02-21T14:31:15.8381430Z Requirement already satisfied: idna>=2.8 in /Users/runner/micromamba/envs/tardis/lib/python3.12/site-packages (from anyio>=3.1.0->jupyter-server<3,>=2.4.0->notebook>=4.4.1->widgetsnbextension~=3.6.5->ipywidgets>=7.0.0->qgridnext) (3.7)
2025-02-21T14:31:15.8483330Z Requirement already satisfied: sniffio>=1.1 in /Users/runner/micromamba/envs/tardis/lib/python3.12/site-packages (from anyio>=3.1.0->jupyter-server<3,>=2.4.0->notebook>=4.4.1->widgetsnbextension~=3.6.5->ipywidgets>=7.0.0->qgridnext) (1.3.1)
2025-02-21T14:31:15.8583910Z Requirement already satisfied: argon2-cffi-bindings in /Users/runner/micromamba/envs/tardis/lib/python3.12/site-packages (from argon2-cffi>=21.1->jupyter-server<3,>=2.4.0->notebook>=4.4.1->widgetsnbextension~=3.6.5->ipywidgets>=7.0.0->qgridnext) (21.2.0)
2025-02-21T14:31:15.8679450Z Requirement already satisfied: certifi in /Users/runner/micromamba/envs/tardis/lib/python3.12/site-packages (from httpx>=0.25.0->jupyterlab<4.3,>=4.2.0->notebook>=4.4.1->widgetsnbextension~=3.6.5->ipywidgets>=7.0.0->qgridnext) (2024.6.2)
2025-02-21T14:31:15.8681310Z Requirement already satisfied: httpcore==1.* in /Users/runner/micromamba/envs/tardis/lib/python3.12/site-packages (from httpx>=0.25.0->jupyterlab<4.3,>=4.2.0->notebook>=4.4.1->widgetsnbextension~=3.6.5->ipywidgets>=7.0.0->qgridnext) (1.0.5)
2025-02-21T14:31:15.8682760Z Requirement already satisfied: h11<0.15,>=0.13 in /Users/runner/micromamba/envs/tardis/lib/python3.12/site-packages (from httpcore==1.*->httpx>=0.25.0->jupyterlab<4.3,>=4.2.0->notebook>=4.4.1->widgetsnbextension~=3.6.5->ipywidgets>=7.0.0->qgridnext) (0.14.0)
2025-02-21T14:31:15.8727190Z Requirement already satisfied: appnope in /Users/runner/micromamba/envs/tardis/lib/python3.12/site-packages (from ipykernel>=6.5.0->jupyterlab<4.3,>=4.2.0->notebook>=4.4.1->widgetsnbextension~=3.6.5->ipywidgets>=7.0.0->qgridnext) (0.1.4)
2025-02-21T14:31:15.8736140Z Requirement already satisfied: debugpy>=1.6.5 in /Users/runner/micromamba/envs/tardis/lib/python3.12/site-packages (from ipykernel>=6.5.0->jupyterlab<4.3,>=4.2.0->notebook>=4.4.1->widgetsnbextension~=3.6.5->ipywidgets>=7.0.0->qgridnext) (1.8.1)
2025-02-21T14:31:15.8749070Z Requirement already satisfied: nest-asyncio in /Users/runner/micromamba/envs/tardis/lib/python3.12/site-packages (from ipykernel>=6.5.0->jupyterlab<4.3,>=4.2.0->notebook>=4.4.1->widgetsnbextension~=3.6.5->ipywidgets>=7.0.0->qgridnext) (1.6.0)
2025-02-21T14:31:15.8758150Z Requirement already satisfied: psutil in /Users/runner/micromamba/envs/tardis/lib/python3.12/site-packages (from ipykernel>=6.5.0->jupyterlab<4.3,>=4.2.0->notebook>=4.4.1->widgetsnbextension~=3.6.5->ipywidgets>=7.0.0->qgridnext) (5.9.8)
2025-02-21T14:31:15.8800030Z Requirement already satisfied: MarkupSafe>=2.0 in /Users/runner/micromamba/envs/tardis/lib/python3.12/site-packages (from jinja2>=3.0.3->jupyter-server<3,>=2.4.0->notebook>=4.4.1->widgetsnbextension~=3.6.5->ipywidgets>=7.0.0->qgridnext) (2.1.5)
2025-02-21T14:31:15.8918990Z Requirement already satisfied: attrs>=22.2.0 in /Users/runner/micromamba/envs/tardis/lib/python3.12/site-packages (from jsonschema>=4.18.0->jupyterlab-server<3,>=2.27.1->notebook>=4.4.1->widgetsnbextension~=3.6.5->ipywidgets>=7.0.0->qgridnext) (23.2.0)
2025-02-21T14:31:15.8924560Z Requirement already satisfied: jsonschema-specifications>=2023.03.6 in /Users/runner/micromamba/envs/tardis/lib/python3.12/site-packages (from jsonschema>=4.18.0->jupyterlab-server<3,>=2.27.1->notebook>=4.4.1->widgetsnbextension~=3.6.5->ipywidgets>=7.0.0->qgridnext) (2023.12.1)
2025-02-21T14:31:15.8929740Z Requirement already satisfied: referencing>=0.28.4 in /Users/runner/micromamba/envs/tardis/lib/python3.12/site-packages (from jsonschema>=4.18.0->jupyterlab-server<3,>=2.27.1->notebook>=4.4.1->widgetsnbextension~=3.6.5->ipywidgets>=7.0.0->qgridnext) (0.35.1)
2025-02-21T14:31:15.8935930Z Requirement already satisfied: rpds-py>=0.7.1 in /Users/runner/micromamba/envs/tardis/lib/python3.12/site-packages (from jsonschema>=4.18.0->jupyterlab-server<3,>=2.27.1->notebook>=4.4.1->widgetsnbextension~=3.6.5->ipywidgets>=7.0.0->qgridnext) (0.18.1)
2025-02-21T14:31:15.9101460Z Requirement already satisfied: platformdirs>=2.5 in /Users/runner/micromamba/envs/tardis/lib/python3.12/site-packages (from jupyter-core!=5.0.*,>=4.12->jupyter-server<3,>=2.4.0->notebook>=4.4.1->widgetsnbextension~=3.6.5->ipywidgets>=7.0.0->qgridnext) (4.2.2)
2025-02-21T14:31:15.9190210Z Requirement already satisfied: python-json-logger>=2.0.4 in /Users/runner/micromamba/envs/tardis/lib/python3.12/site-packages (from jupyter-events>=0.9.0->jupyter-server<3,>=2.4.0->notebook>=4.4.1->widgetsnbextension~=3.6.5->ipywidgets>=7.0.0->qgridnext) (2.0.7)
2025-02-21T14:31:15.9196030Z Requirement already satisfied: pyyaml>=5.3 in /Users/runner/micromamba/envs/tardis/lib/python3.12/site-packages (from jupyter-events>=0.9.0->jupyter-server<3,>=2.4.0->notebook>=4.4.1->widgetsnbextension~=3.6.5->ipywidgets>=7.0.0->qgridnext) (6.0.1)
2025-02-21T14:31:15.9201330Z Requirement already satisfied: rfc3339-validator in /Users/runner/micromamba/envs/tardis/lib/python3.12/site-packages (from jupyter-events>=0.9.0->jupyter-server<3,>=2.4.0->notebook>=4.4.1->widgetsnbextension~=3.6.5->ipywidgets>=7.0.0->qgridnext) (0.1.4)
2025-02-21T14:31:15.9207510Z Requirement already satisfied: rfc3986-validator>=0.1.1 in /Users/runner/micromamba/envs/tardis/lib/python3.12/site-packages (from jupyter-events>=0.9.0->jupyter-server<3,>=2.4.0->notebook>=4.4.1->widgetsnbextension~=3.6.5->ipywidgets>=7.0.0->qgridnext) (0.1.1)
2025-02-21T14:31:15.9457270Z Requirement already satisfied: beautifulsoup4 in /Users/runner/micromamba/envs/tardis/lib/python3.12/site-packages (from nbconvert>=6.4.4->jupyter-server<3,>=2.4.0->notebook>=4.4.1->widgetsnbextension~=3.6.5->ipywidgets>=7.0.0->qgridnext) (4.12.3)
2025-02-21T14:31:15.9468620Z Requirement already satisfied: bleach!=5.0.0 in /Users/runner/micromamba/envs/tardis/lib/python3.12/site-packages (from nbconvert>=6.4.4->jupyter-server<3,>=2.4.0->notebook>=4.4.1->widgetsnbextension~=3.6.5->ipywidgets>=7.0.0->qgridnext) (6.1.0)
2025-02-21T14:31:15.9478210Z Requirement already satisfied: defusedxml in /Users/runner/micromamba/envs/tardis/lib/python3.12/site-packages (from nbconvert>=6.4.4->jupyter-server<3,>=2.4.0->notebook>=4.4.1->widgetsnbextension~=3.6.5->ipywidgets>=7.0.0->qgridnext) (0.7.1)
2025-02-21T14:31:15.9488430Z Requirement already satisfied: jupyterlab-pygments in /Users/runner/micromamba/envs/tardis/lib/python3.12/site-packages (from nbconvert>=6.4.4->jupyter-server<3,>=2.4.0->notebook>=4.4.1->widgetsnbextension~=3.6.5->ipywidgets>=7.0.0->qgridnext) (0.3.0)
2025-02-21T14:31:15.9496580Z Requirement already satisfied: mistune<4,>=2.0.3 in /Users/runner/micromamba/envs/tardis/lib/python3.12/site-packages (from nbconvert>=6.4.4->jupyter-server<3,>=2.4.0->notebook>=4.4.1->widgetsnbextension~=3.6.5->ipywidgets>=7.0.0->qgridnext) (3.0.2)
2025-02-21T14:31:15.9504040Z Requirement already satisfied: nbclient>=0.5.0 in /Users/runner/micromamba/envs/tardis/lib/python3.12/site-packages (from nbconvert>=6.4.4->jupyter-server<3,>=2.4.0->notebook>=4.4.1->widgetsnbextension~=3.6.5->ipywidgets>=7.0.0->qgridnext) (0.10.0)
2025-02-21T14:31:15.9513870Z Requirement already satisfied: pandocfilters>=1.4.1 in /Users/runner/micromamba/envs/tardis/lib/python3.12/site-packages (from nbconvert>=6.4.4->jupyter-server<3,>=2.4.0->notebook>=4.4.1->widgetsnbextension~=3.6.5->ipywidgets>=7.0.0->qgridnext) (1.5.0)
2025-02-21T14:31:15.9519510Z Requirement already satisfied: tinycss2 in /Users/runner/micromamba/envs/tardis/lib/python3.12/site-packages (from nbconvert>=6.4.4->jupyter-server<3,>=2.4.0->notebook>=4.4.1->widgetsnbextension~=3.6.5->ipywidgets>=7.0.0->qgridnext) (1.3.0)
2025-02-21T14:31:15.9587580Z Requirement already satisfied: fastjsonschema>=2.15 in /Users/runner/micromamba/envs/tardis/lib/python3.12/site-packages (from nbformat>=5.3.0->jupyter-server<3,>=2.4.0->notebook>=4.4.1->widgetsnbextension~=3.6.5->ipywidgets>=7.0.0->qgridnext) (2.20.0)
2025-02-21T14:31:15.9848750Z Requirement already satisfied: charset-normalizer<4,>=2 in /Users/runner/micromamba/envs/tardis/lib/python3.12/site-packages (from requests>=2.31->jupyterlab-server<3,>=2.27.1->notebook>=4.4.1->widgetsnbextension~=3.6.5->ipywidgets>=7.0.0->qgridnext) (3.3.2)
2025-02-21T14:31:15.9952610Z Requirement already satisfied: urllib3<3,>=1.21.1 in /Users/runner/micromamba/envs/tardis/lib/python3.12/site-packages (from requests>=2.31->jupyterlab-server<3,>=2.27.1->notebook>=4.4.1->widgetsnbextension~=3.6.5->ipywidgets>=7.0.0->qgridnext) (2.2.2)
2025-02-21T14:31:16.0395050Z Requirement already satisfied: webencodings in /Users/runner/micromamba/envs/tardis/lib/python3.12/site-packages (from bleach!=5.0.0->nbconvert>=6.4.4->jupyter-server<3,>=2.4.0->notebook>=4.4.1->widgetsnbextension~=3.6.5->ipywidgets>=7.0.0->qgridnext) (0.5.1)
2025-02-21T14:31:16.0857670Z Requirement already satisfied: fqdn in /Users/runner/micromamba/envs/tardis/lib/python3.12/site-packages (from jsonschema[format-nongpl]>=4.18.0->jupyter-events>=0.9.0->jupyter-server<3,>=2.4.0->notebook>=4.4.1->widgetsnbextension~=3.6.5->ipywidgets>=7.0.0->qgridnext) (1.5.1)
2025-02-21T14:31:16.0958090Z Requirement already satisfied: isoduration in /Users/runner/micromamba/envs/tardis/lib/python3.12/site-packages (from jsonschema[format-nongpl]>=4.18.0->jupyter-events>=0.9.0->jupyter-server<3,>=2.4.0->notebook>=4.4.1->widgetsnbextension~=3.6.5->ipywidgets>=7.0.0->qgridnext) (20.11.0)
2025-02-21T14:31:16.1060260Z Requirement already satisfied: jsonpointer>1.13 in /Users/runner/micromamba/envs/tardis/lib/python3.12/site-packages (from jsonschema[format-nongpl]>=4.18.0->jupyter-events>=0.9.0->jupyter-server<3,>=2.4.0->notebook>=4.4.1->widgetsnbextension~=3.6.5->ipywidgets>=7.0.0->qgridnext) (3.0.0)
2025-02-21T14:31:16.1162620Z Requirement already satisfied: uri-template in /Users/runner/micromamba/envs/tardis/lib/python3.12/site-packages (from jsonschema[format-nongpl]>=4.18.0->jupyter-events>=0.9.0->jupyter-server<3,>=2.4.0->notebook>=4.4.1->widgetsnbextension~=3.6.5->ipywidgets>=7.0.0->qgridnext) (1.3.0)
2025-02-21T14:31:16.1264850Z Requirement already satisfied: webcolors>=1.11 in /Users/runner/micromamba/envs/tardis/lib/python3.12/site-packages (from jsonschema[format-nongpl]>=4.18.0->jupyter-events>=0.9.0->jupyter-server<3,>=2.4.0->notebook>=4.4.1->widgetsnbextension~=3.6.5->ipywidgets>=7.0.0->qgridnext) (24.6.0)
2025-02-21T14:31:16.1599710Z Requirement already satisfied: cffi>=1.0.1 in /Users/runner/micromamba/envs/tardis/lib/python3.12/site-packages (from argon2-cffi-bindings->argon2-cffi>=21.1->jupyter-server<3,>=2.4.0->notebook>=4.4.1->widgetsnbextension~=3.6.5->ipywidgets>=7.0.0->qgridnext) (1.16.0)
2025-02-21T14:31:16.1658180Z Requirement already satisfied: soupsieve>1.2 in /Users/runner/micromamba/envs/tardis/lib/python3.12/site-packages (from beautifulsoup4->nbconvert>=6.4.4->jupyter-server<3,>=2.4.0->notebook>=4.4.1->widgetsnbextension~=3.6.5->ipywidgets>=7.0.0->qgridnext) (2.5)
2025-02-21T14:31:16.1965910Z Requirement already satisfied: pycparser in /Users/runner/micromamba/envs/tardis/lib/python3.12/site-packages (from cffi>=1.0.1->argon2-cffi-bindings->argon2-cffi>=21.1->jupyter-server<3,>=2.4.0->notebook>=4.4.1->widgetsnbextension~=3.6.5->ipywidgets>=7.0.0->qgridnext) (2.22)
2025-02-21T14:31:16.2281260Z Requirement already satisfied: arrow>=0.15.0 in /Users/runner/micromamba/envs/tardis/lib/python3.12/site-packages (from isoduration->jsonschema[format-nongpl]>=4.18.0->jupyter-events>=0.9.0->jupyter-server<3,>=2.4.0->notebook>=4.4.1->widgetsnbextension~=3.6.5->ipywidgets>=7.0.0->qgridnext) (1.3.0)
2025-02-21T14:31:16.2462510Z Requirement already satisfied: types-python-dateutil>=2.8.10 in /Users/runner/micromamba/envs/tardis/lib/python3.12/site-packages (from arrow>=0.15.0->isoduration->jsonschema[format-nongpl]>=4.18.0->jupyter-events>=0.9.0->jupyter-server<3,>=2.4.0->notebook>=4.4.1->widgetsnbextension~=3.6.5->ipywidgets>=7.0.0->qgridnext) (2.9.0.20240316)
2025-02-21T14:31:16.2733810Z Downloading qgridnext-2.0.4-py3-none-any.whl (1.3 MB)
2025-02-21T14:31:16.2986140Z    â”â”â”â”â”â”â”â”â”â”â”â”â”â”â”â”â”â”â”â”â”â”â”â”â”â”â”â”â”â”â”â”â”â”â”â”â”â”â”â” 1.3/1.3 MB 45.5 MB/s eta 0:00:00
2025-02-21T14:31:16.8807700Z Installing collected packages: qgridnext
2025-02-21T14:31:17.0002780Z Successfully installed qgridnext-2.0.4
2025-02-21T14:31:17.2140580Z ##[group]Run pytest tardis --tardis-regression-data=/Users/runner/work/tardis/tardis/tardis-regression-data --cov=tardis --cov-report=xml --cov-report=html --cov-append -m "not continuum"
2025-02-21T14:31:17.2141570Z [36;1mpytest tardis --tardis-regression-data=/Users/runner/work/tardis/tardis/tardis-regression-data --cov=tardis --cov-report=xml --cov-report=html --cov-append -m "not continuum"[0m
2025-02-21T14:31:17.2198530Z shell: /bin/bash -l {0}
2025-02-21T14:31:17.2198800Z env:
2025-02-21T14:31:17.2198980Z   CACHE_NUMBER: 0
2025-02-21T14:31:17.2199550Z   PYTEST_FLAGS: --tardis-regression-data=/Users/runner/work/tardis/tardis/tardis-regression-data --cov=tardis --cov-report=xml --cov-report=html --cov-append
2025-02-21T14:31:17.2200130Z   CODECOV_TOKEN: 
2025-02-21T14:31:17.2200400Z   MAMBA_ROOT_PREFIX: /Users/runner/micromamba
2025-02-21T14:31:17.2200690Z   MAMBA_EXE: /Users/runner/micromamba-bin/micromamba
2025-02-21T14:31:17.2201100Z   CONDARC: /Users/runner/work/_temp/setup-micromamba/.condarc
2025-02-21T14:31:17.2201350Z ##[endgroup]
2025-02-21T14:31:28.1746150Z ============================= test session starts ==============================
2025-02-21T14:31:28.1746660Z platform darwin -- Python 3.12.4, pytest-8.2.2, pluggy-1.5.0
2025-02-21T14:31:28.1746950Z rootdir: /Users/runner/work/tardis/tardis
2025-02-21T14:31:28.1747240Z configfile: pyproject.toml
2025-02-21T14:31:28.1747560Z plugins: cov-5.0.0, html-4.1.1, metadata-3.1.1, doctestplus-1.2.1, anyio-4.4.0
2025-02-21T14:31:28.1747920Z collected 1796 items / 2 deselected / 1794 selected
2025-02-21T14:31:28.1748140Z 
2025-02-21T14:31:30.9134940Z tardis/energy_input/tests/test_energy_source.py ..xxx                    [  0%]
2025-02-21T14:31:32.4067380Z tardis/energy_input/tests/test_gamma_ray_channel.py ...........          [  0%]
2025-02-21T14:31:33.5316700Z tardis/energy_input/tests/test_gamma_ray_grid.py xx.                     [  1%]
2025-02-21T14:31:34.5666680Z tardis/energy_input/tests/test_gamma_ray_interactions.py xx....          [  1%]
2025-02-21T14:31:34.5766880Z tardis/energy_input/tests/test_gamma_ray_packet_source.py sssssssss      [  1%]
2025-02-21T14:31:35.4479120Z tardis/energy_input/tests/test_util.py .....xxxx.....                    [  2%]
2025-02-21T14:31:35.7007570Z tardis/grid/tests/test_grid.py .                                         [  2%]
2025-02-21T14:31:35.7016780Z tardis/gui/tests/test_gui.py s                                           [  2%]
2025-02-21T14:31:38.2616240Z tardis/io/configuration/tests/test_config_reader.py ...........          [  3%]
2025-02-21T14:31:38.2713970Z tardis/io/configuration/tests/test_configuration_namespace.py .........  [  3%]
2025-02-21T14:31:38.2882340Z tardis/io/logger/tests/test_logging.py ssssssssssssssssssssssssssss      [  5%]
2025-02-21T14:32:05.2722460Z tardis/io/model/readers/tests/test_arepo_parser.py ..                    [  5%]
2025-02-21T14:32:05.3102050Z tardis/io/model/readers/tests/test_ascii_readers.py ...                  [  5%]
2025-02-21T14:32:05.3492710Z tardis/io/model/readers/tests/test_cmfgen_reader.py ..                   [  5%]
2025-02-21T14:32:05.3908660Z tardis/io/model/readers/tests/test_csvy_reader.py ....                   [  6%]
2025-02-21T14:32:05.4271470Z tardis/io/model/readers/tests/test_stella_reader.py ..                   [  6%]
2025-02-21T14:32:05.7828870Z tardis/io/tests/test_HDFWriter.py ...............                        [  7%]
2025-02-21T14:32:06.2965500Z tardis/io/tests/test_atomic.py .....                                     [  7%]
2025-02-21T14:32:06.3158950Z tardis/io/tests/test_decay.py ..                                         [  7%]
2025-02-21T14:32:06.4850750Z tardis/io/tests/test_model_reader.py ......                              [  7%]
2025-02-21T14:32:06.4951310Z tardis/model/geometry/tests/test_radial1d.py ..                          [  7%]
2025-02-21T14:32:40.8089090Z tardis/model/tests/test_base.py ........................................ [ 10%]
2025-02-21T14:32:41.8011410Z ............                                                             [ 10%]
2025-02-21T14:32:44.6519220Z tardis/model/tests/test_csvy_model.py .........                          [ 11%]
2025-02-21T14:32:44.6953200Z tardis/model/tests/test_density.py ..                                    [ 11%]
2025-02-21T14:32:46.1288310Z tardis/opacities/tests/test_opacity_solver.py .....                      [ 11%]
2025-02-21T14:32:47.4053660Z tardis/opacities/tests/test_opacity_state_numba.py .....                 [ 11%]
2025-02-21T14:32:49.9595050Z tardis/opacities/tests/test_tau_sobolev.py ..                            [ 12%]
2025-02-21T14:32:52.5463750Z tardis/plasma/equilibrium/tests/test_collisional_transitions.py ...      [ 12%]
2025-02-21T14:33:37.6712650Z tardis/plasma/equilibrium/tests/test_level_populations.py ....           [ 12%]
2025-02-21T14:33:47.9868780Z tardis/plasma/equilibrium/tests/test_rate_matrix.py .                    [ 12%]
2025-02-21T14:33:49.2785490Z tardis/plasma/tests/test_complete_plasmas.py ..............s......s..... [ 13%]
2025-02-21T14:33:51.9318740Z s....ssssss............s......s.....ss.....s....ssssss............s..... [ 18%]
2025-02-21T14:33:53.9043730Z .s.....ss.....s....ssssss............s......s.....ss.....s....ssssss.... [ 22%]
2025-02-21T14:33:57.3203110Z ........s......s.....ss.....s....ssssss............s......s.....ss.....s [ 26%]
2025-02-21T14:34:00.5055670Z ....ssssss............s......s.....ss.....s....ssssss............s...... [ 30%]
2025-02-21T14:34:01.3452180Z s.....ss.....s....ssssss............s......s.....ss.....s.ss.ssssss..... [ 34%]
2025-02-21T14:34:03.9335610Z .......s......s.....ss.....s....ssssss............s......s.....ss.....s. [ 38%]
2025-02-21T14:34:06.8415870Z ...ssssss............s......s.....ss.....s....ssssss............s......s [ 42%]
2025-02-21T14:34:09.2324720Z .....ss.....s....ssssss............s......s.....s...........ssssss...... [ 46%]
2025-02-21T14:34:10.9922560Z ......s......s.....s...........ssssss............s......s.....s......... [ 50%]
2025-02-21T14:34:14.3787110Z ..ssssss............s......s.....ss.....s....ssssss............s......s. [ 54%]
2025-02-21T14:34:18.5019230Z ....ss.....s....ssssss...................s......s.....s....ssss......... [ 58%]
2025-02-21T14:34:18.9398380Z ............s......s.....s....ssss.......                                [ 60%]
2025-02-21T14:34:19.3550290Z tardis/plasma/tests/test_hdf_plasma.py ................................. [ 62%]
2025-02-21T14:34:19.3822300Z ......                                                                   [ 62%]
2025-02-21T14:34:19.9316160Z tardis/plasma/tests/test_nlte_excitation.py ...                          [ 62%]
2025-02-21T14:36:31.0282120Z tardis/plasma/tests/test_nlte_solver.py .....X                           [ 63%]
2025-02-21T14:36:31.0365980Z tardis/plasma/tests/test_plasma_continuum.py .                           [ 63%]
2025-02-21T14:36:53.0752600Z tardis/plasma/tests/test_plasma_vboundary.py .............               [ 63%]
2025-02-21T14:37:04.0249290Z tardis/plasma/tests/test_tardis_model_density_config.py ...              [ 64%]
2025-02-21T14:37:04.6088680Z tardis/simulation/tests/test_convergence.py .....                        [ 64%]
2025-02-21T14:37:11.8206640Z tardis/simulation/tests/test_simulation.py .............                 [ 65%]
2025-02-21T14:37:11.8368130Z tardis/spectrum/tests/test_cuda_formal_integral.py sssssssssssssssssssss [ 66%]
2025-02-21T14:37:12.1395090Z ssss...ssssssssssssssssssssss                                            [ 67%]
2025-02-21T14:37:12.1442340Z tardis/spectrum/tests/test_luminosity.py ....                            [ 68%]
2025-02-21T14:37:13.1131170Z tardis/spectrum/tests/test_numba_formal_integral.py .................... [ 69%]
2025-02-21T14:37:13.1250830Z ..........                                                               [ 69%]
2025-02-21T14:37:13.2641140Z tardis/spectrum/tests/test_spectrum.py ................................. [ 71%]
2025-02-21T14:37:13.2901510Z .........                                                                [ 72%]
2025-02-21T14:37:35.7035050Z tardis/spectrum/tests/test_spectrum_solver.py ....                       [ 72%]
2025-02-21T14:38:18.1787470Z tardis/tests/test_tardis_full.py .FFF                                    [ 72%]
2025-02-21T14:40:01.0115290Z tardis/tests/test_tardis_full_formal_integral.py ................        [ 73%]
2025-02-21T14:40:01.1105310Z tardis/tests/test_util.py .............................................  [ 75%]
2025-02-21T14:40:03.4885790Z tardis/transport/montecarlo/tests/test_base.py x.....................    [ 77%]
2025-02-21T14:40:08.5734320Z tardis/transport/montecarlo/tests/test_interaction.py .......            [ 77%]
2025-02-21T14:40:08.7344430Z tardis/transport/montecarlo/tests/test_macro_atom.py ....                [ 77%]
2025-02-21T14:40:08.7449840Z tardis/transport/montecarlo/tests/test_montecarlo.py sssssssssssssssssss [ 78%]
2025-02-21T14:40:08.7698150Z sssssssssssssssssssssssssssssssssssssssssssss                            [ 81%]
2025-02-21T14:40:17.4890190Z tardis/transport/montecarlo/tests/test_montecarlo_main_loop.py x..       [ 81%]
2025-02-21T14:40:17.5029540Z tardis/transport/montecarlo/tests/test_nonhomologous.py ...              [ 81%]
2025-02-21T14:40:20.0811930Z tardis/transport/montecarlo/tests/test_numba_interface.py .....x.        [ 82%]
2025-02-21T14:40:20.4753780Z tardis/transport/montecarlo/tests/test_opacities.py ...............      [ 82%]
2025-02-21T14:40:21.2659420Z tardis/transport/montecarlo/tests/test_packet.py .................xXXXXX [ 84%]
2025-02-21T14:40:21.3665130Z XX.........                                                              [ 84%]
2025-02-21T14:40:21.4309010Z tardis/transport/montecarlo/tests/test_packet_source.py ........         [ 85%]
2025-02-21T14:40:21.6775070Z tardis/transport/montecarlo/tests/test_rpacket_last_interaction_tracker.py . [ 85%]
2025-02-21T14:40:22.0719790Z .....                                                                    [ 85%]
2025-02-21T14:40:33.5381790Z tardis/transport/montecarlo/tests/test_rpacket_tracker.py ......         [ 85%]
2025-02-21T14:40:33.5683840Z tardis/transport/montecarlo/tests/test_single_packet_loop.py xxx         [ 86%]
2025-02-21T14:40:33.5750270Z tardis/transport/montecarlo/tests/test_tracker_utils.py ..               [ 86%]
2025-02-21T14:40:34.9716150Z tardis/transport/montecarlo/tests/test_vpacket.py ..x.                   [ 86%]
2025-02-21T14:40:34.9914330Z tardis/transport/montecarlo/tests/test_weighted_packet_source.py ....    [ 86%]
2025-02-21T14:40:38.3561380Z tardis/transport/montecarlo/tests/test_weighted_packet_source_integration.py . [ 86%]
2025-02-21T14:40:38.3563150Z                                                                          [ 86%]
2025-02-21T14:40:38.9608930Z tardis/transport/tests/test_doppler_factor.py ..................         [ 87%]
2025-02-21T14:40:40.8174420Z tardis/visualization/tools/tests/test_convergence_plot.py .............. [ 88%]
2025-02-21T14:40:42.5492630Z ......                                                                   [ 88%]
2025-02-21T14:40:46.2390510Z tardis/visualization/tools/tests/test_liv_plot.py ...................... [ 90%]
2025-02-21T14:40:50.3847390Z .............................                                            [ 91%]
2025-02-21T14:40:53.3896600Z tardis/visualization/tools/tests/test_rpacket_plot.py .................. [ 92%]
2025-02-21T14:41:00.8077380Z ....                                                                     [ 92%]
2025-02-21T14:41:06.0455310Z tardis/visualization/tools/tests/test_sdec_plot.py ..................... [ 94%]
2025-02-21T14:41:12.9389500Z ..............................                                           [ 95%]
2025-02-21T14:41:13.3630150Z tardis/visualization/widgets/tests/test_custom_abundance.py ........ss.. [ 96%]
2025-02-21T14:41:13.4143400Z ....                                                                     [ 96%]
2025-02-21T14:41:14.2794880Z tardis/visualization/widgets/tests/test_line_info.py ................... [ 97%]
2025-02-21T14:41:14.8228490Z ..................                                                       [ 98%]
2025-02-21T14:44:26.0156450Z tardis/visualization/widgets/tests/test_shell_info.py .................. [ 99%]
2025-02-21T14:44:34.3716210Z ......                                                                   [100%]
2025-02-21T14:44:34.3717820Z 
2025-02-21T14:44:34.3718590Z =================================== FAILURES ===================================
2025-02-21T14:44:34.3719750Z __________________ TestTransportSimple.test_j_blue_estimators __________________
2025-02-21T14:44:34.3720730Z 
2025-02-21T14:44:34.3721140Z self = <tardis.tests.test_tardis_full.TestTransportSimple object at 0x11961b800>
2025-02-21T14:44:34.3721900Z simulation_regression_data = <tardis.simulation.base.Simulation object at 0x119619730>
2025-02-21T14:44:34.3722260Z 
2025-02-21T14:44:34.3722450Z     def test_j_blue_estimators(self, simulation_regression_data):
2025-02-21T14:44:34.3725510Z         key = "simulation/transport/transport_state/j_blue_estimator"
2025-02-21T14:44:34.3726290Z         expected = self.get_expected_data(key)
2025-02-21T14:44:34.3726570Z     
2025-02-21T14:44:34.3726840Z >       npt.assert_allclose(
2025-02-21T14:44:34.3727320Z             simulation_regression_data.transport.transport_state.radfield_mc_estimators.j_blue_estimator,
2025-02-21T14:44:34.3727870Z             expected.values,
2025-02-21T14:44:34.3728200Z         )
2025-02-21T14:44:34.3728320Z 
2025-02-21T14:44:34.3728400Z tardis/tests/test_tardis_full.py:60: 
2025-02-21T14:44:34.3728740Z _ _ _ _ _ _ _ _ _ _ _ _ _ _ _ _ _ _ _ _ _ _ _ _ _ _ _ _ _ _ _ _ _ _ _ _ _ _ _ _ 
2025-02-21T14:44:34.3728960Z 
2025-02-21T14:44:34.3729250Z args = (<function assert_allclose.<locals>.compare at 0x12c88dc60>, array([[0., 0., 0., ..., 0., 0., 0.],
2025-02-21T14:44:34.3729700Z        [0., 0., 0.,.....,
2025-02-21T14:44:34.3729960Z        [0., 0., 0., ..., 0., 0., 0.],
2025-02-21T14:44:34.3730210Z        [0., 0., 0., ..., 0., 0., 0.],
2025-02-21T14:44:34.3730730Z        [0., 0., 0., ..., 0., 0., 0.]]))
2025-02-21T14:44:34.3731430Z kwds = {'equal_nan': True, 'err_msg': '', 'header': 'Not equal to tolerance rtol=1e-07, atol=0', 'verbose': True}
2025-02-21T14:44:34.3731730Z 
2025-02-21T14:44:34.3731940Z     @wraps(func)
2025-02-21T14:44:34.3732210Z     def inner(*args, **kwds):
2025-02-21T14:44:34.3732530Z         with self._recreate_cm():
2025-02-21T14:44:34.3732890Z >           return func(*args, **kwds)
2025-02-21T14:44:34.3733190Z E           AssertionError: 
2025-02-21T14:44:34.3733570Z E           Not equal to tolerance rtol=1e-07, atol=0
2025-02-21T14:44:34.3733890Z E           
2025-02-21T14:44:34.3734200Z E           Mismatched elements: 501415 / 584480 (85.8%)
2025-02-21T14:44:34.3734550Z E           Max absolute difference: 1.58727889e-18
2025-02-21T14:44:34.3734950Z E           Max relative difference: 14.12627905
2025-02-21T14:44:34.3735290Z E            x: array([[0., 0., 0., ..., 0., 0., 0.],
2025-02-21T14:44:34.3736270Z E                  [0., 0., 0., ..., 0., 0., 0.],
2025-02-21T14:44:34.3744870Z E                  [0., 0., 0., ..., 0., 0., 0.],...
2025-02-21T14:44:34.3745200Z E            y: array([[0., 0., 0., ..., 0., 0., 0.],
2025-02-21T14:44:34.3745450Z E                  [0., 0., 0., ..., 0., 0., 0.],
2025-02-21T14:44:34.3745770Z E                  [0., 0., 0., ..., 0., 0., 0.],...
2025-02-21T14:44:34.3745900Z 
2025-02-21T14:44:34.3746130Z ../../../micromamba/envs/tardis/lib/python3.12/contextlib.py:81: AssertionError
2025-02-21T14:44:34.3746630Z ______________________ TestTransportSimple.test_spectrum _______________________
2025-02-21T14:44:34.3746910Z 
2025-02-21T14:44:34.3747070Z self = <tardis.tests.test_tardis_full.TestTransportSimple object at 0x11961bc20>
2025-02-21T14:44:34.3747630Z simulation_regression_data = <tardis.simulation.base.Simulation object at 0x119619730>
2025-02-21T14:44:34.3747940Z 
2025-02-21T14:44:34.3748040Z     def test_spectrum(self, simulation_regression_data):
2025-02-21T14:44:34.3748530Z         key = "simulation/spectrum_solver/spectrum_real_packets/luminosity"
2025-02-21T14:44:34.3769320Z         expected = self.get_expected_data(key)
2025-02-21T14:44:34.3770330Z     
2025-02-21T14:44:34.3770980Z         luminosity = u.Quantity(expected, "erg /s")
2025-02-21T14:44:34.3771790Z     
2025-02-21T14:44:34.3772020Z >       assert_quantity_allclose(
2025-02-21T14:44:34.3772380Z             simulation_regression_data.spectrum_solver.spectrum_real_packets.luminosity,
2025-02-21T14:44:34.3772770Z             luminosity,
2025-02-21T14:44:34.3772960Z         )
2025-02-21T14:44:34.3773080Z 
2025-02-21T14:44:34.3773200Z tardis/tests/test_tardis_full.py:71: 
2025-02-21T14:44:34.3773490Z _ _ _ _ _ _ _ _ _ _ _ _ _ _ _ _ _ _ _ _ _ _ _ _ _ _ _ _ _ _ _ _ _ _ _ _ _ _ _ _ 
2025-02-21T14:44:34.3774020Z ../../../micromamba/envs/tardis/lib/python3.12/site-packages/astropy/tests/helper.py:203: in assert_quantity_allclose
2025-02-21T14:44:34.3774520Z     np.testing.assert_allclose(
2025-02-21T14:44:34.3774940Z _ _ _ _ _ _ _ _ _ _ _ _ _ _ _ _ _ _ _ _ _ _ _ _ _ _ _ _ _ _ _ _ _ _ _ _ _ _ _ _ 
2025-02-21T14:44:34.3775220Z 
2025-02-21T14:44:34.3775920Z args = (<function assert_allclose.<locals>.compare at 0x3179e94e0>, array([1.33511090e+39, 1.33738696e+39, 9.41598476e+38, .....), array([1.47119190e+39, 1.69564189e+39, 1.35368464e+39, ...,
2025-02-21T14:44:34.3804980Z        0.00000000e+00, 0.00000000e+00, 0.00000000e+00]))
2025-02-21T14:44:34.3805470Z kwds = {'equal_nan': True, 'err_msg': '', 'header': 'Not equal to tolerance rtol=1e-07, atol=0', 'verbose': True}
2025-02-21T14:44:34.3805770Z 
2025-02-21T14:44:34.3805820Z     @wraps(func)
2025-02-21T14:44:34.3805970Z     def inner(*args, **kwds):
2025-02-21T14:44:34.3806190Z         with self._recreate_cm():
2025-02-21T14:44:34.3806390Z >           return func(*args, **kwds)
2025-02-21T14:44:34.3806600Z E           AssertionError: 
2025-02-21T14:44:34.3806840Z E           Not equal to tolerance rtol=1e-07, atol=0
2025-02-21T14:44:34.3807060Z E           
2025-02-21T14:44:34.3807260Z E           Mismatched elements: 4787 / 10000 (47.9%)
2025-02-21T14:44:34.3807570Z E           Max absolute difference: 3.38544343e+39
2025-02-21T14:44:34.3807820Z E           Max relative difference: 2.93242273
2025-02-21T14:44:34.3808120Z E            x: array([1.335111e+39, 1.337387e+39, 9.415985e+38, ..., 0.000000e+00,
2025-02-21T14:44:34.3808390Z E                  0.000000e+00, 0.000000e+00])
2025-02-21T14:44:34.3808680Z E            y: array([1.471192e+39, 1.695642e+39, 1.353685e+39, ..., 0.000000e+00,
2025-02-21T14:44:34.3808960Z E                  0.000000e+00, 0.000000e+00])
2025-02-21T14:44:34.3809130Z 
2025-02-21T14:44:34.3809310Z ../../../micromamba/envs/tardis/lib/python3.12/contextlib.py:81: AssertionError
2025-02-21T14:44:34.3809700Z __________________ TestTransportSimple.test_virtual_spectrum ___________________
2025-02-21T14:44:34.3809940Z 
2025-02-21T14:44:34.3810140Z self = <tardis.tests.test_tardis_full.TestTransportSimple object at 0x119604d70>
2025-02-21T14:44:34.3810590Z simulation_regression_data = <tardis.simulation.base.Simulation object at 0x119619730>
2025-02-21T14:44:34.3811310Z 
2025-02-21T14:44:34.3811490Z     def test_virtual_spectrum(self, simulation_regression_data):
2025-02-21T14:44:34.3811840Z         key = "simulation/spectrum_solver/spectrum_virtual_packets/luminosity"
2025-02-21T14:44:34.3812200Z         expected = self.get_expected_data(key)
2025-02-21T14:44:34.3812520Z     
2025-02-21T14:44:34.3812730Z         luminosity = u.Quantity(expected, "erg /s")
2025-02-21T14:44:34.3813020Z     
2025-02-21T14:44:34.3813190Z >       assert_quantity_allclose(
2025-02-21T14:44:34.3813620Z             simulation_regression_data.spectrum_solver.spectrum_virtual_packets.luminosity,
2025-02-21T14:44:34.3814020Z             luminosity,
2025-02-21T14:44:34.3814290Z         )
2025-02-21T14:44:34.3814410Z 
2025-02-21T14:44:34.3814500Z tardis/tests/test_tardis_full.py:82: 
2025-02-21T14:44:34.3814870Z _ _ _ _ _ _ _ _ _ _ _ _ _ _ _ _ _ _ _ _ _ _ _ _ _ _ _ _ _ _ _ _ _ _ _ _ _ _ _ _ 
2025-02-21T14:44:34.3815740Z ../../../micromamba/envs/tardis/lib/python3.12/site-packages/astropy/tests/helper.py:203: in assert_quantity_allclose
2025-02-21T14:44:34.3816290Z     np.testing.assert_allclose(
2025-02-21T14:44:34.3816620Z _ _ _ _ _ _ _ _ _ _ _ _ _ _ _ _ _ _ _ _ _ _ _ _ _ _ _ _ _ _ _ _ _ _ _ _ _ _ _ _ 
2025-02-21T14:44:34.3816800Z 
2025-02-21T14:44:34.3817230Z args = (<function assert_allclose.<locals>.compare at 0x3124565c0>, array([1.46352380e+39, 1.37519577e+39, 1.34901151e+39, .....), array([1.44033177e+39, 1.35611403e+39, 1.39755698e+39, ...,
2025-02-21T14:44:34.3817800Z        0.00000000e+00, 0.00000000e+00, 0.00000000e+00]))
2025-02-21T14:44:34.3818240Z kwds = {'equal_nan': True, 'err_msg': '', 'header': 'Not equal to tolerance rtol=1e-07, atol=0', 'verbose': True}
2025-02-21T14:44:34.3823790Z 
2025-02-21T14:44:34.3823860Z     @wraps(func)
2025-02-21T14:44:34.3824100Z     def inner(*args, **kwds):
2025-02-21T14:44:34.3824320Z         with self._recreate_cm():
2025-02-21T14:44:34.3824610Z >           return func(*args, **kwds)
2025-02-21T14:44:34.3824860Z E           AssertionError: 
2025-02-21T14:44:34.3825170Z E           Not equal to tolerance rtol=1e-07, atol=0
2025-02-21T14:44:34.3825460Z E           
2025-02-21T14:44:34.3825660Z E           Mismatched elements: 5800 / 10000 (58%)
2025-02-21T14:44:34.3825940Z E           Max absolute difference: 2.37529699e+39
2025-02-21T14:44:34.3826200Z E           Max relative difference: 18569.59081289
2025-02-21T14:44:34.3826530Z E            x: array([1.463524e+39, 1.375196e+39, 1.349012e+39, ..., 0.000000e+00,
2025-02-21T14:44:34.3826840Z E                  0.000000e+00, 0.000000e+00])
2025-02-21T14:44:34.3827130Z E            y: array([1.440332e+39, 1.356114e+39, 1.397557e+39, ..., 0.000000e+00,
2025-02-21T14:44:34.3827470Z E                  0.000000e+00, 0.000000e+00])
2025-02-21T14:44:34.3827650Z 
2025-02-21T14:44:34.3827820Z ../../../micromamba/envs/tardis/lib/python3.12/contextlib.py:81: AssertionError
2025-02-21T14:44:34.3828230Z =============================== warnings summary ===============================
2025-02-21T14:44:34.3828530Z tardis/io/configuration/config_validator.py:6
2025-02-21T14:44:34.3828850Z tardis/io/configuration/config_validator.py:6
2025-02-21T14:44:34.3829470Z   /Users/runner/work/tardis/tardis/tardis/io/configuration/config_validator.py:6: DeprecationWarning:
2025-02-21T14:44:34.3829870Z   
2025-02-21T14:44:34.3830980Z   jsonschema.RefResolver is deprecated as of v4.18.0, in favor of the https://github.com/python-jsonschema/referencing library, which provides more compliant referencing behavior as well as more flexible APIs for customization. A future release will remove RefResolver. Please file a feature request (on referencing) if you are missing an API for the kind of customization you need.
2025-02-21T14:44:34.3831970Z 
2025-02-21T14:44:34.3832160Z ../../../micromamba/envs/tardis/lib/python3.12/site-packages/jupyter_client/connect.py:22
2025-02-21T14:44:34.3832780Z   /Users/runner/micromamba/envs/tardis/lib/python3.12/site-packages/jupyter_client/connect.py:22: DeprecationWarning:
2025-02-21T14:44:34.3833540Z   
2025-02-21T14:44:34.3833810Z   Jupyter is migrating its paths to use standard platformdirs
2025-02-21T14:44:34.3834160Z   given by the platformdirs library.  To remove this warning and
2025-02-21T14:44:34.3834520Z   see the appropriate new directories, set the environment variable
2025-02-21T14:44:34.3834920Z   `JUPYTER_PLATFORM_DIRS=1` and then run `jupyter --paths`.
2025-02-21T14:44:34.3835220Z   The use of platformdirs will be the default in `jupyter_core` v6
2025-02-21T14:44:34.3835410Z 
2025-02-21T14:44:34.3840260Z tardis/io/tests/test_HDFWriter.py::test_multi_index_write
2025-02-21T14:44:34.3840650Z tardis/visualization/widgets/tests/test_shell_info.py::TestHDFShellInfo::test_shells_data
2025-02-21T14:44:34.3841100Z   /Users/runner/work/tardis/tardis/tardis/io/util.py:276: PerformanceWarning:
2025-02-21T14:44:34.3841380Z   
2025-02-21T14:44:34.3841490Z   
2025-02-21T14:44:34.3841710Z   your performance may suffer as PyTables will pickle object types that it cannot
2025-02-21T14:44:34.3842470Z   map directly to c-types [inferred_type->mixed,key->block0_values] [items->Index([0], dtype='int64')]
2025-02-21T14:44:34.3842750Z 
2025-02-21T14:44:34.3842910Z tardis/io/tests/test_model_reader.py::test_read_cmfgen_isotope_abundances
2025-02-21T14:44:34.3843290Z tardis/plasma/tests/test_tardis_model_density_config.py::test_electron_densities
2025-02-21T14:44:34.3843710Z tardis/plasma/tests/test_tardis_model_density_config.py::test_isotope_number_densities
2025-02-21T14:44:34.3844110Z tardis/plasma/tests/test_tardis_model_density_config.py::test_t_rad
2025-02-21T14:44:34.3844560Z   /Users/runner/work/tardis/tardis/tardis/io/model/readers/cmfgen_deprecated.py:82: DeprecationWarning:
2025-02-21T14:44:34.3844920Z   
2025-02-21T14:44:34.3845130Z   The current CMFGEN model parser is deprecated
2025-02-21T14:44:34.3845280Z 
2025-02-21T14:44:34.3845370Z tardis/io/tests/test_model_reader.py: 1 warning
2025-02-21T14:44:34.3845660Z tardis/plasma/tests/test_tardis_model_density_config.py: 9 warnings
2025-02-21T14:44:34.3846110Z   /Users/runner/work/tardis/tardis/tardis/io/model/readers/cmfgen_deprecated.py:40: DeprecationWarning:
2025-02-21T14:44:34.3846530Z   
2025-02-21T14:44:34.3846730Z   The current CMFGEN model parser is deprecated
2025-02-21T14:44:34.3846930Z 
2025-02-21T14:44:34.3847140Z tardis/model/tests/test_base.py::TestModelFromPaper1Config::test_abundances
2025-02-21T14:44:34.3847740Z   /Users/runner/work/tardis/tardis/tardis/transport/montecarlo/montecarlo_main_loop.py:123: NumbaTypeSafetyWarning:
2025-02-21T14:44:34.3848310Z   
2025-02-21T14:44:34.3851550Z   [1m[1m[1munsafe cast from uint64 to int64. Precision may be lost.[0m[0m[0m
2025-02-21T14:44:34.3851820Z 
2025-02-21T14:44:34.3851950Z tardis/model/tests/test_base.py: 6 warnings
2025-02-21T14:44:34.3852270Z tardis/model/tests/test_csvy_model.py: 2 warnings
2025-02-21T14:44:34.3852620Z tardis/plasma/tests/test_tardis_model_density_config.py: 3 warnings
2025-02-21T14:44:34.3853130Z   /Users/runner/work/tardis/tardis/tardis/model/geometry/radial1d.py:50: DeprecationWarning:
2025-02-21T14:44:34.3853930Z   
2025-02-21T14:44:34.3854240Z   v_inner_boundary < 0, assuming default value
2025-02-21T14:44:34.3854390Z 
2025-02-21T14:44:34.3854520Z tardis/model/tests/test_base.py: 6 warnings
2025-02-21T14:44:34.3854840Z tardis/model/tests/test_csvy_model.py: 2 warnings
2025-02-21T14:44:34.3855190Z tardis/plasma/tests/test_tardis_model_density_config.py: 3 warnings
2025-02-21T14:44:34.3855660Z   /Users/runner/work/tardis/tardis/tardis/model/geometry/radial1d.py:61: DeprecationWarning:
2025-02-21T14:44:34.3855990Z   
2025-02-21T14:44:34.3856130Z   v_outer_boundary < 0, assuming default value
2025-02-21T14:44:34.3856270Z 
2025-02-21T14:44:34.3856650Z tardis/plasma/equilibrium/tests/test_level_populations.py::TestLevelPopulationSolver::test_solve[collisional_rate_solver0-radiative_transitions0]
2025-02-21T14:44:34.3857310Z   /Users/runner/work/tardis/tardis/tardis/plasma/equilibrium/level_populations.py:65: FutureWarning:
2025-02-21T14:44:34.3857950Z   
2025-02-21T14:44:34.3858240Z   A value is trying to be set on a copy of a DataFrame or Series through chained assignment using an inplace method.
2025-02-21T14:44:34.3858960Z   The behavior will change in pandas 3.0. This inplace method will never work because the intermediate object on which we are setting values always behaves as a copy.
2025-02-21T14:44:34.3859420Z   
2025-02-21T14:44:34.3859980Z   For example, when doing 'df[col].method(value, inplace=True)', try using 'df.method({col: value}, inplace=True)' or df[col] = df[col].method(value) instead, to perform the operation inplace on the original object.
2025-02-21T14:44:34.3860460Z 
2025-02-21T14:44:34.3860640Z tardis/plasma/tests/test_plasma_vboundary.py::test_plasma_vboundary[2900-3750]
2025-02-21T14:44:34.3861040Z tardis/plasma/tests/test_plasma_vboundary.py::test_plasma_vboundary[2900-3850]
2025-02-21T14:44:34.3861440Z tardis/plasma/tests/test_plasma_vboundary.py::test_plasma_vboundary[2900-3900]
2025-02-21T14:44:34.3862140Z   /Users/runner/work/tardis/tardis/tardis/model/geometry/radial1d.py:71: UserWarning:
2025-02-21T14:44:34.3862450Z   
2025-02-21T14:44:34.3862670Z   Requesting inner boundary below inner shell. Extrapolating the inner cell
2025-02-21T14:44:34.3862890Z 
2025-02-21T14:44:34.3863070Z tardis/spectrum/tests/test_spectrum_solver.py::TestSpectrumSolver::test_solve
2025-02-21T14:44:34.3863460Z   /Users/runner/work/tardis/tardis/tardis/spectrum/base.py:70: UserWarning:
2025-02-21T14:44:34.3863830Z   
2025-02-21T14:44:34.3864260Z   SpectrumSolver.spectrum_virtual_packets is zero. Please run the montecarlo simulation with no_of_virtual_packets > 0
2025-02-21T14:44:34.3864650Z 
2025-02-21T14:44:34.3864880Z tardis/spectrum/tests/test_spectrum_solver.py::TestSpectrumSolver::test_solve
2025-02-21T14:44:34.3865340Z   /Users/runner/work/tardis/tardis/tardis/spectrum/base.py:111: UserWarning:
2025-02-21T14:44:34.3865750Z   
2025-02-21T14:44:34.3866210Z   SpectrumSolver.integrator: The FormalIntegrator is not yet available.Please run the montecarlo simulation at least once.
2025-02-21T14:44:34.3866680Z 
2025-02-21T14:44:34.3866860Z tardis/transport/montecarlo/tests/test_vpacket.py::test_trace_vpacket_volley
2025-02-21T14:44:34.3867340Z   <string>:3: NumbaPendingDeprecationWarning:
2025-02-21T14:44:34.3867600Z   
2025-02-21T14:44:34.3868700Z   [1m[1mCode using Numba extension API maybe depending on 'old_style' error-capturing, which is deprecated and will be replaced by 'new_style' in a future release. See details at https://numba.readthedocs.io/en/latest/reference/deprecation.html#deprecation-of-old-style-numba-captured-errors
2025-02-21T14:44:34.3869640Z   Exception origin:
2025-02-21T14:44:34.3870010Z     File "/Users/runner/micromamba/envs/tardis/lib/python3.12/inspect.py", line 3180, in _bind
2025-02-21T14:44:34.3870490Z       raise TypeError(msg) from None
2025-02-21T14:44:34.3870740Z   [0m[0m
2025-02-21T14:44:34.3870870Z 
2025-02-21T14:44:34.3871190Z tardis/visualization/tools/tests/test_sdec_plot.py::TestSDECPlotter::test_mpl_image[plotter_generate_plot_mpl4]
2025-02-21T14:44:34.3871740Z   /Users/runner/work/tardis/tardis/tardis/visualization/tools/sdec_plot.py:1225: RuntimeWarning:
2025-02-21T14:44:34.3872080Z   
2025-02-21T14:44:34.3872830Z   More than 20 figures have been opened. Figures created through the pyplot interface (`matplotlib.pyplot.figure`) are retained until explicitly closed and may consume too much memory. (To control this warning, see the rcParam `figure.max_open_warning`). Consider using `matplotlib.pyplot.close()`.
2025-02-21T14:44:34.3873560Z 
2025-02-21T14:44:34.3873910Z tardis/visualization/widgets/tests/test_custom_abundance.py::TestCustomAbundanceWidget::test_update_input_item_value
2025-02-21T14:44:34.3874530Z tardis/visualization/widgets/tests/test_custom_abundance.py::TestCustomAbundanceWidget::test_update_input_item_value
2025-02-21T14:44:34.3875150Z tardis/visualization/widgets/tests/test_custom_abundance.py::TestCustomAbundanceWidget::test_update_input_item_value
2025-02-21T14:44:34.3876060Z tardis/visualization/widgets/tests/test_custom_abundance.py::TestCustomAbundanceWidget::test_update_input_item_value
2025-02-21T14:44:34.3876670Z tardis/visualization/widgets/tests/test_custom_abundance.py::TestCustomAbundanceWidget::test_update_input_item_value
2025-02-21T14:44:34.3877360Z tardis/visualization/widgets/tests/test_custom_abundance.py::TestCustomAbundanceWidget::test_update_input_item_value
2025-02-21T14:44:34.3877980Z   /Users/runner/micromamba/envs/tardis/lib/python3.12/site-packages/traitlets/traitlets.py:1385: DeprecationWarning:
2025-02-21T14:44:34.3878370Z   
2025-02-21T14:44:34.3878590Z   Passing unrecognized arguments to super(Checkbox).__init__(icon='lock').
2025-02-21T14:44:34.3878950Z   object.__init__() takes exactly one argument (the instance to initialize)
2025-02-21T14:44:34.3879470Z   This is deprecated in traitlets 4.2.This error will be raised in a future release of traitlets.
2025-02-21T14:44:34.3879720Z 
2025-02-21T14:44:34.3880270Z tardis/visualization/widgets/tests/test_custom_abundance.py::TestCustomAbundanceWidget::test_update_input_item_value
2025-02-21T14:44:34.3880920Z tardis/visualization/widgets/tests/test_custom_abundance.py::TestCustomAbundanceWidget::test_update_input_item_value
2025-02-21T14:44:34.3881540Z   /Users/runner/micromamba/envs/tardis/lib/python3.12/site-packages/traitlets/traitlets.py:1385: DeprecationWarning:
2025-02-21T14:44:34.3882030Z   
2025-02-21T14:44:34.3882300Z   Passing unrecognized arguments to super(FloatText).__init__(min=0).
2025-02-21T14:44:34.3882770Z   object.__init__() takes exactly one argument (the instance to initialize)
2025-02-21T14:44:34.3883250Z   This is deprecated in traitlets 4.2.This error will be raised in a future release of traitlets.
2025-02-21T14:44:34.3883560Z 
2025-02-21T14:44:34.3883900Z tardis/visualization/widgets/tests/test_custom_abundance.py::TestCustomAbundanceWidget::test_update_input_item_value
2025-02-21T14:44:34.3884610Z   /Users/runner/micromamba/envs/tardis/lib/python3.12/site-packages/traitlets/traitlets.py:1385: DeprecationWarning:
2025-02-21T14:44:34.3885160Z   
2025-02-21T14:44:34.3885370Z   Passing unrecognized arguments to super(HTML).__init__(indent=True).
2025-02-21T14:44:34.3885910Z   object.__init__() takes exactly one argument (the instance to initialize)
2025-02-21T14:44:34.3886390Z   This is deprecated in traitlets 4.2.This error will be raised in a future release of traitlets.
2025-02-21T14:44:34.3886730Z 
2025-02-21T14:44:34.3887090Z tardis/visualization/widgets/tests/test_line_info.py::TestLineInfoWidgetData::test_get_species_interactions[wavelength_range0-packet_out_nu]
2025-02-21T14:44:34.3887870Z   /Users/runner/micromamba/envs/tardis/lib/python3.12/site-packages/qgridnext/grid.py:814: DeprecationWarning:
2025-02-21T14:44:34.3888250Z   
2025-02-21T14:44:34.3888500Z   QgridWidget._df_changed is deprecated in traitlets 4.1: use @observe and @unobserve instead.
2025-02-21T14:44:34.3888760Z 
2025-02-21T14:44:34.3888970Z tardis/visualization/widgets/tests/test_shell_info.py::TestHDFShellInfo::test_shells_data
2025-02-21T14:44:34.3889410Z   /Users/runner/work/tardis/tardis/tardis/io/util.py:289: PerformanceWarning:
2025-02-21T14:44:34.3889700Z   
2025-02-21T14:44:34.3889800Z   
2025-02-21T14:44:34.3890040Z   your performance may suffer as PyTables will pickle object types that it cannot
2025-02-21T14:44:34.3890470Z   map directly to c-types [inferred_type->mixed,key->block0_values] [items->Index([0], dtype='int64')]
2025-02-21T14:44:34.3890740Z 
2025-02-21T14:44:34.3890950Z tardis/visualization/widgets/tests/test_shell_info.py::TestHDFShellInfo::test_shells_data
2025-02-21T14:44:34.3891380Z   /Users/runner/work/tardis/tardis/tardis/io/util.py:292: PerformanceWarning:
2025-02-21T14:44:34.3891670Z   
2025-02-21T14:44:34.3891770Z   
2025-02-21T14:44:34.3892000Z   your performance may suffer as PyTables will pickle object types that it cannot
2025-02-21T14:44:34.3892370Z   map directly to c-types [inferred_type->mixed,key->values] [items->None]
2025-02-21T14:44:34.3892570Z 
2025-02-21T14:44:34.3893360Z tardis/visualization/widgets/tests/test_shell_info.py::TestHDFShellInfo::test_shells_data
2025-02-21T14:44:34.3893840Z   /Users/runner/work/tardis/tardis/tardis/spectrum/formal_integral.py:398: UserWarning:
2025-02-21T14:44:34.3894150Z   
2025-02-21T14:44:34.3894370Z   The number of interpolate_shells was not specified. The value was set to 80.
2025-02-21T14:44:34.3894590Z 
2025-02-21T14:44:34.3894750Z -- Docs: https://docs.pytest.org/en/stable/how-to/capture-warnings.html
2025-02-21T14:44:34.3894960Z 
2025-02-21T14:44:34.3895090Z ---------- coverage: platform darwin, python 3.12.4-final-0 ----------
2025-02-21T14:44:34.3895380Z Coverage HTML written to dir coverage_html_report
2025-02-21T14:44:34.3895620Z Coverage XML written to file coverage.xml
2025-02-21T14:44:34.3895760Z 
2025-02-21T14:44:34.3895850Z =========================== short test summary info ============================
2025-02-21T14:44:34.3896260Z FAILED tardis/tests/test_tardis_full.py::TestTransportSimple::test_j_blue_estimators - AssertionError: 
2025-02-21T14:44:34.3896920Z Not equal to tolerance rtol=1e-07, atol=0
2025-02-21T14:44:34.3897070Z 
2025-02-21T14:44:34.3897150Z Mismatched elements: 501415 / 584480 (85.8%)
2025-02-21T14:44:34.3897360Z Max absolute difference: 1.58727889e-18
2025-02-21T14:44:34.3897560Z Max relative difference: 14.12627905
2025-02-21T14:44:34.3897750Z  x: array([[0., 0., 0., ..., 0., 0., 0.],
2025-02-21T14:44:34.3897940Z        [0., 0., 0., ..., 0., 0., 0.],
2025-02-21T14:44:34.3898120Z        [0., 0., 0., ..., 0., 0., 0.],...
2025-02-21T14:44:34.3898310Z  y: array([[0., 0., 0., ..., 0., 0., 0.],
2025-02-21T14:44:34.3898490Z        [0., 0., 0., ..., 0., 0., 0.],
2025-02-21T14:44:34.3898670Z        [0., 0., 0., ..., 0., 0., 0.],...
2025-02-21T14:44:34.3898990Z FAILED tardis/tests/test_tardis_full.py::TestTransportSimple::test_spectrum - AssertionError: 
2025-02-21T14:44:34.3899330Z Not equal to tolerance rtol=1e-07, atol=0
2025-02-21T14:44:34.3899470Z 
2025-02-21T14:44:34.3899540Z Mismatched elements: 4787 / 10000 (47.9%)
2025-02-21T14:44:34.3899750Z Max absolute difference: 3.38544343e+39
2025-02-21T14:44:34.3899940Z Max relative difference: 2.93242273
2025-02-21T14:44:34.3900280Z  x: array([1.335111e+39, 1.337387e+39, 9.415985e+38, ..., 0.000000e+00,
2025-02-21T14:44:34.3900530Z        0.000000e+00, 0.000000e+00])
2025-02-21T14:44:34.3900760Z  y: array([1.471192e+39, 1.695642e+39, 1.353685e+39, ..., 0.000000e+00,
2025-02-21T14:44:34.3901000Z        0.000000e+00, 0.000000e+00])
2025-02-21T14:44:34.3901350Z FAILED tardis/tests/test_tardis_full.py::TestTransportSimple::test_virtual_spectrum - AssertionError: 
2025-02-21T14:44:34.3901710Z Not equal to tolerance rtol=1e-07, atol=0
2025-02-21T14:44:34.3901840Z 
2025-02-21T14:44:34.3901910Z Mismatched elements: 5800 / 10000 (58%)
2025-02-21T14:44:34.3902120Z Max absolute difference: 2.37529699e+39
2025-02-21T14:44:34.3902310Z Max relative difference: 18569.59081289
2025-02-21T14:44:34.3902550Z  x: array([1.463524e+39, 1.375196e+39, 1.349012e+39, ..., 0.000000e+00,
2025-02-21T14:44:34.3902790Z        0.000000e+00, 0.000000e+00])
2025-02-21T14:44:34.3903020Z  y: array([1.440332e+39, 1.356114e+39, 1.397557e+39, ..., 0.000000e+00,
2025-02-21T14:44:34.3903260Z        0.000000e+00, 0.000000e+00])
2025-02-21T14:44:34.3903580Z = 3 failed, 1407 passed, 357 skipped, 2 deselected, 19 xfailed, 8 xpassed, 63 warnings in 787.44s (0:13:07) =
2025-02-21T14:44:36.1093610Z ##[error]Process completed with exit code 1.
2025-02-21T14:44:36.2180210Z Post job cleanup.
2025-02-21T14:44:36.2283500Z Post job cleanup.
2025-02-21T14:44:36.7548100Z Will use pre-installed micromamba at /Users/runner/micromamba-bin/micromamba
2025-02-21T14:44:36.7550390Z Removing micromamba run shell ...
2025-02-21T14:44:36.7552970Z ##[group]Deinitialize micromamba for bash
2025-02-21T14:44:36.7571600Z [command]/Users/runner/micromamba-bin/micromamba shell deinit -s bash -r /Users/runner/micromamba --log-level warning --rc-file /Users/runner/work/_temp/setup-micromamba/.condarc
2025-02-21T14:44:36.8605340Z Resetting RC file "/Users/runner/.bash_profile"
2025-02-21T14:44:36.8606720Z Deleting config for root prefix 
2025-02-21T14:44:36.8606960Z Clearing mamba executable environment variable
2025-02-21T14:44:36.8635580Z Removing the following in your "/Users/runner/.bash_profile" file
2025-02-21T14:44:36.8636000Z # >>> mamba initialize >>>
2025-02-21T14:44:36.8637870Z ...
2025-02-21T14:44:36.8638030Z # <<< mamba initialize <<<
2025-02-21T14:44:36.8697200Z Removing environment tardis from auto-activate bash ...
2025-02-21T14:44:36.8839110Z Post job cleanup.
2025-02-21T14:44:36.8904300Z Post job cleanup.
2025-02-21T14:44:37.1231220Z [command]/opt/homebrew/bin/git version
2025-02-21T14:44:37.1528780Z git version 2.48.1
2025-02-21T14:44:37.1557660Z Copying '/Users/runner/.gitconfig' to '/Users/runner/work/_temp/b4a47e93-2736-43bf-8a6d-583f06e363a0/.gitconfig'
2025-02-21T14:44:37.1579860Z Temporarily overriding HOME='/Users/runner/work/_temp/b4a47e93-2736-43bf-8a6d-583f06e363a0' before making global git config changes
2025-02-21T14:44:37.1580530Z Adding repository directory to the temporary git global config as a safe directory
2025-02-21T14:44:37.1584070Z [command]/opt/homebrew/bin/git config --global --add safe.directory /Users/runner/work/tardis/tardis/tardis-regression-data
2025-02-21T14:44:37.1736610Z [command]/opt/homebrew/bin/git config --local --name-only --get-regexp core\.sshCommand
2025-02-21T14:44:37.1801040Z [command]/opt/homebrew/bin/git submodule foreach --recursive sh -c "git config --local --name-only --get-regexp 'core\.sshCommand' && git config --local --unset-all 'core.sshCommand' || :"
2025-02-21T14:44:37.3829480Z [command]/opt/homebrew/bin/git config --local --name-only --get-regexp http\.https\:\/\/github\.com\/\.extraheader
2025-02-21T14:44:37.3958230Z http.https://github.com/.extraheader
2025-02-21T14:44:37.4482660Z [command]/opt/homebrew/bin/git config --local --unset-all http.https://github.com/.extraheader
2025-02-21T14:44:37.4789520Z [command]/opt/homebrew/bin/git submodule foreach --recursive sh -c "git config --local --name-only --get-regexp 'http\.https\:\/\/github\.com\/\.extraheader' && git config --local --unset-all 'http.https://github.com/.extraheader' || :"
2025-02-21T14:44:37.5868770Z Post job cleanup.
2025-02-21T14:44:37.7770160Z [command]/opt/homebrew/bin/git version
2025-02-21T14:44:37.7910150Z git version 2.48.1
2025-02-21T14:44:37.7930790Z Copying '/Users/runner/.gitconfig' to '/Users/runner/work/_temp/2e2dec21-2aac-4616-bb0e-4e81951fc89f/.gitconfig'
2025-02-21T14:44:37.7936600Z Temporarily overriding HOME='/Users/runner/work/_temp/2e2dec21-2aac-4616-bb0e-4e81951fc89f' before making global git config changes
2025-02-21T14:44:37.7937530Z Adding repository directory to the temporary git global config as a safe directory
2025-02-21T14:44:37.7941330Z [command]/opt/homebrew/bin/git config --global --add safe.directory /Users/runner/work/tardis/tardis
2025-02-21T14:44:37.8013480Z [command]/opt/homebrew/bin/git config --local --name-only --get-regexp core\.sshCommand
2025-02-21T14:44:37.8072630Z [command]/opt/homebrew/bin/git submodule foreach --recursive sh -c "git config --local --name-only --get-regexp 'core\.sshCommand' && git config --local --unset-all 'core.sshCommand' || :"
2025-02-21T14:44:37.9458120Z [command]/opt/homebrew/bin/git config --local --name-only --get-regexp http\.https\:\/\/github\.com\/\.extraheader
2025-02-21T14:44:37.9551600Z http.https://github.com/.extraheader
2025-02-21T14:44:37.9573660Z [command]/opt/homebrew/bin/git config --local --unset-all http.https://github.com/.extraheader
2025-02-21T14:44:37.9685130Z [command]/opt/homebrew/bin/git submodule foreach --recursive sh -c "git config --local --name-only --get-regexp 'http\.https\:\/\/github\.com\/\.extraheader' && git config --local --unset-all 'http.https://github.com/.extraheader' || :"
2025-02-21T14:44:38.0906980Z Cleaning up orphan processes
