2025-01-27T17:41:51.9011403Z Requested labels: ubuntu-latest
2025-01-27T17:41:51.9011644Z Job defined at: tardis-sn/tardis/.github/workflows/tests.yml@refs/pull/2944/merge
2025-01-27T17:41:51.9011742Z Waiting for a runner to pick up this job...
2025-01-27T17:41:52.1927277Z Job is waiting for a hosted runner to come online.
2025-01-27T17:41:55.3509414Z Job is about to start running on the hosted runner: GitHub Actions 34 (hosted)
2025-01-27T17:41:56.7905674Z Current runner version: '2.321.0'
2025-01-27T17:41:56.7931201Z ##[group]Operating System
2025-01-27T17:41:56.7932135Z Ubuntu
2025-01-27T17:41:56.7932604Z 24.04.1
2025-01-27T17:41:56.7933095Z LTS
2025-01-27T17:41:56.7933659Z ##[endgroup]
2025-01-27T17:41:56.7934158Z ##[group]Runner Image
2025-01-27T17:41:56.7934719Z Image: ubuntu-24.04
2025-01-27T17:41:56.7935299Z Version: 20250120.5.0
2025-01-27T17:41:56.7936293Z Included Software: https://github.com/actions/runner-images/blob/ubuntu24/20250120.5/images/ubuntu/Ubuntu2404-Readme.md
2025-01-27T17:41:56.7937905Z Image Release: https://github.com/actions/runner-images/releases/tag/ubuntu24%2F20250120.5
2025-01-27T17:41:56.7938873Z ##[endgroup]
2025-01-27T17:41:56.7939381Z ##[group]Runner Image Provisioner
2025-01-27T17:41:56.7939953Z 2.0.417.1
2025-01-27T17:41:56.7940502Z ##[endgroup]
2025-01-27T17:41:56.7942590Z ##[group]GITHUB_TOKEN Permissions
2025-01-27T17:41:56.7944789Z Actions: read
2025-01-27T17:41:56.7945517Z Attestations: read
2025-01-27T17:41:56.7946230Z Checks: read
2025-01-27T17:41:56.7946687Z Contents: read
2025-01-27T17:41:56.7947488Z Deployments: read
2025-01-27T17:41:56.7948092Z Discussions: read
2025-01-27T17:41:56.7948569Z Issues: read
2025-01-27T17:41:56.7949058Z Metadata: read
2025-01-27T17:41:56.7949617Z Packages: read
2025-01-27T17:41:56.7950079Z Pages: read
2025-01-27T17:41:56.7950571Z PullRequests: read
2025-01-27T17:41:56.7951163Z RepositoryProjects: read
2025-01-27T17:41:56.7951696Z SecurityEvents: read
2025-01-27T17:41:56.7952207Z Statuses: read
2025-01-27T17:41:56.7952773Z ##[endgroup]
2025-01-27T17:41:56.7955626Z Secret source: None
2025-01-27T17:41:56.7956281Z Prepare workflow directory
2025-01-27T17:41:56.8597702Z Prepare all required actions
2025-01-27T17:41:56.8635426Z Getting action download info
2025-01-27T17:41:57.0281777Z Download action repository 'actions/checkout@v4' (SHA:11bd71901bbe5b1630ceea73d27597364c9af683)
2025-01-27T17:41:57.1054251Z Download action repository 'actions/upload-artifact@v4' (SHA:65c4c4a1ddee5b72f698fdd19549f0f0fb45cf08)
2025-01-27T17:41:57.2840887Z Complete job name: not continuum ubuntu-latest 
2025-01-27T17:41:57.3534570Z ##[group]Run actions/checkout@v4
2025-01-27T17:41:57.3535730Z with:
2025-01-27T17:41:57.3536180Z   repository: tardis-sn/tardis
2025-01-27T17:41:57.3536866Z   token: ***
2025-01-27T17:41:57.3537519Z   ssh-strict: true
2025-01-27T17:41:57.3537938Z   ssh-user: git
2025-01-27T17:41:57.3538349Z   persist-credentials: true
2025-01-27T17:41:57.3538813Z   clean: true
2025-01-27T17:41:57.3539227Z   sparse-checkout-cone-mode: true
2025-01-27T17:41:57.3539729Z   fetch-depth: 1
2025-01-27T17:41:57.3540138Z   fetch-tags: false
2025-01-27T17:41:57.3540581Z   show-progress: true
2025-01-27T17:41:57.3540992Z   lfs: false
2025-01-27T17:41:57.3541378Z   submodules: false
2025-01-27T17:41:57.3541805Z   set-safe-directory: true
2025-01-27T17:41:57.3542677Z env:
2025-01-27T17:41:57.3543065Z   CACHE_NUMBER: 0
2025-01-27T17:41:57.3544211Z   PYTEST_FLAGS: --tardis-regression-data=/home/runner/work/tardis/tardis/tardis-regression-data --cov=tardis --cov-report=xml --cov-report=html --cov-append
2025-01-27T17:41:57.3545496Z   CODECOV_TOKEN: 
2025-01-27T17:41:57.3545904Z ##[endgroup]
2025-01-27T17:41:57.5252973Z Syncing repository: tardis-sn/tardis
2025-01-27T17:41:57.5254710Z ##[group]Getting Git version info
2025-01-27T17:41:57.5255379Z Working directory is '/home/runner/work/tardis/tardis'
2025-01-27T17:41:57.5256325Z [command]/usr/bin/git version
2025-01-27T17:41:57.5415437Z git version 2.48.1
2025-01-27T17:41:57.5443269Z ##[endgroup]
2025-01-27T17:41:57.5457682Z Temporarily overriding HOME='/home/runner/work/_temp/3fbbac5a-9c49-430f-955e-5f205666682d' before making global git config changes
2025-01-27T17:41:57.5459069Z Adding repository directory to the temporary git global config as a safe directory
2025-01-27T17:41:57.5463091Z [command]/usr/bin/git config --global --add safe.directory /home/runner/work/tardis/tardis
2025-01-27T17:41:57.5498398Z Deleting the contents of '/home/runner/work/tardis/tardis'
2025-01-27T17:41:57.5502238Z ##[group]Initializing the repository
2025-01-27T17:41:57.5506619Z [command]/usr/bin/git init /home/runner/work/tardis/tardis
2025-01-27T17:41:57.5568191Z hint: Using 'master' as the name for the initial branch. This default branch name
2025-01-27T17:41:57.5569616Z hint: is subject to change. To configure the initial branch name to use in all
2025-01-27T17:41:57.5571279Z hint: of your new repositories, which will suppress this warning, call:
2025-01-27T17:41:57.5572599Z hint:
2025-01-27T17:41:57.5573580Z hint: 	git config --global init.defaultBranch <name>
2025-01-27T17:41:57.5574699Z hint:
2025-01-27T17:41:57.5575512Z hint: Names commonly chosen instead of 'master' are 'main', 'trunk' and
2025-01-27T17:41:57.5576531Z hint: 'development'. The just-created branch can be renamed via this command:
2025-01-27T17:41:57.5577575Z hint:
2025-01-27T17:41:57.5577987Z hint: 	git branch -m <name>
2025-01-27T17:41:57.5578732Z Initialized empty Git repository in /home/runner/work/tardis/tardis/.git/
2025-01-27T17:41:57.5585164Z [command]/usr/bin/git remote add origin https://github.com/tardis-sn/tardis
2025-01-27T17:41:57.5619517Z ##[endgroup]
2025-01-27T17:41:57.5620282Z ##[group]Disabling automatic garbage collection
2025-01-27T17:41:57.5623398Z [command]/usr/bin/git config --local gc.auto 0
2025-01-27T17:41:57.5652259Z ##[endgroup]
2025-01-27T17:41:57.5652960Z ##[group]Setting up auth
2025-01-27T17:41:57.5658998Z [command]/usr/bin/git config --local --name-only --get-regexp core\.sshCommand
2025-01-27T17:41:57.5688601Z [command]/usr/bin/git submodule foreach --recursive sh -c "git config --local --name-only --get-regexp 'core\.sshCommand' && git config --local --unset-all 'core.sshCommand' || :"
2025-01-27T17:41:57.5965218Z [command]/usr/bin/git config --local --name-only --get-regexp http\.https\:\/\/github\.com\/\.extraheader
2025-01-27T17:41:57.5993939Z [command]/usr/bin/git submodule foreach --recursive sh -c "git config --local --name-only --get-regexp 'http\.https\:\/\/github\.com\/\.extraheader' && git config --local --unset-all 'http.https://github.com/.extraheader' || :"
2025-01-27T17:41:57.6227730Z [command]/usr/bin/git config --local http.https://github.com/.extraheader AUTHORIZATION: basic ***
2025-01-27T17:41:57.6270136Z ##[endgroup]
2025-01-27T17:41:57.6278416Z ##[group]Fetching the repository
2025-01-27T17:41:57.6279854Z [command]/usr/bin/git -c protocol.version=2 fetch --no-tags --prune --no-recurse-submodules --depth=1 origin +a258cb5ef86045e0e0a1910c8907c7f79765e65e:refs/remotes/pull/2944/merge
2025-01-27T17:41:58.8601570Z From https://github.com/tardis-sn/tardis
2025-01-27T17:41:58.8604075Z  * [new ref]         a258cb5ef86045e0e0a1910c8907c7f79765e65e -> pull/2944/merge
2025-01-27T17:41:58.8633371Z ##[endgroup]
2025-01-27T17:41:58.8634609Z ##[group]Determining the checkout info
2025-01-27T17:41:58.8744637Z ##[endgroup]
2025-01-27T17:41:58.8745941Z [command]/usr/bin/git sparse-checkout disable
2025-01-27T17:41:58.8750575Z [command]/usr/bin/git config --local --unset-all extensions.worktreeConfig
2025-01-27T17:41:58.8752496Z ##[group]Checking out the ref
2025-01-27T17:41:58.8753309Z [command]/usr/bin/git checkout --progress --force refs/remotes/pull/2944/merge
2025-01-27T17:41:59.0714444Z Note: switching to 'refs/remotes/pull/2944/merge'.
2025-01-27T17:41:59.0715167Z 
2025-01-27T17:41:59.0715692Z You are in 'detached HEAD' state. You can look around, make experimental
2025-01-27T17:41:59.0716919Z changes and commit them, and you can discard any commits you make in this
2025-01-27T17:41:59.0718468Z state without impacting any branches by switching back to a branch.
2025-01-27T17:41:59.0719218Z 
2025-01-27T17:41:59.0719714Z If you want to create a new branch to retain commits you create, you may
2025-01-27T17:41:59.0720834Z do so (now or later) by using -c with the switch command. Example:
2025-01-27T17:41:59.0721506Z 
2025-01-27T17:41:59.0721793Z   git switch -c <new-branch-name>
2025-01-27T17:41:59.0722285Z 
2025-01-27T17:41:59.0722571Z Or undo this operation with:
2025-01-27T17:41:59.0723011Z 
2025-01-27T17:41:59.0723694Z   git switch -
2025-01-27T17:41:59.0724070Z 
2025-01-27T17:41:59.0724695Z Turn off this advice by setting config variable advice.detachedHead to false
2025-01-27T17:41:59.0725452Z 
2025-01-27T17:41:59.0726237Z HEAD is now at a258cb5 Merge 665a7f24c51fc648d060b818312c220f8c062f09 into b4bc6ac32afba1ed86870074cd69db14d7845052
2025-01-27T17:41:59.0737856Z ##[endgroup]
2025-01-27T17:41:59.0781035Z [command]/usr/bin/git log -1 --format=%H
2025-01-27T17:41:59.0806200Z a258cb5ef86045e0e0a1910c8907c7f79765e65e
2025-01-27T17:41:59.1134079Z Prepare all required actions
2025-01-27T17:41:59.1135045Z Getting action download info
2025-01-27T17:41:59.2458731Z Download action repository 'actions/cache@v4' (SHA:1bd1e32a3bdc45362d1e726936510720a7c30a57)
2025-01-27T17:41:59.3794389Z ##[group]Run ./.github/actions/setup_lfs
2025-01-27T17:41:59.3795090Z with:
2025-01-27T17:41:59.3795708Z   regression-data-repo: tardis-sn/tardis-regression-data
2025-01-27T17:41:59.3796448Z env:
2025-01-27T17:41:59.3797098Z   CACHE_NUMBER: 0
2025-01-27T17:41:59.3798440Z   PYTEST_FLAGS: --tardis-regression-data=/home/runner/work/tardis/tardis/tardis-regression-data --cov=tardis --cov-report=xml --cov-report=html --cov-append
2025-01-27T17:41:59.3799854Z   CODECOV_TOKEN: 
2025-01-27T17:41:59.3800357Z ##[endgroup]
2025-01-27T17:41:59.3963191Z ##[group]Run actions/checkout@v4
2025-01-27T17:41:59.3963840Z with:
2025-01-27T17:41:59.3964376Z   repository: tardis-sn/tardis-regression-data
2025-01-27T17:41:59.3965076Z   path: tardis-regression-data
2025-01-27T17:41:59.3965898Z   token: ***
2025-01-27T17:41:59.3966397Z   ssh-strict: true
2025-01-27T17:41:59.3966888Z   ssh-user: git
2025-01-27T17:41:59.3967557Z   persist-credentials: true
2025-01-27T17:41:59.3968120Z   clean: true
2025-01-27T17:41:59.3968617Z   sparse-checkout-cone-mode: true
2025-01-27T17:41:59.3969211Z   fetch-depth: 1
2025-01-27T17:41:59.3969695Z   fetch-tags: false
2025-01-27T17:41:59.3970210Z   show-progress: true
2025-01-27T17:41:59.3970728Z   lfs: false
2025-01-27T17:41:59.3971227Z   submodules: false
2025-01-27T17:41:59.3971735Z   set-safe-directory: true
2025-01-27T17:41:59.3972271Z env:
2025-01-27T17:41:59.3972713Z   CACHE_NUMBER: 0
2025-01-27T17:41:59.3974008Z   PYTEST_FLAGS: --tardis-regression-data=/home/runner/work/tardis/tardis/tardis-regression-data --cov=tardis --cov-report=xml --cov-report=html --cov-append
2025-01-27T17:41:59.3975404Z   CODECOV_TOKEN: 
2025-01-27T17:41:59.3975891Z ##[endgroup]
2025-01-27T17:41:59.4913201Z Syncing repository: tardis-sn/tardis-regression-data
2025-01-27T17:41:59.4919399Z ##[group]Getting Git version info
2025-01-27T17:41:59.4920532Z Working directory is '/home/runner/work/tardis/tardis/tardis-regression-data'
2025-01-27T17:41:59.4960680Z [command]/usr/bin/git version
2025-01-27T17:41:59.5003075Z git version 2.48.1
2025-01-27T17:41:59.5029006Z ##[endgroup]
2025-01-27T17:41:59.5040715Z Temporarily overriding HOME='/home/runner/work/_temp/af7e6153-b7a6-437d-823f-28fb2a50ffb7' before making global git config changes
2025-01-27T17:41:59.5042325Z Adding repository directory to the temporary git global config as a safe directory
2025-01-27T17:41:59.5045664Z [command]/usr/bin/git config --global --add safe.directory /home/runner/work/tardis/tardis/tardis-regression-data
2025-01-27T17:41:59.5076348Z ##[group]Initializing the repository
2025-01-27T17:41:59.5081473Z [command]/usr/bin/git init /home/runner/work/tardis/tardis/tardis-regression-data
2025-01-27T17:41:59.5116158Z hint: Using 'master' as the name for the initial branch. This default branch name
2025-01-27T17:41:59.5118506Z hint: is subject to change. To configure the initial branch name to use in all
2025-01-27T17:41:59.5120596Z hint: of your new repositories, which will suppress this warning, call:
2025-01-27T17:41:59.5122188Z hint:
2025-01-27T17:41:59.5123350Z hint: 	git config --global init.defaultBranch <name>
2025-01-27T17:41:59.5124711Z hint:
2025-01-27T17:41:59.5125938Z hint: Names commonly chosen instead of 'master' are 'main', 'trunk' and
2025-01-27T17:41:59.5128174Z hint: 'development'. The just-created branch can be renamed via this command:
2025-01-27T17:41:59.5130232Z hint:
2025-01-27T17:41:59.5131145Z hint: 	git branch -m <name>
2025-01-27T17:41:59.5132968Z Initialized empty Git repository in /home/runner/work/tardis/tardis/tardis-regression-data/.git/
2025-01-27T17:41:59.5136572Z [command]/usr/bin/git remote add origin https://github.com/tardis-sn/tardis-regression-data
2025-01-27T17:41:59.5162334Z ##[endgroup]
2025-01-27T17:41:59.5163967Z ##[group]Disabling automatic garbage collection
2025-01-27T17:41:59.5167940Z [command]/usr/bin/git config --local gc.auto 0
2025-01-27T17:41:59.5199819Z ##[endgroup]
2025-01-27T17:41:59.5201485Z ##[group]Setting up auth
2025-01-27T17:41:59.5207281Z [command]/usr/bin/git config --local --name-only --get-regexp core\.sshCommand
2025-01-27T17:41:59.5238040Z [command]/usr/bin/git submodule foreach --recursive sh -c "git config --local --name-only --get-regexp 'core\.sshCommand' && git config --local --unset-all 'core.sshCommand' || :"
2025-01-27T17:41:59.5462833Z [command]/usr/bin/git config --local --name-only --get-regexp http\.https\:\/\/github\.com\/\.extraheader
2025-01-27T17:41:59.5494275Z [command]/usr/bin/git submodule foreach --recursive sh -c "git config --local --name-only --get-regexp 'http\.https\:\/\/github\.com\/\.extraheader' && git config --local --unset-all 'http.https://github.com/.extraheader' || :"
2025-01-27T17:41:59.5738285Z [command]/usr/bin/git config --local http.https://github.com/.extraheader AUTHORIZATION: basic ***
2025-01-27T17:41:59.5778639Z ##[endgroup]
2025-01-27T17:41:59.5779587Z ##[group]Determining the default branch
2025-01-27T17:41:59.5782221Z Retrieving the default branch name
2025-01-27T17:41:59.7879389Z Default branch 'main'
2025-01-27T17:41:59.7881966Z ##[endgroup]
2025-01-27T17:41:59.7883501Z ##[group]Fetching the repository
2025-01-27T17:41:59.7890480Z [command]/usr/bin/git -c protocol.version=2 fetch --no-tags --prune --no-recurse-submodules --depth=1 origin +refs/heads/main:refs/remotes/origin/main
2025-01-27T17:42:00.0380350Z From https://github.com/tardis-sn/tardis-regression-data
2025-01-27T17:42:00.0381660Z  * [new branch]      main       -> origin/main
2025-01-27T17:42:00.0406554Z ##[endgroup]
2025-01-27T17:42:00.0408130Z ##[group]Determining the checkout info
2025-01-27T17:42:00.0409443Z ##[endgroup]
2025-01-27T17:42:00.0414550Z [command]/usr/bin/git sparse-checkout disable
2025-01-27T17:42:00.0451501Z [command]/usr/bin/git config --local --unset-all extensions.worktreeConfig
2025-01-27T17:42:00.0480189Z ##[group]Checking out the ref
2025-01-27T17:42:00.0484350Z [command]/usr/bin/git checkout --progress --force -B main refs/remotes/origin/main
2025-01-27T17:42:00.1860416Z Switched to a new branch 'main'
2025-01-27T17:42:00.1862492Z branch 'main' set up to track 'origin/main'.
2025-01-27T17:42:00.2126385Z ##[endgroup]
2025-01-27T17:42:00.2163998Z [command]/usr/bin/git log -1 --format=%H
2025-01-27T17:42:00.2185978Z fa7729bc9c30e14b69acd641af8b692b56fcd416
2025-01-27T17:42:00.2333935Z ##[group]Run git lfs ls-files -l | cut -d' ' -f1 | sort > .lfs-assets-id
2025-01-27T17:42:00.2335620Z [36;1mgit lfs ls-files -l | cut -d' ' -f1 | sort > .lfs-assets-id[0m
2025-01-27T17:42:00.2370373Z shell: /usr/bin/bash --noprofile --norc -e -o pipefail {0}
2025-01-27T17:42:00.2371551Z env:
2025-01-27T17:42:00.2372154Z   CACHE_NUMBER: 0
2025-01-27T17:42:00.2374593Z   PYTEST_FLAGS: --tardis-regression-data=/home/runner/work/tardis/tardis/tardis-regression-data --cov=tardis --cov-report=xml --cov-report=html --cov-append
2025-01-27T17:42:00.2377582Z   CODECOV_TOKEN: 
2025-01-27T17:42:00.2378267Z ##[endgroup]
2025-01-27T17:42:00.4147263Z ##[group]Run actions/cache/restore@v4
2025-01-27T17:42:00.4148191Z with:
2025-01-27T17:42:00.4148864Z   path: tardis-regression-data/.git/lfs
2025-01-27T17:42:00.4150404Z   key: Linux-lfs-21f9fa4b6817cc69b9fae3598144724da7828e276a73bd17f47a2a49d9af090a-v1
2025-01-27T17:42:00.4152135Z   enableCrossOsArchive: false
2025-01-27T17:42:00.4152977Z   fail-on-cache-miss: false
2025-01-27T17:42:00.4153944Z   lookup-only: false
2025-01-27T17:42:00.4154596Z env:
2025-01-27T17:42:00.4155129Z   CACHE_NUMBER: 0
2025-01-27T17:42:00.4157622Z   PYTEST_FLAGS: --tardis-regression-data=/home/runner/work/tardis/tardis/tardis-regression-data --cov=tardis --cov-report=xml --cov-report=html --cov-append
2025-01-27T17:42:00.4160103Z   CODECOV_TOKEN: 
2025-01-27T17:42:00.4160703Z ##[endgroup]
2025-01-27T17:42:00.6245231Z Cache not found for input keys: Linux-lfs-21f9fa4b6817cc69b9fae3598144724da7828e276a73bd17f47a2a49d9af090a-v1
2025-01-27T17:42:00.6417836Z ##[group]Run git lfs pull
2025-01-27T17:42:00.6418646Z [36;1mgit lfs pull[0m
2025-01-27T17:42:00.6448606Z shell: /usr/bin/bash --noprofile --norc -e -o pipefail {0}
2025-01-27T17:42:00.6449748Z env:
2025-01-27T17:42:00.6450294Z   CACHE_NUMBER: 0
2025-01-27T17:42:00.6452628Z   PYTEST_FLAGS: --tardis-regression-data=/home/runner/work/tardis/tardis/tardis-regression-data --cov=tardis --cov-report=xml --cov-report=html --cov-append
2025-01-27T17:42:00.6455134Z   CODECOV_TOKEN: 
2025-01-27T17:42:00.6455749Z ##[endgroup]
2025-01-27T17:42:23.1745883Z Prepare all required actions
2025-01-27T17:42:23.1746225Z Getting action download info
2025-01-27T17:42:23.2686935Z Download action repository 'mamba-org/setup-micromamba@v1' (SHA:4b9113af4fba0e9e1124b252dd6497a419e7396d)
2025-01-27T17:42:23.5399362Z ##[group]Run ./.github/actions/setup_env
2025-01-27T17:42:23.5399631Z with:
2025-01-27T17:42:23.5399810Z   os-label: linux-64
2025-01-27T17:42:23.5399993Z env:
2025-01-27T17:42:23.5400151Z   CACHE_NUMBER: 0
2025-01-27T17:42:23.5400761Z   PYTEST_FLAGS: --tardis-regression-data=/home/runner/work/tardis/tardis/tardis-regression-data --cov=tardis --cov-report=xml --cov-report=html --cov-append
2025-01-27T17:42:23.5401419Z   CODECOV_TOKEN: 
2025-01-27T17:42:23.5401609Z ##[endgroup]
2025-01-27T17:42:23.5425212Z ##[group]Run file_hash=$(cat conda-linux-64.lock | shasum -a 256 | cut -d' ' -f1)
2025-01-27T17:42:23.5425712Z [36;1mfile_hash=$(cat conda-linux-64.lock | shasum -a 256 | cut -d' ' -f1)[0m
2025-01-27T17:42:23.5426148Z [36;1mecho "file_hash=$file_hash" >> "${GITHUB_OUTPUT}"[0m
2025-01-27T17:42:23.5454288Z shell: /usr/bin/bash --noprofile --norc -e -o pipefail {0}
2025-01-27T17:42:23.5454604Z env:
2025-01-27T17:42:23.5454776Z   CACHE_NUMBER: 0
2025-01-27T17:42:23.5455381Z   PYTEST_FLAGS: --tardis-regression-data=/home/runner/work/tardis/tardis/tardis-regression-data --cov=tardis --cov-report=xml --cov-report=html --cov-append
2025-01-27T17:42:23.5456023Z   CODECOV_TOKEN: 
2025-01-27T17:42:23.5456205Z ##[endgroup]
2025-01-27T17:42:23.6084163Z ##[group]Run mamba-org/setup-micromamba@v1
2025-01-27T17:42:23.6084431Z with:
2025-01-27T17:42:23.6084624Z   environment-file: conda-linux-64.lock
2025-01-27T17:42:23.6085055Z   cache-environment-key: d7cd390425b0fd3cf82649dcc003efba9915fb4928f15d342148c3ccffcbe2ee
2025-01-27T17:42:23.6085643Z   cache-downloads-key: d7cd390425b0fd3cf82649dcc003efba9915fb4928f15d342148c3ccffcbe2ee
2025-01-27T17:42:23.6086047Z   environment-name: tardis
2025-01-27T17:42:23.6086282Z   cache-environment: true
2025-01-27T17:42:23.6086510Z   cache-downloads: true
2025-01-27T17:42:23.6086706Z env:
2025-01-27T17:42:23.6086865Z   CACHE_NUMBER: 0
2025-01-27T17:42:23.6088030Z   PYTEST_FLAGS: --tardis-regression-data=/home/runner/work/tardis/tardis/tardis-regression-data --cov=tardis --cov-report=xml --cov-report=html --cov-append
2025-01-27T17:42:23.6088671Z   CODECOV_TOKEN: 
2025-01-27T17:42:23.6088854Z ##[endgroup]
2025-01-27T17:42:23.7519169Z Will download micromamba to /home/runner/micromamba-bin/micromamba
2025-01-27T17:42:23.7531507Z ##[group]Install micromamba
2025-01-27T17:42:24.0098772Z micromamba installed to /home/runner/micromamba-bin/micromamba
2025-01-27T17:42:24.0100467Z ##[endgroup]
2025-01-27T17:42:24.0101746Z Adding conda-forge to condarc channels ...
2025-01-27T17:42:24.0114024Z ##[group]Initialize micromamba for bash.
2025-01-27T17:42:24.0138139Z [command]/home/runner/micromamba-bin/micromamba shell init -s bash -r /home/runner/micromamba --log-level warning --rc-file /home/runner/work/_temp/setup-micromamba/.condarc
2025-01-27T17:42:24.0255037Z Modifying RC file "/home/runner/.bashrc"
2025-01-27T17:42:24.0256537Z Generating config for root prefix [1m"/home/runner/micromamba"[0m
2025-01-27T17:42:24.0258898Z Setting mamba executable to: [1m"/home/runner/micromamba-bin/micromamba"[0m
2025-01-27T17:42:24.0260206Z Adding (or replacing) the following in your "/home/runner/.bashrc" file
2025-01-27T17:42:24.0261735Z 
2025-01-27T17:42:24.0261909Z # >>> mamba initialize >>>
2025-01-27T17:42:24.0262417Z # !! Contents within this block are managed by 'mamba init' !!
2025-01-27T17:42:24.0263119Z export MAMBA_EXE='/home/runner/micromamba-bin/micromamba';
2025-01-27T17:42:24.0263708Z export MAMBA_ROOT_PREFIX='/home/runner/micromamba';
2025-01-27T17:42:24.0264473Z __mamba_setup="$("$MAMBA_EXE" shell hook --shell bash --root-prefix "$MAMBA_ROOT_PREFIX" 2> /dev/null)"
2025-01-27T17:42:24.0265218Z if [ $? -eq 0 ]; then
2025-01-27T17:42:24.0265569Z     eval "$__mamba_setup"
2025-01-27T17:42:24.0265945Z else
2025-01-27T17:42:24.0266780Z     alias micromamba="$MAMBA_EXE"  # Fallback on help from mamba activate
2025-01-27T17:42:24.0267607Z fi
2025-01-27T17:42:24.0267877Z unset __mamba_setup
2025-01-27T17:42:24.0268192Z # <<< mamba initialize <<<
2025-01-27T17:42:24.0268423Z 
2025-01-27T17:42:24.0276244Z Moving mamba initialize block to .bash_profile
2025-01-27T17:42:24.0288835Z ##[endgroup]
2025-01-27T17:42:24.0290047Z ##[group]Restoring downloads from `/home/runner/micromamba/pkgs` ...
2025-01-27T17:42:25.1163001Z Received 222298112 of 356813217 (62.3%), 210.9 MBs/sec
2025-01-27T17:42:25.5935038Z Cache Size: ~340 MB (356813217 B)
2025-01-27T17:42:25.5974058Z [command]/usr/bin/tar -xf /home/runner/work/_temp/fb53a53d-0465-44cf-8aaf-3a37104377a4/cache.tzst -P -C /home/runner/work/tardis/tardis --use-compress-program unzstd
2025-01-27T17:42:26.1179012Z Received 356813217 of 356813217 (100.0%), 169.5 MBs/sec
2025-01-27T17:42:26.1331756Z Cache restored successfully
2025-01-27T17:42:26.2151743Z Restored cache with key `d7cd390425b0fd3cf82649dcc003efba9915fb4928f15d342148c3ccffcbe2ee-linux-64`
2025-01-27T17:42:26.2154238Z ##[endgroup]
2025-01-27T17:42:26.2171149Z ##[group]Restoring environment `tardis` from `/home/runner/micromamba/envs/tardis` ...
2025-01-27T17:42:27.2852202Z Received 234881024 of 444060167 (52.9%), 223.1 MBs/sec
2025-01-27T17:42:28.0639593Z Cache Size: ~423 MB (444060167 B)
2025-01-27T17:42:28.0720148Z [command]/usr/bin/tar -xf /home/runner/work/_temp/992a2690-eb88-40cf-815d-e078d850f8dd/cache.tzst -P -C /home/runner/work/tardis/tardis --use-compress-program unzstd
2025-01-27T17:42:28.2851892Z Received 444060167 of 444060167 (100.0%), 211.2 MBs/sec
2025-01-27T17:42:33.4977395Z Cache restored successfully
2025-01-27T17:42:33.5798401Z Restored cache with key `d7cd390425b0fd3cf82649dcc003efba9915fb4928f15d342148c3ccffcbe2ee-linux-64-tardis-args-4f53cda-root-dcc80ee-bin-[object Promise]-file-d7cd390425b0fd3cf82649dcc003efba9915fb4928f15d342148c3ccffcbe2ee`
2025-01-27T17:42:33.5799758Z ##[endgroup]
2025-01-27T17:42:33.5800017Z Adding environment tardis to auto-activate bash ...
2025-01-27T17:42:33.5812010Z Generating micromamba run shell.
2025-01-27T17:42:33.5821211Z ##[endgroup]
2025-01-27T17:42:33.5826826Z Set environment variables.
2025-01-27T17:42:33.5831144Z ##[group]micromamba info
2025-01-27T17:42:33.5834426Z [command]/home/runner/micromamba-bin/micromamba info -r /home/runner/micromamba -n tardis
2025-01-27T17:42:33.6072002Z 
2025-01-27T17:42:33.6072384Z        libmamba version : 1.5.10
2025-01-27T17:42:33.6072840Z      micromamba version : 1.5.10
2025-01-27T17:42:33.6073434Z            curl version : libcurl/8.10.1 OpenSSL/3.3.2 zlib/1.3.1 zstd/1.5.6 libssh2/1.11.0 nghttp2/1.58.0
2025-01-27T17:42:33.6074026Z      libarchive version : libarchive 3.7.4 zlib/1.2.13 bz2lib/1.0.8 libzstd/1.5.6
2025-01-27T17:42:33.6074451Z        envs directories : /home/runner/micromamba/envs
2025-01-27T17:42:33.6074795Z           package cache : /home/runner/micromamba/pkgs
2025-01-27T17:42:33.6075413Z                           /home/runner/.mamba/pkgs
2025-01-27T17:42:33.6075695Z             environment : tardis
2025-01-27T17:42:33.6075992Z            env location : /home/runner/micromamba/envs/tardis
2025-01-27T17:42:33.6076317Z       user config files : /home/runner/.mambarc
2025-01-27T17:42:33.6076719Z  populated config files : /home/runner/work/_temp/setup-micromamba/.condarc
2025-01-27T17:42:33.6077422Z        virtual packages : __unix=0=0
2025-01-27T17:42:33.6077691Z                           __linux=6.8.0=0
2025-01-27T17:42:33.6077953Z                           __glibc=2.39=0
2025-01-27T17:42:33.6078215Z                           __archspec=1=x86_64_v3
2025-01-27T17:42:33.6078720Z                channels : https://conda.anaconda.org/conda-forge/linux-64
2025-01-27T17:42:33.6079120Z                           https://conda.anaconda.org/conda-forge/noarch
2025-01-27T17:42:33.6079462Z        base environment : /home/runner/micromamba
2025-01-27T17:42:33.6079762Z                platform : linux-64
2025-01-27T17:42:33.6091285Z ##[endgroup]
2025-01-27T17:42:33.6095634Z ##[group]micromamba list
2025-01-27T17:42:33.6096661Z [command]/home/runner/micromamba-bin/micromamba list -r /home/runner/micromamba -n tardis
2025-01-27T17:42:34.0383603Z List of packages in environment: "/home/runner/micromamba/envs/tardis"
2025-01-27T17:42:34.0384677Z 
2025-01-27T17:42:34.0385495Z   Name                           Version              Build                    Channel    
2025-01-27T17:42:34.0386572Z â”€â”€â”€â”€â”€â”€â”€â”€â”€â”€â”€â”€â”€â”€â”€â”€â”€â”€â”€â”€â”€â”€â”€â”€â”€â”€â”€â”€â”€â”€â”€â”€â”€â”€â”€â”€â”€â”€â”€â”€â”€â”€â”€â”€â”€â”€â”€â”€â”€â”€â”€â”€â”€â”€â”€â”€â”€â”€â”€â”€â”€â”€â”€â”€â”€â”€â”€â”€â”€â”€â”€â”€â”€â”€â”€â”€â”€â”€â”€â”€â”€â”€â”€â”€â”€â”€â”€â”€â”€â”€â”€â”€
2025-01-27T17:42:34.0387429Z   _libgcc_mutex                  0.1                  conda_forge              conda-forge
2025-01-27T17:42:34.0388034Z   _openmp_mutex                  4.5                  2_gnu                    conda-forge
2025-01-27T17:42:34.0388630Z   alabaster                      0.7.16               pyhd8ed1ab_0             conda-forge
2025-01-27T17:42:34.0389189Z   anyio                          4.4.0                pyhd8ed1ab_0             conda-forge
2025-01-27T17:42:34.0389807Z   argon2-cffi                    23.1.0               pyhd8ed1ab_0             conda-forge
2025-01-27T17:42:34.0390484Z   argon2-cffi-bindings           21.2.0               py312h98912ed_4          conda-forge
2025-01-27T17:42:34.0391088Z   arrow                          1.3.0                pyhd8ed1ab_0             conda-forge
2025-01-27T17:42:34.0391633Z   astropy                        6.1.1                py312h085067d_0          conda-forge
2025-01-27T17:42:34.0392309Z   astropy-iers-data              0.2024.6.17.0.31.35  pyhd8ed1ab_0             conda-forge
2025-01-27T17:42:34.0393082Z   astropy-sphinx-theme           1.1                  pyhd8ed1ab_0             conda-forge
2025-01-27T17:42:34.0393745Z   asttokens                      2.4.1                pyhd8ed1ab_0             conda-forge
2025-01-27T17:42:34.0394338Z   async-lru                      2.0.4                pyhd8ed1ab_0             conda-forge
2025-01-27T17:42:34.0394913Z   atk-1.0                        2.38.0               h04ea711_2               conda-forge
2025-01-27T17:42:34.0395496Z   attrs                          23.2.0               pyh71513ae_0             conda-forge
2025-01-27T17:42:34.0395985Z   babel                          2.14.0               pyhd8ed1ab_0             conda-forge
2025-01-27T17:42:34.0396556Z   beautifulsoup4                 4.12.3               pyha770c72_0             conda-forge
2025-01-27T17:42:34.0397298Z   bleach                         6.1.0                pyhd8ed1ab_0             conda-forge
2025-01-27T17:42:34.0397961Z   blosc                          1.21.5               hc2324a3_1               conda-forge
2025-01-27T17:42:34.0398527Z   brotli                         1.1.0                hd590300_1               conda-forge
2025-01-27T17:42:34.0399112Z   brotli-bin                     1.1.0                hd590300_1               conda-forge
2025-01-27T17:42:34.0399749Z   brotli-python                  1.1.0                py312h30efb56_1          conda-forge
2025-01-27T17:42:34.0400744Z   bzip2                          1.0.8                hd590300_5               conda-forge
2025-01-27T17:42:34.0401283Z   c-ares                         1.28.1               hd590300_0               conda-forge
2025-01-27T17:42:34.0401865Z   c-blosc2                       2.14.4               hb4ffafa_1               conda-forge
2025-01-27T17:42:34.0402501Z   ca-certificates                2024.6.2             hbcca054_0               conda-forge
2025-01-27T17:42:34.0403189Z   cached-property                1.5.2                hd8ed1ab_1               conda-forge
2025-01-27T17:42:34.0403870Z   cached_property                1.5.2                pyha770c72_1             conda-forge
2025-01-27T17:42:34.0404488Z   cairo                          1.18.0               h3faef2a_0               conda-forge
2025-01-27T17:42:34.0405087Z   certifi                        2024.6.2             pyhd8ed1ab_0             conda-forge
2025-01-27T17:42:34.0405911Z   cffi                           1.16.0               py312hf06ca03_0          conda-forge
2025-01-27T17:42:34.0406575Z   charset-normalizer             3.3.2                pyhd8ed1ab_0             conda-forge
2025-01-27T17:42:34.0407396Z   click                          8.1.7                unix_pyh707e725_0        conda-forge
2025-01-27T17:42:34.0408005Z   codespell                      2.3.0                pyhd8ed1ab_0             conda-forge
2025-01-27T17:42:34.0408638Z   colorama                       0.4.6                pyhd8ed1ab_0             conda-forge
2025-01-27T17:42:34.0409226Z   comm                           0.2.2                pyhd8ed1ab_0             conda-forge
2025-01-27T17:42:34.0409822Z   commonmark                     0.9.1                py_0                     conda-forge
2025-01-27T17:42:34.0410480Z   contourpy                      1.2.1                py312h8572e83_0          conda-forge
2025-01-27T17:42:34.0411089Z   coverage                       7.5.3                py312h9a8786e_0          conda-forge
2025-01-27T17:42:34.0411668Z   cycler                         0.12.1               pyhd8ed1ab_0             conda-forge
2025-01-27T17:42:34.0412271Z   dataclasses                    0.8                  pyhc8e2a94_3             conda-forge
2025-01-27T17:42:34.0412909Z   debugpy                        1.8.1                py312h30efb56_0          conda-forge
2025-01-27T17:42:34.0413531Z   decorator                      5.1.1                pyhd8ed1ab_0             conda-forge
2025-01-27T17:42:34.0414175Z   defusedxml                     0.7.1                pyhd8ed1ab_0             conda-forge
2025-01-27T17:42:34.0414811Z   docutils                       0.20.1               py312h7900ff3_3          conda-forge
2025-01-27T17:42:34.0415455Z   dot2tex                        2.11.3               pyhd8ed1ab_0             conda-forge
2025-01-27T17:42:34.0416121Z   entrypoints                    0.4                  pyhd8ed1ab_0             conda-forge
2025-01-27T17:42:34.0416825Z   exceptiongroup                 1.2.0                pyhd8ed1ab_2             conda-forge
2025-01-27T17:42:34.0417654Z   executing                      2.0.1                pyhd8ed1ab_0             conda-forge
2025-01-27T17:42:34.0418274Z   expat                          2.6.2                h59595ed_0               conda-forge
2025-01-27T17:42:34.0418960Z   font-ttf-dejavu-sans-mono      2.37                 hab24e00_0               conda-forge
2025-01-27T17:42:34.0419745Z   font-ttf-inconsolata           3.000                h77eed37_0               conda-forge
2025-01-27T17:42:34.0420538Z   font-ttf-source-code-pro       2.038                h77eed37_0               conda-forge
2025-01-27T17:42:34.0421276Z   font-ttf-ubuntu                0.83                 h77eed37_2               conda-forge
2025-01-27T17:42:34.0421941Z   fontconfig                     2.14.2               h14ed4e7_0               conda-forge
2025-01-27T17:42:34.0422632Z   fonts-conda-ecosystem          1                    0                        conda-forge
2025-01-27T17:42:34.0423532Z   fonts-conda-forge              1                    0                        conda-forge
2025-01-27T17:42:34.0424203Z   fonttools                      4.53.0               py312h9a8786e_0          conda-forge
2025-01-27T17:42:34.0424823Z   fqdn                           1.5.1                pyhd8ed1ab_0             conda-forge
2025-01-27T17:42:34.0425398Z   freetype                       2.12.1               h267a509_2               conda-forge
2025-01-27T17:42:34.0425966Z   fribidi                        1.0.10               h36c2ea0_0               conda-forge
2025-01-27T17:42:34.0426481Z   future                         1.0.0                pyhd8ed1ab_0             conda-forge
2025-01-27T17:42:34.0426857Z   gdk-pixbuf                     2.42.12              hb9ae30d_0               conda-forge
2025-01-27T17:42:34.0427530Z   giflib                         5.2.2                hd590300_0               conda-forge
2025-01-27T17:42:34.0428065Z   git-lfs                        3.5.1                ha770c72_0               conda-forge
2025-01-27T17:42:34.0428413Z   gmp                            6.3.0                h59595ed_1               conda-forge
2025-01-27T17:42:34.0428742Z   gmpy2                          2.1.5                py312h1d5cde6_1          conda-forge
2025-01-27T17:42:34.0429117Z   graphite2                      1.3.13               h59595ed_1003            conda-forge
2025-01-27T17:42:34.0429478Z   graphviz                       11.0.0               hc68bbd7_0               conda-forge
2025-01-27T17:42:34.0429972Z   gtk2                           2.24.33              h280cfa0_4               conda-forge
2025-01-27T17:42:34.0430426Z   gts                            0.7.6                h977cf35_4               conda-forge
2025-01-27T17:42:34.0430750Z   h11                            0.14.0               pyhd8ed1ab_0             conda-forge
2025-01-27T17:42:34.0431068Z   h2                             4.1.0                pyhd8ed1ab_0             conda-forge
2025-01-27T17:42:34.0431409Z   h5py                           3.11.0               nompi_py312hb7ab980_102  conda-forge
2025-01-27T17:42:34.0431760Z   harfbuzz                       8.5.0                hfac3d4d_0               conda-forge
2025-01-27T17:42:34.0432101Z   hdf5                           1.14.3               nompi_hdf9ad27_105       conda-forge
2025-01-27T17:42:34.0432449Z   hpack                          4.0.0                pyh9f0ad1d_0             conda-forge
2025-01-27T17:42:34.0433066Z   httpcore                       1.0.5                pyhd8ed1ab_0             conda-forge
2025-01-27T17:42:34.0433838Z   httpx                          0.27.0               pyhd8ed1ab_0             conda-forge
2025-01-27T17:42:34.0434512Z   hyperframe                     6.0.1                pyhd8ed1ab_0             conda-forge
2025-01-27T17:42:34.0435165Z   icu                            73.2                 h59595ed_0               conda-forge
2025-01-27T17:42:34.0435591Z   idna                           3.7                  pyhd8ed1ab_0             conda-forge
2025-01-27T17:42:34.0435951Z   imagesize                      1.4.1                pyhd8ed1ab_0             conda-forge
2025-01-27T17:42:34.0436355Z   importlib-metadata             7.1.0                pyha770c72_0             conda-forge
2025-01-27T17:42:34.0436773Z   importlib_metadata             7.1.0                hd8ed1ab_0               conda-forge
2025-01-27T17:42:34.0437390Z   importlib_resources            6.4.0                pyhd8ed1ab_0             conda-forge
2025-01-27T17:42:34.0437777Z   iniconfig                      2.0.0                pyhd8ed1ab_0             conda-forge
2025-01-27T17:42:34.0438143Z   ipykernel                      6.29.4               pyh3099207_0             conda-forge
2025-01-27T17:42:34.0438495Z   ipython                        8.25.0               pyh707e725_0             conda-forge
2025-01-27T17:42:34.0438861Z   ipython_genutils               0.2.0                pyhd8ed1ab_1             conda-forge
2025-01-27T17:42:34.0439440Z   ipywidgets                     7.8.0                pyhd8ed1ab_0             conda-forge
2025-01-27T17:42:34.0439815Z   isoduration                    20.11.0              pyhd8ed1ab_0             conda-forge
2025-01-27T17:42:34.0440172Z   jedi                           0.19.1               pyhd8ed1ab_0             conda-forge
2025-01-27T17:42:34.0440508Z   jinja2                         3.1.4                pyhd8ed1ab_0             conda-forge
2025-01-27T17:42:34.0440849Z   json5                          0.9.25               pyhd8ed1ab_0             conda-forge
2025-01-27T17:42:34.0441207Z   jsonpointer                    3.0.0                py312h7900ff3_0          conda-forge
2025-01-27T17:42:34.0441578Z   jsonschema                     4.22.0               pyhd8ed1ab_0             conda-forge
2025-01-27T17:42:34.0442020Z   jsonschema-specifications      2023.12.1            pyhd8ed1ab_0             conda-forge
2025-01-27T17:42:34.0442638Z   jsonschema-with-format-nongpl  4.22.0               pyhd8ed1ab_0             conda-forge
2025-01-27T17:42:34.0443082Z   jupyter-lsp                    2.2.5                pyhd8ed1ab_0             conda-forge
2025-01-27T17:42:34.0443511Z   jupyter_client                 8.6.2                pyhd8ed1ab_0             conda-forge
2025-01-27T17:42:34.0444002Z   jupyter_core                   5.7.2                py312h7900ff3_0          conda-forge
2025-01-27T17:42:34.0444393Z   jupyter_events                 0.10.0               pyhd8ed1ab_0             conda-forge
2025-01-27T17:42:34.0445082Z   jupyter_server                 2.14.1               pyhd8ed1ab_0             conda-forge
2025-01-27T17:42:34.0445808Z   jupyter_server_terminals       0.5.3                pyhd8ed1ab_0             conda-forge
2025-01-27T17:42:34.0446519Z   jupyterlab                     4.2.2                pyhd8ed1ab_0             conda-forge
2025-01-27T17:42:34.0447369Z   jupyterlab_pygments            0.3.0                pyhd8ed1ab_1             conda-forge
2025-01-27T17:42:34.0448021Z   jupyterlab_server              2.27.2               pyhd8ed1ab_0             conda-forge
2025-01-27T17:42:34.0448451Z   jupyterlab_widgets             1.1.7                pyhd8ed1ab_0             conda-forge
2025-01-27T17:42:34.0448845Z   keyutils                       1.6.1                h166bdaf_0               conda-forge
2025-01-27T17:42:34.0449208Z   kiwisolver                     1.4.5                py312h8572e83_1          conda-forge
2025-01-27T17:42:34.0449556Z   krb5                           1.21.2               h659d440_0               conda-forge
2025-01-27T17:42:34.0449899Z   latexcodec                     2.0.1                pyh9f0ad1d_0             conda-forge
2025-01-27T17:42:34.0450246Z   lcms2                          2.16                 hb7c19ff_0               conda-forge
2025-01-27T17:42:34.0450598Z   ld_impl_linux-64               2.40                 hf3520f5_7               conda-forge
2025-01-27T17:42:34.0450941Z   lerc                           4.0.0                h27087fc_0               conda-forge
2025-01-27T17:42:34.0451277Z   libaec                         1.1.3                h59595ed_0               conda-forge
2025-01-27T17:42:34.0451622Z   libblas                        3.9.0                22_linux64_openblas      conda-forge
2025-01-27T17:42:34.0452001Z   libbrotlicommon                1.1.0                hd590300_1               conda-forge
2025-01-27T17:42:34.0452391Z   libbrotlidec                   1.1.0                hd590300_1               conda-forge
2025-01-27T17:42:34.0452764Z   libbrotlienc                   1.1.0                hd590300_1               conda-forge
2025-01-27T17:42:34.0453133Z   libcblas                       3.9.0                22_linux64_openblas      conda-forge
2025-01-27T17:42:34.0453483Z   libcurl                        8.8.0                hca28451_0               conda-forge
2025-01-27T17:42:34.0453833Z   libdeflate                     1.20                 hd590300_0               conda-forge
2025-01-27T17:42:34.0454443Z   libedit                        3.1.20191231         he28a2e2_2               conda-forge
2025-01-27T17:42:34.0454785Z   libev                          4.33                 hd590300_2               conda-forge
2025-01-27T17:42:34.0455123Z   libexpat                       2.6.2                h59595ed_0               conda-forge
2025-01-27T17:42:34.0455469Z   libffi                         3.4.2                h7f98852_5               conda-forge
2025-01-27T17:42:34.0455809Z   libgcc-ng                      13.2.0               h77fa898_10              conda-forge
2025-01-27T17:42:34.0456150Z   libgd                          2.3.3                h119a65a_9               conda-forge
2025-01-27T17:42:34.0456509Z   libgfortran-ng                 13.2.0               h69a702a_10              conda-forge
2025-01-27T17:42:34.0456891Z   libgfortran5                   13.2.0               h3d2ce59_10              conda-forge
2025-01-27T17:42:34.0457451Z   libglib                        2.80.2               h8a4344b_1               conda-forge
2025-01-27T17:42:34.0458091Z   libgomp                        13.2.0               h77fa898_10              conda-forge
2025-01-27T17:42:34.0458785Z   libiconv                       1.17                 hd590300_2               conda-forge
2025-01-27T17:42:34.0459488Z   libjpeg-turbo                  3.0.0                hd590300_1               conda-forge
2025-01-27T17:42:34.0459960Z   liblapack                      3.9.0                22_linux64_openblas      conda-forge
2025-01-27T17:42:34.0460340Z   libllvm14                      14.0.6               hcd5def8_4               conda-forge
2025-01-27T17:42:34.0460716Z   libnghttp2                     1.58.0               h47da74e_1               conda-forge
2025-01-27T17:42:34.0461078Z   libnsl                         2.0.1                hd590300_0               conda-forge
2025-01-27T17:42:34.0461451Z   libopenblas                    0.3.27               pthreads_h413a1c8_0      conda-forge
2025-01-27T17:42:34.0461838Z   libpng                         1.6.43               h2797004_0               conda-forge
2025-01-27T17:42:34.0462187Z   librsvg                        2.58.1               hadf69e7_0               conda-forge
2025-01-27T17:42:34.0462556Z   libsodium                      1.0.18               h36c2ea0_1               conda-forge
2025-01-27T17:42:34.0462913Z   libsqlite                      3.46.0               hde9e2c9_0               conda-forge
2025-01-27T17:42:34.0463269Z   libssh2                        1.11.0               h0841786_0               conda-forge
2025-01-27T17:42:34.0463633Z   libstdcxx-ng                   13.2.0               hc0a3c3a_10              conda-forge
2025-01-27T17:42:34.0463997Z   libtiff                        4.6.0                h1dd3fc0_3               conda-forge
2025-01-27T17:42:34.0464345Z   libuuid                        2.38.1               h0b41bf4_0               conda-forge
2025-01-27T17:42:34.0464686Z   libwebp                        1.4.0                h2c329e2_0               conda-forge
2025-01-27T17:42:34.0465054Z   libwebp-base                   1.4.0                hd590300_0               conda-forge
2025-01-27T17:42:34.0465405Z   libxcb                         1.15                 h0b41bf4_0               conda-forge
2025-01-27T17:42:34.0465757Z   libxcrypt                      4.4.36               hd590300_1               conda-forge
2025-01-27T17:42:34.0466107Z   libxml2                        2.12.7               hc051c1a_1               conda-forge
2025-01-27T17:42:34.0466451Z   libxslt                        1.1.39               h76b75d6_0               conda-forge
2025-01-27T17:42:34.0466795Z   libzlib                        1.3.1                h4ab18f5_1               conda-forge
2025-01-27T17:42:34.0467390Z   llvmlite                       0.42.0               py312hb06c811_1          conda-forge
2025-01-27T17:42:34.0467747Z   lxml                           5.2.2                py312hb90d8a5_0          conda-forge
2025-01-27T17:42:34.0468523Z   lz4-c                          1.9.4                hcb278e6_0               conda-forge
2025-01-27T17:42:34.0468867Z   lzo                            2.10                 hd590300_1001            conda-forge
2025-01-27T17:42:34.0469221Z   markupsafe                     2.1.5                py312h98912ed_0          conda-forge
2025-01-27T17:42:34.0469609Z   matplotlib-base                3.8.4                py312h20ab3a6_2          conda-forge
2025-01-27T17:42:34.0470021Z   matplotlib-inline              0.1.7                pyhd8ed1ab_0             conda-forge
2025-01-27T17:42:34.0470403Z   mistune                        3.0.2                pyhd8ed1ab_0             conda-forge
2025-01-27T17:42:34.0470740Z   mpc                            1.3.1                hfe3b2da_0               conda-forge
2025-01-27T17:42:34.0471063Z   mpfr                           4.2.1                h9458935_1               conda-forge
2025-01-27T17:42:34.0471397Z   mpmath                         1.3.0                pyhd8ed1ab_0             conda-forge
2025-01-27T17:42:34.0471866Z   munkres                        1.1.4                pyh9f0ad1d_0             conda-forge
2025-01-27T17:42:34.0472247Z   mypy_extensions                1.0.0                pyha770c72_0             conda-forge
2025-01-27T17:42:34.0472621Z   nbclassic                      1.1.0                pyhd8ed1ab_0             conda-forge
2025-01-27T17:42:34.0472982Z   nbclient                       0.10.0               pyhd8ed1ab_0             conda-forge
2025-01-27T17:42:34.0473343Z   nbconvert                      7.16.4               hd8ed1ab_1               conda-forge
2025-01-27T17:42:34.0473719Z   nbconvert-core                 7.16.4               pyhd8ed1ab_1             conda-forge
2025-01-27T17:42:34.0474124Z   nbconvert-pandoc               7.16.4               hd8ed1ab_1               conda-forge
2025-01-27T17:42:34.0474518Z   nbformat                       5.10.4               pyhd8ed1ab_0             conda-forge
2025-01-27T17:42:34.0474888Z   nbsphinx                       0.9.4                pyhd8ed1ab_0             conda-forge
2025-01-27T17:42:34.0475241Z   ncurses                        6.5                  h59595ed_0               conda-forge
2025-01-27T17:42:34.0475603Z   nest-asyncio                   1.6.0                pyhd8ed1ab_0             conda-forge
2025-01-27T17:42:34.0475973Z   networkx                       3.3                  pyhd8ed1ab_1             conda-forge
2025-01-27T17:42:34.0476313Z   nomkl                          1.0                  h5ca1d4c_0               conda-forge
2025-01-27T17:42:34.0476657Z   notebook                       7.2.1                pyhd8ed1ab_0             conda-forge
2025-01-27T17:42:34.0477232Z   notebook-shim                  0.2.4                pyhd8ed1ab_0             conda-forge
2025-01-27T17:42:34.0477714Z   numba                          0.59.1               py312hacefee8_0          conda-forge
2025-01-27T17:42:34.0478060Z   numexpr                        2.10.0               py312hf412c99_100        conda-forge
2025-01-27T17:42:34.0478420Z   numpy                          1.26.4               py312heda63a1_0          conda-forge
2025-01-27T17:42:34.0478765Z   numpydoc                       1.7.0                pyhd8ed1ab_1             conda-forge
2025-01-27T17:42:34.0479120Z   openjpeg                       2.5.2                h488ebb8_0               conda-forge
2025-01-27T17:42:34.0479471Z   openssl                        3.3.1                h4ab18f5_0               conda-forge
2025-01-27T17:42:34.0479829Z   overrides                      7.7.0                pyhd8ed1ab_0             conda-forge
2025-01-27T17:42:34.0480192Z   packaging                      24.1                 pyhd8ed1ab_0             conda-forge
2025-01-27T17:42:34.0480556Z   pandas                         2.2.2                py312h1d6d2e6_1          conda-forge
2025-01-27T17:42:34.0480936Z   pandoc                         3.2                  ha770c72_0               conda-forge
2025-01-27T17:42:34.0481311Z   pandocfilters                  1.5.0                pyhd8ed1ab_0             conda-forge
2025-01-27T17:42:34.0481813Z   pango                          1.54.0               h84a9a3c_0               conda-forge
2025-01-27T17:42:34.0482145Z   parso                          0.8.4                pyhd8ed1ab_0             conda-forge
2025-01-27T17:42:34.0482499Z   pathspec                       0.12.1               pyhd8ed1ab_0             conda-forge
2025-01-27T17:42:34.0482843Z   pbr                            6.0.0                pyhd8ed1ab_0             conda-forge
2025-01-27T17:42:34.0483176Z   pcre2                          10.44                h0f59acf_0               conda-forge
2025-01-27T17:42:34.0483522Z   pexpect                        4.9.0                pyhd8ed1ab_0             conda-forge
2025-01-27T17:42:34.0483888Z   pickleshare                    0.7.5                py_1003                  conda-forge
2025-01-27T17:42:34.0484249Z   pillow                         10.3.0               py312hdcec9eb_0          conda-forge
2025-01-27T17:42:34.0484703Z   pip                            24.0                 pyhd8ed1ab_0             conda-forge
2025-01-27T17:42:34.0485040Z   pixman                         0.43.2               h59595ed_0               conda-forge
2025-01-27T17:42:34.0485430Z   pkgutil-resolve-name           1.3.10               pyhd8ed1ab_1             conda-forge
2025-01-27T17:42:34.0485841Z   platformdirs                   4.2.2                pyhd8ed1ab_0             conda-forge
2025-01-27T17:42:34.0486201Z   plotly                         5.22.0               pyhd8ed1ab_0             conda-forge
2025-01-27T17:42:34.0486542Z   pluggy                         1.5.0                pyhd8ed1ab_0             conda-forge
2025-01-27T17:42:34.0486919Z   prometheus_client              0.20.0               pyhd8ed1ab_0             conda-forge
2025-01-27T17:42:34.0487509Z   prompt-toolkit                 3.0.47               pyha770c72_0             conda-forge
2025-01-27T17:42:34.0487895Z   psutil                         5.9.8                py312h98912ed_0          conda-forge
2025-01-27T17:42:34.0488263Z   pthread-stubs                  0.4                  h36c2ea0_1001            conda-forge
2025-01-27T17:42:34.0488643Z   ptyprocess                     0.7.0                pyhd3deb0d_0             conda-forge
2025-01-27T17:42:34.0489010Z   pure_eval                      0.2.2                pyhd8ed1ab_0             conda-forge
2025-01-27T17:42:34.0489374Z   py-cpuinfo                     9.0.0                pyhd8ed1ab_0             conda-forge
2025-01-27T17:42:34.0489730Z   pybtex                         0.24.0               pyhd8ed1ab_2             conda-forge
2025-01-27T17:42:34.0490107Z   pybtex-docutils                1.0.3                py312h7900ff3_1          conda-forge
2025-01-27T17:42:34.0490486Z   pycparser                      2.22                 pyhd8ed1ab_0             conda-forge
2025-01-27T17:42:34.0490841Z   pyerfa                         2.0.1.4              py312h085067d_1          conda-forge
2025-01-27T17:42:34.0491198Z   pygments                       2.18.0               pyhd8ed1ab_0             conda-forge
2025-01-27T17:42:34.0491559Z   pygraphviz                     1.13                 py312h4a1d8a7_1          conda-forge
2025-01-27T17:42:34.0491922Z   pyparsing                      3.1.2                pyhd8ed1ab_0             conda-forge
2025-01-27T17:42:34.0492275Z   pysocks                        1.7.1                pyha2e5f31_6             conda-forge
2025-01-27T17:42:34.0492624Z   pytables                       3.9.2                py312h96d95ec_2          conda-forge
2025-01-27T17:42:34.0492971Z   pytest                         8.2.2                pyhd8ed1ab_0             conda-forge
2025-01-27T17:42:34.0493320Z   pytest-cov                     5.0.0                pyhd8ed1ab_0             conda-forge
2025-01-27T17:42:34.0493714Z   pytest-doctestplus             1.2.1                pyhd8ed1ab_0             conda-forge
2025-01-27T17:42:34.0494118Z   pytest-html                    4.1.1                pyhd8ed1ab_0             conda-forge
2025-01-27T17:42:34.0494624Z   pytest-metadata                3.1.1                pyhd8ed1ab_0             conda-forge
2025-01-27T17:42:34.0494995Z   python                         3.12.4               h194c7f8_0_cpython       conda-forge
2025-01-27T17:42:34.0495365Z   python-dateutil                2.9.0                pyhd8ed1ab_0             conda-forge
2025-01-27T17:42:34.0495787Z   python-fastjsonschema          2.20.0               pyhd8ed1ab_0             conda-forge
2025-01-27T17:42:34.0496214Z   python-json-logger             2.0.7                pyhd8ed1ab_0             conda-forge
2025-01-27T17:42:34.0496618Z   python-tzdata                  2024.1               pyhd8ed1ab_0             conda-forge
2025-01-27T17:42:34.0497145Z   python_abi                     3.12                 4_cp312                  conda-forge
2025-01-27T17:42:34.0497510Z   pytz                           2024.1               pyhd8ed1ab_0             conda-forge
2025-01-27T17:42:34.0497983Z   pyyaml                         6.0.1                py312h98912ed_1          conda-forge
2025-01-27T17:42:34.0498325Z   pyzmq                          26.0.3               py312h8fd38d8_0          conda-forge
2025-01-27T17:42:34.0498661Z   qgrid                          1.3.1                pyhd8ed1ab_4             conda-forge
2025-01-27T17:42:34.0499037Z   radioactivedecay               0.5.1                pyhd8ed1ab_0             conda-forge
2025-01-27T17:42:34.0499415Z   readline                       8.2                  h8228510_1               conda-forge
2025-01-27T17:42:34.0499776Z   recommonmark                   0.7.1                pyhd8ed1ab_0             conda-forge
2025-01-27T17:42:34.0500175Z   referencing                    0.35.1               pyhd8ed1ab_0             conda-forge
2025-01-27T17:42:34.0500541Z   requests                       2.32.3               pyhd8ed1ab_0             conda-forge
2025-01-27T17:42:34.0500924Z   rfc3339-validator              0.1.4                pyhd8ed1ab_0             conda-forge
2025-01-27T17:42:34.0501341Z   rfc3986-validator              0.1.1                pyh9f0ad1d_0             conda-forge
2025-01-27T17:42:34.0501715Z   rpds-py                        0.18.1               py312h4413252_0          conda-forge
2025-01-27T17:42:34.0502048Z   ruff                           0.4.9                py312h5715c7c_0          conda-forge
2025-01-27T17:42:34.0502384Z   scipy                          1.13.1               py312hc2bc53b_0          conda-forge
2025-01-27T17:42:34.0502739Z   send2trash                     1.8.3                pyh0d859eb_0             conda-forge
2025-01-27T17:42:34.0503275Z   setuptools                     70.0.0               pyhd8ed1ab_0             conda-forge
2025-01-27T17:42:34.0503929Z   setuptools-scm                 8.1.0                pyhd8ed1ab_0             conda-forge
2025-01-27T17:42:34.0504616Z   setuptools_scm                 8.1.0                hd8ed1ab_0               conda-forge
2025-01-27T17:42:34.0505256Z   six                            1.16.0               pyh6c4a22f_0             conda-forge
2025-01-27T17:42:34.0505859Z   snakeviz                       2.2.0                pyhd8ed1ab_0             conda-forge
2025-01-27T17:42:34.0506461Z   snappy                         1.2.0                hdb0a2a9_1               conda-forge
2025-01-27T17:42:34.0507206Z   sniffio                        1.3.1                pyhd8ed1ab_0             conda-forge
2025-01-27T17:42:34.0507885Z   snowballstemmer                2.2.0                pyhd8ed1ab_0             conda-forge
2025-01-27T17:42:34.0508565Z   soupsieve                      2.5                  pyhd8ed1ab_1             conda-forge
2025-01-27T17:42:34.0509174Z   sphinx                         7.3.7                pyhd8ed1ab_0             conda-forge
2025-01-27T17:42:34.0509828Z   sphinx-astropy                 1.9.1                pyhd8ed1ab_0             conda-forge
2025-01-27T17:42:34.0510544Z   sphinx-automodapi              0.17.0               pyh717bed2_1             conda-forge
2025-01-27T17:42:34.0511351Z   sphinx-gallery                 0.16.0               pyhd8ed1ab_0             conda-forge
2025-01-27T17:42:34.0511765Z   sphinx-jsonschema              1.19.1               pyhd8ed1ab_0             conda-forge
2025-01-27T17:42:34.0512187Z   sphinx_bootstrap_theme         0.8.1                pyhd8ed1ab_0             conda-forge
2025-01-27T17:42:34.0512598Z   sphinx_rtd_theme               2.0.0                pyha770c72_0             conda-forge
2025-01-27T17:42:34.0513001Z   sphinxcontrib-apidoc           0.3.0                py_1                     conda-forge
2025-01-27T17:42:34.0513444Z   sphinxcontrib-applehelp        1.0.8                pyhd8ed1ab_0             conda-forge
2025-01-27T17:42:34.0514157Z   sphinxcontrib-bibtex           2.6.2                pyhd8ed1ab_0             conda-forge
2025-01-27T17:42:34.0514931Z   sphinxcontrib-devhelp          1.0.6                pyhd8ed1ab_0             conda-forge
2025-01-27T17:42:34.0515894Z   sphinxcontrib-htmlhelp         2.0.5                pyhd8ed1ab_0             conda-forge
2025-01-27T17:42:34.0516685Z   sphinxcontrib-jquery           4.1                  pyhd8ed1ab_0             conda-forge
2025-01-27T17:42:34.0517615Z   sphinxcontrib-jsmath           1.0.1                pyhd8ed1ab_0             conda-forge
2025-01-27T17:42:34.0518386Z   sphinxcontrib-qthelp           1.0.7                pyhd8ed1ab_0             conda-forge
2025-01-27T17:42:34.0519208Z   sphinxcontrib-serializinghtml  1.1.10               pyhd8ed1ab_0             conda-forge
2025-01-27T17:42:34.0519990Z   stack_data                     0.6.2                pyhd8ed1ab_0             conda-forge
2025-01-27T17:42:34.0520428Z   sympy                          1.12.1               pypyh2585a3b_103         conda-forge
2025-01-27T17:42:34.0520782Z   tabulate                       0.9.0                pyhd8ed1ab_1             conda-forge
2025-01-27T17:42:34.0521146Z   tenacity                       8.4.1                pyhd8ed1ab_0             conda-forge
2025-01-27T17:42:34.0521825Z   terminado                      0.18.1               pyh0d859eb_0             conda-forge
2025-01-27T17:42:34.0522463Z   tinycss2                       1.3.0                pyhd8ed1ab_0             conda-forge
2025-01-27T17:42:34.0523055Z   tk                             8.6.13               noxft_h4845f30_101       conda-forge
2025-01-27T17:42:34.0523629Z   toml                           0.10.2               pyhd8ed1ab_0             conda-forge
2025-01-27T17:42:34.0524215Z   tomli                          2.0.1                pyhd8ed1ab_0             conda-forge
2025-01-27T17:42:34.0524816Z   tornado                        6.4.1                py312h9a8786e_0          conda-forge
2025-01-27T17:42:34.0525411Z   tqdm                           4.66.4               pyhd8ed1ab_0             conda-forge
2025-01-27T17:42:34.0526012Z   traitlets                      5.14.3               pyhd8ed1ab_0             conda-forge
2025-01-27T17:42:34.0526662Z   typed-ast                      1.5.5                py312h98912ed_1          conda-forge
2025-01-27T17:42:34.0527555Z   types-python-dateutil          2.9.0.20240316       pyhd8ed1ab_0             conda-forge
2025-01-27T17:42:34.0528348Z   typing-extensions              4.12.2               hd8ed1ab_0               conda-forge
2025-01-27T17:42:34.0529073Z   typing_extensions              4.12.2               pyha770c72_0             conda-forge
2025-01-27T17:42:34.0529814Z   typing_utils                   0.1.0                pyhd8ed1ab_0             conda-forge
2025-01-27T17:42:34.0530463Z   tzdata                         2024a                h0c530f3_0               conda-forge
2025-01-27T17:42:34.0531114Z   uri-template                   1.3.0                pyhd8ed1ab_0             conda-forge
2025-01-27T17:42:34.0531752Z   urllib3                        2.2.2                pyhd8ed1ab_0             conda-forge
2025-01-27T17:42:34.0532377Z   wcwidth                        0.2.13               pyhd8ed1ab_0             conda-forge
2025-01-27T17:42:34.0533201Z   webcolors                      24.6.0               pyhd8ed1ab_0             conda-forge
2025-01-27T17:42:34.0533861Z   webencodings                   0.5.1                pyhd8ed1ab_2             conda-forge
2025-01-27T17:42:34.0534574Z   websocket-client               1.8.0                pyhd8ed1ab_0             conda-forge
2025-01-27T17:42:34.0535247Z   wheel                          0.43.0               pyhd8ed1ab_1             conda-forge
2025-01-27T17:42:34.0535929Z   widgetsnbextension             3.6.6                pyhd8ed1ab_0             conda-forge
2025-01-27T17:42:34.0536365Z   xorg-kbproto                   1.0.7                h7f98852_1002            conda-forge
2025-01-27T17:42:34.0536736Z   xorg-libice                    1.1.1                hd590300_0               conda-forge
2025-01-27T17:42:34.0537310Z   xorg-libsm                     1.2.4                h7391055_0               conda-forge
2025-01-27T17:42:34.0538028Z   xorg-libx11                    1.8.9                h8ee46fc_0               conda-forge
2025-01-27T17:42:34.0538405Z   xorg-libxau                    1.0.11               hd590300_0               conda-forge
2025-01-27T17:42:34.0538777Z   xorg-libxdmcp                  1.1.3                h7f98852_0               conda-forge
2025-01-27T17:42:34.0539357Z   xorg-libxext                   1.3.4                h0b41bf4_2               conda-forge
2025-01-27T17:42:34.0539753Z   xorg-libxrender                0.9.11               hd590300_0               conda-forge
2025-01-27T17:42:34.0540147Z   xorg-renderproto               0.11.1               h7f98852_1002            conda-forge
2025-01-27T17:42:34.0540537Z   xorg-xextproto                 7.3.0                h0b41bf4_1003            conda-forge
2025-01-27T17:42:34.0540905Z   xorg-xproto                    7.0.31               h7f98852_1007            conda-forge
2025-01-27T17:42:34.0541240Z   xz                             5.2.6                h166bdaf_0               conda-forge
2025-01-27T17:42:34.0541564Z   yaml                           0.2.5                h7f98852_2               conda-forge
2025-01-27T17:42:34.0542027Z   zeromq                         4.3.5                h75354e8_4               conda-forge
2025-01-27T17:42:34.0542612Z   zipp                           3.19.2               pyhd8ed1ab_0             conda-forge
2025-01-27T17:42:34.0543205Z   zlib                           1.3.1                h4ab18f5_1               conda-forge
2025-01-27T17:42:34.0543806Z   zlib-ng                        2.0.7                h0b41bf4_0               conda-forge
2025-01-27T17:42:34.0544394Z   zstd                           1.5.6                ha6fb4c9_0               conda-forge
2025-01-27T17:42:34.0545273Z ##[endgroup]
2025-01-27T17:42:34.0583487Z ##[group]Run pip install -e . --user
2025-01-27T17:42:34.0583822Z [36;1mpip install -e . --user[0m
2025-01-27T17:42:34.0619222Z shell: /usr/bin/bash -l {0}
2025-01-27T17:42:34.0619478Z env:
2025-01-27T17:42:34.0619784Z   CACHE_NUMBER: 0
2025-01-27T17:42:34.0620737Z   PYTEST_FLAGS: --tardis-regression-data=/home/runner/work/tardis/tardis/tardis-regression-data --cov=tardis --cov-report=xml --cov-report=html --cov-append
2025-01-27T17:42:34.0621838Z   CODECOV_TOKEN: 
2025-01-27T17:42:34.0622067Z   MAMBA_ROOT_PREFIX: /home/runner/micromamba
2025-01-27T17:42:34.0622383Z   MAMBA_EXE: /home/runner/micromamba-bin/micromamba
2025-01-27T17:42:34.0622740Z   CONDARC: /home/runner/work/_temp/setup-micromamba/.condarc
2025-01-27T17:42:34.0623173Z ##[endgroup]
2025-01-27T17:42:35.4192858Z Obtaining file:///home/runner/work/tardis/tardis
2025-01-27T17:42:35.4221144Z   Installing build dependencies: started
2025-01-27T17:42:38.2941802Z   Installing build dependencies: finished with status 'done'
2025-01-27T17:42:38.2947246Z   Checking if build backend supports build_editable: started
2025-01-27T17:42:38.4239568Z   Checking if build backend supports build_editable: finished with status 'done'
2025-01-27T17:42:38.4249018Z   Getting requirements to build editable: started
2025-01-27T17:42:38.8851895Z   Getting requirements to build editable: finished with status 'done'
2025-01-27T17:42:38.8860048Z   Preparing editable metadata (pyproject.toml): started
2025-01-27T17:42:39.3573705Z   Preparing editable metadata (pyproject.toml): finished with status 'done'
2025-01-27T17:42:39.4172284Z Requirement already satisfied: astropy in /home/runner/micromamba/envs/tardis/lib/python3.12/site-packages (from tardis==0.0.0) (6.1.1)
2025-01-27T17:42:39.4547514Z Requirement already satisfied: numpy>=1.23 in /home/runner/micromamba/envs/tardis/lib/python3.12/site-packages (from astropy->tardis==0.0.0) (1.26.4)
2025-01-27T17:42:39.4556120Z Requirement already satisfied: pyerfa>=2.0.1.1 in /home/runner/micromamba/envs/tardis/lib/python3.12/site-packages (from astropy->tardis==0.0.0) (2.0.1.4)
2025-01-27T17:42:39.4566300Z Requirement already satisfied: astropy-iers-data>=0.2024.5.27.0.30.8 in /home/runner/micromamba/envs/tardis/lib/python3.12/site-packages (from astropy->tardis==0.0.0) (0.2024.6.17.0.31.35)
2025-01-27T17:42:39.4574501Z Requirement already satisfied: PyYAML>=3.13 in /home/runner/micromamba/envs/tardis/lib/python3.12/site-packages (from astropy->tardis==0.0.0) (6.0.1)
2025-01-27T17:42:39.4584058Z Requirement already satisfied: packaging>=19.0 in /home/runner/micromamba/envs/tardis/lib/python3.12/site-packages (from astropy->tardis==0.0.0) (24.1)
2025-01-27T17:42:39.4671079Z Building wheels for collected packages: tardis
2025-01-27T17:42:39.4679693Z   Building editable for tardis (pyproject.toml): started
2025-01-27T17:42:40.2255059Z   Building editable for tardis (pyproject.toml): finished with status 'done'
2025-01-27T17:42:40.2261292Z   Created wheel for tardis: filename=tardis-0.0.0-0.editable-py3-none-any.whl size=8876 sha256=12e94d6999bab57b8bf19678abc52e0fc21cb97a6d633081ae99b4614eb2f800
2025-01-27T17:42:40.2262912Z   Stored in directory: /tmp/pip-ephem-wheel-cache-2rd6m1va/wheels/6a/c7/ae/89fa6dc2565455898176888ef0e2e475e4e90eb0124afcb995
2025-01-27T17:42:40.2289754Z Successfully built tardis
2025-01-27T17:42:41.0031431Z Installing collected packages: tardis
2025-01-27T17:42:41.0120403Z Successfully installed tardis-0.0.0
2025-01-27T17:42:41.2196340Z ##[group]Run pip install qgridnext
2025-01-27T17:42:41.2196668Z [36;1mpip install qgridnext[0m
2025-01-27T17:42:41.2224407Z shell: /usr/bin/bash -l {0}
2025-01-27T17:42:41.2224642Z env:
2025-01-27T17:42:41.2224816Z   CACHE_NUMBER: 0
2025-01-27T17:42:41.2225429Z   PYTEST_FLAGS: --tardis-regression-data=/home/runner/work/tardis/tardis/tardis-regression-data --cov=tardis --cov-report=xml --cov-report=html --cov-append
2025-01-27T17:42:41.2226089Z   CODECOV_TOKEN: 
2025-01-27T17:42:41.2226318Z   MAMBA_ROOT_PREFIX: /home/runner/micromamba
2025-01-27T17:42:41.2226625Z   MAMBA_EXE: /home/runner/micromamba-bin/micromamba
2025-01-27T17:42:41.2227144Z   CONDARC: /home/runner/work/_temp/setup-micromamba/.condarc
2025-01-27T17:42:41.2227462Z ##[endgroup]
2025-01-27T17:42:41.8488062Z Collecting qgridnext
2025-01-27T17:42:41.8654259Z   Downloading qgridnext-2.0.4-py3-none-any.whl.metadata (9.9 kB)
2025-01-27T17:42:41.8739064Z Requirement already satisfied: pandas>=0.20.0 in /home/runner/micromamba/envs/tardis/lib/python3.12/site-packages (from qgridnext) (2.2.2)
2025-01-27T17:42:41.8748564Z Requirement already satisfied: ipywidgets>=7.0.0 in /home/runner/micromamba/envs/tardis/lib/python3.12/site-packages (from qgridnext) (7.8.0)
2025-01-27T17:42:41.8758645Z Requirement already satisfied: numpy in /home/runner/micromamba/envs/tardis/lib/python3.12/site-packages (from qgridnext) (1.26.4)
2025-01-27T17:42:41.8769341Z Requirement already satisfied: traitlets in /home/runner/micromamba/envs/tardis/lib/python3.12/site-packages (from qgridnext) (5.14.3)
2025-01-27T17:42:41.8854598Z Requirement already satisfied: comm>=0.1.3 in /home/runner/micromamba/envs/tardis/lib/python3.12/site-packages (from ipywidgets>=7.0.0->qgridnext) (0.2.2)
2025-01-27T17:42:41.8863772Z Requirement already satisfied: ipython-genutils~=0.2.0 in /home/runner/micromamba/envs/tardis/lib/python3.12/site-packages (from ipywidgets>=7.0.0->qgridnext) (0.2.0)
2025-01-27T17:42:41.8877676Z Requirement already satisfied: widgetsnbextension~=3.6.5 in /home/runner/micromamba/envs/tardis/lib/python3.12/site-packages (from ipywidgets>=7.0.0->qgridnext) (3.6.6)
2025-01-27T17:42:41.8895941Z Requirement already satisfied: ipython>=4.0.0 in /home/runner/micromamba/envs/tardis/lib/python3.12/site-packages (from ipywidgets>=7.0.0->qgridnext) (8.25.0)
2025-01-27T17:42:41.8911162Z Requirement already satisfied: jupyterlab-widgets<3,>=1.0.0 in /home/runner/micromamba/envs/tardis/lib/python3.12/site-packages (from ipywidgets>=7.0.0->qgridnext) (1.1.7)
2025-01-27T17:42:41.9385299Z Requirement already satisfied: python-dateutil>=2.8.2 in /home/runner/micromamba/envs/tardis/lib/python3.12/site-packages (from pandas>=0.20.0->qgridnext) (2.9.0)
2025-01-27T17:42:41.9387770Z Requirement already satisfied: pytz>=2020.1 in /home/runner/micromamba/envs/tardis/lib/python3.12/site-packages (from pandas>=0.20.0->qgridnext) (2024.1)
2025-01-27T17:42:41.9397774Z Requirement already satisfied: tzdata>=2022.7 in /home/runner/micromamba/envs/tardis/lib/python3.12/site-packages (from pandas>=0.20.0->qgridnext) (2024.1)
2025-01-27T17:42:41.9727431Z Requirement already satisfied: decorator in /home/runner/micromamba/envs/tardis/lib/python3.12/site-packages (from ipython>=4.0.0->ipywidgets>=7.0.0->qgridnext) (5.1.1)
2025-01-27T17:42:41.9744594Z Requirement already satisfied: jedi>=0.16 in /home/runner/micromamba/envs/tardis/lib/python3.12/site-packages (from ipython>=4.0.0->ipywidgets>=7.0.0->qgridnext) (0.19.1)
2025-01-27T17:42:41.9755291Z Requirement already satisfied: matplotlib-inline in /home/runner/micromamba/envs/tardis/lib/python3.12/site-packages (from ipython>=4.0.0->ipywidgets>=7.0.0->qgridnext) (0.1.7)
2025-01-27T17:42:41.9767697Z Requirement already satisfied: prompt-toolkit<3.1.0,>=3.0.41 in /home/runner/micromamba/envs/tardis/lib/python3.12/site-packages (from ipython>=4.0.0->ipywidgets>=7.0.0->qgridnext) (3.0.47)
2025-01-27T17:42:41.9778064Z Requirement already satisfied: pygments>=2.4.0 in /home/runner/micromamba/envs/tardis/lib/python3.12/site-packages (from ipython>=4.0.0->ipywidgets>=7.0.0->qgridnext) (2.18.0)
2025-01-27T17:42:41.9788745Z Requirement already satisfied: stack-data in /home/runner/micromamba/envs/tardis/lib/python3.12/site-packages (from ipython>=4.0.0->ipywidgets>=7.0.0->qgridnext) (0.6.2)
2025-01-27T17:42:41.9808732Z Requirement already satisfied: pexpect>4.3 in /home/runner/micromamba/envs/tardis/lib/python3.12/site-packages (from ipython>=4.0.0->ipywidgets>=7.0.0->qgridnext) (4.9.0)
2025-01-27T17:42:41.9859468Z Requirement already satisfied: six>=1.5 in /home/runner/micromamba/envs/tardis/lib/python3.12/site-packages (from python-dateutil>=2.8.2->pandas>=0.20.0->qgridnext) (1.16.0)
2025-01-27T17:42:41.9917907Z Requirement already satisfied: notebook>=4.4.1 in /home/runner/micromamba/envs/tardis/lib/python3.12/site-packages (from widgetsnbextension~=3.6.5->ipywidgets>=7.0.0->qgridnext) (7.2.1)
2025-01-27T17:42:42.0108324Z Requirement already satisfied: parso<0.9.0,>=0.8.3 in /home/runner/micromamba/envs/tardis/lib/python3.12/site-packages (from jedi>=0.16->ipython>=4.0.0->ipywidgets>=7.0.0->qgridnext) (0.8.4)
2025-01-27T17:42:42.0256272Z Requirement already satisfied: jupyter-server<3,>=2.4.0 in /home/runner/micromamba/envs/tardis/lib/python3.12/site-packages (from notebook>=4.4.1->widgetsnbextension~=3.6.5->ipywidgets>=7.0.0->qgridnext) (2.14.1)
2025-01-27T17:42:42.0270647Z Requirement already satisfied: jupyterlab-server<3,>=2.27.1 in /home/runner/micromamba/envs/tardis/lib/python3.12/site-packages (from notebook>=4.4.1->widgetsnbextension~=3.6.5->ipywidgets>=7.0.0->qgridnext) (2.27.2)
2025-01-27T17:42:42.0286382Z Requirement already satisfied: jupyterlab<4.3,>=4.2.0 in /home/runner/micromamba/envs/tardis/lib/python3.12/site-packages (from notebook>=4.4.1->widgetsnbextension~=3.6.5->ipywidgets>=7.0.0->qgridnext) (4.2.2)
2025-01-27T17:42:42.0297709Z Requirement already satisfied: notebook-shim<0.3,>=0.2 in /home/runner/micromamba/envs/tardis/lib/python3.12/site-packages (from notebook>=4.4.1->widgetsnbextension~=3.6.5->ipywidgets>=7.0.0->qgridnext) (0.2.4)
2025-01-27T17:42:42.0306697Z Requirement already satisfied: tornado>=6.2.0 in /home/runner/micromamba/envs/tardis/lib/python3.12/site-packages (from notebook>=4.4.1->widgetsnbextension~=3.6.5->ipywidgets>=7.0.0->qgridnext) (6.4.1)
2025-01-27T17:42:42.0337594Z Requirement already satisfied: ptyprocess>=0.5 in /home/runner/micromamba/envs/tardis/lib/python3.12/site-packages (from pexpect>4.3->ipython>=4.0.0->ipywidgets>=7.0.0->qgridnext) (0.7.0)
2025-01-27T17:42:42.0367210Z Requirement already satisfied: wcwidth in /home/runner/micromamba/envs/tardis/lib/python3.12/site-packages (from prompt-toolkit<3.1.0,>=3.0.41->ipython>=4.0.0->ipywidgets>=7.0.0->qgridnext) (0.2.13)
2025-01-27T17:42:42.0505848Z Requirement already satisfied: executing>=1.2.0 in /home/runner/micromamba/envs/tardis/lib/python3.12/site-packages (from stack-data->ipython>=4.0.0->ipywidgets>=7.0.0->qgridnext) (2.0.1)
2025-01-27T17:42:42.0516024Z Requirement already satisfied: asttokens>=2.1.0 in /home/runner/micromamba/envs/tardis/lib/python3.12/site-packages (from stack-data->ipython>=4.0.0->ipywidgets>=7.0.0->qgridnext) (2.4.1)
2025-01-27T17:42:42.0524594Z Requirement already satisfied: pure-eval in /home/runner/micromamba/envs/tardis/lib/python3.12/site-packages (from stack-data->ipython>=4.0.0->ipywidgets>=7.0.0->qgridnext) (0.2.2)
2025-01-27T17:42:42.0869393Z Requirement already satisfied: anyio>=3.1.0 in /home/runner/micromamba/envs/tardis/lib/python3.12/site-packages (from jupyter-server<3,>=2.4.0->notebook>=4.4.1->widgetsnbextension~=3.6.5->ipywidgets>=7.0.0->qgridnext) (4.4.0)
2025-01-27T17:42:42.0880525Z Requirement already satisfied: argon2-cffi>=21.1 in /home/runner/micromamba/envs/tardis/lib/python3.12/site-packages (from jupyter-server<3,>=2.4.0->notebook>=4.4.1->widgetsnbextension~=3.6.5->ipywidgets>=7.0.0->qgridnext) (23.1.0)
2025-01-27T17:42:42.0890410Z Requirement already satisfied: jinja2>=3.0.3 in /home/runner/micromamba/envs/tardis/lib/python3.12/site-packages (from jupyter-server<3,>=2.4.0->notebook>=4.4.1->widgetsnbextension~=3.6.5->ipywidgets>=7.0.0->qgridnext) (3.1.4)
2025-01-27T17:42:42.0902951Z Requirement already satisfied: jupyter-client>=7.4.4 in /home/runner/micromamba/envs/tardis/lib/python3.12/site-packages (from jupyter-server<3,>=2.4.0->notebook>=4.4.1->widgetsnbextension~=3.6.5->ipywidgets>=7.0.0->qgridnext) (8.6.2)
2025-01-27T17:42:42.0915621Z Requirement already satisfied: jupyter-core!=5.0.*,>=4.12 in /home/runner/micromamba/envs/tardis/lib/python3.12/site-packages (from jupyter-server<3,>=2.4.0->notebook>=4.4.1->widgetsnbextension~=3.6.5->ipywidgets>=7.0.0->qgridnext) (5.7.2)
2025-01-27T17:42:42.0927959Z Requirement already satisfied: jupyter-events>=0.9.0 in /home/runner/micromamba/envs/tardis/lib/python3.12/site-packages (from jupyter-server<3,>=2.4.0->notebook>=4.4.1->widgetsnbextension~=3.6.5->ipywidgets>=7.0.0->qgridnext) (0.10.0)
2025-01-27T17:42:42.0939959Z Requirement already satisfied: jupyter-server-terminals>=0.4.4 in /home/runner/micromamba/envs/tardis/lib/python3.12/site-packages (from jupyter-server<3,>=2.4.0->notebook>=4.4.1->widgetsnbextension~=3.6.5->ipywidgets>=7.0.0->qgridnext) (0.5.3)
2025-01-27T17:42:42.0954142Z Requirement already satisfied: nbconvert>=6.4.4 in /home/runner/micromamba/envs/tardis/lib/python3.12/site-packages (from jupyter-server<3,>=2.4.0->notebook>=4.4.1->widgetsnbextension~=3.6.5->ipywidgets>=7.0.0->qgridnext) (7.16.4)
2025-01-27T17:42:42.0965264Z Requirement already satisfied: nbformat>=5.3.0 in /home/runner/micromamba/envs/tardis/lib/python3.12/site-packages (from jupyter-server<3,>=2.4.0->notebook>=4.4.1->widgetsnbextension~=3.6.5->ipywidgets>=7.0.0->qgridnext) (5.10.4)
2025-01-27T17:42:42.0975227Z Requirement already satisfied: overrides>=5.0 in /home/runner/micromamba/envs/tardis/lib/python3.12/site-packages (from jupyter-server<3,>=2.4.0->notebook>=4.4.1->widgetsnbextension~=3.6.5->ipywidgets>=7.0.0->qgridnext) (7.7.0)
2025-01-27T17:42:42.0985939Z Requirement already satisfied: packaging>=22.0 in /home/runner/micromamba/envs/tardis/lib/python3.12/site-packages (from jupyter-server<3,>=2.4.0->notebook>=4.4.1->widgetsnbextension~=3.6.5->ipywidgets>=7.0.0->qgridnext) (24.1)
2025-01-27T17:42:42.0995560Z Requirement already satisfied: prometheus-client>=0.9 in /home/runner/micromamba/envs/tardis/lib/python3.12/site-packages (from jupyter-server<3,>=2.4.0->notebook>=4.4.1->widgetsnbextension~=3.6.5->ipywidgets>=7.0.0->qgridnext) (0.20.0)
2025-01-27T17:42:42.1007364Z Requirement already satisfied: pyzmq>=24 in /home/runner/micromamba/envs/tardis/lib/python3.12/site-packages (from jupyter-server<3,>=2.4.0->notebook>=4.4.1->widgetsnbextension~=3.6.5->ipywidgets>=7.0.0->qgridnext) (26.0.3)
2025-01-27T17:42:42.1016924Z Requirement already satisfied: send2trash>=1.8.2 in /home/runner/micromamba/envs/tardis/lib/python3.12/site-packages (from jupyter-server<3,>=2.4.0->notebook>=4.4.1->widgetsnbextension~=3.6.5->ipywidgets>=7.0.0->qgridnext) (1.8.3)
2025-01-27T17:42:42.1029376Z Requirement already satisfied: terminado>=0.8.3 in /home/runner/micromamba/envs/tardis/lib/python3.12/site-packages (from jupyter-server<3,>=2.4.0->notebook>=4.4.1->widgetsnbextension~=3.6.5->ipywidgets>=7.0.0->qgridnext) (0.18.1)
2025-01-27T17:42:42.1047696Z Requirement already satisfied: websocket-client>=1.7 in /home/runner/micromamba/envs/tardis/lib/python3.12/site-packages (from jupyter-server<3,>=2.4.0->notebook>=4.4.1->widgetsnbextension~=3.6.5->ipywidgets>=7.0.0->qgridnext) (1.8.0)
2025-01-27T17:42:42.1334113Z Requirement already satisfied: async-lru>=1.0.0 in /home/runner/micromamba/envs/tardis/lib/python3.12/site-packages (from jupyterlab<4.3,>=4.2.0->notebook>=4.4.1->widgetsnbextension~=3.6.5->ipywidgets>=7.0.0->qgridnext) (2.0.4)
2025-01-27T17:42:42.1346842Z Requirement already satisfied: httpx>=0.25.0 in /home/runner/micromamba/envs/tardis/lib/python3.12/site-packages (from jupyterlab<4.3,>=4.2.0->notebook>=4.4.1->widgetsnbextension~=3.6.5->ipywidgets>=7.0.0->qgridnext) (0.27.0)
2025-01-27T17:42:42.1359972Z Requirement already satisfied: ipykernel>=6.5.0 in /home/runner/micromamba/envs/tardis/lib/python3.12/site-packages (from jupyterlab<4.3,>=4.2.0->notebook>=4.4.1->widgetsnbextension~=3.6.5->ipywidgets>=7.0.0->qgridnext) (6.29.4)
2025-01-27T17:42:42.1374862Z Requirement already satisfied: jupyter-lsp>=2.0.0 in /home/runner/micromamba/envs/tardis/lib/python3.12/site-packages (from jupyterlab<4.3,>=4.2.0->notebook>=4.4.1->widgetsnbextension~=3.6.5->ipywidgets>=7.0.0->qgridnext) (2.2.5)
2025-01-27T17:42:42.1402435Z Requirement already satisfied: setuptools>=40.1.0 in /home/runner/micromamba/envs/tardis/lib/python3.12/site-packages (from jupyterlab<4.3,>=4.2.0->notebook>=4.4.1->widgetsnbextension~=3.6.5->ipywidgets>=7.0.0->qgridnext) (70.0.0)
2025-01-27T17:42:42.1593851Z Requirement already satisfied: babel>=2.10 in /home/runner/micromamba/envs/tardis/lib/python3.12/site-packages (from jupyterlab-server<3,>=2.27.1->notebook>=4.4.1->widgetsnbextension~=3.6.5->ipywidgets>=7.0.0->qgridnext) (2.14.0)
2025-01-27T17:42:42.1621387Z Requirement already satisfied: json5>=0.9.0 in /home/runner/micromamba/envs/tardis/lib/python3.12/site-packages (from jupyterlab-server<3,>=2.27.1->notebook>=4.4.1->widgetsnbextension~=3.6.5->ipywidgets>=7.0.0->qgridnext) (0.9.25)
2025-01-27T17:42:42.1633315Z Requirement already satisfied: jsonschema>=4.18.0 in /home/runner/micromamba/envs/tardis/lib/python3.12/site-packages (from jupyterlab-server<3,>=2.27.1->notebook>=4.4.1->widgetsnbextension~=3.6.5->ipywidgets>=7.0.0->qgridnext) (4.22.0)
2025-01-27T17:42:42.1652855Z Requirement already satisfied: requests>=2.31 in /home/runner/micromamba/envs/tardis/lib/python3.12/site-packages (from jupyterlab-server<3,>=2.27.1->notebook>=4.4.1->widgetsnbextension~=3.6.5->ipywidgets>=7.0.0->qgridnext) (2.32.3)
2025-01-27T17:42:42.2020054Z Requirement already satisfied: idna>=2.8 in /home/runner/micromamba/envs/tardis/lib/python3.12/site-packages (from anyio>=3.1.0->jupyter-server<3,>=2.4.0->notebook>=4.4.1->widgetsnbextension~=3.6.5->ipywidgets>=7.0.0->qgridnext) (3.7)
2025-01-27T17:42:42.2031573Z Requirement already satisfied: sniffio>=1.1 in /home/runner/micromamba/envs/tardis/lib/python3.12/site-packages (from anyio>=3.1.0->jupyter-server<3,>=2.4.0->notebook>=4.4.1->widgetsnbextension~=3.6.5->ipywidgets>=7.0.0->qgridnext) (1.3.1)
2025-01-27T17:42:42.2133644Z Requirement already satisfied: argon2-cffi-bindings in /home/runner/micromamba/envs/tardis/lib/python3.12/site-packages (from argon2-cffi>=21.1->jupyter-server<3,>=2.4.0->notebook>=4.4.1->widgetsnbextension~=3.6.5->ipywidgets>=7.0.0->qgridnext) (21.2.0)
2025-01-27T17:42:42.2313059Z Requirement already satisfied: certifi in /home/runner/micromamba/envs/tardis/lib/python3.12/site-packages (from httpx>=0.25.0->jupyterlab<4.3,>=4.2.0->notebook>=4.4.1->widgetsnbextension~=3.6.5->ipywidgets>=7.0.0->qgridnext) (2024.6.2)
2025-01-27T17:42:42.2329228Z Requirement already satisfied: httpcore==1.* in /home/runner/micromamba/envs/tardis/lib/python3.12/site-packages (from httpx>=0.25.0->jupyterlab<4.3,>=4.2.0->notebook>=4.4.1->widgetsnbextension~=3.6.5->ipywidgets>=7.0.0->qgridnext) (1.0.5)
2025-01-27T17:42:42.2411189Z Requirement already satisfied: h11<0.15,>=0.13 in /home/runner/micromamba/envs/tardis/lib/python3.12/site-packages (from httpcore==1.*->httpx>=0.25.0->jupyterlab<4.3,>=4.2.0->notebook>=4.4.1->widgetsnbextension~=3.6.5->ipywidgets>=7.0.0->qgridnext) (0.14.0)
2025-01-27T17:42:42.2607450Z Requirement already satisfied: debugpy>=1.6.5 in /home/runner/micromamba/envs/tardis/lib/python3.12/site-packages (from ipykernel>=6.5.0->jupyterlab<4.3,>=4.2.0->notebook>=4.4.1->widgetsnbextension~=3.6.5->ipywidgets>=7.0.0->qgridnext) (1.8.1)
2025-01-27T17:42:42.2633067Z Requirement already satisfied: nest-asyncio in /home/runner/micromamba/envs/tardis/lib/python3.12/site-packages (from ipykernel>=6.5.0->jupyterlab<4.3,>=4.2.0->notebook>=4.4.1->widgetsnbextension~=3.6.5->ipywidgets>=7.0.0->qgridnext) (1.6.0)
2025-01-27T17:42:42.2650394Z Requirement already satisfied: psutil in /home/runner/micromamba/envs/tardis/lib/python3.12/site-packages (from ipykernel>=6.5.0->jupyterlab<4.3,>=4.2.0->notebook>=4.4.1->widgetsnbextension~=3.6.5->ipywidgets>=7.0.0->qgridnext) (5.9.8)
2025-01-27T17:42:42.2757669Z Requirement already satisfied: MarkupSafe>=2.0 in /home/runner/micromamba/envs/tardis/lib/python3.12/site-packages (from jinja2>=3.0.3->jupyter-server<3,>=2.4.0->notebook>=4.4.1->widgetsnbextension~=3.6.5->ipywidgets>=7.0.0->qgridnext) (2.1.5)
2025-01-27T17:42:42.3031023Z Requirement already satisfied: attrs>=22.2.0 in /home/runner/micromamba/envs/tardis/lib/python3.12/site-packages (from jsonschema>=4.18.0->jupyterlab-server<3,>=2.27.1->notebook>=4.4.1->widgetsnbextension~=3.6.5->ipywidgets>=7.0.0->qgridnext) (23.2.0)
2025-01-27T17:42:42.3042451Z Requirement already satisfied: jsonschema-specifications>=2023.03.6 in /home/runner/micromamba/envs/tardis/lib/python3.12/site-packages (from jsonschema>=4.18.0->jupyterlab-server<3,>=2.27.1->notebook>=4.4.1->widgetsnbextension~=3.6.5->ipywidgets>=7.0.0->qgridnext) (2023.12.1)
2025-01-27T17:42:42.3052206Z Requirement already satisfied: referencing>=0.28.4 in /home/runner/micromamba/envs/tardis/lib/python3.12/site-packages (from jsonschema>=4.18.0->jupyterlab-server<3,>=2.27.1->notebook>=4.4.1->widgetsnbextension~=3.6.5->ipywidgets>=7.0.0->qgridnext) (0.35.1)
2025-01-27T17:42:42.3062164Z Requirement already satisfied: rpds-py>=0.7.1 in /home/runner/micromamba/envs/tardis/lib/python3.12/site-packages (from jsonschema>=4.18.0->jupyterlab-server<3,>=2.27.1->notebook>=4.4.1->widgetsnbextension~=3.6.5->ipywidgets>=7.0.0->qgridnext) (0.18.1)
2025-01-27T17:42:42.3339728Z Requirement already satisfied: platformdirs>=2.5 in /home/runner/micromamba/envs/tardis/lib/python3.12/site-packages (from jupyter-core!=5.0.*,>=4.12->jupyter-server<3,>=2.4.0->notebook>=4.4.1->widgetsnbextension~=3.6.5->ipywidgets>=7.0.0->qgridnext) (4.2.2)
2025-01-27T17:42:42.3496622Z Requirement already satisfied: python-json-logger>=2.0.4 in /home/runner/micromamba/envs/tardis/lib/python3.12/site-packages (from jupyter-events>=0.9.0->jupyter-server<3,>=2.4.0->notebook>=4.4.1->widgetsnbextension~=3.6.5->ipywidgets>=7.0.0->qgridnext) (2.0.7)
2025-01-27T17:42:42.3506371Z Requirement already satisfied: pyyaml>=5.3 in /home/runner/micromamba/envs/tardis/lib/python3.12/site-packages (from jupyter-events>=0.9.0->jupyter-server<3,>=2.4.0->notebook>=4.4.1->widgetsnbextension~=3.6.5->ipywidgets>=7.0.0->qgridnext) (6.0.1)
2025-01-27T17:42:42.3518375Z Requirement already satisfied: rfc3339-validator in /home/runner/micromamba/envs/tardis/lib/python3.12/site-packages (from jupyter-events>=0.9.0->jupyter-server<3,>=2.4.0->notebook>=4.4.1->widgetsnbextension~=3.6.5->ipywidgets>=7.0.0->qgridnext) (0.1.4)
2025-01-27T17:42:42.3528289Z Requirement already satisfied: rfc3986-validator>=0.1.1 in /home/runner/micromamba/envs/tardis/lib/python3.12/site-packages (from jupyter-events>=0.9.0->jupyter-server<3,>=2.4.0->notebook>=4.4.1->widgetsnbextension~=3.6.5->ipywidgets>=7.0.0->qgridnext) (0.1.1)
2025-01-27T17:42:42.3967856Z Requirement already satisfied: beautifulsoup4 in /home/runner/micromamba/envs/tardis/lib/python3.12/site-packages (from nbconvert>=6.4.4->jupyter-server<3,>=2.4.0->notebook>=4.4.1->widgetsnbextension~=3.6.5->ipywidgets>=7.0.0->qgridnext) (4.12.3)
2025-01-27T17:42:42.3987842Z Requirement already satisfied: bleach!=5.0.0 in /home/runner/micromamba/envs/tardis/lib/python3.12/site-packages (from nbconvert>=6.4.4->jupyter-server<3,>=2.4.0->notebook>=4.4.1->widgetsnbextension~=3.6.5->ipywidgets>=7.0.0->qgridnext) (6.1.0)
2025-01-27T17:42:42.4003090Z Requirement already satisfied: defusedxml in /home/runner/micromamba/envs/tardis/lib/python3.12/site-packages (from nbconvert>=6.4.4->jupyter-server<3,>=2.4.0->notebook>=4.4.1->widgetsnbextension~=3.6.5->ipywidgets>=7.0.0->qgridnext) (0.7.1)
2025-01-27T17:42:42.4018469Z Requirement already satisfied: jupyterlab-pygments in /home/runner/micromamba/envs/tardis/lib/python3.12/site-packages (from nbconvert>=6.4.4->jupyter-server<3,>=2.4.0->notebook>=4.4.1->widgetsnbextension~=3.6.5->ipywidgets>=7.0.0->qgridnext) (0.3.0)
2025-01-27T17:42:42.4030990Z Requirement already satisfied: mistune<4,>=2.0.3 in /home/runner/micromamba/envs/tardis/lib/python3.12/site-packages (from nbconvert>=6.4.4->jupyter-server<3,>=2.4.0->notebook>=4.4.1->widgetsnbextension~=3.6.5->ipywidgets>=7.0.0->qgridnext) (3.0.2)
2025-01-27T17:42:42.4043889Z Requirement already satisfied: nbclient>=0.5.0 in /home/runner/micromamba/envs/tardis/lib/python3.12/site-packages (from nbconvert>=6.4.4->jupyter-server<3,>=2.4.0->notebook>=4.4.1->widgetsnbextension~=3.6.5->ipywidgets>=7.0.0->qgridnext) (0.10.0)
2025-01-27T17:42:42.4061566Z Requirement already satisfied: pandocfilters>=1.4.1 in /home/runner/micromamba/envs/tardis/lib/python3.12/site-packages (from nbconvert>=6.4.4->jupyter-server<3,>=2.4.0->notebook>=4.4.1->widgetsnbextension~=3.6.5->ipywidgets>=7.0.0->qgridnext) (1.5.0)
2025-01-27T17:42:42.4072726Z Requirement already satisfied: tinycss2 in /home/runner/micromamba/envs/tardis/lib/python3.12/site-packages (from nbconvert>=6.4.4->jupyter-server<3,>=2.4.0->notebook>=4.4.1->widgetsnbextension~=3.6.5->ipywidgets>=7.0.0->qgridnext) (1.3.0)
2025-01-27T17:42:42.4189693Z Requirement already satisfied: fastjsonschema>=2.15 in /home/runner/micromamba/envs/tardis/lib/python3.12/site-packages (from nbformat>=5.3.0->jupyter-server<3,>=2.4.0->notebook>=4.4.1->widgetsnbextension~=3.6.5->ipywidgets>=7.0.0->qgridnext) (2.20.0)
2025-01-27T17:42:42.4496651Z Requirement already satisfied: charset-normalizer<4,>=2 in /home/runner/micromamba/envs/tardis/lib/python3.12/site-packages (from requests>=2.31->jupyterlab-server<3,>=2.27.1->notebook>=4.4.1->widgetsnbextension~=3.6.5->ipywidgets>=7.0.0->qgridnext) (3.3.2)
2025-01-27T17:42:42.4511761Z Requirement already satisfied: urllib3<3,>=1.21.1 in /home/runner/micromamba/envs/tardis/lib/python3.12/site-packages (from requests>=2.31->jupyterlab-server<3,>=2.27.1->notebook>=4.4.1->widgetsnbextension~=3.6.5->ipywidgets>=7.0.0->qgridnext) (2.2.2)
2025-01-27T17:42:42.5331539Z Requirement already satisfied: webencodings in /home/runner/micromamba/envs/tardis/lib/python3.12/site-packages (from bleach!=5.0.0->nbconvert>=6.4.4->jupyter-server<3,>=2.4.0->notebook>=4.4.1->widgetsnbextension~=3.6.5->ipywidgets>=7.0.0->qgridnext) (0.5.1)
2025-01-27T17:42:42.5920402Z Requirement already satisfied: fqdn in /home/runner/micromamba/envs/tardis/lib/python3.12/site-packages (from jsonschema[format-nongpl]>=4.18.0->jupyter-events>=0.9.0->jupyter-server<3,>=2.4.0->notebook>=4.4.1->widgetsnbextension~=3.6.5->ipywidgets>=7.0.0->qgridnext) (1.5.1)
2025-01-27T17:42:42.5939962Z Requirement already satisfied: isoduration in /home/runner/micromamba/envs/tardis/lib/python3.12/site-packages (from jsonschema[format-nongpl]>=4.18.0->jupyter-events>=0.9.0->jupyter-server<3,>=2.4.0->notebook>=4.4.1->widgetsnbextension~=3.6.5->ipywidgets>=7.0.0->qgridnext) (20.11.0)
2025-01-27T17:42:42.5954552Z Requirement already satisfied: jsonpointer>1.13 in /home/runner/micromamba/envs/tardis/lib/python3.12/site-packages (from jsonschema[format-nongpl]>=4.18.0->jupyter-events>=0.9.0->jupyter-server<3,>=2.4.0->notebook>=4.4.1->widgetsnbextension~=3.6.5->ipywidgets>=7.0.0->qgridnext) (3.0.0)
2025-01-27T17:42:42.5972477Z Requirement already satisfied: uri-template in /home/runner/micromamba/envs/tardis/lib/python3.12/site-packages (from jsonschema[format-nongpl]>=4.18.0->jupyter-events>=0.9.0->jupyter-server<3,>=2.4.0->notebook>=4.4.1->widgetsnbextension~=3.6.5->ipywidgets>=7.0.0->qgridnext) (1.3.0)
2025-01-27T17:42:42.5987239Z Requirement already satisfied: webcolors>=1.11 in /home/runner/micromamba/envs/tardis/lib/python3.12/site-packages (from jsonschema[format-nongpl]>=4.18.0->jupyter-events>=0.9.0->jupyter-server<3,>=2.4.0->notebook>=4.4.1->widgetsnbextension~=3.6.5->ipywidgets>=7.0.0->qgridnext) (24.6.0)
2025-01-27T17:42:42.7033010Z Requirement already satisfied: cffi>=1.0.1 in /home/runner/micromamba/envs/tardis/lib/python3.12/site-packages (from argon2-cffi-bindings->argon2-cffi>=21.1->jupyter-server<3,>=2.4.0->notebook>=4.4.1->widgetsnbextension~=3.6.5->ipywidgets>=7.0.0->qgridnext) (1.16.0)
2025-01-27T17:42:42.7131624Z Requirement already satisfied: soupsieve>1.2 in /home/runner/micromamba/envs/tardis/lib/python3.12/site-packages (from beautifulsoup4->nbconvert>=6.4.4->jupyter-server<3,>=2.4.0->notebook>=4.4.1->widgetsnbextension~=3.6.5->ipywidgets>=7.0.0->qgridnext) (2.5)
2025-01-27T17:42:42.7661565Z Requirement already satisfied: pycparser in /home/runner/micromamba/envs/tardis/lib/python3.12/site-packages (from cffi>=1.0.1->argon2-cffi-bindings->argon2-cffi>=21.1->jupyter-server<3,>=2.4.0->notebook>=4.4.1->widgetsnbextension~=3.6.5->ipywidgets>=7.0.0->qgridnext) (2.22)
2025-01-27T17:42:42.8184273Z Requirement already satisfied: arrow>=0.15.0 in /home/runner/micromamba/envs/tardis/lib/python3.12/site-packages (from isoduration->jsonschema[format-nongpl]>=4.18.0->jupyter-events>=0.9.0->jupyter-server<3,>=2.4.0->notebook>=4.4.1->widgetsnbextension~=3.6.5->ipywidgets>=7.0.0->qgridnext) (1.3.0)
2025-01-27T17:42:42.8490706Z Requirement already satisfied: types-python-dateutil>=2.8.10 in /home/runner/micromamba/envs/tardis/lib/python3.12/site-packages (from arrow>=0.15.0->isoduration->jsonschema[format-nongpl]>=4.18.0->jupyter-events>=0.9.0->jupyter-server<3,>=2.4.0->notebook>=4.4.1->widgetsnbextension~=3.6.5->ipywidgets>=7.0.0->qgridnext) (2.9.0.20240316)
2025-01-27T17:42:42.8744941Z Downloading qgridnext-2.0.4-py3-none-any.whl (1.3 MB)
2025-01-27T17:42:42.8929968Z    â”â”â”â”â”â”â”â”â”â”â”â”â”â”â”â”â”â”â”â”â”â”â”â”â”â”â”â”â”â”â”â”â”â”â”â”â”â”â”â” 1.3/1.3 MB 78.9 MB/s eta 0:00:00
2025-01-27T17:42:43.7058000Z Installing collected packages: qgridnext
2025-01-27T17:42:43.7752433Z Successfully installed qgridnext-2.0.4
2025-01-27T17:42:43.9778334Z ##[group]Run pytest tardis --tardis-regression-data=/home/runner/work/tardis/tardis/tardis-regression-data --cov=tardis --cov-report=xml --cov-report=html --cov-append -m "not continuum"
2025-01-27T17:42:43.9779606Z [36;1mpytest tardis --tardis-regression-data=/home/runner/work/tardis/tardis/tardis-regression-data --cov=tardis --cov-report=xml --cov-report=html --cov-append -m "not continuum"[0m
2025-01-27T17:42:43.9808008Z shell: /usr/bin/bash -l {0}
2025-01-27T17:42:43.9808255Z env:
2025-01-27T17:42:43.9808423Z   CACHE_NUMBER: 0
2025-01-27T17:42:43.9809042Z   PYTEST_FLAGS: --tardis-regression-data=/home/runner/work/tardis/tardis/tardis-regression-data --cov=tardis --cov-report=xml --cov-report=html --cov-append
2025-01-27T17:42:43.9809701Z   CODECOV_TOKEN: 
2025-01-27T17:42:43.9809927Z   MAMBA_ROOT_PREFIX: /home/runner/micromamba
2025-01-27T17:42:43.9810235Z   MAMBA_EXE: /home/runner/micromamba-bin/micromamba
2025-01-27T17:42:43.9810625Z   CONDARC: /home/runner/work/_temp/setup-micromamba/.condarc
2025-01-27T17:42:43.9810934Z ##[endgroup]
2025-01-27T17:42:55.4802248Z ============================= test session starts ==============================
2025-01-27T17:42:55.4802992Z platform linux -- Python 3.12.4, pytest-8.2.2, pluggy-1.5.0
2025-01-27T17:42:55.4803598Z rootdir: /home/runner/work/tardis/tardis
2025-01-27T17:42:55.4804126Z configfile: pyproject.toml
2025-01-27T17:42:55.4804616Z plugins: anyio-4.4.0, doctestplus-1.2.1, html-4.1.1, metadata-3.1.1, cov-5.0.0
2025-01-27T17:42:55.4805193Z collected 1802 items / 2 deselected / 1800 selected
2025-01-27T17:42:55.4805485Z 
2025-01-27T17:43:00.6276904Z tardis/energy_input/tests/test_energy_source.py ..xxx                    [  0%]
2025-01-27T17:43:03.8336865Z tardis/energy_input/tests/test_gamma_ray_channel.py ...........          [  0%]
2025-01-27T17:43:05.5009748Z tardis/energy_input/tests/test_gamma_ray_grid.py xx.                     [  1%]
2025-01-27T17:43:07.3598464Z tardis/energy_input/tests/test_gamma_ray_interactions.py xx....          [  1%]
2025-01-27T17:43:07.3691401Z tardis/energy_input/tests/test_gamma_ray_packet_source.py sssssssss      [  1%]
2025-01-27T17:43:08.7092438Z tardis/energy_input/tests/test_util.py .....xxxx.....                    [  2%]
2025-01-27T17:43:09.0504003Z tardis/grid/tests/test_grid.py .                                         [  2%]
2025-01-27T17:43:09.0519942Z tardis/gui/tests/test_gui.py s                                           [  2%]
2025-01-27T17:43:12.5973379Z tardis/io/configuration/tests/test_config_reader.py ...........          [  3%]
2025-01-27T17:43:12.6105716Z tardis/io/configuration/tests/test_configuration_namespace.py .........  [  3%]
2025-01-27T17:43:12.6385992Z tardis/io/logger/tests/test_logging.py ssssssssssssssssssssssssssss      [  5%]
2025-01-27T17:43:51.2547182Z tardis/io/model/readers/tests/test_arepo_parser.py ..                    [  5%]
2025-01-27T17:43:51.2692265Z tardis/io/model/readers/tests/test_ascii_readers.py ...                  [  5%]
2025-01-27T17:43:51.2799168Z tardis/io/model/readers/tests/test_cmfgen_reader.py ..                   [  5%]
2025-01-27T17:43:51.3112723Z tardis/io/model/readers/tests/test_csvy_reader.py ....                   [  6%]
2025-01-27T17:43:51.3337299Z tardis/io/model/readers/tests/test_stella_reader.py ..                   [  6%]
2025-01-27T17:43:51.6410502Z tardis/io/tests/test_HDFWriter.py ...............                        [  7%]
2025-01-27T17:43:51.9613334Z tardis/io/tests/test_atomic.py .....                                     [  7%]
2025-01-27T17:43:51.9809048Z tardis/io/tests/test_decay.py ..                                         [  7%]
2025-01-27T17:43:52.1772815Z tardis/io/tests/test_model_reader.py ......                              [  7%]
2025-01-27T17:43:52.1843953Z tardis/model/geometry/tests/test_radial1d.py ..                          [  7%]
2025-01-27T17:43:52.4689772Z tardis/model/matter/tests/test_composition.py EEEEEE                     [  8%]
2025-01-27T17:44:51.5154772Z tardis/model/tests/test_base.py ........................................ [ 10%]
2025-01-27T17:44:52.5187685Z ............                                                             [ 11%]
2025-01-27T17:44:55.5814356Z tardis/model/tests/test_csvy_model.py .........                          [ 11%]
2025-01-27T17:44:55.6302674Z tardis/model/tests/test_density.py ..                                    [ 11%]
2025-01-27T17:44:56.9476758Z tardis/opacities/tests/test_opacity_solver.py .....                      [ 11%]
2025-01-27T17:44:58.2976562Z tardis/opacities/tests/test_opacity_state_numba.py .....                 [ 12%]
2025-01-27T17:45:00.4017853Z tardis/opacities/tests/test_tau_sobolev.py FF                            [ 12%]
2025-01-27T17:45:03.1584268Z tardis/plasma/equilibrium/tests/test_collisional_transitions.py ...      [ 12%]
2025-01-27T17:45:49.1689423Z tardis/plasma/equilibrium/tests/test_level_populations.py ....           [ 12%]
2025-01-27T17:46:00.8209913Z tardis/plasma/equilibrium/tests/test_rate_matrix.py .                    [ 12%]
2025-01-27T17:46:02.2596418Z tardis/plasma/tests/test_complete_plasmas.py .....................s..... [ 14%]
2025-01-27T17:46:05.2339590Z s....ssssss............s............ss.....s....ssssss............s..... [ 18%]
2025-01-27T17:46:06.9917547Z .......ss.....s....ssssss............s............ss.....s....ssssss.... [ 22%]
2025-01-27T17:46:09.9178735Z ........s............ss.....s........ss............s............ss.....s [ 26%]
2025-01-27T17:46:12.8455946Z ........ss............s............ss.....s....ssssss............s...... [ 30%]
2025-01-27T17:46:13.6031951Z ......ss.....s....ssssss............s............ss.....s.ss.ssssss..... [ 34%]
2025-01-27T17:46:16.5574247Z .......s............ss.....s....ssssss............s............ss.....s. [ 38%]
2025-01-27T17:46:19.4725822Z ...ssssss............s............ss.....s....ssssss............s....... [ 42%]
2025-01-27T17:46:22.5786551Z .....ss.....s....ssssss............s............s...........ssssss...... [ 46%]
2025-01-27T17:46:24.4462778Z ......s............s...........ssssss............s............s......... [ 50%]
2025-01-27T17:46:27.4138372Z ..ssssss............s............ss.....s....ssssss............s........ [ 54%]
2025-01-27T17:46:31.0816553Z ....ss.....s....ssssss..........................s.....s....ssss......... [ 58%]
2025-01-27T17:46:31.4079554Z ...................s.....s....ssss.......                                [ 60%]
2025-01-27T17:46:31.5189332Z tardis/plasma/tests/test_hdf_plasma.py ................................. [ 62%]
2025-01-27T17:46:31.5304378Z ......                                                                   [ 62%]
2025-01-27T17:46:31.6613021Z tardis/plasma/tests/test_nlte_excitation.py ...                          [ 62%]
2025-01-27T17:48:49.5444091Z tardis/plasma/tests/test_nlte_solver.py .....X                           [ 63%]
2025-01-27T17:48:49.5470544Z tardis/plasma/tests/test_plasma_continuum.py .                           [ 63%]
2025-01-27T17:49:14.3045097Z tardis/plasma/tests/test_plasma_vboundary.py .............               [ 64%]
2025-01-27T17:49:27.5943534Z tardis/plasma/tests/test_tardis_model_density_config.py ...              [ 64%]
2025-01-27T17:49:28.3460569Z tardis/simulation/tests/test_convergence.py .....                        [ 64%]
2025-01-27T17:49:37.1201953Z tardis/simulation/tests/test_simulation.py .............                 [ 65%]
2025-01-27T17:49:37.1394387Z tardis/spectrum/tests/test_cuda_formal_integral.py sssssssssssssssssssss [ 66%]
2025-01-27T17:49:37.6188666Z ssss...ssssssssssssssssssssss                                            [ 67%]
2025-01-27T17:49:37.6260490Z tardis/spectrum/tests/test_luminosity.py ....                            [ 68%]
2025-01-27T17:49:39.2477461Z tardis/spectrum/tests/test_numba_formal_integral.py .................... [ 69%]
2025-01-27T17:49:39.2672930Z ..........                                                               [ 69%]
2025-01-27T17:49:39.4432002Z tardis/spectrum/tests/test_spectrum.py ................................. [ 71%]
2025-01-27T17:49:39.4765321Z .........                                                                [ 72%]
2025-01-27T17:49:59.2076395Z tardis/spectrum/tests/test_spectrum_solver.py ....                       [ 72%]
2025-01-27T17:51:01.3080370Z tardis/tests/test_tardis_full.py ....                                    [ 72%]
2025-01-27T17:52:26.8312625Z tardis/tests/test_tardis_full_formal_integral.py ................        [ 73%]
2025-01-27T17:52:26.9061638Z tardis/tests/test_util.py .............................................  [ 76%]
2025-01-27T17:52:29.6060892Z tardis/transport/montecarlo/tests/test_base.py x.....................    [ 77%]
2025-01-27T17:52:37.4368810Z tardis/transport/montecarlo/tests/test_interaction.py .......            [ 77%]
2025-01-27T17:52:37.6891591Z tardis/transport/montecarlo/tests/test_macro_atom.py ....                [ 77%]
2025-01-27T17:52:37.7081388Z tardis/transport/montecarlo/tests/test_montecarlo.py sssssssssssssssssss [ 78%]
2025-01-27T17:52:37.7487405Z sssssssssssssssssssssssssssssssssssssssssssss                            [ 81%]
2025-01-27T17:52:46.6794202Z tardis/transport/montecarlo/tests/test_montecarlo_main_loop.py x..       [ 81%]
2025-01-27T17:52:46.6862756Z tardis/transport/montecarlo/tests/test_nonhomologous.py ...              [ 81%]
2025-01-27T17:52:52.6004097Z tardis/transport/montecarlo/tests/test_numba_interface.py .....x.        [ 82%]
2025-01-27T17:52:53.1163231Z tardis/transport/montecarlo/tests/test_opacities.py ...............      [ 82%]
2025-01-27T17:52:54.1728632Z tardis/transport/montecarlo/tests/test_packet.py .................xXXXXX [ 84%]
2025-01-27T17:52:54.3147920Z XX.........                                                              [ 84%]
2025-01-27T17:52:54.3430620Z tardis/transport/montecarlo/tests/test_packet_source.py ........         [ 85%]
2025-01-27T17:52:54.6736157Z tardis/transport/montecarlo/tests/test_rpacket_last_interaction_tracker.py . [ 85%]
2025-01-27T17:52:55.1331919Z .....                                                                    [ 85%]
2025-01-27T17:53:31.1388682Z tardis/transport/montecarlo/tests/test_rpacket_tracker.py ......         [ 85%]
2025-01-27T17:53:31.1676809Z tardis/transport/montecarlo/tests/test_single_packet_loop.py xxx         [ 86%]
2025-01-27T17:53:31.1708991Z tardis/transport/montecarlo/tests/test_tracker_utils.py ..               [ 86%]
2025-01-27T17:53:34.1649644Z tardis/transport/montecarlo/tests/test_vpacket.py ..x.                   [ 86%]
2025-01-27T17:53:34.1824847Z tardis/transport/montecarlo/tests/test_weighted_packet_source.py ....    [ 86%]
2025-01-27T17:53:37.6525117Z tardis/transport/montecarlo/tests/test_weighted_packet_source_integration.py . [ 86%]
2025-01-27T17:53:37.6526481Z                                                                          [ 86%]
2025-01-27T17:53:38.4200645Z tardis/transport/tests/test_doppler_factor.py ..................         [ 87%]
2025-01-27T17:53:39.8107495Z tardis/visualization/tools/tests/test_convergence_plot.py .............. [ 88%]
2025-01-27T17:53:42.0722669Z ......                                                                   [ 88%]
2025-01-27T17:53:46.8341894Z tardis/visualization/tools/tests/test_liv_plot.py ...................... [ 90%]
2025-01-27T17:53:49.5711307Z .............................                                            [ 91%]
2025-01-27T17:53:52.4370962Z tardis/visualization/tools/tests/test_rpacket_plot.py .................. [ 92%]
2025-01-27T17:53:59.9940615Z ....                                                                     [ 92%]
2025-01-27T17:54:06.0986424Z tardis/visualization/tools/tests/test_sdec_plot.py ..................... [ 94%]
2025-01-27T17:54:13.8882668Z ..............................                                           [ 95%]
2025-01-27T17:54:14.3305487Z tardis/visualization/widgets/tests/test_custom_abundance.py ........ss.. [ 96%]
2025-01-27T17:54:14.4048732Z ....                                                                     [ 96%]
2025-01-27T17:54:15.4882609Z tardis/visualization/widgets/tests/test_line_info.py ................... [ 97%]
2025-01-27T17:54:16.1490104Z ..................                                                       [ 98%]
2025-01-27T17:55:19.8227548Z tardis/visualization/widgets/tests/test_shell_info.py .................. [ 99%]
2025-01-27T17:55:27.0029214Z ......                                                                   [100%]
2025-01-27T17:55:27.0030127Z 
2025-01-27T17:55:27.0030357Z ==================================== ERRORS ====================================
2025-01-27T17:55:27.0031132Z ________________ ERROR at setup of test_elemental_mass_fraction ________________
2025-01-27T17:55:27.0031700Z 
2025-01-27T17:55:27.0033178Z config_verysimple = {'tardis_config_version': 'v1.0', 'supernova': {'luminosity_requested': <Quantity 1.07688e+36 W>, 'time_explosion': <Q...: {'points': 1000, 'interpolate_shells': 0, 'compute': 'CPU'}}, 'config_dirname': 'tardis/io/configuration/tests/data'}
2025-01-27T17:55:27.0034613Z 
2025-01-27T17:55:27.0034761Z     @pytest.fixture(scope="function")
2025-01-27T17:55:27.0035171Z     def composition_instance(config_verysimple):
2025-01-27T17:55:27.0035840Z         time_explosion = config_verysimple.supernova.time_explosion.cgs
2025-01-27T17:55:27.0036602Z         geometry = parse_geometry_from_config(config_verysimple, time_explosion)
2025-01-27T17:55:27.0037472Z >       atom_data = parse_atom_data(config_verysimple)
2025-01-27T17:55:27.0037832Z 
2025-01-27T17:55:27.0038046Z tardis/model/matter/tests/test_composition.py:15: 
2025-01-27T17:55:27.0038621Z _ _ _ _ _ _ _ _ _ _ _ _ _ _ _ _ _ _ _ _ _ _ _ _ _ _ _ _ _ _ _ _ _ _ _ _ _ _ _ _ 
2025-01-27T17:55:27.0039224Z tardis/io/model/parse_atom_data.py:43: in parse_atom_data
2025-01-27T17:55:27.0039803Z     atom_data = AtomData.from_hdf(atom_data_fname)
2025-01-27T17:55:27.0040310Z tardis/io/atom_data/base.py:190: in from_hdf
2025-01-27T17:55:27.0040781Z     fname = resolve_atom_data_fname(fname)
2025-01-27T17:55:27.0041274Z _ _ _ _ _ _ _ _ _ _ _ _ _ _ _ _ _ _ _ _ _ _ _ _ _ _ _ _ _ _ _ _ _ _ _ _ _ _ _ _ 
2025-01-27T17:55:27.0041634Z 
2025-01-27T17:55:27.0041781Z fname = PosixPath('kurucz_cd23_chianti_H_He.h5')
2025-01-27T17:55:27.0041997Z 
2025-01-27T17:55:27.0042104Z     def resolve_atom_data_fname(fname):
2025-01-27T17:55:27.0042374Z         """
2025-01-27T17:55:27.0042736Z         Check where if atom data HDF file is available on disk, can be downloaded or does not exist
2025-01-27T17:55:27.0043167Z     
2025-01-27T17:55:27.0043346Z         Parameters
2025-01-27T17:55:27.0043556Z         ----------
2025-01-27T17:55:27.0043774Z         fname : Path
2025-01-27T17:55:27.0044026Z             name or path of atom data HDF file
2025-01-27T17:55:27.0044302Z     
2025-01-27T17:55:27.0044482Z         Returns
2025-01-27T17:55:27.0044671Z         -------
2025-01-27T17:55:27.0044846Z             : Path
2025-01-27T17:55:27.0045035Z             resolved fpath
2025-01-27T17:55:27.0045237Z         """
2025-01-27T17:55:27.0045411Z         fname = Path(fname)
2025-01-27T17:55:27.0045645Z         if os.path.exists(fname):
2025-01-27T17:55:27.0045881Z             return fname
2025-01-27T17:55:27.0046077Z     
2025-01-27T17:55:27.0046273Z         fname = Path(fname.stem).with_suffix(".h5")
2025-01-27T17:55:27.0046588Z         fpath = Path(os.path.join(get_data_dir(), fname))
2025-01-27T17:55:27.0046873Z         if os.path.exists(fpath):
2025-01-27T17:55:27.0047337Z             logger.info(
2025-01-27T17:55:27.0047685Z                 f"\n\tAtom Data {fname} not found in local path.\n\tExists in TARDIS Data repo {fpath}"
2025-01-27T17:55:27.0048046Z             )
2025-01-27T17:55:27.0048222Z             return fpath
2025-01-27T17:55:27.0048411Z     
2025-01-27T17:55:27.0048582Z         atom_data_name = fname.stem
2025-01-27T17:55:27.0048844Z         atom_repo_config = get_atomic_repo_config()
2025-01-27T17:55:27.0049128Z         if atom_data_name in atom_repo_config:
2025-01-27T17:55:27.0049382Z >           raise OSError(
2025-01-27T17:55:27.0049940Z                 f"Atom Data {fname} not found in path or in TARDIS data repo - it is available as download:\n"
2025-01-27T17:55:27.0050422Z                 f"from tardis.io.atom_data import download_atom_data\n"
2025-01-27T17:55:27.0050751Z                 f"download_atom_data('{atom_data_name}')"
2025-01-27T17:55:27.0051007Z             )
2025-01-27T17:55:27.0051411Z E           OSError: Atom Data kurucz_cd23_chianti_H_He.h5 not found in path or in TARDIS data repo - it is available as download:
2025-01-27T17:55:27.0052037Z E           from tardis.io.atom_data import download_atom_data
2025-01-27T17:55:27.0052366Z E           download_atom_data('kurucz_cd23_chianti_H_He')
2025-01-27T17:55:27.0052566Z 
2025-01-27T17:55:27.0052664Z tardis/io/atom_data/util.py:42: OSError
2025-01-27T17:55:27.0052985Z ---------------------------- Captured stdout setup -----------------------------
2025-01-27T17:55:27.0053624Z [[1mtardis.io.configuration.config_internal[0m][[1;33mWARNING[0m]  
2025-01-27T17:55:27.0054460Z 	Configuration File /home/runner/.astropy/config/tardis_internal_config.yml does not exist - creating new one from default ([1mconfig_internal.py[0m:24)
2025-01-27T17:55:27.0055137Z ------------------------------ Captured log setup ------------------------------
2025-01-27T17:55:27.0055957Z WARNING  tardis.io.configuration.config_internal:config_internal.py:24 Configuration File /home/runner/.astropy/config/tardis_internal_config.yml does not exist - creating new one from default
2025-01-27T17:55:27.0056708Z CRITICAL root:config_internal.py:37 
2025-01-27T17:55:27.0057136Z ********************************************************************************
2025-01-27T17:55:27.0057337Z 
2025-01-27T17:55:27.0057628Z TARDIS will download different kinds of data (e.g. atomic) to its data directory /home/runner/Downloads/tardis-data
2025-01-27T17:55:27.0058012Z 
2025-01-27T17:55:27.0058257Z TARDIS DATA DIRECTORY not specified in /home/runner/.astropy/config/tardis_internal_config.yml:
2025-01-27T17:55:27.0058592Z 
2025-01-27T17:55:27.0058762Z ASSUMING DEFAULT DATA DIRECTORY /home/runner/Downloads/tardis-data
2025-01-27T17:55:27.0059579Z  YOU CAN CHANGE THIS AT ANY TIME IN /home/runner/.astropy/config/tardis_internal_config.yml 
2025-01-27T17:55:27.0060108Z 
2025-01-27T17:55:27.0060266Z ********************************************************************************
2025-01-27T17:55:27.0060856Z _______________ ERROR at setup of test_elemental_number_density ________________
2025-01-27T17:55:27.0061296Z 
2025-01-27T17:55:27.0062374Z config_verysimple = {'tardis_config_version': 'v1.0', 'supernova': {'luminosity_requested': <Quantity 1.07688e+36 W>, 'time_explosion': <Q...: {'points': 1000, 'interpolate_shells': 0, 'compute': 'CPU'}}, 'config_dirname': 'tardis/io/configuration/tests/data'}
2025-01-27T17:55:27.0063100Z 
2025-01-27T17:55:27.0063198Z     @pytest.fixture(scope="function")
2025-01-27T17:55:27.0063478Z     def composition_instance(config_verysimple):
2025-01-27T17:55:27.0063836Z         time_explosion = config_verysimple.supernova.time_explosion.cgs
2025-01-27T17:55:27.0064273Z         geometry = parse_geometry_from_config(config_verysimple, time_explosion)
2025-01-27T17:55:27.0064653Z >       atom_data = parse_atom_data(config_verysimple)
2025-01-27T17:55:27.0064847Z 
2025-01-27T17:55:27.0064975Z tardis/model/matter/tests/test_composition.py:15: 
2025-01-27T17:55:27.0065287Z _ _ _ _ _ _ _ _ _ _ _ _ _ _ _ _ _ _ _ _ _ _ _ _ _ _ _ _ _ _ _ _ _ _ _ _ _ _ _ _ 
2025-01-27T17:55:27.0065626Z tardis/io/model/parse_atom_data.py:43: in parse_atom_data
2025-01-27T17:55:27.0065960Z     atom_data = AtomData.from_hdf(atom_data_fname)
2025-01-27T17:55:27.0066255Z tardis/io/atom_data/base.py:190: in from_hdf
2025-01-27T17:55:27.0066521Z     fname = resolve_atom_data_fname(fname)
2025-01-27T17:55:27.0066797Z _ _ _ _ _ _ _ _ _ _ _ _ _ _ _ _ _ _ _ _ _ _ _ _ _ _ _ _ _ _ _ _ _ _ _ _ _ _ _ _ 
2025-01-27T17:55:27.0067157Z 
2025-01-27T17:55:27.0067275Z fname = PosixPath('kurucz_cd23_chianti_H_He.h5')
2025-01-27T17:55:27.0067472Z 
2025-01-27T17:55:27.0067565Z     def resolve_atom_data_fname(fname):
2025-01-27T17:55:27.0067942Z         """
2025-01-27T17:55:27.0068270Z         Check where if atom data HDF file is available on disk, can be downloaded or does not exist
2025-01-27T17:55:27.0068651Z     
2025-01-27T17:55:27.0068816Z         Parameters
2025-01-27T17:55:27.0069001Z         ----------
2025-01-27T17:55:27.0069184Z         fname : Path
2025-01-27T17:55:27.0069507Z             name or path of atom data HDF file
2025-01-27T17:55:27.0069750Z     
2025-01-27T17:55:27.0069902Z         Returns
2025-01-27T17:55:27.0070078Z         -------
2025-01-27T17:55:27.0070255Z             : Path
2025-01-27T17:55:27.0070438Z             resolved fpath
2025-01-27T17:55:27.0070641Z         """
2025-01-27T17:55:27.0070814Z         fname = Path(fname)
2025-01-27T17:55:27.0071034Z         if os.path.exists(fname):
2025-01-27T17:55:27.0071263Z             return fname
2025-01-27T17:55:27.0071456Z     
2025-01-27T17:55:27.0071647Z         fname = Path(fname.stem).with_suffix(".h5")
2025-01-27T17:55:27.0071961Z         fpath = Path(os.path.join(get_data_dir(), fname))
2025-01-27T17:55:27.0072248Z         if os.path.exists(fpath):
2025-01-27T17:55:27.0072476Z             logger.info(
2025-01-27T17:55:27.0072816Z                 f"\n\tAtom Data {fname} not found in local path.\n\tExists in TARDIS Data repo {fpath}"
2025-01-27T17:55:27.0073178Z             )
2025-01-27T17:55:27.0073360Z             return fpath
2025-01-27T17:55:27.0073558Z     
2025-01-27T17:55:27.0073727Z         atom_data_name = fname.stem
2025-01-27T17:55:27.0073987Z         atom_repo_config = get_atomic_repo_config()
2025-01-27T17:55:27.0074270Z         if atom_data_name in atom_repo_config:
2025-01-27T17:55:27.0074517Z >           raise OSError(
2025-01-27T17:55:27.0074871Z                 f"Atom Data {fname} not found in path or in TARDIS data repo - it is available as download:\n"
2025-01-27T17:55:27.0075629Z                 f"from tardis.io.atom_data import download_atom_data\n"
2025-01-27T17:55:27.0076184Z                 f"download_atom_data('{atom_data_name}')"
2025-01-27T17:55:27.0076626Z             )
2025-01-27T17:55:27.0077473Z E           OSError: Atom Data kurucz_cd23_chianti_H_He.h5 not found in path or in TARDIS data repo - it is available as download:
2025-01-27T17:55:27.0078345Z E           from tardis.io.atom_data import download_atom_data
2025-01-27T17:55:27.0078898Z E           download_atom_data('kurucz_cd23_chianti_H_He')
2025-01-27T17:55:27.0079254Z 
2025-01-27T17:55:27.0079409Z tardis/io/atom_data/util.py:42: OSError
2025-01-27T17:55:27.0080009Z ___ ERROR at setup of test_calculate_mass_fraction_at_time[time_explosion0] ____
2025-01-27T17:55:27.0080478Z 
2025-01-27T17:55:27.0081594Z config_verysimple = {'tardis_config_version': 'v1.0', 'supernova': {'luminosity_requested': <Quantity 1.07688e+36 W>, 'time_explosion': <Q...: {'points': 1000, 'interpolate_shells': 0, 'compute': 'CPU'}}, 'config_dirname': 'tardis/io/configuration/tests/data'}
2025-01-27T17:55:27.0082698Z 
2025-01-27T17:55:27.0082800Z     @pytest.fixture(scope="function")
2025-01-27T17:55:27.0083084Z     def composition_instance(config_verysimple):
2025-01-27T17:55:27.0083446Z         time_explosion = config_verysimple.supernova.time_explosion.cgs
2025-01-27T17:55:27.0083895Z         geometry = parse_geometry_from_config(config_verysimple, time_explosion)
2025-01-27T17:55:27.0084280Z >       atom_data = parse_atom_data(config_verysimple)
2025-01-27T17:55:27.0084481Z 
2025-01-27T17:55:27.0084609Z tardis/model/matter/tests/test_composition.py:15: 
2025-01-27T17:55:27.0084922Z _ _ _ _ _ _ _ _ _ _ _ _ _ _ _ _ _ _ _ _ _ _ _ _ _ _ _ _ _ _ _ _ _ _ _ _ _ _ _ _ 
2025-01-27T17:55:27.0085263Z tardis/io/model/parse_atom_data.py:43: in parse_atom_data
2025-01-27T17:55:27.0085587Z     atom_data = AtomData.from_hdf(atom_data_fname)
2025-01-27T17:55:27.0085878Z tardis/io/atom_data/base.py:190: in from_hdf
2025-01-27T17:55:27.0086152Z     fname = resolve_atom_data_fname(fname)
2025-01-27T17:55:27.0086433Z _ _ _ _ _ _ _ _ _ _ _ _ _ _ _ _ _ _ _ _ _ _ _ _ _ _ _ _ _ _ _ _ _ _ _ _ _ _ _ _ 
2025-01-27T17:55:27.0086635Z 
2025-01-27T17:55:27.0086899Z fname = PosixPath('kurucz_cd23_chianti_H_He.h5')
2025-01-27T17:55:27.0087366Z 
2025-01-27T17:55:27.0087463Z     def resolve_atom_data_fname(fname):
2025-01-27T17:55:27.0087703Z         """
2025-01-27T17:55:27.0088030Z         Check where if atom data HDF file is available on disk, can be downloaded or does not exist
2025-01-27T17:55:27.0088881Z     
2025-01-27T17:55:27.0089165Z         Parameters
2025-01-27T17:55:27.0089378Z         ----------
2025-01-27T17:55:27.0089567Z         fname : Path
2025-01-27T17:55:27.0089778Z             name or path of atom data HDF file
2025-01-27T17:55:27.0090029Z     
2025-01-27T17:55:27.0090188Z         Returns
2025-01-27T17:55:27.0090365Z         -------
2025-01-27T17:55:27.0090539Z             : Path
2025-01-27T17:55:27.0090724Z             resolved fpath
2025-01-27T17:55:27.0090928Z         """
2025-01-27T17:55:27.0091102Z         fname = Path(fname)
2025-01-27T17:55:27.0091325Z         if os.path.exists(fname):
2025-01-27T17:55:27.0091562Z             return fname
2025-01-27T17:55:27.0091753Z     
2025-01-27T17:55:27.0091947Z         fname = Path(fname.stem).with_suffix(".h5")
2025-01-27T17:55:27.0092257Z         fpath = Path(os.path.join(get_data_dir(), fname))
2025-01-27T17:55:27.0092542Z         if os.path.exists(fpath):
2025-01-27T17:55:27.0092772Z             logger.info(
2025-01-27T17:55:27.0093210Z                 f"\n\tAtom Data {fname} not found in local path.\n\tExists in TARDIS Data repo {fpath}"
2025-01-27T17:55:27.0093572Z             )
2025-01-27T17:55:27.0093748Z             return fpath
2025-01-27T17:55:27.0093938Z     
2025-01-27T17:55:27.0094115Z         atom_data_name = fname.stem
2025-01-27T17:55:27.0094378Z         atom_repo_config = get_atomic_repo_config()
2025-01-27T17:55:27.0094658Z         if atom_data_name in atom_repo_config:
2025-01-27T17:55:27.0094914Z >           raise OSError(
2025-01-27T17:55:27.0095270Z                 f"Atom Data {fname} not found in path or in TARDIS data repo - it is available as download:\n"
2025-01-27T17:55:27.0095721Z                 f"from tardis.io.atom_data import download_atom_data\n"
2025-01-27T17:55:27.0096048Z                 f"download_atom_data('{atom_data_name}')"
2025-01-27T17:55:27.0096300Z             )
2025-01-27T17:55:27.0096698Z E           OSError: Atom Data kurucz_cd23_chianti_H_He.h5 not found in path or in TARDIS data repo - it is available as download:
2025-01-27T17:55:27.0097427Z E           from tardis.io.atom_data import download_atom_data
2025-01-27T17:55:27.0097765Z E           download_atom_data('kurucz_cd23_chianti_H_He')
2025-01-27T17:55:27.0097965Z 
2025-01-27T17:55:27.0098065Z tardis/io/atom_data/util.py:42: OSError
2025-01-27T17:55:27.0098425Z ___ ERROR at setup of test_calculate_mass_fraction_at_time[time_explosion1] ____
2025-01-27T17:55:27.0098702Z 
2025-01-27T17:55:27.0099359Z config_verysimple = {'tardis_config_version': 'v1.0', 'supernova': {'luminosity_requested': <Quantity 1.07688e+36 W>, 'time_explosion': <Q...: {'points': 1000, 'interpolate_shells': 0, 'compute': 'CPU'}}, 'config_dirname': 'tardis/io/configuration/tests/data'}
2025-01-27T17:55:27.0100076Z 
2025-01-27T17:55:27.0100176Z     @pytest.fixture(scope="function")
2025-01-27T17:55:27.0100460Z     def composition_instance(config_verysimple):
2025-01-27T17:55:27.0100822Z         time_explosion = config_verysimple.supernova.time_explosion.cgs
2025-01-27T17:55:27.0101265Z         geometry = parse_geometry_from_config(config_verysimple, time_explosion)
2025-01-27T17:55:27.0101650Z >       atom_data = parse_atom_data(config_verysimple)
2025-01-27T17:55:27.0101880Z 
2025-01-27T17:55:27.0102007Z tardis/model/matter/tests/test_composition.py:15: 
2025-01-27T17:55:27.0102315Z _ _ _ _ _ _ _ _ _ _ _ _ _ _ _ _ _ _ _ _ _ _ _ _ _ _ _ _ _ _ _ _ _ _ _ _ _ _ _ _ 
2025-01-27T17:55:27.0102652Z tardis/io/model/parse_atom_data.py:43: in parse_atom_data
2025-01-27T17:55:27.0102984Z     atom_data = AtomData.from_hdf(atom_data_fname)
2025-01-27T17:55:27.0103284Z tardis/io/atom_data/base.py:190: in from_hdf
2025-01-27T17:55:27.0103709Z     fname = resolve_atom_data_fname(fname)
2025-01-27T17:55:27.0104002Z _ _ _ _ _ _ _ _ _ _ _ _ _ _ _ _ _ _ _ _ _ _ _ _ _ _ _ _ _ _ _ _ _ _ _ _ _ _ _ _ 
2025-01-27T17:55:27.0104203Z 
2025-01-27T17:55:27.0104313Z fname = PosixPath('kurucz_cd23_chianti_H_He.h5')
2025-01-27T17:55:27.0104505Z 
2025-01-27T17:55:27.0104595Z     def resolve_atom_data_fname(fname):
2025-01-27T17:55:27.0104941Z         """
2025-01-27T17:55:27.0105259Z         Check where if atom data HDF file is available on disk, can be downloaded or does not exist
2025-01-27T17:55:27.0105638Z     
2025-01-27T17:55:27.0105801Z         Parameters
2025-01-27T17:55:27.0105985Z         ----------
2025-01-27T17:55:27.0106164Z         fname : Path
2025-01-27T17:55:27.0106381Z             name or path of atom data HDF file
2025-01-27T17:55:27.0106625Z     
2025-01-27T17:55:27.0106782Z         Returns
2025-01-27T17:55:27.0107066Z         -------
2025-01-27T17:55:27.0107243Z             : Path
2025-01-27T17:55:27.0107428Z             resolved fpath
2025-01-27T17:55:27.0107635Z         """
2025-01-27T17:55:27.0107808Z         fname = Path(fname)
2025-01-27T17:55:27.0108034Z         if os.path.exists(fname):
2025-01-27T17:55:27.0108259Z             return fname
2025-01-27T17:55:27.0108457Z     
2025-01-27T17:55:27.0108648Z         fname = Path(fname.stem).with_suffix(".h5")
2025-01-27T17:55:27.0108961Z         fpath = Path(os.path.join(get_data_dir(), fname))
2025-01-27T17:55:27.0109246Z         if os.path.exists(fpath):
2025-01-27T17:55:27.0109476Z             logger.info(
2025-01-27T17:55:27.0109817Z                 f"\n\tAtom Data {fname} not found in local path.\n\tExists in TARDIS Data repo {fpath}"
2025-01-27T17:55:27.0110180Z             )
2025-01-27T17:55:27.0110358Z             return fpath
2025-01-27T17:55:27.0110550Z     
2025-01-27T17:55:27.0110717Z         atom_data_name = fname.stem
2025-01-27T17:55:27.0110980Z         atom_repo_config = get_atomic_repo_config()
2025-01-27T17:55:27.0111266Z         if atom_data_name in atom_repo_config:
2025-01-27T17:55:27.0111525Z >           raise OSError(
2025-01-27T17:55:27.0111882Z                 f"Atom Data {fname} not found in path or in TARDIS data repo - it is available as download:\n"
2025-01-27T17:55:27.0112329Z                 f"from tardis.io.atom_data import download_atom_data\n"
2025-01-27T17:55:27.0112657Z                 f"download_atom_data('{atom_data_name}')"
2025-01-27T17:55:27.0112918Z             )
2025-01-27T17:55:27.0113317Z E           OSError: Atom Data kurucz_cd23_chianti_H_He.h5 not found in path or in TARDIS data repo - it is available as download:
2025-01-27T17:55:27.0113827Z E           from tardis.io.atom_data import download_atom_data
2025-01-27T17:55:27.0114156Z E           download_atom_data('kurucz_cd23_chianti_H_He')
2025-01-27T17:55:27.0114355Z 
2025-01-27T17:55:27.0114454Z tardis/io/atom_data/util.py:42: OSError
2025-01-27T17:55:27.0114788Z _________________ ERROR at setup of test_calculate_cell_masses _________________
2025-01-27T17:55:27.0115036Z 
2025-01-27T17:55:27.0115689Z config_verysimple = {'tardis_config_version': 'v1.0', 'supernova': {'luminosity_requested': <Quantity 1.07688e+36 W>, 'time_explosion': <Q...: {'points': 1000, 'interpolate_shells': 0, 'compute': 'CPU'}}, 'config_dirname': 'tardis/io/configuration/tests/data'}
2025-01-27T17:55:27.0116411Z 
2025-01-27T17:55:27.0116507Z     @pytest.fixture(scope="function")
2025-01-27T17:55:27.0116794Z     def composition_instance(config_verysimple):
2025-01-27T17:55:27.0117341Z         time_explosion = config_verysimple.supernova.time_explosion.cgs
2025-01-27T17:55:27.0117779Z         geometry = parse_geometry_from_config(config_verysimple, time_explosion)
2025-01-27T17:55:27.0118165Z >       atom_data = parse_atom_data(config_verysimple)
2025-01-27T17:55:27.0118365Z 
2025-01-27T17:55:27.0118487Z tardis/model/matter/tests/test_composition.py:15: 
2025-01-27T17:55:27.0118801Z _ _ _ _ _ _ _ _ _ _ _ _ _ _ _ _ _ _ _ _ _ _ _ _ _ _ _ _ _ _ _ _ _ _ _ _ _ _ _ _ 
2025-01-27T17:55:27.0119347Z tardis/io/model/parse_atom_data.py:43: in parse_atom_data
2025-01-27T17:55:27.0119691Z     atom_data = AtomData.from_hdf(atom_data_fname)
2025-01-27T17:55:27.0119987Z tardis/io/atom_data/base.py:190: in from_hdf
2025-01-27T17:55:27.0120261Z     fname = resolve_atom_data_fname(fname)
2025-01-27T17:55:27.0120543Z _ _ _ _ _ _ _ _ _ _ _ _ _ _ _ _ _ _ _ _ _ _ _ _ _ _ _ _ _ _ _ _ _ _ _ _ _ _ _ _ 
2025-01-27T17:55:27.0120844Z 
2025-01-27T17:55:27.0120959Z fname = PosixPath('kurucz_cd23_chianti_H_He.h5')
2025-01-27T17:55:27.0121149Z 
2025-01-27T17:55:27.0121245Z     def resolve_atom_data_fname(fname):
2025-01-27T17:55:27.0121480Z         """
2025-01-27T17:55:27.0121799Z         Check where if atom data HDF file is available on disk, can be downloaded or does not exist
2025-01-27T17:55:27.0122177Z     
2025-01-27T17:55:27.0122338Z         Parameters
2025-01-27T17:55:27.0122526Z         ----------
2025-01-27T17:55:27.0122711Z         fname : Path
2025-01-27T17:55:27.0122925Z             name or path of atom data HDF file
2025-01-27T17:55:27.0123170Z     
2025-01-27T17:55:27.0123332Z         Returns
2025-01-27T17:55:27.0123509Z         -------
2025-01-27T17:55:27.0123684Z             : Path
2025-01-27T17:55:27.0123873Z             resolved fpath
2025-01-27T17:55:27.0124072Z         """
2025-01-27T17:55:27.0124239Z         fname = Path(fname)
2025-01-27T17:55:27.0124459Z         if os.path.exists(fname):
2025-01-27T17:55:27.0124730Z             return fname
2025-01-27T17:55:27.0124926Z     
2025-01-27T17:55:27.0125117Z         fname = Path(fname.stem).with_suffix(".h5")
2025-01-27T17:55:27.0125424Z         fpath = Path(os.path.join(get_data_dir(), fname))
2025-01-27T17:55:27.0125705Z         if os.path.exists(fpath):
2025-01-27T17:55:27.0125934Z             logger.info(
2025-01-27T17:55:27.0126264Z                 f"\n\tAtom Data {fname} not found in local path.\n\tExists in TARDIS Data repo {fpath}"
2025-01-27T17:55:27.0126622Z             )
2025-01-27T17:55:27.0126802Z             return fpath
2025-01-27T17:55:27.0127188Z     
2025-01-27T17:55:27.0127478Z         atom_data_name = fname.stem
2025-01-27T17:55:27.0127750Z         atom_repo_config = get_atomic_repo_config()
2025-01-27T17:55:27.0128034Z         if atom_data_name in atom_repo_config:
2025-01-27T17:55:27.0128287Z >           raise OSError(
2025-01-27T17:55:27.0128641Z                 f"Atom Data {fname} not found in path or in TARDIS data repo - it is available as download:\n"
2025-01-27T17:55:27.0129091Z                 f"from tardis.io.atom_data import download_atom_data\n"
2025-01-27T17:55:27.0129414Z                 f"download_atom_data('{atom_data_name}')"
2025-01-27T17:55:27.0129668Z             )
2025-01-27T17:55:27.0130068Z E           OSError: Atom Data kurucz_cd23_chianti_H_He.h5 not found in path or in TARDIS data repo - it is available as download:
2025-01-27T17:55:27.0130574Z E           from tardis.io.atom_data import download_atom_data
2025-01-27T17:55:27.0130900Z E           download_atom_data('kurucz_cd23_chianti_H_He')
2025-01-27T17:55:27.0131096Z 
2025-01-27T17:55:27.0131195Z tardis/io/atom_data/util.py:42: OSError
2025-01-27T17:55:27.0131530Z ____________ ERROR at setup of test_calculate_elemental_cell_masses ____________
2025-01-27T17:55:27.0131792Z 
2025-01-27T17:55:27.0132441Z config_verysimple = {'tardis_config_version': 'v1.0', 'supernova': {'luminosity_requested': <Quantity 1.07688e+36 W>, 'time_explosion': <Q...: {'points': 1000, 'interpolate_shells': 0, 'compute': 'CPU'}}, 'config_dirname': 'tardis/io/configuration/tests/data'}
2025-01-27T17:55:27.0133163Z 
2025-01-27T17:55:27.0133262Z     @pytest.fixture(scope="function")
2025-01-27T17:55:27.0133540Z     def composition_instance(config_verysimple):
2025-01-27T17:55:27.0133895Z         time_explosion = config_verysimple.supernova.time_explosion.cgs
2025-01-27T17:55:27.0134327Z         geometry = parse_geometry_from_config(config_verysimple, time_explosion)
2025-01-27T17:55:27.0134710Z >       atom_data = parse_atom_data(config_verysimple)
2025-01-27T17:55:27.0134908Z 
2025-01-27T17:55:27.0135157Z tardis/model/matter/tests/test_composition.py:15: 
2025-01-27T17:55:27.0135478Z _ _ _ _ _ _ _ _ _ _ _ _ _ _ _ _ _ _ _ _ _ _ _ _ _ _ _ _ _ _ _ _ _ _ _ _ _ _ _ _ 
2025-01-27T17:55:27.0135812Z tardis/io/model/parse_atom_data.py:43: in parse_atom_data
2025-01-27T17:55:27.0136141Z     atom_data = AtomData.from_hdf(atom_data_fname)
2025-01-27T17:55:27.0136429Z tardis/io/atom_data/base.py:190: in from_hdf
2025-01-27T17:55:27.0136809Z     fname = resolve_atom_data_fname(fname)
2025-01-27T17:55:27.0137281Z _ _ _ _ _ _ _ _ _ _ _ _ _ _ _ _ _ _ _ _ _ _ _ _ _ _ _ _ _ _ _ _ _ _ _ _ _ _ _ _ 
2025-01-27T17:55:27.0137479Z 
2025-01-27T17:55:27.0137595Z fname = PosixPath('kurucz_cd23_chianti_H_He.h5')
2025-01-27T17:55:27.0137786Z 
2025-01-27T17:55:27.0137883Z     def resolve_atom_data_fname(fname):
2025-01-27T17:55:27.0138116Z         """
2025-01-27T17:55:27.0138434Z         Check where if atom data HDF file is available on disk, can be downloaded or does not exist
2025-01-27T17:55:27.0138811Z     
2025-01-27T17:55:27.0138972Z         Parameters
2025-01-27T17:55:27.0139162Z         ----------
2025-01-27T17:55:27.0139345Z         fname : Path
2025-01-27T17:55:27.0139558Z             name or path of atom data HDF file
2025-01-27T17:55:27.0139803Z     
2025-01-27T17:55:27.0139964Z         Returns
2025-01-27T17:55:27.0140139Z         -------
2025-01-27T17:55:27.0140312Z             : Path
2025-01-27T17:55:27.0140498Z             resolved fpath
2025-01-27T17:55:27.0140709Z         """
2025-01-27T17:55:27.0140880Z         fname = Path(fname)
2025-01-27T17:55:27.0141100Z         if os.path.exists(fname):
2025-01-27T17:55:27.0141328Z             return fname
2025-01-27T17:55:27.0141522Z     
2025-01-27T17:55:27.0141712Z         fname = Path(fname.stem).with_suffix(".h5")
2025-01-27T17:55:27.0142016Z         fpath = Path(os.path.join(get_data_dir(), fname))
2025-01-27T17:55:27.0142298Z         if os.path.exists(fpath):
2025-01-27T17:55:27.0142524Z             logger.info(
2025-01-27T17:55:27.0142861Z                 f"\n\tAtom Data {fname} not found in local path.\n\tExists in TARDIS Data repo {fpath}"
2025-01-27T17:55:27.0143215Z             )
2025-01-27T17:55:27.0143390Z             return fpath
2025-01-27T17:55:27.0143582Z     
2025-01-27T17:55:27.0143754Z         atom_data_name = fname.stem
2025-01-27T17:55:27.0144016Z         atom_repo_config = get_atomic_repo_config()
2025-01-27T17:55:27.0144310Z         if atom_data_name in atom_repo_config:
2025-01-27T17:55:27.0144560Z >           raise OSError(
2025-01-27T17:55:27.0144911Z                 f"Atom Data {fname} not found in path or in TARDIS data repo - it is available as download:\n"
2025-01-27T17:55:27.0145354Z                 f"from tardis.io.atom_data import download_atom_data\n"
2025-01-27T17:55:27.0145682Z                 f"download_atom_data('{atom_data_name}')"
2025-01-27T17:55:27.0145935Z             )
2025-01-27T17:55:27.0146330Z E           OSError: Atom Data kurucz_cd23_chianti_H_He.h5 not found in path or in TARDIS data repo - it is available as download:
2025-01-27T17:55:27.0146838Z E           from tardis.io.atom_data import download_atom_data
2025-01-27T17:55:27.0147267Z E           download_atom_data('kurucz_cd23_chianti_H_He')
2025-01-27T17:55:27.0147469Z 
2025-01-27T17:55:27.0147560Z tardis/io/atom_data/util.py:42: OSError
2025-01-27T17:55:27.0147833Z =================================== FAILURES ===================================
2025-01-27T17:55:27.0148189Z _____________________ test_calculate_sobolev_line_opacity ______________________
2025-01-27T17:55:27.0148439Z 
2025-01-27T17:55:27.0148670Z nb_simulation_verysimple = <tardis.simulation.base.Simulation object at 0x7f1f0b5b61e0>
2025-01-27T17:55:27.0149260Z regression_data = <tardis.tests.fixtures.regression_data.RegressionData object at 0x7f1f0b4b83b0>
2025-01-27T17:55:27.0149619Z 
2025-01-27T17:55:27.0149720Z     def test_calculate_sobolev_line_opacity(
2025-01-27T17:55:27.0150007Z         nb_simulation_verysimple, regression_data
2025-01-27T17:55:27.0150263Z     ):
2025-01-27T17:55:27.0150476Z         legacy_plasma = nb_simulation_verysimple.plasma
2025-01-27T17:55:27.0150870Z     
2025-01-27T17:55:27.0151066Z         actual = calculate_sobolev_line_opacity(
2025-01-27T17:55:27.0151328Z             legacy_plasma.lines,
2025-01-27T17:55:27.0151582Z             legacy_plasma.level_number_density,
2025-01-27T17:55:27.0151847Z             legacy_plasma.time_explosion,
2025-01-27T17:55:27.0152308Z             legacy_plasma.stimulated_emission_factor,
2025-01-27T17:55:27.0152565Z         )
2025-01-27T17:55:27.0152778Z >       expected = regression_data.sync_dataframe(actual)
2025-01-27T17:55:27.0152983Z 
2025-01-27T17:55:27.0153095Z tardis/opacities/tests/test_tau_sobolev.py:21: 
2025-01-27T17:55:27.0153398Z _ _ _ _ _ _ _ _ _ _ _ _ _ _ _ _ _ _ _ _ _ _ _ _ _ _ _ _ _ _ _ _ _ _ _ _ _ _ _ _ 
2025-01-27T17:55:27.0153754Z tardis/tests/fixtures/regression_data.py:88: in sync_dataframe
2025-01-27T17:55:27.0154096Z     return pd.read_hdf(self.fpath, key=key)
2025-01-27T17:55:27.0154386Z _ _ _ _ _ _ _ _ _ _ _ _ _ _ _ _ _ _ _ _ _ _ _ _ _ _ _ _ _ _ _ _ _ _ _ _ _ _ _ _ 
2025-01-27T17:55:27.0154588Z 
2025-01-27T17:55:27.0154974Z path_or_buf = '/home/runner/work/tardis/tardis/tardis-regression-data/test_tau_sobolev/test_calculate_sobolev_line_opacity.h5'
2025-01-27T17:55:27.0155582Z key = 'data', mode = 'r', errors = 'strict', where = None, start = None
2025-01-27T17:55:27.0155998Z stop = None, columns = None, iterator = False, chunksize = None, kwargs = {}
2025-01-27T17:55:27.0156340Z exists = False
2025-01-27T17:55:27.0156448Z 
2025-01-27T17:55:27.0156525Z     def read_hdf(
2025-01-27T17:55:27.0156725Z         path_or_buf: FilePath | HDFStore,
2025-01-27T17:55:27.0157060Z         key=None,
2025-01-27T17:55:27.0157249Z         mode: str = "r",
2025-01-27T17:55:27.0157456Z         errors: str = "strict",
2025-01-27T17:55:27.0157688Z         where: str | list | None = None,
2025-01-27T17:55:27.0157936Z         start: int | None = None,
2025-01-27T17:55:27.0158166Z         stop: int | None = None,
2025-01-27T17:55:27.0158401Z         columns: list[str] | None = None,
2025-01-27T17:55:27.0158651Z         iterator: bool = False,
2025-01-27T17:55:27.0158877Z         chunksize: int | None = None,
2025-01-27T17:55:27.0159107Z         **kwargs,
2025-01-27T17:55:27.0159280Z     ):
2025-01-27T17:55:27.0159438Z         """
2025-01-27T17:55:27.0159646Z         Read from the store, close it if we opened it.
2025-01-27T17:55:27.0159913Z     
2025-01-27T17:55:27.0160162Z         Retrieve pandas object stored in file, optionally based on where
2025-01-27T17:55:27.0160479Z         criteria.
2025-01-27T17:55:27.0160654Z     
2025-01-27T17:55:27.0165394Z         .. warning::
2025-01-27T17:55:27.0165617Z     
2025-01-27T17:55:27.0165907Z            Pandas uses PyTables for reading and writing HDF5 files, which allows
2025-01-27T17:55:27.0166370Z            serializing object-dtype data with pickle when using the "fixed" format.
2025-01-27T17:55:27.0166830Z            Loading pickled data received from untrusted sources can be unsafe.
2025-01-27T17:55:27.0167491Z     
2025-01-27T17:55:27.0167786Z            See: https://docs.python.org/3/library/pickle.html for more.
2025-01-27T17:55:27.0168108Z     
2025-01-27T17:55:27.0168275Z         Parameters
2025-01-27T17:55:27.0168468Z         ----------
2025-01-27T17:55:27.0168705Z         path_or_buf : str, path object, pandas.HDFStore
2025-01-27T17:55:27.0169090Z             Any valid string path is acceptable. Only supports the local file system,
2025-01-27T17:55:27.0169501Z             remote URLs and file-like objects are not supported.
2025-01-27T17:55:27.0169785Z     
2025-01-27T17:55:27.0170011Z             If you want to pass in a path object, pandas accepts any
2025-01-27T17:55:27.0170328Z             ``os.PathLike``.
2025-01-27T17:55:27.0170551Z     
2025-01-27T17:55:27.0170828Z             Alternatively, pandas accepts an open :class:`pandas.HDFStore` object.
2025-01-27T17:55:27.0171164Z     
2025-01-27T17:55:27.0171329Z         key : object, optional
2025-01-27T17:55:27.0171628Z             The group identifier in the store. Can be omitted if the HDF file
2025-01-27T17:55:27.0172132Z             contains a single pandas object.
2025-01-27T17:55:27.0172398Z         mode : {'r', 'r+', 'a'}, default 'r'
2025-01-27T17:55:27.0172707Z             Mode to use when opening the file. Ignored if path_or_buf is a
2025-01-27T17:55:27.0173039Z             :class:`pandas.HDFStore`. Default is 'r'.
2025-01-27T17:55:27.0173427Z         errors : str, default 'strict'
2025-01-27T17:55:27.0173737Z             Specifies how encoding and decoding errors are to be handled.
2025-01-27T17:55:27.0174118Z             See the errors argument for :func:`open` for a full list
2025-01-27T17:55:27.0174412Z             of options.
2025-01-27T17:55:27.0174615Z         where : list, optional
2025-01-27T17:55:27.0174857Z             A list of Term (or convertible) objects.
2025-01-27T17:55:27.0175117Z         start : int, optional
2025-01-27T17:55:27.0175348Z             Row number to start selection.
2025-01-27T17:55:27.0175596Z         stop  : int, optional
2025-01-27T17:55:27.0175822Z             Row number to stop selection.
2025-01-27T17:55:27.0176069Z         columns : list, optional
2025-01-27T17:55:27.0176309Z             A list of columns names to return.
2025-01-27T17:55:27.0176561Z         iterator : bool, optional
2025-01-27T17:55:27.0176789Z             Return an iterator object.
2025-01-27T17:55:27.0177248Z         chunksize : int, optional
2025-01-27T17:55:27.0177552Z             Number of rows to include in an iteration when using an iterator.
2025-01-27T17:55:27.0177873Z         **kwargs
2025-01-27T17:55:27.0178102Z             Additional keyword arguments passed to HDFStore.
2025-01-27T17:55:27.0178372Z     
2025-01-27T17:55:27.0178565Z         Returns
2025-01-27T17:55:27.0178740Z         -------
2025-01-27T17:55:27.0178911Z         object
2025-01-27T17:55:27.0179167Z             The selected object. Return type depends on the object stored.
2025-01-27T17:55:27.0179467Z     
2025-01-27T17:55:27.0179622Z         See Also
2025-01-27T17:55:27.0179800Z         --------
2025-01-27T17:55:27.0180045Z         DataFrame.to_hdf : Write a HDF file from a DataFrame.
2025-01-27T17:55:27.0180358Z         HDFStore : Low-level access to HDF files.
2025-01-27T17:55:27.0180604Z     
2025-01-27T17:55:27.0180761Z         Examples
2025-01-27T17:55:27.0180935Z         --------
2025-01-27T17:55:27.0181202Z         >>> df = pd.DataFrame([[1, 1.0, 'a']], columns=['x', 'y', 'z'])  # doctest: +SKIP
2025-01-27T17:55:27.0181564Z         >>> df.to_hdf('./store.h5', 'data')  # doctest: +SKIP
2025-01-27T17:55:27.0181877Z         >>> reread = pd.read_hdf('./store.h5')  # doctest: +SKIP
2025-01-27T17:55:27.0182144Z         """
2025-01-27T17:55:27.0182323Z         if mode not in ["r", "r+", "a"]:
2025-01-27T17:55:27.0182562Z             raise ValueError(
2025-01-27T17:55:27.0182836Z                 f"mode {mode} is not allowed while performing a read. "
2025-01-27T17:55:27.0183150Z                 f"Allowed modes are r, r+ and a."
2025-01-27T17:55:27.0183388Z             )
2025-01-27T17:55:27.0183566Z         # grab the scope
2025-01-27T17:55:27.0183773Z         if where is not None:
2025-01-27T17:55:27.0184015Z             where = _ensure_term(where, scope_level=1)
2025-01-27T17:55:27.0184265Z     
2025-01-27T17:55:27.0184448Z         if isinstance(path_or_buf, HDFStore):
2025-01-27T17:55:27.0184701Z             if not path_or_buf.is_open:
2025-01-27T17:55:27.0184999Z                 raise OSError("The HDFStore must be open for reading.")
2025-01-27T17:55:27.0185282Z     
2025-01-27T17:55:27.0185446Z             store = path_or_buf
2025-01-27T17:55:27.0185666Z             auto_close = False
2025-01-27T17:55:27.0185872Z         else:
2025-01-27T17:55:27.0186076Z             path_or_buf = stringify_path(path_or_buf)
2025-01-27T17:55:27.0186357Z             if not isinstance(path_or_buf, str):
2025-01-27T17:55:27.0186625Z                 raise NotImplementedError(
2025-01-27T17:55:27.0186934Z                     "Support for generic buffers has not been implemented."
2025-01-27T17:55:27.0187325Z                 )
2025-01-27T17:55:27.0187625Z             try:
2025-01-27T17:55:27.0187838Z                 exists = os.path.exists(path_or_buf)
2025-01-27T17:55:27.0188082Z     
2025-01-27T17:55:27.0188251Z             # if filepath is too long
2025-01-27T17:55:27.0188501Z             except (TypeError, ValueError):
2025-01-27T17:55:27.0188743Z                 exists = False
2025-01-27T17:55:27.0189056Z     
2025-01-27T17:55:27.0189213Z             if not exists:
2025-01-27T17:55:27.0189504Z >               raise FileNotFoundError(f"File {path_or_buf} does not exist")
2025-01-27T17:55:27.0190226Z E               FileNotFoundError: File /home/runner/work/tardis/tardis/tardis-regression-data/test_tau_sobolev/test_calculate_sobolev_line_opacity.h5 does not exist
2025-01-27T17:55:27.0190775Z 
2025-01-27T17:55:27.0191077Z ../../../micromamba/envs/tardis/lib/python3.12/site-packages/pandas/io/pytables.py:424: FileNotFoundError
2025-01-27T17:55:27.0191610Z ---------------------------- Captured stdout setup -----------------------------
2025-01-27T17:55:27.0192232Z [[1mtardis.io.model.parse_density_configuration[0m][[1;33mWARNING[0m]  
2025-01-27T17:55:27.0192949Z 	Number of density points larger than number of shells. Assuming inner point irrelevant ([1mparse_density_configuration.py[0m:114)
2025-01-27T17:55:27.0193532Z ---------------------------- Captured stderr setup -----------------------------
2025-01-27T17:55:27.0193778Z 
2025-01-27T17:55:27.0194110Z Iterations:â–ˆâ–ˆâ–ˆâ–ˆâ–ˆâ–ˆâ–ˆâ–ˆâ–ˆâ–ˆâ–ˆâ–ˆâ–ˆâ–ˆâ–ˆâ–ˆâ–ˆâ–ˆâ–ˆâ–ˆâ–ˆâ–ˆâ–ˆâ–ˆâ–ˆâ–ˆâ–ˆâ–ˆâ–ˆâ–ˆâ–ˆâ–ˆâ–ˆâ–ˆâ–ˆâ–ˆâ–ˆâ–ˆâ–ˆâ–ˆâ–ˆâ–ˆâ–ˆâ–ˆâ–ˆâ–ˆâ–ˆâ–ˆâ–ˆâ–ˆâ–ˆâ–ˆâ–ˆâ–ˆâ–ˆâ–ˆâ–ˆâ–ˆâ–ˆâ–ˆâ–ˆâ–ˆâ–ˆâ–ˆ                4/5 [00:12<00:02,  2.71s/it]
2025-01-27T17:55:27.0194387Z 
2025-01-27T17:55:27.0194620Z Packets:                                                                                   4030/? [00:12<00:00, 34528.26it/s][A
2025-01-27T17:55:27.0195001Z ------------------------------ Captured log setup ------------------------------
2025-01-27T17:55:27.0195756Z WARNING  tardis.io.model.parse_density_configuration:parse_density_configuration.py:114 Number of density points larger than number of shells. Assuming inner point irrelevant
2025-01-27T17:55:27.0196494Z _________________________ test_calculate_beta_sobolevs _________________________
2025-01-27T17:55:27.0196735Z 
2025-01-27T17:55:27.0197123Z nb_simulation_verysimple = <tardis.simulation.base.Simulation object at 0x7f1f0b5b61e0>
2025-01-27T17:55:27.0197749Z regression_data = <tardis.tests.fixtures.regression_data.RegressionData object at 0x7f1f0b6055e0>
2025-01-27T17:55:27.0198115Z 
2025-01-27T17:55:27.0198303Z     def test_calculate_beta_sobolevs(nb_simulation_verysimple, regression_data):
2025-01-27T17:55:27.0198699Z         legacy_plasma = nb_simulation_verysimple.plasma
2025-01-27T17:55:27.0198966Z     
2025-01-27T17:55:27.0199290Z         tau_sobolevs = calculate_sobolev_line_opacity(
2025-01-27T17:55:27.0199680Z             legacy_plasma.lines,
2025-01-27T17:55:27.0200032Z             legacy_plasma.level_number_density,
2025-01-27T17:55:27.0200498Z             legacy_plasma.time_explosion,
2025-01-27T17:55:27.0200913Z             legacy_plasma.stimulated_emission_factor,
2025-01-27T17:55:27.0201247Z         )
2025-01-27T17:55:27.0201622Z         actual = calculate_beta_sobolev(tau_sobolevs)
2025-01-27T17:55:27.0202052Z >       expected = regression_data.sync_ndarray(actual)
2025-01-27T17:55:27.0202296Z 
2025-01-27T17:55:27.0202512Z tardis/opacities/tests/test_tau_sobolev.py:35: 
2025-01-27T17:55:27.0202931Z _ _ _ _ _ _ _ _ _ _ _ _ _ _ _ _ _ _ _ _ _ _ _ _ _ _ _ _ _ _ _ _ _ _ _ _ _ _ _ _ 
2025-01-27T17:55:27.0203386Z tardis/tests/fixtures/regression_data.py:111: in sync_ndarray
2025-01-27T17:55:27.0203873Z     return np.load(self.fpath)
2025-01-27T17:55:27.0204217Z _ _ _ _ _ _ _ _ _ _ _ _ _ _ _ _ _ _ _ _ _ _ _ _ _ _ _ _ _ _ _ _ _ _ _ _ _ _ _ _ 
2025-01-27T17:55:27.0204441Z 
2025-01-27T17:55:27.0204888Z file = PosixPath('/home/runner/work/tardis/tardis/tardis-regression-data/test_tau_sobolev/test_calculate_beta_sobolevs.npy')
2025-01-27T17:55:27.0205708Z mmap_mode = None, allow_pickle = False, fix_imports = True, encoding = 'ASCII'
2025-01-27T17:55:27.0206129Z 
2025-01-27T17:55:27.0206300Z     @set_module('numpy')
2025-01-27T17:55:27.0206720Z     def load(file, mmap_mode=None, allow_pickle=False, fix_imports=True,
2025-01-27T17:55:27.0217660Z              encoding='ASCII', *, max_header_size=format._MAX_HEADER_SIZE):
2025-01-27T17:55:27.0218188Z         """
2025-01-27T17:55:27.0218841Z         Load arrays or pickled objects from ``.npy``, ``.npz`` or pickled files.
2025-01-27T17:55:27.0219356Z     
2025-01-27T17:55:27.0219787Z         .. warning:: Loading files that contain object arrays uses the ``pickle``
2025-01-27T17:55:27.0220421Z                      module, which is not secure against erroneous or maliciously
2025-01-27T17:55:27.0221037Z                      constructed data. Consider passing ``allow_pickle=False`` to
2025-01-27T17:55:27.0221637Z                      load data that is known not to contain object arrays for the
2025-01-27T17:55:27.0222157Z                      safer handling of untrusted sources.
2025-01-27T17:55:27.0222554Z     
2025-01-27T17:55:27.0222815Z         Parameters
2025-01-27T17:55:27.0223107Z         ----------
2025-01-27T17:55:27.0223461Z         file : file-like object, string, or pathlib.Path
2025-01-27T17:55:27.0223977Z             The file to read. File-like objects must support the
2025-01-27T17:55:27.0224478Z             ``seek()`` and ``read()`` methods and must always
2025-01-27T17:55:27.0225007Z             be opened in binary mode.  Pickled files require that the
2025-01-27T17:55:27.0225581Z             file-like object support the ``readline()`` method as well.
2025-01-27T17:55:27.0226114Z         mmap_mode : {None, 'r+', 'r', 'w+', 'c'}, optional
2025-01-27T17:55:27.0226644Z             If not None, then memory-map the file, using the given mode (see
2025-01-27T17:55:27.0227405Z             `numpy.memmap` for a detailed description of the modes).  A
2025-01-27T17:55:27.0228021Z             memory-mapped array is kept on disk. However, it can be accessed
2025-01-27T17:55:27.0228669Z             and sliced like any ndarray.  Memory mapping is especially useful
2025-01-27T17:55:27.0229310Z             for accessing small fragments of large files without reading the
2025-01-27T17:55:27.0229825Z             entire file into memory.
2025-01-27T17:55:27.0230204Z         allow_pickle : bool, optional
2025-01-27T17:55:27.0230715Z             Allow loading pickled object arrays stored in npy files. Reasons for
2025-01-27T17:55:27.0231391Z             disallowing pickles include security, as loading pickled data can
2025-01-27T17:55:27.0232070Z             execute arbitrary code. If pickles are disallowed, loading object
2025-01-27T17:55:27.0232509Z             arrays will fail. Default: False
2025-01-27T17:55:27.0232747Z     
2025-01-27T17:55:27.0232922Z             .. versionchanged:: 1.16.3
2025-01-27T17:55:27.0233205Z                 Made default False in response to CVE-2019-6446.
2025-01-27T17:55:27.0233479Z     
2025-01-27T17:55:27.0233648Z         fix_imports : bool, optional
2025-01-27T17:55:27.0233985Z             Only useful when loading Python 2 generated pickled files on Python 3,
2025-01-27T17:55:27.0234430Z             which includes npy/npz files containing object arrays. If `fix_imports`
2025-01-27T17:55:27.0234867Z             is True, pickle will try to map the old Python 2 names to the new names
2025-01-27T17:55:27.0235195Z             used in Python 3.
2025-01-27T17:55:27.0235426Z         encoding : str, optional
2025-01-27T17:55:27.0235740Z             What encoding to use when reading Python 2 strings. Only useful when
2025-01-27T17:55:27.0236155Z             loading Python 2 generated pickled files in Python 3, which includes
2025-01-27T17:55:27.0236577Z             npy/npz files containing object arrays. Values other than 'latin1',
2025-01-27T17:55:27.0237134Z             'ASCII', and 'bytes' are not allowed, as they can corrupt numerical
2025-01-27T17:55:27.0237469Z             data. Default: 'ASCII'
2025-01-27T17:55:27.0237711Z         max_header_size : int, optional
2025-01-27T17:55:27.0238200Z             Maximum allowed size of the header.  Large headers may not be safe
2025-01-27T17:55:27.0238621Z             to load securely and thus require explicitly passing a larger value.
2025-01-27T17:55:27.0238985Z             See :py:func:`ast.literal_eval()` for details.
2025-01-27T17:55:27.0239350Z             This option is ignored when `allow_pickle` is passed.  In that case
2025-01-27T17:55:27.0239861Z             the file is by definition trusted and the limit is unnecessary.
2025-01-27T17:55:27.0240182Z     
2025-01-27T17:55:27.0240343Z         Returns
2025-01-27T17:55:27.0240524Z         -------
2025-01-27T17:55:27.0240722Z         result : array, tuple, dict, etc.
2025-01-27T17:55:27.0241049Z             Data stored in the file. For ``.npz`` files, the returned instance
2025-01-27T17:55:27.0241450Z             of NpzFile class must be closed to avoid leaking file descriptors.
2025-01-27T17:55:27.0241756Z     
2025-01-27T17:55:27.0241913Z         Raises
2025-01-27T17:55:27.0242086Z         ------
2025-01-27T17:55:27.0242269Z         OSError
2025-01-27T17:55:27.0242492Z             If the input file does not exist or cannot be read.
2025-01-27T17:55:27.0242774Z         UnpicklingError
2025-01-27T17:55:27.0243062Z             If ``allow_pickle=True``, but the file cannot be loaded as a pickle.
2025-01-27T17:55:27.0243389Z         ValueError
2025-01-27T17:55:27.0243678Z             The file contains an object array, but ``allow_pickle=False`` given.
2025-01-27T17:55:27.0243995Z         EOFError
2025-01-27T17:55:27.0244265Z             When calling ``np.load`` multiple times on the same file handle,
2025-01-27T17:55:27.0244588Z             if all data has already been read
2025-01-27T17:55:27.0244830Z     
2025-01-27T17:55:27.0244989Z         See Also
2025-01-27T17:55:27.0245167Z         --------
2025-01-27T17:55:27.0245371Z         save, savez, savez_compressed, loadtxt
2025-01-27T17:55:27.0245715Z         memmap : Create a memory-map to an array stored in a file on disk.
2025-01-27T17:55:27.0246138Z         lib.format.open_memmap : Create or load a memory-mapped ``.npy`` file.
2025-01-27T17:55:27.0246463Z     
2025-01-27T17:55:27.0246618Z         Notes
2025-01-27T17:55:27.0246788Z         -----
2025-01-27T17:55:27.0247251Z         - If the file contains pickle data, then whatever object is stored
2025-01-27T17:55:27.0247595Z           in the pickle is returned.
2025-01-27T17:55:27.0247904Z         - If the file is a ``.npy`` file, then a single array is returned.
2025-01-27T17:55:27.0248268Z         - If the file is a ``.npz`` file, then a dictionary-like object is
2025-01-27T17:55:27.0248663Z           returned, containing ``{filename: array}`` key-value pairs, one for
2025-01-27T17:55:27.0249003Z           each file in the archive.
2025-01-27T17:55:27.0249310Z         - If the file is a ``.npz`` file, the returned value supports the
2025-01-27T17:55:27.0249716Z           context manager protocol in a similar fashion to the open function::
2025-01-27T17:55:27.0250043Z     
2025-01-27T17:55:27.0250223Z             with load('foo.npz') as data:
2025-01-27T17:55:27.0250464Z                 a = data['a']
2025-01-27T17:55:27.0250670Z     
2025-01-27T17:55:27.0250915Z           The underlying file descriptor is closed when exiting the 'with'
2025-01-27T17:55:27.0251223Z           block.
2025-01-27T17:55:27.0251396Z     
2025-01-27T17:55:27.0251556Z         Examples
2025-01-27T17:55:27.0251734Z         --------
2025-01-27T17:55:27.0251932Z         Store data to disk, and load it again:
2025-01-27T17:55:27.0252174Z     
2025-01-27T17:55:27.0252382Z         >>> np.save('/tmp/123', np.array([[1, 2, 3], [4, 5, 6]]))
2025-01-27T17:55:27.0252670Z         >>> np.load('/tmp/123.npy')
2025-01-27T17:55:27.0252903Z         array([[1, 2, 3],
2025-01-27T17:55:27.0253105Z                [4, 5, 6]])
2025-01-27T17:55:27.0253295Z     
2025-01-27T17:55:27.0253501Z         Store compressed data to disk, and load it again:
2025-01-27T17:55:27.0253771Z     
2025-01-27T17:55:27.0253948Z         >>> a=np.array([[1, 2, 3], [4, 5, 6]])
2025-01-27T17:55:27.0254340Z         >>> b=np.array([1, 2])
2025-01-27T17:55:27.0254580Z         >>> np.savez('/tmp/123.npz', a=a, b=b)
2025-01-27T17:55:27.0254841Z         >>> data = np.load('/tmp/123.npz')
2025-01-27T17:55:27.0255079Z         >>> data['a']
2025-01-27T17:55:27.0255273Z         array([[1, 2, 3],
2025-01-27T17:55:27.0255581Z                [4, 5, 6]])
2025-01-27T17:55:27.0255778Z         >>> data['b']
2025-01-27T17:55:27.0255961Z         array([1, 2])
2025-01-27T17:55:27.0256153Z         >>> data.close()
2025-01-27T17:55:27.0256352Z     
2025-01-27T17:55:27.0256574Z         Mem-map the stored array, and then access the second row
2025-01-27T17:55:27.0256870Z         directly from disk:
2025-01-27T17:55:27.0257258Z     
2025-01-27T17:55:27.0257460Z         >>> X = np.load('/tmp/123.npy', mmap_mode='r')
2025-01-27T17:55:27.0257716Z         >>> X[1, :]
2025-01-27T17:55:27.0257905Z         memmap([4, 5, 6])
2025-01-27T17:55:27.0258101Z     
2025-01-27T17:55:27.0258252Z         """
2025-01-27T17:55:27.0258467Z         if encoding not in ('ASCII', 'latin1', 'bytes'):
2025-01-27T17:55:27.0258807Z             # The 'encoding' value for pickle also affects what encoding
2025-01-27T17:55:27.0259165Z             # the serialized binary data of NumPy arrays is loaded
2025-01-27T17:55:27.0259513Z             # in. Pickle does not pass on the encoding information to
2025-01-27T17:55:27.0259873Z             # NumPy. The unpickling code in numpy.core.multiarray is
2025-01-27T17:55:27.0260235Z             # written to assume that unicode data appearing where binary
2025-01-27T17:55:27.0260610Z             # should be is in 'latin1'. 'bytes' is also safe, as is 'ASCII'.
2025-01-27T17:55:27.0260904Z             #
2025-01-27T17:55:27.0261142Z             # Other encoding values can corrupt binary data, and we
2025-01-27T17:55:27.0261519Z             # purposefully disallow them. For the same reason, the errors=
2025-01-27T17:55:27.0261892Z             # argument is not exposed, as values other than 'strict'
2025-01-27T17:55:27.0262237Z             # result can similarly silently corrupt numerical data.
2025-01-27T17:55:27.0262611Z             raise ValueError("encoding must be 'ASCII', 'latin1', or 'bytes'")
2025-01-27T17:55:27.0262926Z     
2025-01-27T17:55:27.0263174Z         pickle_kwargs = dict(encoding=encoding, fix_imports=fix_imports)
2025-01-27T17:55:27.0263490Z     
2025-01-27T17:55:27.0263679Z         with contextlib.ExitStack() as stack:
2025-01-27T17:55:27.0263944Z             if hasattr(file, 'read'):
2025-01-27T17:55:27.0264178Z                 fid = file
2025-01-27T17:55:27.0264389Z                 own_fid = False
2025-01-27T17:55:27.0264603Z             else:
2025-01-27T17:55:27.0264848Z >               fid = stack.enter_context(open(os_fspath(file), "rb"))
2025-01-27T17:55:27.0265552Z E               FileNotFoundError: [Errno 2] No such file or directory: '/home/runner/work/tardis/tardis/tardis-regression-data/test_tau_sobolev/test_calculate_beta_sobolevs.npy'
2025-01-27T17:55:27.0266117Z 
2025-01-27T17:55:27.0266400Z ../../../micromamba/envs/tardis/lib/python3.12/site-packages/numpy/lib/npyio.py:427: FileNotFoundError
2025-01-27T17:55:27.0266880Z =============================== warnings summary ===============================
2025-01-27T17:55:27.0267383Z tardis/io/configuration/config_validator.py:6
2025-01-27T17:55:27.0267684Z tardis/io/configuration/config_validator.py:6
2025-01-27T17:55:27.0268179Z   /home/runner/work/tardis/tardis/tardis/io/configuration/config_validator.py:6: DeprecationWarning:
2025-01-27T17:55:27.0268648Z   
2025-01-27T17:55:27.0269851Z   jsonschema.RefResolver is deprecated as of v4.18.0, in favor of the https://github.com/python-jsonschema/referencing library, which provides more compliant referencing behavior as well as more flexible APIs for customization. A future release will remove RefResolver. Please file a feature request (on referencing) if you are missing an API for the kind of customization you need.
2025-01-27T17:55:27.0271036Z 
2025-01-27T17:55:27.0271446Z ../../../micromamba/envs/tardis/lib/python3.12/site-packages/jupyter_client/connect.py:22
2025-01-27T17:55:27.0272126Z   /home/runner/micromamba/envs/tardis/lib/python3.12/site-packages/jupyter_client/connect.py:22: DeprecationWarning:
2025-01-27T17:55:27.0272631Z   
2025-01-27T17:55:27.0272877Z   Jupyter is migrating its paths to use standard platformdirs
2025-01-27T17:55:27.0273427Z   given by the platformdirs library.  To remove this warning and
2025-01-27T17:55:27.0273826Z   see the appropriate new directories, set the environment variable
2025-01-27T17:55:27.0274222Z   `JUPYTER_PLATFORM_DIRS=1` and then run `jupyter --paths`.
2025-01-27T17:55:27.0274599Z   The use of platformdirs will be the default in `jupyter_core` v6
2025-01-27T17:55:27.0274833Z 
2025-01-27T17:55:27.0274987Z tardis/io/tests/test_HDFWriter.py::test_multi_index_write
2025-01-27T17:55:27.0275475Z tardis/visualization/widgets/tests/test_shell_info.py::TestHDFShellInfo::test_shells_data
2025-01-27T17:55:27.0276028Z   /home/runner/work/tardis/tardis/tardis/io/util.py:276: PerformanceWarning:
2025-01-27T17:55:27.0276387Z   
2025-01-27T17:55:27.0276541Z   
2025-01-27T17:55:27.0276823Z   your performance may suffer as PyTables will pickle object types that it cannot
2025-01-27T17:55:27.0277537Z   map directly to c-types [inferred_type->mixed,key->block0_values] [items->Index([0], dtype='int64')]
2025-01-27T17:55:27.0277882Z 
2025-01-27T17:55:27.0278075Z tardis/io/tests/test_model_reader.py::test_read_cmfgen_isotope_abundances
2025-01-27T17:55:27.0278556Z tardis/plasma/tests/test_tardis_model_density_config.py::test_electron_densities
2025-01-27T17:55:27.0279081Z tardis/plasma/tests/test_tardis_model_density_config.py::test_isotope_number_densities
2025-01-27T17:55:27.0279577Z tardis/plasma/tests/test_tardis_model_density_config.py::test_t_rad
2025-01-27T17:55:27.0280136Z   /home/runner/work/tardis/tardis/tardis/io/model/readers/cmfgen_deprecated.py:82: DeprecationWarning:
2025-01-27T17:55:27.0280592Z   
2025-01-27T17:55:27.0280793Z   The current CMFGEN model parser is deprecated
2025-01-27T17:55:27.0280989Z 
2025-01-27T17:55:27.0281106Z tardis/io/tests/test_model_reader.py: 1 warning
2025-01-27T17:55:27.0281465Z tardis/plasma/tests/test_tardis_model_density_config.py: 9 warnings
2025-01-27T17:55:27.0282019Z   /home/runner/work/tardis/tardis/tardis/io/model/readers/cmfgen_deprecated.py:40: DeprecationWarning:
2025-01-27T17:55:27.0282481Z   
2025-01-27T17:55:27.0282676Z   The current CMFGEN model parser is deprecated
2025-01-27T17:55:27.0282861Z 
2025-01-27T17:55:27.0283068Z tardis/model/tests/test_base.py::TestModelFromPaper1Config::test_abundances
2025-01-27T17:55:27.0283710Z   /home/runner/work/tardis/tardis/tardis/transport/montecarlo/montecarlo_main_loop.py:123: NumbaTypeSafetyWarning:
2025-01-27T17:55:27.0284218Z   
2025-01-27T17:55:27.0284639Z   [1m[1m[1munsafe cast from uint64 to int64. Precision may be lost.[0m[0m[0m
2025-01-27T17:55:27.0284910Z 
2025-01-27T17:55:27.0285011Z tardis/model/tests/test_base.py: 6 warnings
2025-01-27T17:55:27.0285310Z tardis/model/tests/test_csvy_model.py: 2 warnings
2025-01-27T17:55:27.0285680Z tardis/plasma/tests/test_tardis_model_density_config.py: 3 warnings
2025-01-27T17:55:27.0286198Z   /home/runner/work/tardis/tardis/tardis/model/geometry/radial1d.py:50: DeprecationWarning:
2025-01-27T17:55:27.0286615Z   
2025-01-27T17:55:27.0286807Z   v_inner_boundary < 0, assuming default value
2025-01-27T17:55:27.0287100Z 
2025-01-27T17:55:27.0287209Z tardis/model/tests/test_base.py: 6 warnings
2025-01-27T17:55:27.0287500Z tardis/model/tests/test_csvy_model.py: 2 warnings
2025-01-27T17:55:27.0287863Z tardis/plasma/tests/test_tardis_model_density_config.py: 3 warnings
2025-01-27T17:55:27.0288374Z   /home/runner/work/tardis/tardis/tardis/model/geometry/radial1d.py:61: DeprecationWarning:
2025-01-27T17:55:27.0288791Z   
2025-01-27T17:55:27.0288974Z   v_outer_boundary < 0, assuming default value
2025-01-27T17:55:27.0289162Z 
2025-01-27T17:55:27.0289738Z tardis/plasma/equilibrium/tests/test_level_populations.py::TestLevelPopulationSolver::test_solve[collisional_rate_solver0-radiative_transitions0]
2025-01-27T17:55:27.0290568Z   /home/runner/work/tardis/tardis/tardis/plasma/equilibrium/level_populations.py:65: FutureWarning:
2025-01-27T17:55:27.0291020Z   
2025-01-27T17:55:27.0291380Z   A value is trying to be set on a copy of a DataFrame or Series through chained assignment using an inplace method.
2025-01-27T17:55:27.0292282Z   The behavior will change in pandas 3.0. This inplace method will never work because the intermediate object on which we are setting values always behaves as a copy.
2025-01-27T17:55:27.0292864Z   
2025-01-27T17:55:27.0293468Z   For example, when doing 'df[col].method(value, inplace=True)', try using 'df.method({col: value}, inplace=True)' or df[col] = df[col].method(value) instead, to perform the operation inplace on the original object.
2025-01-27T17:55:27.0294065Z 
2025-01-27T17:55:27.0294219Z tardis/plasma/tests/test_complete_plasmas.py: 20 warnings
2025-01-27T17:55:27.0294734Z   /home/runner/work/tardis/tardis/tardis/plasma/tests/test_complete_plasmas.py:197: UserWarning:
2025-01-27T17:55:27.0295173Z   
2025-01-27T17:55:27.0295346Z   Property "atomic_mass" not found
2025-01-27T17:55:27.0295505Z 
2025-01-27T17:55:27.0295937Z tardis/plasma/tests/test_complete_plasmas.py::TestPlasma::test_plasma_properties[radiative_rates_type:detailed-w_epsilon:1e-10-j_blues_norm_factor]
2025-01-27T17:55:27.0296819Z tardis/plasma/tests/test_complete_plasmas.py::TestPlasma::test_plasma_properties[radiative_rates_type:detailed-j_blues_norm_factor]
2025-01-27T17:55:27.0297763Z   /home/runner/work/tardis/tardis/tardis/plasma/tests/test_complete_plasmas.py:197: UserWarning:
2025-01-27T17:55:27.0298203Z   
2025-01-27T17:55:27.0298402Z   Property "j_blues_norm_factor" not found
2025-01-27T17:55:27.0298585Z 
2025-01-27T17:55:27.0299001Z tardis/plasma/tests/test_complete_plasmas.py::TestPlasma::test_plasma_properties[radiative_rates_type:detailed-w_epsilon:1e-10-j_blue_estimator]
2025-01-27T17:55:27.0299856Z tardis/plasma/tests/test_complete_plasmas.py::TestPlasma::test_plasma_properties[radiative_rates_type:detailed-j_blue_estimator]
2025-01-27T17:55:27.0300576Z   /home/runner/work/tardis/tardis/tardis/plasma/tests/test_complete_plasmas.py:197: UserWarning:
2025-01-27T17:55:27.0301002Z   
2025-01-27T17:55:27.0301175Z   Property "j_blue_estimator" not found
2025-01-27T17:55:27.0301357Z 
2025-01-27T17:55:27.0301738Z tardis/plasma/tests/test_complete_plasmas.py::TestPlasma::test_plasma_properties[radiative_rates_type:detailed-w_epsilon:1e-10-volume]
2025-01-27T17:55:27.0302562Z tardis/plasma/tests/test_complete_plasmas.py::TestPlasma::test_plasma_properties[radiative_rates_type:detailed-volume]
2025-01-27T17:55:27.0303250Z   /home/runner/work/tardis/tardis/tardis/plasma/tests/test_complete_plasmas.py:197: UserWarning:
2025-01-27T17:55:27.0303676Z   
2025-01-27T17:55:27.0303853Z   Property "volume" not found
2025-01-27T17:55:27.0304009Z 
2025-01-27T17:55:27.0304407Z tardis/plasma/tests/test_complete_plasmas.py::TestPlasma::test_plasma_properties[radiative_rates_type:detailed-w_epsilon:1e-10-r_inner]
2025-01-27T17:55:27.0305211Z tardis/plasma/tests/test_complete_plasmas.py::TestPlasma::test_plasma_properties[radiative_rates_type:detailed-r_inner]
2025-01-27T17:55:27.0305898Z   /home/runner/work/tardis/tardis/tardis/plasma/tests/test_complete_plasmas.py:197: UserWarning:
2025-01-27T17:55:27.0306325Z   
2025-01-27T17:55:27.0306494Z   Property "r_inner" not found
2025-01-27T17:55:27.0306647Z 
2025-01-27T17:55:27.0306861Z tardis/plasma/tests/test_plasma_vboundary.py::test_plasma_vboundary[2900-3750]
2025-01-27T17:55:27.0307454Z tardis/plasma/tests/test_plasma_vboundary.py::test_plasma_vboundary[2900-3850]
2025-01-27T17:55:27.0307947Z tardis/plasma/tests/test_plasma_vboundary.py::test_plasma_vboundary[2900-3900]
2025-01-27T17:55:27.0308468Z   /home/runner/work/tardis/tardis/tardis/model/geometry/radial1d.py:71: UserWarning:
2025-01-27T17:55:27.0308853Z   
2025-01-27T17:55:27.0309133Z   Requesting inner boundary below inner shell. Extrapolating the inner cell
2025-01-27T17:55:27.0309529Z 
2025-01-27T17:55:27.0309745Z tardis/spectrum/tests/test_spectrum_solver.py::TestSpectrumSolver::test_solve
2025-01-27T17:55:27.0310234Z   /home/runner/work/tardis/tardis/tardis/spectrum/base.py:70: UserWarning:
2025-01-27T17:55:27.0310582Z   
2025-01-27T17:55:27.0310988Z   SpectrumSolver.spectrum_virtual_packets is zero. Please run the montecarlo simulation with no_of_virtual_packets > 0
2025-01-27T17:55:27.0311523Z 
2025-01-27T17:55:27.0311728Z tardis/spectrum/tests/test_spectrum_solver.py::TestSpectrumSolver::test_solve
2025-01-27T17:55:27.0312213Z   /home/runner/work/tardis/tardis/tardis/spectrum/base.py:111: UserWarning:
2025-01-27T17:55:27.0312561Z   
2025-01-27T17:55:27.0312988Z   SpectrumSolver.integrator: The FormalIntegrator is not yet available.Please run the montecarlo simulation at least once.
2025-01-27T17:55:27.0313416Z 
2025-01-27T17:55:27.0313626Z tardis/transport/montecarlo/tests/test_vpacket.py::test_trace_vpacket_volley
2025-01-27T17:55:27.0314047Z   <string>:3: NumbaPendingDeprecationWarning:
2025-01-27T17:55:27.0314305Z   
2025-01-27T17:55:27.0315447Z   [1m[1mCode using Numba extension API maybe depending on 'old_style' error-capturing, which is deprecated and will be replaced by 'new_style' in a future release. See details at https://numba.readthedocs.io/en/latest/reference/deprecation.html#deprecation-of-old-style-numba-captured-errors
2025-01-27T17:55:27.0316465Z   Exception origin:
2025-01-27T17:55:27.0316837Z     File "/home/runner/micromamba/envs/tardis/lib/python3.12/inspect.py", line 3180, in _bind
2025-01-27T17:55:27.0317359Z       raise TypeError(msg) from None
2025-01-27T17:55:27.0317617Z   [0m[0m
2025-01-27T17:55:27.0317713Z 
2025-01-27T17:55:27.0318043Z tardis/visualization/tools/tests/test_sdec_plot.py::TestSDECPlotter::test_mpl_image[plotter_generate_plot_mpl4]
2025-01-27T17:55:27.0318731Z   /home/runner/work/tardis/tardis/tardis/visualization/tools/sdec_plot.py:1225: RuntimeWarning:
2025-01-27T17:55:27.0319158Z   
2025-01-27T17:55:27.0320098Z   More than 20 figures have been opened. Figures created through the pyplot interface (`matplotlib.pyplot.figure`) are retained until explicitly closed and may consume too much memory. (To control this warning, see the rcParam `figure.max_open_warning`). Consider using `matplotlib.pyplot.close()`.
2025-01-27T17:55:27.0321018Z 
2025-01-27T17:55:27.0321376Z tardis/visualization/widgets/tests/test_custom_abundance.py::TestCustomAbundanceWidget::test_update_input_item_value
2025-01-27T17:55:27.0322146Z tardis/visualization/widgets/tests/test_custom_abundance.py::TestCustomAbundanceWidget::test_update_input_item_value
2025-01-27T17:55:27.0322911Z tardis/visualization/widgets/tests/test_custom_abundance.py::TestCustomAbundanceWidget::test_update_input_item_value
2025-01-27T17:55:27.0323672Z tardis/visualization/widgets/tests/test_custom_abundance.py::TestCustomAbundanceWidget::test_update_input_item_value
2025-01-27T17:55:27.0324436Z tardis/visualization/widgets/tests/test_custom_abundance.py::TestCustomAbundanceWidget::test_update_input_item_value
2025-01-27T17:55:27.0325196Z tardis/visualization/widgets/tests/test_custom_abundance.py::TestCustomAbundanceWidget::test_update_input_item_value
2025-01-27T17:55:27.0325966Z   /home/runner/micromamba/envs/tardis/lib/python3.12/site-packages/traitlets/traitlets.py:1385: DeprecationWarning:
2025-01-27T17:55:27.0326471Z   
2025-01-27T17:55:27.0326750Z   Passing unrecognized arguments to super(Checkbox).__init__(icon='lock').
2025-01-27T17:55:27.0327290Z   object.__init__() takes exactly one argument (the instance to initialize)
2025-01-27T17:55:27.0327783Z   This is deprecated in traitlets 4.2.This error will be raised in a future release of traitlets.
2025-01-27T17:55:27.0328105Z 
2025-01-27T17:55:27.0328451Z tardis/visualization/widgets/tests/test_custom_abundance.py::TestCustomAbundanceWidget::test_update_input_item_value
2025-01-27T17:55:27.0329217Z tardis/visualization/widgets/tests/test_custom_abundance.py::TestCustomAbundanceWidget::test_update_input_item_value
2025-01-27T17:55:27.0330102Z   /home/runner/micromamba/envs/tardis/lib/python3.12/site-packages/traitlets/traitlets.py:1385: DeprecationWarning:
2025-01-27T17:55:27.0330605Z   
2025-01-27T17:55:27.0330869Z   Passing unrecognized arguments to super(FloatText).__init__(min=0).
2025-01-27T17:55:27.0331298Z   object.__init__() takes exactly one argument (the instance to initialize)
2025-01-27T17:55:27.0331891Z   This is deprecated in traitlets 4.2.This error will be raised in a future release of traitlets.
2025-01-27T17:55:27.0332275Z 
2025-01-27T17:55:27.0332631Z tardis/visualization/widgets/tests/test_custom_abundance.py::TestCustomAbundanceWidget::test_update_input_item_value
2025-01-27T17:55:27.0333400Z   /home/runner/micromamba/envs/tardis/lib/python3.12/site-packages/traitlets/traitlets.py:1385: DeprecationWarning:
2025-01-27T17:55:27.0333897Z   
2025-01-27T17:55:27.0334155Z   Passing unrecognized arguments to super(HTML).__init__(indent=True).
2025-01-27T17:55:27.0334590Z   object.__init__() takes exactly one argument (the instance to initialize)
2025-01-27T17:55:27.0335076Z   This is deprecated in traitlets 4.2.This error will be raised in a future release of traitlets.
2025-01-27T17:55:27.0335396Z 
2025-01-27T17:55:27.0335818Z tardis/visualization/widgets/tests/test_line_info.py::TestLineInfoWidgetData::test_get_species_interactions[wavelength_range0-packet_out_nu]
2025-01-27T17:55:27.0336649Z   /home/runner/micromamba/envs/tardis/lib/python3.12/site-packages/qgridnext/grid.py:825: DeprecationWarning:
2025-01-27T17:55:27.0337324Z   
2025-01-27T17:55:27.0337685Z   QgridWidget._grid_options_changed is deprecated in traitlets 4.1: use @observe and @unobserve instead.
2025-01-27T17:55:27.0338048Z 
2025-01-27T17:55:27.0338302Z tardis/visualization/widgets/tests/test_shell_info.py::TestHDFShellInfo::test_shells_data
2025-01-27T17:55:27.0338843Z   /home/runner/work/tardis/tardis/tardis/io/util.py:289: PerformanceWarning:
2025-01-27T17:55:27.0339202Z   
2025-01-27T17:55:27.0339356Z   
2025-01-27T17:55:27.0339652Z   your performance may suffer as PyTables will pickle object types that it cannot
2025-01-27T17:55:27.0340194Z   map directly to c-types [inferred_type->mixed,key->block0_values] [items->Index([0], dtype='int64')]
2025-01-27T17:55:27.0340530Z 
2025-01-27T17:55:27.0340787Z tardis/visualization/widgets/tests/test_shell_info.py::TestHDFShellInfo::test_shells_data
2025-01-27T17:55:27.0341331Z   /home/runner/work/tardis/tardis/tardis/io/util.py:292: PerformanceWarning:
2025-01-27T17:55:27.0341686Z   
2025-01-27T17:55:27.0341839Z   
2025-01-27T17:55:27.0342118Z   your performance may suffer as PyTables will pickle object types that it cannot
2025-01-27T17:55:27.0342577Z   map directly to c-types [inferred_type->mixed,key->values] [items->None]
2025-01-27T17:55:27.0342841Z 
2025-01-27T17:55:27.0343093Z tardis/visualization/widgets/tests/test_shell_info.py::TestHDFShellInfo::test_shells_data
2025-01-27T17:55:27.0343670Z   /home/runner/work/tardis/tardis/tardis/spectrum/formal_integral.py:398: UserWarning:
2025-01-27T17:55:27.0344069Z   
2025-01-27T17:55:27.0344348Z   The number of interpolate_shells was not specified. The value was set to 80.
2025-01-27T17:55:27.0344625Z 
2025-01-27T17:55:27.0344809Z -- Docs: https://docs.pytest.org/en/stable/how-to/capture-warnings.html
2025-01-27T17:55:27.0345080Z 
2025-01-27T17:55:27.0345244Z ---------- coverage: platform linux, python 3.12.4-final-0 -----------
2025-01-27T17:55:27.0345611Z Coverage HTML written to dir coverage_html_report
2025-01-27T17:55:27.0345907Z Coverage XML written to file coverage.xml
2025-01-27T17:55:27.0346086Z 
2025-01-27T17:55:27.0346213Z =========================== short test summary info ============================
2025-01-27T17:55:27.0347257Z FAILED tardis/opacities/tests/test_tau_sobolev.py::test_calculate_sobolev_line_opacity - FileNotFoundError: File /home/runner/work/tardis/tardis/tardis-regression-data/test_tau_sobolev/test_calculate_sobolev_line_opacity.h5 does not exist
2025-01-27T17:55:27.0348925Z FAILED tardis/opacities/tests/test_tau_sobolev.py::test_calculate_beta_sobolevs - FileNotFoundError: [Errno 2] No such file or directory: '/home/runner/work/tardis/tardis/tardis-regression-data/test_tau_sobolev/test_calculate_beta_sobolevs.npy'
2025-01-27T17:55:27.0350322Z ERROR tardis/model/matter/tests/test_composition.py::test_elemental_mass_fraction - OSError: Atom Data kurucz_cd23_chianti_H_He.h5 not found in path or in TARDIS data repo - it is available as download:
2025-01-27T17:55:27.0351180Z from tardis.io.atom_data import download_atom_data
2025-01-27T17:55:27.0351493Z download_atom_data('kurucz_cd23_chianti_H_He')
2025-01-27T17:55:27.0352237Z ERROR tardis/model/matter/tests/test_composition.py::test_elemental_number_density - OSError: Atom Data kurucz_cd23_chianti_H_He.h5 not found in path or in TARDIS data repo - it is available as download:
2025-01-27T17:55:27.0352989Z from tardis.io.atom_data import download_atom_data
2025-01-27T17:55:27.0353295Z download_atom_data('kurucz_cd23_chianti_H_He')
2025-01-27T17:55:27.0354112Z ERROR tardis/model/matter/tests/test_composition.py::test_calculate_mass_fraction_at_time[time_explosion0] - OSError: Atom Data kurucz_cd23_chianti_H_He.h5 not found in path or in TARDIS data repo - it is available as download:
2025-01-27T17:55:27.0354929Z from tardis.io.atom_data import download_atom_data
2025-01-27T17:55:27.0355229Z download_atom_data('kurucz_cd23_chianti_H_He')
2025-01-27T17:55:27.0356039Z ERROR tardis/model/matter/tests/test_composition.py::test_calculate_mass_fraction_at_time[time_explosion1] - OSError: Atom Data kurucz_cd23_chianti_H_He.h5 not found in path or in TARDIS data repo - it is available as download:
2025-01-27T17:55:27.0356863Z from tardis.io.atom_data import download_atom_data
2025-01-27T17:55:27.0357354Z download_atom_data('kurucz_cd23_chianti_H_He')
2025-01-27T17:55:27.0358083Z ERROR tardis/model/matter/tests/test_composition.py::test_calculate_cell_masses - OSError: Atom Data kurucz_cd23_chianti_H_He.h5 not found in path or in TARDIS data repo - it is available as download:
2025-01-27T17:55:27.0358827Z from tardis.io.atom_data import download_atom_data
2025-01-27T17:55:27.0359153Z download_atom_data('kurucz_cd23_chianti_H_He')
2025-01-27T17:55:27.0359916Z ERROR tardis/model/matter/tests/test_composition.py::test_calculate_elemental_cell_masses - OSError: Atom Data kurucz_cd23_chianti_H_He.h5 not found in path or in TARDIS data repo - it is available as download:
2025-01-27T17:55:27.0360696Z from tardis.io.atom_data import download_atom_data
2025-01-27T17:55:27.0360996Z download_atom_data('kurucz_cd23_chianti_H_He')
2025-01-27T17:55:27.0361467Z = 2 failed, 1436 passed, 329 skipped, 2 deselected, 19 xfailed, 8 xpassed, 91 warnings, 6 errors in 753.20s (0:12:33) =
2025-01-27T17:55:29.1298641Z ##[error]Process completed with exit code 1.
2025-01-27T17:55:29.1370784Z Post job cleanup.
2025-01-27T17:55:29.1401982Z Post job cleanup.
2025-01-27T17:55:29.2712587Z Will use pre-installed micromamba at /home/runner/micromamba-bin/micromamba
2025-01-27T17:55:29.2719832Z Removing micromamba run shell ...
2025-01-27T17:55:29.2723729Z ##[group]Deinitialize micromamba for bash
2025-01-27T17:55:29.2742048Z [command]/home/runner/micromamba-bin/micromamba shell deinit -s bash -r /home/runner/micromamba --log-level warning --rc-file /home/runner/work/_temp/setup-micromamba/.condarc
2025-01-27T17:55:29.2839534Z Resetting RC file "/home/runner/.bashrc"
2025-01-27T17:55:29.2840099Z Deleting config for root prefix 
2025-01-27T17:55:29.2840623Z Clearing mamba executable environment variable
2025-01-27T17:55:29.2842538Z Removing the following in your "/home/runner/.bashrc" file
2025-01-27T17:55:29.2842897Z # >>> mamba initialize >>>
2025-01-27T17:55:29.2843113Z ...
2025-01-27T17:55:29.2843283Z # <<< mamba initialize <<<
2025-01-27T17:55:29.2871380Z Removing mamba initialize block from .bash_profile
2025-01-27T17:55:29.2886264Z ##[endgroup]
2025-01-27T17:55:29.2890919Z Removing environment tardis from auto-activate bash ...
2025-01-27T17:55:29.3010811Z Post job cleanup.
2025-01-27T17:55:29.3048938Z Post job cleanup.
2025-01-27T17:55:29.4177601Z [command]/usr/bin/git version
2025-01-27T17:55:29.4214352Z git version 2.48.1
2025-01-27T17:55:29.4259415Z Temporarily overriding HOME='/home/runner/work/_temp/f74f6efe-2c3a-4095-a3be-5a35b2fd625d' before making global git config changes
2025-01-27T17:55:29.4260735Z Adding repository directory to the temporary git global config as a safe directory
2025-01-27T17:55:29.4273408Z [command]/usr/bin/git config --global --add safe.directory /home/runner/work/tardis/tardis/tardis-regression-data
2025-01-27T17:55:29.4309394Z [command]/usr/bin/git config --local --name-only --get-regexp core\.sshCommand
2025-01-27T17:55:29.4342643Z [command]/usr/bin/git submodule foreach --recursive sh -c "git config --local --name-only --get-regexp 'core\.sshCommand' && git config --local --unset-all 'core.sshCommand' || :"
2025-01-27T17:55:29.4570796Z [command]/usr/bin/git config --local --name-only --get-regexp http\.https\:\/\/github\.com\/\.extraheader
2025-01-27T17:55:29.4591650Z http.https://github.com/.extraheader
2025-01-27T17:55:29.4604041Z [command]/usr/bin/git config --local --unset-all http.https://github.com/.extraheader
2025-01-27T17:55:29.4633721Z [command]/usr/bin/git submodule foreach --recursive sh -c "git config --local --name-only --get-regexp 'http\.https\:\/\/github\.com\/\.extraheader' && git config --local --unset-all 'http.https://github.com/.extraheader' || :"
2025-01-27T17:55:29.4968343Z Post job cleanup.
2025-01-27T17:55:29.5890455Z [command]/usr/bin/git version
2025-01-27T17:55:29.5925671Z git version 2.48.1
2025-01-27T17:55:29.5972012Z Temporarily overriding HOME='/home/runner/work/_temp/d08f3dbc-ed91-4923-a4c4-bbce35b20ff3' before making global git config changes
2025-01-27T17:55:29.5974069Z Adding repository directory to the temporary git global config as a safe directory
2025-01-27T17:55:29.5988495Z [command]/usr/bin/git config --global --add safe.directory /home/runner/work/tardis/tardis
2025-01-27T17:55:29.6031102Z [command]/usr/bin/git config --local --name-only --get-regexp core\.sshCommand
2025-01-27T17:55:29.6070053Z [command]/usr/bin/git submodule foreach --recursive sh -c "git config --local --name-only --get-regexp 'core\.sshCommand' && git config --local --unset-all 'core.sshCommand' || :"
2025-01-27T17:55:29.6321324Z [command]/usr/bin/git config --local --name-only --get-regexp http\.https\:\/\/github\.com\/\.extraheader
2025-01-27T17:55:29.6342716Z http.https://github.com/.extraheader
2025-01-27T17:55:29.6355194Z [command]/usr/bin/git config --local --unset-all http.https://github.com/.extraheader
2025-01-27T17:55:29.6385207Z [command]/usr/bin/git submodule foreach --recursive sh -c "git config --local --name-only --get-regexp 'http\.https\:\/\/github\.com\/\.extraheader' && git config --local --unset-all 'http.https://github.com/.extraheader' || :"
2025-01-27T17:55:29.6709686Z Cleaning up orphan processes
