2025-02-18T22:32:03.2918260Z Requested labels: macos-latest
2025-02-18T22:32:03.2918729Z Job defined at: tardis-sn/tardis/.github/workflows/tests.yml@refs/pull/2976/merge
2025-02-18T22:32:03.2918912Z Waiting for a runner to pick up this job...
2025-02-18T22:32:03.6127622Z Job is waiting for a hosted runner to come online.
2025-02-18T22:32:09.2116235Z Job is about to start running on the hosted runner: GitHub Actions 17 (hosted)
2025-02-18T22:32:10.5198180Z Current runner version: '2.322.0'
2025-02-18T22:32:10.5212940Z ##[group]Operating System
2025-02-18T22:32:10.5213500Z macOS
2025-02-18T22:32:10.5213820Z 14.7.2
2025-02-18T22:32:10.5214120Z 23H311
2025-02-18T22:32:10.5214450Z ##[endgroup]
2025-02-18T22:32:10.5214800Z ##[group]Runner Image
2025-02-18T22:32:10.5215150Z Image: macos-14-arm64
2025-02-18T22:32:10.5215480Z Version: 20250120.774
2025-02-18T22:32:10.5216180Z Included Software: https://github.com/actions/runner-images/blob/macos-14-arm64/20250120.774/images/macos/macos-14-arm64-Readme.md
2025-02-18T22:32:10.5217140Z Image Release: https://github.com/actions/runner-images/releases/tag/macos-14-arm64%2F20250120.774
2025-02-18T22:32:10.5217740Z ##[endgroup]
2025-02-18T22:32:10.5218070Z ##[group]Runner Image Provisioner
2025-02-18T22:32:10.5218480Z 2.0.417.1+9319b8b0d2fead581272b7201c667f076e8e53f6
2025-02-18T22:32:10.5218890Z ##[endgroup]
2025-02-18T22:32:10.5220290Z ##[group]GITHUB_TOKEN Permissions
2025-02-18T22:32:10.5221880Z Actions: read
2025-02-18T22:32:10.5222370Z Attestations: read
2025-02-18T22:32:10.5222980Z Checks: read
2025-02-18T22:32:10.5223340Z Contents: read
2025-02-18T22:32:10.5223660Z Deployments: read
2025-02-18T22:32:10.5223980Z Discussions: read
2025-02-18T22:32:10.5224290Z Issues: read
2025-02-18T22:32:10.5224600Z Metadata: read
2025-02-18T22:32:10.5225010Z Packages: read
2025-02-18T22:32:10.5225340Z Pages: read
2025-02-18T22:32:10.5225650Z PullRequests: read
2025-02-18T22:32:10.5225980Z RepositoryProjects: read
2025-02-18T22:32:10.5226330Z SecurityEvents: read
2025-02-18T22:32:10.5226670Z Statuses: read
2025-02-18T22:32:10.5226980Z ##[endgroup]
2025-02-18T22:32:10.5229100Z Secret source: None
2025-02-18T22:32:10.5229500Z Prepare workflow directory
2025-02-18T22:32:10.5590580Z Prepare all required actions
2025-02-18T22:32:10.5618650Z Getting action download info
2025-02-18T22:32:10.7651640Z ##[group]Download immutable action package 'actions/checkout@v4'
2025-02-18T22:32:10.7652300Z Version: 4.2.2
2025-02-18T22:32:10.7652910Z Digest: sha256:ccb2698953eaebd21c7bf6268a94f9c26518a7e38e27e0b83c1fe1ad049819b1
2025-02-18T22:32:10.7653670Z Source commit SHA: 11bd71901bbe5b1630ceea73d27597364c9af683
2025-02-18T22:32:10.7654130Z ##[endgroup]
2025-02-18T22:32:11.0301540Z ##[group]Download immutable action package 'actions/upload-artifact@v4'
2025-02-18T22:32:11.0302160Z Version: 4.6.0
2025-02-18T22:32:11.0302670Z Digest: sha256:bf85474c8423f9cd48bd2caf3ce5adb1711e2dfdb055b040bd36b044e4290329
2025-02-18T22:32:11.0303290Z Source commit SHA: 65c4c4a1ddee5b72f698fdd19549f0f0fb45cf08
2025-02-18T22:32:11.0303780Z ##[endgroup]
2025-02-18T22:32:11.2217240Z Complete job name: not continuum macos-latest 
2025-02-18T22:32:11.2643340Z ##[group]Run actions/checkout@v4
2025-02-18T22:32:11.2644410Z with:
2025-02-18T22:32:11.2644860Z   repository: tardis-sn/tardis
2025-02-18T22:32:11.2645480Z   token: ***
2025-02-18T22:32:11.2645770Z   ssh-strict: true
2025-02-18T22:32:11.2646070Z   ssh-user: git
2025-02-18T22:32:11.2646370Z   persist-credentials: true
2025-02-18T22:32:11.2646740Z   clean: true
2025-02-18T22:32:11.2647050Z   sparse-checkout-cone-mode: true
2025-02-18T22:32:11.2647410Z   fetch-depth: 1
2025-02-18T22:32:11.2647710Z   fetch-tags: false
2025-02-18T22:32:11.2648050Z   show-progress: true
2025-02-18T22:32:11.2648360Z   lfs: false
2025-02-18T22:32:11.2648650Z   submodules: false
2025-02-18T22:32:11.2648970Z   set-safe-directory: true
2025-02-18T22:32:11.2649600Z env:
2025-02-18T22:32:11.2649890Z   CACHE_NUMBER: 0
2025-02-18T22:32:11.2650710Z   PYTEST_FLAGS: --tardis-regression-data=/Users/runner/work/tardis/tardis/tardis-regression-data --cov=tardis --cov-report=xml --cov-report=html --cov-append
2025-02-18T22:32:11.2651590Z   CODECOV_TOKEN: 
2025-02-18T22:32:11.2651890Z ##[endgroup]
2025-02-18T22:32:11.3962750Z Syncing repository: tardis-sn/tardis
2025-02-18T22:32:11.3964160Z ##[group]Getting Git version info
2025-02-18T22:32:11.3964630Z Working directory is '/Users/runner/work/tardis/tardis'
2025-02-18T22:32:11.3965360Z [command]/opt/homebrew/bin/git version
2025-02-18T22:32:11.4615240Z git version 2.48.1
2025-02-18T22:32:11.4634330Z ##[endgroup]
2025-02-18T22:32:11.4641090Z Copying '/Users/runner/.gitconfig' to '/Users/runner/work/_temp/47ebe1ac-5471-420d-9940-04642a1e37c6/.gitconfig'
2025-02-18T22:32:11.4648180Z Temporarily overriding HOME='/Users/runner/work/_temp/47ebe1ac-5471-420d-9940-04642a1e37c6' before making global git config changes
2025-02-18T22:32:11.4649340Z Adding repository directory to the temporary git global config as a safe directory
2025-02-18T22:32:11.4652190Z [command]/opt/homebrew/bin/git config --global --add safe.directory /Users/runner/work/tardis/tardis
2025-02-18T22:32:11.4783790Z Deleting the contents of '/Users/runner/work/tardis/tardis'
2025-02-18T22:32:11.4786700Z ##[group]Initializing the repository
2025-02-18T22:32:11.4791500Z [command]/opt/homebrew/bin/git init /Users/runner/work/tardis/tardis
2025-02-18T22:32:11.5186630Z hint: Using 'master' as the name for the initial branch. This default branch name
2025-02-18T22:32:11.5190000Z hint: is subject to change. To configure the initial branch name to use in all
2025-02-18T22:32:11.5191020Z hint: of your new repositories, which will suppress this warning, call:
2025-02-18T22:32:11.5191680Z hint:
2025-02-18T22:32:11.5192200Z hint: 	git config --global init.defaultBranch <name>
2025-02-18T22:32:11.5193190Z hint:
2025-02-18T22:32:11.5194070Z hint: Names commonly chosen instead of 'master' are 'main', 'trunk' and
2025-02-18T22:32:11.5194820Z hint: 'development'. The just-created branch can be renamed via this command:
2025-02-18T22:32:11.5195570Z hint:
2025-02-18T22:32:11.5195890Z hint: 	git branch -m <name>
2025-02-18T22:32:11.5196630Z Initialized empty Git repository in /Users/runner/work/tardis/tardis/.git/
2025-02-18T22:32:11.5201580Z [command]/opt/homebrew/bin/git remote add origin https://github.com/tardis-sn/tardis
2025-02-18T22:32:11.5286450Z ##[endgroup]
2025-02-18T22:32:11.5289190Z ##[group]Disabling automatic garbage collection
2025-02-18T22:32:11.5298770Z [command]/opt/homebrew/bin/git config --local gc.auto 0
2025-02-18T22:32:11.5347210Z ##[endgroup]
2025-02-18T22:32:11.5347950Z ##[group]Setting up auth
2025-02-18T22:32:11.5348840Z [command]/opt/homebrew/bin/git config --local --name-only --get-regexp core\.sshCommand
2025-02-18T22:32:11.5441840Z [command]/opt/homebrew/bin/git submodule foreach --recursive sh -c "git config --local --name-only --get-regexp 'core\.sshCommand' && git config --local --unset-all 'core.sshCommand' || :"
2025-02-18T22:32:11.6367500Z [command]/opt/homebrew/bin/git config --local --name-only --get-regexp http\.https\:\/\/github\.com\/\.extraheader
2025-02-18T22:32:11.6390960Z [command]/opt/homebrew/bin/git submodule foreach --recursive sh -c "git config --local --name-only --get-regexp 'http\.https\:\/\/github\.com\/\.extraheader' && git config --local --unset-all 'http.https://github.com/.extraheader' || :"
2025-02-18T22:32:11.7292890Z [command]/opt/homebrew/bin/git config --local http.https://github.com/.extraheader AUTHORIZATION: basic ***
2025-02-18T22:32:11.7328350Z ##[endgroup]
2025-02-18T22:32:11.7371720Z ##[group]Fetching the repository
2025-02-18T22:32:11.7396450Z [command]/opt/homebrew/bin/git -c protocol.version=2 fetch --no-tags --prune --no-recurse-submodules --depth=1 origin +9222f83aa08737b1b6d0a8b1fe7caf420872813c:refs/remotes/pull/2976/merge
2025-02-18T22:32:13.6580390Z From https://github.com/tardis-sn/tardis
2025-02-18T22:32:13.6582230Z  * [new ref]         9222f83aa08737b1b6d0a8b1fe7caf420872813c -> pull/2976/merge
2025-02-18T22:32:13.6648470Z ##[endgroup]
2025-02-18T22:32:13.6649520Z ##[group]Determining the checkout info
2025-02-18T22:32:13.6650620Z ##[endgroup]
2025-02-18T22:32:13.6654910Z [command]/opt/homebrew/bin/git sparse-checkout disable
2025-02-18T22:32:13.6720400Z [command]/opt/homebrew/bin/git config --local --unset-all extensions.worktreeConfig
2025-02-18T22:32:13.6774040Z ##[group]Checking out the ref
2025-02-18T22:32:13.6775700Z [command]/opt/homebrew/bin/git checkout --progress --force refs/remotes/pull/2976/merge
2025-02-18T22:32:13.8673720Z HEAD is now at 9222f83 Merge b49b7b67c70c3894a0eb4843a51874685843d281 into cec8b531cc56e66219fe3ca2efdbf837c008b852
2025-02-18T22:32:13.8682060Z ##[endgroup]
2025-02-18T22:32:13.8750770Z [command]/opt/homebrew/bin/git log -1 --format=%H
2025-02-18T22:32:13.8804330Z 9222f83aa08737b1b6d0a8b1fe7caf420872813c
2025-02-18T22:32:13.9103580Z Prepare all required actions
2025-02-18T22:32:13.9104510Z Getting action download info
2025-02-18T22:32:14.0705170Z ##[group]Download immutable action package 'actions/cache@v4'
2025-02-18T22:32:14.0706150Z Version: 4.2.1
2025-02-18T22:32:14.0707120Z Digest: sha256:b0404c9628d43aa6855629075b28f32cadf8efc5c26198438149f78500112940
2025-02-18T22:32:14.0708440Z Source commit SHA: 0c907a75c2c80ebcb7f088228285e798b750cf8f
2025-02-18T22:32:14.0709430Z ##[endgroup]
2025-02-18T22:32:14.6787070Z ##[group]Run ./.github/actions/setup_lfs
2025-02-18T22:32:14.6787820Z with:
2025-02-18T22:32:14.6788460Z   regression-data-repo: tardis-sn/tardis-regression-data
2025-02-18T22:32:14.6789270Z   atom-data-sparse: false
2025-02-18T22:32:14.6789870Z env:
2025-02-18T22:32:14.6790370Z   CACHE_NUMBER: 0
2025-02-18T22:32:14.6791730Z   PYTEST_FLAGS: --tardis-regression-data=/Users/runner/work/tardis/tardis/tardis-regression-data --cov=tardis --cov-report=xml --cov-report=html --cov-append
2025-02-18T22:32:14.6793200Z   CODECOV_TOKEN: 
2025-02-18T22:32:14.6793750Z ##[endgroup]
2025-02-18T22:32:14.6933030Z ##[group]Run actions/checkout@v4
2025-02-18T22:32:14.6933670Z with:
2025-02-18T22:32:14.6934240Z   repository: tardis-sn/tardis-regression-data
2025-02-18T22:32:14.6934920Z   path: tardis-regression-data
2025-02-18T22:32:14.6935510Z   lfs: false
2025-02-18T22:32:14.6936160Z   token: ***
2025-02-18T22:32:14.6936650Z   ssh-strict: true
2025-02-18T22:32:14.6937180Z   ssh-user: git
2025-02-18T22:32:14.6937740Z   persist-credentials: true
2025-02-18T22:32:14.6938340Z   clean: true
2025-02-18T22:32:14.6938920Z   sparse-checkout-cone-mode: true
2025-02-18T22:32:14.6939550Z   fetch-depth: 1
2025-02-18T22:32:14.6940090Z   fetch-tags: false
2025-02-18T22:32:14.6940610Z   show-progress: true
2025-02-18T22:32:14.6941150Z   submodules: false
2025-02-18T22:32:14.6941690Z   set-safe-directory: true
2025-02-18T22:32:14.6942240Z env:
2025-02-18T22:32:14.6942700Z   CACHE_NUMBER: 0
2025-02-18T22:32:14.6943980Z   PYTEST_FLAGS: --tardis-regression-data=/Users/runner/work/tardis/tardis/tardis-regression-data --cov=tardis --cov-report=xml --cov-report=html --cov-append
2025-02-18T22:32:14.6945320Z   CODECOV_TOKEN: 
2025-02-18T22:32:14.6945830Z ##[endgroup]
2025-02-18T22:32:14.7787640Z Syncing repository: tardis-sn/tardis-regression-data
2025-02-18T22:32:14.7790350Z ##[group]Getting Git version info
2025-02-18T22:32:14.7791260Z Working directory is '/Users/runner/work/tardis/tardis/tardis-regression-data'
2025-02-18T22:32:14.7821820Z [command]/opt/homebrew/bin/git version
2025-02-18T22:32:14.7866030Z git version 2.48.1
2025-02-18T22:32:14.7880990Z ##[endgroup]
2025-02-18T22:32:14.7886160Z Copying '/Users/runner/.gitconfig' to '/Users/runner/work/_temp/36616d21-1458-42b2-8fb1-d234aa0787b9/.gitconfig'
2025-02-18T22:32:14.7893750Z Temporarily overriding HOME='/Users/runner/work/_temp/36616d21-1458-42b2-8fb1-d234aa0787b9' before making global git config changes
2025-02-18T22:32:14.7895390Z Adding repository directory to the temporary git global config as a safe directory
2025-02-18T22:32:14.7896890Z [command]/opt/homebrew/bin/git config --global --add safe.directory /Users/runner/work/tardis/tardis/tardis-regression-data
2025-02-18T22:32:14.7948350Z ##[group]Initializing the repository
2025-02-18T22:32:14.7951470Z [command]/opt/homebrew/bin/git init /Users/runner/work/tardis/tardis/tardis-regression-data
2025-02-18T22:32:14.8031450Z hint: Using 'master' as the name for the initial branch. This default branch name
2025-02-18T22:32:14.8032670Z hint: is subject to change. To configure the initial branch name to use in all
2025-02-18T22:32:14.8033720Z hint: of your new repositories, which will suppress this warning, call:
2025-02-18T22:32:14.8034890Z hint:
2025-02-18T22:32:14.8035530Z hint: 	git config --global init.defaultBranch <name>
2025-02-18T22:32:14.8036290Z hint:
2025-02-18T22:32:14.8037020Z hint: Names commonly chosen instead of 'master' are 'main', 'trunk' and
2025-02-18T22:32:14.8038600Z hint: 'development'. The just-created branch can be renamed via this command:
2025-02-18T22:32:14.8039550Z hint:
2025-02-18T22:32:14.8040060Z hint: 	git branch -m <name>
2025-02-18T22:32:14.8041050Z Initialized empty Git repository in /Users/runner/work/tardis/tardis/tardis-regression-data/.git/
2025-02-18T22:32:14.8043410Z [command]/opt/homebrew/bin/git remote add origin https://github.com/tardis-sn/tardis-regression-data
2025-02-18T22:32:14.8087930Z ##[endgroup]
2025-02-18T22:32:14.8088950Z ##[group]Disabling automatic garbage collection
2025-02-18T22:32:14.8090120Z [command]/opt/homebrew/bin/git config --local gc.auto 0
2025-02-18T22:32:14.8140050Z ##[endgroup]
2025-02-18T22:32:14.8141010Z ##[group]Setting up auth
2025-02-18T22:32:14.8144480Z [command]/opt/homebrew/bin/git config --local --name-only --get-regexp core\.sshCommand
2025-02-18T22:32:14.8190980Z [command]/opt/homebrew/bin/git submodule foreach --recursive sh -c "git config --local --name-only --get-regexp 'core\.sshCommand' && git config --local --unset-all 'core.sshCommand' || :"
2025-02-18T22:32:14.8766710Z [command]/opt/homebrew/bin/git config --local --name-only --get-regexp http\.https\:\/\/github\.com\/\.extraheader
2025-02-18T22:32:14.8809530Z [command]/opt/homebrew/bin/git submodule foreach --recursive sh -c "git config --local --name-only --get-regexp 'http\.https\:\/\/github\.com\/\.extraheader' && git config --local --unset-all 'http.https://github.com/.extraheader' || :"
2025-02-18T22:32:14.9885840Z [command]/opt/homebrew/bin/git config --local http.https://github.com/.extraheader AUTHORIZATION: basic ***
2025-02-18T22:32:14.9937120Z ##[endgroup]
2025-02-18T22:32:14.9938070Z ##[group]Determining the default branch
2025-02-18T22:32:14.9938800Z Retrieving the default branch name
2025-02-18T22:32:15.3641860Z Default branch 'main'
2025-02-18T22:32:15.3744340Z ##[endgroup]
2025-02-18T22:32:15.3844340Z ##[group]Fetching the repository
2025-02-18T22:32:15.3946350Z [command]/opt/homebrew/bin/git -c protocol.version=2 fetch --no-tags --prune --no-recurse-submodules --depth=1 origin +refs/heads/main:refs/remotes/origin/main
2025-02-18T22:32:16.2752740Z From https://github.com/tardis-sn/tardis-regression-data
2025-02-18T22:32:16.2754960Z  * [new branch]      main       -> origin/main
2025-02-18T22:32:16.2810820Z ##[endgroup]
2025-02-18T22:32:16.2811210Z ##[group]Determining the checkout info
2025-02-18T22:32:16.2811690Z ##[endgroup]
2025-02-18T22:32:16.2814130Z [command]/opt/homebrew/bin/git sparse-checkout disable
2025-02-18T22:32:16.2872560Z [command]/opt/homebrew/bin/git config --local --unset-all extensions.worktreeConfig
2025-02-18T22:32:16.2917850Z ##[group]Checking out the ref
2025-02-18T22:32:16.2921020Z [command]/opt/homebrew/bin/git checkout --progress --force -B main refs/remotes/origin/main
2025-02-18T22:32:16.4972700Z Switched to a new branch 'main'
2025-02-18T22:32:16.4974110Z branch 'main' set up to track 'origin/main'.
2025-02-18T22:32:16.5742260Z ##[endgroup]
2025-02-18T22:32:16.5803240Z [command]/opt/homebrew/bin/git log -1 --format=%H
2025-02-18T22:32:16.5848610Z 84e768462f20f09fbccc05625cdcc1d8ffbe404c
2025-02-18T22:32:21.7148240Z ##[group]Run if [ "false" == "true" ]; then
2025-02-18T22:32:21.7149180Z [36;1mif [ "false" == "true" ]; then[0m
2025-02-18T22:32:21.7149910Z [36;1m  echo "Using atom data sparse checkout"[0m
2025-02-18T22:32:21.7150890Z [36;1m  echo "atom_data/kurucz_cd23_chianti_H_He.h5" > .lfs-files-list[0m
2025-02-18T22:32:21.7151750Z [36;1melse[0m
2025-02-18T22:32:21.7152420Z [36;1m  echo "Using full repository checkout"[0m
2025-02-18T22:32:21.7153380Z [36;1m  git lfs ls-files -l | cut -d' ' -f1 | sort > .lfs-files-list[0m
2025-02-18T22:32:21.7154290Z [36;1mfi[0m
2025-02-18T22:32:21.7259200Z shell: /bin/bash --noprofile --norc -e -o pipefail {0}
2025-02-18T22:32:21.7259880Z env:
2025-02-18T22:32:21.7260090Z   CACHE_NUMBER: 0
2025-02-18T22:32:21.7260630Z   PYTEST_FLAGS: --tardis-regression-data=/Users/runner/work/tardis/tardis/tardis-regression-data --cov=tardis --cov-report=xml --cov-report=html --cov-append
2025-02-18T22:32:21.7261160Z   CODECOV_TOKEN: 
2025-02-18T22:32:21.7261550Z ##[endgroup]
2025-02-18T22:32:21.7960340Z Using full repository checkout
2025-02-18T22:32:22.0077350Z ##[group]Run actions/cache/restore@v4
2025-02-18T22:32:22.0077660Z with:
2025-02-18T22:32:22.0077830Z   path: tardis-regression-data/.git/lfs
2025-02-18T22:32:22.0078400Z   key: tardis-regression-full-data-c8ff2bbb6048b3f24d3f52a1e85b013ad47e52c369a6ce4cfdeff528b659b86f-tardis-sn/tardis-regression-data-v1
2025-02-18T22:32:22.0078910Z   fail-on-cache-miss: true
2025-02-18T22:32:22.0079080Z   enableCrossOsArchive: false
2025-02-18T22:32:22.0079270Z   lookup-only: false
2025-02-18T22:32:22.0079420Z env:
2025-02-18T22:32:22.0079560Z   CACHE_NUMBER: 0
2025-02-18T22:32:22.0080060Z   PYTEST_FLAGS: --tardis-regression-data=/Users/runner/work/tardis/tardis/tardis-regression-data --cov=tardis --cov-report=xml --cov-report=html --cov-append
2025-02-18T22:32:22.0080560Z   CODECOV_TOKEN: 
2025-02-18T22:32:22.0080700Z ##[endgroup]
2025-02-18T22:32:22.2761370Z Cache hit for: tardis-regression-full-data-c8ff2bbb6048b3f24d3f52a1e85b013ad47e52c369a6ce4cfdeff528b659b86f-tardis-sn/tardis-regression-data-v1
2025-02-18T22:32:23.4598740Z Received 20971520 of 2161656325 (1.0%), 19.9 MBs/sec
2025-02-18T22:32:24.4750870Z Received 83886080 of 2161656325 (3.9%), 39.7 MBs/sec
2025-02-18T22:32:25.4647140Z Received 134217728 of 2161656325 (6.2%), 42.5 MBs/sec
2025-02-18T22:32:26.4643670Z Received 192937984 of 2161656325 (8.9%), 45.8 MBs/sec
2025-02-18T22:32:27.5324820Z Received 268435456 of 2161656325 (12.4%), 50.4 MBs/sec
2025-02-18T22:32:28.5325350Z Received 322961408 of 2161656325 (14.9%), 50.6 MBs/sec
2025-02-18T22:32:29.5336000Z Received 398458880 of 2161656325 (18.4%), 53.6 MBs/sec
2025-02-18T22:32:30.5329110Z Received 444596224 of 2161656325 (20.6%), 52.5 MBs/sec
2025-02-18T22:32:31.5330520Z Received 524288000 of 2161656325 (24.3%), 55.0 MBs/sec
2025-02-18T22:32:32.5348420Z Received 578813952 of 2161656325 (26.8%), 54.7 MBs/sec
2025-02-18T22:32:33.5907600Z Received 671088640 of 2161656325 (31.0%), 57.4 MBs/sec
2025-02-18T22:32:34.5913240Z Received 746586112 of 2161656325 (34.5%), 58.6 MBs/sec
2025-02-18T22:32:35.5913070Z Received 805306368 of 2161656325 (37.3%), 58.4 MBs/sec
2025-02-18T22:32:36.5909140Z Received 889192448 of 2161656325 (41.1%), 60.0 MBs/sec
2025-02-18T22:32:37.5943430Z Received 960495616 of 2161656325 (44.4%), 60.5 MBs/sec
2025-02-18T22:32:38.5942990Z Received 1031798784 of 2161656325 (47.7%), 61.0 MBs/sec
2025-02-18T22:32:39.5940030Z Received 1082130432 of 2161656325 (50.1%), 60.2 MBs/sec
2025-02-18T22:32:40.5940320Z Received 1153433600 of 2161656325 (53.4%), 60.6 MBs/sec
2025-02-18T22:32:41.5945810Z Received 1207959552 of 2161656325 (55.9%), 60.2 MBs/sec
2025-02-18T22:32:42.5945910Z Received 1283457024 of 2161656325 (59.4%), 60.8 MBs/sec
2025-02-18T22:32:43.5946460Z Received 1346371584 of 2161656325 (62.3%), 60.7 MBs/sec
2025-02-18T22:32:44.5966010Z Received 1417674752 of 2161656325 (65.6%), 61.0 MBs/sec
2025-02-18T22:32:45.6098030Z Received 1476395008 of 2161656325 (68.3%), 60.8 MBs/sec
2025-02-18T22:32:46.6061770Z Received 1556086784 of 2161656325 (72.0%), 61.4 MBs/sec
2025-02-18T22:32:47.6062310Z Received 1610612736 of 2161656325 (74.5%), 61.1 MBs/sec
2025-02-18T22:32:48.6108290Z Received 1690304512 of 2161656325 (78.2%), 61.6 MBs/sec
2025-02-18T22:32:49.6076250Z Received 1744830464 of 2161656325 (80.7%), 61.3 MBs/sec
2025-02-18T22:32:50.6069930Z Received 1816133632 of 2161656325 (84.0%), 61.5 MBs/sec
2025-02-18T22:32:51.6070260Z Received 1879048192 of 2161656325 (86.9%), 61.5 MBs/sec
2025-02-18T22:32:52.6087010Z Received 1946157056 of 2161656325 (90.0%), 61.5 MBs/sec
2025-02-18T22:32:53.6271500Z Received 2013265920 of 2161656325 (93.1%), 61.6 MBs/sec
2025-02-18T22:32:54.6279710Z Received 2063597568 of 2161656325 (95.5%), 61.2 MBs/sec
2025-02-18T22:32:55.6291150Z Received 2147483648 of 2161656325 (99.3%), 61.7 MBs/sec
2025-02-18T22:32:55.8788290Z Received 2161656325 of 2161656325 (100.0%), 61.7 MBs/sec
2025-02-18T22:32:55.8797780Z Cache Size: ~2062 MB (2161656325 B)
2025-02-18T22:32:55.8855060Z [command]/opt/homebrew/bin/gtar -xf /Users/runner/work/_temp/36c6cbc7-6d86-4554-bf67-9a4afc007f8c/cache.tzst -P -C /Users/runner/work/tardis/tardis --delay-directory-restore --use-compress-program unzstd
2025-02-18T22:33:04.1605610Z Cache restored successfully
2025-02-18T22:33:04.3018330Z Cache restored from key: tardis-regression-full-data-c8ff2bbb6048b3f24d3f52a1e85b013ad47e52c369a6ce4cfdeff528b659b86f-tardis-sn/tardis-regression-data-v1
2025-02-18T22:33:04.3209580Z ##[group]Run git lfs checkout
2025-02-18T22:33:04.3209840Z [36;1mgit lfs checkout[0m
2025-02-18T22:33:04.3327780Z shell: /bin/bash --noprofile --norc -e -o pipefail {0}
2025-02-18T22:33:04.3328080Z env:
2025-02-18T22:33:04.3328340Z   CACHE_NUMBER: 0
2025-02-18T22:33:04.3328870Z   PYTEST_FLAGS: --tardis-regression-data=/Users/runner/work/tardis/tardis/tardis-regression-data --cov=tardis --cov-report=xml --cov-report=html --cov-append
2025-02-18T22:33:04.3329440Z   CODECOV_TOKEN: 
2025-02-18T22:33:04.3329620Z ##[endgroup]
2025-02-18T22:33:16.5712090Z Checking out LFS objects: 100% (204/204), 5.7 GB | 366 MB/s, done.
2025-02-18T22:33:25.4775990Z Prepare all required actions
2025-02-18T22:33:25.4776460Z Getting action download info
2025-02-18T22:33:25.7303900Z Download action repository 'mamba-org/setup-micromamba@v1' (SHA:4b9113af4fba0e9e1124b252dd6497a419e7396d)
2025-02-18T22:33:26.8663140Z ##[group]Run ./.github/actions/setup_env
2025-02-18T22:33:26.8663360Z with:
2025-02-18T22:33:26.8663500Z   os-label: osx-arm64
2025-02-18T22:33:26.8663650Z env:
2025-02-18T22:33:26.8663930Z   CACHE_NUMBER: 0
2025-02-18T22:33:26.8664420Z   PYTEST_FLAGS: --tardis-regression-data=/Users/runner/work/tardis/tardis/tardis-regression-data --cov=tardis --cov-report=xml --cov-report=html --cov-append
2025-02-18T22:33:26.8664950Z   CODECOV_TOKEN: 
2025-02-18T22:33:26.8665090Z ##[endgroup]
2025-02-18T22:33:26.8683900Z ##[group]Run file_hash=$(cat conda-osx-arm64.lock | shasum -a 256 | cut -d' ' -f1)
2025-02-18T22:33:26.8684390Z [36;1mfile_hash=$(cat conda-osx-arm64.lock | shasum -a 256 | cut -d' ' -f1)[0m
2025-02-18T22:33:26.8685020Z [36;1mecho "file_hash=tardis-conda-env-osx-arm64-${file_hash}-v1" >> "${GITHUB_OUTPUT}"[0m
2025-02-18T22:33:26.8732490Z shell: /bin/bash --noprofile --norc -e -o pipefail {0}
2025-02-18T22:33:26.8732730Z env:
2025-02-18T22:33:26.8732860Z   CACHE_NUMBER: 0
2025-02-18T22:33:26.8733340Z   PYTEST_FLAGS: --tardis-regression-data=/Users/runner/work/tardis/tardis/tardis-regression-data --cov=tardis --cov-report=xml --cov-report=html --cov-append
2025-02-18T22:33:26.8733830Z   CODECOV_TOKEN: 
2025-02-18T22:33:26.8733970Z ##[endgroup]
2025-02-18T22:33:26.9983240Z ##[group]Run mamba-org/setup-micromamba@v1
2025-02-18T22:33:26.9983460Z with:
2025-02-18T22:33:26.9983610Z   environment-file: conda-osx-arm64.lock
2025-02-18T22:33:26.9984250Z   cache-environment-key: tardis-conda-env-osx-arm64-bf0d0a4d4c847cca72476c6c68c493d56c484aada7e80de0e42c7607fcef5824-v1
2025-02-18T22:33:26.9984930Z   cache-downloads-key: tardis-conda-env-osx-arm64-bf0d0a4d4c847cca72476c6c68c493d56c484aada7e80de0e42c7607fcef5824-v1
2025-02-18T22:33:26.9985360Z   environment-name: tardis
2025-02-18T22:33:26.9985810Z   cache-environment: true
2025-02-18T22:33:26.9985980Z   cache-downloads: true
2025-02-18T22:33:26.9986130Z env:
2025-02-18T22:33:26.9986260Z   CACHE_NUMBER: 0
2025-02-18T22:33:26.9986720Z   PYTEST_FLAGS: --tardis-regression-data=/Users/runner/work/tardis/tardis/tardis-regression-data --cov=tardis --cov-report=xml --cov-report=html --cov-append
2025-02-18T22:33:26.9987400Z   CODECOV_TOKEN: 
2025-02-18T22:33:26.9987540Z ##[endgroup]
2025-02-18T22:33:27.3278250Z Will download micromamba to /Users/runner/micromamba-bin/micromamba
2025-02-18T22:33:27.3284330Z ##[group]Install micromamba
2025-02-18T22:33:28.1139690Z micromamba installed to /Users/runner/micromamba-bin/micromamba
2025-02-18T22:33:28.1140130Z ##[endgroup]
2025-02-18T22:33:28.1140460Z Adding conda-forge to condarc channels ...
2025-02-18T22:33:28.1149960Z ##[group]Initialize micromamba for bash.
2025-02-18T22:33:28.1158820Z [command]/Users/runner/micromamba-bin/micromamba shell init -s bash -r /Users/runner/micromamba --log-level warning --rc-file /Users/runner/work/_temp/setup-micromamba/.condarc
2025-02-18T22:33:28.1416500Z Modifying RC file "/Users/runner/.bash_profile"
2025-02-18T22:33:28.1418100Z Generating config for root prefix [1m"/Users/runner/micromamba"[0m
2025-02-18T22:33:28.1419500Z Setting mamba executable to: [1m"/Users/runner/micromamba-bin/micromamba"[0m
2025-02-18T22:33:28.1419910Z Adding (or replacing) the following in your "/Users/runner/.bash_profile" file
2025-02-18T22:33:28.1420150Z 
2025-02-18T22:33:28.1420230Z # >>> mamba initialize >>>
2025-02-18T22:33:28.1420460Z # !! Contents within this block are managed by 'mamba init' !!
2025-02-18T22:33:28.1420850Z export MAMBA_EXE='/Users/runner/micromamba-bin/micromamba';
2025-02-18T22:33:28.1421280Z export MAMBA_ROOT_PREFIX='/Users/runner/micromamba';
2025-02-18T22:33:28.1421710Z __mamba_setup="$("$MAMBA_EXE" shell hook --shell bash --root-prefix "$MAMBA_ROOT_PREFIX" 2> /dev/null)"
2025-02-18T22:33:28.1422660Z if [ $? -eq 0 ]; then
2025-02-18T22:33:28.1422840Z     eval "$__mamba_setup"
2025-02-18T22:33:28.1423010Z else
2025-02-18T22:33:28.1423220Z     alias micromamba="$MAMBA_EXE"  # Fallback on help from mamba activate
2025-02-18T22:33:28.1423490Z fi
2025-02-18T22:33:28.1423620Z unset __mamba_setup
2025-02-18T22:33:28.1423780Z # <<< mamba initialize <<<
2025-02-18T22:33:28.1423910Z 
2025-02-18T22:33:28.1427000Z ##[endgroup]
2025-02-18T22:33:28.1427790Z ##[group]Restoring downloads from `/Users/runner/micromamba/pkgs` ...
2025-02-18T22:33:29.5551540Z Received 50331648 of 310594474 (16.2%), 48.0 MBs/sec
2025-02-18T22:33:30.5556590Z Received 121634816 of 310594474 (39.2%), 57.9 MBs/sec
2025-02-18T22:33:31.5563550Z Received 180355072 of 310594474 (58.1%), 57.3 MBs/sec
2025-02-18T22:33:32.5559200Z Received 268435456 of 310594474 (86.4%), 64.0 MBs/sec
2025-02-18T22:33:32.9948440Z Cache Size: ~296 MB (310594474 B)
2025-02-18T22:33:32.9992970Z [command]/opt/homebrew/bin/gtar -xf /Users/runner/work/_temp/a0a3b70c-5004-4c9b-b0ef-ccb8de0836e4/cache.tzst -P -C /Users/runner/work/tardis/tardis --delay-directory-restore --use-compress-program unzstd
2025-02-18T22:33:33.4321110Z Cache restored successfully
2025-02-18T22:33:33.4344000Z Restored cache with key `tardis-conda-env-osx-arm64-bf0d0a4d4c847cca72476c6c68c493d56c484aada7e80de0e42c7607fcef5824-v1-osx-arm64`
2025-02-18T22:33:33.4344790Z ##[endgroup]
2025-02-18T22:33:33.4365360Z ##[group]Restoring environment `tardis` from `/Users/runner/micromamba/envs/tardis` ...
2025-02-18T22:33:33.5558790Z Received 310594474 of 310594474 (100.0%), 59.2 MBs/sec
2025-02-18T22:33:34.7543620Z Received 46137344 of 385513979 (12.0%), 44.0 MBs/sec
2025-02-18T22:33:35.7543160Z Received 117440512 of 385513979 (30.5%), 56.0 MBs/sec
2025-02-18T22:33:36.7548880Z Received 201326592 of 385513979 (52.2%), 64.0 MBs/sec
2025-02-18T22:33:37.7542150Z Received 268435456 of 385513979 (69.6%), 64.0 MBs/sec
2025-02-18T22:33:38.7559180Z Received 360710144 of 385513979 (93.6%), 68.8 MBs/sec
2025-02-18T22:33:39.0246860Z Cache Size: ~368 MB (385513979 B)
2025-02-18T22:33:39.0273990Z [command]/opt/homebrew/bin/gtar -xf /Users/runner/work/_temp/73bcef4d-fb1b-44ae-b6c9-bff69dfa4b8b/cache.tzst -P -C /Users/runner/work/tardis/tardis --delay-directory-restore --use-compress-program unzstd
2025-02-18T22:33:39.7597660Z Received 385513979 of 385513979 (100.0%), 61.2 MBs/sec
2025-02-18T22:33:50.3271000Z Cache restored successfully
2025-02-18T22:33:50.3346330Z Restored cache with key `tardis-conda-env-osx-arm64-bf0d0a4d4c847cca72476c6c68c493d56c484aada7e80de0e42c7607fcef5824-v1-osx-arm64-tardis-args-4f53cda-root-873f6fe-bin-[object Promise]-file-bf0d0a4d4c847cca72476c6c68c493d56c484aada7e80de0e42c7607fcef5824`
2025-02-18T22:33:50.3361330Z ##[endgroup]
2025-02-18T22:33:50.3361660Z Adding environment tardis to auto-activate bash ...
2025-02-18T22:33:50.3385560Z Generating micromamba run shell.
2025-02-18T22:33:50.3403240Z ##[endgroup]
2025-02-18T22:33:50.3407440Z Set environment variables.
2025-02-18T22:33:50.3468600Z ##[group]micromamba info
2025-02-18T22:33:50.3474110Z [command]/Users/runner/micromamba-bin/micromamba info -r /Users/runner/micromamba -n tardis
2025-02-18T22:33:50.9203490Z 
2025-02-18T22:33:50.9220610Z        libmamba version : 1.5.10
2025-02-18T22:33:50.9223530Z      micromamba version : 1.5.10
2025-02-18T22:33:50.9224010Z            curl version : libcurl/8.10.1 (OpenSSL/3.3.2) SecureTransport zlib/1.3.1 zstd/1.5.6 libssh2/1.11.0 nghttp2/1.58.0
2025-02-18T22:33:50.9224730Z      libarchive version : libarchive 3.7.4 zlib/1.2.13 bz2lib/1.0.8 libzstd/1.5.6
2025-02-18T22:33:50.9225150Z        envs directories : /Users/runner/micromamba/envs
2025-02-18T22:33:50.9225580Z           package cache : /Users/runner/micromamba/pkgs
2025-02-18T22:33:50.9225890Z                           /Users/runner/.mamba/pkgs
2025-02-18T22:33:50.9226230Z             environment : tardis
2025-02-18T22:33:50.9226540Z            env location : /Users/runner/micromamba/envs/tardis
2025-02-18T22:33:50.9226910Z       user config files : /Users/runner/.mambarc
2025-02-18T22:33:50.9232560Z  populated config files : /Users/runner/work/_temp/setup-micromamba/.condarc
2025-02-18T22:33:50.9233010Z        virtual packages : __unix=0=0
2025-02-18T22:33:50.9233280Z                           __osx=14.7.2=0
2025-02-18T22:33:50.9233610Z                           __archspec=1=arm64
2025-02-18T22:33:50.9234120Z                channels : https://conda.anaconda.org/conda-forge/osx-arm64
2025-02-18T22:33:50.9234570Z                           https://conda.anaconda.org/conda-forge/noarch
2025-02-18T22:33:50.9234930Z        base environment : /Users/runner/micromamba
2025-02-18T22:33:50.9235270Z                platform : osx-arm64
2025-02-18T22:33:50.9235830Z ##[endgroup]
2025-02-18T22:33:50.9236240Z ##[group]micromamba list
2025-02-18T22:33:50.9236810Z [command]/Users/runner/micromamba-bin/micromamba list -r /Users/runner/micromamba -n tardis
2025-02-18T22:33:51.3231020Z List of packages in environment: "/Users/runner/micromamba/envs/tardis"
2025-02-18T22:33:51.3233400Z 
2025-02-18T22:33:51.3234100Z   Name                           Version              Build                    Channel    
2025-02-18T22:33:51.3235660Z â”€â”€â”€â”€â”€â”€â”€â”€â”€â”€â”€â”€â”€â”€â”€â”€â”€â”€â”€â”€â”€â”€â”€â”€â”€â”€â”€â”€â”€â”€â”€â”€â”€â”€â”€â”€â”€â”€â”€â”€â”€â”€â”€â”€â”€â”€â”€â”€â”€â”€â”€â”€â”€â”€â”€â”€â”€â”€â”€â”€â”€â”€â”€â”€â”€â”€â”€â”€â”€â”€â”€â”€â”€â”€â”€â”€â”€â”€â”€â”€â”€â”€â”€â”€â”€â”€â”€â”€â”€â”€â”€â”€
2025-02-18T22:33:51.3236240Z   alabaster                      0.7.16               pyhd8ed1ab_0             conda-forge
2025-02-18T22:33:51.3236620Z   anyio                          4.4.0                pyhd8ed1ab_0             conda-forge
2025-02-18T22:33:51.3237070Z   appnope                        0.1.4                pyhd8ed1ab_0             conda-forge
2025-02-18T22:33:51.3237450Z   argon2-cffi                    23.1.0               pyhd8ed1ab_0             conda-forge
2025-02-18T22:33:51.3238030Z   argon2-cffi-bindings           21.2.0               py312h02f2b3b_4          conda-forge
2025-02-18T22:33:51.3238440Z   arrow                          1.3.0                pyhd8ed1ab_0             conda-forge
2025-02-18T22:33:51.3238880Z   astropy                        6.1.1                py312hbebd99a_0          conda-forge
2025-02-18T22:33:51.3239280Z   astropy-iers-data              0.2024.6.17.0.31.35  pyhd8ed1ab_0             conda-forge
2025-02-18T22:33:51.3239780Z   astropy-sphinx-theme           1.1                  pyhd8ed1ab_0             conda-forge
2025-02-18T22:33:51.3240290Z   asttokens                      2.4.1                pyhd8ed1ab_0             conda-forge
2025-02-18T22:33:51.3240670Z   async-lru                      2.0.4                pyhd8ed1ab_0             conda-forge
2025-02-18T22:33:51.3241080Z   atk-1.0                        2.38.0               hd03087b_2               conda-forge
2025-02-18T22:33:51.3241940Z   attrs                          23.2.0               pyh71513ae_0             conda-forge
2025-02-18T22:33:51.3242340Z   babel                          2.14.0               pyhd8ed1ab_0             conda-forge
2025-02-18T22:33:51.3242750Z   beautifulsoup4                 4.12.3               pyha770c72_0             conda-forge
2025-02-18T22:33:51.3243260Z   bleach                         6.1.0                pyhd8ed1ab_0             conda-forge
2025-02-18T22:33:51.3243630Z   blosc                          1.21.5               h9c252e8_1               conda-forge
2025-02-18T22:33:51.3244030Z   brotli                         1.1.0                hb547adb_1               conda-forge
2025-02-18T22:33:51.3244410Z   brotli-bin                     1.1.0                hb547adb_1               conda-forge
2025-02-18T22:33:51.3244930Z   brotli-python                  1.1.0                py312h9f69965_1          conda-forge
2025-02-18T22:33:51.3245310Z   bzip2                          1.0.8                h93a5062_5               conda-forge
2025-02-18T22:33:51.3245690Z   c-ares                         1.28.1               h93a5062_0               conda-forge
2025-02-18T22:33:51.3246260Z   c-blosc2                       2.14.4               ha57e6be_1               conda-forge
2025-02-18T22:33:51.3246940Z   ca-certificates                2024.6.2             hf0a4a13_0               conda-forge
2025-02-18T22:33:51.3247390Z   cached-property                1.5.2                hd8ed1ab_1               conda-forge
2025-02-18T22:33:51.3247920Z   cached_property                1.5.2                pyha770c72_1             conda-forge
2025-02-18T22:33:51.3248360Z   cairo                          1.18.0               hd1e100b_0               conda-forge
2025-02-18T22:33:51.3248840Z   certifi                        2024.6.2             pyhd8ed1ab_0             conda-forge
2025-02-18T22:33:51.3249210Z   cffi                           1.16.0               py312h8e38eb3_0          conda-forge
2025-02-18T22:33:51.3249740Z   charset-normalizer             3.3.2                pyhd8ed1ab_0             conda-forge
2025-02-18T22:33:51.3250140Z   click                          8.1.7                unix_pyh707e725_0        conda-forge
2025-02-18T22:33:51.3250600Z   codespell                      2.3.0                pyhd8ed1ab_0             conda-forge
2025-02-18T22:33:51.3313880Z   colorama                       0.4.6                pyhd8ed1ab_0             conda-forge
2025-02-18T22:33:51.3314970Z   comm                           0.2.2                pyhd8ed1ab_0             conda-forge
2025-02-18T22:33:51.3315310Z   commonmark                     0.9.1                py_0                     conda-forge
2025-02-18T22:33:51.3315800Z   contourpy                      1.2.1                py312h0fef576_0          conda-forge
2025-02-18T22:33:51.3316190Z   coverage                       7.5.3                py312h7e5086c_0          conda-forge
2025-02-18T22:33:51.3316630Z   cycler                         0.12.1               pyhd8ed1ab_0             conda-forge
2025-02-18T22:33:51.3317040Z   dataclasses                    0.8                  pyhc8e2a94_3             conda-forge
2025-02-18T22:33:51.3317410Z   debugpy                        1.8.1                py312h20a0b95_0          conda-forge
2025-02-18T22:33:51.3317850Z   decorator                      5.1.1                pyhd8ed1ab_0             conda-forge
2025-02-18T22:33:51.3318260Z   defusedxml                     0.7.1                pyhd8ed1ab_0             conda-forge
2025-02-18T22:33:51.3318670Z   docutils                       0.20.1               py312h81bd7bf_3          conda-forge
2025-02-18T22:33:51.3319080Z   dot2tex                        2.11.3               pyhd8ed1ab_0             conda-forge
2025-02-18T22:33:51.3319420Z   entrypoints                    0.4                  pyhd8ed1ab_0             conda-forge
2025-02-18T22:33:51.3320000Z   exceptiongroup                 1.2.0                pyhd8ed1ab_2             conda-forge
2025-02-18T22:33:51.3321610Z   executing                      2.0.1                pyhd8ed1ab_0             conda-forge
2025-02-18T22:33:51.3322020Z   expat                          2.6.2                hebf3989_0               conda-forge
2025-02-18T22:33:51.3322700Z   font-ttf-dejavu-sans-mono      2.37                 hab24e00_0               conda-forge
2025-02-18T22:33:51.3323550Z   font-ttf-inconsolata           3.000                h77eed37_0               conda-forge
2025-02-18T22:33:51.3324090Z   font-ttf-source-code-pro       2.038                h77eed37_0               conda-forge
2025-02-18T22:33:51.3324510Z   font-ttf-ubuntu                0.83                 h77eed37_2               conda-forge
2025-02-18T22:33:51.3324830Z   fontconfig                     2.14.2               h82840c6_0               conda-forge
2025-02-18T22:33:51.3325270Z   fonts-conda-ecosystem          1                    0                        conda-forge
2025-02-18T22:33:51.3325760Z   fonts-conda-forge              1                    0                        conda-forge
2025-02-18T22:33:51.3326240Z   fonttools                      4.53.0               py312h7e5086c_0          conda-forge
2025-02-18T22:33:51.3326670Z   fqdn                           1.5.1                pyhd8ed1ab_0             conda-forge
2025-02-18T22:33:51.3327320Z   freetype                       2.12.1               hadb7bae_2               conda-forge
2025-02-18T22:33:51.3327790Z   fribidi                        1.0.10               h27ca646_0               conda-forge
2025-02-18T22:33:51.3328200Z   future                         1.0.0                pyhd8ed1ab_0             conda-forge
2025-02-18T22:33:51.3328660Z   gdk-pixbuf                     2.42.12              h7ddc832_0               conda-forge
2025-02-18T22:33:51.3329140Z   gettext                        0.22.5               h8fbad5d_2               conda-forge
2025-02-18T22:33:51.3329810Z   gettext-tools                  0.22.5               h8fbad5d_2               conda-forge
2025-02-18T22:33:51.3330430Z   giflib                         5.2.2                h93a5062_0               conda-forge
2025-02-18T22:33:51.3330810Z   git-lfs                        3.5.1                hce30654_0               conda-forge
2025-02-18T22:33:51.3331240Z   gmp                            6.3.0                hebf3989_1               conda-forge
2025-02-18T22:33:51.3331630Z   gmpy2                          2.1.5                py312hfa9fade_1          conda-forge
2025-02-18T22:33:51.3332120Z   graphite2                      1.3.13               hebf3989_1003            conda-forge
2025-02-18T22:33:51.3332530Z   graphviz                       11.0.0               h9bb9bc9_0               conda-forge
2025-02-18T22:33:51.3332970Z   gtk2                           2.24.33              h7895bb2_4               conda-forge
2025-02-18T22:33:51.3333330Z   gts                            0.7.6                he42f4ea_4               conda-forge
2025-02-18T22:33:51.3333730Z   h11                            0.14.0               pyhd8ed1ab_0             conda-forge
2025-02-18T22:33:51.3334120Z   h2                             4.1.0                pyhd8ed1ab_0             conda-forge
2025-02-18T22:33:51.3334410Z   h5py                           3.11.0               nompi_py312h903599c_102  conda-forge
2025-02-18T22:33:51.3334710Z   harfbuzz                       8.5.0                h1836168_0               conda-forge
2025-02-18T22:33:51.3335000Z   hdf5                           1.14.3               nompi_hec07895_105       conda-forge
2025-02-18T22:33:51.3335280Z   hpack                          4.0.0                pyh9f0ad1d_0             conda-forge
2025-02-18T22:33:51.3335640Z   httpcore                       1.0.5                pyhd8ed1ab_0             conda-forge
2025-02-18T22:33:51.3335940Z   httpx                          0.27.0               pyhd8ed1ab_0             conda-forge
2025-02-18T22:33:51.3336270Z   hyperframe                     6.0.1                pyhd8ed1ab_0             conda-forge
2025-02-18T22:33:51.3336840Z   icu                            73.2                 hc8870d7_0               conda-forge
2025-02-18T22:33:51.3337160Z   idna                           3.7                  pyhd8ed1ab_0             conda-forge
2025-02-18T22:33:51.3337550Z   imagesize                      1.4.1                pyhd8ed1ab_0             conda-forge
2025-02-18T22:33:51.3337970Z   importlib-metadata             7.1.0                pyha770c72_0             conda-forge
2025-02-18T22:33:51.3338320Z   importlib_metadata             7.1.0                hd8ed1ab_0               conda-forge
2025-02-18T22:33:51.3338740Z   importlib_resources            6.4.0                pyhd8ed1ab_0             conda-forge
2025-02-18T22:33:51.3339130Z   iniconfig                      2.0.0                pyhd8ed1ab_0             conda-forge
2025-02-18T22:33:51.3339600Z   ipykernel                      6.29.4               pyh57ce528_0             conda-forge
2025-02-18T22:33:51.3339980Z   ipython                        8.25.0               pyh707e725_0             conda-forge
2025-02-18T22:33:51.3340450Z   ipython_genutils               0.2.0                pyhd8ed1ab_1             conda-forge
2025-02-18T22:33:51.3340800Z   ipywidgets                     7.8.0                pyhd8ed1ab_0             conda-forge
2025-02-18T22:33:51.3341510Z   isoduration                    20.11.0              pyhd8ed1ab_0             conda-forge
2025-02-18T22:33:51.3341850Z   jedi                           0.19.1               pyhd8ed1ab_0             conda-forge
2025-02-18T22:33:51.3342140Z   jinja2                         3.1.4                pyhd8ed1ab_0             conda-forge
2025-02-18T22:33:51.3342440Z   json5                          0.9.25               pyhd8ed1ab_0             conda-forge
2025-02-18T22:33:51.3342810Z   jsonpointer                    3.0.0                py312h81bd7bf_0          conda-forge
2025-02-18T22:33:51.3343130Z   jsonschema                     4.22.0               pyhd8ed1ab_0             conda-forge
2025-02-18T22:33:51.3343500Z   jsonschema-specifications      2023.12.1            pyhd8ed1ab_0             conda-forge
2025-02-18T22:33:51.3343910Z   jsonschema-with-format-nongpl  4.22.0               pyhd8ed1ab_0             conda-forge
2025-02-18T22:33:51.3344310Z   jupyter-lsp                    2.2.5                pyhd8ed1ab_0             conda-forge
2025-02-18T22:33:51.3344640Z   jupyter_client                 8.6.2                pyhd8ed1ab_0             conda-forge
2025-02-18T22:33:51.3344960Z   jupyter_core                   5.7.2                py312h81bd7bf_0          conda-forge
2025-02-18T22:33:51.3345350Z   jupyter_events                 0.10.0               pyhd8ed1ab_0             conda-forge
2025-02-18T22:33:51.3345730Z   jupyter_server                 2.14.1               pyhd8ed1ab_0             conda-forge
2025-02-18T22:33:51.3346150Z   jupyter_server_terminals       0.5.3                pyhd8ed1ab_0             conda-forge
2025-02-18T22:33:51.3346550Z   jupyterlab                     4.2.2                pyhd8ed1ab_0             conda-forge
2025-02-18T22:33:51.3346950Z   jupyterlab_pygments            0.3.0                pyhd8ed1ab_1             conda-forge
2025-02-18T22:33:51.3347350Z   jupyterlab_server              2.27.2               pyhd8ed1ab_0             conda-forge
2025-02-18T22:33:51.3347770Z   jupyterlab_widgets             1.1.7                pyhd8ed1ab_0             conda-forge
2025-02-18T22:33:51.3348160Z   kiwisolver                     1.4.5                py312h389731b_1          conda-forge
2025-02-18T22:33:51.3348550Z   krb5                           1.21.2               h92f50d5_0               conda-forge
2025-02-18T22:33:51.3348920Z   latexcodec                     2.0.1                pyh9f0ad1d_0             conda-forge
2025-02-18T22:33:51.3349290Z   lcms2                          2.16                 ha0e7c42_0               conda-forge
2025-02-18T22:33:51.3349650Z   lerc                           4.0.0                h9a09cb3_0               conda-forge
2025-02-18T22:33:51.3349980Z   libaec                         1.1.3                hebf3989_0               conda-forge
2025-02-18T22:33:51.3350550Z   libasprintf                    0.22.5               h8fbad5d_2               conda-forge
2025-02-18T22:33:51.3350940Z   libasprintf-devel              0.22.5               h8fbad5d_2               conda-forge
2025-02-18T22:33:51.3351360Z   libblas                        3.9.0                22_osxarm64_openblas     conda-forge
2025-02-18T22:33:51.3351730Z   libbrotlicommon                1.1.0                hb547adb_1               conda-forge
2025-02-18T22:33:51.3352150Z   libbrotlidec                   1.1.0                hb547adb_1               conda-forge
2025-02-18T22:33:51.3352510Z   libbrotlienc                   1.1.0                hb547adb_1               conda-forge
2025-02-18T22:33:51.3352890Z   libcblas                       3.9.0                22_osxarm64_openblas     conda-forge
2025-02-18T22:33:51.3365300Z   libcurl                        8.8.0                h7b6f9a7_0               conda-forge
2025-02-18T22:33:51.3366310Z   libcxx                         17.0.6               h5f092b4_0               conda-forge
2025-02-18T22:33:51.3367220Z   libdeflate                     1.20                 h93a5062_0               conda-forge
2025-02-18T22:33:51.3368100Z   libedit                        3.1.20191231         hc8eb9b7_2               conda-forge
2025-02-18T22:33:51.3370280Z   libev                          4.33                 h93a5062_2               conda-forge
2025-02-18T22:33:51.3371220Z   libexpat                       2.6.2                hebf3989_0               conda-forge
2025-02-18T22:33:51.3372150Z   libffi                         3.4.2                h3422bc3_5               conda-forge
2025-02-18T22:33:51.3372970Z   libgd                          2.3.3                hfdf3952_9               conda-forge
2025-02-18T22:33:51.3380600Z   libgettextpo                   0.22.5               h8fbad5d_2               conda-forge
2025-02-18T22:33:51.3381010Z   libgettextpo-devel             0.22.5               h8fbad5d_2               conda-forge
2025-02-18T22:33:51.3381450Z   libgfortran                    5.0.0                13_2_0_hd922786_3        conda-forge
2025-02-18T22:33:51.3381820Z   libgfortran5                   13.2.0               hf226fd6_3               conda-forge
2025-02-18T22:33:51.3382230Z   libglib                        2.80.2               h59d46d9_1               conda-forge
2025-02-18T22:33:51.3382580Z   libiconv                       1.17                 h0d3ecfb_2               conda-forge
2025-02-18T22:33:51.3382930Z   libintl                        0.22.5               h8fbad5d_2               conda-forge
2025-02-18T22:33:51.3390630Z   libintl-devel                  0.22.5               h8fbad5d_2               conda-forge
2025-02-18T22:33:51.3391630Z   libjpeg-turbo                  3.0.0                hb547adb_1               conda-forge
2025-02-18T22:33:51.3392570Z   liblapack                      3.9.0                22_osxarm64_openblas     conda-forge
2025-02-18T22:33:51.3399390Z   libllvm14                      14.0.6               hd1a9a77_4               conda-forge
2025-02-18T22:33:51.3400420Z   libnghttp2                     1.58.0               ha4dd798_1               conda-forge
2025-02-18T22:33:51.3401400Z   libopenblas                    0.3.27               openmp_h6c19121_0        conda-forge
2025-02-18T22:33:51.3402370Z   libpng                         1.6.43               h091b4b1_0               conda-forge
2025-02-18T22:33:51.3403220Z   librsvg                        2.58.1               hbc281fb_0               conda-forge
2025-02-18T22:33:51.3404150Z   libsodium                      1.0.18               h27ca646_1               conda-forge
2025-02-18T22:33:51.3405300Z   libsqlite                      3.46.0               hfb93653_0               conda-forge
2025-02-18T22:33:51.3407100Z   libssh2                        1.11.0               h7a5bd25_0               conda-forge
2025-02-18T22:33:51.3408110Z   libtiff                        4.6.0                h07db509_3               conda-forge
2025-02-18T22:33:51.3410790Z   libwebp                        1.4.0                h54798ee_0               conda-forge
2025-02-18T22:33:51.3414570Z   libwebp-base                   1.4.0                h93a5062_0               conda-forge
2025-02-18T22:33:51.3415420Z   libxcb                         1.16                 hf2054a2_0               conda-forge
2025-02-18T22:33:51.3416310Z   libxml2                        2.12.7               ha661575_1               conda-forge
2025-02-18T22:33:51.3417150Z   libxslt                        1.1.39               h223e5b9_0               conda-forge
2025-02-18T22:33:51.3420230Z   libzlib                        1.3.1                hfb2fe0b_1               conda-forge
2025-02-18T22:33:51.3429590Z   llvm-openmp                    18.1.7               hde57baf_0               conda-forge
2025-02-18T22:33:51.3429990Z   llvmlite                       0.42.0               py312h17030e7_1          conda-forge
2025-02-18T22:33:51.3443040Z   lxml                           5.2.2                py312h0e5ab22_0          conda-forge
2025-02-18T22:33:51.3443410Z   lz4-c                          1.9.4                hb7217d7_0               conda-forge
2025-02-18T22:33:51.3443820Z   markupsafe                     2.1.5                py312he37b823_0          conda-forge
2025-02-18T22:33:51.3444640Z   matplotlib-base                3.8.4                py312h4479663_2          conda-forge
2025-02-18T22:33:51.3445060Z   matplotlib-inline              0.1.7                pyhd8ed1ab_0             conda-forge
2025-02-18T22:33:51.3448590Z   mistune                        3.0.2                pyhd8ed1ab_0             conda-forge
2025-02-18T22:33:51.3448960Z   mpc                            1.3.1                h91ba8db_0               conda-forge
2025-02-18T22:33:51.3449330Z   mpfr                           4.2.1                h41d338b_1               conda-forge
2025-02-18T22:33:51.3450230Z   mpmath                         1.3.0                pyhd8ed1ab_0             conda-forge
2025-02-18T22:33:51.3450640Z   munkres                        1.1.4                pyh9f0ad1d_0             conda-forge
2025-02-18T22:33:51.3469990Z   mypy_extensions                1.0.0                pyha770c72_0             conda-forge
2025-02-18T22:33:51.3470470Z   nbclassic                      1.1.0                pyhd8ed1ab_0             conda-forge
2025-02-18T22:33:51.3470840Z   nbclient                       0.10.0               pyhd8ed1ab_0             conda-forge
2025-02-18T22:33:51.3471370Z   nbconvert                      7.16.4               hd8ed1ab_1               conda-forge
2025-02-18T22:33:51.3471690Z   nbconvert-core                 7.16.4               pyhd8ed1ab_1             conda-forge
2025-02-18T22:33:51.3472030Z   nbconvert-pandoc               7.16.4               hd8ed1ab_1               conda-forge
2025-02-18T22:33:51.3472400Z   nbformat                       5.10.4               pyhd8ed1ab_0             conda-forge
2025-02-18T22:33:51.3472800Z   nbsphinx                       0.9.4                pyhd8ed1ab_0             conda-forge
2025-02-18T22:33:51.3473320Z   ncurses                        6.5                  hb89a1cb_0               conda-forge
2025-02-18T22:33:51.3473640Z   nest-asyncio                   1.6.0                pyhd8ed1ab_0             conda-forge
2025-02-18T22:33:51.3474030Z   networkx                       3.3                  pyhd8ed1ab_1             conda-forge
2025-02-18T22:33:51.3474340Z   notebook                       7.2.1                pyhd8ed1ab_0             conda-forge
2025-02-18T22:33:51.3474710Z   notebook-shim                  0.2.4                pyhd8ed1ab_0             conda-forge
2025-02-18T22:33:51.3475070Z   numba                          0.59.1               py312hbaff935_0          conda-forge
2025-02-18T22:33:51.3475440Z   numexpr                        2.10.0               py312h8ae5369_0          conda-forge
2025-02-18T22:33:51.3475750Z   numpy                          1.26.4               py312h8442bc7_0          conda-forge
2025-02-18T22:33:51.3476690Z   numpydoc                       1.7.0                pyhd8ed1ab_1             conda-forge
2025-02-18T22:33:51.3476990Z   openjpeg                       2.5.2                h9f1df11_0               conda-forge
2025-02-18T22:33:51.3477300Z   openssl                        3.3.1                hfb2fe0b_0               conda-forge
2025-02-18T22:33:51.3477600Z   overrides                      7.7.0                pyhd8ed1ab_0             conda-forge
2025-02-18T22:33:51.3477910Z   packaging                      24.1                 pyhd8ed1ab_0             conda-forge
2025-02-18T22:33:51.3478210Z   pandas                         2.2.2                py312h8ae5369_1          conda-forge
2025-02-18T22:33:51.3478510Z   pandoc                         3.2                  hce30654_0               conda-forge
2025-02-18T22:33:51.3478870Z   pandocfilters                  1.5.0                pyhd8ed1ab_0             conda-forge
2025-02-18T22:33:51.3479180Z   pango                          1.54.0               h5cb9fbc_0               conda-forge
2025-02-18T22:33:51.3479470Z   parso                          0.8.4                pyhd8ed1ab_0             conda-forge
2025-02-18T22:33:51.3479770Z   pathspec                       0.12.1               pyhd8ed1ab_0             conda-forge
2025-02-18T22:33:51.3480280Z   pbr                            6.0.0                pyhd8ed1ab_0             conda-forge
2025-02-18T22:33:51.3482410Z   pcre2                          10.44                h297a79d_0               conda-forge
2025-02-18T22:33:51.3482790Z   pexpect                        4.9.0                pyhd8ed1ab_0             conda-forge
2025-02-18T22:33:51.3483210Z   pickleshare                    0.7.5                py_1003                  conda-forge
2025-02-18T22:33:51.3483530Z   pillow                         10.3.0               py312h39b1d8d_1          conda-forge
2025-02-18T22:33:51.3483830Z   pip                            24.0                 pyhd8ed1ab_0             conda-forge
2025-02-18T22:33:51.3484260Z   pixman                         0.43.4               hebf3989_0               conda-forge
2025-02-18T22:33:51.3484590Z   pkgutil-resolve-name           1.3.10               pyhd8ed1ab_1             conda-forge
2025-02-18T22:33:51.3484940Z   platformdirs                   4.2.2                pyhd8ed1ab_0             conda-forge
2025-02-18T22:33:51.3485250Z   plotly                         5.22.0               pyhd8ed1ab_0             conda-forge
2025-02-18T22:33:51.3485550Z   pluggy                         1.5.0                pyhd8ed1ab_0             conda-forge
2025-02-18T22:33:51.3485870Z   prometheus_client              0.20.0               pyhd8ed1ab_0             conda-forge
2025-02-18T22:33:51.3486210Z   prompt-toolkit                 3.0.47               pyha770c72_0             conda-forge
2025-02-18T22:33:51.3486530Z   psutil                         5.9.8                py312he37b823_0          conda-forge
2025-02-18T22:33:51.3486840Z   pthread-stubs                  0.4                  h27ca646_1001            conda-forge
2025-02-18T22:33:51.3487160Z   ptyprocess                     0.7.0                pyhd3deb0d_0             conda-forge
2025-02-18T22:33:51.3487470Z   pure_eval                      0.2.2                pyhd8ed1ab_0             conda-forge
2025-02-18T22:33:51.3487780Z   py-cpuinfo                     9.0.0                pyhd8ed1ab_0             conda-forge
2025-02-18T22:33:51.3488080Z   pybtex                         0.24.0               pyhd8ed1ab_2             conda-forge
2025-02-18T22:33:51.3488400Z   pybtex-docutils                1.0.3                py312h81bd7bf_1          conda-forge
2025-02-18T22:33:51.3488720Z   pycparser                      2.22                 pyhd8ed1ab_0             conda-forge
2025-02-18T22:33:51.3489030Z   pyerfa                         2.0.1.4              py312hbebd99a_1          conda-forge
2025-02-18T22:33:51.3489320Z   pygments                       2.18.0               pyhd8ed1ab_0             conda-forge
2025-02-18T22:33:51.3489920Z   pygraphviz                     1.13                 py312h5f4d302_1          conda-forge
2025-02-18T22:33:51.3490230Z   pyobjc-core                    10.3.1               py312hbb55c70_0          conda-forge
2025-02-18T22:33:51.3490590Z   pyobjc-framework-cocoa         10.3.1               py312hbb55c70_0          conda-forge
2025-02-18T22:33:51.3490940Z   pyparsing                      3.1.2                pyhd8ed1ab_0             conda-forge
2025-02-18T22:33:51.3494320Z   pysocks                        1.7.1                pyha2e5f31_6             conda-forge
2025-02-18T22:33:51.3494630Z   pytables                       3.9.2                py312hb622ae1_2          conda-forge
2025-02-18T22:33:51.3494930Z   pytest                         8.2.2                pyhd8ed1ab_0             conda-forge
2025-02-18T22:33:51.3495230Z   pytest-cov                     5.0.0                pyhd8ed1ab_0             conda-forge
2025-02-18T22:33:51.3495580Z   pytest-doctestplus             1.2.1                pyhd8ed1ab_0             conda-forge
2025-02-18T22:33:51.3495910Z   pytest-html                    4.1.1                pyhd8ed1ab_0             conda-forge
2025-02-18T22:33:51.3496240Z   pytest-metadata                3.1.1                pyhd8ed1ab_0             conda-forge
2025-02-18T22:33:51.3497030Z   python                         3.12.4               h30c5eda_0_cpython       conda-forge
2025-02-18T22:33:51.3497370Z   python-dateutil                2.9.0                pyhd8ed1ab_0             conda-forge
2025-02-18T22:33:51.3497730Z   python-fastjsonschema          2.20.0               pyhd8ed1ab_0             conda-forge
2025-02-18T22:33:51.3498100Z   python-json-logger             2.0.7                pyhd8ed1ab_0             conda-forge
2025-02-18T22:33:51.3498450Z   python-tzdata                  2024.1               pyhd8ed1ab_0             conda-forge
2025-02-18T22:33:51.3498770Z   python_abi                     3.12                 4_cp312                  conda-forge
2025-02-18T22:33:51.3500840Z   pytz                           2024.1               pyhd8ed1ab_0             conda-forge
2025-02-18T22:33:51.3501170Z   pyyaml                         6.0.1                py312h02f2b3b_1          conda-forge
2025-02-18T22:33:51.3501460Z   pyzmq                          26.0.3               py312hfa13136_0          conda-forge
2025-02-18T22:33:51.3501760Z   qgrid                          1.3.1                pyhd8ed1ab_4             conda-forge
2025-02-18T22:33:51.3513920Z   radioactivedecay               0.5.1                pyhd8ed1ab_0             conda-forge
2025-02-18T22:33:51.3514850Z   readline                       8.2                  h92ec313_1               conda-forge
2025-02-18T22:33:51.3519090Z   recommonmark                   0.7.1                pyhd8ed1ab_0             conda-forge
2025-02-18T22:33:51.3519450Z   referencing                    0.35.1               pyhd8ed1ab_0             conda-forge
2025-02-18T22:33:51.3519770Z   requests                       2.32.3               pyhd8ed1ab_0             conda-forge
2025-02-18T22:33:51.3520120Z   rfc3339-validator              0.1.4                pyhd8ed1ab_0             conda-forge
2025-02-18T22:33:51.3520470Z   rfc3986-validator              0.1.1                pyh9f0ad1d_0             conda-forge
2025-02-18T22:33:51.3520810Z   rpds-py                        0.18.1               py312h552d48e_0          conda-forge
2025-02-18T22:33:51.3521100Z   ruff                           0.4.9                py312h3402d49_0          conda-forge
2025-02-18T22:33:51.3521380Z   scipy                          1.13.1               py312h14ffa8f_0          conda-forge
2025-02-18T22:33:51.3522290Z   send2trash                     1.8.3                pyh31c8845_0             conda-forge
2025-02-18T22:33:51.3522660Z   setuptools                     70.0.0               pyhd8ed1ab_0             conda-forge
2025-02-18T22:33:51.3523160Z   setuptools-scm                 8.1.0                pyhd8ed1ab_0             conda-forge
2025-02-18T22:33:51.3526390Z   setuptools_scm                 8.1.0                hd8ed1ab_0               conda-forge
2025-02-18T22:33:51.3526690Z   six                            1.16.0               pyh6c4a22f_0             conda-forge
2025-02-18T22:33:51.3527350Z   snakeviz                       2.2.0                pyhd8ed1ab_0             conda-forge
2025-02-18T22:33:51.3527660Z   snappy                         1.2.0                hd04f947_1               conda-forge
2025-02-18T22:33:51.3527960Z   sniffio                        1.3.1                pyhd8ed1ab_0             conda-forge
2025-02-18T22:33:51.3528270Z   snowballstemmer                2.2.0                pyhd8ed1ab_0             conda-forge
2025-02-18T22:33:51.3528610Z   soupsieve                      2.5                  pyhd8ed1ab_1             conda-forge
2025-02-18T22:33:51.3528910Z   sphinx                         7.3.7                pyhd8ed1ab_0             conda-forge
2025-02-18T22:33:51.3529240Z   sphinx-astropy                 1.9.1                pyhd8ed1ab_0             conda-forge
2025-02-18T22:33:51.3529590Z   sphinx-automodapi              0.17.0               pyh717bed2_1             conda-forge
2025-02-18T22:33:51.3529930Z   sphinx-gallery                 0.16.0               pyhd8ed1ab_0             conda-forge
2025-02-18T22:33:51.3530540Z   sphinx-jsonschema              1.19.1               pyhd8ed1ab_0             conda-forge
2025-02-18T22:33:51.3530900Z   sphinx_bootstrap_theme         0.8.1                pyhd8ed1ab_0             conda-forge
2025-02-18T22:33:51.3531250Z   sphinx_rtd_theme               2.0.0                pyha770c72_0             conda-forge
2025-02-18T22:33:51.3531590Z   sphinxcontrib-apidoc           0.3.0                py_1                     conda-forge
2025-02-18T22:33:51.3531980Z   sphinxcontrib-applehelp        1.0.8                pyhd8ed1ab_0             conda-forge
2025-02-18T22:33:51.3532350Z   sphinxcontrib-bibtex           2.6.2                pyhd8ed1ab_0             conda-forge
2025-02-18T22:33:51.3532720Z   sphinxcontrib-devhelp          1.0.6                pyhd8ed1ab_0             conda-forge
2025-02-18T22:33:51.3533090Z   sphinxcontrib-htmlhelp         2.0.5                pyhd8ed1ab_0             conda-forge
2025-02-18T22:33:51.3533460Z   sphinxcontrib-jquery           4.1                  pyhd8ed1ab_0             conda-forge
2025-02-18T22:33:51.3533820Z   sphinxcontrib-jsmath           1.0.1                pyhd8ed1ab_0             conda-forge
2025-02-18T22:33:51.3534190Z   sphinxcontrib-qthelp           1.0.7                pyhd8ed1ab_0             conda-forge
2025-02-18T22:33:51.3534750Z   sphinxcontrib-serializinghtml  1.1.10               pyhd8ed1ab_0             conda-forge
2025-02-18T22:33:51.3535210Z   stack_data                     0.6.2                pyhd8ed1ab_0             conda-forge
2025-02-18T22:33:51.3544250Z   sympy                          1.12.1               pypyh2585a3b_103         conda-forge
2025-02-18T22:33:51.3544550Z   tabulate                       0.9.0                pyhd8ed1ab_1             conda-forge
2025-02-18T22:33:51.3544860Z   tenacity                       8.4.1                pyhd8ed1ab_0             conda-forge
2025-02-18T22:33:51.3545160Z   terminado                      0.18.1               pyh31c8845_0             conda-forge
2025-02-18T22:33:51.3545470Z   tinycss2                       1.3.0                pyhd8ed1ab_0             conda-forge
2025-02-18T22:33:51.3545750Z   tk                             8.6.13               h5083fa2_1               conda-forge
2025-02-18T22:33:51.3546030Z   toml                           0.10.2               pyhd8ed1ab_0             conda-forge
2025-02-18T22:33:51.3546320Z   tomli                          2.0.1                pyhd8ed1ab_0             conda-forge
2025-02-18T22:33:51.3546610Z   tornado                        6.4.1                py312h7e5086c_0          conda-forge
2025-02-18T22:33:51.3546900Z   tqdm                           4.66.4               pyhd8ed1ab_0             conda-forge
2025-02-18T22:33:51.3547450Z   traitlets                      5.14.3               pyhd8ed1ab_0             conda-forge
2025-02-18T22:33:51.3547760Z   typed-ast                      1.5.5                py312h02f2b3b_1          conda-forge
2025-02-18T22:33:51.3548110Z   types-python-dateutil          2.9.0.20240316       pyhd8ed1ab_0             conda-forge
2025-02-18T22:33:51.3548490Z   typing-extensions              4.12.2               hd8ed1ab_0               conda-forge
2025-02-18T22:33:51.3548840Z   typing_extensions              4.12.2               pyha770c72_0             conda-forge
2025-02-18T22:33:51.3549170Z   typing_utils                   0.1.0                pyhd8ed1ab_0             conda-forge
2025-02-18T22:33:51.3549470Z   tzdata                         2024a                h0c530f3_0               conda-forge
2025-02-18T22:33:51.3549790Z   uri-template                   1.3.0                pyhd8ed1ab_0             conda-forge
2025-02-18T22:33:51.3550090Z   urllib3                        2.2.2                pyhd8ed1ab_0             conda-forge
2025-02-18T22:33:51.3550390Z   wcwidth                        0.2.13               pyhd8ed1ab_0             conda-forge
2025-02-18T22:33:51.3550700Z   webcolors                      24.6.0               pyhd8ed1ab_0             conda-forge
2025-02-18T22:33:51.3551170Z   webencodings                   0.5.1                pyhd8ed1ab_2             conda-forge
2025-02-18T22:33:51.3551510Z   websocket-client               1.8.0                pyhd8ed1ab_0             conda-forge
2025-02-18T22:33:51.3551830Z   wheel                          0.43.0               pyhd8ed1ab_1             conda-forge
2025-02-18T22:33:51.3552160Z   widgetsnbextension             3.6.6                pyhd8ed1ab_0             conda-forge
2025-02-18T22:33:51.3552490Z   xorg-libxau                    1.0.11               hb547adb_0               conda-forge
2025-02-18T22:33:51.3552810Z   xorg-libxdmcp                  1.1.3                h27ca646_0               conda-forge
2025-02-18T22:33:51.3553100Z   xz                             5.2.6                h57fd34a_0               conda-forge
2025-02-18T22:33:51.3553370Z   yaml                           0.2.5                h3422bc3_2               conda-forge
2025-02-18T22:33:51.3553650Z   zeromq                         4.3.5                hcc0f68c_4               conda-forge
2025-02-18T22:33:51.3553940Z   zipp                           3.19.2               pyhd8ed1ab_0             conda-forge
2025-02-18T22:33:51.3554220Z   zlib                           1.3.1                hfb2fe0b_1               conda-forge
2025-02-18T22:33:51.3554500Z   zlib-ng                        2.0.7                h1a8c8d9_0               conda-forge
2025-02-18T22:33:51.3554780Z   zstd                           1.5.6                hb46c0d2_0               conda-forge
2025-02-18T22:33:51.3555240Z ##[endgroup]
2025-02-18T22:33:51.3624790Z ##[group]Run pip install -e . --user
2025-02-18T22:33:51.3625120Z [36;1mpip install -e . --user[0m
2025-02-18T22:33:51.5825990Z shell: /bin/bash -l {0}
2025-02-18T22:33:51.5826180Z env:
2025-02-18T22:33:51.5826310Z   CACHE_NUMBER: 0
2025-02-18T22:33:51.5826810Z   PYTEST_FLAGS: --tardis-regression-data=/Users/runner/work/tardis/tardis/tardis-regression-data --cov=tardis --cov-report=xml --cov-report=html --cov-append
2025-02-18T22:33:51.5827330Z   CODECOV_TOKEN: 
2025-02-18T22:33:51.5827500Z   MAMBA_ROOT_PREFIX: /Users/runner/micromamba
2025-02-18T22:33:51.5827750Z   MAMBA_EXE: /Users/runner/micromamba-bin/micromamba
2025-02-18T22:33:51.5828040Z   CONDARC: /Users/runner/work/_temp/setup-micromamba/.condarc
2025-02-18T22:33:51.5828280Z ##[endgroup]
2025-02-18T22:33:52.8933760Z Obtaining file:///Users/runner/work/tardis/tardis
2025-02-18T22:33:52.8963710Z   Installing build dependencies: started
2025-02-18T22:33:56.5110530Z   Installing build dependencies: finished with status 'done'
2025-02-18T22:33:56.5211540Z   Checking if build backend supports build_editable: started
2025-02-18T22:33:56.6815060Z   Checking if build backend supports build_editable: finished with status 'done'
2025-02-18T22:33:56.6823910Z   Getting requirements to build editable: started
2025-02-18T22:33:57.3831920Z   Getting requirements to build editable: finished with status 'done'
2025-02-18T22:33:57.3853800Z   Preparing editable metadata (pyproject.toml): started
2025-02-18T22:33:57.9772050Z   Preparing editable metadata (pyproject.toml): finished with status 'done'
2025-02-18T22:33:58.0381450Z Requirement already satisfied: astropy in /Users/runner/micromamba/envs/tardis/lib/python3.12/site-packages (from tardis==0.0.0) (6.1.1)
2025-02-18T22:33:58.0790110Z Requirement already satisfied: numpy>=1.23 in /Users/runner/micromamba/envs/tardis/lib/python3.12/site-packages (from astropy->tardis==0.0.0) (1.26.4)
2025-02-18T22:33:58.0894680Z Requirement already satisfied: pyerfa>=2.0.1.1 in /Users/runner/micromamba/envs/tardis/lib/python3.12/site-packages (from astropy->tardis==0.0.0) (2.0.1.4)
2025-02-18T22:33:58.1000280Z Requirement already satisfied: astropy-iers-data>=0.2024.5.27.0.30.8 in /Users/runner/micromamba/envs/tardis/lib/python3.12/site-packages (from astropy->tardis==0.0.0) (0.2024.6.17.0.31.35)
2025-02-18T22:33:58.1056010Z Requirement already satisfied: PyYAML>=3.13 in /Users/runner/micromamba/envs/tardis/lib/python3.12/site-packages (from astropy->tardis==0.0.0) (6.0.1)
2025-02-18T22:33:58.1058840Z Requirement already satisfied: packaging>=19.0 in /Users/runner/micromamba/envs/tardis/lib/python3.12/site-packages (from astropy->tardis==0.0.0) (24.1)
2025-02-18T22:33:58.1060000Z Building wheels for collected packages: tardis
2025-02-18T22:33:58.1060310Z   Building editable for tardis (pyproject.toml): started
2025-02-18T22:33:59.2480540Z   Building editable for tardis (pyproject.toml): finished with status 'done'
2025-02-18T22:33:59.2491210Z   Created wheel for tardis: filename=tardis-0.0.0-0.editable-py3-none-any.whl size=8877 sha256=540fd7615dfde13784406bb88cfde70bd8838e2af3794f7d57fe9136118f13d6
2025-02-18T22:33:59.2493260Z   Stored in directory: /private/var/folders/2s/h6hvv9ps03xgz_krkkstvq_r0000gn/T/pip-ephem-wheel-cache-f5rvl760/wheels/bb/4f/6a/0829b918c1c10bc28535ce7f14be21eee54375bdd9cd0c306a
2025-02-18T22:33:59.2538050Z Successfully built tardis
2025-02-18T22:34:00.3335790Z Installing collected packages: tardis
2025-02-18T22:34:00.3538220Z Successfully installed tardis-0.0.0
2025-02-18T22:34:00.8999470Z ##[group]Run pip install qgridnext
2025-02-18T22:34:00.8999830Z [36;1mpip install qgridnext[0m
2025-02-18T22:34:00.9101020Z shell: /bin/bash -l {0}
2025-02-18T22:34:00.9101290Z env:
2025-02-18T22:34:00.9101570Z   CACHE_NUMBER: 0
2025-02-18T22:34:00.9102290Z   PYTEST_FLAGS: --tardis-regression-data=/Users/runner/work/tardis/tardis/tardis-regression-data --cov=tardis --cov-report=xml --cov-report=html --cov-append
2025-02-18T22:34:00.9102890Z   CODECOV_TOKEN: 
2025-02-18T22:34:00.9103180Z   MAMBA_ROOT_PREFIX: /Users/runner/micromamba
2025-02-18T22:34:00.9103500Z   MAMBA_EXE: /Users/runner/micromamba-bin/micromamba
2025-02-18T22:34:00.9103970Z   CONDARC: /Users/runner/work/_temp/setup-micromamba/.condarc
2025-02-18T22:34:00.9104310Z ##[endgroup]
2025-02-18T22:34:01.9924550Z Collecting qgridnext
2025-02-18T22:34:02.0372560Z   Downloading qgridnext-2.0.4-py3-none-any.whl.metadata (9.9 kB)
2025-02-18T22:34:02.0642140Z Requirement already satisfied: pandas>=0.20.0 in /Users/runner/micromamba/envs/tardis/lib/python3.12/site-packages (from qgridnext) (2.2.2)
2025-02-18T22:34:02.0649980Z Requirement already satisfied: ipywidgets>=7.0.0 in /Users/runner/micromamba/envs/tardis/lib/python3.12/site-packages (from qgridnext) (7.8.0)
2025-02-18T22:34:02.0660230Z Requirement already satisfied: numpy in /Users/runner/micromamba/envs/tardis/lib/python3.12/site-packages (from qgridnext) (1.26.4)
2025-02-18T22:34:02.0668080Z Requirement already satisfied: traitlets in /Users/runner/micromamba/envs/tardis/lib/python3.12/site-packages (from qgridnext) (5.14.3)
2025-02-18T22:34:02.0764990Z Requirement already satisfied: comm>=0.1.3 in /Users/runner/micromamba/envs/tardis/lib/python3.12/site-packages (from ipywidgets>=7.0.0->qgridnext) (0.2.2)
2025-02-18T22:34:02.0772000Z Requirement already satisfied: ipython-genutils~=0.2.0 in /Users/runner/micromamba/envs/tardis/lib/python3.12/site-packages (from ipywidgets>=7.0.0->qgridnext) (0.2.0)
2025-02-18T22:34:02.0778920Z Requirement already satisfied: widgetsnbextension~=3.6.5 in /Users/runner/micromamba/envs/tardis/lib/python3.12/site-packages (from ipywidgets>=7.0.0->qgridnext) (3.6.6)
2025-02-18T22:34:02.0801430Z Requirement already satisfied: ipython>=4.0.0 in /Users/runner/micromamba/envs/tardis/lib/python3.12/site-packages (from ipywidgets>=7.0.0->qgridnext) (8.25.0)
2025-02-18T22:34:02.0807870Z Requirement already satisfied: jupyterlab-widgets<3,>=1.0.0 in /Users/runner/micromamba/envs/tardis/lib/python3.12/site-packages (from ipywidgets>=7.0.0->qgridnext) (1.1.7)
2025-02-18T22:34:02.1210920Z Requirement already satisfied: python-dateutil>=2.8.2 in /Users/runner/micromamba/envs/tardis/lib/python3.12/site-packages (from pandas>=0.20.0->qgridnext) (2.9.0)
2025-02-18T22:34:02.1224350Z Requirement already satisfied: pytz>=2020.1 in /Users/runner/micromamba/envs/tardis/lib/python3.12/site-packages (from pandas>=0.20.0->qgridnext) (2024.1)
2025-02-18T22:34:02.1239200Z Requirement already satisfied: tzdata>=2022.7 in /Users/runner/micromamba/envs/tardis/lib/python3.12/site-packages (from pandas>=0.20.0->qgridnext) (2024.1)
2025-02-18T22:34:02.1552630Z Requirement already satisfied: decorator in /Users/runner/micromamba/envs/tardis/lib/python3.12/site-packages (from ipython>=4.0.0->ipywidgets>=7.0.0->qgridnext) (5.1.1)
2025-02-18T22:34:02.1649510Z Requirement already satisfied: jedi>=0.16 in /Users/runner/micromamba/envs/tardis/lib/python3.12/site-packages (from ipython>=4.0.0->ipywidgets>=7.0.0->qgridnext) (0.19.1)
2025-02-18T22:34:02.1751340Z Requirement already satisfied: matplotlib-inline in /Users/runner/micromamba/envs/tardis/lib/python3.12/site-packages (from ipython>=4.0.0->ipywidgets>=7.0.0->qgridnext) (0.1.7)
2025-02-18T22:34:02.1851790Z Requirement already satisfied: prompt-toolkit<3.1.0,>=3.0.41 in /Users/runner/micromamba/envs/tardis/lib/python3.12/site-packages (from ipython>=4.0.0->ipywidgets>=7.0.0->qgridnext) (3.0.47)
2025-02-18T22:34:02.1954620Z Requirement already satisfied: pygments>=2.4.0 in /Users/runner/micromamba/envs/tardis/lib/python3.12/site-packages (from ipython>=4.0.0->ipywidgets>=7.0.0->qgridnext) (2.18.0)
2025-02-18T22:34:02.2054660Z Requirement already satisfied: stack-data in /Users/runner/micromamba/envs/tardis/lib/python3.12/site-packages (from ipython>=4.0.0->ipywidgets>=7.0.0->qgridnext) (0.6.2)
2025-02-18T22:34:02.2160020Z Requirement already satisfied: pexpect>4.3 in /Users/runner/micromamba/envs/tardis/lib/python3.12/site-packages (from ipython>=4.0.0->ipywidgets>=7.0.0->qgridnext) (4.9.0)
2025-02-18T22:34:02.2265330Z Requirement already satisfied: six>=1.5 in /Users/runner/micromamba/envs/tardis/lib/python3.12/site-packages (from python-dateutil>=2.8.2->pandas>=0.20.0->qgridnext) (1.16.0)
2025-02-18T22:34:02.2365660Z Requirement already satisfied: notebook>=4.4.1 in /Users/runner/micromamba/envs/tardis/lib/python3.12/site-packages (from widgetsnbextension~=3.6.5->ipywidgets>=7.0.0->qgridnext) (7.2.1)
2025-02-18T22:34:02.2467670Z Requirement already satisfied: parso<0.9.0,>=0.8.3 in /Users/runner/micromamba/envs/tardis/lib/python3.12/site-packages (from jedi>=0.16->ipython>=4.0.0->ipywidgets>=7.0.0->qgridnext) (0.8.4)
2025-02-18T22:34:02.2569480Z Requirement already satisfied: jupyter-server<3,>=2.4.0 in /Users/runner/micromamba/envs/tardis/lib/python3.12/site-packages (from notebook>=4.4.1->widgetsnbextension~=3.6.5->ipywidgets>=7.0.0->qgridnext) (2.14.1)
2025-02-18T22:34:02.2669910Z Requirement already satisfied: jupyterlab-server<3,>=2.27.1 in /Users/runner/micromamba/envs/tardis/lib/python3.12/site-packages (from notebook>=4.4.1->widgetsnbextension~=3.6.5->ipywidgets>=7.0.0->qgridnext) (2.27.2)
2025-02-18T22:34:02.2772140Z Requirement already satisfied: jupyterlab<4.3,>=4.2.0 in /Users/runner/micromamba/envs/tardis/lib/python3.12/site-packages (from notebook>=4.4.1->widgetsnbextension~=3.6.5->ipywidgets>=7.0.0->qgridnext) (4.2.2)
2025-02-18T22:34:02.2872060Z Requirement already satisfied: notebook-shim<0.3,>=0.2 in /Users/runner/micromamba/envs/tardis/lib/python3.12/site-packages (from notebook>=4.4.1->widgetsnbextension~=3.6.5->ipywidgets>=7.0.0->qgridnext) (0.2.4)
2025-02-18T22:34:02.2974270Z Requirement already satisfied: tornado>=6.2.0 in /Users/runner/micromamba/envs/tardis/lib/python3.12/site-packages (from notebook>=4.4.1->widgetsnbextension~=3.6.5->ipywidgets>=7.0.0->qgridnext) (6.4.1)
2025-02-18T22:34:02.3074660Z Requirement already satisfied: ptyprocess>=0.5 in /Users/runner/micromamba/envs/tardis/lib/python3.12/site-packages (from pexpect>4.3->ipython>=4.0.0->ipywidgets>=7.0.0->qgridnext) (0.7.0)
2025-02-18T22:34:02.3175320Z Requirement already satisfied: wcwidth in /Users/runner/micromamba/envs/tardis/lib/python3.12/site-packages (from prompt-toolkit<3.1.0,>=3.0.41->ipython>=4.0.0->ipywidgets>=7.0.0->qgridnext) (0.2.13)
2025-02-18T22:34:02.3278750Z Requirement already satisfied: executing>=1.2.0 in /Users/runner/micromamba/envs/tardis/lib/python3.12/site-packages (from stack-data->ipython>=4.0.0->ipywidgets>=7.0.0->qgridnext) (2.0.1)
2025-02-18T22:34:02.3379130Z Requirement already satisfied: asttokens>=2.1.0 in /Users/runner/micromamba/envs/tardis/lib/python3.12/site-packages (from stack-data->ipython>=4.0.0->ipywidgets>=7.0.0->qgridnext) (2.4.1)
2025-02-18T22:34:02.3482270Z Requirement already satisfied: pure-eval in /Users/runner/micromamba/envs/tardis/lib/python3.12/site-packages (from stack-data->ipython>=4.0.0->ipywidgets>=7.0.0->qgridnext) (0.2.2)
2025-02-18T22:34:02.3581400Z Requirement already satisfied: anyio>=3.1.0 in /Users/runner/micromamba/envs/tardis/lib/python3.12/site-packages (from jupyter-server<3,>=2.4.0->notebook>=4.4.1->widgetsnbextension~=3.6.5->ipywidgets>=7.0.0->qgridnext) (4.4.0)
2025-02-18T22:34:02.3682460Z Requirement already satisfied: argon2-cffi>=21.1 in /Users/runner/micromamba/envs/tardis/lib/python3.12/site-packages (from jupyter-server<3,>=2.4.0->notebook>=4.4.1->widgetsnbextension~=3.6.5->ipywidgets>=7.0.0->qgridnext) (23.1.0)
2025-02-18T22:34:02.3767430Z Requirement already satisfied: jinja2>=3.0.3 in /Users/runner/micromamba/envs/tardis/lib/python3.12/site-packages (from jupyter-server<3,>=2.4.0->notebook>=4.4.1->widgetsnbextension~=3.6.5->ipywidgets>=7.0.0->qgridnext) (3.1.4)
2025-02-18T22:34:02.3828890Z Requirement already satisfied: jupyter-client>=7.4.4 in /Users/runner/micromamba/envs/tardis/lib/python3.12/site-packages (from jupyter-server<3,>=2.4.0->notebook>=4.4.1->widgetsnbextension~=3.6.5->ipywidgets>=7.0.0->qgridnext) (8.6.2)
2025-02-18T22:34:02.3935790Z Requirement already satisfied: jupyter-core!=5.0.*,>=4.12 in /Users/runner/micromamba/envs/tardis/lib/python3.12/site-packages (from jupyter-server<3,>=2.4.0->notebook>=4.4.1->widgetsnbextension~=3.6.5->ipywidgets>=7.0.0->qgridnext) (5.7.2)
2025-02-18T22:34:02.3992700Z Requirement already satisfied: jupyter-events>=0.9.0 in /Users/runner/micromamba/envs/tardis/lib/python3.12/site-packages (from jupyter-server<3,>=2.4.0->notebook>=4.4.1->widgetsnbextension~=3.6.5->ipywidgets>=7.0.0->qgridnext) (0.10.0)
2025-02-18T22:34:02.4049950Z Requirement already satisfied: jupyter-server-terminals>=0.4.4 in /Users/runner/micromamba/envs/tardis/lib/python3.12/site-packages (from jupyter-server<3,>=2.4.0->notebook>=4.4.1->widgetsnbextension~=3.6.5->ipywidgets>=7.0.0->qgridnext) (0.5.3)
2025-02-18T22:34:02.4125370Z Requirement already satisfied: nbconvert>=6.4.4 in /Users/runner/micromamba/envs/tardis/lib/python3.12/site-packages (from jupyter-server<3,>=2.4.0->notebook>=4.4.1->widgetsnbextension~=3.6.5->ipywidgets>=7.0.0->qgridnext) (7.16.4)
2025-02-18T22:34:02.4183440Z Requirement already satisfied: nbformat>=5.3.0 in /Users/runner/micromamba/envs/tardis/lib/python3.12/site-packages (from jupyter-server<3,>=2.4.0->notebook>=4.4.1->widgetsnbextension~=3.6.5->ipywidgets>=7.0.0->qgridnext) (5.10.4)
2025-02-18T22:34:02.4253330Z Requirement already satisfied: overrides>=5.0 in /Users/runner/micromamba/envs/tardis/lib/python3.12/site-packages (from jupyter-server<3,>=2.4.0->notebook>=4.4.1->widgetsnbextension~=3.6.5->ipywidgets>=7.0.0->qgridnext) (7.7.0)
2025-02-18T22:34:02.4308810Z Requirement already satisfied: packaging>=22.0 in /Users/runner/micromamba/envs/tardis/lib/python3.12/site-packages (from jupyter-server<3,>=2.4.0->notebook>=4.4.1->widgetsnbextension~=3.6.5->ipywidgets>=7.0.0->qgridnext) (24.1)
2025-02-18T22:34:02.4371060Z Requirement already satisfied: prometheus-client>=0.9 in /Users/runner/micromamba/envs/tardis/lib/python3.12/site-packages (from jupyter-server<3,>=2.4.0->notebook>=4.4.1->widgetsnbextension~=3.6.5->ipywidgets>=7.0.0->qgridnext) (0.20.0)
2025-02-18T22:34:02.4436050Z Requirement already satisfied: pyzmq>=24 in /Users/runner/micromamba/envs/tardis/lib/python3.12/site-packages (from jupyter-server<3,>=2.4.0->notebook>=4.4.1->widgetsnbextension~=3.6.5->ipywidgets>=7.0.0->qgridnext) (26.0.3)
2025-02-18T22:34:02.4488840Z Requirement already satisfied: send2trash>=1.8.2 in /Users/runner/micromamba/envs/tardis/lib/python3.12/site-packages (from jupyter-server<3,>=2.4.0->notebook>=4.4.1->widgetsnbextension~=3.6.5->ipywidgets>=7.0.0->qgridnext) (1.8.3)
2025-02-18T22:34:02.4557300Z Requirement already satisfied: terminado>=0.8.3 in /Users/runner/micromamba/envs/tardis/lib/python3.12/site-packages (from jupyter-server<3,>=2.4.0->notebook>=4.4.1->widgetsnbextension~=3.6.5->ipywidgets>=7.0.0->qgridnext) (0.18.1)
2025-02-18T22:34:02.4562100Z Requirement already satisfied: websocket-client>=1.7 in /Users/runner/micromamba/envs/tardis/lib/python3.12/site-packages (from jupyter-server<3,>=2.4.0->notebook>=4.4.1->widgetsnbextension~=3.6.5->ipywidgets>=7.0.0->qgridnext) (1.8.0)
2025-02-18T22:34:02.4563470Z Requirement already satisfied: async-lru>=1.0.0 in /Users/runner/micromamba/envs/tardis/lib/python3.12/site-packages (from jupyterlab<4.3,>=4.2.0->notebook>=4.4.1->widgetsnbextension~=3.6.5->ipywidgets>=7.0.0->qgridnext) (2.0.4)
2025-02-18T22:34:02.4567220Z Requirement already satisfied: httpx>=0.25.0 in /Users/runner/micromamba/envs/tardis/lib/python3.12/site-packages (from jupyterlab<4.3,>=4.2.0->notebook>=4.4.1->widgetsnbextension~=3.6.5->ipywidgets>=7.0.0->qgridnext) (0.27.0)
2025-02-18T22:34:02.4570130Z Requirement already satisfied: ipykernel>=6.5.0 in /Users/runner/micromamba/envs/tardis/lib/python3.12/site-packages (from jupyterlab<4.3,>=4.2.0->notebook>=4.4.1->widgetsnbextension~=3.6.5->ipywidgets>=7.0.0->qgridnext) (6.29.4)
2025-02-18T22:34:02.4579230Z Requirement already satisfied: jupyter-lsp>=2.0.0 in /Users/runner/micromamba/envs/tardis/lib/python3.12/site-packages (from jupyterlab<4.3,>=4.2.0->notebook>=4.4.1->widgetsnbextension~=3.6.5->ipywidgets>=7.0.0->qgridnext) (2.2.5)
2025-02-18T22:34:02.4601200Z Requirement already satisfied: setuptools>=40.1.0 in /Users/runner/micromamba/envs/tardis/lib/python3.12/site-packages (from jupyterlab<4.3,>=4.2.0->notebook>=4.4.1->widgetsnbextension~=3.6.5->ipywidgets>=7.0.0->qgridnext) (70.0.0)
2025-02-18T22:34:02.4609380Z Requirement already satisfied: babel>=2.10 in /Users/runner/micromamba/envs/tardis/lib/python3.12/site-packages (from jupyterlab-server<3,>=2.27.1->notebook>=4.4.1->widgetsnbextension~=3.6.5->ipywidgets>=7.0.0->qgridnext) (2.14.0)
2025-02-18T22:34:02.4610780Z Requirement already satisfied: json5>=0.9.0 in /Users/runner/micromamba/envs/tardis/lib/python3.12/site-packages (from jupyterlab-server<3,>=2.27.1->notebook>=4.4.1->widgetsnbextension~=3.6.5->ipywidgets>=7.0.0->qgridnext) (0.9.25)
2025-02-18T22:34:02.4612160Z Requirement already satisfied: jsonschema>=4.18.0 in /Users/runner/micromamba/envs/tardis/lib/python3.12/site-packages (from jupyterlab-server<3,>=2.27.1->notebook>=4.4.1->widgetsnbextension~=3.6.5->ipywidgets>=7.0.0->qgridnext) (4.22.0)
2025-02-18T22:34:02.4613450Z Requirement already satisfied: requests>=2.31 in /Users/runner/micromamba/envs/tardis/lib/python3.12/site-packages (from jupyterlab-server<3,>=2.27.1->notebook>=4.4.1->widgetsnbextension~=3.6.5->ipywidgets>=7.0.0->qgridnext) (2.32.3)
2025-02-18T22:34:02.4615250Z Requirement already satisfied: idna>=2.8 in /Users/runner/micromamba/envs/tardis/lib/python3.12/site-packages (from anyio>=3.1.0->jupyter-server<3,>=2.4.0->notebook>=4.4.1->widgetsnbextension~=3.6.5->ipywidgets>=7.0.0->qgridnext) (3.7)
2025-02-18T22:34:02.4616520Z Requirement already satisfied: sniffio>=1.1 in /Users/runner/micromamba/envs/tardis/lib/python3.12/site-packages (from anyio>=3.1.0->jupyter-server<3,>=2.4.0->notebook>=4.4.1->widgetsnbextension~=3.6.5->ipywidgets>=7.0.0->qgridnext) (1.3.1)
2025-02-18T22:34:02.4617980Z Requirement already satisfied: argon2-cffi-bindings in /Users/runner/micromamba/envs/tardis/lib/python3.12/site-packages (from argon2-cffi>=21.1->jupyter-server<3,>=2.4.0->notebook>=4.4.1->widgetsnbextension~=3.6.5->ipywidgets>=7.0.0->qgridnext) (21.2.0)
2025-02-18T22:34:02.4619440Z Requirement already satisfied: certifi in /Users/runner/micromamba/envs/tardis/lib/python3.12/site-packages (from httpx>=0.25.0->jupyterlab<4.3,>=4.2.0->notebook>=4.4.1->widgetsnbextension~=3.6.5->ipywidgets>=7.0.0->qgridnext) (2024.6.2)
2025-02-18T22:34:02.4624670Z Requirement already satisfied: httpcore==1.* in /Users/runner/micromamba/envs/tardis/lib/python3.12/site-packages (from httpx>=0.25.0->jupyterlab<4.3,>=4.2.0->notebook>=4.4.1->widgetsnbextension~=3.6.5->ipywidgets>=7.0.0->qgridnext) (1.0.5)
2025-02-18T22:34:02.4630190Z Requirement already satisfied: h11<0.15,>=0.13 in /Users/runner/micromamba/envs/tardis/lib/python3.12/site-packages (from httpcore==1.*->httpx>=0.25.0->jupyterlab<4.3,>=4.2.0->notebook>=4.4.1->widgetsnbextension~=3.6.5->ipywidgets>=7.0.0->qgridnext) (0.14.0)
2025-02-18T22:34:02.4633860Z Requirement already satisfied: appnope in /Users/runner/micromamba/envs/tardis/lib/python3.12/site-packages (from ipykernel>=6.5.0->jupyterlab<4.3,>=4.2.0->notebook>=4.4.1->widgetsnbextension~=3.6.5->ipywidgets>=7.0.0->qgridnext) (0.1.4)
2025-02-18T22:34:02.4639790Z Requirement already satisfied: debugpy>=1.6.5 in /Users/runner/micromamba/envs/tardis/lib/python3.12/site-packages (from ipykernel>=6.5.0->jupyterlab<4.3,>=4.2.0->notebook>=4.4.1->widgetsnbextension~=3.6.5->ipywidgets>=7.0.0->qgridnext) (1.8.1)
2025-02-18T22:34:02.4644490Z Requirement already satisfied: nest-asyncio in /Users/runner/micromamba/envs/tardis/lib/python3.12/site-packages (from ipykernel>=6.5.0->jupyterlab<4.3,>=4.2.0->notebook>=4.4.1->widgetsnbextension~=3.6.5->ipywidgets>=7.0.0->qgridnext) (1.6.0)
2025-02-18T22:34:02.4649150Z Requirement already satisfied: psutil in /Users/runner/micromamba/envs/tardis/lib/python3.12/site-packages (from ipykernel>=6.5.0->jupyterlab<4.3,>=4.2.0->notebook>=4.4.1->widgetsnbextension~=3.6.5->ipywidgets>=7.0.0->qgridnext) (5.9.8)
2025-02-18T22:34:02.4651870Z Requirement already satisfied: MarkupSafe>=2.0 in /Users/runner/micromamba/envs/tardis/lib/python3.12/site-packages (from jinja2>=3.0.3->jupyter-server<3,>=2.4.0->notebook>=4.4.1->widgetsnbextension~=3.6.5->ipywidgets>=7.0.0->qgridnext) (2.1.5)
2025-02-18T22:34:02.4653430Z Requirement already satisfied: attrs>=22.2.0 in /Users/runner/micromamba/envs/tardis/lib/python3.12/site-packages (from jsonschema>=4.18.0->jupyterlab-server<3,>=2.27.1->notebook>=4.4.1->widgetsnbextension~=3.6.5->ipywidgets>=7.0.0->qgridnext) (23.2.0)
2025-02-18T22:34:02.4655250Z Requirement already satisfied: jsonschema-specifications>=2023.03.6 in /Users/runner/micromamba/envs/tardis/lib/python3.12/site-packages (from jsonschema>=4.18.0->jupyterlab-server<3,>=2.27.1->notebook>=4.4.1->widgetsnbextension~=3.6.5->ipywidgets>=7.0.0->qgridnext) (2023.12.1)
2025-02-18T22:34:02.4659450Z Requirement already satisfied: referencing>=0.28.4 in /Users/runner/micromamba/envs/tardis/lib/python3.12/site-packages (from jsonschema>=4.18.0->jupyterlab-server<3,>=2.27.1->notebook>=4.4.1->widgetsnbextension~=3.6.5->ipywidgets>=7.0.0->qgridnext) (0.35.1)
2025-02-18T22:34:02.4670490Z Requirement already satisfied: rpds-py>=0.7.1 in /Users/runner/micromamba/envs/tardis/lib/python3.12/site-packages (from jsonschema>=4.18.0->jupyterlab-server<3,>=2.27.1->notebook>=4.4.1->widgetsnbextension~=3.6.5->ipywidgets>=7.0.0->qgridnext) (0.18.1)
2025-02-18T22:34:02.4910840Z Requirement already satisfied: platformdirs>=2.5 in /Users/runner/micromamba/envs/tardis/lib/python3.12/site-packages (from jupyter-core!=5.0.*,>=4.12->jupyter-server<3,>=2.4.0->notebook>=4.4.1->widgetsnbextension~=3.6.5->ipywidgets>=7.0.0->qgridnext) (4.2.2)
2025-02-18T22:34:02.5096970Z Requirement already satisfied: python-json-logger>=2.0.4 in /Users/runner/micromamba/envs/tardis/lib/python3.12/site-packages (from jupyter-events>=0.9.0->jupyter-server<3,>=2.4.0->notebook>=4.4.1->widgetsnbextension~=3.6.5->ipywidgets>=7.0.0->qgridnext) (2.0.7)
2025-02-18T22:34:02.5116170Z Requirement already satisfied: pyyaml>=5.3 in /Users/runner/micromamba/envs/tardis/lib/python3.12/site-packages (from jupyter-events>=0.9.0->jupyter-server<3,>=2.4.0->notebook>=4.4.1->widgetsnbextension~=3.6.5->ipywidgets>=7.0.0->qgridnext) (6.0.1)
2025-02-18T22:34:02.5143200Z Requirement already satisfied: rfc3339-validator in /Users/runner/micromamba/envs/tardis/lib/python3.12/site-packages (from jupyter-events>=0.9.0->jupyter-server<3,>=2.4.0->notebook>=4.4.1->widgetsnbextension~=3.6.5->ipywidgets>=7.0.0->qgridnext) (0.1.4)
2025-02-18T22:34:02.5151600Z Requirement already satisfied: rfc3986-validator>=0.1.1 in /Users/runner/micromamba/envs/tardis/lib/python3.12/site-packages (from jupyter-events>=0.9.0->jupyter-server<3,>=2.4.0->notebook>=4.4.1->widgetsnbextension~=3.6.5->ipywidgets>=7.0.0->qgridnext) (0.1.1)
2025-02-18T22:34:02.5495200Z Requirement already satisfied: beautifulsoup4 in /Users/runner/micromamba/envs/tardis/lib/python3.12/site-packages (from nbconvert>=6.4.4->jupyter-server<3,>=2.4.0->notebook>=4.4.1->widgetsnbextension~=3.6.5->ipywidgets>=7.0.0->qgridnext) (4.12.3)
2025-02-18T22:34:02.5508560Z Requirement already satisfied: bleach!=5.0.0 in /Users/runner/micromamba/envs/tardis/lib/python3.12/site-packages (from nbconvert>=6.4.4->jupyter-server<3,>=2.4.0->notebook>=4.4.1->widgetsnbextension~=3.6.5->ipywidgets>=7.0.0->qgridnext) (6.1.0)
2025-02-18T22:34:02.5519220Z Requirement already satisfied: defusedxml in /Users/runner/micromamba/envs/tardis/lib/python3.12/site-packages (from nbconvert>=6.4.4->jupyter-server<3,>=2.4.0->notebook>=4.4.1->widgetsnbextension~=3.6.5->ipywidgets>=7.0.0->qgridnext) (0.7.1)
2025-02-18T22:34:02.5545400Z Requirement already satisfied: jupyterlab-pygments in /Users/runner/micromamba/envs/tardis/lib/python3.12/site-packages (from nbconvert>=6.4.4->jupyter-server<3,>=2.4.0->notebook>=4.4.1->widgetsnbextension~=3.6.5->ipywidgets>=7.0.0->qgridnext) (0.3.0)
2025-02-18T22:34:02.5556240Z Requirement already satisfied: mistune<4,>=2.0.3 in /Users/runner/micromamba/envs/tardis/lib/python3.12/site-packages (from nbconvert>=6.4.4->jupyter-server<3,>=2.4.0->notebook>=4.4.1->widgetsnbextension~=3.6.5->ipywidgets>=7.0.0->qgridnext) (3.0.2)
2025-02-18T22:34:02.5574770Z Requirement already satisfied: nbclient>=0.5.0 in /Users/runner/micromamba/envs/tardis/lib/python3.12/site-packages (from nbconvert>=6.4.4->jupyter-server<3,>=2.4.0->notebook>=4.4.1->widgetsnbextension~=3.6.5->ipywidgets>=7.0.0->qgridnext) (0.10.0)
2025-02-18T22:34:02.5593160Z Requirement already satisfied: pandocfilters>=1.4.1 in /Users/runner/micromamba/envs/tardis/lib/python3.12/site-packages (from nbconvert>=6.4.4->jupyter-server<3,>=2.4.0->notebook>=4.4.1->widgetsnbextension~=3.6.5->ipywidgets>=7.0.0->qgridnext) (1.5.0)
2025-02-18T22:34:02.5600760Z Requirement already satisfied: tinycss2 in /Users/runner/micromamba/envs/tardis/lib/python3.12/site-packages (from nbconvert>=6.4.4->jupyter-server<3,>=2.4.0->notebook>=4.4.1->widgetsnbextension~=3.6.5->ipywidgets>=7.0.0->qgridnext) (1.3.0)
2025-02-18T22:34:02.5699630Z Requirement already satisfied: fastjsonschema>=2.15 in /Users/runner/micromamba/envs/tardis/lib/python3.12/site-packages (from nbformat>=5.3.0->jupyter-server<3,>=2.4.0->notebook>=4.4.1->widgetsnbextension~=3.6.5->ipywidgets>=7.0.0->qgridnext) (2.20.0)
2025-02-18T22:34:02.5973840Z Requirement already satisfied: charset-normalizer<4,>=2 in /Users/runner/micromamba/envs/tardis/lib/python3.12/site-packages (from requests>=2.31->jupyterlab-server<3,>=2.27.1->notebook>=4.4.1->widgetsnbextension~=3.6.5->ipywidgets>=7.0.0->qgridnext) (3.3.2)
2025-02-18T22:34:02.5989680Z Requirement already satisfied: urllib3<3,>=1.21.1 in /Users/runner/micromamba/envs/tardis/lib/python3.12/site-packages (from requests>=2.31->jupyterlab-server<3,>=2.27.1->notebook>=4.4.1->widgetsnbextension~=3.6.5->ipywidgets>=7.0.0->qgridnext) (2.2.2)
2025-02-18T22:34:02.6683320Z Requirement already satisfied: webencodings in /Users/runner/micromamba/envs/tardis/lib/python3.12/site-packages (from bleach!=5.0.0->nbconvert>=6.4.4->jupyter-server<3,>=2.4.0->notebook>=4.4.1->widgetsnbextension~=3.6.5->ipywidgets>=7.0.0->qgridnext) (0.5.1)
2025-02-18T22:34:02.7145720Z Requirement already satisfied: fqdn in /Users/runner/micromamba/envs/tardis/lib/python3.12/site-packages (from jsonschema[format-nongpl]>=4.18.0->jupyter-events>=0.9.0->jupyter-server<3,>=2.4.0->notebook>=4.4.1->widgetsnbextension~=3.6.5->ipywidgets>=7.0.0->qgridnext) (1.5.1)
2025-02-18T22:34:02.7153580Z Requirement already satisfied: isoduration in /Users/runner/micromamba/envs/tardis/lib/python3.12/site-packages (from jsonschema[format-nongpl]>=4.18.0->jupyter-events>=0.9.0->jupyter-server<3,>=2.4.0->notebook>=4.4.1->widgetsnbextension~=3.6.5->ipywidgets>=7.0.0->qgridnext) (20.11.0)
2025-02-18T22:34:02.7160130Z Requirement already satisfied: jsonpointer>1.13 in /Users/runner/micromamba/envs/tardis/lib/python3.12/site-packages (from jsonschema[format-nongpl]>=4.18.0->jupyter-events>=0.9.0->jupyter-server<3,>=2.4.0->notebook>=4.4.1->widgetsnbextension~=3.6.5->ipywidgets>=7.0.0->qgridnext) (3.0.0)
2025-02-18T22:34:02.7185800Z Requirement already satisfied: uri-template in /Users/runner/micromamba/envs/tardis/lib/python3.12/site-packages (from jsonschema[format-nongpl]>=4.18.0->jupyter-events>=0.9.0->jupyter-server<3,>=2.4.0->notebook>=4.4.1->widgetsnbextension~=3.6.5->ipywidgets>=7.0.0->qgridnext) (1.3.0)
2025-02-18T22:34:02.7195040Z Requirement already satisfied: webcolors>=1.11 in /Users/runner/micromamba/envs/tardis/lib/python3.12/site-packages (from jsonschema[format-nongpl]>=4.18.0->jupyter-events>=0.9.0->jupyter-server<3,>=2.4.0->notebook>=4.4.1->widgetsnbextension~=3.6.5->ipywidgets>=7.0.0->qgridnext) (24.6.0)
2025-02-18T22:34:02.8265660Z Requirement already satisfied: cffi>=1.0.1 in /Users/runner/micromamba/envs/tardis/lib/python3.12/site-packages (from argon2-cffi-bindings->argon2-cffi>=21.1->jupyter-server<3,>=2.4.0->notebook>=4.4.1->widgetsnbextension~=3.6.5->ipywidgets>=7.0.0->qgridnext) (1.16.0)
2025-02-18T22:34:02.8346090Z Requirement already satisfied: soupsieve>1.2 in /Users/runner/micromamba/envs/tardis/lib/python3.12/site-packages (from beautifulsoup4->nbconvert>=6.4.4->jupyter-server<3,>=2.4.0->notebook>=4.4.1->widgetsnbextension~=3.6.5->ipywidgets>=7.0.0->qgridnext) (2.5)
2025-02-18T22:34:02.8824380Z Requirement already satisfied: pycparser in /Users/runner/micromamba/envs/tardis/lib/python3.12/site-packages (from cffi>=1.0.1->argon2-cffi-bindings->argon2-cffi>=21.1->jupyter-server<3,>=2.4.0->notebook>=4.4.1->widgetsnbextension~=3.6.5->ipywidgets>=7.0.0->qgridnext) (2.22)
2025-02-18T22:34:02.9319770Z Requirement already satisfied: arrow>=0.15.0 in /Users/runner/micromamba/envs/tardis/lib/python3.12/site-packages (from isoduration->jsonschema[format-nongpl]>=4.18.0->jupyter-events>=0.9.0->jupyter-server<3,>=2.4.0->notebook>=4.4.1->widgetsnbextension~=3.6.5->ipywidgets>=7.0.0->qgridnext) (1.3.0)
2025-02-18T22:34:02.9655700Z Requirement already satisfied: types-python-dateutil>=2.8.10 in /Users/runner/micromamba/envs/tardis/lib/python3.12/site-packages (from arrow>=0.15.0->isoduration->jsonschema[format-nongpl]>=4.18.0->jupyter-events>=0.9.0->jupyter-server<3,>=2.4.0->notebook>=4.4.1->widgetsnbextension~=3.6.5->ipywidgets>=7.0.0->qgridnext) (2.9.0.20240316)
2025-02-18T22:34:02.9941540Z Downloading qgridnext-2.0.4-py3-none-any.whl (1.3 MB)
2025-02-18T22:34:03.0880240Z    â”â”â”â”â”â”â”â”â”â”â”â”â”â”â”â”â”â”â”â”â”â”â”â”â”â”â”â”â”â”â”â”â”â”â”â”â”â”â”â” 1.3/1.3 MB 14.0 MB/s eta 0:00:00
2025-02-18T22:34:03.8535100Z Installing collected packages: qgridnext
2025-02-18T22:34:03.9178100Z Successfully installed qgridnext-2.0.4
2025-02-18T22:34:04.2785840Z ##[group]Run pytest tardis --tardis-regression-data=/Users/runner/work/tardis/tardis/tardis-regression-data --cov=tardis --cov-report=xml --cov-report=html --cov-append -m "not continuum"
2025-02-18T22:34:04.2787140Z [36;1mpytest tardis --tardis-regression-data=/Users/runner/work/tardis/tardis/tardis-regression-data --cov=tardis --cov-report=xml --cov-report=html --cov-append -m "not continuum"[0m
2025-02-18T22:34:04.2891600Z shell: /bin/bash -l {0}
2025-02-18T22:34:04.2891830Z env:
2025-02-18T22:34:04.2891990Z   CACHE_NUMBER: 0
2025-02-18T22:34:04.2892510Z   PYTEST_FLAGS: --tardis-regression-data=/Users/runner/work/tardis/tardis/tardis-regression-data --cov=tardis --cov-report=xml --cov-report=html --cov-append
2025-02-18T22:34:04.2893080Z   CODECOV_TOKEN: 
2025-02-18T22:34:04.2893420Z   MAMBA_ROOT_PREFIX: /Users/runner/micromamba
2025-02-18T22:34:04.2893780Z   MAMBA_EXE: /Users/runner/micromamba-bin/micromamba
2025-02-18T22:34:04.2894340Z   CONDARC: /Users/runner/work/_temp/setup-micromamba/.condarc
2025-02-18T22:34:04.2894650Z ##[endgroup]
2025-02-18T22:34:23.0231280Z ============================= test session starts ==============================
2025-02-18T22:34:23.0232040Z platform darwin -- Python 3.12.4, pytest-8.2.2, pluggy-1.5.0
2025-02-18T22:34:23.0232490Z rootdir: /Users/runner/work/tardis/tardis
2025-02-18T22:34:23.0235210Z configfile: pyproject.toml
2025-02-18T22:34:23.0240330Z plugins: cov-5.0.0, html-4.1.1, metadata-3.1.1, doctestplus-1.2.1, anyio-4.4.0
2025-02-18T22:34:23.0242540Z collected 1796 items / 2 deselected / 1794 selected
2025-02-18T22:34:23.0244570Z 
2025-02-18T22:34:28.0908770Z tardis/energy_input/tests/test_energy_source.py ..xxx                    [  0%]
2025-02-18T22:34:30.3264920Z tardis/energy_input/tests/test_gamma_ray_channel.py ...........          [  0%]
2025-02-18T22:34:31.7420330Z tardis/energy_input/tests/test_gamma_ray_grid.py xx.                     [  1%]
2025-02-18T22:34:33.1690740Z tardis/energy_input/tests/test_gamma_ray_interactions.py xx....          [  1%]
2025-02-18T22:34:33.1793080Z tardis/energy_input/tests/test_gamma_ray_packet_source.py sssssssss      [  1%]
2025-02-18T22:34:34.2008030Z tardis/energy_input/tests/test_util.py .....xxxx.....                    [  2%]
2025-02-18T22:34:34.4735330Z tardis/grid/tests/test_grid.py .                                         [  2%]
2025-02-18T22:34:34.4745530Z tardis/gui/tests/test_gui.py s                                           [  2%]
2025-02-18T22:34:38.0457790Z tardis/io/configuration/tests/test_config_reader.py ...........          [  3%]
2025-02-18T22:34:38.0541610Z tardis/io/configuration/tests/test_configuration_namespace.py .........  [  3%]
2025-02-18T22:34:38.0688380Z tardis/io/logger/tests/test_logging.py ssssssssssssssssssssssssssss      [  5%]
2025-02-18T22:35:10.7194220Z tardis/io/model/readers/tests/test_arepo_parser.py ..                    [  5%]
2025-02-18T22:35:10.7826570Z tardis/io/model/readers/tests/test_ascii_readers.py ...                  [  5%]
2025-02-18T22:35:10.8287680Z tardis/io/model/readers/tests/test_cmfgen_reader.py ..                   [  5%]
2025-02-18T22:35:10.8595820Z tardis/io/model/readers/tests/test_csvy_reader.py ....                   [  6%]
2025-02-18T22:35:10.8832590Z tardis/io/model/readers/tests/test_stella_reader.py ..                   [  6%]
2025-02-18T22:35:11.2579390Z tardis/io/tests/test_HDFWriter.py ...............                        [  7%]
2025-02-18T22:35:12.0134000Z tardis/io/tests/test_atomic.py .....                                     [  7%]
2025-02-18T22:35:12.4071370Z tardis/io/tests/test_decay.py FF                                         [  7%]
2025-02-18T22:35:12.9481130Z tardis/io/tests/test_model_reader.py ......                              [  7%]
2025-02-18T22:35:12.9571650Z tardis/model/geometry/tests/test_radial1d.py ..                          [  7%]
2025-02-18T22:35:49.0594800Z tardis/model/tests/test_base.py ........................................ [ 10%]
2025-02-18T22:35:50.0688760Z ............                                                             [ 10%]
2025-02-18T22:35:52.9229870Z tardis/model/tests/test_csvy_model.py .........                          [ 11%]
2025-02-18T22:35:52.9934370Z tardis/model/tests/test_density.py ..                                    [ 11%]
2025-02-18T22:35:54.5841560Z tardis/opacities/tests/test_opacity_solver.py .....                      [ 11%]
2025-02-18T22:35:55.8779150Z tardis/opacities/tests/test_opacity_state_numba.py .....                 [ 11%]
2025-02-18T22:35:58.5657270Z tardis/opacities/tests/test_tau_sobolev.py ..                            [ 12%]
2025-02-18T22:36:01.6832080Z tardis/plasma/equilibrium/tests/test_collisional_transitions.py ...      [ 12%]
2025-02-18T22:36:45.2177180Z tardis/plasma/equilibrium/tests/test_level_populations.py ....           [ 12%]
2025-02-18T22:36:56.3080800Z tardis/plasma/equilibrium/tests/test_rate_matrix.py .                    [ 12%]
2025-02-18T22:36:57.4458070Z tardis/plasma/tests/test_complete_plasmas.py ..............s......s..... [ 13%]
2025-02-18T22:37:00.0885160Z s....ssssss............s......s.....ss.....s....ssssss............s..... [ 18%]
2025-02-18T22:37:01.5915110Z .s.....ss.....s....ssssss............s......s.....ss.....s....ssssss.... [ 22%]
2025-02-18T22:37:04.1418700Z ........s......s.....ss.....s....ssssss............s......s.....ss.....s [ 26%]
2025-02-18T22:37:06.6347180Z ....ssssss............s......s.....ss.....s....ssssss............s...... [ 30%]
2025-02-18T22:37:07.1598590Z s.....ss.....s....ssssss............s......s.....ss.....s.ss.ssssss..... [ 34%]
2025-02-18T22:37:09.4483040Z .......s......s.....ss.....s....ssssss............s......s.....ss.....s. [ 38%]
2025-02-18T22:37:11.7704710Z ...ssssss............s......s.....ss.....s....ssssss............s......s [ 42%]
2025-02-18T22:37:14.6955190Z .....ss.....s....ssssss............s......s.....s...........ssssss...... [ 46%]
2025-02-18T22:37:16.8331920Z ......s......s.....s...........ssssss............s......s.....s......... [ 50%]
2025-02-18T22:37:19.0826180Z ..ssssss............s......s.....ss.....s....ssssss............s......s. [ 54%]
2025-02-18T22:37:21.6091030Z ....ss.....s....ssssss...................s......s.....s....ssss......... [ 58%]
2025-02-18T22:37:22.0186880Z ............s......s.....s....ssss.......                                [ 60%]
2025-02-18T22:37:22.4752820Z tardis/plasma/tests/test_hdf_plasma.py ................................. [ 62%]
2025-02-18T22:37:22.4968110Z ......                                                                   [ 62%]
2025-02-18T22:37:22.9068600Z tardis/plasma/tests/test_nlte_excitation.py ...                          [ 62%]
2025-02-18T22:39:05.8681400Z tardis/plasma/tests/test_nlte_solver.py .....X                           [ 63%]
2025-02-18T22:39:05.8716210Z tardis/plasma/tests/test_plasma_continuum.py .                           [ 63%]
2025-02-18T22:39:25.7092380Z tardis/plasma/tests/test_plasma_vboundary.py .............               [ 63%]
2025-02-18T22:39:35.7979910Z tardis/plasma/tests/test_tardis_model_density_config.py ...              [ 64%]
2025-02-18T22:39:36.2798510Z tardis/simulation/tests/test_convergence.py .....                        [ 64%]
2025-02-18T22:39:43.5199240Z tardis/simulation/tests/test_simulation.py .............                 [ 65%]
2025-02-18T22:39:43.5303100Z tardis/spectrum/tests/test_cuda_formal_integral.py sssssssssssssssssssss [ 66%]
2025-02-18T22:39:43.7925470Z ssss...ssssssssssssssssssssss                                            [ 67%]
2025-02-18T22:39:43.7964580Z tardis/spectrum/tests/test_luminosity.py ....                            [ 68%]
2025-02-18T22:39:44.5587500Z tardis/spectrum/tests/test_numba_formal_integral.py .................... [ 69%]
2025-02-18T22:39:44.5689210Z ..........                                                               [ 69%]
2025-02-18T22:39:44.6785660Z tardis/spectrum/tests/test_spectrum.py ................................. [ 71%]
2025-02-18T22:39:44.6981350Z .........                                                                [ 72%]
2025-02-18T22:40:01.4778150Z tardis/spectrum/tests/test_spectrum_solver.py ....                       [ 72%]
2025-02-18T22:40:54.8524850Z tardis/tests/test_tardis_full.py ....                                    [ 72%]
2025-02-18T22:42:36.8165160Z tardis/tests/test_tardis_full_formal_integral.py ................        [ 73%]
2025-02-18T22:42:36.8666220Z tardis/tests/test_util.py .............................................  [ 75%]
2025-02-18T22:42:38.9590540Z tardis/transport/montecarlo/tests/test_base.py x.....................    [ 77%]
2025-02-18T22:42:43.9459680Z tardis/transport/montecarlo/tests/test_interaction.py .......            [ 77%]
2025-02-18T22:42:44.1043670Z tardis/transport/montecarlo/tests/test_macro_atom.py ....                [ 77%]
2025-02-18T22:42:44.1163820Z tardis/transport/montecarlo/tests/test_montecarlo.py sssssssssssssssssss [ 78%]
2025-02-18T22:42:44.1426770Z sssssssssssssssssssssssssssssssssssssssssssss                            [ 81%]
2025-02-18T22:42:52.5681810Z tardis/transport/montecarlo/tests/test_montecarlo_main_loop.py x..       [ 81%]
2025-02-18T22:42:52.5833120Z tardis/transport/montecarlo/tests/test_nonhomologous.py ...              [ 81%]
2025-02-18T22:42:55.4608030Z tardis/transport/montecarlo/tests/test_numba_interface.py .....x.        [ 82%]
2025-02-18T22:42:55.8206090Z tardis/transport/montecarlo/tests/test_opacities.py ...............      [ 82%]
2025-02-18T22:42:56.5197510Z tardis/transport/montecarlo/tests/test_packet.py .................xXXXXX [ 84%]
2025-02-18T22:42:56.6073900Z XX.........                                                              [ 84%]
2025-02-18T22:42:56.6363050Z tardis/transport/montecarlo/tests/test_packet_source.py ........         [ 85%]
2025-02-18T22:42:56.8694810Z tardis/transport/montecarlo/tests/test_rpacket_last_interaction_tracker.py . [ 85%]
2025-02-18T22:42:57.1378230Z .....                                                                    [ 85%]
2025-02-18T22:43:06.8929810Z tardis/transport/montecarlo/tests/test_rpacket_tracker.py ......         [ 85%]
2025-02-18T22:43:06.9197850Z tardis/transport/montecarlo/tests/test_single_packet_loop.py xxx         [ 86%]
2025-02-18T22:43:06.9237950Z tardis/transport/montecarlo/tests/test_tracker_utils.py ..               [ 86%]
2025-02-18T22:43:08.2493880Z tardis/transport/montecarlo/tests/test_vpacket.py ..x.                   [ 86%]
2025-02-18T22:43:08.2710090Z tardis/transport/montecarlo/tests/test_weighted_packet_source.py ....    [ 86%]
2025-02-18T22:43:11.4977300Z tardis/transport/montecarlo/tests/test_weighted_packet_source_integration.py . [ 86%]
2025-02-18T22:43:11.4979330Z                                                                          [ 86%]
2025-02-18T22:43:12.0977750Z tardis/transport/tests/test_doppler_factor.py ..................         [ 87%]
2025-02-18T22:43:14.4049440Z tardis/visualization/tools/tests/test_convergence_plot.py .............. [ 88%]
2025-02-18T22:43:16.1975210Z ......                                                                   [ 88%]
2025-02-18T22:43:19.7694460Z tardis/visualization/tools/tests/test_liv_plot.py ...................... [ 90%]
2025-02-18T22:43:23.4520890Z .............................                                            [ 91%]
2025-02-18T22:43:26.3847470Z tardis/visualization/tools/tests/test_rpacket_plot.py .................. [ 92%]
2025-02-18T22:43:33.5306950Z ....                                                                     [ 92%]
2025-02-18T22:43:38.4673820Z tardis/visualization/tools/tests/test_sdec_plot.py ..................... [ 94%]
2025-02-18T22:43:45.2799820Z ..............................                                           [ 95%]
2025-02-18T22:43:45.6368030Z tardis/visualization/widgets/tests/test_custom_abundance.py ........ss.. [ 96%]
2025-02-18T22:43:45.6771910Z ....                                                                     [ 96%]
2025-02-18T22:43:46.4265270Z tardis/visualization/widgets/tests/test_line_info.py ................... [ 97%]
2025-02-18T22:43:46.8939170Z ..................                                                       [ 98%]
2025-02-18T22:46:57.7707420Z tardis/visualization/widgets/tests/test_shell_info.py .................. [ 99%]
2025-02-18T22:47:03.9942680Z ......                                                                   [100%]
2025-02-18T22:47:03.9943150Z 
2025-02-18T22:47:03.9943340Z =================================== FAILURES ===================================
2025-02-18T22:47:03.9943730Z ______________________________ test_simple_decay _______________________________
2025-02-18T22:47:03.9943970Z 
2025-02-18T22:47:03.9944120Z simple_abundance_model =                              0    1
2025-02-18T22:47:03.9944420Z atomic_number mass_number          
2025-02-18T22:47:03.9944720Z 28            56           1.0  1.0
2025-02-18T22:47:03.9944900Z 
2025-02-18T22:47:03.9945010Z     def test_simple_decay(simple_abundance_model):
2025-02-18T22:47:03.9945590Z >       decayed_abundance = simple_abundance_model.decay(100)
2025-02-18T22:47:03.9945830Z 
2025-02-18T22:47:03.9945980Z tardis/io/tests/test_decay.py:17: 
2025-02-18T22:47:03.9946330Z _ _ _ _ _ _ _ _ _ _ _ _ _ _ _ _ _ _ _ _ _ _ _ _ _ _ _ _ _ _ _ _ _ _ _ _ _ _ _ _ 
2025-02-18T22:47:03.9946540Z 
2025-02-18T22:47:03.9946650Z self =                              0    1
2025-02-18T22:47:03.9946900Z atomic_number mass_number          
2025-02-18T22:47:03.9947170Z 28            56           1.0  1.0
2025-02-18T22:47:03.9947390Z name = 'decay'
2025-02-18T22:47:03.9947520Z 
2025-02-18T22:47:03.9947610Z     @final
2025-02-18T22:47:03.9947790Z     def __getattr__(self, name: str):
2025-02-18T22:47:03.9948060Z         """
2025-02-18T22:47:03.9948290Z         After regular attribute access, try looking up the name
2025-02-18T22:47:03.9948810Z         This allows simpler access to columns for interactive use.
2025-02-18T22:47:03.9949100Z         """
2025-02-18T22:47:03.9949400Z         # Note: obj.x will always call obj.__getattribute__('x') prior to
2025-02-18T22:47:03.9949700Z         # calling obj.__getattr__('x').
2025-02-18T22:47:03.9950020Z         if (
2025-02-18T22:47:03.9950270Z             name not in self._internal_names_set
2025-02-18T22:47:03.9950580Z             and name not in self._metadata
2025-02-18T22:47:03.9950840Z             and name not in self._accessors
2025-02-18T22:47:03.9951910Z             and self._info_axis._can_hold_identifiers_and_holds_name(name)
2025-02-18T22:47:03.9952250Z         ):
2025-02-18T22:47:03.9952430Z             return self[name]
2025-02-18T22:47:03.9952760Z >       return object.__getattribute__(self, name)
2025-02-18T22:47:03.9953210Z E       AttributeError: 'IsotopicMassFraction' object has no attribute 'decay'
2025-02-18T22:47:03.9953610Z 
2025-02-18T22:47:03.9953970Z ../../../micromamba/envs/tardis/lib/python3.12/site-packages/pandas/core/generic.py:6299: AttributeError
2025-02-18T22:47:03.9954500Z _____________________________ test_abundance_merge _____________________________
2025-02-18T22:47:03.9954800Z 
2025-02-18T22:47:03.9954980Z simple_abundance_model =                              0    1
2025-02-18T22:47:03.9955350Z atomic_number mass_number          
2025-02-18T22:47:03.9955580Z 28            56           1.0  1.0
2025-02-18T22:47:03.9955850Z raw_abundance_simple =                  0    1
2025-02-18T22:47:03.9956160Z atomic_number          
2025-02-18T22:47:03.9956460Z 28             0.2  0.2
2025-02-18T22:47:03.9956650Z 30             0.1  0.1
2025-02-18T22:47:03.9956800Z 
2025-02-18T22:47:03.9957020Z     def test_abundance_merge(simple_abundance_model, raw_abundance_simple):
2025-02-18T22:47:03.9957430Z >       decayed_df = simple_abundance_model.decay(100)
2025-02-18T22:47:03.9957630Z 
2025-02-18T22:47:03.9957750Z tardis/io/tests/test_decay.py:34: 
2025-02-18T22:47:03.9958020Z _ _ _ _ _ _ _ _ _ _ _ _ _ _ _ _ _ _ _ _ _ _ _ _ _ _ _ _ _ _ _ _ _ _ _ _ _ _ _ _ 
2025-02-18T22:47:03.9958230Z 
2025-02-18T22:47:03.9970290Z self =                              0    1
2025-02-18T22:47:03.9970750Z atomic_number mass_number          
2025-02-18T22:47:03.9971080Z 28            56           1.0  1.0
2025-02-18T22:47:03.9978660Z name = 'decay'
2025-02-18T22:47:03.9978900Z 
2025-02-18T22:47:03.9979010Z     @final
2025-02-18T22:47:03.9979270Z     def __getattr__(self, name: str):
2025-02-18T22:47:03.9979540Z         """
2025-02-18T22:47:03.9979820Z         After regular attribute access, try looking up the name
2025-02-18T22:47:03.9980250Z         This allows simpler access to columns for interactive use.
2025-02-18T22:47:03.9980620Z         """
2025-02-18T22:47:03.9980890Z         # Note: obj.x will always call obj.__getattribute__('x') prior to
2025-02-18T22:47:03.9981330Z         # calling obj.__getattr__('x').
2025-02-18T22:47:03.9981630Z         if (
2025-02-18T22:47:03.9981910Z             name not in self._internal_names_set
2025-02-18T22:47:03.9982220Z             and name not in self._metadata
2025-02-18T22:47:03.9982580Z             and name not in self._accessors
2025-02-18T22:47:03.9982900Z             and self._info_axis._can_hold_identifiers_and_holds_name(name)
2025-02-18T22:47:03.9983290Z         ):
2025-02-18T22:47:03.9983490Z             return self[name]
2025-02-18T22:47:03.9983810Z >       return object.__getattribute__(self, name)
2025-02-18T22:47:03.9984240Z E       AttributeError: 'IsotopicMassFraction' object has no attribute 'decay'
2025-02-18T22:47:03.9984550Z 
2025-02-18T22:47:03.9984850Z ../../../micromamba/envs/tardis/lib/python3.12/site-packages/pandas/core/generic.py:6299: AttributeError
2025-02-18T22:47:03.9985390Z =============================== warnings summary ===============================
2025-02-18T22:47:03.9985760Z tardis/io/configuration/config_validator.py:6
2025-02-18T22:47:03.9986120Z tardis/io/configuration/config_validator.py:6
2025-02-18T22:47:03.9986600Z   /Users/runner/work/tardis/tardis/tardis/io/configuration/config_validator.py:6: DeprecationWarning:
2025-02-18T22:47:03.9987080Z   
2025-02-18T22:47:03.9988220Z   jsonschema.RefResolver is deprecated as of v4.18.0, in favor of the https://github.com/python-jsonschema/referencing library, which provides more compliant referencing behavior as well as more flexible APIs for customization. A future release will remove RefResolver. Please file a feature request (on referencing) if you are missing an API for the kind of customization you need.
2025-02-18T22:47:03.9989320Z 
2025-02-18T22:47:03.9989550Z ../../../micromamba/envs/tardis/lib/python3.12/site-packages/jupyter_client/connect.py:22
2025-02-18T22:47:03.9990180Z   /Users/runner/micromamba/envs/tardis/lib/python3.12/site-packages/jupyter_client/connect.py:22: DeprecationWarning:
2025-02-18T22:47:03.9990670Z   
2025-02-18T22:47:03.9990890Z   Jupyter is migrating its paths to use standard platformdirs
2025-02-18T22:47:03.9991280Z   given by the platformdirs library.  To remove this warning and
2025-02-18T22:47:03.9991640Z   see the appropriate new directories, set the environment variable
2025-02-18T22:47:03.9992050Z   `JUPYTER_PLATFORM_DIRS=1` and then run `jupyter --paths`.
2025-02-18T22:47:03.9992400Z   The use of platformdirs will be the default in `jupyter_core` v6
2025-02-18T22:47:03.9992630Z 
2025-02-18T22:47:04.0004010Z tardis/io/tests/test_HDFWriter.py::test_multi_index_write
2025-02-18T22:47:04.0004520Z tardis/visualization/widgets/tests/test_shell_info.py::TestHDFShellInfo::test_shells_data
2025-02-18T22:47:04.0005110Z   /Users/runner/work/tardis/tardis/tardis/io/util.py:276: PerformanceWarning:
2025-02-18T22:47:04.0005490Z   
2025-02-18T22:47:04.0005720Z   
2025-02-18T22:47:04.0006000Z   your performance may suffer as PyTables will pickle object types that it cannot
2025-02-18T22:47:04.0006590Z   map directly to c-types [inferred_type->mixed,key->block0_values] [items->Index([0], dtype='int64')]
2025-02-18T22:47:04.0006940Z 
2025-02-18T22:47:04.0007120Z tardis/io/tests/test_model_reader.py::test_read_cmfgen_isotope_abundances
2025-02-18T22:47:04.0007650Z tardis/plasma/tests/test_tardis_model_density_config.py::test_electron_densities
2025-02-18T22:47:04.0008690Z tardis/plasma/tests/test_tardis_model_density_config.py::test_isotope_number_densities
2025-02-18T22:47:04.0009630Z tardis/plasma/tests/test_tardis_model_density_config.py::test_t_rad
2025-02-18T22:47:04.0010250Z   /Users/runner/work/tardis/tardis/tardis/io/model/readers/cmfgen_deprecated.py:82: DeprecationWarning:
2025-02-18T22:47:04.0010690Z   
2025-02-18T22:47:04.0010990Z   The current CMFGEN model parser is deprecated
2025-02-18T22:47:04.0011170Z 
2025-02-18T22:47:04.0011360Z tardis/io/tests/test_model_reader.py: 1 warning
2025-02-18T22:47:04.0011780Z tardis/plasma/tests/test_tardis_model_density_config.py: 9 warnings
2025-02-18T22:47:04.0012450Z   /Users/runner/work/tardis/tardis/tardis/io/model/readers/cmfgen_deprecated.py:40: DeprecationWarning:
2025-02-18T22:47:04.0013000Z   
2025-02-18T22:47:04.0041500Z   The current CMFGEN model parser is deprecated
2025-02-18T22:47:04.0041730Z 
2025-02-18T22:47:04.0041930Z tardis/model/tests/test_base.py::TestModelFromPaper1Config::test_abundances
2025-02-18T22:47:04.0042650Z   /Users/runner/work/tardis/tardis/tardis/transport/montecarlo/montecarlo_main_loop.py:123: NumbaTypeSafetyWarning:
2025-02-18T22:47:04.0043170Z   
2025-02-18T22:47:04.0045480Z   [1m[1m[1munsafe cast from uint64 to int64. Precision may be lost.[0m[0m[0m
2025-02-18T22:47:04.0045750Z 
2025-02-18T22:47:04.0045860Z tardis/model/tests/test_base.py: 6 warnings
2025-02-18T22:47:04.0046190Z tardis/model/tests/test_csvy_model.py: 2 warnings
2025-02-18T22:47:04.0046540Z tardis/plasma/tests/test_tardis_model_density_config.py: 3 warnings
2025-02-18T22:47:04.0047020Z   /Users/runner/work/tardis/tardis/tardis/model/geometry/radial1d.py:50: DeprecationWarning:
2025-02-18T22:47:04.0047460Z   
2025-02-18T22:47:04.0048150Z   v_inner_boundary < 0, assuming default value
2025-02-18T22:47:04.0049050Z 
2025-02-18T22:47:04.0049170Z tardis/model/tests/test_base.py: 6 warnings
2025-02-18T22:47:04.0049440Z tardis/model/tests/test_csvy_model.py: 2 warnings
2025-02-18T22:47:04.0049780Z tardis/plasma/tests/test_tardis_model_density_config.py: 3 warnings
2025-02-18T22:47:04.0050230Z   /Users/runner/work/tardis/tardis/tardis/model/geometry/radial1d.py:61: DeprecationWarning:
2025-02-18T22:47:04.0050720Z   
2025-02-18T22:47:04.0050940Z   v_outer_boundary < 0, assuming default value
2025-02-18T22:47:04.0051140Z 
2025-02-18T22:47:04.0051570Z tardis/plasma/equilibrium/tests/test_level_populations.py::TestLevelPopulationSolver::test_solve[collisional_rate_solver0-radiative_transitions0]
2025-02-18T22:47:04.0052340Z   /Users/runner/work/tardis/tardis/tardis/plasma/equilibrium/level_populations.py:65: FutureWarning:
2025-02-18T22:47:04.0052760Z   
2025-02-18T22:47:04.0053140Z   A value is trying to be set on a copy of a DataFrame or Series through chained assignment using an inplace method.
2025-02-18T22:47:04.0053840Z   The behavior will change in pandas 3.0. This inplace method will never work because the intermediate object on which we are setting values always behaves as a copy.
2025-02-18T22:47:04.0054360Z   
2025-02-18T22:47:04.0054900Z   For example, when doing 'df[col].method(value, inplace=True)', try using 'df.method({col: value}, inplace=True)' or df[col] = df[col].method(value) instead, to perform the operation inplace on the original object.
2025-02-18T22:47:04.0055440Z 
2025-02-18T22:47:04.0055660Z tardis/plasma/tests/test_plasma_vboundary.py::test_plasma_vboundary[2900-3750]
2025-02-18T22:47:04.0056130Z tardis/plasma/tests/test_plasma_vboundary.py::test_plasma_vboundary[2900-3850]
2025-02-18T22:47:04.0056580Z tardis/plasma/tests/test_plasma_vboundary.py::test_plasma_vboundary[2900-3900]
2025-02-18T22:47:04.0057060Z   /Users/runner/work/tardis/tardis/tardis/model/geometry/radial1d.py:71: UserWarning:
2025-02-18T22:47:04.0057420Z   
2025-02-18T22:47:04.0057740Z   Requesting inner boundary below inner shell. Extrapolating the inner cell
2025-02-18T22:47:04.0057960Z 
2025-02-18T22:47:04.0058190Z tardis/spectrum/tests/test_spectrum_solver.py::TestSpectrumSolver::test_solve
2025-02-18T22:47:04.0059090Z   /Users/runner/work/tardis/tardis/tardis/spectrum/base.py:70: UserWarning:
2025-02-18T22:47:04.0059420Z   
2025-02-18T22:47:04.0060100Z   SpectrumSolver.spectrum_virtual_packets is zero. Please run the montecarlo simulation with no_of_virtual_packets > 0
2025-02-18T22:47:04.0060480Z 
2025-02-18T22:47:04.0060650Z tardis/spectrum/tests/test_spectrum_solver.py::TestSpectrumSolver::test_solve
2025-02-18T22:47:04.0061120Z   /Users/runner/work/tardis/tardis/tardis/spectrum/base.py:111: UserWarning:
2025-02-18T22:47:04.0061400Z   
2025-02-18T22:47:04.0061850Z   SpectrumSolver.integrator: The FormalIntegrator is not yet available.Please run the montecarlo simulation at least once.
2025-02-18T22:47:04.0062240Z 
2025-02-18T22:47:04.0062410Z tardis/transport/montecarlo/tests/test_vpacket.py::test_trace_vpacket_volley
2025-02-18T22:47:04.0062790Z   <string>:3: NumbaPendingDeprecationWarning:
2025-02-18T22:47:04.0063090Z   
2025-02-18T22:47:04.0064100Z   [1m[1mCode using Numba extension API maybe depending on 'old_style' error-capturing, which is deprecated and will be replaced by 'new_style' in a future release. See details at https://numba.readthedocs.io/en/latest/reference/deprecation.html#deprecation-of-old-style-numba-captured-errors
2025-02-18T22:47:04.0065030Z   Exception origin:
2025-02-18T22:47:04.0065410Z     File "/Users/runner/micromamba/envs/tardis/lib/python3.12/inspect.py", line 3180, in _bind
2025-02-18T22:47:04.0065860Z       raise TypeError(msg) from None
2025-02-18T22:47:04.0066060Z   [0m[0m
2025-02-18T22:47:04.0066140Z 
2025-02-18T22:47:04.0066400Z tardis/visualization/tools/tests/test_sdec_plot.py::TestSDECPlotter::test_mpl_image[plotter_generate_plot_mpl4]
2025-02-18T22:47:04.0066960Z   /Users/runner/work/tardis/tardis/tardis/visualization/tools/sdec_plot.py:1225: RuntimeWarning:
2025-02-18T22:47:04.0067310Z   
2025-02-18T22:47:04.0068060Z   More than 20 figures have been opened. Figures created through the pyplot interface (`matplotlib.pyplot.figure`) are retained until explicitly closed and may consume too much memory. (To control this warning, see the rcParam `figure.max_open_warning`). Consider using `matplotlib.pyplot.close()`.
2025-02-18T22:47:04.0068800Z 
2025-02-18T22:47:04.0069090Z tardis/visualization/widgets/tests/test_custom_abundance.py::TestCustomAbundanceWidget::test_update_input_item_value
2025-02-18T22:47:04.0069720Z tardis/visualization/widgets/tests/test_custom_abundance.py::TestCustomAbundanceWidget::test_update_input_item_value
2025-02-18T22:47:04.0070350Z tardis/visualization/widgets/tests/test_custom_abundance.py::TestCustomAbundanceWidget::test_update_input_item_value
2025-02-18T22:47:04.0071020Z tardis/visualization/widgets/tests/test_custom_abundance.py::TestCustomAbundanceWidget::test_update_input_item_value
2025-02-18T22:47:04.0071640Z tardis/visualization/widgets/tests/test_custom_abundance.py::TestCustomAbundanceWidget::test_update_input_item_value
2025-02-18T22:47:04.0072260Z tardis/visualization/widgets/tests/test_custom_abundance.py::TestCustomAbundanceWidget::test_update_input_item_value
2025-02-18T22:47:04.0072900Z   /Users/runner/micromamba/envs/tardis/lib/python3.12/site-packages/traitlets/traitlets.py:1385: DeprecationWarning:
2025-02-18T22:47:04.0073350Z   
2025-02-18T22:47:04.0073680Z   Passing unrecognized arguments to super(Checkbox).__init__(icon='lock').
2025-02-18T22:47:04.0074050Z   object.__init__() takes exactly one argument (the instance to initialize)
2025-02-18T22:47:04.0074460Z   This is deprecated in traitlets 4.2.This error will be raised in a future release of traitlets.
2025-02-18T22:47:04.0074720Z 
2025-02-18T22:47:04.0075010Z tardis/visualization/widgets/tests/test_custom_abundance.py::TestCustomAbundanceWidget::test_update_input_item_value
2025-02-18T22:47:04.0075630Z tardis/visualization/widgets/tests/test_custom_abundance.py::TestCustomAbundanceWidget::test_update_input_item_value
2025-02-18T22:47:04.0076310Z   /Users/runner/micromamba/envs/tardis/lib/python3.12/site-packages/traitlets/traitlets.py:1385: DeprecationWarning:
2025-02-18T22:47:04.0076990Z   
2025-02-18T22:47:04.0077360Z   Passing unrecognized arguments to super(FloatText).__init__(min=0).
2025-02-18T22:47:04.0077940Z   object.__init__() takes exactly one argument (the instance to initialize)
2025-02-18T22:47:04.0078470Z   This is deprecated in traitlets 4.2.This error will be raised in a future release of traitlets.
2025-02-18T22:47:04.0078840Z 
2025-02-18T22:47:04.0079130Z tardis/visualization/widgets/tests/test_custom_abundance.py::TestCustomAbundanceWidget::test_update_input_item_value
2025-02-18T22:47:04.0079870Z   /Users/runner/micromamba/envs/tardis/lib/python3.12/site-packages/traitlets/traitlets.py:1385: DeprecationWarning:
2025-02-18T22:47:04.0080320Z   
2025-02-18T22:47:04.0080620Z   Passing unrecognized arguments to super(HTML).__init__(indent=True).
2025-02-18T22:47:04.0081120Z   object.__init__() takes exactly one argument (the instance to initialize)
2025-02-18T22:47:04.0081570Z   This is deprecated in traitlets 4.2.This error will be raised in a future release of traitlets.
2025-02-18T22:47:04.0081880Z 
2025-02-18T22:47:04.0082280Z tardis/visualization/widgets/tests/test_line_info.py::TestLineInfoWidgetData::test_get_species_interactions[wavelength_range0-packet_out_nu]
2025-02-18T22:47:04.0083010Z   /Users/runner/micromamba/envs/tardis/lib/python3.12/site-packages/qgridnext/grid.py:820: DeprecationWarning:
2025-02-18T22:47:04.0083480Z   
2025-02-18T22:47:04.0083900Z   QgridWidget._precision_changed is deprecated in traitlets 4.1: use @observe and @unobserve instead.
2025-02-18T22:47:04.0084190Z 
2025-02-18T22:47:04.0084400Z tardis/visualization/widgets/tests/test_shell_info.py::TestHDFShellInfo::test_shells_data
2025-02-18T22:47:04.0084840Z   /Users/runner/work/tardis/tardis/tardis/io/util.py:289: PerformanceWarning:
2025-02-18T22:47:04.0085120Z   
2025-02-18T22:47:04.0085240Z   
2025-02-18T22:47:04.0085460Z   your performance may suffer as PyTables will pickle object types that it cannot
2025-02-18T22:47:04.0086030Z   map directly to c-types [inferred_type->mixed,key->block0_values] [items->Index([0], dtype='int64')]
2025-02-18T22:47:04.0086310Z 
2025-02-18T22:47:04.0086530Z tardis/visualization/widgets/tests/test_shell_info.py::TestHDFShellInfo::test_shells_data
2025-02-18T22:47:04.0086970Z   /Users/runner/work/tardis/tardis/tardis/io/util.py:292: PerformanceWarning:
2025-02-18T22:47:04.0087260Z   
2025-02-18T22:47:04.0087410Z   
2025-02-18T22:47:04.0087640Z   your performance may suffer as PyTables will pickle object types that it cannot
2025-02-18T22:47:04.0088010Z   map directly to c-types [inferred_type->mixed,key->values] [items->None]
2025-02-18T22:47:04.0088220Z 
2025-02-18T22:47:04.0088430Z tardis/visualization/widgets/tests/test_shell_info.py::TestHDFShellInfo::test_shells_data
2025-02-18T22:47:04.0088900Z   /Users/runner/work/tardis/tardis/tardis/spectrum/formal_integral.py:398: UserWarning:
2025-02-18T22:47:04.0089210Z   
2025-02-18T22:47:04.0089430Z   The number of interpolate_shells was not specified. The value was set to 80.
2025-02-18T22:47:04.0089660Z 
2025-02-18T22:47:04.0089830Z -- Docs: https://docs.pytest.org/en/stable/how-to/capture-warnings.html
2025-02-18T22:47:04.0090060Z 
2025-02-18T22:47:04.0090200Z ---------- coverage: platform darwin, python 3.12.4-final-0 ----------
2025-02-18T22:47:04.0090580Z Coverage HTML written to dir coverage_html_report
2025-02-18T22:47:04.0090850Z Coverage XML written to file coverage.xml
2025-02-18T22:47:04.0091050Z 
2025-02-18T22:47:04.0091440Z =========================== short test summary info ============================
2025-02-18T22:47:04.0092210Z FAILED tardis/io/tests/test_decay.py::test_simple_decay - AttributeError: 'IsotopicMassFraction' object has no attribute 'decay'
2025-02-18T22:47:04.0093130Z FAILED tardis/io/tests/test_decay.py::test_abundance_merge - AttributeError: 'IsotopicMassFraction' object has no attribute 'decay'
2025-02-18T22:47:04.0093820Z = 2 failed, 1408 passed, 357 skipped, 2 deselected, 19 xfailed, 8 xpassed, 63 warnings in 763.19s (0:12:43) =
2025-02-18T22:47:05.9737880Z ##[error]Process completed with exit code 1.
2025-02-18T22:47:06.0451320Z Post job cleanup.
2025-02-18T22:47:06.0581400Z Post job cleanup.
2025-02-18T22:47:06.5173420Z Will use pre-installed micromamba at /Users/runner/micromamba-bin/micromamba
2025-02-18T22:47:06.5188020Z Removing micromamba run shell ...
2025-02-18T22:47:06.5199970Z ##[group]Deinitialize micromamba for bash
2025-02-18T22:47:06.5283830Z [command]/Users/runner/micromamba-bin/micromamba shell deinit -s bash -r /Users/runner/micromamba --log-level warning --rc-file /Users/runner/work/_temp/setup-micromamba/.condarc
2025-02-18T22:47:06.6799420Z Resetting RC file "/Users/runner/.bash_profile"
2025-02-18T22:47:06.6799980Z Deleting config for root prefix 
2025-02-18T22:47:06.6800250Z Clearing mamba executable environment variable
2025-02-18T22:47:06.6831730Z Removing the following in your "/Users/runner/.bash_profile" file
2025-02-18T22:47:06.6832070Z # >>> mamba initialize >>>
2025-02-18T22:47:06.6832250Z ...
2025-02-18T22:47:06.6832500Z # <<< mamba initialize <<<
2025-02-18T22:47:06.6886560Z Removing environment tardis from auto-activate bash ...
2025-02-18T22:47:06.6988380Z Post job cleanup.
2025-02-18T22:47:06.7035870Z Post job cleanup.
2025-02-18T22:47:06.8661020Z [command]/opt/homebrew/bin/git version
2025-02-18T22:47:06.9000080Z git version 2.48.1
2025-02-18T22:47:06.9036750Z Copying '/Users/runner/.gitconfig' to '/Users/runner/work/_temp/73328fb8-7932-4369-aa22-498d99976969/.gitconfig'
2025-02-18T22:47:06.9051380Z Temporarily overriding HOME='/Users/runner/work/_temp/73328fb8-7932-4369-aa22-498d99976969' before making global git config changes
2025-02-18T22:47:06.9052090Z Adding repository directory to the temporary git global config as a safe directory
2025-02-18T22:47:06.9053410Z [command]/opt/homebrew/bin/git config --global --add safe.directory /Users/runner/work/tardis/tardis/tardis-regression-data
2025-02-18T22:47:06.9186310Z [command]/opt/homebrew/bin/git config --local --name-only --get-regexp core\.sshCommand
2025-02-18T22:47:06.9264550Z [command]/opt/homebrew/bin/git submodule foreach --recursive sh -c "git config --local --name-only --get-regexp 'core\.sshCommand' && git config --local --unset-all 'core.sshCommand' || :"
2025-02-18T22:47:07.1072320Z [command]/opt/homebrew/bin/git config --local --name-only --get-regexp http\.https\:\/\/github\.com\/\.extraheader
2025-02-18T22:47:07.1127390Z http.https://github.com/.extraheader
2025-02-18T22:47:07.1137370Z [command]/opt/homebrew/bin/git config --local --unset-all http.https://github.com/.extraheader
2025-02-18T22:47:07.1201600Z [command]/opt/homebrew/bin/git submodule foreach --recursive sh -c "git config --local --name-only --get-regexp 'http\.https\:\/\/github\.com\/\.extraheader' && git config --local --unset-all 'http.https://github.com/.extraheader' || :"
2025-02-18T22:47:07.3205500Z Post job cleanup.
2025-02-18T22:47:07.4649150Z [command]/opt/homebrew/bin/git version
2025-02-18T22:47:07.4722590Z git version 2.48.1
2025-02-18T22:47:07.4761340Z Copying '/Users/runner/.gitconfig' to '/Users/runner/work/_temp/bf26854b-75ce-45cd-ada7-c39195cbe59e/.gitconfig'
2025-02-18T22:47:07.4769630Z Temporarily overriding HOME='/Users/runner/work/_temp/bf26854b-75ce-45cd-ada7-c39195cbe59e' before making global git config changes
2025-02-18T22:47:07.4770370Z Adding repository directory to the temporary git global config as a safe directory
2025-02-18T22:47:07.4786220Z [command]/opt/homebrew/bin/git config --global --add safe.directory /Users/runner/work/tardis/tardis
2025-02-18T22:47:07.4877310Z [command]/opt/homebrew/bin/git config --local --name-only --get-regexp core\.sshCommand
2025-02-18T22:47:07.4948200Z [command]/opt/homebrew/bin/git submodule foreach --recursive sh -c "git config --local --name-only --get-regexp 'core\.sshCommand' && git config --local --unset-all 'core.sshCommand' || :"
2025-02-18T22:47:07.5865270Z [command]/opt/homebrew/bin/git config --local --name-only --get-regexp http\.https\:\/\/github\.com\/\.extraheader
2025-02-18T22:47:07.5917040Z http.https://github.com/.extraheader
2025-02-18T22:47:07.5929930Z [command]/opt/homebrew/bin/git config --local --unset-all http.https://github.com/.extraheader
2025-02-18T22:47:07.6009320Z [command]/opt/homebrew/bin/git submodule foreach --recursive sh -c "git config --local --name-only --get-regexp 'http\.https\:\/\/github\.com\/\.extraheader' && git config --local --unset-all 'http.https://github.com/.extraheader' || :"
2025-02-18T22:47:07.7238820Z Cleaning up orphan processes
