2025-01-13T19:35:07.9399487Z Requested labels: ubuntu-latest
2025-01-13T19:35:07.9399806Z Job defined at: tardis-sn/tardis/.github/workflows/tests.yml@refs/pull/2940/merge
2025-01-13T19:35:07.9399907Z Waiting for a runner to pick up this job...
2025-01-13T19:35:08.2222369Z Job is waiting for a hosted runner to come online.
2025-01-13T19:35:12.2767307Z Job is about to start running on the hosted runner: GitHub Actions 14 (hosted)
2025-01-13T19:35:13.7648851Z Current runner version: '2.321.0'
2025-01-13T19:35:13.7676879Z ##[group]Operating System
2025-01-13T19:35:13.7677960Z Ubuntu
2025-01-13T19:35:13.7678484Z 24.04.1
2025-01-13T19:35:13.7679046Z LTS
2025-01-13T19:35:13.7679552Z ##[endgroup]
2025-01-13T19:35:13.7680093Z ##[group]Runner Image
2025-01-13T19:35:13.7680656Z Image: ubuntu-24.04
2025-01-13T19:35:13.7681245Z Version: 20250105.1.0
2025-01-13T19:35:13.7682294Z Included Software: https://github.com/actions/runner-images/blob/ubuntu24/20250105.1/images/ubuntu/Ubuntu2404-Readme.md
2025-01-13T19:35:13.7683661Z Image Release: https://github.com/actions/runner-images/releases/tag/ubuntu24%2F20250105.1
2025-01-13T19:35:13.7684650Z ##[endgroup]
2025-01-13T19:35:13.7685179Z ##[group]Runner Image Provisioner
2025-01-13T19:35:13.7685756Z 2.0.404.1
2025-01-13T19:35:13.7686267Z ##[endgroup]
2025-01-13T19:35:13.7688595Z ##[group]GITHUB_TOKEN Permissions
2025-01-13T19:35:13.7690879Z Actions: read
2025-01-13T19:35:13.7691662Z Attestations: read
2025-01-13T19:35:13.7692424Z Checks: read
2025-01-13T19:35:13.7692942Z Contents: read
2025-01-13T19:35:13.7693476Z Deployments: read
2025-01-13T19:35:13.7694105Z Discussions: read
2025-01-13T19:35:13.7694751Z Issues: read
2025-01-13T19:35:13.7695226Z Metadata: read
2025-01-13T19:35:13.7695753Z Packages: read
2025-01-13T19:35:13.7696238Z Pages: read
2025-01-13T19:35:13.7696750Z PullRequests: read
2025-01-13T19:35:13.7697477Z RepositoryProjects: read
2025-01-13T19:35:13.7698083Z SecurityEvents: read
2025-01-13T19:35:13.7698648Z Statuses: read
2025-01-13T19:35:13.7699177Z ##[endgroup]
2025-01-13T19:35:13.7702139Z Secret source: None
2025-01-13T19:35:13.7702864Z Prepare workflow directory
2025-01-13T19:35:13.8369916Z Prepare all required actions
2025-01-13T19:35:13.8408280Z Getting action download info
2025-01-13T19:35:14.0496230Z Download action repository 'actions/checkout@v4' (SHA:11bd71901bbe5b1630ceea73d27597364c9af683)
2025-01-13T19:35:14.1348265Z Download action repository 'actions/upload-artifact@v4' (SHA:65c4c4a1ddee5b72f698fdd19549f0f0fb45cf08)
2025-01-13T19:35:14.5316386Z Complete job name: not continuum ubuntu-latest 
2025-01-13T19:35:14.6034636Z ##[group]Run actions/checkout@v4
2025-01-13T19:35:14.6035544Z with:
2025-01-13T19:35:14.6035978Z   repository: tardis-sn/tardis
2025-01-13T19:35:14.6036701Z   token: ***
2025-01-13T19:35:14.6037119Z   ssh-strict: true
2025-01-13T19:35:14.6037819Z   ssh-user: git
2025-01-13T19:35:14.6038260Z   persist-credentials: true
2025-01-13T19:35:14.6038762Z   clean: true
2025-01-13T19:35:14.6039197Z   sparse-checkout-cone-mode: true
2025-01-13T19:35:14.6039723Z   fetch-depth: 1
2025-01-13T19:35:14.6040155Z   fetch-tags: false
2025-01-13T19:35:14.6040613Z   show-progress: true
2025-01-13T19:35:14.6041055Z   lfs: false
2025-01-13T19:35:14.6041461Z   submodules: false
2025-01-13T19:35:14.6041900Z   set-safe-directory: true
2025-01-13T19:35:14.6042616Z env:
2025-01-13T19:35:14.6043015Z   CACHE_NUMBER: 0
2025-01-13T19:35:14.6044235Z   PYTEST_FLAGS: --tardis-regression-data=/home/runner/work/tardis/tardis/tardis-regression-data --cov=tardis --cov-report=xml --cov-report=html --cov-append
2025-01-13T19:35:14.6045590Z   CODECOV_TOKEN: 
2025-01-13T19:35:14.6046007Z ##[endgroup]
2025-01-13T19:35:14.7912298Z Syncing repository: tardis-sn/tardis
2025-01-13T19:35:14.7915659Z ##[group]Getting Git version info
2025-01-13T19:35:14.7917035Z Working directory is '/home/runner/work/tardis/tardis'
2025-01-13T19:35:14.7919238Z [command]/usr/bin/git version
2025-01-13T19:35:14.7947011Z git version 2.47.1
2025-01-13T19:35:14.7977911Z ##[endgroup]
2025-01-13T19:35:14.7994356Z Temporarily overriding HOME='/home/runner/work/_temp/cf733667-4b78-4e54-a89f-3fc4c6276dff' before making global git config changes
2025-01-13T19:35:14.7997221Z Adding repository directory to the temporary git global config as a safe directory
2025-01-13T19:35:14.8000054Z [command]/usr/bin/git config --global --add safe.directory /home/runner/work/tardis/tardis
2025-01-13T19:35:14.8044587Z Deleting the contents of '/home/runner/work/tardis/tardis'
2025-01-13T19:35:14.8050061Z ##[group]Initializing the repository
2025-01-13T19:35:14.8055663Z [command]/usr/bin/git init /home/runner/work/tardis/tardis
2025-01-13T19:35:14.8136239Z hint: Using 'master' as the name for the initial branch. This default branch name
2025-01-13T19:35:14.8138699Z hint: is subject to change. To configure the initial branch name to use in all
2025-01-13T19:35:14.8140756Z hint: of your new repositories, which will suppress this warning, call:
2025-01-13T19:35:14.8142144Z hint:
2025-01-13T19:35:14.8143173Z hint: 	git config --global init.defaultBranch <name>
2025-01-13T19:35:14.8144536Z hint:
2025-01-13T19:35:14.8145741Z hint: Names commonly chosen instead of 'master' are 'main', 'trunk' and
2025-01-13T19:35:14.8147931Z hint: 'development'. The just-created branch can be renamed via this command:
2025-01-13T19:35:14.8149507Z hint:
2025-01-13T19:35:14.8150326Z hint: 	git branch -m <name>
2025-01-13T19:35:14.8151598Z Initialized empty Git repository in /home/runner/work/tardis/tardis/.git/
2025-01-13T19:35:14.8158032Z [command]/usr/bin/git remote add origin https://github.com/tardis-sn/tardis
2025-01-13T19:35:14.8199693Z ##[endgroup]
2025-01-13T19:35:14.8201199Z ##[group]Disabling automatic garbage collection
2025-01-13T19:35:14.8202907Z [command]/usr/bin/git config --local gc.auto 0
2025-01-13T19:35:14.8243068Z ##[endgroup]
2025-01-13T19:35:14.8246220Z ##[group]Setting up auth
2025-01-13T19:35:14.8247949Z [command]/usr/bin/git config --local --name-only --get-regexp core\.sshCommand
2025-01-13T19:35:14.8280890Z [command]/usr/bin/git submodule foreach --recursive sh -c "git config --local --name-only --get-regexp 'core\.sshCommand' && git config --local --unset-all 'core.sshCommand' || :"
2025-01-13T19:35:14.8603621Z [command]/usr/bin/git config --local --name-only --get-regexp http\.https\:\/\/github\.com\/\.extraheader
2025-01-13T19:35:14.8636783Z [command]/usr/bin/git submodule foreach --recursive sh -c "git config --local --name-only --get-regexp 'http\.https\:\/\/github\.com\/\.extraheader' && git config --local --unset-all 'http.https://github.com/.extraheader' || :"
2025-01-13T19:35:14.8902466Z [command]/usr/bin/git config --local http.https://github.com/.extraheader AUTHORIZATION: basic ***
2025-01-13T19:35:14.8964170Z ##[endgroup]
2025-01-13T19:35:14.8965476Z ##[group]Fetching the repository
2025-01-13T19:35:14.8971321Z [command]/usr/bin/git -c protocol.version=2 fetch --no-tags --prune --no-recurse-submodules --depth=1 origin +e0ca5b37f571246f16e4d838d1e758609b1b1ff4:refs/remotes/pull/2940/merge
2025-01-13T19:35:16.0081343Z From https://github.com/tardis-sn/tardis
2025-01-13T19:35:16.0083083Z  * [new ref]         e0ca5b37f571246f16e4d838d1e758609b1b1ff4 -> pull/2940/merge
2025-01-13T19:35:16.0109338Z ##[endgroup]
2025-01-13T19:35:16.0110668Z ##[group]Determining the checkout info
2025-01-13T19:35:16.0111951Z ##[endgroup]
2025-01-13T19:35:16.0116432Z [command]/usr/bin/git sparse-checkout disable
2025-01-13T19:35:16.0157966Z [command]/usr/bin/git config --local --unset-all extensions.worktreeConfig
2025-01-13T19:35:16.0185269Z ##[group]Checking out the ref
2025-01-13T19:35:16.0190202Z [command]/usr/bin/git checkout --progress --force refs/remotes/pull/2940/merge
2025-01-13T19:35:16.2195867Z Note: switching to 'refs/remotes/pull/2940/merge'.
2025-01-13T19:35:16.2197810Z 
2025-01-13T19:35:16.2198926Z You are in 'detached HEAD' state. You can look around, make experimental
2025-01-13T19:35:16.2202240Z changes and commit them, and you can discard any commits you make in this
2025-01-13T19:35:16.2204731Z state without impacting any branches by switching back to a branch.
2025-01-13T19:35:16.2207745Z 
2025-01-13T19:35:16.2208945Z If you want to create a new branch to retain commits you create, you may
2025-01-13T19:35:16.2211311Z do so (now or later) by using -c with the switch command. Example:
2025-01-13T19:35:16.2212630Z 
2025-01-13T19:35:16.2213174Z   git switch -c <new-branch-name>
2025-01-13T19:35:16.2214123Z 
2025-01-13T19:35:16.2214656Z Or undo this operation with:
2025-01-13T19:35:16.2215558Z 
2025-01-13T19:35:16.2218282Z   git switch -
2025-01-13T19:35:16.2219026Z 
2025-01-13T19:35:16.2220317Z Turn off this advice by setting config variable advice.detachedHead to false
2025-01-13T19:35:16.2221465Z 
2025-01-13T19:35:16.2222763Z HEAD is now at e0ca5b3 Merge 3913efb25bcd8f939bf9099d99d4f597e81dc091 into b4bc6ac32afba1ed86870074cd69db14d7845052
2025-01-13T19:35:16.2228858Z ##[endgroup]
2025-01-13T19:35:16.2271467Z [command]/usr/bin/git log -1 --format=%H
2025-01-13T19:35:16.2297659Z e0ca5b37f571246f16e4d838d1e758609b1b1ff4
2025-01-13T19:35:16.2694629Z Prepare all required actions
2025-01-13T19:35:16.2695926Z Getting action download info
2025-01-13T19:35:16.3984180Z Download action repository 'actions/cache@v4' (SHA:1bd1e32a3bdc45362d1e726936510720a7c30a57)
2025-01-13T19:35:16.5550823Z ##[group]Run ./.github/actions/setup_lfs
2025-01-13T19:35:16.5551869Z with:
2025-01-13T19:35:16.5552797Z   regression-data-repo: tardis-sn/tardis-regression-data
2025-01-13T19:35:16.5553965Z env:
2025-01-13T19:35:16.5554667Z   CACHE_NUMBER: 0
2025-01-13T19:35:16.5556940Z   PYTEST_FLAGS: --tardis-regression-data=/home/runner/work/tardis/tardis/tardis-regression-data --cov=tardis --cov-report=xml --cov-report=html --cov-append
2025-01-13T19:35:16.5559537Z   CODECOV_TOKEN: 
2025-01-13T19:35:16.5560299Z ##[endgroup]
2025-01-13T19:35:16.5760671Z ##[group]Run actions/checkout@v4
2025-01-13T19:35:16.5761611Z with:
2025-01-13T19:35:16.5762430Z   repository: tardis-sn/tardis-regression-data
2025-01-13T19:35:16.5763536Z   path: tardis-regression-data
2025-01-13T19:35:16.5764764Z   token: ***
2025-01-13T19:35:16.5765502Z   ssh-strict: true
2025-01-13T19:35:16.5766258Z   ssh-user: git
2025-01-13T19:35:16.5767036Z   persist-credentials: true
2025-01-13T19:35:16.5768118Z   clean: true
2025-01-13T19:35:16.5768922Z   sparse-checkout-cone-mode: true
2025-01-13T19:35:16.5769872Z   fetch-depth: 1
2025-01-13T19:35:16.5770633Z   fetch-tags: false
2025-01-13T19:35:16.5771413Z   show-progress: true
2025-01-13T19:35:16.5772208Z   lfs: false
2025-01-13T19:35:16.5772949Z   submodules: false
2025-01-13T19:35:16.5773748Z   set-safe-directory: true
2025-01-13T19:35:16.5774582Z env:
2025-01-13T19:35:16.5775241Z   CACHE_NUMBER: 0
2025-01-13T19:35:16.5777577Z   PYTEST_FLAGS: --tardis-regression-data=/home/runner/work/tardis/tardis/tardis-regression-data --cov=tardis --cov-report=xml --cov-report=html --cov-append
2025-01-13T19:35:16.5779970Z   CODECOV_TOKEN: 
2025-01-13T19:35:16.5780703Z ##[endgroup]
2025-01-13T19:35:16.6792525Z Syncing repository: tardis-sn/tardis-regression-data
2025-01-13T19:35:16.6801453Z ##[group]Getting Git version info
2025-01-13T19:35:16.6804174Z Working directory is '/home/runner/work/tardis/tardis/tardis-regression-data'
2025-01-13T19:35:16.6844177Z [command]/usr/bin/git version
2025-01-13T19:35:16.6888824Z git version 2.47.1
2025-01-13T19:35:16.6916000Z ##[endgroup]
2025-01-13T19:35:16.6932419Z Temporarily overriding HOME='/home/runner/work/_temp/278fc54e-f271-4bf4-bba0-2832fc8002e9' before making global git config changes
2025-01-13T19:35:16.6937031Z Adding repository directory to the temporary git global config as a safe directory
2025-01-13T19:35:16.6941320Z [command]/usr/bin/git config --global --add safe.directory /home/runner/work/tardis/tardis/tardis-regression-data
2025-01-13T19:35:16.6977026Z ##[group]Initializing the repository
2025-01-13T19:35:16.6983345Z [command]/usr/bin/git init /home/runner/work/tardis/tardis/tardis-regression-data
2025-01-13T19:35:16.7019678Z hint: Using 'master' as the name for the initial branch. This default branch name
2025-01-13T19:35:16.7022936Z hint: is subject to change. To configure the initial branch name to use in all
2025-01-13T19:35:16.7027751Z hint: of your new repositories, which will suppress this warning, call:
2025-01-13T19:35:16.7029878Z hint:
2025-01-13T19:35:16.7030949Z hint: 	git config --global init.defaultBranch <name>
2025-01-13T19:35:16.7032726Z hint:
2025-01-13T19:35:16.7034441Z hint: Names commonly chosen instead of 'master' are 'main', 'trunk' and
2025-01-13T19:35:16.7036273Z hint: 'development'. The just-created branch can be renamed via this command:
2025-01-13T19:35:16.7038173Z hint:
2025-01-13T19:35:16.7038901Z hint: 	git branch -m <name>
2025-01-13T19:35:16.7040526Z Initialized empty Git repository in /home/runner/work/tardis/tardis/tardis-regression-data/.git/
2025-01-13T19:35:16.7043894Z [command]/usr/bin/git remote add origin https://github.com/tardis-sn/tardis-regression-data
2025-01-13T19:35:16.7064848Z ##[endgroup]
2025-01-13T19:35:16.7066568Z ##[group]Disabling automatic garbage collection
2025-01-13T19:35:16.7068757Z [command]/usr/bin/git config --local gc.auto 0
2025-01-13T19:35:16.7102019Z ##[endgroup]
2025-01-13T19:35:16.7108774Z ##[group]Setting up auth
2025-01-13T19:35:16.7111453Z [command]/usr/bin/git config --local --name-only --get-regexp core\.sshCommand
2025-01-13T19:35:16.7148254Z [command]/usr/bin/git submodule foreach --recursive sh -c "git config --local --name-only --get-regexp 'core\.sshCommand' && git config --local --unset-all 'core.sshCommand' || :"
2025-01-13T19:35:16.7415403Z [command]/usr/bin/git config --local --name-only --get-regexp http\.https\:\/\/github\.com\/\.extraheader
2025-01-13T19:35:16.7457959Z [command]/usr/bin/git submodule foreach --recursive sh -c "git config --local --name-only --get-regexp 'http\.https\:\/\/github\.com\/\.extraheader' && git config --local --unset-all 'http.https://github.com/.extraheader' || :"
2025-01-13T19:35:16.7729973Z [command]/usr/bin/git config --local http.https://github.com/.extraheader AUTHORIZATION: basic ***
2025-01-13T19:35:16.7781038Z ##[endgroup]
2025-01-13T19:35:16.7783437Z ##[group]Determining the default branch
2025-01-13T19:35:16.7785374Z Retrieving the default branch name
2025-01-13T19:35:16.9719459Z Default branch 'main'
2025-01-13T19:35:16.9721894Z ##[endgroup]
2025-01-13T19:35:16.9723982Z ##[group]Fetching the repository
2025-01-13T19:35:16.9729687Z [command]/usr/bin/git -c protocol.version=2 fetch --no-tags --prune --no-recurse-submodules --depth=1 origin +refs/heads/main:refs/remotes/origin/main
2025-01-13T19:35:17.2625557Z From https://github.com/tardis-sn/tardis-regression-data
2025-01-13T19:35:17.2628281Z  * [new branch]      main       -> origin/main
2025-01-13T19:35:17.2656655Z ##[endgroup]
2025-01-13T19:35:17.2660261Z ##[group]Determining the checkout info
2025-01-13T19:35:17.2661973Z ##[endgroup]
2025-01-13T19:35:17.2662909Z [command]/usr/bin/git sparse-checkout disable
2025-01-13T19:35:17.2701246Z [command]/usr/bin/git config --local --unset-all extensions.worktreeConfig
2025-01-13T19:35:17.2733081Z ##[group]Checking out the ref
2025-01-13T19:35:17.2738088Z [command]/usr/bin/git checkout --progress --force -B main refs/remotes/origin/main
2025-01-13T19:35:17.3778227Z Switched to a new branch 'main'
2025-01-13T19:35:17.3779767Z branch 'main' set up to track 'origin/main'.
2025-01-13T19:35:17.4060162Z ##[endgroup]
2025-01-13T19:35:17.4112875Z [command]/usr/bin/git log -1 --format=%H
2025-01-13T19:35:17.4137179Z fa7729bc9c30e14b69acd641af8b692b56fcd416
2025-01-13T19:35:17.4273056Z ##[group]Run git lfs ls-files -l | cut -d' ' -f1 | sort > .lfs-assets-id
2025-01-13T19:35:17.4273622Z [36;1mgit lfs ls-files -l | cut -d' ' -f1 | sort > .lfs-assets-id[0m
2025-01-13T19:35:17.4305541Z shell: /usr/bin/bash --noprofile --norc -e -o pipefail {0}
2025-01-13T19:35:17.4305886Z env:
2025-01-13T19:35:17.4306070Z   CACHE_NUMBER: 0
2025-01-13T19:35:17.4306726Z   PYTEST_FLAGS: --tardis-regression-data=/home/runner/work/tardis/tardis/tardis-regression-data --cov=tardis --cov-report=xml --cov-report=html --cov-append
2025-01-13T19:35:17.4307632Z   CODECOV_TOKEN: 
2025-01-13T19:35:17.4307837Z ##[endgroup]
2025-01-13T19:35:17.5949510Z ##[group]Run actions/cache/restore@v4
2025-01-13T19:35:17.5950751Z with:
2025-01-13T19:35:17.5981148Z   path: tardis-regression-data/.git/lfs
2025-01-13T19:35:17.5981631Z   key: Linux-lfs-21f9fa4b6817cc69b9fae3598144724da7828e276a73bd17f47a2a49d9af090a-v1
2025-01-13T19:35:17.5982116Z   enableCrossOsArchive: false
2025-01-13T19:35:17.5982376Z   fail-on-cache-miss: false
2025-01-13T19:35:17.5982916Z   lookup-only: false
2025-01-13T19:35:17.5983168Z env:
2025-01-13T19:35:17.5983409Z   CACHE_NUMBER: 0
2025-01-13T19:35:17.5984068Z   PYTEST_FLAGS: --tardis-regression-data=/home/runner/work/tardis/tardis/tardis-regression-data --cov=tardis --cov-report=xml --cov-report=html --cov-append
2025-01-13T19:35:17.5984758Z   CODECOV_TOKEN: 
2025-01-13T19:35:17.5984959Z ##[endgroup]
2025-01-13T19:35:18.8630144Z Received 322961408 of 1708418946 (18.9%), 306.5 MBs/sec
2025-01-13T19:35:19.8703796Z Received 725614592 of 1708418946 (42.5%), 343.9 MBs/sec
2025-01-13T19:35:20.8823617Z Received 1124073472 of 1708418946 (65.8%), 354.5 MBs/sec
2025-01-13T19:35:21.8882837Z Received 1463812096 of 1708418946 (85.7%), 346.3 MBs/sec
2025-01-13T19:35:22.6209439Z Cache Size: ~1629 MB (1708418946 B)
2025-01-13T19:35:22.6348067Z [command]/usr/bin/tar -xf /home/runner/work/_temp/73bd59e6-93d5-4ce8-a500-098ea34c0257/cache.tzst -P -C /home/runner/work/tardis/tardis --use-compress-program unzstd
2025-01-13T19:35:22.8889573Z Received 1708418946 of 1708418946 (100.0%), 323.8 MBs/sec
2025-01-13T19:35:29.0778405Z Cache restored successfully
2025-01-13T19:35:29.4167660Z Cache restored from key: Linux-lfs-21f9fa4b6817cc69b9fae3598144724da7828e276a73bd17f47a2a49d9af090a-v1
2025-01-13T19:35:29.4399642Z ##[group]Run git lfs checkout
2025-01-13T19:35:29.4399939Z [36;1mgit lfs checkout[0m
2025-01-13T19:35:29.4426432Z shell: /usr/bin/bash --noprofile --norc -e -o pipefail {0}
2025-01-13T19:35:29.4426763Z env:
2025-01-13T19:35:29.4426948Z   CACHE_NUMBER: 0
2025-01-13T19:35:29.4427768Z   PYTEST_FLAGS: --tardis-regression-data=/home/runner/work/tardis/tardis/tardis-regression-data --cov=tardis --cov-report=xml --cov-report=html --cov-append
2025-01-13T19:35:29.4428425Z   CODECOV_TOKEN: 
2025-01-13T19:35:29.4428616Z ##[endgroup]
2025-01-13T19:35:39.3481497Z Checking out LFS objects: 100% (204/204), 3.5 GB | 334 MB/s, done.
2025-01-13T19:35:44.5240269Z Prepare all required actions
2025-01-13T19:35:44.5240627Z Getting action download info
2025-01-13T19:35:44.6562554Z Download action repository 'mamba-org/setup-micromamba@v1' (SHA:4b9113af4fba0e9e1124b252dd6497a419e7396d)
2025-01-13T19:35:44.9054092Z ##[group]Run ./.github/actions/setup_env
2025-01-13T19:35:44.9054370Z with:
2025-01-13T19:35:44.9054552Z   os-label: linux-64
2025-01-13T19:35:44.9054743Z env:
2025-01-13T19:35:44.9054905Z   CACHE_NUMBER: 0
2025-01-13T19:35:44.9055525Z   PYTEST_FLAGS: --tardis-regression-data=/home/runner/work/tardis/tardis/tardis-regression-data --cov=tardis --cov-report=xml --cov-report=html --cov-append
2025-01-13T19:35:44.9056220Z   CODECOV_TOKEN: 
2025-01-13T19:35:44.9056411Z ##[endgroup]
2025-01-13T19:35:44.9076323Z ##[group]Run file_hash=$(cat conda-linux-64.lock | shasum -a 256 | cut -d' ' -f1)
2025-01-13T19:35:44.9076807Z [36;1mfile_hash=$(cat conda-linux-64.lock | shasum -a 256 | cut -d' ' -f1)[0m
2025-01-13T19:35:44.9077236Z [36;1mecho "file_hash=$file_hash" >> "${GITHUB_OUTPUT}"[0m
2025-01-13T19:35:44.9103308Z shell: /usr/bin/bash --noprofile --norc -e -o pipefail {0}
2025-01-13T19:35:44.9103739Z env:
2025-01-13T19:35:44.9103911Z   CACHE_NUMBER: 0
2025-01-13T19:35:44.9104516Z   PYTEST_FLAGS: --tardis-regression-data=/home/runner/work/tardis/tardis/tardis-regression-data --cov=tardis --cov-report=xml --cov-report=html --cov-append
2025-01-13T19:35:44.9105181Z   CODECOV_TOKEN: 
2025-01-13T19:35:44.9105376Z ##[endgroup]
2025-01-13T19:35:44.9455157Z ##[group]Run mamba-org/setup-micromamba@v1
2025-01-13T19:35:44.9455443Z with:
2025-01-13T19:35:44.9455645Z   environment-file: conda-linux-64.lock
2025-01-13T19:35:44.9456073Z   cache-environment-key: d7cd390425b0fd3cf82649dcc003efba9915fb4928f15d342148c3ccffcbe2ee
2025-01-13T19:35:44.9456644Z   cache-downloads-key: d7cd390425b0fd3cf82649dcc003efba9915fb4928f15d342148c3ccffcbe2ee
2025-01-13T19:35:44.9457053Z   environment-name: tardis
2025-01-13T19:35:44.9457279Z   cache-environment: true
2025-01-13T19:35:44.9457785Z   cache-downloads: true
2025-01-13T19:35:44.9457992Z env:
2025-01-13T19:35:44.9458152Z   CACHE_NUMBER: 0
2025-01-13T19:35:44.9458963Z   PYTEST_FLAGS: --tardis-regression-data=/home/runner/work/tardis/tardis/tardis-regression-data --cov=tardis --cov-report=xml --cov-report=html --cov-append
2025-01-13T19:35:44.9459598Z   CODECOV_TOKEN: 
2025-01-13T19:35:44.9459784Z ##[endgroup]
2025-01-13T19:35:45.0850341Z Will download micromamba to /home/runner/micromamba-bin/micromamba
2025-01-13T19:35:45.0859423Z ##[group]Install micromamba
2025-01-13T19:35:45.3016743Z micromamba installed to /home/runner/micromamba-bin/micromamba
2025-01-13T19:35:45.3017980Z ##[endgroup]
2025-01-13T19:35:45.3018637Z Adding conda-forge to condarc channels ...
2025-01-13T19:35:45.3028997Z ##[group]Initialize micromamba for bash.
2025-01-13T19:35:45.3046091Z [command]/home/runner/micromamba-bin/micromamba shell init -s bash -r /home/runner/micromamba --log-level warning --rc-file /home/runner/work/_temp/setup-micromamba/.condarc
2025-01-13T19:35:45.3155104Z Modifying RC file "/home/runner/.bashrc"
2025-01-13T19:35:45.3156788Z Generating config for root prefix [1m"/home/runner/micromamba"[0m
2025-01-13T19:35:45.3157969Z Setting mamba executable to: [1m"/home/runner/micromamba-bin/micromamba"[0m
2025-01-13T19:35:45.3158772Z Adding (or replacing) the following in your "/home/runner/.bashrc" file
2025-01-13T19:35:45.3159333Z 
2025-01-13T19:35:45.3159444Z # >>> mamba initialize >>>
2025-01-13T19:35:45.3159784Z # !! Contents within this block are managed by 'mamba init' !!
2025-01-13T19:35:45.3160424Z export MAMBA_EXE='/home/runner/micromamba-bin/micromamba';
2025-01-13T19:35:45.3161040Z export MAMBA_ROOT_PREFIX='/home/runner/micromamba';
2025-01-13T19:35:45.3161935Z __mamba_setup="$("$MAMBA_EXE" shell hook --shell bash --root-prefix "$MAMBA_ROOT_PREFIX" 2> /dev/null)"
2025-01-13T19:35:45.3163023Z if [ $? -eq 0 ]; then
2025-01-13T19:35:45.3163698Z     eval "$__mamba_setup"
2025-01-13T19:35:45.3164106Z else
2025-01-13T19:35:45.3165603Z     alias micromamba="$MAMBA_EXE"  # Fallback on help from mamba activate
2025-01-13T19:35:45.3166606Z fi
2025-01-13T19:35:45.3167215Z unset __mamba_setup
2025-01-13T19:35:45.3168072Z # <<< mamba initialize <<<
2025-01-13T19:35:45.3168369Z 
2025-01-13T19:35:45.3181985Z Moving mamba initialize block to .bash_profile
2025-01-13T19:35:45.3196069Z ##[endgroup]
2025-01-13T19:35:45.3198224Z ##[group]Restoring downloads from `/home/runner/micromamba/pkgs` ...
2025-01-13T19:35:46.4043641Z Received 322961408 of 356800233 (90.5%), 306.2 MBs/sec
2025-01-13T19:35:46.4964156Z Cache Size: ~340 MB (356800233 B)
2025-01-13T19:35:46.5046478Z [command]/usr/bin/tar -xf /home/runner/work/_temp/ba6a5034-5244-45cd-8b7e-3af81e6dafd2/cache.tzst -P -C /home/runner/work/tardis/tardis --use-compress-program unzstd
2025-01-13T19:35:47.0477825Z Cache restored successfully
2025-01-13T19:35:47.1224831Z Restored cache with key `d7cd390425b0fd3cf82649dcc003efba9915fb4928f15d342148c3ccffcbe2ee-linux-64`
2025-01-13T19:35:47.1226465Z ##[endgroup]
2025-01-13T19:35:47.1237210Z ##[group]Restoring environment `tardis` from `/home/runner/micromamba/envs/tardis` ...
2025-01-13T19:35:47.4025702Z Received 356800233 of 356800233 (100.0%), 169.6 MBs/sec
2025-01-13T19:35:48.1869263Z Received 360710144 of 444592193 (81.1%), 341.9 MBs/sec
2025-01-13T19:35:48.3753454Z Cache Size: ~424 MB (444592193 B)
2025-01-13T19:35:48.3796036Z [command]/usr/bin/tar -xf /home/runner/work/_temp/22330b7d-4929-4649-842e-a267c70f1476/cache.tzst -P -C /home/runner/work/tardis/tardis --use-compress-program unzstd
2025-01-13T19:35:49.1860562Z Received 444592193 of 444592193 (100.0%), 211.4 MBs/sec
2025-01-13T19:35:54.0709180Z Cache restored successfully
2025-01-13T19:35:54.1505224Z Restored cache with key `d7cd390425b0fd3cf82649dcc003efba9915fb4928f15d342148c3ccffcbe2ee-linux-64-tardis-args-4f53cda-root-dcc80ee-bin-[object Promise]-file-d7cd390425b0fd3cf82649dcc003efba9915fb4928f15d342148c3ccffcbe2ee`
2025-01-13T19:35:54.1506752Z ##[endgroup]
2025-01-13T19:35:54.1507673Z Adding environment tardis to auto-activate bash ...
2025-01-13T19:35:54.1523109Z Generating micromamba run shell.
2025-01-13T19:35:54.1535220Z ##[endgroup]
2025-01-13T19:35:54.1541677Z Set environment variables.
2025-01-13T19:35:54.1546016Z ##[group]micromamba info
2025-01-13T19:35:54.1551596Z [command]/home/runner/micromamba-bin/micromamba info -r /home/runner/micromamba -n tardis
2025-01-13T19:35:54.1811751Z 
2025-01-13T19:35:54.1812255Z        libmamba version : 1.5.10
2025-01-13T19:35:54.1812743Z      micromamba version : 1.5.10
2025-01-13T19:35:54.1813360Z            curl version : libcurl/8.10.1 OpenSSL/3.3.2 zlib/1.3.1 zstd/1.5.6 libssh2/1.11.0 nghttp2/1.58.0
2025-01-13T19:35:54.1814009Z      libarchive version : libarchive 3.7.4 zlib/1.2.13 bz2lib/1.0.8 libzstd/1.5.6
2025-01-13T19:35:54.1814512Z        envs directories : /home/runner/micromamba/envs
2025-01-13T19:35:54.1814905Z           package cache : /home/runner/micromamba/pkgs
2025-01-13T19:35:54.1815301Z                           /home/runner/.mamba/pkgs
2025-01-13T19:35:54.1815632Z             environment : tardis
2025-01-13T19:35:54.1815985Z            env location : /home/runner/micromamba/envs/tardis
2025-01-13T19:35:54.1816384Z       user config files : /home/runner/.mambarc
2025-01-13T19:35:54.1816882Z  populated config files : /home/runner/work/_temp/setup-micromamba/.condarc
2025-01-13T19:35:54.1817481Z        virtual packages : __unix=0=0
2025-01-13T19:35:54.1817794Z                           __linux=6.8.0=0
2025-01-13T19:35:54.1818100Z                           __glibc=2.39=0
2025-01-13T19:35:54.1818410Z                           __archspec=1=x86_64_v3
2025-01-13T19:35:54.1818859Z                channels : https://conda.anaconda.org/conda-forge/linux-64
2025-01-13T19:35:54.1819638Z                           https://conda.anaconda.org/conda-forge/noarch
2025-01-13T19:35:54.1820131Z        base environment : /home/runner/micromamba
2025-01-13T19:35:54.1820732Z                platform : linux-64
2025-01-13T19:35:54.1830898Z ##[endgroup]
2025-01-13T19:35:54.1832416Z ##[group]micromamba list
2025-01-13T19:35:54.1833729Z [command]/home/runner/micromamba-bin/micromamba list -r /home/runner/micromamba -n tardis
2025-01-13T19:35:54.5895061Z List of packages in environment: "/home/runner/micromamba/envs/tardis"
2025-01-13T19:35:54.5895815Z 
2025-01-13T19:35:54.5896170Z   Name                           Version              Build                    Channel    
2025-01-13T19:35:54.5897628Z â”€â”€â”€â”€â”€â”€â”€â”€â”€â”€â”€â”€â”€â”€â”€â”€â”€â”€â”€â”€â”€â”€â”€â”€â”€â”€â”€â”€â”€â”€â”€â”€â”€â”€â”€â”€â”€â”€â”€â”€â”€â”€â”€â”€â”€â”€â”€â”€â”€â”€â”€â”€â”€â”€â”€â”€â”€â”€â”€â”€â”€â”€â”€â”€â”€â”€â”€â”€â”€â”€â”€â”€â”€â”€â”€â”€â”€â”€â”€â”€â”€â”€â”€â”€â”€â”€â”€â”€â”€â”€â”€â”€
2025-01-13T19:35:54.5898685Z   _libgcc_mutex                  0.1                  conda_forge              conda-forge
2025-01-13T19:35:54.5899468Z   _openmp_mutex                  4.5                  2_gnu                    conda-forge
2025-01-13T19:35:54.5900198Z   alabaster                      0.7.16               pyhd8ed1ab_0             conda-forge
2025-01-13T19:35:54.5932725Z   anyio                          4.4.0                pyhd8ed1ab_0             conda-forge
2025-01-13T19:35:54.5933474Z   argon2-cffi                    23.1.0               pyhd8ed1ab_0             conda-forge
2025-01-13T19:35:54.5934286Z   argon2-cffi-bindings           21.2.0               py312h98912ed_4          conda-forge
2025-01-13T19:35:54.5934983Z   arrow                          1.3.0                pyhd8ed1ab_0             conda-forge
2025-01-13T19:35:54.5935587Z   astropy                        6.1.1                py312h085067d_0          conda-forge
2025-01-13T19:35:54.5936461Z   astropy-iers-data              0.2024.6.17.0.31.35  pyhd8ed1ab_0             conda-forge
2025-01-13T19:35:54.5937583Z   astropy-sphinx-theme           1.1                  pyhd8ed1ab_0             conda-forge
2025-01-13T19:35:54.5938316Z   asttokens                      2.4.1                pyhd8ed1ab_0             conda-forge
2025-01-13T19:35:54.5938934Z   async-lru                      2.0.4                pyhd8ed1ab_0             conda-forge
2025-01-13T19:35:54.5939520Z   atk-1.0                        2.38.0               h04ea711_2               conda-forge
2025-01-13T19:35:54.5940069Z   attrs                          23.2.0               pyh71513ae_0             conda-forge
2025-01-13T19:35:54.5941034Z   babel                          2.14.0               pyhd8ed1ab_0             conda-forge
2025-01-13T19:35:54.5941659Z   beautifulsoup4                 4.12.3               pyha770c72_0             conda-forge
2025-01-13T19:35:54.5942305Z   bleach                         6.1.0                pyhd8ed1ab_0             conda-forge
2025-01-13T19:35:54.5942894Z   blosc                          1.21.5               hc2324a3_1               conda-forge
2025-01-13T19:35:54.5943467Z   brotli                         1.1.0                hd590300_1               conda-forge
2025-01-13T19:35:54.5944072Z   brotli-bin                     1.1.0                hd590300_1               conda-forge
2025-01-13T19:35:54.5944756Z   brotli-python                  1.1.0                py312h30efb56_1          conda-forge
2025-01-13T19:35:54.5945352Z   bzip2                          1.0.8                hd590300_5               conda-forge
2025-01-13T19:35:54.5945910Z   c-ares                         1.28.1               hd590300_0               conda-forge
2025-01-13T19:35:54.5946529Z   c-blosc2                       2.14.4               hb4ffafa_1               conda-forge
2025-01-13T19:35:54.5947191Z   ca-certificates                2024.6.2             hbcca054_0               conda-forge
2025-01-13T19:35:54.5948070Z   cached-property                1.5.2                hd8ed1ab_1               conda-forge
2025-01-13T19:35:54.5948747Z   cached_property                1.5.2                pyha770c72_1             conda-forge
2025-01-13T19:35:54.5949377Z   cairo                          1.18.0               h3faef2a_0               conda-forge
2025-01-13T19:35:54.5949969Z   certifi                        2024.6.2             pyhd8ed1ab_0             conda-forge
2025-01-13T19:35:54.5950834Z   cffi                           1.16.0               py312hf06ca03_0          conda-forge
2025-01-13T19:35:54.5951496Z   charset-normalizer             3.3.2                pyhd8ed1ab_0             conda-forge
2025-01-13T19:35:54.5952151Z   click                          8.1.7                unix_pyh707e725_0        conda-forge
2025-01-13T19:35:54.5952748Z   codespell                      2.3.0                pyhd8ed1ab_0             conda-forge
2025-01-13T19:35:54.5953364Z   colorama                       0.4.6                pyhd8ed1ab_0             conda-forge
2025-01-13T19:35:54.5953937Z   comm                           0.2.2                pyhd8ed1ab_0             conda-forge
2025-01-13T19:35:54.5954516Z   commonmark                     0.9.1                py_0                     conda-forge
2025-01-13T19:35:54.5955126Z   contourpy                      1.2.1                py312h8572e83_0          conda-forge
2025-01-13T19:35:54.5955712Z   coverage                       7.5.3                py312h9a8786e_0          conda-forge
2025-01-13T19:35:54.5956316Z   cycler                         0.12.1               pyhd8ed1ab_0             conda-forge
2025-01-13T19:35:54.5956927Z   dataclasses                    0.8                  pyhc8e2a94_3             conda-forge
2025-01-13T19:35:54.5957686Z   debugpy                        1.8.1                py312h30efb56_0          conda-forge
2025-01-13T19:35:54.5958299Z   decorator                      5.1.1                pyhd8ed1ab_0             conda-forge
2025-01-13T19:35:54.5958938Z   defusedxml                     0.7.1                pyhd8ed1ab_0             conda-forge
2025-01-13T19:35:54.5959571Z   docutils                       0.20.1               py312h7900ff3_3          conda-forge
2025-01-13T19:35:54.5960210Z   dot2tex                        2.11.3               pyhd8ed1ab_0             conda-forge
2025-01-13T19:35:54.5960875Z   entrypoints                    0.4                  pyhd8ed1ab_0             conda-forge
2025-01-13T19:35:54.5961768Z   exceptiongroup                 1.2.0                pyhd8ed1ab_2             conda-forge
2025-01-13T19:35:54.6002095Z   executing                      2.0.1                pyhd8ed1ab_0             conda-forge
2025-01-13T19:35:54.6003066Z   expat                          2.6.2                h59595ed_0               conda-forge
2025-01-13T19:35:54.6003717Z   font-ttf-dejavu-sans-mono      2.37                 hab24e00_0               conda-forge
2025-01-13T19:35:54.6004452Z   font-ttf-inconsolata           3.000                h77eed37_0               conda-forge
2025-01-13T19:35:54.6005170Z   font-ttf-source-code-pro       2.038                h77eed37_0               conda-forge
2025-01-13T19:35:54.6005846Z   font-ttf-ubuntu                0.83                 h77eed37_2               conda-forge
2025-01-13T19:35:54.6006448Z   fontconfig                     2.14.2               h14ed4e7_0               conda-forge
2025-01-13T19:35:54.6007110Z   fonts-conda-ecosystem          1                    0                        conda-forge
2025-01-13T19:35:54.6007966Z   fonts-conda-forge              1                    0                        conda-forge
2025-01-13T19:35:54.6008595Z   fonttools                      4.53.0               py312h9a8786e_0          conda-forge
2025-01-13T19:35:54.6009176Z   fqdn                           1.5.1                pyhd8ed1ab_0             conda-forge
2025-01-13T19:35:54.6009749Z   freetype                       2.12.1               h267a509_2               conda-forge
2025-01-13T19:35:54.6010333Z   fribidi                        1.0.10               h36c2ea0_0               conda-forge
2025-01-13T19:35:54.6010903Z   future                         1.0.0                pyhd8ed1ab_0             conda-forge
2025-01-13T19:35:54.6011482Z   gdk-pixbuf                     2.42.12              hb9ae30d_0               conda-forge
2025-01-13T19:35:54.6012121Z   giflib                         5.2.2                hd590300_0               conda-forge
2025-01-13T19:35:54.6012914Z   git-lfs                        3.5.1                ha770c72_0               conda-forge
2025-01-13T19:35:54.6013486Z   gmp                            6.3.0                h59595ed_1               conda-forge
2025-01-13T19:35:54.6014045Z   gmpy2                          2.1.5                py312h1d5cde6_1          conda-forge
2025-01-13T19:35:54.6014633Z   graphite2                      1.3.13               h59595ed_1003            conda-forge
2025-01-13T19:35:54.6015250Z   graphviz                       11.0.0               hc68bbd7_0               conda-forge
2025-01-13T19:35:54.6015829Z   gtk2                           2.24.33              h280cfa0_4               conda-forge
2025-01-13T19:35:54.6016362Z   gts                            0.7.6                h977cf35_4               conda-forge
2025-01-13T19:35:54.6016929Z   h11                            0.14.0               pyhd8ed1ab_0             conda-forge
2025-01-13T19:35:54.6017677Z   h2                             4.1.0                pyhd8ed1ab_0             conda-forge
2025-01-13T19:35:54.6018251Z   h5py                           3.11.0               nompi_py312hb7ab980_102  conda-forge
2025-01-13T19:35:54.6018806Z   harfbuzz                       8.5.0                hfac3d4d_0               conda-forge
2025-01-13T19:35:54.6019364Z   hdf5                           1.14.3               nompi_hdf9ad27_105       conda-forge
2025-01-13T19:35:54.6019897Z   hpack                          4.0.0                pyh9f0ad1d_0             conda-forge
2025-01-13T19:35:54.6020457Z   httpcore                       1.0.5                pyhd8ed1ab_0             conda-forge
2025-01-13T19:35:54.6021046Z   httpx                          0.27.0               pyhd8ed1ab_0             conda-forge
2025-01-13T19:35:54.6021608Z   hyperframe                     6.0.1                pyhd8ed1ab_0             conda-forge
2025-01-13T19:35:54.6022152Z   icu                            73.2                 h59595ed_0               conda-forge
2025-01-13T19:35:54.6022708Z   idna                           3.7                  pyhd8ed1ab_0             conda-forge
2025-01-13T19:35:54.6023223Z   imagesize                      1.4.1                pyhd8ed1ab_0             conda-forge
2025-01-13T19:35:54.6024064Z   importlib-metadata             7.1.0                pyha770c72_0             conda-forge
2025-01-13T19:35:54.6024758Z   importlib_metadata             7.1.0                hd8ed1ab_0               conda-forge
2025-01-13T19:35:54.6025413Z   importlib_resources            6.4.0                pyhd8ed1ab_0             conda-forge
2025-01-13T19:35:54.6026092Z   iniconfig                      2.0.0                pyhd8ed1ab_0             conda-forge
2025-01-13T19:35:54.6026661Z   ipykernel                      6.29.4               pyh3099207_0             conda-forge
2025-01-13T19:35:54.6027222Z   ipython                        8.25.0               pyh707e725_0             conda-forge
2025-01-13T19:35:54.6028220Z   ipython_genutils               0.2.0                pyhd8ed1ab_1             conda-forge
2025-01-13T19:35:54.6028667Z   ipywidgets                     7.8.0                pyhd8ed1ab_0             conda-forge
2025-01-13T19:35:54.6029089Z   isoduration                    20.11.0              pyhd8ed1ab_0             conda-forge
2025-01-13T19:35:54.6029476Z   jedi                           0.19.1               pyhd8ed1ab_0             conda-forge
2025-01-13T19:35:54.6029839Z   jinja2                         3.1.4                pyhd8ed1ab_0             conda-forge
2025-01-13T19:35:54.6030194Z   json5                          0.9.25               pyhd8ed1ab_0             conda-forge
2025-01-13T19:35:54.6030563Z   jsonpointer                    3.0.0                py312h7900ff3_0          conda-forge
2025-01-13T19:35:54.6030939Z   jsonschema                     4.22.0               pyhd8ed1ab_0             conda-forge
2025-01-13T19:35:54.6031385Z   jsonschema-specifications      2023.12.1            pyhd8ed1ab_0             conda-forge
2025-01-13T19:35:54.6032073Z   jsonschema-with-format-nongpl  4.22.0               pyhd8ed1ab_0             conda-forge
2025-01-13T19:35:54.6032530Z   jupyter-lsp                    2.2.5                pyhd8ed1ab_0             conda-forge
2025-01-13T19:35:54.6032920Z   jupyter_client                 8.6.2                pyhd8ed1ab_0             conda-forge
2025-01-13T19:35:54.6033322Z   jupyter_core                   5.7.2                py312h7900ff3_0          conda-forge
2025-01-13T19:35:54.6033704Z   jupyter_events                 0.10.0               pyhd8ed1ab_0             conda-forge
2025-01-13T19:35:54.6034095Z   jupyter_server                 2.14.1               pyhd8ed1ab_0             conda-forge
2025-01-13T19:35:54.6034512Z   jupyter_server_terminals       0.5.3                pyhd8ed1ab_0             conda-forge
2025-01-13T19:35:54.6034923Z   jupyterlab                     4.2.2                pyhd8ed1ab_0             conda-forge
2025-01-13T19:35:54.6035319Z   jupyterlab_pygments            0.3.0                pyhd8ed1ab_1             conda-forge
2025-01-13T19:35:54.6035749Z   jupyterlab_server              2.27.2               pyhd8ed1ab_0             conda-forge
2025-01-13T19:35:54.6036158Z   jupyterlab_widgets             1.1.7                pyhd8ed1ab_0             conda-forge
2025-01-13T19:35:54.6036562Z   keyutils                       1.6.1                h166bdaf_0               conda-forge
2025-01-13T19:35:54.6036927Z   kiwisolver                     1.4.5                py312h8572e83_1          conda-forge
2025-01-13T19:35:54.6037283Z   krb5                           1.21.2               h659d440_0               conda-forge
2025-01-13T19:35:54.6037871Z   latexcodec                     2.0.1                pyh9f0ad1d_0             conda-forge
2025-01-13T19:35:54.6038228Z   lcms2                          2.16                 hb7c19ff_0               conda-forge
2025-01-13T19:35:54.6038589Z   ld_impl_linux-64               2.40                 hf3520f5_7               conda-forge
2025-01-13T19:35:54.6038941Z   lerc                           4.0.0                h27087fc_0               conda-forge
2025-01-13T19:35:54.6039281Z   libaec                         1.1.3                h59595ed_0               conda-forge
2025-01-13T19:35:54.6039778Z   libblas                        3.9.0                22_linux64_openblas      conda-forge
2025-01-13T19:35:54.6040164Z   libbrotlicommon                1.1.0                hd590300_1               conda-forge
2025-01-13T19:35:54.6040555Z   libbrotlidec                   1.1.0                hd590300_1               conda-forge
2025-01-13T19:35:54.6040938Z   libbrotlienc                   1.1.0                hd590300_1               conda-forge
2025-01-13T19:35:54.6041318Z   libcblas                       3.9.0                22_linux64_openblas      conda-forge
2025-01-13T19:35:54.6041677Z   libcurl                        8.8.0                hca28451_0               conda-forge
2025-01-13T19:35:54.6042033Z   libdeflate                     1.20                 hd590300_0               conda-forge
2025-01-13T19:35:54.6042405Z   libedit                        3.1.20191231         he28a2e2_2               conda-forge
2025-01-13T19:35:54.6042756Z   libev                          4.33                 hd590300_2               conda-forge
2025-01-13T19:35:54.6043107Z   libexpat                       2.6.2                h59595ed_0               conda-forge
2025-01-13T19:35:54.6043453Z   libffi                         3.4.2                h7f98852_5               conda-forge
2025-01-13T19:35:54.6043804Z   libgcc-ng                      13.2.0               h77fa898_10              conda-forge
2025-01-13T19:35:54.6044154Z   libgd                          2.3.3                h119a65a_9               conda-forge
2025-01-13T19:35:54.6044521Z   libgfortran-ng                 13.2.0               h69a702a_10              conda-forge
2025-01-13T19:35:54.6044909Z   libgfortran5                   13.2.0               h3d2ce59_10              conda-forge
2025-01-13T19:35:54.6045283Z   libglib                        2.80.2               h8a4344b_1               conda-forge
2025-01-13T19:35:54.6045760Z   libgomp                        13.2.0               h77fa898_10              conda-forge
2025-01-13T19:35:54.6046131Z   libiconv                       1.17                 hd590300_2               conda-forge
2025-01-13T19:35:54.6046507Z   libjpeg-turbo                  3.0.0                hd590300_1               conda-forge
2025-01-13T19:35:54.6047019Z   liblapack                      3.9.0                22_linux64_openblas      conda-forge
2025-01-13T19:35:54.6047679Z   libllvm14                      14.0.6               hcd5def8_4               conda-forge
2025-01-13T19:35:54.6048158Z   libnghttp2                     1.58.0               h47da74e_1               conda-forge
2025-01-13T19:35:54.6048525Z   libnsl                         2.0.1                hd590300_0               conda-forge
2025-01-13T19:35:54.6048903Z   libopenblas                    0.3.27               pthreads_h413a1c8_0      conda-forge
2025-01-13T19:35:54.6049292Z   libpng                         1.6.43               h2797004_0               conda-forge
2025-01-13T19:35:54.6049650Z   librsvg                        2.58.1               hadf69e7_0               conda-forge
2025-01-13T19:35:54.6050030Z   libsodium                      1.0.18               h36c2ea0_1               conda-forge
2025-01-13T19:35:54.6050399Z   libsqlite                      3.46.0               hde9e2c9_0               conda-forge
2025-01-13T19:35:54.6050760Z   libssh2                        1.11.0               h0841786_0               conda-forge
2025-01-13T19:35:54.6051132Z   libstdcxx-ng                   13.2.0               hc0a3c3a_10              conda-forge
2025-01-13T19:35:54.6051507Z   libtiff                        4.6.0                h1dd3fc0_3               conda-forge
2025-01-13T19:35:54.6051867Z   libuuid                        2.38.1               h0b41bf4_0               conda-forge
2025-01-13T19:35:54.6052214Z   libwebp                        1.4.0                h2c329e2_0               conda-forge
2025-01-13T19:35:54.6052584Z   libwebp-base                   1.4.0                hd590300_0               conda-forge
2025-01-13T19:35:54.6053113Z   libxcb                         1.15                 h0b41bf4_0               conda-forge
2025-01-13T19:35:54.6053469Z   libxcrypt                      4.4.36               hd590300_1               conda-forge
2025-01-13T19:35:54.6053820Z   libxml2                        2.12.7               hc051c1a_1               conda-forge
2025-01-13T19:35:54.6054169Z   libxslt                        1.1.39               h76b75d6_0               conda-forge
2025-01-13T19:35:54.6054516Z   libzlib                        1.3.1                h4ab18f5_1               conda-forge
2025-01-13T19:35:54.6054875Z   llvmlite                       0.42.0               py312hb06c811_1          conda-forge
2025-01-13T19:35:54.6055230Z   lxml                           5.2.2                py312hb90d8a5_0          conda-forge
2025-01-13T19:35:54.6055566Z   lz4-c                          1.9.4                hcb278e6_0               conda-forge
2025-01-13T19:35:54.6055893Z   lzo                            2.10                 hd590300_1001            conda-forge
2025-01-13T19:35:54.6056249Z   markupsafe                     2.1.5                py312h98912ed_0          conda-forge
2025-01-13T19:35:54.6056637Z   matplotlib-base                3.8.4                py312h20ab3a6_2          conda-forge
2025-01-13T19:35:54.6057061Z   matplotlib-inline              0.1.7                pyhd8ed1ab_0             conda-forge
2025-01-13T19:35:54.6057627Z   mistune                        3.0.2                pyhd8ed1ab_0             conda-forge
2025-01-13T19:35:54.6057968Z   mpc                            1.3.1                hfe3b2da_0               conda-forge
2025-01-13T19:35:54.6058295Z   mpfr                           4.2.1                h9458935_1               conda-forge
2025-01-13T19:35:54.6058634Z   mpmath                         1.3.0                pyhd8ed1ab_0             conda-forge
2025-01-13T19:35:54.6059111Z   munkres                        1.1.4                pyh9f0ad1d_0             conda-forge
2025-01-13T19:35:54.6059504Z   mypy_extensions                1.0.0                pyha770c72_0             conda-forge
2025-01-13T19:35:54.6059886Z   nbclassic                      1.1.0                pyhd8ed1ab_0             conda-forge
2025-01-13T19:35:54.6060253Z   nbclient                       0.10.0               pyhd8ed1ab_0             conda-forge
2025-01-13T19:35:54.6060621Z   nbconvert                      7.16.4               hd8ed1ab_1               conda-forge
2025-01-13T19:35:54.6061001Z   nbconvert-core                 7.16.4               pyhd8ed1ab_1             conda-forge
2025-01-13T19:35:54.6061410Z   nbconvert-pandoc               7.16.4               hd8ed1ab_1               conda-forge
2025-01-13T19:35:54.6061809Z   nbformat                       5.10.4               pyhd8ed1ab_0             conda-forge
2025-01-13T19:35:54.6062194Z   nbsphinx                       0.9.4                pyhd8ed1ab_0             conda-forge
2025-01-13T19:35:54.6062552Z   ncurses                        6.5                  h59595ed_0               conda-forge
2025-01-13T19:35:54.6062926Z   nest-asyncio                   1.6.0                pyhd8ed1ab_0             conda-forge
2025-01-13T19:35:54.6063300Z   networkx                       3.3                  pyhd8ed1ab_1             conda-forge
2025-01-13T19:35:54.6063650Z   nomkl                          1.0                  h5ca1d4c_0               conda-forge
2025-01-13T19:35:54.6064006Z   notebook                       7.2.1                pyhd8ed1ab_0             conda-forge
2025-01-13T19:35:54.6064383Z   notebook-shim                  0.2.4                pyhd8ed1ab_0             conda-forge
2025-01-13T19:35:54.6064758Z   numba                          0.59.1               py312hacefee8_0          conda-forge
2025-01-13T19:35:54.6065114Z   numexpr                        2.10.0               py312hf412c99_100        conda-forge
2025-01-13T19:35:54.6065470Z   numpy                          1.26.4               py312heda63a1_0          conda-forge
2025-01-13T19:35:54.6065831Z   numpydoc                       1.7.0                pyhd8ed1ab_1             conda-forge
2025-01-13T19:35:54.6066322Z   openjpeg                       2.5.2                h488ebb8_0               conda-forge
2025-01-13T19:35:54.6066684Z   openssl                        3.3.1                h4ab18f5_0               conda-forge
2025-01-13T19:35:54.6067046Z   overrides                      7.7.0                pyhd8ed1ab_0             conda-forge
2025-01-13T19:35:54.6067620Z   packaging                      24.1                 pyhd8ed1ab_0             conda-forge
2025-01-13T19:35:54.6067990Z   pandas                         2.2.2                py312h1d6d2e6_1          conda-forge
2025-01-13T19:35:54.6068351Z   pandoc                         3.2                  ha770c72_0               conda-forge
2025-01-13T19:35:54.6068728Z   pandocfilters                  1.5.0                pyhd8ed1ab_0             conda-forge
2025-01-13T19:35:54.6069099Z   pango                          1.54.0               h84a9a3c_0               conda-forge
2025-01-13T19:35:54.6069451Z   parso                          0.8.4                pyhd8ed1ab_0             conda-forge
2025-01-13T19:35:54.6069818Z   pathspec                       0.12.1               pyhd8ed1ab_0             conda-forge
2025-01-13T19:35:54.6070170Z   pbr                            6.0.0                pyhd8ed1ab_0             conda-forge
2025-01-13T19:35:54.6070529Z   pcre2                          10.44                h0f59acf_0               conda-forge
2025-01-13T19:35:54.6070896Z   pexpect                        4.9.0                pyhd8ed1ab_0             conda-forge
2025-01-13T19:35:54.6071271Z   pickleshare                    0.7.5                py_1003                  conda-forge
2025-01-13T19:35:54.6071645Z   pillow                         10.3.0               py312hdcec9eb_0          conda-forge
2025-01-13T19:35:54.6072119Z   pip                            24.0                 pyhd8ed1ab_0             conda-forge
2025-01-13T19:35:54.6072467Z   pixman                         0.43.2               h59595ed_0               conda-forge
2025-01-13T19:35:54.6072873Z   pkgutil-resolve-name           1.3.10               pyhd8ed1ab_1             conda-forge
2025-01-13T19:35:54.6073295Z   platformdirs                   4.2.2                pyhd8ed1ab_0             conda-forge
2025-01-13T19:35:54.6073668Z   plotly                         5.22.0               pyhd8ed1ab_0             conda-forge
2025-01-13T19:35:54.6074024Z   pluggy                         1.5.0                pyhd8ed1ab_0             conda-forge
2025-01-13T19:35:54.6074407Z   prometheus_client              0.20.0               pyhd8ed1ab_0             conda-forge
2025-01-13T19:35:54.6074823Z   prompt-toolkit                 3.0.47               pyha770c72_0             conda-forge
2025-01-13T19:35:54.6075215Z   psutil                         5.9.8                py312h98912ed_0          conda-forge
2025-01-13T19:35:54.6075585Z   pthread-stubs                  0.4                  h36c2ea0_1001            conda-forge
2025-01-13T19:35:54.6075977Z   ptyprocess                     0.7.0                pyhd3deb0d_0             conda-forge
2025-01-13T19:35:54.6076349Z   pure_eval                      0.2.2                pyhd8ed1ab_0             conda-forge
2025-01-13T19:35:54.6076719Z   py-cpuinfo                     9.0.0                pyhd8ed1ab_0             conda-forge
2025-01-13T19:35:54.6077088Z   pybtex                         0.24.0               pyhd8ed1ab_2             conda-forge
2025-01-13T19:35:54.6077672Z   pybtex-docutils                1.0.3                py312h7900ff3_1          conda-forge
2025-01-13T19:35:54.6078073Z   pycparser                      2.22                 pyhd8ed1ab_0             conda-forge
2025-01-13T19:35:54.6078441Z   pyerfa                         2.0.1.4              py312h085067d_1          conda-forge
2025-01-13T19:35:54.6078810Z   pygments                       2.18.0               pyhd8ed1ab_0             conda-forge
2025-01-13T19:35:54.6079193Z   pygraphviz                     1.13                 py312h4a1d8a7_1          conda-forge
2025-01-13T19:35:54.6079703Z   pyparsing                      3.1.2                pyhd8ed1ab_0             conda-forge
2025-01-13T19:35:54.6080069Z   pysocks                        1.7.1                pyha2e5f31_6             conda-forge
2025-01-13T19:35:54.6080432Z   pytables                       3.9.2                py312h96d95ec_2          conda-forge
2025-01-13T19:35:54.6080799Z   pytest                         8.2.2                pyhd8ed1ab_0             conda-forge
2025-01-13T19:35:54.6081164Z   pytest-cov                     5.0.0                pyhd8ed1ab_0             conda-forge
2025-01-13T19:35:54.6081572Z   pytest-doctestplus             1.2.1                pyhd8ed1ab_0             conda-forge
2025-01-13T19:35:54.6081990Z   pytest-html                    4.1.1                pyhd8ed1ab_0             conda-forge
2025-01-13T19:35:54.6082393Z   pytest-metadata                3.1.1                pyhd8ed1ab_0             conda-forge
2025-01-13T19:35:54.6082783Z   python                         3.12.4               h194c7f8_0_cpython       conda-forge
2025-01-13T19:35:54.6083203Z   python-dateutil                2.9.0                pyhd8ed1ab_0             conda-forge
2025-01-13T19:35:54.6083654Z   python-fastjsonschema          2.20.0               pyhd8ed1ab_0             conda-forge
2025-01-13T19:35:54.6084115Z   python-json-logger             2.0.7                pyhd8ed1ab_0             conda-forge
2025-01-13T19:35:54.6084531Z   python-tzdata                  2024.1               pyhd8ed1ab_0             conda-forge
2025-01-13T19:35:54.6084912Z   python_abi                     3.12                 4_cp312                  conda-forge
2025-01-13T19:35:54.6085271Z   pytz                           2024.1               pyhd8ed1ab_0             conda-forge
2025-01-13T19:35:54.6085732Z   pyyaml                         6.0.1                py312h98912ed_1          conda-forge
2025-01-13T19:35:54.6086087Z   pyzmq                          26.0.3               py312h8fd38d8_0          conda-forge
2025-01-13T19:35:54.6086442Z   qgrid                          1.3.1                pyhd8ed1ab_4             conda-forge
2025-01-13T19:35:54.6086825Z   radioactivedecay               0.5.1                pyhd8ed1ab_0             conda-forge
2025-01-13T19:35:54.6087212Z   readline                       8.2                  h8228510_1               conda-forge
2025-01-13T19:35:54.6087750Z   recommonmark                   0.7.1                pyhd8ed1ab_0             conda-forge
2025-01-13T19:35:54.6088144Z   referencing                    0.35.1               pyhd8ed1ab_0             conda-forge
2025-01-13T19:35:54.6088537Z   requests                       2.32.3               pyhd8ed1ab_0             conda-forge
2025-01-13T19:35:54.6088961Z   rfc3339-validator              0.1.4                pyhd8ed1ab_0             conda-forge
2025-01-13T19:35:54.6089387Z   rfc3986-validator              0.1.1                pyh9f0ad1d_0             conda-forge
2025-01-13T19:35:54.6089776Z   rpds-py                        0.18.1               py312h4413252_0          conda-forge
2025-01-13T19:35:54.6090119Z   ruff                           0.4.9                py312h5715c7c_0          conda-forge
2025-01-13T19:35:54.6090460Z   scipy                          1.13.1               py312hc2bc53b_0          conda-forge
2025-01-13T19:35:54.6090825Z   send2trash                     1.8.3                pyh0d859eb_0             conda-forge
2025-01-13T19:35:54.6091199Z   setuptools                     70.0.0               pyhd8ed1ab_0             conda-forge
2025-01-13T19:35:54.6091593Z   setuptools-scm                 8.1.0                pyhd8ed1ab_0             conda-forge
2025-01-13T19:35:54.6091987Z   setuptools_scm                 8.1.0                hd8ed1ab_0               conda-forge
2025-01-13T19:35:54.6092350Z   six                            1.16.0               pyh6c4a22f_0             conda-forge
2025-01-13T19:35:54.6092698Z   snakeviz                       2.2.0                pyhd8ed1ab_0             conda-forge
2025-01-13T19:35:54.6093181Z   snappy                         1.2.0                hdb0a2a9_1               conda-forge
2025-01-13T19:35:54.6093553Z   sniffio                        1.3.1                pyhd8ed1ab_0             conda-forge
2025-01-13T19:35:54.6093936Z   snowballstemmer                2.2.0                pyhd8ed1ab_0             conda-forge
2025-01-13T19:35:54.6094342Z   soupsieve                      2.5                  pyhd8ed1ab_1             conda-forge
2025-01-13T19:35:54.6094699Z   sphinx                         7.3.7                pyhd8ed1ab_0             conda-forge
2025-01-13T19:35:54.6095077Z   sphinx-astropy                 1.9.1                pyhd8ed1ab_0             conda-forge
2025-01-13T19:35:54.6095493Z   sphinx-automodapi              0.17.0               pyh717bed2_1             conda-forge
2025-01-13T19:35:54.6095911Z   sphinx-gallery                 0.16.0               pyhd8ed1ab_0             conda-forge
2025-01-13T19:35:54.6096327Z   sphinx-jsonschema              1.19.1               pyhd8ed1ab_0             conda-forge
2025-01-13T19:35:54.6096755Z   sphinx_bootstrap_theme         0.8.1                pyhd8ed1ab_0             conda-forge
2025-01-13T19:35:54.6097179Z   sphinx_rtd_theme               2.0.0                pyha770c72_0             conda-forge
2025-01-13T19:35:54.6097751Z   sphinxcontrib-apidoc           0.3.0                py_1                     conda-forge
2025-01-13T19:35:54.6098213Z   sphinxcontrib-applehelp        1.0.8                pyhd8ed1ab_0             conda-forge
2025-01-13T19:35:54.6098666Z   sphinxcontrib-bibtex           2.6.2                pyhd8ed1ab_0             conda-forge
2025-01-13T19:35:54.6099110Z   sphinxcontrib-devhelp          1.0.6                pyhd8ed1ab_0             conda-forge
2025-01-13T19:35:54.6099702Z   sphinxcontrib-htmlhelp         2.0.5                pyhd8ed1ab_0             conda-forge
2025-01-13T19:35:54.6100159Z   sphinxcontrib-jquery           4.1                  pyhd8ed1ab_0             conda-forge
2025-01-13T19:35:54.6100609Z   sphinxcontrib-jsmath           1.0.1                pyhd8ed1ab_0             conda-forge
2025-01-13T19:35:54.6101051Z   sphinxcontrib-qthelp           1.0.7                pyhd8ed1ab_0             conda-forge
2025-01-13T19:35:54.6101533Z   sphinxcontrib-serializinghtml  1.1.10               pyhd8ed1ab_0             conda-forge
2025-01-13T19:35:54.6101976Z   stack_data                     0.6.2                pyhd8ed1ab_0             conda-forge
2025-01-13T19:35:54.6102333Z   sympy                          1.12.1               pypyh2585a3b_103         conda-forge
2025-01-13T19:35:54.6102695Z   tabulate                       0.9.0                pyhd8ed1ab_1             conda-forge
2025-01-13T19:35:54.6103062Z   tenacity                       8.4.1                pyhd8ed1ab_0             conda-forge
2025-01-13T19:35:54.6103446Z   terminado                      0.18.1               pyh0d859eb_0             conda-forge
2025-01-13T19:35:54.6103826Z   tinycss2                       1.3.0                pyhd8ed1ab_0             conda-forge
2025-01-13T19:35:54.6104177Z   tk                             8.6.13               noxft_h4845f30_101       conda-forge
2025-01-13T19:35:54.6104513Z   toml                           0.10.2               pyhd8ed1ab_0             conda-forge
2025-01-13T19:35:54.6104859Z   tomli                          2.0.1                pyhd8ed1ab_0             conda-forge
2025-01-13T19:35:54.6105213Z   tornado                        6.4.1                py312h9a8786e_0          conda-forge
2025-01-13T19:35:54.6105566Z   tqdm                           4.66.4               pyhd8ed1ab_0             conda-forge
2025-01-13T19:35:54.6105931Z   traitlets                      5.14.3               pyhd8ed1ab_0             conda-forge
2025-01-13T19:35:54.6106312Z   typed-ast                      1.5.5                py312h98912ed_1          conda-forge
2025-01-13T19:35:54.6106735Z   types-python-dateutil          2.9.0.20240316       pyhd8ed1ab_0             conda-forge
2025-01-13T19:35:54.6107452Z   typing-extensions              4.12.2               hd8ed1ab_0               conda-forge
2025-01-13T19:35:54.6107896Z   typing_extensions              4.12.2               pyha770c72_0             conda-forge
2025-01-13T19:35:54.6108294Z   typing_utils                   0.1.0                pyhd8ed1ab_0             conda-forge
2025-01-13T19:35:54.6108671Z   tzdata                         2024a                h0c530f3_0               conda-forge
2025-01-13T19:35:54.6109047Z   uri-template                   1.3.0                pyhd8ed1ab_0             conda-forge
2025-01-13T19:35:54.6109422Z   urllib3                        2.2.2                pyhd8ed1ab_0             conda-forge
2025-01-13T19:35:54.6109778Z   wcwidth                        0.2.13               pyhd8ed1ab_0             conda-forge
2025-01-13T19:35:54.6110153Z   webcolors                      24.6.0               pyhd8ed1ab_0             conda-forge
2025-01-13T19:35:54.6110561Z   webencodings                   0.5.1                pyhd8ed1ab_2             conda-forge
2025-01-13T19:35:54.6110971Z   websocket-client               1.8.0                pyhd8ed1ab_0             conda-forge
2025-01-13T19:35:54.6111354Z   wheel                          0.43.0               pyhd8ed1ab_1             conda-forge
2025-01-13T19:35:54.6111746Z   widgetsnbextension             3.6.6                pyhd8ed1ab_0             conda-forge
2025-01-13T19:35:54.6112155Z   xorg-kbproto                   1.0.7                h7f98852_1002            conda-forge
2025-01-13T19:35:54.6112537Z   xorg-libice                    1.1.1                hd590300_0               conda-forge
2025-01-13T19:35:54.6112904Z   xorg-libsm                     1.2.4                h7391055_0               conda-forge
2025-01-13T19:35:54.6113392Z   xorg-libx11                    1.8.9                h8ee46fc_0               conda-forge
2025-01-13T19:35:54.6113769Z   xorg-libxau                    1.0.11               hd590300_0               conda-forge
2025-01-13T19:35:54.6114160Z   xorg-libxdmcp                  1.1.3                h7f98852_0               conda-forge
2025-01-13T19:35:54.6114541Z   xorg-libxext                   1.3.4                h0b41bf4_2               conda-forge
2025-01-13T19:35:54.6114933Z   xorg-libxrender                0.9.11               hd590300_0               conda-forge
2025-01-13T19:35:54.6115341Z   xorg-renderproto               0.11.1               h7f98852_1002            conda-forge
2025-01-13T19:35:54.6115745Z   xorg-xextproto                 7.3.0                h0b41bf4_1003            conda-forge
2025-01-13T19:35:54.6116137Z   xorg-xproto                    7.0.31               h7f98852_1007            conda-forge
2025-01-13T19:35:54.6116487Z   xz                             5.2.6                h166bdaf_0               conda-forge
2025-01-13T19:35:54.6116818Z   yaml                           0.2.5                h7f98852_2               conda-forge
2025-01-13T19:35:54.6117157Z   zeromq                         4.3.5                h75354e8_4               conda-forge
2025-01-13T19:35:54.6117706Z   zipp                           3.19.2               pyhd8ed1ab_0             conda-forge
2025-01-13T19:35:54.6118054Z   zlib                           1.3.1                h4ab18f5_1               conda-forge
2025-01-13T19:35:54.6118396Z   zlib-ng                        2.0.7                h0b41bf4_0               conda-forge
2025-01-13T19:35:54.6118732Z   zstd                           1.5.6                ha6fb4c9_0               conda-forge
2025-01-13T19:35:54.6119298Z ##[endgroup]
2025-01-13T19:35:54.6169425Z ##[group]Run pip install -e . --user
2025-01-13T19:35:54.6169777Z [36;1mpip install -e . --user[0m
2025-01-13T19:35:54.6199003Z shell: /usr/bin/bash -l {0}
2025-01-13T19:35:54.6199256Z env:
2025-01-13T19:35:54.6199433Z   CACHE_NUMBER: 0
2025-01-13T19:35:54.6200405Z   PYTEST_FLAGS: --tardis-regression-data=/home/runner/work/tardis/tardis/tardis-regression-data --cov=tardis --cov-report=xml --cov-report=html --cov-append
2025-01-13T19:35:54.6201467Z   CODECOV_TOKEN: 
2025-01-13T19:35:54.6201706Z   MAMBA_ROOT_PREFIX: /home/runner/micromamba
2025-01-13T19:35:54.6202028Z   MAMBA_EXE: /home/runner/micromamba-bin/micromamba
2025-01-13T19:35:54.6202389Z   CONDARC: /home/runner/work/_temp/setup-micromamba/.condarc
2025-01-13T19:35:54.6202707Z ##[endgroup]
2025-01-13T19:35:55.2753021Z Obtaining file:///home/runner/work/tardis/tardis
2025-01-13T19:35:55.2786992Z   Installing build dependencies: started
2025-01-13T19:35:58.0392454Z   Installing build dependencies: finished with status 'done'
2025-01-13T19:35:58.0397893Z   Checking if build backend supports build_editable: started
2025-01-13T19:35:58.1625438Z   Checking if build backend supports build_editable: finished with status 'done'
2025-01-13T19:35:58.1633235Z   Getting requirements to build editable: started
2025-01-13T19:35:58.6202505Z   Getting requirements to build editable: finished with status 'done'
2025-01-13T19:35:58.6211308Z   Preparing editable metadata (pyproject.toml): started
2025-01-13T19:35:59.0876624Z   Preparing editable metadata (pyproject.toml): finished with status 'done'
2025-01-13T19:35:59.1464839Z Requirement already satisfied: astropy in /home/runner/micromamba/envs/tardis/lib/python3.12/site-packages (from tardis==0.0.0) (6.1.1)
2025-01-13T19:35:59.1849334Z Requirement already satisfied: numpy>=1.23 in /home/runner/micromamba/envs/tardis/lib/python3.12/site-packages (from astropy->tardis==0.0.0) (1.26.4)
2025-01-13T19:35:59.1859918Z Requirement already satisfied: pyerfa>=2.0.1.1 in /home/runner/micromamba/envs/tardis/lib/python3.12/site-packages (from astropy->tardis==0.0.0) (2.0.1.4)
2025-01-13T19:35:59.1872627Z Requirement already satisfied: astropy-iers-data>=0.2024.5.27.0.30.8 in /home/runner/micromamba/envs/tardis/lib/python3.12/site-packages (from astropy->tardis==0.0.0) (0.2024.6.17.0.31.35)
2025-01-13T19:35:59.1881837Z Requirement already satisfied: PyYAML>=3.13 in /home/runner/micromamba/envs/tardis/lib/python3.12/site-packages (from astropy->tardis==0.0.0) (6.0.1)
2025-01-13T19:35:59.1891967Z Requirement already satisfied: packaging>=19.0 in /home/runner/micromamba/envs/tardis/lib/python3.12/site-packages (from astropy->tardis==0.0.0) (24.1)
2025-01-13T19:35:59.1980570Z Building wheels for collected packages: tardis
2025-01-13T19:35:59.1989824Z   Building editable for tardis (pyproject.toml): started
2025-01-13T19:36:00.0489566Z   Building editable for tardis (pyproject.toml): finished with status 'done'
2025-01-13T19:36:00.0496826Z   Created wheel for tardis: filename=tardis-0.0.0-0.editable-py3-none-any.whl size=8876 sha256=9aedbeca9b81adccde138d2f774b31bd154653bba13dbf63d1b89b5f90472549
2025-01-13T19:36:00.0498816Z   Stored in directory: /tmp/pip-ephem-wheel-cache-7y2q9h2u/wheels/6a/c7/ae/89fa6dc2565455898176888ef0e2e475e4e90eb0124afcb995
2025-01-13T19:36:00.0528519Z Successfully built tardis
2025-01-13T19:36:00.9000014Z Installing collected packages: tardis
2025-01-13T19:36:01.4732314Z Successfully installed tardis-0.0.0
2025-01-13T19:36:01.7243161Z ##[group]Run pip install qgridnext
2025-01-13T19:36:01.7243544Z [36;1mpip install qgridnext[0m
2025-01-13T19:36:01.7275437Z shell: /usr/bin/bash -l {0}
2025-01-13T19:36:01.7275710Z env:
2025-01-13T19:36:01.7276106Z   CACHE_NUMBER: 0
2025-01-13T19:36:01.7277092Z   PYTEST_FLAGS: --tardis-regression-data=/home/runner/work/tardis/tardis/tardis-regression-data --cov=tardis --cov-report=xml --cov-report=html --cov-append
2025-01-13T19:36:01.7278435Z   CODECOV_TOKEN: 
2025-01-13T19:36:01.7278703Z   MAMBA_ROOT_PREFIX: /home/runner/micromamba
2025-01-13T19:36:01.7279069Z   MAMBA_EXE: /home/runner/micromamba-bin/micromamba
2025-01-13T19:36:01.7279484Z   CONDARC: /home/runner/work/_temp/setup-micromamba/.condarc
2025-01-13T19:36:01.7280085Z ##[endgroup]
2025-01-13T19:36:02.3926594Z Collecting qgridnext
2025-01-13T19:36:02.4094113Z   Downloading qgridnext-2.0.4-py3-none-any.whl.metadata (9.9 kB)
2025-01-13T19:36:02.4180447Z Requirement already satisfied: pandas>=0.20.0 in /home/runner/micromamba/envs/tardis/lib/python3.12/site-packages (from qgridnext) (2.2.2)
2025-01-13T19:36:02.4189395Z Requirement already satisfied: ipywidgets>=7.0.0 in /home/runner/micromamba/envs/tardis/lib/python3.12/site-packages (from qgridnext) (7.8.0)
2025-01-13T19:36:02.4199342Z Requirement already satisfied: numpy in /home/runner/micromamba/envs/tardis/lib/python3.12/site-packages (from qgridnext) (1.26.4)
2025-01-13T19:36:02.4208636Z Requirement already satisfied: traitlets in /home/runner/micromamba/envs/tardis/lib/python3.12/site-packages (from qgridnext) (5.14.3)
2025-01-13T19:36:02.4293162Z Requirement already satisfied: comm>=0.1.3 in /home/runner/micromamba/envs/tardis/lib/python3.12/site-packages (from ipywidgets>=7.0.0->qgridnext) (0.2.2)
2025-01-13T19:36:02.4310925Z Requirement already satisfied: ipython-genutils~=0.2.0 in /home/runner/micromamba/envs/tardis/lib/python3.12/site-packages (from ipywidgets>=7.0.0->qgridnext) (0.2.0)
2025-01-13T19:36:02.4314905Z Requirement already satisfied: widgetsnbextension~=3.6.5 in /home/runner/micromamba/envs/tardis/lib/python3.12/site-packages (from ipywidgets>=7.0.0->qgridnext) (3.6.6)
2025-01-13T19:36:02.4333113Z Requirement already satisfied: ipython>=4.0.0 in /home/runner/micromamba/envs/tardis/lib/python3.12/site-packages (from ipywidgets>=7.0.0->qgridnext) (8.25.0)
2025-01-13T19:36:02.4347605Z Requirement already satisfied: jupyterlab-widgets<3,>=1.0.0 in /home/runner/micromamba/envs/tardis/lib/python3.12/site-packages (from ipywidgets>=7.0.0->qgridnext) (1.1.7)
2025-01-13T19:36:02.4796699Z Requirement already satisfied: python-dateutil>=2.8.2 in /home/runner/micromamba/envs/tardis/lib/python3.12/site-packages (from pandas>=0.20.0->qgridnext) (2.9.0)
2025-01-13T19:36:02.4810793Z Requirement already satisfied: pytz>=2020.1 in /home/runner/micromamba/envs/tardis/lib/python3.12/site-packages (from pandas>=0.20.0->qgridnext) (2024.1)
2025-01-13T19:36:02.4818850Z Requirement already satisfied: tzdata>=2022.7 in /home/runner/micromamba/envs/tardis/lib/python3.12/site-packages (from pandas>=0.20.0->qgridnext) (2024.1)
2025-01-13T19:36:02.5137987Z Requirement already satisfied: decorator in /home/runner/micromamba/envs/tardis/lib/python3.12/site-packages (from ipython>=4.0.0->ipywidgets>=7.0.0->qgridnext) (5.1.1)
2025-01-13T19:36:02.5152776Z Requirement already satisfied: jedi>=0.16 in /home/runner/micromamba/envs/tardis/lib/python3.12/site-packages (from ipython>=4.0.0->ipywidgets>=7.0.0->qgridnext) (0.19.1)
2025-01-13T19:36:02.5161241Z Requirement already satisfied: matplotlib-inline in /home/runner/micromamba/envs/tardis/lib/python3.12/site-packages (from ipython>=4.0.0->ipywidgets>=7.0.0->qgridnext) (0.1.7)
2025-01-13T19:36:02.5171830Z Requirement already satisfied: prompt-toolkit<3.1.0,>=3.0.41 in /home/runner/micromamba/envs/tardis/lib/python3.12/site-packages (from ipython>=4.0.0->ipywidgets>=7.0.0->qgridnext) (3.0.47)
2025-01-13T19:36:02.5180655Z Requirement already satisfied: pygments>=2.4.0 in /home/runner/micromamba/envs/tardis/lib/python3.12/site-packages (from ipython>=4.0.0->ipywidgets>=7.0.0->qgridnext) (2.18.0)
2025-01-13T19:36:02.5190015Z Requirement already satisfied: stack-data in /home/runner/micromamba/envs/tardis/lib/python3.12/site-packages (from ipython>=4.0.0->ipywidgets>=7.0.0->qgridnext) (0.6.2)
2025-01-13T19:36:02.5218074Z Requirement already satisfied: pexpect>4.3 in /home/runner/micromamba/envs/tardis/lib/python3.12/site-packages (from ipython>=4.0.0->ipywidgets>=7.0.0->qgridnext) (4.9.0)
2025-01-13T19:36:02.5300999Z Requirement already satisfied: six>=1.5 in /home/runner/micromamba/envs/tardis/lib/python3.12/site-packages (from python-dateutil>=2.8.2->pandas>=0.20.0->qgridnext) (1.16.0)
2025-01-13T19:36:02.5401416Z Requirement already satisfied: notebook>=4.4.1 in /home/runner/micromamba/envs/tardis/lib/python3.12/site-packages (from widgetsnbextension~=3.6.5->ipywidgets>=7.0.0->qgridnext) (7.2.1)
2025-01-13T19:36:02.5677261Z Requirement already satisfied: parso<0.9.0,>=0.8.3 in /home/runner/micromamba/envs/tardis/lib/python3.12/site-packages (from jedi>=0.16->ipython>=4.0.0->ipywidgets>=7.0.0->qgridnext) (0.8.4)
2025-01-13T19:36:02.5822182Z Requirement already satisfied: jupyter-server<3,>=2.4.0 in /home/runner/micromamba/envs/tardis/lib/python3.12/site-packages (from notebook>=4.4.1->widgetsnbextension~=3.6.5->ipywidgets>=7.0.0->qgridnext) (2.14.1)
2025-01-13T19:36:02.5834814Z Requirement already satisfied: jupyterlab-server<3,>=2.27.1 in /home/runner/micromamba/envs/tardis/lib/python3.12/site-packages (from notebook>=4.4.1->widgetsnbextension~=3.6.5->ipywidgets>=7.0.0->qgridnext) (2.27.2)
2025-01-13T19:36:02.5850118Z Requirement already satisfied: jupyterlab<4.3,>=4.2.0 in /home/runner/micromamba/envs/tardis/lib/python3.12/site-packages (from notebook>=4.4.1->widgetsnbextension~=3.6.5->ipywidgets>=7.0.0->qgridnext) (4.2.2)
2025-01-13T19:36:02.5860318Z Requirement already satisfied: notebook-shim<0.3,>=0.2 in /home/runner/micromamba/envs/tardis/lib/python3.12/site-packages (from notebook>=4.4.1->widgetsnbextension~=3.6.5->ipywidgets>=7.0.0->qgridnext) (0.2.4)
2025-01-13T19:36:02.5868151Z Requirement already satisfied: tornado>=6.2.0 in /home/runner/micromamba/envs/tardis/lib/python3.12/site-packages (from notebook>=4.4.1->widgetsnbextension~=3.6.5->ipywidgets>=7.0.0->qgridnext) (6.4.1)
2025-01-13T19:36:02.5897281Z Requirement already satisfied: ptyprocess>=0.5 in /home/runner/micromamba/envs/tardis/lib/python3.12/site-packages (from pexpect>4.3->ipython>=4.0.0->ipywidgets>=7.0.0->qgridnext) (0.7.0)
2025-01-13T19:36:02.5926140Z Requirement already satisfied: wcwidth in /home/runner/micromamba/envs/tardis/lib/python3.12/site-packages (from prompt-toolkit<3.1.0,>=3.0.41->ipython>=4.0.0->ipywidgets>=7.0.0->qgridnext) (0.2.13)
2025-01-13T19:36:02.6062673Z Requirement already satisfied: executing>=1.2.0 in /home/runner/micromamba/envs/tardis/lib/python3.12/site-packages (from stack-data->ipython>=4.0.0->ipywidgets>=7.0.0->qgridnext) (2.0.1)
2025-01-13T19:36:02.6071695Z Requirement already satisfied: asttokens>=2.1.0 in /home/runner/micromamba/envs/tardis/lib/python3.12/site-packages (from stack-data->ipython>=4.0.0->ipywidgets>=7.0.0->qgridnext) (2.4.1)
2025-01-13T19:36:02.6079158Z Requirement already satisfied: pure-eval in /home/runner/micromamba/envs/tardis/lib/python3.12/site-packages (from stack-data->ipython>=4.0.0->ipywidgets>=7.0.0->qgridnext) (0.2.2)
2025-01-13T19:36:02.6422065Z Requirement already satisfied: anyio>=3.1.0 in /home/runner/micromamba/envs/tardis/lib/python3.12/site-packages (from jupyter-server<3,>=2.4.0->notebook>=4.4.1->widgetsnbextension~=3.6.5->ipywidgets>=7.0.0->qgridnext) (4.4.0)
2025-01-13T19:36:02.6432171Z Requirement already satisfied: argon2-cffi>=21.1 in /home/runner/micromamba/envs/tardis/lib/python3.12/site-packages (from jupyter-server<3,>=2.4.0->notebook>=4.4.1->widgetsnbextension~=3.6.5->ipywidgets>=7.0.0->qgridnext) (23.1.0)
2025-01-13T19:36:02.6441263Z Requirement already satisfied: jinja2>=3.0.3 in /home/runner/micromamba/envs/tardis/lib/python3.12/site-packages (from jupyter-server<3,>=2.4.0->notebook>=4.4.1->widgetsnbextension~=3.6.5->ipywidgets>=7.0.0->qgridnext) (3.1.4)
2025-01-13T19:36:02.6452636Z Requirement already satisfied: jupyter-client>=7.4.4 in /home/runner/micromamba/envs/tardis/lib/python3.12/site-packages (from jupyter-server<3,>=2.4.0->notebook>=4.4.1->widgetsnbextension~=3.6.5->ipywidgets>=7.0.0->qgridnext) (8.6.2)
2025-01-13T19:36:02.6464164Z Requirement already satisfied: jupyter-core!=5.0.*,>=4.12 in /home/runner/micromamba/envs/tardis/lib/python3.12/site-packages (from jupyter-server<3,>=2.4.0->notebook>=4.4.1->widgetsnbextension~=3.6.5->ipywidgets>=7.0.0->qgridnext) (5.7.2)
2025-01-13T19:36:02.6475456Z Requirement already satisfied: jupyter-events>=0.9.0 in /home/runner/micromamba/envs/tardis/lib/python3.12/site-packages (from jupyter-server<3,>=2.4.0->notebook>=4.4.1->widgetsnbextension~=3.6.5->ipywidgets>=7.0.0->qgridnext) (0.10.0)
2025-01-13T19:36:02.6486463Z Requirement already satisfied: jupyter-server-terminals>=0.4.4 in /home/runner/micromamba/envs/tardis/lib/python3.12/site-packages (from jupyter-server<3,>=2.4.0->notebook>=4.4.1->widgetsnbextension~=3.6.5->ipywidgets>=7.0.0->qgridnext) (0.5.3)
2025-01-13T19:36:02.6499457Z Requirement already satisfied: nbconvert>=6.4.4 in /home/runner/micromamba/envs/tardis/lib/python3.12/site-packages (from jupyter-server<3,>=2.4.0->notebook>=4.4.1->widgetsnbextension~=3.6.5->ipywidgets>=7.0.0->qgridnext) (7.16.4)
2025-01-13T19:36:02.6509399Z Requirement already satisfied: nbformat>=5.3.0 in /home/runner/micromamba/envs/tardis/lib/python3.12/site-packages (from jupyter-server<3,>=2.4.0->notebook>=4.4.1->widgetsnbextension~=3.6.5->ipywidgets>=7.0.0->qgridnext) (5.10.4)
2025-01-13T19:36:02.6518436Z Requirement already satisfied: overrides>=5.0 in /home/runner/micromamba/envs/tardis/lib/python3.12/site-packages (from jupyter-server<3,>=2.4.0->notebook>=4.4.1->widgetsnbextension~=3.6.5->ipywidgets>=7.0.0->qgridnext) (7.7.0)
2025-01-13T19:36:02.6527946Z Requirement already satisfied: packaging>=22.0 in /home/runner/micromamba/envs/tardis/lib/python3.12/site-packages (from jupyter-server<3,>=2.4.0->notebook>=4.4.1->widgetsnbextension~=3.6.5->ipywidgets>=7.0.0->qgridnext) (24.1)
2025-01-13T19:36:02.6537081Z Requirement already satisfied: prometheus-client>=0.9 in /home/runner/micromamba/envs/tardis/lib/python3.12/site-packages (from jupyter-server<3,>=2.4.0->notebook>=4.4.1->widgetsnbextension~=3.6.5->ipywidgets>=7.0.0->qgridnext) (0.20.0)
2025-01-13T19:36:02.6547580Z Requirement already satisfied: pyzmq>=24 in /home/runner/micromamba/envs/tardis/lib/python3.12/site-packages (from jupyter-server<3,>=2.4.0->notebook>=4.4.1->widgetsnbextension~=3.6.5->ipywidgets>=7.0.0->qgridnext) (26.0.3)
2025-01-13T19:36:02.6555813Z Requirement already satisfied: send2trash>=1.8.2 in /home/runner/micromamba/envs/tardis/lib/python3.12/site-packages (from jupyter-server<3,>=2.4.0->notebook>=4.4.1->widgetsnbextension~=3.6.5->ipywidgets>=7.0.0->qgridnext) (1.8.3)
2025-01-13T19:36:02.6566997Z Requirement already satisfied: terminado>=0.8.3 in /home/runner/micromamba/envs/tardis/lib/python3.12/site-packages (from jupyter-server<3,>=2.4.0->notebook>=4.4.1->widgetsnbextension~=3.6.5->ipywidgets>=7.0.0->qgridnext) (0.18.1)
2025-01-13T19:36:02.6584181Z Requirement already satisfied: websocket-client>=1.7 in /home/runner/micromamba/envs/tardis/lib/python3.12/site-packages (from jupyter-server<3,>=2.4.0->notebook>=4.4.1->widgetsnbextension~=3.6.5->ipywidgets>=7.0.0->qgridnext) (1.8.0)
2025-01-13T19:36:02.6868759Z Requirement already satisfied: async-lru>=1.0.0 in /home/runner/micromamba/envs/tardis/lib/python3.12/site-packages (from jupyterlab<4.3,>=4.2.0->notebook>=4.4.1->widgetsnbextension~=3.6.5->ipywidgets>=7.0.0->qgridnext) (2.0.4)
2025-01-13T19:36:02.6880057Z Requirement already satisfied: httpx>=0.25.0 in /home/runner/micromamba/envs/tardis/lib/python3.12/site-packages (from jupyterlab<4.3,>=4.2.0->notebook>=4.4.1->widgetsnbextension~=3.6.5->ipywidgets>=7.0.0->qgridnext) (0.27.0)
2025-01-13T19:36:02.6891506Z Requirement already satisfied: ipykernel>=6.5.0 in /home/runner/micromamba/envs/tardis/lib/python3.12/site-packages (from jupyterlab<4.3,>=4.2.0->notebook>=4.4.1->widgetsnbextension~=3.6.5->ipywidgets>=7.0.0->qgridnext) (6.29.4)
2025-01-13T19:36:02.6905299Z Requirement already satisfied: jupyter-lsp>=2.0.0 in /home/runner/micromamba/envs/tardis/lib/python3.12/site-packages (from jupyterlab<4.3,>=4.2.0->notebook>=4.4.1->widgetsnbextension~=3.6.5->ipywidgets>=7.0.0->qgridnext) (2.2.5)
2025-01-13T19:36:02.6931634Z Requirement already satisfied: setuptools>=40.1.0 in /home/runner/micromamba/envs/tardis/lib/python3.12/site-packages (from jupyterlab<4.3,>=4.2.0->notebook>=4.4.1->widgetsnbextension~=3.6.5->ipywidgets>=7.0.0->qgridnext) (70.0.0)
2025-01-13T19:36:02.7120606Z Requirement already satisfied: babel>=2.10 in /home/runner/micromamba/envs/tardis/lib/python3.12/site-packages (from jupyterlab-server<3,>=2.27.1->notebook>=4.4.1->widgetsnbextension~=3.6.5->ipywidgets>=7.0.0->qgridnext) (2.14.0)
2025-01-13T19:36:02.7146968Z Requirement already satisfied: json5>=0.9.0 in /home/runner/micromamba/envs/tardis/lib/python3.12/site-packages (from jupyterlab-server<3,>=2.27.1->notebook>=4.4.1->widgetsnbextension~=3.6.5->ipywidgets>=7.0.0->qgridnext) (0.9.25)
2025-01-13T19:36:02.7157608Z Requirement already satisfied: jsonschema>=4.18.0 in /home/runner/micromamba/envs/tardis/lib/python3.12/site-packages (from jupyterlab-server<3,>=2.27.1->notebook>=4.4.1->widgetsnbextension~=3.6.5->ipywidgets>=7.0.0->qgridnext) (4.22.0)
2025-01-13T19:36:02.7175367Z Requirement already satisfied: requests>=2.31 in /home/runner/micromamba/envs/tardis/lib/python3.12/site-packages (from jupyterlab-server<3,>=2.27.1->notebook>=4.4.1->widgetsnbextension~=3.6.5->ipywidgets>=7.0.0->qgridnext) (2.32.3)
2025-01-13T19:36:02.7525576Z Requirement already satisfied: idna>=2.8 in /home/runner/micromamba/envs/tardis/lib/python3.12/site-packages (from anyio>=3.1.0->jupyter-server<3,>=2.4.0->notebook>=4.4.1->widgetsnbextension~=3.6.5->ipywidgets>=7.0.0->qgridnext) (3.7)
2025-01-13T19:36:02.7534900Z Requirement already satisfied: sniffio>=1.1 in /home/runner/micromamba/envs/tardis/lib/python3.12/site-packages (from anyio>=3.1.0->jupyter-server<3,>=2.4.0->notebook>=4.4.1->widgetsnbextension~=3.6.5->ipywidgets>=7.0.0->qgridnext) (1.3.1)
2025-01-13T19:36:02.7625902Z Requirement already satisfied: argon2-cffi-bindings in /home/runner/micromamba/envs/tardis/lib/python3.12/site-packages (from argon2-cffi>=21.1->jupyter-server<3,>=2.4.0->notebook>=4.4.1->widgetsnbextension~=3.6.5->ipywidgets>=7.0.0->qgridnext) (21.2.0)
2025-01-13T19:36:02.7802581Z Requirement already satisfied: certifi in /home/runner/micromamba/envs/tardis/lib/python3.12/site-packages (from httpx>=0.25.0->jupyterlab<4.3,>=4.2.0->notebook>=4.4.1->widgetsnbextension~=3.6.5->ipywidgets>=7.0.0->qgridnext) (2024.6.2)
2025-01-13T19:36:02.7818147Z Requirement already satisfied: httpcore==1.* in /home/runner/micromamba/envs/tardis/lib/python3.12/site-packages (from httpx>=0.25.0->jupyterlab<4.3,>=4.2.0->notebook>=4.4.1->widgetsnbextension~=3.6.5->ipywidgets>=7.0.0->qgridnext) (1.0.5)
2025-01-13T19:36:02.7897544Z Requirement already satisfied: h11<0.15,>=0.13 in /home/runner/micromamba/envs/tardis/lib/python3.12/site-packages (from httpcore==1.*->httpx>=0.25.0->jupyterlab<4.3,>=4.2.0->notebook>=4.4.1->widgetsnbextension~=3.6.5->ipywidgets>=7.0.0->qgridnext) (0.14.0)
2025-01-13T19:36:02.8083425Z Requirement already satisfied: debugpy>=1.6.5 in /home/runner/micromamba/envs/tardis/lib/python3.12/site-packages (from ipykernel>=6.5.0->jupyterlab<4.3,>=4.2.0->notebook>=4.4.1->widgetsnbextension~=3.6.5->ipywidgets>=7.0.0->qgridnext) (1.8.1)
2025-01-13T19:36:02.8105577Z Requirement already satisfied: nest-asyncio in /home/runner/micromamba/envs/tardis/lib/python3.12/site-packages (from ipykernel>=6.5.0->jupyterlab<4.3,>=4.2.0->notebook>=4.4.1->widgetsnbextension~=3.6.5->ipywidgets>=7.0.0->qgridnext) (1.6.0)
2025-01-13T19:36:02.8121127Z Requirement already satisfied: psutil in /home/runner/micromamba/envs/tardis/lib/python3.12/site-packages (from ipykernel>=6.5.0->jupyterlab<4.3,>=4.2.0->notebook>=4.4.1->widgetsnbextension~=3.6.5->ipywidgets>=7.0.0->qgridnext) (5.9.8)
2025-01-13T19:36:02.8184161Z Requirement already satisfied: MarkupSafe>=2.0 in /home/runner/micromamba/envs/tardis/lib/python3.12/site-packages (from jinja2>=3.0.3->jupyter-server<3,>=2.4.0->notebook>=4.4.1->widgetsnbextension~=3.6.5->ipywidgets>=7.0.0->qgridnext) (2.1.5)
2025-01-13T19:36:02.8377972Z Requirement already satisfied: attrs>=22.2.0 in /home/runner/micromamba/envs/tardis/lib/python3.12/site-packages (from jsonschema>=4.18.0->jupyterlab-server<3,>=2.27.1->notebook>=4.4.1->widgetsnbextension~=3.6.5->ipywidgets>=7.0.0->qgridnext) (23.2.0)
2025-01-13T19:36:02.8387018Z Requirement already satisfied: jsonschema-specifications>=2023.03.6 in /home/runner/micromamba/envs/tardis/lib/python3.12/site-packages (from jsonschema>=4.18.0->jupyterlab-server<3,>=2.27.1->notebook>=4.4.1->widgetsnbextension~=3.6.5->ipywidgets>=7.0.0->qgridnext) (2023.12.1)
2025-01-13T19:36:02.8395457Z Requirement already satisfied: referencing>=0.28.4 in /home/runner/micromamba/envs/tardis/lib/python3.12/site-packages (from jsonschema>=4.18.0->jupyterlab-server<3,>=2.27.1->notebook>=4.4.1->widgetsnbextension~=3.6.5->ipywidgets>=7.0.0->qgridnext) (0.35.1)
2025-01-13T19:36:02.8404356Z Requirement already satisfied: rpds-py>=0.7.1 in /home/runner/micromamba/envs/tardis/lib/python3.12/site-packages (from jsonschema>=4.18.0->jupyterlab-server<3,>=2.27.1->notebook>=4.4.1->widgetsnbextension~=3.6.5->ipywidgets>=7.0.0->qgridnext) (0.18.1)
2025-01-13T19:36:02.8669424Z Requirement already satisfied: platformdirs>=2.5 in /home/runner/micromamba/envs/tardis/lib/python3.12/site-packages (from jupyter-core!=5.0.*,>=4.12->jupyter-server<3,>=2.4.0->notebook>=4.4.1->widgetsnbextension~=3.6.5->ipywidgets>=7.0.0->qgridnext) (4.2.2)
2025-01-13T19:36:02.8820364Z Requirement already satisfied: python-json-logger>=2.0.4 in /home/runner/micromamba/envs/tardis/lib/python3.12/site-packages (from jupyter-events>=0.9.0->jupyter-server<3,>=2.4.0->notebook>=4.4.1->widgetsnbextension~=3.6.5->ipywidgets>=7.0.0->qgridnext) (2.0.7)
2025-01-13T19:36:02.8829303Z Requirement already satisfied: pyyaml>=5.3 in /home/runner/micromamba/envs/tardis/lib/python3.12/site-packages (from jupyter-events>=0.9.0->jupyter-server<3,>=2.4.0->notebook>=4.4.1->widgetsnbextension~=3.6.5->ipywidgets>=7.0.0->qgridnext) (6.0.1)
2025-01-13T19:36:02.8839191Z Requirement already satisfied: rfc3339-validator in /home/runner/micromamba/envs/tardis/lib/python3.12/site-packages (from jupyter-events>=0.9.0->jupyter-server<3,>=2.4.0->notebook>=4.4.1->widgetsnbextension~=3.6.5->ipywidgets>=7.0.0->qgridnext) (0.1.4)
2025-01-13T19:36:02.8847717Z Requirement already satisfied: rfc3986-validator>=0.1.1 in /home/runner/micromamba/envs/tardis/lib/python3.12/site-packages (from jupyter-events>=0.9.0->jupyter-server<3,>=2.4.0->notebook>=4.4.1->widgetsnbextension~=3.6.5->ipywidgets>=7.0.0->qgridnext) (0.1.1)
2025-01-13T19:36:02.9272105Z Requirement already satisfied: beautifulsoup4 in /home/runner/micromamba/envs/tardis/lib/python3.12/site-packages (from nbconvert>=6.4.4->jupyter-server<3,>=2.4.0->notebook>=4.4.1->widgetsnbextension~=3.6.5->ipywidgets>=7.0.0->qgridnext) (4.12.3)
2025-01-13T19:36:02.9291157Z Requirement already satisfied: bleach!=5.0.0 in /home/runner/micromamba/envs/tardis/lib/python3.12/site-packages (from nbconvert>=6.4.4->jupyter-server<3,>=2.4.0->notebook>=4.4.1->widgetsnbextension~=3.6.5->ipywidgets>=7.0.0->qgridnext) (6.1.0)
2025-01-13T19:36:02.9304769Z Requirement already satisfied: defusedxml in /home/runner/micromamba/envs/tardis/lib/python3.12/site-packages (from nbconvert>=6.4.4->jupyter-server<3,>=2.4.0->notebook>=4.4.1->widgetsnbextension~=3.6.5->ipywidgets>=7.0.0->qgridnext) (0.7.1)
2025-01-13T19:36:02.9319265Z Requirement already satisfied: jupyterlab-pygments in /home/runner/micromamba/envs/tardis/lib/python3.12/site-packages (from nbconvert>=6.4.4->jupyter-server<3,>=2.4.0->notebook>=4.4.1->widgetsnbextension~=3.6.5->ipywidgets>=7.0.0->qgridnext) (0.3.0)
2025-01-13T19:36:02.9329763Z Requirement already satisfied: mistune<4,>=2.0.3 in /home/runner/micromamba/envs/tardis/lib/python3.12/site-packages (from nbconvert>=6.4.4->jupyter-server<3,>=2.4.0->notebook>=4.4.1->widgetsnbextension~=3.6.5->ipywidgets>=7.0.0->qgridnext) (3.0.2)
2025-01-13T19:36:02.9341683Z Requirement already satisfied: nbclient>=0.5.0 in /home/runner/micromamba/envs/tardis/lib/python3.12/site-packages (from nbconvert>=6.4.4->jupyter-server<3,>=2.4.0->notebook>=4.4.1->widgetsnbextension~=3.6.5->ipywidgets>=7.0.0->qgridnext) (0.10.0)
2025-01-13T19:36:02.9357879Z Requirement already satisfied: pandocfilters>=1.4.1 in /home/runner/micromamba/envs/tardis/lib/python3.12/site-packages (from nbconvert>=6.4.4->jupyter-server<3,>=2.4.0->notebook>=4.4.1->widgetsnbextension~=3.6.5->ipywidgets>=7.0.0->qgridnext) (1.5.0)
2025-01-13T19:36:02.9367030Z Requirement already satisfied: tinycss2 in /home/runner/micromamba/envs/tardis/lib/python3.12/site-packages (from nbconvert>=6.4.4->jupyter-server<3,>=2.4.0->notebook>=4.4.1->widgetsnbextension~=3.6.5->ipywidgets>=7.0.0->qgridnext) (1.3.0)
2025-01-13T19:36:02.9482372Z Requirement already satisfied: fastjsonschema>=2.15 in /home/runner/micromamba/envs/tardis/lib/python3.12/site-packages (from nbformat>=5.3.0->jupyter-server<3,>=2.4.0->notebook>=4.4.1->widgetsnbextension~=3.6.5->ipywidgets>=7.0.0->qgridnext) (2.20.0)
2025-01-13T19:36:02.9786394Z Requirement already satisfied: charset-normalizer<4,>=2 in /home/runner/micromamba/envs/tardis/lib/python3.12/site-packages (from requests>=2.31->jupyterlab-server<3,>=2.27.1->notebook>=4.4.1->widgetsnbextension~=3.6.5->ipywidgets>=7.0.0->qgridnext) (3.3.2)
2025-01-13T19:36:02.9799403Z Requirement already satisfied: urllib3<3,>=1.21.1 in /home/runner/micromamba/envs/tardis/lib/python3.12/site-packages (from requests>=2.31->jupyterlab-server<3,>=2.27.1->notebook>=4.4.1->widgetsnbextension~=3.6.5->ipywidgets>=7.0.0->qgridnext) (2.2.2)
2025-01-13T19:36:03.0589558Z Requirement already satisfied: webencodings in /home/runner/micromamba/envs/tardis/lib/python3.12/site-packages (from bleach!=5.0.0->nbconvert>=6.4.4->jupyter-server<3,>=2.4.0->notebook>=4.4.1->widgetsnbextension~=3.6.5->ipywidgets>=7.0.0->qgridnext) (0.5.1)
2025-01-13T19:36:03.1161568Z Requirement already satisfied: fqdn in /home/runner/micromamba/envs/tardis/lib/python3.12/site-packages (from jsonschema[format-nongpl]>=4.18.0->jupyter-events>=0.9.0->jupyter-server<3,>=2.4.0->notebook>=4.4.1->widgetsnbextension~=3.6.5->ipywidgets>=7.0.0->qgridnext) (1.5.1)
2025-01-13T19:36:03.1177940Z Requirement already satisfied: isoduration in /home/runner/micromamba/envs/tardis/lib/python3.12/site-packages (from jsonschema[format-nongpl]>=4.18.0->jupyter-events>=0.9.0->jupyter-server<3,>=2.4.0->notebook>=4.4.1->widgetsnbextension~=3.6.5->ipywidgets>=7.0.0->qgridnext) (20.11.0)
2025-01-13T19:36:03.1191017Z Requirement already satisfied: jsonpointer>1.13 in /home/runner/micromamba/envs/tardis/lib/python3.12/site-packages (from jsonschema[format-nongpl]>=4.18.0->jupyter-events>=0.9.0->jupyter-server<3,>=2.4.0->notebook>=4.4.1->widgetsnbextension~=3.6.5->ipywidgets>=7.0.0->qgridnext) (3.0.0)
2025-01-13T19:36:03.1206918Z Requirement already satisfied: uri-template in /home/runner/micromamba/envs/tardis/lib/python3.12/site-packages (from jsonschema[format-nongpl]>=4.18.0->jupyter-events>=0.9.0->jupyter-server<3,>=2.4.0->notebook>=4.4.1->widgetsnbextension~=3.6.5->ipywidgets>=7.0.0->qgridnext) (1.3.0)
2025-01-13T19:36:03.1220438Z Requirement already satisfied: webcolors>=1.11 in /home/runner/micromamba/envs/tardis/lib/python3.12/site-packages (from jsonschema[format-nongpl]>=4.18.0->jupyter-events>=0.9.0->jupyter-server<3,>=2.4.0->notebook>=4.4.1->widgetsnbextension~=3.6.5->ipywidgets>=7.0.0->qgridnext) (24.6.0)
2025-01-13T19:36:03.2228258Z Requirement already satisfied: cffi>=1.0.1 in /home/runner/micromamba/envs/tardis/lib/python3.12/site-packages (from argon2-cffi-bindings->argon2-cffi>=21.1->jupyter-server<3,>=2.4.0->notebook>=4.4.1->widgetsnbextension~=3.6.5->ipywidgets>=7.0.0->qgridnext) (1.16.0)
2025-01-13T19:36:03.2326119Z Requirement already satisfied: soupsieve>1.2 in /home/runner/micromamba/envs/tardis/lib/python3.12/site-packages (from beautifulsoup4->nbconvert>=6.4.4->jupyter-server<3,>=2.4.0->notebook>=4.4.1->widgetsnbextension~=3.6.5->ipywidgets>=7.0.0->qgridnext) (2.5)
2025-01-13T19:36:03.2850821Z Requirement already satisfied: pycparser in /home/runner/micromamba/envs/tardis/lib/python3.12/site-packages (from cffi>=1.0.1->argon2-cffi-bindings->argon2-cffi>=21.1->jupyter-server<3,>=2.4.0->notebook>=4.4.1->widgetsnbextension~=3.6.5->ipywidgets>=7.0.0->qgridnext) (2.22)
2025-01-13T19:36:03.3348624Z Requirement already satisfied: arrow>=0.15.0 in /home/runner/micromamba/envs/tardis/lib/python3.12/site-packages (from isoduration->jsonschema[format-nongpl]>=4.18.0->jupyter-events>=0.9.0->jupyter-server<3,>=2.4.0->notebook>=4.4.1->widgetsnbextension~=3.6.5->ipywidgets>=7.0.0->qgridnext) (1.3.0)
2025-01-13T19:36:03.3647926Z Requirement already satisfied: types-python-dateutil>=2.8.10 in /home/runner/micromamba/envs/tardis/lib/python3.12/site-packages (from arrow>=0.15.0->isoduration->jsonschema[format-nongpl]>=4.18.0->jupyter-events>=0.9.0->jupyter-server<3,>=2.4.0->notebook>=4.4.1->widgetsnbextension~=3.6.5->ipywidgets>=7.0.0->qgridnext) (2.9.0.20240316)
2025-01-13T19:36:03.3895047Z Downloading qgridnext-2.0.4-py3-none-any.whl (1.3 MB)
2025-01-13T19:36:03.4272714Z    â”â”â”â”â”â”â”â”â”â”â”â”â”â”â”â”â”â”â”â”â”â”â”â”â”â”â”â”â”â”â”â”â”â”â”â”â”â”â”â” 1.3/1.3 MB 36.2 MB/s eta 0:00:00
2025-01-13T19:36:04.2579132Z Installing collected packages: qgridnext
2025-01-13T19:36:04.3497284Z Successfully installed qgridnext-2.0.4
2025-01-13T19:36:04.5977794Z ##[group]Run pytest tardis --tardis-regression-data=/home/runner/work/tardis/tardis/tardis-regression-data --cov=tardis --cov-report=xml --cov-report=html --cov-append -m "not continuum"
2025-01-13T19:36:04.5979169Z [36;1mpytest tardis --tardis-regression-data=/home/runner/work/tardis/tardis/tardis-regression-data --cov=tardis --cov-report=xml --cov-report=html --cov-append -m "not continuum"[0m
2025-01-13T19:36:04.6006624Z shell: /usr/bin/bash -l {0}
2025-01-13T19:36:04.6006896Z env:
2025-01-13T19:36:04.6007072Z   CACHE_NUMBER: 0
2025-01-13T19:36:04.6007864Z   PYTEST_FLAGS: --tardis-regression-data=/home/runner/work/tardis/tardis/tardis-regression-data --cov=tardis --cov-report=xml --cov-report=html --cov-append
2025-01-13T19:36:04.6008534Z   CODECOV_TOKEN: 
2025-01-13T19:36:04.6008762Z   MAMBA_ROOT_PREFIX: /home/runner/micromamba
2025-01-13T19:36:04.6009075Z   MAMBA_EXE: /home/runner/micromamba-bin/micromamba
2025-01-13T19:36:04.6009475Z   CONDARC: /home/runner/work/_temp/setup-micromamba/.condarc
2025-01-13T19:36:04.6009790Z ##[endgroup]
2025-01-13T19:36:13.2422920Z ============================= test session starts ==============================
2025-01-13T19:36:13.2423687Z platform linux -- Python 3.12.4, pytest-8.2.2, pluggy-1.5.0
2025-01-13T19:36:13.2424286Z rootdir: /home/runner/work/tardis/tardis
2025-01-13T19:36:13.2424807Z configfile: pyproject.toml
2025-01-13T19:36:13.2425425Z plugins: anyio-4.4.0, doctestplus-1.2.1, cov-5.0.0, html-4.1.1, metadata-3.1.1
2025-01-13T19:36:13.2426202Z collected 1796 items / 2 deselected / 1794 selected
2025-01-13T19:36:13.2426558Z 
2025-01-13T19:36:18.3743015Z tardis/energy_input/tests/test_energy_source.py ..xxx                    [  0%]
2025-01-13T19:36:21.2064755Z tardis/energy_input/tests/test_gamma_ray_channel.py ...........          [  0%]
2025-01-13T19:36:23.0084955Z tardis/energy_input/tests/test_gamma_ray_grid.py xx.                     [  1%]
2025-01-13T19:36:24.8118463Z tardis/energy_input/tests/test_gamma_ray_interactions.py xx....          [  1%]
2025-01-13T19:36:24.8226197Z tardis/energy_input/tests/test_gamma_ray_packet_source.py sssssssss      [  1%]
2025-01-13T19:36:26.1198911Z tardis/energy_input/tests/test_util.py .....xxxx.....                    [  2%]
2025-01-13T19:36:26.4580152Z tardis/grid/tests/test_grid.py .                                         [  2%]
2025-01-13T19:36:26.4595805Z tardis/gui/tests/test_gui.py s                                           [  2%]
2025-01-13T19:36:30.0291097Z tardis/io/configuration/tests/test_config_reader.py ...........          [  3%]
2025-01-13T19:36:30.0420993Z tardis/io/configuration/tests/test_configuration_namespace.py .........  [  3%]
2025-01-13T19:36:30.0692001Z tardis/io/logger/tests/test_logging.py ssssssssssssssssssssssssssss      [  5%]
2025-01-13T19:37:10.6932580Z tardis/io/model/readers/tests/test_arepo_parser.py ..                    [  5%]
2025-01-13T19:37:10.7074481Z tardis/io/model/readers/tests/test_ascii_readers.py ...                  [  5%]
2025-01-13T19:37:10.7179724Z tardis/io/model/readers/tests/test_cmfgen_reader.py ..                   [  5%]
2025-01-13T19:37:10.7478718Z tardis/io/model/readers/tests/test_csvy_reader.py ....                   [  6%]
2025-01-13T19:37:10.7691639Z tardis/io/model/readers/tests/test_stella_reader.py ..                   [  6%]
2025-01-13T19:37:11.0862738Z tardis/io/tests/test_HDFWriter.py ...............                        [  7%]
2025-01-13T19:37:11.4253050Z tardis/io/tests/test_atomic.py .....                                     [  7%]
2025-01-13T19:37:11.4636283Z tardis/io/tests/test_decay.py ..                                         [  7%]
2025-01-13T19:37:11.6696856Z tardis/io/tests/test_model_reader.py ......                              [  7%]
2025-01-13T19:37:11.6763981Z tardis/model/geometry/tests/test_radial1d.py ..                          [  7%]
2025-01-13T19:38:12.6531647Z tardis/model/tests/test_base.py ........................................ [ 10%]
2025-01-13T19:38:13.6581297Z ............                                                             [ 10%]
2025-01-13T19:38:16.7518419Z tardis/model/tests/test_csvy_model.py .........                          [ 11%]
2025-01-13T19:38:16.8025560Z tardis/model/tests/test_density.py ..                                    [ 11%]
2025-01-13T19:38:18.1928907Z tardis/opacities/tests/test_opacity_solver.py .....                      [ 11%]
2025-01-13T19:38:19.5928243Z tardis/opacities/tests/test_opacity_state_numba.py .....                 [ 11%]
2025-01-13T19:38:21.7689948Z tardis/opacities/tests/test_tau_sobolev.py FF                            [ 12%]
2025-01-13T19:38:24.7729940Z tardis/plasma/equilibrium/tests/test_collisional_transitions.py ...      [ 12%]
2025-01-13T19:39:11.7020130Z tardis/plasma/equilibrium/tests/test_level_populations.py ....           [ 12%]
2025-01-13T19:39:23.4546563Z tardis/plasma/equilibrium/tests/test_rate_matrix.py .                    [ 12%]
2025-01-13T19:39:24.9190584Z tardis/plasma/tests/test_complete_plasmas.py .....................s..... [ 13%]
2025-01-13T19:39:28.2619911Z s....ssssss............s............ss.....s....ssssss............s..... [ 18%]
2025-01-13T19:39:30.0830864Z .......ss.....s....ssssss............s............ss.....s....ssssss.... [ 22%]
2025-01-13T19:39:33.1106711Z ........s............ss.....s........ss............s............ss.....s [ 26%]
2025-01-13T19:39:36.1385989Z ........ss............s............ss.....s....ssssss............s...... [ 30%]
2025-01-13T19:39:36.9144043Z ......ss.....s....ssssss............s............ss.....s.ss.ssssss..... [ 34%]
2025-01-13T19:39:39.9692602Z .......s............ss.....s....ssssss............s............ss.....s. [ 38%]
2025-01-13T19:39:43.2609753Z ...ssssss............s............ss.....s....ssssss............s....... [ 42%]
2025-01-13T19:39:46.4361463Z .....ss.....s....ssssss............s............s...........ssssss...... [ 46%]
2025-01-13T19:39:48.3470411Z ......s............s...........ssssss............s............s......... [ 50%]
2025-01-13T19:39:51.3672338Z ..ssssss............s............ss.....s....ssssss............s........ [ 54%]
2025-01-13T19:39:54.9790419Z ....ss.....s....ssssss..........................s.....s....ssss......... [ 58%]
2025-01-13T19:39:55.3076328Z ...................s.....s....ssss.......                                [ 60%]
2025-01-13T19:39:55.4325122Z tardis/plasma/tests/test_hdf_plasma.py ................................. [ 62%]
2025-01-13T19:39:55.4440584Z ......                                                                   [ 62%]
2025-01-13T19:39:55.5908758Z tardis/plasma/tests/test_nlte_excitation.py ...                          [ 62%]
2025-01-13T19:42:15.1080704Z tardis/plasma/tests/test_nlte_solver.py .....X                           [ 63%]
2025-01-13T19:42:15.1105838Z tardis/plasma/tests/test_plasma_continuum.py .                           [ 63%]
2025-01-13T19:42:39.5066084Z tardis/plasma/tests/test_plasma_vboundary.py .............               [ 63%]
2025-01-13T19:42:53.6669864Z tardis/plasma/tests/test_tardis_model_density_config.py ...              [ 64%]
2025-01-13T19:42:54.4180346Z tardis/simulation/tests/test_convergence.py .....                        [ 64%]
2025-01-13T19:43:03.3794689Z tardis/simulation/tests/test_simulation.py .............                 [ 65%]
2025-01-13T19:43:03.3997034Z tardis/spectrum/tests/test_cuda_formal_integral.py sssssssssssssssssssss [ 66%]
2025-01-13T19:43:03.8973604Z ssss...ssssssssssssssssssssss                                            [ 67%]
2025-01-13T19:43:03.9051246Z tardis/spectrum/tests/test_luminosity.py ....                            [ 68%]
2025-01-13T19:43:05.6032650Z tardis/spectrum/tests/test_numba_formal_integral.py .................... [ 69%]
2025-01-13T19:43:05.6232623Z ..........                                                               [ 69%]
2025-01-13T19:43:05.8107737Z tardis/spectrum/tests/test_spectrum.py ................................. [ 71%]
2025-01-13T19:43:05.8464645Z .........                                                                [ 72%]
2025-01-13T19:43:25.6989352Z tardis/spectrum/tests/test_spectrum_solver.py ....                       [ 72%]
2025-01-13T19:44:30.3596145Z tardis/tests/test_tardis_full.py ....                                    [ 72%]
2025-01-13T19:45:57.8830777Z tardis/tests/test_tardis_full_formal_integral.py ................        [ 73%]
2025-01-13T19:45:57.9595911Z tardis/tests/test_util.py .............................................  [ 75%]
2025-01-13T19:46:00.7554472Z tardis/transport/montecarlo/tests/test_base.py x.....................    [ 77%]
2025-01-13T19:46:09.1914067Z tardis/transport/montecarlo/tests/test_interaction.py .......            [ 77%]
2025-01-13T19:46:09.4247207Z tardis/transport/montecarlo/tests/test_macro_atom.py ....                [ 77%]
2025-01-13T19:46:09.4431473Z tardis/transport/montecarlo/tests/test_montecarlo.py sssssssssssssssssss [ 78%]
2025-01-13T19:46:09.4886790Z sssssssssssssssssssssssssssssssssssssssssssss                            [ 81%]
2025-01-13T19:46:18.7564452Z tardis/transport/montecarlo/tests/test_montecarlo_main_loop.py x..       [ 81%]
2025-01-13T19:46:18.7633550Z tardis/transport/montecarlo/tests/test_nonhomologous.py ...              [ 81%]
2025-01-13T19:46:24.9353705Z tardis/transport/montecarlo/tests/test_numba_interface.py .....x.        [ 82%]
2025-01-13T19:46:25.4552569Z tardis/transport/montecarlo/tests/test_opacities.py ...............      [ 82%]
2025-01-13T19:46:26.5450088Z tardis/transport/montecarlo/tests/test_packet.py .................xXXXXX [ 84%]
2025-01-13T19:46:26.6919340Z XX.........                                                              [ 84%]
2025-01-13T19:46:26.7210797Z tardis/transport/montecarlo/tests/test_packet_source.py ........         [ 85%]
2025-01-13T19:46:27.0657052Z tardis/transport/montecarlo/tests/test_rpacket_last_interaction_tracker.py . [ 85%]
2025-01-13T19:46:27.5029977Z .....                                                                    [ 85%]
2025-01-13T19:47:05.6108367Z tardis/transport/montecarlo/tests/test_rpacket_tracker.py ......         [ 85%]
2025-01-13T19:47:05.6405227Z tardis/transport/montecarlo/tests/test_single_packet_loop.py xxx         [ 86%]
2025-01-13T19:47:05.6438542Z tardis/transport/montecarlo/tests/test_tracker_utils.py ..               [ 86%]
2025-01-13T19:47:08.8098329Z tardis/transport/montecarlo/tests/test_vpacket.py ..x.                   [ 86%]
2025-01-13T19:47:08.8285447Z tardis/transport/montecarlo/tests/test_weighted_packet_source.py ....    [ 86%]
2025-01-13T19:47:12.4960655Z tardis/transport/montecarlo/tests/test_weighted_packet_source_integration.py . [ 86%]
2025-01-13T19:47:12.4962584Z                                                                          [ 86%]
2025-01-13T19:47:13.2809978Z tardis/transport/tests/test_doppler_factor.py ..................         [ 87%]
2025-01-13T19:47:14.7001609Z tardis/visualization/tools/tests/test_convergence_plot.py .............. [ 88%]
2025-01-13T19:47:17.0136309Z ......                                                                   [ 88%]
2025-01-13T19:47:21.9349300Z tardis/visualization/tools/tests/test_liv_plot.py ...................... [ 90%]
2025-01-13T19:47:24.7429163Z .............................                                            [ 91%]
2025-01-13T19:47:27.6506957Z tardis/visualization/tools/tests/test_rpacket_plot.py .................. [ 92%]
2025-01-13T19:47:35.3439255Z ....                                                                     [ 92%]
2025-01-13T19:47:41.6647251Z tardis/visualization/tools/tests/test_sdec_plot.py ..................... [ 94%]
2025-01-13T19:47:49.5091805Z ..............................                                           [ 95%]
2025-01-13T19:47:49.9635516Z tardis/visualization/widgets/tests/test_custom_abundance.py ........ss.. [ 96%]
2025-01-13T19:47:50.0386495Z ....                                                                     [ 96%]
2025-01-13T19:47:51.1947953Z tardis/visualization/widgets/tests/test_line_info.py ................... [ 97%]
2025-01-13T19:47:51.8511726Z ..................                                                       [ 98%]
2025-01-13T19:48:56.5357518Z tardis/visualization/widgets/tests/test_shell_info.py .................. [ 99%]
2025-01-13T19:49:04.6211101Z ......                                                                   [100%]
2025-01-13T19:49:04.6211832Z 
2025-01-13T19:49:04.6212162Z =================================== FAILURES ===================================
2025-01-13T19:49:04.6212801Z _____________________ test_calculate_sobolev_line_opacity ______________________
2025-01-13T19:49:04.6213258Z 
2025-01-13T19:49:04.6213665Z nb_simulation_verysimple = <tardis.simulation.base.Simulation object at 0x7f0d3c6a2120>
2025-01-13T19:49:04.6214655Z regression_data = <tardis.tests.fixtures.regression_data.RegressionData object at 0x7f0d6a8b6a80>
2025-01-13T19:49:04.6215252Z 
2025-01-13T19:49:04.6215422Z     def test_calculate_sobolev_line_opacity(
2025-01-13T19:49:04.6215905Z         nb_simulation_verysimple, regression_data
2025-01-13T19:49:04.6216339Z     ):
2025-01-13T19:49:04.6216717Z         legacy_plasma = nb_simulation_verysimple.plasma
2025-01-13T19:49:04.6217172Z     
2025-01-13T19:49:04.6217654Z         actual = calculate_sobolev_line_opacity(
2025-01-13T19:49:04.6218117Z             legacy_plasma.lines,
2025-01-13T19:49:04.6218531Z             legacy_plasma.level_number_density,
2025-01-13T19:49:04.6218976Z             legacy_plasma.time_explosion,
2025-01-13T19:49:04.6219437Z             legacy_plasma.stimulated_emission_factor,
2025-01-13T19:49:04.6219868Z         )
2025-01-13T19:49:04.6220233Z >       expected = regression_data.sync_dataframe(actual)
2025-01-13T19:49:04.6220581Z 
2025-01-13T19:49:04.6220768Z tardis/opacities/tests/test_tau_sobolev.py:21: 
2025-01-13T19:49:04.6221281Z _ _ _ _ _ _ _ _ _ _ _ _ _ _ _ _ _ _ _ _ _ _ _ _ _ _ _ _ _ _ _ _ _ _ _ _ _ _ _ _ 
2025-01-13T19:49:04.6221901Z tardis/tests/fixtures/regression_data.py:88: in sync_dataframe
2025-01-13T19:49:04.6222499Z     return pd.read_hdf(self.fpath, key=key)
2025-01-13T19:49:04.6222977Z _ _ _ _ _ _ _ _ _ _ _ _ _ _ _ _ _ _ _ _ _ _ _ _ _ _ _ _ _ _ _ _ _ _ _ _ _ _ _ _ 
2025-01-13T19:49:04.6223306Z 
2025-01-13T19:49:04.6223933Z path_or_buf = '/home/runner/work/tardis/tardis/tardis-regression-data/test_tau_sobolev/test_calculate_sobolev_line_opacity.h5'
2025-01-13T19:49:04.6224936Z key = 'data', mode = 'r', errors = 'strict', where = None, start = None
2025-01-13T19:49:04.6225607Z stop = None, columns = None, iterator = False, chunksize = None, kwargs = {}
2025-01-13T19:49:04.6226138Z exists = False
2025-01-13T19:49:04.6226269Z 
2025-01-13T19:49:04.6226352Z     def read_hdf(
2025-01-13T19:49:04.6226585Z         path_or_buf: FilePath | HDFStore,
2025-01-13T19:49:04.6226868Z         key=None,
2025-01-13T19:49:04.6227074Z         mode: str = "r",
2025-01-13T19:49:04.6227420Z         errors: str = "strict",
2025-01-13T19:49:04.6227698Z         where: str | list | None = None,
2025-01-13T19:49:04.6227970Z         start: int | None = None,
2025-01-13T19:49:04.6228242Z         stop: int | None = None,
2025-01-13T19:49:04.6228537Z         columns: list[str] | None = None,
2025-01-13T19:49:04.6228816Z         iterator: bool = False,
2025-01-13T19:49:04.6229071Z         chunksize: int | None = None,
2025-01-13T19:49:04.6229320Z         **kwargs,
2025-01-13T19:49:04.6229513Z     ):
2025-01-13T19:49:04.6229699Z         """
2025-01-13T19:49:04.6229950Z         Read from the store, close it if we opened it.
2025-01-13T19:49:04.6230238Z     
2025-01-13T19:49:04.6230524Z         Retrieve pandas object stored in file, optionally based on where
2025-01-13T19:49:04.6231339Z         criteria.
2025-01-13T19:49:04.6231649Z     
2025-01-13T19:49:04.6240916Z         .. warning::
2025-01-13T19:49:04.6241312Z     
2025-01-13T19:49:04.6242113Z            Pandas uses PyTables for reading and writing HDF5 files, which allows
2025-01-13T19:49:04.6242907Z            serializing object-dtype data with pickle when using the "fixed" format.
2025-01-13T19:49:04.6243691Z            Loading pickled data received from untrusted sources can be unsafe.
2025-01-13T19:49:04.6244927Z     
2025-01-13T19:49:04.6245427Z            See: https://docs.python.org/3/library/pickle.html for more.
2025-01-13T19:49:04.6245976Z     
2025-01-13T19:49:04.6246287Z         Parameters
2025-01-13T19:49:04.6246801Z         ----------
2025-01-13T19:49:04.6247592Z         path_or_buf : str, path object, pandas.HDFStore
2025-01-13T19:49:04.6248409Z             Any valid string path is acceptable. Only supports the local file system,
2025-01-13T19:49:04.6249419Z             remote URLs and file-like objects are not supported.
2025-01-13T19:49:04.6249920Z     
2025-01-13T19:49:04.6250341Z             If you want to pass in a path object, pandas accepts any
2025-01-13T19:49:04.6250870Z             ``os.PathLike``.
2025-01-13T19:49:04.6251215Z     
2025-01-13T19:49:04.6251678Z             Alternatively, pandas accepts an open :class:`pandas.HDFStore` object.
2025-01-13T19:49:04.6252256Z     
2025-01-13T19:49:04.6252539Z         key : object, optional
2025-01-13T19:49:04.6253052Z             The group identifier in the store. Can be omitted if the HDF file
2025-01-13T19:49:04.6253626Z             contains a single pandas object.
2025-01-13T19:49:04.6254060Z         mode : {'r', 'r+', 'a'}, default 'r'
2025-01-13T19:49:04.6254578Z             Mode to use when opening the file. Ignored if path_or_buf is a
2025-01-13T19:49:04.6255159Z             :class:`pandas.HDFStore`. Default is 'r'.
2025-01-13T19:49:04.6255630Z         errors : str, default 'strict'
2025-01-13T19:49:04.6256159Z             Specifies how encoding and decoding errors are to be handled.
2025-01-13T19:49:04.6256573Z             See the errors argument for :func:`open` for a full list
2025-01-13T19:49:04.6256920Z             of options.
2025-01-13T19:49:04.6257141Z         where : list, optional
2025-01-13T19:49:04.6257654Z             A list of Term (or convertible) objects.
2025-01-13T19:49:04.6257949Z         start : int, optional
2025-01-13T19:49:04.6258200Z             Row number to start selection.
2025-01-13T19:49:04.6258478Z         stop  : int, optional
2025-01-13T19:49:04.6258727Z             Row number to stop selection.
2025-01-13T19:49:04.6258998Z         columns : list, optional
2025-01-13T19:49:04.6259260Z             A list of columns names to return.
2025-01-13T19:49:04.6259537Z         iterator : bool, optional
2025-01-13T19:49:04.6259794Z             Return an iterator object.
2025-01-13T19:49:04.6260057Z         chunksize : int, optional
2025-01-13T19:49:04.6260385Z             Number of rows to include in an iteration when using an iterator.
2025-01-13T19:49:04.6260732Z         **kwargs
2025-01-13T19:49:04.6261015Z             Additional keyword arguments passed to HDFStore.
2025-01-13T19:49:04.6261317Z     
2025-01-13T19:49:04.6261488Z         Returns
2025-01-13T19:49:04.6261710Z         -------
2025-01-13T19:49:04.6261900Z         object
2025-01-13T19:49:04.6262177Z             The selected object. Return type depends on the object stored.
2025-01-13T19:49:04.6262513Z     
2025-01-13T19:49:04.6262692Z         See Also
2025-01-13T19:49:04.6262911Z         --------
2025-01-13T19:49:04.6263173Z         DataFrame.to_hdf : Write a HDF file from a DataFrame.
2025-01-13T19:49:04.6263515Z         HDFStore : Low-level access to HDF files.
2025-01-13T19:49:04.6263790Z     
2025-01-13T19:49:04.6263966Z         Examples
2025-01-13T19:49:04.6264199Z         --------
2025-01-13T19:49:04.6264518Z         >>> df = pd.DataFrame([[1, 1.0, 'a']], columns=['x', 'y', 'z'])  # doctest: +SKIP
2025-01-13T19:49:04.6264932Z         >>> df.to_hdf('./store.h5', 'data')  # doctest: +SKIP
2025-01-13T19:49:04.6265504Z         >>> reread = pd.read_hdf('./store.h5')  # doctest: +SKIP
2025-01-13T19:49:04.6266012Z         """
2025-01-13T19:49:04.6266332Z         if mode not in ["r", "r+", "a"]:
2025-01-13T19:49:04.6266751Z             raise ValueError(
2025-01-13T19:49:04.6267212Z                 f"mode {mode} is not allowed while performing a read. "
2025-01-13T19:49:04.6267767Z                 f"Allowed modes are r, r+ and a."
2025-01-13T19:49:04.6268257Z             )
2025-01-13T19:49:04.6268478Z         # grab the scope
2025-01-13T19:49:04.6268697Z         if where is not None:
2025-01-13T19:49:04.6268989Z             where = _ensure_term(where, scope_level=1)
2025-01-13T19:49:04.6269264Z     
2025-01-13T19:49:04.6269461Z         if isinstance(path_or_buf, HDFStore):
2025-01-13T19:49:04.6269772Z             if not path_or_buf.is_open:
2025-01-13T19:49:04.6270086Z                 raise OSError("The HDFStore must be open for reading.")
2025-01-13T19:49:04.6270431Z     
2025-01-13T19:49:04.6270611Z             store = path_or_buf
2025-01-13T19:49:04.6270850Z             auto_close = False
2025-01-13T19:49:04.6271067Z         else:
2025-01-13T19:49:04.6271284Z             path_or_buf = stringify_path(path_or_buf)
2025-01-13T19:49:04.6271574Z             if not isinstance(path_or_buf, str):
2025-01-13T19:49:04.6271882Z                 raise NotImplementedError(
2025-01-13T19:49:04.6272237Z                     "Support for generic buffers has not been implemented."
2025-01-13T19:49:04.6272539Z                 )
2025-01-13T19:49:04.6272722Z             try:
2025-01-13T19:49:04.6273141Z                 exists = os.path.exists(path_or_buf)
2025-01-13T19:49:04.6274211Z     
2025-01-13T19:49:04.6275012Z             # if filepath is too long
2025-01-13T19:49:04.6275838Z             except (TypeError, ValueError):
2025-01-13T19:49:04.6277231Z                 exists = False
2025-01-13T19:49:04.6278444Z     
2025-01-13T19:49:04.6327148Z             if not exists:
2025-01-13T19:49:04.6327781Z >               raise FileNotFoundError(f"File {path_or_buf} does not exist")
2025-01-13T19:49:04.6328663Z E               FileNotFoundError: File /home/runner/work/tardis/tardis/tardis-regression-data/test_tau_sobolev/test_calculate_sobolev_line_opacity.h5 does not exist
2025-01-13T19:49:04.6329334Z 
2025-01-13T19:49:04.6329685Z ../../../micromamba/envs/tardis/lib/python3.12/site-packages/pandas/io/pytables.py:424: FileNotFoundError
2025-01-13T19:49:04.6330333Z ---------------------------- Captured stdout setup -----------------------------
2025-01-13T19:49:04.6331132Z [[1mtardis.io.model.parse_density_configuration[0m][[1;33mWARNING[0m]  
2025-01-13T19:49:04.6332008Z 	Number of density points larger than number of shells. Assuming inner point irrelevant ([1mparse_density_configuration.py[0m:114)
2025-01-13T19:49:04.6332705Z ---------------------------- Captured stderr setup -----------------------------
2025-01-13T19:49:04.6332992Z 
2025-01-13T19:49:04.6332996Z 
2025-01-13T19:49:04.6333286Z Packets:                                                                                   4020/? [00:12<00:00, 33452.46it/s][A
2025-01-13T19:49:04.6333552Z 
2025-01-13T19:49:04.6333821Z Packets:                                                                                   4021/? [00:12<00:00, 245.61it/s]  [A
2025-01-13T19:49:04.6334459Z Iterations:â–ˆâ–ˆâ–ˆâ–ˆâ–ˆâ–ˆâ–ˆâ–ˆâ–ˆâ–ˆâ–ˆâ–ˆâ–ˆâ–ˆâ–ˆâ–ˆâ–ˆâ–ˆâ–ˆâ–ˆâ–ˆâ–ˆâ–ˆâ–ˆâ–ˆâ–ˆâ–ˆâ–ˆâ–ˆâ–ˆâ–ˆâ–ˆâ–ˆâ–ˆâ–ˆâ–ˆâ–ˆâ–ˆâ–ˆâ–ˆâ–ˆâ–ˆâ–ˆâ–ˆâ–ˆâ–ˆâ–ˆâ–ˆâ–ˆâ–ˆâ–ˆâ–ˆâ–ˆâ–ˆâ–ˆâ–ˆâ–ˆâ–ˆâ–ˆâ–ˆâ–ˆâ–ˆâ–ˆâ–ˆ                4/5 [00:12<00:02,  2.77s/it]
2025-01-13T19:49:04.6334769Z 
2025-01-13T19:49:04.6335060Z Packets:                                                                                   4030/? [00:12<00:00, 245.61it/s][A
2025-01-13T19:49:04.6335493Z ------------------------------ Captured log setup ------------------------------
2025-01-13T19:49:04.6336334Z WARNING  tardis.io.model.parse_density_configuration:parse_density_configuration.py:114 Number of density points larger than number of shells. Assuming inner point irrelevant
2025-01-13T19:49:04.6337136Z _________________________ test_calculate_beta_sobolevs _________________________
2025-01-13T19:49:04.6338175Z 
2025-01-13T19:49:04.6338447Z nb_simulation_verysimple = <tardis.simulation.base.Simulation object at 0x7f0d3c6a2120>
2025-01-13T19:49:04.6339104Z regression_data = <tardis.tests.fixtures.regression_data.RegressionData object at 0x7f0d3fa59e50>
2025-01-13T19:49:04.6339498Z 
2025-01-13T19:49:04.6339712Z     def test_calculate_beta_sobolevs(nb_simulation_verysimple, regression_data):
2025-01-13T19:49:04.6340289Z         legacy_plasma = nb_simulation_verysimple.plasma
2025-01-13T19:49:04.6340602Z     
2025-01-13T19:49:04.6340829Z         tau_sobolevs = calculate_sobolev_line_opacity(
2025-01-13T19:49:04.6341135Z             legacy_plasma.lines,
2025-01-13T19:49:04.6341415Z             legacy_plasma.level_number_density,
2025-01-13T19:49:04.6341712Z             legacy_plasma.time_explosion,
2025-01-13T19:49:04.6342019Z             legacy_plasma.stimulated_emission_factor,
2025-01-13T19:49:04.6342304Z         )
2025-01-13T19:49:04.6342538Z         actual = calculate_beta_sobolev(tau_sobolevs)
2025-01-13T19:49:04.6342871Z >       expected = regression_data.sync_ndarray(actual)
2025-01-13T19:49:04.6343083Z 
2025-01-13T19:49:04.6343212Z tardis/opacities/tests/test_tau_sobolev.py:35: 
2025-01-13T19:49:04.6343545Z _ _ _ _ _ _ _ _ _ _ _ _ _ _ _ _ _ _ _ _ _ _ _ _ _ _ _ _ _ _ _ _ _ _ _ _ _ _ _ _ 
2025-01-13T19:49:04.6343935Z tardis/tests/fixtures/regression_data.py:111: in sync_ndarray
2025-01-13T19:49:04.6344299Z     return np.load(self.fpath)
2025-01-13T19:49:04.6344585Z _ _ _ _ _ _ _ _ _ _ _ _ _ _ _ _ _ _ _ _ _ _ _ _ _ _ _ _ _ _ _ _ _ _ _ _ _ _ _ _ 
2025-01-13T19:49:04.6344807Z 
2025-01-13T19:49:04.6345351Z file = PosixPath('/home/runner/work/tardis/tardis/tardis-regression-data/test_tau_sobolev/test_calculate_beta_sobolevs.npy')
2025-01-13T19:49:04.6346131Z mmap_mode = None, allow_pickle = False, fix_imports = True, encoding = 'ASCII'
2025-01-13T19:49:04.6346416Z 
2025-01-13T19:49:04.6346500Z     @set_module('numpy')
2025-01-13T19:49:04.6346807Z     def load(file, mmap_mode=None, allow_pickle=False, fix_imports=True,
2025-01-13T19:49:04.6347211Z              encoding='ASCII', *, max_header_size=format._MAX_HEADER_SIZE):
2025-01-13T19:49:04.6347634Z         """
2025-01-13T19:49:04.6347922Z         Load arrays or pickled objects from ``.npy``, ``.npz`` or pickled files.
2025-01-13T19:49:04.6348261Z     
2025-01-13T19:49:04.6348574Z         .. warning:: Loading files that contain object arrays uses the ``pickle``
2025-01-13T19:49:04.6348996Z                      module, which is not secure against erroneous or maliciously
2025-01-13T19:49:04.6349387Z                      constructed data. Consider passing ``allow_pickle=False`` to
2025-01-13T19:49:04.6349773Z                      load data that is known not to contain object arrays for the
2025-01-13T19:49:04.6350112Z                      safer handling of untrusted sources.
2025-01-13T19:49:04.6350372Z     
2025-01-13T19:49:04.6350542Z         Parameters
2025-01-13T19:49:04.6350745Z         ----------
2025-01-13T19:49:04.6350989Z         file : file-like object, string, or pathlib.Path
2025-01-13T19:49:04.6351328Z             The file to read. File-like objects must support the
2025-01-13T19:49:04.6351660Z             ``seek()`` and ``read()`` methods and must always
2025-01-13T19:49:04.6351998Z             be opened in binary mode.  Pickled files require that the
2025-01-13T19:49:04.6352377Z             file-like object support the ``readline()`` method as well.
2025-01-13T19:49:04.6352732Z         mmap_mode : {None, 'r+', 'r', 'w+', 'c'}, optional
2025-01-13T19:49:04.6353085Z             If not None, then memory-map the file, using the given mode (see
2025-01-13T19:49:04.6353483Z             `numpy.memmap` for a detailed description of the modes).  A
2025-01-13T19:49:04.6353885Z             memory-mapped array is kept on disk. However, it can be accessed
2025-01-13T19:49:04.6354303Z             and sliced like any ndarray.  Memory mapping is especially useful
2025-01-13T19:49:04.6354857Z             for accessing small fragments of large files without reading the
2025-01-13T19:49:04.6355186Z             entire file into memory.
2025-01-13T19:49:04.6355437Z         allow_pickle : bool, optional
2025-01-13T19:49:04.6355776Z             Allow loading pickled object arrays stored in npy files. Reasons for
2025-01-13T19:49:04.6356202Z             disallowing pickles include security, as loading pickled data can
2025-01-13T19:49:04.6356763Z             execute arbitrary code. If pickles are disallowed, loading object
2025-01-13T19:49:04.6357116Z             arrays will fail. Default: False
2025-01-13T19:49:04.6357479Z     
2025-01-13T19:49:04.6357667Z             .. versionchanged:: 1.16.3
2025-01-13T19:49:04.6357957Z                 Made default False in response to CVE-2019-6446.
2025-01-13T19:49:04.6358234Z     
2025-01-13T19:49:04.6358411Z         fix_imports : bool, optional
2025-01-13T19:49:04.6358752Z             Only useful when loading Python 2 generated pickled files on Python 3,
2025-01-13T19:49:04.6359214Z             which includes npy/npz files containing object arrays. If `fix_imports`
2025-01-13T19:49:04.6359653Z             is True, pickle will try to map the old Python 2 names to the new names
2025-01-13T19:49:04.6359990Z             used in Python 3.
2025-01-13T19:49:04.6360222Z         encoding : str, optional
2025-01-13T19:49:04.6360542Z             What encoding to use when reading Python 2 strings. Only useful when
2025-01-13T19:49:04.6360973Z             loading Python 2 generated pickled files in Python 3, which includes
2025-01-13T19:49:04.6361404Z             npy/npz files containing object arrays. Values other than 'latin1',
2025-01-13T19:49:04.6361813Z             'ASCII', and 'bytes' are not allowed, as they can corrupt numerical
2025-01-13T19:49:04.6362149Z             data. Default: 'ASCII'
2025-01-13T19:49:04.6362397Z         max_header_size : int, optional
2025-01-13T19:49:04.6362726Z             Maximum allowed size of the header.  Large headers may not be safe
2025-01-13T19:49:04.6363149Z             to load securely and thus require explicitly passing a larger value.
2025-01-13T19:49:04.6363518Z             See :py:func:`ast.literal_eval()` for details.
2025-01-13T19:49:04.6363882Z             This option is ignored when `allow_pickle` is passed.  In that case
2025-01-13T19:49:04.6364281Z             the file is by definition trusted and the limit is unnecessary.
2025-01-13T19:49:04.6364589Z     
2025-01-13T19:49:04.6364753Z         Returns
2025-01-13T19:49:04.6364949Z         -------
2025-01-13T19:49:04.6365153Z         result : array, tuple, dict, etc.
2025-01-13T19:49:04.6365486Z             Data stored in the file. For ``.npz`` files, the returned instance
2025-01-13T19:49:04.6365888Z             of NpzFile class must be closed to avoid leaking file descriptors.
2025-01-13T19:49:04.6366204Z     
2025-01-13T19:49:04.6366365Z         Raises
2025-01-13T19:49:04.6366542Z         ------
2025-01-13T19:49:04.6366721Z         OSError
2025-01-13T19:49:04.6366947Z             If the input file does not exist or cannot be read.
2025-01-13T19:49:04.6367244Z         UnpicklingError
2025-01-13T19:49:04.6367633Z             If ``allow_pickle=True``, but the file cannot be loaded as a pickle.
2025-01-13T19:49:04.6367953Z         ValueError
2025-01-13T19:49:04.6368237Z             The file contains an object array, but ``allow_pickle=False`` given.
2025-01-13T19:49:04.6368560Z         EOFError
2025-01-13T19:49:04.6368832Z             When calling ``np.load`` multiple times on the same file handle,
2025-01-13T19:49:04.6369169Z             if all data has already been read
2025-01-13T19:49:04.6369412Z     
2025-01-13T19:49:04.6369582Z         See Also
2025-01-13T19:49:04.6369762Z         --------
2025-01-13T19:49:04.6369967Z         save, savez, savez_compressed, loadtxt
2025-01-13T19:49:04.6370328Z         memmap : Create a memory-map to an array stored in a file on disk.
2025-01-13T19:49:04.6370756Z         lib.format.open_memmap : Create or load a memory-mapped ``.npy`` file.
2025-01-13T19:49:04.6371212Z     
2025-01-13T19:49:04.6371374Z         Notes
2025-01-13T19:49:04.6371549Z         -----
2025-01-13T19:49:04.6371812Z         - If the file contains pickle data, then whatever object is stored
2025-01-13T19:49:04.6372142Z           in the pickle is returned.
2025-01-13T19:49:04.6372452Z         - If the file is a ``.npy`` file, then a single array is returned.
2025-01-13T19:49:04.6372822Z         - If the file is a ``.npz`` file, then a dictionary-like object is
2025-01-13T19:49:04.6373365Z           returned, containing ``{filename: array}`` key-value pairs, one for
2025-01-13T19:49:04.6373721Z           each file in the archive.
2025-01-13T19:49:04.6374029Z         - If the file is a ``.npz`` file, the returned value supports the
2025-01-13T19:49:04.6374444Z           context manager protocol in a similar fashion to the open function::
2025-01-13T19:49:04.6374774Z     
2025-01-13T19:49:04.6374957Z             with load('foo.npz') as data:
2025-01-13T19:49:04.6375252Z                 a = data['a']
2025-01-13T19:49:04.6375477Z     
2025-01-13T19:49:04.6375729Z           The underlying file descriptor is closed when exiting the 'with'
2025-01-13T19:49:04.6376050Z           block.
2025-01-13T19:49:04.6376228Z     
2025-01-13T19:49:04.6376392Z         Examples
2025-01-13T19:49:04.6376576Z         --------
2025-01-13T19:49:04.6376781Z         Store data to disk, and load it again:
2025-01-13T19:49:04.6377032Z     
2025-01-13T19:49:04.6377258Z         >>> np.save('/tmp/123', np.array([[1, 2, 3], [4, 5, 6]]))
2025-01-13T19:49:04.6377702Z         >>> np.load('/tmp/123.npy')
2025-01-13T19:49:04.6377939Z         array([[1, 2, 3],
2025-01-13T19:49:04.6378151Z                [4, 5, 6]])
2025-01-13T19:49:04.6378351Z     
2025-01-13T19:49:04.6378557Z         Store compressed data to disk, and load it again:
2025-01-13T19:49:04.6378836Z     
2025-01-13T19:49:04.6379015Z         >>> a=np.array([[1, 2, 3], [4, 5, 6]])
2025-01-13T19:49:04.6379272Z         >>> b=np.array([1, 2])
2025-01-13T19:49:04.6379514Z         >>> np.savez('/tmp/123.npz', a=a, b=b)
2025-01-13T19:49:04.6379787Z         >>> data = np.load('/tmp/123.npz')
2025-01-13T19:49:04.6380033Z         >>> data['a']
2025-01-13T19:49:04.6380236Z         array([[1, 2, 3],
2025-01-13T19:49:04.6380436Z                [4, 5, 6]])
2025-01-13T19:49:04.6380641Z         >>> data['b']
2025-01-13T19:49:04.6380834Z         array([1, 2])
2025-01-13T19:49:04.6381030Z         >>> data.close()
2025-01-13T19:49:04.6381236Z     
2025-01-13T19:49:04.6381469Z         Mem-map the stored array, and then access the second row
2025-01-13T19:49:04.6381776Z         directly from disk:
2025-01-13T19:49:04.6381987Z     
2025-01-13T19:49:04.6382184Z         >>> X = np.load('/tmp/123.npy', mmap_mode='r')
2025-01-13T19:49:04.6382449Z         >>> X[1, :]
2025-01-13T19:49:04.6382646Z         memmap([4, 5, 6])
2025-01-13T19:49:04.6382847Z     
2025-01-13T19:49:04.6383013Z         """
2025-01-13T19:49:04.6383229Z         if encoding not in ('ASCII', 'latin1', 'bytes'):
2025-01-13T19:49:04.6383579Z             # The 'encoding' value for pickle also affects what encoding
2025-01-13T19:49:04.6383947Z             # the serialized binary data of NumPy arrays is loaded
2025-01-13T19:49:04.6384305Z             # in. Pickle does not pass on the encoding information to
2025-01-13T19:49:04.6384674Z             # NumPy. The unpickling code in numpy.core.multiarray is
2025-01-13T19:49:04.6385050Z             # written to assume that unicode data appearing where binary
2025-01-13T19:49:04.6385444Z             # should be is in 'latin1'. 'bytes' is also safe, as is 'ASCII'.
2025-01-13T19:49:04.6385754Z             #
2025-01-13T19:49:04.6385994Z             # Other encoding values can corrupt binary data, and we
2025-01-13T19:49:04.6386380Z             # purposefully disallow them. For the same reason, the errors=
2025-01-13T19:49:04.6386753Z             # argument is not exposed, as values other than 'strict'
2025-01-13T19:49:04.6387102Z             # result can similarly silently corrupt numerical data.
2025-01-13T19:49:04.6387774Z             raise ValueError("encoding must be 'ASCII', 'latin1', or 'bytes'")
2025-01-13T19:49:04.6388100Z     
2025-01-13T19:49:04.6388350Z         pickle_kwargs = dict(encoding=encoding, fix_imports=fix_imports)
2025-01-13T19:49:04.6388663Z     
2025-01-13T19:49:04.6388857Z         with contextlib.ExitStack() as stack:
2025-01-13T19:49:04.6389128Z             if hasattr(file, 'read'):
2025-01-13T19:49:04.6389372Z                 fid = file
2025-01-13T19:49:04.6389696Z                 own_fid = False
2025-01-13T19:49:04.6389918Z             else:
2025-01-13T19:49:04.6390165Z >               fid = stack.enter_context(open(os_fspath(file), "rb"))
2025-01-13T19:49:04.6390882Z E               FileNotFoundError: [Errno 2] No such file or directory: '/home/runner/work/tardis/tardis/tardis-regression-data/test_tau_sobolev/test_calculate_beta_sobolevs.npy'
2025-01-13T19:49:04.6391471Z 
2025-01-13T19:49:04.6391750Z ../../../micromamba/envs/tardis/lib/python3.12/site-packages/numpy/lib/npyio.py:427: FileNotFoundError
2025-01-13T19:49:04.6392253Z =============================== warnings summary ===============================
2025-01-13T19:49:04.6392584Z tardis/io/configuration/config_validator.py:6
2025-01-13T19:49:04.6392892Z tardis/io/configuration/config_validator.py:6
2025-01-13T19:49:04.6393386Z   /home/runner/work/tardis/tardis/tardis/io/configuration/config_validator.py:6: DeprecationWarning:
2025-01-13T19:49:04.6393854Z   
2025-01-13T19:49:04.6395104Z   jsonschema.RefResolver is deprecated as of v4.18.0, in favor of the https://github.com/python-jsonschema/referencing library, which provides more compliant referencing behavior as well as more flexible APIs for customization. A future release will remove RefResolver. Please file a feature request (on referencing) if you are missing an API for the kind of customization you need.
2025-01-13T19:49:04.6396510Z 
2025-01-13T19:49:04.6396751Z ../../../micromamba/envs/tardis/lib/python3.12/site-packages/jupyter_client/connect.py:22
2025-01-13T19:49:04.6397592Z   /home/runner/micromamba/envs/tardis/lib/python3.12/site-packages/jupyter_client/connect.py:22: DeprecationWarning:
2025-01-13T19:49:04.6398105Z   
2025-01-13T19:49:04.6398349Z   Jupyter is migrating its paths to use standard platformdirs
2025-01-13T19:49:04.6398736Z   given by the platformdirs library.  To remove this warning and
2025-01-13T19:49:04.6399139Z   see the appropriate new directories, set the environment variable
2025-01-13T19:49:04.6399543Z   `JUPYTER_PLATFORM_DIRS=1` and then run `jupyter --paths`.
2025-01-13T19:49:04.6399924Z   The use of platformdirs will be the default in `jupyter_core` v6
2025-01-13T19:49:04.6400164Z 
2025-01-13T19:49:04.6400323Z tardis/io/tests/test_HDFWriter.py::test_multi_index_write
2025-01-13T19:49:04.6400802Z tardis/visualization/widgets/tests/test_shell_info.py::TestHDFShellInfo::test_shells_data
2025-01-13T19:49:04.6401353Z   /home/runner/work/tardis/tardis/tardis/io/util.py:276: PerformanceWarning:
2025-01-13T19:49:04.6401716Z   
2025-01-13T19:49:04.6401881Z   
2025-01-13T19:49:04.6402177Z   your performance may suffer as PyTables will pickle object types that it cannot
2025-01-13T19:49:04.6402722Z   map directly to c-types [inferred_type->mixed,key->block0_values] [items->Index([0], dtype='int64')]
2025-01-13T19:49:04.6403066Z 
2025-01-13T19:49:04.6403261Z tardis/io/tests/test_model_reader.py::test_read_cmfgen_isotope_abundances
2025-01-13T19:49:04.6403753Z tardis/plasma/tests/test_tardis_model_density_config.py::test_electron_densities
2025-01-13T19:49:04.6404284Z tardis/plasma/tests/test_tardis_model_density_config.py::test_isotope_number_densities
2025-01-13T19:49:04.6404780Z tardis/plasma/tests/test_tardis_model_density_config.py::test_t_rad
2025-01-13T19:49:04.6405346Z   /home/runner/work/tardis/tardis/tardis/io/model/readers/cmfgen_deprecated.py:82: DeprecationWarning:
2025-01-13T19:49:04.6405816Z   
2025-01-13T19:49:04.6406019Z   The current CMFGEN model parser is deprecated
2025-01-13T19:49:04.6406216Z 
2025-01-13T19:49:04.6406335Z tardis/io/tests/test_model_reader.py: 1 warning
2025-01-13T19:49:04.6406846Z tardis/plasma/tests/test_tardis_model_density_config.py: 9 warnings
2025-01-13T19:49:04.6407501Z   /home/runner/work/tardis/tardis/tardis/io/model/readers/cmfgen_deprecated.py:40: DeprecationWarning:
2025-01-13T19:49:04.6407963Z   
2025-01-13T19:49:04.6408162Z   The current CMFGEN model parser is deprecated
2025-01-13T19:49:04.6408351Z 
2025-01-13T19:49:04.6408562Z tardis/model/tests/test_base.py::TestModelFromPaper1Config::test_abundances
2025-01-13T19:49:04.6409333Z   /home/runner/work/tardis/tardis/tardis/transport/montecarlo/montecarlo_main_loop.py:123: NumbaTypeSafetyWarning:
2025-01-13T19:49:04.6409863Z   
2025-01-13T19:49:04.6410363Z   [1m[1m[1munsafe cast from uint64 to int64. Precision may be lost.[0m[0m[0m
2025-01-13T19:49:04.6410634Z 
2025-01-13T19:49:04.6410739Z tardis/model/tests/test_base.py: 6 warnings
2025-01-13T19:49:04.6411042Z tardis/model/tests/test_csvy_model.py: 2 warnings
2025-01-13T19:49:04.6411420Z tardis/plasma/tests/test_tardis_model_density_config.py: 3 warnings
2025-01-13T19:49:04.6411962Z   /home/runner/work/tardis/tardis/tardis/model/geometry/radial1d.py:50: DeprecationWarning:
2025-01-13T19:49:04.6412387Z   
2025-01-13T19:49:04.6412597Z   v_inner_boundary < 0, assuming default value
2025-01-13T19:49:04.6412798Z 
2025-01-13T19:49:04.6412900Z tardis/model/tests/test_base.py: 6 warnings
2025-01-13T19:49:04.6413193Z tardis/model/tests/test_csvy_model.py: 2 warnings
2025-01-13T19:49:04.6413571Z tardis/plasma/tests/test_tardis_model_density_config.py: 3 warnings
2025-01-13T19:49:04.6414094Z   /home/runner/work/tardis/tardis/tardis/model/geometry/radial1d.py:61: DeprecationWarning:
2025-01-13T19:49:04.6414510Z   
2025-01-13T19:49:04.6414705Z   v_outer_boundary < 0, assuming default value
2025-01-13T19:49:04.6414886Z 
2025-01-13T19:49:04.6415347Z tardis/plasma/equilibrium/tests/test_level_populations.py::TestLevelPopulationSolver::test_solve[collisional_rate_solver0-radiative_transitions0]
2025-01-13T19:49:04.6416185Z   /home/runner/work/tardis/tardis/tardis/plasma/equilibrium/level_populations.py:65: FutureWarning:
2025-01-13T19:49:04.6416640Z   
2025-01-13T19:49:04.6417001Z   A value is trying to be set on a copy of a DataFrame or Series through chained assignment using an inplace method.
2025-01-13T19:49:04.6417951Z   The behavior will change in pandas 3.0. This inplace method will never work because the intermediate object on which we are setting values always behaves as a copy.
2025-01-13T19:49:04.6418546Z   
2025-01-13T19:49:04.6419176Z   For example, when doing 'df[col].method(value, inplace=True)', try using 'df.method({col: value}, inplace=True)' or df[col] = df[col].method(value) instead, to perform the operation inplace on the original object.
2025-01-13T19:49:04.6419788Z 
2025-01-13T19:49:04.6419935Z tardis/plasma/tests/test_complete_plasmas.py: 20 warnings
2025-01-13T19:49:04.6420444Z   /home/runner/work/tardis/tardis/tardis/plasma/tests/test_complete_plasmas.py:197: UserWarning:
2025-01-13T19:49:04.6420886Z   
2025-01-13T19:49:04.6421061Z   Property "atomic_mass" not found
2025-01-13T19:49:04.6421226Z 
2025-01-13T19:49:04.6421657Z tardis/plasma/tests/test_complete_plasmas.py::TestPlasma::test_plasma_properties[radiative_rates_type:detailed-w_epsilon:1e-10-j_blues_norm_factor]
2025-01-13T19:49:04.6422534Z tardis/plasma/tests/test_complete_plasmas.py::TestPlasma::test_plasma_properties[radiative_rates_type:detailed-j_blues_norm_factor]
2025-01-13T19:49:04.6423271Z   /home/runner/work/tardis/tardis/tardis/plasma/tests/test_complete_plasmas.py:197: UserWarning:
2025-01-13T19:49:04.6423704Z   
2025-01-13T19:49:04.6423892Z   Property "j_blues_norm_factor" not found
2025-01-13T19:49:04.6424070Z 
2025-01-13T19:49:04.6424490Z tardis/plasma/tests/test_complete_plasmas.py::TestPlasma::test_plasma_properties[radiative_rates_type:detailed-w_epsilon:1e-10-j_blue_estimator]
2025-01-13T19:49:04.6425344Z tardis/plasma/tests/test_complete_plasmas.py::TestPlasma::test_plasma_properties[radiative_rates_type:detailed-j_blue_estimator]
2025-01-13T19:49:04.6426278Z   /home/runner/work/tardis/tardis/tardis/plasma/tests/test_complete_plasmas.py:197: UserWarning:
2025-01-13T19:49:04.6426707Z   
2025-01-13T19:49:04.6426889Z   Property "j_blue_estimator" not found
2025-01-13T19:49:04.6427069Z 
2025-01-13T19:49:04.6427550Z tardis/plasma/tests/test_complete_plasmas.py::TestPlasma::test_plasma_properties[radiative_rates_type:detailed-w_epsilon:1e-10-volume]
2025-01-13T19:49:04.6428585Z tardis/plasma/tests/test_complete_plasmas.py::TestPlasma::test_plasma_properties[radiative_rates_type:detailed-volume]
2025-01-13T19:49:04.6429287Z   /home/runner/work/tardis/tardis/tardis/plasma/tests/test_complete_plasmas.py:197: UserWarning:
2025-01-13T19:49:04.6429723Z   
2025-01-13T19:49:04.6429899Z   Property "volume" not found
2025-01-13T19:49:04.6430048Z 
2025-01-13T19:49:04.6430438Z tardis/plasma/tests/test_complete_plasmas.py::TestPlasma::test_plasma_properties[radiative_rates_type:detailed-w_epsilon:1e-10-r_inner]
2025-01-13T19:49:04.6431243Z tardis/plasma/tests/test_complete_plasmas.py::TestPlasma::test_plasma_properties[radiative_rates_type:detailed-r_inner]
2025-01-13T19:49:04.6431953Z   /home/runner/work/tardis/tardis/tardis/plasma/tests/test_complete_plasmas.py:197: UserWarning:
2025-01-13T19:49:04.6432388Z   
2025-01-13T19:49:04.6432563Z   Property "r_inner" not found
2025-01-13T19:49:04.6432717Z 
2025-01-13T19:49:04.6432934Z tardis/plasma/tests/test_plasma_vboundary.py::test_plasma_vboundary[2900-3750]
2025-01-13T19:49:04.6433446Z tardis/plasma/tests/test_plasma_vboundary.py::test_plasma_vboundary[2900-3850]
2025-01-13T19:49:04.6433938Z tardis/plasma/tests/test_plasma_vboundary.py::test_plasma_vboundary[2900-3900]
2025-01-13T19:49:04.6434463Z   /home/runner/work/tardis/tardis/tardis/model/geometry/radial1d.py:71: UserWarning:
2025-01-13T19:49:04.6434857Z   
2025-01-13T19:49:04.6435141Z   Requesting inner boundary below inner shell. Extrapolating the inner cell
2025-01-13T19:49:04.6435420Z 
2025-01-13T19:49:04.6435630Z tardis/spectrum/tests/test_spectrum_solver.py::TestSpectrumSolver::test_solve
2025-01-13T19:49:04.6436134Z   /home/runner/work/tardis/tardis/tardis/spectrum/base.py:70: UserWarning:
2025-01-13T19:49:04.6436493Z   
2025-01-13T19:49:04.6436910Z   SpectrumSolver.spectrum_virtual_packets is zero. Please run the montecarlo simulation with no_of_virtual_packets > 0
2025-01-13T19:49:04.6437453Z 
2025-01-13T19:49:04.6437670Z tardis/spectrum/tests/test_spectrum_solver.py::TestSpectrumSolver::test_solve
2025-01-13T19:49:04.6438175Z   /home/runner/work/tardis/tardis/tardis/spectrum/base.py:111: UserWarning:
2025-01-13T19:49:04.6438533Z   
2025-01-13T19:49:04.6438969Z   SpectrumSolver.integrator: The FormalIntegrator is not yet available.Please run the montecarlo simulation at least once.
2025-01-13T19:49:04.6439396Z 
2025-01-13T19:49:04.6439614Z tardis/transport/montecarlo/tests/test_vpacket.py::test_trace_vpacket_volley
2025-01-13T19:49:04.6440024Z   <string>:3: NumbaPendingDeprecationWarning:
2025-01-13T19:49:04.6440283Z   
2025-01-13T19:49:04.6441510Z   [1m[1mCode using Numba extension API maybe depending on 'old_style' error-capturing, which is deprecated and will be replaced by 'new_style' in a future release. See details at https://numba.readthedocs.io/en/latest/reference/deprecation.html#deprecation-of-old-style-numba-captured-errors
2025-01-13T19:49:04.6442530Z   Exception origin:
2025-01-13T19:49:04.6442904Z     File "/home/runner/micromamba/envs/tardis/lib/python3.12/inspect.py", line 3180, in _bind
2025-01-13T19:49:04.6443334Z       raise TypeError(msg) from None
2025-01-13T19:49:04.6443599Z   [0m[0m
2025-01-13T19:49:04.6443701Z 
2025-01-13T19:49:04.6444027Z tardis/visualization/tools/tests/test_sdec_plot.py::TestSDECPlotter::test_mpl_image[plotter_generate_plot_mpl4]
2025-01-13T19:49:04.6444721Z   /home/runner/work/tardis/tardis/tardis/visualization/tools/sdec_plot.py:1225: RuntimeWarning:
2025-01-13T19:49:04.6445166Z   
2025-01-13T19:49:04.6446115Z   More than 20 figures have been opened. Figures created through the pyplot interface (`matplotlib.pyplot.figure`) are retained until explicitly closed and may consume too much memory. (To control this warning, see the rcParam `figure.max_open_warning`). Consider using `matplotlib.pyplot.close()`.
2025-01-13T19:49:04.6447172Z 
2025-01-13T19:49:04.6447629Z tardis/visualization/widgets/tests/test_custom_abundance.py::TestCustomAbundanceWidget::test_update_input_item_value
2025-01-13T19:49:04.6448531Z tardis/visualization/widgets/tests/test_custom_abundance.py::TestCustomAbundanceWidget::test_update_input_item_value
2025-01-13T19:49:04.6449310Z tardis/visualization/widgets/tests/test_custom_abundance.py::TestCustomAbundanceWidget::test_update_input_item_value
2025-01-13T19:49:04.6450083Z tardis/visualization/widgets/tests/test_custom_abundance.py::TestCustomAbundanceWidget::test_update_input_item_value
2025-01-13T19:49:04.6450850Z tardis/visualization/widgets/tests/test_custom_abundance.py::TestCustomAbundanceWidget::test_update_input_item_value
2025-01-13T19:49:04.6451620Z tardis/visualization/widgets/tests/test_custom_abundance.py::TestCustomAbundanceWidget::test_update_input_item_value
2025-01-13T19:49:04.6452404Z   /home/runner/micromamba/envs/tardis/lib/python3.12/site-packages/traitlets/traitlets.py:1385: DeprecationWarning:
2025-01-13T19:49:04.6452918Z   
2025-01-13T19:49:04.6453200Z   Passing unrecognized arguments to super(Checkbox).__init__(icon='lock').
2025-01-13T19:49:04.6453656Z   object.__init__() takes exactly one argument (the instance to initialize)
2025-01-13T19:49:04.6454165Z   This is deprecated in traitlets 4.2.This error will be raised in a future release of traitlets.
2025-01-13T19:49:04.6454485Z 
2025-01-13T19:49:04.6454839Z tardis/visualization/widgets/tests/test_custom_abundance.py::TestCustomAbundanceWidget::test_update_input_item_value
2025-01-13T19:49:04.6455614Z tardis/visualization/widgets/tests/test_custom_abundance.py::TestCustomAbundanceWidget::test_update_input_item_value
2025-01-13T19:49:04.6456402Z   /home/runner/micromamba/envs/tardis/lib/python3.12/site-packages/traitlets/traitlets.py:1385: DeprecationWarning:
2025-01-13T19:49:04.6456912Z   
2025-01-13T19:49:04.6457181Z   Passing unrecognized arguments to super(FloatText).__init__(min=0).
2025-01-13T19:49:04.6457757Z   object.__init__() takes exactly one argument (the instance to initialize)
2025-01-13T19:49:04.6458249Z   This is deprecated in traitlets 4.2.This error will be raised in a future release of traitlets.
2025-01-13T19:49:04.6458576Z 
2025-01-13T19:49:04.6458932Z tardis/visualization/widgets/tests/test_custom_abundance.py::TestCustomAbundanceWidget::test_update_input_item_value
2025-01-13T19:49:04.6459717Z   /home/runner/micromamba/envs/tardis/lib/python3.12/site-packages/traitlets/traitlets.py:1385: DeprecationWarning:
2025-01-13T19:49:04.6460220Z   
2025-01-13T19:49:04.6460488Z   Passing unrecognized arguments to super(HTML).__init__(indent=True).
2025-01-13T19:49:04.6460928Z   object.__init__() takes exactly one argument (the instance to initialize)
2025-01-13T19:49:04.6461428Z   This is deprecated in traitlets 4.2.This error will be raised in a future release of traitlets.
2025-01-13T19:49:04.6461754Z 
2025-01-13T19:49:04.6462186Z tardis/visualization/widgets/tests/test_line_info.py::TestLineInfoWidgetData::test_get_species_interactions[wavelength_range0-packet_out_nu]
2025-01-13T19:49:04.6463014Z   /home/runner/micromamba/envs/tardis/lib/python3.12/site-packages/qgridnext/grid.py:825: DeprecationWarning:
2025-01-13T19:49:04.6463503Z   
2025-01-13T19:49:04.6463873Z   QgridWidget._grid_options_changed is deprecated in traitlets 4.1: use @observe and @unobserve instead.
2025-01-13T19:49:04.6464233Z 
2025-01-13T19:49:04.6464501Z tardis/visualization/widgets/tests/test_shell_info.py::TestHDFShellInfo::test_shells_data
2025-01-13T19:49:04.6465048Z   /home/runner/work/tardis/tardis/tardis/io/util.py:289: PerformanceWarning:
2025-01-13T19:49:04.6465411Z   
2025-01-13T19:49:04.6465568Z   
2025-01-13T19:49:04.6465875Z   your performance may suffer as PyTables will pickle object types that it cannot
2025-01-13T19:49:04.6466604Z   map directly to c-types [inferred_type->mixed,key->block0_values] [items->Index([0], dtype='int64')]
2025-01-13T19:49:04.6466951Z 
2025-01-13T19:49:04.6467207Z tardis/visualization/widgets/tests/test_shell_info.py::TestHDFShellInfo::test_shells_data
2025-01-13T19:49:04.6467848Z   /home/runner/work/tardis/tardis/tardis/io/util.py:292: PerformanceWarning:
2025-01-13T19:49:04.6468208Z   
2025-01-13T19:49:04.6468364Z   
2025-01-13T19:49:04.6468831Z   your performance may suffer as PyTables will pickle object types that it cannot
2025-01-13T19:49:04.6469310Z   map directly to c-types [inferred_type->mixed,key->values] [items->None]
2025-01-13T19:49:04.6469572Z 
2025-01-13T19:49:04.6469828Z tardis/visualization/widgets/tests/test_shell_info.py::TestHDFShellInfo::test_shells_data
2025-01-13T19:49:04.6470407Z   /home/runner/work/tardis/tardis/tardis/spectrum/formal_integral.py:398: UserWarning:
2025-01-13T19:49:04.6470806Z   
2025-01-13T19:49:04.6471084Z   The number of interpolate_shells was not specified. The value was set to 80.
2025-01-13T19:49:04.6471367Z 
2025-01-13T19:49:04.6471561Z -- Docs: https://docs.pytest.org/en/stable/how-to/capture-warnings.html
2025-01-13T19:49:04.6471829Z 
2025-01-13T19:49:04.6472001Z ---------- coverage: platform linux, python 3.12.4-final-0 -----------
2025-01-13T19:49:04.6472369Z Coverage HTML written to dir coverage_html_report
2025-01-13T19:49:04.6472675Z Coverage XML written to file coverage.xml
2025-01-13T19:49:04.6472861Z 
2025-01-13T19:49:04.6473027Z =========================== short test summary info ============================
2025-01-13T19:49:04.6473996Z FAILED tardis/opacities/tests/test_tau_sobolev.py::test_calculate_sobolev_line_opacity - FileNotFoundError: File /home/runner/work/tardis/tardis/tardis-regression-data/test_tau_sobolev/test_calculate_sobolev_line_opacity.h5 does not exist
2025-01-13T19:49:04.6475556Z FAILED tardis/opacities/tests/test_tau_sobolev.py::test_calculate_beta_sobolevs - FileNotFoundError: [Errno 2] No such file or directory: '/home/runner/work/tardis/tardis/tardis-regression-data/test_tau_sobolev/test_calculate_beta_sobolevs.npy'
2025-01-13T19:49:04.6476641Z = 2 failed, 1436 passed, 329 skipped, 2 deselected, 19 xfailed, 8 xpassed, 91 warnings in 773.03s (0:12:53) =
2025-01-13T19:49:07.2230030Z ##[error]Process completed with exit code 1.
2025-01-13T19:49:07.2336989Z Post job cleanup.
2025-01-13T19:49:07.2369740Z Post job cleanup.
2025-01-13T19:49:07.3815660Z Will use pre-installed micromamba at /home/runner/micromamba-bin/micromamba
2025-01-13T19:49:07.3823617Z Removing micromamba run shell ...
2025-01-13T19:49:07.3827877Z ##[group]Deinitialize micromamba for bash
2025-01-13T19:49:07.3847933Z [command]/home/runner/micromamba-bin/micromamba shell deinit -s bash -r /home/runner/micromamba --log-level warning --rc-file /home/runner/work/_temp/setup-micromamba/.condarc
2025-01-13T19:49:07.3954542Z Resetting RC file "/home/runner/.bashrc"
2025-01-13T19:49:07.3955869Z Deleting config for root prefix 
2025-01-13T19:49:07.3956430Z Clearing mamba executable environment variable
2025-01-13T19:49:07.3960599Z Removing the following in your "/home/runner/.bashrc" file
2025-01-13T19:49:07.3961115Z # >>> mamba initialize >>>
2025-01-13T19:49:07.3961360Z ...
2025-01-13T19:49:07.3961558Z # <<< mamba initialize <<<
2025-01-13T19:49:07.3994763Z Removing mamba initialize block from .bash_profile
2025-01-13T19:49:07.4014382Z ##[endgroup]
2025-01-13T19:49:07.4019747Z Removing environment tardis from auto-activate bash ...
2025-01-13T19:49:07.4177907Z Post job cleanup.
2025-01-13T19:49:07.4219146Z Post job cleanup.
2025-01-13T19:49:07.5244771Z [command]/usr/bin/git version
2025-01-13T19:49:07.5302580Z git version 2.47.1
2025-01-13T19:49:07.5370956Z Temporarily overriding HOME='/home/runner/work/_temp/d6c1d37f-8a80-41e8-bc26-ef69e6a278b7' before making global git config changes
2025-01-13T19:49:07.5372747Z Adding repository directory to the temporary git global config as a safe directory
2025-01-13T19:49:07.5393276Z [command]/usr/bin/git config --global --add safe.directory /home/runner/work/tardis/tardis/tardis-regression-data
2025-01-13T19:49:07.5444237Z [command]/usr/bin/git config --local --name-only --get-regexp core\.sshCommand
2025-01-13T19:49:07.5512759Z [command]/usr/bin/git submodule foreach --recursive sh -c "git config --local --name-only --get-regexp 'core\.sshCommand' && git config --local --unset-all 'core.sshCommand' || :"
2025-01-13T19:49:07.5793830Z [command]/usr/bin/git config --local --name-only --get-regexp http\.https\:\/\/github\.com\/\.extraheader
2025-01-13T19:49:07.5840551Z http.https://github.com/.extraheader
2025-01-13T19:49:07.5861004Z [command]/usr/bin/git config --local --unset-all http.https://github.com/.extraheader
2025-01-13T19:49:07.5928463Z [command]/usr/bin/git submodule foreach --recursive sh -c "git config --local --name-only --get-regexp 'http\.https\:\/\/github\.com\/\.extraheader' && git config --local --unset-all 'http.https://github.com/.extraheader' || :"
2025-01-13T19:49:07.6415990Z Post job cleanup.
2025-01-13T19:49:07.7413871Z [command]/usr/bin/git version
2025-01-13T19:49:07.7453054Z git version 2.47.1
2025-01-13T19:49:07.7513569Z Temporarily overriding HOME='/home/runner/work/_temp/327289b3-f58b-4e64-abdd-01c85466053b' before making global git config changes
2025-01-13T19:49:07.7514877Z Adding repository directory to the temporary git global config as a safe directory
2025-01-13T19:49:07.7520367Z [command]/usr/bin/git config --global --add safe.directory /home/runner/work/tardis/tardis
2025-01-13T19:49:07.7562447Z [command]/usr/bin/git config --local --name-only --get-regexp core\.sshCommand
2025-01-13T19:49:07.7599630Z [command]/usr/bin/git submodule foreach --recursive sh -c "git config --local --name-only --get-regexp 'core\.sshCommand' && git config --local --unset-all 'core.sshCommand' || :"
2025-01-13T19:49:07.7898476Z [command]/usr/bin/git config --local --name-only --get-regexp http\.https\:\/\/github\.com\/\.extraheader
2025-01-13T19:49:07.7923489Z http.https://github.com/.extraheader
2025-01-13T19:49:07.7936859Z [command]/usr/bin/git config --local --unset-all http.https://github.com/.extraheader
2025-01-13T19:49:07.7974894Z [command]/usr/bin/git submodule foreach --recursive sh -c "git config --local --name-only --get-regexp 'http\.https\:\/\/github\.com\/\.extraheader' && git config --local --unset-all 'http.https://github.com/.extraheader' || :"
2025-01-13T19:49:07.8373020Z Cleaning up orphan processes
