2025-01-09T18:16:19.1191559Z Requested labels: macos-latest
2025-01-09T18:16:19.1191838Z Job defined at: tardis-sn/tardis/.github/workflows/tests.yml@refs/pull/2932/merge
2025-01-09T18:16:19.1191936Z Waiting for a runner to pick up this job...
2025-01-09T18:16:19.4407337Z Job is waiting for a hosted runner to come online.
2025-01-09T18:16:22.6219806Z Job is about to start running on the hosted runner: GitHub Actions 59 (hosted)
2025-01-09T18:16:23.4884680Z Current runner version: '2.321.0'
2025-01-09T18:16:23.4905480Z ##[group]Operating System
2025-01-09T18:16:23.4906050Z macOS
2025-01-09T18:16:23.4906360Z 14.7.2
2025-01-09T18:16:23.4906650Z 23H311
2025-01-09T18:16:23.4906950Z ##[endgroup]
2025-01-09T18:16:23.4907280Z ##[group]Runner Image
2025-01-09T18:16:23.4907630Z Image: macos-14-arm64
2025-01-09T18:16:23.4907950Z Version: 20250106.725
2025-01-09T18:16:23.4908630Z Included Software: https://github.com/actions/runner-images/blob/macos-14-arm64/20250106.725/images/macos/macos-14-arm64-Readme.md
2025-01-09T18:16:23.4909570Z Image Release: https://github.com/actions/runner-images/releases/tag/macos-14-arm64%2F20250106.725
2025-01-09T18:16:23.4910160Z ##[endgroup]
2025-01-09T18:16:23.4910470Z ##[group]Runner Image Provisioner
2025-01-09T18:16:23.4910880Z 2.0.404.1+573eac7f0cc07d6bb82d8b9bf5e1ffa69a554644
2025-01-09T18:16:23.4911290Z ##[endgroup]
2025-01-09T18:16:23.4912690Z ##[group]GITHUB_TOKEN Permissions
2025-01-09T18:16:23.4914370Z Actions: read
2025-01-09T18:16:23.4914710Z Attestations: read
2025-01-09T18:16:23.4915030Z Checks: read
2025-01-09T18:16:23.4915340Z Contents: read
2025-01-09T18:16:23.4915650Z Deployments: read
2025-01-09T18:16:23.4915960Z Discussions: read
2025-01-09T18:16:23.4916270Z Issues: read
2025-01-09T18:16:23.4916570Z Metadata: read
2025-01-09T18:16:23.4916870Z Packages: read
2025-01-09T18:16:23.4917170Z Pages: read
2025-01-09T18:16:23.4917460Z PullRequests: read
2025-01-09T18:16:23.4917790Z RepositoryProjects: read
2025-01-09T18:16:23.4918130Z SecurityEvents: read
2025-01-09T18:16:23.4918440Z Statuses: read
2025-01-09T18:16:23.4918750Z ##[endgroup]
2025-01-09T18:16:23.4921400Z Secret source: None
2025-01-09T18:16:23.4922020Z Prepare workflow directory
2025-01-09T18:16:23.5350000Z Prepare all required actions
2025-01-09T18:16:23.5384720Z Getting action download info
2025-01-09T18:16:23.7439050Z Download action repository 'actions/checkout@v4' (SHA:11bd71901bbe5b1630ceea73d27597364c9af683)
2025-01-09T18:16:24.0722660Z Download action repository 'actions/upload-artifact@v4' (SHA:6f51ac03b9356f520e9adb1b1b7802705f340c2b)
2025-01-09T18:16:24.2814140Z Complete job name:  continuum macos-latest 
2025-01-09T18:16:24.3227130Z ##[group]Run actions/checkout@v4
2025-01-09T18:16:24.3227740Z with:
2025-01-09T18:16:24.3228030Z   repository: tardis-sn/tardis
2025-01-09T18:16:24.3228650Z   token: ***
2025-01-09T18:16:24.3228950Z   ssh-strict: true
2025-01-09T18:16:24.3229230Z   ssh-user: git
2025-01-09T18:16:24.3229530Z   persist-credentials: true
2025-01-09T18:16:24.3229850Z   clean: true
2025-01-09T18:16:24.3230140Z   sparse-checkout-cone-mode: true
2025-01-09T18:16:24.3230480Z   fetch-depth: 1
2025-01-09T18:16:24.3230760Z   fetch-tags: false
2025-01-09T18:16:24.3231050Z   show-progress: true
2025-01-09T18:16:24.3231340Z   lfs: false
2025-01-09T18:16:24.3231610Z   submodules: false
2025-01-09T18:16:24.3231900Z   set-safe-directory: true
2025-01-09T18:16:24.3232330Z env:
2025-01-09T18:16:24.3232590Z   CACHE_NUMBER: 0
2025-01-09T18:16:24.3233710Z   PYTEST_FLAGS: --tardis-regression-data=/Users/runner/work/tardis/tardis/tardis-regression-data --cov=tardis --cov-report=xml --cov-report=html --cov-append
2025-01-09T18:16:24.3234630Z   CODECOV_TOKEN: 
2025-01-09T18:16:24.3234910Z ##[endgroup]
2025-01-09T18:16:24.8123440Z Syncing repository: tardis-sn/tardis
2025-01-09T18:16:24.8124810Z ##[group]Getting Git version info
2025-01-09T18:16:24.8125290Z Working directory is '/Users/runner/work/tardis/tardis'
2025-01-09T18:16:24.8136050Z [command]/opt/homebrew/bin/git version
2025-01-09T18:16:24.8660050Z git version 2.47.1
2025-01-09T18:16:24.8691160Z ##[endgroup]
2025-01-09T18:16:24.8698800Z Copying '/Users/runner/.gitconfig' to '/Users/runner/work/_temp/06870f27-dfd1-40cb-a061-73447386997a/.gitconfig'
2025-01-09T18:16:24.8708460Z Temporarily overriding HOME='/Users/runner/work/_temp/06870f27-dfd1-40cb-a061-73447386997a' before making global git config changes
2025-01-09T18:16:24.8710230Z Adding repository directory to the temporary git global config as a safe directory
2025-01-09T18:16:24.8712070Z [command]/opt/homebrew/bin/git config --global --add safe.directory /Users/runner/work/tardis/tardis
2025-01-09T18:16:24.8821120Z Deleting the contents of '/Users/runner/work/tardis/tardis'
2025-01-09T18:16:24.8826370Z ##[group]Initializing the repository
2025-01-09T18:16:24.8829040Z [command]/opt/homebrew/bin/git init /Users/runner/work/tardis/tardis
2025-01-09T18:16:24.9217770Z hint: Using 'master' as the name for the initial branch. This default branch name
2025-01-09T18:16:24.9232220Z hint: is subject to change. To configure the initial branch name to use in all
2025-01-09T18:16:24.9262190Z hint: of your new repositories, which will suppress this warning, call:
2025-01-09T18:16:24.9291710Z hint:
2025-01-09T18:16:24.9292360Z hint: 	git config --global init.defaultBranch <name>
2025-01-09T18:16:24.9292890Z hint:
2025-01-09T18:16:24.9293420Z hint: Names commonly chosen instead of 'master' are 'main', 'trunk' and
2025-01-09T18:16:24.9294120Z hint: 'development'. The just-created branch can be renamed via this command:
2025-01-09T18:16:24.9294730Z hint:
2025-01-09T18:16:24.9295120Z hint: 	git branch -m <name>
2025-01-09T18:16:24.9295880Z Initialized empty Git repository in /Users/runner/work/tardis/tardis/.git/
2025-01-09T18:16:24.9298860Z [command]/opt/homebrew/bin/git remote add origin https://github.com/tardis-sn/tardis
2025-01-09T18:16:24.9422310Z ##[endgroup]
2025-01-09T18:16:24.9479670Z ##[group]Disabling automatic garbage collection
2025-01-09T18:16:24.9520210Z [command]/opt/homebrew/bin/git config --local gc.auto 0
2025-01-09T18:16:24.9521750Z ##[endgroup]
2025-01-09T18:16:24.9522760Z ##[group]Setting up auth
2025-01-09T18:16:24.9524340Z [command]/opt/homebrew/bin/git config --local --name-only --get-regexp core\.sshCommand
2025-01-09T18:16:24.9527690Z [command]/opt/homebrew/bin/git submodule foreach --recursive sh -c "git config --local --name-only --get-regexp 'core\.sshCommand' && git config --local --unset-all 'core.sshCommand' || :"
2025-01-09T18:16:25.0357820Z [command]/opt/homebrew/bin/git config --local --name-only --get-regexp http\.https\:\/\/github\.com\/\.extraheader
2025-01-09T18:16:25.0419430Z [command]/opt/homebrew/bin/git submodule foreach --recursive sh -c "git config --local --name-only --get-regexp 'http\.https\:\/\/github\.com\/\.extraheader' && git config --local --unset-all 'http.https://github.com/.extraheader' || :"
2025-01-09T18:16:25.1116600Z [command]/opt/homebrew/bin/git config --local http.https://github.com/.extraheader AUTHORIZATION: basic ***
2025-01-09T18:16:25.1258420Z ##[endgroup]
2025-01-09T18:16:25.1259780Z ##[group]Fetching the repository
2025-01-09T18:16:25.1270070Z [command]/opt/homebrew/bin/git -c protocol.version=2 fetch --no-tags --prune --no-recurse-submodules --depth=1 origin +aaf80d303fb0a6816aff98f1492716d4e8f3fb82:refs/remotes/pull/2932/merge
2025-01-09T18:16:27.8320380Z From https://github.com/tardis-sn/tardis
2025-01-09T18:16:27.8323140Z  * [new ref]         aaf80d303fb0a6816aff98f1492716d4e8f3fb82 -> pull/2932/merge
2025-01-09T18:16:27.8395330Z ##[endgroup]
2025-01-09T18:16:27.8397700Z ##[group]Determining the checkout info
2025-01-09T18:16:27.8399640Z ##[endgroup]
2025-01-09T18:16:27.8403370Z [command]/opt/homebrew/bin/git sparse-checkout disable
2025-01-09T18:16:27.8473700Z [command]/opt/homebrew/bin/git config --local --unset-all extensions.worktreeConfig
2025-01-09T18:16:27.8556520Z ##[group]Checking out the ref
2025-01-09T18:16:27.8557300Z [command]/opt/homebrew/bin/git checkout --progress --force refs/remotes/pull/2932/merge
2025-01-09T18:16:28.0922730Z HEAD is now at aaf80d3 Merge 65f1a66446a9d30c4496edebbc208def294128c1 into 0fc2c76326b8122f88ddaf369f17a637bbe37c63
2025-01-09T18:16:28.0962170Z ##[endgroup]
2025-01-09T18:16:28.1024050Z [command]/opt/homebrew/bin/git log -1 --format=%H
2025-01-09T18:16:28.1079060Z aaf80d303fb0a6816aff98f1492716d4e8f3fb82
2025-01-09T18:16:28.1320230Z Prepare all required actions
2025-01-09T18:16:28.1320900Z Getting action download info
2025-01-09T18:16:28.2923180Z Download action repository 'actions/cache@v4' (SHA:1bd1e32a3bdc45362d1e726936510720a7c30a57)
2025-01-09T18:16:28.4055840Z ##[group]Run ./.github/actions/setup_lfs
2025-01-09T18:16:28.4056420Z with:
2025-01-09T18:16:28.4056830Z   regression-data-repo: tardis-sn/tardis-regression-data
2025-01-09T18:16:28.4057290Z env:
2025-01-09T18:16:28.4057560Z   CACHE_NUMBER: 0
2025-01-09T18:16:28.4058450Z   PYTEST_FLAGS: --tardis-regression-data=/Users/runner/work/tardis/tardis/tardis-regression-data --cov=tardis --cov-report=xml --cov-report=html --cov-append
2025-01-09T18:16:28.4059400Z   CODECOV_TOKEN: 
2025-01-09T18:16:28.4059710Z ##[endgroup]
2025-01-09T18:16:28.4249290Z ##[group]Run actions/checkout@v4
2025-01-09T18:16:28.4249680Z with:
2025-01-09T18:16:28.4250030Z   repository: tardis-sn/tardis-regression-data
2025-01-09T18:16:28.4250500Z   path: tardis-regression-data
2025-01-09T18:16:28.4251050Z   token: ***
2025-01-09T18:16:28.4251420Z   ssh-strict: true
2025-01-09T18:16:28.4251740Z   ssh-user: git
2025-01-09T18:16:28.4252030Z   persist-credentials: true
2025-01-09T18:16:28.4252400Z   clean: true
2025-01-09T18:16:28.4252690Z   sparse-checkout-cone-mode: true
2025-01-09T18:16:28.4253050Z   fetch-depth: 1
2025-01-09T18:16:28.4253330Z   fetch-tags: false
2025-01-09T18:16:28.4253630Z   show-progress: true
2025-01-09T18:16:28.4253960Z   lfs: false
2025-01-09T18:16:28.4254310Z   submodules: false
2025-01-09T18:16:28.4254620Z   set-safe-directory: true
2025-01-09T18:16:28.4254940Z env:
2025-01-09T18:16:28.4255230Z   CACHE_NUMBER: 0
2025-01-09T18:16:28.4256080Z   PYTEST_FLAGS: --tardis-regression-data=/Users/runner/work/tardis/tardis/tardis-regression-data --cov=tardis --cov-report=xml --cov-report=html --cov-append
2025-01-09T18:16:28.4257000Z   CODECOV_TOKEN: 
2025-01-09T18:16:28.4257280Z ##[endgroup]
2025-01-09T18:16:28.5459110Z Syncing repository: tardis-sn/tardis-regression-data
2025-01-09T18:16:28.5461730Z ##[group]Getting Git version info
2025-01-09T18:16:28.5463720Z Working directory is '/Users/runner/work/tardis/tardis/tardis-regression-data'
2025-01-09T18:16:28.5502590Z [command]/opt/homebrew/bin/git version
2025-01-09T18:16:28.5577510Z git version 2.47.1
2025-01-09T18:16:28.5599060Z ##[endgroup]
2025-01-09T18:16:28.5611060Z Copying '/Users/runner/.gitconfig' to '/Users/runner/work/_temp/27f219b1-31b9-474e-af37-8b1b02d2c220/.gitconfig'
2025-01-09T18:16:28.5618430Z Temporarily overriding HOME='/Users/runner/work/_temp/27f219b1-31b9-474e-af37-8b1b02d2c220' before making global git config changes
2025-01-09T18:16:28.5620610Z Adding repository directory to the temporary git global config as a safe directory
2025-01-09T18:16:28.5625500Z [command]/opt/homebrew/bin/git config --global --add safe.directory /Users/runner/work/tardis/tardis/tardis-regression-data
2025-01-09T18:16:28.5714520Z ##[group]Initializing the repository
2025-01-09T18:16:28.5715600Z [command]/opt/homebrew/bin/git init /Users/runner/work/tardis/tardis/tardis-regression-data
2025-01-09T18:16:28.5812800Z hint: Using 'master' as the name for the initial branch. This default branch name
2025-01-09T18:16:28.5815490Z hint: is subject to change. To configure the initial branch name to use in all
2025-01-09T18:16:28.5819850Z hint: of your new repositories, which will suppress this warning, call:
2025-01-09T18:16:28.5820910Z hint:
2025-01-09T18:16:28.5821420Z hint: 	git config --global init.defaultBranch <name>
2025-01-09T18:16:28.5822270Z hint:
2025-01-09T18:16:28.5826420Z hint: Names commonly chosen instead of 'master' are 'main', 'trunk' and
2025-01-09T18:16:28.5827640Z hint: 'development'. The just-created branch can be renamed via this command:
2025-01-09T18:16:28.5828560Z hint:
2025-01-09T18:16:28.5829150Z hint: 	git branch -m <name>
2025-01-09T18:16:28.5830420Z Initialized empty Git repository in /Users/runner/work/tardis/tardis/tardis-regression-data/.git/
2025-01-09T18:16:28.5842780Z [command]/opt/homebrew/bin/git remote add origin https://github.com/tardis-sn/tardis-regression-data
2025-01-09T18:16:28.5919120Z ##[endgroup]
2025-01-09T18:16:28.5920730Z ##[group]Disabling automatic garbage collection
2025-01-09T18:16:28.5922190Z [command]/opt/homebrew/bin/git config --local gc.auto 0
2025-01-09T18:16:28.5982100Z ##[endgroup]
2025-01-09T18:16:28.5983510Z ##[group]Setting up auth
2025-01-09T18:16:28.5985290Z [command]/opt/homebrew/bin/git config --local --name-only --get-regexp core\.sshCommand
2025-01-09T18:16:28.6035570Z [command]/opt/homebrew/bin/git submodule foreach --recursive sh -c "git config --local --name-only --get-regexp 'core\.sshCommand' && git config --local --unset-all 'core.sshCommand' || :"
2025-01-09T18:16:28.7621330Z [command]/opt/homebrew/bin/git config --local --name-only --get-regexp http\.https\:\/\/github\.com\/\.extraheader
2025-01-09T18:16:28.7909730Z [command]/opt/homebrew/bin/git submodule foreach --recursive sh -c "git config --local --name-only --get-regexp 'http\.https\:\/\/github\.com\/\.extraheader' && git config --local --unset-all 'http.https://github.com/.extraheader' || :"
2025-01-09T18:16:28.8511200Z [command]/opt/homebrew/bin/git config --local http.https://github.com/.extraheader AUTHORIZATION: basic ***
2025-01-09T18:16:28.8603340Z ##[endgroup]
2025-01-09T18:16:28.8604080Z ##[group]Determining the default branch
2025-01-09T18:16:28.8604610Z Retrieving the default branch name
2025-01-09T18:16:29.3116430Z Default branch 'main'
2025-01-09T18:16:29.3122760Z ##[endgroup]
2025-01-09T18:16:29.3123930Z ##[group]Fetching the repository
2025-01-09T18:16:29.3128010Z [command]/opt/homebrew/bin/git -c protocol.version=2 fetch --no-tags --prune --no-recurse-submodules --depth=1 origin +refs/heads/main:refs/remotes/origin/main
2025-01-09T18:16:30.3388120Z From https://github.com/tardis-sn/tardis-regression-data
2025-01-09T18:16:30.3529890Z  * [new branch]      main       -> origin/main
2025-01-09T18:16:30.4256100Z ##[endgroup]
2025-01-09T18:16:30.4361020Z ##[group]Determining the checkout info
2025-01-09T18:16:30.4463530Z ##[endgroup]
2025-01-09T18:16:30.4565880Z [command]/opt/homebrew/bin/git sparse-checkout disable
2025-01-09T18:16:30.4714260Z [command]/opt/homebrew/bin/git config --local --unset-all extensions.worktreeConfig
2025-01-09T18:16:30.4715780Z ##[group]Checking out the ref
2025-01-09T18:16:30.4716300Z [command]/opt/homebrew/bin/git checkout --progress --force -B main refs/remotes/origin/main
2025-01-09T18:16:30.8792160Z Switched to a new branch 'main'
2025-01-09T18:16:30.8795940Z branch 'main' set up to track 'origin/main'.
2025-01-09T18:16:30.9835060Z ##[endgroup]
2025-01-09T18:16:30.9912630Z [command]/opt/homebrew/bin/git log -1 --format=%H
2025-01-09T18:16:30.9974620Z 666ab8501c2b2aea30d05b8822e7ddbfca078d23
2025-01-09T18:16:31.0094860Z ##[group]Run git lfs ls-files -l | cut -d' ' -f1 | sort > .lfs-assets-id
2025-01-09T18:16:31.0095390Z [36;1mgit lfs ls-files -l | cut -d' ' -f1 | sort > .lfs-assets-id[0m
2025-01-09T18:16:31.0161430Z shell: /bin/bash --noprofile --norc -e -o pipefail {0}
2025-01-09T18:16:31.0161810Z env:
2025-01-09T18:16:31.0161970Z   CACHE_NUMBER: 0
2025-01-09T18:16:31.0162450Z   PYTEST_FLAGS: --tardis-regression-data=/Users/runner/work/tardis/tardis/tardis-regression-data --cov=tardis --cov-report=xml --cov-report=html --cov-append
2025-01-09T18:16:31.0163010Z   CODECOV_TOKEN: 
2025-01-09T18:16:31.0163140Z ##[endgroup]
2025-01-09T18:16:31.2853630Z ##[group]Run actions/cache/restore@v4
2025-01-09T18:16:31.2853870Z with:
2025-01-09T18:16:31.2854040Z   path: tardis-regression-data/.git/lfs
2025-01-09T18:16:31.2854380Z   key: macOS-lfs-21f9fa4b6817cc69b9fae3598144724da7828e276a73bd17f47a2a49d9af090a-v1
2025-01-09T18:16:31.2854730Z   enableCrossOsArchive: false
2025-01-09T18:16:31.2854920Z   fail-on-cache-miss: false
2025-01-09T18:16:31.2855080Z   lookup-only: false
2025-01-09T18:16:31.2855270Z env:
2025-01-09T18:16:31.2855440Z   CACHE_NUMBER: 0
2025-01-09T18:16:31.2856380Z   PYTEST_FLAGS: --tardis-regression-data=/Users/runner/work/tardis/tardis/tardis-regression-data --cov=tardis --cov-report=xml --cov-report=html --cov-append
2025-01-09T18:16:31.2856900Z   CODECOV_TOKEN: 
2025-01-09T18:16:31.2857040Z ##[endgroup]
2025-01-09T18:16:32.7746640Z Received 33554432 of 1706796060 (2.0%), 31.9 MBs/sec
2025-01-09T18:16:33.7750880Z Received 79691776 of 1706796060 (4.7%), 37.9 MBs/sec
2025-01-09T18:16:34.7753170Z Received 142606336 of 1706796060 (8.4%), 45.3 MBs/sec
2025-01-09T18:16:35.7757200Z Received 192937984 of 1706796060 (11.3%), 45.9 MBs/sec
2025-01-09T18:16:36.7762850Z Received 251658240 of 1706796060 (14.7%), 47.9 MBs/sec
2025-01-09T18:16:37.7804730Z Received 306184192 of 1706796060 (17.9%), 48.6 MBs/sec
2025-01-09T18:16:38.7833140Z Received 377487360 of 1706796060 (22.1%), 51.3 MBs/sec
2025-01-09T18:16:39.7831260Z Received 440401920 of 1706796060 (25.8%), 52.4 MBs/sec
2025-01-09T18:16:40.7845840Z Received 511705088 of 1706796060 (30.0%), 54.1 MBs/sec
2025-01-09T18:16:41.7848790Z Received 570425344 of 1706796060 (33.4%), 54.3 MBs/sec
2025-01-09T18:16:42.7956600Z Received 637534208 of 1706796060 (37.4%), 55.1 MBs/sec
2025-01-09T18:16:43.7964690Z Received 692060160 of 1706796060 (40.5%), 54.9 MBs/sec
2025-01-09T18:16:44.7969610Z Received 759169024 of 1706796060 (44.5%), 55.6 MBs/sec
2025-01-09T18:16:45.7974670Z Received 834666496 of 1706796060 (48.9%), 56.7 MBs/sec
2025-01-09T18:16:46.7983360Z Received 897581056 of 1706796060 (52.6%), 57.0 MBs/sec
2025-01-09T18:16:47.7988470Z Received 956301312 of 1706796060 (56.0%), 56.9 MBs/sec
2025-01-09T18:16:48.7989330Z Received 1019215872 of 1706796060 (59.7%), 57.1 MBs/sec
2025-01-09T18:16:49.8004890Z Received 1077936128 of 1706796060 (63.2%), 57.0 MBs/sec
2025-01-09T18:16:50.8052350Z Received 1119879168 of 1706796060 (65.6%), 56.1 MBs/sec
2025-01-09T18:16:51.8051040Z Received 1191182336 of 1706796060 (69.8%), 56.7 MBs/sec
2025-01-09T18:16:52.8225960Z Received 1254096896 of 1706796060 (73.5%), 56.8 MBs/sec
2025-01-09T18:16:53.8264670Z Received 1296039936 of 1706796060 (75.9%), 56.0 MBs/sec
2025-01-09T18:16:54.8275140Z Received 1367343104 of 1706796060 (80.1%), 56.6 MBs/sec
2025-01-09T18:16:55.8266230Z Received 1430257664 of 1706796060 (83.8%), 56.7 MBs/sec
2025-01-09T18:16:56.8327250Z Received 1488977920 of 1706796060 (87.2%), 56.7 MBs/sec
2025-01-09T18:16:57.8323020Z Received 1547698176 of 1706796060 (90.7%), 56.6 MBs/sec
2025-01-09T18:16:58.8364560Z Received 1619001344 of 1706796060 (94.9%), 57.0 MBs/sec
2025-01-09T18:16:59.8362940Z Received 1681915904 of 1706796060 (98.5%), 57.2 MBs/sec
2025-01-09T18:17:00.7888330Z Cache Size: ~1628 MB (1706796060 B)
2025-01-09T18:17:00.8060860Z [command]/opt/homebrew/bin/gtar -xf /Users/runner/work/_temp/88732b6b-04ad-4b01-99b1-279a13025799/cache.tzst -P -C /Users/runner/work/tardis/tardis --delay-directory-restore --use-compress-program unzstd
2025-01-09T18:17:00.8391010Z Received 1706796060 of 1706796060 (100.0%), 56.0 MBs/sec
2025-01-09T18:17:09.2035980Z Cache restored successfully
2025-01-09T18:17:09.2865800Z Cache restored from key: macOS-lfs-21f9fa4b6817cc69b9fae3598144724da7828e276a73bd17f47a2a49d9af090a-v1
2025-01-09T18:17:09.3159730Z ##[group]Run git lfs checkout
2025-01-09T18:17:09.3160150Z [36;1mgit lfs checkout[0m
2025-01-09T18:17:09.3277810Z shell: /bin/bash --noprofile --norc -e -o pipefail {0}
2025-01-09T18:17:09.3278400Z env:
2025-01-09T18:17:09.3278530Z   CACHE_NUMBER: 0
2025-01-09T18:17:09.3279010Z   PYTEST_FLAGS: --tardis-regression-data=/Users/runner/work/tardis/tardis/tardis-regression-data --cov=tardis --cov-report=xml --cov-report=html --cov-append
2025-01-09T18:17:09.3279640Z   CODECOV_TOKEN: 
2025-01-09T18:17:09.3279910Z ##[endgroup]
2025-01-09T18:17:16.5407170Z Checking out LFS objects: 100% (204/204), 3.5 GB | 380 MB/s, done.
2025-01-09T18:17:25.4216640Z Prepare all required actions
2025-01-09T18:17:25.4217240Z Getting action download info
2025-01-09T18:17:25.6791760Z Download action repository 'mamba-org/setup-micromamba@v1' (SHA:4b9113af4fba0e9e1124b252dd6497a419e7396d)
2025-01-09T18:17:26.8521210Z ##[group]Run ./.github/actions/setup_env
2025-01-09T18:17:26.8521490Z with:
2025-01-09T18:17:26.8521650Z   os-label: osx-arm64
2025-01-09T18:17:26.8521920Z env:
2025-01-09T18:17:26.8522240Z   CACHE_NUMBER: 0
2025-01-09T18:17:26.8523000Z   PYTEST_FLAGS: --tardis-regression-data=/Users/runner/work/tardis/tardis/tardis-regression-data --cov=tardis --cov-report=xml --cov-report=html --cov-append
2025-01-09T18:17:26.8525020Z   CODECOV_TOKEN: 
2025-01-09T18:17:26.8525470Z ##[endgroup]
2025-01-09T18:17:26.8573180Z ##[group]Run file_hash=$(cat conda-osx-arm64.lock | shasum -a 256 | cut -d' ' -f1)
2025-01-09T18:17:26.8573680Z [36;1mfile_hash=$(cat conda-osx-arm64.lock | shasum -a 256 | cut -d' ' -f1)[0m
2025-01-09T18:17:26.8574070Z [36;1mecho "file_hash=$file_hash" >> "${GITHUB_OUTPUT}"[0m
2025-01-09T18:17:26.8671060Z shell: /bin/bash --noprofile --norc -e -o pipefail {0}
2025-01-09T18:17:26.8671300Z env:
2025-01-09T18:17:26.8671520Z   CACHE_NUMBER: 0
2025-01-09T18:17:26.8672010Z   PYTEST_FLAGS: --tardis-regression-data=/Users/runner/work/tardis/tardis/tardis-regression-data --cov=tardis --cov-report=xml --cov-report=html --cov-append
2025-01-09T18:17:26.8672530Z   CODECOV_TOKEN: 
2025-01-09T18:17:26.8672670Z ##[endgroup]
2025-01-09T18:17:26.9573290Z ##[group]Run mamba-org/setup-micromamba@v1
2025-01-09T18:17:26.9573550Z with:
2025-01-09T18:17:26.9573690Z   environment-file: conda-osx-arm64.lock
2025-01-09T18:17:26.9574050Z   cache-environment-key: bf0d0a4d4c847cca72476c6c68c493d56c484aada7e80de0e42c7607fcef5824
2025-01-09T18:17:26.9574540Z   cache-downloads-key: bf0d0a4d4c847cca72476c6c68c493d56c484aada7e80de0e42c7607fcef5824
2025-01-09T18:17:26.9574880Z   environment-name: tardis
2025-01-09T18:17:26.9575080Z   cache-environment: true
2025-01-09T18:17:26.9575290Z   cache-downloads: true
2025-01-09T18:17:26.9575470Z env:
2025-01-09T18:17:26.9575620Z   CACHE_NUMBER: 0
2025-01-09T18:17:26.9576090Z   PYTEST_FLAGS: --tardis-regression-data=/Users/runner/work/tardis/tardis/tardis-regression-data --cov=tardis --cov-report=xml --cov-report=html --cov-append
2025-01-09T18:17:26.9576610Z   CODECOV_TOKEN: 
2025-01-09T18:17:26.9576740Z ##[endgroup]
2025-01-09T18:17:27.2704480Z Will download micromamba to /Users/runner/micromamba-bin/micromamba
2025-01-09T18:17:27.2711200Z ##[group]Install micromamba
2025-01-09T18:17:28.1477220Z micromamba installed to /Users/runner/micromamba-bin/micromamba
2025-01-09T18:17:28.1478320Z ##[endgroup]
2025-01-09T18:17:28.1489700Z Adding conda-forge to condarc channels ...
2025-01-09T18:17:28.1499730Z ##[group]Initialize micromamba for bash.
2025-01-09T18:17:28.1518270Z [command]/Users/runner/micromamba-bin/micromamba shell init -s bash -r /Users/runner/micromamba --log-level warning --rc-file /Users/runner/work/_temp/setup-micromamba/.condarc
2025-01-09T18:17:28.1899370Z Modifying RC file "/Users/runner/.bash_profile"
2025-01-09T18:17:28.1900640Z Generating config for root prefix [1m"/Users/runner/micromamba"[0m
2025-01-09T18:17:28.1903750Z Setting mamba executable to: [1m"/Users/runner/micromamba-bin/micromamba"[0m
2025-01-09T18:17:28.1905670Z Adding (or replacing) the following in your "/Users/runner/.bash_profile" file
2025-01-09T18:17:28.1905930Z 
2025-01-09T18:17:28.1905990Z # >>> mamba initialize >>>
2025-01-09T18:17:28.1906250Z # !! Contents within this block are managed by 'mamba init' !!
2025-01-09T18:17:28.1906600Z export MAMBA_EXE='/Users/runner/micromamba-bin/micromamba';
2025-01-09T18:17:28.1906900Z export MAMBA_ROOT_PREFIX='/Users/runner/micromamba';
2025-01-09T18:17:28.1907290Z __mamba_setup="$("$MAMBA_EXE" shell hook --shell bash --root-prefix "$MAMBA_ROOT_PREFIX" 2> /dev/null)"
2025-01-09T18:17:28.1907680Z if [ $? -eq 0 ]; then
2025-01-09T18:17:28.1907850Z     eval "$__mamba_setup"
2025-01-09T18:17:28.1909240Z else
2025-01-09T18:17:28.1909870Z     alias micromamba="$MAMBA_EXE"  # Fallback on help from mamba activate
2025-01-09T18:17:28.1910450Z fi
2025-01-09T18:17:28.1910690Z unset __mamba_setup
2025-01-09T18:17:28.1911030Z # <<< mamba initialize <<<
2025-01-09T18:17:28.1927690Z 
2025-01-09T18:17:28.1928080Z ##[endgroup]
2025-01-09T18:17:28.1928620Z ##[group]Restoring downloads from `/Users/runner/micromamba/pkgs` ...
2025-01-09T18:17:29.5643250Z Received 33554432 of 310595873 (10.8%), 31.6 MBs/sec
2025-01-09T18:17:30.5657620Z Received 83886080 of 310595873 (27.0%), 39.4 MBs/sec
2025-01-09T18:17:31.5665170Z Received 142606336 of 310595873 (45.9%), 44.9 MBs/sec
2025-01-09T18:17:32.5675110Z Received 188743680 of 310595873 (60.8%), 44.7 MBs/sec
2025-01-09T18:17:33.5688150Z Received 255852544 of 310595873 (82.4%), 48.5 MBs/sec
2025-01-09T18:17:34.4674340Z Cache Size: ~296 MB (310595873 B)
2025-01-09T18:17:34.4718280Z [command]/opt/homebrew/bin/gtar -xf /Users/runner/work/_temp/13208a8b-9e90-4fc4-886f-388d7778942a/cache.tzst -P -C /Users/runner/work/tardis/tardis --delay-directory-restore --use-compress-program unzstd
2025-01-09T18:17:34.5705710Z Received 310595873 of 310595873 (100.0%), 49.1 MBs/sec
2025-01-09T18:17:35.2449550Z Cache restored successfully
2025-01-09T18:17:35.2513620Z Restored cache with key `bf0d0a4d4c847cca72476c6c68c493d56c484aada7e80de0e42c7607fcef5824-osx-arm64`
2025-01-09T18:17:35.2516280Z ##[endgroup]
2025-01-09T18:17:35.2554610Z ##[group]Restoring environment `tardis` from `/Users/runner/micromamba/envs/tardis` ...
2025-01-09T18:17:36.6490060Z Received 37748736 of 385775710 (9.8%), 36.0 MBs/sec
2025-01-09T18:17:37.6443900Z Received 88080384 of 385775710 (22.8%), 42.0 MBs/sec
2025-01-09T18:17:38.6452420Z Received 146800640 of 385775710 (38.1%), 46.6 MBs/sec
2025-01-09T18:17:39.6456890Z Received 209715200 of 385775710 (54.4%), 50.0 MBs/sec
2025-01-09T18:17:40.6458460Z Received 293601280 of 385775710 (76.1%), 56.0 MBs/sec
2025-01-09T18:17:41.6461500Z Received 381581406 of 385775710 (98.9%), 60.6 MBs/sec
2025-01-09T18:17:42.0704500Z Cache Size: ~368 MB (385775710 B)
2025-01-09T18:17:42.0742860Z [command]/opt/homebrew/bin/gtar -xf /Users/runner/work/_temp/19e79fb2-f763-46df-ae5d-551c82a9759f/cache.tzst -P -C /Users/runner/work/tardis/tardis --delay-directory-restore --use-compress-program unzstd
2025-01-09T18:17:42.6505660Z Received 385775710 of 385775710 (100.0%), 52.5 MBs/sec
2025-01-09T18:17:53.9620750Z Cache restored successfully
2025-01-09T18:17:53.9640930Z Restored cache with key `bf0d0a4d4c847cca72476c6c68c493d56c484aada7e80de0e42c7607fcef5824-osx-arm64-tardis-args-4f53cda-root-873f6fe-bin-[object Promise]-file-bf0d0a4d4c847cca72476c6c68c493d56c484aada7e80de0e42c7607fcef5824`
2025-01-09T18:17:53.9643440Z ##[endgroup]
2025-01-09T18:17:53.9643750Z Adding environment tardis to auto-activate bash ...
2025-01-09T18:17:53.9654180Z Generating micromamba run shell.
2025-01-09T18:17:53.9661270Z ##[endgroup]
2025-01-09T18:17:53.9667610Z Set environment variables.
2025-01-09T18:17:53.9670850Z ##[group]micromamba info
2025-01-09T18:17:53.9674780Z [command]/Users/runner/micromamba-bin/micromamba info -r /Users/runner/micromamba -n tardis
2025-01-09T18:17:54.3894160Z 
2025-01-09T18:17:54.3897570Z        libmamba version : 1.5.10
2025-01-09T18:17:54.3898040Z      micromamba version : 1.5.10
2025-01-09T18:17:54.3898550Z            curl version : libcurl/8.10.1 (OpenSSL/3.3.2) SecureTransport zlib/1.3.1 zstd/1.5.6 libssh2/1.11.0 nghttp2/1.58.0
2025-01-09T18:17:54.3899300Z      libarchive version : libarchive 3.7.4 zlib/1.2.13 bz2lib/1.0.8 libzstd/1.5.6
2025-01-09T18:17:54.3900370Z        envs directories : /Users/runner/micromamba/envs
2025-01-09T18:17:54.3905670Z           package cache : /Users/runner/micromamba/pkgs
2025-01-09T18:17:54.3911310Z                           /Users/runner/.mamba/pkgs
2025-01-09T18:17:54.3911730Z             environment : tardis
2025-01-09T18:17:54.3912160Z            env location : /Users/runner/micromamba/envs/tardis
2025-01-09T18:17:54.3921910Z       user config files : /Users/runner/.mambarc
2025-01-09T18:17:54.3922500Z  populated config files : /Users/runner/work/_temp/setup-micromamba/.condarc
2025-01-09T18:17:54.3922890Z        virtual packages : __unix=0=0
2025-01-09T18:17:54.3923480Z                           __osx=14.7.2=0
2025-01-09T18:17:54.3924550Z                           __archspec=1=arm64
2025-01-09T18:17:54.3925530Z                channels : https://conda.anaconda.org/conda-forge/osx-arm64
2025-01-09T18:17:54.3925890Z                           https://conda.anaconda.org/conda-forge/noarch
2025-01-09T18:17:54.3932990Z        base environment : /Users/runner/micromamba
2025-01-09T18:17:54.3933650Z                platform : osx-arm64
2025-01-09T18:17:54.3936690Z ##[endgroup]
2025-01-09T18:17:54.3937080Z ##[group]micromamba list
2025-01-09T18:17:54.3937600Z [command]/Users/runner/micromamba-bin/micromamba list -r /Users/runner/micromamba -n tardis
2025-01-09T18:17:54.8231630Z List of packages in environment: "/Users/runner/micromamba/envs/tardis"
2025-01-09T18:17:54.8233670Z 
2025-01-09T18:17:54.8234050Z   Name                           Version              Build                    Channel    
2025-01-09T18:17:54.8236120Z â”€â”€â”€â”€â”€â”€â”€â”€â”€â”€â”€â”€â”€â”€â”€â”€â”€â”€â”€â”€â”€â”€â”€â”€â”€â”€â”€â”€â”€â”€â”€â”€â”€â”€â”€â”€â”€â”€â”€â”€â”€â”€â”€â”€â”€â”€â”€â”€â”€â”€â”€â”€â”€â”€â”€â”€â”€â”€â”€â”€â”€â”€â”€â”€â”€â”€â”€â”€â”€â”€â”€â”€â”€â”€â”€â”€â”€â”€â”€â”€â”€â”€â”€â”€â”€â”€â”€â”€â”€â”€â”€â”€
2025-01-09T18:17:54.8236910Z   alabaster                      0.7.16               pyhd8ed1ab_0             conda-forge
2025-01-09T18:17:54.8237340Z   anyio                          4.4.0                pyhd8ed1ab_0             conda-forge
2025-01-09T18:17:54.8237810Z   appnope                        0.1.4                pyhd8ed1ab_0             conda-forge
2025-01-09T18:17:54.8238210Z   argon2-cffi                    23.1.0               pyhd8ed1ab_0             conda-forge
2025-01-09T18:17:54.8238770Z   argon2-cffi-bindings           21.2.0               py312h02f2b3b_4          conda-forge
2025-01-09T18:17:54.8239300Z   arrow                          1.3.0                pyhd8ed1ab_0             conda-forge
2025-01-09T18:17:54.8239700Z   astropy                        6.1.1                py312hbebd99a_0          conda-forge
2025-01-09T18:17:54.8240200Z   astropy-iers-data              0.2024.6.17.0.31.35  pyhd8ed1ab_0             conda-forge
2025-01-09T18:17:54.8242810Z   astropy-sphinx-theme           1.1                  pyhd8ed1ab_0             conda-forge
2025-01-09T18:17:54.8243390Z   asttokens                      2.4.1                pyhd8ed1ab_0             conda-forge
2025-01-09T18:17:54.8243820Z   async-lru                      2.0.4                pyhd8ed1ab_0             conda-forge
2025-01-09T18:17:54.8244290Z   atk-1.0                        2.38.0               hd03087b_2               conda-forge
2025-01-09T18:17:54.8244670Z   attrs                          23.2.0               pyh71513ae_0             conda-forge
2025-01-09T18:17:54.8245250Z   babel                          2.14.0               pyhd8ed1ab_0             conda-forge
2025-01-09T18:17:54.8245690Z   beautifulsoup4                 4.12.3               pyha770c72_0             conda-forge
2025-01-09T18:17:54.8246160Z   bleach                         6.1.0                pyhd8ed1ab_0             conda-forge
2025-01-09T18:17:54.8246620Z   blosc                          1.21.5               h9c252e8_1               conda-forge
2025-01-09T18:17:54.8247010Z   brotli                         1.1.0                hb547adb_1               conda-forge
2025-01-09T18:17:54.8247390Z   brotli-bin                     1.1.0                hb547adb_1               conda-forge
2025-01-09T18:17:54.8247980Z   brotli-python                  1.1.0                py312h9f69965_1          conda-forge
2025-01-09T18:17:54.8248380Z   bzip2                          1.0.8                h93a5062_5               conda-forge
2025-01-09T18:17:54.8248980Z   c-ares                         1.28.1               h93a5062_0               conda-forge
2025-01-09T18:17:54.8249490Z   c-blosc2                       2.14.4               ha57e6be_1               conda-forge
2025-01-09T18:17:54.8250900Z   ca-certificates                2024.6.2             hf0a4a13_0               conda-forge
2025-01-09T18:17:54.8251380Z   cached-property                1.5.2                hd8ed1ab_1               conda-forge
2025-01-09T18:17:54.8251990Z   cached_property                1.5.2                pyha770c72_1             conda-forge
2025-01-09T18:17:54.8252400Z   cairo                          1.18.0               hd1e100b_0               conda-forge
2025-01-09T18:17:54.8252810Z   certifi                        2024.6.2             pyhd8ed1ab_0             conda-forge
2025-01-09T18:17:54.8253250Z   cffi                           1.16.0               py312h8e38eb3_0          conda-forge
2025-01-09T18:17:54.8254040Z   charset-normalizer             3.3.2                pyhd8ed1ab_0             conda-forge
2025-01-09T18:17:54.8254570Z   click                          8.1.7                unix_pyh707e725_0        conda-forge
2025-01-09T18:17:54.8255130Z   codespell                      2.3.0                pyhd8ed1ab_0             conda-forge
2025-01-09T18:17:54.8255540Z   colorama                       0.4.6                pyhd8ed1ab_0             conda-forge
2025-01-09T18:17:54.8256080Z   comm                           0.2.2                pyhd8ed1ab_0             conda-forge
2025-01-09T18:17:54.8256610Z   commonmark                     0.9.1                py_0                     conda-forge
2025-01-09T18:17:54.8256960Z   contourpy                      1.2.1                py312h0fef576_0          conda-forge
2025-01-09T18:17:54.8257450Z   coverage                       7.5.3                py312h7e5086c_0          conda-forge
2025-01-09T18:17:54.8257860Z   cycler                         0.12.1               pyhd8ed1ab_0             conda-forge
2025-01-09T18:17:54.8258340Z   dataclasses                    0.8                  pyhc8e2a94_3             conda-forge
2025-01-09T18:17:54.8258780Z   debugpy                        1.8.1                py312h20a0b95_0          conda-forge
2025-01-09T18:17:54.8259340Z   decorator                      5.1.1                pyhd8ed1ab_0             conda-forge
2025-01-09T18:17:54.8259810Z   defusedxml                     0.7.1                pyhd8ed1ab_0             conda-forge
2025-01-09T18:17:54.8260320Z   docutils                       0.20.1               py312h81bd7bf_3          conda-forge
2025-01-09T18:17:54.8260960Z   dot2tex                        2.11.3               pyhd8ed1ab_0             conda-forge
2025-01-09T18:17:54.8261570Z   entrypoints                    0.4                  pyhd8ed1ab_0             conda-forge
2025-01-09T18:17:54.8262620Z   exceptiongroup                 1.2.0                pyhd8ed1ab_2             conda-forge
2025-01-09T18:17:54.8263130Z   executing                      2.0.1                pyhd8ed1ab_0             conda-forge
2025-01-09T18:17:54.8263560Z   expat                          2.6.2                hebf3989_0               conda-forge
2025-01-09T18:17:54.8264120Z   font-ttf-dejavu-sans-mono      2.37                 hab24e00_0               conda-forge
2025-01-09T18:17:54.8264690Z   font-ttf-inconsolata           3.000                h77eed37_0               conda-forge
2025-01-09T18:17:54.8265160Z   font-ttf-source-code-pro       2.038                h77eed37_0               conda-forge
2025-01-09T18:17:54.8265980Z   font-ttf-ubuntu                0.83                 h77eed37_2               conda-forge
2025-01-09T18:17:54.8266480Z   fontconfig                     2.14.2               h82840c6_0               conda-forge
2025-01-09T18:17:54.8266940Z   fonts-conda-ecosystem          1                    0                        conda-forge
2025-01-09T18:17:54.8267340Z   fonts-conda-forge              1                    0                        conda-forge
2025-01-09T18:17:54.8267750Z   fonttools                      4.53.0               py312h7e5086c_0          conda-forge
2025-01-09T18:17:54.8268110Z   fqdn                           1.5.1                pyhd8ed1ab_0             conda-forge
2025-01-09T18:17:54.8269000Z   freetype                       2.12.1               hadb7bae_2               conda-forge
2025-01-09T18:17:54.8269450Z   fribidi                        1.0.10               h27ca646_0               conda-forge
2025-01-09T18:17:54.8269790Z   future                         1.0.0                pyhd8ed1ab_0             conda-forge
2025-01-09T18:17:54.8270650Z   gdk-pixbuf                     2.42.12              h7ddc832_0               conda-forge
2025-01-09T18:17:54.8271040Z   gettext                        0.22.5               h8fbad5d_2               conda-forge
2025-01-09T18:17:54.8271760Z   gettext-tools                  0.22.5               h8fbad5d_2               conda-forge
2025-01-09T18:17:54.8272930Z   giflib                         5.2.2                h93a5062_0               conda-forge
2025-01-09T18:17:54.8273320Z   git-lfs                        3.5.1                hce30654_0               conda-forge
2025-01-09T18:17:54.8273890Z   gmp                            6.3.0                hebf3989_1               conda-forge
2025-01-09T18:17:54.8274630Z   gmpy2                          2.1.5                py312hfa9fade_1          conda-forge
2025-01-09T18:17:54.8275060Z   graphite2                      1.3.13               hebf3989_1003            conda-forge
2025-01-09T18:17:54.8275400Z   graphviz                       11.0.0               h9bb9bc9_0               conda-forge
2025-01-09T18:17:54.8275760Z   gtk2                           2.24.33              h7895bb2_4               conda-forge
2025-01-09T18:17:54.8276100Z   gts                            0.7.6                he42f4ea_4               conda-forge
2025-01-09T18:17:54.8276490Z   h11                            0.14.0               pyhd8ed1ab_0             conda-forge
2025-01-09T18:17:54.8276840Z   h2                             4.1.0                pyhd8ed1ab_0             conda-forge
2025-01-09T18:17:54.8277230Z   h5py                           3.11.0               nompi_py312h903599c_102  conda-forge
2025-01-09T18:17:54.8277590Z   harfbuzz                       8.5.0                h1836168_0               conda-forge
2025-01-09T18:17:54.8278010Z   hdf5                           1.14.3               nompi_hec07895_105       conda-forge
2025-01-09T18:17:54.8278350Z   hpack                          4.0.0                pyh9f0ad1d_0             conda-forge
2025-01-09T18:17:54.8279510Z   httpcore                       1.0.5                pyhd8ed1ab_0             conda-forge
2025-01-09T18:17:54.8280740Z   httpx                          0.27.0               pyhd8ed1ab_0             conda-forge
2025-01-09T18:17:54.8281300Z   hyperframe                     6.0.1                pyhd8ed1ab_0             conda-forge
2025-01-09T18:17:54.8281670Z   icu                            73.2                 hc8870d7_0               conda-forge
2025-01-09T18:17:54.8282160Z   idna                           3.7                  pyhd8ed1ab_0             conda-forge
2025-01-09T18:17:54.8282620Z   imagesize                      1.4.1                pyhd8ed1ab_0             conda-forge
2025-01-09T18:17:54.8283040Z   importlib-metadata             7.1.0                pyha770c72_0             conda-forge
2025-01-09T18:17:54.8283550Z   importlib_metadata             7.1.0                hd8ed1ab_0               conda-forge
2025-01-09T18:17:54.8284140Z   importlib_resources            6.4.0                pyhd8ed1ab_0             conda-forge
2025-01-09T18:17:54.8284580Z   iniconfig                      2.0.0                pyhd8ed1ab_0             conda-forge
2025-01-09T18:17:54.8284960Z   ipykernel                      6.29.4               pyh57ce528_0             conda-forge
2025-01-09T18:17:54.8285390Z   ipython                        8.25.0               pyh707e725_0             conda-forge
2025-01-09T18:17:54.8285740Z   ipython_genutils               0.2.0                pyhd8ed1ab_1             conda-forge
2025-01-09T18:17:54.8286140Z   ipywidgets                     7.8.0                pyhd8ed1ab_0             conda-forge
2025-01-09T18:17:54.8287060Z   isoduration                    20.11.0              pyhd8ed1ab_0             conda-forge
2025-01-09T18:17:54.8287480Z   jedi                           0.19.1               pyhd8ed1ab_0             conda-forge
2025-01-09T18:17:54.8287910Z   jinja2                         3.1.4                pyhd8ed1ab_0             conda-forge
2025-01-09T18:17:54.8288380Z   json5                          0.9.25               pyhd8ed1ab_0             conda-forge
2025-01-09T18:17:54.8288790Z   jsonpointer                    3.0.0                py312h81bd7bf_0          conda-forge
2025-01-09T18:17:54.8289280Z   jsonschema                     4.22.0               pyhd8ed1ab_0             conda-forge
2025-01-09T18:17:54.8289980Z   jsonschema-specifications      2023.12.1            pyhd8ed1ab_0             conda-forge
2025-01-09T18:17:54.8290520Z   jsonschema-with-format-nongpl  4.22.0               pyhd8ed1ab_0             conda-forge
2025-01-09T18:17:54.8290910Z   jupyter-lsp                    2.2.5                pyhd8ed1ab_0             conda-forge
2025-01-09T18:17:54.8291310Z   jupyter_client                 8.6.2                pyhd8ed1ab_0             conda-forge
2025-01-09T18:17:54.8291660Z   jupyter_core                   5.7.2                py312h81bd7bf_0          conda-forge
2025-01-09T18:17:54.8292070Z   jupyter_events                 0.10.0               pyhd8ed1ab_0             conda-forge
2025-01-09T18:17:54.8292420Z   jupyter_server                 2.14.1               pyhd8ed1ab_0             conda-forge
2025-01-09T18:17:54.8292870Z   jupyter_server_terminals       0.5.3                pyhd8ed1ab_0             conda-forge
2025-01-09T18:17:54.8293230Z   jupyterlab                     4.2.2                pyhd8ed1ab_0             conda-forge
2025-01-09T18:17:54.8293640Z   jupyterlab_pygments            0.3.0                pyhd8ed1ab_1             conda-forge
2025-01-09T18:17:54.8294070Z   jupyterlab_server              2.27.2               pyhd8ed1ab_0             conda-forge
2025-01-09T18:17:54.8294440Z   jupyterlab_widgets             1.1.7                pyhd8ed1ab_0             conda-forge
2025-01-09T18:17:54.8294830Z   kiwisolver                     1.4.5                py312h389731b_1          conda-forge
2025-01-09T18:17:54.8295220Z   krb5                           1.21.2               h92f50d5_0               conda-forge
2025-01-09T18:17:54.8295540Z   latexcodec                     2.0.1                pyh9f0ad1d_0             conda-forge
2025-01-09T18:17:54.8295900Z   lcms2                          2.16                 ha0e7c42_0               conda-forge
2025-01-09T18:17:54.8296200Z   lerc                           4.0.0                h9a09cb3_0               conda-forge
2025-01-09T18:17:54.8296580Z   libaec                         1.1.3                hebf3989_0               conda-forge
2025-01-09T18:17:54.8296910Z   libasprintf                    0.22.5               h8fbad5d_2               conda-forge
2025-01-09T18:17:54.8297330Z   libasprintf-devel              0.22.5               h8fbad5d_2               conda-forge
2025-01-09T18:17:54.8297730Z   libblas                        3.9.0                22_osxarm64_openblas     conda-forge
2025-01-09T18:17:54.8298120Z   libbrotlicommon                1.1.0                hb547adb_1               conda-forge
2025-01-09T18:17:54.8298470Z   libbrotlidec                   1.1.0                hb547adb_1               conda-forge
2025-01-09T18:17:54.8298870Z   libbrotlienc                   1.1.0                hb547adb_1               conda-forge
2025-01-09T18:17:54.8299280Z   libcblas                       3.9.0                22_osxarm64_openblas     conda-forge
2025-01-09T18:17:54.8299620Z   libcurl                        8.8.0                h7b6f9a7_0               conda-forge
2025-01-09T18:17:54.8299990Z   libcxx                         17.0.6               h5f092b4_0               conda-forge
2025-01-09T18:17:54.8300310Z   libdeflate                     1.20                 h93a5062_0               conda-forge
2025-01-09T18:17:54.8300690Z   libedit                        3.1.20191231         hc8eb9b7_2               conda-forge
2025-01-09T18:17:54.8301610Z   libev                          4.33                 h93a5062_2               conda-forge
2025-01-09T18:17:54.8302700Z   libexpat                       2.6.2                hebf3989_0               conda-forge
2025-01-09T18:17:54.8303070Z   libffi                         3.4.2                h3422bc3_5               conda-forge
2025-01-09T18:17:54.8303420Z   libgd                          2.3.3                hfdf3952_9               conda-forge
2025-01-09T18:17:54.8327920Z   libgettextpo                   0.22.5               h8fbad5d_2               conda-forge
2025-01-09T18:17:54.8329140Z   libgettextpo-devel             0.22.5               h8fbad5d_2               conda-forge
2025-01-09T18:17:54.8329530Z   libgfortran                    5.0.0                13_2_0_hd922786_3        conda-forge
2025-01-09T18:17:54.8329940Z   libgfortran5                   13.2.0               hf226fd6_3               conda-forge
2025-01-09T18:17:54.8330400Z   libglib                        2.80.2               h59d46d9_1               conda-forge
2025-01-09T18:17:54.8330790Z   libiconv                       1.17                 h0d3ecfb_2               conda-forge
2025-01-09T18:17:54.8331220Z   libintl                        0.22.5               h8fbad5d_2               conda-forge
2025-01-09T18:17:54.8331600Z   libintl-devel                  0.22.5               h8fbad5d_2               conda-forge
2025-01-09T18:17:54.8332030Z   libjpeg-turbo                  3.0.0                hb547adb_1               conda-forge
2025-01-09T18:17:54.8332360Z   liblapack                      3.9.0                22_osxarm64_openblas     conda-forge
2025-01-09T18:17:54.8332770Z   libllvm14                      14.0.6               hd1a9a77_4               conda-forge
2025-01-09T18:17:54.8333150Z   libnghttp2                     1.58.0               ha4dd798_1               conda-forge
2025-01-09T18:17:54.8333480Z   libopenblas                    0.3.27               openmp_h6c19121_0        conda-forge
2025-01-09T18:17:54.8333850Z   libpng                         1.6.43               h091b4b1_0               conda-forge
2025-01-09T18:17:54.8334170Z   librsvg                        2.58.1               hbc281fb_0               conda-forge
2025-01-09T18:17:54.8334560Z   libsodium                      1.0.18               h27ca646_1               conda-forge
2025-01-09T18:17:54.8334890Z   libsqlite                      3.46.0               hfb93653_0               conda-forge
2025-01-09T18:17:54.8335260Z   libssh2                        1.11.0               h7a5bd25_0               conda-forge
2025-01-09T18:17:54.8335580Z   libtiff                        4.6.0                h07db509_3               conda-forge
2025-01-09T18:17:54.8335910Z   libwebp                        1.4.0                h54798ee_0               conda-forge
2025-01-09T18:17:54.8336280Z   libwebp-base                   1.4.0                h93a5062_0               conda-forge
2025-01-09T18:17:54.8336620Z   libxcb                         1.16                 hf2054a2_0               conda-forge
2025-01-09T18:17:54.8336980Z   libxml2                        2.12.7               ha661575_1               conda-forge
2025-01-09T18:17:54.8337350Z   libxslt                        1.1.39               h223e5b9_0               conda-forge
2025-01-09T18:17:54.8337720Z   libzlib                        1.3.1                hfb2fe0b_1               conda-forge
2025-01-09T18:17:54.8338140Z   llvm-openmp                    18.1.7               hde57baf_0               conda-forge
2025-01-09T18:17:54.8338510Z   llvmlite                       0.42.0               py312h17030e7_1          conda-forge
2025-01-09T18:17:54.8338890Z   lxml                           5.2.2                py312h0e5ab22_0          conda-forge
2025-01-09T18:17:54.8339170Z   lz4-c                          1.9.4                hb7217d7_0               conda-forge
2025-01-09T18:17:54.8339600Z   markupsafe                     2.1.5                py312he37b823_0          conda-forge
2025-01-09T18:17:54.8340700Z   matplotlib-base                3.8.4                py312h4479663_2          conda-forge
2025-01-09T18:17:54.8341160Z   matplotlib-inline              0.1.7                pyhd8ed1ab_0             conda-forge
2025-01-09T18:17:54.8341530Z   mistune                        3.0.2                pyhd8ed1ab_0             conda-forge
2025-01-09T18:17:54.8341930Z   mpc                            1.3.1                h91ba8db_0               conda-forge
2025-01-09T18:17:54.8342200Z   mpfr                           4.2.1                h41d338b_1               conda-forge
2025-01-09T18:17:54.8342680Z   mpmath                         1.3.0                pyhd8ed1ab_0             conda-forge
2025-01-09T18:17:54.8343030Z   munkres                        1.1.4                pyh9f0ad1d_0             conda-forge
2025-01-09T18:17:54.8343430Z   mypy_extensions                1.0.0                pyha770c72_0             conda-forge
2025-01-09T18:17:54.8343810Z   nbclassic                      1.1.0                pyhd8ed1ab_0             conda-forge
2025-01-09T18:17:54.8344250Z   nbclient                       0.10.0               pyhd8ed1ab_0             conda-forge
2025-01-09T18:17:54.8344590Z   nbconvert                      7.16.4               hd8ed1ab_1               conda-forge
2025-01-09T18:17:54.8345010Z   nbconvert-core                 7.16.4               pyhd8ed1ab_1             conda-forge
2025-01-09T18:17:54.8345350Z   nbconvert-pandoc               7.16.4               hd8ed1ab_1               conda-forge
2025-01-09T18:17:54.8345670Z   nbformat                       5.10.4               pyhd8ed1ab_0             conda-forge
2025-01-09T18:17:54.8346040Z   nbsphinx                       0.9.4                pyhd8ed1ab_0             conda-forge
2025-01-09T18:17:54.8346430Z   ncurses                        6.5                  hb89a1cb_0               conda-forge
2025-01-09T18:17:54.8346770Z   nest-asyncio                   1.6.0                pyhd8ed1ab_0             conda-forge
2025-01-09T18:17:54.8347130Z   networkx                       3.3                  pyhd8ed1ab_1             conda-forge
2025-01-09T18:17:54.8347420Z   notebook                       7.2.1                pyhd8ed1ab_0             conda-forge
2025-01-09T18:17:54.8347810Z   notebook-shim                  0.2.4                pyhd8ed1ab_0             conda-forge
2025-01-09T18:17:54.8348150Z   numba                          0.59.1               py312hbaff935_0          conda-forge
2025-01-09T18:17:54.8348560Z   numexpr                        2.10.0               py312h8ae5369_0          conda-forge
2025-01-09T18:17:54.8348890Z   numpy                          1.26.4               py312h8442bc7_0          conda-forge
2025-01-09T18:17:54.8349360Z   numpydoc                       1.7.0                pyhd8ed1ab_1             conda-forge
2025-01-09T18:17:54.8349700Z   openjpeg                       2.5.2                h9f1df11_0               conda-forge
2025-01-09T18:17:54.8350030Z   openssl                        3.3.1                hfb2fe0b_0               conda-forge
2025-01-09T18:17:54.8350380Z   overrides                      7.7.0                pyhd8ed1ab_0             conda-forge
2025-01-09T18:17:54.8350710Z   packaging                      24.1                 pyhd8ed1ab_0             conda-forge
2025-01-09T18:17:54.8351000Z   pandas                         2.2.2                py312h8ae5369_1          conda-forge
2025-01-09T18:17:54.8351280Z   pandoc                         3.2                  hce30654_0               conda-forge
2025-01-09T18:17:54.8351650Z   pandocfilters                  1.5.0                pyhd8ed1ab_0             conda-forge
2025-01-09T18:17:54.8351950Z   pango                          1.54.0               h5cb9fbc_0               conda-forge
2025-01-09T18:17:54.8352240Z   parso                          0.8.4                pyhd8ed1ab_0             conda-forge
2025-01-09T18:17:54.8352520Z   pathspec                       0.12.1               pyhd8ed1ab_0             conda-forge
2025-01-09T18:17:54.8352980Z   pbr                            6.0.0                pyhd8ed1ab_0             conda-forge
2025-01-09T18:17:54.8353260Z   pcre2                          10.44                h297a79d_0               conda-forge
2025-01-09T18:17:54.8353550Z   pexpect                        4.9.0                pyhd8ed1ab_0             conda-forge
2025-01-09T18:17:54.8353840Z   pickleshare                    0.7.5                py_1003                  conda-forge
2025-01-09T18:17:54.8354130Z   pillow                         10.3.0               py312h39b1d8d_1          conda-forge
2025-01-09T18:17:54.8354750Z   pip                            24.0                 pyhd8ed1ab_0             conda-forge
2025-01-09T18:17:54.8355020Z   pixman                         0.43.4               hebf3989_0               conda-forge
2025-01-09T18:17:54.8355340Z   pkgutil-resolve-name           1.3.10               pyhd8ed1ab_1             conda-forge
2025-01-09T18:17:54.8355660Z   platformdirs                   4.2.2                pyhd8ed1ab_0             conda-forge
2025-01-09T18:17:54.8355950Z   plotly                         5.22.0               pyhd8ed1ab_0             conda-forge
2025-01-09T18:17:54.8356220Z   pluggy                         1.5.0                pyhd8ed1ab_0             conda-forge
2025-01-09T18:17:54.8356520Z   prometheus_client              0.20.0               pyhd8ed1ab_0             conda-forge
2025-01-09T18:17:54.8356840Z   prompt-toolkit                 3.0.47               pyha770c72_0             conda-forge
2025-01-09T18:17:54.8357130Z   psutil                         5.9.8                py312he37b823_0          conda-forge
2025-01-09T18:17:54.8357420Z   pthread-stubs                  0.4                  h27ca646_1001            conda-forge
2025-01-09T18:17:54.8357720Z   ptyprocess                     0.7.0                pyhd3deb0d_0             conda-forge
2025-01-09T18:17:54.8358000Z   pure_eval                      0.2.2                pyhd8ed1ab_0             conda-forge
2025-01-09T18:17:54.8358280Z   py-cpuinfo                     9.0.0                pyhd8ed1ab_0             conda-forge
2025-01-09T18:17:54.8358570Z   pybtex                         0.24.0               pyhd8ed1ab_2             conda-forge
2025-01-09T18:17:54.8358860Z   pybtex-docutils                1.0.3                py312h81bd7bf_1          conda-forge
2025-01-09T18:17:54.8359160Z   pycparser                      2.22                 pyhd8ed1ab_0             conda-forge
2025-01-09T18:17:54.8359450Z   pyerfa                         2.0.1.4              py312hbebd99a_1          conda-forge
2025-01-09T18:17:54.8359730Z   pygments                       2.18.0               pyhd8ed1ab_0             conda-forge
2025-01-09T18:17:54.8360010Z   pygraphviz                     1.13                 py312h5f4d302_1          conda-forge
2025-01-09T18:17:54.8360320Z   pyobjc-core                    10.3.1               py312hbb55c70_0          conda-forge
2025-01-09T18:17:54.8360660Z   pyobjc-framework-cocoa         10.3.1               py312hbb55c70_0          conda-forge
2025-01-09T18:17:54.8360980Z   pyparsing                      3.1.2                pyhd8ed1ab_0             conda-forge
2025-01-09T18:17:54.8361280Z   pysocks                        1.7.1                pyha2e5f31_6             conda-forge
2025-01-09T18:17:54.8361570Z   pytables                       3.9.2                py312hb622ae1_2          conda-forge
2025-01-09T18:17:54.8361860Z   pytest                         8.2.2                pyhd8ed1ab_0             conda-forge
2025-01-09T18:17:54.8362140Z   pytest-cov                     5.0.0                pyhd8ed1ab_0             conda-forge
2025-01-09T18:17:54.8362470Z   pytest-doctestplus             1.2.1                pyhd8ed1ab_0             conda-forge
2025-01-09T18:17:54.8362790Z   pytest-html                    4.1.1                pyhd8ed1ab_0             conda-forge
2025-01-09T18:17:54.8363110Z   pytest-metadata                3.1.1                pyhd8ed1ab_0             conda-forge
2025-01-09T18:17:54.8363850Z   python                         3.12.4               h30c5eda_0_cpython       conda-forge
2025-01-09T18:17:54.8364210Z   python-dateutil                2.9.0                pyhd8ed1ab_0             conda-forge
2025-01-09T18:17:54.8364560Z   python-fastjsonschema          2.20.0               pyhd8ed1ab_0             conda-forge
2025-01-09T18:17:54.8364910Z   python-json-logger             2.0.7                pyhd8ed1ab_0             conda-forge
2025-01-09T18:17:54.8365230Z   python-tzdata                  2024.1               pyhd8ed1ab_0             conda-forge
2025-01-09T18:17:54.8365660Z   python_abi                     3.12                 4_cp312                  conda-forge
2025-01-09T18:17:54.8365950Z   pytz                           2024.1               pyhd8ed1ab_0             conda-forge
2025-01-09T18:17:54.8366250Z   pyyaml                         6.0.1                py312h02f2b3b_1          conda-forge
2025-01-09T18:17:54.8366530Z   pyzmq                          26.0.3               py312hfa13136_0          conda-forge
2025-01-09T18:17:54.8366810Z   qgrid                          1.3.1                pyhd8ed1ab_4             conda-forge
2025-01-09T18:17:54.8367110Z   radioactivedecay               0.5.1                pyhd8ed1ab_0             conda-forge
2025-01-09T18:17:54.8367430Z   readline                       8.2                  h92ec313_1               conda-forge
2025-01-09T18:17:54.8367720Z   recommonmark                   0.7.1                pyhd8ed1ab_0             conda-forge
2025-01-09T18:17:54.8368030Z   referencing                    0.35.1               pyhd8ed1ab_0             conda-forge
2025-01-09T18:17:54.8368330Z   requests                       2.32.3               pyhd8ed1ab_0             conda-forge
2025-01-09T18:17:54.8368640Z   rfc3339-validator              0.1.4                pyhd8ed1ab_0             conda-forge
2025-01-09T18:17:54.8368970Z   rfc3986-validator              0.1.1                pyh9f0ad1d_0             conda-forge
2025-01-09T18:17:54.8369270Z   rpds-py                        0.18.1               py312h552d48e_0          conda-forge
2025-01-09T18:17:54.8369550Z   ruff                           0.4.9                py312h3402d49_0          conda-forge
2025-01-09T18:17:54.8369820Z   scipy                          1.13.1               py312h14ffa8f_0          conda-forge
2025-01-09T18:17:54.8370100Z   send2trash                     1.8.3                pyh31c8845_0             conda-forge
2025-01-09T18:17:54.8370390Z   setuptools                     70.0.0               pyhd8ed1ab_0             conda-forge
2025-01-09T18:17:54.8370700Z   setuptools-scm                 8.1.0                pyhd8ed1ab_0             conda-forge
2025-01-09T18:17:54.8371010Z   setuptools_scm                 8.1.0                hd8ed1ab_0               conda-forge
2025-01-09T18:17:54.8371300Z   six                            1.16.0               pyh6c4a22f_0             conda-forge
2025-01-09T18:17:54.8371580Z   snakeviz                       2.2.0                pyhd8ed1ab_0             conda-forge
2025-01-09T18:17:54.8371860Z   snappy                         1.2.0                hd04f947_1               conda-forge
2025-01-09T18:17:54.8372140Z   sniffio                        1.3.1                pyhd8ed1ab_0             conda-forge
2025-01-09T18:17:54.8372440Z   snowballstemmer                2.2.0                pyhd8ed1ab_0             conda-forge
2025-01-09T18:17:54.8372750Z   soupsieve                      2.5                  pyhd8ed1ab_1             conda-forge
2025-01-09T18:17:54.8373040Z   sphinx                         7.3.7                pyhd8ed1ab_0             conda-forge
2025-01-09T18:17:54.8373340Z   sphinx-astropy                 1.9.1                pyhd8ed1ab_0             conda-forge
2025-01-09T18:17:54.8373670Z   sphinx-automodapi              0.17.0               pyh717bed2_1             conda-forge
2025-01-09T18:17:54.8374010Z   sphinx-gallery                 0.16.0               pyhd8ed1ab_0             conda-forge
2025-01-09T18:17:54.8374450Z   sphinx-jsonschema              1.19.1               pyhd8ed1ab_0             conda-forge
2025-01-09T18:17:54.8374800Z   sphinx_bootstrap_theme         0.8.1                pyhd8ed1ab_0             conda-forge
2025-01-09T18:17:54.8375140Z   sphinx_rtd_theme               2.0.0                pyha770c72_0             conda-forge
2025-01-09T18:17:54.8375470Z   sphinxcontrib-apidoc           0.3.0                py_1                     conda-forge
2025-01-09T18:17:54.8375830Z   sphinxcontrib-applehelp        1.0.8                pyhd8ed1ab_0             conda-forge
2025-01-09T18:17:54.8376340Z   sphinxcontrib-bibtex           2.6.2                pyhd8ed1ab_0             conda-forge
2025-01-09T18:17:54.8376690Z   sphinxcontrib-devhelp          1.0.6                pyhd8ed1ab_0             conda-forge
2025-01-09T18:17:54.8377050Z   sphinxcontrib-htmlhelp         2.0.5                pyhd8ed1ab_0             conda-forge
2025-01-09T18:17:54.8377410Z   sphinxcontrib-jquery           4.1                  pyhd8ed1ab_0             conda-forge
2025-01-09T18:17:54.8377750Z   sphinxcontrib-jsmath           1.0.1                pyhd8ed1ab_0             conda-forge
2025-01-09T18:17:54.8378100Z   sphinxcontrib-qthelp           1.0.7                pyhd8ed1ab_0             conda-forge
2025-01-09T18:17:54.8378480Z   sphinxcontrib-serializinghtml  1.1.10               pyhd8ed1ab_0             conda-forge
2025-01-09T18:17:54.8378840Z   stack_data                     0.6.2                pyhd8ed1ab_0             conda-forge
2025-01-09T18:17:54.8379120Z   sympy                          1.12.1               pypyh2585a3b_103         conda-forge
2025-01-09T18:17:54.8379410Z   tabulate                       0.9.0                pyhd8ed1ab_1             conda-forge
2025-01-09T18:17:54.8379690Z   tenacity                       8.4.1                pyhd8ed1ab_0             conda-forge
2025-01-09T18:17:54.8379980Z   terminado                      0.18.1               pyh31c8845_0             conda-forge
2025-01-09T18:17:54.8380280Z   tinycss2                       1.3.0                pyhd8ed1ab_0             conda-forge
2025-01-09T18:17:54.8380550Z   tk                             8.6.13               h5083fa2_1               conda-forge
2025-01-09T18:17:54.8380810Z   toml                           0.10.2               pyhd8ed1ab_0             conda-forge
2025-01-09T18:17:54.8381090Z   tomli                          2.0.1                pyhd8ed1ab_0             conda-forge
2025-01-09T18:17:54.8381370Z   tornado                        6.4.1                py312h7e5086c_0          conda-forge
2025-01-09T18:17:54.8381640Z   tqdm                           4.66.4               pyhd8ed1ab_0             conda-forge
2025-01-09T18:17:54.8381930Z   traitlets                      5.14.3               pyhd8ed1ab_0             conda-forge
2025-01-09T18:17:54.8382220Z   typed-ast                      1.5.5                py312h02f2b3b_1          conda-forge
2025-01-09T18:17:54.8382550Z   types-python-dateutil          2.9.0.20240316       pyhd8ed1ab_0             conda-forge
2025-01-09T18:17:54.8382910Z   typing-extensions              4.12.2               hd8ed1ab_0               conda-forge
2025-01-09T18:17:54.8383240Z   typing_extensions              4.12.2               pyha770c72_0             conda-forge
2025-01-09T18:17:54.8383550Z   typing_utils                   0.1.0                pyhd8ed1ab_0             conda-forge
2025-01-09T18:17:54.8383850Z   tzdata                         2024a                h0c530f3_0               conda-forge
2025-01-09T18:17:54.8384150Z   uri-template                   1.3.0                pyhd8ed1ab_0             conda-forge
2025-01-09T18:17:54.8384440Z   urllib3                        2.2.2                pyhd8ed1ab_0             conda-forge
2025-01-09T18:17:54.8384730Z   wcwidth                        0.2.13               pyhd8ed1ab_0             conda-forge
2025-01-09T18:17:54.8385020Z   webcolors                      24.6.0               pyhd8ed1ab_0             conda-forge
2025-01-09T18:17:54.8385440Z   webencodings                   0.5.1                pyhd8ed1ab_2             conda-forge
2025-01-09T18:17:54.8385770Z   websocket-client               1.8.0                pyhd8ed1ab_0             conda-forge
2025-01-09T18:17:54.8386080Z   wheel                          0.43.0               pyhd8ed1ab_1             conda-forge
2025-01-09T18:17:54.8386390Z   widgetsnbextension             3.6.6                pyhd8ed1ab_0             conda-forge
2025-01-09T18:17:54.8386710Z   xorg-libxau                    1.0.11               hb547adb_0               conda-forge
2025-01-09T18:17:54.8387020Z   xorg-libxdmcp                  1.1.3                h27ca646_0               conda-forge
2025-01-09T18:17:54.8387410Z   xz                             5.2.6                h57fd34a_0               conda-forge
2025-01-09T18:17:54.8387670Z   yaml                           0.2.5                h3422bc3_2               conda-forge
2025-01-09T18:17:54.8387940Z   zeromq                         4.3.5                hcc0f68c_4               conda-forge
2025-01-09T18:17:54.8388220Z   zipp                           3.19.2               pyhd8ed1ab_0             conda-forge
2025-01-09T18:17:54.8388490Z   zlib                           1.3.1                hfb2fe0b_1               conda-forge
2025-01-09T18:17:54.8388760Z   zlib-ng                        2.0.7                h1a8c8d9_0               conda-forge
2025-01-09T18:17:54.8389150Z   zstd                           1.5.6                hb46c0d2_0               conda-forge
2025-01-09T18:17:54.8389830Z ##[endgroup]
2025-01-09T18:17:54.8459310Z ##[group]Run pip install -e . --user
2025-01-09T18:17:54.8459600Z [36;1mpip install -e . --user[0m
2025-01-09T18:17:55.0956660Z shell: /bin/bash -l {0}
2025-01-09T18:17:55.0956860Z env:
2025-01-09T18:17:55.0956980Z   CACHE_NUMBER: 0
2025-01-09T18:17:55.0957450Z   PYTEST_FLAGS: --tardis-regression-data=/Users/runner/work/tardis/tardis/tardis-regression-data --cov=tardis --cov-report=xml --cov-report=html --cov-append
2025-01-09T18:17:55.0957950Z   CODECOV_TOKEN: 
2025-01-09T18:17:55.0958110Z   MAMBA_ROOT_PREFIX: /Users/runner/micromamba
2025-01-09T18:17:55.0958350Z   MAMBA_EXE: /Users/runner/micromamba-bin/micromamba
2025-01-09T18:17:55.0958620Z   CONDARC: /Users/runner/work/_temp/setup-micromamba/.condarc
2025-01-09T18:17:55.0958850Z ##[endgroup]
2025-01-09T18:17:55.9987930Z Obtaining file:///Users/runner/work/tardis/tardis
2025-01-09T18:17:56.0012700Z   Installing build dependencies: started
2025-01-09T18:17:58.4016800Z   Installing build dependencies: finished with status 'done'
2025-01-09T18:17:58.4023740Z   Checking if build backend supports build_editable: started
2025-01-09T18:17:58.5013610Z   Checking if build backend supports build_editable: finished with status 'done'
2025-01-09T18:17:58.5022220Z   Getting requirements to build editable: started
2025-01-09T18:17:58.9432480Z   Getting requirements to build editable: finished with status 'done'
2025-01-09T18:17:58.9443010Z   Preparing editable metadata (pyproject.toml): started
2025-01-09T18:17:59.3130110Z   Preparing editable metadata (pyproject.toml): finished with status 'done'
2025-01-09T18:17:59.3522790Z Requirement already satisfied: astropy in /Users/runner/micromamba/envs/tardis/lib/python3.12/site-packages (from tardis==0.0.0) (6.1.1)
2025-01-09T18:17:59.3760960Z Requirement already satisfied: numpy>=1.23 in /Users/runner/micromamba/envs/tardis/lib/python3.12/site-packages (from astropy->tardis==0.0.0) (1.26.4)
2025-01-09T18:17:59.3767630Z Requirement already satisfied: pyerfa>=2.0.1.1 in /Users/runner/micromamba/envs/tardis/lib/python3.12/site-packages (from astropy->tardis==0.0.0) (2.0.1.4)
2025-01-09T18:17:59.3773830Z Requirement already satisfied: astropy-iers-data>=0.2024.5.27.0.30.8 in /Users/runner/micromamba/envs/tardis/lib/python3.12/site-packages (from astropy->tardis==0.0.0) (0.2024.6.17.0.31.35)
2025-01-09T18:17:59.3778420Z Requirement already satisfied: PyYAML>=3.13 in /Users/runner/micromamba/envs/tardis/lib/python3.12/site-packages (from astropy->tardis==0.0.0) (6.0.1)
2025-01-09T18:17:59.3783860Z Requirement already satisfied: packaging>=19.0 in /Users/runner/micromamba/envs/tardis/lib/python3.12/site-packages (from astropy->tardis==0.0.0) (24.1)
2025-01-09T18:17:59.3834300Z Building wheels for collected packages: tardis
2025-01-09T18:17:59.3840810Z   Building editable for tardis (pyproject.toml): started
2025-01-09T18:18:00.1434670Z   Building editable for tardis (pyproject.toml): finished with status 'done'
2025-01-09T18:18:00.1444460Z   Created wheel for tardis: filename=tardis-0.0.0-0.editable-py3-none-any.whl size=8878 sha256=48bf73f955e7d7d63208f452a6c0aff228ccfdabf62960bd386af22d4b349949
2025-01-09T18:18:00.1446510Z   Stored in directory: /private/var/folders/ml/x_tvfgn50_s7p67dm1ypcqqm0000gn/T/pip-ephem-wheel-cache-4w48_ale/wheels/bb/4f/6a/0829b918c1c10bc28535ce7f14be21eee54375bdd9cd0c306a
2025-01-09T18:18:00.1474960Z Successfully built tardis
2025-01-09T18:18:00.7288370Z Installing collected packages: tardis
2025-01-09T18:18:00.7360530Z Successfully installed tardis-0.0.0
2025-01-09T18:18:01.0275920Z ##[group]Run pip install qgridnext
2025-01-09T18:18:01.0276310Z [36;1mpip install qgridnext[0m
2025-01-09T18:18:01.0336680Z shell: /bin/bash -l {0}
2025-01-09T18:18:01.0337120Z env:
2025-01-09T18:18:01.0337350Z   CACHE_NUMBER: 0
2025-01-09T18:18:01.0337980Z   PYTEST_FLAGS: --tardis-regression-data=/Users/runner/work/tardis/tardis/tardis-regression-data --cov=tardis --cov-report=xml --cov-report=html --cov-append
2025-01-09T18:18:01.0338570Z   CODECOV_TOKEN: 
2025-01-09T18:18:01.0338880Z   MAMBA_ROOT_PREFIX: /Users/runner/micromamba
2025-01-09T18:18:01.0339250Z   MAMBA_EXE: /Users/runner/micromamba-bin/micromamba
2025-01-09T18:18:01.0339650Z   CONDARC: /Users/runner/work/_temp/setup-micromamba/.condarc
2025-01-09T18:18:01.0340030Z ##[endgroup]
2025-01-09T18:18:01.7798160Z Collecting qgridnext
2025-01-09T18:18:01.8150240Z   Downloading qgridnext-2.0.4-py3-none-any.whl.metadata (9.9 kB)
2025-01-09T18:18:01.8379160Z Requirement already satisfied: pandas>=0.20.0 in /Users/runner/micromamba/envs/tardis/lib/python3.12/site-packages (from qgridnext) (2.2.2)
2025-01-09T18:18:01.8386010Z Requirement already satisfied: ipywidgets>=7.0.0 in /Users/runner/micromamba/envs/tardis/lib/python3.12/site-packages (from qgridnext) (7.8.0)
2025-01-09T18:18:01.8393330Z Requirement already satisfied: numpy in /Users/runner/micromamba/envs/tardis/lib/python3.12/site-packages (from qgridnext) (1.26.4)
2025-01-09T18:18:01.8400210Z Requirement already satisfied: traitlets in /Users/runner/micromamba/envs/tardis/lib/python3.12/site-packages (from qgridnext) (5.14.3)
2025-01-09T18:18:01.8457670Z Requirement already satisfied: comm>=0.1.3 in /Users/runner/micromamba/envs/tardis/lib/python3.12/site-packages (from ipywidgets>=7.0.0->qgridnext) (0.2.2)
2025-01-09T18:18:01.8462910Z Requirement already satisfied: ipython-genutils~=0.2.0 in /Users/runner/micromamba/envs/tardis/lib/python3.12/site-packages (from ipywidgets>=7.0.0->qgridnext) (0.2.0)
2025-01-09T18:18:01.8472700Z Requirement already satisfied: widgetsnbextension~=3.6.5 in /Users/runner/micromamba/envs/tardis/lib/python3.12/site-packages (from ipywidgets>=7.0.0->qgridnext) (3.6.6)
2025-01-09T18:18:01.8483170Z Requirement already satisfied: ipython>=4.0.0 in /Users/runner/micromamba/envs/tardis/lib/python3.12/site-packages (from ipywidgets>=7.0.0->qgridnext) (8.25.0)
2025-01-09T18:18:01.8523000Z Requirement already satisfied: jupyterlab-widgets<3,>=1.0.0 in /Users/runner/micromamba/envs/tardis/lib/python3.12/site-packages (from ipywidgets>=7.0.0->qgridnext) (1.1.7)
2025-01-09T18:18:01.8829200Z Requirement already satisfied: python-dateutil>=2.8.2 in /Users/runner/micromamba/envs/tardis/lib/python3.12/site-packages (from pandas>=0.20.0->qgridnext) (2.9.0)
2025-01-09T18:18:01.8874350Z Requirement already satisfied: pytz>=2020.1 in /Users/runner/micromamba/envs/tardis/lib/python3.12/site-packages (from pandas>=0.20.0->qgridnext) (2024.1)
2025-01-09T18:18:01.8878380Z Requirement already satisfied: tzdata>=2022.7 in /Users/runner/micromamba/envs/tardis/lib/python3.12/site-packages (from pandas>=0.20.0->qgridnext) (2024.1)
2025-01-09T18:18:01.9106820Z Requirement already satisfied: decorator in /Users/runner/micromamba/envs/tardis/lib/python3.12/site-packages (from ipython>=4.0.0->ipywidgets>=7.0.0->qgridnext) (5.1.1)
2025-01-09T18:18:01.9122650Z Requirement already satisfied: jedi>=0.16 in /Users/runner/micromamba/envs/tardis/lib/python3.12/site-packages (from ipython>=4.0.0->ipywidgets>=7.0.0->qgridnext) (0.19.1)
2025-01-09T18:18:01.9128240Z Requirement already satisfied: matplotlib-inline in /Users/runner/micromamba/envs/tardis/lib/python3.12/site-packages (from ipython>=4.0.0->ipywidgets>=7.0.0->qgridnext) (0.1.7)
2025-01-09T18:18:01.9135680Z Requirement already satisfied: prompt-toolkit<3.1.0,>=3.0.41 in /Users/runner/micromamba/envs/tardis/lib/python3.12/site-packages (from ipython>=4.0.0->ipywidgets>=7.0.0->qgridnext) (3.0.47)
2025-01-09T18:18:01.9141990Z Requirement already satisfied: pygments>=2.4.0 in /Users/runner/micromamba/envs/tardis/lib/python3.12/site-packages (from ipython>=4.0.0->ipywidgets>=7.0.0->qgridnext) (2.18.0)
2025-01-09T18:18:01.9148010Z Requirement already satisfied: stack-data in /Users/runner/micromamba/envs/tardis/lib/python3.12/site-packages (from ipython>=4.0.0->ipywidgets>=7.0.0->qgridnext) (0.6.2)
2025-01-09T18:18:01.9189060Z Requirement already satisfied: pexpect>4.3 in /Users/runner/micromamba/envs/tardis/lib/python3.12/site-packages (from ipython>=4.0.0->ipywidgets>=7.0.0->qgridnext) (4.9.0)
2025-01-09T18:18:01.9208160Z Requirement already satisfied: six>=1.5 in /Users/runner/micromamba/envs/tardis/lib/python3.12/site-packages (from python-dateutil>=2.8.2->pandas>=0.20.0->qgridnext) (1.16.0)
2025-01-09T18:18:01.9247300Z Requirement already satisfied: notebook>=4.4.1 in /Users/runner/micromamba/envs/tardis/lib/python3.12/site-packages (from widgetsnbextension~=3.6.5->ipywidgets>=7.0.0->qgridnext) (7.2.1)
2025-01-09T18:18:01.9384620Z Requirement already satisfied: parso<0.9.0,>=0.8.3 in /Users/runner/micromamba/envs/tardis/lib/python3.12/site-packages (from jedi>=0.16->ipython>=4.0.0->ipywidgets>=7.0.0->qgridnext) (0.8.4)
2025-01-09T18:18:01.9586200Z Requirement already satisfied: jupyter-server<3,>=2.4.0 in /Users/runner/micromamba/envs/tardis/lib/python3.12/site-packages (from notebook>=4.4.1->widgetsnbextension~=3.6.5->ipywidgets>=7.0.0->qgridnext) (2.14.1)
2025-01-09T18:18:01.9687250Z Requirement already satisfied: jupyterlab-server<3,>=2.27.1 in /Users/runner/micromamba/envs/tardis/lib/python3.12/site-packages (from notebook>=4.4.1->widgetsnbextension~=3.6.5->ipywidgets>=7.0.0->qgridnext) (2.27.2)
2025-01-09T18:18:01.9788700Z Requirement already satisfied: jupyterlab<4.3,>=4.2.0 in /Users/runner/micromamba/envs/tardis/lib/python3.12/site-packages (from notebook>=4.4.1->widgetsnbextension~=3.6.5->ipywidgets>=7.0.0->qgridnext) (4.2.2)
2025-01-09T18:18:01.9889690Z Requirement already satisfied: notebook-shim<0.3,>=0.2 in /Users/runner/micromamba/envs/tardis/lib/python3.12/site-packages (from notebook>=4.4.1->widgetsnbextension~=3.6.5->ipywidgets>=7.0.0->qgridnext) (0.2.4)
2025-01-09T18:18:01.9991070Z Requirement already satisfied: tornado>=6.2.0 in /Users/runner/micromamba/envs/tardis/lib/python3.12/site-packages (from notebook>=4.4.1->widgetsnbextension~=3.6.5->ipywidgets>=7.0.0->qgridnext) (6.4.1)
2025-01-09T18:18:02.0092180Z Requirement already satisfied: ptyprocess>=0.5 in /Users/runner/micromamba/envs/tardis/lib/python3.12/site-packages (from pexpect>4.3->ipython>=4.0.0->ipywidgets>=7.0.0->qgridnext) (0.7.0)
2025-01-09T18:18:02.0193590Z Requirement already satisfied: wcwidth in /Users/runner/micromamba/envs/tardis/lib/python3.12/site-packages (from prompt-toolkit<3.1.0,>=3.0.41->ipython>=4.0.0->ipywidgets>=7.0.0->qgridnext) (0.2.13)
2025-01-09T18:18:02.0294600Z Requirement already satisfied: executing>=1.2.0 in /Users/runner/micromamba/envs/tardis/lib/python3.12/site-packages (from stack-data->ipython>=4.0.0->ipywidgets>=7.0.0->qgridnext) (2.0.1)
2025-01-09T18:18:02.0396070Z Requirement already satisfied: asttokens>=2.1.0 in /Users/runner/micromamba/envs/tardis/lib/python3.12/site-packages (from stack-data->ipython>=4.0.0->ipywidgets>=7.0.0->qgridnext) (2.4.1)
2025-01-09T18:18:02.0496850Z Requirement already satisfied: pure-eval in /Users/runner/micromamba/envs/tardis/lib/python3.12/site-packages (from stack-data->ipython>=4.0.0->ipywidgets>=7.0.0->qgridnext) (0.2.2)
2025-01-09T18:18:02.0498080Z Requirement already satisfied: anyio>=3.1.0 in /Users/runner/micromamba/envs/tardis/lib/python3.12/site-packages (from jupyter-server<3,>=2.4.0->notebook>=4.4.1->widgetsnbextension~=3.6.5->ipywidgets>=7.0.0->qgridnext) (4.4.0)
2025-01-09T18:18:02.0500210Z Requirement already satisfied: argon2-cffi>=21.1 in /Users/runner/micromamba/envs/tardis/lib/python3.12/site-packages (from jupyter-server<3,>=2.4.0->notebook>=4.4.1->widgetsnbextension~=3.6.5->ipywidgets>=7.0.0->qgridnext) (23.1.0)
2025-01-09T18:18:02.0502000Z Requirement already satisfied: jinja2>=3.0.3 in /Users/runner/micromamba/envs/tardis/lib/python3.12/site-packages (from jupyter-server<3,>=2.4.0->notebook>=4.4.1->widgetsnbextension~=3.6.5->ipywidgets>=7.0.0->qgridnext) (3.1.4)
2025-01-09T18:18:02.0503420Z Requirement already satisfied: jupyter-client>=7.4.4 in /Users/runner/micromamba/envs/tardis/lib/python3.12/site-packages (from jupyter-server<3,>=2.4.0->notebook>=4.4.1->widgetsnbextension~=3.6.5->ipywidgets>=7.0.0->qgridnext) (8.6.2)
2025-01-09T18:18:02.0619240Z Requirement already satisfied: jupyter-core!=5.0.*,>=4.12 in /Users/runner/micromamba/envs/tardis/lib/python3.12/site-packages (from jupyter-server<3,>=2.4.0->notebook>=4.4.1->widgetsnbextension~=3.6.5->ipywidgets>=7.0.0->qgridnext) (5.7.2)
2025-01-09T18:18:02.0721730Z Requirement already satisfied: jupyter-events>=0.9.0 in /Users/runner/micromamba/envs/tardis/lib/python3.12/site-packages (from jupyter-server<3,>=2.4.0->notebook>=4.4.1->widgetsnbextension~=3.6.5->ipywidgets>=7.0.0->qgridnext) (0.10.0)
2025-01-09T18:18:02.0823490Z Requirement already satisfied: jupyter-server-terminals>=0.4.4 in /Users/runner/micromamba/envs/tardis/lib/python3.12/site-packages (from jupyter-server<3,>=2.4.0->notebook>=4.4.1->widgetsnbextension~=3.6.5->ipywidgets>=7.0.0->qgridnext) (0.5.3)
2025-01-09T18:18:02.0924620Z Requirement already satisfied: nbconvert>=6.4.4 in /Users/runner/micromamba/envs/tardis/lib/python3.12/site-packages (from jupyter-server<3,>=2.4.0->notebook>=4.4.1->widgetsnbextension~=3.6.5->ipywidgets>=7.0.0->qgridnext) (7.16.4)
2025-01-09T18:18:02.1025910Z Requirement already satisfied: nbformat>=5.3.0 in /Users/runner/micromamba/envs/tardis/lib/python3.12/site-packages (from jupyter-server<3,>=2.4.0->notebook>=4.4.1->widgetsnbextension~=3.6.5->ipywidgets>=7.0.0->qgridnext) (5.10.4)
2025-01-09T18:18:02.1126970Z Requirement already satisfied: overrides>=5.0 in /Users/runner/micromamba/envs/tardis/lib/python3.12/site-packages (from jupyter-server<3,>=2.4.0->notebook>=4.4.1->widgetsnbextension~=3.6.5->ipywidgets>=7.0.0->qgridnext) (7.7.0)
2025-01-09T18:18:02.1227510Z Requirement already satisfied: packaging>=22.0 in /Users/runner/micromamba/envs/tardis/lib/python3.12/site-packages (from jupyter-server<3,>=2.4.0->notebook>=4.4.1->widgetsnbextension~=3.6.5->ipywidgets>=7.0.0->qgridnext) (24.1)
2025-01-09T18:18:02.1329730Z Requirement already satisfied: prometheus-client>=0.9 in /Users/runner/micromamba/envs/tardis/lib/python3.12/site-packages (from jupyter-server<3,>=2.4.0->notebook>=4.4.1->widgetsnbextension~=3.6.5->ipywidgets>=7.0.0->qgridnext) (0.20.0)
2025-01-09T18:18:02.1430590Z Requirement already satisfied: pyzmq>=24 in /Users/runner/micromamba/envs/tardis/lib/python3.12/site-packages (from jupyter-server<3,>=2.4.0->notebook>=4.4.1->widgetsnbextension~=3.6.5->ipywidgets>=7.0.0->qgridnext) (26.0.3)
2025-01-09T18:18:02.1532240Z Requirement already satisfied: send2trash>=1.8.2 in /Users/runner/micromamba/envs/tardis/lib/python3.12/site-packages (from jupyter-server<3,>=2.4.0->notebook>=4.4.1->widgetsnbextension~=3.6.5->ipywidgets>=7.0.0->qgridnext) (1.8.3)
2025-01-09T18:18:02.1633080Z Requirement already satisfied: terminado>=0.8.3 in /Users/runner/micromamba/envs/tardis/lib/python3.12/site-packages (from jupyter-server<3,>=2.4.0->notebook>=4.4.1->widgetsnbextension~=3.6.5->ipywidgets>=7.0.0->qgridnext) (0.18.1)
2025-01-09T18:18:02.1734630Z Requirement already satisfied: websocket-client>=1.7 in /Users/runner/micromamba/envs/tardis/lib/python3.12/site-packages (from jupyter-server<3,>=2.4.0->notebook>=4.4.1->widgetsnbextension~=3.6.5->ipywidgets>=7.0.0->qgridnext) (1.8.0)
2025-01-09T18:18:02.1835600Z Requirement already satisfied: async-lru>=1.0.0 in /Users/runner/micromamba/envs/tardis/lib/python3.12/site-packages (from jupyterlab<4.3,>=4.2.0->notebook>=4.4.1->widgetsnbextension~=3.6.5->ipywidgets>=7.0.0->qgridnext) (2.0.4)
2025-01-09T18:18:02.1937010Z Requirement already satisfied: httpx>=0.25.0 in /Users/runner/micromamba/envs/tardis/lib/python3.12/site-packages (from jupyterlab<4.3,>=4.2.0->notebook>=4.4.1->widgetsnbextension~=3.6.5->ipywidgets>=7.0.0->qgridnext) (0.27.0)
2025-01-09T18:18:02.2039050Z Requirement already satisfied: ipykernel>=6.5.0 in /Users/runner/micromamba/envs/tardis/lib/python3.12/site-packages (from jupyterlab<4.3,>=4.2.0->notebook>=4.4.1->widgetsnbextension~=3.6.5->ipywidgets>=7.0.0->qgridnext) (6.29.4)
2025-01-09T18:18:02.2139610Z Requirement already satisfied: jupyter-lsp>=2.0.0 in /Users/runner/micromamba/envs/tardis/lib/python3.12/site-packages (from jupyterlab<4.3,>=4.2.0->notebook>=4.4.1->widgetsnbextension~=3.6.5->ipywidgets>=7.0.0->qgridnext) (2.2.5)
2025-01-09T18:18:02.2240200Z Requirement already satisfied: setuptools>=40.1.0 in /Users/runner/micromamba/envs/tardis/lib/python3.12/site-packages (from jupyterlab<4.3,>=4.2.0->notebook>=4.4.1->widgetsnbextension~=3.6.5->ipywidgets>=7.0.0->qgridnext) (70.0.0)
2025-01-09T18:18:02.2343960Z Requirement already satisfied: babel>=2.10 in /Users/runner/micromamba/envs/tardis/lib/python3.12/site-packages (from jupyterlab-server<3,>=2.27.1->notebook>=4.4.1->widgetsnbextension~=3.6.5->ipywidgets>=7.0.0->qgridnext) (2.14.0)
2025-01-09T18:18:02.2446200Z Requirement already satisfied: json5>=0.9.0 in /Users/runner/micromamba/envs/tardis/lib/python3.12/site-packages (from jupyterlab-server<3,>=2.27.1->notebook>=4.4.1->widgetsnbextension~=3.6.5->ipywidgets>=7.0.0->qgridnext) (0.9.25)
2025-01-09T18:18:02.2546520Z Requirement already satisfied: jsonschema>=4.18.0 in /Users/runner/micromamba/envs/tardis/lib/python3.12/site-packages (from jupyterlab-server<3,>=2.27.1->notebook>=4.4.1->widgetsnbextension~=3.6.5->ipywidgets>=7.0.0->qgridnext) (4.22.0)
2025-01-09T18:18:02.2648670Z Requirement already satisfied: requests>=2.31 in /Users/runner/micromamba/envs/tardis/lib/python3.12/site-packages (from jupyterlab-server<3,>=2.27.1->notebook>=4.4.1->widgetsnbextension~=3.6.5->ipywidgets>=7.0.0->qgridnext) (2.32.3)
2025-01-09T18:18:02.2749020Z Requirement already satisfied: idna>=2.8 in /Users/runner/micromamba/envs/tardis/lib/python3.12/site-packages (from anyio>=3.1.0->jupyter-server<3,>=2.4.0->notebook>=4.4.1->widgetsnbextension~=3.6.5->ipywidgets>=7.0.0->qgridnext) (3.7)
2025-01-09T18:18:02.2813020Z Requirement already satisfied: sniffio>=1.1 in /Users/runner/micromamba/envs/tardis/lib/python3.12/site-packages (from anyio>=3.1.0->jupyter-server<3,>=2.4.0->notebook>=4.4.1->widgetsnbextension~=3.6.5->ipywidgets>=7.0.0->qgridnext) (1.3.1)
2025-01-09T18:18:02.2918410Z Requirement already satisfied: argon2-cffi-bindings in /Users/runner/micromamba/envs/tardis/lib/python3.12/site-packages (from argon2-cffi>=21.1->jupyter-server<3,>=2.4.0->notebook>=4.4.1->widgetsnbextension~=3.6.5->ipywidgets>=7.0.0->qgridnext) (21.2.0)
2025-01-09T18:18:02.3021040Z Requirement already satisfied: certifi in /Users/runner/micromamba/envs/tardis/lib/python3.12/site-packages (from httpx>=0.25.0->jupyterlab<4.3,>=4.2.0->notebook>=4.4.1->widgetsnbextension~=3.6.5->ipywidgets>=7.0.0->qgridnext) (2024.6.2)
2025-01-09T18:18:02.3123430Z Requirement already satisfied: httpcore==1.* in /Users/runner/micromamba/envs/tardis/lib/python3.12/site-packages (from httpx>=0.25.0->jupyterlab<4.3,>=4.2.0->notebook>=4.4.1->widgetsnbextension~=3.6.5->ipywidgets>=7.0.0->qgridnext) (1.0.5)
2025-01-09T18:18:02.3226140Z Requirement already satisfied: h11<0.15,>=0.13 in /Users/runner/micromamba/envs/tardis/lib/python3.12/site-packages (from httpcore==1.*->httpx>=0.25.0->jupyterlab<4.3,>=4.2.0->notebook>=4.4.1->widgetsnbextension~=3.6.5->ipywidgets>=7.0.0->qgridnext) (0.14.0)
2025-01-09T18:18:02.3328330Z Requirement already satisfied: appnope in /Users/runner/micromamba/envs/tardis/lib/python3.12/site-packages (from ipykernel>=6.5.0->jupyterlab<4.3,>=4.2.0->notebook>=4.4.1->widgetsnbextension~=3.6.5->ipywidgets>=7.0.0->qgridnext) (0.1.4)
2025-01-09T18:18:02.3431030Z Requirement already satisfied: debugpy>=1.6.5 in /Users/runner/micromamba/envs/tardis/lib/python3.12/site-packages (from ipykernel>=6.5.0->jupyterlab<4.3,>=4.2.0->notebook>=4.4.1->widgetsnbextension~=3.6.5->ipywidgets>=7.0.0->qgridnext) (1.8.1)
2025-01-09T18:18:02.3533590Z Requirement already satisfied: nest-asyncio in /Users/runner/micromamba/envs/tardis/lib/python3.12/site-packages (from ipykernel>=6.5.0->jupyterlab<4.3,>=4.2.0->notebook>=4.4.1->widgetsnbextension~=3.6.5->ipywidgets>=7.0.0->qgridnext) (1.6.0)
2025-01-09T18:18:02.3635860Z Requirement already satisfied: psutil in /Users/runner/micromamba/envs/tardis/lib/python3.12/site-packages (from ipykernel>=6.5.0->jupyterlab<4.3,>=4.2.0->notebook>=4.4.1->widgetsnbextension~=3.6.5->ipywidgets>=7.0.0->qgridnext) (5.9.8)
2025-01-09T18:18:02.3726980Z Requirement already satisfied: MarkupSafe>=2.0 in /Users/runner/micromamba/envs/tardis/lib/python3.12/site-packages (from jinja2>=3.0.3->jupyter-server<3,>=2.4.0->notebook>=4.4.1->widgetsnbextension~=3.6.5->ipywidgets>=7.0.0->qgridnext) (2.1.5)
2025-01-09T18:18:02.3801520Z Requirement already satisfied: attrs>=22.2.0 in /Users/runner/micromamba/envs/tardis/lib/python3.12/site-packages (from jsonschema>=4.18.0->jupyterlab-server<3,>=2.27.1->notebook>=4.4.1->widgetsnbextension~=3.6.5->ipywidgets>=7.0.0->qgridnext) (23.2.0)
2025-01-09T18:18:02.3892400Z Requirement already satisfied: jsonschema-specifications>=2023.03.6 in /Users/runner/micromamba/envs/tardis/lib/python3.12/site-packages (from jsonschema>=4.18.0->jupyterlab-server<3,>=2.27.1->notebook>=4.4.1->widgetsnbextension~=3.6.5->ipywidgets>=7.0.0->qgridnext) (2023.12.1)
2025-01-09T18:18:02.3972050Z Requirement already satisfied: referencing>=0.28.4 in /Users/runner/micromamba/envs/tardis/lib/python3.12/site-packages (from jsonschema>=4.18.0->jupyterlab-server<3,>=2.27.1->notebook>=4.4.1->widgetsnbextension~=3.6.5->ipywidgets>=7.0.0->qgridnext) (0.35.1)
2025-01-09T18:18:02.4044870Z Requirement already satisfied: rpds-py>=0.7.1 in /Users/runner/micromamba/envs/tardis/lib/python3.12/site-packages (from jsonschema>=4.18.0->jupyterlab-server<3,>=2.27.1->notebook>=4.4.1->widgetsnbextension~=3.6.5->ipywidgets>=7.0.0->qgridnext) (0.18.1)
2025-01-09T18:18:02.4115120Z Requirement already satisfied: platformdirs>=2.5 in /Users/runner/micromamba/envs/tardis/lib/python3.12/site-packages (from jupyter-core!=5.0.*,>=4.12->jupyter-server<3,>=2.4.0->notebook>=4.4.1->widgetsnbextension~=3.6.5->ipywidgets>=7.0.0->qgridnext) (4.2.2)
2025-01-09T18:18:02.4185190Z Requirement already satisfied: python-json-logger>=2.0.4 in /Users/runner/micromamba/envs/tardis/lib/python3.12/site-packages (from jupyter-events>=0.9.0->jupyter-server<3,>=2.4.0->notebook>=4.4.1->widgetsnbextension~=3.6.5->ipywidgets>=7.0.0->qgridnext) (2.0.7)
2025-01-09T18:18:02.4255410Z Requirement already satisfied: pyyaml>=5.3 in /Users/runner/micromamba/envs/tardis/lib/python3.12/site-packages (from jupyter-events>=0.9.0->jupyter-server<3,>=2.4.0->notebook>=4.4.1->widgetsnbextension~=3.6.5->ipywidgets>=7.0.0->qgridnext) (6.0.1)
2025-01-09T18:18:02.4320670Z Requirement already satisfied: rfc3339-validator in /Users/runner/micromamba/envs/tardis/lib/python3.12/site-packages (from jupyter-events>=0.9.0->jupyter-server<3,>=2.4.0->notebook>=4.4.1->widgetsnbextension~=3.6.5->ipywidgets>=7.0.0->qgridnext) (0.1.4)
2025-01-09T18:18:02.4372140Z Requirement already satisfied: rfc3986-validator>=0.1.1 in /Users/runner/micromamba/envs/tardis/lib/python3.12/site-packages (from jupyter-events>=0.9.0->jupyter-server<3,>=2.4.0->notebook>=4.4.1->widgetsnbextension~=3.6.5->ipywidgets>=7.0.0->qgridnext) (0.1.1)
2025-01-09T18:18:02.4445190Z Requirement already satisfied: beautifulsoup4 in /Users/runner/micromamba/envs/tardis/lib/python3.12/site-packages (from nbconvert>=6.4.4->jupyter-server<3,>=2.4.0->notebook>=4.4.1->widgetsnbextension~=3.6.5->ipywidgets>=7.0.0->qgridnext) (4.12.3)
2025-01-09T18:18:02.4494040Z Requirement already satisfied: bleach!=5.0.0 in /Users/runner/micromamba/envs/tardis/lib/python3.12/site-packages (from nbconvert>=6.4.4->jupyter-server<3,>=2.4.0->notebook>=4.4.1->widgetsnbextension~=3.6.5->ipywidgets>=7.0.0->qgridnext) (6.1.0)
2025-01-09T18:18:02.4550670Z Requirement already satisfied: defusedxml in /Users/runner/micromamba/envs/tardis/lib/python3.12/site-packages (from nbconvert>=6.4.4->jupyter-server<3,>=2.4.0->notebook>=4.4.1->widgetsnbextension~=3.6.5->ipywidgets>=7.0.0->qgridnext) (0.7.1)
2025-01-09T18:18:02.4582730Z Requirement already satisfied: jupyterlab-pygments in /Users/runner/micromamba/envs/tardis/lib/python3.12/site-packages (from nbconvert>=6.4.4->jupyter-server<3,>=2.4.0->notebook>=4.4.1->widgetsnbextension~=3.6.5->ipywidgets>=7.0.0->qgridnext) (0.3.0)
2025-01-09T18:18:02.4615650Z Requirement already satisfied: mistune<4,>=2.0.3 in /Users/runner/micromamba/envs/tardis/lib/python3.12/site-packages (from nbconvert>=6.4.4->jupyter-server<3,>=2.4.0->notebook>=4.4.1->widgetsnbextension~=3.6.5->ipywidgets>=7.0.0->qgridnext) (3.0.2)
2025-01-09T18:18:02.4660490Z Requirement already satisfied: nbclient>=0.5.0 in /Users/runner/micromamba/envs/tardis/lib/python3.12/site-packages (from nbconvert>=6.4.4->jupyter-server<3,>=2.4.0->notebook>=4.4.1->widgetsnbextension~=3.6.5->ipywidgets>=7.0.0->qgridnext) (0.10.0)
2025-01-09T18:18:02.4709220Z Requirement already satisfied: pandocfilters>=1.4.1 in /Users/runner/micromamba/envs/tardis/lib/python3.12/site-packages (from nbconvert>=6.4.4->jupyter-server<3,>=2.4.0->notebook>=4.4.1->widgetsnbextension~=3.6.5->ipywidgets>=7.0.0->qgridnext) (1.5.0)
2025-01-09T18:18:02.4739720Z Requirement already satisfied: tinycss2 in /Users/runner/micromamba/envs/tardis/lib/python3.12/site-packages (from nbconvert>=6.4.4->jupyter-server<3,>=2.4.0->notebook>=4.4.1->widgetsnbextension~=3.6.5->ipywidgets>=7.0.0->qgridnext) (1.3.0)
2025-01-09T18:18:02.4790950Z Requirement already satisfied: fastjsonschema>=2.15 in /Users/runner/micromamba/envs/tardis/lib/python3.12/site-packages (from nbformat>=5.3.0->jupyter-server<3,>=2.4.0->notebook>=4.4.1->widgetsnbextension~=3.6.5->ipywidgets>=7.0.0->qgridnext) (2.20.0)
2025-01-09T18:18:02.4827440Z Requirement already satisfied: charset-normalizer<4,>=2 in /Users/runner/micromamba/envs/tardis/lib/python3.12/site-packages (from requests>=2.31->jupyterlab-server<3,>=2.27.1->notebook>=4.4.1->widgetsnbextension~=3.6.5->ipywidgets>=7.0.0->qgridnext) (3.3.2)
2025-01-09T18:18:02.4876260Z Requirement already satisfied: urllib3<3,>=1.21.1 in /Users/runner/micromamba/envs/tardis/lib/python3.12/site-packages (from requests>=2.31->jupyterlab-server<3,>=2.27.1->notebook>=4.4.1->widgetsnbextension~=3.6.5->ipywidgets>=7.0.0->qgridnext) (2.2.2)
2025-01-09T18:18:02.4879100Z Requirement already satisfied: webencodings in /Users/runner/micromamba/envs/tardis/lib/python3.12/site-packages (from bleach!=5.0.0->nbconvert>=6.4.4->jupyter-server<3,>=2.4.0->notebook>=4.4.1->widgetsnbextension~=3.6.5->ipywidgets>=7.0.0->qgridnext) (0.5.1)
2025-01-09T18:18:02.4881880Z Requirement already satisfied: fqdn in /Users/runner/micromamba/envs/tardis/lib/python3.12/site-packages (from jsonschema[format-nongpl]>=4.18.0->jupyter-events>=0.9.0->jupyter-server<3,>=2.4.0->notebook>=4.4.1->widgetsnbextension~=3.6.5->ipywidgets>=7.0.0->qgridnext) (1.5.1)
2025-01-09T18:18:02.4883810Z Requirement already satisfied: isoduration in /Users/runner/micromamba/envs/tardis/lib/python3.12/site-packages (from jsonschema[format-nongpl]>=4.18.0->jupyter-events>=0.9.0->jupyter-server<3,>=2.4.0->notebook>=4.4.1->widgetsnbextension~=3.6.5->ipywidgets>=7.0.0->qgridnext) (20.11.0)
2025-01-09T18:18:02.4938260Z Requirement already satisfied: jsonpointer>1.13 in /Users/runner/micromamba/envs/tardis/lib/python3.12/site-packages (from jsonschema[format-nongpl]>=4.18.0->jupyter-events>=0.9.0->jupyter-server<3,>=2.4.0->notebook>=4.4.1->widgetsnbextension~=3.6.5->ipywidgets>=7.0.0->qgridnext) (3.0.0)
2025-01-09T18:18:02.4982620Z Requirement already satisfied: uri-template in /Users/runner/micromamba/envs/tardis/lib/python3.12/site-packages (from jsonschema[format-nongpl]>=4.18.0->jupyter-events>=0.9.0->jupyter-server<3,>=2.4.0->notebook>=4.4.1->widgetsnbextension~=3.6.5->ipywidgets>=7.0.0->qgridnext) (1.3.0)
2025-01-09T18:18:02.4987820Z Requirement already satisfied: webcolors>=1.11 in /Users/runner/micromamba/envs/tardis/lib/python3.12/site-packages (from jsonschema[format-nongpl]>=4.18.0->jupyter-events>=0.9.0->jupyter-server<3,>=2.4.0->notebook>=4.4.1->widgetsnbextension~=3.6.5->ipywidgets>=7.0.0->qgridnext) (24.6.0)
2025-01-09T18:18:02.4991760Z Requirement already satisfied: cffi>=1.0.1 in /Users/runner/micromamba/envs/tardis/lib/python3.12/site-packages (from argon2-cffi-bindings->argon2-cffi>=21.1->jupyter-server<3,>=2.4.0->notebook>=4.4.1->widgetsnbextension~=3.6.5->ipywidgets>=7.0.0->qgridnext) (1.16.0)
2025-01-09T18:18:02.5009670Z Requirement already satisfied: soupsieve>1.2 in /Users/runner/micromamba/envs/tardis/lib/python3.12/site-packages (from beautifulsoup4->nbconvert>=6.4.4->jupyter-server<3,>=2.4.0->notebook>=4.4.1->widgetsnbextension~=3.6.5->ipywidgets>=7.0.0->qgridnext) (2.5)
2025-01-09T18:18:02.5013300Z Requirement already satisfied: pycparser in /Users/runner/micromamba/envs/tardis/lib/python3.12/site-packages (from cffi>=1.0.1->argon2-cffi-bindings->argon2-cffi>=21.1->jupyter-server<3,>=2.4.0->notebook>=4.4.1->widgetsnbextension~=3.6.5->ipywidgets>=7.0.0->qgridnext) (2.22)
2025-01-09T18:18:02.5318420Z Requirement already satisfied: arrow>=0.15.0 in /Users/runner/micromamba/envs/tardis/lib/python3.12/site-packages (from isoduration->jsonschema[format-nongpl]>=4.18.0->jupyter-events>=0.9.0->jupyter-server<3,>=2.4.0->notebook>=4.4.1->widgetsnbextension~=3.6.5->ipywidgets>=7.0.0->qgridnext) (1.3.0)
2025-01-09T18:18:02.5605050Z Requirement already satisfied: types-python-dateutil>=2.8.10 in /Users/runner/micromamba/envs/tardis/lib/python3.12/site-packages (from arrow>=0.15.0->isoduration->jsonschema[format-nongpl]>=4.18.0->jupyter-events>=0.9.0->jupyter-server<3,>=2.4.0->notebook>=4.4.1->widgetsnbextension~=3.6.5->ipywidgets>=7.0.0->qgridnext) (2.9.0.20240316)
2025-01-09T18:18:02.5899130Z Downloading qgridnext-2.0.4-py3-none-any.whl (1.3 MB)
2025-01-09T18:18:02.6384540Z    â”â”â”â”â”â”â”â”â”â”â”â”â”â”â”â”â”â”â”â”â”â”â”â”â”â”â”â”â”â”â”â”â”â”â”â”â”â”â”â” 1.3/1.3 MB 26.9 MB/s eta 0:00:00
2025-01-09T18:18:03.1858890Z Installing collected packages: qgridnext
2025-01-09T18:18:03.2310650Z Successfully installed qgridnext-2.0.4
2025-01-09T18:18:03.4565980Z ##[group]Run pytest tardis --tardis-regression-data=/Users/runner/work/tardis/tardis/tardis-regression-data --cov=tardis --cov-report=xml --cov-report=html --cov-append -m " continuum"
2025-01-09T18:18:03.4566950Z [36;1mpytest tardis --tardis-regression-data=/Users/runner/work/tardis/tardis/tardis-regression-data --cov=tardis --cov-report=xml --cov-report=html --cov-append -m " continuum"[0m
2025-01-09T18:18:03.4629870Z shell: /bin/bash -l {0}
2025-01-09T18:18:03.4630090Z env:
2025-01-09T18:18:03.4630250Z   CACHE_NUMBER: 0
2025-01-09T18:18:03.4630810Z   PYTEST_FLAGS: --tardis-regression-data=/Users/runner/work/tardis/tardis/tardis-regression-data --cov=tardis --cov-report=xml --cov-report=html --cov-append
2025-01-09T18:18:03.4631380Z   CODECOV_TOKEN: 
2025-01-09T18:18:03.4631590Z   MAMBA_ROOT_PREFIX: /Users/runner/micromamba
2025-01-09T18:18:03.4631870Z   MAMBA_EXE: /Users/runner/micromamba-bin/micromamba
2025-01-09T18:18:03.4632300Z   CONDARC: /Users/runner/work/_temp/setup-micromamba/.condarc
2025-01-09T18:18:03.4632550Z ##[endgroup]
2025-01-09T18:18:14.8286260Z ============================= test session starts ==============================
2025-01-09T18:18:14.8287770Z platform darwin -- Python 3.12.4, pytest-8.2.2, pluggy-1.5.0
2025-01-09T18:18:14.8291460Z rootdir: /Users/runner/work/tardis/tardis
2025-01-09T18:18:14.8297040Z configfile: pyproject.toml
2025-01-09T18:18:14.8303170Z plugins: cov-5.0.0, html-4.1.1, metadata-3.1.1, doctestplus-1.2.1, anyio-4.4.0
2025-01-09T18:18:14.8303700Z collected 1796 items / 1794 deselected / 2 selected
2025-01-09T18:18:14.8304200Z 
2025-01-09T18:18:41.0999210Z tardis/transport/montecarlo/estimators/tests/test_continuum_property_solver.py F [ 50%]
2025-01-09T18:18:41.1100970Z                                                                          [ 50%]
2025-01-09T18:19:06.4725530Z tardis/transport/montecarlo/tests/test_continuum.py F                    [100%]
2025-01-09T18:19:06.4726000Z 
2025-01-09T18:19:06.4726500Z =================================== FAILURES ===================================
2025-01-09T18:19:06.4727180Z __________________________ test_continuum_estimators ___________________________
2025-01-09T18:19:06.4727560Z 
2025-01-09T18:19:06.4728550Z continuum_config = {'tardis_config_version': 'v1.0', 'supernova': {'luminosity_requested': <Quantity 4.31528298e+42 erg / s>, 'time_explo...': 10.0, 'survival_probability': 0.0, 'enable_biasing': False, 'virtual_packet_logging': False}}, 'config_dirname': ''}
2025-01-09T18:19:06.4729550Z nlte_atomic_dataset = <Atomic Data UUID=None MD5=None Lines=69056 Levels=26012>
2025-01-09T18:19:06.4729840Z 
2025-01-09T18:19:06.4729940Z     @pytest.mark.continuum
2025-01-09T18:19:06.4730210Z     def test_continuum_estimators(
2025-01-09T18:19:06.4730610Z         continuum_config,
2025-01-09T18:19:06.4730840Z         nlte_atomic_dataset,
2025-01-09T18:19:06.4731060Z     ):
2025-01-09T18:19:06.4774350Z         nlte_atomic_dataset = deepcopy(nlte_atomic_dataset)
2025-01-09T18:19:06.4774960Z         continuum_simulation = Simulation.from_config(
2025-01-09T18:19:06.4775310Z             continuum_config,
2025-01-09T18:19:06.4775730Z             atom_data=nlte_atomic_dataset,
2025-01-09T18:19:06.4776030Z             virtual_packet_logging=False,
2025-01-09T18:19:06.4776450Z         )
2025-01-09T18:19:06.4776750Z         # continuum_simulation.run_convergence()
2025-01-09T18:19:06.4777140Z         continuum_properties_solver_dilute_bb = (
2025-01-09T18:19:06.4777520Z             DiluteBlackBodyContinuumPropertiesSolver(
2025-01-09T18:19:06.4778010Z                 continuum_simulation.plasma.atomic_data
2025-01-09T18:19:06.4778350Z             )
2025-01-09T18:19:06.4778660Z         )
2025-01-09T18:19:06.4778860Z     
2025-01-09T18:19:06.4779150Z         continuum_properties_dilute_bb = (
2025-01-09T18:19:06.4779480Z             continuum_properties_solver_dilute_bb.solve(
2025-01-09T18:19:06.4779900Z                 continuum_simulation.simulation_state.radiation_field_state,
2025-01-09T18:19:06.4781730Z                 continuum_simulation.plasma.t_electrons,
2025-01-09T18:19:06.4782210Z             )
2025-01-09T18:19:06.4782440Z         )
2025-01-09T18:19:06.4782710Z     
2025-01-09T18:19:06.4782980Z         continuum_plasma = continuum_simulation.plasma
2025-01-09T18:19:06.4783300Z     
2025-01-09T18:19:06.4783570Z         pdt.assert_frame_equal(
2025-01-09T18:19:06.4784050Z             continuum_properties_dilute_bb.photo_ionization_rate_coefficient,
2025-01-09T18:19:06.4784440Z             continuum_simulation.plasma.gamma,
2025-01-09T18:19:06.4784840Z         )
2025-01-09T18:19:06.4785090Z         stimulated_recomb_rate_coeff = (
2025-01-09T18:19:06.4785620Z             continuum_properties_dilute_bb.stimulated_recombination_rate_factor
2025-01-09T18:19:06.4786060Z             * continuum_plasma.phi_ik.loc[
2025-01-09T18:19:06.4786460Z                 continuum_properties_dilute_bb.stimulated_recombination_rate_factor.index
2025-01-09T18:19:06.4788200Z             ]
2025-01-09T18:19:06.4789130Z         )
2025-01-09T18:19:06.4789980Z         pdt.assert_frame_equal(
2025-01-09T18:19:06.4792460Z             stimulated_recomb_rate_coeff, continuum_plasma.alpha_stim
2025-01-09T18:19:06.4792890Z         )
2025-01-09T18:19:06.4793210Z     
2025-01-09T18:19:06.4793440Z >       continuum_simulation.run_final()
2025-01-09T18:19:06.4793680Z 
2025-01-09T18:19:06.4793990Z tardis/transport/montecarlo/estimators/tests/test_continuum_property_solver.py:54: 
2025-01-09T18:19:06.4794440Z _ _ _ _ _ _ _ _ _ _ _ _ _ _ _ _ _ _ _ _ _ _ _ _ _ _ _ _ _ _ _ _ _ _ _ _ _ _ _ _ 
2025-01-09T18:19:06.4794870Z tardis/simulation/base.py:558: in run_final
2025-01-09T18:19:06.4795270Z     emitted_luminosity, v_packets_energy_hist = self.iterate(
2025-01-09T18:19:06.4795740Z tardis/simulation/base.py:462: in iterate
2025-01-09T18:19:06.4796680Z     transport_state = self.transport.initialize_transport_state(
2025-01-09T18:19:06.4797190Z _ _ _ _ _ _ _ _ _ _ _ _ _ _ _ _ _ _ _ _ _ _ _ _ _ _ _ _ _ _ _ _ _ _ _ _ _ _ _ _ 
2025-01-09T18:19:06.4797430Z 
2025-01-09T18:19:06.4797770Z self = <tardis.transport.montecarlo.base.MonteCarloTransportSolver object at 0x1390a3fe0>
2025-01-09T18:19:06.4798300Z simulation_state = <tardis.model.base.SimulationState object at 0x11bcf62d0>
2025-01-09T18:19:06.4798880Z opacity_state = <tardis.opacities.opacity_state.OpacityState object at 0x12ab229c0>
2025-01-09T18:19:06.4799500Z macro_atom_state = <tardis.opacities.macro_atom.macroatom_state.MacroAtomState object at 0x13907c890>
2025-01-09T18:19:06.4800100Z plasma = <tardis.plasma.base.BasePlasma object at 0x11b19dfa0>
2025-01-09T18:19:06.4800630Z no_of_packets = 1000, no_of_virtual_packets = 0, iteration = 0
2025-01-09T18:19:06.4800840Z 
2025-01-09T18:19:06.4801000Z     def initialize_transport_state(
2025-01-09T18:19:06.4801340Z         self,
2025-01-09T18:19:06.4801560Z         simulation_state,
2025-01-09T18:19:06.4801880Z         opacity_state,
2025-01-09T18:19:06.4802100Z         macro_atom_state,
2025-01-09T18:19:06.4802440Z         plasma,
2025-01-09T18:19:06.4802650Z         no_of_packets,
2025-01-09T18:19:06.4802980Z         no_of_virtual_packets=0,
2025-01-09T18:19:06.4803220Z         iteration=0,
2025-01-09T18:19:06.4803550Z     ):
2025-01-09T18:19:06.4803800Z         if not plasma.continuum_interaction_species.empty:
2025-01-09T18:19:06.4804210Z             gamma_shape = plasma.gamma.shape
2025-01-09T18:19:06.4804460Z         else:
2025-01-09T18:19:06.4804680Z             gamma_shape = (0, 0)
2025-01-09T18:19:06.4804900Z     
2025-01-09T18:19:06.4805240Z         packet_collection = self.packet_source.create_packets(
2025-01-09T18:19:06.4805560Z             no_of_packets, seed_offset=iteration
2025-01-09T18:19:06.4805890Z         )
2025-01-09T18:19:06.4806310Z     
2025-01-09T18:19:06.4807690Z         geometry_state = simulation_state.geometry.to_numba()
2025-01-09T18:19:06.4808080Z >       opacity_state_instance = OpacityState()
2025-01-09T18:19:06.4809380Z E       TypeError: OpacityState.__init__() missing 6 required positional arguments: 'electron_density', 't_electrons', 'line_list_nu', 'tau_sobolev', 'beta_sobolev', and 'continuum_state'
2025-01-09T18:19:06.4809950Z 
2025-01-09T18:19:06.4810060Z tardis/transport/montecarlo/base.py:117: TypeError
2025-01-09T18:19:06.4810480Z ----------------------------- Captured stdout call -----------------------------
2025-01-09T18:19:06.4812520Z [[1mtardis.io.model.parse_density_configuration[0m][[1;33mWARNING[0m]  
2025-01-09T18:19:06.4813140Z 	Number of density points larger than number of shells. Assuming inner point irrelevant ([1mparse_density_configuration.py[0m:114)
2025-01-09T18:19:06.4813670Z ----------------------------- Captured stderr call -----------------------------
2025-01-09T18:19:06.4814070Z OMP: Info #276: omp_set_nested routine deprecated, please use omp_set_max_active_levels instead.
2025-01-09T18:19:06.4814650Z ------------------------------ Captured log call -------------------------------
2025-01-09T18:19:06.4815360Z WARNING  tardis.io.model.parse_density_configuration:parse_density_configuration.py:114 Number of density points larger than number of shells. Assuming inner point irrelevant
2025-01-09T18:19:06.4816010Z __________________________ test_montecarlo_continuum ___________________________
2025-01-09T18:19:06.4816360Z 
2025-01-09T18:19:06.4816880Z continuum_config = {'tardis_config_version': 'v1.0', 'supernova': {'luminosity_requested': <Quantity 4.31528298e+42 erg / s>, 'time_explo...': 10.0, 'survival_probability': 0.0, 'enable_biasing': False, 'virtual_packet_logging': False}}, 'config_dirname': ''}
2025-01-09T18:19:06.4817900Z regression_data = <tardis.tests.fixtures.regression_data.RegressionData object at 0x12ac4b6e0>
2025-01-09T18:19:06.4818340Z nlte_atomic_dataset = <Atomic Data UUID=None MD5=None Lines=69056 Levels=26012>
2025-01-09T18:19:06.4818800Z 
2025-01-09T18:19:06.4818960Z     @pytest.mark.continuum
2025-01-09T18:19:06.4821290Z     def test_montecarlo_continuum(
2025-01-09T18:19:06.4821600Z         continuum_config,
2025-01-09T18:19:06.4821880Z         regression_data,
2025-01-09T18:19:06.4822130Z         nlte_atomic_dataset,
2025-01-09T18:19:06.4822470Z     ):
2025-01-09T18:19:06.4822770Z         nlte_atomic_dataset = deepcopy(nlte_atomic_dataset)
2025-01-09T18:19:06.4823260Z         continuum_simulation = Simulation.from_config(
2025-01-09T18:19:06.4823580Z             continuum_config,
2025-01-09T18:19:06.4823940Z             atom_data=nlte_atomic_dataset,
2025-01-09T18:19:06.4824260Z             virtual_packet_logging=False,
2025-01-09T18:19:06.4824660Z         )
2025-01-09T18:19:06.4824940Z         # continuum_simulation.run_convergence()
2025-01-09T18:19:06.4825330Z     
2025-01-09T18:19:06.4825540Z >       continuum_simulation.run_final()
2025-01-09T18:19:06.4825790Z 
2025-01-09T18:19:06.4826020Z tardis/transport/montecarlo/tests/test_continuum.py:23: 
2025-01-09T18:19:06.4826440Z _ _ _ _ _ _ _ _ _ _ _ _ _ _ _ _ _ _ _ _ _ _ _ _ _ _ _ _ _ _ _ _ _ _ _ _ _ _ _ _ 
2025-01-09T18:19:06.4826790Z tardis/simulation/base.py:558: in run_final
2025-01-09T18:19:06.4827050Z     emitted_luminosity, v_packets_energy_hist = self.iterate(
2025-01-09T18:19:06.4827470Z tardis/simulation/base.py:462: in iterate
2025-01-09T18:19:06.4827820Z     transport_state = self.transport.initialize_transport_state(
2025-01-09T18:19:06.4828130Z _ _ _ _ _ _ _ _ _ _ _ _ _ _ _ _ _ _ _ _ _ _ _ _ _ _ _ _ _ _ _ _ _ _ _ _ _ _ _ _ 
2025-01-09T18:19:06.4828420Z 
2025-01-09T18:19:06.4828640Z self = <tardis.transport.montecarlo.base.MonteCarloTransportSolver object at 0x16b34e1e0>
2025-01-09T18:19:06.4829090Z simulation_state = <tardis.model.base.SimulationState object at 0x139057f50>
2025-01-09T18:19:06.4829560Z opacity_state = <tardis.opacities.opacity_state.OpacityState object at 0x16b34db80>
2025-01-09T18:19:06.4837290Z macro_atom_state = <tardis.opacities.macro_atom.macroatom_state.MacroAtomState object at 0x16b34c6b0>
2025-01-09T18:19:06.4837980Z plasma = <tardis.plasma.base.BasePlasma object at 0x11dc0d970>
2025-01-09T18:19:06.4838350Z no_of_packets = 1000, no_of_virtual_packets = 0, iteration = 0
2025-01-09T18:19:06.4838920Z 
2025-01-09T18:19:06.4839080Z     def initialize_transport_state(
2025-01-09T18:19:06.4839270Z         self,
2025-01-09T18:19:06.4839550Z         simulation_state,
2025-01-09T18:19:06.4839820Z         opacity_state,
2025-01-09T18:19:06.4840090Z         macro_atom_state,
2025-01-09T18:19:06.4840250Z         plasma,
2025-01-09T18:19:06.4840460Z         no_of_packets,
2025-01-09T18:19:06.4840690Z         no_of_virtual_packets=0,
2025-01-09T18:19:06.4840950Z         iteration=0,
2025-01-09T18:19:06.4841160Z     ):
2025-01-09T18:19:06.4841490Z         if not plasma.continuum_interaction_species.empty:
2025-01-09T18:19:06.4841800Z             gamma_shape = plasma.gamma.shape
2025-01-09T18:19:06.4842620Z         else:
2025-01-09T18:19:06.4842900Z             gamma_shape = (0, 0)
2025-01-09T18:19:06.4843240Z     
2025-01-09T18:19:06.4843510Z         packet_collection = self.packet_source.create_packets(
2025-01-09T18:19:06.4843850Z             no_of_packets, seed_offset=iteration
2025-01-09T18:19:06.4844220Z         )
2025-01-09T18:19:06.4844440Z     
2025-01-09T18:19:06.4844810Z         geometry_state = simulation_state.geometry.to_numba()
2025-01-09T18:19:06.4845150Z >       opacity_state_instance = OpacityState()
2025-01-09T18:19:06.4860770Z E       TypeError: OpacityState.__init__() missing 6 required positional arguments: 'electron_density', 't_electrons', 'line_list_nu', 'tau_sobolev', 'beta_sobolev', and 'continuum_state'
2025-01-09T18:19:06.4866350Z 
2025-01-09T18:19:06.4867280Z tardis/transport/montecarlo/base.py:117: TypeError
2025-01-09T18:19:06.4875330Z ----------------------------- Captured stdout call -----------------------------
2025-01-09T18:19:06.4875920Z [[1mtardis.io.model.parse_density_configuration[0m][[1;33mWARNING[0m]  
2025-01-09T18:19:06.4877170Z 	Number of density points larger than number of shells. Assuming inner point irrelevant ([1mparse_density_configuration.py[0m:114)
2025-01-09T18:19:06.4877810Z ------------------------------ Captured log call -------------------------------
2025-01-09T18:19:06.4878490Z WARNING  tardis.io.model.parse_density_configuration:parse_density_configuration.py:114 Number of density points larger than number of shells. Assuming inner point irrelevant
2025-01-09T18:19:06.4879210Z =============================== warnings summary ===============================
2025-01-09T18:19:06.4888940Z tardis/io/configuration/config_validator.py:6
2025-01-09T18:19:06.4889320Z tardis/io/configuration/config_validator.py:6
2025-01-09T18:19:06.4889730Z   /Users/runner/work/tardis/tardis/tardis/io/configuration/config_validator.py:6: DeprecationWarning:
2025-01-09T18:19:06.4890240Z   
2025-01-09T18:19:06.4891420Z   jsonschema.RefResolver is deprecated as of v4.18.0, in favor of the https://github.com/python-jsonschema/referencing library, which provides more compliant referencing behavior as well as more flexible APIs for customization. A future release will remove RefResolver. Please file a feature request (on referencing) if you are missing an API for the kind of customization you need.
2025-01-09T18:19:06.4940340Z 
2025-01-09T18:19:06.4940660Z ../../../micromamba/envs/tardis/lib/python3.12/site-packages/jupyter_client/connect.py:22
2025-01-09T18:19:06.4941300Z   /Users/runner/micromamba/envs/tardis/lib/python3.12/site-packages/jupyter_client/connect.py:22: DeprecationWarning:
2025-01-09T18:19:06.4941860Z   
2025-01-09T18:19:06.4942160Z   Jupyter is migrating its paths to use standard platformdirs
2025-01-09T18:19:06.4942530Z   given by the platformdirs library.  To remove this warning and
2025-01-09T18:19:06.4942970Z   see the appropriate new directories, set the environment variable
2025-01-09T18:19:06.4943430Z   `JUPYTER_PLATFORM_DIRS=1` and then run `jupyter --paths`.
2025-01-09T18:19:06.4943740Z   The use of platformdirs will be the default in `jupyter_core` v6
2025-01-09T18:19:06.4943950Z 
2025-01-09T18:19:06.4944160Z -- Docs: https://docs.pytest.org/en/stable/how-to/capture-warnings.html
2025-01-09T18:19:06.4944460Z 
2025-01-09T18:19:06.4945040Z ---------- coverage: platform darwin, python 3.12.4-final-0 ----------
2025-01-09T18:19:06.4945400Z Coverage HTML written to dir coverage_html_report
2025-01-09T18:19:06.4945720Z Coverage XML written to file coverage.xml
2025-01-09T18:19:06.4945860Z 
2025-01-09T18:19:06.4945990Z =========================== short test summary info ============================
2025-01-09T18:19:06.4961380Z FAILED tardis/transport/montecarlo/estimators/tests/test_continuum_property_solver.py::test_continuum_estimators - TypeError: OpacityState.__init__() missing 6 required positional arguments: 'electron_density', 't_electrons', 'line_list_nu', 'tau_sobolev', 'beta_sobolev', and 'continuum_state'
2025-01-09T18:19:06.4962840Z FAILED tardis/transport/montecarlo/tests/test_continuum.py::test_montecarlo_continuum - TypeError: OpacityState.__init__() missing 6 required positional arguments: 'electron_density', 't_electrons', 'line_list_nu', 'tau_sobolev', 'beta_sobolev', and 'continuum_state'
2025-01-09T18:19:06.4963760Z =============== 2 failed, 1794 deselected, 3 warnings in 52.89s ================
2025-01-09T18:19:07.7914580Z ##[error]Process completed with exit code 1.
2025-01-09T18:19:07.8240480Z Post job cleanup.
2025-01-09T18:19:07.8305750Z Post job cleanup.
2025-01-09T18:19:08.1746240Z Will use pre-installed micromamba at /Users/runner/micromamba-bin/micromamba
2025-01-09T18:19:08.1749320Z Removing micromamba run shell ...
2025-01-09T18:19:08.1751880Z ##[group]Deinitialize micromamba for bash
2025-01-09T18:19:08.1767560Z [command]/Users/runner/micromamba-bin/micromamba shell deinit -s bash -r /Users/runner/micromamba --log-level warning --rc-file /Users/runner/work/_temp/setup-micromamba/.condarc
2025-01-09T18:19:08.2373200Z Resetting RC file "/Users/runner/.bash_profile"
2025-01-09T18:19:08.2375200Z Deleting config for root prefix 
2025-01-09T18:19:08.2375470Z Clearing mamba executable environment variable
2025-01-09T18:19:08.2393140Z Removing the following in your "/Users/runner/.bash_profile" file
2025-01-09T18:19:08.2393620Z # >>> mamba initialize >>>
2025-01-09T18:19:08.2393890Z ...
2025-01-09T18:19:08.2394180Z # <<< mamba initialize <<<
2025-01-09T18:19:08.2445400Z Removing environment tardis from auto-activate bash ...
2025-01-09T18:19:08.2569680Z Post job cleanup.
2025-01-09T18:19:08.2718200Z Post job cleanup.
2025-01-09T18:19:08.4682190Z [command]/opt/homebrew/bin/git version
2025-01-09T18:19:08.4991740Z git version 2.47.1
2025-01-09T18:19:08.5018470Z Copying '/Users/runner/.gitconfig' to '/Users/runner/work/_temp/7ec5707e-ddb9-484f-b347-b5a131d6ade7/.gitconfig'
2025-01-09T18:19:08.5050780Z Temporarily overriding HOME='/Users/runner/work/_temp/7ec5707e-ddb9-484f-b347-b5a131d6ade7' before making global git config changes
2025-01-09T18:19:08.5052650Z Adding repository directory to the temporary git global config as a safe directory
2025-01-09T18:19:08.5056170Z [command]/opt/homebrew/bin/git config --global --add safe.directory /Users/runner/work/tardis/tardis/tardis-regression-data
2025-01-09T18:19:08.5172250Z [command]/opt/homebrew/bin/git config --local --name-only --get-regexp core\.sshCommand
2025-01-09T18:19:08.5236590Z [command]/opt/homebrew/bin/git submodule foreach --recursive sh -c "git config --local --name-only --get-regexp 'core\.sshCommand' && git config --local --unset-all 'core.sshCommand' || :"
2025-01-09T18:19:08.6136540Z [command]/opt/homebrew/bin/git config --local --name-only --get-regexp http\.https\:\/\/github\.com\/\.extraheader
2025-01-09T18:19:08.6176590Z http.https://github.com/.extraheader
2025-01-09T18:19:08.6185750Z [command]/opt/homebrew/bin/git config --local --unset-all http.https://github.com/.extraheader
2025-01-09T18:19:08.6242660Z [command]/opt/homebrew/bin/git submodule foreach --recursive sh -c "git config --local --name-only --get-regexp 'http\.https\:\/\/github\.com\/\.extraheader' && git config --local --unset-all 'http.https://github.com/.extraheader' || :"
2025-01-09T18:19:08.7031430Z Post job cleanup.
2025-01-09T18:19:08.7930690Z [command]/opt/homebrew/bin/git version
2025-01-09T18:19:08.7983990Z git version 2.47.1
2025-01-09T18:19:08.8006520Z Copying '/Users/runner/.gitconfig' to '/Users/runner/work/_temp/4c58b627-ab1b-4bcd-ba48-aeb7cf13f4ee/.gitconfig'
2025-01-09T18:19:08.8018730Z Temporarily overriding HOME='/Users/runner/work/_temp/4c58b627-ab1b-4bcd-ba48-aeb7cf13f4ee' before making global git config changes
2025-01-09T18:19:08.8019440Z Adding repository directory to the temporary git global config as a safe directory
2025-01-09T18:19:08.8022510Z [command]/opt/homebrew/bin/git config --global --add safe.directory /Users/runner/work/tardis/tardis
2025-01-09T18:19:08.8080880Z [command]/opt/homebrew/bin/git config --local --name-only --get-regexp core\.sshCommand
2025-01-09T18:19:08.8129200Z [command]/opt/homebrew/bin/git submodule foreach --recursive sh -c "git config --local --name-only --get-regexp 'core\.sshCommand' && git config --local --unset-all 'core.sshCommand' || :"
2025-01-09T18:19:08.8814410Z [command]/opt/homebrew/bin/git config --local --name-only --get-regexp http\.https\:\/\/github\.com\/\.extraheader
2025-01-09T18:19:08.8909330Z http.https://github.com/.extraheader
2025-01-09T18:19:08.8921350Z [command]/opt/homebrew/bin/git config --local --unset-all http.https://github.com/.extraheader
2025-01-09T18:19:08.9087480Z [command]/opt/homebrew/bin/git submodule foreach --recursive sh -c "git config --local --name-only --get-regexp 'http\.https\:\/\/github\.com\/\.extraheader' && git config --local --unset-all 'http.https://github.com/.extraheader' || :"
2025-01-09T18:19:09.0003180Z Cleaning up orphan processes
