2025-01-09T18:16:19.0758846Z Requested labels: ubuntu-latest
2025-01-09T18:16:19.0759164Z Job defined at: tardis-sn/tardis/.github/workflows/tests.yml@refs/pull/2932/merge
2025-01-09T18:16:19.0759265Z Waiting for a runner to pick up this job...
2025-01-09T18:16:19.3818962Z Job is waiting for a hosted runner to come online.
2025-01-09T18:16:22.1254632Z Job is about to start running on the hosted runner: GitHub Actions 25 (hosted)
2025-01-09T18:16:24.3221145Z Current runner version: '2.321.0'
2025-01-09T18:16:24.3250100Z ##[group]Operating System
2025-01-09T18:16:24.3250994Z Ubuntu
2025-01-09T18:16:24.3251526Z 24.04.1
2025-01-09T18:16:24.3252042Z LTS
2025-01-09T18:16:24.3252543Z ##[endgroup]
2025-01-09T18:16:24.3253305Z ##[group]Runner Image
2025-01-09T18:16:24.3253890Z Image: ubuntu-24.04
2025-01-09T18:16:24.3254429Z Version: 20250105.1.0
2025-01-09T18:16:24.3255515Z Included Software: https://github.com/actions/runner-images/blob/ubuntu24/20250105.1/images/ubuntu/Ubuntu2404-Readme.md
2025-01-09T18:16:24.3256914Z Image Release: https://github.com/actions/runner-images/releases/tag/ubuntu24%2F20250105.1
2025-01-09T18:16:24.3257829Z ##[endgroup]
2025-01-09T18:16:24.3258389Z ##[group]Runner Image Provisioner
2025-01-09T18:16:24.3258975Z 2.0.404.1
2025-01-09T18:16:24.3259453Z ##[endgroup]
2025-01-09T18:16:24.3261607Z ##[group]GITHUB_TOKEN Permissions
2025-01-09T18:16:24.3263985Z Actions: read
2025-01-09T18:16:24.3264829Z Attestations: read
2025-01-09T18:16:24.3265560Z Checks: read
2025-01-09T18:16:24.3266030Z Contents: read
2025-01-09T18:16:24.3266544Z Deployments: read
2025-01-09T18:16:24.3267146Z Discussions: read
2025-01-09T18:16:24.3267627Z Issues: read
2025-01-09T18:16:24.3268118Z Metadata: read
2025-01-09T18:16:24.3268683Z Packages: read
2025-01-09T18:16:24.3269205Z Pages: read
2025-01-09T18:16:24.3269697Z PullRequests: read
2025-01-09T18:16:24.3270253Z RepositoryProjects: read
2025-01-09T18:16:24.3270846Z SecurityEvents: read
2025-01-09T18:16:24.3271373Z Statuses: read
2025-01-09T18:16:24.3271888Z ##[endgroup]
2025-01-09T18:16:24.3275562Z Secret source: None
2025-01-09T18:16:24.3276424Z Prepare workflow directory
2025-01-09T18:16:24.3951452Z Prepare all required actions
2025-01-09T18:16:24.3991647Z Getting action download info
2025-01-09T18:16:24.6353845Z Download action repository 'actions/checkout@v4' (SHA:11bd71901bbe5b1630ceea73d27597364c9af683)
2025-01-09T18:16:24.7297899Z Download action repository 'actions/upload-artifact@v4' (SHA:6f51ac03b9356f520e9adb1b1b7802705f340c2b)
2025-01-09T18:16:24.8846385Z Complete job name:  continuum ubuntu-latest 
2025-01-09T18:16:24.9552470Z ##[group]Run actions/checkout@v4
2025-01-09T18:16:24.9553551Z with:
2025-01-09T18:16:24.9553949Z   repository: tardis-sn/tardis
2025-01-09T18:16:24.9554701Z   token: ***
2025-01-09T18:16:24.9555100Z   ssh-strict: true
2025-01-09T18:16:24.9555518Z   ssh-user: git
2025-01-09T18:16:24.9555926Z   persist-credentials: true
2025-01-09T18:16:24.9556386Z   clean: true
2025-01-09T18:16:24.9556788Z   sparse-checkout-cone-mode: true
2025-01-09T18:16:24.9557278Z   fetch-depth: 1
2025-01-09T18:16:24.9557670Z   fetch-tags: false
2025-01-09T18:16:24.9558067Z   show-progress: true
2025-01-09T18:16:24.9558462Z   lfs: false
2025-01-09T18:16:24.9558841Z   submodules: false
2025-01-09T18:16:24.9559246Z   set-safe-directory: true
2025-01-09T18:16:24.9559909Z env:
2025-01-09T18:16:24.9560278Z   CACHE_NUMBER: 0
2025-01-09T18:16:24.9561423Z   PYTEST_FLAGS: --tardis-regression-data=/home/runner/work/tardis/tardis/tardis-regression-data --cov=tardis --cov-report=xml --cov-report=html --cov-append
2025-01-09T18:16:24.9562680Z   CODECOV_TOKEN: 
2025-01-09T18:16:24.9563203Z ##[endgroup]
2025-01-09T18:16:25.1585181Z Syncing repository: tardis-sn/tardis
2025-01-09T18:16:25.1586891Z ##[group]Getting Git version info
2025-01-09T18:16:25.1587556Z Working directory is '/home/runner/work/tardis/tardis'
2025-01-09T18:16:25.1588433Z [command]/usr/bin/git version
2025-01-09T18:16:25.1655783Z git version 2.47.1
2025-01-09T18:16:25.1683643Z ##[endgroup]
2025-01-09T18:16:25.1698593Z Temporarily overriding HOME='/home/runner/work/_temp/5f535ee3-8e89-4cdf-a30b-14a1ae999210' before making global git config changes
2025-01-09T18:16:25.1700130Z Adding repository directory to the temporary git global config as a safe directory
2025-01-09T18:16:25.1705304Z [command]/usr/bin/git config --global --add safe.directory /home/runner/work/tardis/tardis
2025-01-09T18:16:25.1744008Z Deleting the contents of '/home/runner/work/tardis/tardis'
2025-01-09T18:16:25.1748411Z ##[group]Initializing the repository
2025-01-09T18:16:25.1753600Z [command]/usr/bin/git init /home/runner/work/tardis/tardis
2025-01-09T18:16:25.1849722Z hint: Using 'master' as the name for the initial branch. This default branch name
2025-01-09T18:16:25.1851478Z hint: is subject to change. To configure the initial branch name to use in all
2025-01-09T18:16:25.1853246Z hint: of your new repositories, which will suppress this warning, call:
2025-01-09T18:16:25.1854404Z hint:
2025-01-09T18:16:25.1855382Z hint: 	git config --global init.defaultBranch <name>
2025-01-09T18:16:25.1856247Z hint:
2025-01-09T18:16:25.1857093Z hint: Names commonly chosen instead of 'master' are 'main', 'trunk' and
2025-01-09T18:16:25.1858505Z hint: 'development'. The just-created branch can be renamed via this command:
2025-01-09T18:16:25.1859643Z hint:
2025-01-09T18:16:25.1860273Z hint: 	git branch -m <name>
2025-01-09T18:16:25.1861441Z Initialized empty Git repository in /home/runner/work/tardis/tardis/.git/
2025-01-09T18:16:25.1873472Z [command]/usr/bin/git remote add origin https://github.com/tardis-sn/tardis
2025-01-09T18:16:25.1911003Z ##[endgroup]
2025-01-09T18:16:25.1911719Z ##[group]Disabling automatic garbage collection
2025-01-09T18:16:25.1915934Z [command]/usr/bin/git config --local gc.auto 0
2025-01-09T18:16:25.1948543Z ##[endgroup]
2025-01-09T18:16:25.1949202Z ##[group]Setting up auth
2025-01-09T18:16:25.1956677Z [command]/usr/bin/git config --local --name-only --get-regexp core\.sshCommand
2025-01-09T18:16:25.1989744Z [command]/usr/bin/git submodule foreach --recursive sh -c "git config --local --name-only --get-regexp 'core\.sshCommand' && git config --local --unset-all 'core.sshCommand' || :"
2025-01-09T18:16:25.2303456Z [command]/usr/bin/git config --local --name-only --get-regexp http\.https\:\/\/github\.com\/\.extraheader
2025-01-09T18:16:25.2336515Z [command]/usr/bin/git submodule foreach --recursive sh -c "git config --local --name-only --get-regexp 'http\.https\:\/\/github\.com\/\.extraheader' && git config --local --unset-all 'http.https://github.com/.extraheader' || :"
2025-01-09T18:16:25.2572956Z [command]/usr/bin/git config --local http.https://github.com/.extraheader AUTHORIZATION: basic ***
2025-01-09T18:16:25.2613082Z ##[endgroup]
2025-01-09T18:16:25.2621279Z ##[group]Fetching the repository
2025-01-09T18:16:25.2622637Z [command]/usr/bin/git -c protocol.version=2 fetch --no-tags --prune --no-recurse-submodules --depth=1 origin +aaf80d303fb0a6816aff98f1492716d4e8f3fb82:refs/remotes/pull/2932/merge
2025-01-09T18:16:26.8517698Z From https://github.com/tardis-sn/tardis
2025-01-09T18:16:26.8520054Z  * [new ref]         aaf80d303fb0a6816aff98f1492716d4e8f3fb82 -> pull/2932/merge
2025-01-09T18:16:26.8544540Z ##[endgroup]
2025-01-09T18:16:26.8545853Z ##[group]Determining the checkout info
2025-01-09T18:16:26.8547380Z ##[endgroup]
2025-01-09T18:16:26.8551549Z [command]/usr/bin/git sparse-checkout disable
2025-01-09T18:16:26.8591166Z [command]/usr/bin/git config --local --unset-all extensions.worktreeConfig
2025-01-09T18:16:26.8619228Z ##[group]Checking out the ref
2025-01-09T18:16:26.8622630Z [command]/usr/bin/git checkout --progress --force refs/remotes/pull/2932/merge
2025-01-09T18:16:27.0623350Z Note: switching to 'refs/remotes/pull/2932/merge'.
2025-01-09T18:16:27.0626063Z 
2025-01-09T18:16:27.0626951Z You are in 'detached HEAD' state. You can look around, make experimental
2025-01-09T18:16:27.0629221Z changes and commit them, and you can discard any commits you make in this
2025-01-09T18:16:27.0631477Z state without impacting any branches by switching back to a branch.
2025-01-09T18:16:27.0632990Z 
2025-01-09T18:16:27.0633858Z If you want to create a new branch to retain commits you create, you may
2025-01-09T18:16:27.0635870Z do so (now or later) by using -c with the switch command. Example:
2025-01-09T18:16:27.0637042Z 
2025-01-09T18:16:27.0637519Z   git switch -c <new-branch-name>
2025-01-09T18:16:27.0638373Z 
2025-01-09T18:16:27.0638833Z Or undo this operation with:
2025-01-09T18:16:27.0639608Z 
2025-01-09T18:16:27.0640470Z   git switch -
2025-01-09T18:16:27.0641059Z 
2025-01-09T18:16:27.0642046Z Turn off this advice by setting config variable advice.detachedHead to false
2025-01-09T18:16:27.0643762Z 
2025-01-09T18:16:27.0645162Z HEAD is now at aaf80d3 Merge 65f1a66446a9d30c4496edebbc208def294128c1 into 0fc2c76326b8122f88ddaf369f17a637bbe37c63
2025-01-09T18:16:27.0653053Z ##[endgroup]
2025-01-09T18:16:27.0703982Z [command]/usr/bin/git log -1 --format=%H
2025-01-09T18:16:27.0822440Z aaf80d303fb0a6816aff98f1492716d4e8f3fb82
2025-01-09T18:16:27.1058560Z Prepare all required actions
2025-01-09T18:16:27.1059179Z Getting action download info
2025-01-09T18:16:27.2791143Z Download action repository 'actions/cache@v4' (SHA:1bd1e32a3bdc45362d1e726936510720a7c30a57)
2025-01-09T18:16:27.4155558Z ##[group]Run ./.github/actions/setup_lfs
2025-01-09T18:16:27.4155945Z with:
2025-01-09T18:16:27.4156280Z   regression-data-repo: tardis-sn/tardis-regression-data
2025-01-09T18:16:27.4156673Z env:
2025-01-09T18:16:27.4156943Z   CACHE_NUMBER: 0
2025-01-09T18:16:27.4157738Z   PYTEST_FLAGS: --tardis-regression-data=/home/runner/work/tardis/tardis/tardis-regression-data --cov=tardis --cov-report=xml --cov-report=html --cov-append
2025-01-09T18:16:27.4158571Z   CODECOV_TOKEN: 
2025-01-09T18:16:27.4158818Z ##[endgroup]
2025-01-09T18:16:27.4305384Z ##[group]Run actions/checkout@v4
2025-01-09T18:16:27.4305766Z with:
2025-01-09T18:16:27.4306087Z   repository: tardis-sn/tardis-regression-data
2025-01-09T18:16:27.4306512Z   path: tardis-regression-data
2025-01-09T18:16:27.4307107Z   token: ***
2025-01-09T18:16:27.4307384Z   ssh-strict: true
2025-01-09T18:16:27.4307671Z   ssh-user: git
2025-01-09T18:16:27.4307964Z   persist-credentials: true
2025-01-09T18:16:27.4308279Z   clean: true
2025-01-09T18:16:27.4308575Z   sparse-checkout-cone-mode: true
2025-01-09T18:16:27.4308917Z   fetch-depth: 1
2025-01-09T18:16:27.4309194Z   fetch-tags: false
2025-01-09T18:16:27.4309490Z   show-progress: true
2025-01-09T18:16:27.4309791Z   lfs: false
2025-01-09T18:16:27.4310070Z   submodules: false
2025-01-09T18:16:27.4310364Z   set-safe-directory: true
2025-01-09T18:16:27.4310672Z env:
2025-01-09T18:16:27.4310918Z   CACHE_NUMBER: 0
2025-01-09T18:16:27.4311702Z   PYTEST_FLAGS: --tardis-regression-data=/home/runner/work/tardis/tardis/tardis-regression-data --cov=tardis --cov-report=xml --cov-report=html --cov-append
2025-01-09T18:16:27.4312526Z   CODECOV_TOKEN: 
2025-01-09T18:16:27.4312929Z ##[endgroup]
2025-01-09T18:16:27.5272101Z Syncing repository: tardis-sn/tardis-regression-data
2025-01-09T18:16:27.5279861Z ##[group]Getting Git version info
2025-01-09T18:16:27.5280994Z Working directory is '/home/runner/work/tardis/tardis/tardis-regression-data'
2025-01-09T18:16:27.5326048Z [command]/usr/bin/git version
2025-01-09T18:16:27.5377450Z git version 2.47.1
2025-01-09T18:16:27.5405700Z ##[endgroup]
2025-01-09T18:16:27.5420694Z Temporarily overriding HOME='/home/runner/work/_temp/7412a2bf-5a21-4ade-8e33-cae3d09536ac' before making global git config changes
2025-01-09T18:16:27.5422483Z Adding repository directory to the temporary git global config as a safe directory
2025-01-09T18:16:27.5428016Z [command]/usr/bin/git config --global --add safe.directory /home/runner/work/tardis/tardis/tardis-regression-data
2025-01-09T18:16:27.5463566Z ##[group]Initializing the repository
2025-01-09T18:16:27.5469285Z [command]/usr/bin/git init /home/runner/work/tardis/tardis/tardis-regression-data
2025-01-09T18:16:27.5506881Z hint: Using 'master' as the name for the initial branch. This default branch name
2025-01-09T18:16:27.5508122Z hint: is subject to change. To configure the initial branch name to use in all
2025-01-09T18:16:27.5509184Z hint: of your new repositories, which will suppress this warning, call:
2025-01-09T18:16:27.5509673Z hint:
2025-01-09T18:16:27.5510026Z hint: 	git config --global init.defaultBranch <name>
2025-01-09T18:16:27.5510456Z hint:
2025-01-09T18:16:27.5510846Z hint: Names commonly chosen instead of 'master' are 'main', 'trunk' and
2025-01-09T18:16:27.5511469Z hint: 'development'. The just-created branch can be renamed via this command:
2025-01-09T18:16:27.5512233Z hint:
2025-01-09T18:16:27.5512511Z hint: 	git branch -m <name>
2025-01-09T18:16:27.5514153Z Initialized empty Git repository in /home/runner/work/tardis/tardis/tardis-regression-data/.git/
2025-01-09T18:16:27.5520329Z [command]/usr/bin/git remote add origin https://github.com/tardis-sn/tardis-regression-data
2025-01-09T18:16:27.5552673Z ##[endgroup]
2025-01-09T18:16:27.5553844Z ##[group]Disabling automatic garbage collection
2025-01-09T18:16:27.5558794Z [command]/usr/bin/git config --local gc.auto 0
2025-01-09T18:16:27.5589268Z ##[endgroup]
2025-01-09T18:16:27.5590192Z ##[group]Setting up auth
2025-01-09T18:16:27.5597094Z [command]/usr/bin/git config --local --name-only --get-regexp core\.sshCommand
2025-01-09T18:16:27.5628152Z [command]/usr/bin/git submodule foreach --recursive sh -c "git config --local --name-only --get-regexp 'core\.sshCommand' && git config --local --unset-all 'core.sshCommand' || :"
2025-01-09T18:16:27.5861747Z [command]/usr/bin/git config --local --name-only --get-regexp http\.https\:\/\/github\.com\/\.extraheader
2025-01-09T18:16:27.5891009Z [command]/usr/bin/git submodule foreach --recursive sh -c "git config --local --name-only --get-regexp 'http\.https\:\/\/github\.com\/\.extraheader' && git config --local --unset-all 'http.https://github.com/.extraheader' || :"
2025-01-09T18:16:27.6137885Z [command]/usr/bin/git config --local http.https://github.com/.extraheader AUTHORIZATION: basic ***
2025-01-09T18:16:27.6176893Z ##[endgroup]
2025-01-09T18:16:27.6177998Z ##[group]Determining the default branch
2025-01-09T18:16:27.6181058Z Retrieving the default branch name
2025-01-09T18:16:27.9786430Z Default branch 'main'
2025-01-09T18:16:27.9795469Z ##[endgroup]
2025-01-09T18:16:27.9796379Z ##[group]Fetching the repository
2025-01-09T18:16:27.9797575Z [command]/usr/bin/git -c protocol.version=2 fetch --no-tags --prune --no-recurse-submodules --depth=1 origin +refs/heads/main:refs/remotes/origin/main
2025-01-09T18:16:28.7258751Z From https://github.com/tardis-sn/tardis-regression-data
2025-01-09T18:16:28.7259374Z  * [new branch]      main       -> origin/main
2025-01-09T18:16:28.7287261Z ##[endgroup]
2025-01-09T18:16:28.7288120Z ##[group]Determining the checkout info
2025-01-09T18:16:28.7290493Z ##[endgroup]
2025-01-09T18:16:28.7294704Z [command]/usr/bin/git sparse-checkout disable
2025-01-09T18:16:28.7337487Z [command]/usr/bin/git config --local --unset-all extensions.worktreeConfig
2025-01-09T18:16:28.7369890Z ##[group]Checking out the ref
2025-01-09T18:16:28.7374461Z [command]/usr/bin/git checkout --progress --force -B main refs/remotes/origin/main
2025-01-09T18:16:29.7433082Z Updating files:   6% (16/238)
2025-01-09T18:16:29.7440183Z Updating files:   7% (17/238)
2025-01-09T18:16:29.7445996Z Updating files:   8% (20/238)
2025-01-09T18:16:29.7449805Z Updating files:   9% (22/238)
2025-01-09T18:16:29.7458147Z Updating files:  10% (24/238)
2025-01-09T18:16:29.7462438Z Updating files:  11% (27/238)
2025-01-09T18:16:29.7467768Z Updating files:  12% (29/238)
2025-01-09T18:16:29.7479587Z Updating files:  13% (31/238)
2025-01-09T18:16:29.7484231Z Updating files:  14% (34/238)
2025-01-09T18:16:29.7500822Z Updating files:  15% (36/238)
2025-01-09T18:16:29.7508935Z Updating files:  16% (39/238)
2025-01-09T18:16:29.7511197Z Updating files:  17% (41/238)
2025-01-09T18:16:29.7520400Z Updating files:  18% (43/238)
2025-01-09T18:16:29.7525137Z Updating files:  19% (46/238)
2025-01-09T18:16:29.7530557Z Updating files:  20% (48/238)
2025-01-09T18:16:29.7538648Z Updating files:  21% (50/238)
2025-01-09T18:16:29.7544376Z Updating files:  22% (53/238)
2025-01-09T18:16:29.7552301Z Updating files:  23% (55/238)
2025-01-09T18:16:29.7561485Z Updating files:  24% (58/238)
2025-01-09T18:16:29.7566908Z Updating files:  25% (60/238)
2025-01-09T18:16:29.7574741Z Updating files:  26% (62/238)
2025-01-09T18:16:29.7580686Z Updating files:  27% (65/238)
2025-01-09T18:16:29.7596017Z Updating files:  28% (67/238)
2025-01-09T18:16:29.7600757Z Updating files:  29% (70/238)
2025-01-09T18:16:29.7605671Z Updating files:  30% (72/238)
2025-01-09T18:16:29.7610767Z Updating files:  31% (74/238)
2025-01-09T18:16:29.7617931Z Updating files:  32% (77/238)
2025-01-09T18:16:29.7622215Z Updating files:  33% (79/238)
2025-01-09T18:16:29.7628690Z Updating files:  34% (81/238)
2025-01-09T18:16:29.7633581Z Updating files:  35% (84/238)
2025-01-09T18:16:29.7640695Z Updating files:  36% (86/238)
2025-01-09T18:16:29.7646543Z Updating files:  37% (89/238)
2025-01-09T18:16:29.7650606Z Updating files:  38% (91/238)
2025-01-09T18:16:29.7659687Z Updating files:  39% (93/238)
2025-01-09T18:16:29.7663818Z Updating files:  40% (96/238)
2025-01-09T18:16:29.7667620Z Updating files:  41% (98/238)
2025-01-09T18:16:29.7677128Z Updating files:  42% (100/238)
2025-01-09T18:16:29.7680503Z Updating files:  43% (103/238)
2025-01-09T18:16:29.7685718Z Updating files:  44% (105/238)
2025-01-09T18:16:29.7689751Z Updating files:  45% (108/238)
2025-01-09T18:16:29.7693747Z Updating files:  46% (110/238)
2025-01-09T18:16:29.7701966Z Updating files:  47% (112/238)
2025-01-09T18:16:29.7706081Z Updating files:  48% (115/238)
2025-01-09T18:16:29.7711144Z Updating files:  49% (117/238)
2025-01-09T18:16:29.7718133Z Updating files:  50% (119/238)
2025-01-09T18:16:29.7722713Z Updating files:  51% (122/238)
2025-01-09T18:16:29.7729473Z Updating files:  52% (124/238)
2025-01-09T18:16:29.7733044Z Updating files:  53% (127/238)
2025-01-09T18:16:29.7738387Z Updating files:  54% (129/238)
2025-01-09T18:16:29.7746820Z Updating files:  55% (131/238)
2025-01-09T18:16:29.7752015Z Updating files:  56% (134/238)
2025-01-09T18:16:29.7758263Z Updating files:  57% (136/238)
2025-01-09T18:16:29.7762399Z Updating files:  58% (139/238)
2025-01-09T18:16:29.7767136Z Updating files:  59% (141/238)
2025-01-09T18:16:29.7772203Z Updating files:  60% (143/238)
2025-01-09T18:16:29.7776756Z Updating files:  61% (146/238)
2025-01-09T18:16:29.7784513Z Updating files:  62% (148/238)
2025-01-09T18:16:29.7790122Z Updating files:  63% (150/238)
2025-01-09T18:16:29.7793911Z Updating files:  64% (153/238)
2025-01-09T18:16:29.7799040Z Updating files:  65% (155/238)
2025-01-09T18:16:29.7803094Z Updating files:  66% (158/238)
2025-01-09T18:16:29.7806649Z Updating files:  67% (160/238)
2025-01-09T18:16:29.7812547Z Updating files:  68% (162/238)
2025-01-09T18:16:29.7817251Z Updating files:  69% (165/238)
2025-01-09T18:16:29.7819665Z Updating files:  70% (167/238)
2025-01-09T18:16:29.7824875Z Updating files:  71% (169/238)
2025-01-09T18:16:29.7828483Z Updating files:  72% (172/238)
2025-01-09T18:16:29.7832678Z Updating files:  73% (174/238)
2025-01-09T18:16:29.7840709Z Updating files:  74% (177/238)
2025-01-09T18:16:29.7843832Z Updating files:  75% (179/238)
2025-01-09T18:16:29.7847579Z Updating files:  76% (181/238)
2025-01-09T18:16:29.7853084Z Updating files:  77% (184/238)
2025-01-09T18:16:29.7858272Z Updating files:  78% (186/238)
2025-01-09T18:16:29.7861129Z Updating files:  79% (189/238)
2025-01-09T18:16:29.7864001Z Updating files:  80% (191/238)
2025-01-09T18:16:29.7868742Z Updating files:  81% (193/238)
2025-01-09T18:16:29.7875662Z Updating files:  82% (196/238)
2025-01-09T18:16:29.7878712Z Updating files:  83% (198/238)
2025-01-09T18:16:29.7883493Z Updating files:  84% (200/238)
2025-01-09T18:16:29.7887631Z Updating files:  85% (203/238)
2025-01-09T18:16:29.7892104Z Updating files:  86% (205/238)
2025-01-09T18:16:29.7895725Z Updating files:  87% (208/238)
2025-01-09T18:16:29.7898759Z Updating files:  88% (210/238)
2025-01-09T18:16:29.7903458Z Updating files:  89% (212/238)
2025-01-09T18:16:29.7909509Z Updating files:  90% (215/238)
2025-01-09T18:16:29.7913921Z Updating files:  91% (217/238)
2025-01-09T18:16:29.7920125Z Updating files:  92% (219/238)
2025-01-09T18:16:29.7924598Z Updating files:  93% (222/238)
2025-01-09T18:16:29.7928719Z Updating files:  94% (224/238)
2025-01-09T18:16:29.7932017Z Updating files:  95% (227/238)
2025-01-09T18:16:29.7935466Z Updating files:  96% (229/238)
2025-01-09T18:16:29.7941176Z Updating files:  97% (231/238)
2025-01-09T18:16:29.7945501Z Updating files:  98% (234/238)
2025-01-09T18:16:29.7950345Z Updating files:  99% (236/238)
2025-01-09T18:16:29.7950770Z Updating files: 100% (238/238)
2025-01-09T18:16:29.7951158Z Updating files: 100% (238/238), done.
2025-01-09T18:16:29.7966668Z Switched to a new branch 'main'
2025-01-09T18:16:29.7970343Z branch 'main' set up to track 'origin/main'.
2025-01-09T18:16:29.8258715Z ##[endgroup]
2025-01-09T18:16:29.8303180Z [command]/usr/bin/git log -1 --format=%H
2025-01-09T18:16:29.8330059Z 666ab8501c2b2aea30d05b8822e7ddbfca078d23
2025-01-09T18:16:29.8474364Z ##[group]Run git lfs ls-files -l | cut -d' ' -f1 | sort > .lfs-assets-id
2025-01-09T18:16:29.8474949Z [36;1mgit lfs ls-files -l | cut -d' ' -f1 | sort > .lfs-assets-id[0m
2025-01-09T18:16:29.8506943Z shell: /usr/bin/bash --noprofile --norc -e -o pipefail {0}
2025-01-09T18:16:29.8507275Z env:
2025-01-09T18:16:29.8507450Z   CACHE_NUMBER: 0
2025-01-09T18:16:29.8508067Z   PYTEST_FLAGS: --tardis-regression-data=/home/runner/work/tardis/tardis/tardis-regression-data --cov=tardis --cov-report=xml --cov-report=html --cov-append
2025-01-09T18:16:29.8508714Z   CODECOV_TOKEN: 
2025-01-09T18:16:29.8508893Z ##[endgroup]
2025-01-09T18:16:30.0049398Z ##[group]Run actions/cache/restore@v4
2025-01-09T18:16:30.0049649Z with:
2025-01-09T18:16:30.0049837Z   path: tardis-regression-data/.git/lfs
2025-01-09T18:16:30.0050253Z   key: Linux-lfs-21f9fa4b6817cc69b9fae3598144724da7828e276a73bd17f47a2a49d9af090a-v1
2025-01-09T18:16:30.0050670Z   enableCrossOsArchive: false
2025-01-09T18:16:30.0050897Z   fail-on-cache-miss: false
2025-01-09T18:16:30.0051105Z   lookup-only: false
2025-01-09T18:16:30.0051280Z env:
2025-01-09T18:16:30.0051434Z   CACHE_NUMBER: 0
2025-01-09T18:16:30.0052031Z   PYTEST_FLAGS: --tardis-regression-data=/home/runner/work/tardis/tardis/tardis-regression-data --cov=tardis --cov-report=xml --cov-report=html --cov-append
2025-01-09T18:16:30.0052648Z   CODECOV_TOKEN: 
2025-01-09T18:16:30.0053066Z ##[endgroup]
2025-01-09T18:16:31.6908134Z Received 20971520 of 1708418946 (1.2%), 20.0 MBs/sec
2025-01-09T18:16:32.6917103Z Received 197132288 of 1708418946 (11.5%), 94.0 MBs/sec
2025-01-09T18:16:33.6922650Z Received 369098752 of 1708418946 (21.6%), 117.3 MBs/sec
2025-01-09T18:16:34.6930133Z Received 545259520 of 1708418946 (31.9%), 130.0 MBs/sec
2025-01-09T18:16:35.6935032Z Received 721420288 of 1708418946 (42.2%), 137.5 MBs/sec
2025-01-09T18:16:36.6944065Z Received 914358272 of 1708418946 (53.5%), 145.3 MBs/sec
2025-01-09T18:16:37.7053943Z Received 1090519040 of 1708418946 (63.8%), 148.4 MBs/sec
2025-01-09T18:16:38.7017695Z Received 1275068416 of 1708418946 (74.6%), 151.8 MBs/sec
2025-01-09T18:16:39.7036341Z Received 1442840576 of 1708418946 (84.5%), 152.7 MBs/sec
2025-01-09T18:16:40.7046585Z Received 1614807040 of 1708418946 (94.5%), 153.8 MBs/sec
2025-01-09T18:16:41.2543884Z Cache Size: ~1629 MB (1708418946 B)
2025-01-09T18:16:41.2619826Z [command]/usr/bin/tar -xf /home/runner/work/_temp/43e7e345-9756-4e1e-9b32-5a89264de419/cache.tzst -P -C /home/runner/work/tardis/tardis --use-compress-program unzstd
2025-01-09T18:16:41.7062437Z Received 1708418946 of 1708418946 (100.0%), 147.9 MBs/sec
2025-01-09T18:16:47.6428141Z Cache restored successfully
2025-01-09T18:16:47.9480308Z Cache restored from key: Linux-lfs-21f9fa4b6817cc69b9fae3598144724da7828e276a73bd17f47a2a49d9af090a-v1
2025-01-09T18:16:47.9641971Z ##[group]Run git lfs checkout
2025-01-09T18:16:47.9642228Z [36;1mgit lfs checkout[0m
2025-01-09T18:16:47.9669110Z shell: /usr/bin/bash --noprofile --norc -e -o pipefail {0}
2025-01-09T18:16:47.9669427Z env:
2025-01-09T18:16:47.9669731Z   CACHE_NUMBER: 0
2025-01-09T18:16:47.9670462Z   PYTEST_FLAGS: --tardis-regression-data=/home/runner/work/tardis/tardis/tardis-regression-data --cov=tardis --cov-report=xml --cov-report=html --cov-append
2025-01-09T18:16:47.9671223Z   CODECOV_TOKEN: 
2025-01-09T18:16:47.9671398Z ##[endgroup]
2025-01-09T18:17:01.8489814Z Checking out LFS objects: 100% (204/204), 3.5 GB | 254 MB/s, done.
2025-01-09T18:17:03.3447933Z Prepare all required actions
2025-01-09T18:17:03.3448478Z Getting action download info
2025-01-09T18:17:03.5260060Z Download action repository 'mamba-org/setup-micromamba@v1' (SHA:4b9113af4fba0e9e1124b252dd6497a419e7396d)
2025-01-09T18:17:04.3178431Z ##[group]Run ./.github/actions/setup_env
2025-01-09T18:17:04.3178688Z with:
2025-01-09T18:17:04.3178861Z   os-label: linux-64
2025-01-09T18:17:04.3179040Z env:
2025-01-09T18:17:04.3179192Z   CACHE_NUMBER: 0
2025-01-09T18:17:04.3179791Z   PYTEST_FLAGS: --tardis-regression-data=/home/runner/work/tardis/tardis/tardis-regression-data --cov=tardis --cov-report=xml --cov-report=html --cov-append
2025-01-09T18:17:04.3180417Z   CODECOV_TOKEN: 
2025-01-09T18:17:04.3180594Z ##[endgroup]
2025-01-09T18:17:04.3202467Z ##[group]Run file_hash=$(cat conda-linux-64.lock | shasum -a 256 | cut -d' ' -f1)
2025-01-09T18:17:04.3203130Z [36;1mfile_hash=$(cat conda-linux-64.lock | shasum -a 256 | cut -d' ' -f1)[0m
2025-01-09T18:17:04.3203589Z [36;1mecho "file_hash=$file_hash" >> "${GITHUB_OUTPUT}"[0m
2025-01-09T18:17:04.3229154Z shell: /usr/bin/bash --noprofile --norc -e -o pipefail {0}
2025-01-09T18:17:04.3229466Z env:
2025-01-09T18:17:04.3229625Z   CACHE_NUMBER: 0
2025-01-09T18:17:04.3230209Z   PYTEST_FLAGS: --tardis-regression-data=/home/runner/work/tardis/tardis/tardis-regression-data --cov=tardis --cov-report=xml --cov-report=html --cov-append
2025-01-09T18:17:04.3230848Z   CODECOV_TOKEN: 
2025-01-09T18:17:04.3231026Z ##[endgroup]
2025-01-09T18:17:04.4252506Z ##[group]Run mamba-org/setup-micromamba@v1
2025-01-09T18:17:04.4253026Z with:
2025-01-09T18:17:04.4253229Z   environment-file: conda-linux-64.lock
2025-01-09T18:17:04.4253649Z   cache-environment-key: d7cd390425b0fd3cf82649dcc003efba9915fb4928f15d342148c3ccffcbe2ee
2025-01-09T18:17:04.4254211Z   cache-downloads-key: d7cd390425b0fd3cf82649dcc003efba9915fb4928f15d342148c3ccffcbe2ee
2025-01-09T18:17:04.4254613Z   environment-name: tardis
2025-01-09T18:17:04.4254827Z   cache-environment: true
2025-01-09T18:17:04.4255045Z   cache-downloads: true
2025-01-09T18:17:04.4255253Z env:
2025-01-09T18:17:04.4255408Z   CACHE_NUMBER: 0
2025-01-09T18:17:04.4255996Z   PYTEST_FLAGS: --tardis-regression-data=/home/runner/work/tardis/tardis/tardis-regression-data --cov=tardis --cov-report=xml --cov-report=html --cov-append
2025-01-09T18:17:04.4256615Z   CODECOV_TOKEN: 
2025-01-09T18:17:04.4256793Z ##[endgroup]
2025-01-09T18:17:04.5668044Z Will download micromamba to /home/runner/micromamba-bin/micromamba
2025-01-09T18:17:04.5678893Z ##[group]Install micromamba
2025-01-09T18:17:05.2473561Z micromamba installed to /home/runner/micromamba-bin/micromamba
2025-01-09T18:17:05.2474579Z ##[endgroup]
2025-01-09T18:17:05.2475275Z Adding conda-forge to condarc channels ...
2025-01-09T18:17:05.2484534Z ##[group]Initialize micromamba for bash.
2025-01-09T18:17:05.2503214Z [command]/home/runner/micromamba-bin/micromamba shell init -s bash -r /home/runner/micromamba --log-level warning --rc-file /home/runner/work/_temp/setup-micromamba/.condarc
2025-01-09T18:17:05.2757713Z Modifying RC file "/home/runner/.bashrc"
2025-01-09T18:17:05.2758915Z Generating config for root prefix [1m"/home/runner/micromamba"[0m
2025-01-09T18:17:05.2759927Z Setting mamba executable to: [1m"/home/runner/micromamba-bin/micromamba"[0m
2025-01-09T18:17:05.2760940Z Adding (or replacing) the following in your "/home/runner/.bashrc" file
2025-01-09T18:17:05.2761559Z 
2025-01-09T18:17:05.2761746Z # >>> mamba initialize >>>
2025-01-09T18:17:05.2762334Z # !! Contents within this block are managed by 'mamba init' !!
2025-01-09T18:17:05.2763225Z export MAMBA_EXE='/home/runner/micromamba-bin/micromamba';
2025-01-09T18:17:05.2763807Z export MAMBA_ROOT_PREFIX='/home/runner/micromamba';
2025-01-09T18:17:05.2764584Z __mamba_setup="$("$MAMBA_EXE" shell hook --shell bash --root-prefix "$MAMBA_ROOT_PREFIX" 2> /dev/null)"
2025-01-09T18:17:05.2765240Z if [ $? -eq 0 ]; then
2025-01-09T18:17:05.2765452Z     eval "$__mamba_setup"
2025-01-09T18:17:05.2765663Z else
2025-01-09T18:17:05.2766267Z     alias micromamba="$MAMBA_EXE"  # Fallback on help from mamba activate
2025-01-09T18:17:05.2766812Z fi
2025-01-09T18:17:05.2766983Z unset __mamba_setup
2025-01-09T18:17:05.2767190Z # <<< mamba initialize <<<
2025-01-09T18:17:05.2767336Z 
2025-01-09T18:17:05.2780711Z Moving mamba initialize block to .bash_profile
2025-01-09T18:17:05.3057455Z ##[endgroup]
2025-01-09T18:17:05.3058949Z ##[group]Restoring downloads from `/home/runner/micromamba/pkgs` ...
2025-01-09T18:17:06.8177887Z Received 25165824 of 356800233 (7.1%), 24.0 MBs/sec
2025-01-09T18:17:07.8190118Z Received 188743680 of 356800233 (52.9%), 89.9 MBs/sec
2025-01-09T18:17:08.6674532Z Cache Size: ~340 MB (356800233 B)
2025-01-09T18:17:08.6777000Z [command]/usr/bin/tar -xf /home/runner/work/_temp/d6a91963-e359-448a-a829-80ade9708052/cache.tzst -P -C /home/runner/work/tardis/tardis --use-compress-program unzstd
2025-01-09T18:17:08.8197058Z Received 356800233 of 356800233 (100.0%), 113.3 MBs/sec
2025-01-09T18:17:09.1632459Z Cache restored successfully
2025-01-09T18:17:09.2360637Z Restored cache with key `d7cd390425b0fd3cf82649dcc003efba9915fb4928f15d342148c3ccffcbe2ee-linux-64`
2025-01-09T18:17:09.2361901Z ##[endgroup]
2025-01-09T18:17:09.2374125Z ##[group]Restoring environment `tardis` from `/home/runner/micromamba/envs/tardis` ...
2025-01-09T18:17:10.5570609Z Received 33554432 of 444592193 (7.5%), 32.0 MBs/sec
2025-01-09T18:17:11.5571009Z Received 192937984 of 444592193 (43.4%), 92.0 MBs/sec
2025-01-09T18:17:12.5568911Z Received 381681664 of 444592193 (85.8%), 121.3 MBs/sec
2025-01-09T18:17:12.9312359Z Cache Size: ~424 MB (444592193 B)
2025-01-09T18:17:12.9352206Z [command]/usr/bin/tar -xf /home/runner/work/_temp/a76720d5-3520-4b10-b2a6-7be11672dff8/cache.tzst -P -C /home/runner/work/tardis/tardis --use-compress-program unzstd
2025-01-09T18:17:13.5575720Z Received 444592193 of 444592193 (100.0%), 106.0 MBs/sec
2025-01-09T18:17:18.4276252Z Cache restored successfully
2025-01-09T18:17:18.5255839Z Restored cache with key `d7cd390425b0fd3cf82649dcc003efba9915fb4928f15d342148c3ccffcbe2ee-linux-64-tardis-args-4f53cda-root-dcc80ee-bin-[object Promise]-file-d7cd390425b0fd3cf82649dcc003efba9915fb4928f15d342148c3ccffcbe2ee`
2025-01-09T18:17:18.5258116Z ##[endgroup]
2025-01-09T18:17:18.5258549Z Adding environment tardis to auto-activate bash ...
2025-01-09T18:17:18.5269188Z Generating micromamba run shell.
2025-01-09T18:17:18.5279208Z ##[endgroup]
2025-01-09T18:17:18.5285758Z Set environment variables.
2025-01-09T18:17:18.5386939Z ##[group]micromamba info
2025-01-09T18:17:18.5395458Z [command]/home/runner/micromamba-bin/micromamba info -r /home/runner/micromamba -n tardis
2025-01-09T18:17:18.5550528Z 
2025-01-09T18:17:18.5552956Z        libmamba version : 1.5.10
2025-01-09T18:17:18.5553448Z      micromamba version : 1.5.10
2025-01-09T18:17:18.5554178Z            curl version : libcurl/8.10.1 OpenSSL/3.3.2 zlib/1.3.1 zstd/1.5.6 libssh2/1.11.0 nghttp2/1.58.0
2025-01-09T18:17:18.5555058Z      libarchive version : libarchive 3.7.4 zlib/1.2.13 bz2lib/1.0.8 libzstd/1.5.6
2025-01-09T18:17:18.5555741Z        envs directories : /home/runner/micromamba/envs
2025-01-09T18:17:18.5556254Z           package cache : /home/runner/micromamba/pkgs
2025-01-09T18:17:18.5556867Z                           /home/runner/.mamba/pkgs
2025-01-09T18:17:18.5557278Z             environment : tardis
2025-01-09T18:17:18.5557777Z            env location : /home/runner/micromamba/envs/tardis
2025-01-09T18:17:18.5558233Z       user config files : /home/runner/.mambarc
2025-01-09T18:17:18.5558954Z  populated config files : /home/runner/work/_temp/setup-micromamba/.condarc
2025-01-09T18:17:18.5559537Z        virtual packages : __unix=0=0
2025-01-09T18:17:18.5559949Z                           __linux=6.8.0=0
2025-01-09T18:17:18.5560358Z                           __glibc=2.39=0
2025-01-09T18:17:18.5560766Z                           __archspec=1=x86_64_v3
2025-01-09T18:17:18.5561311Z                channels : https://conda.anaconda.org/conda-forge/linux-64
2025-01-09T18:17:18.5562270Z                           https://conda.anaconda.org/conda-forge/noarch
2025-01-09T18:17:18.5563203Z        base environment : /home/runner/micromamba
2025-01-09T18:17:18.5563662Z                platform : linux-64
2025-01-09T18:17:18.5572238Z ##[endgroup]
2025-01-09T18:17:18.5573679Z ##[group]micromamba list
2025-01-09T18:17:18.5576805Z [command]/home/runner/micromamba-bin/micromamba list -r /home/runner/micromamba -n tardis
2025-01-09T18:17:18.9520947Z List of packages in environment: "/home/runner/micromamba/envs/tardis"
2025-01-09T18:17:18.9523327Z 
2025-01-09T18:17:18.9523648Z   Name                           Version              Build                    Channel    
2025-01-09T18:17:18.9524903Z â”€â”€â”€â”€â”€â”€â”€â”€â”€â”€â”€â”€â”€â”€â”€â”€â”€â”€â”€â”€â”€â”€â”€â”€â”€â”€â”€â”€â”€â”€â”€â”€â”€â”€â”€â”€â”€â”€â”€â”€â”€â”€â”€â”€â”€â”€â”€â”€â”€â”€â”€â”€â”€â”€â”€â”€â”€â”€â”€â”€â”€â”€â”€â”€â”€â”€â”€â”€â”€â”€â”€â”€â”€â”€â”€â”€â”€â”€â”€â”€â”€â”€â”€â”€â”€â”€â”€â”€â”€â”€â”€â”€
2025-01-09T18:17:18.9525783Z   _libgcc_mutex                  0.1                  conda_forge              conda-forge
2025-01-09T18:17:18.9526702Z   _openmp_mutex                  4.5                  2_gnu                    conda-forge
2025-01-09T18:17:18.9527751Z   alabaster                      0.7.16               pyhd8ed1ab_0             conda-forge
2025-01-09T18:17:18.9528545Z   anyio                          4.4.0                pyhd8ed1ab_0             conda-forge
2025-01-09T18:17:18.9529146Z   argon2-cffi                    23.1.0               pyhd8ed1ab_0             conda-forge
2025-01-09T18:17:18.9529798Z   argon2-cffi-bindings           21.2.0               py312h98912ed_4          conda-forge
2025-01-09T18:17:18.9530268Z   arrow                          1.3.0                pyhd8ed1ab_0             conda-forge
2025-01-09T18:17:18.9530686Z   astropy                        6.1.1                py312h085067d_0          conda-forge
2025-01-09T18:17:18.9531165Z   astropy-iers-data              0.2024.6.17.0.31.35  pyhd8ed1ab_0             conda-forge
2025-01-09T18:17:18.9531695Z   astropy-sphinx-theme           1.1                  pyhd8ed1ab_0             conda-forge
2025-01-09T18:17:18.9532190Z   asttokens                      2.4.1                pyhd8ed1ab_0             conda-forge
2025-01-09T18:17:18.9532636Z   async-lru                      2.0.4                pyhd8ed1ab_0             conda-forge
2025-01-09T18:17:18.9533361Z   atk-1.0                        2.38.0               h04ea711_2               conda-forge
2025-01-09T18:17:18.9533789Z   attrs                          23.2.0               pyh71513ae_0             conda-forge
2025-01-09T18:17:18.9534207Z   babel                          2.14.0               pyhd8ed1ab_0             conda-forge
2025-01-09T18:17:18.9534657Z   beautifulsoup4                 4.12.3               pyha770c72_0             conda-forge
2025-01-09T18:17:18.9535117Z   bleach                         6.1.0                pyhd8ed1ab_0             conda-forge
2025-01-09T18:17:18.9535524Z   blosc                          1.21.5               hc2324a3_1               conda-forge
2025-01-09T18:17:18.9535921Z   brotli                         1.1.0                hd590300_1               conda-forge
2025-01-09T18:17:18.9536342Z   brotli-bin                     1.1.0                hd590300_1               conda-forge
2025-01-09T18:17:18.9536796Z   brotli-python                  1.1.0                py312h30efb56_1          conda-forge
2025-01-09T18:17:18.9537232Z   bzip2                          1.0.8                hd590300_5               conda-forge
2025-01-09T18:17:18.9537631Z   c-ares                         1.28.1               hd590300_0               conda-forge
2025-01-09T18:17:18.9538041Z   c-blosc2                       2.14.4               hb4ffafa_1               conda-forge
2025-01-09T18:17:18.9538516Z   ca-certificates                2024.6.2             hbcca054_0               conda-forge
2025-01-09T18:17:18.9538986Z   cached-property                1.5.2                hd8ed1ab_1               conda-forge
2025-01-09T18:17:18.9539390Z   cached_property                1.5.2                pyha770c72_1             conda-forge
2025-01-09T18:17:18.9540113Z   cairo                          1.18.0               h3faef2a_0               conda-forge
2025-01-09T18:17:18.9540621Z   certifi                        2024.6.2             pyhd8ed1ab_0             conda-forge
2025-01-09T18:17:18.9540974Z   cffi                           1.16.0               py312hf06ca03_0          conda-forge
2025-01-09T18:17:18.9541363Z   charset-normalizer             3.3.2                pyhd8ed1ab_0             conda-forge
2025-01-09T18:17:18.9541739Z   click                          8.1.7                unix_pyh707e725_0        conda-forge
2025-01-09T18:17:18.9542091Z   codespell                      2.3.0                pyhd8ed1ab_0             conda-forge
2025-01-09T18:17:18.9542446Z   colorama                       0.4.6                pyhd8ed1ab_0             conda-forge
2025-01-09T18:17:18.9542987Z   comm                           0.2.2                pyhd8ed1ab_0             conda-forge
2025-01-09T18:17:18.9543345Z   commonmark                     0.9.1                py_0                     conda-forge
2025-01-09T18:17:18.9543721Z   contourpy                      1.2.1                py312h8572e83_0          conda-forge
2025-01-09T18:17:18.9544080Z   coverage                       7.5.3                py312h9a8786e_0          conda-forge
2025-01-09T18:17:18.9544421Z   cycler                         0.12.1               pyhd8ed1ab_0             conda-forge
2025-01-09T18:17:18.9544768Z   dataclasses                    0.8                  pyhc8e2a94_3             conda-forge
2025-01-09T18:17:18.9545122Z   debugpy                        1.8.1                py312h30efb56_0          conda-forge
2025-01-09T18:17:18.9545467Z   decorator                      5.1.1                pyhd8ed1ab_0             conda-forge
2025-01-09T18:17:18.9545820Z   defusedxml                     0.7.1                pyhd8ed1ab_0             conda-forge
2025-01-09T18:17:18.9546177Z   docutils                       0.20.1               py312h7900ff3_3          conda-forge
2025-01-09T18:17:18.9546527Z   dot2tex                        2.11.3               pyhd8ed1ab_0             conda-forge
2025-01-09T18:17:18.9546894Z   entrypoints                    0.4                  pyhd8ed1ab_0             conda-forge
2025-01-09T18:17:18.9547287Z   exceptiongroup                 1.2.0                pyhd8ed1ab_2             conda-forge
2025-01-09T18:17:18.9547664Z   executing                      2.0.1                pyhd8ed1ab_0             conda-forge
2025-01-09T18:17:18.9548001Z   expat                          2.6.2                h59595ed_0               conda-forge
2025-01-09T18:17:18.9548396Z   font-ttf-dejavu-sans-mono      2.37                 hab24e00_0               conda-forge
2025-01-09T18:17:18.9548836Z   font-ttf-inconsolata           3.000                h77eed37_0               conda-forge
2025-01-09T18:17:18.9549265Z   font-ttf-source-code-pro       2.038                h77eed37_0               conda-forge
2025-01-09T18:17:18.9549670Z   font-ttf-ubuntu                0.83                 h77eed37_2               conda-forge
2025-01-09T18:17:18.9550041Z   fontconfig                     2.14.2               h14ed4e7_0               conda-forge
2025-01-09T18:17:18.9550430Z   fonts-conda-ecosystem          1                    0                        conda-forge
2025-01-09T18:17:18.9550824Z   fonts-conda-forge              1                    0                        conda-forge
2025-01-09T18:17:18.9551192Z   fonttools                      4.53.0               py312h9a8786e_0          conda-forge
2025-01-09T18:17:18.9551538Z   fqdn                           1.5.1                pyhd8ed1ab_0             conda-forge
2025-01-09T18:17:18.9551871Z   freetype                       2.12.1               h267a509_2               conda-forge
2025-01-09T18:17:18.9552211Z   fribidi                        1.0.10               h36c2ea0_0               conda-forge
2025-01-09T18:17:18.9552590Z   future                         1.0.0                pyhd8ed1ab_0             conda-forge
2025-01-09T18:17:18.9553525Z   gdk-pixbuf                     2.42.12              hb9ae30d_0               conda-forge
2025-01-09T18:17:18.9554281Z   giflib                         5.2.2                hd590300_0               conda-forge
2025-01-09T18:17:18.9554848Z   git-lfs                        3.5.1                ha770c72_0               conda-forge
2025-01-09T18:17:18.9555444Z   gmp                            6.3.0                h59595ed_1               conda-forge
2025-01-09T18:17:18.9555998Z   gmpy2                          2.1.5                py312h1d5cde6_1          conda-forge
2025-01-09T18:17:18.9556565Z   graphite2                      1.3.13               h59595ed_1003            conda-forge
2025-01-09T18:17:18.9557162Z   graphviz                       11.0.0               hc68bbd7_0               conda-forge
2025-01-09T18:17:18.9557703Z   gtk2                           2.24.33              h280cfa0_4               conda-forge
2025-01-09T18:17:18.9558225Z   gts                            0.7.6                h977cf35_4               conda-forge
2025-01-09T18:17:18.9558804Z   h11                            0.14.0               pyhd8ed1ab_0             conda-forge
2025-01-09T18:17:18.9559382Z   h2                             4.1.0                pyhd8ed1ab_0             conda-forge
2025-01-09T18:17:18.9559956Z   h5py                           3.11.0               nompi_py312hb7ab980_102  conda-forge
2025-01-09T18:17:18.9560567Z   harfbuzz                       8.5.0                hfac3d4d_0               conda-forge
2025-01-09T18:17:18.9561160Z   hdf5                           1.14.3               nompi_hdf9ad27_105       conda-forge
2025-01-09T18:17:18.9561703Z   hpack                          4.0.0                pyh9f0ad1d_0             conda-forge
2025-01-09T18:17:18.9562287Z   httpcore                       1.0.5                pyhd8ed1ab_0             conda-forge
2025-01-09T18:17:18.9563077Z   httpx                          0.27.0               pyhd8ed1ab_0             conda-forge
2025-01-09T18:17:18.9563718Z   hyperframe                     6.0.1                pyhd8ed1ab_0             conda-forge
2025-01-09T18:17:18.9564093Z   icu                            73.2                 h59595ed_0               conda-forge
2025-01-09T18:17:18.9564657Z   idna                           3.7                  pyhd8ed1ab_0             conda-forge
2025-01-09T18:17:18.9565256Z   imagesize                      1.4.1                pyhd8ed1ab_0             conda-forge
2025-01-09T18:17:18.9565950Z   importlib-metadata             7.1.0                pyha770c72_0             conda-forge
2025-01-09T18:17:18.9566654Z   importlib_metadata             7.1.0                hd8ed1ab_0               conda-forge
2025-01-09T18:17:18.9567320Z   importlib_resources            6.4.0                pyhd8ed1ab_0             conda-forge
2025-01-09T18:17:18.9567927Z   iniconfig                      2.0.0                pyhd8ed1ab_0             conda-forge
2025-01-09T18:17:18.9568499Z   ipykernel                      6.29.4               pyh3099207_0             conda-forge
2025-01-09T18:17:18.9569076Z   ipython                        8.25.0               pyh707e725_0             conda-forge
2025-01-09T18:17:18.9569666Z   ipython_genutils               0.2.0                pyhd8ed1ab_1             conda-forge
2025-01-09T18:17:18.9570287Z   ipywidgets                     7.8.0                pyhd8ed1ab_0             conda-forge
2025-01-09T18:17:18.9570909Z   isoduration                    20.11.0              pyhd8ed1ab_0             conda-forge
2025-01-09T18:17:18.9571423Z   jedi                           0.19.1               pyhd8ed1ab_0             conda-forge
2025-01-09T18:17:18.9571969Z   jinja2                         3.1.4                pyhd8ed1ab_0             conda-forge
2025-01-09T18:17:18.9572515Z   json5                          0.9.25               pyhd8ed1ab_0             conda-forge
2025-01-09T18:17:18.9573246Z   jsonpointer                    3.0.0                py312h7900ff3_0          conda-forge
2025-01-09T18:17:18.9574026Z   jsonschema                     4.22.0               pyhd8ed1ab_0             conda-forge
2025-01-09T18:17:18.9574864Z   jsonschema-specifications      2023.12.1            pyhd8ed1ab_0             conda-forge
2025-01-09T18:17:18.9575473Z   jsonschema-with-format-nongpl  4.22.0               pyhd8ed1ab_0             conda-forge
2025-01-09T18:17:18.9575907Z   jupyter-lsp                    2.2.5                pyhd8ed1ab_0             conda-forge
2025-01-09T18:17:18.9576276Z   jupyter_client                 8.6.2                pyhd8ed1ab_0             conda-forge
2025-01-09T18:17:18.9576642Z   jupyter_core                   5.7.2                py312h7900ff3_0          conda-forge
2025-01-09T18:17:18.9577010Z   jupyter_events                 0.10.0               pyhd8ed1ab_0             conda-forge
2025-01-09T18:17:18.9577385Z   jupyter_server                 2.14.1               pyhd8ed1ab_0             conda-forge
2025-01-09T18:17:18.9577786Z   jupyter_server_terminals       0.5.3                pyhd8ed1ab_0             conda-forge
2025-01-09T18:17:18.9578187Z   jupyterlab                     4.2.2                pyhd8ed1ab_0             conda-forge
2025-01-09T18:17:18.9578579Z   jupyterlab_pygments            0.3.0                pyhd8ed1ab_1             conda-forge
2025-01-09T18:17:18.9578980Z   jupyterlab_server              2.27.2               pyhd8ed1ab_0             conda-forge
2025-01-09T18:17:18.9579376Z   jupyterlab_widgets             1.1.7                pyhd8ed1ab_0             conda-forge
2025-01-09T18:17:18.9579749Z   keyutils                       1.6.1                h166bdaf_0               conda-forge
2025-01-09T18:17:18.9580099Z   kiwisolver                     1.4.5                py312h8572e83_1          conda-forge
2025-01-09T18:17:18.9580436Z   krb5                           1.21.2               h659d440_0               conda-forge
2025-01-09T18:17:18.9580781Z   latexcodec                     2.0.1                pyh9f0ad1d_0             conda-forge
2025-01-09T18:17:18.9581125Z   lcms2                          2.16                 hb7c19ff_0               conda-forge
2025-01-09T18:17:18.9581475Z   ld_impl_linux-64               2.40                 hf3520f5_7               conda-forge
2025-01-09T18:17:18.9581814Z   lerc                           4.0.0                h27087fc_0               conda-forge
2025-01-09T18:17:18.9582134Z   libaec                         1.1.3                h59595ed_0               conda-forge
2025-01-09T18:17:18.9582475Z   libblas                        3.9.0                22_linux64_openblas      conda-forge
2025-01-09T18:17:18.9583053Z   libbrotlicommon                1.1.0                hd590300_1               conda-forge
2025-01-09T18:17:18.9583436Z   libbrotlidec                   1.1.0                hd590300_1               conda-forge
2025-01-09T18:17:18.9583798Z   libbrotlienc                   1.1.0                hd590300_1               conda-forge
2025-01-09T18:17:18.9584153Z   libcblas                       3.9.0                22_linux64_openblas      conda-forge
2025-01-09T18:17:18.9584502Z   libcurl                        8.8.0                hca28451_0               conda-forge
2025-01-09T18:17:18.9584848Z   libdeflate                     1.20                 hd590300_0               conda-forge
2025-01-09T18:17:18.9585206Z   libedit                        3.1.20191231         he28a2e2_2               conda-forge
2025-01-09T18:17:18.9585545Z   libev                          4.33                 hd590300_2               conda-forge
2025-01-09T18:17:18.9585877Z   libexpat                       2.6.2                h59595ed_0               conda-forge
2025-01-09T18:17:18.9586347Z   libffi                         3.4.2                h7f98852_5               conda-forge
2025-01-09T18:17:18.9586682Z   libgcc-ng                      13.2.0               h77fa898_10              conda-forge
2025-01-09T18:17:18.9587014Z   libgd                          2.3.3                h119a65a_9               conda-forge
2025-01-09T18:17:18.9587364Z   libgfortran-ng                 13.2.0               h69a702a_10              conda-forge
2025-01-09T18:17:18.9587921Z   libgfortran5                   13.2.0               h3d2ce59_10              conda-forge
2025-01-09T18:17:18.9588388Z   libglib                        2.80.2               h8a4344b_1               conda-forge
2025-01-09T18:17:18.9588725Z   libgomp                        13.2.0               h77fa898_10              conda-forge
2025-01-09T18:17:18.9589063Z   libiconv                       1.17                 hd590300_2               conda-forge
2025-01-09T18:17:18.9589418Z   libjpeg-turbo                  3.0.0                hd590300_1               conda-forge
2025-01-09T18:17:18.9589784Z   liblapack                      3.9.0                22_linux64_openblas      conda-forge
2025-01-09T18:17:18.9590142Z   libllvm14                      14.0.6               hcd5def8_4               conda-forge
2025-01-09T18:17:18.9590497Z   libnghttp2                     1.58.0               h47da74e_1               conda-forge
2025-01-09T18:17:18.9590843Z   libnsl                         2.0.1                hd590300_0               conda-forge
2025-01-09T18:17:18.9591211Z   libopenblas                    0.3.27               pthreads_h413a1c8_0      conda-forge
2025-01-09T18:17:18.9591565Z   libpng                         1.6.43               h2797004_0               conda-forge
2025-01-09T18:17:18.9591897Z   librsvg                        2.58.1               hadf69e7_0               conda-forge
2025-01-09T18:17:18.9592277Z   libsodium                      1.0.18               h36c2ea0_1               conda-forge
2025-01-09T18:17:18.9592626Z   libsqlite                      3.46.0               hde9e2c9_0               conda-forge
2025-01-09T18:17:18.9593136Z   libssh2                        1.11.0               h0841786_0               conda-forge
2025-01-09T18:17:18.9593489Z   libstdcxx-ng                   13.2.0               hc0a3c3a_10              conda-forge
2025-01-09T18:17:18.9593838Z   libtiff                        4.6.0                h1dd3fc0_3               conda-forge
2025-01-09T18:17:18.9594180Z   libuuid                        2.38.1               h0b41bf4_0               conda-forge
2025-01-09T18:17:18.9594518Z   libwebp                        1.4.0                h2c329e2_0               conda-forge
2025-01-09T18:17:18.9594867Z   libwebp-base                   1.4.0                hd590300_0               conda-forge
2025-01-09T18:17:18.9595209Z   libxcb                         1.15                 h0b41bf4_0               conda-forge
2025-01-09T18:17:18.9595546Z   libxcrypt                      4.4.36               hd590300_1               conda-forge
2025-01-09T18:17:18.9595888Z   libxml2                        2.12.7               hc051c1a_1               conda-forge
2025-01-09T18:17:18.9596226Z   libxslt                        1.1.39               h76b75d6_0               conda-forge
2025-01-09T18:17:18.9596559Z   libzlib                        1.3.1                h4ab18f5_1               conda-forge
2025-01-09T18:17:18.9596906Z   llvmlite                       0.42.0               py312hb06c811_1          conda-forge
2025-01-09T18:17:18.9597250Z   lxml                           5.2.2                py312hb90d8a5_0          conda-forge
2025-01-09T18:17:18.9597566Z   lz4-c                          1.9.4                hcb278e6_0               conda-forge
2025-01-09T18:17:18.9597877Z   lzo                            2.10                 hd590300_1001            conda-forge
2025-01-09T18:17:18.9598215Z   markupsafe                     2.1.5                py312h98912ed_0          conda-forge
2025-01-09T18:17:18.9598593Z   matplotlib-base                3.8.4                py312h20ab3a6_2          conda-forge
2025-01-09T18:17:18.9598990Z   matplotlib-inline              0.1.7                pyhd8ed1ab_0             conda-forge
2025-01-09T18:17:18.9599367Z   mistune                        3.0.2                pyhd8ed1ab_0             conda-forge
2025-01-09T18:17:18.9599699Z   mpc                            1.3.1                hfe3b2da_0               conda-forge
2025-01-09T18:17:18.9600291Z   mpfr                           4.2.1                h9458935_1               conda-forge
2025-01-09T18:17:18.9600986Z   mpmath                         1.3.0                pyhd8ed1ab_0             conda-forge
2025-01-09T18:17:18.9601531Z   munkres                        1.1.4                pyh9f0ad1d_0             conda-forge
2025-01-09T18:17:18.9602124Z   mypy_extensions                1.0.0                pyha770c72_0             conda-forge
2025-01-09T18:17:18.9602716Z   nbclassic                      1.1.0                pyhd8ed1ab_0             conda-forge
2025-01-09T18:17:18.9603427Z   nbclient                       0.10.0               pyhd8ed1ab_0             conda-forge
2025-01-09T18:17:18.9603784Z   nbconvert                      7.16.4               hd8ed1ab_1               conda-forge
2025-01-09T18:17:18.9604155Z   nbconvert-core                 7.16.4               pyhd8ed1ab_1             conda-forge
2025-01-09T18:17:18.9604572Z   nbconvert-pandoc               7.16.4               hd8ed1ab_1               conda-forge
2025-01-09T18:17:18.9604965Z   nbformat                       5.10.4               pyhd8ed1ab_0             conda-forge
2025-01-09T18:17:18.9605317Z   nbsphinx                       0.9.4                pyhd8ed1ab_0             conda-forge
2025-01-09T18:17:18.9605721Z   ncurses                        6.5                  h59595ed_0               conda-forge
2025-01-09T18:17:18.9606073Z   nest-asyncio                   1.6.0                pyhd8ed1ab_0             conda-forge
2025-01-09T18:17:18.9606433Z   networkx                       3.3                  pyhd8ed1ab_1             conda-forge
2025-01-09T18:17:18.9606763Z   nomkl                          1.0                  h5ca1d4c_0               conda-forge
2025-01-09T18:17:18.9607104Z   notebook                       7.2.1                pyhd8ed1ab_0             conda-forge
2025-01-09T18:17:18.9607465Z   notebook-shim                  0.2.4                pyhd8ed1ab_0             conda-forge
2025-01-09T18:17:18.9607825Z   numba                          0.59.1               py312hacefee8_0          conda-forge
2025-01-09T18:17:18.9608167Z   numexpr                        2.10.0               py312hf412c99_100        conda-forge
2025-01-09T18:17:18.9608504Z   numpy                          1.26.4               py312heda63a1_0          conda-forge
2025-01-09T18:17:18.9608845Z   numpydoc                       1.7.0                pyhd8ed1ab_1             conda-forge
2025-01-09T18:17:18.9609191Z   openjpeg                       2.5.2                h488ebb8_0               conda-forge
2025-01-09T18:17:18.9609534Z   openssl                        3.3.1                h4ab18f5_0               conda-forge
2025-01-09T18:17:18.9609882Z   overrides                      7.7.0                pyhd8ed1ab_0             conda-forge
2025-01-09T18:17:18.9610238Z   packaging                      24.1                 pyhd8ed1ab_0             conda-forge
2025-01-09T18:17:18.9610588Z   pandas                         2.2.2                py312h1d6d2e6_1          conda-forge
2025-01-09T18:17:18.9610925Z   pandoc                         3.2                  ha770c72_0               conda-forge
2025-01-09T18:17:18.9611285Z   pandocfilters                  1.5.0                pyhd8ed1ab_0             conda-forge
2025-01-09T18:17:18.9611646Z   pango                          1.54.0               h84a9a3c_0               conda-forge
2025-01-09T18:17:18.9611974Z   parso                          0.8.4                pyhd8ed1ab_0             conda-forge
2025-01-09T18:17:18.9612318Z   pathspec                       0.12.1               pyhd8ed1ab_0             conda-forge
2025-01-09T18:17:18.9612655Z   pbr                            6.0.0                pyhd8ed1ab_0             conda-forge
2025-01-09T18:17:18.9613179Z   pcre2                          10.44                h0f59acf_0               conda-forge
2025-01-09T18:17:18.9613520Z   pexpect                        4.9.0                pyhd8ed1ab_0             conda-forge
2025-01-09T18:17:18.9614276Z   pickleshare                    0.7.5                py_1003                  conda-forge
2025-01-09T18:17:18.9614781Z   pillow                         10.3.0               py312hdcec9eb_0          conda-forge
2025-01-09T18:17:18.9615119Z   pip                            24.0                 pyhd8ed1ab_0             conda-forge
2025-01-09T18:17:18.9615451Z   pixman                         0.43.2               h59595ed_0               conda-forge
2025-01-09T18:17:18.9615833Z   pkgutil-resolve-name           1.3.10               pyhd8ed1ab_1             conda-forge
2025-01-09T18:17:18.9616239Z   platformdirs                   4.2.2                pyhd8ed1ab_0             conda-forge
2025-01-09T18:17:18.9616595Z   plotly                         5.22.0               pyhd8ed1ab_0             conda-forge
2025-01-09T18:17:18.9616936Z   pluggy                         1.5.0                pyhd8ed1ab_0             conda-forge
2025-01-09T18:17:18.9617310Z   prometheus_client              0.20.0               pyhd8ed1ab_0             conda-forge
2025-01-09T18:17:18.9617715Z   prompt-toolkit                 3.0.47               pyha770c72_0             conda-forge
2025-01-09T18:17:18.9618079Z   psutil                         5.9.8                py312h98912ed_0          conda-forge
2025-01-09T18:17:18.9618439Z   pthread-stubs                  0.4                  h36c2ea0_1001            conda-forge
2025-01-09T18:17:18.9618807Z   ptyprocess                     0.7.0                pyhd3deb0d_0             conda-forge
2025-01-09T18:17:18.9619171Z   pure_eval                      0.2.2                pyhd8ed1ab_0             conda-forge
2025-01-09T18:17:18.9619523Z   py-cpuinfo                     9.0.0                pyhd8ed1ab_0             conda-forge
2025-01-09T18:17:18.9619872Z   pybtex                         0.24.0               pyhd8ed1ab_2             conda-forge
2025-01-09T18:17:18.9620236Z   pybtex-docutils                1.0.3                py312h7900ff3_1          conda-forge
2025-01-09T18:17:18.9620614Z   pycparser                      2.22                 pyhd8ed1ab_0             conda-forge
2025-01-09T18:17:18.9620966Z   pyerfa                         2.0.1.4              py312h085067d_1          conda-forge
2025-01-09T18:17:18.9621310Z   pygments                       2.18.0               pyhd8ed1ab_0             conda-forge
2025-01-09T18:17:18.9621667Z   pygraphviz                     1.13                 py312h4a1d8a7_1          conda-forge
2025-01-09T18:17:18.9622034Z   pyparsing                      3.1.2                pyhd8ed1ab_0             conda-forge
2025-01-09T18:17:18.9622384Z   pysocks                        1.7.1                pyha2e5f31_6             conda-forge
2025-01-09T18:17:18.9622730Z   pytables                       3.9.2                py312h96d95ec_2          conda-forge
2025-01-09T18:17:18.9623278Z   pytest                         8.2.2                pyhd8ed1ab_0             conda-forge
2025-01-09T18:17:18.9623631Z   pytest-cov                     5.0.0                pyhd8ed1ab_0             conda-forge
2025-01-09T18:17:18.9624021Z   pytest-doctestplus             1.2.1                pyhd8ed1ab_0             conda-forge
2025-01-09T18:17:18.9624409Z   pytest-html                    4.1.1                pyhd8ed1ab_0             conda-forge
2025-01-09T18:17:18.9624784Z   pytest-metadata                3.1.1                pyhd8ed1ab_0             conda-forge
2025-01-09T18:17:18.9625150Z   python                         3.12.4               h194c7f8_0_cpython       conda-forge
2025-01-09T18:17:18.9625518Z   python-dateutil                2.9.0                pyhd8ed1ab_0             conda-forge
2025-01-09T18:17:18.9625930Z   python-fastjsonschema          2.20.0               pyhd8ed1ab_0             conda-forge
2025-01-09T18:17:18.9626350Z   python-json-logger             2.0.7                pyhd8ed1ab_0             conda-forge
2025-01-09T18:17:18.9626748Z   python-tzdata                  2024.1               pyhd8ed1ab_0             conda-forge
2025-01-09T18:17:18.9627248Z   python_abi                     3.12                 4_cp312                  conda-forge
2025-01-09T18:17:18.9627716Z   pytz                           2024.1               pyhd8ed1ab_0             conda-forge
2025-01-09T18:17:18.9628061Z   pyyaml                         6.0.1                py312h98912ed_1          conda-forge
2025-01-09T18:17:18.9628397Z   pyzmq                          26.0.3               py312h8fd38d8_0          conda-forge
2025-01-09T18:17:18.9628730Z   qgrid                          1.3.1                pyhd8ed1ab_4             conda-forge
2025-01-09T18:17:18.9629112Z   radioactivedecay               0.5.1                pyhd8ed1ab_0             conda-forge
2025-01-09T18:17:18.9629499Z   readline                       8.2                  h8228510_1               conda-forge
2025-01-09T18:17:18.9629863Z   recommonmark                   0.7.1                pyhd8ed1ab_0             conda-forge
2025-01-09T18:17:18.9630242Z   referencing                    0.35.1               pyhd8ed1ab_0             conda-forge
2025-01-09T18:17:18.9630611Z   requests                       2.32.3               pyhd8ed1ab_0             conda-forge
2025-01-09T18:17:18.9630990Z   rfc3339-validator              0.1.4                pyhd8ed1ab_0             conda-forge
2025-01-09T18:17:18.9631396Z   rfc3986-validator              0.1.1                pyh9f0ad1d_0             conda-forge
2025-01-09T18:17:18.9631766Z   rpds-py                        0.18.1               py312h4413252_0          conda-forge
2025-01-09T18:17:18.9632095Z   ruff                           0.4.9                py312h5715c7c_0          conda-forge
2025-01-09T18:17:18.9632427Z   scipy                          1.13.1               py312hc2bc53b_0          conda-forge
2025-01-09T18:17:18.9632957Z   send2trash                     1.8.3                pyh0d859eb_0             conda-forge
2025-01-09T18:17:18.9633328Z   setuptools                     70.0.0               pyhd8ed1ab_0             conda-forge
2025-01-09T18:17:18.9633711Z   setuptools-scm                 8.1.0                pyhd8ed1ab_0             conda-forge
2025-01-09T18:17:18.9634095Z   setuptools_scm                 8.1.0                hd8ed1ab_0               conda-forge
2025-01-09T18:17:18.9634441Z   six                            1.16.0               pyh6c4a22f_0             conda-forge
2025-01-09T18:17:18.9634773Z   snakeviz                       2.2.0                pyhd8ed1ab_0             conda-forge
2025-01-09T18:17:18.9635114Z   snappy                         1.2.0                hdb0a2a9_1               conda-forge
2025-01-09T18:17:18.9635455Z   sniffio                        1.3.1                pyhd8ed1ab_0             conda-forge
2025-01-09T18:17:18.9635825Z   snowballstemmer                2.2.0                pyhd8ed1ab_0             conda-forge
2025-01-09T18:17:18.9636202Z   soupsieve                      2.5                  pyhd8ed1ab_1             conda-forge
2025-01-09T18:17:18.9636546Z   sphinx                         7.3.7                pyhd8ed1ab_0             conda-forge
2025-01-09T18:17:18.9637106Z   sphinx-astropy                 1.9.1                pyhd8ed1ab_0             conda-forge
2025-01-09T18:17:18.9637793Z   sphinx-automodapi              0.17.0               pyh717bed2_1             conda-forge
2025-01-09T18:17:18.9638397Z   sphinx-gallery                 0.16.0               pyhd8ed1ab_0             conda-forge
2025-01-09T18:17:18.9638799Z   sphinx-jsonschema              1.19.1               pyhd8ed1ab_0             conda-forge
2025-01-09T18:17:18.9639213Z   sphinx_bootstrap_theme         0.8.1                pyhd8ed1ab_0             conda-forge
2025-01-09T18:17:18.9639614Z   sphinx_rtd_theme               2.0.0                pyha770c72_0             conda-forge
2025-01-09T18:17:18.9640013Z   sphinxcontrib-apidoc           0.3.0                py_1                     conda-forge
2025-01-09T18:17:18.9640451Z   sphinxcontrib-applehelp        1.0.8                pyhd8ed1ab_0             conda-forge
2025-01-09T18:17:18.9641052Z   sphinxcontrib-bibtex           2.6.2                pyhd8ed1ab_0             conda-forge
2025-01-09T18:17:18.9641668Z   sphinxcontrib-devhelp          1.0.6                pyhd8ed1ab_0             conda-forge
2025-01-09T18:17:18.9642106Z   sphinxcontrib-htmlhelp         2.0.5                pyhd8ed1ab_0             conda-forge
2025-01-09T18:17:18.9642537Z   sphinxcontrib-jquery           4.1                  pyhd8ed1ab_0             conda-forge
2025-01-09T18:17:18.9643169Z   sphinxcontrib-jsmath           1.0.1                pyhd8ed1ab_0             conda-forge
2025-01-09T18:17:18.9643594Z   sphinxcontrib-qthelp           1.0.7                pyhd8ed1ab_0             conda-forge
2025-01-09T18:17:18.9644065Z   sphinxcontrib-serializinghtml  1.1.10               pyhd8ed1ab_0             conda-forge
2025-01-09T18:17:18.9644497Z   stack_data                     0.6.2                pyhd8ed1ab_0             conda-forge
2025-01-09T18:17:18.9644839Z   sympy                          1.12.1               pypyh2585a3b_103         conda-forge
2025-01-09T18:17:18.9645183Z   tabulate                       0.9.0                pyhd8ed1ab_1             conda-forge
2025-01-09T18:17:18.9645535Z   tenacity                       8.4.1                pyhd8ed1ab_0             conda-forge
2025-01-09T18:17:18.9645884Z   terminado                      0.18.1               pyh0d859eb_0             conda-forge
2025-01-09T18:17:18.9646235Z   tinycss2                       1.3.0                pyhd8ed1ab_0             conda-forge
2025-01-09T18:17:18.9646562Z   tk                             8.6.13               noxft_h4845f30_101       conda-forge
2025-01-09T18:17:18.9646877Z   toml                           0.10.2               pyhd8ed1ab_0             conda-forge
2025-01-09T18:17:18.9647205Z   tomli                          2.0.1                pyhd8ed1ab_0             conda-forge
2025-01-09T18:17:18.9647542Z   tornado                        6.4.1                py312h9a8786e_0          conda-forge
2025-01-09T18:17:18.9647876Z   tqdm                           4.66.4               pyhd8ed1ab_0             conda-forge
2025-01-09T18:17:18.9648219Z   traitlets                      5.14.3               pyhd8ed1ab_0             conda-forge
2025-01-09T18:17:18.9648573Z   typed-ast                      1.5.5                py312h98912ed_1          conda-forge
2025-01-09T18:17:18.9648978Z   types-python-dateutil          2.9.0.20240316       pyhd8ed1ab_0             conda-forge
2025-01-09T18:17:18.9649414Z   typing-extensions              4.12.2               hd8ed1ab_0               conda-forge
2025-01-09T18:17:18.9649818Z   typing_extensions              4.12.2               pyha770c72_0             conda-forge
2025-01-09T18:17:18.9650197Z   typing_utils                   0.1.0                pyhd8ed1ab_0             conda-forge
2025-01-09T18:17:18.9650553Z   tzdata                         2024a                h0c530f3_0               conda-forge
2025-01-09T18:17:18.9650911Z   uri-template                   1.3.0                pyhd8ed1ab_0             conda-forge
2025-01-09T18:17:18.9651274Z   urllib3                        2.2.2                pyhd8ed1ab_0             conda-forge
2025-01-09T18:17:18.9651631Z   wcwidth                        0.2.13               pyhd8ed1ab_0             conda-forge
2025-01-09T18:17:18.9652007Z   webcolors                      24.6.0               pyhd8ed1ab_0             conda-forge
2025-01-09T18:17:18.9652373Z   webencodings                   0.5.1                pyhd8ed1ab_2             conda-forge
2025-01-09T18:17:18.9652912Z   websocket-client               1.8.0                pyhd8ed1ab_0             conda-forge
2025-01-09T18:17:18.9653292Z   wheel                          0.43.0               pyhd8ed1ab_1             conda-forge
2025-01-09T18:17:18.9653682Z   widgetsnbextension             3.6.6                pyhd8ed1ab_0             conda-forge
2025-01-09T18:17:18.9654080Z   xorg-kbproto                   1.0.7                h7f98852_1002            conda-forge
2025-01-09T18:17:18.9654573Z   xorg-libice                    1.1.1                hd590300_0               conda-forge
2025-01-09T18:17:18.9655027Z   xorg-libsm                     1.2.4                h7391055_0               conda-forge
2025-01-09T18:17:18.9655385Z   xorg-libx11                    1.8.9                h8ee46fc_0               conda-forge
2025-01-09T18:17:18.9655741Z   xorg-libxau                    1.0.11               hd590300_0               conda-forge
2025-01-09T18:17:18.9656389Z   xorg-libxdmcp                  1.1.3                h7f98852_0               conda-forge
2025-01-09T18:17:18.9657048Z   xorg-libxext                   1.3.4                h0b41bf4_2               conda-forge
2025-01-09T18:17:18.9657712Z   xorg-libxrender                0.9.11               hd590300_0               conda-forge
2025-01-09T18:17:18.9658342Z   xorg-renderproto               0.11.1               h7f98852_1002            conda-forge
2025-01-09T18:17:18.9658734Z   xorg-xextproto                 7.3.0                h0b41bf4_1003            conda-forge
2025-01-09T18:17:18.9659110Z   xorg-xproto                    7.0.31               h7f98852_1007            conda-forge
2025-01-09T18:17:18.9659447Z   xz                             5.2.6                h166bdaf_0               conda-forge
2025-01-09T18:17:18.9659756Z   yaml                           0.2.5                h7f98852_2               conda-forge
2025-01-09T18:17:18.9660077Z   zeromq                         4.3.5                h75354e8_4               conda-forge
2025-01-09T18:17:18.9660409Z   zipp                           3.19.2               pyhd8ed1ab_0             conda-forge
2025-01-09T18:17:18.9660729Z   zlib                           1.3.1                h4ab18f5_1               conda-forge
2025-01-09T18:17:18.9661046Z   zlib-ng                        2.0.7                h0b41bf4_0               conda-forge
2025-01-09T18:17:18.9661368Z   zstd                           1.5.6                ha6fb4c9_0               conda-forge
2025-01-09T18:17:18.9661881Z ##[endgroup]
2025-01-09T18:17:18.9694561Z ##[group]Run pip install -e . --user
2025-01-09T18:17:18.9694880Z [36;1mpip install -e . --user[0m
2025-01-09T18:17:18.9724249Z shell: /usr/bin/bash -l {0}
2025-01-09T18:17:18.9724486Z env:
2025-01-09T18:17:18.9724656Z   CACHE_NUMBER: 0
2025-01-09T18:17:18.9725269Z   PYTEST_FLAGS: --tardis-regression-data=/home/runner/work/tardis/tardis/tardis-regression-data --cov=tardis --cov-report=xml --cov-report=html --cov-append
2025-01-09T18:17:18.9725926Z   CODECOV_TOKEN: 
2025-01-09T18:17:18.9726147Z   MAMBA_ROOT_PREFIX: /home/runner/micromamba
2025-01-09T18:17:18.9726452Z   MAMBA_EXE: /home/runner/micromamba-bin/micromamba
2025-01-09T18:17:18.9726803Z   CONDARC: /home/runner/work/_temp/setup-micromamba/.condarc
2025-01-09T18:17:18.9727101Z ##[endgroup]
2025-01-09T18:17:19.7429661Z Obtaining file:///home/runner/work/tardis/tardis
2025-01-09T18:17:19.7458230Z   Installing build dependencies: started
2025-01-09T18:17:22.7785941Z   Installing build dependencies: finished with status 'done'
2025-01-09T18:17:22.7792182Z   Checking if build backend supports build_editable: started
2025-01-09T18:17:22.9140603Z   Checking if build backend supports build_editable: finished with status 'done'
2025-01-09T18:17:22.9148578Z   Getting requirements to build editable: started
2025-01-09T18:17:23.3913603Z   Getting requirements to build editable: finished with status 'done'
2025-01-09T18:17:23.3922014Z   Preparing editable metadata (pyproject.toml): started
2025-01-09T18:17:23.8588929Z   Preparing editable metadata (pyproject.toml): finished with status 'done'
2025-01-09T18:17:23.9186723Z Requirement already satisfied: astropy in /home/runner/micromamba/envs/tardis/lib/python3.12/site-packages (from tardis==0.0.0) (6.1.1)
2025-01-09T18:17:23.9610312Z Requirement already satisfied: numpy>=1.23 in /home/runner/micromamba/envs/tardis/lib/python3.12/site-packages (from astropy->tardis==0.0.0) (1.26.4)
2025-01-09T18:17:23.9622141Z Requirement already satisfied: pyerfa>=2.0.1.1 in /home/runner/micromamba/envs/tardis/lib/python3.12/site-packages (from astropy->tardis==0.0.0) (2.0.1.4)
2025-01-09T18:17:23.9632464Z Requirement already satisfied: astropy-iers-data>=0.2024.5.27.0.30.8 in /home/runner/micromamba/envs/tardis/lib/python3.12/site-packages (from astropy->tardis==0.0.0) (0.2024.6.17.0.31.35)
2025-01-09T18:17:23.9643722Z Requirement already satisfied: PyYAML>=3.13 in /home/runner/micromamba/envs/tardis/lib/python3.12/site-packages (from astropy->tardis==0.0.0) (6.0.1)
2025-01-09T18:17:23.9654060Z Requirement already satisfied: packaging>=19.0 in /home/runner/micromamba/envs/tardis/lib/python3.12/site-packages (from astropy->tardis==0.0.0) (24.1)
2025-01-09T18:17:23.9743917Z Building wheels for collected packages: tardis
2025-01-09T18:17:23.9752659Z   Building editable for tardis (pyproject.toml): started
2025-01-09T18:17:24.7301147Z   Building editable for tardis (pyproject.toml): finished with status 'done'
2025-01-09T18:17:24.7308934Z   Created wheel for tardis: filename=tardis-0.0.0-0.editable-py3-none-any.whl size=8878 sha256=9e6d1b57b07bf1b0a6b9e8249dc966b1c14816c1b023671e5d2daf28862bd521
2025-01-09T18:17:24.7310258Z   Stored in directory: /tmp/pip-ephem-wheel-cache-7iq7pu3x/wheels/6a/c7/ae/89fa6dc2565455898176888ef0e2e475e4e90eb0124afcb995
2025-01-09T18:17:24.7337113Z Successfully built tardis
2025-01-09T18:17:25.5199636Z Installing collected packages: tardis
2025-01-09T18:17:25.5294586Z Successfully installed tardis-0.0.0
2025-01-09T18:17:25.7879486Z ##[group]Run pip install qgridnext
2025-01-09T18:17:25.7879820Z [36;1mpip install qgridnext[0m
2025-01-09T18:17:25.7906619Z shell: /usr/bin/bash -l {0}
2025-01-09T18:17:25.7906864Z env:
2025-01-09T18:17:25.7907037Z   CACHE_NUMBER: 0
2025-01-09T18:17:25.7907657Z   PYTEST_FLAGS: --tardis-regression-data=/home/runner/work/tardis/tardis/tardis-regression-data --cov=tardis --cov-report=xml --cov-report=html --cov-append
2025-01-09T18:17:25.7908318Z   CODECOV_TOKEN: 
2025-01-09T18:17:25.7908536Z   MAMBA_ROOT_PREFIX: /home/runner/micromamba
2025-01-09T18:17:25.7908836Z   MAMBA_EXE: /home/runner/micromamba-bin/micromamba
2025-01-09T18:17:25.7909198Z   CONDARC: /home/runner/work/_temp/setup-micromamba/.condarc
2025-01-09T18:17:25.7909498Z ##[endgroup]
2025-01-09T18:17:26.5221040Z Collecting qgridnext
2025-01-09T18:17:26.5599232Z   Downloading qgridnext-2.0.4-py3-none-any.whl.metadata (9.9 kB)
2025-01-09T18:17:26.5698169Z Requirement already satisfied: pandas>=0.20.0 in /home/runner/micromamba/envs/tardis/lib/python3.12/site-packages (from qgridnext) (2.2.2)
2025-01-09T18:17:26.5706923Z Requirement already satisfied: ipywidgets>=7.0.0 in /home/runner/micromamba/envs/tardis/lib/python3.12/site-packages (from qgridnext) (7.8.0)
2025-01-09T18:17:26.5715609Z Requirement already satisfied: numpy in /home/runner/micromamba/envs/tardis/lib/python3.12/site-packages (from qgridnext) (1.26.4)
2025-01-09T18:17:26.5725187Z Requirement already satisfied: traitlets in /home/runner/micromamba/envs/tardis/lib/python3.12/site-packages (from qgridnext) (5.14.3)
2025-01-09T18:17:26.5808879Z Requirement already satisfied: comm>=0.1.3 in /home/runner/micromamba/envs/tardis/lib/python3.12/site-packages (from ipywidgets>=7.0.0->qgridnext) (0.2.2)
2025-01-09T18:17:26.5817163Z Requirement already satisfied: ipython-genutils~=0.2.0 in /home/runner/micromamba/envs/tardis/lib/python3.12/site-packages (from ipywidgets>=7.0.0->qgridnext) (0.2.0)
2025-01-09T18:17:26.5829548Z Requirement already satisfied: widgetsnbextension~=3.6.5 in /home/runner/micromamba/envs/tardis/lib/python3.12/site-packages (from ipywidgets>=7.0.0->qgridnext) (3.6.6)
2025-01-09T18:17:26.5847840Z Requirement already satisfied: ipython>=4.0.0 in /home/runner/micromamba/envs/tardis/lib/python3.12/site-packages (from ipywidgets>=7.0.0->qgridnext) (8.25.0)
2025-01-09T18:17:26.5861799Z Requirement already satisfied: jupyterlab-widgets<3,>=1.0.0 in /home/runner/micromamba/envs/tardis/lib/python3.12/site-packages (from ipywidgets>=7.0.0->qgridnext) (1.1.7)
2025-01-09T18:17:26.6302367Z Requirement already satisfied: python-dateutil>=2.8.2 in /home/runner/micromamba/envs/tardis/lib/python3.12/site-packages (from pandas>=0.20.0->qgridnext) (2.9.0)
2025-01-09T18:17:26.6316672Z Requirement already satisfied: pytz>=2020.1 in /home/runner/micromamba/envs/tardis/lib/python3.12/site-packages (from pandas>=0.20.0->qgridnext) (2024.1)
2025-01-09T18:17:26.6324355Z Requirement already satisfied: tzdata>=2022.7 in /home/runner/micromamba/envs/tardis/lib/python3.12/site-packages (from pandas>=0.20.0->qgridnext) (2024.1)
2025-01-09T18:17:26.6634435Z Requirement already satisfied: decorator in /home/runner/micromamba/envs/tardis/lib/python3.12/site-packages (from ipython>=4.0.0->ipywidgets>=7.0.0->qgridnext) (5.1.1)
2025-01-09T18:17:26.6648399Z Requirement already satisfied: jedi>=0.16 in /home/runner/micromamba/envs/tardis/lib/python3.12/site-packages (from ipython>=4.0.0->ipywidgets>=7.0.0->qgridnext) (0.19.1)
2025-01-09T18:17:26.6656515Z Requirement already satisfied: matplotlib-inline in /home/runner/micromamba/envs/tardis/lib/python3.12/site-packages (from ipython>=4.0.0->ipywidgets>=7.0.0->qgridnext) (0.1.7)
2025-01-09T18:17:26.6667039Z Requirement already satisfied: prompt-toolkit<3.1.0,>=3.0.41 in /home/runner/micromamba/envs/tardis/lib/python3.12/site-packages (from ipython>=4.0.0->ipywidgets>=7.0.0->qgridnext) (3.0.47)
2025-01-09T18:17:26.6675760Z Requirement already satisfied: pygments>=2.4.0 in /home/runner/micromamba/envs/tardis/lib/python3.12/site-packages (from ipython>=4.0.0->ipywidgets>=7.0.0->qgridnext) (2.18.0)
2025-01-09T18:17:26.6685191Z Requirement already satisfied: stack-data in /home/runner/micromamba/envs/tardis/lib/python3.12/site-packages (from ipython>=4.0.0->ipywidgets>=7.0.0->qgridnext) (0.6.2)
2025-01-09T18:17:26.6718433Z Requirement already satisfied: pexpect>4.3 in /home/runner/micromamba/envs/tardis/lib/python3.12/site-packages (from ipython>=4.0.0->ipywidgets>=7.0.0->qgridnext) (4.9.0)
2025-01-09T18:17:26.6752100Z Requirement already satisfied: six>=1.5 in /home/runner/micromamba/envs/tardis/lib/python3.12/site-packages (from python-dateutil>=2.8.2->pandas>=0.20.0->qgridnext) (1.16.0)
2025-01-09T18:17:26.6811458Z Requirement already satisfied: notebook>=4.4.1 in /home/runner/micromamba/envs/tardis/lib/python3.12/site-packages (from widgetsnbextension~=3.6.5->ipywidgets>=7.0.0->qgridnext) (7.2.1)
2025-01-09T18:17:26.7000274Z Requirement already satisfied: parso<0.9.0,>=0.8.3 in /home/runner/micromamba/envs/tardis/lib/python3.12/site-packages (from jedi>=0.16->ipython>=4.0.0->ipywidgets>=7.0.0->qgridnext) (0.8.4)
2025-01-09T18:17:26.7148179Z Requirement already satisfied: jupyter-server<3,>=2.4.0 in /home/runner/micromamba/envs/tardis/lib/python3.12/site-packages (from notebook>=4.4.1->widgetsnbextension~=3.6.5->ipywidgets>=7.0.0->qgridnext) (2.14.1)
2025-01-09T18:17:26.7161295Z Requirement already satisfied: jupyterlab-server<3,>=2.27.1 in /home/runner/micromamba/envs/tardis/lib/python3.12/site-packages (from notebook>=4.4.1->widgetsnbextension~=3.6.5->ipywidgets>=7.0.0->qgridnext) (2.27.2)
2025-01-09T18:17:26.7176536Z Requirement already satisfied: jupyterlab<4.3,>=4.2.0 in /home/runner/micromamba/envs/tardis/lib/python3.12/site-packages (from notebook>=4.4.1->widgetsnbextension~=3.6.5->ipywidgets>=7.0.0->qgridnext) (4.2.2)
2025-01-09T18:17:26.7186534Z Requirement already satisfied: notebook-shim<0.3,>=0.2 in /home/runner/micromamba/envs/tardis/lib/python3.12/site-packages (from notebook>=4.4.1->widgetsnbextension~=3.6.5->ipywidgets>=7.0.0->qgridnext) (0.2.4)
2025-01-09T18:17:26.7194226Z Requirement already satisfied: tornado>=6.2.0 in /home/runner/micromamba/envs/tardis/lib/python3.12/site-packages (from notebook>=4.4.1->widgetsnbextension~=3.6.5->ipywidgets>=7.0.0->qgridnext) (6.4.1)
2025-01-09T18:17:26.7224135Z Requirement already satisfied: ptyprocess>=0.5 in /home/runner/micromamba/envs/tardis/lib/python3.12/site-packages (from pexpect>4.3->ipython>=4.0.0->ipywidgets>=7.0.0->qgridnext) (0.7.0)
2025-01-09T18:17:26.7252586Z Requirement already satisfied: wcwidth in /home/runner/micromamba/envs/tardis/lib/python3.12/site-packages (from prompt-toolkit<3.1.0,>=3.0.41->ipython>=4.0.0->ipywidgets>=7.0.0->qgridnext) (0.2.13)
2025-01-09T18:17:26.7389851Z Requirement already satisfied: executing>=1.2.0 in /home/runner/micromamba/envs/tardis/lib/python3.12/site-packages (from stack-data->ipython>=4.0.0->ipywidgets>=7.0.0->qgridnext) (2.0.1)
2025-01-09T18:17:26.7398717Z Requirement already satisfied: asttokens>=2.1.0 in /home/runner/micromamba/envs/tardis/lib/python3.12/site-packages (from stack-data->ipython>=4.0.0->ipywidgets>=7.0.0->qgridnext) (2.4.1)
2025-01-09T18:17:26.7406252Z Requirement already satisfied: pure-eval in /home/runner/micromamba/envs/tardis/lib/python3.12/site-packages (from stack-data->ipython>=4.0.0->ipywidgets>=7.0.0->qgridnext) (0.2.2)
2025-01-09T18:17:26.7743061Z Requirement already satisfied: anyio>=3.1.0 in /home/runner/micromamba/envs/tardis/lib/python3.12/site-packages (from jupyter-server<3,>=2.4.0->notebook>=4.4.1->widgetsnbextension~=3.6.5->ipywidgets>=7.0.0->qgridnext) (4.4.0)
2025-01-09T18:17:26.7753203Z Requirement already satisfied: argon2-cffi>=21.1 in /home/runner/micromamba/envs/tardis/lib/python3.12/site-packages (from jupyter-server<3,>=2.4.0->notebook>=4.4.1->widgetsnbextension~=3.6.5->ipywidgets>=7.0.0->qgridnext) (23.1.0)
2025-01-09T18:17:26.7762167Z Requirement already satisfied: jinja2>=3.0.3 in /home/runner/micromamba/envs/tardis/lib/python3.12/site-packages (from jupyter-server<3,>=2.4.0->notebook>=4.4.1->widgetsnbextension~=3.6.5->ipywidgets>=7.0.0->qgridnext) (3.1.4)
2025-01-09T18:17:26.7773987Z Requirement already satisfied: jupyter-client>=7.4.4 in /home/runner/micromamba/envs/tardis/lib/python3.12/site-packages (from jupyter-server<3,>=2.4.0->notebook>=4.4.1->widgetsnbextension~=3.6.5->ipywidgets>=7.0.0->qgridnext) (8.6.2)
2025-01-09T18:17:26.7785554Z Requirement already satisfied: jupyter-core!=5.0.*,>=4.12 in /home/runner/micromamba/envs/tardis/lib/python3.12/site-packages (from jupyter-server<3,>=2.4.0->notebook>=4.4.1->widgetsnbextension~=3.6.5->ipywidgets>=7.0.0->qgridnext) (5.7.2)
2025-01-09T18:17:26.7796822Z Requirement already satisfied: jupyter-events>=0.9.0 in /home/runner/micromamba/envs/tardis/lib/python3.12/site-packages (from jupyter-server<3,>=2.4.0->notebook>=4.4.1->widgetsnbextension~=3.6.5->ipywidgets>=7.0.0->qgridnext) (0.10.0)
2025-01-09T18:17:26.7808060Z Requirement already satisfied: jupyter-server-terminals>=0.4.4 in /home/runner/micromamba/envs/tardis/lib/python3.12/site-packages (from jupyter-server<3,>=2.4.0->notebook>=4.4.1->widgetsnbextension~=3.6.5->ipywidgets>=7.0.0->qgridnext) (0.5.3)
2025-01-09T18:17:26.7821735Z Requirement already satisfied: nbconvert>=6.4.4 in /home/runner/micromamba/envs/tardis/lib/python3.12/site-packages (from jupyter-server<3,>=2.4.0->notebook>=4.4.1->widgetsnbextension~=3.6.5->ipywidgets>=7.0.0->qgridnext) (7.16.4)
2025-01-09T18:17:26.7832235Z Requirement already satisfied: nbformat>=5.3.0 in /home/runner/micromamba/envs/tardis/lib/python3.12/site-packages (from jupyter-server<3,>=2.4.0->notebook>=4.4.1->widgetsnbextension~=3.6.5->ipywidgets>=7.0.0->qgridnext) (5.10.4)
2025-01-09T18:17:26.7841861Z Requirement already satisfied: overrides>=5.0 in /home/runner/micromamba/envs/tardis/lib/python3.12/site-packages (from jupyter-server<3,>=2.4.0->notebook>=4.4.1->widgetsnbextension~=3.6.5->ipywidgets>=7.0.0->qgridnext) (7.7.0)
2025-01-09T18:17:26.7851979Z Requirement already satisfied: packaging>=22.0 in /home/runner/micromamba/envs/tardis/lib/python3.12/site-packages (from jupyter-server<3,>=2.4.0->notebook>=4.4.1->widgetsnbextension~=3.6.5->ipywidgets>=7.0.0->qgridnext) (24.1)
2025-01-09T18:17:26.7860970Z Requirement already satisfied: prometheus-client>=0.9 in /home/runner/micromamba/envs/tardis/lib/python3.12/site-packages (from jupyter-server<3,>=2.4.0->notebook>=4.4.1->widgetsnbextension~=3.6.5->ipywidgets>=7.0.0->qgridnext) (0.20.0)
2025-01-09T18:17:26.7872135Z Requirement already satisfied: pyzmq>=24 in /home/runner/micromamba/envs/tardis/lib/python3.12/site-packages (from jupyter-server<3,>=2.4.0->notebook>=4.4.1->widgetsnbextension~=3.6.5->ipywidgets>=7.0.0->qgridnext) (26.0.3)
2025-01-09T18:17:26.7881339Z Requirement already satisfied: send2trash>=1.8.2 in /home/runner/micromamba/envs/tardis/lib/python3.12/site-packages (from jupyter-server<3,>=2.4.0->notebook>=4.4.1->widgetsnbextension~=3.6.5->ipywidgets>=7.0.0->qgridnext) (1.8.3)
2025-01-09T18:17:26.7893026Z Requirement already satisfied: terminado>=0.8.3 in /home/runner/micromamba/envs/tardis/lib/python3.12/site-packages (from jupyter-server<3,>=2.4.0->notebook>=4.4.1->widgetsnbextension~=3.6.5->ipywidgets>=7.0.0->qgridnext) (0.18.1)
2025-01-09T18:17:26.7910499Z Requirement already satisfied: websocket-client>=1.7 in /home/runner/micromamba/envs/tardis/lib/python3.12/site-packages (from jupyter-server<3,>=2.4.0->notebook>=4.4.1->widgetsnbextension~=3.6.5->ipywidgets>=7.0.0->qgridnext) (1.8.0)
2025-01-09T18:17:26.8198059Z Requirement already satisfied: async-lru>=1.0.0 in /home/runner/micromamba/envs/tardis/lib/python3.12/site-packages (from jupyterlab<4.3,>=4.2.0->notebook>=4.4.1->widgetsnbextension~=3.6.5->ipywidgets>=7.0.0->qgridnext) (2.0.4)
2025-01-09T18:17:26.8210054Z Requirement already satisfied: httpx>=0.25.0 in /home/runner/micromamba/envs/tardis/lib/python3.12/site-packages (from jupyterlab<4.3,>=4.2.0->notebook>=4.4.1->widgetsnbextension~=3.6.5->ipywidgets>=7.0.0->qgridnext) (0.27.0)
2025-01-09T18:17:26.8222147Z Requirement already satisfied: ipykernel>=6.5.0 in /home/runner/micromamba/envs/tardis/lib/python3.12/site-packages (from jupyterlab<4.3,>=4.2.0->notebook>=4.4.1->widgetsnbextension~=3.6.5->ipywidgets>=7.0.0->qgridnext) (6.29.4)
2025-01-09T18:17:26.8236355Z Requirement already satisfied: jupyter-lsp>=2.0.0 in /home/runner/micromamba/envs/tardis/lib/python3.12/site-packages (from jupyterlab<4.3,>=4.2.0->notebook>=4.4.1->widgetsnbextension~=3.6.5->ipywidgets>=7.0.0->qgridnext) (2.2.5)
2025-01-09T18:17:26.8262053Z Requirement already satisfied: setuptools>=40.1.0 in /home/runner/micromamba/envs/tardis/lib/python3.12/site-packages (from jupyterlab<4.3,>=4.2.0->notebook>=4.4.1->widgetsnbextension~=3.6.5->ipywidgets>=7.0.0->qgridnext) (70.0.0)
2025-01-09T18:17:26.8454393Z Requirement already satisfied: babel>=2.10 in /home/runner/micromamba/envs/tardis/lib/python3.12/site-packages (from jupyterlab-server<3,>=2.27.1->notebook>=4.4.1->widgetsnbextension~=3.6.5->ipywidgets>=7.0.0->qgridnext) (2.14.0)
2025-01-09T18:17:26.8480983Z Requirement already satisfied: json5>=0.9.0 in /home/runner/micromamba/envs/tardis/lib/python3.12/site-packages (from jupyterlab-server<3,>=2.27.1->notebook>=4.4.1->widgetsnbextension~=3.6.5->ipywidgets>=7.0.0->qgridnext) (0.9.25)
2025-01-09T18:17:26.8491761Z Requirement already satisfied: jsonschema>=4.18.0 in /home/runner/micromamba/envs/tardis/lib/python3.12/site-packages (from jupyterlab-server<3,>=2.27.1->notebook>=4.4.1->widgetsnbextension~=3.6.5->ipywidgets>=7.0.0->qgridnext) (4.22.0)
2025-01-09T18:17:26.8510019Z Requirement already satisfied: requests>=2.31 in /home/runner/micromamba/envs/tardis/lib/python3.12/site-packages (from jupyterlab-server<3,>=2.27.1->notebook>=4.4.1->widgetsnbextension~=3.6.5->ipywidgets>=7.0.0->qgridnext) (2.32.3)
2025-01-09T18:17:26.8866566Z Requirement already satisfied: idna>=2.8 in /home/runner/micromamba/envs/tardis/lib/python3.12/site-packages (from anyio>=3.1.0->jupyter-server<3,>=2.4.0->notebook>=4.4.1->widgetsnbextension~=3.6.5->ipywidgets>=7.0.0->qgridnext) (3.7)
2025-01-09T18:17:26.8875499Z Requirement already satisfied: sniffio>=1.1 in /home/runner/micromamba/envs/tardis/lib/python3.12/site-packages (from anyio>=3.1.0->jupyter-server<3,>=2.4.0->notebook>=4.4.1->widgetsnbextension~=3.6.5->ipywidgets>=7.0.0->qgridnext) (1.3.1)
2025-01-09T18:17:26.8972038Z Requirement already satisfied: argon2-cffi-bindings in /home/runner/micromamba/envs/tardis/lib/python3.12/site-packages (from argon2-cffi>=21.1->jupyter-server<3,>=2.4.0->notebook>=4.4.1->widgetsnbextension~=3.6.5->ipywidgets>=7.0.0->qgridnext) (21.2.0)
2025-01-09T18:17:26.9150697Z Requirement already satisfied: certifi in /home/runner/micromamba/envs/tardis/lib/python3.12/site-packages (from httpx>=0.25.0->jupyterlab<4.3,>=4.2.0->notebook>=4.4.1->widgetsnbextension~=3.6.5->ipywidgets>=7.0.0->qgridnext) (2024.6.2)
2025-01-09T18:17:26.9165668Z Requirement already satisfied: httpcore==1.* in /home/runner/micromamba/envs/tardis/lib/python3.12/site-packages (from httpx>=0.25.0->jupyterlab<4.3,>=4.2.0->notebook>=4.4.1->widgetsnbextension~=3.6.5->ipywidgets>=7.0.0->qgridnext) (1.0.5)
2025-01-09T18:17:26.9248459Z Requirement already satisfied: h11<0.15,>=0.13 in /home/runner/micromamba/envs/tardis/lib/python3.12/site-packages (from httpcore==1.*->httpx>=0.25.0->jupyterlab<4.3,>=4.2.0->notebook>=4.4.1->widgetsnbextension~=3.6.5->ipywidgets>=7.0.0->qgridnext) (0.14.0)
2025-01-09T18:17:26.9434161Z Requirement already satisfied: debugpy>=1.6.5 in /home/runner/micromamba/envs/tardis/lib/python3.12/site-packages (from ipykernel>=6.5.0->jupyterlab<4.3,>=4.2.0->notebook>=4.4.1->widgetsnbextension~=3.6.5->ipywidgets>=7.0.0->qgridnext) (1.8.1)
2025-01-09T18:17:26.9454959Z Requirement already satisfied: nest-asyncio in /home/runner/micromamba/envs/tardis/lib/python3.12/site-packages (from ipykernel>=6.5.0->jupyterlab<4.3,>=4.2.0->notebook>=4.4.1->widgetsnbextension~=3.6.5->ipywidgets>=7.0.0->qgridnext) (1.6.0)
2025-01-09T18:17:26.9469709Z Requirement already satisfied: psutil in /home/runner/micromamba/envs/tardis/lib/python3.12/site-packages (from ipykernel>=6.5.0->jupyterlab<4.3,>=4.2.0->notebook>=4.4.1->widgetsnbextension~=3.6.5->ipywidgets>=7.0.0->qgridnext) (5.9.8)
2025-01-09T18:17:26.9536751Z Requirement already satisfied: MarkupSafe>=2.0 in /home/runner/micromamba/envs/tardis/lib/python3.12/site-packages (from jinja2>=3.0.3->jupyter-server<3,>=2.4.0->notebook>=4.4.1->widgetsnbextension~=3.6.5->ipywidgets>=7.0.0->qgridnext) (2.1.5)
2025-01-09T18:17:26.9737541Z Requirement already satisfied: attrs>=22.2.0 in /home/runner/micromamba/envs/tardis/lib/python3.12/site-packages (from jsonschema>=4.18.0->jupyterlab-server<3,>=2.27.1->notebook>=4.4.1->widgetsnbextension~=3.6.5->ipywidgets>=7.0.0->qgridnext) (23.2.0)
2025-01-09T18:17:26.9747934Z Requirement already satisfied: jsonschema-specifications>=2023.03.6 in /home/runner/micromamba/envs/tardis/lib/python3.12/site-packages (from jsonschema>=4.18.0->jupyterlab-server<3,>=2.27.1->notebook>=4.4.1->widgetsnbextension~=3.6.5->ipywidgets>=7.0.0->qgridnext) (2023.12.1)
2025-01-09T18:17:26.9756134Z Requirement already satisfied: referencing>=0.28.4 in /home/runner/micromamba/envs/tardis/lib/python3.12/site-packages (from jsonschema>=4.18.0->jupyterlab-server<3,>=2.27.1->notebook>=4.4.1->widgetsnbextension~=3.6.5->ipywidgets>=7.0.0->qgridnext) (0.35.1)
2025-01-09T18:17:26.9765024Z Requirement already satisfied: rpds-py>=0.7.1 in /home/runner/micromamba/envs/tardis/lib/python3.12/site-packages (from jsonschema>=4.18.0->jupyterlab-server<3,>=2.27.1->notebook>=4.4.1->widgetsnbextension~=3.6.5->ipywidgets>=7.0.0->qgridnext) (0.18.1)
2025-01-09T18:17:27.0044075Z Requirement already satisfied: platformdirs>=2.5 in /home/runner/micromamba/envs/tardis/lib/python3.12/site-packages (from jupyter-core!=5.0.*,>=4.12->jupyter-server<3,>=2.4.0->notebook>=4.4.1->widgetsnbextension~=3.6.5->ipywidgets>=7.0.0->qgridnext) (4.2.2)
2025-01-09T18:17:27.0196627Z Requirement already satisfied: python-json-logger>=2.0.4 in /home/runner/micromamba/envs/tardis/lib/python3.12/site-packages (from jupyter-events>=0.9.0->jupyter-server<3,>=2.4.0->notebook>=4.4.1->widgetsnbextension~=3.6.5->ipywidgets>=7.0.0->qgridnext) (2.0.7)
2025-01-09T18:17:27.0204626Z Requirement already satisfied: pyyaml>=5.3 in /home/runner/micromamba/envs/tardis/lib/python3.12/site-packages (from jupyter-events>=0.9.0->jupyter-server<3,>=2.4.0->notebook>=4.4.1->widgetsnbextension~=3.6.5->ipywidgets>=7.0.0->qgridnext) (6.0.1)
2025-01-09T18:17:27.0214616Z Requirement already satisfied: rfc3339-validator in /home/runner/micromamba/envs/tardis/lib/python3.12/site-packages (from jupyter-events>=0.9.0->jupyter-server<3,>=2.4.0->notebook>=4.4.1->widgetsnbextension~=3.6.5->ipywidgets>=7.0.0->qgridnext) (0.1.4)
2025-01-09T18:17:27.0223000Z Requirement already satisfied: rfc3986-validator>=0.1.1 in /home/runner/micromamba/envs/tardis/lib/python3.12/site-packages (from jupyter-events>=0.9.0->jupyter-server<3,>=2.4.0->notebook>=4.4.1->widgetsnbextension~=3.6.5->ipywidgets>=7.0.0->qgridnext) (0.1.1)
2025-01-09T18:17:27.0649062Z Requirement already satisfied: beautifulsoup4 in /home/runner/micromamba/envs/tardis/lib/python3.12/site-packages (from nbconvert>=6.4.4->jupyter-server<3,>=2.4.0->notebook>=4.4.1->widgetsnbextension~=3.6.5->ipywidgets>=7.0.0->qgridnext) (4.12.3)
2025-01-09T18:17:27.0668660Z Requirement already satisfied: bleach!=5.0.0 in /home/runner/micromamba/envs/tardis/lib/python3.12/site-packages (from nbconvert>=6.4.4->jupyter-server<3,>=2.4.0->notebook>=4.4.1->widgetsnbextension~=3.6.5->ipywidgets>=7.0.0->qgridnext) (6.1.0)
2025-01-09T18:17:27.0683607Z Requirement already satisfied: defusedxml in /home/runner/micromamba/envs/tardis/lib/python3.12/site-packages (from nbconvert>=6.4.4->jupyter-server<3,>=2.4.0->notebook>=4.4.1->widgetsnbextension~=3.6.5->ipywidgets>=7.0.0->qgridnext) (0.7.1)
2025-01-09T18:17:27.0698182Z Requirement already satisfied: jupyterlab-pygments in /home/runner/micromamba/envs/tardis/lib/python3.12/site-packages (from nbconvert>=6.4.4->jupyter-server<3,>=2.4.0->notebook>=4.4.1->widgetsnbextension~=3.6.5->ipywidgets>=7.0.0->qgridnext) (0.3.0)
2025-01-09T18:17:27.0709719Z Requirement already satisfied: mistune<4,>=2.0.3 in /home/runner/micromamba/envs/tardis/lib/python3.12/site-packages (from nbconvert>=6.4.4->jupyter-server<3,>=2.4.0->notebook>=4.4.1->widgetsnbextension~=3.6.5->ipywidgets>=7.0.0->qgridnext) (3.0.2)
2025-01-09T18:17:27.0721348Z Requirement already satisfied: nbclient>=0.5.0 in /home/runner/micromamba/envs/tardis/lib/python3.12/site-packages (from nbconvert>=6.4.4->jupyter-server<3,>=2.4.0->notebook>=4.4.1->widgetsnbextension~=3.6.5->ipywidgets>=7.0.0->qgridnext) (0.10.0)
2025-01-09T18:17:27.0737456Z Requirement already satisfied: pandocfilters>=1.4.1 in /home/runner/micromamba/envs/tardis/lib/python3.12/site-packages (from nbconvert>=6.4.4->jupyter-server<3,>=2.4.0->notebook>=4.4.1->widgetsnbextension~=3.6.5->ipywidgets>=7.0.0->qgridnext) (1.5.0)
2025-01-09T18:17:27.0746913Z Requirement already satisfied: tinycss2 in /home/runner/micromamba/envs/tardis/lib/python3.12/site-packages (from nbconvert>=6.4.4->jupyter-server<3,>=2.4.0->notebook>=4.4.1->widgetsnbextension~=3.6.5->ipywidgets>=7.0.0->qgridnext) (1.3.0)
2025-01-09T18:17:27.0865847Z Requirement already satisfied: fastjsonschema>=2.15 in /home/runner/micromamba/envs/tardis/lib/python3.12/site-packages (from nbformat>=5.3.0->jupyter-server<3,>=2.4.0->notebook>=4.4.1->widgetsnbextension~=3.6.5->ipywidgets>=7.0.0->qgridnext) (2.20.0)
2025-01-09T18:17:27.1181228Z Requirement already satisfied: charset-normalizer<4,>=2 in /home/runner/micromamba/envs/tardis/lib/python3.12/site-packages (from requests>=2.31->jupyterlab-server<3,>=2.27.1->notebook>=4.4.1->widgetsnbextension~=3.6.5->ipywidgets>=7.0.0->qgridnext) (3.3.2)
2025-01-09T18:17:27.1194323Z Requirement already satisfied: urllib3<3,>=1.21.1 in /home/runner/micromamba/envs/tardis/lib/python3.12/site-packages (from requests>=2.31->jupyterlab-server<3,>=2.27.1->notebook>=4.4.1->widgetsnbextension~=3.6.5->ipywidgets>=7.0.0->qgridnext) (2.2.2)
2025-01-09T18:17:27.1985873Z Requirement already satisfied: webencodings in /home/runner/micromamba/envs/tardis/lib/python3.12/site-packages (from bleach!=5.0.0->nbconvert>=6.4.4->jupyter-server<3,>=2.4.0->notebook>=4.4.1->widgetsnbextension~=3.6.5->ipywidgets>=7.0.0->qgridnext) (0.5.1)
2025-01-09T18:17:27.2562007Z Requirement already satisfied: fqdn in /home/runner/micromamba/envs/tardis/lib/python3.12/site-packages (from jsonschema[format-nongpl]>=4.18.0->jupyter-events>=0.9.0->jupyter-server<3,>=2.4.0->notebook>=4.4.1->widgetsnbextension~=3.6.5->ipywidgets>=7.0.0->qgridnext) (1.5.1)
2025-01-09T18:17:27.2580178Z Requirement already satisfied: isoduration in /home/runner/micromamba/envs/tardis/lib/python3.12/site-packages (from jsonschema[format-nongpl]>=4.18.0->jupyter-events>=0.9.0->jupyter-server<3,>=2.4.0->notebook>=4.4.1->widgetsnbextension~=3.6.5->ipywidgets>=7.0.0->qgridnext) (20.11.0)
2025-01-09T18:17:27.2594543Z Requirement already satisfied: jsonpointer>1.13 in /home/runner/micromamba/envs/tardis/lib/python3.12/site-packages (from jsonschema[format-nongpl]>=4.18.0->jupyter-events>=0.9.0->jupyter-server<3,>=2.4.0->notebook>=4.4.1->widgetsnbextension~=3.6.5->ipywidgets>=7.0.0->qgridnext) (3.0.0)
2025-01-09T18:17:27.2611774Z Requirement already satisfied: uri-template in /home/runner/micromamba/envs/tardis/lib/python3.12/site-packages (from jsonschema[format-nongpl]>=4.18.0->jupyter-events>=0.9.0->jupyter-server<3,>=2.4.0->notebook>=4.4.1->widgetsnbextension~=3.6.5->ipywidgets>=7.0.0->qgridnext) (1.3.0)
2025-01-09T18:17:27.2626532Z Requirement already satisfied: webcolors>=1.11 in /home/runner/micromamba/envs/tardis/lib/python3.12/site-packages (from jsonschema[format-nongpl]>=4.18.0->jupyter-events>=0.9.0->jupyter-server<3,>=2.4.0->notebook>=4.4.1->widgetsnbextension~=3.6.5->ipywidgets>=7.0.0->qgridnext) (24.6.0)
2025-01-09T18:17:27.3669428Z Requirement already satisfied: cffi>=1.0.1 in /home/runner/micromamba/envs/tardis/lib/python3.12/site-packages (from argon2-cffi-bindings->argon2-cffi>=21.1->jupyter-server<3,>=2.4.0->notebook>=4.4.1->widgetsnbextension~=3.6.5->ipywidgets>=7.0.0->qgridnext) (1.16.0)
2025-01-09T18:17:27.3776138Z Requirement already satisfied: soupsieve>1.2 in /home/runner/micromamba/envs/tardis/lib/python3.12/site-packages (from beautifulsoup4->nbconvert>=6.4.4->jupyter-server<3,>=2.4.0->notebook>=4.4.1->widgetsnbextension~=3.6.5->ipywidgets>=7.0.0->qgridnext) (2.5)
2025-01-09T18:17:27.4323506Z Requirement already satisfied: pycparser in /home/runner/micromamba/envs/tardis/lib/python3.12/site-packages (from cffi>=1.0.1->argon2-cffi-bindings->argon2-cffi>=21.1->jupyter-server<3,>=2.4.0->notebook>=4.4.1->widgetsnbextension~=3.6.5->ipywidgets>=7.0.0->qgridnext) (2.22)
2025-01-09T18:17:27.4826885Z Requirement already satisfied: arrow>=0.15.0 in /home/runner/micromamba/envs/tardis/lib/python3.12/site-packages (from isoduration->jsonschema[format-nongpl]>=4.18.0->jupyter-events>=0.9.0->jupyter-server<3,>=2.4.0->notebook>=4.4.1->widgetsnbextension~=3.6.5->ipywidgets>=7.0.0->qgridnext) (1.3.0)
2025-01-09T18:17:27.5132132Z Requirement already satisfied: types-python-dateutil>=2.8.10 in /home/runner/micromamba/envs/tardis/lib/python3.12/site-packages (from arrow>=0.15.0->isoduration->jsonschema[format-nongpl]>=4.18.0->jupyter-events>=0.9.0->jupyter-server<3,>=2.4.0->notebook>=4.4.1->widgetsnbextension~=3.6.5->ipywidgets>=7.0.0->qgridnext) (2.9.0.20240316)
2025-01-09T18:17:27.5442347Z Downloading qgridnext-2.0.4-py3-none-any.whl (1.3 MB)
2025-01-09T18:17:27.5934924Z    â”â”â”â”â”â”â”â”â”â”â”â”â”â”â”â”â”â”â”â”â”â”â”â”â”â”â”â”â”â”â”â”â”â”â”â”â”â”â”â” 1.3/1.3 MB 26.8 MB/s eta 0:00:00
2025-01-09T18:17:28.4056812Z Installing collected packages: qgridnext
2025-01-09T18:17:28.4982091Z Successfully installed qgridnext-2.0.4
2025-01-09T18:17:28.7244964Z ##[group]Run pytest tardis --tardis-regression-data=/home/runner/work/tardis/tardis/tardis-regression-data --cov=tardis --cov-report=xml --cov-report=html --cov-append -m " continuum"
2025-01-09T18:17:28.7246256Z [36;1mpytest tardis --tardis-regression-data=/home/runner/work/tardis/tardis/tardis-regression-data --cov=tardis --cov-report=xml --cov-report=html --cov-append -m " continuum"[0m
2025-01-09T18:17:28.7273420Z shell: /usr/bin/bash -l {0}
2025-01-09T18:17:28.7273663Z env:
2025-01-09T18:17:28.7273837Z   CACHE_NUMBER: 0
2025-01-09T18:17:28.7274451Z   PYTEST_FLAGS: --tardis-regression-data=/home/runner/work/tardis/tardis/tardis-regression-data --cov=tardis --cov-report=xml --cov-report=html --cov-append
2025-01-09T18:17:28.7275094Z   CODECOV_TOKEN: 
2025-01-09T18:17:28.7275314Z   MAMBA_ROOT_PREFIX: /home/runner/micromamba
2025-01-09T18:17:28.7275618Z   MAMBA_EXE: /home/runner/micromamba-bin/micromamba
2025-01-09T18:17:28.7276014Z   CONDARC: /home/runner/work/_temp/setup-micromamba/.condarc
2025-01-09T18:17:28.7276321Z ##[endgroup]
2025-01-09T18:17:39.0980677Z ============================= test session starts ==============================
2025-01-09T18:17:39.0981921Z platform linux -- Python 3.12.4, pytest-8.2.2, pluggy-1.5.0
2025-01-09T18:17:39.0982534Z rootdir: /home/runner/work/tardis/tardis
2025-01-09T18:17:39.0983320Z configfile: pyproject.toml
2025-01-09T18:17:39.0983917Z plugins: anyio-4.4.0, doctestplus-1.2.1, cov-5.0.0, html-4.1.1, metadata-3.1.1
2025-01-09T18:17:39.0984644Z collected 1796 items / 1794 deselected / 2 selected
2025-01-09T18:17:39.0984999Z 
2025-01-09T18:18:23.5135973Z tardis/transport/montecarlo/estimators/tests/test_continuum_property_solver.py F [ 50%]
2025-01-09T18:18:23.5138579Z                                                                          [ 50%]
2025-01-09T18:18:54.5395656Z tardis/transport/montecarlo/tests/test_continuum.py F                    [100%]
2025-01-09T18:18:54.5396366Z 
2025-01-09T18:18:54.5396608Z =================================== FAILURES ===================================
2025-01-09T18:18:54.5397259Z __________________________ test_continuum_estimators ___________________________
2025-01-09T18:18:54.5397732Z 
2025-01-09T18:18:54.5398900Z continuum_config = {'tardis_config_version': 'v1.0', 'supernova': {'luminosity_requested': <Quantity 4.31528298e+42 erg / s>, 'time_explo...': 10.0, 'survival_probability': 0.0, 'enable_biasing': False, 'virtual_packet_logging': False}}, 'config_dirname': ''}
2025-01-09T18:18:54.5400521Z nlte_atomic_dataset = <Atomic Data UUID=None MD5=None Lines=69056 Levels=26012>
2025-01-09T18:18:54.5401033Z 
2025-01-09T18:18:54.5401197Z     @pytest.mark.continuum
2025-01-09T18:18:54.5401606Z     def test_continuum_estimators(
2025-01-09T18:18:54.5402034Z         continuum_config,
2025-01-09T18:18:54.5402405Z         nlte_atomic_dataset,
2025-01-09T18:18:54.5403040Z     ):
2025-01-09T18:18:54.5403431Z         nlte_atomic_dataset = deepcopy(nlte_atomic_dataset)
2025-01-09T18:18:54.5403983Z         continuum_simulation = Simulation.from_config(
2025-01-09T18:18:54.5404455Z             continuum_config,
2025-01-09T18:18:54.5404844Z             atom_data=nlte_atomic_dataset,
2025-01-09T18:18:54.5405287Z             virtual_packet_logging=False,
2025-01-09T18:18:54.5405685Z         )
2025-01-09T18:18:54.5406002Z         # continuum_simulation.run_convergence()
2025-01-09T18:18:54.5406483Z         continuum_properties_solver_dilute_bb = (
2025-01-09T18:18:54.5406993Z             DiluteBlackBodyContinuumPropertiesSolver(
2025-01-09T18:18:54.5407523Z                 continuum_simulation.plasma.atomic_data
2025-01-09T18:18:54.5407973Z             )
2025-01-09T18:18:54.5408272Z         )
2025-01-09T18:18:54.5408533Z     
2025-01-09T18:18:54.5408838Z         continuum_properties_dilute_bb = (
2025-01-09T18:18:54.5409333Z             continuum_properties_solver_dilute_bb.solve(
2025-01-09T18:18:54.5409939Z                 continuum_simulation.simulation_state.radiation_field_state,
2025-01-09T18:18:54.5410936Z                 continuum_simulation.plasma.t_electrons,
2025-01-09T18:18:54.5411399Z             )
2025-01-09T18:18:54.5411680Z         )
2025-01-09T18:18:54.5411943Z     
2025-01-09T18:18:54.5412301Z         continuum_plasma = continuum_simulation.plasma
2025-01-09T18:18:54.5412731Z     
2025-01-09T18:18:54.5413224Z         pdt.assert_frame_equal(
2025-01-09T18:18:54.5413790Z             continuum_properties_dilute_bb.photo_ionization_rate_coefficient,
2025-01-09T18:18:54.5414428Z             continuum_simulation.plasma.gamma,
2025-01-09T18:18:54.5414868Z         )
2025-01-09T18:18:54.5415179Z         stimulated_recomb_rate_coeff = (
2025-01-09T18:18:54.5415789Z             continuum_properties_dilute_bb.stimulated_recombination_rate_factor
2025-01-09T18:18:54.5416391Z             * continuum_plasma.phi_ik.loc[
2025-01-09T18:18:54.5416998Z                 continuum_properties_dilute_bb.stimulated_recombination_rate_factor.index
2025-01-09T18:18:54.5417559Z             ]
2025-01-09T18:18:54.5417814Z         )
2025-01-09T18:18:54.5418090Z         pdt.assert_frame_equal(
2025-01-09T18:18:54.5418581Z             stimulated_recomb_rate_coeff, continuum_plasma.alpha_stim
2025-01-09T18:18:54.5419336Z         )
2025-01-09T18:18:54.5419606Z     
2025-01-09T18:18:54.5419900Z >       continuum_simulation.run_final()
2025-01-09T18:18:54.5420190Z 
2025-01-09T18:18:54.5420607Z tardis/transport/montecarlo/estimators/tests/test_continuum_property_solver.py:54: 
2025-01-09T18:18:54.5421336Z _ _ _ _ _ _ _ _ _ _ _ _ _ _ _ _ _ _ _ _ _ _ _ _ _ _ _ _ _ _ _ _ _ _ _ _ _ _ _ _ 
2025-01-09T18:18:54.5421835Z tardis/simulation/base.py:558: in run_final
2025-01-09T18:18:54.5422371Z     emitted_luminosity, v_packets_energy_hist = self.iterate(
2025-01-09T18:18:54.5423098Z tardis/simulation/base.py:462: in iterate
2025-01-09T18:18:54.5423662Z     transport_state = self.transport.initialize_transport_state(
2025-01-09T18:18:54.5424259Z _ _ _ _ _ _ _ _ _ _ _ _ _ _ _ _ _ _ _ _ _ _ _ _ _ _ _ _ _ _ _ _ _ _ _ _ _ _ _ _ 
2025-01-09T18:18:54.5424604Z 
2025-01-09T18:18:54.5425093Z self = <tardis.transport.montecarlo.base.MonteCarloTransportSolver object at 0x7f4a578d8a70>
2025-01-09T18:18:54.5426084Z simulation_state = <tardis.model.base.SimulationState object at 0x7f4a7b1950d0>
2025-01-09T18:18:54.5426977Z opacity_state = <tardis.opacities.opacity_state.OpacityState object at 0x7f4a55ff98b0>
2025-01-09T18:18:54.5427992Z macro_atom_state = <tardis.opacities.macro_atom.macroatom_state.MacroAtomState object at 0x7f4a55ff9f10>
2025-01-09T18:18:54.5428888Z plasma = <tardis.plasma.base.BasePlasma object at 0x7f4a7a80a8a0>
2025-01-09T18:18:54.5429535Z no_of_packets = 1000, no_of_virtual_packets = 0, iteration = 0
2025-01-09T18:18:54.5429923Z 
2025-01-09T18:18:54.5430035Z     def initialize_transport_state(
2025-01-09T18:18:54.5430322Z         self,
2025-01-09T18:18:54.5430631Z         simulation_state,
2025-01-09T18:18:54.5430983Z         opacity_state,
2025-01-09T18:18:54.5431297Z         macro_atom_state,
2025-01-09T18:18:54.5431637Z         plasma,
2025-01-09T18:18:54.5431942Z         no_of_packets,
2025-01-09T18:18:54.5432314Z         no_of_virtual_packets=0,
2025-01-09T18:18:54.5432685Z         iteration=0,
2025-01-09T18:18:54.5433146Z     ):
2025-01-09T18:18:54.5433489Z         if not plasma.continuum_interaction_species.empty:
2025-01-09T18:18:54.5433962Z             gamma_shape = plasma.gamma.shape
2025-01-09T18:18:54.5434343Z         else:
2025-01-09T18:18:54.5434611Z             gamma_shape = (0, 0)
2025-01-09T18:18:54.5434926Z     
2025-01-09T18:18:54.5435287Z         packet_collection = self.packet_source.create_packets(
2025-01-09T18:18:54.5435833Z             no_of_packets, seed_offset=iteration
2025-01-09T18:18:54.5436205Z         )
2025-01-09T18:18:54.5436437Z     
2025-01-09T18:18:54.5436754Z         geometry_state = simulation_state.geometry.to_numba()
2025-01-09T18:18:54.5437237Z >       opacity_state_instance = OpacityState()
2025-01-09T18:18:54.5438549Z E       TypeError: OpacityState.__init__() missing 6 required positional arguments: 'electron_density', 't_electrons', 'line_list_nu', 'tau_sobolev', 'beta_sobolev', and 'continuum_state'
2025-01-09T18:18:54.5439515Z 
2025-01-09T18:18:54.5439720Z tardis/transport/montecarlo/base.py:117: TypeError
2025-01-09T18:18:54.5440273Z ----------------------------- Captured stdout call -----------------------------
2025-01-09T18:18:54.5441206Z [[1mtardis.io.model.parse_density_configuration[0m][[1;33mWARNING[0m]  
2025-01-09T18:18:54.5442341Z 	Number of density points larger than number of shells. Assuming inner point irrelevant ([1mparse_density_configuration.py[0m:114)
2025-01-09T18:18:54.5443495Z ------------------------------ Captured log call -------------------------------
2025-01-09T18:18:54.5444668Z WARNING  tardis.io.model.parse_density_configuration:parse_density_configuration.py:114 Number of density points larger than number of shells. Assuming inner point irrelevant
2025-01-09T18:18:54.5445822Z __________________________ test_montecarlo_continuum ___________________________
2025-01-09T18:18:54.5446181Z 
2025-01-09T18:18:54.5447230Z continuum_config = {'tardis_config_version': 'v1.0', 'supernova': {'luminosity_requested': <Quantity 4.31528298e+42 erg / s>, 'time_explo...': 10.0, 'survival_probability': 0.0, 'enable_biasing': False, 'virtual_packet_logging': False}}, 'config_dirname': ''}
2025-01-09T18:18:54.5449066Z regression_data = <tardis.tests.fixtures.regression_data.RegressionData object at 0x7f4a5744c890>
2025-01-09T18:18:54.5449917Z nlte_atomic_dataset = <Atomic Data UUID=None MD5=None Lines=69056 Levels=26012>
2025-01-09T18:18:54.5450349Z 
2025-01-09T18:18:54.5450479Z     @pytest.mark.continuum
2025-01-09T18:18:54.5450845Z     def test_montecarlo_continuum(
2025-01-09T18:18:54.5451209Z         continuum_config,
2025-01-09T18:18:54.5451523Z         regression_data,
2025-01-09T18:18:54.5451833Z         nlte_atomic_dataset,
2025-01-09T18:18:54.5452151Z     ):
2025-01-09T18:18:54.5452472Z         nlte_atomic_dataset = deepcopy(nlte_atomic_dataset)
2025-01-09T18:18:54.5453131Z         continuum_simulation = Simulation.from_config(
2025-01-09T18:18:54.5453559Z             continuum_config,
2025-01-09T18:18:54.5453900Z             atom_data=nlte_atomic_dataset,
2025-01-09T18:18:54.5454310Z             virtual_packet_logging=False,
2025-01-09T18:18:54.5454668Z         )
2025-01-09T18:18:54.5454957Z         # continuum_simulation.run_convergence()
2025-01-09T18:18:54.5455331Z     
2025-01-09T18:18:54.5455591Z >       continuum_simulation.run_final()
2025-01-09T18:18:54.5455854Z 
2025-01-09T18:18:54.5456073Z tardis/transport/montecarlo/tests/test_continuum.py:23: 
2025-01-09T18:18:54.5456579Z _ _ _ _ _ _ _ _ _ _ _ _ _ _ _ _ _ _ _ _ _ _ _ _ _ _ _ _ _ _ _ _ _ _ _ _ _ _ _ _ 
2025-01-09T18:18:54.5457029Z tardis/simulation/base.py:558: in run_final
2025-01-09T18:18:54.5457509Z     emitted_luminosity, v_packets_energy_hist = self.iterate(
2025-01-09T18:18:54.5458008Z tardis/simulation/base.py:462: in iterate
2025-01-09T18:18:54.5458512Z     transport_state = self.transport.initialize_transport_state(
2025-01-09T18:18:54.5459045Z _ _ _ _ _ _ _ _ _ _ _ _ _ _ _ _ _ _ _ _ _ _ _ _ _ _ _ _ _ _ _ _ _ _ _ _ _ _ _ _ 
2025-01-09T18:18:54.5459332Z 
2025-01-09T18:18:54.5459774Z self = <tardis.transport.montecarlo.base.MonteCarloTransportSolver object at 0x7f4a55feb650>
2025-01-09T18:18:54.5460668Z simulation_state = <tardis.model.base.SimulationState object at 0x7f4a57427fe0>
2025-01-09T18:18:54.5461503Z opacity_state = <tardis.opacities.opacity_state.OpacityState object at 0x7f4a792bf920>
2025-01-09T18:18:54.5462462Z macro_atom_state = <tardis.opacities.macro_atom.macroatom_state.MacroAtomState object at 0x7f4a792bf0e0>
2025-01-09T18:18:54.5463481Z plasma = <tardis.plasma.base.BasePlasma object at 0x7f4a575db110>
2025-01-09T18:18:54.5464090Z no_of_packets = 1000, no_of_virtual_packets = 0, iteration = 0
2025-01-09T18:18:54.5464442Z 
2025-01-09T18:18:54.5464575Z     def initialize_transport_state(
2025-01-09T18:18:54.5464922Z         self,
2025-01-09T18:18:54.5465191Z         simulation_state,
2025-01-09T18:18:54.5465693Z         opacity_state,
2025-01-09T18:18:54.5466009Z         macro_atom_state,
2025-01-09T18:18:54.5466305Z         plasma,
2025-01-09T18:18:54.5466578Z         no_of_packets,
2025-01-09T18:18:54.5466900Z         no_of_virtual_packets=0,
2025-01-09T18:18:54.5467241Z         iteration=0,
2025-01-09T18:18:54.5467513Z     ):
2025-01-09T18:18:54.5467833Z         if not plasma.continuum_interaction_species.empty:
2025-01-09T18:18:54.5468291Z             gamma_shape = plasma.gamma.shape
2025-01-09T18:18:54.5468659Z         else:
2025-01-09T18:18:54.5468917Z             gamma_shape = (0, 0)
2025-01-09T18:18:54.5469238Z     
2025-01-09T18:18:54.5469584Z         packet_collection = self.packet_source.create_packets(
2025-01-09T18:18:54.5470072Z             no_of_packets, seed_offset=iteration
2025-01-09T18:18:54.5470451Z         )
2025-01-09T18:18:54.5470683Z     
2025-01-09T18:18:54.5471009Z         geometry_state = simulation_state.geometry.to_numba()
2025-01-09T18:18:54.5471493Z >       opacity_state_instance = OpacityState()
2025-01-09T18:18:54.5472543Z E       TypeError: OpacityState.__init__() missing 6 required positional arguments: 'electron_density', 't_electrons', 'line_list_nu', 'tau_sobolev', 'beta_sobolev', and 'continuum_state'
2025-01-09T18:18:54.5473871Z 
2025-01-09T18:18:54.5474061Z tardis/transport/montecarlo/base.py:117: TypeError
2025-01-09T18:18:54.5474614Z ----------------------------- Captured stdout call -----------------------------
2025-01-09T18:18:54.5475452Z [[1mtardis.io.model.parse_density_configuration[0m][[1;33mWARNING[0m]  
2025-01-09T18:18:54.5476567Z 	Number of density points larger than number of shells. Assuming inner point irrelevant ([1mparse_density_configuration.py[0m:114)
2025-01-09T18:18:54.5477484Z ------------------------------ Captured log call -------------------------------
2025-01-09T18:18:54.5478614Z WARNING  tardis.io.model.parse_density_configuration:parse_density_configuration.py:114 Number of density points larger than number of shells. Assuming inner point irrelevant
2025-01-09T18:18:54.5479690Z =============================== warnings summary ===============================
2025-01-09T18:18:54.5480179Z tardis/io/configuration/config_validator.py:6
2025-01-09T18:18:54.5480650Z tardis/io/configuration/config_validator.py:6
2025-01-09T18:18:54.5481694Z   /home/runner/work/tardis/tardis/tardis/io/configuration/config_validator.py:6: DeprecationWarning:
2025-01-09T18:18:54.5482413Z   
2025-01-09T18:18:54.5484511Z   jsonschema.RefResolver is deprecated as of v4.18.0, in favor of the https://github.com/python-jsonschema/referencing library, which provides more compliant referencing behavior as well as more flexible APIs for customization. A future release will remove RefResolver. Please file a feature request (on referencing) if you are missing an API for the kind of customization you need.
2025-01-09T18:18:54.5486433Z 
2025-01-09T18:18:54.5486796Z ../../../micromamba/envs/tardis/lib/python3.12/site-packages/jupyter_client/connect.py:22
2025-01-09T18:18:54.5487879Z   /home/runner/micromamba/envs/tardis/lib/python3.12/site-packages/jupyter_client/connect.py:22: DeprecationWarning:
2025-01-09T18:18:54.5488693Z   
2025-01-09T18:18:54.5489065Z   Jupyter is migrating its paths to use standard platformdirs
2025-01-09T18:18:54.5489647Z   given by the platformdirs library.  To remove this warning and
2025-01-09T18:18:54.5490268Z   see the appropriate new directories, set the environment variable
2025-01-09T18:18:54.5490868Z   `JUPYTER_PLATFORM_DIRS=1` and then run `jupyter --paths`.
2025-01-09T18:18:54.5491445Z   The use of platformdirs will be the default in `jupyter_core` v6
2025-01-09T18:18:54.5491815Z 
2025-01-09T18:18:54.5492116Z -- Docs: https://docs.pytest.org/en/stable/how-to/capture-warnings.html
2025-01-09T18:18:54.5492546Z 
2025-01-09T18:18:54.5492999Z ---------- coverage: platform linux, python 3.12.4-final-0 -----------
2025-01-09T18:18:54.5493586Z Coverage HTML written to dir coverage_html_report
2025-01-09T18:18:54.5494046Z Coverage XML written to file coverage.xml
2025-01-09T18:18:54.5494568Z 
2025-01-09T18:18:54.5494767Z =========================== short test summary info ============================
2025-01-09T18:18:54.5500749Z FAILED tardis/transport/montecarlo/estimators/tests/test_continuum_property_solver.py::test_continuum_estimators - TypeError: OpacityState.__init__() missing 6 required positional arguments: 'electron_density', 't_electrons', 'line_list_nu', 'tau_sobolev', 'beta_sobolev', and 'continuum_state'
2025-01-09T18:18:54.5503707Z FAILED tardis/transport/montecarlo/tests/test_continuum.py::test_montecarlo_continuum - TypeError: OpacityState.__init__() missing 6 required positional arguments: 'electron_density', 't_electrons', 'line_list_nu', 'tau_sobolev', 'beta_sobolev', and 'continuum_state'
2025-01-09T18:18:54.5505298Z ========== 2 failed, 1794 deselected, 3 warnings in 77.11s (0:01:17) ===========
2025-01-09T18:18:55.6659758Z ##[error]Process completed with exit code 1.
2025-01-09T18:18:55.6737688Z Post job cleanup.
2025-01-09T18:18:55.6770967Z Post job cleanup.
2025-01-09T18:18:55.8193084Z Will use pre-installed micromamba at /home/runner/micromamba-bin/micromamba
2025-01-09T18:18:55.8200870Z Removing micromamba run shell ...
2025-01-09T18:18:55.8205636Z ##[group]Deinitialize micromamba for bash
2025-01-09T18:18:55.8224806Z [command]/home/runner/micromamba-bin/micromamba shell deinit -s bash -r /home/runner/micromamba --log-level warning --rc-file /home/runner/work/_temp/setup-micromamba/.condarc
2025-01-09T18:18:55.8326514Z Resetting RC file "/home/runner/.bashrc"
2025-01-09T18:18:55.8327089Z Deleting config for root prefix 
2025-01-09T18:18:55.8327625Z Clearing mamba executable environment variable
2025-01-09T18:18:55.8328917Z Removing the following in your "/home/runner/.bashrc" file
2025-01-09T18:18:55.8329465Z # >>> mamba initialize >>>
2025-01-09T18:18:55.8329692Z ...
2025-01-09T18:18:55.8329864Z # <<< mamba initialize <<<
2025-01-09T18:18:55.8360660Z Removing mamba initialize block from .bash_profile
2025-01-09T18:18:55.8377025Z ##[endgroup]
2025-01-09T18:18:55.8381534Z Removing environment tardis from auto-activate bash ...
2025-01-09T18:18:55.8518994Z Post job cleanup.
2025-01-09T18:18:55.8557692Z Post job cleanup.
2025-01-09T18:18:55.9641157Z [command]/usr/bin/git version
2025-01-09T18:18:55.9681159Z git version 2.47.1
2025-01-09T18:18:55.9733903Z Temporarily overriding HOME='/home/runner/work/_temp/363c41e1-ddf8-4c77-ba80-138b51442477' before making global git config changes
2025-01-09T18:18:55.9734849Z Adding repository directory to the temporary git global config as a safe directory
2025-01-09T18:18:55.9740263Z [command]/usr/bin/git config --global --add safe.directory /home/runner/work/tardis/tardis/tardis-regression-data
2025-01-09T18:18:55.9779209Z [command]/usr/bin/git config --local --name-only --get-regexp core\.sshCommand
2025-01-09T18:18:55.9814200Z [command]/usr/bin/git submodule foreach --recursive sh -c "git config --local --name-only --get-regexp 'core\.sshCommand' && git config --local --unset-all 'core.sshCommand' || :"
2025-01-09T18:18:56.0064748Z [command]/usr/bin/git config --local --name-only --get-regexp http\.https\:\/\/github\.com\/\.extraheader
2025-01-09T18:18:56.0088563Z http.https://github.com/.extraheader
2025-01-09T18:18:56.0102699Z [command]/usr/bin/git config --local --unset-all http.https://github.com/.extraheader
2025-01-09T18:18:56.0139200Z [command]/usr/bin/git submodule foreach --recursive sh -c "git config --local --name-only --get-regexp 'http\.https\:\/\/github\.com\/\.extraheader' && git config --local --unset-all 'http.https://github.com/.extraheader' || :"
2025-01-09T18:18:56.0492028Z Post job cleanup.
2025-01-09T18:18:56.1478958Z [command]/usr/bin/git version
2025-01-09T18:18:56.1515643Z git version 2.47.1
2025-01-09T18:18:56.1567682Z Temporarily overriding HOME='/home/runner/work/_temp/629e44d3-ccb1-4989-a1b0-375aebb83bb2' before making global git config changes
2025-01-09T18:18:56.1568681Z Adding repository directory to the temporary git global config as a safe directory
2025-01-09T18:18:56.1573981Z [command]/usr/bin/git config --global --add safe.directory /home/runner/work/tardis/tardis
2025-01-09T18:18:56.1615339Z [command]/usr/bin/git config --local --name-only --get-regexp core\.sshCommand
2025-01-09T18:18:56.1650079Z [command]/usr/bin/git submodule foreach --recursive sh -c "git config --local --name-only --get-regexp 'core\.sshCommand' && git config --local --unset-all 'core.sshCommand' || :"
2025-01-09T18:18:56.1896548Z [command]/usr/bin/git config --local --name-only --get-regexp http\.https\:\/\/github\.com\/\.extraheader
2025-01-09T18:18:56.1919371Z http.https://github.com/.extraheader
2025-01-09T18:18:56.1932630Z [command]/usr/bin/git config --local --unset-all http.https://github.com/.extraheader
2025-01-09T18:18:56.1965806Z [command]/usr/bin/git submodule foreach --recursive sh -c "git config --local --name-only --get-regexp 'http\.https\:\/\/github\.com\/\.extraheader' && git config --local --unset-all 'http.https://github.com/.extraheader' || :"
2025-01-09T18:18:56.2348998Z Cleaning up orphan processes
