2025-02-15T21:39:39.3326308Z ##[group]Run pytest tardis --tardis-regression-data=/home/runner/work/tardis/tardis/tardis-regression-data --cov=tardis --cov-report=xml --cov-report=html --cov-append -m "not continuum"
2025-02-15T21:39:39.3327593Z [36;1mpytest tardis --tardis-regression-data=/home/runner/work/tardis/tardis/tardis-regression-data --cov=tardis --cov-report=xml --cov-report=html --cov-append -m "not continuum"[0m
2025-02-15T21:39:39.3382559Z shell: /usr/bin/bash -l {0}
2025-02-15T21:39:39.3382806Z env:
2025-02-15T21:39:39.3382982Z   CACHE_NUMBER: 0
2025-02-15T21:39:39.3383590Z   PYTEST_FLAGS: --tardis-regression-data=/home/runner/work/tardis/tardis/tardis-regression-data --cov=tardis --cov-report=xml --cov-report=html --cov-append
2025-02-15T21:39:39.3384229Z   CODECOV_TOKEN: 
2025-02-15T21:39:39.3384448Z   MAMBA_ROOT_PREFIX: /home/runner/micromamba
2025-02-15T21:39:39.3384753Z   MAMBA_EXE: /home/runner/micromamba-bin/micromamba
2025-02-15T21:39:39.3385102Z   CONDARC: /home/runner/work/_temp/setup-micromamba/.condarc
2025-02-15T21:39:39.3385447Z ##[endgroup]
2025-02-15T21:39:47.9611722Z ============================= test session starts ==============================
2025-02-15T21:39:47.9612483Z platform linux -- Python 3.12.4, pytest-8.2.2, pluggy-1.5.0
2025-02-15T21:39:47.9613046Z rootdir: /home/runner/work/tardis/tardis
2025-02-15T21:39:47.9613524Z configfile: pyproject.toml
2025-02-15T21:39:47.9614141Z plugins: metadata-3.1.1, anyio-4.4.0, doctestplus-1.2.1, cov-5.0.0, html-4.1.1
2025-02-15T21:39:47.9615322Z collected 1796 items / 2 deselected / 1794 selected
2025-02-15T21:39:47.9615673Z 
2025-02-15T21:39:53.0198102Z tardis/energy_input/tests/test_energy_source.py ..xxx                    [  0%]
2025-02-15T21:39:55.7827148Z tardis/energy_input/tests/test_gamma_ray_channel.py ...........          [  0%]
2025-02-15T21:39:57.5876818Z tardis/energy_input/tests/test_gamma_ray_grid.py xx.                     [  1%]
2025-02-15T21:39:59.3851932Z tardis/energy_input/tests/test_gamma_ray_interactions.py xx....          [  1%]
2025-02-15T21:39:59.3969638Z tardis/energy_input/tests/test_gamma_ray_packet_source.py sssssssss      [  1%]
2025-02-15T21:40:00.7872158Z tardis/energy_input/tests/test_util.py .....xxxx.....                    [  2%]
2025-02-15T21:40:01.2122894Z tardis/grid/tests/test_grid.py .                                         [  2%]
2025-02-15T21:40:01.2141014Z tardis/gui/tests/test_gui.py s                                           [  2%]
2025-02-15T21:40:05.0436316Z tardis/io/configuration/tests/test_config_reader.py ...........          [  3%]
2025-02-15T21:40:05.0565665Z tardis/io/configuration/tests/test_configuration_namespace.py .........  [  3%]
2025-02-15T21:40:05.0835111Z tardis/io/logger/tests/test_logging.py ssssssssssssssssssssssssssss      [  5%]
2025-02-15T21:40:44.1131245Z tardis/io/model/readers/tests/test_arepo_parser.py ..                    [  5%]
2025-02-15T21:40:44.1297009Z tardis/io/model/readers/tests/test_ascii_readers.py ...                  [  5%]
2025-02-15T21:40:44.1409315Z tardis/io/model/readers/tests/test_cmfgen_reader.py ..                   [  5%]
2025-02-15T21:40:44.1722038Z tardis/io/model/readers/tests/test_csvy_reader.py ....                   [  6%]
2025-02-15T21:40:44.1938478Z tardis/io/model/readers/tests/test_stella_reader.py ..                   [  6%]
2025-02-15T21:40:44.5162965Z tardis/io/tests/test_HDFWriter.py ...............                        [  7%]
2025-02-15T21:40:44.8407702Z tardis/io/tests/test_atomic.py .....                                     [  7%]
2025-02-15T21:40:44.8767191Z tardis/io/tests/test_decay.py ..                                         [  7%]
2025-02-15T21:40:45.0857009Z tardis/io/tests/test_model_reader.py F.....                              [  7%]
2025-02-15T21:40:45.0929768Z tardis/model/geometry/tests/test_radial1d.py ..                          [  7%]
2025-02-15T21:41:45.7179912Z tardis/model/tests/test_base.py ........................................ [ 10%]
2025-02-15T21:41:46.7463211Z ............                                                             [ 10%]
2025-02-15T21:41:49.8812245Z tardis/model/tests/test_csvy_model.py .........                          [ 11%]
2025-02-15T21:41:49.9311492Z tardis/model/tests/test_density.py ..                                    [ 11%]
2025-02-15T21:41:51.2880783Z tardis/opacities/tests/test_opacity_solver.py .....                      [ 11%]
2025-02-15T21:41:52.7192350Z tardis/opacities/tests/test_opacity_state_numba.py .....                 [ 11%]
2025-02-15T21:41:54.3927100Z tardis/opacities/tests/test_tau_sobolev.py ..                            [ 12%]
2025-02-15T21:41:57.5712161Z tardis/plasma/equilibrium/tests/test_collisional_transitions.py ...      [ 12%]
2025-02-15T21:42:44.8901783Z tardis/plasma/equilibrium/tests/test_level_populations.py ....           [ 12%]
2025-02-15T21:42:57.2200379Z tardis/plasma/equilibrium/tests/test_rate_matrix.py .                    [ 12%]
2025-02-15T21:42:58.7795775Z tardis/plasma/tests/test_complete_plasmas.py .....................s..... [ 13%]
2025-02-15T21:43:02.0509163Z s....ssssss............s............ss.....s....ssssss............s..... [ 18%]
2025-02-15T21:43:04.0411270Z .......ss.....s....ssssss............s............ss.....s....ssssss.... [ 22%]
2025-02-15T21:43:07.3181012Z ........s............ss.....s........ss............s............ss.....s [ 26%]
2025-02-15T21:43:10.5682469Z ........ss............s............ss.....s....ssssss............s...... [ 30%]
2025-02-15T21:43:11.4133509Z ......ss.....s....ssssss............s............ss.....s.ss.ssssss..... [ 34%]
2025-02-15T21:43:14.6017957Z .......s............ss.....s....ssssss............s............ss.....s. [ 38%]
2025-02-15T21:43:17.7877816Z ...ssssss............s............ss.....s....ssssss............s....... [ 42%]
2025-02-15T21:43:21.2746882Z .....ss.....s....ssssss............s............s...........ssssss...... [ 46%]
2025-02-15T21:43:23.3452224Z ......s............s...........ssssss............s............s......... [ 50%]
2025-02-15T21:43:26.6394422Z ..ssssss............s............ss.....s....ssssss............s........ [ 54%]
2025-02-15T21:43:30.2730135Z ....ss.....s....ssssss..........................s.....s....ssss......... [ 58%]
2025-02-15T21:43:30.6710153Z ...................s.....s....ssss.......                                [ 60%]
2025-02-15T21:43:30.8021214Z tardis/plasma/tests/test_hdf_plasma.py ................................. [ 62%]
2025-02-15T21:43:30.8152249Z ......                                                                   [ 62%]
2025-02-15T21:43:30.9743091Z tardis/plasma/tests/test_nlte_excitation.py ...                          [ 62%]
2025-02-15T21:45:53.3727135Z tardis/plasma/tests/test_nlte_solver.py .....X                           [ 63%]
2025-02-15T21:45:53.3755302Z tardis/plasma/tests/test_plasma_continuum.py .                           [ 63%]
2025-02-15T21:46:17.2267938Z tardis/plasma/tests/test_plasma_vboundary.py .............               [ 63%]
2025-02-15T21:46:31.2473193Z tardis/plasma/tests/test_tardis_model_density_config.py ...              [ 64%]
2025-02-15T21:46:32.0077824Z tardis/simulation/tests/test_convergence.py .....                        [ 64%]
2025-02-15T21:46:40.8703455Z tardis/simulation/tests/test_simulation.py .............                 [ 65%]
2025-02-15T21:46:40.8922869Z tardis/spectrum/tests/test_cuda_formal_integral.py sssssssssssssssssssss [ 66%]
2025-02-15T21:46:41.3832244Z ssss...ssssssssssssssssssssss                                            [ 67%]
2025-02-15T21:46:41.3906685Z tardis/spectrum/tests/test_luminosity.py ....                            [ 68%]
2025-02-15T21:46:43.0215933Z tardis/spectrum/tests/test_numba_formal_integral.py .................... [ 69%]
2025-02-15T21:46:43.0407765Z ..........                                                               [ 69%]
2025-02-15T21:46:43.2110953Z tardis/spectrum/tests/test_spectrum.py ................................. [ 71%]
2025-02-15T21:46:43.2433458Z .........                                                                [ 72%]
2025-02-15T21:47:02.2463534Z tardis/spectrum/tests/test_spectrum_solver.py ....                       [ 72%]
2025-02-15T21:48:03.9349502Z tardis/tests/test_tardis_full.py ....                                    [ 72%]
2025-02-15T21:49:28.5375842Z tardis/tests/test_tardis_full_formal_integral.py ................        [ 73%]
2025-02-15T21:49:28.6128539Z tardis/tests/test_util.py .............................................  [ 75%]
2025-02-15T21:49:31.2668885Z tardis/transport/montecarlo/tests/test_base.py x.....................    [ 77%]
2025-02-15T21:49:39.0569644Z tardis/transport/montecarlo/tests/test_interaction.py .......            [ 77%]
2025-02-15T21:49:39.2760217Z tardis/transport/montecarlo/tests/test_macro_atom.py ....                [ 77%]
2025-02-15T21:49:39.2934606Z tardis/transport/montecarlo/tests/test_montecarlo.py sssssssssssssssssss [ 78%]
2025-02-15T21:49:39.3343860Z sssssssssssssssssssssssssssssssssssssssssssss                            [ 81%]
2025-02-15T21:49:48.1824273Z tardis/transport/montecarlo/tests/test_montecarlo_main_loop.py x..       [ 81%]
2025-02-15T21:49:48.1891315Z tardis/transport/montecarlo/tests/test_nonhomologous.py ...              [ 81%]
2025-02-15T21:49:54.0584430Z tardis/transport/montecarlo/tests/test_numba_interface.py .....x.        [ 82%]
2025-02-15T21:49:54.5702638Z tardis/transport/montecarlo/tests/test_opacities.py ...............      [ 82%]
2025-02-15T21:49:55.6525747Z tardis/transport/montecarlo/tests/test_packet.py .................xXXXXX [ 84%]
2025-02-15T21:49:55.7965592Z XX.........                                                              [ 84%]
2025-02-15T21:49:55.8253965Z tardis/transport/montecarlo/tests/test_packet_source.py ........         [ 85%]
2025-02-15T21:49:56.6522871Z tardis/transport/montecarlo/tests/test_rpacket_last_interaction_tracker.py . [ 85%]
2025-02-15T21:49:57.0764948Z .....                                                                    [ 85%]
2025-02-15T21:50:33.8529639Z tardis/transport/montecarlo/tests/test_rpacket_tracker.py ......         [ 85%]
2025-02-15T21:50:33.8828279Z tardis/transport/montecarlo/tests/test_single_packet_loop.py xxx         [ 86%]
2025-02-15T21:50:33.8861290Z tardis/transport/montecarlo/tests/test_tracker_utils.py ..               [ 86%]
2025-02-15T21:50:36.4849725Z tardis/transport/montecarlo/tests/test_vpacket.py ..x.                   [ 86%]
2025-02-15T21:50:36.5029928Z tardis/transport/montecarlo/tests/test_weighted_packet_source.py ....    [ 86%]
2025-02-15T21:50:39.9921107Z tardis/transport/montecarlo/tests/test_weighted_packet_source_integration.py . [ 86%]
2025-02-15T21:50:39.9923150Z                                                                          [ 86%]
2025-02-15T21:50:40.7728446Z tardis/transport/tests/test_doppler_factor.py ..................         [ 87%]
2025-02-15T21:50:42.1764197Z tardis/visualization/tools/tests/test_convergence_plot.py .............. [ 88%]
2025-02-15T21:50:44.4789552Z ......                                                                   [ 88%]
2025-02-15T21:50:49.3191153Z tardis/visualization/tools/tests/test_liv_plot.py ...................... [ 90%]
2025-02-15T21:50:52.5992338Z .............................                                            [ 91%]
2025-02-15T21:50:55.4859267Z tardis/visualization/tools/tests/test_rpacket_plot.py .................. [ 92%]
2025-02-15T21:51:02.5822968Z ....                                                                     [ 92%]
2025-02-15T21:51:08.8948615Z tardis/visualization/tools/tests/test_sdec_plot.py ..................... [ 94%]
2025-02-15T21:51:16.6654834Z ..............................                                           [ 95%]
2025-02-15T21:51:17.1155167Z tardis/visualization/widgets/tests/test_custom_abundance.py ........ss.. [ 96%]
2025-02-15T21:51:17.1954397Z ....                                                                     [ 96%]
2025-02-15T21:51:18.2819134Z tardis/visualization/widgets/tests/test_line_info.py ................... [ 97%]
2025-02-15T21:51:18.9293090Z ..................                                                       [ 98%]
2025-02-15T21:52:22.5609029Z tardis/visualization/widgets/tests/test_shell_info.py .................. [ 99%]
2025-02-15T21:52:23.7637657Z <unknown>:140: SyntaxWarning:
2025-02-15T21:52:23.7640043Z 
2025-02-15T21:52:23.7642280Z invalid escape sequence '\s'
2025-02-15T21:52:23.7642593Z 
2025-02-15T21:52:23.7662966Z /home/runner/work/tardis/tardis/tardis/io/model/readers/artis.py:140: SyntaxWarning:
2025-02-15T21:52:23.7663678Z 
2025-02-15T21:52:23.7663840Z invalid escape sequence '\s'
2025-02-15T21:52:23.7664096Z 
2025-02-15T21:52:25.7188152Z <unknown>:140: SyntaxWarning:
2025-02-15T21:52:25.7188541Z 
2025-02-15T21:52:25.7188992Z invalid escape sequence '\s'
2025-02-15T21:52:25.7189259Z 
2025-02-15T21:52:27.7474912Z <unknown>:140: SyntaxWarning:
2025-02-15T21:52:27.7475307Z 
2025-02-15T21:52:27.7475470Z invalid escape sequence '\s'
2025-02-15T21:52:27.7475746Z 
2025-02-15T21:52:28.8346036Z <unknown>:140: SyntaxWarning:
2025-02-15T21:52:28.8346433Z 
2025-02-15T21:52:28.8346583Z invalid escape sequence '\s'
2025-02-15T21:52:28.8346890Z 
2025-02-15T21:52:28.8397525Z /home/runner/work/tardis/tardis/tardis/io/model/readers/artis.py:140: SyntaxWarning:
2025-02-15T21:52:28.8398217Z 
2025-02-15T21:52:28.8398377Z invalid escape sequence '\s'
2025-02-15T21:52:28.8398631Z 
2025-02-15T21:52:30.4162687Z ......                                                                   [100%]
2025-02-15T21:52:30.4163620Z 
2025-02-15T21:52:30.4163831Z =================================== FAILURES ===================================
2025-02-15T21:52:30.4164510Z ________________________ test_simple_read_artis_density ________________________
2025-02-15T21:52:30.4164937Z 
2025-02-15T21:52:30.4165336Z artis_density_fname = PosixPath('tardis/io/model/readers/tests/data/artis_model.dat')
2025-02-15T21:52:30.4165879Z 
2025-02-15T21:52:30.4166130Z     def test_simple_read_artis_density(artis_density_fname: str):
2025-02-15T21:52:30.4166880Z >       time_of_model, velocity, mean_density, isotope_mass_fractions = read_artis_density(
2025-02-15T21:52:30.4167548Z             artis_density_fname
2025-02-15T21:52:30.4167908Z         )
2025-02-15T21:52:30.4168326Z E       ValueError: not enough values to unpack (expected 4, got 3)
2025-02-15T21:52:30.4169091Z 
2025-02-15T21:52:30.4169330Z tardis/io/tests/test_model_reader.py:48: ValueError
2025-02-15T21:52:30.4169912Z =============================== warnings summary ===============================
2025-02-15T21:52:30.4170468Z tardis/io/configuration/config_validator.py:6
2025-02-15T21:52:30.4170970Z tardis/io/configuration/config_validator.py:6
2025-02-15T21:52:30.4171774Z   /home/runner/work/tardis/tardis/tardis/io/configuration/config_validator.py:6: DeprecationWarning:
2025-02-15T21:52:30.4172572Z   
2025-02-15T21:52:30.4174656Z   jsonschema.RefResolver is deprecated as of v4.18.0, in favor of the https://github.com/python-jsonschema/referencing library, which provides more compliant referencing behavior as well as more flexible APIs for customization. A future release will remove RefResolver. Please file a feature request (on referencing) if you are missing an API for the kind of customization you need.
2025-02-15T21:52:30.4176921Z 
2025-02-15T21:52:30.4177358Z ../../../micromamba/envs/tardis/lib/python3.12/site-packages/jupyter_client/connect.py:22
2025-02-15T21:52:30.4178568Z   /home/runner/micromamba/envs/tardis/lib/python3.12/site-packages/jupyter_client/connect.py:22: DeprecationWarning:
2025-02-15T21:52:30.4179775Z   
2025-02-15T21:52:30.4180253Z   Jupyter is migrating its paths to use standard platformdirs
2025-02-15T21:52:30.4180908Z   given by the platformdirs library.  To remove this warning and
2025-02-15T21:52:30.4181548Z   see the appropriate new directories, set the environment variable
2025-02-15T21:52:30.4182135Z   `JUPYTER_PLATFORM_DIRS=1` and then run `jupyter --paths`.
2025-02-15T21:52:30.4182703Z   The use of platformdirs will be the default in `jupyter_core` v6
2025-02-15T21:52:30.4183071Z 
2025-02-15T21:52:30.4183217Z tardis/io/model/readers/artis.py:140
2025-02-15T21:52:30.4184189Z   /home/runner/work/tardis/tardis/tardis/io/model/readers/artis.py:140: SyntaxWarning:
2025-02-15T21:52:30.4184842Z   
2025-02-15T21:52:30.4185123Z   invalid escape sequence '\s'
2025-02-15T21:52:30.4185363Z 
2025-02-15T21:52:30.4193763Z tardis/io/tests/test_HDFWriter.py::test_multi_index_write
2025-02-15T21:52:30.4194669Z tardis/visualization/widgets/tests/test_shell_info.py::TestHDFShellInfo::test_shells_data
2025-02-15T21:52:30.4195629Z   /home/runner/work/tardis/tardis/tardis/io/util.py:276: PerformanceWarning:
2025-02-15T21:52:30.4196238Z   
2025-02-15T21:52:30.4196491Z   
2025-02-15T21:52:30.4196982Z   your performance may suffer as PyTables will pickle object types that it cannot
2025-02-15T21:52:30.4197833Z   map directly to c-types [inferred_type->mixed,key->block0_values] [items->Index([0], dtype='int64')]
2025-02-15T21:52:30.4198364Z 
2025-02-15T21:52:30.4198892Z tardis/io/tests/test_model_reader.py::test_read_cmfgen_isotope_abundances
2025-02-15T21:52:30.4199703Z tardis/plasma/tests/test_tardis_model_density_config.py::test_electron_densities
2025-02-15T21:52:30.4200564Z tardis/plasma/tests/test_tardis_model_density_config.py::test_isotope_number_densities
2025-02-15T21:52:30.4201366Z tardis/plasma/tests/test_tardis_model_density_config.py::test_t_rad
2025-02-15T21:52:30.4202375Z   /home/runner/work/tardis/tardis/tardis/io/model/readers/cmfgen_deprecated.py:82: DeprecationWarning:
2025-02-15T21:52:30.4203383Z   
2025-02-15T21:52:30.4203685Z   The current CMFGEN model parser is deprecated
2025-02-15T21:52:30.4203993Z 
2025-02-15T21:52:30.4204156Z tardis/io/tests/test_model_reader.py: 1 warning
2025-02-15T21:52:30.4204739Z tardis/plasma/tests/test_tardis_model_density_config.py: 9 warnings
2025-02-15T21:52:30.4205644Z   /home/runner/work/tardis/tardis/tardis/io/model/readers/cmfgen_deprecated.py:40: DeprecationWarning:
2025-02-15T21:52:30.4206379Z   
2025-02-15T21:52:30.4206668Z   The current CMFGEN model parser is deprecated
2025-02-15T21:52:30.4206965Z 
2025-02-15T21:52:30.4207285Z tardis/model/tests/test_base.py::TestModelFromPaper1Config::test_abundances
2025-02-15T21:52:30.4208331Z   /home/runner/work/tardis/tardis/tardis/transport/montecarlo/montecarlo_main_loop.py:123: NumbaTypeSafetyWarning:
2025-02-15T21:52:30.4209410Z   
2025-02-15T21:52:30.4210123Z   [1m[1m[1munsafe cast from uint64 to int64. Precision may be lost.[0m[0m[0m
2025-02-15T21:52:30.4210536Z 
2025-02-15T21:52:30.4210703Z tardis/model/tests/test_base.py: 6 warnings
2025-02-15T21:52:30.4211143Z tardis/model/tests/test_csvy_model.py: 2 warnings
2025-02-15T21:52:30.4211710Z tardis/plasma/tests/test_tardis_model_density_config.py: 3 warnings
2025-02-15T21:52:30.4212557Z   /home/runner/work/tardis/tardis/tardis/model/geometry/radial1d.py:50: DeprecationWarning:
2025-02-15T21:52:30.4213232Z   
2025-02-15T21:52:30.4213511Z   v_inner_boundary < 0, assuming default value
2025-02-15T21:52:30.4213802Z 
2025-02-15T21:52:30.4213945Z tardis/model/tests/test_base.py: 6 warnings
2025-02-15T21:52:30.4214392Z tardis/model/tests/test_csvy_model.py: 2 warnings
2025-02-15T21:52:30.4214958Z tardis/plasma/tests/test_tardis_model_density_config.py: 3 warnings
2025-02-15T21:52:30.4215797Z   /home/runner/work/tardis/tardis/tardis/model/geometry/radial1d.py:61: DeprecationWarning:
2025-02-15T21:52:30.4216443Z   
2025-02-15T21:52:30.4216710Z   v_outer_boundary < 0, assuming default value
2025-02-15T21:52:30.4216987Z 
2025-02-15T21:52:30.4217732Z tardis/plasma/equilibrium/tests/test_level_populations.py::TestLevelPopulationSolver::test_solve[collisional_rate_solver0-radiative_transitions0]
2025-02-15T21:52:30.4219227Z   /home/runner/work/tardis/tardis/tardis/plasma/equilibrium/level_populations.py:65: FutureWarning:
2025-02-15T21:52:30.4219967Z   
2025-02-15T21:52:30.4220512Z   A value is trying to be set on a copy of a DataFrame or Series through chained assignment using an inplace method.
2025-02-15T21:52:30.4221793Z   The behavior will change in pandas 3.0. This inplace method will never work because the intermediate object on which we are setting values always behaves as a copy.
2025-02-15T21:52:30.4222955Z   
2025-02-15T21:52:30.4223926Z   For example, when doing 'df[col].method(value, inplace=True)', try using 'df.method({col: value}, inplace=True)' or df[col] = df[col].method(value) instead, to perform the operation inplace on the original object.
2025-02-15T21:52:30.4224908Z 
2025-02-15T21:52:30.4225132Z tardis/plasma/tests/test_complete_plasmas.py: 20 warnings
2025-02-15T21:52:30.4225946Z   /home/runner/work/tardis/tardis/tardis/plasma/tests/test_complete_plasmas.py:197: UserWarning:
2025-02-15T21:52:30.4226638Z   
2025-02-15T21:52:30.4226886Z   Property "atomic_mass" not found
2025-02-15T21:52:30.4227118Z 
2025-02-15T21:52:30.4227800Z tardis/plasma/tests/test_complete_plasmas.py::TestPlasma::test_plasma_properties[radiative_rates_type:detailed-w_epsilon:1e-10-j_blues_norm_factor]
2025-02-15T21:52:30.4229385Z tardis/plasma/tests/test_complete_plasmas.py::TestPlasma::test_plasma_properties[radiative_rates_type:detailed-j_blues_norm_factor]
2025-02-15T21:52:30.4230565Z   /home/runner/work/tardis/tardis/tardis/plasma/tests/test_complete_plasmas.py:197: UserWarning:
2025-02-15T21:52:30.4231240Z   
2025-02-15T21:52:30.4231511Z   Property "j_blues_norm_factor" not found
2025-02-15T21:52:30.4231790Z 
2025-02-15T21:52:30.4232484Z tardis/plasma/tests/test_complete_plasmas.py::TestPlasma::test_plasma_properties[radiative_rates_type:detailed-w_epsilon:1e-10-j_blue_estimator]
2025-02-15T21:52:30.4234101Z tardis/plasma/tests/test_complete_plasmas.py::TestPlasma::test_plasma_properties[radiative_rates_type:detailed-j_blue_estimator]
2025-02-15T21:52:30.4235318Z   /home/runner/work/tardis/tardis/tardis/plasma/tests/test_complete_plasmas.py:197: UserWarning:
2025-02-15T21:52:30.4236009Z   
2025-02-15T21:52:30.4236267Z   Property "j_blue_estimator" not found
2025-02-15T21:52:30.4236533Z 
2025-02-15T21:52:30.4237180Z tardis/plasma/tests/test_complete_plasmas.py::TestPlasma::test_plasma_properties[radiative_rates_type:detailed-w_epsilon:1e-10-volume]
2025-02-15T21:52:30.4238559Z tardis/plasma/tests/test_complete_plasmas.py::TestPlasma::test_plasma_properties[radiative_rates_type:detailed-volume]
2025-02-15T21:52:30.4239874Z   /home/runner/work/tardis/tardis/tardis/plasma/tests/test_complete_plasmas.py:197: UserWarning:
2025-02-15T21:52:30.4240575Z   
2025-02-15T21:52:30.4240828Z   Property "volume" not found
2025-02-15T21:52:30.4241114Z 
2025-02-15T21:52:30.4241744Z tardis/plasma/tests/test_complete_plasmas.py::TestPlasma::test_plasma_properties[radiative_rates_type:detailed-w_epsilon:1e-10-r_inner]
2025-02-15T21:52:30.4243061Z tardis/plasma/tests/test_complete_plasmas.py::TestPlasma::test_plasma_properties[radiative_rates_type:detailed-r_inner]
2025-02-15T21:52:30.4244192Z   /home/runner/work/tardis/tardis/tardis/plasma/tests/test_complete_plasmas.py:197: UserWarning:
2025-02-15T21:52:30.4244871Z   
2025-02-15T21:52:30.4245119Z   Property "r_inner" not found
2025-02-15T21:52:30.4245347Z 
2025-02-15T21:52:30.4245671Z tardis/plasma/tests/test_plasma_vboundary.py::test_plasma_vboundary[2900-3750]
2025-02-15T21:52:30.4246484Z tardis/plasma/tests/test_plasma_vboundary.py::test_plasma_vboundary[2900-3850]
2025-02-15T21:52:30.4247283Z tardis/plasma/tests/test_plasma_vboundary.py::test_plasma_vboundary[2900-3900]
2025-02-15T21:52:30.4248085Z   /home/runner/work/tardis/tardis/tardis/model/geometry/radial1d.py:71: UserWarning:
2025-02-15T21:52:30.4248871Z   
2025-02-15T21:52:30.4249315Z   Requesting inner boundary below inner shell. Extrapolating the inner cell
2025-02-15T21:52:30.4249735Z 
2025-02-15T21:52:30.4250055Z tardis/spectrum/tests/test_spectrum_solver.py::TestSpectrumSolver::test_solve
2025-02-15T21:52:30.4250787Z   /home/runner/work/tardis/tardis/tardis/spectrum/base.py:70: UserWarning:
2025-02-15T21:52:30.4251309Z   
2025-02-15T21:52:30.4251926Z   SpectrumSolver.spectrum_virtual_packets is zero. Please run the montecarlo simulation with no_of_virtual_packets > 0
2025-02-15T21:52:30.4252579Z 
2025-02-15T21:52:30.4252912Z tardis/spectrum/tests/test_spectrum_solver.py::TestSpectrumSolver::test_solve
2025-02-15T21:52:30.4253914Z   /home/runner/work/tardis/tardis/tardis/spectrum/base.py:111: UserWarning:
2025-02-15T21:52:30.4254463Z   
2025-02-15T21:52:30.4255137Z   SpectrumSolver.integrator: The FormalIntegrator is not yet available.Please run the montecarlo simulation at least once.
2025-02-15T21:52:30.4255821Z 
2025-02-15T21:52:30.4256160Z tardis/transport/montecarlo/tests/test_vpacket.py::test_trace_vpacket_volley
2025-02-15T21:52:30.4256803Z   <string>:3: NumbaPendingDeprecationWarning:
2025-02-15T21:52:30.4257175Z   
2025-02-15T21:52:30.4259210Z   [1m[1mCode using Numba extension API maybe depending on 'old_style' error-capturing, which is deprecated and will be replaced by 'new_style' in a future release. See details at https://numba.readthedocs.io/en/latest/reference/deprecation.html#deprecation-of-old-style-numba-captured-errors
2025-02-15T21:52:30.4260896Z   Exception origin:
2025-02-15T21:52:30.4261502Z     File "/home/runner/micromamba/envs/tardis/lib/python3.12/inspect.py", line 3180, in _bind
2025-02-15T21:52:30.4262198Z       raise TypeError(msg) from None
2025-02-15T21:52:30.4262587Z   [0m[0m
2025-02-15T21:52:30.4262737Z 
2025-02-15T21:52:30.4263255Z tardis/visualization/tools/tests/test_sdec_plot.py::TestSDECPlotter::test_mpl_image[plotter_generate_plot_mpl4]
2025-02-15T21:52:30.4264443Z   /home/runner/work/tardis/tardis/tardis/visualization/tools/sdec_plot.py:1225: RuntimeWarning:
2025-02-15T21:52:30.4265356Z   
2025-02-15T21:52:30.4266873Z   More than 20 figures have been opened. Figures created through the pyplot interface (`matplotlib.pyplot.figure`) are retained until explicitly closed and may consume too much memory. (To control this warning, see the rcParam `figure.max_open_warning`). Consider using `matplotlib.pyplot.close()`.
2025-02-15T21:52:30.4268379Z 
2025-02-15T21:52:30.4269125Z tardis/visualization/widgets/tests/test_custom_abundance.py::TestCustomAbundanceWidget::test_update_input_item_value
2025-02-15T21:52:30.4270388Z tardis/visualization/widgets/tests/test_custom_abundance.py::TestCustomAbundanceWidget::test_update_input_item_value
2025-02-15T21:52:30.4271658Z tardis/visualization/widgets/tests/test_custom_abundance.py::TestCustomAbundanceWidget::test_update_input_item_value
2025-02-15T21:52:30.4272932Z tardis/visualization/widgets/tests/test_custom_abundance.py::TestCustomAbundanceWidget::test_update_input_item_value
2025-02-15T21:52:30.4274166Z tardis/visualization/widgets/tests/test_custom_abundance.py::TestCustomAbundanceWidget::test_update_input_item_value
2025-02-15T21:52:30.4275375Z tardis/visualization/widgets/tests/test_custom_abundance.py::TestCustomAbundanceWidget::test_update_input_item_value
2025-02-15T21:52:30.4276591Z   /home/runner/micromamba/envs/tardis/lib/python3.12/site-packages/traitlets/traitlets.py:1385: DeprecationWarning:
2025-02-15T21:52:30.4277361Z   
2025-02-15T21:52:30.4277781Z   Passing unrecognized arguments to super(Checkbox).__init__(icon='lock').
2025-02-15T21:52:30.4278489Z   object.__init__() takes exactly one argument (the instance to initialize)
2025-02-15T21:52:30.4279431Z   This is deprecated in traitlets 4.2.This error will be raised in a future release of traitlets.
2025-02-15T21:52:30.4279935Z 
2025-02-15T21:52:30.4280502Z tardis/visualization/widgets/tests/test_custom_abundance.py::TestCustomAbundanceWidget::test_update_input_item_value
2025-02-15T21:52:30.4281775Z tardis/visualization/widgets/tests/test_custom_abundance.py::TestCustomAbundanceWidget::test_update_input_item_value
2025-02-15T21:52:30.4283059Z   /home/runner/micromamba/envs/tardis/lib/python3.12/site-packages/traitlets/traitlets.py:1385: DeprecationWarning:
2025-02-15T21:52:30.4283878Z   
2025-02-15T21:52:30.4284271Z   Passing unrecognized arguments to super(FloatText).__init__(min=0).
2025-02-15T21:52:30.4284947Z   object.__init__() takes exactly one argument (the instance to initialize)
2025-02-15T21:52:30.4285706Z   This is deprecated in traitlets 4.2.This error will be raised in a future release of traitlets.
2025-02-15T21:52:30.4286243Z 
2025-02-15T21:52:30.4287003Z tardis/visualization/widgets/tests/test_custom_abundance.py::TestCustomAbundanceWidget::test_update_input_item_value
2025-02-15T21:52:30.4288365Z   /home/runner/micromamba/envs/tardis/lib/python3.12/site-packages/traitlets/traitlets.py:1385: DeprecationWarning:
2025-02-15T21:52:30.4289783Z   
2025-02-15T21:52:30.4290188Z   Passing unrecognized arguments to super(HTML).__init__(indent=True).
2025-02-15T21:52:30.4290805Z   object.__init__() takes exactly one argument (the instance to initialize)
2025-02-15T21:52:30.4291476Z   This is deprecated in traitlets 4.2.This error will be raised in a future release of traitlets.
2025-02-15T21:52:30.4291919Z 
2025-02-15T21:52:30.4292516Z tardis/visualization/widgets/tests/test_line_info.py::TestLineInfoWidgetData::test_get_species_interactions[wavelength_range0-packet_out_nu]
2025-02-15T21:52:30.4293648Z   /home/runner/micromamba/envs/tardis/lib/python3.12/site-packages/qgridnext/grid.py:825: DeprecationWarning:
2025-02-15T21:52:30.4294285Z   
2025-02-15T21:52:30.4294793Z   QgridWidget._grid_options_changed is deprecated in traitlets 4.1: use @observe and @unobserve instead.
2025-02-15T21:52:30.4295273Z 
2025-02-15T21:52:30.4295620Z tardis/visualization/widgets/tests/test_shell_info.py::TestHDFShellInfo::test_shells_data
2025-02-15T21:52:30.4296349Z   /home/runner/work/tardis/tardis/tardis/io/util.py:289: PerformanceWarning:
2025-02-15T21:52:30.4297066Z   
2025-02-15T21:52:30.4297267Z   
2025-02-15T21:52:30.4297643Z   your performance may suffer as PyTables will pickle object types that it cannot
2025-02-15T21:52:30.4298360Z   map directly to c-types [inferred_type->mixed,key->block0_values] [items->Index([0], dtype='int64')]
2025-02-15T21:52:30.4299105Z 
2025-02-15T21:52:30.4299576Z tardis/visualization/widgets/tests/test_shell_info.py::TestHDFShellInfo::test_shells_data
2025-02-15T21:52:30.4300309Z   /home/runner/work/tardis/tardis/tardis/io/util.py:292: PerformanceWarning:
2025-02-15T21:52:30.4300784Z   
2025-02-15T21:52:30.4300988Z   
2025-02-15T21:52:30.4301368Z   your performance may suffer as PyTables will pickle object types that it cannot
2025-02-15T21:52:30.4301976Z   map directly to c-types [inferred_type->mixed,key->values] [items->None]
2025-02-15T21:52:30.4302323Z 
2025-02-15T21:52:30.4302667Z tardis/visualization/widgets/tests/test_shell_info.py::TestHDFShellInfo::test_shells_data
2025-02-15T21:52:30.4303546Z   /home/runner/work/tardis/tardis/tardis/spectrum/formal_integral.py:398: UserWarning:
2025-02-15T21:52:30.4304250Z   
2025-02-15T21:52:30.4304614Z   The number of interpolate_shells was not specified. The value was set to 80.
2025-02-15T21:52:30.4304980Z 
2025-02-15T21:52:30.4305227Z -- Docs: https://docs.pytest.org/en/stable/how-to/capture-warnings.html
2025-02-15T21:52:30.4305586Z 
2025-02-15T21:52:30.4305795Z ---------- coverage: platform linux, python 3.12.4-final-0 -----------
2025-02-15T21:52:30.4306272Z Coverage HTML written to dir coverage_html_report
2025-02-15T21:52:30.4306658Z Coverage XML written to file coverage.xml
2025-02-15T21:52:30.4306904Z 
2025-02-15T21:52:30.4307064Z =========================== short test summary info ============================
2025-02-15T21:52:30.4307859Z FAILED tardis/io/tests/test_model_reader.py::test_simple_read_artis_density - ValueError: not enough values to unpack (expected 4, got 3)
2025-02-15T21:52:30.4308975Z = 1 failed, 1437 passed, 329 skipped, 2 deselected, 19 xfailed, 8 xpassed, 92 warnings in 764.11s (0:12:44) =
2025-02-15T21:52:32.9673890Z ##[error]Process completed with exit code 1.
