2025-01-21T16:27:53.9976940Z ##[group]Run pytest tardis --tardis-regression-data=/Users/runner/work/tardis/tardis/tardis-regression-data --cov=tardis --cov-report=xml --cov-report=html --cov-append -m "not continuum"
2025-01-21T16:27:53.9978010Z [36;1mpytest tardis --tardis-regression-data=/Users/runner/work/tardis/tardis/tardis-regression-data --cov=tardis --cov-report=xml --cov-report=html --cov-append -m "not continuum"[0m
2025-01-21T16:27:54.0044580Z shell: /bin/bash -l {0}
2025-01-21T16:27:54.0044820Z env:
2025-01-21T16:27:54.0044980Z   CACHE_NUMBER: 0
2025-01-21T16:27:54.0045500Z   PYTEST_FLAGS: --tardis-regression-data=/Users/runner/work/tardis/tardis/tardis-regression-data --cov=tardis --cov-report=xml --cov-report=html --cov-append
2025-01-21T16:27:54.0046020Z   CODECOV_TOKEN: 
2025-01-21T16:27:54.0046230Z   MAMBA_ROOT_PREFIX: /Users/runner/micromamba
2025-01-21T16:27:54.0046480Z   MAMBA_EXE: /Users/runner/micromamba-bin/micromamba
2025-01-21T16:27:54.0046780Z   CONDARC: /Users/runner/work/_temp/setup-micromamba/.condarc
2025-01-21T16:27:54.0047140Z ##[endgroup]
2025-01-21T16:28:11.8833780Z ============================= test session starts ==============================
2025-01-21T16:28:11.8836090Z platform darwin -- Python 3.12.4, pytest-8.2.2, pluggy-1.5.0
2025-01-21T16:28:11.8837100Z rootdir: /Users/runner/work/tardis/tardis
2025-01-21T16:28:11.8838010Z configfile: pyproject.toml
2025-01-21T16:28:11.8838850Z plugins: cov-5.0.0, html-4.1.1, metadata-3.1.1, doctestplus-1.2.1, anyio-4.4.0
2025-01-21T16:28:11.8841250Z collected 1796 items / 2 deselected / 1794 selected
2025-01-21T16:28:11.8841910Z 
2025-01-21T16:28:16.3819980Z tardis/energy_input/tests/test_energy_source.py ..xxx                    [  0%]
2025-01-21T16:28:19.4930780Z tardis/energy_input/tests/test_gamma_ray_channel.py ...........          [  0%]
2025-01-21T16:28:19.6580640Z tardis/energy_input/tests/test_gamma_ray_grid.py xxE                     [  1%]
2025-01-21T16:28:19.8651440Z tardis/energy_input/tests/test_gamma_ray_interactions.py xxE...          [  1%]
2025-01-21T16:28:19.8854300Z tardis/energy_input/tests/test_gamma_ray_packet_source.py sssssssss      [  1%]
2025-01-21T16:28:22.1167500Z tardis/energy_input/tests/test_util.py .....xxxx.....                    [  2%]
2025-01-21T16:28:22.4861200Z tardis/grid/tests/test_grid.py .                                         [  2%]
2025-01-21T16:28:22.4871370Z tardis/gui/tests/test_gui.py s                                           [  2%]
2025-01-21T16:28:26.8290970Z tardis/io/configuration/tests/test_config_reader.py ...........          [  3%]
2025-01-21T16:28:26.8563460Z tardis/io/configuration/tests/test_configuration_namespace.py .........  [  3%]
2025-01-21T16:28:26.9037690Z tardis/io/logger/tests/test_logging.py ssssssssssssssssssssssssssss      [  5%]
2025-01-21T16:29:03.5451240Z tardis/io/model/readers/tests/test_arepo_parser.py ..                    [  5%]
2025-01-21T16:29:03.5837670Z tardis/io/model/readers/tests/test_ascii_readers.py ...                  [  5%]
2025-01-21T16:29:03.5972470Z tardis/io/model/readers/tests/test_cmfgen_reader.py ..                   [  5%]
2025-01-21T16:29:03.6306940Z tardis/io/model/readers/tests/test_csvy_reader.py ....                   [  6%]
2025-01-21T16:29:03.6584500Z tardis/io/model/readers/tests/test_stella_reader.py ..                   [  6%]
2025-01-21T16:29:04.0456740Z tardis/io/tests/test_HDFWriter.py ...............                        [  7%]
2025-01-21T16:29:04.5715940Z tardis/io/tests/test_atomic.py .....                                     [  7%]
2025-01-21T16:29:04.6158980Z tardis/io/tests/test_decay.py ..                                         [  7%]
2025-01-21T16:29:04.8157190Z tardis/io/tests/test_model_reader.py ......                              [  7%]
2025-01-21T16:29:04.8237540Z tardis/model/geometry/tests/test_radial1d.py ..                          [  7%]
2025-01-21T16:29:41.3914790Z tardis/model/tests/test_base.py ........................................ [ 10%]
2025-01-21T16:29:42.2019280Z ............                                                             [ 10%]
2025-01-21T16:29:44.8872250Z tardis/model/tests/test_csvy_model.py .........                          [ 11%]
2025-01-21T16:29:44.9206130Z tardis/model/tests/test_density.py ..                                    [ 11%]
2025-01-21T16:29:46.4066860Z tardis/opacities/tests/test_opacity_solver.py .....                      [ 11%]
2025-01-21T16:29:47.5599430Z tardis/opacities/tests/test_opacity_state_numba.py .....                 [ 11%]
2025-01-21T16:29:48.9159030Z tardis/opacities/tests/test_tau_sobolev.py FF                            [ 12%]
2025-01-21T16:29:51.7204830Z tardis/plasma/equilibrium/tests/test_collisional_transitions.py ...      [ 12%]
2025-01-21T16:30:35.2158650Z tardis/plasma/equilibrium/tests/test_level_populations.py ....           [ 12%]
2025-01-21T16:30:46.3712410Z tardis/plasma/equilibrium/tests/test_rate_matrix.py .                    [ 12%]
2025-01-21T16:30:47.5286540Z tardis/plasma/tests/test_complete_plasmas.py .....................s..... [ 13%]
2025-01-21T16:30:49.9776110Z s....ssssss............s............ss.....s....ssssss............s..... [ 18%]
2025-01-21T16:30:51.4932590Z .......ss.....s....ssssss............s............ss.....s....ssssss.... [ 22%]
2025-01-21T16:30:53.6695120Z ........s............ss.....s........ss............s............ss.....s [ 26%]
2025-01-21T16:30:56.5692770Z ........ss............s............ss.....s....ssssss............s...... [ 30%]
2025-01-21T16:30:57.3480880Z ......ss.....s....ssssss............s............ss.....s.ss.ssssss..... [ 34%]
2025-01-21T16:30:59.9890900Z .......s............ss.....s....ssssss............s............ss.....s. [ 38%]
2025-01-21T16:31:02.6869530Z ...ssssss............s............ss.....s....ssssss............s....... [ 42%]
2025-01-21T16:31:05.1503460Z .....ss.....s....ssssss............s............s...........ssssss...... [ 46%]
2025-01-21T16:31:06.5850960Z ......s............s...........ssssss............s............s......... [ 50%]
2025-01-21T16:31:09.1301500Z ..ssssss............s............ss.....s....ssssss............s........ [ 54%]
2025-01-21T16:31:12.2806460Z ....ss.....s....ssssss..........................s.....s....ssss......... [ 58%]
2025-01-21T16:31:12.6318540Z ...................s.....s....ssss.......                                [ 60%]
2025-01-21T16:31:12.8226940Z tardis/plasma/tests/test_hdf_plasma.py ................................. [ 62%]
2025-01-21T16:31:12.8354590Z ......                                                                   [ 62%]
2025-01-21T16:31:13.1705220Z tardis/plasma/tests/test_nlte_excitation.py ...                          [ 62%]
2025-01-21T16:33:07.7399750Z tardis/plasma/tests/test_nlte_solver.py .....X                           [ 63%]
2025-01-21T16:33:07.7448620Z tardis/plasma/tests/test_plasma_continuum.py .                           [ 63%]
2025-01-21T16:33:30.4472700Z tardis/plasma/tests/test_plasma_vboundary.py .............               [ 63%]
2025-01-21T16:33:40.3095700Z tardis/plasma/tests/test_tardis_model_density_config.py ...              [ 64%]
2025-01-21T16:33:40.7858730Z tardis/simulation/tests/test_convergence.py .....                        [ 64%]
2025-01-21T16:33:46.8062200Z tardis/simulation/tests/test_simulation.py .............                 [ 65%]
2025-01-21T16:33:46.8173610Z tardis/spectrum/tests/test_cuda_formal_integral.py sssssssssssssssssssss [ 66%]
2025-01-21T16:33:47.0457600Z ssss...ssssssssssssssssssssss                                            [ 67%]
2025-01-21T16:33:47.0497160Z tardis/spectrum/tests/test_luminosity.py ....                            [ 68%]
2025-01-21T16:33:48.4792660Z tardis/spectrum/tests/test_numba_formal_integral.py .................... [ 69%]
2025-01-21T16:33:48.4916780Z ..........                                                               [ 69%]
2025-01-21T16:33:48.6297850Z tardis/spectrum/tests/test_spectrum.py ................................. [ 71%]
2025-01-21T16:33:48.6517240Z .........                                                                [ 72%]
2025-01-21T16:34:05.2051460Z tardis/spectrum/tests/test_spectrum_solver.py ....                       [ 72%]
2025-01-21T16:35:03.9128240Z tardis/tests/test_tardis_full.py ....                                    [ 72%]
2025-01-21T16:36:42.8983090Z tardis/tests/test_tardis_full_formal_integral.py ................        [ 73%]
2025-01-21T16:36:42.9874510Z tardis/tests/test_util.py .............................................  [ 75%]
2025-01-21T16:36:46.5569610Z tardis/transport/montecarlo/tests/test_base.py x.....................    [ 77%]
2025-01-21T16:36:51.8647070Z tardis/transport/montecarlo/tests/test_interaction.py .......            [ 77%]
2025-01-21T16:36:52.0232960Z tardis/transport/montecarlo/tests/test_macro_atom.py ....                [ 77%]
2025-01-21T16:36:52.0338730Z tardis/transport/montecarlo/tests/test_montecarlo.py sssssssssssssssssss [ 78%]
2025-01-21T16:36:52.0600830Z sssssssssssssssssssssssssssssssssssssssssssss                            [ 81%]
2025-01-21T16:36:59.9673860Z tardis/transport/montecarlo/tests/test_montecarlo_main_loop.py x..       [ 81%]
2025-01-21T16:36:59.9796960Z tardis/transport/montecarlo/tests/test_nonhomologous.py ...              [ 81%]
2025-01-21T16:37:02.6395990Z tardis/transport/montecarlo/tests/test_numba_interface.py .....x.        [ 82%]
2025-01-21T16:37:02.9801600Z tardis/transport/montecarlo/tests/test_opacities.py ...............      [ 82%]
2025-01-21T16:37:03.6729980Z tardis/transport/montecarlo/tests/test_packet.py .................xXXXXX [ 84%]
2025-01-21T16:37:03.7585030Z XX.........                                                              [ 84%]
2025-01-21T16:37:03.7820500Z tardis/transport/montecarlo/tests/test_packet_source.py ........         [ 85%]
2025-01-21T16:37:03.9783870Z tardis/transport/montecarlo/tests/test_rpacket_last_interaction_tracker.py . [ 85%]
2025-01-21T16:37:04.2346370Z .....                                                                    [ 85%]
2025-01-21T16:37:14.0694080Z tardis/transport/montecarlo/tests/test_rpacket_tracker.py ......         [ 85%]
2025-01-21T16:37:14.0921810Z tardis/transport/montecarlo/tests/test_single_packet_loop.py xxx         [ 86%]
2025-01-21T16:37:14.0959840Z tardis/transport/montecarlo/tests/test_tracker_utils.py ..               [ 86%]
2025-01-21T16:37:15.4186290Z tardis/transport/montecarlo/tests/test_vpacket.py ..x.                   [ 86%]
2025-01-21T16:37:15.4341760Z tardis/transport/montecarlo/tests/test_weighted_packet_source.py ....    [ 86%]
2025-01-21T16:37:18.1527830Z tardis/transport/montecarlo/tests/test_weighted_packet_source_integration.py . [ 86%]
2025-01-21T16:37:18.1530110Z                                                                          [ 86%]
2025-01-21T16:37:18.6797400Z tardis/transport/tests/test_doppler_factor.py ..................         [ 87%]
2025-01-21T16:37:20.3445500Z tardis/visualization/tools/tests/test_convergence_plot.py .............. [ 88%]
2025-01-21T16:37:22.0355740Z ......                                                                   [ 88%]
2025-01-21T16:37:25.8202240Z tardis/visualization/tools/tests/test_liv_plot.py ...................... [ 90%]
2025-01-21T16:37:29.3773770Z .............................                                            [ 91%]
2025-01-21T16:37:32.1978400Z tardis/visualization/tools/tests/test_rpacket_plot.py .................. [ 92%]
2025-01-21T16:37:39.0495460Z ....                                                                     [ 92%]
2025-01-21T16:37:43.2453760Z tardis/visualization/tools/tests/test_sdec_plot.py ..................... [ 94%]
2025-01-21T16:37:49.3102440Z ..............................                                           [ 95%]
2025-01-21T16:37:49.6414620Z tardis/visualization/widgets/tests/test_custom_abundance.py ........ss.. [ 96%]
2025-01-21T16:37:49.6841960Z ....                                                                     [ 96%]
2025-01-21T16:37:50.4106790Z tardis/visualization/widgets/tests/test_line_info.py ................... [ 97%]
2025-01-21T16:37:50.8742640Z ..................                                                       [ 98%]
2025-01-21T16:41:03.8617530Z tardis/visualization/widgets/tests/test_shell_info.py .................. [ 99%]
2025-01-21T16:41:10.5781930Z ......                                                                   [100%]
2025-01-21T16:41:10.5782870Z 
2025-01-21T16:41:10.5783280Z ==================================== ERRORS ====================================
2025-01-21T16:41:10.5783800Z ______________________ ERROR at setup of test_move_packet ______________________
2025-01-21T16:41:10.5784340Z 
2025-01-21T16:41:10.5784560Z     @pytest.fixture(scope="function")
2025-01-21T16:41:10.5784900Z     def basic_gamma_ray():
2025-01-21T16:41:10.5785250Z         """basic gamma ray fixture
2025-01-21T16:41:10.5785560Z     
2025-01-21T16:41:10.5786430Z         Returns
2025-01-21T16:41:10.5786850Z         -------
2025-01-21T16:41:10.5787140Z         GXPacket
2025-01-21T16:41:10.5787530Z         """
2025-01-21T16:41:10.5787840Z >       return GXPacket(
2025-01-21T16:41:10.5788260Z             location=np.array([1.36375693e13, 4.10589818e14, 9.11718168e14]),
2025-01-21T16:41:10.5790110Z             direction=np.array([-0.97113853, 0.23134328, -0.05805379]),
2025-01-21T16:41:10.5790570Z             energy_rf=1e52,
2025-01-21T16:41:10.5790890Z             energy_cmf=1e52,
2025-01-21T16:41:10.5791260Z             nu_rf=1000.0e3 / H_CGS_KEV,
2025-01-21T16:41:10.5791620Z             nu_cmf=1000.0e3 / H_CGS_KEV,
2025-01-21T16:41:10.5792030Z             status=GXPacketStatus.IN_PROCESS,
2025-01-21T16:41:10.5807130Z             shell=1,
2025-01-21T16:41:10.5807780Z             time_current=1000,
2025-01-21T16:41:10.5808300Z         )
2025-01-21T16:41:10.5808910Z 
2025-01-21T16:41:10.5810770Z tardis/energy_input/tests/conftest.py:16: 
2025-01-21T16:41:10.5811460Z _ _ _ _ _ _ _ _ _ _ _ _ _ _ _ _ _ _ _ _ _ _ _ _ _ _ _ _ _ _ _ _ _ _ _ _ _ _ _ _ 
2025-01-21T16:41:10.5813180Z ../../../micromamba/envs/tardis/lib/python3.12/site-packages/numba/experimental/jitclass/base.py:124: in __call__
2025-01-21T16:41:10.5814130Z     return cls._ctor(*bind.args[1:], **bind.kwargs)
2025-01-21T16:41:10.5815310Z ../../../micromamba/envs/tardis/lib/python3.12/site-packages/numba/core/dispatcher.py:468: in _compile_for_args
2025-01-21T16:41:10.5816010Z     error_rewrite(e, 'typing')
2025-01-21T16:41:10.5817990Z _ _ _ _ _ _ _ _ _ _ _ _ _ _ _ _ _ _ _ _ _ _ _ _ _ _ _ _ _ _ _ _ _ _ _ _ _ _ _ _ 
2025-01-21T16:41:10.5818420Z 
2025-01-21T16:41:10.5818940Z e = TypingError('Failed in nopython mode pipeline (step: nopython frontend)\n\x1b[1m\x1b[1m\x1b[1m\x1b[1mFailed in nopytho... <string> (3)\n\x1b[0m\n\x1b[1m\nFile "<string>", line 3:\x1b[0m\n\x1b[1m<source missing, REPL/exec in use?>\x1b[0m\n')
2025-01-21T16:41:10.5820570Z issue_type = 'typing'
2025-01-21T16:41:10.5821790Z 
2025-01-21T16:41:10.5821880Z     def error_rewrite(e, issue_type):
2025-01-21T16:41:10.5825180Z         """
2025-01-21T16:41:10.5827160Z         Rewrite and raise Exception `e` with help supplied based on the
2025-01-21T16:41:10.5829210Z         specified issue_type.
2025-01-21T16:41:10.5829750Z         """
2025-01-21T16:41:10.5830270Z         if config.SHOW_HELP:
2025-01-21T16:41:10.5830930Z             help_msg = errors.error_extras[issue_type]
2025-01-21T16:41:10.5832000Z             e.patch_message('\n'.join((str(e).rstrip(), help_msg)))
2025-01-21T16:41:10.5833270Z         if config.FULL_TRACEBACKS:
2025-01-21T16:41:10.5833780Z             raise e
2025-01-21T16:41:10.5834670Z         else:
2025-01-21T16:41:10.5835150Z >           raise e.with_traceback(None)
2025-01-21T16:41:10.5836040Z E           numba.core.errors.TypingError: Failed in nopython mode pipeline (step: nopython frontend)
2025-01-21T16:41:10.5882520Z E           [1m[1m[1m[1mFailed in nopython mode pipeline (step: nopython frontend)
2025-01-21T16:41:10.5886550Z E           [1m[1mCannot resolve setattr: (instance.jitclass.GXPacket#13956d6a0<location:array(float64, 1d, A),direction:array(float64, 1d, A),energy_rf:float64,energy_cmf:float64,nu_rf:float64,nu_cmf:float64,status:int64,shell:int64,time_current:float64,tau:float64>).tau_event = float64
2025-01-21T16:41:10.5904290Z E           [1m
2025-01-21T16:41:10.5904690Z E           File "tardis/energy_input/GXPacket.py", line 66:[0m
2025-01-21T16:41:10.5905090Z E           [1m    def __init__(
2025-01-21T16:41:10.5905370Z E                   <source elided>
2025-01-21T16:41:10.5905620Z E                   self.time_current = time_current
2025-01-21T16:41:10.5908040Z E           [1m        self.tau_event = -np.log(np.random.random())
2025-01-21T16:41:10.5909810Z E           [0m        [1m^[0m[0m
2025-01-21T16:41:10.5911620Z E           [0m
2025-01-21T16:41:10.5912110Z E           [0m[1mDuring: typing of set attribute 'tau_event' at /Users/runner/work/tardis/tardis/tardis/energy_input/GXPacket.py (66)[0m
2025-01-21T16:41:10.5912600Z E           [1m
2025-01-21T16:41:10.5914860Z E           File "tardis/energy_input/GXPacket.py", line 66:[0m
2025-01-21T16:41:10.5915570Z E           [1m    def __init__(
2025-01-21T16:41:10.5916880Z E                   <source elided>
2025-01-21T16:41:10.5918600Z E                   self.time_current = time_current
2025-01-21T16:41:10.5919140Z E           [1m        self.tau_event = -np.log(np.random.random())
2025-01-21T16:41:10.5919450Z E           [0m        [1m^[0m[0m
2025-01-21T16:41:10.5920180Z E           
2025-01-21T16:41:10.5922340Z E           [0m[1mDuring: resolving callee type: jitclass.GXPacket#13956d6a0<location:array(float64, 1d, A),direction:array(float64, 1d, A),energy_rf:float64,energy_cmf:float64,nu_rf:float64,nu_cmf:float64,status:int64,shell:int64,time_current:float64,tau:float64>[0m
2025-01-21T16:41:10.5925040Z E           [0m[1mDuring: typing of call at <string> (3)
2025-01-21T16:41:10.5925860Z E           [0m
2025-01-21T16:41:10.5927270Z E           [0m[1mDuring: resolving callee type: jitclass.GXPacket#13956d6a0<location:array(float64, 1d, A),direction:array(float64, 1d, A),energy_rf:float64,energy_cmf:float64,nu_rf:float64,nu_cmf:float64,status:int64,shell:int64,time_current:float64,tau:float64>[0m
2025-01-21T16:41:10.5928080Z E           [0m[1mDuring: typing of call at <string> (3)
2025-01-21T16:41:10.5929020Z E           [0m
2025-01-21T16:41:10.5929260Z E           [1m
2025-01-21T16:41:10.5930820Z E           File "<string>", line 3:[0m
2025-01-21T16:41:10.5931130Z E           [1m<source missing, REPL/exec in use?>[0m
2025-01-21T16:41:10.5931340Z 
2025-01-21T16:41:10.5932550Z ../../../micromamba/envs/tardis/lib/python3.12/site-packages/numba/core/dispatcher.py:409: TypingError
2025-01-21T16:41:10.5934220Z _____________________ ERROR at setup of test_pair_creation _____________________
2025-01-21T16:41:10.5934420Z 
2025-01-21T16:41:10.5934560Z     @pytest.fixture(scope="function")
2025-01-21T16:41:10.5934850Z     def basic_gamma_ray():
2025-01-21T16:41:10.5935090Z         """basic gamma ray fixture
2025-01-21T16:41:10.5935300Z     
2025-01-21T16:41:10.5935920Z         Returns
2025-01-21T16:41:10.5936100Z         -------
2025-01-21T16:41:10.5936870Z         GXPacket
2025-01-21T16:41:10.5937060Z         """
2025-01-21T16:41:10.5937320Z >       return GXPacket(
2025-01-21T16:41:10.5937620Z             location=np.array([1.36375693e13, 4.10589818e14, 9.11718168e14]),
2025-01-21T16:41:10.5938070Z             direction=np.array([-0.97113853, 0.23134328, -0.05805379]),
2025-01-21T16:41:10.5938370Z             energy_rf=1e52,
2025-01-21T16:41:10.5938650Z             energy_cmf=1e52,
2025-01-21T16:41:10.5939220Z             nu_rf=1000.0e3 / H_CGS_KEV,
2025-01-21T16:41:10.5941970Z             nu_cmf=1000.0e3 / H_CGS_KEV,
2025-01-21T16:41:10.5945880Z             status=GXPacketStatus.IN_PROCESS,
2025-01-21T16:41:10.5947230Z             shell=1,
2025-01-21T16:41:10.5947960Z             time_current=1000,
2025-01-21T16:41:10.5948580Z         )
2025-01-21T16:41:10.5949260Z 
2025-01-21T16:41:10.5949440Z tardis/energy_input/tests/conftest.py:16: 
2025-01-21T16:41:10.5949810Z _ _ _ _ _ _ _ _ _ _ _ _ _ _ _ _ _ _ _ _ _ _ _ _ _ _ _ _ _ _ _ _ _ _ _ _ _ _ _ _ 
2025-01-21T16:41:10.5950840Z ../../../micromamba/envs/tardis/lib/python3.12/site-packages/numba/experimental/jitclass/base.py:124: in __call__
2025-01-21T16:41:10.5953230Z     return cls._ctor(*bind.args[1:], **bind.kwargs)
2025-01-21T16:41:10.5954320Z ../../../micromamba/envs/tardis/lib/python3.12/site-packages/numba/core/dispatcher.py:468: in _compile_for_args
2025-01-21T16:41:10.5955630Z     error_rewrite(e, 'typing')
2025-01-21T16:41:10.5956150Z _ _ _ _ _ _ _ _ _ _ _ _ _ _ _ _ _ _ _ _ _ _ _ _ _ _ _ _ _ _ _ _ _ _ _ _ _ _ _ _ 
2025-01-21T16:41:10.5956800Z 
2025-01-21T16:41:10.5957420Z e = TypingError('Failed in nopython mode pipeline (step: nopython frontend)\n\x1b[1m\x1b[1m\x1b[1m\x1b[1mFailed in nopytho... <string> (3)\n\x1b[0m\n\x1b[1m\nFile "<string>", line 3:\x1b[0m\n\x1b[1m<source missing, REPL/exec in use?>\x1b[0m\n')
2025-01-21T16:41:10.5958320Z issue_type = 'typing'
2025-01-21T16:41:10.5959090Z 
2025-01-21T16:41:10.5959690Z     def error_rewrite(e, issue_type):
2025-01-21T16:41:10.5960190Z         """
2025-01-21T16:41:10.5961050Z         Rewrite and raise Exception `e` with help supplied based on the
2025-01-21T16:41:10.5962330Z         specified issue_type.
2025-01-21T16:41:10.5962940Z         """
2025-01-21T16:41:10.5963150Z         if config.SHOW_HELP:
2025-01-21T16:41:10.5963870Z             help_msg = errors.error_extras[issue_type]
2025-01-21T16:41:10.5964320Z             e.patch_message('\n'.join((str(e).rstrip(), help_msg)))
2025-01-21T16:41:10.5965480Z         if config.FULL_TRACEBACKS:
2025-01-21T16:41:10.5965990Z             raise e
2025-01-21T16:41:10.5966530Z         else:
2025-01-21T16:41:10.5967030Z >           raise e.with_traceback(None)
2025-01-21T16:41:10.5968170Z E           numba.core.errors.TypingError: Failed in nopython mode pipeline (step: nopython frontend)
2025-01-21T16:41:10.5968890Z E           [1m[1m[1m[1mFailed in nopython mode pipeline (step: nopython frontend)
2025-01-21T16:41:10.5970130Z E           [1m[1mCannot resolve setattr: (instance.jitclass.GXPacket#13956d6a0<location:array(float64, 1d, A),direction:array(float64, 1d, A),energy_rf:float64,energy_cmf:float64,nu_rf:float64,nu_cmf:float64,status:int64,shell:int64,time_current:float64,tau:float64>).tau_event = float64
2025-01-21T16:41:10.5972380Z E           [1m
2025-01-21T16:41:10.5972970Z E           File "tardis/energy_input/GXPacket.py", line 66:[0m
2025-01-21T16:41:10.5973350Z E           [1m    def __init__(
2025-01-21T16:41:10.5973620Z E                   <source elided>
2025-01-21T16:41:10.5973850Z E                   self.time_current = time_current
2025-01-21T16:41:10.5974160Z E           [1m        self.tau_event = -np.log(np.random.random())
2025-01-21T16:41:10.6043830Z E           [0m        [1m^[0m[0m
2025-01-21T16:41:10.6044440Z E           [0m
2025-01-21T16:41:10.6044920Z E           [0m[1mDuring: typing of set attribute 'tau_event' at /Users/runner/work/tardis/tardis/tardis/energy_input/GXPacket.py (66)[0m
2025-01-21T16:41:10.6045510Z E           [1m
2025-01-21T16:41:10.6045760Z E           File "tardis/energy_input/GXPacket.py", line 66:[0m
2025-01-21T16:41:10.6046090Z E           [1m    def __init__(
2025-01-21T16:41:10.6048190Z E                   <source elided>
2025-01-21T16:41:10.6049710Z E                   self.time_current = time_current
2025-01-21T16:41:10.6050070Z E           [1m        self.tau_event = -np.log(np.random.random())
2025-01-21T16:41:10.6050420Z E           [0m        [1m^[0m[0m
2025-01-21T16:41:10.6051220Z E           
2025-01-21T16:41:10.6052480Z E           [0m[1mDuring: resolving callee type: jitclass.GXPacket#13956d6a0<location:array(float64, 1d, A),direction:array(float64, 1d, A),energy_rf:float64,energy_cmf:float64,nu_rf:float64,nu_cmf:float64,status:int64,shell:int64,time_current:float64,tau:float64>[0m
2025-01-21T16:41:10.6054170Z E           [0m[1mDuring: typing of call at <string> (3)
2025-01-21T16:41:10.6054970Z E           [0m
2025-01-21T16:41:10.6055770Z E           [0m[1mDuring: resolving callee type: jitclass.GXPacket#13956d6a0<location:array(float64, 1d, A),direction:array(float64, 1d, A),energy_rf:float64,energy_cmf:float64,nu_rf:float64,nu_cmf:float64,status:int64,shell:int64,time_current:float64,tau:float64>[0m
2025-01-21T16:41:10.6057600Z E           [0m[1mDuring: typing of call at <string> (3)
2025-01-21T16:41:10.6058080Z E           [0m
2025-01-21T16:41:10.6058810Z E           [1m
2025-01-21T16:41:10.6059220Z E           File "<string>", line 3:[0m
2025-01-21T16:41:10.6059660Z E           [1m<source missing, REPL/exec in use?>[0m
2025-01-21T16:41:10.6060160Z 
2025-01-21T16:41:10.6060420Z ../../../micromamba/envs/tardis/lib/python3.12/site-packages/numba/core/dispatcher.py:409: TypingError
2025-01-21T16:41:10.6061040Z =================================== FAILURES ===================================
2025-01-21T16:41:10.6061340Z _____________________ test_calculate_sobolev_line_opacity ______________________
2025-01-21T16:41:10.6061600Z 
2025-01-21T16:41:10.6062080Z nb_simulation_verysimple = <tardis.simulation.base.Simulation object at 0x311c38c50>
2025-01-21T16:41:10.6062930Z regression_data = <tardis.tests.fixtures.regression_data.RegressionData object at 0x324838da0>
2025-01-21T16:41:10.6063280Z 
2025-01-21T16:41:10.6063370Z     def test_calculate_sobolev_line_opacity(
2025-01-21T16:41:10.6063600Z         nb_simulation_verysimple, regression_data
2025-01-21T16:41:10.6063800Z     ):
2025-01-21T16:41:10.6063970Z         legacy_plasma = nb_simulation_verysimple.plasma
2025-01-21T16:41:10.6064340Z     
2025-01-21T16:41:10.6064480Z         actual = calculate_sobolev_line_opacity(
2025-01-21T16:41:10.6064960Z             legacy_plasma.lines,
2025-01-21T16:41:10.6065420Z             legacy_plasma.level_number_density,
2025-01-21T16:41:10.6065690Z             legacy_plasma.time_explosion,
2025-01-21T16:41:10.6065920Z             legacy_plasma.stimulated_emission_factor,
2025-01-21T16:41:10.6066790Z         )
2025-01-21T16:41:10.6067310Z >       expected = regression_data.sync_dataframe(actual)
2025-01-21T16:41:10.6067780Z 
2025-01-21T16:41:10.6068030Z tardis/opacities/tests/test_tau_sobolev.py:21: 
2025-01-21T16:41:10.6069100Z _ _ _ _ _ _ _ _ _ _ _ _ _ _ _ _ _ _ _ _ _ _ _ _ _ _ _ _ _ _ _ _ _ _ _ _ _ _ _ _ 
2025-01-21T16:41:10.6069410Z tardis/tests/fixtures/regression_data.py:88: in sync_dataframe
2025-01-21T16:41:10.6069690Z     return pd.read_hdf(self.fpath, key=key)
2025-01-21T16:41:10.6069930Z _ _ _ _ _ _ _ _ _ _ _ _ _ _ _ _ _ _ _ _ _ _ _ _ _ _ _ _ _ _ _ _ _ _ _ _ _ _ _ _ 
2025-01-21T16:41:10.6070100Z 
2025-01-21T16:41:10.6070420Z path_or_buf = '/Users/runner/work/tardis/tardis/tardis-regression-data/test_tau_sobolev/test_calculate_sobolev_line_opacity.h5'
2025-01-21T16:41:10.6070990Z key = 'data', mode = 'r', errors = 'strict', where = None, start = None
2025-01-21T16:41:10.6072320Z stop = None, columns = None, iterator = False, chunksize = None, kwargs = {}
2025-01-21T16:41:10.6073200Z exists = False
2025-01-21T16:41:10.6073320Z 
2025-01-21T16:41:10.6073370Z     def read_hdf(
2025-01-21T16:41:10.6073770Z         path_or_buf: FilePath | HDFStore,
2025-01-21T16:41:10.6074240Z         key=None,
2025-01-21T16:41:10.6074940Z         mode: str = "r",
2025-01-21T16:41:10.6075390Z         errors: str = "strict",
2025-01-21T16:41:10.6076140Z         where: str | list | None = None,
2025-01-21T16:41:10.6077180Z         start: int | None = None,
2025-01-21T16:41:10.6078330Z         stop: int | None = None,
2025-01-21T16:41:10.6078870Z         columns: list[str] | None = None,
2025-01-21T16:41:10.6079420Z         iterator: bool = False,
2025-01-21T16:41:10.6079800Z         chunksize: int | None = None,
2025-01-21T16:41:10.6080250Z         **kwargs,
2025-01-21T16:41:10.6080700Z     ):
2025-01-21T16:41:10.6080970Z         """
2025-01-21T16:41:10.6081270Z         Read from the store, close it if we opened it.
2025-01-21T16:41:10.6081470Z     
2025-01-21T16:41:10.6081670Z         Retrieve pandas object stored in file, optionally based on where
2025-01-21T16:41:10.6081920Z         criteria.
2025-01-21T16:41:10.6082050Z     
2025-01-21T16:41:10.6096240Z         .. warning::
2025-01-21T16:41:10.6096400Z     
2025-01-21T16:41:10.6098980Z            Pandas uses PyTables for reading and writing HDF5 files, which allows
2025-01-21T16:41:10.6099670Z            serializing object-dtype data with pickle when using the "fixed" format.
2025-01-21T16:41:10.6100050Z            Loading pickled data received from untrusted sources can be unsafe.
2025-01-21T16:41:10.6100310Z     
2025-01-21T16:41:10.6100530Z            See: https://docs.python.org/3/library/pickle.html for more.
2025-01-21T16:41:10.6100790Z     
2025-01-21T16:41:10.6101170Z         Parameters
2025-01-21T16:41:10.6101310Z         ----------
2025-01-21T16:41:10.6101500Z         path_or_buf : str, path object, pandas.HDFStore
2025-01-21T16:41:10.6101820Z             Any valid string path is acceptable. Only supports the local file system,
2025-01-21T16:41:10.6102380Z             remote URLs and file-like objects are not supported.
2025-01-21T16:41:10.6102770Z     
2025-01-21T16:41:10.6106040Z             If you want to pass in a path object, pandas accepts any
2025-01-21T16:41:10.6107140Z             ``os.PathLike``.
2025-01-21T16:41:10.6107990Z     
2025-01-21T16:41:10.6108600Z             Alternatively, pandas accepts an open :class:`pandas.HDFStore` object.
2025-01-21T16:41:10.6109130Z     
2025-01-21T16:41:10.6109580Z         key : object, optional
2025-01-21T16:41:10.6110190Z             The group identifier in the store. Can be omitted if the HDF file
2025-01-21T16:41:10.6110620Z             contains a single pandas object.
2025-01-21T16:41:10.6113240Z         mode : {'r', 'r+', 'a'}, default 'r'
2025-01-21T16:41:10.6113590Z             Mode to use when opening the file. Ignored if path_or_buf is a
2025-01-21T16:41:10.6113960Z             :class:`pandas.HDFStore`. Default is 'r'.
2025-01-21T16:41:10.6114190Z         errors : str, default 'strict'
2025-01-21T16:41:10.6114510Z             Specifies how encoding and decoding errors are to be handled.
2025-01-21T16:41:10.6114830Z             See the errors argument for :func:`open` for a full list
2025-01-21T16:41:10.6115080Z             of options.
2025-01-21T16:41:10.6115240Z         where : list, optional
2025-01-21T16:41:10.6115430Z             A list of Term (or convertible) objects.
2025-01-21T16:41:10.6115650Z         start : int, optional
2025-01-21T16:41:10.6115840Z             Row number to start selection.
2025-01-21T16:41:10.6116030Z         stop  : int, optional
2025-01-21T16:41:10.6116220Z             Row number to stop selection.
2025-01-21T16:41:10.6116430Z         columns : list, optional
2025-01-21T16:41:10.6116660Z             A list of columns names to return.
2025-01-21T16:41:10.6116870Z         iterator : bool, optional
2025-01-21T16:41:10.6117060Z             Return an iterator object.
2025-01-21T16:41:10.6117250Z         chunksize : int, optional
2025-01-21T16:41:10.6118140Z             Number of rows to include in an iteration when using an iterator.
2025-01-21T16:41:10.6118910Z         **kwargs
2025-01-21T16:41:10.6119450Z             Additional keyword arguments passed to HDFStore.
2025-01-21T16:41:10.6119710Z     
2025-01-21T16:41:10.6119830Z         Returns
2025-01-21T16:41:10.6120040Z         -------
2025-01-21T16:41:10.6120180Z         object
2025-01-21T16:41:10.6120390Z             The selected object. Return type depends on the object stored.
2025-01-21T16:41:10.6120640Z     
2025-01-21T16:41:10.6120760Z         See Also
2025-01-21T16:41:10.6120890Z         --------
2025-01-21T16:41:10.6121080Z         DataFrame.to_hdf : Write a HDF file from a DataFrame.
2025-01-21T16:41:10.6121350Z         HDFStore : Low-level access to HDF files.
2025-01-21T16:41:10.6121540Z     
2025-01-21T16:41:10.6121650Z         Examples
2025-01-21T16:41:10.6122120Z         --------
2025-01-21T16:41:10.6122860Z         >>> df = pd.DataFrame([[1, 1.0, 'a']], columns=['x', 'y', 'z'])  # doctest: +SKIP
2025-01-21T16:41:10.6125200Z         >>> df.to_hdf('./store.h5', 'data')  # doctest: +SKIP
2025-01-21T16:41:10.6125520Z         >>> reread = pd.read_hdf('./store.h5')  # doctest: +SKIP
2025-01-21T16:41:10.6125750Z         """
2025-01-21T16:41:10.6126340Z         if mode not in ["r", "r+", "a"]:
2025-01-21T16:41:10.6126550Z             raise ValueError(
2025-01-21T16:41:10.6126780Z                 f"mode {mode} is not allowed while performing a read. "
2025-01-21T16:41:10.6127040Z                 f"Allowed modes are r, r+ and a."
2025-01-21T16:41:10.6127230Z             )
2025-01-21T16:41:10.6127370Z         # grab the scope
2025-01-21T16:41:10.6127540Z         if where is not None:
2025-01-21T16:41:10.6127750Z             where = _ensure_term(where, scope_level=1)
2025-01-21T16:41:10.6127950Z     
2025-01-21T16:41:10.6128160Z         if isinstance(path_or_buf, HDFStore):
2025-01-21T16:41:10.6128370Z             if not path_or_buf.is_open:
2025-01-21T16:41:10.6128620Z                 raise OSError("The HDFStore must be open for reading.")
2025-01-21T16:41:10.6128850Z     
2025-01-21T16:41:10.6128980Z             store = path_or_buf
2025-01-21T16:41:10.6129160Z             auto_close = False
2025-01-21T16:41:10.6129330Z         else:
2025-01-21T16:41:10.6129940Z             path_or_buf = stringify_path(path_or_buf)
2025-01-21T16:41:10.6130870Z             if not isinstance(path_or_buf, str):
2025-01-21T16:41:10.6131760Z                 raise NotImplementedError(
2025-01-21T16:41:10.6132450Z                     "Support for generic buffers has not been implemented."
2025-01-21T16:41:10.6133090Z                 )
2025-01-21T16:41:10.6133480Z             try:
2025-01-21T16:41:10.6134990Z                 exists = os.path.exists(path_or_buf)
2025-01-21T16:41:10.6136410Z     
2025-01-21T16:41:10.6136550Z             # if filepath is too long
2025-01-21T16:41:10.6137470Z             except (TypeError, ValueError):
2025-01-21T16:41:10.6137720Z                 exists = False
2025-01-21T16:41:10.6137870Z     
2025-01-21T16:41:10.6137990Z             if not exists:
2025-01-21T16:41:10.6138230Z >               raise FileNotFoundError(f"File {path_or_buf} does not exist")
2025-01-21T16:41:10.6139490Z E               FileNotFoundError: File /Users/runner/work/tardis/tardis/tardis-regression-data/test_tau_sobolev/test_calculate_sobolev_line_opacity.h5 does not exist
2025-01-21T16:41:10.6140880Z 
2025-01-21T16:41:10.6141530Z ../../../micromamba/envs/tardis/lib/python3.12/site-packages/pandas/io/pytables.py:424: FileNotFoundError
2025-01-21T16:41:10.6142820Z ---------------------------- Captured stdout setup -----------------------------
2025-01-21T16:41:10.6143520Z [[1mtardis.io.model.parse_density_configuration[0m][[1;33mWARNING[0m]  
2025-01-21T16:41:10.6144150Z 	Number of density points larger than number of shells. Assuming inner point irrelevant ([1mparse_density_configuration.py[0m:114)
2025-01-21T16:41:10.6144650Z ---------------------------- Captured stderr setup -----------------------------
2025-01-21T16:41:10.6144850Z 
2025-01-21T16:41:10.6186940Z Iterations:â–ˆâ–ˆâ–ˆâ–ˆâ–ˆâ–ˆâ–ˆâ–ˆâ–ˆâ–ˆâ–ˆâ–ˆâ–ˆâ–ˆâ–ˆâ–ˆâ–ˆâ–ˆâ–ˆâ–ˆâ–ˆâ–ˆâ–ˆâ–ˆâ–ˆâ–ˆâ–ˆâ–ˆâ–ˆâ–ˆâ–ˆâ–ˆâ–ˆâ–ˆâ–ˆâ–ˆâ–ˆâ–ˆâ–ˆâ–ˆâ–ˆâ–ˆâ–ˆâ–ˆâ–ˆâ–ˆâ–ˆâ–ˆâ–ˆâ–ˆâ–ˆâ–ˆâ–ˆâ–ˆâ–ˆâ–ˆâ–ˆâ–ˆâ–ˆâ–ˆâ–ˆâ–ˆâ–ˆâ–ˆ                4/5 [00:10<00:02,  2.35s/it]
2025-01-21T16:41:10.6187290Z 
2025-01-21T16:41:10.6187480Z Packets:                                                                                   4030/? [00:10<00:00, 38632.30it/s][A
2025-01-21T16:41:10.6187850Z ------------------------------ Captured log setup ------------------------------
2025-01-21T16:41:10.6188460Z WARNING  tardis.io.model.parse_density_configuration:parse_density_configuration.py:114 Number of density points larger than number of shells. Assuming inner point irrelevant
2025-01-21T16:41:10.6190410Z _________________________ test_calculate_beta_sobolevs _________________________
2025-01-21T16:41:10.6192370Z 
2025-01-21T16:41:10.6192900Z nb_simulation_verysimple = <tardis.simulation.base.Simulation object at 0x311c38c50>
2025-01-21T16:41:10.6194660Z regression_data = <tardis.tests.fixtures.regression_data.RegressionData object at 0x31188b200>
2025-01-21T16:41:10.6195020Z 
2025-01-21T16:41:10.6195180Z     def test_calculate_beta_sobolevs(nb_simulation_verysimple, regression_data):
2025-01-21T16:41:10.6196270Z         legacy_plasma = nb_simulation_verysimple.plasma
2025-01-21T16:41:10.6197140Z     
2025-01-21T16:41:10.6197300Z         tau_sobolevs = calculate_sobolev_line_opacity(
2025-01-21T16:41:10.6197530Z             legacy_plasma.lines,
2025-01-21T16:41:10.6197740Z             legacy_plasma.level_number_density,
2025-01-21T16:41:10.6197960Z             legacy_plasma.time_explosion,
2025-01-21T16:41:10.6198180Z             legacy_plasma.stimulated_emission_factor,
2025-01-21T16:41:10.6198390Z         )
2025-01-21T16:41:10.6198560Z         actual = calculate_beta_sobolev(tau_sobolevs)
2025-01-21T16:41:10.6198800Z >       expected = regression_data.sync_ndarray(actual)
2025-01-21T16:41:10.6198970Z 
2025-01-21T16:41:10.6199060Z tardis/opacities/tests/test_tau_sobolev.py:35: 
2025-01-21T16:41:10.6199320Z _ _ _ _ _ _ _ _ _ _ _ _ _ _ _ _ _ _ _ _ _ _ _ _ _ _ _ _ _ _ _ _ _ _ _ _ _ _ _ _ 
2025-01-21T16:41:10.6199610Z tardis/tests/fixtures/regression_data.py:111: in sync_ndarray
2025-01-21T16:41:10.6199870Z     return np.load(self.fpath)
2025-01-21T16:41:10.6200080Z _ _ _ _ _ _ _ _ _ _ _ _ _ _ _ _ _ _ _ _ _ _ _ _ _ _ _ _ _ _ _ _ _ _ _ _ _ _ _ _ 
2025-01-21T16:41:10.6200250Z 
2025-01-21T16:41:10.6200580Z file = PosixPath('/Users/runner/work/tardis/tardis/tardis-regression-data/test_tau_sobolev/test_calculate_beta_sobolevs.npy')
2025-01-21T16:41:10.6201110Z mmap_mode = None, allow_pickle = False, fix_imports = True, encoding = 'ASCII'
2025-01-21T16:41:10.6201340Z 
2025-01-21T16:41:10.6201400Z     @set_module('numpy')
2025-01-21T16:41:10.6202260Z     def load(file, mmap_mode=None, allow_pickle=False, fix_imports=True,
2025-01-21T16:41:10.6202600Z              encoding='ASCII', *, max_header_size=format._MAX_HEADER_SIZE):
2025-01-21T16:41:10.6202840Z         """
2025-01-21T16:41:10.6203490Z         Load arrays or pickled objects from ``.npy``, ``.npz`` or pickled files.
2025-01-21T16:41:10.6204310Z     
2025-01-21T16:41:10.6204950Z         .. warning:: Loading files that contain object arrays uses the ``pickle``
2025-01-21T16:41:10.6205760Z                      module, which is not secure against erroneous or maliciously
2025-01-21T16:41:10.6206140Z                      constructed data. Consider passing ``allow_pickle=False`` to
2025-01-21T16:41:10.6206460Z                      load data that is known not to contain object arrays for the
2025-01-21T16:41:10.6206740Z                      safer handling of untrusted sources.
2025-01-21T16:41:10.6206940Z     
2025-01-21T16:41:10.6207060Z         Parameters
2025-01-21T16:41:10.6207200Z         ----------
2025-01-21T16:41:10.6207390Z         file : file-like object, string, or pathlib.Path
2025-01-21T16:41:10.6207650Z             The file to read. File-like objects must support the
2025-01-21T16:41:10.6207910Z             ``seek()`` and ``read()`` methods and must always
2025-01-21T16:41:10.6208180Z             be opened in binary mode.  Pickled files require that the
2025-01-21T16:41:10.6208490Z             file-like object support the ``readline()`` method as well.
2025-01-21T16:41:10.6208770Z         mmap_mode : {None, 'r+', 'r', 'w+', 'c'}, optional
2025-01-21T16:41:10.6209070Z             If not None, then memory-map the file, using the given mode (see
2025-01-21T16:41:10.6209390Z             `numpy.memmap` for a detailed description of the modes).  A
2025-01-21T16:41:10.6209730Z             memory-mapped array is kept on disk. However, it can be accessed
2025-01-21T16:41:10.6210060Z             and sliced like any ndarray.  Memory mapping is especially useful
2025-01-21T16:41:10.6210400Z             for accessing small fragments of large files without reading the
2025-01-21T16:41:10.6210670Z             entire file into memory.
2025-01-21T16:41:10.6210880Z         allow_pickle : bool, optional
2025-01-21T16:41:10.6211150Z             Allow loading pickled object arrays stored in npy files. Reasons for
2025-01-21T16:41:10.6211490Z             disallowing pickles include security, as loading pickled data can
2025-01-21T16:41:10.6211840Z             execute arbitrary code. If pickles are disallowed, loading object
2025-01-21T16:41:10.6212440Z             arrays will fail. Default: False
2025-01-21T16:41:10.6212630Z     
2025-01-21T16:41:10.6212780Z             .. versionchanged:: 1.16.3
2025-01-21T16:41:10.6213020Z                 Made default False in response to CVE-2019-6446.
2025-01-21T16:41:10.6213230Z     
2025-01-21T16:41:10.6213360Z         fix_imports : bool, optional
2025-01-21T16:41:10.6213650Z             Only useful when loading Python 2 generated pickled files on Python 3,
2025-01-21T16:41:10.6214030Z             which includes npy/npz files containing object arrays. If `fix_imports`
2025-01-21T16:41:10.6214400Z             is True, pickle will try to map the old Python 2 names to the new names
2025-01-21T16:41:10.6214670Z             used in Python 3.
2025-01-21T16:41:10.6214850Z         encoding : str, optional
2025-01-21T16:41:10.6215110Z             What encoding to use when reading Python 2 strings. Only useful when
2025-01-21T16:41:10.6215460Z             loading Python 2 generated pickled files in Python 3, which includes
2025-01-21T16:41:10.6215830Z             npy/npz files containing object arrays. Values other than 'latin1',
2025-01-21T16:41:10.6216170Z             'ASCII', and 'bytes' are not allowed, as they can corrupt numerical
2025-01-21T16:41:10.6216440Z             data. Default: 'ASCII'
2025-01-21T16:41:10.6216620Z         max_header_size : int, optional
2025-01-21T16:41:10.6216890Z             Maximum allowed size of the header.  Large headers may not be safe
2025-01-21T16:41:10.6217340Z             to load securely and thus require explicitly passing a larger value.
2025-01-21T16:41:10.6217640Z             See :py:func:`ast.literal_eval()` for details.
2025-01-21T16:41:10.6217940Z             This option is ignored when `allow_pickle` is passed.  In that case
2025-01-21T16:41:10.6218260Z             the file is by definition trusted and the limit is unnecessary.
2025-01-21T16:41:10.6218510Z     
2025-01-21T16:41:10.6218620Z         Returns
2025-01-21T16:41:10.6218750Z         -------
2025-01-21T16:41:10.6218900Z         result : array, tuple, dict, etc.
2025-01-21T16:41:10.6219170Z             Data stored in the file. For ``.npz`` files, the returned instance
2025-01-21T16:41:10.6219510Z             of NpzFile class must be closed to avoid leaking file descriptors.
2025-01-21T16:41:10.6219760Z     
2025-01-21T16:41:10.6219870Z         Raises
2025-01-21T16:41:10.6220160Z         ------
2025-01-21T16:41:10.6220310Z         OSError
2025-01-21T16:41:10.6220510Z             If the input file does not exist or cannot be read.
2025-01-21T16:41:10.6220760Z         UnpicklingError
2025-01-21T16:41:10.6229730Z             If ``allow_pickle=True``, but the file cannot be loaded as a pickle.
2025-01-21T16:41:10.6230020Z         ValueError
2025-01-21T16:41:10.6230240Z             The file contains an object array, but ``allow_pickle=False`` given.
2025-01-21T16:41:10.6230500Z         EOFError
2025-01-21T16:41:10.6230710Z             When calling ``np.load`` multiple times on the same file handle,
2025-01-21T16:41:10.6230980Z             if all data has already been read
2025-01-21T16:41:10.6231190Z     
2025-01-21T16:41:10.6231310Z         See Also
2025-01-21T16:41:10.6231440Z         --------
2025-01-21T16:41:10.6231600Z         save, savez, savez_compressed, loadtxt
2025-01-21T16:41:10.6231880Z         memmap : Create a memory-map to an array stored in a file on disk.
2025-01-21T16:41:10.6232230Z         lib.format.open_memmap : Create or load a memory-mapped ``.npy`` file.
2025-01-21T16:41:10.6232500Z     
2025-01-21T16:41:10.6232620Z         Notes
2025-01-21T16:41:10.6232750Z         -----
2025-01-21T16:41:10.6232960Z         - If the file contains pickle data, then whatever object is stored
2025-01-21T16:41:10.6233230Z           in the pickle is returned.
2025-01-21T16:41:10.6233490Z         - If the file is a ``.npy`` file, then a single array is returned.
2025-01-21T16:41:10.6233790Z         - If the file is a ``.npz`` file, then a dictionary-like object is
2025-01-21T16:41:10.6234120Z           returned, containing ``{filename: array}`` key-value pairs, one for
2025-01-21T16:41:10.6237750Z           each file in the archive.
2025-01-21T16:41:10.6238450Z         - If the file is a ``.npz`` file, the returned value supports the
2025-01-21T16:41:10.6239560Z           context manager protocol in a similar fashion to the open function::
2025-01-21T16:41:10.6240220Z     
2025-01-21T16:41:10.6240380Z             with load('foo.npz') as data:
2025-01-21T16:41:10.6240570Z                 a = data['a']
2025-01-21T16:41:10.6240740Z     
2025-01-21T16:41:10.6240940Z           The underlying file descriptor is closed when exiting the 'with'
2025-01-21T16:41:10.6241190Z           block.
2025-01-21T16:41:10.6241330Z     
2025-01-21T16:41:10.6241440Z         Examples
2025-01-21T16:41:10.6241580Z         --------
2025-01-21T16:41:10.6241740Z         Store data to disk, and load it again:
2025-01-21T16:41:10.6241930Z     
2025-01-21T16:41:10.6242100Z         >>> np.save('/tmp/123', np.array([[1, 2, 3], [4, 5, 6]]))
2025-01-21T16:41:10.6242330Z         >>> np.load('/tmp/123.npy')
2025-01-21T16:41:10.6242530Z         array([[1, 2, 3],
2025-01-21T16:41:10.6242690Z                [4, 5, 6]])
2025-01-21T16:41:10.6242840Z     
2025-01-21T16:41:10.6243000Z         Store compressed data to disk, and load it again:
2025-01-21T16:41:10.6243220Z     
2025-01-21T16:41:10.6243350Z         >>> a=np.array([[1, 2, 3], [4, 5, 6]])
2025-01-21T16:41:10.6243540Z         >>> b=np.array([1, 2])
2025-01-21T16:41:10.6243720Z         >>> np.savez('/tmp/123.npz', a=a, b=b)
2025-01-21T16:41:10.6244200Z         >>> data = np.load('/tmp/123.npz')
2025-01-21T16:41:10.6244390Z         >>> data['a']
2025-01-21T16:41:10.6244540Z         array([[1, 2, 3],
2025-01-21T16:41:10.6244690Z                [4, 5, 6]])
2025-01-21T16:41:10.6244840Z         >>> data['b']
2025-01-21T16:41:10.6244980Z         array([1, 2])
2025-01-21T16:41:10.6245130Z         >>> data.close()
2025-01-21T16:41:10.6245270Z     
2025-01-21T16:41:10.6245450Z         Mem-map the stored array, and then access the second row
2025-01-21T16:41:10.6245690Z         directly from disk:
2025-01-21T16:41:10.6245850Z     
2025-01-21T16:41:10.6245990Z         >>> X = np.load('/tmp/123.npy', mmap_mode='r')
2025-01-21T16:41:10.6246190Z         >>> X[1, :]
2025-01-21T16:41:10.6246330Z         memmap([4, 5, 6])
2025-01-21T16:41:10.6246480Z     
2025-01-21T16:41:10.6246590Z         """
2025-01-21T16:41:10.6246750Z         if encoding not in ('ASCII', 'latin1', 'bytes'):
2025-01-21T16:41:10.6247030Z             # The 'encoding' value for pickle also affects what encoding
2025-01-21T16:41:10.6247320Z             # the serialized binary data of NumPy arrays is loaded
2025-01-21T16:41:10.6247610Z             # in. Pickle does not pass on the encoding information to
2025-01-21T16:41:10.6247900Z             # NumPy. The unpickling code in numpy.core.multiarray is
2025-01-21T16:41:10.6248200Z             # written to assume that unicode data appearing where binary
2025-01-21T16:41:10.6248500Z             # should be is in 'latin1'. 'bytes' is also safe, as is 'ASCII'.
2025-01-21T16:41:10.6248740Z             #
2025-01-21T16:41:10.6248950Z             # Other encoding values can corrupt binary data, and we
2025-01-21T16:41:10.6249260Z             # purposefully disallow them. For the same reason, the errors=
2025-01-21T16:41:10.6249580Z             # argument is not exposed, as values other than 'strict'
2025-01-21T16:41:10.6249860Z             # result can similarly silently corrupt numerical data.
2025-01-21T16:41:10.6250180Z             raise ValueError("encoding must be 'ASCII', 'latin1', or 'bytes'")
2025-01-21T16:41:10.6250440Z     
2025-01-21T16:41:10.6250650Z         pickle_kwargs = dict(encoding=encoding, fix_imports=fix_imports)
2025-01-21T16:41:10.6250900Z     
2025-01-21T16:41:10.6251040Z         with contextlib.ExitStack() as stack:
2025-01-21T16:41:10.6251250Z             if hasattr(file, 'read'):
2025-01-21T16:41:10.6251440Z                 fid = file
2025-01-21T16:41:10.6251600Z                 own_fid = False
2025-01-21T16:41:10.6252020Z             else:
2025-01-21T16:41:10.6252220Z >               fid = stack.enter_context(open(os_fspath(file), "rb"))
2025-01-21T16:41:10.6252820Z E               FileNotFoundError: [Errno 2] No such file or directory: '/Users/runner/work/tardis/tardis/tardis-regression-data/test_tau_sobolev/test_calculate_beta_sobolevs.npy'
2025-01-21T16:41:10.6253290Z 
2025-01-21T16:41:10.6253520Z ../../../micromamba/envs/tardis/lib/python3.12/site-packages/numpy/lib/npyio.py:427: FileNotFoundError
2025-01-21T16:41:10.6253950Z =============================== warnings summary ===============================
2025-01-21T16:41:10.6254260Z tardis/io/configuration/config_validator.py:6
2025-01-21T16:41:10.6254500Z tardis/io/configuration/config_validator.py:6
2025-01-21T16:41:10.6254910Z   /Users/runner/work/tardis/tardis/tardis/io/configuration/config_validator.py:6: DeprecationWarning:
2025-01-21T16:41:10.6255600Z   
2025-01-21T16:41:10.6256590Z   jsonschema.RefResolver is deprecated as of v4.18.0, in favor of the https://github.com/python-jsonschema/referencing library, which provides more compliant referencing behavior as well as more flexible APIs for customization. A future release will remove RefResolver. Please file a feature request (on referencing) if you are missing an API for the kind of customization you need.
2025-01-21T16:41:10.6257590Z 
2025-01-21T16:41:10.6257790Z ../../../micromamba/envs/tardis/lib/python3.12/site-packages/jupyter_client/connect.py:22
2025-01-21T16:41:10.6258550Z   /Users/runner/micromamba/envs/tardis/lib/python3.12/site-packages/jupyter_client/connect.py:22: DeprecationWarning:
2025-01-21T16:41:10.6258970Z   
2025-01-21T16:41:10.6259160Z   Jupyter is migrating its paths to use standard platformdirs
2025-01-21T16:41:10.6259480Z   given by the platformdirs library.  To remove this warning and
2025-01-21T16:41:10.6261680Z   see the appropriate new directories, set the environment variable
2025-01-21T16:41:10.6262040Z   `JUPYTER_PLATFORM_DIRS=1` and then run `jupyter --paths`.
2025-01-21T16:41:10.6262370Z   The use of platformdirs will be the default in `jupyter_core` v6
2025-01-21T16:41:10.6262570Z 
2025-01-21T16:41:10.6262720Z tardis/io/tests/test_HDFWriter.py::test_multi_index_write
2025-01-21T16:41:10.6263120Z tardis/visualization/widgets/tests/test_shell_info.py::TestHDFShellInfo::test_shells_data
2025-01-21T16:41:10.6263590Z   /Users/runner/work/tardis/tardis/tardis/io/util.py:276: PerformanceWarning:
2025-01-21T16:41:10.6263890Z   
2025-01-21T16:41:10.6264010Z   
2025-01-21T16:41:10.6264240Z   your performance may suffer as PyTables will pickle object types that it cannot
2025-01-21T16:41:10.6265250Z   map directly to c-types [inferred_type->mixed,key->block0_values] [items->Index([0], dtype='int64')]
2025-01-21T16:41:10.6266120Z 
2025-01-21T16:41:10.6266600Z tardis/io/tests/test_model_reader.py::test_read_cmfgen_isotope_abundances
2025-01-21T16:41:10.6267690Z tardis/plasma/tests/test_tardis_model_density_config.py::test_electron_densities
2025-01-21T16:41:10.6268780Z tardis/plasma/tests/test_tardis_model_density_config.py::test_isotope_number_densities
2025-01-21T16:41:10.6269840Z tardis/plasma/tests/test_tardis_model_density_config.py::test_t_rad
2025-01-21T16:41:10.6270330Z   /Users/runner/work/tardis/tardis/tardis/io/model/readers/cmfgen_deprecated.py:82: DeprecationWarning:
2025-01-21T16:41:10.6271250Z   
2025-01-21T16:41:10.6273260Z   The current CMFGEN model parser is deprecated
2025-01-21T16:41:10.6273450Z 
2025-01-21T16:41:10.6273540Z tardis/io/tests/test_model_reader.py: 1 warning
2025-01-21T16:41:10.6273840Z tardis/plasma/tests/test_tardis_model_density_config.py: 9 warnings
2025-01-21T16:41:10.6274310Z   /Users/runner/work/tardis/tardis/tardis/io/model/readers/cmfgen_deprecated.py:40: DeprecationWarning:
2025-01-21T16:41:10.6275260Z   
2025-01-21T16:41:10.6276200Z   The current CMFGEN model parser is deprecated
2025-01-21T16:41:10.6276920Z 
2025-01-21T16:41:10.6277140Z tardis/model/tests/test_base.py::TestModelFromPaper1Config::test_abundances
2025-01-21T16:41:10.6277680Z   /Users/runner/work/tardis/tardis/tardis/transport/montecarlo/montecarlo_main_loop.py:123: NumbaTypeSafetyWarning:
2025-01-21T16:41:10.6279390Z   
2025-01-21T16:41:10.6280510Z   [1m[1m[1munsafe cast from uint64 to int64. Precision may be lost.[0m[0m[0m
2025-01-21T16:41:10.6280740Z 
2025-01-21T16:41:10.6280820Z tardis/model/tests/test_base.py: 6 warnings
2025-01-21T16:41:10.6281060Z tardis/model/tests/test_csvy_model.py: 2 warnings
2025-01-21T16:41:10.6281360Z tardis/plasma/tests/test_tardis_model_density_config.py: 3 warnings
2025-01-21T16:41:10.6281800Z   /Users/runner/work/tardis/tardis/tardis/model/geometry/radial1d.py:50: DeprecationWarning:
2025-01-21T16:41:10.6282130Z   
2025-01-21T16:41:10.6282270Z   v_inner_boundary < 0, assuming default value
2025-01-21T16:41:10.6282420Z 
2025-01-21T16:41:10.6282500Z tardis/model/tests/test_base.py: 6 warnings
2025-01-21T16:41:10.6282730Z tardis/model/tests/test_csvy_model.py: 2 warnings
2025-01-21T16:41:10.6283060Z tardis/plasma/tests/test_tardis_model_density_config.py: 3 warnings
2025-01-21T16:41:10.6283510Z   /Users/runner/work/tardis/tardis/tardis/model/geometry/radial1d.py:61: DeprecationWarning:
2025-01-21T16:41:10.6283840Z   
2025-01-21T16:41:10.6283990Z   v_outer_boundary < 0, assuming default value
2025-01-21T16:41:10.6284140Z 
2025-01-21T16:41:10.6284520Z tardis/plasma/equilibrium/tests/test_level_populations.py::TestLevelPopulationSolver::test_solve[collisional_rate_solver0-radiative_transitions0]
2025-01-21T16:41:10.6285430Z   /Users/runner/work/tardis/tardis/tardis/plasma/equilibrium/level_populations.py:65: FutureWarning:
2025-01-21T16:41:10.6285800Z   
2025-01-21T16:41:10.6286100Z   A value is trying to be set on a copy of a DataFrame or Series through chained assignment using an inplace method.
2025-01-21T16:41:10.6286750Z   The behavior will change in pandas 3.0. This inplace method will never work because the intermediate object on which we are setting values always behaves as a copy.
2025-01-21T16:41:10.6287230Z   
2025-01-21T16:41:10.6287720Z   For example, when doing 'df[col].method(value, inplace=True)', try using 'df.method({col: value}, inplace=True)' or df[col] = df[col].method(value) instead, to perform the operation inplace on the original object.
2025-01-21T16:41:10.6289410Z 
2025-01-21T16:41:10.6289820Z tardis/plasma/tests/test_complete_plasmas.py: 20 warnings
2025-01-21T16:41:10.6291030Z   /Users/runner/work/tardis/tardis/tardis/plasma/tests/test_complete_plasmas.py:197: UserWarning:
2025-01-21T16:41:10.6291460Z   
2025-01-21T16:41:10.6291600Z   Property "atomic_mass" not found
2025-01-21T16:41:10.6291730Z 
2025-01-21T16:41:10.6292080Z tardis/plasma/tests/test_complete_plasmas.py::TestPlasma::test_plasma_properties[radiative_rates_type:detailed-w_epsilon:1e-10-j_blues_norm_factor]
2025-01-21T16:41:10.6292820Z tardis/plasma/tests/test_complete_plasmas.py::TestPlasma::test_plasma_properties[radiative_rates_type:detailed-j_blues_norm_factor]
2025-01-21T16:41:10.6293440Z   /Users/runner/work/tardis/tardis/tardis/plasma/tests/test_complete_plasmas.py:197: UserWarning:
2025-01-21T16:41:10.6293780Z   
2025-01-21T16:41:10.6293930Z   Property "j_blues_norm_factor" not found
2025-01-21T16:41:10.6294070Z 
2025-01-21T16:41:10.6294410Z tardis/plasma/tests/test_complete_plasmas.py::TestPlasma::test_plasma_properties[radiative_rates_type:detailed-w_epsilon:1e-10-j_blue_estimator]
2025-01-21T16:41:10.6295140Z tardis/plasma/tests/test_complete_plasmas.py::TestPlasma::test_plasma_properties[radiative_rates_type:detailed-j_blue_estimator]
2025-01-21T16:41:10.6295780Z   /Users/runner/work/tardis/tardis/tardis/plasma/tests/test_complete_plasmas.py:197: UserWarning:
2025-01-21T16:41:10.6296140Z   
2025-01-21T16:41:10.6296290Z   Property "j_blue_estimator" not found
2025-01-21T16:41:10.6296420Z 
2025-01-21T16:41:10.6297520Z tardis/plasma/tests/test_complete_plasmas.py::TestPlasma::test_plasma_properties[radiative_rates_type:detailed-w_epsilon:1e-10-volume]
2025-01-21T16:41:10.6299460Z tardis/plasma/tests/test_complete_plasmas.py::TestPlasma::test_plasma_properties[radiative_rates_type:detailed-volume]
2025-01-21T16:41:10.6301290Z   /Users/runner/work/tardis/tardis/tardis/plasma/tests/test_complete_plasmas.py:197: UserWarning:
2025-01-21T16:41:10.6301650Z   
2025-01-21T16:41:10.6301790Z   Property "volume" not found
2025-01-21T16:41:10.6301920Z 
2025-01-21T16:41:10.6302240Z tardis/plasma/tests/test_complete_plasmas.py::TestPlasma::test_plasma_properties[radiative_rates_type:detailed-w_epsilon:1e-10-r_inner]
2025-01-21T16:41:10.6302910Z tardis/plasma/tests/test_complete_plasmas.py::TestPlasma::test_plasma_properties[radiative_rates_type:detailed-r_inner]
2025-01-21T16:41:10.6303510Z   /Users/runner/work/tardis/tardis/tardis/plasma/tests/test_complete_plasmas.py:197: UserWarning:
2025-01-21T16:41:10.6303860Z   
2025-01-21T16:41:10.6303980Z   Property "r_inner" not found
2025-01-21T16:41:10.6304100Z 
2025-01-21T16:41:10.6304280Z tardis/plasma/tests/test_plasma_vboundary.py::test_plasma_vboundary[2900-3750]
2025-01-21T16:41:10.6304690Z tardis/plasma/tests/test_plasma_vboundary.py::test_plasma_vboundary[2900-3850]
2025-01-21T16:41:10.6305100Z tardis/plasma/tests/test_plasma_vboundary.py::test_plasma_vboundary[2900-3900]
2025-01-21T16:41:10.6305530Z   /Users/runner/work/tardis/tardis/tardis/model/geometry/radial1d.py:71: UserWarning:
2025-01-21T16:41:10.6305860Z   
2025-01-21T16:41:10.6306090Z   Requesting inner boundary below inner shell. Extrapolating the inner cell
2025-01-21T16:41:10.6306310Z 
2025-01-21T16:41:10.6306490Z tardis/spectrum/tests/test_spectrum_solver.py::TestSpectrumSolver::test_solve
2025-01-21T16:41:10.6307110Z   /Users/runner/work/tardis/tardis/tardis/spectrum/base.py:70: UserWarning:
2025-01-21T16:41:10.6307400Z   
2025-01-21T16:41:10.6313080Z   SpectrumSolver.spectrum_virtual_packets is zero. Please run the montecarlo simulation with no_of_virtual_packets > 0
2025-01-21T16:41:10.6313440Z 
2025-01-21T16:41:10.6313620Z tardis/spectrum/tests/test_spectrum_solver.py::TestSpectrumSolver::test_solve
2025-01-21T16:41:10.6314400Z   /Users/runner/work/tardis/tardis/tardis/spectrum/base.py:111: UserWarning:
2025-01-21T16:41:10.6315470Z   
2025-01-21T16:41:10.6316430Z   SpectrumSolver.integrator: The FormalIntegrator is not yet available.Please run the montecarlo simulation at least once.
2025-01-21T16:41:10.6317380Z 
2025-01-21T16:41:10.6317870Z tardis/transport/montecarlo/tests/test_vpacket.py::test_trace_vpacket_volley
2025-01-21T16:41:10.6318750Z   <string>:3: NumbaPendingDeprecationWarning:
2025-01-21T16:41:10.6319300Z   
2025-01-21T16:41:10.6322380Z   [1m[1mCode using Numba extension API maybe depending on 'old_style' error-capturing, which is deprecated and will be replaced by 'new_style' in a future release. See details at https://numba.readthedocs.io/en/latest/reference/deprecation.html#deprecation-of-old-style-numba-captured-errors
2025-01-21T16:41:10.6324590Z   Exception origin:
2025-01-21T16:41:10.6325360Z     File "/Users/runner/micromamba/envs/tardis/lib/python3.12/inspect.py", line 3180, in _bind
2025-01-21T16:41:10.6326280Z       raise TypeError(msg) from None
2025-01-21T16:41:10.6326830Z   [0m[0m
2025-01-21T16:41:10.6327040Z 
2025-01-21T16:41:10.6327750Z tardis/visualization/tools/tests/test_sdec_plot.py::TestSDECPlotter::test_mpl_image[plotter_generate_plot_mpl4]
2025-01-21T16:41:10.6329230Z   /Users/runner/work/tardis/tardis/tardis/visualization/tools/sdec_plot.py:1225: RuntimeWarning:
2025-01-21T16:41:10.6330160Z   
2025-01-21T16:41:10.6332170Z   More than 20 figures have been opened. Figures created through the pyplot interface (`matplotlib.pyplot.figure`) are retained until explicitly closed and may consume too much memory. (To control this warning, see the rcParam `figure.max_open_warning`). Consider using `matplotlib.pyplot.close()`.
2025-01-21T16:41:10.6334180Z 
2025-01-21T16:41:10.6334930Z tardis/visualization/widgets/tests/test_custom_abundance.py::TestCustomAbundanceWidget::test_update_input_item_value
2025-01-21T16:41:10.6336620Z tardis/visualization/widgets/tests/test_custom_abundance.py::TestCustomAbundanceWidget::test_update_input_item_value
2025-01-21T16:41:10.6339390Z tardis/visualization/widgets/tests/test_custom_abundance.py::TestCustomAbundanceWidget::test_update_input_item_value
2025-01-21T16:41:10.6340390Z tardis/visualization/widgets/tests/test_custom_abundance.py::TestCustomAbundanceWidget::test_update_input_item_value
2025-01-21T16:41:10.6341050Z tardis/visualization/widgets/tests/test_custom_abundance.py::TestCustomAbundanceWidget::test_update_input_item_value
2025-01-21T16:41:10.6341680Z tardis/visualization/widgets/tests/test_custom_abundance.py::TestCustomAbundanceWidget::test_update_input_item_value
2025-01-21T16:41:10.6342340Z   /Users/runner/micromamba/envs/tardis/lib/python3.12/site-packages/traitlets/traitlets.py:1385: DeprecationWarning:
2025-01-21T16:41:10.6343120Z   
2025-01-21T16:41:10.6343340Z   Passing unrecognized arguments to super(Checkbox).__init__(icon='lock').
2025-01-21T16:41:10.6343700Z   object.__init__() takes exactly one argument (the instance to initialize)
2025-01-21T16:41:10.6344110Z   This is deprecated in traitlets 4.2.This error will be raised in a future release of traitlets.
2025-01-21T16:41:10.6344390Z 
2025-01-21T16:41:10.6344680Z tardis/visualization/widgets/tests/test_custom_abundance.py::TestCustomAbundanceWidget::test_update_input_item_value
2025-01-21T16:41:10.6345300Z tardis/visualization/widgets/tests/test_custom_abundance.py::TestCustomAbundanceWidget::test_update_input_item_value
2025-01-21T16:41:10.6345920Z   /Users/runner/micromamba/envs/tardis/lib/python3.12/site-packages/traitlets/traitlets.py:1385: DeprecationWarning:
2025-01-21T16:41:10.6346650Z   
2025-01-21T16:41:10.6346860Z   Passing unrecognized arguments to super(FloatText).__init__(min=0).
2025-01-21T16:41:10.6347210Z   object.__init__() takes exactly one argument (the instance to initialize)
2025-01-21T16:41:10.6347600Z   This is deprecated in traitlets 4.2.This error will be raised in a future release of traitlets.
2025-01-21T16:41:10.6347860Z 
2025-01-21T16:41:10.6348140Z tardis/visualization/widgets/tests/test_custom_abundance.py::TestCustomAbundanceWidget::test_update_input_item_value
2025-01-21T16:41:10.6348760Z   /Users/runner/micromamba/envs/tardis/lib/python3.12/site-packages/traitlets/traitlets.py:1385: DeprecationWarning:
2025-01-21T16:41:10.6349150Z   
2025-01-21T16:41:10.6349350Z   Passing unrecognized arguments to super(HTML).__init__(indent=True).
2025-01-21T16:41:10.6349700Z   object.__init__() takes exactly one argument (the instance to initialize)
2025-01-21T16:41:10.6350090Z   This is deprecated in traitlets 4.2.This error will be raised in a future release of traitlets.
2025-01-21T16:41:10.6350350Z 
2025-01-21T16:41:10.6350690Z tardis/visualization/widgets/tests/test_line_info.py::TestLineInfoWidgetData::test_get_species_interactions[wavelength_range0-packet_out_nu]
2025-01-21T16:41:10.6351350Z   /Users/runner/micromamba/envs/tardis/lib/python3.12/site-packages/qgridnext/grid.py:820: DeprecationWarning:
2025-01-21T16:41:10.6351710Z   
2025-01-21T16:41:10.6351990Z   QgridWidget._precision_changed is deprecated in traitlets 4.1: use @observe and @unobserve instead.
2025-01-21T16:41:10.6352280Z 
2025-01-21T16:41:10.6352480Z tardis/visualization/widgets/tests/test_shell_info.py::TestHDFShellInfo::test_shells_data
2025-01-21T16:41:10.6352910Z   /Users/runner/work/tardis/tardis/tardis/io/util.py:289: PerformanceWarning:
2025-01-21T16:41:10.6353190Z   
2025-01-21T16:41:10.6353300Z   
2025-01-21T16:41:10.6353510Z   your performance may suffer as PyTables will pickle object types that it cannot
2025-01-21T16:41:10.6353960Z   map directly to c-types [inferred_type->mixed,key->block0_values] [items->Index([0], dtype='int64')]
2025-01-21T16:41:10.6354240Z 
2025-01-21T16:41:10.6354440Z tardis/visualization/widgets/tests/test_shell_info.py::TestHDFShellInfo::test_shells_data
2025-01-21T16:41:10.6354880Z   /Users/runner/work/tardis/tardis/tardis/io/util.py:292: PerformanceWarning:
2025-01-21T16:41:10.6355160Z   
2025-01-21T16:41:10.6355260Z   
2025-01-21T16:41:10.6355480Z   your performance may suffer as PyTables will pickle object types that it cannot
2025-01-21T16:41:10.6356110Z   map directly to c-types [inferred_type->mixed,key->values] [items->None]
2025-01-21T16:41:10.6356320Z 
2025-01-21T16:41:10.6356520Z tardis/visualization/widgets/tests/test_shell_info.py::TestHDFShellInfo::test_shells_data
2025-01-21T16:41:10.6356980Z   /Users/runner/work/tardis/tardis/tardis/spectrum/formal_integral.py:398: UserWarning:
2025-01-21T16:41:10.6357290Z   
2025-01-21T16:41:10.6357500Z   The number of interpolate_shells was not specified. The value was set to 80.
2025-01-21T16:41:10.6357720Z 
2025-01-21T16:41:10.6357890Z -- Docs: https://docs.pytest.org/en/stable/how-to/capture-warnings.html
2025-01-21T16:41:10.6358100Z 
2025-01-21T16:41:10.6358240Z ---------- coverage: platform darwin, python 3.12.4-final-0 ----------
2025-01-21T16:41:10.6358520Z Coverage HTML written to dir coverage_html_report
2025-01-21T16:41:10.6358740Z Coverage XML written to file coverage.xml
2025-01-21T16:41:10.6358890Z 
2025-01-21T16:41:10.6358990Z =========================== short test summary info ============================
2025-01-21T16:41:10.6359750Z FAILED tardis/opacities/tests/test_tau_sobolev.py::test_calculate_sobolev_line_opacity - FileNotFoundError: File /Users/runner/work/tardis/tardis/tardis-regression-data/test_tau_sobolev/test_calculate_sobolev_line_opacity.h5 does not exist
2025-01-21T16:41:10.6361140Z FAILED tardis/opacities/tests/test_tau_sobolev.py::test_calculate_beta_sobolevs - FileNotFoundError: [Errno 2] No such file or directory: '/Users/runner/work/tardis/tardis/tardis-regression-data/test_tau_sobolev/test_calculate_beta_sobolevs.npy'
2025-01-21T16:41:10.6362230Z ERROR tardis/energy_input/tests/test_gamma_ray_grid.py::test_move_packet - numba.core.errors.TypingError: Failed in nopython mode pipeline (step: nopython frontend)
2025-01-21T16:41:10.6362970Z [1m[1m[1m[1mFailed in nopython mode pipeline (step: nopython frontend)
2025-01-21T16:41:10.6363870Z [1m[1mCannot resolve setattr: (instance.jitclass.GXPacket#13956d6a0<location:array(float64, 1d, A),direction:array(float64, 1d, A),energy_rf:float64,energy_cmf:float64,nu_rf:float64,nu_cmf:float64,status:int64,shell:int64,time_current:float64,tau:float64>).tau_event = float64
2025-01-21T16:41:10.6364580Z [1m
2025-01-21T16:41:10.6364780Z File "tardis/energy_input/GXPacket.py", line 66:[0m
2025-01-21T16:41:10.6365030Z [1m    def __init__(
2025-01-21T16:41:10.6365170Z         <source elided>
2025-01-21T16:41:10.6365330Z         self.time_current = time_current
2025-01-21T16:41:10.6365830Z [1m        self.tau_event = -np.log(np.random.random())
2025-01-21T16:41:10.6386370Z [0m        [1m^[0m[0m
2025-01-21T16:41:10.6386620Z [0m
2025-01-21T16:41:10.6387050Z [0m[1mDuring: typing of set attribute 'tau_event' at /Users/runner/work/tardis/tardis/tardis/energy_input/GXPacket.py (66)[0m
2025-01-21T16:41:10.6387470Z [1m
2025-01-21T16:41:10.6387680Z File "tardis/energy_input/GXPacket.py", line 66:[0m
2025-01-21T16:41:10.6387930Z [1m    def __init__(
2025-01-21T16:41:10.6388090Z         <source elided>
2025-01-21T16:41:10.6388290Z         self.time_current = time_current
2025-01-21T16:41:10.6388580Z [1m        self.tau_event = -np.log(np.random.random())
2025-01-21T16:41:10.6388830Z [0m        [1m^[0m[0m
2025-01-21T16:41:10.6388930Z 
2025-01-21T16:41:10.6389590Z [0m[1mDuring: resolving callee type: jitclass.GXPacket#13956d6a0<location:array(float64, 1d, A),direction:array(float64, 1d, A),energy_rf:float64,energy_cmf:float64,nu_rf:float64,nu_cmf:float64,status:int64,shell:int64,time_current:float64,tau:float64>[0m
2025-01-21T16:41:10.6390340Z [0m[1mDuring: typing of call at <string> (3)
2025-01-21T16:41:10.6390550Z [0m
2025-01-21T16:41:10.6391280Z [0m[1mDuring: resolving callee type: jitclass.GXPacket#13956d6a0<location:array(float64, 1d, A),direction:array(float64, 1d, A),energy_rf:float64,energy_cmf:float64,nu_rf:float64,nu_cmf:float64,status:int64,shell:int64,time_current:float64,tau:float64>[0m
2025-01-21T16:41:10.6392040Z [0m[1mDuring: typing of call at <string> (3)
2025-01-21T16:41:10.6392260Z [0m
2025-01-21T16:41:10.6393090Z [1m
2025-01-21T16:41:10.6393250Z File "<string>", line 3:[0m
2025-01-21T16:41:10.6393520Z [1m<source missing, REPL/exec in use?>[0m
2025-01-21T16:41:10.6394130Z ERROR tardis/energy_input/tests/test_gamma_ray_interactions.py::test_pair_creation - numba.core.errors.TypingError: Failed in nopython mode pipeline (step: nopython frontend)
2025-01-21T16:41:10.6394790Z [1m[1m[1m[1mFailed in nopython mode pipeline (step: nopython frontend)
2025-01-21T16:41:10.6395720Z [1m[1mCannot resolve setattr: (instance.jitclass.GXPacket#13956d6a0<location:array(float64, 1d, A),direction:array(float64, 1d, A),energy_rf:float64,energy_cmf:float64,nu_rf:float64,nu_cmf:float64,status:int64,shell:int64,time_current:float64,tau:float64>).tau_event = float64
2025-01-21T16:41:10.6396490Z [1m
2025-01-21T16:41:10.6396680Z File "tardis/energy_input/GXPacket.py", line 66:[0m
2025-01-21T16:41:10.6396920Z [1m    def __init__(
2025-01-21T16:41:10.6397090Z         <source elided>
2025-01-21T16:41:10.6397250Z         self.time_current = time_current
2025-01-21T16:41:10.6397550Z [1m        self.tau_event = -np.log(np.random.random())
2025-01-21T16:41:10.6397820Z [0m        [1m^[0m[0m
2025-01-21T16:41:10.6397990Z [0m
2025-01-21T16:41:10.6398370Z [0m[1mDuring: typing of set attribute 'tau_event' at /Users/runner/work/tardis/tardis/tardis/energy_input/GXPacket.py (66)[0m
2025-01-21T16:41:10.6398810Z [1m
2025-01-21T16:41:10.6399040Z File "tardis/energy_input/GXPacket.py", line 66:[0m
2025-01-21T16:41:10.6399500Z [1m    def __init__(
2025-01-21T16:41:10.6399670Z         <source elided>
2025-01-21T16:41:10.6399840Z         self.time_current = time_current
2025-01-21T16:41:10.6400100Z [1m        self.tau_event = -np.log(np.random.random())
2025-01-21T16:41:10.6400380Z [0m        [1m^[0m[0m
2025-01-21T16:41:10.6400510Z 
2025-01-21T16:41:10.6401200Z [0m[1mDuring: resolving callee type: jitclass.GXPacket#13956d6a0<location:array(float64, 1d, A),direction:array(float64, 1d, A),energy_rf:float64,energy_cmf:float64,nu_rf:float64,nu_cmf:float64,status:int64,shell:int64,time_current:float64,tau:float64>[0m
2025-01-21T16:41:10.6401950Z [0m[1mDuring: typing of call at <string> (3)
2025-01-21T16:41:10.6402160Z [0m
2025-01-21T16:41:10.6402910Z [0m[1mDuring: resolving callee type: jitclass.GXPacket#13956d6a0<location:array(float64, 1d, A),direction:array(float64, 1d, A),energy_rf:float64,energy_cmf:float64,nu_rf:float64,nu_cmf:float64,status:int64,shell:int64,time_current:float64,tau:float64>[0m
2025-01-21T16:41:10.6403660Z [0m[1mDuring: typing of call at <string> (3)
2025-01-21T16:41:10.6403880Z [0m
2025-01-21T16:41:10.6404000Z [1m
2025-01-21T16:41:10.6486020Z File "<string>", line 3:[0m
2025-01-21T16:41:10.6487270Z [1m<source missing, REPL/exec in use?>[0m
2025-01-21T16:41:10.6488290Z = 2 failed, 1434 passed, 329 skipped, 2 deselected, 19 xfailed, 8 xpassed, 91 warnings, 2 errors in 780.76s (0:13:00) =
2025-01-21T16:41:12.7782950Z ##[error]Process completed with exit code 1.
