2025-02-21T13:33:40.4376120Z ##[group]Run pytest tardis --tardis-regression-data=/Users/runner/work/tardis/tardis/tardis-regression-data --cov=tardis --cov-report=xml --cov-report=html --cov-append -m "not continuum"
2025-02-21T13:33:40.4377170Z [36;1mpytest tardis --tardis-regression-data=/Users/runner/work/tardis/tardis/tardis-regression-data --cov=tardis --cov-report=xml --cov-report=html --cov-append -m "not continuum"[0m
2025-02-21T13:33:40.4432610Z shell: /bin/bash -l {0}
2025-02-21T13:33:40.4432810Z env:
2025-02-21T13:33:40.4432960Z   CACHE_NUMBER: 0
2025-02-21T13:33:40.4433460Z   PYTEST_FLAGS: --tardis-regression-data=/Users/runner/work/tardis/tardis/tardis-regression-data --cov=tardis --cov-report=xml --cov-report=html --cov-append
2025-02-21T13:33:40.4433970Z   CODECOV_TOKEN: 
2025-02-21T13:33:40.4434160Z   MAMBA_ROOT_PREFIX: /Users/runner/micromamba
2025-02-21T13:33:40.4434420Z   MAMBA_EXE: /Users/runner/micromamba-bin/micromamba
2025-02-21T13:33:40.4434850Z   CONDARC: /Users/runner/work/_temp/setup-micromamba/.condarc
2025-02-21T13:33:40.4435310Z ##[endgroup]
2025-02-21T13:33:51.7868490Z ============================= test session starts ==============================
2025-02-21T13:33:51.7869110Z platform darwin -- Python 3.12.4, pytest-8.2.2, pluggy-1.5.0
2025-02-21T13:33:51.7869500Z rootdir: /Users/runner/work/tardis/tardis
2025-02-21T13:33:51.7869780Z configfile: pyproject.toml
2025-02-21T13:33:51.7870170Z plugins: cov-5.0.0, html-4.1.1, metadata-3.1.1, doctestplus-1.2.1, anyio-4.4.0
2025-02-21T13:33:51.7870760Z collected 1796 items / 2 deselected / 1794 selected
2025-02-21T13:33:51.7870930Z 
2025-02-21T13:33:54.5939990Z tardis/energy_input/tests/test_energy_source.py ..xxx                    [  0%]
2025-02-21T13:33:56.6685450Z tardis/energy_input/tests/test_gamma_ray_channel.py ...........          [  0%]
2025-02-21T13:33:57.6693290Z tardis/energy_input/tests/test_gamma_ray_grid.py xx.                     [  1%]
2025-02-21T13:33:58.7148930Z tardis/energy_input/tests/test_gamma_ray_interactions.py xx....          [  1%]
2025-02-21T13:33:58.7211620Z tardis/energy_input/tests/test_gamma_ray_packet_source.py sssssssss      [  1%]
2025-02-21T13:33:59.5978060Z tardis/energy_input/tests/test_util.py .....xxxx.....                    [  2%]
2025-02-21T13:33:59.8596780Z tardis/grid/tests/test_grid.py .                                         [  2%]
2025-02-21T13:33:59.8605920Z tardis/gui/tests/test_gui.py s                                           [  2%]
2025-02-21T13:34:02.8228470Z tardis/io/configuration/tests/test_config_reader.py ...........          [  3%]
2025-02-21T13:34:02.8330910Z tardis/io/configuration/tests/test_configuration_namespace.py .........  [  3%]
2025-02-21T13:34:02.8507090Z tardis/io/logger/tests/test_logging.py ssssssssssssssssssssssssssss      [  5%]
2025-02-21T13:34:31.6127020Z tardis/io/model/readers/tests/test_arepo_parser.py ..                    [  5%]
2025-02-21T13:34:31.6781480Z tardis/io/model/readers/tests/test_ascii_readers.py ...                  [  5%]
2025-02-21T13:34:31.7083130Z tardis/io/model/readers/tests/test_cmfgen_reader.py ..                   [  5%]
2025-02-21T13:34:31.7358780Z tardis/io/model/readers/tests/test_csvy_reader.py ....                   [  6%]
2025-02-21T13:34:31.7605970Z tardis/io/model/readers/tests/test_stella_reader.py ..                   [  6%]
2025-02-21T13:34:32.0770400Z tardis/io/tests/test_HDFWriter.py ...............                        [  7%]
2025-02-21T13:34:32.8685570Z tardis/io/tests/test_atomic.py .....                                     [  7%]
2025-02-21T13:34:32.9066880Z tardis/io/tests/test_decay.py ..                                         [  7%]
2025-02-21T13:34:33.2077960Z tardis/io/tests/test_model_reader.py ......                              [  7%]
2025-02-21T13:34:33.2302090Z tardis/model/geometry/tests/test_radial1d.py ..                          [  7%]
2025-02-21T13:35:09.0871390Z tardis/model/tests/test_base.py ........................................ [ 10%]
2025-02-21T13:35:10.0677980Z ............                                                             [ 10%]
2025-02-21T13:35:13.4210330Z tardis/model/tests/test_csvy_model.py .........                          [ 11%]
2025-02-21T13:35:13.4756040Z tardis/model/tests/test_density.py ..                                    [ 11%]
2025-02-21T13:35:15.3479880Z tardis/opacities/tests/test_opacity_solver.py .....                      [ 11%]
2025-02-21T13:35:16.6632450Z tardis/opacities/tests/test_opacity_state_numba.py .....                 [ 11%]
2025-02-21T13:35:19.3855450Z tardis/opacities/tests/test_tau_sobolev.py ..                            [ 12%]
2025-02-21T13:35:22.3339550Z tardis/plasma/equilibrium/tests/test_collisional_transitions.py ...      [ 12%]
2025-02-21T13:36:10.6458610Z tardis/plasma/equilibrium/tests/test_level_populations.py ....           [ 12%]
2025-02-21T13:36:21.9796920Z tardis/plasma/equilibrium/tests/test_rate_matrix.py .                    [ 12%]
2025-02-21T13:36:23.9033870Z tardis/plasma/tests/test_complete_plasmas.py ..............s......s..... [ 13%]
2025-02-21T13:36:26.8640630Z s....ssssss............s......s.....ss.....s....ssssss............s..... [ 18%]
2025-02-21T13:36:28.8935040Z .s.....ss.....s....ssssss............s......s.....ss.....s....ssssss.... [ 22%]
2025-02-21T13:36:31.6333740Z ........s......s.....ss.....s....ssssss............s......s.....ss.....s [ 26%]
2025-02-21T13:36:34.4937500Z ....ssssss............s......s.....ss.....s....ssssss............s...... [ 30%]
2025-02-21T13:36:35.2158360Z s.....ss.....s....ssssss............s......s.....ss.....s.ss.ssssss..... [ 34%]
2025-02-21T13:36:37.7862020Z .......s......s.....ss.....s....ssssss............s......s.....ss.....s. [ 38%]
2025-02-21T13:36:41.4736490Z ...ssssss............s......s.....ss.....s....ssssss............s......s [ 42%]
2025-02-21T13:36:44.2801600Z .....ss.....s....ssssss............s......s.....s...........ssssss...... [ 46%]
2025-02-21T13:36:46.1407580Z ......s......s.....s...........ssssss............s......s.....s......... [ 50%]
2025-02-21T13:36:48.9633750Z ..ssssss............s......s.....ss.....s....ssssss............s......s. [ 54%]
2025-02-21T13:36:51.7820150Z ....ss.....s....ssssss...................s......s.....s....ssss......... [ 58%]
2025-02-21T13:36:52.1291620Z ............s......s.....s....ssss.......                                [ 60%]
2025-02-21T13:36:52.3804570Z tardis/plasma/tests/test_hdf_plasma.py ................................. [ 62%]
2025-02-21T13:36:52.3899770Z ......                                                                   [ 62%]
2025-02-21T13:36:52.7725630Z tardis/plasma/tests/test_nlte_excitation.py ...                          [ 62%]
2025-02-21T13:39:05.9974180Z tardis/plasma/tests/test_nlte_solver.py .....X                           [ 63%]
2025-02-21T13:39:06.0028930Z tardis/plasma/tests/test_plasma_continuum.py .                           [ 63%]
2025-02-21T13:39:31.8135400Z tardis/plasma/tests/test_plasma_vboundary.py .............               [ 63%]
2025-02-21T13:39:43.0680080Z tardis/plasma/tests/test_tardis_model_density_config.py ...              [ 64%]
2025-02-21T13:39:43.5983330Z tardis/simulation/tests/test_convergence.py .....                        [ 64%]
2025-02-21T13:39:51.3694030Z tardis/simulation/tests/test_simulation.py .............                 [ 65%]
2025-02-21T13:39:51.3810560Z tardis/spectrum/tests/test_cuda_formal_integral.py sssssssssssssssssssss [ 66%]
2025-02-21T13:39:51.7057010Z ssss...ssssssssssssssssssssss                                            [ 67%]
2025-02-21T13:39:51.7098160Z tardis/spectrum/tests/test_luminosity.py ....                            [ 68%]
2025-02-21T13:39:52.6075780Z tardis/spectrum/tests/test_numba_formal_integral.py .................... [ 69%]
2025-02-21T13:39:52.6175290Z ..........                                                               [ 69%]
2025-02-21T13:39:52.7967330Z tardis/spectrum/tests/test_spectrum.py ................................. [ 71%]
2025-02-21T13:39:52.8452100Z .........                                                                [ 72%]
2025-02-21T13:40:16.8280100Z tardis/spectrum/tests/test_spectrum_solver.py ....                       [ 72%]
2025-02-21T13:40:45.6274600Z tardis/tests/test_tardis_full.py .FFF                                    [ 72%]
2025-02-21T13:42:16.8949880Z tardis/tests/test_tardis_full_formal_integral.py ................        [ 73%]
2025-02-21T13:42:16.9466270Z tardis/tests/test_util.py .............................................  [ 75%]
2025-02-21T13:42:19.0568900Z tardis/transport/montecarlo/tests/test_base.py x.....................    [ 77%]
2025-02-21T13:42:24.8599230Z tardis/transport/montecarlo/tests/test_interaction.py .......            [ 77%]
2025-02-21T13:42:24.9963250Z tardis/transport/montecarlo/tests/test_macro_atom.py ....                [ 77%]
2025-02-21T13:42:25.0061780Z tardis/transport/montecarlo/tests/test_montecarlo.py sssssssssssssssssss [ 78%]
2025-02-21T13:42:25.0286400Z sssssssssssssssssssssssssssssssssssssssssssss                            [ 81%]
2025-02-21T13:42:32.4298550Z tardis/transport/montecarlo/tests/test_montecarlo_main_loop.py x..       [ 81%]
2025-02-21T13:42:32.4401010Z tardis/transport/montecarlo/tests/test_nonhomologous.py ...              [ 81%]
2025-02-21T13:42:34.3782490Z tardis/transport/montecarlo/tests/test_numba_interface.py .....x.        [ 82%]
2025-02-21T13:42:34.7193480Z tardis/transport/montecarlo/tests/test_opacities.py ...............      [ 82%]
2025-02-21T13:42:35.4082560Z tardis/transport/montecarlo/tests/test_packet.py .................xXXXXX [ 84%]
2025-02-21T13:42:35.4911920Z XX.........                                                              [ 84%]
2025-02-21T13:42:35.5144150Z tardis/transport/montecarlo/tests/test_packet_source.py ........         [ 85%]
2025-02-21T13:42:35.7125630Z tardis/transport/montecarlo/tests/test_rpacket_last_interaction_tracker.py . [ 85%]
2025-02-21T13:42:35.9544840Z .....                                                                    [ 85%]
2025-02-21T13:42:44.3917720Z tardis/transport/montecarlo/tests/test_rpacket_tracker.py ......         [ 85%]
2025-02-21T13:42:44.4106000Z tardis/transport/montecarlo/tests/test_single_packet_loop.py xxx         [ 86%]
2025-02-21T13:42:44.4136020Z tardis/transport/montecarlo/tests/test_tracker_utils.py ..               [ 86%]
2025-02-21T13:42:45.5498320Z tardis/transport/montecarlo/tests/test_vpacket.py ..x.                   [ 86%]
2025-02-21T13:42:45.5626680Z tardis/transport/montecarlo/tests/test_weighted_packet_source.py ....    [ 86%]
2025-02-21T13:42:48.2683540Z tardis/transport/montecarlo/tests/test_weighted_packet_source_integration.py . [ 86%]
2025-02-21T13:42:48.2684240Z                                                                          [ 86%]
2025-02-21T13:42:48.7517760Z tardis/transport/tests/test_doppler_factor.py ..................         [ 87%]
2025-02-21T13:42:50.2925370Z tardis/visualization/tools/tests/test_convergence_plot.py .............. [ 88%]
2025-02-21T13:42:51.9335890Z ......                                                                   [ 88%]
2025-02-21T13:42:55.1789570Z tardis/visualization/tools/tests/test_liv_plot.py ...................... [ 90%]
2025-02-21T13:42:58.7708260Z .............................                                            [ 91%]
2025-02-21T13:43:02.2020780Z tardis/visualization/tools/tests/test_rpacket_plot.py .................. [ 92%]
2025-02-21T13:43:09.6465430Z ....                                                                     [ 92%]
2025-02-21T13:43:15.0458280Z tardis/visualization/tools/tests/test_sdec_plot.py ..................... [ 94%]
2025-02-21T13:43:21.7693120Z ..............................                                           [ 95%]
2025-02-21T13:43:22.1487190Z tardis/visualization/widgets/tests/test_custom_abundance.py ........ss.. [ 96%]
2025-02-21T13:43:22.1921870Z ....                                                                     [ 96%]
2025-02-21T13:43:23.0050830Z tardis/visualization/widgets/tests/test_line_info.py ................... [ 97%]
2025-02-21T13:43:23.5569110Z ..................                                                       [ 98%]
2025-02-21T13:46:26.7146820Z tardis/visualization/widgets/tests/test_shell_info.py .................. [ 99%]
2025-02-21T13:46:32.8938740Z ......                                                                   [100%]
2025-02-21T13:46:32.8940430Z 
2025-02-21T13:46:32.8940810Z =================================== FAILURES ===================================
2025-02-21T13:46:32.8941440Z __________________ TestTransportSimple.test_j_blue_estimators __________________
2025-02-21T13:46:32.8942030Z 
2025-02-21T13:46:32.8942370Z self = <tardis.tests.test_tardis_full.TestTransportSimple object at 0x12c95cd40>
2025-02-21T13:46:32.8943070Z simulation_regression_data = <tardis.simulation.base.Simulation object at 0x15f48e7b0>
2025-02-21T13:46:32.8943510Z 
2025-02-21T13:46:32.8943690Z     def test_j_blue_estimators(self, simulation_regression_data):
2025-02-21T13:46:32.8947440Z         key = "simulation/transport/transport_state/j_blue_estimator"
2025-02-21T13:46:32.8948480Z         expected = self.get_expected_data(key)
2025-02-21T13:46:32.8949040Z     
2025-02-21T13:46:32.8949270Z >       npt.assert_allclose(
2025-02-21T13:46:32.8950010Z             simulation_regression_data.transport.transport_state.radfield_mc_estimators.j_blue_estimator,
2025-02-21T13:46:32.8950550Z             expected.values,
2025-02-21T13:46:32.8950980Z         )
2025-02-21T13:46:32.8951130Z 
2025-02-21T13:46:32.8951270Z tardis/tests/test_tardis_full.py:60: 
2025-02-21T13:46:32.8951720Z _ _ _ _ _ _ _ _ _ _ _ _ _ _ _ _ _ _ _ _ _ _ _ _ _ _ _ _ _ _ _ _ _ _ _ _ _ _ _ _ 
2025-02-21T13:46:32.8951980Z 
2025-02-21T13:46:32.8952280Z args = (<function assert_allclose.<locals>.compare at 0x12fef3d80>, array([[0., 0., 0., ..., 0., 0., 0.],
2025-02-21T13:46:32.8952780Z        [0., 0., 0.,.....,
2025-02-21T13:46:32.8953080Z        [0., 0., 0., ..., 0., 0., 0.],
2025-02-21T13:46:32.8953500Z        [0., 0., 0., ..., 0., 0., 0.],
2025-02-21T13:46:32.8953850Z        [0., 0., 0., ..., 0., 0., 0.]]))
2025-02-21T13:46:32.8954750Z kwds = {'equal_nan': True, 'err_msg': '', 'header': 'Not equal to tolerance rtol=1e-07, atol=0', 'verbose': True}
2025-02-21T13:46:32.8955230Z 
2025-02-21T13:46:32.8955360Z     @wraps(func)
2025-02-21T13:46:32.8955620Z     def inner(*args, **kwds):
2025-02-21T13:46:32.8955980Z         with self._recreate_cm():
2025-02-21T13:46:32.8956260Z >           return func(*args, **kwds)
2025-02-21T13:46:32.8956660Z E           AssertionError: 
2025-02-21T13:46:32.8957020Z E           Not equal to tolerance rtol=1e-07, atol=0
2025-02-21T13:46:32.8957400Z E           
2025-02-21T13:46:32.8957610Z E           Mismatched elements: 501415 / 584480 (85.8%)
2025-02-21T13:46:32.8957940Z E           Max absolute difference: 1.58727889e-18
2025-02-21T13:46:32.8958240Z E           Max relative difference: 14.12627905
2025-02-21T13:46:32.8958590Z E            x: array([[0., 0., 0., ..., 0., 0., 0.],
2025-02-21T13:46:32.8958850Z E                  [0., 0., 0., ..., 0., 0., 0.],
2025-02-21T13:46:32.8959140Z E                  [0., 0., 0., ..., 0., 0., 0.],...
2025-02-21T13:46:32.8959460Z E            y: array([[0., 0., 0., ..., 0., 0., 0.],
2025-02-21T13:46:32.8959780Z E                  [0., 0., 0., ..., 0., 0., 0.],
2025-02-21T13:46:32.8960050Z E                  [0., 0., 0., ..., 0., 0., 0.],...
2025-02-21T13:46:32.8960810Z 
2025-02-21T13:46:32.8961000Z ../../../micromamba/envs/tardis/lib/python3.12/contextlib.py:81: AssertionError
2025-02-21T13:46:32.8961490Z ______________________ TestTransportSimple.test_spectrum _______________________
2025-02-21T13:46:32.8971700Z 
2025-02-21T13:46:32.8972010Z self = <tardis.tests.test_tardis_full.TestTransportSimple object at 0x12c95d490>
2025-02-21T13:46:32.8972610Z simulation_regression_data = <tardis.simulation.base.Simulation object at 0x15f48e7b0>
2025-02-21T13:46:32.8972910Z 
2025-02-21T13:46:32.8973090Z     def test_spectrum(self, simulation_regression_data):
2025-02-21T13:46:32.8973590Z         key = "simulation/spectrum_solver/spectrum_real_packets/luminosity"
2025-02-21T13:46:32.8973950Z         expected = self.get_expected_data(key)
2025-02-21T13:46:32.8980490Z     
2025-02-21T13:46:32.8980690Z         luminosity = u.Quantity(expected, "erg /s")
2025-02-21T13:46:32.8981080Z     
2025-02-21T13:46:32.8981270Z >       assert_quantity_allclose(
2025-02-21T13:46:32.8981720Z             simulation_regression_data.spectrum_solver.spectrum_real_packets.luminosity,
2025-02-21T13:46:32.8982160Z             luminosity,
2025-02-21T13:46:32.8982450Z         )
2025-02-21T13:46:32.8982620Z 
2025-02-21T13:46:32.8982690Z tardis/tests/test_tardis_full.py:71: 
2025-02-21T13:46:32.8983170Z _ _ _ _ _ _ _ _ _ _ _ _ _ _ _ _ _ _ _ _ _ _ _ _ _ _ _ _ _ _ _ _ _ _ _ _ _ _ _ _ 
2025-02-21T13:46:32.8983870Z ../../../micromamba/envs/tardis/lib/python3.12/site-packages/astropy/tests/helper.py:203: in assert_quantity_allclose
2025-02-21T13:46:32.8984380Z     np.testing.assert_allclose(
2025-02-21T13:46:32.8984710Z _ _ _ _ _ _ _ _ _ _ _ _ _ _ _ _ _ _ _ _ _ _ _ _ _ _ _ _ _ _ _ _ _ _ _ _ _ _ _ _ 
2025-02-21T13:46:32.8984880Z 
2025-02-21T13:46:32.8985370Z args = (<function assert_allclose.<locals>.compare at 0x3116aa340>, array([1.33511090e+39, 1.33738696e+39, 9.41598476e+38, .....), array([1.47119190e+39, 1.69564189e+39, 1.35368464e+39, ...,
2025-02-21T13:46:32.8986090Z        0.00000000e+00, 0.00000000e+00, 0.00000000e+00]))
2025-02-21T13:46:32.8986540Z kwds = {'equal_nan': True, 'err_msg': '', 'header': 'Not equal to tolerance rtol=1e-07, atol=0', 'verbose': True}
2025-02-21T13:46:32.8986910Z 
2025-02-21T13:46:32.8987070Z     @wraps(func)
2025-02-21T13:46:32.8987310Z     def inner(*args, **kwds):
2025-02-21T13:46:32.8987620Z         with self._recreate_cm():
2025-02-21T13:46:32.8987870Z >           return func(*args, **kwds)
2025-02-21T13:46:32.8988270Z E           AssertionError: 
2025-02-21T13:46:32.8988590Z E           Not equal to tolerance rtol=1e-07, atol=0
2025-02-21T13:46:32.8988910Z E           
2025-02-21T13:46:32.8989230Z E           Mismatched elements: 4787 / 10000 (47.9%)
2025-02-21T13:46:32.8989570Z E           Max absolute difference: 3.38544343e+39
2025-02-21T13:46:32.8989910Z E           Max relative difference: 2.93242273
2025-02-21T13:46:32.8990280Z E            x: array([1.335111e+39, 1.337387e+39, 9.415985e+38, ..., 0.000000e+00,
2025-02-21T13:46:32.8990700Z E                  0.000000e+00, 0.000000e+00])
2025-02-21T13:46:32.8991090Z E            y: array([1.471192e+39, 1.695642e+39, 1.353685e+39, ..., 0.000000e+00,
2025-02-21T13:46:32.8991460Z E                  0.000000e+00, 0.000000e+00])
2025-02-21T13:46:32.8991660Z 
2025-02-21T13:46:32.8991840Z ../../../micromamba/envs/tardis/lib/python3.12/contextlib.py:81: AssertionError
2025-02-21T13:46:32.8992330Z __________________ TestTransportSimple.test_virtual_spectrum ___________________
2025-02-21T13:46:32.8992610Z 
2025-02-21T13:46:32.8992780Z self = <tardis.tests.test_tardis_full.TestTransportSimple object at 0x12c95d760>
2025-02-21T13:46:32.8993400Z simulation_regression_data = <tardis.simulation.base.Simulation object at 0x15f48e7b0>
2025-02-21T13:46:32.8993770Z 
2025-02-21T13:46:32.8993930Z     def test_virtual_spectrum(self, simulation_regression_data):
2025-02-21T13:46:32.8994400Z         key = "simulation/spectrum_solver/spectrum_virtual_packets/luminosity"
2025-02-21T13:46:32.8994780Z         expected = self.get_expected_data(key)
2025-02-21T13:46:32.8995080Z     
2025-02-21T13:46:32.8995380Z         luminosity = u.Quantity(expected, "erg /s")
2025-02-21T13:46:32.8995640Z     
2025-02-21T13:46:32.8995870Z >       assert_quantity_allclose(
2025-02-21T13:46:32.8996660Z             simulation_regression_data.spectrum_solver.spectrum_virtual_packets.luminosity,
2025-02-21T13:46:32.8997120Z             luminosity,
2025-02-21T13:46:32.8997320Z         )
2025-02-21T13:46:32.8997460Z 
2025-02-21T13:46:32.8997610Z tardis/tests/test_tardis_full.py:82: 
2025-02-21T13:46:32.8997920Z _ _ _ _ _ _ _ _ _ _ _ _ _ _ _ _ _ _ _ _ _ _ _ _ _ _ _ _ _ _ _ _ _ _ _ _ _ _ _ _ 
2025-02-21T13:46:32.8998490Z ../../../micromamba/envs/tardis/lib/python3.12/site-packages/astropy/tests/helper.py:203: in assert_quantity_allclose
2025-02-21T13:46:32.8999340Z     np.testing.assert_allclose(
2025-02-21T13:46:32.8999680Z _ _ _ _ _ _ _ _ _ _ _ _ _ _ _ _ _ _ _ _ _ _ _ _ _ _ _ _ _ _ _ _ _ _ _ _ _ _ _ _ 
2025-02-21T13:46:32.8999920Z 
2025-02-21T13:46:32.9000310Z args = (<function assert_allclose.<locals>.compare at 0x15868b4c0>, array([1.46352380e+39, 1.37519577e+39, 1.34901151e+39, .....), array([1.44033177e+39, 1.35611403e+39, 1.39755698e+39, ...,
2025-02-21T13:46:32.9000920Z        0.00000000e+00, 0.00000000e+00, 0.00000000e+00]))
2025-02-21T13:46:32.9001390Z kwds = {'equal_nan': True, 'err_msg': '', 'header': 'Not equal to tolerance rtol=1e-07, atol=0', 'verbose': True}
2025-02-21T13:46:32.9002080Z 
2025-02-21T13:46:32.9002220Z     @wraps(func)
2025-02-21T13:46:32.9002480Z     def inner(*args, **kwds):
2025-02-21T13:46:32.9003000Z         with self._recreate_cm():
2025-02-21T13:46:32.9003800Z >           return func(*args, **kwds)
2025-02-21T13:46:32.9004220Z E           AssertionError: 
2025-02-21T13:46:32.9004690Z E           Not equal to tolerance rtol=1e-07, atol=0
2025-02-21T13:46:32.9004980Z E           
2025-02-21T13:46:32.9005230Z E           Mismatched elements: 5800 / 10000 (58%)
2025-02-21T13:46:32.9005460Z E           Max absolute difference: 2.37529699e+39
2025-02-21T13:46:32.9030090Z E           Max relative difference: 18569.59081289
2025-02-21T13:46:32.9030570Z E            x: array([1.463524e+39, 1.375196e+39, 1.349012e+39, ..., 0.000000e+00,
2025-02-21T13:46:32.9030920Z E                  0.000000e+00, 0.000000e+00])
2025-02-21T13:46:32.9031250Z E            y: array([1.440332e+39, 1.356114e+39, 1.397557e+39, ..., 0.000000e+00,
2025-02-21T13:46:32.9031580Z E                  0.000000e+00, 0.000000e+00])
2025-02-21T13:46:32.9031830Z 
2025-02-21T13:46:32.9032100Z ../../../micromamba/envs/tardis/lib/python3.12/contextlib.py:81: AssertionError
2025-02-21T13:46:32.9032500Z =============================== warnings summary ===============================
2025-02-21T13:46:32.9032900Z tardis/io/configuration/config_validator.py:6
2025-02-21T13:46:32.9033270Z tardis/io/configuration/config_validator.py:6
2025-02-21T13:46:32.9033740Z   /Users/runner/work/tardis/tardis/tardis/io/configuration/config_validator.py:6: DeprecationWarning:
2025-02-21T13:46:32.9034290Z   
2025-02-21T13:46:32.9035500Z   jsonschema.RefResolver is deprecated as of v4.18.0, in favor of the https://github.com/python-jsonschema/referencing library, which provides more compliant referencing behavior as well as more flexible APIs for customization. A future release will remove RefResolver. Please file a feature request (on referencing) if you are missing an API for the kind of customization you need.
2025-02-21T13:46:32.9036560Z 
2025-02-21T13:46:32.9036840Z ../../../micromamba/envs/tardis/lib/python3.12/site-packages/jupyter_client/connect.py:22
2025-02-21T13:46:32.9037570Z   /Users/runner/micromamba/envs/tardis/lib/python3.12/site-packages/jupyter_client/connect.py:22: DeprecationWarning:
2025-02-21T13:46:32.9038060Z   
2025-02-21T13:46:32.9038400Z   Jupyter is migrating its paths to use standard platformdirs
2025-02-21T13:46:32.9038820Z   given by the platformdirs library.  To remove this warning and
2025-02-21T13:46:32.9039270Z   see the appropriate new directories, set the environment variable
2025-02-21T13:46:32.9039660Z   `JUPYTER_PLATFORM_DIRS=1` and then run `jupyter --paths`.
2025-02-21T13:46:32.9040070Z   The use of platformdirs will be the default in `jupyter_core` v6
2025-02-21T13:46:32.9040330Z 
2025-02-21T13:46:32.9046250Z tardis/io/tests/test_HDFWriter.py::test_multi_index_write
2025-02-21T13:46:32.9046780Z tardis/visualization/widgets/tests/test_shell_info.py::TestHDFShellInfo::test_shells_data
2025-02-21T13:46:32.9047350Z   /Users/runner/work/tardis/tardis/tardis/io/util.py:276: PerformanceWarning:
2025-02-21T13:46:32.9047700Z   
2025-02-21T13:46:32.9047870Z   
2025-02-21T13:46:32.9048190Z   your performance may suffer as PyTables will pickle object types that it cannot
2025-02-21T13:46:32.9048710Z   map directly to c-types [inferred_type->mixed,key->block0_values] [items->Index([0], dtype='int64')]
2025-02-21T13:46:32.9049430Z 
2025-02-21T13:46:32.9049690Z tardis/io/tests/test_model_reader.py::test_read_cmfgen_isotope_abundances
2025-02-21T13:46:32.9050210Z tardis/plasma/tests/test_tardis_model_density_config.py::test_electron_densities
2025-02-21T13:46:32.9050640Z tardis/plasma/tests/test_tardis_model_density_config.py::test_isotope_number_densities
2025-02-21T13:46:32.9051180Z tardis/plasma/tests/test_tardis_model_density_config.py::test_t_rad
2025-02-21T13:46:32.9051700Z   /Users/runner/work/tardis/tardis/tardis/io/model/readers/cmfgen_deprecated.py:82: DeprecationWarning:
2025-02-21T13:46:32.9052220Z   
2025-02-21T13:46:32.9052470Z   The current CMFGEN model parser is deprecated
2025-02-21T13:46:32.9052710Z 
2025-02-21T13:46:32.9052840Z tardis/io/tests/test_model_reader.py: 1 warning
2025-02-21T13:46:32.9053130Z tardis/plasma/tests/test_tardis_model_density_config.py: 9 warnings
2025-02-21T13:46:32.9053580Z   /Users/runner/work/tardis/tardis/tardis/io/model/readers/cmfgen_deprecated.py:40: DeprecationWarning:
2025-02-21T13:46:32.9053950Z   
2025-02-21T13:46:32.9054100Z   The current CMFGEN model parser is deprecated
2025-02-21T13:46:32.9054290Z 
2025-02-21T13:46:32.9054520Z tardis/model/tests/test_base.py::TestModelFromPaper1Config::test_abundances
2025-02-21T13:46:32.9055040Z   /Users/runner/work/tardis/tardis/tardis/transport/montecarlo/montecarlo_main_loop.py:123: NumbaTypeSafetyWarning:
2025-02-21T13:46:32.9055540Z   
2025-02-21T13:46:32.9057930Z   [1m[1m[1munsafe cast from uint64 to int64. Precision may be lost.[0m[0m[0m
2025-02-21T13:46:32.9058150Z 
2025-02-21T13:46:32.9058230Z tardis/model/tests/test_base.py: 6 warnings
2025-02-21T13:46:32.9058500Z tardis/model/tests/test_csvy_model.py: 2 warnings
2025-02-21T13:46:32.9058860Z tardis/plasma/tests/test_tardis_model_density_config.py: 3 warnings
2025-02-21T13:46:32.9059290Z   /Users/runner/work/tardis/tardis/tardis/model/geometry/radial1d.py:50: DeprecationWarning:
2025-02-21T13:46:32.9059620Z   
2025-02-21T13:46:32.9059770Z   v_inner_boundary < 0, assuming default value
2025-02-21T13:46:32.9059920Z 
2025-02-21T13:46:32.9060000Z tardis/model/tests/test_base.py: 6 warnings
2025-02-21T13:46:32.9060310Z tardis/model/tests/test_csvy_model.py: 2 warnings
2025-02-21T13:46:32.9060660Z tardis/plasma/tests/test_tardis_model_density_config.py: 3 warnings
2025-02-21T13:46:32.9061080Z   /Users/runner/work/tardis/tardis/tardis/model/geometry/radial1d.py:61: DeprecationWarning:
2025-02-21T13:46:32.9061410Z   
2025-02-21T13:46:32.9061550Z   v_outer_boundary < 0, assuming default value
2025-02-21T13:46:32.9061700Z 
2025-02-21T13:46:32.9062080Z tardis/plasma/equilibrium/tests/test_level_populations.py::TestLevelPopulationSolver::test_solve[collisional_rate_solver0-radiative_transitions0]
2025-02-21T13:46:32.9062900Z   /Users/runner/work/tardis/tardis/tardis/plasma/equilibrium/level_populations.py:65: FutureWarning:
2025-02-21T13:46:32.9063340Z   
2025-02-21T13:46:32.9063690Z   A value is trying to be set on a copy of a DataFrame or Series through chained assignment using an inplace method.
2025-02-21T13:46:32.9064380Z   The behavior will change in pandas 3.0. This inplace method will never work because the intermediate object on which we are setting values always behaves as a copy.
2025-02-21T13:46:32.9064960Z   
2025-02-21T13:46:32.9065590Z   For example, when doing 'df[col].method(value, inplace=True)', try using 'df.method({col: value}, inplace=True)' or df[col] = df[col].method(value) instead, to perform the operation inplace on the original object.
2025-02-21T13:46:32.9066600Z 
2025-02-21T13:46:32.9066870Z tardis/plasma/tests/test_plasma_vboundary.py::test_plasma_vboundary[2900-3750]
2025-02-21T13:46:32.9067420Z tardis/plasma/tests/test_plasma_vboundary.py::test_plasma_vboundary[2900-3850]
2025-02-21T13:46:32.9067880Z tardis/plasma/tests/test_plasma_vboundary.py::test_plasma_vboundary[2900-3900]
2025-02-21T13:46:32.9068360Z   /Users/runner/work/tardis/tardis/tardis/model/geometry/radial1d.py:71: UserWarning:
2025-02-21T13:46:32.9068940Z   
2025-02-21T13:46:32.9069300Z   Requesting inner boundary below inner shell. Extrapolating the inner cell
2025-02-21T13:46:32.9069530Z 
2025-02-21T13:46:32.9069700Z tardis/spectrum/tests/test_spectrum_solver.py::TestSpectrumSolver::test_solve
2025-02-21T13:46:32.9070100Z   /Users/runner/work/tardis/tardis/tardis/spectrum/base.py:70: UserWarning:
2025-02-21T13:46:32.9070370Z   
2025-02-21T13:46:32.9070680Z   SpectrumSolver.spectrum_virtual_packets is zero. Please run the montecarlo simulation with no_of_virtual_packets > 0
2025-02-21T13:46:32.9071020Z 
2025-02-21T13:46:32.9071190Z tardis/spectrum/tests/test_spectrum_solver.py::TestSpectrumSolver::test_solve
2025-02-21T13:46:32.9071590Z   /Users/runner/work/tardis/tardis/tardis/spectrum/base.py:111: UserWarning:
2025-02-21T13:46:32.9071860Z   
2025-02-21T13:46:32.9072200Z   SpectrumSolver.integrator: The FormalIntegrator is not yet available.Please run the montecarlo simulation at least once.
2025-02-21T13:46:32.9072540Z 
2025-02-21T13:46:32.9072720Z tardis/transport/montecarlo/tests/test_vpacket.py::test_trace_vpacket_volley
2025-02-21T13:46:32.9073040Z   <string>:3: NumbaPendingDeprecationWarning:
2025-02-21T13:46:32.9073240Z   
2025-02-21T13:46:32.9074200Z   [1m[1mCode using Numba extension API maybe depending on 'old_style' error-capturing, which is deprecated and will be replaced by 'new_style' in a future release. See details at https://numba.readthedocs.io/en/latest/reference/deprecation.html#deprecation-of-old-style-numba-captured-errors
2025-02-21T13:46:32.9075020Z   Exception origin:
2025-02-21T13:46:32.9075330Z     File "/Users/runner/micromamba/envs/tardis/lib/python3.12/inspect.py", line 3180, in _bind
2025-02-21T13:46:32.9075660Z       raise TypeError(msg) from None
2025-02-21T13:46:32.9075860Z   [0m[0m
2025-02-21T13:46:32.9075940Z 
2025-02-21T13:46:32.9077000Z tardis/visualization/tools/tests/test_sdec_plot.py::TestSDECPlotter::test_mpl_image[plotter_generate_plot_mpl4]
2025-02-21T13:46:32.9077620Z   /Users/runner/work/tardis/tardis/tardis/visualization/tools/sdec_plot.py:1225: RuntimeWarning:
2025-02-21T13:46:32.9077980Z   
2025-02-21T13:46:32.9078710Z   More than 20 figures have been opened. Figures created through the pyplot interface (`matplotlib.pyplot.figure`) are retained until explicitly closed and may consume too much memory. (To control this warning, see the rcParam `figure.max_open_warning`). Consider using `matplotlib.pyplot.close()`.
2025-02-21T13:46:32.9079460Z 
2025-02-21T13:46:32.9079760Z tardis/visualization/widgets/tests/test_custom_abundance.py::TestCustomAbundanceWidget::test_update_input_item_value
2025-02-21T13:46:32.9080390Z tardis/visualization/widgets/tests/test_custom_abundance.py::TestCustomAbundanceWidget::test_update_input_item_value
2025-02-21T13:46:32.9081000Z tardis/visualization/widgets/tests/test_custom_abundance.py::TestCustomAbundanceWidget::test_update_input_item_value
2025-02-21T13:46:32.9081610Z tardis/visualization/widgets/tests/test_custom_abundance.py::TestCustomAbundanceWidget::test_update_input_item_value
2025-02-21T13:46:32.9082230Z tardis/visualization/widgets/tests/test_custom_abundance.py::TestCustomAbundanceWidget::test_update_input_item_value
2025-02-21T13:46:32.9082840Z tardis/visualization/widgets/tests/test_custom_abundance.py::TestCustomAbundanceWidget::test_update_input_item_value
2025-02-21T13:46:32.9083470Z   /Users/runner/micromamba/envs/tardis/lib/python3.12/site-packages/traitlets/traitlets.py:1385: DeprecationWarning:
2025-02-21T13:46:32.9084210Z   
2025-02-21T13:46:32.9084440Z   Passing unrecognized arguments to super(Checkbox).__init__(icon='lock').
2025-02-21T13:46:32.9084800Z   object.__init__() takes exactly one argument (the instance to initialize)
2025-02-21T13:46:32.9085200Z   This is deprecated in traitlets 4.2.This error will be raised in a future release of traitlets.
2025-02-21T13:46:32.9085470Z 
2025-02-21T13:46:32.9085750Z tardis/visualization/widgets/tests/test_custom_abundance.py::TestCustomAbundanceWidget::test_update_input_item_value
2025-02-21T13:46:32.9086610Z tardis/visualization/widgets/tests/test_custom_abundance.py::TestCustomAbundanceWidget::test_update_input_item_value
2025-02-21T13:46:32.9087230Z   /Users/runner/micromamba/envs/tardis/lib/python3.12/site-packages/traitlets/traitlets.py:1385: DeprecationWarning:
2025-02-21T13:46:32.9087640Z   
2025-02-21T13:46:32.9087840Z   Passing unrecognized arguments to super(FloatText).__init__(min=0).
2025-02-21T13:46:32.9088260Z   object.__init__() takes exactly one argument (the instance to initialize)
2025-02-21T13:46:32.9088680Z   This is deprecated in traitlets 4.2.This error will be raised in a future release of traitlets.
2025-02-21T13:46:32.9088930Z 
2025-02-21T13:46:32.9089210Z tardis/visualization/widgets/tests/test_custom_abundance.py::TestCustomAbundanceWidget::test_update_input_item_value
2025-02-21T13:46:32.9089830Z   /Users/runner/micromamba/envs/tardis/lib/python3.12/site-packages/traitlets/traitlets.py:1385: DeprecationWarning:
2025-02-21T13:46:32.9090220Z   
2025-02-21T13:46:32.9090430Z   Passing unrecognized arguments to super(HTML).__init__(indent=True).
2025-02-21T13:46:32.9090790Z   object.__init__() takes exactly one argument (the instance to initialize)
2025-02-21T13:46:32.9091190Z   This is deprecated in traitlets 4.2.This error will be raised in a future release of traitlets.
2025-02-21T13:46:32.9091450Z 
2025-02-21T13:46:32.9091780Z tardis/visualization/widgets/tests/test_line_info.py::TestLineInfoWidgetData::test_get_species_interactions[wavelength_range0-packet_out_nu]
2025-02-21T13:46:32.9092590Z   /Users/runner/micromamba/envs/tardis/lib/python3.12/site-packages/qgridnext/grid.py:820: DeprecationWarning:
2025-02-21T13:46:32.9092970Z   
2025-02-21T13:46:32.9093250Z   QgridWidget._precision_changed is deprecated in traitlets 4.1: use @observe and @unobserve instead.
2025-02-21T13:46:32.9093530Z 
2025-02-21T13:46:32.9093740Z tardis/visualization/widgets/tests/test_shell_info.py::TestHDFShellInfo::test_shells_data
2025-02-21T13:46:32.9094180Z   /Users/runner/work/tardis/tardis/tardis/io/util.py:289: PerformanceWarning:
2025-02-21T13:46:32.9094460Z   
2025-02-21T13:46:32.9094570Z   
2025-02-21T13:46:32.9094790Z   your performance may suffer as PyTables will pickle object types that it cannot
2025-02-21T13:46:32.9095230Z   map directly to c-types [inferred_type->mixed,key->block0_values] [items->Index([0], dtype='int64')]
2025-02-21T13:46:32.9095510Z 
2025-02-21T13:46:32.9095700Z tardis/visualization/widgets/tests/test_shell_info.py::TestHDFShellInfo::test_shells_data
2025-02-21T13:46:32.9096140Z   /Users/runner/work/tardis/tardis/tardis/io/util.py:292: PerformanceWarning:
2025-02-21T13:46:32.9096420Z   
2025-02-21T13:46:32.9096530Z   
2025-02-21T13:46:32.9096750Z   your performance may suffer as PyTables will pickle object types that it cannot
2025-02-21T13:46:32.9097120Z   map directly to c-types [inferred_type->mixed,key->values] [items->None]
2025-02-21T13:46:32.9097340Z 
2025-02-21T13:46:32.9097530Z tardis/visualization/widgets/tests/test_shell_info.py::TestHDFShellInfo::test_shells_data
2025-02-21T13:46:32.9098000Z   /Users/runner/work/tardis/tardis/tardis/spectrum/formal_integral.py:398: UserWarning:
2025-02-21T13:46:32.9098310Z   
2025-02-21T13:46:32.9098540Z   The number of interpolate_shells was not specified. The value was set to 80.
2025-02-21T13:46:32.9098760Z 
2025-02-21T13:46:32.9098950Z -- Docs: https://docs.pytest.org/en/stable/how-to/capture-warnings.html
2025-02-21T13:46:32.9099160Z 
2025-02-21T13:46:32.9099290Z ---------- coverage: platform darwin, python 3.12.4-final-0 ----------
2025-02-21T13:46:32.9100370Z Coverage HTML written to dir coverage_html_report
2025-02-21T13:46:32.9100610Z Coverage XML written to file coverage.xml
2025-02-21T13:46:32.9100760Z 
2025-02-21T13:46:32.9100860Z =========================== short test summary info ============================
2025-02-21T13:46:32.9101280Z FAILED tardis/tests/test_tardis_full.py::TestTransportSimple::test_j_blue_estimators - AssertionError: 
2025-02-21T13:46:32.9101650Z Not equal to tolerance rtol=1e-07, atol=0
2025-02-21T13:46:32.9102170Z 
2025-02-21T13:46:32.9102250Z Mismatched elements: 501415 / 584480 (85.8%)
2025-02-21T13:46:32.9102460Z Max absolute difference: 1.58727889e-18
2025-02-21T13:46:32.9102670Z Max relative difference: 14.12627905
2025-02-21T13:46:32.9102860Z  x: array([[0., 0., 0., ..., 0., 0., 0.],
2025-02-21T13:46:32.9103050Z        [0., 0., 0., ..., 0., 0., 0.],
2025-02-21T13:46:32.9103230Z        [0., 0., 0., ..., 0., 0., 0.],...
2025-02-21T13:46:32.9103510Z  y: array([[0., 0., 0., ..., 0., 0., 0.],
2025-02-21T13:46:32.9103720Z        [0., 0., 0., ..., 0., 0., 0.],
2025-02-21T13:46:32.9103890Z        [0., 0., 0., ..., 0., 0., 0.],...
2025-02-21T13:46:32.9104230Z FAILED tardis/tests/test_tardis_full.py::TestTransportSimple::test_spectrum - AssertionError: 
2025-02-21T13:46:32.9104570Z Not equal to tolerance rtol=1e-07, atol=0
2025-02-21T13:46:32.9104710Z 
2025-02-21T13:46:32.9104770Z Mismatched elements: 4787 / 10000 (47.9%)
2025-02-21T13:46:32.9104990Z Max absolute difference: 3.38544343e+39
2025-02-21T13:46:32.9105200Z Max relative difference: 2.93242273
2025-02-21T13:46:32.9105540Z  x: array([1.335111e+39, 1.337387e+39, 9.415985e+38, ..., 0.000000e+00,
2025-02-21T13:46:32.9105770Z        0.000000e+00, 0.000000e+00])
2025-02-21T13:46:32.9106010Z  y: array([1.471192e+39, 1.695642e+39, 1.353685e+39, ..., 0.000000e+00,
2025-02-21T13:46:32.9106250Z        0.000000e+00, 0.000000e+00])
2025-02-21T13:46:32.9106610Z FAILED tardis/tests/test_tardis_full.py::TestTransportSimple::test_virtual_spectrum - AssertionError: 
2025-02-21T13:46:32.9106990Z Not equal to tolerance rtol=1e-07, atol=0
2025-02-21T13:46:32.9107130Z 
2025-02-21T13:46:32.9107220Z Mismatched elements: 5800 / 10000 (58%)
2025-02-21T13:46:32.9107420Z Max absolute difference: 2.37529699e+39
2025-02-21T13:46:32.9107620Z Max relative difference: 18569.59081289
2025-02-21T13:46:32.9107870Z  x: array([1.463524e+39, 1.375196e+39, 1.349012e+39, ..., 0.000000e+00,
2025-02-21T13:46:32.9108110Z        0.000000e+00, 0.000000e+00])
2025-02-21T13:46:32.9108350Z  y: array([1.440332e+39, 1.356114e+39, 1.397557e+39, ..., 0.000000e+00,
2025-02-21T13:46:32.9108590Z        0.000000e+00, 0.000000e+00])
2025-02-21T13:46:32.9108930Z = 3 failed, 1407 passed, 357 skipped, 2 deselected, 19 xfailed, 8 xpassed, 63 warnings in 762.44s (0:12:42) =
2025-02-21T13:46:34.5890000Z ##[error]Process completed with exit code 1.
