2025-01-13T17:44:16.0565610Z ##[group]Run pytest tardis --tardis-regression-data=/Users/runner/work/tardis/tardis/tardis-regression-data --cov=tardis --cov-report=xml --cov-report=html --cov-append -m "not continuum"
2025-01-13T17:44:16.0566660Z [36;1mpytest tardis --tardis-regression-data=/Users/runner/work/tardis/tardis/tardis-regression-data --cov=tardis --cov-report=xml --cov-report=html --cov-append -m "not continuum"[0m
2025-01-13T17:44:16.0625920Z shell: /bin/bash -l {0}
2025-01-13T17:44:16.0626170Z env:
2025-01-13T17:44:16.0626320Z   CACHE_NUMBER: 0
2025-01-13T17:44:16.0626790Z   PYTEST_FLAGS: --tardis-regression-data=/Users/runner/work/tardis/tardis/tardis-regression-data --cov=tardis --cov-report=xml --cov-report=html --cov-append
2025-01-13T17:44:16.0627280Z   CODECOV_TOKEN: 
2025-01-13T17:44:16.0627450Z   MAMBA_ROOT_PREFIX: /Users/runner/micromamba
2025-01-13T17:44:16.0627700Z   MAMBA_EXE: /Users/runner/micromamba-bin/micromamba
2025-01-13T17:44:16.0628000Z   CONDARC: /Users/runner/work/_temp/setup-micromamba/.condarc
2025-01-13T17:44:16.0628260Z ##[endgroup]
2025-01-13T17:44:28.7663630Z ============================= test session starts ==============================
2025-01-13T17:44:28.7716120Z platform darwin -- Python 3.12.4, pytest-8.2.2, pluggy-1.5.0
2025-01-13T17:44:28.7791170Z rootdir: /Users/runner/work/tardis/tardis
2025-01-13T17:44:28.7833220Z configfile: pyproject.toml
2025-01-13T17:44:28.7834310Z plugins: cov-5.0.0, html-4.1.1, metadata-3.1.1, doctestplus-1.2.1, anyio-4.4.0
2025-01-13T17:44:28.7834920Z collected 1796 items / 2 deselected / 1794 selected
2025-01-13T17:44:28.7835350Z 
2025-01-13T17:44:32.3406030Z tardis/energy_input/tests/test_energy_source.py ..xxx                    [  0%]
2025-01-13T17:44:33.8603540Z tardis/energy_input/tests/test_gamma_ray_channel.py ...........          [  0%]
2025-01-13T17:44:34.9667010Z tardis/energy_input/tests/test_gamma_ray_grid.py xx.                     [  1%]
2025-01-13T17:44:36.0660990Z tardis/energy_input/tests/test_gamma_ray_interactions.py xx....          [  1%]
2025-01-13T17:44:36.0762310Z tardis/energy_input/tests/test_gamma_ray_packet_source.py sssssssss      [  1%]
2025-01-13T17:44:37.0494100Z tardis/energy_input/tests/test_util.py .....xxxx.....                    [  2%]
2025-01-13T17:44:37.3107970Z tardis/grid/tests/test_grid.py .                                         [  2%]
2025-01-13T17:44:37.3222870Z tardis/gui/tests/test_gui.py s                                           [  2%]
2025-01-13T17:44:40.2713230Z tardis/io/configuration/tests/test_config_reader.py ...........          [  3%]
2025-01-13T17:44:40.2792100Z tardis/io/configuration/tests/test_configuration_namespace.py .........  [  3%]
2025-01-13T17:44:40.2972960Z tardis/io/logger/tests/test_logging.py ssssssssssssssssssssssssssss      [  5%]
2025-01-13T17:45:12.8572930Z tardis/io/model/readers/tests/test_arepo_parser.py ..                    [  5%]
2025-01-13T17:45:12.8922110Z tardis/io/model/readers/tests/test_ascii_readers.py ...                  [  5%]
2025-01-13T17:45:12.9041330Z tardis/io/model/readers/tests/test_cmfgen_reader.py ..                   [  5%]
2025-01-13T17:45:12.9395910Z tardis/io/model/readers/tests/test_csvy_reader.py ....                   [  6%]
2025-01-13T17:45:12.9550450Z tardis/io/model/readers/tests/test_stella_reader.py ..                   [  6%]
2025-01-13T17:45:13.2112710Z tardis/io/tests/test_HDFWriter.py ...............                        [  7%]
2025-01-13T17:45:13.7402970Z tardis/io/tests/test_atomic.py .....                                     [  7%]
2025-01-13T17:45:13.7600250Z tardis/io/tests/test_decay.py ..                                         [  7%]
2025-01-13T17:45:13.9237030Z tardis/io/tests/test_model_reader.py ......                              [  7%]
2025-01-13T17:45:13.9287120Z tardis/model/geometry/tests/test_radial1d.py ..                          [  7%]
2025-01-13T17:45:42.7639650Z tardis/model/tests/test_base.py ........................................ [ 10%]
2025-01-13T17:45:43.4932020Z ............                                                             [ 10%]
2025-01-13T17:45:45.8591680Z tardis/model/tests/test_csvy_model.py .........                          [ 11%]
2025-01-13T17:45:45.8988310Z tardis/model/tests/test_density.py ..                                    [ 11%]
2025-01-13T17:45:47.1665510Z tardis/opacities/tests/test_opacity_solver.py .....                      [ 11%]
2025-01-13T17:45:48.2282050Z tardis/opacities/tests/test_opacity_state_numba.py .....                 [ 11%]
2025-01-13T17:45:50.0623370Z tardis/opacities/tests/test_tau_sobolev.py FF                            [ 12%]
2025-01-13T17:45:52.8907460Z tardis/plasma/equilibrium/tests/test_collisional_transitions.py ...      [ 12%]
2025-01-13T17:46:35.4627960Z tardis/plasma/equilibrium/tests/test_level_populations.py ....           [ 12%]
2025-01-13T17:46:45.9483280Z tardis/plasma/equilibrium/tests/test_rate_matrix.py .                    [ 12%]
2025-01-13T17:46:47.2033990Z tardis/plasma/tests/test_complete_plasmas.py .....................s..... [ 13%]
2025-01-13T17:46:49.5752180Z s....ssssss............s............ss.....s....ssssss............s..... [ 18%]
2025-01-13T17:46:50.9369740Z .......ss.....s....ssssss............s............ss.....s....ssssss.... [ 22%]
2025-01-13T17:46:53.4677720Z ........s............ss.....s........ss............s............ss.....s [ 26%]
2025-01-13T17:46:56.1981990Z ........ss............s............ss.....s....ssssss............s...... [ 30%]
2025-01-13T17:46:56.8481730Z ......ss.....s....ssssss............s............ss.....s.ss.ssssss..... [ 34%]
2025-01-13T17:46:59.3079220Z .......s............ss.....s....ssssss............s............ss.....s. [ 38%]
2025-01-13T17:47:02.1502000Z ...ssssss............s............ss.....s....ssssss............s....... [ 42%]
2025-01-13T17:47:04.7295630Z .....ss.....s....ssssss............s............s...........ssssss...... [ 46%]
2025-01-13T17:47:06.3798140Z ......s............s...........ssssss............s............s......... [ 50%]
2025-01-13T17:47:09.0544090Z ..ssssss............s............ss.....s....ssssss............s........ [ 54%]
2025-01-13T17:47:11.8256250Z ....ss.....s....ssssss..........................s.....s....ssss......... [ 58%]
2025-01-13T17:47:12.1753670Z ...................s.....s....ssss.......                                [ 60%]
2025-01-13T17:47:12.6308940Z tardis/plasma/tests/test_hdf_plasma.py ................................. [ 62%]
2025-01-13T17:47:12.6544370Z ......                                                                   [ 62%]
2025-01-13T17:47:13.0402280Z tardis/plasma/tests/test_nlte_excitation.py ...                          [ 62%]
2025-01-13T17:49:27.2096630Z tardis/plasma/tests/test_nlte_solver.py .....X                           [ 63%]
2025-01-13T17:49:27.2181920Z tardis/plasma/tests/test_plasma_continuum.py .                           [ 63%]
2025-01-13T17:49:51.5683400Z tardis/plasma/tests/test_plasma_vboundary.py .............               [ 63%]
2025-01-13T17:50:02.9876500Z tardis/plasma/tests/test_tardis_model_density_config.py ...              [ 64%]
2025-01-13T17:50:03.5577420Z tardis/simulation/tests/test_convergence.py .....                        [ 64%]
2025-01-13T17:50:11.0003380Z tardis/simulation/tests/test_simulation.py .............                 [ 65%]
2025-01-13T17:50:11.0124290Z tardis/spectrum/tests/test_cuda_formal_integral.py sssssssssssssssssssss [ 66%]
2025-01-13T17:50:11.3616700Z ssss...ssssssssssssssssssssss                                            [ 67%]
2025-01-13T17:50:11.3664800Z tardis/spectrum/tests/test_luminosity.py ....                            [ 68%]
2025-01-13T17:50:12.2067540Z tardis/spectrum/tests/test_numba_formal_integral.py .................... [ 69%]
2025-01-13T17:50:12.2179790Z ..........                                                               [ 69%]
2025-01-13T17:50:12.3447210Z tardis/spectrum/tests/test_spectrum.py ................................. [ 71%]
2025-01-13T17:50:12.3689440Z .........                                                                [ 72%]
2025-01-13T17:50:31.8815200Z tardis/spectrum/tests/test_spectrum_solver.py ....                       [ 72%]
2025-01-13T17:51:37.0921910Z tardis/tests/test_tardis_full.py ....                                    [ 72%]
2025-01-13T17:53:12.9646650Z tardis/tests/test_tardis_full_formal_integral.py ................        [ 73%]
2025-01-13T17:53:13.0653050Z tardis/tests/test_util.py .............................................  [ 75%]
2025-01-13T17:53:15.3659450Z tardis/transport/montecarlo/tests/test_base.py x.....................    [ 77%]
2025-01-13T17:53:20.8196470Z tardis/transport/montecarlo/tests/test_interaction.py .......            [ 77%]
2025-01-13T17:53:20.9836520Z tardis/transport/montecarlo/tests/test_macro_atom.py ....                [ 77%]
2025-01-13T17:53:20.9953360Z tardis/transport/montecarlo/tests/test_montecarlo.py sssssssssssssssssss [ 78%]
2025-01-13T17:53:21.0208570Z sssssssssssssssssssssssssssssssssssssssssssss                            [ 81%]
2025-01-13T17:53:28.4890950Z tardis/transport/montecarlo/tests/test_montecarlo_main_loop.py x..       [ 81%]
2025-01-13T17:53:28.5015280Z tardis/transport/montecarlo/tests/test_nonhomologous.py ...              [ 81%]
2025-01-13T17:53:31.0323200Z tardis/transport/montecarlo/tests/test_numba_interface.py .....x.        [ 82%]
2025-01-13T17:53:31.3975200Z tardis/transport/montecarlo/tests/test_opacities.py ...............      [ 82%]
2025-01-13T17:53:32.1523540Z tardis/transport/montecarlo/tests/test_packet.py .................xXXXXX [ 84%]
2025-01-13T17:53:32.2711960Z XX.........                                                              [ 84%]
2025-01-13T17:53:32.2974870Z tardis/transport/montecarlo/tests/test_packet_source.py ........         [ 85%]
2025-01-13T17:53:32.5276190Z tardis/transport/montecarlo/tests/test_rpacket_last_interaction_tracker.py . [ 85%]
2025-01-13T17:53:32.8152210Z .....                                                                    [ 85%]
2025-01-13T17:53:41.9830990Z tardis/transport/montecarlo/tests/test_rpacket_tracker.py ......         [ 85%]
2025-01-13T17:53:42.0062600Z tardis/transport/montecarlo/tests/test_single_packet_loop.py xxx         [ 86%]
2025-01-13T17:53:42.0106420Z tardis/transport/montecarlo/tests/test_tracker_utils.py ..               [ 86%]
2025-01-13T17:53:43.2997990Z tardis/transport/montecarlo/tests/test_vpacket.py ..x.                   [ 86%]
2025-01-13T17:53:43.3164450Z tardis/transport/montecarlo/tests/test_weighted_packet_source.py ....    [ 86%]
2025-01-13T17:53:45.9872380Z tardis/transport/montecarlo/tests/test_weighted_packet_source_integration.py . [ 86%]
2025-01-13T17:53:45.9874280Z                                                                          [ 86%]
2025-01-13T17:53:46.5152120Z tardis/transport/tests/test_doppler_factor.py ..................         [ 87%]
2025-01-13T17:53:48.2117330Z tardis/visualization/tools/tests/test_convergence_plot.py .............. [ 88%]
2025-01-13T17:53:49.8850150Z ......                                                                   [ 88%]
2025-01-13T17:53:53.4578250Z tardis/visualization/tools/tests/test_liv_plot.py ...................... [ 90%]
2025-01-13T17:53:57.4737520Z .............................                                            [ 91%]
2025-01-13T17:54:00.6754870Z tardis/visualization/tools/tests/test_rpacket_plot.py .................. [ 92%]
2025-01-13T17:54:07.8290720Z ....                                                                     [ 92%]
2025-01-13T17:54:12.2978000Z tardis/visualization/tools/tests/test_sdec_plot.py ..................... [ 94%]
2025-01-13T17:54:18.7055170Z ..............................                                           [ 95%]
2025-01-13T17:54:19.1036050Z tardis/visualization/widgets/tests/test_custom_abundance.py ........ss.. [ 96%]
2025-01-13T17:54:19.1548480Z ....                                                                     [ 96%]
2025-01-13T17:54:19.9959130Z tardis/visualization/widgets/tests/test_line_info.py ................... [ 97%]
2025-01-13T17:54:20.5507640Z ..................                                                       [ 98%]
2025-01-13T17:57:29.5541660Z tardis/visualization/widgets/tests/test_shell_info.py .................. [ 99%]
2025-01-13T17:57:37.6621460Z ......                                                                   [100%]
2025-01-13T17:57:37.6623290Z 
2025-01-13T17:57:37.6624040Z =================================== FAILURES ===================================
2025-01-13T17:57:37.6625970Z _____________________ test_calculate_sobolev_line_opacity ______________________
2025-01-13T17:57:37.6627110Z 
2025-01-13T17:57:37.6627520Z nb_simulation_verysimple = <tardis.simulation.base.Simulation object at 0x13fd8f140>
2025-01-13T17:57:37.6628360Z regression_data = <tardis.tests.fixtures.regression_data.RegressionData object at 0x13feeed20>
2025-01-13T17:57:37.6628960Z 
2025-01-13T17:57:37.6629140Z     def test_calculate_sobolev_line_opacity(
2025-01-13T17:57:37.6629740Z         nb_simulation_verysimple, regression_data
2025-01-13T17:57:37.6630190Z     ):
2025-01-13T17:57:37.6630550Z         legacy_plasma = nb_simulation_verysimple.plasma
2025-01-13T17:57:37.6631020Z     
2025-01-13T17:57:37.6631350Z         actual = calculate_sobolev_line_opacity(
2025-01-13T17:57:37.6631780Z             legacy_plasma.lines,
2025-01-13T17:57:37.6632170Z             legacy_plasma.level_number_density,
2025-01-13T17:57:37.6632620Z             legacy_plasma.time_explosion,
2025-01-13T17:57:37.6632990Z             legacy_plasma.stimulated_emission_factor,
2025-01-13T17:57:37.6633390Z         )
2025-01-13T17:57:37.6635060Z >       expected = regression_data.sync_dataframe(actual)
2025-01-13T17:57:37.6635510Z 
2025-01-13T17:57:37.6635790Z tardis/opacities/tests/test_tau_sobolev.py:21: 
2025-01-13T17:57:37.6636210Z _ _ _ _ _ _ _ _ _ _ _ _ _ _ _ _ _ _ _ _ _ _ _ _ _ _ _ _ _ _ _ _ _ _ _ _ _ _ _ _ 
2025-01-13T17:57:37.6636640Z tardis/tests/fixtures/regression_data.py:88: in sync_dataframe
2025-01-13T17:57:37.6643420Z     return pd.read_hdf(self.fpath, key=key)
2025-01-13T17:57:37.6643790Z _ _ _ _ _ _ _ _ _ _ _ _ _ _ _ _ _ _ _ _ _ _ _ _ _ _ _ _ _ _ _ _ _ _ _ _ _ _ _ _ 
2025-01-13T17:57:37.6644000Z 
2025-01-13T17:57:37.6644390Z path_or_buf = '/Users/runner/work/tardis/tardis/tardis-regression-data/test_tau_sobolev/test_calculate_sobolev_line_opacity.h5'
2025-01-13T17:57:37.6645050Z key = 'data', mode = 'r', errors = 'strict', where = None, start = None
2025-01-13T17:57:37.6645510Z stop = None, columns = None, iterator = False, chunksize = None, kwargs = {}
2025-01-13T17:57:37.6645910Z exists = False
2025-01-13T17:57:37.6646030Z 
2025-01-13T17:57:37.6646080Z     def read_hdf(
2025-01-13T17:57:37.6646330Z         path_or_buf: FilePath | HDFStore,
2025-01-13T17:57:37.6646570Z         key=None,
2025-01-13T17:57:37.6646830Z         mode: str = "r",
2025-01-13T17:57:37.6647030Z         errors: str = "strict",
2025-01-13T17:57:37.6647300Z         where: str | list | None = None,
2025-01-13T17:57:37.6647560Z         start: int | None = None,
2025-01-13T17:57:37.6647890Z         stop: int | None = None,
2025-01-13T17:57:37.6648120Z         columns: list[str] | None = None,
2025-01-13T17:57:37.6648400Z         iterator: bool = False,
2025-01-13T17:57:37.6648620Z         chunksize: int | None = None,
2025-01-13T17:57:37.6648880Z         **kwargs,
2025-01-13T17:57:37.6649060Z     ):
2025-01-13T17:57:37.6649260Z         """
2025-01-13T17:57:37.6649460Z         Read from the store, close it if we opened it.
2025-01-13T17:57:37.6649770Z     
2025-01-13T17:57:37.6650010Z         Retrieve pandas object stored in file, optionally based on where
2025-01-13T17:57:37.6650350Z         criteria.
2025-01-13T17:57:37.6650570Z     
2025-01-13T17:57:37.6656690Z         .. warning::
2025-01-13T17:57:37.6657010Z     
2025-01-13T17:57:37.6657320Z            Pandas uses PyTables for reading and writing HDF5 files, which allows
2025-01-13T17:57:37.6657830Z            serializing object-dtype data with pickle when using the "fixed" format.
2025-01-13T17:57:37.6658710Z            Loading pickled data received from untrusted sources can be unsafe.
2025-01-13T17:57:37.6659110Z     
2025-01-13T17:57:37.6670370Z            See: https://docs.python.org/3/library/pickle.html for more.
2025-01-13T17:57:37.6671400Z     
2025-01-13T17:57:37.6672110Z         Parameters
2025-01-13T17:57:37.6672560Z         ----------
2025-01-13T17:57:37.6672820Z         path_or_buf : str, path object, pandas.HDFStore
2025-01-13T17:57:37.6673290Z             Any valid string path is acceptable. Only supports the local file system,
2025-01-13T17:57:37.6673720Z             remote URLs and file-like objects are not supported.
2025-01-13T17:57:37.6674060Z     
2025-01-13T17:57:37.6674310Z             If you want to pass in a path object, pandas accepts any
2025-01-13T17:57:37.6674710Z             ``os.PathLike``.
2025-01-13T17:57:37.6674930Z     
2025-01-13T17:57:37.6675260Z             Alternatively, pandas accepts an open :class:`pandas.HDFStore` object.
2025-01-13T17:57:37.6675610Z     
2025-01-13T17:57:37.6675880Z         key : object, optional
2025-01-13T17:57:37.6676180Z             The group identifier in the store. Can be omitted if the HDF file
2025-01-13T17:57:37.6676580Z             contains a single pandas object.
2025-01-13T17:57:37.6676840Z         mode : {'r', 'r+', 'a'}, default 'r'
2025-01-13T17:57:37.6677190Z             Mode to use when opening the file. Ignored if path_or_buf is a
2025-01-13T17:57:37.6677580Z             :class:`pandas.HDFStore`. Default is 'r'.
2025-01-13T17:57:37.6677900Z         errors : str, default 'strict'
2025-01-13T17:57:37.6678250Z             Specifies how encoding and decoding errors are to be handled.
2025-01-13T17:57:37.6678600Z             See the errors argument for :func:`open` for a full list
2025-01-13T17:57:37.6678960Z             of options.
2025-01-13T17:57:37.6679190Z         where : list, optional
2025-01-13T17:57:37.6679530Z             A list of Term (or convertible) objects.
2025-01-13T17:57:37.6679790Z         start : int, optional
2025-01-13T17:57:37.6680660Z             Row number to start selection.
2025-01-13T17:57:37.6681650Z         stop  : int, optional
2025-01-13T17:57:37.6682390Z             Row number to stop selection.
2025-01-13T17:57:37.6683230Z         columns : list, optional
2025-01-13T17:57:37.6683890Z             A list of columns names to return.
2025-01-13T17:57:37.6684230Z         iterator : bool, optional
2025-01-13T17:57:37.6684550Z             Return an iterator object.
2025-01-13T17:57:37.6684810Z         chunksize : int, optional
2025-01-13T17:57:37.6685180Z             Number of rows to include in an iteration when using an iterator.
2025-01-13T17:57:37.6685510Z         **kwargs
2025-01-13T17:57:37.6685750Z             Additional keyword arguments passed to HDFStore.
2025-01-13T17:57:37.6686060Z     
2025-01-13T17:57:37.6686250Z         Returns
2025-01-13T17:57:37.6686640Z         -------
2025-01-13T17:57:37.6686820Z         object
2025-01-13T17:57:37.6687100Z             The selected object. Return type depends on the object stored.
2025-01-13T17:57:37.6687390Z     
2025-01-13T17:57:37.6687610Z         See Also
2025-01-13T17:57:37.6687880Z         --------
2025-01-13T17:57:37.6688120Z         DataFrame.to_hdf : Write a HDF file from a DataFrame.
2025-01-13T17:57:37.6688450Z         HDFStore : Low-level access to HDF files.
2025-01-13T17:57:37.6688690Z     
2025-01-13T17:57:37.6688990Z         Examples
2025-01-13T17:57:37.6689250Z         --------
2025-01-13T17:57:37.6689570Z         >>> df = pd.DataFrame([[1, 1.0, 'a']], columns=['x', 'y', 'z'])  # doctest: +SKIP
2025-01-13T17:57:37.6689970Z         >>> df.to_hdf('./store.h5', 'data')  # doctest: +SKIP
2025-01-13T17:57:37.6690280Z         >>> reread = pd.read_hdf('./store.h5')  # doctest: +SKIP
2025-01-13T17:57:37.6690620Z         """
2025-01-13T17:57:37.6690820Z         if mode not in ["r", "r+", "a"]:
2025-01-13T17:57:37.6691130Z             raise ValueError(
2025-01-13T17:57:37.6691410Z                 f"mode {mode} is not allowed while performing a read. "
2025-01-13T17:57:37.6691770Z                 f"Allowed modes are r, r+ and a."
2025-01-13T17:57:37.6692020Z             )
2025-01-13T17:57:37.6692650Z         # grab the scope
2025-01-13T17:57:37.6692860Z         if where is not None:
2025-01-13T17:57:37.6693150Z             where = _ensure_term(where, scope_level=1)
2025-01-13T17:57:37.6693390Z     
2025-01-13T17:57:37.6693620Z         if isinstance(path_or_buf, HDFStore):
2025-01-13T17:57:37.6693870Z             if not path_or_buf.is_open:
2025-01-13T17:57:37.6694190Z                 raise OSError("The HDFStore must be open for reading.")
2025-01-13T17:57:37.6694470Z     
2025-01-13T17:57:37.6695040Z             store = path_or_buf
2025-01-13T17:57:37.6695300Z             auto_close = False
2025-01-13T17:57:37.6695560Z         else:
2025-01-13T17:57:37.6695760Z             path_or_buf = stringify_path(path_or_buf)
2025-01-13T17:57:37.6696090Z             if not isinstance(path_or_buf, str):
2025-01-13T17:57:37.6696350Z                 raise NotImplementedError(
2025-01-13T17:57:37.6696680Z                     "Support for generic buffers has not been implemented."
2025-01-13T17:57:37.6696960Z                 )
2025-01-13T17:57:37.6697200Z             try:
2025-01-13T17:57:37.6697400Z                 exists = os.path.exists(path_or_buf)
2025-01-13T17:57:37.6697680Z     
2025-01-13T17:57:37.6697840Z             # if filepath is too long
2025-01-13T17:57:37.6698120Z             except (TypeError, ValueError):
2025-01-13T17:57:37.6698420Z                 exists = False
2025-01-13T17:57:37.6698610Z     
2025-01-13T17:57:37.6698830Z             if not exists:
2025-01-13T17:57:37.6699100Z >               raise FileNotFoundError(f"File {path_or_buf} does not exist")
2025-01-13T17:57:37.6699780Z E               FileNotFoundError: File /Users/runner/work/tardis/tardis/tardis-regression-data/test_tau_sobolev/test_calculate_sobolev_line_opacity.h5 does not exist
2025-01-13T17:57:37.6700220Z 
2025-01-13T17:57:37.6700610Z ../../../micromamba/envs/tardis/lib/python3.12/site-packages/pandas/io/pytables.py:424: FileNotFoundError
2025-01-13T17:57:37.6701410Z ---------------------------- Captured stdout setup -----------------------------
2025-01-13T17:57:37.6714330Z [[1mtardis.io.model.parse_density_configuration[0m][[1;33mWARNING[0m]  
2025-01-13T17:57:37.6715090Z 	Number of density points larger than number of shells. Assuming inner point irrelevant ([1mparse_density_configuration.py[0m:114)
2025-01-13T17:57:37.6715670Z ---------------------------- Captured stderr setup -----------------------------
2025-01-13T17:57:37.6715940Z 
2025-01-13T17:57:37.6743210Z Iterations:â–ˆâ–ˆâ–ˆâ–ˆâ–ˆâ–ˆâ–ˆâ–ˆâ–ˆâ–ˆâ–ˆâ–ˆâ–ˆâ–ˆâ–ˆâ–ˆâ–ˆâ–ˆâ–ˆâ–ˆâ–ˆâ–ˆâ–ˆâ–ˆâ–ˆâ–ˆâ–ˆâ–ˆâ–ˆâ–ˆâ–ˆâ–ˆâ–ˆâ–ˆâ–ˆâ–ˆâ–ˆâ–ˆâ–ˆâ–ˆâ–ˆâ–ˆâ–ˆâ–ˆâ–ˆâ–ˆâ–ˆâ–ˆâ–ˆâ–ˆâ–ˆâ–ˆâ–ˆâ–ˆâ–ˆâ–ˆâ–ˆâ–ˆâ–ˆâ–ˆâ–ˆâ–ˆâ–ˆâ–ˆ                4/5 [00:09<00:02,  2.16s/it]
2025-01-13T17:57:37.6743680Z 
2025-01-13T17:57:37.6743900Z Packets:                                                                                   4030/? [00:09<00:00, 532.62it/s][A
2025-01-13T17:57:37.6744320Z ------------------------------ Captured log setup ------------------------------
2025-01-13T17:57:37.6745070Z WARNING  tardis.io.model.parse_density_configuration:parse_density_configuration.py:114 Number of density points larger than number of shells. Assuming inner point irrelevant
2025-01-13T17:57:37.6745740Z _________________________ test_calculate_beta_sobolevs _________________________
2025-01-13T17:57:37.6746000Z 
2025-01-13T17:57:37.6746290Z nb_simulation_verysimple = <tardis.simulation.base.Simulation object at 0x13fd8f140>
2025-01-13T17:57:37.6746840Z regression_data = <tardis.tests.fixtures.regression_data.RegressionData object at 0x13fd2c800>
2025-01-13T17:57:37.6747130Z 
2025-01-13T17:57:37.6747300Z     def test_calculate_beta_sobolevs(nb_simulation_verysimple, regression_data):
2025-01-13T17:57:37.6773440Z         legacy_plasma = nb_simulation_verysimple.plasma
2025-01-13T17:57:37.6773840Z     
2025-01-13T17:57:37.6774050Z         tau_sobolevs = calculate_sobolev_line_opacity(
2025-01-13T17:57:37.6774320Z             legacy_plasma.lines,
2025-01-13T17:57:37.6774530Z             legacy_plasma.level_number_density,
2025-01-13T17:57:37.6774780Z             legacy_plasma.time_explosion,
2025-01-13T17:57:37.6775030Z             legacy_plasma.stimulated_emission_factor,
2025-01-13T17:57:37.6775940Z         )
2025-01-13T17:57:37.6776110Z         actual = calculate_beta_sobolev(tau_sobolevs)
2025-01-13T17:57:37.6776380Z >       expected = regression_data.sync_ndarray(actual)
2025-01-13T17:57:37.6776550Z 
2025-01-13T17:57:37.6776640Z tardis/opacities/tests/test_tau_sobolev.py:35: 
2025-01-13T17:57:37.6776970Z _ _ _ _ _ _ _ _ _ _ _ _ _ _ _ _ _ _ _ _ _ _ _ _ _ _ _ _ _ _ _ _ _ _ _ _ _ _ _ _ 
2025-01-13T17:57:37.6777300Z tardis/tests/fixtures/regression_data.py:111: in sync_ndarray
2025-01-13T17:57:37.6777620Z     return np.load(self.fpath)
2025-01-13T17:57:37.6777880Z _ _ _ _ _ _ _ _ _ _ _ _ _ _ _ _ _ _ _ _ _ _ _ _ _ _ _ _ _ _ _ _ _ _ _ _ _ _ _ _ 
2025-01-13T17:57:37.6778090Z 
2025-01-13T17:57:37.6778490Z file = PosixPath('/Users/runner/work/tardis/tardis/tardis-regression-data/test_tau_sobolev/test_calculate_beta_sobolevs.npy')
2025-01-13T17:57:37.6779070Z mmap_mode = None, allow_pickle = False, fix_imports = True, encoding = 'ASCII'
2025-01-13T17:57:37.6779340Z 
2025-01-13T17:57:37.6779450Z     @set_module('numpy')
2025-01-13T17:57:37.6779740Z     def load(file, mmap_mode=None, allow_pickle=False, fix_imports=True,
2025-01-13T17:57:37.6780150Z              encoding='ASCII', *, max_header_size=format._MAX_HEADER_SIZE):
2025-01-13T17:57:37.6780470Z         """
2025-01-13T17:57:37.6780790Z         Load arrays or pickled objects from ``.npy``, ``.npz`` or pickled files.
2025-01-13T17:57:37.6781100Z     
2025-01-13T17:57:37.6781430Z         .. warning:: Loading files that contain object arrays uses the ``pickle``
2025-01-13T17:57:37.6781830Z                      module, which is not secure against erroneous or maliciously
2025-01-13T17:57:37.6782200Z                      constructed data. Consider passing ``allow_pickle=False`` to
2025-01-13T17:57:37.6782560Z                      load data that is known not to contain object arrays for the
2025-01-13T17:57:37.6783140Z                      safer handling of untrusted sources.
2025-01-13T17:57:37.6783350Z     
2025-01-13T17:57:37.6783460Z         Parameters
2025-01-13T17:57:37.6783600Z         ----------
2025-01-13T17:57:37.6783790Z         file : file-like object, string, or pathlib.Path
2025-01-13T17:57:37.6784110Z             The file to read. File-like objects must support the
2025-01-13T17:57:37.6784370Z             ``seek()`` and ``read()`` methods and must always
2025-01-13T17:57:37.6784640Z             be opened in binary mode.  Pickled files require that the
2025-01-13T17:57:37.6784930Z             file-like object support the ``readline()`` method as well.
2025-01-13T17:57:37.6785260Z         mmap_mode : {None, 'r+', 'r', 'w+', 'c'}, optional
2025-01-13T17:57:37.6785540Z             If not None, then memory-map the file, using the given mode (see
2025-01-13T17:57:37.6785850Z             `numpy.memmap` for a detailed description of the modes).  A
2025-01-13T17:57:37.6786180Z             memory-mapped array is kept on disk. However, it can be accessed
2025-01-13T17:57:37.6786500Z             and sliced like any ndarray.  Memory mapping is especially useful
2025-01-13T17:57:37.6786840Z             for accessing small fragments of large files without reading the
2025-01-13T17:57:37.6787100Z             entire file into memory.
2025-01-13T17:57:37.6787290Z         allow_pickle : bool, optional
2025-01-13T17:57:37.6787640Z             Allow loading pickled object arrays stored in npy files. Reasons for
2025-01-13T17:57:37.6788040Z             disallowing pickles include security, as loading pickled data can
2025-01-13T17:57:37.6788390Z             execute arbitrary code. If pickles are disallowed, loading object
2025-01-13T17:57:37.6788760Z             arrays will fail. Default: False
2025-01-13T17:57:37.6789000Z     
2025-01-13T17:57:37.6789250Z             .. versionchanged:: 1.16.3
2025-01-13T17:57:37.6789570Z                 Made default False in response to CVE-2019-6446.
2025-01-13T17:57:37.6789840Z     
2025-01-13T17:57:37.6790040Z         fix_imports : bool, optional
2025-01-13T17:57:37.6790750Z             Only useful when loading Python 2 generated pickled files on Python 3,
2025-01-13T17:57:37.6791240Z             which includes npy/npz files containing object arrays. If `fix_imports`
2025-01-13T17:57:37.6791640Z             is True, pickle will try to map the old Python 2 names to the new names
2025-01-13T17:57:37.6792010Z             used in Python 3.
2025-01-13T17:57:37.6792240Z         encoding : str, optional
2025-01-13T17:57:37.6792620Z             What encoding to use when reading Python 2 strings. Only useful when
2025-01-13T17:57:37.6792980Z             loading Python 2 generated pickled files in Python 3, which includes
2025-01-13T17:57:37.6793370Z             npy/npz files containing object arrays. Values other than 'latin1',
2025-01-13T17:57:37.6793770Z             'ASCII', and 'bytes' are not allowed, as they can corrupt numerical
2025-01-13T17:57:37.6794050Z             data. Default: 'ASCII'
2025-01-13T17:57:37.6794240Z         max_header_size : int, optional
2025-01-13T17:57:37.6794500Z             Maximum allowed size of the header.  Large headers may not be safe
2025-01-13T17:57:37.6794840Z             to load securely and thus require explicitly passing a larger value.
2025-01-13T17:57:37.6795130Z             See :py:func:`ast.literal_eval()` for details.
2025-01-13T17:57:37.6795430Z             This option is ignored when `allow_pickle` is passed.  In that case
2025-01-13T17:57:37.6795740Z             the file is by definition trusted and the limit is unnecessary.
2025-01-13T17:57:37.6795980Z     
2025-01-13T17:57:37.6796090Z         Returns
2025-01-13T17:57:37.6796220Z         -------
2025-01-13T17:57:37.6796370Z         result : array, tuple, dict, etc.
2025-01-13T17:57:37.6796630Z             Data stored in the file. For ``.npz`` files, the returned instance
2025-01-13T17:57:37.6796960Z             of NpzFile class must be closed to avoid leaking file descriptors.
2025-01-13T17:57:37.6797450Z     
2025-01-13T17:57:37.6797570Z         Raises
2025-01-13T17:57:37.6797700Z         ------
2025-01-13T17:57:37.6797830Z         OSError
2025-01-13T17:57:37.6798000Z             If the input file does not exist or cannot be read.
2025-01-13T17:57:37.6798220Z         UnpicklingError
2025-01-13T17:57:37.6798450Z             If ``allow_pickle=True``, but the file cannot be loaded as a pickle.
2025-01-13T17:57:37.6798690Z         ValueError
2025-01-13T17:57:37.6798910Z             The file contains an object array, but ``allow_pickle=False`` given.
2025-01-13T17:57:37.6799160Z         EOFError
2025-01-13T17:57:37.6799360Z             When calling ``np.load`` multiple times on the same file handle,
2025-01-13T17:57:37.6799620Z             if all data has already been read
2025-01-13T17:57:37.6799810Z     
2025-01-13T17:57:37.6799910Z         See Also
2025-01-13T17:57:37.6800040Z         --------
2025-01-13T17:57:37.6800200Z         save, savez, savez_compressed, loadtxt
2025-01-13T17:57:37.6800480Z         memmap : Create a memory-map to an array stored in a file on disk.
2025-01-13T17:57:37.6800830Z         lib.format.open_memmap : Create or load a memory-mapped ``.npy`` file.
2025-01-13T17:57:37.6801090Z     
2025-01-13T17:57:37.6801190Z         Notes
2025-01-13T17:57:37.6801320Z         -----
2025-01-13T17:57:37.6801520Z         - If the file contains pickle data, then whatever object is stored
2025-01-13T17:57:37.6801780Z           in the pickle is returned.
2025-01-13T17:57:37.6802020Z         - If the file is a ``.npy`` file, then a single array is returned.
2025-01-13T17:57:37.6802330Z         - If the file is a ``.npz`` file, then a dictionary-like object is
2025-01-13T17:57:37.6802650Z           returned, containing ``{filename: array}`` key-value pairs, one for
2025-01-13T17:57:37.6802920Z           each file in the archive.
2025-01-13T17:57:37.6803160Z         - If the file is a ``.npz`` file, the returned value supports the
2025-01-13T17:57:37.6803510Z           context manager protocol in a similar fashion to the open function::
2025-01-13T17:57:37.6803760Z     
2025-01-13T17:57:37.6804150Z             with load('foo.npz') as data:
2025-01-13T17:57:37.6804460Z                 a = data['a']
2025-01-13T17:57:37.6804610Z     
2025-01-13T17:57:37.6804870Z           The underlying file descriptor is closed when exiting the 'with'
2025-01-13T17:57:37.6805120Z           block.
2025-01-13T17:57:37.6805240Z     
2025-01-13T17:57:37.6805350Z         Examples
2025-01-13T17:57:37.6805480Z         --------
2025-01-13T17:57:37.6805630Z         Store data to disk, and load it again:
2025-01-13T17:57:37.6805810Z     
2025-01-13T17:57:37.6805970Z         >>> np.save('/tmp/123', np.array([[1, 2, 3], [4, 5, 6]]))
2025-01-13T17:57:37.6806200Z         >>> np.load('/tmp/123.npy')
2025-01-13T17:57:37.6806380Z         array([[1, 2, 3],
2025-01-13T17:57:37.6806530Z                [4, 5, 6]])
2025-01-13T17:57:37.6806670Z     
2025-01-13T17:57:37.6806830Z         Store compressed data to disk, and load it again:
2025-01-13T17:57:37.6807040Z     
2025-01-13T17:57:37.6807170Z         >>> a=np.array([[1, 2, 3], [4, 5, 6]])
2025-01-13T17:57:37.6807350Z         >>> b=np.array([1, 2])
2025-01-13T17:57:37.6807550Z         >>> np.savez('/tmp/123.npz', a=a, b=b)
2025-01-13T17:57:37.6807750Z         >>> data = np.load('/tmp/123.npz')
2025-01-13T17:57:37.6807930Z         >>> data['a']
2025-01-13T17:57:37.6808070Z         array([[1, 2, 3],
2025-01-13T17:57:37.6808220Z                [4, 5, 6]])
2025-01-13T17:57:37.6808370Z         >>> data['b']
2025-01-13T17:57:37.6808510Z         array([1, 2])
2025-01-13T17:57:37.6808660Z         >>> data.close()
2025-01-13T17:57:37.6808800Z     
2025-01-13T17:57:37.6808970Z         Mem-map the stored array, and then access the second row
2025-01-13T17:57:37.6809210Z         directly from disk:
2025-01-13T17:57:37.6809360Z     
2025-01-13T17:57:37.6809500Z         >>> X = np.load('/tmp/123.npy', mmap_mode='r')
2025-01-13T17:57:37.6809690Z         >>> X[1, :]
2025-01-13T17:57:37.6809990Z         memmap([4, 5, 6])
2025-01-13T17:57:37.6810130Z     
2025-01-13T17:57:37.6810240Z         """
2025-01-13T17:57:37.6810410Z         if encoding not in ('ASCII', 'latin1', 'bytes'):
2025-01-13T17:57:37.6810680Z             # The 'encoding' value for pickle also affects what encoding
2025-01-13T17:57:37.6810970Z             # the serialized binary data of NumPy arrays is loaded
2025-01-13T17:57:37.6811250Z             # in. Pickle does not pass on the encoding information to
2025-01-13T17:57:37.6811530Z             # NumPy. The unpickling code in numpy.core.multiarray is
2025-01-13T17:57:37.6811820Z             # written to assume that unicode data appearing where binary
2025-01-13T17:57:37.6812130Z             # should be is in 'latin1'. 'bytes' is also safe, as is 'ASCII'.
2025-01-13T17:57:37.6812350Z             #
2025-01-13T17:57:37.6812530Z             # Other encoding values can corrupt binary data, and we
2025-01-13T17:57:37.6812830Z             # purposefully disallow them. For the same reason, the errors=
2025-01-13T17:57:37.6813140Z             # argument is not exposed, as values other than 'strict'
2025-01-13T17:57:37.6813420Z             # result can similarly silently corrupt numerical data.
2025-01-13T17:57:37.6813730Z             raise ValueError("encoding must be 'ASCII', 'latin1', or 'bytes'")
2025-01-13T17:57:37.6813970Z     
2025-01-13T17:57:37.6814170Z         pickle_kwargs = dict(encoding=encoding, fix_imports=fix_imports)
2025-01-13T17:57:37.6814410Z     
2025-01-13T17:57:37.6814550Z         with contextlib.ExitStack() as stack:
2025-01-13T17:57:37.6814760Z             if hasattr(file, 'read'):
2025-01-13T17:57:37.6814940Z                 fid = file
2025-01-13T17:57:37.6815100Z                 own_fid = False
2025-01-13T17:57:37.6815260Z             else:
2025-01-13T17:57:37.6815460Z >               fid = stack.enter_context(open(os_fspath(file), "rb"))
2025-01-13T17:57:37.6816020Z E               FileNotFoundError: [Errno 2] No such file or directory: '/Users/runner/work/tardis/tardis/tardis-regression-data/test_tau_sobolev/test_calculate_beta_sobolevs.npy'
2025-01-13T17:57:37.6816470Z 
2025-01-13T17:57:37.6816960Z ../../../micromamba/envs/tardis/lib/python3.12/site-packages/numpy/lib/npyio.py:427: FileNotFoundError
2025-01-13T17:57:37.6817360Z =============================== warnings summary ===============================
2025-01-13T17:57:37.6817610Z tardis/io/configuration/config_validator.py:6
2025-01-13T17:57:37.6817840Z tardis/io/configuration/config_validator.py:6
2025-01-13T17:57:37.6818240Z   /Users/runner/work/tardis/tardis/tardis/io/configuration/config_validator.py:6: DeprecationWarning:
2025-01-13T17:57:37.6818610Z   
2025-01-13T17:57:37.6819580Z   jsonschema.RefResolver is deprecated as of v4.18.0, in favor of the https://github.com/python-jsonschema/referencing library, which provides more compliant referencing behavior as well as more flexible APIs for customization. A future release will remove RefResolver. Please file a feature request (on referencing) if you are missing an API for the kind of customization you need.
2025-01-13T17:57:37.6820800Z 
2025-01-13T17:57:37.6821010Z ../../../micromamba/envs/tardis/lib/python3.12/site-packages/jupyter_client/connect.py:22
2025-01-13T17:57:37.6821560Z   /Users/runner/micromamba/envs/tardis/lib/python3.12/site-packages/jupyter_client/connect.py:22: DeprecationWarning:
2025-01-13T17:57:37.6821960Z   
2025-01-13T17:57:37.6822140Z   Jupyter is migrating its paths to use standard platformdirs
2025-01-13T17:57:37.6822450Z   given by the platformdirs library.  To remove this warning and
2025-01-13T17:57:37.6822770Z   see the appropriate new directories, set the environment variable
2025-01-13T17:57:37.6823090Z   `JUPYTER_PLATFORM_DIRS=1` and then run `jupyter --paths`.
2025-01-13T17:57:37.6823390Z   The use of platformdirs will be the default in `jupyter_core` v6
2025-01-13T17:57:37.6823590Z 
2025-01-13T17:57:37.6823730Z tardis/io/tests/test_HDFWriter.py::test_multi_index_write
2025-01-13T17:57:37.6824860Z tardis/visualization/widgets/tests/test_shell_info.py::TestHDFShellInfo::test_shells_data
2025-01-13T17:57:37.6825310Z   /Users/runner/work/tardis/tardis/tardis/io/util.py:276: PerformanceWarning:
2025-01-13T17:57:37.6825600Z   
2025-01-13T17:57:37.6825700Z   
2025-01-13T17:57:37.6825930Z   your performance may suffer as PyTables will pickle object types that it cannot
2025-01-13T17:57:37.6826360Z   map directly to c-types [inferred_type->mixed,key->block0_values] [items->Index([0], dtype='int64')]
2025-01-13T17:57:37.6826640Z 
2025-01-13T17:57:37.6826790Z tardis/io/tests/test_model_reader.py::test_read_cmfgen_isotope_abundances
2025-01-13T17:57:37.6827190Z tardis/plasma/tests/test_tardis_model_density_config.py::test_electron_densities
2025-01-13T17:57:37.6827610Z tardis/plasma/tests/test_tardis_model_density_config.py::test_isotope_number_densities
2025-01-13T17:57:37.6828000Z tardis/plasma/tests/test_tardis_model_density_config.py::test_t_rad
2025-01-13T17:57:37.6828460Z   /Users/runner/work/tardis/tardis/tardis/io/model/readers/cmfgen_deprecated.py:82: DeprecationWarning:
2025-01-13T17:57:37.6828830Z   
2025-01-13T17:57:37.6828970Z   The current CMFGEN model parser is deprecated
2025-01-13T17:57:37.6829130Z 
2025-01-13T17:57:37.6829220Z tardis/io/tests/test_model_reader.py: 1 warning
2025-01-13T17:57:37.6829510Z tardis/plasma/tests/test_tardis_model_density_config.py: 9 warnings
2025-01-13T17:57:37.6829960Z   /Users/runner/work/tardis/tardis/tardis/io/model/readers/cmfgen_deprecated.py:40: DeprecationWarning:
2025-01-13T17:57:37.6830330Z   
2025-01-13T17:57:37.6830470Z   The current CMFGEN model parser is deprecated
2025-01-13T17:57:37.6830620Z 
2025-01-13T17:57:37.6830780Z tardis/model/tests/test_base.py::TestModelFromPaper1Config::test_abundances
2025-01-13T17:57:37.6831300Z   /Users/runner/work/tardis/tardis/tardis/transport/montecarlo/montecarlo_main_loop.py:123: NumbaTypeSafetyWarning:
2025-01-13T17:57:37.6831700Z   
2025-01-13T17:57:37.6832150Z   [1m[1m[1munsafe cast from uint64 to int64. Precision may be lost.[0m[0m[0m
2025-01-13T17:57:37.6832370Z 
2025-01-13T17:57:37.6832450Z tardis/model/tests/test_base.py: 6 warnings
2025-01-13T17:57:37.6833020Z tardis/model/tests/test_csvy_model.py: 2 warnings
2025-01-13T17:57:37.6833320Z tardis/plasma/tests/test_tardis_model_density_config.py: 3 warnings
2025-01-13T17:57:37.6833730Z   /Users/runner/work/tardis/tardis/tardis/model/geometry/radial1d.py:50: DeprecationWarning:
2025-01-13T17:57:37.6834060Z   
2025-01-13T17:57:37.6834200Z   v_inner_boundary < 0, assuming default value
2025-01-13T17:57:37.6834350Z 
2025-01-13T17:57:37.6834430Z tardis/model/tests/test_base.py: 6 warnings
2025-01-13T17:57:37.6834660Z tardis/model/tests/test_csvy_model.py: 2 warnings
2025-01-13T17:57:37.6834950Z tardis/plasma/tests/test_tardis_model_density_config.py: 3 warnings
2025-01-13T17:57:37.6835360Z   /Users/runner/work/tardis/tardis/tardis/model/geometry/radial1d.py:61: DeprecationWarning:
2025-01-13T17:57:37.6835680Z   
2025-01-13T17:57:37.6835830Z   v_outer_boundary < 0, assuming default value
2025-01-13T17:57:37.6835980Z 
2025-01-13T17:57:37.6836340Z tardis/plasma/equilibrium/tests/test_level_populations.py::TestLevelPopulationSolver::test_solve[collisional_rate_solver0-radiative_transitions0]
2025-01-13T17:57:37.6837010Z   /Users/runner/work/tardis/tardis/tardis/plasma/equilibrium/level_populations.py:65: FutureWarning:
2025-01-13T17:57:37.6837360Z   
2025-01-13T17:57:37.6837640Z   A value is trying to be set on a copy of a DataFrame or Series through chained assignment using an inplace method.
2025-01-13T17:57:37.6838260Z   The behavior will change in pandas 3.0. This inplace method will never work because the intermediate object on which we are setting values always behaves as a copy.
2025-01-13T17:57:37.6838720Z   
2025-01-13T17:57:37.6839190Z   For example, when doing 'df[col].method(value, inplace=True)', try using 'df.method({col: value}, inplace=True)' or df[col] = df[col].method(value) instead, to perform the operation inplace on the original object.
2025-01-13T17:57:37.6839840Z 
2025-01-13T17:57:37.6839960Z tardis/plasma/tests/test_complete_plasmas.py: 20 warnings
2025-01-13T17:57:37.6840360Z   /Users/runner/work/tardis/tardis/tardis/plasma/tests/test_complete_plasmas.py:197: UserWarning:
2025-01-13T17:57:37.6840710Z   
2025-01-13T17:57:37.6840840Z   Property "atomic_mass" not found
2025-01-13T17:57:37.6840960Z 
2025-01-13T17:57:37.6841310Z tardis/plasma/tests/test_complete_plasmas.py::TestPlasma::test_plasma_properties[radiative_rates_type:detailed-w_epsilon:1e-10-j_blues_norm_factor]
2025-01-13T17:57:37.6842020Z tardis/plasma/tests/test_complete_plasmas.py::TestPlasma::test_plasma_properties[radiative_rates_type:detailed-j_blues_norm_factor]
2025-01-13T17:57:37.6842600Z   /Users/runner/work/tardis/tardis/tardis/plasma/tests/test_complete_plasmas.py:197: UserWarning:
2025-01-13T17:57:37.6842940Z   
2025-01-13T17:57:37.6843080Z   Property "j_blues_norm_factor" not found
2025-01-13T17:57:37.6843220Z 
2025-01-13T17:57:37.6843540Z tardis/plasma/tests/test_complete_plasmas.py::TestPlasma::test_plasma_properties[radiative_rates_type:detailed-w_epsilon:1e-10-j_blue_estimator]
2025-01-13T17:57:37.6844230Z tardis/plasma/tests/test_complete_plasmas.py::TestPlasma::test_plasma_properties[radiative_rates_type:detailed-j_blue_estimator]
2025-01-13T17:57:37.6844940Z   /Users/runner/work/tardis/tardis/tardis/plasma/tests/test_complete_plasmas.py:197: UserWarning:
2025-01-13T17:57:37.6845270Z   
2025-01-13T17:57:37.6845410Z   Property "j_blue_estimator" not found
2025-01-13T17:57:37.6845540Z 
2025-01-13T17:57:37.6845850Z tardis/plasma/tests/test_complete_plasmas.py::TestPlasma::test_plasma_properties[radiative_rates_type:detailed-w_epsilon:1e-10-volume]
2025-01-13T17:57:37.6846780Z tardis/plasma/tests/test_complete_plasmas.py::TestPlasma::test_plasma_properties[radiative_rates_type:detailed-volume]
2025-01-13T17:57:37.6847350Z   /Users/runner/work/tardis/tardis/tardis/plasma/tests/test_complete_plasmas.py:197: UserWarning:
2025-01-13T17:57:37.6847690Z   
2025-01-13T17:57:37.6847810Z   Property "volume" not found
2025-01-13T17:57:37.6847940Z 
2025-01-13T17:57:37.6848250Z tardis/plasma/tests/test_complete_plasmas.py::TestPlasma::test_plasma_properties[radiative_rates_type:detailed-w_epsilon:1e-10-r_inner]
2025-01-13T17:57:37.6849210Z tardis/plasma/tests/test_complete_plasmas.py::TestPlasma::test_plasma_properties[radiative_rates_type:detailed-r_inner]
2025-01-13T17:57:37.6849770Z   /Users/runner/work/tardis/tardis/tardis/plasma/tests/test_complete_plasmas.py:197: UserWarning:
2025-01-13T17:57:37.6850110Z   
2025-01-13T17:57:37.6850230Z   Property "r_inner" not found
2025-01-13T17:57:37.6850350Z 
2025-01-13T17:57:37.6850510Z tardis/plasma/tests/test_plasma_vboundary.py::test_plasma_vboundary[2900-3750]
2025-01-13T17:57:37.6850920Z tardis/plasma/tests/test_plasma_vboundary.py::test_plasma_vboundary[2900-3850]
2025-01-13T17:57:37.6851320Z tardis/plasma/tests/test_plasma_vboundary.py::test_plasma_vboundary[2900-3900]
2025-01-13T17:57:37.6851740Z   /Users/runner/work/tardis/tardis/tardis/model/geometry/radial1d.py:71: UserWarning:
2025-01-13T17:57:37.6852400Z   
2025-01-13T17:57:37.6860870Z   Requesting inner boundary below inner shell. Extrapolating the inner cell
2025-01-13T17:57:37.6861130Z 
2025-01-13T17:57:37.6861320Z tardis/spectrum/tests/test_spectrum_solver.py::TestSpectrumSolver::test_solve
2025-01-13T17:57:37.6861720Z   /Users/runner/work/tardis/tardis/tardis/spectrum/base.py:70: UserWarning:
2025-01-13T17:57:37.6862000Z   
2025-01-13T17:57:37.6862320Z   SpectrumSolver.spectrum_virtual_packets is zero. Please run the montecarlo simulation with no_of_virtual_packets > 0
2025-01-13T17:57:37.6862640Z 
2025-01-13T17:57:37.6862810Z tardis/spectrum/tests/test_spectrum_solver.py::TestSpectrumSolver::test_solve
2025-01-13T17:57:37.6863210Z   /Users/runner/work/tardis/tardis/tardis/spectrum/base.py:111: UserWarning:
2025-01-13T17:57:37.6863480Z   
2025-01-13T17:57:37.6863820Z   SpectrumSolver.integrator: The FormalIntegrator is not yet available.Please run the montecarlo simulation at least once.
2025-01-13T17:57:37.6864480Z 
2025-01-13T17:57:37.6864650Z tardis/transport/montecarlo/tests/test_vpacket.py::test_trace_vpacket_volley
2025-01-13T17:57:37.6864980Z   <string>:3: NumbaPendingDeprecationWarning:
2025-01-13T17:57:37.6865180Z   
2025-01-13T17:57:37.6866200Z   [1m[1mCode using Numba extension API maybe depending on 'old_style' error-capturing, which is deprecated and will be replaced by 'new_style' in a future release. See details at https://numba.readthedocs.io/en/latest/reference/deprecation.html#deprecation-of-old-style-numba-captured-errors
2025-01-13T17:57:37.6867000Z   Exception origin:
2025-01-13T17:57:37.6867300Z     File "/Users/runner/micromamba/envs/tardis/lib/python3.12/inspect.py", line 3180, in _bind
2025-01-13T17:57:37.6867630Z       raise TypeError(msg) from None
2025-01-13T17:57:37.6867820Z   [0m[0m
2025-01-13T17:57:37.6867900Z 
2025-01-13T17:57:37.6868160Z tardis/visualization/tools/tests/test_sdec_plot.py::TestSDECPlotter::test_mpl_image[plotter_generate_plot_mpl4]
2025-01-13T17:57:37.6868720Z   /Users/runner/work/tardis/tardis/tardis/visualization/tools/sdec_plot.py:1225: RuntimeWarning:
2025-01-13T17:57:37.6869050Z   
2025-01-13T17:57:37.6869790Z   More than 20 figures have been opened. Figures created through the pyplot interface (`matplotlib.pyplot.figure`) are retained until explicitly closed and may consume too much memory. (To control this warning, see the rcParam `figure.max_open_warning`). Consider using `matplotlib.pyplot.close()`.
2025-01-13T17:57:37.6870510Z 
2025-01-13T17:57:37.6870790Z tardis/visualization/widgets/tests/test_custom_abundance.py::TestCustomAbundanceWidget::test_update_input_item_value
2025-01-13T17:57:37.6871400Z tardis/visualization/widgets/tests/test_custom_abundance.py::TestCustomAbundanceWidget::test_update_input_item_value
2025-01-13T17:57:37.6872010Z tardis/visualization/widgets/tests/test_custom_abundance.py::TestCustomAbundanceWidget::test_update_input_item_value
2025-01-13T17:57:37.6872620Z tardis/visualization/widgets/tests/test_custom_abundance.py::TestCustomAbundanceWidget::test_update_input_item_value
2025-01-13T17:57:37.6873230Z tardis/visualization/widgets/tests/test_custom_abundance.py::TestCustomAbundanceWidget::test_update_input_item_value
2025-01-13T17:57:37.6874160Z tardis/visualization/widgets/tests/test_custom_abundance.py::TestCustomAbundanceWidget::test_update_input_item_value
2025-01-13T17:57:37.6874770Z   /Users/runner/micromamba/envs/tardis/lib/python3.12/site-packages/traitlets/traitlets.py:1385: DeprecationWarning:
2025-01-13T17:57:37.6875170Z   
2025-01-13T17:57:37.6875390Z   Passing unrecognized arguments to super(Checkbox).__init__(icon='lock').
2025-01-13T17:57:37.6875750Z   object.__init__() takes exactly one argument (the instance to initialize)
2025-01-13T17:57:37.6876150Z   This is deprecated in traitlets 4.2.This error will be raised in a future release of traitlets.
2025-01-13T17:57:37.6876410Z 
2025-01-13T17:57:37.6876690Z tardis/visualization/widgets/tests/test_custom_abundance.py::TestCustomAbundanceWidget::test_update_input_item_value
2025-01-13T17:57:37.6877300Z tardis/visualization/widgets/tests/test_custom_abundance.py::TestCustomAbundanceWidget::test_update_input_item_value
2025-01-13T17:57:37.6877920Z   /Users/runner/micromamba/envs/tardis/lib/python3.12/site-packages/traitlets/traitlets.py:1385: DeprecationWarning:
2025-01-13T17:57:37.6878300Z   
2025-01-13T17:57:37.6878500Z   Passing unrecognized arguments to super(FloatText).__init__(min=0).
2025-01-13T17:57:37.6878860Z   object.__init__() takes exactly one argument (the instance to initialize)
2025-01-13T17:57:37.6879250Z   This is deprecated in traitlets 4.2.This error will be raised in a future release of traitlets.
2025-01-13T17:57:37.6879510Z 
2025-01-13T17:57:37.6879790Z tardis/visualization/widgets/tests/test_custom_abundance.py::TestCustomAbundanceWidget::test_update_input_item_value
2025-01-13T17:57:37.6880400Z   /Users/runner/micromamba/envs/tardis/lib/python3.12/site-packages/traitlets/traitlets.py:1385: DeprecationWarning:
2025-01-13T17:57:37.6880850Z   
2025-01-13T17:57:37.6881060Z   Passing unrecognized arguments to super(HTML).__init__(indent=True).
2025-01-13T17:57:37.6881420Z   object.__init__() takes exactly one argument (the instance to initialize)
2025-01-13T17:57:37.6881820Z   This is deprecated in traitlets 4.2.This error will be raised in a future release of traitlets.
2025-01-13T17:57:37.6882070Z 
2025-01-13T17:57:37.6882400Z tardis/visualization/widgets/tests/test_line_info.py::TestLineInfoWidgetData::test_get_species_interactions[wavelength_range0-packet_out_nu]
2025-01-13T17:57:37.6883060Z   /Users/runner/micromamba/envs/tardis/lib/python3.12/site-packages/qgridnext/grid.py:825: DeprecationWarning:
2025-01-13T17:57:37.6883420Z   
2025-01-13T17:57:37.6883710Z   QgridWidget._grid_options_changed is deprecated in traitlets 4.1: use @observe and @unobserve instead.
2025-01-13T17:57:37.6884000Z 
2025-01-13T17:57:37.6884200Z tardis/visualization/widgets/tests/test_shell_info.py::TestHDFShellInfo::test_shells_data
2025-01-13T17:57:37.6884640Z   /Users/runner/work/tardis/tardis/tardis/io/util.py:289: PerformanceWarning:
2025-01-13T17:57:37.6884930Z   
2025-01-13T17:57:37.6885040Z   
2025-01-13T17:57:37.6885260Z   your performance may suffer as PyTables will pickle object types that it cannot
2025-01-13T17:57:37.6885690Z   map directly to c-types [inferred_type->mixed,key->block0_values] [items->Index([0], dtype='int64')]
2025-01-13T17:57:37.6885970Z 
2025-01-13T17:57:37.6886170Z tardis/visualization/widgets/tests/test_shell_info.py::TestHDFShellInfo::test_shells_data
2025-01-13T17:57:37.6886790Z   /Users/runner/work/tardis/tardis/tardis/io/util.py:292: PerformanceWarning:
2025-01-13T17:57:37.6887070Z   
2025-01-13T17:57:37.6887190Z   
2025-01-13T17:57:37.6887410Z   your performance may suffer as PyTables will pickle object types that it cannot
2025-01-13T17:57:37.6887770Z   map directly to c-types [inferred_type->mixed,key->values] [items->None]
2025-01-13T17:57:37.6887980Z 
2025-01-13T17:57:37.6888190Z tardis/visualization/widgets/tests/test_shell_info.py::TestHDFShellInfo::test_shells_data
2025-01-13T17:57:37.6888650Z   /Users/runner/work/tardis/tardis/tardis/spectrum/formal_integral.py:398: UserWarning:
2025-01-13T17:57:37.6889280Z   
2025-01-13T17:57:37.6889490Z   The number of interpolate_shells was not specified. The value was set to 80.
2025-01-13T17:57:37.6889710Z 
2025-01-13T17:57:37.6889870Z -- Docs: https://docs.pytest.org/en/stable/how-to/capture-warnings.html
2025-01-13T17:57:37.6890090Z 
2025-01-13T17:57:37.6890220Z ---------- coverage: platform darwin, python 3.12.4-final-0 ----------
2025-01-13T17:57:37.6890510Z Coverage HTML written to dir coverage_html_report
2025-01-13T17:57:37.6890740Z Coverage XML written to file coverage.xml
2025-01-13T17:57:37.6890880Z 
2025-01-13T17:57:37.6890980Z =========================== short test summary info ============================
2025-01-13T17:57:37.6891730Z FAILED tardis/opacities/tests/test_tau_sobolev.py::test_calculate_sobolev_line_opacity - FileNotFoundError: File /Users/runner/work/tardis/tardis/tardis-regression-data/test_tau_sobolev/test_calculate_sobolev_line_opacity.h5 does not exist
2025-01-13T17:57:37.6892970Z FAILED tardis/opacities/tests/test_tau_sobolev.py::test_calculate_beta_sobolevs - FileNotFoundError: [Errno 2] No such file or directory: '/Users/runner/work/tardis/tardis/tardis-regression-data/test_tau_sobolev/test_calculate_beta_sobolevs.npy'
2025-01-13T17:57:37.6893820Z = 2 failed, 1436 passed, 329 skipped, 2 deselected, 19 xfailed, 8 xpassed, 91 warnings in 790.75s (0:13:10) =
2025-01-13T17:57:39.7483040Z ##[error]Process completed with exit code 1.
