2025-01-13T15:18:33.3328240Z Requested labels: ubuntu-latest
2025-01-13T15:18:33.3328551Z Job defined at: tardis-sn/tardis/.github/workflows/tests.yml@refs/heads/master
2025-01-13T15:18:33.3328662Z Waiting for a runner to pick up this job...
2025-01-13T15:18:33.5186424Z Job is waiting for a hosted runner to come online.
2025-01-13T15:18:38.2659070Z Job is about to start running on the hosted runner: GitHub Actions 20 (hosted)
2025-01-13T15:18:40.5970868Z Current runner version: '2.321.0'
2025-01-13T15:18:40.6012297Z ##[group]Operating System
2025-01-13T15:18:40.6013057Z Ubuntu
2025-01-13T15:18:40.6013656Z 24.04.1
2025-01-13T15:18:40.6014173Z LTS
2025-01-13T15:18:40.6014658Z ##[endgroup]
2025-01-13T15:18:40.6015233Z ##[group]Runner Image
2025-01-13T15:18:40.6015976Z Image: ubuntu-24.04
2025-01-13T15:18:40.6016507Z Version: 20250105.1.0
2025-01-13T15:18:40.6017643Z Included Software: https://github.com/actions/runner-images/blob/ubuntu24/20250105.1/images/ubuntu/Ubuntu2404-Readme.md
2025-01-13T15:18:40.6018954Z Image Release: https://github.com/actions/runner-images/releases/tag/ubuntu24%2F20250105.1
2025-01-13T15:18:40.6019864Z ##[endgroup]
2025-01-13T15:18:40.6020490Z ##[group]Runner Image Provisioner
2025-01-13T15:18:40.6021102Z 2.0.404.1
2025-01-13T15:18:40.6021541Z ##[endgroup]
2025-01-13T15:18:40.6023802Z ##[group]GITHUB_TOKEN Permissions
2025-01-13T15:18:40.6025978Z Actions: write
2025-01-13T15:18:40.6026843Z Attestations: write
2025-01-13T15:18:40.6027578Z Checks: write
2025-01-13T15:18:40.6028076Z Contents: write
2025-01-13T15:18:40.6028606Z Deployments: write
2025-01-13T15:18:40.6029197Z Discussions: write
2025-01-13T15:18:40.6029751Z Issues: write
2025-01-13T15:18:40.6030230Z Metadata: read
2025-01-13T15:18:40.6030805Z Packages: write
2025-01-13T15:18:40.6031352Z Pages: write
2025-01-13T15:18:40.6031847Z PullRequests: write
2025-01-13T15:18:40.6032427Z RepositoryProjects: write
2025-01-13T15:18:40.6033040Z SecurityEvents: write
2025-01-13T15:18:40.6033605Z Statuses: write
2025-01-13T15:18:40.6034125Z ##[endgroup]
2025-01-13T15:18:40.6037168Z Secret source: Actions
2025-01-13T15:18:40.6037901Z Prepare workflow directory
2025-01-13T15:18:40.6565122Z Prepare all required actions
2025-01-13T15:18:40.6601419Z Getting action download info
2025-01-13T15:18:40.8890083Z Download action repository 'actions/checkout@v4' (SHA:11bd71901bbe5b1630ceea73d27597364c9af683)
2025-01-13T15:18:40.9761118Z Download action repository 'actions/upload-artifact@v4' (SHA:65c4c4a1ddee5b72f698fdd19549f0f0fb45cf08)
2025-01-13T15:18:41.6508640Z Complete job name: not continuum ubuntu-latest 
2025-01-13T15:18:41.7198927Z ##[group]Run actions/checkout@v4
2025-01-13T15:18:41.7199857Z with:
2025-01-13T15:18:41.7200311Z   repository: tardis-sn/tardis
2025-01-13T15:18:41.7201102Z   token: ***
2025-01-13T15:18:41.7201526Z   ssh-strict: true
2025-01-13T15:18:41.7201976Z   ssh-user: git
2025-01-13T15:18:41.7202434Z   persist-credentials: true
2025-01-13T15:18:41.7202933Z   clean: true
2025-01-13T15:18:41.7203385Z   sparse-checkout-cone-mode: true
2025-01-13T15:18:41.7203925Z   fetch-depth: 1
2025-01-13T15:18:41.7204392Z   fetch-tags: false
2025-01-13T15:18:41.7204852Z   show-progress: true
2025-01-13T15:18:41.7205313Z   lfs: false
2025-01-13T15:18:41.7205940Z   submodules: false
2025-01-13T15:18:41.7206408Z   set-safe-directory: true
2025-01-13T15:18:41.7207152Z env:
2025-01-13T15:18:41.7207571Z   CACHE_NUMBER: 0
2025-01-13T15:18:41.7208811Z   PYTEST_FLAGS: --tardis-regression-data=/home/runner/work/tardis/tardis/tardis-regression-data --cov=tardis --cov-report=xml --cov-report=html --cov-append
2025-01-13T15:18:41.7210322Z   CODECOV_TOKEN: ***
2025-01-13T15:18:41.7210778Z ##[endgroup]
2025-01-13T15:18:41.9056552Z Syncing repository: tardis-sn/tardis
2025-01-13T15:18:41.9058397Z ##[group]Getting Git version info
2025-01-13T15:18:41.9059078Z Working directory is '/home/runner/work/tardis/tardis'
2025-01-13T15:18:41.9060127Z [command]/usr/bin/git version
2025-01-13T15:18:41.9107183Z git version 2.47.1
2025-01-13T15:18:41.9134561Z ##[endgroup]
2025-01-13T15:18:41.9156076Z Temporarily overriding HOME='/home/runner/work/_temp/711a239c-911a-4edc-8365-64d306b39013' before making global git config changes
2025-01-13T15:18:41.9157448Z Adding repository directory to the temporary git global config as a safe directory
2025-01-13T15:18:41.9161404Z [command]/usr/bin/git config --global --add safe.directory /home/runner/work/tardis/tardis
2025-01-13T15:18:41.9196639Z Deleting the contents of '/home/runner/work/tardis/tardis'
2025-01-13T15:18:41.9200809Z ##[group]Initializing the repository
2025-01-13T15:18:41.9204507Z [command]/usr/bin/git init /home/runner/work/tardis/tardis
2025-01-13T15:18:41.9283937Z hint: Using 'master' as the name for the initial branch. This default branch name
2025-01-13T15:18:41.9285311Z hint: is subject to change. To configure the initial branch name to use in all
2025-01-13T15:18:41.9286461Z hint: of your new repositories, which will suppress this warning, call:
2025-01-13T15:18:41.9287150Z hint:
2025-01-13T15:18:41.9287652Z hint: 	git config --global init.defaultBranch <name>
2025-01-13T15:18:41.9288526Z hint:
2025-01-13T15:18:41.9289502Z hint: Names commonly chosen instead of 'master' are 'main', 'trunk' and
2025-01-13T15:18:41.9291035Z hint: 'development'. The just-created branch can be renamed via this command:
2025-01-13T15:18:41.9291865Z hint:
2025-01-13T15:18:41.9292273Z hint: 	git branch -m <name>
2025-01-13T15:18:41.9293011Z Initialized empty Git repository in /home/runner/work/tardis/tardis/.git/
2025-01-13T15:18:41.9304132Z [command]/usr/bin/git remote add origin https://github.com/tardis-sn/tardis
2025-01-13T15:18:41.9339881Z ##[endgroup]
2025-01-13T15:18:41.9341411Z ##[group]Disabling automatic garbage collection
2025-01-13T15:18:41.9344615Z [command]/usr/bin/git config --local gc.auto 0
2025-01-13T15:18:41.9373035Z ##[endgroup]
2025-01-13T15:18:41.9373734Z ##[group]Setting up auth
2025-01-13T15:18:41.9379661Z [command]/usr/bin/git config --local --name-only --get-regexp core\.sshCommand
2025-01-13T15:18:41.9409578Z [command]/usr/bin/git submodule foreach --recursive sh -c "git config --local --name-only --get-regexp 'core\.sshCommand' && git config --local --unset-all 'core.sshCommand' || :"
2025-01-13T15:18:41.9699644Z [command]/usr/bin/git config --local --name-only --get-regexp http\.https\:\/\/github\.com\/\.extraheader
2025-01-13T15:18:41.9731485Z [command]/usr/bin/git submodule foreach --recursive sh -c "git config --local --name-only --get-regexp 'http\.https\:\/\/github\.com\/\.extraheader' && git config --local --unset-all 'http.https://github.com/.extraheader' || :"
2025-01-13T15:18:41.9962426Z [command]/usr/bin/git config --local http.https://github.com/.extraheader AUTHORIZATION: basic ***
2025-01-13T15:18:42.0011745Z ##[endgroup]
2025-01-13T15:18:42.0013032Z ##[group]Fetching the repository
2025-01-13T15:18:42.0022130Z [command]/usr/bin/git -c protocol.version=2 fetch --no-tags --prune --no-recurse-submodules --depth=1 origin +fbd635c53f1ffb6a5276df20358064421b5e0ca5:refs/remotes/origin/master
2025-01-13T15:18:43.8937566Z From https://github.com/tardis-sn/tardis
2025-01-13T15:18:43.8939070Z  * [new ref]         fbd635c53f1ffb6a5276df20358064421b5e0ca5 -> origin/master
2025-01-13T15:18:43.8962776Z ##[endgroup]
2025-01-13T15:18:43.8963524Z ##[group]Determining the checkout info
2025-01-13T15:18:43.8964764Z ##[endgroup]
2025-01-13T15:18:43.8970206Z [command]/usr/bin/git sparse-checkout disable
2025-01-13T15:18:43.9007910Z [command]/usr/bin/git config --local --unset-all extensions.worktreeConfig
2025-01-13T15:18:43.9033338Z ##[group]Checking out the ref
2025-01-13T15:18:43.9037285Z [command]/usr/bin/git checkout --progress --force -B master refs/remotes/origin/master
2025-01-13T15:18:44.1046714Z Reset branch 'master'
2025-01-13T15:18:44.1047772Z branch 'master' set up to track 'origin/master'.
2025-01-13T15:18:44.1071782Z ##[endgroup]
2025-01-13T15:18:44.1115732Z [command]/usr/bin/git log -1 --format=%H
2025-01-13T15:18:44.1139363Z fbd635c53f1ffb6a5276df20358064421b5e0ca5
2025-01-13T15:18:44.1423028Z Prepare all required actions
2025-01-13T15:18:44.1423590Z Getting action download info
2025-01-13T15:18:44.3227702Z Download action repository 'actions/cache@v4' (SHA:1bd1e32a3bdc45362d1e726936510720a7c30a57)
2025-01-13T15:18:44.4560445Z ##[group]Run ./.github/actions/setup_lfs
2025-01-13T15:18:44.4560769Z with:
2025-01-13T15:18:44.4561062Z   regression-data-repo: tardis-sn/tardis-regression-data
2025-01-13T15:18:44.4561398Z env:
2025-01-13T15:18:44.4561596Z   CACHE_NUMBER: 0
2025-01-13T15:18:44.4562476Z   PYTEST_FLAGS: --tardis-regression-data=/home/runner/work/tardis/tardis/tardis-regression-data --cov=tardis --cov-report=xml --cov-report=html --cov-append
2025-01-13T15:18:44.4563488Z   CODECOV_TOKEN: ***
2025-01-13T15:18:44.4563742Z ##[endgroup]
2025-01-13T15:18:44.4681352Z ##[group]Run actions/checkout@v4
2025-01-13T15:18:44.4681637Z with:
2025-01-13T15:18:44.4681901Z   repository: tardis-sn/tardis-regression-data
2025-01-13T15:18:44.4682225Z   path: tardis-regression-data
2025-01-13T15:18:44.4682694Z   token: ***
2025-01-13T15:18:44.4682944Z   ssh-strict: true
2025-01-13T15:18:44.4683172Z   ssh-user: git
2025-01-13T15:18:44.4683414Z   persist-credentials: true
2025-01-13T15:18:44.4683674Z   clean: true
2025-01-13T15:18:44.4683903Z   sparse-checkout-cone-mode: true
2025-01-13T15:18:44.4684185Z   fetch-depth: 1
2025-01-13T15:18:44.4684421Z   fetch-tags: false
2025-01-13T15:18:44.4684651Z   show-progress: true
2025-01-13T15:18:44.4684892Z   lfs: false
2025-01-13T15:18:44.4685108Z   submodules: false
2025-01-13T15:18:44.4685355Z   set-safe-directory: true
2025-01-13T15:18:44.4685741Z env:
2025-01-13T15:18:44.4685948Z   CACHE_NUMBER: 0
2025-01-13T15:18:44.4686590Z   PYTEST_FLAGS: --tardis-regression-data=/home/runner/work/tardis/tardis/tardis-regression-data --cov=tardis --cov-report=xml --cov-report=html --cov-append
2025-01-13T15:18:44.4687334Z   CODECOV_TOKEN: ***
2025-01-13T15:18:44.4687564Z ##[endgroup]
2025-01-13T15:18:44.5640850Z Syncing repository: tardis-sn/tardis-regression-data
2025-01-13T15:18:44.5646321Z ##[group]Getting Git version info
2025-01-13T15:18:44.5647002Z Working directory is '/home/runner/work/tardis/tardis/tardis-regression-data'
2025-01-13T15:18:44.5688278Z [command]/usr/bin/git version
2025-01-13T15:18:44.5724250Z git version 2.47.1
2025-01-13T15:18:44.5749651Z ##[endgroup]
2025-01-13T15:18:44.5763025Z Temporarily overriding HOME='/home/runner/work/_temp/61e91b2f-f799-40f6-8333-e2dcb7cf9f41' before making global git config changes
2025-01-13T15:18:44.5764422Z Adding repository directory to the temporary git global config as a safe directory
2025-01-13T15:18:44.5777988Z [command]/usr/bin/git config --global --add safe.directory /home/runner/work/tardis/tardis/tardis-regression-data
2025-01-13T15:18:44.5810456Z ##[group]Initializing the repository
2025-01-13T15:18:44.5816204Z [command]/usr/bin/git init /home/runner/work/tardis/tardis/tardis-regression-data
2025-01-13T15:18:44.5852276Z hint: Using 'master' as the name for the initial branch. This default branch name
2025-01-13T15:18:44.5853293Z hint: is subject to change. To configure the initial branch name to use in all
2025-01-13T15:18:44.5854239Z hint: of your new repositories, which will suppress this warning, call:
2025-01-13T15:18:44.5854752Z hint:
2025-01-13T15:18:44.5855261Z hint: 	git config --global init.defaultBranch <name>
2025-01-13T15:18:44.5856111Z hint:
2025-01-13T15:18:44.5856722Z hint: Names commonly chosen instead of 'master' are 'main', 'trunk' and
2025-01-13T15:18:44.5857674Z hint: 'development'. The just-created branch can be renamed via this command:
2025-01-13T15:18:44.5858443Z hint:
2025-01-13T15:18:44.5858859Z hint: 	git branch -m <name>
2025-01-13T15:18:44.5859752Z Initialized empty Git repository in /home/runner/work/tardis/tardis/tardis-regression-data/.git/
2025-01-13T15:18:44.5865951Z [command]/usr/bin/git remote add origin https://github.com/tardis-sn/tardis-regression-data
2025-01-13T15:18:44.5895260Z ##[endgroup]
2025-01-13T15:18:44.5896591Z ##[group]Disabling automatic garbage collection
2025-01-13T15:18:44.5901019Z [command]/usr/bin/git config --local gc.auto 0
2025-01-13T15:18:44.5929432Z ##[endgroup]
2025-01-13T15:18:44.5930075Z ##[group]Setting up auth
2025-01-13T15:18:44.5935686Z [command]/usr/bin/git config --local --name-only --get-regexp core\.sshCommand
2025-01-13T15:18:44.5964201Z [command]/usr/bin/git submodule foreach --recursive sh -c "git config --local --name-only --get-regexp 'core\.sshCommand' && git config --local --unset-all 'core.sshCommand' || :"
2025-01-13T15:18:44.6186446Z [command]/usr/bin/git config --local --name-only --get-regexp http\.https\:\/\/github\.com\/\.extraheader
2025-01-13T15:18:44.6214417Z [command]/usr/bin/git submodule foreach --recursive sh -c "git config --local --name-only --get-regexp 'http\.https\:\/\/github\.com\/\.extraheader' && git config --local --unset-all 'http.https://github.com/.extraheader' || :"
2025-01-13T15:18:44.6447242Z [command]/usr/bin/git config --local http.https://github.com/.extraheader AUTHORIZATION: basic ***
2025-01-13T15:18:44.6487212Z ##[endgroup]
2025-01-13T15:18:44.6487922Z ##[group]Determining the default branch
2025-01-13T15:18:44.6490499Z Retrieving the default branch name
2025-01-13T15:18:44.9646356Z Default branch 'main'
2025-01-13T15:18:44.9647805Z ##[endgroup]
2025-01-13T15:18:44.9648899Z ##[group]Fetching the repository
2025-01-13T15:18:44.9658026Z [command]/usr/bin/git -c protocol.version=2 fetch --no-tags --prune --no-recurse-submodules --depth=1 origin +refs/heads/main:refs/remotes/origin/main
2025-01-13T15:18:45.6032831Z From https://github.com/tardis-sn/tardis-regression-data
2025-01-13T15:18:45.6034001Z  * [new branch]      main       -> origin/main
2025-01-13T15:18:45.6058738Z ##[endgroup]
2025-01-13T15:18:45.6059300Z ##[group]Determining the checkout info
2025-01-13T15:18:45.6061148Z ##[endgroup]
2025-01-13T15:18:45.6066323Z [command]/usr/bin/git sparse-checkout disable
2025-01-13T15:18:45.6106239Z [command]/usr/bin/git config --local --unset-all extensions.worktreeConfig
2025-01-13T15:18:45.6135321Z ##[group]Checking out the ref
2025-01-13T15:18:45.6140522Z [command]/usr/bin/git checkout --progress --force -B main refs/remotes/origin/main
2025-01-13T15:18:46.5365818Z Switched to a new branch 'main'
2025-01-13T15:18:46.5366383Z branch 'main' set up to track 'origin/main'.
2025-01-13T15:18:46.5623255Z ##[endgroup]
2025-01-13T15:18:46.5662249Z [command]/usr/bin/git log -1 --format=%H
2025-01-13T15:18:46.5685064Z fa7729bc9c30e14b69acd641af8b692b56fcd416
2025-01-13T15:18:46.5812042Z ##[group]Run git lfs ls-files -l | cut -d' ' -f1 | sort > .lfs-assets-id
2025-01-13T15:18:46.5812541Z [36;1mgit lfs ls-files -l | cut -d' ' -f1 | sort > .lfs-assets-id[0m
2025-01-13T15:18:46.5842992Z shell: /usr/bin/bash --noprofile --norc -e -o pipefail {0}
2025-01-13T15:18:46.5843313Z env:
2025-01-13T15:18:46.5843486Z   CACHE_NUMBER: 0
2025-01-13T15:18:46.5844098Z   PYTEST_FLAGS: --tardis-regression-data=/home/runner/work/tardis/tardis/tardis-regression-data --cov=tardis --cov-report=xml --cov-report=html --cov-append
2025-01-13T15:18:46.5844909Z   CODECOV_TOKEN: ***
2025-01-13T15:18:46.5845100Z ##[endgroup]
2025-01-13T15:18:46.7308366Z ##[group]Run actions/cache/restore@v4
2025-01-13T15:18:46.7308664Z with:
2025-01-13T15:18:46.7308923Z   path: tardis-regression-data/.git/lfs
2025-01-13T15:18:46.7309431Z   key: Linux-lfs-21f9fa4b6817cc69b9fae3598144724da7828e276a73bd17f47a2a49d9af090a-v1
2025-01-13T15:18:46.7309935Z   enableCrossOsArchive: false
2025-01-13T15:18:46.7310214Z   fail-on-cache-miss: false
2025-01-13T15:18:46.7310465Z   lookup-only: false
2025-01-13T15:18:46.7310702Z env:
2025-01-13T15:18:46.7310882Z   CACHE_NUMBER: 0
2025-01-13T15:18:46.7311612Z   PYTEST_FLAGS: --tardis-regression-data=/home/runner/work/tardis/tardis/tardis-regression-data --cov=tardis --cov-report=xml --cov-report=html --cov-append
2025-01-13T15:18:46.7312552Z   CODECOV_TOKEN: ***
2025-01-13T15:18:46.7312769Z ##[endgroup]
2025-01-13T15:18:48.5329833Z Received 0 of 1708418946 (0.0%), 0.0 MBs/sec
2025-01-13T15:18:49.5341266Z Received 121634816 of 1708418946 (7.1%), 58.0 MBs/sec
2025-01-13T15:18:50.5343343Z Received 268435456 of 1708418946 (15.7%), 85.3 MBs/sec
2025-01-13T15:18:51.5349836Z Received 406847488 of 1708418946 (23.8%), 97.0 MBs/sec
2025-01-13T15:18:52.5360556Z Received 545259520 of 1708418946 (31.9%), 103.9 MBs/sec
2025-01-13T15:18:53.5367794Z Received 679477248 of 1708418946 (39.8%), 107.9 MBs/sec
2025-01-13T15:18:54.5374173Z Received 813694976 of 1708418946 (47.6%), 110.8 MBs/sec
2025-01-13T15:18:55.5376910Z Received 939524096 of 1708418946 (55.0%), 111.9 MBs/sec
2025-01-13T15:18:56.5384697Z Received 1065353216 of 1708418946 (62.4%), 112.8 MBs/sec
2025-01-13T15:18:57.5387854Z Received 1174405120 of 1708418946 (68.7%), 111.9 MBs/sec
2025-01-13T15:18:58.5395911Z Received 1291845632 of 1708418946 (75.6%), 111.9 MBs/sec
2025-01-13T15:18:59.5401342Z Received 1417674752 of 1708418946 (83.0%), 112.6 MBs/sec
2025-01-13T15:19:00.5448378Z Received 1556086784 of 1708418946 (91.1%), 114.0 MBs/sec
2025-01-13T15:19:01.5461487Z Received 1687447426 of 1708418946 (98.8%), 114.8 MBs/sec
2025-01-13T15:19:01.6470312Z Cache Size: ~1629 MB (1708418946 B)
2025-01-13T15:19:01.6509609Z [command]/usr/bin/tar -xf /home/runner/work/_temp/641655e0-59e0-4731-8e07-0ac7918a2fb8/cache.tzst -P -C /home/runner/work/tardis/tardis --use-compress-program unzstd
2025-01-13T15:19:02.5489364Z Received 1708418946 of 1708418946 (100.0%), 108.5 MBs/sec
2025-01-13T15:19:07.9866465Z Cache restored successfully
2025-01-13T15:19:08.3071437Z Cache restored from key: Linux-lfs-21f9fa4b6817cc69b9fae3598144724da7828e276a73bd17f47a2a49d9af090a-v1
2025-01-13T15:19:08.3231823Z ##[group]Run git lfs checkout
2025-01-13T15:19:08.3232098Z [36;1mgit lfs checkout[0m
2025-01-13T15:19:08.3258976Z shell: /usr/bin/bash --noprofile --norc -e -o pipefail {0}
2025-01-13T15:19:08.3259316Z env:
2025-01-13T15:19:08.3259491Z   CACHE_NUMBER: 0
2025-01-13T15:19:08.3260131Z   PYTEST_FLAGS: --tardis-regression-data=/home/runner/work/tardis/tardis/tardis-regression-data --cov=tardis --cov-report=xml --cov-report=html --cov-append
2025-01-13T15:19:08.3260940Z   CODECOV_TOKEN: ***
2025-01-13T15:19:08.3261142Z ##[endgroup]
2025-01-13T15:19:19.8917008Z Checking out LFS objects: 100% (204/204), 3.5 GB | 324 MB/s, done.
2025-01-13T15:19:23.6177723Z Prepare all required actions
2025-01-13T15:19:23.6178066Z Getting action download info
2025-01-13T15:19:23.8177596Z Download action repository 'mamba-org/setup-micromamba@v1' (SHA:4b9113af4fba0e9e1124b252dd6497a419e7396d)
2025-01-13T15:19:24.3245192Z ##[group]Run ./.github/actions/setup_env
2025-01-13T15:19:24.3245470Z with:
2025-01-13T15:19:24.3245959Z   os-label: linux-64
2025-01-13T15:19:24.3246156Z env:
2025-01-13T15:19:24.3246322Z   CACHE_NUMBER: 0
2025-01-13T15:19:24.3246935Z   PYTEST_FLAGS: --tardis-regression-data=/home/runner/work/tardis/tardis/tardis-regression-data --cov=tardis --cov-report=xml --cov-report=html --cov-append
2025-01-13T15:19:24.3247878Z   CODECOV_TOKEN: ***
2025-01-13T15:19:24.3248073Z ##[endgroup]
2025-01-13T15:19:24.3266569Z ##[group]Run file_hash=$(cat conda-linux-64.lock | shasum -a 256 | cut -d' ' -f1)
2025-01-13T15:19:24.3267067Z [36;1mfile_hash=$(cat conda-linux-64.lock | shasum -a 256 | cut -d' ' -f1)[0m
2025-01-13T15:19:24.3267501Z [36;1mecho "file_hash=$file_hash" >> "${GITHUB_OUTPUT}"[0m
2025-01-13T15:19:24.3293376Z shell: /usr/bin/bash --noprofile --norc -e -o pipefail {0}
2025-01-13T15:19:24.3293689Z env:
2025-01-13T15:19:24.3293857Z   CACHE_NUMBER: 0
2025-01-13T15:19:24.3294472Z   PYTEST_FLAGS: --tardis-regression-data=/home/runner/work/tardis/tardis/tardis-regression-data --cov=tardis --cov-report=xml --cov-report=html --cov-append
2025-01-13T15:19:24.3295217Z   CODECOV_TOKEN: ***
2025-01-13T15:19:24.3295413Z ##[endgroup]
2025-01-13T15:19:24.3589912Z ##[group]Run mamba-org/setup-micromamba@v1
2025-01-13T15:19:24.3590176Z with:
2025-01-13T15:19:24.3590369Z   environment-file: conda-linux-64.lock
2025-01-13T15:19:24.3590799Z   cache-environment-key: d7cd390425b0fd3cf82649dcc003efba9915fb4928f15d342148c3ccffcbe2ee
2025-01-13T15:19:24.3591377Z   cache-downloads-key: d7cd390425b0fd3cf82649dcc003efba9915fb4928f15d342148c3ccffcbe2ee
2025-01-13T15:19:24.3591781Z   environment-name: tardis
2025-01-13T15:19:24.3592004Z   cache-environment: true
2025-01-13T15:19:24.3592233Z   cache-downloads: true
2025-01-13T15:19:24.3592440Z env:
2025-01-13T15:19:24.3592604Z   CACHE_NUMBER: 0
2025-01-13T15:19:24.3593209Z   PYTEST_FLAGS: --tardis-regression-data=/home/runner/work/tardis/tardis/tardis-regression-data --cov=tardis --cov-report=xml --cov-report=html --cov-append
2025-01-13T15:19:24.3594134Z   CODECOV_TOKEN: ***
2025-01-13T15:19:24.3594324Z ##[endgroup]
2025-01-13T15:19:24.4937553Z Will download micromamba to /home/runner/micromamba-bin/micromamba
2025-01-13T15:19:24.4946728Z ##[group]Install micromamba
2025-01-13T15:19:25.1215044Z micromamba installed to /home/runner/micromamba-bin/micromamba
2025-01-13T15:19:25.1216056Z ##[endgroup]
2025-01-13T15:19:25.1217261Z Adding conda-forge to condarc channels ...
2025-01-13T15:19:25.1230336Z ##[group]Initialize micromamba for bash.
2025-01-13T15:19:25.1255317Z [command]/home/runner/micromamba-bin/micromamba shell init -s bash -r /home/runner/micromamba --log-level warning --rc-file /home/runner/work/_temp/setup-micromamba/.condarc
2025-01-13T15:19:25.1376283Z Modifying RC file "/home/runner/.bashrc"
2025-01-13T15:19:25.1377300Z Generating config for root prefix [1m"/home/runner/micromamba"[0m
2025-01-13T15:19:25.1378338Z Setting mamba executable to: [1m"/home/runner/micromamba-bin/micromamba"[0m
2025-01-13T15:19:25.1379140Z Adding (or replacing) the following in your "/home/runner/.bashrc" file
2025-01-13T15:19:25.1379612Z 
2025-01-13T15:19:25.1379746Z # >>> mamba initialize >>>
2025-01-13T15:19:25.1380209Z # !! Contents within this block are managed by 'mamba init' !!
2025-01-13T15:19:25.1380837Z export MAMBA_EXE='/home/runner/micromamba-bin/micromamba';
2025-01-13T15:19:25.1381415Z export MAMBA_ROOT_PREFIX='/home/runner/micromamba';
2025-01-13T15:19:25.1382198Z __mamba_setup="$("$MAMBA_EXE" shell hook --shell bash --root-prefix "$MAMBA_ROOT_PREFIX" 2> /dev/null)"
2025-01-13T15:19:25.1382926Z if [ $? -eq 0 ]; then
2025-01-13T15:19:25.1383258Z     eval "$__mamba_setup"
2025-01-13T15:19:25.1383594Z else
2025-01-13T15:19:25.1384355Z     alias micromamba="$MAMBA_EXE"  # Fallback on help from mamba activate
2025-01-13T15:19:25.1384910Z fi
2025-01-13T15:19:25.1385176Z unset __mamba_setup
2025-01-13T15:19:25.1385470Z # <<< mamba initialize <<<
2025-01-13T15:19:25.1385866Z 
2025-01-13T15:19:25.1395688Z Moving mamba initialize block to .bash_profile
2025-01-13T15:19:25.1406093Z ##[endgroup]
2025-01-13T15:19:25.1407465Z ##[group]Restoring downloads from `/home/runner/micromamba/pkgs` ...
2025-01-13T15:19:26.7230970Z Received 0 of 356800233 (0.0%), 0.0 MBs/sec
2025-01-13T15:19:27.7231987Z Received 121634816 of 356800233 (34.1%), 58.0 MBs/sec
2025-01-13T15:19:28.7232058Z Received 264241152 of 356800233 (74.1%), 84.0 MBs/sec
2025-01-13T15:19:29.2861195Z Cache Size: ~340 MB (356800233 B)
2025-01-13T15:19:29.2898865Z [command]/usr/bin/tar -xf /home/runner/work/_temp/0587f524-bc60-4f36-81ce-eba2e9933556/cache.tzst -P -C /home/runner/work/tardis/tardis --use-compress-program unzstd
2025-01-13T15:19:29.7239402Z Received 356800233 of 356800233 (100.0%), 85.1 MBs/sec
2025-01-13T15:19:29.7472186Z Cache restored successfully
2025-01-13T15:19:29.8191529Z Restored cache with key `d7cd390425b0fd3cf82649dcc003efba9915fb4928f15d342148c3ccffcbe2ee-linux-64`
2025-01-13T15:19:29.8192559Z ##[endgroup]
2025-01-13T15:19:29.8205990Z ##[group]Restoring environment `tardis` from `/home/runner/micromamba/envs/tardis` ...
2025-01-13T15:19:31.2039274Z Received 0 of 444592193 (0.0%), 0.0 MBs/sec
2025-01-13T15:19:32.2068509Z Received 125829120 of 444592193 (28.3%), 59.9 MBs/sec
2025-01-13T15:19:33.2072909Z Received 255852544 of 444592193 (57.5%), 81.2 MBs/sec
2025-01-13T15:19:34.2074374Z Received 377487360 of 444592193 (84.9%), 89.9 MBs/sec
2025-01-13T15:19:35.1740521Z Cache Size: ~424 MB (444592193 B)
2025-01-13T15:19:35.1780456Z [command]/usr/bin/tar -xf /home/runner/work/_temp/646297f2-5443-4708-a58e-391b8f9757d4/cache.tzst -P -C /home/runner/work/tardis/tardis --use-compress-program unzstd
2025-01-13T15:19:35.2076644Z Received 444592193 of 444592193 (100.0%), 84.7 MBs/sec
2025-01-13T15:19:40.5017325Z Cache restored successfully
2025-01-13T15:19:40.5767762Z Restored cache with key `d7cd390425b0fd3cf82649dcc003efba9915fb4928f15d342148c3ccffcbe2ee-linux-64-tardis-args-4f53cda-root-dcc80ee-bin-[object Promise]-file-d7cd390425b0fd3cf82649dcc003efba9915fb4928f15d342148c3ccffcbe2ee`
2025-01-13T15:19:40.5770326Z ##[endgroup]
2025-01-13T15:19:40.5770783Z Adding environment tardis to auto-activate bash ...
2025-01-13T15:19:40.5781034Z Generating micromamba run shell.
2025-01-13T15:19:40.5791021Z ##[endgroup]
2025-01-13T15:19:40.5797389Z Set environment variables.
2025-01-13T15:19:40.5801141Z ##[group]micromamba info
2025-01-13T15:19:40.5804648Z [command]/home/runner/micromamba-bin/micromamba info -r /home/runner/micromamba -n tardis
2025-01-13T15:19:40.6064503Z 
2025-01-13T15:19:40.6064845Z        libmamba version : 1.5.10
2025-01-13T15:19:40.6065349Z      micromamba version : 1.5.10
2025-01-13T15:19:40.6066309Z            curl version : libcurl/8.10.1 OpenSSL/3.3.2 zlib/1.3.1 zstd/1.5.6 libssh2/1.11.0 nghttp2/1.58.0
2025-01-13T15:19:40.6067402Z      libarchive version : libarchive 3.7.4 zlib/1.2.13 bz2lib/1.0.8 libzstd/1.5.6
2025-01-13T15:19:40.6068163Z        envs directories : /home/runner/micromamba/envs
2025-01-13T15:19:40.6068748Z           package cache : /home/runner/micromamba/pkgs
2025-01-13T15:19:40.6069338Z                           /home/runner/.mamba/pkgs
2025-01-13T15:19:40.6069833Z             environment : tardis
2025-01-13T15:19:40.6070374Z            env location : /home/runner/micromamba/envs/tardis
2025-01-13T15:19:40.6071004Z       user config files : /home/runner/.mambarc
2025-01-13T15:19:40.6071684Z  populated config files : /home/runner/work/_temp/setup-micromamba/.condarc
2025-01-13T15:19:40.6072297Z        virtual packages : __unix=0=0
2025-01-13T15:19:40.6072706Z                           __linux=6.8.0=0
2025-01-13T15:19:40.6073122Z                           __glibc=2.39=0
2025-01-13T15:19:40.6073910Z                           __archspec=1=x86_64_v3
2025-01-13T15:19:40.6074508Z                channels : https://conda.anaconda.org/conda-forge/linux-64
2025-01-13T15:19:40.6075178Z                           https://conda.anaconda.org/conda-forge/noarch
2025-01-13T15:19:40.6075937Z        base environment : /home/runner/micromamba
2025-01-13T15:19:40.6076420Z                platform : linux-64
2025-01-13T15:19:40.6082899Z ##[endgroup]
2025-01-13T15:19:40.6083737Z ##[group]micromamba list
2025-01-13T15:19:40.6084722Z [command]/home/runner/micromamba-bin/micromamba list -r /home/runner/micromamba -n tardis
2025-01-13T15:19:40.9973847Z List of packages in environment: "/home/runner/micromamba/envs/tardis"
2025-01-13T15:19:40.9974429Z 
2025-01-13T15:19:40.9974681Z   Name                           Version              Build                    Channel    
2025-01-13T15:19:40.9975941Z â”€â”€â”€â”€â”€â”€â”€â”€â”€â”€â”€â”€â”€â”€â”€â”€â”€â”€â”€â”€â”€â”€â”€â”€â”€â”€â”€â”€â”€â”€â”€â”€â”€â”€â”€â”€â”€â”€â”€â”€â”€â”€â”€â”€â”€â”€â”€â”€â”€â”€â”€â”€â”€â”€â”€â”€â”€â”€â”€â”€â”€â”€â”€â”€â”€â”€â”€â”€â”€â”€â”€â”€â”€â”€â”€â”€â”€â”€â”€â”€â”€â”€â”€â”€â”€â”€â”€â”€â”€â”€â”€â”€
2025-01-13T15:19:40.9976636Z   _libgcc_mutex                  0.1                  conda_forge              conda-forge
2025-01-13T15:19:40.9977247Z   _openmp_mutex                  4.5                  2_gnu                    conda-forge
2025-01-13T15:19:40.9977846Z   alabaster                      0.7.16               pyhd8ed1ab_0             conda-forge
2025-01-13T15:19:40.9978410Z   anyio                          4.4.0                pyhd8ed1ab_0             conda-forge
2025-01-13T15:19:40.9978991Z   argon2-cffi                    23.1.0               pyhd8ed1ab_0             conda-forge
2025-01-13T15:19:40.9979650Z   argon2-cffi-bindings           21.2.0               py312h98912ed_4          conda-forge
2025-01-13T15:19:40.9980268Z   arrow                          1.3.0                pyhd8ed1ab_0             conda-forge
2025-01-13T15:19:40.9980836Z   astropy                        6.1.1                py312h085067d_0          conda-forge
2025-01-13T15:19:40.9981530Z   astropy-iers-data              0.2024.6.17.0.31.35  pyhd8ed1ab_0             conda-forge
2025-01-13T15:19:40.9982276Z   astropy-sphinx-theme           1.1                  pyhd8ed1ab_0             conda-forge
2025-01-13T15:19:40.9982984Z   asttokens                      2.4.1                pyhd8ed1ab_0             conda-forge
2025-01-13T15:19:40.9983571Z   async-lru                      2.0.4                pyhd8ed1ab_0             conda-forge
2025-01-13T15:19:40.9984486Z   atk-1.0                        2.38.0               h04ea711_2               conda-forge
2025-01-13T15:19:40.9985010Z   attrs                          23.2.0               pyh71513ae_0             conda-forge
2025-01-13T15:19:40.9985715Z   babel                          2.14.0               pyhd8ed1ab_0             conda-forge
2025-01-13T15:19:40.9986323Z   beautifulsoup4                 4.12.3               pyha770c72_0             conda-forge
2025-01-13T15:19:40.9986925Z   bleach                         6.1.0                pyhd8ed1ab_0             conda-forge
2025-01-13T15:19:40.9987497Z   blosc                          1.21.5               hc2324a3_1               conda-forge
2025-01-13T15:19:40.9988040Z   brotli                         1.1.0                hd590300_1               conda-forge
2025-01-13T15:19:40.9988625Z   brotli-bin                     1.1.0                hd590300_1               conda-forge
2025-01-13T15:19:40.9989254Z   brotli-python                  1.1.0                py312h30efb56_1          conda-forge
2025-01-13T15:19:40.9989856Z   bzip2                          1.0.8                hd590300_5               conda-forge
2025-01-13T15:19:40.9990386Z   c-ares                         1.28.1               hd590300_0               conda-forge
2025-01-13T15:19:40.9990929Z   c-blosc2                       2.14.4               hb4ffafa_1               conda-forge
2025-01-13T15:19:40.9991541Z   ca-certificates                2024.6.2             hbcca054_0               conda-forge
2025-01-13T15:19:40.9992214Z   cached-property                1.5.2                hd8ed1ab_1               conda-forge
2025-01-13T15:19:40.9993076Z   cached_property                1.5.2                pyha770c72_1             conda-forge
2025-01-13T15:19:40.9993691Z   cairo                          1.18.0               h3faef2a_0               conda-forge
2025-01-13T15:19:40.9994280Z   certifi                        2024.6.2             pyhd8ed1ab_0             conda-forge
2025-01-13T15:19:40.9994871Z   cffi                           1.16.0               py312hf06ca03_0          conda-forge
2025-01-13T15:19:40.9995650Z   charset-normalizer             3.3.2                pyhd8ed1ab_0             conda-forge
2025-01-13T15:19:40.9996306Z   click                          8.1.7                unix_pyh707e725_0        conda-forge
2025-01-13T15:19:40.9996908Z   codespell                      2.3.0                pyhd8ed1ab_0             conda-forge
2025-01-13T15:19:40.9997532Z   colorama                       0.4.6                pyhd8ed1ab_0             conda-forge
2025-01-13T15:19:40.9998131Z   comm                           0.2.2                pyhd8ed1ab_0             conda-forge
2025-01-13T15:19:40.9998733Z   commonmark                     0.9.1                py_0                     conda-forge
2025-01-13T15:19:40.9999360Z   contourpy                      1.2.1                py312h8572e83_0          conda-forge
2025-01-13T15:19:40.9999962Z   coverage                       7.5.3                py312h9a8786e_0          conda-forge
2025-01-13T15:19:41.0000551Z   cycler                         0.12.1               pyhd8ed1ab_0             conda-forge
2025-01-13T15:19:41.0001118Z   dataclasses                    0.8                  pyhc8e2a94_3             conda-forge
2025-01-13T15:19:41.0001736Z   debugpy                        1.8.1                py312h30efb56_0          conda-forge
2025-01-13T15:19:41.0002363Z   decorator                      5.1.1                pyhd8ed1ab_0             conda-forge
2025-01-13T15:19:41.0003010Z   defusedxml                     0.7.1                pyhd8ed1ab_0             conda-forge
2025-01-13T15:19:41.0003673Z   docutils                       0.20.1               py312h7900ff3_3          conda-forge
2025-01-13T15:19:41.0004283Z   dot2tex                        2.11.3               pyhd8ed1ab_0             conda-forge
2025-01-13T15:19:41.0004919Z   entrypoints                    0.4                  pyhd8ed1ab_0             conda-forge
2025-01-13T15:19:41.0005950Z   exceptiongroup                 1.2.0                pyhd8ed1ab_2             conda-forge
2025-01-13T15:19:41.0006655Z   executing                      2.0.1                pyhd8ed1ab_0             conda-forge
2025-01-13T15:19:41.0007259Z   expat                          2.6.2                h59595ed_0               conda-forge
2025-01-13T15:19:41.0007946Z   font-ttf-dejavu-sans-mono      2.37                 hab24e00_0               conda-forge
2025-01-13T15:19:41.0008737Z   font-ttf-inconsolata           3.000                h77eed37_0               conda-forge
2025-01-13T15:19:41.0009523Z   font-ttf-source-code-pro       2.038                h77eed37_0               conda-forge
2025-01-13T15:19:41.0010248Z   font-ttf-ubuntu                0.83                 h77eed37_2               conda-forge
2025-01-13T15:19:41.0010908Z   fontconfig                     2.14.2               h14ed4e7_0               conda-forge
2025-01-13T15:19:41.0011531Z   fonts-conda-ecosystem          1                    0                        conda-forge
2025-01-13T15:19:41.0012200Z   fonts-conda-forge              1                    0                        conda-forge
2025-01-13T15:19:41.0012852Z   fonttools                      4.53.0               py312h9a8786e_0          conda-forge
2025-01-13T15:19:41.0013460Z   fqdn                           1.5.1                pyhd8ed1ab_0             conda-forge
2025-01-13T15:19:41.0014076Z   freetype                       2.12.1               h267a509_2               conda-forge
2025-01-13T15:19:41.0014694Z   fribidi                        1.0.10               h36c2ea0_0               conda-forge
2025-01-13T15:19:41.0015454Z   future                         1.0.0                pyhd8ed1ab_0             conda-forge
2025-01-13T15:19:41.0016235Z   gdk-pixbuf                     2.42.12              hb9ae30d_0               conda-forge
2025-01-13T15:19:41.0016898Z   giflib                         5.2.2                hd590300_0               conda-forge
2025-01-13T15:19:41.0017395Z   git-lfs                        3.5.1                ha770c72_0               conda-forge
2025-01-13T15:19:41.0017747Z   gmp                            6.3.0                h59595ed_1               conda-forge
2025-01-13T15:19:41.0018085Z   gmpy2                          2.1.5                py312h1d5cde6_1          conda-forge
2025-01-13T15:19:41.0018446Z   graphite2                      1.3.13               h59595ed_1003            conda-forge
2025-01-13T15:19:41.0018810Z   graphviz                       11.0.0               hc68bbd7_0               conda-forge
2025-01-13T15:19:41.0019150Z   gtk2                           2.24.33              h280cfa0_4               conda-forge
2025-01-13T15:19:41.0019476Z   gts                            0.7.6                h977cf35_4               conda-forge
2025-01-13T15:19:41.0019809Z   h11                            0.14.0               pyhd8ed1ab_0             conda-forge
2025-01-13T15:19:41.0020127Z   h2                             4.1.0                pyhd8ed1ab_0             conda-forge
2025-01-13T15:19:41.0020608Z   h5py                           3.11.0               nompi_py312hb7ab980_102  conda-forge
2025-01-13T15:19:41.0021197Z   harfbuzz                       8.5.0                hfac3d4d_0               conda-forge
2025-01-13T15:19:41.0021678Z   hdf5                           1.14.3               nompi_hdf9ad27_105       conda-forge
2025-01-13T15:19:41.0022015Z   hpack                          4.0.0                pyh9f0ad1d_0             conda-forge
2025-01-13T15:19:41.0022446Z   httpcore                       1.0.5                pyhd8ed1ab_0             conda-forge
2025-01-13T15:19:41.0023001Z   httpx                          0.27.0               pyhd8ed1ab_0             conda-forge
2025-01-13T15:19:41.0024006Z   hyperframe                     6.0.1                pyhd8ed1ab_0             conda-forge
2025-01-13T15:19:41.0024431Z   icu                            73.2                 h59595ed_0               conda-forge
2025-01-13T15:19:41.0025087Z   idna                           3.7                  pyhd8ed1ab_0             conda-forge
2025-01-13T15:19:41.0025873Z   imagesize                      1.4.1                pyhd8ed1ab_0             conda-forge
2025-01-13T15:19:41.0026589Z   importlib-metadata             7.1.0                pyha770c72_0             conda-forge
2025-01-13T15:19:41.0027300Z   importlib_metadata             7.1.0                hd8ed1ab_0               conda-forge
2025-01-13T15:19:41.0027987Z   importlib_resources            6.4.0                pyhd8ed1ab_0             conda-forge
2025-01-13T15:19:41.0028667Z   iniconfig                      2.0.0                pyhd8ed1ab_0             conda-forge
2025-01-13T15:19:41.0029047Z   ipykernel                      6.29.4               pyh3099207_0             conda-forge
2025-01-13T15:19:41.0029405Z   ipython                        8.25.0               pyh707e725_0             conda-forge
2025-01-13T15:19:41.0029778Z   ipython_genutils               0.2.0                pyhd8ed1ab_1             conda-forge
2025-01-13T15:19:41.0030167Z   ipywidgets                     7.8.0                pyhd8ed1ab_0             conda-forge
2025-01-13T15:19:41.0030539Z   isoduration                    20.11.0              pyhd8ed1ab_0             conda-forge
2025-01-13T15:19:41.0030893Z   jedi                           0.19.1               pyhd8ed1ab_0             conda-forge
2025-01-13T15:19:41.0031234Z   jinja2                         3.1.4                pyhd8ed1ab_0             conda-forge
2025-01-13T15:19:41.0031575Z   json5                          0.9.25               pyhd8ed1ab_0             conda-forge
2025-01-13T15:19:41.0032083Z   jsonpointer                    3.0.0                py312h7900ff3_0          conda-forge
2025-01-13T15:19:41.0032465Z   jsonschema                     4.22.0               pyhd8ed1ab_0             conda-forge
2025-01-13T15:19:41.0032897Z   jsonschema-specifications      2023.12.1            pyhd8ed1ab_0             conda-forge
2025-01-13T15:19:41.0033390Z   jsonschema-with-format-nongpl  4.22.0               pyhd8ed1ab_0             conda-forge
2025-01-13T15:19:41.0033832Z   jupyter-lsp                    2.2.5                pyhd8ed1ab_0             conda-forge
2025-01-13T15:19:41.0034207Z   jupyter_client                 8.6.2                pyhd8ed1ab_0             conda-forge
2025-01-13T15:19:41.0034601Z   jupyter_core                   5.7.2                py312h7900ff3_0          conda-forge
2025-01-13T15:19:41.0034985Z   jupyter_events                 0.10.0               pyhd8ed1ab_0             conda-forge
2025-01-13T15:19:41.0035376Z   jupyter_server                 2.14.1               pyhd8ed1ab_0             conda-forge
2025-01-13T15:19:41.0036025Z   jupyter_server_terminals       0.5.3                pyhd8ed1ab_0             conda-forge
2025-01-13T15:19:41.0036544Z   jupyterlab                     4.2.2                pyhd8ed1ab_0             conda-forge
2025-01-13T15:19:41.0037210Z   jupyterlab_pygments            0.3.0                pyhd8ed1ab_1             conda-forge
2025-01-13T15:19:41.0037952Z   jupyterlab_server              2.27.2               pyhd8ed1ab_0             conda-forge
2025-01-13T15:19:41.0038680Z   jupyterlab_widgets             1.1.7                pyhd8ed1ab_0             conda-forge
2025-01-13T15:19:41.0039355Z   keyutils                       1.6.1                h166bdaf_0               conda-forge
2025-01-13T15:19:41.0039984Z   kiwisolver                     1.4.5                py312h8572e83_1          conda-forge
2025-01-13T15:19:41.0040584Z   krb5                           1.21.2               h659d440_0               conda-forge
2025-01-13T15:19:41.0041196Z   latexcodec                     2.0.1                pyh9f0ad1d_0             conda-forge
2025-01-13T15:19:41.0041807Z   lcms2                          2.16                 hb7c19ff_0               conda-forge
2025-01-13T15:19:41.0042417Z   ld_impl_linux-64               2.40                 hf3520f5_7               conda-forge
2025-01-13T15:19:41.0043024Z   lerc                           4.0.0                h27087fc_0               conda-forge
2025-01-13T15:19:41.0043757Z   libaec                         1.1.3                h59595ed_0               conda-forge
2025-01-13T15:19:41.0044367Z   libblas                        3.9.0                22_linux64_openblas      conda-forge
2025-01-13T15:19:41.0045308Z   libbrotlicommon                1.1.0                hd590300_1               conda-forge
2025-01-13T15:19:41.0046360Z   libbrotlidec                   1.1.0                hd590300_1               conda-forge
2025-01-13T15:19:41.0047152Z   libbrotlienc                   1.1.0                hd590300_1               conda-forge
2025-01-13T15:19:41.0048023Z   libcblas                       3.9.0                22_linux64_openblas      conda-forge
2025-01-13T15:19:41.0048746Z   libcurl                        8.8.0                hca28451_0               conda-forge
2025-01-13T15:19:41.0049551Z   libdeflate                     1.20                 hd590300_0               conda-forge
2025-01-13T15:19:41.0050329Z   libedit                        3.1.20191231         he28a2e2_2               conda-forge
2025-01-13T15:19:41.0051069Z   libev                          4.33                 hd590300_2               conda-forge
2025-01-13T15:19:41.0051875Z   libexpat                       2.6.2                h59595ed_0               conda-forge
2025-01-13T15:19:41.0052610Z   libffi                         3.4.2                h7f98852_5               conda-forge
2025-01-13T15:19:41.0072319Z   libgcc-ng                      13.2.0               h77fa898_10              conda-forge
2025-01-13T15:19:41.0073494Z   libgd                          2.3.3                h119a65a_9               conda-forge
2025-01-13T15:19:41.0074193Z   libgfortran-ng                 13.2.0               h69a702a_10              conda-forge
2025-01-13T15:19:41.0074977Z   libgfortran5                   13.2.0               h3d2ce59_10              conda-forge
2025-01-13T15:19:41.0075826Z   libglib                        2.80.2               h8a4344b_1               conda-forge
2025-01-13T15:19:41.0076506Z   libgomp                        13.2.0               h77fa898_10              conda-forge
2025-01-13T15:19:41.0077170Z   libiconv                       1.17                 hd590300_2               conda-forge
2025-01-13T15:19:41.0077830Z   libjpeg-turbo                  3.0.0                hd590300_1               conda-forge
2025-01-13T15:19:41.0078512Z   liblapack                      3.9.0                22_linux64_openblas      conda-forge
2025-01-13T15:19:41.0079184Z   libllvm14                      14.0.6               hcd5def8_4               conda-forge
2025-01-13T15:19:41.0079843Z   libnghttp2                     1.58.0               h47da74e_1               conda-forge
2025-01-13T15:19:41.0080495Z   libnsl                         2.0.1                hd590300_0               conda-forge
2025-01-13T15:19:41.0081152Z   libopenblas                    0.3.27               pthreads_h413a1c8_0      conda-forge
2025-01-13T15:19:41.0081852Z   libpng                         1.6.43               h2797004_0               conda-forge
2025-01-13T15:19:41.0082450Z   librsvg                        2.58.1               hadf69e7_0               conda-forge
2025-01-13T15:19:41.0083122Z   libsodium                      1.0.18               h36c2ea0_1               conda-forge
2025-01-13T15:19:41.0083771Z   libsqlite                      3.46.0               hde9e2c9_0               conda-forge
2025-01-13T15:19:41.0084412Z   libssh2                        1.11.0               h0841786_0               conda-forge
2025-01-13T15:19:41.0085068Z   libstdcxx-ng                   13.2.0               hc0a3c3a_10              conda-forge
2025-01-13T15:19:41.0085890Z   libtiff                        4.6.0                h1dd3fc0_3               conda-forge
2025-01-13T15:19:41.0086518Z   libuuid                        2.38.1               h0b41bf4_0               conda-forge
2025-01-13T15:19:41.0087138Z   libwebp                        1.4.0                h2c329e2_0               conda-forge
2025-01-13T15:19:41.0087938Z   libwebp-base                   1.4.0                hd590300_0               conda-forge
2025-01-13T15:19:41.0088622Z   libxcb                         1.15                 h0b41bf4_0               conda-forge
2025-01-13T15:19:41.0092792Z   libxcrypt                      4.4.36               hd590300_1               conda-forge
2025-01-13T15:19:41.0093472Z   libxml2                        2.12.7               hc051c1a_1               conda-forge
2025-01-13T15:19:41.0094116Z   libxslt                        1.1.39               h76b75d6_0               conda-forge
2025-01-13T15:19:41.0094732Z   libzlib                        1.3.1                h4ab18f5_1               conda-forge
2025-01-13T15:19:41.0095360Z   llvmlite                       0.42.0               py312hb06c811_1          conda-forge
2025-01-13T15:19:41.0096120Z   lxml                           5.2.2                py312hb90d8a5_0          conda-forge
2025-01-13T15:19:41.0096682Z   lz4-c                          1.9.4                hcb278e6_0               conda-forge
2025-01-13T15:19:41.0097233Z   lzo                            2.10                 hd590300_1001            conda-forge
2025-01-13T15:19:41.0097817Z   markupsafe                     2.1.5                py312h98912ed_0          conda-forge
2025-01-13T15:19:41.0098484Z   matplotlib-base                3.8.4                py312h20ab3a6_2          conda-forge
2025-01-13T15:19:41.0099262Z   matplotlib-inline              0.1.7                pyhd8ed1ab_0             conda-forge
2025-01-13T15:19:41.0100112Z   mistune                        3.0.2                pyhd8ed1ab_0             conda-forge
2025-01-13T15:19:41.0100700Z   mpc                            1.3.1                hfe3b2da_0               conda-forge
2025-01-13T15:19:41.0101248Z   mpfr                           4.2.1                h9458935_1               conda-forge
2025-01-13T15:19:41.0101816Z   mpmath                         1.3.0                pyhd8ed1ab_0             conda-forge
2025-01-13T15:19:41.0102421Z   munkres                        1.1.4                pyh9f0ad1d_0             conda-forge
2025-01-13T15:19:41.0103058Z   mypy_extensions                1.0.0                pyha770c72_0             conda-forge
2025-01-13T15:19:41.0103713Z   nbclassic                      1.1.0                pyhd8ed1ab_0             conda-forge
2025-01-13T15:19:41.0104343Z   nbclient                       0.10.0               pyhd8ed1ab_0             conda-forge
2025-01-13T15:19:41.0104962Z   nbconvert                      7.16.4               hd8ed1ab_1               conda-forge
2025-01-13T15:19:41.0105775Z   nbconvert-core                 7.16.4               pyhd8ed1ab_1             conda-forge
2025-01-13T15:19:41.0106497Z   nbconvert-pandoc               7.16.4               hd8ed1ab_1               conda-forge
2025-01-13T15:19:41.0107175Z   nbformat                       5.10.4               pyhd8ed1ab_0             conda-forge
2025-01-13T15:19:41.0107814Z   nbsphinx                       0.9.4                pyhd8ed1ab_0             conda-forge
2025-01-13T15:19:41.0108424Z   ncurses                        6.5                  h59595ed_0               conda-forge
2025-01-13T15:19:41.0109041Z   nest-asyncio                   1.6.0                pyhd8ed1ab_0             conda-forge
2025-01-13T15:19:41.0109680Z   networkx                       3.3                  pyhd8ed1ab_1             conda-forge
2025-01-13T15:19:41.0110253Z   nomkl                          1.0                  h5ca1d4c_0               conda-forge
2025-01-13T15:19:41.0110853Z   notebook                       7.2.1                pyhd8ed1ab_0             conda-forge
2025-01-13T15:19:41.0111520Z   notebook-shim                  0.2.4                pyhd8ed1ab_0             conda-forge
2025-01-13T15:19:41.0112160Z   numba                          0.59.1               py312hacefee8_0          conda-forge
2025-01-13T15:19:41.0112770Z   numexpr                        2.10.0               py312hf412c99_100        conda-forge
2025-01-13T15:19:41.0113540Z   numpy                          1.26.4               py312heda63a1_0          conda-forge
2025-01-13T15:19:41.0114150Z   numpydoc                       1.7.0                pyhd8ed1ab_1             conda-forge
2025-01-13T15:19:41.0114772Z   openjpeg                       2.5.2                h488ebb8_0               conda-forge
2025-01-13T15:19:41.0115387Z   openssl                        3.3.1                h4ab18f5_0               conda-forge
2025-01-13T15:19:41.0116152Z   overrides                      7.7.0                pyhd8ed1ab_0             conda-forge
2025-01-13T15:19:41.0116813Z   packaging                      24.1                 pyhd8ed1ab_0             conda-forge
2025-01-13T15:19:41.0117470Z   pandas                         2.2.2                py312h1d6d2e6_1          conda-forge
2025-01-13T15:19:41.0118043Z   pandoc                         3.2                  ha770c72_0               conda-forge
2025-01-13T15:19:41.0118693Z   pandocfilters                  1.5.0                pyhd8ed1ab_0             conda-forge
2025-01-13T15:19:41.0119346Z   pango                          1.54.0               h84a9a3c_0               conda-forge
2025-01-13T15:19:41.0119929Z   parso                          0.8.4                pyhd8ed1ab_0             conda-forge
2025-01-13T15:19:41.0120549Z   pathspec                       0.12.1               pyhd8ed1ab_0             conda-forge
2025-01-13T15:19:41.0121155Z   pbr                            6.0.0                pyhd8ed1ab_0             conda-forge
2025-01-13T15:19:41.0121739Z   pcre2                          10.44                h0f59acf_0               conda-forge
2025-01-13T15:19:41.0122487Z   pexpect                        4.9.0                pyhd8ed1ab_0             conda-forge
2025-01-13T15:19:41.0123149Z   pickleshare                    0.7.5                py_1003                  conda-forge
2025-01-13T15:19:41.0123793Z   pillow                         10.3.0               py312hdcec9eb_0          conda-forge
2025-01-13T15:19:41.0124391Z   pip                            24.0                 pyhd8ed1ab_0             conda-forge
2025-01-13T15:19:41.0124963Z   pixman                         0.43.2               h59595ed_0               conda-forge
2025-01-13T15:19:41.0125930Z   pkgutil-resolve-name           1.3.10               pyhd8ed1ab_1             conda-forge
2025-01-13T15:19:41.0126669Z   platformdirs                   4.2.2                pyhd8ed1ab_0             conda-forge
2025-01-13T15:19:41.0127325Z   plotly                         5.22.0               pyhd8ed1ab_0             conda-forge
2025-01-13T15:19:41.0127932Z   pluggy                         1.5.0                pyhd8ed1ab_0             conda-forge
2025-01-13T15:19:41.0128610Z   prometheus_client              0.20.0               pyhd8ed1ab_0             conda-forge
2025-01-13T15:19:41.0129323Z   prompt-toolkit                 3.0.47               pyha770c72_0             conda-forge
2025-01-13T15:19:41.0129979Z   psutil                         5.9.8                py312h98912ed_0          conda-forge
2025-01-13T15:19:41.0130610Z   pthread-stubs                  0.4                  h36c2ea0_1001            conda-forge
2025-01-13T15:19:41.0131280Z   ptyprocess                     0.7.0                pyhd3deb0d_0             conda-forge
2025-01-13T15:19:41.0131935Z   pure_eval                      0.2.2                pyhd8ed1ab_0             conda-forge
2025-01-13T15:19:41.0132561Z   py-cpuinfo                     9.0.0                pyhd8ed1ab_0             conda-forge
2025-01-13T15:19:41.0133178Z   pybtex                         0.24.0               pyhd8ed1ab_2             conda-forge
2025-01-13T15:19:41.0133834Z   pybtex-docutils                1.0.3                py312h7900ff3_1          conda-forge
2025-01-13T15:19:41.0134508Z   pycparser                      2.22                 pyhd8ed1ab_0             conda-forge
2025-01-13T15:19:41.0135125Z   pyerfa                         2.0.1.4              py312h085067d_1          conda-forge
2025-01-13T15:19:41.0136119Z   pygments                       2.18.0               pyhd8ed1ab_0             conda-forge
2025-01-13T15:19:41.0136744Z   pygraphviz                     1.13                 py312h4a1d8a7_1          conda-forge
2025-01-13T15:19:41.0137349Z   pyparsing                      3.1.2                pyhd8ed1ab_0             conda-forge
2025-01-13T15:19:41.0137969Z   pysocks                        1.7.1                pyha2e5f31_6             conda-forge
2025-01-13T15:19:41.0138582Z   pytables                       3.9.2                py312h96d95ec_2          conda-forge
2025-01-13T15:19:41.0139208Z   pytest                         8.2.2                pyhd8ed1ab_0             conda-forge
2025-01-13T15:19:41.0139826Z   pytest-cov                     5.0.0                pyhd8ed1ab_0             conda-forge
2025-01-13T15:19:41.0140516Z   pytest-doctestplus             1.2.1                pyhd8ed1ab_0             conda-forge
2025-01-13T15:19:41.0141213Z   pytest-html                    4.1.1                pyhd8ed1ab_0             conda-forge
2025-01-13T15:19:41.0141907Z   pytest-metadata                3.1.1                pyhd8ed1ab_0             conda-forge
2025-01-13T15:19:41.0142558Z   python                         3.12.4               h194c7f8_0_cpython       conda-forge
2025-01-13T15:19:41.0143210Z   python-dateutil                2.9.0                pyhd8ed1ab_0             conda-forge
2025-01-13T15:19:41.0143954Z   python-fastjsonschema          2.20.0               pyhd8ed1ab_0             conda-forge
2025-01-13T15:19:41.0144713Z   python-json-logger             2.0.7                pyhd8ed1ab_0             conda-forge
2025-01-13T15:19:41.0145721Z   python-tzdata                  2024.1               pyhd8ed1ab_0             conda-forge
2025-01-13T15:19:41.0146399Z   python_abi                     3.12                 4_cp312                  conda-forge
2025-01-13T15:19:41.0147020Z   pytz                           2024.1               pyhd8ed1ab_0             conda-forge
2025-01-13T15:19:41.0147631Z   pyyaml                         6.0.1                py312h98912ed_1          conda-forge
2025-01-13T15:19:41.0148222Z   pyzmq                          26.0.3               py312h8fd38d8_0          conda-forge
2025-01-13T15:19:41.0148810Z   qgrid                          1.3.1                pyhd8ed1ab_4             conda-forge
2025-01-13T15:19:41.0149466Z   radioactivedecay               0.5.1                pyhd8ed1ab_0             conda-forge
2025-01-13T15:19:41.0150140Z   readline                       8.2                  h8228510_1               conda-forge
2025-01-13T15:19:41.0150796Z   recommonmark                   0.7.1                pyhd8ed1ab_0             conda-forge
2025-01-13T15:19:41.0151475Z   referencing                    0.35.1               pyhd8ed1ab_0             conda-forge
2025-01-13T15:19:41.0152138Z   requests                       2.32.3               pyhd8ed1ab_0             conda-forge
2025-01-13T15:19:41.0152807Z   rfc3339-validator              0.1.4                pyhd8ed1ab_0             conda-forge
2025-01-13T15:19:41.0153540Z   rfc3986-validator              0.1.1                pyh9f0ad1d_0             conda-forge
2025-01-13T15:19:41.0154205Z   rpds-py                        0.18.1               py312h4413252_0          conda-forge
2025-01-13T15:19:41.0154779Z   ruff                           0.4.9                py312h5715c7c_0          conda-forge
2025-01-13T15:19:41.0155369Z   scipy                          1.13.1               py312hc2bc53b_0          conda-forge
2025-01-13T15:19:41.0156147Z   send2trash                     1.8.3                pyh0d859eb_0             conda-forge
2025-01-13T15:19:41.0156818Z   setuptools                     70.0.0               pyhd8ed1ab_0             conda-forge
2025-01-13T15:19:41.0157506Z   setuptools-scm                 8.1.0                pyhd8ed1ab_0             conda-forge
2025-01-13T15:19:41.0158189Z   setuptools_scm                 8.1.0                hd8ed1ab_0               conda-forge
2025-01-13T15:19:41.0158960Z   six                            1.16.0               pyh6c4a22f_0             conda-forge
2025-01-13T15:19:41.0159550Z   snakeviz                       2.2.0                pyhd8ed1ab_0             conda-forge
2025-01-13T15:19:41.0160143Z   snappy                         1.2.0                hdb0a2a9_1               conda-forge
2025-01-13T15:19:41.0160750Z   sniffio                        1.3.1                pyhd8ed1ab_0             conda-forge
2025-01-13T15:19:41.0161426Z   snowballstemmer                2.2.0                pyhd8ed1ab_0             conda-forge
2025-01-13T15:19:41.0162110Z   soupsieve                      2.5                  pyhd8ed1ab_1             conda-forge
2025-01-13T15:19:41.0162732Z   sphinx                         7.3.7                pyhd8ed1ab_0             conda-forge
2025-01-13T15:19:41.0163373Z   sphinx-astropy                 1.9.1                pyhd8ed1ab_0             conda-forge
2025-01-13T15:19:41.0164091Z   sphinx-automodapi              0.17.0               pyh717bed2_1             conda-forge
2025-01-13T15:19:41.0164823Z   sphinx-gallery                 0.16.0               pyhd8ed1ab_0             conda-forge
2025-01-13T15:19:41.0165675Z   sphinx-jsonschema              1.19.1               pyhd8ed1ab_0             conda-forge
2025-01-13T15:19:41.0166432Z   sphinx_bootstrap_theme         0.8.1                pyhd8ed1ab_0             conda-forge
2025-01-13T15:19:41.0167167Z   sphinx_rtd_theme               2.0.0                pyha770c72_0             conda-forge
2025-01-13T15:19:41.0167890Z   sphinxcontrib-apidoc           0.3.0                py_1                     conda-forge
2025-01-13T15:19:41.0168828Z   sphinxcontrib-applehelp        1.0.8                pyhd8ed1ab_0             conda-forge
2025-01-13T15:19:41.0169630Z   sphinxcontrib-bibtex           2.6.2                pyhd8ed1ab_0             conda-forge
2025-01-13T15:19:41.0170414Z   sphinxcontrib-devhelp          1.0.6                pyhd8ed1ab_0             conda-forge
2025-01-13T15:19:41.0171221Z   sphinxcontrib-htmlhelp         2.0.5                pyhd8ed1ab_0             conda-forge
2025-01-13T15:19:41.0171993Z   sphinxcontrib-jquery           4.1                  pyhd8ed1ab_0             conda-forge
2025-01-13T15:19:41.0172763Z   sphinxcontrib-jsmath           1.0.1                pyhd8ed1ab_0             conda-forge
2025-01-13T15:19:41.0173526Z   sphinxcontrib-qthelp           1.0.7                pyhd8ed1ab_0             conda-forge
2025-01-13T15:19:41.0174358Z   sphinxcontrib-serializinghtml  1.1.10               pyhd8ed1ab_0             conda-forge
2025-01-13T15:19:41.0175128Z   stack_data                     0.6.2                pyhd8ed1ab_0             conda-forge
2025-01-13T15:19:41.0175863Z   sympy                          1.12.1               pypyh2585a3b_103         conda-forge
2025-01-13T15:19:41.0176466Z   tabulate                       0.9.0                pyhd8ed1ab_1             conda-forge
2025-01-13T15:19:41.0177084Z   tenacity                       8.4.1                pyhd8ed1ab_0             conda-forge
2025-01-13T15:19:41.0177722Z   terminado                      0.18.1               pyh0d859eb_0             conda-forge
2025-01-13T15:19:41.0178350Z   tinycss2                       1.3.0                pyhd8ed1ab_0             conda-forge
2025-01-13T15:19:41.0178936Z   tk                             8.6.13               noxft_h4845f30_101       conda-forge
2025-01-13T15:19:41.0179492Z   toml                           0.10.2               pyhd8ed1ab_0             conda-forge
2025-01-13T15:19:41.0180064Z   tomli                          2.0.1                pyhd8ed1ab_0             conda-forge
2025-01-13T15:19:41.0180663Z   tornado                        6.4.1                py312h9a8786e_0          conda-forge
2025-01-13T15:19:41.0181247Z   tqdm                           4.66.4               pyhd8ed1ab_0             conda-forge
2025-01-13T15:19:41.0181850Z   traitlets                      5.14.3               pyhd8ed1ab_0             conda-forge
2025-01-13T15:19:41.0182681Z   typed-ast                      1.5.5                py312h98912ed_1          conda-forge
2025-01-13T15:19:41.0183408Z   types-python-dateutil          2.9.0.20240316       pyhd8ed1ab_0             conda-forge
2025-01-13T15:19:41.0184182Z   typing-extensions              4.12.2               hd8ed1ab_0               conda-forge
2025-01-13T15:19:41.0184891Z   typing_extensions              4.12.2               pyha770c72_0             conda-forge
2025-01-13T15:19:41.0185688Z   typing_utils                   0.1.0                pyhd8ed1ab_0             conda-forge
2025-01-13T15:19:41.0186327Z   tzdata                         2024a                h0c530f3_0               conda-forge
2025-01-13T15:19:41.0186971Z   uri-template                   1.3.0                pyhd8ed1ab_0             conda-forge
2025-01-13T15:19:41.0187613Z   urllib3                        2.2.2                pyhd8ed1ab_0             conda-forge
2025-01-13T15:19:41.0188229Z   wcwidth                        0.2.13               pyhd8ed1ab_0             conda-forge
2025-01-13T15:19:41.0188868Z   webcolors                      24.6.0               pyhd8ed1ab_0             conda-forge
2025-01-13T15:19:41.0189535Z   webencodings                   0.5.1                pyhd8ed1ab_2             conda-forge
2025-01-13T15:19:41.0190241Z   websocket-client               1.8.0                pyhd8ed1ab_0             conda-forge
2025-01-13T15:19:41.0190910Z   wheel                          0.43.0               pyhd8ed1ab_1             conda-forge
2025-01-13T15:19:41.0191581Z   widgetsnbextension             3.6.6                pyhd8ed1ab_0             conda-forge
2025-01-13T15:19:41.0192451Z   xorg-kbproto                   1.0.7                h7f98852_1002            conda-forge
2025-01-13T15:19:41.0193104Z   xorg-libice                    1.1.1                hd590300_0               conda-forge
2025-01-13T15:19:41.0193734Z   xorg-libsm                     1.2.4                h7391055_0               conda-forge
2025-01-13T15:19:41.0194370Z   xorg-libx11                    1.8.9                h8ee46fc_0               conda-forge
2025-01-13T15:19:41.0195011Z   xorg-libxau                    1.0.11               hd590300_0               conda-forge
2025-01-13T15:19:41.0195778Z   xorg-libxdmcp                  1.1.3                h7f98852_0               conda-forge
2025-01-13T15:19:41.0196446Z   xorg-libxext                   1.3.4                h0b41bf4_2               conda-forge
2025-01-13T15:19:41.0197131Z   xorg-libxrender                0.9.11               hd590300_0               conda-forge
2025-01-13T15:19:41.0197845Z   xorg-renderproto               0.11.1               h7f98852_1002            conda-forge
2025-01-13T15:19:41.0198542Z   xorg-xextproto                 7.3.0                h0b41bf4_1003            conda-forge
2025-01-13T15:19:41.0199211Z   xorg-xproto                    7.0.31               h7f98852_1007            conda-forge
2025-01-13T15:19:41.0199798Z   xz                             5.2.6                h166bdaf_0               conda-forge
2025-01-13T15:19:41.0200378Z   yaml                           0.2.5                h7f98852_2               conda-forge
2025-01-13T15:19:41.0200958Z   zeromq                         4.3.5                h75354e8_4               conda-forge
2025-01-13T15:19:41.0201543Z   zipp                           3.19.2               pyhd8ed1ab_0             conda-forge
2025-01-13T15:19:41.0202120Z   zlib                           1.3.1                h4ab18f5_1               conda-forge
2025-01-13T15:19:41.0202689Z   zlib-ng                        2.0.7                h0b41bf4_0               conda-forge
2025-01-13T15:19:41.0203274Z   zstd                           1.5.6                ha6fb4c9_0               conda-forge
2025-01-13T15:19:41.0204083Z ##[endgroup]
2025-01-13T15:19:41.0272330Z ##[group]Run pip install -e . --user
2025-01-13T15:19:41.0272653Z [36;1mpip install -e . --user[0m
2025-01-13T15:19:41.0302489Z shell: /usr/bin/bash -l {0}
2025-01-13T15:19:41.0302878Z env:
2025-01-13T15:19:41.0303056Z   CACHE_NUMBER: 0
2025-01-13T15:19:41.0303691Z   PYTEST_FLAGS: --tardis-regression-data=/home/runner/work/tardis/tardis/tardis-regression-data --cov=tardis --cov-report=xml --cov-report=html --cov-append
2025-01-13T15:19:41.0304535Z   CODECOV_TOKEN: ***
2025-01-13T15:19:41.0304776Z   MAMBA_ROOT_PREFIX: /home/runner/micromamba
2025-01-13T15:19:41.0305097Z   MAMBA_EXE: /home/runner/micromamba-bin/micromamba
2025-01-13T15:19:41.0305456Z   CONDARC: /home/runner/work/_temp/setup-micromamba/.condarc
2025-01-13T15:19:41.0305963Z ##[endgroup]
2025-01-13T15:19:41.7717817Z Obtaining file:///home/runner/work/tardis/tardis
2025-01-13T15:19:41.7746044Z   Installing build dependencies: started
2025-01-13T15:19:44.4393622Z   Installing build dependencies: finished with status 'done'
2025-01-13T15:19:44.4399913Z   Checking if build backend supports build_editable: started
2025-01-13T15:19:44.5579971Z   Checking if build backend supports build_editable: finished with status 'done'
2025-01-13T15:19:44.5587984Z   Getting requirements to build editable: started
2025-01-13T15:19:45.0374922Z   Getting requirements to build editable: finished with status 'done'
2025-01-13T15:19:45.0383056Z   Preparing editable metadata (pyproject.toml): started
2025-01-13T15:19:45.4940791Z   Preparing editable metadata (pyproject.toml): finished with status 'done'
2025-01-13T15:19:45.5518245Z Requirement already satisfied: astropy in /home/runner/micromamba/envs/tardis/lib/python3.12/site-packages (from tardis==0.0.0) (6.1.1)
2025-01-13T15:19:45.5917365Z Requirement already satisfied: numpy>=1.23 in /home/runner/micromamba/envs/tardis/lib/python3.12/site-packages (from astropy->tardis==0.0.0) (1.26.4)
2025-01-13T15:19:45.5926190Z Requirement already satisfied: pyerfa>=2.0.1.1 in /home/runner/micromamba/envs/tardis/lib/python3.12/site-packages (from astropy->tardis==0.0.0) (2.0.1.4)
2025-01-13T15:19:45.5936380Z Requirement already satisfied: astropy-iers-data>=0.2024.5.27.0.30.8 in /home/runner/micromamba/envs/tardis/lib/python3.12/site-packages (from astropy->tardis==0.0.0) (0.2024.6.17.0.31.35)
2025-01-13T15:19:45.5944268Z Requirement already satisfied: PyYAML>=3.13 in /home/runner/micromamba/envs/tardis/lib/python3.12/site-packages (from astropy->tardis==0.0.0) (6.0.1)
2025-01-13T15:19:45.5953674Z Requirement already satisfied: packaging>=19.0 in /home/runner/micromamba/envs/tardis/lib/python3.12/site-packages (from astropy->tardis==0.0.0) (24.1)
2025-01-13T15:19:45.6040920Z Building wheels for collected packages: tardis
2025-01-13T15:19:45.6049646Z   Building editable for tardis (pyproject.toml): started
2025-01-13T15:19:46.3614501Z   Building editable for tardis (pyproject.toml): finished with status 'done'
2025-01-13T15:19:46.3620466Z   Created wheel for tardis: filename=tardis-0.0.0-0.editable-py3-none-any.whl size=8876 sha256=96c3a5ee112b94a03ffbfef91a9756d4be05b5f3c498101ffc4781e985c9d490
2025-01-13T15:19:46.3622047Z   Stored in directory: /tmp/pip-ephem-wheel-cache-bngcool0/wheels/6a/c7/ae/89fa6dc2565455898176888ef0e2e475e4e90eb0124afcb995
2025-01-13T15:19:46.3648183Z Successfully built tardis
2025-01-13T15:19:47.1330496Z Installing collected packages: tardis
2025-01-13T15:19:47.1417978Z Successfully installed tardis-0.0.0
2025-01-13T15:19:47.3698983Z ##[group]Run pip install qgridnext
2025-01-13T15:19:47.3699298Z [36;1mpip install qgridnext[0m
2025-01-13T15:19:47.3726204Z shell: /usr/bin/bash -l {0}
2025-01-13T15:19:47.3726444Z env:
2025-01-13T15:19:47.3726618Z   CACHE_NUMBER: 0
2025-01-13T15:19:47.3727254Z   PYTEST_FLAGS: --tardis-regression-data=/home/runner/work/tardis/tardis/tardis-regression-data --cov=tardis --cov-report=xml --cov-report=html --cov-append
2025-01-13T15:19:47.3728039Z   CODECOV_TOKEN: ***
2025-01-13T15:19:47.3728277Z   MAMBA_ROOT_PREFIX: /home/runner/micromamba
2025-01-13T15:19:47.3728585Z   MAMBA_EXE: /home/runner/micromamba-bin/micromamba
2025-01-13T15:19:47.3728953Z   CONDARC: /home/runner/work/_temp/setup-micromamba/.condarc
2025-01-13T15:19:47.3729264Z ##[endgroup]
2025-01-13T15:19:48.0417320Z Collecting qgridnext
2025-01-13T15:19:48.0563359Z   Downloading qgridnext-2.0.4-py3-none-any.whl.metadata (9.9 kB)
2025-01-13T15:19:48.0647874Z Requirement already satisfied: pandas>=0.20.0 in /home/runner/micromamba/envs/tardis/lib/python3.12/site-packages (from qgridnext) (2.2.2)
2025-01-13T15:19:48.0656512Z Requirement already satisfied: ipywidgets>=7.0.0 in /home/runner/micromamba/envs/tardis/lib/python3.12/site-packages (from qgridnext) (7.8.0)
2025-01-13T15:19:48.0665238Z Requirement already satisfied: numpy in /home/runner/micromamba/envs/tardis/lib/python3.12/site-packages (from qgridnext) (1.26.4)
2025-01-13T15:19:48.0675124Z Requirement already satisfied: traitlets in /home/runner/micromamba/envs/tardis/lib/python3.12/site-packages (from qgridnext) (5.14.3)
2025-01-13T15:19:48.0760840Z Requirement already satisfied: comm>=0.1.3 in /home/runner/micromamba/envs/tardis/lib/python3.12/site-packages (from ipywidgets>=7.0.0->qgridnext) (0.2.2)
2025-01-13T15:19:48.0769406Z Requirement already satisfied: ipython-genutils~=0.2.0 in /home/runner/micromamba/envs/tardis/lib/python3.12/site-packages (from ipywidgets>=7.0.0->qgridnext) (0.2.0)
2025-01-13T15:19:48.0781843Z Requirement already satisfied: widgetsnbextension~=3.6.5 in /home/runner/micromamba/envs/tardis/lib/python3.12/site-packages (from ipywidgets>=7.0.0->qgridnext) (3.6.6)
2025-01-13T15:19:48.0799540Z Requirement already satisfied: ipython>=4.0.0 in /home/runner/micromamba/envs/tardis/lib/python3.12/site-packages (from ipywidgets>=7.0.0->qgridnext) (8.25.0)
2025-01-13T15:19:48.0813749Z Requirement already satisfied: jupyterlab-widgets<3,>=1.0.0 in /home/runner/micromamba/envs/tardis/lib/python3.12/site-packages (from ipywidgets>=7.0.0->qgridnext) (1.1.7)
2025-01-13T15:19:48.1265147Z Requirement already satisfied: python-dateutil>=2.8.2 in /home/runner/micromamba/envs/tardis/lib/python3.12/site-packages (from pandas>=0.20.0->qgridnext) (2.9.0)
2025-01-13T15:19:48.1278608Z Requirement already satisfied: pytz>=2020.1 in /home/runner/micromamba/envs/tardis/lib/python3.12/site-packages (from pandas>=0.20.0->qgridnext) (2024.1)
2025-01-13T15:19:48.1286455Z Requirement already satisfied: tzdata>=2022.7 in /home/runner/micromamba/envs/tardis/lib/python3.12/site-packages (from pandas>=0.20.0->qgridnext) (2024.1)
2025-01-13T15:19:48.1605462Z Requirement already satisfied: decorator in /home/runner/micromamba/envs/tardis/lib/python3.12/site-packages (from ipython>=4.0.0->ipywidgets>=7.0.0->qgridnext) (5.1.1)
2025-01-13T15:19:48.1620145Z Requirement already satisfied: jedi>=0.16 in /home/runner/micromamba/envs/tardis/lib/python3.12/site-packages (from ipython>=4.0.0->ipywidgets>=7.0.0->qgridnext) (0.19.1)
2025-01-13T15:19:48.1628495Z Requirement already satisfied: matplotlib-inline in /home/runner/micromamba/envs/tardis/lib/python3.12/site-packages (from ipython>=4.0.0->ipywidgets>=7.0.0->qgridnext) (0.1.7)
2025-01-13T15:19:48.1639196Z Requirement already satisfied: prompt-toolkit<3.1.0,>=3.0.41 in /home/runner/micromamba/envs/tardis/lib/python3.12/site-packages (from ipython>=4.0.0->ipywidgets>=7.0.0->qgridnext) (3.0.47)
2025-01-13T15:19:48.1648135Z Requirement already satisfied: pygments>=2.4.0 in /home/runner/micromamba/envs/tardis/lib/python3.12/site-packages (from ipython>=4.0.0->ipywidgets>=7.0.0->qgridnext) (2.18.0)
2025-01-13T15:19:48.1657468Z Requirement already satisfied: stack-data in /home/runner/micromamba/envs/tardis/lib/python3.12/site-packages (from ipython>=4.0.0->ipywidgets>=7.0.0->qgridnext) (0.6.2)
2025-01-13T15:19:48.1676328Z Requirement already satisfied: pexpect>4.3 in /home/runner/micromamba/envs/tardis/lib/python3.12/site-packages (from ipython>=4.0.0->ipywidgets>=7.0.0->qgridnext) (4.9.0)
2025-01-13T15:19:48.1724583Z Requirement already satisfied: six>=1.5 in /home/runner/micromamba/envs/tardis/lib/python3.12/site-packages (from python-dateutil>=2.8.2->pandas>=0.20.0->qgridnext) (1.16.0)
2025-01-13T15:19:48.1781610Z Requirement already satisfied: notebook>=4.4.1 in /home/runner/micromamba/envs/tardis/lib/python3.12/site-packages (from widgetsnbextension~=3.6.5->ipywidgets>=7.0.0->qgridnext) (7.2.1)
2025-01-13T15:19:48.1973714Z Requirement already satisfied: parso<0.9.0,>=0.8.3 in /home/runner/micromamba/envs/tardis/lib/python3.12/site-packages (from jedi>=0.16->ipython>=4.0.0->ipywidgets>=7.0.0->qgridnext) (0.8.4)
2025-01-13T15:19:48.2120705Z Requirement already satisfied: jupyter-server<3,>=2.4.0 in /home/runner/micromamba/envs/tardis/lib/python3.12/site-packages (from notebook>=4.4.1->widgetsnbextension~=3.6.5->ipywidgets>=7.0.0->qgridnext) (2.14.1)
2025-01-13T15:19:48.2133567Z Requirement already satisfied: jupyterlab-server<3,>=2.27.1 in /home/runner/micromamba/envs/tardis/lib/python3.12/site-packages (from notebook>=4.4.1->widgetsnbextension~=3.6.5->ipywidgets>=7.0.0->qgridnext) (2.27.2)
2025-01-13T15:19:48.2148718Z Requirement already satisfied: jupyterlab<4.3,>=4.2.0 in /home/runner/micromamba/envs/tardis/lib/python3.12/site-packages (from notebook>=4.4.1->widgetsnbextension~=3.6.5->ipywidgets>=7.0.0->qgridnext) (4.2.2)
2025-01-13T15:19:48.2158918Z Requirement already satisfied: notebook-shim<0.3,>=0.2 in /home/runner/micromamba/envs/tardis/lib/python3.12/site-packages (from notebook>=4.4.1->widgetsnbextension~=3.6.5->ipywidgets>=7.0.0->qgridnext) (0.2.4)
2025-01-13T15:19:48.2167028Z Requirement already satisfied: tornado>=6.2.0 in /home/runner/micromamba/envs/tardis/lib/python3.12/site-packages (from notebook>=4.4.1->widgetsnbextension~=3.6.5->ipywidgets>=7.0.0->qgridnext) (6.4.1)
2025-01-13T15:19:48.2196635Z Requirement already satisfied: ptyprocess>=0.5 in /home/runner/micromamba/envs/tardis/lib/python3.12/site-packages (from pexpect>4.3->ipython>=4.0.0->ipywidgets>=7.0.0->qgridnext) (0.7.0)
2025-01-13T15:19:48.2225256Z Requirement already satisfied: wcwidth in /home/runner/micromamba/envs/tardis/lib/python3.12/site-packages (from prompt-toolkit<3.1.0,>=3.0.41->ipython>=4.0.0->ipywidgets>=7.0.0->qgridnext) (0.2.13)
2025-01-13T15:19:48.2365880Z Requirement already satisfied: executing>=1.2.0 in /home/runner/micromamba/envs/tardis/lib/python3.12/site-packages (from stack-data->ipython>=4.0.0->ipywidgets>=7.0.0->qgridnext) (2.0.1)
2025-01-13T15:19:48.2375127Z Requirement already satisfied: asttokens>=2.1.0 in /home/runner/micromamba/envs/tardis/lib/python3.12/site-packages (from stack-data->ipython>=4.0.0->ipywidgets>=7.0.0->qgridnext) (2.4.1)
2025-01-13T15:19:48.2382707Z Requirement already satisfied: pure-eval in /home/runner/micromamba/envs/tardis/lib/python3.12/site-packages (from stack-data->ipython>=4.0.0->ipywidgets>=7.0.0->qgridnext) (0.2.2)
2025-01-13T15:19:48.2718550Z Requirement already satisfied: anyio>=3.1.0 in /home/runner/micromamba/envs/tardis/lib/python3.12/site-packages (from jupyter-server<3,>=2.4.0->notebook>=4.4.1->widgetsnbextension~=3.6.5->ipywidgets>=7.0.0->qgridnext) (4.4.0)
2025-01-13T15:19:48.2728540Z Requirement already satisfied: argon2-cffi>=21.1 in /home/runner/micromamba/envs/tardis/lib/python3.12/site-packages (from jupyter-server<3,>=2.4.0->notebook>=4.4.1->widgetsnbextension~=3.6.5->ipywidgets>=7.0.0->qgridnext) (23.1.0)
2025-01-13T15:19:48.2736831Z Requirement already satisfied: jinja2>=3.0.3 in /home/runner/micromamba/envs/tardis/lib/python3.12/site-packages (from jupyter-server<3,>=2.4.0->notebook>=4.4.1->widgetsnbextension~=3.6.5->ipywidgets>=7.0.0->qgridnext) (3.1.4)
2025-01-13T15:19:48.2748247Z Requirement already satisfied: jupyter-client>=7.4.4 in /home/runner/micromamba/envs/tardis/lib/python3.12/site-packages (from jupyter-server<3,>=2.4.0->notebook>=4.4.1->widgetsnbextension~=3.6.5->ipywidgets>=7.0.0->qgridnext) (8.6.2)
2025-01-13T15:19:48.2759591Z Requirement already satisfied: jupyter-core!=5.0.*,>=4.12 in /home/runner/micromamba/envs/tardis/lib/python3.12/site-packages (from jupyter-server<3,>=2.4.0->notebook>=4.4.1->widgetsnbextension~=3.6.5->ipywidgets>=7.0.0->qgridnext) (5.7.2)
2025-01-13T15:19:48.2770517Z Requirement already satisfied: jupyter-events>=0.9.0 in /home/runner/micromamba/envs/tardis/lib/python3.12/site-packages (from jupyter-server<3,>=2.4.0->notebook>=4.4.1->widgetsnbextension~=3.6.5->ipywidgets>=7.0.0->qgridnext) (0.10.0)
2025-01-13T15:19:48.2781390Z Requirement already satisfied: jupyter-server-terminals>=0.4.4 in /home/runner/micromamba/envs/tardis/lib/python3.12/site-packages (from jupyter-server<3,>=2.4.0->notebook>=4.4.1->widgetsnbextension~=3.6.5->ipywidgets>=7.0.0->qgridnext) (0.5.3)
2025-01-13T15:19:48.2794477Z Requirement already satisfied: nbconvert>=6.4.4 in /home/runner/micromamba/envs/tardis/lib/python3.12/site-packages (from jupyter-server<3,>=2.4.0->notebook>=4.4.1->widgetsnbextension~=3.6.5->ipywidgets>=7.0.0->qgridnext) (7.16.4)
2025-01-13T15:19:48.2804489Z Requirement already satisfied: nbformat>=5.3.0 in /home/runner/micromamba/envs/tardis/lib/python3.12/site-packages (from jupyter-server<3,>=2.4.0->notebook>=4.4.1->widgetsnbextension~=3.6.5->ipywidgets>=7.0.0->qgridnext) (5.10.4)
2025-01-13T15:19:48.2813320Z Requirement already satisfied: overrides>=5.0 in /home/runner/micromamba/envs/tardis/lib/python3.12/site-packages (from jupyter-server<3,>=2.4.0->notebook>=4.4.1->widgetsnbextension~=3.6.5->ipywidgets>=7.0.0->qgridnext) (7.7.0)
2025-01-13T15:19:48.2822796Z Requirement already satisfied: packaging>=22.0 in /home/runner/micromamba/envs/tardis/lib/python3.12/site-packages (from jupyter-server<3,>=2.4.0->notebook>=4.4.1->widgetsnbextension~=3.6.5->ipywidgets>=7.0.0->qgridnext) (24.1)
2025-01-13T15:19:48.2831202Z Requirement already satisfied: prometheus-client>=0.9 in /home/runner/micromamba/envs/tardis/lib/python3.12/site-packages (from jupyter-server<3,>=2.4.0->notebook>=4.4.1->widgetsnbextension~=3.6.5->ipywidgets>=7.0.0->qgridnext) (0.20.0)
2025-01-13T15:19:48.2841750Z Requirement already satisfied: pyzmq>=24 in /home/runner/micromamba/envs/tardis/lib/python3.12/site-packages (from jupyter-server<3,>=2.4.0->notebook>=4.4.1->widgetsnbextension~=3.6.5->ipywidgets>=7.0.0->qgridnext) (26.0.3)
2025-01-13T15:19:48.2850442Z Requirement already satisfied: send2trash>=1.8.2 in /home/runner/micromamba/envs/tardis/lib/python3.12/site-packages (from jupyter-server<3,>=2.4.0->notebook>=4.4.1->widgetsnbextension~=3.6.5->ipywidgets>=7.0.0->qgridnext) (1.8.3)
2025-01-13T15:19:48.2861745Z Requirement already satisfied: terminado>=0.8.3 in /home/runner/micromamba/envs/tardis/lib/python3.12/site-packages (from jupyter-server<3,>=2.4.0->notebook>=4.4.1->widgetsnbextension~=3.6.5->ipywidgets>=7.0.0->qgridnext) (0.18.1)
2025-01-13T15:19:48.2878621Z Requirement already satisfied: websocket-client>=1.7 in /home/runner/micromamba/envs/tardis/lib/python3.12/site-packages (from jupyter-server<3,>=2.4.0->notebook>=4.4.1->widgetsnbextension~=3.6.5->ipywidgets>=7.0.0->qgridnext) (1.8.0)
2025-01-13T15:19:48.3158823Z Requirement already satisfied: async-lru>=1.0.0 in /home/runner/micromamba/envs/tardis/lib/python3.12/site-packages (from jupyterlab<4.3,>=4.2.0->notebook>=4.4.1->widgetsnbextension~=3.6.5->ipywidgets>=7.0.0->qgridnext) (2.0.4)
2025-01-13T15:19:48.3170299Z Requirement already satisfied: httpx>=0.25.0 in /home/runner/micromamba/envs/tardis/lib/python3.12/site-packages (from jupyterlab<4.3,>=4.2.0->notebook>=4.4.1->widgetsnbextension~=3.6.5->ipywidgets>=7.0.0->qgridnext) (0.27.0)
2025-01-13T15:19:48.3181783Z Requirement already satisfied: ipykernel>=6.5.0 in /home/runner/micromamba/envs/tardis/lib/python3.12/site-packages (from jupyterlab<4.3,>=4.2.0->notebook>=4.4.1->widgetsnbextension~=3.6.5->ipywidgets>=7.0.0->qgridnext) (6.29.4)
2025-01-13T15:19:48.3195376Z Requirement already satisfied: jupyter-lsp>=2.0.0 in /home/runner/micromamba/envs/tardis/lib/python3.12/site-packages (from jupyterlab<4.3,>=4.2.0->notebook>=4.4.1->widgetsnbextension~=3.6.5->ipywidgets>=7.0.0->qgridnext) (2.2.5)
2025-01-13T15:19:48.3220749Z Requirement already satisfied: setuptools>=40.1.0 in /home/runner/micromamba/envs/tardis/lib/python3.12/site-packages (from jupyterlab<4.3,>=4.2.0->notebook>=4.4.1->widgetsnbextension~=3.6.5->ipywidgets>=7.0.0->qgridnext) (70.0.0)
2025-01-13T15:19:48.3407719Z Requirement already satisfied: babel>=2.10 in /home/runner/micromamba/envs/tardis/lib/python3.12/site-packages (from jupyterlab-server<3,>=2.27.1->notebook>=4.4.1->widgetsnbextension~=3.6.5->ipywidgets>=7.0.0->qgridnext) (2.14.0)
2025-01-13T15:19:48.3432947Z Requirement already satisfied: json5>=0.9.0 in /home/runner/micromamba/envs/tardis/lib/python3.12/site-packages (from jupyterlab-server<3,>=2.27.1->notebook>=4.4.1->widgetsnbextension~=3.6.5->ipywidgets>=7.0.0->qgridnext) (0.9.25)
2025-01-13T15:19:48.3443512Z Requirement already satisfied: jsonschema>=4.18.0 in /home/runner/micromamba/envs/tardis/lib/python3.12/site-packages (from jupyterlab-server<3,>=2.27.1->notebook>=4.4.1->widgetsnbextension~=3.6.5->ipywidgets>=7.0.0->qgridnext) (4.22.0)
2025-01-13T15:19:48.3461281Z Requirement already satisfied: requests>=2.31 in /home/runner/micromamba/envs/tardis/lib/python3.12/site-packages (from jupyterlab-server<3,>=2.27.1->notebook>=4.4.1->widgetsnbextension~=3.6.5->ipywidgets>=7.0.0->qgridnext) (2.32.3)
2025-01-13T15:19:48.3812033Z Requirement already satisfied: idna>=2.8 in /home/runner/micromamba/envs/tardis/lib/python3.12/site-packages (from anyio>=3.1.0->jupyter-server<3,>=2.4.0->notebook>=4.4.1->widgetsnbextension~=3.6.5->ipywidgets>=7.0.0->qgridnext) (3.7)
2025-01-13T15:19:48.3820952Z Requirement already satisfied: sniffio>=1.1 in /home/runner/micromamba/envs/tardis/lib/python3.12/site-packages (from anyio>=3.1.0->jupyter-server<3,>=2.4.0->notebook>=4.4.1->widgetsnbextension~=3.6.5->ipywidgets>=7.0.0->qgridnext) (1.3.1)
2025-01-13T15:19:48.3910481Z Requirement already satisfied: argon2-cffi-bindings in /home/runner/micromamba/envs/tardis/lib/python3.12/site-packages (from argon2-cffi>=21.1->jupyter-server<3,>=2.4.0->notebook>=4.4.1->widgetsnbextension~=3.6.5->ipywidgets>=7.0.0->qgridnext) (21.2.0)
2025-01-13T15:19:48.4080473Z Requirement already satisfied: certifi in /home/runner/micromamba/envs/tardis/lib/python3.12/site-packages (from httpx>=0.25.0->jupyterlab<4.3,>=4.2.0->notebook>=4.4.1->widgetsnbextension~=3.6.5->ipywidgets>=7.0.0->qgridnext) (2024.6.2)
2025-01-13T15:19:48.4095271Z Requirement already satisfied: httpcore==1.* in /home/runner/micromamba/envs/tardis/lib/python3.12/site-packages (from httpx>=0.25.0->jupyterlab<4.3,>=4.2.0->notebook>=4.4.1->widgetsnbextension~=3.6.5->ipywidgets>=7.0.0->qgridnext) (1.0.5)
2025-01-13T15:19:48.4172349Z Requirement already satisfied: h11<0.15,>=0.13 in /home/runner/micromamba/envs/tardis/lib/python3.12/site-packages (from httpcore==1.*->httpx>=0.25.0->jupyterlab<4.3,>=4.2.0->notebook>=4.4.1->widgetsnbextension~=3.6.5->ipywidgets>=7.0.0->qgridnext) (0.14.0)
2025-01-13T15:19:48.4355978Z Requirement already satisfied: debugpy>=1.6.5 in /home/runner/micromamba/envs/tardis/lib/python3.12/site-packages (from ipykernel>=6.5.0->jupyterlab<4.3,>=4.2.0->notebook>=4.4.1->widgetsnbextension~=3.6.5->ipywidgets>=7.0.0->qgridnext) (1.8.1)
2025-01-13T15:19:48.4376653Z Requirement already satisfied: nest-asyncio in /home/runner/micromamba/envs/tardis/lib/python3.12/site-packages (from ipykernel>=6.5.0->jupyterlab<4.3,>=4.2.0->notebook>=4.4.1->widgetsnbextension~=3.6.5->ipywidgets>=7.0.0->qgridnext) (1.6.0)
2025-01-13T15:19:48.4390998Z Requirement already satisfied: psutil in /home/runner/micromamba/envs/tardis/lib/python3.12/site-packages (from ipykernel>=6.5.0->jupyterlab<4.3,>=4.2.0->notebook>=4.4.1->widgetsnbextension~=3.6.5->ipywidgets>=7.0.0->qgridnext) (5.9.8)
2025-01-13T15:19:48.4453571Z Requirement already satisfied: MarkupSafe>=2.0 in /home/runner/micromamba/envs/tardis/lib/python3.12/site-packages (from jinja2>=3.0.3->jupyter-server<3,>=2.4.0->notebook>=4.4.1->widgetsnbextension~=3.6.5->ipywidgets>=7.0.0->qgridnext) (2.1.5)
2025-01-13T15:19:48.4647671Z Requirement already satisfied: attrs>=22.2.0 in /home/runner/micromamba/envs/tardis/lib/python3.12/site-packages (from jsonschema>=4.18.0->jupyterlab-server<3,>=2.27.1->notebook>=4.4.1->widgetsnbextension~=3.6.5->ipywidgets>=7.0.0->qgridnext) (23.2.0)
2025-01-13T15:19:48.4658128Z Requirement already satisfied: jsonschema-specifications>=2023.03.6 in /home/runner/micromamba/envs/tardis/lib/python3.12/site-packages (from jsonschema>=4.18.0->jupyterlab-server<3,>=2.27.1->notebook>=4.4.1->widgetsnbextension~=3.6.5->ipywidgets>=7.0.0->qgridnext) (2023.12.1)
2025-01-13T15:19:48.4666614Z Requirement already satisfied: referencing>=0.28.4 in /home/runner/micromamba/envs/tardis/lib/python3.12/site-packages (from jsonschema>=4.18.0->jupyterlab-server<3,>=2.27.1->notebook>=4.4.1->widgetsnbextension~=3.6.5->ipywidgets>=7.0.0->qgridnext) (0.35.1)
2025-01-13T15:19:48.4675327Z Requirement already satisfied: rpds-py>=0.7.1 in /home/runner/micromamba/envs/tardis/lib/python3.12/site-packages (from jsonschema>=4.18.0->jupyterlab-server<3,>=2.27.1->notebook>=4.4.1->widgetsnbextension~=3.6.5->ipywidgets>=7.0.0->qgridnext) (0.18.1)
2025-01-13T15:19:48.4939446Z Requirement already satisfied: platformdirs>=2.5 in /home/runner/micromamba/envs/tardis/lib/python3.12/site-packages (from jupyter-core!=5.0.*,>=4.12->jupyter-server<3,>=2.4.0->notebook>=4.4.1->widgetsnbextension~=3.6.5->ipywidgets>=7.0.0->qgridnext) (4.2.2)
2025-01-13T15:19:48.5089290Z Requirement already satisfied: python-json-logger>=2.0.4 in /home/runner/micromamba/envs/tardis/lib/python3.12/site-packages (from jupyter-events>=0.9.0->jupyter-server<3,>=2.4.0->notebook>=4.4.1->widgetsnbextension~=3.6.5->ipywidgets>=7.0.0->qgridnext) (2.0.7)
2025-01-13T15:19:48.5097699Z Requirement already satisfied: pyyaml>=5.3 in /home/runner/micromamba/envs/tardis/lib/python3.12/site-packages (from jupyter-events>=0.9.0->jupyter-server<3,>=2.4.0->notebook>=4.4.1->widgetsnbextension~=3.6.5->ipywidgets>=7.0.0->qgridnext) (6.0.1)
2025-01-13T15:19:48.5107262Z Requirement already satisfied: rfc3339-validator in /home/runner/micromamba/envs/tardis/lib/python3.12/site-packages (from jupyter-events>=0.9.0->jupyter-server<3,>=2.4.0->notebook>=4.4.1->widgetsnbextension~=3.6.5->ipywidgets>=7.0.0->qgridnext) (0.1.4)
2025-01-13T15:19:48.5115828Z Requirement already satisfied: rfc3986-validator>=0.1.1 in /home/runner/micromamba/envs/tardis/lib/python3.12/site-packages (from jupyter-events>=0.9.0->jupyter-server<3,>=2.4.0->notebook>=4.4.1->widgetsnbextension~=3.6.5->ipywidgets>=7.0.0->qgridnext) (0.1.1)
2025-01-13T15:19:48.5538243Z Requirement already satisfied: beautifulsoup4 in /home/runner/micromamba/envs/tardis/lib/python3.12/site-packages (from nbconvert>=6.4.4->jupyter-server<3,>=2.4.0->notebook>=4.4.1->widgetsnbextension~=3.6.5->ipywidgets>=7.0.0->qgridnext) (4.12.3)
2025-01-13T15:19:48.5557008Z Requirement already satisfied: bleach!=5.0.0 in /home/runner/micromamba/envs/tardis/lib/python3.12/site-packages (from nbconvert>=6.4.4->jupyter-server<3,>=2.4.0->notebook>=4.4.1->widgetsnbextension~=3.6.5->ipywidgets>=7.0.0->qgridnext) (6.1.0)
2025-01-13T15:19:48.5570708Z Requirement already satisfied: defusedxml in /home/runner/micromamba/envs/tardis/lib/python3.12/site-packages (from nbconvert>=6.4.4->jupyter-server<3,>=2.4.0->notebook>=4.4.1->widgetsnbextension~=3.6.5->ipywidgets>=7.0.0->qgridnext) (0.7.1)
2025-01-13T15:19:48.5584813Z Requirement already satisfied: jupyterlab-pygments in /home/runner/micromamba/envs/tardis/lib/python3.12/site-packages (from nbconvert>=6.4.4->jupyter-server<3,>=2.4.0->notebook>=4.4.1->widgetsnbextension~=3.6.5->ipywidgets>=7.0.0->qgridnext) (0.3.0)
2025-01-13T15:19:48.5595735Z Requirement already satisfied: mistune<4,>=2.0.3 in /home/runner/micromamba/envs/tardis/lib/python3.12/site-packages (from nbconvert>=6.4.4->jupyter-server<3,>=2.4.0->notebook>=4.4.1->widgetsnbextension~=3.6.5->ipywidgets>=7.0.0->qgridnext) (3.0.2)
2025-01-13T15:19:48.5607665Z Requirement already satisfied: nbclient>=0.5.0 in /home/runner/micromamba/envs/tardis/lib/python3.12/site-packages (from nbconvert>=6.4.4->jupyter-server<3,>=2.4.0->notebook>=4.4.1->widgetsnbextension~=3.6.5->ipywidgets>=7.0.0->qgridnext) (0.10.0)
2025-01-13T15:19:48.5623827Z Requirement already satisfied: pandocfilters>=1.4.1 in /home/runner/micromamba/envs/tardis/lib/python3.12/site-packages (from nbconvert>=6.4.4->jupyter-server<3,>=2.4.0->notebook>=4.4.1->widgetsnbextension~=3.6.5->ipywidgets>=7.0.0->qgridnext) (1.5.0)
2025-01-13T15:19:48.5633151Z Requirement already satisfied: tinycss2 in /home/runner/micromamba/envs/tardis/lib/python3.12/site-packages (from nbconvert>=6.4.4->jupyter-server<3,>=2.4.0->notebook>=4.4.1->widgetsnbextension~=3.6.5->ipywidgets>=7.0.0->qgridnext) (1.3.0)
2025-01-13T15:19:48.5747469Z Requirement already satisfied: fastjsonschema>=2.15 in /home/runner/micromamba/envs/tardis/lib/python3.12/site-packages (from nbformat>=5.3.0->jupyter-server<3,>=2.4.0->notebook>=4.4.1->widgetsnbextension~=3.6.5->ipywidgets>=7.0.0->qgridnext) (2.20.0)
2025-01-13T15:19:48.6052600Z Requirement already satisfied: charset-normalizer<4,>=2 in /home/runner/micromamba/envs/tardis/lib/python3.12/site-packages (from requests>=2.31->jupyterlab-server<3,>=2.27.1->notebook>=4.4.1->widgetsnbextension~=3.6.5->ipywidgets>=7.0.0->qgridnext) (3.3.2)
2025-01-13T15:19:48.6066496Z Requirement already satisfied: urllib3<3,>=1.21.1 in /home/runner/micromamba/envs/tardis/lib/python3.12/site-packages (from requests>=2.31->jupyterlab-server<3,>=2.27.1->notebook>=4.4.1->widgetsnbextension~=3.6.5->ipywidgets>=7.0.0->qgridnext) (2.2.2)
2025-01-13T15:19:48.6843205Z Requirement already satisfied: webencodings in /home/runner/micromamba/envs/tardis/lib/python3.12/site-packages (from bleach!=5.0.0->nbconvert>=6.4.4->jupyter-server<3,>=2.4.0->notebook>=4.4.1->widgetsnbextension~=3.6.5->ipywidgets>=7.0.0->qgridnext) (0.5.1)
2025-01-13T15:19:48.7416879Z Requirement already satisfied: fqdn in /home/runner/micromamba/envs/tardis/lib/python3.12/site-packages (from jsonschema[format-nongpl]>=4.18.0->jupyter-events>=0.9.0->jupyter-server<3,>=2.4.0->notebook>=4.4.1->widgetsnbextension~=3.6.5->ipywidgets>=7.0.0->qgridnext) (1.5.1)
2025-01-13T15:19:48.7433382Z Requirement already satisfied: isoduration in /home/runner/micromamba/envs/tardis/lib/python3.12/site-packages (from jsonschema[format-nongpl]>=4.18.0->jupyter-events>=0.9.0->jupyter-server<3,>=2.4.0->notebook>=4.4.1->widgetsnbextension~=3.6.5->ipywidgets>=7.0.0->qgridnext) (20.11.0)
2025-01-13T15:19:48.7446887Z Requirement already satisfied: jsonpointer>1.13 in /home/runner/micromamba/envs/tardis/lib/python3.12/site-packages (from jsonschema[format-nongpl]>=4.18.0->jupyter-events>=0.9.0->jupyter-server<3,>=2.4.0->notebook>=4.4.1->widgetsnbextension~=3.6.5->ipywidgets>=7.0.0->qgridnext) (3.0.0)
2025-01-13T15:19:48.7463439Z Requirement already satisfied: uri-template in /home/runner/micromamba/envs/tardis/lib/python3.12/site-packages (from jsonschema[format-nongpl]>=4.18.0->jupyter-events>=0.9.0->jupyter-server<3,>=2.4.0->notebook>=4.4.1->widgetsnbextension~=3.6.5->ipywidgets>=7.0.0->qgridnext) (1.3.0)
2025-01-13T15:19:48.7476641Z Requirement already satisfied: webcolors>=1.11 in /home/runner/micromamba/envs/tardis/lib/python3.12/site-packages (from jsonschema[format-nongpl]>=4.18.0->jupyter-events>=0.9.0->jupyter-server<3,>=2.4.0->notebook>=4.4.1->widgetsnbextension~=3.6.5->ipywidgets>=7.0.0->qgridnext) (24.6.0)
2025-01-13T15:19:48.8496410Z Requirement already satisfied: cffi>=1.0.1 in /home/runner/micromamba/envs/tardis/lib/python3.12/site-packages (from argon2-cffi-bindings->argon2-cffi>=21.1->jupyter-server<3,>=2.4.0->notebook>=4.4.1->widgetsnbextension~=3.6.5->ipywidgets>=7.0.0->qgridnext) (1.16.0)
2025-01-13T15:19:48.8593462Z Requirement already satisfied: soupsieve>1.2 in /home/runner/micromamba/envs/tardis/lib/python3.12/site-packages (from beautifulsoup4->nbconvert>=6.4.4->jupyter-server<3,>=2.4.0->notebook>=4.4.1->widgetsnbextension~=3.6.5->ipywidgets>=7.0.0->qgridnext) (2.5)
2025-01-13T15:19:48.9125448Z Requirement already satisfied: pycparser in /home/runner/micromamba/envs/tardis/lib/python3.12/site-packages (from cffi>=1.0.1->argon2-cffi-bindings->argon2-cffi>=21.1->jupyter-server<3,>=2.4.0->notebook>=4.4.1->widgetsnbextension~=3.6.5->ipywidgets>=7.0.0->qgridnext) (2.22)
2025-01-13T15:19:48.9628479Z Requirement already satisfied: arrow>=0.15.0 in /home/runner/micromamba/envs/tardis/lib/python3.12/site-packages (from isoduration->jsonschema[format-nongpl]>=4.18.0->jupyter-events>=0.9.0->jupyter-server<3,>=2.4.0->notebook>=4.4.1->widgetsnbextension~=3.6.5->ipywidgets>=7.0.0->qgridnext) (1.3.0)
2025-01-13T15:19:48.9927352Z Requirement already satisfied: types-python-dateutil>=2.8.10 in /home/runner/micromamba/envs/tardis/lib/python3.12/site-packages (from arrow>=0.15.0->isoduration->jsonschema[format-nongpl]>=4.18.0->jupyter-events>=0.9.0->jupyter-server<3,>=2.4.0->notebook>=4.4.1->widgetsnbextension~=3.6.5->ipywidgets>=7.0.0->qgridnext) (2.9.0.20240316)
2025-01-13T15:19:49.0188985Z Downloading qgridnext-2.0.4-py3-none-any.whl (1.3 MB)
2025-01-13T15:19:49.0354470Z    â”â”â”â”â”â”â”â”â”â”â”â”â”â”â”â”â”â”â”â”â”â”â”â”â”â”â”â”â”â”â”â”â”â”â”â”â”â”â”â” 1.3/1.3 MB 87.6 MB/s eta 0:00:00
2025-01-13T15:19:49.8273162Z Installing collected packages: qgridnext
2025-01-13T15:19:49.9159886Z Successfully installed qgridnext-2.0.4
2025-01-13T15:19:50.1237197Z ##[group]Run pytest tardis --tardis-regression-data=/home/runner/work/tardis/tardis/tardis-regression-data --cov=tardis --cov-report=xml --cov-report=html --cov-append -m "not continuum"
2025-01-13T15:19:50.1238571Z [36;1mpytest tardis --tardis-regression-data=/home/runner/work/tardis/tardis/tardis-regression-data --cov=tardis --cov-report=xml --cov-report=html --cov-append -m "not continuum"[0m
2025-01-13T15:19:50.1265931Z shell: /usr/bin/bash -l {0}
2025-01-13T15:19:50.1266181Z env:
2025-01-13T15:19:50.1266356Z   CACHE_NUMBER: 0
2025-01-13T15:19:50.1267000Z   PYTEST_FLAGS: --tardis-regression-data=/home/runner/work/tardis/tardis/tardis-regression-data --cov=tardis --cov-report=xml --cov-report=html --cov-append
2025-01-13T15:19:50.1267787Z   CODECOV_TOKEN: ***
2025-01-13T15:19:50.1268030Z   MAMBA_ROOT_PREFIX: /home/runner/micromamba
2025-01-13T15:19:50.1268355Z   MAMBA_EXE: /home/runner/micromamba-bin/micromamba
2025-01-13T15:19:50.1268756Z   CONDARC: /home/runner/work/_temp/setup-micromamba/.condarc
2025-01-13T15:19:50.1269075Z ##[endgroup]
2025-01-13T15:19:59.2734916Z ============================= test session starts ==============================
2025-01-13T15:19:59.2736175Z platform linux -- Python 3.12.4, pytest-8.2.2, pluggy-1.5.0
2025-01-13T15:19:59.2736830Z rootdir: /home/runner/work/tardis/tardis
2025-01-13T15:19:59.2737342Z configfile: pyproject.toml
2025-01-13T15:19:59.2737939Z plugins: anyio-4.4.0, doctestplus-1.2.1, cov-5.0.0, html-4.1.1, metadata-3.1.1
2025-01-13T15:19:59.2738631Z collected 1796 items / 2 deselected / 1794 selected
2025-01-13T15:19:59.2739010Z 
2025-01-13T15:20:04.2061052Z tardis/energy_input/tests/test_energy_source.py ..xxx                    [  0%]
2025-01-13T15:20:07.1611708Z tardis/energy_input/tests/test_gamma_ray_channel.py ...........          [  0%]
2025-01-13T15:20:08.8339607Z tardis/energy_input/tests/test_gamma_ray_grid.py xx.                     [  1%]
2025-01-13T15:20:10.6006876Z tardis/energy_input/tests/test_gamma_ray_interactions.py xx....          [  1%]
2025-01-13T15:20:10.6098311Z tardis/energy_input/tests/test_gamma_ray_packet_source.py sssssssss      [  1%]
2025-01-13T15:20:11.9089124Z tardis/energy_input/tests/test_util.py .....xxxx.....                    [  2%]
2025-01-13T15:20:12.2466646Z tardis/grid/tests/test_grid.py .                                         [  2%]
2025-01-13T15:20:12.2481699Z tardis/gui/tests/test_gui.py s                                           [  2%]
2025-01-13T15:20:15.8120774Z tardis/io/configuration/tests/test_config_reader.py ...........          [  3%]
2025-01-13T15:20:15.8248929Z tardis/io/configuration/tests/test_configuration_namespace.py .........  [  3%]
2025-01-13T15:20:15.8514757Z tardis/io/logger/tests/test_logging.py ssssssssssssssssssssssssssss      [  5%]
2025-01-13T15:20:53.9309859Z tardis/io/model/readers/tests/test_arepo_parser.py ..                    [  5%]
2025-01-13T15:20:53.9457567Z tardis/io/model/readers/tests/test_ascii_readers.py ...                  [  5%]
2025-01-13T15:20:53.9563558Z tardis/io/model/readers/tests/test_cmfgen_reader.py ..                   [  5%]
2025-01-13T15:20:53.9856083Z tardis/io/model/readers/tests/test_csvy_reader.py ....                   [  6%]
2025-01-13T15:20:54.0062878Z tardis/io/model/readers/tests/test_stella_reader.py ..                   [  6%]
2025-01-13T15:20:54.3067052Z tardis/io/tests/test_HDFWriter.py ...............                        [  7%]
2025-01-13T15:20:54.6236151Z tardis/io/tests/test_atomic.py .....                                     [  7%]
2025-01-13T15:20:54.6427564Z tardis/io/tests/test_decay.py ..                                         [  7%]
2025-01-13T15:20:54.8347729Z tardis/io/tests/test_model_reader.py ......                              [  7%]
2025-01-13T15:20:54.8414973Z tardis/model/geometry/tests/test_radial1d.py ..                          [  7%]
2025-01-13T15:21:52.8947336Z tardis/model/tests/test_base.py ........................................ [ 10%]
2025-01-13T15:21:53.8672199Z ............                                                             [ 10%]
2025-01-13T15:21:56.8784476Z tardis/model/tests/test_csvy_model.py .........                          [ 11%]
2025-01-13T15:21:56.9257907Z tardis/model/tests/test_density.py ..                                    [ 11%]
2025-01-13T15:21:58.2206242Z tardis/opacities/tests/test_opacity_solver.py .....                      [ 11%]
2025-01-13T15:21:59.5370208Z tardis/opacities/tests/test_opacity_state_numba.py .....                 [ 11%]
2025-01-13T15:22:01.5788845Z tardis/opacities/tests/test_tau_sobolev.py FF                            [ 12%]
2025-01-13T15:22:04.3242460Z tardis/plasma/equilibrium/tests/test_collisional_transitions.py ...      [ 12%]
2025-01-13T15:22:50.8266209Z tardis/plasma/equilibrium/tests/test_level_populations.py ....           [ 12%]
2025-01-13T15:23:02.1839801Z tardis/plasma/equilibrium/tests/test_rate_matrix.py .                    [ 12%]
2025-01-13T15:23:03.5887630Z tardis/plasma/tests/test_complete_plasmas.py .....................s..... [ 13%]
2025-01-13T15:23:06.4789010Z s....ssssss............s............ss.....s....ssssss............s..... [ 18%]
2025-01-13T15:23:08.1881983Z .......ss.....s....ssssss............s............ss.....s....ssssss.... [ 22%]
2025-01-13T15:23:11.3838997Z ........s............ss.....s........ss............s............ss.....s [ 26%]
2025-01-13T15:23:14.3441855Z ........ss............s............ss.....s....ssssss............s...... [ 30%]
2025-01-13T15:23:15.1073574Z ......ss.....s....ssssss............s............ss.....s.ss.ssssss..... [ 34%]
2025-01-13T15:23:18.0503835Z .......s............ss.....s....ssssss............s............ss.....s. [ 38%]
2025-01-13T15:23:20.9342384Z ...ssssss............s............ss.....s....ssssss............s....... [ 42%]
2025-01-13T15:23:24.3431013Z .....ss.....s....ssssss............s............s...........ssssss...... [ 46%]
2025-01-13T15:23:26.1639736Z ......s............s...........ssssss............s............s......... [ 50%]
2025-01-13T15:23:29.0775399Z ..ssssss............s............ss.....s....ssssss............s........ [ 54%]
2025-01-13T15:23:32.2847966Z ....ss.....s....ssssss..........................s.....s....ssss......... [ 58%]
2025-01-13T15:23:32.6094101Z ...................s.....s....ssss.......                                [ 60%]
2025-01-13T15:23:32.7226622Z tardis/plasma/tests/test_hdf_plasma.py ................................. [ 62%]
2025-01-13T15:23:32.7345159Z ......                                                                   [ 62%]
2025-01-13T15:23:32.8703489Z tardis/plasma/tests/test_nlte_excitation.py ...                          [ 62%]
2025-01-13T15:25:50.8366654Z tardis/plasma/tests/test_nlte_solver.py .....X                           [ 63%]
2025-01-13T15:25:50.8391866Z tardis/plasma/tests/test_plasma_continuum.py .                           [ 63%]
2025-01-13T15:26:13.7347282Z tardis/plasma/tests/test_plasma_vboundary.py .............               [ 63%]
2025-01-13T15:26:27.4751548Z tardis/plasma/tests/test_tardis_model_density_config.py ...              [ 64%]
2025-01-13T15:26:28.2099740Z tardis/simulation/tests/test_convergence.py .....                        [ 64%]
2025-01-13T15:26:36.7763144Z tardis/simulation/tests/test_simulation.py .............                 [ 65%]
2025-01-13T15:26:36.7955075Z tardis/spectrum/tests/test_cuda_formal_integral.py sssssssssssssssssssss [ 66%]
2025-01-13T15:26:37.2822813Z ssss...ssssssssssssssssssssss                                            [ 67%]
2025-01-13T15:26:37.2894630Z tardis/spectrum/tests/test_luminosity.py ....                            [ 68%]
2025-01-13T15:26:38.8871925Z tardis/spectrum/tests/test_numba_formal_integral.py .................... [ 69%]
2025-01-13T15:26:38.9068581Z ..........                                                               [ 69%]
2025-01-13T15:26:39.0854143Z tardis/spectrum/tests/test_spectrum.py ................................. [ 71%]
2025-01-13T15:26:39.1218679Z .........                                                                [ 72%]
2025-01-13T15:26:58.1447533Z tardis/spectrum/tests/test_spectrum_solver.py ....                       [ 72%]
2025-01-13T15:28:01.0101716Z tardis/tests/test_tardis_full.py ....                                    [ 72%]
2025-01-13T15:29:26.3063893Z tardis/tests/test_tardis_full_formal_integral.py ................        [ 73%]
2025-01-13T15:29:26.3807922Z tardis/tests/test_util.py .............................................  [ 75%]
2025-01-13T15:29:29.0176936Z tardis/transport/montecarlo/tests/test_base.py x.....................    [ 77%]
2025-01-13T15:29:36.6911091Z tardis/transport/montecarlo/tests/test_interaction.py .......            [ 77%]
2025-01-13T15:29:36.9038518Z tardis/transport/montecarlo/tests/test_macro_atom.py ....                [ 77%]
2025-01-13T15:29:36.9210888Z tardis/transport/montecarlo/tests/test_montecarlo.py sssssssssssssssssss [ 78%]
2025-01-13T15:29:36.9622576Z sssssssssssssssssssssssssssssssssssssssssssss                            [ 81%]
2025-01-13T15:29:45.8422756Z tardis/transport/montecarlo/tests/test_montecarlo_main_loop.py x..       [ 81%]
2025-01-13T15:29:45.8488910Z tardis/transport/montecarlo/tests/test_nonhomologous.py ...              [ 81%]
2025-01-13T15:29:51.6911805Z tardis/transport/montecarlo/tests/test_numba_interface.py .....x.        [ 82%]
2025-01-13T15:29:52.1670821Z tardis/transport/montecarlo/tests/test_opacities.py ...............      [ 82%]
2025-01-13T15:29:53.1786064Z tardis/transport/montecarlo/tests/test_packet.py .................xXXXXX [ 84%]
2025-01-13T15:29:53.3113552Z XX.........                                                              [ 84%]
2025-01-13T15:29:53.3398790Z tardis/transport/montecarlo/tests/test_packet_source.py ........         [ 85%]
2025-01-13T15:29:53.6395819Z tardis/transport/montecarlo/tests/test_rpacket_last_interaction_tracker.py . [ 85%]
2025-01-13T15:29:54.0743976Z .....                                                                    [ 85%]
2025-01-13T15:30:29.5799870Z tardis/transport/montecarlo/tests/test_rpacket_tracker.py ......         [ 85%]
2025-01-13T15:30:29.6084544Z tardis/transport/montecarlo/tests/test_single_packet_loop.py xxx         [ 86%]
2025-01-13T15:30:29.6116728Z tardis/transport/montecarlo/tests/test_tracker_utils.py ..               [ 86%]
2025-01-13T15:30:32.5027995Z tardis/transport/montecarlo/tests/test_vpacket.py ..x.                   [ 86%]
2025-01-13T15:30:32.5197595Z tardis/transport/montecarlo/tests/test_weighted_packet_source.py ....    [ 86%]
2025-01-13T15:30:35.9377007Z tardis/transport/montecarlo/tests/test_weighted_packet_source_integration.py . [ 86%]
2025-01-13T15:30:35.9378696Z                                                                          [ 86%]
2025-01-13T15:30:36.6698624Z tardis/transport/tests/test_doppler_factor.py ..................         [ 87%]
2025-01-13T15:30:38.0103017Z tardis/visualization/tools/tests/test_convergence_plot.py .............. [ 88%]
2025-01-13T15:30:40.3396652Z ......                                                                   [ 88%]
2025-01-13T15:30:45.0856358Z tardis/visualization/tools/tests/test_liv_plot.py ...................... [ 90%]
2025-01-13T15:30:47.7731432Z .............................                                            [ 91%]
2025-01-13T15:30:50.6105259Z tardis/visualization/tools/tests/test_rpacket_plot.py .................. [ 92%]
2025-01-13T15:30:57.5945315Z ....                                                                     [ 92%]
2025-01-13T15:31:04.0118732Z tardis/visualization/tools/tests/test_sdec_plot.py ..................... [ 94%]
2025-01-13T15:31:11.5854122Z ..............................                                           [ 95%]
2025-01-13T15:31:12.0155114Z tardis/visualization/widgets/tests/test_custom_abundance.py ........ss.. [ 96%]
2025-01-13T15:31:12.0921831Z ....                                                                     [ 96%]
2025-01-13T15:31:13.1503796Z tardis/visualization/widgets/tests/test_line_info.py ................... [ 97%]
2025-01-13T15:31:13.7797239Z ..................                                                       [ 98%]
2025-01-13T15:32:17.2101538Z tardis/visualization/widgets/tests/test_shell_info.py .................. [ 99%]
2025-01-13T15:32:23.5099370Z ......                                                                   [100%]
2025-01-13T15:32:23.5099858Z 
2025-01-13T15:32:23.5100127Z =================================== FAILURES ===================================
2025-01-13T15:32:23.5100828Z _____________________ test_calculate_sobolev_line_opacity ______________________
2025-01-13T15:32:23.5101361Z 
2025-01-13T15:32:23.5101899Z nb_simulation_verysimple = <tardis.simulation.base.Simulation object at 0x7fbc9193cce0>
2025-01-13T15:32:23.5103163Z regression_data = <tardis.tests.fixtures.regression_data.RegressionData object at 0x7fbc91a6a510>
2025-01-13T15:32:23.5103922Z 
2025-01-13T15:32:23.5104142Z     def test_calculate_sobolev_line_opacity(
2025-01-13T15:32:23.5104748Z         nb_simulation_verysimple, regression_data
2025-01-13T15:32:23.5105292Z     ):
2025-01-13T15:32:23.5106055Z         legacy_plasma = nb_simulation_verysimple.plasma
2025-01-13T15:32:23.5106626Z     
2025-01-13T15:32:23.5107047Z         actual = calculate_sobolev_line_opacity(
2025-01-13T15:32:23.5107634Z             legacy_plasma.lines,
2025-01-13T15:32:23.5108203Z             legacy_plasma.level_number_density,
2025-01-13T15:32:23.5108832Z             legacy_plasma.time_explosion,
2025-01-13T15:32:23.5109449Z             legacy_plasma.stimulated_emission_factor,
2025-01-13T15:32:23.5110017Z         )
2025-01-13T15:32:23.5110531Z >       expected = regression_data.sync_dataframe(actual)
2025-01-13T15:32:23.5110959Z 
2025-01-13T15:32:23.5111175Z tardis/opacities/tests/test_tau_sobolev.py:21: 
2025-01-13T15:32:23.5111749Z _ _ _ _ _ _ _ _ _ _ _ _ _ _ _ _ _ _ _ _ _ _ _ _ _ _ _ _ _ _ _ _ _ _ _ _ _ _ _ _ 
2025-01-13T15:32:23.5112402Z tardis/tests/fixtures/regression_data.py:88: in sync_dataframe
2025-01-13T15:32:23.5113156Z     return pd.read_hdf(self.fpath, key=key)
2025-01-13T15:32:23.5113694Z _ _ _ _ _ _ _ _ _ _ _ _ _ _ _ _ _ _ _ _ _ _ _ _ _ _ _ _ _ _ _ _ _ _ _ _ _ _ _ _ 
2025-01-13T15:32:23.5114060Z 
2025-01-13T15:32:23.5114742Z path_or_buf = '/home/runner/work/tardis/tardis/tardis-regression-data/test_tau_sobolev/test_calculate_sobolev_line_opacity.h5'
2025-01-13T15:32:23.5116056Z key = 'data', mode = 'r', errors = 'strict', where = None, start = None
2025-01-13T15:32:23.5116791Z stop = None, columns = None, iterator = False, chunksize = None, kwargs = {}
2025-01-13T15:32:23.5117385Z exists = False
2025-01-13T15:32:23.5117586Z 
2025-01-13T15:32:23.5117711Z     def read_hdf(
2025-01-13T15:32:23.5118079Z         path_or_buf: FilePath | HDFStore,
2025-01-13T15:32:23.5118515Z         key=None,
2025-01-13T15:32:23.5118836Z         mode: str = "r",
2025-01-13T15:32:23.5119210Z         errors: str = "strict",
2025-01-13T15:32:23.5119617Z         where: str | list | None = None,
2025-01-13T15:32:23.5120057Z         start: int | None = None,
2025-01-13T15:32:23.5120475Z         stop: int | None = None,
2025-01-13T15:32:23.5120930Z         columns: list[str] | None = None,
2025-01-13T15:32:23.5121385Z         iterator: bool = False,
2025-01-13T15:32:23.5121792Z         chunksize: int | None = None,
2025-01-13T15:32:23.5122242Z         **kwargs,
2025-01-13T15:32:23.5122582Z     ):
2025-01-13T15:32:23.5122865Z         """
2025-01-13T15:32:23.5123556Z         Read from the store, close it if we opened it.
2025-01-13T15:32:23.5124014Z     
2025-01-13T15:32:23.5124294Z         Retrieve pandas object stored in file, optionally based on where
2025-01-13T15:32:23.5124634Z         criteria.
2025-01-13T15:32:23.5124816Z     
2025-01-13T15:32:23.5130857Z         .. warning::
2025-01-13T15:32:23.5131103Z     
2025-01-13T15:32:23.5131393Z            Pandas uses PyTables for reading and writing HDF5 files, which allows
2025-01-13T15:32:23.5131868Z            serializing object-dtype data with pickle when using the "fixed" format.
2025-01-13T15:32:23.5132341Z            Loading pickled data received from untrusted sources can be unsafe.
2025-01-13T15:32:23.5132882Z     
2025-01-13T15:32:23.5133168Z            See: https://docs.python.org/3/library/pickle.html for more.
2025-01-13T15:32:23.5133498Z     
2025-01-13T15:32:23.5133663Z         Parameters
2025-01-13T15:32:23.5133856Z         ----------
2025-01-13T15:32:23.5134086Z         path_or_buf : str, path object, pandas.HDFStore
2025-01-13T15:32:23.5134488Z             Any valid string path is acceptable. Only supports the local file system,
2025-01-13T15:32:23.5134899Z             remote URLs and file-like objects are not supported.
2025-01-13T15:32:23.5135182Z     
2025-01-13T15:32:23.5135406Z             If you want to pass in a path object, pandas accepts any
2025-01-13T15:32:23.5136041Z             ``os.PathLike``.
2025-01-13T15:32:23.5136252Z     
2025-01-13T15:32:23.5136542Z             Alternatively, pandas accepts an open :class:`pandas.HDFStore` object.
2025-01-13T15:32:23.5136881Z     
2025-01-13T15:32:23.5137048Z         key : object, optional
2025-01-13T15:32:23.5137360Z             The group identifier in the store. Can be omitted if the HDF file
2025-01-13T15:32:23.5137703Z             contains a single pandas object.
2025-01-13T15:32:23.5137961Z         mode : {'r', 'r+', 'a'}, default 'r'
2025-01-13T15:32:23.5138270Z             Mode to use when opening the file. Ignored if path_or_buf is a
2025-01-13T15:32:23.5138618Z             :class:`pandas.HDFStore`. Default is 'r'.
2025-01-13T15:32:23.5138896Z         errors : str, default 'strict'
2025-01-13T15:32:23.5139221Z             Specifies how encoding and decoding errors are to be handled.
2025-01-13T15:32:23.5139597Z             See the errors argument for :func:`open` for a full list
2025-01-13T15:32:23.5139888Z             of options.
2025-01-13T15:32:23.5140092Z         where : list, optional
2025-01-13T15:32:23.5140339Z             A list of Term (or convertible) objects.
2025-01-13T15:32:23.5140604Z         start : int, optional
2025-01-13T15:32:23.5140842Z             Row number to start selection.
2025-01-13T15:32:23.5141092Z         stop  : int, optional
2025-01-13T15:32:23.5141319Z             Row number to stop selection.
2025-01-13T15:32:23.5141566Z         columns : list, optional
2025-01-13T15:32:23.5141807Z             A list of columns names to return.
2025-01-13T15:32:23.5142066Z         iterator : bool, optional
2025-01-13T15:32:23.5142305Z             Return an iterator object.
2025-01-13T15:32:23.5142544Z         chunksize : int, optional
2025-01-13T15:32:23.5142844Z             Number of rows to include in an iteration when using an iterator.
2025-01-13T15:32:23.5143158Z         **kwargs
2025-01-13T15:32:23.5143387Z             Additional keyword arguments passed to HDFStore.
2025-01-13T15:32:23.5143656Z     
2025-01-13T15:32:23.5143813Z         Returns
2025-01-13T15:32:23.5143986Z         -------
2025-01-13T15:32:23.5144165Z         object
2025-01-13T15:32:23.5144439Z             The selected object. Return type depends on the object stored.
2025-01-13T15:32:23.5144753Z     
2025-01-13T15:32:23.5144917Z         See Also
2025-01-13T15:32:23.5145096Z         --------
2025-01-13T15:32:23.5145344Z         DataFrame.to_hdf : Write a HDF file from a DataFrame.
2025-01-13T15:32:23.5145787Z         HDFStore : Low-level access to HDF files.
2025-01-13T15:32:23.5146041Z     
2025-01-13T15:32:23.5146202Z         Examples
2025-01-13T15:32:23.5146527Z         --------
2025-01-13T15:32:23.5146804Z         >>> df = pd.DataFrame([[1, 1.0, 'a']], columns=['x', 'y', 'z'])  # doctest: +SKIP
2025-01-13T15:32:23.5147167Z         >>> df.to_hdf('./store.h5', 'data')  # doctest: +SKIP
2025-01-13T15:32:23.5147495Z         >>> reread = pd.read_hdf('./store.h5')  # doctest: +SKIP
2025-01-13T15:32:23.5147773Z         """
2025-01-13T15:32:23.5147953Z         if mode not in ["r", "r+", "a"]:
2025-01-13T15:32:23.5148202Z             raise ValueError(
2025-01-13T15:32:23.5148480Z                 f"mode {mode} is not allowed while performing a read. "
2025-01-13T15:32:23.5148794Z                 f"Allowed modes are r, r+ and a."
2025-01-13T15:32:23.5149154Z             )
2025-01-13T15:32:23.5149337Z         # grab the scope
2025-01-13T15:32:23.5149572Z         if where is not None:
2025-01-13T15:32:23.5149822Z             where = _ensure_term(where, scope_level=1)
2025-01-13T15:32:23.5150083Z     
2025-01-13T15:32:23.5150269Z         if isinstance(path_or_buf, HDFStore):
2025-01-13T15:32:23.5150538Z             if not path_or_buf.is_open:
2025-01-13T15:32:23.5150843Z                 raise OSError("The HDFStore must be open for reading.")
2025-01-13T15:32:23.5151134Z     
2025-01-13T15:32:23.5151300Z             store = path_or_buf
2025-01-13T15:32:23.5151526Z             auto_close = False
2025-01-13T15:32:23.5151736Z         else:
2025-01-13T15:32:23.5151944Z             path_or_buf = stringify_path(path_or_buf)
2025-01-13T15:32:23.5152228Z             if not isinstance(path_or_buf, str):
2025-01-13T15:32:23.5152500Z                 raise NotImplementedError(
2025-01-13T15:32:23.5152828Z                     "Support for generic buffers has not been implemented."
2025-01-13T15:32:23.5153122Z                 )
2025-01-13T15:32:23.5153303Z             try:
2025-01-13T15:32:23.5153512Z                 exists = os.path.exists(path_or_buf)
2025-01-13T15:32:23.5153766Z     
2025-01-13T15:32:23.5153939Z             # if filepath is too long
2025-01-13T15:32:23.5154197Z             except (TypeError, ValueError):
2025-01-13T15:32:23.5154446Z                 exists = False
2025-01-13T15:32:23.5154655Z     
2025-01-13T15:32:23.5154830Z             if not exists:
2025-01-13T15:32:23.5155119Z >               raise FileNotFoundError(f"File {path_or_buf} does not exist")
2025-01-13T15:32:23.5155957Z E               FileNotFoundError: File /home/runner/work/tardis/tardis/tardis-regression-data/test_tau_sobolev/test_calculate_sobolev_line_opacity.h5 does not exist
2025-01-13T15:32:23.5156529Z 
2025-01-13T15:32:23.5156826Z ../../../micromamba/envs/tardis/lib/python3.12/site-packages/pandas/io/pytables.py:424: FileNotFoundError
2025-01-13T15:32:23.5157363Z ---------------------------- Captured stdout setup -----------------------------
2025-01-13T15:32:23.5158039Z [[1mtardis.io.model.parse_density_configuration[0m][[1;33mWARNING[0m]  
2025-01-13T15:32:23.5158768Z 	Number of density points larger than number of shells. Assuming inner point irrelevant ([1mparse_density_configuration.py[0m:114)
2025-01-13T15:32:23.5159367Z ---------------------------- Captured stderr setup -----------------------------
2025-01-13T15:32:23.5159608Z 
2025-01-13T15:32:23.5159938Z Iterations:â–ˆâ–ˆâ–ˆâ–ˆâ–ˆâ–ˆâ–ˆâ–ˆâ–ˆâ–ˆâ–ˆâ–ˆâ–ˆâ–ˆâ–ˆâ–ˆâ–ˆâ–ˆâ–ˆâ–ˆâ–ˆâ–ˆâ–ˆâ–ˆâ–ˆâ–ˆâ–ˆâ–ˆâ–ˆâ–ˆâ–ˆâ–ˆâ–ˆâ–ˆâ–ˆâ–ˆâ–ˆâ–ˆâ–ˆâ–ˆâ–ˆâ–ˆâ–ˆâ–ˆâ–ˆâ–ˆâ–ˆâ–ˆâ–ˆâ–ˆâ–ˆâ–ˆâ–ˆâ–ˆâ–ˆâ–ˆâ–ˆâ–ˆâ–ˆâ–ˆâ–ˆâ–ˆâ–ˆâ–ˆ                4/5 [00:11<00:02,  2.65s/it]
2025-01-13T15:32:23.5160215Z 
2025-01-13T15:32:23.5160445Z Packets:                                                                                   4030/? [00:11<00:00, 34314.80it/s][A
2025-01-13T15:32:23.5160813Z ------------------------------ Captured log setup ------------------------------
2025-01-13T15:32:23.5161566Z WARNING  tardis.io.model.parse_density_configuration:parse_density_configuration.py:114 Number of density points larger than number of shells. Assuming inner point irrelevant
2025-01-13T15:32:23.5162300Z _________________________ test_calculate_beta_sobolevs _________________________
2025-01-13T15:32:23.5162534Z 
2025-01-13T15:32:23.5162775Z nb_simulation_verysimple = <tardis.simulation.base.Simulation object at 0x7fbc9193cce0>
2025-01-13T15:32:23.5163499Z regression_data = <tardis.tests.fixtures.regression_data.RegressionData object at 0x7fbc933329f0>
2025-01-13T15:32:23.5163859Z 
2025-01-13T15:32:23.5164049Z     def test_calculate_beta_sobolevs(nb_simulation_verysimple, regression_data):
2025-01-13T15:32:23.5164445Z         legacy_plasma = nb_simulation_verysimple.plasma
2025-01-13T15:32:23.5164712Z     
2025-01-13T15:32:23.5164923Z         tau_sobolevs = calculate_sobolev_line_opacity(
2025-01-13T15:32:23.5165201Z             legacy_plasma.lines,
2025-01-13T15:32:23.5165450Z             legacy_plasma.level_number_density,
2025-01-13T15:32:23.5165960Z             legacy_plasma.time_explosion,
2025-01-13T15:32:23.5166249Z             legacy_plasma.stimulated_emission_factor,
2025-01-13T15:32:23.5166507Z         )
2025-01-13T15:32:23.5166705Z         actual = calculate_beta_sobolev(tau_sobolevs)
2025-01-13T15:32:23.5167006Z >       expected = regression_data.sync_ndarray(actual)
2025-01-13T15:32:23.5167211Z 
2025-01-13T15:32:23.5167323Z tardis/opacities/tests/test_tau_sobolev.py:35: 
2025-01-13T15:32:23.5167628Z _ _ _ _ _ _ _ _ _ _ _ _ _ _ _ _ _ _ _ _ _ _ _ _ _ _ _ _ _ _ _ _ _ _ _ _ _ _ _ _ 
2025-01-13T15:32:23.5167990Z tardis/tests/fixtures/regression_data.py:111: in sync_ndarray
2025-01-13T15:32:23.5168316Z     return np.load(self.fpath)
2025-01-13T15:32:23.5168569Z _ _ _ _ _ _ _ _ _ _ _ _ _ _ _ _ _ _ _ _ _ _ _ _ _ _ _ _ _ _ _ _ _ _ _ _ _ _ _ _ 
2025-01-13T15:32:23.5168762Z 
2025-01-13T15:32:23.5169151Z file = PosixPath('/home/runner/work/tardis/tardis/tardis-regression-data/test_tau_sobolev/test_calculate_beta_sobolevs.npy')
2025-01-13T15:32:23.5169803Z mmap_mode = None, allow_pickle = False, fix_imports = True, encoding = 'ASCII'
2025-01-13T15:32:23.5170080Z 
2025-01-13T15:32:23.5170158Z     @set_module('numpy')
2025-01-13T15:32:23.5170453Z     def load(file, mmap_mode=None, allow_pickle=False, fix_imports=True,
2025-01-13T15:32:23.5170925Z              encoding='ASCII', *, max_header_size=format._MAX_HEADER_SIZE):
2025-01-13T15:32:23.5171240Z         """
2025-01-13T15:32:23.5171515Z         Load arrays or pickled objects from ``.npy``, ``.npz`` or pickled files.
2025-01-13T15:32:23.5171840Z     
2025-01-13T15:32:23.5172115Z         .. warning:: Loading files that contain object arrays uses the ``pickle``
2025-01-13T15:32:23.5172529Z                      module, which is not secure against erroneous or maliciously
2025-01-13T15:32:23.5172909Z                      constructed data. Consider passing ``allow_pickle=False`` to
2025-01-13T15:32:23.5173285Z                      load data that is known not to contain object arrays for the
2025-01-13T15:32:23.5173627Z                      safer handling of untrusted sources.
2025-01-13T15:32:23.5173881Z     
2025-01-13T15:32:23.5174039Z         Parameters
2025-01-13T15:32:23.5174224Z         ----------
2025-01-13T15:32:23.5174453Z         file : file-like object, string, or pathlib.Path
2025-01-13T15:32:23.5174780Z             The file to read. File-like objects must support the
2025-01-13T15:32:23.5175106Z             ``seek()`` and ``read()`` methods and must always
2025-01-13T15:32:23.5175437Z             be opened in binary mode.  Pickled files require that the
2025-01-13T15:32:23.5176110Z             file-like object support the ``readline()`` method as well.
2025-01-13T15:32:23.5176468Z         mmap_mode : {None, 'r+', 'r', 'w+', 'c'}, optional
2025-01-13T15:32:23.5176821Z             If not None, then memory-map the file, using the given mode (see
2025-01-13T15:32:23.5177206Z             `numpy.memmap` for a detailed description of the modes).  A
2025-01-13T15:32:23.5177607Z             memory-mapped array is kept on disk. However, it can be accessed
2025-01-13T15:32:23.5178020Z             and sliced like any ndarray.  Memory mapping is especially useful
2025-01-13T15:32:23.5178418Z             for accessing small fragments of large files without reading the
2025-01-13T15:32:23.5178742Z             entire file into memory.
2025-01-13T15:32:23.5179127Z         allow_pickle : bool, optional
2025-01-13T15:32:23.5179464Z             Allow loading pickled object arrays stored in npy files. Reasons for
2025-01-13T15:32:23.5179896Z             disallowing pickles include security, as loading pickled data can
2025-01-13T15:32:23.5180331Z             execute arbitrary code. If pickles are disallowed, loading object
2025-01-13T15:32:23.5180673Z             arrays will fail. Default: False
2025-01-13T15:32:23.5180908Z     
2025-01-13T15:32:23.5181083Z             .. versionchanged:: 1.16.3
2025-01-13T15:32:23.5181364Z                 Made default False in response to CVE-2019-6446.
2025-01-13T15:32:23.5181634Z     
2025-01-13T15:32:23.5181951Z         fix_imports : bool, optional
2025-01-13T15:32:23.5182308Z             Only useful when loading Python 2 generated pickled files on Python 3,
2025-01-13T15:32:23.5182768Z             which includes npy/npz files containing object arrays. If `fix_imports`
2025-01-13T15:32:23.5183215Z             is True, pickle will try to map the old Python 2 names to the new names
2025-01-13T15:32:23.5183554Z             used in Python 3.
2025-01-13T15:32:23.5183788Z         encoding : str, optional
2025-01-13T15:32:23.5184110Z             What encoding to use when reading Python 2 strings. Only useful when
2025-01-13T15:32:23.5184534Z             loading Python 2 generated pickled files in Python 3, which includes
2025-01-13T15:32:23.5184957Z             npy/npz files containing object arrays. Values other than 'latin1',
2025-01-13T15:32:23.5185366Z             'ASCII', and 'bytes' are not allowed, as they can corrupt numerical
2025-01-13T15:32:23.5185854Z             data. Default: 'ASCII'
2025-01-13T15:32:23.5186108Z         max_header_size : int, optional
2025-01-13T15:32:23.5186443Z             Maximum allowed size of the header.  Large headers may not be safe
2025-01-13T15:32:23.5186860Z             to load securely and thus require explicitly passing a larger value.
2025-01-13T15:32:23.5187221Z             See :py:func:`ast.literal_eval()` for details.
2025-01-13T15:32:23.5187581Z             This option is ignored when `allow_pickle` is passed.  In that case
2025-01-13T15:32:23.5187975Z             the file is by definition trusted and the limit is unnecessary.
2025-01-13T15:32:23.5188277Z     
2025-01-13T15:32:23.5188436Z         Returns
2025-01-13T15:32:23.5188613Z         -------
2025-01-13T15:32:23.5188808Z         result : array, tuple, dict, etc.
2025-01-13T15:32:23.5189141Z             Data stored in the file. For ``.npz`` files, the returned instance
2025-01-13T15:32:23.5189540Z             of NpzFile class must be closed to avoid leaking file descriptors.
2025-01-13T15:32:23.5189851Z     
2025-01-13T15:32:23.5190010Z         Raises
2025-01-13T15:32:23.5190182Z         ------
2025-01-13T15:32:23.5190350Z         OSError
2025-01-13T15:32:23.5190569Z             If the input file does not exist or cannot be read.
2025-01-13T15:32:23.5190857Z         UnpicklingError
2025-01-13T15:32:23.5191141Z             If ``allow_pickle=True``, but the file cannot be loaded as a pickle.
2025-01-13T15:32:23.5191460Z         ValueError
2025-01-13T15:32:23.5191734Z             The file contains an object array, but ``allow_pickle=False`` given.
2025-01-13T15:32:23.5192060Z         EOFError
2025-01-13T15:32:23.5192318Z             When calling ``np.load`` multiple times on the same file handle,
2025-01-13T15:32:23.5192648Z             if all data has already been read
2025-01-13T15:32:23.5192886Z     
2025-01-13T15:32:23.5193041Z         See Also
2025-01-13T15:32:23.5193216Z         --------
2025-01-13T15:32:23.5193417Z         save, savez, savez_compressed, loadtxt
2025-01-13T15:32:23.5193757Z         memmap : Create a memory-map to an array stored in a file on disk.
2025-01-13T15:32:23.5194174Z         lib.format.open_memmap : Create or load a memory-mapped ``.npy`` file.
2025-01-13T15:32:23.5194503Z     
2025-01-13T15:32:23.5194660Z         Notes
2025-01-13T15:32:23.5194825Z         -----
2025-01-13T15:32:23.5195079Z         - If the file contains pickle data, then whatever object is stored
2025-01-13T15:32:23.5195632Z           in the pickle is returned.
2025-01-13T15:32:23.5195936Z         - If the file is a ``.npy`` file, then a single array is returned.
2025-01-13T15:32:23.5196299Z         - If the file is a ``.npz`` file, then a dictionary-like object is
2025-01-13T15:32:23.5196698Z           returned, containing ``{filename: array}`` key-value pairs, one for
2025-01-13T15:32:23.5197043Z           each file in the archive.
2025-01-13T15:32:23.5197350Z         - If the file is a ``.npz`` file, the returned value supports the
2025-01-13T15:32:23.5197765Z           context manager protocol in a similar fashion to the open function::
2025-01-13T15:32:23.5198206Z     
2025-01-13T15:32:23.5198384Z             with load('foo.npz') as data:
2025-01-13T15:32:23.5198628Z                 a = data['a']
2025-01-13T15:32:23.5198832Z     
2025-01-13T15:32:23.5199106Z           The underlying file descriptor is closed when exiting the 'with'
2025-01-13T15:32:23.5199433Z           block.
2025-01-13T15:32:23.5199609Z     
2025-01-13T15:32:23.5199763Z         Examples
2025-01-13T15:32:23.5199939Z         --------
2025-01-13T15:32:23.5200137Z         Store data to disk, and load it again:
2025-01-13T15:32:23.5200384Z     
2025-01-13T15:32:23.5200590Z         >>> np.save('/tmp/123', np.array([[1, 2, 3], [4, 5, 6]]))
2025-01-13T15:32:23.5200883Z         >>> np.load('/tmp/123.npy')
2025-01-13T15:32:23.5201117Z         array([[1, 2, 3],
2025-01-13T15:32:23.5201319Z                [4, 5, 6]])
2025-01-13T15:32:23.5201511Z     
2025-01-13T15:32:23.5201715Z         Store compressed data to disk, and load it again:
2025-01-13T15:32:23.5201986Z     
2025-01-13T15:32:23.5202164Z         >>> a=np.array([[1, 2, 3], [4, 5, 6]])
2025-01-13T15:32:23.5202413Z         >>> b=np.array([1, 2])
2025-01-13T15:32:23.5202649Z         >>> np.savez('/tmp/123.npz', a=a, b=b)
2025-01-13T15:32:23.5202910Z         >>> data = np.load('/tmp/123.npz')
2025-01-13T15:32:23.5203146Z         >>> data['a']
2025-01-13T15:32:23.5203341Z         array([[1, 2, 3],
2025-01-13T15:32:23.5203540Z                [4, 5, 6]])
2025-01-13T15:32:23.5203738Z         >>> data['b']
2025-01-13T15:32:23.5203921Z         array([1, 2])
2025-01-13T15:32:23.5204111Z         >>> data.close()
2025-01-13T15:32:23.5204299Z     
2025-01-13T15:32:23.5204521Z         Mem-map the stored array, and then access the second row
2025-01-13T15:32:23.5204822Z         directly from disk:
2025-01-13T15:32:23.5205028Z     
2025-01-13T15:32:23.5205217Z         >>> X = np.load('/tmp/123.npy', mmap_mode='r')
2025-01-13T15:32:23.5205473Z         >>> X[1, :]
2025-01-13T15:32:23.5205766Z         memmap([4, 5, 6])
2025-01-13T15:32:23.5205961Z     
2025-01-13T15:32:23.5206123Z         """
2025-01-13T15:32:23.5206333Z         if encoding not in ('ASCII', 'latin1', 'bytes'):
2025-01-13T15:32:23.5206674Z             # The 'encoding' value for pickle also affects what encoding
2025-01-13T15:32:23.5207033Z             # the serialized binary data of NumPy arrays is loaded
2025-01-13T15:32:23.5207392Z             # in. Pickle does not pass on the encoding information to
2025-01-13T15:32:23.5207752Z             # NumPy. The unpickling code in numpy.core.multiarray is
2025-01-13T15:32:23.5208117Z             # written to assume that unicode data appearing where binary
2025-01-13T15:32:23.5208489Z             # should be is in 'latin1'. 'bytes' is also safe, as is 'ASCII'.
2025-01-13T15:32:23.5208790Z             #
2025-01-13T15:32:23.5209026Z             # Other encoding values can corrupt binary data, and we
2025-01-13T15:32:23.5209397Z             # purposefully disallow them. For the same reason, the errors=
2025-01-13T15:32:23.5209793Z             # argument is not exposed, as values other than 'strict'
2025-01-13T15:32:23.5210154Z             # result can similarly silently corrupt numerical data.
2025-01-13T15:32:23.5210533Z             raise ValueError("encoding must be 'ASCII', 'latin1', or 'bytes'")
2025-01-13T15:32:23.5210849Z     
2025-01-13T15:32:23.5211227Z         pickle_kwargs = dict(encoding=encoding, fix_imports=fix_imports)
2025-01-13T15:32:23.5211538Z     
2025-01-13T15:32:23.5211722Z         with contextlib.ExitStack() as stack:
2025-01-13T15:32:23.5211989Z             if hasattr(file, 'read'):
2025-01-13T15:32:23.5212225Z                 fid = file
2025-01-13T15:32:23.5212429Z                 own_fid = False
2025-01-13T15:32:23.5212639Z             else:
2025-01-13T15:32:23.5212914Z >               fid = stack.enter_context(open(os_fspath(file), "rb"))
2025-01-13T15:32:23.5213749Z E               FileNotFoundError: [Errno 2] No such file or directory: '/home/runner/work/tardis/tardis/tardis-regression-data/test_tau_sobolev/test_calculate_beta_sobolevs.npy'
2025-01-13T15:32:23.5214330Z 
2025-01-13T15:32:23.5214609Z ../../../micromamba/envs/tardis/lib/python3.12/site-packages/numpy/lib/npyio.py:427: FileNotFoundError
2025-01-13T15:32:23.5215088Z =============================== warnings summary ===============================
2025-01-13T15:32:23.5215406Z tardis/io/configuration/config_validator.py:6
2025-01-13T15:32:23.5215970Z tardis/io/configuration/config_validator.py:6
2025-01-13T15:32:23.5216468Z   /home/runner/work/tardis/tardis/tardis/io/configuration/config_validator.py:6: DeprecationWarning:
2025-01-13T15:32:23.5216930Z   
2025-01-13T15:32:23.5218159Z   jsonschema.RefResolver is deprecated as of v4.18.0, in favor of the https://github.com/python-jsonschema/referencing library, which provides more compliant referencing behavior as well as more flexible APIs for customization. A future release will remove RefResolver. Please file a feature request (on referencing) if you are missing an API for the kind of customization you need.
2025-01-13T15:32:23.5219391Z 
2025-01-13T15:32:23.5219626Z ../../../micromamba/envs/tardis/lib/python3.12/site-packages/jupyter_client/connect.py:22
2025-01-13T15:32:23.5220311Z   /home/runner/micromamba/envs/tardis/lib/python3.12/site-packages/jupyter_client/connect.py:22: DeprecationWarning:
2025-01-13T15:32:23.5220824Z   
2025-01-13T15:32:23.5221060Z   Jupyter is migrating its paths to use standard platformdirs
2025-01-13T15:32:23.5221445Z   given by the platformdirs library.  To remove this warning and
2025-01-13T15:32:23.5221845Z   see the appropriate new directories, set the environment variable
2025-01-13T15:32:23.5222241Z   `JUPYTER_PLATFORM_DIRS=1` and then run `jupyter --paths`.
2025-01-13T15:32:23.5222617Z   The use of platformdirs will be the default in `jupyter_core` v6
2025-01-13T15:32:23.5222858Z 
2025-01-13T15:32:23.5223006Z tardis/io/tests/test_HDFWriter.py::test_multi_index_write
2025-01-13T15:32:23.5223489Z tardis/visualization/widgets/tests/test_shell_info.py::TestHDFShellInfo::test_shells_data
2025-01-13T15:32:23.5224056Z   /home/runner/work/tardis/tardis/tardis/io/util.py:276: PerformanceWarning:
2025-01-13T15:32:23.5224419Z   
2025-01-13T15:32:23.5224573Z   
2025-01-13T15:32:23.5224860Z   your performance may suffer as PyTables will pickle object types that it cannot
2025-01-13T15:32:23.5225406Z   map directly to c-types [inferred_type->mixed,key->block0_values] [items->Index([0], dtype='int64')]
2025-01-13T15:32:23.5225881Z 
2025-01-13T15:32:23.5226073Z tardis/io/tests/test_model_reader.py::test_read_cmfgen_isotope_abundances
2025-01-13T15:32:23.5226563Z tardis/plasma/tests/test_tardis_model_density_config.py::test_electron_densities
2025-01-13T15:32:23.5227087Z tardis/plasma/tests/test_tardis_model_density_config.py::test_isotope_number_densities
2025-01-13T15:32:23.5227590Z tardis/plasma/tests/test_tardis_model_density_config.py::test_t_rad
2025-01-13T15:32:23.5228161Z   /home/runner/work/tardis/tardis/tardis/io/model/readers/cmfgen_deprecated.py:82: DeprecationWarning:
2025-01-13T15:32:23.5228626Z   
2025-01-13T15:32:23.5228826Z   The current CMFGEN model parser is deprecated
2025-01-13T15:32:23.5229019Z 
2025-01-13T15:32:23.5229130Z tardis/io/tests/test_model_reader.py: 1 warning
2025-01-13T15:32:23.5229486Z tardis/plasma/tests/test_tardis_model_density_config.py: 9 warnings
2025-01-13T15:32:23.5230212Z   /home/runner/work/tardis/tardis/tardis/io/model/readers/cmfgen_deprecated.py:40: DeprecationWarning:
2025-01-13T15:32:23.5230674Z   
2025-01-13T15:32:23.5230862Z   The current CMFGEN model parser is deprecated
2025-01-13T15:32:23.5231050Z 
2025-01-13T15:32:23.5231265Z tardis/model/tests/test_base.py::TestModelFromPaper1Config::test_abundances
2025-01-13T15:32:23.5231923Z   /home/runner/work/tardis/tardis/tardis/transport/montecarlo/montecarlo_main_loop.py:123: NumbaTypeSafetyWarning:
2025-01-13T15:32:23.5232442Z   
2025-01-13T15:32:23.5232840Z   [1m[1m[1munsafe cast from uint64 to int64. Precision may be lost.[0m[0m[0m
2025-01-13T15:32:23.5233109Z 
2025-01-13T15:32:23.5233327Z tardis/model/tests/test_base.py: 6 warnings
2025-01-13T15:32:23.5233622Z tardis/model/tests/test_csvy_model.py: 2 warnings
2025-01-13T15:32:23.5233992Z tardis/plasma/tests/test_tardis_model_density_config.py: 3 warnings
2025-01-13T15:32:23.5234516Z   /home/runner/work/tardis/tardis/tardis/model/geometry/radial1d.py:50: DeprecationWarning:
2025-01-13T15:32:23.5234946Z   
2025-01-13T15:32:23.5235134Z   v_inner_boundary < 0, assuming default value
2025-01-13T15:32:23.5235316Z 
2025-01-13T15:32:23.5235416Z tardis/model/tests/test_base.py: 6 warnings
2025-01-13T15:32:23.5235805Z tardis/model/tests/test_csvy_model.py: 2 warnings
2025-01-13T15:32:23.5236169Z tardis/plasma/tests/test_tardis_model_density_config.py: 3 warnings
2025-01-13T15:32:23.5236683Z   /home/runner/work/tardis/tardis/tardis/model/geometry/radial1d.py:61: DeprecationWarning:
2025-01-13T15:32:23.5237100Z   
2025-01-13T15:32:23.5237284Z   v_outer_boundary < 0, assuming default value
2025-01-13T15:32:23.5237466Z 
2025-01-13T15:32:23.5237936Z tardis/plasma/equilibrium/tests/test_level_populations.py::TestLevelPopulationSolver::test_solve[collisional_rate_solver0-radiative_transitions0]
2025-01-13T15:32:23.5238773Z   /home/runner/work/tardis/tardis/tardis/plasma/equilibrium/level_populations.py:65: FutureWarning:
2025-01-13T15:32:23.5239226Z   
2025-01-13T15:32:23.5239592Z   A value is trying to be set on a copy of a DataFrame or Series through chained assignment using an inplace method.
2025-01-13T15:32:23.5240395Z   The behavior will change in pandas 3.0. This inplace method will never work because the intermediate object on which we are setting values always behaves as a copy.
2025-01-13T15:32:23.5240985Z   
2025-01-13T15:32:23.5241606Z   For example, when doing 'df[col].method(value, inplace=True)', try using 'df.method({col: value}, inplace=True)' or df[col] = df[col].method(value) instead, to perform the operation inplace on the original object.
2025-01-13T15:32:23.5242224Z 
2025-01-13T15:32:23.5242376Z tardis/plasma/tests/test_complete_plasmas.py: 20 warnings
2025-01-13T15:32:23.5242888Z   /home/runner/work/tardis/tardis/tardis/plasma/tests/test_complete_plasmas.py:197: UserWarning:
2025-01-13T15:32:23.5243328Z   
2025-01-13T15:32:23.5243497Z   Property "atomic_mass" not found
2025-01-13T15:32:23.5243657Z 
2025-01-13T15:32:23.5244091Z tardis/plasma/tests/test_complete_plasmas.py::TestPlasma::test_plasma_properties[radiative_rates_type:detailed-w_epsilon:1e-10-j_blues_norm_factor]
2025-01-13T15:32:23.5244990Z tardis/plasma/tests/test_complete_plasmas.py::TestPlasma::test_plasma_properties[radiative_rates_type:detailed-j_blues_norm_factor]
2025-01-13T15:32:23.5245820Z   /home/runner/work/tardis/tardis/tardis/plasma/tests/test_complete_plasmas.py:197: UserWarning:
2025-01-13T15:32:23.5246256Z   
2025-01-13T15:32:23.5246441Z   Property "j_blues_norm_factor" not found
2025-01-13T15:32:23.5246619Z 
2025-01-13T15:32:23.5247036Z tardis/plasma/tests/test_complete_plasmas.py::TestPlasma::test_plasma_properties[radiative_rates_type:detailed-w_epsilon:1e-10-j_blue_estimator]
2025-01-13T15:32:23.5247897Z tardis/plasma/tests/test_complete_plasmas.py::TestPlasma::test_plasma_properties[radiative_rates_type:detailed-j_blue_estimator]
2025-01-13T15:32:23.5248621Z   /home/runner/work/tardis/tardis/tardis/plasma/tests/test_complete_plasmas.py:197: UserWarning:
2025-01-13T15:32:23.5249261Z   
2025-01-13T15:32:23.5249437Z   Property "j_blue_estimator" not found
2025-01-13T15:32:23.5249615Z 
2025-01-13T15:32:23.5249998Z tardis/plasma/tests/test_complete_plasmas.py::TestPlasma::test_plasma_properties[radiative_rates_type:detailed-w_epsilon:1e-10-volume]
2025-01-13T15:32:23.5250807Z tardis/plasma/tests/test_complete_plasmas.py::TestPlasma::test_plasma_properties[radiative_rates_type:detailed-volume]
2025-01-13T15:32:23.5251503Z   /home/runner/work/tardis/tardis/tardis/plasma/tests/test_complete_plasmas.py:197: UserWarning:
2025-01-13T15:32:23.5251933Z   
2025-01-13T15:32:23.5252103Z   Property "volume" not found
2025-01-13T15:32:23.5252258Z 
2025-01-13T15:32:23.5252778Z tardis/plasma/tests/test_complete_plasmas.py::TestPlasma::test_plasma_properties[radiative_rates_type:detailed-w_epsilon:1e-10-r_inner]
2025-01-13T15:32:23.5253594Z tardis/plasma/tests/test_complete_plasmas.py::TestPlasma::test_plasma_properties[radiative_rates_type:detailed-r_inner]
2025-01-13T15:32:23.5254289Z   /home/runner/work/tardis/tardis/tardis/plasma/tests/test_complete_plasmas.py:197: UserWarning:
2025-01-13T15:32:23.5254728Z   
2025-01-13T15:32:23.5254894Z   Property "r_inner" not found
2025-01-13T15:32:23.5255038Z 
2025-01-13T15:32:23.5255250Z tardis/plasma/tests/test_plasma_vboundary.py::test_plasma_vboundary[2900-3750]
2025-01-13T15:32:23.5255866Z tardis/plasma/tests/test_plasma_vboundary.py::test_plasma_vboundary[2900-3850]
2025-01-13T15:32:23.5256355Z tardis/plasma/tests/test_plasma_vboundary.py::test_plasma_vboundary[2900-3900]
2025-01-13T15:32:23.5256878Z   /home/runner/work/tardis/tardis/tardis/model/geometry/radial1d.py:71: UserWarning:
2025-01-13T15:32:23.5257265Z   
2025-01-13T15:32:23.5257564Z   Requesting inner boundary below inner shell. Extrapolating the inner cell
2025-01-13T15:32:23.5257844Z 
2025-01-13T15:32:23.5258054Z tardis/spectrum/tests/test_spectrum_solver.py::TestSpectrumSolver::test_solve
2025-01-13T15:32:23.5258550Z   /home/runner/work/tardis/tardis/tardis/spectrum/base.py:70: UserWarning:
2025-01-13T15:32:23.5258907Z   
2025-01-13T15:32:23.5259316Z   SpectrumSolver.spectrum_virtual_packets is zero. Please run the montecarlo simulation with no_of_virtual_packets > 0
2025-01-13T15:32:23.5259725Z 
2025-01-13T15:32:23.5259935Z tardis/spectrum/tests/test_spectrum_solver.py::TestSpectrumSolver::test_solve
2025-01-13T15:32:23.5260428Z   /home/runner/work/tardis/tardis/tardis/spectrum/base.py:111: UserWarning:
2025-01-13T15:32:23.5260776Z   
2025-01-13T15:32:23.5261209Z   SpectrumSolver.integrator: The FormalIntegrator is not yet available.Please run the montecarlo simulation at least once.
2025-01-13T15:32:23.5261643Z 
2025-01-13T15:32:23.5261870Z tardis/transport/montecarlo/tests/test_vpacket.py::test_trace_vpacket_volley
2025-01-13T15:32:23.5262278Z   <string>:3: NumbaPendingDeprecationWarning:
2025-01-13T15:32:23.5262533Z   
2025-01-13T15:32:23.5263706Z   [1m[1mCode using Numba extension API maybe depending on 'old_style' error-capturing, which is deprecated and will be replaced by 'new_style' in a future release. See details at https://numba.readthedocs.io/en/latest/reference/deprecation.html#deprecation-of-old-style-numba-captured-errors
2025-01-13T15:32:23.5264741Z   Exception origin:
2025-01-13T15:32:23.5265112Z     File "/home/runner/micromamba/envs/tardis/lib/python3.12/inspect.py", line 3180, in _bind
2025-01-13T15:32:23.5265657Z       raise TypeError(msg) from None
2025-01-13T15:32:23.5265918Z   [0m[0m
2025-01-13T15:32:23.5266019Z 
2025-01-13T15:32:23.5266351Z tardis/visualization/tools/tests/test_sdec_plot.py::TestSDECPlotter::test_mpl_image[plotter_generate_plot_mpl4]
2025-01-13T15:32:23.5267067Z   /home/runner/work/tardis/tardis/tardis/visualization/tools/sdec_plot.py:1225: RuntimeWarning:
2025-01-13T15:32:23.5267511Z   
2025-01-13T15:32:23.5268459Z   More than 20 figures have been opened. Figures created through the pyplot interface (`matplotlib.pyplot.figure`) are retained until explicitly closed and may consume too much memory. (To control this warning, see the rcParam `figure.max_open_warning`). Consider using `matplotlib.pyplot.close()`.
2025-01-13T15:32:23.5269523Z 
2025-01-13T15:32:23.5269877Z tardis/visualization/widgets/tests/test_custom_abundance.py::TestCustomAbundanceWidget::test_update_input_item_value
2025-01-13T15:32:23.5270664Z tardis/visualization/widgets/tests/test_custom_abundance.py::TestCustomAbundanceWidget::test_update_input_item_value
2025-01-13T15:32:23.5271454Z tardis/visualization/widgets/tests/test_custom_abundance.py::TestCustomAbundanceWidget::test_update_input_item_value
2025-01-13T15:32:23.5272229Z tardis/visualization/widgets/tests/test_custom_abundance.py::TestCustomAbundanceWidget::test_update_input_item_value
2025-01-13T15:32:23.5273106Z tardis/visualization/widgets/tests/test_custom_abundance.py::TestCustomAbundanceWidget::test_update_input_item_value
2025-01-13T15:32:23.5273882Z tardis/visualization/widgets/tests/test_custom_abundance.py::TestCustomAbundanceWidget::test_update_input_item_value
2025-01-13T15:32:23.5274666Z   /home/runner/micromamba/envs/tardis/lib/python3.12/site-packages/traitlets/traitlets.py:1385: DeprecationWarning:
2025-01-13T15:32:23.5275182Z   
2025-01-13T15:32:23.5275456Z   Passing unrecognized arguments to super(Checkbox).__init__(icon='lock').
2025-01-13T15:32:23.5276022Z   object.__init__() takes exactly one argument (the instance to initialize)
2025-01-13T15:32:23.5276515Z   This is deprecated in traitlets 4.2.This error will be raised in a future release of traitlets.
2025-01-13T15:32:23.5276836Z 
2025-01-13T15:32:23.5277190Z tardis/visualization/widgets/tests/test_custom_abundance.py::TestCustomAbundanceWidget::test_update_input_item_value
2025-01-13T15:32:23.5277977Z tardis/visualization/widgets/tests/test_custom_abundance.py::TestCustomAbundanceWidget::test_update_input_item_value
2025-01-13T15:32:23.5278757Z   /home/runner/micromamba/envs/tardis/lib/python3.12/site-packages/traitlets/traitlets.py:1385: DeprecationWarning:
2025-01-13T15:32:23.5279256Z   
2025-01-13T15:32:23.5279516Z   Passing unrecognized arguments to super(FloatText).__init__(min=0).
2025-01-13T15:32:23.5279955Z   object.__init__() takes exactly one argument (the instance to initialize)
2025-01-13T15:32:23.5280455Z   This is deprecated in traitlets 4.2.This error will be raised in a future release of traitlets.
2025-01-13T15:32:23.5280777Z 
2025-01-13T15:32:23.5281137Z tardis/visualization/widgets/tests/test_custom_abundance.py::TestCustomAbundanceWidget::test_update_input_item_value
2025-01-13T15:32:23.5281914Z   /home/runner/micromamba/envs/tardis/lib/python3.12/site-packages/traitlets/traitlets.py:1385: DeprecationWarning:
2025-01-13T15:32:23.5282414Z   
2025-01-13T15:32:23.5282678Z   Passing unrecognized arguments to super(HTML).__init__(indent=True).
2025-01-13T15:32:23.5283112Z   object.__init__() takes exactly one argument (the instance to initialize)
2025-01-13T15:32:23.5283600Z   This is deprecated in traitlets 4.2.This error will be raised in a future release of traitlets.
2025-01-13T15:32:23.5283919Z 
2025-01-13T15:32:23.5284357Z tardis/visualization/widgets/tests/test_line_info.py::TestLineInfoWidgetData::test_get_species_interactions[wavelength_range0-packet_out_nu]
2025-01-13T15:32:23.5285194Z   /home/runner/micromamba/envs/tardis/lib/python3.12/site-packages/qgridnext/grid.py:830: DeprecationWarning:
2025-01-13T15:32:23.5285761Z   
2025-01-13T15:32:23.5286122Z   QgridWidget._show_toolbar_changed is deprecated in traitlets 4.1: use @observe and @unobserve instead.
2025-01-13T15:32:23.5286489Z 
2025-01-13T15:32:23.5286746Z tardis/visualization/widgets/tests/test_shell_info.py::TestHDFShellInfo::test_shells_data
2025-01-13T15:32:23.5287298Z   /home/runner/work/tardis/tardis/tardis/io/util.py:289: PerformanceWarning:
2025-01-13T15:32:23.5287653Z   
2025-01-13T15:32:23.5287810Z   
2025-01-13T15:32:23.5288103Z   your performance may suffer as PyTables will pickle object types that it cannot
2025-01-13T15:32:23.5288644Z   map directly to c-types [inferred_type->mixed,key->block0_values] [items->Index([0], dtype='int64')]
2025-01-13T15:32:23.5288982Z 
2025-01-13T15:32:23.5289366Z tardis/visualization/widgets/tests/test_shell_info.py::TestHDFShellInfo::test_shells_data
2025-01-13T15:32:23.5289913Z   /home/runner/work/tardis/tardis/tardis/io/util.py:292: PerformanceWarning:
2025-01-13T15:32:23.5290269Z   
2025-01-13T15:32:23.5290419Z   
2025-01-13T15:32:23.5290703Z   your performance may suffer as PyTables will pickle object types that it cannot
2025-01-13T15:32:23.5291165Z   map directly to c-types [inferred_type->mixed,key->values] [items->None]
2025-01-13T15:32:23.5291431Z 
2025-01-13T15:32:23.5291686Z tardis/visualization/widgets/tests/test_shell_info.py::TestHDFShellInfo::test_shells_data
2025-01-13T15:32:23.5292377Z   /home/runner/work/tardis/tardis/tardis/spectrum/formal_integral.py:398: UserWarning:
2025-01-13T15:32:23.5292776Z   
2025-01-13T15:32:23.5293064Z   The number of interpolate_shells was not specified. The value was set to 80.
2025-01-13T15:32:23.5293339Z 
2025-01-13T15:32:23.5293520Z -- Docs: https://docs.pytest.org/en/stable/how-to/capture-warnings.html
2025-01-13T15:32:23.5293800Z 
2025-01-13T15:32:23.5293961Z ---------- coverage: platform linux, python 3.12.4-final-0 -----------
2025-01-13T15:32:23.5294322Z Coverage HTML written to dir coverage_html_report
2025-01-13T15:32:23.5294616Z Coverage XML written to file coverage.xml
2025-01-13T15:32:23.5294800Z 
2025-01-13T15:32:23.5294927Z =========================== short test summary info ============================
2025-01-13T15:32:23.5296016Z FAILED tardis/opacities/tests/test_tau_sobolev.py::test_calculate_sobolev_line_opacity - FileNotFoundError: File /home/runner/work/tardis/tardis/tardis-regression-data/test_tau_sobolev/test_calculate_sobolev_line_opacity.h5 does not exist
2025-01-13T15:32:23.5297604Z FAILED tardis/opacities/tests/test_tau_sobolev.py::test_calculate_beta_sobolevs - FileNotFoundError: [Errno 2] No such file or directory: '/home/runner/work/tardis/tardis/tardis-regression-data/test_tau_sobolev/test_calculate_beta_sobolevs.npy'
2025-01-13T15:32:23.5298678Z = 2 failed, 1436 passed, 329 skipped, 2 deselected, 19 xfailed, 8 xpassed, 91 warnings in 745.83s (0:12:25) =
2025-01-13T15:32:25.7523718Z ##[error]Process completed with exit code 1.
2025-01-13T15:32:25.7600250Z Post job cleanup.
2025-01-13T15:32:25.7630048Z Post job cleanup.
2025-01-13T15:32:25.8964646Z Will use pre-installed micromamba at /home/runner/micromamba-bin/micromamba
2025-01-13T15:32:25.9013898Z Removing micromamba run shell ...
2025-01-13T15:32:25.9014828Z ##[group]Deinitialize micromamba for bash
2025-01-13T15:32:25.9017755Z [command]/home/runner/micromamba-bin/micromamba shell deinit -s bash -r /home/runner/micromamba --log-level warning --rc-file /home/runner/work/_temp/setup-micromamba/.condarc
2025-01-13T15:32:25.9102696Z Resetting RC file "/home/runner/.bashrc"
2025-01-13T15:32:25.9103219Z Deleting config for root prefix 
2025-01-13T15:32:25.9107096Z Clearing mamba executable environment variable
2025-01-13T15:32:25.9107745Z Removing the following in your "/home/runner/.bashrc" file
2025-01-13T15:32:25.9108304Z # >>> mamba initialize >>>
2025-01-13T15:32:25.9108691Z ...
2025-01-13T15:32:25.9108985Z # <<< mamba initialize <<<
2025-01-13T15:32:25.9136985Z Removing mamba initialize block from .bash_profile
2025-01-13T15:32:25.9151855Z ##[endgroup]
2025-01-13T15:32:25.9156195Z Removing environment tardis from auto-activate bash ...
2025-01-13T15:32:25.9276541Z Post job cleanup.
2025-01-13T15:32:25.9313854Z Post job cleanup.
2025-01-13T15:32:26.0281279Z [command]/usr/bin/git version
2025-01-13T15:32:26.0317806Z git version 2.47.1
2025-01-13T15:32:26.0361754Z Temporarily overriding HOME='/home/runner/work/_temp/0d4ba3da-5e85-4c3f-976f-b1143b0c0382' before making global git config changes
2025-01-13T15:32:26.0363381Z Adding repository directory to the temporary git global config as a safe directory
2025-01-13T15:32:26.0368698Z [command]/usr/bin/git config --global --add safe.directory /home/runner/work/tardis/tardis/tardis-regression-data
2025-01-13T15:32:26.0405740Z [command]/usr/bin/git config --local --name-only --get-regexp core\.sshCommand
2025-01-13T15:32:26.0438433Z [command]/usr/bin/git submodule foreach --recursive sh -c "git config --local --name-only --get-regexp 'core\.sshCommand' && git config --local --unset-all 'core.sshCommand' || :"
2025-01-13T15:32:26.0686020Z [command]/usr/bin/git config --local --name-only --get-regexp http\.https\:\/\/github\.com\/\.extraheader
2025-01-13T15:32:26.0710523Z http.https://github.com/.extraheader
2025-01-13T15:32:26.0728179Z [command]/usr/bin/git config --local --unset-all http.https://github.com/.extraheader
2025-01-13T15:32:26.0762933Z [command]/usr/bin/git submodule foreach --recursive sh -c "git config --local --name-only --get-regexp 'http\.https\:\/\/github\.com\/\.extraheader' && git config --local --unset-all 'http.https://github.com/.extraheader' || :"
2025-01-13T15:32:26.1116037Z Post job cleanup.
2025-01-13T15:32:26.2050397Z [command]/usr/bin/git version
2025-01-13T15:32:26.2087800Z git version 2.47.1
2025-01-13T15:32:26.2130098Z Temporarily overriding HOME='/home/runner/work/_temp/d0e68832-dd10-4115-af0b-eae7473f9c7f' before making global git config changes
2025-01-13T15:32:26.2131203Z Adding repository directory to the temporary git global config as a safe directory
2025-01-13T15:32:26.2135854Z [command]/usr/bin/git config --global --add safe.directory /home/runner/work/tardis/tardis
2025-01-13T15:32:26.2176410Z [command]/usr/bin/git config --local --name-only --get-regexp core\.sshCommand
2025-01-13T15:32:26.2207762Z [command]/usr/bin/git submodule foreach --recursive sh -c "git config --local --name-only --get-regexp 'core\.sshCommand' && git config --local --unset-all 'core.sshCommand' || :"
2025-01-13T15:32:26.2442200Z [command]/usr/bin/git config --local --name-only --get-regexp http\.https\:\/\/github\.com\/\.extraheader
2025-01-13T15:32:26.2462808Z http.https://github.com/.extraheader
2025-01-13T15:32:26.2474954Z [command]/usr/bin/git config --local --unset-all http.https://github.com/.extraheader
2025-01-13T15:32:26.2505074Z [command]/usr/bin/git submodule foreach --recursive sh -c "git config --local --name-only --get-regexp 'http\.https\:\/\/github\.com\/\.extraheader' && git config --local --unset-all 'http.https://github.com/.extraheader' || :"
2025-01-13T15:32:26.2850397Z Cleaning up orphan processes
