2025-02-21T11:36:18.8237937Z Requested labels: macos-latest
2025-02-21T11:36:18.8238204Z Job defined at: tardis-sn/tardis/.github/workflows/tests.yml@refs/pull/2977/merge
2025-02-21T11:36:18.8238351Z Waiting for a runner to pick up this job...
2025-02-21T11:36:19.0295723Z Job is waiting for a hosted runner to come online.
2025-02-21T11:36:22.0760337Z Job is about to start running on the hosted runner: GitHub Actions 48 (hosted)
2025-02-21T11:36:23.5213640Z Current runner version: '2.322.0'
2025-02-21T11:36:23.5228960Z ##[group]Operating System
2025-02-21T11:36:23.5229430Z macOS
2025-02-21T11:36:23.5229740Z 14.7.2
2025-02-21T11:36:23.5230040Z 23H311
2025-02-21T11:36:23.5230320Z ##[endgroup]
2025-02-21T11:36:23.5230620Z ##[group]Runner Image
2025-02-21T11:36:23.5230960Z Image: macos-14-arm64
2025-02-21T11:36:23.5231270Z Version: 20250120.774
2025-02-21T11:36:23.5231940Z Included Software: https://github.com/actions/runner-images/blob/macos-14-arm64/20250120.774/images/macos/macos-14-arm64-Readme.md
2025-02-21T11:36:23.5232850Z Image Release: https://github.com/actions/runner-images/releases/tag/macos-14-arm64%2F20250120.774
2025-02-21T11:36:23.5233420Z ##[endgroup]
2025-02-21T11:36:23.5233740Z ##[group]Runner Image Provisioner
2025-02-21T11:36:23.5234140Z 2.0.422.1+55c30c14fe2a0a1547db1b656933ae07d97649a9
2025-02-21T11:36:23.5234540Z ##[endgroup]
2025-02-21T11:36:23.5235860Z ##[group]GITHUB_TOKEN Permissions
2025-02-21T11:36:23.5236880Z Actions: read
2025-02-21T11:36:23.5237200Z Attestations: read
2025-02-21T11:36:23.5237510Z Checks: read
2025-02-21T11:36:23.5237810Z Contents: read
2025-02-21T11:36:23.5238110Z Deployments: read
2025-02-21T11:36:23.5238420Z Discussions: read
2025-02-21T11:36:23.5238720Z Issues: read
2025-02-21T11:36:23.5239020Z Metadata: read
2025-02-21T11:36:23.5239330Z Packages: read
2025-02-21T11:36:23.5239650Z Pages: read
2025-02-21T11:36:23.5239960Z PullRequests: read
2025-02-21T11:36:23.5240290Z RepositoryProjects: read
2025-02-21T11:36:23.5240630Z SecurityEvents: read
2025-02-21T11:36:23.5240950Z Statuses: read
2025-02-21T11:36:23.5241260Z ##[endgroup]
2025-02-21T11:36:23.5242980Z Secret source: None
2025-02-21T11:36:23.5243420Z Prepare workflow directory
2025-02-21T11:36:23.5566650Z Prepare all required actions
2025-02-21T11:36:23.5591890Z Getting action download info
2025-02-21T11:36:23.7344350Z ##[group]Download immutable action package 'actions/checkout@v4'
2025-02-21T11:36:23.7344930Z Version: 4.2.2
2025-02-21T11:36:23.7345500Z Digest: sha256:ccb2698953eaebd21c7bf6268a94f9c26518a7e38e27e0b83c1fe1ad049819b1
2025-02-21T11:36:23.7346190Z Source commit SHA: 11bd71901bbe5b1630ceea73d27597364c9af683
2025-02-21T11:36:23.7346610Z ##[endgroup]
2025-02-21T11:36:23.9290070Z ##[group]Download immutable action package 'actions/upload-artifact@v4'
2025-02-21T11:36:23.9290640Z Version: 4.6.0
2025-02-21T11:36:23.9291150Z Digest: sha256:bf85474c8423f9cd48bd2caf3ce5adb1711e2dfdb055b040bd36b044e4290329
2025-02-21T11:36:23.9291760Z Source commit SHA: 65c4c4a1ddee5b72f698fdd19549f0f0fb45cf08
2025-02-21T11:36:23.9292230Z ##[endgroup]
2025-02-21T11:36:24.0875920Z Complete job name: not continuum macos-latest 
2025-02-21T11:36:24.1224220Z ##[group]Run actions/checkout@v4
2025-02-21T11:36:24.1224690Z with:
2025-02-21T11:36:24.1224960Z   repository: tardis-sn/tardis
2025-02-21T11:36:24.1225380Z   token: ***
2025-02-21T11:36:24.1225640Z   ssh-strict: true
2025-02-21T11:36:24.1225920Z   ssh-user: git
2025-02-21T11:36:24.1226200Z   persist-credentials: true
2025-02-21T11:36:24.1226520Z   clean: true
2025-02-21T11:36:24.1226800Z   sparse-checkout-cone-mode: true
2025-02-21T11:36:24.1227120Z   fetch-depth: 1
2025-02-21T11:36:24.1227390Z   fetch-tags: false
2025-02-21T11:36:24.1227670Z   show-progress: true
2025-02-21T11:36:24.1227950Z   lfs: false
2025-02-21T11:36:24.1228210Z   submodules: false
2025-02-21T11:36:24.1228490Z   set-safe-directory: true
2025-02-21T11:36:24.1228890Z env:
2025-02-21T11:36:24.1229140Z   CACHE_NUMBER: 0
2025-02-21T11:36:24.1229870Z   PYTEST_FLAGS: --tardis-regression-data=/Users/runner/work/tardis/tardis/tardis-regression-data --cov=tardis --cov-report=xml --cov-report=html --cov-append
2025-02-21T11:36:24.1230650Z   CODECOV_TOKEN: 
2025-02-21T11:36:24.1230930Z ##[endgroup]
2025-02-21T11:36:24.5052090Z Syncing repository: tardis-sn/tardis
2025-02-21T11:36:24.5053200Z ##[group]Getting Git version info
2025-02-21T11:36:24.5053620Z Working directory is '/Users/runner/work/tardis/tardis'
2025-02-21T11:36:24.5054250Z [command]/opt/homebrew/bin/git version
2025-02-21T11:36:24.5516900Z git version 2.48.1
2025-02-21T11:36:24.5544110Z ##[endgroup]
2025-02-21T11:36:24.5550140Z Copying '/Users/runner/.gitconfig' to '/Users/runner/work/_temp/25e43510-2007-4e3c-9f04-b5df633a4fed/.gitconfig'
2025-02-21T11:36:24.5556600Z Temporarily overriding HOME='/Users/runner/work/_temp/25e43510-2007-4e3c-9f04-b5df633a4fed' before making global git config changes
2025-02-21T11:36:24.5557550Z Adding repository directory to the temporary git global config as a safe directory
2025-02-21T11:36:24.5560520Z [command]/opt/homebrew/bin/git config --global --add safe.directory /Users/runner/work/tardis/tardis
2025-02-21T11:36:24.5654160Z Deleting the contents of '/Users/runner/work/tardis/tardis'
2025-02-21T11:36:24.5656200Z ##[group]Initializing the repository
2025-02-21T11:36:24.5691680Z [command]/opt/homebrew/bin/git init /Users/runner/work/tardis/tardis
2025-02-21T11:36:24.5831680Z hint: Using 'master' as the name for the initial branch. This default branch name
2025-02-21T11:36:24.5833780Z hint: is subject to change. To configure the initial branch name to use in all
2025-02-21T11:36:24.5834660Z hint: of your new repositories, which will suppress this warning, call:
2025-02-21T11:36:24.5835170Z hint:
2025-02-21T11:36:24.5835710Z hint: 	git config --global init.defaultBranch <name>
2025-02-21T11:36:24.5836140Z hint:
2025-02-21T11:36:24.5836550Z hint: Names commonly chosen instead of 'master' are 'main', 'trunk' and
2025-02-21T11:36:24.5837170Z hint: 'development'. The just-created branch can be renamed via this command:
2025-02-21T11:36:24.5837690Z hint:
2025-02-21T11:36:24.5837990Z hint: 	git branch -m <name>
2025-02-21T11:36:24.5838510Z Initialized empty Git repository in /Users/runner/work/tardis/tardis/.git/
2025-02-21T11:36:24.5840240Z [command]/opt/homebrew/bin/git remote add origin https://github.com/tardis-sn/tardis
2025-02-21T11:36:24.5903120Z ##[endgroup]
2025-02-21T11:36:24.5903710Z ##[group]Disabling automatic garbage collection
2025-02-21T11:36:24.5905440Z [command]/opt/homebrew/bin/git config --local gc.auto 0
2025-02-21T11:36:24.5950460Z ##[endgroup]
2025-02-21T11:36:24.5951060Z ##[group]Setting up auth
2025-02-21T11:36:24.5955530Z [command]/opt/homebrew/bin/git config --local --name-only --get-regexp core\.sshCommand
2025-02-21T11:36:24.5999970Z [command]/opt/homebrew/bin/git submodule foreach --recursive sh -c "git config --local --name-only --get-regexp 'core\.sshCommand' && git config --local --unset-all 'core.sshCommand' || :"
2025-02-21T11:36:24.6660280Z [command]/opt/homebrew/bin/git config --local --name-only --get-regexp http\.https\:\/\/github\.com\/\.extraheader
2025-02-21T11:36:24.6701800Z [command]/opt/homebrew/bin/git submodule foreach --recursive sh -c "git config --local --name-only --get-regexp 'http\.https\:\/\/github\.com\/\.extraheader' && git config --local --unset-all 'http.https://github.com/.extraheader' || :"
2025-02-21T11:36:24.7257400Z [command]/opt/homebrew/bin/git config --local http.https://github.com/.extraheader AUTHORIZATION: basic ***
2025-02-21T11:36:24.7306070Z ##[endgroup]
2025-02-21T11:36:24.7307450Z ##[group]Fetching the repository
2025-02-21T11:36:24.7308450Z [command]/opt/homebrew/bin/git -c protocol.version=2 fetch --no-tags --prune --no-recurse-submodules --depth=1 origin +c4649dc08446903623f99e20dd8fb21255fac83a:refs/remotes/pull/2977/merge
2025-02-21T11:36:26.5812650Z From https://github.com/tardis-sn/tardis
2025-02-21T11:36:26.5813550Z  * [new ref]         c4649dc08446903623f99e20dd8fb21255fac83a -> pull/2977/merge
2025-02-21T11:36:26.5865610Z ##[endgroup]
2025-02-21T11:36:26.5866400Z ##[group]Determining the checkout info
2025-02-21T11:36:26.5867190Z ##[endgroup]
2025-02-21T11:36:26.5868810Z [command]/opt/homebrew/bin/git sparse-checkout disable
2025-02-21T11:36:26.5926650Z [command]/opt/homebrew/bin/git config --local --unset-all extensions.worktreeConfig
2025-02-21T11:36:26.5975780Z ##[group]Checking out the ref
2025-02-21T11:36:26.5977510Z [command]/opt/homebrew/bin/git checkout --progress --force refs/remotes/pull/2977/merge
2025-02-21T11:36:26.7875720Z HEAD is now at c4649dc Merge b646c34a677533bb0a12033dc9daa00a02f7cc62 into cec8b531cc56e66219fe3ca2efdbf837c008b852
2025-02-21T11:36:26.7901090Z ##[endgroup]
2025-02-21T11:36:26.8050980Z [command]/opt/homebrew/bin/git log -1 --format=%H
2025-02-21T11:36:26.8125450Z c4649dc08446903623f99e20dd8fb21255fac83a
2025-02-21T11:36:26.8409070Z Prepare all required actions
2025-02-21T11:36:26.8410030Z Getting action download info
2025-02-21T11:36:27.0181180Z ##[group]Download immutable action package 'actions/cache@v4'
2025-02-21T11:36:27.0182390Z Version: 4.2.1
2025-02-21T11:36:27.0183570Z Digest: sha256:b0404c9628d43aa6855629075b28f32cadf8efc5c26198438149f78500112940
2025-02-21T11:36:27.0185120Z Source commit SHA: 0c907a75c2c80ebcb7f088228285e798b750cf8f
2025-02-21T11:36:27.0186260Z ##[endgroup]
2025-02-21T11:36:27.6466430Z ##[group]Run ./.github/actions/setup_lfs
2025-02-21T11:36:27.6467130Z with:
2025-02-21T11:36:27.6467790Z   regression-data-repo: tardis-sn/tardis-regression-data
2025-02-21T11:36:27.6468590Z   atom-data-sparse: false
2025-02-21T11:36:27.6469180Z env:
2025-02-21T11:36:27.6469680Z   CACHE_NUMBER: 0
2025-02-21T11:36:27.6471090Z   PYTEST_FLAGS: --tardis-regression-data=/Users/runner/work/tardis/tardis/tardis-regression-data --cov=tardis --cov-report=xml --cov-report=html --cov-append
2025-02-21T11:36:27.6472660Z   CODECOV_TOKEN: 
2025-02-21T11:36:27.6473190Z ##[endgroup]
2025-02-21T11:36:27.6602190Z ##[group]Run actions/checkout@v4
2025-02-21T11:36:27.6602810Z with:
2025-02-21T11:36:27.6603340Z   repository: tardis-sn/tardis-regression-data
2025-02-21T11:36:27.6604060Z   path: tardis-regression-data
2025-02-21T11:36:27.6604640Z   lfs: false
2025-02-21T11:36:27.6605250Z   token: ***
2025-02-21T11:36:27.6605730Z   ssh-strict: true
2025-02-21T11:36:27.6606220Z   ssh-user: git
2025-02-21T11:36:27.6606720Z   persist-credentials: true
2025-02-21T11:36:27.6607270Z   clean: true
2025-02-21T11:36:27.6607770Z   sparse-checkout-cone-mode: true
2025-02-21T11:36:27.6608390Z   fetch-depth: 1
2025-02-21T11:36:27.6608890Z   fetch-tags: false
2025-02-21T11:36:27.6609400Z   show-progress: true
2025-02-21T11:36:27.6609920Z   submodules: false
2025-02-21T11:36:27.6610430Z   set-safe-directory: true
2025-02-21T11:36:27.6610980Z env:
2025-02-21T11:36:27.6611420Z   CACHE_NUMBER: 0
2025-02-21T11:36:27.6612760Z   PYTEST_FLAGS: --tardis-regression-data=/Users/runner/work/tardis/tardis/tardis-regression-data --cov=tardis --cov-report=xml --cov-report=html --cov-append
2025-02-21T11:36:27.6614220Z   CODECOV_TOKEN: 
2025-02-21T11:36:27.6614700Z ##[endgroup]
2025-02-21T11:36:27.7479590Z Syncing repository: tardis-sn/tardis-regression-data
2025-02-21T11:36:27.7482160Z ##[group]Getting Git version info
2025-02-21T11:36:27.7483120Z Working directory is '/Users/runner/work/tardis/tardis/tardis-regression-data'
2025-02-21T11:36:27.7508060Z [command]/opt/homebrew/bin/git version
2025-02-21T11:36:27.7549150Z git version 2.48.1
2025-02-21T11:36:27.7562450Z ##[endgroup]
2025-02-21T11:36:27.7566900Z Copying '/Users/runner/.gitconfig' to '/Users/runner/work/_temp/18731817-b160-4542-a433-125a9da9dafe/.gitconfig'
2025-02-21T11:36:27.7573520Z Temporarily overriding HOME='/Users/runner/work/_temp/18731817-b160-4542-a433-125a9da9dafe' before making global git config changes
2025-02-21T11:36:27.7575270Z Adding repository directory to the temporary git global config as a safe directory
2025-02-21T11:36:27.7576870Z [command]/opt/homebrew/bin/git config --global --add safe.directory /Users/runner/work/tardis/tardis/tardis-regression-data
2025-02-21T11:36:27.7618370Z ##[group]Initializing the repository
2025-02-21T11:36:27.7621220Z [command]/opt/homebrew/bin/git init /Users/runner/work/tardis/tardis/tardis-regression-data
2025-02-21T11:36:27.7691380Z hint: Using 'master' as the name for the initial branch. This default branch name
2025-02-21T11:36:27.7692800Z hint: is subject to change. To configure the initial branch name to use in all
2025-02-21T11:36:27.7693950Z hint: of your new repositories, which will suppress this warning, call:
2025-02-21T11:36:27.7695120Z hint:
2025-02-21T11:36:27.7695740Z hint: 	git config --global init.defaultBranch <name>
2025-02-21T11:36:27.7696500Z hint:
2025-02-21T11:36:27.7697220Z hint: Names commonly chosen instead of 'master' are 'main', 'trunk' and
2025-02-21T11:36:27.7698860Z hint: 'development'. The just-created branch can be renamed via this command:
2025-02-21T11:36:27.7699790Z hint:
2025-02-21T11:36:27.7700320Z hint: 	git branch -m <name>
2025-02-21T11:36:27.7701360Z Initialized empty Git repository in /Users/runner/work/tardis/tardis/tardis-regression-data/.git/
2025-02-21T11:36:27.7703850Z [command]/opt/homebrew/bin/git remote add origin https://github.com/tardis-sn/tardis-regression-data
2025-02-21T11:36:27.7741400Z ##[endgroup]
2025-02-21T11:36:27.7742350Z ##[group]Disabling automatic garbage collection
2025-02-21T11:36:27.7743330Z [command]/opt/homebrew/bin/git config --local gc.auto 0
2025-02-21T11:36:27.7781080Z ##[endgroup]
2025-02-21T11:36:27.7781980Z ##[group]Setting up auth
2025-02-21T11:36:27.7785670Z [command]/opt/homebrew/bin/git config --local --name-only --get-regexp core\.sshCommand
2025-02-21T11:36:27.7822560Z [command]/opt/homebrew/bin/git submodule foreach --recursive sh -c "git config --local --name-only --get-regexp 'core\.sshCommand' && git config --local --unset-all 'core.sshCommand' || :"
2025-02-21T11:36:27.8303300Z [command]/opt/homebrew/bin/git config --local --name-only --get-regexp http\.https\:\/\/github\.com\/\.extraheader
2025-02-21T11:36:27.8337850Z [command]/opt/homebrew/bin/git submodule foreach --recursive sh -c "git config --local --name-only --get-regexp 'http\.https\:\/\/github\.com\/\.extraheader' && git config --local --unset-all 'http.https://github.com/.extraheader' || :"
2025-02-21T11:36:27.8834940Z [command]/opt/homebrew/bin/git config --local http.https://github.com/.extraheader AUTHORIZATION: basic ***
2025-02-21T11:36:27.8884560Z ##[endgroup]
2025-02-21T11:36:27.8885610Z ##[group]Determining the default branch
2025-02-21T11:36:27.8886490Z Retrieving the default branch name
2025-02-21T11:36:28.2872330Z Default branch 'main'
2025-02-21T11:36:28.2887900Z ##[endgroup]
2025-02-21T11:36:28.2912190Z ##[group]Fetching the repository
2025-02-21T11:36:28.2916090Z [command]/opt/homebrew/bin/git -c protocol.version=2 fetch --no-tags --prune --no-recurse-submodules --depth=1 origin +refs/heads/main:refs/remotes/origin/main
2025-02-21T11:36:29.2077990Z From https://github.com/tardis-sn/tardis-regression-data
2025-02-21T11:36:29.2078430Z  * [new branch]      main       -> origin/main
2025-02-21T11:36:29.2127000Z ##[endgroup]
2025-02-21T11:36:29.2127360Z ##[group]Determining the checkout info
2025-02-21T11:36:29.2127780Z ##[endgroup]
2025-02-21T11:36:29.2130470Z [command]/opt/homebrew/bin/git sparse-checkout disable
2025-02-21T11:36:29.2183370Z [command]/opt/homebrew/bin/git config --local --unset-all extensions.worktreeConfig
2025-02-21T11:36:29.2227570Z ##[group]Checking out the ref
2025-02-21T11:36:29.2230220Z [command]/opt/homebrew/bin/git checkout --progress --force -B main refs/remotes/origin/main
2025-02-21T11:36:29.4431820Z Switched to a new branch 'main'
2025-02-21T11:36:29.4433330Z branch 'main' set up to track 'origin/main'.
2025-02-21T11:36:29.5256450Z ##[endgroup]
2025-02-21T11:36:29.5312270Z [command]/opt/homebrew/bin/git log -1 --format=%H
2025-02-21T11:36:29.5359250Z 84e768462f20f09fbccc05625cdcc1d8ffbe404c
2025-02-21T11:36:29.5447150Z ##[group]Run if [ "false" == "true" ]; then
2025-02-21T11:36:29.5447470Z [36;1mif [ "false" == "true" ]; then[0m
2025-02-21T11:36:29.5447740Z [36;1m  echo "Using atom data sparse checkout"[0m
2025-02-21T11:36:29.5448040Z [36;1m  echo "atom_data/kurucz_cd23_chianti_H_He.h5" > .lfs-files-list[0m
2025-02-21T11:36:29.5448300Z [36;1melse[0m
2025-02-21T11:36:29.5448490Z [36;1m  echo "Using full repository checkout"[0m
2025-02-21T11:36:29.5448800Z [36;1m  git lfs ls-files -l | cut -d' ' -f1 | sort > .lfs-files-list[0m
2025-02-21T11:36:29.5449060Z [36;1mfi[0m
2025-02-21T11:36:29.5501950Z shell: /bin/bash --noprofile --norc -e -o pipefail {0}
2025-02-21T11:36:29.5502410Z env:
2025-02-21T11:36:29.5502550Z   CACHE_NUMBER: 0
2025-02-21T11:36:29.5503020Z   PYTEST_FLAGS: --tardis-regression-data=/Users/runner/work/tardis/tardis/tardis-regression-data --cov=tardis --cov-report=xml --cov-report=html --cov-append
2025-02-21T11:36:29.5503510Z   CODECOV_TOKEN: 
2025-02-21T11:36:29.5503810Z ##[endgroup]
2025-02-21T11:36:29.5819480Z Using full repository checkout
2025-02-21T11:36:29.7753610Z ##[group]Run actions/cache/restore@v4
2025-02-21T11:36:29.7753870Z with:
2025-02-21T11:36:29.7754020Z   path: tardis-regression-data/.git/lfs
2025-02-21T11:36:29.7754520Z   key: tardis-regression-full-data-c8ff2bbb6048b3f24d3f52a1e85b013ad47e52c369a6ce4cfdeff528b659b86f-tardis-sn/tardis-regression-data-v1
2025-02-21T11:36:29.7755000Z   fail-on-cache-miss: true
2025-02-21T11:36:29.7755190Z   enableCrossOsArchive: false
2025-02-21T11:36:29.7755360Z   lookup-only: false
2025-02-21T11:36:29.7755500Z env:
2025-02-21T11:36:29.7755630Z   CACHE_NUMBER: 0
2025-02-21T11:36:29.7756100Z   PYTEST_FLAGS: --tardis-regression-data=/Users/runner/work/tardis/tardis/tardis-regression-data --cov=tardis --cov-report=xml --cov-report=html --cov-append
2025-02-21T11:36:29.7756590Z   CODECOV_TOKEN: 
2025-02-21T11:36:29.7756730Z ##[endgroup]
2025-02-21T11:36:30.0286240Z Cache hit for: tardis-regression-full-data-c8ff2bbb6048b3f24d3f52a1e85b013ad47e52c369a6ce4cfdeff528b659b86f-tardis-sn/tardis-regression-data-v1
2025-02-21T11:36:31.2116770Z Received 41943040 of 2161656325 (1.9%), 40.0 MBs/sec
2025-02-21T11:36:32.2146630Z Received 100663296 of 2161656325 (4.7%), 48.0 MBs/sec
2025-02-21T11:36:33.2132160Z Received 171966464 of 2161656325 (8.0%), 54.6 MBs/sec
2025-02-21T11:36:34.2138180Z Received 247463936 of 2161656325 (11.4%), 59.0 MBs/sec
2025-02-21T11:36:35.2146950Z Received 310378496 of 2161656325 (14.4%), 59.2 MBs/sec
2025-02-21T11:36:36.2251480Z Received 402653184 of 2161656325 (18.6%), 63.9 MBs/sec
2025-02-21T11:36:37.2433560Z Received 473956352 of 2161656325 (21.9%), 64.3 MBs/sec
2025-02-21T11:36:38.2583290Z Received 536870912 of 2161656325 (24.8%), 63.6 MBs/sec
2025-02-21T11:36:39.2619940Z Received 629145600 of 2161656325 (29.1%), 66.3 MBs/sec
2025-02-21T11:36:40.2752080Z Received 683671552 of 2161656325 (31.6%), 64.9 MBs/sec
2025-02-21T11:36:41.2636780Z Received 771751936 of 2161656325 (35.7%), 66.6 MBs/sec
2025-02-21T11:36:42.2636900Z Received 838860800 of 2161656325 (38.8%), 66.4 MBs/sec
2025-02-21T11:36:43.2643520Z Received 922746880 of 2161656325 (42.7%), 67.4 MBs/sec
2025-02-21T11:36:44.2646600Z Received 985661440 of 2161656325 (45.6%), 66.9 MBs/sec
2025-02-21T11:36:45.2688620Z Received 1073741824 of 2161656325 (49.7%), 68.0 MBs/sec
2025-02-21T11:36:46.2687550Z Received 1149239296 of 2161656325 (53.2%), 68.3 MBs/sec
2025-02-21T11:36:47.2746560Z Received 1207959552 of 2161656325 (55.9%), 67.5 MBs/sec
2025-02-21T11:36:48.2716070Z Received 1304428544 of 2161656325 (60.3%), 68.9 MBs/sec
2025-02-21T11:36:49.2724920Z Received 1375731712 of 2161656325 (63.6%), 68.8 MBs/sec
2025-02-21T11:36:50.2737840Z Received 1447034880 of 2161656325 (66.9%), 68.8 MBs/sec
2025-02-21T11:36:51.2745630Z Received 1505755136 of 2161656325 (69.7%), 68.2 MBs/sec
2025-02-21T11:36:52.2759220Z Received 1581252608 of 2161656325 (73.2%), 68.3 MBs/sec
2025-02-21T11:36:53.2753880Z Received 1631584256 of 2161656325 (75.5%), 67.5 MBs/sec
2025-02-21T11:36:54.2760190Z Received 1728053248 of 2161656325 (79.9%), 68.5 MBs/sec
2025-02-21T11:36:55.2772810Z Received 1795162112 of 2161656325 (83.0%), 68.3 MBs/sec
2025-02-21T11:36:56.2778590Z Received 1879048192 of 2161656325 (86.9%), 68.7 MBs/sec
2025-02-21T11:36:57.2789130Z Received 1962934272 of 2161656325 (90.8%), 69.2 MBs/sec
2025-02-21T11:36:58.2798900Z Received 2017460224 of 2161656325 (93.3%), 68.5 MBs/sec
2025-02-21T11:36:59.2809770Z Received 2105540608 of 2161656325 (97.4%), 69.1 MBs/sec
2025-02-21T11:37:00.2833400Z Received 2157462021 of 2161656325 (99.8%), 68.4 MBs/sec
2025-02-21T11:37:00.3188600Z Received 2161656325 of 2161656325 (100.0%), 68.5 MBs/sec
2025-02-21T11:37:00.3194550Z Cache Size: ~2062 MB (2161656325 B)
2025-02-21T11:37:00.3470700Z [command]/opt/homebrew/bin/gtar -xf /Users/runner/work/_temp/411bb8b4-54d1-48e8-b575-1e4bc9bada6c/cache.tzst -P -C /Users/runner/work/tardis/tardis --delay-directory-restore --use-compress-program unzstd
2025-02-21T11:37:08.0709310Z Cache restored successfully
2025-02-21T11:37:08.2460930Z Cache restored from key: tardis-regression-full-data-c8ff2bbb6048b3f24d3f52a1e85b013ad47e52c369a6ce4cfdeff528b659b86f-tardis-sn/tardis-regression-data-v1
2025-02-21T11:37:08.2668780Z ##[group]Run git lfs checkout
2025-02-21T11:37:08.2669030Z [36;1mgit lfs checkout[0m
2025-02-21T11:37:08.2747050Z shell: /bin/bash --noprofile --norc -e -o pipefail {0}
2025-02-21T11:37:08.2747390Z env:
2025-02-21T11:37:08.2747610Z   CACHE_NUMBER: 0
2025-02-21T11:37:08.2748180Z   PYTEST_FLAGS: --tardis-regression-data=/Users/runner/work/tardis/tardis/tardis-regression-data --cov=tardis --cov-report=xml --cov-report=html --cov-append
2025-02-21T11:37:08.2748740Z   CODECOV_TOKEN: 
2025-02-21T11:37:08.2749060Z ##[endgroup]
2025-02-21T11:37:20.7064440Z Checking out LFS objects: 100% (204/204), 5.7 GB | 362 MB/s, done.
2025-02-21T11:37:29.9971670Z Prepare all required actions
2025-02-21T11:37:29.9972140Z Getting action download info
2025-02-21T11:37:30.1397960Z Download action repository 'mamba-org/setup-micromamba@v1' (SHA:4b9113af4fba0e9e1124b252dd6497a419e7396d)
2025-02-21T11:37:31.3266520Z ##[group]Run ./.github/actions/setup_env
2025-02-21T11:37:31.3267090Z with:
2025-02-21T11:37:31.3268180Z   os-label: osx-arm64
2025-02-21T11:37:31.3268430Z env:
2025-02-21T11:37:31.3268650Z   CACHE_NUMBER: 0
2025-02-21T11:37:31.3269240Z   PYTEST_FLAGS: --tardis-regression-data=/Users/runner/work/tardis/tardis/tardis-regression-data --cov=tardis --cov-report=xml --cov-report=html --cov-append
2025-02-21T11:37:31.3269860Z   CODECOV_TOKEN: 
2025-02-21T11:37:31.3271480Z ##[endgroup]
2025-02-21T11:37:31.3318580Z ##[group]Run file_hash=$(cat conda-osx-arm64.lock | shasum -a 256 | cut -d' ' -f1)
2025-02-21T11:37:31.3320350Z [36;1mfile_hash=$(cat conda-osx-arm64.lock | shasum -a 256 | cut -d' ' -f1)[0m
2025-02-21T11:37:31.3321090Z [36;1mecho "file_hash=tardis-conda-env-osx-arm64-${file_hash}-v1" >> "${GITHUB_OUTPUT}"[0m
2025-02-21T11:37:31.3412380Z shell: /bin/bash --noprofile --norc -e -o pipefail {0}
2025-02-21T11:37:31.3412730Z env:
2025-02-21T11:37:31.3412950Z   CACHE_NUMBER: 0
2025-02-21T11:37:31.3413570Z   PYTEST_FLAGS: --tardis-regression-data=/Users/runner/work/tardis/tardis/tardis-regression-data --cov=tardis --cov-report=xml --cov-report=html --cov-append
2025-02-21T11:37:31.3414250Z   CODECOV_TOKEN: 
2025-02-21T11:37:31.3414500Z ##[endgroup]
2025-02-21T11:37:31.4436940Z ##[group]Run mamba-org/setup-micromamba@v1
2025-02-21T11:37:31.4437140Z with:
2025-02-21T11:37:31.4437290Z   environment-file: conda-osx-arm64.lock
2025-02-21T11:37:31.4437730Z   cache-environment-key: tardis-conda-env-osx-arm64-bf0d0a4d4c847cca72476c6c68c493d56c484aada7e80de0e42c7607fcef5824-v1
2025-02-21T11:37:31.4438400Z   cache-downloads-key: tardis-conda-env-osx-arm64-bf0d0a4d4c847cca72476c6c68c493d56c484aada7e80de0e42c7607fcef5824-v1
2025-02-21T11:37:31.4438810Z   environment-name: tardis
2025-02-21T11:37:31.4438980Z   cache-environment: true
2025-02-21T11:37:31.4439150Z   cache-downloads: true
2025-02-21T11:37:31.4439290Z env:
2025-02-21T11:37:31.4439400Z   CACHE_NUMBER: 0
2025-02-21T11:37:31.4439850Z   PYTEST_FLAGS: --tardis-regression-data=/Users/runner/work/tardis/tardis/tardis-regression-data --cov=tardis --cov-report=xml --cov-report=html --cov-append
2025-02-21T11:37:31.4440330Z   CODECOV_TOKEN: 
2025-02-21T11:37:31.4440460Z ##[endgroup]
2025-02-21T11:37:31.7260650Z Will download micromamba to /Users/runner/micromamba-bin/micromamba
2025-02-21T11:37:31.7265470Z ##[group]Install micromamba
2025-02-21T11:37:32.4894150Z micromamba installed to /Users/runner/micromamba-bin/micromamba
2025-02-21T11:37:32.4895040Z ##[endgroup]
2025-02-21T11:37:32.4895930Z Adding conda-forge to condarc channels ...
2025-02-21T11:37:32.4985520Z ##[group]Initialize micromamba for bash.
2025-02-21T11:37:32.4994810Z [command]/Users/runner/micromamba-bin/micromamba shell init -s bash -r /Users/runner/micromamba --log-level warning --rc-file /Users/runner/work/_temp/setup-micromamba/.condarc
2025-02-21T11:37:32.5187240Z Modifying RC file "/Users/runner/.bash_profile"
2025-02-21T11:37:32.5188940Z Generating config for root prefix [1m"/Users/runner/micromamba"[0m
2025-02-21T11:37:32.5190070Z Setting mamba executable to: [1m"/Users/runner/micromamba-bin/micromamba"[0m
2025-02-21T11:37:32.5190470Z Adding (or replacing) the following in your "/Users/runner/.bash_profile" file
2025-02-21T11:37:32.5190700Z 
2025-02-21T11:37:32.5190770Z # >>> mamba initialize >>>
2025-02-21T11:37:32.5191000Z # !! Contents within this block are managed by 'mamba init' !!
2025-02-21T11:37:32.5191310Z export MAMBA_EXE='/Users/runner/micromamba-bin/micromamba';
2025-02-21T11:37:32.5191600Z export MAMBA_ROOT_PREFIX='/Users/runner/micromamba';
2025-02-21T11:37:32.5192180Z __mamba_setup="$("$MAMBA_EXE" shell hook --shell bash --root-prefix "$MAMBA_ROOT_PREFIX" 2> /dev/null)"
2025-02-21T11:37:32.5193110Z if [ $? -eq 0 ]; then
2025-02-21T11:37:32.5193300Z     eval "$__mamba_setup"
2025-02-21T11:37:32.5193460Z else
2025-02-21T11:37:32.5193670Z     alias micromamba="$MAMBA_EXE"  # Fallback on help from mamba activate
2025-02-21T11:37:32.5193940Z fi
2025-02-21T11:37:32.5194070Z unset __mamba_setup
2025-02-21T11:37:32.5194220Z # <<< mamba initialize <<<
2025-02-21T11:37:32.5194340Z 
2025-02-21T11:37:32.5196330Z ##[endgroup]
2025-02-21T11:37:32.5197010Z ##[group]Restoring downloads from `/Users/runner/micromamba/pkgs` ...
2025-02-21T11:37:33.9133370Z Received 46137344 of 310594474 (14.9%), 43.8 MBs/sec
2025-02-21T11:37:34.9140160Z Received 117440512 of 310594474 (37.8%), 55.9 MBs/sec
2025-02-21T11:37:35.9276340Z Received 192937984 of 310594474 (62.1%), 61.2 MBs/sec
2025-02-21T11:37:36.9330820Z Received 268435456 of 310594474 (86.4%), 63.7 MBs/sec
2025-02-21T11:37:37.3820100Z Cache Size: ~296 MB (310594474 B)
2025-02-21T11:37:37.3905140Z [command]/opt/homebrew/bin/gtar -xf /Users/runner/work/_temp/13fb9af2-1071-4e50-ac03-a6b361196b8b/cache.tzst -P -C /Users/runner/work/tardis/tardis --delay-directory-restore --use-compress-program unzstd
2025-02-21T11:37:37.9317040Z Received 310594474 of 310594474 (100.0%), 59.0 MBs/sec
2025-02-21T11:37:37.9330280Z Cache restored successfully
2025-02-21T11:37:37.9352150Z Restored cache with key `tardis-conda-env-osx-arm64-bf0d0a4d4c847cca72476c6c68c493d56c484aada7e80de0e42c7607fcef5824-v1-osx-arm64`
2025-02-21T11:37:37.9353070Z ##[endgroup]
2025-02-21T11:37:37.9378560Z ##[group]Restoring environment `tardis` from `/Users/runner/micromamba/envs/tardis` ...
2025-02-21T11:37:39.2464790Z Received 37748736 of 385513979 (9.8%), 36.0 MBs/sec
2025-02-21T11:37:40.2469560Z Received 109051904 of 385513979 (28.3%), 52.0 MBs/sec
2025-02-21T11:37:41.2475960Z Received 180355072 of 385513979 (46.8%), 57.3 MBs/sec
2025-02-21T11:37:42.2478420Z Received 255852544 of 385513979 (66.4%), 61.0 MBs/sec
2025-02-21T11:37:43.2527580Z Received 331350016 of 385513979 (86.0%), 63.2 MBs/sec
2025-02-21T11:37:43.8057910Z Cache Size: ~368 MB (385513979 B)
2025-02-21T11:37:43.8116570Z [command]/opt/homebrew/bin/gtar -xf /Users/runner/work/_temp/5c9d8576-ad52-4838-933e-4d132854c246/cache.tzst -P -C /Users/runner/work/tardis/tardis --delay-directory-restore --use-compress-program unzstd
2025-02-21T11:37:44.2507790Z Received 385513979 of 385513979 (100.0%), 61.2 MBs/sec
2025-02-21T11:37:56.1347830Z Cache restored successfully
2025-02-21T11:37:56.1450460Z Restored cache with key `tardis-conda-env-osx-arm64-bf0d0a4d4c847cca72476c6c68c493d56c484aada7e80de0e42c7607fcef5824-v1-osx-arm64-tardis-args-4f53cda-root-873f6fe-bin-[object Promise]-file-bf0d0a4d4c847cca72476c6c68c493d56c484aada7e80de0e42c7607fcef5824`
2025-02-21T11:37:56.1553520Z ##[endgroup]
2025-02-21T11:37:56.1654640Z Adding environment tardis to auto-activate bash ...
2025-02-21T11:37:56.1941000Z Generating micromamba run shell.
2025-02-21T11:37:56.1976930Z ##[endgroup]
2025-02-21T11:37:56.2002000Z Set environment variables.
2025-02-21T11:37:56.2009530Z ##[group]micromamba info
2025-02-21T11:37:56.2012970Z [command]/Users/runner/micromamba-bin/micromamba info -r /Users/runner/micromamba -n tardis
2025-02-21T11:37:56.6347750Z 
2025-02-21T11:37:56.6352030Z        libmamba version : 1.5.10
2025-02-21T11:37:56.6352430Z      micromamba version : 1.5.10
2025-02-21T11:37:56.6353120Z            curl version : libcurl/8.10.1 (OpenSSL/3.3.2) SecureTransport zlib/1.3.1 zstd/1.5.6 libssh2/1.11.0 nghttp2/1.58.0
2025-02-21T11:37:56.6353770Z      libarchive version : libarchive 3.7.4 zlib/1.2.13 bz2lib/1.0.8 libzstd/1.5.6
2025-02-21T11:37:56.6354340Z        envs directories : /Users/runner/micromamba/envs
2025-02-21T11:37:56.6354890Z           package cache : /Users/runner/micromamba/pkgs
2025-02-21T11:37:56.6355290Z                           /Users/runner/.mamba/pkgs
2025-02-21T11:37:56.6355780Z             environment : tardis
2025-02-21T11:37:56.6356230Z            env location : /Users/runner/micromamba/envs/tardis
2025-02-21T11:37:56.6356780Z       user config files : /Users/runner/.mambarc
2025-02-21T11:37:56.6359170Z  populated config files : /Users/runner/work/_temp/setup-micromamba/.condarc
2025-02-21T11:37:56.6360190Z        virtual packages : __unix=0=0
2025-02-21T11:37:56.6360620Z                           __osx=14.7.2=0
2025-02-21T11:37:56.6360930Z                           __archspec=1=arm64
2025-02-21T11:37:56.6361510Z                channels : https://conda.anaconda.org/conda-forge/osx-arm64
2025-02-21T11:37:56.6361970Z                           https://conda.anaconda.org/conda-forge/noarch
2025-02-21T11:37:56.6362460Z        base environment : /Users/runner/micromamba
2025-02-21T11:37:56.6362850Z                platform : osx-arm64
2025-02-21T11:37:56.6363420Z ##[endgroup]
2025-02-21T11:37:56.6364010Z ##[group]micromamba list
2025-02-21T11:37:56.6366880Z [command]/Users/runner/micromamba-bin/micromamba list -r /Users/runner/micromamba -n tardis
2025-02-21T11:37:56.9505400Z List of packages in environment: "/Users/runner/micromamba/envs/tardis"
2025-02-21T11:37:56.9505820Z 
2025-02-21T11:37:56.9506160Z   Name                           Version              Build                    Channel    
2025-02-21T11:37:56.9507500Z â”€â”€â”€â”€â”€â”€â”€â”€â”€â”€â”€â”€â”€â”€â”€â”€â”€â”€â”€â”€â”€â”€â”€â”€â”€â”€â”€â”€â”€â”€â”€â”€â”€â”€â”€â”€â”€â”€â”€â”€â”€â”€â”€â”€â”€â”€â”€â”€â”€â”€â”€â”€â”€â”€â”€â”€â”€â”€â”€â”€â”€â”€â”€â”€â”€â”€â”€â”€â”€â”€â”€â”€â”€â”€â”€â”€â”€â”€â”€â”€â”€â”€â”€â”€â”€â”€â”€â”€â”€â”€â”€â”€
2025-02-21T11:37:56.9508210Z   alabaster                      0.7.16               pyhd8ed1ab_0             conda-forge
2025-02-21T11:37:56.9508520Z   anyio                          4.4.0                pyhd8ed1ab_0             conda-forge
2025-02-21T11:37:56.9508890Z   appnope                        0.1.4                pyhd8ed1ab_0             conda-forge
2025-02-21T11:37:56.9509450Z   argon2-cffi                    23.1.0               pyhd8ed1ab_0             conda-forge
2025-02-21T11:37:56.9510070Z   argon2-cffi-bindings           21.2.0               py312h02f2b3b_4          conda-forge
2025-02-21T11:37:56.9510610Z   arrow                          1.3.0                pyhd8ed1ab_0             conda-forge
2025-02-21T11:37:56.9511030Z   astropy                        6.1.1                py312hbebd99a_0          conda-forge
2025-02-21T11:37:56.9512790Z   astropy-iers-data              0.2024.6.17.0.31.35  pyhd8ed1ab_0             conda-forge
2025-02-21T11:37:56.9513370Z   astropy-sphinx-theme           1.1                  pyhd8ed1ab_0             conda-forge
2025-02-21T11:37:56.9513780Z   asttokens                      2.4.1                pyhd8ed1ab_0             conda-forge
2025-02-21T11:37:56.9514230Z   async-lru                      2.0.4                pyhd8ed1ab_0             conda-forge
2025-02-21T11:37:56.9514630Z   atk-1.0                        2.38.0               hd03087b_2               conda-forge
2025-02-21T11:37:56.9515080Z   attrs                          23.2.0               pyh71513ae_0             conda-forge
2025-02-21T11:37:56.9515610Z   babel                          2.14.0               pyhd8ed1ab_0             conda-forge
2025-02-21T11:37:56.9516580Z   beautifulsoup4                 4.12.3               pyha770c72_0             conda-forge
2025-02-21T11:37:56.9517030Z   bleach                         6.1.0                pyhd8ed1ab_0             conda-forge
2025-02-21T11:37:56.9517500Z   blosc                          1.21.5               h9c252e8_1               conda-forge
2025-02-21T11:37:56.9517840Z   brotli                         1.1.0                hb547adb_1               conda-forge
2025-02-21T11:37:56.9518470Z   brotli-bin                     1.1.0                hb547adb_1               conda-forge
2025-02-21T11:37:56.9518860Z   brotli-python                  1.1.0                py312h9f69965_1          conda-forge
2025-02-21T11:37:56.9519260Z   bzip2                          1.0.8                h93a5062_5               conda-forge
2025-02-21T11:37:56.9519660Z   c-ares                         1.28.1               h93a5062_0               conda-forge
2025-02-21T11:37:56.9519990Z   c-blosc2                       2.14.4               ha57e6be_1               conda-forge
2025-02-21T11:37:56.9520820Z   ca-certificates                2024.6.2             hf0a4a13_0               conda-forge
2025-02-21T11:37:56.9521250Z   cached-property                1.5.2                hd8ed1ab_1               conda-forge
2025-02-21T11:37:56.9521690Z   cached_property                1.5.2                pyha770c72_1             conda-forge
2025-02-21T11:37:56.9522050Z   cairo                          1.18.0               hd1e100b_0               conda-forge
2025-02-21T11:37:56.9522520Z   certifi                        2024.6.2             pyhd8ed1ab_0             conda-forge
2025-02-21T11:37:56.9522950Z   cffi                           1.16.0               py312h8e38eb3_0          conda-forge
2025-02-21T11:37:56.9523460Z   charset-normalizer             3.3.2                pyhd8ed1ab_0             conda-forge
2025-02-21T11:37:56.9523940Z   click                          8.1.7                unix_pyh707e725_0        conda-forge
2025-02-21T11:37:56.9524410Z   codespell                      2.3.0                pyhd8ed1ab_0             conda-forge
2025-02-21T11:37:56.9524830Z   colorama                       0.4.6                pyhd8ed1ab_0             conda-forge
2025-02-21T11:37:56.9525170Z   comm                           0.2.2                pyhd8ed1ab_0             conda-forge
2025-02-21T11:37:56.9525590Z   commonmark                     0.9.1                py_0                     conda-forge
2025-02-21T11:37:56.9525990Z   contourpy                      1.2.1                py312h0fef576_0          conda-forge
2025-02-21T11:37:56.9526520Z   coverage                       7.5.3                py312h7e5086c_0          conda-forge
2025-02-21T11:37:56.9526960Z   cycler                         0.12.1               pyhd8ed1ab_0             conda-forge
2025-02-21T11:37:56.9527460Z   dataclasses                    0.8                  pyhc8e2a94_3             conda-forge
2025-02-21T11:37:56.9527960Z   debugpy                        1.8.1                py312h20a0b95_0          conda-forge
2025-02-21T11:37:56.9528430Z   decorator                      5.1.1                pyhd8ed1ab_0             conda-forge
2025-02-21T11:37:56.9529160Z   defusedxml                     0.7.1                pyhd8ed1ab_0             conda-forge
2025-02-21T11:37:56.9529770Z   docutils                       0.20.1               py312h81bd7bf_3          conda-forge
2025-02-21T11:37:56.9530230Z   dot2tex                        2.11.3               pyhd8ed1ab_0             conda-forge
2025-02-21T11:37:56.9530660Z   entrypoints                    0.4                  pyhd8ed1ab_0             conda-forge
2025-02-21T11:37:56.9531100Z   exceptiongroup                 1.2.0                pyhd8ed1ab_2             conda-forge
2025-02-21T11:37:56.9531550Z   executing                      2.0.1                pyhd8ed1ab_0             conda-forge
2025-02-21T11:37:56.9531980Z   expat                          2.6.2                hebf3989_0               conda-forge
2025-02-21T11:37:56.9532670Z   font-ttf-dejavu-sans-mono      2.37                 hab24e00_0               conda-forge
2025-02-21T11:37:56.9533130Z   font-ttf-inconsolata           3.000                h77eed37_0               conda-forge
2025-02-21T11:37:56.9533570Z   font-ttf-source-code-pro       2.038                h77eed37_0               conda-forge
2025-02-21T11:37:56.9557520Z   font-ttf-ubuntu                0.83                 h77eed37_2               conda-forge
2025-02-21T11:37:56.9558030Z   fontconfig                     2.14.2               h82840c6_0               conda-forge
2025-02-21T11:37:56.9558360Z   fonts-conda-ecosystem          1                    0                        conda-forge
2025-02-21T11:37:56.9558820Z   fonts-conda-forge              1                    0                        conda-forge
2025-02-21T11:37:56.9559190Z   fonttools                      4.53.0               py312h7e5086c_0          conda-forge
2025-02-21T11:37:56.9559700Z   fqdn                           1.5.1                pyhd8ed1ab_0             conda-forge
2025-02-21T11:37:56.9560300Z   freetype                       2.12.1               hadb7bae_2               conda-forge
2025-02-21T11:37:56.9560730Z   fribidi                        1.0.10               h27ca646_0               conda-forge
2025-02-21T11:37:56.9561080Z   future                         1.0.0                pyhd8ed1ab_0             conda-forge
2025-02-21T11:37:56.9561580Z   gdk-pixbuf                     2.42.12              h7ddc832_0               conda-forge
2025-02-21T11:37:56.9561980Z   gettext                        0.22.5               h8fbad5d_2               conda-forge
2025-02-21T11:37:56.9562380Z   gettext-tools                  0.22.5               h8fbad5d_2               conda-forge
2025-02-21T11:37:56.9562860Z   giflib                         5.2.2                h93a5062_0               conda-forge
2025-02-21T11:37:56.9563230Z   git-lfs                        3.5.1                hce30654_0               conda-forge
2025-02-21T11:37:56.9563610Z   gmp                            6.3.0                hebf3989_1               conda-forge
2025-02-21T11:37:56.9563930Z   gmpy2                          2.1.5                py312hfa9fade_1          conda-forge
2025-02-21T11:37:56.9564370Z   graphite2                      1.3.13               hebf3989_1003            conda-forge
2025-02-21T11:37:56.9564710Z   graphviz                       11.0.0               h9bb9bc9_0               conda-forge
2025-02-21T11:37:56.9564990Z   gtk2                           2.24.33              h7895bb2_4               conda-forge
2025-02-21T11:37:56.9565260Z   gts                            0.7.6                he42f4ea_4               conda-forge
2025-02-21T11:37:56.9565520Z   h11                            0.14.0               pyhd8ed1ab_0             conda-forge
2025-02-21T11:37:56.9565780Z   h2                             4.1.0                pyhd8ed1ab_0             conda-forge
2025-02-21T11:37:56.9566040Z   h5py                           3.11.0               nompi_py312h903599c_102  conda-forge
2025-02-21T11:37:56.9566320Z   harfbuzz                       8.5.0                h1836168_0               conda-forge
2025-02-21T11:37:56.9566580Z   hdf5                           1.14.3               nompi_hec07895_105       conda-forge
2025-02-21T11:37:56.9566850Z   hpack                          4.0.0                pyh9f0ad1d_0             conda-forge
2025-02-21T11:37:56.9567190Z   httpcore                       1.0.5                pyhd8ed1ab_0             conda-forge
2025-02-21T11:37:56.9567470Z   httpx                          0.27.0               pyhd8ed1ab_0             conda-forge
2025-02-21T11:37:56.9567800Z   hyperframe                     6.0.1                pyhd8ed1ab_0             conda-forge
2025-02-21T11:37:56.9568070Z   icu                            73.2                 hc8870d7_0               conda-forge
2025-02-21T11:37:56.9568380Z   idna                           3.7                  pyhd8ed1ab_0             conda-forge
2025-02-21T11:37:56.9568710Z   imagesize                      1.4.1                pyhd8ed1ab_0             conda-forge
2025-02-21T11:37:56.9569340Z   importlib-metadata             7.1.0                pyha770c72_0             conda-forge
2025-02-21T11:37:56.9569750Z   importlib_metadata             7.1.0                hd8ed1ab_0               conda-forge
2025-02-21T11:37:56.9570260Z   importlib_resources            6.4.0                pyhd8ed1ab_0             conda-forge
2025-02-21T11:37:56.9570650Z   iniconfig                      2.0.0                pyhd8ed1ab_0             conda-forge
2025-02-21T11:37:56.9571000Z   ipykernel                      6.29.4               pyh57ce528_0             conda-forge
2025-02-21T11:37:56.9572020Z   ipython                        8.25.0               pyh707e725_0             conda-forge
2025-02-21T11:37:56.9572350Z   ipython_genutils               0.2.0                pyhd8ed1ab_1             conda-forge
2025-02-21T11:37:56.9572720Z   ipywidgets                     7.8.0                pyhd8ed1ab_0             conda-forge
2025-02-21T11:37:56.9573410Z   isoduration                    20.11.0              pyhd8ed1ab_0             conda-forge
2025-02-21T11:37:56.9573840Z   jedi                           0.19.1               pyhd8ed1ab_0             conda-forge
2025-02-21T11:37:56.9574280Z   jinja2                         3.1.4                pyhd8ed1ab_0             conda-forge
2025-02-21T11:37:56.9574670Z   json5                          0.9.25               pyhd8ed1ab_0             conda-forge
2025-02-21T11:37:56.9575120Z   jsonpointer                    3.0.0                py312h81bd7bf_0          conda-forge
2025-02-21T11:37:56.9575590Z   jsonschema                     4.22.0               pyhd8ed1ab_0             conda-forge
2025-02-21T11:37:56.9575970Z   jsonschema-specifications      2023.12.1            pyhd8ed1ab_0             conda-forge
2025-02-21T11:37:56.9576450Z   jsonschema-with-format-nongpl  4.22.0               pyhd8ed1ab_0             conda-forge
2025-02-21T11:37:56.9576850Z   jupyter-lsp                    2.2.5                pyhd8ed1ab_0             conda-forge
2025-02-21T11:37:56.9577220Z   jupyter_client                 8.6.2                pyhd8ed1ab_0             conda-forge
2025-02-21T11:37:56.9577540Z   jupyter_core                   5.7.2                py312h81bd7bf_0          conda-forge
2025-02-21T11:37:56.9577900Z   jupyter_events                 0.10.0               pyhd8ed1ab_0             conda-forge
2025-02-21T11:37:56.9578300Z   jupyter_server                 2.14.1               pyhd8ed1ab_0             conda-forge
2025-02-21T11:37:56.9578700Z   jupyter_server_terminals       0.5.3                pyhd8ed1ab_0             conda-forge
2025-02-21T11:37:56.9579130Z   jupyterlab                     4.2.2                pyhd8ed1ab_0             conda-forge
2025-02-21T11:37:56.9579490Z   jupyterlab_pygments            0.3.0                pyhd8ed1ab_1             conda-forge
2025-02-21T11:37:56.9579980Z   jupyterlab_server              2.27.2               pyhd8ed1ab_0             conda-forge
2025-02-21T11:37:56.9580360Z   jupyterlab_widgets             1.1.7                pyhd8ed1ab_0             conda-forge
2025-02-21T11:37:56.9580780Z   kiwisolver                     1.4.5                py312h389731b_1          conda-forge
2025-02-21T11:37:56.9581100Z   krb5                           1.21.2               h92f50d5_0               conda-forge
2025-02-21T11:37:56.9581470Z   latexcodec                     2.0.1                pyh9f0ad1d_0             conda-forge
2025-02-21T11:37:56.9581870Z   lcms2                          2.16                 ha0e7c42_0               conda-forge
2025-02-21T11:37:56.9582240Z   lerc                           4.0.0                h9a09cb3_0               conda-forge
2025-02-21T11:37:56.9582680Z   libaec                         1.1.3                hebf3989_0               conda-forge
2025-02-21T11:37:56.9583030Z   libasprintf                    0.22.5               h8fbad5d_2               conda-forge
2025-02-21T11:37:56.9583430Z   libasprintf-devel              0.22.5               h8fbad5d_2               conda-forge
2025-02-21T11:37:56.9583960Z   libblas                        3.9.0                22_osxarm64_openblas     conda-forge
2025-02-21T11:37:56.9584370Z   libbrotlicommon                1.1.0                hb547adb_1               conda-forge
2025-02-21T11:37:56.9584720Z   libbrotlidec                   1.1.0                hb547adb_1               conda-forge
2025-02-21T11:37:56.9585160Z   libbrotlienc                   1.1.0                hb547adb_1               conda-forge
2025-02-21T11:37:56.9585520Z   libcblas                       3.9.0                22_osxarm64_openblas     conda-forge
2025-02-21T11:37:56.9585890Z   libcurl                        8.8.0                h7b6f9a7_0               conda-forge
2025-02-21T11:37:56.9586320Z   libcxx                         17.0.6               h5f092b4_0               conda-forge
2025-02-21T11:37:56.9586680Z   libdeflate                     1.20                 h93a5062_0               conda-forge
2025-02-21T11:37:56.9587070Z   libedit                        3.1.20191231         hc8eb9b7_2               conda-forge
2025-02-21T11:37:56.9587720Z   libev                          4.33                 h93a5062_2               conda-forge
2025-02-21T11:37:56.9588120Z   libexpat                       2.6.2                hebf3989_0               conda-forge
2025-02-21T11:37:56.9588510Z   libffi                         3.4.2                h3422bc3_5               conda-forge
2025-02-21T11:37:56.9588920Z   libgd                          2.3.3                hfdf3952_9               conda-forge
2025-02-21T11:37:56.9589290Z   libgettextpo                   0.22.5               h8fbad5d_2               conda-forge
2025-02-21T11:37:56.9589670Z   libgettextpo-devel             0.22.5               h8fbad5d_2               conda-forge
2025-02-21T11:37:56.9590040Z   libgfortran                    5.0.0                13_2_0_hd922786_3        conda-forge
2025-02-21T11:37:56.9590340Z   libgfortran5                   13.2.0               hf226fd6_3               conda-forge
2025-02-21T11:37:56.9590730Z   libglib                        2.80.2               h59d46d9_1               conda-forge
2025-02-21T11:37:56.9591110Z   libiconv                       1.17                 h0d3ecfb_2               conda-forge
2025-02-21T11:37:56.9591440Z   libintl                        0.22.5               h8fbad5d_2               conda-forge
2025-02-21T11:37:56.9591820Z   libintl-devel                  0.22.5               h8fbad5d_2               conda-forge
2025-02-21T11:37:56.9592170Z   libjpeg-turbo                  3.0.0                hb547adb_1               conda-forge
2025-02-21T11:37:56.9592550Z   liblapack                      3.9.0                22_osxarm64_openblas     conda-forge
2025-02-21T11:37:56.9592890Z   libllvm14                      14.0.6               hd1a9a77_4               conda-forge
2025-02-21T11:37:56.9593240Z   libnghttp2                     1.58.0               ha4dd798_1               conda-forge
2025-02-21T11:37:56.9593590Z   libopenblas                    0.3.27               openmp_h6c19121_0        conda-forge
2025-02-21T11:37:56.9593920Z   libpng                         1.6.43               h091b4b1_0               conda-forge
2025-02-21T11:37:56.9594230Z   librsvg                        2.58.1               hbc281fb_0               conda-forge
2025-02-21T11:37:56.9594610Z   libsodium                      1.0.18               h27ca646_1               conda-forge
2025-02-21T11:37:56.9594990Z   libsqlite                      3.46.0               hfb93653_0               conda-forge
2025-02-21T11:37:56.9595310Z   libssh2                        1.11.0               h7a5bd25_0               conda-forge
2025-02-21T11:37:56.9595790Z   libtiff                        4.6.0                h07db509_3               conda-forge
2025-02-21T11:37:56.9596110Z   libwebp                        1.4.0                h54798ee_0               conda-forge
2025-02-21T11:37:56.9596480Z   libwebp-base                   1.4.0                h93a5062_0               conda-forge
2025-02-21T11:37:56.9597550Z   libxcb                         1.16                 hf2054a2_0               conda-forge
2025-02-21T11:37:56.9597920Z   libxml2                        2.12.7               ha661575_1               conda-forge
2025-02-21T11:37:56.9598240Z   libxslt                        1.1.39               h223e5b9_0               conda-forge
2025-02-21T11:37:56.9598600Z   libzlib                        1.3.1                hfb2fe0b_1               conda-forge
2025-02-21T11:37:56.9598930Z   llvm-openmp                    18.1.7               hde57baf_0               conda-forge
2025-02-21T11:37:56.9599330Z   llvmlite                       0.42.0               py312h17030e7_1          conda-forge
2025-02-21T11:37:56.9599700Z   lxml                           5.2.2                py312h0e5ab22_0          conda-forge
2025-02-21T11:37:56.9600030Z   lz4-c                          1.9.4                hb7217d7_0               conda-forge
2025-02-21T11:37:56.9600400Z   markupsafe                     2.1.5                py312he37b823_0          conda-forge
2025-02-21T11:37:56.9600920Z   matplotlib-base                3.8.4                py312h4479663_2          conda-forge
2025-02-21T11:37:56.9601310Z   matplotlib-inline              0.1.7                pyhd8ed1ab_0             conda-forge
2025-02-21T11:37:56.9601660Z   mistune                        3.0.2                pyhd8ed1ab_0             conda-forge
2025-02-21T11:37:56.9601980Z   mpc                            1.3.1                h91ba8db_0               conda-forge
2025-02-21T11:37:56.9602250Z   mpfr                           4.2.1                h41d338b_1               conda-forge
2025-02-21T11:37:56.9602570Z   mpmath                         1.3.0                pyhd8ed1ab_0             conda-forge
2025-02-21T11:37:56.9602940Z   munkres                        1.1.4                pyh9f0ad1d_0             conda-forge
2025-02-21T11:37:56.9603320Z   mypy_extensions                1.0.0                pyha770c72_0             conda-forge
2025-02-21T11:37:56.9603710Z   nbclassic                      1.1.0                pyhd8ed1ab_0             conda-forge
2025-02-21T11:37:56.9604070Z   nbclient                       0.10.0               pyhd8ed1ab_0             conda-forge
2025-02-21T11:37:56.9604380Z   nbconvert                      7.16.4               hd8ed1ab_1               conda-forge
2025-02-21T11:37:56.9604680Z   nbconvert-core                 7.16.4               pyhd8ed1ab_1             conda-forge
2025-02-21T11:37:56.9605020Z   nbconvert-pandoc               7.16.4               hd8ed1ab_1               conda-forge
2025-02-21T11:37:56.9605380Z   nbformat                       5.10.4               pyhd8ed1ab_0             conda-forge
2025-02-21T11:37:56.9605700Z   nbsphinx                       0.9.4                pyhd8ed1ab_0             conda-forge
2025-02-21T11:37:56.9606030Z   ncurses                        6.5                  hb89a1cb_0               conda-forge
2025-02-21T11:37:56.9606350Z   nest-asyncio                   1.6.0                pyhd8ed1ab_0             conda-forge
2025-02-21T11:37:56.9606980Z   networkx                       3.3                  pyhd8ed1ab_1             conda-forge
2025-02-21T11:37:56.9607310Z   notebook                       7.2.1                pyhd8ed1ab_0             conda-forge
2025-02-21T11:37:56.9607720Z   notebook-shim                  0.2.4                pyhd8ed1ab_0             conda-forge
2025-02-21T11:37:56.9608020Z   numba                          0.59.1               py312hbaff935_0          conda-forge
2025-02-21T11:37:56.9608310Z   numexpr                        2.10.0               py312h8ae5369_0          conda-forge
2025-02-21T11:37:56.9608610Z   numpy                          1.26.4               py312h8442bc7_0          conda-forge
2025-02-21T11:37:56.9608900Z   numpydoc                       1.7.0                pyhd8ed1ab_1             conda-forge
2025-02-21T11:37:56.9609200Z   openjpeg                       2.5.2                h9f1df11_0               conda-forge
2025-02-21T11:37:56.9609770Z   openssl                        3.3.1                hfb2fe0b_0               conda-forge
2025-02-21T11:37:56.9610050Z   overrides                      7.7.0                pyhd8ed1ab_0             conda-forge
2025-02-21T11:37:56.9610330Z   packaging                      24.1                 pyhd8ed1ab_0             conda-forge
2025-02-21T11:37:56.9610610Z   pandas                         2.2.2                py312h8ae5369_1          conda-forge
2025-02-21T11:37:56.9610870Z   pandoc                         3.2                  hce30654_0               conda-forge
2025-02-21T11:37:56.9611160Z   pandocfilters                  1.5.0                pyhd8ed1ab_0             conda-forge
2025-02-21T11:37:56.9611440Z   pango                          1.54.0               h5cb9fbc_0               conda-forge
2025-02-21T11:37:56.9611710Z   parso                          0.8.4                pyhd8ed1ab_0             conda-forge
2025-02-21T11:37:56.9611990Z   pathspec                       0.12.1               pyhd8ed1ab_0             conda-forge
2025-02-21T11:37:56.9612370Z   pbr                            6.0.0                pyhd8ed1ab_0             conda-forge
2025-02-21T11:37:56.9612630Z   pcre2                          10.44                h297a79d_0               conda-forge
2025-02-21T11:37:56.9612900Z   pexpect                        4.9.0                pyhd8ed1ab_0             conda-forge
2025-02-21T11:37:56.9613180Z   pickleshare                    0.7.5                py_1003                  conda-forge
2025-02-21T11:37:56.9613460Z   pillow                         10.3.0               py312h39b1d8d_1          conda-forge
2025-02-21T11:37:56.9613750Z   pip                            24.0                 pyhd8ed1ab_0             conda-forge
2025-02-21T11:37:56.9614010Z   pixman                         0.43.4               hebf3989_0               conda-forge
2025-02-21T11:37:56.9614320Z   pkgutil-resolve-name           1.3.10               pyhd8ed1ab_1             conda-forge
2025-02-21T11:37:56.9614640Z   platformdirs                   4.2.2                pyhd8ed1ab_0             conda-forge
2025-02-21T11:37:56.9614930Z   plotly                         5.22.0               pyhd8ed1ab_0             conda-forge
2025-02-21T11:37:56.9615200Z   pluggy                         1.5.0                pyhd8ed1ab_0             conda-forge
2025-02-21T11:37:56.9615490Z   prometheus_client              0.20.0               pyhd8ed1ab_0             conda-forge
2025-02-21T11:37:56.9615810Z   prompt-toolkit                 3.0.47               pyha770c72_0             conda-forge
2025-02-21T11:37:56.9616100Z   psutil                         5.9.8                py312he37b823_0          conda-forge
2025-02-21T11:37:56.9616370Z   pthread-stubs                  0.4                  h27ca646_1001            conda-forge
2025-02-21T11:37:56.9616660Z   ptyprocess                     0.7.0                pyhd3deb0d_0             conda-forge
2025-02-21T11:37:56.9616940Z   pure_eval                      0.2.2                pyhd8ed1ab_0             conda-forge
2025-02-21T11:37:56.9617230Z   py-cpuinfo                     9.0.0                pyhd8ed1ab_0             conda-forge
2025-02-21T11:37:56.9617500Z   pybtex                         0.24.0               pyhd8ed1ab_2             conda-forge
2025-02-21T11:37:56.9617790Z   pybtex-docutils                1.0.3                py312h81bd7bf_1          conda-forge
2025-02-21T11:37:56.9618080Z   pycparser                      2.22                 pyhd8ed1ab_0             conda-forge
2025-02-21T11:37:56.9618370Z   pyerfa                         2.0.1.4              py312hbebd99a_1          conda-forge
2025-02-21T11:37:56.9618650Z   pygments                       2.18.0               pyhd8ed1ab_0             conda-forge
2025-02-21T11:37:56.9618930Z   pygraphviz                     1.13                 py312h5f4d302_1          conda-forge
2025-02-21T11:37:56.9619210Z   pyobjc-core                    10.3.1               py312hbb55c70_0          conda-forge
2025-02-21T11:37:56.9619640Z   pyobjc-framework-cocoa         10.3.1               py312hbb55c70_0          conda-forge
2025-02-21T11:37:56.9619950Z   pyparsing                      3.1.2                pyhd8ed1ab_0             conda-forge
2025-02-21T11:37:56.9620230Z   pysocks                        1.7.1                pyha2e5f31_6             conda-forge
2025-02-21T11:37:56.9620500Z   pytables                       3.9.2                py312hb622ae1_2          conda-forge
2025-02-21T11:37:56.9620780Z   pytest                         8.2.2                pyhd8ed1ab_0             conda-forge
2025-02-21T11:37:56.9621060Z   pytest-cov                     5.0.0                pyhd8ed1ab_0             conda-forge
2025-02-21T11:37:56.9621360Z   pytest-doctestplus             1.2.1                pyhd8ed1ab_0             conda-forge
2025-02-21T11:37:56.9621680Z   pytest-html                    4.1.1                pyhd8ed1ab_0             conda-forge
2025-02-21T11:37:56.9621980Z   pytest-metadata                3.1.1                pyhd8ed1ab_0             conda-forge
2025-02-21T11:37:56.9622490Z   python                         3.12.4               h30c5eda_0_cpython       conda-forge
2025-02-21T11:37:56.9622790Z   python-dateutil                2.9.0                pyhd8ed1ab_0             conda-forge
2025-02-21T11:37:56.9623120Z   python-fastjsonschema          2.20.0               pyhd8ed1ab_0             conda-forge
2025-02-21T11:37:56.9623450Z   python-json-logger             2.0.7                pyhd8ed1ab_0             conda-forge
2025-02-21T11:37:56.9623760Z   python-tzdata                  2024.1               pyhd8ed1ab_0             conda-forge
2025-02-21T11:37:56.9624060Z   python_abi                     3.12                 4_cp312                  conda-forge
2025-02-21T11:37:56.9624330Z   pytz                           2024.1               pyhd8ed1ab_0             conda-forge
2025-02-21T11:37:56.9624600Z   pyyaml                         6.0.1                py312h02f2b3b_1          conda-forge
2025-02-21T11:37:56.9624870Z   pyzmq                          26.0.3               py312hfa13136_0          conda-forge
2025-02-21T11:37:56.9625140Z   qgrid                          1.3.1                pyhd8ed1ab_4             conda-forge
2025-02-21T11:37:56.9625430Z   radioactivedecay               0.5.1                pyhd8ed1ab_0             conda-forge
2025-02-21T11:37:56.9625730Z   readline                       8.2                  h92ec313_1               conda-forge
2025-02-21T11:37:56.9626010Z   recommonmark                   0.7.1                pyhd8ed1ab_0             conda-forge
2025-02-21T11:37:56.9626360Z   referencing                    0.35.1               pyhd8ed1ab_0             conda-forge
2025-02-21T11:37:56.9626640Z   requests                       2.32.3               pyhd8ed1ab_0             conda-forge
2025-02-21T11:37:56.9626940Z   rfc3339-validator              0.1.4                pyhd8ed1ab_0             conda-forge
2025-02-21T11:37:56.9627250Z   rfc3986-validator              0.1.1                pyh9f0ad1d_0             conda-forge
2025-02-21T11:37:56.9627550Z   rpds-py                        0.18.1               py312h552d48e_0          conda-forge
2025-02-21T11:37:56.9627810Z   ruff                           0.4.9                py312h3402d49_0          conda-forge
2025-02-21T11:37:56.9628070Z   scipy                          1.13.1               py312h14ffa8f_0          conda-forge
2025-02-21T11:37:56.9628350Z   send2trash                     1.8.3                pyh31c8845_0             conda-forge
2025-02-21T11:37:56.9628640Z   setuptools                     70.0.0               pyhd8ed1ab_0             conda-forge
2025-02-21T11:37:56.9628930Z   setuptools-scm                 8.1.0                pyhd8ed1ab_0             conda-forge
2025-02-21T11:37:56.9629230Z   setuptools_scm                 8.1.0                hd8ed1ab_0               conda-forge
2025-02-21T11:37:56.9629510Z   six                            1.16.0               pyh6c4a22f_0             conda-forge
2025-02-21T11:37:56.9629870Z   snakeviz                       2.2.0                pyhd8ed1ab_0             conda-forge
2025-02-21T11:37:56.9630150Z   snappy                         1.2.0                hd04f947_1               conda-forge
2025-02-21T11:37:56.9630420Z   sniffio                        1.3.1                pyhd8ed1ab_0             conda-forge
2025-02-21T11:37:56.9630710Z   snowballstemmer                2.2.0                pyhd8ed1ab_0             conda-forge
2025-02-21T11:37:56.9631010Z   soupsieve                      2.5                  pyhd8ed1ab_1             conda-forge
2025-02-21T11:37:56.9631290Z   sphinx                         7.3.7                pyhd8ed1ab_0             conda-forge
2025-02-21T11:37:56.9631580Z   sphinx-astropy                 1.9.1                pyhd8ed1ab_0             conda-forge
2025-02-21T11:37:56.9631890Z   sphinx-automodapi              0.17.0               pyh717bed2_1             conda-forge
2025-02-21T11:37:56.9632200Z   sphinx-gallery                 0.16.0               pyhd8ed1ab_0             conda-forge
2025-02-21T11:37:56.9632610Z   sphinx-jsonschema              1.19.1               pyhd8ed1ab_0             conda-forge
2025-02-21T11:37:56.9632940Z   sphinx_bootstrap_theme         0.8.1                pyhd8ed1ab_0             conda-forge
2025-02-21T11:37:56.9633250Z   sphinx_rtd_theme               2.0.0                pyha770c72_0             conda-forge
2025-02-21T11:37:56.9633570Z   sphinxcontrib-apidoc           0.3.0                py_1                     conda-forge
2025-02-21T11:37:56.9633910Z   sphinxcontrib-applehelp        1.0.8                pyhd8ed1ab_0             conda-forge
2025-02-21T11:37:56.9634260Z   sphinxcontrib-bibtex           2.6.2                pyhd8ed1ab_0             conda-forge
2025-02-21T11:37:56.9634610Z   sphinxcontrib-devhelp          1.0.6                pyhd8ed1ab_0             conda-forge
2025-02-21T11:37:56.9634950Z   sphinxcontrib-htmlhelp         2.0.5                pyhd8ed1ab_0             conda-forge
2025-02-21T11:37:56.9635290Z   sphinxcontrib-jquery           4.1                  pyhd8ed1ab_0             conda-forge
2025-02-21T11:37:56.9635630Z   sphinxcontrib-jsmath           1.0.1                pyhd8ed1ab_0             conda-forge
2025-02-21T11:37:56.9635960Z   sphinxcontrib-qthelp           1.0.7                pyhd8ed1ab_0             conda-forge
2025-02-21T11:37:56.9636320Z   sphinxcontrib-serializinghtml  1.1.10               pyhd8ed1ab_0             conda-forge
2025-02-21T11:37:56.9636650Z   stack_data                     0.6.2                pyhd8ed1ab_0             conda-forge
2025-02-21T11:37:56.9636930Z   sympy                          1.12.1               pypyh2585a3b_103         conda-forge
2025-02-21T11:37:56.9637200Z   tabulate                       0.9.0                pyhd8ed1ab_1             conda-forge
2025-02-21T11:37:56.9637480Z   tenacity                       8.4.1                pyhd8ed1ab_0             conda-forge
2025-02-21T11:37:56.9637750Z   terminado                      0.18.1               pyh31c8845_0             conda-forge
2025-02-21T11:37:56.9638040Z   tinycss2                       1.3.0                pyhd8ed1ab_0             conda-forge
2025-02-21T11:37:56.9638300Z   tk                             8.6.13               h5083fa2_1               conda-forge
2025-02-21T11:37:56.9638550Z   toml                           0.10.2               pyhd8ed1ab_0             conda-forge
2025-02-21T11:37:56.9638820Z   tomli                          2.0.1                pyhd8ed1ab_0             conda-forge
2025-02-21T11:37:56.9639080Z   tornado                        6.4.1                py312h7e5086c_0          conda-forge
2025-02-21T11:37:56.9639350Z   tqdm                           4.66.4               pyhd8ed1ab_0             conda-forge
2025-02-21T11:37:56.9639620Z   traitlets                      5.14.3               pyhd8ed1ab_0             conda-forge
2025-02-21T11:37:56.9639900Z   typed-ast                      1.5.5                py312h02f2b3b_1          conda-forge
2025-02-21T11:37:56.9640310Z   types-python-dateutil          2.9.0.20240316       pyhd8ed1ab_0             conda-forge
2025-02-21T11:37:56.9640650Z   typing-extensions              4.12.2               hd8ed1ab_0               conda-forge
2025-02-21T11:37:56.9640970Z   typing_extensions              4.12.2               pyha770c72_0             conda-forge
2025-02-21T11:37:56.9641270Z   typing_utils                   0.1.0                pyhd8ed1ab_0             conda-forge
2025-02-21T11:37:56.9641570Z   tzdata                         2024a                h0c530f3_0               conda-forge
2025-02-21T11:37:56.9641950Z   uri-template                   1.3.0                pyhd8ed1ab_0             conda-forge
2025-02-21T11:37:56.9642360Z   urllib3                        2.2.2                pyhd8ed1ab_0             conda-forge
2025-02-21T11:37:56.9642690Z   wcwidth                        0.2.13               pyhd8ed1ab_0             conda-forge
2025-02-21T11:37:56.9643170Z   webcolors                      24.6.0               pyhd8ed1ab_0             conda-forge
2025-02-21T11:37:56.9643710Z   webencodings                   0.5.1                pyhd8ed1ab_2             conda-forge
2025-02-21T11:37:56.9650490Z   websocket-client               1.8.0                pyhd8ed1ab_0             conda-forge
2025-02-21T11:37:56.9650800Z   wheel                          0.43.0               pyhd8ed1ab_1             conda-forge
2025-02-21T11:37:56.9651110Z   widgetsnbextension             3.6.6                pyhd8ed1ab_0             conda-forge
2025-02-21T11:37:56.9651430Z   xorg-libxau                    1.0.11               hb547adb_0               conda-forge
2025-02-21T11:37:56.9651730Z   xorg-libxdmcp                  1.1.3                h27ca646_0               conda-forge
2025-02-21T11:37:56.9652010Z   xz                             5.2.6                h57fd34a_0               conda-forge
2025-02-21T11:37:56.9652260Z   yaml                           0.2.5                h3422bc3_2               conda-forge
2025-02-21T11:37:56.9652540Z   zeromq                         4.3.5                hcc0f68c_4               conda-forge
2025-02-21T11:37:56.9652810Z   zipp                           3.19.2               pyhd8ed1ab_0             conda-forge
2025-02-21T11:37:56.9653080Z   zlib                           1.3.1                hfb2fe0b_1               conda-forge
2025-02-21T11:37:56.9653340Z   zlib-ng                        2.0.7                h1a8c8d9_0               conda-forge
2025-02-21T11:37:56.9653610Z   zstd                           1.5.6                hb46c0d2_0               conda-forge
2025-02-21T11:37:56.9654440Z ##[endgroup]
2025-02-21T11:37:56.9709870Z ##[group]Run pip install -e . --user
2025-02-21T11:37:56.9710100Z [36;1mpip install -e . --user[0m
2025-02-21T11:37:56.9903250Z shell: /bin/bash -l {0}
2025-02-21T11:37:56.9903430Z env:
2025-02-21T11:37:56.9903560Z   CACHE_NUMBER: 0
2025-02-21T11:37:56.9904050Z   PYTEST_FLAGS: --tardis-regression-data=/Users/runner/work/tardis/tardis/tardis-regression-data --cov=tardis --cov-report=xml --cov-report=html --cov-append
2025-02-21T11:37:56.9904570Z   CODECOV_TOKEN: 
2025-02-21T11:37:56.9904740Z   MAMBA_ROOT_PREFIX: /Users/runner/micromamba
2025-02-21T11:37:56.9904970Z   MAMBA_EXE: /Users/runner/micromamba-bin/micromamba
2025-02-21T11:37:56.9905240Z   CONDARC: /Users/runner/work/_temp/setup-micromamba/.condarc
2025-02-21T11:37:56.9905480Z ##[endgroup]
2025-02-21T11:37:57.8806530Z Obtaining file:///Users/runner/work/tardis/tardis
2025-02-21T11:37:57.8831580Z   Installing build dependencies: started
2025-02-21T11:38:00.2916970Z   Installing build dependencies: finished with status 'done'
2025-02-21T11:38:00.2924100Z   Checking if build backend supports build_editable: started
2025-02-21T11:38:00.3813340Z   Checking if build backend supports build_editable: finished with status 'done'
2025-02-21T11:38:00.3821540Z   Getting requirements to build editable: started
2025-02-21T11:38:00.7539050Z   Getting requirements to build editable: finished with status 'done'
2025-02-21T11:38:00.7549590Z   Preparing editable metadata (pyproject.toml): started
2025-02-21T11:38:01.0700920Z   Preparing editable metadata (pyproject.toml): finished with status 'done'
2025-02-21T11:38:01.1085650Z Requirement already satisfied: astropy in /Users/runner/micromamba/envs/tardis/lib/python3.12/site-packages (from tardis==0.0.0) (6.1.1)
2025-02-21T11:38:01.1323320Z Requirement already satisfied: numpy>=1.23 in /Users/runner/micromamba/envs/tardis/lib/python3.12/site-packages (from astropy->tardis==0.0.0) (1.26.4)
2025-02-21T11:38:01.1329250Z Requirement already satisfied: pyerfa>=2.0.1.1 in /Users/runner/micromamba/envs/tardis/lib/python3.12/site-packages (from astropy->tardis==0.0.0) (2.0.1.4)
2025-02-21T11:38:01.1335550Z Requirement already satisfied: astropy-iers-data>=0.2024.5.27.0.30.8 in /Users/runner/micromamba/envs/tardis/lib/python3.12/site-packages (from astropy->tardis==0.0.0) (0.2024.6.17.0.31.35)
2025-02-21T11:38:01.1340230Z Requirement already satisfied: PyYAML>=3.13 in /Users/runner/micromamba/envs/tardis/lib/python3.12/site-packages (from astropy->tardis==0.0.0) (6.0.1)
2025-02-21T11:38:01.1345750Z Requirement already satisfied: packaging>=19.0 in /Users/runner/micromamba/envs/tardis/lib/python3.12/site-packages (from astropy->tardis==0.0.0) (24.1)
2025-02-21T11:38:01.1398320Z Building wheels for collected packages: tardis
2025-02-21T11:38:01.1404780Z   Building editable for tardis (pyproject.toml): started
2025-02-21T11:38:01.6662500Z   Building editable for tardis (pyproject.toml): finished with status 'done'
2025-02-21T11:38:01.6668940Z   Created wheel for tardis: filename=tardis-0.0.0-0.editable-py3-none-any.whl size=8877 sha256=044a0d19da26588a7f5e289301d958a8de64b09d31e13a5506aa11e3cfc94530
2025-02-21T11:38:01.6669870Z   Stored in directory: /private/var/folders/2s/h6hvv9ps03xgz_krkkstvq_r0000gn/T/pip-ephem-wheel-cache-9iusvfbp/wheels/bb/4f/6a/0829b918c1c10bc28535ce7f14be21eee54375bdd9cd0c306a
2025-02-21T11:38:01.6691240Z Successfully built tardis
2025-02-21T11:38:02.2079850Z Installing collected packages: tardis
2025-02-21T11:38:02.2123230Z Successfully installed tardis-0.0.0
2025-02-21T11:38:02.4214500Z ##[group]Run pip install qgridnext
2025-02-21T11:38:02.4214750Z [36;1mpip install qgridnext[0m
2025-02-21T11:38:02.4908300Z shell: /bin/bash -l {0}
2025-02-21T11:38:02.4908500Z env:
2025-02-21T11:38:02.4908650Z   CACHE_NUMBER: 0
2025-02-21T11:38:02.4909170Z   PYTEST_FLAGS: --tardis-regression-data=/Users/runner/work/tardis/tardis/tardis-regression-data --cov=tardis --cov-report=xml --cov-report=html --cov-append
2025-02-21T11:38:02.4909670Z   CODECOV_TOKEN: 
2025-02-21T11:38:02.4909930Z   MAMBA_ROOT_PREFIX: /Users/runner/micromamba
2025-02-21T11:38:02.4910180Z   MAMBA_EXE: /Users/runner/micromamba-bin/micromamba
2025-02-21T11:38:02.4910470Z   CONDARC: /Users/runner/work/_temp/setup-micromamba/.condarc
2025-02-21T11:38:02.4910710Z ##[endgroup]
2025-02-21T11:38:03.0367830Z Collecting qgridnext
2025-02-21T11:38:03.0727880Z   Downloading qgridnext-2.0.4-py3-none-any.whl.metadata (9.9 kB)
2025-02-21T11:38:03.0891910Z Requirement already satisfied: pandas>=0.20.0 in /Users/runner/micromamba/envs/tardis/lib/python3.12/site-packages (from qgridnext) (2.2.2)
2025-02-21T11:38:03.0896850Z Requirement already satisfied: ipywidgets>=7.0.0 in /Users/runner/micromamba/envs/tardis/lib/python3.12/site-packages (from qgridnext) (7.8.0)
2025-02-21T11:38:03.0904020Z Requirement already satisfied: numpy in /Users/runner/micromamba/envs/tardis/lib/python3.12/site-packages (from qgridnext) (1.26.4)
2025-02-21T11:38:03.0915920Z Requirement already satisfied: traitlets in /Users/runner/micromamba/envs/tardis/lib/python3.12/site-packages (from qgridnext) (5.14.3)
2025-02-21T11:38:03.0964770Z Requirement already satisfied: comm>=0.1.3 in /Users/runner/micromamba/envs/tardis/lib/python3.12/site-packages (from ipywidgets>=7.0.0->qgridnext) (0.2.2)
2025-02-21T11:38:03.0969410Z Requirement already satisfied: ipython-genutils~=0.2.0 in /Users/runner/micromamba/envs/tardis/lib/python3.12/site-packages (from ipywidgets>=7.0.0->qgridnext) (0.2.0)
2025-02-21T11:38:03.0977930Z Requirement already satisfied: widgetsnbextension~=3.6.5 in /Users/runner/micromamba/envs/tardis/lib/python3.12/site-packages (from ipywidgets>=7.0.0->qgridnext) (3.6.6)
2025-02-21T11:38:03.0986570Z Requirement already satisfied: ipython>=4.0.0 in /Users/runner/micromamba/envs/tardis/lib/python3.12/site-packages (from ipywidgets>=7.0.0->qgridnext) (8.25.0)
2025-02-21T11:38:03.0995000Z Requirement already satisfied: jupyterlab-widgets<3,>=1.0.0 in /Users/runner/micromamba/envs/tardis/lib/python3.12/site-packages (from ipywidgets>=7.0.0->qgridnext) (1.1.7)
2025-02-21T11:38:03.1261680Z Requirement already satisfied: python-dateutil>=2.8.2 in /Users/runner/micromamba/envs/tardis/lib/python3.12/site-packages (from pandas>=0.20.0->qgridnext) (2.9.0)
2025-02-21T11:38:03.1269930Z Requirement already satisfied: pytz>=2020.1 in /Users/runner/micromamba/envs/tardis/lib/python3.12/site-packages (from pandas>=0.20.0->qgridnext) (2024.1)
2025-02-21T11:38:03.1275200Z Requirement already satisfied: tzdata>=2022.7 in /Users/runner/micromamba/envs/tardis/lib/python3.12/site-packages (from pandas>=0.20.0->qgridnext) (2024.1)
2025-02-21T11:38:03.1464440Z Requirement already satisfied: decorator in /Users/runner/micromamba/envs/tardis/lib/python3.12/site-packages (from ipython>=4.0.0->ipywidgets>=7.0.0->qgridnext) (5.1.1)
2025-02-21T11:38:03.1474400Z Requirement already satisfied: jedi>=0.16 in /Users/runner/micromamba/envs/tardis/lib/python3.12/site-packages (from ipython>=4.0.0->ipywidgets>=7.0.0->qgridnext) (0.19.1)
2025-02-21T11:38:03.1479550Z Requirement already satisfied: matplotlib-inline in /Users/runner/micromamba/envs/tardis/lib/python3.12/site-packages (from ipython>=4.0.0->ipywidgets>=7.0.0->qgridnext) (0.1.7)
2025-02-21T11:38:03.1485090Z Requirement already satisfied: prompt-toolkit<3.1.0,>=3.0.41 in /Users/runner/micromamba/envs/tardis/lib/python3.12/site-packages (from ipython>=4.0.0->ipywidgets>=7.0.0->qgridnext) (3.0.47)
2025-02-21T11:38:03.1490360Z Requirement already satisfied: pygments>=2.4.0 in /Users/runner/micromamba/envs/tardis/lib/python3.12/site-packages (from ipython>=4.0.0->ipywidgets>=7.0.0->qgridnext) (2.18.0)
2025-02-21T11:38:03.1495800Z Requirement already satisfied: stack-data in /Users/runner/micromamba/envs/tardis/lib/python3.12/site-packages (from ipython>=4.0.0->ipywidgets>=7.0.0->qgridnext) (0.6.2)
2025-02-21T11:38:03.1506590Z Requirement already satisfied: pexpect>4.3 in /Users/runner/micromamba/envs/tardis/lib/python3.12/site-packages (from ipython>=4.0.0->ipywidgets>=7.0.0->qgridnext) (4.9.0)
2025-02-21T11:38:03.1531900Z Requirement already satisfied: six>=1.5 in /Users/runner/micromamba/envs/tardis/lib/python3.12/site-packages (from python-dateutil>=2.8.2->pandas>=0.20.0->qgridnext) (1.16.0)
2025-02-21T11:38:03.1565150Z Requirement already satisfied: notebook>=4.4.1 in /Users/runner/micromamba/envs/tardis/lib/python3.12/site-packages (from widgetsnbextension~=3.6.5->ipywidgets>=7.0.0->qgridnext) (7.2.1)
2025-02-21T11:38:03.1677340Z Requirement already satisfied: parso<0.9.0,>=0.8.3 in /Users/runner/micromamba/envs/tardis/lib/python3.12/site-packages (from jedi>=0.16->ipython>=4.0.0->ipywidgets>=7.0.0->qgridnext) (0.8.4)
2025-02-21T11:38:03.1763390Z Requirement already satisfied: jupyter-server<3,>=2.4.0 in /Users/runner/micromamba/envs/tardis/lib/python3.12/site-packages (from notebook>=4.4.1->widgetsnbextension~=3.6.5->ipywidgets>=7.0.0->qgridnext) (2.14.1)
2025-02-21T11:38:03.1770920Z Requirement already satisfied: jupyterlab-server<3,>=2.27.1 in /Users/runner/micromamba/envs/tardis/lib/python3.12/site-packages (from notebook>=4.4.1->widgetsnbextension~=3.6.5->ipywidgets>=7.0.0->qgridnext) (2.27.2)
2025-02-21T11:38:03.1780160Z Requirement already satisfied: jupyterlab<4.3,>=4.2.0 in /Users/runner/micromamba/envs/tardis/lib/python3.12/site-packages (from notebook>=4.4.1->widgetsnbextension~=3.6.5->ipywidgets>=7.0.0->qgridnext) (4.2.2)
2025-02-21T11:38:03.1786170Z Requirement already satisfied: notebook-shim<0.3,>=0.2 in /Users/runner/micromamba/envs/tardis/lib/python3.12/site-packages (from notebook>=4.4.1->widgetsnbextension~=3.6.5->ipywidgets>=7.0.0->qgridnext) (0.2.4)
2025-02-21T11:38:03.1791350Z Requirement already satisfied: tornado>=6.2.0 in /Users/runner/micromamba/envs/tardis/lib/python3.12/site-packages (from notebook>=4.4.1->widgetsnbextension~=3.6.5->ipywidgets>=7.0.0->qgridnext) (6.4.1)
2025-02-21T11:38:03.1807880Z Requirement already satisfied: ptyprocess>=0.5 in /Users/runner/micromamba/envs/tardis/lib/python3.12/site-packages (from pexpect>4.3->ipython>=4.0.0->ipywidgets>=7.0.0->qgridnext) (0.7.0)
2025-02-21T11:38:03.1909190Z Requirement already satisfied: wcwidth in /Users/runner/micromamba/envs/tardis/lib/python3.12/site-packages (from prompt-toolkit<3.1.0,>=3.0.41->ipython>=4.0.0->ipywidgets>=7.0.0->qgridnext) (0.2.13)
2025-02-21T11:38:03.2011300Z Requirement already satisfied: executing>=1.2.0 in /Users/runner/micromamba/envs/tardis/lib/python3.12/site-packages (from stack-data->ipython>=4.0.0->ipywidgets>=7.0.0->qgridnext) (2.0.1)
2025-02-21T11:38:03.2115020Z Requirement already satisfied: asttokens>=2.1.0 in /Users/runner/micromamba/envs/tardis/lib/python3.12/site-packages (from stack-data->ipython>=4.0.0->ipywidgets>=7.0.0->qgridnext) (2.4.1)
2025-02-21T11:38:03.2217040Z Requirement already satisfied: pure-eval in /Users/runner/micromamba/envs/tardis/lib/python3.12/site-packages (from stack-data->ipython>=4.0.0->ipywidgets>=7.0.0->qgridnext) (0.2.2)
2025-02-21T11:38:03.2317650Z Requirement already satisfied: anyio>=3.1.0 in /Users/runner/micromamba/envs/tardis/lib/python3.12/site-packages (from jupyter-server<3,>=2.4.0->notebook>=4.4.1->widgetsnbextension~=3.6.5->ipywidgets>=7.0.0->qgridnext) (4.4.0)
2025-02-21T11:38:03.2419100Z Requirement already satisfied: argon2-cffi>=21.1 in /Users/runner/micromamba/envs/tardis/lib/python3.12/site-packages (from jupyter-server<3,>=2.4.0->notebook>=4.4.1->widgetsnbextension~=3.6.5->ipywidgets>=7.0.0->qgridnext) (23.1.0)
2025-02-21T11:38:03.2521040Z Requirement already satisfied: jinja2>=3.0.3 in /Users/runner/micromamba/envs/tardis/lib/python3.12/site-packages (from jupyter-server<3,>=2.4.0->notebook>=4.4.1->widgetsnbextension~=3.6.5->ipywidgets>=7.0.0->qgridnext) (3.1.4)
2025-02-21T11:38:03.2624260Z Requirement already satisfied: jupyter-client>=7.4.4 in /Users/runner/micromamba/envs/tardis/lib/python3.12/site-packages (from jupyter-server<3,>=2.4.0->notebook>=4.4.1->widgetsnbextension~=3.6.5->ipywidgets>=7.0.0->qgridnext) (8.6.2)
2025-02-21T11:38:03.2726400Z Requirement already satisfied: jupyter-core!=5.0.*,>=4.12 in /Users/runner/micromamba/envs/tardis/lib/python3.12/site-packages (from jupyter-server<3,>=2.4.0->notebook>=4.4.1->widgetsnbextension~=3.6.5->ipywidgets>=7.0.0->qgridnext) (5.7.2)
2025-02-21T11:38:03.2826720Z Requirement already satisfied: jupyter-events>=0.9.0 in /Users/runner/micromamba/envs/tardis/lib/python3.12/site-packages (from jupyter-server<3,>=2.4.0->notebook>=4.4.1->widgetsnbextension~=3.6.5->ipywidgets>=7.0.0->qgridnext) (0.10.0)
2025-02-21T11:38:03.2928540Z Requirement already satisfied: jupyter-server-terminals>=0.4.4 in /Users/runner/micromamba/envs/tardis/lib/python3.12/site-packages (from jupyter-server<3,>=2.4.0->notebook>=4.4.1->widgetsnbextension~=3.6.5->ipywidgets>=7.0.0->qgridnext) (0.5.3)
2025-02-21T11:38:03.3029570Z Requirement already satisfied: nbconvert>=6.4.4 in /Users/runner/micromamba/envs/tardis/lib/python3.12/site-packages (from jupyter-server<3,>=2.4.0->notebook>=4.4.1->widgetsnbextension~=3.6.5->ipywidgets>=7.0.0->qgridnext) (7.16.4)
2025-02-21T11:38:03.3130080Z Requirement already satisfied: nbformat>=5.3.0 in /Users/runner/micromamba/envs/tardis/lib/python3.12/site-packages (from jupyter-server<3,>=2.4.0->notebook>=4.4.1->widgetsnbextension~=3.6.5->ipywidgets>=7.0.0->qgridnext) (5.10.4)
2025-02-21T11:38:03.3231010Z Requirement already satisfied: overrides>=5.0 in /Users/runner/micromamba/envs/tardis/lib/python3.12/site-packages (from jupyter-server<3,>=2.4.0->notebook>=4.4.1->widgetsnbextension~=3.6.5->ipywidgets>=7.0.0->qgridnext) (7.7.0)
2025-02-21T11:38:03.3332130Z Requirement already satisfied: packaging>=22.0 in /Users/runner/micromamba/envs/tardis/lib/python3.12/site-packages (from jupyter-server<3,>=2.4.0->notebook>=4.4.1->widgetsnbextension~=3.6.5->ipywidgets>=7.0.0->qgridnext) (24.1)
2025-02-21T11:38:03.3434040Z Requirement already satisfied: prometheus-client>=0.9 in /Users/runner/micromamba/envs/tardis/lib/python3.12/site-packages (from jupyter-server<3,>=2.4.0->notebook>=4.4.1->widgetsnbextension~=3.6.5->ipywidgets>=7.0.0->qgridnext) (0.20.0)
2025-02-21T11:38:03.3536060Z Requirement already satisfied: pyzmq>=24 in /Users/runner/micromamba/envs/tardis/lib/python3.12/site-packages (from jupyter-server<3,>=2.4.0->notebook>=4.4.1->widgetsnbextension~=3.6.5->ipywidgets>=7.0.0->qgridnext) (26.0.3)
2025-02-21T11:38:03.3636390Z Requirement already satisfied: send2trash>=1.8.2 in /Users/runner/micromamba/envs/tardis/lib/python3.12/site-packages (from jupyter-server<3,>=2.4.0->notebook>=4.4.1->widgetsnbextension~=3.6.5->ipywidgets>=7.0.0->qgridnext) (1.8.3)
2025-02-21T11:38:03.3738480Z Requirement already satisfied: terminado>=0.8.3 in /Users/runner/micromamba/envs/tardis/lib/python3.12/site-packages (from jupyter-server<3,>=2.4.0->notebook>=4.4.1->widgetsnbextension~=3.6.5->ipywidgets>=7.0.0->qgridnext) (0.18.1)
2025-02-21T11:38:03.3839170Z Requirement already satisfied: websocket-client>=1.7 in /Users/runner/micromamba/envs/tardis/lib/python3.12/site-packages (from jupyter-server<3,>=2.4.0->notebook>=4.4.1->widgetsnbextension~=3.6.5->ipywidgets>=7.0.0->qgridnext) (1.8.0)
2025-02-21T11:38:03.3939420Z Requirement already satisfied: async-lru>=1.0.0 in /Users/runner/micromamba/envs/tardis/lib/python3.12/site-packages (from jupyterlab<4.3,>=4.2.0->notebook>=4.4.1->widgetsnbextension~=3.6.5->ipywidgets>=7.0.0->qgridnext) (2.0.4)
2025-02-21T11:38:03.4040890Z Requirement already satisfied: httpx>=0.25.0 in /Users/runner/micromamba/envs/tardis/lib/python3.12/site-packages (from jupyterlab<4.3,>=4.2.0->notebook>=4.4.1->widgetsnbextension~=3.6.5->ipywidgets>=7.0.0->qgridnext) (0.27.0)
2025-02-21T11:38:03.4143150Z Requirement already satisfied: ipykernel>=6.5.0 in /Users/runner/micromamba/envs/tardis/lib/python3.12/site-packages (from jupyterlab<4.3,>=4.2.0->notebook>=4.4.1->widgetsnbextension~=3.6.5->ipywidgets>=7.0.0->qgridnext) (6.29.4)
2025-02-21T11:38:03.4242450Z Requirement already satisfied: jupyter-lsp>=2.0.0 in /Users/runner/micromamba/envs/tardis/lib/python3.12/site-packages (from jupyterlab<4.3,>=4.2.0->notebook>=4.4.1->widgetsnbextension~=3.6.5->ipywidgets>=7.0.0->qgridnext) (2.2.5)
2025-02-21T11:38:03.4344170Z Requirement already satisfied: setuptools>=40.1.0 in /Users/runner/micromamba/envs/tardis/lib/python3.12/site-packages (from jupyterlab<4.3,>=4.2.0->notebook>=4.4.1->widgetsnbextension~=3.6.5->ipywidgets>=7.0.0->qgridnext) (70.0.0)
2025-02-21T11:38:03.4444610Z Requirement already satisfied: babel>=2.10 in /Users/runner/micromamba/envs/tardis/lib/python3.12/site-packages (from jupyterlab-server<3,>=2.27.1->notebook>=4.4.1->widgetsnbextension~=3.6.5->ipywidgets>=7.0.0->qgridnext) (2.14.0)
2025-02-21T11:38:03.4545610Z Requirement already satisfied: json5>=0.9.0 in /Users/runner/micromamba/envs/tardis/lib/python3.12/site-packages (from jupyterlab-server<3,>=2.27.1->notebook>=4.4.1->widgetsnbextension~=3.6.5->ipywidgets>=7.0.0->qgridnext) (0.9.25)
2025-02-21T11:38:03.4646820Z Requirement already satisfied: jsonschema>=4.18.0 in /Users/runner/micromamba/envs/tardis/lib/python3.12/site-packages (from jupyterlab-server<3,>=2.27.1->notebook>=4.4.1->widgetsnbextension~=3.6.5->ipywidgets>=7.0.0->qgridnext) (4.22.0)
2025-02-21T11:38:03.4743290Z Requirement already satisfied: requests>=2.31 in /Users/runner/micromamba/envs/tardis/lib/python3.12/site-packages (from jupyterlab-server<3,>=2.27.1->notebook>=4.4.1->widgetsnbextension~=3.6.5->ipywidgets>=7.0.0->qgridnext) (2.32.3)
2025-02-21T11:38:03.4803710Z Requirement already satisfied: idna>=2.8 in /Users/runner/micromamba/envs/tardis/lib/python3.12/site-packages (from anyio>=3.1.0->jupyter-server<3,>=2.4.0->notebook>=4.4.1->widgetsnbextension~=3.6.5->ipywidgets>=7.0.0->qgridnext) (3.7)
2025-02-21T11:38:03.4879980Z Requirement already satisfied: sniffio>=1.1 in /Users/runner/micromamba/envs/tardis/lib/python3.12/site-packages (from anyio>=3.1.0->jupyter-server<3,>=2.4.0->notebook>=4.4.1->widgetsnbextension~=3.6.5->ipywidgets>=7.0.0->qgridnext) (1.3.1)
2025-02-21T11:38:03.4973850Z Requirement already satisfied: argon2-cffi-bindings in /Users/runner/micromamba/envs/tardis/lib/python3.12/site-packages (from argon2-cffi>=21.1->jupyter-server<3,>=2.4.0->notebook>=4.4.1->widgetsnbextension~=3.6.5->ipywidgets>=7.0.0->qgridnext) (21.2.0)
2025-02-21T11:38:03.5064800Z Requirement already satisfied: certifi in /Users/runner/micromamba/envs/tardis/lib/python3.12/site-packages (from httpx>=0.25.0->jupyterlab<4.3,>=4.2.0->notebook>=4.4.1->widgetsnbextension~=3.6.5->ipywidgets>=7.0.0->qgridnext) (2024.6.2)
2025-02-21T11:38:03.5175790Z Requirement already satisfied: httpcore==1.* in /Users/runner/micromamba/envs/tardis/lib/python3.12/site-packages (from httpx>=0.25.0->jupyterlab<4.3,>=4.2.0->notebook>=4.4.1->widgetsnbextension~=3.6.5->ipywidgets>=7.0.0->qgridnext) (1.0.5)
2025-02-21T11:38:03.5269730Z Requirement already satisfied: h11<0.15,>=0.13 in /Users/runner/micromamba/envs/tardis/lib/python3.12/site-packages (from httpcore==1.*->httpx>=0.25.0->jupyterlab<4.3,>=4.2.0->notebook>=4.4.1->widgetsnbextension~=3.6.5->ipywidgets>=7.0.0->qgridnext) (0.14.0)
2025-02-21T11:38:03.5371610Z Requirement already satisfied: appnope in /Users/runner/micromamba/envs/tardis/lib/python3.12/site-packages (from ipykernel>=6.5.0->jupyterlab<4.3,>=4.2.0->notebook>=4.4.1->widgetsnbextension~=3.6.5->ipywidgets>=7.0.0->qgridnext) (0.1.4)
2025-02-21T11:38:03.5459600Z Requirement already satisfied: debugpy>=1.6.5 in /Users/runner/micromamba/envs/tardis/lib/python3.12/site-packages (from ipykernel>=6.5.0->jupyterlab<4.3,>=4.2.0->notebook>=4.4.1->widgetsnbextension~=3.6.5->ipywidgets>=7.0.0->qgridnext) (1.8.1)
2025-02-21T11:38:03.5561930Z Requirement already satisfied: nest-asyncio in /Users/runner/micromamba/envs/tardis/lib/python3.12/site-packages (from ipykernel>=6.5.0->jupyterlab<4.3,>=4.2.0->notebook>=4.4.1->widgetsnbextension~=3.6.5->ipywidgets>=7.0.0->qgridnext) (1.6.0)
2025-02-21T11:38:03.5666180Z Requirement already satisfied: psutil in /Users/runner/micromamba/envs/tardis/lib/python3.12/site-packages (from ipykernel>=6.5.0->jupyterlab<4.3,>=4.2.0->notebook>=4.4.1->widgetsnbextension~=3.6.5->ipywidgets>=7.0.0->qgridnext) (5.9.8)
2025-02-21T11:38:03.5840720Z Requirement already satisfied: MarkupSafe>=2.0 in /Users/runner/micromamba/envs/tardis/lib/python3.12/site-packages (from jinja2>=3.0.3->jupyter-server<3,>=2.4.0->notebook>=4.4.1->widgetsnbextension~=3.6.5->ipywidgets>=7.0.0->qgridnext) (2.1.5)
2025-02-21T11:38:03.5949590Z Requirement already satisfied: attrs>=22.2.0 in /Users/runner/micromamba/envs/tardis/lib/python3.12/site-packages (from jsonschema>=4.18.0->jupyterlab-server<3,>=2.27.1->notebook>=4.4.1->widgetsnbextension~=3.6.5->ipywidgets>=7.0.0->qgridnext) (23.2.0)
2025-02-21T11:38:03.6067920Z Requirement already satisfied: jsonschema-specifications>=2023.03.6 in /Users/runner/micromamba/envs/tardis/lib/python3.12/site-packages (from jsonschema>=4.18.0->jupyterlab-server<3,>=2.27.1->notebook>=4.4.1->widgetsnbextension~=3.6.5->ipywidgets>=7.0.0->qgridnext) (2023.12.1)
2025-02-21T11:38:03.6176840Z Requirement already satisfied: referencing>=0.28.4 in /Users/runner/micromamba/envs/tardis/lib/python3.12/site-packages (from jsonschema>=4.18.0->jupyterlab-server<3,>=2.27.1->notebook>=4.4.1->widgetsnbextension~=3.6.5->ipywidgets>=7.0.0->qgridnext) (0.35.1)
2025-02-21T11:38:03.6334460Z Requirement already satisfied: rpds-py>=0.7.1 in /Users/runner/micromamba/envs/tardis/lib/python3.12/site-packages (from jsonschema>=4.18.0->jupyterlab-server<3,>=2.27.1->notebook>=4.4.1->widgetsnbextension~=3.6.5->ipywidgets>=7.0.0->qgridnext) (0.18.1)
2025-02-21T11:38:03.6436800Z Requirement already satisfied: platformdirs>=2.5 in /Users/runner/micromamba/envs/tardis/lib/python3.12/site-packages (from jupyter-core!=5.0.*,>=4.12->jupyter-server<3,>=2.4.0->notebook>=4.4.1->widgetsnbextension~=3.6.5->ipywidgets>=7.0.0->qgridnext) (4.2.2)
2025-02-21T11:38:03.6438550Z Requirement already satisfied: python-json-logger>=2.0.4 in /Users/runner/micromamba/envs/tardis/lib/python3.12/site-packages (from jupyter-events>=0.9.0->jupyter-server<3,>=2.4.0->notebook>=4.4.1->widgetsnbextension~=3.6.5->ipywidgets>=7.0.0->qgridnext) (2.0.7)
2025-02-21T11:38:03.6540350Z Requirement already satisfied: pyyaml>=5.3 in /Users/runner/micromamba/envs/tardis/lib/python3.12/site-packages (from jupyter-events>=0.9.0->jupyter-server<3,>=2.4.0->notebook>=4.4.1->widgetsnbextension~=3.6.5->ipywidgets>=7.0.0->qgridnext) (6.0.1)
2025-02-21T11:38:03.6642420Z Requirement already satisfied: rfc3339-validator in /Users/runner/micromamba/envs/tardis/lib/python3.12/site-packages (from jupyter-events>=0.9.0->jupyter-server<3,>=2.4.0->notebook>=4.4.1->widgetsnbextension~=3.6.5->ipywidgets>=7.0.0->qgridnext) (0.1.4)
2025-02-21T11:38:03.6744780Z Requirement already satisfied: rfc3986-validator>=0.1.1 in /Users/runner/micromamba/envs/tardis/lib/python3.12/site-packages (from jupyter-events>=0.9.0->jupyter-server<3,>=2.4.0->notebook>=4.4.1->widgetsnbextension~=3.6.5->ipywidgets>=7.0.0->qgridnext) (0.1.1)
2025-02-21T11:38:03.6845780Z Requirement already satisfied: beautifulsoup4 in /Users/runner/micromamba/envs/tardis/lib/python3.12/site-packages (from nbconvert>=6.4.4->jupyter-server<3,>=2.4.0->notebook>=4.4.1->widgetsnbextension~=3.6.5->ipywidgets>=7.0.0->qgridnext) (4.12.3)
2025-02-21T11:38:03.6847290Z Requirement already satisfied: bleach!=5.0.0 in /Users/runner/micromamba/envs/tardis/lib/python3.12/site-packages (from nbconvert>=6.4.4->jupyter-server<3,>=2.4.0->notebook>=4.4.1->widgetsnbextension~=3.6.5->ipywidgets>=7.0.0->qgridnext) (6.1.0)
2025-02-21T11:38:03.6848860Z Requirement already satisfied: defusedxml in /Users/runner/micromamba/envs/tardis/lib/python3.12/site-packages (from nbconvert>=6.4.4->jupyter-server<3,>=2.4.0->notebook>=4.4.1->widgetsnbextension~=3.6.5->ipywidgets>=7.0.0->qgridnext) (0.7.1)
2025-02-21T11:38:03.6852700Z Requirement already satisfied: jupyterlab-pygments in /Users/runner/micromamba/envs/tardis/lib/python3.12/site-packages (from nbconvert>=6.4.4->jupyter-server<3,>=2.4.0->notebook>=4.4.1->widgetsnbextension~=3.6.5->ipywidgets>=7.0.0->qgridnext) (0.3.0)
2025-02-21T11:38:03.6854210Z Requirement already satisfied: mistune<4,>=2.0.3 in /Users/runner/micromamba/envs/tardis/lib/python3.12/site-packages (from nbconvert>=6.4.4->jupyter-server<3,>=2.4.0->notebook>=4.4.1->widgetsnbextension~=3.6.5->ipywidgets>=7.0.0->qgridnext) (3.0.2)
2025-02-21T11:38:03.6855610Z Requirement already satisfied: nbclient>=0.5.0 in /Users/runner/micromamba/envs/tardis/lib/python3.12/site-packages (from nbconvert>=6.4.4->jupyter-server<3,>=2.4.0->notebook>=4.4.1->widgetsnbextension~=3.6.5->ipywidgets>=7.0.0->qgridnext) (0.10.0)
2025-02-21T11:38:03.6857010Z Requirement already satisfied: pandocfilters>=1.4.1 in /Users/runner/micromamba/envs/tardis/lib/python3.12/site-packages (from nbconvert>=6.4.4->jupyter-server<3,>=2.4.0->notebook>=4.4.1->widgetsnbextension~=3.6.5->ipywidgets>=7.0.0->qgridnext) (1.5.0)
2025-02-21T11:38:03.6858400Z Requirement already satisfied: tinycss2 in /Users/runner/micromamba/envs/tardis/lib/python3.12/site-packages (from nbconvert>=6.4.4->jupyter-server<3,>=2.4.0->notebook>=4.4.1->widgetsnbextension~=3.6.5->ipywidgets>=7.0.0->qgridnext) (1.3.0)
2025-02-21T11:38:03.6859800Z Requirement already satisfied: fastjsonschema>=2.15 in /Users/runner/micromamba/envs/tardis/lib/python3.12/site-packages (from nbformat>=5.3.0->jupyter-server<3,>=2.4.0->notebook>=4.4.1->widgetsnbextension~=3.6.5->ipywidgets>=7.0.0->qgridnext) (2.20.0)
2025-02-21T11:38:03.6861220Z Requirement already satisfied: charset-normalizer<4,>=2 in /Users/runner/micromamba/envs/tardis/lib/python3.12/site-packages (from requests>=2.31->jupyterlab-server<3,>=2.27.1->notebook>=4.4.1->widgetsnbextension~=3.6.5->ipywidgets>=7.0.0->qgridnext) (3.3.2)
2025-02-21T11:38:03.6862810Z Requirement already satisfied: urllib3<3,>=1.21.1 in /Users/runner/micromamba/envs/tardis/lib/python3.12/site-packages (from requests>=2.31->jupyterlab-server<3,>=2.27.1->notebook>=4.4.1->widgetsnbextension~=3.6.5->ipywidgets>=7.0.0->qgridnext) (2.2.2)
2025-02-21T11:38:03.6864210Z Requirement already satisfied: webencodings in /Users/runner/micromamba/envs/tardis/lib/python3.12/site-packages (from bleach!=5.0.0->nbconvert>=6.4.4->jupyter-server<3,>=2.4.0->notebook>=4.4.1->widgetsnbextension~=3.6.5->ipywidgets>=7.0.0->qgridnext) (0.5.1)
2025-02-21T11:38:03.6865690Z Requirement already satisfied: fqdn in /Users/runner/micromamba/envs/tardis/lib/python3.12/site-packages (from jsonschema[format-nongpl]>=4.18.0->jupyter-events>=0.9.0->jupyter-server<3,>=2.4.0->notebook>=4.4.1->widgetsnbextension~=3.6.5->ipywidgets>=7.0.0->qgridnext) (1.5.1)
2025-02-21T11:38:03.6867230Z Requirement already satisfied: isoduration in /Users/runner/micromamba/envs/tardis/lib/python3.12/site-packages (from jsonschema[format-nongpl]>=4.18.0->jupyter-events>=0.9.0->jupyter-server<3,>=2.4.0->notebook>=4.4.1->widgetsnbextension~=3.6.5->ipywidgets>=7.0.0->qgridnext) (20.11.0)
2025-02-21T11:38:03.6868820Z Requirement already satisfied: jsonpointer>1.13 in /Users/runner/micromamba/envs/tardis/lib/python3.12/site-packages (from jsonschema[format-nongpl]>=4.18.0->jupyter-events>=0.9.0->jupyter-server<3,>=2.4.0->notebook>=4.4.1->widgetsnbextension~=3.6.5->ipywidgets>=7.0.0->qgridnext) (3.0.0)
2025-02-21T11:38:03.6870400Z Requirement already satisfied: uri-template in /Users/runner/micromamba/envs/tardis/lib/python3.12/site-packages (from jsonschema[format-nongpl]>=4.18.0->jupyter-events>=0.9.0->jupyter-server<3,>=2.4.0->notebook>=4.4.1->widgetsnbextension~=3.6.5->ipywidgets>=7.0.0->qgridnext) (1.3.0)
2025-02-21T11:38:03.6871950Z Requirement already satisfied: webcolors>=1.11 in /Users/runner/micromamba/envs/tardis/lib/python3.12/site-packages (from jsonschema[format-nongpl]>=4.18.0->jupyter-events>=0.9.0->jupyter-server<3,>=2.4.0->notebook>=4.4.1->widgetsnbextension~=3.6.5->ipywidgets>=7.0.0->qgridnext) (24.6.0)
2025-02-21T11:38:03.6873610Z Requirement already satisfied: cffi>=1.0.1 in /Users/runner/micromamba/envs/tardis/lib/python3.12/site-packages (from argon2-cffi-bindings->argon2-cffi>=21.1->jupyter-server<3,>=2.4.0->notebook>=4.4.1->widgetsnbextension~=3.6.5->ipywidgets>=7.0.0->qgridnext) (1.16.0)
2025-02-21T11:38:03.6875100Z Requirement already satisfied: soupsieve>1.2 in /Users/runner/micromamba/envs/tardis/lib/python3.12/site-packages (from beautifulsoup4->nbconvert>=6.4.4->jupyter-server<3,>=2.4.0->notebook>=4.4.1->widgetsnbextension~=3.6.5->ipywidgets>=7.0.0->qgridnext) (2.5)
2025-02-21T11:38:03.7109310Z Requirement already satisfied: pycparser in /Users/runner/micromamba/envs/tardis/lib/python3.12/site-packages (from cffi>=1.0.1->argon2-cffi-bindings->argon2-cffi>=21.1->jupyter-server<3,>=2.4.0->notebook>=4.4.1->widgetsnbextension~=3.6.5->ipywidgets>=7.0.0->qgridnext) (2.22)
2025-02-21T11:38:03.7407420Z Requirement already satisfied: arrow>=0.15.0 in /Users/runner/micromamba/envs/tardis/lib/python3.12/site-packages (from isoduration->jsonschema[format-nongpl]>=4.18.0->jupyter-events>=0.9.0->jupyter-server<3,>=2.4.0->notebook>=4.4.1->widgetsnbextension~=3.6.5->ipywidgets>=7.0.0->qgridnext) (1.3.0)
2025-02-21T11:38:03.7590580Z Requirement already satisfied: types-python-dateutil>=2.8.10 in /Users/runner/micromamba/envs/tardis/lib/python3.12/site-packages (from arrow>=0.15.0->isoduration->jsonschema[format-nongpl]>=4.18.0->jupyter-events>=0.9.0->jupyter-server<3,>=2.4.0->notebook>=4.4.1->widgetsnbextension~=3.6.5->ipywidgets>=7.0.0->qgridnext) (2.9.0.20240316)
2025-02-21T11:38:03.7831130Z Downloading qgridnext-2.0.4-py3-none-any.whl (1.3 MB)
2025-02-21T11:38:03.8524400Z    â”â”â”â”â”â”â”â”â”â”â”â”â”â”â”â”â”â”â”â”â”â”â”â”â”â”â”â”â”â”â”â”â”â”â”â”â”â”â”â” 1.3/1.3 MB 18.5 MB/s eta 0:00:00
2025-02-21T11:38:04.4346660Z Installing collected packages: qgridnext
2025-02-21T11:38:04.4746850Z Successfully installed qgridnext-2.0.4
2025-02-21T11:38:04.6691270Z ##[group]Run pytest tardis --tardis-regression-data=/Users/runner/work/tardis/tardis/tardis-regression-data --cov=tardis --cov-report=xml --cov-report=html --cov-append -m "not continuum"
2025-02-21T11:38:04.6692410Z [36;1mpytest tardis --tardis-regression-data=/Users/runner/work/tardis/tardis/tardis-regression-data --cov=tardis --cov-report=xml --cov-report=html --cov-append -m "not continuum"[0m
2025-02-21T11:38:04.6745190Z shell: /bin/bash -l {0}
2025-02-21T11:38:04.6745390Z env:
2025-02-21T11:38:04.6745560Z   CACHE_NUMBER: 0
2025-02-21T11:38:04.6746070Z   PYTEST_FLAGS: --tardis-regression-data=/Users/runner/work/tardis/tardis/tardis-regression-data --cov=tardis --cov-report=xml --cov-report=html --cov-append
2025-02-21T11:38:04.6746620Z   CODECOV_TOKEN: 
2025-02-21T11:38:04.6746820Z   MAMBA_ROOT_PREFIX: /Users/runner/micromamba
2025-02-21T11:38:04.6747100Z   MAMBA_EXE: /Users/runner/micromamba-bin/micromamba
2025-02-21T11:38:04.6747500Z   CONDARC: /Users/runner/work/_temp/setup-micromamba/.condarc
2025-02-21T11:38:04.6747790Z ##[endgroup]
2025-02-21T11:38:15.8646160Z ============================= test session starts ==============================
2025-02-21T11:38:15.8646520Z platform darwin -- Python 3.12.4, pytest-8.2.2, pluggy-1.5.0
2025-02-21T11:38:15.8646800Z rootdir: /Users/runner/work/tardis/tardis
2025-02-21T11:38:15.8647030Z configfile: pyproject.toml
2025-02-21T11:38:15.8647310Z plugins: cov-5.0.0, html-4.1.1, metadata-3.1.1, doctestplus-1.2.1, anyio-4.4.0
2025-02-21T11:38:15.8647630Z collected 1796 items / 2 deselected / 1794 selected
2025-02-21T11:38:15.8647810Z 
2025-02-21T11:38:18.4399660Z tardis/energy_input/tests/test_energy_source.py ..xxx                    [  0%]
2025-02-21T11:38:21.3127300Z tardis/energy_input/tests/test_gamma_ray_channel.py ...........          [  0%]
2025-02-21T11:38:22.3243530Z tardis/energy_input/tests/test_gamma_ray_grid.py xx.                     [  1%]
2025-02-21T11:38:23.3859060Z tardis/energy_input/tests/test_gamma_ray_interactions.py xx....          [  1%]
2025-02-21T11:38:23.3921250Z tardis/energy_input/tests/test_gamma_ray_packet_source.py sssssssss      [  1%]
2025-02-21T11:38:24.2188470Z tardis/energy_input/tests/test_util.py .....xxxx.....                    [  2%]
2025-02-21T11:38:24.4638370Z tardis/grid/tests/test_grid.py .                                         [  2%]
2025-02-21T11:38:24.4739940Z tardis/gui/tests/test_gui.py s                                           [  2%]
2025-02-21T11:38:27.3736430Z tardis/io/configuration/tests/test_config_reader.py ...........          [  3%]
2025-02-21T11:38:27.3821510Z tardis/io/configuration/tests/test_configuration_namespace.py .........  [  3%]
2025-02-21T11:38:27.3991150Z tardis/io/logger/tests/test_logging.py ssssssssssssssssssssssssssss      [  5%]
2025-02-21T11:38:53.2506800Z tardis/io/model/readers/tests/test_arepo_parser.py ..                    [  5%]
2025-02-21T11:38:53.2656190Z tardis/io/model/readers/tests/test_ascii_readers.py ...                  [  5%]
2025-02-21T11:38:53.2754190Z tardis/io/model/readers/tests/test_cmfgen_reader.py ..                   [  5%]
2025-02-21T11:38:53.3001160Z tardis/io/model/readers/tests/test_csvy_reader.py ....                   [  6%]
2025-02-21T11:38:53.3184890Z tardis/io/model/readers/tests/test_stella_reader.py ..                   [  6%]
2025-02-21T11:38:53.5214180Z tardis/io/tests/test_HDFWriter.py ...............                        [  7%]
2025-02-21T11:38:53.9102310Z tardis/io/tests/test_atomic.py .....                                     [  7%]
2025-02-21T11:38:53.9284470Z tardis/io/tests/test_decay.py ..                                         [  7%]
2025-02-21T11:38:54.0923550Z tardis/io/tests/test_model_reader.py ......                              [  7%]
2025-02-21T11:38:54.1126930Z tardis/model/geometry/tests/test_radial1d.py ..                          [  7%]
2025-02-21T11:39:18.7840250Z tardis/model/tests/test_base.py ........................................ [ 10%]
2025-02-21T11:39:19.4970800Z ............                                                             [ 10%]
2025-02-21T11:39:21.5773660Z tardis/model/tests/test_csvy_model.py .........                          [ 11%]
2025-02-21T11:39:21.6074830Z tardis/model/tests/test_density.py ..                                    [ 11%]
2025-02-21T11:39:22.5854560Z tardis/opacities/tests/test_opacity_solver.py .....                      [ 11%]
2025-02-21T11:39:23.4769480Z tardis/opacities/tests/test_opacity_state_numba.py .....                 [ 11%]
2025-02-21T11:39:25.2657700Z tardis/opacities/tests/test_tau_sobolev.py ..                            [ 12%]
2025-02-21T11:39:27.1697360Z tardis/plasma/equilibrium/tests/test_collisional_transitions.py ...      [ 12%]
2025-02-21T11:40:03.4218200Z tardis/plasma/equilibrium/tests/test_level_populations.py ....           [ 12%]
2025-02-21T11:40:12.1744250Z tardis/plasma/equilibrium/tests/test_rate_matrix.py .                    [ 12%]
2025-02-21T11:40:13.2572400Z tardis/plasma/tests/test_complete_plasmas.py ..............s......s..... [ 13%]
2025-02-21T11:40:15.2955650Z s....ssssss............s......s.....ss.....s....ssssss............s..... [ 18%]
2025-02-21T11:40:16.4842120Z .s.....ss.....s....ssssss............s......s.....ss.....s....ssssss.... [ 22%]
2025-02-21T11:40:18.3700770Z ........s......s.....ss.....s....ssssss............s......s.....ss.....s [ 26%]
2025-02-21T11:40:20.2508500Z ....ssssss............s......s.....ss.....s....ssssss............s...... [ 30%]
2025-02-21T11:40:20.7698650Z s.....ss.....s....ssssss............s......s.....ss.....s.ss.ssssss..... [ 34%]
2025-02-21T11:40:22.8247380Z .......s......s.....ss.....s....ssssss............s......s.....ss.....s. [ 38%]
2025-02-21T11:40:25.0517850Z ...ssssss............s......s.....ss.....s....ssssss............s......s [ 42%]
2025-02-21T11:40:27.1339330Z .....ss.....s....ssssss............s......s.....s...........ssssss...... [ 46%]
2025-02-21T11:40:28.4253810Z ......s......s.....s...........ssssss............s......s.....s......... [ 50%]
2025-02-21T11:40:30.4654260Z ..ssssss............s......s.....ss.....s....ssssss............s......s. [ 54%]
2025-02-21T11:40:32.8024690Z ....ss.....s....ssssss...................s......s.....s....ssss......... [ 58%]
2025-02-21T11:40:33.0209620Z ............s......s.....s....ssss.......                                [ 60%]
2025-02-21T11:40:33.1774480Z tardis/plasma/tests/test_hdf_plasma.py ................................. [ 62%]
2025-02-21T11:40:33.1846690Z ......                                                                   [ 62%]
2025-02-21T11:40:33.4255280Z tardis/plasma/tests/test_nlte_excitation.py ...                          [ 62%]
2025-02-21T11:42:08.7105120Z tardis/plasma/tests/test_nlte_solver.py .....X                           [ 63%]
2025-02-21T11:42:08.7189340Z tardis/plasma/tests/test_plasma_continuum.py .                           [ 63%]
2025-02-21T11:42:29.1610380Z tardis/plasma/tests/test_plasma_vboundary.py .............               [ 63%]
2025-02-21T11:42:39.7695090Z tardis/plasma/tests/test_tardis_model_density_config.py ...              [ 64%]
2025-02-21T11:42:40.2932660Z tardis/simulation/tests/test_convergence.py .....                        [ 64%]
2025-02-21T11:42:47.0494530Z tardis/simulation/tests/test_simulation.py .............                 [ 65%]
2025-02-21T11:42:47.0604420Z tardis/spectrum/tests/test_cuda_formal_integral.py sssssssssssssssssssss [ 66%]
2025-02-21T11:42:47.3299480Z ssss...ssssssssssssssssssssss                                            [ 67%]
2025-02-21T11:42:47.3400830Z tardis/spectrum/tests/test_luminosity.py ....                            [ 68%]
2025-02-21T11:42:48.1722190Z tardis/spectrum/tests/test_numba_formal_integral.py .................... [ 69%]
2025-02-21T11:42:48.1822220Z ..........                                                               [ 69%]
2025-02-21T11:42:48.2871590Z tardis/spectrum/tests/test_spectrum.py ................................. [ 71%]
2025-02-21T11:42:48.3282590Z .........                                                                [ 72%]
2025-02-21T11:42:48.4283220Z tardis/spectrum/tests/test_spectrum_solver.py .FFF                       [ 72%]
2025-02-21T11:43:17.8846790Z tardis/tests/test_tardis_full.py .FFF                                    [ 72%]
2025-02-21T11:44:55.1003890Z tardis/tests/test_tardis_full_formal_integral.py ................        [ 73%]
2025-02-21T11:44:55.1486660Z tardis/tests/test_util.py .............................................  [ 75%]
2025-02-21T11:44:57.1416000Z tardis/transport/montecarlo/tests/test_base.py x.....................    [ 77%]
2025-02-21T11:45:01.9323780Z tardis/transport/montecarlo/tests/test_interaction.py .......            [ 77%]
2025-02-21T11:45:02.0679290Z tardis/transport/montecarlo/tests/test_macro_atom.py ....                [ 77%]
2025-02-21T11:45:02.0783730Z tardis/transport/montecarlo/tests/test_montecarlo.py sssssssssssssssssss [ 78%]
2025-02-21T11:45:02.1002010Z sssssssssssssssssssssssssssssssssssssssssssss                            [ 81%]
2025-02-21T11:45:09.3893940Z tardis/transport/montecarlo/tests/test_montecarlo_main_loop.py x..       [ 81%]
2025-02-21T11:45:09.3989240Z tardis/transport/montecarlo/tests/test_nonhomologous.py ...              [ 81%]
2025-02-21T11:45:11.3197160Z tardis/transport/montecarlo/tests/test_numba_interface.py .....x.        [ 82%]
2025-02-21T11:45:11.6847150Z tardis/transport/montecarlo/tests/test_opacities.py ...............      [ 82%]
2025-02-21T11:45:12.3747100Z tardis/transport/montecarlo/tests/test_packet.py .................xXXXXX [ 84%]
2025-02-21T11:45:12.4626710Z XX.........                                                              [ 84%]
2025-02-21T11:45:12.4844350Z tardis/transport/montecarlo/tests/test_packet_source.py ........         [ 85%]
2025-02-21T11:45:12.6745460Z tardis/transport/montecarlo/tests/test_rpacket_last_interaction_tracker.py . [ 85%]
2025-02-21T11:45:12.9397500Z .....                                                                    [ 85%]
2025-02-21T11:45:21.4796170Z tardis/transport/montecarlo/tests/test_rpacket_tracker.py ......         [ 85%]
2025-02-21T11:45:21.5008300Z tardis/transport/montecarlo/tests/test_single_packet_loop.py xxx         [ 86%]
2025-02-21T11:45:21.5041320Z tardis/transport/montecarlo/tests/test_tracker_utils.py ..               [ 86%]
2025-02-21T11:45:22.6293040Z tardis/transport/montecarlo/tests/test_vpacket.py ..x.                   [ 86%]
2025-02-21T11:45:22.6422450Z tardis/transport/montecarlo/tests/test_weighted_packet_source.py ....    [ 86%]
2025-02-21T11:45:25.1897910Z tardis/transport/montecarlo/tests/test_weighted_packet_source_integration.py . [ 86%]
2025-02-21T11:45:25.1898720Z                                                                          [ 86%]
2025-02-21T11:45:25.9029220Z tardis/transport/tests/test_doppler_factor.py ..................         [ 87%]
2025-02-21T11:45:27.3526560Z tardis/visualization/tools/tests/test_convergence_plot.py .............. [ 88%]
2025-02-21T11:45:28.7487000Z ......                                                                   [ 88%]
2025-02-21T11:45:31.7173140Z tardis/visualization/tools/tests/test_liv_plot.py ...................... [ 90%]
2025-02-21T11:45:34.7025330Z .............................                                            [ 91%]
2025-02-21T11:45:37.2428040Z tardis/visualization/tools/tests/test_rpacket_plot.py .................. [ 92%]
2025-02-21T11:45:43.6093160Z ....                                                                     [ 92%]
2025-02-21T11:45:47.8184220Z tardis/visualization/tools/tests/test_sdec_plot.py ..................... [ 94%]
2025-02-21T11:45:53.3761230Z ..............................                                           [ 95%]
2025-02-21T11:45:53.6968870Z tardis/visualization/widgets/tests/test_custom_abundance.py ........ss.. [ 96%]
2025-02-21T11:45:53.7337050Z ....                                                                     [ 96%]
2025-02-21T11:45:54.4168820Z tardis/visualization/widgets/tests/test_line_info.py ................... [ 97%]
2025-02-21T11:45:54.8488250Z ..................                                                       [ 98%]
2025-02-21T11:48:56.3339470Z tardis/visualization/widgets/tests/test_shell_info.py .................. [ 99%]
2025-02-21T11:49:02.7250510Z ......                                                                   [100%]
2025-02-21T11:49:02.7250930Z 
2025-02-21T11:49:02.7251130Z =================================== FAILURES ===================================
2025-02-21T11:49:02.7251610Z ________________ TestSpectrumSolver.test_spectrum_real_packets _________________
2025-02-21T11:49:02.7251970Z 
2025-02-21T11:49:02.7252270Z self = <tardis.spectrum.tests.test_spectrum_solver.TestSpectrumSolver object at 0x139f61ee0>
2025-02-21T11:49:02.7252850Z simulation_regression_data = <tardis.simulation.base.Simulation object at 0x154d59790>
2025-02-21T11:49:02.7253310Z 
2025-02-21T11:49:02.7253530Z     def test_spectrum_real_packets(self, simulation_regression_data):
2025-02-21T11:49:02.7254320Z         transport_state = simulation_regression_data.transport.transport_state
2025-02-21T11:49:02.7254950Z         spectrum_frequency_grid = simulation_regression_data.transport.spectrum_frequency_grid
2025-02-21T11:49:02.7255530Z     
2025-02-21T11:49:02.7255870Z         solver = SpectrumSolver(transport_state, spectrum_frequency_grid, None)
2025-02-21T11:49:02.7256280Z         result = solver.spectrum_real_packets.luminosity
2025-02-21T11:49:02.7256750Z         key = "simulation/spectrum_solver/spectrum_real_packets/luminosity"
2025-02-21T11:49:02.7257190Z         expected = self.get_expected_data(key)
2025-02-21T11:49:02.7257560Z     
2025-02-21T11:49:02.7257840Z         luminosity = u.Quantity(expected, "erg /s")
2025-02-21T11:49:02.7258230Z     
2025-02-21T11:49:02.7258440Z >       assert_quantity_allclose(
2025-02-21T11:49:02.7258770Z             result,
2025-02-21T11:49:02.7259090Z             luminosity,
2025-02-21T11:49:02.7259400Z         )
2025-02-21T11:49:02.7259650Z 
2025-02-21T11:49:02.7259860Z tardis/spectrum/tests/test_spectrum_solver.py:61: 
2025-02-21T11:49:02.7260270Z _ _ _ _ _ _ _ _ _ _ _ _ _ _ _ _ _ _ _ _ _ _ _ _ _ _ _ _ _ _ _ _ _ _ _ _ _ _ _ _ 
2025-02-21T11:49:02.7260960Z ../../../micromamba/envs/tardis/lib/python3.12/site-packages/astropy/tests/helper.py:203: in assert_quantity_allclose
2025-02-21T11:49:02.7261450Z     np.testing.assert_allclose(
2025-02-21T11:49:02.7261750Z _ _ _ _ _ _ _ _ _ _ _ _ _ _ _ _ _ _ _ _ _ _ _ _ _ _ _ _ _ _ _ _ _ _ _ _ _ _ _ _ 
2025-02-21T11:49:02.7261990Z 
2025-02-21T11:49:02.7262440Z args = (<function assert_allclose.<locals>.compare at 0x167d30540>, array([0.00000000e+00, 0.00000000e+00, 2.76120259e+39, .....), array([1.33511090e+39, 1.33738696e+39, 9.41598476e+38, ...,
2025-02-21T11:49:02.7263070Z        0.00000000e+00, 0.00000000e+00, 0.00000000e+00]))
2025-02-21T11:49:02.7263450Z kwds = {'equal_nan': True, 'err_msg': '', 'header': 'Not equal to tolerance rtol=1e-07, atol=0', 'verbose': True}
2025-02-21T11:49:02.7263750Z 
2025-02-21T11:49:02.7263830Z     @wraps(func)
2025-02-21T11:49:02.7263980Z     def inner(*args, **kwds):
2025-02-21T11:49:02.7264340Z         with self._recreate_cm():
2025-02-21T11:49:02.7264530Z >           return func(*args, **kwds)
2025-02-21T11:49:02.7264840Z E           AssertionError: 
2025-02-21T11:49:02.7265110Z E           Not equal to tolerance rtol=1e-07, atol=0
2025-02-21T11:49:02.7265520Z E           
2025-02-21T11:49:02.7265700Z E           Mismatched elements: 4355 / 10000 (43.5%)
2025-02-21T11:49:02.7266160Z E           Max absolute difference: 1.94155993e+40
2025-02-21T11:49:02.7266640Z E           Max relative difference: 137.15340685
2025-02-21T11:49:02.7266920Z E            x: array([0.000000e+00, 0.000000e+00, 2.761203e+39, ..., 0.000000e+00,
2025-02-21T11:49:02.7267190Z E                  0.000000e+00, 0.000000e+00])
2025-02-21T11:49:02.7267460Z E            y: array([1.335111e+39, 1.337387e+39, 9.415985e+38, ..., 0.000000e+00,
2025-02-21T11:49:02.7268070Z E                  0.000000e+00, 0.000000e+00])
2025-02-21T11:49:02.7268220Z 
2025-02-21T11:49:02.7274830Z ../../../micromamba/envs/tardis/lib/python3.12/contextlib.py:81: AssertionError
2025-02-21T11:49:02.7281940Z ___________ TestSpectrumSolver.test_spectrum_real_packets_reabsorbed ___________
2025-02-21T11:49:02.7282280Z 
2025-02-21T11:49:02.7282570Z self = <tardis.spectrum.tests.test_spectrum_solver.TestSpectrumSolver object at 0x139f621b0>
2025-02-21T11:49:02.7283090Z simulation_regression_data = <tardis.simulation.base.Simulation object at 0x154d59790>
2025-02-21T11:49:02.7283410Z 
2025-02-21T11:49:02.7283640Z     def test_spectrum_real_packets_reabsorbed(self, simulation_regression_data):
2025-02-21T11:49:02.7284070Z         transport_state = simulation_regression_data.transport.transport_state
2025-02-21T11:49:02.7284600Z         spectrum_frequency_grid = simulation_regression_data.transport.spectrum_frequency_grid
2025-02-21T11:49:02.7284980Z     
2025-02-21T11:49:02.7285340Z         solver = SpectrumSolver(transport_state, spectrum_frequency_grid, None)
2025-02-21T11:49:02.7285870Z         result = solver.spectrum_real_packets_reabsorbed.luminosity
2025-02-21T11:49:02.7286310Z         key = "simulation/spectrum_solver/spectrum_real_packets_reabsorbed/luminosity"
2025-02-21T11:49:02.7286780Z         expected = self.get_expected_data(key)
2025-02-21T11:49:02.7287060Z     
2025-02-21T11:49:02.7287290Z         luminosity = u.Quantity(expected, "erg /s")
2025-02-21T11:49:02.7287640Z     
2025-02-21T11:49:02.7287820Z >       assert_quantity_allclose(
2025-02-21T11:49:02.7288110Z             result,
2025-02-21T11:49:02.7288370Z             luminosity,
2025-02-21T11:49:02.7288680Z         )
2025-02-21T11:49:02.7288770Z 
2025-02-21T11:49:02.7288930Z tardis/spectrum/tests/test_spectrum_solver.py:77: 
2025-02-21T11:49:02.7289400Z _ _ _ _ _ _ _ _ _ _ _ _ _ _ _ _ _ _ _ _ _ _ _ _ _ _ _ _ _ _ _ _ _ _ _ _ _ _ _ _ 
2025-02-21T11:49:02.7289970Z ../../../micromamba/envs/tardis/lib/python3.12/site-packages/astropy/tests/helper.py:203: in assert_quantity_allclose
2025-02-21T11:49:02.7290560Z     np.testing.assert_allclose(
2025-02-21T11:49:02.7290880Z _ _ _ _ _ _ _ _ _ _ _ _ _ _ _ _ _ _ _ _ _ _ _ _ _ _ _ _ _ _ _ _ _ _ _ _ _ _ _ _ 
2025-02-21T11:49:02.7291140Z 
2025-02-21T11:49:02.7291490Z args = (<function assert_allclose.<locals>.compare at 0x167c98b80>, array([0., 0., 0., ..., 0., 0., 0.]), array([2.03920412e+38, 3.72882494e+38, 2.29646943e+38, ...,
2025-02-21T11:49:02.7292000Z        0.00000000e+00, 0.00000000e+00, 0.00000000e+00]))
2025-02-21T11:49:02.7292470Z kwds = {'equal_nan': True, 'err_msg': '', 'header': 'Not equal to tolerance rtol=1e-07, atol=0', 'verbose': True}
2025-02-21T11:49:02.7292790Z 
2025-02-21T11:49:02.7292960Z     @wraps(func)
2025-02-21T11:49:02.7293280Z     def inner(*args, **kwds):
2025-02-21T11:49:02.7293510Z         with self._recreate_cm():
2025-02-21T11:49:02.7293780Z >           return func(*args, **kwds)
2025-02-21T11:49:02.7294030Z E           AssertionError: 
2025-02-21T11:49:02.7294380Z E           Not equal to tolerance rtol=1e-07, atol=0
2025-02-21T11:49:02.7294660Z E           
2025-02-21T11:49:02.7294970Z E           Mismatched elements: 4491 / 10000 (44.9%)
2025-02-21T11:49:02.7295260Z E           Max absolute difference: 1.0639846e+40
2025-02-21T11:49:02.7295590Z E           Max relative difference: 122.79315318
2025-02-21T11:49:02.7295890Z E            x: array([0., 0., 0., ..., 0., 0., 0.])
2025-02-21T11:49:02.7296300Z E            y: array([2.039204e+38, 3.728825e+38, 2.296469e+38, ..., 0.000000e+00,
2025-02-21T11:49:02.7296620Z E                  0.000000e+00, 0.000000e+00])
2025-02-21T11:49:02.7296800Z 
2025-02-21T11:49:02.7296990Z ../../../micromamba/envs/tardis/lib/python3.12/contextlib.py:81: AssertionError
2025-02-21T11:49:02.7297390Z ________________________ TestSpectrumSolver.test_solve _________________________
2025-02-21T11:49:02.7297670Z 
2025-02-21T11:49:02.7297920Z self = <tardis.spectrum.tests.test_spectrum_solver.TestSpectrumSolver object at 0x139f62a80>
2025-02-21T11:49:02.7298460Z simulation_regression_data = <tardis.simulation.base.Simulation object at 0x154d59790>
2025-02-21T11:49:02.7298720Z 
2025-02-21T11:49:02.7299110Z     def test_solve(self, simulation_regression_data):
2025-02-21T11:49:02.7299740Z         transport_state = simulation_regression_data.transport.transport_state
2025-02-21T11:49:02.7300200Z         spectrum_frequency_grid = simulation_regression_data.transport.spectrum_frequency_grid
2025-02-21T11:49:02.7300610Z     
2025-02-21T11:49:02.7300900Z         solver = SpectrumSolver(transport_state, spectrum_frequency_grid, None)
2025-02-21T11:49:02.7301330Z         result_real, result_virtual, result_integrated = solver.solve(
2025-02-21T11:49:02.7301620Z             transport_state
2025-02-21T11:49:02.7301860Z         )
2025-02-21T11:49:02.7302080Z         key_real = "simulation/spectrum_solver/spectrum_real_packets/luminosity"
2025-02-21T11:49:02.7302390Z         expected_real = self.get_expected_data(key_real)
2025-02-21T11:49:02.7302590Z     
2025-02-21T11:49:02.7302770Z         luminosity_real = u.Quantity(expected_real, "erg /s")
2025-02-21T11:49:02.7303060Z     
2025-02-21T11:49:02.7303230Z >       assert_quantity_allclose(
2025-02-21T11:49:02.7303420Z             result_real.luminosity,
2025-02-21T11:49:02.7303650Z             luminosity_real,
2025-02-21T11:49:02.7303850Z         )
2025-02-21T11:49:02.7303930Z 
2025-02-21T11:49:02.7304030Z tardis/spectrum/tests/test_spectrum_solver.py:95: 
2025-02-21T11:49:02.7304290Z _ _ _ _ _ _ _ _ _ _ _ _ _ _ _ _ _ _ _ _ _ _ _ _ _ _ _ _ _ _ _ _ _ _ _ _ _ _ _ _ 
2025-02-21T11:49:02.7304720Z ../../../micromamba/envs/tardis/lib/python3.12/site-packages/astropy/tests/helper.py:203: in assert_quantity_allclose
2025-02-21T11:49:02.7305120Z     np.testing.assert_allclose(
2025-02-21T11:49:02.7305330Z _ _ _ _ _ _ _ _ _ _ _ _ _ _ _ _ _ _ _ _ _ _ _ _ _ _ _ _ _ _ _ _ _ _ _ _ _ _ _ _ 
2025-02-21T11:49:02.7305530Z 
2025-02-21T11:49:02.7305900Z args = (<function assert_allclose.<locals>.compare at 0x167c9a2a0>, array([0.00000000e+00, 0.00000000e+00, 2.76120259e+39, .....), array([1.33511090e+39, 1.33738696e+39, 9.41598476e+38, ...,
2025-02-21T11:49:02.7306460Z        0.00000000e+00, 0.00000000e+00, 0.00000000e+00]))
2025-02-21T11:49:02.7306890Z kwds = {'equal_nan': True, 'err_msg': '', 'header': 'Not equal to tolerance rtol=1e-07, atol=0', 'verbose': True}
2025-02-21T11:49:02.7307170Z 
2025-02-21T11:49:02.7307220Z     @wraps(func)
2025-02-21T11:49:02.7307380Z     def inner(*args, **kwds):
2025-02-21T11:49:02.7307650Z         with self._recreate_cm():
2025-02-21T11:49:02.7308020Z >           return func(*args, **kwds)
2025-02-21T11:49:02.7308330Z E           AssertionError: 
2025-02-21T11:49:02.7308620Z E           Not equal to tolerance rtol=1e-07, atol=0
2025-02-21T11:49:02.7308990Z E           
2025-02-21T11:49:02.7309250Z E           Mismatched elements: 4355 / 10000 (43.5%)
2025-02-21T11:49:02.7309750Z E           Max absolute difference: 1.94155993e+40
2025-02-21T11:49:02.7310140Z E           Max relative difference: 137.15340685
2025-02-21T11:49:02.7310530Z E            x: array([0.000000e+00, 0.000000e+00, 2.761203e+39, ..., 0.000000e+00,
2025-02-21T11:49:02.7310870Z E                  0.000000e+00, 0.000000e+00])
2025-02-21T11:49:02.7311220Z E            y: array([1.335111e+39, 1.337387e+39, 9.415985e+38, ..., 0.000000e+00,
2025-02-21T11:49:02.7311550Z E                  0.000000e+00, 0.000000e+00])
2025-02-21T11:49:02.7311770Z 
2025-02-21T11:49:02.7311990Z ../../../micromamba/envs/tardis/lib/python3.12/contextlib.py:81: AssertionError
2025-02-21T11:49:02.7312450Z __________________ TestTransportSimple.test_j_blue_estimators __________________
2025-02-21T11:49:02.7312770Z 
2025-02-21T11:49:02.7313000Z self = <tardis.tests.test_tardis_full.TestTransportSimple object at 0x139f632c0>
2025-02-21T11:49:02.7313550Z simulation_regression_data = <tardis.simulation.base.Simulation object at 0x154d59790>
2025-02-21T11:49:02.7313840Z 
2025-02-21T11:49:02.7314030Z     def test_j_blue_estimators(self, simulation_regression_data):
2025-02-21T11:49:02.7314430Z         key = "simulation/transport/transport_state/j_blue_estimator"
2025-02-21T11:49:02.7314980Z         expected = self.get_expected_data(key)
2025-02-21T11:49:02.7315290Z     
2025-02-21T11:49:02.7315600Z >       npt.assert_allclose(
2025-02-21T11:49:02.7316000Z             simulation_regression_data.transport.transport_state.radfield_mc_estimators.j_blue_estimator,
2025-02-21T11:49:02.7316400Z             expected.values,
2025-02-21T11:49:02.7316640Z         )
2025-02-21T11:49:02.7316760Z 
2025-02-21T11:49:02.7316830Z tardis/tests/test_tardis_full.py:60: 
2025-02-21T11:49:02.7317140Z _ _ _ _ _ _ _ _ _ _ _ _ _ _ _ _ _ _ _ _ _ _ _ _ _ _ _ _ _ _ _ _ _ _ _ _ _ _ _ _ 
2025-02-21T11:49:02.7317360Z 
2025-02-21T11:49:02.7317570Z args = (<function assert_allclose.<locals>.compare at 0x167c9b240>, array([[0., 0., 0., ..., 0., 0., 0.],
2025-02-21T11:49:02.7318020Z        [0., 0., 0.,.....,
2025-02-21T11:49:02.7318270Z        [0., 0., 0., ..., 0., 0., 0.],
2025-02-21T11:49:02.7318490Z        [0., 0., 0., ..., 0., 0., 0.],
2025-02-21T11:49:02.7318760Z        [0., 0., 0., ..., 0., 0., 0.]]))
2025-02-21T11:49:02.7319140Z kwds = {'equal_nan': True, 'err_msg': '', 'header': 'Not equal to tolerance rtol=1e-07, atol=0', 'verbose': True}
2025-02-21T11:49:02.7319460Z 
2025-02-21T11:49:02.7319560Z     @wraps(func)
2025-02-21T11:49:02.7319780Z     def inner(*args, **kwds):
2025-02-21T11:49:02.7320000Z         with self._recreate_cm():
2025-02-21T11:49:02.7320240Z >           return func(*args, **kwds)
2025-02-21T11:49:02.7320570Z E           AssertionError: 
2025-02-21T11:49:02.7320860Z E           Not equal to tolerance rtol=1e-07, atol=0
2025-02-21T11:49:02.7321130Z E           
2025-02-21T11:49:02.7321380Z E           Mismatched elements: 488044 / 584480 (83.5%)
2025-02-21T11:49:02.7321650Z E           Max absolute difference: 1.43452643e-17
2025-02-21T11:49:02.7321950Z E           Max relative difference: 235.31367318
2025-02-21T11:49:02.7322210Z E            x: array([[0., 0., 0., ..., 0., 0., 0.],
2025-02-21T11:49:02.7322480Z E                  [0., 0., 0., ..., 0., 0., 0.],
2025-02-21T11:49:02.7322710Z E                  [0., 0., 0., ..., 0., 0., 0.],...
2025-02-21T11:49:02.7323010Z E            y: array([[0., 0., 0., ..., 0., 0., 0.],
2025-02-21T11:49:02.7323300Z E                  [0., 0., 0., ..., 0., 0., 0.],
2025-02-21T11:49:02.7323570Z E                  [0., 0., 0., ..., 0., 0., 0.],...
2025-02-21T11:49:02.7323750Z 
2025-02-21T11:49:02.7323950Z ../../../micromamba/envs/tardis/lib/python3.12/contextlib.py:81: AssertionError
2025-02-21T11:49:02.7324370Z ______________________ TestTransportSimple.test_spectrum _______________________
2025-02-21T11:49:02.7324620Z 
2025-02-21T11:49:02.7324810Z self = <tardis.tests.test_tardis_full.TestTransportSimple object at 0x139f63620>
2025-02-21T11:49:02.7325320Z simulation_regression_data = <tardis.simulation.base.Simulation object at 0x154d59790>
2025-02-21T11:49:02.7325600Z 
2025-02-21T11:49:02.7325760Z     def test_spectrum(self, simulation_regression_data):
2025-02-21T11:49:02.7326130Z         key = "simulation/spectrum_solver/spectrum_real_packets/luminosity"
2025-02-21T11:49:02.7326480Z         expected = self.get_expected_data(key)
2025-02-21T11:49:02.7326750Z     
2025-02-21T11:49:02.7326950Z         luminosity = u.Quantity(expected, "erg /s")
2025-02-21T11:49:02.7327170Z     
2025-02-21T11:49:02.7327340Z >       assert_quantity_allclose(
2025-02-21T11:49:02.7327630Z             simulation_regression_data.spectrum_solver.spectrum_real_packets.luminosity,
2025-02-21T11:49:02.7328000Z             luminosity,
2025-02-21T11:49:02.7328320Z         )
2025-02-21T11:49:02.7328400Z 
2025-02-21T11:49:02.7328470Z tardis/tests/test_tardis_full.py:71: 
2025-02-21T11:49:02.7328720Z _ _ _ _ _ _ _ _ _ _ _ _ _ _ _ _ _ _ _ _ _ _ _ _ _ _ _ _ _ _ _ _ _ _ _ _ _ _ _ _ 
2025-02-21T11:49:02.7329240Z ../../../micromamba/envs/tardis/lib/python3.12/site-packages/astropy/tests/helper.py:203: in assert_quantity_allclose
2025-02-21T11:49:02.7329670Z     np.testing.assert_allclose(
2025-02-21T11:49:02.7329920Z _ _ _ _ _ _ _ _ _ _ _ _ _ _ _ _ _ _ _ _ _ _ _ _ _ _ _ _ _ _ _ _ _ _ _ _ _ _ _ _ 
2025-02-21T11:49:02.7330090Z 
2025-02-21T11:49:02.7330660Z args = (<function assert_allclose.<locals>.compare at 0x167d33d80>, array([0.00000000e+00, 0.00000000e+00, 2.76120259e+39, .....), array([1.47119190e+39, 1.69564189e+39, 1.35368464e+39, ...,
2025-02-21T11:49:02.7331440Z        0.00000000e+00, 0.00000000e+00, 0.00000000e+00]))
2025-02-21T11:49:02.7331840Z kwds = {'equal_nan': True, 'err_msg': '', 'header': 'Not equal to tolerance rtol=1e-07, atol=0', 'verbose': True}
2025-02-21T11:49:02.7332120Z 
2025-02-21T11:49:02.7332190Z     @wraps(func)
2025-02-21T11:49:02.7344170Z     def inner(*args, **kwds):
2025-02-21T11:49:02.7344400Z         with self._recreate_cm():
2025-02-21T11:49:02.7344650Z >           return func(*args, **kwds)
2025-02-21T11:49:02.7344890Z E           AssertionError: 
2025-02-21T11:49:02.7345100Z E           Not equal to tolerance rtol=1e-07, atol=0
2025-02-21T11:49:02.7345390Z E           
2025-02-21T11:49:02.7345550Z E           Mismatched elements: 4560 / 10000 (45.6%)
2025-02-21T11:49:02.7345820Z E           Max absolute difference: 1.96604107e+40
2025-02-21T11:49:02.7346040Z E           Max relative difference: 97.03021569
2025-02-21T11:49:02.7346330Z E            x: array([0.000000e+00, 0.000000e+00, 2.761203e+39, ..., 0.000000e+00,
2025-02-21T11:49:02.7346610Z E                  0.000000e+00, 0.000000e+00])
2025-02-21T11:49:02.7346890Z E            y: array([1.471192e+39, 1.695642e+39, 1.353685e+39, ..., 0.000000e+00,
2025-02-21T11:49:02.7347150Z E                  0.000000e+00, 0.000000e+00])
2025-02-21T11:49:02.7347290Z 
2025-02-21T11:49:02.7347450Z ../../../micromamba/envs/tardis/lib/python3.12/contextlib.py:81: AssertionError
2025-02-21T11:49:02.7347830Z __________________ TestTransportSimple.test_virtual_spectrum ___________________
2025-02-21T11:49:02.7348050Z 
2025-02-21T11:49:02.7348260Z self = <tardis.tests.test_tardis_full.TestTransportSimple object at 0x139f638f0>
2025-02-21T11:49:02.7348740Z simulation_regression_data = <tardis.simulation.base.Simulation object at 0x154d59790>
2025-02-21T11:49:02.7349010Z 
2025-02-21T11:49:02.7349140Z     def test_virtual_spectrum(self, simulation_regression_data):
2025-02-21T11:49:02.7349470Z         key = "simulation/spectrum_solver/spectrum_virtual_packets/luminosity"
2025-02-21T11:49:02.7349830Z         expected = self.get_expected_data(key)
2025-02-21T11:49:02.7350080Z     
2025-02-21T11:49:02.7350240Z         luminosity = u.Quantity(expected, "erg /s")
2025-02-21T11:49:02.7350430Z     
2025-02-21T11:49:02.7350560Z >       assert_quantity_allclose(
2025-02-21T11:49:02.7350910Z             simulation_regression_data.spectrum_solver.spectrum_virtual_packets.luminosity,
2025-02-21T11:49:02.7351220Z             luminosity,
2025-02-21T11:49:02.7351370Z         )
2025-02-21T11:49:02.7351450Z 
2025-02-21T11:49:02.7351520Z tardis/tests/test_tardis_full.py:82: 
2025-02-21T11:49:02.7351860Z _ _ _ _ _ _ _ _ _ _ _ _ _ _ _ _ _ _ _ _ _ _ _ _ _ _ _ _ _ _ _ _ _ _ _ _ _ _ _ _ 
2025-02-21T11:49:02.7352310Z ../../../micromamba/envs/tardis/lib/python3.12/site-packages/astropy/tests/helper.py:203: in assert_quantity_allclose
2025-02-21T11:49:02.7352710Z     np.testing.assert_allclose(
2025-02-21T11:49:02.7352920Z _ _ _ _ _ _ _ _ _ _ _ _ _ _ _ _ _ _ _ _ _ _ _ _ _ _ _ _ _ _ _ _ _ _ _ _ _ _ _ _ 
2025-02-21T11:49:02.7353080Z 
2025-02-21T11:49:02.7353450Z args = (<function assert_allclose.<locals>.compare at 0x167d30cc0>, array([1.31895331e+39, 2.31381538e+39, 3.72000430e+39, .....), array([1.44033177e+39, 1.35611403e+39, 1.39755698e+39, ...,
2025-02-21T11:49:02.7353970Z        0.00000000e+00, 0.00000000e+00, 0.00000000e+00]))
2025-02-21T11:49:02.7354310Z kwds = {'equal_nan': True, 'err_msg': '', 'header': 'Not equal to tolerance rtol=1e-07, atol=0', 'verbose': True}
2025-02-21T11:49:02.7354580Z 
2025-02-21T11:49:02.7354630Z     @wraps(func)
2025-02-21T11:49:02.7354780Z     def inner(*args, **kwds):
2025-02-21T11:49:02.7354960Z         with self._recreate_cm():
2025-02-21T11:49:02.7355190Z >           return func(*args, **kwds)
2025-02-21T11:49:02.7355380Z E           AssertionError: 
2025-02-21T11:49:02.7356010Z E           Not equal to tolerance rtol=1e-07, atol=0
2025-02-21T11:49:02.7356330Z E           
2025-02-21T11:49:02.7356480Z E           Mismatched elements: 5659 / 10000 (56.6%)
2025-02-21T11:49:02.7356700Z E           Max absolute difference: 4.69537822e+39
2025-02-21T11:49:02.7356940Z E           Max relative difference: 419.77405263
2025-02-21T11:49:02.7357210Z E            x: array([1.318953e+39, 2.313815e+39, 3.720004e+39, ..., 0.000000e+00,
2025-02-21T11:49:02.7357470Z E                  0.000000e+00, 0.000000e+00])
2025-02-21T11:49:02.7357730Z E            y: array([1.440332e+39, 1.356114e+39, 1.397557e+39, ..., 0.000000e+00,
2025-02-21T11:49:02.7357990Z E                  0.000000e+00, 0.000000e+00])
2025-02-21T11:49:02.7358130Z 
2025-02-21T11:49:02.7358290Z ../../../micromamba/envs/tardis/lib/python3.12/contextlib.py:81: AssertionError
2025-02-21T11:49:02.7358620Z =============================== warnings summary ===============================
2025-02-21T11:49:02.7358870Z tardis/io/configuration/config_validator.py:6
2025-02-21T11:49:02.7359110Z tardis/io/configuration/config_validator.py:6
2025-02-21T11:49:02.7359520Z   /Users/runner/work/tardis/tardis/tardis/io/configuration/config_validator.py:6: DeprecationWarning:
2025-02-21T11:49:02.7359890Z   
2025-02-21T11:49:02.7360960Z   jsonschema.RefResolver is deprecated as of v4.18.0, in favor of the https://github.com/python-jsonschema/referencing library, which provides more compliant referencing behavior as well as more flexible APIs for customization. A future release will remove RefResolver. Please file a feature request (on referencing) if you are missing an API for the kind of customization you need.
2025-02-21T11:49:02.7361930Z 
2025-02-21T11:49:02.7362130Z ../../../micromamba/envs/tardis/lib/python3.12/site-packages/jupyter_client/connect.py:22
2025-02-21T11:49:02.7362680Z   /Users/runner/micromamba/envs/tardis/lib/python3.12/site-packages/jupyter_client/connect.py:22: DeprecationWarning:
2025-02-21T11:49:02.7363080Z   
2025-02-21T11:49:02.7363270Z   Jupyter is migrating its paths to use standard platformdirs
2025-02-21T11:49:02.7363590Z   given by the platformdirs library.  To remove this warning and
2025-02-21T11:49:02.7363910Z   see the appropriate new directories, set the environment variable
2025-02-21T11:49:02.7364230Z   `JUPYTER_PLATFORM_DIRS=1` and then run `jupyter --paths`.
2025-02-21T11:49:02.7364540Z   The use of platformdirs will be the default in `jupyter_core` v6
2025-02-21T11:49:02.7364740Z 
2025-02-21T11:49:02.7369890Z tardis/io/tests/test_HDFWriter.py::test_multi_index_write
2025-02-21T11:49:02.7370310Z tardis/visualization/widgets/tests/test_shell_info.py::TestHDFShellInfo::test_shells_data
2025-02-21T11:49:02.7370760Z   /Users/runner/work/tardis/tardis/tardis/io/util.py:276: PerformanceWarning:
2025-02-21T11:49:02.7371040Z   
2025-02-21T11:49:02.7371150Z   
2025-02-21T11:49:02.7371390Z   your performance may suffer as PyTables will pickle object types that it cannot
2025-02-21T11:49:02.7371840Z   map directly to c-types [inferred_type->mixed,key->block0_values] [items->Index([0], dtype='int64')]
2025-02-21T11:49:02.7372120Z 
2025-02-21T11:49:02.7372290Z tardis/io/tests/test_model_reader.py::test_read_cmfgen_isotope_abundances
2025-02-21T11:49:02.7372680Z tardis/plasma/tests/test_tardis_model_density_config.py::test_electron_densities
2025-02-21T11:49:02.7373210Z tardis/plasma/tests/test_tardis_model_density_config.py::test_isotope_number_densities
2025-02-21T11:49:02.7373610Z tardis/plasma/tests/test_tardis_model_density_config.py::test_t_rad
2025-02-21T11:49:02.7374090Z   /Users/runner/work/tardis/tardis/tardis/io/model/readers/cmfgen_deprecated.py:82: DeprecationWarning:
2025-02-21T11:49:02.7374460Z   
2025-02-21T11:49:02.7374620Z   The current CMFGEN model parser is deprecated
2025-02-21T11:49:02.7374770Z 
2025-02-21T11:49:02.7374860Z tardis/io/tests/test_model_reader.py: 1 warning
2025-02-21T11:49:02.7375160Z tardis/plasma/tests/test_tardis_model_density_config.py: 9 warnings
2025-02-21T11:49:02.7376070Z   /Users/runner/work/tardis/tardis/tardis/io/model/readers/cmfgen_deprecated.py:40: DeprecationWarning:
2025-02-21T11:49:02.7376720Z   
2025-02-21T11:49:02.7376870Z   The current CMFGEN model parser is deprecated
2025-02-21T11:49:02.7377020Z 
2025-02-21T11:49:02.7377190Z tardis/model/tests/test_base.py::TestModelFromPaper1Config::test_abundances
2025-02-21T11:49:02.7377720Z   /Users/runner/work/tardis/tardis/tardis/transport/montecarlo/montecarlo_main_loop.py:123: NumbaTypeSafetyWarning:
2025-02-21T11:49:02.7378130Z   
2025-02-21T11:49:02.7380830Z   [1m[1m[1munsafe cast from uint64 to int64. Precision may be lost.[0m[0m[0m
2025-02-21T11:49:02.7381060Z 
2025-02-21T11:49:02.7381140Z tardis/model/tests/test_base.py: 6 warnings
2025-02-21T11:49:02.7381510Z tardis/model/tests/test_csvy_model.py: 2 warnings
2025-02-21T11:49:02.7381820Z tardis/plasma/tests/test_tardis_model_density_config.py: 3 warnings
2025-02-21T11:49:02.7382250Z   /Users/runner/work/tardis/tardis/tardis/model/geometry/radial1d.py:50: DeprecationWarning:
2025-02-21T11:49:02.7382590Z   
2025-02-21T11:49:02.7382740Z   v_inner_boundary < 0, assuming default value
2025-02-21T11:49:02.7382890Z 
2025-02-21T11:49:02.7382970Z tardis/model/tests/test_base.py: 6 warnings
2025-02-21T11:49:02.7383210Z tardis/model/tests/test_csvy_model.py: 2 warnings
2025-02-21T11:49:02.7383500Z tardis/plasma/tests/test_tardis_model_density_config.py: 3 warnings
2025-02-21T11:49:02.7383930Z   /Users/runner/work/tardis/tardis/tardis/model/geometry/radial1d.py:61: DeprecationWarning:
2025-02-21T11:49:02.7384260Z   
2025-02-21T11:49:02.7384400Z   v_outer_boundary < 0, assuming default value
2025-02-21T11:49:02.7384550Z 
2025-02-21T11:49:02.7384940Z tardis/plasma/equilibrium/tests/test_level_populations.py::TestLevelPopulationSolver::test_solve[collisional_rate_solver0-radiative_transitions0]
2025-02-21T11:49:02.7385620Z   /Users/runner/work/tardis/tardis/tardis/plasma/equilibrium/level_populations.py:65: FutureWarning:
2025-02-21T11:49:02.7385990Z   
2025-02-21T11:49:02.7386280Z   A value is trying to be set on a copy of a DataFrame or Series through chained assignment using an inplace method.
2025-02-21T11:49:02.7386930Z   The behavior will change in pandas 3.0. This inplace method will never work because the intermediate object on which we are setting values always behaves as a copy.
2025-02-21T11:49:02.7387400Z   
2025-02-21T11:49:02.7387890Z   For example, when doing 'df[col].method(value, inplace=True)', try using 'df.method({col: value}, inplace=True)' or df[col] = df[col].method(value) instead, to perform the operation inplace on the original object.
2025-02-21T11:49:02.7388380Z 
2025-02-21T11:49:02.7388560Z tardis/plasma/tests/test_plasma_vboundary.py::test_plasma_vboundary[2900-3750]
2025-02-21T11:49:02.7388970Z tardis/plasma/tests/test_plasma_vboundary.py::test_plasma_vboundary[2900-3850]
2025-02-21T11:49:02.7389540Z tardis/plasma/tests/test_plasma_vboundary.py::test_plasma_vboundary[2900-3900]
2025-02-21T11:49:02.7390400Z   /Users/runner/work/tardis/tardis/tardis/model/geometry/radial1d.py:71: UserWarning:
2025-02-21T11:49:02.7390740Z   
2025-02-21T11:49:02.7390980Z   Requesting inner boundary below inner shell. Extrapolating the inner cell
2025-02-21T11:49:02.7391220Z 
2025-02-21T11:49:02.7391400Z tardis/spectrum/tests/test_spectrum_solver.py::TestSpectrumSolver::test_solve
2025-02-21T11:49:02.7391810Z   /Users/runner/work/tardis/tardis/tardis/spectrum/base.py:70: UserWarning:
2025-02-21T11:49:02.7392100Z   
2025-02-21T11:49:02.7392440Z   SpectrumSolver.spectrum_virtual_packets is zero. Please run the montecarlo simulation with no_of_virtual_packets > 0
2025-02-21T11:49:02.7392770Z 
2025-02-21T11:49:02.7392950Z tardis/spectrum/tests/test_spectrum_solver.py::TestSpectrumSolver::test_solve
2025-02-21T11:49:02.7393360Z   /Users/runner/work/tardis/tardis/tardis/spectrum/base.py:111: UserWarning:
2025-02-21T11:49:02.7393640Z   
2025-02-21T11:49:02.7393990Z   SpectrumSolver.integrator: The FormalIntegrator is not yet available.Please run the montecarlo simulation at least once.
2025-02-21T11:49:02.7394340Z 
2025-02-21T11:49:02.7394890Z tardis/transport/montecarlo/tests/test_vpacket.py::test_trace_vpacket_volley
2025-02-21T11:49:02.7395300Z   <string>:3: NumbaPendingDeprecationWarning:
2025-02-21T11:49:02.7395500Z   
2025-02-21T11:49:02.7396460Z   [1m[1mCode using Numba extension API maybe depending on 'old_style' error-capturing, which is deprecated and will be replaced by 'new_style' in a future release. See details at https://numba.readthedocs.io/en/latest/reference/deprecation.html#deprecation-of-old-style-numba-captured-errors
2025-02-21T11:49:02.7397280Z   Exception origin:
2025-02-21T11:49:02.7397590Z     File "/Users/runner/micromamba/envs/tardis/lib/python3.12/inspect.py", line 3180, in _bind
2025-02-21T11:49:02.7397930Z       raise TypeError(msg) from None
2025-02-21T11:49:02.7398130Z   [0m[0m
2025-02-21T11:49:02.7398220Z 
2025-02-21T11:49:02.7398490Z tardis/visualization/tools/tests/test_sdec_plot.py::TestSDECPlotter::test_mpl_image[plotter_generate_plot_mpl4]
2025-02-21T11:49:02.7399060Z   /Users/runner/work/tardis/tardis/tardis/visualization/tools/sdec_plot.py:1225: RuntimeWarning:
2025-02-21T11:49:02.7399400Z   
2025-02-21T11:49:02.7400150Z   More than 20 figures have been opened. Figures created through the pyplot interface (`matplotlib.pyplot.figure`) are retained until explicitly closed and may consume too much memory. (To control this warning, see the rcParam `figure.max_open_warning`). Consider using `matplotlib.pyplot.close()`.
2025-02-21T11:49:02.7400880Z 
2025-02-21T11:49:02.7401180Z tardis/visualization/widgets/tests/test_custom_abundance.py::TestCustomAbundanceWidget::test_update_input_item_value
2025-02-21T11:49:02.7401800Z tardis/visualization/widgets/tests/test_custom_abundance.py::TestCustomAbundanceWidget::test_update_input_item_value
2025-02-21T11:49:02.7402420Z tardis/visualization/widgets/tests/test_custom_abundance.py::TestCustomAbundanceWidget::test_update_input_item_value
2025-02-21T11:49:02.7403050Z tardis/visualization/widgets/tests/test_custom_abundance.py::TestCustomAbundanceWidget::test_update_input_item_value
2025-02-21T11:49:02.7403680Z tardis/visualization/widgets/tests/test_custom_abundance.py::TestCustomAbundanceWidget::test_update_input_item_value
2025-02-21T11:49:02.7404310Z tardis/visualization/widgets/tests/test_custom_abundance.py::TestCustomAbundanceWidget::test_update_input_item_value
2025-02-21T11:49:02.7404940Z   /Users/runner/micromamba/envs/tardis/lib/python3.12/site-packages/traitlets/traitlets.py:1385: DeprecationWarning:
2025-02-21T11:49:02.7405330Z   
2025-02-21T11:49:02.7405560Z   Passing unrecognized arguments to super(Checkbox).__init__(icon='lock').
2025-02-21T11:49:02.7405930Z   object.__init__() takes exactly one argument (the instance to initialize)
2025-02-21T11:49:02.7406340Z   This is deprecated in traitlets 4.2.This error will be raised in a future release of traitlets.
2025-02-21T11:49:02.7406600Z 
2025-02-21T11:49:02.7406880Z tardis/visualization/widgets/tests/test_custom_abundance.py::TestCustomAbundanceWidget::test_update_input_item_value
2025-02-21T11:49:02.7407540Z tardis/visualization/widgets/tests/test_custom_abundance.py::TestCustomAbundanceWidget::test_update_input_item_value
2025-02-21T11:49:02.7408180Z   /Users/runner/micromamba/envs/tardis/lib/python3.12/site-packages/traitlets/traitlets.py:1385: DeprecationWarning:
2025-02-21T11:49:02.7408580Z   
2025-02-21T11:49:02.7408790Z   Passing unrecognized arguments to super(FloatText).__init__(min=0).
2025-02-21T11:49:02.7409150Z   object.__init__() takes exactly one argument (the instance to initialize)
2025-02-21T11:49:02.7409560Z   This is deprecated in traitlets 4.2.This error will be raised in a future release of traitlets.
2025-02-21T11:49:02.7409820Z 
2025-02-21T11:49:02.7410100Z tardis/visualization/widgets/tests/test_custom_abundance.py::TestCustomAbundanceWidget::test_update_input_item_value
2025-02-21T11:49:02.7410730Z   /Users/runner/micromamba/envs/tardis/lib/python3.12/site-packages/traitlets/traitlets.py:1385: DeprecationWarning:
2025-02-21T11:49:02.7411130Z   
2025-02-21T11:49:02.7411550Z   Passing unrecognized arguments to super(HTML).__init__(indent=True).
2025-02-21T11:49:02.7411970Z   object.__init__() takes exactly one argument (the instance to initialize)
2025-02-21T11:49:02.7412370Z   This is deprecated in traitlets 4.2.This error will be raised in a future release of traitlets.
2025-02-21T11:49:02.7412630Z 
2025-02-21T11:49:02.7412980Z tardis/visualization/widgets/tests/test_line_info.py::TestLineInfoWidgetData::test_get_species_interactions[wavelength_range0-packet_out_nu]
2025-02-21T11:49:02.7413650Z   /Users/runner/micromamba/envs/tardis/lib/python3.12/site-packages/qgridnext/grid.py:825: DeprecationWarning:
2025-02-21T11:49:02.7414020Z   
2025-02-21T11:49:02.7414310Z   QgridWidget._grid_options_changed is deprecated in traitlets 4.1: use @observe and @unobserve instead.
2025-02-21T11:49:02.7414610Z 
2025-02-21T11:49:02.7414820Z tardis/visualization/widgets/tests/test_shell_info.py::TestHDFShellInfo::test_shells_data
2025-02-21T11:49:02.7415270Z   /Users/runner/work/tardis/tardis/tardis/io/util.py:289: PerformanceWarning:
2025-02-21T11:49:02.7415560Z   
2025-02-21T11:49:02.7415660Z   
2025-02-21T11:49:02.7415890Z   your performance may suffer as PyTables will pickle object types that it cannot
2025-02-21T11:49:02.7416430Z   map directly to c-types [inferred_type->mixed,key->block0_values] [items->Index([0], dtype='int64')]
2025-02-21T11:49:02.7416700Z 
2025-02-21T11:49:02.7416910Z tardis/visualization/widgets/tests/test_shell_info.py::TestHDFShellInfo::test_shells_data
2025-02-21T11:49:02.7417360Z   /Users/runner/work/tardis/tardis/tardis/io/util.py:292: PerformanceWarning:
2025-02-21T11:49:02.7417640Z   
2025-02-21T11:49:02.7417750Z   
2025-02-21T11:49:02.7417970Z   your performance may suffer as PyTables will pickle object types that it cannot
2025-02-21T11:49:02.7418350Z   map directly to c-types [inferred_type->mixed,key->values] [items->None]
2025-02-21T11:49:02.7418560Z 
2025-02-21T11:49:02.7418770Z tardis/visualization/widgets/tests/test_shell_info.py::TestHDFShellInfo::test_shells_data
2025-02-21T11:49:02.7419250Z   /Users/runner/work/tardis/tardis/tardis/spectrum/formal_integral.py:398: UserWarning:
2025-02-21T11:49:02.7419560Z   
2025-02-21T11:49:02.7419780Z   The number of interpolate_shells was not specified. The value was set to 80.
2025-02-21T11:49:02.7420000Z 
2025-02-21T11:49:02.7420170Z -- Docs: https://docs.pytest.org/en/stable/how-to/capture-warnings.html
2025-02-21T11:49:02.7420390Z 
2025-02-21T11:49:02.7420520Z ---------- coverage: platform darwin, python 3.12.4-final-0 ----------
2025-02-21T11:49:02.7420820Z Coverage HTML written to dir coverage_html_report
2025-02-21T11:49:02.7421060Z Coverage XML written to file coverage.xml
2025-02-21T11:49:02.7421200Z 
2025-02-21T11:49:02.7421300Z =========================== short test summary info ============================
2025-02-21T11:49:02.7421760Z FAILED tardis/spectrum/tests/test_spectrum_solver.py::TestSpectrumSolver::test_spectrum_real_packets - AssertionError: 
2025-02-21T11:49:02.7422190Z Not equal to tolerance rtol=1e-07, atol=0
2025-02-21T11:49:02.7422340Z 
2025-02-21T11:49:02.7422410Z Mismatched elements: 4355 / 10000 (43.5%)
2025-02-21T11:49:02.7422610Z Max absolute difference: 1.94155993e+40
2025-02-21T11:49:02.7422820Z Max relative difference: 137.15340685
2025-02-21T11:49:02.7423080Z  x: array([0.000000e+00, 0.000000e+00, 2.761203e+39, ..., 0.000000e+00,
2025-02-21T11:49:02.7423320Z        0.000000e+00, 0.000000e+00])
2025-02-21T11:49:02.7423560Z  y: array([1.335111e+39, 1.337387e+39, 9.415985e+38, ..., 0.000000e+00,
2025-02-21T11:49:02.7423800Z        0.000000e+00, 0.000000e+00])
2025-02-21T11:49:02.7424240Z FAILED tardis/spectrum/tests/test_spectrum_solver.py::TestSpectrumSolver::test_spectrum_real_packets_reabsorbed - AssertionError: 
2025-02-21T11:49:02.7424690Z Not equal to tolerance rtol=1e-07, atol=0
2025-02-21T11:49:02.7424830Z 
2025-02-21T11:49:02.7424900Z Mismatched elements: 4491 / 10000 (44.9%)
2025-02-21T11:49:02.7425100Z Max absolute difference: 1.0639846e+40
2025-02-21T11:49:02.7425600Z Max relative difference: 122.79315318
2025-02-21T11:49:02.7425820Z  x: array([0., 0., 0., ..., 0., 0., 0.])
2025-02-21T11:49:02.7426140Z  y: array([2.039204e+38, 3.728825e+38, 2.296469e+38, ..., 0.000000e+00,
2025-02-21T11:49:02.7426390Z        0.000000e+00, 0.000000e+00])
2025-02-21T11:49:02.7426750Z FAILED tardis/spectrum/tests/test_spectrum_solver.py::TestSpectrumSolver::test_solve - AssertionError: 
2025-02-21T11:49:02.7427120Z Not equal to tolerance rtol=1e-07, atol=0
2025-02-21T11:49:02.7427270Z 
2025-02-21T11:49:02.7427340Z Mismatched elements: 4355 / 10000 (43.5%)
2025-02-21T11:49:02.7427540Z Max absolute difference: 1.94155993e+40
2025-02-21T11:49:02.7427750Z Max relative difference: 137.15340685
2025-02-21T11:49:02.7428000Z  x: array([0.000000e+00, 0.000000e+00, 2.761203e+39, ..., 0.000000e+00,
2025-02-21T11:49:02.7428240Z        0.000000e+00, 0.000000e+00])
2025-02-21T11:49:02.7428470Z  y: array([1.335111e+39, 1.337387e+39, 9.415985e+38, ..., 0.000000e+00,
2025-02-21T11:49:02.7428720Z        0.000000e+00, 0.000000e+00])
2025-02-21T11:49:02.7429110Z FAILED tardis/tests/test_tardis_full.py::TestTransportSimple::test_j_blue_estimators - AssertionError: 
2025-02-21T11:49:02.7429510Z Not equal to tolerance rtol=1e-07, atol=0
2025-02-21T11:49:02.7429660Z 
2025-02-21T11:49:02.7429730Z Mismatched elements: 488044 / 584480 (83.5%)
2025-02-21T11:49:02.7430030Z Max absolute difference: 1.43452643e-17
2025-02-21T11:49:02.7430230Z Max relative difference: 235.31367318
2025-02-21T11:49:02.7430420Z  x: array([[0., 0., 0., ..., 0., 0., 0.],
2025-02-21T11:49:02.7430600Z        [0., 0., 0., ..., 0., 0., 0.],
2025-02-21T11:49:02.7430770Z        [0., 0., 0., ..., 0., 0., 0.],...
2025-02-21T11:49:02.7430960Z  y: array([[0., 0., 0., ..., 0., 0., 0.],
2025-02-21T11:49:02.7431140Z        [0., 0., 0., ..., 0., 0., 0.],
2025-02-21T11:49:02.7431310Z        [0., 0., 0., ..., 0., 0., 0.],...
2025-02-21T11:49:02.7431640Z FAILED tardis/tests/test_tardis_full.py::TestTransportSimple::test_spectrum - AssertionError: 
2025-02-21T11:49:02.7431980Z Not equal to tolerance rtol=1e-07, atol=0
2025-02-21T11:49:02.7432120Z 
2025-02-21T11:49:02.7432190Z Mismatched elements: 4560 / 10000 (45.6%)
2025-02-21T11:49:02.7432380Z Max absolute difference: 1.96604107e+40
2025-02-21T11:49:02.7432570Z Max relative difference: 97.03021569
2025-02-21T11:49:02.7432810Z  x: array([0.000000e+00, 0.000000e+00, 2.761203e+39, ..., 0.000000e+00,
2025-02-21T11:49:02.7433040Z        0.000000e+00, 0.000000e+00])
2025-02-21T11:49:02.7433270Z  y: array([1.471192e+39, 1.695642e+39, 1.353685e+39, ..., 0.000000e+00,
2025-02-21T11:49:02.7433500Z        0.000000e+00, 0.000000e+00])
2025-02-21T11:49:02.7433840Z FAILED tardis/tests/test_tardis_full.py::TestTransportSimple::test_virtual_spectrum - AssertionError: 
2025-02-21T11:49:02.7434200Z Not equal to tolerance rtol=1e-07, atol=0
2025-02-21T11:49:02.7434340Z 
2025-02-21T11:49:02.7434400Z Mismatched elements: 5659 / 10000 (56.6%)
2025-02-21T11:49:02.7434590Z Max absolute difference: 4.69537822e+39
2025-02-21T11:49:02.7434780Z Max relative difference: 419.77405263
2025-02-21T11:49:02.7435030Z  x: array([1.318953e+39, 2.313815e+39, 3.720004e+39, ..., 0.000000e+00,
2025-02-21T11:49:02.7435270Z        0.000000e+00, 0.000000e+00])
2025-02-21T11:49:02.7435490Z  y: array([1.440332e+39, 1.356114e+39, 1.397557e+39, ..., 0.000000e+00,
2025-02-21T11:49:02.7435730Z        0.000000e+00, 0.000000e+00])
2025-02-21T11:49:02.7436050Z = 6 failed, 1404 passed, 357 skipped, 2 deselected, 19 xfailed, 8 xpassed, 63 warnings in 648.44s (0:10:48) =
2025-02-21T11:49:04.2351930Z ##[error]Process completed with exit code 1.
2025-02-21T11:49:04.2562650Z Post job cleanup.
2025-02-21T11:49:04.2907780Z Post job cleanup.
2025-02-21T11:49:04.6212200Z Will use pre-installed micromamba at /Users/runner/micromamba-bin/micromamba
2025-02-21T11:49:04.6216470Z Removing micromamba run shell ...
2025-02-21T11:49:04.6219570Z ##[group]Deinitialize micromamba for bash
2025-02-21T11:49:04.6234020Z [command]/Users/runner/micromamba-bin/micromamba shell deinit -s bash -r /Users/runner/micromamba --log-level warning --rc-file /Users/runner/work/_temp/setup-micromamba/.condarc
2025-02-21T11:49:04.6798790Z Resetting RC file "/Users/runner/.bash_profile"
2025-02-21T11:49:04.6799430Z Deleting config for root prefix 
2025-02-21T11:49:04.6800500Z Clearing mamba executable environment variable
2025-02-21T11:49:04.6815950Z Removing the following in your "/Users/runner/.bash_profile" file
2025-02-21T11:49:04.6816370Z # >>> mamba initialize >>>
2025-02-21T11:49:04.6816560Z ...
2025-02-21T11:49:04.6816710Z # <<< mamba initialize <<<
2025-02-21T11:49:04.6872520Z Removing environment tardis from auto-activate bash ...
2025-02-21T11:49:04.6995660Z Post job cleanup.
2025-02-21T11:49:04.7053420Z Post job cleanup.
2025-02-21T11:49:04.9206240Z [command]/opt/homebrew/bin/git version
2025-02-21T11:49:04.9445560Z git version 2.48.1
2025-02-21T11:49:04.9468320Z Copying '/Users/runner/.gitconfig' to '/Users/runner/work/_temp/e99b3b09-e87a-486f-a4f1-5a83fcc4e1bb/.gitconfig'
2025-02-21T11:49:04.9474860Z Temporarily overriding HOME='/Users/runner/work/_temp/e99b3b09-e87a-486f-a4f1-5a83fcc4e1bb' before making global git config changes
2025-02-21T11:49:04.9475500Z Adding repository directory to the temporary git global config as a safe directory
2025-02-21T11:49:04.9478430Z [command]/opt/homebrew/bin/git config --global --add safe.directory /Users/runner/work/tardis/tardis/tardis-regression-data
2025-02-21T11:49:04.9577220Z [command]/opt/homebrew/bin/git config --local --name-only --get-regexp core\.sshCommand
2025-02-21T11:49:04.9636700Z [command]/opt/homebrew/bin/git submodule foreach --recursive sh -c "git config --local --name-only --get-regexp 'core\.sshCommand' && git config --local --unset-all 'core.sshCommand' || :"
2025-02-21T11:49:05.0978430Z [command]/opt/homebrew/bin/git config --local --name-only --get-regexp http\.https\:\/\/github\.com\/\.extraheader
2025-02-21T11:49:05.1025160Z http.https://github.com/.extraheader
2025-02-21T11:49:05.1034400Z [command]/opt/homebrew/bin/git config --local --unset-all http.https://github.com/.extraheader
2025-02-21T11:49:05.1105050Z [command]/opt/homebrew/bin/git submodule foreach --recursive sh -c "git config --local --name-only --get-regexp 'http\.https\:\/\/github\.com\/\.extraheader' && git config --local --unset-all 'http.https://github.com/.extraheader' || :"
2025-02-21T11:49:05.1995360Z Post job cleanup.
2025-02-21T11:49:05.3881780Z [command]/opt/homebrew/bin/git version
2025-02-21T11:49:05.3926630Z git version 2.48.1
2025-02-21T11:49:05.3946340Z Copying '/Users/runner/.gitconfig' to '/Users/runner/work/_temp/172639d2-6755-4ef5-b4fa-00c56d2bfdf8/.gitconfig'
2025-02-21T11:49:05.3957470Z Temporarily overriding HOME='/Users/runner/work/_temp/172639d2-6755-4ef5-b4fa-00c56d2bfdf8' before making global git config changes
2025-02-21T11:49:05.3958070Z Adding repository directory to the temporary git global config as a safe directory
2025-02-21T11:49:05.3961030Z [command]/opt/homebrew/bin/git config --global --add safe.directory /Users/runner/work/tardis/tardis
2025-02-21T11:49:05.4015860Z [command]/opt/homebrew/bin/git config --local --name-only --get-regexp core\.sshCommand
2025-02-21T11:49:05.4057370Z [command]/opt/homebrew/bin/git submodule foreach --recursive sh -c "git config --local --name-only --get-regexp 'core\.sshCommand' && git config --local --unset-all 'core.sshCommand' || :"
2025-02-21T11:49:05.4952700Z [command]/opt/homebrew/bin/git config --local --name-only --get-regexp http\.https\:\/\/github\.com\/\.extraheader
2025-02-21T11:49:05.4995020Z http.https://github.com/.extraheader
2025-02-21T11:49:05.5004910Z [command]/opt/homebrew/bin/git config --local --unset-all http.https://github.com/.extraheader
2025-02-21T11:49:05.5148450Z [command]/opt/homebrew/bin/git submodule foreach --recursive sh -c "git config --local --name-only --get-regexp 'http\.https\:\/\/github\.com\/\.extraheader' && git config --local --unset-all 'http.https://github.com/.extraheader' || :"
2025-02-21T11:49:05.5714790Z Cleaning up orphan processes
