2025-02-21T11:36:18.7173601Z Requested labels: ubuntu-latest
2025-02-21T11:36:18.7174113Z Job defined at: tardis-sn/tardis/.github/workflows/tests.yml@refs/pull/2977/merge
2025-02-21T11:36:18.7174272Z Waiting for a runner to pick up this job...
2025-02-21T11:36:18.8898458Z Job is waiting for a hosted runner to come online.
2025-02-21T11:36:22.4725530Z Job is about to start running on the hosted runner: GitHub Actions 14 (hosted)
2025-02-21T11:36:23.8870485Z Current runner version: '2.322.0'
2025-02-21T11:36:23.8894935Z ##[group]Operating System
2025-02-21T11:36:23.8895845Z Ubuntu
2025-02-21T11:36:23.8896358Z 24.04.1
2025-02-21T11:36:23.8896845Z LTS
2025-02-21T11:36:23.8897390Z ##[endgroup]
2025-02-21T11:36:23.8897920Z ##[group]Runner Image
2025-02-21T11:36:23.8898445Z Image: ubuntu-24.04
2025-02-21T11:36:23.8899040Z Version: 20250209.1.0
2025-02-21T11:36:23.8900253Z Included Software: https://github.com/actions/runner-images/blob/ubuntu24/20250209.1/images/ubuntu/Ubuntu2404-Readme.md
2025-02-21T11:36:23.8901725Z Image Release: https://github.com/actions/runner-images/releases/tag/ubuntu24%2F20250209.1
2025-02-21T11:36:23.8902666Z ##[endgroup]
2025-02-21T11:36:23.8903196Z ##[group]Runner Image Provisioner
2025-02-21T11:36:23.8903792Z 2.0.422.1
2025-02-21T11:36:23.8904311Z ##[endgroup]
2025-02-21T11:36:23.8906396Z ##[group]GITHUB_TOKEN Permissions
2025-02-21T11:36:23.8908407Z Actions: read
2025-02-21T11:36:23.8909103Z Attestations: read
2025-02-21T11:36:23.8909884Z Checks: read
2025-02-21T11:36:23.8910544Z Contents: read
2025-02-21T11:36:23.8911177Z Deployments: read
2025-02-21T11:36:23.8911677Z Discussions: read
2025-02-21T11:36:23.8912193Z Issues: read
2025-02-21T11:36:23.8912765Z Metadata: read
2025-02-21T11:36:23.8913280Z Packages: read
2025-02-21T11:36:23.8913829Z Pages: read
2025-02-21T11:36:23.8914331Z PullRequests: read
2025-02-21T11:36:23.8914878Z RepositoryProjects: read
2025-02-21T11:36:23.8915516Z SecurityEvents: read
2025-02-21T11:36:23.8916076Z Statuses: read
2025-02-21T11:36:23.8916582Z ##[endgroup]
2025-02-21T11:36:23.8919433Z Secret source: None
2025-02-21T11:36:23.8920450Z Prepare workflow directory
2025-02-21T11:36:23.9535879Z Prepare all required actions
2025-02-21T11:36:23.9571468Z Getting action download info
2025-02-21T11:36:24.1325102Z ##[group]Download immutable action package 'actions/checkout@v4'
2025-02-21T11:36:24.1326335Z Version: 4.2.2
2025-02-21T11:36:24.1327294Z Digest: sha256:ccb2698953eaebd21c7bf6268a94f9c26518a7e38e27e0b83c1fe1ad049819b1
2025-02-21T11:36:24.1328337Z Source commit SHA: 11bd71901bbe5b1630ceea73d27597364c9af683
2025-02-21T11:36:24.1328950Z ##[endgroup]
2025-02-21T11:36:24.2293463Z ##[group]Download immutable action package 'actions/upload-artifact@v4'
2025-02-21T11:36:24.2294198Z Version: 4.6.0
2025-02-21T11:36:24.2294853Z Digest: sha256:bf85474c8423f9cd48bd2caf3ce5adb1711e2dfdb055b040bd36b044e4290329
2025-02-21T11:36:24.2295710Z Source commit SHA: 65c4c4a1ddee5b72f698fdd19549f0f0fb45cf08
2025-02-21T11:36:24.2296318Z ##[endgroup]
2025-02-21T11:36:24.3958595Z Complete job name: not continuum ubuntu-latest 
2025-02-21T11:36:24.4756000Z ##[group]Run actions/checkout@v4
2025-02-21T11:36:24.4757159Z with:
2025-02-21T11:36:24.4757578Z   repository: tardis-sn/tardis
2025-02-21T11:36:24.4758223Z   token: ***
2025-02-21T11:36:24.4758611Z   ssh-strict: true
2025-02-21T11:36:24.4759021Z   ssh-user: git
2025-02-21T11:36:24.4759435Z   persist-credentials: true
2025-02-21T11:36:24.4759890Z   clean: true
2025-02-21T11:36:24.4760541Z   sparse-checkout-cone-mode: true
2025-02-21T11:36:24.4761058Z   fetch-depth: 1
2025-02-21T11:36:24.4761466Z   fetch-tags: false
2025-02-21T11:36:24.4761873Z   show-progress: true
2025-02-21T11:36:24.4762286Z   lfs: false
2025-02-21T11:36:24.4762664Z   submodules: false
2025-02-21T11:36:24.4763083Z   set-safe-directory: true
2025-02-21T11:36:24.4763798Z env:
2025-02-21T11:36:24.4764167Z   CACHE_NUMBER: 0
2025-02-21T11:36:24.4765299Z   PYTEST_FLAGS: --tardis-regression-data=/home/runner/work/tardis/tardis/tardis-regression-data --cov=tardis --cov-report=xml --cov-report=html --cov-append
2025-02-21T11:36:24.4766530Z   CODECOV_TOKEN: 
2025-02-21T11:36:24.4766923Z ##[endgroup]
2025-02-21T11:36:24.7283996Z Syncing repository: tardis-sn/tardis
2025-02-21T11:36:24.7285683Z ##[group]Getting Git version info
2025-02-21T11:36:24.7286355Z Working directory is '/home/runner/work/tardis/tardis'
2025-02-21T11:36:24.7287281Z [command]/usr/bin/git version
2025-02-21T11:36:24.7375964Z git version 2.48.1
2025-02-21T11:36:24.7405547Z ##[endgroup]
2025-02-21T11:36:24.7418228Z Temporarily overriding HOME='/home/runner/work/_temp/b2d8d980-6226-483a-86f8-aeac3c9d5575' before making global git config changes
2025-02-21T11:36:24.7423519Z Adding repository directory to the temporary git global config as a safe directory
2025-02-21T11:36:24.7425459Z [command]/usr/bin/git config --global --add safe.directory /home/runner/work/tardis/tardis
2025-02-21T11:36:24.7462515Z Deleting the contents of '/home/runner/work/tardis/tardis'
2025-02-21T11:36:24.7466577Z ##[group]Initializing the repository
2025-02-21T11:36:24.7471498Z [command]/usr/bin/git init /home/runner/work/tardis/tardis
2025-02-21T11:36:24.7543218Z hint: Using 'master' as the name for the initial branch. This default branch name
2025-02-21T11:36:24.7544975Z hint: is subject to change. To configure the initial branch name to use in all
2025-02-21T11:36:24.7545932Z hint: of your new repositories, which will suppress this warning, call:
2025-02-21T11:36:24.7546729Z hint:
2025-02-21T11:36:24.7547229Z hint: 	git config --global init.defaultBranch <name>
2025-02-21T11:36:24.7547812Z hint:
2025-02-21T11:36:24.7548366Z hint: Names commonly chosen instead of 'master' are 'main', 'trunk' and
2025-02-21T11:36:24.7549279Z hint: 'development'. The just-created branch can be renamed via this command:
2025-02-21T11:36:24.7550051Z hint:
2025-02-21T11:36:24.7550634Z hint: 	git branch -m <name>
2025-02-21T11:36:24.7553413Z Initialized empty Git repository in /home/runner/work/tardis/tardis/.git/
2025-02-21T11:36:24.7565441Z [command]/usr/bin/git remote add origin https://github.com/tardis-sn/tardis
2025-02-21T11:36:24.7601122Z ##[endgroup]
2025-02-21T11:36:24.7602339Z ##[group]Disabling automatic garbage collection
2025-02-21T11:36:24.7605483Z [command]/usr/bin/git config --local gc.auto 0
2025-02-21T11:36:24.7634372Z ##[endgroup]
2025-02-21T11:36:24.7635620Z ##[group]Setting up auth
2025-02-21T11:36:24.7642001Z [command]/usr/bin/git config --local --name-only --get-regexp core\.sshCommand
2025-02-21T11:36:24.7672605Z [command]/usr/bin/git submodule foreach --recursive sh -c "git config --local --name-only --get-regexp 'core\.sshCommand' && git config --local --unset-all 'core.sshCommand' || :"
2025-02-21T11:36:24.8003173Z [command]/usr/bin/git config --local --name-only --get-regexp http\.https\:\/\/github\.com\/\.extraheader
2025-02-21T11:36:24.8031837Z [command]/usr/bin/git submodule foreach --recursive sh -c "git config --local --name-only --get-regexp 'http\.https\:\/\/github\.com\/\.extraheader' && git config --local --unset-all 'http.https://github.com/.extraheader' || :"
2025-02-21T11:36:24.8254680Z [command]/usr/bin/git config --local http.https://github.com/.extraheader AUTHORIZATION: basic ***
2025-02-21T11:36:24.8290780Z ##[endgroup]
2025-02-21T11:36:24.8291779Z ##[group]Fetching the repository
2025-02-21T11:36:24.8301636Z [command]/usr/bin/git -c protocol.version=2 fetch --no-tags --prune --no-recurse-submodules --depth=1 origin +c4649dc08446903623f99e20dd8fb21255fac83a:refs/remotes/pull/2977/merge
2025-02-21T11:36:25.9527083Z From https://github.com/tardis-sn/tardis
2025-02-21T11:36:25.9529281Z  * [new ref]         c4649dc08446903623f99e20dd8fb21255fac83a -> pull/2977/merge
2025-02-21T11:36:25.9555682Z ##[endgroup]
2025-02-21T11:36:25.9556954Z ##[group]Determining the checkout info
2025-02-21T11:36:25.9558489Z ##[endgroup]
2025-02-21T11:36:25.9563602Z [command]/usr/bin/git sparse-checkout disable
2025-02-21T11:36:25.9606204Z [command]/usr/bin/git config --local --unset-all extensions.worktreeConfig
2025-02-21T11:36:25.9637550Z ##[group]Checking out the ref
2025-02-21T11:36:25.9638934Z [command]/usr/bin/git checkout --progress --force refs/remotes/pull/2977/merge
2025-02-21T11:36:26.1637430Z Note: switching to 'refs/remotes/pull/2977/merge'.
2025-02-21T11:36:26.1638524Z 
2025-02-21T11:36:26.1639395Z You are in 'detached HEAD' state. You can look around, make experimental
2025-02-21T11:36:26.1641737Z changes and commit them, and you can discard any commits you make in this
2025-02-21T11:36:26.1643884Z state without impacting any branches by switching back to a branch.
2025-02-21T11:36:26.1645535Z 
2025-02-21T11:36:26.1646395Z If you want to create a new branch to retain commits you create, you may
2025-02-21T11:36:26.1648332Z do so (now or later) by using -c with the switch command. Example:
2025-02-21T11:36:26.1649474Z 
2025-02-21T11:36:26.1649986Z   git switch -c <new-branch-name>
2025-02-21T11:36:26.1651010Z 
2025-02-21T11:36:26.1651524Z Or undo this operation with:
2025-02-21T11:36:26.1652322Z 
2025-02-21T11:36:26.1652777Z   git switch -
2025-02-21T11:36:26.1653419Z 
2025-02-21T11:36:26.1654512Z Turn off this advice by setting config variable advice.detachedHead to false
2025-02-21T11:36:26.1656001Z 
2025-02-21T11:36:26.1657786Z HEAD is now at c4649dc Merge b646c34a677533bb0a12033dc9daa00a02f7cc62 into cec8b531cc56e66219fe3ca2efdbf837c008b852
2025-02-21T11:36:26.1665438Z ##[endgroup]
2025-02-21T11:36:26.1703921Z [command]/usr/bin/git log -1 --format=%H
2025-02-21T11:36:26.1726248Z c4649dc08446903623f99e20dd8fb21255fac83a
2025-02-21T11:36:26.2107228Z Prepare all required actions
2025-02-21T11:36:26.2108718Z Getting action download info
2025-02-21T11:36:26.3817704Z ##[group]Download immutable action package 'actions/cache@v4'
2025-02-21T11:36:26.3819292Z Version: 4.2.1
2025-02-21T11:36:26.3821171Z Digest: sha256:b0404c9628d43aa6855629075b28f32cadf8efc5c26198438149f78500112940
2025-02-21T11:36:26.3823205Z Source commit SHA: 0c907a75c2c80ebcb7f088228285e798b750cf8f
2025-02-21T11:36:26.3824634Z ##[endgroup]
2025-02-21T11:36:26.6194165Z ##[group]Run ./.github/actions/setup_lfs
2025-02-21T11:36:26.6195260Z with:
2025-02-21T11:36:26.6196264Z   regression-data-repo: tardis-sn/tardis-regression-data
2025-02-21T11:36:26.6197548Z   atom-data-sparse: false
2025-02-21T11:36:26.6198462Z env:
2025-02-21T11:36:26.6199200Z   CACHE_NUMBER: 0
2025-02-21T11:36:26.6201696Z   PYTEST_FLAGS: --tardis-regression-data=/home/runner/work/tardis/tardis/tardis-regression-data --cov=tardis --cov-report=xml --cov-report=html --cov-append
2025-02-21T11:36:26.6204318Z   CODECOV_TOKEN: 
2025-02-21T11:36:26.6205136Z ##[endgroup]
2025-02-21T11:36:26.6410756Z ##[group]Run actions/checkout@v4
2025-02-21T11:36:26.6411760Z with:
2025-02-21T11:36:26.6412635Z   repository: tardis-sn/tardis-regression-data
2025-02-21T11:36:26.6413812Z   path: tardis-regression-data
2025-02-21T11:36:26.6414771Z   lfs: false
2025-02-21T11:36:26.6415804Z   token: ***
2025-02-21T11:36:26.6416606Z   ssh-strict: true
2025-02-21T11:36:26.6417431Z   ssh-user: git
2025-02-21T11:36:26.6418298Z   persist-credentials: true
2025-02-21T11:36:26.6419221Z   clean: true
2025-02-21T11:36:26.6420059Z   sparse-checkout-cone-mode: true
2025-02-21T11:36:26.6421197Z   fetch-depth: 1
2025-02-21T11:36:26.6422011Z   fetch-tags: false
2025-02-21T11:36:26.6422847Z   show-progress: true
2025-02-21T11:36:26.6423713Z   submodules: false
2025-02-21T11:36:26.6424569Z   set-safe-directory: true
2025-02-21T11:36:26.6425459Z env:
2025-02-21T11:36:26.6426179Z   CACHE_NUMBER: 0
2025-02-21T11:36:26.6428492Z   PYTEST_FLAGS: --tardis-regression-data=/home/runner/work/tardis/tardis/tardis-regression-data --cov=tardis --cov-report=xml --cov-report=html --cov-append
2025-02-21T11:36:26.6431133Z   CODECOV_TOKEN: 
2025-02-21T11:36:26.6431945Z ##[endgroup]
2025-02-21T11:36:26.7368205Z Syncing repository: tardis-sn/tardis-regression-data
2025-02-21T11:36:26.7375509Z ##[group]Getting Git version info
2025-02-21T11:36:26.7378307Z Working directory is '/home/runner/work/tardis/tardis/tardis-regression-data'
2025-02-21T11:36:26.7418865Z [command]/usr/bin/git version
2025-02-21T11:36:26.7461848Z git version 2.48.1
2025-02-21T11:36:26.7486786Z ##[endgroup]
2025-02-21T11:36:26.7498938Z Temporarily overriding HOME='/home/runner/work/_temp/6b2d9629-e128-481e-98c6-243d332791e6' before making global git config changes
2025-02-21T11:36:26.7502051Z Adding repository directory to the temporary git global config as a safe directory
2025-02-21T11:36:26.7506202Z [command]/usr/bin/git config --global --add safe.directory /home/runner/work/tardis/tardis/tardis-regression-data
2025-02-21T11:36:26.7535446Z ##[group]Initializing the repository
2025-02-21T11:36:26.7540509Z [command]/usr/bin/git init /home/runner/work/tardis/tardis/tardis-regression-data
2025-02-21T11:36:26.7575494Z hint: Using 'master' as the name for the initial branch. This default branch name
2025-02-21T11:36:26.7578156Z hint: is subject to change. To configure the initial branch name to use in all
2025-02-21T11:36:26.7579973Z hint: of your new repositories, which will suppress this warning, call:
2025-02-21T11:36:26.7581955Z hint:
2025-02-21T11:36:26.7583006Z hint: 	git config --global init.defaultBranch <name>
2025-02-21T11:36:26.7584215Z hint:
2025-02-21T11:36:26.7585338Z hint: Names commonly chosen instead of 'master' are 'main', 'trunk' and
2025-02-21T11:36:26.7587587Z hint: 'development'. The just-created branch can be renamed via this command:
2025-02-21T11:36:26.7589011Z hint:
2025-02-21T11:36:26.7589799Z hint: 	git branch -m <name>
2025-02-21T11:36:26.7592012Z Initialized empty Git repository in /home/runner/work/tardis/tardis/tardis-regression-data/.git/
2025-02-21T11:36:26.7595597Z [command]/usr/bin/git remote add origin https://github.com/tardis-sn/tardis-regression-data
2025-02-21T11:36:26.7619281Z ##[endgroup]
2025-02-21T11:36:26.7620928Z ##[group]Disabling automatic garbage collection
2025-02-21T11:36:26.7623046Z [command]/usr/bin/git config --local gc.auto 0
2025-02-21T11:36:26.7652379Z ##[endgroup]
2025-02-21T11:36:26.7653740Z ##[group]Setting up auth
2025-02-21T11:36:26.7657778Z [command]/usr/bin/git config --local --name-only --get-regexp core\.sshCommand
2025-02-21T11:36:26.7687436Z [command]/usr/bin/git submodule foreach --recursive sh -c "git config --local --name-only --get-regexp 'core\.sshCommand' && git config --local --unset-all 'core.sshCommand' || :"
2025-02-21T11:36:26.7910630Z [command]/usr/bin/git config --local --name-only --get-regexp http\.https\:\/\/github\.com\/\.extraheader
2025-02-21T11:36:26.7938887Z [command]/usr/bin/git submodule foreach --recursive sh -c "git config --local --name-only --get-regexp 'http\.https\:\/\/github\.com\/\.extraheader' && git config --local --unset-all 'http.https://github.com/.extraheader' || :"
2025-02-21T11:36:26.8173934Z [command]/usr/bin/git config --local http.https://github.com/.extraheader AUTHORIZATION: basic ***
2025-02-21T11:36:26.8211213Z ##[endgroup]
2025-02-21T11:36:26.8213667Z ##[group]Determining the default branch
2025-02-21T11:36:26.8215714Z Retrieving the default branch name
2025-02-21T11:36:27.0155859Z Default branch 'main'
2025-02-21T11:36:27.0156905Z ##[endgroup]
2025-02-21T11:36:27.0157716Z ##[group]Fetching the repository
2025-02-21T11:36:27.0164376Z [command]/usr/bin/git -c protocol.version=2 fetch --no-tags --prune --no-recurse-submodules --depth=1 origin +refs/heads/main:refs/remotes/origin/main
2025-02-21T11:36:27.3538016Z From https://github.com/tardis-sn/tardis-regression-data
2025-02-21T11:36:27.3540701Z  * [new branch]      main       -> origin/main
2025-02-21T11:36:27.3565548Z ##[endgroup]
2025-02-21T11:36:27.3566745Z ##[group]Determining the checkout info
2025-02-21T11:36:27.3567613Z ##[endgroup]
2025-02-21T11:36:27.3572782Z [command]/usr/bin/git sparse-checkout disable
2025-02-21T11:36:27.3610741Z [command]/usr/bin/git config --local --unset-all extensions.worktreeConfig
2025-02-21T11:36:27.3638856Z ##[group]Checking out the ref
2025-02-21T11:36:27.3644962Z [command]/usr/bin/git checkout --progress --force -B main refs/remotes/origin/main
2025-02-21T11:36:27.4705358Z Switched to a new branch 'main'
2025-02-21T11:36:27.4707435Z branch 'main' set up to track 'origin/main'.
2025-02-21T11:36:27.4964353Z ##[endgroup]
2025-02-21T11:36:27.5003508Z [command]/usr/bin/git log -1 --format=%H
2025-02-21T11:36:27.5026431Z 84e768462f20f09fbccc05625cdcc1d8ffbe404c
2025-02-21T11:36:27.5166777Z ##[group]Run if [ "false" == "true" ]; then
2025-02-21T11:36:27.5167216Z [36;1mif [ "false" == "true" ]; then[0m
2025-02-21T11:36:27.5167583Z [36;1m  echo "Using atom data sparse checkout"[0m
2025-02-21T11:36:27.5168296Z [36;1m  echo "atom_data/kurucz_cd23_chianti_H_He.h5" > .lfs-files-list[0m
2025-02-21T11:36:27.5168674Z [36;1melse[0m
2025-02-21T11:36:27.5168945Z [36;1m  echo "Using full repository checkout"[0m
2025-02-21T11:36:27.5169361Z [36;1m  git lfs ls-files -l | cut -d' ' -f1 | sort > .lfs-files-list[0m
2025-02-21T11:36:27.5169747Z [36;1mfi[0m
2025-02-21T11:36:27.5363434Z shell: /usr/bin/bash --noprofile --norc -e -o pipefail {0}
2025-02-21T11:36:27.5363936Z env:
2025-02-21T11:36:27.5364222Z   CACHE_NUMBER: 0
2025-02-21T11:36:27.5365100Z   PYTEST_FLAGS: --tardis-regression-data=/home/runner/work/tardis/tardis/tardis-regression-data --cov=tardis --cov-report=xml --cov-report=html --cov-append
2025-02-21T11:36:27.5366029Z   CODECOV_TOKEN: 
2025-02-21T11:36:27.5366324Z ##[endgroup]
2025-02-21T11:36:27.5456824Z Using full repository checkout
2025-02-21T11:36:27.6891859Z ##[group]Run actions/cache/restore@v4
2025-02-21T11:36:27.6892268Z with:
2025-02-21T11:36:27.6892574Z   path: tardis-regression-data/.git/lfs
2025-02-21T11:36:27.6893686Z   key: tardis-regression-full-data-c8ff2bbb6048b3f24d3f52a1e85b013ad47e52c369a6ce4cfdeff528b659b86f-tardis-sn/tardis-regression-data-v1
2025-02-21T11:36:27.6894616Z   fail-on-cache-miss: true
2025-02-21T11:36:27.6894976Z   enableCrossOsArchive: false
2025-02-21T11:36:27.6895332Z   lookup-only: false
2025-02-21T11:36:27.6895637Z env:
2025-02-21T11:36:27.6895900Z   CACHE_NUMBER: 0
2025-02-21T11:36:27.6896770Z   PYTEST_FLAGS: --tardis-regression-data=/home/runner/work/tardis/tardis/tardis-regression-data --cov=tardis --cov-report=xml --cov-report=html --cov-append
2025-02-21T11:36:27.6897694Z   CODECOV_TOKEN: 
2025-02-21T11:36:27.6897984Z ##[endgroup]
2025-02-21T11:36:27.8981123Z Cache hit for: tardis-regression-full-data-c8ff2bbb6048b3f24d3f52a1e85b013ad47e52c369a6ce4cfdeff528b659b86f-tardis-sn/tardis-regression-data-v1
2025-02-21T11:36:28.9529804Z Received 218103808 of 2161656325 (10.1%), 205.5 MBs/sec
2025-02-21T11:36:29.9606458Z Received 452984832 of 2161656325 (21.0%), 213.9 MBs/sec
2025-02-21T11:36:30.9648678Z Received 692060160 of 2161656325 (32.0%), 218.3 MBs/sec
2025-02-21T11:36:31.9671342Z Received 952107008 of 2161656325 (44.0%), 225.5 MBs/sec
2025-02-21T11:36:32.9711026Z Received 1207959552 of 2161656325 (55.9%), 229.0 MBs/sec
2025-02-21T11:36:33.9852558Z Received 1476395008 of 2161656325 (68.3%), 233.0 MBs/sec
2025-02-21T11:36:34.9878696Z Received 1728053248 of 2161656325 (79.9%), 233.9 MBs/sec
2025-02-21T11:36:35.9879169Z Received 2004877312 of 2161656325 (92.7%), 237.6 MBs/sec
2025-02-21T11:36:36.6760517Z Received 2161656325 of 2161656325 (100.0%), 236.0 MBs/sec
2025-02-21T11:36:36.6763445Z Cache Size: ~2062 MB (2161656325 B)
2025-02-21T11:36:36.6800925Z [command]/usr/bin/tar -xf /home/runner/work/_temp/e7150988-72eb-43f5-af20-2e562237329e/cache.tzst -P -C /home/runner/work/tardis/tardis --use-compress-program unzstd
2025-02-21T11:36:48.0406583Z Cache restored successfully
2025-02-21T11:36:48.4189449Z Cache restored from key: tardis-regression-full-data-c8ff2bbb6048b3f24d3f52a1e85b013ad47e52c369a6ce4cfdeff528b659b86f-tardis-sn/tardis-regression-data-v1
2025-02-21T11:36:48.4345193Z ##[group]Run git lfs checkout
2025-02-21T11:36:48.4345449Z [36;1mgit lfs checkout[0m
2025-02-21T11:36:48.4403298Z shell: /usr/bin/bash --noprofile --norc -e -o pipefail {0}
2025-02-21T11:36:48.4403629Z env:
2025-02-21T11:36:48.4403808Z   CACHE_NUMBER: 0
2025-02-21T11:36:48.4404452Z   PYTEST_FLAGS: --tardis-regression-data=/home/runner/work/tardis/tardis/tardis-regression-data --cov=tardis --cov-report=xml --cov-report=html --cov-append
2025-02-21T11:36:48.4405152Z   CODECOV_TOKEN: 
2025-02-21T11:36:48.4405348Z ##[endgroup]
2025-02-21T11:37:08.6879285Z Checking out LFS objects: 100% (204/204), 5.7 GB | 272 MB/s, done.
2025-02-21T11:37:12.2214458Z Prepare all required actions
2025-02-21T11:37:12.2214796Z Getting action download info
2025-02-21T11:37:12.3302671Z Download action repository 'mamba-org/setup-micromamba@v1' (SHA:4b9113af4fba0e9e1124b252dd6497a419e7396d)
2025-02-21T11:37:12.5727378Z ##[group]Run ./.github/actions/setup_env
2025-02-21T11:37:12.5727811Z with:
2025-02-21T11:37:12.5727992Z   os-label: linux-64
2025-02-21T11:37:12.5728184Z env:
2025-02-21T11:37:12.5728340Z   CACHE_NUMBER: 0
2025-02-21T11:37:12.5728943Z   PYTEST_FLAGS: --tardis-regression-data=/home/runner/work/tardis/tardis/tardis-regression-data --cov=tardis --cov-report=xml --cov-report=html --cov-append
2025-02-21T11:37:12.5729559Z   CODECOV_TOKEN: 
2025-02-21T11:37:12.5729740Z ##[endgroup]
2025-02-21T11:37:12.5750989Z ##[group]Run file_hash=$(cat conda-linux-64.lock | shasum -a 256 | cut -d' ' -f1)
2025-02-21T11:37:12.5751480Z [36;1mfile_hash=$(cat conda-linux-64.lock | shasum -a 256 | cut -d' ' -f1)[0m
2025-02-21T11:37:12.5752042Z [36;1mecho "file_hash=tardis-conda-env-linux-64-${file_hash}-v1" >> "${GITHUB_OUTPUT}"[0m
2025-02-21T11:37:12.5809508Z shell: /usr/bin/bash --noprofile --norc -e -o pipefail {0}
2025-02-21T11:37:12.5809815Z env:
2025-02-21T11:37:12.5809982Z   CACHE_NUMBER: 0
2025-02-21T11:37:12.5810694Z   PYTEST_FLAGS: --tardis-regression-data=/home/runner/work/tardis/tardis/tardis-regression-data --cov=tardis --cov-report=xml --cov-report=html --cov-append
2025-02-21T11:37:12.5811335Z   CODECOV_TOKEN: 
2025-02-21T11:37:12.5811517Z ##[endgroup]
2025-02-21T11:37:12.6196028Z ##[group]Run mamba-org/setup-micromamba@v1
2025-02-21T11:37:12.6196290Z with:
2025-02-21T11:37:12.6196486Z   environment-file: conda-linux-64.lock
2025-02-21T11:37:12.6197038Z   cache-environment-key: tardis-conda-env-linux-64-d7cd390425b0fd3cf82649dcc003efba9915fb4928f15d342148c3ccffcbe2ee-v1
2025-02-21T11:37:12.6197833Z   cache-downloads-key: tardis-conda-env-linux-64-d7cd390425b0fd3cf82649dcc003efba9915fb4928f15d342148c3ccffcbe2ee-v1
2025-02-21T11:37:12.6198368Z   environment-name: tardis
2025-02-21T11:37:12.6198582Z   cache-environment: true
2025-02-21T11:37:12.6198793Z   cache-downloads: true
2025-02-21T11:37:12.6198986Z env:
2025-02-21T11:37:12.6199144Z   CACHE_NUMBER: 0
2025-02-21T11:37:12.6199737Z   PYTEST_FLAGS: --tardis-regression-data=/home/runner/work/tardis/tardis/tardis-regression-data --cov=tardis --cov-report=xml --cov-report=html --cov-append
2025-02-21T11:37:12.6200734Z   CODECOV_TOKEN: 
2025-02-21T11:37:12.6200917Z ##[endgroup]
2025-02-21T11:37:12.7550411Z Will download micromamba to /home/runner/micromamba-bin/micromamba
2025-02-21T11:37:12.7559889Z ##[group]Install micromamba
2025-02-21T11:37:12.9848186Z micromamba installed to /home/runner/micromamba-bin/micromamba
2025-02-21T11:37:12.9850601Z ##[endgroup]
2025-02-21T11:37:12.9851261Z Adding conda-forge to condarc channels ...
2025-02-21T11:37:12.9859914Z ##[group]Initialize micromamba for bash.
2025-02-21T11:37:12.9876881Z [command]/home/runner/micromamba-bin/micromamba shell init -s bash -r /home/runner/micromamba --log-level warning --rc-file /home/runner/work/_temp/setup-micromamba/.condarc
2025-02-21T11:37:12.9991255Z Modifying RC file "/home/runner/.bashrc"
2025-02-21T11:37:12.9992456Z Generating config for root prefix [1m"/home/runner/micromamba"[0m
2025-02-21T11:37:12.9993670Z Setting mamba executable to: [1m"/home/runner/micromamba-bin/micromamba"[0m
2025-02-21T11:37:12.9995857Z Adding (or replacing) the following in your "/home/runner/.bashrc" file
2025-02-21T11:37:12.9996354Z 
2025-02-21T11:37:12.9996508Z # >>> mamba initialize >>>
2025-02-21T11:37:12.9997020Z # !! Contents within this block are managed by 'mamba init' !!
2025-02-21T11:37:12.9997680Z export MAMBA_EXE='/home/runner/micromamba-bin/micromamba';
2025-02-21T11:37:12.9998310Z export MAMBA_ROOT_PREFIX='/home/runner/micromamba';
2025-02-21T11:37:12.9999160Z __mamba_setup="$("$MAMBA_EXE" shell hook --shell bash --root-prefix "$MAMBA_ROOT_PREFIX" 2> /dev/null)"
2025-02-21T11:37:12.9999895Z if [ $? -eq 0 ]; then
2025-02-21T11:37:13.0000825Z     eval "$__mamba_setup"
2025-02-21T11:37:13.0001191Z else
2025-02-21T11:37:13.0001640Z     alias micromamba="$MAMBA_EXE"  # Fallback on help from mamba activate
2025-02-21T11:37:13.0002196Z fi
2025-02-21T11:37:13.0002470Z unset __mamba_setup
2025-02-21T11:37:13.0002991Z # <<< mamba initialize <<<
2025-02-21T11:37:13.0003218Z 
2025-02-21T11:37:13.0009817Z Moving mamba initialize block to .bash_profile
2025-02-21T11:37:13.0020787Z ##[endgroup]
2025-02-21T11:37:13.0021937Z ##[group]Restoring downloads from `/home/runner/micromamba/pkgs` ...
2025-02-21T11:37:14.0636447Z Received 289406976 of 356815776 (81.1%), 275.2 MBs/sec
2025-02-21T11:37:14.2679698Z Cache Size: ~340 MB (356815776 B)
2025-02-21T11:37:14.2718546Z [command]/usr/bin/tar -xf /home/runner/work/_temp/6cc256b6-c37f-4051-bd7d-4b47882ad0e3/cache.tzst -P -C /home/runner/work/tardis/tardis --use-compress-program unzstd
2025-02-21T11:37:14.7506124Z Cache restored successfully
2025-02-21T11:37:14.8252986Z Restored cache with key `tardis-conda-env-linux-64-d7cd390425b0fd3cf82649dcc003efba9915fb4928f15d342148c3ccffcbe2ee-v1-linux-64`
2025-02-21T11:37:14.8254635Z ##[endgroup]
2025-02-21T11:37:14.8265274Z ##[group]Restoring environment `tardis` from `/home/runner/micromamba/envs/tardis` ...
2025-02-21T11:37:15.0778913Z Received 356815776 of 356815776 (100.0%), 168.7 MBs/sec
2025-02-21T11:37:15.8881845Z Received 348127232 of 444032293 (78.4%), 330.0 MBs/sec
2025-02-21T11:37:16.1423605Z Cache Size: ~423 MB (444032293 B)
2025-02-21T11:37:16.1462151Z [command]/usr/bin/tar -xf /home/runner/work/_temp/a90f7a6e-1fbb-498d-9fcb-ec57ef974684/cache.tzst -P -C /home/runner/work/tardis/tardis --use-compress-program unzstd
2025-02-21T11:37:16.8899434Z Received 444032293 of 444032293 (100.0%), 210.9 MBs/sec
2025-02-21T11:37:21.5441044Z Cache restored successfully
2025-02-21T11:37:21.6210059Z Restored cache with key `tardis-conda-env-linux-64-d7cd390425b0fd3cf82649dcc003efba9915fb4928f15d342148c3ccffcbe2ee-v1-linux-64-tardis-args-4f53cda-root-dcc80ee-bin-[object Promise]-file-d7cd390425b0fd3cf82649dcc003efba9915fb4928f15d342148c3ccffcbe2ee`
2025-02-21T11:37:21.6213108Z ##[endgroup]
2025-02-21T11:37:21.6213605Z Adding environment tardis to auto-activate bash ...
2025-02-21T11:37:21.6222630Z Generating micromamba run shell.
2025-02-21T11:37:21.6232467Z ##[endgroup]
2025-02-21T11:37:21.6237965Z Set environment variables.
2025-02-21T11:37:21.6241960Z ##[group]micromamba info
2025-02-21T11:37:21.6245249Z [command]/home/runner/micromamba-bin/micromamba info -r /home/runner/micromamba -n tardis
2025-02-21T11:37:21.6475714Z 
2025-02-21T11:37:21.6476167Z        libmamba version : 1.5.10
2025-02-21T11:37:21.6476680Z      micromamba version : 1.5.10
2025-02-21T11:37:21.6477500Z            curl version : libcurl/8.10.1 OpenSSL/3.3.2 zlib/1.3.1 zstd/1.5.6 libssh2/1.11.0 nghttp2/1.58.0
2025-02-21T11:37:21.6478561Z      libarchive version : libarchive 3.7.4 zlib/1.2.13 bz2lib/1.0.8 libzstd/1.5.6
2025-02-21T11:37:21.6479342Z        envs directories : /home/runner/micromamba/envs
2025-02-21T11:37:21.6479958Z           package cache : /home/runner/micromamba/pkgs
2025-02-21T11:37:21.6480735Z                           /home/runner/.mamba/pkgs
2025-02-21T11:37:21.6481223Z             environment : tardis
2025-02-21T11:37:21.6481802Z            env location : /home/runner/micromamba/envs/tardis
2025-02-21T11:37:21.6482510Z       user config files : /home/runner/.mambarc
2025-02-21T11:37:21.6483356Z  populated config files : /home/runner/work/_temp/setup-micromamba/.condarc
2025-02-21T11:37:21.6484098Z        virtual packages : __unix=0=0
2025-02-21T11:37:21.6484679Z                           __linux=6.8.0=0
2025-02-21T11:37:21.6485259Z                           __glibc=2.39=0
2025-02-21T11:37:21.6485849Z                           __archspec=1=x86_64_v3
2025-02-21T11:37:21.6486629Z                channels : https://conda.anaconda.org/conda-forge/linux-64
2025-02-21T11:37:21.6487517Z                           https://conda.anaconda.org/conda-forge/noarch
2025-02-21T11:37:21.6488421Z        base environment : /home/runner/micromamba
2025-02-21T11:37:21.6488906Z                platform : linux-64
2025-02-21T11:37:21.6495455Z ##[endgroup]
2025-02-21T11:37:21.6496033Z ##[group]micromamba list
2025-02-21T11:37:21.6497317Z [command]/home/runner/micromamba-bin/micromamba list -r /home/runner/micromamba -n tardis
2025-02-21T11:37:22.0374490Z List of packages in environment: "/home/runner/micromamba/envs/tardis"
2025-02-21T11:37:22.0375122Z 
2025-02-21T11:37:22.0375384Z   Name                           Version              Build                    Channel    
2025-02-21T11:37:22.0376411Z â”€â”€â”€â”€â”€â”€â”€â”€â”€â”€â”€â”€â”€â”€â”€â”€â”€â”€â”€â”€â”€â”€â”€â”€â”€â”€â”€â”€â”€â”€â”€â”€â”€â”€â”€â”€â”€â”€â”€â”€â”€â”€â”€â”€â”€â”€â”€â”€â”€â”€â”€â”€â”€â”€â”€â”€â”€â”€â”€â”€â”€â”€â”€â”€â”€â”€â”€â”€â”€â”€â”€â”€â”€â”€â”€â”€â”€â”€â”€â”€â”€â”€â”€â”€â”€â”€â”€â”€â”€â”€â”€â”€
2025-02-21T11:37:22.0377055Z   _libgcc_mutex                  0.1                  conda_forge              conda-forge
2025-02-21T11:37:22.0377649Z   _openmp_mutex                  4.5                  2_gnu                    conda-forge
2025-02-21T11:37:22.0378297Z   alabaster                      0.7.16               pyhd8ed1ab_0             conda-forge
2025-02-21T11:37:22.0378853Z   anyio                          4.4.0                pyhd8ed1ab_0             conda-forge
2025-02-21T11:37:22.0379430Z   argon2-cffi                    23.1.0               pyhd8ed1ab_0             conda-forge
2025-02-21T11:37:22.0380403Z   argon2-cffi-bindings           21.2.0               py312h98912ed_4          conda-forge
2025-02-21T11:37:22.0381013Z   arrow                          1.3.0                pyhd8ed1ab_0             conda-forge
2025-02-21T11:37:22.0381555Z   astropy                        6.1.1                py312h085067d_0          conda-forge
2025-02-21T11:37:22.0382254Z   astropy-iers-data              0.2024.6.17.0.31.35  pyhd8ed1ab_0             conda-forge
2025-02-21T11:37:22.0383011Z   astropy-sphinx-theme           1.1                  pyhd8ed1ab_0             conda-forge
2025-02-21T11:37:22.0383676Z   asttokens                      2.4.1                pyhd8ed1ab_0             conda-forge
2025-02-21T11:37:22.0384275Z   async-lru                      2.0.4                pyhd8ed1ab_0             conda-forge
2025-02-21T11:37:22.0384866Z   atk-1.0                        2.38.0               h04ea711_2               conda-forge
2025-02-21T11:37:22.0385349Z   attrs                          23.2.0               pyh71513ae_0             conda-forge
2025-02-21T11:37:22.0385870Z   babel                          2.14.0               pyhd8ed1ab_0             conda-forge
2025-02-21T11:37:22.0386425Z   beautifulsoup4                 4.12.3               pyha770c72_0             conda-forge
2025-02-21T11:37:22.0386896Z   bleach                         6.1.0                pyhd8ed1ab_0             conda-forge
2025-02-21T11:37:22.0387260Z   blosc                          1.21.5               hc2324a3_1               conda-forge
2025-02-21T11:37:22.0387590Z   brotli                         1.1.0                hd590300_1               conda-forge
2025-02-21T11:37:22.0387944Z   brotli-bin                     1.1.0                hd590300_1               conda-forge
2025-02-21T11:37:22.0388354Z   brotli-python                  1.1.0                py312h30efb56_1          conda-forge
2025-02-21T11:37:22.0388715Z   bzip2                          1.0.8                hd590300_5               conda-forge
2025-02-21T11:37:22.0389043Z   c-ares                         1.28.1               hd590300_0               conda-forge
2025-02-21T11:37:22.0389384Z   c-blosc2                       2.14.4               hb4ffafa_1               conda-forge
2025-02-21T11:37:22.0389760Z   ca-certificates                2024.6.2             hbcca054_0               conda-forge
2025-02-21T11:37:22.0390402Z   cached-property                1.5.2                hd8ed1ab_1               conda-forge
2025-02-21T11:37:22.0390817Z   cached_property                1.5.2                pyha770c72_1             conda-forge
2025-02-21T11:37:22.0391176Z   cairo                          1.18.0               h3faef2a_0               conda-forge
2025-02-21T11:37:22.0391869Z   certifi                        2024.6.2             pyhd8ed1ab_0             conda-forge
2025-02-21T11:37:22.0392239Z   cffi                           1.16.0               py312hf06ca03_0          conda-forge
2025-02-21T11:37:22.0392618Z   charset-normalizer             3.3.2                pyhd8ed1ab_0             conda-forge
2025-02-21T11:37:22.0393161Z   click                          8.1.7                unix_pyh707e725_0        conda-forge
2025-02-21T11:37:22.0393520Z   codespell                      2.3.0                pyhd8ed1ab_0             conda-forge
2025-02-21T11:37:22.0393877Z   colorama                       0.4.6                pyhd8ed1ab_0             conda-forge
2025-02-21T11:37:22.0394220Z   comm                           0.2.2                pyhd8ed1ab_0             conda-forge
2025-02-21T11:37:22.0394562Z   commonmark                     0.9.1                py_0                     conda-forge
2025-02-21T11:37:22.0394927Z   contourpy                      1.2.1                py312h8572e83_0          conda-forge
2025-02-21T11:37:22.0395289Z   coverage                       7.5.3                py312h9a8786e_0          conda-forge
2025-02-21T11:37:22.0395639Z   cycler                         0.12.1               pyhd8ed1ab_0             conda-forge
2025-02-21T11:37:22.0395997Z   dataclasses                    0.8                  pyhc8e2a94_3             conda-forge
2025-02-21T11:37:22.0396361Z   debugpy                        1.8.1                py312h30efb56_0          conda-forge
2025-02-21T11:37:22.0396714Z   decorator                      5.1.1                pyhd8ed1ab_0             conda-forge
2025-02-21T11:37:22.0397081Z   defusedxml                     0.7.1                pyhd8ed1ab_0             conda-forge
2025-02-21T11:37:22.0397453Z   docutils                       0.20.1               py312h7900ff3_3          conda-forge
2025-02-21T11:37:22.0397807Z   dot2tex                        2.11.3               pyhd8ed1ab_0             conda-forge
2025-02-21T11:37:22.0398168Z   entrypoints                    0.4                  pyhd8ed1ab_0             conda-forge
2025-02-21T11:37:22.0398550Z   exceptiongroup                 1.2.0                pyhd8ed1ab_2             conda-forge
2025-02-21T11:37:22.0398926Z   executing                      2.0.1                pyhd8ed1ab_0             conda-forge
2025-02-21T11:37:22.0399270Z   expat                          2.6.2                h59595ed_0               conda-forge
2025-02-21T11:37:22.0399661Z   font-ttf-dejavu-sans-mono      2.37                 hab24e00_0               conda-forge
2025-02-21T11:37:22.0400272Z   font-ttf-inconsolata           3.000                h77eed37_0               conda-forge
2025-02-21T11:37:22.0400722Z   font-ttf-source-code-pro       2.038                h77eed37_0               conda-forge
2025-02-21T11:37:22.0401133Z   font-ttf-ubuntu                0.83                 h77eed37_2               conda-forge
2025-02-21T11:37:22.0401502Z   fontconfig                     2.14.2               h14ed4e7_0               conda-forge
2025-02-21T11:37:22.0401911Z   fonts-conda-ecosystem          1                    0                        conda-forge
2025-02-21T11:37:22.0402306Z   fonts-conda-forge              1                    0                        conda-forge
2025-02-21T11:37:22.0402675Z   fonttools                      4.53.0               py312h9a8786e_0          conda-forge
2025-02-21T11:37:22.0403020Z   fqdn                           1.5.1                pyhd8ed1ab_0             conda-forge
2025-02-21T11:37:22.0403353Z   freetype                       2.12.1               h267a509_2               conda-forge
2025-02-21T11:37:22.0403704Z   fribidi                        1.0.10               h36c2ea0_0               conda-forge
2025-02-21T11:37:22.0404043Z   future                         1.0.0                pyhd8ed1ab_0             conda-forge
2025-02-21T11:37:22.0404392Z   gdk-pixbuf                     2.42.12              hb9ae30d_0               conda-forge
2025-02-21T11:37:22.0404875Z   giflib                         5.2.2                hd590300_0               conda-forge
2025-02-21T11:37:22.0405210Z   git-lfs                        3.5.1                ha770c72_0               conda-forge
2025-02-21T11:37:22.0405527Z   gmp                            6.3.0                h59595ed_1               conda-forge
2025-02-21T11:37:22.0405968Z   gmpy2                          2.1.5                py312h1d5cde6_1          conda-forge
2025-02-21T11:37:22.0406312Z   graphite2                      1.3.13               h59595ed_1003            conda-forge
2025-02-21T11:37:22.0406662Z   graphviz                       11.0.0               hc68bbd7_0               conda-forge
2025-02-21T11:37:22.0407001Z   gtk2                           2.24.33              h280cfa0_4               conda-forge
2025-02-21T11:37:22.0407315Z   gts                            0.7.6                h977cf35_4               conda-forge
2025-02-21T11:37:22.0407627Z   h11                            0.14.0               pyhd8ed1ab_0             conda-forge
2025-02-21T11:37:22.0407940Z   h2                             4.1.0                pyhd8ed1ab_0             conda-forge
2025-02-21T11:37:22.0408261Z   h5py                           3.11.0               nompi_py312hb7ab980_102  conda-forge
2025-02-21T11:37:22.0408597Z   harfbuzz                       8.5.0                hfac3d4d_0               conda-forge
2025-02-21T11:37:22.0408946Z   hdf5                           1.14.3               nompi_hdf9ad27_105       conda-forge
2025-02-21T11:37:22.0409274Z   hpack                          4.0.0                pyh9f0ad1d_0             conda-forge
2025-02-21T11:37:22.0409629Z   httpcore                       1.0.5                pyhd8ed1ab_0             conda-forge
2025-02-21T11:37:22.0409972Z   httpx                          0.27.0               pyhd8ed1ab_0             conda-forge
2025-02-21T11:37:22.0410586Z   hyperframe                     6.0.1                pyhd8ed1ab_0             conda-forge
2025-02-21T11:37:22.0410937Z   icu                            73.2                 h59595ed_0               conda-forge
2025-02-21T11:37:22.0411258Z   idna                           3.7                  pyhd8ed1ab_0             conda-forge
2025-02-21T11:37:22.0411594Z   imagesize                      1.4.1                pyhd8ed1ab_0             conda-forge
2025-02-21T11:37:22.0411992Z   importlib-metadata             7.1.0                pyha770c72_0             conda-forge
2025-02-21T11:37:22.0412398Z   importlib_metadata             7.1.0                hd8ed1ab_0               conda-forge
2025-02-21T11:37:22.0413089Z   importlib_resources            6.4.0                pyhd8ed1ab_0             conda-forge
2025-02-21T11:37:22.0413746Z   iniconfig                      2.0.0                pyhd8ed1ab_0             conda-forge
2025-02-21T11:37:22.0414104Z   ipykernel                      6.29.4               pyh3099207_0             conda-forge
2025-02-21T11:37:22.0414452Z   ipython                        8.25.0               pyh707e725_0             conda-forge
2025-02-21T11:37:22.0414837Z   ipython_genutils               0.2.0                pyhd8ed1ab_1             conda-forge
2025-02-21T11:37:22.0415479Z   ipywidgets                     7.8.0                pyhd8ed1ab_0             conda-forge
2025-02-21T11:37:22.0415982Z   isoduration                    20.11.0              pyhd8ed1ab_0             conda-forge
2025-02-21T11:37:22.0416588Z   jedi                           0.19.1               pyhd8ed1ab_0             conda-forge
2025-02-21T11:37:22.0417175Z   jinja2                         3.1.4                pyhd8ed1ab_0             conda-forge
2025-02-21T11:37:22.0417771Z   json5                          0.9.25               pyhd8ed1ab_0             conda-forge
2025-02-21T11:37:22.0418375Z   jsonpointer                    3.0.0                py312h7900ff3_0          conda-forge
2025-02-21T11:37:22.0419015Z   jsonschema                     4.22.0               pyhd8ed1ab_0             conda-forge
2025-02-21T11:37:22.0419995Z   jsonschema-specifications      2023.12.1            pyhd8ed1ab_0             conda-forge
2025-02-21T11:37:22.0421084Z   jsonschema-with-format-nongpl  4.22.0               pyhd8ed1ab_0             conda-forge
2025-02-21T11:37:22.0421663Z   jupyter-lsp                    2.2.5                pyhd8ed1ab_0             conda-forge
2025-02-21T11:37:22.0422284Z   jupyter_client                 8.6.2                pyhd8ed1ab_0             conda-forge
2025-02-21T11:37:22.0422663Z   jupyter_core                   5.7.2                py312h7900ff3_0          conda-forge
2025-02-21T11:37:22.0423049Z   jupyter_events                 0.10.0               pyhd8ed1ab_0             conda-forge
2025-02-21T11:37:22.0423432Z   jupyter_server                 2.14.1               pyhd8ed1ab_0             conda-forge
2025-02-21T11:37:22.0423838Z   jupyter_server_terminals       0.5.3                pyhd8ed1ab_0             conda-forge
2025-02-21T11:37:22.0424245Z   jupyterlab                     4.2.2                pyhd8ed1ab_0             conda-forge
2025-02-21T11:37:22.0424643Z   jupyterlab_pygments            0.3.0                pyhd8ed1ab_1             conda-forge
2025-02-21T11:37:22.0425050Z   jupyterlab_server              2.27.2               pyhd8ed1ab_0             conda-forge
2025-02-21T11:37:22.0425453Z   jupyterlab_widgets             1.1.7                pyhd8ed1ab_0             conda-forge
2025-02-21T11:37:22.0425834Z   keyutils                       1.6.1                h166bdaf_0               conda-forge
2025-02-21T11:37:22.0426188Z   kiwisolver                     1.4.5                py312h8572e83_1          conda-forge
2025-02-21T11:37:22.0426527Z   krb5                           1.21.2               h659d440_0               conda-forge
2025-02-21T11:37:22.0426867Z   latexcodec                     2.0.1                pyh9f0ad1d_0             conda-forge
2025-02-21T11:37:22.0427205Z   lcms2                          2.16                 hb7c19ff_0               conda-forge
2025-02-21T11:37:22.0427556Z   ld_impl_linux-64               2.40                 hf3520f5_7               conda-forge
2025-02-21T11:37:22.0427897Z   lerc                           4.0.0                h27087fc_0               conda-forge
2025-02-21T11:37:22.0428226Z   libaec                         1.1.3                h59595ed_0               conda-forge
2025-02-21T11:37:22.0428576Z   libblas                        3.9.0                22_linux64_openblas      conda-forge
2025-02-21T11:37:22.0428947Z   libbrotlicommon                1.1.0                hd590300_1               conda-forge
2025-02-21T11:37:22.0429331Z   libbrotlidec                   1.1.0                hd590300_1               conda-forge
2025-02-21T11:37:22.0429697Z   libbrotlienc                   1.1.0                hd590300_1               conda-forge
2025-02-21T11:37:22.0430062Z   libcblas                       3.9.0                22_linux64_openblas      conda-forge
2025-02-21T11:37:22.0430628Z   libcurl                        8.8.0                hca28451_0               conda-forge
2025-02-21T11:37:22.0430980Z   libdeflate                     1.20                 hd590300_0               conda-forge
2025-02-21T11:37:22.0431338Z   libedit                        3.1.20191231         he28a2e2_2               conda-forge
2025-02-21T11:37:22.0431680Z   libev                          4.33                 hd590300_2               conda-forge
2025-02-21T11:37:22.0432019Z   libexpat                       2.6.2                h59595ed_0               conda-forge
2025-02-21T11:37:22.0432454Z   libffi                         3.4.2                h7f98852_5               conda-forge
2025-02-21T11:37:22.0432827Z   libgcc-ng                      13.2.0               h77fa898_10              conda-forge
2025-02-21T11:37:22.0433164Z   libgd                          2.3.3                h119a65a_9               conda-forge
2025-02-21T11:37:22.0433516Z   libgfortran-ng                 13.2.0               h69a702a_10              conda-forge
2025-02-21T11:37:22.0434054Z   libgfortran5                   13.2.0               h3d2ce59_10              conda-forge
2025-02-21T11:37:22.0434419Z   libglib                        2.80.2               h8a4344b_1               conda-forge
2025-02-21T11:37:22.0434768Z   libgomp                        13.2.0               h77fa898_10              conda-forge
2025-02-21T11:37:22.0435217Z   libiconv                       1.17                 hd590300_2               conda-forge
2025-02-21T11:37:22.0435576Z   libjpeg-turbo                  3.0.0                hd590300_1               conda-forge
2025-02-21T11:37:22.0435943Z   liblapack                      3.9.0                22_linux64_openblas      conda-forge
2025-02-21T11:37:22.0436300Z   libllvm14                      14.0.6               hcd5def8_4               conda-forge
2025-02-21T11:37:22.0436657Z   libnghttp2                     1.58.0               h47da74e_1               conda-forge
2025-02-21T11:37:22.0437006Z   libnsl                         2.0.1                hd590300_0               conda-forge
2025-02-21T11:37:22.0437374Z   libopenblas                    0.3.27               pthreads_h413a1c8_0      conda-forge
2025-02-21T11:37:22.0437730Z   libpng                         1.6.43               h2797004_0               conda-forge
2025-02-21T11:37:22.0438438Z   librsvg                        2.58.1               hadf69e7_0               conda-forge
2025-02-21T11:37:22.0439086Z   libsodium                      1.0.18               h36c2ea0_1               conda-forge
2025-02-21T11:37:22.0439742Z   libsqlite                      3.46.0               hde9e2c9_0               conda-forge
2025-02-21T11:37:22.0440662Z   libssh2                        1.11.0               h0841786_0               conda-forge
2025-02-21T11:37:22.0441048Z   libstdcxx-ng                   13.2.0               hc0a3c3a_10              conda-forge
2025-02-21T11:37:22.0441412Z   libtiff                        4.6.0                h1dd3fc0_3               conda-forge
2025-02-21T11:37:22.0441765Z   libuuid                        2.38.1               h0b41bf4_0               conda-forge
2025-02-21T11:37:22.0442104Z   libwebp                        1.4.0                h2c329e2_0               conda-forge
2025-02-21T11:37:22.0442455Z   libwebp-base                   1.4.0                hd590300_0               conda-forge
2025-02-21T11:37:22.0442800Z   libxcb                         1.15                 h0b41bf4_0               conda-forge
2025-02-21T11:37:22.0443151Z   libxcrypt                      4.4.36               hd590300_1               conda-forge
2025-02-21T11:37:22.0443497Z   libxml2                        2.12.7               hc051c1a_1               conda-forge
2025-02-21T11:37:22.0443842Z   libxslt                        1.1.39               h76b75d6_0               conda-forge
2025-02-21T11:37:22.0444185Z   libzlib                        1.3.1                h4ab18f5_1               conda-forge
2025-02-21T11:37:22.0444532Z   llvmlite                       0.42.0               py312hb06c811_1          conda-forge
2025-02-21T11:37:22.0444874Z   lxml                           5.2.2                py312hb90d8a5_0          conda-forge
2025-02-21T11:37:22.0445199Z   lz4-c                          1.9.4                hcb278e6_0               conda-forge
2025-02-21T11:37:22.0445514Z   lzo                            2.10                 hd590300_1001            conda-forge
2025-02-21T11:37:22.0445857Z   markupsafe                     2.1.5                py312h98912ed_0          conda-forge
2025-02-21T11:37:22.0446242Z   matplotlib-base                3.8.4                py312h20ab3a6_2          conda-forge
2025-02-21T11:37:22.0446644Z   matplotlib-inline              0.1.7                pyhd8ed1ab_0             conda-forge
2025-02-21T11:37:22.0447027Z   mistune                        3.0.2                pyhd8ed1ab_0             conda-forge
2025-02-21T11:37:22.0447359Z   mpc                            1.3.1                hfe3b2da_0               conda-forge
2025-02-21T11:37:22.0447975Z   mpfr                           4.2.1                h9458935_1               conda-forge
2025-02-21T11:37:22.0448603Z   mpmath                         1.3.0                pyhd8ed1ab_0             conda-forge
2025-02-21T11:37:22.0449259Z   munkres                        1.1.4                pyh9f0ad1d_0             conda-forge
2025-02-21T11:37:22.0449804Z   mypy_extensions                1.0.0                pyha770c72_0             conda-forge
2025-02-21T11:37:22.0450984Z   nbclassic                      1.1.0                pyhd8ed1ab_0             conda-forge
2025-02-21T11:37:22.0451499Z   nbclient                       0.10.0               pyhd8ed1ab_0             conda-forge
2025-02-21T11:37:22.0452104Z   nbconvert                      7.16.4               hd8ed1ab_1               conda-forge
2025-02-21T11:37:22.0452623Z   nbconvert-core                 7.16.4               pyhd8ed1ab_1             conda-forge
2025-02-21T11:37:22.0453125Z   nbconvert-pandoc               7.16.4               hd8ed1ab_1               conda-forge
2025-02-21T11:37:22.0453676Z   nbformat                       5.10.4               pyhd8ed1ab_0             conda-forge
2025-02-21T11:37:22.0454148Z   nbsphinx                       0.9.4                pyhd8ed1ab_0             conda-forge
2025-02-21T11:37:22.0454663Z   ncurses                        6.5                  h59595ed_0               conda-forge
2025-02-21T11:37:22.0455169Z   nest-asyncio                   1.6.0                pyhd8ed1ab_0             conda-forge
2025-02-21T11:37:22.0455642Z   networkx                       3.3                  pyhd8ed1ab_1             conda-forge
2025-02-21T11:37:22.0456125Z   nomkl                          1.0                  h5ca1d4c_0               conda-forge
2025-02-21T11:37:22.0456584Z   notebook                       7.2.1                pyhd8ed1ab_0             conda-forge
2025-02-21T11:37:22.0457030Z   notebook-shim                  0.2.4                pyhd8ed1ab_0             conda-forge
2025-02-21T11:37:22.0457597Z   numba                          0.59.1               py312hacefee8_0          conda-forge
2025-02-21T11:37:22.0458049Z   numexpr                        2.10.0               py312hf412c99_100        conda-forge
2025-02-21T11:37:22.0458515Z   numpy                          1.26.4               py312heda63a1_0          conda-forge
2025-02-21T11:37:22.0459005Z   numpydoc                       1.7.0                pyhd8ed1ab_1             conda-forge
2025-02-21T11:37:22.0459481Z   openjpeg                       2.5.2                h488ebb8_0               conda-forge
2025-02-21T11:37:22.0460011Z   openssl                        3.3.1                h4ab18f5_0               conda-forge
2025-02-21T11:37:22.0460665Z   overrides                      7.7.0                pyhd8ed1ab_0             conda-forge
2025-02-21T11:37:22.0461177Z   packaging                      24.1                 pyhd8ed1ab_0             conda-forge
2025-02-21T11:37:22.0461644Z   pandas                         2.2.2                py312h1d6d2e6_1          conda-forge
2025-02-21T11:37:22.0462082Z   pandoc                         3.2                  ha770c72_0               conda-forge
2025-02-21T11:37:22.0462616Z   pandocfilters                  1.5.0                pyhd8ed1ab_0             conda-forge
2025-02-21T11:37:22.0463083Z   pango                          1.54.0               h84a9a3c_0               conda-forge
2025-02-21T11:37:22.0463528Z   parso                          0.8.4                pyhd8ed1ab_0             conda-forge
2025-02-21T11:37:22.0464040Z   pathspec                       0.12.1               pyhd8ed1ab_0             conda-forge
2025-02-21T11:37:22.0464538Z   pbr                            6.0.0                pyhd8ed1ab_0             conda-forge
2025-02-21T11:37:22.0465011Z   pcre2                          10.44                h0f59acf_0               conda-forge
2025-02-21T11:37:22.0465463Z   pexpect                        4.9.0                pyhd8ed1ab_0             conda-forge
2025-02-21T11:37:22.0465951Z   pickleshare                    0.7.5                py_1003                  conda-forge
2025-02-21T11:37:22.0466605Z   pillow                         10.3.0               py312hdcec9eb_0          conda-forge
2025-02-21T11:37:22.0467069Z   pip                            24.0                 pyhd8ed1ab_0             conda-forge
2025-02-21T11:37:22.0467539Z   pixman                         0.43.2               h59595ed_0               conda-forge
2025-02-21T11:37:22.0468186Z   pkgutil-resolve-name           1.3.10               pyhd8ed1ab_1             conda-forge
2025-02-21T11:37:22.0468701Z   platformdirs                   4.2.2                pyhd8ed1ab_0             conda-forge
2025-02-21T11:37:22.0469263Z   plotly                         5.22.0               pyhd8ed1ab_0             conda-forge
2025-02-21T11:37:22.0469770Z   pluggy                         1.5.0                pyhd8ed1ab_0             conda-forge
2025-02-21T11:37:22.0470466Z   prometheus_client              0.20.0               pyhd8ed1ab_0             conda-forge
2025-02-21T11:37:22.0471030Z   prompt-toolkit                 3.0.47               pyha770c72_0             conda-forge
2025-02-21T11:37:22.0471500Z   psutil                         5.9.8                py312h98912ed_0          conda-forge
2025-02-21T11:37:22.0472024Z   pthread-stubs                  0.4                  h36c2ea0_1001            conda-forge
2025-02-21T11:37:22.0472505Z   ptyprocess                     0.7.0                pyhd3deb0d_0             conda-forge
2025-02-21T11:37:22.0472982Z   pure_eval                      0.2.2                pyhd8ed1ab_0             conda-forge
2025-02-21T11:37:22.0473523Z   py-cpuinfo                     9.0.0                pyhd8ed1ab_0             conda-forge
2025-02-21T11:37:22.0473973Z   pybtex                         0.24.0               pyhd8ed1ab_2             conda-forge
2025-02-21T11:37:22.0474540Z   pybtex-docutils                1.0.3                py312h7900ff3_1          conda-forge
2025-02-21T11:37:22.0475019Z   pycparser                      2.22                 pyhd8ed1ab_0             conda-forge
2025-02-21T11:37:22.0475454Z   pyerfa                         2.0.1.4              py312h085067d_1          conda-forge
2025-02-21T11:37:22.0475976Z   pygments                       2.18.0               pyhd8ed1ab_0             conda-forge
2025-02-21T11:37:22.0476433Z   pygraphviz                     1.13                 py312h4a1d8a7_1          conda-forge
2025-02-21T11:37:22.0476940Z   pyparsing                      3.1.2                pyhd8ed1ab_0             conda-forge
2025-02-21T11:37:22.0477406Z   pysocks                        1.7.1                pyha2e5f31_6             conda-forge
2025-02-21T11:37:22.0477849Z   pytables                       3.9.2                py312h96d95ec_2          conda-forge
2025-02-21T11:37:22.0478355Z   pytest                         8.2.2                pyhd8ed1ab_0             conda-forge
2025-02-21T11:37:22.0478803Z   pytest-cov                     5.0.0                pyhd8ed1ab_0             conda-forge
2025-02-21T11:37:22.0479426Z   pytest-doctestplus             1.2.1                pyhd8ed1ab_0             conda-forge
2025-02-21T11:37:22.0479943Z   pytest-html                    4.1.1                pyhd8ed1ab_0             conda-forge
2025-02-21T11:37:22.0480639Z   pytest-metadata                3.1.1                pyhd8ed1ab_0             conda-forge
2025-02-21T11:37:22.0481168Z   python                         3.12.4               h194c7f8_0_cpython       conda-forge
2025-02-21T11:37:22.0481646Z   python-dateutil                2.9.0                pyhd8ed1ab_0             conda-forge
2025-02-21T11:37:22.0482165Z   python-fastjsonschema          2.20.0               pyhd8ed1ab_0             conda-forge
2025-02-21T11:37:22.0482747Z   python-json-logger             2.0.7                pyhd8ed1ab_0             conda-forge
2025-02-21T11:37:22.0483269Z   python-tzdata                  2024.1               pyhd8ed1ab_0             conda-forge
2025-02-21T11:37:22.0483764Z   python_abi                     3.12                 4_cp312                  conda-forge
2025-02-21T11:37:22.0484385Z   pytz                           2024.1               pyhd8ed1ab_0             conda-forge
2025-02-21T11:37:22.0484848Z   pyyaml                         6.0.1                py312h98912ed_1          conda-forge
2025-02-21T11:37:22.0485344Z   pyzmq                          26.0.3               py312h8fd38d8_0          conda-forge
2025-02-21T11:37:22.0485909Z   qgrid                          1.3.1                pyhd8ed1ab_4             conda-forge
2025-02-21T11:37:22.0486413Z   radioactivedecay               0.5.1                pyhd8ed1ab_0             conda-forge
2025-02-21T11:37:22.0486920Z   readline                       8.2                  h8228510_1               conda-forge
2025-02-21T11:37:22.0487373Z   recommonmark                   0.7.1                pyhd8ed1ab_0             conda-forge
2025-02-21T11:37:22.0487928Z   referencing                    0.35.1               pyhd8ed1ab_0             conda-forge
2025-02-21T11:37:22.0488395Z   requests                       2.32.3               pyhd8ed1ab_0             conda-forge
2025-02-21T11:37:22.0488852Z   rfc3339-validator              0.1.4                pyhd8ed1ab_0             conda-forge
2025-02-21T11:37:22.0489443Z   rfc3986-validator              0.1.1                pyh9f0ad1d_0             conda-forge
2025-02-21T11:37:22.0489952Z   rpds-py                        0.18.1               py312h4413252_0          conda-forge
2025-02-21T11:37:22.0490632Z   ruff                           0.4.9                py312h5715c7c_0          conda-forge
2025-02-21T11:37:22.0491060Z   scipy                          1.13.1               py312hc2bc53b_0          conda-forge
2025-02-21T11:37:22.0491495Z   send2trash                     1.8.3                pyh0d859eb_0             conda-forge
2025-02-21T11:37:22.0492043Z   setuptools                     70.0.0               pyhd8ed1ab_0             conda-forge
2025-02-21T11:37:22.0492517Z   setuptools-scm                 8.1.0                pyhd8ed1ab_0             conda-forge
2025-02-21T11:37:22.0493102Z   setuptools_scm                 8.1.0                hd8ed1ab_0               conda-forge
2025-02-21T11:37:22.0493562Z   six                            1.16.0               pyh6c4a22f_0             conda-forge
2025-02-21T11:37:22.0494008Z   snakeviz                       2.2.0                pyhd8ed1ab_0             conda-forge
2025-02-21T11:37:22.0494499Z   snappy                         1.2.0                hdb0a2a9_1               conda-forge
2025-02-21T11:37:22.0494974Z   sniffio                        1.3.1                pyhd8ed1ab_0             conda-forge
2025-02-21T11:37:22.0495486Z   snowballstemmer                2.2.0                pyhd8ed1ab_0             conda-forge
2025-02-21T11:37:22.0495978Z   soupsieve                      2.5                  pyhd8ed1ab_1             conda-forge
2025-02-21T11:37:22.0496448Z   sphinx                         7.3.7                pyhd8ed1ab_0             conda-forge
2025-02-21T11:37:22.0496957Z   sphinx-astropy                 1.9.1                pyhd8ed1ab_0             conda-forge
2025-02-21T11:37:22.0497453Z   sphinx-automodapi              0.17.0               pyh717bed2_1             conda-forge
2025-02-21T11:37:22.0497952Z   sphinx-gallery                 0.16.0               pyhd8ed1ab_0             conda-forge
2025-02-21T11:37:22.0498515Z   sphinx-jsonschema              1.19.1               pyhd8ed1ab_0             conda-forge
2025-02-21T11:37:22.0499039Z   sphinx_bootstrap_theme         0.8.1                pyhd8ed1ab_0             conda-forge
2025-02-21T11:37:22.0499568Z   sphinx_rtd_theme               2.0.0                pyha770c72_0             conda-forge
2025-02-21T11:37:22.0500385Z   sphinxcontrib-apidoc           0.3.0                py_1                     conda-forge
2025-02-21T11:37:22.0500915Z   sphinxcontrib-applehelp        1.0.8                pyhd8ed1ab_0             conda-forge
2025-02-21T11:37:22.0501522Z   sphinxcontrib-bibtex           2.6.2                pyhd8ed1ab_0             conda-forge
2025-02-21T11:37:22.0502195Z   sphinxcontrib-devhelp          1.0.6                pyhd8ed1ab_0             conda-forge
2025-02-21T11:37:22.0502771Z   sphinxcontrib-htmlhelp         2.0.5                pyhd8ed1ab_0             conda-forge
2025-02-21T11:37:22.0503335Z   sphinxcontrib-jquery           4.1                  pyhd8ed1ab_0             conda-forge
2025-02-21T11:37:22.0504046Z   sphinxcontrib-jsmath           1.0.1                pyhd8ed1ab_0             conda-forge
2025-02-21T11:37:22.0504638Z   sphinxcontrib-qthelp           1.0.7                pyhd8ed1ab_0             conda-forge
2025-02-21T11:37:22.0505208Z   sphinxcontrib-serializinghtml  1.1.10               pyhd8ed1ab_0             conda-forge
2025-02-21T11:37:22.0505732Z   stack_data                     0.6.2                pyhd8ed1ab_0             conda-forge
2025-02-21T11:37:22.0506292Z   sympy                          1.12.1               pypyh2585a3b_103         conda-forge
2025-02-21T11:37:22.0506743Z   tabulate                       0.9.0                pyhd8ed1ab_1             conda-forge
2025-02-21T11:37:22.0507261Z   tenacity                       8.4.1                pyhd8ed1ab_0             conda-forge
2025-02-21T11:37:22.0507718Z   terminado                      0.18.1               pyh0d859eb_0             conda-forge
2025-02-21T11:37:22.0508168Z   tinycss2                       1.3.0                pyhd8ed1ab_0             conda-forge
2025-02-21T11:37:22.0508664Z   tk                             8.6.13               noxft_h4845f30_101       conda-forge
2025-02-21T11:37:22.0509081Z   toml                           0.10.2               pyhd8ed1ab_0             conda-forge
2025-02-21T11:37:22.0509552Z   tomli                          2.0.1                pyhd8ed1ab_0             conda-forge
2025-02-21T11:37:22.0510005Z   tornado                        6.4.1                py312h9a8786e_0          conda-forge
2025-02-21T11:37:22.0510669Z   tqdm                           4.66.4               pyhd8ed1ab_0             conda-forge
2025-02-21T11:37:22.0511226Z   traitlets                      5.14.3               pyhd8ed1ab_0             conda-forge
2025-02-21T11:37:22.0511698Z   typed-ast                      1.5.5                py312h98912ed_1          conda-forge
2025-02-21T11:37:22.0512231Z   types-python-dateutil          2.9.0.20240316       pyhd8ed1ab_0             conda-forge
2025-02-21T11:37:22.0512786Z   typing-extensions              4.12.2               hd8ed1ab_0               conda-forge
2025-02-21T11:37:22.0513312Z   typing_extensions              4.12.2               pyha770c72_0             conda-forge
2025-02-21T11:37:22.0513837Z   typing_utils                   0.1.0                pyhd8ed1ab_0             conda-forge
2025-02-21T11:37:22.0514309Z   tzdata                         2024a                h0c530f3_0               conda-forge
2025-02-21T11:37:22.0514754Z   uri-template                   1.3.0                pyhd8ed1ab_0             conda-forge
2025-02-21T11:37:22.0515278Z   urllib3                        2.2.2                pyhd8ed1ab_0             conda-forge
2025-02-21T11:37:22.0515742Z   wcwidth                        0.2.13               pyhd8ed1ab_0             conda-forge
2025-02-21T11:37:22.0516279Z   webcolors                      24.6.0               pyhd8ed1ab_0             conda-forge
2025-02-21T11:37:22.0516784Z   webencodings                   0.5.1                pyhd8ed1ab_2             conda-forge
2025-02-21T11:37:22.0517263Z   websocket-client               1.8.0                pyhd8ed1ab_0             conda-forge
2025-02-21T11:37:22.0517794Z   wheel                          0.43.0               pyhd8ed1ab_1             conda-forge
2025-02-21T11:37:22.0518291Z   widgetsnbextension             3.6.6                pyhd8ed1ab_0             conda-forge
2025-02-21T11:37:22.0518808Z   xorg-kbproto                   1.0.7                h7f98852_1002            conda-forge
2025-02-21T11:37:22.0519305Z   xorg-libice                    1.1.1                hd590300_0               conda-forge
2025-02-21T11:37:22.0519901Z   xorg-libsm                     1.2.4                h7391055_0               conda-forge
2025-02-21T11:37:22.0520631Z   xorg-libx11                    1.8.9                h8ee46fc_0               conda-forge
2025-02-21T11:37:22.0521103Z   xorg-libxau                    1.0.11               hd590300_0               conda-forge
2025-02-21T11:37:22.0521787Z   xorg-libxdmcp                  1.1.3                h7f98852_0               conda-forge
2025-02-21T11:37:22.0522281Z   xorg-libxext                   1.3.4                h0b41bf4_2               conda-forge
2025-02-21T11:37:22.0522756Z   xorg-libxrender                0.9.11               hd590300_0               conda-forge
2025-02-21T11:37:22.0523328Z   xorg-renderproto               0.11.1               h7f98852_1002            conda-forge
2025-02-21T11:37:22.0523815Z   xorg-xextproto                 7.3.0                h0b41bf4_1003            conda-forge
2025-02-21T11:37:22.0524293Z   xorg-xproto                    7.0.31               h7f98852_1007            conda-forge
2025-02-21T11:37:22.0524790Z   xz                             5.2.6                h166bdaf_0               conda-forge
2025-02-21T11:37:22.0525194Z   yaml                           0.2.5                h7f98852_2               conda-forge
2025-02-21T11:37:22.0525660Z   zeromq                         4.3.5                h75354e8_4               conda-forge
2025-02-21T11:37:22.0526122Z   zipp                           3.19.2               pyhd8ed1ab_0             conda-forge
2025-02-21T11:37:22.0526590Z   zlib                           1.3.1                h4ab18f5_1               conda-forge
2025-02-21T11:37:22.0527079Z   zlib-ng                        2.0.7                h0b41bf4_0               conda-forge
2025-02-21T11:37:22.0527516Z   zstd                           1.5.6                ha6fb4c9_0               conda-forge
2025-02-21T11:37:22.0528403Z ##[endgroup]
2025-02-21T11:37:22.0573183Z ##[group]Run pip install -e . --user
2025-02-21T11:37:22.0573517Z [36;1mpip install -e . --user[0m
2025-02-21T11:37:22.0632989Z shell: /usr/bin/bash -l {0}
2025-02-21T11:37:22.0633247Z env:
2025-02-21T11:37:22.0633432Z   CACHE_NUMBER: 0
2025-02-21T11:37:22.0634106Z   PYTEST_FLAGS: --tardis-regression-data=/home/runner/work/tardis/tardis/tardis-regression-data --cov=tardis --cov-report=xml --cov-report=html --cov-append
2025-02-21T11:37:22.0634818Z   CODECOV_TOKEN: 
2025-02-21T11:37:22.0635058Z   MAMBA_ROOT_PREFIX: /home/runner/micromamba
2025-02-21T11:37:22.0635382Z   MAMBA_EXE: /home/runner/micromamba-bin/micromamba
2025-02-21T11:37:22.0635752Z   CONDARC: /home/runner/work/_temp/setup-micromamba/.condarc
2025-02-21T11:37:22.0636077Z ##[endgroup]
2025-02-21T11:37:22.7785965Z Obtaining file:///home/runner/work/tardis/tardis
2025-02-21T11:37:22.7817715Z   Installing build dependencies: started
2025-02-21T11:37:25.4286616Z   Installing build dependencies: finished with status 'done'
2025-02-21T11:37:25.4292086Z   Checking if build backend supports build_editable: started
2025-02-21T11:37:25.5523274Z   Checking if build backend supports build_editable: finished with status 'done'
2025-02-21T11:37:25.5531119Z   Getting requirements to build editable: started
2025-02-21T11:37:26.0452459Z   Getting requirements to build editable: finished with status 'done'
2025-02-21T11:37:26.0461572Z   Preparing editable metadata (pyproject.toml): started
2025-02-21T11:37:26.4966322Z   Preparing editable metadata (pyproject.toml): finished with status 'done'
2025-02-21T11:37:26.5548962Z Requirement already satisfied: astropy in /home/runner/micromamba/envs/tardis/lib/python3.12/site-packages (from tardis==0.0.0) (6.1.1)
2025-02-21T11:37:26.5952995Z Requirement already satisfied: numpy>=1.23 in /home/runner/micromamba/envs/tardis/lib/python3.12/site-packages (from astropy->tardis==0.0.0) (1.26.4)
2025-02-21T11:37:26.5961340Z Requirement already satisfied: pyerfa>=2.0.1.1 in /home/runner/micromamba/envs/tardis/lib/python3.12/site-packages (from astropy->tardis==0.0.0) (2.0.1.4)
2025-02-21T11:37:26.5971393Z Requirement already satisfied: astropy-iers-data>=0.2024.5.27.0.30.8 in /home/runner/micromamba/envs/tardis/lib/python3.12/site-packages (from astropy->tardis==0.0.0) (0.2024.6.17.0.31.35)
2025-02-21T11:37:26.5979390Z Requirement already satisfied: PyYAML>=3.13 in /home/runner/micromamba/envs/tardis/lib/python3.12/site-packages (from astropy->tardis==0.0.0) (6.0.1)
2025-02-21T11:37:26.5988793Z Requirement already satisfied: packaging>=19.0 in /home/runner/micromamba/envs/tardis/lib/python3.12/site-packages (from astropy->tardis==0.0.0) (24.1)
2025-02-21T11:37:26.6075020Z Building wheels for collected packages: tardis
2025-02-21T11:37:26.6083412Z   Building editable for tardis (pyproject.toml): started
2025-02-21T11:37:27.3552735Z   Building editable for tardis (pyproject.toml): finished with status 'done'
2025-02-21T11:37:27.3558934Z   Created wheel for tardis: filename=tardis-0.0.0-0.editable-py3-none-any.whl size=8879 sha256=9757eabcd4e347bf398f7bf59b47685145d5f35070facf93083a805bcba92d51
2025-02-21T11:37:27.3560427Z   Stored in directory: /tmp/pip-ephem-wheel-cache-0_88wyhf/wheels/6a/c7/ae/89fa6dc2565455898176888ef0e2e475e4e90eb0124afcb995
2025-02-21T11:37:27.3586873Z Successfully built tardis
2025-02-21T11:37:28.1147048Z Installing collected packages: tardis
2025-02-21T11:37:28.1234054Z Successfully installed tardis-0.0.0
2025-02-21T11:37:28.3165593Z ##[group]Run pip install qgridnext
2025-02-21T11:37:28.3165918Z [36;1mpip install qgridnext[0m
2025-02-21T11:37:28.3219856Z shell: /usr/bin/bash -l {0}
2025-02-21T11:37:28.3220226Z env:
2025-02-21T11:37:28.3220470Z   CACHE_NUMBER: 0
2025-02-21T11:37:28.3221092Z   PYTEST_FLAGS: --tardis-regression-data=/home/runner/work/tardis/tardis/tardis-regression-data --cov=tardis --cov-report=xml --cov-report=html --cov-append
2025-02-21T11:37:28.3221765Z   CODECOV_TOKEN: 
2025-02-21T11:37:28.3221994Z   MAMBA_ROOT_PREFIX: /home/runner/micromamba
2025-02-21T11:37:28.3222310Z   MAMBA_EXE: /home/runner/micromamba-bin/micromamba
2025-02-21T11:37:28.3222666Z   CONDARC: /home/runner/work/_temp/setup-micromamba/.condarc
2025-02-21T11:37:28.3222982Z ##[endgroup]
2025-02-21T11:37:28.9252005Z Collecting qgridnext
2025-02-21T11:37:28.9429876Z   Downloading qgridnext-2.0.4-py3-none-any.whl.metadata (9.9 kB)
2025-02-21T11:37:28.9512954Z Requirement already satisfied: pandas>=0.20.0 in /home/runner/micromamba/envs/tardis/lib/python3.12/site-packages (from qgridnext) (2.2.2)
2025-02-21T11:37:28.9522460Z Requirement already satisfied: ipywidgets>=7.0.0 in /home/runner/micromamba/envs/tardis/lib/python3.12/site-packages (from qgridnext) (7.8.0)
2025-02-21T11:37:28.9532116Z Requirement already satisfied: numpy in /home/runner/micromamba/envs/tardis/lib/python3.12/site-packages (from qgridnext) (1.26.4)
2025-02-21T11:37:28.9542564Z Requirement already satisfied: traitlets in /home/runner/micromamba/envs/tardis/lib/python3.12/site-packages (from qgridnext) (5.14.3)
2025-02-21T11:37:28.9627165Z Requirement already satisfied: comm>=0.1.3 in /home/runner/micromamba/envs/tardis/lib/python3.12/site-packages (from ipywidgets>=7.0.0->qgridnext) (0.2.2)
2025-02-21T11:37:28.9636162Z Requirement already satisfied: ipython-genutils~=0.2.0 in /home/runner/micromamba/envs/tardis/lib/python3.12/site-packages (from ipywidgets>=7.0.0->qgridnext) (0.2.0)
2025-02-21T11:37:28.9649529Z Requirement already satisfied: widgetsnbextension~=3.6.5 in /home/runner/micromamba/envs/tardis/lib/python3.12/site-packages (from ipywidgets>=7.0.0->qgridnext) (3.6.6)
2025-02-21T11:37:28.9667728Z Requirement already satisfied: ipython>=4.0.0 in /home/runner/micromamba/envs/tardis/lib/python3.12/site-packages (from ipywidgets>=7.0.0->qgridnext) (8.25.0)
2025-02-21T11:37:28.9682841Z Requirement already satisfied: jupyterlab-widgets<3,>=1.0.0 in /home/runner/micromamba/envs/tardis/lib/python3.12/site-packages (from ipywidgets>=7.0.0->qgridnext) (1.1.7)
2025-02-21T11:37:29.0124872Z Requirement already satisfied: python-dateutil>=2.8.2 in /home/runner/micromamba/envs/tardis/lib/python3.12/site-packages (from pandas>=0.20.0->qgridnext) (2.9.0)
2025-02-21T11:37:29.0138811Z Requirement already satisfied: pytz>=2020.1 in /home/runner/micromamba/envs/tardis/lib/python3.12/site-packages (from pandas>=0.20.0->qgridnext) (2024.1)
2025-02-21T11:37:29.0147334Z Requirement already satisfied: tzdata>=2022.7 in /home/runner/micromamba/envs/tardis/lib/python3.12/site-packages (from pandas>=0.20.0->qgridnext) (2024.1)
2025-02-21T11:37:29.0462301Z Requirement already satisfied: decorator in /home/runner/micromamba/envs/tardis/lib/python3.12/site-packages (from ipython>=4.0.0->ipywidgets>=7.0.0->qgridnext) (5.1.1)
2025-02-21T11:37:29.0476999Z Requirement already satisfied: jedi>=0.16 in /home/runner/micromamba/envs/tardis/lib/python3.12/site-packages (from ipython>=4.0.0->ipywidgets>=7.0.0->qgridnext) (0.19.1)
2025-02-21T11:37:29.0486057Z Requirement already satisfied: matplotlib-inline in /home/runner/micromamba/envs/tardis/lib/python3.12/site-packages (from ipython>=4.0.0->ipywidgets>=7.0.0->qgridnext) (0.1.7)
2025-02-21T11:37:29.0497430Z Requirement already satisfied: prompt-toolkit<3.1.0,>=3.0.41 in /home/runner/micromamba/envs/tardis/lib/python3.12/site-packages (from ipython>=4.0.0->ipywidgets>=7.0.0->qgridnext) (3.0.47)
2025-02-21T11:37:29.0507138Z Requirement already satisfied: pygments>=2.4.0 in /home/runner/micromamba/envs/tardis/lib/python3.12/site-packages (from ipython>=4.0.0->ipywidgets>=7.0.0->qgridnext) (2.18.0)
2025-02-21T11:37:29.0517703Z Requirement already satisfied: stack-data in /home/runner/micromamba/envs/tardis/lib/python3.12/site-packages (from ipython>=4.0.0->ipywidgets>=7.0.0->qgridnext) (0.6.2)
2025-02-21T11:37:29.0537241Z Requirement already satisfied: pexpect>4.3 in /home/runner/micromamba/envs/tardis/lib/python3.12/site-packages (from ipython>=4.0.0->ipywidgets>=7.0.0->qgridnext) (4.9.0)
2025-02-21T11:37:29.0584912Z Requirement already satisfied: six>=1.5 in /home/runner/micromamba/envs/tardis/lib/python3.12/site-packages (from python-dateutil>=2.8.2->pandas>=0.20.0->qgridnext) (1.16.0)
2025-02-21T11:37:29.0641318Z Requirement already satisfied: notebook>=4.4.1 in /home/runner/micromamba/envs/tardis/lib/python3.12/site-packages (from widgetsnbextension~=3.6.5->ipywidgets>=7.0.0->qgridnext) (7.2.1)
2025-02-21T11:37:29.0828488Z Requirement already satisfied: parso<0.9.0,>=0.8.3 in /home/runner/micromamba/envs/tardis/lib/python3.12/site-packages (from jedi>=0.16->ipython>=4.0.0->ipywidgets>=7.0.0->qgridnext) (0.8.4)
2025-02-21T11:37:29.0972747Z Requirement already satisfied: jupyter-server<3,>=2.4.0 in /home/runner/micromamba/envs/tardis/lib/python3.12/site-packages (from notebook>=4.4.1->widgetsnbextension~=3.6.5->ipywidgets>=7.0.0->qgridnext) (2.14.1)
2025-02-21T11:37:29.0986308Z Requirement already satisfied: jupyterlab-server<3,>=2.27.1 in /home/runner/micromamba/envs/tardis/lib/python3.12/site-packages (from notebook>=4.4.1->widgetsnbextension~=3.6.5->ipywidgets>=7.0.0->qgridnext) (2.27.2)
2025-02-21T11:37:29.1001656Z Requirement already satisfied: jupyterlab<4.3,>=4.2.0 in /home/runner/micromamba/envs/tardis/lib/python3.12/site-packages (from notebook>=4.4.1->widgetsnbextension~=3.6.5->ipywidgets>=7.0.0->qgridnext) (4.2.2)
2025-02-21T11:37:29.1012678Z Requirement already satisfied: notebook-shim<0.3,>=0.2 in /home/runner/micromamba/envs/tardis/lib/python3.12/site-packages (from notebook>=4.4.1->widgetsnbextension~=3.6.5->ipywidgets>=7.0.0->qgridnext) (0.2.4)
2025-02-21T11:37:29.1021460Z Requirement already satisfied: tornado>=6.2.0 in /home/runner/micromamba/envs/tardis/lib/python3.12/site-packages (from notebook>=4.4.1->widgetsnbextension~=3.6.5->ipywidgets>=7.0.0->qgridnext) (6.4.1)
2025-02-21T11:37:29.1051344Z Requirement already satisfied: ptyprocess>=0.5 in /home/runner/micromamba/envs/tardis/lib/python3.12/site-packages (from pexpect>4.3->ipython>=4.0.0->ipywidgets>=7.0.0->qgridnext) (0.7.0)
2025-02-21T11:37:29.1080607Z Requirement already satisfied: wcwidth in /home/runner/micromamba/envs/tardis/lib/python3.12/site-packages (from prompt-toolkit<3.1.0,>=3.0.41->ipython>=4.0.0->ipywidgets>=7.0.0->qgridnext) (0.2.13)
2025-02-21T11:37:29.1213968Z Requirement already satisfied: executing>=1.2.0 in /home/runner/micromamba/envs/tardis/lib/python3.12/site-packages (from stack-data->ipython>=4.0.0->ipywidgets>=7.0.0->qgridnext) (2.0.1)
2025-02-21T11:37:29.1223998Z Requirement already satisfied: asttokens>=2.1.0 in /home/runner/micromamba/envs/tardis/lib/python3.12/site-packages (from stack-data->ipython>=4.0.0->ipywidgets>=7.0.0->qgridnext) (2.4.1)
2025-02-21T11:37:29.1232581Z Requirement already satisfied: pure-eval in /home/runner/micromamba/envs/tardis/lib/python3.12/site-packages (from stack-data->ipython>=4.0.0->ipywidgets>=7.0.0->qgridnext) (0.2.2)
2025-02-21T11:37:29.1566800Z Requirement already satisfied: anyio>=3.1.0 in /home/runner/micromamba/envs/tardis/lib/python3.12/site-packages (from jupyter-server<3,>=2.4.0->notebook>=4.4.1->widgetsnbextension~=3.6.5->ipywidgets>=7.0.0->qgridnext) (4.4.0)
2025-02-21T11:37:29.1577770Z Requirement already satisfied: argon2-cffi>=21.1 in /home/runner/micromamba/envs/tardis/lib/python3.12/site-packages (from jupyter-server<3,>=2.4.0->notebook>=4.4.1->widgetsnbextension~=3.6.5->ipywidgets>=7.0.0->qgridnext) (23.1.0)
2025-02-21T11:37:29.1587383Z Requirement already satisfied: jinja2>=3.0.3 in /home/runner/micromamba/envs/tardis/lib/python3.12/site-packages (from jupyter-server<3,>=2.4.0->notebook>=4.4.1->widgetsnbextension~=3.6.5->ipywidgets>=7.0.0->qgridnext) (3.1.4)
2025-02-21T11:37:29.1599681Z Requirement already satisfied: jupyter-client>=7.4.4 in /home/runner/micromamba/envs/tardis/lib/python3.12/site-packages (from jupyter-server<3,>=2.4.0->notebook>=4.4.1->widgetsnbextension~=3.6.5->ipywidgets>=7.0.0->qgridnext) (8.6.2)
2025-02-21T11:37:29.1611843Z Requirement already satisfied: jupyter-core!=5.0.*,>=4.12 in /home/runner/micromamba/envs/tardis/lib/python3.12/site-packages (from jupyter-server<3,>=2.4.0->notebook>=4.4.1->widgetsnbextension~=3.6.5->ipywidgets>=7.0.0->qgridnext) (5.7.2)
2025-02-21T11:37:29.1623760Z Requirement already satisfied: jupyter-events>=0.9.0 in /home/runner/micromamba/envs/tardis/lib/python3.12/site-packages (from jupyter-server<3,>=2.4.0->notebook>=4.4.1->widgetsnbextension~=3.6.5->ipywidgets>=7.0.0->qgridnext) (0.10.0)
2025-02-21T11:37:29.1635484Z Requirement already satisfied: jupyter-server-terminals>=0.4.4 in /home/runner/micromamba/envs/tardis/lib/python3.12/site-packages (from jupyter-server<3,>=2.4.0->notebook>=4.4.1->widgetsnbextension~=3.6.5->ipywidgets>=7.0.0->qgridnext) (0.5.3)
2025-02-21T11:37:29.1649740Z Requirement already satisfied: nbconvert>=6.4.4 in /home/runner/micromamba/envs/tardis/lib/python3.12/site-packages (from jupyter-server<3,>=2.4.0->notebook>=4.4.1->widgetsnbextension~=3.6.5->ipywidgets>=7.0.0->qgridnext) (7.16.4)
2025-02-21T11:37:29.1662908Z Requirement already satisfied: nbformat>=5.3.0 in /home/runner/micromamba/envs/tardis/lib/python3.12/site-packages (from jupyter-server<3,>=2.4.0->notebook>=4.4.1->widgetsnbextension~=3.6.5->ipywidgets>=7.0.0->qgridnext) (5.10.4)
2025-02-21T11:37:29.1672817Z Requirement already satisfied: overrides>=5.0 in /home/runner/micromamba/envs/tardis/lib/python3.12/site-packages (from jupyter-server<3,>=2.4.0->notebook>=4.4.1->widgetsnbextension~=3.6.5->ipywidgets>=7.0.0->qgridnext) (7.7.0)
2025-02-21T11:37:29.1683243Z Requirement already satisfied: packaging>=22.0 in /home/runner/micromamba/envs/tardis/lib/python3.12/site-packages (from jupyter-server<3,>=2.4.0->notebook>=4.4.1->widgetsnbextension~=3.6.5->ipywidgets>=7.0.0->qgridnext) (24.1)
2025-02-21T11:37:29.1692671Z Requirement already satisfied: prometheus-client>=0.9 in /home/runner/micromamba/envs/tardis/lib/python3.12/site-packages (from jupyter-server<3,>=2.4.0->notebook>=4.4.1->widgetsnbextension~=3.6.5->ipywidgets>=7.0.0->qgridnext) (0.20.0)
2025-02-21T11:37:29.1704415Z Requirement already satisfied: pyzmq>=24 in /home/runner/micromamba/envs/tardis/lib/python3.12/site-packages (from jupyter-server<3,>=2.4.0->notebook>=4.4.1->widgetsnbextension~=3.6.5->ipywidgets>=7.0.0->qgridnext) (26.0.3)
2025-02-21T11:37:29.1714038Z Requirement already satisfied: send2trash>=1.8.2 in /home/runner/micromamba/envs/tardis/lib/python3.12/site-packages (from jupyter-server<3,>=2.4.0->notebook>=4.4.1->widgetsnbextension~=3.6.5->ipywidgets>=7.0.0->qgridnext) (1.8.3)
2025-02-21T11:37:29.1726105Z Requirement already satisfied: terminado>=0.8.3 in /home/runner/micromamba/envs/tardis/lib/python3.12/site-packages (from jupyter-server<3,>=2.4.0->notebook>=4.4.1->widgetsnbextension~=3.6.5->ipywidgets>=7.0.0->qgridnext) (0.18.1)
2025-02-21T11:37:29.1743987Z Requirement already satisfied: websocket-client>=1.7 in /home/runner/micromamba/envs/tardis/lib/python3.12/site-packages (from jupyter-server<3,>=2.4.0->notebook>=4.4.1->widgetsnbextension~=3.6.5->ipywidgets>=7.0.0->qgridnext) (1.8.0)
2025-02-21T11:37:29.2028672Z Requirement already satisfied: async-lru>=1.0.0 in /home/runner/micromamba/envs/tardis/lib/python3.12/site-packages (from jupyterlab<4.3,>=4.2.0->notebook>=4.4.1->widgetsnbextension~=3.6.5->ipywidgets>=7.0.0->qgridnext) (2.0.4)
2025-02-21T11:37:29.2040409Z Requirement already satisfied: httpx>=0.25.0 in /home/runner/micromamba/envs/tardis/lib/python3.12/site-packages (from jupyterlab<4.3,>=4.2.0->notebook>=4.4.1->widgetsnbextension~=3.6.5->ipywidgets>=7.0.0->qgridnext) (0.27.0)
2025-02-21T11:37:29.2051945Z Requirement already satisfied: ipykernel>=6.5.0 in /home/runner/micromamba/envs/tardis/lib/python3.12/site-packages (from jupyterlab<4.3,>=4.2.0->notebook>=4.4.1->widgetsnbextension~=3.6.5->ipywidgets>=7.0.0->qgridnext) (6.29.4)
2025-02-21T11:37:29.2065730Z Requirement already satisfied: jupyter-lsp>=2.0.0 in /home/runner/micromamba/envs/tardis/lib/python3.12/site-packages (from jupyterlab<4.3,>=4.2.0->notebook>=4.4.1->widgetsnbextension~=3.6.5->ipywidgets>=7.0.0->qgridnext) (2.2.5)
2025-02-21T11:37:29.2091215Z Requirement already satisfied: setuptools>=40.1.0 in /home/runner/micromamba/envs/tardis/lib/python3.12/site-packages (from jupyterlab<4.3,>=4.2.0->notebook>=4.4.1->widgetsnbextension~=3.6.5->ipywidgets>=7.0.0->qgridnext) (70.0.0)
2025-02-21T11:37:29.2277786Z Requirement already satisfied: babel>=2.10 in /home/runner/micromamba/envs/tardis/lib/python3.12/site-packages (from jupyterlab-server<3,>=2.27.1->notebook>=4.4.1->widgetsnbextension~=3.6.5->ipywidgets>=7.0.0->qgridnext) (2.14.0)
2025-02-21T11:37:29.2303934Z Requirement already satisfied: json5>=0.9.0 in /home/runner/micromamba/envs/tardis/lib/python3.12/site-packages (from jupyterlab-server<3,>=2.27.1->notebook>=4.4.1->widgetsnbextension~=3.6.5->ipywidgets>=7.0.0->qgridnext) (0.9.25)
2025-02-21T11:37:29.2314595Z Requirement already satisfied: jsonschema>=4.18.0 in /home/runner/micromamba/envs/tardis/lib/python3.12/site-packages (from jupyterlab-server<3,>=2.27.1->notebook>=4.4.1->widgetsnbextension~=3.6.5->ipywidgets>=7.0.0->qgridnext) (4.22.0)
2025-02-21T11:37:29.2332624Z Requirement already satisfied: requests>=2.31 in /home/runner/micromamba/envs/tardis/lib/python3.12/site-packages (from jupyterlab-server<3,>=2.27.1->notebook>=4.4.1->widgetsnbextension~=3.6.5->ipywidgets>=7.0.0->qgridnext) (2.32.3)
2025-02-21T11:37:29.2677228Z Requirement already satisfied: idna>=2.8 in /home/runner/micromamba/envs/tardis/lib/python3.12/site-packages (from anyio>=3.1.0->jupyter-server<3,>=2.4.0->notebook>=4.4.1->widgetsnbextension~=3.6.5->ipywidgets>=7.0.0->qgridnext) (3.7)
2025-02-21T11:37:29.2686050Z Requirement already satisfied: sniffio>=1.1 in /home/runner/micromamba/envs/tardis/lib/python3.12/site-packages (from anyio>=3.1.0->jupyter-server<3,>=2.4.0->notebook>=4.4.1->widgetsnbextension~=3.6.5->ipywidgets>=7.0.0->qgridnext) (1.3.1)
2025-02-21T11:37:29.2774510Z Requirement already satisfied: argon2-cffi-bindings in /home/runner/micromamba/envs/tardis/lib/python3.12/site-packages (from argon2-cffi>=21.1->jupyter-server<3,>=2.4.0->notebook>=4.4.1->widgetsnbextension~=3.6.5->ipywidgets>=7.0.0->qgridnext) (21.2.0)
2025-02-21T11:37:29.2943024Z Requirement already satisfied: certifi in /home/runner/micromamba/envs/tardis/lib/python3.12/site-packages (from httpx>=0.25.0->jupyterlab<4.3,>=4.2.0->notebook>=4.4.1->widgetsnbextension~=3.6.5->ipywidgets>=7.0.0->qgridnext) (2024.6.2)
2025-02-21T11:37:29.2958687Z Requirement already satisfied: httpcore==1.* in /home/runner/micromamba/envs/tardis/lib/python3.12/site-packages (from httpx>=0.25.0->jupyterlab<4.3,>=4.2.0->notebook>=4.4.1->widgetsnbextension~=3.6.5->ipywidgets>=7.0.0->qgridnext) (1.0.5)
2025-02-21T11:37:29.3035884Z Requirement already satisfied: h11<0.15,>=0.13 in /home/runner/micromamba/envs/tardis/lib/python3.12/site-packages (from httpcore==1.*->httpx>=0.25.0->jupyterlab<4.3,>=4.2.0->notebook>=4.4.1->widgetsnbextension~=3.6.5->ipywidgets>=7.0.0->qgridnext) (0.14.0)
2025-02-21T11:37:29.3218330Z Requirement already satisfied: debugpy>=1.6.5 in /home/runner/micromamba/envs/tardis/lib/python3.12/site-packages (from ipykernel>=6.5.0->jupyterlab<4.3,>=4.2.0->notebook>=4.4.1->widgetsnbextension~=3.6.5->ipywidgets>=7.0.0->qgridnext) (1.8.1)
2025-02-21T11:37:29.3240541Z Requirement already satisfied: nest-asyncio in /home/runner/micromamba/envs/tardis/lib/python3.12/site-packages (from ipykernel>=6.5.0->jupyterlab<4.3,>=4.2.0->notebook>=4.4.1->widgetsnbextension~=3.6.5->ipywidgets>=7.0.0->qgridnext) (1.6.0)
2025-02-21T11:37:29.3255878Z Requirement already satisfied: psutil in /home/runner/micromamba/envs/tardis/lib/python3.12/site-packages (from ipykernel>=6.5.0->jupyterlab<4.3,>=4.2.0->notebook>=4.4.1->widgetsnbextension~=3.6.5->ipywidgets>=7.0.0->qgridnext) (5.9.8)
2025-02-21T11:37:29.3317662Z Requirement already satisfied: MarkupSafe>=2.0 in /home/runner/micromamba/envs/tardis/lib/python3.12/site-packages (from jinja2>=3.0.3->jupyter-server<3,>=2.4.0->notebook>=4.4.1->widgetsnbextension~=3.6.5->ipywidgets>=7.0.0->qgridnext) (2.1.5)
2025-02-21T11:37:29.3512904Z Requirement already satisfied: attrs>=22.2.0 in /home/runner/micromamba/envs/tardis/lib/python3.12/site-packages (from jsonschema>=4.18.0->jupyterlab-server<3,>=2.27.1->notebook>=4.4.1->widgetsnbextension~=3.6.5->ipywidgets>=7.0.0->qgridnext) (23.2.0)
2025-02-21T11:37:29.3524060Z Requirement already satisfied: jsonschema-specifications>=2023.03.6 in /home/runner/micromamba/envs/tardis/lib/python3.12/site-packages (from jsonschema>=4.18.0->jupyterlab-server<3,>=2.27.1->notebook>=4.4.1->widgetsnbextension~=3.6.5->ipywidgets>=7.0.0->qgridnext) (2023.12.1)
2025-02-21T11:37:29.3533686Z Requirement already satisfied: referencing>=0.28.4 in /home/runner/micromamba/envs/tardis/lib/python3.12/site-packages (from jsonschema>=4.18.0->jupyterlab-server<3,>=2.27.1->notebook>=4.4.1->widgetsnbextension~=3.6.5->ipywidgets>=7.0.0->qgridnext) (0.35.1)
2025-02-21T11:37:29.3543525Z Requirement already satisfied: rpds-py>=0.7.1 in /home/runner/micromamba/envs/tardis/lib/python3.12/site-packages (from jsonschema>=4.18.0->jupyterlab-server<3,>=2.27.1->notebook>=4.4.1->widgetsnbextension~=3.6.5->ipywidgets>=7.0.0->qgridnext) (0.18.1)
2025-02-21T11:37:29.3802613Z Requirement already satisfied: platformdirs>=2.5 in /home/runner/micromamba/envs/tardis/lib/python3.12/site-packages (from jupyter-core!=5.0.*,>=4.12->jupyter-server<3,>=2.4.0->notebook>=4.4.1->widgetsnbextension~=3.6.5->ipywidgets>=7.0.0->qgridnext) (4.2.2)
2025-02-21T11:37:29.3950345Z Requirement already satisfied: python-json-logger>=2.0.4 in /home/runner/micromamba/envs/tardis/lib/python3.12/site-packages (from jupyter-events>=0.9.0->jupyter-server<3,>=2.4.0->notebook>=4.4.1->widgetsnbextension~=3.6.5->ipywidgets>=7.0.0->qgridnext) (2.0.7)
2025-02-21T11:37:29.3959521Z Requirement already satisfied: pyyaml>=5.3 in /home/runner/micromamba/envs/tardis/lib/python3.12/site-packages (from jupyter-events>=0.9.0->jupyter-server<3,>=2.4.0->notebook>=4.4.1->widgetsnbextension~=3.6.5->ipywidgets>=7.0.0->qgridnext) (6.0.1)
2025-02-21T11:37:29.3970813Z Requirement already satisfied: rfc3339-validator in /home/runner/micromamba/envs/tardis/lib/python3.12/site-packages (from jupyter-events>=0.9.0->jupyter-server<3,>=2.4.0->notebook>=4.4.1->widgetsnbextension~=3.6.5->ipywidgets>=7.0.0->qgridnext) (0.1.4)
2025-02-21T11:37:29.3980026Z Requirement already satisfied: rfc3986-validator>=0.1.1 in /home/runner/micromamba/envs/tardis/lib/python3.12/site-packages (from jupyter-events>=0.9.0->jupyter-server<3,>=2.4.0->notebook>=4.4.1->widgetsnbextension~=3.6.5->ipywidgets>=7.0.0->qgridnext) (0.1.1)
2025-02-21T11:37:29.4413929Z Requirement already satisfied: beautifulsoup4 in /home/runner/micromamba/envs/tardis/lib/python3.12/site-packages (from nbconvert>=6.4.4->jupyter-server<3,>=2.4.0->notebook>=4.4.1->widgetsnbextension~=3.6.5->ipywidgets>=7.0.0->qgridnext) (4.12.3)
2025-02-21T11:37:29.4433929Z Requirement already satisfied: bleach!=5.0.0 in /home/runner/micromamba/envs/tardis/lib/python3.12/site-packages (from nbconvert>=6.4.4->jupyter-server<3,>=2.4.0->notebook>=4.4.1->widgetsnbextension~=3.6.5->ipywidgets>=7.0.0->qgridnext) (6.1.0)
2025-02-21T11:37:29.4448891Z Requirement already satisfied: defusedxml in /home/runner/micromamba/envs/tardis/lib/python3.12/site-packages (from nbconvert>=6.4.4->jupyter-server<3,>=2.4.0->notebook>=4.4.1->widgetsnbextension~=3.6.5->ipywidgets>=7.0.0->qgridnext) (0.7.1)
2025-02-21T11:37:29.4463968Z Requirement already satisfied: jupyterlab-pygments in /home/runner/micromamba/envs/tardis/lib/python3.12/site-packages (from nbconvert>=6.4.4->jupyter-server<3,>=2.4.0->notebook>=4.4.1->widgetsnbextension~=3.6.5->ipywidgets>=7.0.0->qgridnext) (0.3.0)
2025-02-21T11:37:29.4476540Z Requirement already satisfied: mistune<4,>=2.0.3 in /home/runner/micromamba/envs/tardis/lib/python3.12/site-packages (from nbconvert>=6.4.4->jupyter-server<3,>=2.4.0->notebook>=4.4.1->widgetsnbextension~=3.6.5->ipywidgets>=7.0.0->qgridnext) (3.0.2)
2025-02-21T11:37:29.4489962Z Requirement already satisfied: nbclient>=0.5.0 in /home/runner/micromamba/envs/tardis/lib/python3.12/site-packages (from nbconvert>=6.4.4->jupyter-server<3,>=2.4.0->notebook>=4.4.1->widgetsnbextension~=3.6.5->ipywidgets>=7.0.0->qgridnext) (0.10.0)
2025-02-21T11:37:29.4507396Z Requirement already satisfied: pandocfilters>=1.4.1 in /home/runner/micromamba/envs/tardis/lib/python3.12/site-packages (from nbconvert>=6.4.4->jupyter-server<3,>=2.4.0->notebook>=4.4.1->widgetsnbextension~=3.6.5->ipywidgets>=7.0.0->qgridnext) (1.5.0)
2025-02-21T11:37:29.4518018Z Requirement already satisfied: tinycss2 in /home/runner/micromamba/envs/tardis/lib/python3.12/site-packages (from nbconvert>=6.4.4->jupyter-server<3,>=2.4.0->notebook>=4.4.1->widgetsnbextension~=3.6.5->ipywidgets>=7.0.0->qgridnext) (1.3.0)
2025-02-21T11:37:29.4631548Z Requirement already satisfied: fastjsonschema>=2.15 in /home/runner/micromamba/envs/tardis/lib/python3.12/site-packages (from nbformat>=5.3.0->jupyter-server<3,>=2.4.0->notebook>=4.4.1->widgetsnbextension~=3.6.5->ipywidgets>=7.0.0->qgridnext) (2.20.0)
2025-02-21T11:37:29.4928077Z Requirement already satisfied: charset-normalizer<4,>=2 in /home/runner/micromamba/envs/tardis/lib/python3.12/site-packages (from requests>=2.31->jupyterlab-server<3,>=2.27.1->notebook>=4.4.1->widgetsnbextension~=3.6.5->ipywidgets>=7.0.0->qgridnext) (3.3.2)
2025-02-21T11:37:29.4943152Z Requirement already satisfied: urllib3<3,>=1.21.1 in /home/runner/micromamba/envs/tardis/lib/python3.12/site-packages (from requests>=2.31->jupyterlab-server<3,>=2.27.1->notebook>=4.4.1->widgetsnbextension~=3.6.5->ipywidgets>=7.0.0->qgridnext) (2.2.2)
2025-02-21T11:37:29.5703838Z Requirement already satisfied: webencodings in /home/runner/micromamba/envs/tardis/lib/python3.12/site-packages (from bleach!=5.0.0->nbconvert>=6.4.4->jupyter-server<3,>=2.4.0->notebook>=4.4.1->widgetsnbextension~=3.6.5->ipywidgets>=7.0.0->qgridnext) (0.5.1)
2025-02-21T11:37:29.6263387Z Requirement already satisfied: fqdn in /home/runner/micromamba/envs/tardis/lib/python3.12/site-packages (from jsonschema[format-nongpl]>=4.18.0->jupyter-events>=0.9.0->jupyter-server<3,>=2.4.0->notebook>=4.4.1->widgetsnbextension~=3.6.5->ipywidgets>=7.0.0->qgridnext) (1.5.1)
2025-02-21T11:37:29.6281779Z Requirement already satisfied: isoduration in /home/runner/micromamba/envs/tardis/lib/python3.12/site-packages (from jsonschema[format-nongpl]>=4.18.0->jupyter-events>=0.9.0->jupyter-server<3,>=2.4.0->notebook>=4.4.1->widgetsnbextension~=3.6.5->ipywidgets>=7.0.0->qgridnext) (20.11.0)
2025-02-21T11:37:29.6295807Z Requirement already satisfied: jsonpointer>1.13 in /home/runner/micromamba/envs/tardis/lib/python3.12/site-packages (from jsonschema[format-nongpl]>=4.18.0->jupyter-events>=0.9.0->jupyter-server<3,>=2.4.0->notebook>=4.4.1->widgetsnbextension~=3.6.5->ipywidgets>=7.0.0->qgridnext) (3.0.0)
2025-02-21T11:37:29.6313732Z Requirement already satisfied: uri-template in /home/runner/micromamba/envs/tardis/lib/python3.12/site-packages (from jsonschema[format-nongpl]>=4.18.0->jupyter-events>=0.9.0->jupyter-server<3,>=2.4.0->notebook>=4.4.1->widgetsnbextension~=3.6.5->ipywidgets>=7.0.0->qgridnext) (1.3.0)
2025-02-21T11:37:29.6328170Z Requirement already satisfied: webcolors>=1.11 in /home/runner/micromamba/envs/tardis/lib/python3.12/site-packages (from jsonschema[format-nongpl]>=4.18.0->jupyter-events>=0.9.0->jupyter-server<3,>=2.4.0->notebook>=4.4.1->widgetsnbextension~=3.6.5->ipywidgets>=7.0.0->qgridnext) (24.6.0)
2025-02-21T11:37:29.7317125Z Requirement already satisfied: cffi>=1.0.1 in /home/runner/micromamba/envs/tardis/lib/python3.12/site-packages (from argon2-cffi-bindings->argon2-cffi>=21.1->jupyter-server<3,>=2.4.0->notebook>=4.4.1->widgetsnbextension~=3.6.5->ipywidgets>=7.0.0->qgridnext) (1.16.0)
2025-02-21T11:37:29.7412523Z Requirement already satisfied: soupsieve>1.2 in /home/runner/micromamba/envs/tardis/lib/python3.12/site-packages (from beautifulsoup4->nbconvert>=6.4.4->jupyter-server<3,>=2.4.0->notebook>=4.4.1->widgetsnbextension~=3.6.5->ipywidgets>=7.0.0->qgridnext) (2.5)
2025-02-21T11:37:29.7931335Z Requirement already satisfied: pycparser in /home/runner/micromamba/envs/tardis/lib/python3.12/site-packages (from cffi>=1.0.1->argon2-cffi-bindings->argon2-cffi>=21.1->jupyter-server<3,>=2.4.0->notebook>=4.4.1->widgetsnbextension~=3.6.5->ipywidgets>=7.0.0->qgridnext) (2.22)
2025-02-21T11:37:29.8418472Z Requirement already satisfied: arrow>=0.15.0 in /home/runner/micromamba/envs/tardis/lib/python3.12/site-packages (from isoduration->jsonschema[format-nongpl]>=4.18.0->jupyter-events>=0.9.0->jupyter-server<3,>=2.4.0->notebook>=4.4.1->widgetsnbextension~=3.6.5->ipywidgets>=7.0.0->qgridnext) (1.3.0)
2025-02-21T11:37:29.8712262Z Requirement already satisfied: types-python-dateutil>=2.8.10 in /home/runner/micromamba/envs/tardis/lib/python3.12/site-packages (from arrow>=0.15.0->isoduration->jsonschema[format-nongpl]>=4.18.0->jupyter-events>=0.9.0->jupyter-server<3,>=2.4.0->notebook>=4.4.1->widgetsnbextension~=3.6.5->ipywidgets>=7.0.0->qgridnext) (2.9.0.20240316)
2025-02-21T11:37:29.9023286Z Downloading qgridnext-2.0.4-py3-none-any.whl (1.3 MB)
2025-02-21T11:37:29.9215272Z    â”â”â”â”â”â”â”â”â”â”â”â”â”â”â”â”â”â”â”â”â”â”â”â”â”â”â”â”â”â”â”â”â”â”â”â”â”â”â”â” 1.3/1.3 MB 74.3 MB/s eta 0:00:00
2025-02-21T11:37:30.7067822Z Installing collected packages: qgridnext
2025-02-21T11:37:30.7792845Z Successfully installed qgridnext-2.0.4
2025-02-21T11:37:30.9580651Z ##[group]Run pytest tardis --tardis-regression-data=/home/runner/work/tardis/tardis/tardis-regression-data --cov=tardis --cov-report=xml --cov-report=html --cov-append -m "not continuum"
2025-02-21T11:37:30.9582974Z [36;1mpytest tardis --tardis-regression-data=/home/runner/work/tardis/tardis/tardis-regression-data --cov=tardis --cov-report=xml --cov-report=html --cov-append -m "not continuum"[0m
2025-02-21T11:37:30.9641715Z shell: /usr/bin/bash -l {0}
2025-02-21T11:37:30.9641992Z env:
2025-02-21T11:37:30.9642169Z   CACHE_NUMBER: 0
2025-02-21T11:37:30.9642801Z   PYTEST_FLAGS: --tardis-regression-data=/home/runner/work/tardis/tardis/tardis-regression-data --cov=tardis --cov-report=xml --cov-report=html --cov-append
2025-02-21T11:37:30.9643458Z   CODECOV_TOKEN: 
2025-02-21T11:37:30.9643680Z   MAMBA_ROOT_PREFIX: /home/runner/micromamba
2025-02-21T11:37:30.9643992Z   MAMBA_EXE: /home/runner/micromamba-bin/micromamba
2025-02-21T11:37:30.9644379Z   CONDARC: /home/runner/work/_temp/setup-micromamba/.condarc
2025-02-21T11:37:30.9644685Z ##[endgroup]
2025-02-21T11:37:39.3628072Z ============================= test session starts ==============================
2025-02-21T11:37:39.3628809Z platform linux -- Python 3.12.4, pytest-8.2.2, pluggy-1.5.0
2025-02-21T11:37:39.3629407Z rootdir: /home/runner/work/tardis/tardis
2025-02-21T11:37:39.3629950Z configfile: pyproject.toml
2025-02-21T11:37:39.3630786Z plugins: metadata-3.1.1, anyio-4.4.0, doctestplus-1.2.1, cov-5.0.0, html-4.1.1
2025-02-21T11:37:39.3631903Z collected 1796 items / 2 deselected / 1794 selected
2025-02-21T11:37:39.3632278Z 
2025-02-21T11:37:44.1638278Z tardis/energy_input/tests/test_energy_source.py ..xxx                    [  0%]
2025-02-21T11:37:47.0798647Z tardis/energy_input/tests/test_gamma_ray_channel.py ...........          [  0%]
2025-02-21T11:37:48.6449122Z tardis/energy_input/tests/test_gamma_ray_grid.py xx.                     [  1%]
2025-02-21T11:37:50.3950576Z tardis/energy_input/tests/test_gamma_ray_interactions.py xx....          [  1%]
2025-02-21T11:37:50.4042125Z tardis/energy_input/tests/test_gamma_ray_packet_source.py sssssssss      [  1%]
2025-02-21T11:37:51.6756120Z tardis/energy_input/tests/test_util.py .....xxxx.....                    [  2%]
2025-02-21T11:37:52.0500636Z tardis/grid/tests/test_grid.py .                                         [  2%]
2025-02-21T11:37:52.0521742Z tardis/gui/tests/test_gui.py s                                           [  2%]
2025-02-21T11:37:55.8584376Z tardis/io/configuration/tests/test_config_reader.py ...........          [  3%]
2025-02-21T11:37:55.8709608Z tardis/io/configuration/tests/test_configuration_namespace.py .........  [  3%]
2025-02-21T11:37:55.8982525Z tardis/io/logger/tests/test_logging.py ssssssssssssssssssssssssssss      [  5%]
2025-02-21T11:38:32.9940975Z tardis/io/model/readers/tests/test_arepo_parser.py ..                    [  5%]
2025-02-21T11:38:33.0100508Z tardis/io/model/readers/tests/test_ascii_readers.py ...                  [  5%]
2025-02-21T11:38:33.0203645Z tardis/io/model/readers/tests/test_cmfgen_reader.py ..                   [  5%]
2025-02-21T11:38:33.0500450Z tardis/io/model/readers/tests/test_csvy_reader.py ....                   [  6%]
2025-02-21T11:38:33.0702747Z tardis/io/model/readers/tests/test_stella_reader.py ..                   [  6%]
2025-02-21T11:38:33.3754887Z tardis/io/tests/test_HDFWriter.py ...............                        [  7%]
2025-02-21T11:38:33.6909001Z tardis/io/tests/test_atomic.py .....                                     [  7%]
2025-02-21T11:38:33.7125236Z tardis/io/tests/test_decay.py ..                                         [  7%]
2025-02-21T11:38:33.9137021Z tardis/io/tests/test_model_reader.py ......                              [  7%]
2025-02-21T11:38:33.9205425Z tardis/model/geometry/tests/test_radial1d.py ..                          [  7%]
2025-02-21T11:39:31.3606309Z tardis/model/tests/test_base.py ........................................ [ 10%]
2025-02-21T11:39:32.3601792Z ............                                                             [ 10%]
2025-02-21T11:39:35.4104985Z tardis/model/tests/test_csvy_model.py .........                          [ 11%]
2025-02-21T11:39:35.4577193Z tardis/model/tests/test_density.py ..                                    [ 11%]
2025-02-21T11:39:36.7485756Z tardis/opacities/tests/test_opacity_solver.py .....                      [ 11%]
2025-02-21T11:39:38.0655202Z tardis/opacities/tests/test_opacity_state_numba.py .....                 [ 11%]
2025-02-21T11:39:39.6531469Z tardis/opacities/tests/test_tau_sobolev.py ..                            [ 12%]
2025-02-21T11:39:42.6620295Z tardis/plasma/equilibrium/tests/test_collisional_transitions.py ...      [ 12%]
2025-02-21T11:40:29.0342159Z tardis/plasma/equilibrium/tests/test_level_populations.py ....           [ 12%]
2025-02-21T11:40:40.8309695Z tardis/plasma/equilibrium/tests/test_rate_matrix.py .                    [ 12%]
2025-02-21T11:40:42.2636672Z tardis/plasma/tests/test_complete_plasmas.py ..............s......s..... [ 13%]
2025-02-21T11:40:45.1452537Z s....ssssss............s......s.....ss.....s....ssssss............s..... [ 18%]
2025-02-21T11:40:47.0801684Z .s.....ss.....s....ssssss............s......s.....ss.....s....ssssss.... [ 22%]
2025-02-21T11:40:49.9366748Z ........s......s.....ss.....s....ssssss............s......s.....ss.....s [ 26%]
2025-02-21T11:40:52.7652778Z ....ssssss............s......s.....ss.....s....ssssss............s...... [ 30%]
2025-02-21T11:40:53.4708257Z s.....ss.....s....ssssss............s......s.....ss.....s.ss.ssssss..... [ 34%]
2025-02-21T11:40:56.3633996Z .......s......s.....ss.....s....ssssss............s......s.....ss.....s. [ 38%]
2025-02-21T11:40:59.5359260Z ...ssssss............s......s.....ss.....s....ssssss............s......s [ 42%]
2025-02-21T11:41:02.6061157Z .....ss.....s....ssssss............s......s.....s...........ssssss...... [ 46%]
2025-02-21T11:41:04.4120727Z ......s......s.....s...........ssssss............s......s.....s......... [ 50%]
2025-02-21T11:41:07.3242456Z ..ssssss............s......s.....ss.....s....ssssss............s......s. [ 54%]
2025-02-21T11:41:10.7962103Z ....ss.....s....ssssss...................s......s.....s....ssss......... [ 58%]
2025-02-21T11:41:11.0841336Z ............s......s.....s....ssss.......                                [ 60%]
2025-02-21T11:41:11.2033473Z tardis/plasma/tests/test_hdf_plasma.py ................................. [ 62%]
2025-02-21T11:41:11.2145313Z ......                                                                   [ 62%]
2025-02-21T11:41:11.3516227Z tardis/plasma/tests/test_nlte_excitation.py ...                          [ 62%]
2025-02-21T11:43:30.2862068Z tardis/plasma/tests/test_nlte_solver.py .....X                           [ 63%]
2025-02-21T11:43:30.2888336Z tardis/plasma/tests/test_plasma_continuum.py .                           [ 63%]
2025-02-21T11:43:54.7824239Z tardis/plasma/tests/test_plasma_vboundary.py .............               [ 63%]
2025-02-21T11:44:08.3640373Z tardis/plasma/tests/test_tardis_model_density_config.py ...              [ 64%]
2025-02-21T11:44:09.1238552Z tardis/simulation/tests/test_convergence.py .....                        [ 64%]
2025-02-21T11:44:18.0105302Z tardis/simulation/tests/test_simulation.py .............                 [ 65%]
2025-02-21T11:44:18.0299203Z tardis/spectrum/tests/test_cuda_formal_integral.py sssssssssssssssssssss [ 66%]
2025-02-21T11:44:18.5593103Z ssss...ssssssssssssssssssssss                                            [ 67%]
2025-02-21T11:44:18.5668250Z tardis/spectrum/tests/test_luminosity.py ....                            [ 68%]
2025-02-21T11:44:20.2460687Z tardis/spectrum/tests/test_numba_formal_integral.py .................... [ 69%]
2025-02-21T11:44:20.2655150Z ..........                                                               [ 69%]
2025-02-21T11:44:20.4478436Z tardis/spectrum/tests/test_spectrum.py ................................. [ 71%]
2025-02-21T11:44:20.4822455Z .........                                                                [ 72%]
2025-02-21T11:44:20.5716226Z tardis/spectrum/tests/test_spectrum_solver.py .FFF                       [ 72%]
2025-02-21T11:44:52.6477665Z tardis/tests/test_tardis_full.py .FFF                                    [ 72%]
2025-02-21T11:46:18.6499758Z tardis/tests/test_tardis_full_formal_integral.py ................        [ 73%]
2025-02-21T11:46:18.7271976Z tardis/tests/test_util.py .............................................  [ 75%]
2025-02-21T11:46:21.5208007Z tardis/transport/montecarlo/tests/test_base.py x.....................    [ 77%]
2025-02-21T11:46:28.8883793Z tardis/transport/montecarlo/tests/test_interaction.py .......            [ 77%]
2025-02-21T11:46:29.1062916Z tardis/transport/montecarlo/tests/test_macro_atom.py ....                [ 77%]
2025-02-21T11:46:29.1269671Z tardis/transport/montecarlo/tests/test_montecarlo.py sssssssssssssssssss [ 78%]
2025-02-21T11:46:29.1723687Z sssssssssssssssssssssssssssssssssssssssssssss                            [ 81%]
2025-02-21T11:46:38.7738150Z tardis/transport/montecarlo/tests/test_montecarlo_main_loop.py x..       [ 81%]
2025-02-21T11:46:38.7803711Z tardis/transport/montecarlo/tests/test_nonhomologous.py ...              [ 81%]
2025-02-21T11:46:44.8954713Z tardis/transport/montecarlo/tests/test_numba_interface.py .....x.        [ 82%]
2025-02-21T11:46:45.3802018Z tardis/transport/montecarlo/tests/test_opacities.py ...............      [ 82%]
2025-02-21T11:46:46.4342659Z tardis/transport/montecarlo/tests/test_packet.py .................xXXXXX [ 84%]
2025-02-21T11:46:46.5758516Z XX.........                                                              [ 84%]
2025-02-21T11:46:46.6043096Z tardis/transport/montecarlo/tests/test_packet_source.py ........         [ 85%]
2025-02-21T11:46:46.9457418Z tardis/transport/montecarlo/tests/test_rpacket_last_interaction_tracker.py . [ 85%]
2025-02-21T11:46:47.3703139Z .....                                                                    [ 85%]
2025-02-21T11:47:22.9118930Z tardis/transport/montecarlo/tests/test_rpacket_tracker.py ......         [ 85%]
2025-02-21T11:47:22.9406326Z tardis/transport/montecarlo/tests/test_single_packet_loop.py xxx         [ 86%]
2025-02-21T11:47:22.9437986Z tardis/transport/montecarlo/tests/test_tracker_utils.py ..               [ 86%]
2025-02-21T11:47:25.4083620Z tardis/transport/montecarlo/tests/test_vpacket.py ..x.                   [ 86%]
2025-02-21T11:47:25.4259021Z tardis/transport/montecarlo/tests/test_weighted_packet_source.py ....    [ 86%]
2025-02-21T11:47:28.8727859Z tardis/transport/montecarlo/tests/test_weighted_packet_source_integration.py . [ 86%]
2025-02-21T11:47:28.8730574Z                                                                          [ 86%]
2025-02-21T11:47:29.6009153Z tardis/transport/tests/test_doppler_factor.py ..................         [ 87%]
2025-02-21T11:47:31.4356554Z tardis/visualization/tools/tests/test_convergence_plot.py .............. [ 88%]
2025-02-21T11:47:33.6738538Z ......                                                                   [ 88%]
2025-02-21T11:47:38.4393955Z tardis/visualization/tools/tests/test_liv_plot.py ...................... [ 90%]
2025-02-21T11:47:41.1494044Z .............................                                            [ 91%]
2025-02-21T11:47:44.0028497Z tardis/visualization/tools/tests/test_rpacket_plot.py .................. [ 92%]
2025-02-21T11:47:51.0185646Z ....                                                                     [ 92%]
2025-02-21T11:47:57.1363286Z tardis/visualization/tools/tests/test_sdec_plot.py ..................... [ 94%]
2025-02-21T11:48:05.2645822Z ..............................                                           [ 95%]
2025-02-21T11:48:05.7021546Z tardis/visualization/widgets/tests/test_custom_abundance.py ........ss.. [ 96%]
2025-02-21T11:48:05.7745501Z ....                                                                     [ 96%]
2025-02-21T11:48:06.8323219Z tardis/visualization/widgets/tests/test_line_info.py ................... [ 97%]
2025-02-21T11:48:07.4713141Z ..................                                                       [ 98%]
2025-02-21T11:49:10.8426722Z tardis/visualization/widgets/tests/test_shell_info.py .................. [ 99%]
2025-02-21T11:49:19.0053243Z ......                                                                   [100%]
2025-02-21T11:49:19.0053718Z 
2025-02-21T11:49:19.0053910Z =================================== FAILURES ===================================
2025-02-21T11:49:19.0054588Z ________________ TestSpectrumSolver.test_spectrum_real_packets _________________
2025-02-21T11:49:19.0055101Z 
2025-02-21T11:49:19.0055545Z self = <tardis.spectrum.tests.test_spectrum_solver.TestSpectrumSolver object at 0x7fe200eac440>
2025-02-21T11:49:19.0056564Z simulation_regression_data = <tardis.simulation.base.Simulation object at 0x7fe1ffc769f0>
2025-02-21T11:49:19.0057149Z 
2025-02-21T11:49:19.0057435Z     def test_spectrum_real_packets(self, simulation_regression_data):
2025-02-21T11:49:19.0058184Z         transport_state = simulation_regression_data.transport.transport_state
2025-02-21T11:49:19.0059077Z         spectrum_frequency_grid = simulation_regression_data.transport.spectrum_frequency_grid
2025-02-21T11:49:19.0059750Z     
2025-02-21T11:49:19.0060459Z         solver = SpectrumSolver(transport_state, spectrum_frequency_grid, None)
2025-02-21T11:49:19.0061225Z         result = solver.spectrum_real_packets.luminosity
2025-02-21T11:49:19.0061959Z         key = "simulation/spectrum_solver/spectrum_real_packets/luminosity"
2025-02-21T11:49:19.0062632Z         expected = self.get_expected_data(key)
2025-02-21T11:49:19.0063373Z     
2025-02-21T11:49:19.0063699Z         luminosity = u.Quantity(expected, "erg /s")
2025-02-21T11:49:19.0064139Z     
2025-02-21T11:49:19.0064430Z >       assert_quantity_allclose(
2025-02-21T11:49:19.0064814Z             result,
2025-02-21T11:49:19.0065123Z             luminosity,
2025-02-21T11:49:19.0065440Z         )
2025-02-21T11:49:19.0065607Z 
2025-02-21T11:49:19.0065820Z tardis/spectrum/tests/test_spectrum_solver.py:61: 
2025-02-21T11:49:19.0066357Z _ _ _ _ _ _ _ _ _ _ _ _ _ _ _ _ _ _ _ _ _ _ _ _ _ _ _ _ _ _ _ _ _ _ _ _ _ _ _ _ 
2025-02-21T11:49:19.0067284Z ../../../micromamba/envs/tardis/lib/python3.12/site-packages/astropy/tests/helper.py:203: in assert_quantity_allclose
2025-02-21T11:49:19.0068180Z     np.testing.assert_allclose(
2025-02-21T11:49:19.0068615Z _ _ _ _ _ _ _ _ _ _ _ _ _ _ _ _ _ _ _ _ _ _ _ _ _ _ _ _ _ _ _ _ _ _ _ _ _ _ _ _ 
2025-02-21T11:49:19.0068959Z 
2025-02-21T11:49:19.0069795Z args = (<function assert_allclose.<locals>.compare at 0x7fe1d2d64360>, array([0.00000000e+00, 0.00000000e+00, 2.76120259e+39,...), array([1.33511090e+39, 1.33738696e+39, 9.41598476e+38, ...,
2025-02-21T11:49:19.0071161Z        0.00000000e+00, 0.00000000e+00, 0.00000000e+00]))
2025-02-21T11:49:19.0071960Z kwds = {'equal_nan': True, 'err_msg': '', 'header': 'Not equal to tolerance rtol=1e-07, atol=0', 'verbose': True}
2025-02-21T11:49:19.0072590Z 
2025-02-21T11:49:19.0072726Z     @wraps(func)
2025-02-21T11:49:19.0073084Z     def inner(*args, **kwds):
2025-02-21T11:49:19.0073504Z         with self._recreate_cm():
2025-02-21T11:49:19.0073909Z >           return func(*args, **kwds)
2025-02-21T11:49:19.0074327Z E           AssertionError: 
2025-02-21T11:49:19.0074745Z E           Not equal to tolerance rtol=1e-07, atol=0
2025-02-21T11:49:19.0075188Z E           
2025-02-21T11:49:19.0075517Z E           Mismatched elements: 4355 / 10000 (43.5%)
2025-02-21T11:49:19.0075989Z E           Max absolute difference: 1.94155993e+40
2025-02-21T11:49:19.0076458Z E           Max relative difference: 137.15340685
2025-02-21T11:49:19.0077020Z E            x: array([0.000000e+00, 0.000000e+00, 2.761203e+39, ..., 0.000000e+00,
2025-02-21T11:49:19.0077561Z E                  0.000000e+00, 0.000000e+00])
2025-02-21T11:49:19.0078079Z E            y: array([1.335111e+39, 1.337387e+39, 9.415985e+38, ..., 0.000000e+00,
2025-02-21T11:49:19.0078617Z E                  0.000000e+00, 0.000000e+00])
2025-02-21T11:49:19.0078896Z 
2025-02-21T11:49:19.0079462Z ../../../micromamba/envs/tardis/lib/python3.12/contextlib.py:81: AssertionError
2025-02-21T11:49:19.0080484Z ___________ TestSpectrumSolver.test_spectrum_real_packets_reabsorbed ___________
2025-02-21T11:49:19.0080977Z 
2025-02-21T11:49:19.0081438Z self = <tardis.spectrum.tests.test_spectrum_solver.TestSpectrumSolver object at 0x7fe200eac6e0>
2025-02-21T11:49:19.0082431Z simulation_regression_data = <tardis.simulation.base.Simulation object at 0x7fe1ffc769f0>
2025-02-21T11:49:19.0083050Z 
2025-02-21T11:49:19.0083407Z     def test_spectrum_real_packets_reabsorbed(self, simulation_regression_data):
2025-02-21T11:49:19.0084282Z         transport_state = simulation_regression_data.transport.transport_state
2025-02-21T11:49:19.0085263Z         spectrum_frequency_grid = simulation_regression_data.transport.spectrum_frequency_grid
2025-02-21T11:49:19.0086033Z     
2025-02-21T11:49:19.0086562Z         solver = SpectrumSolver(transport_state, spectrum_frequency_grid, None)
2025-02-21T11:49:19.0087373Z         result = solver.spectrum_real_packets_reabsorbed.luminosity
2025-02-21T11:49:19.0088229Z         key = "simulation/spectrum_solver/spectrum_real_packets_reabsorbed/luminosity"
2025-02-21T11:49:19.0088982Z         expected = self.get_expected_data(key)
2025-02-21T11:49:19.0089434Z     
2025-02-21T11:49:19.0089798Z         luminosity = u.Quantity(expected, "erg /s")
2025-02-21T11:49:19.0090527Z     
2025-02-21T11:49:19.0090853Z >       assert_quantity_allclose(
2025-02-21T11:49:19.0091275Z             result,
2025-02-21T11:49:19.0091610Z             luminosity,
2025-02-21T11:49:19.0092195Z         )
2025-02-21T11:49:19.0092372Z 
2025-02-21T11:49:19.0092586Z tardis/spectrum/tests/test_spectrum_solver.py:77: 
2025-02-21T11:49:19.0093139Z _ _ _ _ _ _ _ _ _ _ _ _ _ _ _ _ _ _ _ _ _ _ _ _ _ _ _ _ _ _ _ _ _ _ _ _ _ _ _ _ 
2025-02-21T11:49:19.0094139Z ../../../micromamba/envs/tardis/lib/python3.12/site-packages/astropy/tests/helper.py:203: in assert_quantity_allclose
2025-02-21T11:49:19.0095122Z     np.testing.assert_allclose(
2025-02-21T11:49:19.0095603Z _ _ _ _ _ _ _ _ _ _ _ _ _ _ _ _ _ _ _ _ _ _ _ _ _ _ _ _ _ _ _ _ _ _ _ _ _ _ _ _ 
2025-02-21T11:49:19.0095975Z 
2025-02-21T11:49:19.0096620Z args = (<function assert_allclose.<locals>.compare at 0x7fe1d2d67ce0>, array([0., 0., 0., ..., 0., 0., 0.]), array([2.03920412e+38, 3.72882494e+38, 2.29646943e+38, ...,
2025-02-21T11:49:19.0097580Z        0.00000000e+00, 0.00000000e+00, 0.00000000e+00]))
2025-02-21T11:49:19.0098300Z kwds = {'equal_nan': True, 'err_msg': '', 'header': 'Not equal to tolerance rtol=1e-07, atol=0', 'verbose': True}
2025-02-21T11:49:19.0098864Z 
2025-02-21T11:49:19.0098995Z     @wraps(func)
2025-02-21T11:49:19.0099320Z     def inner(*args, **kwds):
2025-02-21T11:49:19.0099710Z         with self._recreate_cm():
2025-02-21T11:49:19.0100334Z >           return func(*args, **kwds)
2025-02-21T11:49:19.0100776Z E           AssertionError: 
2025-02-21T11:49:19.0101201Z E           Not equal to tolerance rtol=1e-07, atol=0
2025-02-21T11:49:19.0101630Z E           
2025-02-21T11:49:19.0102127Z E           Mismatched elements: 4491 / 10000 (44.9%)
2025-02-21T11:49:19.0102601Z E           Max absolute difference: 1.0639846e+40
2025-02-21T11:49:19.0103044Z E           Max relative difference: 122.79315318
2025-02-21T11:49:19.0103512Z E            x: array([0., 0., 0., ..., 0., 0., 0.])
2025-02-21T11:49:19.0104069Z E            y: array([2.039204e+38, 3.728825e+38, 2.296469e+38, ..., 0.000000e+00,
2025-02-21T11:49:19.0104636Z E                  0.000000e+00, 0.000000e+00])
2025-02-21T11:49:19.0104934Z 
2025-02-21T11:49:19.0105280Z ../../../micromamba/envs/tardis/lib/python3.12/contextlib.py:81: AssertionError
2025-02-21T11:49:19.0106088Z ________________________ TestSpectrumSolver.test_solve _________________________
2025-02-21T11:49:19.0106557Z 
2025-02-21T11:49:19.0107018Z self = <tardis.spectrum.tests.test_spectrum_solver.TestSpectrumSolver object at 0x7fe200ead0d0>
2025-02-21T11:49:19.0108030Z simulation_regression_data = <tardis.simulation.base.Simulation object at 0x7fe1ffc769f0>
2025-02-21T11:49:19.0108620Z 
2025-02-21T11:49:19.0109034Z     def test_solve(self, simulation_regression_data):
2025-02-21T11:49:19.0109741Z         transport_state = simulation_regression_data.transport.transport_state
2025-02-21T11:49:19.0110940Z         spectrum_frequency_grid = simulation_regression_data.transport.spectrum_frequency_grid
2025-02-21T11:49:19.0111671Z     
2025-02-21T11:49:19.0112140Z         solver = SpectrumSolver(transport_state, spectrum_frequency_grid, None)
2025-02-21T11:49:19.0112829Z         result_real, result_virtual, result_integrated = solver.solve(
2025-02-21T11:49:19.0113324Z             transport_state
2025-02-21T11:49:19.0113642Z         )
2025-02-21T11:49:19.0114090Z         key_real = "simulation/spectrum_solver/spectrum_real_packets/luminosity"
2025-02-21T11:49:19.0114707Z         expected_real = self.get_expected_data(key_real)
2025-02-21T11:49:19.0115179Z     
2025-02-21T11:49:19.0115540Z         luminosity_real = u.Quantity(expected_real, "erg /s")
2025-02-21T11:49:19.0116013Z     
2025-02-21T11:49:19.0116296Z >       assert_quantity_allclose(
2025-02-21T11:49:19.0116694Z             result_real.luminosity,
2025-02-21T11:49:19.0117092Z             luminosity_real,
2025-02-21T11:49:19.0117437Z         )
2025-02-21T11:49:19.0117592Z 
2025-02-21T11:49:19.0117801Z tardis/spectrum/tests/test_spectrum_solver.py:95: 
2025-02-21T11:49:19.0118313Z _ _ _ _ _ _ _ _ _ _ _ _ _ _ _ _ _ _ _ _ _ _ _ _ _ _ _ _ _ _ _ _ _ _ _ _ _ _ _ _ 
2025-02-21T11:49:19.0119212Z ../../../micromamba/envs/tardis/lib/python3.12/site-packages/astropy/tests/helper.py:203: in assert_quantity_allclose
2025-02-21T11:49:19.0120524Z     np.testing.assert_allclose(
2025-02-21T11:49:19.0120959Z _ _ _ _ _ _ _ _ _ _ _ _ _ _ _ _ _ _ _ _ _ _ _ _ _ _ _ _ _ _ _ _ _ _ _ _ _ _ _ _ 
2025-02-21T11:49:19.0121348Z 
2025-02-21T11:49:19.0122145Z args = (<function assert_allclose.<locals>.compare at 0x7fe1d2d67d80>, array([0.00000000e+00, 0.00000000e+00, 2.76120259e+39,...), array([1.33511090e+39, 1.33738696e+39, 9.41598476e+38, ...,
2025-02-21T11:49:19.0123248Z        0.00000000e+00, 0.00000000e+00, 0.00000000e+00]))
2025-02-21T11:49:19.0123955Z kwds = {'equal_nan': True, 'err_msg': '', 'header': 'Not equal to tolerance rtol=1e-07, atol=0', 'verbose': True}
2025-02-21T11:49:19.0124507Z 
2025-02-21T11:49:19.0124633Z     @wraps(func)
2025-02-21T11:49:19.0124951Z     def inner(*args, **kwds):
2025-02-21T11:49:19.0125320Z         with self._recreate_cm():
2025-02-21T11:49:19.0125719Z >           return func(*args, **kwds)
2025-02-21T11:49:19.0126118Z E           AssertionError: 
2025-02-21T11:49:19.0126528Z E           Not equal to tolerance rtol=1e-07, atol=0
2025-02-21T11:49:19.0126960Z E           
2025-02-21T11:49:19.0127287Z E           Mismatched elements: 4355 / 10000 (43.5%)
2025-02-21T11:49:19.0127754Z E           Max absolute difference: 1.94155993e+40
2025-02-21T11:49:19.0128206Z E           Max relative difference: 137.15340685
2025-02-21T11:49:19.0128538Z E            x: array([0.000000e+00, 0.000000e+00, 2.761203e+39, ..., 0.000000e+00,
2025-02-21T11:49:19.0128863Z E                  0.000000e+00, 0.000000e+00])
2025-02-21T11:49:19.0129169Z E            y: array([1.335111e+39, 1.337387e+39, 9.415985e+38, ..., 0.000000e+00,
2025-02-21T11:49:19.0129479Z E                  0.000000e+00, 0.000000e+00])
2025-02-21T11:49:19.0129635Z 
2025-02-21T11:49:19.0129839Z ../../../micromamba/envs/tardis/lib/python3.12/contextlib.py:81: AssertionError
2025-02-21T11:49:19.0130496Z __________________ TestTransportSimple.test_j_blue_estimators __________________
2025-02-21T11:49:19.0130766Z 
2025-02-21T11:49:19.0130981Z self = <tardis.tests.test_tardis_full.TestTransportSimple object at 0x7fe200ead8e0>
2025-02-21T11:49:19.0131518Z simulation_regression_data = <tardis.simulation.base.Simulation object at 0x7fe1ffc769f0>
2025-02-21T11:49:19.0131847Z 
2025-02-21T11:49:19.0131995Z     def test_j_blue_estimators(self, simulation_regression_data):
2025-02-21T11:49:19.0132373Z         key = "simulation/transport/transport_state/j_blue_estimator"
2025-02-21T11:49:19.0132857Z         expected = self.get_expected_data(key)
2025-02-21T11:49:19.0133113Z     
2025-02-21T11:49:19.0133287Z >       npt.assert_allclose(
2025-02-21T11:49:19.0133706Z             simulation_regression_data.transport.transport_state.radfield_mc_estimators.j_blue_estimator,
2025-02-21T11:49:19.0134140Z             expected.values,
2025-02-21T11:49:19.0134347Z         )
2025-02-21T11:49:19.0134446Z 
2025-02-21T11:49:19.0134544Z tardis/tests/test_tardis_full.py:60: 
2025-02-21T11:49:19.0134823Z _ _ _ _ _ _ _ _ _ _ _ _ _ _ _ _ _ _ _ _ _ _ _ _ _ _ _ _ _ _ _ _ _ _ _ _ _ _ _ _ 
2025-02-21T11:49:19.0135026Z 
2025-02-21T11:49:19.0135356Z args = (<function assert_allclose.<locals>.compare at 0x7fe1fa481e40>, array([[0., 0., 0., ..., 0., 0., 0.],
2025-02-21T11:49:19.0135775Z        [0., 0., .....,
2025-02-21T11:49:19.0135968Z        [0., 0., 0., ..., 0., 0., 0.],
2025-02-21T11:49:19.0136192Z        [0., 0., 0., ..., 0., 0., 0.],
2025-02-21T11:49:19.0136413Z        [0., 0., 0., ..., 0., 0., 0.]]))
2025-02-21T11:49:19.0136814Z kwds = {'equal_nan': True, 'err_msg': '', 'header': 'Not equal to tolerance rtol=1e-07, atol=0', 'verbose': True}
2025-02-21T11:49:19.0137137Z 
2025-02-21T11:49:19.0137210Z     @wraps(func)
2025-02-21T11:49:19.0137406Z     def inner(*args, **kwds):
2025-02-21T11:49:19.0137631Z         with self._recreate_cm():
2025-02-21T11:49:19.0137868Z >           return func(*args, **kwds)
2025-02-21T11:49:19.0138108Z E           AssertionError: 
2025-02-21T11:49:19.0138355Z E           Not equal to tolerance rtol=1e-07, atol=0
2025-02-21T11:49:19.0138734Z E           
2025-02-21T11:49:19.0138938Z E           Mismatched elements: 488044 / 584480 (83.5%)
2025-02-21T11:49:19.0139225Z E           Max absolute difference: 1.43452643e-17
2025-02-21T11:49:19.0139500Z E           Max relative difference: 235.31367318
2025-02-21T11:49:19.0139764Z E            x: array([[0., 0., 0., ..., 0., 0., 0.],
2025-02-21T11:49:19.0140013Z E                  [0., 0., 0., ..., 0., 0., 0.],
2025-02-21T11:49:19.0140428Z E                  [0., 0., 0., ..., 0., 0., 0.],...
2025-02-21T11:49:19.0140681Z E            y: array([[0., 0., 0., ..., 0., 0., 0.],
2025-02-21T11:49:19.0140926Z E                  [0., 0., 0., ..., 0., 0., 0.],
2025-02-21T11:49:19.0141168Z E                  [0., 0., 0., ..., 0., 0., 0.],...
2025-02-21T11:49:19.0141334Z 
2025-02-21T11:49:19.0141536Z ../../../micromamba/envs/tardis/lib/python3.12/contextlib.py:81: AssertionError
2025-02-21T11:49:19.0141990Z ______________________ TestTransportSimple.test_spectrum _______________________
2025-02-21T11:49:19.0142250Z 
2025-02-21T11:49:19.0142465Z self = <tardis.tests.test_tardis_full.TestTransportSimple object at 0x7fe200eadc40>
2025-02-21T11:49:19.0143013Z simulation_regression_data = <tardis.simulation.base.Simulation object at 0x7fe1ffc769f0>
2025-02-21T11:49:19.0143343Z 
2025-02-21T11:49:19.0143472Z     def test_spectrum(self, simulation_regression_data):
2025-02-21T11:49:19.0143855Z         key = "simulation/spectrum_solver/spectrum_real_packets/luminosity"
2025-02-21T11:49:19.0144227Z         expected = self.get_expected_data(key)
2025-02-21T11:49:19.0144480Z     
2025-02-21T11:49:19.0144678Z         luminosity = u.Quantity(expected, "erg /s")
2025-02-21T11:49:19.0144933Z     
2025-02-21T11:49:19.0145106Z >       assert_quantity_allclose(
2025-02-21T11:49:19.0145472Z             simulation_regression_data.spectrum_solver.spectrum_real_packets.luminosity,
2025-02-21T11:49:19.0145842Z             luminosity,
2025-02-21T11:49:19.0146035Z         )
2025-02-21T11:49:19.0146129Z 
2025-02-21T11:49:19.0146233Z tardis/tests/test_tardis_full.py:71: 
2025-02-21T11:49:19.0146511Z _ _ _ _ _ _ _ _ _ _ _ _ _ _ _ _ _ _ _ _ _ _ _ _ _ _ _ _ _ _ _ _ _ _ _ _ _ _ _ _ 
2025-02-21T11:49:19.0147040Z ../../../micromamba/envs/tardis/lib/python3.12/site-packages/astropy/tests/helper.py:203: in assert_quantity_allclose
2025-02-21T11:49:19.0147538Z     np.testing.assert_allclose(
2025-02-21T11:49:19.0147807Z _ _ _ _ _ _ _ _ _ _ _ _ _ _ _ _ _ _ _ _ _ _ _ _ _ _ _ _ _ _ _ _ _ _ _ _ _ _ _ _ 
2025-02-21T11:49:19.0148014Z 
2025-02-21T11:49:19.0148628Z args = (<function assert_allclose.<locals>.compare at 0x7fe1ff864f40>, array([0.00000000e+00, 0.00000000e+00, 2.76120259e+39,...), array([1.47119190e+39, 1.69564189e+39, 1.35368464e+39, ...,
2025-02-21T11:49:19.0149289Z        0.00000000e+00, 0.00000000e+00, 0.00000000e+00]))
2025-02-21T11:49:19.0149714Z kwds = {'equal_nan': True, 'err_msg': '', 'header': 'Not equal to tolerance rtol=1e-07, atol=0', 'verbose': True}
2025-02-21T11:49:19.0150037Z 
2025-02-21T11:49:19.0150266Z     @wraps(func)
2025-02-21T11:49:19.0150483Z     def inner(*args, **kwds):
2025-02-21T11:49:19.0150711Z         with self._recreate_cm():
2025-02-21T11:49:19.0150951Z >           return func(*args, **kwds)
2025-02-21T11:49:19.0151200Z E           AssertionError: 
2025-02-21T11:49:19.0151449Z E           Not equal to tolerance rtol=1e-07, atol=0
2025-02-21T11:49:19.0151710Z E           
2025-02-21T11:49:19.0151912Z E           Mismatched elements: 4560 / 10000 (45.6%)
2025-02-21T11:49:19.0152194Z E           Max absolute difference: 1.96604107e+40
2025-02-21T11:49:19.0152482Z E           Max relative difference: 97.03021569
2025-02-21T11:49:19.0152815Z E            x: array([0.000000e+00, 0.000000e+00, 2.761203e+39, ..., 0.000000e+00,
2025-02-21T11:49:19.0153139Z E                  0.000000e+00, 0.000000e+00])
2025-02-21T11:49:19.0153447Z E            y: array([1.471192e+39, 1.695642e+39, 1.353685e+39, ..., 0.000000e+00,
2025-02-21T11:49:19.0153763Z E                  0.000000e+00, 0.000000e+00])
2025-02-21T11:49:19.0154054Z 
2025-02-21T11:49:19.0154262Z ../../../micromamba/envs/tardis/lib/python3.12/contextlib.py:81: AssertionError
2025-02-21T11:49:19.0154727Z __________________ TestTransportSimple.test_virtual_spectrum ___________________
2025-02-21T11:49:19.0155075Z 
2025-02-21T11:49:19.0155290Z self = <tardis.tests.test_tardis_full.TestTransportSimple object at 0x7fe200eadf10>
2025-02-21T11:49:19.0155886Z simulation_regression_data = <tardis.simulation.base.Simulation object at 0x7fe1ffc769f0>
2025-02-21T11:49:19.0156217Z 
2025-02-21T11:49:19.0156372Z     def test_virtual_spectrum(self, simulation_regression_data):
2025-02-21T11:49:19.0156779Z         key = "simulation/spectrum_solver/spectrum_virtual_packets/luminosity"
2025-02-21T11:49:19.0157174Z         expected = self.get_expected_data(key)
2025-02-21T11:49:19.0157441Z     
2025-02-21T11:49:19.0157637Z         luminosity = u.Quantity(expected, "erg /s")
2025-02-21T11:49:19.0157884Z     
2025-02-21T11:49:19.0158056Z >       assert_quantity_allclose(
2025-02-21T11:49:19.0158433Z             simulation_regression_data.spectrum_solver.spectrum_virtual_packets.luminosity,
2025-02-21T11:49:19.0158865Z             luminosity,
2025-02-21T11:49:19.0159068Z         )
2025-02-21T11:49:19.0159162Z 
2025-02-21T11:49:19.0159261Z tardis/tests/test_tardis_full.py:82: 
2025-02-21T11:49:19.0159534Z _ _ _ _ _ _ _ _ _ _ _ _ _ _ _ _ _ _ _ _ _ _ _ _ _ _ _ _ _ _ _ _ _ _ _ _ _ _ _ _ 
2025-02-21T11:49:19.0160068Z ../../../micromamba/envs/tardis/lib/python3.12/site-packages/astropy/tests/helper.py:203: in assert_quantity_allclose
2025-02-21T11:49:19.0160718Z     np.testing.assert_allclose(
2025-02-21T11:49:19.0160975Z _ _ _ _ _ _ _ _ _ _ _ _ _ _ _ _ _ _ _ _ _ _ _ _ _ _ _ _ _ _ _ _ _ _ _ _ _ _ _ _ 
2025-02-21T11:49:19.0161170Z 
2025-02-21T11:49:19.0161643Z args = (<function assert_allclose.<locals>.compare at 0x7fe1f8b8a980>, array([1.31895331e+39, 2.31381538e+39, 3.72000430e+39,...), array([1.44033177e+39, 1.35611403e+39, 1.39755698e+39, ...,
2025-02-21T11:49:19.0162288Z        0.00000000e+00, 0.00000000e+00, 0.00000000e+00]))
2025-02-21T11:49:19.0162713Z kwds = {'equal_nan': True, 'err_msg': '', 'header': 'Not equal to tolerance rtol=1e-07, atol=0', 'verbose': True}
2025-02-21T11:49:19.0163041Z 
2025-02-21T11:49:19.0163113Z     @wraps(func)
2025-02-21T11:49:19.0163308Z     def inner(*args, **kwds):
2025-02-21T11:49:19.0163535Z         with self._recreate_cm():
2025-02-21T11:49:19.0163772Z >           return func(*args, **kwds)
2025-02-21T11:49:19.0164024Z E           AssertionError: 
2025-02-21T11:49:19.0164395Z E           Not equal to tolerance rtol=1e-07, atol=0
2025-02-21T11:49:19.0164657Z E           
2025-02-21T11:49:19.0164856Z E           Mismatched elements: 5659 / 10000 (56.6%)
2025-02-21T11:49:19.0165133Z E           Max absolute difference: 4.69537822e+39
2025-02-21T11:49:19.0165410Z E           Max relative difference: 419.77405263
2025-02-21T11:49:19.0165793Z E            x: array([1.318953e+39, 2.313815e+39, 3.720004e+39, ..., 0.000000e+00,
2025-02-21T11:49:19.0166116Z E                  0.000000e+00, 0.000000e+00])
2025-02-21T11:49:19.0166429Z E            y: array([1.440332e+39, 1.356114e+39, 1.397557e+39, ..., 0.000000e+00,
2025-02-21T11:49:19.0166741Z E                  0.000000e+00, 0.000000e+00])
2025-02-21T11:49:19.0166909Z 
2025-02-21T11:49:19.0167104Z ../../../micromamba/envs/tardis/lib/python3.12/contextlib.py:81: AssertionError
2025-02-21T11:49:19.0167501Z =============================== warnings summary ===============================
2025-02-21T11:49:19.0167817Z tardis/io/configuration/config_validator.py:6
2025-02-21T11:49:19.0168119Z tardis/io/configuration/config_validator.py:6
2025-02-21T11:49:19.0168611Z   /home/runner/work/tardis/tardis/tardis/io/configuration/config_validator.py:6: DeprecationWarning:
2025-02-21T11:49:19.0169112Z   
2025-02-21T11:49:19.0170506Z   jsonschema.RefResolver is deprecated as of v4.18.0, in favor of the https://github.com/python-jsonschema/referencing library, which provides more compliant referencing behavior as well as more flexible APIs for customization. A future release will remove RefResolver. Please file a feature request (on referencing) if you are missing an API for the kind of customization you need.
2025-02-21T11:49:19.0171869Z 
2025-02-21T11:49:19.0172111Z ../../../micromamba/envs/tardis/lib/python3.12/site-packages/jupyter_client/connect.py:22
2025-02-21T11:49:19.0172793Z   /home/runner/micromamba/envs/tardis/lib/python3.12/site-packages/jupyter_client/connect.py:22: DeprecationWarning:
2025-02-21T11:49:19.0173305Z   
2025-02-21T11:49:19.0173555Z   Jupyter is migrating its paths to use standard platformdirs
2025-02-21T11:49:19.0173940Z   given by the platformdirs library.  To remove this warning and
2025-02-21T11:49:19.0174340Z   see the appropriate new directories, set the environment variable
2025-02-21T11:49:19.0174777Z   `JUPYTER_PLATFORM_DIRS=1` and then run `jupyter --paths`.
2025-02-21T11:49:19.0175189Z   The use of platformdirs will be the default in `jupyter_core` v6
2025-02-21T11:49:19.0175422Z 
2025-02-21T11:49:19.0182044Z tardis/io/tests/test_HDFWriter.py::test_multi_index_write
2025-02-21T11:49:19.0182606Z tardis/visualization/widgets/tests/test_shell_info.py::TestHDFShellInfo::test_shells_data
2025-02-21T11:49:19.0183176Z   /home/runner/work/tardis/tardis/tardis/io/util.py:276: PerformanceWarning:
2025-02-21T11:49:19.0183548Z   
2025-02-21T11:49:19.0183706Z   
2025-02-21T11:49:19.0184003Z   your performance may suffer as PyTables will pickle object types that it cannot
2025-02-21T11:49:19.0184573Z   map directly to c-types [inferred_type->mixed,key->block0_values] [items->Index([0], dtype='int64')]
2025-02-21T11:49:19.0184921Z 
2025-02-21T11:49:19.0185124Z tardis/io/tests/test_model_reader.py::test_read_cmfgen_isotope_abundances
2025-02-21T11:49:19.0185615Z tardis/plasma/tests/test_tardis_model_density_config.py::test_electron_densities
2025-02-21T11:49:19.0186190Z tardis/plasma/tests/test_tardis_model_density_config.py::test_isotope_number_densities
2025-02-21T11:49:19.0186694Z tardis/plasma/tests/test_tardis_model_density_config.py::test_t_rad
2025-02-21T11:49:19.0187277Z   /home/runner/work/tardis/tardis/tardis/io/model/readers/cmfgen_deprecated.py:82: DeprecationWarning:
2025-02-21T11:49:19.0187748Z   
2025-02-21T11:49:19.0187953Z   The current CMFGEN model parser is deprecated
2025-02-21T11:49:19.0188151Z 
2025-02-21T11:49:19.0188266Z tardis/io/tests/test_model_reader.py: 1 warning
2025-02-21T11:49:19.0188631Z tardis/plasma/tests/test_tardis_model_density_config.py: 9 warnings
2025-02-21T11:49:19.0189360Z   /home/runner/work/tardis/tardis/tardis/io/model/readers/cmfgen_deprecated.py:40: DeprecationWarning:
2025-02-21T11:49:19.0189831Z   
2025-02-21T11:49:19.0190027Z   The current CMFGEN model parser is deprecated
2025-02-21T11:49:19.0190441Z 
2025-02-21T11:49:19.0190653Z tardis/model/tests/test_base.py::TestModelFromPaper1Config::test_abundances
2025-02-21T11:49:19.0191303Z   /home/runner/work/tardis/tardis/tardis/transport/montecarlo/montecarlo_main_loop.py:123: NumbaTypeSafetyWarning:
2025-02-21T11:49:19.0191817Z   
2025-02-21T11:49:19.0192340Z   [1m[1m[1munsafe cast from uint64 to int64. Precision may be lost.[0m[0m[0m
2025-02-21T11:49:19.0192612Z 
2025-02-21T11:49:19.0192717Z tardis/model/tests/test_base.py: 6 warnings
2025-02-21T11:49:19.0193011Z tardis/model/tests/test_csvy_model.py: 2 warnings
2025-02-21T11:49:19.0193383Z tardis/plasma/tests/test_tardis_model_density_config.py: 3 warnings
2025-02-21T11:49:19.0193926Z   /home/runner/work/tardis/tardis/tardis/model/geometry/radial1d.py:50: DeprecationWarning:
2025-02-21T11:49:19.0194349Z   
2025-02-21T11:49:19.0194537Z   v_inner_boundary < 0, assuming default value
2025-02-21T11:49:19.0194722Z 
2025-02-21T11:49:19.0194826Z tardis/model/tests/test_base.py: 6 warnings
2025-02-21T11:49:19.0195118Z tardis/model/tests/test_csvy_model.py: 2 warnings
2025-02-21T11:49:19.0195485Z tardis/plasma/tests/test_tardis_model_density_config.py: 3 warnings
2025-02-21T11:49:19.0196009Z   /home/runner/work/tardis/tardis/tardis/model/geometry/radial1d.py:61: DeprecationWarning:
2025-02-21T11:49:19.0196564Z   
2025-02-21T11:49:19.0196753Z   v_outer_boundary < 0, assuming default value
2025-02-21T11:49:19.0196938Z 
2025-02-21T11:49:19.0197392Z tardis/plasma/equilibrium/tests/test_level_populations.py::TestLevelPopulationSolver::test_solve[collisional_rate_solver0-radiative_transitions0]
2025-02-21T11:49:19.0198209Z   /home/runner/work/tardis/tardis/tardis/plasma/equilibrium/level_populations.py:65: FutureWarning:
2025-02-21T11:49:19.0198657Z   
2025-02-21T11:49:19.0199022Z   A value is trying to be set on a copy of a DataFrame or Series through chained assignment using an inplace method.
2025-02-21T11:49:19.0199818Z   The behavior will change in pandas 3.0. This inplace method will never work because the intermediate object on which we are setting values always behaves as a copy.
2025-02-21T11:49:19.0200571Z   
2025-02-21T11:49:19.0201180Z   For example, when doing 'df[col].method(value, inplace=True)', try using 'df.method({col: value}, inplace=True)' or df[col] = df[col].method(value) instead, to perform the operation inplace on the original object.
2025-02-21T11:49:19.0201776Z 
2025-02-21T11:49:19.0201992Z tardis/plasma/tests/test_plasma_vboundary.py::test_plasma_vboundary[2900-3750]
2025-02-21T11:49:19.0202488Z tardis/plasma/tests/test_plasma_vboundary.py::test_plasma_vboundary[2900-3850]
2025-02-21T11:49:19.0202968Z tardis/plasma/tests/test_plasma_vboundary.py::test_plasma_vboundary[2900-3900]
2025-02-21T11:49:19.0203489Z   /home/runner/work/tardis/tardis/tardis/model/geometry/radial1d.py:71: UserWarning:
2025-02-21T11:49:19.0203873Z   
2025-02-21T11:49:19.0204148Z   Requesting inner boundary below inner shell. Extrapolating the inner cell
2025-02-21T11:49:19.0204423Z 
2025-02-21T11:49:19.0204628Z tardis/spectrum/tests/test_spectrum_solver.py::TestSpectrumSolver::test_solve
2025-02-21T11:49:19.0205115Z   /home/runner/work/tardis/tardis/tardis/spectrum/base.py:70: UserWarning:
2025-02-21T11:49:19.0205470Z   
2025-02-21T11:49:19.0205876Z   SpectrumSolver.spectrum_virtual_packets is zero. Please run the montecarlo simulation with no_of_virtual_packets > 0
2025-02-21T11:49:19.0206287Z 
2025-02-21T11:49:19.0206505Z tardis/spectrum/tests/test_spectrum_solver.py::TestSpectrumSolver::test_solve
2025-02-21T11:49:19.0206995Z   /home/runner/work/tardis/tardis/tardis/spectrum/base.py:111: UserWarning:
2025-02-21T11:49:19.0207339Z   
2025-02-21T11:49:19.0207760Z   SpectrumSolver.integrator: The FormalIntegrator is not yet available.Please run the montecarlo simulation at least once.
2025-02-21T11:49:19.0208308Z 
2025-02-21T11:49:19.0208519Z tardis/transport/montecarlo/tests/test_vpacket.py::test_trace_vpacket_volley
2025-02-21T11:49:19.0208927Z   <string>:3: NumbaPendingDeprecationWarning:
2025-02-21T11:49:19.0209181Z   
2025-02-21T11:49:19.0210504Z   [1m[1mCode using Numba extension API maybe depending on 'old_style' error-capturing, which is deprecated and will be replaced by 'new_style' in a future release. See details at https://numba.readthedocs.io/en/latest/reference/deprecation.html#deprecation-of-old-style-numba-captured-errors
2025-02-21T11:49:19.0211527Z   Exception origin:
2025-02-21T11:49:19.0211910Z     File "/home/runner/micromamba/envs/tardis/lib/python3.12/inspect.py", line 3180, in _bind
2025-02-21T11:49:19.0212345Z       raise TypeError(msg) from None
2025-02-21T11:49:19.0212607Z   [0m[0m
2025-02-21T11:49:19.0212703Z 
2025-02-21T11:49:19.0213043Z tardis/visualization/tools/tests/test_sdec_plot.py::TestSDECPlotter::test_mpl_image[plotter_generate_plot_mpl4]
2025-02-21T11:49:19.0213739Z   /home/runner/work/tardis/tardis/tardis/visualization/tools/sdec_plot.py:1225: RuntimeWarning:
2025-02-21T11:49:19.0214183Z   
2025-02-21T11:49:19.0215128Z   More than 20 figures have been opened. Figures created through the pyplot interface (`matplotlib.pyplot.figure`) are retained until explicitly closed and may consume too much memory. (To control this warning, see the rcParam `figure.max_open_warning`). Consider using `matplotlib.pyplot.close()`.
2025-02-21T11:49:19.0216056Z 
2025-02-21T11:49:19.0216569Z tardis/visualization/widgets/tests/test_custom_abundance.py::TestCustomAbundanceWidget::test_update_input_item_value
2025-02-21T11:49:19.0217348Z tardis/visualization/widgets/tests/test_custom_abundance.py::TestCustomAbundanceWidget::test_update_input_item_value
2025-02-21T11:49:19.0218121Z tardis/visualization/widgets/tests/test_custom_abundance.py::TestCustomAbundanceWidget::test_update_input_item_value
2025-02-21T11:49:19.0218893Z tardis/visualization/widgets/tests/test_custom_abundance.py::TestCustomAbundanceWidget::test_update_input_item_value
2025-02-21T11:49:19.0219655Z tardis/visualization/widgets/tests/test_custom_abundance.py::TestCustomAbundanceWidget::test_update_input_item_value
2025-02-21T11:49:19.0220624Z tardis/visualization/widgets/tests/test_custom_abundance.py::TestCustomAbundanceWidget::test_update_input_item_value
2025-02-21T11:49:19.0221441Z   /home/runner/micromamba/envs/tardis/lib/python3.12/site-packages/traitlets/traitlets.py:1385: DeprecationWarning:
2025-02-21T11:49:19.0221947Z   
2025-02-21T11:49:19.0222227Z   Passing unrecognized arguments to super(Checkbox).__init__(icon='lock').
2025-02-21T11:49:19.0222676Z   object.__init__() takes exactly one argument (the instance to initialize)
2025-02-21T11:49:19.0223173Z   This is deprecated in traitlets 4.2.This error will be raised in a future release of traitlets.
2025-02-21T11:49:19.0223498Z 
2025-02-21T11:49:19.0223850Z tardis/visualization/widgets/tests/test_custom_abundance.py::TestCustomAbundanceWidget::test_update_input_item_value
2025-02-21T11:49:19.0224618Z tardis/visualization/widgets/tests/test_custom_abundance.py::TestCustomAbundanceWidget::test_update_input_item_value
2025-02-21T11:49:19.0225383Z   /home/runner/micromamba/envs/tardis/lib/python3.12/site-packages/traitlets/traitlets.py:1385: DeprecationWarning:
2025-02-21T11:49:19.0225882Z   
2025-02-21T11:49:19.0226147Z   Passing unrecognized arguments to super(FloatText).__init__(min=0).
2025-02-21T11:49:19.0226577Z   object.__init__() takes exactly one argument (the instance to initialize)
2025-02-21T11:49:19.0227066Z   This is deprecated in traitlets 4.2.This error will be raised in a future release of traitlets.
2025-02-21T11:49:19.0227379Z 
2025-02-21T11:49:19.0227729Z tardis/visualization/widgets/tests/test_custom_abundance.py::TestCustomAbundanceWidget::test_update_input_item_value
2025-02-21T11:49:19.0228495Z   /home/runner/micromamba/envs/tardis/lib/python3.12/site-packages/traitlets/traitlets.py:1385: DeprecationWarning:
2025-02-21T11:49:19.0228987Z   
2025-02-21T11:49:19.0229451Z   Passing unrecognized arguments to super(HTML).__init__(indent=True).
2025-02-21T11:49:19.0229889Z   object.__init__() takes exactly one argument (the instance to initialize)
2025-02-21T11:49:19.0230549Z   This is deprecated in traitlets 4.2.This error will be raised in a future release of traitlets.
2025-02-21T11:49:19.0230872Z 
2025-02-21T11:49:19.0231300Z tardis/visualization/widgets/tests/test_line_info.py::TestLineInfoWidgetData::test_get_species_interactions[wavelength_range0-packet_out_nu]
2025-02-21T11:49:19.0232142Z   /home/runner/micromamba/envs/tardis/lib/python3.12/site-packages/qgridnext/grid.py:820: DeprecationWarning:
2025-02-21T11:49:19.0232624Z   
2025-02-21T11:49:19.0232985Z   QgridWidget._precision_changed is deprecated in traitlets 4.1: use @observe and @unobserve instead.
2025-02-21T11:49:19.0233340Z 
2025-02-21T11:49:19.0233601Z tardis/visualization/widgets/tests/test_shell_info.py::TestHDFShellInfo::test_shells_data
2025-02-21T11:49:19.0234158Z   /home/runner/work/tardis/tardis/tardis/io/util.py:289: PerformanceWarning:
2025-02-21T11:49:19.0234514Z   
2025-02-21T11:49:19.0234671Z   
2025-02-21T11:49:19.0234963Z   your performance may suffer as PyTables will pickle object types that it cannot
2025-02-21T11:49:19.0235507Z   map directly to c-types [inferred_type->mixed,key->block0_values] [items->Index([0], dtype='int64')]
2025-02-21T11:49:19.0235851Z 
2025-02-21T11:49:19.0236110Z tardis/visualization/widgets/tests/test_shell_info.py::TestHDFShellInfo::test_shells_data
2025-02-21T11:49:19.0236783Z   /home/runner/work/tardis/tardis/tardis/io/util.py:292: PerformanceWarning:
2025-02-21T11:49:19.0237135Z   
2025-02-21T11:49:19.0237288Z   
2025-02-21T11:49:19.0237574Z   your performance may suffer as PyTables will pickle object types that it cannot
2025-02-21T11:49:19.0238043Z   map directly to c-types [inferred_type->mixed,key->values] [items->None]
2025-02-21T11:49:19.0238308Z 
2025-02-21T11:49:19.0238565Z tardis/visualization/widgets/tests/test_shell_info.py::TestHDFShellInfo::test_shells_data
2025-02-21T11:49:19.0239148Z   /home/runner/work/tardis/tardis/tardis/spectrum/formal_integral.py:398: UserWarning:
2025-02-21T11:49:19.0239553Z   
2025-02-21T11:49:19.0239830Z   The number of interpolate_shells was not specified. The value was set to 80.
2025-02-21T11:49:19.0240251Z 
2025-02-21T11:49:19.0240460Z -- Docs: https://docs.pytest.org/en/stable/how-to/capture-warnings.html
2025-02-21T11:49:19.0240739Z 
2025-02-21T11:49:19.0240905Z ---------- coverage: platform linux, python 3.12.4-final-0 -----------
2025-02-21T11:49:19.0241277Z Coverage HTML written to dir coverage_html_report
2025-02-21T11:49:19.0241574Z Coverage XML written to file coverage.xml
2025-02-21T11:49:19.0241754Z 
2025-02-21T11:49:19.0241875Z =========================== short test summary info ============================
2025-02-21T11:49:19.0242448Z FAILED tardis/spectrum/tests/test_spectrum_solver.py::TestSpectrumSolver::test_spectrum_real_packets - AssertionError: 
2025-02-21T11:49:19.0242985Z Not equal to tolerance rtol=1e-07, atol=0
2025-02-21T11:49:19.0243163Z 
2025-02-21T11:49:19.0243258Z Mismatched elements: 4355 / 10000 (43.5%)
2025-02-21T11:49:19.0243519Z Max absolute difference: 1.94155993e+40
2025-02-21T11:49:19.0243775Z Max relative difference: 137.15340685
2025-02-21T11:49:19.0244087Z  x: array([0.000000e+00, 0.000000e+00, 2.761203e+39, ..., 0.000000e+00,
2025-02-21T11:49:19.0244401Z        0.000000e+00, 0.000000e+00])
2025-02-21T11:49:19.0244690Z  y: array([1.335111e+39, 1.337387e+39, 9.415985e+38, ..., 0.000000e+00,
2025-02-21T11:49:19.0244993Z        0.000000e+00, 0.000000e+00])
2025-02-21T11:49:19.0245532Z FAILED tardis/spectrum/tests/test_spectrum_solver.py::TestSpectrumSolver::test_spectrum_real_packets_reabsorbed - AssertionError: 
2025-02-21T11:49:19.0246098Z Not equal to tolerance rtol=1e-07, atol=0
2025-02-21T11:49:19.0246276Z 
2025-02-21T11:49:19.0246363Z Mismatched elements: 4491 / 10000 (44.9%)
2025-02-21T11:49:19.0246617Z Max absolute difference: 1.0639846e+40
2025-02-21T11:49:19.0246990Z Max relative difference: 122.79315318
2025-02-21T11:49:19.0247238Z  x: array([0., 0., 0., ..., 0., 0., 0.])
2025-02-21T11:49:19.0247536Z  y: array([2.039204e+38, 3.728825e+38, 2.296469e+38, ..., 0.000000e+00,
2025-02-21T11:49:19.0247832Z        0.000000e+00, 0.000000e+00])
2025-02-21T11:49:19.0248277Z FAILED tardis/spectrum/tests/test_spectrum_solver.py::TestSpectrumSolver::test_solve - AssertionError: 
2025-02-21T11:49:19.0248754Z Not equal to tolerance rtol=1e-07, atol=0
2025-02-21T11:49:19.0248923Z 
2025-02-21T11:49:19.0249021Z Mismatched elements: 4355 / 10000 (43.5%)
2025-02-21T11:49:19.0261165Z Max absolute difference: 1.94155993e+40
2025-02-21T11:49:19.0261660Z Max relative difference: 137.15340685
2025-02-21T11:49:19.0262190Z  x: array([0.000000e+00, 0.000000e+00, 2.761203e+39, ..., 0.000000e+00,
2025-02-21T11:49:19.0262695Z        0.000000e+00, 0.000000e+00])
2025-02-21T11:49:19.0263146Z  y: array([1.335111e+39, 1.337387e+39, 9.415985e+38, ..., 0.000000e+00,
2025-02-21T11:49:19.0263634Z        0.000000e+00, 0.000000e+00])
2025-02-21T11:49:19.0264377Z FAILED tardis/tests/test_tardis_full.py::TestTransportSimple::test_j_blue_estimators - AssertionError: 
2025-02-21T11:49:19.0265173Z Not equal to tolerance rtol=1e-07, atol=0
2025-02-21T11:49:19.0265464Z 
2025-02-21T11:49:19.0265622Z Mismatched elements: 488044 / 584480 (83.5%)
2025-02-21T11:49:19.0266075Z Max absolute difference: 1.43452643e-17
2025-02-21T11:49:19.0266505Z Max relative difference: 235.31367318
2025-02-21T11:49:19.0266896Z  x: array([[0., 0., 0., ..., 0., 0., 0.],
2025-02-21T11:49:19.0267499Z        [0., 0., 0., ..., 0., 0., 0.],
2025-02-21T11:49:19.0267857Z        [0., 0., 0., ..., 0., 0., 0.],...
2025-02-21T11:49:19.0268230Z  y: array([[0., 0., 0., ..., 0., 0., 0.],
2025-02-21T11:49:19.0268601Z        [0., 0., 0., ..., 0., 0., 0.],
2025-02-21T11:49:19.0268955Z        [0., 0., 0., ..., 0., 0., 0.],...
2025-02-21T11:49:19.0269642Z FAILED tardis/tests/test_tardis_full.py::TestTransportSimple::test_spectrum - AssertionError: 
2025-02-21T11:49:19.0270560Z Not equal to tolerance rtol=1e-07, atol=0
2025-02-21T11:49:19.0270859Z 
2025-02-21T11:49:19.0270999Z Mismatched elements: 4560 / 10000 (45.6%)
2025-02-21T11:49:19.0271413Z Max absolute difference: 1.96604107e+40
2025-02-21T11:49:19.0271828Z Max relative difference: 97.03021569
2025-02-21T11:49:19.0272317Z  x: array([0.000000e+00, 0.000000e+00, 2.761203e+39, ..., 0.000000e+00,
2025-02-21T11:49:19.0272809Z        0.000000e+00, 0.000000e+00])
2025-02-21T11:49:19.0273264Z  y: array([1.471192e+39, 1.695642e+39, 1.353685e+39, ..., 0.000000e+00,
2025-02-21T11:49:19.0273745Z        0.000000e+00, 0.000000e+00])
2025-02-21T11:49:19.0274474Z FAILED tardis/tests/test_tardis_full.py::TestTransportSimple::test_virtual_spectrum - AssertionError: 
2025-02-21T11:49:19.0275255Z Not equal to tolerance rtol=1e-07, atol=0
2025-02-21T11:49:19.0275535Z 
2025-02-21T11:49:19.0275680Z Mismatched elements: 5659 / 10000 (56.6%)
2025-02-21T11:49:19.0276097Z Max absolute difference: 4.69537822e+39
2025-02-21T11:49:19.0276514Z Max relative difference: 419.77405263
2025-02-21T11:49:19.0276994Z  x: array([1.318953e+39, 2.313815e+39, 3.720004e+39, ..., 0.000000e+00,
2025-02-21T11:49:19.0277490Z        0.000000e+00, 0.000000e+00])
2025-02-21T11:49:19.0277840Z  y: array([1.440332e+39, 1.356114e+39, 1.397557e+39, ..., 0.000000e+00,
2025-02-21T11:49:19.0278177Z        0.000000e+00, 0.000000e+00])
2025-02-21T11:49:19.0278640Z = 6 failed, 1404 passed, 357 skipped, 2 deselected, 19 xfailed, 8 xpassed, 63 warnings in 701.26s (0:11:41) =
2025-02-21T11:49:21.1054452Z ##[error]Process completed with exit code 1.
2025-02-21T11:49:21.1126148Z Post job cleanup.
2025-02-21T11:49:21.1156911Z Post job cleanup.
2025-02-21T11:49:21.2527080Z Will use pre-installed micromamba at /home/runner/micromamba-bin/micromamba
2025-02-21T11:49:21.2534852Z Removing micromamba run shell ...
2025-02-21T11:49:21.2538899Z ##[group]Deinitialize micromamba for bash
2025-02-21T11:49:21.2557829Z [command]/home/runner/micromamba-bin/micromamba shell deinit -s bash -r /home/runner/micromamba --log-level warning --rc-file /home/runner/work/_temp/setup-micromamba/.condarc
2025-02-21T11:49:21.2664883Z Resetting RC file "/home/runner/.bashrc"
2025-02-21T11:49:21.2665403Z Deleting config for root prefix 
2025-02-21T11:49:21.2665874Z Clearing mamba executable environment variable
2025-02-21T11:49:21.2667984Z Removing the following in your "/home/runner/.bashrc" file
2025-02-21T11:49:21.2668689Z # >>> mamba initialize >>>
2025-02-21T11:49:21.2669040Z ...
2025-02-21T11:49:21.2669327Z # <<< mamba initialize <<<
2025-02-21T11:49:21.2702563Z Removing mamba initialize block from .bash_profile
2025-02-21T11:49:21.2717638Z ##[endgroup]
2025-02-21T11:49:21.2721995Z Removing environment tardis from auto-activate bash ...
2025-02-21T11:49:21.2844951Z Post job cleanup.
2025-02-21T11:49:21.2883058Z Post job cleanup.
2025-02-21T11:49:21.3855424Z [command]/usr/bin/git version
2025-02-21T11:49:21.3892604Z git version 2.48.1
2025-02-21T11:49:21.3943085Z Temporarily overriding HOME='/home/runner/work/_temp/2d0003b8-a00a-4651-b199-822b73d19ba1' before making global git config changes
2025-02-21T11:49:21.3944293Z Adding repository directory to the temporary git global config as a safe directory
2025-02-21T11:49:21.3948412Z [command]/usr/bin/git config --global --add safe.directory /home/runner/work/tardis/tardis/tardis-regression-data
2025-02-21T11:49:21.3982648Z [command]/usr/bin/git config --local --name-only --get-regexp core\.sshCommand
2025-02-21T11:49:21.4014839Z [command]/usr/bin/git submodule foreach --recursive sh -c "git config --local --name-only --get-regexp 'core\.sshCommand' && git config --local --unset-all 'core.sshCommand' || :"
2025-02-21T11:49:21.4267454Z [command]/usr/bin/git config --local --name-only --get-regexp http\.https\:\/\/github\.com\/\.extraheader
2025-02-21T11:49:21.4288930Z http.https://github.com/.extraheader
2025-02-21T11:49:21.4302076Z [command]/usr/bin/git config --local --unset-all http.https://github.com/.extraheader
2025-02-21T11:49:21.4332685Z [command]/usr/bin/git submodule foreach --recursive sh -c "git config --local --name-only --get-regexp 'http\.https\:\/\/github\.com\/\.extraheader' && git config --local --unset-all 'http.https://github.com/.extraheader' || :"
2025-02-21T11:49:21.4671452Z Post job cleanup.
2025-02-21T11:49:21.5625180Z [command]/usr/bin/git version
2025-02-21T11:49:21.5660842Z git version 2.48.1
2025-02-21T11:49:21.5709769Z Temporarily overriding HOME='/home/runner/work/_temp/08cecc38-d029-4d09-b10a-46ebe0ad0da7' before making global git config changes
2025-02-21T11:49:21.5711356Z Adding repository directory to the temporary git global config as a safe directory
2025-02-21T11:49:21.5716026Z [command]/usr/bin/git config --global --add safe.directory /home/runner/work/tardis/tardis
2025-02-21T11:49:21.5750628Z [command]/usr/bin/git config --local --name-only --get-regexp core\.sshCommand
2025-02-21T11:49:21.5782341Z [command]/usr/bin/git submodule foreach --recursive sh -c "git config --local --name-only --get-regexp 'core\.sshCommand' && git config --local --unset-all 'core.sshCommand' || :"
2025-02-21T11:49:21.6015104Z [command]/usr/bin/git config --local --name-only --get-regexp http\.https\:\/\/github\.com\/\.extraheader
2025-02-21T11:49:21.6036605Z http.https://github.com/.extraheader
2025-02-21T11:49:21.6049707Z [command]/usr/bin/git config --local --unset-all http.https://github.com/.extraheader
2025-02-21T11:49:21.6079845Z [command]/usr/bin/git submodule foreach --recursive sh -c "git config --local --name-only --get-regexp 'http\.https\:\/\/github\.com\/\.extraheader' && git config --local --unset-all 'http.https://github.com/.extraheader' || :"
2025-02-21T11:49:21.6428940Z Cleaning up orphan processes
