2025-02-23T16:41:48.1834120Z Requested labels: macos-latest
2025-02-23T16:41:48.1834492Z Job defined at: tardis-sn/tardis/.github/workflows/tests.yml@refs/pull/2973/merge
2025-02-23T16:41:48.1834621Z Waiting for a runner to pick up this job...
2025-02-23T16:41:48.4038094Z Job is waiting for a hosted runner to come online.
2025-02-23T16:41:52.4386236Z Job is about to start running on the hosted runner: GitHub Actions 22 (hosted)
2025-02-23T16:41:53.7144780Z Current runner version: '2.322.0'
2025-02-23T16:41:53.7161900Z ##[group]Operating System
2025-02-23T16:41:53.7162370Z macOS
2025-02-23T16:41:53.7162690Z 14.7.2
2025-02-23T16:41:53.7162990Z 23H311
2025-02-23T16:41:53.7163280Z ##[endgroup]
2025-02-23T16:41:53.7163600Z ##[group]Runner Image
2025-02-23T16:41:53.7163940Z Image: macos-14-arm64
2025-02-23T16:41:53.7164270Z Version: 20250120.774
2025-02-23T16:41:53.7164930Z Included Software: https://github.com/actions/runner-images/blob/macos-14-arm64/20250120.774/images/macos/macos-14-arm64-Readme.md
2025-02-23T16:41:53.7165860Z Image Release: https://github.com/actions/runner-images/releases/tag/macos-14-arm64%2F20250120.774
2025-02-23T16:41:53.7166450Z ##[endgroup]
2025-02-23T16:41:53.7166770Z ##[group]Runner Image Provisioner
2025-02-23T16:41:53.7167190Z 2.0.422.1+55c30c14fe2a0a1547db1b656933ae07d97649a9
2025-02-23T16:41:53.7167580Z ##[endgroup]
2025-02-23T16:41:53.7168920Z ##[group]GITHUB_TOKEN Permissions
2025-02-23T16:41:53.7169990Z Actions: read
2025-02-23T16:41:53.7170310Z Attestations: read
2025-02-23T16:41:53.7170620Z Checks: read
2025-02-23T16:41:53.7170920Z Contents: read
2025-02-23T16:41:53.7171220Z Deployments: read
2025-02-23T16:41:53.7171530Z Discussions: read
2025-02-23T16:41:53.7171830Z Issues: read
2025-02-23T16:41:53.7172130Z Metadata: read
2025-02-23T16:41:53.7172430Z Packages: read
2025-02-23T16:41:53.7172730Z Pages: read
2025-02-23T16:41:53.7173030Z PullRequests: read
2025-02-23T16:41:53.7173340Z RepositoryProjects: read
2025-02-23T16:41:53.7173680Z SecurityEvents: read
2025-02-23T16:41:53.7174000Z Statuses: read
2025-02-23T16:41:53.7174310Z ##[endgroup]
2025-02-23T16:41:53.7176050Z Secret source: None
2025-02-23T16:41:53.7176480Z Prepare workflow directory
2025-02-23T16:41:53.7495510Z Prepare all required actions
2025-02-23T16:41:53.7520640Z Getting action download info
2025-02-23T16:41:53.9324070Z ##[group]Download immutable action package 'actions/checkout@v4'
2025-02-23T16:41:53.9324900Z Version: 4.2.2
2025-02-23T16:41:53.9325760Z Digest: sha256:ccb2698953eaebd21c7bf6268a94f9c26518a7e38e27e0b83c1fe1ad049819b1
2025-02-23T16:41:53.9326770Z Source commit SHA: 11bd71901bbe5b1630ceea73d27597364c9af683
2025-02-23T16:41:53.9327430Z ##[endgroup]
2025-02-23T16:41:54.2695970Z ##[group]Download immutable action package 'actions/upload-artifact@v4'
2025-02-23T16:41:54.2696590Z Version: 4.6.1
2025-02-23T16:41:54.2697100Z Digest: sha256:3f6a28e7a1e0b5c8e2249e28da121a049fa5b91863b04390a46a82e4f8e2da98
2025-02-23T16:41:54.2697740Z Source commit SHA: 4cec3d8aa04e39d1a68397de0c4cd6fb9dce8ec1
2025-02-23T16:41:54.2698220Z ##[endgroup]
2025-02-23T16:41:54.9584620Z Complete job name: not continuum macos-latest 
2025-02-23T16:41:55.0031620Z ##[group]Run actions/checkout@v4
2025-02-23T16:41:55.0032100Z with:
2025-02-23T16:41:55.0032370Z   repository: tardis-sn/tardis
2025-02-23T16:41:55.0032780Z   token: ***
2025-02-23T16:41:55.0033040Z   ssh-strict: true
2025-02-23T16:41:55.0033310Z   ssh-user: git
2025-02-23T16:41:55.0033600Z   persist-credentials: true
2025-02-23T16:41:55.0033940Z   clean: true
2025-02-23T16:41:55.0034240Z   sparse-checkout-cone-mode: true
2025-02-23T16:41:55.0034590Z   fetch-depth: 1
2025-02-23T16:41:55.0035260Z   fetch-tags: false
2025-02-23T16:41:55.0035630Z   show-progress: true
2025-02-23T16:41:55.0035970Z   lfs: false
2025-02-23T16:41:55.0036270Z   submodules: false
2025-02-23T16:41:55.0036720Z   set-safe-directory: true
2025-02-23T16:41:55.0037350Z env:
2025-02-23T16:41:55.0037740Z   CACHE_NUMBER: 0
2025-02-23T16:41:55.0038630Z   PYTEST_FLAGS: --tardis-regression-data=/Users/runner/work/tardis/tardis/tardis-regression-data --cov=tardis --cov-report=xml --cov-report=html --cov-append
2025-02-23T16:41:55.0039500Z   CODECOV_TOKEN: 
2025-02-23T16:41:55.0039790Z ##[endgroup]
2025-02-23T16:41:55.2821100Z Syncing repository: tardis-sn/tardis
2025-02-23T16:41:55.2822320Z ##[group]Getting Git version info
2025-02-23T16:41:55.2822800Z Working directory is '/Users/runner/work/tardis/tardis'
2025-02-23T16:41:55.2826600Z [command]/opt/homebrew/bin/git version
2025-02-23T16:41:55.3344360Z git version 2.48.1
2025-02-23T16:41:55.3370040Z ##[endgroup]
2025-02-23T16:41:55.3375870Z Copying '/Users/runner/.gitconfig' to '/Users/runner/work/_temp/4455471a-6d55-4091-aaa3-caad97132b9f/.gitconfig'
2025-02-23T16:41:55.3382080Z Temporarily overriding HOME='/Users/runner/work/_temp/4455471a-6d55-4091-aaa3-caad97132b9f' before making global git config changes
2025-02-23T16:41:55.3383140Z Adding repository directory to the temporary git global config as a safe directory
2025-02-23T16:41:55.3385860Z [command]/opt/homebrew/bin/git config --global --add safe.directory /Users/runner/work/tardis/tardis
2025-02-23T16:41:55.3468870Z Deleting the contents of '/Users/runner/work/tardis/tardis'
2025-02-23T16:41:55.3471030Z ##[group]Initializing the repository
2025-02-23T16:41:55.3475190Z [command]/opt/homebrew/bin/git init /Users/runner/work/tardis/tardis
2025-02-23T16:41:55.3631720Z hint: Using 'master' as the name for the initial branch. This default branch name
2025-02-23T16:41:55.3632620Z hint: is subject to change. To configure the initial branch name to use in all
2025-02-23T16:41:55.3633320Z hint: of your new repositories, which will suppress this warning, call:
2025-02-23T16:41:55.3633870Z hint:
2025-02-23T16:41:55.3634320Z hint: 	git config --global init.defaultBranch <name>
2025-02-23T16:41:55.3634790Z hint:
2025-02-23T16:41:55.3635270Z hint: Names commonly chosen instead of 'master' are 'main', 'trunk' and
2025-02-23T16:41:55.3636010Z hint: 'development'. The just-created branch can be renamed via this command:
2025-02-23T16:41:55.3636580Z hint:
2025-02-23T16:41:55.3636930Z hint: 	git branch -m <name>
2025-02-23T16:41:55.3637470Z Initialized empty Git repository in /Users/runner/work/tardis/tardis/.git/
2025-02-23T16:41:55.3638970Z [command]/opt/homebrew/bin/git remote add origin https://github.com/tardis-sn/tardis
2025-02-23T16:41:55.3691670Z ##[endgroup]
2025-02-23T16:41:55.3692250Z ##[group]Disabling automatic garbage collection
2025-02-23T16:41:55.3694150Z [command]/opt/homebrew/bin/git config --local gc.auto 0
2025-02-23T16:41:55.3736010Z ##[endgroup]
2025-02-23T16:41:55.3736620Z ##[group]Setting up auth
2025-02-23T16:41:55.3740320Z [command]/opt/homebrew/bin/git config --local --name-only --get-regexp core\.sshCommand
2025-02-23T16:41:55.3788240Z [command]/opt/homebrew/bin/git submodule foreach --recursive sh -c "git config --local --name-only --get-regexp 'core\.sshCommand' && git config --local --unset-all 'core.sshCommand' || :"
2025-02-23T16:41:55.4481320Z [command]/opt/homebrew/bin/git config --local --name-only --get-regexp http\.https\:\/\/github\.com\/\.extraheader
2025-02-23T16:41:55.4520300Z [command]/opt/homebrew/bin/git submodule foreach --recursive sh -c "git config --local --name-only --get-regexp 'http\.https\:\/\/github\.com\/\.extraheader' && git config --local --unset-all 'http.https://github.com/.extraheader' || :"
2025-02-23T16:41:55.5878600Z [command]/opt/homebrew/bin/git config --local http.https://github.com/.extraheader AUTHORIZATION: basic ***
2025-02-23T16:41:55.5883950Z ##[endgroup]
2025-02-23T16:41:55.5884670Z ##[group]Fetching the repository
2025-02-23T16:41:55.5889880Z [command]/opt/homebrew/bin/git -c protocol.version=2 fetch --no-tags --prune --no-recurse-submodules --depth=1 origin +318e29398c695b49b64d8562291eccf6a009c9b3:refs/remotes/pull/2973/merge
2025-02-23T16:41:57.1573130Z From https://github.com/tardis-sn/tardis
2025-02-23T16:41:57.1576550Z  * [new ref]         318e29398c695b49b64d8562291eccf6a009c9b3 -> pull/2973/merge
2025-02-23T16:41:57.1638650Z ##[endgroup]
2025-02-23T16:41:57.1639490Z ##[group]Determining the checkout info
2025-02-23T16:41:57.1640290Z ##[endgroup]
2025-02-23T16:41:57.1643670Z [command]/opt/homebrew/bin/git sparse-checkout disable
2025-02-23T16:41:57.1709990Z [command]/opt/homebrew/bin/git config --local --unset-all extensions.worktreeConfig
2025-02-23T16:41:57.1766270Z ##[group]Checking out the ref
2025-02-23T16:41:57.1768360Z [command]/opt/homebrew/bin/git checkout --progress --force refs/remotes/pull/2973/merge
2025-02-23T16:41:57.3862780Z HEAD is now at 318e293 Merge 61106d12cb106e4c5ea1d0475a021d787505f32e into 6e790c66049717c1a7df370212bf7063c85b7fdd
2025-02-23T16:41:57.3878090Z ##[endgroup]
2025-02-23T16:41:57.3942620Z [command]/opt/homebrew/bin/git log -1 --format=%H
2025-02-23T16:41:57.3991600Z 318e29398c695b49b64d8562291eccf6a009c9b3
2025-02-23T16:41:57.4235040Z Prepare all required actions
2025-02-23T16:41:57.4235600Z Getting action download info
2025-02-23T16:41:57.6282250Z ##[group]Download immutable action package 'actions/cache@v4'
2025-02-23T16:41:57.6283870Z Version: 4.2.1
2025-02-23T16:41:57.6285390Z Digest: sha256:b0404c9628d43aa6855629075b28f32cadf8efc5c26198438149f78500112940
2025-02-23T16:41:57.6287550Z Source commit SHA: 0c907a75c2c80ebcb7f088228285e798b750cf8f
2025-02-23T16:41:57.6288980Z ##[endgroup]
2025-02-23T16:41:58.1358770Z ##[group]Run ./.github/actions/setup_lfs
2025-02-23T16:41:58.1359440Z with:
2025-02-23T16:41:58.1360050Z   regression-data-repo: tardis-sn/tardis-regression-data
2025-02-23T16:41:58.1360770Z   atom-data-sparse: false
2025-02-23T16:41:58.1361320Z env:
2025-02-23T16:41:58.1361840Z   CACHE_NUMBER: 0
2025-02-23T16:41:58.1362790Z   PYTEST_FLAGS: --tardis-regression-data=/Users/runner/work/tardis/tardis/tardis-regression-data --cov=tardis --cov-report=xml --cov-report=html --cov-append
2025-02-23T16:41:58.1363830Z   CODECOV_TOKEN: 
2025-02-23T16:41:58.1364330Z ##[endgroup]
2025-02-23T16:41:58.1493200Z ##[group]Run actions/checkout@v4
2025-02-23T16:41:58.1493820Z with:
2025-02-23T16:41:58.1494350Z   repository: tardis-sn/tardis-regression-data
2025-02-23T16:41:58.1495040Z   path: tardis-regression-data
2025-02-23T16:41:58.1518280Z   lfs: false
2025-02-23T16:41:58.1522180Z   token: ***
2025-02-23T16:41:58.1522760Z   ssh-strict: true
2025-02-23T16:41:58.1525770Z   ssh-user: git
2025-02-23T16:41:58.1526320Z   persist-credentials: true
2025-02-23T16:41:58.1526870Z   clean: true
2025-02-23T16:41:58.1533110Z   sparse-checkout-cone-mode: true
2025-02-23T16:41:58.1533690Z   fetch-depth: 1
2025-02-23T16:41:58.1534250Z   fetch-tags: false
2025-02-23T16:41:58.1534770Z   show-progress: true
2025-02-23T16:41:58.1535300Z   submodules: false
2025-02-23T16:41:58.1535830Z   set-safe-directory: true
2025-02-23T16:41:58.1536370Z env:
2025-02-23T16:41:58.1536840Z   CACHE_NUMBER: 0
2025-02-23T16:41:58.1537800Z   PYTEST_FLAGS: --tardis-regression-data=/Users/runner/work/tardis/tardis/tardis-regression-data --cov=tardis --cov-report=xml --cov-report=html --cov-append
2025-02-23T16:41:58.1538780Z   CODECOV_TOKEN: 
2025-02-23T16:41:58.1539300Z ##[endgroup]
2025-02-23T16:41:58.2949420Z Syncing repository: tardis-sn/tardis-regression-data
2025-02-23T16:41:58.2953920Z ##[group]Getting Git version info
2025-02-23T16:41:58.2961180Z Working directory is '/Users/runner/work/tardis/tardis/tardis-regression-data'
2025-02-23T16:41:58.2979770Z [command]/opt/homebrew/bin/git version
2025-02-23T16:41:58.2985240Z git version 2.48.1
2025-02-23T16:41:58.3018790Z ##[endgroup]
2025-02-23T16:41:58.3021470Z Copying '/Users/runner/.gitconfig' to '/Users/runner/work/_temp/0151787b-649e-4f44-9110-7e386b901d9c/.gitconfig'
2025-02-23T16:41:58.3022770Z Temporarily overriding HOME='/Users/runner/work/_temp/0151787b-649e-4f44-9110-7e386b901d9c' before making global git config changes
2025-02-23T16:41:58.3023900Z Adding repository directory to the temporary git global config as a safe directory
2025-02-23T16:41:58.3025050Z [command]/opt/homebrew/bin/git config --global --add safe.directory /Users/runner/work/tardis/tardis/tardis-regression-data
2025-02-23T16:41:58.3027100Z ##[group]Initializing the repository
2025-02-23T16:41:58.3027960Z [command]/opt/homebrew/bin/git init /Users/runner/work/tardis/tardis/tardis-regression-data
2025-02-23T16:41:58.3029040Z hint: Using 'master' as the name for the initial branch. This default branch name
2025-02-23T16:41:58.3029900Z hint: is subject to change. To configure the initial branch name to use in all
2025-02-23T16:41:58.3030790Z hint: of your new repositories, which will suppress this warning, call:
2025-02-23T16:41:58.3031830Z hint:
2025-02-23T16:41:58.3043950Z hint: 	git config --global init.defaultBranch <name>
2025-02-23T16:41:58.3045230Z hint:
2025-02-23T16:41:58.3045980Z hint: Names commonly chosen instead of 'master' are 'main', 'trunk' and
2025-02-23T16:41:58.3047480Z hint: 'development'. The just-created branch can be renamed via this command:
2025-02-23T16:41:58.3048280Z hint:
2025-02-23T16:41:58.3049110Z hint: 	git branch -m <name>
2025-02-23T16:41:58.3049980Z Initialized empty Git repository in /Users/runner/work/tardis/tardis/tardis-regression-data/.git/
2025-02-23T16:41:58.3052410Z [command]/opt/homebrew/bin/git remote add origin https://github.com/tardis-sn/tardis-regression-data
2025-02-23T16:41:58.3055620Z ##[endgroup]
2025-02-23T16:41:58.3056630Z ##[group]Disabling automatic garbage collection
2025-02-23T16:41:58.3057390Z [command]/opt/homebrew/bin/git config --local gc.auto 0
2025-02-23T16:41:58.3059160Z ##[endgroup]
2025-02-23T16:41:58.3060970Z ##[group]Setting up auth
2025-02-23T16:41:58.3062000Z [command]/opt/homebrew/bin/git config --local --name-only --get-regexp core\.sshCommand
2025-02-23T16:41:58.3066420Z [command]/opt/homebrew/bin/git submodule foreach --recursive sh -c "git config --local --name-only --get-regexp 'core\.sshCommand' && git config --local --unset-all 'core.sshCommand' || :"
2025-02-23T16:41:58.3692860Z [command]/opt/homebrew/bin/git config --local --name-only --get-regexp http\.https\:\/\/github\.com\/\.extraheader
2025-02-23T16:41:58.3780560Z [command]/opt/homebrew/bin/git submodule foreach --recursive sh -c "git config --local --name-only --get-regexp 'http\.https\:\/\/github\.com\/\.extraheader' && git config --local --unset-all 'http.https://github.com/.extraheader' || :"
2025-02-23T16:41:58.4339150Z [command]/opt/homebrew/bin/git config --local http.https://github.com/.extraheader AUTHORIZATION: basic ***
2025-02-23T16:41:58.4387470Z ##[endgroup]
2025-02-23T16:41:58.4388510Z ##[group]Determining the default branch
2025-02-23T16:41:58.4389670Z Retrieving the default branch name
2025-02-23T16:41:58.8161960Z Default branch 'main'
2025-02-23T16:41:58.8163690Z ##[endgroup]
2025-02-23T16:41:58.8164980Z ##[group]Fetching the repository
2025-02-23T16:41:58.8167730Z [command]/opt/homebrew/bin/git -c protocol.version=2 fetch --no-tags --prune --no-recurse-submodules --depth=1 origin +refs/heads/main:refs/remotes/origin/main
2025-02-23T16:41:59.7322430Z From https://github.com/tardis-sn/tardis-regression-data
2025-02-23T16:41:59.7421700Z  * [new branch]      main       -> origin/main
2025-02-23T16:41:59.7709480Z ##[endgroup]
2025-02-23T16:41:59.7810900Z ##[group]Determining the checkout info
2025-02-23T16:41:59.7912840Z ##[endgroup]
2025-02-23T16:41:59.7970460Z [command]/opt/homebrew/bin/git sparse-checkout disable
2025-02-23T16:41:59.7980800Z [command]/opt/homebrew/bin/git config --local --unset-all extensions.worktreeConfig
2025-02-23T16:41:59.7981940Z ##[group]Checking out the ref
2025-02-23T16:41:59.7982480Z [command]/opt/homebrew/bin/git checkout --progress --force -B main refs/remotes/origin/main
2025-02-23T16:42:00.2536930Z Switched to a new branch 'main'
2025-02-23T16:42:00.2546690Z branch 'main' set up to track 'origin/main'.
2025-02-23T16:42:00.3668280Z ##[endgroup]
2025-02-23T16:42:00.3746780Z [command]/opt/homebrew/bin/git log -1 --format=%H
2025-02-23T16:42:00.3811020Z 84e768462f20f09fbccc05625cdcc1d8ffbe404c
2025-02-23T16:42:00.3953000Z ##[group]Run if [ "false" == "true" ]; then
2025-02-23T16:42:00.3953590Z [36;1mif [ "false" == "true" ]; then[0m
2025-02-23T16:42:00.3953880Z [36;1m  echo "Using atom data sparse checkout"[0m
2025-02-23T16:42:00.3954230Z [36;1m  echo "atom_data/kurucz_cd23_chianti_H_He.h5" > .lfs-files-list[0m
2025-02-23T16:42:00.3954540Z [36;1melse[0m
2025-02-23T16:42:00.3954730Z [36;1m  echo "Using full repository checkout"[0m
2025-02-23T16:42:00.3955050Z [36;1m  git lfs ls-files -l | cut -d' ' -f1 | sort > .lfs-files-list[0m
2025-02-23T16:42:00.3955350Z [36;1mfi[0m
2025-02-23T16:42:00.4032430Z shell: /bin/bash --noprofile --norc -e -o pipefail {0}
2025-02-23T16:42:00.4033220Z env:
2025-02-23T16:42:00.4033420Z   CACHE_NUMBER: 0
2025-02-23T16:42:00.4033960Z   PYTEST_FLAGS: --tardis-regression-data=/Users/runner/work/tardis/tardis/tardis-regression-data --cov=tardis --cov-report=xml --cov-report=html --cov-append
2025-02-23T16:42:00.4034500Z   CODECOV_TOKEN: 
2025-02-23T16:42:00.4034960Z ##[endgroup]
2025-02-23T16:42:00.4319930Z Using full repository checkout
2025-02-23T16:42:00.6798100Z ##[group]Run actions/cache/restore@v4
2025-02-23T16:42:00.6798400Z with:
2025-02-23T16:42:00.6798550Z   path: tardis-regression-data/.git/lfs
2025-02-23T16:42:00.6799110Z   key: tardis-regression-full-data-c8ff2bbb6048b3f24d3f52a1e85b013ad47e52c369a6ce4cfdeff528b659b86f-tardis-sn/tardis-regression-data-v1
2025-02-23T16:42:00.6799620Z   fail-on-cache-miss: true
2025-02-23T16:42:00.6799810Z   enableCrossOsArchive: false
2025-02-23T16:42:00.6800000Z   lookup-only: false
2025-02-23T16:42:00.6800160Z env:
2025-02-23T16:42:00.6800310Z   CACHE_NUMBER: 0
2025-02-23T16:42:00.6800830Z   PYTEST_FLAGS: --tardis-regression-data=/Users/runner/work/tardis/tardis/tardis-regression-data --cov=tardis --cov-report=xml --cov-report=html --cov-append
2025-02-23T16:42:00.6801340Z   CODECOV_TOKEN: 
2025-02-23T16:42:00.6801480Z ##[endgroup]
2025-02-23T16:42:01.0090860Z Cache hit for: tardis-regression-full-data-c8ff2bbb6048b3f24d3f52a1e85b013ad47e52c369a6ce4cfdeff528b659b86f-tardis-sn/tardis-regression-data-v1
2025-02-23T16:42:02.2413000Z Received 33554432 of 2161656325 (1.6%), 31.9 MBs/sec
2025-02-23T16:42:03.2575940Z Received 134217728 of 2161656325 (6.2%), 63.5 MBs/sec
2025-02-23T16:42:04.2536530Z Received 251658240 of 2161656325 (11.6%), 79.6 MBs/sec
2025-02-23T16:42:05.2571650Z Received 335544320 of 2161656325 (15.5%), 79.6 MBs/sec
2025-02-23T16:42:06.2572980Z Received 427819008 of 2161656325 (19.8%), 81.3 MBs/sec
2025-02-23T16:42:07.2607670Z Received 536870912 of 2161656325 (24.8%), 85.0 MBs/sec
2025-02-23T16:42:08.2613100Z Received 650117120 of 2161656325 (30.1%), 88.3 MBs/sec
2025-02-23T16:42:09.2648890Z Received 775946240 of 2161656325 (35.9%), 92.2 MBs/sec
2025-02-23T16:42:10.2663150Z Received 876609536 of 2161656325 (40.6%), 92.6 MBs/sec
2025-02-23T16:42:11.2676050Z Received 968884224 of 2161656325 (44.8%), 92.1 MBs/sec
2025-02-23T16:42:12.2764890Z Received 1073741824 of 2161656325 (49.7%), 92.8 MBs/sec
2025-02-23T16:42:13.2772820Z Received 1199570944 of 2161656325 (55.5%), 95.0 MBs/sec
2025-02-23T16:42:14.2785410Z Received 1296039936 of 2161656325 (60.0%), 94.8 MBs/sec
2025-02-23T16:42:15.2870470Z Received 1337982976 of 2161656325 (61.9%), 90.8 MBs/sec
2025-02-23T16:42:16.2894710Z Received 1438646272 of 2161656325 (66.6%), 91.2 MBs/sec
2025-02-23T16:42:17.2902940Z Received 1526726656 of 2161656325 (70.6%), 90.7 MBs/sec
2025-02-23T16:42:18.3176260Z Received 1610612736 of 2161656325 (74.5%), 89.9 MBs/sec
2025-02-23T16:42:19.3193380Z Received 1732247552 of 2161656325 (80.1%), 91.4 MBs/sec
2025-02-23T16:42:20.3218750Z Received 1811939328 of 2161656325 (83.8%), 90.6 MBs/sec
2025-02-23T16:42:21.3239990Z Received 1900019712 of 2161656325 (87.9%), 90.2 MBs/sec
2025-02-23T16:42:22.3568800Z Received 2013265920 of 2161656325 (93.1%), 90.9 MBs/sec
2025-02-23T16:42:23.3572830Z Received 2113929216 of 2161656325 (97.8%), 91.1 MBs/sec
2025-02-23T16:42:24.3595970Z Received 2157462021 of 2161656325 (99.8%), 89.0 MBs/sec
2025-02-23T16:42:24.4364060Z Received 2161656325 of 2161656325 (100.0%), 88.9 MBs/sec
2025-02-23T16:42:24.4414340Z Cache Size: ~2062 MB (2161656325 B)
2025-02-23T16:42:24.4537700Z [command]/opt/homebrew/bin/gtar -xf /Users/runner/work/_temp/52fbbba7-7b25-4b03-b212-fff50a9a99ce/cache.tzst -P -C /Users/runner/work/tardis/tardis --delay-directory-restore --use-compress-program unzstd
2025-02-23T16:42:34.1205200Z Cache restored successfully
2025-02-23T16:42:34.2690500Z Cache restored from key: tardis-regression-full-data-c8ff2bbb6048b3f24d3f52a1e85b013ad47e52c369a6ce4cfdeff528b659b86f-tardis-sn/tardis-regression-data-v1
2025-02-23T16:42:34.2840540Z ##[group]Run git lfs checkout
2025-02-23T16:42:34.2841670Z [36;1mgit lfs checkout[0m
2025-02-23T16:42:34.2990160Z shell: /bin/bash --noprofile --norc -e -o pipefail {0}
2025-02-23T16:42:34.2990630Z env:
2025-02-23T16:42:34.2990870Z   CACHE_NUMBER: 0
2025-02-23T16:42:34.2997730Z   PYTEST_FLAGS: --tardis-regression-data=/Users/runner/work/tardis/tardis/tardis-regression-data --cov=tardis --cov-report=xml --cov-report=html --cov-append
2025-02-23T16:42:34.2998320Z   CODECOV_TOKEN: 
2025-02-23T16:42:34.2998500Z ##[endgroup]
2025-02-23T16:42:46.0242790Z Checking out LFS objects: 100% (204/204), 5.7 GB | 417 MB/s, done.
2025-02-23T16:42:59.5630370Z Prepare all required actions
2025-02-23T16:42:59.5630970Z Getting action download info
2025-02-23T16:42:59.6976180Z Download action repository 'mamba-org/setup-micromamba@v1' (SHA:4b9113af4fba0e9e1124b252dd6497a419e7396d)
2025-02-23T16:43:00.8064190Z ##[group]Run ./.github/actions/setup_env
2025-02-23T16:43:00.8064550Z with:
2025-02-23T16:43:00.8065350Z   os-label: osx-arm64
2025-02-23T16:43:00.8066160Z env:
2025-02-23T16:43:00.8066440Z   CACHE_NUMBER: 0
2025-02-23T16:43:00.8066950Z   PYTEST_FLAGS: --tardis-regression-data=/Users/runner/work/tardis/tardis/tardis-regression-data --cov=tardis --cov-report=xml --cov-report=html --cov-append
2025-02-23T16:43:00.8067510Z   CODECOV_TOKEN: 
2025-02-23T16:43:00.8067680Z ##[endgroup]
2025-02-23T16:43:00.8136400Z ##[group]Run file_hash=$(cat conda-osx-arm64.lock | shasum -a 256 | cut -d' ' -f1)
2025-02-23T16:43:00.8136990Z [36;1mfile_hash=$(cat conda-osx-arm64.lock | shasum -a 256 | cut -d' ' -f1)[0m
2025-02-23T16:43:00.8137970Z [36;1mecho "file_hash=tardis-conda-env-osx-arm64-${file_hash}-v1" >> "${GITHUB_OUTPUT}"[0m
2025-02-23T16:43:00.8247460Z shell: /bin/bash --noprofile --norc -e -o pipefail {0}
2025-02-23T16:43:00.8248260Z env:
2025-02-23T16:43:00.8248420Z   CACHE_NUMBER: 0
2025-02-23T16:43:00.8249050Z   PYTEST_FLAGS: --tardis-regression-data=/Users/runner/work/tardis/tardis/tardis-regression-data --cov=tardis --cov-report=xml --cov-report=html --cov-append
2025-02-23T16:43:00.8249690Z   CODECOV_TOKEN: 
2025-02-23T16:43:00.8249850Z ##[endgroup]
2025-02-23T16:43:00.9485090Z ##[group]Run mamba-org/setup-micromamba@v1
2025-02-23T16:43:00.9485330Z with:
2025-02-23T16:43:00.9485620Z   environment-file: conda-osx-arm64.lock
2025-02-23T16:43:00.9486100Z   cache-environment-key: tardis-conda-env-osx-arm64-bf0d0a4d4c847cca72476c6c68c493d56c484aada7e80de0e42c7607fcef5824-v1
2025-02-23T16:43:00.9486840Z   cache-downloads-key: tardis-conda-env-osx-arm64-bf0d0a4d4c847cca72476c6c68c493d56c484aada7e80de0e42c7607fcef5824-v1
2025-02-23T16:43:00.9487280Z   environment-name: tardis
2025-02-23T16:43:00.9487470Z   cache-environment: true
2025-02-23T16:43:00.9487660Z   cache-downloads: true
2025-02-23T16:43:00.9487830Z env:
2025-02-23T16:43:00.9487980Z   CACHE_NUMBER: 0
2025-02-23T16:43:00.9488470Z   PYTEST_FLAGS: --tardis-regression-data=/Users/runner/work/tardis/tardis/tardis-regression-data --cov=tardis --cov-report=xml --cov-report=html --cov-append
2025-02-23T16:43:00.9489000Z   CODECOV_TOKEN: 
2025-02-23T16:43:00.9489180Z ##[endgroup]
2025-02-23T16:43:01.3715060Z Will download micromamba to /Users/runner/micromamba-bin/micromamba
2025-02-23T16:43:01.3724610Z ##[group]Install micromamba
2025-02-23T16:43:02.1086750Z micromamba installed to /Users/runner/micromamba-bin/micromamba
2025-02-23T16:43:02.1087460Z ##[endgroup]
2025-02-23T16:43:02.1088130Z Adding conda-forge to condarc channels ...
2025-02-23T16:43:02.1170540Z ##[group]Initialize micromamba for bash.
2025-02-23T16:43:02.1179880Z [command]/Users/runner/micromamba-bin/micromamba shell init -s bash -r /Users/runner/micromamba --log-level warning --rc-file /Users/runner/work/_temp/setup-micromamba/.condarc
2025-02-23T16:43:02.1556690Z Modifying RC file "/Users/runner/.bash_profile"
2025-02-23T16:43:02.1560150Z Generating config for root prefix [1m"/Users/runner/micromamba"[0m
2025-02-23T16:43:02.1561420Z Setting mamba executable to: [1m"/Users/runner/micromamba-bin/micromamba"[0m
2025-02-23T16:43:02.1562680Z Adding (or replacing) the following in your "/Users/runner/.bash_profile" file
2025-02-23T16:43:02.1601550Z 
2025-02-23T16:43:02.1601690Z # >>> mamba initialize >>>
2025-02-23T16:43:02.1602000Z # !! Contents within this block are managed by 'mamba init' !!
2025-02-23T16:43:02.1602320Z export MAMBA_EXE='/Users/runner/micromamba-bin/micromamba';
2025-02-23T16:43:02.1602670Z export MAMBA_ROOT_PREFIX='/Users/runner/micromamba';
2025-02-23T16:43:02.1603230Z __mamba_setup="$("$MAMBA_EXE" shell hook --shell bash --root-prefix "$MAMBA_ROOT_PREFIX" 2> /dev/null)"
2025-02-23T16:43:02.1604070Z if [ $? -eq 0 ]; then
2025-02-23T16:43:02.1604250Z     eval "$__mamba_setup"
2025-02-23T16:43:02.1604430Z else
2025-02-23T16:43:02.1605650Z     alias micromamba="$MAMBA_EXE"  # Fallback on help from mamba activate
2025-02-23T16:43:02.1607630Z fi
2025-02-23T16:43:02.1607790Z unset __mamba_setup
2025-02-23T16:43:02.1607970Z # <<< mamba initialize <<<
2025-02-23T16:43:02.1608100Z 
2025-02-23T16:43:02.1608740Z ##[endgroup]
2025-02-23T16:43:02.1618030Z ##[group]Restoring downloads from `/Users/runner/micromamba/pkgs` ...
2025-02-23T16:43:03.5526330Z Received 37748736 of 310594474 (12.2%), 36.0 MBs/sec
2025-02-23T16:43:04.5558550Z Received 138412032 of 310594474 (44.6%), 65.9 MBs/sec
2025-02-23T16:43:05.5557700Z Received 226492416 of 310594474 (72.9%), 71.9 MBs/sec
2025-02-23T16:43:06.5569990Z Received 302205866 of 310594474 (97.3%), 72.0 MBs/sec
2025-02-23T16:43:06.9532700Z Cache Size: ~296 MB (310594474 B)
2025-02-23T16:43:06.9659280Z [command]/opt/homebrew/bin/gtar -xf /Users/runner/work/_temp/24ee27cb-81e9-4036-a8ab-a3d234825424/cache.tzst -P -C /Users/runner/work/tardis/tardis --delay-directory-restore --use-compress-program unzstd
2025-02-23T16:43:07.5599780Z Received 310594474 of 310594474 (100.0%), 59.2 MBs/sec
2025-02-23T16:43:07.7357840Z Cache restored successfully
2025-02-23T16:43:07.7397940Z Restored cache with key `tardis-conda-env-osx-arm64-bf0d0a4d4c847cca72476c6c68c493d56c484aada7e80de0e42c7607fcef5824-v1-osx-arm64`
2025-02-23T16:43:07.7400820Z ##[endgroup]
2025-02-23T16:43:07.7432500Z ##[group]Restoring environment `tardis` from `/Users/runner/micromamba/envs/tardis` ...
2025-02-23T16:43:09.1254340Z Received 25165824 of 385513979 (6.5%), 24.0 MBs/sec
2025-02-23T16:43:10.1267080Z Received 130023424 of 385513979 (33.7%), 61.9 MBs/sec
2025-02-23T16:43:11.1301820Z Received 234881024 of 385513979 (60.9%), 74.5 MBs/sec
2025-02-23T16:43:12.1310220Z Received 343932928 of 385513979 (89.2%), 81.9 MBs/sec
2025-02-23T16:43:12.7073190Z Cache Size: ~368 MB (385513979 B)
2025-02-23T16:43:12.7097710Z [command]/opt/homebrew/bin/gtar -xf /Users/runner/work/_temp/4beaf010-23cd-40cf-9127-d169f19f1603/cache.tzst -P -C /Users/runner/work/tardis/tardis --delay-directory-restore --use-compress-program unzstd
2025-02-23T16:43:13.1371350Z Received 385513979 of 385513979 (100.0%), 73.4 MBs/sec
2025-02-23T16:43:27.1144630Z Cache restored successfully
2025-02-23T16:43:27.1184680Z Restored cache with key `tardis-conda-env-osx-arm64-bf0d0a4d4c847cca72476c6c68c493d56c484aada7e80de0e42c7607fcef5824-v1-osx-arm64-tardis-args-4f53cda-root-873f6fe-bin-[object Promise]-file-bf0d0a4d4c847cca72476c6c68c493d56c484aada7e80de0e42c7607fcef5824`
2025-02-23T16:43:27.1187500Z ##[endgroup]
2025-02-23T16:43:27.1187820Z Adding environment tardis to auto-activate bash ...
2025-02-23T16:43:27.1188770Z Generating micromamba run shell.
2025-02-23T16:43:27.1190330Z ##[endgroup]
2025-02-23T16:43:27.1191290Z Set environment variables.
2025-02-23T16:43:27.1192150Z ##[group]micromamba info
2025-02-23T16:43:27.1193730Z [command]/Users/runner/micromamba-bin/micromamba info -r /Users/runner/micromamba -n tardis
2025-02-23T16:43:27.5823630Z 
2025-02-23T16:43:27.5825300Z        libmamba version : 1.5.10
2025-02-23T16:43:27.5825770Z      micromamba version : 1.5.10
2025-02-23T16:43:27.5826200Z            curl version : libcurl/8.10.1 (OpenSSL/3.3.2) SecureTransport zlib/1.3.1 zstd/1.5.6 libssh2/1.11.0 nghttp2/1.58.0
2025-02-23T16:43:27.5827610Z      libarchive version : libarchive 3.7.4 zlib/1.2.13 bz2lib/1.0.8 libzstd/1.5.6
2025-02-23T16:43:27.5843170Z        envs directories : /Users/runner/micromamba/envs
2025-02-23T16:43:27.5843520Z           package cache : /Users/runner/micromamba/pkgs
2025-02-23T16:43:27.5843890Z                           /Users/runner/.mamba/pkgs
2025-02-23T16:43:27.5844170Z             environment : tardis
2025-02-23T16:43:27.5844540Z            env location : /Users/runner/micromamba/envs/tardis
2025-02-23T16:43:27.5844870Z       user config files : /Users/runner/.mambarc
2025-02-23T16:43:27.5850640Z  populated config files : /Users/runner/work/_temp/setup-micromamba/.condarc
2025-02-23T16:43:27.5851210Z        virtual packages : __unix=0=0
2025-02-23T16:43:27.5851590Z                           __osx=14.7.2=0
2025-02-23T16:43:27.5851880Z                           __archspec=1=arm64
2025-02-23T16:43:27.5852430Z                channels : https://conda.anaconda.org/conda-forge/osx-arm64
2025-02-23T16:43:27.5852800Z                           https://conda.anaconda.org/conda-forge/noarch
2025-02-23T16:43:27.5853200Z        base environment : /Users/runner/micromamba
2025-02-23T16:43:27.5853480Z                platform : osx-arm64
2025-02-23T16:43:27.5854200Z ##[endgroup]
2025-02-23T16:43:27.5854580Z ##[group]micromamba list
2025-02-23T16:43:27.5855130Z [command]/Users/runner/micromamba-bin/micromamba list -r /Users/runner/micromamba -n tardis
2025-02-23T16:43:27.9905150Z List of packages in environment: "/Users/runner/micromamba/envs/tardis"
2025-02-23T16:43:27.9905650Z 
2025-02-23T16:43:27.9906150Z   Name                           Version              Build                    Channel    
2025-02-23T16:43:27.9908050Z â”€â”€â”€â”€â”€â”€â”€â”€â”€â”€â”€â”€â”€â”€â”€â”€â”€â”€â”€â”€â”€â”€â”€â”€â”€â”€â”€â”€â”€â”€â”€â”€â”€â”€â”€â”€â”€â”€â”€â”€â”€â”€â”€â”€â”€â”€â”€â”€â”€â”€â”€â”€â”€â”€â”€â”€â”€â”€â”€â”€â”€â”€â”€â”€â”€â”€â”€â”€â”€â”€â”€â”€â”€â”€â”€â”€â”€â”€â”€â”€â”€â”€â”€â”€â”€â”€â”€â”€â”€â”€â”€â”€
2025-02-23T16:43:27.9908640Z   alabaster                      0.7.16               pyhd8ed1ab_0             conda-forge
2025-02-23T16:43:27.9909120Z   anyio                          4.4.0                pyhd8ed1ab_0             conda-forge
2025-02-23T16:43:27.9909490Z   appnope                        0.1.4                pyhd8ed1ab_0             conda-forge
2025-02-23T16:43:27.9910000Z   argon2-cffi                    23.1.0               pyhd8ed1ab_0             conda-forge
2025-02-23T16:43:27.9910540Z   argon2-cffi-bindings           21.2.0               py312h02f2b3b_4          conda-forge
2025-02-23T16:43:27.9910930Z   arrow                          1.3.0                pyhd8ed1ab_0             conda-forge
2025-02-23T16:43:27.9912820Z   astropy                        6.1.1                py312hbebd99a_0          conda-forge
2025-02-23T16:43:27.9913230Z   astropy-iers-data              0.2024.6.17.0.31.35  pyhd8ed1ab_0             conda-forge
2025-02-23T16:43:27.9913710Z   astropy-sphinx-theme           1.1                  pyhd8ed1ab_0             conda-forge
2025-02-23T16:43:27.9914170Z   asttokens                      2.4.1                pyhd8ed1ab_0             conda-forge
2025-02-23T16:43:27.9914600Z   async-lru                      2.0.4                pyhd8ed1ab_0             conda-forge
2025-02-23T16:43:27.9914950Z   atk-1.0                        2.38.0               hd03087b_2               conda-forge
2025-02-23T16:43:27.9915350Z   attrs                          23.2.0               pyh71513ae_0             conda-forge
2025-02-23T16:43:27.9915690Z   babel                          2.14.0               pyhd8ed1ab_0             conda-forge
2025-02-23T16:43:27.9916110Z   beautifulsoup4                 4.12.3               pyha770c72_0             conda-forge
2025-02-23T16:43:27.9916490Z   bleach                         6.1.0                pyhd8ed1ab_0             conda-forge
2025-02-23T16:43:27.9916900Z   blosc                          1.21.5               h9c252e8_1               conda-forge
2025-02-23T16:43:27.9917300Z   brotli                         1.1.0                hb547adb_1               conda-forge
2025-02-23T16:43:27.9917720Z   brotli-bin                     1.1.0                hb547adb_1               conda-forge
2025-02-23T16:43:27.9918290Z   brotli-python                  1.1.0                py312h9f69965_1          conda-forge
2025-02-23T16:43:27.9919070Z   bzip2                          1.0.8                h93a5062_5               conda-forge
2025-02-23T16:43:27.9919480Z   c-ares                         1.28.1               h93a5062_0               conda-forge
2025-02-23T16:43:27.9919840Z   c-blosc2                       2.14.4               ha57e6be_1               conda-forge
2025-02-23T16:43:27.9920270Z   ca-certificates                2024.6.2             hf0a4a13_0               conda-forge
2025-02-23T16:43:27.9920890Z   cached-property                1.5.2                hd8ed1ab_1               conda-forge
2025-02-23T16:43:27.9921390Z   cached_property                1.5.2                pyha770c72_1             conda-forge
2025-02-23T16:43:27.9921860Z   cairo                          1.18.0               hd1e100b_0               conda-forge
2025-02-23T16:43:27.9922400Z   certifi                        2024.6.2             pyhd8ed1ab_0             conda-forge
2025-02-23T16:43:27.9922870Z   cffi                           1.16.0               py312h8e38eb3_0          conda-forge
2025-02-23T16:43:27.9923290Z   charset-normalizer             3.3.2                pyhd8ed1ab_0             conda-forge
2025-02-23T16:43:27.9923750Z   click                          8.1.7                unix_pyh707e725_0        conda-forge
2025-02-23T16:43:27.9924110Z   codespell                      2.3.0                pyhd8ed1ab_0             conda-forge
2025-02-23T16:43:27.9924560Z   colorama                       0.4.6                pyhd8ed1ab_0             conda-forge
2025-02-23T16:43:27.9924930Z   comm                           0.2.2                pyhd8ed1ab_0             conda-forge
2025-02-23T16:43:27.9925380Z   commonmark                     0.9.1                py_0                     conda-forge
2025-02-23T16:43:27.9925800Z   contourpy                      1.2.1                py312h0fef576_0          conda-forge
2025-02-23T16:43:27.9926310Z   coverage                       7.5.3                py312h7e5086c_0          conda-forge
2025-02-23T16:43:27.9926700Z   cycler                         0.12.1               pyhd8ed1ab_0             conda-forge
2025-02-23T16:43:27.9927190Z   dataclasses                    0.8                  pyhc8e2a94_3             conda-forge
2025-02-23T16:43:27.9927680Z   debugpy                        1.8.1                py312h20a0b95_0          conda-forge
2025-02-23T16:43:27.9928190Z   decorator                      5.1.1                pyhd8ed1ab_0             conda-forge
2025-02-23T16:43:27.9928650Z   defusedxml                     0.7.1                pyhd8ed1ab_0             conda-forge
2025-02-23T16:43:27.9929150Z   docutils                       0.20.1               py312h81bd7bf_3          conda-forge
2025-02-23T16:43:27.9929550Z   dot2tex                        2.11.3               pyhd8ed1ab_0             conda-forge
2025-02-23T16:43:27.9929990Z   entrypoints                    0.4                  pyhd8ed1ab_0             conda-forge
2025-02-23T16:43:27.9930360Z   exceptiongroup                 1.2.0                pyhd8ed1ab_2             conda-forge
2025-02-23T16:43:27.9930780Z   executing                      2.0.1                pyhd8ed1ab_0             conda-forge
2025-02-23T16:43:27.9931100Z   expat                          2.6.2                hebf3989_0               conda-forge
2025-02-23T16:43:27.9931530Z   font-ttf-dejavu-sans-mono      2.37                 hab24e00_0               conda-forge
2025-02-23T16:43:27.9931970Z   font-ttf-inconsolata           3.000                h77eed37_0               conda-forge
2025-02-23T16:43:27.9932350Z   font-ttf-source-code-pro       2.038                h77eed37_0               conda-forge
2025-02-23T16:43:27.9932750Z   font-ttf-ubuntu                0.83                 h77eed37_2               conda-forge
2025-02-23T16:43:27.9933270Z   fontconfig                     2.14.2               h82840c6_0               conda-forge
2025-02-23T16:43:27.9933650Z   fonts-conda-ecosystem          1                    0                        conda-forge
2025-02-23T16:43:27.9934430Z   fonts-conda-forge              1                    0                        conda-forge
2025-02-23T16:43:27.9934830Z   fonttools                      4.53.0               py312h7e5086c_0          conda-forge
2025-02-23T16:43:27.9959640Z   fqdn                           1.5.1                pyhd8ed1ab_0             conda-forge
2025-02-23T16:43:27.9960080Z   freetype                       2.12.1               hadb7bae_2               conda-forge
2025-02-23T16:43:27.9960670Z   fribidi                        1.0.10               h27ca646_0               conda-forge
2025-02-23T16:43:27.9961070Z   future                         1.0.0                pyhd8ed1ab_0             conda-forge
2025-02-23T16:43:27.9961420Z   gdk-pixbuf                     2.42.12              h7ddc832_0               conda-forge
2025-02-23T16:43:27.9961790Z   gettext                        0.22.5               h8fbad5d_2               conda-forge
2025-02-23T16:43:27.9962430Z   gettext-tools                  0.22.5               h8fbad5d_2               conda-forge
2025-02-23T16:43:27.9963400Z   giflib                         5.2.2                h93a5062_0               conda-forge
2025-02-23T16:43:27.9963670Z   git-lfs                        3.5.1                hce30654_0               conda-forge
2025-02-23T16:43:27.9963940Z   gmp                            6.3.0                hebf3989_1               conda-forge
2025-02-23T16:43:27.9964200Z   gmpy2                          2.1.5                py312hfa9fade_1          conda-forge
2025-02-23T16:43:27.9964480Z   graphite2                      1.3.13               hebf3989_1003            conda-forge
2025-02-23T16:43:27.9964770Z   graphviz                       11.0.0               h9bb9bc9_0               conda-forge
2025-02-23T16:43:27.9965050Z   gtk2                           2.24.33              h7895bb2_4               conda-forge
2025-02-23T16:43:27.9965310Z   gts                            0.7.6                he42f4ea_4               conda-forge
2025-02-23T16:43:27.9965590Z   h11                            0.14.0               pyhd8ed1ab_0             conda-forge
2025-02-23T16:43:27.9965860Z   h2                             4.1.0                pyhd8ed1ab_0             conda-forge
2025-02-23T16:43:27.9966220Z   h5py                           3.11.0               nompi_py312h903599c_102  conda-forge
2025-02-23T16:43:27.9966490Z   harfbuzz                       8.5.0                h1836168_0               conda-forge
2025-02-23T16:43:27.9966760Z   hdf5                           1.14.3               nompi_hec07895_105       conda-forge
2025-02-23T16:43:27.9967110Z   hpack                          4.0.0                pyh9f0ad1d_0             conda-forge
2025-02-23T16:43:27.9967800Z   httpcore                       1.0.5                pyhd8ed1ab_0             conda-forge
2025-02-23T16:43:27.9968260Z   httpx                          0.27.0               pyhd8ed1ab_0             conda-forge
2025-02-23T16:43:27.9969530Z   hyperframe                     6.0.1                pyhd8ed1ab_0             conda-forge
2025-02-23T16:43:27.9969850Z   icu                            73.2                 hc8870d7_0               conda-forge
2025-02-23T16:43:27.9970140Z   idna                           3.7                  pyhd8ed1ab_0             conda-forge
2025-02-23T16:43:27.9970430Z   imagesize                      1.4.1                pyhd8ed1ab_0             conda-forge
2025-02-23T16:43:27.9970800Z   importlib-metadata             7.1.0                pyha770c72_0             conda-forge
2025-02-23T16:43:27.9971210Z   importlib_metadata             7.1.0                hd8ed1ab_0               conda-forge
2025-02-23T16:43:27.9971580Z   importlib_resources            6.4.0                pyhd8ed1ab_0             conda-forge
2025-02-23T16:43:27.9972000Z   iniconfig                      2.0.0                pyhd8ed1ab_0             conda-forge
2025-02-23T16:43:27.9972400Z   ipykernel                      6.29.4               pyh57ce528_0             conda-forge
2025-02-23T16:43:27.9972940Z   ipython                        8.25.0               pyh707e725_0             conda-forge
2025-02-23T16:43:27.9973370Z   ipython_genutils               0.2.0                pyhd8ed1ab_1             conda-forge
2025-02-23T16:43:27.9973710Z   ipywidgets                     7.8.0                pyhd8ed1ab_0             conda-forge
2025-02-23T16:43:27.9974030Z   isoduration                    20.11.0              pyhd8ed1ab_0             conda-forge
2025-02-23T16:43:27.9974640Z   jedi                           0.19.1               pyhd8ed1ab_0             conda-forge
2025-02-23T16:43:27.9975040Z   jinja2                         3.1.4                pyhd8ed1ab_0             conda-forge
2025-02-23T16:43:27.9975430Z   json5                          0.9.25               pyhd8ed1ab_0             conda-forge
2025-02-23T16:43:27.9975920Z   jsonpointer                    3.0.0                py312h81bd7bf_0          conda-forge
2025-02-23T16:43:27.9976280Z   jsonschema                     4.22.0               pyhd8ed1ab_0             conda-forge
2025-02-23T16:43:27.9976670Z   jsonschema-specifications      2023.12.1            pyhd8ed1ab_0             conda-forge
2025-02-23T16:43:27.9977120Z   jsonschema-with-format-nongpl  4.22.0               pyhd8ed1ab_0             conda-forge
2025-02-23T16:43:27.9977540Z   jupyter-lsp                    2.2.5                pyhd8ed1ab_0             conda-forge
2025-02-23T16:43:27.9977900Z   jupyter_client                 8.6.2                pyhd8ed1ab_0             conda-forge
2025-02-23T16:43:27.9978310Z   jupyter_core                   5.7.2                py312h81bd7bf_0          conda-forge
2025-02-23T16:43:27.9978660Z   jupyter_events                 0.10.0               pyhd8ed1ab_0             conda-forge
2025-02-23T16:43:27.9979050Z   jupyter_server                 2.14.1               pyhd8ed1ab_0             conda-forge
2025-02-23T16:43:27.9979470Z   jupyter_server_terminals       0.5.3                pyhd8ed1ab_0             conda-forge
2025-02-23T16:43:27.9979910Z   jupyterlab                     4.2.2                pyhd8ed1ab_0             conda-forge
2025-02-23T16:43:27.9980280Z   jupyterlab_pygments            0.3.0                pyhd8ed1ab_1             conda-forge
2025-02-23T16:43:27.9980720Z   jupyterlab_server              2.27.2               pyhd8ed1ab_0             conda-forge
2025-02-23T16:43:27.9981110Z   jupyterlab_widgets             1.1.7                pyhd8ed1ab_0             conda-forge
2025-02-23T16:43:27.9981440Z   kiwisolver                     1.4.5                py312h389731b_1          conda-forge
2025-02-23T16:43:27.9981810Z   krb5                           1.21.2               h92f50d5_0               conda-forge
2025-02-23T16:43:27.9982110Z   latexcodec                     2.0.1                pyh9f0ad1d_0             conda-forge
2025-02-23T16:43:27.9982450Z   lcms2                          2.16                 ha0e7c42_0               conda-forge
2025-02-23T16:43:27.9982740Z   lerc                           4.0.0                h9a09cb3_0               conda-forge
2025-02-23T16:43:27.9983070Z   libaec                         1.1.3                hebf3989_0               conda-forge
2025-02-23T16:43:27.9983450Z   libasprintf                    0.22.5               h8fbad5d_2               conda-forge
2025-02-23T16:43:27.9983780Z   libasprintf-devel              0.22.5               h8fbad5d_2               conda-forge
2025-02-23T16:43:27.9984150Z   libblas                        3.9.0                22_osxarm64_openblas     conda-forge
2025-02-23T16:43:27.9984480Z   libbrotlicommon                1.1.0                hb547adb_1               conda-forge
2025-02-23T16:43:27.9984870Z   libbrotlidec                   1.1.0                hb547adb_1               conda-forge
2025-02-23T16:43:27.9985190Z   libbrotlienc                   1.1.0                hb547adb_1               conda-forge
2025-02-23T16:43:27.9985520Z   libcblas                       3.9.0                22_osxarm64_openblas     conda-forge
2025-02-23T16:43:27.9985990Z   libcurl                        8.8.0                h7b6f9a7_0               conda-forge
2025-02-23T16:43:27.9986350Z   libcxx                         17.0.6               h5f092b4_0               conda-forge
2025-02-23T16:43:27.9986660Z   libdeflate                     1.20                 h93a5062_0               conda-forge
2025-02-23T16:43:27.9987010Z   libedit                        3.1.20191231         hc8eb9b7_2               conda-forge
2025-02-23T16:43:27.9987560Z   libev                          4.33                 h93a5062_2               conda-forge
2025-02-23T16:43:27.9987880Z   libexpat                       2.6.2                hebf3989_0               conda-forge
2025-02-23T16:43:27.9988160Z   libffi                         3.4.2                h3422bc3_5               conda-forge
2025-02-23T16:43:27.9988440Z   libgd                          2.3.3                hfdf3952_9               conda-forge
2025-02-23T16:43:27.9988810Z   libgettextpo                   0.22.5               h8fbad5d_2               conda-forge
2025-02-23T16:43:27.9989190Z   libgettextpo-devel             0.22.5               h8fbad5d_2               conda-forge
2025-02-23T16:43:27.9989610Z   libgfortran                    5.0.0                13_2_0_hd922786_3        conda-forge
2025-02-23T16:43:27.9989980Z   libgfortran5                   13.2.0               hf226fd6_3               conda-forge
2025-02-23T16:43:27.9990350Z   libglib                        2.80.2               h59d46d9_1               conda-forge
2025-02-23T16:43:27.9990630Z   libiconv                       1.17                 h0d3ecfb_2               conda-forge
2025-02-23T16:43:27.9990980Z   libintl                        0.22.5               h8fbad5d_2               conda-forge
2025-02-23T16:43:27.9991300Z   libintl-devel                  0.22.5               h8fbad5d_2               conda-forge
2025-02-23T16:43:27.9991680Z   libjpeg-turbo                  3.0.0                hb547adb_1               conda-forge
2025-02-23T16:43:27.9992040Z   liblapack                      3.9.0                22_osxarm64_openblas     conda-forge
2025-02-23T16:43:27.9992370Z   libllvm14                      14.0.6               hd1a9a77_4               conda-forge
2025-02-23T16:43:27.9992690Z   libnghttp2                     1.58.0               ha4dd798_1               conda-forge
2025-02-23T16:43:27.9993050Z   libopenblas                    0.3.27               openmp_h6c19121_0        conda-forge
2025-02-23T16:43:27.9993480Z   libpng                         1.6.43               h091b4b1_0               conda-forge
2025-02-23T16:43:27.9993810Z   librsvg                        2.58.1               hbc281fb_0               conda-forge
2025-02-23T16:43:27.9994140Z   libsodium                      1.0.18               h27ca646_1               conda-forge
2025-02-23T16:43:27.9994590Z   libsqlite                      3.46.0               hfb93653_0               conda-forge
2025-02-23T16:43:27.9994920Z   libssh2                        1.11.0               h7a5bd25_0               conda-forge
2025-02-23T16:43:27.9995320Z   libtiff                        4.6.0                h07db509_3               conda-forge
2025-02-23T16:43:27.9995680Z   libwebp                        1.4.0                h54798ee_0               conda-forge
2025-02-23T16:43:27.9996030Z   libwebp-base                   1.4.0                h93a5062_0               conda-forge
2025-02-23T16:43:27.9996440Z   libxcb                         1.16                 hf2054a2_0               conda-forge
2025-02-23T16:43:27.9996760Z   libxml2                        2.12.7               ha661575_1               conda-forge
2025-02-23T16:43:27.9997090Z   libxslt                        1.1.39               h223e5b9_0               conda-forge
2025-02-23T16:43:27.9997470Z   libzlib                        1.3.1                hfb2fe0b_1               conda-forge
2025-02-23T16:43:27.9997860Z   llvm-openmp                    18.1.7               hde57baf_0               conda-forge
2025-02-23T16:43:27.9999110Z   llvmlite                       0.42.0               py312h17030e7_1          conda-forge
2025-02-23T16:43:27.9999470Z   lxml                           5.2.2                py312h0e5ab22_0          conda-forge
2025-02-23T16:43:27.9999790Z   lz4-c                          1.9.4                hb7217d7_0               conda-forge
2025-02-23T16:43:28.0000170Z   markupsafe                     2.1.5                py312he37b823_0          conda-forge
2025-02-23T16:43:28.0000640Z   matplotlib-base                3.8.4                py312h4479663_2          conda-forge
2025-02-23T16:43:28.0000980Z   matplotlib-inline              0.1.7                pyhd8ed1ab_0             conda-forge
2025-02-23T16:43:28.0001370Z   mistune                        3.0.2                pyhd8ed1ab_0             conda-forge
2025-02-23T16:43:28.0001710Z   mpc                            1.3.1                h91ba8db_0               conda-forge
2025-02-23T16:43:28.0002080Z   mpfr                           4.2.1                h41d338b_1               conda-forge
2025-02-23T16:43:28.0002400Z   mpmath                         1.3.0                pyhd8ed1ab_0             conda-forge
2025-02-23T16:43:28.0002810Z   munkres                        1.1.4                pyh9f0ad1d_0             conda-forge
2025-02-23T16:43:28.0003120Z   mypy_extensions                1.0.0                pyha770c72_0             conda-forge
2025-02-23T16:43:28.0003590Z   nbclassic                      1.1.0                pyhd8ed1ab_0             conda-forge
2025-02-23T16:43:28.0004040Z   nbclient                       0.10.0               pyhd8ed1ab_0             conda-forge
2025-02-23T16:43:28.0004410Z   nbconvert                      7.16.4               hd8ed1ab_1               conda-forge
2025-02-23T16:43:28.0004810Z   nbconvert-core                 7.16.4               pyhd8ed1ab_1             conda-forge
2025-02-23T16:43:28.0005180Z   nbconvert-pandoc               7.16.4               hd8ed1ab_1               conda-forge
2025-02-23T16:43:28.0005550Z   nbformat                       5.10.4               pyhd8ed1ab_0             conda-forge
2025-02-23T16:43:28.0005850Z   nbsphinx                       0.9.4                pyhd8ed1ab_0             conda-forge
2025-02-23T16:43:28.0006260Z   ncurses                        6.5                  hb89a1cb_0               conda-forge
2025-02-23T16:43:28.0006610Z   nest-asyncio                   1.6.0                pyhd8ed1ab_0             conda-forge
2025-02-23T16:43:28.0006970Z   networkx                       3.3                  pyhd8ed1ab_1             conda-forge
2025-02-23T16:43:28.0007270Z   notebook                       7.2.1                pyhd8ed1ab_0             conda-forge
2025-02-23T16:43:28.0007610Z   notebook-shim                  0.2.4                pyhd8ed1ab_0             conda-forge
2025-02-23T16:43:28.0007960Z   numba                          0.59.1               py312hbaff935_0          conda-forge
2025-02-23T16:43:28.0008250Z   numexpr                        2.10.0               py312h8ae5369_0          conda-forge
2025-02-23T16:43:28.0008550Z   numpy                          1.26.4               py312h8442bc7_0          conda-forge
2025-02-23T16:43:28.0008830Z   numpydoc                       1.7.0                pyhd8ed1ab_1             conda-forge
2025-02-23T16:43:28.0009130Z   openjpeg                       2.5.2                h9f1df11_0               conda-forge
2025-02-23T16:43:28.0009420Z   openssl                        3.3.1                hfb2fe0b_0               conda-forge
2025-02-23T16:43:28.0009720Z   overrides                      7.7.0                pyhd8ed1ab_0             conda-forge
2025-02-23T16:43:28.0010030Z   packaging                      24.1                 pyhd8ed1ab_0             conda-forge
2025-02-23T16:43:28.0010320Z   pandas                         2.2.2                py312h8ae5369_1          conda-forge
2025-02-23T16:43:28.0010610Z   pandoc                         3.2                  hce30654_0               conda-forge
2025-02-23T16:43:28.0010960Z   pandocfilters                  1.5.0                pyhd8ed1ab_0             conda-forge
2025-02-23T16:43:28.0011670Z   pango                          1.54.0               h5cb9fbc_0               conda-forge
2025-02-23T16:43:28.0011940Z   parso                          0.8.4                pyhd8ed1ab_0             conda-forge
2025-02-23T16:43:28.0012230Z   pathspec                       0.12.1               pyhd8ed1ab_0             conda-forge
2025-02-23T16:43:28.0012510Z   pbr                            6.0.0                pyhd8ed1ab_0             conda-forge
2025-02-23T16:43:28.0012920Z   pcre2                          10.44                h297a79d_0               conda-forge
2025-02-23T16:43:28.0013210Z   pexpect                        4.9.0                pyhd8ed1ab_0             conda-forge
2025-02-23T16:43:28.0013500Z   pickleshare                    0.7.5                py_1003                  conda-forge
2025-02-23T16:43:28.0013800Z   pillow                         10.3.0               py312h39b1d8d_1          conda-forge
2025-02-23T16:43:28.0014090Z   pip                            24.0                 pyhd8ed1ab_0             conda-forge
2025-02-23T16:43:28.0014360Z   pixman                         0.43.4               hebf3989_0               conda-forge
2025-02-23T16:43:28.0014670Z   pkgutil-resolve-name           1.3.10               pyhd8ed1ab_1             conda-forge
2025-02-23T16:43:28.0015010Z   platformdirs                   4.2.2                pyhd8ed1ab_0             conda-forge
2025-02-23T16:43:28.0015310Z   plotly                         5.22.0               pyhd8ed1ab_0             conda-forge
2025-02-23T16:43:28.0015600Z   pluggy                         1.5.0                pyhd8ed1ab_0             conda-forge
2025-02-23T16:43:28.0015910Z   prometheus_client              0.20.0               pyhd8ed1ab_0             conda-forge
2025-02-23T16:43:28.0016240Z   prompt-toolkit                 3.0.47               pyha770c72_0             conda-forge
2025-02-23T16:43:28.0016550Z   psutil                         5.9.8                py312he37b823_0          conda-forge
2025-02-23T16:43:28.0016840Z   pthread-stubs                  0.4                  h27ca646_1001            conda-forge
2025-02-23T16:43:28.0017150Z   ptyprocess                     0.7.0                pyhd3deb0d_0             conda-forge
2025-02-23T16:43:28.0017450Z   pure_eval                      0.2.2                pyhd8ed1ab_0             conda-forge
2025-02-23T16:43:28.0017740Z   py-cpuinfo                     9.0.0                pyhd8ed1ab_0             conda-forge
2025-02-23T16:43:28.0018040Z   pybtex                         0.24.0               pyhd8ed1ab_2             conda-forge
2025-02-23T16:43:28.0018340Z   pybtex-docutils                1.0.3                py312h81bd7bf_1          conda-forge
2025-02-23T16:43:28.0018660Z   pycparser                      2.22                 pyhd8ed1ab_0             conda-forge
2025-02-23T16:43:28.0018950Z   pyerfa                         2.0.1.4              py312hbebd99a_1          conda-forge
2025-02-23T16:43:28.0019230Z   pygments                       2.18.0               pyhd8ed1ab_0             conda-forge
2025-02-23T16:43:28.0019530Z   pygraphviz                     1.13                 py312h5f4d302_1          conda-forge
2025-02-23T16:43:28.0019840Z   pyobjc-core                    10.3.1               py312hbb55c70_0          conda-forge
2025-02-23T16:43:28.0020180Z   pyobjc-framework-cocoa         10.3.1               py312hbb55c70_0          conda-forge
2025-02-23T16:43:28.0020510Z   pyparsing                      3.1.2                pyhd8ed1ab_0             conda-forge
2025-02-23T16:43:28.0020810Z   pysocks                        1.7.1                pyha2e5f31_6             conda-forge
2025-02-23T16:43:28.0021100Z   pytables                       3.9.2                py312hb622ae1_2          conda-forge
2025-02-23T16:43:28.0021380Z   pytest                         8.2.2                pyhd8ed1ab_0             conda-forge
2025-02-23T16:43:28.0021670Z   pytest-cov                     5.0.0                pyhd8ed1ab_0             conda-forge
2025-02-23T16:43:28.0022110Z   pytest-doctestplus             1.2.1                pyhd8ed1ab_0             conda-forge
2025-02-23T16:43:28.0022440Z   pytest-html                    4.1.1                pyhd8ed1ab_0             conda-forge
2025-02-23T16:43:28.0022760Z   pytest-metadata                3.1.1                pyhd8ed1ab_0             conda-forge
2025-02-23T16:43:28.0023070Z   python                         3.12.4               h30c5eda_0_cpython       conda-forge
2025-02-23T16:43:28.0023630Z   python-dateutil                2.9.0                pyhd8ed1ab_0             conda-forge
2025-02-23T16:43:28.0024010Z   python-fastjsonschema          2.20.0               pyhd8ed1ab_0             conda-forge
2025-02-23T16:43:28.0024370Z   python-json-logger             2.0.7                pyhd8ed1ab_0             conda-forge
2025-02-23T16:43:28.0024720Z   python-tzdata                  2024.1               pyhd8ed1ab_0             conda-forge
2025-02-23T16:43:28.0025020Z   python_abi                     3.12                 4_cp312                  conda-forge
2025-02-23T16:43:28.0025310Z   pytz                           2024.1               pyhd8ed1ab_0             conda-forge
2025-02-23T16:43:28.0025590Z   pyyaml                         6.0.1                py312h02f2b3b_1          conda-forge
2025-02-23T16:43:28.0025870Z   pyzmq                          26.0.3               py312hfa13136_0          conda-forge
2025-02-23T16:43:28.0026150Z   qgrid                          1.3.1                pyhd8ed1ab_4             conda-forge
2025-02-23T16:43:28.0026460Z   radioactivedecay               0.5.1                pyhd8ed1ab_0             conda-forge
2025-02-23T16:43:28.0026770Z   readline                       8.2                  h92ec313_1               conda-forge
2025-02-23T16:43:28.0027070Z   recommonmark                   0.7.1                pyhd8ed1ab_0             conda-forge
2025-02-23T16:43:28.0027380Z   referencing                    0.35.1               pyhd8ed1ab_0             conda-forge
2025-02-23T16:43:28.0027680Z   requests                       2.32.3               pyhd8ed1ab_0             conda-forge
2025-02-23T16:43:28.0028000Z   rfc3339-validator              0.1.4                pyhd8ed1ab_0             conda-forge
2025-02-23T16:43:28.0028330Z   rfc3986-validator              0.1.1                pyh9f0ad1d_0             conda-forge
2025-02-23T16:43:28.0028630Z   rpds-py                        0.18.1               py312h552d48e_0          conda-forge
2025-02-23T16:43:28.0028920Z   ruff                           0.4.9                py312h3402d49_0          conda-forge
2025-02-23T16:43:28.0029190Z   scipy                          1.13.1               py312h14ffa8f_0          conda-forge
2025-02-23T16:43:28.0029480Z   send2trash                     1.8.3                pyh31c8845_0             conda-forge
2025-02-23T16:43:28.0029770Z   setuptools                     70.0.0               pyhd8ed1ab_0             conda-forge
2025-02-23T16:43:28.0030090Z   setuptools-scm                 8.1.0                pyhd8ed1ab_0             conda-forge
2025-02-23T16:43:28.0030410Z   setuptools_scm                 8.1.0                hd8ed1ab_0               conda-forge
2025-02-23T16:43:28.0030710Z   six                            1.16.0               pyh6c4a22f_0             conda-forge
2025-02-23T16:43:28.0030990Z   snakeviz                       2.2.0                pyhd8ed1ab_0             conda-forge
2025-02-23T16:43:28.0031260Z   snappy                         1.2.0                hd04f947_1               conda-forge
2025-02-23T16:43:28.0031550Z   sniffio                        1.3.1                pyhd8ed1ab_0             conda-forge
2025-02-23T16:43:28.0031860Z   snowballstemmer                2.2.0                pyhd8ed1ab_0             conda-forge
2025-02-23T16:43:28.0032180Z   soupsieve                      2.5                  pyhd8ed1ab_1             conda-forge
2025-02-23T16:43:28.0032470Z   sphinx                         7.3.7                pyhd8ed1ab_0             conda-forge
2025-02-23T16:43:28.0032920Z   sphinx-astropy                 1.9.1                pyhd8ed1ab_0             conda-forge
2025-02-23T16:43:28.0033260Z   sphinx-automodapi              0.17.0               pyh717bed2_1             conda-forge
2025-02-23T16:43:28.0033590Z   sphinx-gallery                 0.16.0               pyhd8ed1ab_0             conda-forge
2025-02-23T16:43:28.0033920Z   sphinx-jsonschema              1.19.1               pyhd8ed1ab_0             conda-forge
2025-02-23T16:43:28.0034370Z   sphinx_bootstrap_theme         0.8.1                pyhd8ed1ab_0             conda-forge
2025-02-23T16:43:28.0034720Z   sphinx_rtd_theme               2.0.0                pyha770c72_0             conda-forge
2025-02-23T16:43:28.0035050Z   sphinxcontrib-apidoc           0.3.0                py_1                     conda-forge
2025-02-23T16:43:28.0035410Z   sphinxcontrib-applehelp        1.0.8                pyhd8ed1ab_0             conda-forge
2025-02-23T16:43:28.0035780Z   sphinxcontrib-bibtex           2.6.2                pyhd8ed1ab_0             conda-forge
2025-02-23T16:43:28.0036140Z   sphinxcontrib-devhelp          1.0.6                pyhd8ed1ab_0             conda-forge
2025-02-23T16:43:28.0036500Z   sphinxcontrib-htmlhelp         2.0.5                pyhd8ed1ab_0             conda-forge
2025-02-23T16:43:28.0036860Z   sphinxcontrib-jquery           4.1                  pyhd8ed1ab_0             conda-forge
2025-02-23T16:43:28.0037210Z   sphinxcontrib-jsmath           1.0.1                pyhd8ed1ab_0             conda-forge
2025-02-23T16:43:28.0037570Z   sphinxcontrib-qthelp           1.0.7                pyhd8ed1ab_0             conda-forge
2025-02-23T16:43:28.0037950Z   sphinxcontrib-serializinghtml  1.1.10               pyhd8ed1ab_0             conda-forge
2025-02-23T16:43:28.0038300Z   stack_data                     0.6.2                pyhd8ed1ab_0             conda-forge
2025-02-23T16:43:28.0038590Z   sympy                          1.12.1               pypyh2585a3b_103         conda-forge
2025-02-23T16:43:28.0038900Z   tabulate                       0.9.0                pyhd8ed1ab_1             conda-forge
2025-02-23T16:43:28.0039190Z   tenacity                       8.4.1                pyhd8ed1ab_0             conda-forge
2025-02-23T16:43:28.0039490Z   terminado                      0.18.1               pyh31c8845_0             conda-forge
2025-02-23T16:43:28.0039780Z   tinycss2                       1.3.0                pyhd8ed1ab_0             conda-forge
2025-02-23T16:43:28.0040060Z   tk                             8.6.13               h5083fa2_1               conda-forge
2025-02-23T16:43:28.0040330Z   toml                           0.10.2               pyhd8ed1ab_0             conda-forge
2025-02-23T16:43:28.0040610Z   tomli                          2.0.1                pyhd8ed1ab_0             conda-forge
2025-02-23T16:43:28.0040900Z   tornado                        6.4.1                py312h7e5086c_0          conda-forge
2025-02-23T16:43:28.0041170Z   tqdm                           4.66.4               pyhd8ed1ab_0             conda-forge
2025-02-23T16:43:28.0041450Z   traitlets                      5.14.3               pyhd8ed1ab_0             conda-forge
2025-02-23T16:43:28.0041730Z   typed-ast                      1.5.5                py312h02f2b3b_1          conda-forge
2025-02-23T16:43:28.0042040Z   types-python-dateutil          2.9.0.20240316       pyhd8ed1ab_0             conda-forge
2025-02-23T16:43:28.0042380Z   typing-extensions              4.12.2               hd8ed1ab_0               conda-forge
2025-02-23T16:43:28.0042700Z   typing_extensions              4.12.2               pyha770c72_0             conda-forge
2025-02-23T16:43:28.0043000Z   typing_utils                   0.1.0                pyhd8ed1ab_0             conda-forge
2025-02-23T16:43:28.0043290Z   tzdata                         2024a                h0c530f3_0               conda-forge
2025-02-23T16:43:28.0043680Z   uri-template                   1.3.0                pyhd8ed1ab_0             conda-forge
2025-02-23T16:43:28.0044230Z   urllib3                        2.2.2                pyhd8ed1ab_0             conda-forge
2025-02-23T16:43:28.0044640Z   wcwidth                        0.2.13               pyhd8ed1ab_0             conda-forge
2025-02-23T16:43:28.0044990Z   webcolors                      24.6.0               pyhd8ed1ab_0             conda-forge
2025-02-23T16:43:28.0045660Z   webencodings                   0.5.1                pyhd8ed1ab_2             conda-forge
2025-02-23T16:43:28.0046260Z   websocket-client               1.8.0                pyhd8ed1ab_0             conda-forge
2025-02-23T16:43:28.0046700Z   wheel                          0.43.0               pyhd8ed1ab_1             conda-forge
2025-02-23T16:43:28.0047050Z   widgetsnbextension             3.6.6                pyhd8ed1ab_0             conda-forge
2025-02-23T16:43:28.0047480Z   xorg-libxau                    1.0.11               hb547adb_0               conda-forge
2025-02-23T16:43:28.0047830Z   xorg-libxdmcp                  1.1.3                h27ca646_0               conda-forge
2025-02-23T16:43:28.0054410Z   xz                             5.2.6                h57fd34a_0               conda-forge
2025-02-23T16:43:28.0054700Z   yaml                           0.2.5                h3422bc3_2               conda-forge
2025-02-23T16:43:28.0054990Z   zeromq                         4.3.5                hcc0f68c_4               conda-forge
2025-02-23T16:43:28.0055270Z   zipp                           3.19.2               pyhd8ed1ab_0             conda-forge
2025-02-23T16:43:28.0055540Z   zlib                           1.3.1                hfb2fe0b_1               conda-forge
2025-02-23T16:43:28.0055800Z   zlib-ng                        2.0.7                h1a8c8d9_0               conda-forge
2025-02-23T16:43:28.0056070Z   zstd                           1.5.6                hb46c0d2_0               conda-forge
2025-02-23T16:43:28.0056500Z ##[endgroup]
2025-02-23T16:43:28.0114720Z ##[group]Run pip install -e . --user
2025-02-23T16:43:28.0114960Z [36;1mpip install -e . --user[0m
2025-02-23T16:43:28.4079020Z shell: /bin/bash -l {0}
2025-02-23T16:43:28.4079240Z env:
2025-02-23T16:43:28.4079380Z   CACHE_NUMBER: 0
2025-02-23T16:43:28.4079890Z   PYTEST_FLAGS: --tardis-regression-data=/Users/runner/work/tardis/tardis/tardis-regression-data --cov=tardis --cov-report=xml --cov-report=html --cov-append
2025-02-23T16:43:28.4080410Z   CODECOV_TOKEN: 
2025-02-23T16:43:28.4080740Z   MAMBA_ROOT_PREFIX: /Users/runner/micromamba
2025-02-23T16:43:28.4081020Z   MAMBA_EXE: /Users/runner/micromamba-bin/micromamba
2025-02-23T16:43:28.4081310Z   CONDARC: /Users/runner/work/_temp/setup-micromamba/.condarc
2025-02-23T16:43:28.4081560Z ##[endgroup]
2025-02-23T16:43:29.5910750Z Obtaining file:///Users/runner/work/tardis/tardis
2025-02-23T16:43:29.5940500Z   Installing build dependencies: started
2025-02-23T16:43:32.7734220Z   Installing build dependencies: finished with status 'done'
2025-02-23T16:43:32.7835290Z   Checking if build backend supports build_editable: started
2025-02-23T16:43:32.8806830Z   Checking if build backend supports build_editable: finished with status 'done'
2025-02-23T16:43:32.8824860Z   Getting requirements to build editable: started
2025-02-23T16:43:33.4607220Z   Getting requirements to build editable: finished with status 'done'
2025-02-23T16:43:33.4620480Z   Preparing editable metadata (pyproject.toml): started
2025-02-23T16:43:33.9954350Z   Preparing editable metadata (pyproject.toml): finished with status 'done'
2025-02-23T16:43:34.0374630Z Requirement already satisfied: astropy in /Users/runner/micromamba/envs/tardis/lib/python3.12/site-packages (from tardis==0.0.0) (6.1.1)
2025-02-23T16:43:34.0642040Z Requirement already satisfied: numpy>=1.23 in /Users/runner/micromamba/envs/tardis/lib/python3.12/site-packages (from astropy->tardis==0.0.0) (1.26.4)
2025-02-23T16:43:34.0648410Z Requirement already satisfied: pyerfa>=2.0.1.1 in /Users/runner/micromamba/envs/tardis/lib/python3.12/site-packages (from astropy->tardis==0.0.0) (2.0.1.4)
2025-02-23T16:43:34.0655470Z Requirement already satisfied: astropy-iers-data>=0.2024.5.27.0.30.8 in /Users/runner/micromamba/envs/tardis/lib/python3.12/site-packages (from astropy->tardis==0.0.0) (0.2024.6.17.0.31.35)
2025-02-23T16:43:34.0660290Z Requirement already satisfied: PyYAML>=3.13 in /Users/runner/micromamba/envs/tardis/lib/python3.12/site-packages (from astropy->tardis==0.0.0) (6.0.1)
2025-02-23T16:43:34.0666000Z Requirement already satisfied: packaging>=19.0 in /Users/runner/micromamba/envs/tardis/lib/python3.12/site-packages (from astropy->tardis==0.0.0) (24.1)
2025-02-23T16:43:34.0719770Z Building wheels for collected packages: tardis
2025-02-23T16:43:34.0726700Z   Building editable for tardis (pyproject.toml): started
2025-02-23T16:43:34.8536290Z   Building editable for tardis (pyproject.toml): finished with status 'done'
2025-02-23T16:43:34.8543810Z   Created wheel for tardis: filename=tardis-0.0.0-0.editable-py3-none-any.whl size=8877 sha256=d680385e820dc9b476424e15f8cb6a8a6235ebc443255d267770dbbdef5cf1e4
2025-02-23T16:43:34.8545710Z   Stored in directory: /private/var/folders/2s/h6hvv9ps03xgz_krkkstvq_r0000gn/T/pip-ephem-wheel-cache-zlfzb655/wheels/bb/4f/6a/0829b918c1c10bc28535ce7f14be21eee54375bdd9cd0c306a
2025-02-23T16:43:34.8569550Z Successfully built tardis
2025-02-23T16:43:35.4819940Z Installing collected packages: tardis
2025-02-23T16:43:35.4937960Z Successfully installed tardis-0.0.0
2025-02-23T16:43:35.8091220Z ##[group]Run pip install qgridnext
2025-02-23T16:43:35.8092290Z [36;1mpip install qgridnext[0m
2025-02-23T16:43:35.8182710Z shell: /bin/bash -l {0}
2025-02-23T16:43:35.8182940Z env:
2025-02-23T16:43:35.8183090Z   CACHE_NUMBER: 0
2025-02-23T16:43:35.8183670Z   PYTEST_FLAGS: --tardis-regression-data=/Users/runner/work/tardis/tardis/tardis-regression-data --cov=tardis --cov-report=xml --cov-report=html --cov-append
2025-02-23T16:43:35.8184210Z   CODECOV_TOKEN: 
2025-02-23T16:43:35.8184420Z   MAMBA_ROOT_PREFIX: /Users/runner/micromamba
2025-02-23T16:43:35.8184740Z   MAMBA_EXE: /Users/runner/micromamba-bin/micromamba
2025-02-23T16:43:35.8185040Z   CONDARC: /Users/runner/work/_temp/setup-micromamba/.condarc
2025-02-23T16:43:35.8185320Z ##[endgroup]
2025-02-23T16:43:36.5257720Z Collecting qgridnext
2025-02-23T16:43:36.5616090Z   Downloading qgridnext-2.0.4-py3-none-any.whl.metadata (9.9 kB)
2025-02-23T16:43:36.5857710Z Requirement already satisfied: pandas>=0.20.0 in /Users/runner/micromamba/envs/tardis/lib/python3.12/site-packages (from qgridnext) (2.2.2)
2025-02-23T16:43:36.5877130Z Requirement already satisfied: ipywidgets>=7.0.0 in /Users/runner/micromamba/envs/tardis/lib/python3.12/site-packages (from qgridnext) (7.8.0)
2025-02-23T16:43:36.5892380Z Requirement already satisfied: numpy in /Users/runner/micromamba/envs/tardis/lib/python3.12/site-packages (from qgridnext) (1.26.4)
2025-02-23T16:43:36.5920830Z Requirement already satisfied: traitlets in /Users/runner/micromamba/envs/tardis/lib/python3.12/site-packages (from qgridnext) (5.14.3)
2025-02-23T16:43:36.5977190Z Requirement already satisfied: comm>=0.1.3 in /Users/runner/micromamba/envs/tardis/lib/python3.12/site-packages (from ipywidgets>=7.0.0->qgridnext) (0.2.2)
2025-02-23T16:43:36.5983050Z Requirement already satisfied: ipython-genutils~=0.2.0 in /Users/runner/micromamba/envs/tardis/lib/python3.12/site-packages (from ipywidgets>=7.0.0->qgridnext) (0.2.0)
2025-02-23T16:43:36.5998270Z Requirement already satisfied: widgetsnbextension~=3.6.5 in /Users/runner/micromamba/envs/tardis/lib/python3.12/site-packages (from ipywidgets>=7.0.0->qgridnext) (3.6.6)
2025-02-23T16:43:36.6009960Z Requirement already satisfied: ipython>=4.0.0 in /Users/runner/micromamba/envs/tardis/lib/python3.12/site-packages (from ipywidgets>=7.0.0->qgridnext) (8.25.0)
2025-02-23T16:43:36.6025540Z Requirement already satisfied: jupyterlab-widgets<3,>=1.0.0 in /Users/runner/micromamba/envs/tardis/lib/python3.12/site-packages (from ipywidgets>=7.0.0->qgridnext) (1.1.7)
2025-02-23T16:43:36.6590220Z Requirement already satisfied: python-dateutil>=2.8.2 in /Users/runner/micromamba/envs/tardis/lib/python3.12/site-packages (from pandas>=0.20.0->qgridnext) (2.9.0)
2025-02-23T16:43:36.6689440Z Requirement already satisfied: pytz>=2020.1 in /Users/runner/micromamba/envs/tardis/lib/python3.12/site-packages (from pandas>=0.20.0->qgridnext) (2024.1)
2025-02-23T16:43:36.6709840Z Requirement already satisfied: tzdata>=2022.7 in /Users/runner/micromamba/envs/tardis/lib/python3.12/site-packages (from pandas>=0.20.0->qgridnext) (2024.1)
2025-02-23T16:43:36.6999410Z Requirement already satisfied: decorator in /Users/runner/micromamba/envs/tardis/lib/python3.12/site-packages (from ipython>=4.0.0->ipywidgets>=7.0.0->qgridnext) (5.1.1)
2025-02-23T16:43:36.7204030Z Requirement already satisfied: jedi>=0.16 in /Users/runner/micromamba/envs/tardis/lib/python3.12/site-packages (from ipython>=4.0.0->ipywidgets>=7.0.0->qgridnext) (0.19.1)
2025-02-23T16:43:36.7220240Z Requirement already satisfied: matplotlib-inline in /Users/runner/micromamba/envs/tardis/lib/python3.12/site-packages (from ipython>=4.0.0->ipywidgets>=7.0.0->qgridnext) (0.1.7)
2025-02-23T16:43:36.7323980Z Requirement already satisfied: prompt-toolkit<3.1.0,>=3.0.41 in /Users/runner/micromamba/envs/tardis/lib/python3.12/site-packages (from ipython>=4.0.0->ipywidgets>=7.0.0->qgridnext) (3.0.47)
2025-02-23T16:43:36.7429900Z Requirement already satisfied: pygments>=2.4.0 in /Users/runner/micromamba/envs/tardis/lib/python3.12/site-packages (from ipython>=4.0.0->ipywidgets>=7.0.0->qgridnext) (2.18.0)
2025-02-23T16:43:36.7533050Z Requirement already satisfied: stack-data in /Users/runner/micromamba/envs/tardis/lib/python3.12/site-packages (from ipython>=4.0.0->ipywidgets>=7.0.0->qgridnext) (0.6.2)
2025-02-23T16:43:36.7621510Z Requirement already satisfied: pexpect>4.3 in /Users/runner/micromamba/envs/tardis/lib/python3.12/site-packages (from ipython>=4.0.0->ipywidgets>=7.0.0->qgridnext) (4.9.0)
2025-02-23T16:43:36.7723880Z Requirement already satisfied: six>=1.5 in /Users/runner/micromamba/envs/tardis/lib/python3.12/site-packages (from python-dateutil>=2.8.2->pandas>=0.20.0->qgridnext) (1.16.0)
2025-02-23T16:43:36.7827340Z Requirement already satisfied: notebook>=4.4.1 in /Users/runner/micromamba/envs/tardis/lib/python3.12/site-packages (from widgetsnbextension~=3.6.5->ipywidgets>=7.0.0->qgridnext) (7.2.1)
2025-02-23T16:43:36.7929350Z Requirement already satisfied: parso<0.9.0,>=0.8.3 in /Users/runner/micromamba/envs/tardis/lib/python3.12/site-packages (from jedi>=0.16->ipython>=4.0.0->ipywidgets>=7.0.0->qgridnext) (0.8.4)
2025-02-23T16:43:36.8032480Z Requirement already satisfied: jupyter-server<3,>=2.4.0 in /Users/runner/micromamba/envs/tardis/lib/python3.12/site-packages (from notebook>=4.4.1->widgetsnbextension~=3.6.5->ipywidgets>=7.0.0->qgridnext) (2.14.1)
2025-02-23T16:43:36.8134670Z Requirement already satisfied: jupyterlab-server<3,>=2.27.1 in /Users/runner/micromamba/envs/tardis/lib/python3.12/site-packages (from notebook>=4.4.1->widgetsnbextension~=3.6.5->ipywidgets>=7.0.0->qgridnext) (2.27.2)
2025-02-23T16:43:36.8239710Z Requirement already satisfied: jupyterlab<4.3,>=4.2.0 in /Users/runner/micromamba/envs/tardis/lib/python3.12/site-packages (from notebook>=4.4.1->widgetsnbextension~=3.6.5->ipywidgets>=7.0.0->qgridnext) (4.2.2)
2025-02-23T16:43:36.8339440Z Requirement already satisfied: notebook-shim<0.3,>=0.2 in /Users/runner/micromamba/envs/tardis/lib/python3.12/site-packages (from notebook>=4.4.1->widgetsnbextension~=3.6.5->ipywidgets>=7.0.0->qgridnext) (0.2.4)
2025-02-23T16:43:36.8442730Z Requirement already satisfied: tornado>=6.2.0 in /Users/runner/micromamba/envs/tardis/lib/python3.12/site-packages (from notebook>=4.4.1->widgetsnbextension~=3.6.5->ipywidgets>=7.0.0->qgridnext) (6.4.1)
2025-02-23T16:43:36.8548680Z Requirement already satisfied: ptyprocess>=0.5 in /Users/runner/micromamba/envs/tardis/lib/python3.12/site-packages (from pexpect>4.3->ipython>=4.0.0->ipywidgets>=7.0.0->qgridnext) (0.7.0)
2025-02-23T16:43:36.8650290Z Requirement already satisfied: wcwidth in /Users/runner/micromamba/envs/tardis/lib/python3.12/site-packages (from prompt-toolkit<3.1.0,>=3.0.41->ipython>=4.0.0->ipywidgets>=7.0.0->qgridnext) (0.2.13)
2025-02-23T16:43:36.8750970Z Requirement already satisfied: executing>=1.2.0 in /Users/runner/micromamba/envs/tardis/lib/python3.12/site-packages (from stack-data->ipython>=4.0.0->ipywidgets>=7.0.0->qgridnext) (2.0.1)
2025-02-23T16:43:36.8853210Z Requirement already satisfied: asttokens>=2.1.0 in /Users/runner/micromamba/envs/tardis/lib/python3.12/site-packages (from stack-data->ipython>=4.0.0->ipywidgets>=7.0.0->qgridnext) (2.4.1)
2025-02-23T16:43:36.8955380Z Requirement already satisfied: pure-eval in /Users/runner/micromamba/envs/tardis/lib/python3.12/site-packages (from stack-data->ipython>=4.0.0->ipywidgets>=7.0.0->qgridnext) (0.2.2)
2025-02-23T16:43:36.9054640Z Requirement already satisfied: anyio>=3.1.0 in /Users/runner/micromamba/envs/tardis/lib/python3.12/site-packages (from jupyter-server<3,>=2.4.0->notebook>=4.4.1->widgetsnbextension~=3.6.5->ipywidgets>=7.0.0->qgridnext) (4.4.0)
2025-02-23T16:43:36.9129180Z Requirement already satisfied: argon2-cffi>=21.1 in /Users/runner/micromamba/envs/tardis/lib/python3.12/site-packages (from jupyter-server<3,>=2.4.0->notebook>=4.4.1->widgetsnbextension~=3.6.5->ipywidgets>=7.0.0->qgridnext) (23.1.0)
2025-02-23T16:43:36.9231940Z Requirement already satisfied: jinja2>=3.0.3 in /Users/runner/micromamba/envs/tardis/lib/python3.12/site-packages (from jupyter-server<3,>=2.4.0->notebook>=4.4.1->widgetsnbextension~=3.6.5->ipywidgets>=7.0.0->qgridnext) (3.1.4)
2025-02-23T16:43:36.9336680Z Requirement already satisfied: jupyter-client>=7.4.4 in /Users/runner/micromamba/envs/tardis/lib/python3.12/site-packages (from jupyter-server<3,>=2.4.0->notebook>=4.4.1->widgetsnbextension~=3.6.5->ipywidgets>=7.0.0->qgridnext) (8.6.2)
2025-02-23T16:43:36.9435620Z Requirement already satisfied: jupyter-core!=5.0.*,>=4.12 in /Users/runner/micromamba/envs/tardis/lib/python3.12/site-packages (from jupyter-server<3,>=2.4.0->notebook>=4.4.1->widgetsnbextension~=3.6.5->ipywidgets>=7.0.0->qgridnext) (5.7.2)
2025-02-23T16:43:36.9539280Z Requirement already satisfied: jupyter-events>=0.9.0 in /Users/runner/micromamba/envs/tardis/lib/python3.12/site-packages (from jupyter-server<3,>=2.4.0->notebook>=4.4.1->widgetsnbextension~=3.6.5->ipywidgets>=7.0.0->qgridnext) (0.10.0)
2025-02-23T16:43:36.9641320Z Requirement already satisfied: jupyter-server-terminals>=0.4.4 in /Users/runner/micromamba/envs/tardis/lib/python3.12/site-packages (from jupyter-server<3,>=2.4.0->notebook>=4.4.1->widgetsnbextension~=3.6.5->ipywidgets>=7.0.0->qgridnext) (0.5.3)
2025-02-23T16:43:36.9743120Z Requirement already satisfied: nbconvert>=6.4.4 in /Users/runner/micromamba/envs/tardis/lib/python3.12/site-packages (from jupyter-server<3,>=2.4.0->notebook>=4.4.1->widgetsnbextension~=3.6.5->ipywidgets>=7.0.0->qgridnext) (7.16.4)
2025-02-23T16:43:36.9845480Z Requirement already satisfied: nbformat>=5.3.0 in /Users/runner/micromamba/envs/tardis/lib/python3.12/site-packages (from jupyter-server<3,>=2.4.0->notebook>=4.4.1->widgetsnbextension~=3.6.5->ipywidgets>=7.0.0->qgridnext) (5.10.4)
2025-02-23T16:43:36.9948590Z Requirement already satisfied: overrides>=5.0 in /Users/runner/micromamba/envs/tardis/lib/python3.12/site-packages (from jupyter-server<3,>=2.4.0->notebook>=4.4.1->widgetsnbextension~=3.6.5->ipywidgets>=7.0.0->qgridnext) (7.7.0)
2025-02-23T16:43:37.0052400Z Requirement already satisfied: packaging>=22.0 in /Users/runner/micromamba/envs/tardis/lib/python3.12/site-packages (from jupyter-server<3,>=2.4.0->notebook>=4.4.1->widgetsnbextension~=3.6.5->ipywidgets>=7.0.0->qgridnext) (24.1)
2025-02-23T16:43:37.0153750Z Requirement already satisfied: prometheus-client>=0.9 in /Users/runner/micromamba/envs/tardis/lib/python3.12/site-packages (from jupyter-server<3,>=2.4.0->notebook>=4.4.1->widgetsnbextension~=3.6.5->ipywidgets>=7.0.0->qgridnext) (0.20.0)
2025-02-23T16:43:37.0256840Z Requirement already satisfied: pyzmq>=24 in /Users/runner/micromamba/envs/tardis/lib/python3.12/site-packages (from jupyter-server<3,>=2.4.0->notebook>=4.4.1->widgetsnbextension~=3.6.5->ipywidgets>=7.0.0->qgridnext) (26.0.3)
2025-02-23T16:43:37.0358230Z Requirement already satisfied: send2trash>=1.8.2 in /Users/runner/micromamba/envs/tardis/lib/python3.12/site-packages (from jupyter-server<3,>=2.4.0->notebook>=4.4.1->widgetsnbextension~=3.6.5->ipywidgets>=7.0.0->qgridnext) (1.8.3)
2025-02-23T16:43:37.0463540Z Requirement already satisfied: terminado>=0.8.3 in /Users/runner/micromamba/envs/tardis/lib/python3.12/site-packages (from jupyter-server<3,>=2.4.0->notebook>=4.4.1->widgetsnbextension~=3.6.5->ipywidgets>=7.0.0->qgridnext) (0.18.1)
2025-02-23T16:43:37.0565660Z Requirement already satisfied: websocket-client>=1.7 in /Users/runner/micromamba/envs/tardis/lib/python3.12/site-packages (from jupyter-server<3,>=2.4.0->notebook>=4.4.1->widgetsnbextension~=3.6.5->ipywidgets>=7.0.0->qgridnext) (1.8.0)
2025-02-23T16:43:37.0666240Z Requirement already satisfied: async-lru>=1.0.0 in /Users/runner/micromamba/envs/tardis/lib/python3.12/site-packages (from jupyterlab<4.3,>=4.2.0->notebook>=4.4.1->widgetsnbextension~=3.6.5->ipywidgets>=7.0.0->qgridnext) (2.0.4)
2025-02-23T16:43:37.0753890Z Requirement already satisfied: httpx>=0.25.0 in /Users/runner/micromamba/envs/tardis/lib/python3.12/site-packages (from jupyterlab<4.3,>=4.2.0->notebook>=4.4.1->widgetsnbextension~=3.6.5->ipywidgets>=7.0.0->qgridnext) (0.27.0)
2025-02-23T16:43:37.0830780Z Requirement already satisfied: ipykernel>=6.5.0 in /Users/runner/micromamba/envs/tardis/lib/python3.12/site-packages (from jupyterlab<4.3,>=4.2.0->notebook>=4.4.1->widgetsnbextension~=3.6.5->ipywidgets>=7.0.0->qgridnext) (6.29.4)
2025-02-23T16:43:37.0919350Z Requirement already satisfied: jupyter-lsp>=2.0.0 in /Users/runner/micromamba/envs/tardis/lib/python3.12/site-packages (from jupyterlab<4.3,>=4.2.0->notebook>=4.4.1->widgetsnbextension~=3.6.5->ipywidgets>=7.0.0->qgridnext) (2.2.5)
2025-02-23T16:43:37.1021910Z Requirement already satisfied: setuptools>=40.1.0 in /Users/runner/micromamba/envs/tardis/lib/python3.12/site-packages (from jupyterlab<4.3,>=4.2.0->notebook>=4.4.1->widgetsnbextension~=3.6.5->ipywidgets>=7.0.0->qgridnext) (70.0.0)
2025-02-23T16:43:37.1108150Z Requirement already satisfied: babel>=2.10 in /Users/runner/micromamba/envs/tardis/lib/python3.12/site-packages (from jupyterlab-server<3,>=2.27.1->notebook>=4.4.1->widgetsnbextension~=3.6.5->ipywidgets>=7.0.0->qgridnext) (2.14.0)
2025-02-23T16:43:37.1203700Z Requirement already satisfied: json5>=0.9.0 in /Users/runner/micromamba/envs/tardis/lib/python3.12/site-packages (from jupyterlab-server<3,>=2.27.1->notebook>=4.4.1->widgetsnbextension~=3.6.5->ipywidgets>=7.0.0->qgridnext) (0.9.25)
2025-02-23T16:43:37.1306420Z Requirement already satisfied: jsonschema>=4.18.0 in /Users/runner/micromamba/envs/tardis/lib/python3.12/site-packages (from jupyterlab-server<3,>=2.27.1->notebook>=4.4.1->widgetsnbextension~=3.6.5->ipywidgets>=7.0.0->qgridnext) (4.22.0)
2025-02-23T16:43:37.1392950Z Requirement already satisfied: requests>=2.31 in /Users/runner/micromamba/envs/tardis/lib/python3.12/site-packages (from jupyterlab-server<3,>=2.27.1->notebook>=4.4.1->widgetsnbextension~=3.6.5->ipywidgets>=7.0.0->qgridnext) (2.32.3)
2025-02-23T16:43:37.1481140Z Requirement already satisfied: idna>=2.8 in /Users/runner/micromamba/envs/tardis/lib/python3.12/site-packages (from anyio>=3.1.0->jupyter-server<3,>=2.4.0->notebook>=4.4.1->widgetsnbextension~=3.6.5->ipywidgets>=7.0.0->qgridnext) (3.7)
2025-02-23T16:43:37.1567100Z Requirement already satisfied: sniffio>=1.1 in /Users/runner/micromamba/envs/tardis/lib/python3.12/site-packages (from anyio>=3.1.0->jupyter-server<3,>=2.4.0->notebook>=4.4.1->widgetsnbextension~=3.6.5->ipywidgets>=7.0.0->qgridnext) (1.3.1)
2025-02-23T16:43:37.1647040Z Requirement already satisfied: argon2-cffi-bindings in /Users/runner/micromamba/envs/tardis/lib/python3.12/site-packages (from argon2-cffi>=21.1->jupyter-server<3,>=2.4.0->notebook>=4.4.1->widgetsnbextension~=3.6.5->ipywidgets>=7.0.0->qgridnext) (21.2.0)
2025-02-23T16:43:37.1672080Z Requirement already satisfied: certifi in /Users/runner/micromamba/envs/tardis/lib/python3.12/site-packages (from httpx>=0.25.0->jupyterlab<4.3,>=4.2.0->notebook>=4.4.1->widgetsnbextension~=3.6.5->ipywidgets>=7.0.0->qgridnext) (2024.6.2)
2025-02-23T16:43:37.1753970Z Requirement already satisfied: httpcore==1.* in /Users/runner/micromamba/envs/tardis/lib/python3.12/site-packages (from httpx>=0.25.0->jupyterlab<4.3,>=4.2.0->notebook>=4.4.1->widgetsnbextension~=3.6.5->ipywidgets>=7.0.0->qgridnext) (1.0.5)
2025-02-23T16:43:37.1757290Z Requirement already satisfied: h11<0.15,>=0.13 in /Users/runner/micromamba/envs/tardis/lib/python3.12/site-packages (from httpcore==1.*->httpx>=0.25.0->jupyterlab<4.3,>=4.2.0->notebook>=4.4.1->widgetsnbextension~=3.6.5->ipywidgets>=7.0.0->qgridnext) (0.14.0)
2025-02-23T16:43:37.1759090Z Requirement already satisfied: appnope in /Users/runner/micromamba/envs/tardis/lib/python3.12/site-packages (from ipykernel>=6.5.0->jupyterlab<4.3,>=4.2.0->notebook>=4.4.1->widgetsnbextension~=3.6.5->ipywidgets>=7.0.0->qgridnext) (0.1.4)
2025-02-23T16:43:37.1761010Z Requirement already satisfied: debugpy>=1.6.5 in /Users/runner/micromamba/envs/tardis/lib/python3.12/site-packages (from ipykernel>=6.5.0->jupyterlab<4.3,>=4.2.0->notebook>=4.4.1->widgetsnbextension~=3.6.5->ipywidgets>=7.0.0->qgridnext) (1.8.1)
2025-02-23T16:43:37.1763490Z Requirement already satisfied: nest-asyncio in /Users/runner/micromamba/envs/tardis/lib/python3.12/site-packages (from ipykernel>=6.5.0->jupyterlab<4.3,>=4.2.0->notebook>=4.4.1->widgetsnbextension~=3.6.5->ipywidgets>=7.0.0->qgridnext) (1.6.0)
2025-02-23T16:43:37.1765080Z Requirement already satisfied: psutil in /Users/runner/micromamba/envs/tardis/lib/python3.12/site-packages (from ipykernel>=6.5.0->jupyterlab<4.3,>=4.2.0->notebook>=4.4.1->widgetsnbextension~=3.6.5->ipywidgets>=7.0.0->qgridnext) (5.9.8)
2025-02-23T16:43:37.1766240Z Requirement already satisfied: MarkupSafe>=2.0 in /Users/runner/micromamba/envs/tardis/lib/python3.12/site-packages (from jinja2>=3.0.3->jupyter-server<3,>=2.4.0->notebook>=4.4.1->widgetsnbextension~=3.6.5->ipywidgets>=7.0.0->qgridnext) (2.1.5)
2025-02-23T16:43:37.1767920Z Requirement already satisfied: attrs>=22.2.0 in /Users/runner/micromamba/envs/tardis/lib/python3.12/site-packages (from jsonschema>=4.18.0->jupyterlab-server<3,>=2.27.1->notebook>=4.4.1->widgetsnbextension~=3.6.5->ipywidgets>=7.0.0->qgridnext) (23.2.0)
2025-02-23T16:43:37.1769230Z Requirement already satisfied: jsonschema-specifications>=2023.03.6 in /Users/runner/micromamba/envs/tardis/lib/python3.12/site-packages (from jsonschema>=4.18.0->jupyterlab-server<3,>=2.27.1->notebook>=4.4.1->widgetsnbextension~=3.6.5->ipywidgets>=7.0.0->qgridnext) (2023.12.1)
2025-02-23T16:43:37.1770550Z Requirement already satisfied: referencing>=0.28.4 in /Users/runner/micromamba/envs/tardis/lib/python3.12/site-packages (from jsonschema>=4.18.0->jupyterlab-server<3,>=2.27.1->notebook>=4.4.1->widgetsnbextension~=3.6.5->ipywidgets>=7.0.0->qgridnext) (0.35.1)
2025-02-23T16:43:37.1771800Z Requirement already satisfied: rpds-py>=0.7.1 in /Users/runner/micromamba/envs/tardis/lib/python3.12/site-packages (from jsonschema>=4.18.0->jupyterlab-server<3,>=2.27.1->notebook>=4.4.1->widgetsnbextension~=3.6.5->ipywidgets>=7.0.0->qgridnext) (0.18.1)
2025-02-23T16:43:37.1773020Z Requirement already satisfied: platformdirs>=2.5 in /Users/runner/micromamba/envs/tardis/lib/python3.12/site-packages (from jupyter-core!=5.0.*,>=4.12->jupyter-server<3,>=2.4.0->notebook>=4.4.1->widgetsnbextension~=3.6.5->ipywidgets>=7.0.0->qgridnext) (4.2.2)
2025-02-23T16:43:37.1774280Z Requirement already satisfied: python-json-logger>=2.0.4 in /Users/runner/micromamba/envs/tardis/lib/python3.12/site-packages (from jupyter-events>=0.9.0->jupyter-server<3,>=2.4.0->notebook>=4.4.1->widgetsnbextension~=3.6.5->ipywidgets>=7.0.0->qgridnext) (2.0.7)
2025-02-23T16:43:37.1775540Z Requirement already satisfied: pyyaml>=5.3 in /Users/runner/micromamba/envs/tardis/lib/python3.12/site-packages (from jupyter-events>=0.9.0->jupyter-server<3,>=2.4.0->notebook>=4.4.1->widgetsnbextension~=3.6.5->ipywidgets>=7.0.0->qgridnext) (6.0.1)
2025-02-23T16:43:37.1776930Z Requirement already satisfied: rfc3339-validator in /Users/runner/micromamba/envs/tardis/lib/python3.12/site-packages (from jupyter-events>=0.9.0->jupyter-server<3,>=2.4.0->notebook>=4.4.1->widgetsnbextension~=3.6.5->ipywidgets>=7.0.0->qgridnext) (0.1.4)
2025-02-23T16:43:37.1778210Z Requirement already satisfied: rfc3986-validator>=0.1.1 in /Users/runner/micromamba/envs/tardis/lib/python3.12/site-packages (from jupyter-events>=0.9.0->jupyter-server<3,>=2.4.0->notebook>=4.4.1->widgetsnbextension~=3.6.5->ipywidgets>=7.0.0->qgridnext) (0.1.1)
2025-02-23T16:43:37.1779450Z Requirement already satisfied: beautifulsoup4 in /Users/runner/micromamba/envs/tardis/lib/python3.12/site-packages (from nbconvert>=6.4.4->jupyter-server<3,>=2.4.0->notebook>=4.4.1->widgetsnbextension~=3.6.5->ipywidgets>=7.0.0->qgridnext) (4.12.3)
2025-02-23T16:43:37.1780640Z Requirement already satisfied: bleach!=5.0.0 in /Users/runner/micromamba/envs/tardis/lib/python3.12/site-packages (from nbconvert>=6.4.4->jupyter-server<3,>=2.4.0->notebook>=4.4.1->widgetsnbextension~=3.6.5->ipywidgets>=7.0.0->qgridnext) (6.1.0)
2025-02-23T16:43:37.1781830Z Requirement already satisfied: defusedxml in /Users/runner/micromamba/envs/tardis/lib/python3.12/site-packages (from nbconvert>=6.4.4->jupyter-server<3,>=2.4.0->notebook>=4.4.1->widgetsnbextension~=3.6.5->ipywidgets>=7.0.0->qgridnext) (0.7.1)
2025-02-23T16:43:37.1783430Z Requirement already satisfied: jupyterlab-pygments in /Users/runner/micromamba/envs/tardis/lib/python3.12/site-packages (from nbconvert>=6.4.4->jupyter-server<3,>=2.4.0->notebook>=4.4.1->widgetsnbextension~=3.6.5->ipywidgets>=7.0.0->qgridnext) (0.3.0)
2025-02-23T16:43:37.1784700Z Requirement already satisfied: mistune<4,>=2.0.3 in /Users/runner/micromamba/envs/tardis/lib/python3.12/site-packages (from nbconvert>=6.4.4->jupyter-server<3,>=2.4.0->notebook>=4.4.1->widgetsnbextension~=3.6.5->ipywidgets>=7.0.0->qgridnext) (3.0.2)
2025-02-23T16:43:37.1786080Z Requirement already satisfied: nbclient>=0.5.0 in /Users/runner/micromamba/envs/tardis/lib/python3.12/site-packages (from nbconvert>=6.4.4->jupyter-server<3,>=2.4.0->notebook>=4.4.1->widgetsnbextension~=3.6.5->ipywidgets>=7.0.0->qgridnext) (0.10.0)
2025-02-23T16:43:37.1787440Z Requirement already satisfied: pandocfilters>=1.4.1 in /Users/runner/micromamba/envs/tardis/lib/python3.12/site-packages (from nbconvert>=6.4.4->jupyter-server<3,>=2.4.0->notebook>=4.4.1->widgetsnbextension~=3.6.5->ipywidgets>=7.0.0->qgridnext) (1.5.0)
2025-02-23T16:43:37.1788660Z Requirement already satisfied: tinycss2 in /Users/runner/micromamba/envs/tardis/lib/python3.12/site-packages (from nbconvert>=6.4.4->jupyter-server<3,>=2.4.0->notebook>=4.4.1->widgetsnbextension~=3.6.5->ipywidgets>=7.0.0->qgridnext) (1.3.0)
2025-02-23T16:43:37.1789880Z Requirement already satisfied: fastjsonschema>=2.15 in /Users/runner/micromamba/envs/tardis/lib/python3.12/site-packages (from nbformat>=5.3.0->jupyter-server<3,>=2.4.0->notebook>=4.4.1->widgetsnbextension~=3.6.5->ipywidgets>=7.0.0->qgridnext) (2.20.0)
2025-02-23T16:43:37.1952090Z Requirement already satisfied: charset-normalizer<4,>=2 in /Users/runner/micromamba/envs/tardis/lib/python3.12/site-packages (from requests>=2.31->jupyterlab-server<3,>=2.27.1->notebook>=4.4.1->widgetsnbextension~=3.6.5->ipywidgets>=7.0.0->qgridnext) (3.3.2)
2025-02-23T16:43:37.2015180Z Requirement already satisfied: urllib3<3,>=1.21.1 in /Users/runner/micromamba/envs/tardis/lib/python3.12/site-packages (from requests>=2.31->jupyterlab-server<3,>=2.27.1->notebook>=4.4.1->widgetsnbextension~=3.6.5->ipywidgets>=7.0.0->qgridnext) (2.2.2)
2025-02-23T16:43:37.2498490Z Requirement already satisfied: webencodings in /Users/runner/micromamba/envs/tardis/lib/python3.12/site-packages (from bleach!=5.0.0->nbconvert>=6.4.4->jupyter-server<3,>=2.4.0->notebook>=4.4.1->widgetsnbextension~=3.6.5->ipywidgets>=7.0.0->qgridnext) (0.5.1)
2025-02-23T16:43:37.2892360Z Requirement already satisfied: fqdn in /Users/runner/micromamba/envs/tardis/lib/python3.12/site-packages (from jsonschema[format-nongpl]>=4.18.0->jupyter-events>=0.9.0->jupyter-server<3,>=2.4.0->notebook>=4.4.1->widgetsnbextension~=3.6.5->ipywidgets>=7.0.0->qgridnext) (1.5.1)
2025-02-23T16:43:37.2901580Z Requirement already satisfied: isoduration in /Users/runner/micromamba/envs/tardis/lib/python3.12/site-packages (from jsonschema[format-nongpl]>=4.18.0->jupyter-events>=0.9.0->jupyter-server<3,>=2.4.0->notebook>=4.4.1->widgetsnbextension~=3.6.5->ipywidgets>=7.0.0->qgridnext) (20.11.0)
2025-02-23T16:43:37.2909840Z Requirement already satisfied: jsonpointer>1.13 in /Users/runner/micromamba/envs/tardis/lib/python3.12/site-packages (from jsonschema[format-nongpl]>=4.18.0->jupyter-events>=0.9.0->jupyter-server<3,>=2.4.0->notebook>=4.4.1->widgetsnbextension~=3.6.5->ipywidgets>=7.0.0->qgridnext) (3.0.0)
2025-02-23T16:43:37.2923030Z Requirement already satisfied: uri-template in /Users/runner/micromamba/envs/tardis/lib/python3.12/site-packages (from jsonschema[format-nongpl]>=4.18.0->jupyter-events>=0.9.0->jupyter-server<3,>=2.4.0->notebook>=4.4.1->widgetsnbextension~=3.6.5->ipywidgets>=7.0.0->qgridnext) (1.3.0)
2025-02-23T16:43:37.2931090Z Requirement already satisfied: webcolors>=1.11 in /Users/runner/micromamba/envs/tardis/lib/python3.12/site-packages (from jsonschema[format-nongpl]>=4.18.0->jupyter-events>=0.9.0->jupyter-server<3,>=2.4.0->notebook>=4.4.1->widgetsnbextension~=3.6.5->ipywidgets>=7.0.0->qgridnext) (24.6.0)
2025-02-23T16:43:37.4151680Z Requirement already satisfied: cffi>=1.0.1 in /Users/runner/micromamba/envs/tardis/lib/python3.12/site-packages (from argon2-cffi-bindings->argon2-cffi>=21.1->jupyter-server<3,>=2.4.0->notebook>=4.4.1->widgetsnbextension~=3.6.5->ipywidgets>=7.0.0->qgridnext) (1.16.0)
2025-02-23T16:43:37.4223960Z Requirement already satisfied: soupsieve>1.2 in /Users/runner/micromamba/envs/tardis/lib/python3.12/site-packages (from beautifulsoup4->nbconvert>=6.4.4->jupyter-server<3,>=2.4.0->notebook>=4.4.1->widgetsnbextension~=3.6.5->ipywidgets>=7.0.0->qgridnext) (2.5)
2025-02-23T16:43:37.4598640Z Requirement already satisfied: pycparser in /Users/runner/micromamba/envs/tardis/lib/python3.12/site-packages (from cffi>=1.0.1->argon2-cffi-bindings->argon2-cffi>=21.1->jupyter-server<3,>=2.4.0->notebook>=4.4.1->widgetsnbextension~=3.6.5->ipywidgets>=7.0.0->qgridnext) (2.22)
2025-02-23T16:43:37.4952230Z Requirement already satisfied: arrow>=0.15.0 in /Users/runner/micromamba/envs/tardis/lib/python3.12/site-packages (from isoduration->jsonschema[format-nongpl]>=4.18.0->jupyter-events>=0.9.0->jupyter-server<3,>=2.4.0->notebook>=4.4.1->widgetsnbextension~=3.6.5->ipywidgets>=7.0.0->qgridnext) (1.3.0)
2025-02-23T16:43:37.5228170Z Requirement already satisfied: types-python-dateutil>=2.8.10 in /Users/runner/micromamba/envs/tardis/lib/python3.12/site-packages (from arrow>=0.15.0->isoduration->jsonschema[format-nongpl]>=4.18.0->jupyter-events>=0.9.0->jupyter-server<3,>=2.4.0->notebook>=4.4.1->widgetsnbextension~=3.6.5->ipywidgets>=7.0.0->qgridnext) (2.9.0.20240316)
2025-02-23T16:43:37.5621940Z Downloading qgridnext-2.0.4-py3-none-any.whl (1.3 MB)
2025-02-23T16:43:37.6170680Z    â”â”â”â”â”â”â”â”â”â”â”â”â”â”â”â”â”â”â”â”â”â”â”â”â”â”â”â”â”â”â”â”â”â”â”â”â”â”â”â” 1.3/1.3 MB 23.7 MB/s eta 0:00:00
2025-02-23T16:43:38.3086210Z Installing collected packages: qgridnext
2025-02-23T16:43:38.3744190Z Successfully installed qgridnext-2.0.4
2025-02-23T16:43:38.6746620Z ##[group]Run pytest tardis --tardis-regression-data=/Users/runner/work/tardis/tardis/tardis-regression-data --cov=tardis --cov-report=xml --cov-report=html --cov-append -m "not continuum"
2025-02-23T16:43:38.6747690Z [36;1mpytest tardis --tardis-regression-data=/Users/runner/work/tardis/tardis/tardis-regression-data --cov=tardis --cov-report=xml --cov-report=html --cov-append -m "not continuum"[0m
2025-02-23T16:43:38.6819020Z shell: /bin/bash -l {0}
2025-02-23T16:43:38.6819250Z env:
2025-02-23T16:43:38.6819410Z   CACHE_NUMBER: 0
2025-02-23T16:43:38.6819930Z   PYTEST_FLAGS: --tardis-regression-data=/Users/runner/work/tardis/tardis/tardis-regression-data --cov=tardis --cov-report=xml --cov-report=html --cov-append
2025-02-23T16:43:38.6820660Z   CODECOV_TOKEN: 
2025-02-23T16:43:38.6820840Z   MAMBA_ROOT_PREFIX: /Users/runner/micromamba
2025-02-23T16:43:38.6821140Z   MAMBA_EXE: /Users/runner/micromamba-bin/micromamba
2025-02-23T16:43:38.6821690Z   CONDARC: /Users/runner/work/_temp/setup-micromamba/.condarc
2025-02-23T16:43:38.6822050Z ##[endgroup]
2025-02-23T16:43:54.2496800Z ============================= test session starts ==============================
2025-02-23T16:43:54.2498070Z platform darwin -- Python 3.12.4, pytest-8.2.2, pluggy-1.5.0
2025-02-23T16:43:54.2499000Z rootdir: /Users/runner/work/tardis/tardis
2025-02-23T16:43:54.2499800Z configfile: pyproject.toml
2025-02-23T16:43:54.2500620Z plugins: cov-5.0.0, html-4.1.1, metadata-3.1.1, doctestplus-1.2.1, anyio-4.4.0
2025-02-23T16:43:54.2501620Z collected 1799 items / 2 deselected / 1797 selected
2025-02-23T16:43:54.2502060Z 
2025-02-23T16:43:58.0215230Z tardis/energy_input/tests/test_energy_source.py ..xxx                    [  0%]
2025-02-23T16:43:59.9019570Z tardis/energy_input/tests/test_gamma_ray_channel.py ...........          [  0%]
2025-02-23T16:44:01.2164950Z tardis/energy_input/tests/test_gamma_ray_grid.py xx.                     [  1%]
2025-02-23T16:44:02.5929990Z tardis/energy_input/tests/test_gamma_ray_interactions.py xx....          [  1%]
2025-02-23T16:44:02.6046830Z tardis/energy_input/tests/test_gamma_ray_packet_source.py sssssssss      [  1%]
2025-02-23T16:44:03.8014860Z tardis/energy_input/tests/test_util.py .....xxxx.....                    [  2%]
2025-02-23T16:44:04.1887080Z tardis/grid/tests/test_grid.py .                                         [  2%]
2025-02-23T16:44:04.2118260Z tardis/gui/tests/test_gui.py s                                           [  2%]
2025-02-23T16:44:07.7203490Z tardis/io/configuration/tests/test_config_reader.py ...........          [  3%]
2025-02-23T16:44:07.7293880Z tardis/io/configuration/tests/test_configuration_namespace.py .........  [  3%]
2025-02-23T16:44:07.7481950Z tardis/io/logger/tests/test_logging.py ssssssssssssssssssssssssssss      [  5%]
2025-02-23T16:44:39.4120610Z tardis/io/model/readers/tests/test_arepo_parser.py ..                    [  5%]
2025-02-23T16:44:39.4655550Z tardis/io/model/readers/tests/test_artis_readers.py F...                 [  5%]
2025-02-23T16:44:39.4797030Z tardis/io/model/readers/tests/test_ascii_readers.py ...                  [  5%]
2025-02-23T16:44:39.4894550Z tardis/io/model/readers/tests/test_cmfgen_reader.py ..                   [  6%]
2025-02-23T16:44:39.5120960Z tardis/io/model/readers/tests/test_csvy_reader.py ....                   [  6%]
2025-02-23T16:44:39.5299830Z tardis/io/model/readers/tests/test_stella_reader.py ..                   [  6%]
2025-02-23T16:44:39.7688860Z tardis/io/tests/test_HDFWriter.py ...............                        [  7%]
2025-02-23T16:44:40.2983010Z tardis/io/tests/test_atomic.py .....                                     [  7%]
2025-02-23T16:44:40.3111570Z tardis/io/tests/test_decay.py ..                                         [  7%]
2025-02-23T16:44:40.4349020Z tardis/io/tests/test_model_reader.py .....                               [  7%]
2025-02-23T16:44:40.4449630Z tardis/model/geometry/tests/test_radial1d.py ..                          [  8%]
2025-02-23T16:45:09.9722900Z tardis/model/tests/test_base.py ........................................ [ 10%]
2025-02-23T16:45:10.6753330Z ............                                                             [ 10%]
2025-02-23T16:45:12.9187450Z tardis/model/tests/test_csvy_model.py .........                          [ 11%]
2025-02-23T16:45:12.9488910Z tardis/model/tests/test_density.py ..                                    [ 11%]
2025-02-23T16:45:14.2722860Z tardis/opacities/tests/test_opacity_solver.py .....                      [ 11%]
2025-02-23T16:45:15.4534620Z tardis/opacities/tests/test_opacity_state_numba.py .....                 [ 12%]
2025-02-23T16:45:17.0039110Z tardis/opacities/tests/test_tau_sobolev.py ..                            [ 12%]
2025-02-23T16:45:19.4935280Z tardis/plasma/equilibrium/tests/test_collisional_transitions.py ...      [ 12%]
2025-02-23T16:45:56.3356540Z tardis/plasma/equilibrium/tests/test_level_populations.py ....           [ 12%]
2025-02-23T16:46:04.8542690Z tardis/plasma/equilibrium/tests/test_rate_matrix.py .                    [ 12%]
2025-02-23T16:46:05.8137650Z tardis/plasma/tests/test_complete_plasmas.py ..............s......s..... [ 14%]
2025-02-23T16:46:07.8349380Z s....ssssss............s......s.....ss.....s....ssssss............s..... [ 18%]
2025-02-23T16:46:09.0748890Z .s.....ss.....s....ssssss............s......s.....ss.....s....ssssss.... [ 22%]
2025-02-23T16:46:11.2806720Z ........s......s.....ss.....s....ssssss............s......s.....ss.....s [ 26%]
2025-02-23T16:46:13.2425930Z ....ssssss............s......s.....ss.....s....ssssss............s...... [ 30%]
2025-02-23T16:46:13.7896470Z s.....ss.....s....ssssss............s......s.....ss.....s.ss.ssssss..... [ 34%]
2025-02-23T16:46:15.8663940Z .......s......s.....ss.....s....ssssss............s......s.....ss.....s. [ 38%]
2025-02-23T16:46:18.0739170Z ...ssssss............s......s.....ss.....s....ssssss............s......s [ 42%]
2025-02-23T16:46:20.6571550Z .....ss.....s....ssssss............s......s.....s...........ssssss...... [ 46%]
2025-02-23T16:46:21.9817120Z ......s......s.....s...........ssssss............s......s.....s......... [ 50%]
2025-02-23T16:46:24.0656200Z ..ssssss............s......s.....ss.....s....ssssss............s......s. [ 54%]
2025-02-23T16:46:26.2265820Z ....ss.....s....ssssss...................s......s.....s....ssss......... [ 58%]
2025-02-23T16:46:26.5210930Z ............s......s.....s....ssss.......                                [ 60%]
2025-02-23T16:46:26.7063950Z tardis/plasma/tests/test_hdf_plasma.py ................................. [ 62%]
2025-02-23T16:46:26.7163040Z ......                                                                   [ 62%]
2025-02-23T16:46:26.9394420Z tardis/plasma/tests/test_nlte_excitation.py ...                          [ 62%]
2025-02-23T16:48:01.2083530Z tardis/plasma/tests/test_nlte_solver.py .....X                           [ 63%]
2025-02-23T16:48:01.2111970Z tardis/plasma/tests/test_plasma_continuum.py .                           [ 63%]
2025-02-23T16:48:15.9324410Z tardis/plasma/tests/test_plasma_vboundary.py .............               [ 63%]
2025-02-23T16:48:24.8531640Z tardis/plasma/tests/test_tardis_model_density_config.py ...              [ 64%]
2025-02-23T16:48:25.3384200Z tardis/simulation/tests/test_convergence.py .....                        [ 64%]
2025-02-23T16:48:31.5056090Z tardis/simulation/tests/test_simulation.py .............                 [ 65%]
2025-02-23T16:48:31.5162990Z tardis/spectrum/tests/test_cuda_formal_integral.py sssssssssssssssssssss [ 66%]
2025-02-23T16:48:31.7538320Z ssss...ssssssssssssssssssssss                                            [ 67%]
2025-02-23T16:48:31.7579110Z tardis/spectrum/tests/test_luminosity.py ....                            [ 68%]
2025-02-23T16:48:32.4859120Z tardis/spectrum/tests/test_numba_formal_integral.py .................... [ 69%]
2025-02-23T16:48:32.4960580Z ..........                                                               [ 69%]
2025-02-23T16:48:32.5993820Z tardis/spectrum/tests/test_spectrum.py ................................. [ 71%]
2025-02-23T16:48:32.6196410Z .........                                                                [ 72%]
2025-02-23T16:48:47.5837910Z tardis/spectrum/tests/test_spectrum_solver.py ....                       [ 72%]
2025-02-23T16:49:35.3418970Z tardis/tests/test_tardis_full.py ....                                    [ 72%]
2025-02-23T16:51:03.0189900Z tardis/tests/test_tardis_full_formal_integral.py ................        [ 73%]
2025-02-23T16:51:03.0621540Z tardis/tests/test_util.py .............................................  [ 75%]
2025-02-23T16:51:04.8809660Z tardis/transport/montecarlo/tests/test_base.py x.....................    [ 77%]
2025-02-23T16:51:09.0322680Z tardis/transport/montecarlo/tests/test_interaction.py .......            [ 77%]
2025-02-23T16:51:09.1643240Z tardis/transport/montecarlo/tests/test_macro_atom.py ....                [ 77%]
2025-02-23T16:51:09.1734990Z tardis/transport/montecarlo/tests/test_montecarlo.py sssssssssssssssssss [ 78%]
2025-02-23T16:51:09.1953110Z sssssssssssssssssssssssssssssssssssssssssssss                            [ 81%]
2025-02-23T16:51:15.6964430Z tardis/transport/montecarlo/tests/test_montecarlo_main_loop.py x..       [ 81%]
2025-02-23T16:51:15.7131860Z tardis/transport/montecarlo/tests/test_nonhomologous.py ...              [ 81%]
2025-02-23T16:51:17.9717560Z tardis/transport/montecarlo/tests/test_numba_interface.py .....x.        [ 82%]
2025-02-23T16:51:18.2815800Z tardis/transport/montecarlo/tests/test_opacities.py ...............      [ 82%]
2025-02-23T16:51:18.9321350Z tardis/transport/montecarlo/tests/test_packet.py .................xXXXXX [ 84%]
2025-02-23T16:51:19.0156850Z XX.........                                                              [ 84%]
2025-02-23T16:51:19.0381420Z tardis/transport/montecarlo/tests/test_packet_source.py ........         [ 85%]
2025-02-23T16:51:19.2238160Z tardis/transport/montecarlo/tests/test_rpacket_last_interaction_tracker.py . [ 85%]
2025-02-23T16:51:19.4607080Z .....                                                                    [ 85%]
2025-02-23T16:51:27.9286390Z tardis/transport/montecarlo/tests/test_rpacket_tracker.py ......         [ 85%]
2025-02-23T16:51:27.9518160Z tardis/transport/montecarlo/tests/test_single_packet_loop.py xxx         [ 86%]
2025-02-23T16:51:27.9551280Z tardis/transport/montecarlo/tests/test_tracker_utils.py ..               [ 86%]
2025-02-23T16:51:29.1706090Z tardis/transport/montecarlo/tests/test_vpacket.py ..x.                   [ 86%]
2025-02-23T16:51:29.1854960Z tardis/transport/montecarlo/tests/test_weighted_packet_source.py ....    [ 86%]
2025-02-23T16:51:31.5488620Z tardis/transport/montecarlo/tests/test_weighted_packet_source_integration.py . [ 86%]
2025-02-23T16:51:31.5489250Z                                                                          [ 86%]
2025-02-23T16:51:32.0086670Z tardis/transport/tests/test_doppler_factor.py ..................         [ 87%]
2025-02-23T16:51:33.4547570Z tardis/visualization/tools/tests/test_convergence_plot.py .............. [ 88%]
2025-02-23T16:51:34.8838960Z ......                                                                   [ 88%]
2025-02-23T16:51:38.2570310Z tardis/visualization/tools/tests/test_liv_plot.py ...................... [ 90%]
2025-02-23T16:51:41.3191920Z .............................                                            [ 91%]
2025-02-23T16:51:43.8407670Z tardis/visualization/tools/tests/test_rpacket_plot.py .................. [ 92%]
2025-02-23T16:51:50.2170640Z ....                                                                     [ 92%]
2025-02-23T16:51:54.0653800Z tardis/visualization/tools/tests/test_sdec_plot.py ..................... [ 94%]
2025-02-23T16:51:59.5661270Z ..............................                                           [ 95%]
2025-02-23T16:51:59.8796850Z tardis/visualization/widgets/tests/test_custom_abundance.py ........ss.. [ 96%]
2025-02-23T16:51:59.9163530Z ....                                                                     [ 96%]
2025-02-23T16:52:00.5968680Z tardis/visualization/widgets/tests/test_line_info.py ................... [ 97%]
2025-02-23T16:52:01.0293420Z ..................                                                       [ 98%]
2025-02-23T16:55:03.4724990Z tardis/visualization/widgets/tests/test_shell_info.py .................. [ 99%]
2025-02-23T16:55:03.9208110Z <unknown>:144: SyntaxWarning:
2025-02-23T16:55:03.9208550Z 
2025-02-23T16:55:03.9209930Z invalid escape sequence '\s'
2025-02-23T16:55:03.9210080Z 
2025-02-23T16:55:03.9224510Z /Users/runner/work/tardis/tardis/tardis/io/model/readers/artis.py:144: SyntaxWarning:
2025-02-23T16:55:03.9225180Z 
2025-02-23T16:55:03.9225260Z invalid escape sequence '\s'
2025-02-23T16:55:03.9225380Z 
2025-02-23T16:55:03.9492530Z /Users/runner/work/tardis/tardis/tardis/io/model/readers/tests/test_artis_readers.py:59: SyntaxWarning:
2025-02-23T16:55:03.9498930Z 
2025-02-23T16:55:03.9499080Z assertion is always true, perhaps remove parentheses?
2025-02-23T16:55:03.9499300Z 
2025-02-23T16:55:05.9209650Z <unknown>:144: SyntaxWarning:
2025-02-23T16:55:05.9209980Z 
2025-02-23T16:55:05.9210230Z invalid escape sequence '\s'
2025-02-23T16:55:05.9210450Z 
2025-02-23T16:55:07.9250290Z <unknown>:144: SyntaxWarning:
2025-02-23T16:55:07.9250850Z 
2025-02-23T16:55:07.9251060Z invalid escape sequence '\s'
2025-02-23T16:55:07.9251440Z 
2025-02-23T16:55:08.4926490Z <unknown>:144: SyntaxWarning:
2025-02-23T16:55:08.4926700Z 
2025-02-23T16:55:08.4926860Z invalid escape sequence '\s'
2025-02-23T16:55:08.4926980Z 
2025-02-23T16:55:08.4942230Z /Users/runner/work/tardis/tardis/tardis/io/model/readers/artis.py:144: SyntaxWarning:
2025-02-23T16:55:08.4942670Z 
2025-02-23T16:55:08.4942790Z invalid escape sequence '\s'
2025-02-23T16:55:08.4942920Z 
2025-02-23T16:55:08.5250890Z /Users/runner/work/tardis/tardis/tardis/io/model/readers/tests/test_artis_readers.py:59: SyntaxWarning:
2025-02-23T16:55:08.5251370Z 
2025-02-23T16:55:08.5251530Z assertion is always true, perhaps remove parentheses?
2025-02-23T16:55:08.5251710Z 
2025-02-23T16:55:10.0981280Z ......                                                                   [100%]
2025-02-23T16:55:10.0981660Z 
2025-02-23T16:55:10.0982050Z =================================== FAILURES ===================================
2025-02-23T16:55:10.0982440Z __________________________ test_artis_density_reader ___________________________
2025-02-23T16:55:10.0982740Z 
2025-02-23T16:55:10.0983000Z artis_density_fname = PosixPath('tardis/io/model/readers/tests/data/artis_model.dat')
2025-02-23T16:55:10.0983310Z 
2025-02-23T16:55:10.0983500Z     def test_artis_density_reader(artis_density_fname: str):
2025-02-23T16:55:10.0983980Z         # Using a test ARTIS density file.
2025-02-23T16:55:10.0984390Z         # File: tardis_artis_density_test.dat
2025-02-23T16:55:10.0984800Z         time_model, velocity, mean_density = read_artis_density(artis_density_fname)
2025-02-23T16:55:10.0985250Z         # Check that time is recognized as time
2025-02-23T16:55:10.0985550Z         assert time_model.unit.physical_type == "time"
2025-02-23T16:55:10.0985950Z         # Check velocity unit is cm/s
2025-02-23T16:55:10.0986210Z         assert velocity.unit == u.Unit("cm/s")
2025-02-23T16:55:10.0986540Z         # Dummy check for mean_density value
2025-02-23T16:55:10.0986880Z >       npt.assert_allclose(mean_density.value[0], 10**-5.449497e-05)
2025-02-23T16:55:10.0987120Z 
2025-02-23T16:55:10.0987290Z tardis/io/model/readers/tests/test_artis_readers.py:27: 
2025-02-23T16:55:10.0987690Z _ _ _ _ _ _ _ _ _ _ _ _ _ _ _ _ _ _ _ _ _ _ _ _ _ _ _ _ _ _ _ _ _ _ _ _ _ _ _ _ 
2025-02-23T16:55:10.0987860Z 
2025-02-23T16:55:10.0988110Z args = (<function assert_allclose.<locals>.compare at 0x169452f20>, array(1.0006941), array(0.99987453))
2025-02-23T16:55:10.0988680Z kwds = {'equal_nan': True, 'err_msg': '', 'header': 'Not equal to tolerance rtol=1e-07, atol=0', 'verbose': True}
2025-02-23T16:55:10.0988950Z 
2025-02-23T16:55:10.0989070Z     @wraps(func)
2025-02-23T16:55:10.0989260Z     def inner(*args, **kwds):
2025-02-23T16:55:10.0989490Z         with self._recreate_cm():
2025-02-23T16:55:10.1000160Z >           return func(*args, **kwds)
2025-02-23T16:55:10.1000440Z E           AssertionError: 
2025-02-23T16:55:10.1000750Z E           Not equal to tolerance rtol=1e-07, atol=0
2025-02-23T16:55:10.1001010Z E           
2025-02-23T16:55:10.1001230Z E           Mismatched elements: 1 / 1 (100%)
2025-02-23T16:55:10.1001500Z E           Max absolute difference: 0.00081957
2025-02-23T16:55:10.1001800Z E           Max relative difference: 0.00081967
2025-02-23T16:55:10.1002050Z E            x: array(1.000694)
2025-02-23T16:55:10.1003540Z E            y: array(0.999875)
2025-02-23T16:55:10.1003800Z 
2025-02-23T16:55:10.1004040Z ../../../micromamba/envs/tardis/lib/python3.12/contextlib.py:81: AssertionError
2025-02-23T16:55:10.1004650Z =============================== warnings summary ===============================
2025-02-23T16:55:10.1004970Z tardis/io/configuration/config_validator.py:6
2025-02-23T16:55:10.1005270Z tardis/io/configuration/config_validator.py:6
2025-02-23T16:55:10.1005820Z   /Users/runner/work/tardis/tardis/tardis/io/configuration/config_validator.py:6: DeprecationWarning:
2025-02-23T16:55:10.1006280Z   
2025-02-23T16:55:10.1007360Z   jsonschema.RefResolver is deprecated as of v4.18.0, in favor of the https://github.com/python-jsonschema/referencing library, which provides more compliant referencing behavior as well as more flexible APIs for customization. A future release will remove RefResolver. Please file a feature request (on referencing) if you are missing an API for the kind of customization you need.
2025-02-23T16:55:10.1008330Z 
2025-02-23T16:55:10.1008590Z ../../../micromamba/envs/tardis/lib/python3.12/site-packages/jupyter_client/connect.py:22
2025-02-23T16:55:10.1009180Z   /Users/runner/micromamba/envs/tardis/lib/python3.12/site-packages/jupyter_client/connect.py:22: DeprecationWarning:
2025-02-23T16:55:10.1009700Z   
2025-02-23T16:55:10.1009930Z   Jupyter is migrating its paths to use standard platformdirs
2025-02-23T16:55:10.1010330Z   given by the platformdirs library.  To remove this warning and
2025-02-23T16:55:10.1010740Z   see the appropriate new directories, set the environment variable
2025-02-23T16:55:10.1011160Z   `JUPYTER_PLATFORM_DIRS=1` and then run `jupyter --paths`.
2025-02-23T16:55:10.1011550Z   The use of platformdirs will be the default in `jupyter_core` v6
2025-02-23T16:55:10.1011750Z 
2025-02-23T16:55:10.1011890Z tardis/io/model/readers/artis.py:144
2025-02-23T16:55:10.1012340Z   /Users/runner/work/tardis/tardis/tardis/io/model/readers/artis.py:144: SyntaxWarning:
2025-02-23T16:55:10.1012690Z   
2025-02-23T16:55:10.1012920Z   invalid escape sequence '\s'
2025-02-23T16:55:10.1013040Z 
2025-02-23T16:55:10.1016900Z tardis/io/tests/test_HDFWriter.py::test_multi_index_write
2025-02-23T16:55:10.1017400Z tardis/visualization/widgets/tests/test_shell_info.py::TestHDFShellInfo::test_shells_data
2025-02-23T16:55:10.1017890Z   /Users/runner/work/tardis/tardis/tardis/io/util.py:276: PerformanceWarning:
2025-02-23T16:55:10.1018250Z   
2025-02-23T16:55:10.1018440Z   
2025-02-23T16:55:10.1018830Z   your performance may suffer as PyTables will pickle object types that it cannot
2025-02-23T16:55:10.1019380Z   map directly to c-types [inferred_type->mixed,key->block0_values] [items->Index([0], dtype='int64')]
2025-02-23T16:55:10.1019740Z 
2025-02-23T16:55:10.1019980Z tardis/io/tests/test_model_reader.py::test_read_cmfgen_isotope_abundances
2025-02-23T16:55:10.1020480Z tardis/plasma/tests/test_tardis_model_density_config.py::test_electron_densities
2025-02-23T16:55:10.1021090Z tardis/plasma/tests/test_tardis_model_density_config.py::test_isotope_number_densities
2025-02-23T16:55:10.1021820Z tardis/plasma/tests/test_tardis_model_density_config.py::test_t_rad
2025-02-23T16:55:10.1022340Z   /Users/runner/work/tardis/tardis/tardis/io/model/readers/cmfgen_deprecated.py:82: DeprecationWarning:
2025-02-23T16:55:10.1022880Z   
2025-02-23T16:55:10.1023110Z   The current CMFGEN model parser is deprecated
2025-02-23T16:55:10.1023330Z 
2025-02-23T16:55:10.1023830Z tardis/io/tests/test_model_reader.py: 1 warning
2025-02-23T16:55:10.1024250Z tardis/plasma/tests/test_tardis_model_density_config.py: 9 warnings
2025-02-23T16:55:10.1024980Z   /Users/runner/work/tardis/tardis/tardis/io/model/readers/cmfgen_deprecated.py:40: DeprecationWarning:
2025-02-23T16:55:10.1025410Z   
2025-02-23T16:55:10.1025660Z   The current CMFGEN model parser is deprecated
2025-02-23T16:55:10.1025860Z 
2025-02-23T16:55:10.1026030Z tardis/model/tests/test_base.py::TestModelFromPaper1Config::test_abundances
2025-02-23T16:55:10.1026980Z   /Users/runner/work/tardis/tardis/tardis/transport/montecarlo/montecarlo_main_loop.py:123: NumbaTypeSafetyWarning:
2025-02-23T16:55:10.1027480Z   
2025-02-23T16:55:10.1029530Z   [1m[1m[1munsafe cast from uint64 to int64. Precision may be lost.[0m[0m[0m
2025-02-23T16:55:10.1030100Z 
2025-02-23T16:55:10.1030220Z tardis/model/tests/test_base.py: 6 warnings
2025-02-23T16:55:10.1030570Z tardis/model/tests/test_csvy_model.py: 2 warnings
2025-02-23T16:55:10.1030990Z tardis/plasma/tests/test_tardis_model_density_config.py: 3 warnings
2025-02-23T16:55:10.1031520Z   /Users/runner/work/tardis/tardis/tardis/model/geometry/radial1d.py:50: DeprecationWarning:
2025-02-23T16:55:10.1032010Z   
2025-02-23T16:55:10.1032210Z   v_inner_boundary < 0, assuming default value
2025-02-23T16:55:10.1032400Z 
2025-02-23T16:55:10.1032520Z tardis/model/tests/test_base.py: 6 warnings
2025-02-23T16:55:10.1032830Z tardis/model/tests/test_csvy_model.py: 2 warnings
2025-02-23T16:55:10.1033230Z tardis/plasma/tests/test_tardis_model_density_config.py: 3 warnings
2025-02-23T16:55:10.1033820Z   /Users/runner/work/tardis/tardis/tardis/model/geometry/radial1d.py:61: DeprecationWarning:
2025-02-23T16:55:10.1034350Z   
2025-02-23T16:55:10.1034590Z   v_outer_boundary < 0, assuming default value
2025-02-23T16:55:10.1034810Z 
2025-02-23T16:55:10.1035240Z tardis/plasma/equilibrium/tests/test_level_populations.py::TestLevelPopulationSolver::test_solve[collisional_rate_solver0-radiative_transitions0]
2025-02-23T16:55:10.1036070Z   /Users/runner/work/tardis/tardis/tardis/plasma/equilibrium/level_populations.py:65: FutureWarning:
2025-02-23T16:55:10.1036560Z   
2025-02-23T16:55:10.1036930Z   A value is trying to be set on a copy of a DataFrame or Series through chained assignment using an inplace method.
2025-02-23T16:55:10.1037690Z   The behavior will change in pandas 3.0. This inplace method will never work because the intermediate object on which we are setting values always behaves as a copy.
2025-02-23T16:55:10.1038240Z   
2025-02-23T16:55:10.1038870Z   For example, when doing 'df[col].method(value, inplace=True)', try using 'df.method({col: value}, inplace=True)' or df[col] = df[col].method(value) instead, to perform the operation inplace on the original object.
2025-02-23T16:55:10.1039410Z 
2025-02-23T16:55:10.1039590Z tardis/plasma/tests/test_plasma_vboundary.py::test_plasma_vboundary[2900-3750]
2025-02-23T16:55:10.1040040Z tardis/plasma/tests/test_plasma_vboundary.py::test_plasma_vboundary[2900-3850]
2025-02-23T16:55:10.1040490Z tardis/plasma/tests/test_plasma_vboundary.py::test_plasma_vboundary[2900-3900]
2025-02-23T16:55:10.1040990Z   /Users/runner/work/tardis/tardis/tardis/model/geometry/radial1d.py:71: UserWarning:
2025-02-23T16:55:10.1041340Z   
2025-02-23T16:55:10.1041640Z   Requesting inner boundary below inner shell. Extrapolating the inner cell
2025-02-23T16:55:10.1041910Z 
2025-02-23T16:55:10.1042130Z tardis/spectrum/tests/test_spectrum_solver.py::TestSpectrumSolver::test_solve
2025-02-23T16:55:10.1042560Z   /Users/runner/work/tardis/tardis/tardis/spectrum/base.py:70: UserWarning:
2025-02-23T16:55:10.1042880Z   
2025-02-23T16:55:10.1043340Z   SpectrumSolver.spectrum_virtual_packets is zero. Please run the montecarlo simulation with no_of_virtual_packets > 0
2025-02-23T16:55:10.1043750Z 
2025-02-23T16:55:10.1043920Z tardis/spectrum/tests/test_spectrum_solver.py::TestSpectrumSolver::test_solve
2025-02-23T16:55:10.1044340Z   /Users/runner/work/tardis/tardis/tardis/spectrum/base.py:111: UserWarning:
2025-02-23T16:55:10.1044670Z   
2025-02-23T16:55:10.1045270Z   SpectrumSolver.integrator: The FormalIntegrator is not yet available.Please run the montecarlo simulation at least once.
2025-02-23T16:55:10.1045660Z 
2025-02-23T16:55:10.1045870Z tardis/transport/montecarlo/tests/test_vpacket.py::test_trace_vpacket_volley
2025-02-23T16:55:10.1046260Z   <string>:3: NumbaPendingDeprecationWarning:
2025-02-23T16:55:10.1046610Z   
2025-02-23T16:55:10.1049020Z   [1m[1mCode using Numba extension API maybe depending on 'old_style' error-capturing, which is deprecated and will be replaced by 'new_style' in a future release. See details at https://numba.readthedocs.io/en/latest/reference/deprecation.html#deprecation-of-old-style-numba-captured-errors
2025-02-23T16:55:10.1050260Z   Exception origin:
2025-02-23T16:55:10.1050640Z     File "/Users/runner/micromamba/envs/tardis/lib/python3.12/inspect.py", line 3180, in _bind
2025-02-23T16:55:10.1051090Z       raise TypeError(msg) from None
2025-02-23T16:55:10.1051450Z   [0m[0m
2025-02-23T16:55:10.1051550Z 
2025-02-23T16:55:10.1051890Z tardis/visualization/tools/tests/test_sdec_plot.py::TestSDECPlotter::test_mpl_image[plotter_generate_plot_mpl4]
2025-02-23T16:55:10.1052640Z   /Users/runner/work/tardis/tardis/tardis/visualization/tools/sdec_plot.py:1225: RuntimeWarning:
2025-02-23T16:55:10.1053050Z   
2025-02-23T16:55:10.1053920Z   More than 20 figures have been opened. Figures created through the pyplot interface (`matplotlib.pyplot.figure`) are retained until explicitly closed and may consume too much memory. (To control this warning, see the rcParam `figure.max_open_warning`). Consider using `matplotlib.pyplot.close()`.
2025-02-23T16:55:10.1054710Z 
2025-02-23T16:55:10.1055020Z tardis/visualization/widgets/tests/test_custom_abundance.py::TestCustomAbundanceWidget::test_update_input_item_value
2025-02-23T16:55:10.1055750Z tardis/visualization/widgets/tests/test_custom_abundance.py::TestCustomAbundanceWidget::test_update_input_item_value
2025-02-23T16:55:10.1056490Z tardis/visualization/widgets/tests/test_custom_abundance.py::TestCustomAbundanceWidget::test_update_input_item_value
2025-02-23T16:55:10.1057160Z tardis/visualization/widgets/tests/test_custom_abundance.py::TestCustomAbundanceWidget::test_update_input_item_value
2025-02-23T16:55:10.1057890Z tardis/visualization/widgets/tests/test_custom_abundance.py::TestCustomAbundanceWidget::test_update_input_item_value
2025-02-23T16:55:10.1058570Z tardis/visualization/widgets/tests/test_custom_abundance.py::TestCustomAbundanceWidget::test_update_input_item_value
2025-02-23T16:55:10.1059320Z   /Users/runner/micromamba/envs/tardis/lib/python3.12/site-packages/traitlets/traitlets.py:1385: DeprecationWarning:
2025-02-23T16:55:10.1059830Z   
2025-02-23T16:55:10.1060140Z   Passing unrecognized arguments to super(Checkbox).__init__(icon='lock').
2025-02-23T16:55:10.1060570Z   object.__init__() takes exactly one argument (the instance to initialize)
2025-02-23T16:55:10.1061060Z   This is deprecated in traitlets 4.2.This error will be raised in a future release of traitlets.
2025-02-23T16:55:10.1061390Z 
2025-02-23T16:55:10.1061690Z tardis/visualization/widgets/tests/test_custom_abundance.py::TestCustomAbundanceWidget::test_update_input_item_value
2025-02-23T16:55:10.1062410Z tardis/visualization/widgets/tests/test_custom_abundance.py::TestCustomAbundanceWidget::test_update_input_item_value
2025-02-23T16:55:10.1063140Z   /Users/runner/micromamba/envs/tardis/lib/python3.12/site-packages/traitlets/traitlets.py:1385: DeprecationWarning:
2025-02-23T16:55:10.1063650Z   
2025-02-23T16:55:10.1063850Z   Passing unrecognized arguments to super(FloatText).__init__(min=0).
2025-02-23T16:55:10.1064320Z   object.__init__() takes exactly one argument (the instance to initialize)
2025-02-23T16:55:10.1064790Z   This is deprecated in traitlets 4.2.This error will be raised in a future release of traitlets.
2025-02-23T16:55:10.1065110Z 
2025-02-23T16:55:10.1065430Z tardis/visualization/widgets/tests/test_custom_abundance.py::TestCustomAbundanceWidget::test_update_input_item_value
2025-02-23T16:55:10.1066410Z   /Users/runner/micromamba/envs/tardis/lib/python3.12/site-packages/traitlets/traitlets.py:1385: DeprecationWarning:
2025-02-23T16:55:10.1066850Z   
2025-02-23T16:55:10.1067110Z   Passing unrecognized arguments to super(HTML).__init__(indent=True).
2025-02-23T16:55:10.1067510Z   object.__init__() takes exactly one argument (the instance to initialize)
2025-02-23T16:55:10.1068020Z   This is deprecated in traitlets 4.2.This error will be raised in a future release of traitlets.
2025-02-23T16:55:10.1068320Z 
2025-02-23T16:55:10.1068680Z tardis/visualization/widgets/tests/test_line_info.py::TestLineInfoWidgetData::test_get_species_interactions[wavelength_range0-packet_out_nu]
2025-02-23T16:55:10.1069450Z   /Users/runner/micromamba/envs/tardis/lib/python3.12/site-packages/qgridnext/grid.py:814: DeprecationWarning:
2025-02-23T16:55:10.1070010Z   
2025-02-23T16:55:10.1070380Z   QgridWidget._df_changed is deprecated in traitlets 4.1: use @observe and @unobserve instead.
2025-02-23T16:55:10.1070690Z 
2025-02-23T16:55:10.1070920Z tardis/visualization/widgets/tests/test_shell_info.py::TestHDFShellInfo::test_shells_data
2025-02-23T16:55:10.1071500Z   /Users/runner/work/tardis/tardis/tardis/io/util.py:289: PerformanceWarning:
2025-02-23T16:55:10.1071870Z   
2025-02-23T16:55:10.1072030Z   
2025-02-23T16:55:10.1072310Z   your performance may suffer as PyTables will pickle object types that it cannot
2025-02-23T16:55:10.1072750Z   map directly to c-types [inferred_type->mixed,key->block0_values] [items->Index([0], dtype='int64')]
2025-02-23T16:55:10.1073080Z 
2025-02-23T16:55:10.1073310Z tardis/visualization/widgets/tests/test_shell_info.py::TestHDFShellInfo::test_shells_data
2025-02-23T16:55:10.1073810Z   /Users/runner/work/tardis/tardis/tardis/io/util.py:292: PerformanceWarning:
2025-02-23T16:55:10.1090260Z   
2025-02-23T16:55:10.1090510Z   
2025-02-23T16:55:10.1090820Z   your performance may suffer as PyTables will pickle object types that it cannot
2025-02-23T16:55:10.1091230Z   map directly to c-types [inferred_type->mixed,key->values] [items->None]
2025-02-23T16:55:10.1091480Z 
2025-02-23T16:55:10.1091720Z tardis/visualization/widgets/tests/test_shell_info.py::TestHDFShellInfo::test_shells_data
2025-02-23T16:55:10.1092230Z   /Users/runner/work/tardis/tardis/tardis/spectrum/formal_integral.py:398: UserWarning:
2025-02-23T16:55:10.1092550Z   
2025-02-23T16:55:10.1092770Z   The number of interpolate_shells was not specified. The value was set to 80.
2025-02-23T16:55:10.1093000Z 
2025-02-23T16:55:10.1093160Z -- Docs: https://docs.pytest.org/en/stable/how-to/capture-warnings.html
2025-02-23T16:55:10.1093380Z 
2025-02-23T16:55:10.1093610Z ---------- coverage: platform darwin, python 3.12.4-final-0 ----------
2025-02-23T16:55:10.1093910Z Coverage HTML written to dir coverage_html_report
2025-02-23T16:55:10.1094160Z Coverage XML written to file coverage.xml
2025-02-23T16:55:10.1094300Z 
2025-02-23T16:55:10.1094490Z =========================== short test summary info ============================
2025-02-23T16:55:10.1094920Z FAILED tardis/io/model/readers/tests/test_artis_readers.py::test_artis_density_reader - AssertionError: 
2025-02-23T16:55:10.1095300Z Not equal to tolerance rtol=1e-07, atol=0
2025-02-23T16:55:10.1095440Z 
2025-02-23T16:55:10.1095510Z Mismatched elements: 1 / 1 (100%)
2025-02-23T16:55:10.1095700Z Max absolute difference: 0.00081957
2025-02-23T16:55:10.1095900Z Max relative difference: 0.00081967
2025-02-23T16:55:10.1096080Z  x: array(1.000694)
2025-02-23T16:55:10.1096220Z  y: array(0.999875)
2025-02-23T16:55:10.1096520Z = 1 failed, 1412 passed, 357 skipped, 2 deselected, 19 xfailed, 8 xpassed, 64 warnings in 677.69s (0:11:17) =
2025-02-23T16:55:11.6243310Z ##[error]Process completed with exit code 1.
2025-02-23T16:55:11.6844140Z Post job cleanup.
2025-02-23T16:55:11.6905470Z Post job cleanup.
2025-02-23T16:55:11.9882010Z Will use pre-installed micromamba at /Users/runner/micromamba-bin/micromamba
2025-02-23T16:55:11.9885440Z Removing micromamba run shell ...
2025-02-23T16:55:11.9887640Z ##[group]Deinitialize micromamba for bash
2025-02-23T16:55:11.9906000Z [command]/Users/runner/micromamba-bin/micromamba shell deinit -s bash -r /Users/runner/micromamba --log-level warning --rc-file /Users/runner/work/_temp/setup-micromamba/.condarc
2025-02-23T16:55:12.0695050Z Resetting RC file "/Users/runner/.bash_profile"
2025-02-23T16:55:12.0695380Z Deleting config for root prefix 
2025-02-23T16:55:12.0695630Z Clearing mamba executable environment variable
2025-02-23T16:55:12.0712360Z Removing the following in your "/Users/runner/.bash_profile" file
2025-02-23T16:55:12.0712730Z # >>> mamba initialize >>>
2025-02-23T16:55:12.0713090Z ...
2025-02-23T16:55:12.0713280Z # <<< mamba initialize <<<
2025-02-23T16:55:12.0765890Z Removing environment tardis from auto-activate bash ...
2025-02-23T16:55:12.0887620Z Post job cleanup.
2025-02-23T16:55:12.0938590Z Post job cleanup.
2025-02-23T16:55:12.2885790Z [command]/opt/homebrew/bin/git version
2025-02-23T16:55:12.3105830Z git version 2.48.1
2025-02-23T16:55:12.3132280Z Copying '/Users/runner/.gitconfig' to '/Users/runner/work/_temp/0dba66bf-e5e2-4186-aa4c-72e4820c3ee1/.gitconfig'
2025-02-23T16:55:12.3138430Z Temporarily overriding HOME='/Users/runner/work/_temp/0dba66bf-e5e2-4186-aa4c-72e4820c3ee1' before making global git config changes
2025-02-23T16:55:12.3139030Z Adding repository directory to the temporary git global config as a safe directory
2025-02-23T16:55:12.3142450Z [command]/opt/homebrew/bin/git config --global --add safe.directory /Users/runner/work/tardis/tardis/tardis-regression-data
2025-02-23T16:55:12.3239700Z [command]/opt/homebrew/bin/git config --local --name-only --get-regexp core\.sshCommand
2025-02-23T16:55:12.3309870Z [command]/opt/homebrew/bin/git submodule foreach --recursive sh -c "git config --local --name-only --get-regexp 'core\.sshCommand' && git config --local --unset-all 'core.sshCommand' || :"
2025-02-23T16:55:12.4365660Z [command]/opt/homebrew/bin/git config --local --name-only --get-regexp http\.https\:\/\/github\.com\/\.extraheader
2025-02-23T16:55:12.4410500Z http.https://github.com/.extraheader
2025-02-23T16:55:12.4466060Z [command]/opt/homebrew/bin/git config --local --unset-all http.https://github.com/.extraheader
2025-02-23T16:55:12.4692010Z [command]/opt/homebrew/bin/git submodule foreach --recursive sh -c "git config --local --name-only --get-regexp 'http\.https\:\/\/github\.com\/\.extraheader' && git config --local --unset-all 'http.https://github.com/.extraheader' || :"
2025-02-23T16:55:12.6338880Z Post job cleanup.
2025-02-23T16:55:12.7611230Z [command]/opt/homebrew/bin/git version
2025-02-23T16:55:12.7659710Z git version 2.48.1
2025-02-23T16:55:12.7686560Z Copying '/Users/runner/.gitconfig' to '/Users/runner/work/_temp/e342dcfb-a5ab-411a-9b47-44e7bd45b853/.gitconfig'
2025-02-23T16:55:12.7693030Z Temporarily overriding HOME='/Users/runner/work/_temp/e342dcfb-a5ab-411a-9b47-44e7bd45b853' before making global git config changes
2025-02-23T16:55:12.7693810Z Adding repository directory to the temporary git global config as a safe directory
2025-02-23T16:55:12.7696940Z [command]/opt/homebrew/bin/git config --global --add safe.directory /Users/runner/work/tardis/tardis
2025-02-23T16:55:12.7757540Z [command]/opt/homebrew/bin/git config --local --name-only --get-regexp core\.sshCommand
2025-02-23T16:55:12.7803880Z [command]/opt/homebrew/bin/git submodule foreach --recursive sh -c "git config --local --name-only --get-regexp 'core\.sshCommand' && git config --local --unset-all 'core.sshCommand' || :"
2025-02-23T16:55:12.8447370Z [command]/opt/homebrew/bin/git config --local --name-only --get-regexp http\.https\:\/\/github\.com\/\.extraheader
2025-02-23T16:55:12.8487790Z http.https://github.com/.extraheader
2025-02-23T16:55:12.8495050Z [command]/opt/homebrew/bin/git config --local --unset-all http.https://github.com/.extraheader
2025-02-23T16:55:12.8558230Z [command]/opt/homebrew/bin/git submodule foreach --recursive sh -c "git config --local --name-only --get-regexp 'http\.https\:\/\/github\.com\/\.extraheader' && git config --local --unset-all 'http.https://github.com/.extraheader' || :"
2025-02-23T16:55:12.9637250Z Cleaning up orphan processes
