2025-02-23T16:41:48.1056995Z Requested labels: ubuntu-latest
2025-02-23T16:41:48.1057313Z Job defined at: tardis-sn/tardis/.github/workflows/tests.yml@refs/pull/2973/merge
2025-02-23T16:41:48.1057419Z Waiting for a runner to pick up this job...
2025-02-23T16:41:48.2682850Z Job is waiting for a hosted runner to come online.
2025-02-23T16:41:51.0896371Z Job is about to start running on the hosted runner: GitHub Actions 53 (hosted)
2025-02-23T16:41:52.4633283Z Current runner version: '2.322.0'
2025-02-23T16:41:52.4660143Z ##[group]Operating System
2025-02-23T16:41:52.4661089Z Ubuntu
2025-02-23T16:41:52.4661606Z 24.04.1
2025-02-23T16:41:52.4662159Z LTS
2025-02-23T16:41:52.4662610Z ##[endgroup]
2025-02-23T16:41:52.4663140Z ##[group]Runner Image
2025-02-23T16:41:52.4663723Z Image: ubuntu-24.04
2025-02-23T16:41:52.4664253Z Version: 20250209.1.0
2025-02-23T16:41:52.4665265Z Included Software: https://github.com/actions/runner-images/blob/ubuntu24/20250209.1/images/ubuntu/Ubuntu2404-Readme.md
2025-02-23T16:41:52.4666697Z Image Release: https://github.com/actions/runner-images/releases/tag/ubuntu24%2F20250209.1
2025-02-23T16:41:52.4667565Z ##[endgroup]
2025-02-23T16:41:52.4668104Z ##[group]Runner Image Provisioner
2025-02-23T16:41:52.4668952Z 2.0.422.1
2025-02-23T16:41:52.4669457Z ##[endgroup]
2025-02-23T16:41:52.4671554Z ##[group]GITHUB_TOKEN Permissions
2025-02-23T16:41:52.4673465Z Actions: read
2025-02-23T16:41:52.4674312Z Attestations: read
2025-02-23T16:41:52.4674931Z Checks: read
2025-02-23T16:41:52.4675417Z Contents: read
2025-02-23T16:41:52.4676019Z Deployments: read
2025-02-23T16:41:52.4676533Z Discussions: read
2025-02-23T16:41:52.4677069Z Issues: read
2025-02-23T16:41:52.4677596Z Metadata: read
2025-02-23T16:41:52.4678070Z Packages: read
2025-02-23T16:41:52.4678789Z Pages: read
2025-02-23T16:41:52.4679327Z PullRequests: read
2025-02-23T16:41:52.4679863Z RepositoryProjects: read
2025-02-23T16:41:52.4680487Z SecurityEvents: read
2025-02-23T16:41:52.4680977Z Statuses: read
2025-02-23T16:41:52.4681466Z ##[endgroup]
2025-02-23T16:41:52.4684311Z Secret source: None
2025-02-23T16:41:52.4685023Z Prepare workflow directory
2025-02-23T16:41:52.5300452Z Prepare all required actions
2025-02-23T16:41:52.5336782Z Getting action download info
2025-02-23T16:41:52.7083261Z ##[group]Download immutable action package 'actions/checkout@v4'
2025-02-23T16:41:52.7084521Z Version: 4.2.2
2025-02-23T16:41:52.7085489Z Digest: sha256:ccb2698953eaebd21c7bf6268a94f9c26518a7e38e27e0b83c1fe1ad049819b1
2025-02-23T16:41:52.7086538Z Source commit SHA: 11bd71901bbe5b1630ceea73d27597364c9af683
2025-02-23T16:41:52.7087134Z ##[endgroup]
2025-02-23T16:41:52.7899243Z ##[group]Download immutable action package 'actions/upload-artifact@v4'
2025-02-23T16:41:52.7899995Z Version: 4.6.1
2025-02-23T16:41:52.7900629Z Digest: sha256:3f6a28e7a1e0b5c8e2249e28da121a049fa5b91863b04390a46a82e4f8e2da98
2025-02-23T16:41:52.7901497Z Source commit SHA: 4cec3d8aa04e39d1a68397de0c4cd6fb9dce8ec1
2025-02-23T16:41:52.7902107Z ##[endgroup]
2025-02-23T16:41:53.0579757Z Complete job name: not continuum ubuntu-latest 
2025-02-23T16:41:53.1265667Z ##[group]Run actions/checkout@v4
2025-02-23T16:41:53.1266487Z with:
2025-02-23T16:41:53.1266896Z   repository: tardis-sn/tardis
2025-02-23T16:41:53.1267548Z   token: ***
2025-02-23T16:41:53.1267935Z   ssh-strict: true
2025-02-23T16:41:53.1268554Z   ssh-user: git
2025-02-23T16:41:53.1268961Z   persist-credentials: true
2025-02-23T16:41:53.1269414Z   clean: true
2025-02-23T16:41:53.1269822Z   sparse-checkout-cone-mode: true
2025-02-23T16:41:53.1270322Z   fetch-depth: 1
2025-02-23T16:41:53.1270715Z   fetch-tags: false
2025-02-23T16:41:53.1271115Z   show-progress: true
2025-02-23T16:41:53.1271521Z   lfs: false
2025-02-23T16:41:53.1271892Z   submodules: false
2025-02-23T16:41:53.1272298Z   set-safe-directory: true
2025-02-23T16:41:53.1272963Z env:
2025-02-23T16:41:53.1273337Z   CACHE_NUMBER: 0
2025-02-23T16:41:53.1274469Z   PYTEST_FLAGS: --tardis-regression-data=/home/runner/work/tardis/tardis/tardis-regression-data --cov=tardis --cov-report=xml --cov-report=html --cov-append
2025-02-23T16:41:53.1275699Z   CODECOV_TOKEN: 
2025-02-23T16:41:53.1276096Z ##[endgroup]
2025-02-23T16:41:53.3125335Z Syncing repository: tardis-sn/tardis
2025-02-23T16:41:53.3127000Z ##[group]Getting Git version info
2025-02-23T16:41:53.3127669Z Working directory is '/home/runner/work/tardis/tardis'
2025-02-23T16:41:53.3128889Z [command]/usr/bin/git version
2025-02-23T16:41:53.3184595Z git version 2.48.1
2025-02-23T16:41:53.3214552Z ##[endgroup]
2025-02-23T16:41:53.3230349Z Temporarily overriding HOME='/home/runner/work/_temp/40e8135d-0a5b-42bd-9a1a-48c0dfc15289' before making global git config changes
2025-02-23T16:41:53.3232764Z Adding repository directory to the temporary git global config as a safe directory
2025-02-23T16:41:53.3236957Z [command]/usr/bin/git config --global --add safe.directory /home/runner/work/tardis/tardis
2025-02-23T16:41:53.3272134Z Deleting the contents of '/home/runner/work/tardis/tardis'
2025-02-23T16:41:53.3276013Z ##[group]Initializing the repository
2025-02-23T16:41:53.3280902Z [command]/usr/bin/git init /home/runner/work/tardis/tardis
2025-02-23T16:41:53.3349564Z hint: Using 'master' as the name for the initial branch. This default branch name
2025-02-23T16:41:53.3350847Z hint: is subject to change. To configure the initial branch name to use in all
2025-02-23T16:41:53.3352315Z hint: of your new repositories, which will suppress this warning, call:
2025-02-23T16:41:53.3353500Z hint:
2025-02-23T16:41:53.3354346Z hint: 	git config --global init.defaultBranch <name>
2025-02-23T16:41:53.3355287Z hint:
2025-02-23T16:41:53.3356173Z hint: Names commonly chosen instead of 'master' are 'main', 'trunk' and
2025-02-23T16:41:53.3357160Z hint: 'development'. The just-created branch can be renamed via this command:
2025-02-23T16:41:53.3357870Z hint:
2025-02-23T16:41:53.3358815Z hint: 	git branch -m <name>
2025-02-23T16:41:53.3359533Z Initialized empty Git repository in /home/runner/work/tardis/tardis/.git/
2025-02-23T16:41:53.3366405Z [command]/usr/bin/git remote add origin https://github.com/tardis-sn/tardis
2025-02-23T16:41:53.3397786Z ##[endgroup]
2025-02-23T16:41:53.3398805Z ##[group]Disabling automatic garbage collection
2025-02-23T16:41:53.3402021Z [command]/usr/bin/git config --local gc.auto 0
2025-02-23T16:41:53.3429494Z ##[endgroup]
2025-02-23T16:41:53.3430160Z ##[group]Setting up auth
2025-02-23T16:41:53.3436151Z [command]/usr/bin/git config --local --name-only --get-regexp core\.sshCommand
2025-02-23T16:41:53.3465852Z [command]/usr/bin/git submodule foreach --recursive sh -c "git config --local --name-only --get-regexp 'core\.sshCommand' && git config --local --unset-all 'core.sshCommand' || :"
2025-02-23T16:41:53.3764666Z [command]/usr/bin/git config --local --name-only --get-regexp http\.https\:\/\/github\.com\/\.extraheader
2025-02-23T16:41:53.3796858Z [command]/usr/bin/git submodule foreach --recursive sh -c "git config --local --name-only --get-regexp 'http\.https\:\/\/github\.com\/\.extraheader' && git config --local --unset-all 'http.https://github.com/.extraheader' || :"
2025-02-23T16:41:53.4035136Z [command]/usr/bin/git config --local http.https://github.com/.extraheader AUTHORIZATION: basic ***
2025-02-23T16:41:53.4073438Z ##[endgroup]
2025-02-23T16:41:53.4082180Z ##[group]Fetching the repository
2025-02-23T16:41:53.4084537Z [command]/usr/bin/git -c protocol.version=2 fetch --no-tags --prune --no-recurse-submodules --depth=1 origin +318e29398c695b49b64d8562291eccf6a009c9b3:refs/remotes/pull/2973/merge
2025-02-23T16:41:54.4654903Z From https://github.com/tardis-sn/tardis
2025-02-23T16:41:54.4656818Z  * [new ref]         318e29398c695b49b64d8562291eccf6a009c9b3 -> pull/2973/merge
2025-02-23T16:41:54.4681897Z ##[endgroup]
2025-02-23T16:41:54.4683340Z ##[group]Determining the checkout info
2025-02-23T16:41:54.4685065Z ##[endgroup]
2025-02-23T16:41:54.4690523Z [command]/usr/bin/git sparse-checkout disable
2025-02-23T16:41:54.4730857Z [command]/usr/bin/git config --local --unset-all extensions.worktreeConfig
2025-02-23T16:41:54.4762498Z ##[group]Checking out the ref
2025-02-23T16:41:54.4764402Z [command]/usr/bin/git checkout --progress --force refs/remotes/pull/2973/merge
2025-02-23T16:41:54.6754215Z Note: switching to 'refs/remotes/pull/2973/merge'.
2025-02-23T16:41:54.6755093Z 
2025-02-23T16:41:54.6755624Z You are in 'detached HEAD' state. You can look around, make experimental
2025-02-23T16:41:54.6756812Z changes and commit them, and you can discard any commits you make in this
2025-02-23T16:41:54.6757996Z state without impacting any branches by switching back to a branch.
2025-02-23T16:41:54.6759268Z 
2025-02-23T16:41:54.6759834Z If you want to create a new branch to retain commits you create, you may
2025-02-23T16:41:54.6760952Z do so (now or later) by using -c with the switch command. Example:
2025-02-23T16:41:54.6761572Z 
2025-02-23T16:41:54.6761885Z   git switch -c <new-branch-name>
2025-02-23T16:41:54.6762351Z 
2025-02-23T16:41:54.6762665Z Or undo this operation with:
2025-02-23T16:41:54.6763133Z 
2025-02-23T16:41:54.6763415Z   git switch -
2025-02-23T16:41:54.6763832Z 
2025-02-23T16:41:54.6764458Z Turn off this advice by setting config variable advice.detachedHead to false
2025-02-23T16:41:54.6765293Z 
2025-02-23T16:41:54.6766199Z HEAD is now at 318e293 Merge 61106d12cb106e4c5ea1d0475a021d787505f32e into 6e790c66049717c1a7df370212bf7063c85b7fdd
2025-02-23T16:41:54.6774414Z ##[endgroup]
2025-02-23T16:41:54.6813393Z [command]/usr/bin/git log -1 --format=%H
2025-02-23T16:41:54.6838355Z 318e29398c695b49b64d8562291eccf6a009c9b3
2025-02-23T16:41:54.7187631Z Prepare all required actions
2025-02-23T16:41:54.7189232Z Getting action download info
2025-02-23T16:41:54.9012242Z ##[group]Download immutable action package 'actions/cache@v4'
2025-02-23T16:41:54.9013743Z Version: 4.2.1
2025-02-23T16:41:54.9015183Z Digest: sha256:b0404c9628d43aa6855629075b28f32cadf8efc5c26198438149f78500112940
2025-02-23T16:41:54.9016984Z Source commit SHA: 0c907a75c2c80ebcb7f088228285e798b750cf8f
2025-02-23T16:41:54.9018442Z ##[endgroup]
2025-02-23T16:41:55.1196622Z ##[group]Run ./.github/actions/setup_lfs
2025-02-23T16:41:55.1196977Z with:
2025-02-23T16:41:55.1197289Z   regression-data-repo: tardis-sn/tardis-regression-data
2025-02-23T16:41:55.1197673Z   atom-data-sparse: false
2025-02-23T16:41:55.1197945Z env:
2025-02-23T16:41:55.1198331Z   CACHE_NUMBER: 0
2025-02-23T16:41:55.1199031Z   PYTEST_FLAGS: --tardis-regression-data=/home/runner/work/tardis/tardis/tardis-regression-data --cov=tardis --cov-report=xml --cov-report=html --cov-append
2025-02-23T16:41:55.1199817Z   CODECOV_TOKEN: 
2025-02-23T16:41:55.1200054Z ##[endgroup]
2025-02-23T16:41:55.1351897Z ##[group]Run actions/checkout@v4
2025-02-23T16:41:55.1352216Z with:
2025-02-23T16:41:55.1352543Z   repository: tardis-sn/tardis-regression-data
2025-02-23T16:41:55.1352903Z   path: tardis-regression-data
2025-02-23T16:41:55.1353190Z   lfs: false
2025-02-23T16:41:55.1353575Z   token: ***
2025-02-23T16:41:55.1353815Z   ssh-strict: true
2025-02-23T16:41:55.1354060Z   ssh-user: git
2025-02-23T16:41:55.1354309Z   persist-credentials: true
2025-02-23T16:41:55.1354579Z   clean: true
2025-02-23T16:41:55.1354826Z   sparse-checkout-cone-mode: true
2025-02-23T16:41:55.1355115Z   fetch-depth: 1
2025-02-23T16:41:55.1355347Z   fetch-tags: false
2025-02-23T16:41:55.1355589Z   show-progress: true
2025-02-23T16:41:55.1355835Z   submodules: false
2025-02-23T16:41:55.1356078Z   set-safe-directory: true
2025-02-23T16:41:55.1356335Z env:
2025-02-23T16:41:55.1356543Z   CACHE_NUMBER: 0
2025-02-23T16:41:55.1357230Z   PYTEST_FLAGS: --tardis-regression-data=/home/runner/work/tardis/tardis/tardis-regression-data --cov=tardis --cov-report=xml --cov-report=html --cov-append
2025-02-23T16:41:55.1357947Z   CODECOV_TOKEN: 
2025-02-23T16:41:55.1358351Z ##[endgroup]
2025-02-23T16:41:55.2293203Z Syncing repository: tardis-sn/tardis-regression-data
2025-02-23T16:41:55.2300406Z ##[group]Getting Git version info
2025-02-23T16:41:55.2301298Z Working directory is '/home/runner/work/tardis/tardis/tardis-regression-data'
2025-02-23T16:41:55.2343683Z [command]/usr/bin/git version
2025-02-23T16:41:55.2386840Z git version 2.48.1
2025-02-23T16:41:55.2412288Z ##[endgroup]
2025-02-23T16:41:55.2424768Z Temporarily overriding HOME='/home/runner/work/_temp/ace482a9-31f6-4c4f-9828-fb4ffeb04a15' before making global git config changes
2025-02-23T16:41:55.2425721Z Adding repository directory to the temporary git global config as a safe directory
2025-02-23T16:41:55.2430253Z [command]/usr/bin/git config --global --add safe.directory /home/runner/work/tardis/tardis/tardis-regression-data
2025-02-23T16:41:55.2461565Z ##[group]Initializing the repository
2025-02-23T16:41:55.2466376Z [command]/usr/bin/git init /home/runner/work/tardis/tardis/tardis-regression-data
2025-02-23T16:41:55.2503028Z hint: Using 'master' as the name for the initial branch. This default branch name
2025-02-23T16:41:55.2503998Z hint: is subject to change. To configure the initial branch name to use in all
2025-02-23T16:41:55.2504884Z hint: of your new repositories, which will suppress this warning, call:
2025-02-23T16:41:55.2505531Z hint:
2025-02-23T16:41:55.2505983Z hint: 	git config --global init.defaultBranch <name>
2025-02-23T16:41:55.2506538Z hint:
2025-02-23T16:41:55.2507072Z hint: Names commonly chosen instead of 'master' are 'main', 'trunk' and
2025-02-23T16:41:55.2507952Z hint: 'development'. The just-created branch can be renamed via this command:
2025-02-23T16:41:55.2508797Z hint:
2025-02-23T16:41:55.2509038Z hint: 	git branch -m <name>
2025-02-23T16:41:55.2509799Z Initialized empty Git repository in /home/runner/work/tardis/tardis/tardis-regression-data/.git/
2025-02-23T16:41:55.2516397Z [command]/usr/bin/git remote add origin https://github.com/tardis-sn/tardis-regression-data
2025-02-23T16:41:55.2547390Z ##[endgroup]
2025-02-23T16:41:55.2548371Z ##[group]Disabling automatic garbage collection
2025-02-23T16:41:55.2552868Z [command]/usr/bin/git config --local gc.auto 0
2025-02-23T16:41:55.2581999Z ##[endgroup]
2025-02-23T16:41:55.2582790Z ##[group]Setting up auth
2025-02-23T16:41:55.2589219Z [command]/usr/bin/git config --local --name-only --get-regexp core\.sshCommand
2025-02-23T16:41:55.2618751Z [command]/usr/bin/git submodule foreach --recursive sh -c "git config --local --name-only --get-regexp 'core\.sshCommand' && git config --local --unset-all 'core.sshCommand' || :"
2025-02-23T16:41:55.2842031Z [command]/usr/bin/git config --local --name-only --get-regexp http\.https\:\/\/github\.com\/\.extraheader
2025-02-23T16:41:55.2872029Z [command]/usr/bin/git submodule foreach --recursive sh -c "git config --local --name-only --get-regexp 'http\.https\:\/\/github\.com\/\.extraheader' && git config --local --unset-all 'http.https://github.com/.extraheader' || :"
2025-02-23T16:41:55.3107746Z [command]/usr/bin/git config --local http.https://github.com/.extraheader AUTHORIZATION: basic ***
2025-02-23T16:41:55.3148110Z ##[endgroup]
2025-02-23T16:41:55.3149550Z ##[group]Determining the default branch
2025-02-23T16:41:55.3152757Z Retrieving the default branch name
2025-02-23T16:41:55.5125404Z Default branch 'main'
2025-02-23T16:41:55.5126594Z ##[endgroup]
2025-02-23T16:41:55.5127428Z ##[group]Fetching the repository
2025-02-23T16:41:55.5133965Z [command]/usr/bin/git -c protocol.version=2 fetch --no-tags --prune --no-recurse-submodules --depth=1 origin +refs/heads/main:refs/remotes/origin/main
2025-02-23T16:41:55.8256406Z From https://github.com/tardis-sn/tardis-regression-data
2025-02-23T16:41:55.8258773Z  * [new branch]      main       -> origin/main
2025-02-23T16:41:55.8283568Z ##[endgroup]
2025-02-23T16:41:55.8284467Z ##[group]Determining the checkout info
2025-02-23T16:41:55.8285407Z ##[endgroup]
2025-02-23T16:41:55.8291162Z [command]/usr/bin/git sparse-checkout disable
2025-02-23T16:41:55.8329907Z [command]/usr/bin/git config --local --unset-all extensions.worktreeConfig
2025-02-23T16:41:55.8359120Z ##[group]Checking out the ref
2025-02-23T16:41:55.8363386Z [command]/usr/bin/git checkout --progress --force -B main refs/remotes/origin/main
2025-02-23T16:41:56.9870990Z Updating files:   3% (8/238)
2025-02-23T16:41:56.9874092Z Updating files:   4% (10/238)
2025-02-23T16:41:56.9886233Z Updating files:   5% (12/238)
2025-02-23T16:41:56.9890100Z Updating files:   6% (15/238)
2025-02-23T16:41:56.9895966Z Updating files:   7% (17/238)
2025-02-23T16:41:56.9901978Z Updating files:   8% (20/238)
2025-02-23T16:41:56.9907173Z Updating files:   9% (22/238)
2025-02-23T16:41:56.9913201Z Updating files:  10% (24/238)
2025-02-23T16:41:56.9917455Z Updating files:  11% (27/238)
2025-02-23T16:41:56.9921798Z Updating files:  12% (29/238)
2025-02-23T16:41:56.9927194Z Updating files:  13% (31/238)
2025-02-23T16:41:56.9931299Z Updating files:  14% (34/238)
2025-02-23T16:41:56.9941446Z Updating files:  15% (36/238)
2025-02-23T16:41:56.9945475Z Updating files:  16% (39/238)
2025-02-23T16:41:56.9949240Z Updating files:  17% (41/238)
2025-02-23T16:41:56.9954733Z Updating files:  18% (43/238)
2025-02-23T16:41:56.9957659Z Updating files:  19% (46/238)
2025-02-23T16:41:56.9963449Z Updating files:  20% (48/238)
2025-02-23T16:41:56.9969297Z Updating files:  21% (50/238)
2025-02-23T16:41:56.9973187Z Updating files:  22% (53/238)
2025-02-23T16:41:56.9979597Z Updating files:  23% (55/238)
2025-02-23T16:41:56.9983767Z Updating files:  24% (58/238)
2025-02-23T16:41:56.9990405Z Updating files:  25% (60/238)
2025-02-23T16:41:56.9997388Z Updating files:  26% (62/238)
2025-02-23T16:41:57.0001467Z Updating files:  27% (65/238)
2025-02-23T16:41:57.0007235Z Updating files:  28% (67/238)
2025-02-23T16:41:57.0011742Z Updating files:  29% (70/238)
2025-02-23T16:41:57.0016524Z Updating files:  30% (72/238)
2025-02-23T16:41:57.0022106Z Updating files:  31% (74/238)
2025-02-23T16:41:57.0027526Z Updating files:  32% (77/238)
2025-02-23T16:41:57.0031093Z Updating files:  33% (79/238)
2025-02-23T16:41:57.0041584Z Updating files:  34% (81/238)
2025-02-23T16:41:57.0047584Z Updating files:  35% (84/238)
2025-02-23T16:41:57.0055424Z Updating files:  36% (86/238)
2025-02-23T16:41:57.0060212Z Updating files:  37% (89/238)
2025-02-23T16:41:57.0066219Z Updating files:  38% (91/238)
2025-02-23T16:41:57.0073044Z Updating files:  39% (93/238)
2025-02-23T16:41:57.0077592Z Updating files:  40% (96/238)
2025-02-23T16:41:57.0086714Z Updating files:  41% (98/238)
2025-02-23T16:41:57.0094204Z Updating files:  42% (100/238)
2025-02-23T16:41:57.0100166Z Updating files:  43% (103/238)
2025-02-23T16:41:57.0104765Z Updating files:  44% (105/238)
2025-02-23T16:41:57.0108361Z Updating files:  45% (108/238)
2025-02-23T16:41:57.0112764Z Updating files:  46% (110/238)
2025-02-23T16:41:57.0118517Z Updating files:  47% (112/238)
2025-02-23T16:41:57.0121743Z Updating files:  48% (115/238)
2025-02-23T16:41:57.0128537Z Updating files:  49% (117/238)
2025-02-23T16:41:57.0136006Z Updating files:  50% (119/238)
2025-02-23T16:41:57.0141353Z Updating files:  51% (122/238)
2025-02-23T16:41:57.0146974Z Updating files:  52% (124/238)
2025-02-23T16:41:57.0151708Z Updating files:  53% (127/238)
2025-02-23T16:41:57.0155190Z Updating files:  54% (129/238)
2025-02-23T16:41:57.0161920Z Updating files:  55% (131/238)
2025-02-23T16:41:57.0167707Z Updating files:  56% (134/238)
2025-02-23T16:41:57.0175319Z Updating files:  57% (136/238)
2025-02-23T16:41:57.0178610Z Updating files:  58% (139/238)
2025-02-23T16:41:57.0182473Z Updating files:  59% (141/238)
2025-02-23T16:41:57.0187576Z Updating files:  60% (143/238)
2025-02-23T16:41:57.0190807Z Updating files:  61% (146/238)
2025-02-23T16:41:57.0194662Z Updating files:  62% (148/238)
2025-02-23T16:41:57.0200945Z Updating files:  63% (150/238)
2025-02-23T16:41:57.0204818Z Updating files:  64% (153/238)
2025-02-23T16:41:57.0210168Z Updating files:  65% (155/238)
2025-02-23T16:41:57.0213591Z Updating files:  66% (158/238)
2025-02-23T16:41:57.0219746Z Updating files:  67% (160/238)
2025-02-23T16:41:57.0225001Z Updating files:  68% (162/238)
2025-02-23T16:41:57.0228586Z Updating files:  69% (165/238)
2025-02-23T16:41:57.0232591Z Updating files:  70% (167/238)
2025-02-23T16:41:57.0237110Z Updating files:  71% (169/238)
2025-02-23T16:41:57.0239938Z Updating files:  72% (172/238)
2025-02-23T16:41:57.0244060Z Updating files:  73% (174/238)
2025-02-23T16:41:57.0246604Z Updating files:  74% (177/238)
2025-02-23T16:41:57.0252456Z Updating files:  75% (179/238)
2025-02-23T16:41:57.0256683Z Updating files:  76% (181/238)
2025-02-23T16:41:57.0259613Z Updating files:  77% (184/238)
2025-02-23T16:41:57.0266095Z Updating files:  78% (186/238)
2025-02-23T16:41:57.0269580Z Updating files:  79% (189/238)
2025-02-23T16:41:57.0272045Z Updating files:  80% (191/238)
2025-02-23T16:41:57.0275490Z Updating files:  81% (193/238)
2025-02-23T16:41:57.0279204Z Updating files:  82% (196/238)
2025-02-23T16:41:57.0284062Z Updating files:  83% (198/238)
2025-02-23T16:41:57.0287737Z Updating files:  84% (200/238)
2025-02-23T16:41:57.0291929Z Updating files:  85% (203/238)
2025-02-23T16:41:57.0297405Z Updating files:  86% (205/238)
2025-02-23T16:41:57.0300960Z Updating files:  87% (208/238)
2025-02-23T16:41:57.0304241Z Updating files:  88% (210/238)
2025-02-23T16:41:57.0310536Z Updating files:  89% (212/238)
2025-02-23T16:41:57.0315418Z Updating files:  90% (215/238)
2025-02-23T16:41:57.0318405Z Updating files:  91% (217/238)
2025-02-23T16:41:57.0324333Z Updating files:  92% (219/238)
2025-02-23T16:41:57.0328817Z Updating files:  93% (222/238)
2025-02-23T16:41:57.0334813Z Updating files:  94% (224/238)
2025-02-23T16:41:57.0337808Z Updating files:  95% (227/238)
2025-02-23T16:41:57.0341616Z Updating files:  96% (229/238)
2025-02-23T16:41:57.0346762Z Updating files:  97% (231/238)
2025-02-23T16:41:57.0350678Z Updating files:  98% (234/238)
2025-02-23T16:41:57.0354553Z Updating files:  99% (236/238)
2025-02-23T16:41:57.0355205Z Updating files: 100% (238/238)
2025-02-23T16:41:57.0355552Z Updating files: 100% (238/238), done.
2025-02-23T16:41:57.0371812Z Switched to a new branch 'main'
2025-02-23T16:41:57.0375202Z branch 'main' set up to track 'origin/main'.
2025-02-23T16:41:57.0643540Z ##[endgroup]
2025-02-23T16:41:57.0681959Z [command]/usr/bin/git log -1 --format=%H
2025-02-23T16:41:57.0705884Z 84e768462f20f09fbccc05625cdcc1d8ffbe404c
2025-02-23T16:41:57.0842844Z ##[group]Run if [ "false" == "true" ]; then
2025-02-23T16:41:57.0843410Z [36;1mif [ "false" == "true" ]; then[0m
2025-02-23T16:41:57.0868899Z [36;1m  echo "Using atom data sparse checkout"[0m
2025-02-23T16:41:57.0869538Z [36;1m  echo "atom_data/kurucz_cd23_chianti_H_He.h5" > .lfs-files-list[0m
2025-02-23T16:41:57.0870106Z [36;1melse[0m
2025-02-23T16:41:57.0870475Z [36;1m  echo "Using full repository checkout"[0m
2025-02-23T16:41:57.0871133Z [36;1m  git lfs ls-files -l | cut -d' ' -f1 | sort > .lfs-files-list[0m
2025-02-23T16:41:57.0871675Z [36;1mfi[0m
2025-02-23T16:41:57.1048806Z shell: /usr/bin/bash --noprofile --norc -e -o pipefail {0}
2025-02-23T16:41:57.1049135Z env:
2025-02-23T16:41:57.1049301Z   CACHE_NUMBER: 0
2025-02-23T16:41:57.1049918Z   PYTEST_FLAGS: --tardis-regression-data=/home/runner/work/tardis/tardis/tardis-regression-data --cov=tardis --cov-report=xml --cov-report=html --cov-append
2025-02-23T16:41:57.1050582Z   CODECOV_TOKEN: 
2025-02-23T16:41:57.1050756Z ##[endgroup]
2025-02-23T16:41:57.1144060Z Using full repository checkout
2025-02-23T16:41:57.2487054Z ##[group]Run actions/cache/restore@v4
2025-02-23T16:41:57.2487330Z with:
2025-02-23T16:41:57.2487538Z   path: tardis-regression-data/.git/lfs
2025-02-23T16:41:57.2488546Z   key: tardis-regression-full-data-c8ff2bbb6048b3f24d3f52a1e85b013ad47e52c369a6ce4cfdeff528b659b86f-tardis-sn/tardis-regression-data-v1
2025-02-23T16:41:57.2489290Z   fail-on-cache-miss: true
2025-02-23T16:41:57.2489575Z   enableCrossOsArchive: false
2025-02-23T16:41:57.2489825Z   lookup-only: false
2025-02-23T16:41:57.2490029Z env:
2025-02-23T16:41:57.2490209Z   CACHE_NUMBER: 0
2025-02-23T16:41:57.2490886Z   PYTEST_FLAGS: --tardis-regression-data=/home/runner/work/tardis/tardis/tardis-regression-data --cov=tardis --cov-report=xml --cov-report=html --cov-append
2025-02-23T16:41:57.2491612Z   CODECOV_TOKEN: 
2025-02-23T16:41:57.2491786Z ##[endgroup]
2025-02-23T16:41:57.4456116Z Cache hit for: tardis-regression-full-data-c8ff2bbb6048b3f24d3f52a1e85b013ad47e52c369a6ce4cfdeff528b659b86f-tardis-sn/tardis-regression-data-v1
2025-02-23T16:41:58.4969257Z Received 209715200 of 2161656325 (9.7%), 199.6 MBs/sec
2025-02-23T16:41:59.4981583Z Received 436207616 of 2161656325 (20.2%), 207.7 MBs/sec
2025-02-23T16:42:00.5007027Z Received 671088640 of 2161656325 (31.0%), 213.0 MBs/sec
2025-02-23T16:42:01.5201884Z Received 939524096 of 2161656325 (43.5%), 222.6 MBs/sec
2025-02-23T16:42:02.5228104Z Received 1199570944 of 2161656325 (55.5%), 227.5 MBs/sec
2025-02-23T16:42:03.5242740Z Received 1451229184 of 2161656325 (67.1%), 229.5 MBs/sec
2025-02-23T16:42:04.5314970Z Received 1702887424 of 2161656325 (78.8%), 230.8 MBs/sec
2025-02-23T16:42:05.5316625Z Received 1958739968 of 2161656325 (90.6%), 232.4 MBs/sec
2025-02-23T16:42:06.4470769Z Received 2161656325 of 2161656325 (100.0%), 230.3 MBs/sec
2025-02-23T16:42:06.4473737Z Cache Size: ~2062 MB (2161656325 B)
2025-02-23T16:42:06.4512475Z [command]/usr/bin/tar -xf /home/runner/work/_temp/73b97a41-df8c-48af-940c-142db0424aa2/cache.tzst -P -C /home/runner/work/tardis/tardis --use-compress-program unzstd
2025-02-23T16:42:17.3745406Z Cache restored successfully
2025-02-23T16:42:17.7581960Z Cache restored from key: tardis-regression-full-data-c8ff2bbb6048b3f24d3f52a1e85b013ad47e52c369a6ce4cfdeff528b659b86f-tardis-sn/tardis-regression-data-v1
2025-02-23T16:42:17.7734600Z ##[group]Run git lfs checkout
2025-02-23T16:42:17.7734861Z [36;1mgit lfs checkout[0m
2025-02-23T16:42:17.7800350Z shell: /usr/bin/bash --noprofile --norc -e -o pipefail {0}
2025-02-23T16:42:17.7800866Z env:
2025-02-23T16:42:17.7801124Z   CACHE_NUMBER: 0
2025-02-23T16:42:17.7802120Z   PYTEST_FLAGS: --tardis-regression-data=/home/runner/work/tardis/tardis/tardis-regression-data --cov=tardis --cov-report=xml --cov-report=html --cov-append
2025-02-23T16:42:17.7803200Z   CODECOV_TOKEN: 
2025-02-23T16:42:17.7803483Z ##[endgroup]
2025-02-23T16:42:37.8300558Z Checking out LFS objects: 100% (204/204), 5.7 GB | 249 MB/s, done.
2025-02-23T16:42:40.9632173Z Prepare all required actions
2025-02-23T16:42:40.9632525Z Getting action download info
2025-02-23T16:42:41.0587059Z Download action repository 'mamba-org/setup-micromamba@v1' (SHA:4b9113af4fba0e9e1124b252dd6497a419e7396d)
2025-02-23T16:42:41.2666120Z ##[group]Run ./.github/actions/setup_env
2025-02-23T16:42:41.2666368Z with:
2025-02-23T16:42:41.2666549Z   os-label: linux-64
2025-02-23T16:42:41.2666732Z env:
2025-02-23T16:42:41.2666901Z   CACHE_NUMBER: 0
2025-02-23T16:42:41.2667503Z   PYTEST_FLAGS: --tardis-regression-data=/home/runner/work/tardis/tardis/tardis-regression-data --cov=tardis --cov-report=xml --cov-report=html --cov-append
2025-02-23T16:42:41.2668141Z   CODECOV_TOKEN: 
2025-02-23T16:42:41.2668524Z ##[endgroup]
2025-02-23T16:42:41.2688528Z ##[group]Run file_hash=$(cat conda-linux-64.lock | shasum -a 256 | cut -d' ' -f1)
2025-02-23T16:42:41.2689012Z [36;1mfile_hash=$(cat conda-linux-64.lock | shasum -a 256 | cut -d' ' -f1)[0m
2025-02-23T16:42:41.2689580Z [36;1mecho "file_hash=tardis-conda-env-linux-64-${file_hash}-v1" >> "${GITHUB_OUTPUT}"[0m
2025-02-23T16:42:41.2745456Z shell: /usr/bin/bash --noprofile --norc -e -o pipefail {0}
2025-02-23T16:42:41.2745769Z env:
2025-02-23T16:42:41.2745933Z   CACHE_NUMBER: 0
2025-02-23T16:42:41.2746547Z   PYTEST_FLAGS: --tardis-regression-data=/home/runner/work/tardis/tardis/tardis-regression-data --cov=tardis --cov-report=xml --cov-report=html --cov-append
2025-02-23T16:42:41.2747181Z   CODECOV_TOKEN: 
2025-02-23T16:42:41.2747363Z ##[endgroup]
2025-02-23T16:42:41.3102940Z ##[group]Run mamba-org/setup-micromamba@v1
2025-02-23T16:42:41.3103202Z with:
2025-02-23T16:42:41.3103399Z   environment-file: conda-linux-64.lock
2025-02-23T16:42:41.3103964Z   cache-environment-key: tardis-conda-env-linux-64-d7cd390425b0fd3cf82649dcc003efba9915fb4928f15d342148c3ccffcbe2ee-v1
2025-02-23T16:42:41.3104787Z   cache-downloads-key: tardis-conda-env-linux-64-d7cd390425b0fd3cf82649dcc003efba9915fb4928f15d342148c3ccffcbe2ee-v1
2025-02-23T16:42:41.3105346Z   environment-name: tardis
2025-02-23T16:42:41.3105562Z   cache-environment: true
2025-02-23T16:42:41.3105775Z   cache-downloads: true
2025-02-23T16:42:41.3105971Z env:
2025-02-23T16:42:41.3106135Z   CACHE_NUMBER: 0
2025-02-23T16:42:41.3106732Z   PYTEST_FLAGS: --tardis-regression-data=/home/runner/work/tardis/tardis/tardis-regression-data --cov=tardis --cov-report=xml --cov-report=html --cov-append
2025-02-23T16:42:41.3107354Z   CODECOV_TOKEN: 
2025-02-23T16:42:41.3107536Z ##[endgroup]
2025-02-23T16:42:41.4458931Z Will download micromamba to /home/runner/micromamba-bin/micromamba
2025-02-23T16:42:41.4467823Z ##[group]Install micromamba
2025-02-23T16:42:41.6369600Z micromamba installed to /home/runner/micromamba-bin/micromamba
2025-02-23T16:42:41.6370435Z ##[endgroup]
2025-02-23T16:42:41.6371817Z Adding conda-forge to condarc channels ...
2025-02-23T16:42:41.6385038Z ##[group]Initialize micromamba for bash.
2025-02-23T16:42:41.6410821Z [command]/home/runner/micromamba-bin/micromamba shell init -s bash -r /home/runner/micromamba --log-level warning --rc-file /home/runner/work/_temp/setup-micromamba/.condarc
2025-02-23T16:42:41.6532093Z Modifying RC file "/home/runner/.bashrc"
2025-02-23T16:42:41.6534537Z Generating config for root prefix [1m"/home/runner/micromamba"[0m
2025-02-23T16:42:41.6535436Z Setting mamba executable to: [1m"/home/runner/micromamba-bin/micromamba"[0m
2025-02-23T16:42:41.6536197Z Adding (or replacing) the following in your "/home/runner/.bashrc" file
2025-02-23T16:42:41.6536648Z 
2025-02-23T16:42:41.6536811Z # >>> mamba initialize >>>
2025-02-23T16:42:41.6537271Z # !! Contents within this block are managed by 'mamba init' !!
2025-02-23T16:42:41.6537887Z export MAMBA_EXE='/home/runner/micromamba-bin/micromamba';
2025-02-23T16:42:41.6538766Z export MAMBA_ROOT_PREFIX='/home/runner/micromamba';
2025-02-23T16:42:41.6539545Z __mamba_setup="$("$MAMBA_EXE" shell hook --shell bash --root-prefix "$MAMBA_ROOT_PREFIX" 2> /dev/null)"
2025-02-23T16:42:41.6540257Z if [ $? -eq 0 ]; then
2025-02-23T16:42:41.6540889Z     eval "$__mamba_setup"
2025-02-23T16:42:41.6541224Z else
2025-02-23T16:42:41.6541667Z     alias micromamba="$MAMBA_EXE"  # Fallback on help from mamba activate
2025-02-23T16:42:41.6542230Z fi
2025-02-23T16:42:41.6542454Z unset __mamba_setup
2025-02-23T16:42:41.6542659Z # <<< mamba initialize <<<
2025-02-23T16:42:41.6542793Z 
2025-02-23T16:42:41.6557802Z Moving mamba initialize block to .bash_profile
2025-02-23T16:42:41.6570095Z ##[endgroup]
2025-02-23T16:42:41.6571505Z ##[group]Restoring downloads from `/home/runner/micromamba/pkgs` ...
2025-02-23T16:42:42.7469863Z Received 318767104 of 356815776 (89.3%), 303.4 MBs/sec
2025-02-23T16:42:42.8654586Z Cache Size: ~340 MB (356815776 B)
2025-02-23T16:42:42.8691224Z [command]/usr/bin/tar -xf /home/runner/work/_temp/f3551e48-8adb-4bd4-a219-8c996808ae0e/cache.tzst -P -C /home/runner/work/tardis/tardis --use-compress-program unzstd
2025-02-23T16:42:43.3488122Z Cache restored successfully
2025-02-23T16:42:43.4230785Z Restored cache with key `tardis-conda-env-linux-64-d7cd390425b0fd3cf82649dcc003efba9915fb4928f15d342148c3ccffcbe2ee-v1-linux-64`
2025-02-23T16:42:43.4232184Z ##[endgroup]
2025-02-23T16:42:43.4245373Z ##[group]Restoring environment `tardis` from `/home/runner/micromamba/envs/tardis` ...
2025-02-23T16:42:43.7475549Z Received 356815776 of 356815776 (100.0%), 169.9 MBs/sec
2025-02-23T16:42:44.4981314Z Received 360710144 of 444032293 (81.2%), 341.3 MBs/sec
2025-02-23T16:42:44.7111906Z Cache Size: ~423 MB (444032293 B)
2025-02-23T16:42:44.7148531Z [command]/usr/bin/tar -xf /home/runner/work/_temp/7e260033-6305-4798-8605-b0d08989829b/cache.tzst -P -C /home/runner/work/tardis/tardis --use-compress-program unzstd
2025-02-23T16:42:45.4998126Z Received 444032293 of 444032293 (100.0%), 210.7 MBs/sec
2025-02-23T16:42:50.0881719Z Cache restored successfully
2025-02-23T16:42:50.1642447Z Restored cache with key `tardis-conda-env-linux-64-d7cd390425b0fd3cf82649dcc003efba9915fb4928f15d342148c3ccffcbe2ee-v1-linux-64-tardis-args-4f53cda-root-dcc80ee-bin-[object Promise]-file-d7cd390425b0fd3cf82649dcc003efba9915fb4928f15d342148c3ccffcbe2ee`
2025-02-23T16:42:50.1645077Z ##[endgroup]
2025-02-23T16:42:50.1645532Z Adding environment tardis to auto-activate bash ...
2025-02-23T16:42:50.1653942Z Generating micromamba run shell.
2025-02-23T16:42:50.1663295Z ##[endgroup]
2025-02-23T16:42:50.1669202Z Set environment variables.
2025-02-23T16:42:50.1673085Z ##[group]micromamba info
2025-02-23T16:42:50.1676655Z [command]/home/runner/micromamba-bin/micromamba info -r /home/runner/micromamba -n tardis
2025-02-23T16:42:50.1910105Z 
2025-02-23T16:42:50.1910442Z        libmamba version : 1.5.10
2025-02-23T16:42:50.1910915Z      micromamba version : 1.5.10
2025-02-23T16:42:50.1911620Z            curl version : libcurl/8.10.1 OpenSSL/3.3.2 zlib/1.3.1 zstd/1.5.6 libssh2/1.11.0 nghttp2/1.58.0
2025-02-23T16:42:50.1912593Z      libarchive version : libarchive 3.7.4 zlib/1.2.13 bz2lib/1.0.8 libzstd/1.5.6
2025-02-23T16:42:50.1913305Z        envs directories : /home/runner/micromamba/envs
2025-02-23T16:42:50.1913881Z           package cache : /home/runner/micromamba/pkgs
2025-02-23T16:42:50.1914382Z                           /home/runner/.mamba/pkgs
2025-02-23T16:42:50.1914853Z             environment : tardis
2025-02-23T16:42:50.1915320Z            env location : /home/runner/micromamba/envs/tardis
2025-02-23T16:42:50.1915883Z       user config files : /home/runner/.mambarc
2025-02-23T16:42:50.1916590Z  populated config files : /home/runner/work/_temp/setup-micromamba/.condarc
2025-02-23T16:42:50.1917212Z        virtual packages : __unix=0=0
2025-02-23T16:42:50.1917638Z                           __linux=6.8.0=0
2025-02-23T16:42:50.1918079Z                           __glibc=2.39=0
2025-02-23T16:42:50.1918741Z                           __archspec=1=x86_64_v3
2025-02-23T16:42:50.1919370Z                channels : https://conda.anaconda.org/conda-forge/linux-64
2025-02-23T16:42:50.1920059Z                           https://conda.anaconda.org/conda-forge/noarch
2025-02-23T16:42:50.1920977Z        base environment : /home/runner/micromamba
2025-02-23T16:42:50.1921517Z                platform : linux-64
2025-02-23T16:42:50.1928716Z ##[endgroup]
2025-02-23T16:42:50.1929285Z ##[group]micromamba list
2025-02-23T16:42:50.1930630Z [command]/home/runner/micromamba-bin/micromamba list -r /home/runner/micromamba -n tardis
2025-02-23T16:42:50.5834056Z List of packages in environment: "/home/runner/micromamba/envs/tardis"
2025-02-23T16:42:50.5834618Z 
2025-02-23T16:42:50.5834881Z   Name                           Version              Build                    Channel    
2025-02-23T16:42:50.5835959Z â”€â”€â”€â”€â”€â”€â”€â”€â”€â”€â”€â”€â”€â”€â”€â”€â”€â”€â”€â”€â”€â”€â”€â”€â”€â”€â”€â”€â”€â”€â”€â”€â”€â”€â”€â”€â”€â”€â”€â”€â”€â”€â”€â”€â”€â”€â”€â”€â”€â”€â”€â”€â”€â”€â”€â”€â”€â”€â”€â”€â”€â”€â”€â”€â”€â”€â”€â”€â”€â”€â”€â”€â”€â”€â”€â”€â”€â”€â”€â”€â”€â”€â”€â”€â”€â”€â”€â”€â”€â”€â”€â”€
2025-02-23T16:42:50.5836631Z   _libgcc_mutex                  0.1                  conda_forge              conda-forge
2025-02-23T16:42:50.5837290Z   _openmp_mutex                  4.5                  2_gnu                    conda-forge
2025-02-23T16:42:50.5837894Z   alabaster                      0.7.16               pyhd8ed1ab_0             conda-forge
2025-02-23T16:42:50.5838945Z   anyio                          4.4.0                pyhd8ed1ab_0             conda-forge
2025-02-23T16:42:50.5839513Z   argon2-cffi                    23.1.0               pyhd8ed1ab_0             conda-forge
2025-02-23T16:42:50.5840182Z   argon2-cffi-bindings           21.2.0               py312h98912ed_4          conda-forge
2025-02-23T16:42:50.5840785Z   arrow                          1.3.0                pyhd8ed1ab_0             conda-forge
2025-02-23T16:42:50.5841331Z   astropy                        6.1.1                py312h085067d_0          conda-forge
2025-02-23T16:42:50.5841942Z   astropy-iers-data              0.2024.6.17.0.31.35  pyhd8ed1ab_0             conda-forge
2025-02-23T16:42:50.5842711Z   astropy-sphinx-theme           1.1                  pyhd8ed1ab_0             conda-forge
2025-02-23T16:42:50.5843416Z   asttokens                      2.4.1                pyhd8ed1ab_0             conda-forge
2025-02-23T16:42:50.5844017Z   async-lru                      2.0.4                pyhd8ed1ab_0             conda-forge
2025-02-23T16:42:50.5844594Z   atk-1.0                        2.38.0               h04ea711_2               conda-forge
2025-02-23T16:42:50.5845132Z   attrs                          23.2.0               pyh71513ae_0             conda-forge
2025-02-23T16:42:50.5845729Z   babel                          2.14.0               pyhd8ed1ab_0             conda-forge
2025-02-23T16:42:50.5846282Z   beautifulsoup4                 4.12.3               pyha770c72_0             conda-forge
2025-02-23T16:42:50.5847318Z   bleach                         6.1.0                pyhd8ed1ab_0             conda-forge
2025-02-23T16:42:50.5847686Z   blosc                          1.21.5               hc2324a3_1               conda-forge
2025-02-23T16:42:50.5848041Z   brotli                         1.1.0                hd590300_1               conda-forge
2025-02-23T16:42:50.5848660Z   brotli-bin                     1.1.0                hd590300_1               conda-forge
2025-02-23T16:42:50.5849059Z   brotli-python                  1.1.0                py312h30efb56_1          conda-forge
2025-02-23T16:42:50.5849429Z   bzip2                          1.0.8                hd590300_5               conda-forge
2025-02-23T16:42:50.5849774Z   c-ares                         1.28.1               hd590300_0               conda-forge
2025-02-23T16:42:50.5850117Z   c-blosc2                       2.14.4               hb4ffafa_1               conda-forge
2025-02-23T16:42:50.5850503Z   ca-certificates                2024.6.2             hbcca054_0               conda-forge
2025-02-23T16:42:50.5850912Z   cached-property                1.5.2                hd8ed1ab_1               conda-forge
2025-02-23T16:42:50.5851311Z   cached_property                1.5.2                pyha770c72_1             conda-forge
2025-02-23T16:42:50.5851691Z   cairo                          1.18.0               h3faef2a_0               conda-forge
2025-02-23T16:42:50.5852220Z   certifi                        2024.6.2             pyhd8ed1ab_0             conda-forge
2025-02-23T16:42:50.5852595Z   cffi                           1.16.0               py312hf06ca03_0          conda-forge
2025-02-23T16:42:50.5852991Z   charset-normalizer             3.3.2                pyhd8ed1ab_0             conda-forge
2025-02-23T16:42:50.5853378Z   click                          8.1.7                unix_pyh707e725_0        conda-forge
2025-02-23T16:42:50.5853733Z   codespell                      2.3.0                pyhd8ed1ab_0             conda-forge
2025-02-23T16:42:50.5854096Z   colorama                       0.4.6                pyhd8ed1ab_0             conda-forge
2025-02-23T16:42:50.5854438Z   comm                           0.2.2                pyhd8ed1ab_0             conda-forge
2025-02-23T16:42:50.5854782Z   commonmark                     0.9.1                py_0                     conda-forge
2025-02-23T16:42:50.5855144Z   contourpy                      1.2.1                py312h8572e83_0          conda-forge
2025-02-23T16:42:50.5855500Z   coverage                       7.5.3                py312h9a8786e_0          conda-forge
2025-02-23T16:42:50.5855849Z   cycler                         0.12.1               pyhd8ed1ab_0             conda-forge
2025-02-23T16:42:50.5856208Z   dataclasses                    0.8                  pyhc8e2a94_3             conda-forge
2025-02-23T16:42:50.5856579Z   debugpy                        1.8.1                py312h30efb56_0          conda-forge
2025-02-23T16:42:50.5856940Z   decorator                      5.1.1                pyhd8ed1ab_0             conda-forge
2025-02-23T16:42:50.5857311Z   defusedxml                     0.7.1                pyhd8ed1ab_0             conda-forge
2025-02-23T16:42:50.5857671Z   docutils                       0.20.1               py312h7900ff3_3          conda-forge
2025-02-23T16:42:50.5858028Z   dot2tex                        2.11.3               pyhd8ed1ab_0             conda-forge
2025-02-23T16:42:50.5858559Z   entrypoints                    0.4                  pyhd8ed1ab_0             conda-forge
2025-02-23T16:42:50.5858948Z   exceptiongroup                 1.2.0                pyhd8ed1ab_2             conda-forge
2025-02-23T16:42:50.5859328Z   executing                      2.0.1                pyhd8ed1ab_0             conda-forge
2025-02-23T16:42:50.5859676Z   expat                          2.6.2                h59595ed_0               conda-forge
2025-02-23T16:42:50.5860068Z   font-ttf-dejavu-sans-mono      2.37                 hab24e00_0               conda-forge
2025-02-23T16:42:50.5860646Z   font-ttf-inconsolata           3.000                h77eed37_0               conda-forge
2025-02-23T16:42:50.5861096Z   font-ttf-source-code-pro       2.038                h77eed37_0               conda-forge
2025-02-23T16:42:50.5861512Z   font-ttf-ubuntu                0.83                 h77eed37_2               conda-forge
2025-02-23T16:42:50.5861891Z   fontconfig                     2.14.2               h14ed4e7_0               conda-forge
2025-02-23T16:42:50.5862287Z   fonts-conda-ecosystem          1                    0                        conda-forge
2025-02-23T16:42:50.5862722Z   fonts-conda-forge              1                    0                        conda-forge
2025-02-23T16:42:50.5863100Z   fonttools                      4.53.0               py312h9a8786e_0          conda-forge
2025-02-23T16:42:50.5863448Z   fqdn                           1.5.1                pyhd8ed1ab_0             conda-forge
2025-02-23T16:42:50.5863786Z   freetype                       2.12.1               h267a509_2               conda-forge
2025-02-23T16:42:50.5864141Z   fribidi                        1.0.10               h36c2ea0_0               conda-forge
2025-02-23T16:42:50.5864499Z   future                         1.0.0                pyhd8ed1ab_0             conda-forge
2025-02-23T16:42:50.5864855Z   gdk-pixbuf                     2.42.12              hb9ae30d_0               conda-forge
2025-02-23T16:42:50.5865397Z   giflib                         5.2.2                hd590300_0               conda-forge
2025-02-23T16:42:50.5865755Z   git-lfs                        3.5.1                ha770c72_0               conda-forge
2025-02-23T16:42:50.5866085Z   gmp                            6.3.0                h59595ed_1               conda-forge
2025-02-23T16:42:50.5866409Z   gmpy2                          2.1.5                py312h1d5cde6_1          conda-forge
2025-02-23T16:42:50.5866761Z   graphite2                      1.3.13               h59595ed_1003            conda-forge
2025-02-23T16:42:50.5867122Z   graphviz                       11.0.0               hc68bbd7_0               conda-forge
2025-02-23T16:42:50.5867461Z   gtk2                           2.24.33              h280cfa0_4               conda-forge
2025-02-23T16:42:50.5867781Z   gts                            0.7.6                h977cf35_4               conda-forge
2025-02-23T16:42:50.5868098Z   h11                            0.14.0               pyhd8ed1ab_0             conda-forge
2025-02-23T16:42:50.5868584Z   h2                             4.1.0                pyhd8ed1ab_0             conda-forge
2025-02-23T16:42:50.5868912Z   h5py                           3.11.0               nompi_py312hb7ab980_102  conda-forge
2025-02-23T16:42:50.5869253Z   harfbuzz                       8.5.0                hfac3d4d_0               conda-forge
2025-02-23T16:42:50.5869606Z   hdf5                           1.14.3               nompi_hdf9ad27_105       conda-forge
2025-02-23T16:42:50.5869959Z   hpack                          4.0.0                pyh9f0ad1d_0             conda-forge
2025-02-23T16:42:50.5870307Z   httpcore                       1.0.5                pyhd8ed1ab_0             conda-forge
2025-02-23T16:42:50.5870654Z   httpx                          0.27.0               pyhd8ed1ab_0             conda-forge
2025-02-23T16:42:50.5871002Z   hyperframe                     6.0.1                pyhd8ed1ab_0             conda-forge
2025-02-23T16:42:50.5871348Z   icu                            73.2                 h59595ed_0               conda-forge
2025-02-23T16:42:50.5871667Z   idna                           3.7                  pyhd8ed1ab_0             conda-forge
2025-02-23T16:42:50.5872017Z   imagesize                      1.4.1                pyhd8ed1ab_0             conda-forge
2025-02-23T16:42:50.5872704Z   importlib-metadata             7.1.0                pyha770c72_0             conda-forge
2025-02-23T16:42:50.5873327Z   importlib_metadata             7.1.0                hd8ed1ab_0               conda-forge
2025-02-23T16:42:50.5874079Z   importlib_resources            6.4.0                pyhd8ed1ab_0             conda-forge
2025-02-23T16:42:50.5874672Z   iniconfig                      2.0.0                pyhd8ed1ab_0             conda-forge
2025-02-23T16:42:50.5875338Z   ipykernel                      6.29.4               pyh3099207_0             conda-forge
2025-02-23T16:42:50.5875915Z   ipython                        8.25.0               pyh707e725_0             conda-forge
2025-02-23T16:42:50.5876566Z   ipython_genutils               0.2.0                pyhd8ed1ab_1             conda-forge
2025-02-23T16:42:50.5877222Z   ipywidgets                     7.8.0                pyhd8ed1ab_0             conda-forge
2025-02-23T16:42:50.5877887Z   isoduration                    20.11.0              pyhd8ed1ab_0             conda-forge
2025-02-23T16:42:50.5878667Z   jedi                           0.19.1               pyhd8ed1ab_0             conda-forge
2025-02-23T16:42:50.5879219Z   jinja2                         3.1.4                pyhd8ed1ab_0             conda-forge
2025-02-23T16:42:50.5879843Z   json5                          0.9.25               pyhd8ed1ab_0             conda-forge
2025-02-23T16:42:50.5880453Z   jsonpointer                    3.0.0                py312h7900ff3_0          conda-forge
2025-02-23T16:42:50.5881084Z   jsonschema                     4.22.0               pyhd8ed1ab_0             conda-forge
2025-02-23T16:42:50.5881795Z   jsonschema-specifications      2023.12.1            pyhd8ed1ab_0             conda-forge
2025-02-23T16:42:50.5882312Z   jsonschema-with-format-nongpl  4.22.0               pyhd8ed1ab_0             conda-forge
2025-02-23T16:42:50.5882741Z   jupyter-lsp                    2.2.5                pyhd8ed1ab_0             conda-forge
2025-02-23T16:42:50.5883115Z   jupyter_client                 8.6.2                pyhd8ed1ab_0             conda-forge
2025-02-23T16:42:50.5883486Z   jupyter_core                   5.7.2                py312h7900ff3_0          conda-forge
2025-02-23T16:42:50.5883874Z   jupyter_events                 0.10.0               pyhd8ed1ab_0             conda-forge
2025-02-23T16:42:50.5884269Z   jupyter_server                 2.14.1               pyhd8ed1ab_0             conda-forge
2025-02-23T16:42:50.5884679Z   jupyter_server_terminals       0.5.3                pyhd8ed1ab_0             conda-forge
2025-02-23T16:42:50.5885084Z   jupyterlab                     4.2.2                pyhd8ed1ab_0             conda-forge
2025-02-23T16:42:50.5885486Z   jupyterlab_pygments            0.3.0                pyhd8ed1ab_1             conda-forge
2025-02-23T16:42:50.5885896Z   jupyterlab_server              2.27.2               pyhd8ed1ab_0             conda-forge
2025-02-23T16:42:50.5886296Z   jupyterlab_widgets             1.1.7                pyhd8ed1ab_0             conda-forge
2025-02-23T16:42:50.5886673Z   keyutils                       1.6.1                h166bdaf_0               conda-forge
2025-02-23T16:42:50.5887026Z   kiwisolver                     1.4.5                py312h8572e83_1          conda-forge
2025-02-23T16:42:50.5887367Z   krb5                           1.21.2               h659d440_0               conda-forge
2025-02-23T16:42:50.5887706Z   latexcodec                     2.0.1                pyh9f0ad1d_0             conda-forge
2025-02-23T16:42:50.5888050Z   lcms2                          2.16                 hb7c19ff_0               conda-forge
2025-02-23T16:42:50.5888653Z   ld_impl_linux-64               2.40                 hf3520f5_7               conda-forge
2025-02-23T16:42:50.5888999Z   lerc                           4.0.0                h27087fc_0               conda-forge
2025-02-23T16:42:50.5889323Z   libaec                         1.1.3                h59595ed_0               conda-forge
2025-02-23T16:42:50.5889664Z   libblas                        3.9.0                22_linux64_openblas      conda-forge
2025-02-23T16:42:50.5890038Z   libbrotlicommon                1.1.0                hd590300_1               conda-forge
2025-02-23T16:42:50.5890585Z   libbrotlidec                   1.1.0                hd590300_1               conda-forge
2025-02-23T16:42:50.5890949Z   libbrotlienc                   1.1.0                hd590300_1               conda-forge
2025-02-23T16:42:50.5891308Z   libcblas                       3.9.0                22_linux64_openblas      conda-forge
2025-02-23T16:42:50.5891658Z   libcurl                        8.8.0                hca28451_0               conda-forge
2025-02-23T16:42:50.5892009Z   libdeflate                     1.20                 hd590300_0               conda-forge
2025-02-23T16:42:50.5892370Z   libedit                        3.1.20191231         he28a2e2_2               conda-forge
2025-02-23T16:42:50.5892732Z   libev                          4.33                 hd590300_2               conda-forge
2025-02-23T16:42:50.5893075Z   libexpat                       2.6.2                h59595ed_0               conda-forge
2025-02-23T16:42:50.5893505Z   libffi                         3.4.2                h7f98852_5               conda-forge
2025-02-23T16:42:50.5893855Z   libgcc-ng                      13.2.0               h77fa898_10              conda-forge
2025-02-23T16:42:50.5894193Z   libgd                          2.3.3                h119a65a_9               conda-forge
2025-02-23T16:42:50.5894551Z   libgfortran-ng                 13.2.0               h69a702a_10              conda-forge
2025-02-23T16:42:50.5895041Z   libgfortran5                   13.2.0               h3d2ce59_10              conda-forge
2025-02-23T16:42:50.5895404Z   libglib                        2.80.2               h8a4344b_1               conda-forge
2025-02-23T16:42:50.5895747Z   libgomp                        13.2.0               h77fa898_10              conda-forge
2025-02-23T16:42:50.5896094Z   libiconv                       1.17                 hd590300_2               conda-forge
2025-02-23T16:42:50.5896452Z   libjpeg-turbo                  3.0.0                hd590300_1               conda-forge
2025-02-23T16:42:50.5896824Z   liblapack                      3.9.0                22_linux64_openblas      conda-forge
2025-02-23T16:42:50.5897186Z   libllvm14                      14.0.6               hcd5def8_4               conda-forge
2025-02-23T16:42:50.5897548Z   libnghttp2                     1.58.0               h47da74e_1               conda-forge
2025-02-23T16:42:50.5897892Z   libnsl                         2.0.1                hd590300_0               conda-forge
2025-02-23T16:42:50.5898445Z   libopenblas                    0.3.27               pthreads_h413a1c8_0      conda-forge
2025-02-23T16:42:50.5898820Z   libpng                         1.6.43               h2797004_0               conda-forge
2025-02-23T16:42:50.5899170Z   librsvg                        2.58.1               hadf69e7_0               conda-forge
2025-02-23T16:42:50.5899523Z   libsodium                      1.0.18               h36c2ea0_1               conda-forge
2025-02-23T16:42:50.5899876Z   libsqlite                      3.46.0               hde9e2c9_0               conda-forge
2025-02-23T16:42:50.5900231Z   libssh2                        1.11.0               h0841786_0               conda-forge
2025-02-23T16:42:50.5900594Z   libstdcxx-ng                   13.2.0               hc0a3c3a_10              conda-forge
2025-02-23T16:42:50.5900950Z   libtiff                        4.6.0                h1dd3fc0_3               conda-forge
2025-02-23T16:42:50.5901298Z   libuuid                        2.38.1               h0b41bf4_0               conda-forge
2025-02-23T16:42:50.5901638Z   libwebp                        1.4.0                h2c329e2_0               conda-forge
2025-02-23T16:42:50.5901995Z   libwebp-base                   1.4.0                hd590300_0               conda-forge
2025-02-23T16:42:50.5902343Z   libxcb                         1.15                 h0b41bf4_0               conda-forge
2025-02-23T16:42:50.5902683Z   libxcrypt                      4.4.36               hd590300_1               conda-forge
2025-02-23T16:42:50.5903163Z   libxml2                        2.12.7               hc051c1a_1               conda-forge
2025-02-23T16:42:50.5903508Z   libxslt                        1.1.39               h76b75d6_0               conda-forge
2025-02-23T16:42:50.5903844Z   libzlib                        1.3.1                h4ab18f5_1               conda-forge
2025-02-23T16:42:50.5904190Z   llvmlite                       0.42.0               py312hb06c811_1          conda-forge
2025-02-23T16:42:50.5904531Z   lxml                           5.2.2                py312hb90d8a5_0          conda-forge
2025-02-23T16:42:50.5904853Z   lz4-c                          1.9.4                hcb278e6_0               conda-forge
2025-02-23T16:42:50.5905162Z   lzo                            2.10                 hd590300_1001            conda-forge
2025-02-23T16:42:50.5905502Z   markupsafe                     2.1.5                py312h98912ed_0          conda-forge
2025-02-23T16:42:50.5905880Z   matplotlib-base                3.8.4                py312h20ab3a6_2          conda-forge
2025-02-23T16:42:50.5906280Z   matplotlib-inline              0.1.7                pyhd8ed1ab_0             conda-forge
2025-02-23T16:42:50.5906666Z   mistune                        3.0.2                pyhd8ed1ab_0             conda-forge
2025-02-23T16:42:50.5906996Z   mpc                            1.3.1                hfe3b2da_0               conda-forge
2025-02-23T16:42:50.5907421Z   mpfr                           4.2.1                h9458935_1               conda-forge
2025-02-23T16:42:50.5907751Z   mpmath                         1.3.0                pyhd8ed1ab_0             conda-forge
2025-02-23T16:42:50.5908099Z   munkres                        1.1.4                pyh9f0ad1d_0             conda-forge
2025-02-23T16:42:50.5908627Z   mypy_extensions                1.0.0                pyha770c72_0             conda-forge
2025-02-23T16:42:50.5908996Z   nbclassic                      1.1.0                pyhd8ed1ab_0             conda-forge
2025-02-23T16:42:50.5909349Z   nbclient                       0.10.0               pyhd8ed1ab_0             conda-forge
2025-02-23T16:42:50.5909707Z   nbconvert                      7.16.4               hd8ed1ab_1               conda-forge
2025-02-23T16:42:50.5910077Z   nbconvert-core                 7.16.4               pyhd8ed1ab_1             conda-forge
2025-02-23T16:42:50.5910474Z   nbconvert-pandoc               7.16.4               hd8ed1ab_1               conda-forge
2025-02-23T16:42:50.5910857Z   nbformat                       5.10.4               pyhd8ed1ab_0             conda-forge
2025-02-23T16:42:50.5911208Z   nbsphinx                       0.9.4                pyhd8ed1ab_0             conda-forge
2025-02-23T16:42:50.5911551Z   ncurses                        6.5                  h59595ed_0               conda-forge
2025-02-23T16:42:50.5911907Z   nest-asyncio                   1.6.0                pyhd8ed1ab_0             conda-forge
2025-02-23T16:42:50.5912273Z   networkx                       3.3                  pyhd8ed1ab_1             conda-forge
2025-02-23T16:42:50.5912614Z   nomkl                          1.0                  h5ca1d4c_0               conda-forge
2025-02-23T16:42:50.5912952Z   notebook                       7.2.1                pyhd8ed1ab_0             conda-forge
2025-02-23T16:42:50.5913314Z   notebook-shim                  0.2.4                pyhd8ed1ab_0             conda-forge
2025-02-23T16:42:50.5913672Z   numba                          0.59.1               py312hacefee8_0          conda-forge
2025-02-23T16:42:50.5914012Z   numexpr                        2.10.0               py312hf412c99_100        conda-forge
2025-02-23T16:42:50.5914349Z   numpy                          1.26.4               py312heda63a1_0          conda-forge
2025-02-23T16:42:50.5914698Z   numpydoc                       1.7.0                pyhd8ed1ab_1             conda-forge
2025-02-23T16:42:50.5915051Z   openjpeg                       2.5.2                h488ebb8_0               conda-forge
2025-02-23T16:42:50.5915391Z   openssl                        3.3.1                h4ab18f5_0               conda-forge
2025-02-23T16:42:50.5915863Z   overrides                      7.7.0                pyhd8ed1ab_0             conda-forge
2025-02-23T16:42:50.5916227Z   packaging                      24.1                 pyhd8ed1ab_0             conda-forge
2025-02-23T16:42:50.5916581Z   pandas                         2.2.2                py312h1d6d2e6_1          conda-forge
2025-02-23T16:42:50.5916919Z   pandoc                         3.2                  ha770c72_0               conda-forge
2025-02-23T16:42:50.5917277Z   pandocfilters                  1.5.0                pyhd8ed1ab_0             conda-forge
2025-02-23T16:42:50.5917630Z   pango                          1.54.0               h84a9a3c_0               conda-forge
2025-02-23T16:42:50.5917954Z   parso                          0.8.4                pyhd8ed1ab_0             conda-forge
2025-02-23T16:42:50.5918466Z   pathspec                       0.12.1               pyhd8ed1ab_0             conda-forge
2025-02-23T16:42:50.5918812Z   pbr                            6.0.0                pyhd8ed1ab_0             conda-forge
2025-02-23T16:42:50.5919137Z   pcre2                          10.44                h0f59acf_0               conda-forge
2025-02-23T16:42:50.5919477Z   pexpect                        4.9.0                pyhd8ed1ab_0             conda-forge
2025-02-23T16:42:50.5919831Z   pickleshare                    0.7.5                py_1003                  conda-forge
2025-02-23T16:42:50.5920334Z   pillow                         10.3.0               py312hdcec9eb_0          conda-forge
2025-02-23T16:42:50.5920726Z   pip                            24.0                 pyhd8ed1ab_0             conda-forge
2025-02-23T16:42:50.5921062Z   pixman                         0.43.2               h59595ed_0               conda-forge
2025-02-23T16:42:50.5921454Z   pkgutil-resolve-name           1.3.10               pyhd8ed1ab_1             conda-forge
2025-02-23T16:42:50.5921861Z   platformdirs                   4.2.2                pyhd8ed1ab_0             conda-forge
2025-02-23T16:42:50.5922226Z   plotly                         5.22.0               pyhd8ed1ab_0             conda-forge
2025-02-23T16:42:50.5922571Z   pluggy                         1.5.0                pyhd8ed1ab_0             conda-forge
2025-02-23T16:42:50.5922952Z   prometheus_client              0.20.0               pyhd8ed1ab_0             conda-forge
2025-02-23T16:42:50.5923367Z   prompt-toolkit                 3.0.47               pyha770c72_0             conda-forge
2025-02-23T16:42:50.5923736Z   psutil                         5.9.8                py312h98912ed_0          conda-forge
2025-02-23T16:42:50.5924093Z   pthread-stubs                  0.4                  h36c2ea0_1001            conda-forge
2025-02-23T16:42:50.5924461Z   ptyprocess                     0.7.0                pyhd3deb0d_0             conda-forge
2025-02-23T16:42:50.5924824Z   pure_eval                      0.2.2                pyhd8ed1ab_0             conda-forge
2025-02-23T16:42:50.5925182Z   py-cpuinfo                     9.0.0                pyhd8ed1ab_0             conda-forge
2025-02-23T16:42:50.5925551Z   pybtex                         0.24.0               pyhd8ed1ab_2             conda-forge
2025-02-23T16:42:50.5925924Z   pybtex-docutils                1.0.3                py312h7900ff3_1          conda-forge
2025-02-23T16:42:50.5926305Z   pycparser                      2.22                 pyhd8ed1ab_0             conda-forge
2025-02-23T16:42:50.5926666Z   pyerfa                         2.0.1.4              py312h085067d_1          conda-forge
2025-02-23T16:42:50.5927013Z   pygments                       2.18.0               pyhd8ed1ab_0             conda-forge
2025-02-23T16:42:50.5927376Z   pygraphviz                     1.13                 py312h4a1d8a7_1          conda-forge
2025-02-23T16:42:50.5927748Z   pyparsing                      3.1.2                pyhd8ed1ab_0             conda-forge
2025-02-23T16:42:50.5928104Z   pysocks                        1.7.1                pyha2e5f31_6             conda-forge
2025-02-23T16:42:50.5928789Z   pytables                       3.9.2                py312h96d95ec_2          conda-forge
2025-02-23T16:42:50.5929145Z   pytest                         8.2.2                pyhd8ed1ab_0             conda-forge
2025-02-23T16:42:50.5929515Z   pytest-cov                     5.0.0                pyhd8ed1ab_0             conda-forge
2025-02-23T16:42:50.5929932Z   pytest-doctestplus             1.2.1                pyhd8ed1ab_0             conda-forge
2025-02-23T16:42:50.5930335Z   pytest-html                    4.1.1                pyhd8ed1ab_0             conda-forge
2025-02-23T16:42:50.5930721Z   pytest-metadata                3.1.1                pyhd8ed1ab_0             conda-forge
2025-02-23T16:42:50.5931095Z   python                         3.12.4               h194c7f8_0_cpython       conda-forge
2025-02-23T16:42:50.5931462Z   python-dateutil                2.9.0                pyhd8ed1ab_0             conda-forge
2025-02-23T16:42:50.5931890Z   python-fastjsonschema          2.20.0               pyhd8ed1ab_0             conda-forge
2025-02-23T16:42:50.5932321Z   python-json-logger             2.0.7                pyhd8ed1ab_0             conda-forge
2025-02-23T16:42:50.5932733Z   python-tzdata                  2024.1               pyhd8ed1ab_0             conda-forge
2025-02-23T16:42:50.5933112Z   python_abi                     3.12                 4_cp312                  conda-forge
2025-02-23T16:42:50.5933576Z   pytz                           2024.1               pyhd8ed1ab_0             conda-forge
2025-02-23T16:42:50.5933921Z   pyyaml                         6.0.1                py312h98912ed_1          conda-forge
2025-02-23T16:42:50.5934257Z   pyzmq                          26.0.3               py312h8fd38d8_0          conda-forge
2025-02-23T16:42:50.5934591Z   qgrid                          1.3.1                pyhd8ed1ab_4             conda-forge
2025-02-23T16:42:50.5934964Z   radioactivedecay               0.5.1                pyhd8ed1ab_0             conda-forge
2025-02-23T16:42:50.5935345Z   readline                       8.2                  h8228510_1               conda-forge
2025-02-23T16:42:50.5935706Z   recommonmark                   0.7.1                pyhd8ed1ab_0             conda-forge
2025-02-23T16:42:50.5936082Z   referencing                    0.35.1               pyhd8ed1ab_0             conda-forge
2025-02-23T16:42:50.5936451Z   requests                       2.32.3               pyhd8ed1ab_0             conda-forge
2025-02-23T16:42:50.5936838Z   rfc3339-validator              0.1.4                pyhd8ed1ab_0             conda-forge
2025-02-23T16:42:50.5937243Z   rfc3986-validator              0.1.1                pyh9f0ad1d_0             conda-forge
2025-02-23T16:42:50.5937616Z   rpds-py                        0.18.1               py312h4413252_0          conda-forge
2025-02-23T16:42:50.5937952Z   ruff                           0.4.9                py312h5715c7c_0          conda-forge
2025-02-23T16:42:50.5938477Z   scipy                          1.13.1               py312hc2bc53b_0          conda-forge
2025-02-23T16:42:50.5938852Z   send2trash                     1.8.3                pyh0d859eb_0             conda-forge
2025-02-23T16:42:50.5939237Z   setuptools                     70.0.0               pyhd8ed1ab_0             conda-forge
2025-02-23T16:42:50.5939626Z   setuptools-scm                 8.1.0                pyhd8ed1ab_0             conda-forge
2025-02-23T16:42:50.5940013Z   setuptools_scm                 8.1.0                hd8ed1ab_0               conda-forge
2025-02-23T16:42:50.5940364Z   six                            1.16.0               pyh6c4a22f_0             conda-forge
2025-02-23T16:42:50.5940698Z   snakeviz                       2.2.0                pyhd8ed1ab_0             conda-forge
2025-02-23T16:42:50.5941052Z   snappy                         1.2.0                hdb0a2a9_1               conda-forge
2025-02-23T16:42:50.5941399Z   sniffio                        1.3.1                pyhd8ed1ab_0             conda-forge
2025-02-23T16:42:50.5941933Z   snowballstemmer                2.2.0                pyhd8ed1ab_0             conda-forge
2025-02-23T16:42:50.5942322Z   soupsieve                      2.5                  pyhd8ed1ab_1             conda-forge
2025-02-23T16:42:50.5942676Z   sphinx                         7.3.7                pyhd8ed1ab_0             conda-forge
2025-02-23T16:42:50.5943052Z   sphinx-astropy                 1.9.1                pyhd8ed1ab_0             conda-forge
2025-02-23T16:42:50.5943457Z   sphinx-automodapi              0.17.0               pyh717bed2_1             conda-forge
2025-02-23T16:42:50.5943866Z   sphinx-gallery                 0.16.0               pyhd8ed1ab_0             conda-forge
2025-02-23T16:42:50.5944276Z   sphinx-jsonschema              1.19.1               pyhd8ed1ab_0             conda-forge
2025-02-23T16:42:50.5944700Z   sphinx_bootstrap_theme         0.8.1                pyhd8ed1ab_0             conda-forge
2025-02-23T16:42:50.5945112Z   sphinx_rtd_theme               2.0.0                pyha770c72_0             conda-forge
2025-02-23T16:42:50.5945525Z   sphinxcontrib-apidoc           0.3.0                py_1                     conda-forge
2025-02-23T16:42:50.5945970Z   sphinxcontrib-applehelp        1.0.8                pyhd8ed1ab_0             conda-forge
2025-02-23T16:42:50.5946416Z   sphinxcontrib-bibtex           2.6.2                pyhd8ed1ab_0             conda-forge
2025-02-23T16:42:50.5946962Z   sphinxcontrib-devhelp          1.0.6                pyhd8ed1ab_0             conda-forge
2025-02-23T16:42:50.5947409Z   sphinxcontrib-htmlhelp         2.0.5                pyhd8ed1ab_0             conda-forge
2025-02-23T16:42:50.5947846Z   sphinxcontrib-jquery           4.1                  pyhd8ed1ab_0             conda-forge
2025-02-23T16:42:50.5948432Z   sphinxcontrib-jsmath           1.0.1                pyhd8ed1ab_0             conda-forge
2025-02-23T16:42:50.5948865Z   sphinxcontrib-qthelp           1.0.7                pyhd8ed1ab_0             conda-forge
2025-02-23T16:42:50.5949339Z   sphinxcontrib-serializinghtml  1.1.10               pyhd8ed1ab_0             conda-forge
2025-02-23T16:42:50.5949772Z   stack_data                     0.6.2                pyhd8ed1ab_0             conda-forge
2025-02-23T16:42:50.5950120Z   sympy                          1.12.1               pypyh2585a3b_103         conda-forge
2025-02-23T16:42:50.5950469Z   tabulate                       0.9.0                pyhd8ed1ab_1             conda-forge
2025-02-23T16:42:50.5950828Z   tenacity                       8.4.1                pyhd8ed1ab_0             conda-forge
2025-02-23T16:42:50.5951182Z   terminado                      0.18.1               pyh0d859eb_0             conda-forge
2025-02-23T16:42:50.5951543Z   tinycss2                       1.3.0                pyhd8ed1ab_0             conda-forge
2025-02-23T16:42:50.5951879Z   tk                             8.6.13               noxft_h4845f30_101       conda-forge
2025-02-23T16:42:50.5952202Z   toml                           0.10.2               pyhd8ed1ab_0             conda-forge
2025-02-23T16:42:50.5952536Z   tomli                          2.0.1                pyhd8ed1ab_0             conda-forge
2025-02-23T16:42:50.5952877Z   tornado                        6.4.1                py312h9a8786e_0          conda-forge
2025-02-23T16:42:50.5953230Z   tqdm                           4.66.4               pyhd8ed1ab_0             conda-forge
2025-02-23T16:42:50.5953583Z   traitlets                      5.14.3               pyhd8ed1ab_0             conda-forge
2025-02-23T16:42:50.5953949Z   typed-ast                      1.5.5                py312h98912ed_1          conda-forge
2025-02-23T16:42:50.5954367Z   types-python-dateutil          2.9.0.20240316       pyhd8ed1ab_0             conda-forge
2025-02-23T16:42:50.5954822Z   typing-extensions              4.12.2               hd8ed1ab_0               conda-forge
2025-02-23T16:42:50.5955233Z   typing_extensions              4.12.2               pyha770c72_0             conda-forge
2025-02-23T16:42:50.5955746Z   typing_utils                   0.1.0                pyhd8ed1ab_0             conda-forge
2025-02-23T16:42:50.5956104Z   tzdata                         2024a                h0c530f3_0               conda-forge
2025-02-23T16:42:50.5956467Z   uri-template                   1.3.0                pyhd8ed1ab_0             conda-forge
2025-02-23T16:42:50.5956836Z   urllib3                        2.2.2                pyhd8ed1ab_0             conda-forge
2025-02-23T16:42:50.5957185Z   wcwidth                        0.2.13               pyhd8ed1ab_0             conda-forge
2025-02-23T16:42:50.5957538Z   webcolors                      24.6.0               pyhd8ed1ab_0             conda-forge
2025-02-23T16:42:50.5957916Z   webencodings                   0.5.1                pyhd8ed1ab_2             conda-forge
2025-02-23T16:42:50.5958474Z   websocket-client               1.8.0                pyhd8ed1ab_0             conda-forge
2025-02-23T16:42:50.5958849Z   wheel                          0.43.0               pyhd8ed1ab_1             conda-forge
2025-02-23T16:42:50.5959254Z   widgetsnbextension             3.6.6                pyhd8ed1ab_0             conda-forge
2025-02-23T16:42:50.5959654Z   xorg-kbproto                   1.0.7                h7f98852_1002            conda-forge
2025-02-23T16:42:50.5960034Z   xorg-libice                    1.1.1                hd590300_0               conda-forge
2025-02-23T16:42:50.5960514Z   xorg-libsm                     1.2.4                h7391055_0               conda-forge
2025-02-23T16:42:50.5960881Z   xorg-libx11                    1.8.9                h8ee46fc_0               conda-forge
2025-02-23T16:42:50.5961253Z   xorg-libxau                    1.0.11               hd590300_0               conda-forge
2025-02-23T16:42:50.5961625Z   xorg-libxdmcp                  1.1.3                h7f98852_0               conda-forge
2025-02-23T16:42:50.5962005Z   xorg-libxext                   1.3.4                h0b41bf4_2               conda-forge
2025-02-23T16:42:50.5962392Z   xorg-libxrender                0.9.11               hd590300_0               conda-forge
2025-02-23T16:42:50.5962822Z   xorg-renderproto               0.11.1               h7f98852_1002            conda-forge
2025-02-23T16:42:50.5963214Z   xorg-xextproto                 7.3.0                h0b41bf4_1003            conda-forge
2025-02-23T16:42:50.5963595Z   xorg-xproto                    7.0.31               h7f98852_1007            conda-forge
2025-02-23T16:42:50.5963931Z   xz                             5.2.6                h166bdaf_0               conda-forge
2025-02-23T16:42:50.5964247Z   yaml                           0.2.5                h7f98852_2               conda-forge
2025-02-23T16:42:50.5964569Z   zeromq                         4.3.5                h75354e8_4               conda-forge
2025-02-23T16:42:50.5964901Z   zipp                           3.19.2               pyhd8ed1ab_0             conda-forge
2025-02-23T16:42:50.5965227Z   zlib                           1.3.1                h4ab18f5_1               conda-forge
2025-02-23T16:42:50.5965558Z   zlib-ng                        2.0.7                h0b41bf4_0               conda-forge
2025-02-23T16:42:50.5965888Z   zstd                           1.5.6                ha6fb4c9_0               conda-forge
2025-02-23T16:42:50.5966434Z ##[endgroup]
2025-02-23T16:42:50.6027205Z ##[group]Run pip install -e . --user
2025-02-23T16:42:50.6027527Z [36;1mpip install -e . --user[0m
2025-02-23T16:42:50.6085892Z shell: /usr/bin/bash -l {0}
2025-02-23T16:42:50.6086134Z env:
2025-02-23T16:42:50.6086309Z   CACHE_NUMBER: 0
2025-02-23T16:42:50.6086924Z   PYTEST_FLAGS: --tardis-regression-data=/home/runner/work/tardis/tardis/tardis-regression-data --cov=tardis --cov-report=xml --cov-report=html --cov-append
2025-02-23T16:42:50.6087588Z   CODECOV_TOKEN: 
2025-02-23T16:42:50.6087818Z   MAMBA_ROOT_PREFIX: /home/runner/micromamba
2025-02-23T16:42:50.6088124Z   MAMBA_EXE: /home/runner/micromamba-bin/micromamba
2025-02-23T16:42:50.6088861Z   CONDARC: /home/runner/work/_temp/setup-micromamba/.condarc
2025-02-23T16:42:50.6089174Z ##[endgroup]
2025-02-23T16:42:51.4402887Z Obtaining file:///home/runner/work/tardis/tardis
2025-02-23T16:42:51.4439718Z   Installing build dependencies: started
2025-02-23T16:42:54.0430297Z   Installing build dependencies: finished with status 'done'
2025-02-23T16:42:54.0435776Z   Checking if build backend supports build_editable: started
2025-02-23T16:42:54.1603795Z   Checking if build backend supports build_editable: finished with status 'done'
2025-02-23T16:42:54.1611288Z   Getting requirements to build editable: started
2025-02-23T16:42:54.6335387Z   Getting requirements to build editable: finished with status 'done'
2025-02-23T16:42:54.6343419Z   Preparing editable metadata (pyproject.toml): started
2025-02-23T16:42:55.0902524Z   Preparing editable metadata (pyproject.toml): finished with status 'done'
2025-02-23T16:42:55.1490418Z Requirement already satisfied: astropy in /home/runner/micromamba/envs/tardis/lib/python3.12/site-packages (from tardis==0.0.0) (6.1.1)
2025-02-23T16:42:55.1864091Z Requirement already satisfied: numpy>=1.23 in /home/runner/micromamba/envs/tardis/lib/python3.12/site-packages (from astropy->tardis==0.0.0) (1.26.4)
2025-02-23T16:42:55.1873679Z Requirement already satisfied: pyerfa>=2.0.1.1 in /home/runner/micromamba/envs/tardis/lib/python3.12/site-packages (from astropy->tardis==0.0.0) (2.0.1.4)
2025-02-23T16:42:55.1883720Z Requirement already satisfied: astropy-iers-data>=0.2024.5.27.0.30.8 in /home/runner/micromamba/envs/tardis/lib/python3.12/site-packages (from astropy->tardis==0.0.0) (0.2024.6.17.0.31.35)
2025-02-23T16:42:55.1891901Z Requirement already satisfied: PyYAML>=3.13 in /home/runner/micromamba/envs/tardis/lib/python3.12/site-packages (from astropy->tardis==0.0.0) (6.0.1)
2025-02-23T16:42:55.1901426Z Requirement already satisfied: packaging>=19.0 in /home/runner/micromamba/envs/tardis/lib/python3.12/site-packages (from astropy->tardis==0.0.0) (24.1)
2025-02-23T16:42:55.1988061Z Building wheels for collected packages: tardis
2025-02-23T16:42:55.1996572Z   Building editable for tardis (pyproject.toml): started
2025-02-23T16:42:55.9551029Z   Building editable for tardis (pyproject.toml): finished with status 'done'
2025-02-23T16:42:55.9557667Z   Created wheel for tardis: filename=tardis-0.0.0-0.editable-py3-none-any.whl size=8879 sha256=ebe67af701127ff39584049a94622b6ff2e2f34d70a3de90976460482707797f
2025-02-23T16:42:55.9559458Z   Stored in directory: /tmp/pip-ephem-wheel-cache-bj37qqpu/wheels/6a/c7/ae/89fa6dc2565455898176888ef0e2e475e4e90eb0124afcb995
2025-02-23T16:42:55.9585624Z Successfully built tardis
2025-02-23T16:42:56.7215240Z Installing collected packages: tardis
2025-02-23T16:42:56.7308745Z Successfully installed tardis-0.0.0
2025-02-23T16:42:56.9253212Z ##[group]Run pip install qgridnext
2025-02-23T16:42:56.9253527Z [36;1mpip install qgridnext[0m
2025-02-23T16:42:56.9306882Z shell: /usr/bin/bash -l {0}
2025-02-23T16:42:56.9307142Z env:
2025-02-23T16:42:56.9307334Z   CACHE_NUMBER: 0
2025-02-23T16:42:56.9307943Z   PYTEST_FLAGS: --tardis-regression-data=/home/runner/work/tardis/tardis/tardis-regression-data --cov=tardis --cov-report=xml --cov-report=html --cov-append
2025-02-23T16:42:56.9308704Z   CODECOV_TOKEN: 
2025-02-23T16:42:56.9308933Z   MAMBA_ROOT_PREFIX: /home/runner/micromamba
2025-02-23T16:42:56.9309257Z   MAMBA_EXE: /home/runner/micromamba-bin/micromamba
2025-02-23T16:42:56.9309749Z   CONDARC: /home/runner/work/_temp/setup-micromamba/.condarc
2025-02-23T16:42:56.9310179Z ##[endgroup]
2025-02-23T16:42:57.5438475Z Collecting qgridnext
2025-02-23T16:42:57.5610930Z   Downloading qgridnext-2.0.4-py3-none-any.whl.metadata (9.9 kB)
2025-02-23T16:42:57.5697488Z Requirement already satisfied: pandas>=0.20.0 in /home/runner/micromamba/envs/tardis/lib/python3.12/site-packages (from qgridnext) (2.2.2)
2025-02-23T16:42:57.5706762Z Requirement already satisfied: ipywidgets>=7.0.0 in /home/runner/micromamba/envs/tardis/lib/python3.12/site-packages (from qgridnext) (7.8.0)
2025-02-23T16:42:57.5716726Z Requirement already satisfied: numpy in /home/runner/micromamba/envs/tardis/lib/python3.12/site-packages (from qgridnext) (1.26.4)
2025-02-23T16:42:57.5727383Z Requirement already satisfied: traitlets in /home/runner/micromamba/envs/tardis/lib/python3.12/site-packages (from qgridnext) (5.14.3)
2025-02-23T16:42:57.5811430Z Requirement already satisfied: comm>=0.1.3 in /home/runner/micromamba/envs/tardis/lib/python3.12/site-packages (from ipywidgets>=7.0.0->qgridnext) (0.2.2)
2025-02-23T16:42:57.5820512Z Requirement already satisfied: ipython-genutils~=0.2.0 in /home/runner/micromamba/envs/tardis/lib/python3.12/site-packages (from ipywidgets>=7.0.0->qgridnext) (0.2.0)
2025-02-23T16:42:57.5833906Z Requirement already satisfied: widgetsnbextension~=3.6.5 in /home/runner/micromamba/envs/tardis/lib/python3.12/site-packages (from ipywidgets>=7.0.0->qgridnext) (3.6.6)
2025-02-23T16:42:57.5851939Z Requirement already satisfied: ipython>=4.0.0 in /home/runner/micromamba/envs/tardis/lib/python3.12/site-packages (from ipywidgets>=7.0.0->qgridnext) (8.25.0)
2025-02-23T16:42:57.5866806Z Requirement already satisfied: jupyterlab-widgets<3,>=1.0.0 in /home/runner/micromamba/envs/tardis/lib/python3.12/site-packages (from ipywidgets>=7.0.0->qgridnext) (1.1.7)
2025-02-23T16:42:57.6303328Z Requirement already satisfied: python-dateutil>=2.8.2 in /home/runner/micromamba/envs/tardis/lib/python3.12/site-packages (from pandas>=0.20.0->qgridnext) (2.9.0)
2025-02-23T16:42:57.6317436Z Requirement already satisfied: pytz>=2020.1 in /home/runner/micromamba/envs/tardis/lib/python3.12/site-packages (from pandas>=0.20.0->qgridnext) (2024.1)
2025-02-23T16:42:57.6326195Z Requirement already satisfied: tzdata>=2022.7 in /home/runner/micromamba/envs/tardis/lib/python3.12/site-packages (from pandas>=0.20.0->qgridnext) (2024.1)
2025-02-23T16:42:57.6637188Z Requirement already satisfied: decorator in /home/runner/micromamba/envs/tardis/lib/python3.12/site-packages (from ipython>=4.0.0->ipywidgets>=7.0.0->qgridnext) (5.1.1)
2025-02-23T16:42:57.6652584Z Requirement already satisfied: jedi>=0.16 in /home/runner/micromamba/envs/tardis/lib/python3.12/site-packages (from ipython>=4.0.0->ipywidgets>=7.0.0->qgridnext) (0.19.1)
2025-02-23T16:42:57.6660586Z Requirement already satisfied: matplotlib-inline in /home/runner/micromamba/envs/tardis/lib/python3.12/site-packages (from ipython>=4.0.0->ipywidgets>=7.0.0->qgridnext) (0.1.7)
2025-02-23T16:42:57.6671476Z Requirement already satisfied: prompt-toolkit<3.1.0,>=3.0.41 in /home/runner/micromamba/envs/tardis/lib/python3.12/site-packages (from ipython>=4.0.0->ipywidgets>=7.0.0->qgridnext) (3.0.47)
2025-02-23T16:42:57.6680315Z Requirement already satisfied: pygments>=2.4.0 in /home/runner/micromamba/envs/tardis/lib/python3.12/site-packages (from ipython>=4.0.0->ipywidgets>=7.0.0->qgridnext) (2.18.0)
2025-02-23T16:42:57.6689839Z Requirement already satisfied: stack-data in /home/runner/micromamba/envs/tardis/lib/python3.12/site-packages (from ipython>=4.0.0->ipywidgets>=7.0.0->qgridnext) (0.6.2)
2025-02-23T16:42:57.6708466Z Requirement already satisfied: pexpect>4.3 in /home/runner/micromamba/envs/tardis/lib/python3.12/site-packages (from ipython>=4.0.0->ipywidgets>=7.0.0->qgridnext) (4.9.0)
2025-02-23T16:42:57.6756024Z Requirement already satisfied: six>=1.5 in /home/runner/micromamba/envs/tardis/lib/python3.12/site-packages (from python-dateutil>=2.8.2->pandas>=0.20.0->qgridnext) (1.16.0)
2025-02-23T16:42:57.6812578Z Requirement already satisfied: notebook>=4.4.1 in /home/runner/micromamba/envs/tardis/lib/python3.12/site-packages (from widgetsnbextension~=3.6.5->ipywidgets>=7.0.0->qgridnext) (7.2.1)
2025-02-23T16:42:57.6998961Z Requirement already satisfied: parso<0.9.0,>=0.8.3 in /home/runner/micromamba/envs/tardis/lib/python3.12/site-packages (from jedi>=0.16->ipython>=4.0.0->ipywidgets>=7.0.0->qgridnext) (0.8.4)
2025-02-23T16:42:57.7152807Z Requirement already satisfied: jupyter-server<3,>=2.4.0 in /home/runner/micromamba/envs/tardis/lib/python3.12/site-packages (from notebook>=4.4.1->widgetsnbextension~=3.6.5->ipywidgets>=7.0.0->qgridnext) (2.14.1)
2025-02-23T16:42:57.7166575Z Requirement already satisfied: jupyterlab-server<3,>=2.27.1 in /home/runner/micromamba/envs/tardis/lib/python3.12/site-packages (from notebook>=4.4.1->widgetsnbextension~=3.6.5->ipywidgets>=7.0.0->qgridnext) (2.27.2)
2025-02-23T16:42:57.7185833Z Requirement already satisfied: jupyterlab<4.3,>=4.2.0 in /home/runner/micromamba/envs/tardis/lib/python3.12/site-packages (from notebook>=4.4.1->widgetsnbextension~=3.6.5->ipywidgets>=7.0.0->qgridnext) (4.2.2)
2025-02-23T16:42:57.7196466Z Requirement already satisfied: notebook-shim<0.3,>=0.2 in /home/runner/micromamba/envs/tardis/lib/python3.12/site-packages (from notebook>=4.4.1->widgetsnbextension~=3.6.5->ipywidgets>=7.0.0->qgridnext) (0.2.4)
2025-02-23T16:42:57.7204994Z Requirement already satisfied: tornado>=6.2.0 in /home/runner/micromamba/envs/tardis/lib/python3.12/site-packages (from notebook>=4.4.1->widgetsnbextension~=3.6.5->ipywidgets>=7.0.0->qgridnext) (6.4.1)
2025-02-23T16:42:57.7235278Z Requirement already satisfied: ptyprocess>=0.5 in /home/runner/micromamba/envs/tardis/lib/python3.12/site-packages (from pexpect>4.3->ipython>=4.0.0->ipywidgets>=7.0.0->qgridnext) (0.7.0)
2025-02-23T16:42:57.7264404Z Requirement already satisfied: wcwidth in /home/runner/micromamba/envs/tardis/lib/python3.12/site-packages (from prompt-toolkit<3.1.0,>=3.0.41->ipython>=4.0.0->ipywidgets>=7.0.0->qgridnext) (0.2.13)
2025-02-23T16:42:57.7403073Z Requirement already satisfied: executing>=1.2.0 in /home/runner/micromamba/envs/tardis/lib/python3.12/site-packages (from stack-data->ipython>=4.0.0->ipywidgets>=7.0.0->qgridnext) (2.0.1)
2025-02-23T16:42:57.7412386Z Requirement already satisfied: asttokens>=2.1.0 in /home/runner/micromamba/envs/tardis/lib/python3.12/site-packages (from stack-data->ipython>=4.0.0->ipywidgets>=7.0.0->qgridnext) (2.4.1)
2025-02-23T16:42:57.7419804Z Requirement already satisfied: pure-eval in /home/runner/micromamba/envs/tardis/lib/python3.12/site-packages (from stack-data->ipython>=4.0.0->ipywidgets>=7.0.0->qgridnext) (0.2.2)
2025-02-23T16:42:57.7805089Z Requirement already satisfied: anyio>=3.1.0 in /home/runner/micromamba/envs/tardis/lib/python3.12/site-packages (from jupyter-server<3,>=2.4.0->notebook>=4.4.1->widgetsnbextension~=3.6.5->ipywidgets>=7.0.0->qgridnext) (4.4.0)
2025-02-23T16:42:57.7814716Z Requirement already satisfied: argon2-cffi>=21.1 in /home/runner/micromamba/envs/tardis/lib/python3.12/site-packages (from jupyter-server<3,>=2.4.0->notebook>=4.4.1->widgetsnbextension~=3.6.5->ipywidgets>=7.0.0->qgridnext) (23.1.0)
2025-02-23T16:42:57.7823202Z Requirement already satisfied: jinja2>=3.0.3 in /home/runner/micromamba/envs/tardis/lib/python3.12/site-packages (from jupyter-server<3,>=2.4.0->notebook>=4.4.1->widgetsnbextension~=3.6.5->ipywidgets>=7.0.0->qgridnext) (3.1.4)
2025-02-23T16:42:57.7834576Z Requirement already satisfied: jupyter-client>=7.4.4 in /home/runner/micromamba/envs/tardis/lib/python3.12/site-packages (from jupyter-server<3,>=2.4.0->notebook>=4.4.1->widgetsnbextension~=3.6.5->ipywidgets>=7.0.0->qgridnext) (8.6.2)
2025-02-23T16:42:57.7846192Z Requirement already satisfied: jupyter-core!=5.0.*,>=4.12 in /home/runner/micromamba/envs/tardis/lib/python3.12/site-packages (from jupyter-server<3,>=2.4.0->notebook>=4.4.1->widgetsnbextension~=3.6.5->ipywidgets>=7.0.0->qgridnext) (5.7.2)
2025-02-23T16:42:57.7857079Z Requirement already satisfied: jupyter-events>=0.9.0 in /home/runner/micromamba/envs/tardis/lib/python3.12/site-packages (from jupyter-server<3,>=2.4.0->notebook>=4.4.1->widgetsnbextension~=3.6.5->ipywidgets>=7.0.0->qgridnext) (0.10.0)
2025-02-23T16:42:57.7867849Z Requirement already satisfied: jupyter-server-terminals>=0.4.4 in /home/runner/micromamba/envs/tardis/lib/python3.12/site-packages (from jupyter-server<3,>=2.4.0->notebook>=4.4.1->widgetsnbextension~=3.6.5->ipywidgets>=7.0.0->qgridnext) (0.5.3)
2025-02-23T16:42:57.7881470Z Requirement already satisfied: nbconvert>=6.4.4 in /home/runner/micromamba/envs/tardis/lib/python3.12/site-packages (from jupyter-server<3,>=2.4.0->notebook>=4.4.1->widgetsnbextension~=3.6.5->ipywidgets>=7.0.0->qgridnext) (7.16.4)
2025-02-23T16:42:57.7891512Z Requirement already satisfied: nbformat>=5.3.0 in /home/runner/micromamba/envs/tardis/lib/python3.12/site-packages (from jupyter-server<3,>=2.4.0->notebook>=4.4.1->widgetsnbextension~=3.6.5->ipywidgets>=7.0.0->qgridnext) (5.10.4)
2025-02-23T16:42:57.7900267Z Requirement already satisfied: overrides>=5.0 in /home/runner/micromamba/envs/tardis/lib/python3.12/site-packages (from jupyter-server<3,>=2.4.0->notebook>=4.4.1->widgetsnbextension~=3.6.5->ipywidgets>=7.0.0->qgridnext) (7.7.0)
2025-02-23T16:42:57.7909794Z Requirement already satisfied: packaging>=22.0 in /home/runner/micromamba/envs/tardis/lib/python3.12/site-packages (from jupyter-server<3,>=2.4.0->notebook>=4.4.1->widgetsnbextension~=3.6.5->ipywidgets>=7.0.0->qgridnext) (24.1)
2025-02-23T16:42:57.7917896Z Requirement already satisfied: prometheus-client>=0.9 in /home/runner/micromamba/envs/tardis/lib/python3.12/site-packages (from jupyter-server<3,>=2.4.0->notebook>=4.4.1->widgetsnbextension~=3.6.5->ipywidgets>=7.0.0->qgridnext) (0.20.0)
2025-02-23T16:42:57.7928763Z Requirement already satisfied: pyzmq>=24 in /home/runner/micromamba/envs/tardis/lib/python3.12/site-packages (from jupyter-server<3,>=2.4.0->notebook>=4.4.1->widgetsnbextension~=3.6.5->ipywidgets>=7.0.0->qgridnext) (26.0.3)
2025-02-23T16:42:57.7937376Z Requirement already satisfied: send2trash>=1.8.2 in /home/runner/micromamba/envs/tardis/lib/python3.12/site-packages (from jupyter-server<3,>=2.4.0->notebook>=4.4.1->widgetsnbextension~=3.6.5->ipywidgets>=7.0.0->qgridnext) (1.8.3)
2025-02-23T16:42:57.7948755Z Requirement already satisfied: terminado>=0.8.3 in /home/runner/micromamba/envs/tardis/lib/python3.12/site-packages (from jupyter-server<3,>=2.4.0->notebook>=4.4.1->widgetsnbextension~=3.6.5->ipywidgets>=7.0.0->qgridnext) (0.18.1)
2025-02-23T16:42:57.7965666Z Requirement already satisfied: websocket-client>=1.7 in /home/runner/micromamba/envs/tardis/lib/python3.12/site-packages (from jupyter-server<3,>=2.4.0->notebook>=4.4.1->widgetsnbextension~=3.6.5->ipywidgets>=7.0.0->qgridnext) (1.8.0)
2025-02-23T16:42:57.8246689Z Requirement already satisfied: async-lru>=1.0.0 in /home/runner/micromamba/envs/tardis/lib/python3.12/site-packages (from jupyterlab<4.3,>=4.2.0->notebook>=4.4.1->widgetsnbextension~=3.6.5->ipywidgets>=7.0.0->qgridnext) (2.0.4)
2025-02-23T16:42:57.8258015Z Requirement already satisfied: httpx>=0.25.0 in /home/runner/micromamba/envs/tardis/lib/python3.12/site-packages (from jupyterlab<4.3,>=4.2.0->notebook>=4.4.1->widgetsnbextension~=3.6.5->ipywidgets>=7.0.0->qgridnext) (0.27.0)
2025-02-23T16:42:57.8269917Z Requirement already satisfied: ipykernel>=6.5.0 in /home/runner/micromamba/envs/tardis/lib/python3.12/site-packages (from jupyterlab<4.3,>=4.2.0->notebook>=4.4.1->widgetsnbextension~=3.6.5->ipywidgets>=7.0.0->qgridnext) (6.29.4)
2025-02-23T16:42:57.8284067Z Requirement already satisfied: jupyter-lsp>=2.0.0 in /home/runner/micromamba/envs/tardis/lib/python3.12/site-packages (from jupyterlab<4.3,>=4.2.0->notebook>=4.4.1->widgetsnbextension~=3.6.5->ipywidgets>=7.0.0->qgridnext) (2.2.5)
2025-02-23T16:42:57.8309957Z Requirement already satisfied: setuptools>=40.1.0 in /home/runner/micromamba/envs/tardis/lib/python3.12/site-packages (from jupyterlab<4.3,>=4.2.0->notebook>=4.4.1->widgetsnbextension~=3.6.5->ipywidgets>=7.0.0->qgridnext) (70.0.0)
2025-02-23T16:42:57.8551839Z Requirement already satisfied: babel>=2.10 in /home/runner/micromamba/envs/tardis/lib/python3.12/site-packages (from jupyterlab-server<3,>=2.27.1->notebook>=4.4.1->widgetsnbextension~=3.6.5->ipywidgets>=7.0.0->qgridnext) (2.14.0)
2025-02-23T16:42:57.8584014Z Requirement already satisfied: json5>=0.9.0 in /home/runner/micromamba/envs/tardis/lib/python3.12/site-packages (from jupyterlab-server<3,>=2.27.1->notebook>=4.4.1->widgetsnbextension~=3.6.5->ipywidgets>=7.0.0->qgridnext) (0.9.25)
2025-02-23T16:42:57.8594970Z Requirement already satisfied: jsonschema>=4.18.0 in /home/runner/micromamba/envs/tardis/lib/python3.12/site-packages (from jupyterlab-server<3,>=2.27.1->notebook>=4.4.1->widgetsnbextension~=3.6.5->ipywidgets>=7.0.0->qgridnext) (4.22.0)
2025-02-23T16:42:57.8613681Z Requirement already satisfied: requests>=2.31 in /home/runner/micromamba/envs/tardis/lib/python3.12/site-packages (from jupyterlab-server<3,>=2.27.1->notebook>=4.4.1->widgetsnbextension~=3.6.5->ipywidgets>=7.0.0->qgridnext) (2.32.3)
2025-02-23T16:42:57.8966280Z Requirement already satisfied: idna>=2.8 in /home/runner/micromamba/envs/tardis/lib/python3.12/site-packages (from anyio>=3.1.0->jupyter-server<3,>=2.4.0->notebook>=4.4.1->widgetsnbextension~=3.6.5->ipywidgets>=7.0.0->qgridnext) (3.7)
2025-02-23T16:42:57.8975201Z Requirement already satisfied: sniffio>=1.1 in /home/runner/micromamba/envs/tardis/lib/python3.12/site-packages (from anyio>=3.1.0->jupyter-server<3,>=2.4.0->notebook>=4.4.1->widgetsnbextension~=3.6.5->ipywidgets>=7.0.0->qgridnext) (1.3.1)
2025-02-23T16:42:57.9065742Z Requirement already satisfied: argon2-cffi-bindings in /home/runner/micromamba/envs/tardis/lib/python3.12/site-packages (from argon2-cffi>=21.1->jupyter-server<3,>=2.4.0->notebook>=4.4.1->widgetsnbextension~=3.6.5->ipywidgets>=7.0.0->qgridnext) (21.2.0)
2025-02-23T16:42:57.9233563Z Requirement already satisfied: certifi in /home/runner/micromamba/envs/tardis/lib/python3.12/site-packages (from httpx>=0.25.0->jupyterlab<4.3,>=4.2.0->notebook>=4.4.1->widgetsnbextension~=3.6.5->ipywidgets>=7.0.0->qgridnext) (2024.6.2)
2025-02-23T16:42:57.9248365Z Requirement already satisfied: httpcore==1.* in /home/runner/micromamba/envs/tardis/lib/python3.12/site-packages (from httpx>=0.25.0->jupyterlab<4.3,>=4.2.0->notebook>=4.4.1->widgetsnbextension~=3.6.5->ipywidgets>=7.0.0->qgridnext) (1.0.5)
2025-02-23T16:42:57.9326049Z Requirement already satisfied: h11<0.15,>=0.13 in /home/runner/micromamba/envs/tardis/lib/python3.12/site-packages (from httpcore==1.*->httpx>=0.25.0->jupyterlab<4.3,>=4.2.0->notebook>=4.4.1->widgetsnbextension~=3.6.5->ipywidgets>=7.0.0->qgridnext) (0.14.0)
2025-02-23T16:42:57.9507289Z Requirement already satisfied: debugpy>=1.6.5 in /home/runner/micromamba/envs/tardis/lib/python3.12/site-packages (from ipykernel>=6.5.0->jupyterlab<4.3,>=4.2.0->notebook>=4.4.1->widgetsnbextension~=3.6.5->ipywidgets>=7.0.0->qgridnext) (1.8.1)
2025-02-23T16:42:57.9528857Z Requirement already satisfied: nest-asyncio in /home/runner/micromamba/envs/tardis/lib/python3.12/site-packages (from ipykernel>=6.5.0->jupyterlab<4.3,>=4.2.0->notebook>=4.4.1->widgetsnbextension~=3.6.5->ipywidgets>=7.0.0->qgridnext) (1.6.0)
2025-02-23T16:42:57.9543233Z Requirement already satisfied: psutil in /home/runner/micromamba/envs/tardis/lib/python3.12/site-packages (from ipykernel>=6.5.0->jupyterlab<4.3,>=4.2.0->notebook>=4.4.1->widgetsnbextension~=3.6.5->ipywidgets>=7.0.0->qgridnext) (5.9.8)
2025-02-23T16:42:57.9604822Z Requirement already satisfied: MarkupSafe>=2.0 in /home/runner/micromamba/envs/tardis/lib/python3.12/site-packages (from jinja2>=3.0.3->jupyter-server<3,>=2.4.0->notebook>=4.4.1->widgetsnbextension~=3.6.5->ipywidgets>=7.0.0->qgridnext) (2.1.5)
2025-02-23T16:42:57.9792672Z Requirement already satisfied: attrs>=22.2.0 in /home/runner/micromamba/envs/tardis/lib/python3.12/site-packages (from jsonschema>=4.18.0->jupyterlab-server<3,>=2.27.1->notebook>=4.4.1->widgetsnbextension~=3.6.5->ipywidgets>=7.0.0->qgridnext) (23.2.0)
2025-02-23T16:42:57.9802660Z Requirement already satisfied: jsonschema-specifications>=2023.03.6 in /home/runner/micromamba/envs/tardis/lib/python3.12/site-packages (from jsonschema>=4.18.0->jupyterlab-server<3,>=2.27.1->notebook>=4.4.1->widgetsnbextension~=3.6.5->ipywidgets>=7.0.0->qgridnext) (2023.12.1)
2025-02-23T16:42:57.9811169Z Requirement already satisfied: referencing>=0.28.4 in /home/runner/micromamba/envs/tardis/lib/python3.12/site-packages (from jsonschema>=4.18.0->jupyterlab-server<3,>=2.27.1->notebook>=4.4.1->widgetsnbextension~=3.6.5->ipywidgets>=7.0.0->qgridnext) (0.35.1)
2025-02-23T16:42:57.9820096Z Requirement already satisfied: rpds-py>=0.7.1 in /home/runner/micromamba/envs/tardis/lib/python3.12/site-packages (from jsonschema>=4.18.0->jupyterlab-server<3,>=2.27.1->notebook>=4.4.1->widgetsnbextension~=3.6.5->ipywidgets>=7.0.0->qgridnext) (0.18.1)
2025-02-23T16:42:58.0079674Z Requirement already satisfied: platformdirs>=2.5 in /home/runner/micromamba/envs/tardis/lib/python3.12/site-packages (from jupyter-core!=5.0.*,>=4.12->jupyter-server<3,>=2.4.0->notebook>=4.4.1->widgetsnbextension~=3.6.5->ipywidgets>=7.0.0->qgridnext) (4.2.2)
2025-02-23T16:42:58.0228748Z Requirement already satisfied: python-json-logger>=2.0.4 in /home/runner/micromamba/envs/tardis/lib/python3.12/site-packages (from jupyter-events>=0.9.0->jupyter-server<3,>=2.4.0->notebook>=4.4.1->widgetsnbextension~=3.6.5->ipywidgets>=7.0.0->qgridnext) (2.0.7)
2025-02-23T16:42:58.0236946Z Requirement already satisfied: pyyaml>=5.3 in /home/runner/micromamba/envs/tardis/lib/python3.12/site-packages (from jupyter-events>=0.9.0->jupyter-server<3,>=2.4.0->notebook>=4.4.1->widgetsnbextension~=3.6.5->ipywidgets>=7.0.0->qgridnext) (6.0.1)
2025-02-23T16:42:58.0246940Z Requirement already satisfied: rfc3339-validator in /home/runner/micromamba/envs/tardis/lib/python3.12/site-packages (from jupyter-events>=0.9.0->jupyter-server<3,>=2.4.0->notebook>=4.4.1->widgetsnbextension~=3.6.5->ipywidgets>=7.0.0->qgridnext) (0.1.4)
2025-02-23T16:42:58.0255419Z Requirement already satisfied: rfc3986-validator>=0.1.1 in /home/runner/micromamba/envs/tardis/lib/python3.12/site-packages (from jupyter-events>=0.9.0->jupyter-server<3,>=2.4.0->notebook>=4.4.1->widgetsnbextension~=3.6.5->ipywidgets>=7.0.0->qgridnext) (0.1.1)
2025-02-23T16:42:58.0737838Z Requirement already satisfied: beautifulsoup4 in /home/runner/micromamba/envs/tardis/lib/python3.12/site-packages (from nbconvert>=6.4.4->jupyter-server<3,>=2.4.0->notebook>=4.4.1->widgetsnbextension~=3.6.5->ipywidgets>=7.0.0->qgridnext) (4.12.3)
2025-02-23T16:42:58.0757034Z Requirement already satisfied: bleach!=5.0.0 in /home/runner/micromamba/envs/tardis/lib/python3.12/site-packages (from nbconvert>=6.4.4->jupyter-server<3,>=2.4.0->notebook>=4.4.1->widgetsnbextension~=3.6.5->ipywidgets>=7.0.0->qgridnext) (6.1.0)
2025-02-23T16:42:58.0771046Z Requirement already satisfied: defusedxml in /home/runner/micromamba/envs/tardis/lib/python3.12/site-packages (from nbconvert>=6.4.4->jupyter-server<3,>=2.4.0->notebook>=4.4.1->widgetsnbextension~=3.6.5->ipywidgets>=7.0.0->qgridnext) (0.7.1)
2025-02-23T16:42:58.0785758Z Requirement already satisfied: jupyterlab-pygments in /home/runner/micromamba/envs/tardis/lib/python3.12/site-packages (from nbconvert>=6.4.4->jupyter-server<3,>=2.4.0->notebook>=4.4.1->widgetsnbextension~=3.6.5->ipywidgets>=7.0.0->qgridnext) (0.3.0)
2025-02-23T16:42:58.0798366Z Requirement already satisfied: mistune<4,>=2.0.3 in /home/runner/micromamba/envs/tardis/lib/python3.12/site-packages (from nbconvert>=6.4.4->jupyter-server<3,>=2.4.0->notebook>=4.4.1->widgetsnbextension~=3.6.5->ipywidgets>=7.0.0->qgridnext) (3.0.2)
2025-02-23T16:42:58.0811065Z Requirement already satisfied: nbclient>=0.5.0 in /home/runner/micromamba/envs/tardis/lib/python3.12/site-packages (from nbconvert>=6.4.4->jupyter-server<3,>=2.4.0->notebook>=4.4.1->widgetsnbextension~=3.6.5->ipywidgets>=7.0.0->qgridnext) (0.10.0)
2025-02-23T16:42:58.0827648Z Requirement already satisfied: pandocfilters>=1.4.1 in /home/runner/micromamba/envs/tardis/lib/python3.12/site-packages (from nbconvert>=6.4.4->jupyter-server<3,>=2.4.0->notebook>=4.4.1->widgetsnbextension~=3.6.5->ipywidgets>=7.0.0->qgridnext) (1.5.0)
2025-02-23T16:42:58.0837453Z Requirement already satisfied: tinycss2 in /home/runner/micromamba/envs/tardis/lib/python3.12/site-packages (from nbconvert>=6.4.4->jupyter-server<3,>=2.4.0->notebook>=4.4.1->widgetsnbextension~=3.6.5->ipywidgets>=7.0.0->qgridnext) (1.3.0)
2025-02-23T16:42:58.0952490Z Requirement already satisfied: fastjsonschema>=2.15 in /home/runner/micromamba/envs/tardis/lib/python3.12/site-packages (from nbformat>=5.3.0->jupyter-server<3,>=2.4.0->notebook>=4.4.1->widgetsnbextension~=3.6.5->ipywidgets>=7.0.0->qgridnext) (2.20.0)
2025-02-23T16:42:58.1248120Z Requirement already satisfied: charset-normalizer<4,>=2 in /home/runner/micromamba/envs/tardis/lib/python3.12/site-packages (from requests>=2.31->jupyterlab-server<3,>=2.27.1->notebook>=4.4.1->widgetsnbextension~=3.6.5->ipywidgets>=7.0.0->qgridnext) (3.3.2)
2025-02-23T16:42:58.1261356Z Requirement already satisfied: urllib3<3,>=1.21.1 in /home/runner/micromamba/envs/tardis/lib/python3.12/site-packages (from requests>=2.31->jupyterlab-server<3,>=2.27.1->notebook>=4.4.1->widgetsnbextension~=3.6.5->ipywidgets>=7.0.0->qgridnext) (2.2.2)
2025-02-23T16:42:58.2018712Z Requirement already satisfied: webencodings in /home/runner/micromamba/envs/tardis/lib/python3.12/site-packages (from bleach!=5.0.0->nbconvert>=6.4.4->jupyter-server<3,>=2.4.0->notebook>=4.4.1->widgetsnbextension~=3.6.5->ipywidgets>=7.0.0->qgridnext) (0.5.1)
2025-02-23T16:42:58.2574452Z Requirement already satisfied: fqdn in /home/runner/micromamba/envs/tardis/lib/python3.12/site-packages (from jsonschema[format-nongpl]>=4.18.0->jupyter-events>=0.9.0->jupyter-server<3,>=2.4.0->notebook>=4.4.1->widgetsnbextension~=3.6.5->ipywidgets>=7.0.0->qgridnext) (1.5.1)
2025-02-23T16:42:58.2591197Z Requirement already satisfied: isoduration in /home/runner/micromamba/envs/tardis/lib/python3.12/site-packages (from jsonschema[format-nongpl]>=4.18.0->jupyter-events>=0.9.0->jupyter-server<3,>=2.4.0->notebook>=4.4.1->widgetsnbextension~=3.6.5->ipywidgets>=7.0.0->qgridnext) (20.11.0)
2025-02-23T16:42:58.2604906Z Requirement already satisfied: jsonpointer>1.13 in /home/runner/micromamba/envs/tardis/lib/python3.12/site-packages (from jsonschema[format-nongpl]>=4.18.0->jupyter-events>=0.9.0->jupyter-server<3,>=2.4.0->notebook>=4.4.1->widgetsnbextension~=3.6.5->ipywidgets>=7.0.0->qgridnext) (3.0.0)
2025-02-23T16:42:58.2621308Z Requirement already satisfied: uri-template in /home/runner/micromamba/envs/tardis/lib/python3.12/site-packages (from jsonschema[format-nongpl]>=4.18.0->jupyter-events>=0.9.0->jupyter-server<3,>=2.4.0->notebook>=4.4.1->widgetsnbextension~=3.6.5->ipywidgets>=7.0.0->qgridnext) (1.3.0)
2025-02-23T16:42:58.2634666Z Requirement already satisfied: webcolors>=1.11 in /home/runner/micromamba/envs/tardis/lib/python3.12/site-packages (from jsonschema[format-nongpl]>=4.18.0->jupyter-events>=0.9.0->jupyter-server<3,>=2.4.0->notebook>=4.4.1->widgetsnbextension~=3.6.5->ipywidgets>=7.0.0->qgridnext) (24.6.0)
2025-02-23T16:42:58.3652056Z Requirement already satisfied: cffi>=1.0.1 in /home/runner/micromamba/envs/tardis/lib/python3.12/site-packages (from argon2-cffi-bindings->argon2-cffi>=21.1->jupyter-server<3,>=2.4.0->notebook>=4.4.1->widgetsnbextension~=3.6.5->ipywidgets>=7.0.0->qgridnext) (1.16.0)
2025-02-23T16:42:58.3747221Z Requirement already satisfied: soupsieve>1.2 in /home/runner/micromamba/envs/tardis/lib/python3.12/site-packages (from beautifulsoup4->nbconvert>=6.4.4->jupyter-server<3,>=2.4.0->notebook>=4.4.1->widgetsnbextension~=3.6.5->ipywidgets>=7.0.0->qgridnext) (2.5)
2025-02-23T16:42:58.4259918Z Requirement already satisfied: pycparser in /home/runner/micromamba/envs/tardis/lib/python3.12/site-packages (from cffi>=1.0.1->argon2-cffi-bindings->argon2-cffi>=21.1->jupyter-server<3,>=2.4.0->notebook>=4.4.1->widgetsnbextension~=3.6.5->ipywidgets>=7.0.0->qgridnext) (2.22)
2025-02-23T16:42:58.4744349Z Requirement already satisfied: arrow>=0.15.0 in /home/runner/micromamba/envs/tardis/lib/python3.12/site-packages (from isoduration->jsonschema[format-nongpl]>=4.18.0->jupyter-events>=0.9.0->jupyter-server<3,>=2.4.0->notebook>=4.4.1->widgetsnbextension~=3.6.5->ipywidgets>=7.0.0->qgridnext) (1.3.0)
2025-02-23T16:42:58.5040686Z Requirement already satisfied: types-python-dateutil>=2.8.10 in /home/runner/micromamba/envs/tardis/lib/python3.12/site-packages (from arrow>=0.15.0->isoduration->jsonschema[format-nongpl]>=4.18.0->jupyter-events>=0.9.0->jupyter-server<3,>=2.4.0->notebook>=4.4.1->widgetsnbextension~=3.6.5->ipywidgets>=7.0.0->qgridnext) (2.9.0.20240316)
2025-02-23T16:42:58.5280051Z Downloading qgridnext-2.0.4-py3-none-any.whl (1.3 MB)
2025-02-23T16:42:58.5527505Z    â”â”â”â”â”â”â”â”â”â”â”â”â”â”â”â”â”â”â”â”â”â”â”â”â”â”â”â”â”â”â”â”â”â”â”â”â”â”â”â” 1.3/1.3 MB 55.6 MB/s eta 0:00:00
2025-02-23T16:42:59.3473483Z Installing collected packages: qgridnext
2025-02-23T16:42:59.4219328Z Successfully installed qgridnext-2.0.4
2025-02-23T16:42:59.5991516Z ##[group]Run pytest tardis --tardis-regression-data=/home/runner/work/tardis/tardis/tardis-regression-data --cov=tardis --cov-report=xml --cov-report=html --cov-append -m "not continuum"
2025-02-23T16:42:59.5992787Z [36;1mpytest tardis --tardis-regression-data=/home/runner/work/tardis/tardis/tardis-regression-data --cov=tardis --cov-report=xml --cov-report=html --cov-append -m "not continuum"[0m
2025-02-23T16:42:59.6047583Z shell: /usr/bin/bash -l {0}
2025-02-23T16:42:59.6047815Z env:
2025-02-23T16:42:59.6047987Z   CACHE_NUMBER: 0
2025-02-23T16:42:59.6048780Z   PYTEST_FLAGS: --tardis-regression-data=/home/runner/work/tardis/tardis/tardis-regression-data --cov=tardis --cov-report=xml --cov-report=html --cov-append
2025-02-23T16:42:59.6049453Z   CODECOV_TOKEN: 
2025-02-23T16:42:59.6049677Z   MAMBA_ROOT_PREFIX: /home/runner/micromamba
2025-02-23T16:42:59.6049976Z   MAMBA_EXE: /home/runner/micromamba-bin/micromamba
2025-02-23T16:42:59.6050359Z   CONDARC: /home/runner/work/_temp/setup-micromamba/.condarc
2025-02-23T16:42:59.6050664Z ##[endgroup]
2025-02-23T16:43:09.3166275Z ============================= test session starts ==============================
2025-02-23T16:43:09.3167224Z platform linux -- Python 3.12.4, pytest-8.2.2, pluggy-1.5.0
2025-02-23T16:43:09.3168008Z rootdir: /home/runner/work/tardis/tardis
2025-02-23T16:43:09.3168883Z configfile: pyproject.toml
2025-02-23T16:43:09.3169624Z plugins: metadata-3.1.1, anyio-4.4.0, doctestplus-1.2.1, cov-5.0.0, html-4.1.1
2025-02-23T16:43:09.3170470Z collected 1799 items / 2 deselected / 1797 selected
2025-02-23T16:43:09.3170916Z 
2025-02-23T16:43:14.2049880Z tardis/energy_input/tests/test_energy_source.py ..xxx                    [  0%]
2025-02-23T16:43:17.2357518Z tardis/energy_input/tests/test_gamma_ray_channel.py ...........          [  0%]
2025-02-23T16:43:18.9867153Z tardis/energy_input/tests/test_gamma_ray_grid.py xx.                     [  1%]
2025-02-23T16:43:20.7252560Z tardis/energy_input/tests/test_gamma_ray_interactions.py xx....          [  1%]
2025-02-23T16:43:20.7346240Z tardis/energy_input/tests/test_gamma_ray_packet_source.py sssssssss      [  1%]
2025-02-23T16:43:22.0128862Z tardis/energy_input/tests/test_util.py .....xxxx.....                    [  2%]
2025-02-23T16:43:22.3571433Z tardis/grid/tests/test_grid.py .                                         [  2%]
2025-02-23T16:43:22.3587216Z tardis/gui/tests/test_gui.py s                                           [  2%]
2025-02-23T16:43:25.8513241Z tardis/io/configuration/tests/test_config_reader.py ...........          [  3%]
2025-02-23T16:43:25.8642770Z tardis/io/configuration/tests/test_configuration_namespace.py .........  [  3%]
2025-02-23T16:43:25.8920882Z tardis/io/logger/tests/test_logging.py ssssssssssssssssssssssssssss      [  5%]
2025-02-23T16:44:02.7705870Z tardis/io/model/readers/tests/test_arepo_parser.py ..                    [  5%]
2025-02-23T16:44:02.8166026Z tardis/io/model/readers/tests/test_artis_readers.py F...                 [  5%]
2025-02-23T16:44:02.8302849Z tardis/io/model/readers/tests/test_ascii_readers.py ...                  [  5%]
2025-02-23T16:44:02.8406724Z tardis/io/model/readers/tests/test_cmfgen_reader.py ..                   [  6%]
2025-02-23T16:44:02.8701216Z tardis/io/model/readers/tests/test_csvy_reader.py ....                   [  6%]
2025-02-23T16:44:02.8893855Z tardis/io/model/readers/tests/test_stella_reader.py ..                   [  6%]
2025-02-23T16:44:03.1896649Z tardis/io/tests/test_HDFWriter.py ...............                        [  7%]
2025-02-23T16:44:03.4960248Z tardis/io/tests/test_atomic.py .....                                     [  7%]
2025-02-23T16:44:03.5342754Z tardis/io/tests/test_decay.py ..                                         [  7%]
2025-02-23T16:44:03.7250580Z tardis/io/tests/test_model_reader.py .....                               [  7%]
2025-02-23T16:44:03.7317901Z tardis/model/geometry/tests/test_radial1d.py ..                          [  8%]
2025-02-23T16:45:00.8671874Z tardis/model/tests/test_base.py ........................................ [ 10%]
2025-02-23T16:45:01.8712444Z ............                                                             [ 10%]
2025-02-23T16:45:04.9424782Z tardis/model/tests/test_csvy_model.py .........                          [ 11%]
2025-02-23T16:45:04.9902362Z tardis/model/tests/test_density.py ..                                    [ 11%]
2025-02-23T16:45:06.2941114Z tardis/opacities/tests/test_opacity_solver.py .....                      [ 11%]
2025-02-23T16:45:07.6293092Z tardis/opacities/tests/test_opacity_state_numba.py .....                 [ 12%]
2025-02-23T16:45:09.5224210Z tardis/opacities/tests/test_tau_sobolev.py ..                            [ 12%]
2025-02-23T16:45:12.2259240Z tardis/plasma/equilibrium/tests/test_collisional_transitions.py ...      [ 12%]
2025-02-23T16:45:58.3813292Z tardis/plasma/equilibrium/tests/test_level_populations.py ....           [ 12%]
2025-02-23T16:46:09.6712764Z tardis/plasma/equilibrium/tests/test_rate_matrix.py .                    [ 12%]
2025-02-23T16:46:11.0878031Z tardis/plasma/tests/test_complete_plasmas.py ..............s......s..... [ 14%]
2025-02-23T16:46:13.9515718Z s....ssssss............s......s.....ss.....s....ssssss............s..... [ 18%]
2025-02-23T16:46:15.6003765Z .s.....ss.....s....ssssss............s......s.....ss.....s....ssssss.... [ 22%]
2025-02-23T16:46:18.7409208Z ........s......s.....ss.....s....ssssss............s......s.....ss.....s [ 26%]
2025-02-23T16:46:21.5990640Z ....ssssss............s......s.....ss.....s....ssssss............s...... [ 30%]
2025-02-23T16:46:22.2979434Z s.....ss.....s....ssssss............s......s.....ss.....s.ss.ssssss..... [ 34%]
2025-02-23T16:46:25.1848513Z .......s......s.....ss.....s....ssssss............s......s.....ss.....s. [ 38%]
2025-02-23T16:46:28.0779743Z ...ssssss............s......s.....ss.....s....ssssss............s......s [ 42%]
2025-02-23T16:46:31.3868117Z .....ss.....s....ssssss............s......s.....s...........ssssss...... [ 46%]
2025-02-23T16:46:33.1579927Z ......s......s.....s...........ssssss............s......s.....s......... [ 50%]
2025-02-23T16:46:36.0120573Z ..ssssss............s......s.....ss.....s....ssssss............s......s. [ 54%]
2025-02-23T16:46:39.1194007Z ....ss.....s....ssssss...................s......s.....s....ssss......... [ 58%]
2025-02-23T16:46:39.4076107Z ............s......s.....s....ssss.......                                [ 60%]
2025-02-23T16:46:39.5206574Z tardis/plasma/tests/test_hdf_plasma.py ................................. [ 62%]
2025-02-23T16:46:39.5325146Z ......                                                                   [ 62%]
2025-02-23T16:46:39.6688129Z tardis/plasma/tests/test_nlte_excitation.py ...                          [ 62%]
2025-02-23T16:48:56.5351994Z tardis/plasma/tests/test_nlte_solver.py .....X                           [ 63%]
2025-02-23T16:48:56.5377440Z tardis/plasma/tests/test_plasma_continuum.py .                           [ 63%]
2025-02-23T16:49:19.4093694Z tardis/plasma/tests/test_plasma_vboundary.py .............               [ 63%]
2025-02-23T16:49:33.1763810Z tardis/plasma/tests/test_tardis_model_density_config.py ...              [ 64%]
2025-02-23T16:49:33.9341695Z tardis/simulation/tests/test_convergence.py .....                        [ 64%]
2025-02-23T16:49:42.4202844Z tardis/simulation/tests/test_simulation.py .............                 [ 65%]
2025-02-23T16:49:42.4399865Z tardis/spectrum/tests/test_cuda_formal_integral.py sssssssssssssssssssss [ 66%]
2025-02-23T16:49:42.9125494Z ssss...ssssssssssssssssssssss                                            [ 67%]
2025-02-23T16:49:42.9198643Z tardis/spectrum/tests/test_luminosity.py ....                            [ 68%]
2025-02-23T16:49:44.5121825Z tardis/spectrum/tests/test_numba_formal_integral.py .................... [ 69%]
2025-02-23T16:49:44.5315074Z ..........                                                               [ 69%]
2025-02-23T16:49:44.7052134Z tardis/spectrum/tests/test_spectrum.py ................................. [ 71%]
2025-02-23T16:49:44.7381281Z .........                                                                [ 72%]
2025-02-23T16:50:03.9029466Z tardis/spectrum/tests/test_spectrum_solver.py ....                       [ 72%]
2025-02-23T16:51:05.9152030Z tardis/tests/test_tardis_full.py ....                                    [ 72%]
2025-02-23T16:52:30.2221419Z tardis/tests/test_tardis_full_formal_integral.py ................        [ 73%]
2025-02-23T16:52:30.2985276Z tardis/tests/test_util.py .............................................  [ 75%]
2025-02-23T16:52:32.9556317Z tardis/transport/montecarlo/tests/test_base.py x.....................    [ 77%]
2025-02-23T16:52:40.0815076Z tardis/transport/montecarlo/tests/test_interaction.py .......            [ 77%]
2025-02-23T16:52:40.7822710Z tardis/transport/montecarlo/tests/test_macro_atom.py ....                [ 77%]
2025-02-23T16:52:40.7995916Z tardis/transport/montecarlo/tests/test_montecarlo.py sssssssssssssssssss [ 78%]
2025-02-23T16:52:40.8407495Z sssssssssssssssssssssssssssssssssssssssssssss                            [ 81%]
2025-02-23T16:52:49.6859659Z tardis/transport/montecarlo/tests/test_montecarlo_main_loop.py x..       [ 81%]
2025-02-23T16:52:49.6927272Z tardis/transport/montecarlo/tests/test_nonhomologous.py ...              [ 81%]
2025-02-23T16:52:55.4562971Z tardis/transport/montecarlo/tests/test_numba_interface.py .....x.        [ 82%]
2025-02-23T16:52:55.9583988Z tardis/transport/montecarlo/tests/test_opacities.py ...............      [ 82%]
2025-02-23T16:52:56.9796698Z tardis/transport/montecarlo/tests/test_packet.py .................xXXXXX [ 84%]
2025-02-23T16:52:57.1182601Z XX.........                                                              [ 84%]
2025-02-23T16:52:57.1466442Z tardis/transport/montecarlo/tests/test_packet_source.py ........         [ 85%]
2025-02-23T16:52:57.4558580Z tardis/transport/montecarlo/tests/test_rpacket_last_interaction_tracker.py . [ 85%]
2025-02-23T16:52:57.8703310Z .....                                                                    [ 85%]
2025-02-23T16:53:32.6369765Z tardis/transport/montecarlo/tests/test_rpacket_tracker.py ......         [ 85%]
2025-02-23T16:53:32.6656842Z tardis/transport/montecarlo/tests/test_single_packet_loop.py xxx         [ 86%]
2025-02-23T16:53:32.6689506Z tardis/transport/montecarlo/tests/test_tracker_utils.py ..               [ 86%]
2025-02-23T16:53:35.1086582Z tardis/transport/montecarlo/tests/test_vpacket.py ..x.                   [ 86%]
2025-02-23T16:53:35.1261344Z tardis/transport/montecarlo/tests/test_weighted_packet_source.py ....    [ 86%]
2025-02-23T16:53:38.9490937Z tardis/transport/montecarlo/tests/test_weighted_packet_source_integration.py . [ 86%]
2025-02-23T16:53:38.9492681Z                                                                          [ 86%]
2025-02-23T16:53:39.6979430Z tardis/transport/tests/test_doppler_factor.py ..................         [ 87%]
2025-02-23T16:53:41.0445092Z tardis/visualization/tools/tests/test_convergence_plot.py .............. [ 88%]
2025-02-23T16:53:43.2674661Z ......                                                                   [ 88%]
2025-02-23T16:53:48.0742650Z tardis/visualization/tools/tests/test_liv_plot.py ...................... [ 90%]
2025-02-23T16:53:50.7392439Z .............................                                            [ 91%]
2025-02-23T16:53:53.6131725Z tardis/visualization/tools/tests/test_rpacket_plot.py .................. [ 92%]
2025-02-23T16:54:00.6666947Z ....                                                                     [ 92%]
2025-02-23T16:54:07.1727894Z tardis/visualization/tools/tests/test_sdec_plot.py ..................... [ 94%]
2025-02-23T16:54:14.7519709Z ..............................                                           [ 95%]
2025-02-23T16:54:15.1880372Z tardis/visualization/widgets/tests/test_custom_abundance.py ........ss.. [ 96%]
2025-02-23T16:54:15.2599895Z ....                                                                     [ 96%]
2025-02-23T16:54:16.3211341Z tardis/visualization/widgets/tests/test_line_info.py ................... [ 97%]
2025-02-23T16:54:16.9526050Z ..................                                                       [ 98%]
2025-02-23T16:55:20.3085430Z tardis/visualization/widgets/tests/test_shell_info.py .................. [ 99%]
2025-02-23T16:55:20.8536469Z <unknown>:144: SyntaxWarning:
2025-02-23T16:55:20.8536822Z 
2025-02-23T16:55:20.8537004Z invalid escape sequence '\s'
2025-02-23T16:55:20.8537289Z 
2025-02-23T16:55:20.8560506Z /home/runner/work/tardis/tardis/tardis/io/model/readers/artis.py:144: SyntaxWarning:
2025-02-23T16:55:20.8561182Z 
2025-02-23T16:55:20.8561358Z invalid escape sequence '\s'
2025-02-23T16:55:20.8561642Z 
2025-02-23T16:55:20.8908387Z /home/runner/work/tardis/tardis/tardis/io/model/readers/tests/test_artis_readers.py:59: SyntaxWarning:
2025-02-23T16:55:20.8909038Z 
2025-02-23T16:55:20.8909229Z assertion is always true, perhaps remove parentheses?
2025-02-23T16:55:20.8909514Z 
2025-02-23T16:55:22.5657599Z <unknown>:144: SyntaxWarning:
2025-02-23T16:55:22.5657983Z 
2025-02-23T16:55:22.5658121Z invalid escape sequence '\s'
2025-02-23T16:55:22.5658620Z 
2025-02-23T16:55:24.1326240Z <unknown>:144: SyntaxWarning:
2025-02-23T16:55:24.1326623Z 
2025-02-23T16:55:24.1326789Z invalid escape sequence '\s'
2025-02-23T16:55:24.1327068Z 
2025-02-23T16:55:25.1514462Z <unknown>:144: SyntaxWarning:
2025-02-23T16:55:25.1514757Z 
2025-02-23T16:55:25.1514877Z invalid escape sequence '\s'
2025-02-23T16:55:25.1515085Z 
2025-02-23T16:55:25.1529257Z /home/runner/work/tardis/tardis/tardis/io/model/readers/artis.py:144: SyntaxWarning:
2025-02-23T16:55:25.1529741Z 
2025-02-23T16:55:25.1529845Z invalid escape sequence '\s'
2025-02-23T16:55:25.1530012Z 
2025-02-23T16:55:25.1837036Z /home/runner/work/tardis/tardis/tardis/io/model/readers/tests/test_artis_readers.py:59: SyntaxWarning:
2025-02-23T16:55:25.1837690Z 
2025-02-23T16:55:25.1837896Z assertion is always true, perhaps remove parentheses?
2025-02-23T16:55:25.1838442Z 
2025-02-23T16:55:26.6352655Z ......                                                                   [100%]
2025-02-23T16:55:26.6353131Z 
2025-02-23T16:55:26.6353329Z =================================== FAILURES ===================================
2025-02-23T16:55:26.6353993Z __________________________ test_artis_density_reader ___________________________
2025-02-23T16:55:26.6354424Z 
2025-02-23T16:55:26.6354832Z artis_density_fname = PosixPath('tardis/io/model/readers/tests/data/artis_model.dat')
2025-02-23T16:55:26.6355389Z 
2025-02-23T16:55:26.6355628Z     def test_artis_density_reader(artis_density_fname: str):
2025-02-23T16:55:26.6356158Z         # Using a test ARTIS density file.
2025-02-23T16:55:26.6356605Z         # File: tardis_artis_density_test.dat
2025-02-23T16:55:26.6357218Z         time_model, velocity, mean_density = read_artis_density(artis_density_fname)
2025-02-23T16:55:26.6357880Z         # Check that time is recognized as time
2025-02-23T16:55:26.6358739Z         assert time_model.unit.physical_type == "time"
2025-02-23T16:55:26.6359270Z         # Check velocity unit is cm/s
2025-02-23T16:55:26.6359742Z         assert velocity.unit == u.Unit("cm/s")
2025-02-23T16:55:26.6360196Z         # Dummy check for mean_density value
2025-02-23T16:55:26.6360745Z >       npt.assert_allclose(mean_density.value[0], 10**-5.449497e-05)
2025-02-23T16:55:26.6361161Z 
2025-02-23T16:55:26.6361409Z tardis/io/model/readers/tests/test_artis_readers.py:27: 
2025-02-23T16:55:26.6361983Z _ _ _ _ _ _ _ _ _ _ _ _ _ _ _ _ _ _ _ _ _ _ _ _ _ _ _ _ _ _ _ _ _ _ _ _ _ _ _ _ 
2025-02-23T16:55:26.6362349Z 
2025-02-23T16:55:26.6362836Z args = (<function assert_allclose.<locals>.compare at 0x7f38697a6de0>, array(1.0006941), array(0.99987453))
2025-02-23T16:55:26.6363884Z kwds = {'equal_nan': True, 'err_msg': '', 'header': 'Not equal to tolerance rtol=1e-07, atol=0', 'verbose': True}
2025-02-23T16:55:26.6364829Z 
2025-02-23T16:55:26.6364986Z     @wraps(func)
2025-02-23T16:55:26.6365343Z     def inner(*args, **kwds):
2025-02-23T16:55:26.6365742Z         with self._recreate_cm():
2025-02-23T16:55:26.6366384Z >           return func(*args, **kwds)
2025-02-23T16:55:26.6366842Z E           AssertionError: 
2025-02-23T16:55:26.6367291Z E           Not equal to tolerance rtol=1e-07, atol=0
2025-02-23T16:55:26.6367780Z E           
2025-02-23T16:55:26.6368146Z E           Mismatched elements: 1 / 1 (100%)
2025-02-23T16:55:26.6368859Z E           Max absolute difference: 0.00081957
2025-02-23T16:55:26.6369358Z E           Max relative difference: 0.00081967
2025-02-23T16:55:26.6369787Z E            x: array(1.000694)
2025-02-23T16:55:26.6370137Z E            y: array(0.999875)
2025-02-23T16:55:26.6370361Z 
2025-02-23T16:55:26.6370678Z ../../../micromamba/envs/tardis/lib/python3.12/contextlib.py:81: AssertionError
2025-02-23T16:55:26.6371288Z =============================== warnings summary ===============================
2025-02-23T16:55:26.6371806Z tardis/io/configuration/config_validator.py:6
2025-02-23T16:55:26.6372260Z tardis/io/configuration/config_validator.py:6
2025-02-23T16:55:26.6373124Z   /home/runner/work/tardis/tardis/tardis/io/configuration/config_validator.py:6: DeprecationWarning:
2025-02-23T16:55:26.6373905Z   
2025-02-23T16:55:26.6375977Z   jsonschema.RefResolver is deprecated as of v4.18.0, in favor of the https://github.com/python-jsonschema/referencing library, which provides more compliant referencing behavior as well as more flexible APIs for customization. A future release will remove RefResolver. Please file a feature request (on referencing) if you are missing an API for the kind of customization you need.
2025-02-23T16:55:26.6378012Z 
2025-02-23T16:55:26.6378631Z ../../../micromamba/envs/tardis/lib/python3.12/site-packages/jupyter_client/connect.py:22
2025-02-23T16:55:26.6379841Z   /home/runner/micromamba/envs/tardis/lib/python3.12/site-packages/jupyter_client/connect.py:22: DeprecationWarning:
2025-02-23T16:55:26.6380713Z   
2025-02-23T16:55:26.6381108Z   Jupyter is migrating its paths to use standard platformdirs
2025-02-23T16:55:26.6381754Z   given by the platformdirs library.  To remove this warning and
2025-02-23T16:55:26.6382415Z   see the appropriate new directories, set the environment variable
2025-02-23T16:55:26.6383069Z   `JUPYTER_PLATFORM_DIRS=1` and then run `jupyter --paths`.
2025-02-23T16:55:26.6383712Z   The use of platformdirs will be the default in `jupyter_core` v6
2025-02-23T16:55:26.6384133Z 
2025-02-23T16:55:26.6384286Z tardis/io/model/readers/artis.py:144
2025-02-23T16:55:26.6384963Z   /home/runner/work/tardis/tardis/tardis/io/model/readers/artis.py:144: SyntaxWarning:
2025-02-23T16:55:26.6385658Z   
2025-02-23T16:55:26.6385935Z   invalid escape sequence '\s'
2025-02-23T16:55:26.6386189Z 
2025-02-23T16:55:26.6390769Z tardis/io/tests/test_HDFWriter.py::test_multi_index_write
2025-02-23T16:55:26.6391598Z tardis/visualization/widgets/tests/test_shell_info.py::TestHDFShellInfo::test_shells_data
2025-02-23T16:55:26.6392508Z   /home/runner/work/tardis/tardis/tardis/io/util.py:276: PerformanceWarning:
2025-02-23T16:55:26.6393081Z   
2025-02-23T16:55:26.6393310Z   
2025-02-23T16:55:26.6393762Z   your performance may suffer as PyTables will pickle object types that it cannot
2025-02-23T16:55:26.6394625Z   map directly to c-types [inferred_type->mixed,key->block0_values] [items->Index([0], dtype='int64')]
2025-02-23T16:55:26.6395173Z 
2025-02-23T16:55:26.6395489Z tardis/io/tests/test_model_reader.py::test_read_cmfgen_isotope_abundances
2025-02-23T16:55:26.6396268Z tardis/plasma/tests/test_tardis_model_density_config.py::test_electron_densities
2025-02-23T16:55:26.6397108Z tardis/plasma/tests/test_tardis_model_density_config.py::test_isotope_number_densities
2025-02-23T16:55:26.6397884Z tardis/plasma/tests/test_tardis_model_density_config.py::test_t_rad
2025-02-23T16:55:26.6398971Z   /home/runner/work/tardis/tardis/tardis/io/model/readers/cmfgen_deprecated.py:82: DeprecationWarning:
2025-02-23T16:55:26.6399935Z   
2025-02-23T16:55:26.6400226Z   The current CMFGEN model parser is deprecated
2025-02-23T16:55:26.6400518Z 
2025-02-23T16:55:26.6400854Z tardis/io/tests/test_model_reader.py: 1 warning
2025-02-23T16:55:26.6401419Z tardis/plasma/tests/test_tardis_model_density_config.py: 9 warnings
2025-02-23T16:55:26.6402300Z   /home/runner/work/tardis/tardis/tardis/io/model/readers/cmfgen_deprecated.py:40: DeprecationWarning:
2025-02-23T16:55:26.6403001Z   
2025-02-23T16:55:26.6403281Z   The current CMFGEN model parser is deprecated
2025-02-23T16:55:26.6403572Z 
2025-02-23T16:55:26.6403890Z tardis/model/tests/test_base.py::TestModelFromPaper1Config::test_abundances
2025-02-23T16:55:26.6404915Z   /home/runner/work/tardis/tardis/tardis/transport/montecarlo/montecarlo_main_loop.py:123: NumbaTypeSafetyWarning:
2025-02-23T16:55:26.6405763Z   
2025-02-23T16:55:26.6406458Z   [1m[1m[1munsafe cast from uint64 to int64. Precision may be lost.[0m[0m[0m
2025-02-23T16:55:26.6406890Z 
2025-02-23T16:55:26.6407037Z tardis/model/tests/test_base.py: 6 warnings
2025-02-23T16:55:26.6407508Z tardis/model/tests/test_csvy_model.py: 2 warnings
2025-02-23T16:55:26.6408108Z tardis/plasma/tests/test_tardis_model_density_config.py: 3 warnings
2025-02-23T16:55:26.6409122Z   /home/runner/work/tardis/tardis/tardis/model/geometry/radial1d.py:50: DeprecationWarning:
2025-02-23T16:55:26.6409812Z   
2025-02-23T16:55:26.6410093Z   v_inner_boundary < 0, assuming default value
2025-02-23T16:55:26.6410387Z 
2025-02-23T16:55:26.6410542Z tardis/model/tests/test_base.py: 6 warnings
2025-02-23T16:55:26.6410983Z tardis/model/tests/test_csvy_model.py: 2 warnings
2025-02-23T16:55:26.6411546Z tardis/plasma/tests/test_tardis_model_density_config.py: 3 warnings
2025-02-23T16:55:26.6412365Z   /home/runner/work/tardis/tardis/tardis/model/geometry/radial1d.py:61: DeprecationWarning:
2025-02-23T16:55:26.6413011Z   
2025-02-23T16:55:26.6413291Z   v_outer_boundary < 0, assuming default value
2025-02-23T16:55:26.6413577Z 
2025-02-23T16:55:26.6414317Z tardis/plasma/equilibrium/tests/test_level_populations.py::TestLevelPopulationSolver::test_solve[collisional_rate_solver0-radiative_transitions0]
2025-02-23T16:55:26.6415672Z   /home/runner/work/tardis/tardis/tardis/plasma/equilibrium/level_populations.py:65: FutureWarning:
2025-02-23T16:55:26.6416421Z   
2025-02-23T16:55:26.6416996Z   A value is trying to be set on a copy of a DataFrame or Series through chained assignment using an inplace method.
2025-02-23T16:55:26.6418474Z   The behavior will change in pandas 3.0. This inplace method will never work because the intermediate object on which we are setting values always behaves as a copy.
2025-02-23T16:55:26.6419458Z   
2025-02-23T16:55:26.6420446Z   For example, when doing 'df[col].method(value, inplace=True)', try using 'df.method({col: value}, inplace=True)' or df[col] = df[col].method(value) instead, to perform the operation inplace on the original object.
2025-02-23T16:55:26.6421419Z 
2025-02-23T16:55:26.6421764Z tardis/plasma/tests/test_plasma_vboundary.py::test_plasma_vboundary[2900-3750]
2025-02-23T16:55:26.6422588Z tardis/plasma/tests/test_plasma_vboundary.py::test_plasma_vboundary[2900-3850]
2025-02-23T16:55:26.6423395Z tardis/plasma/tests/test_plasma_vboundary.py::test_plasma_vboundary[2900-3900]
2025-02-23T16:55:26.6424245Z   /home/runner/work/tardis/tardis/tardis/model/geometry/radial1d.py:71: UserWarning:
2025-02-23T16:55:26.6424866Z   
2025-02-23T16:55:26.6425300Z   Requesting inner boundary below inner shell. Extrapolating the inner cell
2025-02-23T16:55:26.6425729Z 
2025-02-23T16:55:26.6426069Z tardis/spectrum/tests/test_spectrum_solver.py::TestSpectrumSolver::test_solve
2025-02-23T16:55:26.6426858Z   /home/runner/work/tardis/tardis/tardis/spectrum/base.py:70: UserWarning:
2025-02-23T16:55:26.6427405Z   
2025-02-23T16:55:26.6428041Z   SpectrumSolver.spectrum_virtual_packets is zero. Please run the montecarlo simulation with no_of_virtual_packets > 0
2025-02-23T16:55:26.6428832Z 
2025-02-23T16:55:26.6429340Z tardis/spectrum/tests/test_spectrum_solver.py::TestSpectrumSolver::test_solve
2025-02-23T16:55:26.6430121Z   /home/runner/work/tardis/tardis/tardis/spectrum/base.py:111: UserWarning:
2025-02-23T16:55:26.6430685Z   
2025-02-23T16:55:26.6431527Z   SpectrumSolver.integrator: The FormalIntegrator is not yet available.Please run the montecarlo simulation at least once.
2025-02-23T16:55:26.6432225Z 
2025-02-23T16:55:26.6432554Z tardis/transport/montecarlo/tests/test_vpacket.py::test_trace_vpacket_volley
2025-02-23T16:55:26.6433192Z   <string>:3: NumbaPendingDeprecationWarning:
2025-02-23T16:55:26.6433563Z   
2025-02-23T16:55:26.6435309Z   [1m[1mCode using Numba extension API maybe depending on 'old_style' error-capturing, which is deprecated and will be replaced by 'new_style' in a future release. See details at https://numba.readthedocs.io/en/latest/reference/deprecation.html#deprecation-of-old-style-numba-captured-errors
2025-02-23T16:55:26.6436984Z   Exception origin:
2025-02-23T16:55:26.6437566Z     File "/home/runner/micromamba/envs/tardis/lib/python3.12/inspect.py", line 3180, in _bind
2025-02-23T16:55:26.6438381Z       raise TypeError(msg) from None
2025-02-23T16:55:26.6438779Z   [0m[0m
2025-02-23T16:55:26.6438926Z 
2025-02-23T16:55:26.6439460Z tardis/visualization/tools/tests/test_sdec_plot.py::TestSDECPlotter::test_mpl_image[plotter_generate_plot_mpl4]
2025-02-23T16:55:26.6440574Z   /home/runner/work/tardis/tardis/tardis/visualization/tools/sdec_plot.py:1225: RuntimeWarning:
2025-02-23T16:55:26.6441261Z   
2025-02-23T16:55:26.6442738Z   More than 20 figures have been opened. Figures created through the pyplot interface (`matplotlib.pyplot.figure`) are retained until explicitly closed and may consume too much memory. (To control this warning, see the rcParam `figure.max_open_warning`). Consider using `matplotlib.pyplot.close()`.
2025-02-23T16:55:26.6444269Z 
2025-02-23T16:55:26.6444895Z tardis/visualization/widgets/tests/test_custom_abundance.py::TestCustomAbundanceWidget::test_update_input_item_value
2025-02-23T16:55:26.6446191Z tardis/visualization/widgets/tests/test_custom_abundance.py::TestCustomAbundanceWidget::test_update_input_item_value
2025-02-23T16:55:26.6447466Z tardis/visualization/widgets/tests/test_custom_abundance.py::TestCustomAbundanceWidget::test_update_input_item_value
2025-02-23T16:55:26.6448952Z tardis/visualization/widgets/tests/test_custom_abundance.py::TestCustomAbundanceWidget::test_update_input_item_value
2025-02-23T16:55:26.6450221Z tardis/visualization/widgets/tests/test_custom_abundance.py::TestCustomAbundanceWidget::test_update_input_item_value
2025-02-23T16:55:26.6451491Z tardis/visualization/widgets/tests/test_custom_abundance.py::TestCustomAbundanceWidget::test_update_input_item_value
2025-02-23T16:55:26.6452751Z   /home/runner/micromamba/envs/tardis/lib/python3.12/site-packages/traitlets/traitlets.py:1385: DeprecationWarning:
2025-02-23T16:55:26.6453544Z   
2025-02-23T16:55:26.6453985Z   Passing unrecognized arguments to super(Checkbox).__init__(icon='lock').
2025-02-23T16:55:26.6454706Z   object.__init__() takes exactly one argument (the instance to initialize)
2025-02-23T16:55:26.6455483Z   This is deprecated in traitlets 4.2.This error will be raised in a future release of traitlets.
2025-02-23T16:55:26.6456008Z 
2025-02-23T16:55:26.6456574Z tardis/visualization/widgets/tests/test_custom_abundance.py::TestCustomAbundanceWidget::test_update_input_item_value
2025-02-23T16:55:26.6457785Z tardis/visualization/widgets/tests/test_custom_abundance.py::TestCustomAbundanceWidget::test_update_input_item_value
2025-02-23T16:55:26.6459149Z   /home/runner/micromamba/envs/tardis/lib/python3.12/site-packages/traitlets/traitlets.py:1385: DeprecationWarning:
2025-02-23T16:55:26.6459948Z   
2025-02-23T16:55:26.6460345Z   Passing unrecognized arguments to super(FloatText).__init__(min=0).
2025-02-23T16:55:26.6461010Z   object.__init__() takes exactly one argument (the instance to initialize)
2025-02-23T16:55:26.6461777Z   This is deprecated in traitlets 4.2.This error will be raised in a future release of traitlets.
2025-02-23T16:55:26.6462475Z 
2025-02-23T16:55:26.6463045Z tardis/visualization/widgets/tests/test_custom_abundance.py::TestCustomAbundanceWidget::test_update_input_item_value
2025-02-23T16:55:26.6464528Z   /home/runner/micromamba/envs/tardis/lib/python3.12/site-packages/traitlets/traitlets.py:1385: DeprecationWarning:
2025-02-23T16:55:26.6465349Z   
2025-02-23T16:55:26.6465754Z   Passing unrecognized arguments to super(HTML).__init__(indent=True).
2025-02-23T16:55:26.6466427Z   object.__init__() takes exactly one argument (the instance to initialize)
2025-02-23T16:55:26.6467210Z   This is deprecated in traitlets 4.2.This error will be raised in a future release of traitlets.
2025-02-23T16:55:26.6467734Z 
2025-02-23T16:55:26.6468672Z tardis/visualization/widgets/tests/test_line_info.py::TestLineInfoWidgetData::test_get_species_interactions[wavelength_range0-packet_out_nu]
2025-02-23T16:55:26.6470063Z   /home/runner/micromamba/envs/tardis/lib/python3.12/site-packages/qgridnext/grid.py:814: DeprecationWarning:
2025-02-23T16:55:26.6470853Z   
2025-02-23T16:55:26.6471350Z   QgridWidget._df_changed is deprecated in traitlets 4.1: use @observe and @unobserve instead.
2025-02-23T16:55:26.6471900Z 
2025-02-23T16:55:26.6472347Z tardis/visualization/widgets/tests/test_shell_info.py::TestHDFShellInfo::test_shells_data
2025-02-23T16:55:26.6473354Z   /home/runner/work/tardis/tardis/tardis/io/util.py:289: PerformanceWarning:
2025-02-23T16:55:26.6473974Z   
2025-02-23T16:55:26.6474200Z   
2025-02-23T16:55:26.6474649Z   your performance may suffer as PyTables will pickle object types that it cannot
2025-02-23T16:55:26.6475488Z   map directly to c-types [inferred_type->mixed,key->block0_values] [items->Index([0], dtype='int64')]
2025-02-23T16:55:26.6476038Z 
2025-02-23T16:55:26.6476440Z tardis/visualization/widgets/tests/test_shell_info.py::TestHDFShellInfo::test_shells_data
2025-02-23T16:55:26.6477319Z   /home/runner/work/tardis/tardis/tardis/io/util.py:292: PerformanceWarning:
2025-02-23T16:55:26.6477922Z   
2025-02-23T16:55:26.6478143Z   
2025-02-23T16:55:26.6478716Z   your performance may suffer as PyTables will pickle object types that it cannot
2025-02-23T16:55:26.6479462Z   map directly to c-types [inferred_type->mixed,key->values] [items->None]
2025-02-23T16:55:26.6479882Z 
2025-02-23T16:55:26.6480288Z tardis/visualization/widgets/tests/test_shell_info.py::TestHDFShellInfo::test_shells_data
2025-02-23T16:55:26.6481196Z   /home/runner/work/tardis/tardis/tardis/spectrum/formal_integral.py:398: UserWarning:
2025-02-23T16:55:26.6481814Z   
2025-02-23T16:55:26.6482222Z   The number of interpolate_shells was not specified. The value was set to 80.
2025-02-23T16:55:26.6482659Z 
2025-02-23T16:55:26.6482929Z -- Docs: https://docs.pytest.org/en/stable/how-to/capture-warnings.html
2025-02-23T16:55:26.6483345Z 
2025-02-23T16:55:26.6483593Z ---------- coverage: platform linux, python 3.12.4-final-0 -----------
2025-02-23T16:55:26.6484156Z Coverage HTML written to dir coverage_html_report
2025-02-23T16:55:26.6484618Z Coverage XML written to file coverage.xml
2025-02-23T16:55:26.6484887Z 
2025-02-23T16:55:26.6485068Z =========================== short test summary info ============================
2025-02-23T16:55:26.6485862Z FAILED tardis/io/model/readers/tests/test_artis_readers.py::test_artis_density_reader - AssertionError: 
2025-02-23T16:55:26.6486595Z Not equal to tolerance rtol=1e-07, atol=0
2025-02-23T16:55:26.6486854Z 
2025-02-23T16:55:26.6486983Z Mismatched elements: 1 / 1 (100%)
2025-02-23T16:55:26.6487332Z Max absolute difference: 0.00081957
2025-02-23T16:55:26.6487692Z Max relative difference: 0.00081967
2025-02-23T16:55:26.6488026Z  x: array(1.000694)
2025-02-23T16:55:26.6488456Z  y: array(0.999875)
2025-02-23T16:55:26.6489002Z = 1 failed, 1412 passed, 357 skipped, 2 deselected, 19 xfailed, 8 xpassed, 64 warnings in 738.96s (0:12:18) =
2025-02-23T16:55:28.7833252Z ##[error]Process completed with exit code 1.
2025-02-23T16:55:28.7906774Z Post job cleanup.
2025-02-23T16:55:28.7937887Z Post job cleanup.
2025-02-23T16:55:28.9268604Z Will use pre-installed micromamba at /home/runner/micromamba-bin/micromamba
2025-02-23T16:55:28.9275181Z Removing micromamba run shell ...
2025-02-23T16:55:28.9278729Z ##[group]Deinitialize micromamba for bash
2025-02-23T16:55:28.9296760Z [command]/home/runner/micromamba-bin/micromamba shell deinit -s bash -r /home/runner/micromamba --log-level warning --rc-file /home/runner/work/_temp/setup-micromamba/.condarc
2025-02-23T16:55:28.9393281Z Resetting RC file "/home/runner/.bashrc"
2025-02-23T16:55:28.9393805Z Deleting config for root prefix 
2025-02-23T16:55:28.9394286Z Clearing mamba executable environment variable
2025-02-23T16:55:28.9396533Z Removing the following in your "/home/runner/.bashrc" file
2025-02-23T16:55:28.9397088Z # >>> mamba initialize >>>
2025-02-23T16:55:28.9397446Z ...
2025-02-23T16:55:28.9397736Z # <<< mamba initialize <<<
2025-02-23T16:55:28.9426461Z Removing mamba initialize block from .bash_profile
2025-02-23T16:55:28.9441447Z ##[endgroup]
2025-02-23T16:55:28.9445454Z Removing environment tardis from auto-activate bash ...
2025-02-23T16:55:28.9583218Z Post job cleanup.
2025-02-23T16:55:28.9620361Z Post job cleanup.
2025-02-23T16:55:29.0589430Z [command]/usr/bin/git version
2025-02-23T16:55:29.0626398Z git version 2.48.1
2025-02-23T16:55:29.0678807Z Temporarily overriding HOME='/home/runner/work/_temp/0bc3072e-b512-4fbd-b74d-544bc6c74342' before making global git config changes
2025-02-23T16:55:29.0679692Z Adding repository directory to the temporary git global config as a safe directory
2025-02-23T16:55:29.0684477Z [command]/usr/bin/git config --global --add safe.directory /home/runner/work/tardis/tardis/tardis-regression-data
2025-02-23T16:55:29.0723146Z [command]/usr/bin/git config --local --name-only --get-regexp core\.sshCommand
2025-02-23T16:55:29.0760338Z [command]/usr/bin/git submodule foreach --recursive sh -c "git config --local --name-only --get-regexp 'core\.sshCommand' && git config --local --unset-all 'core.sshCommand' || :"
2025-02-23T16:55:29.1020431Z [command]/usr/bin/git config --local --name-only --get-regexp http\.https\:\/\/github\.com\/\.extraheader
2025-02-23T16:55:29.1045809Z http.https://github.com/.extraheader
2025-02-23T16:55:29.1060615Z [command]/usr/bin/git config --local --unset-all http.https://github.com/.extraheader
2025-02-23T16:55:29.1097368Z [command]/usr/bin/git submodule foreach --recursive sh -c "git config --local --name-only --get-regexp 'http\.https\:\/\/github\.com\/\.extraheader' && git config --local --unset-all 'http.https://github.com/.extraheader' || :"
2025-02-23T16:55:29.1450845Z Post job cleanup.
2025-02-23T16:55:29.2387841Z [command]/usr/bin/git version
2025-02-23T16:55:29.2424004Z git version 2.48.1
2025-02-23T16:55:29.2473454Z Temporarily overriding HOME='/home/runner/work/_temp/5a678297-d151-4796-89e7-a0cf00feff6b' before making global git config changes
2025-02-23T16:55:29.2474808Z Adding repository directory to the temporary git global config as a safe directory
2025-02-23T16:55:29.2479993Z [command]/usr/bin/git config --global --add safe.directory /home/runner/work/tardis/tardis
2025-02-23T16:55:29.2514782Z [command]/usr/bin/git config --local --name-only --get-regexp core\.sshCommand
2025-02-23T16:55:29.2547592Z [command]/usr/bin/git submodule foreach --recursive sh -c "git config --local --name-only --get-regexp 'core\.sshCommand' && git config --local --unset-all 'core.sshCommand' || :"
2025-02-23T16:55:29.2776749Z [command]/usr/bin/git config --local --name-only --get-regexp http\.https\:\/\/github\.com\/\.extraheader
2025-02-23T16:55:29.2796970Z http.https://github.com/.extraheader
2025-02-23T16:55:29.2809498Z [command]/usr/bin/git config --local --unset-all http.https://github.com/.extraheader
2025-02-23T16:55:29.2840027Z [command]/usr/bin/git submodule foreach --recursive sh -c "git config --local --name-only --get-regexp 'http\.https\:\/\/github\.com\/\.extraheader' && git config --local --unset-all 'http.https://github.com/.extraheader' || :"
2025-02-23T16:55:29.3163406Z Cleaning up orphan processes
