2025-01-13T19:25:20.1524758Z Requested labels: ubuntu-latest
2025-01-13T19:25:20.1524977Z Job defined at: tardis-sn/tardis/.github/workflows/tests.yml@refs/pull/2942/merge
2025-01-13T19:25:20.1525071Z Waiting for a runner to pick up this job...
2025-01-13T19:25:20.3903780Z Job is waiting for a hosted runner to come online.
2025-01-13T19:25:23.6735964Z Job is about to start running on the hosted runner: GitHub Actions 21 (hosted)
2025-01-13T19:25:25.0475079Z Current runner version: '2.321.0'
2025-01-13T19:25:25.0501415Z ##[group]Operating System
2025-01-13T19:25:25.0502294Z Ubuntu
2025-01-13T19:25:25.0502821Z 24.04.1
2025-01-13T19:25:25.0503299Z LTS
2025-01-13T19:25:25.0503846Z ##[endgroup]
2025-01-13T19:25:25.0504464Z ##[group]Runner Image
2025-01-13T19:25:25.0505036Z Image: ubuntu-24.04
2025-01-13T19:25:25.0506007Z Version: 20250105.1.0
2025-01-13T19:25:25.0507118Z Included Software: https://github.com/actions/runner-images/blob/ubuntu24/20250105.1/images/ubuntu/Ubuntu2404-Readme.md
2025-01-13T19:25:25.0508480Z Image Release: https://github.com/actions/runner-images/releases/tag/ubuntu24%2F20250105.1
2025-01-13T19:25:25.0509433Z ##[endgroup]
2025-01-13T19:25:25.0509986Z ##[group]Runner Image Provisioner
2025-01-13T19:25:25.0510532Z 2.0.404.1
2025-01-13T19:25:25.0511030Z ##[endgroup]
2025-01-13T19:25:25.0513163Z ##[group]GITHUB_TOKEN Permissions
2025-01-13T19:25:25.0515647Z Actions: read
2025-01-13T19:25:25.0516563Z Attestations: read
2025-01-13T19:25:25.0517208Z Checks: read
2025-01-13T19:25:25.0517721Z Contents: read
2025-01-13T19:25:25.0518207Z Deployments: read
2025-01-13T19:25:25.0518761Z Discussions: read
2025-01-13T19:25:25.0519275Z Issues: read
2025-01-13T19:25:25.0519790Z Metadata: read
2025-01-13T19:25:25.0520368Z Packages: read
2025-01-13T19:25:25.0520967Z Pages: read
2025-01-13T19:25:25.0521431Z PullRequests: read
2025-01-13T19:25:25.0521994Z RepositoryProjects: read
2025-01-13T19:25:25.0522563Z SecurityEvents: read
2025-01-13T19:25:25.0523055Z Statuses: read
2025-01-13T19:25:25.0523579Z ##[endgroup]
2025-01-13T19:25:25.0527150Z Secret source: None
2025-01-13T19:25:25.0527873Z Prepare workflow directory
2025-01-13T19:25:25.1166528Z Prepare all required actions
2025-01-13T19:25:25.1203253Z Getting action download info
2025-01-13T19:25:25.2874846Z Download action repository 'actions/checkout@v4' (SHA:11bd71901bbe5b1630ceea73d27597364c9af683)
2025-01-13T19:25:25.3703026Z Download action repository 'actions/upload-artifact@v4' (SHA:65c4c4a1ddee5b72f698fdd19549f0f0fb45cf08)
2025-01-13T19:25:25.7164682Z Complete job name: not continuum ubuntu-latest 
2025-01-13T19:25:25.7831635Z ##[group]Run actions/checkout@v4
2025-01-13T19:25:25.7832457Z with:
2025-01-13T19:25:25.7832848Z   repository: tardis-sn/tardis
2025-01-13T19:25:25.7833496Z   token: ***
2025-01-13T19:25:25.7833881Z   ssh-strict: true
2025-01-13T19:25:25.7834267Z   ssh-user: git
2025-01-13T19:25:25.7834655Z   persist-credentials: true
2025-01-13T19:25:25.7835099Z   clean: true
2025-01-13T19:25:25.7835782Z   sparse-checkout-cone-mode: true
2025-01-13T19:25:25.7836275Z   fetch-depth: 1
2025-01-13T19:25:25.7836654Z   fetch-tags: false
2025-01-13T19:25:25.7837051Z   show-progress: true
2025-01-13T19:25:25.7837493Z   lfs: false
2025-01-13T19:25:25.7837907Z   submodules: false
2025-01-13T19:25:25.7838367Z   set-safe-directory: true
2025-01-13T19:25:25.7839127Z env:
2025-01-13T19:25:25.7839538Z   CACHE_NUMBER: 0
2025-01-13T19:25:25.7840730Z   PYTEST_FLAGS: --tardis-regression-data=/home/runner/work/tardis/tardis/tardis-regression-data --cov=tardis --cov-report=xml --cov-report=html --cov-append
2025-01-13T19:25:25.7842035Z   CODECOV_TOKEN: 
2025-01-13T19:25:25.7842467Z ##[endgroup]
2025-01-13T19:25:25.9561115Z Syncing repository: tardis-sn/tardis
2025-01-13T19:25:25.9562895Z ##[group]Getting Git version info
2025-01-13T19:25:25.9563625Z Working directory is '/home/runner/work/tardis/tardis'
2025-01-13T19:25:25.9564551Z [command]/usr/bin/git version
2025-01-13T19:25:25.9612808Z git version 2.47.1
2025-01-13T19:25:25.9641506Z ##[endgroup]
2025-01-13T19:25:25.9655724Z Temporarily overriding HOME='/home/runner/work/_temp/949a1b83-914b-4c5d-be38-3e30c7f75730' before making global git config changes
2025-01-13T19:25:25.9657110Z Adding repository directory to the temporary git global config as a safe directory
2025-01-13T19:25:25.9661188Z [command]/usr/bin/git config --global --add safe.directory /home/runner/work/tardis/tardis
2025-01-13T19:25:25.9698057Z Deleting the contents of '/home/runner/work/tardis/tardis'
2025-01-13T19:25:25.9701975Z ##[group]Initializing the repository
2025-01-13T19:25:25.9705995Z [command]/usr/bin/git init /home/runner/work/tardis/tardis
2025-01-13T19:25:25.9771853Z hint: Using 'master' as the name for the initial branch. This default branch name
2025-01-13T19:25:25.9773251Z hint: is subject to change. To configure the initial branch name to use in all
2025-01-13T19:25:25.9774525Z hint: of your new repositories, which will suppress this warning, call:
2025-01-13T19:25:25.9775879Z hint:
2025-01-13T19:25:25.9776668Z hint: 	git config --global init.defaultBranch <name>
2025-01-13T19:25:25.9777581Z hint:
2025-01-13T19:25:25.9778427Z hint: Names commonly chosen instead of 'master' are 'main', 'trunk' and
2025-01-13T19:25:25.9779617Z hint: 'development'. The just-created branch can be renamed via this command:
2025-01-13T19:25:25.9780336Z hint:
2025-01-13T19:25:25.9780701Z hint: 	git branch -m <name>
2025-01-13T19:25:25.9781361Z Initialized empty Git repository in /home/runner/work/tardis/tardis/.git/
2025-01-13T19:25:25.9789205Z [command]/usr/bin/git remote add origin https://github.com/tardis-sn/tardis
2025-01-13T19:25:25.9822248Z ##[endgroup]
2025-01-13T19:25:25.9822982Z ##[group]Disabling automatic garbage collection
2025-01-13T19:25:25.9826232Z [command]/usr/bin/git config --local gc.auto 0
2025-01-13T19:25:25.9853779Z ##[endgroup]
2025-01-13T19:25:25.9854456Z ##[group]Setting up auth
2025-01-13T19:25:25.9860613Z [command]/usr/bin/git config --local --name-only --get-regexp core\.sshCommand
2025-01-13T19:25:25.9889704Z [command]/usr/bin/git submodule foreach --recursive sh -c "git config --local --name-only --get-regexp 'core\.sshCommand' && git config --local --unset-all 'core.sshCommand' || :"
2025-01-13T19:25:26.0173015Z [command]/usr/bin/git config --local --name-only --get-regexp http\.https\:\/\/github\.com\/\.extraheader
2025-01-13T19:25:26.0206481Z [command]/usr/bin/git submodule foreach --recursive sh -c "git config --local --name-only --get-regexp 'http\.https\:\/\/github\.com\/\.extraheader' && git config --local --unset-all 'http.https://github.com/.extraheader' || :"
2025-01-13T19:25:26.0456758Z [command]/usr/bin/git config --local http.https://github.com/.extraheader AUTHORIZATION: basic ***
2025-01-13T19:25:26.0499546Z ##[endgroup]
2025-01-13T19:25:26.0500767Z ##[group]Fetching the repository
2025-01-13T19:25:26.0510067Z [command]/usr/bin/git -c protocol.version=2 fetch --no-tags --prune --no-recurse-submodules --depth=1 origin +2fad5875a254c5823678c14284b6ac89a023fb02:refs/remotes/pull/2942/merge
2025-01-13T19:25:27.1355166Z From https://github.com/tardis-sn/tardis
2025-01-13T19:25:27.1357278Z  * [new ref]         2fad5875a254c5823678c14284b6ac89a023fb02 -> pull/2942/merge
2025-01-13T19:25:27.1383588Z ##[endgroup]
2025-01-13T19:25:27.1384800Z ##[group]Determining the checkout info
2025-01-13T19:25:27.1386795Z ##[endgroup]
2025-01-13T19:25:27.1391006Z [command]/usr/bin/git sparse-checkout disable
2025-01-13T19:25:27.1430234Z [command]/usr/bin/git config --local --unset-all extensions.worktreeConfig
2025-01-13T19:25:27.1460572Z ##[group]Checking out the ref
2025-01-13T19:25:27.1462355Z [command]/usr/bin/git checkout --progress --force refs/remotes/pull/2942/merge
2025-01-13T19:25:27.3447303Z Note: switching to 'refs/remotes/pull/2942/merge'.
2025-01-13T19:25:27.3448215Z 
2025-01-13T19:25:27.3448832Z You are in 'detached HEAD' state. You can look around, make experimental
2025-01-13T19:25:27.3450279Z changes and commit them, and you can discard any commits you make in this
2025-01-13T19:25:27.3451722Z state without impacting any branches by switching back to a branch.
2025-01-13T19:25:27.3452551Z 
2025-01-13T19:25:27.3453157Z If you want to create a new branch to retain commits you create, you may
2025-01-13T19:25:27.3454485Z do so (now or later) by using -c with the switch command. Example:
2025-01-13T19:25:27.3455257Z 
2025-01-13T19:25:27.3455841Z   git switch -c <new-branch-name>
2025-01-13T19:25:27.3456491Z 
2025-01-13T19:25:27.3456877Z Or undo this operation with:
2025-01-13T19:25:27.3457452Z 
2025-01-13T19:25:27.3458069Z   git switch -
2025-01-13T19:25:27.3458481Z 
2025-01-13T19:25:27.3459084Z Turn off this advice by setting config variable advice.detachedHead to false
2025-01-13T19:25:27.3459901Z 
2025-01-13T19:25:27.3460844Z HEAD is now at 2fad587 Merge dda572c94c0c8d69cf77ea799410d2adff513332 into b4bc6ac32afba1ed86870074cd69db14d7845052
2025-01-13T19:25:27.3508831Z ##[endgroup]
2025-01-13T19:25:27.3513179Z [command]/usr/bin/git log -1 --format=%H
2025-01-13T19:25:27.3537124Z 2fad5875a254c5823678c14284b6ac89a023fb02
2025-01-13T19:25:27.3883342Z Prepare all required actions
2025-01-13T19:25:27.3884752Z Getting action download info
2025-01-13T19:25:27.5237866Z Download action repository 'actions/cache@v4' (SHA:1bd1e32a3bdc45362d1e726936510720a7c30a57)
2025-01-13T19:25:27.6578215Z ##[group]Run ./.github/actions/setup_lfs
2025-01-13T19:25:27.6578562Z with:
2025-01-13T19:25:27.6578857Z   regression-data-repo: tardis-sn/tardis-regression-data
2025-01-13T19:25:27.6579209Z env:
2025-01-13T19:25:27.6579509Z   CACHE_NUMBER: 0
2025-01-13T19:25:27.6580190Z   PYTEST_FLAGS: --tardis-regression-data=/home/runner/work/tardis/tardis/tardis-regression-data --cov=tardis --cov-report=xml --cov-report=html --cov-append
2025-01-13T19:25:27.6580884Z   CODECOV_TOKEN: 
2025-01-13T19:25:27.6581108Z ##[endgroup]
2025-01-13T19:25:27.6704316Z ##[group]Run actions/checkout@v4
2025-01-13T19:25:27.6704618Z with:
2025-01-13T19:25:27.6704880Z   repository: tardis-sn/tardis-regression-data
2025-01-13T19:25:27.6705214Z   path: tardis-regression-data
2025-01-13T19:25:27.6705823Z   token: ***
2025-01-13T19:25:27.6706056Z   ssh-strict: true
2025-01-13T19:25:27.6706301Z   ssh-user: git
2025-01-13T19:25:27.6706552Z   persist-credentials: true
2025-01-13T19:25:27.6706807Z   clean: true
2025-01-13T19:25:27.6707044Z   sparse-checkout-cone-mode: true
2025-01-13T19:25:27.6707322Z   fetch-depth: 1
2025-01-13T19:25:27.6707547Z   fetch-tags: false
2025-01-13T19:25:27.6707781Z   show-progress: true
2025-01-13T19:25:27.6708013Z   lfs: false
2025-01-13T19:25:27.6708237Z   submodules: false
2025-01-13T19:25:27.6708472Z   set-safe-directory: true
2025-01-13T19:25:27.6708719Z env:
2025-01-13T19:25:27.6708913Z   CACHE_NUMBER: 0
2025-01-13T19:25:27.6709566Z   PYTEST_FLAGS: --tardis-regression-data=/home/runner/work/tardis/tardis/tardis-regression-data --cov=tardis --cov-report=xml --cov-report=html --cov-append
2025-01-13T19:25:27.6710245Z   CODECOV_TOKEN: 
2025-01-13T19:25:27.6710460Z ##[endgroup]
2025-01-13T19:25:27.7648321Z Syncing repository: tardis-sn/tardis-regression-data
2025-01-13T19:25:27.7655938Z ##[group]Getting Git version info
2025-01-13T19:25:27.7656835Z Working directory is '/home/runner/work/tardis/tardis/tardis-regression-data'
2025-01-13T19:25:27.7704392Z [command]/usr/bin/git version
2025-01-13T19:25:27.7750292Z git version 2.47.1
2025-01-13T19:25:27.7777086Z ##[endgroup]
2025-01-13T19:25:27.7791828Z Temporarily overriding HOME='/home/runner/work/_temp/e425ac1a-b38a-4aa6-a041-440ffc90bac3' before making global git config changes
2025-01-13T19:25:27.7793187Z Adding repository directory to the temporary git global config as a safe directory
2025-01-13T19:25:27.7797664Z [command]/usr/bin/git config --global --add safe.directory /home/runner/work/tardis/tardis/tardis-regression-data
2025-01-13T19:25:27.7829898Z ##[group]Initializing the repository
2025-01-13T19:25:27.7834738Z [command]/usr/bin/git init /home/runner/work/tardis/tardis/tardis-regression-data
2025-01-13T19:25:27.7871085Z hint: Using 'master' as the name for the initial branch. This default branch name
2025-01-13T19:25:27.7872104Z hint: is subject to change. To configure the initial branch name to use in all
2025-01-13T19:25:27.7872980Z hint: of your new repositories, which will suppress this warning, call:
2025-01-13T19:25:27.7873664Z hint:
2025-01-13T19:25:27.7873996Z hint: 	git config --global init.defaultBranch <name>
2025-01-13T19:25:27.7874347Z hint:
2025-01-13T19:25:27.7874686Z hint: Names commonly chosen instead of 'master' are 'main', 'trunk' and
2025-01-13T19:25:27.7875219Z hint: 'development'. The just-created branch can be renamed via this command:
2025-01-13T19:25:27.7876251Z hint:
2025-01-13T19:25:27.7876497Z hint: 	git branch -m <name>
2025-01-13T19:25:27.7877044Z Initialized empty Git repository in /home/runner/work/tardis/tardis/tardis-regression-data/.git/
2025-01-13T19:25:27.7883420Z [command]/usr/bin/git remote add origin https://github.com/tardis-sn/tardis-regression-data
2025-01-13T19:25:27.7912533Z ##[endgroup]
2025-01-13T19:25:27.7913048Z ##[group]Disabling automatic garbage collection
2025-01-13T19:25:27.7917424Z [command]/usr/bin/git config --local gc.auto 0
2025-01-13T19:25:27.7944908Z ##[endgroup]
2025-01-13T19:25:27.7951586Z ##[group]Setting up auth
2025-01-13T19:25:27.7952039Z [command]/usr/bin/git config --local --name-only --get-regexp core\.sshCommand
2025-01-13T19:25:27.7980268Z [command]/usr/bin/git submodule foreach --recursive sh -c "git config --local --name-only --get-regexp 'core\.sshCommand' && git config --local --unset-all 'core.sshCommand' || :"
2025-01-13T19:25:27.8211547Z [command]/usr/bin/git config --local --name-only --get-regexp http\.https\:\/\/github\.com\/\.extraheader
2025-01-13T19:25:27.8245815Z [command]/usr/bin/git submodule foreach --recursive sh -c "git config --local --name-only --get-regexp 'http\.https\:\/\/github\.com\/\.extraheader' && git config --local --unset-all 'http.https://github.com/.extraheader' || :"
2025-01-13T19:25:27.8501336Z [command]/usr/bin/git config --local http.https://github.com/.extraheader AUTHORIZATION: basic ***
2025-01-13T19:25:27.8544037Z ##[endgroup]
2025-01-13T19:25:27.8545110Z ##[group]Determining the default branch
2025-01-13T19:25:27.8549006Z Retrieving the default branch name
2025-01-13T19:25:28.0918808Z Default branch 'main'
2025-01-13T19:25:28.0919728Z ##[endgroup]
2025-01-13T19:25:28.0920284Z ##[group]Fetching the repository
2025-01-13T19:25:28.0928451Z [command]/usr/bin/git -c protocol.version=2 fetch --no-tags --prune --no-recurse-submodules --depth=1 origin +refs/heads/main:refs/remotes/origin/main
2025-01-13T19:25:28.3750064Z From https://github.com/tardis-sn/tardis-regression-data
2025-01-13T19:25:28.3750703Z  * [new branch]      main       -> origin/main
2025-01-13T19:25:28.3774320Z ##[endgroup]
2025-01-13T19:25:28.3774937Z ##[group]Determining the checkout info
2025-01-13T19:25:28.3776519Z ##[endgroup]
2025-01-13T19:25:28.3782092Z [command]/usr/bin/git sparse-checkout disable
2025-01-13T19:25:28.3819798Z [command]/usr/bin/git config --local --unset-all extensions.worktreeConfig
2025-01-13T19:25:28.3847654Z ##[group]Checking out the ref
2025-01-13T19:25:28.3851929Z [command]/usr/bin/git checkout --progress --force -B main refs/remotes/origin/main
2025-01-13T19:25:28.4965640Z Switched to a new branch 'main'
2025-01-13T19:25:28.4968078Z branch 'main' set up to track 'origin/main'.
2025-01-13T19:25:28.5247853Z ##[endgroup]
2025-01-13T19:25:28.5289379Z [command]/usr/bin/git log -1 --format=%H
2025-01-13T19:25:28.5315872Z fa7729bc9c30e14b69acd641af8b692b56fcd416
2025-01-13T19:25:28.5460309Z ##[group]Run git lfs ls-files -l | cut -d' ' -f1 | sort > .lfs-assets-id
2025-01-13T19:25:28.5460835Z [36;1mgit lfs ls-files -l | cut -d' ' -f1 | sort > .lfs-assets-id[0m
2025-01-13T19:25:28.5492900Z shell: /usr/bin/bash --noprofile --norc -e -o pipefail {0}
2025-01-13T19:25:28.5493212Z env:
2025-01-13T19:25:28.5493373Z   CACHE_NUMBER: 0
2025-01-13T19:25:28.5493975Z   PYTEST_FLAGS: --tardis-regression-data=/home/runner/work/tardis/tardis/tardis-regression-data --cov=tardis --cov-report=xml --cov-report=html --cov-append
2025-01-13T19:25:28.5494602Z   CODECOV_TOKEN: 
2025-01-13T19:25:28.5494780Z ##[endgroup]
2025-01-13T19:25:28.6946867Z ##[group]Run actions/cache/restore@v4
2025-01-13T19:25:28.6947127Z with:
2025-01-13T19:25:28.6947317Z   path: tardis-regression-data/.git/lfs
2025-01-13T19:25:28.6947730Z   key: Linux-lfs-21f9fa4b6817cc69b9fae3598144724da7828e276a73bd17f47a2a49d9af090a-v1
2025-01-13T19:25:28.6948168Z   enableCrossOsArchive: false
2025-01-13T19:25:28.6948423Z   fail-on-cache-miss: false
2025-01-13T19:25:28.6948889Z   lookup-only: false
2025-01-13T19:25:28.6949106Z env:
2025-01-13T19:25:28.6949269Z   CACHE_NUMBER: 0
2025-01-13T19:25:28.6949897Z   PYTEST_FLAGS: --tardis-regression-data=/home/runner/work/tardis/tardis/tardis-regression-data --cov=tardis --cov-report=xml --cov-report=html --cov-append
2025-01-13T19:25:28.6950556Z   CODECOV_TOKEN: 
2025-01-13T19:25:28.6950733Z ##[endgroup]
2025-01-13T19:25:29.9787493Z Received 264241152 of 1708418946 (15.5%), 251.5 MBs/sec
2025-01-13T19:25:30.9791540Z Received 587202560 of 1708418946 (34.4%), 279.7 MBs/sec
2025-01-13T19:25:31.9791200Z Received 843055104 of 1708418946 (49.3%), 267.8 MBs/sec
2025-01-13T19:25:32.9792671Z Received 998244352 of 1708418946 (58.4%), 237.9 MBs/sec
2025-01-13T19:25:33.9792712Z Received 1249902592 of 1708418946 (73.2%), 238.3 MBs/sec
2025-01-13T19:25:34.9792272Z Received 1522532352 of 1708418946 (89.1%), 241.9 MBs/sec
2025-01-13T19:25:35.6133800Z Cache Size: ~1629 MB (1708418946 B)
2025-01-13T19:25:35.6178586Z [command]/usr/bin/tar -xf /home/runner/work/_temp/3ee0f647-a748-495f-a636-8dc0e51a0aa6/cache.tzst -P -C /home/runner/work/tardis/tardis --use-compress-program unzstd
2025-01-13T19:25:35.9799940Z Received 1708418946 of 1708418946 (100.0%), 232.7 MBs/sec
2025-01-13T19:25:41.9936184Z Cache restored successfully
2025-01-13T19:25:42.2883598Z Cache restored from key: Linux-lfs-21f9fa4b6817cc69b9fae3598144724da7828e276a73bd17f47a2a49d9af090a-v1
2025-01-13T19:25:42.3047812Z ##[group]Run git lfs checkout
2025-01-13T19:25:42.3048079Z [36;1mgit lfs checkout[0m
2025-01-13T19:25:42.3074761Z shell: /usr/bin/bash --noprofile --norc -e -o pipefail {0}
2025-01-13T19:25:42.3075077Z env:
2025-01-13T19:25:42.3075251Z   CACHE_NUMBER: 0
2025-01-13T19:25:42.3076145Z   PYTEST_FLAGS: --tardis-regression-data=/home/runner/work/tardis/tardis/tardis-regression-data --cov=tardis --cov-report=xml --cov-report=html --cov-append
2025-01-13T19:25:42.3076773Z   CODECOV_TOKEN: 
2025-01-13T19:25:42.3076957Z ##[endgroup]
2025-01-13T19:25:55.9790057Z Checking out LFS objects: 100% (204/204), 3.5 GB | 250 MB/s, done.
2025-01-13T19:25:57.6342474Z Prepare all required actions
2025-01-13T19:25:57.6342816Z Getting action download info
2025-01-13T19:25:57.7503241Z Download action repository 'mamba-org/setup-micromamba@v1' (SHA:4b9113af4fba0e9e1124b252dd6497a419e7396d)
2025-01-13T19:25:58.0430142Z ##[group]Run ./.github/actions/setup_env
2025-01-13T19:25:58.0430401Z with:
2025-01-13T19:25:58.0430587Z   os-label: linux-64
2025-01-13T19:25:58.0430769Z env:
2025-01-13T19:25:58.0430920Z   CACHE_NUMBER: 0
2025-01-13T19:25:58.0431511Z   PYTEST_FLAGS: --tardis-regression-data=/home/runner/work/tardis/tardis/tardis-regression-data --cov=tardis --cov-report=xml --cov-report=html --cov-append
2025-01-13T19:25:58.0432124Z   CODECOV_TOKEN: 
2025-01-13T19:25:58.0432300Z ##[endgroup]
2025-01-13T19:25:58.0452788Z ##[group]Run file_hash=$(cat conda-linux-64.lock | shasum -a 256 | cut -d' ' -f1)
2025-01-13T19:25:58.0453265Z [36;1mfile_hash=$(cat conda-linux-64.lock | shasum -a 256 | cut -d' ' -f1)[0m
2025-01-13T19:25:58.0453691Z [36;1mecho "file_hash=$file_hash" >> "${GITHUB_OUTPUT}"[0m
2025-01-13T19:25:58.0479411Z shell: /usr/bin/bash --noprofile --norc -e -o pipefail {0}
2025-01-13T19:25:58.0479721Z env:
2025-01-13T19:25:58.0479886Z   CACHE_NUMBER: 0
2025-01-13T19:25:58.0480476Z   PYTEST_FLAGS: --tardis-regression-data=/home/runner/work/tardis/tardis/tardis-regression-data --cov=tardis --cov-report=xml --cov-report=html --cov-append
2025-01-13T19:25:58.0481097Z   CODECOV_TOKEN: 
2025-01-13T19:25:58.0481280Z ##[endgroup]
2025-01-13T19:25:58.0761674Z ##[group]Run mamba-org/setup-micromamba@v1
2025-01-13T19:25:58.0762077Z with:
2025-01-13T19:25:58.0762375Z   environment-file: conda-linux-64.lock
2025-01-13T19:25:58.0762982Z   cache-environment-key: d7cd390425b0fd3cf82649dcc003efba9915fb4928f15d342148c3ccffcbe2ee
2025-01-13T19:25:58.0763918Z   cache-downloads-key: d7cd390425b0fd3cf82649dcc003efba9915fb4928f15d342148c3ccffcbe2ee
2025-01-13T19:25:58.0764590Z   environment-name: tardis
2025-01-13T19:25:58.0765159Z   cache-environment: true
2025-01-13T19:25:58.0765617Z   cache-downloads: true
2025-01-13T19:25:58.0765820Z env:
2025-01-13T19:25:58.0765976Z   CACHE_NUMBER: 0
2025-01-13T19:25:58.0766562Z   PYTEST_FLAGS: --tardis-regression-data=/home/runner/work/tardis/tardis/tardis-regression-data --cov=tardis --cov-report=xml --cov-report=html --cov-append
2025-01-13T19:25:58.0767202Z   CODECOV_TOKEN: 
2025-01-13T19:25:58.0767382Z ##[endgroup]
2025-01-13T19:25:58.2134121Z Will download micromamba to /home/runner/micromamba-bin/micromamba
2025-01-13T19:25:58.2142895Z ##[group]Install micromamba
2025-01-13T19:25:58.4705199Z micromamba installed to /home/runner/micromamba-bin/micromamba
2025-01-13T19:25:58.4706257Z ##[endgroup]
2025-01-13T19:25:58.4706993Z Adding conda-forge to condarc channels ...
2025-01-13T19:25:58.4716786Z ##[group]Initialize micromamba for bash.
2025-01-13T19:25:58.4732830Z [command]/home/runner/micromamba-bin/micromamba shell init -s bash -r /home/runner/micromamba --log-level warning --rc-file /home/runner/work/_temp/setup-micromamba/.condarc
2025-01-13T19:25:58.4840791Z Modifying RC file "/home/runner/.bashrc"
2025-01-13T19:25:58.4841736Z Generating config for root prefix [1m"/home/runner/micromamba"[0m
2025-01-13T19:25:58.4842524Z Setting mamba executable to: [1m"/home/runner/micromamba-bin/micromamba"[0m
2025-01-13T19:25:58.4843244Z Adding (or replacing) the following in your "/home/runner/.bashrc" file
2025-01-13T19:25:58.4843661Z 
2025-01-13T19:25:58.4843792Z # >>> mamba initialize >>>
2025-01-13T19:25:58.4844220Z # !! Contents within this block are managed by 'mamba init' !!
2025-01-13T19:25:58.4844804Z export MAMBA_EXE='/home/runner/micromamba-bin/micromamba';
2025-01-13T19:25:58.4845557Z export MAMBA_ROOT_PREFIX='/home/runner/micromamba';
2025-01-13T19:25:58.4846367Z __mamba_setup="$("$MAMBA_EXE" shell hook --shell bash --root-prefix "$MAMBA_ROOT_PREFIX" 2> /dev/null)"
2025-01-13T19:25:58.4847058Z if [ $? -eq 0 ]; then
2025-01-13T19:25:58.4847363Z     eval "$__mamba_setup"
2025-01-13T19:25:58.4847695Z else
2025-01-13T19:25:58.4848437Z     alias micromamba="$MAMBA_EXE"  # Fallback on help from mamba activate
2025-01-13T19:25:58.4848990Z fi
2025-01-13T19:25:58.4849242Z unset __mamba_setup
2025-01-13T19:25:58.4849540Z # <<< mamba initialize <<<
2025-01-13T19:25:58.4849758Z 
2025-01-13T19:25:58.4860968Z Moving mamba initialize block to .bash_profile
2025-01-13T19:25:58.4873602Z ##[endgroup]
2025-01-13T19:25:58.4874903Z ##[group]Restoring downloads from `/home/runner/micromamba/pkgs` ...
2025-01-13T19:25:59.5943197Z Received 339738624 of 356800233 (95.2%), 323.7 MBs/sec
2025-01-13T19:25:59.6418887Z Cache Size: ~340 MB (356800233 B)
2025-01-13T19:25:59.6458189Z [command]/usr/bin/tar -xf /home/runner/work/_temp/dd7b0e94-2923-4835-a725-9e28d38c0f2a/cache.tzst -P -C /home/runner/work/tardis/tardis --use-compress-program unzstd
2025-01-13T19:26:00.1110729Z Cache restored successfully
2025-01-13T19:26:00.1830920Z Restored cache with key `d7cd390425b0fd3cf82649dcc003efba9915fb4928f15d342148c3ccffcbe2ee-linux-64`
2025-01-13T19:26:00.1832878Z ##[endgroup]
2025-01-13T19:26:00.1843542Z ##[group]Restoring environment `tardis` from `/home/runner/micromamba/envs/tardis` ...
2025-01-13T19:26:00.5965607Z Received 356800233 of 356800233 (100.0%), 169.9 MBs/sec
2025-01-13T19:26:01.2660666Z Received 343932928 of 444592193 (77.4%), 327.7 MBs/sec
2025-01-13T19:26:01.5486210Z Cache Size: ~424 MB (444592193 B)
2025-01-13T19:26:01.5527155Z [command]/usr/bin/tar -xf /home/runner/work/_temp/2bb619fc-2e67-46a5-8651-57bf6a76f343/cache.tzst -P -C /home/runner/work/tardis/tardis --use-compress-program unzstd
2025-01-13T19:26:02.2675975Z Received 444592193 of 444592193 (100.0%), 211.7 MBs/sec
2025-01-13T19:26:06.8492011Z Cache restored successfully
2025-01-13T19:26:06.9455710Z Restored cache with key `d7cd390425b0fd3cf82649dcc003efba9915fb4928f15d342148c3ccffcbe2ee-linux-64-tardis-args-4f53cda-root-dcc80ee-bin-[object Promise]-file-d7cd390425b0fd3cf82649dcc003efba9915fb4928f15d342148c3ccffcbe2ee`
2025-01-13T19:26:06.9459557Z ##[endgroup]
2025-01-13T19:26:06.9459989Z Adding environment tardis to auto-activate bash ...
2025-01-13T19:26:06.9468184Z Generating micromamba run shell.
2025-01-13T19:26:06.9478794Z ##[endgroup]
2025-01-13T19:26:06.9484565Z Set environment variables.
2025-01-13T19:26:06.9496403Z ##[group]micromamba info
2025-01-13T19:26:06.9500183Z [command]/home/runner/micromamba-bin/micromamba info -r /home/runner/micromamba -n tardis
2025-01-13T19:26:06.9753997Z 
2025-01-13T19:26:06.9754803Z        libmamba version : 1.5.10
2025-01-13T19:26:06.9755936Z      micromamba version : 1.5.10
2025-01-13T19:26:06.9756793Z            curl version : libcurl/8.10.1 OpenSSL/3.3.2 zlib/1.3.1 zstd/1.5.6 libssh2/1.11.0 nghttp2/1.58.0
2025-01-13T19:26:06.9757682Z      libarchive version : libarchive 3.7.4 zlib/1.2.13 bz2lib/1.0.8 libzstd/1.5.6
2025-01-13T19:26:06.9758354Z        envs directories : /home/runner/micromamba/envs
2025-01-13T19:26:06.9758879Z           package cache : /home/runner/micromamba/pkgs
2025-01-13T19:26:06.9759401Z                           /home/runner/.mamba/pkgs
2025-01-13T19:26:06.9759837Z             environment : tardis
2025-01-13T19:26:06.9760286Z            env location : /home/runner/micromamba/envs/tardis
2025-01-13T19:26:06.9760821Z       user config files : /home/runner/.mambarc
2025-01-13T19:26:06.9761381Z  populated config files : /home/runner/work/_temp/setup-micromamba/.condarc
2025-01-13T19:26:06.9761963Z        virtual packages : __unix=0=0
2025-01-13T19:26:06.9762340Z                           __linux=6.8.0=0
2025-01-13T19:26:06.9762730Z                           __glibc=2.39=0
2025-01-13T19:26:06.9763122Z                           __archspec=1=x86_64_v3
2025-01-13T19:26:06.9763658Z                channels : https://conda.anaconda.org/conda-forge/linux-64
2025-01-13T19:26:06.9764250Z                           https://conda.anaconda.org/conda-forge/noarch
2025-01-13T19:26:06.9764772Z        base environment : /home/runner/micromamba
2025-01-13T19:26:06.9765223Z                platform : linux-64
2025-01-13T19:26:06.9773934Z ##[endgroup]
2025-01-13T19:26:06.9774914Z ##[group]micromamba list
2025-01-13T19:26:06.9776080Z [command]/home/runner/micromamba-bin/micromamba list -r /home/runner/micromamba -n tardis
2025-01-13T19:26:07.3743238Z List of packages in environment: "/home/runner/micromamba/envs/tardis"
2025-01-13T19:26:07.3743912Z 
2025-01-13T19:26:07.3744211Z   Name                           Version              Build                    Channel    
2025-01-13T19:26:07.3745567Z â”€â”€â”€â”€â”€â”€â”€â”€â”€â”€â”€â”€â”€â”€â”€â”€â”€â”€â”€â”€â”€â”€â”€â”€â”€â”€â”€â”€â”€â”€â”€â”€â”€â”€â”€â”€â”€â”€â”€â”€â”€â”€â”€â”€â”€â”€â”€â”€â”€â”€â”€â”€â”€â”€â”€â”€â”€â”€â”€â”€â”€â”€â”€â”€â”€â”€â”€â”€â”€â”€â”€â”€â”€â”€â”€â”€â”€â”€â”€â”€â”€â”€â”€â”€â”€â”€â”€â”€â”€â”€â”€â”€
2025-01-13T19:26:07.3746527Z   _libgcc_mutex                  0.1                  conda_forge              conda-forge
2025-01-13T19:26:07.3747350Z   _openmp_mutex                  4.5                  2_gnu                    conda-forge
2025-01-13T19:26:07.3748110Z   alabaster                      0.7.16               pyhd8ed1ab_0             conda-forge
2025-01-13T19:26:07.3748660Z   anyio                          4.4.0                pyhd8ed1ab_0             conda-forge
2025-01-13T19:26:07.3749207Z   argon2-cffi                    23.1.0               pyhd8ed1ab_0             conda-forge
2025-01-13T19:26:07.3749824Z   argon2-cffi-bindings           21.2.0               py312h98912ed_4          conda-forge
2025-01-13T19:26:07.3750347Z   arrow                          1.3.0                pyhd8ed1ab_0             conda-forge
2025-01-13T19:26:07.3750818Z   astropy                        6.1.1                py312h085067d_0          conda-forge
2025-01-13T19:26:07.3751386Z   astropy-iers-data              0.2024.6.17.0.31.35  pyhd8ed1ab_0             conda-forge
2025-01-13T19:26:07.3751955Z   astropy-sphinx-theme           1.1                  pyhd8ed1ab_0             conda-forge
2025-01-13T19:26:07.3752437Z   asttokens                      2.4.1                pyhd8ed1ab_0             conda-forge
2025-01-13T19:26:07.3752956Z   async-lru                      2.0.4                pyhd8ed1ab_0             conda-forge
2025-01-13T19:26:07.3767514Z   atk-1.0                        2.38.0               h04ea711_2               conda-forge
2025-01-13T19:26:07.3768093Z   attrs                          23.2.0               pyh71513ae_0             conda-forge
2025-01-13T19:26:07.3768651Z   babel                          2.14.0               pyhd8ed1ab_0             conda-forge
2025-01-13T19:26:07.3769315Z   beautifulsoup4                 4.12.3               pyha770c72_0             conda-forge
2025-01-13T19:26:07.3769906Z   bleach                         6.1.0                pyhd8ed1ab_0             conda-forge
2025-01-13T19:26:07.3770353Z   blosc                          1.21.5               hc2324a3_1               conda-forge
2025-01-13T19:26:07.3770688Z   brotli                         1.1.0                hd590300_1               conda-forge
2025-01-13T19:26:07.3771040Z   brotli-bin                     1.1.0                hd590300_1               conda-forge
2025-01-13T19:26:07.3771397Z   brotli-python                  1.1.0                py312h30efb56_1          conda-forge
2025-01-13T19:26:07.3771756Z   bzip2                          1.0.8                hd590300_5               conda-forge
2025-01-13T19:26:07.3772071Z   c-ares                         1.28.1               hd590300_0               conda-forge
2025-01-13T19:26:07.3772391Z   c-blosc2                       2.14.4               hb4ffafa_1               conda-forge
2025-01-13T19:26:07.3772748Z   ca-certificates                2024.6.2             hbcca054_0               conda-forge
2025-01-13T19:26:07.3773137Z   cached-property                1.5.2                hd8ed1ab_1               conda-forge
2025-01-13T19:26:07.3773534Z   cached_property                1.5.2                pyha770c72_1             conda-forge
2025-01-13T19:26:07.3773894Z   cairo                          1.18.0               h3faef2a_0               conda-forge
2025-01-13T19:26:07.3774236Z   certifi                        2024.6.2             pyhd8ed1ab_0             conda-forge
2025-01-13T19:26:07.3774784Z   cffi                           1.16.0               py312hf06ca03_0          conda-forge
2025-01-13T19:26:07.3775164Z   charset-normalizer             3.3.2                pyhd8ed1ab_0             conda-forge
2025-01-13T19:26:07.3775779Z   click                          8.1.7                unix_pyh707e725_0        conda-forge
2025-01-13T19:26:07.3776119Z   codespell                      2.3.0                pyhd8ed1ab_0             conda-forge
2025-01-13T19:26:07.3776467Z   colorama                       0.4.6                pyhd8ed1ab_0             conda-forge
2025-01-13T19:26:07.3776795Z   comm                           0.2.2                pyhd8ed1ab_0             conda-forge
2025-01-13T19:26:07.3777119Z   commonmark                     0.9.1                py_0                     conda-forge
2025-01-13T19:26:07.3777467Z   contourpy                      1.2.1                py312h8572e83_0          conda-forge
2025-01-13T19:26:07.3777810Z   coverage                       7.5.3                py312h9a8786e_0          conda-forge
2025-01-13T19:26:07.3778155Z   cycler                         0.12.1               pyhd8ed1ab_0             conda-forge
2025-01-13T19:26:07.3778495Z   dataclasses                    0.8                  pyhc8e2a94_3             conda-forge
2025-01-13T19:26:07.3778839Z   debugpy                        1.8.1                py312h30efb56_0          conda-forge
2025-01-13T19:26:07.3779184Z   decorator                      5.1.1                pyhd8ed1ab_0             conda-forge
2025-01-13T19:26:07.3779531Z   defusedxml                     0.7.1                pyhd8ed1ab_0             conda-forge
2025-01-13T19:26:07.3779877Z   docutils                       0.20.1               py312h7900ff3_3          conda-forge
2025-01-13T19:26:07.3780212Z   dot2tex                        2.11.3               pyhd8ed1ab_0             conda-forge
2025-01-13T19:26:07.3780558Z   entrypoints                    0.4                  pyhd8ed1ab_0             conda-forge
2025-01-13T19:26:07.3780933Z   exceptiongroup                 1.2.0                pyhd8ed1ab_2             conda-forge
2025-01-13T19:26:07.3781712Z   executing                      2.0.1                pyhd8ed1ab_0             conda-forge
2025-01-13T19:26:07.3782062Z   expat                          2.6.2                h59595ed_0               conda-forge
2025-01-13T19:26:07.3782440Z   font-ttf-dejavu-sans-mono      2.37                 hab24e00_0               conda-forge
2025-01-13T19:26:07.3782869Z   font-ttf-inconsolata           3.000                h77eed37_0               conda-forge
2025-01-13T19:26:07.3783292Z   font-ttf-source-code-pro       2.038                h77eed37_0               conda-forge
2025-01-13T19:26:07.3783715Z   font-ttf-ubuntu                0.83                 h77eed37_2               conda-forge
2025-01-13T19:26:07.3784296Z   fontconfig                     2.14.2               h14ed4e7_0               conda-forge
2025-01-13T19:26:07.3784892Z   fonts-conda-ecosystem          1                    0                        conda-forge
2025-01-13T19:26:07.3785754Z   fonts-conda-forge              1                    0                        conda-forge
2025-01-13T19:26:07.3786392Z   fonttools                      4.53.0               py312h9a8786e_0          conda-forge
2025-01-13T19:26:07.3786971Z   fqdn                           1.5.1                pyhd8ed1ab_0             conda-forge
2025-01-13T19:26:07.3787494Z   freetype                       2.12.1               h267a509_2               conda-forge
2025-01-13T19:26:07.3787924Z   fribidi                        1.0.10               h36c2ea0_0               conda-forge
2025-01-13T19:26:07.3788591Z   future                         1.0.0                pyhd8ed1ab_0             conda-forge
2025-01-13T19:26:07.3789206Z   gdk-pixbuf                     2.42.12              hb9ae30d_0               conda-forge
2025-01-13T19:26:07.3789868Z   giflib                         5.2.2                hd590300_0               conda-forge
2025-01-13T19:26:07.3790586Z   git-lfs                        3.5.1                ha770c72_0               conda-forge
2025-01-13T19:26:07.3790920Z   gmp                            6.3.0                h59595ed_1               conda-forge
2025-01-13T19:26:07.3791236Z   gmpy2                          2.1.5                py312h1d5cde6_1          conda-forge
2025-01-13T19:26:07.3791565Z   graphite2                      1.3.13               h59595ed_1003            conda-forge
2025-01-13T19:26:07.3791908Z   graphviz                       11.0.0               hc68bbd7_0               conda-forge
2025-01-13T19:26:07.3792230Z   gtk2                           2.24.33              h280cfa0_4               conda-forge
2025-01-13T19:26:07.3792533Z   gts                            0.7.6                h977cf35_4               conda-forge
2025-01-13T19:26:07.3792843Z   h11                            0.14.0               pyhd8ed1ab_0             conda-forge
2025-01-13T19:26:07.3793141Z   h2                             4.1.0                pyhd8ed1ab_0             conda-forge
2025-01-13T19:26:07.3793461Z   h5py                           3.11.0               nompi_py312hb7ab980_102  conda-forge
2025-01-13T19:26:07.3793787Z   harfbuzz                       8.5.0                hfac3d4d_0               conda-forge
2025-01-13T19:26:07.3794109Z   hdf5                           1.14.3               nompi_hdf9ad27_105       conda-forge
2025-01-13T19:26:07.3794429Z   hpack                          4.0.0                pyh9f0ad1d_0             conda-forge
2025-01-13T19:26:07.3794755Z   httpcore                       1.0.5                pyhd8ed1ab_0             conda-forge
2025-01-13T19:26:07.3795101Z   httpx                          0.27.0               pyhd8ed1ab_0             conda-forge
2025-01-13T19:26:07.3795667Z   hyperframe                     6.0.1                pyhd8ed1ab_0             conda-forge
2025-01-13T19:26:07.3796002Z   icu                            73.2                 h59595ed_0               conda-forge
2025-01-13T19:26:07.3796309Z   idna                           3.7                  pyhd8ed1ab_0             conda-forge
2025-01-13T19:26:07.3796766Z   imagesize                      1.4.1                pyhd8ed1ab_0             conda-forge
2025-01-13T19:26:07.3797144Z   importlib-metadata             7.1.0                pyha770c72_0             conda-forge
2025-01-13T19:26:07.3797542Z   importlib_metadata             7.1.0                hd8ed1ab_0               conda-forge
2025-01-13T19:26:07.3797943Z   importlib_resources            6.4.0                pyhd8ed1ab_0             conda-forge
2025-01-13T19:26:07.3798371Z   iniconfig                      2.0.0                pyhd8ed1ab_0             conda-forge
2025-01-13T19:26:07.3798715Z   ipykernel                      6.29.4               pyh3099207_0             conda-forge
2025-01-13T19:26:07.3799054Z   ipython                        8.25.0               pyh707e725_0             conda-forge
2025-01-13T19:26:07.3799412Z   ipython_genutils               0.2.0                pyhd8ed1ab_1             conda-forge
2025-01-13T19:26:07.3799791Z   ipywidgets                     7.8.0                pyhd8ed1ab_0             conda-forge
2025-01-13T19:26:07.3800148Z   isoduration                    20.11.0              pyhd8ed1ab_0             conda-forge
2025-01-13T19:26:07.3800488Z   jedi                           0.19.1               pyhd8ed1ab_0             conda-forge
2025-01-13T19:26:07.3800812Z   jinja2                         3.1.4                pyhd8ed1ab_0             conda-forge
2025-01-13T19:26:07.3801137Z   json5                          0.9.25               pyhd8ed1ab_0             conda-forge
2025-01-13T19:26:07.3801479Z   jsonpointer                    3.0.0                py312h7900ff3_0          conda-forge
2025-01-13T19:26:07.3801838Z   jsonschema                     4.22.0               pyhd8ed1ab_0             conda-forge
2025-01-13T19:26:07.3802250Z   jsonschema-specifications      2023.12.1            pyhd8ed1ab_0             conda-forge
2025-01-13T19:26:07.3802846Z   jsonschema-with-format-nongpl  4.22.0               pyhd8ed1ab_0             conda-forge
2025-01-13T19:26:07.3803286Z   jupyter-lsp                    2.2.5                pyhd8ed1ab_0             conda-forge
2025-01-13T19:26:07.3803649Z   jupyter_client                 8.6.2                pyhd8ed1ab_0             conda-forge
2025-01-13T19:26:07.3804009Z   jupyter_core                   5.7.2                py312h7900ff3_0          conda-forge
2025-01-13T19:26:07.3804370Z   jupyter_events                 0.10.0               pyhd8ed1ab_0             conda-forge
2025-01-13T19:26:07.3804737Z   jupyter_server                 2.14.1               pyhd8ed1ab_0             conda-forge
2025-01-13T19:26:07.3805132Z   jupyter_server_terminals       0.5.3                pyhd8ed1ab_0             conda-forge
2025-01-13T19:26:07.3805746Z   jupyterlab                     4.2.2                pyhd8ed1ab_0             conda-forge
2025-01-13T19:26:07.3806123Z   jupyterlab_pygments            0.3.0                pyhd8ed1ab_1             conda-forge
2025-01-13T19:26:07.3806527Z   jupyterlab_server              2.27.2               pyhd8ed1ab_0             conda-forge
2025-01-13T19:26:07.3806914Z   jupyterlab_widgets             1.1.7                pyhd8ed1ab_0             conda-forge
2025-01-13T19:26:07.3807279Z   keyutils                       1.6.1                h166bdaf_0               conda-forge
2025-01-13T19:26:07.3807619Z   kiwisolver                     1.4.5                py312h8572e83_1          conda-forge
2025-01-13T19:26:07.3807944Z   krb5                           1.21.2               h659d440_0               conda-forge
2025-01-13T19:26:07.3808272Z   latexcodec                     2.0.1                pyh9f0ad1d_0             conda-forge
2025-01-13T19:26:07.3808609Z   lcms2                          2.16                 hb7c19ff_0               conda-forge
2025-01-13T19:26:07.3808940Z   ld_impl_linux-64               2.40                 hf3520f5_7               conda-forge
2025-01-13T19:26:07.3809271Z   lerc                           4.0.0                h27087fc_0               conda-forge
2025-01-13T19:26:07.3809743Z   libaec                         1.1.3                h59595ed_0               conda-forge
2025-01-13T19:26:07.3810072Z   libblas                        3.9.0                22_linux64_openblas      conda-forge
2025-01-13T19:26:07.3810434Z   libbrotlicommon                1.1.0                hd590300_1               conda-forge
2025-01-13T19:26:07.3810803Z   libbrotlidec                   1.1.0                hd590300_1               conda-forge
2025-01-13T19:26:07.3811160Z   libbrotlienc                   1.1.0                hd590300_1               conda-forge
2025-01-13T19:26:07.3811507Z   libcblas                       3.9.0                22_linux64_openblas      conda-forge
2025-01-13T19:26:07.3811842Z   libcurl                        8.8.0                hca28451_0               conda-forge
2025-01-13T19:26:07.3812180Z   libdeflate                     1.20                 hd590300_0               conda-forge
2025-01-13T19:26:07.3812538Z   libedit                        3.1.20191231         he28a2e2_2               conda-forge
2025-01-13T19:26:07.3812872Z   libev                          4.33                 hd590300_2               conda-forge
2025-01-13T19:26:07.3813200Z   libexpat                       2.6.2                h59595ed_0               conda-forge
2025-01-13T19:26:07.3813529Z   libffi                         3.4.2                h7f98852_5               conda-forge
2025-01-13T19:26:07.3813862Z   libgcc-ng                      13.2.0               h77fa898_10              conda-forge
2025-01-13T19:26:07.3814195Z   libgd                          2.3.3                h119a65a_9               conda-forge
2025-01-13T19:26:07.3814545Z   libgfortran-ng                 13.2.0               h69a702a_10              conda-forge
2025-01-13T19:26:07.3814910Z   libgfortran5                   13.2.0               h3d2ce59_10              conda-forge
2025-01-13T19:26:07.3815254Z   libglib                        2.80.2               h8a4344b_1               conda-forge
2025-01-13T19:26:07.3816005Z   libgomp                        13.2.0               h77fa898_10              conda-forge
2025-01-13T19:26:07.3816351Z   libiconv                       1.17                 hd590300_2               conda-forge
2025-01-13T19:26:07.3816701Z   libjpeg-turbo                  3.0.0                hd590300_1               conda-forge
2025-01-13T19:26:07.3817074Z   liblapack                      3.9.0                22_linux64_openblas      conda-forge
2025-01-13T19:26:07.3817429Z   libllvm14                      14.0.6               hcd5def8_4               conda-forge
2025-01-13T19:26:07.3817784Z   libnghttp2                     1.58.0               h47da74e_1               conda-forge
2025-01-13T19:26:07.3818123Z   libnsl                         2.0.1                hd590300_0               conda-forge
2025-01-13T19:26:07.3818483Z   libopenblas                    0.3.27               pthreads_h413a1c8_0      conda-forge
2025-01-13T19:26:07.3818838Z   libpng                         1.6.43               h2797004_0               conda-forge
2025-01-13T19:26:07.3819167Z   librsvg                        2.58.1               hadf69e7_0               conda-forge
2025-01-13T19:26:07.3819508Z   libsodium                      1.0.18               h36c2ea0_1               conda-forge
2025-01-13T19:26:07.3819855Z   libsqlite                      3.46.0               hde9e2c9_0               conda-forge
2025-01-13T19:26:07.3820195Z   libssh2                        1.11.0               h0841786_0               conda-forge
2025-01-13T19:26:07.3820536Z   libstdcxx-ng                   13.2.0               hc0a3c3a_10              conda-forge
2025-01-13T19:26:07.3820880Z   libtiff                        4.6.0                h1dd3fc0_3               conda-forge
2025-01-13T19:26:07.3821207Z   libuuid                        2.38.1               h0b41bf4_0               conda-forge
2025-01-13T19:26:07.3821531Z   libwebp                        1.4.0                h2c329e2_0               conda-forge
2025-01-13T19:26:07.3821995Z   libwebp-base                   1.4.0                hd590300_0               conda-forge
2025-01-13T19:26:07.3822328Z   libxcb                         1.15                 h0b41bf4_0               conda-forge
2025-01-13T19:26:07.3822658Z   libxcrypt                      4.4.36               hd590300_1               conda-forge
2025-01-13T19:26:07.3822991Z   libxml2                        2.12.7               hc051c1a_1               conda-forge
2025-01-13T19:26:07.3823322Z   libxslt                        1.1.39               h76b75d6_0               conda-forge
2025-01-13T19:26:07.3823646Z   libzlib                        1.3.1                h4ab18f5_1               conda-forge
2025-01-13T19:26:07.3823977Z   llvmlite                       0.42.0               py312hb06c811_1          conda-forge
2025-01-13T19:26:07.3824306Z   lxml                           5.2.2                py312hb90d8a5_0          conda-forge
2025-01-13T19:26:07.3824622Z   lz4-c                          1.9.4                hcb278e6_0               conda-forge
2025-01-13T19:26:07.3824927Z   lzo                            2.10                 hd590300_1001            conda-forge
2025-01-13T19:26:07.3825251Z   markupsafe                     2.1.5                py312h98912ed_0          conda-forge
2025-01-13T19:26:07.3825836Z   matplotlib-base                3.8.4                py312h20ab3a6_2          conda-forge
2025-01-13T19:26:07.3826225Z   matplotlib-inline              0.1.7                pyhd8ed1ab_0             conda-forge
2025-01-13T19:26:07.3826593Z   mistune                        3.0.2                pyhd8ed1ab_0             conda-forge
2025-01-13T19:26:07.3826945Z   mpc                            1.3.1                hfe3b2da_0               conda-forge
2025-01-13T19:26:07.3827248Z   mpfr                           4.2.1                h9458935_1               conda-forge
2025-01-13T19:26:07.3827566Z   mpmath                         1.3.0                pyhd8ed1ab_0             conda-forge
2025-01-13T19:26:07.3828026Z   munkres                        1.1.4                pyh9f0ad1d_0             conda-forge
2025-01-13T19:26:07.3828385Z   mypy_extensions                1.0.0                pyha770c72_0             conda-forge
2025-01-13T19:26:07.3828750Z   nbclassic                      1.1.0                pyhd8ed1ab_0             conda-forge
2025-01-13T19:26:07.3829091Z   nbclient                       0.10.0               pyhd8ed1ab_0             conda-forge
2025-01-13T19:26:07.3829431Z   nbconvert                      7.16.4               hd8ed1ab_1               conda-forge
2025-01-13T19:26:07.3829789Z   nbconvert-core                 7.16.4               pyhd8ed1ab_1             conda-forge
2025-01-13T19:26:07.3830172Z   nbconvert-pandoc               7.16.4               hd8ed1ab_1               conda-forge
2025-01-13T19:26:07.3830541Z   nbformat                       5.10.4               pyhd8ed1ab_0             conda-forge
2025-01-13T19:26:07.3830888Z   nbsphinx                       0.9.4                pyhd8ed1ab_0             conda-forge
2025-01-13T19:26:07.3831223Z   ncurses                        6.5                  h59595ed_0               conda-forge
2025-01-13T19:26:07.3831566Z   nest-asyncio                   1.6.0                pyhd8ed1ab_0             conda-forge
2025-01-13T19:26:07.3831913Z   networkx                       3.3                  pyhd8ed1ab_1             conda-forge
2025-01-13T19:26:07.3832238Z   nomkl                          1.0                  h5ca1d4c_0               conda-forge
2025-01-13T19:26:07.3832562Z   notebook                       7.2.1                pyhd8ed1ab_0             conda-forge
2025-01-13T19:26:07.3832915Z   notebook-shim                  0.2.4                pyhd8ed1ab_0             conda-forge
2025-01-13T19:26:07.3833266Z   numba                          0.59.1               py312hacefee8_0          conda-forge
2025-01-13T19:26:07.3833607Z   numexpr                        2.10.0               py312hf412c99_100        conda-forge
2025-01-13T19:26:07.3834065Z   numpy                          1.26.4               py312heda63a1_0          conda-forge
2025-01-13T19:26:07.3834395Z   numpydoc                       1.7.0                pyhd8ed1ab_1             conda-forge
2025-01-13T19:26:07.3834735Z   openjpeg                       2.5.2                h488ebb8_0               conda-forge
2025-01-13T19:26:07.3835066Z   openssl                        3.3.1                h4ab18f5_0               conda-forge
2025-01-13T19:26:07.3835580Z   overrides                      7.7.0                pyhd8ed1ab_0             conda-forge
2025-01-13T19:26:07.3835935Z   packaging                      24.1                 pyhd8ed1ab_0             conda-forge
2025-01-13T19:26:07.3836272Z   pandas                         2.2.2                py312h1d6d2e6_1          conda-forge
2025-01-13T19:26:07.3836622Z   pandoc                         3.2                  ha770c72_0               conda-forge
2025-01-13T19:26:07.3836973Z   pandocfilters                  1.5.0                pyhd8ed1ab_0             conda-forge
2025-01-13T19:26:07.3837325Z   pango                          1.54.0               h84a9a3c_0               conda-forge
2025-01-13T19:26:07.3837644Z   parso                          0.8.4                pyhd8ed1ab_0             conda-forge
2025-01-13T19:26:07.3837974Z   pathspec                       0.12.1               pyhd8ed1ab_0             conda-forge
2025-01-13T19:26:07.3838302Z   pbr                            6.0.0                pyhd8ed1ab_0             conda-forge
2025-01-13T19:26:07.3838619Z   pcre2                          10.44                h0f59acf_0               conda-forge
2025-01-13T19:26:07.3838946Z   pexpect                        4.9.0                pyhd8ed1ab_0             conda-forge
2025-01-13T19:26:07.3839293Z   pickleshare                    0.7.5                py_1003                  conda-forge
2025-01-13T19:26:07.3839635Z   pillow                         10.3.0               py312hdcec9eb_0          conda-forge
2025-01-13T19:26:07.3840080Z   pip                            24.0                 pyhd8ed1ab_0             conda-forge
2025-01-13T19:26:07.3840402Z   pixman                         0.43.2               h59595ed_0               conda-forge
2025-01-13T19:26:07.3840779Z   pkgutil-resolve-name           1.3.10               pyhd8ed1ab_1             conda-forge
2025-01-13T19:26:07.3841174Z   platformdirs                   4.2.2                pyhd8ed1ab_0             conda-forge
2025-01-13T19:26:07.3841525Z   plotly                         5.22.0               pyhd8ed1ab_0             conda-forge
2025-01-13T19:26:07.3841850Z   pluggy                         1.5.0                pyhd8ed1ab_0             conda-forge
2025-01-13T19:26:07.3842215Z   prometheus_client              0.20.0               pyhd8ed1ab_0             conda-forge
2025-01-13T19:26:07.3842599Z   prompt-toolkit                 3.0.47               pyha770c72_0             conda-forge
2025-01-13T19:26:07.3842957Z   psutil                         5.9.8                py312h98912ed_0          conda-forge
2025-01-13T19:26:07.3843304Z   pthread-stubs                  0.4                  h36c2ea0_1001            conda-forge
2025-01-13T19:26:07.3843663Z   ptyprocess                     0.7.0                pyhd3deb0d_0             conda-forge
2025-01-13T19:26:07.3844010Z   pure_eval                      0.2.2                pyhd8ed1ab_0             conda-forge
2025-01-13T19:26:07.3844350Z   py-cpuinfo                     9.0.0                pyhd8ed1ab_0             conda-forge
2025-01-13T19:26:07.3844690Z   pybtex                         0.24.0               pyhd8ed1ab_2             conda-forge
2025-01-13T19:26:07.3845053Z   pybtex-docutils                1.0.3                py312h7900ff3_1          conda-forge
2025-01-13T19:26:07.3845669Z   pycparser                      2.22                 pyhd8ed1ab_0             conda-forge
2025-01-13T19:26:07.3846021Z   pyerfa                         2.0.1.4              py312h085067d_1          conda-forge
2025-01-13T19:26:07.3846498Z   pygments                       2.18.0               pyhd8ed1ab_0             conda-forge
2025-01-13T19:26:07.3846844Z   pygraphviz                     1.13                 py312h4a1d8a7_1          conda-forge
2025-01-13T19:26:07.3847194Z   pyparsing                      3.1.2                pyhd8ed1ab_0             conda-forge
2025-01-13T19:26:07.3847532Z   pysocks                        1.7.1                pyha2e5f31_6             conda-forge
2025-01-13T19:26:07.3847867Z   pytables                       3.9.2                py312h96d95ec_2          conda-forge
2025-01-13T19:26:07.3848204Z   pytest                         8.2.2                pyhd8ed1ab_0             conda-forge
2025-01-13T19:26:07.3848540Z   pytest-cov                     5.0.0                pyhd8ed1ab_0             conda-forge
2025-01-13T19:26:07.3848922Z   pytest-doctestplus             1.2.1                pyhd8ed1ab_0             conda-forge
2025-01-13T19:26:07.3849307Z   pytest-html                    4.1.1                pyhd8ed1ab_0             conda-forge
2025-01-13T19:26:07.3849681Z   pytest-metadata                3.1.1                pyhd8ed1ab_0             conda-forge
2025-01-13T19:26:07.3850039Z   python                         3.12.4               h194c7f8_0_cpython       conda-forge
2025-01-13T19:26:07.3850395Z   python-dateutil                2.9.0                pyhd8ed1ab_0             conda-forge
2025-01-13T19:26:07.3850802Z   python-fastjsonschema          2.20.0               pyhd8ed1ab_0             conda-forge
2025-01-13T19:26:07.3851220Z   python-json-logger             2.0.7                pyhd8ed1ab_0             conda-forge
2025-01-13T19:26:07.3851611Z   python-tzdata                  2024.1               pyhd8ed1ab_0             conda-forge
2025-01-13T19:26:07.3851964Z   python_abi                     3.12                 4_cp312                  conda-forge
2025-01-13T19:26:07.3852302Z   pytz                           2024.1               pyhd8ed1ab_0             conda-forge
2025-01-13T19:26:07.3852756Z   pyyaml                         6.0.1                py312h98912ed_1          conda-forge
2025-01-13T19:26:07.3853085Z   pyzmq                          26.0.3               py312h8fd38d8_0          conda-forge
2025-01-13T19:26:07.3853407Z   qgrid                          1.3.1                pyhd8ed1ab_4             conda-forge
2025-01-13T19:26:07.3853767Z   radioactivedecay               0.5.1                pyhd8ed1ab_0             conda-forge
2025-01-13T19:26:07.3854131Z   readline                       8.2                  h8228510_1               conda-forge
2025-01-13T19:26:07.3854480Z   recommonmark                   0.7.1                pyhd8ed1ab_0             conda-forge
2025-01-13T19:26:07.3854846Z   referencing                    0.35.1               pyhd8ed1ab_0             conda-forge
2025-01-13T19:26:07.3855199Z   requests                       2.32.3               pyhd8ed1ab_0             conda-forge
2025-01-13T19:26:07.3855880Z   rfc3339-validator              0.1.4                pyhd8ed1ab_0             conda-forge
2025-01-13T19:26:07.3856295Z   rfc3986-validator              0.1.1                pyh9f0ad1d_0             conda-forge
2025-01-13T19:26:07.3856655Z   rpds-py                        0.18.1               py312h4413252_0          conda-forge
2025-01-13T19:26:07.3856975Z   ruff                           0.4.9                py312h5715c7c_0          conda-forge
2025-01-13T19:26:07.3857289Z   scipy                          1.13.1               py312hc2bc53b_0          conda-forge
2025-01-13T19:26:07.3857627Z   send2trash                     1.8.3                pyh0d859eb_0             conda-forge
2025-01-13T19:26:07.3857982Z   setuptools                     70.0.0               pyhd8ed1ab_0             conda-forge
2025-01-13T19:26:07.3858356Z   setuptools-scm                 8.1.0                pyhd8ed1ab_0             conda-forge
2025-01-13T19:26:07.3858729Z   setuptools_scm                 8.1.0                hd8ed1ab_0               conda-forge
2025-01-13T19:26:07.3859324Z   six                            1.16.0               pyh6c4a22f_0             conda-forge
2025-01-13T19:26:07.3859646Z   snakeviz                       2.2.0                pyhd8ed1ab_0             conda-forge
2025-01-13T19:26:07.3859977Z   snappy                         1.2.0                hdb0a2a9_1               conda-forge
2025-01-13T19:26:07.3860302Z   sniffio                        1.3.1                pyhd8ed1ab_0             conda-forge
2025-01-13T19:26:07.3860660Z   snowballstemmer                2.2.0                pyhd8ed1ab_0             conda-forge
2025-01-13T19:26:07.3861025Z   soupsieve                      2.5                  pyhd8ed1ab_1             conda-forge
2025-01-13T19:26:07.3861366Z   sphinx                         7.3.7                pyhd8ed1ab_0             conda-forge
2025-01-13T19:26:07.3861713Z   sphinx-astropy                 1.9.1                pyhd8ed1ab_0             conda-forge
2025-01-13T19:26:07.3862101Z   sphinx-automodapi              0.17.0               pyh717bed2_1             conda-forge
2025-01-13T19:26:07.3862495Z   sphinx-gallery                 0.16.0               pyhd8ed1ab_0             conda-forge
2025-01-13T19:26:07.3862881Z   sphinx-jsonschema              1.19.1               pyhd8ed1ab_0             conda-forge
2025-01-13T19:26:07.3863283Z   sphinx_bootstrap_theme         0.8.1                pyhd8ed1ab_0             conda-forge
2025-01-13T19:26:07.3863674Z   sphinx_rtd_theme               2.0.0                pyha770c72_0             conda-forge
2025-01-13T19:26:07.3864065Z   sphinxcontrib-apidoc           0.3.0                py_1                     conda-forge
2025-01-13T19:26:07.3864491Z   sphinxcontrib-applehelp        1.0.8                pyhd8ed1ab_0             conda-forge
2025-01-13T19:26:07.3864918Z   sphinxcontrib-bibtex           2.6.2                pyhd8ed1ab_0             conda-forge
2025-01-13T19:26:07.3865473Z   sphinxcontrib-devhelp          1.0.6                pyhd8ed1ab_0             conda-forge
2025-01-13T19:26:07.3866025Z   sphinxcontrib-htmlhelp         2.0.5                pyhd8ed1ab_0             conda-forge
2025-01-13T19:26:07.3866449Z   sphinxcontrib-jquery           4.1                  pyhd8ed1ab_0             conda-forge
2025-01-13T19:26:07.3866861Z   sphinxcontrib-jsmath           1.0.1                pyhd8ed1ab_0             conda-forge
2025-01-13T19:26:07.3867277Z   sphinxcontrib-qthelp           1.0.7                pyhd8ed1ab_0             conda-forge
2025-01-13T19:26:07.3867730Z   sphinxcontrib-serializinghtml  1.1.10               pyhd8ed1ab_0             conda-forge
2025-01-13T19:26:07.3868143Z   stack_data                     0.6.2                pyhd8ed1ab_0             conda-forge
2025-01-13T19:26:07.3868477Z   sympy                          1.12.1               pypyh2585a3b_103         conda-forge
2025-01-13T19:26:07.3868811Z   tabulate                       0.9.0                pyhd8ed1ab_1             conda-forge
2025-01-13T19:26:07.3869156Z   tenacity                       8.4.1                pyhd8ed1ab_0             conda-forge
2025-01-13T19:26:07.3869511Z   terminado                      0.18.1               pyh0d859eb_0             conda-forge
2025-01-13T19:26:07.3869857Z   tinycss2                       1.3.0                pyhd8ed1ab_0             conda-forge
2025-01-13T19:26:07.3870181Z   tk                             8.6.13               noxft_h4845f30_101       conda-forge
2025-01-13T19:26:07.3870488Z   toml                           0.10.2               pyhd8ed1ab_0             conda-forge
2025-01-13T19:26:07.3870801Z   tomli                          2.0.1                pyhd8ed1ab_0             conda-forge
2025-01-13T19:26:07.3871132Z   tornado                        6.4.1                py312h9a8786e_0          conda-forge
2025-01-13T19:26:07.3871454Z   tqdm                           4.66.4               pyhd8ed1ab_0             conda-forge
2025-01-13T19:26:07.3871796Z   traitlets                      5.14.3               pyhd8ed1ab_0             conda-forge
2025-01-13T19:26:07.3872147Z   typed-ast                      1.5.5                py312h98912ed_1          conda-forge
2025-01-13T19:26:07.3872662Z   types-python-dateutil          2.9.0.20240316       pyhd8ed1ab_0             conda-forge
2025-01-13T19:26:07.3873088Z   typing-extensions              4.12.2               hd8ed1ab_0               conda-forge
2025-01-13T19:26:07.3873479Z   typing_extensions              4.12.2               pyha770c72_0             conda-forge
2025-01-13T19:26:07.3873850Z   typing_utils                   0.1.0                pyhd8ed1ab_0             conda-forge
2025-01-13T19:26:07.3874192Z   tzdata                         2024a                h0c530f3_0               conda-forge
2025-01-13T19:26:07.3874540Z   uri-template                   1.3.0                pyhd8ed1ab_0             conda-forge
2025-01-13T19:26:07.3874888Z   urllib3                        2.2.2                pyhd8ed1ab_0             conda-forge
2025-01-13T19:26:07.3875223Z   wcwidth                        0.2.13               pyhd8ed1ab_0             conda-forge
2025-01-13T19:26:07.3875818Z   webcolors                      24.6.0               pyhd8ed1ab_0             conda-forge
2025-01-13T19:26:07.3876177Z   webencodings                   0.5.1                pyhd8ed1ab_2             conda-forge
2025-01-13T19:26:07.3876553Z   websocket-client               1.8.0                pyhd8ed1ab_0             conda-forge
2025-01-13T19:26:07.3876908Z   wheel                          0.43.0               pyhd8ed1ab_1             conda-forge
2025-01-13T19:26:07.3877275Z   widgetsnbextension             3.6.6                pyhd8ed1ab_0             conda-forge
2025-01-13T19:26:07.3877652Z   xorg-kbproto                   1.0.7                h7f98852_1002            conda-forge
2025-01-13T19:26:07.3878001Z   xorg-libice                    1.1.1                hd590300_0               conda-forge
2025-01-13T19:26:07.3878342Z   xorg-libsm                     1.2.4                h7391055_0               conda-forge
2025-01-13T19:26:07.3878838Z   xorg-libx11                    1.8.9                h8ee46fc_0               conda-forge
2025-01-13T19:26:07.3879193Z   xorg-libxau                    1.0.11               hd590300_0               conda-forge
2025-01-13T19:26:07.3879546Z   xorg-libxdmcp                  1.1.3                h7f98852_0               conda-forge
2025-01-13T19:26:07.3879901Z   xorg-libxext                   1.3.4                h0b41bf4_2               conda-forge
2025-01-13T19:26:07.3880264Z   xorg-libxrender                0.9.11               hd590300_0               conda-forge
2025-01-13T19:26:07.3880640Z   xorg-renderproto               0.11.1               h7f98852_1002            conda-forge
2025-01-13T19:26:07.3881015Z   xorg-xextproto                 7.3.0                h0b41bf4_1003            conda-forge
2025-01-13T19:26:07.3881373Z   xorg-xproto                    7.0.31               h7f98852_1007            conda-forge
2025-01-13T19:26:07.3881694Z   xz                             5.2.6                h166bdaf_0               conda-forge
2025-01-13T19:26:07.3882005Z   yaml                           0.2.5                h7f98852_2               conda-forge
2025-01-13T19:26:07.3882320Z   zeromq                         4.3.5                h75354e8_4               conda-forge
2025-01-13T19:26:07.3882645Z   zipp                           3.19.2               pyhd8ed1ab_0             conda-forge
2025-01-13T19:26:07.3882957Z   zlib                           1.3.1                h4ab18f5_1               conda-forge
2025-01-13T19:26:07.3883267Z   zlib-ng                        2.0.7                h0b41bf4_0               conda-forge
2025-01-13T19:26:07.3883574Z   zstd                           1.5.6                ha6fb4c9_0               conda-forge
2025-01-13T19:26:07.3884082Z ##[endgroup]
2025-01-13T19:26:07.3943827Z ##[group]Run pip install -e . --user
2025-01-13T19:26:07.3944139Z [36;1mpip install -e . --user[0m
2025-01-13T19:26:07.3972683Z shell: /usr/bin/bash -l {0}
2025-01-13T19:26:07.3972922Z env:
2025-01-13T19:26:07.3973258Z   CACHE_NUMBER: 0
2025-01-13T19:26:07.3973871Z   PYTEST_FLAGS: --tardis-regression-data=/home/runner/work/tardis/tardis/tardis-regression-data --cov=tardis --cov-report=xml --cov-report=html --cov-append
2025-01-13T19:26:07.3974519Z   CODECOV_TOKEN: 
2025-01-13T19:26:07.3974738Z   MAMBA_ROOT_PREFIX: /home/runner/micromamba
2025-01-13T19:26:07.3975038Z   MAMBA_EXE: /home/runner/micromamba-bin/micromamba
2025-01-13T19:26:07.3975494Z   CONDARC: /home/runner/work/_temp/setup-micromamba/.condarc
2025-01-13T19:26:07.3975791Z ##[endgroup]
2025-01-13T19:26:08.0097966Z Obtaining file:///home/runner/work/tardis/tardis
2025-01-13T19:26:08.0126364Z   Installing build dependencies: started
2025-01-13T19:26:10.7508289Z   Installing build dependencies: finished with status 'done'
2025-01-13T19:26:10.7514559Z   Checking if build backend supports build_editable: started
2025-01-13T19:26:10.8726840Z   Checking if build backend supports build_editable: finished with status 'done'
2025-01-13T19:26:10.8734787Z   Getting requirements to build editable: started
2025-01-13T19:26:11.3242576Z   Getting requirements to build editable: finished with status 'done'
2025-01-13T19:26:11.3251140Z   Preparing editable metadata (pyproject.toml): started
2025-01-13T19:26:11.7738972Z   Preparing editable metadata (pyproject.toml): finished with status 'done'
2025-01-13T19:26:11.8321376Z Requirement already satisfied: astropy in /home/runner/micromamba/envs/tardis/lib/python3.12/site-packages (from tardis==0.0.0) (6.1.1)
2025-01-13T19:26:11.8700676Z Requirement already satisfied: numpy>=1.23 in /home/runner/micromamba/envs/tardis/lib/python3.12/site-packages (from astropy->tardis==0.0.0) (1.26.4)
2025-01-13T19:26:11.8710323Z Requirement already satisfied: pyerfa>=2.0.1.1 in /home/runner/micromamba/envs/tardis/lib/python3.12/site-packages (from astropy->tardis==0.0.0) (2.0.1.4)
2025-01-13T19:26:11.8721164Z Requirement already satisfied: astropy-iers-data>=0.2024.5.27.0.30.8 in /home/runner/micromamba/envs/tardis/lib/python3.12/site-packages (from astropy->tardis==0.0.0) (0.2024.6.17.0.31.35)
2025-01-13T19:26:11.8730012Z Requirement already satisfied: PyYAML>=3.13 in /home/runner/micromamba/envs/tardis/lib/python3.12/site-packages (from astropy->tardis==0.0.0) (6.0.1)
2025-01-13T19:26:11.8740220Z Requirement already satisfied: packaging>=19.0 in /home/runner/micromamba/envs/tardis/lib/python3.12/site-packages (from astropy->tardis==0.0.0) (24.1)
2025-01-13T19:26:11.8828223Z Building wheels for collected packages: tardis
2025-01-13T19:26:11.8837233Z   Building editable for tardis (pyproject.toml): started
2025-01-13T19:26:12.6691484Z   Building editable for tardis (pyproject.toml): finished with status 'done'
2025-01-13T19:26:12.6697765Z   Created wheel for tardis: filename=tardis-0.0.0-0.editable-py3-none-any.whl size=8876 sha256=081b2d6978e1ea5bea451c6249fb151ab5030002b3458b194f450d3e85991f74
2025-01-13T19:26:12.6699067Z   Stored in directory: /tmp/pip-ephem-wheel-cache-1ko4cfr8/wheels/6a/c7/ae/89fa6dc2565455898176888ef0e2e475e4e90eb0124afcb995
2025-01-13T19:26:12.6724670Z Successfully built tardis
2025-01-13T19:26:13.4316974Z Installing collected packages: tardis
2025-01-13T19:26:13.4424390Z Successfully installed tardis-0.0.0
2025-01-13T19:26:13.6730934Z ##[group]Run pip install qgridnext
2025-01-13T19:26:13.6731267Z [36;1mpip install qgridnext[0m
2025-01-13T19:26:13.6758017Z shell: /usr/bin/bash -l {0}
2025-01-13T19:26:13.6758252Z env:
2025-01-13T19:26:13.6758425Z   CACHE_NUMBER: 0
2025-01-13T19:26:13.6759040Z   PYTEST_FLAGS: --tardis-regression-data=/home/runner/work/tardis/tardis/tardis-regression-data --cov=tardis --cov-report=xml --cov-report=html --cov-append
2025-01-13T19:26:13.6759669Z   CODECOV_TOKEN: 
2025-01-13T19:26:13.6759895Z   MAMBA_ROOT_PREFIX: /home/runner/micromamba
2025-01-13T19:26:13.6760208Z   MAMBA_EXE: /home/runner/micromamba-bin/micromamba
2025-01-13T19:26:13.6760554Z   CONDARC: /home/runner/work/_temp/setup-micromamba/.condarc
2025-01-13T19:26:13.6760855Z ##[endgroup]
2025-01-13T19:26:14.2950845Z Collecting qgridnext
2025-01-13T19:26:14.3237933Z   Downloading qgridnext-2.0.4-py3-none-any.whl.metadata (9.9 kB)
2025-01-13T19:26:14.3329586Z Requirement already satisfied: pandas>=0.20.0 in /home/runner/micromamba/envs/tardis/lib/python3.12/site-packages (from qgridnext) (2.2.2)
2025-01-13T19:26:14.3338996Z Requirement already satisfied: ipywidgets>=7.0.0 in /home/runner/micromamba/envs/tardis/lib/python3.12/site-packages (from qgridnext) (7.8.0)
2025-01-13T19:26:14.3348937Z Requirement already satisfied: numpy in /home/runner/micromamba/envs/tardis/lib/python3.12/site-packages (from qgridnext) (1.26.4)
2025-01-13T19:26:14.3359372Z Requirement already satisfied: traitlets in /home/runner/micromamba/envs/tardis/lib/python3.12/site-packages (from qgridnext) (5.14.3)
2025-01-13T19:26:14.3443201Z Requirement already satisfied: comm>=0.1.3 in /home/runner/micromamba/envs/tardis/lib/python3.12/site-packages (from ipywidgets>=7.0.0->qgridnext) (0.2.2)
2025-01-13T19:26:14.3452100Z Requirement already satisfied: ipython-genutils~=0.2.0 in /home/runner/micromamba/envs/tardis/lib/python3.12/site-packages (from ipywidgets>=7.0.0->qgridnext) (0.2.0)
2025-01-13T19:26:14.3465561Z Requirement already satisfied: widgetsnbextension~=3.6.5 in /home/runner/micromamba/envs/tardis/lib/python3.12/site-packages (from ipywidgets>=7.0.0->qgridnext) (3.6.6)
2025-01-13T19:26:14.3483748Z Requirement already satisfied: ipython>=4.0.0 in /home/runner/micromamba/envs/tardis/lib/python3.12/site-packages (from ipywidgets>=7.0.0->qgridnext) (8.25.0)
2025-01-13T19:26:14.3498770Z Requirement already satisfied: jupyterlab-widgets<3,>=1.0.0 in /home/runner/micromamba/envs/tardis/lib/python3.12/site-packages (from ipywidgets>=7.0.0->qgridnext) (1.1.7)
2025-01-13T19:26:14.3938216Z Requirement already satisfied: python-dateutil>=2.8.2 in /home/runner/micromamba/envs/tardis/lib/python3.12/site-packages (from pandas>=0.20.0->qgridnext) (2.9.0)
2025-01-13T19:26:14.3952399Z Requirement already satisfied: pytz>=2020.1 in /home/runner/micromamba/envs/tardis/lib/python3.12/site-packages (from pandas>=0.20.0->qgridnext) (2024.1)
2025-01-13T19:26:14.3961134Z Requirement already satisfied: tzdata>=2022.7 in /home/runner/micromamba/envs/tardis/lib/python3.12/site-packages (from pandas>=0.20.0->qgridnext) (2024.1)
2025-01-13T19:26:14.4273875Z Requirement already satisfied: decorator in /home/runner/micromamba/envs/tardis/lib/python3.12/site-packages (from ipython>=4.0.0->ipywidgets>=7.0.0->qgridnext) (5.1.1)
2025-01-13T19:26:14.4289102Z Requirement already satisfied: jedi>=0.16 in /home/runner/micromamba/envs/tardis/lib/python3.12/site-packages (from ipython>=4.0.0->ipywidgets>=7.0.0->qgridnext) (0.19.1)
2025-01-13T19:26:14.4298498Z Requirement already satisfied: matplotlib-inline in /home/runner/micromamba/envs/tardis/lib/python3.12/site-packages (from ipython>=4.0.0->ipywidgets>=7.0.0->qgridnext) (0.1.7)
2025-01-13T19:26:14.4310044Z Requirement already satisfied: prompt-toolkit<3.1.0,>=3.0.41 in /home/runner/micromamba/envs/tardis/lib/python3.12/site-packages (from ipython>=4.0.0->ipywidgets>=7.0.0->qgridnext) (3.0.47)
2025-01-13T19:26:14.4319904Z Requirement already satisfied: pygments>=2.4.0 in /home/runner/micromamba/envs/tardis/lib/python3.12/site-packages (from ipython>=4.0.0->ipywidgets>=7.0.0->qgridnext) (2.18.0)
2025-01-13T19:26:14.4330150Z Requirement already satisfied: stack-data in /home/runner/micromamba/envs/tardis/lib/python3.12/site-packages (from ipython>=4.0.0->ipywidgets>=7.0.0->qgridnext) (0.6.2)
2025-01-13T19:26:14.4349520Z Requirement already satisfied: pexpect>4.3 in /home/runner/micromamba/envs/tardis/lib/python3.12/site-packages (from ipython>=4.0.0->ipywidgets>=7.0.0->qgridnext) (4.9.0)
2025-01-13T19:26:14.4397468Z Requirement already satisfied: six>=1.5 in /home/runner/micromamba/envs/tardis/lib/python3.12/site-packages (from python-dateutil>=2.8.2->pandas>=0.20.0->qgridnext) (1.16.0)
2025-01-13T19:26:14.4455166Z Requirement already satisfied: notebook>=4.4.1 in /home/runner/micromamba/envs/tardis/lib/python3.12/site-packages (from widgetsnbextension~=3.6.5->ipywidgets>=7.0.0->qgridnext) (7.2.1)
2025-01-13T19:26:14.4646234Z Requirement already satisfied: parso<0.9.0,>=0.8.3 in /home/runner/micromamba/envs/tardis/lib/python3.12/site-packages (from jedi>=0.16->ipython>=4.0.0->ipywidgets>=7.0.0->qgridnext) (0.8.4)
2025-01-13T19:26:14.4794573Z Requirement already satisfied: jupyter-server<3,>=2.4.0 in /home/runner/micromamba/envs/tardis/lib/python3.12/site-packages (from notebook>=4.4.1->widgetsnbextension~=3.6.5->ipywidgets>=7.0.0->qgridnext) (2.14.1)
2025-01-13T19:26:14.4812038Z Requirement already satisfied: jupyterlab-server<3,>=2.27.1 in /home/runner/micromamba/envs/tardis/lib/python3.12/site-packages (from notebook>=4.4.1->widgetsnbextension~=3.6.5->ipywidgets>=7.0.0->qgridnext) (2.27.2)
2025-01-13T19:26:14.4828564Z Requirement already satisfied: jupyterlab<4.3,>=4.2.0 in /home/runner/micromamba/envs/tardis/lib/python3.12/site-packages (from notebook>=4.4.1->widgetsnbextension~=3.6.5->ipywidgets>=7.0.0->qgridnext) (4.2.2)
2025-01-13T19:26:14.4839659Z Requirement already satisfied: notebook-shim<0.3,>=0.2 in /home/runner/micromamba/envs/tardis/lib/python3.12/site-packages (from notebook>=4.4.1->widgetsnbextension~=3.6.5->ipywidgets>=7.0.0->qgridnext) (0.2.4)
2025-01-13T19:26:14.4848706Z Requirement already satisfied: tornado>=6.2.0 in /home/runner/micromamba/envs/tardis/lib/python3.12/site-packages (from notebook>=4.4.1->widgetsnbextension~=3.6.5->ipywidgets>=7.0.0->qgridnext) (6.4.1)
2025-01-13T19:26:14.4881827Z Requirement already satisfied: ptyprocess>=0.5 in /home/runner/micromamba/envs/tardis/lib/python3.12/site-packages (from pexpect>4.3->ipython>=4.0.0->ipywidgets>=7.0.0->qgridnext) (0.7.0)
2025-01-13T19:26:14.4912041Z Requirement already satisfied: wcwidth in /home/runner/micromamba/envs/tardis/lib/python3.12/site-packages (from prompt-toolkit<3.1.0,>=3.0.41->ipython>=4.0.0->ipywidgets>=7.0.0->qgridnext) (0.2.13)
2025-01-13T19:26:14.5053096Z Requirement already satisfied: executing>=1.2.0 in /home/runner/micromamba/envs/tardis/lib/python3.12/site-packages (from stack-data->ipython>=4.0.0->ipywidgets>=7.0.0->qgridnext) (2.0.1)
2025-01-13T19:26:14.5063170Z Requirement already satisfied: asttokens>=2.1.0 in /home/runner/micromamba/envs/tardis/lib/python3.12/site-packages (from stack-data->ipython>=4.0.0->ipywidgets>=7.0.0->qgridnext) (2.4.1)
2025-01-13T19:26:14.5071620Z Requirement already satisfied: pure-eval in /home/runner/micromamba/envs/tardis/lib/python3.12/site-packages (from stack-data->ipython>=4.0.0->ipywidgets>=7.0.0->qgridnext) (0.2.2)
2025-01-13T19:26:14.5405560Z Requirement already satisfied: anyio>=3.1.0 in /home/runner/micromamba/envs/tardis/lib/python3.12/site-packages (from jupyter-server<3,>=2.4.0->notebook>=4.4.1->widgetsnbextension~=3.6.5->ipywidgets>=7.0.0->qgridnext) (4.4.0)
2025-01-13T19:26:14.5416974Z Requirement already satisfied: argon2-cffi>=21.1 in /home/runner/micromamba/envs/tardis/lib/python3.12/site-packages (from jupyter-server<3,>=2.4.0->notebook>=4.4.1->widgetsnbextension~=3.6.5->ipywidgets>=7.0.0->qgridnext) (23.1.0)
2025-01-13T19:26:14.5427797Z Requirement already satisfied: jinja2>=3.0.3 in /home/runner/micromamba/envs/tardis/lib/python3.12/site-packages (from jupyter-server<3,>=2.4.0->notebook>=4.4.1->widgetsnbextension~=3.6.5->ipywidgets>=7.0.0->qgridnext) (3.1.4)
2025-01-13T19:26:14.5440268Z Requirement already satisfied: jupyter-client>=7.4.4 in /home/runner/micromamba/envs/tardis/lib/python3.12/site-packages (from jupyter-server<3,>=2.4.0->notebook>=4.4.1->widgetsnbextension~=3.6.5->ipywidgets>=7.0.0->qgridnext) (8.6.2)
2025-01-13T19:26:14.5452556Z Requirement already satisfied: jupyter-core!=5.0.*,>=4.12 in /home/runner/micromamba/envs/tardis/lib/python3.12/site-packages (from jupyter-server<3,>=2.4.0->notebook>=4.4.1->widgetsnbextension~=3.6.5->ipywidgets>=7.0.0->qgridnext) (5.7.2)
2025-01-13T19:26:14.5464305Z Requirement already satisfied: jupyter-events>=0.9.0 in /home/runner/micromamba/envs/tardis/lib/python3.12/site-packages (from jupyter-server<3,>=2.4.0->notebook>=4.4.1->widgetsnbextension~=3.6.5->ipywidgets>=7.0.0->qgridnext) (0.10.0)
2025-01-13T19:26:14.5476351Z Requirement already satisfied: jupyter-server-terminals>=0.4.4 in /home/runner/micromamba/envs/tardis/lib/python3.12/site-packages (from jupyter-server<3,>=2.4.0->notebook>=4.4.1->widgetsnbextension~=3.6.5->ipywidgets>=7.0.0->qgridnext) (0.5.3)
2025-01-13T19:26:14.5490314Z Requirement already satisfied: nbconvert>=6.4.4 in /home/runner/micromamba/envs/tardis/lib/python3.12/site-packages (from jupyter-server<3,>=2.4.0->notebook>=4.4.1->widgetsnbextension~=3.6.5->ipywidgets>=7.0.0->qgridnext) (7.16.4)
2025-01-13T19:26:14.5501273Z Requirement already satisfied: nbformat>=5.3.0 in /home/runner/micromamba/envs/tardis/lib/python3.12/site-packages (from jupyter-server<3,>=2.4.0->notebook>=4.4.1->widgetsnbextension~=3.6.5->ipywidgets>=7.0.0->qgridnext) (5.10.4)
2025-01-13T19:26:14.5511237Z Requirement already satisfied: overrides>=5.0 in /home/runner/micromamba/envs/tardis/lib/python3.12/site-packages (from jupyter-server<3,>=2.4.0->notebook>=4.4.1->widgetsnbextension~=3.6.5->ipywidgets>=7.0.0->qgridnext) (7.7.0)
2025-01-13T19:26:14.5521539Z Requirement already satisfied: packaging>=22.0 in /home/runner/micromamba/envs/tardis/lib/python3.12/site-packages (from jupyter-server<3,>=2.4.0->notebook>=4.4.1->widgetsnbextension~=3.6.5->ipywidgets>=7.0.0->qgridnext) (24.1)
2025-01-13T19:26:14.5530862Z Requirement already satisfied: prometheus-client>=0.9 in /home/runner/micromamba/envs/tardis/lib/python3.12/site-packages (from jupyter-server<3,>=2.4.0->notebook>=4.4.1->widgetsnbextension~=3.6.5->ipywidgets>=7.0.0->qgridnext) (0.20.0)
2025-01-13T19:26:14.5542284Z Requirement already satisfied: pyzmq>=24 in /home/runner/micromamba/envs/tardis/lib/python3.12/site-packages (from jupyter-server<3,>=2.4.0->notebook>=4.4.1->widgetsnbextension~=3.6.5->ipywidgets>=7.0.0->qgridnext) (26.0.3)
2025-01-13T19:26:14.5551837Z Requirement already satisfied: send2trash>=1.8.2 in /home/runner/micromamba/envs/tardis/lib/python3.12/site-packages (from jupyter-server<3,>=2.4.0->notebook>=4.4.1->widgetsnbextension~=3.6.5->ipywidgets>=7.0.0->qgridnext) (1.8.3)
2025-01-13T19:26:14.5563768Z Requirement already satisfied: terminado>=0.8.3 in /home/runner/micromamba/envs/tardis/lib/python3.12/site-packages (from jupyter-server<3,>=2.4.0->notebook>=4.4.1->widgetsnbextension~=3.6.5->ipywidgets>=7.0.0->qgridnext) (0.18.1)
2025-01-13T19:26:14.5581640Z Requirement already satisfied: websocket-client>=1.7 in /home/runner/micromamba/envs/tardis/lib/python3.12/site-packages (from jupyter-server<3,>=2.4.0->notebook>=4.4.1->widgetsnbextension~=3.6.5->ipywidgets>=7.0.0->qgridnext) (1.8.0)
2025-01-13T19:26:14.5863453Z Requirement already satisfied: async-lru>=1.0.0 in /home/runner/micromamba/envs/tardis/lib/python3.12/site-packages (from jupyterlab<4.3,>=4.2.0->notebook>=4.4.1->widgetsnbextension~=3.6.5->ipywidgets>=7.0.0->qgridnext) (2.0.4)
2025-01-13T19:26:14.5876673Z Requirement already satisfied: httpx>=0.25.0 in /home/runner/micromamba/envs/tardis/lib/python3.12/site-packages (from jupyterlab<4.3,>=4.2.0->notebook>=4.4.1->widgetsnbextension~=3.6.5->ipywidgets>=7.0.0->qgridnext) (0.27.0)
2025-01-13T19:26:14.5889746Z Requirement already satisfied: ipykernel>=6.5.0 in /home/runner/micromamba/envs/tardis/lib/python3.12/site-packages (from jupyterlab<4.3,>=4.2.0->notebook>=4.4.1->widgetsnbextension~=3.6.5->ipywidgets>=7.0.0->qgridnext) (6.29.4)
2025-01-13T19:26:14.5904697Z Requirement already satisfied: jupyter-lsp>=2.0.0 in /home/runner/micromamba/envs/tardis/lib/python3.12/site-packages (from jupyterlab<4.3,>=4.2.0->notebook>=4.4.1->widgetsnbextension~=3.6.5->ipywidgets>=7.0.0->qgridnext) (2.2.5)
2025-01-13T19:26:14.5932005Z Requirement already satisfied: setuptools>=40.1.0 in /home/runner/micromamba/envs/tardis/lib/python3.12/site-packages (from jupyterlab<4.3,>=4.2.0->notebook>=4.4.1->widgetsnbextension~=3.6.5->ipywidgets>=7.0.0->qgridnext) (70.0.0)
2025-01-13T19:26:14.6121731Z Requirement already satisfied: babel>=2.10 in /home/runner/micromamba/envs/tardis/lib/python3.12/site-packages (from jupyterlab-server<3,>=2.27.1->notebook>=4.4.1->widgetsnbextension~=3.6.5->ipywidgets>=7.0.0->qgridnext) (2.14.0)
2025-01-13T19:26:14.6149281Z Requirement already satisfied: json5>=0.9.0 in /home/runner/micromamba/envs/tardis/lib/python3.12/site-packages (from jupyterlab-server<3,>=2.27.1->notebook>=4.4.1->widgetsnbextension~=3.6.5->ipywidgets>=7.0.0->qgridnext) (0.9.25)
2025-01-13T19:26:14.6160877Z Requirement already satisfied: jsonschema>=4.18.0 in /home/runner/micromamba/envs/tardis/lib/python3.12/site-packages (from jupyterlab-server<3,>=2.27.1->notebook>=4.4.1->widgetsnbextension~=3.6.5->ipywidgets>=7.0.0->qgridnext) (4.22.0)
2025-01-13T19:26:14.6180282Z Requirement already satisfied: requests>=2.31 in /home/runner/micromamba/envs/tardis/lib/python3.12/site-packages (from jupyterlab-server<3,>=2.27.1->notebook>=4.4.1->widgetsnbextension~=3.6.5->ipywidgets>=7.0.0->qgridnext) (2.32.3)
2025-01-13T19:26:14.6529737Z Requirement already satisfied: idna>=2.8 in /home/runner/micromamba/envs/tardis/lib/python3.12/site-packages (from anyio>=3.1.0->jupyter-server<3,>=2.4.0->notebook>=4.4.1->widgetsnbextension~=3.6.5->ipywidgets>=7.0.0->qgridnext) (3.7)
2025-01-13T19:26:14.6539655Z Requirement already satisfied: sniffio>=1.1 in /home/runner/micromamba/envs/tardis/lib/python3.12/site-packages (from anyio>=3.1.0->jupyter-server<3,>=2.4.0->notebook>=4.4.1->widgetsnbextension~=3.6.5->ipywidgets>=7.0.0->qgridnext) (1.3.1)
2025-01-13T19:26:14.6630880Z Requirement already satisfied: argon2-cffi-bindings in /home/runner/micromamba/envs/tardis/lib/python3.12/site-packages (from argon2-cffi>=21.1->jupyter-server<3,>=2.4.0->notebook>=4.4.1->widgetsnbextension~=3.6.5->ipywidgets>=7.0.0->qgridnext) (21.2.0)
2025-01-13T19:26:14.6800737Z Requirement already satisfied: certifi in /home/runner/micromamba/envs/tardis/lib/python3.12/site-packages (from httpx>=0.25.0->jupyterlab<4.3,>=4.2.0->notebook>=4.4.1->widgetsnbextension~=3.6.5->ipywidgets>=7.0.0->qgridnext) (2024.6.2)
2025-01-13T19:26:14.6816317Z Requirement already satisfied: httpcore==1.* in /home/runner/micromamba/envs/tardis/lib/python3.12/site-packages (from httpx>=0.25.0->jupyterlab<4.3,>=4.2.0->notebook>=4.4.1->widgetsnbextension~=3.6.5->ipywidgets>=7.0.0->qgridnext) (1.0.5)
2025-01-13T19:26:14.6894333Z Requirement already satisfied: h11<0.15,>=0.13 in /home/runner/micromamba/envs/tardis/lib/python3.12/site-packages (from httpcore==1.*->httpx>=0.25.0->jupyterlab<4.3,>=4.2.0->notebook>=4.4.1->widgetsnbextension~=3.6.5->ipywidgets>=7.0.0->qgridnext) (0.14.0)
2025-01-13T19:26:14.7081438Z Requirement already satisfied: debugpy>=1.6.5 in /home/runner/micromamba/envs/tardis/lib/python3.12/site-packages (from ipykernel>=6.5.0->jupyterlab<4.3,>=4.2.0->notebook>=4.4.1->widgetsnbextension~=3.6.5->ipywidgets>=7.0.0->qgridnext) (1.8.1)
2025-01-13T19:26:14.7104306Z Requirement already satisfied: nest-asyncio in /home/runner/micromamba/envs/tardis/lib/python3.12/site-packages (from ipykernel>=6.5.0->jupyterlab<4.3,>=4.2.0->notebook>=4.4.1->widgetsnbextension~=3.6.5->ipywidgets>=7.0.0->qgridnext) (1.6.0)
2025-01-13T19:26:14.7120171Z Requirement already satisfied: psutil in /home/runner/micromamba/envs/tardis/lib/python3.12/site-packages (from ipykernel>=6.5.0->jupyterlab<4.3,>=4.2.0->notebook>=4.4.1->widgetsnbextension~=3.6.5->ipywidgets>=7.0.0->qgridnext) (5.9.8)
2025-01-13T19:26:14.7186222Z Requirement already satisfied: MarkupSafe>=2.0 in /home/runner/micromamba/envs/tardis/lib/python3.12/site-packages (from jinja2>=3.0.3->jupyter-server<3,>=2.4.0->notebook>=4.4.1->widgetsnbextension~=3.6.5->ipywidgets>=7.0.0->qgridnext) (2.1.5)
2025-01-13T19:26:14.7382399Z Requirement already satisfied: attrs>=22.2.0 in /home/runner/micromamba/envs/tardis/lib/python3.12/site-packages (from jsonschema>=4.18.0->jupyterlab-server<3,>=2.27.1->notebook>=4.4.1->widgetsnbextension~=3.6.5->ipywidgets>=7.0.0->qgridnext) (23.2.0)
2025-01-13T19:26:14.7393832Z Requirement already satisfied: jsonschema-specifications>=2023.03.6 in /home/runner/micromamba/envs/tardis/lib/python3.12/site-packages (from jsonschema>=4.18.0->jupyterlab-server<3,>=2.27.1->notebook>=4.4.1->widgetsnbextension~=3.6.5->ipywidgets>=7.0.0->qgridnext) (2023.12.1)
2025-01-13T19:26:14.7403558Z Requirement already satisfied: referencing>=0.28.4 in /home/runner/micromamba/envs/tardis/lib/python3.12/site-packages (from jsonschema>=4.18.0->jupyterlab-server<3,>=2.27.1->notebook>=4.4.1->widgetsnbextension~=3.6.5->ipywidgets>=7.0.0->qgridnext) (0.35.1)
2025-01-13T19:26:14.7425716Z Requirement already satisfied: rpds-py>=0.7.1 in /home/runner/micromamba/envs/tardis/lib/python3.12/site-packages (from jsonschema>=4.18.0->jupyterlab-server<3,>=2.27.1->notebook>=4.4.1->widgetsnbextension~=3.6.5->ipywidgets>=7.0.0->qgridnext) (0.18.1)
2025-01-13T19:26:14.7687118Z Requirement already satisfied: platformdirs>=2.5 in /home/runner/micromamba/envs/tardis/lib/python3.12/site-packages (from jupyter-core!=5.0.*,>=4.12->jupyter-server<3,>=2.4.0->notebook>=4.4.1->widgetsnbextension~=3.6.5->ipywidgets>=7.0.0->qgridnext) (4.2.2)
2025-01-13T19:26:14.7836320Z Requirement already satisfied: python-json-logger>=2.0.4 in /home/runner/micromamba/envs/tardis/lib/python3.12/site-packages (from jupyter-events>=0.9.0->jupyter-server<3,>=2.4.0->notebook>=4.4.1->widgetsnbextension~=3.6.5->ipywidgets>=7.0.0->qgridnext) (2.0.7)
2025-01-13T19:26:14.7844286Z Requirement already satisfied: pyyaml>=5.3 in /home/runner/micromamba/envs/tardis/lib/python3.12/site-packages (from jupyter-events>=0.9.0->jupyter-server<3,>=2.4.0->notebook>=4.4.1->widgetsnbextension~=3.6.5->ipywidgets>=7.0.0->qgridnext) (6.0.1)
2025-01-13T19:26:14.7854454Z Requirement already satisfied: rfc3339-validator in /home/runner/micromamba/envs/tardis/lib/python3.12/site-packages (from jupyter-events>=0.9.0->jupyter-server<3,>=2.4.0->notebook>=4.4.1->widgetsnbextension~=3.6.5->ipywidgets>=7.0.0->qgridnext) (0.1.4)
2025-01-13T19:26:14.7862705Z Requirement already satisfied: rfc3986-validator>=0.1.1 in /home/runner/micromamba/envs/tardis/lib/python3.12/site-packages (from jupyter-events>=0.9.0->jupyter-server<3,>=2.4.0->notebook>=4.4.1->widgetsnbextension~=3.6.5->ipywidgets>=7.0.0->qgridnext) (0.1.1)
2025-01-13T19:26:14.8284646Z Requirement already satisfied: beautifulsoup4 in /home/runner/micromamba/envs/tardis/lib/python3.12/site-packages (from nbconvert>=6.4.4->jupyter-server<3,>=2.4.0->notebook>=4.4.1->widgetsnbextension~=3.6.5->ipywidgets>=7.0.0->qgridnext) (4.12.3)
2025-01-13T19:26:14.8304343Z Requirement already satisfied: bleach!=5.0.0 in /home/runner/micromamba/envs/tardis/lib/python3.12/site-packages (from nbconvert>=6.4.4->jupyter-server<3,>=2.4.0->notebook>=4.4.1->widgetsnbextension~=3.6.5->ipywidgets>=7.0.0->qgridnext) (6.1.0)
2025-01-13T19:26:14.8318274Z Requirement already satisfied: defusedxml in /home/runner/micromamba/envs/tardis/lib/python3.12/site-packages (from nbconvert>=6.4.4->jupyter-server<3,>=2.4.0->notebook>=4.4.1->widgetsnbextension~=3.6.5->ipywidgets>=7.0.0->qgridnext) (0.7.1)
2025-01-13T19:26:14.8332576Z Requirement already satisfied: jupyterlab-pygments in /home/runner/micromamba/envs/tardis/lib/python3.12/site-packages (from nbconvert>=6.4.4->jupyter-server<3,>=2.4.0->notebook>=4.4.1->widgetsnbextension~=3.6.5->ipywidgets>=7.0.0->qgridnext) (0.3.0)
2025-01-13T19:26:14.8343903Z Requirement already satisfied: mistune<4,>=2.0.3 in /home/runner/micromamba/envs/tardis/lib/python3.12/site-packages (from nbconvert>=6.4.4->jupyter-server<3,>=2.4.0->notebook>=4.4.1->widgetsnbextension~=3.6.5->ipywidgets>=7.0.0->qgridnext) (3.0.2)
2025-01-13T19:26:14.8355877Z Requirement already satisfied: nbclient>=0.5.0 in /home/runner/micromamba/envs/tardis/lib/python3.12/site-packages (from nbconvert>=6.4.4->jupyter-server<3,>=2.4.0->notebook>=4.4.1->widgetsnbextension~=3.6.5->ipywidgets>=7.0.0->qgridnext) (0.10.0)
2025-01-13T19:26:14.8371925Z Requirement already satisfied: pandocfilters>=1.4.1 in /home/runner/micromamba/envs/tardis/lib/python3.12/site-packages (from nbconvert>=6.4.4->jupyter-server<3,>=2.4.0->notebook>=4.4.1->widgetsnbextension~=3.6.5->ipywidgets>=7.0.0->qgridnext) (1.5.0)
2025-01-13T19:26:14.8381403Z Requirement already satisfied: tinycss2 in /home/runner/micromamba/envs/tardis/lib/python3.12/site-packages (from nbconvert>=6.4.4->jupyter-server<3,>=2.4.0->notebook>=4.4.1->widgetsnbextension~=3.6.5->ipywidgets>=7.0.0->qgridnext) (1.3.0)
2025-01-13T19:26:14.8496231Z Requirement already satisfied: fastjsonschema>=2.15 in /home/runner/micromamba/envs/tardis/lib/python3.12/site-packages (from nbformat>=5.3.0->jupyter-server<3,>=2.4.0->notebook>=4.4.1->widgetsnbextension~=3.6.5->ipywidgets>=7.0.0->qgridnext) (2.20.0)
2025-01-13T19:26:14.8796918Z Requirement already satisfied: charset-normalizer<4,>=2 in /home/runner/micromamba/envs/tardis/lib/python3.12/site-packages (from requests>=2.31->jupyterlab-server<3,>=2.27.1->notebook>=4.4.1->widgetsnbextension~=3.6.5->ipywidgets>=7.0.0->qgridnext) (3.3.2)
2025-01-13T19:26:14.8810258Z Requirement already satisfied: urllib3<3,>=1.21.1 in /home/runner/micromamba/envs/tardis/lib/python3.12/site-packages (from requests>=2.31->jupyterlab-server<3,>=2.27.1->notebook>=4.4.1->widgetsnbextension~=3.6.5->ipywidgets>=7.0.0->qgridnext) (2.2.2)
2025-01-13T19:26:14.9583252Z Requirement already satisfied: webencodings in /home/runner/micromamba/envs/tardis/lib/python3.12/site-packages (from bleach!=5.0.0->nbconvert>=6.4.4->jupyter-server<3,>=2.4.0->notebook>=4.4.1->widgetsnbextension~=3.6.5->ipywidgets>=7.0.0->qgridnext) (0.5.1)
2025-01-13T19:26:15.0147005Z Requirement already satisfied: fqdn in /home/runner/micromamba/envs/tardis/lib/python3.12/site-packages (from jsonschema[format-nongpl]>=4.18.0->jupyter-events>=0.9.0->jupyter-server<3,>=2.4.0->notebook>=4.4.1->widgetsnbextension~=3.6.5->ipywidgets>=7.0.0->qgridnext) (1.5.1)
2025-01-13T19:26:15.0166057Z Requirement already satisfied: isoduration in /home/runner/micromamba/envs/tardis/lib/python3.12/site-packages (from jsonschema[format-nongpl]>=4.18.0->jupyter-events>=0.9.0->jupyter-server<3,>=2.4.0->notebook>=4.4.1->widgetsnbextension~=3.6.5->ipywidgets>=7.0.0->qgridnext) (20.11.0)
2025-01-13T19:26:15.0180662Z Requirement already satisfied: jsonpointer>1.13 in /home/runner/micromamba/envs/tardis/lib/python3.12/site-packages (from jsonschema[format-nongpl]>=4.18.0->jupyter-events>=0.9.0->jupyter-server<3,>=2.4.0->notebook>=4.4.1->widgetsnbextension~=3.6.5->ipywidgets>=7.0.0->qgridnext) (3.0.0)
2025-01-13T19:26:15.0198456Z Requirement already satisfied: uri-template in /home/runner/micromamba/envs/tardis/lib/python3.12/site-packages (from jsonschema[format-nongpl]>=4.18.0->jupyter-events>=0.9.0->jupyter-server<3,>=2.4.0->notebook>=4.4.1->widgetsnbextension~=3.6.5->ipywidgets>=7.0.0->qgridnext) (1.3.0)
2025-01-13T19:26:15.0213287Z Requirement already satisfied: webcolors>=1.11 in /home/runner/micromamba/envs/tardis/lib/python3.12/site-packages (from jsonschema[format-nongpl]>=4.18.0->jupyter-events>=0.9.0->jupyter-server<3,>=2.4.0->notebook>=4.4.1->widgetsnbextension~=3.6.5->ipywidgets>=7.0.0->qgridnext) (24.6.0)
2025-01-13T19:26:15.1231130Z Requirement already satisfied: cffi>=1.0.1 in /home/runner/micromamba/envs/tardis/lib/python3.12/site-packages (from argon2-cffi-bindings->argon2-cffi>=21.1->jupyter-server<3,>=2.4.0->notebook>=4.4.1->widgetsnbextension~=3.6.5->ipywidgets>=7.0.0->qgridnext) (1.16.0)
2025-01-13T19:26:15.1330112Z Requirement already satisfied: soupsieve>1.2 in /home/runner/micromamba/envs/tardis/lib/python3.12/site-packages (from beautifulsoup4->nbconvert>=6.4.4->jupyter-server<3,>=2.4.0->notebook>=4.4.1->widgetsnbextension~=3.6.5->ipywidgets>=7.0.0->qgridnext) (2.5)
2025-01-13T19:26:15.1851715Z Requirement already satisfied: pycparser in /home/runner/micromamba/envs/tardis/lib/python3.12/site-packages (from cffi>=1.0.1->argon2-cffi-bindings->argon2-cffi>=21.1->jupyter-server<3,>=2.4.0->notebook>=4.4.1->widgetsnbextension~=3.6.5->ipywidgets>=7.0.0->qgridnext) (2.22)
2025-01-13T19:26:15.2358172Z Requirement already satisfied: arrow>=0.15.0 in /home/runner/micromamba/envs/tardis/lib/python3.12/site-packages (from isoduration->jsonschema[format-nongpl]>=4.18.0->jupyter-events>=0.9.0->jupyter-server<3,>=2.4.0->notebook>=4.4.1->widgetsnbextension~=3.6.5->ipywidgets>=7.0.0->qgridnext) (1.3.0)
2025-01-13T19:26:15.2659644Z Requirement already satisfied: types-python-dateutil>=2.8.10 in /home/runner/micromamba/envs/tardis/lib/python3.12/site-packages (from arrow>=0.15.0->isoduration->jsonschema[format-nongpl]>=4.18.0->jupyter-events>=0.9.0->jupyter-server<3,>=2.4.0->notebook>=4.4.1->widgetsnbextension~=3.6.5->ipywidgets>=7.0.0->qgridnext) (2.9.0.20240316)
2025-01-13T19:26:15.2956324Z Downloading qgridnext-2.0.4-py3-none-any.whl (1.3 MB)
2025-01-13T19:26:15.3284529Z    â”â”â”â”â”â”â”â”â”â”â”â”â”â”â”â”â”â”â”â”â”â”â”â”â”â”â”â”â”â”â”â”â”â”â”â”â”â”â”â” 1.3/1.3 MB 41.5 MB/s eta 0:00:00
2025-01-13T19:26:16.1130314Z Installing collected packages: qgridnext
2025-01-13T19:26:16.2029938Z Successfully installed qgridnext-2.0.4
2025-01-13T19:26:16.4154530Z ##[group]Run pytest tardis --tardis-regression-data=/home/runner/work/tardis/tardis/tardis-regression-data --cov=tardis --cov-report=xml --cov-report=html --cov-append -m "not continuum"
2025-01-13T19:26:16.4156027Z [36;1mpytest tardis --tardis-regression-data=/home/runner/work/tardis/tardis/tardis-regression-data --cov=tardis --cov-report=xml --cov-report=html --cov-append -m "not continuum"[0m
2025-01-13T19:26:16.4182726Z shell: /usr/bin/bash -l {0}
2025-01-13T19:26:16.4182986Z env:
2025-01-13T19:26:16.4183179Z   CACHE_NUMBER: 0
2025-01-13T19:26:16.4183812Z   PYTEST_FLAGS: --tardis-regression-data=/home/runner/work/tardis/tardis/tardis-regression-data --cov=tardis --cov-report=xml --cov-report=html --cov-append
2025-01-13T19:26:16.4184474Z   CODECOV_TOKEN: 
2025-01-13T19:26:16.4184716Z   MAMBA_ROOT_PREFIX: /home/runner/micromamba
2025-01-13T19:26:16.4185042Z   MAMBA_EXE: /home/runner/micromamba-bin/micromamba
2025-01-13T19:26:16.4185560Z   CONDARC: /home/runner/work/_temp/setup-micromamba/.condarc
2025-01-13T19:26:16.4185883Z ##[endgroup]
2025-01-13T19:26:24.9682324Z ============================= test session starts ==============================
2025-01-13T19:26:24.9683200Z platform linux -- Python 3.12.4, pytest-8.2.2, pluggy-1.5.0
2025-01-13T19:26:24.9683714Z rootdir: /home/runner/work/tardis/tardis
2025-01-13T19:26:24.9684138Z configfile: pyproject.toml
2025-01-13T19:26:24.9684629Z plugins: anyio-4.4.0, doctestplus-1.2.1, cov-5.0.0, html-4.1.1, metadata-3.1.1
2025-01-13T19:26:24.9685194Z collected 1796 items / 2 deselected / 1794 selected
2025-01-13T19:26:24.9685709Z 
2025-01-13T19:26:30.1294596Z tardis/energy_input/tests/test_energy_source.py ..xxx                    [  0%]
2025-01-13T19:26:32.9972655Z tardis/energy_input/tests/test_gamma_ray_channel.py ...........          [  0%]
2025-01-13T19:26:34.6161544Z tardis/energy_input/tests/test_gamma_ray_grid.py xx.                     [  1%]
2025-01-13T19:26:36.3959069Z tardis/energy_input/tests/test_gamma_ray_interactions.py xx....          [  1%]
2025-01-13T19:26:36.4048644Z tardis/energy_input/tests/test_gamma_ray_packet_source.py sssssssss      [  1%]
2025-01-13T19:26:37.7207268Z tardis/energy_input/tests/test_util.py .....xxxx.....                    [  2%]
2025-01-13T19:26:38.0611638Z tardis/grid/tests/test_grid.py .                                         [  2%]
2025-01-13T19:26:38.0628447Z tardis/gui/tests/test_gui.py s                                           [  2%]
2025-01-13T19:26:41.7646859Z tardis/io/configuration/tests/test_config_reader.py ...........          [  3%]
2025-01-13T19:26:41.7771696Z tardis/io/configuration/tests/test_configuration_namespace.py .........  [  3%]
2025-01-13T19:26:41.8035847Z tardis/io/logger/tests/test_logging.py ssssssssssssssssssssssssssss      [  5%]
2025-01-13T19:27:20.1657505Z tardis/io/model/readers/tests/test_arepo_parser.py ..                    [  5%]
2025-01-13T19:27:20.1806708Z tardis/io/model/readers/tests/test_ascii_readers.py ...                  [  5%]
2025-01-13T19:27:20.1914257Z tardis/io/model/readers/tests/test_cmfgen_reader.py ..                   [  5%]
2025-01-13T19:27:20.2214414Z tardis/io/model/readers/tests/test_csvy_reader.py ....                   [  6%]
2025-01-13T19:27:20.2430443Z tardis/io/model/readers/tests/test_stella_reader.py ..                   [  6%]
2025-01-13T19:27:20.5506396Z tardis/io/tests/test_HDFWriter.py ...............                        [  7%]
2025-01-13T19:27:20.8642783Z tardis/io/tests/test_atomic.py .....                                     [  7%]
2025-01-13T19:27:20.8839706Z tardis/io/tests/test_decay.py ..                                         [  7%]
2025-01-13T19:27:21.0808523Z tardis/io/tests/test_model_reader.py ......                              [  7%]
2025-01-13T19:27:21.0875726Z tardis/model/geometry/tests/test_radial1d.py ..                          [  7%]
2025-01-13T19:28:20.0535644Z tardis/model/tests/test_base.py ........................................ [ 10%]
2025-01-13T19:28:21.0403926Z ............                                                             [ 10%]
2025-01-13T19:28:24.1040843Z tardis/model/tests/test_csvy_model.py .........                          [ 11%]
2025-01-13T19:28:24.1519250Z tardis/model/tests/test_density.py ..                                    [ 11%]
2025-01-13T19:28:25.4703413Z tardis/opacities/tests/test_opacity_solver.py .....                      [ 11%]
2025-01-13T19:28:26.8247371Z tardis/opacities/tests/test_opacity_state_numba.py .....                 [ 11%]
2025-01-13T19:28:28.8785911Z tardis/opacities/tests/test_tau_sobolev.py FF                            [ 12%]
2025-01-13T19:28:31.6191879Z tardis/plasma/equilibrium/tests/test_collisional_transitions.py ...      [ 12%]
2025-01-13T19:29:17.9046620Z tardis/plasma/equilibrium/tests/test_level_populations.py ....           [ 12%]
2025-01-13T19:29:29.3393528Z tardis/plasma/equilibrium/tests/test_rate_matrix.py .                    [ 12%]
2025-01-13T19:29:30.7791568Z tardis/plasma/tests/test_complete_plasmas.py .....................s..... [ 13%]
2025-01-13T19:29:33.7483148Z s....ssssss............s............ss.....s....ssssss............s..... [ 18%]
2025-01-13T19:29:35.4879934Z .......ss.....s....ssssss............s............ss.....s....ssssss.... [ 22%]
2025-01-13T19:29:38.7396959Z ........s............ss.....s........ss............s............ss.....s [ 26%]
2025-01-13T19:29:41.6926376Z ........ss............s............ss.....s....ssssss............s...... [ 30%]
2025-01-13T19:29:42.4505125Z ......ss.....s....ssssss............s............ss.....s.ss.ssssss..... [ 34%]
2025-01-13T19:29:45.3672762Z .......s............ss.....s....ssssss............s............ss.....s. [ 38%]
2025-01-13T19:29:48.3004432Z ...ssssss............s............ss.....s....ssssss............s....... [ 42%]
2025-01-13T19:29:51.7470005Z .....ss.....s....ssssss............s............s...........ssssss...... [ 46%]
2025-01-13T19:29:53.6007352Z ......s............s...........ssssss............s............s......... [ 50%]
2025-01-13T19:29:56.5393859Z ..ssssss............s............ss.....s....ssssss............s........ [ 54%]
2025-01-13T19:29:59.6838825Z ....ss.....s....ssssss..........................s.....s....ssss......... [ 58%]
2025-01-13T19:30:00.0069498Z ...................s.....s....ssss.......                                [ 60%]
2025-01-13T19:30:00.1222966Z tardis/plasma/tests/test_hdf_plasma.py ................................. [ 62%]
2025-01-13T19:30:00.1337379Z ......                                                                   [ 62%]
2025-01-13T19:30:00.2644620Z tardis/plasma/tests/test_nlte_excitation.py ...                          [ 62%]
2025-01-13T19:32:15.4058551Z tardis/plasma/tests/test_nlte_solver.py .....X                           [ 63%]
2025-01-13T19:32:15.4083752Z tardis/plasma/tests/test_plasma_continuum.py .                           [ 63%]
2025-01-13T19:32:37.8939503Z tardis/plasma/tests/test_plasma_vboundary.py .............               [ 63%]
2025-01-13T19:32:51.4402794Z tardis/plasma/tests/test_tardis_model_density_config.py ...              [ 64%]
2025-01-13T19:32:52.1775742Z tardis/simulation/tests/test_convergence.py .....                        [ 64%]
2025-01-13T19:33:00.7363644Z tardis/simulation/tests/test_simulation.py .............                 [ 65%]
2025-01-13T19:33:00.7556032Z tardis/spectrum/tests/test_cuda_formal_integral.py sssssssssssssssssssss [ 66%]
2025-01-13T19:33:01.2219644Z ssss...ssssssssssssssssssssss                                            [ 67%]
2025-01-13T19:33:01.2292234Z tardis/spectrum/tests/test_luminosity.py ....                            [ 68%]
2025-01-13T19:33:02.8461174Z tardis/spectrum/tests/test_numba_formal_integral.py .................... [ 69%]
2025-01-13T19:33:02.8655806Z ..........                                                               [ 69%]
2025-01-13T19:33:03.0406860Z tardis/spectrum/tests/test_spectrum.py ................................. [ 71%]
2025-01-13T19:33:03.0745033Z .........                                                                [ 72%]
2025-01-13T19:33:22.0886850Z tardis/spectrum/tests/test_spectrum_solver.py ....                       [ 72%]
2025-01-13T19:34:23.4517745Z tardis/tests/test_tardis_full.py ....                                    [ 72%]
2025-01-13T19:35:47.2375538Z tardis/tests/test_tardis_full_formal_integral.py ................        [ 73%]
2025-01-13T19:35:47.3130143Z tardis/tests/test_util.py .............................................  [ 75%]
2025-01-13T19:35:49.9235104Z tardis/transport/montecarlo/tests/test_base.py x.....................    [ 77%]
2025-01-13T19:35:57.5255952Z tardis/transport/montecarlo/tests/test_interaction.py .......            [ 77%]
2025-01-13T19:35:57.7365791Z tardis/transport/montecarlo/tests/test_macro_atom.py ....                [ 77%]
2025-01-13T19:35:57.7543357Z tardis/transport/montecarlo/tests/test_montecarlo.py sssssssssssssssssss [ 78%]
2025-01-13T19:35:57.8021208Z sssssssssssssssssssssssssssssssssssssssssssss                            [ 81%]
2025-01-13T19:36:06.6078076Z tardis/transport/montecarlo/tests/test_montecarlo_main_loop.py x..       [ 81%]
2025-01-13T19:36:06.6146132Z tardis/transport/montecarlo/tests/test_nonhomologous.py ...              [ 81%]
2025-01-13T19:36:12.4465198Z tardis/transport/montecarlo/tests/test_numba_interface.py .....x.        [ 82%]
2025-01-13T19:36:12.9273467Z tardis/transport/montecarlo/tests/test_opacities.py ...............      [ 82%]
2025-01-13T19:36:13.9642964Z tardis/transport/montecarlo/tests/test_packet.py .................xXXXXX [ 84%]
2025-01-13T19:36:14.1049001Z XX.........                                                              [ 84%]
2025-01-13T19:36:14.1329528Z tardis/transport/montecarlo/tests/test_packet_source.py ........         [ 85%]
2025-01-13T19:36:14.4639097Z tardis/transport/montecarlo/tests/test_rpacket_last_interaction_tracker.py . [ 85%]
2025-01-13T19:36:14.8805042Z .....                                                                    [ 85%]
2025-01-13T19:36:49.7512560Z tardis/transport/montecarlo/tests/test_rpacket_tracker.py ......         [ 85%]
2025-01-13T19:36:49.7799214Z tardis/transport/montecarlo/tests/test_single_packet_loop.py xxx         [ 86%]
2025-01-13T19:36:49.7831657Z tardis/transport/montecarlo/tests/test_tracker_utils.py ..               [ 86%]
2025-01-13T19:36:52.6333253Z tardis/transport/montecarlo/tests/test_vpacket.py ..x.                   [ 86%]
2025-01-13T19:36:52.6504194Z tardis/transport/montecarlo/tests/test_weighted_packet_source.py ....    [ 86%]
2025-01-13T19:36:56.0381477Z tardis/transport/montecarlo/tests/test_weighted_packet_source_integration.py . [ 86%]
2025-01-13T19:36:56.0382569Z                                                                          [ 86%]
2025-01-13T19:36:56.7978587Z tardis/transport/tests/test_doppler_factor.py ..................         [ 87%]
2025-01-13T19:36:58.1504079Z tardis/visualization/tools/tests/test_convergence_plot.py .............. [ 88%]
2025-01-13T19:37:00.3528669Z ......                                                                   [ 88%]
2025-01-13T19:37:05.0842830Z tardis/visualization/tools/tests/test_liv_plot.py ...................... [ 90%]
2025-01-13T19:37:07.7548405Z .............................                                            [ 91%]
2025-01-13T19:37:10.5941838Z tardis/visualization/tools/tests/test_rpacket_plot.py .................. [ 92%]
2025-01-13T19:37:17.5869016Z ....                                                                     [ 92%]
2025-01-13T19:37:24.0719105Z tardis/visualization/tools/tests/test_sdec_plot.py ..................... [ 94%]
2025-01-13T19:37:31.5703612Z ..............................                                           [ 95%]
2025-01-13T19:37:31.9962693Z tardis/visualization/widgets/tests/test_custom_abundance.py ........ss.. [ 96%]
2025-01-13T19:37:32.0663204Z ....                                                                     [ 96%]
2025-01-13T19:37:33.1028947Z tardis/visualization/widgets/tests/test_line_info.py ................... [ 97%]
2025-01-13T19:37:33.7229821Z ..................                                                       [ 98%]
2025-01-13T19:38:37.0260746Z tardis/visualization/widgets/tests/test_shell_info.py .................. [ 99%]
2025-01-13T19:38:44.7999372Z ......                                                                   [100%]
2025-01-13T19:38:44.7999845Z 
2025-01-13T19:38:44.8000064Z =================================== FAILURES ===================================
2025-01-13T19:38:44.8000819Z _____________________ test_calculate_sobolev_line_opacity ______________________
2025-01-13T19:38:44.8001335Z 
2025-01-13T19:38:44.8001830Z nb_simulation_verysimple = <tardis.simulation.base.Simulation object at 0x7f77ad4f4500>
2025-01-13T19:38:44.8003027Z regression_data = <tardis.tests.fixtures.regression_data.RegressionData object at 0x7f77ceeeaab0>
2025-01-13T19:38:44.8003438Z 
2025-01-13T19:38:44.8003549Z     def test_calculate_sobolev_line_opacity(
2025-01-13T19:38:44.8003846Z         nb_simulation_verysimple, regression_data
2025-01-13T19:38:44.8004111Z     ):
2025-01-13T19:38:44.8004348Z         legacy_plasma = nb_simulation_verysimple.plasma
2025-01-13T19:38:44.8004631Z     
2025-01-13T19:38:44.8004825Z         actual = calculate_sobolev_line_opacity(
2025-01-13T19:38:44.8005098Z             legacy_plasma.lines,
2025-01-13T19:38:44.8005589Z             legacy_plasma.level_number_density,
2025-01-13T19:38:44.8005944Z             legacy_plasma.time_explosion,
2025-01-13T19:38:44.8006233Z             legacy_plasma.stimulated_emission_factor,
2025-01-13T19:38:44.8006500Z         )
2025-01-13T19:38:44.8006719Z >       expected = regression_data.sync_dataframe(actual)
2025-01-13T19:38:44.8006931Z 
2025-01-13T19:38:44.8007050Z tardis/opacities/tests/test_tau_sobolev.py:21: 
2025-01-13T19:38:44.8007392Z _ _ _ _ _ _ _ _ _ _ _ _ _ _ _ _ _ _ _ _ _ _ _ _ _ _ _ _ _ _ _ _ _ _ _ _ _ _ _ _ 
2025-01-13T19:38:44.8007771Z tardis/tests/fixtures/regression_data.py:88: in sync_dataframe
2025-01-13T19:38:44.8008132Z     return pd.read_hdf(self.fpath, key=key)
2025-01-13T19:38:44.8008436Z _ _ _ _ _ _ _ _ _ _ _ _ _ _ _ _ _ _ _ _ _ _ _ _ _ _ _ _ _ _ _ _ _ _ _ _ _ _ _ _ 
2025-01-13T19:38:44.8008642Z 
2025-01-13T19:38:44.8009036Z path_or_buf = '/home/runner/work/tardis/tardis/tardis-regression-data/test_tau_sobolev/test_calculate_sobolev_line_opacity.h5'
2025-01-13T19:38:44.8009659Z key = 'data', mode = 'r', errors = 'strict', where = None, start = None
2025-01-13T19:38:44.8010086Z stop = None, columns = None, iterator = False, chunksize = None, kwargs = {}
2025-01-13T19:38:44.8010431Z exists = False
2025-01-13T19:38:44.8010544Z 
2025-01-13T19:38:44.8010621Z     def read_hdf(
2025-01-13T19:38:44.8010830Z         path_or_buf: FilePath | HDFStore,
2025-01-13T19:38:44.8011084Z         key=None,
2025-01-13T19:38:44.8011271Z         mode: str = "r",
2025-01-13T19:38:44.8011483Z         errors: str = "strict",
2025-01-13T19:38:44.8011716Z         where: str | list | None = None,
2025-01-13T19:38:44.8011970Z         start: int | None = None,
2025-01-13T19:38:44.8012207Z         stop: int | None = None,
2025-01-13T19:38:44.8012449Z         columns: list[str] | None = None,
2025-01-13T19:38:44.8012704Z         iterator: bool = False,
2025-01-13T19:38:44.8012942Z         chunksize: int | None = None,
2025-01-13T19:38:44.8013176Z         **kwargs,
2025-01-13T19:38:44.8013357Z     ):
2025-01-13T19:38:44.8013554Z         """
2025-01-13T19:38:44.8013762Z         Read from the store, close it if we opened it.
2025-01-13T19:38:44.8014258Z     
2025-01-13T19:38:44.8014508Z         Retrieve pandas object stored in file, optionally based on where
2025-01-13T19:38:44.8014822Z         criteria.
2025-01-13T19:38:44.8015002Z     
2025-01-13T19:38:44.8019767Z         .. warning::
2025-01-13T19:38:44.8020111Z     
2025-01-13T19:38:44.8020563Z            Pandas uses PyTables for reading and writing HDF5 files, which allows
2025-01-13T19:38:44.8021344Z            serializing object-dtype data with pickle when using the "fixed" format.
2025-01-13T19:38:44.8021862Z            Loading pickled data received from untrusted sources can be unsafe.
2025-01-13T19:38:44.8022405Z     
2025-01-13T19:38:44.8022695Z            See: https://docs.python.org/3/library/pickle.html for more.
2025-01-13T19:38:44.8023013Z     
2025-01-13T19:38:44.8023173Z         Parameters
2025-01-13T19:38:44.8023371Z         ----------
2025-01-13T19:38:44.8023601Z         path_or_buf : str, path object, pandas.HDFStore
2025-01-13T19:38:44.8023992Z             Any valid string path is acceptable. Only supports the local file system,
2025-01-13T19:38:44.8024406Z             remote URLs and file-like objects are not supported.
2025-01-13T19:38:44.8024685Z     
2025-01-13T19:38:44.8024907Z             If you want to pass in a path object, pandas accepts any
2025-01-13T19:38:44.8025203Z             ``os.PathLike``.
2025-01-13T19:38:44.8025624Z     
2025-01-13T19:38:44.8025901Z             Alternatively, pandas accepts an open :class:`pandas.HDFStore` object.
2025-01-13T19:38:44.8026230Z     
2025-01-13T19:38:44.8026392Z         key : object, optional
2025-01-13T19:38:44.8026692Z             The group identifier in the store. Can be omitted if the HDF file
2025-01-13T19:38:44.8027028Z             contains a single pandas object.
2025-01-13T19:38:44.8027277Z         mode : {'r', 'r+', 'a'}, default 'r'
2025-01-13T19:38:44.8027574Z             Mode to use when opening the file. Ignored if path_or_buf is a
2025-01-13T19:38:44.8027912Z             :class:`pandas.HDFStore`. Default is 'r'.
2025-01-13T19:38:44.8028191Z         errors : str, default 'strict'
2025-01-13T19:38:44.8028503Z             Specifies how encoding and decoding errors are to be handled.
2025-01-13T19:38:44.8028867Z             See the errors argument for :func:`open` for a full list
2025-01-13T19:38:44.8029149Z             of options.
2025-01-13T19:38:44.8029383Z         where : list, optional
2025-01-13T19:38:44.8029623Z             A list of Term (or convertible) objects.
2025-01-13T19:38:44.8029879Z         start : int, optional
2025-01-13T19:38:44.8030105Z             Row number to start selection.
2025-01-13T19:38:44.8030348Z         stop  : int, optional
2025-01-13T19:38:44.8030565Z             Row number to stop selection.
2025-01-13T19:38:44.8030807Z         columns : list, optional
2025-01-13T19:38:44.8031040Z             A list of columns names to return.
2025-01-13T19:38:44.8031287Z         iterator : bool, optional
2025-01-13T19:38:44.8031517Z             Return an iterator object.
2025-01-13T19:38:44.8031864Z         chunksize : int, optional
2025-01-13T19:38:44.8032332Z             Number of rows to include in an iteration when using an iterator.
2025-01-13T19:38:44.8032854Z         **kwargs
2025-01-13T19:38:44.8033177Z             Additional keyword arguments passed to HDFStore.
2025-01-13T19:38:44.8033444Z     
2025-01-13T19:38:44.8033595Z         Returns
2025-01-13T19:38:44.8033767Z         -------
2025-01-13T19:38:44.8033932Z         object
2025-01-13T19:38:44.8034179Z             The selected object. Return type depends on the object stored.
2025-01-13T19:38:44.8034476Z     
2025-01-13T19:38:44.8034632Z         See Also
2025-01-13T19:38:44.8034804Z         --------
2025-01-13T19:38:44.8035034Z         DataFrame.to_hdf : Write a HDF file from a DataFrame.
2025-01-13T19:38:44.8035554Z         HDFStore : Low-level access to HDF files.
2025-01-13T19:38:44.8035813Z     
2025-01-13T19:38:44.8035970Z         Examples
2025-01-13T19:38:44.8036141Z         --------
2025-01-13T19:38:44.8036567Z         >>> df = pd.DataFrame([[1, 1.0, 'a']], columns=['x', 'y', 'z'])  # doctest: +SKIP
2025-01-13T19:38:44.8036917Z         >>> df.to_hdf('./store.h5', 'data')  # doctest: +SKIP
2025-01-13T19:38:44.8037224Z         >>> reread = pd.read_hdf('./store.h5')  # doctest: +SKIP
2025-01-13T19:38:44.8037494Z         """
2025-01-13T19:38:44.8037670Z         if mode not in ["r", "r+", "a"]:
2025-01-13T19:38:44.8037909Z             raise ValueError(
2025-01-13T19:38:44.8038178Z                 f"mode {mode} is not allowed while performing a read. "
2025-01-13T19:38:44.8038484Z                 f"Allowed modes are r, r+ and a."
2025-01-13T19:38:44.8038830Z             )
2025-01-13T19:38:44.8039012Z         # grab the scope
2025-01-13T19:38:44.8039211Z         if where is not None:
2025-01-13T19:38:44.8039447Z             where = _ensure_term(where, scope_level=1)
2025-01-13T19:38:44.8039695Z     
2025-01-13T19:38:44.8039876Z         if isinstance(path_or_buf, HDFStore):
2025-01-13T19:38:44.8040139Z             if not path_or_buf.is_open:
2025-01-13T19:38:44.8040433Z                 raise OSError("The HDFStore must be open for reading.")
2025-01-13T19:38:44.8040720Z     
2025-01-13T19:38:44.8040881Z             store = path_or_buf
2025-01-13T19:38:44.8041097Z             auto_close = False
2025-01-13T19:38:44.8041303Z         else:
2025-01-13T19:38:44.8041507Z             path_or_buf = stringify_path(path_or_buf)
2025-01-13T19:38:44.8041784Z             if not isinstance(path_or_buf, str):
2025-01-13T19:38:44.8042048Z                 raise NotImplementedError(
2025-01-13T19:38:44.8042355Z                     "Support for generic buffers has not been implemented."
2025-01-13T19:38:44.8042643Z                 )
2025-01-13T19:38:44.8042815Z             try:
2025-01-13T19:38:44.8043020Z                 exists = os.path.exists(path_or_buf)
2025-01-13T19:38:44.8043265Z     
2025-01-13T19:38:44.8043433Z             # if filepath is too long
2025-01-13T19:38:44.8043686Z             except (TypeError, ValueError):
2025-01-13T19:38:44.8043928Z                 exists = False
2025-01-13T19:38:44.8044128Z     
2025-01-13T19:38:44.8044283Z             if not exists:
2025-01-13T19:38:44.8044562Z >               raise FileNotFoundError(f"File {path_or_buf} does not exist")
2025-01-13T19:38:44.8045273Z E               FileNotFoundError: File /home/runner/work/tardis/tardis/tardis-regression-data/test_tau_sobolev/test_calculate_sobolev_line_opacity.h5 does not exist
2025-01-13T19:38:44.8046043Z 
2025-01-13T19:38:44.8046338Z ../../../micromamba/envs/tardis/lib/python3.12/site-packages/pandas/io/pytables.py:424: FileNotFoundError
2025-01-13T19:38:44.8046861Z ---------------------------- Captured stdout setup -----------------------------
2025-01-13T19:38:44.8047499Z [[1mtardis.io.model.parse_density_configuration[0m][[1;33mWARNING[0m]  
2025-01-13T19:38:44.8048389Z 	Number of density points larger than number of shells. Assuming inner point irrelevant ([1mparse_density_configuration.py[0m:114)
2025-01-13T19:38:44.8049237Z ---------------------------- Captured stderr setup -----------------------------
2025-01-13T19:38:44.8049479Z 
2025-01-13T19:38:44.8049822Z Iterations:â–ˆâ–ˆâ–ˆâ–ˆâ–ˆâ–ˆâ–ˆâ–ˆâ–ˆâ–ˆâ–ˆâ–ˆâ–ˆâ–ˆâ–ˆâ–ˆâ–ˆâ–ˆâ–ˆâ–ˆâ–ˆâ–ˆâ–ˆâ–ˆâ–ˆâ–ˆâ–ˆâ–ˆâ–ˆâ–ˆâ–ˆâ–ˆâ–ˆâ–ˆâ–ˆâ–ˆâ–ˆâ–ˆâ–ˆâ–ˆâ–ˆâ–ˆâ–ˆâ–ˆâ–ˆâ–ˆâ–ˆâ–ˆâ–ˆâ–ˆâ–ˆâ–ˆâ–ˆâ–ˆâ–ˆâ–ˆâ–ˆâ–ˆâ–ˆâ–ˆâ–ˆâ–ˆâ–ˆâ–ˆ                4/5 [00:12<00:02,  2.71s/it]
2025-01-13T19:38:44.8050089Z 
2025-01-13T19:38:44.8050319Z Packets:                                                                                   4030/? [00:12<00:00, 33930.97it/s][A
2025-01-13T19:38:44.8050683Z ------------------------------ Captured log setup ------------------------------
2025-01-13T19:38:44.8051415Z WARNING  tardis.io.model.parse_density_configuration:parse_density_configuration.py:114 Number of density points larger than number of shells. Assuming inner point irrelevant
2025-01-13T19:38:44.8052124Z _________________________ test_calculate_beta_sobolevs _________________________
2025-01-13T19:38:44.8052352Z 
2025-01-13T19:38:44.8052586Z nb_simulation_verysimple = <tardis.simulation.base.Simulation object at 0x7f77ad4f4500>
2025-01-13T19:38:44.8053328Z regression_data = <tardis.tests.fixtures.regression_data.RegressionData object at 0x7f77cef74590>
2025-01-13T19:38:44.8053673Z 
2025-01-13T19:38:44.8053860Z     def test_calculate_beta_sobolevs(nb_simulation_verysimple, regression_data):
2025-01-13T19:38:44.8054248Z         legacy_plasma = nb_simulation_verysimple.plasma
2025-01-13T19:38:44.8054509Z     
2025-01-13T19:38:44.8054707Z         tau_sobolevs = calculate_sobolev_line_opacity(
2025-01-13T19:38:44.8054985Z             legacy_plasma.lines,
2025-01-13T19:38:44.8055236Z             legacy_plasma.level_number_density,
2025-01-13T19:38:44.8055859Z             legacy_plasma.time_explosion,
2025-01-13T19:38:44.8056158Z             legacy_plasma.stimulated_emission_factor,
2025-01-13T19:38:44.8056409Z         )
2025-01-13T19:38:44.8056606Z         actual = calculate_beta_sobolev(tau_sobolevs)
2025-01-13T19:38:44.8056903Z >       expected = regression_data.sync_ndarray(actual)
2025-01-13T19:38:44.8057097Z 
2025-01-13T19:38:44.8057214Z tardis/opacities/tests/test_tau_sobolev.py:35: 
2025-01-13T19:38:44.8057516Z _ _ _ _ _ _ _ _ _ _ _ _ _ _ _ _ _ _ _ _ _ _ _ _ _ _ _ _ _ _ _ _ _ _ _ _ _ _ _ _ 
2025-01-13T19:38:44.8057861Z tardis/tests/fixtures/regression_data.py:111: in sync_ndarray
2025-01-13T19:38:44.8058183Z     return np.load(self.fpath)
2025-01-13T19:38:44.8058430Z _ _ _ _ _ _ _ _ _ _ _ _ _ _ _ _ _ _ _ _ _ _ _ _ _ _ _ _ _ _ _ _ _ _ _ _ _ _ _ _ 
2025-01-13T19:38:44.8058618Z 
2025-01-13T19:38:44.8058998Z file = PosixPath('/home/runner/work/tardis/tardis/tardis-regression-data/test_tau_sobolev/test_calculate_beta_sobolevs.npy')
2025-01-13T19:38:44.8059625Z mmap_mode = None, allow_pickle = False, fix_imports = True, encoding = 'ASCII'
2025-01-13T19:38:44.8059888Z 
2025-01-13T19:38:44.8059969Z     @set_module('numpy')
2025-01-13T19:38:44.8060252Z     def load(file, mmap_mode=None, allow_pickle=False, fix_imports=True,
2025-01-13T19:38:44.8060694Z              encoding='ASCII', *, max_header_size=format._MAX_HEADER_SIZE):
2025-01-13T19:38:44.8060996Z         """
2025-01-13T19:38:44.8061264Z         Load arrays or pickled objects from ``.npy``, ``.npz`` or pickled files.
2025-01-13T19:38:44.8061584Z     
2025-01-13T19:38:44.8061857Z         .. warning:: Loading files that contain object arrays uses the ``pickle``
2025-01-13T19:38:44.8062255Z                      module, which is not secure against erroneous or maliciously
2025-01-13T19:38:44.8062625Z                      constructed data. Consider passing ``allow_pickle=False`` to
2025-01-13T19:38:44.8062995Z                      load data that is known not to contain object arrays for the
2025-01-13T19:38:44.8063324Z                      safer handling of untrusted sources.
2025-01-13T19:38:44.8063568Z     
2025-01-13T19:38:44.8063723Z         Parameters
2025-01-13T19:38:44.8063905Z         ----------
2025-01-13T19:38:44.8064126Z         file : file-like object, string, or pathlib.Path
2025-01-13T19:38:44.8064443Z             The file to read. File-like objects must support the
2025-01-13T19:38:44.8064769Z             ``seek()`` and ``read()`` methods and must always
2025-01-13T19:38:44.8065090Z             be opened in binary mode.  Pickled files require that the
2025-01-13T19:38:44.8065626Z             file-like object support the ``readline()`` method as well.
2025-01-13T19:38:44.8065962Z         mmap_mode : {None, 'r+', 'r', 'w+', 'c'}, optional
2025-01-13T19:38:44.8066294Z             If not None, then memory-map the file, using the given mode (see
2025-01-13T19:38:44.8066667Z             `numpy.memmap` for a detailed description of the modes).  A
2025-01-13T19:38:44.8067043Z             memory-mapped array is kept on disk. However, it can be accessed
2025-01-13T19:38:44.8067439Z             and sliced like any ndarray.  Memory mapping is especially useful
2025-01-13T19:38:44.8067827Z             for accessing small fragments of large files without reading the
2025-01-13T19:38:44.8068146Z             entire file into memory.
2025-01-13T19:38:44.8068386Z         allow_pickle : bool, optional
2025-01-13T19:38:44.8068841Z             Allow loading pickled object arrays stored in npy files. Reasons for
2025-01-13T19:38:44.8069252Z             disallowing pickles include security, as loading pickled data can
2025-01-13T19:38:44.8069654Z             execute arbitrary code. If pickles are disallowed, loading object
2025-01-13T19:38:44.8069985Z             arrays will fail. Default: False
2025-01-13T19:38:44.8070216Z     
2025-01-13T19:38:44.8070388Z             .. versionchanged:: 1.16.3
2025-01-13T19:38:44.8070661Z                 Made default False in response to CVE-2019-6446.
2025-01-13T19:38:44.8070921Z     
2025-01-13T19:38:44.8071217Z         fix_imports : bool, optional
2025-01-13T19:38:44.8071545Z             Only useful when loading Python 2 generated pickled files on Python 3,
2025-01-13T19:38:44.8071979Z             which includes npy/npz files containing object arrays. If `fix_imports`
2025-01-13T19:38:44.8072400Z             is True, pickle will try to map the old Python 2 names to the new names
2025-01-13T19:38:44.8072728Z             used in Python 3.
2025-01-13T19:38:44.8072956Z         encoding : str, optional
2025-01-13T19:38:44.8073261Z             What encoding to use when reading Python 2 strings. Only useful when
2025-01-13T19:38:44.8073663Z             loading Python 2 generated pickled files in Python 3, which includes
2025-01-13T19:38:44.8074076Z             npy/npz files containing object arrays. Values other than 'latin1',
2025-01-13T19:38:44.8074470Z             'ASCII', and 'bytes' are not allowed, as they can corrupt numerical
2025-01-13T19:38:44.8074778Z             data. Default: 'ASCII'
2025-01-13T19:38:44.8075020Z         max_header_size : int, optional
2025-01-13T19:38:44.8075494Z             Maximum allowed size of the header.  Large headers may not be safe
2025-01-13T19:38:44.8075905Z             to load securely and thus require explicitly passing a larger value.
2025-01-13T19:38:44.8076251Z             See :py:func:`ast.literal_eval()` for details.
2025-01-13T19:38:44.8076600Z             This option is ignored when `allow_pickle` is passed.  In that case
2025-01-13T19:38:44.8076987Z             the file is by definition trusted and the limit is unnecessary.
2025-01-13T19:38:44.8077279Z     
2025-01-13T19:38:44.8077432Z         Returns
2025-01-13T19:38:44.8077605Z         -------
2025-01-13T19:38:44.8077796Z         result : array, tuple, dict, etc.
2025-01-13T19:38:44.8078110Z             Data stored in the file. For ``.npz`` files, the returned instance
2025-01-13T19:38:44.8078494Z             of NpzFile class must be closed to avoid leaking file descriptors.
2025-01-13T19:38:44.8078795Z     
2025-01-13T19:38:44.8078952Z         Raises
2025-01-13T19:38:44.8079119Z         ------
2025-01-13T19:38:44.8079282Z         OSError
2025-01-13T19:38:44.8079500Z             If the input file does not exist or cannot be read.
2025-01-13T19:38:44.8079774Z         UnpicklingError
2025-01-13T19:38:44.8080048Z             If ``allow_pickle=True``, but the file cannot be loaded as a pickle.
2025-01-13T19:38:44.8080353Z         ValueError
2025-01-13T19:38:44.8080616Z             The file contains an object array, but ``allow_pickle=False`` given.
2025-01-13T19:38:44.8080921Z         EOFError
2025-01-13T19:38:44.8081173Z             When calling ``np.load`` multiple times on the same file handle,
2025-01-13T19:38:44.8081493Z             if all data has already been read
2025-01-13T19:38:44.8081729Z     
2025-01-13T19:38:44.8081885Z         See Also
2025-01-13T19:38:44.8082056Z         --------
2025-01-13T19:38:44.8082251Z         save, savez, savez_compressed, loadtxt
2025-01-13T19:38:44.8082618Z         memmap : Create a memory-map to an array stored in a file on disk.
2025-01-13T19:38:44.8083022Z         lib.format.open_memmap : Create or load a memory-mapped ``.npy`` file.
2025-01-13T19:38:44.8083333Z     
2025-01-13T19:38:44.8083482Z         Notes
2025-01-13T19:38:44.8083644Z         -----
2025-01-13T19:38:44.8083898Z         - If the file contains pickle data, then whatever object is stored
2025-01-13T19:38:44.8084339Z           in the pickle is returned.
2025-01-13T19:38:44.8084633Z         - If the file is a ``.npy`` file, then a single array is returned.
2025-01-13T19:38:44.8084981Z         - If the file is a ``.npz`` file, then a dictionary-like object is
2025-01-13T19:38:44.8085537Z           returned, containing ``{filename: array}`` key-value pairs, one for
2025-01-13T19:38:44.8085903Z           each file in the archive.
2025-01-13T19:38:44.8086196Z         - If the file is a ``.npz`` file, the returned value supports the
2025-01-13T19:38:44.8086591Z           context manager protocol in a similar fashion to the open function::
2025-01-13T19:38:44.8087026Z     
2025-01-13T19:38:44.8087200Z             with load('foo.npz') as data:
2025-01-13T19:38:44.8087435Z                 a = data['a']
2025-01-13T19:38:44.8087633Z     
2025-01-13T19:38:44.8087907Z           The underlying file descriptor is closed when exiting the 'with'
2025-01-13T19:38:44.8088211Z           block.
2025-01-13T19:38:44.8088385Z     
2025-01-13T19:38:44.8088536Z         Examples
2025-01-13T19:38:44.8088707Z         --------
2025-01-13T19:38:44.8088900Z         Store data to disk, and load it again:
2025-01-13T19:38:44.8089131Z     
2025-01-13T19:38:44.8089331Z         >>> np.save('/tmp/123', np.array([[1, 2, 3], [4, 5, 6]]))
2025-01-13T19:38:44.8089605Z         >>> np.load('/tmp/123.npy')
2025-01-13T19:38:44.8089829Z         array([[1, 2, 3],
2025-01-13T19:38:44.8090024Z                [4, 5, 6]])
2025-01-13T19:38:44.8090211Z     
2025-01-13T19:38:44.8090405Z         Store compressed data to disk, and load it again:
2025-01-13T19:38:44.8090666Z     
2025-01-13T19:38:44.8090840Z         >>> a=np.array([[1, 2, 3], [4, 5, 6]])
2025-01-13T19:38:44.8091078Z         >>> b=np.array([1, 2])
2025-01-13T19:38:44.8091302Z         >>> np.savez('/tmp/123.npz', a=a, b=b)
2025-01-13T19:38:44.8091555Z         >>> data = np.load('/tmp/123.npz')
2025-01-13T19:38:44.8091789Z         >>> data['a']
2025-01-13T19:38:44.8091982Z         array([[1, 2, 3],
2025-01-13T19:38:44.8092170Z                [4, 5, 6]])
2025-01-13T19:38:44.8092357Z         >>> data['b']
2025-01-13T19:38:44.8092539Z         array([1, 2])
2025-01-13T19:38:44.8092725Z         >>> data.close()
2025-01-13T19:38:44.8092911Z     
2025-01-13T19:38:44.8093123Z         Mem-map the stored array, and then access the second row
2025-01-13T19:38:44.8093414Z         directly from disk:
2025-01-13T19:38:44.8093611Z     
2025-01-13T19:38:44.8093792Z         >>> X = np.load('/tmp/123.npy', mmap_mode='r')
2025-01-13T19:38:44.8094036Z         >>> X[1, :]
2025-01-13T19:38:44.8094218Z         memmap([4, 5, 6])
2025-01-13T19:38:44.8094407Z     
2025-01-13T19:38:44.8094566Z         """
2025-01-13T19:38:44.8094770Z         if encoding not in ('ASCII', 'latin1', 'bytes'):
2025-01-13T19:38:44.8095093Z             # The 'encoding' value for pickle also affects what encoding
2025-01-13T19:38:44.8095642Z             # the serialized binary data of NumPy arrays is loaded
2025-01-13T19:38:44.8095995Z             # in. Pickle does not pass on the encoding information to
2025-01-13T19:38:44.8096341Z             # NumPy. The unpickling code in numpy.core.multiarray is
2025-01-13T19:38:44.8096709Z             # written to assume that unicode data appearing where binary
2025-01-13T19:38:44.8097078Z             # should be is in 'latin1'. 'bytes' is also safe, as is 'ASCII'.
2025-01-13T19:38:44.8097379Z             #
2025-01-13T19:38:44.8097608Z             # Other encoding values can corrupt binary data, and we
2025-01-13T19:38:44.8097975Z             # purposefully disallow them. For the same reason, the errors=
2025-01-13T19:38:44.8098344Z             # argument is not exposed, as values other than 'strict'
2025-01-13T19:38:44.8098676Z             # result can similarly silently corrupt numerical data.
2025-01-13T19:38:44.8099055Z             raise ValueError("encoding must be 'ASCII', 'latin1', or 'bytes'")
2025-01-13T19:38:44.8099365Z     
2025-01-13T19:38:44.8099606Z         pickle_kwargs = dict(encoding=encoding, fix_imports=fix_imports)
2025-01-13T19:38:44.8100035Z     
2025-01-13T19:38:44.8100219Z         with contextlib.ExitStack() as stack:
2025-01-13T19:38:44.8100476Z             if hasattr(file, 'read'):
2025-01-13T19:38:44.8100705Z                 fid = file
2025-01-13T19:38:44.8100909Z                 own_fid = False
2025-01-13T19:38:44.8101114Z             else:
2025-01-13T19:38:44.8101350Z >               fid = stack.enter_context(open(os_fspath(file), "rb"))
2025-01-13T19:38:44.8102149Z E               FileNotFoundError: [Errno 2] No such file or directory: '/home/runner/work/tardis/tardis/tardis-regression-data/test_tau_sobolev/test_calculate_beta_sobolevs.npy'
2025-01-13T19:38:44.8102714Z 
2025-01-13T19:38:44.8102984Z ../../../micromamba/envs/tardis/lib/python3.12/site-packages/numpy/lib/npyio.py:427: FileNotFoundError
2025-01-13T19:38:44.8103450Z =============================== warnings summary ===============================
2025-01-13T19:38:44.8103757Z tardis/io/configuration/config_validator.py:6
2025-01-13T19:38:44.8104050Z tardis/io/configuration/config_validator.py:6
2025-01-13T19:38:44.8104527Z   /home/runner/work/tardis/tardis/tardis/io/configuration/config_validator.py:6: DeprecationWarning:
2025-01-13T19:38:44.8104974Z   
2025-01-13T19:38:44.8106387Z   jsonschema.RefResolver is deprecated as of v4.18.0, in favor of the https://github.com/python-jsonschema/referencing library, which provides more compliant referencing behavior as well as more flexible APIs for customization. A future release will remove RefResolver. Please file a feature request (on referencing) if you are missing an API for the kind of customization you need.
2025-01-13T19:38:44.8107576Z 
2025-01-13T19:38:44.8107811Z ../../../micromamba/envs/tardis/lib/python3.12/site-packages/jupyter_client/connect.py:22
2025-01-13T19:38:44.8108463Z   /home/runner/micromamba/envs/tardis/lib/python3.12/site-packages/jupyter_client/connect.py:22: DeprecationWarning:
2025-01-13T19:38:44.8108955Z   
2025-01-13T19:38:44.8109187Z   Jupyter is migrating its paths to use standard platformdirs
2025-01-13T19:38:44.8109565Z   given by the platformdirs library.  To remove this warning and
2025-01-13T19:38:44.8109951Z   see the appropriate new directories, set the environment variable
2025-01-13T19:38:44.8110352Z   `JUPYTER_PLATFORM_DIRS=1` and then run `jupyter --paths`.
2025-01-13T19:38:44.8110715Z   The use of platformdirs will be the default in `jupyter_core` v6
2025-01-13T19:38:44.8110948Z 
2025-01-13T19:38:44.8111091Z tardis/io/tests/test_HDFWriter.py::test_multi_index_write
2025-01-13T19:38:44.8111552Z tardis/visualization/widgets/tests/test_shell_info.py::TestHDFShellInfo::test_shells_data
2025-01-13T19:38:44.8112088Z   /home/runner/work/tardis/tardis/tardis/io/util.py:276: PerformanceWarning:
2025-01-13T19:38:44.8112439Z   
2025-01-13T19:38:44.8112589Z   
2025-01-13T19:38:44.8112878Z   your performance may suffer as PyTables will pickle object types that it cannot
2025-01-13T19:38:44.8113407Z   map directly to c-types [inferred_type->mixed,key->block0_values] [items->Index([0], dtype='int64')]
2025-01-13T19:38:44.8113743Z 
2025-01-13T19:38:44.8113935Z tardis/io/tests/test_model_reader.py::test_read_cmfgen_isotope_abundances
2025-01-13T19:38:44.8114409Z tardis/plasma/tests/test_tardis_model_density_config.py::test_electron_densities
2025-01-13T19:38:44.8114920Z tardis/plasma/tests/test_tardis_model_density_config.py::test_isotope_number_densities
2025-01-13T19:38:44.8115500Z tardis/plasma/tests/test_tardis_model_density_config.py::test_t_rad
2025-01-13T19:38:44.8116048Z   /home/runner/work/tardis/tardis/tardis/io/model/readers/cmfgen_deprecated.py:82: DeprecationWarning:
2025-01-13T19:38:44.8116499Z   
2025-01-13T19:38:44.8116696Z   The current CMFGEN model parser is deprecated
2025-01-13T19:38:44.8116884Z 
2025-01-13T19:38:44.8116988Z tardis/io/tests/test_model_reader.py: 1 warning
2025-01-13T19:38:44.8117336Z tardis/plasma/tests/test_tardis_model_density_config.py: 9 warnings
2025-01-13T19:38:44.8117876Z   /home/runner/work/tardis/tardis/tardis/io/model/readers/cmfgen_deprecated.py:40: DeprecationWarning:
2025-01-13T19:38:44.8118449Z   
2025-01-13T19:38:44.8118634Z   The current CMFGEN model parser is deprecated
2025-01-13T19:38:44.8118817Z 
2025-01-13T19:38:44.8119017Z tardis/model/tests/test_base.py::TestModelFromPaper1Config::test_abundances
2025-01-13T19:38:44.8119651Z   /home/runner/work/tardis/tardis/tardis/transport/montecarlo/montecarlo_main_loop.py:123: NumbaTypeSafetyWarning:
2025-01-13T19:38:44.8120166Z   
2025-01-13T19:38:44.8120530Z   [1m[1m[1munsafe cast from uint64 to int64. Precision may be lost.[0m[0m[0m
2025-01-13T19:38:44.8120789Z 
2025-01-13T19:38:44.8121001Z tardis/model/tests/test_base.py: 6 warnings
2025-01-13T19:38:44.8121290Z tardis/model/tests/test_csvy_model.py: 2 warnings
2025-01-13T19:38:44.8121649Z tardis/plasma/tests/test_tardis_model_density_config.py: 3 warnings
2025-01-13T19:38:44.8122154Z   /home/runner/work/tardis/tardis/tardis/model/geometry/radial1d.py:50: DeprecationWarning:
2025-01-13T19:38:44.8122570Z   
2025-01-13T19:38:44.8122759Z   v_inner_boundary < 0, assuming default value
2025-01-13T19:38:44.8122937Z 
2025-01-13T19:38:44.8123037Z tardis/model/tests/test_base.py: 6 warnings
2025-01-13T19:38:44.8123312Z tardis/model/tests/test_csvy_model.py: 2 warnings
2025-01-13T19:38:44.8123662Z tardis/plasma/tests/test_tardis_model_density_config.py: 3 warnings
2025-01-13T19:38:44.8124164Z   /home/runner/work/tardis/tardis/tardis/model/geometry/radial1d.py:61: DeprecationWarning:
2025-01-13T19:38:44.8124567Z   
2025-01-13T19:38:44.8124750Z   v_outer_boundary < 0, assuming default value
2025-01-13T19:38:44.8124932Z 
2025-01-13T19:38:44.8125579Z tardis/plasma/equilibrium/tests/test_level_populations.py::TestLevelPopulationSolver::test_solve[collisional_rate_solver0-radiative_transitions0]
2025-01-13T19:38:44.8126395Z   /home/runner/work/tardis/tardis/tardis/plasma/equilibrium/level_populations.py:65: FutureWarning:
2025-01-13T19:38:44.8126832Z   
2025-01-13T19:38:44.8127181Z   A value is trying to be set on a copy of a DataFrame or Series through chained assignment using an inplace method.
2025-01-13T19:38:44.8127965Z   The behavior will change in pandas 3.0. This inplace method will never work because the intermediate object on which we are setting values always behaves as a copy.
2025-01-13T19:38:44.8128537Z   
2025-01-13T19:38:44.8129133Z   For example, when doing 'df[col].method(value, inplace=True)', try using 'df.method({col: value}, inplace=True)' or df[col] = df[col].method(value) instead, to perform the operation inplace on the original object.
2025-01-13T19:38:44.8129715Z 
2025-01-13T19:38:44.8129861Z tardis/plasma/tests/test_complete_plasmas.py: 20 warnings
2025-01-13T19:38:44.8130356Z   /home/runner/work/tardis/tardis/tardis/plasma/tests/test_complete_plasmas.py:197: UserWarning:
2025-01-13T19:38:44.8130778Z   
2025-01-13T19:38:44.8130945Z   Property "atomic_mass" not found
2025-01-13T19:38:44.8131104Z 
2025-01-13T19:38:44.8131526Z tardis/plasma/tests/test_complete_plasmas.py::TestPlasma::test_plasma_properties[radiative_rates_type:detailed-w_epsilon:1e-10-j_blues_norm_factor]
2025-01-13T19:38:44.8132392Z tardis/plasma/tests/test_complete_plasmas.py::TestPlasma::test_plasma_properties[radiative_rates_type:detailed-j_blues_norm_factor]
2025-01-13T19:38:44.8133107Z   /home/runner/work/tardis/tardis/tardis/plasma/tests/test_complete_plasmas.py:197: UserWarning:
2025-01-13T19:38:44.8133523Z   
2025-01-13T19:38:44.8133706Z   Property "j_blues_norm_factor" not found
2025-01-13T19:38:44.8133885Z 
2025-01-13T19:38:44.8134292Z tardis/plasma/tests/test_complete_plasmas.py::TestPlasma::test_plasma_properties[radiative_rates_type:detailed-w_epsilon:1e-10-j_blue_estimator]
2025-01-13T19:38:44.8135132Z tardis/plasma/tests/test_complete_plasmas.py::TestPlasma::test_plasma_properties[radiative_rates_type:detailed-j_blue_estimator]
2025-01-13T19:38:44.8136070Z   /home/runner/work/tardis/tardis/tardis/plasma/tests/test_complete_plasmas.py:197: UserWarning:
2025-01-13T19:38:44.8136485Z   
2025-01-13T19:38:44.8136655Z   Property "j_blue_estimator" not found
2025-01-13T19:38:44.8136979Z 
2025-01-13T19:38:44.8137364Z tardis/plasma/tests/test_complete_plasmas.py::TestPlasma::test_plasma_properties[radiative_rates_type:detailed-w_epsilon:1e-10-volume]
2025-01-13T19:38:44.8138151Z tardis/plasma/tests/test_complete_plasmas.py::TestPlasma::test_plasma_properties[radiative_rates_type:detailed-volume]
2025-01-13T19:38:44.8138824Z   /home/runner/work/tardis/tardis/tardis/plasma/tests/test_complete_plasmas.py:197: UserWarning:
2025-01-13T19:38:44.8139239Z   
2025-01-13T19:38:44.8139407Z   Property "volume" not found
2025-01-13T19:38:44.8139558Z 
2025-01-13T19:38:44.8140048Z tardis/plasma/tests/test_complete_plasmas.py::TestPlasma::test_plasma_properties[radiative_rates_type:detailed-w_epsilon:1e-10-r_inner]
2025-01-13T19:38:44.8140843Z tardis/plasma/tests/test_complete_plasmas.py::TestPlasma::test_plasma_properties[radiative_rates_type:detailed-r_inner]
2025-01-13T19:38:44.8141522Z   /home/runner/work/tardis/tardis/tardis/plasma/tests/test_complete_plasmas.py:197: UserWarning:
2025-01-13T19:38:44.8141941Z   
2025-01-13T19:38:44.8142111Z   Property "r_inner" not found
2025-01-13T19:38:44.8142255Z 
2025-01-13T19:38:44.8142463Z tardis/plasma/tests/test_plasma_vboundary.py::test_plasma_vboundary[2900-3750]
2025-01-13T19:38:44.8142961Z tardis/plasma/tests/test_plasma_vboundary.py::test_plasma_vboundary[2900-3850]
2025-01-13T19:38:44.8143432Z tardis/plasma/tests/test_plasma_vboundary.py::test_plasma_vboundary[2900-3900]
2025-01-13T19:38:44.8143939Z   /home/runner/work/tardis/tardis/tardis/model/geometry/radial1d.py:71: UserWarning:
2025-01-13T19:38:44.8144314Z   
2025-01-13T19:38:44.8144593Z   Requesting inner boundary below inner shell. Extrapolating the inner cell
2025-01-13T19:38:44.8144861Z 
2025-01-13T19:38:44.8145071Z tardis/spectrum/tests/test_spectrum_solver.py::TestSpectrumSolver::test_solve
2025-01-13T19:38:44.8145650Z   /home/runner/work/tardis/tardis/tardis/spectrum/base.py:70: UserWarning:
2025-01-13T19:38:44.8145988Z   
2025-01-13T19:38:44.8146394Z   SpectrumSolver.spectrum_virtual_packets is zero. Please run the montecarlo simulation with no_of_virtual_packets > 0
2025-01-13T19:38:44.8146798Z 
2025-01-13T19:38:44.8146999Z tardis/spectrum/tests/test_spectrum_solver.py::TestSpectrumSolver::test_solve
2025-01-13T19:38:44.8147472Z   /home/runner/work/tardis/tardis/tardis/spectrum/base.py:111: UserWarning:
2025-01-13T19:38:44.8147815Z   
2025-01-13T19:38:44.8148232Z   SpectrumSolver.integrator: The FormalIntegrator is not yet available.Please run the montecarlo simulation at least once.
2025-01-13T19:38:44.8148655Z 
2025-01-13T19:38:44.8148869Z tardis/transport/montecarlo/tests/test_vpacket.py::test_trace_vpacket_volley
2025-01-13T19:38:44.8149265Z   <string>:3: NumbaPendingDeprecationWarning:
2025-01-13T19:38:44.8149511Z   
2025-01-13T19:38:44.8150630Z   [1m[1mCode using Numba extension API maybe depending on 'old_style' error-capturing, which is deprecated and will be replaced by 'new_style' in a future release. See details at https://numba.readthedocs.io/en/latest/reference/deprecation.html#deprecation-of-old-style-numba-captured-errors
2025-01-13T19:38:44.8151618Z   Exception origin:
2025-01-13T19:38:44.8151975Z     File "/home/runner/micromamba/envs/tardis/lib/python3.12/inspect.py", line 3180, in _bind
2025-01-13T19:38:44.8152386Z       raise TypeError(msg) from None
2025-01-13T19:38:44.8152633Z   [0m[0m
2025-01-13T19:38:44.8152727Z 
2025-01-13T19:38:44.8153052Z tardis/visualization/tools/tests/test_sdec_plot.py::TestSDECPlotter::test_mpl_image[plotter_generate_plot_mpl4]
2025-01-13T19:38:44.8153718Z   /home/runner/work/tardis/tardis/tardis/visualization/tools/sdec_plot.py:1225: RuntimeWarning:
2025-01-13T19:38:44.8154139Z   
2025-01-13T19:38:44.8155054Z   More than 20 figures have been opened. Figures created through the pyplot interface (`matplotlib.pyplot.figure`) are retained until explicitly closed and may consume too much memory. (To control this warning, see the rcParam `figure.max_open_warning`). Consider using `matplotlib.pyplot.close()`.
2025-01-13T19:38:44.8156193Z 
2025-01-13T19:38:44.8156537Z tardis/visualization/widgets/tests/test_custom_abundance.py::TestCustomAbundanceWidget::test_update_input_item_value
2025-01-13T19:38:44.8157295Z tardis/visualization/widgets/tests/test_custom_abundance.py::TestCustomAbundanceWidget::test_update_input_item_value
2025-01-13T19:38:44.8158043Z tardis/visualization/widgets/tests/test_custom_abundance.py::TestCustomAbundanceWidget::test_update_input_item_value
2025-01-13T19:38:44.8158791Z tardis/visualization/widgets/tests/test_custom_abundance.py::TestCustomAbundanceWidget::test_update_input_item_value
2025-01-13T19:38:44.8159648Z tardis/visualization/widgets/tests/test_custom_abundance.py::TestCustomAbundanceWidget::test_update_input_item_value
2025-01-13T19:38:44.8160401Z tardis/visualization/widgets/tests/test_custom_abundance.py::TestCustomAbundanceWidget::test_update_input_item_value
2025-01-13T19:38:44.8161156Z   /home/runner/micromamba/envs/tardis/lib/python3.12/site-packages/traitlets/traitlets.py:1385: DeprecationWarning:
2025-01-13T19:38:44.8161646Z   
2025-01-13T19:38:44.8161916Z   Passing unrecognized arguments to super(Checkbox).__init__(icon='lock').
2025-01-13T19:38:44.8162352Z   object.__init__() takes exactly one argument (the instance to initialize)
2025-01-13T19:38:44.8162836Z   This is deprecated in traitlets 4.2.This error will be raised in a future release of traitlets.
2025-01-13T19:38:44.8163150Z 
2025-01-13T19:38:44.8163488Z tardis/visualization/widgets/tests/test_custom_abundance.py::TestCustomAbundanceWidget::test_update_input_item_value
2025-01-13T19:38:44.8164243Z tardis/visualization/widgets/tests/test_custom_abundance.py::TestCustomAbundanceWidget::test_update_input_item_value
2025-01-13T19:38:44.8165008Z   /home/runner/micromamba/envs/tardis/lib/python3.12/site-packages/traitlets/traitlets.py:1385: DeprecationWarning:
2025-01-13T19:38:44.8165704Z   
2025-01-13T19:38:44.8165965Z   Passing unrecognized arguments to super(FloatText).__init__(min=0).
2025-01-13T19:38:44.8166394Z   object.__init__() takes exactly one argument (the instance to initialize)
2025-01-13T19:38:44.8166879Z   This is deprecated in traitlets 4.2.This error will be raised in a future release of traitlets.
2025-01-13T19:38:44.8167187Z 
2025-01-13T19:38:44.8167536Z tardis/visualization/widgets/tests/test_custom_abundance.py::TestCustomAbundanceWidget::test_update_input_item_value
2025-01-13T19:38:44.8168303Z   /home/runner/micromamba/envs/tardis/lib/python3.12/site-packages/traitlets/traitlets.py:1385: DeprecationWarning:
2025-01-13T19:38:44.8168788Z   
2025-01-13T19:38:44.8169045Z   Passing unrecognized arguments to super(HTML).__init__(indent=True).
2025-01-13T19:38:44.8169476Z   object.__init__() takes exactly one argument (the instance to initialize)
2025-01-13T19:38:44.8169955Z   This is deprecated in traitlets 4.2.This error will be raised in a future release of traitlets.
2025-01-13T19:38:44.8170267Z 
2025-01-13T19:38:44.8170679Z tardis/visualization/widgets/tests/test_line_info.py::TestLineInfoWidgetData::test_get_species_interactions[wavelength_range0-packet_out_nu]
2025-01-13T19:38:44.8171491Z   /home/runner/micromamba/envs/tardis/lib/python3.12/site-packages/qgridnext/grid.py:820: DeprecationWarning:
2025-01-13T19:38:44.8171952Z   
2025-01-13T19:38:44.8172304Z   QgridWidget._precision_changed is deprecated in traitlets 4.1: use @observe and @unobserve instead.
2025-01-13T19:38:44.8172648Z 
2025-01-13T19:38:44.8172904Z tardis/visualization/widgets/tests/test_shell_info.py::TestHDFShellInfo::test_shells_data
2025-01-13T19:38:44.8173440Z   /home/runner/work/tardis/tardis/tardis/io/util.py:289: PerformanceWarning:
2025-01-13T19:38:44.8173782Z   
2025-01-13T19:38:44.8173933Z   
2025-01-13T19:38:44.8174212Z   your performance may suffer as PyTables will pickle object types that it cannot
2025-01-13T19:38:44.8174736Z   map directly to c-types [inferred_type->mixed,key->block0_values] [items->Index([0], dtype='int64')]
2025-01-13T19:38:44.8175068Z 
2025-01-13T19:38:44.8175455Z tardis/visualization/widgets/tests/test_shell_info.py::TestHDFShellInfo::test_shells_data
2025-01-13T19:38:44.8176223Z   /home/runner/work/tardis/tardis/tardis/io/util.py:292: PerformanceWarning:
2025-01-13T19:38:44.8176577Z   
2025-01-13T19:38:44.8176725Z   
2025-01-13T19:38:44.8177002Z   your performance may suffer as PyTables will pickle object types that it cannot
2025-01-13T19:38:44.8177453Z   map directly to c-types [inferred_type->mixed,key->values] [items->None]
2025-01-13T19:38:44.8177711Z 
2025-01-13T19:38:44.8177962Z tardis/visualization/widgets/tests/test_shell_info.py::TestHDFShellInfo::test_shells_data
2025-01-13T19:38:44.8178633Z   /home/runner/work/tardis/tardis/tardis/spectrum/formal_integral.py:398: UserWarning:
2025-01-13T19:38:44.8179020Z   
2025-01-13T19:38:44.8179288Z   The number of interpolate_shells was not specified. The value was set to 80.
2025-01-13T19:38:44.8179557Z 
2025-01-13T19:38:44.8179742Z -- Docs: https://docs.pytest.org/en/stable/how-to/capture-warnings.html
2025-01-13T19:38:44.8179999Z 
2025-01-13T19:38:44.8180167Z ---------- coverage: platform linux, python 3.12.4-final-0 -----------
2025-01-13T19:38:44.8180519Z Coverage HTML written to dir coverage_html_report
2025-01-13T19:38:44.8180805Z Coverage XML written to file coverage.xml
2025-01-13T19:38:44.8180978Z 
2025-01-13T19:38:44.8181100Z =========================== short test summary info ============================
2025-01-13T19:38:44.8182040Z FAILED tardis/opacities/tests/test_tau_sobolev.py::test_calculate_sobolev_line_opacity - FileNotFoundError: File /home/runner/work/tardis/tardis/tardis-regression-data/test_tau_sobolev/test_calculate_sobolev_line_opacity.h5 does not exist
2025-01-13T19:38:44.8183599Z FAILED tardis/opacities/tests/test_tau_sobolev.py::test_calculate_beta_sobolevs - FileNotFoundError: [Errno 2] No such file or directory: '/home/runner/work/tardis/tardis/tardis-regression-data/test_tau_sobolev/test_calculate_beta_sobolevs.npy'
2025-01-13T19:38:44.8184642Z = 2 failed, 1436 passed, 329 skipped, 2 deselected, 19 xfailed, 8 xpassed, 91 warnings in 741.44s (0:12:21) =
2025-01-13T19:38:46.8569499Z ##[error]Process completed with exit code 1.
2025-01-13T19:38:46.8662056Z Post job cleanup.
2025-01-13T19:38:46.8693114Z Post job cleanup.
2025-01-13T19:38:47.0013535Z Will use pre-installed micromamba at /home/runner/micromamba-bin/micromamba
2025-01-13T19:38:47.0020993Z Removing micromamba run shell ...
2025-01-13T19:38:47.0024808Z ##[group]Deinitialize micromamba for bash
2025-01-13T19:38:47.0043317Z [command]/home/runner/micromamba-bin/micromamba shell deinit -s bash -r /home/runner/micromamba --log-level warning --rc-file /home/runner/work/_temp/setup-micromamba/.condarc
2025-01-13T19:38:47.0141062Z Resetting RC file "/home/runner/.bashrc"
2025-01-13T19:38:47.0141645Z Deleting config for root prefix 
2025-01-13T19:38:47.0142158Z Clearing mamba executable environment variable
2025-01-13T19:38:47.0144197Z Removing the following in your "/home/runner/.bashrc" file
2025-01-13T19:38:47.0144567Z # >>> mamba initialize >>>
2025-01-13T19:38:47.0144810Z ...
2025-01-13T19:38:47.0144978Z # <<< mamba initialize <<<
2025-01-13T19:38:47.0173614Z Removing mamba initialize block from .bash_profile
2025-01-13T19:38:47.0189600Z ##[endgroup]
2025-01-13T19:38:47.0193590Z Removing environment tardis from auto-activate bash ...
2025-01-13T19:38:47.0315466Z Post job cleanup.
2025-01-13T19:38:47.0351842Z Post job cleanup.
2025-01-13T19:38:47.1407877Z [command]/usr/bin/git version
2025-01-13T19:38:47.1450842Z git version 2.47.1
2025-01-13T19:38:47.1492300Z Temporarily overriding HOME='/home/runner/work/_temp/e693476e-4808-44fd-aa7e-2afa5affcf14' before making global git config changes
2025-01-13T19:38:47.1493383Z Adding repository directory to the temporary git global config as a safe directory
2025-01-13T19:38:47.1497701Z [command]/usr/bin/git config --global --add safe.directory /home/runner/work/tardis/tardis/tardis-regression-data
2025-01-13T19:38:47.1531286Z [command]/usr/bin/git config --local --name-only --get-regexp core\.sshCommand
2025-01-13T19:38:47.1562692Z [command]/usr/bin/git submodule foreach --recursive sh -c "git config --local --name-only --get-regexp 'core\.sshCommand' && git config --local --unset-all 'core.sshCommand' || :"
2025-01-13T19:38:47.1788717Z [command]/usr/bin/git config --local --name-only --get-regexp http\.https\:\/\/github\.com\/\.extraheader
2025-01-13T19:38:47.1808463Z http.https://github.com/.extraheader
2025-01-13T19:38:47.1820785Z [command]/usr/bin/git config --local --unset-all http.https://github.com/.extraheader
2025-01-13T19:38:47.1851083Z [command]/usr/bin/git submodule foreach --recursive sh -c "git config --local --name-only --get-regexp 'http\.https\:\/\/github\.com\/\.extraheader' && git config --local --unset-all 'http.https://github.com/.extraheader' || :"
2025-01-13T19:38:47.2181702Z Post job cleanup.
2025-01-13T19:38:47.3115868Z [command]/usr/bin/git version
2025-01-13T19:38:47.3161373Z git version 2.47.1
2025-01-13T19:38:47.3224417Z Temporarily overriding HOME='/home/runner/work/_temp/4bb1d335-fcc4-4caa-b5ff-0ded5e0d397d' before making global git config changes
2025-01-13T19:38:47.3225813Z Adding repository directory to the temporary git global config as a safe directory
2025-01-13T19:38:47.3232708Z [command]/usr/bin/git config --global --add safe.directory /home/runner/work/tardis/tardis
2025-01-13T19:38:47.3272691Z [command]/usr/bin/git config --local --name-only --get-regexp core\.sshCommand
2025-01-13T19:38:47.3309477Z [command]/usr/bin/git submodule foreach --recursive sh -c "git config --local --name-only --get-regexp 'core\.sshCommand' && git config --local --unset-all 'core.sshCommand' || :"
2025-01-13T19:38:47.3545881Z [command]/usr/bin/git config --local --name-only --get-regexp http\.https\:\/\/github\.com\/\.extraheader
2025-01-13T19:38:47.3566485Z http.https://github.com/.extraheader
2025-01-13T19:38:47.3579456Z [command]/usr/bin/git config --local --unset-all http.https://github.com/.extraheader
2025-01-13T19:38:47.3610581Z [command]/usr/bin/git submodule foreach --recursive sh -c "git config --local --name-only --get-regexp 'http\.https\:\/\/github\.com\/\.extraheader' && git config --local --unset-all 'http.https://github.com/.extraheader' || :"
2025-01-13T19:38:47.3943077Z Cleaning up orphan processes
