2025-02-18T22:34:04.2785780Z ##[group]Run pytest tardis --tardis-regression-data=/Users/runner/work/tardis/tardis/tardis-regression-data --cov=tardis --cov-report=xml --cov-report=html --cov-append -m "not continuum"
2025-02-18T22:34:04.2787140Z [36;1mpytest tardis --tardis-regression-data=/Users/runner/work/tardis/tardis/tardis-regression-data --cov=tardis --cov-report=xml --cov-report=html --cov-append -m "not continuum"[0m
2025-02-18T22:34:04.2891580Z shell: /bin/bash -l {0}
2025-02-18T22:34:04.2891820Z env:
2025-02-18T22:34:04.2891980Z   CACHE_NUMBER: 0
2025-02-18T22:34:04.2892510Z   PYTEST_FLAGS: --tardis-regression-data=/Users/runner/work/tardis/tardis/tardis-regression-data --cov=tardis --cov-report=xml --cov-report=html --cov-append
2025-02-18T22:34:04.2893080Z   CODECOV_TOKEN: 
2025-02-18T22:34:04.2893420Z   MAMBA_ROOT_PREFIX: /Users/runner/micromamba
2025-02-18T22:34:04.2893780Z   MAMBA_EXE: /Users/runner/micromamba-bin/micromamba
2025-02-18T22:34:04.2894210Z   CONDARC: /Users/runner/work/_temp/setup-micromamba/.condarc
2025-02-18T22:34:04.2894650Z ##[endgroup]
2025-02-18T22:34:23.0231220Z ============================= test session starts ==============================
2025-02-18T22:34:23.0232040Z platform darwin -- Python 3.12.4, pytest-8.2.2, pluggy-1.5.0
2025-02-18T22:34:23.0232490Z rootdir: /Users/runner/work/tardis/tardis
2025-02-18T22:34:23.0235200Z configfile: pyproject.toml
2025-02-18T22:34:23.0240330Z plugins: cov-5.0.0, html-4.1.1, metadata-3.1.1, doctestplus-1.2.1, anyio-4.4.0
2025-02-18T22:34:23.0242520Z collected 1796 items / 2 deselected / 1794 selected
2025-02-18T22:34:23.0244560Z 
2025-02-18T22:34:28.0908500Z tardis/energy_input/tests/test_energy_source.py ..xxx                    [  0%]
2025-02-18T22:34:30.3264760Z tardis/energy_input/tests/test_gamma_ray_channel.py ...........          [  0%]
2025-02-18T22:34:31.7420240Z tardis/energy_input/tests/test_gamma_ray_grid.py xx.                     [  1%]
2025-02-18T22:34:33.1690550Z tardis/energy_input/tests/test_gamma_ray_interactions.py xx....          [  1%]
2025-02-18T22:34:33.1793040Z tardis/energy_input/tests/test_gamma_ray_packet_source.py sssssssss      [  1%]
2025-02-18T22:34:34.2008000Z tardis/energy_input/tests/test_util.py .....xxxx.....                    [  2%]
2025-02-18T22:34:34.4735260Z tardis/grid/tests/test_grid.py .                                         [  2%]
2025-02-18T22:34:34.4745520Z tardis/gui/tests/test_gui.py s                                           [  2%]
2025-02-18T22:34:38.0457500Z tardis/io/configuration/tests/test_config_reader.py ...........          [  3%]
2025-02-18T22:34:38.0541590Z tardis/io/configuration/tests/test_configuration_namespace.py .........  [  3%]
2025-02-18T22:34:38.0688370Z tardis/io/logger/tests/test_logging.py ssssssssssssssssssssssssssss      [  5%]
2025-02-18T22:35:10.7193610Z tardis/io/model/readers/tests/test_arepo_parser.py ..                    [  5%]
2025-02-18T22:35:10.7826540Z tardis/io/model/readers/tests/test_ascii_readers.py ...                  [  5%]
2025-02-18T22:35:10.8287410Z tardis/io/model/readers/tests/test_cmfgen_reader.py ..                   [  5%]
2025-02-18T22:35:10.8595770Z tardis/io/model/readers/tests/test_csvy_reader.py ....                   [  6%]
2025-02-18T22:35:10.8832530Z tardis/io/model/readers/tests/test_stella_reader.py ..                   [  6%]
2025-02-18T22:35:11.2579340Z tardis/io/tests/test_HDFWriter.py ...............                        [  7%]
2025-02-18T22:35:12.0133960Z tardis/io/tests/test_atomic.py .....                                     [  7%]
2025-02-18T22:35:12.4071310Z tardis/io/tests/test_decay.py FF                                         [  7%]
2025-02-18T22:35:12.9481090Z tardis/io/tests/test_model_reader.py ......                              [  7%]
2025-02-18T22:35:12.9571610Z tardis/model/geometry/tests/test_radial1d.py ..                          [  7%]
2025-02-18T22:35:49.0594410Z tardis/model/tests/test_base.py ........................................ [ 10%]
2025-02-18T22:35:50.0686830Z ............                                                             [ 10%]
2025-02-18T22:35:52.9229840Z tardis/model/tests/test_csvy_model.py .........                          [ 11%]
2025-02-18T22:35:52.9934300Z tardis/model/tests/test_density.py ..                                    [ 11%]
2025-02-18T22:35:54.5841520Z tardis/opacities/tests/test_opacity_solver.py .....                      [ 11%]
2025-02-18T22:35:55.8779110Z tardis/opacities/tests/test_opacity_state_numba.py .....                 [ 11%]
2025-02-18T22:35:58.5657110Z tardis/opacities/tests/test_tau_sobolev.py ..                            [ 12%]
2025-02-18T22:36:01.6832050Z tardis/plasma/equilibrium/tests/test_collisional_transitions.py ...      [ 12%]
2025-02-18T22:36:45.2177020Z tardis/plasma/equilibrium/tests/test_level_populations.py ....           [ 12%]
2025-02-18T22:36:56.3080670Z tardis/plasma/equilibrium/tests/test_rate_matrix.py .                    [ 12%]
2025-02-18T22:36:57.4457870Z tardis/plasma/tests/test_complete_plasmas.py ..............s......s..... [ 13%]
2025-02-18T22:37:00.0885130Z s....ssssss............s......s.....ss.....s....ssssss............s..... [ 18%]
2025-02-18T22:37:01.5915070Z .s.....ss.....s....ssssss............s......s.....ss.....s....ssssss.... [ 22%]
2025-02-18T22:37:04.1418650Z ........s......s.....ss.....s....ssssss............s......s.....ss.....s [ 26%]
2025-02-18T22:37:06.6347150Z ....ssssss............s......s.....ss.....s....ssssss............s...... [ 30%]
2025-02-18T22:37:07.1598560Z s.....ss.....s....ssssss............s......s.....ss.....s.ss.ssssss..... [ 34%]
2025-02-18T22:37:09.4482950Z .......s......s.....ss.....s....ssssss............s......s.....ss.....s. [ 38%]
2025-02-18T22:37:11.7704670Z ...ssssss............s......s.....ss.....s....ssssss............s......s [ 42%]
2025-02-18T22:37:14.6955160Z .....ss.....s....ssssss............s......s.....s...........ssssss...... [ 46%]
2025-02-18T22:37:16.8331890Z ......s......s.....s...........ssssss............s......s.....s......... [ 50%]
2025-02-18T22:37:19.0826100Z ..ssssss............s......s.....ss.....s....ssssss............s......s. [ 54%]
2025-02-18T22:37:21.6090990Z ....ss.....s....ssssss...................s......s.....s....ssss......... [ 58%]
2025-02-18T22:37:22.0186820Z ............s......s.....s....ssss.......                                [ 60%]
2025-02-18T22:37:22.4752780Z tardis/plasma/tests/test_hdf_plasma.py ................................. [ 62%]
2025-02-18T22:37:22.4968080Z ......                                                                   [ 62%]
2025-02-18T22:37:22.9068550Z tardis/plasma/tests/test_nlte_excitation.py ...                          [ 62%]
2025-02-18T22:39:05.8680590Z tardis/plasma/tests/test_nlte_solver.py .....X                           [ 63%]
2025-02-18T22:39:05.8716150Z tardis/plasma/tests/test_plasma_continuum.py .                           [ 63%]
2025-02-18T22:39:25.7088410Z tardis/plasma/tests/test_plasma_vboundary.py .............               [ 63%]
2025-02-18T22:39:35.7979800Z tardis/plasma/tests/test_tardis_model_density_config.py ...              [ 64%]
2025-02-18T22:39:36.2798480Z tardis/simulation/tests/test_convergence.py .....                        [ 64%]
2025-02-18T22:39:43.5199120Z tardis/simulation/tests/test_simulation.py .............                 [ 65%]
2025-02-18T22:39:43.5303090Z tardis/spectrum/tests/test_cuda_formal_integral.py sssssssssssssssssssss [ 66%]
2025-02-18T22:39:43.7925440Z ssss...ssssssssssssssssssssss                                            [ 67%]
2025-02-18T22:39:43.7964580Z tardis/spectrum/tests/test_luminosity.py ....                            [ 68%]
2025-02-18T22:39:44.5587480Z tardis/spectrum/tests/test_numba_formal_integral.py .................... [ 69%]
2025-02-18T22:39:44.5689200Z ..........                                                               [ 69%]
2025-02-18T22:39:44.6785630Z tardis/spectrum/tests/test_spectrum.py ................................. [ 71%]
2025-02-18T22:39:44.6981340Z .........                                                                [ 72%]
2025-02-18T22:40:01.4769690Z tardis/spectrum/tests/test_spectrum_solver.py ....                       [ 72%]
2025-02-18T22:40:54.8524400Z tardis/tests/test_tardis_full.py ....                                    [ 72%]
2025-02-18T22:42:36.8165030Z tardis/tests/test_tardis_full_formal_integral.py ................        [ 73%]
2025-02-18T22:42:36.8666190Z tardis/tests/test_util.py .............................................  [ 75%]
2025-02-18T22:42:38.9590500Z tardis/transport/montecarlo/tests/test_base.py x.....................    [ 77%]
2025-02-18T22:42:43.9459650Z tardis/transport/montecarlo/tests/test_interaction.py .......            [ 77%]
2025-02-18T22:42:44.1043620Z tardis/transport/montecarlo/tests/test_macro_atom.py ....                [ 77%]
2025-02-18T22:42:44.1163790Z tardis/transport/montecarlo/tests/test_montecarlo.py sssssssssssssssssss [ 78%]
2025-02-18T22:42:44.1426440Z sssssssssssssssssssssssssssssssssssssssssssss                            [ 81%]
2025-02-18T22:42:52.5681330Z tardis/transport/montecarlo/tests/test_montecarlo_main_loop.py x..       [ 81%]
2025-02-18T22:42:52.5833070Z tardis/transport/montecarlo/tests/test_nonhomologous.py ...              [ 81%]
2025-02-18T22:42:55.4608000Z tardis/transport/montecarlo/tests/test_numba_interface.py .....x.        [ 82%]
2025-02-18T22:42:55.8206050Z tardis/transport/montecarlo/tests/test_opacities.py ...............      [ 82%]
2025-02-18T22:42:56.5197490Z tardis/transport/montecarlo/tests/test_packet.py .................xXXXXX [ 84%]
2025-02-18T22:42:56.6073690Z XX.........                                                              [ 84%]
2025-02-18T22:42:56.6363020Z tardis/transport/montecarlo/tests/test_packet_source.py ........         [ 85%]
2025-02-18T22:42:56.8694780Z tardis/transport/montecarlo/tests/test_rpacket_last_interaction_tracker.py . [ 85%]
2025-02-18T22:42:57.1378200Z .....                                                                    [ 85%]
2025-02-18T22:43:06.8929060Z tardis/transport/montecarlo/tests/test_rpacket_tracker.py ......         [ 85%]
2025-02-18T22:43:06.9197810Z tardis/transport/montecarlo/tests/test_single_packet_loop.py xxx         [ 86%]
2025-02-18T22:43:06.9237930Z tardis/transport/montecarlo/tests/test_tracker_utils.py ..               [ 86%]
2025-02-18T22:43:08.2493840Z tardis/transport/montecarlo/tests/test_vpacket.py ..x.                   [ 86%]
2025-02-18T22:43:08.2710050Z tardis/transport/montecarlo/tests/test_weighted_packet_source.py ....    [ 86%]
2025-02-18T22:43:11.4977220Z tardis/transport/montecarlo/tests/test_weighted_packet_source_integration.py . [ 86%]
2025-02-18T22:43:11.4979320Z                                                                          [ 86%]
2025-02-18T22:43:12.0977710Z tardis/transport/tests/test_doppler_factor.py ..................         [ 87%]
2025-02-18T22:43:14.4048670Z tardis/visualization/tools/tests/test_convergence_plot.py .............. [ 88%]
2025-02-18T22:43:16.1975100Z ......                                                                   [ 88%]
2025-02-18T22:43:19.7694400Z tardis/visualization/tools/tests/test_liv_plot.py ...................... [ 90%]
2025-02-18T22:43:23.4520620Z .............................                                            [ 91%]
2025-02-18T22:43:26.3847440Z tardis/visualization/tools/tests/test_rpacket_plot.py .................. [ 92%]
2025-02-18T22:43:33.5306780Z ....                                                                     [ 92%]
2025-02-18T22:43:38.4673720Z tardis/visualization/tools/tests/test_sdec_plot.py ..................... [ 94%]
2025-02-18T22:43:45.2799510Z ..............................                                           [ 95%]
2025-02-18T22:43:45.6368000Z tardis/visualization/widgets/tests/test_custom_abundance.py ........ss.. [ 96%]
2025-02-18T22:43:45.6771880Z ....                                                                     [ 96%]
2025-02-18T22:43:46.4265240Z tardis/visualization/widgets/tests/test_line_info.py ................... [ 97%]
2025-02-18T22:43:46.8926530Z ..................                                                       [ 98%]
2025-02-18T22:46:57.7707360Z tardis/visualization/widgets/tests/test_shell_info.py .................. [ 99%]
2025-02-18T22:47:03.9942540Z ......                                                                   [100%]
2025-02-18T22:47:03.9943150Z 
2025-02-18T22:47:03.9943340Z =================================== FAILURES ===================================
2025-02-18T22:47:03.9943730Z ______________________________ test_simple_decay _______________________________
2025-02-18T22:47:03.9943970Z 
2025-02-18T22:47:03.9944120Z simple_abundance_model =                              0    1
2025-02-18T22:47:03.9944410Z atomic_number mass_number          
2025-02-18T22:47:03.9944710Z 28            56           1.0  1.0
2025-02-18T22:47:03.9944900Z 
2025-02-18T22:47:03.9945010Z     def test_simple_decay(simple_abundance_model):
2025-02-18T22:47:03.9945590Z >       decayed_abundance = simple_abundance_model.decay(100)
2025-02-18T22:47:03.9945830Z 
2025-02-18T22:47:03.9945900Z tardis/io/tests/test_decay.py:17: 
2025-02-18T22:47:03.9946320Z _ _ _ _ _ _ _ _ _ _ _ _ _ _ _ _ _ _ _ _ _ _ _ _ _ _ _ _ _ _ _ _ _ _ _ _ _ _ _ _ 
2025-02-18T22:47:03.9946540Z 
2025-02-18T22:47:03.9946650Z self =                              0    1
2025-02-18T22:47:03.9946900Z atomic_number mass_number          
2025-02-18T22:47:03.9947170Z 28            56           1.0  1.0
2025-02-18T22:47:03.9947390Z name = 'decay'
2025-02-18T22:47:03.9947520Z 
2025-02-18T22:47:03.9947610Z     @final
2025-02-18T22:47:03.9947790Z     def __getattr__(self, name: str):
2025-02-18T22:47:03.9948060Z         """
2025-02-18T22:47:03.9948290Z         After regular attribute access, try looking up the name
2025-02-18T22:47:03.9948810Z         This allows simpler access to columns for interactive use.
2025-02-18T22:47:03.9949100Z         """
2025-02-18T22:47:03.9949400Z         # Note: obj.x will always call obj.__getattribute__('x') prior to
2025-02-18T22:47:03.9949700Z         # calling obj.__getattr__('x').
2025-02-18T22:47:03.9950010Z         if (
2025-02-18T22:47:03.9950270Z             name not in self._internal_names_set
2025-02-18T22:47:03.9950570Z             and name not in self._metadata
2025-02-18T22:47:03.9950830Z             and name not in self._accessors
2025-02-18T22:47:03.9951900Z             and self._info_axis._can_hold_identifiers_and_holds_name(name)
2025-02-18T22:47:03.9952250Z         ):
2025-02-18T22:47:03.9952430Z             return self[name]
2025-02-18T22:47:03.9952750Z >       return object.__getattribute__(self, name)
2025-02-18T22:47:03.9953210Z E       AttributeError: 'IsotopicMassFraction' object has no attribute 'decay'
2025-02-18T22:47:03.9953610Z 
2025-02-18T22:47:03.9953960Z ../../../micromamba/envs/tardis/lib/python3.12/site-packages/pandas/core/generic.py:6299: AttributeError
2025-02-18T22:47:03.9954500Z _____________________________ test_abundance_merge _____________________________
2025-02-18T22:47:03.9954800Z 
2025-02-18T22:47:03.9954980Z simple_abundance_model =                              0    1
2025-02-18T22:47:03.9955340Z atomic_number mass_number          
2025-02-18T22:47:03.9955580Z 28            56           1.0  1.0
2025-02-18T22:47:03.9955850Z raw_abundance_simple =                  0    1
2025-02-18T22:47:03.9956160Z atomic_number          
2025-02-18T22:47:03.9956460Z 28             0.2  0.2
2025-02-18T22:47:03.9956650Z 30             0.1  0.1
2025-02-18T22:47:03.9956790Z 
2025-02-18T22:47:03.9957020Z     def test_abundance_merge(simple_abundance_model, raw_abundance_simple):
2025-02-18T22:47:03.9957420Z >       decayed_df = simple_abundance_model.decay(100)
2025-02-18T22:47:03.9957630Z 
2025-02-18T22:47:03.9957750Z tardis/io/tests/test_decay.py:34: 
2025-02-18T22:47:03.9958020Z _ _ _ _ _ _ _ _ _ _ _ _ _ _ _ _ _ _ _ _ _ _ _ _ _ _ _ _ _ _ _ _ _ _ _ _ _ _ _ _ 
2025-02-18T22:47:03.9958230Z 
2025-02-18T22:47:03.9970270Z self =                              0    1
2025-02-18T22:47:03.9970750Z atomic_number mass_number          
2025-02-18T22:47:03.9971070Z 28            56           1.0  1.0
2025-02-18T22:47:03.9971330Z name = 'decay'
2025-02-18T22:47:03.9978900Z 
2025-02-18T22:47:03.9979010Z     @final
2025-02-18T22:47:03.9979270Z     def __getattr__(self, name: str):
2025-02-18T22:47:03.9979540Z         """
2025-02-18T22:47:03.9979820Z         After regular attribute access, try looking up the name
2025-02-18T22:47:03.9980250Z         This allows simpler access to columns for interactive use.
2025-02-18T22:47:03.9980610Z         """
2025-02-18T22:47:03.9980880Z         # Note: obj.x will always call obj.__getattribute__('x') prior to
2025-02-18T22:47:03.9981320Z         # calling obj.__getattr__('x').
2025-02-18T22:47:03.9981630Z         if (
2025-02-18T22:47:03.9981910Z             name not in self._internal_names_set
2025-02-18T22:47:03.9982220Z             and name not in self._metadata
2025-02-18T22:47:03.9982580Z             and name not in self._accessors
2025-02-18T22:47:03.9982890Z             and self._info_axis._can_hold_identifiers_and_holds_name(name)
2025-02-18T22:47:03.9983280Z         ):
2025-02-18T22:47:03.9983480Z             return self[name]
2025-02-18T22:47:03.9983800Z >       return object.__getattribute__(self, name)
2025-02-18T22:47:03.9984240Z E       AttributeError: 'IsotopicMassFraction' object has no attribute 'decay'
2025-02-18T22:47:03.9984550Z 
2025-02-18T22:47:03.9984850Z ../../../micromamba/envs/tardis/lib/python3.12/site-packages/pandas/core/generic.py:6299: AttributeError
2025-02-18T22:47:03.9985390Z =============================== warnings summary ===============================
2025-02-18T22:47:03.9985750Z tardis/io/configuration/config_validator.py:6
2025-02-18T22:47:03.9986110Z tardis/io/configuration/config_validator.py:6
2025-02-18T22:47:03.9986590Z   /Users/runner/work/tardis/tardis/tardis/io/configuration/config_validator.py:6: DeprecationWarning:
2025-02-18T22:47:03.9987070Z   
2025-02-18T22:47:03.9988210Z   jsonschema.RefResolver is deprecated as of v4.18.0, in favor of the https://github.com/python-jsonschema/referencing library, which provides more compliant referencing behavior as well as more flexible APIs for customization. A future release will remove RefResolver. Please file a feature request (on referencing) if you are missing an API for the kind of customization you need.
2025-02-18T22:47:03.9989310Z 
2025-02-18T22:47:03.9989550Z ../../../micromamba/envs/tardis/lib/python3.12/site-packages/jupyter_client/connect.py:22
2025-02-18T22:47:03.9990180Z   /Users/runner/micromamba/envs/tardis/lib/python3.12/site-packages/jupyter_client/connect.py:22: DeprecationWarning:
2025-02-18T22:47:03.9990660Z   
2025-02-18T22:47:03.9990890Z   Jupyter is migrating its paths to use standard platformdirs
2025-02-18T22:47:03.9991280Z   given by the platformdirs library.  To remove this warning and
2025-02-18T22:47:03.9991640Z   see the appropriate new directories, set the environment variable
2025-02-18T22:47:03.9992050Z   `JUPYTER_PLATFORM_DIRS=1` and then run `jupyter --paths`.
2025-02-18T22:47:03.9992390Z   The use of platformdirs will be the default in `jupyter_core` v6
2025-02-18T22:47:03.9992630Z 
2025-02-18T22:47:04.0004000Z tardis/io/tests/test_HDFWriter.py::test_multi_index_write
2025-02-18T22:47:04.0004510Z tardis/visualization/widgets/tests/test_shell_info.py::TestHDFShellInfo::test_shells_data
2025-02-18T22:47:04.0005110Z   /Users/runner/work/tardis/tardis/tardis/io/util.py:276: PerformanceWarning:
2025-02-18T22:47:04.0005480Z   
2025-02-18T22:47:04.0005710Z   
2025-02-18T22:47:04.0006000Z   your performance may suffer as PyTables will pickle object types that it cannot
2025-02-18T22:47:04.0006580Z   map directly to c-types [inferred_type->mixed,key->block0_values] [items->Index([0], dtype='int64')]
2025-02-18T22:47:04.0006940Z 
2025-02-18T22:47:04.0007120Z tardis/io/tests/test_model_reader.py::test_read_cmfgen_isotope_abundances
2025-02-18T22:47:04.0007640Z tardis/plasma/tests/test_tardis_model_density_config.py::test_electron_densities
2025-02-18T22:47:04.0008690Z tardis/plasma/tests/test_tardis_model_density_config.py::test_isotope_number_densities
2025-02-18T22:47:04.0009190Z tardis/plasma/tests/test_tardis_model_density_config.py::test_t_rad
2025-02-18T22:47:04.0010250Z   /Users/runner/work/tardis/tardis/tardis/io/model/readers/cmfgen_deprecated.py:82: DeprecationWarning:
2025-02-18T22:47:04.0010690Z   
2025-02-18T22:47:04.0010990Z   The current CMFGEN model parser is deprecated
2025-02-18T22:47:04.0011170Z 
2025-02-18T22:47:04.0011360Z tardis/io/tests/test_model_reader.py: 1 warning
2025-02-18T22:47:04.0011780Z tardis/plasma/tests/test_tardis_model_density_config.py: 9 warnings
2025-02-18T22:47:04.0012440Z   /Users/runner/work/tardis/tardis/tardis/io/model/readers/cmfgen_deprecated.py:40: DeprecationWarning:
2025-02-18T22:47:04.0012990Z   
2025-02-18T22:47:04.0041470Z   The current CMFGEN model parser is deprecated
2025-02-18T22:47:04.0041730Z 
2025-02-18T22:47:04.0041930Z tardis/model/tests/test_base.py::TestModelFromPaper1Config::test_abundances
2025-02-18T22:47:04.0042650Z   /Users/runner/work/tardis/tardis/tardis/transport/montecarlo/montecarlo_main_loop.py:123: NumbaTypeSafetyWarning:
2025-02-18T22:47:04.0043170Z   
2025-02-18T22:47:04.0045480Z   [1m[1m[1munsafe cast from uint64 to int64. Precision may be lost.[0m[0m[0m
2025-02-18T22:47:04.0045750Z 
2025-02-18T22:47:04.0045860Z tardis/model/tests/test_base.py: 6 warnings
2025-02-18T22:47:04.0046180Z tardis/model/tests/test_csvy_model.py: 2 warnings
2025-02-18T22:47:04.0046540Z tardis/plasma/tests/test_tardis_model_density_config.py: 3 warnings
2025-02-18T22:47:04.0047020Z   /Users/runner/work/tardis/tardis/tardis/model/geometry/radial1d.py:50: DeprecationWarning:
2025-02-18T22:47:04.0047450Z   
2025-02-18T22:47:04.0048090Z   v_inner_boundary < 0, assuming default value
2025-02-18T22:47:04.0049040Z 
2025-02-18T22:47:04.0049160Z tardis/model/tests/test_base.py: 6 warnings
2025-02-18T22:47:04.0049430Z tardis/model/tests/test_csvy_model.py: 2 warnings
2025-02-18T22:47:04.0049770Z tardis/plasma/tests/test_tardis_model_density_config.py: 3 warnings
2025-02-18T22:47:04.0050220Z   /Users/runner/work/tardis/tardis/tardis/model/geometry/radial1d.py:61: DeprecationWarning:
2025-02-18T22:47:04.0050710Z   
2025-02-18T22:47:04.0050940Z   v_outer_boundary < 0, assuming default value
2025-02-18T22:47:04.0051140Z 
2025-02-18T22:47:04.0051560Z tardis/plasma/equilibrium/tests/test_level_populations.py::TestLevelPopulationSolver::test_solve[collisional_rate_solver0-radiative_transitions0]
2025-02-18T22:47:04.0052340Z   /Users/runner/work/tardis/tardis/tardis/plasma/equilibrium/level_populations.py:65: FutureWarning:
2025-02-18T22:47:04.0052760Z   
2025-02-18T22:47:04.0053140Z   A value is trying to be set on a copy of a DataFrame or Series through chained assignment using an inplace method.
2025-02-18T22:47:04.0053830Z   The behavior will change in pandas 3.0. This inplace method will never work because the intermediate object on which we are setting values always behaves as a copy.
2025-02-18T22:47:04.0054360Z   
2025-02-18T22:47:04.0054900Z   For example, when doing 'df[col].method(value, inplace=True)', try using 'df.method({col: value}, inplace=True)' or df[col] = df[col].method(value) instead, to perform the operation inplace on the original object.
2025-02-18T22:47:04.0055440Z 
2025-02-18T22:47:04.0055660Z tardis/plasma/tests/test_plasma_vboundary.py::test_plasma_vboundary[2900-3750]
2025-02-18T22:47:04.0056130Z tardis/plasma/tests/test_plasma_vboundary.py::test_plasma_vboundary[2900-3850]
2025-02-18T22:47:04.0056580Z tardis/plasma/tests/test_plasma_vboundary.py::test_plasma_vboundary[2900-3900]
2025-02-18T22:47:04.0057060Z   /Users/runner/work/tardis/tardis/tardis/model/geometry/radial1d.py:71: UserWarning:
2025-02-18T22:47:04.0057420Z   
2025-02-18T22:47:04.0057740Z   Requesting inner boundary below inner shell. Extrapolating the inner cell
2025-02-18T22:47:04.0057960Z 
2025-02-18T22:47:04.0058190Z tardis/spectrum/tests/test_spectrum_solver.py::TestSpectrumSolver::test_solve
2025-02-18T22:47:04.0059090Z   /Users/runner/work/tardis/tardis/tardis/spectrum/base.py:70: UserWarning:
2025-02-18T22:47:04.0059420Z   
2025-02-18T22:47:04.0059840Z   SpectrumSolver.spectrum_virtual_packets is zero. Please run the montecarlo simulation with no_of_virtual_packets > 0
2025-02-18T22:47:04.0060480Z 
2025-02-18T22:47:04.0060650Z tardis/spectrum/tests/test_spectrum_solver.py::TestSpectrumSolver::test_solve
2025-02-18T22:47:04.0061120Z   /Users/runner/work/tardis/tardis/tardis/spectrum/base.py:111: UserWarning:
2025-02-18T22:47:04.0061400Z   
2025-02-18T22:47:04.0061840Z   SpectrumSolver.integrator: The FormalIntegrator is not yet available.Please run the montecarlo simulation at least once.
2025-02-18T22:47:04.0062240Z 
2025-02-18T22:47:04.0062410Z tardis/transport/montecarlo/tests/test_vpacket.py::test_trace_vpacket_volley
2025-02-18T22:47:04.0062790Z   <string>:3: NumbaPendingDeprecationWarning:
2025-02-18T22:47:04.0063080Z   
2025-02-18T22:47:04.0064100Z   [1m[1mCode using Numba extension API maybe depending on 'old_style' error-capturing, which is deprecated and will be replaced by 'new_style' in a future release. See details at https://numba.readthedocs.io/en/latest/reference/deprecation.html#deprecation-of-old-style-numba-captured-errors
2025-02-18T22:47:04.0065030Z   Exception origin:
2025-02-18T22:47:04.0065410Z     File "/Users/runner/micromamba/envs/tardis/lib/python3.12/inspect.py", line 3180, in _bind
2025-02-18T22:47:04.0065860Z       raise TypeError(msg) from None
2025-02-18T22:47:04.0066060Z   [0m[0m
2025-02-18T22:47:04.0066140Z 
2025-02-18T22:47:04.0066400Z tardis/visualization/tools/tests/test_sdec_plot.py::TestSDECPlotter::test_mpl_image[plotter_generate_plot_mpl4]
2025-02-18T22:47:04.0066960Z   /Users/runner/work/tardis/tardis/tardis/visualization/tools/sdec_plot.py:1225: RuntimeWarning:
2025-02-18T22:47:04.0067310Z   
2025-02-18T22:47:04.0068050Z   More than 20 figures have been opened. Figures created through the pyplot interface (`matplotlib.pyplot.figure`) are retained until explicitly closed and may consume too much memory. (To control this warning, see the rcParam `figure.max_open_warning`). Consider using `matplotlib.pyplot.close()`.
2025-02-18T22:47:04.0068800Z 
2025-02-18T22:47:04.0069090Z tardis/visualization/widgets/tests/test_custom_abundance.py::TestCustomAbundanceWidget::test_update_input_item_value
2025-02-18T22:47:04.0069720Z tardis/visualization/widgets/tests/test_custom_abundance.py::TestCustomAbundanceWidget::test_update_input_item_value
2025-02-18T22:47:04.0070350Z tardis/visualization/widgets/tests/test_custom_abundance.py::TestCustomAbundanceWidget::test_update_input_item_value
2025-02-18T22:47:04.0071020Z tardis/visualization/widgets/tests/test_custom_abundance.py::TestCustomAbundanceWidget::test_update_input_item_value
2025-02-18T22:47:04.0071640Z tardis/visualization/widgets/tests/test_custom_abundance.py::TestCustomAbundanceWidget::test_update_input_item_value
2025-02-18T22:47:04.0072260Z tardis/visualization/widgets/tests/test_custom_abundance.py::TestCustomAbundanceWidget::test_update_input_item_value
2025-02-18T22:47:04.0072890Z   /Users/runner/micromamba/envs/tardis/lib/python3.12/site-packages/traitlets/traitlets.py:1385: DeprecationWarning:
2025-02-18T22:47:04.0073350Z   
2025-02-18T22:47:04.0073680Z   Passing unrecognized arguments to super(Checkbox).__init__(icon='lock').
2025-02-18T22:47:04.0074050Z   object.__init__() takes exactly one argument (the instance to initialize)
2025-02-18T22:47:04.0074460Z   This is deprecated in traitlets 4.2.This error will be raised in a future release of traitlets.
2025-02-18T22:47:04.0074720Z 
2025-02-18T22:47:04.0075010Z tardis/visualization/widgets/tests/test_custom_abundance.py::TestCustomAbundanceWidget::test_update_input_item_value
2025-02-18T22:47:04.0075630Z tardis/visualization/widgets/tests/test_custom_abundance.py::TestCustomAbundanceWidget::test_update_input_item_value
2025-02-18T22:47:04.0076310Z   /Users/runner/micromamba/envs/tardis/lib/python3.12/site-packages/traitlets/traitlets.py:1385: DeprecationWarning:
2025-02-18T22:47:04.0076990Z   
2025-02-18T22:47:04.0077360Z   Passing unrecognized arguments to super(FloatText).__init__(min=0).
2025-02-18T22:47:04.0077770Z   object.__init__() takes exactly one argument (the instance to initialize)
2025-02-18T22:47:04.0078460Z   This is deprecated in traitlets 4.2.This error will be raised in a future release of traitlets.
2025-02-18T22:47:04.0078840Z 
2025-02-18T22:47:04.0079130Z tardis/visualization/widgets/tests/test_custom_abundance.py::TestCustomAbundanceWidget::test_update_input_item_value
2025-02-18T22:47:04.0079870Z   /Users/runner/micromamba/envs/tardis/lib/python3.12/site-packages/traitlets/traitlets.py:1385: DeprecationWarning:
2025-02-18T22:47:04.0080320Z   
2025-02-18T22:47:04.0080620Z   Passing unrecognized arguments to super(HTML).__init__(indent=True).
2025-02-18T22:47:04.0081120Z   object.__init__() takes exactly one argument (the instance to initialize)
2025-02-18T22:47:04.0081570Z   This is deprecated in traitlets 4.2.This error will be raised in a future release of traitlets.
2025-02-18T22:47:04.0081880Z 
2025-02-18T22:47:04.0082280Z tardis/visualization/widgets/tests/test_line_info.py::TestLineInfoWidgetData::test_get_species_interactions[wavelength_range0-packet_out_nu]
2025-02-18T22:47:04.0083010Z   /Users/runner/micromamba/envs/tardis/lib/python3.12/site-packages/qgridnext/grid.py:820: DeprecationWarning:
2025-02-18T22:47:04.0083470Z   
2025-02-18T22:47:04.0083890Z   QgridWidget._precision_changed is deprecated in traitlets 4.1: use @observe and @unobserve instead.
2025-02-18T22:47:04.0084190Z 
2025-02-18T22:47:04.0084390Z tardis/visualization/widgets/tests/test_shell_info.py::TestHDFShellInfo::test_shells_data
2025-02-18T22:47:04.0084840Z   /Users/runner/work/tardis/tardis/tardis/io/util.py:289: PerformanceWarning:
2025-02-18T22:47:04.0085120Z   
2025-02-18T22:47:04.0085230Z   
2025-02-18T22:47:04.0085460Z   your performance may suffer as PyTables will pickle object types that it cannot
2025-02-18T22:47:04.0086030Z   map directly to c-types [inferred_type->mixed,key->block0_values] [items->Index([0], dtype='int64')]
2025-02-18T22:47:04.0086310Z 
2025-02-18T22:47:04.0086520Z tardis/visualization/widgets/tests/test_shell_info.py::TestHDFShellInfo::test_shells_data
2025-02-18T22:47:04.0086970Z   /Users/runner/work/tardis/tardis/tardis/io/util.py:292: PerformanceWarning:
2025-02-18T22:47:04.0087260Z   
2025-02-18T22:47:04.0087410Z   
2025-02-18T22:47:04.0087640Z   your performance may suffer as PyTables will pickle object types that it cannot
2025-02-18T22:47:04.0088010Z   map directly to c-types [inferred_type->mixed,key->values] [items->None]
2025-02-18T22:47:04.0088220Z 
2025-02-18T22:47:04.0088430Z tardis/visualization/widgets/tests/test_shell_info.py::TestHDFShellInfo::test_shells_data
2025-02-18T22:47:04.0088900Z   /Users/runner/work/tardis/tardis/tardis/spectrum/formal_integral.py:398: UserWarning:
2025-02-18T22:47:04.0089210Z   
2025-02-18T22:47:04.0089420Z   The number of interpolate_shells was not specified. The value was set to 80.
2025-02-18T22:47:04.0089660Z 
2025-02-18T22:47:04.0089830Z -- Docs: https://docs.pytest.org/en/stable/how-to/capture-warnings.html
2025-02-18T22:47:04.0090060Z 
2025-02-18T22:47:04.0090190Z ---------- coverage: platform darwin, python 3.12.4-final-0 ----------
2025-02-18T22:47:04.0090490Z Coverage HTML written to dir coverage_html_report
2025-02-18T22:47:04.0090850Z Coverage XML written to file coverage.xml
2025-02-18T22:47:04.0091050Z 
2025-02-18T22:47:04.0091430Z =========================== short test summary info ============================
2025-02-18T22:47:04.0092190Z FAILED tardis/io/tests/test_decay.py::test_simple_decay - AttributeError: 'IsotopicMassFraction' object has no attribute 'decay'
2025-02-18T22:47:04.0093130Z FAILED tardis/io/tests/test_decay.py::test_abundance_merge - AttributeError: 'IsotopicMassFraction' object has no attribute 'decay'
2025-02-18T22:47:04.0093820Z = 2 failed, 1408 passed, 357 skipped, 2 deselected, 19 xfailed, 8 xpassed, 63 warnings in 763.19s (0:12:43) =
2025-02-18T22:47:05.9737840Z ##[error]Process completed with exit code 1.
