2025-01-13T19:25:20.2191644Z Requested labels: macos-latest
2025-01-13T19:25:20.2192005Z Job defined at: tardis-sn/tardis/.github/workflows/tests.yml@refs/pull/2942/merge
2025-01-13T19:25:20.2192152Z Waiting for a runner to pick up this job...
2025-01-13T19:25:20.4108878Z Job is waiting for a hosted runner to come online.
2025-01-13T19:25:24.1385214Z Job is about to start running on the hosted runner: GitHub Actions 18 (hosted)
2025-01-13T19:25:25.2555670Z Current runner version: '2.321.0'
2025-01-13T19:25:25.2572650Z ##[group]Operating System
2025-01-13T19:25:25.2573120Z macOS
2025-01-13T19:25:25.2573420Z 14.7.2
2025-01-13T19:25:25.2573720Z 23H311
2025-01-13T19:25:25.2574020Z ##[endgroup]
2025-01-13T19:25:25.2574350Z ##[group]Runner Image
2025-01-13T19:25:25.2574690Z Image: macos-14-arm64
2025-01-13T19:25:25.2575010Z Version: 20250106.725
2025-01-13T19:25:25.2575690Z Included Software: https://github.com/actions/runner-images/blob/macos-14-arm64/20250106.725/images/macos/macos-14-arm64-Readme.md
2025-01-13T19:25:25.2576620Z Image Release: https://github.com/actions/runner-images/releases/tag/macos-14-arm64%2F20250106.725
2025-01-13T19:25:25.2577200Z ##[endgroup]
2025-01-13T19:25:25.2577520Z ##[group]Runner Image Provisioner
2025-01-13T19:25:25.2577920Z 2.0.404.1+573eac7f0cc07d6bb82d8b9bf5e1ffa69a554644
2025-01-13T19:25:25.2578320Z ##[endgroup]
2025-01-13T19:25:25.2579660Z ##[group]GITHUB_TOKEN Permissions
2025-01-13T19:25:25.2580690Z Actions: read
2025-01-13T19:25:25.2581010Z Attestations: read
2025-01-13T19:25:25.2581320Z Checks: read
2025-01-13T19:25:25.2581610Z Contents: read
2025-01-13T19:25:25.2581900Z Deployments: read
2025-01-13T19:25:25.2582220Z Discussions: read
2025-01-13T19:25:25.2582520Z Issues: read
2025-01-13T19:25:25.2582810Z Metadata: read
2025-01-13T19:25:25.2583110Z Packages: read
2025-01-13T19:25:25.2583400Z Pages: read
2025-01-13T19:25:25.2583690Z PullRequests: read
2025-01-13T19:25:25.2584010Z RepositoryProjects: read
2025-01-13T19:25:25.2584340Z SecurityEvents: read
2025-01-13T19:25:25.2584660Z Statuses: read
2025-01-13T19:25:25.2584960Z ##[endgroup]
2025-01-13T19:25:25.2586850Z Secret source: None
2025-01-13T19:25:25.2587230Z Prepare workflow directory
2025-01-13T19:25:25.2933030Z Prepare all required actions
2025-01-13T19:25:25.2959130Z Getting action download info
2025-01-13T19:25:25.4699040Z Download action repository 'actions/checkout@v4' (SHA:11bd71901bbe5b1630ceea73d27597364c9af683)
2025-01-13T19:25:25.8810190Z Download action repository 'actions/upload-artifact@v4' (SHA:65c4c4a1ddee5b72f698fdd19549f0f0fb45cf08)
2025-01-13T19:25:27.2647930Z Complete job name: not continuum macos-latest 
2025-01-13T19:25:27.3051960Z ##[group]Run actions/checkout@v4
2025-01-13T19:25:27.3052560Z with:
2025-01-13T19:25:27.3052870Z   repository: tardis-sn/tardis
2025-01-13T19:25:27.3053420Z   token: ***
2025-01-13T19:25:27.3053720Z   ssh-strict: true
2025-01-13T19:25:27.3054040Z   ssh-user: git
2025-01-13T19:25:27.3054360Z   persist-credentials: true
2025-01-13T19:25:27.3054710Z   clean: true
2025-01-13T19:25:27.3055050Z   sparse-checkout-cone-mode: true
2025-01-13T19:25:27.3055420Z   fetch-depth: 1
2025-01-13T19:25:27.3055720Z   fetch-tags: false
2025-01-13T19:25:27.3056030Z   show-progress: true
2025-01-13T19:25:27.3056340Z   lfs: false
2025-01-13T19:25:27.3056640Z   submodules: false
2025-01-13T19:25:27.3056950Z   set-safe-directory: true
2025-01-13T19:25:27.3057380Z env:
2025-01-13T19:25:27.3057640Z   CACHE_NUMBER: 0
2025-01-13T19:25:27.3058560Z   PYTEST_FLAGS: --tardis-regression-data=/Users/runner/work/tardis/tardis/tardis-regression-data --cov=tardis --cov-report=xml --cov-report=html --cov-append
2025-01-13T19:25:27.3059540Z   CODECOV_TOKEN: 
2025-01-13T19:25:27.3059840Z ##[endgroup]
2025-01-13T19:25:27.6161020Z Syncing repository: tardis-sn/tardis
2025-01-13T19:25:27.6162420Z ##[group]Getting Git version info
2025-01-13T19:25:27.6162950Z Working directory is '/Users/runner/work/tardis/tardis'
2025-01-13T19:25:27.6163670Z [command]/opt/homebrew/bin/git version
2025-01-13T19:25:27.6658360Z git version 2.47.1
2025-01-13T19:25:27.6681750Z ##[endgroup]
2025-01-13T19:25:27.6688230Z Copying '/Users/runner/.gitconfig' to '/Users/runner/work/_temp/294407df-7dcf-4a71-a347-5139d718cb2d/.gitconfig'
2025-01-13T19:25:27.6694440Z Temporarily overriding HOME='/Users/runner/work/_temp/294407df-7dcf-4a71-a347-5139d718cb2d' before making global git config changes
2025-01-13T19:25:27.6695640Z Adding repository directory to the temporary git global config as a safe directory
2025-01-13T19:25:27.6698470Z [command]/opt/homebrew/bin/git config --global --add safe.directory /Users/runner/work/tardis/tardis
2025-01-13T19:25:27.6813730Z Deleting the contents of '/Users/runner/work/tardis/tardis'
2025-01-13T19:25:27.6814920Z ##[group]Initializing the repository
2025-01-13T19:25:27.6815470Z [command]/opt/homebrew/bin/git init /Users/runner/work/tardis/tardis
2025-01-13T19:25:27.6977200Z hint: Using 'master' as the name for the initial branch. This default branch name
2025-01-13T19:25:27.6978530Z hint: is subject to change. To configure the initial branch name to use in all
2025-01-13T19:25:27.6979410Z hint: of your new repositories, which will suppress this warning, call:
2025-01-13T19:25:27.6979940Z hint:
2025-01-13T19:25:27.6980360Z hint: 	git config --global init.defaultBranch <name>
2025-01-13T19:25:27.6980810Z hint:
2025-01-13T19:25:27.6981300Z hint: Names commonly chosen instead of 'master' are 'main', 'trunk' and
2025-01-13T19:25:27.6982010Z hint: 'development'. The just-created branch can be renamed via this command:
2025-01-13T19:25:27.6982610Z hint:
2025-01-13T19:25:27.6982910Z hint: 	git branch -m <name>
2025-01-13T19:25:27.6983440Z Initialized empty Git repository in /Users/runner/work/tardis/tardis/.git/
2025-01-13T19:25:27.6984970Z [command]/opt/homebrew/bin/git remote add origin https://github.com/tardis-sn/tardis
2025-01-13T19:25:27.7046110Z ##[endgroup]
2025-01-13T19:25:27.7046870Z ##[group]Disabling automatic garbage collection
2025-01-13T19:25:27.7048260Z [command]/opt/homebrew/bin/git config --local gc.auto 0
2025-01-13T19:25:27.7088480Z ##[endgroup]
2025-01-13T19:25:27.7089050Z ##[group]Setting up auth
2025-01-13T19:25:27.7093600Z [command]/opt/homebrew/bin/git config --local --name-only --get-regexp core\.sshCommand
2025-01-13T19:25:27.7134670Z [command]/opt/homebrew/bin/git submodule foreach --recursive sh -c "git config --local --name-only --get-regexp 'core\.sshCommand' && git config --local --unset-all 'core.sshCommand' || :"
2025-01-13T19:25:27.8504900Z [command]/opt/homebrew/bin/git config --local --name-only --get-regexp http\.https\:\/\/github\.com\/\.extraheader
2025-01-13T19:25:27.8554470Z [command]/opt/homebrew/bin/git submodule foreach --recursive sh -c "git config --local --name-only --get-regexp 'http\.https\:\/\/github\.com\/\.extraheader' && git config --local --unset-all 'http.https://github.com/.extraheader' || :"
2025-01-13T19:25:27.9367520Z [command]/opt/homebrew/bin/git config --local http.https://github.com/.extraheader AUTHORIZATION: basic ***
2025-01-13T19:25:27.9440740Z ##[endgroup]
2025-01-13T19:25:27.9441470Z ##[group]Fetching the repository
2025-01-13T19:25:27.9447320Z [command]/opt/homebrew/bin/git -c protocol.version=2 fetch --no-tags --prune --no-recurse-submodules --depth=1 origin +2fad5875a254c5823678c14284b6ac89a023fb02:refs/remotes/pull/2942/merge
2025-01-13T19:25:29.7178940Z From https://github.com/tardis-sn/tardis
2025-01-13T19:25:29.7183080Z  * [new ref]         2fad5875a254c5823678c14284b6ac89a023fb02 -> pull/2942/merge
2025-01-13T19:25:29.7238750Z ##[endgroup]
2025-01-13T19:25:29.7240040Z ##[group]Determining the checkout info
2025-01-13T19:25:29.7241120Z ##[endgroup]
2025-01-13T19:25:29.7244150Z [command]/opt/homebrew/bin/git sparse-checkout disable
2025-01-13T19:25:29.7340950Z [command]/opt/homebrew/bin/git config --local --unset-all extensions.worktreeConfig
2025-01-13T19:25:29.7414860Z ##[group]Checking out the ref
2025-01-13T19:25:29.7417900Z [command]/opt/homebrew/bin/git checkout --progress --force refs/remotes/pull/2942/merge
2025-01-13T19:25:30.1249200Z HEAD is now at 2fad587 Merge dda572c94c0c8d69cf77ea799410d2adff513332 into b4bc6ac32afba1ed86870074cd69db14d7845052
2025-01-13T19:25:30.1265280Z ##[endgroup]
2025-01-13T19:25:30.1336920Z [command]/opt/homebrew/bin/git log -1 --format=%H
2025-01-13T19:25:30.1380790Z 2fad5875a254c5823678c14284b6ac89a023fb02
2025-01-13T19:25:30.1610810Z Prepare all required actions
2025-01-13T19:25:30.1611150Z Getting action download info
2025-01-13T19:25:30.3622070Z Download action repository 'actions/cache@v4' (SHA:1bd1e32a3bdc45362d1e726936510720a7c30a57)
2025-01-13T19:25:30.5173990Z ##[group]Run ./.github/actions/setup_lfs
2025-01-13T19:25:30.5174240Z with:
2025-01-13T19:25:30.5174480Z   regression-data-repo: tardis-sn/tardis-regression-data
2025-01-13T19:25:30.5174740Z env:
2025-01-13T19:25:30.5174910Z   CACHE_NUMBER: 0
2025-01-13T19:25:30.5175480Z   PYTEST_FLAGS: --tardis-regression-data=/Users/runner/work/tardis/tardis/tardis-regression-data --cov=tardis --cov-report=xml --cov-report=html --cov-append
2025-01-13T19:25:30.5176050Z   CODECOV_TOKEN: 
2025-01-13T19:25:30.5176250Z ##[endgroup]
2025-01-13T19:25:30.5296500Z ##[group]Run actions/checkout@v4
2025-01-13T19:25:30.5296740Z with:
2025-01-13T19:25:30.5296930Z   repository: tardis-sn/tardis-regression-data
2025-01-13T19:25:30.5297270Z   path: tardis-regression-data
2025-01-13T19:25:30.5297710Z   token: ***
2025-01-13T19:25:30.5297870Z   ssh-strict: true
2025-01-13T19:25:30.5298060Z   ssh-user: git
2025-01-13T19:25:30.5298230Z   persist-credentials: true
2025-01-13T19:25:30.5298440Z   clean: true
2025-01-13T19:25:30.5298730Z   sparse-checkout-cone-mode: true
2025-01-13T19:25:30.5298950Z   fetch-depth: 1
2025-01-13T19:25:30.5299110Z   fetch-tags: false
2025-01-13T19:25:30.5299270Z   show-progress: true
2025-01-13T19:25:30.5299440Z   lfs: false
2025-01-13T19:25:30.5299580Z   submodules: false
2025-01-13T19:25:30.5299750Z   set-safe-directory: true
2025-01-13T19:25:30.5299960Z env:
2025-01-13T19:25:30.5300100Z   CACHE_NUMBER: 0
2025-01-13T19:25:30.5300640Z   PYTEST_FLAGS: --tardis-regression-data=/Users/runner/work/tardis/tardis/tardis-regression-data --cov=tardis --cov-report=xml --cov-report=html --cov-append
2025-01-13T19:25:30.5301200Z   CODECOV_TOKEN: 
2025-01-13T19:25:30.5301360Z ##[endgroup]
2025-01-13T19:25:30.7368620Z Syncing repository: tardis-sn/tardis-regression-data
2025-01-13T19:25:30.7369270Z ##[group]Getting Git version info
2025-01-13T19:25:30.7369680Z Working directory is '/Users/runner/work/tardis/tardis/tardis-regression-data'
2025-01-13T19:25:30.7370300Z [command]/opt/homebrew/bin/git version
2025-01-13T19:25:30.7370540Z git version 2.47.1
2025-01-13T19:25:30.7371350Z ##[endgroup]
2025-01-13T19:25:30.7372700Z Copying '/Users/runner/.gitconfig' to '/Users/runner/work/_temp/17c497bb-8464-46a9-8be5-e11a6c514eaf/.gitconfig'
2025-01-13T19:25:30.7373420Z Temporarily overriding HOME='/Users/runner/work/_temp/17c497bb-8464-46a9-8be5-e11a6c514eaf' before making global git config changes
2025-01-13T19:25:30.7374050Z Adding repository directory to the temporary git global config as a safe directory
2025-01-13T19:25:30.7374690Z [command]/opt/homebrew/bin/git config --global --add safe.directory /Users/runner/work/tardis/tardis/tardis-regression-data
2025-01-13T19:25:30.7375540Z ##[group]Initializing the repository
2025-01-13T19:25:30.7375970Z [command]/opt/homebrew/bin/git init /Users/runner/work/tardis/tardis/tardis-regression-data
2025-01-13T19:25:30.7376480Z hint: Using 'master' as the name for the initial branch. This default branch name
2025-01-13T19:25:30.7376930Z hint: is subject to change. To configure the initial branch name to use in all
2025-01-13T19:25:30.7377360Z hint: of your new repositories, which will suppress this warning, call:
2025-01-13T19:25:30.7377690Z hint:
2025-01-13T19:25:30.7377920Z hint: 	git config --global init.defaultBranch <name>
2025-01-13T19:25:30.7378180Z hint:
2025-01-13T19:25:30.7378460Z hint: Names commonly chosen instead of 'master' are 'main', 'trunk' and
2025-01-13T19:25:30.7378900Z hint: 'development'. The just-created branch can be renamed via this command:
2025-01-13T19:25:30.7379210Z hint:
2025-01-13T19:25:30.7379400Z hint: 	git branch -m <name>
2025-01-13T19:25:30.7379800Z Initialized empty Git repository in /Users/runner/work/tardis/tardis/tardis-regression-data/.git/
2025-01-13T19:25:30.7381230Z [command]/opt/homebrew/bin/git remote add origin https://github.com/tardis-sn/tardis-regression-data
2025-01-13T19:25:30.7382080Z ##[endgroup]
2025-01-13T19:25:30.7382420Z ##[group]Disabling automatic garbage collection
2025-01-13T19:25:30.7383050Z [command]/opt/homebrew/bin/git config --local gc.auto 0
2025-01-13T19:25:30.7383830Z ##[endgroup]
2025-01-13T19:25:30.7384140Z ##[group]Setting up auth
2025-01-13T19:25:30.7384510Z [command]/opt/homebrew/bin/git config --local --name-only --get-regexp core\.sshCommand
2025-01-13T19:25:30.7385540Z [command]/opt/homebrew/bin/git submodule foreach --recursive sh -c "git config --local --name-only --get-regexp 'core\.sshCommand' && git config --local --unset-all 'core.sshCommand' || :"
2025-01-13T19:25:30.7838100Z [command]/opt/homebrew/bin/git config --local --name-only --get-regexp http\.https\:\/\/github\.com\/\.extraheader
2025-01-13T19:25:30.7882410Z [command]/opt/homebrew/bin/git submodule foreach --recursive sh -c "git config --local --name-only --get-regexp 'http\.https\:\/\/github\.com\/\.extraheader' && git config --local --unset-all 'http.https://github.com/.extraheader' || :"
2025-01-13T19:25:30.8596480Z [command]/opt/homebrew/bin/git config --local http.https://github.com/.extraheader AUTHORIZATION: basic ***
2025-01-13T19:25:30.8644420Z ##[endgroup]
2025-01-13T19:25:30.8645110Z ##[group]Determining the default branch
2025-01-13T19:25:30.8646350Z Retrieving the default branch name
2025-01-13T19:25:31.2558970Z Default branch 'main'
2025-01-13T19:25:31.2703630Z ##[endgroup]
2025-01-13T19:25:31.2807010Z ##[group]Fetching the repository
2025-01-13T19:25:31.2908360Z [command]/opt/homebrew/bin/git -c protocol.version=2 fetch --no-tags --prune --no-recurse-submodules --depth=1 origin +refs/heads/main:refs/remotes/origin/main
2025-01-13T19:25:32.2323720Z From https://github.com/tardis-sn/tardis-regression-data
2025-01-13T19:25:32.2324290Z  * [new branch]      main       -> origin/main
2025-01-13T19:25:32.2372680Z ##[endgroup]
2025-01-13T19:25:32.2373120Z ##[group]Determining the checkout info
2025-01-13T19:25:32.2373690Z ##[endgroup]
2025-01-13T19:25:32.2377670Z [command]/opt/homebrew/bin/git sparse-checkout disable
2025-01-13T19:25:32.2453480Z [command]/opt/homebrew/bin/git config --local --unset-all extensions.worktreeConfig
2025-01-13T19:25:32.2483430Z ##[group]Checking out the ref
2025-01-13T19:25:32.2487280Z [command]/opt/homebrew/bin/git checkout --progress --force -B main refs/remotes/origin/main
2025-01-13T19:25:32.5190590Z Switched to a new branch 'main'
2025-01-13T19:25:32.5194230Z branch 'main' set up to track 'origin/main'.
2025-01-13T19:25:32.6131380Z ##[endgroup]
2025-01-13T19:25:32.6199700Z [command]/opt/homebrew/bin/git log -1 --format=%H
2025-01-13T19:25:32.6253960Z fa7729bc9c30e14b69acd641af8b692b56fcd416
2025-01-13T19:25:32.6347340Z ##[group]Run git lfs ls-files -l | cut -d' ' -f1 | sort > .lfs-assets-id
2025-01-13T19:25:32.6347740Z [36;1mgit lfs ls-files -l | cut -d' ' -f1 | sort > .lfs-assets-id[0m
2025-01-13T19:25:32.6411820Z shell: /bin/bash --noprofile --norc -e -o pipefail {0}
2025-01-13T19:25:32.6412070Z env:
2025-01-13T19:25:32.6412210Z   CACHE_NUMBER: 0
2025-01-13T19:25:32.6412720Z   PYTEST_FLAGS: --tardis-regression-data=/Users/runner/work/tardis/tardis/tardis-regression-data --cov=tardis --cov-report=xml --cov-report=html --cov-append
2025-01-13T19:25:32.6413240Z   CODECOV_TOKEN: 
2025-01-13T19:25:32.6413380Z ##[endgroup]
2025-01-13T19:25:32.9049550Z ##[group]Run actions/cache/restore@v4
2025-01-13T19:25:32.9049840Z with:
2025-01-13T19:25:32.9049990Z   path: tardis-regression-data/.git/lfs
2025-01-13T19:25:32.9050380Z   key: macOS-lfs-21f9fa4b6817cc69b9fae3598144724da7828e276a73bd17f47a2a49d9af090a-v1
2025-01-13T19:25:32.9050720Z   enableCrossOsArchive: false
2025-01-13T19:25:32.9050910Z   fail-on-cache-miss: false
2025-01-13T19:25:32.9051070Z   lookup-only: false
2025-01-13T19:25:32.9051240Z env:
2025-01-13T19:25:32.9051370Z   CACHE_NUMBER: 0
2025-01-13T19:25:32.9052190Z   PYTEST_FLAGS: --tardis-regression-data=/Users/runner/work/tardis/tardis/tardis-regression-data --cov=tardis --cov-report=xml --cov-report=html --cov-append
2025-01-13T19:25:32.9052690Z   CODECOV_TOKEN: 
2025-01-13T19:25:32.9052830Z ##[endgroup]
2025-01-13T19:25:34.4189080Z Received 50331648 of 1706796060 (2.9%), 47.8 MBs/sec
2025-01-13T19:25:35.4172640Z Received 125829120 of 1706796060 (7.4%), 59.6 MBs/sec
2025-01-13T19:25:36.4174090Z Received 188743680 of 1706796060 (11.1%), 59.7 MBs/sec
2025-01-13T19:25:37.4178980Z Received 260046848 of 1706796060 (15.2%), 61.8 MBs/sec
2025-01-13T19:25:38.4196840Z Received 335544320 of 1706796060 (19.7%), 63.8 MBs/sec
2025-01-13T19:25:39.4186510Z Received 415236096 of 1706796060 (24.3%), 65.8 MBs/sec
2025-01-13T19:25:40.4192190Z Received 482344960 of 1706796060 (28.3%), 65.6 MBs/sec
2025-01-13T19:25:41.4261460Z Received 566231040 of 1706796060 (33.2%), 67.3 MBs/sec
2025-01-13T19:25:42.4272510Z Received 633339904 of 1706796060 (37.1%), 66.9 MBs/sec
2025-01-13T19:25:43.4282330Z Received 696254464 of 1706796060 (40.8%), 66.2 MBs/sec
2025-01-13T19:25:44.4300560Z Received 767557632 of 1706796060 (45.0%), 66.4 MBs/sec
2025-01-13T19:25:45.4336180Z Received 851443712 of 1706796060 (49.9%), 67.5 MBs/sec
2025-01-13T19:25:46.4343780Z Received 943718400 of 1706796060 (55.3%), 69.1 MBs/sec
2025-01-13T19:25:47.4345980Z Received 1040187392 of 1706796060 (60.9%), 70.7 MBs/sec
2025-01-13T19:25:48.4357120Z Received 1124073472 of 1706796060 (65.9%), 71.3 MBs/sec
2025-01-13T19:25:49.4357730Z Received 1186988032 of 1706796060 (69.5%), 70.6 MBs/sec
2025-01-13T19:25:50.4371880Z Received 1237319680 of 1706796060 (72.5%), 69.3 MBs/sec
2025-01-13T19:25:51.4386260Z Received 1308622848 of 1706796060 (76.7%), 69.2 MBs/sec
2025-01-13T19:25:52.4408520Z Received 1384120320 of 1706796060 (81.1%), 69.3 MBs/sec
2025-01-13T19:25:53.4415780Z Received 1434451968 of 1706796060 (84.0%), 68.3 MBs/sec
2025-01-13T19:25:54.4427410Z Received 1501560832 of 1706796060 (88.0%), 68.1 MBs/sec
2025-01-13T19:25:55.4461570Z Received 1539309568 of 1706796060 (90.2%), 66.6 MBs/sec
2025-01-13T19:25:56.4445650Z Received 1585446912 of 1706796060 (92.9%), 65.6 MBs/sec
2025-01-13T19:25:57.4461960Z Received 1639972864 of 1706796060 (96.1%), 65.1 MBs/sec
2025-01-13T19:25:58.4521900Z Received 1681915904 of 1706796060 (98.5%), 64.0 MBs/sec
2025-01-13T19:25:59.2754280Z Cache Size: ~1628 MB (1706796060 B)
2025-01-13T19:25:59.3452120Z [command]/opt/homebrew/bin/gtar -xf /Users/runner/work/_temp/fe140b19-5f87-46d6-9a7a-fc80d0b07713/cache.tzst -P -C /Users/runner/work/tardis/tardis --delay-directory-restore --use-compress-program unzstd
2025-01-13T19:25:59.4538180Z Received 1706796060 of 1706796060 (100.0%), 62.5 MBs/sec
2025-01-13T19:26:08.9916790Z Cache restored successfully
2025-01-13T19:26:09.1253700Z Cache restored from key: macOS-lfs-21f9fa4b6817cc69b9fae3598144724da7828e276a73bd17f47a2a49d9af090a-v1
2025-01-13T19:26:09.1707050Z ##[group]Run git lfs checkout
2025-01-13T19:26:09.1707670Z [36;1mgit lfs checkout[0m
2025-01-13T19:26:09.1907640Z shell: /bin/bash --noprofile --norc -e -o pipefail {0}
2025-01-13T19:26:09.1908590Z env:
2025-01-13T19:26:09.1909280Z   CACHE_NUMBER: 0
2025-01-13T19:26:09.1911430Z   PYTEST_FLAGS: --tardis-regression-data=/Users/runner/work/tardis/tardis/tardis-regression-data --cov=tardis --cov-report=xml --cov-report=html --cov-append
2025-01-13T19:26:09.1915740Z   CODECOV_TOKEN: 
2025-01-13T19:26:09.1916320Z ##[endgroup]
2025-01-13T19:26:20.6133290Z Checking out LFS objects: 100% (204/204), 3.5 GB | 250 MB/s, done.
2025-01-13T19:26:31.0431870Z Prepare all required actions
2025-01-13T19:26:31.0432380Z Getting action download info
2025-01-13T19:26:31.1822390Z Download action repository 'mamba-org/setup-micromamba@v1' (SHA:4b9113af4fba0e9e1124b252dd6497a419e7396d)
2025-01-13T19:26:32.3746880Z ##[group]Run ./.github/actions/setup_env
2025-01-13T19:26:32.3750860Z with:
2025-01-13T19:26:32.3751110Z   os-label: osx-arm64
2025-01-13T19:26:32.3754300Z env:
2025-01-13T19:26:32.3754520Z   CACHE_NUMBER: 0
2025-01-13T19:26:32.3755080Z   PYTEST_FLAGS: --tardis-regression-data=/Users/runner/work/tardis/tardis/tardis-regression-data --cov=tardis --cov-report=xml --cov-report=html --cov-append
2025-01-13T19:26:32.3755740Z   CODECOV_TOKEN: 
2025-01-13T19:26:32.3755860Z ##[endgroup]
2025-01-13T19:26:32.3785370Z ##[group]Run file_hash=$(cat conda-osx-arm64.lock | shasum -a 256 | cut -d' ' -f1)
2025-01-13T19:26:32.3786540Z [36;1mfile_hash=$(cat conda-osx-arm64.lock | shasum -a 256 | cut -d' ' -f1)[0m
2025-01-13T19:26:32.3789390Z [36;1mecho "file_hash=$file_hash" >> "${GITHUB_OUTPUT}"[0m
2025-01-13T19:26:32.3865420Z shell: /bin/bash --noprofile --norc -e -o pipefail {0}
2025-01-13T19:26:32.3865720Z env:
2025-01-13T19:26:32.3865850Z   CACHE_NUMBER: 0
2025-01-13T19:26:32.3866370Z   PYTEST_FLAGS: --tardis-regression-data=/Users/runner/work/tardis/tardis/tardis-regression-data --cov=tardis --cov-report=xml --cov-report=html --cov-append
2025-01-13T19:26:32.3866980Z   CODECOV_TOKEN: 
2025-01-13T19:26:32.3867110Z ##[endgroup]
2025-01-13T19:26:32.5176710Z ##[group]Run mamba-org/setup-micromamba@v1
2025-01-13T19:26:32.5176950Z with:
2025-01-13T19:26:32.5177100Z   environment-file: conda-osx-arm64.lock
2025-01-13T19:26:32.5177460Z   cache-environment-key: bf0d0a4d4c847cca72476c6c68c493d56c484aada7e80de0e42c7607fcef5824
2025-01-13T19:26:32.5178020Z   cache-downloads-key: bf0d0a4d4c847cca72476c6c68c493d56c484aada7e80de0e42c7607fcef5824
2025-01-13T19:26:32.5178340Z   environment-name: tardis
2025-01-13T19:26:32.5183440Z   cache-environment: true
2025-01-13T19:26:32.5183650Z   cache-downloads: true
2025-01-13T19:26:32.5183810Z env:
2025-01-13T19:26:32.5183940Z   CACHE_NUMBER: 0
2025-01-13T19:26:32.5184430Z   PYTEST_FLAGS: --tardis-regression-data=/Users/runner/work/tardis/tardis/tardis-regression-data --cov=tardis --cov-report=xml --cov-report=html --cov-append
2025-01-13T19:26:32.5185130Z   CODECOV_TOKEN: 
2025-01-13T19:26:32.5185260Z ##[endgroup]
2025-01-13T19:26:33.1037050Z Will download micromamba to /Users/runner/micromamba-bin/micromamba
2025-01-13T19:26:33.1041990Z ##[group]Install micromamba
2025-01-13T19:26:33.8440270Z micromamba installed to /Users/runner/micromamba-bin/micromamba
2025-01-13T19:26:33.8442940Z ##[endgroup]
2025-01-13T19:26:33.8443320Z Adding conda-forge to condarc channels ...
2025-01-13T19:26:33.8448880Z ##[group]Initialize micromamba for bash.
2025-01-13T19:26:33.8458150Z [command]/Users/runner/micromamba-bin/micromamba shell init -s bash -r /Users/runner/micromamba --log-level warning --rc-file /Users/runner/work/_temp/setup-micromamba/.condarc
2025-01-13T19:26:33.8771500Z Modifying RC file "/Users/runner/.bash_profile"
2025-01-13T19:26:33.8773500Z Generating config for root prefix [1m"/Users/runner/micromamba"[0m
2025-01-13T19:26:33.8774160Z Setting mamba executable to: [1m"/Users/runner/micromamba-bin/micromamba"[0m
2025-01-13T19:26:33.8774650Z Adding (or replacing) the following in your "/Users/runner/.bash_profile" file
2025-01-13T19:26:33.8774900Z 
2025-01-13T19:26:33.8774960Z # >>> mamba initialize >>>
2025-01-13T19:26:33.8775190Z # !! Contents within this block are managed by 'mamba init' !!
2025-01-13T19:26:33.8775480Z export MAMBA_EXE='/Users/runner/micromamba-bin/micromamba';
2025-01-13T19:26:33.8775770Z export MAMBA_ROOT_PREFIX='/Users/runner/micromamba';
2025-01-13T19:26:33.8776150Z __mamba_setup="$("$MAMBA_EXE" shell hook --shell bash --root-prefix "$MAMBA_ROOT_PREFIX" 2> /dev/null)"
2025-01-13T19:26:33.8776680Z if [ $? -eq 0 ]; then
2025-01-13T19:26:33.8776840Z     eval "$__mamba_setup"
2025-01-13T19:26:33.8777690Z else
2025-01-13T19:26:33.8777920Z     alias micromamba="$MAMBA_EXE"  # Fallback on help from mamba activate
2025-01-13T19:26:33.8778200Z fi
2025-01-13T19:26:33.8778320Z unset __mamba_setup
2025-01-13T19:26:33.8778470Z # <<< mamba initialize <<<
2025-01-13T19:26:33.8778570Z 
2025-01-13T19:26:33.8779670Z ##[endgroup]
2025-01-13T19:26:33.8780230Z ##[group]Restoring downloads from `/Users/runner/micromamba/pkgs` ...
2025-01-13T19:26:35.2469790Z Received 29360128 of 310595873 (9.5%), 28.0 MBs/sec
2025-01-13T19:26:36.2475820Z Received 75497472 of 310595873 (24.3%), 36.0 MBs/sec
2025-01-13T19:26:37.2536020Z Received 146800640 of 310595873 (47.3%), 46.6 MBs/sec
2025-01-13T19:26:38.2540990Z Received 192937984 of 310595873 (62.1%), 46.0 MBs/sec
2025-01-13T19:26:39.2530490Z Received 268435456 of 310595873 (86.4%), 51.1 MBs/sec
2025-01-13T19:26:39.9502360Z Cache Size: ~296 MB (310595873 B)
2025-01-13T19:26:39.9549560Z [command]/opt/homebrew/bin/gtar -xf /Users/runner/work/_temp/e1f6c6d3-e4b5-4391-acc5-5922f7acf864/cache.tzst -P -C /Users/runner/work/tardis/tardis --delay-directory-restore --use-compress-program unzstd
2025-01-13T19:26:40.2559540Z Received 310595873 of 310595873 (100.0%), 49.3 MBs/sec
2025-01-13T19:26:40.8994690Z Cache restored successfully
2025-01-13T19:26:40.9064080Z Restored cache with key `bf0d0a4d4c847cca72476c6c68c493d56c484aada7e80de0e42c7607fcef5824-osx-arm64`
2025-01-13T19:26:40.9071490Z ##[endgroup]
2025-01-13T19:26:40.9126360Z ##[group]Restoring environment `tardis` from `/Users/runner/micromamba/envs/tardis` ...
2025-01-13T19:26:42.2602240Z Received 37748736 of 385775710 (9.8%), 36.0 MBs/sec
2025-01-13T19:26:43.2645740Z Received 100663296 of 385775710 (26.1%), 47.9 MBs/sec
2025-01-13T19:26:44.2659770Z Received 167772160 of 385775710 (43.5%), 53.2 MBs/sec
2025-01-13T19:26:45.2802430Z Received 218103808 of 385775710 (56.5%), 51.7 MBs/sec
2025-01-13T19:26:46.2926730Z Received 281018368 of 385775710 (72.8%), 53.3 MBs/sec
2025-01-13T19:26:47.2952860Z Received 352321536 of 385775710 (91.3%), 55.7 MBs/sec
2025-01-13T19:26:48.0233600Z Cache Size: ~368 MB (385775710 B)
2025-01-13T19:26:48.0357490Z [command]/opt/homebrew/bin/gtar -xf /Users/runner/work/_temp/b1cf6edd-751c-4183-b0ea-7ce3b9b00d0a/cache.tzst -P -C /Users/runner/work/tardis/tardis --delay-directory-restore --use-compress-program unzstd
2025-01-13T19:26:48.2972210Z Received 385775710 of 385775710 (100.0%), 52.3 MBs/sec
2025-01-13T19:27:05.3870830Z Cache restored successfully
2025-01-13T19:27:05.3921470Z Restored cache with key `bf0d0a4d4c847cca72476c6c68c493d56c484aada7e80de0e42c7607fcef5824-osx-arm64-tardis-args-4f53cda-root-873f6fe-bin-[object Promise]-file-bf0d0a4d4c847cca72476c6c68c493d56c484aada7e80de0e42c7607fcef5824`
2025-01-13T19:27:05.3925960Z ##[endgroup]
2025-01-13T19:27:05.3926410Z Adding environment tardis to auto-activate bash ...
2025-01-13T19:27:05.3942940Z Generating micromamba run shell.
2025-01-13T19:27:05.3953690Z ##[endgroup]
2025-01-13T19:27:05.3961160Z Set environment variables.
2025-01-13T19:27:05.3965380Z ##[group]micromamba info
2025-01-13T19:27:05.3969310Z [command]/Users/runner/micromamba-bin/micromamba info -r /Users/runner/micromamba -n tardis
2025-01-13T19:27:05.9307100Z 
2025-01-13T19:27:05.9414600Z        libmamba version : 1.5.10
2025-01-13T19:27:05.9515060Z      micromamba version : 1.5.10
2025-01-13T19:27:05.9623670Z            curl version : libcurl/8.10.1 (OpenSSL/3.3.2) SecureTransport zlib/1.3.1 zstd/1.5.6 libssh2/1.11.0 nghttp2/1.58.0
2025-01-13T19:27:05.9727330Z      libarchive version : libarchive 3.7.4 zlib/1.2.13 bz2lib/1.0.8 libzstd/1.5.6
2025-01-13T19:27:05.9829270Z        envs directories : /Users/runner/micromamba/envs
2025-01-13T19:27:05.9893370Z           package cache : /Users/runner/micromamba/pkgs
2025-01-13T19:27:05.9893940Z                           /Users/runner/.mamba/pkgs
2025-01-13T19:27:05.9962150Z             environment : tardis
2025-01-13T19:27:05.9963260Z            env location : /Users/runner/micromamba/envs/tardis
2025-01-13T19:27:06.0192170Z       user config files : /Users/runner/.mambarc
2025-01-13T19:27:06.0213360Z  populated config files : /Users/runner/work/_temp/setup-micromamba/.condarc
2025-01-13T19:27:06.0213770Z        virtual packages : __unix=0=0
2025-01-13T19:27:06.0214100Z                           __osx=14.7.2=0
2025-01-13T19:27:06.0214350Z                           __archspec=1=arm64
2025-01-13T19:27:06.0215090Z                channels : https://conda.anaconda.org/conda-forge/osx-arm64
2025-01-13T19:27:06.0215480Z                           https://conda.anaconda.org/conda-forge/noarch
2025-01-13T19:27:06.0215920Z        base environment : /Users/runner/micromamba
2025-01-13T19:27:06.0216290Z                platform : osx-arm64
2025-01-13T19:27:06.0216860Z ##[endgroup]
2025-01-13T19:27:06.0219060Z ##[group]micromamba list
2025-01-13T19:27:06.0222170Z [command]/Users/runner/micromamba-bin/micromamba list -r /Users/runner/micromamba -n tardis
2025-01-13T19:27:06.5124420Z List of packages in environment: "/Users/runner/micromamba/envs/tardis"
2025-01-13T19:27:06.5124850Z 
2025-01-13T19:27:06.5127110Z   Name                           Version              Build                    Channel    
2025-01-13T19:27:06.5129880Z â”€â”€â”€â”€â”€â”€â”€â”€â”€â”€â”€â”€â”€â”€â”€â”€â”€â”€â”€â”€â”€â”€â”€â”€â”€â”€â”€â”€â”€â”€â”€â”€â”€â”€â”€â”€â”€â”€â”€â”€â”€â”€â”€â”€â”€â”€â”€â”€â”€â”€â”€â”€â”€â”€â”€â”€â”€â”€â”€â”€â”€â”€â”€â”€â”€â”€â”€â”€â”€â”€â”€â”€â”€â”€â”€â”€â”€â”€â”€â”€â”€â”€â”€â”€â”€â”€â”€â”€â”€â”€â”€â”€
2025-01-13T19:27:06.5133200Z   alabaster                      0.7.16               pyhd8ed1ab_0             conda-forge
2025-01-13T19:27:06.5134730Z   anyio                          4.4.0                pyhd8ed1ab_0             conda-forge
2025-01-13T19:27:06.5146360Z   appnope                        0.1.4                pyhd8ed1ab_0             conda-forge
2025-01-13T19:27:06.5147980Z   argon2-cffi                    23.1.0               pyhd8ed1ab_0             conda-forge
2025-01-13T19:27:06.5148860Z   argon2-cffi-bindings           21.2.0               py312h02f2b3b_4          conda-forge
2025-01-13T19:27:06.5149410Z   arrow                          1.3.0                pyhd8ed1ab_0             conda-forge
2025-01-13T19:27:06.5149850Z   astropy                        6.1.1                py312hbebd99a_0          conda-forge
2025-01-13T19:27:06.5150320Z   astropy-iers-data              0.2024.6.17.0.31.35  pyhd8ed1ab_0             conda-forge
2025-01-13T19:27:06.5150830Z   astropy-sphinx-theme           1.1                  pyhd8ed1ab_0             conda-forge
2025-01-13T19:27:06.5151200Z   asttokens                      2.4.1                pyhd8ed1ab_0             conda-forge
2025-01-13T19:27:06.5151640Z   async-lru                      2.0.4                pyhd8ed1ab_0             conda-forge
2025-01-13T19:27:06.5152180Z   atk-1.0                        2.38.0               hd03087b_2               conda-forge
2025-01-13T19:27:06.5152590Z   attrs                          23.2.0               pyh71513ae_0             conda-forge
2025-01-13T19:27:06.5153090Z   babel                          2.14.0               pyhd8ed1ab_0             conda-forge
2025-01-13T19:27:06.5153510Z   beautifulsoup4                 4.12.3               pyha770c72_0             conda-forge
2025-01-13T19:27:06.5154040Z   bleach                         6.1.0                pyhd8ed1ab_0             conda-forge
2025-01-13T19:27:06.5154430Z   blosc                          1.21.5               h9c252e8_1               conda-forge
2025-01-13T19:27:06.5154870Z   brotli                         1.1.0                hb547adb_1               conda-forge
2025-01-13T19:27:06.5155350Z   brotli-bin                     1.1.0                hb547adb_1               conda-forge
2025-01-13T19:27:06.5155780Z   brotli-python                  1.1.0                py312h9f69965_1          conda-forge
2025-01-13T19:27:06.5156290Z   bzip2                          1.0.8                h93a5062_5               conda-forge
2025-01-13T19:27:06.5156940Z   c-ares                         1.28.1               h93a5062_0               conda-forge
2025-01-13T19:27:06.5157430Z   c-blosc2                       2.14.4               ha57e6be_1               conda-forge
2025-01-13T19:27:06.5158490Z   ca-certificates                2024.6.2             hf0a4a13_0               conda-forge
2025-01-13T19:27:06.5159000Z   cached-property                1.5.2                hd8ed1ab_1               conda-forge
2025-01-13T19:27:06.5159400Z   cached_property                1.5.2                pyha770c72_1             conda-forge
2025-01-13T19:27:06.5159880Z   cairo                          1.18.0               hd1e100b_0               conda-forge
2025-01-13T19:27:06.5160570Z   certifi                        2024.6.2             pyhd8ed1ab_0             conda-forge
2025-01-13T19:27:06.5160940Z   cffi                           1.16.0               py312h8e38eb3_0          conda-forge
2025-01-13T19:27:06.5161660Z   charset-normalizer             3.3.2                pyhd8ed1ab_0             conda-forge
2025-01-13T19:27:06.5162110Z   click                          8.1.7                unix_pyh707e725_0        conda-forge
2025-01-13T19:27:06.5162640Z   codespell                      2.3.0                pyhd8ed1ab_0             conda-forge
2025-01-13T19:27:06.5163050Z   colorama                       0.4.6                pyhd8ed1ab_0             conda-forge
2025-01-13T19:27:06.5163390Z   comm                           0.2.2                pyhd8ed1ab_0             conda-forge
2025-01-13T19:27:06.5163780Z   commonmark                     0.9.1                py_0                     conda-forge
2025-01-13T19:27:06.5164300Z   contourpy                      1.2.1                py312h0fef576_0          conda-forge
2025-01-13T19:27:06.5164740Z   coverage                       7.5.3                py312h7e5086c_0          conda-forge
2025-01-13T19:27:06.5165230Z   cycler                         0.12.1               pyhd8ed1ab_0             conda-forge
2025-01-13T19:27:06.5165590Z   dataclasses                    0.8                  pyhc8e2a94_3             conda-forge
2025-01-13T19:27:06.5166010Z   debugpy                        1.8.1                py312h20a0b95_0          conda-forge
2025-01-13T19:27:06.5166430Z   decorator                      5.1.1                pyhd8ed1ab_0             conda-forge
2025-01-13T19:27:06.5167580Z   defusedxml                     0.7.1                pyhd8ed1ab_0             conda-forge
2025-01-13T19:27:06.5168670Z   docutils                       0.20.1               py312h81bd7bf_3          conda-forge
2025-01-13T19:27:06.5169050Z   dot2tex                        2.11.3               pyhd8ed1ab_0             conda-forge
2025-01-13T19:27:06.5169470Z   entrypoints                    0.4                  pyhd8ed1ab_0             conda-forge
2025-01-13T19:27:06.5169840Z   exceptiongroup                 1.2.0                pyhd8ed1ab_2             conda-forge
2025-01-13T19:27:06.5170250Z   executing                      2.0.1                pyhd8ed1ab_0             conda-forge
2025-01-13T19:27:06.5170670Z   expat                          2.6.2                hebf3989_0               conda-forge
2025-01-13T19:27:06.5171190Z   font-ttf-dejavu-sans-mono      2.37                 hab24e00_0               conda-forge
2025-01-13T19:27:06.5171680Z   font-ttf-inconsolata           3.000                h77eed37_0               conda-forge
2025-01-13T19:27:06.5173740Z   font-ttf-source-code-pro       2.038                h77eed37_0               conda-forge
2025-01-13T19:27:06.5174230Z   font-ttf-ubuntu                0.83                 h77eed37_2               conda-forge
2025-01-13T19:27:06.5174990Z   fontconfig                     2.14.2               h82840c6_0               conda-forge
2025-01-13T19:27:06.5175470Z   fonts-conda-ecosystem          1                    0                        conda-forge
2025-01-13T19:27:06.5175870Z   fonts-conda-forge              1                    0                        conda-forge
2025-01-13T19:27:06.5176320Z   fonttools                      4.53.0               py312h7e5086c_0          conda-forge
2025-01-13T19:27:06.5176840Z   fqdn                           1.5.1                pyhd8ed1ab_0             conda-forge
2025-01-13T19:27:06.5177530Z   freetype                       2.12.1               hadb7bae_2               conda-forge
2025-01-13T19:27:06.5177870Z   fribidi                        1.0.10               h27ca646_0               conda-forge
2025-01-13T19:27:06.5178610Z   future                         1.0.0                pyhd8ed1ab_0             conda-forge
2025-01-13T19:27:06.5179010Z   gdk-pixbuf                     2.42.12              h7ddc832_0               conda-forge
2025-01-13T19:27:06.5179440Z   gettext                        0.22.5               h8fbad5d_2               conda-forge
2025-01-13T19:27:06.5179810Z   gettext-tools                  0.22.5               h8fbad5d_2               conda-forge
2025-01-13T19:27:06.5180250Z   giflib                         5.2.2                h93a5062_0               conda-forge
2025-01-13T19:27:06.5180650Z   git-lfs                        3.5.1                hce30654_0               conda-forge
2025-01-13T19:27:06.5181560Z   gmp                            6.3.0                hebf3989_1               conda-forge
2025-01-13T19:27:06.5181960Z   gmpy2                          2.1.5                py312hfa9fade_1          conda-forge
2025-01-13T19:27:06.5182510Z   graphite2                      1.3.13               hebf3989_1003            conda-forge
2025-01-13T19:27:06.5182970Z   graphviz                       11.0.0               h9bb9bc9_0               conda-forge
2025-01-13T19:27:06.5183410Z   gtk2                           2.24.33              h7895bb2_4               conda-forge
2025-01-13T19:27:06.5183830Z   gts                            0.7.6                he42f4ea_4               conda-forge
2025-01-13T19:27:06.5184250Z   h11                            0.14.0               pyhd8ed1ab_0             conda-forge
2025-01-13T19:27:06.5184740Z   h2                             4.1.0                pyhd8ed1ab_0             conda-forge
2025-01-13T19:27:06.5185120Z   h5py                           3.11.0               nompi_py312h903599c_102  conda-forge
2025-01-13T19:27:06.5185570Z   harfbuzz                       8.5.0                h1836168_0               conda-forge
2025-01-13T19:27:06.5185930Z   hdf5                           1.14.3               nompi_hec07895_105       conda-forge
2025-01-13T19:27:06.5186310Z   hpack                          4.0.0                pyh9f0ad1d_0             conda-forge
2025-01-13T19:27:06.5186670Z   httpcore                       1.0.5                pyhd8ed1ab_0             conda-forge
2025-01-13T19:27:06.5187040Z   httpx                          0.27.0               pyhd8ed1ab_0             conda-forge
2025-01-13T19:27:06.5187370Z   hyperframe                     6.0.1                pyhd8ed1ab_0             conda-forge
2025-01-13T19:27:06.5187780Z   icu                            73.2                 hc8870d7_0               conda-forge
2025-01-13T19:27:06.5188170Z   idna                           3.7                  pyhd8ed1ab_0             conda-forge
2025-01-13T19:27:06.5188520Z   imagesize                      1.4.1                pyhd8ed1ab_0             conda-forge
2025-01-13T19:27:06.5188960Z   importlib-metadata             7.1.0                pyha770c72_0             conda-forge
2025-01-13T19:27:06.5189340Z   importlib_metadata             7.1.0                hd8ed1ab_0               conda-forge
2025-01-13T19:27:06.5189800Z   importlib_resources            6.4.0                pyhd8ed1ab_0             conda-forge
2025-01-13T19:27:06.5190180Z   iniconfig                      2.0.0                pyhd8ed1ab_0             conda-forge
2025-01-13T19:27:06.5190480Z   ipykernel                      6.29.4               pyh57ce528_0             conda-forge
2025-01-13T19:27:06.5190850Z   ipython                        8.25.0               pyh707e725_0             conda-forge
2025-01-13T19:27:06.5191240Z   ipython_genutils               0.2.0                pyhd8ed1ab_1             conda-forge
2025-01-13T19:27:06.5195280Z   ipywidgets                     7.8.0                pyhd8ed1ab_0             conda-forge
2025-01-13T19:27:06.5196680Z   isoduration                    20.11.0              pyhd8ed1ab_0             conda-forge
2025-01-13T19:27:06.5197680Z   jedi                           0.19.1               pyhd8ed1ab_0             conda-forge
2025-01-13T19:27:06.5231030Z   jinja2                         3.1.4                pyhd8ed1ab_0             conda-forge
2025-01-13T19:27:06.5231350Z   json5                          0.9.25               pyhd8ed1ab_0             conda-forge
2025-01-13T19:27:06.5231730Z   jsonpointer                    3.0.0                py312h81bd7bf_0          conda-forge
2025-01-13T19:27:06.5232100Z   jsonschema                     4.22.0               pyhd8ed1ab_0             conda-forge
2025-01-13T19:27:06.5232580Z   jsonschema-specifications      2023.12.1            pyhd8ed1ab_0             conda-forge
2025-01-13T19:27:06.5233050Z   jsonschema-with-format-nongpl  4.22.0               pyhd8ed1ab_0             conda-forge
2025-01-13T19:27:06.5233970Z   jupyter-lsp                    2.2.5                pyhd8ed1ab_0             conda-forge
2025-01-13T19:27:06.5234340Z   jupyter_client                 8.6.2                pyhd8ed1ab_0             conda-forge
2025-01-13T19:27:06.5235220Z   jupyter_core                   5.7.2                py312h81bd7bf_0          conda-forge
2025-01-13T19:27:06.5235630Z   jupyter_events                 0.10.0               pyhd8ed1ab_0             conda-forge
2025-01-13T19:27:06.5236140Z   jupyter_server                 2.14.1               pyhd8ed1ab_0             conda-forge
2025-01-13T19:27:06.5236570Z   jupyter_server_terminals       0.5.3                pyhd8ed1ab_0             conda-forge
2025-01-13T19:27:06.5237030Z   jupyterlab                     4.2.2                pyhd8ed1ab_0             conda-forge
2025-01-13T19:27:06.5237490Z   jupyterlab_pygments            0.3.0                pyhd8ed1ab_1             conda-forge
2025-01-13T19:27:06.5237930Z   jupyterlab_server              2.27.2               pyhd8ed1ab_0             conda-forge
2025-01-13T19:27:06.5238440Z   jupyterlab_widgets             1.1.7                pyhd8ed1ab_0             conda-forge
2025-01-13T19:27:06.5238930Z   kiwisolver                     1.4.5                py312h389731b_1          conda-forge
2025-01-13T19:27:06.5239330Z   krb5                           1.21.2               h92f50d5_0               conda-forge
2025-01-13T19:27:06.5239730Z   latexcodec                     2.0.1                pyh9f0ad1d_0             conda-forge
2025-01-13T19:27:06.5240150Z   lcms2                          2.16                 ha0e7c42_0               conda-forge
2025-01-13T19:27:06.5240490Z   lerc                           4.0.0                h9a09cb3_0               conda-forge
2025-01-13T19:27:06.5241250Z   libaec                         1.1.3                hebf3989_0               conda-forge
2025-01-13T19:27:06.5241670Z   libasprintf                    0.22.5               h8fbad5d_2               conda-forge
2025-01-13T19:27:06.5242080Z   libasprintf-devel              0.22.5               h8fbad5d_2               conda-forge
2025-01-13T19:27:06.5243080Z   libblas                        3.9.0                22_osxarm64_openblas     conda-forge
2025-01-13T19:27:06.5243430Z   libbrotlicommon                1.1.0                hb547adb_1               conda-forge
2025-01-13T19:27:06.5244090Z   libbrotlidec                   1.1.0                hb547adb_1               conda-forge
2025-01-13T19:27:06.5244430Z   libbrotlienc                   1.1.0                hb547adb_1               conda-forge
2025-01-13T19:27:06.5244800Z   libcblas                       3.9.0                22_osxarm64_openblas     conda-forge
2025-01-13T19:27:06.5245190Z   libcurl                        8.8.0                h7b6f9a7_0               conda-forge
2025-01-13T19:27:06.5245530Z   libcxx                         17.0.6               h5f092b4_0               conda-forge
2025-01-13T19:27:06.5245910Z   libdeflate                     1.20                 h93a5062_0               conda-forge
2025-01-13T19:27:06.5246250Z   libedit                        3.1.20191231         hc8eb9b7_2               conda-forge
2025-01-13T19:27:06.5246860Z   libev                          4.33                 h93a5062_2               conda-forge
2025-01-13T19:27:06.5247200Z   libexpat                       2.6.2                hebf3989_0               conda-forge
2025-01-13T19:27:06.5247760Z   libffi                         3.4.2                h3422bc3_5               conda-forge
2025-01-13T19:27:06.5248020Z   libgd                          2.3.3                hfdf3952_9               conda-forge
2025-01-13T19:27:06.5248390Z   libgettextpo                   0.22.5               h8fbad5d_2               conda-forge
2025-01-13T19:27:06.5248780Z   libgettextpo-devel             0.22.5               h8fbad5d_2               conda-forge
2025-01-13T19:27:06.5249450Z   libgfortran                    5.0.0                13_2_0_hd922786_3        conda-forge
2025-01-13T19:27:06.5250000Z   libgfortran5                   13.2.0               hf226fd6_3               conda-forge
2025-01-13T19:27:06.5250380Z   libglib                        2.80.2               h59d46d9_1               conda-forge
2025-01-13T19:27:06.5250700Z   libiconv                       1.17                 h0d3ecfb_2               conda-forge
2025-01-13T19:27:06.5251090Z   libintl                        0.22.5               h8fbad5d_2               conda-forge
2025-01-13T19:27:06.5251710Z   libintl-devel                  0.22.5               h8fbad5d_2               conda-forge
2025-01-13T19:27:06.5252130Z   libjpeg-turbo                  3.0.0                hb547adb_1               conda-forge
2025-01-13T19:27:06.5252620Z   liblapack                      3.9.0                22_osxarm64_openblas     conda-forge
2025-01-13T19:27:06.5252940Z   libllvm14                      14.0.6               hd1a9a77_4               conda-forge
2025-01-13T19:27:06.5253410Z   libnghttp2                     1.58.0               ha4dd798_1               conda-forge
2025-01-13T19:27:06.5253870Z   libopenblas                    0.3.27               openmp_h6c19121_0        conda-forge
2025-01-13T19:27:06.5254310Z   libpng                         1.6.43               h091b4b1_0               conda-forge
2025-01-13T19:27:06.5254700Z   librsvg                        2.58.1               hbc281fb_0               conda-forge
2025-01-13T19:27:06.5255390Z   libsodium                      1.0.18               h27ca646_1               conda-forge
2025-01-13T19:27:06.5255790Z   libsqlite                      3.46.0               hfb93653_0               conda-forge
2025-01-13T19:27:06.5256250Z   libssh2                        1.11.0               h7a5bd25_0               conda-forge
2025-01-13T19:27:06.5256560Z   libtiff                        4.6.0                h07db509_3               conda-forge
2025-01-13T19:27:06.5257250Z   libwebp                        1.4.0                h54798ee_0               conda-forge
2025-01-13T19:27:06.5257700Z   libwebp-base                   1.4.0                h93a5062_0               conda-forge
2025-01-13T19:27:06.5258050Z   libxcb                         1.16                 hf2054a2_0               conda-forge
2025-01-13T19:27:06.5258460Z   libxml2                        2.12.7               ha661575_1               conda-forge
2025-01-13T19:27:06.5258770Z   libxslt                        1.1.39               h223e5b9_0               conda-forge
2025-01-13T19:27:06.5259140Z   libzlib                        1.3.1                hfb2fe0b_1               conda-forge
2025-01-13T19:27:06.5259460Z   llvm-openmp                    18.1.7               hde57baf_0               conda-forge
2025-01-13T19:27:06.5260990Z   llvmlite                       0.42.0               py312h17030e7_1          conda-forge
2025-01-13T19:27:06.5261670Z   lxml                           5.2.2                py312h0e5ab22_0          conda-forge
2025-01-13T19:27:06.5261950Z   lz4-c                          1.9.4                hb7217d7_0               conda-forge
2025-01-13T19:27:06.5262250Z   markupsafe                     2.1.5                py312he37b823_0          conda-forge
2025-01-13T19:27:06.5262830Z   matplotlib-base                3.8.4                py312h4479663_2          conda-forge
2025-01-13T19:27:06.5263490Z   matplotlib-inline              0.1.7                pyhd8ed1ab_0             conda-forge
2025-01-13T19:27:06.5263880Z   mistune                        3.0.2                pyhd8ed1ab_0             conda-forge
2025-01-13T19:27:06.5264250Z   mpc                            1.3.1                h91ba8db_0               conda-forge
2025-01-13T19:27:06.5264570Z   mpfr                           4.2.1                h41d338b_1               conda-forge
2025-01-13T19:27:06.5264910Z   mpmath                         1.3.0                pyhd8ed1ab_0             conda-forge
2025-01-13T19:27:06.5265280Z   munkres                        1.1.4                pyh9f0ad1d_0             conda-forge
2025-01-13T19:27:06.5265930Z   mypy_extensions                1.0.0                pyha770c72_0             conda-forge
2025-01-13T19:27:06.5266240Z   nbclassic                      1.1.0                pyhd8ed1ab_0             conda-forge
2025-01-13T19:27:06.5266700Z   nbclient                       0.10.0               pyhd8ed1ab_0             conda-forge
2025-01-13T19:27:06.5267160Z   nbconvert                      7.16.4               hd8ed1ab_1               conda-forge
2025-01-13T19:27:06.5267560Z   nbconvert-core                 7.16.4               pyhd8ed1ab_1             conda-forge
2025-01-13T19:27:06.5267950Z   nbconvert-pandoc               7.16.4               hd8ed1ab_1               conda-forge
2025-01-13T19:27:06.5268330Z   nbformat                       5.10.4               pyhd8ed1ab_0             conda-forge
2025-01-13T19:27:06.5269100Z   nbsphinx                       0.9.4                pyhd8ed1ab_0             conda-forge
2025-01-13T19:27:06.5269460Z   ncurses                        6.5                  hb89a1cb_0               conda-forge
2025-01-13T19:27:06.5269870Z   nest-asyncio                   1.6.0                pyhd8ed1ab_0             conda-forge
2025-01-13T19:27:06.5270220Z   networkx                       3.3                  pyhd8ed1ab_1             conda-forge
2025-01-13T19:27:06.5270610Z   notebook                       7.2.1                pyhd8ed1ab_0             conda-forge
2025-01-13T19:27:06.5270970Z   notebook-shim                  0.2.4                pyhd8ed1ab_0             conda-forge
2025-01-13T19:27:06.5271390Z   numba                          0.59.1               py312hbaff935_0          conda-forge
2025-01-13T19:27:06.5271740Z   numexpr                        2.10.0               py312h8ae5369_0          conda-forge
2025-01-13T19:27:06.5272450Z   numpy                          1.26.4               py312h8442bc7_0          conda-forge
2025-01-13T19:27:06.5272740Z   numpydoc                       1.7.0                pyhd8ed1ab_1             conda-forge
2025-01-13T19:27:06.5273100Z   openjpeg                       2.5.2                h9f1df11_0               conda-forge
2025-01-13T19:27:06.5273440Z   openssl                        3.3.1                hfb2fe0b_0               conda-forge
2025-01-13T19:27:06.5273850Z   overrides                      7.7.0                pyhd8ed1ab_0             conda-forge
2025-01-13T19:27:06.5274220Z   packaging                      24.1                 pyhd8ed1ab_0             conda-forge
2025-01-13T19:27:06.5274520Z   pandas                         2.2.2                py312h8ae5369_1          conda-forge
2025-01-13T19:27:06.5274800Z   pandoc                         3.2                  hce30654_0               conda-forge
2025-01-13T19:27:06.5275110Z   pandocfilters                  1.5.0                pyhd8ed1ab_0             conda-forge
2025-01-13T19:27:06.5275410Z   pango                          1.54.0               h5cb9fbc_0               conda-forge
2025-01-13T19:27:06.5275680Z   parso                          0.8.4                pyhd8ed1ab_0             conda-forge
2025-01-13T19:27:06.5276270Z   pathspec                       0.12.1               pyhd8ed1ab_0             conda-forge
2025-01-13T19:27:06.5276780Z   pbr                            6.0.0                pyhd8ed1ab_0             conda-forge
2025-01-13T19:27:06.5277060Z   pcre2                          10.44                h297a79d_0               conda-forge
2025-01-13T19:27:06.5277400Z   pexpect                        4.9.0                pyhd8ed1ab_0             conda-forge
2025-01-13T19:27:06.5277810Z   pickleshare                    0.7.5                py_1003                  conda-forge
2025-01-13T19:27:06.5278110Z   pillow                         10.3.0               py312h39b1d8d_1          conda-forge
2025-01-13T19:27:06.5278400Z   pip                            24.0                 pyhd8ed1ab_0             conda-forge
2025-01-13T19:27:06.5278670Z   pixman                         0.43.4               hebf3989_0               conda-forge
2025-01-13T19:27:06.5279430Z   pkgutil-resolve-name           1.3.10               pyhd8ed1ab_1             conda-forge
2025-01-13T19:27:06.5279840Z   platformdirs                   4.2.2                pyhd8ed1ab_0             conda-forge
2025-01-13T19:27:06.5280190Z   plotly                         5.22.0               pyhd8ed1ab_0             conda-forge
2025-01-13T19:27:06.5280490Z   pluggy                         1.5.0                pyhd8ed1ab_0             conda-forge
2025-01-13T19:27:06.5280900Z   prometheus_client              0.20.0               pyhd8ed1ab_0             conda-forge
2025-01-13T19:27:06.5281340Z   prompt-toolkit                 3.0.47               pyha770c72_0             conda-forge
2025-01-13T19:27:06.5281680Z   psutil                         5.9.8                py312he37b823_0          conda-forge
2025-01-13T19:27:06.5282060Z   pthread-stubs                  0.4                  h27ca646_1001            conda-forge
2025-01-13T19:27:06.5282400Z   ptyprocess                     0.7.0                pyhd3deb0d_0             conda-forge
2025-01-13T19:27:06.5282720Z   pure_eval                      0.2.2                pyhd8ed1ab_0             conda-forge
2025-01-13T19:27:06.5283010Z   py-cpuinfo                     9.0.0                pyhd8ed1ab_0             conda-forge
2025-01-13T19:27:06.5283300Z   pybtex                         0.24.0               pyhd8ed1ab_2             conda-forge
2025-01-13T19:27:06.5283600Z   pybtex-docutils                1.0.3                py312h81bd7bf_1          conda-forge
2025-01-13T19:27:06.5283930Z   pycparser                      2.22                 pyhd8ed1ab_0             conda-forge
2025-01-13T19:27:06.5284220Z   pyerfa                         2.0.1.4              py312hbebd99a_1          conda-forge
2025-01-13T19:27:06.5284510Z   pygments                       2.18.0               pyhd8ed1ab_0             conda-forge
2025-01-13T19:27:06.5285560Z   pygraphviz                     1.13                 py312h5f4d302_1          conda-forge
2025-01-13T19:27:06.5285890Z   pyobjc-core                    10.3.1               py312hbb55c70_0          conda-forge
2025-01-13T19:27:06.5286220Z   pyobjc-framework-cocoa         10.3.1               py312hbb55c70_0          conda-forge
2025-01-13T19:27:06.5286690Z   pyparsing                      3.1.2                pyhd8ed1ab_0             conda-forge
2025-01-13T19:27:06.5286980Z   pysocks                        1.7.1                pyha2e5f31_6             conda-forge
2025-01-13T19:27:06.5287270Z   pytables                       3.9.2                py312hb622ae1_2          conda-forge
2025-01-13T19:27:06.5287560Z   pytest                         8.2.2                pyhd8ed1ab_0             conda-forge
2025-01-13T19:27:06.5287850Z   pytest-cov                     5.0.0                pyhd8ed1ab_0             conda-forge
2025-01-13T19:27:06.5288470Z   pytest-doctestplus             1.2.1                pyhd8ed1ab_0             conda-forge
2025-01-13T19:27:06.5288790Z   pytest-html                    4.1.1                pyhd8ed1ab_0             conda-forge
2025-01-13T19:27:06.5289110Z   pytest-metadata                3.1.1                pyhd8ed1ab_0             conda-forge
2025-01-13T19:27:06.5289810Z   python                         3.12.4               h30c5eda_0_cpython       conda-forge
2025-01-13T19:27:06.5290120Z   python-dateutil                2.9.0                pyhd8ed1ab_0             conda-forge
2025-01-13T19:27:06.5290490Z   python-fastjsonschema          2.20.0               pyhd8ed1ab_0             conda-forge
2025-01-13T19:27:06.5290840Z   python-json-logger             2.0.7                pyhd8ed1ab_0             conda-forge
2025-01-13T19:27:06.5291170Z   python-tzdata                  2024.1               pyhd8ed1ab_0             conda-forge
2025-01-13T19:27:06.5291470Z   python_abi                     3.12                 4_cp312                  conda-forge
2025-01-13T19:27:06.5291750Z   pytz                           2024.1               pyhd8ed1ab_0             conda-forge
2025-01-13T19:27:06.5292190Z   pyyaml                         6.0.1                py312h02f2b3b_1          conda-forge
2025-01-13T19:27:06.5292470Z   pyzmq                          26.0.3               py312hfa13136_0          conda-forge
2025-01-13T19:27:06.5292770Z   qgrid                          1.3.1                pyhd8ed1ab_4             conda-forge
2025-01-13T19:27:06.5293070Z   radioactivedecay               0.5.1                pyhd8ed1ab_0             conda-forge
2025-01-13T19:27:06.5293380Z   readline                       8.2                  h92ec313_1               conda-forge
2025-01-13T19:27:06.5293680Z   recommonmark                   0.7.1                pyhd8ed1ab_0             conda-forge
2025-01-13T19:27:06.5293990Z   referencing                    0.35.1               pyhd8ed1ab_0             conda-forge
2025-01-13T19:27:06.5294290Z   requests                       2.32.3               pyhd8ed1ab_0             conda-forge
2025-01-13T19:27:06.5294630Z   rfc3339-validator              0.1.4                pyhd8ed1ab_0             conda-forge
2025-01-13T19:27:06.5294970Z   rfc3986-validator              0.1.1                pyh9f0ad1d_0             conda-forge
2025-01-13T19:27:06.5295310Z   rpds-py                        0.18.1               py312h552d48e_0          conda-forge
2025-01-13T19:27:06.5295590Z   ruff                           0.4.9                py312h3402d49_0          conda-forge
2025-01-13T19:27:06.5295870Z   scipy                          1.13.1               py312h14ffa8f_0          conda-forge
2025-01-13T19:27:06.5296180Z   send2trash                     1.8.3                pyh31c8845_0             conda-forge
2025-01-13T19:27:06.5296480Z   setuptools                     70.0.0               pyhd8ed1ab_0             conda-forge
2025-01-13T19:27:06.5296810Z   setuptools-scm                 8.1.0                pyhd8ed1ab_0             conda-forge
2025-01-13T19:27:06.5297120Z   setuptools_scm                 8.1.0                hd8ed1ab_0               conda-forge
2025-01-13T19:27:06.5297420Z   six                            1.16.0               pyh6c4a22f_0             conda-forge
2025-01-13T19:27:06.5297710Z   snakeviz                       2.2.0                pyhd8ed1ab_0             conda-forge
2025-01-13T19:27:06.5298010Z   snappy                         1.2.0                hd04f947_1               conda-forge
2025-01-13T19:27:06.5298310Z   sniffio                        1.3.1                pyhd8ed1ab_0             conda-forge
2025-01-13T19:27:06.5298640Z   snowballstemmer                2.2.0                pyhd8ed1ab_0             conda-forge
2025-01-13T19:27:06.5298990Z   soupsieve                      2.5                  pyhd8ed1ab_1             conda-forge
2025-01-13T19:27:06.5299280Z   sphinx                         7.3.7                pyhd8ed1ab_0             conda-forge
2025-01-13T19:27:06.5299620Z   sphinx-astropy                 1.9.1                pyhd8ed1ab_0             conda-forge
2025-01-13T19:27:06.5299950Z   sphinx-automodapi              0.17.0               pyh717bed2_1             conda-forge
2025-01-13T19:27:06.5300280Z   sphinx-gallery                 0.16.0               pyhd8ed1ab_0             conda-forge
2025-01-13T19:27:06.5300830Z   sphinx-jsonschema              1.19.1               pyhd8ed1ab_0             conda-forge
2025-01-13T19:27:06.5301180Z   sphinx_bootstrap_theme         0.8.1                pyhd8ed1ab_0             conda-forge
2025-01-13T19:27:06.5301510Z   sphinx_rtd_theme               2.0.0                pyha770c72_0             conda-forge
2025-01-13T19:27:06.5301830Z   sphinxcontrib-apidoc           0.3.0                py_1                     conda-forge
2025-01-13T19:27:06.5302190Z   sphinxcontrib-applehelp        1.0.8                pyhd8ed1ab_0             conda-forge
2025-01-13T19:27:06.5302550Z   sphinxcontrib-bibtex           2.6.2                pyhd8ed1ab_0             conda-forge
2025-01-13T19:27:06.5302910Z   sphinxcontrib-devhelp          1.0.6                pyhd8ed1ab_0             conda-forge
2025-01-13T19:27:06.5303390Z   sphinxcontrib-htmlhelp         2.0.5                pyhd8ed1ab_0             conda-forge
2025-01-13T19:27:06.5303740Z   sphinxcontrib-jquery           4.1                  pyhd8ed1ab_0             conda-forge
2025-01-13T19:27:06.5304170Z   sphinxcontrib-jsmath           1.0.1                pyhd8ed1ab_0             conda-forge
2025-01-13T19:27:06.5304690Z   sphinxcontrib-qthelp           1.0.7                pyhd8ed1ab_0             conda-forge
2025-01-13T19:27:06.5305230Z   sphinxcontrib-serializinghtml  1.1.10               pyhd8ed1ab_0             conda-forge
2025-01-13T19:27:06.5305630Z   stack_data                     0.6.2                pyhd8ed1ab_0             conda-forge
2025-01-13T19:27:06.5305940Z   sympy                          1.12.1               pypyh2585a3b_103         conda-forge
2025-01-13T19:27:06.5306220Z   tabulate                       0.9.0                pyhd8ed1ab_1             conda-forge
2025-01-13T19:27:06.5306510Z   tenacity                       8.4.1                pyhd8ed1ab_0             conda-forge
2025-01-13T19:27:06.5306820Z   terminado                      0.18.1               pyh31c8845_0             conda-forge
2025-01-13T19:27:06.5307120Z   tinycss2                       1.3.0                pyhd8ed1ab_0             conda-forge
2025-01-13T19:27:06.5307390Z   tk                             8.6.13               h5083fa2_1               conda-forge
2025-01-13T19:27:06.5307650Z   toml                           0.10.2               pyhd8ed1ab_0             conda-forge
2025-01-13T19:27:06.5307950Z   tomli                          2.0.1                pyhd8ed1ab_0             conda-forge
2025-01-13T19:27:06.5308230Z   tornado                        6.4.1                py312h7e5086c_0          conda-forge
2025-01-13T19:27:06.5308500Z   tqdm                           4.66.4               pyhd8ed1ab_0             conda-forge
2025-01-13T19:27:06.5309090Z   traitlets                      5.14.3               pyhd8ed1ab_0             conda-forge
2025-01-13T19:27:06.5309430Z   typed-ast                      1.5.5                py312h02f2b3b_1          conda-forge
2025-01-13T19:27:06.5309770Z   types-python-dateutil          2.9.0.20240316       pyhd8ed1ab_0             conda-forge
2025-01-13T19:27:06.5310140Z   typing-extensions              4.12.2               hd8ed1ab_0               conda-forge
2025-01-13T19:27:06.5310480Z   typing_extensions              4.12.2               pyha770c72_0             conda-forge
2025-01-13T19:27:06.5310800Z   typing_utils                   0.1.0                pyhd8ed1ab_0             conda-forge
2025-01-13T19:27:06.5311100Z   tzdata                         2024a                h0c530f3_0               conda-forge
2025-01-13T19:27:06.5311400Z   uri-template                   1.3.0                pyhd8ed1ab_0             conda-forge
2025-01-13T19:27:06.5311700Z   urllib3                        2.2.2                pyhd8ed1ab_0             conda-forge
2025-01-13T19:27:06.5311990Z   wcwidth                        0.2.13               pyhd8ed1ab_0             conda-forge
2025-01-13T19:27:06.5312310Z   webcolors                      24.6.0               pyhd8ed1ab_0             conda-forge
2025-01-13T19:27:06.5312850Z   webencodings                   0.5.1                pyhd8ed1ab_2             conda-forge
2025-01-13T19:27:06.5313180Z   websocket-client               1.8.0                pyhd8ed1ab_0             conda-forge
2025-01-13T19:27:06.5313510Z   wheel                          0.43.0               pyhd8ed1ab_1             conda-forge
2025-01-13T19:27:06.5313850Z   widgetsnbextension             3.6.6                pyhd8ed1ab_0             conda-forge
2025-01-13T19:27:06.5314220Z   xorg-libxau                    1.0.11               hb547adb_0               conda-forge
2025-01-13T19:27:06.5314530Z   xorg-libxdmcp                  1.1.3                h27ca646_0               conda-forge
2025-01-13T19:27:06.5314820Z   xz                             5.2.6                h57fd34a_0               conda-forge
2025-01-13T19:27:06.5315350Z   yaml                           0.2.5                h3422bc3_2               conda-forge
2025-01-13T19:27:06.5315840Z   zeromq                         4.3.5                hcc0f68c_4               conda-forge
2025-01-13T19:27:06.5316120Z   zipp                           3.19.2               pyhd8ed1ab_0             conda-forge
2025-01-13T19:27:06.5316390Z   zlib                           1.3.1                hfb2fe0b_1               conda-forge
2025-01-13T19:27:06.5316660Z   zlib-ng                        2.0.7                h1a8c8d9_0               conda-forge
2025-01-13T19:27:06.5316930Z   zstd                           1.5.6                hb46c0d2_0               conda-forge
2025-01-13T19:27:06.5317380Z ##[endgroup]
2025-01-13T19:27:06.5418870Z ##[group]Run pip install -e . --user
2025-01-13T19:27:06.5419130Z [36;1mpip install -e . --user[0m
2025-01-13T19:27:06.9268890Z shell: /bin/bash -l {0}
2025-01-13T19:27:06.9269090Z env:
2025-01-13T19:27:06.9269250Z   CACHE_NUMBER: 0
2025-01-13T19:27:06.9269960Z   PYTEST_FLAGS: --tardis-regression-data=/Users/runner/work/tardis/tardis/tardis-regression-data --cov=tardis --cov-report=xml --cov-report=html --cov-append
2025-01-13T19:27:06.9270510Z   CODECOV_TOKEN: 
2025-01-13T19:27:06.9270680Z   MAMBA_ROOT_PREFIX: /Users/runner/micromamba
2025-01-13T19:27:06.9270920Z   MAMBA_EXE: /Users/runner/micromamba-bin/micromamba
2025-01-13T19:27:06.9271190Z   CONDARC: /Users/runner/work/_temp/setup-micromamba/.condarc
2025-01-13T19:27:06.9271420Z ##[endgroup]
2025-01-13T19:27:08.1252070Z Obtaining file:///Users/runner/work/tardis/tardis
2025-01-13T19:27:08.1281150Z   Installing build dependencies: started
2025-01-13T19:27:10.6892480Z   Installing build dependencies: finished with status 'done'
2025-01-13T19:27:10.6910490Z   Checking if build backend supports build_editable: started
2025-01-13T19:27:10.7982460Z   Checking if build backend supports build_editable: finished with status 'done'
2025-01-13T19:27:10.7992450Z   Getting requirements to build editable: started
2025-01-13T19:27:11.3136850Z   Getting requirements to build editable: finished with status 'done'
2025-01-13T19:27:11.3149290Z   Preparing editable metadata (pyproject.toml): started
2025-01-13T19:27:11.8327190Z   Preparing editable metadata (pyproject.toml): finished with status 'done'
2025-01-13T19:27:11.8801080Z Requirement already satisfied: astropy in /Users/runner/micromamba/envs/tardis/lib/python3.12/site-packages (from tardis==0.0.0) (6.1.1)
2025-01-13T19:27:11.9077790Z Requirement already satisfied: numpy>=1.23 in /Users/runner/micromamba/envs/tardis/lib/python3.12/site-packages (from astropy->tardis==0.0.0) (1.26.4)
2025-01-13T19:27:11.9180170Z Requirement already satisfied: pyerfa>=2.0.1.1 in /Users/runner/micromamba/envs/tardis/lib/python3.12/site-packages (from astropy->tardis==0.0.0) (2.0.1.4)
2025-01-13T19:27:11.9281770Z Requirement already satisfied: astropy-iers-data>=0.2024.5.27.0.30.8 in /Users/runner/micromamba/envs/tardis/lib/python3.12/site-packages (from astropy->tardis==0.0.0) (0.2024.6.17.0.31.35)
2025-01-13T19:27:11.9383730Z Requirement already satisfied: PyYAML>=3.13 in /Users/runner/micromamba/envs/tardis/lib/python3.12/site-packages (from astropy->tardis==0.0.0) (6.0.1)
2025-01-13T19:27:11.9391600Z Requirement already satisfied: packaging>=19.0 in /Users/runner/micromamba/envs/tardis/lib/python3.12/site-packages (from astropy->tardis==0.0.0) (24.1)
2025-01-13T19:27:11.9393600Z Building wheels for collected packages: tardis
2025-01-13T19:27:11.9394000Z   Building editable for tardis (pyproject.toml): started
2025-01-13T19:27:12.7219860Z   Building editable for tardis (pyproject.toml): finished with status 'done'
2025-01-13T19:27:12.7228920Z   Created wheel for tardis: filename=tardis-0.0.0-0.editable-py3-none-any.whl size=8876 sha256=5252a3b03e49dbec8293e12f9b57ee1570862256363f1c0eaab50d3ffbb21e6a
2025-01-13T19:27:12.7231880Z   Stored in directory: /private/var/folders/ml/x_tvfgn50_s7p67dm1ypcqqm0000gn/T/pip-ephem-wheel-cache-mebvrulr/wheels/bb/4f/6a/0829b918c1c10bc28535ce7f14be21eee54375bdd9cd0c306a
2025-01-13T19:27:12.7258790Z Successfully built tardis
2025-01-13T19:27:13.3219090Z Installing collected packages: tardis
2025-01-13T19:27:13.3406570Z Successfully installed tardis-0.0.0
2025-01-13T19:27:13.6579880Z ##[group]Run pip install qgridnext
2025-01-13T19:27:13.6580330Z [36;1mpip install qgridnext[0m
2025-01-13T19:27:13.6648020Z shell: /bin/bash -l {0}
2025-01-13T19:27:13.6648510Z env:
2025-01-13T19:27:13.6650300Z   CACHE_NUMBER: 0
2025-01-13T19:27:13.6650940Z   PYTEST_FLAGS: --tardis-regression-data=/Users/runner/work/tardis/tardis/tardis-regression-data --cov=tardis --cov-report=xml --cov-report=html --cov-append
2025-01-13T19:27:13.6651530Z   CODECOV_TOKEN: 
2025-01-13T19:27:13.6651850Z   MAMBA_ROOT_PREFIX: /Users/runner/micromamba
2025-01-13T19:27:13.6652260Z   MAMBA_EXE: /Users/runner/micromamba-bin/micromamba
2025-01-13T19:27:13.6652620Z   CONDARC: /Users/runner/work/_temp/setup-micromamba/.condarc
2025-01-13T19:27:13.6652980Z ##[endgroup]
2025-01-13T19:27:14.3948070Z Collecting qgridnext
2025-01-13T19:27:14.4312000Z   Downloading qgridnext-2.0.4-py3-none-any.whl.metadata (9.9 kB)
2025-01-13T19:27:14.4483360Z Requirement already satisfied: pandas>=0.20.0 in /Users/runner/micromamba/envs/tardis/lib/python3.12/site-packages (from qgridnext) (2.2.2)
2025-01-13T19:27:14.4488670Z Requirement already satisfied: ipywidgets>=7.0.0 in /Users/runner/micromamba/envs/tardis/lib/python3.12/site-packages (from qgridnext) (7.8.0)
2025-01-13T19:27:14.4509780Z Requirement already satisfied: numpy in /Users/runner/micromamba/envs/tardis/lib/python3.12/site-packages (from qgridnext) (1.26.4)
2025-01-13T19:27:14.4510930Z Requirement already satisfied: traitlets in /Users/runner/micromamba/envs/tardis/lib/python3.12/site-packages (from qgridnext) (5.14.3)
2025-01-13T19:27:14.4558110Z Requirement already satisfied: comm>=0.1.3 in /Users/runner/micromamba/envs/tardis/lib/python3.12/site-packages (from ipywidgets>=7.0.0->qgridnext) (0.2.2)
2025-01-13T19:27:14.4563510Z Requirement already satisfied: ipython-genutils~=0.2.0 in /Users/runner/micromamba/envs/tardis/lib/python3.12/site-packages (from ipywidgets>=7.0.0->qgridnext) (0.2.0)
2025-01-13T19:27:14.4572200Z Requirement already satisfied: widgetsnbextension~=3.6.5 in /Users/runner/micromamba/envs/tardis/lib/python3.12/site-packages (from ipywidgets>=7.0.0->qgridnext) (3.6.6)
2025-01-13T19:27:14.4581080Z Requirement already satisfied: ipython>=4.0.0 in /Users/runner/micromamba/envs/tardis/lib/python3.12/site-packages (from ipywidgets>=7.0.0->qgridnext) (8.25.0)
2025-01-13T19:27:14.4592220Z Requirement already satisfied: jupyterlab-widgets<3,>=1.0.0 in /Users/runner/micromamba/envs/tardis/lib/python3.12/site-packages (from ipywidgets>=7.0.0->qgridnext) (1.1.7)
2025-01-13T19:27:14.4878660Z Requirement already satisfied: python-dateutil>=2.8.2 in /Users/runner/micromamba/envs/tardis/lib/python3.12/site-packages (from pandas>=0.20.0->qgridnext) (2.9.0)
2025-01-13T19:27:14.4887130Z Requirement already satisfied: pytz>=2020.1 in /Users/runner/micromamba/envs/tardis/lib/python3.12/site-packages (from pandas>=0.20.0->qgridnext) (2024.1)
2025-01-13T19:27:14.4891780Z Requirement already satisfied: tzdata>=2022.7 in /Users/runner/micromamba/envs/tardis/lib/python3.12/site-packages (from pandas>=0.20.0->qgridnext) (2024.1)
2025-01-13T19:27:14.5107680Z Requirement already satisfied: decorator in /Users/runner/micromamba/envs/tardis/lib/python3.12/site-packages (from ipython>=4.0.0->ipywidgets>=7.0.0->qgridnext) (5.1.1)
2025-01-13T19:27:14.5117930Z Requirement already satisfied: jedi>=0.16 in /Users/runner/micromamba/envs/tardis/lib/python3.12/site-packages (from ipython>=4.0.0->ipywidgets>=7.0.0->qgridnext) (0.19.1)
2025-01-13T19:27:14.5123240Z Requirement already satisfied: matplotlib-inline in /Users/runner/micromamba/envs/tardis/lib/python3.12/site-packages (from ipython>=4.0.0->ipywidgets>=7.0.0->qgridnext) (0.1.7)
2025-01-13T19:27:14.5130000Z Requirement already satisfied: prompt-toolkit<3.1.0,>=3.0.41 in /Users/runner/micromamba/envs/tardis/lib/python3.12/site-packages (from ipython>=4.0.0->ipywidgets>=7.0.0->qgridnext) (3.0.47)
2025-01-13T19:27:14.5136160Z Requirement already satisfied: pygments>=2.4.0 in /Users/runner/micromamba/envs/tardis/lib/python3.12/site-packages (from ipython>=4.0.0->ipywidgets>=7.0.0->qgridnext) (2.18.0)
2025-01-13T19:27:14.5141910Z Requirement already satisfied: stack-data in /Users/runner/micromamba/envs/tardis/lib/python3.12/site-packages (from ipython>=4.0.0->ipywidgets>=7.0.0->qgridnext) (0.6.2)
2025-01-13T19:27:14.5153350Z Requirement already satisfied: pexpect>4.3 in /Users/runner/micromamba/envs/tardis/lib/python3.12/site-packages (from ipython>=4.0.0->ipywidgets>=7.0.0->qgridnext) (4.9.0)
2025-01-13T19:27:14.5180680Z Requirement already satisfied: six>=1.5 in /Users/runner/micromamba/envs/tardis/lib/python3.12/site-packages (from python-dateutil>=2.8.2->pandas>=0.20.0->qgridnext) (1.16.0)
2025-01-13T19:27:14.5215580Z Requirement already satisfied: notebook>=4.4.1 in /Users/runner/micromamba/envs/tardis/lib/python3.12/site-packages (from widgetsnbextension~=3.6.5->ipywidgets>=7.0.0->qgridnext) (7.2.1)
2025-01-13T19:27:14.5341750Z Requirement already satisfied: parso<0.9.0,>=0.8.3 in /Users/runner/micromamba/envs/tardis/lib/python3.12/site-packages (from jedi>=0.16->ipython>=4.0.0->ipywidgets>=7.0.0->qgridnext) (0.8.4)
2025-01-13T19:27:14.5439490Z Requirement already satisfied: jupyter-server<3,>=2.4.0 in /Users/runner/micromamba/envs/tardis/lib/python3.12/site-packages (from notebook>=4.4.1->widgetsnbextension~=3.6.5->ipywidgets>=7.0.0->qgridnext) (2.14.1)
2025-01-13T19:27:14.5542210Z Requirement already satisfied: jupyterlab-server<3,>=2.27.1 in /Users/runner/micromamba/envs/tardis/lib/python3.12/site-packages (from notebook>=4.4.1->widgetsnbextension~=3.6.5->ipywidgets>=7.0.0->qgridnext) (2.27.2)
2025-01-13T19:27:14.5642890Z Requirement already satisfied: jupyterlab<4.3,>=4.2.0 in /Users/runner/micromamba/envs/tardis/lib/python3.12/site-packages (from notebook>=4.4.1->widgetsnbextension~=3.6.5->ipywidgets>=7.0.0->qgridnext) (4.2.2)
2025-01-13T19:27:14.5745240Z Requirement already satisfied: notebook-shim<0.3,>=0.2 in /Users/runner/micromamba/envs/tardis/lib/python3.12/site-packages (from notebook>=4.4.1->widgetsnbextension~=3.6.5->ipywidgets>=7.0.0->qgridnext) (0.2.4)
2025-01-13T19:27:14.5845930Z Requirement already satisfied: tornado>=6.2.0 in /Users/runner/micromamba/envs/tardis/lib/python3.12/site-packages (from notebook>=4.4.1->widgetsnbextension~=3.6.5->ipywidgets>=7.0.0->qgridnext) (6.4.1)
2025-01-13T19:27:14.5946870Z Requirement already satisfied: ptyprocess>=0.5 in /Users/runner/micromamba/envs/tardis/lib/python3.12/site-packages (from pexpect>4.3->ipython>=4.0.0->ipywidgets>=7.0.0->qgridnext) (0.7.0)
2025-01-13T19:27:14.6047700Z Requirement already satisfied: wcwidth in /Users/runner/micromamba/envs/tardis/lib/python3.12/site-packages (from prompt-toolkit<3.1.0,>=3.0.41->ipython>=4.0.0->ipywidgets>=7.0.0->qgridnext) (0.2.13)
2025-01-13T19:27:14.6148730Z Requirement already satisfied: executing>=1.2.0 in /Users/runner/micromamba/envs/tardis/lib/python3.12/site-packages (from stack-data->ipython>=4.0.0->ipywidgets>=7.0.0->qgridnext) (2.0.1)
2025-01-13T19:27:14.6150020Z Requirement already satisfied: asttokens>=2.1.0 in /Users/runner/micromamba/envs/tardis/lib/python3.12/site-packages (from stack-data->ipython>=4.0.0->ipywidgets>=7.0.0->qgridnext) (2.4.1)
2025-01-13T19:27:14.6251560Z Requirement already satisfied: pure-eval in /Users/runner/micromamba/envs/tardis/lib/python3.12/site-packages (from stack-data->ipython>=4.0.0->ipywidgets>=7.0.0->qgridnext) (0.2.2)
2025-01-13T19:27:14.6353590Z Requirement already satisfied: anyio>=3.1.0 in /Users/runner/micromamba/envs/tardis/lib/python3.12/site-packages (from jupyter-server<3,>=2.4.0->notebook>=4.4.1->widgetsnbextension~=3.6.5->ipywidgets>=7.0.0->qgridnext) (4.4.0)
2025-01-13T19:27:14.6454480Z Requirement already satisfied: argon2-cffi>=21.1 in /Users/runner/micromamba/envs/tardis/lib/python3.12/site-packages (from jupyter-server<3,>=2.4.0->notebook>=4.4.1->widgetsnbextension~=3.6.5->ipywidgets>=7.0.0->qgridnext) (23.1.0)
2025-01-13T19:27:14.6556300Z Requirement already satisfied: jinja2>=3.0.3 in /Users/runner/micromamba/envs/tardis/lib/python3.12/site-packages (from jupyter-server<3,>=2.4.0->notebook>=4.4.1->widgetsnbextension~=3.6.5->ipywidgets>=7.0.0->qgridnext) (3.1.4)
2025-01-13T19:27:14.6656600Z Requirement already satisfied: jupyter-client>=7.4.4 in /Users/runner/micromamba/envs/tardis/lib/python3.12/site-packages (from jupyter-server<3,>=2.4.0->notebook>=4.4.1->widgetsnbextension~=3.6.5->ipywidgets>=7.0.0->qgridnext) (8.6.2)
2025-01-13T19:27:14.6757590Z Requirement already satisfied: jupyter-core!=5.0.*,>=4.12 in /Users/runner/micromamba/envs/tardis/lib/python3.12/site-packages (from jupyter-server<3,>=2.4.0->notebook>=4.4.1->widgetsnbextension~=3.6.5->ipywidgets>=7.0.0->qgridnext) (5.7.2)
2025-01-13T19:27:14.6960550Z Requirement already satisfied: jupyter-events>=0.9.0 in /Users/runner/micromamba/envs/tardis/lib/python3.12/site-packages (from jupyter-server<3,>=2.4.0->notebook>=4.4.1->widgetsnbextension~=3.6.5->ipywidgets>=7.0.0->qgridnext) (0.10.0)
2025-01-13T19:27:14.7061550Z Requirement already satisfied: jupyter-server-terminals>=0.4.4 in /Users/runner/micromamba/envs/tardis/lib/python3.12/site-packages (from jupyter-server<3,>=2.4.0->notebook>=4.4.1->widgetsnbextension~=3.6.5->ipywidgets>=7.0.0->qgridnext) (0.5.3)
2025-01-13T19:27:14.7190860Z Requirement already satisfied: nbconvert>=6.4.4 in /Users/runner/micromamba/envs/tardis/lib/python3.12/site-packages (from jupyter-server<3,>=2.4.0->notebook>=4.4.1->widgetsnbextension~=3.6.5->ipywidgets>=7.0.0->qgridnext) (7.16.4)
2025-01-13T19:27:14.7295460Z Requirement already satisfied: nbformat>=5.3.0 in /Users/runner/micromamba/envs/tardis/lib/python3.12/site-packages (from jupyter-server<3,>=2.4.0->notebook>=4.4.1->widgetsnbextension~=3.6.5->ipywidgets>=7.0.0->qgridnext) (5.10.4)
2025-01-13T19:27:14.7404810Z Requirement already satisfied: overrides>=5.0 in /Users/runner/micromamba/envs/tardis/lib/python3.12/site-packages (from jupyter-server<3,>=2.4.0->notebook>=4.4.1->widgetsnbextension~=3.6.5->ipywidgets>=7.0.0->qgridnext) (7.7.0)
2025-01-13T19:27:14.7507250Z Requirement already satisfied: packaging>=22.0 in /Users/runner/micromamba/envs/tardis/lib/python3.12/site-packages (from jupyter-server<3,>=2.4.0->notebook>=4.4.1->widgetsnbextension~=3.6.5->ipywidgets>=7.0.0->qgridnext) (24.1)
2025-01-13T19:27:14.7611930Z Requirement already satisfied: prometheus-client>=0.9 in /Users/runner/micromamba/envs/tardis/lib/python3.12/site-packages (from jupyter-server<3,>=2.4.0->notebook>=4.4.1->widgetsnbextension~=3.6.5->ipywidgets>=7.0.0->qgridnext) (0.20.0)
2025-01-13T19:27:14.7713280Z Requirement already satisfied: pyzmq>=24 in /Users/runner/micromamba/envs/tardis/lib/python3.12/site-packages (from jupyter-server<3,>=2.4.0->notebook>=4.4.1->widgetsnbextension~=3.6.5->ipywidgets>=7.0.0->qgridnext) (26.0.3)
2025-01-13T19:27:14.7811970Z Requirement already satisfied: send2trash>=1.8.2 in /Users/runner/micromamba/envs/tardis/lib/python3.12/site-packages (from jupyter-server<3,>=2.4.0->notebook>=4.4.1->widgetsnbextension~=3.6.5->ipywidgets>=7.0.0->qgridnext) (1.8.3)
2025-01-13T19:27:14.7914340Z Requirement already satisfied: terminado>=0.8.3 in /Users/runner/micromamba/envs/tardis/lib/python3.12/site-packages (from jupyter-server<3,>=2.4.0->notebook>=4.4.1->widgetsnbextension~=3.6.5->ipywidgets>=7.0.0->qgridnext) (0.18.1)
2025-01-13T19:27:14.8015890Z Requirement already satisfied: websocket-client>=1.7 in /Users/runner/micromamba/envs/tardis/lib/python3.12/site-packages (from jupyter-server<3,>=2.4.0->notebook>=4.4.1->widgetsnbextension~=3.6.5->ipywidgets>=7.0.0->qgridnext) (1.8.0)
2025-01-13T19:27:14.8120900Z Requirement already satisfied: async-lru>=1.0.0 in /Users/runner/micromamba/envs/tardis/lib/python3.12/site-packages (from jupyterlab<4.3,>=4.2.0->notebook>=4.4.1->widgetsnbextension~=3.6.5->ipywidgets>=7.0.0->qgridnext) (2.0.4)
2025-01-13T19:27:14.8222890Z Requirement already satisfied: httpx>=0.25.0 in /Users/runner/micromamba/envs/tardis/lib/python3.12/site-packages (from jupyterlab<4.3,>=4.2.0->notebook>=4.4.1->widgetsnbextension~=3.6.5->ipywidgets>=7.0.0->qgridnext) (0.27.0)
2025-01-13T19:27:14.8325540Z Requirement already satisfied: ipykernel>=6.5.0 in /Users/runner/micromamba/envs/tardis/lib/python3.12/site-packages (from jupyterlab<4.3,>=4.2.0->notebook>=4.4.1->widgetsnbextension~=3.6.5->ipywidgets>=7.0.0->qgridnext) (6.29.4)
2025-01-13T19:27:14.8427440Z Requirement already satisfied: jupyter-lsp>=2.0.0 in /Users/runner/micromamba/envs/tardis/lib/python3.12/site-packages (from jupyterlab<4.3,>=4.2.0->notebook>=4.4.1->widgetsnbextension~=3.6.5->ipywidgets>=7.0.0->qgridnext) (2.2.5)
2025-01-13T19:27:14.8529570Z Requirement already satisfied: setuptools>=40.1.0 in /Users/runner/micromamba/envs/tardis/lib/python3.12/site-packages (from jupyterlab<4.3,>=4.2.0->notebook>=4.4.1->widgetsnbextension~=3.6.5->ipywidgets>=7.0.0->qgridnext) (70.0.0)
2025-01-13T19:27:14.8631640Z Requirement already satisfied: babel>=2.10 in /Users/runner/micromamba/envs/tardis/lib/python3.12/site-packages (from jupyterlab-server<3,>=2.27.1->notebook>=4.4.1->widgetsnbextension~=3.6.5->ipywidgets>=7.0.0->qgridnext) (2.14.0)
2025-01-13T19:27:14.8733620Z Requirement already satisfied: json5>=0.9.0 in /Users/runner/micromamba/envs/tardis/lib/python3.12/site-packages (from jupyterlab-server<3,>=2.27.1->notebook>=4.4.1->widgetsnbextension~=3.6.5->ipywidgets>=7.0.0->qgridnext) (0.9.25)
2025-01-13T19:27:14.8841350Z Requirement already satisfied: jsonschema>=4.18.0 in /Users/runner/micromamba/envs/tardis/lib/python3.12/site-packages (from jupyterlab-server<3,>=2.27.1->notebook>=4.4.1->widgetsnbextension~=3.6.5->ipywidgets>=7.0.0->qgridnext) (4.22.0)
2025-01-13T19:27:14.8942530Z Requirement already satisfied: requests>=2.31 in /Users/runner/micromamba/envs/tardis/lib/python3.12/site-packages (from jupyterlab-server<3,>=2.27.1->notebook>=4.4.1->widgetsnbextension~=3.6.5->ipywidgets>=7.0.0->qgridnext) (2.32.3)
2025-01-13T19:27:14.9043650Z Requirement already satisfied: idna>=2.8 in /Users/runner/micromamba/envs/tardis/lib/python3.12/site-packages (from anyio>=3.1.0->jupyter-server<3,>=2.4.0->notebook>=4.4.1->widgetsnbextension~=3.6.5->ipywidgets>=7.0.0->qgridnext) (3.7)
2025-01-13T19:27:14.9144970Z Requirement already satisfied: sniffio>=1.1 in /Users/runner/micromamba/envs/tardis/lib/python3.12/site-packages (from anyio>=3.1.0->jupyter-server<3,>=2.4.0->notebook>=4.4.1->widgetsnbextension~=3.6.5->ipywidgets>=7.0.0->qgridnext) (1.3.1)
2025-01-13T19:27:14.9246070Z Requirement already satisfied: argon2-cffi-bindings in /Users/runner/micromamba/envs/tardis/lib/python3.12/site-packages (from argon2-cffi>=21.1->jupyter-server<3,>=2.4.0->notebook>=4.4.1->widgetsnbextension~=3.6.5->ipywidgets>=7.0.0->qgridnext) (21.2.0)
2025-01-13T19:27:14.9347340Z Requirement already satisfied: certifi in /Users/runner/micromamba/envs/tardis/lib/python3.12/site-packages (from httpx>=0.25.0->jupyterlab<4.3,>=4.2.0->notebook>=4.4.1->widgetsnbextension~=3.6.5->ipywidgets>=7.0.0->qgridnext) (2024.6.2)
2025-01-13T19:27:14.9448700Z Requirement already satisfied: httpcore==1.* in /Users/runner/micromamba/envs/tardis/lib/python3.12/site-packages (from httpx>=0.25.0->jupyterlab<4.3,>=4.2.0->notebook>=4.4.1->widgetsnbextension~=3.6.5->ipywidgets>=7.0.0->qgridnext) (1.0.5)
2025-01-13T19:27:14.9549570Z Requirement already satisfied: h11<0.15,>=0.13 in /Users/runner/micromamba/envs/tardis/lib/python3.12/site-packages (from httpcore==1.*->httpx>=0.25.0->jupyterlab<4.3,>=4.2.0->notebook>=4.4.1->widgetsnbextension~=3.6.5->ipywidgets>=7.0.0->qgridnext) (0.14.0)
2025-01-13T19:27:14.9650690Z Requirement already satisfied: appnope in /Users/runner/micromamba/envs/tardis/lib/python3.12/site-packages (from ipykernel>=6.5.0->jupyterlab<4.3,>=4.2.0->notebook>=4.4.1->widgetsnbextension~=3.6.5->ipywidgets>=7.0.0->qgridnext) (0.1.4)
2025-01-13T19:27:14.9752010Z Requirement already satisfied: debugpy>=1.6.5 in /Users/runner/micromamba/envs/tardis/lib/python3.12/site-packages (from ipykernel>=6.5.0->jupyterlab<4.3,>=4.2.0->notebook>=4.4.1->widgetsnbextension~=3.6.5->ipywidgets>=7.0.0->qgridnext) (1.8.1)
2025-01-13T19:27:14.9853080Z Requirement already satisfied: nest-asyncio in /Users/runner/micromamba/envs/tardis/lib/python3.12/site-packages (from ipykernel>=6.5.0->jupyterlab<4.3,>=4.2.0->notebook>=4.4.1->widgetsnbextension~=3.6.5->ipywidgets>=7.0.0->qgridnext) (1.6.0)
2025-01-13T19:27:14.9954760Z Requirement already satisfied: psutil in /Users/runner/micromamba/envs/tardis/lib/python3.12/site-packages (from ipykernel>=6.5.0->jupyterlab<4.3,>=4.2.0->notebook>=4.4.1->widgetsnbextension~=3.6.5->ipywidgets>=7.0.0->qgridnext) (5.9.8)
2025-01-13T19:27:15.0055370Z Requirement already satisfied: MarkupSafe>=2.0 in /Users/runner/micromamba/envs/tardis/lib/python3.12/site-packages (from jinja2>=3.0.3->jupyter-server<3,>=2.4.0->notebook>=4.4.1->widgetsnbextension~=3.6.5->ipywidgets>=7.0.0->qgridnext) (2.1.5)
2025-01-13T19:27:15.0157660Z Requirement already satisfied: attrs>=22.2.0 in /Users/runner/micromamba/envs/tardis/lib/python3.12/site-packages (from jsonschema>=4.18.0->jupyterlab-server<3,>=2.27.1->notebook>=4.4.1->widgetsnbextension~=3.6.5->ipywidgets>=7.0.0->qgridnext) (23.2.0)
2025-01-13T19:27:15.0260190Z Requirement already satisfied: jsonschema-specifications>=2023.03.6 in /Users/runner/micromamba/envs/tardis/lib/python3.12/site-packages (from jsonschema>=4.18.0->jupyterlab-server<3,>=2.27.1->notebook>=4.4.1->widgetsnbextension~=3.6.5->ipywidgets>=7.0.0->qgridnext) (2023.12.1)
2025-01-13T19:27:15.0364360Z Requirement already satisfied: referencing>=0.28.4 in /Users/runner/micromamba/envs/tardis/lib/python3.12/site-packages (from jsonschema>=4.18.0->jupyterlab-server<3,>=2.27.1->notebook>=4.4.1->widgetsnbextension~=3.6.5->ipywidgets>=7.0.0->qgridnext) (0.35.1)
2025-01-13T19:27:15.0463520Z Requirement already satisfied: rpds-py>=0.7.1 in /Users/runner/micromamba/envs/tardis/lib/python3.12/site-packages (from jsonschema>=4.18.0->jupyterlab-server<3,>=2.27.1->notebook>=4.4.1->widgetsnbextension~=3.6.5->ipywidgets>=7.0.0->qgridnext) (0.18.1)
2025-01-13T19:27:15.0565010Z Requirement already satisfied: platformdirs>=2.5 in /Users/runner/micromamba/envs/tardis/lib/python3.12/site-packages (from jupyter-core!=5.0.*,>=4.12->jupyter-server<3,>=2.4.0->notebook>=4.4.1->widgetsnbextension~=3.6.5->ipywidgets>=7.0.0->qgridnext) (4.2.2)
2025-01-13T19:27:15.0666110Z Requirement already satisfied: python-json-logger>=2.0.4 in /Users/runner/micromamba/envs/tardis/lib/python3.12/site-packages (from jupyter-events>=0.9.0->jupyter-server<3,>=2.4.0->notebook>=4.4.1->widgetsnbextension~=3.6.5->ipywidgets>=7.0.0->qgridnext) (2.0.7)
2025-01-13T19:27:15.0768540Z Requirement already satisfied: pyyaml>=5.3 in /Users/runner/micromamba/envs/tardis/lib/python3.12/site-packages (from jupyter-events>=0.9.0->jupyter-server<3,>=2.4.0->notebook>=4.4.1->widgetsnbextension~=3.6.5->ipywidgets>=7.0.0->qgridnext) (6.0.1)
2025-01-13T19:27:15.0869300Z Requirement already satisfied: rfc3339-validator in /Users/runner/micromamba/envs/tardis/lib/python3.12/site-packages (from jupyter-events>=0.9.0->jupyter-server<3,>=2.4.0->notebook>=4.4.1->widgetsnbextension~=3.6.5->ipywidgets>=7.0.0->qgridnext) (0.1.4)
2025-01-13T19:27:15.0971370Z Requirement already satisfied: rfc3986-validator>=0.1.1 in /Users/runner/micromamba/envs/tardis/lib/python3.12/site-packages (from jupyter-events>=0.9.0->jupyter-server<3,>=2.4.0->notebook>=4.4.1->widgetsnbextension~=3.6.5->ipywidgets>=7.0.0->qgridnext) (0.1.1)
2025-01-13T19:27:15.1073830Z Requirement already satisfied: beautifulsoup4 in /Users/runner/micromamba/envs/tardis/lib/python3.12/site-packages (from nbconvert>=6.4.4->jupyter-server<3,>=2.4.0->notebook>=4.4.1->widgetsnbextension~=3.6.5->ipywidgets>=7.0.0->qgridnext) (4.12.3)
2025-01-13T19:27:15.1174540Z Requirement already satisfied: bleach!=5.0.0 in /Users/runner/micromamba/envs/tardis/lib/python3.12/site-packages (from nbconvert>=6.4.4->jupyter-server<3,>=2.4.0->notebook>=4.4.1->widgetsnbextension~=3.6.5->ipywidgets>=7.0.0->qgridnext) (6.1.0)
2025-01-13T19:27:15.1276470Z Requirement already satisfied: defusedxml in /Users/runner/micromamba/envs/tardis/lib/python3.12/site-packages (from nbconvert>=6.4.4->jupyter-server<3,>=2.4.0->notebook>=4.4.1->widgetsnbextension~=3.6.5->ipywidgets>=7.0.0->qgridnext) (0.7.1)
2025-01-13T19:27:15.1378630Z Requirement already satisfied: jupyterlab-pygments in /Users/runner/micromamba/envs/tardis/lib/python3.12/site-packages (from nbconvert>=6.4.4->jupyter-server<3,>=2.4.0->notebook>=4.4.1->widgetsnbextension~=3.6.5->ipywidgets>=7.0.0->qgridnext) (0.3.0)
2025-01-13T19:27:15.1479520Z Requirement already satisfied: mistune<4,>=2.0.3 in /Users/runner/micromamba/envs/tardis/lib/python3.12/site-packages (from nbconvert>=6.4.4->jupyter-server<3,>=2.4.0->notebook>=4.4.1->widgetsnbextension~=3.6.5->ipywidgets>=7.0.0->qgridnext) (3.0.2)
2025-01-13T19:27:15.1583410Z Requirement already satisfied: nbclient>=0.5.0 in /Users/runner/micromamba/envs/tardis/lib/python3.12/site-packages (from nbconvert>=6.4.4->jupyter-server<3,>=2.4.0->notebook>=4.4.1->widgetsnbextension~=3.6.5->ipywidgets>=7.0.0->qgridnext) (0.10.0)
2025-01-13T19:27:15.1684010Z Requirement already satisfied: pandocfilters>=1.4.1 in /Users/runner/micromamba/envs/tardis/lib/python3.12/site-packages (from nbconvert>=6.4.4->jupyter-server<3,>=2.4.0->notebook>=4.4.1->widgetsnbextension~=3.6.5->ipywidgets>=7.0.0->qgridnext) (1.5.0)
2025-01-13T19:27:15.1786990Z Requirement already satisfied: tinycss2 in /Users/runner/micromamba/envs/tardis/lib/python3.12/site-packages (from nbconvert>=6.4.4->jupyter-server<3,>=2.4.0->notebook>=4.4.1->widgetsnbextension~=3.6.5->ipywidgets>=7.0.0->qgridnext) (1.3.0)
2025-01-13T19:27:15.1887780Z Requirement already satisfied: fastjsonschema>=2.15 in /Users/runner/micromamba/envs/tardis/lib/python3.12/site-packages (from nbformat>=5.3.0->jupyter-server<3,>=2.4.0->notebook>=4.4.1->widgetsnbextension~=3.6.5->ipywidgets>=7.0.0->qgridnext) (2.20.0)
2025-01-13T19:27:15.1989590Z Requirement already satisfied: charset-normalizer<4,>=2 in /Users/runner/micromamba/envs/tardis/lib/python3.12/site-packages (from requests>=2.31->jupyterlab-server<3,>=2.27.1->notebook>=4.4.1->widgetsnbextension~=3.6.5->ipywidgets>=7.0.0->qgridnext) (3.3.2)
2025-01-13T19:27:15.2090690Z Requirement already satisfied: urllib3<3,>=1.21.1 in /Users/runner/micromamba/envs/tardis/lib/python3.12/site-packages (from requests>=2.31->jupyterlab-server<3,>=2.27.1->notebook>=4.4.1->widgetsnbextension~=3.6.5->ipywidgets>=7.0.0->qgridnext) (2.2.2)
2025-01-13T19:27:15.2192640Z Requirement already satisfied: webencodings in /Users/runner/micromamba/envs/tardis/lib/python3.12/site-packages (from bleach!=5.0.0->nbconvert>=6.4.4->jupyter-server<3,>=2.4.0->notebook>=4.4.1->widgetsnbextension~=3.6.5->ipywidgets>=7.0.0->qgridnext) (0.5.1)
2025-01-13T19:27:15.2296560Z Requirement already satisfied: fqdn in /Users/runner/micromamba/envs/tardis/lib/python3.12/site-packages (from jsonschema[format-nongpl]>=4.18.0->jupyter-events>=0.9.0->jupyter-server<3,>=2.4.0->notebook>=4.4.1->widgetsnbextension~=3.6.5->ipywidgets>=7.0.0->qgridnext) (1.5.1)
2025-01-13T19:27:15.2380850Z Requirement already satisfied: isoduration in /Users/runner/micromamba/envs/tardis/lib/python3.12/site-packages (from jsonschema[format-nongpl]>=4.18.0->jupyter-events>=0.9.0->jupyter-server<3,>=2.4.0->notebook>=4.4.1->widgetsnbextension~=3.6.5->ipywidgets>=7.0.0->qgridnext) (20.11.0)
2025-01-13T19:27:15.2460880Z Requirement already satisfied: jsonpointer>1.13 in /Users/runner/micromamba/envs/tardis/lib/python3.12/site-packages (from jsonschema[format-nongpl]>=4.18.0->jupyter-events>=0.9.0->jupyter-server<3,>=2.4.0->notebook>=4.4.1->widgetsnbextension~=3.6.5->ipywidgets>=7.0.0->qgridnext) (3.0.0)
2025-01-13T19:27:15.2563240Z Requirement already satisfied: uri-template in /Users/runner/micromamba/envs/tardis/lib/python3.12/site-packages (from jsonschema[format-nongpl]>=4.18.0->jupyter-events>=0.9.0->jupyter-server<3,>=2.4.0->notebook>=4.4.1->widgetsnbextension~=3.6.5->ipywidgets>=7.0.0->qgridnext) (1.3.0)
2025-01-13T19:27:15.2665590Z Requirement already satisfied: webcolors>=1.11 in /Users/runner/micromamba/envs/tardis/lib/python3.12/site-packages (from jsonschema[format-nongpl]>=4.18.0->jupyter-events>=0.9.0->jupyter-server<3,>=2.4.0->notebook>=4.4.1->widgetsnbextension~=3.6.5->ipywidgets>=7.0.0->qgridnext) (24.6.0)
2025-01-13T19:27:15.2768460Z Requirement already satisfied: cffi>=1.0.1 in /Users/runner/micromamba/envs/tardis/lib/python3.12/site-packages (from argon2-cffi-bindings->argon2-cffi>=21.1->jupyter-server<3,>=2.4.0->notebook>=4.4.1->widgetsnbextension~=3.6.5->ipywidgets>=7.0.0->qgridnext) (1.16.0)
2025-01-13T19:27:15.2871850Z Requirement already satisfied: soupsieve>1.2 in /Users/runner/micromamba/envs/tardis/lib/python3.12/site-packages (from beautifulsoup4->nbconvert>=6.4.4->jupyter-server<3,>=2.4.0->notebook>=4.4.1->widgetsnbextension~=3.6.5->ipywidgets>=7.0.0->qgridnext) (2.5)
2025-01-13T19:27:15.2974810Z Requirement already satisfied: pycparser in /Users/runner/micromamba/envs/tardis/lib/python3.12/site-packages (from cffi>=1.0.1->argon2-cffi-bindings->argon2-cffi>=21.1->jupyter-server<3,>=2.4.0->notebook>=4.4.1->widgetsnbextension~=3.6.5->ipywidgets>=7.0.0->qgridnext) (2.22)
2025-01-13T19:27:15.3077520Z Requirement already satisfied: arrow>=0.15.0 in /Users/runner/micromamba/envs/tardis/lib/python3.12/site-packages (from isoduration->jsonschema[format-nongpl]>=4.18.0->jupyter-events>=0.9.0->jupyter-server<3,>=2.4.0->notebook>=4.4.1->widgetsnbextension~=3.6.5->ipywidgets>=7.0.0->qgridnext) (1.3.0)
2025-01-13T19:27:15.3177190Z Requirement already satisfied: types-python-dateutil>=2.8.10 in /Users/runner/micromamba/envs/tardis/lib/python3.12/site-packages (from arrow>=0.15.0->isoduration->jsonschema[format-nongpl]>=4.18.0->jupyter-events>=0.9.0->jupyter-server<3,>=2.4.0->notebook>=4.4.1->widgetsnbextension~=3.6.5->ipywidgets>=7.0.0->qgridnext) (2.9.0.20240316)
2025-01-13T19:27:15.3278040Z Downloading qgridnext-2.0.4-py3-none-any.whl (1.3 MB)
2025-01-13T19:27:15.3311720Z    â”â”â”â”â”â”â”â”â”â”â”â”â”â”â”â”â”â”â”â”â”â”â”â”â”â”â”â”â”â”â”â”â”â”â”â”â”â”â”â” 1.3/1.3 MB 23.5 MB/s eta 0:00:00
2025-01-13T19:27:16.0259010Z Installing collected packages: qgridnext
2025-01-13T19:27:16.0802380Z Successfully installed qgridnext-2.0.4
2025-01-13T19:27:16.3279420Z ##[group]Run pytest tardis --tardis-regression-data=/Users/runner/work/tardis/tardis/tardis-regression-data --cov=tardis --cov-report=xml --cov-report=html --cov-append -m "not continuum"
2025-01-13T19:27:16.3280550Z [36;1mpytest tardis --tardis-regression-data=/Users/runner/work/tardis/tardis/tardis-regression-data --cov=tardis --cov-report=xml --cov-report=html --cov-append -m "not continuum"[0m
2025-01-13T19:27:16.3346480Z shell: /bin/bash -l {0}
2025-01-13T19:27:16.3346740Z env:
2025-01-13T19:27:16.3346900Z   CACHE_NUMBER: 0
2025-01-13T19:27:16.3347430Z   PYTEST_FLAGS: --tardis-regression-data=/Users/runner/work/tardis/tardis/tardis-regression-data --cov=tardis --cov-report=xml --cov-report=html --cov-append
2025-01-13T19:27:16.3347970Z   CODECOV_TOKEN: 
2025-01-13T19:27:16.3348170Z   MAMBA_ROOT_PREFIX: /Users/runner/micromamba
2025-01-13T19:27:16.3348440Z   MAMBA_EXE: /Users/runner/micromamba-bin/micromamba
2025-01-13T19:27:16.3348870Z   CONDARC: /Users/runner/work/_temp/setup-micromamba/.condarc
2025-01-13T19:27:16.3349150Z ##[endgroup]
2025-01-13T19:27:32.9789550Z ============================= test session starts ==============================
2025-01-13T19:27:32.9791000Z platform darwin -- Python 3.12.4, pytest-8.2.2, pluggy-1.5.0
2025-01-13T19:27:32.9791670Z rootdir: /Users/runner/work/tardis/tardis
2025-01-13T19:27:32.9792070Z configfile: pyproject.toml
2025-01-13T19:27:32.9792610Z plugins: cov-5.0.0, html-4.1.1, metadata-3.1.1, doctestplus-1.2.1, anyio-4.4.0
2025-01-13T19:27:32.9793210Z collected 1796 items / 2 deselected / 1794 selected
2025-01-13T19:27:32.9793590Z 
2025-01-13T19:27:36.0568560Z tardis/energy_input/tests/test_energy_source.py ..xxx                    [  0%]
2025-01-13T19:27:38.3489120Z tardis/energy_input/tests/test_gamma_ray_channel.py ...........          [  0%]
2025-01-13T19:27:39.8133400Z tardis/energy_input/tests/test_gamma_ray_grid.py xx.                     [  1%]
2025-01-13T19:27:41.4472100Z tardis/energy_input/tests/test_gamma_ray_interactions.py xx....          [  1%]
2025-01-13T19:27:41.4510570Z tardis/energy_input/tests/test_gamma_ray_packet_source.py sssssssss      [  1%]
2025-01-13T19:27:42.8541660Z tardis/energy_input/tests/test_util.py .....xxxx.....                    [  2%]
2025-01-13T19:27:43.2340610Z tardis/grid/tests/test_grid.py .                                         [  2%]
2025-01-13T19:27:43.2351130Z tardis/gui/tests/test_gui.py s                                           [  2%]
2025-01-13T19:27:48.2106860Z tardis/io/configuration/tests/test_config_reader.py ...........          [  3%]
2025-01-13T19:27:48.2404430Z tardis/io/configuration/tests/test_configuration_namespace.py .........  [  3%]
2025-01-13T19:27:48.2807600Z tardis/io/logger/tests/test_logging.py ssssssssssssssssssssssssssss      [  5%]
2025-01-13T19:28:33.9687430Z tardis/io/model/readers/tests/test_arepo_parser.py ..                    [  5%]
2025-01-13T19:28:34.0202720Z tardis/io/model/readers/tests/test_ascii_readers.py ...                  [  5%]
2025-01-13T19:28:34.0379560Z tardis/io/model/readers/tests/test_cmfgen_reader.py ..                   [  5%]
2025-01-13T19:28:34.0950630Z tardis/io/model/readers/tests/test_csvy_reader.py ....                   [  6%]
2025-01-13T19:28:34.1389350Z tardis/io/model/readers/tests/test_stella_reader.py ..                   [  6%]
2025-01-13T19:28:34.4748350Z tardis/io/tests/test_HDFWriter.py ...............                        [  7%]
2025-01-13T19:28:35.2474370Z tardis/io/tests/test_atomic.py .....                                     [  7%]
2025-01-13T19:28:35.2993770Z tardis/io/tests/test_decay.py ..                                         [  7%]
2025-01-13T19:28:35.5490950Z tardis/io/tests/test_model_reader.py ......                              [  7%]
2025-01-13T19:28:35.5558170Z tardis/model/geometry/tests/test_radial1d.py ..                          [  7%]
2025-01-13T19:29:08.6737950Z tardis/model/tests/test_base.py ........................................ [ 10%]
2025-01-13T19:29:09.6952990Z ............                                                             [ 10%]
2025-01-13T19:29:12.2281780Z tardis/model/tests/test_csvy_model.py .........                          [ 11%]
2025-01-13T19:29:12.2667010Z tardis/model/tests/test_density.py ..                                    [ 11%]
2025-01-13T19:29:14.1896790Z tardis/opacities/tests/test_opacity_solver.py .....                      [ 11%]
2025-01-13T19:29:15.8476340Z tardis/opacities/tests/test_opacity_state_numba.py .....                 [ 11%]
2025-01-13T19:29:17.8591210Z tardis/opacities/tests/test_tau_sobolev.py FF                            [ 12%]
2025-01-13T19:29:21.7103790Z tardis/plasma/equilibrium/tests/test_collisional_transitions.py ...      [ 12%]
2025-01-13T19:30:12.3312130Z tardis/plasma/equilibrium/tests/test_level_populations.py ....           [ 12%]
2025-01-13T19:30:26.5324400Z tardis/plasma/equilibrium/tests/test_rate_matrix.py .                    [ 12%]
2025-01-13T19:30:28.0576220Z tardis/plasma/tests/test_complete_plasmas.py .....................s..... [ 13%]
2025-01-13T19:30:31.4890520Z s....ssssss............s............ss.....s....ssssss............s..... [ 18%]
2025-01-13T19:30:33.4581070Z .......ss.....s....ssssss............s............ss.....s....ssssss.... [ 22%]
2025-01-13T19:30:35.9088410Z ........s............ss.....s........ss............s............ss.....s [ 26%]
2025-01-13T19:30:38.5220650Z ........ss............s............ss.....s....ssssss............s...... [ 30%]
2025-01-13T19:30:39.1947130Z ......ss.....s....ssssss............s............ss.....s.ss.ssssss..... [ 34%]
2025-01-13T19:30:42.2181830Z .......s............ss.....s....ssssss............s............ss.....s. [ 38%]
2025-01-13T19:30:45.0435900Z ...ssssss............s............ss.....s....ssssss............s....... [ 42%]
2025-01-13T19:30:47.4182090Z .....ss.....s....ssssss............s............s...........ssssss...... [ 46%]
2025-01-13T19:30:48.9181170Z ......s............s...........ssssss............s............s......... [ 50%]
2025-01-13T19:30:51.7408040Z ..ssssss............s............ss.....s....ssssss............s........ [ 54%]
2025-01-13T19:30:54.2555910Z ....ss.....s....ssssss..........................s.....s....ssss......... [ 58%]
2025-01-13T19:30:54.5308200Z ...................s.....s....ssss.......                                [ 60%]
2025-01-13T19:30:54.7623380Z tardis/plasma/tests/test_hdf_plasma.py ................................. [ 62%]
2025-01-13T19:30:54.7720410Z ......                                                                   [ 62%]
2025-01-13T19:30:55.1249290Z tardis/plasma/tests/test_nlte_excitation.py ...                          [ 62%]
2025-01-13T19:32:57.9441380Z tardis/plasma/tests/test_nlte_solver.py .....X                           [ 63%]
2025-01-13T19:32:57.9505220Z tardis/plasma/tests/test_plasma_continuum.py .                           [ 63%]
2025-01-13T19:33:21.7978800Z tardis/plasma/tests/test_plasma_vboundary.py .............               [ 63%]
2025-01-13T19:33:33.1474760Z tardis/plasma/tests/test_tardis_model_density_config.py ...              [ 64%]
2025-01-13T19:33:33.7183900Z tardis/simulation/tests/test_convergence.py .....                        [ 64%]
2025-01-13T19:33:41.6625980Z tardis/simulation/tests/test_simulation.py .............                 [ 65%]
2025-01-13T19:33:41.6749070Z tardis/spectrum/tests/test_cuda_formal_integral.py sssssssssssssssssssss [ 66%]
2025-01-13T19:33:41.9560150Z ssss...ssssssssssssssssssssss                                            [ 67%]
2025-01-13T19:33:41.9630710Z tardis/spectrum/tests/test_luminosity.py ....                            [ 68%]
2025-01-13T19:33:42.8550310Z tardis/spectrum/tests/test_numba_formal_integral.py .................... [ 69%]
2025-01-13T19:33:42.8660290Z ..........                                                               [ 69%]
2025-01-13T19:33:42.9908900Z tardis/spectrum/tests/test_spectrum.py ................................. [ 71%]
2025-01-13T19:33:43.0130640Z .........                                                                [ 72%]
2025-01-13T19:34:11.1205890Z tardis/spectrum/tests/test_spectrum_solver.py ....                       [ 72%]
2025-01-13T19:35:23.5086410Z tardis/tests/test_tardis_full.py ....                                    [ 72%]
2025-01-13T19:37:04.8054150Z tardis/tests/test_tardis_full_formal_integral.py ................        [ 73%]
2025-01-13T19:37:04.8921660Z tardis/tests/test_util.py .............................................  [ 75%]
2025-01-13T19:37:07.4030350Z tardis/transport/montecarlo/tests/test_base.py x.....................    [ 77%]
2025-01-13T19:37:13.4455820Z tardis/transport/montecarlo/tests/test_interaction.py .......            [ 77%]
2025-01-13T19:37:13.6212230Z tardis/transport/montecarlo/tests/test_macro_atom.py ....                [ 77%]
2025-01-13T19:37:13.6332040Z tardis/transport/montecarlo/tests/test_montecarlo.py sssssssssssssssssss [ 78%]
2025-01-13T19:37:13.6613630Z sssssssssssssssssssssssssssssssssssssssssssss                            [ 81%]
2025-01-13T19:37:23.0037170Z tardis/transport/montecarlo/tests/test_montecarlo_main_loop.py x..       [ 81%]
2025-01-13T19:37:23.0203370Z tardis/transport/montecarlo/tests/test_nonhomologous.py ...              [ 81%]
2025-01-13T19:37:26.3652100Z tardis/transport/montecarlo/tests/test_numba_interface.py .....x.        [ 82%]
2025-01-13T19:37:26.7465000Z tardis/transport/montecarlo/tests/test_opacities.py ...............      [ 82%]
2025-01-13T19:37:27.5682220Z tardis/transport/montecarlo/tests/test_packet.py .................xXXXXX [ 84%]
2025-01-13T19:37:27.6793880Z XX.........                                                              [ 84%]
2025-01-13T19:37:27.7138420Z tardis/transport/montecarlo/tests/test_packet_source.py ........         [ 85%]
2025-01-13T19:37:27.9800190Z tardis/transport/montecarlo/tests/test_rpacket_last_interaction_tracker.py . [ 85%]
2025-01-13T19:37:28.2905720Z .....                                                                    [ 85%]
2025-01-13T19:37:38.1528400Z tardis/transport/montecarlo/tests/test_rpacket_tracker.py ......         [ 85%]
2025-01-13T19:37:38.1734260Z tardis/transport/montecarlo/tests/test_single_packet_loop.py xxx         [ 86%]
2025-01-13T19:37:38.1765950Z tardis/transport/montecarlo/tests/test_tracker_utils.py ..               [ 86%]
2025-01-13T19:37:39.5874400Z tardis/transport/montecarlo/tests/test_vpacket.py ..x.                   [ 86%]
2025-01-13T19:37:39.6092270Z tardis/transport/montecarlo/tests/test_weighted_packet_source.py ....    [ 86%]
2025-01-13T19:37:42.5130450Z tardis/transport/montecarlo/tests/test_weighted_packet_source_integration.py . [ 86%]
2025-01-13T19:37:42.5133340Z                                                                          [ 86%]
2025-01-13T19:37:43.0140470Z tardis/transport/tests/test_doppler_factor.py ..................         [ 87%]
2025-01-13T19:37:44.7854020Z tardis/visualization/tools/tests/test_convergence_plot.py .............. [ 88%]
2025-01-13T19:37:46.4614760Z ......                                                                   [ 88%]
2025-01-13T19:37:50.4783070Z tardis/visualization/tools/tests/test_liv_plot.py ...................... [ 90%]
2025-01-13T19:37:55.2573290Z .............................                                            [ 91%]
2025-01-13T19:37:58.9393010Z tardis/visualization/tools/tests/test_rpacket_plot.py .................. [ 92%]
2025-01-13T19:38:07.2711850Z ....                                                                     [ 92%]
2025-01-13T19:38:11.7576030Z tardis/visualization/tools/tests/test_sdec_plot.py ..................... [ 94%]
2025-01-13T19:38:17.4056480Z ..............................                                           [ 95%]
2025-01-13T19:38:17.7631510Z tardis/visualization/widgets/tests/test_custom_abundance.py ........ss.. [ 96%]
2025-01-13T19:38:17.8002780Z ....                                                                     [ 96%]
2025-01-13T19:38:18.5242940Z tardis/visualization/widgets/tests/test_line_info.py ................... [ 97%]
2025-01-13T19:38:18.9743580Z ..................                                                       [ 98%]
2025-01-13T19:41:23.8690380Z tardis/visualization/widgets/tests/test_shell_info.py .................. [ 99%]
2025-01-13T19:41:30.4150050Z ......                                                                   [100%]
2025-01-13T19:41:30.4150550Z 
2025-01-13T19:41:30.4150770Z =================================== FAILURES ===================================
2025-01-13T19:41:30.4151300Z _____________________ test_calculate_sobolev_line_opacity ______________________
2025-01-13T19:41:30.4151640Z 
2025-01-13T19:41:30.4151990Z nb_simulation_verysimple = <tardis.simulation.base.Simulation object at 0x312fa6750>
2025-01-13T19:41:30.4152610Z regression_data = <tardis.tests.fixtures.regression_data.RegressionData object at 0x312f9f980>
2025-01-13T19:41:30.4153010Z 
2025-01-13T19:41:30.4153250Z     def test_calculate_sobolev_line_opacity(
2025-01-13T19:41:30.4153670Z         nb_simulation_verysimple, regression_data
2025-01-13T19:41:30.4154030Z     ):
2025-01-13T19:41:30.4154680Z         legacy_plasma = nb_simulation_verysimple.plasma
2025-01-13T19:41:30.4155090Z     
2025-01-13T19:41:30.4155460Z         actual = calculate_sobolev_line_opacity(
2025-01-13T19:41:30.4155830Z             legacy_plasma.lines,
2025-01-13T19:41:30.4156250Z             legacy_plasma.level_number_density,
2025-01-13T19:41:30.4156610Z             legacy_plasma.time_explosion,
2025-01-13T19:41:30.4157040Z             legacy_plasma.stimulated_emission_factor,
2025-01-13T19:41:30.4157440Z         )
2025-01-13T19:41:30.4157780Z >       expected = regression_data.sync_dataframe(actual)
2025-01-13T19:41:30.4158080Z 
2025-01-13T19:41:30.4158270Z tardis/opacities/tests/test_tau_sobolev.py:21: 
2025-01-13T19:41:30.4158660Z _ _ _ _ _ _ _ _ _ _ _ _ _ _ _ _ _ _ _ _ _ _ _ _ _ _ _ _ _ _ _ _ _ _ _ _ _ _ _ _ 
2025-01-13T19:41:30.4159110Z tardis/tests/fixtures/regression_data.py:88: in sync_dataframe
2025-01-13T19:41:30.4159520Z     return pd.read_hdf(self.fpath, key=key)
2025-01-13T19:41:30.4172260Z _ _ _ _ _ _ _ _ _ _ _ _ _ _ _ _ _ _ _ _ _ _ _ _ _ _ _ _ _ _ _ _ _ _ _ _ _ _ _ _ 
2025-01-13T19:41:30.4172490Z 
2025-01-13T19:41:30.4172870Z path_or_buf = '/Users/runner/work/tardis/tardis/tardis-regression-data/test_tau_sobolev/test_calculate_sobolev_line_opacity.h5'
2025-01-13T19:41:30.4173440Z key = 'data', mode = 'r', errors = 'strict', where = None, start = None
2025-01-13T19:41:30.4173940Z stop = None, columns = None, iterator = False, chunksize = None, kwargs = {}
2025-01-13T19:41:30.4174290Z exists = False
2025-01-13T19:41:30.4174450Z 
2025-01-13T19:41:30.4174570Z     def read_hdf(
2025-01-13T19:41:30.4174880Z         path_or_buf: FilePath | HDFStore,
2025-01-13T19:41:30.4175160Z         key=None,
2025-01-13T19:41:30.4175400Z         mode: str = "r",
2025-01-13T19:41:30.4175670Z         errors: str = "strict",
2025-01-13T19:41:30.4175990Z         where: str | list | None = None,
2025-01-13T19:41:30.4176290Z         start: int | None = None,
2025-01-13T19:41:30.4176580Z         stop: int | None = None,
2025-01-13T19:41:30.4176850Z         columns: list[str] | None = None,
2025-01-13T19:41:30.4177150Z         iterator: bool = False,
2025-01-13T19:41:30.4177510Z         chunksize: int | None = None,
2025-01-13T19:41:30.4178890Z         **kwargs,
2025-01-13T19:41:30.4179090Z     ):
2025-01-13T19:41:30.4179330Z         """
2025-01-13T19:41:30.4179570Z         Read from the store, close it if we opened it.
2025-01-13T19:41:30.4179870Z     
2025-01-13T19:41:30.4180110Z         Retrieve pandas object stored in file, optionally based on where
2025-01-13T19:41:30.4180450Z         criteria.
2025-01-13T19:41:30.4180630Z     
2025-01-13T19:41:30.4186440Z         .. warning::
2025-01-13T19:41:30.4186650Z     
2025-01-13T19:41:30.4186970Z            Pandas uses PyTables for reading and writing HDF5 files, which allows
2025-01-13T19:41:30.4187400Z            serializing object-dtype data with pickle when using the "fixed" format.
2025-01-13T19:41:30.4187840Z            Loading pickled data received from untrusted sources can be unsafe.
2025-01-13T19:41:30.4195860Z     
2025-01-13T19:41:30.4196270Z            See: https://docs.python.org/3/library/pickle.html for more.
2025-01-13T19:41:30.4196610Z     
2025-01-13T19:41:30.4196760Z         Parameters
2025-01-13T19:41:30.4196990Z         ----------
2025-01-13T19:41:30.4197200Z         path_or_buf : str, path object, pandas.HDFStore
2025-01-13T19:41:30.4197690Z             Any valid string path is acceptable. Only supports the local file system,
2025-01-13T19:41:30.4198120Z             remote URLs and file-like objects are not supported.
2025-01-13T19:41:30.4198400Z     
2025-01-13T19:41:30.4198670Z             If you want to pass in a path object, pandas accepts any
2025-01-13T19:41:30.4198980Z             ``os.PathLike``.
2025-01-13T19:41:30.4199230Z     
2025-01-13T19:41:30.4199510Z             Alternatively, pandas accepts an open :class:`pandas.HDFStore` object.
2025-01-13T19:41:30.4199900Z     
2025-01-13T19:41:30.4200080Z         key : object, optional
2025-01-13T19:41:30.4200420Z             The group identifier in the store. Can be omitted if the HDF file
2025-01-13T19:41:30.4200740Z             contains a single pandas object.
2025-01-13T19:41:30.4201030Z         mode : {'r', 'r+', 'a'}, default 'r'
2025-01-13T19:41:30.4201330Z             Mode to use when opening the file. Ignored if path_or_buf is a
2025-01-13T19:41:30.4201730Z             :class:`pandas.HDFStore`. Default is 'r'.
2025-01-13T19:41:30.4201990Z         errors : str, default 'strict'
2025-01-13T19:41:30.4202330Z             Specifies how encoding and decoding errors are to be handled.
2025-01-13T19:41:30.4202670Z             See the errors argument for :func:`open` for a full list
2025-01-13T19:41:30.4202970Z             of options.
2025-01-13T19:41:30.4203170Z         where : list, optional
2025-01-13T19:41:30.4203440Z             A list of Term (or convertible) objects.
2025-01-13T19:41:30.4203730Z         start : int, optional
2025-01-13T19:41:30.4203940Z             Row number to start selection.
2025-01-13T19:41:30.4204420Z         stop  : int, optional
2025-01-13T19:41:30.4204630Z             Row number to stop selection.
2025-01-13T19:41:30.4204910Z         columns : list, optional
2025-01-13T19:41:30.4205190Z             A list of columns names to return.
2025-01-13T19:41:30.4205430Z         iterator : bool, optional
2025-01-13T19:41:30.4205770Z             Return an iterator object.
2025-01-13T19:41:30.4206040Z         chunksize : int, optional
2025-01-13T19:41:30.4206370Z             Number of rows to include in an iteration when using an iterator.
2025-01-13T19:41:30.4206670Z         **kwargs
2025-01-13T19:41:30.4206950Z             Additional keyword arguments passed to HDFStore.
2025-01-13T19:41:30.4207220Z     
2025-01-13T19:41:30.4207400Z         Returns
2025-01-13T19:41:30.4207570Z         -------
2025-01-13T19:41:30.4207770Z         object
2025-01-13T19:41:30.4208000Z             The selected object. Return type depends on the object stored.
2025-01-13T19:41:30.4208330Z     
2025-01-13T19:41:30.4208480Z         See Also
2025-01-13T19:41:30.4208680Z         --------
2025-01-13T19:41:30.4208910Z         DataFrame.to_hdf : Write a HDF file from a DataFrame.
2025-01-13T19:41:30.4209240Z         HDFStore : Low-level access to HDF files.
2025-01-13T19:41:30.4209480Z     
2025-01-13T19:41:30.4209720Z         Examples
2025-01-13T19:41:30.4209880Z         --------
2025-01-13T19:41:30.4210170Z         >>> df = pd.DataFrame([[1, 1.0, 'a']], columns=['x', 'y', 'z'])  # doctest: +SKIP
2025-01-13T19:41:30.4210490Z         >>> df.to_hdf('./store.h5', 'data')  # doctest: +SKIP
2025-01-13T19:41:30.4210830Z         >>> reread = pd.read_hdf('./store.h5')  # doctest: +SKIP
2025-01-13T19:41:30.4211080Z         """
2025-01-13T19:41:30.4211300Z         if mode not in ["r", "r+", "a"]:
2025-01-13T19:41:30.4211560Z             raise ValueError(
2025-01-13T19:41:30.4211850Z                 f"mode {mode} is not allowed while performing a read. "
2025-01-13T19:41:30.4212140Z                 f"Allowed modes are r, r+ and a."
2025-01-13T19:41:30.4212620Z             )
2025-01-13T19:41:30.4213050Z         # grab the scope
2025-01-13T19:41:30.4234320Z         if where is not None:
2025-01-13T19:41:30.4234610Z             where = _ensure_term(where, scope_level=1)
2025-01-13T19:41:30.4234900Z     
2025-01-13T19:41:30.4235130Z         if isinstance(path_or_buf, HDFStore):
2025-01-13T19:41:30.4235460Z             if not path_or_buf.is_open:
2025-01-13T19:41:30.4235800Z                 raise OSError("The HDFStore must be open for reading.")
2025-01-13T19:41:30.4236180Z     
2025-01-13T19:41:30.4236370Z             store = path_or_buf
2025-01-13T19:41:30.4236650Z             auto_close = False
2025-01-13T19:41:30.4236890Z         else:
2025-01-13T19:41:30.4237160Z             path_or_buf = stringify_path(path_or_buf)
2025-01-13T19:41:30.4237430Z             if not isinstance(path_or_buf, str):
2025-01-13T19:41:30.4237760Z                 raise NotImplementedError(
2025-01-13T19:41:30.4238090Z                     "Support for generic buffers has not been implemented."
2025-01-13T19:41:30.4238500Z                 )
2025-01-13T19:41:30.4238690Z             try:
2025-01-13T19:41:30.4238980Z                 exists = os.path.exists(path_or_buf)
2025-01-13T19:41:30.4239230Z     
2025-01-13T19:41:30.4239420Z             # if filepath is too long
2025-01-13T19:41:30.4239690Z             except (TypeError, ValueError):
2025-01-13T19:41:30.4239980Z                 exists = False
2025-01-13T19:41:30.4240160Z     
2025-01-13T19:41:30.4240320Z             if not exists:
2025-01-13T19:41:30.4240580Z >               raise FileNotFoundError(f"File {path_or_buf} does not exist")
2025-01-13T19:41:30.4241300Z E               FileNotFoundError: File /Users/runner/work/tardis/tardis/tardis-regression-data/test_tau_sobolev/test_calculate_sobolev_line_opacity.h5 does not exist
2025-01-13T19:41:30.4241810Z 
2025-01-13T19:41:30.4242090Z ../../../micromamba/envs/tardis/lib/python3.12/site-packages/pandas/io/pytables.py:424: FileNotFoundError
2025-01-13T19:41:30.4242900Z ---------------------------- Captured stdout setup -----------------------------
2025-01-13T19:41:30.4245780Z [[1mtardis.io.model.parse_density_configuration[0m][[1;33mWARNING[0m]  
2025-01-13T19:41:30.4246390Z 	Number of density points larger than number of shells. Assuming inner point irrelevant ([1mparse_density_configuration.py[0m:114)
2025-01-13T19:41:30.4246900Z ---------------------------- Captured stderr setup -----------------------------
2025-01-13T19:41:30.4247110Z 
2025-01-13T19:41:30.4272450Z Iterations:â–ˆâ–ˆâ–ˆâ–ˆâ–ˆâ–ˆâ–ˆâ–ˆâ–ˆâ–ˆâ–ˆâ–ˆâ–ˆâ–ˆâ–ˆâ–ˆâ–ˆâ–ˆâ–ˆâ–ˆâ–ˆâ–ˆâ–ˆâ–ˆâ–ˆâ–ˆâ–ˆâ–ˆâ–ˆâ–ˆâ–ˆâ–ˆâ–ˆâ–ˆâ–ˆâ–ˆâ–ˆâ–ˆâ–ˆâ–ˆâ–ˆâ–ˆâ–ˆâ–ˆâ–ˆâ–ˆâ–ˆâ–ˆâ–ˆâ–ˆâ–ˆâ–ˆâ–ˆâ–ˆâ–ˆâ–ˆâ–ˆâ–ˆâ–ˆâ–ˆâ–ˆâ–ˆâ–ˆâ–ˆ                4/5 [00:12<00:02,  2.82s/it]
2025-01-13T19:41:30.4272700Z 
2025-01-13T19:41:30.4272980Z Packets:                                                                                   4030/? [00:12<00:00, 35743.22it/s][A
2025-01-13T19:41:30.4273300Z ------------------------------ Captured log setup ------------------------------
2025-01-13T19:41:30.4273920Z WARNING  tardis.io.model.parse_density_configuration:parse_density_configuration.py:114 Number of density points larger than number of shells. Assuming inner point irrelevant
2025-01-13T19:41:30.4274510Z _________________________ test_calculate_beta_sobolevs _________________________
2025-01-13T19:41:30.4274710Z 
2025-01-13T19:41:30.4274950Z nb_simulation_verysimple = <tardis.simulation.base.Simulation object at 0x312fa6750>
2025-01-13T19:41:30.4275410Z regression_data = <tardis.tests.fixtures.regression_data.RegressionData object at 0x312fc4b90>
2025-01-13T19:41:30.4275690Z 
2025-01-13T19:41:30.4275840Z     def test_calculate_beta_sobolevs(nb_simulation_verysimple, regression_data):
2025-01-13T19:41:30.4276160Z         legacy_plasma = nb_simulation_verysimple.plasma
2025-01-13T19:41:30.4276360Z     
2025-01-13T19:41:30.4276570Z         tau_sobolevs = calculate_sobolev_line_opacity(
2025-01-13T19:41:30.4276780Z             legacy_plasma.lines,
2025-01-13T19:41:30.4276970Z             legacy_plasma.level_number_density,
2025-01-13T19:41:30.4277180Z             legacy_plasma.time_explosion,
2025-01-13T19:41:30.4277920Z             legacy_plasma.stimulated_emission_factor,
2025-01-13T19:41:30.4278200Z         )
2025-01-13T19:41:30.4278400Z         actual = calculate_beta_sobolev(tau_sobolevs)
2025-01-13T19:41:30.4278630Z >       expected = regression_data.sync_ndarray(actual)
2025-01-13T19:41:30.4278790Z 
2025-01-13T19:41:30.4278960Z tardis/opacities/tests/test_tau_sobolev.py:35: 
2025-01-13T19:41:30.4279260Z _ _ _ _ _ _ _ _ _ _ _ _ _ _ _ _ _ _ _ _ _ _ _ _ _ _ _ _ _ _ _ _ _ _ _ _ _ _ _ _ 
2025-01-13T19:41:30.4279600Z tardis/tests/fixtures/regression_data.py:111: in sync_ndarray
2025-01-13T19:41:30.4279900Z     return np.load(self.fpath)
2025-01-13T19:41:30.4280200Z _ _ _ _ _ _ _ _ _ _ _ _ _ _ _ _ _ _ _ _ _ _ _ _ _ _ _ _ _ _ _ _ _ _ _ _ _ _ _ _ 
2025-01-13T19:41:30.4280410Z 
2025-01-13T19:41:30.4280720Z file = PosixPath('/Users/runner/work/tardis/tardis/tardis-regression-data/test_tau_sobolev/test_calculate_beta_sobolevs.npy')
2025-01-13T19:41:30.4281330Z mmap_mode = None, allow_pickle = False, fix_imports = True, encoding = 'ASCII'
2025-01-13T19:41:30.4281630Z 
2025-01-13T19:41:30.4281690Z     @set_module('numpy')
2025-01-13T19:41:30.4282040Z     def load(file, mmap_mode=None, allow_pickle=False, fix_imports=True,
2025-01-13T19:41:30.4282360Z              encoding='ASCII', *, max_header_size=format._MAX_HEADER_SIZE):
2025-01-13T19:41:30.4282710Z         """
2025-01-13T19:41:30.4282970Z         Load arrays or pickled objects from ``.npy``, ``.npz`` or pickled files.
2025-01-13T19:41:30.4283290Z     
2025-01-13T19:41:30.4283530Z         .. warning:: Loading files that contain object arrays uses the ``pickle``
2025-01-13T19:41:30.4283850Z                      module, which is not secure against erroneous or maliciously
2025-01-13T19:41:30.4284160Z                      constructed data. Consider passing ``allow_pickle=False`` to
2025-01-13T19:41:30.4284460Z                      load data that is known not to contain object arrays for the
2025-01-13T19:41:30.4284770Z                      safer handling of untrusted sources.
2025-01-13T19:41:30.4285160Z     
2025-01-13T19:41:30.4285280Z         Parameters
2025-01-13T19:41:30.4285410Z         ----------
2025-01-13T19:41:30.4285620Z         file : file-like object, string, or pathlib.Path
2025-01-13T19:41:30.4285880Z             The file to read. File-like objects must support the
2025-01-13T19:41:30.4286190Z             ``seek()`` and ``read()`` methods and must always
2025-01-13T19:41:30.4286450Z             be opened in binary mode.  Pickled files require that the
2025-01-13T19:41:30.4286740Z             file-like object support the ``readline()`` method as well.
2025-01-13T19:41:30.4287020Z         mmap_mode : {None, 'r+', 'r', 'w+', 'c'}, optional
2025-01-13T19:41:30.4287360Z             If not None, then memory-map the file, using the given mode (see
2025-01-13T19:41:30.4287680Z             `numpy.memmap` for a detailed description of the modes).  A
2025-01-13T19:41:30.4287990Z             memory-mapped array is kept on disk. However, it can be accessed
2025-01-13T19:41:30.4288340Z             and sliced like any ndarray.  Memory mapping is especially useful
2025-01-13T19:41:30.4288660Z             for accessing small fragments of large files without reading the
2025-01-13T19:41:30.4289030Z             entire file into memory.
2025-01-13T19:41:30.4289340Z         allow_pickle : bool, optional
2025-01-13T19:41:30.4289660Z             Allow loading pickled object arrays stored in npy files. Reasons for
2025-01-13T19:41:30.4290090Z             disallowing pickles include security, as loading pickled data can
2025-01-13T19:41:30.4290430Z             execute arbitrary code. If pickles are disallowed, loading object
2025-01-13T19:41:30.4290790Z             arrays will fail. Default: False
2025-01-13T19:41:30.4291020Z     
2025-01-13T19:41:30.4291200Z             .. versionchanged:: 1.16.3
2025-01-13T19:41:30.4291480Z                 Made default False in response to CVE-2019-6446.
2025-01-13T19:41:30.4291730Z     
2025-01-13T19:41:30.4292090Z         fix_imports : bool, optional
2025-01-13T19:41:30.4292360Z             Only useful when loading Python 2 generated pickled files on Python 3,
2025-01-13T19:41:30.4292720Z             which includes npy/npz files containing object arrays. If `fix_imports`
2025-01-13T19:41:30.4293060Z             is True, pickle will try to map the old Python 2 names to the new names
2025-01-13T19:41:30.4293320Z             used in Python 3.
2025-01-13T19:41:30.4293480Z         encoding : str, optional
2025-01-13T19:41:30.4293730Z             What encoding to use when reading Python 2 strings. Only useful when
2025-01-13T19:41:30.4294060Z             loading Python 2 generated pickled files in Python 3, which includes
2025-01-13T19:41:30.4294390Z             npy/npz files containing object arrays. Values other than 'latin1',
2025-01-13T19:41:30.4294780Z             'ASCII', and 'bytes' are not allowed, as they can corrupt numerical
2025-01-13T19:41:30.4295040Z             data. Default: 'ASCII'
2025-01-13T19:41:30.4295230Z         max_header_size : int, optional
2025-01-13T19:41:30.4295490Z             Maximum allowed size of the header.  Large headers may not be safe
2025-01-13T19:41:30.4295820Z             to load securely and thus require explicitly passing a larger value.
2025-01-13T19:41:30.4296100Z             See :py:func:`ast.literal_eval()` for details.
2025-01-13T19:41:30.4296390Z             This option is ignored when `allow_pickle` is passed.  In that case
2025-01-13T19:41:30.4296700Z             the file is by definition trusted and the limit is unnecessary.
2025-01-13T19:41:30.4296930Z     
2025-01-13T19:41:30.4297040Z         Returns
2025-01-13T19:41:30.4297170Z         -------
2025-01-13T19:41:30.4297310Z         result : array, tuple, dict, etc.
2025-01-13T19:41:30.4297560Z             Data stored in the file. For ``.npz`` files, the returned instance
2025-01-13T19:41:30.4297880Z             of NpzFile class must be closed to avoid leaking file descriptors.
2025-01-13T19:41:30.4298110Z     
2025-01-13T19:41:30.4298370Z         Raises
2025-01-13T19:41:30.4298480Z         ------
2025-01-13T19:41:30.4298600Z         OSError
2025-01-13T19:41:30.4298770Z             If the input file does not exist or cannot be read.
2025-01-13T19:41:30.4298990Z         UnpicklingError
2025-01-13T19:41:30.4299210Z             If ``allow_pickle=True``, but the file cannot be loaded as a pickle.
2025-01-13T19:41:30.4299450Z         ValueError
2025-01-13T19:41:30.4299670Z             The file contains an object array, but ``allow_pickle=False`` given.
2025-01-13T19:41:30.4299910Z         EOFError
2025-01-13T19:41:30.4300110Z             When calling ``np.load`` multiple times on the same file handle,
2025-01-13T19:41:30.4300370Z             if all data has already been read
2025-01-13T19:41:30.4300550Z     
2025-01-13T19:41:30.4300660Z         See Also
2025-01-13T19:41:30.4300780Z         --------
2025-01-13T19:41:30.4300930Z         save, savez, savez_compressed, loadtxt
2025-01-13T19:41:30.4301200Z         memmap : Create a memory-map to an array stored in a file on disk.
2025-01-13T19:41:30.4301540Z         lib.format.open_memmap : Create or load a memory-mapped ``.npy`` file.
2025-01-13T19:41:30.4301790Z     
2025-01-13T19:41:30.4301900Z         Notes
2025-01-13T19:41:30.4302020Z         -----
2025-01-13T19:41:30.4302210Z         - If the file contains pickle data, then whatever object is stored
2025-01-13T19:41:30.4302460Z           in the pickle is returned.
2025-01-13T19:41:30.4302700Z         - If the file is a ``.npy`` file, then a single array is returned.
2025-01-13T19:41:30.4302990Z         - If the file is a ``.npz`` file, then a dictionary-like object is
2025-01-13T19:41:30.4303310Z           returned, containing ``{filename: array}`` key-value pairs, one for
2025-01-13T19:41:30.4303580Z           each file in the archive.
2025-01-13T19:41:30.4303810Z         - If the file is a ``.npz`` file, the returned value supports the
2025-01-13T19:41:30.4304140Z           context manager protocol in a similar fashion to the open function::
2025-01-13T19:41:30.4304540Z     
2025-01-13T19:41:30.4304680Z             with load('foo.npz') as data:
2025-01-13T19:41:30.4304860Z                 a = data['a']
2025-01-13T19:41:30.4305010Z     
2025-01-13T19:41:30.4305250Z           The underlying file descriptor is closed when exiting the 'with'
2025-01-13T19:41:30.4305500Z           block.
2025-01-13T19:41:30.4305620Z     
2025-01-13T19:41:30.4305720Z         Examples
2025-01-13T19:41:30.4305850Z         --------
2025-01-13T19:41:30.4305990Z         Store data to disk, and load it again:
2025-01-13T19:41:30.4306170Z     
2025-01-13T19:41:30.4306320Z         >>> np.save('/tmp/123', np.array([[1, 2, 3], [4, 5, 6]]))
2025-01-13T19:41:30.4306540Z         >>> np.load('/tmp/123.npy')
2025-01-13T19:41:30.4306710Z         array([[1, 2, 3],
2025-01-13T19:41:30.4306860Z                [4, 5, 6]])
2025-01-13T19:41:30.4306990Z     
2025-01-13T19:41:30.4307150Z         Store compressed data to disk, and load it again:
2025-01-13T19:41:30.4307350Z     
2025-01-13T19:41:30.4307480Z         >>> a=np.array([[1, 2, 3], [4, 5, 6]])
2025-01-13T19:41:30.4307670Z         >>> b=np.array([1, 2])
2025-01-13T19:41:30.4307840Z         >>> np.savez('/tmp/123.npz', a=a, b=b)
2025-01-13T19:41:30.4308040Z         >>> data = np.load('/tmp/123.npz')
2025-01-13T19:41:30.4308220Z         >>> data['a']
2025-01-13T19:41:30.4308360Z         array([[1, 2, 3],
2025-01-13T19:41:30.4308500Z                [4, 5, 6]])
2025-01-13T19:41:30.4308640Z         >>> data['b']
2025-01-13T19:41:30.4308780Z         array([1, 2])
2025-01-13T19:41:30.4308910Z         >>> data.close()
2025-01-13T19:41:30.4309050Z     
2025-01-13T19:41:30.4309210Z         Mem-map the stored array, and then access the second row
2025-01-13T19:41:30.4309440Z         directly from disk:
2025-01-13T19:41:30.4309580Z     
2025-01-13T19:41:30.4309720Z         >>> X = np.load('/tmp/123.npy', mmap_mode='r')
2025-01-13T19:41:30.4309910Z         >>> X[1, :]
2025-01-13T19:41:30.4310040Z         memmap([4, 5, 6])
2025-01-13T19:41:30.4310250Z     
2025-01-13T19:41:30.4310360Z         """
2025-01-13T19:41:30.4310520Z         if encoding not in ('ASCII', 'latin1', 'bytes'):
2025-01-13T19:41:30.4310780Z             # The 'encoding' value for pickle also affects what encoding
2025-01-13T19:41:30.4311070Z             # the serialized binary data of NumPy arrays is loaded
2025-01-13T19:41:30.4311340Z             # in. Pickle does not pass on the encoding information to
2025-01-13T19:41:30.4311620Z             # NumPy. The unpickling code in numpy.core.multiarray is
2025-01-13T19:41:30.4311910Z             # written to assume that unicode data appearing where binary
2025-01-13T19:41:30.4312210Z             # should be is in 'latin1'. 'bytes' is also safe, as is 'ASCII'.
2025-01-13T19:41:30.4312440Z             #
2025-01-13T19:41:30.4312610Z             # Other encoding values can corrupt binary data, and we
2025-01-13T19:41:30.4312900Z             # purposefully disallow them. For the same reason, the errors=
2025-01-13T19:41:30.4313200Z             # argument is not exposed, as values other than 'strict'
2025-01-13T19:41:30.4313480Z             # result can similarly silently corrupt numerical data.
2025-01-13T19:41:30.4313780Z             raise ValueError("encoding must be 'ASCII', 'latin1', or 'bytes'")
2025-01-13T19:41:30.4314030Z     
2025-01-13T19:41:30.4314210Z         pickle_kwargs = dict(encoding=encoding, fix_imports=fix_imports)
2025-01-13T19:41:30.4314450Z     
2025-01-13T19:41:30.4314580Z         with contextlib.ExitStack() as stack:
2025-01-13T19:41:30.4314780Z             if hasattr(file, 'read'):
2025-01-13T19:41:30.4314950Z                 fid = file
2025-01-13T19:41:30.4315100Z                 own_fid = False
2025-01-13T19:41:30.4315260Z             else:
2025-01-13T19:41:30.4315440Z >               fid = stack.enter_context(open(os_fspath(file), "rb"))
2025-01-13T19:41:30.4316010Z E               FileNotFoundError: [Errno 2] No such file or directory: '/Users/runner/work/tardis/tardis/tardis-regression-data/test_tau_sobolev/test_calculate_beta_sobolevs.npy'
2025-01-13T19:41:30.4316640Z 
2025-01-13T19:41:30.4316880Z ../../../micromamba/envs/tardis/lib/python3.12/site-packages/numpy/lib/npyio.py:427: FileNotFoundError
2025-01-13T19:41:30.4317260Z =============================== warnings summary ===============================
2025-01-13T19:41:30.4317510Z tardis/io/configuration/config_validator.py:6
2025-01-13T19:41:30.4317740Z tardis/io/configuration/config_validator.py:6
2025-01-13T19:41:30.4318130Z   /Users/runner/work/tardis/tardis/tardis/io/configuration/config_validator.py:6: DeprecationWarning:
2025-01-13T19:41:30.4318500Z   
2025-01-13T19:41:30.4319470Z   jsonschema.RefResolver is deprecated as of v4.18.0, in favor of the https://github.com/python-jsonschema/referencing library, which provides more compliant referencing behavior as well as more flexible APIs for customization. A future release will remove RefResolver. Please file a feature request (on referencing) if you are missing an API for the kind of customization you need.
2025-01-13T19:41:30.4320520Z 
2025-01-13T19:41:30.4320710Z ../../../micromamba/envs/tardis/lib/python3.12/site-packages/jupyter_client/connect.py:22
2025-01-13T19:41:30.4321250Z   /Users/runner/micromamba/envs/tardis/lib/python3.12/site-packages/jupyter_client/connect.py:22: DeprecationWarning:
2025-01-13T19:41:30.4321650Z   
2025-01-13T19:41:30.4321830Z   Jupyter is migrating its paths to use standard platformdirs
2025-01-13T19:41:30.4322130Z   given by the platformdirs library.  To remove this warning and
2025-01-13T19:41:30.4322440Z   see the appropriate new directories, set the environment variable
2025-01-13T19:41:30.4322740Z   `JUPYTER_PLATFORM_DIRS=1` and then run `jupyter --paths`.
2025-01-13T19:41:30.4323050Z   The use of platformdirs will be the default in `jupyter_core` v6
2025-01-13T19:41:30.4323240Z 
2025-01-13T19:41:30.4323360Z tardis/io/tests/test_HDFWriter.py::test_multi_index_write
2025-01-13T19:41:30.4323740Z tardis/visualization/widgets/tests/test_shell_info.py::TestHDFShellInfo::test_shells_data
2025-01-13T19:41:30.4324640Z   /Users/runner/work/tardis/tardis/tardis/io/util.py:276: PerformanceWarning:
2025-01-13T19:41:30.4324920Z   
2025-01-13T19:41:30.4325030Z   
2025-01-13T19:41:30.4325240Z   your performance may suffer as PyTables will pickle object types that it cannot
2025-01-13T19:41:30.4325680Z   map directly to c-types [inferred_type->mixed,key->block0_values] [items->Index([0], dtype='int64')]
2025-01-13T19:41:30.4325950Z 
2025-01-13T19:41:30.4326110Z tardis/io/tests/test_model_reader.py::test_read_cmfgen_isotope_abundances
2025-01-13T19:41:30.4326500Z tardis/plasma/tests/test_tardis_model_density_config.py::test_electron_densities
2025-01-13T19:41:30.4326910Z tardis/plasma/tests/test_tardis_model_density_config.py::test_isotope_number_densities
2025-01-13T19:41:30.4327300Z tardis/plasma/tests/test_tardis_model_density_config.py::test_t_rad
2025-01-13T19:41:30.4327750Z   /Users/runner/work/tardis/tardis/tardis/io/model/readers/cmfgen_deprecated.py:82: DeprecationWarning:
2025-01-13T19:41:30.4328110Z   
2025-01-13T19:41:30.4328260Z   The current CMFGEN model parser is deprecated
2025-01-13T19:41:30.4328410Z 
2025-01-13T19:41:30.4328490Z tardis/io/tests/test_model_reader.py: 1 warning
2025-01-13T19:41:30.4328770Z tardis/plasma/tests/test_tardis_model_density_config.py: 9 warnings
2025-01-13T19:41:30.4329220Z   /Users/runner/work/tardis/tardis/tardis/io/model/readers/cmfgen_deprecated.py:40: DeprecationWarning:
2025-01-13T19:41:30.4329580Z   
2025-01-13T19:41:30.4329720Z   The current CMFGEN model parser is deprecated
2025-01-13T19:41:30.4329860Z 
2025-01-13T19:41:30.4330020Z tardis/model/tests/test_base.py::TestModelFromPaper1Config::test_abundances
2025-01-13T19:41:30.4330540Z   /Users/runner/work/tardis/tardis/tardis/transport/montecarlo/montecarlo_main_loop.py:123: NumbaTypeSafetyWarning:
2025-01-13T19:41:30.4330940Z   
2025-01-13T19:41:30.4331340Z   [1m[1m[1munsafe cast from uint64 to int64. Precision may be lost.[0m[0m[0m
2025-01-13T19:41:30.4331560Z 
2025-01-13T19:41:30.4331840Z tardis/model/tests/test_base.py: 6 warnings
2025-01-13T19:41:30.4332080Z tardis/model/tests/test_csvy_model.py: 2 warnings
2025-01-13T19:41:30.4332370Z tardis/plasma/tests/test_tardis_model_density_config.py: 3 warnings
2025-01-13T19:41:30.4332790Z   /Users/runner/work/tardis/tardis/tardis/model/geometry/radial1d.py:50: DeprecationWarning:
2025-01-13T19:41:30.4333110Z   
2025-01-13T19:41:30.4333410Z   v_inner_boundary < 0, assuming default value
2025-01-13T19:41:30.4333690Z 
2025-01-13T19:41:30.4333760Z tardis/model/tests/test_base.py: 6 warnings
2025-01-13T19:41:30.4334170Z tardis/model/tests/test_csvy_model.py: 2 warnings
2025-01-13T19:41:30.4334470Z tardis/plasma/tests/test_tardis_model_density_config.py: 3 warnings
2025-01-13T19:41:30.4334990Z   /Users/runner/work/tardis/tardis/tardis/model/geometry/radial1d.py:61: DeprecationWarning:
2025-01-13T19:41:30.4341530Z   
2025-01-13T19:41:30.4341730Z   v_outer_boundary < 0, assuming default value
2025-01-13T19:41:30.4341880Z 
2025-01-13T19:41:30.4342270Z tardis/plasma/equilibrium/tests/test_level_populations.py::TestLevelPopulationSolver::test_solve[collisional_rate_solver0-radiative_transitions0]
2025-01-13T19:41:30.4342940Z   /Users/runner/work/tardis/tardis/tardis/plasma/equilibrium/level_populations.py:65: FutureWarning:
2025-01-13T19:41:30.4343290Z   
2025-01-13T19:41:30.4343560Z   A value is trying to be set on a copy of a DataFrame or Series through chained assignment using an inplace method.
2025-01-13T19:41:30.4344200Z   The behavior will change in pandas 3.0. This inplace method will never work because the intermediate object on which we are setting values always behaves as a copy.
2025-01-13T19:41:30.4344660Z   
2025-01-13T19:41:30.4345140Z   For example, when doing 'df[col].method(value, inplace=True)', try using 'df.method({col: value}, inplace=True)' or df[col] = df[col].method(value) instead, to perform the operation inplace on the original object.
2025-01-13T19:41:30.4345620Z 
2025-01-13T19:41:30.4345730Z tardis/plasma/tests/test_complete_plasmas.py: 20 warnings
2025-01-13T19:41:30.4346380Z   /Users/runner/work/tardis/tardis/tardis/plasma/tests/test_complete_plasmas.py:197: UserWarning:
2025-01-13T19:41:30.4346710Z   
2025-01-13T19:41:30.4346830Z   Property "atomic_mass" not found
2025-01-13T19:41:30.4346950Z 
2025-01-13T19:41:30.4347290Z tardis/plasma/tests/test_complete_plasmas.py::TestPlasma::test_plasma_properties[radiative_rates_type:detailed-w_epsilon:1e-10-j_blues_norm_factor]
2025-01-13T19:41:30.4348000Z tardis/plasma/tests/test_complete_plasmas.py::TestPlasma::test_plasma_properties[radiative_rates_type:detailed-j_blues_norm_factor]
2025-01-13T19:41:30.4348580Z   /Users/runner/work/tardis/tardis/tardis/plasma/tests/test_complete_plasmas.py:197: UserWarning:
2025-01-13T19:41:30.4348910Z   
2025-01-13T19:41:30.4349040Z   Property "j_blues_norm_factor" not found
2025-01-13T19:41:30.4349180Z 
2025-01-13T19:41:30.4349510Z tardis/plasma/tests/test_complete_plasmas.py::TestPlasma::test_plasma_properties[radiative_rates_type:detailed-w_epsilon:1e-10-j_blue_estimator]
2025-01-13T19:41:30.4350200Z tardis/plasma/tests/test_complete_plasmas.py::TestPlasma::test_plasma_properties[radiative_rates_type:detailed-j_blue_estimator]
2025-01-13T19:41:30.4350780Z   /Users/runner/work/tardis/tardis/tardis/plasma/tests/test_complete_plasmas.py:197: UserWarning:
2025-01-13T19:41:30.4351110Z   
2025-01-13T19:41:30.4351240Z   Property "j_blue_estimator" not found
2025-01-13T19:41:30.4351370Z 
2025-01-13T19:41:30.4351680Z tardis/plasma/tests/test_complete_plasmas.py::TestPlasma::test_plasma_properties[radiative_rates_type:detailed-w_epsilon:1e-10-volume]
2025-01-13T19:41:30.4352320Z tardis/plasma/tests/test_complete_plasmas.py::TestPlasma::test_plasma_properties[radiative_rates_type:detailed-volume]
2025-01-13T19:41:30.4352870Z   /Users/runner/work/tardis/tardis/tardis/plasma/tests/test_complete_plasmas.py:197: UserWarning:
2025-01-13T19:41:30.4353210Z   
2025-01-13T19:41:30.4353330Z   Property "volume" not found
2025-01-13T19:41:30.4353440Z 
2025-01-13T19:41:30.4353930Z tardis/plasma/tests/test_complete_plasmas.py::TestPlasma::test_plasma_properties[radiative_rates_type:detailed-w_epsilon:1e-10-r_inner]
2025-01-13T19:41:30.4354580Z tardis/plasma/tests/test_complete_plasmas.py::TestPlasma::test_plasma_properties[radiative_rates_type:detailed-r_inner]
2025-01-13T19:41:30.4355130Z   /Users/runner/work/tardis/tardis/tardis/plasma/tests/test_complete_plasmas.py:197: UserWarning:
2025-01-13T19:41:30.4355470Z   
2025-01-13T19:41:30.4355580Z   Property "r_inner" not found
2025-01-13T19:41:30.4355700Z 
2025-01-13T19:41:30.4355860Z tardis/plasma/tests/test_plasma_vboundary.py::test_plasma_vboundary[2900-3750]
2025-01-13T19:41:30.4356260Z tardis/plasma/tests/test_plasma_vboundary.py::test_plasma_vboundary[2900-3850]
2025-01-13T19:41:30.4356650Z tardis/plasma/tests/test_plasma_vboundary.py::test_plasma_vboundary[2900-3900]
2025-01-13T19:41:30.4357070Z   /Users/runner/work/tardis/tardis/tardis/model/geometry/radial1d.py:71: UserWarning:
2025-01-13T19:41:30.4357370Z   
2025-01-13T19:41:30.4357590Z   Requesting inner boundary below inner shell. Extrapolating the inner cell
2025-01-13T19:41:30.4357810Z 
2025-01-13T19:41:30.4357980Z tardis/spectrum/tests/test_spectrum_solver.py::TestSpectrumSolver::test_solve
2025-01-13T19:41:30.4358370Z   /Users/runner/work/tardis/tardis/tardis/spectrum/base.py:70: UserWarning:
2025-01-13T19:41:30.4358640Z   
2025-01-13T19:41:30.4358960Z   SpectrumSolver.spectrum_virtual_packets is zero. Please run the montecarlo simulation with no_of_virtual_packets > 0
2025-01-13T19:41:30.4359280Z 
2025-01-13T19:41:30.4359450Z tardis/spectrum/tests/test_spectrum_solver.py::TestSpectrumSolver::test_solve
2025-01-13T19:41:30.4359830Z   /Users/runner/work/tardis/tardis/tardis/spectrum/base.py:111: UserWarning:
2025-01-13T19:41:30.4360100Z   
2025-01-13T19:41:30.4360440Z   SpectrumSolver.integrator: The FormalIntegrator is not yet available.Please run the montecarlo simulation at least once.
2025-01-13T19:41:30.4360780Z 
2025-01-13T19:41:30.4360950Z tardis/transport/montecarlo/tests/test_vpacket.py::test_trace_vpacket_volley
2025-01-13T19:41:30.4361330Z   <string>:3: NumbaPendingDeprecationWarning:
2025-01-13T19:41:30.4361520Z   
2025-01-13T19:41:30.4362480Z   [1m[1mCode using Numba extension API maybe depending on 'old_style' error-capturing, which is deprecated and will be replaced by 'new_style' in a future release. See details at https://numba.readthedocs.io/en/latest/reference/deprecation.html#deprecation-of-old-style-numba-captured-errors
2025-01-13T19:41:30.4363280Z   Exception origin:
2025-01-13T19:41:30.4363570Z     File "/Users/runner/micromamba/envs/tardis/lib/python3.12/inspect.py", line 3180, in _bind
2025-01-13T19:41:30.4363900Z       raise TypeError(msg) from None
2025-01-13T19:41:30.4364090Z   [0m[0m
2025-01-13T19:41:30.4364160Z 
2025-01-13T19:41:30.4364420Z tardis/visualization/tools/tests/test_sdec_plot.py::TestSDECPlotter::test_mpl_image[plotter_generate_plot_mpl4]
2025-01-13T19:41:30.4364970Z   /Users/runner/work/tardis/tardis/tardis/visualization/tools/sdec_plot.py:1225: RuntimeWarning:
2025-01-13T19:41:30.4365310Z   
2025-01-13T19:41:30.4366040Z   More than 20 figures have been opened. Figures created through the pyplot interface (`matplotlib.pyplot.figure`) are retained until explicitly closed and may consume too much memory. (To control this warning, see the rcParam `figure.max_open_warning`). Consider using `matplotlib.pyplot.close()`.
2025-01-13T19:41:30.4366760Z 
2025-01-13T19:41:30.4367050Z tardis/visualization/widgets/tests/test_custom_abundance.py::TestCustomAbundanceWidget::test_update_input_item_value
2025-01-13T19:41:30.4367670Z tardis/visualization/widgets/tests/test_custom_abundance.py::TestCustomAbundanceWidget::test_update_input_item_value
2025-01-13T19:41:30.4368280Z tardis/visualization/widgets/tests/test_custom_abundance.py::TestCustomAbundanceWidget::test_update_input_item_value
2025-01-13T19:41:30.4368890Z tardis/visualization/widgets/tests/test_custom_abundance.py::TestCustomAbundanceWidget::test_update_input_item_value
2025-01-13T19:41:30.4369840Z tardis/visualization/widgets/tests/test_custom_abundance.py::TestCustomAbundanceWidget::test_update_input_item_value
2025-01-13T19:41:30.4370460Z tardis/visualization/widgets/tests/test_custom_abundance.py::TestCustomAbundanceWidget::test_update_input_item_value
2025-01-13T19:41:30.4371080Z   /Users/runner/micromamba/envs/tardis/lib/python3.12/site-packages/traitlets/traitlets.py:1385: DeprecationWarning:
2025-01-13T19:41:30.4371470Z   
2025-01-13T19:41:30.4371680Z   Passing unrecognized arguments to super(Checkbox).__init__(icon='lock').
2025-01-13T19:41:30.4372030Z   object.__init__() takes exactly one argument (the instance to initialize)
2025-01-13T19:41:30.4372420Z   This is deprecated in traitlets 4.2.This error will be raised in a future release of traitlets.
2025-01-13T19:41:30.4372680Z 
2025-01-13T19:41:30.4372960Z tardis/visualization/widgets/tests/test_custom_abundance.py::TestCustomAbundanceWidget::test_update_input_item_value
2025-01-13T19:41:30.4373570Z tardis/visualization/widgets/tests/test_custom_abundance.py::TestCustomAbundanceWidget::test_update_input_item_value
2025-01-13T19:41:30.4374190Z   /Users/runner/micromamba/envs/tardis/lib/python3.12/site-packages/traitlets/traitlets.py:1385: DeprecationWarning:
2025-01-13T19:41:30.4374580Z   
2025-01-13T19:41:30.4374780Z   Passing unrecognized arguments to super(FloatText).__init__(min=0).
2025-01-13T19:41:30.4375130Z   object.__init__() takes exactly one argument (the instance to initialize)
2025-01-13T19:41:30.4375520Z   This is deprecated in traitlets 4.2.This error will be raised in a future release of traitlets.
2025-01-13T19:41:30.4375780Z 
2025-01-13T19:41:30.4376050Z tardis/visualization/widgets/tests/test_custom_abundance.py::TestCustomAbundanceWidget::test_update_input_item_value
2025-01-13T19:41:30.4376670Z   /Users/runner/micromamba/envs/tardis/lib/python3.12/site-packages/traitlets/traitlets.py:1385: DeprecationWarning:
2025-01-13T19:41:30.4377060Z   
2025-01-13T19:41:30.4377260Z   Passing unrecognized arguments to super(HTML).__init__(indent=True).
2025-01-13T19:41:30.4377670Z   object.__init__() takes exactly one argument (the instance to initialize)
2025-01-13T19:41:30.4378060Z   This is deprecated in traitlets 4.2.This error will be raised in a future release of traitlets.
2025-01-13T19:41:30.4378320Z 
2025-01-13T19:41:30.4378660Z tardis/visualization/widgets/tests/test_line_info.py::TestLineInfoWidgetData::test_get_species_interactions[wavelength_range0-packet_out_nu]
2025-01-13T19:41:30.4379320Z   /Users/runner/micromamba/envs/tardis/lib/python3.12/site-packages/qgridnext/grid.py:825: DeprecationWarning:
2025-01-13T19:41:30.4379690Z   
2025-01-13T19:41:30.4379970Z   QgridWidget._grid_options_changed is deprecated in traitlets 4.1: use @observe and @unobserve instead.
2025-01-13T19:41:30.4380250Z 
2025-01-13T19:41:30.4380460Z tardis/visualization/widgets/tests/test_shell_info.py::TestHDFShellInfo::test_shells_data
2025-01-13T19:41:30.4380890Z   /Users/runner/work/tardis/tardis/tardis/io/util.py:289: PerformanceWarning:
2025-01-13T19:41:30.4381240Z   
2025-01-13T19:41:30.4381360Z   
2025-01-13T19:41:30.4381590Z   your performance may suffer as PyTables will pickle object types that it cannot
2025-01-13T19:41:30.4382020Z   map directly to c-types [inferred_type->mixed,key->block0_values] [items->Index([0], dtype='int64')]
2025-01-13T19:41:30.4382290Z 
2025-01-13T19:41:30.4382500Z tardis/visualization/widgets/tests/test_shell_info.py::TestHDFShellInfo::test_shells_data
2025-01-13T19:41:30.4382950Z   /Users/runner/work/tardis/tardis/tardis/io/util.py:292: PerformanceWarning:
2025-01-13T19:41:30.4383230Z   
2025-01-13T19:41:30.4383330Z   
2025-01-13T19:41:30.4383550Z   your performance may suffer as PyTables will pickle object types that it cannot
2025-01-13T19:41:30.4383910Z   map directly to c-types [inferred_type->mixed,key->values] [items->None]
2025-01-13T19:41:30.4384120Z 
2025-01-13T19:41:30.4384340Z tardis/visualization/widgets/tests/test_shell_info.py::TestHDFShellInfo::test_shells_data
2025-01-13T19:41:30.4385000Z   /Users/runner/work/tardis/tardis/tardis/spectrum/formal_integral.py:398: UserWarning:
2025-01-13T19:41:30.4385320Z   
2025-01-13T19:41:30.4385530Z   The number of interpolate_shells was not specified. The value was set to 80.
2025-01-13T19:41:30.4385750Z 
2025-01-13T19:41:30.4385900Z -- Docs: https://docs.pytest.org/en/stable/how-to/capture-warnings.html
2025-01-13T19:41:30.4386110Z 
2025-01-13T19:41:30.4386250Z ---------- coverage: platform darwin, python 3.12.4-final-0 ----------
2025-01-13T19:41:30.4386530Z Coverage HTML written to dir coverage_html_report
2025-01-13T19:41:30.4386760Z Coverage XML written to file coverage.xml
2025-01-13T19:41:30.4386910Z 
2025-01-13T19:41:30.4387000Z =========================== short test summary info ============================
2025-01-13T19:41:30.4387760Z FAILED tardis/opacities/tests/test_tau_sobolev.py::test_calculate_sobolev_line_opacity - FileNotFoundError: File /Users/runner/work/tardis/tardis/tardis-regression-data/test_tau_sobolev/test_calculate_sobolev_line_opacity.h5 does not exist
2025-01-13T19:41:30.4388970Z FAILED tardis/opacities/tests/test_tau_sobolev.py::test_calculate_beta_sobolevs - FileNotFoundError: [Errno 2] No such file or directory: '/Users/runner/work/tardis/tardis/tardis-regression-data/test_tau_sobolev/test_calculate_beta_sobolevs.npy'
2025-01-13T19:41:30.4389790Z = 2 failed, 1436 passed, 329 skipped, 2 deselected, 19 xfailed, 8 xpassed, 91 warnings in 838.89s (0:13:58) =
2025-01-13T19:41:32.2440160Z ##[error]Process completed with exit code 1.
2025-01-13T19:41:32.3126600Z Post job cleanup.
2025-01-13T19:41:32.3194140Z Post job cleanup.
2025-01-13T19:41:32.7156170Z Will use pre-installed micromamba at /Users/runner/micromamba-bin/micromamba
2025-01-13T19:41:32.7163190Z Removing micromamba run shell ...
2025-01-13T19:41:32.7165050Z ##[group]Deinitialize micromamba for bash
2025-01-13T19:41:32.7179120Z [command]/Users/runner/micromamba-bin/micromamba shell deinit -s bash -r /Users/runner/micromamba --log-level warning --rc-file /Users/runner/work/_temp/setup-micromamba/.condarc
2025-01-13T19:41:32.8638610Z Resetting RC file "/Users/runner/.bash_profile"
2025-01-13T19:41:32.8639230Z Deleting config for root prefix 
2025-01-13T19:41:32.8639950Z Clearing mamba executable environment variable
2025-01-13T19:41:32.8648900Z Removing the following in your "/Users/runner/.bash_profile" file
2025-01-13T19:41:32.8649210Z # >>> mamba initialize >>>
2025-01-13T19:41:32.8649380Z ...
2025-01-13T19:41:32.8649520Z # <<< mamba initialize <<<
2025-01-13T19:41:32.8701780Z Removing environment tardis from auto-activate bash ...
2025-01-13T19:41:32.8818030Z Post job cleanup.
2025-01-13T19:41:32.8859650Z Post job cleanup.
2025-01-13T19:41:33.0254810Z [command]/opt/homebrew/bin/git version
2025-01-13T19:41:33.0484640Z git version 2.47.1
2025-01-13T19:41:33.0510090Z Copying '/Users/runner/.gitconfig' to '/Users/runner/work/_temp/dd39d615-9411-4139-ac43-ad501901c1d0/.gitconfig'
2025-01-13T19:41:33.0517130Z Temporarily overriding HOME='/Users/runner/work/_temp/dd39d615-9411-4139-ac43-ad501901c1d0' before making global git config changes
2025-01-13T19:41:33.0517760Z Adding repository directory to the temporary git global config as a safe directory
2025-01-13T19:41:33.0520710Z [command]/opt/homebrew/bin/git config --global --add safe.directory /Users/runner/work/tardis/tardis/tardis-regression-data
2025-01-13T19:41:33.0650290Z [command]/opt/homebrew/bin/git config --local --name-only --get-regexp core\.sshCommand
2025-01-13T19:41:33.0705700Z [command]/opt/homebrew/bin/git submodule foreach --recursive sh -c "git config --local --name-only --get-regexp 'core\.sshCommand' && git config --local --unset-all 'core.sshCommand' || :"
2025-01-13T19:41:33.2026580Z [command]/opt/homebrew/bin/git config --local --name-only --get-regexp http\.https\:\/\/github\.com\/\.extraheader
2025-01-13T19:41:33.2070430Z http.https://github.com/.extraheader
2025-01-13T19:41:33.2079880Z [command]/opt/homebrew/bin/git config --local --unset-all http.https://github.com/.extraheader
2025-01-13T19:41:33.2135540Z [command]/opt/homebrew/bin/git submodule foreach --recursive sh -c "git config --local --name-only --get-regexp 'http\.https\:\/\/github\.com\/\.extraheader' && git config --local --unset-all 'http.https://github.com/.extraheader' || :"
2025-01-13T19:41:33.2903640Z Post job cleanup.
2025-01-13T19:41:33.4920930Z [command]/opt/homebrew/bin/git version
2025-01-13T19:41:33.4968980Z git version 2.47.1
2025-01-13T19:41:33.4990360Z Copying '/Users/runner/.gitconfig' to '/Users/runner/work/_temp/54ab6513-4376-47fb-be98-b16d978fe93f/.gitconfig'
2025-01-13T19:41:33.4996710Z Temporarily overriding HOME='/Users/runner/work/_temp/54ab6513-4376-47fb-be98-b16d978fe93f' before making global git config changes
2025-01-13T19:41:33.4997300Z Adding repository directory to the temporary git global config as a safe directory
2025-01-13T19:41:33.5000590Z [command]/opt/homebrew/bin/git config --global --add safe.directory /Users/runner/work/tardis/tardis
2025-01-13T19:41:33.5050450Z [command]/opt/homebrew/bin/git config --local --name-only --get-regexp core\.sshCommand
2025-01-13T19:41:33.5090490Z [command]/opt/homebrew/bin/git submodule foreach --recursive sh -c "git config --local --name-only --get-regexp 'core\.sshCommand' && git config --local --unset-all 'core.sshCommand' || :"
2025-01-13T19:41:33.5596430Z [command]/opt/homebrew/bin/git config --local --name-only --get-regexp http\.https\:\/\/github\.com\/\.extraheader
2025-01-13T19:41:33.5627990Z http.https://github.com/.extraheader
2025-01-13T19:41:33.5636110Z [command]/opt/homebrew/bin/git config --local --unset-all http.https://github.com/.extraheader
2025-01-13T19:41:33.5687650Z [command]/opt/homebrew/bin/git submodule foreach --recursive sh -c "git config --local --name-only --get-regexp 'http\.https\:\/\/github\.com\/\.extraheader' && git config --local --unset-all 'http.https://github.com/.extraheader' || :"
2025-01-13T19:41:33.6251250Z Cleaning up orphan processes
