2025-01-20T14:07:17.3446057Z Requested labels: macos-latest
2025-01-20T14:07:17.3446355Z Job defined at: tardis-sn/tardis/.github/workflows/tests.yml@refs/pull/2872/merge
2025-01-20T14:07:17.3446453Z Waiting for a runner to pick up this job...
2025-01-20T14:07:17.5805816Z Job is waiting for a hosted runner to come online.
2025-01-20T14:07:21.0461183Z Job is about to start running on the hosted runner: GitHub Actions 3 (hosted)
2025-01-20T14:07:21.8817270Z Current runner version: '2.321.0'
2025-01-20T14:07:21.8834580Z ##[group]Operating System
2025-01-20T14:07:21.8835080Z macOS
2025-01-20T14:07:21.8835380Z 14.7.2
2025-01-20T14:07:21.8835680Z 23H311
2025-01-20T14:07:21.8835980Z ##[endgroup]
2025-01-20T14:07:21.8836300Z ##[group]Runner Image
2025-01-20T14:07:21.8836640Z Image: macos-14-arm64
2025-01-20T14:07:21.8836960Z Version: 20250113.751
2025-01-20T14:07:21.8837640Z Included Software: https://github.com/actions/runner-images/blob/macos-14-arm64/20250113.751/images/macos/macos-14-arm64-Readme.md
2025-01-20T14:07:21.8838570Z Image Release: https://github.com/actions/runner-images/releases/tag/macos-14-arm64%2F20250113.751
2025-01-20T14:07:21.8839160Z ##[endgroup]
2025-01-20T14:07:21.8839460Z ##[group]Runner Image Provisioner
2025-01-20T14:07:21.8839860Z 2.0.414.1+2ecee806bcbb7b5d267443ac0090547f461e95b1
2025-01-20T14:07:21.8840270Z ##[endgroup]
2025-01-20T14:07:21.8841620Z ##[group]GITHUB_TOKEN Permissions
2025-01-20T14:07:21.8842840Z Actions: read
2025-01-20T14:07:21.8843170Z Attestations: read
2025-01-20T14:07:21.8843480Z Checks: read
2025-01-20T14:07:21.8843770Z Contents: read
2025-01-20T14:07:21.8844070Z Deployments: read
2025-01-20T14:07:21.8844380Z Discussions: read
2025-01-20T14:07:21.8844680Z Issues: read
2025-01-20T14:07:21.8844970Z Metadata: read
2025-01-20T14:07:21.8845270Z Packages: read
2025-01-20T14:07:21.8845570Z Pages: read
2025-01-20T14:07:21.8845860Z PullRequests: read
2025-01-20T14:07:21.8846180Z RepositoryProjects: read
2025-01-20T14:07:21.8846510Z SecurityEvents: read
2025-01-20T14:07:21.8846820Z Statuses: read
2025-01-20T14:07:21.8847120Z ##[endgroup]
2025-01-20T14:07:21.8849120Z Secret source: None
2025-01-20T14:07:21.8849600Z Prepare workflow directory
2025-01-20T14:07:21.9205920Z Prepare all required actions
2025-01-20T14:07:21.9233360Z Getting action download info
2025-01-20T14:07:22.1064860Z Download action repository 'actions/checkout@v4' (SHA:11bd71901bbe5b1630ceea73d27597364c9af683)
2025-01-20T14:07:22.3183350Z Download action repository 'actions/upload-artifact@v4' (SHA:65c4c4a1ddee5b72f698fdd19549f0f0fb45cf08)
2025-01-20T14:07:23.6653390Z Complete job name: not continuum macos-latest 
2025-01-20T14:07:23.7314140Z ##[group]Run actions/checkout@v4
2025-01-20T14:07:23.7314960Z with:
2025-01-20T14:07:23.7315290Z   repository: tardis-sn/tardis
2025-01-20T14:07:23.7315910Z   token: ***
2025-01-20T14:07:23.7316220Z   ssh-strict: true
2025-01-20T14:07:23.7316540Z   ssh-user: git
2025-01-20T14:07:23.7316860Z   persist-credentials: true
2025-01-20T14:07:23.7317210Z   clean: true
2025-01-20T14:07:23.7317550Z   sparse-checkout-cone-mode: true
2025-01-20T14:07:23.7318110Z   fetch-depth: 1
2025-01-20T14:07:23.7318420Z   fetch-tags: false
2025-01-20T14:07:23.7318740Z   show-progress: true
2025-01-20T14:07:23.7319050Z   lfs: false
2025-01-20T14:07:23.7319380Z   submodules: false
2025-01-20T14:07:23.7319710Z   set-safe-directory: true
2025-01-20T14:07:23.7320190Z env:
2025-01-20T14:07:23.7320480Z   CACHE_NUMBER: 0
2025-01-20T14:07:23.7321400Z   PYTEST_FLAGS: --tardis-regression-data=/Users/runner/work/tardis/tardis/tardis-regression-data --cov=tardis --cov-report=xml --cov-report=html --cov-append
2025-01-20T14:07:23.7323600Z   CODECOV_TOKEN: 
2025-01-20T14:07:23.7323920Z ##[endgroup]
2025-01-20T14:07:24.1896990Z Syncing repository: tardis-sn/tardis
2025-01-20T14:07:24.1898760Z ##[group]Getting Git version info
2025-01-20T14:07:24.1899280Z Working directory is '/Users/runner/work/tardis/tardis'
2025-01-20T14:07:24.1900030Z [command]/opt/homebrew/bin/git version
2025-01-20T14:07:24.2283090Z git version 2.48.0
2025-01-20T14:07:24.2306080Z ##[endgroup]
2025-01-20T14:07:24.2313520Z Copying '/Users/runner/.gitconfig' to '/Users/runner/work/_temp/7edb44f3-1f67-4732-8ccc-8c88795b2dcd/.gitconfig'
2025-01-20T14:07:24.2319990Z Temporarily overriding HOME='/Users/runner/work/_temp/7edb44f3-1f67-4732-8ccc-8c88795b2dcd' before making global git config changes
2025-01-20T14:07:24.2321040Z Adding repository directory to the temporary git global config as a safe directory
2025-01-20T14:07:24.2323870Z [command]/opt/homebrew/bin/git config --global --add safe.directory /Users/runner/work/tardis/tardis
2025-01-20T14:07:24.2413380Z Deleting the contents of '/Users/runner/work/tardis/tardis'
2025-01-20T14:07:24.2415510Z ##[group]Initializing the repository
2025-01-20T14:07:24.2419680Z [command]/opt/homebrew/bin/git init /Users/runner/work/tardis/tardis
2025-01-20T14:07:24.2585700Z hint: Using 'master' as the name for the initial branch. This default branch name
2025-01-20T14:07:24.2586870Z hint: is subject to change. To configure the initial branch name to use in all
2025-01-20T14:07:24.2587700Z hint: of your new repositories, which will suppress this warning, call:
2025-01-20T14:07:24.2588240Z hint:
2025-01-20T14:07:24.2588650Z hint: 	git config --global init.defaultBranch <name>
2025-01-20T14:07:24.2589110Z hint:
2025-01-20T14:07:24.2589550Z hint: Names commonly chosen instead of 'master' are 'main', 'trunk' and
2025-01-20T14:07:24.2590230Z hint: 'development'. The just-created branch can be renamed via this command:
2025-01-20T14:07:24.2590820Z hint:
2025-01-20T14:07:24.2591140Z hint: 	git branch -m <name>
2025-01-20T14:07:24.2591680Z Initialized empty Git repository in /Users/runner/work/tardis/tardis/.git/
2025-01-20T14:07:24.2595100Z [command]/opt/homebrew/bin/git remote add origin https://github.com/tardis-sn/tardis
2025-01-20T14:07:24.2695860Z ##[endgroup]
2025-01-20T14:07:24.2698040Z ##[group]Disabling automatic garbage collection
2025-01-20T14:07:24.2698650Z [command]/opt/homebrew/bin/git config --local gc.auto 0
2025-01-20T14:07:24.2717710Z ##[endgroup]
2025-01-20T14:07:24.2718450Z ##[group]Setting up auth
2025-01-20T14:07:24.2722410Z [command]/opt/homebrew/bin/git config --local --name-only --get-regexp core\.sshCommand
2025-01-20T14:07:24.2771460Z [command]/opt/homebrew/bin/git submodule foreach --recursive sh -c "git config --local --name-only --get-regexp 'core\.sshCommand' && git config --local --unset-all 'core.sshCommand' || :"
2025-01-20T14:07:24.3427140Z [command]/opt/homebrew/bin/git config --local --name-only --get-regexp http\.https\:\/\/github\.com\/\.extraheader
2025-01-20T14:07:24.3466970Z [command]/opt/homebrew/bin/git submodule foreach --recursive sh -c "git config --local --name-only --get-regexp 'http\.https\:\/\/github\.com\/\.extraheader' && git config --local --unset-all 'http.https://github.com/.extraheader' || :"
2025-01-20T14:07:24.4010510Z [command]/opt/homebrew/bin/git config --local http.https://github.com/.extraheader AUTHORIZATION: basic ***
2025-01-20T14:07:24.4582760Z ##[endgroup]
2025-01-20T14:07:24.4584030Z ##[group]Fetching the repository
2025-01-20T14:07:24.4588520Z [command]/opt/homebrew/bin/git -c protocol.version=2 fetch --no-tags --prune --no-recurse-submodules --depth=1 origin +564ae2baa40cebf5fea3150fc64de2ffeb1936b9:refs/remotes/pull/2872/merge
2025-01-20T14:07:26.2015380Z From https://github.com/tardis-sn/tardis
2025-01-20T14:07:26.2018960Z  * [new ref]         564ae2baa40cebf5fea3150fc64de2ffeb1936b9 -> pull/2872/merge
2025-01-20T14:07:26.2113410Z ##[endgroup]
2025-01-20T14:07:26.2114680Z ##[group]Determining the checkout info
2025-01-20T14:07:26.2116340Z ##[endgroup]
2025-01-20T14:07:26.2125220Z [command]/opt/homebrew/bin/git sparse-checkout disable
2025-01-20T14:07:26.2241060Z [command]/opt/homebrew/bin/git config --local --unset-all extensions.worktreeConfig
2025-01-20T14:07:26.2338120Z ##[group]Checking out the ref
2025-01-20T14:07:26.2344080Z [command]/opt/homebrew/bin/git checkout --progress --force refs/remotes/pull/2872/merge
2025-01-20T14:07:26.4753230Z HEAD is now at 564ae2b Merge d9d6c328f573d7b71d59681b546bd41997904fee into aa180cf97513f46d6d3b617c05907691f413c057
2025-01-20T14:07:26.4767490Z ##[endgroup]
2025-01-20T14:07:26.4847160Z [command]/opt/homebrew/bin/git log -1 --format=%H
2025-01-20T14:07:26.4902100Z 564ae2baa40cebf5fea3150fc64de2ffeb1936b9
2025-01-20T14:07:26.5180240Z Prepare all required actions
2025-01-20T14:07:26.5181110Z Getting action download info
2025-01-20T14:07:26.6643500Z Download action repository 'actions/cache@v4' (SHA:1bd1e32a3bdc45362d1e726936510720a7c30a57)
2025-01-20T14:07:26.7813770Z ##[group]Run ./.github/actions/setup_lfs
2025-01-20T14:07:26.7814480Z with:
2025-01-20T14:07:26.7815090Z   regression-data-repo: tardis-sn/tardis-regression-data
2025-01-20T14:07:26.7815870Z env:
2025-01-20T14:07:26.7816500Z   CACHE_NUMBER: 0
2025-01-20T14:07:26.7818100Z   PYTEST_FLAGS: --tardis-regression-data=/Users/runner/work/tardis/tardis/tardis-regression-data --cov=tardis --cov-report=xml --cov-report=html --cov-append
2025-01-20T14:07:26.7819910Z   CODECOV_TOKEN: 
2025-01-20T14:07:26.7820430Z ##[endgroup]
2025-01-20T14:07:26.7989730Z ##[group]Run actions/checkout@v4
2025-01-20T14:07:26.7990340Z with:
2025-01-20T14:07:26.7990860Z   repository: atharva-2001/tardis-regression-data
2025-01-20T14:07:26.7991570Z   path: tardis-regression-data
2025-01-20T14:07:26.7992170Z   ref: numpy_v2_2
2025-01-20T14:07:26.7992820Z   token: ***
2025-01-20T14:07:26.7993260Z   ssh-strict: true
2025-01-20T14:07:26.7993730Z   ssh-user: git
2025-01-20T14:07:26.7994220Z   persist-credentials: true
2025-01-20T14:07:26.7994740Z   clean: true
2025-01-20T14:07:26.7995220Z   sparse-checkout-cone-mode: true
2025-01-20T14:07:26.7995780Z   fetch-depth: 1
2025-01-20T14:07:26.7996240Z   fetch-tags: false
2025-01-20T14:07:26.7996710Z   show-progress: true
2025-01-20T14:07:26.7997190Z   lfs: false
2025-01-20T14:07:26.7997640Z   submodules: false
2025-01-20T14:07:26.7998120Z   set-safe-directory: true
2025-01-20T14:07:26.7998670Z env:
2025-01-20T14:07:26.7999090Z   CACHE_NUMBER: 0
2025-01-20T14:07:26.8000470Z   PYTEST_FLAGS: --tardis-regression-data=/Users/runner/work/tardis/tardis/tardis-regression-data --cov=tardis --cov-report=xml --cov-report=html --cov-append
2025-01-20T14:07:26.8001960Z   CODECOV_TOKEN: 
2025-01-20T14:07:26.8002410Z ##[endgroup]
2025-01-20T14:07:26.9036670Z Syncing repository: atharva-2001/tardis-regression-data
2025-01-20T14:07:26.9040900Z ##[group]Getting Git version info
2025-01-20T14:07:26.9041840Z Working directory is '/Users/runner/work/tardis/tardis/tardis-regression-data'
2025-01-20T14:07:26.9074700Z [command]/opt/homebrew/bin/git version
2025-01-20T14:07:26.9121550Z git version 2.48.0
2025-01-20T14:07:26.9136950Z ##[endgroup]
2025-01-20T14:07:26.9142010Z Copying '/Users/runner/.gitconfig' to '/Users/runner/work/_temp/64f3195e-4028-4b94-a9c6-79c1e18fb2e9/.gitconfig'
2025-01-20T14:07:26.9149490Z Temporarily overriding HOME='/Users/runner/work/_temp/64f3195e-4028-4b94-a9c6-79c1e18fb2e9' before making global git config changes
2025-01-20T14:07:26.9151270Z Adding repository directory to the temporary git global config as a safe directory
2025-01-20T14:07:26.9153730Z [command]/opt/homebrew/bin/git config --global --add safe.directory /Users/runner/work/tardis/tardis/tardis-regression-data
2025-01-20T14:07:26.9195970Z ##[group]Initializing the repository
2025-01-20T14:07:26.9198890Z [command]/opt/homebrew/bin/git init /Users/runner/work/tardis/tardis/tardis-regression-data
2025-01-20T14:07:26.9262630Z hint: Using 'master' as the name for the initial branch. This default branch name
2025-01-20T14:07:26.9264080Z hint: is subject to change. To configure the initial branch name to use in all
2025-01-20T14:07:26.9265200Z hint: of your new repositories, which will suppress this warning, call:
2025-01-20T14:07:26.9266020Z hint:
2025-01-20T14:07:26.9266570Z hint: 	git config --global init.defaultBranch <name>
2025-01-20T14:07:26.9267250Z hint:
2025-01-20T14:07:26.9267920Z hint: Names commonly chosen instead of 'master' are 'main', 'trunk' and
2025-01-20T14:07:26.9268970Z hint: 'development'. The just-created branch can be renamed via this command:
2025-01-20T14:07:26.9269810Z hint:
2025-01-20T14:07:26.9270270Z hint: 	git branch -m <name>
2025-01-20T14:07:26.9271250Z Initialized empty Git repository in /Users/runner/work/tardis/tardis/tardis-regression-data/.git/
2025-01-20T14:07:26.9274100Z [command]/opt/homebrew/bin/git remote add origin https://github.com/atharva-2001/tardis-regression-data
2025-01-20T14:07:26.9314360Z ##[endgroup]
2025-01-20T14:07:26.9315590Z ##[group]Disabling automatic garbage collection
2025-01-20T14:07:26.9316470Z [command]/opt/homebrew/bin/git config --local gc.auto 0
2025-01-20T14:07:26.9354960Z ##[endgroup]
2025-01-20T14:07:26.9355750Z ##[group]Setting up auth
2025-01-20T14:07:26.9359110Z [command]/opt/homebrew/bin/git config --local --name-only --get-regexp core\.sshCommand
2025-01-20T14:07:26.9395410Z [command]/opt/homebrew/bin/git submodule foreach --recursive sh -c "git config --local --name-only --get-regexp 'core\.sshCommand' && git config --local --unset-all 'core.sshCommand' || :"
2025-01-20T14:07:26.9861130Z [command]/opt/homebrew/bin/git config --local --name-only --get-regexp http\.https\:\/\/github\.com\/\.extraheader
2025-01-20T14:07:26.9905000Z [command]/opt/homebrew/bin/git submodule foreach --recursive sh -c "git config --local --name-only --get-regexp 'http\.https\:\/\/github\.com\/\.extraheader' && git config --local --unset-all 'http.https://github.com/.extraheader' || :"
2025-01-20T14:07:27.0365180Z [command]/opt/homebrew/bin/git config --local http.https://github.com/.extraheader AUTHORIZATION: basic ***
2025-01-20T14:07:27.0412610Z ##[endgroup]
2025-01-20T14:07:27.0413640Z ##[group]Fetching the repository
2025-01-20T14:07:27.0418730Z [command]/opt/homebrew/bin/git -c protocol.version=2 fetch --no-tags --prune --no-recurse-submodules --depth=1 origin +refs/heads/numpy_v2_2*:refs/remotes/origin/numpy_v2_2* +refs/tags/numpy_v2_2*:refs/tags/numpy_v2_2*
2025-01-20T14:07:28.0624710Z From https://github.com/atharva-2001/tardis-regression-data
2025-01-20T14:07:28.0648030Z  * [new branch]      numpy_v2_2 -> origin/numpy_v2_2
2025-01-20T14:07:28.0762710Z ##[endgroup]
2025-01-20T14:07:28.0772640Z ##[group]Determining the checkout info
2025-01-20T14:07:28.0773160Z [command]/opt/homebrew/bin/git branch --list --remote origin/numpy_v2_2
2025-01-20T14:07:28.0773560Z   origin/numpy_v2_2
2025-01-20T14:07:28.0774230Z ##[endgroup]
2025-01-20T14:07:28.0774420Z [command]/opt/homebrew/bin/git sparse-checkout disable
2025-01-20T14:07:28.0775000Z [command]/opt/homebrew/bin/git config --local --unset-all extensions.worktreeConfig
2025-01-20T14:07:28.0810400Z ##[group]Checking out the ref
2025-01-20T14:07:28.0813560Z [command]/opt/homebrew/bin/git checkout --progress --force -B numpy_v2_2 refs/remotes/origin/numpy_v2_2
2025-01-20T14:07:28.2458850Z Switched to a new branch 'numpy_v2_2'
2025-01-20T14:07:28.2460770Z branch 'numpy_v2_2' set up to track 'origin/numpy_v2_2'.
2025-01-20T14:07:28.2989330Z ##[endgroup]
2025-01-20T14:07:28.3048940Z [command]/opt/homebrew/bin/git log -1 --format=%H
2025-01-20T14:07:28.3094820Z 1b733c351f2eb90190b8c0228dc6b4d32242ad4e
2025-01-20T14:07:28.3270150Z ##[group]Run git lfs ls-files -l | cut -d' ' -f1 | sort > .lfs-assets-id
2025-01-20T14:07:28.3270680Z [36;1mgit lfs ls-files -l | cut -d' ' -f1 | sort > .lfs-assets-id[0m
2025-01-20T14:07:28.3334120Z shell: /bin/bash --noprofile --norc -e -o pipefail {0}
2025-01-20T14:07:28.3334410Z env:
2025-01-20T14:07:28.3334580Z   CACHE_NUMBER: 0
2025-01-20T14:07:28.3335120Z   PYTEST_FLAGS: --tardis-regression-data=/Users/runner/work/tardis/tardis/tardis-regression-data --cov=tardis --cov-report=xml --cov-report=html --cov-append
2025-01-20T14:07:28.3335640Z   CODECOV_TOKEN: 
2025-01-20T14:07:28.3335770Z ##[endgroup]
2025-01-20T14:07:28.5606610Z ##[group]Run actions/cache/restore@v4
2025-01-20T14:07:28.5607250Z with:
2025-01-20T14:07:28.5607680Z   path: tardis-regression-data/.git/lfs
2025-01-20T14:07:28.5608590Z   key: macOS-lfs-da2b5f2a10e913c6b13843a5855aea2bb20264b467d915063c23fa8ba1af31fb-v1
2025-01-20T14:07:28.5609470Z   enableCrossOsArchive: false
2025-01-20T14:07:28.5610050Z   fail-on-cache-miss: false
2025-01-20T14:07:28.5610580Z   lookup-only: false
2025-01-20T14:07:28.5610960Z env:
2025-01-20T14:07:28.5611340Z   CACHE_NUMBER: 0
2025-01-20T14:07:28.5613340Z   PYTEST_FLAGS: --tardis-regression-data=/Users/runner/work/tardis/tardis/tardis-regression-data --cov=tardis --cov-report=xml --cov-report=html --cov-append
2025-01-20T14:07:28.5614810Z   CODECOV_TOKEN: 
2025-01-20T14:07:28.5615670Z ##[endgroup]
2025-01-20T14:07:28.9012850Z Cache not found for input keys: macOS-lfs-da2b5f2a10e913c6b13843a5855aea2bb20264b467d915063c23fa8ba1af31fb-v1
2025-01-20T14:07:28.9088660Z ##[group]Run git lfs pull
2025-01-20T14:07:28.9088880Z [36;1mgit lfs pull[0m
2025-01-20T14:07:28.9139760Z shell: /bin/bash --noprofile --norc -e -o pipefail {0}
2025-01-20T14:07:28.9140000Z env:
2025-01-20T14:07:28.9140140Z   CACHE_NUMBER: 0
2025-01-20T14:07:28.9140650Z   PYTEST_FLAGS: --tardis-regression-data=/Users/runner/work/tardis/tardis/tardis-regression-data --cov=tardis --cov-report=xml --cov-report=html --cov-append
2025-01-20T14:07:28.9141180Z   CODECOV_TOKEN: 
2025-01-20T14:07:28.9141340Z ##[endgroup]
2025-01-20T14:09:06.2031430Z Prepare all required actions
2025-01-20T14:09:06.2032370Z Getting action download info
2025-01-20T14:09:06.4510000Z Download action repository 'mamba-org/setup-micromamba@v1' (SHA:4b9113af4fba0e9e1124b252dd6497a419e7396d)
2025-01-20T14:09:07.5729330Z ##[group]Run ./.github/actions/setup_env
2025-01-20T14:09:07.5729650Z with:
2025-01-20T14:09:07.5729900Z   os-label: osx-arm64
2025-01-20T14:09:07.5730130Z env:
2025-01-20T14:09:07.5730400Z   CACHE_NUMBER: 0
2025-01-20T14:09:07.5731000Z   PYTEST_FLAGS: --tardis-regression-data=/Users/runner/work/tardis/tardis/tardis-regression-data --cov=tardis --cov-report=xml --cov-report=html --cov-append
2025-01-20T14:09:07.5731630Z   CODECOV_TOKEN: 
2025-01-20T14:09:07.5731830Z ##[endgroup]
2025-01-20T14:09:07.5759390Z ##[group]Run file_hash=$(cat conda-osx-arm64.lock | shasum -a 256 | cut -d' ' -f1)
2025-01-20T14:09:07.5759900Z [36;1mfile_hash=$(cat conda-osx-arm64.lock | shasum -a 256 | cut -d' ' -f1)[0m
2025-01-20T14:09:07.5760370Z [36;1mecho "file_hash=$file_hash" >> "${GITHUB_OUTPUT}"[0m
2025-01-20T14:09:07.5834160Z shell: /bin/bash --noprofile --norc -e -o pipefail {0}
2025-01-20T14:09:07.5834820Z env:
2025-01-20T14:09:07.5835250Z   CACHE_NUMBER: 0
2025-01-20T14:09:07.5836520Z   PYTEST_FLAGS: --tardis-regression-data=/Users/runner/work/tardis/tardis/tardis-regression-data --cov=tardis --cov-report=xml --cov-report=html --cov-append
2025-01-20T14:09:07.5837960Z   CODECOV_TOKEN: 
2025-01-20T14:09:07.5838380Z ##[endgroup]
2025-01-20T14:09:07.7008820Z ##[group]Run mamba-org/setup-micromamba@v1
2025-01-20T14:09:07.7009030Z with:
2025-01-20T14:09:07.7009170Z   environment-file: conda-osx-arm64.lock
2025-01-20T14:09:07.7009490Z   cache-environment-key: 7b892f7fdd08041a50221f85bf1266038142e4e196927780cbadd38ff70abec6
2025-01-20T14:09:07.7009900Z   cache-downloads-key: 7b892f7fdd08041a50221f85bf1266038142e4e196927780cbadd38ff70abec6
2025-01-20T14:09:07.7010210Z   environment-name: tardis
2025-01-20T14:09:07.7010360Z   cache-environment: true
2025-01-20T14:09:07.7010540Z   cache-downloads: true
2025-01-20T14:09:07.7010690Z env:
2025-01-20T14:09:07.7010800Z   CACHE_NUMBER: 0
2025-01-20T14:09:07.7011240Z   PYTEST_FLAGS: --tardis-regression-data=/Users/runner/work/tardis/tardis/tardis-regression-data --cov=tardis --cov-report=xml --cov-report=html --cov-append
2025-01-20T14:09:07.7011730Z   CODECOV_TOKEN: 
2025-01-20T14:09:07.7011860Z ##[endgroup]
2025-01-20T14:09:08.0434020Z Will download micromamba to /Users/runner/micromamba-bin/micromamba
2025-01-20T14:09:08.0441050Z ##[group]Install micromamba
2025-01-20T14:09:08.7568960Z micromamba installed to /Users/runner/micromamba-bin/micromamba
2025-01-20T14:09:08.7569870Z ##[endgroup]
2025-01-20T14:09:08.7572130Z Adding conda-forge to condarc channels ...
2025-01-20T14:09:08.7812480Z ##[group]Initialize micromamba for bash.
2025-01-20T14:09:08.7826920Z [command]/Users/runner/micromamba-bin/micromamba shell init -s bash -r /Users/runner/micromamba --log-level warning --rc-file /Users/runner/work/_temp/setup-micromamba/.condarc
2025-01-20T14:09:08.8322820Z Modifying RC file "/Users/runner/.bash_profile"
2025-01-20T14:09:08.8326130Z Generating config for root prefix [1m"/Users/runner/micromamba"[0m
2025-01-20T14:09:08.8327050Z Setting mamba executable to: [1m"/Users/runner/micromamba-bin/micromamba"[0m
2025-01-20T14:09:08.8329130Z Adding (or replacing) the following in your "/Users/runner/.bash_profile" file
2025-01-20T14:09:08.8330030Z 
2025-01-20T14:09:08.8330330Z # >>> mamba initialize >>>
2025-01-20T14:09:08.8331380Z # !! Contents within this block are managed by 'mamba init' !!
2025-01-20T14:09:08.8331980Z export MAMBA_EXE='/Users/runner/micromamba-bin/micromamba';
2025-01-20T14:09:08.8332370Z export MAMBA_ROOT_PREFIX='/Users/runner/micromamba';
2025-01-20T14:09:08.8333240Z __mamba_setup="$("$MAMBA_EXE" shell hook --shell bash --root-prefix "$MAMBA_ROOT_PREFIX" 2> /dev/null)"
2025-01-20T14:09:08.8333710Z if [ $? -eq 0 ]; then
2025-01-20T14:09:08.8333990Z     eval "$__mamba_setup"
2025-01-20T14:09:08.8335570Z else
2025-01-20T14:09:08.8335870Z     alias micromamba="$MAMBA_EXE"  # Fallback on help from mamba activate
2025-01-20T14:09:08.8336230Z fi
2025-01-20T14:09:08.8336380Z unset __mamba_setup
2025-01-20T14:09:08.8351780Z # <<< mamba initialize <<<
2025-01-20T14:09:08.8351970Z 
2025-01-20T14:09:08.8352320Z ##[endgroup]
2025-01-20T14:09:08.8352770Z ##[group]Restoring downloads from `/Users/runner/micromamba/pkgs` ...
2025-01-20T14:09:10.2079510Z Received 29360128 of 343221716 (8.6%), 28.0 MBs/sec
2025-01-20T14:09:11.2149190Z Received 104857600 of 343221716 (30.6%), 49.8 MBs/sec
2025-01-20T14:09:12.2155690Z Received 184549376 of 343221716 (53.8%), 58.5 MBs/sec
2025-01-20T14:09:13.2161790Z Received 255852544 of 343221716 (74.5%), 60.9 MBs/sec
2025-01-20T14:09:14.2182210Z Received 339027412 of 343221716 (98.8%), 64.5 MBs/sec
2025-01-20T14:09:14.2957680Z Cache Size: ~327 MB (343221716 B)
2025-01-20T14:09:14.2987790Z [command]/opt/homebrew/bin/gtar -xf /Users/runner/work/_temp/76ccf417-98d0-4ced-bd44-eb653c565a6f/cache.tzst -P -C /Users/runner/work/tardis/tardis --delay-directory-restore --use-compress-program unzstd
2025-01-20T14:09:14.8920850Z Cache restored successfully
2025-01-20T14:09:14.8962840Z Restored cache with key `7b892f7fdd08041a50221f85bf1266038142e4e196927780cbadd38ff70abec6-osx-arm64`
2025-01-20T14:09:14.8972530Z ##[endgroup]
2025-01-20T14:09:14.9028880Z ##[group]Restoring environment `tardis` from `/Users/runner/micromamba/envs/tardis` ...
2025-01-20T14:09:15.2221870Z Received 343221716 of 343221716 (100.0%), 54.4 MBs/sec
2025-01-20T14:09:16.2456820Z Received 37748736 of 429530998 (8.8%), 36.0 MBs/sec
2025-01-20T14:09:17.2470060Z Received 113246208 of 429530998 (26.4%), 54.0 MBs/sec
2025-01-20T14:09:18.2478720Z Received 176160768 of 429530998 (41.0%), 56.0 MBs/sec
2025-01-20T14:09:19.2496430Z Received 226492416 of 429530998 (52.7%), 53.9 MBs/sec
2025-01-20T14:09:20.2500120Z Received 301989888 of 429530998 (70.3%), 57.6 MBs/sec
2025-01-20T14:09:21.2516060Z Received 377487360 of 429530998 (87.9%), 60.0 MBs/sec
2025-01-20T14:09:21.9221050Z Cache Size: ~410 MB (429530998 B)
2025-01-20T14:09:21.9270100Z [command]/opt/homebrew/bin/gtar -xf /Users/runner/work/_temp/a846740d-4f61-4b1a-84d4-3505ae65ed1f/cache.tzst -P -C /Users/runner/work/tardis/tardis --delay-directory-restore --use-compress-program unzstd
2025-01-20T14:09:22.2510430Z Received 429530998 of 429530998 (100.0%), 58.5 MBs/sec
2025-01-20T14:09:38.0001830Z Cache restored successfully
2025-01-20T14:09:38.0148710Z Restored cache with key `7b892f7fdd08041a50221f85bf1266038142e4e196927780cbadd38ff70abec6-osx-arm64-tardis-args-4f53cda-root-873f6fe-bin-[object Promise]-file-7b892f7fdd08041a50221f85bf1266038142e4e196927780cbadd38ff70abec6`
2025-01-20T14:09:38.0150220Z ##[endgroup]
2025-01-20T14:09:38.0150630Z Adding environment tardis to auto-activate bash ...
2025-01-20T14:09:38.0171260Z Generating micromamba run shell.
2025-01-20T14:09:38.0184050Z ##[endgroup]
2025-01-20T14:09:38.0190470Z Set environment variables.
2025-01-20T14:09:38.0193940Z ##[group]micromamba info
2025-01-20T14:09:38.0197460Z [command]/Users/runner/micromamba-bin/micromamba info -r /Users/runner/micromamba -n tardis
2025-01-20T14:09:38.5514460Z 
2025-01-20T14:09:38.5514780Z        libmamba version : 1.5.10
2025-01-20T14:09:38.5515110Z      micromamba version : 1.5.10
2025-01-20T14:09:38.5519230Z            curl version : libcurl/8.10.1 (OpenSSL/3.3.2) SecureTransport zlib/1.3.1 zstd/1.5.6 libssh2/1.11.0 nghttp2/1.58.0
2025-01-20T14:09:38.5519750Z      libarchive version : libarchive 3.7.4 zlib/1.2.13 bz2lib/1.0.8 libzstd/1.5.6
2025-01-20T14:09:38.5520190Z        envs directories : /Users/runner/micromamba/envs
2025-01-20T14:09:38.5520620Z           package cache : /Users/runner/micromamba/pkgs
2025-01-20T14:09:38.5521010Z                           /Users/runner/.mamba/pkgs
2025-01-20T14:09:38.5521340Z             environment : tardis
2025-01-20T14:09:38.5521780Z            env location : /Users/runner/micromamba/envs/tardis
2025-01-20T14:09:38.5524580Z       user config files : /Users/runner/.mambarc
2025-01-20T14:09:38.5525260Z  populated config files : /Users/runner/work/_temp/setup-micromamba/.condarc
2025-01-20T14:09:38.5525670Z        virtual packages : __unix=0=0
2025-01-20T14:09:38.5525930Z                           __osx=14.7.2=0
2025-01-20T14:09:38.5526360Z                           __archspec=1=arm64
2025-01-20T14:09:38.5526710Z                channels : https://conda.anaconda.org/conda-forge/osx-arm64
2025-01-20T14:09:38.5527120Z                           https://conda.anaconda.org/conda-forge/noarch
2025-01-20T14:09:38.5527420Z        base environment : /Users/runner/micromamba
2025-01-20T14:09:38.5527760Z                platform : osx-arm64
2025-01-20T14:09:38.5528970Z ##[endgroup]
2025-01-20T14:09:38.5529630Z ##[group]micromamba list
2025-01-20T14:09:38.5534990Z [command]/Users/runner/micromamba-bin/micromamba list -r /Users/runner/micromamba -n tardis
2025-01-20T14:09:38.9659650Z List of packages in environment: "/Users/runner/micromamba/envs/tardis"
2025-01-20T14:09:38.9660410Z 
2025-01-20T14:09:38.9660810Z   Name                           Version              Build                    Channel    
2025-01-20T14:09:38.9662410Z â”€â”€â”€â”€â”€â”€â”€â”€â”€â”€â”€â”€â”€â”€â”€â”€â”€â”€â”€â”€â”€â”€â”€â”€â”€â”€â”€â”€â”€â”€â”€â”€â”€â”€â”€â”€â”€â”€â”€â”€â”€â”€â”€â”€â”€â”€â”€â”€â”€â”€â”€â”€â”€â”€â”€â”€â”€â”€â”€â”€â”€â”€â”€â”€â”€â”€â”€â”€â”€â”€â”€â”€â”€â”€â”€â”€â”€â”€â”€â”€â”€â”€â”€â”€â”€â”€â”€â”€â”€â”€â”€â”€
2025-01-20T14:09:38.9662990Z   accessible-pygments            0.0.5                pyhd8ed1ab_1             conda-forge
2025-01-20T14:09:38.9663460Z   alabaster                      0.7.16               pyhd8ed1ab_0             conda-forge
2025-01-20T14:09:38.9663840Z   anyio                          4.4.0                pyhd8ed1ab_0             conda-forge
2025-01-20T14:09:38.9664270Z   appnope                        0.1.4                pyhd8ed1ab_1             conda-forge
2025-01-20T14:09:38.9664790Z   argon2-cffi                    23.1.0               pyhd8ed1ab_1             conda-forge
2025-01-20T14:09:38.9665200Z   argon2-cffi-bindings           21.2.0               py312h024a12e_5          conda-forge
2025-01-20T14:09:38.9665680Z   arrow                          1.3.0                pyhd8ed1ab_1             conda-forge
2025-01-20T14:09:38.9667750Z   astropy                        6.1.1                py312hbebd99a_1          conda-forge
2025-01-20T14:09:38.9668210Z   astropy-iers-data              0.2024.6.17.0.31.35  pyhd8ed1ab_0             conda-forge
2025-01-20T14:09:38.9668650Z   astropy-sphinx-theme           1.1                  pyhd8ed1ab_1             conda-forge
2025-01-20T14:09:38.9669110Z   asttokens                      2.4.1                pyhd8ed1ab_0             conda-forge
2025-01-20T14:09:38.9669460Z   async-lru                      2.0.4                pyhd8ed1ab_1             conda-forge
2025-01-20T14:09:38.9669860Z   atk-1.0                        2.38.0               hd03087b_2               conda-forge
2025-01-20T14:09:38.9670260Z   attrs                          23.2.0               pyh71513ae_0             conda-forge
2025-01-20T14:09:38.9670590Z   babel                          2.14.0               pyhd8ed1ab_0             conda-forge
2025-01-20T14:09:38.9671050Z   beautifulsoup4                 4.12.3               pyha770c72_1             conda-forge
2025-01-20T14:09:38.9671430Z   bleach                         6.1.0                pyhd8ed1ab_0             conda-forge
2025-01-20T14:09:38.9672730Z   blosc                          1.21.5               h9c252e8_1               conda-forge
2025-01-20T14:09:38.9673720Z   bokeh                          3.6.2                pyhd8ed1ab_1             conda-forge
2025-01-20T14:09:38.9674040Z   brotli                         1.1.0                hd74edd7_2               conda-forge
2025-01-20T14:09:38.9674450Z   brotli-bin                     1.1.0                hd74edd7_2               conda-forge
2025-01-20T14:09:38.9674790Z   brotli-python                  1.1.0                py312hde4cb15_2          conda-forge
2025-01-20T14:09:38.9675190Z   bzip2                          1.0.8                h99b78c6_7               conda-forge
2025-01-20T14:09:38.9675840Z   c-ares                         1.28.1               h93a5062_0               conda-forge
2025-01-20T14:09:38.9676270Z   c-blosc2                       2.14.4               ha57e6be_1               conda-forge
2025-01-20T14:09:38.9676650Z   ca-certificates                2024.12.14           hf0a4a13_0               conda-forge
2025-01-20T14:09:38.9677130Z   cached-property                1.5.2                hd8ed1ab_1               conda-forge
2025-01-20T14:09:38.9677570Z   cached_property                1.5.2                pyha770c72_1             conda-forge
2025-01-20T14:09:38.9678210Z   cairo                          1.18.0               hc6c324b_2               conda-forge
2025-01-20T14:09:38.9678600Z   certifi                        2024.12.14           pyhd8ed1ab_0             conda-forge
2025-01-20T14:09:38.9679000Z   cffi                           1.16.0               py312h8e38eb3_0          conda-forge
2025-01-20T14:09:38.9679510Z   charset-normalizer             3.3.2                pyhd8ed1ab_0             conda-forge
2025-01-20T14:09:38.9679890Z   click                          8.1.7                unix_pyh707e725_1        conda-forge
2025-01-20T14:09:38.9680220Z   codespell                      2.3.0                pyhd8ed1ab_1             conda-forge
2025-01-20T14:09:38.9680660Z   colorama                       0.4.6                pyhd8ed1ab_1             conda-forge
2025-01-20T14:09:38.9681020Z   comm                           0.2.2                pyhd8ed1ab_1             conda-forge
2025-01-20T14:09:38.9681430Z   commonmark                     0.9.1                py_0                     conda-forge
2025-01-20T14:09:38.9681900Z   contourpy                      1.2.1                py312h0fef576_0          conda-forge
2025-01-20T14:09:38.9682370Z   coverage                       7.5.3                py312h7e5086c_0          conda-forge
2025-01-20T14:09:38.9682860Z   cycler                         0.12.1               pyhd8ed1ab_1             conda-forge
2025-01-20T14:09:38.9683410Z   dataclasses                    0.8                  pyhc8e2a94_3             conda-forge
2025-01-20T14:09:38.9683900Z   debugpy                        1.8.1                py312h20a0b95_0          conda-forge
2025-01-20T14:09:38.9684480Z   decorator                      5.1.1                pyhd8ed1ab_1             conda-forge
2025-01-20T14:09:38.9684920Z   defusedxml                     0.7.1                pyhd8ed1ab_0             conda-forge
2025-01-20T14:09:38.9685430Z   docutils                       0.20.1               py312h81bd7bf_3          conda-forge
2025-01-20T14:09:38.9685800Z   dot2tex                        2.11.3               pyhd8ed1ab_1             conda-forge
2025-01-20T14:09:38.9686210Z   entrypoints                    0.4                  pyhd8ed1ab_1             conda-forge
2025-01-20T14:09:38.9686570Z   exceptiongroup                 1.2.0                pyhd8ed1ab_2             conda-forge
2025-01-20T14:09:38.9686970Z   executing                      2.0.1                pyhd8ed1ab_0             conda-forge
2025-01-20T14:09:38.9687320Z   expat                          2.6.2                hebf3989_0               conda-forge
2025-01-20T14:09:38.9687760Z   font-ttf-dejavu-sans-mono      2.37                 hab24e00_0               conda-forge
2025-01-20T14:09:38.9688160Z   font-ttf-inconsolata           3.000                h77eed37_0               conda-forge
2025-01-20T14:09:38.9688820Z   font-ttf-source-code-pro       2.038                h77eed37_0               conda-forge
2025-01-20T14:09:38.9689240Z   font-ttf-ubuntu                0.83                 h77eed37_3               conda-forge
2025-01-20T14:09:38.9689590Z   fontconfig                     2.14.2               h82840c6_0               conda-forge
2025-01-20T14:09:38.9690100Z   fonts-conda-ecosystem          1                    0                        conda-forge
2025-01-20T14:09:38.9690640Z   fonts-conda-forge              1                    0                        conda-forge
2025-01-20T14:09:38.9691180Z   fonttools                      4.53.0               py312h7e5086c_0          conda-forge
2025-01-20T14:09:38.9691570Z   fqdn                           1.5.1                pyhd8ed1ab_1             conda-forge
2025-01-20T14:09:38.9691890Z   freetype                       2.12.1               hadb7bae_2               conda-forge
2025-01-20T14:09:38.9692310Z   fribidi                        1.0.10               h27ca646_0               conda-forge
2025-01-20T14:09:38.9692670Z   future                         1.0.0                pyhd8ed1ab_1             conda-forge
2025-01-20T14:09:38.9693130Z   gdk-pixbuf                     2.42.12              h7ddc832_0               conda-forge
2025-01-20T14:09:38.9693490Z   gettext                        0.22.5               h8414b35_3               conda-forge
2025-01-20T14:09:38.9693900Z   gettext-tools                  0.22.5               h8414b35_3               conda-forge
2025-01-20T14:09:38.9694250Z   giflib                         5.2.2                h93a5062_0               conda-forge
2025-01-20T14:09:38.9694620Z   git-lfs                        3.5.1                h40ddcf5_1               conda-forge
2025-01-20T14:09:38.9694940Z   gmp                            6.3.0                h7bae524_2               conda-forge
2025-01-20T14:09:38.9695320Z   gmpy2                          2.1.5                py312h524cf62_3          conda-forge
2025-01-20T14:09:38.9695660Z   graphite2                      1.3.13               hebf3989_1003            conda-forge
2025-01-20T14:09:38.9696060Z   graphviz                       11.0.0               h9bb9bc9_0               conda-forge
2025-01-20T14:09:38.9696480Z   greenlet                       3.1.1                py312hde4cb15_0          conda-forge
2025-01-20T14:09:38.9696900Z   gtk2                           2.24.33              h7895bb2_4               conda-forge
2025-01-20T14:09:38.9697200Z   gts                            0.7.6                he42f4ea_4               conda-forge
2025-01-20T14:09:38.9697610Z   h11                            0.14.0               pyhd8ed1ab_1             conda-forge
2025-01-20T14:09:38.9698020Z   h2                             4.1.0                pyhd8ed1ab_1             conda-forge
2025-01-20T14:09:38.9698330Z   h5py                           3.11.0               nompi_py312h3cd0824_103  conda-forge
2025-01-20T14:09:38.9699340Z   harfbuzz                       8.5.0                h1836168_0               conda-forge
2025-01-20T14:09:38.9699780Z   hdf5                           1.14.3               nompi_hec07895_105       conda-forge
2025-01-20T14:09:38.9700110Z   hpack                          4.0.0                pyhd8ed1ab_1             conda-forge
2025-01-20T14:09:38.9700480Z   httpcore                       1.0.5                pyhd8ed1ab_0             conda-forge
2025-01-20T14:09:38.9700790Z   httpx                          0.27.0               pyhd8ed1ab_0             conda-forge
2025-01-20T14:09:38.9701170Z   hyperframe                     6.0.1                pyhd8ed1ab_1             conda-forge
2025-01-20T14:09:38.9701500Z   icu                            73.2                 hc8870d7_0               conda-forge
2025-01-20T14:09:38.9701860Z   idna                           3.7                  pyhd8ed1ab_0             conda-forge
2025-01-20T14:09:38.9702190Z   imagesize                      1.4.1                pyhd8ed1ab_0             conda-forge
2025-01-20T14:09:38.9703140Z   importlib-metadata             7.1.0                pyha770c72_0             conda-forge
2025-01-20T14:09:38.9703510Z   importlib_metadata             7.1.0                hd8ed1ab_0               conda-forge
2025-01-20T14:09:38.9703940Z   importlib_resources            6.4.0                pyhd8ed1ab_0             conda-forge
2025-01-20T14:09:38.9704320Z   iniconfig                      2.0.0                pyhd8ed1ab_1             conda-forge
2025-01-20T14:09:38.9704720Z   ipykernel                      6.29.4               pyh57ce528_0             conda-forge
2025-01-20T14:09:38.9705390Z   ipython                        8.25.0               pyh707e725_0             conda-forge
2025-01-20T14:09:38.9705880Z   ipython_genutils               0.2.0                pyhd8ed1ab_2             conda-forge
2025-01-20T14:09:38.9706270Z   ipywidgets                     7.8.5                pyhd8ed1ab_0             conda-forge
2025-01-20T14:09:38.9706740Z   isoduration                    20.11.0              pyhd8ed1ab_1             conda-forge
2025-01-20T14:09:38.9707110Z   jedi                           0.19.1               pyhd8ed1ab_0             conda-forge
2025-01-20T14:09:38.9707420Z   jinja2                         3.1.4                pyhd8ed1ab_1             conda-forge
2025-01-20T14:09:38.9707790Z   json5                          0.9.25               pyhd8ed1ab_0             conda-forge
2025-01-20T14:09:38.9708110Z   jsonpointer                    3.0.0                py312h81bd7bf_1          conda-forge
2025-01-20T14:09:38.9708490Z   jsonschema                     4.22.0               pyhd8ed1ab_0             conda-forge
2025-01-20T14:09:38.9708890Z   jsonschema-specifications      2023.12.1            pyhd8ed1ab_0             conda-forge
2025-01-20T14:09:38.9709370Z   jsonschema-with-format-nongpl  4.22.0               pyhd8ed1ab_0             conda-forge
2025-01-20T14:09:38.9709760Z   jupyter-cache                  1.0.1                pyhff2d567_0             conda-forge
2025-01-20T14:09:38.9710150Z   jupyter-lsp                    2.2.5                pyhd8ed1ab_1             conda-forge
2025-01-20T14:09:38.9710500Z   jupyter_client                 8.6.2                pyhd8ed1ab_0             conda-forge
2025-01-20T14:09:38.9710950Z   jupyter_core                   5.7.2                pyh31011fe_1             conda-forge
2025-01-20T14:09:38.9711370Z   jupyter_events                 0.10.0               pyhd8ed1ab_1             conda-forge
2025-01-20T14:09:38.9711780Z   jupyter_server                 2.14.1               pyhd8ed1ab_1             conda-forge
2025-01-20T14:09:38.9712160Z   jupyter_server_terminals       0.5.3                pyhd8ed1ab_1             conda-forge
2025-01-20T14:09:38.9712610Z   jupyterlab                     4.2.2                pyhd8ed1ab_0             conda-forge
2025-01-20T14:09:38.9712970Z   jupyterlab_pygments            0.3.0                pyhd8ed1ab_2             conda-forge
2025-01-20T14:09:38.9713450Z   jupyterlab_server              2.27.2               pyhd8ed1ab_0             conda-forge
2025-01-20T14:09:38.9713830Z   jupyterlab_widgets             1.1.11               pyhd8ed1ab_0             conda-forge
2025-01-20T14:09:38.9714290Z   kiwisolver                     1.4.5                py312h6142ec9_2          conda-forge
2025-01-20T14:09:38.9714620Z   krb5                           1.21.2               h92f50d5_0               conda-forge
2025-01-20T14:09:38.9715030Z   latexcodec                     2.0.1                pyh9f0ad1d_0             conda-forge
2025-01-20T14:09:38.9715390Z   lcms2                          2.16                 ha0e7c42_0               conda-forge
2025-01-20T14:09:38.9715760Z   lerc                           4.0.0                h9a09cb3_0               conda-forge
2025-01-20T14:09:38.9734220Z   libaec                         1.1.3                hebf3989_0               conda-forge
2025-01-20T14:09:38.9734600Z   libasprintf                    0.22.5               h8414b35_3               conda-forge
2025-01-20T14:09:38.9735350Z   libasprintf-devel              0.22.5               h8414b35_3               conda-forge
2025-01-20T14:09:38.9735680Z   libblas                        3.9.0                24_osxarm64_openblas     conda-forge
2025-01-20T14:09:38.9744580Z   libbrotlicommon                1.1.0                hd74edd7_2               conda-forge
2025-01-20T14:09:38.9745030Z   libbrotlidec                   1.1.0                hd74edd7_2               conda-forge
2025-01-20T14:09:38.9745560Z   libbrotlienc                   1.1.0                hd74edd7_2               conda-forge
2025-01-20T14:09:38.9745960Z   libcblas                       3.9.0                24_osxarm64_openblas     conda-forge
2025-01-20T14:09:38.9746800Z   libcurl                        8.8.0                h7b6f9a7_0               conda-forge
2025-01-20T14:09:38.9747200Z   libcxx                         17.0.6               he144fb7_6               conda-forge
2025-01-20T14:09:38.9747600Z   libdeflate                     1.20                 h93a5062_0               conda-forge
2025-01-20T14:09:38.9747980Z   libedit                        3.1.20191231         hc8eb9b7_2               conda-forge
2025-01-20T14:09:38.9748400Z   libev                          4.33                 h93a5062_2               conda-forge
2025-01-20T14:09:38.9748820Z   libexpat                       2.6.2                hebf3989_0               conda-forge
2025-01-20T14:09:38.9749230Z   libffi                         3.4.2                h3422bc3_5               conda-forge
2025-01-20T14:09:38.9749590Z   libgd                          2.3.3                hfdf3952_9               conda-forge
2025-01-20T14:09:38.9749930Z   libgettextpo                   0.22.5               h8414b35_3               conda-forge
2025-01-20T14:09:38.9750340Z   libgettextpo-devel             0.22.5               h8414b35_3               conda-forge
2025-01-20T14:09:38.9750750Z   libgfortran                    5.0.0                13_2_0_hd922786_3        conda-forge
2025-01-20T14:09:38.9751250Z   libgfortran5                   13.2.0               hf226fd6_3               conda-forge
2025-01-20T14:09:38.9751720Z   libglib                        2.80.2               h59d46d9_1               conda-forge
2025-01-20T14:09:38.9752150Z   libiconv                       1.17                 h0d3ecfb_2               conda-forge
2025-01-20T14:09:38.9752510Z   libintl                        0.22.5               h8414b35_3               conda-forge
2025-01-20T14:09:38.9752920Z   libintl-devel                  0.22.5               h8414b35_3               conda-forge
2025-01-20T14:09:38.9753270Z   libjpeg-turbo                  3.0.0                hb547adb_1               conda-forge
2025-01-20T14:09:38.9753700Z   liblapack                      3.9.0                24_osxarm64_openblas     conda-forge
2025-01-20T14:09:38.9754080Z   libllvm14                      14.0.6               hd1a9a77_4               conda-forge
2025-01-20T14:09:38.9754440Z   libnghttp2                     1.58.0               ha4dd798_1               conda-forge
2025-01-20T14:09:38.9754800Z   libopenblas                    0.3.27               openmp_h517c56d_1        conda-forge
2025-01-20T14:09:38.9755230Z   libpng                         1.6.43               h091b4b1_0               conda-forge
2025-01-20T14:09:38.9755510Z   librsvg                        2.58.1               hbc281fb_0               conda-forge
2025-01-20T14:09:38.9755830Z   libsodium                      1.0.18               h27ca646_1               conda-forge
2025-01-20T14:09:38.9756120Z   libsqlite                      3.46.0               hfb93653_0               conda-forge
2025-01-20T14:09:38.9756480Z   libssh2                        1.11.0               h7a5bd25_0               conda-forge
2025-01-20T14:09:38.9756800Z   libtiff                        4.6.0                h07db509_3               conda-forge
2025-01-20T14:09:38.9757190Z   libwebp                        1.4.0                h54798ee_0               conda-forge
2025-01-20T14:09:38.9757720Z   libwebp-base                   1.4.0                h93a5062_0               conda-forge
2025-01-20T14:09:38.9758050Z   libxcb                         1.16                 hc9fafa5_1               conda-forge
2025-01-20T14:09:38.9758400Z   libxml2                        2.12.7               h9a80f22_3               conda-forge
2025-01-20T14:09:38.9758720Z   libxslt                        1.1.39               h223e5b9_0               conda-forge
2025-01-20T14:09:38.9759090Z   libzlib                        1.3.1                h8359307_2               conda-forge
2025-01-20T14:09:38.9759440Z   linkify-it-py                  2.0.3                pyhd8ed1ab_1             conda-forge
2025-01-20T14:09:38.9760010Z   llvm-openmp                    18.1.7               hde57baf_0               conda-forge
2025-01-20T14:09:38.9760370Z   llvmlite                       0.42.0               py312h17030e7_1          conda-forge
2025-01-20T14:09:38.9760740Z   lxml                           5.2.2                py312h0e5ab22_0          conda-forge
2025-01-20T14:09:38.9761020Z   lz4-c                          1.9.4                hb7217d7_0               conda-forge
2025-01-20T14:09:38.9761340Z   markdown                       3.6                  pyhd8ed1ab_0             conda-forge
2025-01-20T14:09:38.9761690Z   markdown-it-py                 3.0.0                pyhd8ed1ab_1             conda-forge
2025-01-20T14:09:38.9762050Z   markupsafe                     2.1.5                py312h024a12e_1          conda-forge
2025-01-20T14:09:38.9762480Z   matplotlib-base                3.8.4                py312h4479663_2          conda-forge
2025-01-20T14:09:38.9762820Z   matplotlib-inline              0.1.7                pyhd8ed1ab_1             conda-forge
2025-01-20T14:09:38.9763250Z   mdit-py-plugins                0.4.2                pyhd8ed1ab_1             conda-forge
2025-01-20T14:09:38.9763560Z   mdurl                          0.1.2                pyhd8ed1ab_1             conda-forge
2025-01-20T14:09:38.9763850Z   mistune                        3.0.2                pyhd8ed1ab_1             conda-forge
2025-01-20T14:09:38.9764120Z   mpc                            1.3.1                h8f1351a_1               conda-forge
2025-01-20T14:09:38.9764380Z   mpfr                           4.2.1                hb693164_3               conda-forge
2025-01-20T14:09:38.9764660Z   mpmath                         1.3.0                pyhd8ed1ab_1             conda-forge
2025-01-20T14:09:38.9764940Z   munkres                        1.1.4                pyh9f0ad1d_0             conda-forge
2025-01-20T14:09:38.9765240Z   mypy_extensions                1.0.0                pyha770c72_1             conda-forge
2025-01-20T14:09:38.9765540Z   myst-nb                        1.1.2                pyhd8ed1ab_1             conda-forge
2025-01-20T14:09:38.9765840Z   myst-parser                    4.0.0                pyhd8ed1ab_1             conda-forge
2025-01-20T14:09:38.9766140Z   nbclassic                      1.1.0                pyhd8ed1ab_1             conda-forge
2025-01-20T14:09:38.9766440Z   nbclient                       0.10.0               pyhd8ed1ab_0             conda-forge
2025-01-20T14:09:38.9766730Z   nbconvert                      7.16.4               hd8ed1ab_3               conda-forge
2025-01-20T14:09:38.9767040Z   nbconvert-core                 7.16.4               pyhd8ed1ab_3             conda-forge
2025-01-20T14:09:38.9767510Z   nbconvert-pandoc               7.16.4               hd8ed1ab_3               conda-forge
2025-01-20T14:09:38.9767830Z   nbformat                       5.10.4               pyhd8ed1ab_1             conda-forge
2025-01-20T14:09:38.9768120Z   nbsite                         0.8.7                py_0                     pyviz      
2025-01-20T14:09:38.9768400Z   nbsphinx                       0.9.4                pyhd8ed1ab_0             conda-forge
2025-01-20T14:09:38.9768680Z   ncurses                        6.5                  h5e97a16_2               conda-forge
2025-01-20T14:09:38.9769170Z   nest-asyncio                   1.6.0                pyhd8ed1ab_1             conda-forge
2025-01-20T14:09:38.9769470Z   networkx                       3.3                  pyhd8ed1ab_1             conda-forge
2025-01-20T14:09:38.9769750Z   notebook                       7.2.1                pyhd8ed1ab_0             conda-forge
2025-01-20T14:09:38.9770040Z   notebook-shim                  0.2.4                pyhd8ed1ab_1             conda-forge
2025-01-20T14:09:38.9770330Z   numba                          0.59.1               py312hbaff935_0          conda-forge
2025-01-20T14:09:38.9770610Z   numexpr                        2.10.0               py312h8ae5369_0          conda-forge
2025-01-20T14:09:38.9771000Z   numpy                          1.26.4               py312h8442bc7_0          conda-forge
2025-01-20T14:09:38.9771290Z   numpydoc                       1.7.0                pyhd8ed1ab_3             conda-forge
2025-01-20T14:09:38.9771570Z   openjpeg                       2.5.2                h9f1df11_0               conda-forge
2025-01-20T14:09:38.9771850Z   openssl                        3.4.0                h81ee809_1               conda-forge
2025-01-20T14:09:38.9772140Z   overrides                      7.7.0                pyhd8ed1ab_1             conda-forge
2025-01-20T14:09:38.9772420Z   packaging                      24.1                 pyhd8ed1ab_0             conda-forge
2025-01-20T14:09:38.9772710Z   pandas                         2.2.2                py312h8ae5369_1          conda-forge
2025-01-20T14:09:38.9772980Z   pandoc                         3.2.1                hce30654_0               conda-forge
2025-01-20T14:09:38.9773270Z   pandocfilters                  1.5.0                pyhd8ed1ab_0             conda-forge
2025-01-20T14:09:38.9773570Z   panel                          1.5.5                pyhd8ed1ab_0             conda-forge
2025-01-20T14:09:38.9773840Z   pango                          1.54.0               h5cb9fbc_0               conda-forge
2025-01-20T14:09:38.9774110Z   param                          2.2.0                pyhd8ed1ab_0             conda-forge
2025-01-20T14:09:38.9774390Z   parso                          0.8.4                pyhd8ed1ab_1             conda-forge
2025-01-20T14:09:38.9774670Z   pathspec                       0.12.1               pyhd8ed1ab_1             conda-forge
2025-01-20T14:09:38.9774970Z   pbr                            6.0.0                pyhd8ed1ab_0             conda-forge
2025-01-20T14:09:38.9775230Z   pcre2                          10.44                h297a79d_2               conda-forge
2025-01-20T14:09:38.9775510Z   pexpect                        4.9.0                pyhd8ed1ab_1             conda-forge
2025-01-20T14:09:38.9775800Z   pickleshare                    0.7.5                pyhd8ed1ab_1004          conda-forge
2025-01-20T14:09:38.9776090Z   pillow                         10.3.0               py312h39b1d8d_1          conda-forge
2025-01-20T14:09:38.9776360Z   pip                            24.3.1               pyh8b19718_2             conda-forge
2025-01-20T14:09:38.9776630Z   pixman                         0.43.4               hebf3989_0               conda-forge
2025-01-20T14:09:38.9776950Z   pkgutil-resolve-name           1.3.10               pyhd8ed1ab_2             conda-forge
2025-01-20T14:09:38.9777270Z   platformdirs                   4.2.2                pyhd8ed1ab_0             conda-forge
2025-01-20T14:09:38.9777560Z   plotly                         5.22.0               pyhd8ed1ab_0             conda-forge
2025-01-20T14:09:38.9777840Z   pluggy                         1.5.0                pyhd8ed1ab_1             conda-forge
2025-01-20T14:09:38.9778130Z   portalocker                    3.0.0                py312h81bd7bf_0          conda-forge
2025-01-20T14:09:38.9778450Z   prometheus_client              0.20.0               pyhd8ed1ab_0             conda-forge
2025-01-20T14:09:38.9778770Z   prompt-toolkit                 3.0.47               pyha770c72_0             conda-forge
2025-01-20T14:09:38.9779070Z   psutil                         5.9.8                py312he37b823_0          conda-forge
2025-01-20T14:09:38.9779750Z   pthread-stubs                  0.4                  hd74edd7_1002            conda-forge
2025-01-20T14:09:38.9780050Z   ptyprocess                     0.7.0                pyhd8ed1ab_1             conda-forge
2025-01-20T14:09:38.9780350Z   pure_eval                      0.2.2                pyhd8ed1ab_0             conda-forge
2025-01-20T14:09:38.9780640Z   py-cpuinfo                     9.0.0                pyhd8ed1ab_1             conda-forge
2025-01-20T14:09:38.9780930Z   pybtex                         0.24.0               pyhd8ed1ab_3             conda-forge
2025-01-20T14:09:38.9781470Z   pybtex-docutils                1.0.3                py312h81bd7bf_2          conda-forge
2025-01-20T14:09:38.9781790Z   pycparser                      2.22                 pyh29332c3_1             conda-forge
2025-01-20T14:09:38.9782110Z   pydata-sphinx-theme            0.15.4               pyhd8ed1ab_0             conda-forge
2025-01-20T14:09:38.9782420Z   pyerfa                         2.0.1.4              py312h755e627_2          conda-forge
2025-01-20T14:09:38.9782700Z   pygments                       2.18.0               pyhd8ed1ab_1             conda-forge
2025-01-20T14:09:38.9783000Z   pygraphviz                     1.13                 py312h5f4d302_1          conda-forge
2025-01-20T14:09:38.9783290Z   pyobjc-core                    10.3.1               py312hd24fc31_1          conda-forge
2025-01-20T14:09:38.9783630Z   pyobjc-framework-cocoa         10.3.1               py312hd24fc31_1          conda-forge
2025-01-20T14:09:38.9783960Z   pyparsing                      3.1.2                pyhd8ed1ab_0             conda-forge
2025-01-20T14:09:38.9784340Z   pysocks                        1.7.1                pyha55dd90_7             conda-forge
2025-01-20T14:09:38.9784630Z   pytables                       3.9.2                py312hb622ae1_2          conda-forge
2025-01-20T14:09:38.9784910Z   pytest                         8.2.2                pyhd8ed1ab_0             conda-forge
2025-01-20T14:09:38.9785200Z   pytest-cov                     5.0.0                pyhd8ed1ab_0             conda-forge
2025-01-20T14:09:38.9785510Z   pytest-doctestplus             1.2.1                pyhd8ed1ab_0             conda-forge
2025-01-20T14:09:38.9785830Z   pytest-html                    4.1.1                pyhd8ed1ab_1             conda-forge
2025-01-20T14:09:38.9786150Z   pytest-metadata                3.1.1                pyhd8ed1ab_1             conda-forge
2025-01-20T14:09:38.9786450Z   python                         3.12.4               h30c5eda_0_cpython       conda-forge
2025-01-20T14:09:38.9786770Z   python-dateutil                2.9.0.post0          pyhff2d567_1             conda-forge
2025-01-20T14:09:38.9787130Z   python-fastjsonschema          2.20.0               pyhd8ed1ab_0             conda-forge
2025-01-20T14:09:38.9787480Z   python-json-logger             2.0.7                pyhd8ed1ab_0             conda-forge
2025-01-20T14:09:38.9787800Z   python-tzdata                  2024.1               pyhd8ed1ab_0             conda-forge
2025-01-20T14:09:38.9788140Z   python_abi                     3.12                 5_cp312                  conda-forge
2025-01-20T14:09:38.9788420Z   pytz                           2024.1               pyhd8ed1ab_0             conda-forge
2025-01-20T14:09:38.9788690Z   pyviz_comms                    3.0.4                pyhd8ed1ab_1             conda-forge
2025-01-20T14:09:38.9788970Z   pyyaml                         6.0.1                py312h02f2b3b_1          conda-forge
2025-01-20T14:09:38.9789230Z   pyzmq                          26.0.3               py312hfa13136_0          conda-forge
2025-01-20T14:09:38.9789500Z   qgrid                          1.3.1                pyhd8ed1ab_5             conda-forge
2025-01-20T14:09:38.9789790Z   radioactivedecay               0.5.1                pyhd8ed1ab_1             conda-forge
2025-01-20T14:09:38.9790080Z   readline                       8.2                  h92ec313_1               conda-forge
2025-01-20T14:09:38.9790490Z   recommonmark                   0.7.1                pyhd8ed1ab_1             conda-forge
2025-01-20T14:09:38.9790790Z   referencing                    0.35.1               pyhd8ed1ab_1             conda-forge
2025-01-20T14:09:38.9791070Z   requests                       2.32.3               pyhd8ed1ab_1             conda-forge
2025-01-20T14:09:38.9791370Z   rfc3339-validator              0.1.4                pyhd8ed1ab_1             conda-forge
2025-01-20T14:09:38.9791690Z   rfc3986-validator              0.1.1                pyh9f0ad1d_0             conda-forge
2025-01-20T14:09:38.9792070Z   rpds-py                        0.18.1               py312h552d48e_0          conda-forge
2025-01-20T14:09:38.9792340Z   ruff                           0.4.9                py312h3402d49_0          conda-forge
2025-01-20T14:09:38.9792600Z   scipy                          1.13.1               py312h14ffa8f_0          conda-forge
2025-01-20T14:09:38.9792880Z   send2trash                     1.8.3                pyh31c8845_1             conda-forge
2025-01-20T14:09:38.9793160Z   setuptools                     70.0.0               pyhd8ed1ab_0             conda-forge
2025-01-20T14:09:38.9793460Z   setuptools-scm                 8.1.0                pyhd8ed1ab_1             conda-forge
2025-01-20T14:09:38.9793760Z   setuptools_scm                 8.1.0                hd8ed1ab_1               conda-forge
2025-01-20T14:09:38.9794040Z   six                            1.16.0               pyhd8ed1ab_1             conda-forge
2025-01-20T14:09:38.9794310Z   snakeviz                       2.2.0                pyhd8ed1ab_0             conda-forge
2025-01-20T14:09:38.9794580Z   snappy                         1.2.0                hd04f947_1               conda-forge
2025-01-20T14:09:38.9794840Z   sniffio                        1.3.1                pyhd8ed1ab_1             conda-forge
2025-01-20T14:09:38.9795140Z   snowballstemmer                2.2.0                pyhd8ed1ab_0             conda-forge
2025-01-20T14:09:38.9795440Z   soupsieve                      2.5                  pyhd8ed1ab_1             conda-forge
2025-01-20T14:09:38.9795710Z   sphinx                         7.3.7                pyhd8ed1ab_0             conda-forge
2025-01-20T14:09:38.9795990Z   sphinx-astropy                 1.9.1                pyhd8ed1ab_1             conda-forge
2025-01-20T14:09:38.9796310Z   sphinx-automodapi              0.17.0               pyh717bed2_1             conda-forge
2025-01-20T14:09:38.9796620Z   sphinx-copybutton              0.5.2                pyhd8ed1ab_1             conda-forge
2025-01-20T14:09:38.9796940Z   sphinx-design                  0.6.1                pyhd8ed1ab_2             conda-forge
2025-01-20T14:09:38.9797240Z   sphinx-gallery                 0.16.0               pyhd8ed1ab_0             conda-forge
2025-01-20T14:09:38.9797570Z   sphinx-jsonschema              1.19.1               pyhd8ed1ab_1             conda-forge
2025-01-20T14:09:38.9797890Z   sphinx_bootstrap_theme         0.8.1                pyhd8ed1ab_1             conda-forge
2025-01-20T14:09:38.9798200Z   sphinx_rtd_theme               2.0.0                pyha770c72_0             conda-forge
2025-01-20T14:09:38.9798510Z   sphinxcontrib-apidoc           0.3.0                py_1                     conda-forge
2025-01-20T14:09:38.9798850Z   sphinxcontrib-applehelp        1.0.8                pyhd8ed1ab_0             conda-forge
2025-01-20T14:09:38.9799200Z   sphinxcontrib-bibtex           2.6.2                pyhd8ed1ab_0             conda-forge
2025-01-20T14:09:38.9799540Z   sphinxcontrib-devhelp          1.0.6                pyhd8ed1ab_0             conda-forge
2025-01-20T14:09:38.9799880Z   sphinxcontrib-htmlhelp         2.0.5                pyhd8ed1ab_0             conda-forge
2025-01-20T14:09:38.9800220Z   sphinxcontrib-jquery           4.1                  pyhd8ed1ab_1             conda-forge
2025-01-20T14:09:38.9800560Z   sphinxcontrib-jsmath           1.0.1                pyhd8ed1ab_1             conda-forge
2025-01-20T14:09:38.9800990Z   sphinxcontrib-qthelp           1.0.7                pyhd8ed1ab_0             conda-forge
2025-01-20T14:09:38.9801360Z   sphinxcontrib-serializinghtml  1.1.10               pyhd8ed1ab_1             conda-forge
2025-01-20T14:09:38.9801720Z   sphinxext-rediraffe            0.2.7                pyhd8ed1ab_2             conda-forge
2025-01-20T14:09:38.9802030Z   sqlalchemy                     2.0.37               py312hea69d52_0          conda-forge
2025-01-20T14:09:38.9802320Z   stack_data                     0.6.2                pyhd8ed1ab_0             conda-forge
2025-01-20T14:09:38.9802690Z   sympy                          1.12.1               pypyh2585a3b_103         conda-forge
2025-01-20T14:09:38.9802970Z   tabulate                       0.9.0                pyhd8ed1ab_2             conda-forge
2025-01-20T14:09:38.9803240Z   tenacity                       8.4.1                pyhd8ed1ab_0             conda-forge
2025-01-20T14:09:38.9803520Z   terminado                      0.18.1               pyh31c8845_0             conda-forge
2025-01-20T14:09:38.9803800Z   tinycss2                       1.3.0                pyhd8ed1ab_0             conda-forge
2025-01-20T14:09:38.9804060Z   tk                             8.6.13               h5083fa2_1               conda-forge
2025-01-20T14:09:38.9804320Z   toml                           0.10.2               pyhd8ed1ab_1             conda-forge
2025-01-20T14:09:38.9804580Z   tomli                          2.0.1                pyhd8ed1ab_0             conda-forge
2025-01-20T14:09:38.9804840Z   tornado                        6.4.1                py312h024a12e_1          conda-forge
2025-01-20T14:09:38.9805110Z   tqdm                           4.66.4               pyhd8ed1ab_0             conda-forge
2025-01-20T14:09:38.9805370Z   traitlets                      5.14.3               pyhd8ed1ab_1             conda-forge
2025-01-20T14:09:38.9805660Z   typed-ast                      1.5.5                py312h02f2b3b_1          conda-forge
2025-01-20T14:09:38.9805980Z   types-python-dateutil          2.9.0.20240316       pyhd8ed1ab_0             conda-forge
2025-01-20T14:09:38.9806330Z   typing-extensions              4.12.2               hd8ed1ab_1               conda-forge
2025-01-20T14:09:38.9806640Z   typing_extensions              4.12.2               pyha770c72_1             conda-forge
2025-01-20T14:09:38.9806940Z   typing_utils                   0.1.0                pyhd8ed1ab_1             conda-forge
2025-01-20T14:09:38.9807220Z   tzdata                         2024a                h8827d51_1               conda-forge
2025-01-20T14:09:38.9807500Z   uc-micro-py                    1.0.3                pyhd8ed1ab_1             conda-forge
2025-01-20T14:09:38.9807790Z   uri-template                   1.3.0                pyhd8ed1ab_1             conda-forge
2025-01-20T14:09:38.9808090Z   urllib3                        2.2.2                pyhd8ed1ab_1             conda-forge
2025-01-20T14:09:38.9808380Z   watchfiles                     1.0.4                py312hcd83bfe_0          conda-forge
2025-01-20T14:09:38.9808670Z   wcwidth                        0.2.13               pyhd8ed1ab_1             conda-forge
2025-01-20T14:09:38.9808960Z   webcolors                      24.6.0               pyhd8ed1ab_0             conda-forge
2025-01-20T14:09:38.9809250Z   webencodings                   0.5.1                pyhd8ed1ab_3             conda-forge
2025-01-20T14:09:38.9809570Z   websocket-client               1.8.0                pyhd8ed1ab_1             conda-forge
2025-01-20T14:09:38.9809880Z   wheel                          0.43.0               pyhd8ed1ab_1             conda-forge
2025-01-20T14:09:38.9810190Z   widgetsnbextension             3.6.10               pyhd8ed1ab_0             conda-forge
2025-01-20T14:09:38.9810520Z   xorg-libxau                    1.0.11               hd74edd7_1               conda-forge
2025-01-20T14:09:38.9810820Z   xorg-libxdmcp                  1.1.3                hd74edd7_2               conda-forge
2025-01-20T14:09:38.9811240Z   xyzservices                    2025.1.0             pyhd8ed1ab_0             conda-forge
2025-01-20T14:09:38.9811520Z   xz                             5.2.6                h57fd34a_0               conda-forge
2025-01-20T14:09:38.9811780Z   yaml                           0.2.5                h3422bc3_2               conda-forge
2025-01-20T14:09:38.9812040Z   zeromq                         4.3.5                hcc0f68c_4               conda-forge
2025-01-20T14:09:38.9812310Z   zipp                           3.19.2               pyhd8ed1ab_0             conda-forge
2025-01-20T14:09:38.9812680Z   zlib                           1.3.1                h8359307_2               conda-forge
2025-01-20T14:09:38.9812940Z   zlib-ng                        2.0.7                h1a8c8d9_0               conda-forge
2025-01-20T14:09:38.9813220Z   zstandard                      0.23.0               py312h15fbf35_1          conda-forge
2025-01-20T14:09:38.9813500Z   zstd                           1.5.6                hb46c0d2_0               conda-forge
2025-01-20T14:09:38.9814180Z ##[endgroup]
2025-01-20T14:09:38.9886670Z ##[group]Run pip install -e . --user
2025-01-20T14:09:38.9887030Z [36;1mpip install -e . --user[0m
2025-01-20T14:09:39.1319960Z shell: /bin/bash -l {0}
2025-01-20T14:09:39.1320130Z env:
2025-01-20T14:09:39.1320260Z   CACHE_NUMBER: 0
2025-01-20T14:09:39.1320750Z   PYTEST_FLAGS: --tardis-regression-data=/Users/runner/work/tardis/tardis/tardis-regression-data --cov=tardis --cov-report=xml --cov-report=html --cov-append
2025-01-20T14:09:39.1321230Z   CODECOV_TOKEN: 
2025-01-20T14:09:39.1321390Z   MAMBA_ROOT_PREFIX: /Users/runner/micromamba
2025-01-20T14:09:39.1321620Z   MAMBA_EXE: /Users/runner/micromamba-bin/micromamba
2025-01-20T14:09:39.1321880Z   CONDARC: /Users/runner/work/_temp/setup-micromamba/.condarc
2025-01-20T14:09:39.1322110Z ##[endgroup]
2025-01-20T14:09:40.0550770Z Obtaining file:///Users/runner/work/tardis/tardis
2025-01-20T14:09:40.0579850Z   Installing build dependencies: started
2025-01-20T14:09:41.8789460Z   Installing build dependencies: finished with status 'done'
2025-01-20T14:09:41.8796650Z   Checking if build backend supports build_editable: started
2025-01-20T14:09:41.9946640Z   Checking if build backend supports build_editable: finished with status 'done'
2025-01-20T14:09:41.9956430Z   Getting requirements to build editable: started
2025-01-20T14:09:42.5329310Z   Getting requirements to build editable: finished with status 'done'
2025-01-20T14:09:42.5339240Z   Preparing editable metadata (pyproject.toml): started
2025-01-20T14:09:43.9301340Z   Preparing editable metadata (pyproject.toml): finished with status 'done'
2025-01-20T14:09:43.9443730Z Requirement already satisfied: astropy in /Users/runner/micromamba/envs/tardis/lib/python3.12/site-packages (from tardis==0.0.0) (6.1.1)
2025-01-20T14:09:43.9489180Z Requirement already satisfied: numpy>=1.23 in /Users/runner/micromamba/envs/tardis/lib/python3.12/site-packages (from astropy->tardis==0.0.0) (1.26.4)
2025-01-20T14:09:43.9502810Z Requirement already satisfied: pyerfa>=2.0.1.1 in /Users/runner/micromamba/envs/tardis/lib/python3.12/site-packages (from astropy->tardis==0.0.0) (2.0.1.4)
2025-01-20T14:09:43.9504020Z Requirement already satisfied: astropy-iers-data>=0.2024.5.27.0.30.8 in /Users/runner/micromamba/envs/tardis/lib/python3.12/site-packages (from astropy->tardis==0.0.0) (0.2024.6.17.0.31.35)
2025-01-20T14:09:43.9505210Z Requirement already satisfied: PyYAML>=3.13 in /Users/runner/micromamba/envs/tardis/lib/python3.12/site-packages (from astropy->tardis==0.0.0) (6.0.1)
2025-01-20T14:09:43.9506250Z Requirement already satisfied: packaging>=19.0 in /Users/runner/micromamba/envs/tardis/lib/python3.12/site-packages (from astropy->tardis==0.0.0) (24.1)
2025-01-20T14:09:43.9531120Z Building wheels for collected packages: tardis
2025-01-20T14:09:43.9539130Z   Building editable for tardis (pyproject.toml): started
2025-01-20T14:09:44.5727660Z   Building editable for tardis (pyproject.toml): finished with status 'done'
2025-01-20T14:09:44.5735220Z   Created wheel for tardis: filename=tardis-0.0.0-0.editable-py3-none-any.whl size=8876 sha256=906e421103fbfa74c93064264335d220493194acbfe35295a247bbbcf8c26dcc
2025-01-20T14:09:44.5740990Z   Stored in directory: /private/var/folders/84/5079cppj57s0lzywhyzcxkjc0000gn/T/pip-ephem-wheel-cache-_a_ahkdl/wheels/bb/4f/6a/0829b918c1c10bc28535ce7f14be21eee54375bdd9cd0c306a
2025-01-20T14:09:44.5764960Z Successfully built tardis
2025-01-20T14:09:44.7442340Z Installing collected packages: tardis
2025-01-20T14:09:44.7543350Z Successfully installed tardis-0.0.0
2025-01-20T14:09:44.9241050Z ##[group]Run pip install qgridnext
2025-01-20T14:09:44.9241360Z [36;1mpip install qgridnext[0m
2025-01-20T14:09:44.9288800Z shell: /bin/bash -l {0}
2025-01-20T14:09:44.9288960Z env:
2025-01-20T14:09:44.9289100Z   CACHE_NUMBER: 0
2025-01-20T14:09:44.9289590Z   PYTEST_FLAGS: --tardis-regression-data=/Users/runner/work/tardis/tardis/tardis-regression-data --cov=tardis --cov-report=xml --cov-report=html --cov-append
2025-01-20T14:09:44.9290120Z   CODECOV_TOKEN: 
2025-01-20T14:09:44.9290290Z   MAMBA_ROOT_PREFIX: /Users/runner/micromamba
2025-01-20T14:09:44.9290560Z   MAMBA_EXE: /Users/runner/micromamba-bin/micromamba
2025-01-20T14:09:44.9290850Z   CONDARC: /Users/runner/work/_temp/setup-micromamba/.condarc
2025-01-20T14:09:44.9291100Z ##[endgroup]
2025-01-20T14:09:45.4390390Z Collecting qgridnext
2025-01-20T14:09:45.4771040Z   Downloading qgridnext-2.0.4-py3-none-any.whl.metadata (9.9 kB)
2025-01-20T14:09:45.4816570Z Requirement already satisfied: pandas>=0.20.0 in /Users/runner/micromamba/envs/tardis/lib/python3.12/site-packages (from qgridnext) (2.2.2)
2025-01-20T14:09:45.4818640Z Requirement already satisfied: ipywidgets>=7.0.0 in /Users/runner/micromamba/envs/tardis/lib/python3.12/site-packages (from qgridnext) (7.8.5)
2025-01-20T14:09:45.4820660Z Requirement already satisfied: numpy in /Users/runner/micromamba/envs/tardis/lib/python3.12/site-packages (from qgridnext) (1.26.4)
2025-01-20T14:09:45.4822370Z Requirement already satisfied: traitlets in /Users/runner/micromamba/envs/tardis/lib/python3.12/site-packages (from qgridnext) (5.14.3)
2025-01-20T14:09:45.4838850Z Requirement already satisfied: comm>=0.1.3 in /Users/runner/micromamba/envs/tardis/lib/python3.12/site-packages (from ipywidgets>=7.0.0->qgridnext) (0.2.2)
2025-01-20T14:09:45.4840870Z Requirement already satisfied: ipython-genutils~=0.2.0 in /Users/runner/micromamba/envs/tardis/lib/python3.12/site-packages (from ipywidgets>=7.0.0->qgridnext) (0.2.0)
2025-01-20T14:09:45.4843660Z Requirement already satisfied: widgetsnbextension~=3.6.10 in /Users/runner/micromamba/envs/tardis/lib/python3.12/site-packages (from ipywidgets>=7.0.0->qgridnext) (3.6.10)
2025-01-20T14:09:45.4846360Z Requirement already satisfied: ipython>=4.0.0 in /Users/runner/micromamba/envs/tardis/lib/python3.12/site-packages (from ipywidgets>=7.0.0->qgridnext) (8.25.0)
2025-01-20T14:09:45.4849570Z Requirement already satisfied: jupyterlab-widgets<3,>=1.0.0 in /Users/runner/micromamba/envs/tardis/lib/python3.12/site-packages (from ipywidgets>=7.0.0->qgridnext) (1.1.11)
2025-01-20T14:09:45.4897950Z Requirement already satisfied: python-dateutil>=2.8.2 in /Users/runner/micromamba/envs/tardis/lib/python3.12/site-packages (from pandas>=0.20.0->qgridnext) (2.9.0.post0)
2025-01-20T14:09:45.4899530Z Requirement already satisfied: pytz>=2020.1 in /Users/runner/micromamba/envs/tardis/lib/python3.12/site-packages (from pandas>=0.20.0->qgridnext) (2024.1)
2025-01-20T14:09:45.4901600Z Requirement already satisfied: tzdata>=2022.7 in /Users/runner/micromamba/envs/tardis/lib/python3.12/site-packages (from pandas>=0.20.0->qgridnext) (2024.1)
2025-01-20T14:09:45.4942160Z Requirement already satisfied: decorator in /Users/runner/micromamba/envs/tardis/lib/python3.12/site-packages (from ipython>=4.0.0->ipywidgets>=7.0.0->qgridnext) (5.1.1)
2025-01-20T14:09:45.4944020Z Requirement already satisfied: jedi>=0.16 in /Users/runner/micromamba/envs/tardis/lib/python3.12/site-packages (from ipython>=4.0.0->ipywidgets>=7.0.0->qgridnext) (0.19.1)
2025-01-20T14:09:45.4945690Z Requirement already satisfied: matplotlib-inline in /Users/runner/micromamba/envs/tardis/lib/python3.12/site-packages (from ipython>=4.0.0->ipywidgets>=7.0.0->qgridnext) (0.1.7)
2025-01-20T14:09:45.4947750Z Requirement already satisfied: prompt-toolkit<3.1.0,>=3.0.41 in /Users/runner/micromamba/envs/tardis/lib/python3.12/site-packages (from ipython>=4.0.0->ipywidgets>=7.0.0->qgridnext) (3.0.47)
2025-01-20T14:09:45.4950200Z Requirement already satisfied: pygments>=2.4.0 in /Users/runner/micromamba/envs/tardis/lib/python3.12/site-packages (from ipython>=4.0.0->ipywidgets>=7.0.0->qgridnext) (2.18.0)
2025-01-20T14:09:45.4951310Z Requirement already satisfied: stack-data in /Users/runner/micromamba/envs/tardis/lib/python3.12/site-packages (from ipython>=4.0.0->ipywidgets>=7.0.0->qgridnext) (0.6.2)
2025-01-20T14:09:45.4955300Z Requirement already satisfied: pexpect>4.3 in /Users/runner/micromamba/envs/tardis/lib/python3.12/site-packages (from ipython>=4.0.0->ipywidgets>=7.0.0->qgridnext) (4.9.0)
2025-01-20T14:09:45.4968230Z Requirement already satisfied: six>=1.5 in /Users/runner/micromamba/envs/tardis/lib/python3.12/site-packages (from python-dateutil>=2.8.2->pandas>=0.20.0->qgridnext) (1.16.0)
2025-01-20T14:09:45.4981680Z Requirement already satisfied: notebook>=4.4.1 in /Users/runner/micromamba/envs/tardis/lib/python3.12/site-packages (from widgetsnbextension~=3.6.10->ipywidgets>=7.0.0->qgridnext) (7.2.1)
2025-01-20T14:09:45.5005590Z Requirement already satisfied: parso<0.9.0,>=0.8.3 in /Users/runner/micromamba/envs/tardis/lib/python3.12/site-packages (from jedi>=0.16->ipython>=4.0.0->ipywidgets>=7.0.0->qgridnext) (0.8.4)
2025-01-20T14:09:45.5021650Z Requirement already satisfied: jupyter-server<3,>=2.4.0 in /Users/runner/micromamba/envs/tardis/lib/python3.12/site-packages (from notebook>=4.4.1->widgetsnbextension~=3.6.10->ipywidgets>=7.0.0->qgridnext) (2.14.1)
2025-01-20T14:09:45.5023550Z Requirement already satisfied: jupyterlab-server<3,>=2.27.1 in /Users/runner/micromamba/envs/tardis/lib/python3.12/site-packages (from notebook>=4.4.1->widgetsnbextension~=3.6.10->ipywidgets>=7.0.0->qgridnext) (2.27.2)
2025-01-20T14:09:45.5037000Z Requirement already satisfied: jupyterlab<4.3,>=4.2.0 in /Users/runner/micromamba/envs/tardis/lib/python3.12/site-packages (from notebook>=4.4.1->widgetsnbextension~=3.6.10->ipywidgets>=7.0.0->qgridnext) (4.2.2)
2025-01-20T14:09:45.5038310Z Requirement already satisfied: notebook-shim<0.3,>=0.2 in /Users/runner/micromamba/envs/tardis/lib/python3.12/site-packages (from notebook>=4.4.1->widgetsnbextension~=3.6.10->ipywidgets>=7.0.0->qgridnext) (0.2.4)
2025-01-20T14:09:45.5039350Z Requirement already satisfied: tornado>=6.2.0 in /Users/runner/micromamba/envs/tardis/lib/python3.12/site-packages (from notebook>=4.4.1->widgetsnbextension~=3.6.10->ipywidgets>=7.0.0->qgridnext) (6.4.1)
2025-01-20T14:09:45.5040330Z Requirement already satisfied: ptyprocess>=0.5 in /Users/runner/micromamba/envs/tardis/lib/python3.12/site-packages (from pexpect>4.3->ipython>=4.0.0->ipywidgets>=7.0.0->qgridnext) (0.7.0)
2025-01-20T14:09:45.5046710Z Requirement already satisfied: wcwidth in /Users/runner/micromamba/envs/tardis/lib/python3.12/site-packages (from prompt-toolkit<3.1.0,>=3.0.41->ipython>=4.0.0->ipywidgets>=7.0.0->qgridnext) (0.2.13)
2025-01-20T14:09:45.5073650Z Requirement already satisfied: executing>=1.2.0 in /Users/runner/micromamba/envs/tardis/lib/python3.12/site-packages (from stack-data->ipython>=4.0.0->ipywidgets>=7.0.0->qgridnext) (2.0.1)
2025-01-20T14:09:45.5075420Z Requirement already satisfied: asttokens>=2.1.0 in /Users/runner/micromamba/envs/tardis/lib/python3.12/site-packages (from stack-data->ipython>=4.0.0->ipywidgets>=7.0.0->qgridnext) (2.4.1)
2025-01-20T14:09:45.5080920Z Requirement already satisfied: pure-eval in /Users/runner/micromamba/envs/tardis/lib/python3.12/site-packages (from stack-data->ipython>=4.0.0->ipywidgets>=7.0.0->qgridnext) (0.2.2)
2025-01-20T14:09:45.5116990Z Requirement already satisfied: anyio>=3.1.0 in /Users/runner/micromamba/envs/tardis/lib/python3.12/site-packages (from jupyter-server<3,>=2.4.0->notebook>=4.4.1->widgetsnbextension~=3.6.10->ipywidgets>=7.0.0->qgridnext) (4.4.0)
2025-01-20T14:09:45.5118830Z Requirement already satisfied: argon2-cffi>=21.1 in /Users/runner/micromamba/envs/tardis/lib/python3.12/site-packages (from jupyter-server<3,>=2.4.0->notebook>=4.4.1->widgetsnbextension~=3.6.10->ipywidgets>=7.0.0->qgridnext) (23.1.0)
2025-01-20T14:09:45.5121160Z Requirement already satisfied: jinja2>=3.0.3 in /Users/runner/micromamba/envs/tardis/lib/python3.12/site-packages (from jupyter-server<3,>=2.4.0->notebook>=4.4.1->widgetsnbextension~=3.6.10->ipywidgets>=7.0.0->qgridnext) (3.1.4)
2025-01-20T14:09:45.5122990Z Requirement already satisfied: jupyter-client>=7.4.4 in /Users/runner/micromamba/envs/tardis/lib/python3.12/site-packages (from jupyter-server<3,>=2.4.0->notebook>=4.4.1->widgetsnbextension~=3.6.10->ipywidgets>=7.0.0->qgridnext) (8.6.2)
2025-01-20T14:09:45.5125260Z Requirement already satisfied: jupyter-core!=5.0.*,>=4.12 in /Users/runner/micromamba/envs/tardis/lib/python3.12/site-packages (from jupyter-server<3,>=2.4.0->notebook>=4.4.1->widgetsnbextension~=3.6.10->ipywidgets>=7.0.0->qgridnext) (5.7.2)
2025-01-20T14:09:45.5127270Z Requirement already satisfied: jupyter-events>=0.9.0 in /Users/runner/micromamba/envs/tardis/lib/python3.12/site-packages (from jupyter-server<3,>=2.4.0->notebook>=4.4.1->widgetsnbextension~=3.6.10->ipywidgets>=7.0.0->qgridnext) (0.10.0)
2025-01-20T14:09:45.5129770Z Requirement already satisfied: jupyter-server-terminals>=0.4.4 in /Users/runner/micromamba/envs/tardis/lib/python3.12/site-packages (from jupyter-server<3,>=2.4.0->notebook>=4.4.1->widgetsnbextension~=3.6.10->ipywidgets>=7.0.0->qgridnext) (0.5.3)
2025-01-20T14:09:45.5131770Z Requirement already satisfied: nbconvert>=6.4.4 in /Users/runner/micromamba/envs/tardis/lib/python3.12/site-packages (from jupyter-server<3,>=2.4.0->notebook>=4.4.1->widgetsnbextension~=3.6.10->ipywidgets>=7.0.0->qgridnext) (7.16.4)
2025-01-20T14:09:45.5133820Z Requirement already satisfied: nbformat>=5.3.0 in /Users/runner/micromamba/envs/tardis/lib/python3.12/site-packages (from jupyter-server<3,>=2.4.0->notebook>=4.4.1->widgetsnbextension~=3.6.10->ipywidgets>=7.0.0->qgridnext) (5.10.4)
2025-01-20T14:09:45.5135820Z Requirement already satisfied: overrides>=5.0 in /Users/runner/micromamba/envs/tardis/lib/python3.12/site-packages (from jupyter-server<3,>=2.4.0->notebook>=4.4.1->widgetsnbextension~=3.6.10->ipywidgets>=7.0.0->qgridnext) (7.7.0)
2025-01-20T14:09:45.5137870Z Requirement already satisfied: packaging>=22.0 in /Users/runner/micromamba/envs/tardis/lib/python3.12/site-packages (from jupyter-server<3,>=2.4.0->notebook>=4.4.1->widgetsnbextension~=3.6.10->ipywidgets>=7.0.0->qgridnext) (24.1)
2025-01-20T14:09:45.5139890Z Requirement already satisfied: prometheus-client>=0.9 in /Users/runner/micromamba/envs/tardis/lib/python3.12/site-packages (from jupyter-server<3,>=2.4.0->notebook>=4.4.1->widgetsnbextension~=3.6.10->ipywidgets>=7.0.0->qgridnext) (0.20.0)
2025-01-20T14:09:45.5141830Z Requirement already satisfied: pyzmq>=24 in /Users/runner/micromamba/envs/tardis/lib/python3.12/site-packages (from jupyter-server<3,>=2.4.0->notebook>=4.4.1->widgetsnbextension~=3.6.10->ipywidgets>=7.0.0->qgridnext) (26.0.3)
2025-01-20T14:09:45.5143780Z Requirement already satisfied: send2trash>=1.8.2 in /Users/runner/micromamba/envs/tardis/lib/python3.12/site-packages (from jupyter-server<3,>=2.4.0->notebook>=4.4.1->widgetsnbextension~=3.6.10->ipywidgets>=7.0.0->qgridnext) (1.8.3)
2025-01-20T14:09:45.5145740Z Requirement already satisfied: terminado>=0.8.3 in /Users/runner/micromamba/envs/tardis/lib/python3.12/site-packages (from jupyter-server<3,>=2.4.0->notebook>=4.4.1->widgetsnbextension~=3.6.10->ipywidgets>=7.0.0->qgridnext) (0.18.1)
2025-01-20T14:09:45.5149230Z Requirement already satisfied: websocket-client>=1.7 in /Users/runner/micromamba/envs/tardis/lib/python3.12/site-packages (from jupyter-server<3,>=2.4.0->notebook>=4.4.1->widgetsnbextension~=3.6.10->ipywidgets>=7.0.0->qgridnext) (1.8.0)
2025-01-20T14:09:45.5178960Z Requirement already satisfied: async-lru>=1.0.0 in /Users/runner/micromamba/envs/tardis/lib/python3.12/site-packages (from jupyterlab<4.3,>=4.2.0->notebook>=4.4.1->widgetsnbextension~=3.6.10->ipywidgets>=7.0.0->qgridnext) (2.0.4)
2025-01-20T14:09:45.5180540Z Requirement already satisfied: httpx>=0.25.0 in /Users/runner/micromamba/envs/tardis/lib/python3.12/site-packages (from jupyterlab<4.3,>=4.2.0->notebook>=4.4.1->widgetsnbextension~=3.6.10->ipywidgets>=7.0.0->qgridnext) (0.27.0)
2025-01-20T14:09:45.5182790Z Requirement already satisfied: ipykernel>=6.5.0 in /Users/runner/micromamba/envs/tardis/lib/python3.12/site-packages (from jupyterlab<4.3,>=4.2.0->notebook>=4.4.1->widgetsnbextension~=3.6.10->ipywidgets>=7.0.0->qgridnext) (6.29.4)
2025-01-20T14:09:45.5185930Z Requirement already satisfied: jupyter-lsp>=2.0.0 in /Users/runner/micromamba/envs/tardis/lib/python3.12/site-packages (from jupyterlab<4.3,>=4.2.0->notebook>=4.4.1->widgetsnbextension~=3.6.10->ipywidgets>=7.0.0->qgridnext) (2.2.5)
2025-01-20T14:09:45.5195550Z Requirement already satisfied: setuptools>=40.1.0 in /Users/runner/micromamba/envs/tardis/lib/python3.12/site-packages (from jupyterlab<4.3,>=4.2.0->notebook>=4.4.1->widgetsnbextension~=3.6.10->ipywidgets>=7.0.0->qgridnext) (70.0.0)
2025-01-20T14:09:45.5217100Z Requirement already satisfied: babel>=2.10 in /Users/runner/micromamba/envs/tardis/lib/python3.12/site-packages (from jupyterlab-server<3,>=2.27.1->notebook>=4.4.1->widgetsnbextension~=3.6.10->ipywidgets>=7.0.0->qgridnext) (2.14.0)
2025-01-20T14:09:45.5220620Z Requirement already satisfied: json5>=0.9.0 in /Users/runner/micromamba/envs/tardis/lib/python3.12/site-packages (from jupyterlab-server<3,>=2.27.1->notebook>=4.4.1->widgetsnbextension~=3.6.10->ipywidgets>=7.0.0->qgridnext) (0.9.25)
2025-01-20T14:09:45.5223920Z Requirement already satisfied: jsonschema>=4.18.0 in /Users/runner/micromamba/envs/tardis/lib/python3.12/site-packages (from jupyterlab-server<3,>=2.27.1->notebook>=4.4.1->widgetsnbextension~=3.6.10->ipywidgets>=7.0.0->qgridnext) (4.22.0)
2025-01-20T14:09:45.5227220Z Requirement already satisfied: requests>=2.31 in /Users/runner/micromamba/envs/tardis/lib/python3.12/site-packages (from jupyterlab-server<3,>=2.27.1->notebook>=4.4.1->widgetsnbextension~=3.6.10->ipywidgets>=7.0.0->qgridnext) (2.32.3)
2025-01-20T14:09:45.5300300Z Requirement already satisfied: idna>=2.8 in /Users/runner/micromamba/envs/tardis/lib/python3.12/site-packages (from anyio>=3.1.0->jupyter-server<3,>=2.4.0->notebook>=4.4.1->widgetsnbextension~=3.6.10->ipywidgets>=7.0.0->qgridnext) (3.7)
2025-01-20T14:09:45.5303780Z Requirement already satisfied: sniffio>=1.1 in /Users/runner/micromamba/envs/tardis/lib/python3.12/site-packages (from anyio>=3.1.0->jupyter-server<3,>=2.4.0->notebook>=4.4.1->widgetsnbextension~=3.6.10->ipywidgets>=7.0.0->qgridnext) (1.3.1)
2025-01-20T14:09:45.5328100Z Requirement already satisfied: argon2-cffi-bindings in /Users/runner/micromamba/envs/tardis/lib/python3.12/site-packages (from argon2-cffi>=21.1->jupyter-server<3,>=2.4.0->notebook>=4.4.1->widgetsnbextension~=3.6.10->ipywidgets>=7.0.0->qgridnext) (21.2.0)
2025-01-20T14:09:45.5357660Z Requirement already satisfied: certifi in /Users/runner/micromamba/envs/tardis/lib/python3.12/site-packages (from httpx>=0.25.0->jupyterlab<4.3,>=4.2.0->notebook>=4.4.1->widgetsnbextension~=3.6.10->ipywidgets>=7.0.0->qgridnext) (2024.12.14)
2025-01-20T14:09:45.5361810Z Requirement already satisfied: httpcore==1.* in /Users/runner/micromamba/envs/tardis/lib/python3.12/site-packages (from httpx>=0.25.0->jupyterlab<4.3,>=4.2.0->notebook>=4.4.1->widgetsnbextension~=3.6.10->ipywidgets>=7.0.0->qgridnext) (1.0.5)
2025-01-20T14:09:45.5375470Z Requirement already satisfied: h11<0.15,>=0.13 in /Users/runner/micromamba/envs/tardis/lib/python3.12/site-packages (from httpcore==1.*->httpx>=0.25.0->jupyterlab<4.3,>=4.2.0->notebook>=4.4.1->widgetsnbextension~=3.6.10->ipywidgets>=7.0.0->qgridnext) (0.14.0)
2025-01-20T14:09:45.5404370Z Requirement already satisfied: appnope in /Users/runner/micromamba/envs/tardis/lib/python3.12/site-packages (from ipykernel>=6.5.0->jupyterlab<4.3,>=4.2.0->notebook>=4.4.1->widgetsnbextension~=3.6.10->ipywidgets>=7.0.0->qgridnext) (0.1.4)
2025-01-20T14:09:45.5408770Z Requirement already satisfied: debugpy>=1.6.5 in /Users/runner/micromamba/envs/tardis/lib/python3.12/site-packages (from ipykernel>=6.5.0->jupyterlab<4.3,>=4.2.0->notebook>=4.4.1->widgetsnbextension~=3.6.10->ipywidgets>=7.0.0->qgridnext) (1.8.1)
2025-01-20T14:09:45.5412790Z Requirement already satisfied: nest-asyncio in /Users/runner/micromamba/envs/tardis/lib/python3.12/site-packages (from ipykernel>=6.5.0->jupyterlab<4.3,>=4.2.0->notebook>=4.4.1->widgetsnbextension~=3.6.10->ipywidgets>=7.0.0->qgridnext) (1.6.0)
2025-01-20T14:09:45.5416180Z Requirement already satisfied: psutil in /Users/runner/micromamba/envs/tardis/lib/python3.12/site-packages (from ipykernel>=6.5.0->jupyterlab<4.3,>=4.2.0->notebook>=4.4.1->widgetsnbextension~=3.6.10->ipywidgets>=7.0.0->qgridnext) (5.9.8)
2025-01-20T14:09:45.5432360Z Requirement already satisfied: MarkupSafe>=2.0 in /Users/runner/micromamba/envs/tardis/lib/python3.12/site-packages (from jinja2>=3.0.3->jupyter-server<3,>=2.4.0->notebook>=4.4.1->widgetsnbextension~=3.6.10->ipywidgets>=7.0.0->qgridnext) (2.1.5)
2025-01-20T14:09:45.5472050Z Requirement already satisfied: attrs>=22.2.0 in /Users/runner/micromamba/envs/tardis/lib/python3.12/site-packages (from jsonschema>=4.18.0->jupyterlab-server<3,>=2.27.1->notebook>=4.4.1->widgetsnbextension~=3.6.10->ipywidgets>=7.0.0->qgridnext) (23.2.0)
2025-01-20T14:09:45.5475940Z Requirement already satisfied: jsonschema-specifications>=2023.03.6 in /Users/runner/micromamba/envs/tardis/lib/python3.12/site-packages (from jsonschema>=4.18.0->jupyterlab-server<3,>=2.27.1->notebook>=4.4.1->widgetsnbextension~=3.6.10->ipywidgets>=7.0.0->qgridnext) (2023.12.1)
2025-01-20T14:09:45.5479680Z Requirement already satisfied: referencing>=0.28.4 in /Users/runner/micromamba/envs/tardis/lib/python3.12/site-packages (from jsonschema>=4.18.0->jupyterlab-server<3,>=2.27.1->notebook>=4.4.1->widgetsnbextension~=3.6.10->ipywidgets>=7.0.0->qgridnext) (0.35.1)
2025-01-20T14:09:45.5483340Z Requirement already satisfied: rpds-py>=0.7.1 in /Users/runner/micromamba/envs/tardis/lib/python3.12/site-packages (from jsonschema>=4.18.0->jupyterlab-server<3,>=2.27.1->notebook>=4.4.1->widgetsnbextension~=3.6.10->ipywidgets>=7.0.0->qgridnext) (0.18.1)
2025-01-20T14:09:45.5520400Z Requirement already satisfied: platformdirs>=2.5 in /Users/runner/micromamba/envs/tardis/lib/python3.12/site-packages (from jupyter-core!=5.0.*,>=4.12->jupyter-server<3,>=2.4.0->notebook>=4.4.1->widgetsnbextension~=3.6.10->ipywidgets>=7.0.0->qgridnext) (4.2.2)
2025-01-20T14:09:45.5561320Z Requirement already satisfied: python-json-logger>=2.0.4 in /Users/runner/micromamba/envs/tardis/lib/python3.12/site-packages (from jupyter-events>=0.9.0->jupyter-server<3,>=2.4.0->notebook>=4.4.1->widgetsnbextension~=3.6.10->ipywidgets>=7.0.0->qgridnext) (2.0.7)
2025-01-20T14:09:45.5565180Z Requirement already satisfied: pyyaml>=5.3 in /Users/runner/micromamba/envs/tardis/lib/python3.12/site-packages (from jupyter-events>=0.9.0->jupyter-server<3,>=2.4.0->notebook>=4.4.1->widgetsnbextension~=3.6.10->ipywidgets>=7.0.0->qgridnext) (6.0.1)
2025-01-20T14:09:45.5569020Z Requirement already satisfied: rfc3339-validator in /Users/runner/micromamba/envs/tardis/lib/python3.12/site-packages (from jupyter-events>=0.9.0->jupyter-server<3,>=2.4.0->notebook>=4.4.1->widgetsnbextension~=3.6.10->ipywidgets>=7.0.0->qgridnext) (0.1.4)
2025-01-20T14:09:45.5669070Z Requirement already satisfied: rfc3986-validator>=0.1.1 in /Users/runner/micromamba/envs/tardis/lib/python3.12/site-packages (from jupyter-events>=0.9.0->jupyter-server<3,>=2.4.0->notebook>=4.4.1->widgetsnbextension~=3.6.10->ipywidgets>=7.0.0->qgridnext) (0.1.1)
2025-01-20T14:09:45.5736550Z Requirement already satisfied: beautifulsoup4 in /Users/runner/micromamba/envs/tardis/lib/python3.12/site-packages (from nbconvert>=6.4.4->jupyter-server<3,>=2.4.0->notebook>=4.4.1->widgetsnbextension~=3.6.10->ipywidgets>=7.0.0->qgridnext) (4.12.3)
2025-01-20T14:09:45.5741090Z Requirement already satisfied: bleach!=5.0.0 in /Users/runner/micromamba/envs/tardis/lib/python3.12/site-packages (from nbconvert>=6.4.4->jupyter-server<3,>=2.4.0->notebook>=4.4.1->widgetsnbextension~=3.6.10->ipywidgets>=7.0.0->qgridnext) (6.1.0)
2025-01-20T14:09:45.5746660Z Requirement already satisfied: defusedxml in /Users/runner/micromamba/envs/tardis/lib/python3.12/site-packages (from nbconvert>=6.4.4->jupyter-server<3,>=2.4.0->notebook>=4.4.1->widgetsnbextension~=3.6.10->ipywidgets>=7.0.0->qgridnext) (0.7.1)
2025-01-20T14:09:45.5748370Z Requirement already satisfied: jupyterlab-pygments in /Users/runner/micromamba/envs/tardis/lib/python3.12/site-packages (from nbconvert>=6.4.4->jupyter-server<3,>=2.4.0->notebook>=4.4.1->widgetsnbextension~=3.6.10->ipywidgets>=7.0.0->qgridnext) (0.3.0)
2025-01-20T14:09:45.5749690Z Requirement already satisfied: mistune<4,>=2.0.3 in /Users/runner/micromamba/envs/tardis/lib/python3.12/site-packages (from nbconvert>=6.4.4->jupyter-server<3,>=2.4.0->notebook>=4.4.1->widgetsnbextension~=3.6.10->ipywidgets>=7.0.0->qgridnext) (3.0.2)
2025-01-20T14:09:45.5750910Z Requirement already satisfied: nbclient>=0.5.0 in /Users/runner/micromamba/envs/tardis/lib/python3.12/site-packages (from nbconvert>=6.4.4->jupyter-server<3,>=2.4.0->notebook>=4.4.1->widgetsnbextension~=3.6.10->ipywidgets>=7.0.0->qgridnext) (0.10.0)
2025-01-20T14:09:45.5752250Z Requirement already satisfied: pandocfilters>=1.4.1 in /Users/runner/micromamba/envs/tardis/lib/python3.12/site-packages (from nbconvert>=6.4.4->jupyter-server<3,>=2.4.0->notebook>=4.4.1->widgetsnbextension~=3.6.10->ipywidgets>=7.0.0->qgridnext) (1.5.0)
2025-01-20T14:09:45.5753810Z Requirement already satisfied: tinycss2 in /Users/runner/micromamba/envs/tardis/lib/python3.12/site-packages (from nbconvert>=6.4.4->jupyter-server<3,>=2.4.0->notebook>=4.4.1->widgetsnbextension~=3.6.10->ipywidgets>=7.0.0->qgridnext) (1.3.0)
2025-01-20T14:09:45.5773420Z Requirement already satisfied: fastjsonschema>=2.15 in /Users/runner/micromamba/envs/tardis/lib/python3.12/site-packages (from nbformat>=5.3.0->jupyter-server<3,>=2.4.0->notebook>=4.4.1->widgetsnbextension~=3.6.10->ipywidgets>=7.0.0->qgridnext) (2.20.0)
2025-01-20T14:09:45.5832310Z Requirement already satisfied: charset_normalizer<4,>=2 in /Users/runner/micromamba/envs/tardis/lib/python3.12/site-packages (from requests>=2.31->jupyterlab-server<3,>=2.27.1->notebook>=4.4.1->widgetsnbextension~=3.6.10->ipywidgets>=7.0.0->qgridnext) (3.3.2)
2025-01-20T14:09:45.5933550Z Requirement already satisfied: urllib3<3,>=1.21.1 in /Users/runner/micromamba/envs/tardis/lib/python3.12/site-packages (from requests>=2.31->jupyterlab-server<3,>=2.27.1->notebook>=4.4.1->widgetsnbextension~=3.6.10->ipywidgets>=7.0.0->qgridnext) (2.2.2)
2025-01-20T14:09:45.6034520Z Requirement already satisfied: webencodings in /Users/runner/micromamba/envs/tardis/lib/python3.12/site-packages (from bleach!=5.0.0->nbconvert>=6.4.4->jupyter-server<3,>=2.4.0->notebook>=4.4.1->widgetsnbextension~=3.6.10->ipywidgets>=7.0.0->qgridnext) (0.5.1)
2025-01-20T14:09:45.6135870Z Requirement already satisfied: fqdn in /Users/runner/micromamba/envs/tardis/lib/python3.12/site-packages (from jsonschema[format-nongpl]>=4.18.0->jupyter-events>=0.9.0->jupyter-server<3,>=2.4.0->notebook>=4.4.1->widgetsnbextension~=3.6.10->ipywidgets>=7.0.0->qgridnext) (1.5.1)
2025-01-20T14:09:45.6236740Z Requirement already satisfied: isoduration in /Users/runner/micromamba/envs/tardis/lib/python3.12/site-packages (from jsonschema[format-nongpl]>=4.18.0->jupyter-events>=0.9.0->jupyter-server<3,>=2.4.0->notebook>=4.4.1->widgetsnbextension~=3.6.10->ipywidgets>=7.0.0->qgridnext) (20.11.0)
2025-01-20T14:09:45.6338240Z Requirement already satisfied: jsonpointer>1.13 in /Users/runner/micromamba/envs/tardis/lib/python3.12/site-packages (from jsonschema[format-nongpl]>=4.18.0->jupyter-events>=0.9.0->jupyter-server<3,>=2.4.0->notebook>=4.4.1->widgetsnbextension~=3.6.10->ipywidgets>=7.0.0->qgridnext) (3.0.0)
2025-01-20T14:09:45.6439250Z Requirement already satisfied: uri-template in /Users/runner/micromamba/envs/tardis/lib/python3.12/site-packages (from jsonschema[format-nongpl]>=4.18.0->jupyter-events>=0.9.0->jupyter-server<3,>=2.4.0->notebook>=4.4.1->widgetsnbextension~=3.6.10->ipywidgets>=7.0.0->qgridnext) (1.3.0)
2025-01-20T14:09:45.6541330Z Requirement already satisfied: webcolors>=1.11 in /Users/runner/micromamba/envs/tardis/lib/python3.12/site-packages (from jsonschema[format-nongpl]>=4.18.0->jupyter-events>=0.9.0->jupyter-server<3,>=2.4.0->notebook>=4.4.1->widgetsnbextension~=3.6.10->ipywidgets>=7.0.0->qgridnext) (24.6.0)
2025-01-20T14:09:45.6641670Z Requirement already satisfied: cffi>=1.0.1 in /Users/runner/micromamba/envs/tardis/lib/python3.12/site-packages (from argon2-cffi-bindings->argon2-cffi>=21.1->jupyter-server<3,>=2.4.0->notebook>=4.4.1->widgetsnbextension~=3.6.10->ipywidgets>=7.0.0->qgridnext) (1.16.0)
2025-01-20T14:09:45.6744200Z Requirement already satisfied: soupsieve>1.2 in /Users/runner/micromamba/envs/tardis/lib/python3.12/site-packages (from beautifulsoup4->nbconvert>=6.4.4->jupyter-server<3,>=2.4.0->notebook>=4.4.1->widgetsnbextension~=3.6.10->ipywidgets>=7.0.0->qgridnext) (2.5)
2025-01-20T14:09:45.6844800Z Requirement already satisfied: pycparser in /Users/runner/micromamba/envs/tardis/lib/python3.12/site-packages (from cffi>=1.0.1->argon2-cffi-bindings->argon2-cffi>=21.1->jupyter-server<3,>=2.4.0->notebook>=4.4.1->widgetsnbextension~=3.6.10->ipywidgets>=7.0.0->qgridnext) (2.22)
2025-01-20T14:09:45.6947140Z Requirement already satisfied: arrow>=0.15.0 in /Users/runner/micromamba/envs/tardis/lib/python3.12/site-packages (from isoduration->jsonschema[format-nongpl]>=4.18.0->jupyter-events>=0.9.0->jupyter-server<3,>=2.4.0->notebook>=4.4.1->widgetsnbextension~=3.6.10->ipywidgets>=7.0.0->qgridnext) (1.3.0)
2025-01-20T14:09:45.7047410Z Requirement already satisfied: types-python-dateutil>=2.8.10 in /Users/runner/micromamba/envs/tardis/lib/python3.12/site-packages (from arrow>=0.15.0->isoduration->jsonschema[format-nongpl]>=4.18.0->jupyter-events>=0.9.0->jupyter-server<3,>=2.4.0->notebook>=4.4.1->widgetsnbextension~=3.6.10->ipywidgets>=7.0.0->qgridnext) (2.9.0.20240316)
2025-01-20T14:09:45.7149110Z Downloading qgridnext-2.0.4-py3-none-any.whl (1.3 MB)
2025-01-20T14:09:45.7455330Z    â”â”â”â”â”â”â”â”â”â”â”â”â”â”â”â”â”â”â”â”â”â”â”â”â”â”â”â”â”â”â”â”â”â”â”â”â”â”â”â” 1.3/1.3 MB 29.4 MB/s eta 0:00:00
2025-01-20T14:09:45.8349530Z Installing collected packages: qgridnext
2025-01-20T14:09:45.8815090Z Successfully installed qgridnext-2.0.4
2025-01-20T14:09:45.9383920Z ##[group]Run pytest tardis --tardis-regression-data=/Users/runner/work/tardis/tardis/tardis-regression-data --cov=tardis --cov-report=xml --cov-report=html --cov-append -m "not continuum"
2025-01-20T14:09:45.9384890Z [36;1mpytest tardis --tardis-regression-data=/Users/runner/work/tardis/tardis/tardis-regression-data --cov=tardis --cov-report=xml --cov-report=html --cov-append -m "not continuum"[0m
2025-01-20T14:09:45.9432700Z shell: /bin/bash -l {0}
2025-01-20T14:09:45.9432870Z env:
2025-01-20T14:09:45.9433010Z   CACHE_NUMBER: 0
2025-01-20T14:09:45.9433470Z   PYTEST_FLAGS: --tardis-regression-data=/Users/runner/work/tardis/tardis/tardis-regression-data --cov=tardis --cov-report=xml --cov-report=html --cov-append
2025-01-20T14:09:45.9433970Z   CODECOV_TOKEN: 
2025-01-20T14:09:45.9434140Z   MAMBA_ROOT_PREFIX: /Users/runner/micromamba
2025-01-20T14:09:45.9434380Z   MAMBA_EXE: /Users/runner/micromamba-bin/micromamba
2025-01-20T14:09:45.9434690Z   CONDARC: /Users/runner/work/_temp/setup-micromamba/.condarc
2025-01-20T14:09:45.9434940Z ##[endgroup]
2025-01-20T14:09:59.1613820Z ============================= test session starts ==============================
2025-01-20T14:09:59.1614270Z platform darwin -- Python 3.12.4, pytest-8.2.2, pluggy-1.5.0
2025-01-20T14:09:59.1614650Z rootdir: /Users/runner/work/tardis/tardis
2025-01-20T14:09:59.1614930Z configfile: pyproject.toml
2025-01-20T14:09:59.1615290Z plugins: cov-5.0.0, html-4.1.1, metadata-3.1.1, doctestplus-1.2.1, anyio-4.4.0
2025-01-20T14:09:59.1616220Z collected 1796 items / 2 deselected / 1794 selected
2025-01-20T14:09:59.1616460Z 
2025-01-20T14:10:02.0503570Z tardis/energy_input/tests/test_energy_source.py ..xxx                    [  0%]
2025-01-20T14:10:03.5052160Z tardis/energy_input/tests/test_gamma_ray_channel.py ...........          [  0%]
2025-01-20T14:10:04.6204340Z tardis/energy_input/tests/test_gamma_ray_grid.py xx.                     [  1%]
2025-01-20T14:10:05.7875030Z tardis/energy_input/tests/test_gamma_ray_interactions.py xx....          [  1%]
2025-01-20T14:10:05.7936090Z tardis/energy_input/tests/test_gamma_ray_packet_source.py sssssssss      [  1%]
2025-01-20T14:10:06.6695940Z tardis/energy_input/tests/test_util.py .....xxxx.....                    [  2%]
2025-01-20T14:10:06.9122530Z tardis/grid/tests/test_grid.py .                                         [  2%]
2025-01-20T14:10:06.9132800Z tardis/gui/tests/test_gui.py s                                           [  2%]
2025-01-20T14:10:09.8076940Z tardis/io/configuration/tests/test_config_reader.py ...........          [  3%]
2025-01-20T14:10:09.8178590Z tardis/io/configuration/tests/test_configuration_namespace.py .........  [  3%]
2025-01-20T14:10:09.8381260Z tardis/io/logger/tests/test_logging.py ssssssssssssssssssssssssssss      [  5%]
2025-01-20T14:10:38.1920760Z tardis/io/model/readers/tests/test_arepo_parser.py ..                    [  5%]
2025-01-20T14:10:38.2067070Z tardis/io/model/readers/tests/test_ascii_readers.py ...                  [  5%]
2025-01-20T14:10:38.2148750Z tardis/io/model/readers/tests/test_cmfgen_reader.py ..                   [  5%]
2025-01-20T14:10:38.2373490Z tardis/io/model/readers/tests/test_csvy_reader.py ....                   [  6%]
2025-01-20T14:10:38.2527370Z tardis/io/model/readers/tests/test_stella_reader.py ..                   [  6%]
2025-01-20T14:10:38.4805340Z tardis/io/tests/test_HDFWriter.py ...............                        [  7%]
2025-01-20T14:10:38.8882160Z tardis/io/tests/test_atomic.py .....                                     [  7%]
2025-01-20T14:10:38.9049630Z tardis/io/tests/test_decay.py ..                                         [  7%]
2025-01-20T14:10:39.0369910Z tardis/io/tests/test_model_reader.py ......                              [  7%]
2025-01-20T14:10:39.0413170Z tardis/model/geometry/tests/test_radial1d.py ..                          [  7%]
2025-01-20T14:11:04.6883310Z tardis/model/tests/test_base.py ........................................ [ 10%]
2025-01-20T14:11:05.3639810Z ............                                                             [ 10%]
2025-01-20T14:11:07.5254260Z tardis/model/tests/test_csvy_model.py .........                          [ 11%]
2025-01-20T14:11:07.5586130Z tardis/model/tests/test_density.py ..                                    [ 11%]
2025-01-20T14:11:08.6036560Z tardis/opacities/tests/test_opacity_solver.py .....                      [ 11%]
2025-01-20T14:11:09.5433530Z tardis/opacities/tests/test_opacity_state_numba.py .....                 [ 11%]
2025-01-20T14:11:11.2304020Z tardis/opacities/tests/test_tau_sobolev.py ..                            [ 12%]
2025-01-20T14:11:13.7448430Z tardis/plasma/equilibrium/tests/test_collisional_transitions.py ...      [ 12%]
2025-01-20T14:11:54.9744080Z tardis/plasma/equilibrium/tests/test_level_populations.py ....           [ 12%]
2025-01-20T14:12:09.3433150Z tardis/plasma/equilibrium/tests/test_rate_matrix.py F                    [ 12%]
2025-01-20T14:12:11.2675920Z tardis/plasma/tests/test_complete_plasmas.py ..............s......s..... [ 13%]
2025-01-20T14:12:14.6553590Z s....ssssss............s......s.....ss.....s....ssssss............s..... [ 18%]
2025-01-20T14:12:16.3409330Z .s.....ss.....s....ssssss............s......s.....ss.....s....ssssss.... [ 22%]
2025-01-20T14:12:19.9327600Z ........s......s.....ss.....s....ssssss............s......s.....ss.....s [ 26%]
2025-01-20T14:12:23.0574940Z ....ssssss............s......s.....ss.....s....ssssss............s...... [ 30%]
2025-01-20T14:12:23.8681940Z s.....ss.....s....ssssss............s......s.....ss.....s.ss.ssssss..... [ 34%]
2025-01-20T14:12:26.9225440Z .......s......s.....ss.....s....ssssss............s......s.....ss.....s. [ 38%]
2025-01-20T14:12:30.6384020Z ...ssssss............s......s.....ss.....s....ssssss............s......s [ 42%]
2025-01-20T14:12:33.6187920Z .....ss.....s....ssssss............s......s.....s...........ssssss...... [ 46%]
2025-01-20T14:12:35.8650410Z ......s......s.....s...........ssssss............s......s.....s......... [ 50%]
2025-01-20T14:12:39.4211300Z ..ssssss............s......s.....ss.....s....ssssss............s......s. [ 54%]
2025-01-20T14:12:43.0109560Z ....ss.....s....ssssss...................s......s.....s....ssss......... [ 58%]
2025-01-20T14:12:43.3307380Z ............s......s.....s....ssss.......                                [ 60%]
2025-01-20T14:12:43.8471590Z tardis/plasma/tests/test_hdf_plasma.py ................................. [ 62%]
2025-01-20T14:12:43.8573850Z ......                                                                   [ 62%]
2025-01-20T14:12:44.1936460Z tardis/plasma/tests/test_nlte_excitation.py ...                          [ 62%]
2025-01-20T14:15:08.0821600Z tardis/plasma/tests/test_nlte_solver.py .....X                           [ 63%]
2025-01-20T14:15:08.0992980Z tardis/plasma/tests/test_plasma_continuum.py .                           [ 63%]
2025-01-20T14:15:38.6340700Z tardis/plasma/tests/test_plasma_vboundary.py .............               [ 63%]
2025-01-20T14:15:55.3326770Z tardis/plasma/tests/test_tardis_model_density_config.py ...              [ 64%]
2025-01-20T14:15:56.1451470Z tardis/simulation/tests/test_convergence.py .....                        [ 64%]
2025-01-20T14:16:04.3401630Z tardis/simulation/tests/test_simulation.py .............                 [ 65%]
2025-01-20T14:16:04.3510470Z tardis/spectrum/tests/test_cuda_formal_integral.py sssssssssssssssssssss [ 66%]
2025-01-20T14:16:04.7479710Z ssss...ssssssssssssssssssssss                                            [ 67%]
2025-01-20T14:16:04.7580100Z tardis/spectrum/tests/test_luminosity.py ....                            [ 68%]
2025-01-20T14:16:05.7449150Z tardis/spectrum/tests/test_numba_formal_integral.py .................... [ 69%]
2025-01-20T14:16:05.7566310Z ..........                                                               [ 69%]
2025-01-20T14:16:05.8836680Z tardis/spectrum/tests/test_spectrum.py ................................. [ 71%]
2025-01-20T14:16:05.9056700Z .........                                                                [ 72%]
2025-01-20T14:16:33.0766250Z tardis/spectrum/tests/test_spectrum_solver.py ....                       [ 72%]
2025-01-20T14:17:30.1980530Z tardis/tests/test_tardis_full.py ....                                    [ 72%]
2025-01-20T14:19:00.1548280Z tardis/tests/test_tardis_full_formal_integral.py ................        [ 73%]
2025-01-20T14:19:00.2007060Z tardis/tests/test_util.py .............................................  [ 75%]
2025-01-20T14:19:02.2405590Z tardis/transport/montecarlo/tests/test_base.py x.....................    [ 77%]
2025-01-20T14:19:06.6050380Z tardis/transport/montecarlo/tests/test_interaction.py .......            [ 77%]
2025-01-20T14:19:06.7385550Z tardis/transport/montecarlo/tests/test_macro_atom.py ....                [ 77%]
2025-01-20T14:19:06.7476420Z tardis/transport/montecarlo/tests/test_montecarlo.py sssssssssssssssssss [ 78%]
2025-01-20T14:19:06.7689650Z sssssssssssssssssssssssssssssssssssssssssssss                            [ 81%]
2025-01-20T14:19:13.4862950Z tardis/transport/montecarlo/tests/test_montecarlo_main_loop.py x..       [ 81%]
2025-01-20T14:19:13.4975710Z tardis/transport/montecarlo/tests/test_nonhomologous.py ...              [ 81%]
2025-01-20T14:19:15.3159720Z tardis/transport/montecarlo/tests/test_numba_interface.py .....x.        [ 82%]
2025-01-20T14:19:15.6343040Z tardis/transport/montecarlo/tests/test_opacities.py ...............      [ 82%]
2025-01-20T14:19:16.2903160Z tardis/transport/montecarlo/tests/test_packet.py .................xXXXXX [ 84%]
2025-01-20T14:19:16.3757330Z XX.........                                                              [ 84%]
2025-01-20T14:19:16.3978890Z tardis/transport/montecarlo/tests/test_packet_source.py ........         [ 85%]
2025-01-20T14:19:16.5884140Z tardis/transport/montecarlo/tests/test_rpacket_last_interaction_tracker.py . [ 85%]
2025-01-20T14:19:16.8291360Z .....                                                                    [ 85%]
2025-01-20T14:19:25.2415920Z tardis/transport/montecarlo/tests/test_rpacket_tracker.py ......         [ 85%]
2025-01-20T14:19:25.2601770Z tardis/transport/montecarlo/tests/test_single_packet_loop.py xxx         [ 86%]
2025-01-20T14:19:25.2643890Z tardis/transport/montecarlo/tests/test_tracker_utils.py ..               [ 86%]
2025-01-20T14:19:26.3835500Z tardis/transport/montecarlo/tests/test_vpacket.py ..x.                   [ 86%]
2025-01-20T14:19:26.3957220Z tardis/transport/montecarlo/tests/test_weighted_packet_source.py ....    [ 86%]
2025-01-20T14:19:28.8136580Z tardis/transport/montecarlo/tests/test_weighted_packet_source_integration.py . [ 86%]
2025-01-20T14:19:28.8137960Z                                                                          [ 86%]
2025-01-20T14:19:29.2930030Z tardis/transport/tests/test_doppler_factor.py ..................         [ 87%]
2025-01-20T14:19:30.7656060Z tardis/visualization/tools/tests/test_convergence_plot.py .............. [ 88%]
2025-01-20T14:19:32.3528330Z ......                                                                   [ 88%]
2025-01-20T14:19:35.8039930Z tardis/visualization/tools/tests/test_liv_plot.py ...................... [ 90%]
2025-01-20T14:19:39.1732400Z .............................                                            [ 91%]
2025-01-20T14:19:41.8557570Z tardis/visualization/tools/tests/test_rpacket_plot.py .................. [ 92%]
2025-01-20T14:19:48.5057570Z ....                                                                     [ 92%]
2025-01-20T14:19:52.5925520Z tardis/visualization/tools/tests/test_sdec_plot.py ..................... [ 94%]
2025-01-20T14:19:58.4577080Z ..............................                                           [ 95%]
2025-01-20T14:19:58.7825100Z tardis/visualization/widgets/tests/test_custom_abundance.py ........ss.. [ 96%]
2025-01-20T14:19:58.8197970Z ....                                                                     [ 96%]
2025-01-20T14:19:59.5167480Z tardis/visualization/widgets/tests/test_line_info.py ................... [ 97%]
2025-01-20T14:19:59.9864100Z ..................                                                       [ 98%]
2025-01-20T14:23:07.6241190Z tardis/visualization/widgets/tests/test_shell_info.py .................. [ 99%]
2025-01-20T14:23:13.7128740Z ......                                                                   [100%]
2025-01-20T14:23:13.7129000Z 
2025-01-20T14:23:13.7129140Z =================================== FAILURES ===================================
2025-01-20T14:23:13.7129580Z ___ test_rate_matrix_solver[collisional_rate_solver0-radiative_transitions0] ___
2025-01-20T14:23:13.7130040Z 
2025-01-20T14:23:13.7130260Z new_chianti_atomic_dataset_si = <Atomic Data UUID=None MD5=None Lines=548387 Levels=26579>
2025-01-20T14:23:13.7131320Z rate_solver_list = [(<tardis.plasma.equilibrium.rates.radiative_rates.RadiativeRatesSolver object at 0x3058e9ca0>, 'radiative'), (<tardis.plasma.equilibrium.rates.collisional_rates.ThermalCollisionalRateSolver object at 0x3058eae40>, 'electron')]
2025-01-20T14:23:13.7132740Z collisional_simulation_state = <tardis.model.base.SimulationState object at 0x34d321d90>
2025-01-20T14:23:13.7133260Z regression_data = <tardis.tests.fixtures.regression_data.RegressionData object at 0x3058e85c0>
2025-01-20T14:23:13.7133600Z 
2025-01-20T14:23:13.7133710Z     def test_rate_matrix_solver(
2025-01-20T14:23:13.7133950Z         new_chianti_atomic_dataset_si,
2025-01-20T14:23:13.7134220Z         rate_solver_list,
2025-01-20T14:23:13.7134460Z         collisional_simulation_state,
2025-01-20T14:23:13.7134690Z         regression_data,
2025-01-20T14:23:13.7136760Z     ):
2025-01-20T14:23:13.7136990Z         rate_matrix_solver = RateMatrix(
2025-01-20T14:23:13.7137310Z             rate_solver_list, new_chianti_atomic_dataset_si.levels
2025-01-20T14:23:13.7137620Z         )
2025-01-20T14:23:13.7137780Z     
2025-01-20T14:23:13.7138010Z         rad_field = DilutePlanckianRadiationField(
2025-01-20T14:23:13.7138300Z             collisional_simulation_state.t_radiative,
2025-01-20T14:23:13.7138710Z             dilution_factor=np.zeros_like(collisional_simulation_state.t_radiative),
2025-01-20T14:23:13.7139020Z         )
2025-01-20T14:23:13.7139280Z         electron_dist = ThermalElectronEnergyDistribution(
2025-01-20T14:23:13.7140120Z             0, collisional_simulation_state.t_radiative, 1e6 * u.g / u.cm**3
2025-01-20T14:23:13.7140410Z         )
2025-01-20T14:23:13.7140610Z     
2025-01-20T14:23:13.7140830Z         actual = rate_matrix_solver.solve(rad_field, electron_dist)
2025-01-20T14:23:13.7141150Z     
2025-01-20T14:23:13.7141360Z >       expected = regression_data.sync_dataframe(actual)
2025-01-20T14:23:13.7141590Z 
2025-01-20T14:23:13.7141750Z tardis/plasma/equilibrium/tests/test_rate_matrix.py:34: 
2025-01-20T14:23:13.7142070Z _ _ _ _ _ _ _ _ _ _ _ _ _ _ _ _ _ _ _ _ _ _ _ _ _ _ _ _ _ _ _ _ _ _ _ _ _ _ _ _ 
2025-01-20T14:23:13.7142440Z tardis/tests/fixtures/regression_data.py:88: in sync_dataframe
2025-01-20T14:23:13.7142760Z     return pd.read_hdf(self.fpath, key=key)
2025-01-20T14:23:13.7143210Z ../../../micromamba/envs/tardis/lib/python3.12/site-packages/pandas/io/pytables.py:452: in read_hdf
2025-01-20T14:23:13.7143950Z     return store.select(
2025-01-20T14:23:13.7144330Z ../../../micromamba/envs/tardis/lib/python3.12/site-packages/pandas/io/pytables.py:906: in select
2025-01-20T14:23:13.7144750Z     return it.get_result()
2025-01-20T14:23:13.7145190Z ../../../micromamba/envs/tardis/lib/python3.12/site-packages/pandas/io/pytables.py:2029: in get_result
2025-01-20T14:23:13.7145640Z     results = self.func(self.start, self.stop, where)
2025-01-20T14:23:13.7146100Z ../../../micromamba/envs/tardis/lib/python3.12/site-packages/pandas/io/pytables.py:890: in func
2025-01-20T14:23:13.7146640Z     return s.read(start=_start, stop=_stop, where=_where, columns=columns)
2025-01-20T14:23:13.7147110Z ../../../micromamba/envs/tardis/lib/python3.12/site-packages/pandas/io/pytables.py:3292: in read
2025-01-20T14:23:13.7147630Z     values = self.read_array(f"block{i}_values", start=_start, stop=_stop)
2025-01-20T14:23:13.7153520Z ../../../micromamba/envs/tardis/lib/python3.12/site-packages/pandas/io/pytables.py:2956: in read_array
2025-01-20T14:23:13.7153990Z     ret = node[0][start:stop]
2025-01-20T14:23:13.7154410Z ../../../micromamba/envs/tardis/lib/python3.12/site-packages/tables/vlarray.py:662: in __getitem__
2025-01-20T14:23:13.7154840Z     return self.read(start, stop, step)[0]
2025-01-20T14:23:13.7155250Z ../../../micromamba/envs/tardis/lib/python3.12/site-packages/tables/vlarray.py:806: in read
2025-01-20T14:23:13.7155690Z     outlistarr = [atom.fromarray(arr) for arr in listarr]
2025-01-20T14:23:13.7156040Z _ _ _ _ _ _ _ _ _ _ _ _ _ _ _ _ _ _ _ _ _ _ _ _ _ _ _ _ _ _ _ _ _ _ _ _ _ _ _ _ 
2025-01-20T14:23:13.7156270Z 
2025-01-20T14:23:13.7156340Z self = ObjectAtom()
2025-01-20T14:23:13.7156640Z array = array([128,   5, 149, ..., 148,  98,  46], dtype=uint8)
2025-01-20T14:23:13.7156880Z 
2025-01-20T14:23:13.7156950Z     def fromarray(self, array):
2025-01-20T14:23:13.7157270Z         # We have to check for an empty array because of a possible
2025-01-20T14:23:13.7157610Z         # bug in HDF5 which makes it claim that a dataset has one
2025-01-20T14:23:13.7157940Z         # record when in fact it is empty.
2025-01-20T14:23:13.7158240Z         if array.size == 0:
2025-01-20T14:23:13.7158590Z             return None
2025-01-20T14:23:13.7158880Z >       return pickle.loads(array.tobytes())
2025-01-20T14:23:13.7159220Z E       ModuleNotFoundError: No module named 'numpy._core.numeric'
2025-01-20T14:23:13.7159500Z 
2025-01-20T14:23:13.7159790Z ../../../micromamba/envs/tardis/lib/python3.12/site-packages/tables/atom.py:1181: ModuleNotFoundError
2025-01-20T14:23:13.7160540Z ------------------------------ Captured log setup ------------------------------
2025-01-20T14:23:13.7161320Z WARNING  tardis.io.model.parse_density_configuration:parse_density_configuration.py:114 Number of density points larger than number of shells. Assuming inner point irrelevant
2025-01-20T14:23:13.7161940Z =============================== warnings summary ===============================
2025-01-20T14:23:13.7162320Z tardis/io/configuration/config_validator.py:6
2025-01-20T14:23:13.7162590Z tardis/io/configuration/config_validator.py:6
2025-01-20T14:23:13.7163070Z   /Users/runner/work/tardis/tardis/tardis/io/configuration/config_validator.py:6: DeprecationWarning:
2025-01-20T14:23:13.7163560Z   
2025-01-20T14:23:13.7164720Z   jsonschema.RefResolver is deprecated as of v4.18.0, in favor of the https://github.com/python-jsonschema/referencing library, which provides more compliant referencing behavior as well as more flexible APIs for customization. A future release will remove RefResolver. Please file a feature request (on referencing) if you are missing an API for the kind of customization you need.
2025-01-20T14:23:13.7165760Z 
2025-01-20T14:23:13.7165950Z ../../../micromamba/envs/tardis/lib/python3.12/site-packages/jupyter_client/connect.py:22
2025-01-20T14:23:13.7166630Z   /Users/runner/micromamba/envs/tardis/lib/python3.12/site-packages/jupyter_client/connect.py:22: DeprecationWarning:
2025-01-20T14:23:13.7167120Z   
2025-01-20T14:23:13.7167430Z   Jupyter is migrating its paths to use standard platformdirs
2025-01-20T14:23:13.7167770Z   given by the platformdirs library.  To remove this warning and
2025-01-20T14:23:13.7168190Z   see the appropriate new directories, set the environment variable
2025-01-20T14:23:13.7168530Z   `JUPYTER_PLATFORM_DIRS=1` and then run `jupyter --paths`.
2025-01-20T14:23:13.7169010Z   The use of platformdirs will be the default in `jupyter_core` v6
2025-01-20T14:23:13.7169200Z 
2025-01-20T14:23:13.7169360Z tardis/transport/montecarlo/tests/test_montecarlo.py:557
2025-01-20T14:23:13.7169950Z   /Users/runner/work/tardis/tardis/tardis/transport/montecarlo/tests/test_montecarlo.py:557: PytestUnknownMarkWarning:
2025-01-20T14:23:13.7170410Z   
2025-01-20T14:23:13.7170880Z   Unknown pytest.mark.continuumtest - is this a typo?  You can register custom marks to avoid this warning - for details, see https://docs.pytest.org/en/stable/how-to/mark.html
2025-01-20T14:23:13.7171400Z 
2025-01-20T14:23:13.7171770Z tardis/transport/montecarlo/tests/test_montecarlo.py:584
2025-01-20T14:23:13.7172340Z   /Users/runner/work/tardis/tardis/tardis/transport/montecarlo/tests/test_montecarlo.py:584: PytestUnknownMarkWarning:
2025-01-20T14:23:13.7172900Z   
2025-01-20T14:23:13.7173450Z   Unknown pytest.mark.continuumtest - is this a typo?  You can register custom marks to avoid this warning - for details, see https://docs.pytest.org/en/stable/how-to/mark.html
2025-01-20T14:23:13.7174020Z 
2025-01-20T14:23:13.7174200Z tardis/transport/montecarlo/tests/test_montecarlo.py:605
2025-01-20T14:23:13.7174790Z   /Users/runner/work/tardis/tardis/tardis/transport/montecarlo/tests/test_montecarlo.py:605: PytestUnknownMarkWarning:
2025-01-20T14:23:13.7175400Z   
2025-01-20T14:23:13.7175970Z   Unknown pytest.mark.continuumtest - is this a typo?  You can register custom marks to avoid this warning - for details, see https://docs.pytest.org/en/stable/how-to/mark.html
2025-01-20T14:23:13.7176500Z 
2025-01-20T14:23:13.7194600Z tardis/io/tests/test_HDFWriter.py::test_multi_index_write
2025-01-20T14:23:13.7195080Z tardis/visualization/widgets/tests/test_shell_info.py::TestHDFShellInfo::test_shells_data
2025-01-20T14:23:13.7195750Z   /Users/runner/work/tardis/tardis/tardis/io/util.py:276: PerformanceWarning:
2025-01-20T14:23:13.7196150Z   
2025-01-20T14:23:13.7196420Z   
2025-01-20T14:23:13.7196720Z   your performance may suffer as PyTables will pickle object types that it cannot
2025-01-20T14:23:13.7197510Z   map directly to c-types [inferred_type->mixed,key->block0_values] [items->Index([0], dtype='int64')]
2025-01-20T14:23:13.7197780Z 
2025-01-20T14:23:13.7198010Z tardis/io/tests/test_model_reader.py::test_read_cmfgen_isotope_abundances
2025-01-20T14:23:13.7198480Z tardis/plasma/tests/test_tardis_model_density_config.py::test_electron_densities
2025-01-20T14:23:13.7199120Z tardis/plasma/tests/test_tardis_model_density_config.py::test_isotope_number_densities
2025-01-20T14:23:13.7199570Z tardis/plasma/tests/test_tardis_model_density_config.py::test_t_rad
2025-01-20T14:23:13.7200070Z   /Users/runner/work/tardis/tardis/tardis/io/model/readers/cmfgen_deprecated.py:82: DeprecationWarning:
2025-01-20T14:23:13.7200600Z   
2025-01-20T14:23:13.7200880Z   The current CMFGEN model parser is deprecated
2025-01-20T14:23:13.7201160Z 
2025-01-20T14:23:13.7201320Z tardis/io/tests/test_model_reader.py: 1 warning
2025-01-20T14:23:13.7201680Z tardis/plasma/tests/test_tardis_model_density_config.py: 9 warnings
2025-01-20T14:23:13.7202250Z   /Users/runner/work/tardis/tardis/tardis/io/model/readers/cmfgen_deprecated.py:40: DeprecationWarning:
2025-01-20T14:23:13.7202610Z   
2025-01-20T14:23:13.7202810Z   The current CMFGEN model parser is deprecated
2025-01-20T14:23:13.7203000Z 
2025-01-20T14:23:13.7203160Z tardis/model/tests/test_base.py::TestModelFromPaper1Config::test_abundances
2025-01-20T14:23:13.7203750Z   /Users/runner/work/tardis/tardis/tardis/transport/montecarlo/montecarlo_main_loop.py:123: NumbaTypeSafetyWarning:
2025-01-20T14:23:13.7204190Z   
2025-01-20T14:23:13.7205360Z   [1m[1m[1munsafe cast from uint64 to int64. Precision may be lost.[0m[0m[0m
2025-01-20T14:23:13.7205580Z 
2025-01-20T14:23:13.7205700Z tardis/model/tests/test_base.py: 6 warnings
2025-01-20T14:23:13.7206000Z tardis/model/tests/test_csvy_model.py: 2 warnings
2025-01-20T14:23:13.7206400Z tardis/plasma/tests/test_tardis_model_density_config.py: 3 warnings
2025-01-20T14:23:13.7206880Z   /Users/runner/work/tardis/tardis/tardis/model/geometry/radial1d.py:50: DeprecationWarning:
2025-01-20T14:23:13.7207250Z   
2025-01-20T14:23:13.7207590Z   v_inner_boundary < 0, assuming default value
2025-01-20T14:23:13.7207790Z 
2025-01-20T14:23:13.7207860Z tardis/model/tests/test_base.py: 6 warnings
2025-01-20T14:23:13.7208200Z tardis/model/tests/test_csvy_model.py: 2 warnings
2025-01-20T14:23:13.7208590Z tardis/plasma/tests/test_tardis_model_density_config.py: 3 warnings
2025-01-20T14:23:13.7209170Z   /Users/runner/work/tardis/tardis/tardis/model/geometry/radial1d.py:61: DeprecationWarning:
2025-01-20T14:23:13.7209950Z   
2025-01-20T14:23:13.7210220Z   v_outer_boundary < 0, assuming default value
2025-01-20T14:23:13.7210370Z 
2025-01-20T14:23:13.7210830Z tardis/plasma/equilibrium/tests/test_level_populations.py::TestLevelPopulationSolver::test_solve[collisional_rate_solver0-radiative_transitions0]
2025-01-20T14:23:13.7211580Z   /Users/runner/work/tardis/tardis/tardis/plasma/equilibrium/level_populations.py:65: FutureWarning:
2025-01-20T14:23:13.7211990Z   
2025-01-20T14:23:13.7212380Z   A value is trying to be set on a copy of a DataFrame or Series through chained assignment using an inplace method.
2025-01-20T14:23:13.7213080Z   The behavior will change in pandas 3.0. This inplace method will never work because the intermediate object on which we are setting values always behaves as a copy.
2025-01-20T14:23:13.7213680Z   
2025-01-20T14:23:13.7214260Z   For example, when doing 'df[col].method(value, inplace=True)', try using 'df.method({col: value}, inplace=True)' or df[col] = df[col].method(value) instead, to perform the operation inplace on the original object.
2025-01-20T14:23:13.7214830Z 
2025-01-20T14:23:13.7215060Z tardis/plasma/tests/test_plasma_vboundary.py::test_plasma_vboundary[2900-3750]
2025-01-20T14:23:13.7215550Z tardis/plasma/tests/test_plasma_vboundary.py::test_plasma_vboundary[2900-3850]
2025-01-20T14:23:13.7216070Z tardis/plasma/tests/test_plasma_vboundary.py::test_plasma_vboundary[2900-3900]
2025-01-20T14:23:13.7216570Z   /Users/runner/work/tardis/tardis/tardis/model/geometry/radial1d.py:71: UserWarning:
2025-01-20T14:23:13.7217080Z   
2025-01-20T14:23:13.7217420Z   Requesting inner boundary below inner shell. Extrapolating the inner cell
2025-01-20T14:23:13.7217710Z 
2025-01-20T14:23:13.7217880Z tardis/spectrum/tests/test_spectrum_solver.py::TestSpectrumSolver::test_solve
2025-01-20T14:23:13.7218380Z   /Users/runner/work/tardis/tardis/tardis/spectrum/base.py:70: UserWarning:
2025-01-20T14:23:13.7218750Z   
2025-01-20T14:23:13.7219240Z   SpectrumSolver.spectrum_virtual_packets is zero. Please run the montecarlo simulation with no_of_virtual_packets > 0
2025-01-20T14:23:13.7219640Z 
2025-01-20T14:23:13.7219810Z tardis/spectrum/tests/test_spectrum_solver.py::TestSpectrumSolver::test_solve
2025-01-20T14:23:13.7220320Z   /Users/runner/work/tardis/tardis/tardis/spectrum/base.py:111: UserWarning:
2025-01-20T14:23:13.7220680Z   
2025-01-20T14:23:13.7221130Z   SpectrumSolver.integrator: The FormalIntegrator is not yet available.Please run the montecarlo simulation at least once.
2025-01-20T14:23:13.7221500Z 
2025-01-20T14:23:13.7221760Z tardis/transport/montecarlo/tests/test_vpacket.py::test_trace_vpacket_volley
2025-01-20T14:23:13.7222270Z   <string>:3: NumbaPendingDeprecationWarning:
2025-01-20T14:23:13.7222540Z   
2025-01-20T14:23:13.7223610Z   [1m[1mCode using Numba extension API maybe depending on 'old_style' error-capturing, which is deprecated and will be replaced by 'new_style' in a future release. See details at https://numba.readthedocs.io/en/latest/reference/deprecation.html#deprecation-of-old-style-numba-captured-errors
2025-01-20T14:23:13.7224540Z   Exception origin:
2025-01-20T14:23:13.7224980Z     File "/Users/runner/micromamba/envs/tardis/lib/python3.12/inspect.py", line 3180, in _bind
2025-01-20T14:23:13.7225380Z       raise TypeError(msg) from None
2025-01-20T14:23:13.7225670Z   [0m[0m
2025-01-20T14:23:13.7225790Z 
2025-01-20T14:23:13.7226120Z tardis/visualization/tools/tests/test_sdec_plot.py::TestSDECPlotter::test_mpl_image[plotter_generate_plot_mpl4]
2025-01-20T14:23:13.7226810Z   /Users/runner/work/tardis/tardis/tardis/visualization/tools/sdec_plot.py:1225: RuntimeWarning:
2025-01-20T14:23:13.7227260Z   
2025-01-20T14:23:13.7228070Z   More than 20 figures have been opened. Figures created through the pyplot interface (`matplotlib.pyplot.figure`) are retained until explicitly closed and may consume too much memory. (To control this warning, see the rcParam `figure.max_open_warning`). Consider using `matplotlib.pyplot.close()`.
2025-01-20T14:23:13.7228890Z 
2025-01-20T14:23:13.7229500Z tardis/visualization/widgets/tests/test_custom_abundance.py::TestCustomAbundanceWidget::test_update_input_item_value
2025-01-20T14:23:13.7230240Z tardis/visualization/widgets/tests/test_custom_abundance.py::TestCustomAbundanceWidget::test_update_input_item_value
2025-01-20T14:23:13.7230960Z tardis/visualization/widgets/tests/test_custom_abundance.py::TestCustomAbundanceWidget::test_update_input_item_value
2025-01-20T14:23:13.7231690Z tardis/visualization/widgets/tests/test_custom_abundance.py::TestCustomAbundanceWidget::test_update_input_item_value
2025-01-20T14:23:13.7232420Z tardis/visualization/widgets/tests/test_custom_abundance.py::TestCustomAbundanceWidget::test_update_input_item_value
2025-01-20T14:23:13.7233150Z tardis/visualization/widgets/tests/test_custom_abundance.py::TestCustomAbundanceWidget::test_update_input_item_value
2025-01-20T14:23:13.7233850Z   /Users/runner/micromamba/envs/tardis/lib/python3.12/site-packages/traitlets/traitlets.py:1385: DeprecationWarning:
2025-01-20T14:23:13.7234360Z   
2025-01-20T14:23:13.7234670Z   Passing unrecognized arguments to super(Checkbox).__init__(icon='lock').
2025-01-20T14:23:13.7235090Z   object.__init__() takes exactly one argument (the instance to initialize)
2025-01-20T14:23:13.7235600Z   This is deprecated in traitlets 4.2.This error will be raised in a future release of traitlets.
2025-01-20T14:23:13.7235860Z 
2025-01-20T14:23:13.7236210Z tardis/visualization/widgets/tests/test_custom_abundance.py::TestCustomAbundanceWidget::test_update_input_item_value
2025-01-20T14:23:13.7237040Z tardis/visualization/widgets/tests/test_custom_abundance.py::TestCustomAbundanceWidget::test_update_input_item_value
2025-01-20T14:23:13.7237720Z   /Users/runner/micromamba/envs/tardis/lib/python3.12/site-packages/traitlets/traitlets.py:1385: DeprecationWarning:
2025-01-20T14:23:13.7238190Z   
2025-01-20T14:23:13.7238460Z   Passing unrecognized arguments to super(FloatText).__init__(min=0).
2025-01-20T14:23:13.7238920Z   object.__init__() takes exactly one argument (the instance to initialize)
2025-01-20T14:23:13.7239410Z   This is deprecated in traitlets 4.2.This error will be raised in a future release of traitlets.
2025-01-20T14:23:13.7239740Z 
2025-01-20T14:23:13.7240020Z tardis/visualization/widgets/tests/test_custom_abundance.py::TestCustomAbundanceWidget::test_update_input_item_value
2025-01-20T14:23:13.7240750Z   /Users/runner/micromamba/envs/tardis/lib/python3.12/site-packages/traitlets/traitlets.py:1385: DeprecationWarning:
2025-01-20T14:23:13.7241210Z   
2025-01-20T14:23:13.7241540Z   Passing unrecognized arguments to super(HTML).__init__(indent=True).
2025-01-20T14:23:13.7241930Z   object.__init__() takes exactly one argument (the instance to initialize)
2025-01-20T14:23:13.7242420Z   This is deprecated in traitlets 4.2.This error will be raised in a future release of traitlets.
2025-01-20T14:23:13.7242750Z 
2025-01-20T14:23:13.7243090Z tardis/visualization/widgets/tests/test_line_info.py::TestLineInfoWidgetData::test_get_species_interactions[wavelength_range0-packet_out_nu]
2025-01-20T14:23:13.7243840Z   /Users/runner/micromamba/envs/tardis/lib/python3.12/site-packages/qgridnext/grid.py:814: DeprecationWarning:
2025-01-20T14:23:13.7244260Z   
2025-01-20T14:23:13.7244650Z   QgridWidget._df_changed is deprecated in traitlets 4.1: use @observe and @unobserve instead.
2025-01-20T14:23:13.7244910Z 
2025-01-20T14:23:13.7245180Z tardis/visualization/widgets/tests/test_shell_info.py::TestHDFShellInfo::test_shells_data
2025-01-20T14:23:13.7245770Z   /Users/runner/work/tardis/tardis/tardis/io/util.py:289: PerformanceWarning:
2025-01-20T14:23:13.7246100Z   
2025-01-20T14:23:13.7246330Z   
2025-01-20T14:23:13.7246630Z   your performance may suffer as PyTables will pickle object types that it cannot
2025-01-20T14:23:13.7247170Z   map directly to c-types [inferred_type->mixed,key->block0_values] [items->Index([0], dtype='int64')]
2025-01-20T14:23:13.7247440Z 
2025-01-20T14:23:13.7247690Z tardis/visualization/widgets/tests/test_shell_info.py::TestHDFShellInfo::test_shells_data
2025-01-20T14:23:13.7248380Z   /Users/runner/work/tardis/tardis/tardis/io/util.py:292: PerformanceWarning:
2025-01-20T14:23:13.7248790Z   
2025-01-20T14:23:13.7248960Z   
2025-01-20T14:23:13.7249290Z   your performance may suffer as PyTables will pickle object types that it cannot
2025-01-20T14:23:13.7249740Z   map directly to c-types [inferred_type->mixed,key->values] [items->None]
2025-01-20T14:23:13.7249990Z 
2025-01-20T14:23:13.7250250Z tardis/visualization/widgets/tests/test_shell_info.py::TestHDFShellInfo::test_shells_data
2025-01-20T14:23:13.7250760Z   /Users/runner/work/tardis/tardis/tardis/spectrum/formal_integral.py:398: UserWarning:
2025-01-20T14:23:13.7251280Z   
2025-01-20T14:23:13.7251630Z   The number of interpolate_shells was not specified. The value was set to 80.
2025-01-20T14:23:13.7251850Z 
2025-01-20T14:23:13.7252090Z -- Docs: https://docs.pytest.org/en/stable/how-to/capture-warnings.html
2025-01-20T14:23:13.7252350Z 
2025-01-20T14:23:13.7252500Z ---------- coverage: platform darwin, python 3.12.4-final-0 ----------
2025-01-20T14:23:13.7252950Z Coverage HTML written to dir coverage_html_report
2025-01-20T14:23:13.7275780Z Coverage XML written to file coverage.xml
2025-01-20T14:23:13.7276020Z 
2025-01-20T14:23:13.7276150Z =========================== short test summary info ============================
2025-01-20T14:23:13.7277010Z FAILED tardis/plasma/equilibrium/tests/test_rate_matrix.py::test_rate_matrix_solver[collisional_rate_solver0-radiative_transitions0] - ModuleNotFoundError: No module named 'numpy._core.numeric'
2025-01-20T14:23:13.7278460Z = 1 failed, 1409 passed, 357 skipped, 2 deselected, 19 xfailed, 8 xpassed, 66 warnings in 797.10s (0:13:17) =
2025-01-20T14:23:13.7279060Z /Users/runner/micromamba/envs/tardis/lib/python3.12/site-packages/tables/file.py:113: UnclosedFileWarning:
2025-01-20T14:23:13.7279420Z 
2025-01-20T14:23:13.7280010Z Closing remaining open file: /Users/runner/work/tardis/tardis/tardis-regression-data/tardis/plasma/equilibrium/tests/test_rate_matrix/test_rate_matrix_solver__collisional_rate_solver0-radiative_transitions0__.h5
2025-01-20T14:23:13.7280610Z 
2025-01-20T14:23:15.8038290Z ##[error]Process completed with exit code 1.
2025-01-20T14:23:15.8185720Z Post job cleanup.
2025-01-20T14:23:15.8228280Z Post job cleanup.
2025-01-20T14:23:16.3076390Z Will use pre-installed micromamba at /Users/runner/micromamba-bin/micromamba
2025-01-20T14:23:16.3079650Z Removing micromamba run shell ...
2025-01-20T14:23:16.3082090Z ##[group]Deinitialize micromamba for bash
2025-01-20T14:23:16.3094530Z [command]/Users/runner/micromamba-bin/micromamba shell deinit -s bash -r /Users/runner/micromamba --log-level warning --rc-file /Users/runner/work/_temp/setup-micromamba/.condarc
2025-01-20T14:23:16.4969550Z Resetting RC file "/Users/runner/.bash_profile"
2025-01-20T14:23:16.4970340Z Deleting config for root prefix 
2025-01-20T14:23:16.4971680Z Clearing mamba executable environment variable
2025-01-20T14:23:16.4975410Z Removing the following in your "/Users/runner/.bash_profile" file
2025-01-20T14:23:16.4976700Z # >>> mamba initialize >>>
2025-01-20T14:23:16.4976850Z ...
2025-01-20T14:23:16.4977670Z # <<< mamba initialize <<<
2025-01-20T14:23:16.5035930Z Removing environment tardis from auto-activate bash ...
2025-01-20T14:23:16.5221880Z Post job cleanup.
2025-01-20T14:23:16.5281660Z Post job cleanup.
2025-01-20T14:23:16.7352770Z [command]/opt/homebrew/bin/git version
2025-01-20T14:23:16.8001470Z git version 2.48.0
2025-01-20T14:23:16.8029620Z Copying '/Users/runner/.gitconfig' to '/Users/runner/work/_temp/9866de25-8fdf-4d19-b056-d4c755b7886d/.gitconfig'
2025-01-20T14:23:16.8052040Z Temporarily overriding HOME='/Users/runner/work/_temp/9866de25-8fdf-4d19-b056-d4c755b7886d' before making global git config changes
2025-01-20T14:23:16.8052870Z Adding repository directory to the temporary git global config as a safe directory
2025-01-20T14:23:16.8053450Z [command]/opt/homebrew/bin/git config --global --add safe.directory /Users/runner/work/tardis/tardis/tardis-regression-data
2025-01-20T14:23:16.8157760Z [command]/opt/homebrew/bin/git config --local --name-only --get-regexp core\.sshCommand
2025-01-20T14:23:16.8219670Z [command]/opt/homebrew/bin/git submodule foreach --recursive sh -c "git config --local --name-only --get-regexp 'core\.sshCommand' && git config --local --unset-all 'core.sshCommand' || :"
2025-01-20T14:23:17.1103910Z [command]/opt/homebrew/bin/git config --local --name-only --get-regexp http\.https\:\/\/github\.com\/\.extraheader
2025-01-20T14:23:17.1141900Z http.https://github.com/.extraheader
2025-01-20T14:23:17.1150550Z [command]/opt/homebrew/bin/git config --local --unset-all http.https://github.com/.extraheader
2025-01-20T14:23:17.1258120Z [command]/opt/homebrew/bin/git submodule foreach --recursive sh -c "git config --local --name-only --get-regexp 'http\.https\:\/\/github\.com\/\.extraheader' && git config --local --unset-all 'http.https://github.com/.extraheader' || :"
2025-01-20T14:23:17.2239560Z Post job cleanup.
2025-01-20T14:23:17.3512700Z [command]/opt/homebrew/bin/git version
2025-01-20T14:23:17.3563040Z git version 2.48.0
2025-01-20T14:23:17.3585570Z Copying '/Users/runner/.gitconfig' to '/Users/runner/work/_temp/71635ddd-7b76-42b3-a358-5e6652f8db35/.gitconfig'
2025-01-20T14:23:17.3592780Z Temporarily overriding HOME='/Users/runner/work/_temp/71635ddd-7b76-42b3-a358-5e6652f8db35' before making global git config changes
2025-01-20T14:23:17.3593420Z Adding repository directory to the temporary git global config as a safe directory
2025-01-20T14:23:17.3595950Z [command]/opt/homebrew/bin/git config --global --add safe.directory /Users/runner/work/tardis/tardis
2025-01-20T14:23:17.3664430Z [command]/opt/homebrew/bin/git config --local --name-only --get-regexp core\.sshCommand
2025-01-20T14:23:17.3721490Z [command]/opt/homebrew/bin/git submodule foreach --recursive sh -c "git config --local --name-only --get-regexp 'core\.sshCommand' && git config --local --unset-all 'core.sshCommand' || :"
2025-01-20T14:23:17.4459310Z [command]/opt/homebrew/bin/git config --local --name-only --get-regexp http\.https\:\/\/github\.com\/\.extraheader
2025-01-20T14:23:17.4504950Z http.https://github.com/.extraheader
2025-01-20T14:23:17.4515500Z [command]/opt/homebrew/bin/git config --local --unset-all http.https://github.com/.extraheader
2025-01-20T14:23:17.4580060Z [command]/opt/homebrew/bin/git submodule foreach --recursive sh -c "git config --local --name-only --get-regexp 'http\.https\:\/\/github\.com\/\.extraheader' && git config --local --unset-all 'http.https://github.com/.extraheader' || :"
2025-01-20T14:23:17.5362340Z Cleaning up orphan processes
