2025-01-13T19:46:52.7938160Z ##[group]Run pytest tardis --tardis-regression-data=/home/runner/work/tardis/tardis/tardis-regression-data --cov=tardis --cov-report=xml --cov-report=html --cov-append -m "not continuum"
2025-01-13T19:46:52.7939714Z [36;1mpytest tardis --tardis-regression-data=/home/runner/work/tardis/tardis/tardis-regression-data --cov=tardis --cov-report=xml --cov-report=html --cov-append -m "not continuum"[0m
2025-01-13T19:46:52.7966349Z shell: /usr/bin/bash -l {0}
2025-01-13T19:46:52.7966625Z env:
2025-01-13T19:46:52.7966809Z   CACHE_NUMBER: 0
2025-01-13T19:46:52.7967448Z   PYTEST_FLAGS: --tardis-regression-data=/home/runner/work/tardis/tardis/tardis-regression-data --cov=tardis --cov-report=xml --cov-report=html --cov-append
2025-01-13T19:46:52.7968108Z   CODECOV_TOKEN: 
2025-01-13T19:46:52.7968339Z   MAMBA_ROOT_PREFIX: /home/runner/micromamba
2025-01-13T19:46:52.7968660Z   MAMBA_EXE: /home/runner/micromamba-bin/micromamba
2025-01-13T19:46:52.7969223Z   CONDARC: /home/runner/work/_temp/setup-micromamba/.condarc
2025-01-13T19:46:52.7969588Z ##[endgroup]
2025-01-13T19:47:01.1957397Z ============================= test session starts ==============================
2025-01-13T19:47:01.1958177Z platform linux -- Python 3.12.4, pytest-8.2.2, pluggy-1.5.0
2025-01-13T19:47:01.1958787Z rootdir: /home/runner/work/tardis/tardis
2025-01-13T19:47:01.1959647Z configfile: pyproject.toml
2025-01-13T19:47:01.1960303Z plugins: anyio-4.4.0, doctestplus-1.2.1, cov-5.0.0, html-4.1.1, metadata-3.1.1
2025-01-13T19:47:01.1961039Z collected 1796 items / 2 deselected / 1794 selected
2025-01-13T19:47:01.1961416Z 
2025-01-13T19:47:06.0713430Z tardis/energy_input/tests/test_energy_source.py ..xxx                    [  0%]
2025-01-13T19:47:08.7788077Z tardis/energy_input/tests/test_gamma_ray_channel.py ...........          [  0%]
2025-01-13T19:47:10.5073744Z tardis/energy_input/tests/test_gamma_ray_grid.py xx.                     [  1%]
2025-01-13T19:47:12.2538520Z tardis/energy_input/tests/test_gamma_ray_interactions.py xx....          [  1%]
2025-01-13T19:47:12.2645455Z tardis/energy_input/tests/test_gamma_ray_packet_source.py sssssssss      [  1%]
2025-01-13T19:47:13.5528920Z tardis/energy_input/tests/test_util.py .....xxxx.....                    [  2%]
2025-01-13T19:47:13.9354193Z tardis/grid/tests/test_grid.py .                                         [  2%]
2025-01-13T19:47:13.9371346Z tardis/gui/tests/test_gui.py s                                           [  2%]
2025-01-13T19:47:17.6834963Z tardis/io/configuration/tests/test_config_reader.py ...........          [  3%]
2025-01-13T19:47:17.6962633Z tardis/io/configuration/tests/test_configuration_namespace.py .........  [  3%]
2025-01-13T19:47:17.7229286Z tardis/io/logger/tests/test_logging.py ssssssssssssssssssssssssssss      [  5%]
2025-01-13T19:47:54.8303486Z tardis/io/model/readers/tests/test_arepo_parser.py ..                    [  5%]
2025-01-13T19:47:54.8448203Z tardis/io/model/readers/tests/test_ascii_readers.py ...                  [  5%]
2025-01-13T19:47:54.8554156Z tardis/io/model/readers/tests/test_cmfgen_reader.py ..                   [  5%]
2025-01-13T19:47:54.8851021Z tardis/io/model/readers/tests/test_csvy_reader.py ....                   [  6%]
2025-01-13T19:47:54.9054435Z tardis/io/model/readers/tests/test_stella_reader.py ..                   [  6%]
2025-01-13T19:47:55.1968790Z tardis/io/tests/test_HDFWriter.py ...............                        [  7%]
2025-01-13T19:47:55.5299382Z tardis/io/tests/test_atomic.py .....                                     [  7%]
2025-01-13T19:47:55.5639896Z tardis/io/tests/test_decay.py ..                                         [  7%]
2025-01-13T19:47:55.7586699Z tardis/io/tests/test_model_reader.py ......                              [  7%]
2025-01-13T19:47:55.7653517Z tardis/model/geometry/tests/test_radial1d.py ..                          [  7%]
2025-01-13T19:48:52.9474891Z tardis/model/tests/test_base.py ........................................ [ 10%]
2025-01-13T19:48:53.9405535Z ............                                                             [ 10%]
2025-01-13T19:48:56.9784539Z tardis/model/tests/test_csvy_model.py .........                          [ 11%]
2025-01-13T19:48:57.0247935Z tardis/model/tests/test_density.py ..                                    [ 11%]
2025-01-13T19:48:58.3233108Z tardis/opacities/tests/test_opacity_solver.py .....                      [ 11%]
2025-01-13T19:48:59.6407156Z tardis/opacities/tests/test_opacity_state_numba.py .....                 [ 11%]
2025-01-13T19:49:01.6681923Z tardis/opacities/tests/test_tau_sobolev.py FF                            [ 12%]
2025-01-13T19:49:04.4406624Z tardis/plasma/equilibrium/tests/test_collisional_transitions.py ...      [ 12%]
2025-01-13T19:49:50.1950133Z tardis/plasma/equilibrium/tests/test_level_populations.py ....           [ 12%]
2025-01-13T19:50:01.5672168Z tardis/plasma/equilibrium/tests/test_rate_matrix.py .                    [ 12%]
2025-01-13T19:50:03.0003952Z tardis/plasma/tests/test_complete_plasmas.py .....................s..... [ 13%]
2025-01-13T19:50:06.1921995Z s....ssssss............s............ss.....s....ssssss............s..... [ 18%]
2025-01-13T19:50:07.9127984Z .......ss.....s....ssssss............s............ss.....s....ssssss.... [ 22%]
2025-01-13T19:50:10.8310114Z ........s............ss.....s........ss............s............ss.....s [ 26%]
2025-01-13T19:50:13.7465405Z ........ss............s............ss.....s....ssssss............s...... [ 30%]
2025-01-13T19:50:14.5010357Z ......ss.....s....ssssss............s............ss.....s.ss.ssssss..... [ 34%]
2025-01-13T19:50:17.3904436Z .......s............ss.....s....ssssss............s............ss.....s. [ 38%]
2025-01-13T19:50:20.5843965Z ...ssssss............s............ss.....s....ssssss............s....... [ 42%]
2025-01-13T19:50:23.6945233Z .....ss.....s....ssssss............s............s...........ssssss...... [ 46%]
2025-01-13T19:50:25.5629514Z ......s............s...........ssssss............s............s......... [ 50%]
2025-01-13T19:50:28.5199645Z ..ssssss............s............ss.....s....ssssss............s........ [ 54%]
2025-01-13T19:50:31.7039374Z ....ss.....s....ssssss..........................s.....s....ssss......... [ 58%]
2025-01-13T19:50:32.0301860Z ...................s.....s....ssss.......                                [ 60%]
2025-01-13T19:50:32.1455697Z tardis/plasma/tests/test_hdf_plasma.py ................................. [ 62%]
2025-01-13T19:50:32.1566309Z ......                                                                   [ 62%]
2025-01-13T19:50:32.6306753Z tardis/plasma/tests/test_nlte_excitation.py ...                          [ 62%]
2025-01-13T19:52:50.1898418Z tardis/plasma/tests/test_nlte_solver.py .....X                           [ 63%]
2025-01-13T19:52:50.1925487Z tardis/plasma/tests/test_plasma_continuum.py .                           [ 63%]
2025-01-13T19:53:13.5856052Z tardis/plasma/tests/test_plasma_vboundary.py .............               [ 63%]
2025-01-13T19:53:26.8188306Z tardis/plasma/tests/test_tardis_model_density_config.py ...              [ 64%]
2025-01-13T19:53:27.5694089Z tardis/simulation/tests/test_convergence.py .....                        [ 64%]
2025-01-13T19:53:36.0898236Z tardis/simulation/tests/test_simulation.py .............                 [ 65%]
2025-01-13T19:53:36.1092725Z tardis/spectrum/tests/test_cuda_formal_integral.py sssssssssssssssssssss [ 66%]
2025-01-13T19:53:36.6041779Z ssss...ssssssssssssssssssssss                                            [ 67%]
2025-01-13T19:53:36.6114420Z tardis/spectrum/tests/test_luminosity.py ....                            [ 68%]
2025-01-13T19:53:38.2028913Z tardis/spectrum/tests/test_numba_formal_integral.py .................... [ 69%]
2025-01-13T19:53:38.2220831Z ..........                                                               [ 69%]
2025-01-13T19:53:38.3908791Z tardis/spectrum/tests/test_spectrum.py ................................. [ 71%]
2025-01-13T19:53:38.4233467Z .........                                                                [ 72%]
2025-01-13T19:53:57.5573818Z tardis/spectrum/tests/test_spectrum_solver.py ....                       [ 72%]
2025-01-13T19:54:59.4979757Z tardis/tests/test_tardis_full.py ....                                    [ 72%]
2025-01-13T19:56:27.7747592Z tardis/tests/test_tardis_full_formal_integral.py ................        [ 73%]
2025-01-13T19:56:27.8496386Z tardis/tests/test_util.py .............................................  [ 75%]
2025-01-13T19:56:30.5507872Z tardis/transport/montecarlo/tests/test_base.py x.....................    [ 77%]
2025-01-13T19:56:38.2342427Z tardis/transport/montecarlo/tests/test_interaction.py .......            [ 77%]
2025-01-13T19:56:38.4427129Z tardis/transport/montecarlo/tests/test_macro_atom.py ....                [ 77%]
2025-01-13T19:56:38.4614446Z tardis/transport/montecarlo/tests/test_montecarlo.py sssssssssssssssssss [ 78%]
2025-01-13T19:56:38.5016125Z sssssssssssssssssssssssssssssssssssssssssssss                            [ 81%]
2025-01-13T19:56:47.4679579Z tardis/transport/montecarlo/tests/test_montecarlo_main_loop.py x..       [ 81%]
2025-01-13T19:56:47.4748080Z tardis/transport/montecarlo/tests/test_nonhomologous.py ...              [ 81%]
2025-01-13T19:56:53.2387007Z tardis/transport/montecarlo/tests/test_numba_interface.py .....x.        [ 82%]
2025-01-13T19:56:53.7211705Z tardis/transport/montecarlo/tests/test_opacities.py ...............      [ 82%]
2025-01-13T19:56:54.7499681Z tardis/transport/montecarlo/tests/test_packet.py .................xXXXXX [ 84%]
2025-01-13T19:56:54.8897003Z XX.........                                                              [ 84%]
2025-01-13T19:56:54.9175889Z tardis/transport/montecarlo/tests/test_packet_source.py ........         [ 85%]
2025-01-13T19:56:55.2288453Z tardis/transport/montecarlo/tests/test_rpacket_last_interaction_tracker.py . [ 85%]
2025-01-13T19:56:55.6730577Z .....                                                                    [ 85%]
2025-01-13T19:57:31.3697924Z tardis/transport/montecarlo/tests/test_rpacket_tracker.py ......         [ 85%]
2025-01-13T19:57:31.3993921Z tardis/transport/montecarlo/tests/test_single_packet_loop.py xxx         [ 86%]
2025-01-13T19:57:31.4025735Z tardis/transport/montecarlo/tests/test_tracker_utils.py ..               [ 86%]
2025-01-13T19:57:34.3152502Z tardis/transport/montecarlo/tests/test_vpacket.py ..x.                   [ 86%]
2025-01-13T19:57:34.3325106Z tardis/transport/montecarlo/tests/test_weighted_packet_source.py ....    [ 86%]
2025-01-13T19:57:37.7545228Z tardis/transport/montecarlo/tests/test_weighted_packet_source_integration.py . [ 86%]
2025-01-13T19:57:37.7547825Z                                                                          [ 86%]
2025-01-13T19:57:38.5128223Z tardis/transport/tests/test_doppler_factor.py ..................         [ 87%]
2025-01-13T19:57:39.8487457Z tardis/visualization/tools/tests/test_convergence_plot.py .............. [ 88%]
2025-01-13T19:57:42.1194108Z ......                                                                   [ 88%]
2025-01-13T19:57:46.8810378Z tardis/visualization/tools/tests/test_liv_plot.py ...................... [ 90%]
2025-01-13T19:57:49.5297643Z .............................                                            [ 91%]
2025-01-13T19:57:52.4001586Z tardis/visualization/tools/tests/test_rpacket_plot.py .................. [ 92%]
2025-01-13T19:57:59.8939652Z ....                                                                     [ 92%]
2025-01-13T19:58:05.9104971Z tardis/visualization/tools/tests/test_sdec_plot.py ..................... [ 94%]
2025-01-13T19:58:13.4850830Z ..............................                                           [ 95%]
2025-01-13T19:58:13.9203959Z tardis/visualization/widgets/tests/test_custom_abundance.py ........ss.. [ 96%]
2025-01-13T19:58:13.9928624Z ....                                                                     [ 96%]
2025-01-13T19:58:15.0476571Z tardis/visualization/widgets/tests/test_line_info.py ................... [ 97%]
2025-01-13T19:58:15.6866680Z ..................                                                       [ 98%]
2025-01-13T19:59:18.9458725Z tardis/visualization/widgets/tests/test_shell_info.py .................. [ 99%]
2025-01-13T19:59:25.0913588Z ......                                                                   [100%]
2025-01-13T19:59:25.0914215Z 
2025-01-13T19:59:25.0914459Z =================================== FAILURES ===================================
2025-01-13T19:59:25.0915309Z _____________________ test_calculate_sobolev_line_opacity ______________________
2025-01-13T19:59:25.0916079Z 
2025-01-13T19:59:25.0916577Z nb_simulation_verysimple = <tardis.simulation.base.Simulation object at 0x7f3dbbc04380>
2025-01-13T19:59:25.0917833Z regression_data = <tardis.tests.fixtures.regression_data.RegressionData object at 0x7f3dbdd2e900>
2025-01-13T19:59:25.0918588Z 
2025-01-13T19:59:25.0918850Z     def test_calculate_sobolev_line_opacity(
2025-01-13T19:59:25.0919837Z         nb_simulation_verysimple, regression_data
2025-01-13T19:59:25.0920451Z     ):
2025-01-13T19:59:25.0920944Z         legacy_plasma = nb_simulation_verysimple.plasma
2025-01-13T19:59:25.0921609Z     
2025-01-13T19:59:25.0922073Z         actual = calculate_sobolev_line_opacity(
2025-01-13T19:59:25.0922622Z             legacy_plasma.lines,
2025-01-13T19:59:25.0923359Z             legacy_plasma.level_number_density,
2025-01-13T19:59:25.0923972Z             legacy_plasma.time_explosion,
2025-01-13T19:59:25.0924724Z             legacy_plasma.stimulated_emission_factor,
2025-01-13T19:59:25.0925496Z         )
2025-01-13T19:59:25.0926086Z >       expected = regression_data.sync_dataframe(actual)
2025-01-13T19:59:25.0926681Z 
2025-01-13T19:59:25.0927018Z tardis/opacities/tests/test_tau_sobolev.py:21: 
2025-01-13T19:59:25.0927790Z _ _ _ _ _ _ _ _ _ _ _ _ _ _ _ _ _ _ _ _ _ _ _ _ _ _ _ _ _ _ _ _ _ _ _ _ _ _ _ _ 
2025-01-13T19:59:25.0928628Z tardis/tests/fixtures/regression_data.py:88: in sync_dataframe
2025-01-13T19:59:25.0929833Z     return pd.read_hdf(self.fpath, key=key)
2025-01-13T19:59:25.0930563Z _ _ _ _ _ _ _ _ _ _ _ _ _ _ _ _ _ _ _ _ _ _ _ _ _ _ _ _ _ _ _ _ _ _ _ _ _ _ _ _ 
2025-01-13T19:59:25.0931066Z 
2025-01-13T19:59:25.0932029Z path_or_buf = '/home/runner/work/tardis/tardis/tardis-regression-data/test_tau_sobolev/test_calculate_sobolev_line_opacity.h5'
2025-01-13T19:59:25.0933433Z key = 'data', mode = 'r', errors = 'strict', where = None, start = None
2025-01-13T19:59:25.0934413Z stop = None, columns = None, iterator = False, chunksize = None, kwargs = {}
2025-01-13T19:59:25.0935331Z exists = False
2025-01-13T19:59:25.0935600Z 
2025-01-13T19:59:25.0935838Z     def read_hdf(
2025-01-13T19:59:25.0936454Z         path_or_buf: FilePath | HDFStore,
2025-01-13T19:59:25.0937105Z         key=None,
2025-01-13T19:59:25.0937583Z         mode: str = "r",
2025-01-13T19:59:25.0938187Z         errors: str = "strict",
2025-01-13T19:59:25.0938715Z         where: str | list | None = None,
2025-01-13T19:59:25.0939503Z         start: int | None = None,
2025-01-13T19:59:25.0940181Z         stop: int | None = None,
2025-01-13T19:59:25.0940717Z         columns: list[str] | None = None,
2025-01-13T19:59:25.0941371Z         iterator: bool = False,
2025-01-13T19:59:25.0941967Z         chunksize: int | None = None,
2025-01-13T19:59:25.0942560Z         **kwargs,
2025-01-13T19:59:25.0943110Z     ):
2025-01-13T19:59:25.0943529Z         """
2025-01-13T19:59:25.0944036Z         Read from the store, close it if we opened it.
2025-01-13T19:59:25.0944734Z     
2025-01-13T19:59:25.0945376Z         Retrieve pandas object stored in file, optionally based on where
2025-01-13T19:59:25.0946675Z         criteria.
2025-01-13T19:59:25.0947219Z     
2025-01-13T19:59:25.0954949Z         .. warning::
2025-01-13T19:59:25.0955511Z     
2025-01-13T19:59:25.0956109Z            Pandas uses PyTables for reading and writing HDF5 files, which allows
2025-01-13T19:59:25.0957146Z            serializing object-dtype data with pickle when using the "fixed" format.
2025-01-13T19:59:25.0958104Z            Loading pickled data received from untrusted sources can be unsafe.
2025-01-13T19:59:25.0958834Z     
2025-01-13T19:59:25.0959991Z            See: https://docs.python.org/3/library/pickle.html for more.
2025-01-13T19:59:25.0960667Z     
2025-01-13T19:59:25.0961192Z         Parameters
2025-01-13T19:59:25.0961657Z         ----------
2025-01-13T19:59:25.0962158Z         path_or_buf : str, path object, pandas.HDFStore
2025-01-13T19:59:25.0963068Z             Any valid string path is acceptable. Only supports the local file system,
2025-01-13T19:59:25.0963899Z             remote URLs and file-like objects are not supported.
2025-01-13T19:59:25.0964577Z     
2025-01-13T19:59:25.0965140Z             If you want to pass in a path object, pandas accepts any
2025-01-13T19:59:25.0965787Z             ``os.PathLike``.
2025-01-13T19:59:25.0966368Z     
2025-01-13T19:59:25.0966971Z             Alternatively, pandas accepts an open :class:`pandas.HDFStore` object.
2025-01-13T19:59:25.0967873Z     
2025-01-13T19:59:25.0968359Z         key : object, optional
2025-01-13T19:59:25.0969257Z             The group identifier in the store. Can be omitted if the HDF file
2025-01-13T19:59:25.0970125Z             contains a single pandas object.
2025-01-13T19:59:25.0970701Z         mode : {'r', 'r+', 'a'}, default 'r'
2025-01-13T19:59:25.0971343Z             Mode to use when opening the file. Ignored if path_or_buf is a
2025-01-13T19:59:25.0972178Z             :class:`pandas.HDFStore`. Default is 'r'.
2025-01-13T19:59:25.0972834Z         errors : str, default 'strict'
2025-01-13T19:59:25.0973572Z             Specifies how encoding and decoding errors are to be handled.
2025-01-13T19:59:25.0974327Z             See the errors argument for :func:`open` for a full list
2025-01-13T19:59:25.0974938Z             of options.
2025-01-13T19:59:25.0975462Z         where : list, optional
2025-01-13T19:59:25.0975964Z             A list of Term (or convertible) objects.
2025-01-13T19:59:25.0976490Z         start : int, optional
2025-01-13T19:59:25.0977050Z             Row number to start selection.
2025-01-13T19:59:25.0977576Z         stop  : int, optional
2025-01-13T19:59:25.0978089Z             Row number to stop selection.
2025-01-13T19:59:25.0978621Z         columns : list, optional
2025-01-13T19:59:25.0979372Z             A list of columns names to return.
2025-01-13T19:59:25.0980012Z         iterator : bool, optional
2025-01-13T19:59:25.0980515Z             Return an iterator object.
2025-01-13T19:59:25.0981139Z         chunksize : int, optional
2025-01-13T19:59:25.0981759Z             Number of rows to include in an iteration when using an iterator.
2025-01-13T19:59:25.0982389Z         **kwargs
2025-01-13T19:59:25.0982922Z             Additional keyword arguments passed to HDFStore.
2025-01-13T19:59:25.0983490Z     
2025-01-13T19:59:25.0983832Z         Returns
2025-01-13T19:59:25.0984323Z         -------
2025-01-13T19:59:25.0984711Z         object
2025-01-13T19:59:25.0985257Z             The selected object. Return type depends on the object stored.
2025-01-13T19:59:25.0985870Z     
2025-01-13T19:59:25.0986223Z         See Also
2025-01-13T19:59:25.0986700Z         --------
2025-01-13T19:59:25.0987174Z         DataFrame.to_hdf : Write a HDF file from a DataFrame.
2025-01-13T19:59:25.0987758Z         HDFStore : Low-level access to HDF files.
2025-01-13T19:59:25.0988393Z     
2025-01-13T19:59:25.0988757Z         Examples
2025-01-13T19:59:25.0989361Z         --------
2025-01-13T19:59:25.0989925Z         >>> df = pd.DataFrame([[1, 1.0, 'a']], columns=['x', 'y', 'z'])  # doctest: +SKIP
2025-01-13T19:59:25.0990618Z         >>> df.to_hdf('./store.h5', 'data')  # doctest: +SKIP
2025-01-13T19:59:25.0991584Z         >>> reread = pd.read_hdf('./store.h5')  # doctest: +SKIP
2025-01-13T19:59:25.0992160Z         """
2025-01-13T19:59:25.0992662Z         if mode not in ["r", "r+", "a"]:
2025-01-13T19:59:25.0993174Z             raise ValueError(
2025-01-13T19:59:25.0993725Z                 f"mode {mode} is not allowed while performing a read. "
2025-01-13T19:59:25.0994382Z                 f"Allowed modes are r, r+ and a."
2025-01-13T19:59:25.0994878Z             )
2025-01-13T19:59:25.0995438Z         # grab the scope
2025-01-13T19:59:25.0995963Z         if where is not None:
2025-01-13T19:59:25.0996489Z             where = _ensure_term(where, scope_level=1)
2025-01-13T19:59:25.0997037Z     
2025-01-13T19:59:25.0997479Z         if isinstance(path_or_buf, HDFStore):
2025-01-13T19:59:25.0997997Z             if not path_or_buf.is_open:
2025-01-13T19:59:25.0998780Z                 raise OSError("The HDFStore must be open for reading.")
2025-01-13T19:59:25.0999571Z     
2025-01-13T19:59:25.1000003Z             store = path_or_buf
2025-01-13T19:59:25.1000527Z             auto_close = False
2025-01-13T19:59:25.1000966Z         else:
2025-01-13T19:59:25.1001515Z             path_or_buf = stringify_path(path_or_buf)
2025-01-13T19:59:25.1002094Z             if not isinstance(path_or_buf, str):
2025-01-13T19:59:25.1002627Z                 raise NotImplementedError(
2025-01-13T19:59:25.1003427Z                     "Support for generic buffers has not been implemented."
2025-01-13T19:59:25.1004013Z                 )
2025-01-13T19:59:25.1004534Z             try:
2025-01-13T19:59:25.1004988Z                 exists = os.path.exists(path_or_buf)
2025-01-13T19:59:25.1005461Z     
2025-01-13T19:59:25.1005751Z             # if filepath is too long
2025-01-13T19:59:25.1006144Z             except (TypeError, ValueError):
2025-01-13T19:59:25.1006535Z                 exists = False
2025-01-13T19:59:25.1006850Z     
2025-01-13T19:59:25.1007096Z             if not exists:
2025-01-13T19:59:25.1007551Z >               raise FileNotFoundError(f"File {path_or_buf} does not exist")
2025-01-13T19:59:25.1008704Z E               FileNotFoundError: File /home/runner/work/tardis/tardis/tardis-regression-data/test_tau_sobolev/test_calculate_sobolev_line_opacity.h5 does not exist
2025-01-13T19:59:25.1009803Z 
2025-01-13T19:59:25.1010267Z ../../../micromamba/envs/tardis/lib/python3.12/site-packages/pandas/io/pytables.py:424: FileNotFoundError
2025-01-13T19:59:25.1011088Z ---------------------------- Captured stdout setup -----------------------------
2025-01-13T19:59:25.1012039Z [[1mtardis.io.model.parse_density_configuration[0m][[1;33mWARNING[0m]  
2025-01-13T19:59:25.1013165Z 	Number of density points larger than number of shells. Assuming inner point irrelevant ([1mparse_density_configuration.py[0m:114)
2025-01-13T19:59:25.1014126Z ---------------------------- Captured stderr setup -----------------------------
2025-01-13T19:59:25.1014495Z 
2025-01-13T19:59:25.1014968Z Iterations:â–ˆâ–ˆâ–ˆâ–ˆâ–ˆâ–ˆâ–ˆâ–ˆâ–ˆâ–ˆâ–ˆâ–ˆâ–ˆâ–ˆâ–ˆâ–ˆâ–ˆâ–ˆâ–ˆâ–ˆâ–ˆâ–ˆâ–ˆâ–ˆâ–ˆâ–ˆâ–ˆâ–ˆâ–ˆâ–ˆâ–ˆâ–ˆâ–ˆâ–ˆâ–ˆâ–ˆâ–ˆâ–ˆâ–ˆâ–ˆâ–ˆâ–ˆâ–ˆâ–ˆâ–ˆâ–ˆâ–ˆâ–ˆâ–ˆâ–ˆâ–ˆâ–ˆâ–ˆâ–ˆâ–ˆâ–ˆâ–ˆâ–ˆâ–ˆâ–ˆâ–ˆâ–ˆâ–ˆâ–ˆ                4/5 [00:11<00:02,  2.68s/it]
2025-01-13T19:59:25.1015397Z 
2025-01-13T19:59:25.1015755Z Packets:                                                                                   4030/? [00:11<00:00, 34255.53it/s][A
2025-01-13T19:59:25.1016300Z ------------------------------ Captured log setup ------------------------------
2025-01-13T19:59:25.1017393Z WARNING  tardis.io.model.parse_density_configuration:parse_density_configuration.py:114 Number of density points larger than number of shells. Assuming inner point irrelevant
2025-01-13T19:59:25.1018571Z _________________________ test_calculate_beta_sobolevs _________________________
2025-01-13T19:59:25.1019294Z 
2025-01-13T19:59:25.1019684Z nb_simulation_verysimple = <tardis.simulation.base.Simulation object at 0x7f3dbbc04380>
2025-01-13T19:59:25.1020608Z regression_data = <tardis.tests.fixtures.regression_data.RegressionData object at 0x7f3dd85541a0>
2025-01-13T19:59:25.1021367Z 
2025-01-13T19:59:25.1021668Z     def test_calculate_beta_sobolevs(nb_simulation_verysimple, regression_data):
2025-01-13T19:59:25.1022269Z         legacy_plasma = nb_simulation_verysimple.plasma
2025-01-13T19:59:25.1022676Z     
2025-01-13T19:59:25.1022988Z         tau_sobolevs = calculate_sobolev_line_opacity(
2025-01-13T19:59:25.1023422Z             legacy_plasma.lines,
2025-01-13T19:59:25.1023792Z             legacy_plasma.level_number_density,
2025-01-13T19:59:25.1024210Z             legacy_plasma.time_explosion,
2025-01-13T19:59:25.1024819Z             legacy_plasma.stimulated_emission_factor,
2025-01-13T19:59:25.1025242Z         )
2025-01-13T19:59:25.1025611Z         actual = calculate_beta_sobolev(tau_sobolevs)
2025-01-13T19:59:25.1026098Z >       expected = regression_data.sync_ndarray(actual)
2025-01-13T19:59:25.1026429Z 
2025-01-13T19:59:25.1026604Z tardis/opacities/tests/test_tau_sobolev.py:35: 
2025-01-13T19:59:25.1027078Z _ _ _ _ _ _ _ _ _ _ _ _ _ _ _ _ _ _ _ _ _ _ _ _ _ _ _ _ _ _ _ _ _ _ _ _ _ _ _ _ 
2025-01-13T19:59:25.1027646Z tardis/tests/fixtures/regression_data.py:111: in sync_ndarray
2025-01-13T19:59:25.1028164Z     return np.load(self.fpath)
2025-01-13T19:59:25.1028557Z _ _ _ _ _ _ _ _ _ _ _ _ _ _ _ _ _ _ _ _ _ _ _ _ _ _ _ _ _ _ _ _ _ _ _ _ _ _ _ _ 
2025-01-13T19:59:25.1028865Z 
2025-01-13T19:59:25.1029622Z file = PosixPath('/home/runner/work/tardis/tardis/tardis-regression-data/test_tau_sobolev/test_calculate_beta_sobolevs.npy')
2025-01-13T19:59:25.1030643Z mmap_mode = None, allow_pickle = False, fix_imports = True, encoding = 'ASCII'
2025-01-13T19:59:25.1031103Z 
2025-01-13T19:59:25.1031234Z     @set_module('numpy')
2025-01-13T19:59:25.1031700Z     def load(file, mmap_mode=None, allow_pickle=False, fix_imports=True,
2025-01-13T19:59:25.1032338Z              encoding='ASCII', *, max_header_size=format._MAX_HEADER_SIZE):
2025-01-13T19:59:25.1032815Z         """
2025-01-13T19:59:25.1033246Z         Load arrays or pickled objects from ``.npy``, ``.npz`` or pickled files.
2025-01-13T19:59:25.1033776Z     
2025-01-13T19:59:25.1034216Z         .. warning:: Loading files that contain object arrays uses the ``pickle``
2025-01-13T19:59:25.1034848Z                      module, which is not secure against erroneous or maliciously
2025-01-13T19:59:25.1035459Z                      constructed data. Consider passing ``allow_pickle=False`` to
2025-01-13T19:59:25.1036056Z                      load data that is known not to contain object arrays for the
2025-01-13T19:59:25.1036575Z                      safer handling of untrusted sources.
2025-01-13T19:59:25.1036977Z     
2025-01-13T19:59:25.1037237Z         Parameters
2025-01-13T19:59:25.1037522Z         ----------
2025-01-13T19:59:25.1037871Z         file : file-like object, string, or pathlib.Path
2025-01-13T19:59:25.1038366Z             The file to read. File-like objects must support the
2025-01-13T19:59:25.1038841Z             ``seek()`` and ``read()`` methods and must always
2025-01-13T19:59:25.1039514Z             be opened in binary mode.  Pickled files require that the
2025-01-13T19:59:25.1040063Z             file-like object support the ``readline()`` method as well.
2025-01-13T19:59:25.1040569Z         mmap_mode : {None, 'r+', 'r', 'w+', 'c'}, optional
2025-01-13T19:59:25.1041084Z             If not None, then memory-map the file, using the given mode (see
2025-01-13T19:59:25.1041666Z             `numpy.memmap` for a detailed description of the modes).  A
2025-01-13T19:59:25.1042287Z             memory-mapped array is kept on disk. However, it can be accessed
2025-01-13T19:59:25.1042918Z             and sliced like any ndarray.  Memory mapping is especially useful
2025-01-13T19:59:25.1043540Z             for accessing small fragments of large files without reading the
2025-01-13T19:59:25.1044055Z             entire file into memory.
2025-01-13T19:59:25.1044441Z         allow_pickle : bool, optional
2025-01-13T19:59:25.1044959Z             Allow loading pickled object arrays stored in npy files. Reasons for
2025-01-13T19:59:25.1045623Z             disallowing pickles include security, as loading pickled data can
2025-01-13T19:59:25.1046480Z             execute arbitrary code. If pickles are disallowed, loading object
2025-01-13T19:59:25.1047036Z             arrays will fail. Default: False
2025-01-13T19:59:25.1047393Z     
2025-01-13T19:59:25.1047658Z             .. versionchanged:: 1.16.3
2025-01-13T19:59:25.1048094Z                 Made default False in response to CVE-2019-6446.
2025-01-13T19:59:25.1048502Z     
2025-01-13T19:59:25.1048758Z         fix_imports : bool, optional
2025-01-13T19:59:25.1049653Z             Only useful when loading Python 2 generated pickled files on Python 3,
2025-01-13T19:59:25.1050376Z             which includes npy/npz files containing object arrays. If `fix_imports`
2025-01-13T19:59:25.1051134Z             is True, pickle will try to map the old Python 2 names to the new names
2025-01-13T19:59:25.1051700Z             used in Python 3.
2025-01-13T19:59:25.1052059Z         encoding : str, optional
2025-01-13T19:59:25.1052557Z             What encoding to use when reading Python 2 strings. Only useful when
2025-01-13T19:59:25.1053247Z             loading Python 2 generated pickled files in Python 3, which includes
2025-01-13T19:59:25.1053907Z             npy/npz files containing object arrays. Values other than 'latin1',
2025-01-13T19:59:25.1054577Z             'ASCII', and 'bytes' are not allowed, as they can corrupt numerical
2025-01-13T19:59:25.1055123Z             data. Default: 'ASCII'
2025-01-13T19:59:25.1055584Z         max_header_size : int, optional
2025-01-13T19:59:25.1056193Z             Maximum allowed size of the header.  Large headers may not be safe
2025-01-13T19:59:25.1056852Z             to load securely and thus require explicitly passing a larger value.
2025-01-13T19:59:25.1057424Z             See :py:func:`ast.literal_eval()` for details.
2025-01-13T19:59:25.1057973Z             This option is ignored when `allow_pickle` is passed.  In that case
2025-01-13T19:59:25.1058600Z             the file is by definition trusted and the limit is unnecessary.
2025-01-13T19:59:25.1059246Z     
2025-01-13T19:59:25.1059493Z         Returns
2025-01-13T19:59:25.1059771Z         -------
2025-01-13T19:59:25.1060076Z         result : array, tuple, dict, etc.
2025-01-13T19:59:25.1060593Z             Data stored in the file. For ``.npz`` files, the returned instance
2025-01-13T19:59:25.1061217Z             of NpzFile class must be closed to avoid leaking file descriptors.
2025-01-13T19:59:25.1061700Z     
2025-01-13T19:59:25.1061952Z         Raises
2025-01-13T19:59:25.1062232Z         ------
2025-01-13T19:59:25.1062498Z         OSError
2025-01-13T19:59:25.1062843Z             If the input file does not exist or cannot be read.
2025-01-13T19:59:25.1063297Z         UnpicklingError
2025-01-13T19:59:25.1063735Z             If ``allow_pickle=True``, but the file cannot be loaded as a pickle.
2025-01-13T19:59:25.1064224Z         ValueError
2025-01-13T19:59:25.1064659Z             The file contains an object array, but ``allow_pickle=False`` given.
2025-01-13T19:59:25.1065158Z         EOFError
2025-01-13T19:59:25.1065563Z             When calling ``np.load`` multiple times on the same file handle,
2025-01-13T19:59:25.1066077Z             if all data has already been read
2025-01-13T19:59:25.1066445Z     
2025-01-13T19:59:25.1066688Z         See Also
2025-01-13T19:59:25.1066957Z         --------
2025-01-13T19:59:25.1067262Z         save, savez, savez_compressed, loadtxt
2025-01-13T19:59:25.1067785Z         memmap : Create a memory-map to an array stored in a file on disk.
2025-01-13T19:59:25.1068431Z         lib.format.open_memmap : Create or load a memory-mapped ``.npy`` file.
2025-01-13T19:59:25.1068922Z     
2025-01-13T19:59:25.1069301Z         Notes
2025-01-13T19:59:25.1069564Z         -----
2025-01-13T19:59:25.1069958Z         - If the file contains pickle data, then whatever object is stored
2025-01-13T19:59:25.1070457Z           in the pickle is returned.
2025-01-13T19:59:25.1070912Z         - If the file is a ``.npy`` file, then a single array is returned.
2025-01-13T19:59:25.1071673Z         - If the file is a ``.npz`` file, then a dictionary-like object is
2025-01-13T19:59:25.1072292Z           returned, containing ``{filename: array}`` key-value pairs, one for
2025-01-13T19:59:25.1072822Z           each file in the archive.
2025-01-13T19:59:25.1073287Z         - If the file is a ``.npz`` file, the returned value supports the
2025-01-13T19:59:25.1073897Z           context manager protocol in a similar fashion to the open function::
2025-01-13T19:59:25.1074393Z     
2025-01-13T19:59:25.1074843Z             with load('foo.npz') as data:
2025-01-13T19:59:25.1075221Z                 a = data['a']
2025-01-13T19:59:25.1075539Z     
2025-01-13T19:59:25.1075978Z           The underlying file descriptor is closed when exiting the 'with'
2025-01-13T19:59:25.1076479Z           block.
2025-01-13T19:59:25.1076738Z     
2025-01-13T19:59:25.1076980Z         Examples
2025-01-13T19:59:25.1077250Z         --------
2025-01-13T19:59:25.1077568Z         Store data to disk, and load it again:
2025-01-13T19:59:25.1077955Z     
2025-01-13T19:59:25.1078267Z         >>> np.save('/tmp/123', np.array([[1, 2, 3], [4, 5, 6]]))
2025-01-13T19:59:25.1078701Z         >>> np.load('/tmp/123.npy')
2025-01-13T19:59:25.1079251Z         array([[1, 2, 3],
2025-01-13T19:59:25.1079567Z                [4, 5, 6]])
2025-01-13T19:59:25.1079867Z     
2025-01-13T19:59:25.1080175Z         Store compressed data to disk, and load it again:
2025-01-13T19:59:25.1080583Z     
2025-01-13T19:59:25.1080846Z         >>> a=np.array([[1, 2, 3], [4, 5, 6]])
2025-01-13T19:59:25.1081235Z         >>> b=np.array([1, 2])
2025-01-13T19:59:25.1081594Z         >>> np.savez('/tmp/123.npz', a=a, b=b)
2025-01-13T19:59:25.1081992Z         >>> data = np.load('/tmp/123.npz')
2025-01-13T19:59:25.1082365Z         >>> data['a']
2025-01-13T19:59:25.1082660Z         array([[1, 2, 3],
2025-01-13T19:59:25.1082954Z                [4, 5, 6]])
2025-01-13T19:59:25.1083257Z         >>> data['b']
2025-01-13T19:59:25.1083536Z         array([1, 2])
2025-01-13T19:59:25.1083845Z         >>> data.close()
2025-01-13T19:59:25.1084138Z     
2025-01-13T19:59:25.1084481Z         Mem-map the stored array, and then access the second row
2025-01-13T19:59:25.1084932Z         directly from disk:
2025-01-13T19:59:25.1085249Z     
2025-01-13T19:59:25.1085540Z         >>> X = np.load('/tmp/123.npy', mmap_mode='r')
2025-01-13T19:59:25.1085943Z         >>> X[1, :]
2025-01-13T19:59:25.1086227Z         memmap([4, 5, 6])
2025-01-13T19:59:25.1086521Z     
2025-01-13T19:59:25.1086758Z         """
2025-01-13T19:59:25.1087094Z         if encoding not in ('ASCII', 'latin1', 'bytes'):
2025-01-13T19:59:25.1087626Z             # The 'encoding' value for pickle also affects what encoding
2025-01-13T19:59:25.1088186Z             # the serialized binary data of NumPy arrays is loaded
2025-01-13T19:59:25.1088724Z             # in. Pickle does not pass on the encoding information to
2025-01-13T19:59:25.1089420Z             # NumPy. The unpickling code in numpy.core.multiarray is
2025-01-13T19:59:25.1089990Z             # written to assume that unicode data appearing where binary
2025-01-13T19:59:25.1090581Z             # should be is in 'latin1'. 'bytes' is also safe, as is 'ASCII'.
2025-01-13T19:59:25.1091038Z             #
2025-01-13T19:59:25.1091390Z             # Other encoding values can corrupt binary data, and we
2025-01-13T19:59:25.1091963Z             # purposefully disallow them. For the same reason, the errors=
2025-01-13T19:59:25.1092531Z             # argument is not exposed, as values other than 'strict'
2025-01-13T19:59:25.1093084Z             # result can similarly silently corrupt numerical data.
2025-01-13T19:59:25.1093669Z             raise ValueError("encoding must be 'ASCII', 'latin1', or 'bytes'")
2025-01-13T19:59:25.1094173Z     
2025-01-13T19:59:25.1094558Z         pickle_kwargs = dict(encoding=encoding, fix_imports=fix_imports)
2025-01-13T19:59:25.1095036Z     
2025-01-13T19:59:25.1095314Z         with contextlib.ExitStack() as stack:
2025-01-13T19:59:25.1095904Z             if hasattr(file, 'read'):
2025-01-13T19:59:25.1096270Z                 fid = file
2025-01-13T19:59:25.1096586Z                 own_fid = False
2025-01-13T19:59:25.1096910Z             else:
2025-01-13T19:59:25.1097271Z >               fid = stack.enter_context(open(os_fspath(file), "rb"))
2025-01-13T19:59:25.1098387Z E               FileNotFoundError: [Errno 2] No such file or directory: '/home/runner/work/tardis/tardis/tardis-regression-data/test_tau_sobolev/test_calculate_beta_sobolevs.npy'
2025-01-13T19:59:25.1100007Z 
2025-01-13T19:59:25.1100395Z ../../../micromamba/envs/tardis/lib/python3.12/site-packages/numpy/lib/npyio.py:427: FileNotFoundError
2025-01-13T19:59:25.1100990Z =============================== warnings summary ===============================
2025-01-13T19:59:25.1101360Z tardis/io/configuration/config_validator.py:6
2025-01-13T19:59:25.1101710Z tardis/io/configuration/config_validator.py:6
2025-01-13T19:59:25.1102274Z   /home/runner/work/tardis/tardis/tardis/io/configuration/config_validator.py:6: DeprecationWarning:
2025-01-13T19:59:25.1102820Z   
2025-01-13T19:59:25.1104147Z   jsonschema.RefResolver is deprecated as of v4.18.0, in favor of the https://github.com/python-jsonschema/referencing library, which provides more compliant referencing behavior as well as more flexible APIs for customization. A future release will remove RefResolver. Please file a feature request (on referencing) if you are missing an API for the kind of customization you need.
2025-01-13T19:59:25.1105469Z 
2025-01-13T19:59:25.1105736Z ../../../micromamba/envs/tardis/lib/python3.12/site-packages/jupyter_client/connect.py:22
2025-01-13T19:59:25.1106460Z   /home/runner/micromamba/envs/tardis/lib/python3.12/site-packages/jupyter_client/connect.py:22: DeprecationWarning:
2025-01-13T19:59:25.1107001Z   
2025-01-13T19:59:25.1107258Z   Jupyter is migrating its paths to use standard platformdirs
2025-01-13T19:59:25.1107668Z   given by the platformdirs library.  To remove this warning and
2025-01-13T19:59:25.1108097Z   see the appropriate new directories, set the environment variable
2025-01-13T19:59:25.1108511Z   `JUPYTER_PLATFORM_DIRS=1` and then run `jupyter --paths`.
2025-01-13T19:59:25.1108913Z   The use of platformdirs will be the default in `jupyter_core` v6
2025-01-13T19:59:25.1109342Z 
2025-01-13T19:59:25.1109520Z tardis/io/tests/test_HDFWriter.py::test_multi_index_write
2025-01-13T19:59:25.1110039Z tardis/visualization/widgets/tests/test_shell_info.py::TestHDFShellInfo::test_shells_data
2025-01-13T19:59:25.1110629Z   /home/runner/work/tardis/tardis/tardis/io/util.py:276: PerformanceWarning:
2025-01-13T19:59:25.1111029Z   
2025-01-13T19:59:25.1111198Z   
2025-01-13T19:59:25.1111510Z   your performance may suffer as PyTables will pickle object types that it cannot
2025-01-13T19:59:25.1112096Z   map directly to c-types [inferred_type->mixed,key->block0_values] [items->Index([0], dtype='int64')]
2025-01-13T19:59:25.1112472Z 
2025-01-13T19:59:25.1112683Z tardis/io/tests/test_model_reader.py::test_read_cmfgen_isotope_abundances
2025-01-13T19:59:25.1113210Z tardis/plasma/tests/test_tardis_model_density_config.py::test_electron_densities
2025-01-13T19:59:25.1113746Z tardis/plasma/tests/test_tardis_model_density_config.py::test_isotope_number_densities
2025-01-13T19:59:25.1114251Z tardis/plasma/tests/test_tardis_model_density_config.py::test_t_rad
2025-01-13T19:59:25.1114825Z   /home/runner/work/tardis/tardis/tardis/io/model/readers/cmfgen_deprecated.py:82: DeprecationWarning:
2025-01-13T19:59:25.1115294Z   
2025-01-13T19:59:25.1115501Z   The current CMFGEN model parser is deprecated
2025-01-13T19:59:25.1115701Z 
2025-01-13T19:59:25.1115818Z tardis/io/tests/test_model_reader.py: 1 warning
2025-01-13T19:59:25.1116182Z tardis/plasma/tests/test_tardis_model_density_config.py: 9 warnings
2025-01-13T19:59:25.1116742Z   /home/runner/work/tardis/tardis/tardis/io/model/readers/cmfgen_deprecated.py:40: DeprecationWarning:
2025-01-13T19:59:25.1117214Z   
2025-01-13T19:59:25.1117413Z   The current CMFGEN model parser is deprecated
2025-01-13T19:59:25.1117814Z 
2025-01-13T19:59:25.1118029Z tardis/model/tests/test_base.py::TestModelFromPaper1Config::test_abundances
2025-01-13T19:59:25.1118675Z   /home/runner/work/tardis/tardis/tardis/transport/montecarlo/montecarlo_main_loop.py:123: NumbaTypeSafetyWarning:
2025-01-13T19:59:25.1119390Z   
2025-01-13T19:59:25.1119856Z   [1m[1m[1munsafe cast from uint64 to int64. Precision may be lost.[0m[0m[0m
2025-01-13T19:59:25.1120128Z 
2025-01-13T19:59:25.1120232Z tardis/model/tests/test_base.py: 6 warnings
2025-01-13T19:59:25.1120751Z tardis/model/tests/test_csvy_model.py: 2 warnings
2025-01-13T19:59:25.1121125Z tardis/plasma/tests/test_tardis_model_density_config.py: 3 warnings
2025-01-13T19:59:25.1121653Z   /home/runner/work/tardis/tardis/tardis/model/geometry/radial1d.py:50: DeprecationWarning:
2025-01-13T19:59:25.1122085Z   
2025-01-13T19:59:25.1122285Z   v_inner_boundary < 0, assuming default value
2025-01-13T19:59:25.1122476Z 
2025-01-13T19:59:25.1122585Z tardis/model/tests/test_base.py: 6 warnings
2025-01-13T19:59:25.1122897Z tardis/model/tests/test_csvy_model.py: 2 warnings
2025-01-13T19:59:25.1123273Z tardis/plasma/tests/test_tardis_model_density_config.py: 3 warnings
2025-01-13T19:59:25.1123790Z   /home/runner/work/tardis/tardis/tardis/model/geometry/radial1d.py:61: DeprecationWarning:
2025-01-13T19:59:25.1124211Z   
2025-01-13T19:59:25.1124402Z   v_outer_boundary < 0, assuming default value
2025-01-13T19:59:25.1124585Z 
2025-01-13T19:59:25.1125047Z tardis/plasma/equilibrium/tests/test_level_populations.py::TestLevelPopulationSolver::test_solve[collisional_rate_solver0-radiative_transitions0]
2025-01-13T19:59:25.1125875Z   /home/runner/work/tardis/tardis/tardis/plasma/equilibrium/level_populations.py:65: FutureWarning:
2025-01-13T19:59:25.1126329Z   
2025-01-13T19:59:25.1126698Z   A value is trying to be set on a copy of a DataFrame or Series through chained assignment using an inplace method.
2025-01-13T19:59:25.1127498Z   The behavior will change in pandas 3.0. This inplace method will never work because the intermediate object on which we are setting values always behaves as a copy.
2025-01-13T19:59:25.1128094Z   
2025-01-13T19:59:25.1128698Z   For example, when doing 'df[col].method(value, inplace=True)', try using 'df.method({col: value}, inplace=True)' or df[col] = df[col].method(value) instead, to perform the operation inplace on the original object.
2025-01-13T19:59:25.1129409Z 
2025-01-13T19:59:25.1129565Z tardis/plasma/tests/test_complete_plasmas.py: 20 warnings
2025-01-13T19:59:25.1130075Z   /home/runner/work/tardis/tardis/tardis/plasma/tests/test_complete_plasmas.py:197: UserWarning:
2025-01-13T19:59:25.1130520Z   
2025-01-13T19:59:25.1130699Z   Property "atomic_mass" not found
2025-01-13T19:59:25.1130864Z 
2025-01-13T19:59:25.1131300Z tardis/plasma/tests/test_complete_plasmas.py::TestPlasma::test_plasma_properties[radiative_rates_type:detailed-w_epsilon:1e-10-j_blues_norm_factor]
2025-01-13T19:59:25.1132184Z tardis/plasma/tests/test_complete_plasmas.py::TestPlasma::test_plasma_properties[radiative_rates_type:detailed-j_blues_norm_factor]
2025-01-13T19:59:25.1132929Z   /home/runner/work/tardis/tardis/tardis/plasma/tests/test_complete_plasmas.py:197: UserWarning:
2025-01-13T19:59:25.1133362Z   
2025-01-13T19:59:25.1133555Z   Property "j_blues_norm_factor" not found
2025-01-13T19:59:25.1133740Z 
2025-01-13T19:59:25.1134155Z tardis/plasma/tests/test_complete_plasmas.py::TestPlasma::test_plasma_properties[radiative_rates_type:detailed-w_epsilon:1e-10-j_blue_estimator]
2025-01-13T19:59:25.1135011Z tardis/plasma/tests/test_complete_plasmas.py::TestPlasma::test_plasma_properties[radiative_rates_type:detailed-j_blue_estimator]
2025-01-13T19:59:25.1135735Z   /home/runner/work/tardis/tardis/tardis/plasma/tests/test_complete_plasmas.py:197: UserWarning:
2025-01-13T19:59:25.1136167Z   
2025-01-13T19:59:25.1136353Z   Property "j_blue_estimator" not found
2025-01-13T19:59:25.1136535Z 
2025-01-13T19:59:25.1136918Z tardis/plasma/tests/test_complete_plasmas.py::TestPlasma::test_plasma_properties[radiative_rates_type:detailed-w_epsilon:1e-10-volume]
2025-01-13T19:59:25.1137850Z tardis/plasma/tests/test_complete_plasmas.py::TestPlasma::test_plasma_properties[radiative_rates_type:detailed-volume]
2025-01-13T19:59:25.1138549Z   /home/runner/work/tardis/tardis/tardis/plasma/tests/test_complete_plasmas.py:197: UserWarning:
2025-01-13T19:59:25.1139088Z   
2025-01-13T19:59:25.1139271Z   Property "volume" not found
2025-01-13T19:59:25.1139429Z 
2025-01-13T19:59:25.1139820Z tardis/plasma/tests/test_complete_plasmas.py::TestPlasma::test_plasma_properties[radiative_rates_type:detailed-w_epsilon:1e-10-r_inner]
2025-01-13T19:59:25.1140747Z tardis/plasma/tests/test_complete_plasmas.py::TestPlasma::test_plasma_properties[radiative_rates_type:detailed-r_inner]
2025-01-13T19:59:25.1141441Z   /home/runner/work/tardis/tardis/tardis/plasma/tests/test_complete_plasmas.py:197: UserWarning:
2025-01-13T19:59:25.1141873Z   
2025-01-13T19:59:25.1142049Z   Property "r_inner" not found
2025-01-13T19:59:25.1142205Z 
2025-01-13T19:59:25.1142430Z tardis/plasma/tests/test_plasma_vboundary.py::test_plasma_vboundary[2900-3750]
2025-01-13T19:59:25.1142933Z tardis/plasma/tests/test_plasma_vboundary.py::test_plasma_vboundary[2900-3850]
2025-01-13T19:59:25.1143425Z tardis/plasma/tests/test_plasma_vboundary.py::test_plasma_vboundary[2900-3900]
2025-01-13T19:59:25.1143947Z   /home/runner/work/tardis/tardis/tardis/model/geometry/radial1d.py:71: UserWarning:
2025-01-13T19:59:25.1144336Z   
2025-01-13T19:59:25.1144620Z   Requesting inner boundary below inner shell. Extrapolating the inner cell
2025-01-13T19:59:25.1144909Z 
2025-01-13T19:59:25.1145126Z tardis/spectrum/tests/test_spectrum_solver.py::TestSpectrumSolver::test_solve
2025-01-13T19:59:25.1145619Z   /home/runner/work/tardis/tardis/tardis/spectrum/base.py:70: UserWarning:
2025-01-13T19:59:25.1145971Z   
2025-01-13T19:59:25.1146384Z   SpectrumSolver.spectrum_virtual_packets is zero. Please run the montecarlo simulation with no_of_virtual_packets > 0
2025-01-13T19:59:25.1146793Z 
2025-01-13T19:59:25.1147014Z tardis/spectrum/tests/test_spectrum_solver.py::TestSpectrumSolver::test_solve
2025-01-13T19:59:25.1147506Z   /home/runner/work/tardis/tardis/tardis/spectrum/base.py:111: UserWarning:
2025-01-13T19:59:25.1147866Z   
2025-01-13T19:59:25.1148305Z   SpectrumSolver.integrator: The FormalIntegrator is not yet available.Please run the montecarlo simulation at least once.
2025-01-13T19:59:25.1148739Z 
2025-01-13T19:59:25.1148957Z tardis/transport/montecarlo/tests/test_vpacket.py::test_trace_vpacket_volley
2025-01-13T19:59:25.1149489Z   <string>:3: NumbaPendingDeprecationWarning:
2025-01-13T19:59:25.1149753Z   
2025-01-13T19:59:25.1150909Z   [1m[1mCode using Numba extension API maybe depending on 'old_style' error-capturing, which is deprecated and will be replaced by 'new_style' in a future release. See details at https://numba.readthedocs.io/en/latest/reference/deprecation.html#deprecation-of-old-style-numba-captured-errors
2025-01-13T19:59:25.1151923Z   Exception origin:
2025-01-13T19:59:25.1152308Z     File "/home/runner/micromamba/envs/tardis/lib/python3.12/inspect.py", line 3180, in _bind
2025-01-13T19:59:25.1152748Z       raise TypeError(msg) from None
2025-01-13T19:59:25.1153014Z   [0m[0m
2025-01-13T19:59:25.1153115Z 
2025-01-13T19:59:25.1153451Z tardis/visualization/tools/tests/test_sdec_plot.py::TestSDECPlotter::test_mpl_image[plotter_generate_plot_mpl4]
2025-01-13T19:59:25.1154143Z   /home/runner/work/tardis/tardis/tardis/visualization/tools/sdec_plot.py:1225: RuntimeWarning:
2025-01-13T19:59:25.1154581Z   
2025-01-13T19:59:25.1155525Z   More than 20 figures have been opened. Figures created through the pyplot interface (`matplotlib.pyplot.figure`) are retained until explicitly closed and may consume too much memory. (To control this warning, see the rcParam `figure.max_open_warning`). Consider using `matplotlib.pyplot.close()`.
2025-01-13T19:59:25.1156455Z 
2025-01-13T19:59:25.1156810Z tardis/visualization/widgets/tests/test_custom_abundance.py::TestCustomAbundanceWidget::test_update_input_item_value
2025-01-13T19:59:25.1157716Z tardis/visualization/widgets/tests/test_custom_abundance.py::TestCustomAbundanceWidget::test_update_input_item_value
2025-01-13T19:59:25.1158482Z tardis/visualization/widgets/tests/test_custom_abundance.py::TestCustomAbundanceWidget::test_update_input_item_value
2025-01-13T19:59:25.1159468Z tardis/visualization/widgets/tests/test_custom_abundance.py::TestCustomAbundanceWidget::test_update_input_item_value
2025-01-13T19:59:25.1160250Z tardis/visualization/widgets/tests/test_custom_abundance.py::TestCustomAbundanceWidget::test_update_input_item_value
2025-01-13T19:59:25.1161145Z tardis/visualization/widgets/tests/test_custom_abundance.py::TestCustomAbundanceWidget::test_update_input_item_value
2025-01-13T19:59:25.1161925Z   /home/runner/micromamba/envs/tardis/lib/python3.12/site-packages/traitlets/traitlets.py:1385: DeprecationWarning:
2025-01-13T19:59:25.1162439Z   
2025-01-13T19:59:25.1162725Z   Passing unrecognized arguments to super(Checkbox).__init__(icon='lock').
2025-01-13T19:59:25.1163190Z   object.__init__() takes exactly one argument (the instance to initialize)
2025-01-13T19:59:25.1163690Z   This is deprecated in traitlets 4.2.This error will be raised in a future release of traitlets.
2025-01-13T19:59:25.1164012Z 
2025-01-13T19:59:25.1164365Z tardis/visualization/widgets/tests/test_custom_abundance.py::TestCustomAbundanceWidget::test_update_input_item_value
2025-01-13T19:59:25.1165135Z tardis/visualization/widgets/tests/test_custom_abundance.py::TestCustomAbundanceWidget::test_update_input_item_value
2025-01-13T19:59:25.1165920Z   /home/runner/micromamba/envs/tardis/lib/python3.12/site-packages/traitlets/traitlets.py:1385: DeprecationWarning:
2025-01-13T19:59:25.1166420Z   
2025-01-13T19:59:25.1166690Z   Passing unrecognized arguments to super(FloatText).__init__(min=0).
2025-01-13T19:59:25.1167122Z   object.__init__() takes exactly one argument (the instance to initialize)
2025-01-13T19:59:25.1167612Z   This is deprecated in traitlets 4.2.This error will be raised in a future release of traitlets.
2025-01-13T19:59:25.1167938Z 
2025-01-13T19:59:25.1168282Z tardis/visualization/widgets/tests/test_custom_abundance.py::TestCustomAbundanceWidget::test_update_input_item_value
2025-01-13T19:59:25.1169167Z   /home/runner/micromamba/envs/tardis/lib/python3.12/site-packages/traitlets/traitlets.py:1385: DeprecationWarning:
2025-01-13T19:59:25.1169672Z   
2025-01-13T19:59:25.1169946Z   Passing unrecognized arguments to super(HTML).__init__(indent=True).
2025-01-13T19:59:25.1170373Z   object.__init__() takes exactly one argument (the instance to initialize)
2025-01-13T19:59:25.1170866Z   This is deprecated in traitlets 4.2.This error will be raised in a future release of traitlets.
2025-01-13T19:59:25.1171181Z 
2025-01-13T19:59:25.1171615Z tardis/visualization/widgets/tests/test_line_info.py::TestLineInfoWidgetData::test_get_species_interactions[wavelength_range0-packet_out_nu]
2025-01-13T19:59:25.1172445Z   /home/runner/micromamba/envs/tardis/lib/python3.12/site-packages/qgridnext/grid.py:814: DeprecationWarning:
2025-01-13T19:59:25.1172932Z   
2025-01-13T19:59:25.1173263Z   QgridWidget._df_changed is deprecated in traitlets 4.1: use @observe and @unobserve instead.
2025-01-13T19:59:25.1173594Z 
2025-01-13T19:59:25.1173849Z tardis/visualization/widgets/tests/test_shell_info.py::TestHDFShellInfo::test_shells_data
2025-01-13T19:59:25.1174394Z   /home/runner/work/tardis/tardis/tardis/io/util.py:289: PerformanceWarning:
2025-01-13T19:59:25.1174754Z   
2025-01-13T19:59:25.1174915Z   
2025-01-13T19:59:25.1175210Z   your performance may suffer as PyTables will pickle object types that it cannot
2025-01-13T19:59:25.1175757Z   map directly to c-types [inferred_type->mixed,key->block0_values] [items->Index([0], dtype='int64')]
2025-01-13T19:59:25.1176101Z 
2025-01-13T19:59:25.1176360Z tardis/visualization/widgets/tests/test_shell_info.py::TestHDFShellInfo::test_shells_data
2025-01-13T19:59:25.1176908Z   /home/runner/work/tardis/tardis/tardis/io/util.py:292: PerformanceWarning:
2025-01-13T19:59:25.1177393Z   
2025-01-13T19:59:25.1177552Z   
2025-01-13T19:59:25.1177876Z   your performance may suffer as PyTables will pickle object types that it cannot
2025-01-13T19:59:25.1178345Z   map directly to c-types [inferred_type->mixed,key->values] [items->None]
2025-01-13T19:59:25.1178605Z 
2025-01-13T19:59:25.1178864Z tardis/visualization/widgets/tests/test_shell_info.py::TestHDFShellInfo::test_shells_data
2025-01-13T19:59:25.1179635Z   /home/runner/work/tardis/tardis/tardis/spectrum/formal_integral.py:398: UserWarning:
2025-01-13T19:59:25.1180212Z   
2025-01-13T19:59:25.1180492Z   The number of interpolate_shells was not specified. The value was set to 80.
2025-01-13T19:59:25.1180769Z 
2025-01-13T19:59:25.1180957Z -- Docs: https://docs.pytest.org/en/stable/how-to/capture-warnings.html
2025-01-13T19:59:25.1181229Z 
2025-01-13T19:59:25.1181397Z ---------- coverage: platform linux, python 3.12.4-final-0 -----------
2025-01-13T19:59:25.1181761Z Coverage HTML written to dir coverage_html_report
2025-01-13T19:59:25.1182072Z Coverage XML written to file coverage.xml
2025-01-13T19:59:25.1182259Z 
2025-01-13T19:59:25.1182383Z =========================== short test summary info ============================
2025-01-13T19:59:25.1183353Z FAILED tardis/opacities/tests/test_tau_sobolev.py::test_calculate_sobolev_line_opacity - FileNotFoundError: File /home/runner/work/tardis/tardis/tardis-regression-data/test_tau_sobolev/test_calculate_sobolev_line_opacity.h5 does not exist
2025-01-13T19:59:25.1184910Z FAILED tardis/opacities/tests/test_tau_sobolev.py::test_calculate_beta_sobolevs - FileNotFoundError: [Errno 2] No such file or directory: '/home/runner/work/tardis/tardis/tardis-regression-data/test_tau_sobolev/test_calculate_beta_sobolevs.npy'
2025-01-13T19:59:25.1185990Z = 2 failed, 1436 passed, 329 skipped, 2 deselected, 19 xfailed, 8 xpassed, 91 warnings in 745.46s (0:12:25) =
2025-01-13T19:59:27.2754967Z ##[error]Process completed with exit code 1.
