2025-02-22T20:45:32.5219607Z ##[group]Run pytest tardis --tardis-regression-data=/home/runner/work/tardis/tardis/tardis-regression-data --cov=tardis --cov-report=xml --cov-report=html --cov-append -m "not continuum"
2025-02-22T20:45:32.5220928Z [36;1mpytest tardis --tardis-regression-data=/home/runner/work/tardis/tardis/tardis-regression-data --cov=tardis --cov-report=xml --cov-report=html --cov-append -m "not continuum"[0m
2025-02-22T20:45:32.5275777Z shell: /usr/bin/bash -l {0}
2025-02-22T20:45:32.5276030Z env:
2025-02-22T20:45:32.5276206Z   CACHE_NUMBER: 0
2025-02-22T20:45:32.5277191Z   PYTEST_FLAGS: --tardis-regression-data=/home/runner/work/tardis/tardis/tardis-regression-data --cov=tardis --cov-report=xml --cov-report=html --cov-append
2025-02-22T20:45:32.5277866Z   CODECOV_TOKEN: 
2025-02-22T20:45:32.5278096Z   MAMBA_ROOT_PREFIX: /home/runner/micromamba
2025-02-22T20:45:32.5278403Z   MAMBA_EXE: /home/runner/micromamba-bin/micromamba
2025-02-22T20:45:32.5278755Z   CONDARC: /home/runner/work/_temp/setup-micromamba/.condarc
2025-02-22T20:45:32.5279099Z ##[endgroup]
2025-02-22T20:45:40.9614023Z ============================= test session starts ==============================
2025-02-22T20:45:40.9615364Z platform linux -- Python 3.12.4, pytest-8.2.2, pluggy-1.5.0
2025-02-22T20:45:40.9616725Z rootdir: /home/runner/work/tardis/tardis
2025-02-22T20:45:40.9617702Z configfile: pyproject.toml
2025-02-22T20:45:40.9618970Z plugins: metadata-3.1.1, anyio-4.4.0, doctestplus-1.2.1, cov-5.0.0, html-4.1.1
2025-02-22T20:45:40.9620948Z collected 1799 items / 2 deselected / 1797 selected
2025-02-22T20:45:40.9621637Z 
2025-02-22T20:45:45.7385050Z tardis/energy_input/tests/test_energy_source.py ..xxx                    [  0%]
2025-02-22T20:45:48.7544182Z tardis/energy_input/tests/test_gamma_ray_channel.py ...........          [  0%]
2025-02-22T20:45:50.2876034Z tardis/energy_input/tests/test_gamma_ray_grid.py xx.                     [  1%]
2025-02-22T20:45:52.0140790Z tardis/energy_input/tests/test_gamma_ray_interactions.py xx....          [  1%]
2025-02-22T20:45:52.0233105Z tardis/energy_input/tests/test_gamma_ray_packet_source.py sssssssss      [  1%]
2025-02-22T20:45:53.4563272Z tardis/energy_input/tests/test_util.py .....xxxx.....                    [  2%]
2025-02-22T20:45:53.8543924Z tardis/grid/tests/test_grid.py .                                         [  2%]
2025-02-22T20:45:53.8560221Z tardis/gui/tests/test_gui.py s                                           [  2%]
2025-02-22T20:45:57.3187647Z tardis/io/configuration/tests/test_config_reader.py ...........          [  3%]
2025-02-22T20:45:57.3315412Z tardis/io/configuration/tests/test_configuration_namespace.py .........  [  3%]
2025-02-22T20:45:57.3583721Z tardis/io/logger/tests/test_logging.py ssssssssssssssssssssssssssss      [  5%]
2025-02-22T20:46:34.6849929Z tardis/io/model/readers/tests/test_arepo_parser.py ..                    [  5%]
2025-02-22T20:46:34.7088750Z tardis/io/model/readers/tests/test_artis_readers.py ...                  [  5%]
2025-02-22T20:46:34.7225237Z tardis/io/model/readers/tests/test_ascii_readers.py ...                  [  5%]
2025-02-22T20:46:34.7329406Z tardis/io/model/readers/tests/test_cmfgen_reader.py ..                   [  6%]
2025-02-22T20:46:34.7641978Z tardis/io/model/readers/tests/test_csvy_reader.py ....                   [  6%]
2025-02-22T20:46:34.7853568Z tardis/io/model/readers/tests/test_stella_reader.py ..                   [  6%]
2025-02-22T20:46:35.0951874Z tardis/io/tests/test_HDFWriter.py ...............                        [  7%]
2025-02-22T20:46:35.4142683Z tardis/io/tests/test_atomic.py .....                                     [  7%]
2025-02-22T20:46:35.4336877Z tardis/io/tests/test_decay.py ..                                         [  7%]
2025-02-22T20:46:35.6513106Z tardis/io/tests/test_model_reader.py F.....                              [  7%]
2025-02-22T20:46:35.6578932Z tardis/model/geometry/tests/test_radial1d.py ..                          [  8%]
2025-02-22T20:47:32.5050168Z tardis/model/tests/test_base.py ........................................ [ 10%]
2025-02-22T20:47:33.4935962Z ............                                                             [ 10%]
2025-02-22T20:47:36.5574092Z tardis/model/tests/test_csvy_model.py .........                          [ 11%]
2025-02-22T20:47:36.6040924Z tardis/model/tests/test_density.py ..                                    [ 11%]
2025-02-22T20:47:37.8804085Z tardis/opacities/tests/test_opacity_solver.py .....                      [ 11%]
2025-02-22T20:47:39.1807404Z tardis/opacities/tests/test_opacity_state_numba.py .....                 [ 12%]
2025-02-22T20:47:40.7676015Z tardis/opacities/tests/test_tau_sobolev.py ..                            [ 12%]
2025-02-22T20:47:43.8179176Z tardis/plasma/equilibrium/tests/test_collisional_transitions.py ...      [ 12%]
2025-02-22T20:48:29.9094461Z tardis/plasma/equilibrium/tests/test_level_populations.py ....           [ 12%]
2025-02-22T20:48:41.6196663Z tardis/plasma/equilibrium/tests/test_rate_matrix.py .                    [ 12%]
2025-02-22T20:48:43.0096069Z tardis/plasma/tests/test_complete_plasmas.py ..............s......s..... [ 14%]
2025-02-22T20:48:45.8428602Z s....ssssss............s......s.....ss.....s....ssssss............s..... [ 18%]
2025-02-22T20:48:47.4692008Z .s.....ss.....s....ssssss............s......s.....ss.....s....ssssss.... [ 22%]
2025-02-22T20:48:50.3010004Z ........s......s.....ss.....s....ssssss............s......s.....ss.....s [ 26%]
2025-02-22T20:48:53.1516562Z ....ssssss............s......s.....ss.....s....ssssss............s...... [ 30%]
2025-02-22T20:48:53.8498146Z s.....ss.....s....ssssss............s......s.....ss.....s.ss.ssssss..... [ 34%]
2025-02-22T20:48:56.6620851Z .......s......s.....ss.....s....ssssss............s......s.....ss.....s. [ 38%]
2025-02-22T20:48:59.4987987Z ...ssssss............s......s.....ss.....s....ssssss............s......s [ 42%]
2025-02-22T20:49:02.5029033Z .....ss.....s....ssssss............s......s.....s...........ssssss...... [ 46%]
2025-02-22T20:49:04.2541506Z ......s......s.....s...........ssssss............s......s.....s......... [ 50%]
2025-02-22T20:49:07.0641231Z ..ssssss............s......s.....ss.....s....ssssss............s......s. [ 54%]
2025-02-22T20:49:10.5499568Z ....ss.....s....ssssss...................s......s.....s....ssss......... [ 58%]
2025-02-22T20:49:10.8373809Z ............s......s.....s....ssss.......                                [ 60%]
2025-02-22T20:49:10.9513424Z tardis/plasma/tests/test_hdf_plasma.py ................................. [ 62%]
2025-02-22T20:49:10.9628151Z ......                                                                   [ 62%]
2025-02-22T20:49:11.1013345Z tardis/plasma/tests/test_nlte_excitation.py ...                          [ 62%]
2025-02-22T20:51:27.9310684Z tardis/plasma/tests/test_nlte_solver.py .....X                           [ 63%]
2025-02-22T20:51:27.9340069Z tardis/plasma/tests/test_plasma_continuum.py .                           [ 63%]
2025-02-22T20:51:51.2919302Z tardis/plasma/tests/test_plasma_vboundary.py .............               [ 63%]
2025-02-22T20:52:04.4241574Z tardis/plasma/tests/test_tardis_model_density_config.py ...              [ 64%]
2025-02-22T20:52:05.1721849Z tardis/simulation/tests/test_convergence.py .....                        [ 64%]
2025-02-22T20:52:13.6974210Z tardis/simulation/tests/test_simulation.py .............                 [ 65%]
2025-02-22T20:52:13.7169943Z tardis/spectrum/tests/test_cuda_formal_integral.py sssssssssssssssssssss [ 66%]
2025-02-22T20:52:14.1803966Z ssss...ssssssssssssssssssssss                                            [ 67%]
2025-02-22T20:52:14.1876555Z tardis/spectrum/tests/test_luminosity.py ....                            [ 68%]
2025-02-22T20:52:15.7699123Z tardis/spectrum/tests/test_numba_formal_integral.py .................... [ 69%]
2025-02-22T20:52:15.7891028Z ..........                                                               [ 69%]
2025-02-22T20:52:15.9606689Z tardis/spectrum/tests/test_spectrum.py ................................. [ 71%]
2025-02-22T20:52:15.9935240Z .........                                                                [ 72%]
2025-02-22T20:52:35.4981377Z tardis/spectrum/tests/test_spectrum_solver.py ....                       [ 72%]
2025-02-22T20:53:36.7810395Z tardis/tests/test_tardis_full.py ....                                    [ 72%]
2025-02-22T20:55:00.8446085Z tardis/tests/test_tardis_full_formal_integral.py ................        [ 73%]
2025-02-22T20:55:00.9187870Z tardis/tests/test_util.py .............................................  [ 75%]
2025-02-22T20:55:03.6009351Z tardis/transport/montecarlo/tests/test_base.py x.....................    [ 77%]
2025-02-22T20:55:11.2629619Z tardis/transport/montecarlo/tests/test_interaction.py .......            [ 77%]
2025-02-22T20:55:11.4833127Z tardis/transport/montecarlo/tests/test_macro_atom.py ....                [ 77%]
2025-02-22T20:55:11.5008451Z tardis/transport/montecarlo/tests/test_montecarlo.py sssssssssssssssssss [ 78%]
2025-02-22T20:55:11.5425208Z sssssssssssssssssssssssssssssssssssssssssssss                            [ 81%]
2025-02-22T20:55:20.3900140Z tardis/transport/montecarlo/tests/test_montecarlo_main_loop.py x..       [ 81%]
2025-02-22T20:55:20.3967511Z tardis/transport/montecarlo/tests/test_nonhomologous.py ...              [ 81%]
2025-02-22T20:55:26.5883473Z tardis/transport/montecarlo/tests/test_numba_interface.py .....x.        [ 82%]
2025-02-22T20:55:27.0943326Z tardis/transport/montecarlo/tests/test_opacities.py ...............      [ 82%]
2025-02-22T20:55:28.1629188Z tardis/transport/montecarlo/tests/test_packet.py .................xXXXXX [ 84%]
2025-02-22T20:55:28.3003003Z XX.........                                                              [ 84%]
2025-02-22T20:55:28.3282743Z tardis/transport/montecarlo/tests/test_packet_source.py ........         [ 85%]
2025-02-22T20:55:28.6325056Z tardis/transport/montecarlo/tests/test_rpacket_last_interaction_tracker.py . [ 85%]
2025-02-22T20:55:29.0555918Z .....                                                                    [ 85%]
2025-02-22T20:56:03.5253542Z tardis/transport/montecarlo/tests/test_rpacket_tracker.py ......         [ 85%]
2025-02-22T20:56:03.5534083Z tardis/transport/montecarlo/tests/test_single_packet_loop.py xxx         [ 86%]
2025-02-22T20:56:03.5566190Z tardis/transport/montecarlo/tests/test_tracker_utils.py ..               [ 86%]
2025-02-22T20:56:05.9679637Z tardis/transport/montecarlo/tests/test_vpacket.py ..x.                   [ 86%]
2025-02-22T20:56:05.9853957Z tardis/transport/montecarlo/tests/test_weighted_packet_source.py ....    [ 86%]
2025-02-22T20:56:09.4207955Z tardis/transport/montecarlo/tests/test_weighted_packet_source_integration.py . [ 86%]
2025-02-22T20:56:09.4210758Z                                                                          [ 86%]
2025-02-22T20:56:10.1533057Z tardis/transport/tests/test_doppler_factor.py ..................         [ 87%]
2025-02-22T20:56:11.5320904Z tardis/visualization/tools/tests/test_convergence_plot.py .............. [ 88%]
2025-02-22T20:56:13.7981325Z ......                                                                   [ 88%]
2025-02-22T20:56:18.5292193Z tardis/visualization/tools/tests/test_liv_plot.py ...................... [ 90%]
2025-02-22T20:56:21.7123961Z .............................                                            [ 91%]
2025-02-22T20:56:24.5792183Z tardis/visualization/tools/tests/test_rpacket_plot.py .................. [ 92%]
2025-02-22T20:56:31.6414954Z ....                                                                     [ 92%]
2025-02-22T20:56:37.6251623Z tardis/visualization/tools/tests/test_sdec_plot.py ..................... [ 94%]
2025-02-22T20:56:45.1830005Z ..............................                                           [ 95%]
2025-02-22T20:56:46.1381243Z tardis/visualization/widgets/tests/test_custom_abundance.py ........ss.. [ 96%]
2025-02-22T20:56:46.2134912Z ....                                                                     [ 96%]
2025-02-22T20:56:47.3009816Z tardis/visualization/widgets/tests/test_line_info.py ................... [ 97%]
2025-02-22T20:56:47.9434220Z ..................                                                       [ 98%]
2025-02-22T20:57:51.3945598Z tardis/visualization/widgets/tests/test_shell_info.py .................. [ 99%]
2025-02-22T20:57:51.9373408Z <unknown>:143: SyntaxWarning:
2025-02-22T20:57:51.9374059Z 
2025-02-22T20:57:51.9374410Z invalid escape sequence '\s'
2025-02-22T20:57:51.9374812Z 
2025-02-22T20:57:51.9396954Z /home/runner/work/tardis/tardis/tardis/io/model/readers/artis.py:143: SyntaxWarning:
2025-02-22T20:57:51.9397796Z 
2025-02-22T20:57:51.9397935Z invalid escape sequence '\s'
2025-02-22T20:57:51.9398169Z 
2025-02-22T20:57:51.9768101Z /home/runner/work/tardis/tardis/tardis/io/model/readers/tests/test_artis_readers.py:54: SyntaxWarning:
2025-02-22T20:57:51.9769041Z 
2025-02-22T20:57:51.9769284Z assertion is always true, perhaps remove parentheses?
2025-02-22T20:57:51.9769670Z 
2025-02-22T20:57:53.2255099Z <unknown>:143: SyntaxWarning:
2025-02-22T20:57:53.2255629Z 
2025-02-22T20:57:53.2255929Z invalid escape sequence '\s'
2025-02-22T20:57:53.2256666Z 
2025-02-22T20:57:55.2547187Z <unknown>:143: SyntaxWarning:
2025-02-22T20:57:55.2547602Z 
2025-02-22T20:57:55.2547769Z invalid escape sequence '\s'
2025-02-22T20:57:55.2548001Z 
2025-02-22T20:57:55.8079101Z <unknown>:143: SyntaxWarning:
2025-02-22T20:57:55.8079510Z 
2025-02-22T20:57:55.8079682Z invalid escape sequence '\s'
2025-02-22T20:57:55.8080422Z 
2025-02-22T20:57:55.8094640Z /home/runner/work/tardis/tardis/tardis/io/model/readers/artis.py:143: SyntaxWarning:
2025-02-22T20:57:55.8095329Z 
2025-02-22T20:57:55.8095506Z invalid escape sequence '\s'
2025-02-22T20:57:55.8095816Z 
2025-02-22T20:57:55.8372145Z /home/runner/work/tardis/tardis/tardis/io/model/readers/tests/test_artis_readers.py:54: SyntaxWarning:
2025-02-22T20:57:55.8372982Z 
2025-02-22T20:57:55.8373235Z assertion is always true, perhaps remove parentheses?
2025-02-22T20:57:55.8373652Z 
2025-02-22T20:57:57.2472415Z ......                                                                   [100%]
2025-02-22T20:57:57.2473075Z 
2025-02-22T20:57:57.2473356Z =================================== FAILURES ===================================
2025-02-22T20:57:57.2474066Z ________________________ test_simple_read_artis_density ________________________
2025-02-22T20:57:57.2474429Z 
2025-02-22T20:57:57.2474780Z artis_density_fname = PosixPath('tardis/io/model/readers/tests/data/artis_model.dat')
2025-02-22T20:57:57.2475259Z 
2025-02-22T20:57:57.2475479Z     def test_simple_read_artis_density(artis_density_fname: str):
2025-02-22T20:57:57.2476118Z >       time_of_model, velocity, mean_density, isotope_mass_fractions = read_artis_density(
2025-02-22T20:57:57.2476960Z             artis_density_fname
2025-02-22T20:57:57.2477269Z         )
2025-02-22T20:57:57.2477625Z E       ValueError: not enough values to unpack (expected 4, got 3)
2025-02-22T20:57:57.2477974Z 
2025-02-22T20:57:57.2478146Z tardis/io/tests/test_model_reader.py:48: ValueError
2025-02-22T20:57:57.2478612Z =============================== warnings summary ===============================
2025-02-22T20:57:57.2479073Z tardis/io/configuration/config_validator.py:6
2025-02-22T20:57:57.2479504Z tardis/io/configuration/config_validator.py:6
2025-02-22T20:57:57.2480215Z   /home/runner/work/tardis/tardis/tardis/io/configuration/config_validator.py:6: DeprecationWarning:
2025-02-22T20:57:57.2480878Z   
2025-02-22T20:57:57.2483336Z   jsonschema.RefResolver is deprecated as of v4.18.0, in favor of the https://github.com/python-jsonschema/referencing library, which provides more compliant referencing behavior as well as more flexible APIs for customization. A future release will remove RefResolver. Please file a feature request (on referencing) if you are missing an API for the kind of customization you need.
2025-02-22T20:57:57.2484672Z 
2025-02-22T20:57:57.2484928Z ../../../micromamba/envs/tardis/lib/python3.12/site-packages/jupyter_client/connect.py:22
2025-02-22T20:57:57.2485626Z   /home/runner/micromamba/envs/tardis/lib/python3.12/site-packages/jupyter_client/connect.py:22: DeprecationWarning:
2025-02-22T20:57:57.2486510Z   
2025-02-22T20:57:57.2486763Z   Jupyter is migrating its paths to use standard platformdirs
2025-02-22T20:57:57.2487162Z   given by the platformdirs library.  To remove this warning and
2025-02-22T20:57:57.2487568Z   see the appropriate new directories, set the environment variable
2025-02-22T20:57:57.2487966Z   `JUPYTER_PLATFORM_DIRS=1` and then run `jupyter --paths`.
2025-02-22T20:57:57.2488356Z   The use of platformdirs will be the default in `jupyter_core` v6
2025-02-22T20:57:57.2488598Z 
2025-02-22T20:57:57.2488690Z tardis/io/model/readers/artis.py:143
2025-02-22T20:57:57.2489118Z   /home/runner/work/tardis/tardis/tardis/io/model/readers/artis.py:143: SyntaxWarning:
2025-02-22T20:57:57.2489525Z   
2025-02-22T20:57:57.2489703Z   invalid escape sequence '\s'
2025-02-22T20:57:57.2489854Z 
2025-02-22T20:57:57.2494783Z tardis/io/tests/test_HDFWriter.py::test_multi_index_write
2025-02-22T20:57:57.2495370Z tardis/visualization/widgets/tests/test_shell_info.py::TestHDFShellInfo::test_shells_data
2025-02-22T20:57:57.2495951Z   /home/runner/work/tardis/tardis/tardis/io/util.py:276: PerformanceWarning:
2025-02-22T20:57:57.2496326Z   
2025-02-22T20:57:57.2496804Z   
2025-02-22T20:57:57.2497317Z   your performance may suffer as PyTables will pickle object types that it cannot
2025-02-22T20:57:57.2498082Z   map directly to c-types [inferred_type->mixed,key->block0_values] [items->Index([0], dtype='int64')]
2025-02-22T20:57:57.2498628Z 
2025-02-22T20:57:57.2498832Z tardis/io/tests/test_model_reader.py::test_read_cmfgen_isotope_abundances
2025-02-22T20:57:57.2499335Z tardis/plasma/tests/test_tardis_model_density_config.py::test_electron_densities
2025-02-22T20:57:57.2499864Z tardis/plasma/tests/test_tardis_model_density_config.py::test_isotope_number_densities
2025-02-22T20:57:57.2500367Z tardis/plasma/tests/test_tardis_model_density_config.py::test_t_rad
2025-02-22T20:57:57.2500963Z   /home/runner/work/tardis/tardis/tardis/io/model/readers/cmfgen_deprecated.py:82: DeprecationWarning:
2025-02-22T20:57:57.2501437Z   
2025-02-22T20:57:57.2501642Z   The current CMFGEN model parser is deprecated
2025-02-22T20:57:57.2501836Z 
2025-02-22T20:57:57.2501950Z tardis/io/tests/test_model_reader.py: 1 warning
2025-02-22T20:57:57.2502319Z tardis/plasma/tests/test_tardis_model_density_config.py: 9 warnings
2025-02-22T20:57:57.2502874Z   /home/runner/work/tardis/tardis/tardis/io/model/readers/cmfgen_deprecated.py:40: DeprecationWarning:
2025-02-22T20:57:57.2503345Z   
2025-02-22T20:57:57.2503536Z   The current CMFGEN model parser is deprecated
2025-02-22T20:57:57.2503724Z 
2025-02-22T20:57:57.2503931Z tardis/model/tests/test_base.py::TestModelFromPaper1Config::test_abundances
2025-02-22T20:57:57.2504584Z   /home/runner/work/tardis/tardis/tardis/transport/montecarlo/montecarlo_main_loop.py:123: NumbaTypeSafetyWarning:
2025-02-22T20:57:57.2505106Z   
2025-02-22T20:57:57.2505619Z   [1m[1m[1munsafe cast from uint64 to int64. Precision may be lost.[0m[0m[0m
2025-02-22T20:57:57.2505894Z 
2025-02-22T20:57:57.2505996Z tardis/model/tests/test_base.py: 6 warnings
2025-02-22T20:57:57.2506291Z tardis/model/tests/test_csvy_model.py: 2 warnings
2025-02-22T20:57:57.2506870Z tardis/plasma/tests/test_tardis_model_density_config.py: 3 warnings
2025-02-22T20:57:57.2507401Z   /home/runner/work/tardis/tardis/tardis/model/geometry/radial1d.py:50: DeprecationWarning:
2025-02-22T20:57:57.2507830Z   
2025-02-22T20:57:57.2508020Z   v_inner_boundary < 0, assuming default value
2025-02-22T20:57:57.2508208Z 
2025-02-22T20:57:57.2508315Z tardis/model/tests/test_base.py: 6 warnings
2025-02-22T20:57:57.2508615Z tardis/model/tests/test_csvy_model.py: 2 warnings
2025-02-22T20:57:57.2508990Z tardis/plasma/tests/test_tardis_model_density_config.py: 3 warnings
2025-02-22T20:57:57.2509513Z   /home/runner/work/tardis/tardis/tardis/model/geometry/radial1d.py:61: DeprecationWarning:
2025-02-22T20:57:57.2509935Z   
2025-02-22T20:57:57.2510128Z   v_outer_boundary < 0, assuming default value
2025-02-22T20:57:57.2510444Z 
2025-02-22T20:57:57.2510904Z tardis/plasma/equilibrium/tests/test_level_populations.py::TestLevelPopulationSolver::test_solve[collisional_rate_solver0-radiative_transitions0]
2025-02-22T20:57:57.2511740Z   /home/runner/work/tardis/tardis/tardis/plasma/equilibrium/level_populations.py:65: FutureWarning:
2025-02-22T20:57:57.2512190Z   
2025-02-22T20:57:57.2512556Z   A value is trying to be set on a copy of a DataFrame or Series through chained assignment using an inplace method.
2025-02-22T20:57:57.2513366Z   The behavior will change in pandas 3.0. This inplace method will never work because the intermediate object on which we are setting values always behaves as a copy.
2025-02-22T20:57:57.2513956Z   
2025-02-22T20:57:57.2514562Z   For example, when doing 'df[col].method(value, inplace=True)', try using 'df.method({col: value}, inplace=True)' or df[col] = df[col].method(value) instead, to perform the operation inplace on the original object.
2025-02-22T20:57:57.2515162Z 
2025-02-22T20:57:57.2515386Z tardis/plasma/tests/test_plasma_vboundary.py::test_plasma_vboundary[2900-3750]
2025-02-22T20:57:57.2515894Z tardis/plasma/tests/test_plasma_vboundary.py::test_plasma_vboundary[2900-3850]
2025-02-22T20:57:57.2516545Z tardis/plasma/tests/test_plasma_vboundary.py::test_plasma_vboundary[2900-3900]
2025-02-22T20:57:57.2517213Z   /home/runner/work/tardis/tardis/tardis/model/geometry/radial1d.py:71: UserWarning:
2025-02-22T20:57:57.2517737Z   
2025-02-22T20:57:57.2518017Z   Requesting inner boundary below inner shell. Extrapolating the inner cell
2025-02-22T20:57:57.2518295Z 
2025-02-22T20:57:57.2518506Z tardis/spectrum/tests/test_spectrum_solver.py::TestSpectrumSolver::test_solve
2025-02-22T20:57:57.2519001Z   /home/runner/work/tardis/tardis/tardis/spectrum/base.py:70: UserWarning:
2025-02-22T20:57:57.2519348Z   
2025-02-22T20:57:57.2519755Z   SpectrumSolver.spectrum_virtual_packets is zero. Please run the montecarlo simulation with no_of_virtual_packets > 0
2025-02-22T20:57:57.2520164Z 
2025-02-22T20:57:57.2520373Z tardis/spectrum/tests/test_spectrum_solver.py::TestSpectrumSolver::test_solve
2025-02-22T20:57:57.2520867Z   /home/runner/work/tardis/tardis/tardis/spectrum/base.py:111: UserWarning:
2025-02-22T20:57:57.2521215Z   
2025-02-22T20:57:57.2521642Z   SpectrumSolver.integrator: The FormalIntegrator is not yet available.Please run the montecarlo simulation at least once.
2025-02-22T20:57:57.2522071Z 
2025-02-22T20:57:57.2522285Z tardis/transport/montecarlo/tests/test_vpacket.py::test_trace_vpacket_volley
2025-02-22T20:57:57.2522697Z   <string>:3: NumbaPendingDeprecationWarning:
2025-02-22T20:57:57.2522951Z   
2025-02-22T20:57:57.2524125Z   [1m[1mCode using Numba extension API maybe depending on 'old_style' error-capturing, which is deprecated and will be replaced by 'new_style' in a future release. See details at https://numba.readthedocs.io/en/latest/reference/deprecation.html#deprecation-of-old-style-numba-captured-errors
2025-02-22T20:57:57.2525151Z   Exception origin:
2025-02-22T20:57:57.2525531Z     File "/home/runner/micromamba/envs/tardis/lib/python3.12/inspect.py", line 3180, in _bind
2025-02-22T20:57:57.2525961Z       raise TypeError(msg) from None
2025-02-22T20:57:57.2526216Z   [0m[0m
2025-02-22T20:57:57.2526314Z 
2025-02-22T20:57:57.2526828Z tardis/visualization/tools/tests/test_sdec_plot.py::TestSDECPlotter::test_mpl_image[plotter_generate_plot_mpl4]
2025-02-22T20:57:57.2527526Z   /home/runner/work/tardis/tardis/tardis/visualization/tools/sdec_plot.py:1225: RuntimeWarning:
2025-02-22T20:57:57.2527967Z   
2025-02-22T20:57:57.2528911Z   More than 20 figures have been opened. Figures created through the pyplot interface (`matplotlib.pyplot.figure`) are retained until explicitly closed and may consume too much memory. (To control this warning, see the rcParam `figure.max_open_warning`). Consider using `matplotlib.pyplot.close()`.
2025-02-22T20:57:57.2529843Z 
2025-02-22T20:57:57.2530199Z tardis/visualization/widgets/tests/test_custom_abundance.py::TestCustomAbundanceWidget::test_update_input_item_value
2025-02-22T20:57:57.2531117Z tardis/visualization/widgets/tests/test_custom_abundance.py::TestCustomAbundanceWidget::test_update_input_item_value
2025-02-22T20:57:57.2531894Z tardis/visualization/widgets/tests/test_custom_abundance.py::TestCustomAbundanceWidget::test_update_input_item_value
2025-02-22T20:57:57.2532670Z tardis/visualization/widgets/tests/test_custom_abundance.py::TestCustomAbundanceWidget::test_update_input_item_value
2025-02-22T20:57:57.2533453Z tardis/visualization/widgets/tests/test_custom_abundance.py::TestCustomAbundanceWidget::test_update_input_item_value
2025-02-22T20:57:57.2534219Z tardis/visualization/widgets/tests/test_custom_abundance.py::TestCustomAbundanceWidget::test_update_input_item_value
2025-02-22T20:57:57.2535000Z   /home/runner/micromamba/envs/tardis/lib/python3.12/site-packages/traitlets/traitlets.py:1385: DeprecationWarning:
2025-02-22T20:57:57.2535506Z   
2025-02-22T20:57:57.2535796Z   Passing unrecognized arguments to super(Checkbox).__init__(icon='lock').
2025-02-22T20:57:57.2536261Z   object.__init__() takes exactly one argument (the instance to initialize)
2025-02-22T20:57:57.2536935Z   This is deprecated in traitlets 4.2.This error will be raised in a future release of traitlets.
2025-02-22T20:57:57.2537270Z 
2025-02-22T20:57:57.2537625Z tardis/visualization/widgets/tests/test_custom_abundance.py::TestCustomAbundanceWidget::test_update_input_item_value
2025-02-22T20:57:57.2538518Z tardis/visualization/widgets/tests/test_custom_abundance.py::TestCustomAbundanceWidget::test_update_input_item_value
2025-02-22T20:57:57.2539332Z   /home/runner/micromamba/envs/tardis/lib/python3.12/site-packages/traitlets/traitlets.py:1385: DeprecationWarning:
2025-02-22T20:57:57.2539833Z   
2025-02-22T20:57:57.2540104Z   Passing unrecognized arguments to super(FloatText).__init__(min=0).
2025-02-22T20:57:57.2540539Z   object.__init__() takes exactly one argument (the instance to initialize)
2025-02-22T20:57:57.2541066Z   This is deprecated in traitlets 4.2.This error will be raised in a future release of traitlets.
2025-02-22T20:57:57.2541415Z 
2025-02-22T20:57:57.2541773Z tardis/visualization/widgets/tests/test_custom_abundance.py::TestCustomAbundanceWidget::test_update_input_item_value
2025-02-22T20:57:57.2542552Z   /home/runner/micromamba/envs/tardis/lib/python3.12/site-packages/traitlets/traitlets.py:1385: DeprecationWarning:
2025-02-22T20:57:57.2543048Z   
2025-02-22T20:57:57.2543310Z   Passing unrecognized arguments to super(HTML).__init__(indent=True).
2025-02-22T20:57:57.2543742Z   object.__init__() takes exactly one argument (the instance to initialize)
2025-02-22T20:57:57.2544232Z   This is deprecated in traitlets 4.2.This error will be raised in a future release of traitlets.
2025-02-22T20:57:57.2544551Z 
2025-02-22T20:57:57.2544979Z tardis/visualization/widgets/tests/test_line_info.py::TestLineInfoWidgetData::test_get_species_interactions[wavelength_range0-packet_out_nu]
2025-02-22T20:57:57.2545809Z   /home/runner/micromamba/envs/tardis/lib/python3.12/site-packages/qgridnext/grid.py:820: DeprecationWarning:
2025-02-22T20:57:57.2546291Z   
2025-02-22T20:57:57.2546808Z   QgridWidget._precision_changed is deprecated in traitlets 4.1: use @observe and @unobserve instead.
2025-02-22T20:57:57.2547161Z 
2025-02-22T20:57:57.2547422Z tardis/visualization/widgets/tests/test_shell_info.py::TestHDFShellInfo::test_shells_data
2025-02-22T20:57:57.2547968Z   /home/runner/work/tardis/tardis/tardis/io/util.py:289: PerformanceWarning:
2025-02-22T20:57:57.2548331Z   
2025-02-22T20:57:57.2548482Z   
2025-02-22T20:57:57.2548768Z   your performance may suffer as PyTables will pickle object types that it cannot
2025-02-22T20:57:57.2549308Z   map directly to c-types [inferred_type->mixed,key->block0_values] [items->Index([0], dtype='int64')]
2025-02-22T20:57:57.2549652Z 
2025-02-22T20:57:57.2549906Z tardis/visualization/widgets/tests/test_shell_info.py::TestHDFShellInfo::test_shells_data
2025-02-22T20:57:57.2550451Z   /home/runner/work/tardis/tardis/tardis/io/util.py:292: PerformanceWarning:
2025-02-22T20:57:57.2550922Z   
2025-02-22T20:57:57.2551074Z   
2025-02-22T20:57:57.2551356Z   your performance may suffer as PyTables will pickle object types that it cannot
2025-02-22T20:57:57.2551819Z   map directly to c-types [inferred_type->mixed,key->values] [items->None]
2025-02-22T20:57:57.2552080Z 
2025-02-22T20:57:57.2552351Z tardis/visualization/widgets/tests/test_shell_info.py::TestHDFShellInfo::test_shells_data
2025-02-22T20:57:57.2552937Z   /home/runner/work/tardis/tardis/tardis/spectrum/formal_integral.py:398: UserWarning:
2025-02-22T20:57:57.2553336Z   
2025-02-22T20:57:57.2553621Z   The number of interpolate_shells was not specified. The value was set to 80.
2025-02-22T20:57:57.2553899Z 
2025-02-22T20:57:57.2554088Z -- Docs: https://docs.pytest.org/en/stable/how-to/capture-warnings.html
2025-02-22T20:57:57.2554360Z 
2025-02-22T20:57:57.2554522Z ---------- coverage: platform linux, python 3.12.4-final-0 -----------
2025-02-22T20:57:57.2554890Z Coverage HTML written to dir coverage_html_report
2025-02-22T20:57:57.2555198Z Coverage XML written to file coverage.xml
2025-02-22T20:57:57.2555381Z 
2025-02-22T20:57:57.2555509Z =========================== short test summary info ============================
2025-02-22T20:57:57.2556109Z FAILED tardis/io/tests/test_model_reader.py::test_simple_read_artis_density - ValueError: not enough values to unpack (expected 4, got 3)
2025-02-22T20:57:57.2557093Z = 1 failed, 1412 passed, 357 skipped, 2 deselected, 19 xfailed, 8 xpassed, 64 warnings in 737.92s (0:12:17) =
2025-02-22T20:57:59.3932722Z ##[error]Process completed with exit code 1.
