2025-01-13T20:05:51.7951390Z ##[group]Run pytest tardis --tardis-regression-data=/Users/runner/work/tardis/tardis/tardis-regression-data --cov=tardis --cov-report=xml --cov-report=html --cov-append -m "not continuum"
2025-01-13T20:05:51.7952640Z [36;1mpytest tardis --tardis-regression-data=/Users/runner/work/tardis/tardis/tardis-regression-data --cov=tardis --cov-report=xml --cov-report=html --cov-append -m "not continuum"[0m
2025-01-13T20:05:51.8016400Z shell: /bin/bash -l {0}
2025-01-13T20:05:51.8017070Z env:
2025-01-13T20:05:51.8017820Z   CACHE_NUMBER: 0
2025-01-13T20:05:51.8019230Z   PYTEST_FLAGS: --tardis-regression-data=/Users/runner/work/tardis/tardis/tardis-regression-data --cov=tardis --cov-report=xml --cov-report=html --cov-append
2025-01-13T20:05:51.8020780Z   CODECOV_TOKEN: 
2025-01-13T20:05:51.8021410Z   MAMBA_ROOT_PREFIX: /Users/runner/micromamba
2025-01-13T20:05:51.8022220Z   MAMBA_EXE: /Users/runner/micromamba-bin/micromamba
2025-01-13T20:05:51.8023060Z   CONDARC: /Users/runner/work/_temp/setup-micromamba/.condarc
2025-01-13T20:05:51.8023890Z ##[endgroup]
2025-01-13T20:06:05.1965790Z ============================= test session starts ==============================
2025-01-13T20:06:05.1966610Z platform darwin -- Python 3.12.4, pytest-8.2.2, pluggy-1.5.0
2025-01-13T20:06:05.1966960Z rootdir: /Users/runner/work/tardis/tardis
2025-01-13T20:06:05.1967310Z configfile: pyproject.toml
2025-01-13T20:06:05.1967650Z plugins: cov-5.0.0, html-4.1.1, metadata-3.1.1, doctestplus-1.2.1, anyio-4.4.0
2025-01-13T20:06:05.1968090Z collected 1796 items / 2 deselected / 1794 selected
2025-01-13T20:06:05.1968330Z 
2025-01-13T20:06:08.5022850Z tardis/energy_input/tests/test_energy_source.py ..xxx                    [  0%]
2025-01-13T20:06:10.0505540Z tardis/energy_input/tests/test_gamma_ray_channel.py ...........          [  0%]
2025-01-13T20:06:11.1957280Z tardis/energy_input/tests/test_gamma_ray_grid.py xx.                     [  1%]
2025-01-13T20:06:12.4641180Z tardis/energy_input/tests/test_gamma_ray_interactions.py xx....          [  1%]
2025-01-13T20:06:12.4721990Z tardis/energy_input/tests/test_gamma_ray_packet_source.py sssssssss      [  1%]
2025-01-13T20:06:13.4936840Z tardis/energy_input/tests/test_util.py .....xxxx.....                    [  2%]
2025-01-13T20:06:13.7662410Z tardis/grid/tests/test_grid.py .                                         [  2%]
2025-01-13T20:06:13.7671320Z tardis/gui/tests/test_gui.py s                                           [  2%]
2025-01-13T20:06:16.7662560Z tardis/io/configuration/tests/test_config_reader.py ...........          [  3%]
2025-01-13T20:06:16.7734910Z tardis/io/configuration/tests/test_configuration_namespace.py .........  [  3%]
2025-01-13T20:06:16.7992350Z tardis/io/logger/tests/test_logging.py ssssssssssssssssssssssssssss      [  5%]
2025-01-13T20:06:48.7589220Z tardis/io/model/readers/tests/test_arepo_parser.py ..                    [  5%]
2025-01-13T20:06:48.7919940Z tardis/io/model/readers/tests/test_ascii_readers.py ...                  [  5%]
2025-01-13T20:06:48.8122590Z tardis/io/model/readers/tests/test_cmfgen_reader.py ..                   [  5%]
2025-01-13T20:06:48.8398640Z tardis/io/model/readers/tests/test_csvy_reader.py ....                   [  6%]
2025-01-13T20:06:48.8577810Z tardis/io/model/readers/tests/test_stella_reader.py ..                   [  6%]
2025-01-13T20:06:49.1042840Z tardis/io/tests/test_HDFWriter.py ...............                        [  7%]
2025-01-13T20:06:49.6386550Z tardis/io/tests/test_atomic.py .....                                     [  7%]
2025-01-13T20:06:49.6597700Z tardis/io/tests/test_decay.py ..                                         [  7%]
2025-01-13T20:06:49.8535230Z tardis/io/tests/test_model_reader.py ......                              [  7%]
2025-01-13T20:06:49.8636300Z tardis/model/geometry/tests/test_radial1d.py ..                          [  7%]
2025-01-13T20:07:19.6044070Z tardis/model/tests/test_base.py ........................................ [ 10%]
2025-01-13T20:07:20.3427230Z ............                                                             [ 10%]
2025-01-13T20:07:22.8430660Z tardis/model/tests/test_csvy_model.py .........                          [ 11%]
2025-01-13T20:07:22.8775840Z tardis/model/tests/test_density.py ..                                    [ 11%]
2025-01-13T20:07:24.2950990Z tardis/opacities/tests/test_opacity_solver.py .....                      [ 11%]
2025-01-13T20:07:25.3783160Z tardis/opacities/tests/test_opacity_state_numba.py .....                 [ 11%]
2025-01-13T20:07:26.9696740Z tardis/opacities/tests/test_tau_sobolev.py FF                            [ 12%]
2025-01-13T20:07:29.3424910Z tardis/plasma/equilibrium/tests/test_collisional_transitions.py ...      [ 12%]
2025-01-13T20:08:10.3330060Z tardis/plasma/equilibrium/tests/test_level_populations.py ....           [ 12%]
2025-01-13T20:08:21.0801380Z tardis/plasma/equilibrium/tests/test_rate_matrix.py .                    [ 12%]
2025-01-13T20:08:22.2603900Z tardis/plasma/tests/test_complete_plasmas.py .....................s..... [ 13%]
2025-01-13T20:08:24.7587940Z s....ssssss............s............ss.....s....ssssss............s..... [ 18%]
2025-01-13T20:08:26.2348740Z .......ss.....s....ssssss............s............ss.....s....ssssss.... [ 22%]
2025-01-13T20:08:28.6127970Z ........s............ss.....s........ss............s............ss.....s [ 26%]
2025-01-13T20:08:31.2155490Z ........ss............s............ss.....s....ssssss............s...... [ 30%]
2025-01-13T20:08:31.8637900Z ......ss.....s....ssssss............s............ss.....s.ss.ssssss..... [ 34%]
2025-01-13T20:08:34.7283720Z .......s............ss.....s....ssssss............s............ss.....s. [ 38%]
2025-01-13T20:08:37.0255360Z ...ssssss............s............ss.....s....ssssss............s....... [ 42%]
2025-01-13T20:08:39.5513380Z .....ss.....s....ssssss............s............s...........ssssss...... [ 46%]
2025-01-13T20:08:40.9892620Z ......s............s...........ssssss............s............s......... [ 50%]
2025-01-13T20:08:43.7240830Z ..ssssss............s............ss.....s....ssssss............s........ [ 54%]
2025-01-13T20:08:46.2512340Z ....ss.....s....ssssss..........................s.....s....ssss......... [ 58%]
2025-01-13T20:08:46.6056250Z ...................s.....s....ssss.......                                [ 60%]
2025-01-13T20:08:46.9241030Z tardis/plasma/tests/test_hdf_plasma.py ................................. [ 62%]
2025-01-13T20:08:46.9359140Z ......                                                                   [ 62%]
2025-01-13T20:08:47.3078310Z tardis/plasma/tests/test_nlte_excitation.py ...                          [ 62%]
2025-01-13T20:10:36.3054100Z tardis/plasma/tests/test_nlte_solver.py .....X                           [ 63%]
2025-01-13T20:10:36.3111510Z tardis/plasma/tests/test_plasma_continuum.py .                           [ 63%]
2025-01-13T20:10:57.6165230Z tardis/plasma/tests/test_plasma_vboundary.py .............               [ 63%]
2025-01-13T20:11:08.1904930Z tardis/plasma/tests/test_tardis_model_density_config.py ...              [ 64%]
2025-01-13T20:11:08.7203460Z tardis/simulation/tests/test_convergence.py .....                        [ 64%]
2025-01-13T20:11:15.2090330Z tardis/simulation/tests/test_simulation.py .............                 [ 65%]
2025-01-13T20:11:15.2235350Z tardis/spectrum/tests/test_cuda_formal_integral.py sssssssssssssssssssss [ 66%]
2025-01-13T20:11:15.4926200Z ssss...ssssssssssssssssssssss                                            [ 67%]
2025-01-13T20:11:15.4974350Z tardis/spectrum/tests/test_luminosity.py ....                            [ 68%]
2025-01-13T20:11:16.3560270Z tardis/spectrum/tests/test_numba_formal_integral.py .................... [ 69%]
2025-01-13T20:11:16.3671640Z ..........                                                               [ 69%]
2025-01-13T20:11:16.5004730Z tardis/spectrum/tests/test_spectrum.py ................................. [ 71%]
2025-01-13T20:11:16.5242760Z .........                                                                [ 72%]
2025-01-13T20:11:34.8418230Z tardis/spectrum/tests/test_spectrum_solver.py ....                       [ 72%]
2025-01-13T20:12:35.5917900Z tardis/tests/test_tardis_full.py ....                                    [ 72%]
2025-01-13T20:14:09.7968870Z tardis/tests/test_tardis_full_formal_integral.py ................        [ 73%]
2025-01-13T20:14:09.8497810Z tardis/tests/test_util.py .............................................  [ 75%]
2025-01-13T20:14:11.9896920Z tardis/transport/montecarlo/tests/test_base.py x.....................    [ 77%]
2025-01-13T20:14:17.2379080Z tardis/transport/montecarlo/tests/test_interaction.py .......            [ 77%]
2025-01-13T20:14:17.4116350Z tardis/transport/montecarlo/tests/test_macro_atom.py ....                [ 77%]
2025-01-13T20:14:17.4235380Z tardis/transport/montecarlo/tests/test_montecarlo.py sssssssssssssssssss [ 78%]
2025-01-13T20:14:17.4501470Z sssssssssssssssssssssssssssssssssssssssssssss                            [ 81%]
2025-01-13T20:14:25.2876050Z tardis/transport/montecarlo/tests/test_montecarlo_main_loop.py x..       [ 81%]
2025-01-13T20:14:25.2988330Z tardis/transport/montecarlo/tests/test_nonhomologous.py ...              [ 81%]
2025-01-13T20:14:27.8249930Z tardis/transport/montecarlo/tests/test_numba_interface.py .....x.        [ 82%]
2025-01-13T20:14:28.1962080Z tardis/transport/montecarlo/tests/test_opacities.py ...............      [ 82%]
2025-01-13T20:14:28.9389620Z tardis/transport/montecarlo/tests/test_packet.py .................xXXXXX [ 84%]
2025-01-13T20:14:29.0382530Z XX.........                                                              [ 84%]
2025-01-13T20:14:29.0668200Z tardis/transport/montecarlo/tests/test_packet_source.py ........         [ 85%]
2025-01-13T20:14:29.2917840Z tardis/transport/montecarlo/tests/test_rpacket_last_interaction_tracker.py . [ 85%]
2025-01-13T20:14:29.5934460Z .....                                                                    [ 85%]
2025-01-13T20:14:39.3612510Z tardis/transport/montecarlo/tests/test_rpacket_tracker.py ......         [ 85%]
2025-01-13T20:14:39.3838250Z tardis/transport/montecarlo/tests/test_single_packet_loop.py xxx         [ 86%]
2025-01-13T20:14:39.3880400Z tardis/transport/montecarlo/tests/test_tracker_utils.py ..               [ 86%]
2025-01-13T20:14:40.7250980Z tardis/transport/montecarlo/tests/test_vpacket.py ..x.                   [ 86%]
2025-01-13T20:14:40.7428470Z tardis/transport/montecarlo/tests/test_weighted_packet_source.py ....    [ 86%]
2025-01-13T20:14:43.5037950Z tardis/transport/montecarlo/tests/test_weighted_packet_source_integration.py . [ 86%]
2025-01-13T20:14:43.5039580Z                                                                          [ 86%]
2025-01-13T20:14:44.0404450Z tardis/transport/tests/test_doppler_factor.py ..................         [ 87%]
2025-01-13T20:14:45.6637780Z tardis/visualization/tools/tests/test_convergence_plot.py .............. [ 88%]
2025-01-13T20:14:47.3200850Z ......                                                                   [ 88%]
2025-01-13T20:14:50.9227100Z tardis/visualization/tools/tests/test_liv_plot.py ...................... [ 90%]
2025-01-13T20:14:55.2134440Z .............................                                            [ 91%]
2025-01-13T20:14:57.9996030Z tardis/visualization/tools/tests/test_rpacket_plot.py .................. [ 92%]
2025-01-13T20:15:05.1450300Z ....                                                                     [ 92%]
2025-01-13T20:15:09.7689590Z tardis/visualization/tools/tests/test_sdec_plot.py ..................... [ 94%]
2025-01-13T20:15:15.9751430Z ..............................                                           [ 95%]
2025-01-13T20:15:16.3505380Z tardis/visualization/widgets/tests/test_custom_abundance.py ........ss.. [ 96%]
2025-01-13T20:15:16.3948140Z ....                                                                     [ 96%]
2025-01-13T20:15:17.1982190Z tardis/visualization/widgets/tests/test_line_info.py ................... [ 97%]
2025-01-13T20:15:17.7104610Z ..................                                                       [ 98%]
2025-01-13T20:18:27.3774140Z tardis/visualization/widgets/tests/test_shell_info.py .................. [ 99%]
2025-01-13T20:18:34.7902620Z ......                                                                   [100%]
2025-01-13T20:18:34.7904150Z 
2025-01-13T20:18:34.7904630Z =================================== FAILURES ===================================
2025-01-13T20:18:34.7905590Z _____________________ test_calculate_sobolev_line_opacity ______________________
2025-01-13T20:18:34.7905950Z 
2025-01-13T20:18:34.7906250Z nb_simulation_verysimple = <tardis.simulation.base.Simulation object at 0x1413d82f0>
2025-01-13T20:18:34.7907020Z regression_data = <tardis.tests.fixtures.regression_data.RegressionData object at 0x1413e74d0>
2025-01-13T20:18:34.7907550Z 
2025-01-13T20:18:34.7907870Z     def test_calculate_sobolev_line_opacity(
2025-01-13T20:18:34.7908470Z         nb_simulation_verysimple, regression_data
2025-01-13T20:18:34.7908860Z     ):
2025-01-13T20:18:34.7909620Z         legacy_plasma = nb_simulation_verysimple.plasma
2025-01-13T20:18:34.7910080Z     
2025-01-13T20:18:34.7910460Z         actual = calculate_sobolev_line_opacity(
2025-01-13T20:18:34.7911360Z             legacy_plasma.lines,
2025-01-13T20:18:34.7911790Z             legacy_plasma.level_number_density,
2025-01-13T20:18:34.7912150Z             legacy_plasma.time_explosion,
2025-01-13T20:18:34.7912650Z             legacy_plasma.stimulated_emission_factor,
2025-01-13T20:18:34.7913010Z         )
2025-01-13T20:18:34.7913440Z >       expected = regression_data.sync_dataframe(actual)
2025-01-13T20:18:34.7913760Z 
2025-01-13T20:18:34.7914000Z tardis/opacities/tests/test_tau_sobolev.py:21: 
2025-01-13T20:18:34.7914410Z _ _ _ _ _ _ _ _ _ _ _ _ _ _ _ _ _ _ _ _ _ _ _ _ _ _ _ _ _ _ _ _ _ _ _ _ _ _ _ _ 
2025-01-13T20:18:34.7914950Z tardis/tests/fixtures/regression_data.py:88: in sync_dataframe
2025-01-13T20:18:34.7916710Z     return pd.read_hdf(self.fpath, key=key)
2025-01-13T20:18:34.7932280Z _ _ _ _ _ _ _ _ _ _ _ _ _ _ _ _ _ _ _ _ _ _ _ _ _ _ _ _ _ _ _ _ _ _ _ _ _ _ _ _ 
2025-01-13T20:18:34.7932530Z 
2025-01-13T20:18:34.7932840Z path_or_buf = '/Users/runner/work/tardis/tardis/tardis-regression-data/test_tau_sobolev/test_calculate_sobolev_line_opacity.h5'
2025-01-13T20:18:34.7933430Z key = 'data', mode = 'r', errors = 'strict', where = None, start = None
2025-01-13T20:18:34.7933810Z stop = None, columns = None, iterator = False, chunksize = None, kwargs = {}
2025-01-13T20:18:34.7934190Z exists = False
2025-01-13T20:18:34.7934350Z 
2025-01-13T20:18:34.7934400Z     def read_hdf(
2025-01-13T20:18:34.7934650Z         path_or_buf: FilePath | HDFStore,
2025-01-13T20:18:34.7934890Z         key=None,
2025-01-13T20:18:34.7935160Z         mode: str = "r",
2025-01-13T20:18:34.7935470Z         errors: str = "strict",
2025-01-13T20:18:34.7935720Z         where: str | list | None = None,
2025-01-13T20:18:34.7936070Z         start: int | None = None,
2025-01-13T20:18:34.7936320Z         stop: int | None = None,
2025-01-13T20:18:34.7936630Z         columns: list[str] | None = None,
2025-01-13T20:18:34.7936870Z         iterator: bool = False,
2025-01-13T20:18:34.7937140Z         chunksize: int | None = None,
2025-01-13T20:18:34.7937370Z         **kwargs,
2025-01-13T20:18:34.7937740Z     ):
2025-01-13T20:18:34.7937960Z         """
2025-01-13T20:18:34.7938330Z         Read from the store, close it if we opened it.
2025-01-13T20:18:34.7938610Z     
2025-01-13T20:18:34.7938930Z         Retrieve pandas object stored in file, optionally based on where
2025-01-13T20:18:34.7939250Z         criteria.
2025-01-13T20:18:34.7939500Z     
2025-01-13T20:18:34.7954730Z         .. warning::
2025-01-13T20:18:34.7955090Z     
2025-01-13T20:18:34.7955440Z            Pandas uses PyTables for reading and writing HDF5 files, which allows
2025-01-13T20:18:34.7955960Z            serializing object-dtype data with pickle when using the "fixed" format.
2025-01-13T20:18:34.7956400Z            Loading pickled data received from untrusted sources can be unsafe.
2025-01-13T20:18:34.7956900Z     
2025-01-13T20:18:34.7973380Z            See: https://docs.python.org/3/library/pickle.html for more.
2025-01-13T20:18:34.7973740Z     
2025-01-13T20:18:34.7973900Z         Parameters
2025-01-13T20:18:34.7974140Z         ----------
2025-01-13T20:18:34.7974360Z         path_or_buf : str, path object, pandas.HDFStore
2025-01-13T20:18:34.7974760Z             Any valid string path is acceptable. Only supports the local file system,
2025-01-13T20:18:34.7975130Z             remote URLs and file-like objects are not supported.
2025-01-13T20:18:34.7975440Z     
2025-01-13T20:18:34.7975680Z             If you want to pass in a path object, pandas accepts any
2025-01-13T20:18:34.7976020Z             ``os.PathLike``.
2025-01-13T20:18:34.7976260Z     
2025-01-13T20:18:34.7976520Z             Alternatively, pandas accepts an open :class:`pandas.HDFStore` object.
2025-01-13T20:18:34.7976880Z     
2025-01-13T20:18:34.7977030Z         key : object, optional
2025-01-13T20:18:34.7977400Z             The group identifier in the store. Can be omitted if the HDF file
2025-01-13T20:18:34.7977730Z             contains a single pandas object.
2025-01-13T20:18:34.7978060Z         mode : {'r', 'r+', 'a'}, default 'r'
2025-01-13T20:18:34.7978380Z             Mode to use when opening the file. Ignored if path_or_buf is a
2025-01-13T20:18:34.7978750Z             :class:`pandas.HDFStore`. Default is 'r'.
2025-01-13T20:18:34.7979010Z         errors : str, default 'strict'
2025-01-13T20:18:34.7979370Z             Specifies how encoding and decoding errors are to be handled.
2025-01-13T20:18:34.7979810Z             See the errors argument for :func:`open` for a full list
2025-01-13T20:18:34.7980140Z             of options.
2025-01-13T20:18:34.7980340Z         where : list, optional
2025-01-13T20:18:34.7980670Z             A list of Term (or convertible) objects.
2025-01-13T20:18:34.7980940Z         start : int, optional
2025-01-13T20:18:34.7981240Z             Row number to start selection.
2025-01-13T20:18:34.7981780Z         stop  : int, optional
2025-01-13T20:18:34.7982120Z             Row number to stop selection.
2025-01-13T20:18:34.7982360Z         columns : list, optional
2025-01-13T20:18:34.7982640Z             A list of columns names to return.
2025-01-13T20:18:34.7982880Z         iterator : bool, optional
2025-01-13T20:18:34.7983210Z             Return an iterator object.
2025-01-13T20:18:34.7983500Z         chunksize : int, optional
2025-01-13T20:18:34.7983790Z             Number of rows to include in an iteration when using an iterator.
2025-01-13T20:18:34.7984140Z         **kwargs
2025-01-13T20:18:34.7984420Z             Additional keyword arguments passed to HDFStore.
2025-01-13T20:18:34.7984680Z     
2025-01-13T20:18:34.7984870Z         Returns
2025-01-13T20:18:34.7985080Z         -------
2025-01-13T20:18:34.7985290Z         object
2025-01-13T20:18:34.7985540Z             The selected object. Return type depends on the object stored.
2025-01-13T20:18:34.7985900Z     
2025-01-13T20:18:34.7986070Z         See Also
2025-01-13T20:18:34.7986320Z         --------
2025-01-13T20:18:34.7986590Z         DataFrame.to_hdf : Write a HDF file from a DataFrame.
2025-01-13T20:18:34.7986960Z         HDFStore : Low-level access to HDF files.
2025-01-13T20:18:34.7987200Z     
2025-01-13T20:18:34.7987410Z         Examples
2025-01-13T20:18:34.7987600Z         --------
2025-01-13T20:18:34.7987900Z         >>> df = pd.DataFrame([[1, 1.0, 'a']], columns=['x', 'y', 'z'])  # doctest: +SKIP
2025-01-13T20:18:34.7988240Z         >>> df.to_hdf('./store.h5', 'data')  # doctest: +SKIP
2025-01-13T20:18:34.7988650Z         >>> reread = pd.read_hdf('./store.h5')  # doctest: +SKIP
2025-01-13T20:18:34.7988920Z         """
2025-01-13T20:18:34.7989110Z         if mode not in ["r", "r+", "a"]:
2025-01-13T20:18:34.7989390Z             raise ValueError(
2025-01-13T20:18:34.7989650Z                 f"mode {mode} is not allowed while performing a read. "
2025-01-13T20:18:34.7989990Z                 f"Allowed modes are r, r+ and a."
2025-01-13T20:18:34.7990230Z             )
2025-01-13T20:18:34.7990890Z         # grab the scope
2025-01-13T20:18:34.7991080Z         if where is not None:
2025-01-13T20:18:34.7991360Z             where = _ensure_term(where, scope_level=1)
2025-01-13T20:18:34.7991620Z     
2025-01-13T20:18:34.7992930Z         if isinstance(path_or_buf, HDFStore):
2025-01-13T20:18:34.7993420Z             if not path_or_buf.is_open:
2025-01-13T20:18:34.7994120Z                 raise OSError("The HDFStore must be open for reading.")
2025-01-13T20:18:34.7994540Z     
2025-01-13T20:18:34.7996920Z             store = path_or_buf
2025-01-13T20:18:34.7998880Z             auto_close = False
2025-01-13T20:18:34.8002550Z         else:
2025-01-13T20:18:34.8002830Z             path_or_buf = stringify_path(path_or_buf)
2025-01-13T20:18:34.8003300Z             if not isinstance(path_or_buf, str):
2025-01-13T20:18:34.8003750Z                 raise NotImplementedError(
2025-01-13T20:18:34.8004430Z                     "Support for generic buffers has not been implemented."
2025-01-13T20:18:34.8006320Z                 )
2025-01-13T20:18:34.8006670Z             try:
2025-01-13T20:18:34.8009700Z                 exists = os.path.exists(path_or_buf)
2025-01-13T20:18:34.8012230Z     
2025-01-13T20:18:34.8015460Z             # if filepath is too long
2025-01-13T20:18:34.8017330Z             except (TypeError, ValueError):
2025-01-13T20:18:34.8021380Z                 exists = False
2025-01-13T20:18:34.8021640Z     
2025-01-13T20:18:34.8022940Z             if not exists:
2025-01-13T20:18:34.8023570Z >               raise FileNotFoundError(f"File {path_or_buf} does not exist")
2025-01-13T20:18:34.8025400Z E               FileNotFoundError: File /Users/runner/work/tardis/tardis/tardis-regression-data/test_tau_sobolev/test_calculate_sobolev_line_opacity.h5 does not exist
2025-01-13T20:18:34.8026680Z 
2025-01-13T20:18:34.8027020Z ../../../micromamba/envs/tardis/lib/python3.12/site-packages/pandas/io/pytables.py:424: FileNotFoundError
2025-01-13T20:18:34.8031480Z ---------------------------- Captured stdout setup -----------------------------
2025-01-13T20:18:34.8064470Z [[1mtardis.io.model.parse_density_configuration[0m][[1;33mWARNING[0m]  
2025-01-13T20:18:34.8065490Z 	Number of density points larger than number of shells. Assuming inner point irrelevant ([1mparse_density_configuration.py[0m:114)
2025-01-13T20:18:34.8067530Z ---------------------------- Captured stderr setup -----------------------------
2025-01-13T20:18:34.8069320Z 
2025-01-13T20:18:34.8076380Z Iterations:â–ˆâ–ˆâ–ˆâ–ˆâ–ˆâ–ˆâ–ˆâ–ˆâ–ˆâ–ˆâ–ˆâ–ˆâ–ˆâ–ˆâ–ˆâ–ˆâ–ˆâ–ˆâ–ˆâ–ˆâ–ˆâ–ˆâ–ˆâ–ˆâ–ˆâ–ˆâ–ˆâ–ˆâ–ˆâ–ˆâ–ˆâ–ˆâ–ˆâ–ˆâ–ˆâ–ˆâ–ˆâ–ˆâ–ˆâ–ˆâ–ˆâ–ˆâ–ˆâ–ˆâ–ˆâ–ˆâ–ˆâ–ˆâ–ˆâ–ˆâ–ˆâ–ˆâ–ˆâ–ˆâ–ˆâ–ˆâ–ˆâ–ˆâ–ˆâ–ˆâ–ˆâ–ˆâ–ˆâ–ˆ                4/5 [00:10<00:02,  2.35s/it]
2025-01-13T20:18:34.8078280Z 
2025-01-13T20:18:34.8080180Z Packets:                                                                                   4030/? [00:10<00:00, 37709.32it/s][A
2025-01-13T20:18:34.8081170Z ------------------------------ Captured log setup ------------------------------
2025-01-13T20:18:34.8081980Z WARNING  tardis.io.model.parse_density_configuration:parse_density_configuration.py:114 Number of density points larger than number of shells. Assuming inner point irrelevant
2025-01-13T20:18:34.8082790Z _________________________ test_calculate_beta_sobolevs _________________________
2025-01-13T20:18:34.8083130Z 
2025-01-13T20:18:34.8083520Z nb_simulation_verysimple = <tardis.simulation.base.Simulation object at 0x1413d82f0>
2025-01-13T20:18:34.8084110Z regression_data = <tardis.tests.fixtures.regression_data.RegressionData object at 0x141285580>
2025-01-13T20:18:34.8084670Z 
2025-01-13T20:18:34.8085680Z     def test_calculate_beta_sobolevs(nb_simulation_verysimple, regression_data):
2025-01-13T20:18:34.8086150Z         legacy_plasma = nb_simulation_verysimple.plasma
2025-01-13T20:18:34.8086670Z     
2025-01-13T20:18:34.8087140Z         tau_sobolevs = calculate_sobolev_line_opacity(
2025-01-13T20:18:34.8087690Z             legacy_plasma.lines,
2025-01-13T20:18:34.8088290Z             legacy_plasma.level_number_density,
2025-01-13T20:18:34.8088710Z             legacy_plasma.time_explosion,
2025-01-13T20:18:34.8089560Z             legacy_plasma.stimulated_emission_factor,
2025-01-13T20:18:34.8093400Z         )
2025-01-13T20:18:34.8097060Z         actual = calculate_beta_sobolev(tau_sobolevs)
2025-01-13T20:18:34.8099170Z >       expected = regression_data.sync_ndarray(actual)
2025-01-13T20:18:34.8099360Z 
2025-01-13T20:18:34.8101070Z tardis/opacities/tests/test_tau_sobolev.py:35: 
2025-01-13T20:18:34.8102800Z _ _ _ _ _ _ _ _ _ _ _ _ _ _ _ _ _ _ _ _ _ _ _ _ _ _ _ _ _ _ _ _ _ _ _ _ _ _ _ _ 
2025-01-13T20:18:34.8153780Z tardis/tests/fixtures/regression_data.py:111: in sync_ndarray
2025-01-13T20:18:34.8154150Z     return np.load(self.fpath)
2025-01-13T20:18:34.8154370Z _ _ _ _ _ _ _ _ _ _ _ _ _ _ _ _ _ _ _ _ _ _ _ _ _ _ _ _ _ _ _ _ _ _ _ _ _ _ _ _ 
2025-01-13T20:18:34.8154540Z 
2025-01-13T20:18:34.8154850Z file = PosixPath('/Users/runner/work/tardis/tardis/tardis-regression-data/test_tau_sobolev/test_calculate_beta_sobolevs.npy')
2025-01-13T20:18:34.8155380Z mmap_mode = None, allow_pickle = False, fix_imports = True, encoding = 'ASCII'
2025-01-13T20:18:34.8155640Z 
2025-01-13T20:18:34.8155700Z     @set_module('numpy')
2025-01-13T20:18:34.8155940Z     def load(file, mmap_mode=None, allow_pickle=False, fix_imports=True,
2025-01-13T20:18:34.8156270Z              encoding='ASCII', *, max_header_size=format._MAX_HEADER_SIZE):
2025-01-13T20:18:34.8156570Z         """
2025-01-13T20:18:34.8156790Z         Load arrays or pickled objects from ``.npy``, ``.npz`` or pickled files.
2025-01-13T20:18:34.8157150Z     
2025-01-13T20:18:34.8157450Z         .. warning:: Loading files that contain object arrays uses the ``pickle``
2025-01-13T20:18:34.8157900Z                      module, which is not secure against erroneous or maliciously
2025-01-13T20:18:34.8158280Z                      constructed data. Consider passing ``allow_pickle=False`` to
2025-01-13T20:18:34.8158710Z                      load data that is known not to contain object arrays for the
2025-01-13T20:18:34.8159030Z                      safer handling of untrusted sources.
2025-01-13T20:18:34.8159890Z     
2025-01-13T20:18:34.8160010Z         Parameters
2025-01-13T20:18:34.8160250Z         ----------
2025-01-13T20:18:34.8160430Z         file : file-like object, string, or pathlib.Path
2025-01-13T20:18:34.8160750Z             The file to read. File-like objects must support the
2025-01-13T20:18:34.8161100Z             ``seek()`` and ``read()`` methods and must always
2025-01-13T20:18:34.8161430Z             be opened in binary mode.  Pickled files require that the
2025-01-13T20:18:34.8161780Z             file-like object support the ``readline()`` method as well.
2025-01-13T20:18:34.8162170Z         mmap_mode : {None, 'r+', 'r', 'w+', 'c'}, optional
2025-01-13T20:18:34.8162560Z             If not None, then memory-map the file, using the given mode (see
2025-01-13T20:18:34.8162870Z             `numpy.memmap` for a detailed description of the modes).  A
2025-01-13T20:18:34.8163200Z             memory-mapped array is kept on disk. However, it can be accessed
2025-01-13T20:18:34.8163540Z             and sliced like any ndarray.  Memory mapping is especially useful
2025-01-13T20:18:34.8164040Z             for accessing small fragments of large files without reading the
2025-01-13T20:18:34.8164310Z             entire file into memory.
2025-01-13T20:18:34.8164500Z         allow_pickle : bool, optional
2025-01-13T20:18:34.8164770Z             Allow loading pickled object arrays stored in npy files. Reasons for
2025-01-13T20:18:34.8165120Z             disallowing pickles include security, as loading pickled data can
2025-01-13T20:18:34.8165520Z             execute arbitrary code. If pickles are disallowed, loading object
2025-01-13T20:18:34.8165790Z             arrays will fail. Default: False
2025-01-13T20:18:34.8165970Z     
2025-01-13T20:18:34.8166100Z             .. versionchanged:: 1.16.3
2025-01-13T20:18:34.8166330Z                 Made default False in response to CVE-2019-6446.
2025-01-13T20:18:34.8166530Z     
2025-01-13T20:18:34.8166660Z         fix_imports : bool, optional
2025-01-13T20:18:34.8167270Z             Only useful when loading Python 2 generated pickled files on Python 3,
2025-01-13T20:18:34.8167630Z             which includes npy/npz files containing object arrays. If `fix_imports`
2025-01-13T20:18:34.8168070Z             is True, pickle will try to map the old Python 2 names to the new names
2025-01-13T20:18:34.8168390Z             used in Python 3.
2025-01-13T20:18:34.8168630Z         encoding : str, optional
2025-01-13T20:18:34.8169030Z             What encoding to use when reading Python 2 strings. Only useful when
2025-01-13T20:18:34.8169410Z             loading Python 2 generated pickled files in Python 3, which includes
2025-01-13T20:18:34.8169860Z             npy/npz files containing object arrays. Values other than 'latin1',
2025-01-13T20:18:34.8170310Z             'ASCII', and 'bytes' are not allowed, as they can corrupt numerical
2025-01-13T20:18:34.8170630Z             data. Default: 'ASCII'
2025-01-13T20:18:34.8170870Z         max_header_size : int, optional
2025-01-13T20:18:34.8171290Z             Maximum allowed size of the header.  Large headers may not be safe
2025-01-13T20:18:34.8171690Z             to load securely and thus require explicitly passing a larger value.
2025-01-13T20:18:34.8172090Z             See :py:func:`ast.literal_eval()` for details.
2025-01-13T20:18:34.8172550Z             This option is ignored when `allow_pickle` is passed.  In that case
2025-01-13T20:18:34.8172920Z             the file is by definition trusted and the limit is unnecessary.
2025-01-13T20:18:34.8173240Z     
2025-01-13T20:18:34.8173420Z         Returns
2025-01-13T20:18:34.8173550Z         -------
2025-01-13T20:18:34.8173790Z         result : array, tuple, dict, etc.
2025-01-13T20:18:34.8174060Z             Data stored in the file. For ``.npz`` files, the returned instance
2025-01-13T20:18:34.8174390Z             of NpzFile class must be closed to avoid leaking file descriptors.
2025-01-13T20:18:34.8174640Z     
2025-01-13T20:18:34.8175030Z         Raises
2025-01-13T20:18:34.8175220Z         ------
2025-01-13T20:18:34.8175420Z         OSError
2025-01-13T20:18:34.8175600Z             If the input file does not exist or cannot be read.
2025-01-13T20:18:34.8175820Z         UnpicklingError
2025-01-13T20:18:34.8176060Z             If ``allow_pickle=True``, but the file cannot be loaded as a pickle.
2025-01-13T20:18:34.8176290Z         ValueError
2025-01-13T20:18:34.8176590Z             The file contains an object array, but ``allow_pickle=False`` given.
2025-01-13T20:18:34.8176850Z         EOFError
2025-01-13T20:18:34.8177140Z             When calling ``np.load`` multiple times on the same file handle,
2025-01-13T20:18:34.8177400Z             if all data has already been read
2025-01-13T20:18:34.8177590Z     
2025-01-13T20:18:34.8177700Z         See Also
2025-01-13T20:18:34.8177880Z         --------
2025-01-13T20:18:34.8178050Z         save, savez, savez_compressed, loadtxt
2025-01-13T20:18:34.8178330Z         memmap : Create a memory-map to an array stored in a file on disk.
2025-01-13T20:18:34.8178680Z         lib.format.open_memmap : Create or load a memory-mapped ``.npy`` file.
2025-01-13T20:18:34.8178940Z     
2025-01-13T20:18:34.8179050Z         Notes
2025-01-13T20:18:34.8179170Z         -----
2025-01-13T20:18:34.8179370Z         - If the file contains pickle data, then whatever object is stored
2025-01-13T20:18:34.8179620Z           in the pickle is returned.
2025-01-13T20:18:34.8179860Z         - If the file is a ``.npy`` file, then a single array is returned.
2025-01-13T20:18:34.8180170Z         - If the file is a ``.npz`` file, then a dictionary-like object is
2025-01-13T20:18:34.8180500Z           returned, containing ``{filename: array}`` key-value pairs, one for
2025-01-13T20:18:34.8180760Z           each file in the archive.
2025-01-13T20:18:34.8181010Z         - If the file is a ``.npz`` file, the returned value supports the
2025-01-13T20:18:34.8181350Z           context manager protocol in a similar fashion to the open function::
2025-01-13T20:18:34.8181610Z     
2025-01-13T20:18:34.8182090Z             with load('foo.npz') as data:
2025-01-13T20:18:34.8182280Z                 a = data['a']
2025-01-13T20:18:34.8182430Z     
2025-01-13T20:18:34.8182690Z           The underlying file descriptor is closed when exiting the 'with'
2025-01-13T20:18:34.8182940Z           block.
2025-01-13T20:18:34.8183060Z     
2025-01-13T20:18:34.8183210Z         Examples
2025-01-13T20:18:34.8183340Z         --------
2025-01-13T20:18:34.8183490Z         Store data to disk, and load it again:
2025-01-13T20:18:34.8183680Z     
2025-01-13T20:18:34.8183840Z         >>> np.save('/tmp/123', np.array([[1, 2, 3], [4, 5, 6]]))
2025-01-13T20:18:34.8184060Z         >>> np.load('/tmp/123.npy')
2025-01-13T20:18:34.8184240Z         array([[1, 2, 3],
2025-01-13T20:18:34.8198890Z                [4, 5, 6]])
2025-01-13T20:18:34.8199190Z     
2025-01-13T20:18:34.8199350Z         Store compressed data to disk, and load it again:
2025-01-13T20:18:34.8199570Z     
2025-01-13T20:18:34.8199730Z         >>> a=np.array([[1, 2, 3], [4, 5, 6]])
2025-01-13T20:18:34.8199930Z         >>> b=np.array([1, 2])
2025-01-13T20:18:34.8200110Z         >>> np.savez('/tmp/123.npz', a=a, b=b)
2025-01-13T20:18:34.8200320Z         >>> data = np.load('/tmp/123.npz')
2025-01-13T20:18:34.8200500Z         >>> data['a']
2025-01-13T20:18:34.8200640Z         array([[1, 2, 3],
2025-01-13T20:18:34.8200790Z                [4, 5, 6]])
2025-01-13T20:18:34.8200940Z         >>> data['b']
2025-01-13T20:18:34.8201080Z         array([1, 2])
2025-01-13T20:18:34.8201220Z         >>> data.close()
2025-01-13T20:18:34.8201360Z     
2025-01-13T20:18:34.8201530Z         Mem-map the stored array, and then access the second row
2025-01-13T20:18:34.8201770Z         directly from disk:
2025-01-13T20:18:34.8201910Z     
2025-01-13T20:18:34.8202050Z         >>> X = np.load('/tmp/123.npy', mmap_mode='r')
2025-01-13T20:18:34.8202250Z         >>> X[1, :]
2025-01-13T20:18:34.8202390Z         memmap([4, 5, 6])
2025-01-13T20:18:34.8203030Z     
2025-01-13T20:18:34.8203150Z         """
2025-01-13T20:18:34.8203320Z         if encoding not in ('ASCII', 'latin1', 'bytes'):
2025-01-13T20:18:34.8203590Z             # The 'encoding' value for pickle also affects what encoding
2025-01-13T20:18:34.8203890Z             # the serialized binary data of NumPy arrays is loaded
2025-01-13T20:18:34.8204180Z             # in. Pickle does not pass on the encoding information to
2025-01-13T20:18:34.8204470Z             # NumPy. The unpickling code in numpy.core.multiarray is
2025-01-13T20:18:34.8204770Z             # written to assume that unicode data appearing where binary
2025-01-13T20:18:34.8205080Z             # should be is in 'latin1'. 'bytes' is also safe, as is 'ASCII'.
2025-01-13T20:18:34.8205310Z             #
2025-01-13T20:18:34.8205490Z             # Other encoding values can corrupt binary data, and we
2025-01-13T20:18:34.8205800Z             # purposefully disallow them. For the same reason, the errors=
2025-01-13T20:18:34.8206100Z             # argument is not exposed, as values other than 'strict'
2025-01-13T20:18:34.8206440Z             # result can similarly silently corrupt numerical data.
2025-01-13T20:18:34.8206770Z             raise ValueError("encoding must be 'ASCII', 'latin1', or 'bytes'")
2025-01-13T20:18:34.8207030Z     
2025-01-13T20:18:34.8207230Z         pickle_kwargs = dict(encoding=encoding, fix_imports=fix_imports)
2025-01-13T20:18:34.8207470Z     
2025-01-13T20:18:34.8207610Z         with contextlib.ExitStack() as stack:
2025-01-13T20:18:34.8207820Z             if hasattr(file, 'read'):
2025-01-13T20:18:34.8208000Z                 fid = file
2025-01-13T20:18:34.8208160Z                 own_fid = False
2025-01-13T20:18:34.8208320Z             else:
2025-01-13T20:18:34.8208520Z >               fid = stack.enter_context(open(os_fspath(file), "rb"))
2025-01-13T20:18:34.8209140Z E               FileNotFoundError: [Errno 2] No such file or directory: '/Users/runner/work/tardis/tardis/tardis-regression-data/test_tau_sobolev/test_calculate_beta_sobolevs.npy'
2025-01-13T20:18:34.8209620Z 
2025-01-13T20:18:34.8210440Z ../../../micromamba/envs/tardis/lib/python3.12/site-packages/numpy/lib/npyio.py:427: FileNotFoundError
2025-01-13T20:18:34.8210840Z =============================== warnings summary ===============================
2025-01-13T20:18:34.8211110Z tardis/io/configuration/config_validator.py:6
2025-01-13T20:18:34.8211360Z tardis/io/configuration/config_validator.py:6
2025-01-13T20:18:34.8211760Z   /Users/runner/work/tardis/tardis/tardis/io/configuration/config_validator.py:6: DeprecationWarning:
2025-01-13T20:18:34.8212340Z   
2025-01-13T20:18:34.8213350Z   jsonschema.RefResolver is deprecated as of v4.18.0, in favor of the https://github.com/python-jsonschema/referencing library, which provides more compliant referencing behavior as well as more flexible APIs for customization. A future release will remove RefResolver. Please file a feature request (on referencing) if you are missing an API for the kind of customization you need.
2025-01-13T20:18:34.8214550Z 
2025-01-13T20:18:34.8214750Z ../../../micromamba/envs/tardis/lib/python3.12/site-packages/jupyter_client/connect.py:22
2025-01-13T20:18:34.8215350Z   /Users/runner/micromamba/envs/tardis/lib/python3.12/site-packages/jupyter_client/connect.py:22: DeprecationWarning:
2025-01-13T20:18:34.8215770Z   
2025-01-13T20:18:34.8215960Z   Jupyter is migrating its paths to use standard platformdirs
2025-01-13T20:18:34.8216270Z   given by the platformdirs library.  To remove this warning and
2025-01-13T20:18:34.8216590Z   see the appropriate new directories, set the environment variable
2025-01-13T20:18:34.8216920Z   `JUPYTER_PLATFORM_DIRS=1` and then run `jupyter --paths`.
2025-01-13T20:18:34.8217220Z   The use of platformdirs will be the default in `jupyter_core` v6
2025-01-13T20:18:34.8217430Z 
2025-01-13T20:18:34.8217580Z tardis/io/tests/test_HDFWriter.py::test_multi_index_write
2025-01-13T20:18:34.8217970Z tardis/visualization/widgets/tests/test_shell_info.py::TestHDFShellInfo::test_shells_data
2025-01-13T20:18:34.8219130Z   /Users/runner/work/tardis/tardis/tardis/io/util.py:276: PerformanceWarning:
2025-01-13T20:18:34.8219430Z   
2025-01-13T20:18:34.8219540Z   
2025-01-13T20:18:34.8219770Z   your performance may suffer as PyTables will pickle object types that it cannot
2025-01-13T20:18:34.8220200Z   map directly to c-types [inferred_type->mixed,key->block0_values] [items->Index([0], dtype='int64')]
2025-01-13T20:18:34.8220480Z 
2025-01-13T20:18:34.8220640Z tardis/io/tests/test_model_reader.py::test_read_cmfgen_isotope_abundances
2025-01-13T20:18:34.8221030Z tardis/plasma/tests/test_tardis_model_density_config.py::test_electron_densities
2025-01-13T20:18:34.8221460Z tardis/plasma/tests/test_tardis_model_density_config.py::test_isotope_number_densities
2025-01-13T20:18:34.8221850Z tardis/plasma/tests/test_tardis_model_density_config.py::test_t_rad
2025-01-13T20:18:34.8222310Z   /Users/runner/work/tardis/tardis/tardis/io/model/readers/cmfgen_deprecated.py:82: DeprecationWarning:
2025-01-13T20:18:34.8222680Z   
2025-01-13T20:18:34.8222820Z   The current CMFGEN model parser is deprecated
2025-01-13T20:18:34.8222980Z 
2025-01-13T20:18:34.8223070Z tardis/io/tests/test_model_reader.py: 1 warning
2025-01-13T20:18:34.8223360Z tardis/plasma/tests/test_tardis_model_density_config.py: 9 warnings
2025-01-13T20:18:34.8223810Z   /Users/runner/work/tardis/tardis/tardis/io/model/readers/cmfgen_deprecated.py:40: DeprecationWarning:
2025-01-13T20:18:34.8224170Z   
2025-01-13T20:18:34.8224310Z   The current CMFGEN model parser is deprecated
2025-01-13T20:18:34.8224460Z 
2025-01-13T20:18:34.8224630Z tardis/model/tests/test_base.py::TestModelFromPaper1Config::test_abundances
2025-01-13T20:18:34.8225160Z   /Users/runner/work/tardis/tardis/tardis/transport/montecarlo/montecarlo_main_loop.py:123: NumbaTypeSafetyWarning:
2025-01-13T20:18:34.8225560Z   
2025-01-13T20:18:34.8226150Z   [1m[1m[1munsafe cast from uint64 to int64. Precision may be lost.[0m[0m[0m
2025-01-13T20:18:34.8226380Z 
2025-01-13T20:18:34.8226470Z tardis/model/tests/test_base.py: 6 warnings
2025-01-13T20:18:34.8227000Z tardis/model/tests/test_csvy_model.py: 2 warnings
2025-01-13T20:18:34.8227300Z tardis/plasma/tests/test_tardis_model_density_config.py: 3 warnings
2025-01-13T20:18:34.8227720Z   /Users/runner/work/tardis/tardis/tardis/model/geometry/radial1d.py:50: DeprecationWarning:
2025-01-13T20:18:34.8228060Z   
2025-01-13T20:18:34.8228200Z   v_inner_boundary < 0, assuming default value
2025-01-13T20:18:34.8228340Z 
2025-01-13T20:18:34.8228420Z tardis/model/tests/test_base.py: 6 warnings
2025-01-13T20:18:34.8228650Z tardis/model/tests/test_csvy_model.py: 2 warnings
2025-01-13T20:18:34.8228940Z tardis/plasma/tests/test_tardis_model_density_config.py: 3 warnings
2025-01-13T20:18:34.8229360Z   /Users/runner/work/tardis/tardis/tardis/model/geometry/radial1d.py:61: DeprecationWarning:
2025-01-13T20:18:34.8229690Z   
2025-01-13T20:18:34.8229830Z   v_outer_boundary < 0, assuming default value
2025-01-13T20:18:34.8229970Z 
2025-01-13T20:18:34.8230340Z tardis/plasma/equilibrium/tests/test_level_populations.py::TestLevelPopulationSolver::test_solve[collisional_rate_solver0-radiative_transitions0]
2025-01-13T20:18:34.8231030Z   /Users/runner/work/tardis/tardis/tardis/plasma/equilibrium/level_populations.py:65: FutureWarning:
2025-01-13T20:18:34.8231380Z   
2025-01-13T20:18:34.8231670Z   A value is trying to be set on a copy of a DataFrame or Series through chained assignment using an inplace method.
2025-01-13T20:18:34.8232310Z   The behavior will change in pandas 3.0. This inplace method will never work because the intermediate object on which we are setting values always behaves as a copy.
2025-01-13T20:18:34.8232770Z   
2025-01-13T20:18:34.8233250Z   For example, when doing 'df[col].method(value, inplace=True)', try using 'df.method({col: value}, inplace=True)' or df[col] = df[col].method(value) instead, to perform the operation inplace on the original object.
2025-01-13T20:18:34.8233740Z 
2025-01-13T20:18:34.8233860Z tardis/plasma/tests/test_complete_plasmas.py: 20 warnings
2025-01-13T20:18:34.8234510Z   /Users/runner/work/tardis/tardis/tardis/plasma/tests/test_complete_plasmas.py:197: UserWarning:
2025-01-13T20:18:34.8234860Z   
2025-01-13T20:18:34.8234980Z   Property "atomic_mass" not found
2025-01-13T20:18:34.8235110Z 
2025-01-13T20:18:34.8235470Z tardis/plasma/tests/test_complete_plasmas.py::TestPlasma::test_plasma_properties[radiative_rates_type:detailed-w_epsilon:1e-10-j_blues_norm_factor]
2025-01-13T20:18:34.8236180Z tardis/plasma/tests/test_complete_plasmas.py::TestPlasma::test_plasma_properties[radiative_rates_type:detailed-j_blues_norm_factor]
2025-01-13T20:18:34.8236770Z   /Users/runner/work/tardis/tardis/tardis/plasma/tests/test_complete_plasmas.py:197: UserWarning:
2025-01-13T20:18:34.8237110Z   
2025-01-13T20:18:34.8237240Z   Property "j_blues_norm_factor" not found
2025-01-13T20:18:34.8237390Z 
2025-01-13T20:18:34.8237720Z tardis/plasma/tests/test_complete_plasmas.py::TestPlasma::test_plasma_properties[radiative_rates_type:detailed-w_epsilon:1e-10-j_blue_estimator]
2025-01-13T20:18:34.8238410Z tardis/plasma/tests/test_complete_plasmas.py::TestPlasma::test_plasma_properties[radiative_rates_type:detailed-j_blue_estimator]
2025-01-13T20:18:34.8239150Z   /Users/runner/work/tardis/tardis/tardis/plasma/tests/test_complete_plasmas.py:197: UserWarning:
2025-01-13T20:18:34.8239490Z   
2025-01-13T20:18:34.8239630Z   Property "j_blue_estimator" not found
2025-01-13T20:18:34.8239760Z 
2025-01-13T20:18:34.8240070Z tardis/plasma/tests/test_complete_plasmas.py::TestPlasma::test_plasma_properties[radiative_rates_type:detailed-w_epsilon:1e-10-volume]
2025-01-13T20:18:34.8240710Z tardis/plasma/tests/test_complete_plasmas.py::TestPlasma::test_plasma_properties[radiative_rates_type:detailed-volume]
2025-01-13T20:18:34.8241270Z   /Users/runner/work/tardis/tardis/tardis/plasma/tests/test_complete_plasmas.py:197: UserWarning:
2025-01-13T20:18:34.8241600Z   
2025-01-13T20:18:34.8241720Z   Property "volume" not found
2025-01-13T20:18:34.8241830Z 
2025-01-13T20:18:34.8242140Z tardis/plasma/tests/test_complete_plasmas.py::TestPlasma::test_plasma_properties[radiative_rates_type:detailed-w_epsilon:1e-10-r_inner]
2025-01-13T20:18:34.8243080Z tardis/plasma/tests/test_complete_plasmas.py::TestPlasma::test_plasma_properties[radiative_rates_type:detailed-r_inner]
2025-01-13T20:18:34.8243640Z   /Users/runner/work/tardis/tardis/tardis/plasma/tests/test_complete_plasmas.py:197: UserWarning:
2025-01-13T20:18:34.8243980Z   
2025-01-13T20:18:34.8244100Z   Property "r_inner" not found
2025-01-13T20:18:34.8244220Z 
2025-01-13T20:18:34.8244380Z tardis/plasma/tests/test_plasma_vboundary.py::test_plasma_vboundary[2900-3750]
2025-01-13T20:18:34.8244830Z tardis/plasma/tests/test_plasma_vboundary.py::test_plasma_vboundary[2900-3850]
2025-01-13T20:18:34.8245230Z tardis/plasma/tests/test_plasma_vboundary.py::test_plasma_vboundary[2900-3900]
2025-01-13T20:18:34.8245650Z   /Users/runner/work/tardis/tardis/tardis/model/geometry/radial1d.py:71: UserWarning:
2025-01-13T20:18:34.8245970Z   
2025-01-13T20:18:34.8246190Z   Requesting inner boundary below inner shell. Extrapolating the inner cell
2025-01-13T20:18:34.8246410Z 
2025-01-13T20:18:34.8246590Z tardis/spectrum/tests/test_spectrum_solver.py::TestSpectrumSolver::test_solve
2025-01-13T20:18:34.8246990Z   /Users/runner/work/tardis/tardis/tardis/spectrum/base.py:70: UserWarning:
2025-01-13T20:18:34.8247260Z   
2025-01-13T20:18:34.8247580Z   SpectrumSolver.spectrum_virtual_packets is zero. Please run the montecarlo simulation with no_of_virtual_packets > 0
2025-01-13T20:18:34.8247910Z 
2025-01-13T20:18:34.8248080Z tardis/spectrum/tests/test_spectrum_solver.py::TestSpectrumSolver::test_solve
2025-01-13T20:18:34.8248480Z   /Users/runner/work/tardis/tardis/tardis/spectrum/base.py:111: UserWarning:
2025-01-13T20:18:34.8248750Z   
2025-01-13T20:18:34.8249090Z   SpectrumSolver.integrator: The FormalIntegrator is not yet available.Please run the montecarlo simulation at least once.
2025-01-13T20:18:34.8249440Z 
2025-01-13T20:18:34.8249610Z tardis/transport/montecarlo/tests/test_vpacket.py::test_trace_vpacket_volley
2025-01-13T20:18:34.8250420Z   <string>:3: NumbaPendingDeprecationWarning:
2025-01-13T20:18:34.8250760Z   
2025-01-13T20:18:34.8259690Z   [1m[1mCode using Numba extension API maybe depending on 'old_style' error-capturing, which is deprecated and will be replaced by 'new_style' in a future release. See details at https://numba.readthedocs.io/en/latest/reference/deprecation.html#deprecation-of-old-style-numba-captured-errors
2025-01-13T20:18:34.8260540Z   Exception origin:
2025-01-13T20:18:34.8260830Z     File "/Users/runner/micromamba/envs/tardis/lib/python3.12/inspect.py", line 3180, in _bind
2025-01-13T20:18:34.8261170Z       raise TypeError(msg) from None
2025-01-13T20:18:34.8261370Z   [0m[0m
2025-01-13T20:18:34.8261440Z 
2025-01-13T20:18:34.8261720Z tardis/visualization/tools/tests/test_sdec_plot.py::TestSDECPlotter::test_mpl_image[plotter_generate_plot_mpl4]
2025-01-13T20:18:34.8262280Z   /Users/runner/work/tardis/tardis/tardis/visualization/tools/sdec_plot.py:1225: RuntimeWarning:
2025-01-13T20:18:34.8262640Z   
2025-01-13T20:18:34.8263370Z   More than 20 figures have been opened. Figures created through the pyplot interface (`matplotlib.pyplot.figure`) are retained until explicitly closed and may consume too much memory. (To control this warning, see the rcParam `figure.max_open_warning`). Consider using `matplotlib.pyplot.close()`.
2025-01-13T20:18:34.8264100Z 
2025-01-13T20:18:34.8264380Z tardis/visualization/widgets/tests/test_custom_abundance.py::TestCustomAbundanceWidget::test_update_input_item_value
2025-01-13T20:18:34.8265000Z tardis/visualization/widgets/tests/test_custom_abundance.py::TestCustomAbundanceWidget::test_update_input_item_value
2025-01-13T20:18:34.8265620Z tardis/visualization/widgets/tests/test_custom_abundance.py::TestCustomAbundanceWidget::test_update_input_item_value
2025-01-13T20:18:34.8266240Z tardis/visualization/widgets/tests/test_custom_abundance.py::TestCustomAbundanceWidget::test_update_input_item_value
2025-01-13T20:18:34.8266860Z tardis/visualization/widgets/tests/test_custom_abundance.py::TestCustomAbundanceWidget::test_update_input_item_value
2025-01-13T20:18:34.8267910Z tardis/visualization/widgets/tests/test_custom_abundance.py::TestCustomAbundanceWidget::test_update_input_item_value
2025-01-13T20:18:34.8268530Z   /Users/runner/micromamba/envs/tardis/lib/python3.12/site-packages/traitlets/traitlets.py:1385: DeprecationWarning:
2025-01-13T20:18:34.8268920Z   
2025-01-13T20:18:34.8269130Z   Passing unrecognized arguments to super(Checkbox).__init__(icon='lock').
2025-01-13T20:18:34.8269490Z   object.__init__() takes exactly one argument (the instance to initialize)
2025-01-13T20:18:34.8269900Z   This is deprecated in traitlets 4.2.This error will be raised in a future release of traitlets.
2025-01-13T20:18:34.8270150Z 
2025-01-13T20:18:34.8270430Z tardis/visualization/widgets/tests/test_custom_abundance.py::TestCustomAbundanceWidget::test_update_input_item_value
2025-01-13T20:18:34.8271050Z tardis/visualization/widgets/tests/test_custom_abundance.py::TestCustomAbundanceWidget::test_update_input_item_value
2025-01-13T20:18:34.8271680Z   /Users/runner/micromamba/envs/tardis/lib/python3.12/site-packages/traitlets/traitlets.py:1385: DeprecationWarning:
2025-01-13T20:18:34.8272070Z   
2025-01-13T20:18:34.8272260Z   Passing unrecognized arguments to super(FloatText).__init__(min=0).
2025-01-13T20:18:34.8272610Z   object.__init__() takes exactly one argument (the instance to initialize)
2025-01-13T20:18:34.8273010Z   This is deprecated in traitlets 4.2.This error will be raised in a future release of traitlets.
2025-01-13T20:18:34.8273260Z 
2025-01-13T20:18:34.8273540Z tardis/visualization/widgets/tests/test_custom_abundance.py::TestCustomAbundanceWidget::test_update_input_item_value
2025-01-13T20:18:34.8274160Z   /Users/runner/micromamba/envs/tardis/lib/python3.12/site-packages/traitlets/traitlets.py:1385: DeprecationWarning:
2025-01-13T20:18:34.8274540Z   
2025-01-13T20:18:34.8274750Z   Passing unrecognized arguments to super(HTML).__init__(indent=True).
2025-01-13T20:18:34.8275210Z   object.__init__() takes exactly one argument (the instance to initialize)
2025-01-13T20:18:34.8275610Z   This is deprecated in traitlets 4.2.This error will be raised in a future release of traitlets.
2025-01-13T20:18:34.8275860Z 
2025-01-13T20:18:34.8276200Z tardis/visualization/widgets/tests/test_line_info.py::TestLineInfoWidgetData::test_get_species_interactions[wavelength_range0-packet_out_nu]
2025-01-13T20:18:34.8276860Z   /Users/runner/micromamba/envs/tardis/lib/python3.12/site-packages/qgridnext/grid.py:825: DeprecationWarning:
2025-01-13T20:18:34.8277230Z   
2025-01-13T20:18:34.8277510Z   QgridWidget._grid_options_changed is deprecated in traitlets 4.1: use @observe and @unobserve instead.
2025-01-13T20:18:34.8277800Z 
2025-01-13T20:18:34.8278000Z tardis/visualization/widgets/tests/test_shell_info.py::TestHDFShellInfo::test_shells_data
2025-01-13T20:18:34.8278440Z   /Users/runner/work/tardis/tardis/tardis/io/util.py:289: PerformanceWarning:
2025-01-13T20:18:34.8278720Z   
2025-01-13T20:18:34.8278960Z   
2025-01-13T20:18:34.8279190Z   your performance may suffer as PyTables will pickle object types that it cannot
2025-01-13T20:18:34.8279620Z   map directly to c-types [inferred_type->mixed,key->block0_values] [items->Index([0], dtype='int64')]
2025-01-13T20:18:34.8279890Z 
2025-01-13T20:18:34.8280100Z tardis/visualization/widgets/tests/test_shell_info.py::TestHDFShellInfo::test_shells_data
2025-01-13T20:18:34.8280530Z   /Users/runner/work/tardis/tardis/tardis/io/util.py:292: PerformanceWarning:
2025-01-13T20:18:34.8280810Z   
2025-01-13T20:18:34.8280910Z   
2025-01-13T20:18:34.8281130Z   your performance may suffer as PyTables will pickle object types that it cannot
2025-01-13T20:18:34.8281500Z   map directly to c-types [inferred_type->mixed,key->values] [items->None]
2025-01-13T20:18:34.8281710Z 
2025-01-13T20:18:34.8281900Z tardis/visualization/widgets/tests/test_shell_info.py::TestHDFShellInfo::test_shells_data
2025-01-13T20:18:34.8282370Z   /Users/runner/work/tardis/tardis/tardis/spectrum/formal_integral.py:398: UserWarning:
2025-01-13T20:18:34.8283110Z   
2025-01-13T20:18:34.8283330Z   The number of interpolate_shells was not specified. The value was set to 80.
2025-01-13T20:18:34.8283550Z 
2025-01-13T20:18:34.8283700Z -- Docs: https://docs.pytest.org/en/stable/how-to/capture-warnings.html
2025-01-13T20:18:34.8283920Z 
2025-01-13T20:18:34.8284050Z ---------- coverage: platform darwin, python 3.12.4-final-0 ----------
2025-01-13T20:18:34.8284340Z Coverage HTML written to dir coverage_html_report
2025-01-13T20:18:34.8284570Z Coverage XML written to file coverage.xml
2025-01-13T20:18:34.8284710Z 
2025-01-13T20:18:34.8284810Z =========================== short test summary info ============================
2025-01-13T20:18:34.8285570Z FAILED tardis/opacities/tests/test_tau_sobolev.py::test_calculate_sobolev_line_opacity - FileNotFoundError: File /Users/runner/work/tardis/tardis/tardis-regression-data/test_tau_sobolev/test_calculate_sobolev_line_opacity.h5 does not exist
2025-01-13T20:18:34.8286820Z FAILED tardis/opacities/tests/test_tau_sobolev.py::test_calculate_beta_sobolevs - FileNotFoundError: [Errno 2] No such file or directory: '/Users/runner/work/tardis/tardis/tardis-regression-data/test_tau_sobolev/test_calculate_beta_sobolevs.npy'
2025-01-13T20:18:34.8287680Z = 2 failed, 1436 passed, 329 skipped, 2 deselected, 19 xfailed, 8 xpassed, 91 warnings in 751.34s (0:12:31) =
2025-01-13T20:18:36.8651350Z ##[error]Process completed with exit code 1.
