2025-01-13T15:54:26.9361091Z Requested labels: ubuntu-latest
2025-01-13T15:54:26.9361325Z Job defined at: tardis-sn/tardis/.github/workflows/tests.yml@refs/heads/master
2025-01-13T15:54:26.9361402Z Waiting for a runner to pick up this job...
2025-01-13T15:54:27.2380622Z Job is waiting for a hosted runner to come online.
2025-01-13T15:54:30.9206343Z Job is about to start running on the hosted runner: GitHub Actions 3 (hosted)
2025-01-13T15:54:32.2615568Z Current runner version: '2.321.0'
2025-01-13T15:54:32.2644202Z ##[group]Operating System
2025-01-13T15:54:32.2645272Z Ubuntu
2025-01-13T15:54:32.2645866Z 24.04.1
2025-01-13T15:54:32.2646453Z LTS
2025-01-13T15:54:32.2647062Z ##[endgroup]
2025-01-13T15:54:32.2647631Z ##[group]Runner Image
2025-01-13T15:54:32.2648257Z Image: ubuntu-24.04
2025-01-13T15:54:32.2648892Z Version: 20250105.1.0
2025-01-13T15:54:32.2650028Z Included Software: https://github.com/actions/runner-images/blob/ubuntu24/20250105.1/images/ubuntu/Ubuntu2404-Readme.md
2025-01-13T15:54:32.2651837Z Image Release: https://github.com/actions/runner-images/releases/tag/ubuntu24%2F20250105.1
2025-01-13T15:54:32.2652900Z ##[endgroup]
2025-01-13T15:54:32.2653521Z ##[group]Runner Image Provisioner
2025-01-13T15:54:32.2654160Z 2.0.404.1
2025-01-13T15:54:32.2654800Z ##[endgroup]
2025-01-13T15:54:32.2657221Z ##[group]GITHUB_TOKEN Permissions
2025-01-13T15:54:32.2659435Z Actions: write
2025-01-13T15:54:32.2660253Z Attestations: write
2025-01-13T15:54:32.2661328Z Checks: write
2025-01-13T15:54:32.2661825Z Contents: write
2025-01-13T15:54:32.2662354Z Deployments: write
2025-01-13T15:54:32.2663017Z Discussions: write
2025-01-13T15:54:32.2663564Z Issues: write
2025-01-13T15:54:32.2664031Z Metadata: read
2025-01-13T15:54:32.2664648Z Packages: write
2025-01-13T15:54:32.2665189Z Pages: write
2025-01-13T15:54:32.2665658Z PullRequests: write
2025-01-13T15:54:32.2666322Z RepositoryProjects: write
2025-01-13T15:54:32.2666928Z SecurityEvents: write
2025-01-13T15:54:32.2667540Z Statuses: write
2025-01-13T15:54:32.2668047Z ##[endgroup]
2025-01-13T15:54:32.2671764Z Secret source: Actions
2025-01-13T15:54:32.2672744Z Prepare workflow directory
2025-01-13T15:54:32.3241482Z Prepare all required actions
2025-01-13T15:54:32.3280478Z Getting action download info
2025-01-13T15:54:32.4752846Z Download action repository 'actions/checkout@v4' (SHA:11bd71901bbe5b1630ceea73d27597364c9af683)
2025-01-13T15:54:32.5920254Z Download action repository 'actions/upload-artifact@v4' (SHA:65c4c4a1ddee5b72f698fdd19549f0f0fb45cf08)
2025-01-13T15:54:32.9583085Z Complete job name: not continuum ubuntu-latest 
2025-01-13T15:54:33.0262899Z ##[group]Run actions/checkout@v4
2025-01-13T15:54:33.0263883Z with:
2025-01-13T15:54:33.0264337Z   repository: tardis-sn/tardis
2025-01-13T15:54:33.0265053Z   token: ***
2025-01-13T15:54:33.0265456Z   ssh-strict: true
2025-01-13T15:54:33.0265913Z   ssh-user: git
2025-01-13T15:54:33.0266381Z   persist-credentials: true
2025-01-13T15:54:33.0266881Z   clean: true
2025-01-13T15:54:33.0267342Z   sparse-checkout-cone-mode: true
2025-01-13T15:54:33.0267883Z   fetch-depth: 1
2025-01-13T15:54:33.0268331Z   fetch-tags: false
2025-01-13T15:54:33.0268781Z   show-progress: true
2025-01-13T15:54:33.0269245Z   lfs: false
2025-01-13T15:54:33.0269672Z   submodules: false
2025-01-13T15:54:33.0270136Z   set-safe-directory: true
2025-01-13T15:54:33.0271011Z env:
2025-01-13T15:54:33.0271399Z   CACHE_NUMBER: 0
2025-01-13T15:54:33.0272567Z   PYTEST_FLAGS: --tardis-regression-data=/home/runner/work/tardis/tardis/tardis-regression-data --cov=tardis --cov-report=xml --cov-report=html --cov-append
2025-01-13T15:54:33.0273989Z   CODECOV_TOKEN: ***
2025-01-13T15:54:33.0274440Z ##[endgroup]
2025-01-13T15:54:33.2511423Z Syncing repository: tardis-sn/tardis
2025-01-13T15:54:33.2514368Z ##[group]Getting Git version info
2025-01-13T15:54:33.2515422Z Working directory is '/home/runner/work/tardis/tardis'
2025-01-13T15:54:33.2516944Z [command]/usr/bin/git version
2025-01-13T15:54:33.2595997Z git version 2.47.1
2025-01-13T15:54:33.2639792Z ##[endgroup]
2025-01-13T15:54:33.2659330Z Temporarily overriding HOME='/home/runner/work/_temp/f9d5c02d-fc6b-4a75-a074-bfc086b742ff' before making global git config changes
2025-01-13T15:54:33.2661118Z Adding repository directory to the temporary git global config as a safe directory
2025-01-13T15:54:33.2676871Z [command]/usr/bin/git config --global --add safe.directory /home/runner/work/tardis/tardis
2025-01-13T15:54:33.2723074Z Deleting the contents of '/home/runner/work/tardis/tardis'
2025-01-13T15:54:33.2727761Z ##[group]Initializing the repository
2025-01-13T15:54:33.2734112Z [command]/usr/bin/git init /home/runner/work/tardis/tardis
2025-01-13T15:54:33.2812470Z hint: Using 'master' as the name for the initial branch. This default branch name
2025-01-13T15:54:33.2813912Z hint: is subject to change. To configure the initial branch name to use in all
2025-01-13T15:54:33.2814869Z hint: of your new repositories, which will suppress this warning, call:
2025-01-13T15:54:33.2815584Z hint:
2025-01-13T15:54:33.2816436Z hint: 	git config --global init.defaultBranch <name>
2025-01-13T15:54:33.2817429Z hint:
2025-01-13T15:54:33.2818371Z hint: Names commonly chosen instead of 'master' are 'main', 'trunk' and
2025-01-13T15:54:33.2819845Z hint: 'development'. The just-created branch can be renamed via this command:
2025-01-13T15:54:33.2821206Z hint:
2025-01-13T15:54:33.2821805Z hint: 	git branch -m <name>
2025-01-13T15:54:33.2822704Z Initialized empty Git repository in /home/runner/work/tardis/tardis/.git/
2025-01-13T15:54:33.2838011Z [command]/usr/bin/git remote add origin https://github.com/tardis-sn/tardis
2025-01-13T15:54:33.2888490Z ##[endgroup]
2025-01-13T15:54:33.2889767Z ##[group]Disabling automatic garbage collection
2025-01-13T15:54:33.2893780Z [command]/usr/bin/git config --local gc.auto 0
2025-01-13T15:54:33.2930322Z ##[endgroup]
2025-01-13T15:54:33.2931718Z ##[group]Setting up auth
2025-01-13T15:54:33.2938432Z [command]/usr/bin/git config --local --name-only --get-regexp core\.sshCommand
2025-01-13T15:54:33.2974760Z [command]/usr/bin/git submodule foreach --recursive sh -c "git config --local --name-only --get-regexp 'core\.sshCommand' && git config --local --unset-all 'core.sshCommand' || :"
2025-01-13T15:54:33.3329934Z [command]/usr/bin/git config --local --name-only --get-regexp http\.https\:\/\/github\.com\/\.extraheader
2025-01-13T15:54:33.3362522Z [command]/usr/bin/git submodule foreach --recursive sh -c "git config --local --name-only --get-regexp 'http\.https\:\/\/github\.com\/\.extraheader' && git config --local --unset-all 'http.https://github.com/.extraheader' || :"
2025-01-13T15:54:33.3617676Z [command]/usr/bin/git config --local http.https://github.com/.extraheader AUTHORIZATION: basic ***
2025-01-13T15:54:33.3663058Z ##[endgroup]
2025-01-13T15:54:33.3664273Z ##[group]Fetching the repository
2025-01-13T15:54:33.3673659Z [command]/usr/bin/git -c protocol.version=2 fetch --no-tags --prune --no-recurse-submodules --depth=1 origin +b4bc6ac32afba1ed86870074cd69db14d7845052:refs/remotes/origin/master
2025-01-13T15:54:34.5168157Z From https://github.com/tardis-sn/tardis
2025-01-13T15:54:34.5169345Z  * [new ref]         b4bc6ac32afba1ed86870074cd69db14d7845052 -> origin/master
2025-01-13T15:54:34.5202921Z ##[endgroup]
2025-01-13T15:54:34.5204154Z ##[group]Determining the checkout info
2025-01-13T15:54:34.5207233Z ##[endgroup]
2025-01-13T15:54:34.5213420Z [command]/usr/bin/git sparse-checkout disable
2025-01-13T15:54:34.5261843Z [command]/usr/bin/git config --local --unset-all extensions.worktreeConfig
2025-01-13T15:54:34.5293578Z ##[group]Checking out the ref
2025-01-13T15:54:34.5298465Z [command]/usr/bin/git checkout --progress --force -B master refs/remotes/origin/master
2025-01-13T15:54:34.7313727Z Reset branch 'master'
2025-01-13T15:54:34.7315050Z branch 'master' set up to track 'origin/master'.
2025-01-13T15:54:34.7378165Z ##[endgroup]
2025-01-13T15:54:34.7382680Z [command]/usr/bin/git log -1 --format=%H
2025-01-13T15:54:34.7407504Z b4bc6ac32afba1ed86870074cd69db14d7845052
2025-01-13T15:54:34.7765130Z Prepare all required actions
2025-01-13T15:54:34.7766593Z Getting action download info
2025-01-13T15:54:34.9180164Z Download action repository 'actions/cache@v4' (SHA:1bd1e32a3bdc45362d1e726936510720a7c30a57)
2025-01-13T15:54:35.0749262Z ##[group]Run ./.github/actions/setup_lfs
2025-01-13T15:54:35.0750310Z with:
2025-01-13T15:54:35.0751461Z   regression-data-repo: tardis-sn/tardis-regression-data
2025-01-13T15:54:35.0752594Z env:
2025-01-13T15:54:35.0753311Z   CACHE_NUMBER: 0
2025-01-13T15:54:35.0755644Z   PYTEST_FLAGS: --tardis-regression-data=/home/runner/work/tardis/tardis/tardis-regression-data --cov=tardis --cov-report=xml --cov-report=html --cov-append
2025-01-13T15:54:35.0758203Z   CODECOV_TOKEN: ***
2025-01-13T15:54:35.0759030Z ##[endgroup]
2025-01-13T15:54:35.0952410Z ##[group]Run actions/checkout@v4
2025-01-13T15:54:35.0953388Z with:
2025-01-13T15:54:35.0954260Z   repository: tardis-sn/tardis-regression-data
2025-01-13T15:54:35.0955377Z   path: tardis-regression-data
2025-01-13T15:54:35.0956652Z   token: ***
2025-01-13T15:54:35.0957465Z   ssh-strict: true
2025-01-13T15:54:35.0958286Z   ssh-user: git
2025-01-13T15:54:35.0959155Z   persist-credentials: true
2025-01-13T15:54:35.0960073Z   clean: true
2025-01-13T15:54:35.0961050Z   sparse-checkout-cone-mode: true
2025-01-13T15:54:35.0962017Z   fetch-depth: 1
2025-01-13T15:54:35.0962826Z   fetch-tags: false
2025-01-13T15:54:35.0963657Z   show-progress: true
2025-01-13T15:54:35.0964493Z   lfs: false
2025-01-13T15:54:35.0965272Z   submodules: false
2025-01-13T15:54:35.0966131Z   set-safe-directory: true
2025-01-13T15:54:35.0966998Z env:
2025-01-13T15:54:35.0967716Z   CACHE_NUMBER: 0
2025-01-13T15:54:35.0969789Z   PYTEST_FLAGS: --tardis-regression-data=/home/runner/work/tardis/tardis/tardis-regression-data --cov=tardis --cov-report=xml --cov-report=html --cov-append
2025-01-13T15:54:35.0972230Z   CODECOV_TOKEN: ***
2025-01-13T15:54:35.0973047Z ##[endgroup]
2025-01-13T15:54:35.1954206Z Syncing repository: tardis-sn/tardis-regression-data
2025-01-13T15:54:35.1962743Z ##[group]Getting Git version info
2025-01-13T15:54:35.1964212Z Working directory is '/home/runner/work/tardis/tardis/tardis-regression-data'
2025-01-13T15:54:35.2003784Z [command]/usr/bin/git version
2025-01-13T15:54:35.2045077Z git version 2.47.1
2025-01-13T15:54:35.2072388Z ##[endgroup]
2025-01-13T15:54:35.2095521Z Temporarily overriding HOME='/home/runner/work/_temp/db6f962f-9220-49f7-a521-da1e2b6ba17c' before making global git config changes
2025-01-13T15:54:35.2098499Z Adding repository directory to the temporary git global config as a safe directory
2025-01-13T15:54:35.2101428Z [command]/usr/bin/git config --global --add safe.directory /home/runner/work/tardis/tardis/tardis-regression-data
2025-01-13T15:54:35.2136620Z ##[group]Initializing the repository
2025-01-13T15:54:35.2143109Z [command]/usr/bin/git init /home/runner/work/tardis/tardis/tardis-regression-data
2025-01-13T15:54:35.2181117Z hint: Using 'master' as the name for the initial branch. This default branch name
2025-01-13T15:54:35.2184412Z hint: is subject to change. To configure the initial branch name to use in all
2025-01-13T15:54:35.2187625Z hint: of your new repositories, which will suppress this warning, call:
2025-01-13T15:54:35.2189840Z hint:
2025-01-13T15:54:35.2191742Z hint: 	git config --global init.defaultBranch <name>
2025-01-13T15:54:35.2193625Z hint:
2025-01-13T15:54:35.2195456Z hint: Names commonly chosen instead of 'master' are 'main', 'trunk' and
2025-01-13T15:54:35.2198198Z hint: 'development'. The just-created branch can be renamed via this command:
2025-01-13T15:54:35.2200341Z hint:
2025-01-13T15:54:35.2201525Z hint: 	git branch -m <name>
2025-01-13T15:54:35.2203031Z Initialized empty Git repository in /home/runner/work/tardis/tardis/tardis-regression-data/.git/
2025-01-13T15:54:35.2206527Z [command]/usr/bin/git remote add origin https://github.com/tardis-sn/tardis-regression-data
2025-01-13T15:54:35.2228286Z ##[endgroup]
2025-01-13T15:54:35.2231388Z ##[group]Disabling automatic garbage collection
2025-01-13T15:54:35.2233617Z [command]/usr/bin/git config --local gc.auto 0
2025-01-13T15:54:35.2267531Z ##[endgroup]
2025-01-13T15:54:35.2269864Z ##[group]Setting up auth
2025-01-13T15:54:35.2275373Z [command]/usr/bin/git config --local --name-only --get-regexp core\.sshCommand
2025-01-13T15:54:35.2313196Z [command]/usr/bin/git submodule foreach --recursive sh -c "git config --local --name-only --get-regexp 'core\.sshCommand' && git config --local --unset-all 'core.sshCommand' || :"
2025-01-13T15:54:35.2549206Z [command]/usr/bin/git config --local --name-only --get-regexp http\.https\:\/\/github\.com\/\.extraheader
2025-01-13T15:54:35.2585842Z [command]/usr/bin/git submodule foreach --recursive sh -c "git config --local --name-only --get-regexp 'http\.https\:\/\/github\.com\/\.extraheader' && git config --local --unset-all 'http.https://github.com/.extraheader' || :"
2025-01-13T15:54:35.2831761Z [command]/usr/bin/git config --local http.https://github.com/.extraheader AUTHORIZATION: basic ***
2025-01-13T15:54:35.2892427Z ##[endgroup]
2025-01-13T15:54:35.2894374Z ##[group]Determining the default branch
2025-01-13T15:54:35.2896957Z Retrieving the default branch name
2025-01-13T15:54:35.5034251Z Default branch 'main'
2025-01-13T15:54:35.5035693Z ##[endgroup]
2025-01-13T15:54:35.5036593Z ##[group]Fetching the repository
2025-01-13T15:54:35.5044154Z [command]/usr/bin/git -c protocol.version=2 fetch --no-tags --prune --no-recurse-submodules --depth=1 origin +refs/heads/main:refs/remotes/origin/main
2025-01-13T15:54:35.8214024Z From https://github.com/tardis-sn/tardis-regression-data
2025-01-13T15:54:35.8214658Z  * [new branch]      main       -> origin/main
2025-01-13T15:54:35.8241171Z ##[endgroup]
2025-01-13T15:54:35.8242038Z ##[group]Determining the checkout info
2025-01-13T15:54:35.8243010Z ##[endgroup]
2025-01-13T15:54:35.8248611Z [command]/usr/bin/git sparse-checkout disable
2025-01-13T15:54:35.8290915Z [command]/usr/bin/git config --local --unset-all extensions.worktreeConfig
2025-01-13T15:54:35.8322953Z ##[group]Checking out the ref
2025-01-13T15:54:35.8327506Z [command]/usr/bin/git checkout --progress --force -B main refs/remotes/origin/main
2025-01-13T15:54:36.3676013Z Switched to a new branch 'main'
2025-01-13T15:54:36.3676779Z branch 'main' set up to track 'origin/main'.
2025-01-13T15:54:36.3946768Z ##[endgroup]
2025-01-13T15:54:36.3994008Z [command]/usr/bin/git log -1 --format=%H
2025-01-13T15:54:36.4023033Z fa7729bc9c30e14b69acd641af8b692b56fcd416
2025-01-13T15:54:36.4167204Z ##[group]Run git lfs ls-files -l | cut -d' ' -f1 | sort > .lfs-assets-id
2025-01-13T15:54:36.4167808Z [36;1mgit lfs ls-files -l | cut -d' ' -f1 | sort > .lfs-assets-id[0m
2025-01-13T15:54:36.4201935Z shell: /usr/bin/bash --noprofile --norc -e -o pipefail {0}
2025-01-13T15:54:36.4202303Z env:
2025-01-13T15:54:36.4202478Z   CACHE_NUMBER: 0
2025-01-13T15:54:36.4203104Z   PYTEST_FLAGS: --tardis-regression-data=/home/runner/work/tardis/tardis/tardis-regression-data --cov=tardis --cov-report=xml --cov-report=html --cov-append
2025-01-13T15:54:36.4204002Z   CODECOV_TOKEN: ***
2025-01-13T15:54:36.4204210Z ##[endgroup]
2025-01-13T15:54:36.5755201Z ##[group]Run actions/cache/restore@v4
2025-01-13T15:54:36.5755561Z with:
2025-01-13T15:54:36.5755841Z   path: tardis-regression-data/.git/lfs
2025-01-13T15:54:36.5756384Z   key: Linux-lfs-21f9fa4b6817cc69b9fae3598144724da7828e276a73bd17f47a2a49d9af090a-v1
2025-01-13T15:54:36.5756927Z   enableCrossOsArchive: false
2025-01-13T15:54:36.5757198Z   fail-on-cache-miss: false
2025-01-13T15:54:36.5757428Z   lookup-only: false
2025-01-13T15:54:36.5757640Z env:
2025-01-13T15:54:36.5757801Z   CACHE_NUMBER: 0
2025-01-13T15:54:36.5758454Z   PYTEST_FLAGS: --tardis-regression-data=/home/runner/work/tardis/tardis/tardis-regression-data --cov=tardis --cov-report=xml --cov-report=html --cov-append
2025-01-13T15:54:36.5759316Z   CODECOV_TOKEN: ***
2025-01-13T15:54:36.5759522Z ##[endgroup]
2025-01-13T15:54:37.8697433Z Received 343932928 of 1708418946 (20.1%), 328.0 MBs/sec
2025-01-13T15:54:38.8707198Z Received 750780416 of 1708418946 (43.9%), 357.8 MBs/sec
2025-01-13T15:54:39.8776372Z Received 1178599424 of 1708418946 (69.0%), 373.9 MBs/sec
2025-01-13T15:54:40.8769213Z Received 1530920960 of 1708418946 (89.6%), 364.5 MBs/sec
2025-01-13T15:54:41.3392228Z Cache Size: ~1629 MB (1708418946 B)
2025-01-13T15:54:41.3489346Z [command]/usr/bin/tar -xf /home/runner/work/_temp/006a13ec-bafd-40f9-a2b5-96caf0f84de1/cache.tzst -P -C /home/runner/work/tardis/tardis --use-compress-program unzstd
2025-01-13T15:54:41.8759546Z Received 1708418946 of 1708418946 (100.0%), 325.5 MBs/sec
2025-01-13T15:54:47.7391660Z Cache restored successfully
2025-01-13T15:54:48.0833644Z Cache restored from key: Linux-lfs-21f9fa4b6817cc69b9fae3598144724da7828e276a73bd17f47a2a49d9af090a-v1
2025-01-13T15:54:48.1019309Z ##[group]Run git lfs checkout
2025-01-13T15:54:48.1019595Z [36;1mgit lfs checkout[0m
2025-01-13T15:54:48.1046849Z shell: /usr/bin/bash --noprofile --norc -e -o pipefail {0}
2025-01-13T15:54:48.1047172Z env:
2025-01-13T15:54:48.1047381Z   CACHE_NUMBER: 0
2025-01-13T15:54:48.1047988Z   PYTEST_FLAGS: --tardis-regression-data=/home/runner/work/tardis/tardis/tardis-regression-data --cov=tardis --cov-report=xml --cov-report=html --cov-append
2025-01-13T15:54:48.1048810Z   CODECOV_TOKEN: ***
2025-01-13T15:54:48.1049010Z ##[endgroup]
2025-01-13T15:54:58.5838763Z Checking out LFS objects: 100% (204/204), 3.5 GB | 338 MB/s, done.
2025-01-13T15:55:02.5209205Z Prepare all required actions
2025-01-13T15:55:02.5209571Z Getting action download info
2025-01-13T15:55:02.6253595Z Download action repository 'mamba-org/setup-micromamba@v1' (SHA:4b9113af4fba0e9e1124b252dd6497a419e7396d)
2025-01-13T15:55:02.8543202Z ##[group]Run ./.github/actions/setup_env
2025-01-13T15:55:02.8543479Z with:
2025-01-13T15:55:02.8543659Z   os-label: linux-64
2025-01-13T15:55:02.8543847Z env:
2025-01-13T15:55:02.8544012Z   CACHE_NUMBER: 0
2025-01-13T15:55:02.8544605Z   PYTEST_FLAGS: --tardis-regression-data=/home/runner/work/tardis/tardis/tardis-regression-data --cov=tardis --cov-report=xml --cov-report=html --cov-append
2025-01-13T15:55:02.8545387Z   CODECOV_TOKEN: ***
2025-01-13T15:55:02.8545581Z ##[endgroup]
2025-01-13T15:55:02.8567353Z ##[group]Run file_hash=$(cat conda-linux-64.lock | shasum -a 256 | cut -d' ' -f1)
2025-01-13T15:55:02.8567852Z [36;1mfile_hash=$(cat conda-linux-64.lock | shasum -a 256 | cut -d' ' -f1)[0m
2025-01-13T15:55:02.8568293Z [36;1mecho "file_hash=$file_hash" >> "${GITHUB_OUTPUT}"[0m
2025-01-13T15:55:02.8595389Z shell: /usr/bin/bash --noprofile --norc -e -o pipefail {0}
2025-01-13T15:55:02.8595730Z env:
2025-01-13T15:55:02.8595897Z   CACHE_NUMBER: 0
2025-01-13T15:55:02.8596507Z   PYTEST_FLAGS: --tardis-regression-data=/home/runner/work/tardis/tardis/tardis-regression-data --cov=tardis --cov-report=xml --cov-report=html --cov-append
2025-01-13T15:55:02.8597260Z   CODECOV_TOKEN: ***
2025-01-13T15:55:02.8597457Z ##[endgroup]
2025-01-13T15:55:02.9118470Z ##[group]Run mamba-org/setup-micromamba@v1
2025-01-13T15:55:02.9118749Z with:
2025-01-13T15:55:02.9118944Z   environment-file: conda-linux-64.lock
2025-01-13T15:55:02.9119366Z   cache-environment-key: d7cd390425b0fd3cf82649dcc003efba9915fb4928f15d342148c3ccffcbe2ee
2025-01-13T15:55:02.9119928Z   cache-downloads-key: d7cd390425b0fd3cf82649dcc003efba9915fb4928f15d342148c3ccffcbe2ee
2025-01-13T15:55:02.9120334Z   environment-name: tardis
2025-01-13T15:55:02.9120875Z   cache-environment: true
2025-01-13T15:55:02.9121272Z   cache-downloads: true
2025-01-13T15:55:02.9121507Z env:
2025-01-13T15:55:02.9121676Z   CACHE_NUMBER: 0
2025-01-13T15:55:02.9122304Z   PYTEST_FLAGS: --tardis-regression-data=/home/runner/work/tardis/tardis/tardis-regression-data --cov=tardis --cov-report=xml --cov-report=html --cov-append
2025-01-13T15:55:02.9123113Z   CODECOV_TOKEN: ***
2025-01-13T15:55:02.9123317Z ##[endgroup]
2025-01-13T15:55:03.0586773Z Will download micromamba to /home/runner/micromamba-bin/micromamba
2025-01-13T15:55:03.0598274Z ##[group]Install micromamba
2025-01-13T15:55:03.3548168Z micromamba installed to /home/runner/micromamba-bin/micromamba
2025-01-13T15:55:03.3550088Z ##[endgroup]
2025-01-13T15:55:03.3550986Z Adding conda-forge to condarc channels ...
2025-01-13T15:55:03.3562308Z ##[group]Initialize micromamba for bash.
2025-01-13T15:55:03.3579558Z [command]/home/runner/micromamba-bin/micromamba shell init -s bash -r /home/runner/micromamba --log-level warning --rc-file /home/runner/work/_temp/setup-micromamba/.condarc
2025-01-13T15:55:03.3697943Z Modifying RC file "/home/runner/.bashrc"
2025-01-13T15:55:03.3698895Z Generating config for root prefix [1m"/home/runner/micromamba"[0m
2025-01-13T15:55:03.3700183Z Setting mamba executable to: [1m"/home/runner/micromamba-bin/micromamba"[0m
2025-01-13T15:55:03.3701134Z Adding (or replacing) the following in your "/home/runner/.bashrc" file
2025-01-13T15:55:03.3701568Z 
2025-01-13T15:55:03.3701703Z # >>> mamba initialize >>>
2025-01-13T15:55:03.3702171Z # !! Contents within this block are managed by 'mamba init' !!
2025-01-13T15:55:03.3702789Z export MAMBA_EXE='/home/runner/micromamba-bin/micromamba';
2025-01-13T15:55:03.3703356Z export MAMBA_ROOT_PREFIX='/home/runner/micromamba';
2025-01-13T15:55:03.3704097Z __mamba_setup="$("$MAMBA_EXE" shell hook --shell bash --root-prefix "$MAMBA_ROOT_PREFIX" 2> /dev/null)"
2025-01-13T15:55:03.3704862Z if [ $? -eq 0 ]; then
2025-01-13T15:55:03.3705200Z     eval "$__mamba_setup"
2025-01-13T15:55:03.3705524Z else
2025-01-13T15:55:03.3706202Z     alias micromamba="$MAMBA_EXE"  # Fallback on help from mamba activate
2025-01-13T15:55:03.3706756Z fi
2025-01-13T15:55:03.3706992Z unset __mamba_setup
2025-01-13T15:55:03.3707219Z # <<< mamba initialize <<<
2025-01-13T15:55:03.3707365Z 
2025-01-13T15:55:03.3719233Z Moving mamba initialize block to .bash_profile
2025-01-13T15:55:03.3772425Z ##[endgroup]
2025-01-13T15:55:03.3774993Z ##[group]Restoring downloads from `/home/runner/micromamba/pkgs` ...
2025-01-13T15:55:04.4953958Z Received 297795584 of 356800233 (83.5%), 283.7 MBs/sec
2025-01-13T15:55:04.6753701Z Cache Size: ~340 MB (356800233 B)
2025-01-13T15:55:04.6794549Z [command]/usr/bin/tar -xf /home/runner/work/_temp/f46f49dc-23c9-4e5c-a836-9986173b2172/cache.tzst -P -C /home/runner/work/tardis/tardis --use-compress-program unzstd
2025-01-13T15:55:05.1398293Z Cache restored successfully
2025-01-13T15:55:05.2131189Z Restored cache with key `d7cd390425b0fd3cf82649dcc003efba9915fb4928f15d342148c3ccffcbe2ee-linux-64`
2025-01-13T15:55:05.2132767Z ##[endgroup]
2025-01-13T15:55:05.2143849Z ##[group]Restoring environment `tardis` from `/home/runner/micromamba/envs/tardis` ...
2025-01-13T15:55:05.4957469Z Received 356800233 of 356800233 (100.0%), 170.1 MBs/sec
2025-01-13T15:55:06.2977848Z Received 318767104 of 444592193 (71.7%), 304.0 MBs/sec
2025-01-13T15:55:06.5894479Z Cache Size: ~424 MB (444592193 B)
2025-01-13T15:55:06.5934880Z [command]/usr/bin/tar -xf /home/runner/work/_temp/1c90c053-c33f-41fd-ba67-bbcb9e3aab5d/cache.tzst -P -C /home/runner/work/tardis/tardis --use-compress-program unzstd
2025-01-13T15:55:07.2989235Z Received 444592193 of 444592193 (100.0%), 211.9 MBs/sec
2025-01-13T15:55:11.9107575Z Cache restored successfully
2025-01-13T15:55:11.9925700Z Restored cache with key `d7cd390425b0fd3cf82649dcc003efba9915fb4928f15d342148c3ccffcbe2ee-linux-64-tardis-args-4f53cda-root-dcc80ee-bin-[object Promise]-file-d7cd390425b0fd3cf82649dcc003efba9915fb4928f15d342148c3ccffcbe2ee`
2025-01-13T15:55:11.9928056Z ##[endgroup]
2025-01-13T15:55:11.9928495Z Adding environment tardis to auto-activate bash ...
2025-01-13T15:55:11.9937985Z Generating micromamba run shell.
2025-01-13T15:55:11.9949761Z ##[endgroup]
2025-01-13T15:55:11.9953898Z Set environment variables.
2025-01-13T15:55:11.9970181Z ##[group]micromamba info
2025-01-13T15:55:11.9973198Z [command]/home/runner/micromamba-bin/micromamba info -r /home/runner/micromamba -n tardis
2025-01-13T15:55:12.0212539Z 
2025-01-13T15:55:12.0213021Z        libmamba version : 1.5.10
2025-01-13T15:55:12.0213515Z      micromamba version : 1.5.10
2025-01-13T15:55:12.0214197Z            curl version : libcurl/8.10.1 OpenSSL/3.3.2 zlib/1.3.1 zstd/1.5.6 libssh2/1.11.0 nghttp2/1.58.0
2025-01-13T15:55:12.0215067Z      libarchive version : libarchive 3.7.4 zlib/1.2.13 bz2lib/1.0.8 libzstd/1.5.6
2025-01-13T15:55:12.0215776Z        envs directories : /home/runner/micromamba/envs
2025-01-13T15:55:12.0216333Z           package cache : /home/runner/micromamba/pkgs
2025-01-13T15:55:12.0216882Z                           /home/runner/.mamba/pkgs
2025-01-13T15:55:12.0217348Z             environment : tardis
2025-01-13T15:55:12.0217832Z            env location : /home/runner/micromamba/envs/tardis
2025-01-13T15:55:12.0218898Z       user config files : /home/runner/.mambarc
2025-01-13T15:55:12.0219563Z  populated config files : /home/runner/work/_temp/setup-micromamba/.condarc
2025-01-13T15:55:12.0220194Z        virtual packages : __unix=0=0
2025-01-13T15:55:12.0220885Z                           __linux=6.8.0=0
2025-01-13T15:55:12.0221320Z                           __glibc=2.39=0
2025-01-13T15:55:12.0221750Z                           __archspec=1=x86_64_v3
2025-01-13T15:55:12.0222344Z                channels : https://conda.anaconda.org/conda-forge/linux-64
2025-01-13T15:55:12.0222982Z                           https://conda.anaconda.org/conda-forge/noarch
2025-01-13T15:55:12.0223532Z        base environment : /home/runner/micromamba
2025-01-13T15:55:12.0224001Z                platform : linux-64
2025-01-13T15:55:12.0231349Z ##[endgroup]
2025-01-13T15:55:12.0233254Z ##[group]micromamba list
2025-01-13T15:55:12.0235215Z [command]/home/runner/micromamba-bin/micromamba list -r /home/runner/micromamba -n tardis
2025-01-13T15:55:12.4703059Z List of packages in environment: "/home/runner/micromamba/envs/tardis"
2025-01-13T15:55:12.4704174Z 
2025-01-13T15:55:12.4704867Z   Name                           Version              Build                    Channel    
2025-01-13T15:55:12.4707159Z â”€â”€â”€â”€â”€â”€â”€â”€â”€â”€â”€â”€â”€â”€â”€â”€â”€â”€â”€â”€â”€â”€â”€â”€â”€â”€â”€â”€â”€â”€â”€â”€â”€â”€â”€â”€â”€â”€â”€â”€â”€â”€â”€â”€â”€â”€â”€â”€â”€â”€â”€â”€â”€â”€â”€â”€â”€â”€â”€â”€â”€â”€â”€â”€â”€â”€â”€â”€â”€â”€â”€â”€â”€â”€â”€â”€â”€â”€â”€â”€â”€â”€â”€â”€â”€â”€â”€â”€â”€â”€â”€â”€
2025-01-13T15:55:12.4707844Z   _libgcc_mutex                  0.1                  conda_forge              conda-forge
2025-01-13T15:55:12.4708475Z   _openmp_mutex                  4.5                  2_gnu                    conda-forge
2025-01-13T15:55:12.4709807Z   alabaster                      0.7.16               pyhd8ed1ab_0             conda-forge
2025-01-13T15:55:12.4710754Z   anyio                          4.4.0                pyhd8ed1ab_0             conda-forge
2025-01-13T15:55:12.4711327Z   argon2-cffi                    23.1.0               pyhd8ed1ab_0             conda-forge
2025-01-13T15:55:12.4712080Z   argon2-cffi-bindings           21.2.0               py312h98912ed_4          conda-forge
2025-01-13T15:55:12.4712678Z   arrow                          1.3.0                pyhd8ed1ab_0             conda-forge
2025-01-13T15:55:12.4713366Z   astropy                        6.1.1                py312h085067d_0          conda-forge
2025-01-13T15:55:12.4714091Z   astropy-iers-data              0.2024.6.17.0.31.35  pyhd8ed1ab_0             conda-forge
2025-01-13T15:55:12.4714884Z   astropy-sphinx-theme           1.1                  pyhd8ed1ab_0             conda-forge
2025-01-13T15:55:12.4715538Z   asttokens                      2.4.1                pyhd8ed1ab_0             conda-forge
2025-01-13T15:55:12.4716106Z   async-lru                      2.0.4                pyhd8ed1ab_0             conda-forge
2025-01-13T15:55:12.4716699Z   atk-1.0                        2.38.0               h04ea711_2               conda-forge
2025-01-13T15:55:12.4717173Z   attrs                          23.2.0               pyh71513ae_0             conda-forge
2025-01-13T15:55:12.4717699Z   babel                          2.14.0               pyhd8ed1ab_0             conda-forge
2025-01-13T15:55:12.4718289Z   beautifulsoup4                 4.12.3               pyha770c72_0             conda-forge
2025-01-13T15:55:12.4719118Z   bleach                         6.1.0                pyhd8ed1ab_0             conda-forge
2025-01-13T15:55:12.4719689Z   blosc                          1.21.5               hc2324a3_1               conda-forge
2025-01-13T15:55:12.4720246Z   brotli                         1.1.0                hd590300_1               conda-forge
2025-01-13T15:55:12.4721017Z   brotli-bin                     1.1.0                hd590300_1               conda-forge
2025-01-13T15:55:12.4721798Z   brotli-python                  1.1.0                py312h30efb56_1          conda-forge
2025-01-13T15:55:12.4722365Z   bzip2                          1.0.8                hd590300_5               conda-forge
2025-01-13T15:55:12.4723229Z   c-ares                         1.28.1               hd590300_0               conda-forge
2025-01-13T15:55:12.4723881Z   c-blosc2                       2.14.4               hb4ffafa_1               conda-forge
2025-01-13T15:55:12.4724528Z   ca-certificates                2024.6.2             hbcca054_0               conda-forge
2025-01-13T15:55:12.4725386Z   cached-property                1.5.2                hd8ed1ab_1               conda-forge
2025-01-13T15:55:12.4726064Z   cached_property                1.5.2                pyha770c72_1             conda-forge
2025-01-13T15:55:12.4726806Z   cairo                          1.18.0               h3faef2a_0               conda-forge
2025-01-13T15:55:12.4727408Z   certifi                        2024.6.2             pyhd8ed1ab_0             conda-forge
2025-01-13T15:55:12.4728331Z   cffi                           1.16.0               py312hf06ca03_0          conda-forge
2025-01-13T15:55:12.4729006Z   charset-normalizer             3.3.2                pyhd8ed1ab_0             conda-forge
2025-01-13T15:55:12.4729667Z   click                          8.1.7                unix_pyh707e725_0        conda-forge
2025-01-13T15:55:12.4730375Z   codespell                      2.3.0                pyhd8ed1ab_0             conda-forge
2025-01-13T15:55:12.4731271Z   colorama                       0.4.6                pyhd8ed1ab_0             conda-forge
2025-01-13T15:55:12.4731861Z   comm                           0.2.2                pyhd8ed1ab_0             conda-forge
2025-01-13T15:55:12.4732419Z   commonmark                     0.9.1                py_0                     conda-forge
2025-01-13T15:55:12.4732987Z   contourpy                      1.2.1                py312h8572e83_0          conda-forge
2025-01-13T15:55:12.4733722Z   coverage                       7.5.3                py312h9a8786e_0          conda-forge
2025-01-13T15:55:12.4734332Z   cycler                         0.12.1               pyhd8ed1ab_0             conda-forge
2025-01-13T15:55:12.4734957Z   dataclasses                    0.8                  pyhc8e2a94_3             conda-forge
2025-01-13T15:55:12.4735595Z   debugpy                        1.8.1                py312h30efb56_0          conda-forge
2025-01-13T15:55:12.4736209Z   decorator                      5.1.1                pyhd8ed1ab_0             conda-forge
2025-01-13T15:55:12.4736849Z   defusedxml                     0.7.1                pyhd8ed1ab_0             conda-forge
2025-01-13T15:55:12.4737478Z   docutils                       0.20.1               py312h7900ff3_3          conda-forge
2025-01-13T15:55:12.4738214Z   dot2tex                        2.11.3               pyhd8ed1ab_0             conda-forge
2025-01-13T15:55:12.4739034Z   entrypoints                    0.4                  pyhd8ed1ab_0             conda-forge
2025-01-13T15:55:12.4739724Z   exceptiongroup                 1.2.0                pyhd8ed1ab_2             conda-forge
2025-01-13T15:55:12.4740391Z   executing                      2.0.1                pyhd8ed1ab_0             conda-forge
2025-01-13T15:55:12.4741168Z   expat                          2.6.2                h59595ed_0               conda-forge
2025-01-13T15:55:12.4741985Z   font-ttf-dejavu-sans-mono      2.37                 hab24e00_0               conda-forge
2025-01-13T15:55:12.4742751Z   font-ttf-inconsolata           3.000                h77eed37_0               conda-forge
2025-01-13T15:55:12.4743752Z   font-ttf-source-code-pro       2.038                h77eed37_0               conda-forge
2025-01-13T15:55:12.4744470Z   font-ttf-ubuntu                0.83                 h77eed37_2               conda-forge
2025-01-13T15:55:12.4745115Z   fontconfig                     2.14.2               h14ed4e7_0               conda-forge
2025-01-13T15:55:12.4745801Z   fonts-conda-ecosystem          1                    0                        conda-forge
2025-01-13T15:55:12.4746488Z   fonts-conda-forge              1                    0                        conda-forge
2025-01-13T15:55:12.4747376Z   fonttools                      4.53.0               py312h9a8786e_0          conda-forge
2025-01-13T15:55:12.4748249Z   fqdn                           1.5.1                pyhd8ed1ab_0             conda-forge
2025-01-13T15:55:12.4748760Z   freetype                       2.12.1               h267a509_2               conda-forge
2025-01-13T15:55:12.4749334Z   fribidi                        1.0.10               h36c2ea0_0               conda-forge
2025-01-13T15:55:12.4750134Z   future                         1.0.0                pyhd8ed1ab_0             conda-forge
2025-01-13T15:55:12.4751005Z   gdk-pixbuf                     2.42.12              hb9ae30d_0               conda-forge
2025-01-13T15:55:12.4751810Z   giflib                         5.2.2                hd590300_0               conda-forge
2025-01-13T15:55:12.4752870Z   git-lfs                        3.5.1                ha770c72_0               conda-forge
2025-01-13T15:55:12.4753492Z   gmp                            6.3.0                h59595ed_1               conda-forge
2025-01-13T15:55:12.4754032Z   gmpy2                          2.1.5                py312h1d5cde6_1          conda-forge
2025-01-13T15:55:12.4754636Z   graphite2                      1.3.13               h59595ed_1003            conda-forge
2025-01-13T15:55:12.4755599Z   graphviz                       11.0.0               hc68bbd7_0               conda-forge
2025-01-13T15:55:12.4756343Z   gtk2                           2.24.33              h280cfa0_4               conda-forge
2025-01-13T15:55:12.4756904Z   gts                            0.7.6                h977cf35_4               conda-forge
2025-01-13T15:55:12.4757543Z   h11                            0.14.0               pyhd8ed1ab_0             conda-forge
2025-01-13T15:55:12.4758107Z   h2                             4.1.0                pyhd8ed1ab_0             conda-forge
2025-01-13T15:55:12.4758690Z   h5py                           3.11.0               nompi_py312hb7ab980_102  conda-forge
2025-01-13T15:55:12.4759224Z   harfbuzz                       8.5.0                hfac3d4d_0               conda-forge
2025-01-13T15:55:12.4759578Z   hdf5                           1.14.3               nompi_hdf9ad27_105       conda-forge
2025-01-13T15:55:12.4760223Z   hpack                          4.0.0                pyh9f0ad1d_0             conda-forge
2025-01-13T15:55:12.4760846Z   httpcore                       1.0.5                pyhd8ed1ab_0             conda-forge
2025-01-13T15:55:12.4761723Z   httpx                          0.27.0               pyhd8ed1ab_0             conda-forge
2025-01-13T15:55:12.4762286Z   hyperframe                     6.0.1                pyhd8ed1ab_0             conda-forge
2025-01-13T15:55:12.4762860Z   icu                            73.2                 h59595ed_0               conda-forge
2025-01-13T15:55:12.4763651Z   idna                           3.7                  pyhd8ed1ab_0             conda-forge
2025-01-13T15:55:12.4764227Z   imagesize                      1.4.1                pyhd8ed1ab_0             conda-forge
2025-01-13T15:55:12.4764976Z   importlib-metadata             7.1.0                pyha770c72_0             conda-forge
2025-01-13T15:55:12.4765749Z   importlib_metadata             7.1.0                hd8ed1ab_0               conda-forge
2025-01-13T15:55:12.4766500Z   importlib_resources            6.4.0                pyhd8ed1ab_0             conda-forge
2025-01-13T15:55:12.4767350Z   iniconfig                      2.0.0                pyhd8ed1ab_0             conda-forge
2025-01-13T15:55:12.4768160Z   ipykernel                      6.29.4               pyh3099207_0             conda-forge
2025-01-13T15:55:12.4768771Z   ipython                        8.25.0               pyh707e725_0             conda-forge
2025-01-13T15:55:12.4769435Z   ipython_genutils               0.2.0                pyhd8ed1ab_1             conda-forge
2025-01-13T15:55:12.4769891Z   ipywidgets                     7.8.0                pyhd8ed1ab_0             conda-forge
2025-01-13T15:55:12.4770262Z   isoduration                    20.11.0              pyhd8ed1ab_0             conda-forge
2025-01-13T15:55:12.4771077Z   jedi                           0.19.1               pyhd8ed1ab_0             conda-forge
2025-01-13T15:55:12.4771438Z   jinja2                         3.1.4                pyhd8ed1ab_0             conda-forge
2025-01-13T15:55:12.4771786Z   json5                          0.9.25               pyhd8ed1ab_0             conda-forge
2025-01-13T15:55:12.4772149Z   jsonpointer                    3.0.0                py312h7900ff3_0          conda-forge
2025-01-13T15:55:12.4772515Z   jsonschema                     4.22.0               pyhd8ed1ab_0             conda-forge
2025-01-13T15:55:12.4773268Z   jsonschema-specifications      2023.12.1            pyhd8ed1ab_0             conda-forge
2025-01-13T15:55:12.4774435Z   jsonschema-with-format-nongpl  4.22.0               pyhd8ed1ab_0             conda-forge
2025-01-13T15:55:12.4775211Z   jupyter-lsp                    2.2.5                pyhd8ed1ab_0             conda-forge
2025-01-13T15:55:12.4776097Z   jupyter_client                 8.6.2                pyhd8ed1ab_0             conda-forge
2025-01-13T15:55:12.4776771Z   jupyter_core                   5.7.2                py312h7900ff3_0          conda-forge
2025-01-13T15:55:12.4777428Z   jupyter_events                 0.10.0               pyhd8ed1ab_0             conda-forge
2025-01-13T15:55:12.4778102Z   jupyter_server                 2.14.1               pyhd8ed1ab_0             conda-forge
2025-01-13T15:55:12.4778814Z   jupyter_server_terminals       0.5.3                pyhd8ed1ab_0             conda-forge
2025-01-13T15:55:12.4779519Z   jupyterlab                     4.2.2                pyhd8ed1ab_0             conda-forge
2025-01-13T15:55:12.4780211Z   jupyterlab_pygments            0.3.0                pyhd8ed1ab_1             conda-forge
2025-01-13T15:55:12.4781566Z   jupyterlab_server              2.27.2               pyhd8ed1ab_0             conda-forge
2025-01-13T15:55:12.4782292Z   jupyterlab_widgets             1.1.7                pyhd8ed1ab_0             conda-forge
2025-01-13T15:55:12.4782975Z   keyutils                       1.6.1                h166bdaf_0               conda-forge
2025-01-13T15:55:12.4783365Z   kiwisolver                     1.4.5                py312h8572e83_1          conda-forge
2025-01-13T15:55:12.4783735Z   krb5                           1.21.2               h659d440_0               conda-forge
2025-01-13T15:55:12.4784087Z   latexcodec                     2.0.1                pyh9f0ad1d_0             conda-forge
2025-01-13T15:55:12.4784434Z   lcms2                          2.16                 hb7c19ff_0               conda-forge
2025-01-13T15:55:12.4784783Z   ld_impl_linux-64               2.40                 hf3520f5_7               conda-forge
2025-01-13T15:55:12.4785132Z   lerc                           4.0.0                h27087fc_0               conda-forge
2025-01-13T15:55:12.4785458Z   libaec                         1.1.3                h59595ed_0               conda-forge
2025-01-13T15:55:12.4785812Z   libblas                        3.9.0                22_linux64_openblas      conda-forge
2025-01-13T15:55:12.4786183Z   libbrotlicommon                1.1.0                hd590300_1               conda-forge
2025-01-13T15:55:12.4786563Z   libbrotlidec                   1.1.0                hd590300_1               conda-forge
2025-01-13T15:55:12.4786927Z   libbrotlienc                   1.1.0                hd590300_1               conda-forge
2025-01-13T15:55:12.4787288Z   libcblas                       3.9.0                22_linux64_openblas      conda-forge
2025-01-13T15:55:12.4788150Z   libcurl                        8.8.0                hca28451_0               conda-forge
2025-01-13T15:55:12.4788753Z   libdeflate                     1.20                 hd590300_0               conda-forge
2025-01-13T15:55:12.4789379Z   libedit                        3.1.20191231         he28a2e2_2               conda-forge
2025-01-13T15:55:12.4790044Z   libev                          4.33                 hd590300_2               conda-forge
2025-01-13T15:55:12.4791092Z   libexpat                       2.6.2                h59595ed_0               conda-forge
2025-01-13T15:55:12.4791670Z   libffi                         3.4.2                h7f98852_5               conda-forge
2025-01-13T15:55:12.4792012Z   libgcc-ng                      13.2.0               h77fa898_10              conda-forge
2025-01-13T15:55:12.4792350Z   libgd                          2.3.3                h119a65a_9               conda-forge
2025-01-13T15:55:12.4792702Z   libgfortran-ng                 13.2.0               h69a702a_10              conda-forge
2025-01-13T15:55:12.4793079Z   libgfortran5                   13.2.0               h3d2ce59_10              conda-forge
2025-01-13T15:55:12.4793610Z   libglib                        2.80.2               h8a4344b_1               conda-forge
2025-01-13T15:55:12.4793955Z   libgomp                        13.2.0               h77fa898_10              conda-forge
2025-01-13T15:55:12.4794298Z   libiconv                       1.17                 hd590300_2               conda-forge
2025-01-13T15:55:12.4794652Z   libjpeg-turbo                  3.0.0                hd590300_1               conda-forge
2025-01-13T15:55:12.4795629Z   liblapack                      3.9.0                22_linux64_openblas      conda-forge
2025-01-13T15:55:12.4796248Z   libllvm14                      14.0.6               hcd5def8_4               conda-forge
2025-01-13T15:55:12.4796750Z   libnghttp2                     1.58.0               h47da74e_1               conda-forge
2025-01-13T15:55:12.4797104Z   libnsl                         2.0.1                hd590300_0               conda-forge
2025-01-13T15:55:12.4797506Z   libopenblas                    0.3.27               pthreads_h413a1c8_0      conda-forge
2025-01-13T15:55:12.4797869Z   libpng                         1.6.43               h2797004_0               conda-forge
2025-01-13T15:55:12.4798205Z   librsvg                        2.58.1               hadf69e7_0               conda-forge
2025-01-13T15:55:12.4798561Z   libsodium                      1.0.18               h36c2ea0_1               conda-forge
2025-01-13T15:55:12.4798915Z   libsqlite                      3.46.0               hde9e2c9_0               conda-forge
2025-01-13T15:55:12.4799256Z   libssh2                        1.11.0               h0841786_0               conda-forge
2025-01-13T15:55:12.4799614Z   libstdcxx-ng                   13.2.0               hc0a3c3a_10              conda-forge
2025-01-13T15:55:12.4799966Z   libtiff                        4.6.0                h1dd3fc0_3               conda-forge
2025-01-13T15:55:12.4800305Z   libuuid                        2.38.1               h0b41bf4_0               conda-forge
2025-01-13T15:55:12.4801383Z   libwebp                        1.4.0                h2c329e2_0               conda-forge
2025-01-13T15:55:12.4802012Z   libwebp-base                   1.4.0                hd590300_0               conda-forge
2025-01-13T15:55:12.4802707Z   libxcb                         1.15                 h0b41bf4_0               conda-forge
2025-01-13T15:55:12.4803299Z   libxcrypt                      4.4.36               hd590300_1               conda-forge
2025-01-13T15:55:12.4803821Z   libxml2                        2.12.7               hc051c1a_1               conda-forge
2025-01-13T15:55:12.4804171Z   libxslt                        1.1.39               h76b75d6_0               conda-forge
2025-01-13T15:55:12.4804509Z   libzlib                        1.3.1                h4ab18f5_1               conda-forge
2025-01-13T15:55:12.4804862Z   llvmlite                       0.42.0               py312hb06c811_1          conda-forge
2025-01-13T15:55:12.4805207Z   lxml                           5.2.2                py312hb90d8a5_0          conda-forge
2025-01-13T15:55:12.4805536Z   lz4-c                          1.9.4                hcb278e6_0               conda-forge
2025-01-13T15:55:12.4805849Z   lzo                            2.10                 hd590300_1001            conda-forge
2025-01-13T15:55:12.4806743Z   markupsafe                     2.1.5                py312h98912ed_0          conda-forge
2025-01-13T15:55:12.4807376Z   matplotlib-base                3.8.4                py312h20ab3a6_2          conda-forge
2025-01-13T15:55:12.4808386Z   matplotlib-inline              0.1.7                pyhd8ed1ab_0             conda-forge
2025-01-13T15:55:12.4809022Z   mistune                        3.0.2                pyhd8ed1ab_0             conda-forge
2025-01-13T15:55:12.4809379Z   mpc                            1.3.1                hfe3b2da_0               conda-forge
2025-01-13T15:55:12.4809697Z   mpfr                           4.2.1                h9458935_1               conda-forge
2025-01-13T15:55:12.4810019Z   mpmath                         1.3.0                pyhd8ed1ab_0             conda-forge
2025-01-13T15:55:12.4810947Z   munkres                        1.1.4                pyh9f0ad1d_0             conda-forge
2025-01-13T15:55:12.4811569Z   mypy_extensions                1.0.0                pyha770c72_0             conda-forge
2025-01-13T15:55:12.4812218Z   nbclassic                      1.1.0                pyhd8ed1ab_0             conda-forge
2025-01-13T15:55:12.4812587Z   nbclient                       0.10.0               pyhd8ed1ab_0             conda-forge
2025-01-13T15:55:12.4812943Z   nbconvert                      7.16.4               hd8ed1ab_1               conda-forge
2025-01-13T15:55:12.4813464Z   nbconvert-core                 7.16.4               pyhd8ed1ab_1             conda-forge
2025-01-13T15:55:12.4814090Z   nbconvert-pandoc               7.16.4               hd8ed1ab_1               conda-forge
2025-01-13T15:55:12.4814797Z   nbformat                       5.10.4               pyhd8ed1ab_0             conda-forge
2025-01-13T15:55:12.4815173Z   nbsphinx                       0.9.4                pyhd8ed1ab_0             conda-forge
2025-01-13T15:55:12.4815528Z   ncurses                        6.5                  h59595ed_0               conda-forge
2025-01-13T15:55:12.4815886Z   nest-asyncio                   1.6.0                pyhd8ed1ab_0             conda-forge
2025-01-13T15:55:12.4816243Z   networkx                       3.3                  pyhd8ed1ab_1             conda-forge
2025-01-13T15:55:12.4816579Z   nomkl                          1.0                  h5ca1d4c_0               conda-forge
2025-01-13T15:55:12.4817269Z   notebook                       7.2.1                pyhd8ed1ab_0             conda-forge
2025-01-13T15:55:12.4817947Z   notebook-shim                  0.2.4                pyhd8ed1ab_0             conda-forge
2025-01-13T15:55:12.4818587Z   numba                          0.59.1               py312hacefee8_0          conda-forge
2025-01-13T15:55:12.4819209Z   numexpr                        2.10.0               py312hf412c99_100        conda-forge
2025-01-13T15:55:12.4819819Z   numpy                          1.26.4               py312heda63a1_0          conda-forge
2025-01-13T15:55:12.4820737Z   numpydoc                       1.7.0                pyhd8ed1ab_1             conda-forge
2025-01-13T15:55:12.4821409Z   openjpeg                       2.5.2                h488ebb8_0               conda-forge
2025-01-13T15:55:12.4822248Z   openssl                        3.3.1                h4ab18f5_0               conda-forge
2025-01-13T15:55:12.4823018Z   overrides                      7.7.0                pyhd8ed1ab_0             conda-forge
2025-01-13T15:55:12.4823600Z   packaging                      24.1                 pyhd8ed1ab_0             conda-forge
2025-01-13T15:55:12.4823987Z   pandas                         2.2.2                py312h1d6d2e6_1          conda-forge
2025-01-13T15:55:12.4824377Z   pandoc                         3.2                  ha770c72_0               conda-forge
2025-01-13T15:55:12.4824747Z   pandocfilters                  1.5.0                pyhd8ed1ab_0             conda-forge
2025-01-13T15:55:12.4825102Z   pango                          1.54.0               h84a9a3c_0               conda-forge
2025-01-13T15:55:12.4825634Z   parso                          0.8.4                pyhd8ed1ab_0             conda-forge
2025-01-13T15:55:12.4825980Z   pathspec                       0.12.1               pyhd8ed1ab_0             conda-forge
2025-01-13T15:55:12.4826324Z   pbr                            6.0.0                pyhd8ed1ab_0             conda-forge
2025-01-13T15:55:12.4827068Z   pcre2                          10.44                h0f59acf_0               conda-forge
2025-01-13T15:55:12.4827683Z   pexpect                        4.9.0                pyhd8ed1ab_0             conda-forge
2025-01-13T15:55:12.4828437Z   pickleshare                    0.7.5                py_1003                  conda-forge
2025-01-13T15:55:12.4829055Z   pillow                         10.3.0               py312hdcec9eb_0          conda-forge
2025-01-13T15:55:12.4829813Z   pip                            24.0                 pyhd8ed1ab_0             conda-forge
2025-01-13T15:55:12.4830400Z   pixman                         0.43.2               h59595ed_0               conda-forge
2025-01-13T15:55:12.4831474Z   pkgutil-resolve-name           1.3.10               pyhd8ed1ab_1             conda-forge
2025-01-13T15:55:12.4832305Z   platformdirs                   4.2.2                pyhd8ed1ab_0             conda-forge
2025-01-13T15:55:12.4832963Z   plotly                         5.22.0               pyhd8ed1ab_0             conda-forge
2025-01-13T15:55:12.4833560Z   pluggy                         1.5.0                pyhd8ed1ab_0             conda-forge
2025-01-13T15:55:12.4834224Z   prometheus_client              0.20.0               pyhd8ed1ab_0             conda-forge
2025-01-13T15:55:12.4835078Z   prompt-toolkit                 3.0.47               pyha770c72_0             conda-forge
2025-01-13T15:55:12.4835753Z   psutil                         5.9.8                py312h98912ed_0          conda-forge
2025-01-13T15:55:12.4836506Z   pthread-stubs                  0.4                  h36c2ea0_1001            conda-forge
2025-01-13T15:55:12.4837172Z   ptyprocess                     0.7.0                pyhd3deb0d_0             conda-forge
2025-01-13T15:55:12.4838044Z   pure_eval                      0.2.2                pyhd8ed1ab_0             conda-forge
2025-01-13T15:55:12.4838838Z   py-cpuinfo                     9.0.0                pyhd8ed1ab_0             conda-forge
2025-01-13T15:55:12.4839467Z   pybtex                         0.24.0               pyhd8ed1ab_2             conda-forge
2025-01-13T15:55:12.4840250Z   pybtex-docutils                1.0.3                py312h7900ff3_1          conda-forge
2025-01-13T15:55:12.4841083Z   pycparser                      2.22                 pyhd8ed1ab_0             conda-forge
2025-01-13T15:55:12.4841461Z   pyerfa                         2.0.1.4              py312h085067d_1          conda-forge
2025-01-13T15:55:12.4841831Z   pygments                       2.18.0               pyhd8ed1ab_0             conda-forge
2025-01-13T15:55:12.4842200Z   pygraphviz                     1.13                 py312h4a1d8a7_1          conda-forge
2025-01-13T15:55:12.4842568Z   pyparsing                      3.1.2                pyhd8ed1ab_0             conda-forge
2025-01-13T15:55:12.4842929Z   pysocks                        1.7.1                pyha2e5f31_6             conda-forge
2025-01-13T15:55:12.4843283Z   pytables                       3.9.2                py312h96d95ec_2          conda-forge
2025-01-13T15:55:12.4843643Z   pytest                         8.2.2                pyhd8ed1ab_0             conda-forge
2025-01-13T15:55:12.4844003Z   pytest-cov                     5.0.0                pyhd8ed1ab_0             conda-forge
2025-01-13T15:55:12.4844389Z   pytest-doctestplus             1.2.1                pyhd8ed1ab_0             conda-forge
2025-01-13T15:55:12.4844787Z   pytest-html                    4.1.1                pyhd8ed1ab_0             conda-forge
2025-01-13T15:55:12.4845171Z   pytest-metadata                3.1.1                pyhd8ed1ab_0             conda-forge
2025-01-13T15:55:12.4845705Z   python                         3.12.4               h194c7f8_0_cpython       conda-forge
2025-01-13T15:55:12.4846071Z   python-dateutil                2.9.0                pyhd8ed1ab_0             conda-forge
2025-01-13T15:55:12.4866327Z   python-fastjsonschema          2.20.0               pyhd8ed1ab_0             conda-forge
2025-01-13T15:55:12.4867111Z   python-json-logger             2.0.7                pyhd8ed1ab_0             conda-forge
2025-01-13T15:55:12.4867571Z   python-tzdata                  2024.1               pyhd8ed1ab_0             conda-forge
2025-01-13T15:55:12.4867962Z   python_abi                     3.12                 4_cp312                  conda-forge
2025-01-13T15:55:12.4868314Z   pytz                           2024.1               pyhd8ed1ab_0             conda-forge
2025-01-13T15:55:12.4868867Z   pyyaml                         6.0.1                py312h98912ed_1          conda-forge
2025-01-13T15:55:12.4869222Z   pyzmq                          26.0.3               py312h8fd38d8_0          conda-forge
2025-01-13T15:55:12.4870299Z   qgrid                          1.3.1                pyhd8ed1ab_4             conda-forge
2025-01-13T15:55:12.4871145Z   radioactivedecay               0.5.1                pyhd8ed1ab_0             conda-forge
2025-01-13T15:55:12.4871854Z   readline                       8.2                  h8228510_1               conda-forge
2025-01-13T15:55:12.4872491Z   recommonmark                   0.7.1                pyhd8ed1ab_0             conda-forge
2025-01-13T15:55:12.4873164Z   referencing                    0.35.1               pyhd8ed1ab_0             conda-forge
2025-01-13T15:55:12.4874220Z   requests                       2.32.3               pyhd8ed1ab_0             conda-forge
2025-01-13T15:55:12.4874913Z   rfc3339-validator              0.1.4                pyhd8ed1ab_0             conda-forge
2025-01-13T15:55:12.4875627Z   rfc3986-validator              0.1.1                pyh9f0ad1d_0             conda-forge
2025-01-13T15:55:12.4876421Z   rpds-py                        0.18.1               py312h4413252_0          conda-forge
2025-01-13T15:55:12.4877019Z   ruff                           0.4.9                py312h5715c7c_0          conda-forge
2025-01-13T15:55:12.4877614Z   scipy                          1.13.1               py312hc2bc53b_0          conda-forge
2025-01-13T15:55:12.4878234Z   send2trash                     1.8.3                pyh0d859eb_0             conda-forge
2025-01-13T15:55:12.4878893Z   setuptools                     70.0.0               pyhd8ed1ab_0             conda-forge
2025-01-13T15:55:12.4879569Z   setuptools-scm                 8.1.0                pyhd8ed1ab_0             conda-forge
2025-01-13T15:55:12.4880264Z   setuptools_scm                 8.1.0                hd8ed1ab_0               conda-forge
2025-01-13T15:55:12.4881060Z   six                            1.16.0               pyh6c4a22f_0             conda-forge
2025-01-13T15:55:12.4881672Z   snakeviz                       2.2.0                pyhd8ed1ab_0             conda-forge
2025-01-13T15:55:12.4882310Z   snappy                         1.2.0                hdb0a2a9_1               conda-forge
2025-01-13T15:55:12.4882920Z   sniffio                        1.3.1                pyhd8ed1ab_0             conda-forge
2025-01-13T15:55:12.4883916Z   snowballstemmer                2.2.0                pyhd8ed1ab_0             conda-forge
2025-01-13T15:55:12.4884590Z   soupsieve                      2.5                  pyhd8ed1ab_1             conda-forge
2025-01-13T15:55:12.4885210Z   sphinx                         7.3.7                pyhd8ed1ab_0             conda-forge
2025-01-13T15:55:12.4885973Z   sphinx-astropy                 1.9.1                pyhd8ed1ab_0             conda-forge
2025-01-13T15:55:12.4886697Z   sphinx-automodapi              0.17.0               pyh717bed2_1             conda-forge
2025-01-13T15:55:12.4887409Z   sphinx-gallery                 0.16.0               pyhd8ed1ab_0             conda-forge
2025-01-13T15:55:12.4888375Z   sphinx-jsonschema              1.19.1               pyhd8ed1ab_0             conda-forge
2025-01-13T15:55:12.4889125Z   sphinx_bootstrap_theme         0.8.1                pyhd8ed1ab_0             conda-forge
2025-01-13T15:55:12.4889985Z   sphinx_rtd_theme               2.0.0                pyha770c72_0             conda-forge
2025-01-13T15:55:12.4890855Z   sphinxcontrib-apidoc           0.3.0                py_1                     conda-forge
2025-01-13T15:55:12.4891647Z   sphinxcontrib-applehelp        1.0.8                pyhd8ed1ab_0             conda-forge
2025-01-13T15:55:12.4892761Z   sphinxcontrib-bibtex           2.6.2                pyhd8ed1ab_0             conda-forge
2025-01-13T15:55:12.4893522Z   sphinxcontrib-devhelp          1.0.6                pyhd8ed1ab_0             conda-forge
2025-01-13T15:55:12.4894580Z   sphinxcontrib-htmlhelp         2.0.5                pyhd8ed1ab_0             conda-forge
2025-01-13T15:55:12.4895475Z   sphinxcontrib-jquery           4.1                  pyhd8ed1ab_0             conda-forge
2025-01-13T15:55:12.4896256Z   sphinxcontrib-jsmath           1.0.1                pyhd8ed1ab_0             conda-forge
2025-01-13T15:55:12.4897026Z   sphinxcontrib-qthelp           1.0.7                pyhd8ed1ab_0             conda-forge
2025-01-13T15:55:12.4898012Z   sphinxcontrib-serializinghtml  1.1.10               pyhd8ed1ab_0             conda-forge
2025-01-13T15:55:12.4898802Z   stack_data                     0.6.2                pyhd8ed1ab_0             conda-forge
2025-01-13T15:55:12.4899426Z   sympy                          1.12.1               pypyh2585a3b_103         conda-forge
2025-01-13T15:55:12.4900280Z   tabulate                       0.9.0                pyhd8ed1ab_1             conda-forge
2025-01-13T15:55:12.4901069Z   tenacity                       8.4.1                pyhd8ed1ab_0             conda-forge
2025-01-13T15:55:12.4901906Z   terminado                      0.18.1               pyh0d859eb_0             conda-forge
2025-01-13T15:55:12.4902566Z   tinycss2                       1.3.0                pyhd8ed1ab_0             conda-forge
2025-01-13T15:55:12.4903295Z   tk                             8.6.13               noxft_h4845f30_101       conda-forge
2025-01-13T15:55:12.4903868Z   toml                           0.10.2               pyhd8ed1ab_0             conda-forge
2025-01-13T15:55:12.4904459Z   tomli                          2.0.1                pyhd8ed1ab_0             conda-forge
2025-01-13T15:55:12.4905061Z   tornado                        6.4.1                py312h9a8786e_0          conda-forge
2025-01-13T15:55:12.4905631Z   tqdm                           4.66.4               pyhd8ed1ab_0             conda-forge
2025-01-13T15:55:12.4906218Z   traitlets                      5.14.3               pyhd8ed1ab_0             conda-forge
2025-01-13T15:55:12.4906850Z   typed-ast                      1.5.5                py312h98912ed_1          conda-forge
2025-01-13T15:55:12.4907558Z   types-python-dateutil          2.9.0.20240316       pyhd8ed1ab_0             conda-forge
2025-01-13T15:55:12.4908709Z   typing-extensions              4.12.2               hd8ed1ab_0               conda-forge
2025-01-13T15:55:12.4909439Z   typing_extensions              4.12.2               pyha770c72_0             conda-forge
2025-01-13T15:55:12.4910129Z   typing_utils                   0.1.0                pyhd8ed1ab_0             conda-forge
2025-01-13T15:55:12.4910944Z   tzdata                         2024a                h0c530f3_0               conda-forge
2025-01-13T15:55:12.4911733Z   uri-template                   1.3.0                pyhd8ed1ab_0             conda-forge
2025-01-13T15:55:12.4912377Z   urllib3                        2.2.2                pyhd8ed1ab_0             conda-forge
2025-01-13T15:55:12.4913000Z   wcwidth                        0.2.13               pyhd8ed1ab_0             conda-forge
2025-01-13T15:55:12.4913651Z   webcolors                      24.6.0               pyhd8ed1ab_0             conda-forge
2025-01-13T15:55:12.4914332Z   webencodings                   0.5.1                pyhd8ed1ab_2             conda-forge
2025-01-13T15:55:12.4915244Z   websocket-client               1.8.0                pyhd8ed1ab_0             conda-forge
2025-01-13T15:55:12.4915905Z   wheel                          0.43.0               pyhd8ed1ab_1             conda-forge
2025-01-13T15:55:12.4916991Z   widgetsnbextension             3.6.6                pyhd8ed1ab_0             conda-forge
2025-01-13T15:55:12.4917707Z   xorg-kbproto                   1.0.7                h7f98852_1002            conda-forge
2025-01-13T15:55:12.4918350Z   xorg-libice                    1.1.1                hd590300_0               conda-forge
2025-01-13T15:55:12.4919146Z   xorg-libsm                     1.2.4                h7391055_0               conda-forge
2025-01-13T15:55:12.4919938Z   xorg-libx11                    1.8.9                h8ee46fc_0               conda-forge
2025-01-13T15:55:12.4920757Z   xorg-libxau                    1.0.11               hd590300_0               conda-forge
2025-01-13T15:55:12.4921430Z   xorg-libxdmcp                  1.1.3                h7f98852_0               conda-forge
2025-01-13T15:55:12.4922100Z   xorg-libxext                   1.3.4                h0b41bf4_2               conda-forge
2025-01-13T15:55:12.4922771Z   xorg-libxrender                0.9.11               hd590300_0               conda-forge
2025-01-13T15:55:12.4923623Z   xorg-renderproto               0.11.1               h7f98852_1002            conda-forge
2025-01-13T15:55:12.4924489Z   xorg-xextproto                 7.3.0                h0b41bf4_1003            conda-forge
2025-01-13T15:55:12.4925161Z   xorg-xproto                    7.0.31               h7f98852_1007            conda-forge
2025-01-13T15:55:12.4925748Z   xz                             5.2.6                h166bdaf_0               conda-forge
2025-01-13T15:55:12.4926318Z   yaml                           0.2.5                h7f98852_2               conda-forge
2025-01-13T15:55:12.4926918Z   zeromq                         4.3.5                h75354e8_4               conda-forge
2025-01-13T15:55:12.4927808Z   zipp                           3.19.2               pyhd8ed1ab_0             conda-forge
2025-01-13T15:55:12.4928391Z   zlib                           1.3.1                h4ab18f5_1               conda-forge
2025-01-13T15:55:12.4928968Z   zlib-ng                        2.0.7                h0b41bf4_0               conda-forge
2025-01-13T15:55:12.4929540Z   zstd                           1.5.6                ha6fb4c9_0               conda-forge
2025-01-13T15:55:12.4930430Z ##[endgroup]
2025-01-13T15:55:12.4979085Z ##[group]Run pip install -e . --user
2025-01-13T15:55:12.4979596Z [36;1mpip install -e . --user[0m
2025-01-13T15:55:12.5021810Z shell: /usr/bin/bash -l {0}
2025-01-13T15:55:12.5022230Z env:
2025-01-13T15:55:12.5022526Z   CACHE_NUMBER: 0
2025-01-13T15:55:12.5023571Z   PYTEST_FLAGS: --tardis-regression-data=/home/runner/work/tardis/tardis/tardis-regression-data --cov=tardis --cov-report=xml --cov-report=html --cov-append
2025-01-13T15:55:12.5025250Z   CODECOV_TOKEN: ***
2025-01-13T15:55:12.5025677Z   MAMBA_ROOT_PREFIX: /home/runner/micromamba
2025-01-13T15:55:12.5026200Z   MAMBA_EXE: /home/runner/micromamba-bin/micromamba
2025-01-13T15:55:12.5026788Z   CONDARC: /home/runner/work/_temp/setup-micromamba/.condarc
2025-01-13T15:55:12.5027305Z ##[endgroup]
2025-01-13T15:55:13.7645735Z Obtaining file:///home/runner/work/tardis/tardis
2025-01-13T15:55:13.7674892Z   Installing build dependencies: started
2025-01-13T15:55:17.0467269Z   Installing build dependencies: finished with status 'done'
2025-01-13T15:55:17.0473421Z   Checking if build backend supports build_editable: started
2025-01-13T15:55:17.1793564Z   Checking if build backend supports build_editable: finished with status 'done'
2025-01-13T15:55:17.1801593Z   Getting requirements to build editable: started
2025-01-13T15:55:17.6561325Z   Getting requirements to build editable: finished with status 'done'
2025-01-13T15:55:17.6569521Z   Preparing editable metadata (pyproject.toml): started
2025-01-13T15:55:18.1273423Z   Preparing editable metadata (pyproject.toml): finished with status 'done'
2025-01-13T15:55:18.1864152Z Requirement already satisfied: astropy in /home/runner/micromamba/envs/tardis/lib/python3.12/site-packages (from tardis==0.0.0) (6.1.1)
2025-01-13T15:55:18.2307501Z Requirement already satisfied: numpy>=1.23 in /home/runner/micromamba/envs/tardis/lib/python3.12/site-packages (from astropy->tardis==0.0.0) (1.26.4)
2025-01-13T15:55:18.2316466Z Requirement already satisfied: pyerfa>=2.0.1.1 in /home/runner/micromamba/envs/tardis/lib/python3.12/site-packages (from astropy->tardis==0.0.0) (2.0.1.4)
2025-01-13T15:55:18.2326804Z Requirement already satisfied: astropy-iers-data>=0.2024.5.27.0.30.8 in /home/runner/micromamba/envs/tardis/lib/python3.12/site-packages (from astropy->tardis==0.0.0) (0.2024.6.17.0.31.35)
2025-01-13T15:55:18.2334991Z Requirement already satisfied: PyYAML>=3.13 in /home/runner/micromamba/envs/tardis/lib/python3.12/site-packages (from astropy->tardis==0.0.0) (6.0.1)
2025-01-13T15:55:18.2344496Z Requirement already satisfied: packaging>=19.0 in /home/runner/micromamba/envs/tardis/lib/python3.12/site-packages (from astropy->tardis==0.0.0) (24.1)
2025-01-13T15:55:18.2433012Z Building wheels for collected packages: tardis
2025-01-13T15:55:18.2442091Z   Building editable for tardis (pyproject.toml): started
2025-01-13T15:55:19.0074673Z   Building editable for tardis (pyproject.toml): finished with status 'done'
2025-01-13T15:55:19.0082150Z   Created wheel for tardis: filename=tardis-0.0.0-0.editable-py3-none-any.whl size=8876 sha256=9ba8037241393b81094c0e3ded2f89987b88ebd4040565f4760bcfb470ec0002
2025-01-13T15:55:19.0083978Z   Stored in directory: /tmp/pip-ephem-wheel-cache-s2w7glb_/wheels/6a/c7/ae/89fa6dc2565455898176888ef0e2e475e4e90eb0124afcb995
2025-01-13T15:55:19.0111570Z Successfully built tardis
2025-01-13T15:55:19.7829221Z Installing collected packages: tardis
2025-01-13T15:55:19.7919981Z Successfully installed tardis-0.0.0
2025-01-13T15:55:20.0630061Z ##[group]Run pip install qgridnext
2025-01-13T15:55:20.0630387Z [36;1mpip install qgridnext[0m
2025-01-13T15:55:20.0657177Z shell: /usr/bin/bash -l {0}
2025-01-13T15:55:20.0657411Z env:
2025-01-13T15:55:20.0657585Z   CACHE_NUMBER: 0
2025-01-13T15:55:20.0658194Z   PYTEST_FLAGS: --tardis-regression-data=/home/runner/work/tardis/tardis/tardis-regression-data --cov=tardis --cov-report=xml --cov-report=html --cov-append
2025-01-13T15:55:20.0658998Z   CODECOV_TOKEN: ***
2025-01-13T15:55:20.0659238Z   MAMBA_ROOT_PREFIX: /home/runner/micromamba
2025-01-13T15:55:20.0659542Z   MAMBA_EXE: /home/runner/micromamba-bin/micromamba
2025-01-13T15:55:20.0659908Z   CONDARC: /home/runner/work/_temp/setup-micromamba/.condarc
2025-01-13T15:55:20.0660218Z ##[endgroup]
2025-01-13T15:55:20.7456464Z Collecting qgridnext
2025-01-13T15:55:20.7898913Z   Downloading qgridnext-2.0.4-py3-none-any.whl.metadata (9.9 kB)
2025-01-13T15:55:20.7988053Z Requirement already satisfied: pandas>=0.20.0 in /home/runner/micromamba/envs/tardis/lib/python3.12/site-packages (from qgridnext) (2.2.2)
2025-01-13T15:55:20.7996817Z Requirement already satisfied: ipywidgets>=7.0.0 in /home/runner/micromamba/envs/tardis/lib/python3.12/site-packages (from qgridnext) (7.8.0)
2025-01-13T15:55:20.8005730Z Requirement already satisfied: numpy in /home/runner/micromamba/envs/tardis/lib/python3.12/site-packages (from qgridnext) (1.26.4)
2025-01-13T15:55:20.8015541Z Requirement already satisfied: traitlets in /home/runner/micromamba/envs/tardis/lib/python3.12/site-packages (from qgridnext) (5.14.3)
2025-01-13T15:55:20.8101821Z Requirement already satisfied: comm>=0.1.3 in /home/runner/micromamba/envs/tardis/lib/python3.12/site-packages (from ipywidgets>=7.0.0->qgridnext) (0.2.2)
2025-01-13T15:55:20.8110153Z Requirement already satisfied: ipython-genutils~=0.2.0 in /home/runner/micromamba/envs/tardis/lib/python3.12/site-packages (from ipywidgets>=7.0.0->qgridnext) (0.2.0)
2025-01-13T15:55:20.8123741Z Requirement already satisfied: widgetsnbextension~=3.6.5 in /home/runner/micromamba/envs/tardis/lib/python3.12/site-packages (from ipywidgets>=7.0.0->qgridnext) (3.6.6)
2025-01-13T15:55:20.8141959Z Requirement already satisfied: ipython>=4.0.0 in /home/runner/micromamba/envs/tardis/lib/python3.12/site-packages (from ipywidgets>=7.0.0->qgridnext) (8.25.0)
2025-01-13T15:55:20.8156113Z Requirement already satisfied: jupyterlab-widgets<3,>=1.0.0 in /home/runner/micromamba/envs/tardis/lib/python3.12/site-packages (from ipywidgets>=7.0.0->qgridnext) (1.1.7)
2025-01-13T15:55:20.8609661Z Requirement already satisfied: python-dateutil>=2.8.2 in /home/runner/micromamba/envs/tardis/lib/python3.12/site-packages (from pandas>=0.20.0->qgridnext) (2.9.0)
2025-01-13T15:55:20.8623009Z Requirement already satisfied: pytz>=2020.1 in /home/runner/micromamba/envs/tardis/lib/python3.12/site-packages (from pandas>=0.20.0->qgridnext) (2024.1)
2025-01-13T15:55:20.8631106Z Requirement already satisfied: tzdata>=2022.7 in /home/runner/micromamba/envs/tardis/lib/python3.12/site-packages (from pandas>=0.20.0->qgridnext) (2024.1)
2025-01-13T15:55:20.8955214Z Requirement already satisfied: decorator in /home/runner/micromamba/envs/tardis/lib/python3.12/site-packages (from ipython>=4.0.0->ipywidgets>=7.0.0->qgridnext) (5.1.1)
2025-01-13T15:55:20.8969932Z Requirement already satisfied: jedi>=0.16 in /home/runner/micromamba/envs/tardis/lib/python3.12/site-packages (from ipython>=4.0.0->ipywidgets>=7.0.0->qgridnext) (0.19.1)
2025-01-13T15:55:20.8979141Z Requirement already satisfied: matplotlib-inline in /home/runner/micromamba/envs/tardis/lib/python3.12/site-packages (from ipython>=4.0.0->ipywidgets>=7.0.0->qgridnext) (0.1.7)
2025-01-13T15:55:20.8992159Z Requirement already satisfied: prompt-toolkit<3.1.0,>=3.0.41 in /home/runner/micromamba/envs/tardis/lib/python3.12/site-packages (from ipython>=4.0.0->ipywidgets>=7.0.0->qgridnext) (3.0.47)
2025-01-13T15:55:20.9002473Z Requirement already satisfied: pygments>=2.4.0 in /home/runner/micromamba/envs/tardis/lib/python3.12/site-packages (from ipython>=4.0.0->ipywidgets>=7.0.0->qgridnext) (2.18.0)
2025-01-13T15:55:20.9011963Z Requirement already satisfied: stack-data in /home/runner/micromamba/envs/tardis/lib/python3.12/site-packages (from ipython>=4.0.0->ipywidgets>=7.0.0->qgridnext) (0.6.2)
2025-01-13T15:55:20.9032739Z Requirement already satisfied: pexpect>4.3 in /home/runner/micromamba/envs/tardis/lib/python3.12/site-packages (from ipython>=4.0.0->ipywidgets>=7.0.0->qgridnext) (4.9.0)
2025-01-13T15:55:20.9085066Z Requirement already satisfied: six>=1.5 in /home/runner/micromamba/envs/tardis/lib/python3.12/site-packages (from python-dateutil>=2.8.2->pandas>=0.20.0->qgridnext) (1.16.0)
2025-01-13T15:55:20.9146592Z Requirement already satisfied: notebook>=4.4.1 in /home/runner/micromamba/envs/tardis/lib/python3.12/site-packages (from widgetsnbextension~=3.6.5->ipywidgets>=7.0.0->qgridnext) (7.2.1)
2025-01-13T15:55:20.9342313Z Requirement already satisfied: parso<0.9.0,>=0.8.3 in /home/runner/micromamba/envs/tardis/lib/python3.12/site-packages (from jedi>=0.16->ipython>=4.0.0->ipywidgets>=7.0.0->qgridnext) (0.8.4)
2025-01-13T15:55:20.9489796Z Requirement already satisfied: jupyter-server<3,>=2.4.0 in /home/runner/micromamba/envs/tardis/lib/python3.12/site-packages (from notebook>=4.4.1->widgetsnbextension~=3.6.5->ipywidgets>=7.0.0->qgridnext) (2.14.1)
2025-01-13T15:55:20.9502756Z Requirement already satisfied: jupyterlab-server<3,>=2.27.1 in /home/runner/micromamba/envs/tardis/lib/python3.12/site-packages (from notebook>=4.4.1->widgetsnbextension~=3.6.5->ipywidgets>=7.0.0->qgridnext) (2.27.2)
2025-01-13T15:55:20.9517376Z Requirement already satisfied: jupyterlab<4.3,>=4.2.0 in /home/runner/micromamba/envs/tardis/lib/python3.12/site-packages (from notebook>=4.4.1->widgetsnbextension~=3.6.5->ipywidgets>=7.0.0->qgridnext) (4.2.2)
2025-01-13T15:55:20.9527681Z Requirement already satisfied: notebook-shim<0.3,>=0.2 in /home/runner/micromamba/envs/tardis/lib/python3.12/site-packages (from notebook>=4.4.1->widgetsnbextension~=3.6.5->ipywidgets>=7.0.0->qgridnext) (0.2.4)
2025-01-13T15:55:20.9535712Z Requirement already satisfied: tornado>=6.2.0 in /home/runner/micromamba/envs/tardis/lib/python3.12/site-packages (from notebook>=4.4.1->widgetsnbextension~=3.6.5->ipywidgets>=7.0.0->qgridnext) (6.4.1)
2025-01-13T15:55:20.9565711Z Requirement already satisfied: ptyprocess>=0.5 in /home/runner/micromamba/envs/tardis/lib/python3.12/site-packages (from pexpect>4.3->ipython>=4.0.0->ipywidgets>=7.0.0->qgridnext) (0.7.0)
2025-01-13T15:55:20.9594671Z Requirement already satisfied: wcwidth in /home/runner/micromamba/envs/tardis/lib/python3.12/site-packages (from prompt-toolkit<3.1.0,>=3.0.41->ipython>=4.0.0->ipywidgets>=7.0.0->qgridnext) (0.2.13)
2025-01-13T15:55:20.9738815Z Requirement already satisfied: executing>=1.2.0 in /home/runner/micromamba/envs/tardis/lib/python3.12/site-packages (from stack-data->ipython>=4.0.0->ipywidgets>=7.0.0->qgridnext) (2.0.1)
2025-01-13T15:55:20.9749211Z Requirement already satisfied: asttokens>=2.1.0 in /home/runner/micromamba/envs/tardis/lib/python3.12/site-packages (from stack-data->ipython>=4.0.0->ipywidgets>=7.0.0->qgridnext) (2.4.1)
2025-01-13T15:55:20.9756928Z Requirement already satisfied: pure-eval in /home/runner/micromamba/envs/tardis/lib/python3.12/site-packages (from stack-data->ipython>=4.0.0->ipywidgets>=7.0.0->qgridnext) (0.2.2)
2025-01-13T15:55:21.0113785Z Requirement already satisfied: anyio>=3.1.0 in /home/runner/micromamba/envs/tardis/lib/python3.12/site-packages (from jupyter-server<3,>=2.4.0->notebook>=4.4.1->widgetsnbextension~=3.6.5->ipywidgets>=7.0.0->qgridnext) (4.4.0)
2025-01-13T15:55:21.0124783Z Requirement already satisfied: argon2-cffi>=21.1 in /home/runner/micromamba/envs/tardis/lib/python3.12/site-packages (from jupyter-server<3,>=2.4.0->notebook>=4.4.1->widgetsnbextension~=3.6.5->ipywidgets>=7.0.0->qgridnext) (23.1.0)
2025-01-13T15:55:21.0134491Z Requirement already satisfied: jinja2>=3.0.3 in /home/runner/micromamba/envs/tardis/lib/python3.12/site-packages (from jupyter-server<3,>=2.4.0->notebook>=4.4.1->widgetsnbextension~=3.6.5->ipywidgets>=7.0.0->qgridnext) (3.1.4)
2025-01-13T15:55:21.0146451Z Requirement already satisfied: jupyter-client>=7.4.4 in /home/runner/micromamba/envs/tardis/lib/python3.12/site-packages (from jupyter-server<3,>=2.4.0->notebook>=4.4.1->widgetsnbextension~=3.6.5->ipywidgets>=7.0.0->qgridnext) (8.6.2)
2025-01-13T15:55:21.0158689Z Requirement already satisfied: jupyter-core!=5.0.*,>=4.12 in /home/runner/micromamba/envs/tardis/lib/python3.12/site-packages (from jupyter-server<3,>=2.4.0->notebook>=4.4.1->widgetsnbextension~=3.6.5->ipywidgets>=7.0.0->qgridnext) (5.7.2)
2025-01-13T15:55:21.0170264Z Requirement already satisfied: jupyter-events>=0.9.0 in /home/runner/micromamba/envs/tardis/lib/python3.12/site-packages (from jupyter-server<3,>=2.4.0->notebook>=4.4.1->widgetsnbextension~=3.6.5->ipywidgets>=7.0.0->qgridnext) (0.10.0)
2025-01-13T15:55:21.0181582Z Requirement already satisfied: jupyter-server-terminals>=0.4.4 in /home/runner/micromamba/envs/tardis/lib/python3.12/site-packages (from jupyter-server<3,>=2.4.0->notebook>=4.4.1->widgetsnbextension~=3.6.5->ipywidgets>=7.0.0->qgridnext) (0.5.3)
2025-01-13T15:55:21.0195491Z Requirement already satisfied: nbconvert>=6.4.4 in /home/runner/micromamba/envs/tardis/lib/python3.12/site-packages (from jupyter-server<3,>=2.4.0->notebook>=4.4.1->widgetsnbextension~=3.6.5->ipywidgets>=7.0.0->qgridnext) (7.16.4)
2025-01-13T15:55:21.0205670Z Requirement already satisfied: nbformat>=5.3.0 in /home/runner/micromamba/envs/tardis/lib/python3.12/site-packages (from jupyter-server<3,>=2.4.0->notebook>=4.4.1->widgetsnbextension~=3.6.5->ipywidgets>=7.0.0->qgridnext) (5.10.4)
2025-01-13T15:55:21.0214532Z Requirement already satisfied: overrides>=5.0 in /home/runner/micromamba/envs/tardis/lib/python3.12/site-packages (from jupyter-server<3,>=2.4.0->notebook>=4.4.1->widgetsnbextension~=3.6.5->ipywidgets>=7.0.0->qgridnext) (7.7.0)
2025-01-13T15:55:21.0224176Z Requirement already satisfied: packaging>=22.0 in /home/runner/micromamba/envs/tardis/lib/python3.12/site-packages (from jupyter-server<3,>=2.4.0->notebook>=4.4.1->widgetsnbextension~=3.6.5->ipywidgets>=7.0.0->qgridnext) (24.1)
2025-01-13T15:55:21.0233141Z Requirement already satisfied: prometheus-client>=0.9 in /home/runner/micromamba/envs/tardis/lib/python3.12/site-packages (from jupyter-server<3,>=2.4.0->notebook>=4.4.1->widgetsnbextension~=3.6.5->ipywidgets>=7.0.0->qgridnext) (0.20.0)
2025-01-13T15:55:21.0243555Z Requirement already satisfied: pyzmq>=24 in /home/runner/micromamba/envs/tardis/lib/python3.12/site-packages (from jupyter-server<3,>=2.4.0->notebook>=4.4.1->widgetsnbextension~=3.6.5->ipywidgets>=7.0.0->qgridnext) (26.0.3)
2025-01-13T15:55:21.0252153Z Requirement already satisfied: send2trash>=1.8.2 in /home/runner/micromamba/envs/tardis/lib/python3.12/site-packages (from jupyter-server<3,>=2.4.0->notebook>=4.4.1->widgetsnbextension~=3.6.5->ipywidgets>=7.0.0->qgridnext) (1.8.3)
2025-01-13T15:55:21.0263432Z Requirement already satisfied: terminado>=0.8.3 in /home/runner/micromamba/envs/tardis/lib/python3.12/site-packages (from jupyter-server<3,>=2.4.0->notebook>=4.4.1->widgetsnbextension~=3.6.5->ipywidgets>=7.0.0->qgridnext) (0.18.1)
2025-01-13T15:55:21.0280302Z Requirement already satisfied: websocket-client>=1.7 in /home/runner/micromamba/envs/tardis/lib/python3.12/site-packages (from jupyter-server<3,>=2.4.0->notebook>=4.4.1->widgetsnbextension~=3.6.5->ipywidgets>=7.0.0->qgridnext) (1.8.0)
2025-01-13T15:55:21.0573226Z Requirement already satisfied: async-lru>=1.0.0 in /home/runner/micromamba/envs/tardis/lib/python3.12/site-packages (from jupyterlab<4.3,>=4.2.0->notebook>=4.4.1->widgetsnbextension~=3.6.5->ipywidgets>=7.0.0->qgridnext) (2.0.4)
2025-01-13T15:55:21.0586894Z Requirement already satisfied: httpx>=0.25.0 in /home/runner/micromamba/envs/tardis/lib/python3.12/site-packages (from jupyterlab<4.3,>=4.2.0->notebook>=4.4.1->widgetsnbextension~=3.6.5->ipywidgets>=7.0.0->qgridnext) (0.27.0)
2025-01-13T15:55:21.0599561Z Requirement already satisfied: ipykernel>=6.5.0 in /home/runner/micromamba/envs/tardis/lib/python3.12/site-packages (from jupyterlab<4.3,>=4.2.0->notebook>=4.4.1->widgetsnbextension~=3.6.5->ipywidgets>=7.0.0->qgridnext) (6.29.4)
2025-01-13T15:55:21.0614334Z Requirement already satisfied: jupyter-lsp>=2.0.0 in /home/runner/micromamba/envs/tardis/lib/python3.12/site-packages (from jupyterlab<4.3,>=4.2.0->notebook>=4.4.1->widgetsnbextension~=3.6.5->ipywidgets>=7.0.0->qgridnext) (2.2.5)
2025-01-13T15:55:21.0643398Z Requirement already satisfied: setuptools>=40.1.0 in /home/runner/micromamba/envs/tardis/lib/python3.12/site-packages (from jupyterlab<4.3,>=4.2.0->notebook>=4.4.1->widgetsnbextension~=3.6.5->ipywidgets>=7.0.0->qgridnext) (70.0.0)
2025-01-13T15:55:21.0842201Z Requirement already satisfied: babel>=2.10 in /home/runner/micromamba/envs/tardis/lib/python3.12/site-packages (from jupyterlab-server<3,>=2.27.1->notebook>=4.4.1->widgetsnbextension~=3.6.5->ipywidgets>=7.0.0->qgridnext) (2.14.0)
2025-01-13T15:55:21.0868784Z Requirement already satisfied: json5>=0.9.0 in /home/runner/micromamba/envs/tardis/lib/python3.12/site-packages (from jupyterlab-server<3,>=2.27.1->notebook>=4.4.1->widgetsnbextension~=3.6.5->ipywidgets>=7.0.0->qgridnext) (0.9.25)
2025-01-13T15:55:21.0879698Z Requirement already satisfied: jsonschema>=4.18.0 in /home/runner/micromamba/envs/tardis/lib/python3.12/site-packages (from jupyterlab-server<3,>=2.27.1->notebook>=4.4.1->widgetsnbextension~=3.6.5->ipywidgets>=7.0.0->qgridnext) (4.22.0)
2025-01-13T15:55:21.0898594Z Requirement already satisfied: requests>=2.31 in /home/runner/micromamba/envs/tardis/lib/python3.12/site-packages (from jupyterlab-server<3,>=2.27.1->notebook>=4.4.1->widgetsnbextension~=3.6.5->ipywidgets>=7.0.0->qgridnext) (2.32.3)
2025-01-13T15:55:21.1259717Z Requirement already satisfied: idna>=2.8 in /home/runner/micromamba/envs/tardis/lib/python3.12/site-packages (from anyio>=3.1.0->jupyter-server<3,>=2.4.0->notebook>=4.4.1->widgetsnbextension~=3.6.5->ipywidgets>=7.0.0->qgridnext) (3.7)
2025-01-13T15:55:21.1268439Z Requirement already satisfied: sniffio>=1.1 in /home/runner/micromamba/envs/tardis/lib/python3.12/site-packages (from anyio>=3.1.0->jupyter-server<3,>=2.4.0->notebook>=4.4.1->widgetsnbextension~=3.6.5->ipywidgets>=7.0.0->qgridnext) (1.3.1)
2025-01-13T15:55:21.1362038Z Requirement already satisfied: argon2-cffi-bindings in /home/runner/micromamba/envs/tardis/lib/python3.12/site-packages (from argon2-cffi>=21.1->jupyter-server<3,>=2.4.0->notebook>=4.4.1->widgetsnbextension~=3.6.5->ipywidgets>=7.0.0->qgridnext) (21.2.0)
2025-01-13T15:55:21.1540804Z Requirement already satisfied: certifi in /home/runner/micromamba/envs/tardis/lib/python3.12/site-packages (from httpx>=0.25.0->jupyterlab<4.3,>=4.2.0->notebook>=4.4.1->widgetsnbextension~=3.6.5->ipywidgets>=7.0.0->qgridnext) (2024.6.2)
2025-01-13T15:55:21.1556497Z Requirement already satisfied: httpcore==1.* in /home/runner/micromamba/envs/tardis/lib/python3.12/site-packages (from httpx>=0.25.0->jupyterlab<4.3,>=4.2.0->notebook>=4.4.1->widgetsnbextension~=3.6.5->ipywidgets>=7.0.0->qgridnext) (1.0.5)
2025-01-13T15:55:21.1641921Z Requirement already satisfied: h11<0.15,>=0.13 in /home/runner/micromamba/envs/tardis/lib/python3.12/site-packages (from httpcore==1.*->httpx>=0.25.0->jupyterlab<4.3,>=4.2.0->notebook>=4.4.1->widgetsnbextension~=3.6.5->ipywidgets>=7.0.0->qgridnext) (0.14.0)
2025-01-13T15:55:21.1840230Z Requirement already satisfied: debugpy>=1.6.5 in /home/runner/micromamba/envs/tardis/lib/python3.12/site-packages (from ipykernel>=6.5.0->jupyterlab<4.3,>=4.2.0->notebook>=4.4.1->widgetsnbextension~=3.6.5->ipywidgets>=7.0.0->qgridnext) (1.8.1)
2025-01-13T15:55:21.1863672Z Requirement already satisfied: nest-asyncio in /home/runner/micromamba/envs/tardis/lib/python3.12/site-packages (from ipykernel>=6.5.0->jupyterlab<4.3,>=4.2.0->notebook>=4.4.1->widgetsnbextension~=3.6.5->ipywidgets>=7.0.0->qgridnext) (1.6.0)
2025-01-13T15:55:21.1879564Z Requirement already satisfied: psutil in /home/runner/micromamba/envs/tardis/lib/python3.12/site-packages (from ipykernel>=6.5.0->jupyterlab<4.3,>=4.2.0->notebook>=4.4.1->widgetsnbextension~=3.6.5->ipywidgets>=7.0.0->qgridnext) (5.9.8)
2025-01-13T15:55:21.1949211Z Requirement already satisfied: MarkupSafe>=2.0 in /home/runner/micromamba/envs/tardis/lib/python3.12/site-packages (from jinja2>=3.0.3->jupyter-server<3,>=2.4.0->notebook>=4.4.1->widgetsnbextension~=3.6.5->ipywidgets>=7.0.0->qgridnext) (2.1.5)
2025-01-13T15:55:21.2153943Z Requirement already satisfied: attrs>=22.2.0 in /home/runner/micromamba/envs/tardis/lib/python3.12/site-packages (from jsonschema>=4.18.0->jupyterlab-server<3,>=2.27.1->notebook>=4.4.1->widgetsnbextension~=3.6.5->ipywidgets>=7.0.0->qgridnext) (23.2.0)
2025-01-13T15:55:21.2165021Z Requirement already satisfied: jsonschema-specifications>=2023.03.6 in /home/runner/micromamba/envs/tardis/lib/python3.12/site-packages (from jsonschema>=4.18.0->jupyterlab-server<3,>=2.27.1->notebook>=4.4.1->widgetsnbextension~=3.6.5->ipywidgets>=7.0.0->qgridnext) (2023.12.1)
2025-01-13T15:55:21.2174188Z Requirement already satisfied: referencing>=0.28.4 in /home/runner/micromamba/envs/tardis/lib/python3.12/site-packages (from jsonschema>=4.18.0->jupyterlab-server<3,>=2.27.1->notebook>=4.4.1->widgetsnbextension~=3.6.5->ipywidgets>=7.0.0->qgridnext) (0.35.1)
2025-01-13T15:55:21.2183850Z Requirement already satisfied: rpds-py>=0.7.1 in /home/runner/micromamba/envs/tardis/lib/python3.12/site-packages (from jsonschema>=4.18.0->jupyterlab-server<3,>=2.27.1->notebook>=4.4.1->widgetsnbextension~=3.6.5->ipywidgets>=7.0.0->qgridnext) (0.18.1)
2025-01-13T15:55:21.2467884Z Requirement already satisfied: platformdirs>=2.5 in /home/runner/micromamba/envs/tardis/lib/python3.12/site-packages (from jupyter-core!=5.0.*,>=4.12->jupyter-server<3,>=2.4.0->notebook>=4.4.1->widgetsnbextension~=3.6.5->ipywidgets>=7.0.0->qgridnext) (4.2.2)
2025-01-13T15:55:21.2626492Z Requirement already satisfied: python-json-logger>=2.0.4 in /home/runner/micromamba/envs/tardis/lib/python3.12/site-packages (from jupyter-events>=0.9.0->jupyter-server<3,>=2.4.0->notebook>=4.4.1->widgetsnbextension~=3.6.5->ipywidgets>=7.0.0->qgridnext) (2.0.7)
2025-01-13T15:55:21.2635443Z Requirement already satisfied: pyyaml>=5.3 in /home/runner/micromamba/envs/tardis/lib/python3.12/site-packages (from jupyter-events>=0.9.0->jupyter-server<3,>=2.4.0->notebook>=4.4.1->widgetsnbextension~=3.6.5->ipywidgets>=7.0.0->qgridnext) (6.0.1)
2025-01-13T15:55:21.2646464Z Requirement already satisfied: rfc3339-validator in /home/runner/micromamba/envs/tardis/lib/python3.12/site-packages (from jupyter-events>=0.9.0->jupyter-server<3,>=2.4.0->notebook>=4.4.1->widgetsnbextension~=3.6.5->ipywidgets>=7.0.0->qgridnext) (0.1.4)
2025-01-13T15:55:21.2655642Z Requirement already satisfied: rfc3986-validator>=0.1.1 in /home/runner/micromamba/envs/tardis/lib/python3.12/site-packages (from jupyter-events>=0.9.0->jupyter-server<3,>=2.4.0->notebook>=4.4.1->widgetsnbextension~=3.6.5->ipywidgets>=7.0.0->qgridnext) (0.1.1)
2025-01-13T15:55:21.3103287Z Requirement already satisfied: beautifulsoup4 in /home/runner/micromamba/envs/tardis/lib/python3.12/site-packages (from nbconvert>=6.4.4->jupyter-server<3,>=2.4.0->notebook>=4.4.1->widgetsnbextension~=3.6.5->ipywidgets>=7.0.0->qgridnext) (4.12.3)
2025-01-13T15:55:21.3124449Z Requirement already satisfied: bleach!=5.0.0 in /home/runner/micromamba/envs/tardis/lib/python3.12/site-packages (from nbconvert>=6.4.4->jupyter-server<3,>=2.4.0->notebook>=4.4.1->widgetsnbextension~=3.6.5->ipywidgets>=7.0.0->qgridnext) (6.1.0)
2025-01-13T15:55:21.3143750Z Requirement already satisfied: defusedxml in /home/runner/micromamba/envs/tardis/lib/python3.12/site-packages (from nbconvert>=6.4.4->jupyter-server<3,>=2.4.0->notebook>=4.4.1->widgetsnbextension~=3.6.5->ipywidgets>=7.0.0->qgridnext) (0.7.1)
2025-01-13T15:55:21.3159659Z Requirement already satisfied: jupyterlab-pygments in /home/runner/micromamba/envs/tardis/lib/python3.12/site-packages (from nbconvert>=6.4.4->jupyter-server<3,>=2.4.0->notebook>=4.4.1->widgetsnbextension~=3.6.5->ipywidgets>=7.0.0->qgridnext) (0.3.0)
2025-01-13T15:55:21.3172132Z Requirement already satisfied: mistune<4,>=2.0.3 in /home/runner/micromamba/envs/tardis/lib/python3.12/site-packages (from nbconvert>=6.4.4->jupyter-server<3,>=2.4.0->notebook>=4.4.1->widgetsnbextension~=3.6.5->ipywidgets>=7.0.0->qgridnext) (3.0.2)
2025-01-13T15:55:21.3185459Z Requirement already satisfied: nbclient>=0.5.0 in /home/runner/micromamba/envs/tardis/lib/python3.12/site-packages (from nbconvert>=6.4.4->jupyter-server<3,>=2.4.0->notebook>=4.4.1->widgetsnbextension~=3.6.5->ipywidgets>=7.0.0->qgridnext) (0.10.0)
2025-01-13T15:55:21.3202863Z Requirement already satisfied: pandocfilters>=1.4.1 in /home/runner/micromamba/envs/tardis/lib/python3.12/site-packages (from nbconvert>=6.4.4->jupyter-server<3,>=2.4.0->notebook>=4.4.1->widgetsnbextension~=3.6.5->ipywidgets>=7.0.0->qgridnext) (1.5.0)
2025-01-13T15:55:21.3212796Z Requirement already satisfied: tinycss2 in /home/runner/micromamba/envs/tardis/lib/python3.12/site-packages (from nbconvert>=6.4.4->jupyter-server<3,>=2.4.0->notebook>=4.4.1->widgetsnbextension~=3.6.5->ipywidgets>=7.0.0->qgridnext) (1.3.0)
2025-01-13T15:55:21.3337307Z Requirement already satisfied: fastjsonschema>=2.15 in /home/runner/micromamba/envs/tardis/lib/python3.12/site-packages (from nbformat>=5.3.0->jupyter-server<3,>=2.4.0->notebook>=4.4.1->widgetsnbextension~=3.6.5->ipywidgets>=7.0.0->qgridnext) (2.20.0)
2025-01-13T15:55:21.3662737Z Requirement already satisfied: charset-normalizer<4,>=2 in /home/runner/micromamba/envs/tardis/lib/python3.12/site-packages (from requests>=2.31->jupyterlab-server<3,>=2.27.1->notebook>=4.4.1->widgetsnbextension~=3.6.5->ipywidgets>=7.0.0->qgridnext) (3.3.2)
2025-01-13T15:55:21.3676920Z Requirement already satisfied: urllib3<3,>=1.21.1 in /home/runner/micromamba/envs/tardis/lib/python3.12/site-packages (from requests>=2.31->jupyterlab-server<3,>=2.27.1->notebook>=4.4.1->widgetsnbextension~=3.6.5->ipywidgets>=7.0.0->qgridnext) (2.2.2)
2025-01-13T15:55:21.4508055Z Requirement already satisfied: webencodings in /home/runner/micromamba/envs/tardis/lib/python3.12/site-packages (from bleach!=5.0.0->nbconvert>=6.4.4->jupyter-server<3,>=2.4.0->notebook>=4.4.1->widgetsnbextension~=3.6.5->ipywidgets>=7.0.0->qgridnext) (0.5.1)
2025-01-13T15:55:21.5097510Z Requirement already satisfied: fqdn in /home/runner/micromamba/envs/tardis/lib/python3.12/site-packages (from jsonschema[format-nongpl]>=4.18.0->jupyter-events>=0.9.0->jupyter-server<3,>=2.4.0->notebook>=4.4.1->widgetsnbextension~=3.6.5->ipywidgets>=7.0.0->qgridnext) (1.5.1)
2025-01-13T15:55:21.5115607Z Requirement already satisfied: isoduration in /home/runner/micromamba/envs/tardis/lib/python3.12/site-packages (from jsonschema[format-nongpl]>=4.18.0->jupyter-events>=0.9.0->jupyter-server<3,>=2.4.0->notebook>=4.4.1->widgetsnbextension~=3.6.5->ipywidgets>=7.0.0->qgridnext) (20.11.0)
2025-01-13T15:55:21.5129759Z Requirement already satisfied: jsonpointer>1.13 in /home/runner/micromamba/envs/tardis/lib/python3.12/site-packages (from jsonschema[format-nongpl]>=4.18.0->jupyter-events>=0.9.0->jupyter-server<3,>=2.4.0->notebook>=4.4.1->widgetsnbextension~=3.6.5->ipywidgets>=7.0.0->qgridnext) (3.0.0)
2025-01-13T15:55:21.5146993Z Requirement already satisfied: uri-template in /home/runner/micromamba/envs/tardis/lib/python3.12/site-packages (from jsonschema[format-nongpl]>=4.18.0->jupyter-events>=0.9.0->jupyter-server<3,>=2.4.0->notebook>=4.4.1->widgetsnbextension~=3.6.5->ipywidgets>=7.0.0->qgridnext) (1.3.0)
2025-01-13T15:55:21.5161266Z Requirement already satisfied: webcolors>=1.11 in /home/runner/micromamba/envs/tardis/lib/python3.12/site-packages (from jsonschema[format-nongpl]>=4.18.0->jupyter-events>=0.9.0->jupyter-server<3,>=2.4.0->notebook>=4.4.1->widgetsnbextension~=3.6.5->ipywidgets>=7.0.0->qgridnext) (24.6.0)
2025-01-13T15:55:21.6247508Z Requirement already satisfied: cffi>=1.0.1 in /home/runner/micromamba/envs/tardis/lib/python3.12/site-packages (from argon2-cffi-bindings->argon2-cffi>=21.1->jupyter-server<3,>=2.4.0->notebook>=4.4.1->widgetsnbextension~=3.6.5->ipywidgets>=7.0.0->qgridnext) (1.16.0)
2025-01-13T15:55:21.6358912Z Requirement already satisfied: soupsieve>1.2 in /home/runner/micromamba/envs/tardis/lib/python3.12/site-packages (from beautifulsoup4->nbconvert>=6.4.4->jupyter-server<3,>=2.4.0->notebook>=4.4.1->widgetsnbextension~=3.6.5->ipywidgets>=7.0.0->qgridnext) (2.5)
2025-01-13T15:55:21.6936383Z Requirement already satisfied: pycparser in /home/runner/micromamba/envs/tardis/lib/python3.12/site-packages (from cffi>=1.0.1->argon2-cffi-bindings->argon2-cffi>=21.1->jupyter-server<3,>=2.4.0->notebook>=4.4.1->widgetsnbextension~=3.6.5->ipywidgets>=7.0.0->qgridnext) (2.22)
2025-01-13T15:55:21.7464428Z Requirement already satisfied: arrow>=0.15.0 in /home/runner/micromamba/envs/tardis/lib/python3.12/site-packages (from isoduration->jsonschema[format-nongpl]>=4.18.0->jupyter-events>=0.9.0->jupyter-server<3,>=2.4.0->notebook>=4.4.1->widgetsnbextension~=3.6.5->ipywidgets>=7.0.0->qgridnext) (1.3.0)
2025-01-13T15:55:21.7793904Z Requirement already satisfied: types-python-dateutil>=2.8.10 in /home/runner/micromamba/envs/tardis/lib/python3.12/site-packages (from arrow>=0.15.0->isoduration->jsonschema[format-nongpl]>=4.18.0->jupyter-events>=0.9.0->jupyter-server<3,>=2.4.0->notebook>=4.4.1->widgetsnbextension~=3.6.5->ipywidgets>=7.0.0->qgridnext) (2.9.0.20240316)
2025-01-13T15:55:21.8151561Z Downloading qgridnext-2.0.4-py3-none-any.whl (1.3 MB)
2025-01-13T15:55:21.8751023Z    â”â”â”â”â”â”â”â”â”â”â”â”â”â”â”â”â”â”â”â”â”â”â”â”â”â”â”â”â”â”â”â”â”â”â”â”â”â”â”â” 1.3/1.3 MB 22.0 MB/s eta 0:00:00
2025-01-13T15:55:22.7023889Z Installing collected packages: qgridnext
2025-01-13T15:55:22.7962760Z Successfully installed qgridnext-2.0.4
2025-01-13T15:55:23.0475483Z ##[group]Run pytest tardis --tardis-regression-data=/home/runner/work/tardis/tardis/tardis-regression-data --cov=tardis --cov-report=xml --cov-report=html --cov-append -m "not continuum"
2025-01-13T15:55:23.0476801Z [36;1mpytest tardis --tardis-regression-data=/home/runner/work/tardis/tardis/tardis-regression-data --cov=tardis --cov-report=xml --cov-report=html --cov-append -m "not continuum"[0m
2025-01-13T15:55:23.0504973Z shell: /usr/bin/bash -l {0}
2025-01-13T15:55:23.0505442Z env:
2025-01-13T15:55:23.0505624Z   CACHE_NUMBER: 0
2025-01-13T15:55:23.0506243Z   PYTEST_FLAGS: --tardis-regression-data=/home/runner/work/tardis/tardis/tardis-regression-data --cov=tardis --cov-report=xml --cov-report=html --cov-append
2025-01-13T15:55:23.0507124Z   CODECOV_TOKEN: ***
2025-01-13T15:55:23.0507358Z   MAMBA_ROOT_PREFIX: /home/runner/micromamba
2025-01-13T15:55:23.0507662Z   MAMBA_EXE: /home/runner/micromamba-bin/micromamba
2025-01-13T15:55:23.0508054Z   CONDARC: /home/runner/work/_temp/setup-micromamba/.condarc
2025-01-13T15:55:23.0508362Z ##[endgroup]
2025-01-13T15:55:32.1651089Z ============================= test session starts ==============================
2025-01-13T15:55:32.1651732Z platform linux -- Python 3.12.4, pytest-8.2.2, pluggy-1.5.0
2025-01-13T15:55:32.1652253Z rootdir: /home/runner/work/tardis/tardis
2025-01-13T15:55:32.1652670Z configfile: pyproject.toml
2025-01-13T15:55:32.1653177Z plugins: anyio-4.4.0, doctestplus-1.2.1, cov-5.0.0, html-4.1.1, metadata-3.1.1
2025-01-13T15:55:32.1653809Z collected 1796 items / 2 deselected / 1794 selected
2025-01-13T15:55:32.1654116Z 
2025-01-13T15:55:37.3273917Z tardis/energy_input/tests/test_energy_source.py ..xxx                    [  0%]
2025-01-13T15:55:40.4495712Z tardis/energy_input/tests/test_gamma_ray_channel.py ...........          [  0%]
2025-01-13T15:55:42.0815419Z tardis/energy_input/tests/test_gamma_ray_grid.py xx.                     [  1%]
2025-01-13T15:55:43.9247062Z tardis/energy_input/tests/test_gamma_ray_interactions.py xx....          [  1%]
2025-01-13T15:55:43.9337461Z tardis/energy_input/tests/test_gamma_ray_packet_source.py sssssssss      [  1%]
2025-01-13T15:55:45.2861902Z tardis/energy_input/tests/test_util.py .....xxxx.....                    [  2%]
2025-01-13T15:55:45.6735553Z tardis/grid/tests/test_grid.py .                                         [  2%]
2025-01-13T15:55:45.6751375Z tardis/gui/tests/test_gui.py s                                           [  2%]
2025-01-13T15:55:49.3021141Z tardis/io/configuration/tests/test_config_reader.py ...........          [  3%]
2025-01-13T15:55:49.3150238Z tardis/io/configuration/tests/test_configuration_namespace.py .........  [  3%]
2025-01-13T15:55:49.3426874Z tardis/io/logger/tests/test_logging.py ssssssssssssssssssssssssssss      [  5%]
2025-01-13T15:56:30.4877403Z tardis/io/model/readers/tests/test_arepo_parser.py ..                    [  5%]
2025-01-13T15:56:30.5023702Z tardis/io/model/readers/tests/test_ascii_readers.py ...                  [  5%]
2025-01-13T15:56:30.5136730Z tardis/io/model/readers/tests/test_cmfgen_reader.py ..                   [  5%]
2025-01-13T15:56:30.5449898Z tardis/io/model/readers/tests/test_csvy_reader.py ....                   [  6%]
2025-01-13T15:56:30.5668309Z tardis/io/model/readers/tests/test_stella_reader.py ..                   [  6%]
2025-01-13T15:56:30.8885692Z tardis/io/tests/test_HDFWriter.py ...............                        [  7%]
2025-01-13T15:56:31.2417608Z tardis/io/tests/test_atomic.py .....                                     [  7%]
2025-01-13T15:56:31.2614262Z tardis/io/tests/test_decay.py ..                                         [  7%]
2025-01-13T15:56:31.4569788Z tardis/io/tests/test_model_reader.py ......                              [  7%]
2025-01-13T15:56:31.4637921Z tardis/model/geometry/tests/test_radial1d.py ..                          [  7%]
2025-01-13T15:57:31.7083643Z tardis/model/tests/test_base.py ........................................ [ 10%]
2025-01-13T15:57:32.7019855Z ............                                                             [ 10%]
2025-01-13T15:57:35.7770001Z tardis/model/tests/test_csvy_model.py .........                          [ 11%]
2025-01-13T15:57:35.8280402Z tardis/model/tests/test_density.py ..                                    [ 11%]
2025-01-13T15:57:37.2416188Z tardis/opacities/tests/test_opacity_solver.py .....                      [ 11%]
2025-01-13T15:57:38.6067803Z tardis/opacities/tests/test_opacity_state_numba.py .....                 [ 11%]
2025-01-13T15:57:40.6880760Z tardis/opacities/tests/test_tau_sobolev.py FF                            [ 12%]
2025-01-13T15:57:43.4694792Z tardis/plasma/equilibrium/tests/test_collisional_transitions.py ...      [ 12%]
2025-01-13T15:58:30.7691148Z tardis/plasma/equilibrium/tests/test_level_populations.py ....           [ 12%]
2025-01-13T15:58:42.4018499Z tardis/plasma/equilibrium/tests/test_rate_matrix.py .                    [ 12%]
2025-01-13T15:58:43.8768135Z tardis/plasma/tests/test_complete_plasmas.py .....................s..... [ 13%]
2025-01-13T15:58:46.8404144Z s....ssssss............s............ss.....s....ssssss............s..... [ 18%]
2025-01-13T15:58:48.6215648Z .......ss.....s....ssssss............s............ss.....s....ssssss.... [ 22%]
2025-01-13T15:58:51.6476815Z ........s............ss.....s........ss............s............ss.....s [ 26%]
2025-01-13T15:58:54.6626123Z ........ss............s............ss.....s....ssssss............s...... [ 30%]
2025-01-13T15:58:55.4380163Z ......ss.....s....ssssss............s............ss.....s.ss.ssssss..... [ 34%]
2025-01-13T15:58:58.3980956Z .......s............ss.....s....ssssss............s............ss.....s. [ 38%]
2025-01-13T15:59:01.3505639Z ...ssssss............s............ss.....s....ssssss............s....... [ 42%]
2025-01-13T15:59:04.5142963Z .....ss.....s....ssssss............s............s...........ssssss...... [ 46%]
2025-01-13T15:59:06.3969764Z ......s............s...........ssssss............s............s......... [ 50%]
2025-01-13T15:59:09.4026716Z ..ssssss............s............ss.....s....ssssss............s........ [ 54%]
2025-01-13T15:59:13.2187436Z ....ss.....s....ssssss..........................s.....s....ssss......... [ 58%]
2025-01-13T15:59:13.5515962Z ...................s.....s....ssss.......                                [ 60%]
2025-01-13T15:59:13.6698819Z tardis/plasma/tests/test_hdf_plasma.py ................................. [ 62%]
2025-01-13T15:59:13.6813878Z ......                                                                   [ 62%]
2025-01-13T15:59:13.8345647Z tardis/plasma/tests/test_nlte_excitation.py ...                          [ 62%]
2025-01-13T16:01:32.2405144Z tardis/plasma/tests/test_nlte_solver.py .....X                           [ 63%]
2025-01-13T16:01:32.2433533Z tardis/plasma/tests/test_plasma_continuum.py .                           [ 63%]
2025-01-13T16:01:56.4010015Z tardis/plasma/tests/test_plasma_vboundary.py .............               [ 63%]
2025-01-13T16:02:09.7369525Z tardis/plasma/tests/test_tardis_model_density_config.py ...              [ 64%]
2025-01-13T16:02:10.4874348Z tardis/simulation/tests/test_convergence.py .....                        [ 64%]
2025-01-13T16:02:19.2615273Z tardis/simulation/tests/test_simulation.py .............                 [ 65%]
2025-01-13T16:02:19.2805440Z tardis/spectrum/tests/test_cuda_formal_integral.py sssssssssssssssssssss [ 66%]
2025-01-13T16:02:19.7563524Z ssss...ssssssssssssssssssssss                                            [ 67%]
2025-01-13T16:02:19.7636244Z tardis/spectrum/tests/test_luminosity.py ....                            [ 68%]
2025-01-13T16:02:21.3976345Z tardis/spectrum/tests/test_numba_formal_integral.py .................... [ 69%]
2025-01-13T16:02:21.4169056Z ..........                                                               [ 69%]
2025-01-13T16:02:21.5913484Z tardis/spectrum/tests/test_spectrum.py ................................. [ 71%]
2025-01-13T16:02:21.6253697Z .........                                                                [ 72%]
2025-01-13T16:02:41.2079777Z tardis/spectrum/tests/test_spectrum_solver.py ....                       [ 72%]
2025-01-13T16:03:44.1734829Z tardis/tests/test_tardis_full.py ....                                    [ 72%]
2025-01-13T16:05:10.0842224Z tardis/tests/test_tardis_full_formal_integral.py ................        [ 73%]
2025-01-13T16:05:10.1624686Z tardis/tests/test_util.py .............................................  [ 75%]
2025-01-13T16:05:12.9014625Z tardis/transport/montecarlo/tests/test_base.py x.....................    [ 77%]
2025-01-13T16:05:21.1157737Z tardis/transport/montecarlo/tests/test_interaction.py .......            [ 77%]
2025-01-13T16:05:21.3635868Z tardis/transport/montecarlo/tests/test_macro_atom.py ....                [ 77%]
2025-01-13T16:05:21.3819245Z tardis/transport/montecarlo/tests/test_montecarlo.py sssssssssssssssssss [ 78%]
2025-01-13T16:05:21.4266246Z sssssssssssssssssssssssssssssssssssssssssssss                            [ 81%]
2025-01-13T16:05:30.4428626Z tardis/transport/montecarlo/tests/test_montecarlo_main_loop.py x..       [ 81%]
2025-01-13T16:05:30.4497867Z tardis/transport/montecarlo/tests/test_nonhomologous.py ...              [ 81%]
2025-01-13T16:05:36.4802128Z tardis/transport/montecarlo/tests/test_numba_interface.py .....x.        [ 82%]
2025-01-13T16:05:36.9810358Z tardis/transport/montecarlo/tests/test_opacities.py ...............      [ 82%]
2025-01-13T16:05:38.5577089Z tardis/transport/montecarlo/tests/test_packet.py .................xXXXXX [ 84%]
2025-01-13T16:05:38.7001270Z XX.........                                                              [ 84%]
2025-01-13T16:05:38.7280135Z tardis/transport/montecarlo/tests/test_packet_source.py ........         [ 85%]
2025-01-13T16:05:39.0583228Z tardis/transport/montecarlo/tests/test_rpacket_last_interaction_tracker.py . [ 85%]
2025-01-13T16:05:39.4847370Z .....                                                                    [ 85%]
2025-01-13T16:06:16.0501986Z tardis/transport/montecarlo/tests/test_rpacket_tracker.py ......         [ 85%]
2025-01-13T16:06:16.0792319Z tardis/transport/montecarlo/tests/test_single_packet_loop.py xxx         [ 86%]
2025-01-13T16:06:16.0824145Z tardis/transport/montecarlo/tests/test_tracker_utils.py ..               [ 86%]
2025-01-13T16:06:18.6845990Z tardis/transport/montecarlo/tests/test_vpacket.py ..x.                   [ 86%]
2025-01-13T16:06:18.7025443Z tardis/transport/montecarlo/tests/test_weighted_packet_source.py ....    [ 86%]
2025-01-13T16:06:22.1976484Z tardis/transport/montecarlo/tests/test_weighted_packet_source_integration.py . [ 86%]
2025-01-13T16:06:22.1978783Z                                                                          [ 86%]
2025-01-13T16:06:22.9830380Z tardis/transport/tests/test_doppler_factor.py ..................         [ 87%]
2025-01-13T16:06:24.3751576Z tardis/visualization/tools/tests/test_convergence_plot.py .............. [ 88%]
2025-01-13T16:06:26.6729714Z ......                                                                   [ 88%]
2025-01-13T16:06:31.4999250Z tardis/visualization/tools/tests/test_liv_plot.py ...................... [ 90%]
2025-01-13T16:06:34.8403645Z .............................                                            [ 91%]
2025-01-13T16:06:37.7594366Z tardis/visualization/tools/tests/test_rpacket_plot.py .................. [ 92%]
2025-01-13T16:06:44.8301813Z ....                                                                     [ 92%]
2025-01-13T16:06:50.9990746Z tardis/visualization/tools/tests/test_sdec_plot.py ..................... [ 94%]
2025-01-13T16:06:58.6501894Z ..............................                                           [ 95%]
2025-01-13T16:06:59.0812177Z tardis/visualization/widgets/tests/test_custom_abundance.py ........ss.. [ 96%]
2025-01-13T16:06:59.1523771Z ....                                                                     [ 96%]
2025-01-13T16:07:00.2058089Z tardis/visualization/widgets/tests/test_line_info.py ................... [ 97%]
2025-01-13T16:07:00.8391614Z ..................                                                       [ 98%]
2025-01-13T16:08:04.6565757Z tardis/visualization/widgets/tests/test_shell_info.py .................. [ 99%]
2025-01-13T16:08:12.7159678Z ......                                                                   [100%]
2025-01-13T16:08:12.7161322Z 
2025-01-13T16:08:12.7161729Z =================================== FAILURES ===================================
2025-01-13T16:08:12.7162544Z _____________________ test_calculate_sobolev_line_opacity ______________________
2025-01-13T16:08:12.7163380Z 
2025-01-13T16:08:12.7163891Z nb_simulation_verysimple = <tardis.simulation.base.Simulation object at 0x7f0ea6ac67e0>
2025-01-13T16:08:12.7165179Z regression_data = <tardis.tests.fixtures.regression_data.RegressionData object at 0x7f0ea6ac7350>
2025-01-13T16:08:12.7165941Z 
2025-01-13T16:08:12.7166151Z     def test_calculate_sobolev_line_opacity(
2025-01-13T16:08:12.7166807Z         nb_simulation_verysimple, regression_data
2025-01-13T16:08:12.7167249Z     ):
2025-01-13T16:08:12.7167632Z         legacy_plasma = nb_simulation_verysimple.plasma
2025-01-13T16:08:12.7168099Z     
2025-01-13T16:08:12.7168381Z         actual = calculate_sobolev_line_opacity(
2025-01-13T16:08:12.7168647Z             legacy_plasma.lines,
2025-01-13T16:08:12.7169065Z             legacy_plasma.level_number_density,
2025-01-13T16:08:12.7169492Z             legacy_plasma.time_explosion,
2025-01-13T16:08:12.7169924Z             legacy_plasma.stimulated_emission_factor,
2025-01-13T16:08:12.7170333Z         )
2025-01-13T16:08:12.7170932Z >       expected = regression_data.sync_dataframe(actual)
2025-01-13T16:08:12.7171272Z 
2025-01-13T16:08:12.7171453Z tardis/opacities/tests/test_tau_sobolev.py:21: 
2025-01-13T16:08:12.7171943Z _ _ _ _ _ _ _ _ _ _ _ _ _ _ _ _ _ _ _ _ _ _ _ _ _ _ _ _ _ _ _ _ _ _ _ _ _ _ _ _ 
2025-01-13T16:08:12.7172546Z tardis/tests/fixtures/regression_data.py:88: in sync_dataframe
2025-01-13T16:08:12.7173131Z     return pd.read_hdf(self.fpath, key=key)
2025-01-13T16:08:12.7173603Z _ _ _ _ _ _ _ _ _ _ _ _ _ _ _ _ _ _ _ _ _ _ _ _ _ _ _ _ _ _ _ _ _ _ _ _ _ _ _ _ 
2025-01-13T16:08:12.7173930Z 
2025-01-13T16:08:12.7174508Z path_or_buf = '/home/runner/work/tardis/tardis/tardis-regression-data/test_tau_sobolev/test_calculate_sobolev_line_opacity.h5'
2025-01-13T16:08:12.7175387Z key = 'data', mode = 'r', errors = 'strict', where = None, start = None
2025-01-13T16:08:12.7175810Z stop = None, columns = None, iterator = False, chunksize = None, kwargs = {}
2025-01-13T16:08:12.7176151Z exists = False
2025-01-13T16:08:12.7176327Z 
2025-01-13T16:08:12.7176470Z     def read_hdf(
2025-01-13T16:08:12.7176856Z         path_or_buf: FilePath | HDFStore,
2025-01-13T16:08:12.7177179Z         key=None,
2025-01-13T16:08:12.7177365Z         mode: str = "r",
2025-01-13T16:08:12.7177574Z         errors: str = "strict",
2025-01-13T16:08:12.7177804Z         where: str | list | None = None,
2025-01-13T16:08:12.7178047Z         start: int | None = None,
2025-01-13T16:08:12.7178279Z         stop: int | None = None,
2025-01-13T16:08:12.7178524Z         columns: list[str] | None = None,
2025-01-13T16:08:12.7178881Z         iterator: bool = False,
2025-01-13T16:08:12.7179232Z         chunksize: int | None = None,
2025-01-13T16:08:12.7179468Z         **kwargs,
2025-01-13T16:08:12.7179642Z     ):
2025-01-13T16:08:12.7179803Z         """
2025-01-13T16:08:12.7180014Z         Read from the store, close it if we opened it.
2025-01-13T16:08:12.7180272Z     
2025-01-13T16:08:12.7180717Z         Retrieve pandas object stored in file, optionally based on where
2025-01-13T16:08:12.7181101Z         criteria.
2025-01-13T16:08:12.7181286Z     
2025-01-13T16:08:12.7184970Z         .. warning::
2025-01-13T16:08:12.7185216Z     
2025-01-13T16:08:12.7185501Z            Pandas uses PyTables for reading and writing HDF5 files, which allows
2025-01-13T16:08:12.7185979Z            serializing object-dtype data with pickle when using the "fixed" format.
2025-01-13T16:08:12.7186459Z            Loading pickled data received from untrusted sources can be unsafe.
2025-01-13T16:08:12.7187033Z     
2025-01-13T16:08:12.7187316Z            See: https://docs.python.org/3/library/pickle.html for more.
2025-01-13T16:08:12.7187640Z     
2025-01-13T16:08:12.7187804Z         Parameters
2025-01-13T16:08:12.7187997Z         ----------
2025-01-13T16:08:12.7188236Z         path_or_buf : str, path object, pandas.HDFStore
2025-01-13T16:08:12.7188628Z             Any valid string path is acceptable. Only supports the local file system,
2025-01-13T16:08:12.7189036Z             remote URLs and file-like objects are not supported.
2025-01-13T16:08:12.7189530Z     
2025-01-13T16:08:12.7189889Z             If you want to pass in a path object, pandas accepts any
2025-01-13T16:08:12.7190186Z             ``os.PathLike``.
2025-01-13T16:08:12.7190391Z     
2025-01-13T16:08:12.7190893Z             Alternatively, pandas accepts an open :class:`pandas.HDFStore` object.
2025-01-13T16:08:12.7191231Z     
2025-01-13T16:08:12.7191397Z         key : object, optional
2025-01-13T16:08:12.7191712Z             The group identifier in the store. Can be omitted if the HDF file
2025-01-13T16:08:12.7192049Z             contains a single pandas object.
2025-01-13T16:08:12.7192306Z         mode : {'r', 'r+', 'a'}, default 'r'
2025-01-13T16:08:12.7192620Z             Mode to use when opening the file. Ignored if path_or_buf is a
2025-01-13T16:08:12.7192956Z             :class:`pandas.HDFStore`. Default is 'r'.
2025-01-13T16:08:12.7193225Z         errors : str, default 'strict'
2025-01-13T16:08:12.7193541Z             Specifies how encoding and decoding errors are to be handled.
2025-01-13T16:08:12.7193922Z             See the errors argument for :func:`open` for a full list
2025-01-13T16:08:12.7194209Z             of options.
2025-01-13T16:08:12.7194417Z         where : list, optional
2025-01-13T16:08:12.7194661Z             A list of Term (or convertible) objects.
2025-01-13T16:08:12.7194920Z         start : int, optional
2025-01-13T16:08:12.7195155Z             Row number to start selection.
2025-01-13T16:08:12.7195407Z         stop  : int, optional
2025-01-13T16:08:12.7195634Z             Row number to stop selection.
2025-01-13T16:08:12.7195882Z         columns : list, optional
2025-01-13T16:08:12.7196121Z             A list of columns names to return.
2025-01-13T16:08:12.7196376Z         iterator : bool, optional
2025-01-13T16:08:12.7196611Z             Return an iterator object.
2025-01-13T16:08:12.7196850Z         chunksize : int, optional
2025-01-13T16:08:12.7197146Z             Number of rows to include in an iteration when using an iterator.
2025-01-13T16:08:12.7197461Z         **kwargs
2025-01-13T16:08:12.7197696Z             Additional keyword arguments passed to HDFStore.
2025-01-13T16:08:12.7197971Z     
2025-01-13T16:08:12.7198128Z         Returns
2025-01-13T16:08:12.7198336Z         -------
2025-01-13T16:08:12.7209733Z         object
2025-01-13T16:08:12.7210056Z             The selected object. Return type depends on the object stored.
2025-01-13T16:08:12.7210375Z     
2025-01-13T16:08:12.7210760Z         See Also
2025-01-13T16:08:12.7210997Z         --------
2025-01-13T16:08:12.7211262Z         DataFrame.to_hdf : Write a HDF file from a DataFrame.
2025-01-13T16:08:12.7211607Z         HDFStore : Low-level access to HDF files.
2025-01-13T16:08:12.7211863Z     
2025-01-13T16:08:12.7212030Z         Examples
2025-01-13T16:08:12.7212224Z         --------
2025-01-13T16:08:12.7212504Z         >>> df = pd.DataFrame([[1, 1.0, 'a']], columns=['x', 'y', 'z'])  # doctest: +SKIP
2025-01-13T16:08:12.7212873Z         >>> df.to_hdf('./store.h5', 'data')  # doctest: +SKIP
2025-01-13T16:08:12.7213208Z         >>> reread = pd.read_hdf('./store.h5')  # doctest: +SKIP
2025-01-13T16:08:12.7213483Z         """
2025-01-13T16:08:12.7213680Z         if mode not in ["r", "r+", "a"]:
2025-01-13T16:08:12.7213940Z             raise ValueError(
2025-01-13T16:08:12.7214226Z                 f"mode {mode} is not allowed while performing a read. "
2025-01-13T16:08:12.7214549Z                 f"Allowed modes are r, r+ and a."
2025-01-13T16:08:12.7214977Z             )
2025-01-13T16:08:12.7215169Z         # grab the scope
2025-01-13T16:08:12.7215379Z         if where is not None:
2025-01-13T16:08:12.7215628Z             where = _ensure_term(where, scope_level=1)
2025-01-13T16:08:12.7215891Z     
2025-01-13T16:08:12.7216081Z         if isinstance(path_or_buf, HDFStore):
2025-01-13T16:08:12.7216350Z             if not path_or_buf.is_open:
2025-01-13T16:08:12.7216649Z                 raise OSError("The HDFStore must be open for reading.")
2025-01-13T16:08:12.7217059Z     
2025-01-13T16:08:12.7217232Z             store = path_or_buf
2025-01-13T16:08:12.7217461Z             auto_close = False
2025-01-13T16:08:12.7217674Z         else:
2025-01-13T16:08:12.7217884Z             path_or_buf = stringify_path(path_or_buf)
2025-01-13T16:08:12.7218170Z             if not isinstance(path_or_buf, str):
2025-01-13T16:08:12.7218445Z                 raise NotImplementedError(
2025-01-13T16:08:12.7218768Z                     "Support for generic buffers has not been implemented."
2025-01-13T16:08:12.7219061Z                 )
2025-01-13T16:08:12.7219239Z             try:
2025-01-13T16:08:12.7219453Z                 exists = os.path.exists(path_or_buf)
2025-01-13T16:08:12.7219783Z     
2025-01-13T16:08:12.7219959Z             # if filepath is too long
2025-01-13T16:08:12.7220216Z             except (TypeError, ValueError):
2025-01-13T16:08:12.7220466Z                 exists = False
2025-01-13T16:08:12.7220886Z     
2025-01-13T16:08:12.7221059Z             if not exists:
2025-01-13T16:08:12.7221363Z >               raise FileNotFoundError(f"File {path_or_buf} does not exist")
2025-01-13T16:08:12.7222082Z E               FileNotFoundError: File /home/runner/work/tardis/tardis/tardis-regression-data/test_tau_sobolev/test_calculate_sobolev_line_opacity.h5 does not exist
2025-01-13T16:08:12.7222628Z 
2025-01-13T16:08:12.7222922Z ../../../micromamba/envs/tardis/lib/python3.12/site-packages/pandas/io/pytables.py:424: FileNotFoundError
2025-01-13T16:08:12.7223462Z ---------------------------- Captured stdout setup -----------------------------
2025-01-13T16:08:12.7224118Z [[1mtardis.io.model.parse_density_configuration[0m][[1;33mWARNING[0m]  
2025-01-13T16:08:12.7224838Z 	Number of density points larger than number of shells. Assuming inner point irrelevant ([1mparse_density_configuration.py[0m:114)
2025-01-13T16:08:12.7225421Z ---------------------------- Captured stderr setup -----------------------------
2025-01-13T16:08:12.7225662Z 
2025-01-13T16:08:12.7225666Z 
2025-01-13T16:08:12.7225908Z Packets:                                                                                   4020/? [00:11<00:00, 33892.52it/s][A
2025-01-13T16:08:12.7226132Z 
2025-01-13T16:08:12.7226359Z Packets:                                                                                   4021/? [00:12<00:00, 240.16it/s]  [A
2025-01-13T16:08:12.7226892Z Iterations:â–ˆâ–ˆâ–ˆâ–ˆâ–ˆâ–ˆâ–ˆâ–ˆâ–ˆâ–ˆâ–ˆâ–ˆâ–ˆâ–ˆâ–ˆâ–ˆâ–ˆâ–ˆâ–ˆâ–ˆâ–ˆâ–ˆâ–ˆâ–ˆâ–ˆâ–ˆâ–ˆâ–ˆâ–ˆâ–ˆâ–ˆâ–ˆâ–ˆâ–ˆâ–ˆâ–ˆâ–ˆâ–ˆâ–ˆâ–ˆâ–ˆâ–ˆâ–ˆâ–ˆâ–ˆâ–ˆâ–ˆâ–ˆâ–ˆâ–ˆâ–ˆâ–ˆâ–ˆâ–ˆâ–ˆâ–ˆâ–ˆâ–ˆâ–ˆâ–ˆâ–ˆâ–ˆâ–ˆâ–ˆ                4/5 [00:12<00:02,  2.87s/it]
2025-01-13T16:08:12.7227163Z 
2025-01-13T16:08:12.7227401Z Packets:                                                                                   4030/? [00:12<00:00, 240.16it/s][A
2025-01-13T16:08:12.7227775Z ------------------------------ Captured log setup ------------------------------
2025-01-13T16:08:12.7228511Z WARNING  tardis.io.model.parse_density_configuration:parse_density_configuration.py:114 Number of density points larger than number of shells. Assuming inner point irrelevant
2025-01-13T16:08:12.7229247Z _________________________ test_calculate_beta_sobolevs _________________________
2025-01-13T16:08:12.7229497Z 
2025-01-13T16:08:12.7229738Z nb_simulation_verysimple = <tardis.simulation.base.Simulation object at 0x7f0ea6ac67e0>
2025-01-13T16:08:12.7230317Z regression_data = <tardis.tests.fixtures.regression_data.RegressionData object at 0x7f0ea6e3af60>
2025-01-13T16:08:12.7230853Z 
2025-01-13T16:08:12.7231047Z     def test_calculate_beta_sobolevs(nb_simulation_verysimple, regression_data):
2025-01-13T16:08:12.7231625Z         legacy_plasma = nb_simulation_verysimple.plasma
2025-01-13T16:08:12.7231900Z     
2025-01-13T16:08:12.7232106Z         tau_sobolevs = calculate_sobolev_line_opacity(
2025-01-13T16:08:12.7232395Z             legacy_plasma.lines,
2025-01-13T16:08:12.7232646Z             legacy_plasma.level_number_density,
2025-01-13T16:08:12.7232917Z             legacy_plasma.time_explosion,
2025-01-13T16:08:12.7233201Z             legacy_plasma.stimulated_emission_factor,
2025-01-13T16:08:12.7233461Z         )
2025-01-13T16:08:12.7233878Z         actual = calculate_beta_sobolev(tau_sobolevs)
2025-01-13T16:08:12.7234179Z >       expected = regression_data.sync_ndarray(actual)
2025-01-13T16:08:12.7234376Z 
2025-01-13T16:08:12.7234489Z tardis/opacities/tests/test_tau_sobolev.py:35: 
2025-01-13T16:08:12.7234797Z _ _ _ _ _ _ _ _ _ _ _ _ _ _ _ _ _ _ _ _ _ _ _ _ _ _ _ _ _ _ _ _ _ _ _ _ _ _ _ _ 
2025-01-13T16:08:12.7235151Z tardis/tests/fixtures/regression_data.py:111: in sync_ndarray
2025-01-13T16:08:12.7235494Z     return np.load(self.fpath)
2025-01-13T16:08:12.7235750Z _ _ _ _ _ _ _ _ _ _ _ _ _ _ _ _ _ _ _ _ _ _ _ _ _ _ _ _ _ _ _ _ _ _ _ _ _ _ _ _ 
2025-01-13T16:08:12.7235943Z 
2025-01-13T16:08:12.7236326Z file = PosixPath('/home/runner/work/tardis/tardis/tardis-regression-data/test_tau_sobolev/test_calculate_beta_sobolevs.npy')
2025-01-13T16:08:12.7236961Z mmap_mode = None, allow_pickle = False, fix_imports = True, encoding = 'ASCII'
2025-01-13T16:08:12.7237231Z 
2025-01-13T16:08:12.7237309Z     @set_module('numpy')
2025-01-13T16:08:12.7237610Z     def load(file, mmap_mode=None, allow_pickle=False, fix_imports=True,
2025-01-13T16:08:12.7238001Z              encoding='ASCII', *, max_header_size=format._MAX_HEADER_SIZE):
2025-01-13T16:08:12.7238304Z         """
2025-01-13T16:08:12.7238581Z         Load arrays or pickled objects from ``.npy``, ``.npz`` or pickled files.
2025-01-13T16:08:12.7238903Z     
2025-01-13T16:08:12.7239193Z         .. warning:: Loading files that contain object arrays uses the ``pickle``
2025-01-13T16:08:12.7239603Z                      module, which is not secure against erroneous or maliciously
2025-01-13T16:08:12.7239985Z                      constructed data. Consider passing ``allow_pickle=False`` to
2025-01-13T16:08:12.7240359Z                      load data that is known not to contain object arrays for the
2025-01-13T16:08:12.7240930Z                      safer handling of untrusted sources.
2025-01-13T16:08:12.7241296Z     
2025-01-13T16:08:12.7241466Z         Parameters
2025-01-13T16:08:12.7241667Z         ----------
2025-01-13T16:08:12.7241898Z         file : file-like object, string, or pathlib.Path
2025-01-13T16:08:12.7242222Z             The file to read. File-like objects must support the
2025-01-13T16:08:12.7242546Z             ``seek()`` and ``read()`` methods and must always
2025-01-13T16:08:12.7242878Z             be opened in binary mode.  Pickled files require that the
2025-01-13T16:08:12.7243242Z             file-like object support the ``readline()`` method as well.
2025-01-13T16:08:12.7243589Z         mmap_mode : {None, 'r+', 'r', 'w+', 'c'}, optional
2025-01-13T16:08:12.7243933Z             If not None, then memory-map the file, using the given mode (see
2025-01-13T16:08:12.7244322Z             `numpy.memmap` for a detailed description of the modes).  A
2025-01-13T16:08:12.7244718Z             memory-mapped array is kept on disk. However, it can be accessed
2025-01-13T16:08:12.7245123Z             and sliced like any ndarray.  Memory mapping is especially useful
2025-01-13T16:08:12.7245526Z             for accessing small fragments of large files without reading the
2025-01-13T16:08:12.7245850Z             entire file into memory.
2025-01-13T16:08:12.7246095Z         allow_pickle : bool, optional
2025-01-13T16:08:12.7246427Z             Allow loading pickled object arrays stored in npy files. Reasons for
2025-01-13T16:08:12.7246848Z             disallowing pickles include security, as loading pickled data can
2025-01-13T16:08:12.7247393Z             execute arbitrary code. If pickles are disallowed, loading object
2025-01-13T16:08:12.7247747Z             arrays will fail. Default: False
2025-01-13T16:08:12.7247980Z     
2025-01-13T16:08:12.7248161Z             .. versionchanged:: 1.16.3
2025-01-13T16:08:12.7248442Z                 Made default False in response to CVE-2019-6446.
2025-01-13T16:08:12.7248712Z     
2025-01-13T16:08:12.7248885Z         fix_imports : bool, optional
2025-01-13T16:08:12.7249220Z             Only useful when loading Python 2 generated pickled files on Python 3,
2025-01-13T16:08:12.7249798Z             which includes npy/npz files containing object arrays. If `fix_imports`
2025-01-13T16:08:12.7250227Z             is True, pickle will try to map the old Python 2 names to the new names
2025-01-13T16:08:12.7250886Z             used in Python 3.
2025-01-13T16:08:12.7251131Z         encoding : str, optional
2025-01-13T16:08:12.7251444Z             What encoding to use when reading Python 2 strings. Only useful when
2025-01-13T16:08:12.7251875Z             loading Python 2 generated pickled files in Python 3, which includes
2025-01-13T16:08:12.7252295Z             npy/npz files containing object arrays. Values other than 'latin1',
2025-01-13T16:08:12.7252700Z             'ASCII', and 'bytes' are not allowed, as they can corrupt numerical
2025-01-13T16:08:12.7253025Z             data. Default: 'ASCII'
2025-01-13T16:08:12.7253274Z         max_header_size : int, optional
2025-01-13T16:08:12.7253606Z             Maximum allowed size of the header.  Large headers may not be safe
2025-01-13T16:08:12.7254036Z             to load securely and thus require explicitly passing a larger value.
2025-01-13T16:08:12.7254397Z             See :py:func:`ast.literal_eval()` for details.
2025-01-13T16:08:12.7254840Z             This option is ignored when `allow_pickle` is passed.  In that case
2025-01-13T16:08:12.7255234Z             the file is by definition trusted and the limit is unnecessary.
2025-01-13T16:08:12.7255539Z     
2025-01-13T16:08:12.7255702Z         Returns
2025-01-13T16:08:12.7255895Z         -------
2025-01-13T16:08:12.7256096Z         result : array, tuple, dict, etc.
2025-01-13T16:08:12.7256423Z             Data stored in the file. For ``.npz`` files, the returned instance
2025-01-13T16:08:12.7256814Z             of NpzFile class must be closed to avoid leaking file descriptors.
2025-01-13T16:08:12.7257132Z     
2025-01-13T16:08:12.7257290Z         Raises
2025-01-13T16:08:12.7257465Z         ------
2025-01-13T16:08:12.7257638Z         OSError
2025-01-13T16:08:12.7257867Z             If the input file does not exist or cannot be read.
2025-01-13T16:08:12.7258157Z         UnpicklingError
2025-01-13T16:08:12.7258444Z             If ``allow_pickle=True``, but the file cannot be loaded as a pickle.
2025-01-13T16:08:12.7258756Z         ValueError
2025-01-13T16:08:12.7259032Z             The file contains an object array, but ``allow_pickle=False`` given.
2025-01-13T16:08:12.7259345Z         EOFError
2025-01-13T16:08:12.7259620Z             When calling ``np.load`` multiple times on the same file handle,
2025-01-13T16:08:12.7259947Z             if all data has already been read
2025-01-13T16:08:12.7260184Z     
2025-01-13T16:08:12.7260342Z         See Also
2025-01-13T16:08:12.7260647Z         --------
2025-01-13T16:08:12.7260854Z         save, savez, savez_compressed, loadtxt
2025-01-13T16:08:12.7261193Z         memmap : Create a memory-map to an array stored in a file on disk.
2025-01-13T16:08:12.7261605Z         lib.format.open_memmap : Create or load a memory-mapped ``.npy`` file.
2025-01-13T16:08:12.7261937Z     
2025-01-13T16:08:12.7262097Z         Notes
2025-01-13T16:08:12.7262267Z         -----
2025-01-13T16:08:12.7262536Z         - If the file contains pickle data, then whatever object is stored
2025-01-13T16:08:12.7262855Z           in the pickle is returned.
2025-01-13T16:08:12.7263157Z         - If the file is a ``.npy`` file, then a single array is returned.
2025-01-13T16:08:12.7263519Z         - If the file is a ``.npz`` file, then a dictionary-like object is
2025-01-13T16:08:12.7264069Z           returned, containing ``{filename: array}`` key-value pairs, one for
2025-01-13T16:08:12.7264415Z           each file in the archive.
2025-01-13T16:08:12.7264718Z         - If the file is a ``.npz`` file, the returned value supports the
2025-01-13T16:08:12.7265121Z           context manager protocol in a similar fashion to the open function::
2025-01-13T16:08:12.7265443Z     
2025-01-13T16:08:12.7265625Z             with load('foo.npz') as data:
2025-01-13T16:08:12.7265922Z                 a = data['a']
2025-01-13T16:08:12.7266250Z     
2025-01-13T16:08:12.7266499Z           The underlying file descriptor is closed when exiting the 'with'
2025-01-13T16:08:12.7266840Z           block.
2025-01-13T16:08:12.7267012Z     
2025-01-13T16:08:12.7267170Z         Examples
2025-01-13T16:08:12.7267350Z         --------
2025-01-13T16:08:12.7267550Z         Store data to disk, and load it again:
2025-01-13T16:08:12.7267791Z     
2025-01-13T16:08:12.7268005Z         >>> np.save('/tmp/123', np.array([[1, 2, 3], [4, 5, 6]]))
2025-01-13T16:08:12.7268301Z         >>> np.load('/tmp/123.npy')
2025-01-13T16:08:12.7268536Z         array([[1, 2, 3],
2025-01-13T16:08:12.7268737Z                [4, 5, 6]])
2025-01-13T16:08:12.7268932Z     
2025-01-13T16:08:12.7269135Z         Store compressed data to disk, and load it again:
2025-01-13T16:08:12.7269402Z     
2025-01-13T16:08:12.7269578Z         >>> a=np.array([[1, 2, 3], [4, 5, 6]])
2025-01-13T16:08:12.7269820Z         >>> b=np.array([1, 2])
2025-01-13T16:08:12.7270059Z         >>> np.savez('/tmp/123.npz', a=a, b=b)
2025-01-13T16:08:12.7270320Z         >>> data = np.load('/tmp/123.npz')
2025-01-13T16:08:12.7270693Z         >>> data['a']
2025-01-13T16:08:12.7270889Z         array([[1, 2, 3],
2025-01-13T16:08:12.7271089Z                [4, 5, 6]])
2025-01-13T16:08:12.7271287Z         >>> data['b']
2025-01-13T16:08:12.7271475Z         array([1, 2])
2025-01-13T16:08:12.7271666Z         >>> data.close()
2025-01-13T16:08:12.7271865Z     
2025-01-13T16:08:12.7272094Z         Mem-map the stored array, and then access the second row
2025-01-13T16:08:12.7272390Z         directly from disk:
2025-01-13T16:08:12.7272594Z     
2025-01-13T16:08:12.7272784Z         >>> X = np.load('/tmp/123.npy', mmap_mode='r')
2025-01-13T16:08:12.7273036Z         >>> X[1, :]
2025-01-13T16:08:12.7273229Z         memmap([4, 5, 6])
2025-01-13T16:08:12.7273427Z     
2025-01-13T16:08:12.7273587Z         """
2025-01-13T16:08:12.7273799Z         if encoding not in ('ASCII', 'latin1', 'bytes'):
2025-01-13T16:08:12.7274138Z             # The 'encoding' value for pickle also affects what encoding
2025-01-13T16:08:12.7274498Z             # the serialized binary data of NumPy arrays is loaded
2025-01-13T16:08:12.7274846Z             # in. Pickle does not pass on the encoding information to
2025-01-13T16:08:12.7275196Z             # NumPy. The unpickling code in numpy.core.multiarray is
2025-01-13T16:08:12.7275557Z             # written to assume that unicode data appearing where binary
2025-01-13T16:08:12.7275927Z             # should be is in 'latin1'. 'bytes' is also safe, as is 'ASCII'.
2025-01-13T16:08:12.7276225Z             #
2025-01-13T16:08:12.7276465Z             # Other encoding values can corrupt binary data, and we
2025-01-13T16:08:12.7276833Z             # purposefully disallow them. For the same reason, the errors=
2025-01-13T16:08:12.7277203Z             # argument is not exposed, as values other than 'strict'
2025-01-13T16:08:12.7277541Z             # result can similarly silently corrupt numerical data.
2025-01-13T16:08:12.7277924Z             raise ValueError("encoding must be 'ASCII', 'latin1', or 'bytes'")
2025-01-13T16:08:12.7278242Z     
2025-01-13T16:08:12.7278485Z         pickle_kwargs = dict(encoding=encoding, fix_imports=fix_imports)
2025-01-13T16:08:12.7278789Z     
2025-01-13T16:08:12.7278974Z         with contextlib.ExitStack() as stack:
2025-01-13T16:08:12.7279240Z             if hasattr(file, 'read'):
2025-01-13T16:08:12.7279471Z                 fid = file
2025-01-13T16:08:12.7279795Z                 own_fid = False
2025-01-13T16:08:12.7280008Z             else:
2025-01-13T16:08:12.7280249Z >               fid = stack.enter_context(open(os_fspath(file), "rb"))
2025-01-13T16:08:12.7281067Z E               FileNotFoundError: [Errno 2] No such file or directory: '/home/runner/work/tardis/tardis/tardis-regression-data/test_tau_sobolev/test_calculate_beta_sobolevs.npy'
2025-01-13T16:08:12.7281630Z 
2025-01-13T16:08:12.7281898Z ../../../micromamba/envs/tardis/lib/python3.12/site-packages/numpy/lib/npyio.py:427: FileNotFoundError
2025-01-13T16:08:12.7282489Z =============================== warnings summary ===============================
2025-01-13T16:08:12.7282809Z tardis/io/configuration/config_validator.py:6
2025-01-13T16:08:12.7283105Z tardis/io/configuration/config_validator.py:6
2025-01-13T16:08:12.7283584Z   /home/runner/work/tardis/tardis/tardis/io/configuration/config_validator.py:6: DeprecationWarning:
2025-01-13T16:08:12.7284043Z   
2025-01-13T16:08:12.7285234Z   jsonschema.RefResolver is deprecated as of v4.18.0, in favor of the https://github.com/python-jsonschema/referencing library, which provides more compliant referencing behavior as well as more flexible APIs for customization. A future release will remove RefResolver. Please file a feature request (on referencing) if you are missing an API for the kind of customization you need.
2025-01-13T16:08:12.7286413Z 
2025-01-13T16:08:12.7286647Z ../../../micromamba/envs/tardis/lib/python3.12/site-packages/jupyter_client/connect.py:22
2025-01-13T16:08:12.7287323Z   /home/runner/micromamba/envs/tardis/lib/python3.12/site-packages/jupyter_client/connect.py:22: DeprecationWarning:
2025-01-13T16:08:12.7287822Z   
2025-01-13T16:08:12.7288061Z   Jupyter is migrating its paths to use standard platformdirs
2025-01-13T16:08:12.7288442Z   given by the platformdirs library.  To remove this warning and
2025-01-13T16:08:12.7288831Z   see the appropriate new directories, set the environment variable
2025-01-13T16:08:12.7289222Z   `JUPYTER_PLATFORM_DIRS=1` and then run `jupyter --paths`.
2025-01-13T16:08:12.7289595Z   The use of platformdirs will be the default in `jupyter_core` v6
2025-01-13T16:08:12.7289829Z 
2025-01-13T16:08:12.7289975Z tardis/io/tests/test_HDFWriter.py::test_multi_index_write
2025-01-13T16:08:12.7290443Z tardis/visualization/widgets/tests/test_shell_info.py::TestHDFShellInfo::test_shells_data
2025-01-13T16:08:12.7291082Z   /home/runner/work/tardis/tardis/tardis/io/util.py:276: PerformanceWarning:
2025-01-13T16:08:12.7291437Z   
2025-01-13T16:08:12.7291596Z   
2025-01-13T16:08:12.7291881Z   your performance may suffer as PyTables will pickle object types that it cannot
2025-01-13T16:08:12.7292411Z   map directly to c-types [inferred_type->mixed,key->block0_values] [items->Index([0], dtype='int64')]
2025-01-13T16:08:12.7292750Z 
2025-01-13T16:08:12.7292939Z tardis/io/tests/test_model_reader.py::test_read_cmfgen_isotope_abundances
2025-01-13T16:08:12.7293419Z tardis/plasma/tests/test_tardis_model_density_config.py::test_electron_densities
2025-01-13T16:08:12.7293946Z tardis/plasma/tests/test_tardis_model_density_config.py::test_isotope_number_densities
2025-01-13T16:08:12.7294432Z tardis/plasma/tests/test_tardis_model_density_config.py::test_t_rad
2025-01-13T16:08:12.7294986Z   /home/runner/work/tardis/tardis/tardis/io/model/readers/cmfgen_deprecated.py:82: DeprecationWarning:
2025-01-13T16:08:12.7295439Z   
2025-01-13T16:08:12.7295640Z   The current CMFGEN model parser is deprecated
2025-01-13T16:08:12.7295833Z 
2025-01-13T16:08:12.7295944Z tardis/io/tests/test_model_reader.py: 1 warning
2025-01-13T16:08:12.7296305Z tardis/plasma/tests/test_tardis_model_density_config.py: 9 warnings
2025-01-13T16:08:12.7296854Z   /home/runner/work/tardis/tardis/tardis/io/model/readers/cmfgen_deprecated.py:40: DeprecationWarning:
2025-01-13T16:08:12.7297305Z   
2025-01-13T16:08:12.7297500Z   The current CMFGEN model parser is deprecated
2025-01-13T16:08:12.7297682Z 
2025-01-13T16:08:12.7297887Z tardis/model/tests/test_base.py::TestModelFromPaper1Config::test_abundances
2025-01-13T16:08:12.7298634Z   /home/runner/work/tardis/tardis/tardis/transport/montecarlo/montecarlo_main_loop.py:123: NumbaTypeSafetyWarning:
2025-01-13T16:08:12.7299146Z   
2025-01-13T16:08:12.7299529Z   [1m[1m[1munsafe cast from uint64 to int64. Precision may be lost.[0m[0m[0m
2025-01-13T16:08:12.7299793Z 
2025-01-13T16:08:12.7299894Z tardis/model/tests/test_base.py: 6 warnings
2025-01-13T16:08:12.7300184Z tardis/model/tests/test_csvy_model.py: 2 warnings
2025-01-13T16:08:12.7300651Z tardis/plasma/tests/test_tardis_model_density_config.py: 3 warnings
2025-01-13T16:08:12.7301292Z   /home/runner/work/tardis/tardis/tardis/model/geometry/radial1d.py:50: DeprecationWarning:
2025-01-13T16:08:12.7301705Z   
2025-01-13T16:08:12.7301893Z   v_inner_boundary < 0, assuming default value
2025-01-13T16:08:12.7302079Z 
2025-01-13T16:08:12.7302181Z tardis/model/tests/test_base.py: 6 warnings
2025-01-13T16:08:12.7302466Z tardis/model/tests/test_csvy_model.py: 2 warnings
2025-01-13T16:08:12.7302836Z tardis/plasma/tests/test_tardis_model_density_config.py: 3 warnings
2025-01-13T16:08:12.7303343Z   /home/runner/work/tardis/tardis/tardis/model/geometry/radial1d.py:61: DeprecationWarning:
2025-01-13T16:08:12.7303749Z   
2025-01-13T16:08:12.7303938Z   v_outer_boundary < 0, assuming default value
2025-01-13T16:08:12.7304120Z 
2025-01-13T16:08:12.7304579Z tardis/plasma/equilibrium/tests/test_level_populations.py::TestLevelPopulationSolver::test_solve[collisional_rate_solver0-radiative_transitions0]
2025-01-13T16:08:12.7305395Z   /home/runner/work/tardis/tardis/tardis/plasma/equilibrium/level_populations.py:65: FutureWarning:
2025-01-13T16:08:12.7305841Z   
2025-01-13T16:08:12.7306200Z   A value is trying to be set on a copy of a DataFrame or Series through chained assignment using an inplace method.
2025-01-13T16:08:12.7306989Z   The behavior will change in pandas 3.0. This inplace method will never work because the intermediate object on which we are setting values always behaves as a copy.
2025-01-13T16:08:12.7307564Z   
2025-01-13T16:08:12.7308166Z   For example, when doing 'df[col].method(value, inplace=True)', try using 'df.method({col: value}, inplace=True)' or df[col] = df[col].method(value) instead, to perform the operation inplace on the original object.
2025-01-13T16:08:12.7308753Z 
2025-01-13T16:08:12.7308904Z tardis/plasma/tests/test_complete_plasmas.py: 20 warnings
2025-01-13T16:08:12.7309405Z   /home/runner/work/tardis/tardis/tardis/plasma/tests/test_complete_plasmas.py:197: UserWarning:
2025-01-13T16:08:12.7309835Z   
2025-01-13T16:08:12.7310005Z   Property "atomic_mass" not found
2025-01-13T16:08:12.7310171Z 
2025-01-13T16:08:12.7310714Z tardis/plasma/tests/test_complete_plasmas.py::TestPlasma::test_plasma_properties[radiative_rates_type:detailed-w_epsilon:1e-10-j_blues_norm_factor]
2025-01-13T16:08:12.7311582Z tardis/plasma/tests/test_complete_plasmas.py::TestPlasma::test_plasma_properties[radiative_rates_type:detailed-j_blues_norm_factor]
2025-01-13T16:08:12.7312310Z   /home/runner/work/tardis/tardis/tardis/plasma/tests/test_complete_plasmas.py:197: UserWarning:
2025-01-13T16:08:12.7312737Z   
2025-01-13T16:08:12.7312923Z   Property "j_blues_norm_factor" not found
2025-01-13T16:08:12.7313102Z 
2025-01-13T16:08:12.7313512Z tardis/plasma/tests/test_complete_plasmas.py::TestPlasma::test_plasma_properties[radiative_rates_type:detailed-w_epsilon:1e-10-j_blue_estimator]
2025-01-13T16:08:12.7314350Z tardis/plasma/tests/test_complete_plasmas.py::TestPlasma::test_plasma_properties[radiative_rates_type:detailed-j_blue_estimator]
2025-01-13T16:08:12.7315065Z   /home/runner/work/tardis/tardis/tardis/plasma/tests/test_complete_plasmas.py:197: UserWarning:
2025-01-13T16:08:12.7315482Z   
2025-01-13T16:08:12.7315658Z   Property "j_blue_estimator" not found
2025-01-13T16:08:12.7315835Z 
2025-01-13T16:08:12.7316217Z tardis/plasma/tests/test_complete_plasmas.py::TestPlasma::test_plasma_properties[radiative_rates_type:detailed-w_epsilon:1e-10-volume]
2025-01-13T16:08:12.7317110Z tardis/plasma/tests/test_complete_plasmas.py::TestPlasma::test_plasma_properties[radiative_rates_type:detailed-volume]
2025-01-13T16:08:12.7317797Z   /home/runner/work/tardis/tardis/tardis/plasma/tests/test_complete_plasmas.py:197: UserWarning:
2025-01-13T16:08:12.7318216Z   
2025-01-13T16:08:12.7318385Z   Property "volume" not found
2025-01-13T16:08:12.7318538Z 
2025-01-13T16:08:12.7318917Z tardis/plasma/tests/test_complete_plasmas.py::TestPlasma::test_plasma_properties[radiative_rates_type:detailed-w_epsilon:1e-10-r_inner]
2025-01-13T16:08:12.7319705Z tardis/plasma/tests/test_complete_plasmas.py::TestPlasma::test_plasma_properties[radiative_rates_type:detailed-r_inner]
2025-01-13T16:08:12.7320636Z   /home/runner/work/tardis/tardis/tardis/plasma/tests/test_complete_plasmas.py:197: UserWarning:
2025-01-13T16:08:12.7321071Z   
2025-01-13T16:08:12.7321240Z   Property "r_inner" not found
2025-01-13T16:08:12.7321387Z 
2025-01-13T16:08:12.7321603Z tardis/plasma/tests/test_plasma_vboundary.py::test_plasma_vboundary[2900-3750]
2025-01-13T16:08:12.7322105Z tardis/plasma/tests/test_plasma_vboundary.py::test_plasma_vboundary[2900-3850]
2025-01-13T16:08:12.7322591Z tardis/plasma/tests/test_plasma_vboundary.py::test_plasma_vboundary[2900-3900]
2025-01-13T16:08:12.7323104Z   /home/runner/work/tardis/tardis/tardis/model/geometry/radial1d.py:71: UserWarning:
2025-01-13T16:08:12.7323483Z   
2025-01-13T16:08:12.7323757Z   Requesting inner boundary below inner shell. Extrapolating the inner cell
2025-01-13T16:08:12.7324031Z 
2025-01-13T16:08:12.7324244Z tardis/spectrum/tests/test_spectrum_solver.py::TestSpectrumSolver::test_solve
2025-01-13T16:08:12.7324733Z   /home/runner/work/tardis/tardis/tardis/spectrum/base.py:70: UserWarning:
2025-01-13T16:08:12.7325075Z   
2025-01-13T16:08:12.7325474Z   SpectrumSolver.spectrum_virtual_packets is zero. Please run the montecarlo simulation with no_of_virtual_packets > 0
2025-01-13T16:08:12.7325878Z 
2025-01-13T16:08:12.7326085Z tardis/spectrum/tests/test_spectrum_solver.py::TestSpectrumSolver::test_solve
2025-01-13T16:08:12.7326575Z   /home/runner/work/tardis/tardis/tardis/spectrum/base.py:111: UserWarning:
2025-01-13T16:08:12.7326934Z   
2025-01-13T16:08:12.7327366Z   SpectrumSolver.integrator: The FormalIntegrator is not yet available.Please run the montecarlo simulation at least once.
2025-01-13T16:08:12.7327783Z 
2025-01-13T16:08:12.7327994Z tardis/transport/montecarlo/tests/test_vpacket.py::test_trace_vpacket_volley
2025-01-13T16:08:12.7328393Z   <string>:3: NumbaPendingDeprecationWarning:
2025-01-13T16:08:12.7328649Z   
2025-01-13T16:08:12.7330954Z   [1m[1mCode using Numba extension API maybe depending on 'old_style' error-capturing, which is deprecated and will be replaced by 'new_style' in a future release. See details at https://numba.readthedocs.io/en/latest/reference/deprecation.html#deprecation-of-old-style-numba-captured-errors
2025-01-13T16:08:12.7331949Z   Exception origin:
2025-01-13T16:08:12.7332318Z     File "/home/runner/micromamba/envs/tardis/lib/python3.12/inspect.py", line 3180, in _bind
2025-01-13T16:08:12.7332742Z       raise TypeError(msg) from None
2025-01-13T16:08:12.7332997Z   [0m[0m
2025-01-13T16:08:12.7333093Z 
2025-01-13T16:08:12.7333425Z tardis/visualization/tools/tests/test_sdec_plot.py::TestSDECPlotter::test_mpl_image[plotter_generate_plot_mpl4]
2025-01-13T16:08:12.7334104Z   /home/runner/work/tardis/tardis/tardis/visualization/tools/sdec_plot.py:1225: RuntimeWarning:
2025-01-13T16:08:12.7334535Z   
2025-01-13T16:08:12.7335454Z   More than 20 figures have been opened. Figures created through the pyplot interface (`matplotlib.pyplot.figure`) are retained until explicitly closed and may consume too much memory. (To control this warning, see the rcParam `figure.max_open_warning`). Consider using `matplotlib.pyplot.close()`.
2025-01-13T16:08:12.7336371Z 
2025-01-13T16:08:12.7336720Z tardis/visualization/widgets/tests/test_custom_abundance.py::TestCustomAbundanceWidget::test_update_input_item_value
2025-01-13T16:08:12.7337611Z tardis/visualization/widgets/tests/test_custom_abundance.py::TestCustomAbundanceWidget::test_update_input_item_value
2025-01-13T16:08:12.7338373Z tardis/visualization/widgets/tests/test_custom_abundance.py::TestCustomAbundanceWidget::test_update_input_item_value
2025-01-13T16:08:12.7339127Z tardis/visualization/widgets/tests/test_custom_abundance.py::TestCustomAbundanceWidget::test_update_input_item_value
2025-01-13T16:08:12.7339877Z tardis/visualization/widgets/tests/test_custom_abundance.py::TestCustomAbundanceWidget::test_update_input_item_value
2025-01-13T16:08:12.7340732Z tardis/visualization/widgets/tests/test_custom_abundance.py::TestCustomAbundanceWidget::test_update_input_item_value
2025-01-13T16:08:12.7341618Z   /home/runner/micromamba/envs/tardis/lib/python3.12/site-packages/traitlets/traitlets.py:1385: DeprecationWarning:
2025-01-13T16:08:12.7342114Z   
2025-01-13T16:08:12.7342387Z   Passing unrecognized arguments to super(Checkbox).__init__(icon='lock').
2025-01-13T16:08:12.7342827Z   object.__init__() takes exactly one argument (the instance to initialize)
2025-01-13T16:08:12.7343323Z   This is deprecated in traitlets 4.2.This error will be raised in a future release of traitlets.
2025-01-13T16:08:12.7343639Z 
2025-01-13T16:08:12.7343987Z tardis/visualization/widgets/tests/test_custom_abundance.py::TestCustomAbundanceWidget::test_update_input_item_value
2025-01-13T16:08:12.7344743Z tardis/visualization/widgets/tests/test_custom_abundance.py::TestCustomAbundanceWidget::test_update_input_item_value
2025-01-13T16:08:12.7345505Z   /home/runner/micromamba/envs/tardis/lib/python3.12/site-packages/traitlets/traitlets.py:1385: DeprecationWarning:
2025-01-13T16:08:12.7346000Z   
2025-01-13T16:08:12.7346266Z   Passing unrecognized arguments to super(FloatText).__init__(min=0).
2025-01-13T16:08:12.7346699Z   object.__init__() takes exactly one argument (the instance to initialize)
2025-01-13T16:08:12.7347182Z   This is deprecated in traitlets 4.2.This error will be raised in a future release of traitlets.
2025-01-13T16:08:12.7347496Z 
2025-01-13T16:08:12.7347851Z tardis/visualization/widgets/tests/test_custom_abundance.py::TestCustomAbundanceWidget::test_update_input_item_value
2025-01-13T16:08:12.7348612Z   /home/runner/micromamba/envs/tardis/lib/python3.12/site-packages/traitlets/traitlets.py:1385: DeprecationWarning:
2025-01-13T16:08:12.7349101Z   
2025-01-13T16:08:12.7349366Z   Passing unrecognized arguments to super(HTML).__init__(indent=True).
2025-01-13T16:08:12.7349795Z   object.__init__() takes exactly one argument (the instance to initialize)
2025-01-13T16:08:12.7350278Z   This is deprecated in traitlets 4.2.This error will be raised in a future release of traitlets.
2025-01-13T16:08:12.7350710Z 
2025-01-13T16:08:12.7351133Z tardis/visualization/widgets/tests/test_line_info.py::TestLineInfoWidgetData::test_get_species_interactions[wavelength_range0-packet_out_nu]
2025-01-13T16:08:12.7351944Z   /home/runner/micromamba/envs/tardis/lib/python3.12/site-packages/qgridnext/grid.py:814: DeprecationWarning:
2025-01-13T16:08:12.7352414Z   
2025-01-13T16:08:12.7352741Z   QgridWidget._df_changed is deprecated in traitlets 4.1: use @observe and @unobserve instead.
2025-01-13T16:08:12.7353065Z 
2025-01-13T16:08:12.7353320Z tardis/visualization/widgets/tests/test_shell_info.py::TestHDFShellInfo::test_shells_data
2025-01-13T16:08:12.7353860Z   /home/runner/work/tardis/tardis/tardis/io/util.py:289: PerformanceWarning:
2025-01-13T16:08:12.7354210Z   
2025-01-13T16:08:12.7354366Z   
2025-01-13T16:08:12.7354650Z   your performance may suffer as PyTables will pickle object types that it cannot
2025-01-13T16:08:12.7355188Z   map directly to c-types [inferred_type->mixed,key->block0_values] [items->Index([0], dtype='int64')]
2025-01-13T16:08:12.7355525Z 
2025-01-13T16:08:12.7355775Z tardis/visualization/widgets/tests/test_shell_info.py::TestHDFShellInfo::test_shells_data
2025-01-13T16:08:12.7356309Z   /home/runner/work/tardis/tardis/tardis/io/util.py:292: PerformanceWarning:
2025-01-13T16:08:12.7356658Z   
2025-01-13T16:08:12.7356811Z   
2025-01-13T16:08:12.7357205Z   your performance may suffer as PyTables will pickle object types that it cannot
2025-01-13T16:08:12.7357671Z   map directly to c-types [inferred_type->mixed,key->values] [items->None]
2025-01-13T16:08:12.7357926Z 
2025-01-13T16:08:12.7358180Z tardis/visualization/widgets/tests/test_shell_info.py::TestHDFShellInfo::test_shells_data
2025-01-13T16:08:12.7358748Z   /home/runner/work/tardis/tardis/tardis/spectrum/formal_integral.py:398: UserWarning:
2025-01-13T16:08:12.7359136Z   
2025-01-13T16:08:12.7359407Z   The number of interpolate_shells was not specified. The value was set to 80.
2025-01-13T16:08:12.7359785Z 
2025-01-13T16:08:12.7359972Z -- Docs: https://docs.pytest.org/en/stable/how-to/capture-warnings.html
2025-01-13T16:08:12.7360237Z 
2025-01-13T16:08:12.7360397Z ---------- coverage: platform linux, python 3.12.4-final-0 -----------
2025-01-13T16:08:12.7360886Z Coverage HTML written to dir coverage_html_report
2025-01-13T16:08:12.7361181Z Coverage XML written to file coverage.xml
2025-01-13T16:08:12.7361355Z 
2025-01-13T16:08:12.7361494Z =========================== short test summary info ============================
2025-01-13T16:08:12.7362441Z FAILED tardis/opacities/tests/test_tau_sobolev.py::test_calculate_sobolev_line_opacity - FileNotFoundError: File /home/runner/work/tardis/tardis/tardis-regression-data/test_tau_sobolev/test_calculate_sobolev_line_opacity.h5 does not exist
2025-01-13T16:08:12.7363960Z FAILED tardis/opacities/tests/test_tau_sobolev.py::test_calculate_beta_sobolevs - FileNotFoundError: [Errno 2] No such file or directory: '/home/runner/work/tardis/tardis/tardis-regression-data/test_tau_sobolev/test_calculate_beta_sobolevs.npy'
2025-01-13T16:08:12.7365011Z = 2 failed, 1436 passed, 329 skipped, 2 deselected, 19 xfailed, 8 xpassed, 91 warnings in 762.24s (0:12:42) =
2025-01-13T16:08:15.3692584Z ##[error]Process completed with exit code 1.
2025-01-13T16:08:15.3767679Z Post job cleanup.
2025-01-13T16:08:15.3798085Z Post job cleanup.
2025-01-13T16:08:15.5127256Z Will use pre-installed micromamba at /home/runner/micromamba-bin/micromamba
2025-01-13T16:08:15.5133775Z Removing micromamba run shell ...
2025-01-13T16:08:15.5137208Z ##[group]Deinitialize micromamba for bash
2025-01-13T16:08:15.5156033Z [command]/home/runner/micromamba-bin/micromamba shell deinit -s bash -r /home/runner/micromamba --log-level warning --rc-file /home/runner/work/_temp/setup-micromamba/.condarc
2025-01-13T16:08:15.5254098Z Resetting RC file "/home/runner/.bashrc"
2025-01-13T16:08:15.5254620Z Deleting config for root prefix 
2025-01-13T16:08:15.5255095Z Clearing mamba executable environment variable
2025-01-13T16:08:15.5257047Z Removing the following in your "/home/runner/.bashrc" file
2025-01-13T16:08:15.5257633Z # >>> mamba initialize >>>
2025-01-13T16:08:15.5257985Z ...
2025-01-13T16:08:15.5258229Z # <<< mamba initialize <<<
2025-01-13T16:08:15.5286717Z Removing mamba initialize block from .bash_profile
2025-01-13T16:08:15.5302038Z ##[endgroup]
2025-01-13T16:08:15.5306413Z Removing environment tardis from auto-activate bash ...
2025-01-13T16:08:15.5425201Z Post job cleanup.
2025-01-13T16:08:15.5475646Z Post job cleanup.
2025-01-13T16:08:15.6456258Z [command]/usr/bin/git version
2025-01-13T16:08:15.6493633Z git version 2.47.1
2025-01-13T16:08:15.6537204Z Temporarily overriding HOME='/home/runner/work/_temp/fc6134e2-4058-4af7-9038-47dc038f50c2' before making global git config changes
2025-01-13T16:08:15.6538524Z Adding repository directory to the temporary git global config as a safe directory
2025-01-13T16:08:15.6551284Z [command]/usr/bin/git config --global --add safe.directory /home/runner/work/tardis/tardis/tardis-regression-data
2025-01-13T16:08:15.6587259Z [command]/usr/bin/git config --local --name-only --get-regexp core\.sshCommand
2025-01-13T16:08:15.6620401Z [command]/usr/bin/git submodule foreach --recursive sh -c "git config --local --name-only --get-regexp 'core\.sshCommand' && git config --local --unset-all 'core.sshCommand' || :"
2025-01-13T16:08:15.6852914Z [command]/usr/bin/git config --local --name-only --get-regexp http\.https\:\/\/github\.com\/\.extraheader
2025-01-13T16:08:15.6873112Z http.https://github.com/.extraheader
2025-01-13T16:08:15.6885316Z [command]/usr/bin/git config --local --unset-all http.https://github.com/.extraheader
2025-01-13T16:08:15.6917069Z [command]/usr/bin/git submodule foreach --recursive sh -c "git config --local --name-only --get-regexp 'http\.https\:\/\/github\.com\/\.extraheader' && git config --local --unset-all 'http.https://github.com/.extraheader' || :"
2025-01-13T16:08:15.7264602Z Post job cleanup.
2025-01-13T16:08:15.8237466Z [command]/usr/bin/git version
2025-01-13T16:08:15.8275216Z git version 2.47.1
2025-01-13T16:08:15.8319387Z Temporarily overriding HOME='/home/runner/work/_temp/bcfc7120-d317-4c6b-bdd7-7d32800c1991' before making global git config changes
2025-01-13T16:08:15.8320886Z Adding repository directory to the temporary git global config as a safe directory
2025-01-13T16:08:15.8326006Z [command]/usr/bin/git config --global --add safe.directory /home/runner/work/tardis/tardis
2025-01-13T16:08:15.8363140Z [command]/usr/bin/git config --local --name-only --get-regexp core\.sshCommand
2025-01-13T16:08:15.8395420Z [command]/usr/bin/git submodule foreach --recursive sh -c "git config --local --name-only --get-regexp 'core\.sshCommand' && git config --local --unset-all 'core.sshCommand' || :"
2025-01-13T16:08:15.8631440Z [command]/usr/bin/git config --local --name-only --get-regexp http\.https\:\/\/github\.com\/\.extraheader
2025-01-13T16:08:15.8652222Z http.https://github.com/.extraheader
2025-01-13T16:08:15.8664752Z [command]/usr/bin/git config --local --unset-all http.https://github.com/.extraheader
2025-01-13T16:08:15.8695255Z [command]/usr/bin/git submodule foreach --recursive sh -c "git config --local --name-only --get-regexp 'http\.https\:\/\/github\.com\/\.extraheader' && git config --local --unset-all 'http.https://github.com/.extraheader' || :"
2025-01-13T16:08:15.9027726Z Cleaning up orphan processes
