2025-02-21T11:54:10.4541182Z Requested labels: macos-latest
2025-02-21T11:54:10.4541473Z Job defined at: tardis-sn/tardis/.github/workflows/tests.yml@refs/pull/2977/merge
2025-02-21T11:54:10.4541564Z Waiting for a runner to pick up this job...
2025-02-21T11:54:10.6373522Z Job is waiting for a hosted runner to come online.
2025-02-21T11:54:13.7143568Z Job is about to start running on the hosted runner: GitHub Actions 1 (hosted)
2025-02-21T11:54:14.5808390Z Current runner version: '2.322.0'
2025-02-21T11:54:14.5832960Z ##[group]Operating System
2025-02-21T11:54:14.5833700Z macOS
2025-02-21T11:54:14.5834110Z 14.7.2
2025-02-21T11:54:14.5834500Z 23H311
2025-02-21T11:54:14.5834890Z ##[endgroup]
2025-02-21T11:54:14.5835300Z ##[group]Runner Image
2025-02-21T11:54:14.5835730Z Image: macos-14-arm64
2025-02-21T11:54:14.5836150Z Version: 20250120.774
2025-02-21T11:54:14.5836930Z Included Software: https://github.com/actions/runner-images/blob/macos-14-arm64/20250120.774/images/macos/macos-14-arm64-Readme.md
2025-02-21T11:54:14.5838100Z Image Release: https://github.com/actions/runner-images/releases/tag/macos-14-arm64%2F20250120.774
2025-02-21T11:54:14.5838780Z ##[endgroup]
2025-02-21T11:54:14.5839340Z ##[group]Runner Image Provisioner
2025-02-21T11:54:14.5839850Z 2.0.422.1+55c30c14fe2a0a1547db1b656933ae07d97649a9
2025-02-21T11:54:14.5840600Z ##[endgroup]
2025-02-21T11:54:14.5842150Z ##[group]GITHUB_TOKEN Permissions
2025-02-21T11:54:14.5843690Z Actions: read
2025-02-21T11:54:14.5844120Z Attestations: read
2025-02-21T11:54:14.5844530Z Checks: read
2025-02-21T11:54:14.5845070Z Contents: read
2025-02-21T11:54:14.5845960Z Deployments: read
2025-02-21T11:54:14.5846730Z Discussions: read
2025-02-21T11:54:14.5847160Z Issues: read
2025-02-21T11:54:14.5847570Z Metadata: read
2025-02-21T11:54:14.5847970Z Packages: read
2025-02-21T11:54:14.5848380Z Pages: read
2025-02-21T11:54:14.5848830Z PullRequests: read
2025-02-21T11:54:14.5849960Z RepositoryProjects: read
2025-02-21T11:54:14.5850820Z SecurityEvents: read
2025-02-21T11:54:14.5851250Z Statuses: read
2025-02-21T11:54:14.5851660Z ##[endgroup]
2025-02-21T11:54:14.5853930Z Secret source: None
2025-02-21T11:54:14.5854420Z Prepare workflow directory
2025-02-21T11:54:14.6183080Z Prepare all required actions
2025-02-21T11:54:14.6207710Z Getting action download info
2025-02-21T11:54:14.8007820Z ##[group]Download immutable action package 'actions/checkout@v4'
2025-02-21T11:54:14.8008550Z Version: 4.2.2
2025-02-21T11:54:14.8009280Z Digest: sha256:ccb2698953eaebd21c7bf6268a94f9c26518a7e38e27e0b83c1fe1ad049819b1
2025-02-21T11:54:14.8010130Z Source commit SHA: 11bd71901bbe5b1630ceea73d27597364c9af683
2025-02-21T11:54:14.8010670Z ##[endgroup]
2025-02-21T11:54:15.1658890Z ##[group]Download immutable action package 'actions/upload-artifact@v4'
2025-02-21T11:54:15.1659650Z Version: 4.6.0
2025-02-21T11:54:15.1660220Z Digest: sha256:bf85474c8423f9cd48bd2caf3ce5adb1711e2dfdb055b040bd36b044e4290329
2025-02-21T11:54:15.1660930Z Source commit SHA: 65c4c4a1ddee5b72f698fdd19549f0f0fb45cf08
2025-02-21T11:54:15.1661460Z ##[endgroup]
2025-02-21T11:54:15.3875720Z Complete job name: not continuum macos-latest 
2025-02-21T11:54:15.4283940Z ##[group]Run actions/checkout@v4
2025-02-21T11:54:15.4284620Z with:
2025-02-21T11:54:15.4285010Z   repository: tardis-sn/tardis
2025-02-21T11:54:15.4285610Z   token: ***
2025-02-21T11:54:15.4285980Z   ssh-strict: true
2025-02-21T11:54:15.4286360Z   ssh-user: git
2025-02-21T11:54:15.4286730Z   persist-credentials: true
2025-02-21T11:54:15.4287140Z   clean: true
2025-02-21T11:54:15.4287520Z   sparse-checkout-cone-mode: true
2025-02-21T11:54:15.4287950Z   fetch-depth: 1
2025-02-21T11:54:15.4288320Z   fetch-tags: false
2025-02-21T11:54:15.4288690Z   show-progress: true
2025-02-21T11:54:15.4289070Z   lfs: false
2025-02-21T11:54:15.4289430Z   submodules: false
2025-02-21T11:54:15.4289810Z   set-safe-directory: true
2025-02-21T11:54:15.4290310Z env:
2025-02-21T11:54:15.4290650Z   CACHE_NUMBER: 0
2025-02-21T11:54:15.4291520Z   PYTEST_FLAGS: --tardis-regression-data=/Users/runner/work/tardis/tardis/tardis-regression-data --cov=tardis --cov-report=xml --cov-report=html --cov-append
2025-02-21T11:54:15.4292420Z   CODECOV_TOKEN: 
2025-02-21T11:54:15.4292800Z ##[endgroup]
2025-02-21T11:54:15.8383500Z Syncing repository: tardis-sn/tardis
2025-02-21T11:54:15.8384900Z ##[group]Getting Git version info
2025-02-21T11:54:15.8385460Z Working directory is '/Users/runner/work/tardis/tardis'
2025-02-21T11:54:15.8386260Z [command]/opt/homebrew/bin/git version
2025-02-21T11:54:15.8891760Z git version 2.48.1
2025-02-21T11:54:15.8921540Z ##[endgroup]
2025-02-21T11:54:15.8927430Z Copying '/Users/runner/.gitconfig' to '/Users/runner/work/_temp/6d5640d3-524a-4c1c-aeca-35882301e984/.gitconfig'
2025-02-21T11:54:15.8934300Z Temporarily overriding HOME='/Users/runner/work/_temp/6d5640d3-524a-4c1c-aeca-35882301e984' before making global git config changes
2025-02-21T11:54:15.8935550Z Adding repository directory to the temporary git global config as a safe directory
2025-02-21T11:54:15.8938330Z [command]/opt/homebrew/bin/git config --global --add safe.directory /Users/runner/work/tardis/tardis
2025-02-21T11:54:15.9020970Z Deleting the contents of '/Users/runner/work/tardis/tardis'
2025-02-21T11:54:15.9023200Z ##[group]Initializing the repository
2025-02-21T11:54:15.9027200Z [command]/opt/homebrew/bin/git init /Users/runner/work/tardis/tardis
2025-02-21T11:54:15.9177040Z hint: Using 'master' as the name for the initial branch. This default branch name
2025-02-21T11:54:15.9178150Z hint: is subject to change. To configure the initial branch name to use in all
2025-02-21T11:54:15.9179490Z hint: of your new repositories, which will suppress this warning, call:
2025-02-21T11:54:15.9180190Z hint:
2025-02-21T11:54:15.9180790Z hint: 	git config --global init.defaultBranch <name>
2025-02-21T11:54:15.9181470Z hint:
2025-02-21T11:54:15.9181950Z hint: Names commonly chosen instead of 'master' are 'main', 'trunk' and
2025-02-21T11:54:15.9182660Z hint: 'development'. The just-created branch can be renamed via this command:
2025-02-21T11:54:15.9183300Z hint:
2025-02-21T11:54:15.9183790Z hint: 	git branch -m <name>
2025-02-21T11:54:15.9184370Z Initialized empty Git repository in /Users/runner/work/tardis/tardis/.git/
2025-02-21T11:54:15.9186180Z [command]/opt/homebrew/bin/git remote add origin https://github.com/tardis-sn/tardis
2025-02-21T11:54:15.9240670Z ##[endgroup]
2025-02-21T11:54:15.9241450Z ##[group]Disabling automatic garbage collection
2025-02-21T11:54:15.9243040Z [command]/opt/homebrew/bin/git config --local gc.auto 0
2025-02-21T11:54:15.9290750Z ##[endgroup]
2025-02-21T11:54:15.9339970Z ##[group]Setting up auth
2025-02-21T11:54:15.9340800Z [command]/opt/homebrew/bin/git config --local --name-only --get-regexp core\.sshCommand
2025-02-21T11:54:15.9348880Z [command]/opt/homebrew/bin/git submodule foreach --recursive sh -c "git config --local --name-only --get-regexp 'core\.sshCommand' && git config --local --unset-all 'core.sshCommand' || :"
2025-02-21T11:54:16.0069160Z [command]/opt/homebrew/bin/git config --local --name-only --get-regexp http\.https\:\/\/github\.com\/\.extraheader
2025-02-21T11:54:16.0117830Z [command]/opt/homebrew/bin/git submodule foreach --recursive sh -c "git config --local --name-only --get-regexp 'http\.https\:\/\/github\.com\/\.extraheader' && git config --local --unset-all 'http.https://github.com/.extraheader' || :"
2025-02-21T11:54:16.0727790Z [command]/opt/homebrew/bin/git config --local http.https://github.com/.extraheader AUTHORIZATION: basic ***
2025-02-21T11:54:16.0816440Z ##[endgroup]
2025-02-21T11:54:16.0818120Z ##[group]Fetching the repository
2025-02-21T11:54:16.0821410Z [command]/opt/homebrew/bin/git -c protocol.version=2 fetch --no-tags --prune --no-recurse-submodules --depth=1 origin +0356c8c11a4d7a951db9910bceef16e944d505be:refs/remotes/pull/2977/merge
2025-02-21T11:54:18.3401030Z From https://github.com/tardis-sn/tardis
2025-02-21T11:54:18.3402380Z  * [new ref]         0356c8c11a4d7a951db9910bceef16e944d505be -> pull/2977/merge
2025-02-21T11:54:18.3457630Z ##[endgroup]
2025-02-21T11:54:18.3458520Z ##[group]Determining the checkout info
2025-02-21T11:54:18.3459380Z ##[endgroup]
2025-02-21T11:54:18.3462100Z [command]/opt/homebrew/bin/git sparse-checkout disable
2025-02-21T11:54:18.3523780Z [command]/opt/homebrew/bin/git config --local --unset-all extensions.worktreeConfig
2025-02-21T11:54:18.3571910Z ##[group]Checking out the ref
2025-02-21T11:54:18.3573100Z [command]/opt/homebrew/bin/git checkout --progress --force refs/remotes/pull/2977/merge
2025-02-21T11:54:18.6049230Z HEAD is now at 0356c8c Merge daec8ae2fb41bd7ca7d59af0fbab183c965afca9 into cec8b531cc56e66219fe3ca2efdbf837c008b852
2025-02-21T11:54:18.6232440Z ##[endgroup]
2025-02-21T11:54:18.6234610Z [command]/opt/homebrew/bin/git log -1 --format=%H
2025-02-21T11:54:18.6235560Z 0356c8c11a4d7a951db9910bceef16e944d505be
2025-02-21T11:54:18.6568090Z Prepare all required actions
2025-02-21T11:54:18.6569230Z Getting action download info
2025-02-21T11:54:18.7890340Z ##[group]Download immutable action package 'actions/cache@v4'
2025-02-21T11:54:18.7891480Z Version: 4.2.1
2025-02-21T11:54:18.7892570Z Digest: sha256:b0404c9628d43aa6855629075b28f32cadf8efc5c26198438149f78500112940
2025-02-21T11:54:18.7893960Z Source commit SHA: 0c907a75c2c80ebcb7f088228285e798b750cf8f
2025-02-21T11:54:18.7895020Z ##[endgroup]
2025-02-21T11:54:19.4785130Z ##[group]Run ./.github/actions/setup_lfs
2025-02-21T11:54:19.4785610Z with:
2025-02-21T11:54:19.4786050Z   regression-data-repo: tardis-sn/tardis-regression-data
2025-02-21T11:54:19.4786550Z   atom-data-sparse: false
2025-02-21T11:54:19.4786920Z env:
2025-02-21T11:54:19.4787250Z   CACHE_NUMBER: 0
2025-02-21T11:54:19.4787990Z   PYTEST_FLAGS: --tardis-regression-data=/Users/runner/work/tardis/tardis/tardis-regression-data --cov=tardis --cov-report=xml --cov-report=html --cov-append
2025-02-21T11:54:19.4788760Z   CODECOV_TOKEN: 
2025-02-21T11:54:19.4789100Z ##[endgroup]
2025-02-21T11:54:19.4951210Z ##[group]Run actions/checkout@v4
2025-02-21T11:54:19.4951650Z with:
2025-02-21T11:54:19.4952020Z   repository: tardis-sn/tardis-regression-data
2025-02-21T11:54:19.4952440Z   path: tardis-regression-data
2025-02-21T11:54:19.4952810Z   lfs: false
2025-02-21T11:54:19.4953360Z   token: ***
2025-02-21T11:54:19.4953700Z   ssh-strict: true
2025-02-21T11:54:19.4954040Z   ssh-user: git
2025-02-21T11:54:19.4954400Z   persist-credentials: true
2025-02-21T11:54:19.4954750Z   clean: true
2025-02-21T11:54:19.4955100Z   sparse-checkout-cone-mode: true
2025-02-21T11:54:19.4955480Z   fetch-depth: 1
2025-02-21T11:54:19.4955840Z   fetch-tags: false
2025-02-21T11:54:19.4956170Z   show-progress: true
2025-02-21T11:54:19.4956530Z   submodules: false
2025-02-21T11:54:19.4956870Z   set-safe-directory: true
2025-02-21T11:54:19.4957220Z env:
2025-02-21T11:54:19.4957530Z   CACHE_NUMBER: 0
2025-02-21T11:54:19.4958250Z   PYTEST_FLAGS: --tardis-regression-data=/Users/runner/work/tardis/tardis/tardis-regression-data --cov=tardis --cov-report=xml --cov-report=html --cov-append
2025-02-21T11:54:19.4959130Z   CODECOV_TOKEN: 
2025-02-21T11:54:19.4959470Z ##[endgroup]
2025-02-21T11:54:19.7177410Z Syncing repository: tardis-sn/tardis-regression-data
2025-02-21T11:54:19.7256360Z ##[group]Getting Git version info
2025-02-21T11:54:19.7271440Z Working directory is '/Users/runner/work/tardis/tardis/tardis-regression-data'
2025-02-21T11:54:19.7308270Z [command]/opt/homebrew/bin/git version
2025-02-21T11:54:19.7321150Z git version 2.48.1
2025-02-21T11:54:19.7476600Z ##[endgroup]
2025-02-21T11:54:19.7490650Z Copying '/Users/runner/.gitconfig' to '/Users/runner/work/_temp/49a951ae-0566-4d53-8299-a713bd0a998c/.gitconfig'
2025-02-21T11:54:19.7491880Z Temporarily overriding HOME='/Users/runner/work/_temp/49a951ae-0566-4d53-8299-a713bd0a998c' before making global git config changes
2025-02-21T11:54:19.7494970Z Adding repository directory to the temporary git global config as a safe directory
2025-02-21T11:54:19.7498500Z [command]/opt/homebrew/bin/git config --global --add safe.directory /Users/runner/work/tardis/tardis/tardis-regression-data
2025-02-21T11:54:19.7524930Z ##[group]Initializing the repository
2025-02-21T11:54:19.7530750Z [command]/opt/homebrew/bin/git init /Users/runner/work/tardis/tardis/tardis-regression-data
2025-02-21T11:54:19.7536150Z hint: Using 'master' as the name for the initial branch. This default branch name
2025-02-21T11:54:19.7539190Z hint: is subject to change. To configure the initial branch name to use in all
2025-02-21T11:54:19.7543150Z hint: of your new repositories, which will suppress this warning, call:
2025-02-21T11:54:19.7557490Z hint:
2025-02-21T11:54:19.7562450Z hint: 	git config --global init.defaultBranch <name>
2025-02-21T11:54:19.7565400Z hint:
2025-02-21T11:54:19.7598620Z hint: Names commonly chosen instead of 'master' are 'main', 'trunk' and
2025-02-21T11:54:19.7612620Z hint: 'development'. The just-created branch can be renamed via this command:
2025-02-21T11:54:19.7613160Z hint:
2025-02-21T11:54:19.7613570Z hint: 	git branch -m <name>
2025-02-21T11:54:19.7614190Z Initialized empty Git repository in /Users/runner/work/tardis/tardis/tardis-regression-data/.git/
2025-02-21T11:54:19.7615730Z [command]/opt/homebrew/bin/git remote add origin https://github.com/tardis-sn/tardis-regression-data
2025-02-21T11:54:19.7617020Z ##[endgroup]
2025-02-21T11:54:19.7617750Z ##[group]Disabling automatic garbage collection
2025-02-21T11:54:19.7618300Z [command]/opt/homebrew/bin/git config --local gc.auto 0
2025-02-21T11:54:19.7619570Z ##[endgroup]
2025-02-21T11:54:19.7620140Z ##[group]Setting up auth
2025-02-21T11:54:19.7620730Z [command]/opt/homebrew/bin/git config --local --name-only --get-regexp core\.sshCommand
2025-02-21T11:54:19.7622200Z [command]/opt/homebrew/bin/git submodule foreach --recursive sh -c "git config --local --name-only --get-regexp 'core\.sshCommand' && git config --local --unset-all 'core.sshCommand' || :"
2025-02-21T11:54:19.7963680Z [command]/opt/homebrew/bin/git config --local --name-only --get-regexp http\.https\:\/\/github\.com\/\.extraheader
2025-02-21T11:54:19.8009650Z [command]/opt/homebrew/bin/git submodule foreach --recursive sh -c "git config --local --name-only --get-regexp 'http\.https\:\/\/github\.com\/\.extraheader' && git config --local --unset-all 'http.https://github.com/.extraheader' || :"
2025-02-21T11:54:19.8874350Z [command]/opt/homebrew/bin/git config --local http.https://github.com/.extraheader AUTHORIZATION: basic ***
2025-02-21T11:54:19.9207830Z ##[endgroup]
2025-02-21T11:54:19.9309970Z ##[group]Determining the default branch
2025-02-21T11:54:19.9411950Z Retrieving the default branch name
2025-02-21T11:54:20.4277570Z Default branch 'main'
2025-02-21T11:54:20.4413290Z ##[endgroup]
2025-02-21T11:54:20.4436040Z ##[group]Fetching the repository
2025-02-21T11:54:20.4549190Z [command]/opt/homebrew/bin/git -c protocol.version=2 fetch --no-tags --prune --no-recurse-submodules --depth=1 origin +refs/heads/main:refs/remotes/origin/main
2025-02-21T11:54:21.6897210Z From https://github.com/tardis-sn/tardis-regression-data
2025-02-21T11:54:21.6903230Z  * [new branch]      main       -> origin/main
2025-02-21T11:54:21.7021680Z ##[endgroup]
2025-02-21T11:54:21.7022090Z ##[group]Determining the checkout info
2025-02-21T11:54:21.7022690Z ##[endgroup]
2025-02-21T11:54:21.7029380Z [command]/opt/homebrew/bin/git sparse-checkout disable
2025-02-21T11:54:21.7161530Z [command]/opt/homebrew/bin/git config --local --unset-all extensions.worktreeConfig
2025-02-21T11:54:21.7235190Z ##[group]Checking out the ref
2025-02-21T11:54:21.7245480Z [command]/opt/homebrew/bin/git checkout --progress --force -B main refs/remotes/origin/main
2025-02-21T11:54:22.1219230Z Switched to a new branch 'main'
2025-02-21T11:54:22.1327650Z branch 'main' set up to track 'origin/main'.
2025-02-21T11:54:22.2566380Z ##[endgroup]
2025-02-21T11:54:22.2651820Z [command]/opt/homebrew/bin/git log -1 --format=%H
2025-02-21T11:54:22.2700510Z 84e768462f20f09fbccc05625cdcc1d8ffbe404c
2025-02-21T11:54:22.2929260Z ##[group]Run if [ "false" == "true" ]; then
2025-02-21T11:54:22.2930390Z [36;1mif [ "false" == "true" ]; then[0m
2025-02-21T11:54:22.2931160Z [36;1m  echo "Using atom data sparse checkout"[0m
2025-02-21T11:54:22.2932010Z [36;1m  echo "atom_data/kurucz_cd23_chianti_H_He.h5" > .lfs-files-list[0m
2025-02-21T11:54:22.2933000Z [36;1melse[0m
2025-02-21T11:54:22.2933480Z [36;1m  echo "Using full repository checkout"[0m
2025-02-21T11:54:22.2934290Z [36;1m  git lfs ls-files -l | cut -d' ' -f1 | sort > .lfs-files-list[0m
2025-02-21T11:54:22.2935800Z [36;1mfi[0m
2025-02-21T11:54:22.3088580Z shell: /bin/bash --noprofile --norc -e -o pipefail {0}
2025-02-21T11:54:22.3094120Z env:
2025-02-21T11:54:22.3094540Z   CACHE_NUMBER: 0
2025-02-21T11:54:22.3095980Z   PYTEST_FLAGS: --tardis-regression-data=/Users/runner/work/tardis/tardis/tardis-regression-data --cov=tardis --cov-report=xml --cov-report=html --cov-append
2025-02-21T11:54:22.3097620Z   CODECOV_TOKEN: 
2025-02-21T11:54:22.3098350Z ##[endgroup]
2025-02-21T11:54:22.3628450Z Using full repository checkout
2025-02-21T11:54:22.7904960Z ##[group]Run actions/cache/restore@v4
2025-02-21T11:54:22.7905300Z with:
2025-02-21T11:54:22.7905480Z   path: tardis-regression-data/.git/lfs
2025-02-21T11:54:22.7906090Z   key: tardis-regression-full-data-c8ff2bbb6048b3f24d3f52a1e85b013ad47e52c369a6ce4cfdeff528b659b86f-tardis-sn/tardis-regression-data-v1
2025-02-21T11:54:22.7906650Z   fail-on-cache-miss: true
2025-02-21T11:54:22.7906860Z   enableCrossOsArchive: false
2025-02-21T11:54:22.7907050Z   lookup-only: false
2025-02-21T11:54:22.7907210Z env:
2025-02-21T11:54:22.7907370Z   CACHE_NUMBER: 0
2025-02-21T11:54:22.7907910Z   PYTEST_FLAGS: --tardis-regression-data=/Users/runner/work/tardis/tardis/tardis-regression-data --cov=tardis --cov-report=xml --cov-report=html --cov-append
2025-02-21T11:54:22.7908460Z   CODECOV_TOKEN: 
2025-02-21T11:54:22.7908610Z ##[endgroup]
2025-02-21T11:54:23.0200480Z Cache hit for: tardis-regression-full-data-c8ff2bbb6048b3f24d3f52a1e85b013ad47e52c369a6ce4cfdeff528b659b86f-tardis-sn/tardis-regression-data-v1
2025-02-21T11:54:24.0555430Z Received 37748736 of 2161656325 (1.7%), 36.0 MBs/sec
2025-02-21T11:54:25.0549590Z Received 88080384 of 2161656325 (4.1%), 42.0 MBs/sec
2025-02-21T11:54:26.0553320Z Received 150994944 of 2161656325 (7.0%), 48.0 MBs/sec
2025-02-21T11:54:27.0554430Z Received 209715200 of 2161656325 (9.7%), 50.0 MBs/sec
2025-02-21T11:54:28.0561730Z Received 268435456 of 2161656325 (12.4%), 51.2 MBs/sec
2025-02-21T11:54:29.0562140Z Received 335544320 of 2161656325 (15.5%), 53.3 MBs/sec
2025-02-21T11:54:30.0658830Z Received 402653184 of 2161656325 (18.6%), 54.8 MBs/sec
2025-02-21T11:54:31.0652480Z Received 452984832 of 2161656325 (21.0%), 53.9 MBs/sec
2025-02-21T11:54:32.0664300Z Received 528482304 of 2161656325 (24.4%), 55.9 MBs/sec
2025-02-21T11:54:33.0665910Z Received 578813952 of 2161656325 (26.8%), 55.1 MBs/sec
2025-02-21T11:54:34.0660570Z Received 641728512 of 2161656325 (29.7%), 55.6 MBs/sec
2025-02-21T11:54:35.0795820Z Received 687865856 of 2161656325 (31.8%), 54.6 MBs/sec
2025-02-21T11:54:36.0788400Z Received 746586112 of 2161656325 (34.5%), 54.7 MBs/sec
2025-02-21T11:54:37.0877710Z Received 805306368 of 2161656325 (37.3%), 54.8 MBs/sec
2025-02-21T11:54:38.0814850Z Received 872415232 of 2161656325 (40.4%), 55.4 MBs/sec
2025-02-21T11:54:39.1092470Z Received 939524096 of 2161656325 (43.5%), 55.8 MBs/sec
2025-02-21T11:54:40.1035870Z Received 985661440 of 2161656325 (45.6%), 55.1 MBs/sec
2025-02-21T11:54:41.2497800Z Received 1073741824 of 2161656325 (49.7%), 56.3 MBs/sec
2025-02-21T11:54:42.2589650Z Received 1119879168 of 2161656325 (51.8%), 55.6 MBs/sec
2025-02-21T11:54:43.2884410Z Received 1207959552 of 2161656325 (55.9%), 56.9 MBs/sec
2025-02-21T11:54:44.2879660Z Received 1270874112 of 2161656325 (58.8%), 57.1 MBs/sec
2025-02-21T11:54:45.2929830Z Received 1342177280 of 2161656325 (62.1%), 57.6 MBs/sec
2025-02-21T11:54:46.2952490Z Received 1417674752 of 2161656325 (65.6%), 58.2 MBs/sec
2025-02-21T11:54:47.2902900Z Received 1509949440 of 2161656325 (69.9%), 59.4 MBs/sec
2025-02-21T11:54:48.2908380Z Received 1556086784 of 2161656325 (72.0%), 58.8 MBs/sec
2025-02-21T11:54:49.2923630Z Received 1614807040 of 2161656325 (74.7%), 58.7 MBs/sec
2025-02-21T11:54:50.2926370Z Received 1686110208 of 2161656325 (78.0%), 59.0 MBs/sec
2025-02-21T11:54:51.3019600Z Received 1744830464 of 2161656325 (80.7%), 58.9 MBs/sec
2025-02-21T11:54:52.2967470Z Received 1820327936 of 2161656325 (84.2%), 59.4 MBs/sec
2025-02-21T11:54:53.2999840Z Received 1879048192 of 2161656325 (86.9%), 59.3 MBs/sec
2025-02-21T11:54:54.2980520Z Received 1925185536 of 2161656325 (89.1%), 58.8 MBs/sec
2025-02-21T11:54:55.3170360Z Received 2013265920 of 2161656325 (93.1%), 59.5 MBs/sec
2025-02-21T11:54:56.3142430Z Received 2055208960 of 2161656325 (95.1%), 58.9 MBs/sec
2025-02-21T11:54:57.3143590Z Received 2122317824 of 2161656325 (98.2%), 59.1 MBs/sec
2025-02-21T11:54:57.7052880Z Received 2161656325 of 2161656325 (100.0%), 59.5 MBs/sec
2025-02-21T11:54:57.7114080Z Cache Size: ~2062 MB (2161656325 B)
2025-02-21T11:54:57.7351880Z [command]/opt/homebrew/bin/gtar -xf /Users/runner/work/_temp/7a637d7f-f14c-4bdd-9f87-0d238cb3304f/cache.tzst -P -C /Users/runner/work/tardis/tardis --delay-directory-restore --use-compress-program unzstd
2025-02-21T11:55:10.2342220Z Cache restored successfully
2025-02-21T11:55:10.4050400Z Cache restored from key: tardis-regression-full-data-c8ff2bbb6048b3f24d3f52a1e85b013ad47e52c369a6ce4cfdeff528b659b86f-tardis-sn/tardis-regression-data-v1
2025-02-21T11:55:10.4221460Z ##[group]Run git lfs checkout
2025-02-21T11:55:10.4221820Z [36;1mgit lfs checkout[0m
2025-02-21T11:55:10.4409870Z shell: /bin/bash --noprofile --norc -e -o pipefail {0}
2025-02-21T11:55:10.4410250Z env:
2025-02-21T11:55:10.4410490Z   CACHE_NUMBER: 0
2025-02-21T11:55:10.4410990Z   PYTEST_FLAGS: --tardis-regression-data=/Users/runner/work/tardis/tardis/tardis-regression-data --cov=tardis --cov-report=xml --cov-report=html --cov-append
2025-02-21T11:55:10.4411550Z   CODECOV_TOKEN: 
2025-02-21T11:55:10.4411800Z ##[endgroup]
2025-02-21T11:55:24.2364230Z Checking out LFS objects: 100% (204/204), 5.7 GB | 353 MB/s, done.
2025-02-21T11:55:36.7692200Z Prepare all required actions
2025-02-21T11:55:36.7692740Z Getting action download info
2025-02-21T11:55:36.9230150Z Download action repository 'mamba-org/setup-micromamba@v1' (SHA:4b9113af4fba0e9e1124b252dd6497a419e7396d)
2025-02-21T11:55:38.3063010Z ##[group]Run ./.github/actions/setup_env
2025-02-21T11:55:38.3063260Z with:
2025-02-21T11:55:38.3063400Z   os-label: osx-arm64
2025-02-21T11:55:38.3063620Z env:
2025-02-21T11:55:38.3063770Z   CACHE_NUMBER: 0
2025-02-21T11:55:38.3064250Z   PYTEST_FLAGS: --tardis-regression-data=/Users/runner/work/tardis/tardis/tardis-regression-data --cov=tardis --cov-report=xml --cov-report=html --cov-append
2025-02-21T11:55:38.3064900Z   CODECOV_TOKEN: 
2025-02-21T11:55:38.3065050Z ##[endgroup]
2025-02-21T11:55:38.3085550Z ##[group]Run file_hash=$(cat conda-osx-arm64.lock | shasum -a 256 | cut -d' ' -f1)
2025-02-21T11:55:38.3085970Z [36;1mfile_hash=$(cat conda-osx-arm64.lock | shasum -a 256 | cut -d' ' -f1)[0m
2025-02-21T11:55:38.3086450Z [36;1mecho "file_hash=tardis-conda-env-osx-arm64-${file_hash}-v1" >> "${GITHUB_OUTPUT}"[0m
2025-02-21T11:55:38.3141470Z shell: /bin/bash --noprofile --norc -e -o pipefail {0}
2025-02-21T11:55:38.3141760Z env:
2025-02-21T11:55:38.3141920Z   CACHE_NUMBER: 0
2025-02-21T11:55:38.3142410Z   PYTEST_FLAGS: --tardis-regression-data=/Users/runner/work/tardis/tardis/tardis-regression-data --cov=tardis --cov-report=xml --cov-report=html --cov-append
2025-02-21T11:55:38.3142920Z   CODECOV_TOKEN: 
2025-02-21T11:55:38.3143070Z ##[endgroup]
2025-02-21T11:55:38.4896480Z ##[group]Run mamba-org/setup-micromamba@v1
2025-02-21T11:55:38.4896770Z with:
2025-02-21T11:55:38.4896990Z   environment-file: conda-osx-arm64.lock
2025-02-21T11:55:38.4897560Z   cache-environment-key: tardis-conda-env-osx-arm64-bf0d0a4d4c847cca72476c6c68c493d56c484aada7e80de0e42c7607fcef5824-v1
2025-02-21T11:55:38.4898380Z   cache-downloads-key: tardis-conda-env-osx-arm64-bf0d0a4d4c847cca72476c6c68c493d56c484aada7e80de0e42c7607fcef5824-v1
2025-02-21T11:55:38.4899410Z   environment-name: tardis
2025-02-21T11:55:38.4899710Z   cache-environment: true
2025-02-21T11:55:38.4900070Z   cache-downloads: true
2025-02-21T11:55:38.4900280Z env:
2025-02-21T11:55:38.4901690Z   CACHE_NUMBER: 0
2025-02-21T11:55:38.4902300Z   PYTEST_FLAGS: --tardis-regression-data=/Users/runner/work/tardis/tardis/tardis-regression-data --cov=tardis --cov-report=xml --cov-report=html --cov-append
2025-02-21T11:55:38.4902860Z   CODECOV_TOKEN: 
2025-02-21T11:55:38.4903100Z ##[endgroup]
2025-02-21T11:55:38.8211980Z Will download micromamba to /Users/runner/micromamba-bin/micromamba
2025-02-21T11:55:38.8221170Z ##[group]Install micromamba
2025-02-21T11:55:39.4404100Z micromamba installed to /Users/runner/micromamba-bin/micromamba
2025-02-21T11:55:39.4404600Z ##[endgroup]
2025-02-21T11:55:39.4404890Z Adding conda-forge to condarc channels ...
2025-02-21T11:55:39.4411260Z ##[group]Initialize micromamba for bash.
2025-02-21T11:55:39.4421010Z [command]/Users/runner/micromamba-bin/micromamba shell init -s bash -r /Users/runner/micromamba --log-level warning --rc-file /Users/runner/work/_temp/setup-micromamba/.condarc
2025-02-21T11:55:39.4731960Z Modifying RC file "/Users/runner/.bash_profile"
2025-02-21T11:55:39.4737430Z Generating config for root prefix [1m"/Users/runner/micromamba"[0m
2025-02-21T11:55:39.4739000Z Setting mamba executable to: [1m"/Users/runner/micromamba-bin/micromamba"[0m
2025-02-21T11:55:39.4739450Z Adding (or replacing) the following in your "/Users/runner/.bash_profile" file
2025-02-21T11:55:39.4739690Z 
2025-02-21T11:55:39.4739790Z # >>> mamba initialize >>>
2025-02-21T11:55:39.4740050Z # !! Contents within this block are managed by 'mamba init' !!
2025-02-21T11:55:39.4740360Z export MAMBA_EXE='/Users/runner/micromamba-bin/micromamba';
2025-02-21T11:55:39.4740680Z export MAMBA_ROOT_PREFIX='/Users/runner/micromamba';
2025-02-21T11:55:39.4741370Z __mamba_setup="$("$MAMBA_EXE" shell hook --shell bash --root-prefix "$MAMBA_ROOT_PREFIX" 2> /dev/null)"
2025-02-21T11:55:39.4742490Z if [ $? -eq 0 ]; then
2025-02-21T11:55:39.4742950Z     eval "$__mamba_setup"
2025-02-21T11:55:39.4743550Z else
2025-02-21T11:55:39.4743790Z     alias micromamba="$MAMBA_EXE"  # Fallback on help from mamba activate
2025-02-21T11:55:39.4744060Z fi
2025-02-21T11:55:39.4744200Z unset __mamba_setup
2025-02-21T11:55:39.4744350Z # <<< mamba initialize <<<
2025-02-21T11:55:39.4744470Z 
2025-02-21T11:55:39.4744780Z ##[endgroup]
2025-02-21T11:55:39.4745240Z ##[group]Restoring downloads from `/Users/runner/micromamba/pkgs` ...
2025-02-21T11:55:40.5986200Z Received 37748736 of 310594474 (12.2%), 35.3 MBs/sec
2025-02-21T11:55:41.5989890Z Received 96468992 of 310594474 (31.1%), 45.5 MBs/sec
2025-02-21T11:55:42.5987350Z Received 142606336 of 310594474 (45.9%), 45.0 MBs/sec
2025-02-21T11:55:43.5992310Z Received 205520896 of 310594474 (66.2%), 48.8 MBs/sec
2025-02-21T11:55:44.5997800Z Received 264241152 of 310594474 (85.1%), 50.2 MBs/sec
2025-02-21T11:55:45.1344930Z Cache Size: ~296 MB (310594474 B)
2025-02-21T11:55:45.1387710Z [command]/opt/homebrew/bin/gtar -xf /Users/runner/work/_temp/f398e8fa-ce6e-4293-83fc-ff490948dc3f/cache.tzst -P -C /Users/runner/work/tardis/tardis --delay-directory-restore --use-compress-program unzstd
2025-02-21T11:55:45.6012420Z Received 310594474 of 310594474 (100.0%), 49.2 MBs/sec
2025-02-21T11:55:45.8501810Z Cache restored successfully
2025-02-21T11:55:45.8558770Z Restored cache with key `tardis-conda-env-osx-arm64-bf0d0a4d4c847cca72476c6c68c493d56c484aada7e80de0e42c7607fcef5824-v1-osx-arm64`
2025-02-21T11:55:45.8564010Z ##[endgroup]
2025-02-21T11:55:45.8684030Z ##[group]Restoring environment `tardis` from `/Users/runner/micromamba/envs/tardis` ...
2025-02-21T11:55:46.9536360Z Received 20971520 of 385513979 (5.4%), 20.0 MBs/sec
2025-02-21T11:55:47.9573370Z Received 100663296 of 385513979 (26.1%), 48.0 MBs/sec
2025-02-21T11:55:48.9536520Z Received 184549376 of 385513979 (47.9%), 58.6 MBs/sec
2025-02-21T11:55:49.9532280Z Received 247463936 of 385513979 (64.2%), 59.0 MBs/sec
2025-02-21T11:55:50.9532150Z Received 314572800 of 385513979 (81.6%), 60.0 MBs/sec
2025-02-21T11:55:51.6935540Z Cache Size: ~368 MB (385513979 B)
2025-02-21T11:55:51.6961440Z [command]/opt/homebrew/bin/gtar -xf /Users/runner/work/_temp/7ade55a8-caec-4d96-9352-4aee98ce7b62/cache.tzst -P -C /Users/runner/work/tardis/tardis --delay-directory-restore --use-compress-program unzstd
2025-02-21T11:55:51.9554370Z Received 385513979 of 385513979 (100.0%), 61.2 MBs/sec
2025-02-21T11:56:04.1255380Z Cache restored successfully
2025-02-21T11:56:04.1322470Z Restored cache with key `tardis-conda-env-osx-arm64-bf0d0a4d4c847cca72476c6c68c493d56c484aada7e80de0e42c7607fcef5824-v1-osx-arm64-tardis-args-4f53cda-root-873f6fe-bin-[object Promise]-file-bf0d0a4d4c847cca72476c6c68c493d56c484aada7e80de0e42c7607fcef5824`
2025-02-21T11:56:04.1396290Z ##[endgroup]
2025-02-21T11:56:04.1396600Z Adding environment tardis to auto-activate bash ...
2025-02-21T11:56:04.1397370Z Generating micromamba run shell.
2025-02-21T11:56:04.1415810Z ##[endgroup]
2025-02-21T11:56:04.1436580Z Set environment variables.
2025-02-21T11:56:04.1546120Z ##[group]micromamba info
2025-02-21T11:56:04.1560560Z [command]/Users/runner/micromamba-bin/micromamba info -r /Users/runner/micromamba -n tardis
2025-02-21T11:56:04.7178150Z 
2025-02-21T11:56:04.7180620Z        libmamba version : 1.5.10
2025-02-21T11:56:04.7184270Z      micromamba version : 1.5.10
2025-02-21T11:56:04.7184820Z            curl version : libcurl/8.10.1 (OpenSSL/3.3.2) SecureTransport zlib/1.3.1 zstd/1.5.6 libssh2/1.11.0 nghttp2/1.58.0
2025-02-21T11:56:04.7185600Z      libarchive version : libarchive 3.7.4 zlib/1.2.13 bz2lib/1.0.8 libzstd/1.5.6
2025-02-21T11:56:04.7186070Z        envs directories : /Users/runner/micromamba/envs
2025-02-21T11:56:04.7186880Z           package cache : /Users/runner/micromamba/pkgs
2025-02-21T11:56:04.7187280Z                           /Users/runner/.mamba/pkgs
2025-02-21T11:56:04.7187690Z             environment : tardis
2025-02-21T11:56:04.7188160Z            env location : /Users/runner/micromamba/envs/tardis
2025-02-21T11:56:04.7193740Z       user config files : /Users/runner/.mambarc
2025-02-21T11:56:04.7194360Z  populated config files : /Users/runner/work/_temp/setup-micromamba/.condarc
2025-02-21T11:56:04.7194850Z        virtual packages : __unix=0=0
2025-02-21T11:56:04.7195150Z                           __osx=14.7.2=0
2025-02-21T11:56:04.7195600Z                           __archspec=1=arm64
2025-02-21T11:56:04.7196040Z                channels : https://conda.anaconda.org/conda-forge/osx-arm64
2025-02-21T11:56:04.7196490Z                           https://conda.anaconda.org/conda-forge/noarch
2025-02-21T11:56:04.7196850Z        base environment : /Users/runner/micromamba
2025-02-21T11:56:04.7197220Z                platform : osx-arm64
2025-02-21T11:56:04.7197780Z ##[endgroup]
2025-02-21T11:56:04.7198250Z ##[group]micromamba list
2025-02-21T11:56:04.7198870Z [command]/Users/runner/micromamba-bin/micromamba list -r /Users/runner/micromamba -n tardis
2025-02-21T11:56:05.0860160Z List of packages in environment: "/Users/runner/micromamba/envs/tardis"
2025-02-21T11:56:05.0862610Z 
2025-02-21T11:56:05.0862940Z   Name                           Version              Build                    Channel    
2025-02-21T11:56:05.0864610Z â”€â”€â”€â”€â”€â”€â”€â”€â”€â”€â”€â”€â”€â”€â”€â”€â”€â”€â”€â”€â”€â”€â”€â”€â”€â”€â”€â”€â”€â”€â”€â”€â”€â”€â”€â”€â”€â”€â”€â”€â”€â”€â”€â”€â”€â”€â”€â”€â”€â”€â”€â”€â”€â”€â”€â”€â”€â”€â”€â”€â”€â”€â”€â”€â”€â”€â”€â”€â”€â”€â”€â”€â”€â”€â”€â”€â”€â”€â”€â”€â”€â”€â”€â”€â”€â”€â”€â”€â”€â”€â”€â”€
2025-02-21T11:56:05.0865230Z   alabaster                      0.7.16               pyhd8ed1ab_0             conda-forge
2025-02-21T11:56:05.0865710Z   anyio                          4.4.0                pyhd8ed1ab_0             conda-forge
2025-02-21T11:56:05.0866380Z   appnope                        0.1.4                pyhd8ed1ab_0             conda-forge
2025-02-21T11:56:05.0867000Z   argon2-cffi                    23.1.0               pyhd8ed1ab_0             conda-forge
2025-02-21T11:56:05.0871290Z   argon2-cffi-bindings           21.2.0               py312h02f2b3b_4          conda-forge
2025-02-21T11:56:05.0872000Z   arrow                          1.3.0                pyhd8ed1ab_0             conda-forge
2025-02-21T11:56:05.0872450Z   astropy                        6.1.1                py312hbebd99a_0          conda-forge
2025-02-21T11:56:05.0872980Z   astropy-iers-data              0.2024.6.17.0.31.35  pyhd8ed1ab_0             conda-forge
2025-02-21T11:56:05.0873540Z   astropy-sphinx-theme           1.1                  pyhd8ed1ab_0             conda-forge
2025-02-21T11:56:05.0875480Z   asttokens                      2.4.1                pyhd8ed1ab_0             conda-forge
2025-02-21T11:56:05.0876410Z   async-lru                      2.0.4                pyhd8ed1ab_0             conda-forge
2025-02-21T11:56:05.0877350Z   atk-1.0                        2.38.0               hd03087b_2               conda-forge
2025-02-21T11:56:05.0877910Z   attrs                          23.2.0               pyh71513ae_0             conda-forge
2025-02-21T11:56:05.0878390Z   babel                          2.14.0               pyhd8ed1ab_0             conda-forge
2025-02-21T11:56:05.0880470Z   beautifulsoup4                 4.12.3               pyha770c72_0             conda-forge
2025-02-21T11:56:05.0880950Z   bleach                         6.1.0                pyhd8ed1ab_0             conda-forge
2025-02-21T11:56:05.0881500Z   blosc                          1.21.5               h9c252e8_1               conda-forge
2025-02-21T11:56:05.0881930Z   brotli                         1.1.0                hb547adb_1               conda-forge
2025-02-21T11:56:05.0882430Z   brotli-bin                     1.1.0                hb547adb_1               conda-forge
2025-02-21T11:56:05.0882920Z   brotli-python                  1.1.0                py312h9f69965_1          conda-forge
2025-02-21T11:56:05.0883430Z   bzip2                          1.0.8                h93a5062_5               conda-forge
2025-02-21T11:56:05.0883810Z   c-ares                         1.28.1               h93a5062_0               conda-forge
2025-02-21T11:56:05.0884240Z   c-blosc2                       2.14.4               ha57e6be_1               conda-forge
2025-02-21T11:56:05.0885050Z   ca-certificates                2024.6.2             hf0a4a13_0               conda-forge
2025-02-21T11:56:05.0885540Z   cached-property                1.5.2                hd8ed1ab_1               conda-forge
2025-02-21T11:56:05.0885980Z   cached_property                1.5.2                pyha770c72_1             conda-forge
2025-02-21T11:56:05.0886410Z   cairo                          1.18.0               hd1e100b_0               conda-forge
2025-02-21T11:56:05.0886790Z   certifi                        2024.6.2             pyhd8ed1ab_0             conda-forge
2025-02-21T11:56:05.0887280Z   cffi                           1.16.0               py312h8e38eb3_0          conda-forge
2025-02-21T11:56:05.0887730Z   charset-normalizer             3.3.2                pyhd8ed1ab_0             conda-forge
2025-02-21T11:56:05.0888290Z   click                          8.1.7                unix_pyh707e725_0        conda-forge
2025-02-21T11:56:05.0888700Z   codespell                      2.3.0                pyhd8ed1ab_0             conda-forge
2025-02-21T11:56:05.0932220Z   colorama                       0.4.6                pyhd8ed1ab_0             conda-forge
2025-02-21T11:56:05.0932860Z   comm                           0.2.2                pyhd8ed1ab_0             conda-forge
2025-02-21T11:56:05.0933240Z   commonmark                     0.9.1                py_0                     conda-forge
2025-02-21T11:56:05.0933640Z   contourpy                      1.2.1                py312h0fef576_0          conda-forge
2025-02-21T11:56:05.0934120Z   coverage                       7.5.3                py312h7e5086c_0          conda-forge
2025-02-21T11:56:05.0935570Z   cycler                         0.12.1               pyhd8ed1ab_0             conda-forge
2025-02-21T11:56:05.0936120Z   dataclasses                    0.8                  pyhc8e2a94_3             conda-forge
2025-02-21T11:56:05.0936440Z   debugpy                        1.8.1                py312h20a0b95_0          conda-forge
2025-02-21T11:56:05.0936750Z   decorator                      5.1.1                pyhd8ed1ab_0             conda-forge
2025-02-21T11:56:05.0937230Z   defusedxml                     0.7.1                pyhd8ed1ab_0             conda-forge
2025-02-21T11:56:05.0937590Z   docutils                       0.20.1               py312h81bd7bf_3          conda-forge
2025-02-21T11:56:05.0937890Z   dot2tex                        2.11.3               pyhd8ed1ab_0             conda-forge
2025-02-21T11:56:05.0938190Z   entrypoints                    0.4                  pyhd8ed1ab_0             conda-forge
2025-02-21T11:56:05.0939660Z   exceptiongroup                 1.2.0                pyhd8ed1ab_2             conda-forge
2025-02-21T11:56:05.0939980Z   executing                      2.0.1                pyhd8ed1ab_0             conda-forge
2025-02-21T11:56:05.0940320Z   expat                          2.6.2                hebf3989_0               conda-forge
2025-02-21T11:56:05.0940680Z   font-ttf-dejavu-sans-mono      2.37                 hab24e00_0               conda-forge
2025-02-21T11:56:05.0941090Z   font-ttf-inconsolata           3.000                h77eed37_0               conda-forge
2025-02-21T11:56:05.0941560Z   font-ttf-source-code-pro       2.038                h77eed37_0               conda-forge
2025-02-21T11:56:05.0942050Z   font-ttf-ubuntu                0.83                 h77eed37_2               conda-forge
2025-02-21T11:56:05.0942370Z   fontconfig                     2.14.2               h82840c6_0               conda-forge
2025-02-21T11:56:05.0942750Z   fonts-conda-ecosystem          1                    0                        conda-forge
2025-02-21T11:56:05.0943090Z   fonts-conda-forge              1                    0                        conda-forge
2025-02-21T11:56:05.0943420Z   fonttools                      4.53.0               py312h7e5086c_0          conda-forge
2025-02-21T11:56:05.0943710Z   fqdn                           1.5.1                pyhd8ed1ab_0             conda-forge
2025-02-21T11:56:05.0944420Z   freetype                       2.12.1               hadb7bae_2               conda-forge
2025-02-21T11:56:05.0944840Z   fribidi                        1.0.10               h27ca646_0               conda-forge
2025-02-21T11:56:05.0945180Z   future                         1.0.0                pyhd8ed1ab_0             conda-forge
2025-02-21T11:56:05.0945570Z   gdk-pixbuf                     2.42.12              h7ddc832_0               conda-forge
2025-02-21T11:56:05.0946100Z   gettext                        0.22.5               h8fbad5d_2               conda-forge
2025-02-21T11:56:05.0947050Z   gettext-tools                  0.22.5               h8fbad5d_2               conda-forge
2025-02-21T11:56:05.0947580Z   giflib                         5.2.2                h93a5062_0               conda-forge
2025-02-21T11:56:05.0948110Z   git-lfs                        3.5.1                hce30654_0               conda-forge
2025-02-21T11:56:05.0948590Z   gmp                            6.3.0                hebf3989_1               conda-forge
2025-02-21T11:56:05.0948920Z   gmpy2                          2.1.5                py312hfa9fade_1          conda-forge
2025-02-21T11:56:05.0949320Z   graphite2                      1.3.13               hebf3989_1003            conda-forge
2025-02-21T11:56:05.0949660Z   graphviz                       11.0.0               h9bb9bc9_0               conda-forge
2025-02-21T11:56:05.0950030Z   gtk2                           2.24.33              h7895bb2_4               conda-forge
2025-02-21T11:56:05.0950350Z   gts                            0.7.6                he42f4ea_4               conda-forge
2025-02-21T11:56:05.0950950Z   h11                            0.14.0               pyhd8ed1ab_0             conda-forge
2025-02-21T11:56:05.0951230Z   h2                             4.1.0                pyhd8ed1ab_0             conda-forge
2025-02-21T11:56:05.0951540Z   h5py                           3.11.0               nompi_py312h903599c_102  conda-forge
2025-02-21T11:56:05.0951850Z   harfbuzz                       8.5.0                h1836168_0               conda-forge
2025-02-21T11:56:05.0952140Z   hdf5                           1.14.3               nompi_hec07895_105       conda-forge
2025-02-21T11:56:05.0952420Z   hpack                          4.0.0                pyh9f0ad1d_0             conda-forge
2025-02-21T11:56:05.0953000Z   httpcore                       1.0.5                pyhd8ed1ab_0             conda-forge
2025-02-21T11:56:05.0953310Z   httpx                          0.27.0               pyhd8ed1ab_0             conda-forge
2025-02-21T11:56:05.0953910Z   hyperframe                     6.0.1                pyhd8ed1ab_0             conda-forge
2025-02-21T11:56:05.0954280Z   icu                            73.2                 hc8870d7_0               conda-forge
2025-02-21T11:56:05.0954990Z   idna                           3.7                  pyhd8ed1ab_0             conda-forge
2025-02-21T11:56:05.0957300Z   imagesize                      1.4.1                pyhd8ed1ab_0             conda-forge
2025-02-21T11:56:05.0957740Z   importlib-metadata             7.1.0                pyha770c72_0             conda-forge
2025-02-21T11:56:05.0958270Z   importlib_metadata             7.1.0                hd8ed1ab_0               conda-forge
2025-02-21T11:56:05.0958720Z   importlib_resources            6.4.0                pyhd8ed1ab_0             conda-forge
2025-02-21T11:56:05.0959230Z   iniconfig                      2.0.0                pyhd8ed1ab_0             conda-forge
2025-02-21T11:56:05.0959770Z   ipykernel                      6.29.4               pyh57ce528_0             conda-forge
2025-02-21T11:56:05.0960200Z   ipython                        8.25.0               pyh707e725_0             conda-forge
2025-02-21T11:56:05.0960700Z   ipython_genutils               0.2.0                pyhd8ed1ab_1             conda-forge
2025-02-21T11:56:05.0961050Z   ipywidgets                     7.8.0                pyhd8ed1ab_0             conda-forge
2025-02-21T11:56:05.0962180Z   isoduration                    20.11.0              pyhd8ed1ab_0             conda-forge
2025-02-21T11:56:05.0962630Z   jedi                           0.19.1               pyhd8ed1ab_0             conda-forge
2025-02-21T11:56:05.0962950Z   jinja2                         3.1.4                pyhd8ed1ab_0             conda-forge
2025-02-21T11:56:05.0963460Z   json5                          0.9.25               pyhd8ed1ab_0             conda-forge
2025-02-21T11:56:05.0963940Z   jsonpointer                    3.0.0                py312h81bd7bf_0          conda-forge
2025-02-21T11:56:05.0964720Z   jsonschema                     4.22.0               pyhd8ed1ab_0             conda-forge
2025-02-21T11:56:05.0965100Z   jsonschema-specifications      2023.12.1            pyhd8ed1ab_0             conda-forge
2025-02-21T11:56:05.0965540Z   jsonschema-with-format-nongpl  4.22.0               pyhd8ed1ab_0             conda-forge
2025-02-21T11:56:05.0966090Z   jupyter-lsp                    2.2.5                pyhd8ed1ab_0             conda-forge
2025-02-21T11:56:05.0966460Z   jupyter_client                 8.6.2                pyhd8ed1ab_0             conda-forge
2025-02-21T11:56:05.0966830Z   jupyter_core                   5.7.2                py312h81bd7bf_0          conda-forge
2025-02-21T11:56:05.0967580Z   jupyter_events                 0.10.0               pyhd8ed1ab_0             conda-forge
2025-02-21T11:56:05.0968090Z   jupyter_server                 2.14.1               pyhd8ed1ab_0             conda-forge
2025-02-21T11:56:05.0968460Z   jupyter_server_terminals       0.5.3                pyhd8ed1ab_0             conda-forge
2025-02-21T11:56:05.0968850Z   jupyterlab                     4.2.2                pyhd8ed1ab_0             conda-forge
2025-02-21T11:56:05.0969240Z   jupyterlab_pygments            0.3.0                pyhd8ed1ab_1             conda-forge
2025-02-21T11:56:05.0969690Z   jupyterlab_server              2.27.2               pyhd8ed1ab_0             conda-forge
2025-02-21T11:56:05.0970450Z   jupyterlab_widgets             1.1.7                pyhd8ed1ab_0             conda-forge
2025-02-21T11:56:05.0970880Z   kiwisolver                     1.4.5                py312h389731b_1          conda-forge
2025-02-21T11:56:05.0971230Z   krb5                           1.21.2               h92f50d5_0               conda-forge
2025-02-21T11:56:05.0971590Z   latexcodec                     2.0.1                pyh9f0ad1d_0             conda-forge
2025-02-21T11:56:05.0971970Z   lcms2                          2.16                 ha0e7c42_0               conda-forge
2025-02-21T11:56:05.0972570Z   lerc                           4.0.0                h9a09cb3_0               conda-forge
2025-02-21T11:56:05.0972990Z   libaec                         1.1.3                hebf3989_0               conda-forge
2025-02-21T11:56:05.0973380Z   libasprintf                    0.22.5               h8fbad5d_2               conda-forge
2025-02-21T11:56:05.0973720Z   libasprintf-devel              0.22.5               h8fbad5d_2               conda-forge
2025-02-21T11:56:05.0974120Z   libblas                        3.9.0                22_osxarm64_openblas     conda-forge
2025-02-21T11:56:05.0974570Z   libbrotlicommon                1.1.0                hb547adb_1               conda-forge
2025-02-21T11:56:05.0974960Z   libbrotlidec                   1.1.0                hb547adb_1               conda-forge
2025-02-21T11:56:05.0975360Z   libbrotlienc                   1.1.0                hb547adb_1               conda-forge
2025-02-21T11:56:05.0975760Z   libcblas                       3.9.0                22_osxarm64_openblas     conda-forge
2025-02-21T11:56:05.0976120Z   libcurl                        8.8.0                h7b6f9a7_0               conda-forge
2025-02-21T11:56:05.0976440Z   libcxx                         17.0.6               h5f092b4_0               conda-forge
2025-02-21T11:56:05.0976740Z   libdeflate                     1.20                 h93a5062_0               conda-forge
2025-02-21T11:56:05.0977410Z   libedit                        3.1.20191231         hc8eb9b7_2               conda-forge
2025-02-21T11:56:05.0977860Z   libev                          4.33                 h93a5062_2               conda-forge
2025-02-21T11:56:05.0978270Z   libexpat                       2.6.2                hebf3989_0               conda-forge
2025-02-21T11:56:05.0978720Z   libffi                         3.4.2                h3422bc3_5               conda-forge
2025-02-21T11:56:05.0979090Z   libgd                          2.3.3                hfdf3952_9               conda-forge
2025-02-21T11:56:05.0979450Z   libgettextpo                   0.22.5               h8fbad5d_2               conda-forge
2025-02-21T11:56:05.0979910Z   libgettextpo-devel             0.22.5               h8fbad5d_2               conda-forge
2025-02-21T11:56:05.0980280Z   libgfortran                    5.0.0                13_2_0_hd922786_3        conda-forge
2025-02-21T11:56:05.0980770Z   libgfortran5                   13.2.0               hf226fd6_3               conda-forge
2025-02-21T11:56:05.0981140Z   libglib                        2.80.2               h59d46d9_1               conda-forge
2025-02-21T11:56:05.0981520Z   libiconv                       1.17                 h0d3ecfb_2               conda-forge
2025-02-21T11:56:05.0981820Z   libintl                        0.22.5               h8fbad5d_2               conda-forge
2025-02-21T11:56:05.0982190Z   libintl-devel                  0.22.5               h8fbad5d_2               conda-forge
2025-02-21T11:56:05.0982570Z   libjpeg-turbo                  3.0.0                hb547adb_1               conda-forge
2025-02-21T11:56:05.0983020Z   liblapack                      3.9.0                22_osxarm64_openblas     conda-forge
2025-02-21T11:56:05.0983370Z   libllvm14                      14.0.6               hd1a9a77_4               conda-forge
2025-02-21T11:56:05.0983720Z   libnghttp2                     1.58.0               ha4dd798_1               conda-forge
2025-02-21T11:56:05.0984080Z   libopenblas                    0.3.27               openmp_h6c19121_0        conda-forge
2025-02-21T11:56:05.0984450Z   libpng                         1.6.43               h091b4b1_0               conda-forge
2025-02-21T11:56:05.0984840Z   librsvg                        2.58.1               hbc281fb_0               conda-forge
2025-02-21T11:56:05.0985190Z   libsodium                      1.0.18               h27ca646_1               conda-forge
2025-02-21T11:56:05.0985530Z   libsqlite                      3.46.0               hfb93653_0               conda-forge
2025-02-21T11:56:05.0986810Z   libssh2                        1.11.0               h7a5bd25_0               conda-forge
2025-02-21T11:56:05.0987100Z   libtiff                        4.6.0                h07db509_3               conda-forge
2025-02-21T11:56:05.0987380Z   libwebp                        1.4.0                h54798ee_0               conda-forge
2025-02-21T11:56:05.0987680Z   libwebp-base                   1.4.0                h93a5062_0               conda-forge
2025-02-21T11:56:05.0987980Z   libxcb                         1.16                 hf2054a2_0               conda-forge
2025-02-21T11:56:05.0988260Z   libxml2                        2.12.7               ha661575_1               conda-forge
2025-02-21T11:56:05.0988540Z   libxslt                        1.1.39               h223e5b9_0               conda-forge
2025-02-21T11:56:05.0988830Z   libzlib                        1.3.1                hfb2fe0b_1               conda-forge
2025-02-21T11:56:05.0989130Z   llvm-openmp                    18.1.7               hde57baf_0               conda-forge
2025-02-21T11:56:05.0989430Z   llvmlite                       0.42.0               py312h17030e7_1          conda-forge
2025-02-21T11:56:05.0989720Z   lxml                           5.2.2                py312h0e5ab22_0          conda-forge
2025-02-21T11:56:05.0990000Z   lz4-c                          1.9.4                hb7217d7_0               conda-forge
2025-02-21T11:56:05.0990420Z   markupsafe                     2.1.5                py312he37b823_0          conda-forge
2025-02-21T11:56:05.0990740Z   matplotlib-base                3.8.4                py312h4479663_2          conda-forge
2025-02-21T11:56:05.0991080Z   matplotlib-inline              0.1.7                pyhd8ed1ab_0             conda-forge
2025-02-21T11:56:05.0991400Z   mistune                        3.0.2                pyhd8ed1ab_0             conda-forge
2025-02-21T11:56:05.0991690Z   mpc                            1.3.1                h91ba8db_0               conda-forge
2025-02-21T11:56:05.0991960Z   mpfr                           4.2.1                h41d338b_1               conda-forge
2025-02-21T11:56:05.0992250Z   mpmath                         1.3.0                pyhd8ed1ab_0             conda-forge
2025-02-21T11:56:05.0992540Z   munkres                        1.1.4                pyh9f0ad1d_0             conda-forge
2025-02-21T11:56:05.0992840Z   mypy_extensions                1.0.0                pyha770c72_0             conda-forge
2025-02-21T11:56:05.0993160Z   nbclassic                      1.1.0                pyhd8ed1ab_0             conda-forge
2025-02-21T11:56:05.0993520Z   nbclient                       0.10.0               pyhd8ed1ab_0             conda-forge
2025-02-21T11:56:05.0993850Z   nbconvert                      7.16.4               hd8ed1ab_1               conda-forge
2025-02-21T11:56:05.0994170Z   nbconvert-core                 7.16.4               pyhd8ed1ab_1             conda-forge
2025-02-21T11:56:05.0994540Z   nbconvert-pandoc               7.16.4               hd8ed1ab_1               conda-forge
2025-02-21T11:56:05.0994890Z   nbformat                       5.10.4               pyhd8ed1ab_0             conda-forge
2025-02-21T11:56:05.0995200Z   nbsphinx                       0.9.4                pyhd8ed1ab_0             conda-forge
2025-02-21T11:56:05.0995490Z   ncurses                        6.5                  hb89a1cb_0               conda-forge
2025-02-21T11:56:05.0995800Z   nest-asyncio                   1.6.0                pyhd8ed1ab_0             conda-forge
2025-02-21T11:56:05.0996140Z   networkx                       3.3                  pyhd8ed1ab_1             conda-forge
2025-02-21T11:56:05.0996490Z   notebook                       7.2.1                pyhd8ed1ab_0             conda-forge
2025-02-21T11:56:05.0996920Z   notebook-shim                  0.2.4                pyhd8ed1ab_0             conda-forge
2025-02-21T11:56:05.0997240Z   numba                          0.59.1               py312hbaff935_0          conda-forge
2025-02-21T11:56:05.0997900Z   numexpr                        2.10.0               py312h8ae5369_0          conda-forge
2025-02-21T11:56:05.0998200Z   numpy                          1.26.4               py312h8442bc7_0          conda-forge
2025-02-21T11:56:05.0998490Z   numpydoc                       1.7.0                pyhd8ed1ab_1             conda-forge
2025-02-21T11:56:05.0998790Z   openjpeg                       2.5.2                h9f1df11_0               conda-forge
2025-02-21T11:56:05.0999090Z   openssl                        3.3.1                hfb2fe0b_0               conda-forge
2025-02-21T11:56:05.0999380Z   overrides                      7.7.0                pyhd8ed1ab_0             conda-forge
2025-02-21T11:56:05.0999710Z   packaging                      24.1                 pyhd8ed1ab_0             conda-forge
2025-02-21T11:56:05.1000020Z   pandas                         2.2.2                py312h8ae5369_1          conda-forge
2025-02-21T11:56:05.1000350Z   pandoc                         3.2                  hce30654_0               conda-forge
2025-02-21T11:56:05.1000740Z   pandocfilters                  1.5.0                pyhd8ed1ab_0             conda-forge
2025-02-21T11:56:05.1001060Z   pango                          1.54.0               h5cb9fbc_0               conda-forge
2025-02-21T11:56:05.1001390Z   parso                          0.8.4                pyhd8ed1ab_0             conda-forge
2025-02-21T11:56:05.1001960Z   pathspec                       0.12.1               pyhd8ed1ab_0             conda-forge
2025-02-21T11:56:05.1002270Z   pbr                            6.0.0                pyhd8ed1ab_0             conda-forge
2025-02-21T11:56:05.1002570Z   pcre2                          10.44                h297a79d_0               conda-forge
2025-02-21T11:56:05.1002870Z   pexpect                        4.9.0                pyhd8ed1ab_0             conda-forge
2025-02-21T11:56:05.1003180Z   pickleshare                    0.7.5                py_1003                  conda-forge
2025-02-21T11:56:05.1003470Z   pillow                         10.3.0               py312h39b1d8d_1          conda-forge
2025-02-21T11:56:05.1003780Z   pip                            24.0                 pyhd8ed1ab_0             conda-forge
2025-02-21T11:56:05.1004110Z   pixman                         0.43.4               hebf3989_0               conda-forge
2025-02-21T11:56:05.1004480Z   pkgutil-resolve-name           1.3.10               pyhd8ed1ab_1             conda-forge
2025-02-21T11:56:05.1004870Z   platformdirs                   4.2.2                pyhd8ed1ab_0             conda-forge
2025-02-21T11:56:05.1005240Z   plotly                         5.22.0               pyhd8ed1ab_0             conda-forge
2025-02-21T11:56:05.1005580Z   pluggy                         1.5.0                pyhd8ed1ab_0             conda-forge
2025-02-21T11:56:05.1005940Z   prometheus_client              0.20.0               pyhd8ed1ab_0             conda-forge
2025-02-21T11:56:05.1006380Z   prompt-toolkit                 3.0.47               pyha770c72_0             conda-forge
2025-02-21T11:56:05.1006740Z   psutil                         5.9.8                py312he37b823_0          conda-forge
2025-02-21T11:56:05.1007060Z   pthread-stubs                  0.4                  h27ca646_1001            conda-forge
2025-02-21T11:56:05.1007380Z   ptyprocess                     0.7.0                pyhd3deb0d_0             conda-forge
2025-02-21T11:56:05.1007720Z   pure_eval                      0.2.2                pyhd8ed1ab_0             conda-forge
2025-02-21T11:56:05.1008060Z   py-cpuinfo                     9.0.0                pyhd8ed1ab_0             conda-forge
2025-02-21T11:56:05.1008400Z   pybtex                         0.24.0               pyhd8ed1ab_2             conda-forge
2025-02-21T11:56:05.1008740Z   pybtex-docutils                1.0.3                py312h81bd7bf_1          conda-forge
2025-02-21T11:56:05.1009070Z   pycparser                      2.22                 pyhd8ed1ab_0             conda-forge
2025-02-21T11:56:05.1009410Z   pyerfa                         2.0.1.4              py312hbebd99a_1          conda-forge
2025-02-21T11:56:05.1009870Z   pygments                       2.18.0               pyhd8ed1ab_0             conda-forge
2025-02-21T11:56:05.1010180Z   pygraphviz                     1.13                 py312h5f4d302_1          conda-forge
2025-02-21T11:56:05.1010510Z   pyobjc-core                    10.3.1               py312hbb55c70_0          conda-forge
2025-02-21T11:56:05.1010870Z   pyobjc-framework-cocoa         10.3.1               py312hbb55c70_0          conda-forge
2025-02-21T11:56:05.1011210Z   pyparsing                      3.1.2                pyhd8ed1ab_0             conda-forge
2025-02-21T11:56:05.1011510Z   pysocks                        1.7.1                pyha2e5f31_6             conda-forge
2025-02-21T11:56:05.1011850Z   pytables                       3.9.2                py312hb622ae1_2          conda-forge
2025-02-21T11:56:05.1012160Z   pytest                         8.2.2                pyhd8ed1ab_0             conda-forge
2025-02-21T11:56:05.1012490Z   pytest-cov                     5.0.0                pyhd8ed1ab_0             conda-forge
2025-02-21T11:56:05.1012840Z   pytest-doctestplus             1.2.1                pyhd8ed1ab_0             conda-forge
2025-02-21T11:56:05.1013200Z   pytest-html                    4.1.1                pyhd8ed1ab_0             conda-forge
2025-02-21T11:56:05.1013960Z   pytest-metadata                3.1.1                pyhd8ed1ab_0             conda-forge
2025-02-21T11:56:05.1014350Z   python                         3.12.4               h30c5eda_0_cpython       conda-forge
2025-02-21T11:56:05.1014670Z   python-dateutil                2.9.0                pyhd8ed1ab_0             conda-forge
2025-02-21T11:56:05.1015020Z   python-fastjsonschema          2.20.0               pyhd8ed1ab_0             conda-forge
2025-02-21T11:56:05.1015520Z   python-json-logger             2.0.7                pyhd8ed1ab_0             conda-forge
2025-02-21T11:56:05.1015940Z   python-tzdata                  2024.1               pyhd8ed1ab_0             conda-forge
2025-02-21T11:56:05.1016370Z   python_abi                     3.12                 4_cp312                  conda-forge
2025-02-21T11:56:05.1016730Z   pytz                           2024.1               pyhd8ed1ab_0             conda-forge
2025-02-21T11:56:05.1017150Z   pyyaml                         6.0.1                py312h02f2b3b_1          conda-forge
2025-02-21T11:56:05.1017500Z   pyzmq                          26.0.3               py312hfa13136_0          conda-forge
2025-02-21T11:56:05.1017890Z   qgrid                          1.3.1                pyhd8ed1ab_4             conda-forge
2025-02-21T11:56:05.1018360Z   radioactivedecay               0.5.1                pyhd8ed1ab_0             conda-forge
2025-02-21T11:56:05.1018730Z   readline                       8.2                  h92ec313_1               conda-forge
2025-02-21T11:56:05.1019160Z   recommonmark                   0.7.1                pyhd8ed1ab_0             conda-forge
2025-02-21T11:56:05.1019550Z   referencing                    0.35.1               pyhd8ed1ab_0             conda-forge
2025-02-21T11:56:05.1019980Z   requests                       2.32.3               pyhd8ed1ab_0             conda-forge
2025-02-21T11:56:05.1020390Z   rfc3339-validator              0.1.4                pyhd8ed1ab_0             conda-forge
2025-02-21T11:56:05.1020910Z   rfc3986-validator              0.1.1                pyh9f0ad1d_0             conda-forge
2025-02-21T11:56:05.1021310Z   rpds-py                        0.18.1               py312h552d48e_0          conda-forge
2025-02-21T11:56:05.1021750Z   ruff                           0.4.9                py312h3402d49_0          conda-forge
2025-02-21T11:56:05.1022110Z   scipy                          1.13.1               py312h14ffa8f_0          conda-forge
2025-02-21T11:56:05.1022610Z   send2trash                     1.8.3                pyh31c8845_0             conda-forge
2025-02-21T11:56:05.1023050Z   setuptools                     70.0.0               pyhd8ed1ab_0             conda-forge
2025-02-21T11:56:05.1023740Z   setuptools-scm                 8.1.0                pyhd8ed1ab_0             conda-forge
2025-02-21T11:56:05.1024390Z   setuptools_scm                 8.1.0                hd8ed1ab_0               conda-forge
2025-02-21T11:56:05.1024810Z   six                            1.16.0               pyh6c4a22f_0             conda-forge
2025-02-21T11:56:05.1025330Z   snakeviz                       2.2.0                pyhd8ed1ab_0             conda-forge
2025-02-21T11:56:05.1025760Z   snappy                         1.2.0                hd04f947_1               conda-forge
2025-02-21T11:56:05.1026290Z   sniffio                        1.3.1                pyhd8ed1ab_0             conda-forge
2025-02-21T11:56:05.1026780Z   snowballstemmer                2.2.0                pyhd8ed1ab_0             conda-forge
2025-02-21T11:56:05.1027310Z   soupsieve                      2.5                  pyhd8ed1ab_1             conda-forge
2025-02-21T11:56:05.1027690Z   sphinx                         7.3.7                pyhd8ed1ab_0             conda-forge
2025-02-21T11:56:05.1028160Z   sphinx-astropy                 1.9.1                pyhd8ed1ab_0             conda-forge
2025-02-21T11:56:05.1028690Z   sphinx-automodapi              0.17.0               pyh717bed2_1             conda-forge
2025-02-21T11:56:05.1029420Z   sphinx-gallery                 0.16.0               pyhd8ed1ab_0             conda-forge
2025-02-21T11:56:05.1029960Z   sphinx-jsonschema              1.19.1               pyhd8ed1ab_0             conda-forge
2025-02-21T11:56:05.1030420Z   sphinx_bootstrap_theme         0.8.1                pyhd8ed1ab_0             conda-forge
2025-02-21T11:56:05.1031010Z   sphinx_rtd_theme               2.0.0                pyha770c72_0             conda-forge
2025-02-21T11:56:05.1031560Z   sphinxcontrib-apidoc           0.3.0                py_1                     conda-forge
2025-02-21T11:56:05.1032110Z   sphinxcontrib-applehelp        1.0.8                pyhd8ed1ab_0             conda-forge
2025-02-21T11:56:05.1032730Z   sphinxcontrib-bibtex           2.6.2                pyhd8ed1ab_0             conda-forge
2025-02-21T11:56:05.1033440Z   sphinxcontrib-devhelp          1.0.6                pyhd8ed1ab_0             conda-forge
2025-02-21T11:56:05.1033910Z   sphinxcontrib-htmlhelp         2.0.5                pyhd8ed1ab_0             conda-forge
2025-02-21T11:56:05.1034500Z   sphinxcontrib-jquery           4.1                  pyhd8ed1ab_0             conda-forge
2025-02-21T11:56:05.1035340Z   sphinxcontrib-jsmath           1.0.1                pyhd8ed1ab_0             conda-forge
2025-02-21T11:56:05.1035850Z   sphinxcontrib-qthelp           1.0.7                pyhd8ed1ab_0             conda-forge
2025-02-21T11:56:05.1036730Z   sphinxcontrib-serializinghtml  1.1.10               pyhd8ed1ab_0             conda-forge
2025-02-21T11:56:05.1037430Z   stack_data                     0.6.2                pyhd8ed1ab_0             conda-forge
2025-02-21T11:56:05.1038020Z   sympy                          1.12.1               pypyh2585a3b_103         conda-forge
2025-02-21T11:56:05.1038870Z   tabulate                       0.9.0                pyhd8ed1ab_1             conda-forge
2025-02-21T11:56:05.1039290Z   tenacity                       8.4.1                pyhd8ed1ab_0             conda-forge
2025-02-21T11:56:05.1047540Z   terminado                      0.18.1               pyh31c8845_0             conda-forge
2025-02-21T11:56:05.1047860Z   tinycss2                       1.3.0                pyhd8ed1ab_0             conda-forge
2025-02-21T11:56:05.1048140Z   tk                             8.6.13               h5083fa2_1               conda-forge
2025-02-21T11:56:05.1048420Z   toml                           0.10.2               pyhd8ed1ab_0             conda-forge
2025-02-21T11:56:05.1048700Z   tomli                          2.0.1                pyhd8ed1ab_0             conda-forge
2025-02-21T11:56:05.1048990Z   tornado                        6.4.1                py312h7e5086c_0          conda-forge
2025-02-21T11:56:05.1049540Z   tqdm                           4.66.4               pyhd8ed1ab_0             conda-forge
2025-02-21T11:56:05.1049840Z   traitlets                      5.14.3               pyhd8ed1ab_0             conda-forge
2025-02-21T11:56:05.1050140Z   typed-ast                      1.5.5                py312h02f2b3b_1          conda-forge
2025-02-21T11:56:05.1050490Z   types-python-dateutil          2.9.0.20240316       pyhd8ed1ab_0             conda-forge
2025-02-21T11:56:05.1050850Z   typing-extensions              4.12.2               hd8ed1ab_0               conda-forge
2025-02-21T11:56:05.1051190Z   typing_extensions              4.12.2               pyha770c72_0             conda-forge
2025-02-21T11:56:05.1051510Z   typing_utils                   0.1.0                pyhd8ed1ab_0             conda-forge
2025-02-21T11:56:05.1051820Z   tzdata                         2024a                h0c530f3_0               conda-forge
2025-02-21T11:56:05.1052120Z   uri-template                   1.3.0                pyhd8ed1ab_0             conda-forge
2025-02-21T11:56:05.1052420Z   urllib3                        2.2.2                pyhd8ed1ab_0             conda-forge
2025-02-21T11:56:05.1052700Z   wcwidth                        0.2.13               pyhd8ed1ab_0             conda-forge
2025-02-21T11:56:05.1052990Z   webcolors                      24.6.0               pyhd8ed1ab_0             conda-forge
2025-02-21T11:56:05.1053440Z   webencodings                   0.5.1                pyhd8ed1ab_2             conda-forge
2025-02-21T11:56:05.1053760Z   websocket-client               1.8.0                pyhd8ed1ab_0             conda-forge
2025-02-21T11:56:05.1054060Z   wheel                          0.43.0               pyhd8ed1ab_1             conda-forge
2025-02-21T11:56:05.1054370Z   widgetsnbextension             3.6.6                pyhd8ed1ab_0             conda-forge
2025-02-21T11:56:05.1054690Z   xorg-libxau                    1.0.11               hb547adb_0               conda-forge
2025-02-21T11:56:05.1055000Z   xorg-libxdmcp                  1.1.3                h27ca646_0               conda-forge
2025-02-21T11:56:05.1055280Z   xz                             5.2.6                h57fd34a_0               conda-forge
2025-02-21T11:56:05.1055540Z   yaml                           0.2.5                h3422bc3_2               conda-forge
2025-02-21T11:56:05.1055810Z   zeromq                         4.3.5                hcc0f68c_4               conda-forge
2025-02-21T11:56:05.1056100Z   zipp                           3.19.2               pyhd8ed1ab_0             conda-forge
2025-02-21T11:56:05.1056360Z   zlib                           1.3.1                hfb2fe0b_1               conda-forge
2025-02-21T11:56:05.1056630Z   zlib-ng                        2.0.7                h1a8c8d9_0               conda-forge
2025-02-21T11:56:05.1056900Z   zstd                           1.5.6                hb46c0d2_0               conda-forge
2025-02-21T11:56:05.1057330Z ##[endgroup]
2025-02-21T11:56:05.1301040Z ##[group]Run pip install -e . --user
2025-02-21T11:56:05.1301330Z [36;1mpip install -e . --user[0m
2025-02-21T11:56:05.3670080Z shell: /bin/bash -l {0}
2025-02-21T11:56:05.3670260Z env:
2025-02-21T11:56:05.3670400Z   CACHE_NUMBER: 0
2025-02-21T11:56:05.3670890Z   PYTEST_FLAGS: --tardis-regression-data=/Users/runner/work/tardis/tardis/tardis-regression-data --cov=tardis --cov-report=xml --cov-report=html --cov-append
2025-02-21T11:56:05.3671410Z   CODECOV_TOKEN: 
2025-02-21T11:56:05.3671590Z   MAMBA_ROOT_PREFIX: /Users/runner/micromamba
2025-02-21T11:56:05.3671850Z   MAMBA_EXE: /Users/runner/micromamba-bin/micromamba
2025-02-21T11:56:05.3672160Z   CONDARC: /Users/runner/work/_temp/setup-micromamba/.condarc
2025-02-21T11:56:05.3672430Z ##[endgroup]
2025-02-21T11:56:06.3974270Z Obtaining file:///Users/runner/work/tardis/tardis
2025-02-21T11:56:06.4011960Z   Installing build dependencies: started
2025-02-21T11:56:09.2552610Z   Installing build dependencies: finished with status 'done'
2025-02-21T11:56:09.2574100Z   Checking if build backend supports build_editable: started
2025-02-21T11:56:09.3976000Z   Checking if build backend supports build_editable: finished with status 'done'
2025-02-21T11:56:09.3982300Z   Getting requirements to build editable: started
2025-02-21T11:56:09.9230540Z   Getting requirements to build editable: finished with status 'done'
2025-02-21T11:56:09.9243120Z   Preparing editable metadata (pyproject.toml): started
2025-02-21T11:56:10.3395550Z   Preparing editable metadata (pyproject.toml): finished with status 'done'
2025-02-21T11:56:10.4089470Z Requirement already satisfied: astropy in /Users/runner/micromamba/envs/tardis/lib/python3.12/site-packages (from tardis==0.0.0) (6.1.1)
2025-02-21T11:56:10.4561410Z Requirement already satisfied: numpy>=1.23 in /Users/runner/micromamba/envs/tardis/lib/python3.12/site-packages (from astropy->tardis==0.0.0) (1.26.4)
2025-02-21T11:56:10.4661710Z Requirement already satisfied: pyerfa>=2.0.1.1 in /Users/runner/micromamba/envs/tardis/lib/python3.12/site-packages (from astropy->tardis==0.0.0) (2.0.1.4)
2025-02-21T11:56:10.4763290Z Requirement already satisfied: astropy-iers-data>=0.2024.5.27.0.30.8 in /Users/runner/micromamba/envs/tardis/lib/python3.12/site-packages (from astropy->tardis==0.0.0) (0.2024.6.17.0.31.35)
2025-02-21T11:56:10.4864940Z Requirement already satisfied: PyYAML>=3.13 in /Users/runner/micromamba/envs/tardis/lib/python3.12/site-packages (from astropy->tardis==0.0.0) (6.0.1)
2025-02-21T11:56:10.4963290Z Requirement already satisfied: packaging>=19.0 in /Users/runner/micromamba/envs/tardis/lib/python3.12/site-packages (from astropy->tardis==0.0.0) (24.1)
2025-02-21T11:56:10.4965910Z Building wheels for collected packages: tardis
2025-02-21T11:56:10.4966430Z   Building editable for tardis (pyproject.toml): started
2025-02-21T11:56:11.1946610Z   Building editable for tardis (pyproject.toml): finished with status 'done'
2025-02-21T11:56:11.1953620Z   Created wheel for tardis: filename=tardis-0.0.0-0.editable-py3-none-any.whl size=8877 sha256=402221b835e3766b11ab537ab95a981c1eb8afa1d3564662ff64a13bd3265776
2025-02-21T11:56:11.1954700Z   Stored in directory: /private/var/folders/2s/h6hvv9ps03xgz_krkkstvq_r0000gn/T/pip-ephem-wheel-cache-ip10wut8/wheels/bb/4f/6a/0829b918c1c10bc28535ce7f14be21eee54375bdd9cd0c306a
2025-02-21T11:56:11.1979200Z Successfully built tardis
2025-02-21T11:56:11.7890720Z Installing collected packages: tardis
2025-02-21T11:56:11.7992940Z Successfully installed tardis-0.0.0
2025-02-21T11:56:12.0889700Z ##[group]Run pip install qgridnext
2025-02-21T11:56:12.0889960Z [36;1mpip install qgridnext[0m
2025-02-21T11:56:12.0962200Z shell: /bin/bash -l {0}
2025-02-21T11:56:12.0962400Z env:
2025-02-21T11:56:12.0962540Z   CACHE_NUMBER: 0
2025-02-21T11:56:12.0963030Z   PYTEST_FLAGS: --tardis-regression-data=/Users/runner/work/tardis/tardis/tardis-regression-data --cov=tardis --cov-report=xml --cov-report=html --cov-append
2025-02-21T11:56:12.0963520Z   CODECOV_TOKEN: 
2025-02-21T11:56:12.0963720Z   MAMBA_ROOT_PREFIX: /Users/runner/micromamba
2025-02-21T11:56:12.0963960Z   MAMBA_EXE: /Users/runner/micromamba-bin/micromamba
2025-02-21T11:56:12.0964260Z   CONDARC: /Users/runner/work/_temp/setup-micromamba/.condarc
2025-02-21T11:56:12.0964510Z ##[endgroup]
2025-02-21T11:56:12.7845570Z Collecting qgridnext
2025-02-21T11:56:12.8051580Z   Downloading qgridnext-2.0.4-py3-none-any.whl.metadata (9.9 kB)
2025-02-21T11:56:12.8321050Z Requirement already satisfied: pandas>=0.20.0 in /Users/runner/micromamba/envs/tardis/lib/python3.12/site-packages (from qgridnext) (2.2.2)
2025-02-21T11:56:12.8340850Z Requirement already satisfied: ipywidgets>=7.0.0 in /Users/runner/micromamba/envs/tardis/lib/python3.12/site-packages (from qgridnext) (7.8.0)
2025-02-21T11:56:12.8357720Z Requirement already satisfied: numpy in /Users/runner/micromamba/envs/tardis/lib/python3.12/site-packages (from qgridnext) (1.26.4)
2025-02-21T11:56:12.8375790Z Requirement already satisfied: traitlets in /Users/runner/micromamba/envs/tardis/lib/python3.12/site-packages (from qgridnext) (5.14.3)
2025-02-21T11:56:12.8441220Z Requirement already satisfied: comm>=0.1.3 in /Users/runner/micromamba/envs/tardis/lib/python3.12/site-packages (from ipywidgets>=7.0.0->qgridnext) (0.2.2)
2025-02-21T11:56:12.8445940Z Requirement already satisfied: ipython-genutils~=0.2.0 in /Users/runner/micromamba/envs/tardis/lib/python3.12/site-packages (from ipywidgets>=7.0.0->qgridnext) (0.2.0)
2025-02-21T11:56:12.8456080Z Requirement already satisfied: widgetsnbextension~=3.6.5 in /Users/runner/micromamba/envs/tardis/lib/python3.12/site-packages (from ipywidgets>=7.0.0->qgridnext) (3.6.6)
2025-02-21T11:56:12.8465300Z Requirement already satisfied: ipython>=4.0.0 in /Users/runner/micromamba/envs/tardis/lib/python3.12/site-packages (from ipywidgets>=7.0.0->qgridnext) (8.25.0)
2025-02-21T11:56:12.8480620Z Requirement already satisfied: jupyterlab-widgets<3,>=1.0.0 in /Users/runner/micromamba/envs/tardis/lib/python3.12/site-packages (from ipywidgets>=7.0.0->qgridnext) (1.1.7)
2025-02-21T11:56:12.8811480Z Requirement already satisfied: python-dateutil>=2.8.2 in /Users/runner/micromamba/envs/tardis/lib/python3.12/site-packages (from pandas>=0.20.0->qgridnext) (2.9.0)
2025-02-21T11:56:12.8820550Z Requirement already satisfied: pytz>=2020.1 in /Users/runner/micromamba/envs/tardis/lib/python3.12/site-packages (from pandas>=0.20.0->qgridnext) (2024.1)
2025-02-21T11:56:12.8826250Z Requirement already satisfied: tzdata>=2022.7 in /Users/runner/micromamba/envs/tardis/lib/python3.12/site-packages (from pandas>=0.20.0->qgridnext) (2024.1)
2025-02-21T11:56:12.9025150Z Requirement already satisfied: decorator in /Users/runner/micromamba/envs/tardis/lib/python3.12/site-packages (from ipython>=4.0.0->ipywidgets>=7.0.0->qgridnext) (5.1.1)
2025-02-21T11:56:12.9035610Z Requirement already satisfied: jedi>=0.16 in /Users/runner/micromamba/envs/tardis/lib/python3.12/site-packages (from ipython>=4.0.0->ipywidgets>=7.0.0->qgridnext) (0.19.1)
2025-02-21T11:56:12.9040630Z Requirement already satisfied: matplotlib-inline in /Users/runner/micromamba/envs/tardis/lib/python3.12/site-packages (from ipython>=4.0.0->ipywidgets>=7.0.0->qgridnext) (0.1.7)
2025-02-21T11:56:12.9046500Z Requirement already satisfied: prompt-toolkit<3.1.0,>=3.0.41 in /Users/runner/micromamba/envs/tardis/lib/python3.12/site-packages (from ipython>=4.0.0->ipywidgets>=7.0.0->qgridnext) (3.0.47)
2025-02-21T11:56:12.9052530Z Requirement already satisfied: pygments>=2.4.0 in /Users/runner/micromamba/envs/tardis/lib/python3.12/site-packages (from ipython>=4.0.0->ipywidgets>=7.0.0->qgridnext) (2.18.0)
2025-02-21T11:56:12.9057990Z Requirement already satisfied: stack-data in /Users/runner/micromamba/envs/tardis/lib/python3.12/site-packages (from ipython>=4.0.0->ipywidgets>=7.0.0->qgridnext) (0.6.2)
2025-02-21T11:56:12.9069890Z Requirement already satisfied: pexpect>4.3 in /Users/runner/micromamba/envs/tardis/lib/python3.12/site-packages (from ipython>=4.0.0->ipywidgets>=7.0.0->qgridnext) (4.9.0)
2025-02-21T11:56:12.9097160Z Requirement already satisfied: six>=1.5 in /Users/runner/micromamba/envs/tardis/lib/python3.12/site-packages (from python-dateutil>=2.8.2->pandas>=0.20.0->qgridnext) (1.16.0)
2025-02-21T11:56:12.9132490Z Requirement already satisfied: notebook>=4.4.1 in /Users/runner/micromamba/envs/tardis/lib/python3.12/site-packages (from widgetsnbextension~=3.6.5->ipywidgets>=7.0.0->qgridnext) (7.2.1)
2025-02-21T11:56:12.9255800Z Requirement already satisfied: parso<0.9.0,>=0.8.3 in /Users/runner/micromamba/envs/tardis/lib/python3.12/site-packages (from jedi>=0.16->ipython>=4.0.0->ipywidgets>=7.0.0->qgridnext) (0.8.4)
2025-02-21T11:56:12.9356580Z Requirement already satisfied: jupyter-server<3,>=2.4.0 in /Users/runner/micromamba/envs/tardis/lib/python3.12/site-packages (from notebook>=4.4.1->widgetsnbextension~=3.6.5->ipywidgets>=7.0.0->qgridnext) (2.14.1)
2025-02-21T11:56:12.9458470Z Requirement already satisfied: jupyterlab-server<3,>=2.27.1 in /Users/runner/micromamba/envs/tardis/lib/python3.12/site-packages (from notebook>=4.4.1->widgetsnbextension~=3.6.5->ipywidgets>=7.0.0->qgridnext) (2.27.2)
2025-02-21T11:56:12.9560840Z Requirement already satisfied: jupyterlab<4.3,>=4.2.0 in /Users/runner/micromamba/envs/tardis/lib/python3.12/site-packages (from notebook>=4.4.1->widgetsnbextension~=3.6.5->ipywidgets>=7.0.0->qgridnext) (4.2.2)
2025-02-21T11:56:12.9662810Z Requirement already satisfied: notebook-shim<0.3,>=0.2 in /Users/runner/micromamba/envs/tardis/lib/python3.12/site-packages (from notebook>=4.4.1->widgetsnbextension~=3.6.5->ipywidgets>=7.0.0->qgridnext) (0.2.4)
2025-02-21T11:56:12.9695370Z Requirement already satisfied: tornado>=6.2.0 in /Users/runner/micromamba/envs/tardis/lib/python3.12/site-packages (from notebook>=4.4.1->widgetsnbextension~=3.6.5->ipywidgets>=7.0.0->qgridnext) (6.4.1)
2025-02-21T11:56:12.9696600Z Requirement already satisfied: ptyprocess>=0.5 in /Users/runner/micromamba/envs/tardis/lib/python3.12/site-packages (from pexpect>4.3->ipython>=4.0.0->ipywidgets>=7.0.0->qgridnext) (0.7.0)
2025-02-21T11:56:12.9697820Z Requirement already satisfied: wcwidth in /Users/runner/micromamba/envs/tardis/lib/python3.12/site-packages (from prompt-toolkit<3.1.0,>=3.0.41->ipython>=4.0.0->ipywidgets>=7.0.0->qgridnext) (0.2.13)
2025-02-21T11:56:12.9699040Z Requirement already satisfied: executing>=1.2.0 in /Users/runner/micromamba/envs/tardis/lib/python3.12/site-packages (from stack-data->ipython>=4.0.0->ipywidgets>=7.0.0->qgridnext) (2.0.1)
2025-02-21T11:56:12.9700180Z Requirement already satisfied: asttokens>=2.1.0 in /Users/runner/micromamba/envs/tardis/lib/python3.12/site-packages (from stack-data->ipython>=4.0.0->ipywidgets>=7.0.0->qgridnext) (2.4.1)
2025-02-21T11:56:12.9701270Z Requirement already satisfied: pure-eval in /Users/runner/micromamba/envs/tardis/lib/python3.12/site-packages (from stack-data->ipython>=4.0.0->ipywidgets>=7.0.0->qgridnext) (0.2.2)
2025-02-21T11:56:12.9786540Z Requirement already satisfied: anyio>=3.1.0 in /Users/runner/micromamba/envs/tardis/lib/python3.12/site-packages (from jupyter-server<3,>=2.4.0->notebook>=4.4.1->widgetsnbextension~=3.6.5->ipywidgets>=7.0.0->qgridnext) (4.4.0)
2025-02-21T11:56:12.9792970Z Requirement already satisfied: argon2-cffi>=21.1 in /Users/runner/micromamba/envs/tardis/lib/python3.12/site-packages (from jupyter-server<3,>=2.4.0->notebook>=4.4.1->widgetsnbextension~=3.6.5->ipywidgets>=7.0.0->qgridnext) (23.1.0)
2025-02-21T11:56:12.9799180Z Requirement already satisfied: jinja2>=3.0.3 in /Users/runner/micromamba/envs/tardis/lib/python3.12/site-packages (from jupyter-server<3,>=2.4.0->notebook>=4.4.1->widgetsnbextension~=3.6.5->ipywidgets>=7.0.0->qgridnext) (3.1.4)
2025-02-21T11:56:12.9806600Z Requirement already satisfied: jupyter-client>=7.4.4 in /Users/runner/micromamba/envs/tardis/lib/python3.12/site-packages (from jupyter-server<3,>=2.4.0->notebook>=4.4.1->widgetsnbextension~=3.6.5->ipywidgets>=7.0.0->qgridnext) (8.6.2)
2025-02-21T11:56:12.9814050Z Requirement already satisfied: jupyter-core!=5.0.*,>=4.12 in /Users/runner/micromamba/envs/tardis/lib/python3.12/site-packages (from jupyter-server<3,>=2.4.0->notebook>=4.4.1->widgetsnbextension~=3.6.5->ipywidgets>=7.0.0->qgridnext) (5.7.2)
2025-02-21T11:56:12.9820770Z Requirement already satisfied: jupyter-events>=0.9.0 in /Users/runner/micromamba/envs/tardis/lib/python3.12/site-packages (from jupyter-server<3,>=2.4.0->notebook>=4.4.1->widgetsnbextension~=3.6.5->ipywidgets>=7.0.0->qgridnext) (0.10.0)
2025-02-21T11:56:12.9827470Z Requirement already satisfied: jupyter-server-terminals>=0.4.4 in /Users/runner/micromamba/envs/tardis/lib/python3.12/site-packages (from jupyter-server<3,>=2.4.0->notebook>=4.4.1->widgetsnbextension~=3.6.5->ipywidgets>=7.0.0->qgridnext) (0.5.3)
2025-02-21T11:56:12.9837900Z Requirement already satisfied: nbconvert>=6.4.4 in /Users/runner/micromamba/envs/tardis/lib/python3.12/site-packages (from jupyter-server<3,>=2.4.0->notebook>=4.4.1->widgetsnbextension~=3.6.5->ipywidgets>=7.0.0->qgridnext) (7.16.4)
2025-02-21T11:56:12.9843950Z Requirement already satisfied: nbformat>=5.3.0 in /Users/runner/micromamba/envs/tardis/lib/python3.12/site-packages (from jupyter-server<3,>=2.4.0->notebook>=4.4.1->widgetsnbextension~=3.6.5->ipywidgets>=7.0.0->qgridnext) (5.10.4)
2025-02-21T11:56:12.9849080Z Requirement already satisfied: overrides>=5.0 in /Users/runner/micromamba/envs/tardis/lib/python3.12/site-packages (from jupyter-server<3,>=2.4.0->notebook>=4.4.1->widgetsnbextension~=3.6.5->ipywidgets>=7.0.0->qgridnext) (7.7.0)
2025-02-21T11:56:12.9854650Z Requirement already satisfied: packaging>=22.0 in /Users/runner/micromamba/envs/tardis/lib/python3.12/site-packages (from jupyter-server<3,>=2.4.0->notebook>=4.4.1->widgetsnbextension~=3.6.5->ipywidgets>=7.0.0->qgridnext) (24.1)
2025-02-21T11:56:12.9859730Z Requirement already satisfied: prometheus-client>=0.9 in /Users/runner/micromamba/envs/tardis/lib/python3.12/site-packages (from jupyter-server<3,>=2.4.0->notebook>=4.4.1->widgetsnbextension~=3.6.5->ipywidgets>=7.0.0->qgridnext) (0.20.0)
2025-02-21T11:56:12.9866220Z Requirement already satisfied: pyzmq>=24 in /Users/runner/micromamba/envs/tardis/lib/python3.12/site-packages (from jupyter-server<3,>=2.4.0->notebook>=4.4.1->widgetsnbextension~=3.6.5->ipywidgets>=7.0.0->qgridnext) (26.0.3)
2025-02-21T11:56:12.9871350Z Requirement already satisfied: send2trash>=1.8.2 in /Users/runner/micromamba/envs/tardis/lib/python3.12/site-packages (from jupyter-server<3,>=2.4.0->notebook>=4.4.1->widgetsnbextension~=3.6.5->ipywidgets>=7.0.0->qgridnext) (1.8.3)
2025-02-21T11:56:12.9878710Z Requirement already satisfied: terminado>=0.8.3 in /Users/runner/micromamba/envs/tardis/lib/python3.12/site-packages (from jupyter-server<3,>=2.4.0->notebook>=4.4.1->widgetsnbextension~=3.6.5->ipywidgets>=7.0.0->qgridnext) (0.18.1)
2025-02-21T11:56:12.9889130Z Requirement already satisfied: websocket-client>=1.7 in /Users/runner/micromamba/envs/tardis/lib/python3.12/site-packages (from jupyter-server<3,>=2.4.0->notebook>=4.4.1->widgetsnbextension~=3.6.5->ipywidgets>=7.0.0->qgridnext) (1.8.0)
2025-02-21T11:56:13.0069210Z Requirement already satisfied: async-lru>=1.0.0 in /Users/runner/micromamba/envs/tardis/lib/python3.12/site-packages (from jupyterlab<4.3,>=4.2.0->notebook>=4.4.1->widgetsnbextension~=3.6.5->ipywidgets>=7.0.0->qgridnext) (2.0.4)
2025-02-21T11:56:13.0076360Z Requirement already satisfied: httpx>=0.25.0 in /Users/runner/micromamba/envs/tardis/lib/python3.12/site-packages (from jupyterlab<4.3,>=4.2.0->notebook>=4.4.1->widgetsnbextension~=3.6.5->ipywidgets>=7.0.0->qgridnext) (0.27.0)
2025-02-21T11:56:13.0084050Z Requirement already satisfied: ipykernel>=6.5.0 in /Users/runner/micromamba/envs/tardis/lib/python3.12/site-packages (from jupyterlab<4.3,>=4.2.0->notebook>=4.4.1->widgetsnbextension~=3.6.5->ipywidgets>=7.0.0->qgridnext) (6.29.4)
2025-02-21T11:56:13.0092070Z Requirement already satisfied: jupyter-lsp>=2.0.0 in /Users/runner/micromamba/envs/tardis/lib/python3.12/site-packages (from jupyterlab<4.3,>=4.2.0->notebook>=4.4.1->widgetsnbextension~=3.6.5->ipywidgets>=7.0.0->qgridnext) (2.2.5)
2025-02-21T11:56:13.0108040Z Requirement already satisfied: setuptools>=40.1.0 in /Users/runner/micromamba/envs/tardis/lib/python3.12/site-packages (from jupyterlab<4.3,>=4.2.0->notebook>=4.4.1->widgetsnbextension~=3.6.5->ipywidgets>=7.0.0->qgridnext) (70.0.0)
2025-02-21T11:56:13.0230230Z Requirement already satisfied: babel>=2.10 in /Users/runner/micromamba/envs/tardis/lib/python3.12/site-packages (from jupyterlab-server<3,>=2.27.1->notebook>=4.4.1->widgetsnbextension~=3.6.5->ipywidgets>=7.0.0->qgridnext) (2.14.0)
2025-02-21T11:56:13.0249440Z Requirement already satisfied: json5>=0.9.0 in /Users/runner/micromamba/envs/tardis/lib/python3.12/site-packages (from jupyterlab-server<3,>=2.27.1->notebook>=4.4.1->widgetsnbextension~=3.6.5->ipywidgets>=7.0.0->qgridnext) (0.9.25)
2025-02-21T11:56:13.0255870Z Requirement already satisfied: jsonschema>=4.18.0 in /Users/runner/micromamba/envs/tardis/lib/python3.12/site-packages (from jupyterlab-server<3,>=2.27.1->notebook>=4.4.1->widgetsnbextension~=3.6.5->ipywidgets>=7.0.0->qgridnext) (4.22.0)
2025-02-21T11:56:13.0267080Z Requirement already satisfied: requests>=2.31 in /Users/runner/micromamba/envs/tardis/lib/python3.12/site-packages (from jupyterlab-server<3,>=2.27.1->notebook>=4.4.1->widgetsnbextension~=3.6.5->ipywidgets>=7.0.0->qgridnext) (2.32.3)
2025-02-21T11:56:13.0483240Z Requirement already satisfied: idna>=2.8 in /Users/runner/micromamba/envs/tardis/lib/python3.12/site-packages (from anyio>=3.1.0->jupyter-server<3,>=2.4.0->notebook>=4.4.1->widgetsnbextension~=3.6.5->ipywidgets>=7.0.0->qgridnext) (3.7)
2025-02-21T11:56:13.0487990Z Requirement already satisfied: sniffio>=1.1 in /Users/runner/micromamba/envs/tardis/lib/python3.12/site-packages (from anyio>=3.1.0->jupyter-server<3,>=2.4.0->notebook>=4.4.1->widgetsnbextension~=3.6.5->ipywidgets>=7.0.0->qgridnext) (1.3.1)
2025-02-21T11:56:13.0546280Z Requirement already satisfied: argon2-cffi-bindings in /Users/runner/micromamba/envs/tardis/lib/python3.12/site-packages (from argon2-cffi>=21.1->jupyter-server<3,>=2.4.0->notebook>=4.4.1->widgetsnbextension~=3.6.5->ipywidgets>=7.0.0->qgridnext) (21.2.0)
2025-02-21T11:56:13.0649660Z Requirement already satisfied: certifi in /Users/runner/micromamba/envs/tardis/lib/python3.12/site-packages (from httpx>=0.25.0->jupyterlab<4.3,>=4.2.0->notebook>=4.4.1->widgetsnbextension~=3.6.5->ipywidgets>=7.0.0->qgridnext) (2024.6.2)
2025-02-21T11:56:13.0763510Z Requirement already satisfied: httpcore==1.* in /Users/runner/micromamba/envs/tardis/lib/python3.12/site-packages (from httpx>=0.25.0->jupyterlab<4.3,>=4.2.0->notebook>=4.4.1->widgetsnbextension~=3.6.5->ipywidgets>=7.0.0->qgridnext) (1.0.5)
2025-02-21T11:56:13.0870500Z Requirement already satisfied: h11<0.15,>=0.13 in /Users/runner/micromamba/envs/tardis/lib/python3.12/site-packages (from httpcore==1.*->httpx>=0.25.0->jupyterlab<4.3,>=4.2.0->notebook>=4.4.1->widgetsnbextension~=3.6.5->ipywidgets>=7.0.0->qgridnext) (0.14.0)
2025-02-21T11:56:13.0972530Z Requirement already satisfied: appnope in /Users/runner/micromamba/envs/tardis/lib/python3.12/site-packages (from ipykernel>=6.5.0->jupyterlab<4.3,>=4.2.0->notebook>=4.4.1->widgetsnbextension~=3.6.5->ipywidgets>=7.0.0->qgridnext) (0.1.4)
2025-02-21T11:56:13.1074560Z Requirement already satisfied: debugpy>=1.6.5 in /Users/runner/micromamba/envs/tardis/lib/python3.12/site-packages (from ipykernel>=6.5.0->jupyterlab<4.3,>=4.2.0->notebook>=4.4.1->widgetsnbextension~=3.6.5->ipywidgets>=7.0.0->qgridnext) (1.8.1)
2025-02-21T11:56:13.1177390Z Requirement already satisfied: nest-asyncio in /Users/runner/micromamba/envs/tardis/lib/python3.12/site-packages (from ipykernel>=6.5.0->jupyterlab<4.3,>=4.2.0->notebook>=4.4.1->widgetsnbextension~=3.6.5->ipywidgets>=7.0.0->qgridnext) (1.6.0)
2025-02-21T11:56:13.1279480Z Requirement already satisfied: psutil in /Users/runner/micromamba/envs/tardis/lib/python3.12/site-packages (from ipykernel>=6.5.0->jupyterlab<4.3,>=4.2.0->notebook>=4.4.1->widgetsnbextension~=3.6.5->ipywidgets>=7.0.0->qgridnext) (5.9.8)
2025-02-21T11:56:13.1381490Z Requirement already satisfied: MarkupSafe>=2.0 in /Users/runner/micromamba/envs/tardis/lib/python3.12/site-packages (from jinja2>=3.0.3->jupyter-server<3,>=2.4.0->notebook>=4.4.1->widgetsnbextension~=3.6.5->ipywidgets>=7.0.0->qgridnext) (2.1.5)
2025-02-21T11:56:13.1483630Z Requirement already satisfied: attrs>=22.2.0 in /Users/runner/micromamba/envs/tardis/lib/python3.12/site-packages (from jsonschema>=4.18.0->jupyterlab-server<3,>=2.27.1->notebook>=4.4.1->widgetsnbextension~=3.6.5->ipywidgets>=7.0.0->qgridnext) (23.2.0)
2025-02-21T11:56:13.1585900Z Requirement already satisfied: jsonschema-specifications>=2023.03.6 in /Users/runner/micromamba/envs/tardis/lib/python3.12/site-packages (from jsonschema>=4.18.0->jupyterlab-server<3,>=2.27.1->notebook>=4.4.1->widgetsnbextension~=3.6.5->ipywidgets>=7.0.0->qgridnext) (2023.12.1)
2025-02-21T11:56:13.1688260Z Requirement already satisfied: referencing>=0.28.4 in /Users/runner/micromamba/envs/tardis/lib/python3.12/site-packages (from jsonschema>=4.18.0->jupyterlab-server<3,>=2.27.1->notebook>=4.4.1->widgetsnbextension~=3.6.5->ipywidgets>=7.0.0->qgridnext) (0.35.1)
2025-02-21T11:56:13.1791110Z Requirement already satisfied: rpds-py>=0.7.1 in /Users/runner/micromamba/envs/tardis/lib/python3.12/site-packages (from jsonschema>=4.18.0->jupyterlab-server<3,>=2.27.1->notebook>=4.4.1->widgetsnbextension~=3.6.5->ipywidgets>=7.0.0->qgridnext) (0.18.1)
2025-02-21T11:56:13.1895140Z Requirement already satisfied: platformdirs>=2.5 in /Users/runner/micromamba/envs/tardis/lib/python3.12/site-packages (from jupyter-core!=5.0.*,>=4.12->jupyter-server<3,>=2.4.0->notebook>=4.4.1->widgetsnbextension~=3.6.5->ipywidgets>=7.0.0->qgridnext) (4.2.2)
2025-02-21T11:56:13.1997610Z Requirement already satisfied: python-json-logger>=2.0.4 in /Users/runner/micromamba/envs/tardis/lib/python3.12/site-packages (from jupyter-events>=0.9.0->jupyter-server<3,>=2.4.0->notebook>=4.4.1->widgetsnbextension~=3.6.5->ipywidgets>=7.0.0->qgridnext) (2.0.7)
2025-02-21T11:56:13.2099830Z Requirement already satisfied: pyyaml>=5.3 in /Users/runner/micromamba/envs/tardis/lib/python3.12/site-packages (from jupyter-events>=0.9.0->jupyter-server<3,>=2.4.0->notebook>=4.4.1->widgetsnbextension~=3.6.5->ipywidgets>=7.0.0->qgridnext) (6.0.1)
2025-02-21T11:56:13.2202230Z Requirement already satisfied: rfc3339-validator in /Users/runner/micromamba/envs/tardis/lib/python3.12/site-packages (from jupyter-events>=0.9.0->jupyter-server<3,>=2.4.0->notebook>=4.4.1->widgetsnbextension~=3.6.5->ipywidgets>=7.0.0->qgridnext) (0.1.4)
2025-02-21T11:56:13.2304390Z Requirement already satisfied: rfc3986-validator>=0.1.1 in /Users/runner/micromamba/envs/tardis/lib/python3.12/site-packages (from jupyter-events>=0.9.0->jupyter-server<3,>=2.4.0->notebook>=4.4.1->widgetsnbextension~=3.6.5->ipywidgets>=7.0.0->qgridnext) (0.1.1)
2025-02-21T11:56:13.2406450Z Requirement already satisfied: beautifulsoup4 in /Users/runner/micromamba/envs/tardis/lib/python3.12/site-packages (from nbconvert>=6.4.4->jupyter-server<3,>=2.4.0->notebook>=4.4.1->widgetsnbextension~=3.6.5->ipywidgets>=7.0.0->qgridnext) (4.12.3)
2025-02-21T11:56:13.2508580Z Requirement already satisfied: bleach!=5.0.0 in /Users/runner/micromamba/envs/tardis/lib/python3.12/site-packages (from nbconvert>=6.4.4->jupyter-server<3,>=2.4.0->notebook>=4.4.1->widgetsnbextension~=3.6.5->ipywidgets>=7.0.0->qgridnext) (6.1.0)
2025-02-21T11:56:13.2610720Z Requirement already satisfied: defusedxml in /Users/runner/micromamba/envs/tardis/lib/python3.12/site-packages (from nbconvert>=6.4.4->jupyter-server<3,>=2.4.0->notebook>=4.4.1->widgetsnbextension~=3.6.5->ipywidgets>=7.0.0->qgridnext) (0.7.1)
2025-02-21T11:56:13.2713670Z Requirement already satisfied: jupyterlab-pygments in /Users/runner/micromamba/envs/tardis/lib/python3.12/site-packages (from nbconvert>=6.4.4->jupyter-server<3,>=2.4.0->notebook>=4.4.1->widgetsnbextension~=3.6.5->ipywidgets>=7.0.0->qgridnext) (0.3.0)
2025-02-21T11:56:13.2815890Z Requirement already satisfied: mistune<4,>=2.0.3 in /Users/runner/micromamba/envs/tardis/lib/python3.12/site-packages (from nbconvert>=6.4.4->jupyter-server<3,>=2.4.0->notebook>=4.4.1->widgetsnbextension~=3.6.5->ipywidgets>=7.0.0->qgridnext) (3.0.2)
2025-02-21T11:56:13.2917890Z Requirement already satisfied: nbclient>=0.5.0 in /Users/runner/micromamba/envs/tardis/lib/python3.12/site-packages (from nbconvert>=6.4.4->jupyter-server<3,>=2.4.0->notebook>=4.4.1->widgetsnbextension~=3.6.5->ipywidgets>=7.0.0->qgridnext) (0.10.0)
2025-02-21T11:56:13.3020110Z Requirement already satisfied: pandocfilters>=1.4.1 in /Users/runner/micromamba/envs/tardis/lib/python3.12/site-packages (from nbconvert>=6.4.4->jupyter-server<3,>=2.4.0->notebook>=4.4.1->widgetsnbextension~=3.6.5->ipywidgets>=7.0.0->qgridnext) (1.5.0)
2025-02-21T11:56:13.3122220Z Requirement already satisfied: tinycss2 in /Users/runner/micromamba/envs/tardis/lib/python3.12/site-packages (from nbconvert>=6.4.4->jupyter-server<3,>=2.4.0->notebook>=4.4.1->widgetsnbextension~=3.6.5->ipywidgets>=7.0.0->qgridnext) (1.3.0)
2025-02-21T11:56:13.3224980Z Requirement already satisfied: fastjsonschema>=2.15 in /Users/runner/micromamba/envs/tardis/lib/python3.12/site-packages (from nbformat>=5.3.0->jupyter-server<3,>=2.4.0->notebook>=4.4.1->widgetsnbextension~=3.6.5->ipywidgets>=7.0.0->qgridnext) (2.20.0)
2025-02-21T11:56:13.3327690Z Requirement already satisfied: charset-normalizer<4,>=2 in /Users/runner/micromamba/envs/tardis/lib/python3.12/site-packages (from requests>=2.31->jupyterlab-server<3,>=2.27.1->notebook>=4.4.1->widgetsnbextension~=3.6.5->ipywidgets>=7.0.0->qgridnext) (3.3.2)
2025-02-21T11:56:13.3430220Z Requirement already satisfied: urllib3<3,>=1.21.1 in /Users/runner/micromamba/envs/tardis/lib/python3.12/site-packages (from requests>=2.31->jupyterlab-server<3,>=2.27.1->notebook>=4.4.1->widgetsnbextension~=3.6.5->ipywidgets>=7.0.0->qgridnext) (2.2.2)
2025-02-21T11:56:13.3532430Z Requirement already satisfied: webencodings in /Users/runner/micromamba/envs/tardis/lib/python3.12/site-packages (from bleach!=5.0.0->nbconvert>=6.4.4->jupyter-server<3,>=2.4.0->notebook>=4.4.1->widgetsnbextension~=3.6.5->ipywidgets>=7.0.0->qgridnext) (0.5.1)
2025-02-21T11:56:13.3636670Z Requirement already satisfied: fqdn in /Users/runner/micromamba/envs/tardis/lib/python3.12/site-packages (from jsonschema[format-nongpl]>=4.18.0->jupyter-events>=0.9.0->jupyter-server<3,>=2.4.0->notebook>=4.4.1->widgetsnbextension~=3.6.5->ipywidgets>=7.0.0->qgridnext) (1.5.1)
2025-02-21T11:56:13.3742330Z Requirement already satisfied: isoduration in /Users/runner/micromamba/envs/tardis/lib/python3.12/site-packages (from jsonschema[format-nongpl]>=4.18.0->jupyter-events>=0.9.0->jupyter-server<3,>=2.4.0->notebook>=4.4.1->widgetsnbextension~=3.6.5->ipywidgets>=7.0.0->qgridnext) (20.11.0)
2025-02-21T11:56:13.3848550Z Requirement already satisfied: jsonpointer>1.13 in /Users/runner/micromamba/envs/tardis/lib/python3.12/site-packages (from jsonschema[format-nongpl]>=4.18.0->jupyter-events>=0.9.0->jupyter-server<3,>=2.4.0->notebook>=4.4.1->widgetsnbextension~=3.6.5->ipywidgets>=7.0.0->qgridnext) (3.0.0)
2025-02-21T11:56:13.3951360Z Requirement already satisfied: uri-template in /Users/runner/micromamba/envs/tardis/lib/python3.12/site-packages (from jsonschema[format-nongpl]>=4.18.0->jupyter-events>=0.9.0->jupyter-server<3,>=2.4.0->notebook>=4.4.1->widgetsnbextension~=3.6.5->ipywidgets>=7.0.0->qgridnext) (1.3.0)
2025-02-21T11:56:13.4053950Z Requirement already satisfied: webcolors>=1.11 in /Users/runner/micromamba/envs/tardis/lib/python3.12/site-packages (from jsonschema[format-nongpl]>=4.18.0->jupyter-events>=0.9.0->jupyter-server<3,>=2.4.0->notebook>=4.4.1->widgetsnbextension~=3.6.5->ipywidgets>=7.0.0->qgridnext) (24.6.0)
2025-02-21T11:56:13.4473120Z Requirement already satisfied: cffi>=1.0.1 in /Users/runner/micromamba/envs/tardis/lib/python3.12/site-packages (from argon2-cffi-bindings->argon2-cffi>=21.1->jupyter-server<3,>=2.4.0->notebook>=4.4.1->widgetsnbextension~=3.6.5->ipywidgets>=7.0.0->qgridnext) (1.16.0)
2025-02-21T11:56:13.4577650Z Requirement already satisfied: soupsieve>1.2 in /Users/runner/micromamba/envs/tardis/lib/python3.12/site-packages (from beautifulsoup4->nbconvert>=6.4.4->jupyter-server<3,>=2.4.0->notebook>=4.4.1->widgetsnbextension~=3.6.5->ipywidgets>=7.0.0->qgridnext) (2.5)
2025-02-21T11:56:13.4980380Z Requirement already satisfied: pycparser in /Users/runner/micromamba/envs/tardis/lib/python3.12/site-packages (from cffi>=1.0.1->argon2-cffi-bindings->argon2-cffi>=21.1->jupyter-server<3,>=2.4.0->notebook>=4.4.1->widgetsnbextension~=3.6.5->ipywidgets>=7.0.0->qgridnext) (2.22)
2025-02-21T11:56:13.5383210Z Requirement already satisfied: arrow>=0.15.0 in /Users/runner/micromamba/envs/tardis/lib/python3.12/site-packages (from isoduration->jsonschema[format-nongpl]>=4.18.0->jupyter-events>=0.9.0->jupyter-server<3,>=2.4.0->notebook>=4.4.1->widgetsnbextension~=3.6.5->ipywidgets>=7.0.0->qgridnext) (1.3.0)
2025-02-21T11:56:13.5586420Z Requirement already satisfied: types-python-dateutil>=2.8.10 in /Users/runner/micromamba/envs/tardis/lib/python3.12/site-packages (from arrow>=0.15.0->isoduration->jsonschema[format-nongpl]>=4.18.0->jupyter-events>=0.9.0->jupyter-server<3,>=2.4.0->notebook>=4.4.1->widgetsnbextension~=3.6.5->ipywidgets>=7.0.0->qgridnext) (2.9.0.20240316)
2025-02-21T11:56:13.5792190Z Downloading qgridnext-2.0.4-py3-none-any.whl (1.3 MB)
2025-02-21T11:56:13.6161290Z    â”â”â”â”â”â”â”â”â”â”â”â”â”â”â”â”â”â”â”â”â”â”â”â”â”â”â”â”â”â”â”â”â”â”â”â”â”â”â”â” 1.3/1.3 MB 30.5 MB/s eta 0:00:00
2025-02-21T11:56:14.2051950Z Installing collected packages: qgridnext
2025-02-21T11:56:14.2682510Z Successfully installed qgridnext-2.0.4
2025-02-21T11:56:14.5553670Z ##[group]Run pytest tardis --tardis-regression-data=/Users/runner/work/tardis/tardis/tardis-regression-data --cov=tardis --cov-report=xml --cov-report=html --cov-append -m "not continuum"
2025-02-21T11:56:14.5577030Z [36;1mpytest tardis --tardis-regression-data=/Users/runner/work/tardis/tardis/tardis-regression-data --cov=tardis --cov-report=xml --cov-report=html --cov-append -m "not continuum"[0m
2025-02-21T11:56:14.5674970Z shell: /bin/bash -l {0}
2025-02-21T11:56:14.5675310Z env:
2025-02-21T11:56:14.5675610Z   CACHE_NUMBER: 0
2025-02-21T11:56:14.5676140Z   PYTEST_FLAGS: --tardis-regression-data=/Users/runner/work/tardis/tardis/tardis-regression-data --cov=tardis --cov-report=xml --cov-report=html --cov-append
2025-02-21T11:56:14.5676840Z   CODECOV_TOKEN: 
2025-02-21T11:56:14.5677140Z   MAMBA_ROOT_PREFIX: /Users/runner/micromamba
2025-02-21T11:56:14.5677820Z   MAMBA_EXE: /Users/runner/micromamba-bin/micromamba
2025-02-21T11:56:14.5678470Z   CONDARC: /Users/runner/work/_temp/setup-micromamba/.condarc
2025-02-21T11:56:14.5679010Z ##[endgroup]
2025-02-21T11:56:27.4884720Z ============================= test session starts ==============================
2025-02-21T11:56:27.4885770Z platform darwin -- Python 3.12.4, pytest-8.2.2, pluggy-1.5.0
2025-02-21T11:56:27.4886600Z rootdir: /Users/runner/work/tardis/tardis
2025-02-21T11:56:27.4887230Z configfile: pyproject.toml
2025-02-21T11:56:27.4888020Z plugins: cov-5.0.0, html-4.1.1, metadata-3.1.1, doctestplus-1.2.1, anyio-4.4.0
2025-02-21T11:56:27.4888940Z collected 1796 items / 2 deselected / 1794 selected
2025-02-21T11:56:27.4889480Z 
2025-02-21T11:56:31.0235540Z tardis/energy_input/tests/test_energy_source.py ..xxx                    [  0%]
2025-02-21T11:56:32.5863530Z tardis/energy_input/tests/test_gamma_ray_channel.py ...........          [  0%]
2025-02-21T11:56:33.9332970Z tardis/energy_input/tests/test_gamma_ray_grid.py xx.                     [  1%]
2025-02-21T11:56:35.1638090Z tardis/energy_input/tests/test_gamma_ray_interactions.py xx....          [  1%]
2025-02-21T11:56:35.1740390Z tardis/energy_input/tests/test_gamma_ray_packet_source.py sssssssss      [  1%]
2025-02-21T11:56:36.3085200Z tardis/energy_input/tests/test_util.py .....xxxx.....                    [  2%]
2025-02-21T11:56:36.6305270Z tardis/grid/tests/test_grid.py .                                         [  2%]
2025-02-21T11:56:36.6328110Z tardis/gui/tests/test_gui.py s                                           [  2%]
2025-02-21T11:56:39.7099470Z tardis/io/configuration/tests/test_config_reader.py ...........          [  3%]
2025-02-21T11:56:39.7176290Z tardis/io/configuration/tests/test_configuration_namespace.py .........  [  3%]
2025-02-21T11:56:39.7338800Z tardis/io/logger/tests/test_logging.py ssssssssssssssssssssssssssss      [  5%]
2025-02-21T11:57:09.6189470Z tardis/io/model/readers/tests/test_arepo_parser.py ..                    [  5%]
2025-02-21T11:57:09.6392010Z tardis/io/model/readers/tests/test_ascii_readers.py ...                  [  5%]
2025-02-21T11:57:09.6593790Z tardis/io/model/readers/tests/test_cmfgen_reader.py ..                   [  5%]
2025-02-21T11:57:09.6774800Z tardis/io/model/readers/tests/test_csvy_reader.py ....                   [  6%]
2025-02-21T11:57:09.6947840Z tardis/io/model/readers/tests/test_stella_reader.py ..                   [  6%]
2025-02-21T11:57:09.9440620Z tardis/io/tests/test_HDFWriter.py ...............                        [  7%]
2025-02-21T11:57:10.5260750Z tardis/io/tests/test_atomic.py .....                                     [  7%]
2025-02-21T11:57:10.5463160Z tardis/io/tests/test_decay.py ..                                         [  7%]
2025-02-21T11:57:10.7315720Z tardis/io/tests/test_model_reader.py ......                              [  7%]
2025-02-21T11:57:10.7417170Z tardis/model/geometry/tests/test_radial1d.py ..                          [  7%]
2025-02-21T11:57:38.9975850Z tardis/model/tests/test_base.py ........................................ [ 10%]
2025-02-21T11:57:39.7422310Z ............                                                             [ 10%]
2025-02-21T11:57:42.1384130Z tardis/model/tests/test_csvy_model.py .........                          [ 11%]
2025-02-21T11:57:42.1695380Z tardis/model/tests/test_density.py ..                                    [ 11%]
2025-02-21T11:57:43.2833710Z tardis/opacities/tests/test_opacity_solver.py .....                      [ 11%]
2025-02-21T11:57:44.2439580Z tardis/opacities/tests/test_opacity_state_numba.py .....                 [ 11%]
2025-02-21T11:57:46.1861070Z tardis/opacities/tests/test_tau_sobolev.py ..                            [ 12%]
2025-02-21T11:57:48.4147920Z tardis/plasma/equilibrium/tests/test_collisional_transitions.py ...      [ 12%]
2025-02-21T11:58:25.4261400Z tardis/plasma/equilibrium/tests/test_level_populations.py ....           [ 12%]
2025-02-21T11:58:34.6391110Z tardis/plasma/equilibrium/tests/test_rate_matrix.py .                    [ 12%]
2025-02-21T11:58:35.8768390Z tardis/plasma/tests/test_complete_plasmas.py ..............s......s..... [ 13%]
2025-02-21T11:58:38.8024440Z s....ssssss............s......s.....ss.....s....ssssss............s..... [ 18%]
2025-02-21T11:58:40.2619400Z .s.....ss.....s....ssssss............s......s.....ss.....s....ssssss.... [ 22%]
2025-02-21T11:58:42.8880640Z ........s......s.....ss.....s....ssssss............s......s.....ss.....s [ 26%]
2025-02-21T11:58:45.5166180Z ....ssssss............s......s.....ss.....s....ssssss............s...... [ 30%]
2025-02-21T11:58:46.1048930Z s.....ss.....s....ssssss............s......s.....ss.....s.ss.ssssss..... [ 34%]
2025-02-21T11:58:48.5905820Z .......s......s.....ss.....s....ssssss............s......s.....ss.....s. [ 38%]
2025-02-21T11:58:51.5436540Z ...ssssss............s......s.....ss.....s....ssssss............s......s [ 42%]
2025-02-21T11:58:55.2683440Z .....ss.....s....ssssss............s......s.....s...........ssssss...... [ 46%]
2025-02-21T11:58:57.3909880Z ......s......s.....s...........ssssss............s......s.....s......... [ 50%]
2025-02-21T11:59:00.7595470Z ..ssssss............s......s.....ss.....s....ssssss............s......s. [ 54%]
2025-02-21T11:59:05.1572320Z ....ss.....s....ssssss...................s......s.....s....ssss......... [ 58%]
2025-02-21T11:59:05.5427870Z ............s......s.....s....ssss.......                                [ 60%]
2025-02-21T11:59:05.8050080Z tardis/plasma/tests/test_hdf_plasma.py ................................. [ 62%]
2025-02-21T11:59:05.8291750Z ......                                                                   [ 62%]
2025-02-21T11:59:06.2600890Z tardis/plasma/tests/test_nlte_excitation.py ...                          [ 62%]
2025-02-21T12:01:07.8132060Z tardis/plasma/tests/test_nlte_solver.py .....X                           [ 63%]
2025-02-21T12:01:07.8180440Z tardis/plasma/tests/test_plasma_continuum.py .                           [ 63%]
2025-02-21T12:01:28.5819060Z tardis/plasma/tests/test_plasma_vboundary.py .............               [ 63%]
2025-02-21T12:01:39.1375520Z tardis/plasma/tests/test_tardis_model_density_config.py ...              [ 64%]
2025-02-21T12:01:39.6777680Z tardis/simulation/tests/test_convergence.py .....                        [ 64%]
2025-02-21T12:01:46.0074740Z tardis/simulation/tests/test_simulation.py .............                 [ 65%]
2025-02-21T12:01:46.0230600Z tardis/spectrum/tests/test_cuda_formal_integral.py sssssssssssssssssssss [ 66%]
2025-02-21T12:01:46.3103630Z ssss...ssssssssssssssssssssss                                            [ 67%]
2025-02-21T12:01:46.3155150Z tardis/spectrum/tests/test_luminosity.py ....                            [ 68%]
2025-02-21T12:01:47.2571310Z tardis/spectrum/tests/test_numba_formal_integral.py .................... [ 69%]
2025-02-21T12:01:47.2814300Z ..........                                                               [ 69%]
2025-02-21T12:01:47.4477970Z tardis/spectrum/tests/test_spectrum.py ................................. [ 71%]
2025-02-21T12:01:47.4777880Z .........                                                                [ 72%]
2025-02-21T12:01:47.5640950Z tardis/spectrum/tests/test_spectrum_solver.py .FFF                       [ 72%]
2025-02-21T12:02:14.9358100Z tardis/tests/test_tardis_full.py .FFF                                    [ 72%]
2025-02-21T12:03:42.4302930Z tardis/tests/test_tardis_full_formal_integral.py ................        [ 73%]
2025-02-21T12:03:42.4729010Z tardis/tests/test_util.py .............................................  [ 75%]
2025-02-21T12:03:44.4040350Z tardis/transport/montecarlo/tests/test_base.py x.....................    [ 77%]
2025-02-21T12:03:48.5896810Z tardis/transport/montecarlo/tests/test_interaction.py .......            [ 77%]
2025-02-21T12:03:48.7173220Z tardis/transport/montecarlo/tests/test_macro_atom.py ....                [ 77%]
2025-02-21T12:03:48.7275270Z tardis/transport/montecarlo/tests/test_montecarlo.py sssssssssssssssssss [ 78%]
2025-02-21T12:03:48.7492300Z sssssssssssssssssssssssssssssssssssssssssssss                            [ 81%]
2025-02-21T12:03:55.2388980Z tardis/transport/montecarlo/tests/test_montecarlo_main_loop.py x..       [ 81%]
2025-02-21T12:03:55.2484800Z tardis/transport/montecarlo/tests/test_nonhomologous.py ...              [ 81%]
2025-02-21T12:03:57.0296500Z tardis/transport/montecarlo/tests/test_numba_interface.py .....x.        [ 82%]
2025-02-21T12:03:57.3415570Z tardis/transport/montecarlo/tests/test_opacities.py ...............      [ 82%]
2025-02-21T12:03:57.9756240Z tardis/transport/montecarlo/tests/test_packet.py .................xXXXXX [ 84%]
2025-02-21T12:03:58.0598760Z XX.........                                                              [ 84%]
2025-02-21T12:03:58.0814110Z tardis/transport/montecarlo/tests/test_packet_source.py ........         [ 85%]
2025-02-21T12:03:58.2673380Z tardis/transport/montecarlo/tests/test_rpacket_last_interaction_tracker.py . [ 85%]
2025-02-21T12:03:58.5327330Z .....                                                                    [ 85%]
2025-02-21T12:04:07.6785050Z tardis/transport/montecarlo/tests/test_rpacket_tracker.py ......         [ 85%]
2025-02-21T12:04:07.6986690Z tardis/transport/montecarlo/tests/test_single_packet_loop.py xxx         [ 86%]
2025-02-21T12:04:07.7012330Z tardis/transport/montecarlo/tests/test_tracker_utils.py ..               [ 86%]
2025-02-21T12:04:08.7971140Z tardis/transport/montecarlo/tests/test_vpacket.py ..x.                   [ 86%]
2025-02-21T12:04:08.8102790Z tardis/transport/montecarlo/tests/test_weighted_packet_source.py ....    [ 86%]
2025-02-21T12:04:11.1960630Z tardis/transport/montecarlo/tests/test_weighted_packet_source_integration.py . [ 86%]
2025-02-21T12:04:11.1961420Z                                                                          [ 86%]
2025-02-21T12:04:11.9300290Z tardis/transport/tests/test_doppler_factor.py ..................         [ 87%]
2025-02-21T12:04:13.6796920Z tardis/visualization/tools/tests/test_convergence_plot.py .............. [ 88%]
2025-02-21T12:04:15.1521170Z ......                                                                   [ 88%]
2025-02-21T12:04:18.2570630Z tardis/visualization/tools/tests/test_liv_plot.py ...................... [ 90%]
2025-02-21T12:04:21.2009500Z .............................                                            [ 91%]
2025-02-21T12:04:23.8107410Z tardis/visualization/tools/tests/test_rpacket_plot.py .................. [ 92%]
2025-02-21T12:04:31.1967650Z ....                                                                     [ 92%]
2025-02-21T12:04:37.7103500Z tardis/visualization/tools/tests/test_sdec_plot.py ..................... [ 94%]
2025-02-21T12:04:45.8044700Z ..............................                                           [ 95%]
2025-02-21T12:04:46.3367330Z tardis/visualization/widgets/tests/test_custom_abundance.py ........ss.. [ 96%]
2025-02-21T12:04:46.4050510Z ....                                                                     [ 96%]
2025-02-21T12:04:47.4315020Z tardis/visualization/widgets/tests/test_line_info.py ................... [ 97%]
2025-02-21T12:04:48.0140430Z ..................                                                       [ 98%]
2025-02-21T12:07:54.0783040Z tardis/visualization/widgets/tests/test_shell_info.py .................. [ 99%]
2025-02-21T12:08:01.2893770Z ......                                                                   [100%]
2025-02-21T12:08:01.2894310Z 
2025-02-21T12:08:01.2894690Z =================================== FAILURES ===================================
2025-02-21T12:08:01.2895280Z ________________ TestSpectrumSolver.test_spectrum_real_packets _________________
2025-02-21T12:08:01.2895660Z 
2025-02-21T12:08:01.2896030Z self = <tardis.spectrum.tests.test_spectrum_solver.TestSpectrumSolver object at 0x11e281490>
2025-02-21T12:08:01.2897150Z simulation_regression_data = <tardis.simulation.base.Simulation object at 0x169dd1fa0>
2025-02-21T12:08:01.2897780Z 
2025-02-21T12:08:01.2898100Z     def test_spectrum_real_packets(self, simulation_regression_data):
2025-02-21T12:08:01.2898680Z         transport_state = simulation_regression_data.transport.transport_state
2025-02-21T12:08:01.2899370Z         spectrum_frequency_grid = simulation_regression_data.transport.spectrum_frequency_grid
2025-02-21T12:08:01.2899820Z     
2025-02-21T12:08:01.2900200Z         solver = SpectrumSolver(transport_state, spectrum_frequency_grid, None)
2025-02-21T12:08:01.2900660Z         result = solver.spectrum_real_packets.luminosity
2025-02-21T12:08:01.2901080Z         key = "simulation/spectrum_solver/spectrum_real_packets/luminosity"
2025-02-21T12:08:01.2901520Z         expected = self.get_expected_data(key)
2025-02-21T12:08:01.2901790Z     
2025-02-21T12:08:01.2902100Z         luminosity = u.Quantity(expected, "erg /s")
2025-02-21T12:08:01.2902950Z     
2025-02-21T12:08:01.2903530Z >       assert_quantity_allclose(
2025-02-21T12:08:01.2903850Z             result,
2025-02-21T12:08:01.2904060Z             luminosity,
2025-02-21T12:08:01.2904290Z         )
2025-02-21T12:08:01.2904410Z 
2025-02-21T12:08:01.2904590Z tardis/spectrum/tests/test_spectrum_solver.py:61: 
2025-02-21T12:08:01.2904920Z _ _ _ _ _ _ _ _ _ _ _ _ _ _ _ _ _ _ _ _ _ _ _ _ _ _ _ _ _ _ _ _ _ _ _ _ _ _ _ _ 
2025-02-21T12:08:01.2905450Z ../../../micromamba/envs/tardis/lib/python3.12/site-packages/astropy/tests/helper.py:203: in assert_quantity_allclose
2025-02-21T12:08:01.2906020Z     np.testing.assert_allclose(
2025-02-21T12:08:01.2906320Z _ _ _ _ _ _ _ _ _ _ _ _ _ _ _ _ _ _ _ _ _ _ _ _ _ _ _ _ _ _ _ _ _ _ _ _ _ _ _ _ 
2025-02-21T12:08:01.2906550Z 
2025-02-21T12:08:01.2906990Z args = (<function assert_allclose.<locals>.compare at 0x166878540>, array([0.00000000e+00, 0.00000000e+00, 2.76120259e+39, .....), array([1.33511090e+39, 1.33738696e+39, 9.41598476e+38, ...,
2025-02-21T12:08:01.2907580Z        0.00000000e+00, 0.00000000e+00, 0.00000000e+00]))
2025-02-21T12:08:01.2908100Z kwds = {'equal_nan': True, 'err_msg': '', 'header': 'Not equal to tolerance rtol=1e-07, atol=0', 'verbose': True}
2025-02-21T12:08:01.2908450Z 
2025-02-21T12:08:01.2908500Z     @wraps(func)
2025-02-21T12:08:01.2908740Z     def inner(*args, **kwds):
2025-02-21T12:08:01.2909010Z         with self._recreate_cm():
2025-02-21T12:08:01.2909240Z >           return func(*args, **kwds)
2025-02-21T12:08:01.2909560Z E           AssertionError: 
2025-02-21T12:08:01.2909800Z E           Not equal to tolerance rtol=1e-07, atol=0
2025-02-21T12:08:01.2910100Z E           
2025-02-21T12:08:01.2910300Z E           Mismatched elements: 4355 / 10000 (43.5%)
2025-02-21T12:08:01.2910620Z E           Max absolute difference: 1.94155993e+40
2025-02-21T12:08:01.2910910Z E           Max relative difference: 137.15340685
2025-02-21T12:08:01.2911370Z E            x: array([0.000000e+00, 0.000000e+00, 2.761203e+39, ..., 0.000000e+00,
2025-02-21T12:08:01.2923120Z E                  0.000000e+00, 0.000000e+00])
2025-02-21T12:08:01.2923500Z E            y: array([1.335111e+39, 1.337387e+39, 9.415985e+38, ..., 0.000000e+00,
2025-02-21T12:08:01.2923820Z E                  0.000000e+00, 0.000000e+00])
2025-02-21T12:08:01.2924010Z 
2025-02-21T12:08:01.2932670Z ../../../micromamba/envs/tardis/lib/python3.12/contextlib.py:81: AssertionError
2025-02-21T12:08:01.2933260Z ___________ TestSpectrumSolver.test_spectrum_real_packets_reabsorbed ___________
2025-02-21T12:08:01.2933580Z 
2025-02-21T12:08:01.2933850Z self = <tardis.spectrum.tests.test_spectrum_solver.TestSpectrumSolver object at 0x11e2817f0>
2025-02-21T12:08:01.2934450Z simulation_regression_data = <tardis.simulation.base.Simulation object at 0x169dd1fa0>
2025-02-21T12:08:01.2934710Z 
2025-02-21T12:08:01.2934920Z     def test_spectrum_real_packets_reabsorbed(self, simulation_regression_data):
2025-02-21T12:08:01.2935450Z         transport_state = simulation_regression_data.transport.transport_state
2025-02-21T12:08:01.2935960Z         spectrum_frequency_grid = simulation_regression_data.transport.spectrum_frequency_grid
2025-02-21T12:08:01.2936640Z     
2025-02-21T12:08:01.2936950Z         solver = SpectrumSolver(transport_state, spectrum_frequency_grid, None)
2025-02-21T12:08:01.2937440Z         result = solver.spectrum_real_packets_reabsorbed.luminosity
2025-02-21T12:08:01.2937880Z         key = "simulation/spectrum_solver/spectrum_real_packets_reabsorbed/luminosity"
2025-02-21T12:08:01.2938330Z         expected = self.get_expected_data(key)
2025-02-21T12:08:01.2938610Z     
2025-02-21T12:08:01.2938880Z         luminosity = u.Quantity(expected, "erg /s")
2025-02-21T12:08:01.2939130Z     
2025-02-21T12:08:01.2939350Z >       assert_quantity_allclose(
2025-02-21T12:08:01.2939580Z             result,
2025-02-21T12:08:01.2939820Z             luminosity,
2025-02-21T12:08:01.2940010Z         )
2025-02-21T12:08:01.2940130Z 
2025-02-21T12:08:01.2940280Z tardis/spectrum/tests/test_spectrum_solver.py:77: 
2025-02-21T12:08:01.2940850Z _ _ _ _ _ _ _ _ _ _ _ _ _ _ _ _ _ _ _ _ _ _ _ _ _ _ _ _ _ _ _ _ _ _ _ _ _ _ _ _ 
2025-02-21T12:08:01.2941390Z ../../../micromamba/envs/tardis/lib/python3.12/site-packages/astropy/tests/helper.py:203: in assert_quantity_allclose
2025-02-21T12:08:01.2941910Z     np.testing.assert_allclose(
2025-02-21T12:08:01.2942230Z _ _ _ _ _ _ _ _ _ _ _ _ _ _ _ _ _ _ _ _ _ _ _ _ _ _ _ _ _ _ _ _ _ _ _ _ _ _ _ _ 
2025-02-21T12:08:01.2942450Z 
2025-02-21T12:08:01.2942870Z args = (<function assert_allclose.<locals>.compare at 0x16657cb80>, array([0., 0., 0., ..., 0., 0., 0.]), array([2.03920412e+38, 3.72882494e+38, 2.29646943e+38, ...,
2025-02-21T12:08:01.2943560Z        0.00000000e+00, 0.00000000e+00, 0.00000000e+00]))
2025-02-21T12:08:01.2944000Z kwds = {'equal_nan': True, 'err_msg': '', 'header': 'Not equal to tolerance rtol=1e-07, atol=0', 'verbose': True}
2025-02-21T12:08:01.2944520Z 
2025-02-21T12:08:01.2944730Z     @wraps(func)
2025-02-21T12:08:01.2945040Z     def inner(*args, **kwds):
2025-02-21T12:08:01.2945530Z         with self._recreate_cm():
2025-02-21T12:08:01.2945840Z >           return func(*args, **kwds)
2025-02-21T12:08:01.2946240Z E           AssertionError: 
2025-02-21T12:08:01.2974130Z E           Not equal to tolerance rtol=1e-07, atol=0
2025-02-21T12:08:01.2974550Z E           
2025-02-21T12:08:01.2974870Z E           Mismatched elements: 4491 / 10000 (44.9%)
2025-02-21T12:08:01.2975220Z E           Max absolute difference: 1.0639846e+40
2025-02-21T12:08:01.2975560Z E           Max relative difference: 122.79315318
2025-02-21T12:08:01.2975890Z E            x: array([0., 0., 0., ..., 0., 0., 0.])
2025-02-21T12:08:01.2976180Z E            y: array([2.039204e+38, 3.728825e+38, 2.296469e+38, ..., 0.000000e+00,
2025-02-21T12:08:01.2976460Z E                  0.000000e+00, 0.000000e+00])
2025-02-21T12:08:01.2976630Z 
2025-02-21T12:08:01.2976810Z ../../../micromamba/envs/tardis/lib/python3.12/contextlib.py:81: AssertionError
2025-02-21T12:08:01.2977280Z ________________________ TestSpectrumSolver.test_solve _________________________
2025-02-21T12:08:01.2978290Z 
2025-02-21T12:08:01.2978510Z self = <tardis.spectrum.tests.test_spectrum_solver.TestSpectrumSolver object at 0x11e282060>
2025-02-21T12:08:01.2979030Z simulation_regression_data = <tardis.simulation.base.Simulation object at 0x169dd1fa0>
2025-02-21T12:08:01.2979330Z 
2025-02-21T12:08:01.2979820Z     def test_solve(self, simulation_regression_data):
2025-02-21T12:08:01.2980200Z         transport_state = simulation_regression_data.transport.transport_state
2025-02-21T12:08:01.2980690Z         spectrum_frequency_grid = simulation_regression_data.transport.spectrum_frequency_grid
2025-02-21T12:08:01.2981020Z     
2025-02-21T12:08:01.2981280Z         solver = SpectrumSolver(transport_state, spectrum_frequency_grid, None)
2025-02-21T12:08:01.2981640Z         result_real, result_virtual, result_integrated = solver.solve(
2025-02-21T12:08:01.2981950Z             transport_state
2025-02-21T12:08:01.2982130Z         )
2025-02-21T12:08:01.2982430Z         key_real = "simulation/spectrum_solver/spectrum_real_packets/luminosity"
2025-02-21T12:08:01.2982760Z         expected_real = self.get_expected_data(key_real)
2025-02-21T12:08:01.2983010Z     
2025-02-21T12:08:01.2983220Z         luminosity_real = u.Quantity(expected_real, "erg /s")
2025-02-21T12:08:01.2983530Z     
2025-02-21T12:08:01.2983730Z >       assert_quantity_allclose(
2025-02-21T12:08:01.2984020Z             result_real.luminosity,
2025-02-21T12:08:01.2984300Z             luminosity_real,
2025-02-21T12:08:01.2984580Z         )
2025-02-21T12:08:01.2984660Z 
2025-02-21T12:08:01.2984840Z tardis/spectrum/tests/test_spectrum_solver.py:95: 
2025-02-21T12:08:01.2985210Z _ _ _ _ _ _ _ _ _ _ _ _ _ _ _ _ _ _ _ _ _ _ _ _ _ _ _ _ _ _ _ _ _ _ _ _ _ _ _ _ 
2025-02-21T12:08:01.2985750Z ../../../micromamba/envs/tardis/lib/python3.12/site-packages/astropy/tests/helper.py:203: in assert_quantity_allclose
2025-02-21T12:08:01.2986280Z     np.testing.assert_allclose(
2025-02-21T12:08:01.2986580Z _ _ _ _ _ _ _ _ _ _ _ _ _ _ _ _ _ _ _ _ _ _ _ _ _ _ _ _ _ _ _ _ _ _ _ _ _ _ _ _ 
2025-02-21T12:08:01.2986820Z 
2025-02-21T12:08:01.2987270Z args = (<function assert_allclose.<locals>.compare at 0x16657e2a0>, array([0.00000000e+00, 0.00000000e+00, 2.76120259e+39, .....), array([1.33511090e+39, 1.33738696e+39, 9.41598476e+38, ...,
2025-02-21T12:08:01.2987930Z        0.00000000e+00, 0.00000000e+00, 0.00000000e+00]))
2025-02-21T12:08:01.2988360Z kwds = {'equal_nan': True, 'err_msg': '', 'header': 'Not equal to tolerance rtol=1e-07, atol=0', 'verbose': True}
2025-02-21T12:08:01.2988740Z 
2025-02-21T12:08:01.2988850Z     @wraps(func)
2025-02-21T12:08:01.2989050Z     def inner(*args, **kwds):
2025-02-21T12:08:01.2989340Z         with self._recreate_cm():
2025-02-21T12:08:01.2989570Z >           return func(*args, **kwds)
2025-02-21T12:08:01.2989790Z E           AssertionError: 
2025-02-21T12:08:01.2990060Z E           Not equal to tolerance rtol=1e-07, atol=0
2025-02-21T12:08:01.2990360Z E           
2025-02-21T12:08:01.2990590Z E           Mismatched elements: 4355 / 10000 (43.5%)
2025-02-21T12:08:01.2990970Z E           Max absolute difference: 1.94155993e+40
2025-02-21T12:08:01.2991280Z E           Max relative difference: 137.15340685
2025-02-21T12:08:01.2991660Z E            x: array([0.000000e+00, 0.000000e+00, 2.761203e+39, ..., 0.000000e+00,
2025-02-21T12:08:01.2991940Z E                  0.000000e+00, 0.000000e+00])
2025-02-21T12:08:01.2992310Z E            y: array([1.335111e+39, 1.337387e+39, 9.415985e+38, ..., 0.000000e+00,
2025-02-21T12:08:01.2992630Z E                  0.000000e+00, 0.000000e+00])
2025-02-21T12:08:01.2992830Z 
2025-02-21T12:08:01.2993170Z ../../../micromamba/envs/tardis/lib/python3.12/contextlib.py:81: AssertionError
2025-02-21T12:08:01.2993610Z __________________ TestTransportSimple.test_j_blue_estimators __________________
2025-02-21T12:08:01.2994120Z 
2025-02-21T12:08:01.2994340Z self = <tardis.tests.test_tardis_full.TestTransportSimple object at 0x11e282960>
2025-02-21T12:08:01.2994760Z simulation_regression_data = <tardis.simulation.base.Simulation object at 0x169dd1fa0>
2025-02-21T12:08:01.2995390Z 
2025-02-21T12:08:01.2995570Z     def test_j_blue_estimators(self, simulation_regression_data):
2025-02-21T12:08:01.2995880Z         key = "simulation/transport/transport_state/j_blue_estimator"
2025-02-21T12:08:01.2996510Z         expected = self.get_expected_data(key)
2025-02-21T12:08:01.2996780Z     
2025-02-21T12:08:01.2996910Z >       npt.assert_allclose(
2025-02-21T12:08:01.2997240Z             simulation_regression_data.transport.transport_state.radfield_mc_estimators.j_blue_estimator,
2025-02-21T12:08:01.2997600Z             expected.values,
2025-02-21T12:08:01.2997760Z         )
2025-02-21T12:08:01.2997840Z 
2025-02-21T12:08:01.2997910Z tardis/tests/test_tardis_full.py:60: 
2025-02-21T12:08:01.2998160Z _ _ _ _ _ _ _ _ _ _ _ _ _ _ _ _ _ _ _ _ _ _ _ _ _ _ _ _ _ _ _ _ _ _ _ _ _ _ _ _ 
2025-02-21T12:08:01.2998330Z 
2025-02-21T12:08:01.2998540Z args = (<function assert_allclose.<locals>.compare at 0x11f5cdda0>, array([[0., 0., 0., ..., 0., 0., 0.],
2025-02-21T12:08:01.2998880Z        [0., 0., 0.,.....,
2025-02-21T12:08:01.2999110Z        [0., 0., 0., ..., 0., 0., 0.],
2025-02-21T12:08:01.2999400Z        [0., 0., 0., ..., 0., 0., 0.],
2025-02-21T12:08:01.2999590Z        [0., 0., 0., ..., 0., 0., 0.]]))
2025-02-21T12:08:01.2999950Z kwds = {'equal_nan': True, 'err_msg': '', 'header': 'Not equal to tolerance rtol=1e-07, atol=0', 'verbose': True}
2025-02-21T12:08:01.3000250Z 
2025-02-21T12:08:01.3000310Z     @wraps(func)
2025-02-21T12:08:01.3000530Z     def inner(*args, **kwds):
2025-02-21T12:08:01.3000720Z         with self._recreate_cm():
2025-02-21T12:08:01.3000930Z >           return func(*args, **kwds)
2025-02-21T12:08:01.3001140Z E           AssertionError: 
2025-02-21T12:08:01.3001340Z E           Not equal to tolerance rtol=1e-07, atol=0
2025-02-21T12:08:01.3001560Z E           
2025-02-21T12:08:01.3001860Z E           Mismatched elements: 488044 / 584480 (83.5%)
2025-02-21T12:08:01.3002150Z E           Max absolute difference: 1.43452643e-17
2025-02-21T12:08:01.3002510Z E           Max relative difference: 235.31367318
2025-02-21T12:08:01.3002930Z E            x: array([[0., 0., 0., ..., 0., 0., 0.],
2025-02-21T12:08:01.3003200Z E                  [0., 0., 0., ..., 0., 0., 0.],
2025-02-21T12:08:01.3003530Z E                  [0., 0., 0., ..., 0., 0., 0.],...
2025-02-21T12:08:01.3003810Z E            y: array([[0., 0., 0., ..., 0., 0., 0.],
2025-02-21T12:08:01.3004070Z E                  [0., 0., 0., ..., 0., 0., 0.],
2025-02-21T12:08:01.3004360Z E                  [0., 0., 0., ..., 0., 0., 0.],...
2025-02-21T12:08:01.3004550Z 
2025-02-21T12:08:01.3004790Z ../../../micromamba/envs/tardis/lib/python3.12/contextlib.py:81: AssertionError
2025-02-21T12:08:01.3005230Z ______________________ TestTransportSimple.test_spectrum _______________________
2025-02-21T12:08:01.3005490Z 
2025-02-21T12:08:01.3005720Z self = <tardis.tests.test_tardis_full.TestTransportSimple object at 0x11e282c60>
2025-02-21T12:08:01.3006250Z simulation_regression_data = <tardis.simulation.base.Simulation object at 0x169dd1fa0>
2025-02-21T12:08:01.3006570Z 
2025-02-21T12:08:01.3006720Z     def test_spectrum(self, simulation_regression_data):
2025-02-21T12:08:01.3007110Z         key = "simulation/spectrum_solver/spectrum_real_packets/luminosity"
2025-02-21T12:08:01.3007560Z         expected = self.get_expected_data(key)
2025-02-21T12:08:01.3007840Z     
2025-02-21T12:08:01.3008100Z         luminosity = u.Quantity(expected, "erg /s")
2025-02-21T12:08:01.3008320Z     
2025-02-21T12:08:01.3008460Z >       assert_quantity_allclose(
2025-02-21T12:08:01.3008750Z             simulation_regression_data.spectrum_solver.spectrum_real_packets.luminosity,
2025-02-21T12:08:01.3009060Z             luminosity,
2025-02-21T12:08:01.3009260Z         )
2025-02-21T12:08:01.3009330Z 
2025-02-21T12:08:01.3009410Z tardis/tests/test_tardis_full.py:71: 
2025-02-21T12:08:01.3009650Z _ _ _ _ _ _ _ _ _ _ _ _ _ _ _ _ _ _ _ _ _ _ _ _ _ _ _ _ _ _ _ _ _ _ _ _ _ _ _ _ 
2025-02-21T12:08:01.3010460Z ../../../micromamba/envs/tardis/lib/python3.12/site-packages/astropy/tests/helper.py:203: in assert_quantity_allclose
2025-02-21T12:08:01.3011010Z     np.testing.assert_allclose(
2025-02-21T12:08:01.3011240Z _ _ _ _ _ _ _ _ _ _ _ _ _ _ _ _ _ _ _ _ _ _ _ _ _ _ _ _ _ _ _ _ _ _ _ _ _ _ _ _ 
2025-02-21T12:08:01.3011410Z 
2025-02-21T12:08:01.3012070Z args = (<function assert_allclose.<locals>.compare at 0x166879760>, array([0.00000000e+00, 0.00000000e+00, 2.76120259e+39, .....), array([1.47119190e+39, 1.69564189e+39, 1.35368464e+39, ...,
2025-02-21T12:08:01.3012620Z        0.00000000e+00, 0.00000000e+00, 0.00000000e+00]))
2025-02-21T12:08:01.3012980Z kwds = {'equal_nan': True, 'err_msg': '', 'header': 'Not equal to tolerance rtol=1e-07, atol=0', 'verbose': True}
2025-02-21T12:08:01.3013250Z 
2025-02-21T12:08:01.3013300Z     @wraps(func)
2025-02-21T12:08:01.3013460Z     def inner(*args, **kwds):
2025-02-21T12:08:01.3013650Z         with self._recreate_cm():
2025-02-21T12:08:01.3013840Z >           return func(*args, **kwds)
2025-02-21T12:08:01.3014050Z E           AssertionError: 
2025-02-21T12:08:01.3014340Z E           Not equal to tolerance rtol=1e-07, atol=0
2025-02-21T12:08:01.3014600Z E           
2025-02-21T12:08:01.3014820Z E           Mismatched elements: 4560 / 10000 (45.6%)
2025-02-21T12:08:01.3015100Z E           Max absolute difference: 1.96604107e+40
2025-02-21T12:08:01.3015330Z E           Max relative difference: 97.03021569
2025-02-21T12:08:01.3015700Z E            x: array([0.000000e+00, 0.000000e+00, 2.761203e+39, ..., 0.000000e+00,
2025-02-21T12:08:01.3015960Z E                  0.000000e+00, 0.000000e+00])
2025-02-21T12:08:01.3016340Z E            y: array([1.471192e+39, 1.695642e+39, 1.353685e+39, ..., 0.000000e+00,
2025-02-21T12:08:01.3016690Z E                  0.000000e+00, 0.000000e+00])
2025-02-21T12:08:01.3016830Z 
2025-02-21T12:08:01.3016990Z ../../../micromamba/envs/tardis/lib/python3.12/contextlib.py:81: AssertionError
2025-02-21T12:08:01.3017370Z __________________ TestTransportSimple.test_virtual_spectrum ___________________
2025-02-21T12:08:01.3017590Z 
2025-02-21T12:08:01.3017760Z self = <tardis.tests.test_tardis_full.TestTransportSimple object at 0x11e282f30>
2025-02-21T12:08:01.3018180Z simulation_regression_data = <tardis.simulation.base.Simulation object at 0x169dd1fa0>
2025-02-21T12:08:01.3018430Z 
2025-02-21T12:08:01.3018560Z     def test_virtual_spectrum(self, simulation_regression_data):
2025-02-21T12:08:01.3018890Z         key = "simulation/spectrum_solver/spectrum_virtual_packets/luminosity"
2025-02-21T12:08:01.3019180Z         expected = self.get_expected_data(key)
2025-02-21T12:08:01.3019370Z     
2025-02-21T12:08:01.3019520Z         luminosity = u.Quantity(expected, "erg /s")
2025-02-21T12:08:01.3019730Z     
2025-02-21T12:08:01.3020780Z >       assert_quantity_allclose(
2025-02-21T12:08:01.3021110Z             simulation_regression_data.spectrum_solver.spectrum_virtual_packets.luminosity,
2025-02-21T12:08:01.3021420Z             luminosity,
2025-02-21T12:08:01.3021580Z         )
2025-02-21T12:08:01.3021660Z 
2025-02-21T12:08:01.3021730Z tardis/tests/test_tardis_full.py:82: 
2025-02-21T12:08:01.3021970Z _ _ _ _ _ _ _ _ _ _ _ _ _ _ _ _ _ _ _ _ _ _ _ _ _ _ _ _ _ _ _ _ _ _ _ _ _ _ _ _ 
2025-02-21T12:08:01.3022430Z ../../../micromamba/envs/tardis/lib/python3.12/site-packages/astropy/tests/helper.py:203: in assert_quantity_allclose
2025-02-21T12:08:01.3022920Z     np.testing.assert_allclose(
2025-02-21T12:08:01.3023140Z _ _ _ _ _ _ _ _ _ _ _ _ _ _ _ _ _ _ _ _ _ _ _ _ _ _ _ _ _ _ _ _ _ _ _ _ _ _ _ _ 
2025-02-21T12:08:01.3023300Z 
2025-02-21T12:08:01.3023680Z args = (<function assert_allclose.<locals>.compare at 0x16657f060>, array([1.31895331e+39, 2.31381538e+39, 3.72000430e+39, .....), array([1.44033177e+39, 1.35611403e+39, 1.39755698e+39, ...,
2025-02-21T12:08:01.3024190Z        0.00000000e+00, 0.00000000e+00, 0.00000000e+00]))
2025-02-21T12:08:01.3024550Z kwds = {'equal_nan': True, 'err_msg': '', 'header': 'Not equal to tolerance rtol=1e-07, atol=0', 'verbose': True}
2025-02-21T12:08:01.3025180Z 
2025-02-21T12:08:01.3025230Z     @wraps(func)
2025-02-21T12:08:01.3025390Z     def inner(*args, **kwds):
2025-02-21T12:08:01.3025570Z         with self._recreate_cm():
2025-02-21T12:08:01.3025780Z >           return func(*args, **kwds)
2025-02-21T12:08:01.3025970Z E           AssertionError: 
2025-02-21T12:08:01.3026380Z E           Not equal to tolerance rtol=1e-07, atol=0
2025-02-21T12:08:01.3026600Z E           
2025-02-21T12:08:01.3026760Z E           Mismatched elements: 5659 / 10000 (56.6%)
2025-02-21T12:08:01.3026990Z E           Max absolute difference: 4.69537822e+39
2025-02-21T12:08:01.3027220Z E           Max relative difference: 419.77405263
2025-02-21T12:08:01.3027490Z E            x: array([1.318953e+39, 2.313815e+39, 3.720004e+39, ..., 0.000000e+00,
2025-02-21T12:08:01.3027760Z E                  0.000000e+00, 0.000000e+00])
2025-02-21T12:08:01.3028020Z E            y: array([1.440332e+39, 1.356114e+39, 1.397557e+39, ..., 0.000000e+00,
2025-02-21T12:08:01.3028280Z E                  0.000000e+00, 0.000000e+00])
2025-02-21T12:08:01.3028420Z 
2025-02-21T12:08:01.3028590Z ../../../micromamba/envs/tardis/lib/python3.12/contextlib.py:81: AssertionError
2025-02-21T12:08:01.3028920Z =============================== warnings summary ===============================
2025-02-21T12:08:01.3029180Z tardis/io/configuration/config_validator.py:6
2025-02-21T12:08:01.3029430Z tardis/io/configuration/config_validator.py:6
2025-02-21T12:08:01.3029840Z   /Users/runner/work/tardis/tardis/tardis/io/configuration/config_validator.py:6: DeprecationWarning:
2025-02-21T12:08:01.3030290Z   
2025-02-21T12:08:01.3031270Z   jsonschema.RefResolver is deprecated as of v4.18.0, in favor of the https://github.com/python-jsonschema/referencing library, which provides more compliant referencing behavior as well as more flexible APIs for customization. A future release will remove RefResolver. Please file a feature request (on referencing) if you are missing an API for the kind of customization you need.
2025-02-21T12:08:01.3032280Z 
2025-02-21T12:08:01.3032480Z ../../../micromamba/envs/tardis/lib/python3.12/site-packages/jupyter_client/connect.py:22
2025-02-21T12:08:01.3033030Z   /Users/runner/micromamba/envs/tardis/lib/python3.12/site-packages/jupyter_client/connect.py:22: DeprecationWarning:
2025-02-21T12:08:01.3033440Z   
2025-02-21T12:08:01.3033640Z   Jupyter is migrating its paths to use standard platformdirs
2025-02-21T12:08:01.3033960Z   given by the platformdirs library.  To remove this warning and
2025-02-21T12:08:01.3034290Z   see the appropriate new directories, set the environment variable
2025-02-21T12:08:01.3034700Z   `JUPYTER_PLATFORM_DIRS=1` and then run `jupyter --paths`.
2025-02-21T12:08:01.3035010Z   The use of platformdirs will be the default in `jupyter_core` v6
2025-02-21T12:08:01.3035220Z 
2025-02-21T12:08:01.3041270Z tardis/io/tests/test_HDFWriter.py::test_multi_index_write
2025-02-21T12:08:01.3041700Z tardis/visualization/widgets/tests/test_shell_info.py::TestHDFShellInfo::test_shells_data
2025-02-21T12:08:01.3042170Z   /Users/runner/work/tardis/tardis/tardis/io/util.py:276: PerformanceWarning:
2025-02-21T12:08:01.3042460Z   
2025-02-21T12:08:01.3042580Z   
2025-02-21T12:08:01.3042820Z   your performance may suffer as PyTables will pickle object types that it cannot
2025-02-21T12:08:01.3043290Z   map directly to c-types [inferred_type->mixed,key->block0_values] [items->Index([0], dtype='int64')]
2025-02-21T12:08:01.3043570Z 
2025-02-21T12:08:01.3043740Z tardis/io/tests/test_model_reader.py::test_read_cmfgen_isotope_abundances
2025-02-21T12:08:01.3044140Z tardis/plasma/tests/test_tardis_model_density_config.py::test_electron_densities
2025-02-21T12:08:01.3044670Z tardis/plasma/tests/test_tardis_model_density_config.py::test_isotope_number_densities
2025-02-21T12:08:01.3045070Z tardis/plasma/tests/test_tardis_model_density_config.py::test_t_rad
2025-02-21T12:08:01.3045540Z   /Users/runner/work/tardis/tardis/tardis/io/model/readers/cmfgen_deprecated.py:82: DeprecationWarning:
2025-02-21T12:08:01.3046730Z   
2025-02-21T12:08:01.3046890Z   The current CMFGEN model parser is deprecated
2025-02-21T12:08:01.3047040Z 
2025-02-21T12:08:01.3047140Z tardis/io/tests/test_model_reader.py: 1 warning
2025-02-21T12:08:01.3047430Z tardis/plasma/tests/test_tardis_model_density_config.py: 9 warnings
2025-02-21T12:08:01.3048320Z   /Users/runner/work/tardis/tardis/tardis/io/model/readers/cmfgen_deprecated.py:40: DeprecationWarning:
2025-02-21T12:08:01.3048710Z   
2025-02-21T12:08:01.3048870Z   The current CMFGEN model parser is deprecated
2025-02-21T12:08:01.3049020Z 
2025-02-21T12:08:01.3049200Z tardis/model/tests/test_base.py::TestModelFromPaper1Config::test_abundances
2025-02-21T12:08:01.3049730Z   /Users/runner/work/tardis/tardis/tardis/transport/montecarlo/montecarlo_main_loop.py:123: NumbaTypeSafetyWarning:
2025-02-21T12:08:01.3050150Z   
2025-02-21T12:08:01.3053350Z   [1m[1m[1munsafe cast from uint64 to int64. Precision may be lost.[0m[0m[0m
2025-02-21T12:08:01.3053580Z 
2025-02-21T12:08:01.3053660Z tardis/model/tests/test_base.py: 6 warnings
2025-02-21T12:08:01.3053910Z tardis/model/tests/test_csvy_model.py: 2 warnings
2025-02-21T12:08:01.3054210Z tardis/plasma/tests/test_tardis_model_density_config.py: 3 warnings
2025-02-21T12:08:01.3054640Z   /Users/runner/work/tardis/tardis/tardis/model/geometry/radial1d.py:50: DeprecationWarning:
2025-02-21T12:08:01.3054980Z   
2025-02-21T12:08:01.3055140Z   v_inner_boundary < 0, assuming default value
2025-02-21T12:08:01.3055290Z 
2025-02-21T12:08:01.3055370Z tardis/model/tests/test_base.py: 6 warnings
2025-02-21T12:08:01.3055610Z tardis/model/tests/test_csvy_model.py: 2 warnings
2025-02-21T12:08:01.3055900Z tardis/plasma/tests/test_tardis_model_density_config.py: 3 warnings
2025-02-21T12:08:01.3056320Z   /Users/runner/work/tardis/tardis/tardis/model/geometry/radial1d.py:61: DeprecationWarning:
2025-02-21T12:08:01.3056660Z   
2025-02-21T12:08:01.3056810Z   v_outer_boundary < 0, assuming default value
2025-02-21T12:08:01.3056960Z 
2025-02-21T12:08:01.3057320Z tardis/plasma/equilibrium/tests/test_level_populations.py::TestLevelPopulationSolver::test_solve[collisional_rate_solver0-radiative_transitions0]
2025-02-21T12:08:01.3057990Z   /Users/runner/work/tardis/tardis/tardis/plasma/equilibrium/level_populations.py:65: FutureWarning:
2025-02-21T12:08:01.3058350Z   
2025-02-21T12:08:01.3058640Z   A value is trying to be set on a copy of a DataFrame or Series through chained assignment using an inplace method.
2025-02-21T12:08:01.3059290Z   The behavior will change in pandas 3.0. This inplace method will never work because the intermediate object on which we are setting values always behaves as a copy.
2025-02-21T12:08:01.3059750Z   
2025-02-21T12:08:01.3060250Z   For example, when doing 'df[col].method(value, inplace=True)', try using 'df.method({col: value}, inplace=True)' or df[col] = df[col].method(value) instead, to perform the operation inplace on the original object.
2025-02-21T12:08:01.3060730Z 
2025-02-21T12:08:01.3060910Z tardis/plasma/tests/test_plasma_vboundary.py::test_plasma_vboundary[2900-3750]
2025-02-21T12:08:01.3061340Z tardis/plasma/tests/test_plasma_vboundary.py::test_plasma_vboundary[2900-3850]
2025-02-21T12:08:01.3061740Z tardis/plasma/tests/test_plasma_vboundary.py::test_plasma_vboundary[2900-3900]
2025-02-21T12:08:01.3062170Z   /Users/runner/work/tardis/tardis/tardis/model/geometry/radial1d.py:71: UserWarning:
2025-02-21T12:08:01.3062480Z   
2025-02-21T12:08:01.3062700Z   Requesting inner boundary below inner shell. Extrapolating the inner cell
2025-02-21T12:08:01.3062940Z 
2025-02-21T12:08:01.3063110Z tardis/spectrum/tests/test_spectrum_solver.py::TestSpectrumSolver::test_solve
2025-02-21T12:08:01.3063520Z   /Users/runner/work/tardis/tardis/tardis/spectrum/base.py:70: UserWarning:
2025-02-21T12:08:01.3063800Z   
2025-02-21T12:08:01.3064720Z   SpectrumSolver.spectrum_virtual_packets is zero. Please run the montecarlo simulation with no_of_virtual_packets > 0
2025-02-21T12:08:01.3065060Z 
2025-02-21T12:08:01.3065250Z tardis/spectrum/tests/test_spectrum_solver.py::TestSpectrumSolver::test_solve
2025-02-21T12:08:01.3065990Z   /Users/runner/work/tardis/tardis/tardis/spectrum/base.py:111: UserWarning:
2025-02-21T12:08:01.3066280Z   
2025-02-21T12:08:01.3066630Z   SpectrumSolver.integrator: The FormalIntegrator is not yet available.Please run the montecarlo simulation at least once.
2025-02-21T12:08:01.3066980Z 
2025-02-21T12:08:01.3067400Z tardis/transport/montecarlo/tests/test_vpacket.py::test_trace_vpacket_volley
2025-02-21T12:08:01.3067740Z   <string>:3: NumbaPendingDeprecationWarning:
2025-02-21T12:08:01.3067960Z   
2025-02-21T12:08:01.3068910Z   [1m[1mCode using Numba extension API maybe depending on 'old_style' error-capturing, which is deprecated and will be replaced by 'new_style' in a future release. See details at https://numba.readthedocs.io/en/latest/reference/deprecation.html#deprecation-of-old-style-numba-captured-errors
2025-02-21T12:08:01.3069750Z   Exception origin:
2025-02-21T12:08:01.3070060Z     File "/Users/runner/micromamba/envs/tardis/lib/python3.12/inspect.py", line 3180, in _bind
2025-02-21T12:08:01.3070410Z       raise TypeError(msg) from None
2025-02-21T12:08:01.3070610Z   [0m[0m
2025-02-21T12:08:01.3070700Z 
2025-02-21T12:08:01.3070970Z tardis/visualization/tools/tests/test_sdec_plot.py::TestSDECPlotter::test_mpl_image[plotter_generate_plot_mpl4]
2025-02-21T12:08:01.3071540Z   /Users/runner/work/tardis/tardis/tardis/visualization/tools/sdec_plot.py:1225: RuntimeWarning:
2025-02-21T12:08:01.3071890Z   
2025-02-21T12:08:01.3072630Z   More than 20 figures have been opened. Figures created through the pyplot interface (`matplotlib.pyplot.figure`) are retained until explicitly closed and may consume too much memory. (To control this warning, see the rcParam `figure.max_open_warning`). Consider using `matplotlib.pyplot.close()`.
2025-02-21T12:08:01.3073360Z 
2025-02-21T12:08:01.3073650Z tardis/visualization/widgets/tests/test_custom_abundance.py::TestCustomAbundanceWidget::test_update_input_item_value
2025-02-21T12:08:01.3074270Z tardis/visualization/widgets/tests/test_custom_abundance.py::TestCustomAbundanceWidget::test_update_input_item_value
2025-02-21T12:08:01.3075320Z tardis/visualization/widgets/tests/test_custom_abundance.py::TestCustomAbundanceWidget::test_update_input_item_value
2025-02-21T12:08:01.3076050Z tardis/visualization/widgets/tests/test_custom_abundance.py::TestCustomAbundanceWidget::test_update_input_item_value
2025-02-21T12:08:01.3076760Z tardis/visualization/widgets/tests/test_custom_abundance.py::TestCustomAbundanceWidget::test_update_input_item_value
2025-02-21T12:08:01.3077620Z tardis/visualization/widgets/tests/test_custom_abundance.py::TestCustomAbundanceWidget::test_update_input_item_value
2025-02-21T12:08:01.3078320Z   /Users/runner/micromamba/envs/tardis/lib/python3.12/site-packages/traitlets/traitlets.py:1385: DeprecationWarning:
2025-02-21T12:08:01.3086100Z   
2025-02-21T12:08:01.3086330Z   Passing unrecognized arguments to super(Checkbox).__init__(icon='lock').
2025-02-21T12:08:01.3086710Z   object.__init__() takes exactly one argument (the instance to initialize)
2025-02-21T12:08:01.3087130Z   This is deprecated in traitlets 4.2.This error will be raised in a future release of traitlets.
2025-02-21T12:08:01.3087390Z 
2025-02-21T12:08:01.3087680Z tardis/visualization/widgets/tests/test_custom_abundance.py::TestCustomAbundanceWidget::test_update_input_item_value
2025-02-21T12:08:01.3088310Z tardis/visualization/widgets/tests/test_custom_abundance.py::TestCustomAbundanceWidget::test_update_input_item_value
2025-02-21T12:08:01.3088950Z   /Users/runner/micromamba/envs/tardis/lib/python3.12/site-packages/traitlets/traitlets.py:1385: DeprecationWarning:
2025-02-21T12:08:01.3089340Z   
2025-02-21T12:08:01.3089610Z   Passing unrecognized arguments to super(FloatText).__init__(min=0).
2025-02-21T12:08:01.3089980Z   object.__init__() takes exactly one argument (the instance to initialize)
2025-02-21T12:08:01.3090380Z   This is deprecated in traitlets 4.2.This error will be raised in a future release of traitlets.
2025-02-21T12:08:01.3090950Z 
2025-02-21T12:08:01.3091240Z tardis/visualization/widgets/tests/test_custom_abundance.py::TestCustomAbundanceWidget::test_update_input_item_value
2025-02-21T12:08:01.3091870Z   /Users/runner/micromamba/envs/tardis/lib/python3.12/site-packages/traitlets/traitlets.py:1385: DeprecationWarning:
2025-02-21T12:08:01.3092260Z   
2025-02-21T12:08:01.3092690Z   Passing unrecognized arguments to super(HTML).__init__(indent=True).
2025-02-21T12:08:01.3093060Z   object.__init__() takes exactly one argument (the instance to initialize)
2025-02-21T12:08:01.3093470Z   This is deprecated in traitlets 4.2.This error will be raised in a future release of traitlets.
2025-02-21T12:08:01.3093730Z 
2025-02-21T12:08:01.3094080Z tardis/visualization/widgets/tests/test_line_info.py::TestLineInfoWidgetData::test_get_species_interactions[wavelength_range0-packet_out_nu]
2025-02-21T12:08:01.3094740Z   /Users/runner/micromamba/envs/tardis/lib/python3.12/site-packages/qgridnext/grid.py:820: DeprecationWarning:
2025-02-21T12:08:01.3095120Z   
2025-02-21T12:08:01.3095410Z   QgridWidget._precision_changed is deprecated in traitlets 4.1: use @observe and @unobserve instead.
2025-02-21T12:08:01.3095700Z 
2025-02-21T12:08:01.3095930Z tardis/visualization/widgets/tests/test_shell_info.py::TestHDFShellInfo::test_shells_data
2025-02-21T12:08:01.3096380Z   /Users/runner/work/tardis/tardis/tardis/io/util.py:289: PerformanceWarning:
2025-02-21T12:08:01.3096690Z   
2025-02-21T12:08:01.3096810Z   
2025-02-21T12:08:01.3097050Z   your performance may suffer as PyTables will pickle object types that it cannot
2025-02-21T12:08:01.3097510Z   map directly to c-types [inferred_type->mixed,key->block0_values] [items->Index([0], dtype='int64')]
2025-02-21T12:08:01.3097790Z 
2025-02-21T12:08:01.3097990Z tardis/visualization/widgets/tests/test_shell_info.py::TestHDFShellInfo::test_shells_data
2025-02-21T12:08:01.3098460Z   /Users/runner/work/tardis/tardis/tardis/io/util.py:292: PerformanceWarning:
2025-02-21T12:08:01.3098750Z   
2025-02-21T12:08:01.3098870Z   
2025-02-21T12:08:01.3099100Z   your performance may suffer as PyTables will pickle object types that it cannot
2025-02-21T12:08:01.3099470Z   map directly to c-types [inferred_type->mixed,key->values] [items->None]
2025-02-21T12:08:01.3099690Z 
2025-02-21T12:08:01.3099900Z tardis/visualization/widgets/tests/test_shell_info.py::TestHDFShellInfo::test_shells_data
2025-02-21T12:08:01.3100370Z   /Users/runner/work/tardis/tardis/tardis/spectrum/formal_integral.py:398: UserWarning:
2025-02-21T12:08:01.3100690Z   
2025-02-21T12:08:01.3100910Z   The number of interpolate_shells was not specified. The value was set to 80.
2025-02-21T12:08:01.3101140Z 
2025-02-21T12:08:01.3101300Z -- Docs: https://docs.pytest.org/en/stable/how-to/capture-warnings.html
2025-02-21T12:08:01.3101520Z 
2025-02-21T12:08:01.3101660Z ---------- coverage: platform darwin, python 3.12.4-final-0 ----------
2025-02-21T12:08:01.3101950Z Coverage HTML written to dir coverage_html_report
2025-02-21T12:08:01.3102190Z Coverage XML written to file coverage.xml
2025-02-21T12:08:01.3102340Z 
2025-02-21T12:08:01.3102440Z =========================== short test summary info ============================
2025-02-21T12:08:01.3102900Z FAILED tardis/spectrum/tests/test_spectrum_solver.py::TestSpectrumSolver::test_spectrum_real_packets - AssertionError: 
2025-02-21T12:08:01.3103330Z Not equal to tolerance rtol=1e-07, atol=0
2025-02-21T12:08:01.3103480Z 
2025-02-21T12:08:01.3103540Z Mismatched elements: 4355 / 10000 (43.5%)
2025-02-21T12:08:01.3103760Z Max absolute difference: 1.94155993e+40
2025-02-21T12:08:01.3103970Z Max relative difference: 137.15340685
2025-02-21T12:08:01.3104220Z  x: array([0.000000e+00, 0.000000e+00, 2.761203e+39, ..., 0.000000e+00,
2025-02-21T12:08:01.3104470Z        0.000000e+00, 0.000000e+00])
2025-02-21T12:08:01.3104720Z  y: array([1.335111e+39, 1.337387e+39, 9.415985e+38, ..., 0.000000e+00,
2025-02-21T12:08:01.3104960Z        0.000000e+00, 0.000000e+00])
2025-02-21T12:08:01.3105400Z FAILED tardis/spectrum/tests/test_spectrum_solver.py::TestSpectrumSolver::test_spectrum_real_packets_reabsorbed - AssertionError: 
2025-02-21T12:08:01.3105930Z Not equal to tolerance rtol=1e-07, atol=0
2025-02-21T12:08:01.3106080Z 
2025-02-21T12:08:01.3106160Z Mismatched elements: 4491 / 10000 (44.9%)
2025-02-21T12:08:01.3106360Z Max absolute difference: 1.0639846e+40
2025-02-21T12:08:01.3106680Z Max relative difference: 122.79315318
2025-02-21T12:08:01.3106890Z  x: array([0., 0., 0., ..., 0., 0., 0.])
2025-02-21T12:08:01.3107130Z  y: array([2.039204e+38, 3.728825e+38, 2.296469e+38, ..., 0.000000e+00,
2025-02-21T12:08:01.3107390Z        0.000000e+00, 0.000000e+00])
2025-02-21T12:08:01.3107750Z FAILED tardis/spectrum/tests/test_spectrum_solver.py::TestSpectrumSolver::test_solve - AssertionError: 
2025-02-21T12:08:01.3108140Z Not equal to tolerance rtol=1e-07, atol=0
2025-02-21T12:08:01.3108290Z 
2025-02-21T12:08:01.3108360Z Mismatched elements: 4355 / 10000 (43.5%)
2025-02-21T12:08:01.3108570Z Max absolute difference: 1.94155993e+40
2025-02-21T12:08:01.3108780Z Max relative difference: 137.15340685
2025-02-21T12:08:01.3109040Z  x: array([0.000000e+00, 0.000000e+00, 2.761203e+39, ..., 0.000000e+00,
2025-02-21T12:08:01.3109290Z        0.000000e+00, 0.000000e+00])
2025-02-21T12:08:01.3109530Z  y: array([1.335111e+39, 1.337387e+39, 9.415985e+38, ..., 0.000000e+00,
2025-02-21T12:08:01.3109790Z        0.000000e+00, 0.000000e+00])
2025-02-21T12:08:01.3110150Z FAILED tardis/tests/test_tardis_full.py::TestTransportSimple::test_j_blue_estimators - AssertionError: 
2025-02-21T12:08:01.3110530Z Not equal to tolerance rtol=1e-07, atol=0
2025-02-21T12:08:01.3110670Z 
2025-02-21T12:08:01.3110750Z Mismatched elements: 488044 / 584480 (83.5%)
2025-02-21T12:08:01.3110970Z Max absolute difference: 1.43452643e-17
2025-02-21T12:08:01.3111180Z Max relative difference: 235.31367318
2025-02-21T12:08:01.3111390Z  x: array([[0., 0., 0., ..., 0., 0., 0.],
2025-02-21T12:08:01.3111580Z        [0., 0., 0., ..., 0., 0., 0.],
2025-02-21T12:08:01.3111770Z        [0., 0., 0., ..., 0., 0., 0.],...
2025-02-21T12:08:01.3111960Z  y: array([[0., 0., 0., ..., 0., 0., 0.],
2025-02-21T12:08:01.3112150Z        [0., 0., 0., ..., 0., 0., 0.],
2025-02-21T12:08:01.3112340Z        [0., 0., 0., ..., 0., 0., 0.],...
2025-02-21T12:08:01.3112680Z FAILED tardis/tests/test_tardis_full.py::TestTransportSimple::test_spectrum - AssertionError: 
2025-02-21T12:08:01.3113030Z Not equal to tolerance rtol=1e-07, atol=0
2025-02-21T12:08:01.3113170Z 
2025-02-21T12:08:01.3113250Z Mismatched elements: 4560 / 10000 (45.6%)
2025-02-21T12:08:01.3113450Z Max absolute difference: 1.96604107e+40
2025-02-21T12:08:01.3113660Z Max relative difference: 97.03021569
2025-02-21T12:08:01.3113910Z  x: array([0.000000e+00, 0.000000e+00, 2.761203e+39, ..., 0.000000e+00,
2025-02-21T12:08:01.3114150Z        0.000000e+00, 0.000000e+00])
2025-02-21T12:08:01.3114390Z  y: array([1.471192e+39, 1.695642e+39, 1.353685e+39, ..., 0.000000e+00,
2025-02-21T12:08:01.3114740Z        0.000000e+00, 0.000000e+00])
2025-02-21T12:08:01.3115100Z FAILED tardis/tests/test_tardis_full.py::TestTransportSimple::test_virtual_spectrum - AssertionError: 
2025-02-21T12:08:01.3115480Z Not equal to tolerance rtol=1e-07, atol=0
2025-02-21T12:08:01.3115620Z 
2025-02-21T12:08:01.3115690Z Mismatched elements: 5659 / 10000 (56.6%)
2025-02-21T12:08:01.3115900Z Max absolute difference: 4.69537822e+39
2025-02-21T12:08:01.3116100Z Max relative difference: 419.77405263
2025-02-21T12:08:01.3116350Z  x: array([1.318953e+39, 2.313815e+39, 3.720004e+39, ..., 0.000000e+00,
2025-02-21T12:08:01.3116600Z        0.000000e+00, 0.000000e+00])
2025-02-21T12:08:01.3116840Z  y: array([1.440332e+39, 1.356114e+39, 1.397557e+39, ..., 0.000000e+00,
2025-02-21T12:08:01.3117080Z        0.000000e+00, 0.000000e+00])
2025-02-21T12:08:01.3117410Z = 6 failed, 1404 passed, 357 skipped, 2 deselected, 19 xfailed, 8 xpassed, 63 warnings in 695.22s (0:11:35) =
2025-02-21T12:08:03.0183440Z ##[error]Process completed with exit code 1.
2025-02-21T12:08:03.0828730Z Post job cleanup.
2025-02-21T12:08:03.0955780Z Post job cleanup.
2025-02-21T12:08:03.5237760Z Will use pre-installed micromamba at /Users/runner/micromamba-bin/micromamba
2025-02-21T12:08:03.5243550Z Removing micromamba run shell ...
2025-02-21T12:08:03.5244190Z ##[group]Deinitialize micromamba for bash
2025-02-21T12:08:03.5378340Z [command]/Users/runner/micromamba-bin/micromamba shell deinit -s bash -r /Users/runner/micromamba --log-level warning --rc-file /Users/runner/work/_temp/setup-micromamba/.condarc
2025-02-21T12:08:03.6819120Z Resetting RC file "/Users/runner/.bash_profile"
2025-02-21T12:08:03.6819440Z Deleting config for root prefix 
2025-02-21T12:08:03.6819750Z Clearing mamba executable environment variable
2025-02-21T12:08:03.6866230Z Removing the following in your "/Users/runner/.bash_profile" file
2025-02-21T12:08:03.6867430Z # >>> mamba initialize >>>
2025-02-21T12:08:03.6868200Z ...
2025-02-21T12:08:03.6868600Z # <<< mamba initialize <<<
2025-02-21T12:08:03.6935730Z Removing environment tardis from auto-activate bash ...
2025-02-21T12:08:03.7083740Z Post job cleanup.
2025-02-21T12:08:03.7142550Z Post job cleanup.
2025-02-21T12:08:03.8581300Z [command]/opt/homebrew/bin/git version
2025-02-21T12:08:03.8821850Z git version 2.48.1
2025-02-21T12:08:03.8868190Z Copying '/Users/runner/.gitconfig' to '/Users/runner/work/_temp/ed8de25c-99fb-4443-b66a-bc39b6f8e6e7/.gitconfig'
2025-02-21T12:08:03.8879730Z Temporarily overriding HOME='/Users/runner/work/_temp/ed8de25c-99fb-4443-b66a-bc39b6f8e6e7' before making global git config changes
2025-02-21T12:08:03.8887110Z Adding repository directory to the temporary git global config as a safe directory
2025-02-21T12:08:03.8894780Z [command]/opt/homebrew/bin/git config --global --add safe.directory /Users/runner/work/tardis/tardis/tardis-regression-data
2025-02-21T12:08:03.9040640Z [command]/opt/homebrew/bin/git config --local --name-only --get-regexp core\.sshCommand
2025-02-21T12:08:03.9096420Z [command]/opt/homebrew/bin/git submodule foreach --recursive sh -c "git config --local --name-only --get-regexp 'core\.sshCommand' && git config --local --unset-all 'core.sshCommand' || :"
2025-02-21T12:08:04.0453740Z [command]/opt/homebrew/bin/git config --local --name-only --get-regexp http\.https\:\/\/github\.com\/\.extraheader
2025-02-21T12:08:04.0497940Z http.https://github.com/.extraheader
2025-02-21T12:08:04.0506730Z [command]/opt/homebrew/bin/git config --local --unset-all http.https://github.com/.extraheader
2025-02-21T12:08:04.0556920Z [command]/opt/homebrew/bin/git submodule foreach --recursive sh -c "git config --local --name-only --get-regexp 'http\.https\:\/\/github\.com\/\.extraheader' && git config --local --unset-all 'http.https://github.com/.extraheader' || :"
2025-02-21T12:08:04.1663290Z Post job cleanup.
2025-02-21T12:08:04.3650100Z [command]/opt/homebrew/bin/git version
2025-02-21T12:08:04.3915390Z git version 2.48.1
2025-02-21T12:08:04.4144070Z Copying '/Users/runner/.gitconfig' to '/Users/runner/work/_temp/d895fa77-3dc8-44c7-8e22-add19188a25e/.gitconfig'
2025-02-21T12:08:04.4144860Z Temporarily overriding HOME='/Users/runner/work/_temp/d895fa77-3dc8-44c7-8e22-add19188a25e' before making global git config changes
2025-02-21T12:08:04.4145660Z Adding repository directory to the temporary git global config as a safe directory
2025-02-21T12:08:04.4148940Z [command]/opt/homebrew/bin/git config --global --add safe.directory /Users/runner/work/tardis/tardis
2025-02-21T12:08:04.4170860Z [command]/opt/homebrew/bin/git config --local --name-only --get-regexp core\.sshCommand
2025-02-21T12:08:04.4184520Z [command]/opt/homebrew/bin/git submodule foreach --recursive sh -c "git config --local --name-only --get-regexp 'core\.sshCommand' && git config --local --unset-all 'core.sshCommand' || :"
2025-02-21T12:08:04.4635980Z [command]/opt/homebrew/bin/git config --local --name-only --get-regexp http\.https\:\/\/github\.com\/\.extraheader
2025-02-21T12:08:04.4668130Z http.https://github.com/.extraheader
2025-02-21T12:08:04.4675530Z [command]/opt/homebrew/bin/git config --local --unset-all http.https://github.com/.extraheader
2025-02-21T12:08:04.4721300Z [command]/opt/homebrew/bin/git submodule foreach --recursive sh -c "git config --local --name-only --get-regexp 'http\.https\:\/\/github\.com\/\.extraheader' && git config --local --unset-all 'http.https://github.com/.extraheader' || :"
2025-02-21T12:08:04.5357690Z Cleaning up orphan processes
