2025-02-21T11:54:10.3566967Z Requested labels: ubuntu-latest
2025-02-21T11:54:10.3567164Z Job defined at: tardis-sn/tardis/.github/workflows/tests.yml@refs/pull/2977/merge
2025-02-21T11:54:10.3567261Z Waiting for a runner to pick up this job...
2025-02-21T11:54:10.6370282Z Job is waiting for a hosted runner to come online.
2025-02-21T11:54:13.3728133Z Job is about to start running on the hosted runner: GitHub Actions 5 (hosted)
2025-02-21T11:54:15.0453141Z Current runner version: '2.322.0'
2025-02-21T11:54:15.0478120Z ##[group]Operating System
2025-02-21T11:54:15.0478902Z Ubuntu
2025-02-21T11:54:15.0479827Z 24.04.1
2025-02-21T11:54:15.0480313Z LTS
2025-02-21T11:54:15.0480787Z ##[endgroup]
2025-02-21T11:54:15.0481381Z ##[group]Runner Image
2025-02-21T11:54:15.0481958Z Image: ubuntu-24.04
2025-02-21T11:54:15.0482460Z Version: 20250209.1.0
2025-02-21T11:54:15.0483556Z Included Software: https://github.com/actions/runner-images/blob/ubuntu24/20250209.1/images/ubuntu/Ubuntu2404-Readme.md
2025-02-21T11:54:15.0484902Z Image Release: https://github.com/actions/runner-images/releases/tag/ubuntu24%2F20250209.1
2025-02-21T11:54:15.0485787Z ##[endgroup]
2025-02-21T11:54:15.0486393Z ##[group]Runner Image Provisioner
2025-02-21T11:54:15.0486983Z 2.0.422.1
2025-02-21T11:54:15.0487508Z ##[endgroup]
2025-02-21T11:54:15.0489848Z ##[group]GITHUB_TOKEN Permissions
2025-02-21T11:54:15.0491742Z Actions: read
2025-02-21T11:54:15.0492614Z Attestations: read
2025-02-21T11:54:15.0493260Z Checks: read
2025-02-21T11:54:15.0493774Z Contents: read
2025-02-21T11:54:15.0494298Z Deployments: read
2025-02-21T11:54:15.0494853Z Discussions: read
2025-02-21T11:54:15.0495355Z Issues: read
2025-02-21T11:54:15.0495824Z Metadata: read
2025-02-21T11:54:15.0496369Z Packages: read
2025-02-21T11:54:15.0496865Z Pages: read
2025-02-21T11:54:15.0497363Z PullRequests: read
2025-02-21T11:54:15.0497960Z RepositoryProjects: read
2025-02-21T11:54:15.0498493Z SecurityEvents: read
2025-02-21T11:54:15.0499011Z Statuses: read
2025-02-21T11:54:15.0499746Z ##[endgroup]
2025-02-21T11:54:15.0502569Z Secret source: None
2025-02-21T11:54:15.0503322Z Prepare workflow directory
2025-02-21T11:54:15.1144696Z Prepare all required actions
2025-02-21T11:54:15.1181191Z Getting action download info
2025-02-21T11:54:15.3040127Z ##[group]Download immutable action package 'actions/checkout@v4'
2025-02-21T11:54:15.3041364Z Version: 4.2.2
2025-02-21T11:54:15.3042301Z Digest: sha256:ccb2698953eaebd21c7bf6268a94f9c26518a7e38e27e0b83c1fe1ad049819b1
2025-02-21T11:54:15.3043354Z Source commit SHA: 11bd71901bbe5b1630ceea73d27597364c9af683
2025-02-21T11:54:15.3043970Z ##[endgroup]
2025-02-21T11:54:15.3838859Z ##[group]Download immutable action package 'actions/upload-artifact@v4'
2025-02-21T11:54:15.3840334Z Version: 4.6.0
2025-02-21T11:54:15.3841465Z Digest: sha256:bf85474c8423f9cd48bd2caf3ce5adb1711e2dfdb055b040bd36b044e4290329
2025-02-21T11:54:15.3842982Z Source commit SHA: 65c4c4a1ddee5b72f698fdd19549f0f0fb45cf08
2025-02-21T11:54:15.3844011Z ##[endgroup]
2025-02-21T11:54:15.5540162Z Complete job name: not continuum ubuntu-latest 
2025-02-21T11:54:15.6196767Z ##[group]Run actions/checkout@v4
2025-02-21T11:54:15.6197615Z with:
2025-02-21T11:54:15.6198009Z   repository: tardis-sn/tardis
2025-02-21T11:54:15.6198641Z   token: ***
2025-02-21T11:54:15.6199023Z   ssh-strict: true
2025-02-21T11:54:15.6199625Z   ssh-user: git
2025-02-21T11:54:15.6200038Z   persist-credentials: true
2025-02-21T11:54:15.6200490Z   clean: true
2025-02-21T11:54:15.6200895Z   sparse-checkout-cone-mode: true
2025-02-21T11:54:15.6201389Z   fetch-depth: 1
2025-02-21T11:54:15.6201780Z   fetch-tags: false
2025-02-21T11:54:15.6202204Z   show-progress: true
2025-02-21T11:54:15.6202609Z   lfs: false
2025-02-21T11:54:15.6202978Z   submodules: false
2025-02-21T11:54:15.6203377Z   set-safe-directory: true
2025-02-21T11:54:15.6204564Z env:
2025-02-21T11:54:15.6205005Z   CACHE_NUMBER: 0
2025-02-21T11:54:15.6206160Z   PYTEST_FLAGS: --tardis-regression-data=/home/runner/work/tardis/tardis/tardis-regression-data --cov=tardis --cov-report=xml --cov-report=html --cov-append
2025-02-21T11:54:15.6207384Z   CODECOV_TOKEN: 
2025-02-21T11:54:15.6207776Z ##[endgroup]
2025-02-21T11:54:15.8064883Z Syncing repository: tardis-sn/tardis
2025-02-21T11:54:15.8066546Z ##[group]Getting Git version info
2025-02-21T11:54:15.8067190Z Working directory is '/home/runner/work/tardis/tardis'
2025-02-21T11:54:15.8068076Z [command]/usr/bin/git version
2025-02-21T11:54:15.8122331Z git version 2.48.1
2025-02-21T11:54:15.8149925Z ##[endgroup]
2025-02-21T11:54:15.8163036Z Temporarily overriding HOME='/home/runner/work/_temp/6cf5bf57-6d06-4907-858b-bb376a880c69' before making global git config changes
2025-02-21T11:54:15.8164495Z Adding repository directory to the temporary git global config as a safe directory
2025-02-21T11:54:15.8168093Z [command]/usr/bin/git config --global --add safe.directory /home/runner/work/tardis/tardis
2025-02-21T11:54:15.8203459Z Deleting the contents of '/home/runner/work/tardis/tardis'
2025-02-21T11:54:15.8206948Z ##[group]Initializing the repository
2025-02-21T11:54:15.8211228Z [command]/usr/bin/git init /home/runner/work/tardis/tardis
2025-02-21T11:54:15.8282070Z hint: Using 'master' as the name for the initial branch. This default branch name
2025-02-21T11:54:15.8283349Z hint: is subject to change. To configure the initial branch name to use in all
2025-02-21T11:54:15.8284467Z hint: of your new repositories, which will suppress this warning, call:
2025-02-21T11:54:15.8285682Z hint:
2025-02-21T11:54:15.8286532Z hint: 	git config --global init.defaultBranch <name>
2025-02-21T11:54:15.8287510Z hint:
2025-02-21T11:54:15.8288411Z hint: Names commonly chosen instead of 'master' are 'main', 'trunk' and
2025-02-21T11:54:15.8289906Z hint: 'development'. The just-created branch can be renamed via this command:
2025-02-21T11:54:15.8290597Z hint:
2025-02-21T11:54:15.8290976Z hint: 	git branch -m <name>
2025-02-21T11:54:15.8291664Z Initialized empty Git repository in /home/runner/work/tardis/tardis/.git/
2025-02-21T11:54:15.8299581Z [command]/usr/bin/git remote add origin https://github.com/tardis-sn/tardis
2025-02-21T11:54:15.8330834Z ##[endgroup]
2025-02-21T11:54:15.8331555Z ##[group]Disabling automatic garbage collection
2025-02-21T11:54:15.8334643Z [command]/usr/bin/git config --local gc.auto 0
2025-02-21T11:54:15.8363218Z ##[endgroup]
2025-02-21T11:54:15.8363881Z ##[group]Setting up auth
2025-02-21T11:54:15.8369973Z [command]/usr/bin/git config --local --name-only --get-regexp core\.sshCommand
2025-02-21T11:54:15.8399767Z [command]/usr/bin/git submodule foreach --recursive sh -c "git config --local --name-only --get-regexp 'core\.sshCommand' && git config --local --unset-all 'core.sshCommand' || :"
2025-02-21T11:54:15.8694113Z [command]/usr/bin/git config --local --name-only --get-regexp http\.https\:\/\/github\.com\/\.extraheader
2025-02-21T11:54:15.8725533Z [command]/usr/bin/git submodule foreach --recursive sh -c "git config --local --name-only --get-regexp 'http\.https\:\/\/github\.com\/\.extraheader' && git config --local --unset-all 'http.https://github.com/.extraheader' || :"
2025-02-21T11:54:15.8959456Z [command]/usr/bin/git config --local http.https://github.com/.extraheader AUTHORIZATION: basic ***
2025-02-21T11:54:15.8998155Z ##[endgroup]
2025-02-21T11:54:15.8998895Z ##[group]Fetching the repository
2025-02-21T11:54:15.9007898Z [command]/usr/bin/git -c protocol.version=2 fetch --no-tags --prune --no-recurse-submodules --depth=1 origin +0356c8c11a4d7a951db9910bceef16e944d505be:refs/remotes/pull/2977/merge
2025-02-21T11:54:17.1735129Z From https://github.com/tardis-sn/tardis
2025-02-21T11:54:17.1736873Z  * [new ref]         0356c8c11a4d7a951db9910bceef16e944d505be -> pull/2977/merge
2025-02-21T11:54:17.1761238Z ##[endgroup]
2025-02-21T11:54:17.1762300Z ##[group]Determining the checkout info
2025-02-21T11:54:17.1763805Z ##[endgroup]
2025-02-21T11:54:17.1768697Z [command]/usr/bin/git sparse-checkout disable
2025-02-21T11:54:17.1808366Z [command]/usr/bin/git config --local --unset-all extensions.worktreeConfig
2025-02-21T11:54:17.1837300Z ##[group]Checking out the ref
2025-02-21T11:54:17.1840804Z [command]/usr/bin/git checkout --progress --force refs/remotes/pull/2977/merge
2025-02-21T11:54:17.3892889Z Note: switching to 'refs/remotes/pull/2977/merge'.
2025-02-21T11:54:17.3896007Z 
2025-02-21T11:54:17.3896928Z You are in 'detached HEAD' state. You can look around, make experimental
2025-02-21T11:54:17.3899434Z changes and commit them, and you can discard any commits you make in this
2025-02-21T11:54:17.3901857Z state without impacting any branches by switching back to a branch.
2025-02-21T11:54:17.3903674Z 
2025-02-21T11:54:17.3904670Z If you want to create a new branch to retain commits you create, you may
2025-02-21T11:54:17.3906824Z do so (now or later) by using -c with the switch command. Example:
2025-02-21T11:54:17.3908085Z 
2025-02-21T11:54:17.3908657Z   git switch -c <new-branch-name>
2025-02-21T11:54:17.3909848Z 
2025-02-21T11:54:17.3910402Z Or undo this operation with:
2025-02-21T11:54:17.3911236Z 
2025-02-21T11:54:17.3911714Z   git switch -
2025-02-21T11:54:17.3912385Z 
2025-02-21T11:54:17.3913619Z Turn off this advice by setting config variable advice.detachedHead to false
2025-02-21T11:54:17.3915345Z 
2025-02-21T11:54:17.3917288Z HEAD is now at 0356c8c Merge daec8ae2fb41bd7ca7d59af0fbab183c965afca9 into cec8b531cc56e66219fe3ca2efdbf837c008b852
2025-02-21T11:54:17.3923730Z ##[endgroup]
2025-02-21T11:54:17.3957898Z [command]/usr/bin/git log -1 --format=%H
2025-02-21T11:54:17.3982161Z 0356c8c11a4d7a951db9910bceef16e944d505be
2025-02-21T11:54:17.4265773Z Prepare all required actions
2025-02-21T11:54:17.4266300Z Getting action download info
2025-02-21T11:54:17.6047062Z ##[group]Download immutable action package 'actions/cache@v4'
2025-02-21T11:54:17.6047507Z Version: 4.2.1
2025-02-21T11:54:17.6047914Z Digest: sha256:b0404c9628d43aa6855629075b28f32cadf8efc5c26198438149f78500112940
2025-02-21T11:54:17.6048452Z Source commit SHA: 0c907a75c2c80ebcb7f088228285e798b750cf8f
2025-02-21T11:54:17.6048848Z ##[endgroup]
2025-02-21T11:54:17.8996613Z ##[group]Run ./.github/actions/setup_lfs
2025-02-21T11:54:17.8996969Z with:
2025-02-21T11:54:17.8997287Z   regression-data-repo: tardis-sn/tardis-regression-data
2025-02-21T11:54:17.8997683Z   atom-data-sparse: false
2025-02-21T11:54:17.8997964Z env:
2025-02-21T11:54:17.8998200Z   CACHE_NUMBER: 0
2025-02-21T11:54:17.8998913Z   PYTEST_FLAGS: --tardis-regression-data=/home/runner/work/tardis/tardis/tardis-regression-data --cov=tardis --cov-report=xml --cov-report=html --cov-append
2025-02-21T11:54:17.8999922Z   CODECOV_TOKEN: 
2025-02-21T11:54:17.9000177Z ##[endgroup]
2025-02-21T11:54:17.9143370Z ##[group]Run actions/checkout@v4
2025-02-21T11:54:17.9143730Z with:
2025-02-21T11:54:17.9144050Z   repository: tardis-sn/tardis-regression-data
2025-02-21T11:54:17.9144535Z   path: tardis-regression-data
2025-02-21T11:54:17.9145057Z   lfs: false
2025-02-21T11:54:17.9145631Z   token: ***
2025-02-21T11:54:17.9146090Z   ssh-strict: true
2025-02-21T11:54:17.9146560Z   ssh-user: git
2025-02-21T11:54:17.9146884Z   persist-credentials: true
2025-02-21T11:54:17.9147240Z   clean: true
2025-02-21T11:54:17.9147560Z   sparse-checkout-cone-mode: true
2025-02-21T11:54:17.9147917Z   fetch-depth: 1
2025-02-21T11:54:17.9148204Z   fetch-tags: false
2025-02-21T11:54:17.9148497Z   show-progress: true
2025-02-21T11:54:17.9148793Z   submodules: false
2025-02-21T11:54:17.9149236Z   set-safe-directory: true
2025-02-21T11:54:17.9149644Z env:
2025-02-21T11:54:17.9149905Z   CACHE_NUMBER: 0
2025-02-21T11:54:17.9150656Z   PYTEST_FLAGS: --tardis-regression-data=/home/runner/work/tardis/tardis/tardis-regression-data --cov=tardis --cov-report=xml --cov-report=html --cov-append
2025-02-21T11:54:17.9151431Z   CODECOV_TOKEN: 
2025-02-21T11:54:17.9151715Z ##[endgroup]
2025-02-21T11:54:18.0066654Z Syncing repository: tardis-sn/tardis-regression-data
2025-02-21T11:54:18.0072821Z ##[group]Getting Git version info
2025-02-21T11:54:18.0073395Z Working directory is '/home/runner/work/tardis/tardis/tardis-regression-data'
2025-02-21T11:54:18.0114095Z [command]/usr/bin/git version
2025-02-21T11:54:18.0156258Z git version 2.48.1
2025-02-21T11:54:18.0181071Z ##[endgroup]
2025-02-21T11:54:18.0193108Z Temporarily overriding HOME='/home/runner/work/_temp/874bbf4e-696a-477b-b535-92e6295b357f' before making global git config changes
2025-02-21T11:54:18.0193993Z Adding repository directory to the temporary git global config as a safe directory
2025-02-21T11:54:18.0198324Z [command]/usr/bin/git config --global --add safe.directory /home/runner/work/tardis/tardis/tardis-regression-data
2025-02-21T11:54:18.0229837Z ##[group]Initializing the repository
2025-02-21T11:54:18.0235422Z [command]/usr/bin/git init /home/runner/work/tardis/tardis/tardis-regression-data
2025-02-21T11:54:18.0271522Z hint: Using 'master' as the name for the initial branch. This default branch name
2025-02-21T11:54:18.0273018Z hint: is subject to change. To configure the initial branch name to use in all
2025-02-21T11:54:18.0274160Z hint: of your new repositories, which will suppress this warning, call:
2025-02-21T11:54:18.0275024Z hint:
2025-02-21T11:54:18.0275662Z hint: 	git config --global init.defaultBranch <name>
2025-02-21T11:54:18.0276393Z hint:
2025-02-21T11:54:18.0277105Z hint: Names commonly chosen instead of 'master' are 'main', 'trunk' and
2025-02-21T11:54:18.0278179Z hint: 'development'. The just-created branch can be renamed via this command:
2025-02-21T11:54:18.0279051Z hint:
2025-02-21T11:54:18.0279811Z hint: 	git branch -m <name>
2025-02-21T11:54:18.0281157Z Initialized empty Git repository in /home/runner/work/tardis/tardis/tardis-regression-data/.git/
2025-02-21T11:54:18.0285737Z [command]/usr/bin/git remote add origin https://github.com/tardis-sn/tardis-regression-data
2025-02-21T11:54:18.0316334Z ##[endgroup]
2025-02-21T11:54:18.0317251Z ##[group]Disabling automatic garbage collection
2025-02-21T11:54:18.0322048Z [command]/usr/bin/git config --local gc.auto 0
2025-02-21T11:54:18.0350748Z ##[endgroup]
2025-02-21T11:54:18.0351672Z ##[group]Setting up auth
2025-02-21T11:54:18.0357472Z [command]/usr/bin/git config --local --name-only --get-regexp core\.sshCommand
2025-02-21T11:54:18.0387525Z [command]/usr/bin/git submodule foreach --recursive sh -c "git config --local --name-only --get-regexp 'core\.sshCommand' && git config --local --unset-all 'core.sshCommand' || :"
2025-02-21T11:54:18.0613854Z [command]/usr/bin/git config --local --name-only --get-regexp http\.https\:\/\/github\.com\/\.extraheader
2025-02-21T11:54:18.0645314Z [command]/usr/bin/git submodule foreach --recursive sh -c "git config --local --name-only --get-regexp 'http\.https\:\/\/github\.com\/\.extraheader' && git config --local --unset-all 'http.https://github.com/.extraheader' || :"
2025-02-21T11:54:18.0877449Z [command]/usr/bin/git config --local http.https://github.com/.extraheader AUTHORIZATION: basic ***
2025-02-21T11:54:18.0915120Z ##[endgroup]
2025-02-21T11:54:18.0916013Z ##[group]Determining the default branch
2025-02-21T11:54:18.0918425Z Retrieving the default branch name
2025-02-21T11:54:18.3045550Z Default branch 'main'
2025-02-21T11:54:18.3046928Z ##[endgroup]
2025-02-21T11:54:18.3047667Z ##[group]Fetching the repository
2025-02-21T11:54:18.3053598Z [command]/usr/bin/git -c protocol.version=2 fetch --no-tags --prune --no-recurse-submodules --depth=1 origin +refs/heads/main:refs/remotes/origin/main
2025-02-21T11:54:18.7121674Z From https://github.com/tardis-sn/tardis-regression-data
2025-02-21T11:54:18.7122692Z  * [new branch]      main       -> origin/main
2025-02-21T11:54:18.7157088Z ##[endgroup]
2025-02-21T11:54:18.7157816Z ##[group]Determining the checkout info
2025-02-21T11:54:18.7160094Z ##[endgroup]
2025-02-21T11:54:18.7167478Z [command]/usr/bin/git sparse-checkout disable
2025-02-21T11:54:18.7208106Z [command]/usr/bin/git config --local --unset-all extensions.worktreeConfig
2025-02-21T11:54:18.7237525Z ##[group]Checking out the ref
2025-02-21T11:54:18.7242519Z [command]/usr/bin/git checkout --progress --force -B main refs/remotes/origin/main
2025-02-21T11:54:18.8217657Z Switched to a new branch 'main'
2025-02-21T11:54:18.8220550Z branch 'main' set up to track 'origin/main'.
2025-02-21T11:54:18.8499498Z ##[endgroup]
2025-02-21T11:54:18.8542210Z [command]/usr/bin/git log -1 --format=%H
2025-02-21T11:54:18.8567306Z 84e768462f20f09fbccc05625cdcc1d8ffbe404c
2025-02-21T11:54:18.8707754Z ##[group]Run if [ "false" == "true" ]; then
2025-02-21T11:54:18.8708144Z [36;1mif [ "false" == "true" ]; then[0m
2025-02-21T11:54:18.8708481Z [36;1m  echo "Using atom data sparse checkout"[0m
2025-02-21T11:54:18.8709593Z [36;1m  echo "atom_data/kurucz_cd23_chianti_H_He.h5" > .lfs-files-list[0m
2025-02-21T11:54:18.8710037Z [36;1melse[0m
2025-02-21T11:54:18.8710265Z [36;1m  echo "Using full repository checkout"[0m
2025-02-21T11:54:18.8710633Z [36;1m  git lfs ls-files -l | cut -d' ' -f1 | sort > .lfs-files-list[0m
2025-02-21T11:54:18.8710954Z [36;1mfi[0m
2025-02-21T11:54:18.8923008Z shell: /usr/bin/bash --noprofile --norc -e -o pipefail {0}
2025-02-21T11:54:18.8923361Z env:
2025-02-21T11:54:18.8923548Z   CACHE_NUMBER: 0
2025-02-21T11:54:18.8924217Z   PYTEST_FLAGS: --tardis-regression-data=/home/runner/work/tardis/tardis/tardis-regression-data --cov=tardis --cov-report=xml --cov-report=html --cov-append
2025-02-21T11:54:18.8924916Z   CODECOV_TOKEN: 
2025-02-21T11:54:18.8925110Z ##[endgroup]
2025-02-21T11:54:18.9022841Z Using full repository checkout
2025-02-21T11:54:19.0422005Z ##[group]Run actions/cache/restore@v4
2025-02-21T11:54:19.0422377Z with:
2025-02-21T11:54:19.0422627Z   path: tardis-regression-data/.git/lfs
2025-02-21T11:54:19.0423737Z   key: tardis-regression-full-data-c8ff2bbb6048b3f24d3f52a1e85b013ad47e52c369a6ce4cfdeff528b659b86f-tardis-sn/tardis-regression-data-v1
2025-02-21T11:54:19.0424606Z   fail-on-cache-miss: true
2025-02-21T11:54:19.0424899Z   enableCrossOsArchive: false
2025-02-21T11:54:19.0425184Z   lookup-only: false
2025-02-21T11:54:19.0425421Z env:
2025-02-21T11:54:19.0425636Z   CACHE_NUMBER: 0
2025-02-21T11:54:19.0426344Z   PYTEST_FLAGS: --tardis-regression-data=/home/runner/work/tardis/tardis/tardis-regression-data --cov=tardis --cov-report=xml --cov-report=html --cov-append
2025-02-21T11:54:19.0427017Z   CODECOV_TOKEN: 
2025-02-21T11:54:19.0427198Z ##[endgroup]
2025-02-21T11:54:19.2859660Z Cache hit for: tardis-regression-full-data-c8ff2bbb6048b3f24d3f52a1e85b013ad47e52c369a6ce4cfdeff528b659b86f-tardis-sn/tardis-regression-data-v1
2025-02-21T11:54:20.3767734Z Received 134217728 of 2161656325 (6.2%), 128.0 MBs/sec
2025-02-21T11:54:21.3811908Z Received 348127232 of 2161656325 (16.1%), 165.9 MBs/sec
2025-02-21T11:54:22.3775852Z Received 528482304 of 2161656325 (24.4%), 167.9 MBs/sec
2025-02-21T11:54:23.3784447Z Received 696254464 of 2161656325 (32.2%), 165.9 MBs/sec
2025-02-21T11:54:24.3792248Z Received 910163968 of 2161656325 (42.1%), 173.5 MBs/sec
2025-02-21T11:54:25.3795679Z Received 1073741824 of 2161656325 (49.7%), 170.6 MBs/sec
2025-02-21T11:54:26.3795836Z Received 1287651328 of 2161656325 (59.6%), 175.4 MBs/sec
2025-02-21T11:54:27.3803550Z Received 1476395008 of 2161656325 (68.3%), 175.9 MBs/sec
2025-02-21T11:54:28.3807344Z Received 1673527296 of 2161656325 (77.4%), 177.3 MBs/sec
2025-02-21T11:54:29.3807549Z Received 1874853888 of 2161656325 (86.7%), 178.7 MBs/sec
2025-02-21T11:54:30.3869387Z Received 2013265920 of 2161656325 (93.1%), 174.4 MBs/sec
2025-02-21T11:54:31.3097412Z Received 2161656325 of 2161656325 (100.0%), 172.8 MBs/sec
2025-02-21T11:54:31.3100911Z Cache Size: ~2062 MB (2161656325 B)
2025-02-21T11:54:31.3204981Z [command]/usr/bin/tar -xf /home/runner/work/_temp/833488ec-91dd-48e7-8444-fc3c01ea8fe9/cache.tzst -P -C /home/runner/work/tardis/tardis --use-compress-program unzstd
2025-02-21T11:54:41.6000956Z Cache restored successfully
2025-02-21T11:54:41.9908362Z Cache restored from key: tardis-regression-full-data-c8ff2bbb6048b3f24d3f52a1e85b013ad47e52c369a6ce4cfdeff528b659b86f-tardis-sn/tardis-regression-data-v1
2025-02-21T11:54:42.0089662Z ##[group]Run git lfs checkout
2025-02-21T11:54:42.0089934Z [36;1mgit lfs checkout[0m
2025-02-21T11:54:42.0146580Z shell: /usr/bin/bash --noprofile --norc -e -o pipefail {0}
2025-02-21T11:54:42.0146906Z env:
2025-02-21T11:54:42.0147072Z   CACHE_NUMBER: 0
2025-02-21T11:54:42.0147693Z   PYTEST_FLAGS: --tardis-regression-data=/home/runner/work/tardis/tardis/tardis-regression-data --cov=tardis --cov-report=xml --cov-report=html --cov-append
2025-02-21T11:54:42.0148353Z   CODECOV_TOKEN: 
2025-02-21T11:54:42.0148531Z ##[endgroup]
2025-02-21T11:55:03.0363283Z Checking out LFS objects: 100% (204/204), 5.7 GB | 245 MB/s, done.
2025-02-21T11:55:05.9142724Z Prepare all required actions
2025-02-21T11:55:05.9143071Z Getting action download info
2025-02-21T11:55:06.0326879Z Download action repository 'mamba-org/setup-micromamba@v1' (SHA:4b9113af4fba0e9e1124b252dd6497a419e7396d)
2025-02-21T11:55:06.4318951Z ##[group]Run ./.github/actions/setup_env
2025-02-21T11:55:06.4319711Z with:
2025-02-21T11:55:06.4319900Z   os-label: linux-64
2025-02-21T11:55:06.4320086Z env:
2025-02-21T11:55:06.4320238Z   CACHE_NUMBER: 0
2025-02-21T11:55:06.4320850Z   PYTEST_FLAGS: --tardis-regression-data=/home/runner/work/tardis/tardis/tardis-regression-data --cov=tardis --cov-report=xml --cov-report=html --cov-append
2025-02-21T11:55:06.4321494Z   CODECOV_TOKEN: 
2025-02-21T11:55:06.4321675Z ##[endgroup]
2025-02-21T11:55:06.4343475Z ##[group]Run file_hash=$(cat conda-linux-64.lock | shasum -a 256 | cut -d' ' -f1)
2025-02-21T11:55:06.4343953Z [36;1mfile_hash=$(cat conda-linux-64.lock | shasum -a 256 | cut -d' ' -f1)[0m
2025-02-21T11:55:06.4344511Z [36;1mecho "file_hash=tardis-conda-env-linux-64-${file_hash}-v1" >> "${GITHUB_OUTPUT}"[0m
2025-02-21T11:55:06.4399610Z shell: /usr/bin/bash --noprofile --norc -e -o pipefail {0}
2025-02-21T11:55:06.4399916Z env:
2025-02-21T11:55:06.4400082Z   CACHE_NUMBER: 0
2025-02-21T11:55:06.4400686Z   PYTEST_FLAGS: --tardis-regression-data=/home/runner/work/tardis/tardis/tardis-regression-data --cov=tardis --cov-report=xml --cov-report=html --cov-append
2025-02-21T11:55:06.4401316Z   CODECOV_TOKEN: 
2025-02-21T11:55:06.4401499Z ##[endgroup]
2025-02-21T11:55:06.5471399Z ##[group]Run mamba-org/setup-micromamba@v1
2025-02-21T11:55:06.5471663Z with:
2025-02-21T11:55:06.5471857Z   environment-file: conda-linux-64.lock
2025-02-21T11:55:06.5472421Z   cache-environment-key: tardis-conda-env-linux-64-d7cd390425b0fd3cf82649dcc003efba9915fb4928f15d342148c3ccffcbe2ee-v1
2025-02-21T11:55:06.5473279Z   cache-downloads-key: tardis-conda-env-linux-64-d7cd390425b0fd3cf82649dcc003efba9915fb4928f15d342148c3ccffcbe2ee-v1
2025-02-21T11:55:06.5473836Z   environment-name: tardis
2025-02-21T11:55:06.5474058Z   cache-environment: true
2025-02-21T11:55:06.5474268Z   cache-downloads: true
2025-02-21T11:55:06.5474461Z env:
2025-02-21T11:55:06.5474620Z   CACHE_NUMBER: 0
2025-02-21T11:55:06.5475208Z   PYTEST_FLAGS: --tardis-regression-data=/home/runner/work/tardis/tardis/tardis-regression-data --cov=tardis --cov-report=xml --cov-report=html --cov-append
2025-02-21T11:55:06.5475835Z   CODECOV_TOKEN: 
2025-02-21T11:55:06.5476013Z ##[endgroup]
2025-02-21T11:55:06.6851539Z Will download micromamba to /home/runner/micromamba-bin/micromamba
2025-02-21T11:55:06.6860860Z ##[group]Install micromamba
2025-02-21T11:55:07.0371344Z micromamba installed to /home/runner/micromamba-bin/micromamba
2025-02-21T11:55:07.0372962Z ##[endgroup]
2025-02-21T11:55:07.0373676Z Adding conda-forge to condarc channels ...
2025-02-21T11:55:07.0382622Z ##[group]Initialize micromamba for bash.
2025-02-21T11:55:07.0399497Z [command]/home/runner/micromamba-bin/micromamba shell init -s bash -r /home/runner/micromamba --log-level warning --rc-file /home/runner/work/_temp/setup-micromamba/.condarc
2025-02-21T11:55:07.0507911Z Modifying RC file "/home/runner/.bashrc"
2025-02-21T11:55:07.0509293Z Generating config for root prefix [1m"/home/runner/micromamba"[0m
2025-02-21T11:55:07.0509945Z Setting mamba executable to: [1m"/home/runner/micromamba-bin/micromamba"[0m
2025-02-21T11:55:07.0510490Z Adding (or replacing) the following in your "/home/runner/.bashrc" file
2025-02-21T11:55:07.0510752Z 
2025-02-21T11:55:07.0510845Z # >>> mamba initialize >>>
2025-02-21T11:55:07.0511324Z # !! Contents within this block are managed by 'mamba init' !!
2025-02-21T11:55:07.0511966Z export MAMBA_EXE='/home/runner/micromamba-bin/micromamba';
2025-02-21T11:55:07.0512566Z export MAMBA_ROOT_PREFIX='/home/runner/micromamba';
2025-02-21T11:55:07.0513374Z __mamba_setup="$("$MAMBA_EXE" shell hook --shell bash --root-prefix "$MAMBA_ROOT_PREFIX" 2> /dev/null)"
2025-02-21T11:55:07.0514097Z if [ $? -eq 0 ]; then
2025-02-21T11:55:07.0514792Z     eval "$__mamba_setup"
2025-02-21T11:55:07.0515368Z else
2025-02-21T11:55:07.0515836Z     alias micromamba="$MAMBA_EXE"  # Fallback on help from mamba activate
2025-02-21T11:55:07.0516424Z fi
2025-02-21T11:55:07.0516702Z unset __mamba_setup
2025-02-21T11:55:07.0517036Z # <<< mamba initialize <<<
2025-02-21T11:55:07.0517292Z 
2025-02-21T11:55:07.0525638Z Moving mamba initialize block to .bash_profile
2025-02-21T11:55:07.1031260Z ##[endgroup]
2025-02-21T11:55:07.1032759Z ##[group]Restoring downloads from `/home/runner/micromamba/pkgs` ...
2025-02-21T11:55:08.3135080Z Received 239075328 of 356815776 (67.0%), 228.0 MBs/sec
2025-02-21T11:55:08.9338092Z Cache Size: ~340 MB (356815776 B)
2025-02-21T11:55:08.9407937Z [command]/usr/bin/tar -xf /home/runner/work/_temp/f5467a04-8d8c-4990-9aec-7f70f3c11cf5/cache.tzst -P -C /home/runner/work/tardis/tardis --use-compress-program unzstd
2025-02-21T11:55:09.3146280Z Received 356815776 of 356815776 (100.0%), 170.1 MBs/sec
2025-02-21T11:55:09.4315977Z Cache restored successfully
2025-02-21T11:55:09.5061782Z Restored cache with key `tardis-conda-env-linux-64-d7cd390425b0fd3cf82649dcc003efba9915fb4928f15d342148c3ccffcbe2ee-v1-linux-64`
2025-02-21T11:55:09.5062669Z ##[endgroup]
2025-02-21T11:55:09.5074812Z ##[group]Restoring environment `tardis` from `/home/runner/micromamba/envs/tardis` ...
2025-02-21T11:55:10.6355153Z Received 247463936 of 444032293 (55.7%), 235.5 MBs/sec
2025-02-21T11:55:11.5139051Z Cache Size: ~423 MB (444032293 B)
2025-02-21T11:55:11.5266010Z [command]/usr/bin/tar -xf /home/runner/work/_temp/6dd4b89f-b005-4628-b80e-78f60565cbdb/cache.tzst -P -C /home/runner/work/tardis/tardis --use-compress-program unzstd
2025-02-21T11:55:11.6366814Z Received 444032293 of 444032293 (100.0%), 211.4 MBs/sec
2025-02-21T11:55:16.8150183Z Cache restored successfully
2025-02-21T11:55:16.9005911Z Restored cache with key `tardis-conda-env-linux-64-d7cd390425b0fd3cf82649dcc003efba9915fb4928f15d342148c3ccffcbe2ee-v1-linux-64-tardis-args-4f53cda-root-dcc80ee-bin-[object Promise]-file-d7cd390425b0fd3cf82649dcc003efba9915fb4928f15d342148c3ccffcbe2ee`
2025-02-21T11:55:16.9008287Z ##[endgroup]
2025-02-21T11:55:16.9008681Z Adding environment tardis to auto-activate bash ...
2025-02-21T11:55:16.9018004Z Generating micromamba run shell.
2025-02-21T11:55:16.9027282Z ##[endgroup]
2025-02-21T11:55:16.9032879Z Set environment variables.
2025-02-21T11:55:16.9036746Z ##[group]micromamba info
2025-02-21T11:55:16.9040211Z [command]/home/runner/micromamba-bin/micromamba info -r /home/runner/micromamba -n tardis
2025-02-21T11:55:16.9266141Z 
2025-02-21T11:55:16.9266894Z        libmamba version : 1.5.10
2025-02-21T11:55:16.9267382Z      micromamba version : 1.5.10
2025-02-21T11:55:16.9268167Z            curl version : libcurl/8.10.1 OpenSSL/3.3.2 zlib/1.3.1 zstd/1.5.6 libssh2/1.11.0 nghttp2/1.58.0
2025-02-21T11:55:16.9269335Z      libarchive version : libarchive 3.7.4 zlib/1.2.13 bz2lib/1.0.8 libzstd/1.5.6
2025-02-21T11:55:16.9270105Z        envs directories : /home/runner/micromamba/envs
2025-02-21T11:55:16.9270731Z           package cache : /home/runner/micromamba/pkgs
2025-02-21T11:55:16.9271259Z                           /home/runner/.mamba/pkgs
2025-02-21T11:55:16.9271752Z             environment : tardis
2025-02-21T11:55:16.9272267Z            env location : /home/runner/micromamba/envs/tardis
2025-02-21T11:55:16.9272850Z       user config files : /home/runner/.mambarc
2025-02-21T11:55:16.9273508Z  populated config files : /home/runner/work/_temp/setup-micromamba/.condarc
2025-02-21T11:55:16.9274188Z        virtual packages : __unix=0=0
2025-02-21T11:55:16.9274684Z                           __linux=6.8.0=0
2025-02-21T11:55:16.9275088Z                           __glibc=2.39=0
2025-02-21T11:55:16.9275505Z                           __archspec=1=x86_64_v3
2025-02-21T11:55:16.9276075Z                channels : https://conda.anaconda.org/conda-forge/linux-64
2025-02-21T11:55:16.9276709Z                           https://conda.anaconda.org/conda-forge/noarch
2025-02-21T11:55:16.9277619Z        base environment : /home/runner/micromamba
2025-02-21T11:55:16.9278270Z                platform : linux-64
2025-02-21T11:55:16.9285166Z ##[endgroup]
2025-02-21T11:55:16.9285705Z ##[group]micromamba list
2025-02-21T11:55:16.9287555Z [command]/home/runner/micromamba-bin/micromamba list -r /home/runner/micromamba -n tardis
2025-02-21T11:55:17.3163627Z List of packages in environment: "/home/runner/micromamba/envs/tardis"
2025-02-21T11:55:17.3164157Z 
2025-02-21T11:55:17.3164409Z   Name                           Version              Build                    Channel    
2025-02-21T11:55:17.3165457Z â”€â”€â”€â”€â”€â”€â”€â”€â”€â”€â”€â”€â”€â”€â”€â”€â”€â”€â”€â”€â”€â”€â”€â”€â”€â”€â”€â”€â”€â”€â”€â”€â”€â”€â”€â”€â”€â”€â”€â”€â”€â”€â”€â”€â”€â”€â”€â”€â”€â”€â”€â”€â”€â”€â”€â”€â”€â”€â”€â”€â”€â”€â”€â”€â”€â”€â”€â”€â”€â”€â”€â”€â”€â”€â”€â”€â”€â”€â”€â”€â”€â”€â”€â”€â”€â”€â”€â”€â”€â”€â”€â”€
2025-02-21T11:55:17.3166089Z   _libgcc_mutex                  0.1                  conda_forge              conda-forge
2025-02-21T11:55:17.3166691Z   _openmp_mutex                  4.5                  2_gnu                    conda-forge
2025-02-21T11:55:17.3167339Z   alabaster                      0.7.16               pyhd8ed1ab_0             conda-forge
2025-02-21T11:55:17.3167919Z   anyio                          4.4.0                pyhd8ed1ab_0             conda-forge
2025-02-21T11:55:17.3168482Z   argon2-cffi                    23.1.0               pyhd8ed1ab_0             conda-forge
2025-02-21T11:55:17.3169376Z   argon2-cffi-bindings           21.2.0               py312h98912ed_4          conda-forge
2025-02-21T11:55:17.3169992Z   arrow                          1.3.0                pyhd8ed1ab_0             conda-forge
2025-02-21T11:55:17.3170563Z   astropy                        6.1.1                py312h085067d_0          conda-forge
2025-02-21T11:55:17.3171347Z   astropy-iers-data              0.2024.6.17.0.31.35  pyhd8ed1ab_0             conda-forge
2025-02-21T11:55:17.3172100Z   astropy-sphinx-theme           1.1                  pyhd8ed1ab_0             conda-forge
2025-02-21T11:55:17.3172753Z   asttokens                      2.4.1                pyhd8ed1ab_0             conda-forge
2025-02-21T11:55:17.3173344Z   async-lru                      2.0.4                pyhd8ed1ab_0             conda-forge
2025-02-21T11:55:17.3173923Z   atk-1.0                        2.38.0               h04ea711_2               conda-forge
2025-02-21T11:55:17.3174419Z   attrs                          23.2.0               pyh71513ae_0             conda-forge
2025-02-21T11:55:17.3174952Z   babel                          2.14.0               pyhd8ed1ab_0             conda-forge
2025-02-21T11:55:17.3175469Z   beautifulsoup4                 4.12.3               pyha770c72_0             conda-forge
2025-02-21T11:55:17.3175838Z   bleach                         6.1.0                pyhd8ed1ab_0             conda-forge
2025-02-21T11:55:17.3176179Z   blosc                          1.21.5               hc2324a3_1               conda-forge
2025-02-21T11:55:17.3176526Z   brotli                         1.1.0                hd590300_1               conda-forge
2025-02-21T11:55:17.3176873Z   brotli-bin                     1.1.0                hd590300_1               conda-forge
2025-02-21T11:55:17.3177249Z   brotli-python                  1.1.0                py312h30efb56_1          conda-forge
2025-02-21T11:55:17.3177610Z   bzip2                          1.0.8                hd590300_5               conda-forge
2025-02-21T11:55:17.3177935Z   c-ares                         1.28.1               hd590300_0               conda-forge
2025-02-21T11:55:17.3178265Z   c-blosc2                       2.14.4               hb4ffafa_1               conda-forge
2025-02-21T11:55:17.3178647Z   ca-certificates                2024.6.2             hbcca054_0               conda-forge
2025-02-21T11:55:17.3179048Z   cached-property                1.5.2                hd8ed1ab_1               conda-forge
2025-02-21T11:55:17.3179717Z   cached_property                1.5.2                pyha770c72_1             conda-forge
2025-02-21T11:55:17.3180104Z   cairo                          1.18.0               h3faef2a_0               conda-forge
2025-02-21T11:55:17.3180766Z   certifi                        2024.6.2             pyhd8ed1ab_0             conda-forge
2025-02-21T11:55:17.3181250Z   cffi                           1.16.0               py312hf06ca03_0          conda-forge
2025-02-21T11:55:17.3181635Z   charset-normalizer             3.3.2                pyhd8ed1ab_0             conda-forge
2025-02-21T11:55:17.3182029Z   click                          8.1.7                unix_pyh707e725_0        conda-forge
2025-02-21T11:55:17.3182374Z   codespell                      2.3.0                pyhd8ed1ab_0             conda-forge
2025-02-21T11:55:17.3182728Z   colorama                       0.4.6                pyhd8ed1ab_0             conda-forge
2025-02-21T11:55:17.3183063Z   comm                           0.2.2                pyhd8ed1ab_0             conda-forge
2025-02-21T11:55:17.3183402Z   commonmark                     0.9.1                py_0                     conda-forge
2025-02-21T11:55:17.3183766Z   contourpy                      1.2.1                py312h8572e83_0          conda-forge
2025-02-21T11:55:17.3184120Z   coverage                       7.5.3                py312h9a8786e_0          conda-forge
2025-02-21T11:55:17.3184463Z   cycler                         0.12.1               pyhd8ed1ab_0             conda-forge
2025-02-21T11:55:17.3184818Z   dataclasses                    0.8                  pyhc8e2a94_3             conda-forge
2025-02-21T11:55:17.3185189Z   debugpy                        1.8.1                py312h30efb56_0          conda-forge
2025-02-21T11:55:17.3185553Z   decorator                      5.1.1                pyhd8ed1ab_0             conda-forge
2025-02-21T11:55:17.3185923Z   defusedxml                     0.7.1                pyhd8ed1ab_0             conda-forge
2025-02-21T11:55:17.3186302Z   docutils                       0.20.1               py312h7900ff3_3          conda-forge
2025-02-21T11:55:17.3186659Z   dot2tex                        2.11.3               pyhd8ed1ab_0             conda-forge
2025-02-21T11:55:17.3187030Z   entrypoints                    0.4                  pyhd8ed1ab_0             conda-forge
2025-02-21T11:55:17.3187418Z   exceptiongroup                 1.2.0                pyhd8ed1ab_2             conda-forge
2025-02-21T11:55:17.3187794Z   executing                      2.0.1                pyhd8ed1ab_0             conda-forge
2025-02-21T11:55:17.3188140Z   expat                          2.6.2                h59595ed_0               conda-forge
2025-02-21T11:55:17.3188529Z   font-ttf-dejavu-sans-mono      2.37                 hab24e00_0               conda-forge
2025-02-21T11:55:17.3188973Z   font-ttf-inconsolata           3.000                h77eed37_0               conda-forge
2025-02-21T11:55:17.3189604Z   font-ttf-source-code-pro       2.038                h77eed37_0               conda-forge
2025-02-21T11:55:17.3190021Z   font-ttf-ubuntu                0.83                 h77eed37_2               conda-forge
2025-02-21T11:55:17.3190398Z   fontconfig                     2.14.2               h14ed4e7_0               conda-forge
2025-02-21T11:55:17.3190806Z   fonts-conda-ecosystem          1                    0                        conda-forge
2025-02-21T11:55:17.3191214Z   fonts-conda-forge              1                    0                        conda-forge
2025-02-21T11:55:17.3191588Z   fonttools                      4.53.0               py312h9a8786e_0          conda-forge
2025-02-21T11:55:17.3191937Z   fqdn                           1.5.1                pyhd8ed1ab_0             conda-forge
2025-02-21T11:55:17.3192276Z   freetype                       2.12.1               h267a509_2               conda-forge
2025-02-21T11:55:17.3192623Z   fribidi                        1.0.10               h36c2ea0_0               conda-forge
2025-02-21T11:55:17.3192972Z   future                         1.0.0                pyhd8ed1ab_0             conda-forge
2025-02-21T11:55:17.3193333Z   gdk-pixbuf                     2.42.12              hb9ae30d_0               conda-forge
2025-02-21T11:55:17.3193916Z   giflib                         5.2.2                hd590300_0               conda-forge
2025-02-21T11:55:17.3194403Z   git-lfs                        3.5.1                ha770c72_0               conda-forge
2025-02-21T11:55:17.3194728Z   gmp                            6.3.0                h59595ed_1               conda-forge
2025-02-21T11:55:17.3195051Z   gmpy2                          2.1.5                py312h1d5cde6_1          conda-forge
2025-02-21T11:55:17.3195395Z   graphite2                      1.3.13               h59595ed_1003            conda-forge
2025-02-21T11:55:17.3195821Z   graphviz                       11.0.0               hc68bbd7_0               conda-forge
2025-02-21T11:55:17.3196381Z   gtk2                           2.24.33              h280cfa0_4               conda-forge
2025-02-21T11:55:17.3196919Z   gts                            0.7.6                h977cf35_4               conda-forge
2025-02-21T11:55:17.3197451Z   h11                            0.14.0               pyhd8ed1ab_0             conda-forge
2025-02-21T11:55:17.3198054Z   h2                             4.1.0                pyhd8ed1ab_0             conda-forge
2025-02-21T11:55:17.3198693Z   h5py                           3.11.0               nompi_py312hb7ab980_102  conda-forge
2025-02-21T11:55:17.3199476Z   harfbuzz                       8.5.0                hfac3d4d_0               conda-forge
2025-02-21T11:55:17.3200065Z   hdf5                           1.14.3               nompi_hdf9ad27_105       conda-forge
2025-02-21T11:55:17.3200603Z   hpack                          4.0.0                pyh9f0ad1d_0             conda-forge
2025-02-21T11:55:17.3201162Z   httpcore                       1.0.5                pyhd8ed1ab_0             conda-forge
2025-02-21T11:55:17.3201889Z   httpx                          0.27.0               pyhd8ed1ab_0             conda-forge
2025-02-21T11:55:17.3202542Z   hyperframe                     6.0.1                pyhd8ed1ab_0             conda-forge
2025-02-21T11:55:17.3203100Z   icu                            73.2                 h59595ed_0               conda-forge
2025-02-21T11:55:17.3203652Z   idna                           3.7                  pyhd8ed1ab_0             conda-forge
2025-02-21T11:55:17.3204225Z   imagesize                      1.4.1                pyhd8ed1ab_0             conda-forge
2025-02-21T11:55:17.3204892Z   importlib-metadata             7.1.0                pyha770c72_0             conda-forge
2025-02-21T11:55:17.3205592Z   importlib_metadata             7.1.0                hd8ed1ab_0               conda-forge
2025-02-21T11:55:17.3206351Z   importlib_resources            6.4.0                pyhd8ed1ab_0             conda-forge
2025-02-21T11:55:17.3207036Z   iniconfig                      2.0.0                pyhd8ed1ab_0             conda-forge
2025-02-21T11:55:17.3207676Z   ipykernel                      6.29.4               pyh3099207_0             conda-forge
2025-02-21T11:55:17.3208297Z   ipython                        8.25.0               pyh707e725_0             conda-forge
2025-02-21T11:55:17.3208930Z   ipython_genutils               0.2.0                pyhd8ed1ab_1             conda-forge
2025-02-21T11:55:17.3209645Z   ipywidgets                     7.8.0                pyhd8ed1ab_0             conda-forge
2025-02-21T11:55:17.3210023Z   isoduration                    20.11.0              pyhd8ed1ab_0             conda-forge
2025-02-21T11:55:17.3210375Z   jedi                           0.19.1               pyhd8ed1ab_0             conda-forge
2025-02-21T11:55:17.3210705Z   jinja2                         3.1.4                pyhd8ed1ab_0             conda-forge
2025-02-21T11:55:17.3211041Z   json5                          0.9.25               pyhd8ed1ab_0             conda-forge
2025-02-21T11:55:17.3211398Z   jsonpointer                    3.0.0                py312h7900ff3_0          conda-forge
2025-02-21T11:55:17.3211770Z   jsonschema                     4.22.0               pyhd8ed1ab_0             conda-forge
2025-02-21T11:55:17.3212389Z   jsonschema-specifications      2023.12.1            pyhd8ed1ab_0             conda-forge
2025-02-21T11:55:17.3212989Z   jsonschema-with-format-nongpl  4.22.0               pyhd8ed1ab_0             conda-forge
2025-02-21T11:55:17.3213427Z   jupyter-lsp                    2.2.5                pyhd8ed1ab_0             conda-forge
2025-02-21T11:55:17.3213801Z   jupyter_client                 8.6.2                pyhd8ed1ab_0             conda-forge
2025-02-21T11:55:17.3214174Z   jupyter_core                   5.7.2                py312h7900ff3_0          conda-forge
2025-02-21T11:55:17.3214546Z   jupyter_events                 0.10.0               pyhd8ed1ab_0             conda-forge
2025-02-21T11:55:17.3214925Z   jupyter_server                 2.14.1               pyhd8ed1ab_0             conda-forge
2025-02-21T11:55:17.3215329Z   jupyter_server_terminals       0.5.3                pyhd8ed1ab_0             conda-forge
2025-02-21T11:55:17.3215728Z   jupyterlab                     4.2.2                pyhd8ed1ab_0             conda-forge
2025-02-21T11:55:17.3216123Z   jupyterlab_pygments            0.3.0                pyhd8ed1ab_1             conda-forge
2025-02-21T11:55:17.3216535Z   jupyterlab_server              2.27.2               pyhd8ed1ab_0             conda-forge
2025-02-21T11:55:17.3217149Z   jupyterlab_widgets             1.1.7                pyhd8ed1ab_0             conda-forge
2025-02-21T11:55:17.3217804Z   keyutils                       1.6.1                h166bdaf_0               conda-forge
2025-02-21T11:55:17.3218411Z   kiwisolver                     1.4.5                py312h8572e83_1          conda-forge
2025-02-21T11:55:17.3219001Z   krb5                           1.21.2               h659d440_0               conda-forge
2025-02-21T11:55:17.3219735Z   latexcodec                     2.0.1                pyh9f0ad1d_0             conda-forge
2025-02-21T11:55:17.3220325Z   lcms2                          2.16                 hb7c19ff_0               conda-forge
2025-02-21T11:55:17.3220929Z   ld_impl_linux-64               2.40                 hf3520f5_7               conda-forge
2025-02-21T11:55:17.3221523Z   lerc                           4.0.0                h27087fc_0               conda-forge
2025-02-21T11:55:17.3222078Z   libaec                         1.1.3                h59595ed_0               conda-forge
2025-02-21T11:55:17.3222666Z   libblas                        3.9.0                22_linux64_openblas      conda-forge
2025-02-21T11:55:17.3223307Z   libbrotlicommon                1.1.0                hd590300_1               conda-forge
2025-02-21T11:55:17.3223979Z   libbrotlidec                   1.1.0                hd590300_1               conda-forge
2025-02-21T11:55:17.3224618Z   libbrotlienc                   1.1.0                hd590300_1               conda-forge
2025-02-21T11:55:17.3225241Z   libcblas                       3.9.0                22_linux64_openblas      conda-forge
2025-02-21T11:55:17.3225824Z   libcurl                        8.8.0                hca28451_0               conda-forge
2025-02-21T11:55:17.3226419Z   libdeflate                     1.20                 hd590300_0               conda-forge
2025-02-21T11:55:17.3227043Z   libedit                        3.1.20191231         he28a2e2_2               conda-forge
2025-02-21T11:55:17.3227627Z   libev                          4.33                 hd590300_2               conda-forge
2025-02-21T11:55:17.3228202Z   libexpat                       2.6.2                h59595ed_0               conda-forge
2025-02-21T11:55:17.3228767Z   libffi                         3.4.2                h7f98852_5               conda-forge
2025-02-21T11:55:17.3229479Z   libgcc-ng                      13.2.0               h77fa898_10              conda-forge
2025-02-21T11:55:17.3230061Z   libgd                          2.3.3                h119a65a_9               conda-forge
2025-02-21T11:55:17.3230673Z   libgfortran-ng                 13.2.0               h69a702a_10              conda-forge
2025-02-21T11:55:17.3231493Z   libgfortran5                   13.2.0               h3d2ce59_10              conda-forge
2025-02-21T11:55:17.3232269Z   libglib                        2.80.2               h8a4344b_1               conda-forge
2025-02-21T11:55:17.3232856Z   libgomp                        13.2.0               h77fa898_10              conda-forge
2025-02-21T11:55:17.3233454Z   libiconv                       1.17                 hd590300_2               conda-forge
2025-02-21T11:55:17.3234097Z   libjpeg-turbo                  3.0.0                hd590300_1               conda-forge
2025-02-21T11:55:17.3234755Z   liblapack                      3.9.0                22_linux64_openblas      conda-forge
2025-02-21T11:55:17.3235370Z   libllvm14                      14.0.6               hcd5def8_4               conda-forge
2025-02-21T11:55:17.3235981Z   libnghttp2                     1.58.0               h47da74e_1               conda-forge
2025-02-21T11:55:17.3236550Z   libnsl                         2.0.1                hd590300_0               conda-forge
2025-02-21T11:55:17.3237139Z   libopenblas                    0.3.27               pthreads_h413a1c8_0      conda-forge
2025-02-21T11:55:17.3237728Z   libpng                         1.6.43               h2797004_0               conda-forge
2025-02-21T11:55:17.3238265Z   librsvg                        2.58.1               hadf69e7_0               conda-forge
2025-02-21T11:55:17.3238820Z   libsodium                      1.0.18               h36c2ea0_1               conda-forge
2025-02-21T11:55:17.3239548Z   libsqlite                      3.46.0               hde9e2c9_0               conda-forge
2025-02-21T11:55:17.3240135Z   libssh2                        1.11.0               h0841786_0               conda-forge
2025-02-21T11:55:17.3240734Z   libstdcxx-ng                   13.2.0               hc0a3c3a_10              conda-forge
2025-02-21T11:55:17.3241329Z   libtiff                        4.6.0                h1dd3fc0_3               conda-forge
2025-02-21T11:55:17.3241912Z   libuuid                        2.38.1               h0b41bf4_0               conda-forge
2025-02-21T11:55:17.3242501Z   libwebp                        1.4.0                h2c329e2_0               conda-forge
2025-02-21T11:55:17.3243103Z   libwebp-base                   1.4.0                hd590300_0               conda-forge
2025-02-21T11:55:17.3243689Z   libxcb                         1.15                 h0b41bf4_0               conda-forge
2025-02-21T11:55:17.3244282Z   libxcrypt                      4.4.36               hd590300_1               conda-forge
2025-02-21T11:55:17.3244874Z   libxml2                        2.12.7               hc051c1a_1               conda-forge
2025-02-21T11:55:17.3245452Z   libxslt                        1.1.39               h76b75d6_0               conda-forge
2025-02-21T11:55:17.3246026Z   libzlib                        1.3.1                h4ab18f5_1               conda-forge
2025-02-21T11:55:17.3246617Z   llvmlite                       0.42.0               py312hb06c811_1          conda-forge
2025-02-21T11:55:17.3247209Z   lxml                           5.2.2                py312hb90d8a5_0          conda-forge
2025-02-21T11:55:17.3247766Z   lz4-c                          1.9.4                hcb278e6_0               conda-forge
2025-02-21T11:55:17.3248301Z   lzo                            2.10                 hd590300_1001            conda-forge
2025-02-21T11:55:17.3248877Z   markupsafe                     2.1.5                py312h98912ed_0          conda-forge
2025-02-21T11:55:17.3249718Z   matplotlib-base                3.8.4                py312h20ab3a6_2          conda-forge
2025-02-21T11:55:17.3250440Z   matplotlib-inline              0.1.7                pyhd8ed1ab_0             conda-forge
2025-02-21T11:55:17.3251108Z   mistune                        3.0.2                pyhd8ed1ab_0             conda-forge
2025-02-21T11:55:17.3251691Z   mpc                            1.3.1                hfe3b2da_0               conda-forge
2025-02-21T11:55:17.3252501Z   mpfr                           4.2.1                h9458935_1               conda-forge
2025-02-21T11:55:17.3253225Z   mpmath                         1.3.0                pyhd8ed1ab_0             conda-forge
2025-02-21T11:55:17.3253818Z   munkres                        1.1.4                pyh9f0ad1d_0             conda-forge
2025-02-21T11:55:17.3254465Z   mypy_extensions                1.0.0                pyha770c72_0             conda-forge
2025-02-21T11:55:17.3255122Z   nbclassic                      1.1.0                pyhd8ed1ab_0             conda-forge
2025-02-21T11:55:17.3255749Z   nbclient                       0.10.0               pyhd8ed1ab_0             conda-forge
2025-02-21T11:55:17.3256378Z   nbconvert                      7.16.4               hd8ed1ab_1               conda-forge
2025-02-21T11:55:17.3257040Z   nbconvert-core                 7.16.4               pyhd8ed1ab_1             conda-forge
2025-02-21T11:55:17.3257747Z   nbconvert-pandoc               7.16.4               hd8ed1ab_1               conda-forge
2025-02-21T11:55:17.3258431Z   nbformat                       5.10.4               pyhd8ed1ab_0             conda-forge
2025-02-21T11:55:17.3259080Z   nbsphinx                       0.9.4                pyhd8ed1ab_0             conda-forge
2025-02-21T11:55:17.3259818Z   ncurses                        6.5                  h59595ed_0               conda-forge
2025-02-21T11:55:17.3260448Z   nest-asyncio                   1.6.0                pyhd8ed1ab_0             conda-forge
2025-02-21T11:55:17.3261084Z   networkx                       3.3                  pyhd8ed1ab_1             conda-forge
2025-02-21T11:55:17.3261677Z   nomkl                          1.0                  h5ca1d4c_0               conda-forge
2025-02-21T11:55:17.3262280Z   notebook                       7.2.1                pyhd8ed1ab_0             conda-forge
2025-02-21T11:55:17.3262926Z   notebook-shim                  0.2.4                pyhd8ed1ab_0             conda-forge
2025-02-21T11:55:17.3263558Z   numba                          0.59.1               py312hacefee8_0          conda-forge
2025-02-21T11:55:17.3264172Z   numexpr                        2.10.0               py312hf412c99_100        conda-forge
2025-02-21T11:55:17.3264773Z   numpy                          1.26.4               py312heda63a1_0          conda-forge
2025-02-21T11:55:17.3265373Z   numpydoc                       1.7.0                pyhd8ed1ab_1             conda-forge
2025-02-21T11:55:17.3265997Z   openjpeg                       2.5.2                h488ebb8_0               conda-forge
2025-02-21T11:55:17.3266601Z   openssl                        3.3.1                h4ab18f5_0               conda-forge
2025-02-21T11:55:17.3267232Z   overrides                      7.7.0                pyhd8ed1ab_0             conda-forge
2025-02-21T11:55:17.3267852Z   packaging                      24.1                 pyhd8ed1ab_0             conda-forge
2025-02-21T11:55:17.3268450Z   pandas                         2.2.2                py312h1d6d2e6_1          conda-forge
2025-02-21T11:55:17.3269059Z   pandoc                         3.2                  ha770c72_0               conda-forge
2025-02-21T11:55:17.3269825Z   pandocfilters                  1.5.0                pyhd8ed1ab_0             conda-forge
2025-02-21T11:55:17.3270451Z   pango                          1.54.0               h84a9a3c_0               conda-forge
2025-02-21T11:55:17.3271030Z   parso                          0.8.4                pyhd8ed1ab_0             conda-forge
2025-02-21T11:55:17.3271626Z   pathspec                       0.12.1               pyhd8ed1ab_0             conda-forge
2025-02-21T11:55:17.3272213Z   pbr                            6.0.0                pyhd8ed1ab_0             conda-forge
2025-02-21T11:55:17.3272768Z   pcre2                          10.44                h0f59acf_0               conda-forge
2025-02-21T11:55:17.3273354Z   pexpect                        4.9.0                pyhd8ed1ab_0             conda-forge
2025-02-21T11:55:17.3273972Z   pickleshare                    0.7.5                py_1003                  conda-forge
2025-02-21T11:55:17.3274905Z   pillow                         10.3.0               py312hdcec9eb_0          conda-forge
2025-02-21T11:55:17.3275636Z   pip                            24.0                 pyhd8ed1ab_0             conda-forge
2025-02-21T11:55:17.3276211Z   pixman                         0.43.2               h59595ed_0               conda-forge
2025-02-21T11:55:17.3276890Z   pkgutil-resolve-name           1.3.10               pyhd8ed1ab_1             conda-forge
2025-02-21T11:55:17.3277600Z   platformdirs                   4.2.2                pyhd8ed1ab_0             conda-forge
2025-02-21T11:55:17.3278238Z   plotly                         5.22.0               pyhd8ed1ab_0             conda-forge
2025-02-21T11:55:17.3278841Z   pluggy                         1.5.0                pyhd8ed1ab_0             conda-forge
2025-02-21T11:55:17.3279630Z   prometheus_client              0.20.0               pyhd8ed1ab_0             conda-forge
2025-02-21T11:55:17.3280376Z   prompt-toolkit                 3.0.47               pyha770c72_0             conda-forge
2025-02-21T11:55:17.3280989Z   psutil                         5.9.8                py312h98912ed_0          conda-forge
2025-02-21T11:55:17.3281611Z   pthread-stubs                  0.4                  h36c2ea0_1001            conda-forge
2025-02-21T11:55:17.3282268Z   ptyprocess                     0.7.0                pyhd3deb0d_0             conda-forge
2025-02-21T11:55:17.3282902Z   pure_eval                      0.2.2                pyhd8ed1ab_0             conda-forge
2025-02-21T11:55:17.3283524Z   py-cpuinfo                     9.0.0                pyhd8ed1ab_0             conda-forge
2025-02-21T11:55:17.3284160Z   pybtex                         0.24.0               pyhd8ed1ab_2             conda-forge
2025-02-21T11:55:17.3284802Z   pybtex-docutils                1.0.3                py312h7900ff3_1          conda-forge
2025-02-21T11:55:17.3285454Z   pycparser                      2.22                 pyhd8ed1ab_0             conda-forge
2025-02-21T11:55:17.3286071Z   pyerfa                         2.0.1.4              py312h085067d_1          conda-forge
2025-02-21T11:55:17.3286697Z   pygments                       2.18.0               pyhd8ed1ab_0             conda-forge
2025-02-21T11:55:17.3287336Z   pygraphviz                     1.13                 py312h4a1d8a7_1          conda-forge
2025-02-21T11:55:17.3287980Z   pyparsing                      3.1.2                pyhd8ed1ab_0             conda-forge
2025-02-21T11:55:17.3288612Z   pysocks                        1.7.1                pyha2e5f31_6             conda-forge
2025-02-21T11:55:17.3289314Z   pytables                       3.9.2                py312h96d95ec_2          conda-forge
2025-02-21T11:55:17.3289880Z   pytest                         8.2.2                pyhd8ed1ab_0             conda-forge
2025-02-21T11:55:17.3290502Z   pytest-cov                     5.0.0                pyhd8ed1ab_0             conda-forge
2025-02-21T11:55:17.3291217Z   pytest-doctestplus             1.2.1                pyhd8ed1ab_0             conda-forge
2025-02-21T11:55:17.3291912Z   pytest-html                    4.1.1                pyhd8ed1ab_0             conda-forge
2025-02-21T11:55:17.3292587Z   pytest-metadata                3.1.1                pyhd8ed1ab_0             conda-forge
2025-02-21T11:55:17.3293237Z   python                         3.12.4               h194c7f8_0_cpython       conda-forge
2025-02-21T11:55:17.3293896Z   python-dateutil                2.9.0                pyhd8ed1ab_0             conda-forge
2025-02-21T11:55:17.3294645Z   python-fastjsonschema          2.20.0               pyhd8ed1ab_0             conda-forge
2025-02-21T11:55:17.3295416Z   python-json-logger             2.0.7                pyhd8ed1ab_0             conda-forge
2025-02-21T11:55:17.3296131Z   python-tzdata                  2024.1               pyhd8ed1ab_0             conda-forge
2025-02-21T11:55:17.3296781Z   python_abi                     3.12                 4_cp312                  conda-forge
2025-02-21T11:55:17.3297552Z   pytz                           2024.1               pyhd8ed1ab_0             conda-forge
2025-02-21T11:55:17.3298290Z   pyyaml                         6.0.1                py312h98912ed_1          conda-forge
2025-02-21T11:55:17.3298877Z   pyzmq                          26.0.3               py312h8fd38d8_0          conda-forge
2025-02-21T11:55:17.3299588Z   qgrid                          1.3.1                pyhd8ed1ab_4             conda-forge
2025-02-21T11:55:17.3300269Z   radioactivedecay               0.5.1                pyhd8ed1ab_0             conda-forge
2025-02-21T11:55:17.3300930Z   readline                       8.2                  h8228510_1               conda-forge
2025-02-21T11:55:17.3301572Z   recommonmark                   0.7.1                pyhd8ed1ab_0             conda-forge
2025-02-21T11:55:17.3302242Z   referencing                    0.35.1               pyhd8ed1ab_0             conda-forge
2025-02-21T11:55:17.3302889Z   requests                       2.32.3               pyhd8ed1ab_0             conda-forge
2025-02-21T11:55:17.3303569Z   rfc3339-validator              0.1.4                pyhd8ed1ab_0             conda-forge
2025-02-21T11:55:17.3304290Z   rfc3986-validator              0.1.1                pyh9f0ad1d_0             conda-forge
2025-02-21T11:55:17.3304946Z   rpds-py                        0.18.1               py312h4413252_0          conda-forge
2025-02-21T11:55:17.3305531Z   ruff                           0.4.9                py312h5715c7c_0          conda-forge
2025-02-21T11:55:17.3306105Z   scipy                          1.13.1               py312hc2bc53b_0          conda-forge
2025-02-21T11:55:17.3306730Z   send2trash                     1.8.3                pyh0d859eb_0             conda-forge
2025-02-21T11:55:17.3307378Z   setuptools                     70.0.0               pyhd8ed1ab_0             conda-forge
2025-02-21T11:55:17.3308039Z   setuptools-scm                 8.1.0                pyhd8ed1ab_0             conda-forge
2025-02-21T11:55:17.3308691Z   setuptools_scm                 8.1.0                hd8ed1ab_0               conda-forge
2025-02-21T11:55:17.3309400Z   six                            1.16.0               pyh6c4a22f_0             conda-forge
2025-02-21T11:55:17.3309960Z   snakeviz                       2.2.0                pyhd8ed1ab_0             conda-forge
2025-02-21T11:55:17.3310528Z   snappy                         1.2.0                hdb0a2a9_1               conda-forge
2025-02-21T11:55:17.3311106Z   sniffio                        1.3.1                pyhd8ed1ab_0             conda-forge
2025-02-21T11:55:17.3311739Z   snowballstemmer                2.2.0                pyhd8ed1ab_0             conda-forge
2025-02-21T11:55:17.3312377Z   soupsieve                      2.5                  pyhd8ed1ab_1             conda-forge
2025-02-21T11:55:17.3312960Z   sphinx                         7.3.7                pyhd8ed1ab_0             conda-forge
2025-02-21T11:55:17.3313582Z   sphinx-astropy                 1.9.1                pyhd8ed1ab_0             conda-forge
2025-02-21T11:55:17.3314264Z   sphinx-automodapi              0.17.0               pyh717bed2_1             conda-forge
2025-02-21T11:55:17.3314945Z   sphinx-gallery                 0.16.0               pyhd8ed1ab_0             conda-forge
2025-02-21T11:55:17.3315625Z   sphinx-jsonschema              1.19.1               pyhd8ed1ab_0             conda-forge
2025-02-21T11:55:17.3316343Z   sphinx_bootstrap_theme         0.8.1                pyhd8ed1ab_0             conda-forge
2025-02-21T11:55:17.3317031Z   sphinx_rtd_theme               2.0.0                pyha770c72_0             conda-forge
2025-02-21T11:55:17.3317720Z   sphinxcontrib-apidoc           0.3.0                py_1                     conda-forge
2025-02-21T11:55:17.3318486Z   sphinxcontrib-applehelp        1.0.8                pyhd8ed1ab_0             conda-forge
2025-02-21T11:55:17.3319377Z   sphinxcontrib-bibtex           2.6.2                pyhd8ed1ab_0             conda-forge
2025-02-21T11:55:17.3320309Z   sphinxcontrib-devhelp          1.0.6                pyhd8ed1ab_0             conda-forge
2025-02-21T11:55:17.3321361Z   sphinxcontrib-htmlhelp         2.0.5                pyhd8ed1ab_0             conda-forge
2025-02-21T11:55:17.3322090Z   sphinxcontrib-jquery           4.1                  pyhd8ed1ab_0             conda-forge
2025-02-21T11:55:17.3322821Z   sphinxcontrib-jsmath           1.0.1                pyhd8ed1ab_0             conda-forge
2025-02-21T11:55:17.3323533Z   sphinxcontrib-qthelp           1.0.7                pyhd8ed1ab_0             conda-forge
2025-02-21T11:55:17.3324324Z   sphinxcontrib-serializinghtml  1.1.10               pyhd8ed1ab_0             conda-forge
2025-02-21T11:55:17.3325050Z   stack_data                     0.6.2                pyhd8ed1ab_0             conda-forge
2025-02-21T11:55:17.3325626Z   sympy                          1.12.1               pypyh2585a3b_103         conda-forge
2025-02-21T11:55:17.3326246Z   tabulate                       0.9.0                pyhd8ed1ab_1             conda-forge
2025-02-21T11:55:17.3326872Z   tenacity                       8.4.1                pyhd8ed1ab_0             conda-forge
2025-02-21T11:55:17.3327507Z   terminado                      0.18.1               pyh0d859eb_0             conda-forge
2025-02-21T11:55:17.3328134Z   tinycss2                       1.3.0                pyhd8ed1ab_0             conda-forge
2025-02-21T11:55:17.3328713Z   tk                             8.6.13               noxft_h4845f30_101       conda-forge
2025-02-21T11:55:17.3329431Z   toml                           0.10.2               pyhd8ed1ab_0             conda-forge
2025-02-21T11:55:17.3330013Z   tomli                          2.0.1                pyhd8ed1ab_0             conda-forge
2025-02-21T11:55:17.3330604Z   tornado                        6.4.1                py312h9a8786e_0          conda-forge
2025-02-21T11:55:17.3331202Z   tqdm                           4.66.4               pyhd8ed1ab_0             conda-forge
2025-02-21T11:55:17.3331826Z   traitlets                      5.14.3               pyhd8ed1ab_0             conda-forge
2025-02-21T11:55:17.3332464Z   typed-ast                      1.5.5                py312h98912ed_1          conda-forge
2025-02-21T11:55:17.3333195Z   types-python-dateutil          2.9.0.20240316       pyhd8ed1ab_0             conda-forge
2025-02-21T11:55:17.3333976Z   typing-extensions              4.12.2               hd8ed1ab_0               conda-forge
2025-02-21T11:55:17.3334696Z   typing_extensions              4.12.2               pyha770c72_0             conda-forge
2025-02-21T11:55:17.3335376Z   typing_utils                   0.1.0                pyhd8ed1ab_0             conda-forge
2025-02-21T11:55:17.3336012Z   tzdata                         2024a                h0c530f3_0               conda-forge
2025-02-21T11:55:17.3336650Z   uri-template                   1.3.0                pyhd8ed1ab_0             conda-forge
2025-02-21T11:55:17.3337312Z   urllib3                        2.2.2                pyhd8ed1ab_0             conda-forge
2025-02-21T11:55:17.3337964Z   wcwidth                        0.2.13               pyhd8ed1ab_0             conda-forge
2025-02-21T11:55:17.3338602Z   webcolors                      24.6.0               pyhd8ed1ab_0             conda-forge
2025-02-21T11:55:17.3339393Z   webencodings                   0.5.1                pyhd8ed1ab_2             conda-forge
2025-02-21T11:55:17.3340083Z   websocket-client               1.8.0                pyhd8ed1ab_0             conda-forge
2025-02-21T11:55:17.3340737Z   wheel                          0.43.0               pyhd8ed1ab_1             conda-forge
2025-02-21T11:55:17.3341415Z   widgetsnbextension             3.6.6                pyhd8ed1ab_0             conda-forge
2025-02-21T11:55:17.3342123Z   xorg-kbproto                   1.0.7                h7f98852_1002            conda-forge
2025-02-21T11:55:17.3342744Z   xorg-libice                    1.1.1                hd590300_0               conda-forge
2025-02-21T11:55:17.3343480Z   xorg-libsm                     1.2.4                h7391055_0               conda-forge
2025-02-21T11:55:17.3344214Z   xorg-libx11                    1.8.9                h8ee46fc_0               conda-forge
2025-02-21T11:55:17.3344858Z   xorg-libxau                    1.0.11               hd590300_0               conda-forge
2025-02-21T11:55:17.3345350Z   xorg-libxdmcp                  1.1.3                h7f98852_0               conda-forge
2025-02-21T11:55:17.3345866Z   xorg-libxext                   1.3.4                h0b41bf4_2               conda-forge
2025-02-21T11:55:17.3346321Z   xorg-libxrender                0.9.11               hd590300_0               conda-forge
2025-02-21T11:55:17.3346718Z   xorg-renderproto               0.11.1               h7f98852_1002            conda-forge
2025-02-21T11:55:17.3347112Z   xorg-xextproto                 7.3.0                h0b41bf4_1003            conda-forge
2025-02-21T11:55:17.3347481Z   xorg-xproto                    7.0.31               h7f98852_1007            conda-forge
2025-02-21T11:55:17.3347825Z   xz                             5.2.6                h166bdaf_0               conda-forge
2025-02-21T11:55:17.3348146Z   yaml                           0.2.5                h7f98852_2               conda-forge
2025-02-21T11:55:17.3348470Z   zeromq                         4.3.5                h75354e8_4               conda-forge
2025-02-21T11:55:17.3348802Z   zipp                           3.19.2               pyhd8ed1ab_0             conda-forge
2025-02-21T11:55:17.3349324Z   zlib                           1.3.1                h4ab18f5_1               conda-forge
2025-02-21T11:55:17.3349665Z   zlib-ng                        2.0.7                h0b41bf4_0               conda-forge
2025-02-21T11:55:17.3349994Z   zstd                           1.5.6                ha6fb4c9_0               conda-forge
2025-02-21T11:55:17.3350533Z ##[endgroup]
2025-02-21T11:55:17.3383978Z ##[group]Run pip install -e . --user
2025-02-21T11:55:17.3384312Z [36;1mpip install -e . --user[0m
2025-02-21T11:55:17.3440716Z shell: /usr/bin/bash -l {0}
2025-02-21T11:55:17.3440974Z env:
2025-02-21T11:55:17.3441151Z   CACHE_NUMBER: 0
2025-02-21T11:55:17.3441781Z   PYTEST_FLAGS: --tardis-regression-data=/home/runner/work/tardis/tardis/tardis-regression-data --cov=tardis --cov-report=xml --cov-report=html --cov-append
2025-02-21T11:55:17.3442442Z   CODECOV_TOKEN: 
2025-02-21T11:55:17.3442665Z   MAMBA_ROOT_PREFIX: /home/runner/micromamba
2025-02-21T11:55:17.3442971Z   MAMBA_EXE: /home/runner/micromamba-bin/micromamba
2025-02-21T11:55:17.3443321Z   CONDARC: /home/runner/work/_temp/setup-micromamba/.condarc
2025-02-21T11:55:17.3443630Z ##[endgroup]
2025-02-21T11:55:18.4374484Z Obtaining file:///home/runner/work/tardis/tardis
2025-02-21T11:55:18.4405917Z   Installing build dependencies: started
2025-02-21T11:55:21.5883317Z   Installing build dependencies: finished with status 'done'
2025-02-21T11:55:21.5887791Z   Checking if build backend supports build_editable: started
2025-02-21T11:55:21.7109362Z   Checking if build backend supports build_editable: finished with status 'done'
2025-02-21T11:55:21.7116895Z   Getting requirements to build editable: started
2025-02-21T11:55:22.1896536Z   Getting requirements to build editable: finished with status 'done'
2025-02-21T11:55:22.1905804Z   Preparing editable metadata (pyproject.toml): started
2025-02-21T11:55:22.6428188Z   Preparing editable metadata (pyproject.toml): finished with status 'done'
2025-02-21T11:55:22.7057269Z Requirement already satisfied: astropy in /home/runner/micromamba/envs/tardis/lib/python3.12/site-packages (from tardis==0.0.0) (6.1.1)
2025-02-21T11:55:22.7435356Z Requirement already satisfied: numpy>=1.23 in /home/runner/micromamba/envs/tardis/lib/python3.12/site-packages (from astropy->tardis==0.0.0) (1.26.4)
2025-02-21T11:55:22.7444233Z Requirement already satisfied: pyerfa>=2.0.1.1 in /home/runner/micromamba/envs/tardis/lib/python3.12/site-packages (from astropy->tardis==0.0.0) (2.0.1.4)
2025-02-21T11:55:22.7454571Z Requirement already satisfied: astropy-iers-data>=0.2024.5.27.0.30.8 in /home/runner/micromamba/envs/tardis/lib/python3.12/site-packages (from astropy->tardis==0.0.0) (0.2024.6.17.0.31.35)
2025-02-21T11:55:22.7462813Z Requirement already satisfied: PyYAML>=3.13 in /home/runner/micromamba/envs/tardis/lib/python3.12/site-packages (from astropy->tardis==0.0.0) (6.0.1)
2025-02-21T11:55:22.7472307Z Requirement already satisfied: packaging>=19.0 in /home/runner/micromamba/envs/tardis/lib/python3.12/site-packages (from astropy->tardis==0.0.0) (24.1)
2025-02-21T11:55:22.7560024Z Building wheels for collected packages: tardis
2025-02-21T11:55:22.7578169Z   Building editable for tardis (pyproject.toml): started
2025-02-21T11:55:23.5011131Z   Building editable for tardis (pyproject.toml): finished with status 'done'
2025-02-21T11:55:23.5018535Z   Created wheel for tardis: filename=tardis-0.0.0-0.editable-py3-none-any.whl size=8879 sha256=231b581f3df42553db30c9220b1ece1669a31f470e02d4f53a9d2b4defa35ac8
2025-02-21T11:55:23.5020614Z   Stored in directory: /tmp/pip-ephem-wheel-cache-vptb854o/wheels/6a/c7/ae/89fa6dc2565455898176888ef0e2e475e4e90eb0124afcb995
2025-02-21T11:55:23.5047006Z Successfully built tardis
2025-02-21T11:55:24.2767046Z Installing collected packages: tardis
2025-02-21T11:55:24.2855463Z Successfully installed tardis-0.0.0
2025-02-21T11:55:24.4794196Z ##[group]Run pip install qgridnext
2025-02-21T11:55:24.4794524Z [36;1mpip install qgridnext[0m
2025-02-21T11:55:24.4848157Z shell: /usr/bin/bash -l {0}
2025-02-21T11:55:24.4848412Z env:
2025-02-21T11:55:24.4848594Z   CACHE_NUMBER: 0
2025-02-21T11:55:24.4849390Z   PYTEST_FLAGS: --tardis-regression-data=/home/runner/work/tardis/tardis/tardis-regression-data --cov=tardis --cov-report=xml --cov-report=html --cov-append
2025-02-21T11:55:24.4850066Z   CODECOV_TOKEN: 
2025-02-21T11:55:24.4850289Z   MAMBA_ROOT_PREFIX: /home/runner/micromamba
2025-02-21T11:55:24.4850593Z   MAMBA_EXE: /home/runner/micromamba-bin/micromamba
2025-02-21T11:55:24.4850947Z   CONDARC: /home/runner/work/_temp/setup-micromamba/.condarc
2025-02-21T11:55:24.4851273Z ##[endgroup]
2025-02-21T11:55:25.1073439Z Collecting qgridnext
2025-02-21T11:55:25.1705397Z   Downloading qgridnext-2.0.4-py3-none-any.whl.metadata (9.9 kB)
2025-02-21T11:55:25.1793943Z Requirement already satisfied: pandas>=0.20.0 in /home/runner/micromamba/envs/tardis/lib/python3.12/site-packages (from qgridnext) (2.2.2)
2025-02-21T11:55:25.1802285Z Requirement already satisfied: ipywidgets>=7.0.0 in /home/runner/micromamba/envs/tardis/lib/python3.12/site-packages (from qgridnext) (7.8.0)
2025-02-21T11:55:25.1811133Z Requirement already satisfied: numpy in /home/runner/micromamba/envs/tardis/lib/python3.12/site-packages (from qgridnext) (1.26.4)
2025-02-21T11:55:25.1820673Z Requirement already satisfied: traitlets in /home/runner/micromamba/envs/tardis/lib/python3.12/site-packages (from qgridnext) (5.14.3)
2025-02-21T11:55:25.1904080Z Requirement already satisfied: comm>=0.1.3 in /home/runner/micromamba/envs/tardis/lib/python3.12/site-packages (from ipywidgets>=7.0.0->qgridnext) (0.2.2)
2025-02-21T11:55:25.1912252Z Requirement already satisfied: ipython-genutils~=0.2.0 in /home/runner/micromamba/envs/tardis/lib/python3.12/site-packages (from ipywidgets>=7.0.0->qgridnext) (0.2.0)
2025-02-21T11:55:25.1924643Z Requirement already satisfied: widgetsnbextension~=3.6.5 in /home/runner/micromamba/envs/tardis/lib/python3.12/site-packages (from ipywidgets>=7.0.0->qgridnext) (3.6.6)
2025-02-21T11:55:25.1941935Z Requirement already satisfied: ipython>=4.0.0 in /home/runner/micromamba/envs/tardis/lib/python3.12/site-packages (from ipywidgets>=7.0.0->qgridnext) (8.25.0)
2025-02-21T11:55:25.1956087Z Requirement already satisfied: jupyterlab-widgets<3,>=1.0.0 in /home/runner/micromamba/envs/tardis/lib/python3.12/site-packages (from ipywidgets>=7.0.0->qgridnext) (1.1.7)
2025-02-21T11:55:25.2392986Z Requirement already satisfied: python-dateutil>=2.8.2 in /home/runner/micromamba/envs/tardis/lib/python3.12/site-packages (from pandas>=0.20.0->qgridnext) (2.9.0)
2025-02-21T11:55:25.2406290Z Requirement already satisfied: pytz>=2020.1 in /home/runner/micromamba/envs/tardis/lib/python3.12/site-packages (from pandas>=0.20.0->qgridnext) (2024.1)
2025-02-21T11:55:25.2414180Z Requirement already satisfied: tzdata>=2022.7 in /home/runner/micromamba/envs/tardis/lib/python3.12/site-packages (from pandas>=0.20.0->qgridnext) (2024.1)
2025-02-21T11:55:25.2726019Z Requirement already satisfied: decorator in /home/runner/micromamba/envs/tardis/lib/python3.12/site-packages (from ipython>=4.0.0->ipywidgets>=7.0.0->qgridnext) (5.1.1)
2025-02-21T11:55:25.2740014Z Requirement already satisfied: jedi>=0.16 in /home/runner/micromamba/envs/tardis/lib/python3.12/site-packages (from ipython>=4.0.0->ipywidgets>=7.0.0->qgridnext) (0.19.1)
2025-02-21T11:55:25.2747839Z Requirement already satisfied: matplotlib-inline in /home/runner/micromamba/envs/tardis/lib/python3.12/site-packages (from ipython>=4.0.0->ipywidgets>=7.0.0->qgridnext) (0.1.7)
2025-02-21T11:55:25.2758637Z Requirement already satisfied: prompt-toolkit<3.1.0,>=3.0.41 in /home/runner/micromamba/envs/tardis/lib/python3.12/site-packages (from ipython>=4.0.0->ipywidgets>=7.0.0->qgridnext) (3.0.47)
2025-02-21T11:55:25.2767402Z Requirement already satisfied: pygments>=2.4.0 in /home/runner/micromamba/envs/tardis/lib/python3.12/site-packages (from ipython>=4.0.0->ipywidgets>=7.0.0->qgridnext) (2.18.0)
2025-02-21T11:55:25.2776843Z Requirement already satisfied: stack-data in /home/runner/micromamba/envs/tardis/lib/python3.12/site-packages (from ipython>=4.0.0->ipywidgets>=7.0.0->qgridnext) (0.6.2)
2025-02-21T11:55:25.2795660Z Requirement already satisfied: pexpect>4.3 in /home/runner/micromamba/envs/tardis/lib/python3.12/site-packages (from ipython>=4.0.0->ipywidgets>=7.0.0->qgridnext) (4.9.0)
2025-02-21T11:55:25.2842558Z Requirement already satisfied: six>=1.5 in /home/runner/micromamba/envs/tardis/lib/python3.12/site-packages (from python-dateutil>=2.8.2->pandas>=0.20.0->qgridnext) (1.16.0)
2025-02-21T11:55:25.2898604Z Requirement already satisfied: notebook>=4.4.1 in /home/runner/micromamba/envs/tardis/lib/python3.12/site-packages (from widgetsnbextension~=3.6.5->ipywidgets>=7.0.0->qgridnext) (7.2.1)
2025-02-21T11:55:25.3085030Z Requirement already satisfied: parso<0.9.0,>=0.8.3 in /home/runner/micromamba/envs/tardis/lib/python3.12/site-packages (from jedi>=0.16->ipython>=4.0.0->ipywidgets>=7.0.0->qgridnext) (0.8.4)
2025-02-21T11:55:25.3227240Z Requirement already satisfied: jupyter-server<3,>=2.4.0 in /home/runner/micromamba/envs/tardis/lib/python3.12/site-packages (from notebook>=4.4.1->widgetsnbextension~=3.6.5->ipywidgets>=7.0.0->qgridnext) (2.14.1)
2025-02-21T11:55:25.3239988Z Requirement already satisfied: jupyterlab-server<3,>=2.27.1 in /home/runner/micromamba/envs/tardis/lib/python3.12/site-packages (from notebook>=4.4.1->widgetsnbextension~=3.6.5->ipywidgets>=7.0.0->qgridnext) (2.27.2)
2025-02-21T11:55:25.3254758Z Requirement already satisfied: jupyterlab<4.3,>=4.2.0 in /home/runner/micromamba/envs/tardis/lib/python3.12/site-packages (from notebook>=4.4.1->widgetsnbextension~=3.6.5->ipywidgets>=7.0.0->qgridnext) (4.2.2)
2025-02-21T11:55:25.3264816Z Requirement already satisfied: notebook-shim<0.3,>=0.2 in /home/runner/micromamba/envs/tardis/lib/python3.12/site-packages (from notebook>=4.4.1->widgetsnbextension~=3.6.5->ipywidgets>=7.0.0->qgridnext) (0.2.4)
2025-02-21T11:55:25.3272893Z Requirement already satisfied: tornado>=6.2.0 in /home/runner/micromamba/envs/tardis/lib/python3.12/site-packages (from notebook>=4.4.1->widgetsnbextension~=3.6.5->ipywidgets>=7.0.0->qgridnext) (6.4.1)
2025-02-21T11:55:25.3302061Z Requirement already satisfied: ptyprocess>=0.5 in /home/runner/micromamba/envs/tardis/lib/python3.12/site-packages (from pexpect>4.3->ipython>=4.0.0->ipywidgets>=7.0.0->qgridnext) (0.7.0)
2025-02-21T11:55:25.3330612Z Requirement already satisfied: wcwidth in /home/runner/micromamba/envs/tardis/lib/python3.12/site-packages (from prompt-toolkit<3.1.0,>=3.0.41->ipython>=4.0.0->ipywidgets>=7.0.0->qgridnext) (0.2.13)
2025-02-21T11:55:25.3466011Z Requirement already satisfied: executing>=1.2.0 in /home/runner/micromamba/envs/tardis/lib/python3.12/site-packages (from stack-data->ipython>=4.0.0->ipywidgets>=7.0.0->qgridnext) (2.0.1)
2025-02-21T11:55:25.3475073Z Requirement already satisfied: asttokens>=2.1.0 in /home/runner/micromamba/envs/tardis/lib/python3.12/site-packages (from stack-data->ipython>=4.0.0->ipywidgets>=7.0.0->qgridnext) (2.4.1)
2025-02-21T11:55:25.3482549Z Requirement already satisfied: pure-eval in /home/runner/micromamba/envs/tardis/lib/python3.12/site-packages (from stack-data->ipython>=4.0.0->ipywidgets>=7.0.0->qgridnext) (0.2.2)
2025-02-21T11:55:25.3815547Z Requirement already satisfied: anyio>=3.1.0 in /home/runner/micromamba/envs/tardis/lib/python3.12/site-packages (from jupyter-server<3,>=2.4.0->notebook>=4.4.1->widgetsnbextension~=3.6.5->ipywidgets>=7.0.0->qgridnext) (4.4.0)
2025-02-21T11:55:25.3825260Z Requirement already satisfied: argon2-cffi>=21.1 in /home/runner/micromamba/envs/tardis/lib/python3.12/site-packages (from jupyter-server<3,>=2.4.0->notebook>=4.4.1->widgetsnbextension~=3.6.5->ipywidgets>=7.0.0->qgridnext) (23.1.0)
2025-02-21T11:55:25.3833903Z Requirement already satisfied: jinja2>=3.0.3 in /home/runner/micromamba/envs/tardis/lib/python3.12/site-packages (from jupyter-server<3,>=2.4.0->notebook>=4.4.1->widgetsnbextension~=3.6.5->ipywidgets>=7.0.0->qgridnext) (3.1.4)
2025-02-21T11:55:25.3845399Z Requirement already satisfied: jupyter-client>=7.4.4 in /home/runner/micromamba/envs/tardis/lib/python3.12/site-packages (from jupyter-server<3,>=2.4.0->notebook>=4.4.1->widgetsnbextension~=3.6.5->ipywidgets>=7.0.0->qgridnext) (8.6.2)
2025-02-21T11:55:25.3856965Z Requirement already satisfied: jupyter-core!=5.0.*,>=4.12 in /home/runner/micromamba/envs/tardis/lib/python3.12/site-packages (from jupyter-server<3,>=2.4.0->notebook>=4.4.1->widgetsnbextension~=3.6.5->ipywidgets>=7.0.0->qgridnext) (5.7.2)
2025-02-21T11:55:25.3867352Z Requirement already satisfied: jupyter-events>=0.9.0 in /home/runner/micromamba/envs/tardis/lib/python3.12/site-packages (from jupyter-server<3,>=2.4.0->notebook>=4.4.1->widgetsnbextension~=3.6.5->ipywidgets>=7.0.0->qgridnext) (0.10.0)
2025-02-21T11:55:25.3878007Z Requirement already satisfied: jupyter-server-terminals>=0.4.4 in /home/runner/micromamba/envs/tardis/lib/python3.12/site-packages (from jupyter-server<3,>=2.4.0->notebook>=4.4.1->widgetsnbextension~=3.6.5->ipywidgets>=7.0.0->qgridnext) (0.5.3)
2025-02-21T11:55:25.3891371Z Requirement already satisfied: nbconvert>=6.4.4 in /home/runner/micromamba/envs/tardis/lib/python3.12/site-packages (from jupyter-server<3,>=2.4.0->notebook>=4.4.1->widgetsnbextension~=3.6.5->ipywidgets>=7.0.0->qgridnext) (7.16.4)
2025-02-21T11:55:25.3901249Z Requirement already satisfied: nbformat>=5.3.0 in /home/runner/micromamba/envs/tardis/lib/python3.12/site-packages (from jupyter-server<3,>=2.4.0->notebook>=4.4.1->widgetsnbextension~=3.6.5->ipywidgets>=7.0.0->qgridnext) (5.10.4)
2025-02-21T11:55:25.3909936Z Requirement already satisfied: overrides>=5.0 in /home/runner/micromamba/envs/tardis/lib/python3.12/site-packages (from jupyter-server<3,>=2.4.0->notebook>=4.4.1->widgetsnbextension~=3.6.5->ipywidgets>=7.0.0->qgridnext) (7.7.0)
2025-02-21T11:55:25.3919411Z Requirement already satisfied: packaging>=22.0 in /home/runner/micromamba/envs/tardis/lib/python3.12/site-packages (from jupyter-server<3,>=2.4.0->notebook>=4.4.1->widgetsnbextension~=3.6.5->ipywidgets>=7.0.0->qgridnext) (24.1)
2025-02-21T11:55:25.3927575Z Requirement already satisfied: prometheus-client>=0.9 in /home/runner/micromamba/envs/tardis/lib/python3.12/site-packages (from jupyter-server<3,>=2.4.0->notebook>=4.4.1->widgetsnbextension~=3.6.5->ipywidgets>=7.0.0->qgridnext) (0.20.0)
2025-02-21T11:55:25.3937932Z Requirement already satisfied: pyzmq>=24 in /home/runner/micromamba/envs/tardis/lib/python3.12/site-packages (from jupyter-server<3,>=2.4.0->notebook>=4.4.1->widgetsnbextension~=3.6.5->ipywidgets>=7.0.0->qgridnext) (26.0.3)
2025-02-21T11:55:25.3946699Z Requirement already satisfied: send2trash>=1.8.2 in /home/runner/micromamba/envs/tardis/lib/python3.12/site-packages (from jupyter-server<3,>=2.4.0->notebook>=4.4.1->widgetsnbextension~=3.6.5->ipywidgets>=7.0.0->qgridnext) (1.8.3)
2025-02-21T11:55:25.3957932Z Requirement already satisfied: terminado>=0.8.3 in /home/runner/micromamba/envs/tardis/lib/python3.12/site-packages (from jupyter-server<3,>=2.4.0->notebook>=4.4.1->widgetsnbextension~=3.6.5->ipywidgets>=7.0.0->qgridnext) (0.18.1)
2025-02-21T11:55:25.3974510Z Requirement already satisfied: websocket-client>=1.7 in /home/runner/micromamba/envs/tardis/lib/python3.12/site-packages (from jupyter-server<3,>=2.4.0->notebook>=4.4.1->widgetsnbextension~=3.6.5->ipywidgets>=7.0.0->qgridnext) (1.8.0)
2025-02-21T11:55:25.4250259Z Requirement already satisfied: async-lru>=1.0.0 in /home/runner/micromamba/envs/tardis/lib/python3.12/site-packages (from jupyterlab<4.3,>=4.2.0->notebook>=4.4.1->widgetsnbextension~=3.6.5->ipywidgets>=7.0.0->qgridnext) (2.0.4)
2025-02-21T11:55:25.4261814Z Requirement already satisfied: httpx>=0.25.0 in /home/runner/micromamba/envs/tardis/lib/python3.12/site-packages (from jupyterlab<4.3,>=4.2.0->notebook>=4.4.1->widgetsnbextension~=3.6.5->ipywidgets>=7.0.0->qgridnext) (0.27.0)
2025-02-21T11:55:25.4273338Z Requirement already satisfied: ipykernel>=6.5.0 in /home/runner/micromamba/envs/tardis/lib/python3.12/site-packages (from jupyterlab<4.3,>=4.2.0->notebook>=4.4.1->widgetsnbextension~=3.6.5->ipywidgets>=7.0.0->qgridnext) (6.29.4)
2025-02-21T11:55:25.4286977Z Requirement already satisfied: jupyter-lsp>=2.0.0 in /home/runner/micromamba/envs/tardis/lib/python3.12/site-packages (from jupyterlab<4.3,>=4.2.0->notebook>=4.4.1->widgetsnbextension~=3.6.5->ipywidgets>=7.0.0->qgridnext) (2.2.5)
2025-02-21T11:55:25.4312201Z Requirement already satisfied: setuptools>=40.1.0 in /home/runner/micromamba/envs/tardis/lib/python3.12/site-packages (from jupyterlab<4.3,>=4.2.0->notebook>=4.4.1->widgetsnbextension~=3.6.5->ipywidgets>=7.0.0->qgridnext) (70.0.0)
2025-02-21T11:55:25.4498729Z Requirement already satisfied: babel>=2.10 in /home/runner/micromamba/envs/tardis/lib/python3.12/site-packages (from jupyterlab-server<3,>=2.27.1->notebook>=4.4.1->widgetsnbextension~=3.6.5->ipywidgets>=7.0.0->qgridnext) (2.14.0)
2025-02-21T11:55:25.4524734Z Requirement already satisfied: json5>=0.9.0 in /home/runner/micromamba/envs/tardis/lib/python3.12/site-packages (from jupyterlab-server<3,>=2.27.1->notebook>=4.4.1->widgetsnbextension~=3.6.5->ipywidgets>=7.0.0->qgridnext) (0.9.25)
2025-02-21T11:55:25.4535233Z Requirement already satisfied: jsonschema>=4.18.0 in /home/runner/micromamba/envs/tardis/lib/python3.12/site-packages (from jupyterlab-server<3,>=2.27.1->notebook>=4.4.1->widgetsnbextension~=3.6.5->ipywidgets>=7.0.0->qgridnext) (4.22.0)
2025-02-21T11:55:25.4552946Z Requirement already satisfied: requests>=2.31 in /home/runner/micromamba/envs/tardis/lib/python3.12/site-packages (from jupyterlab-server<3,>=2.27.1->notebook>=4.4.1->widgetsnbextension~=3.6.5->ipywidgets>=7.0.0->qgridnext) (2.32.3)
2025-02-21T11:55:25.4904582Z Requirement already satisfied: idna>=2.8 in /home/runner/micromamba/envs/tardis/lib/python3.12/site-packages (from anyio>=3.1.0->jupyter-server<3,>=2.4.0->notebook>=4.4.1->widgetsnbextension~=3.6.5->ipywidgets>=7.0.0->qgridnext) (3.7)
2025-02-21T11:55:25.4914238Z Requirement already satisfied: sniffio>=1.1 in /home/runner/micromamba/envs/tardis/lib/python3.12/site-packages (from anyio>=3.1.0->jupyter-server<3,>=2.4.0->notebook>=4.4.1->widgetsnbextension~=3.6.5->ipywidgets>=7.0.0->qgridnext) (1.3.1)
2025-02-21T11:55:25.5003850Z Requirement already satisfied: argon2-cffi-bindings in /home/runner/micromamba/envs/tardis/lib/python3.12/site-packages (from argon2-cffi>=21.1->jupyter-server<3,>=2.4.0->notebook>=4.4.1->widgetsnbextension~=3.6.5->ipywidgets>=7.0.0->qgridnext) (21.2.0)
2025-02-21T11:55:25.5172069Z Requirement already satisfied: certifi in /home/runner/micromamba/envs/tardis/lib/python3.12/site-packages (from httpx>=0.25.0->jupyterlab<4.3,>=4.2.0->notebook>=4.4.1->widgetsnbextension~=3.6.5->ipywidgets>=7.0.0->qgridnext) (2024.6.2)
2025-02-21T11:55:25.5187615Z Requirement already satisfied: httpcore==1.* in /home/runner/micromamba/envs/tardis/lib/python3.12/site-packages (from httpx>=0.25.0->jupyterlab<4.3,>=4.2.0->notebook>=4.4.1->widgetsnbextension~=3.6.5->ipywidgets>=7.0.0->qgridnext) (1.0.5)
2025-02-21T11:55:25.5264913Z Requirement already satisfied: h11<0.15,>=0.13 in /home/runner/micromamba/envs/tardis/lib/python3.12/site-packages (from httpcore==1.*->httpx>=0.25.0->jupyterlab<4.3,>=4.2.0->notebook>=4.4.1->widgetsnbextension~=3.6.5->ipywidgets>=7.0.0->qgridnext) (0.14.0)
2025-02-21T11:55:25.5446263Z Requirement already satisfied: debugpy>=1.6.5 in /home/runner/micromamba/envs/tardis/lib/python3.12/site-packages (from ipykernel>=6.5.0->jupyterlab<4.3,>=4.2.0->notebook>=4.4.1->widgetsnbextension~=3.6.5->ipywidgets>=7.0.0->qgridnext) (1.8.1)
2025-02-21T11:55:25.5467609Z Requirement already satisfied: nest-asyncio in /home/runner/micromamba/envs/tardis/lib/python3.12/site-packages (from ipykernel>=6.5.0->jupyterlab<4.3,>=4.2.0->notebook>=4.4.1->widgetsnbextension~=3.6.5->ipywidgets>=7.0.0->qgridnext) (1.6.0)
2025-02-21T11:55:25.5483030Z Requirement already satisfied: psutil in /home/runner/micromamba/envs/tardis/lib/python3.12/site-packages (from ipykernel>=6.5.0->jupyterlab<4.3,>=4.2.0->notebook>=4.4.1->widgetsnbextension~=3.6.5->ipywidgets>=7.0.0->qgridnext) (5.9.8)
2025-02-21T11:55:25.5545775Z Requirement already satisfied: MarkupSafe>=2.0 in /home/runner/micromamba/envs/tardis/lib/python3.12/site-packages (from jinja2>=3.0.3->jupyter-server<3,>=2.4.0->notebook>=4.4.1->widgetsnbextension~=3.6.5->ipywidgets>=7.0.0->qgridnext) (2.1.5)
2025-02-21T11:55:25.5738615Z Requirement already satisfied: attrs>=22.2.0 in /home/runner/micromamba/envs/tardis/lib/python3.12/site-packages (from jsonschema>=4.18.0->jupyterlab-server<3,>=2.27.1->notebook>=4.4.1->widgetsnbextension~=3.6.5->ipywidgets>=7.0.0->qgridnext) (23.2.0)
2025-02-21T11:55:25.5749750Z Requirement already satisfied: jsonschema-specifications>=2023.03.6 in /home/runner/micromamba/envs/tardis/lib/python3.12/site-packages (from jsonschema>=4.18.0->jupyterlab-server<3,>=2.27.1->notebook>=4.4.1->widgetsnbextension~=3.6.5->ipywidgets>=7.0.0->qgridnext) (2023.12.1)
2025-02-21T11:55:25.5759321Z Requirement already satisfied: referencing>=0.28.4 in /home/runner/micromamba/envs/tardis/lib/python3.12/site-packages (from jsonschema>=4.18.0->jupyterlab-server<3,>=2.27.1->notebook>=4.4.1->widgetsnbextension~=3.6.5->ipywidgets>=7.0.0->qgridnext) (0.35.1)
2025-02-21T11:55:25.5768957Z Requirement already satisfied: rpds-py>=0.7.1 in /home/runner/micromamba/envs/tardis/lib/python3.12/site-packages (from jsonschema>=4.18.0->jupyterlab-server<3,>=2.27.1->notebook>=4.4.1->widgetsnbextension~=3.6.5->ipywidgets>=7.0.0->qgridnext) (0.18.1)
2025-02-21T11:55:25.6027900Z Requirement already satisfied: platformdirs>=2.5 in /home/runner/micromamba/envs/tardis/lib/python3.12/site-packages (from jupyter-core!=5.0.*,>=4.12->jupyter-server<3,>=2.4.0->notebook>=4.4.1->widgetsnbextension~=3.6.5->ipywidgets>=7.0.0->qgridnext) (4.2.2)
2025-02-21T11:55:25.6175176Z Requirement already satisfied: python-json-logger>=2.0.4 in /home/runner/micromamba/envs/tardis/lib/python3.12/site-packages (from jupyter-events>=0.9.0->jupyter-server<3,>=2.4.0->notebook>=4.4.1->widgetsnbextension~=3.6.5->ipywidgets>=7.0.0->qgridnext) (2.0.7)
2025-02-21T11:55:25.6183598Z Requirement already satisfied: pyyaml>=5.3 in /home/runner/micromamba/envs/tardis/lib/python3.12/site-packages (from jupyter-events>=0.9.0->jupyter-server<3,>=2.4.0->notebook>=4.4.1->widgetsnbextension~=3.6.5->ipywidgets>=7.0.0->qgridnext) (6.0.1)
2025-02-21T11:55:25.6193592Z Requirement already satisfied: rfc3339-validator in /home/runner/micromamba/envs/tardis/lib/python3.12/site-packages (from jupyter-events>=0.9.0->jupyter-server<3,>=2.4.0->notebook>=4.4.1->widgetsnbextension~=3.6.5->ipywidgets>=7.0.0->qgridnext) (0.1.4)
2025-02-21T11:55:25.6201783Z Requirement already satisfied: rfc3986-validator>=0.1.1 in /home/runner/micromamba/envs/tardis/lib/python3.12/site-packages (from jupyter-events>=0.9.0->jupyter-server<3,>=2.4.0->notebook>=4.4.1->widgetsnbextension~=3.6.5->ipywidgets>=7.0.0->qgridnext) (0.1.1)
2025-02-21T11:55:25.6617132Z Requirement already satisfied: beautifulsoup4 in /home/runner/micromamba/envs/tardis/lib/python3.12/site-packages (from nbconvert>=6.4.4->jupyter-server<3,>=2.4.0->notebook>=4.4.1->widgetsnbextension~=3.6.5->ipywidgets>=7.0.0->qgridnext) (4.12.3)
2025-02-21T11:55:25.6635572Z Requirement already satisfied: bleach!=5.0.0 in /home/runner/micromamba/envs/tardis/lib/python3.12/site-packages (from nbconvert>=6.4.4->jupyter-server<3,>=2.4.0->notebook>=4.4.1->widgetsnbextension~=3.6.5->ipywidgets>=7.0.0->qgridnext) (6.1.0)
2025-02-21T11:55:25.6649067Z Requirement already satisfied: defusedxml in /home/runner/micromamba/envs/tardis/lib/python3.12/site-packages (from nbconvert>=6.4.4->jupyter-server<3,>=2.4.0->notebook>=4.4.1->widgetsnbextension~=3.6.5->ipywidgets>=7.0.0->qgridnext) (0.7.1)
2025-02-21T11:55:25.6662750Z Requirement already satisfied: jupyterlab-pygments in /home/runner/micromamba/envs/tardis/lib/python3.12/site-packages (from nbconvert>=6.4.4->jupyter-server<3,>=2.4.0->notebook>=4.4.1->widgetsnbextension~=3.6.5->ipywidgets>=7.0.0->qgridnext) (0.3.0)
2025-02-21T11:55:25.6673911Z Requirement already satisfied: mistune<4,>=2.0.3 in /home/runner/micromamba/envs/tardis/lib/python3.12/site-packages (from nbconvert>=6.4.4->jupyter-server<3,>=2.4.0->notebook>=4.4.1->widgetsnbextension~=3.6.5->ipywidgets>=7.0.0->qgridnext) (3.0.2)
2025-02-21T11:55:25.6685898Z Requirement already satisfied: nbclient>=0.5.0 in /home/runner/micromamba/envs/tardis/lib/python3.12/site-packages (from nbconvert>=6.4.4->jupyter-server<3,>=2.4.0->notebook>=4.4.1->widgetsnbextension~=3.6.5->ipywidgets>=7.0.0->qgridnext) (0.10.0)
2025-02-21T11:55:25.6701978Z Requirement already satisfied: pandocfilters>=1.4.1 in /home/runner/micromamba/envs/tardis/lib/python3.12/site-packages (from nbconvert>=6.4.4->jupyter-server<3,>=2.4.0->notebook>=4.4.1->widgetsnbextension~=3.6.5->ipywidgets>=7.0.0->qgridnext) (1.5.0)
2025-02-21T11:55:25.6711283Z Requirement already satisfied: tinycss2 in /home/runner/micromamba/envs/tardis/lib/python3.12/site-packages (from nbconvert>=6.4.4->jupyter-server<3,>=2.4.0->notebook>=4.4.1->widgetsnbextension~=3.6.5->ipywidgets>=7.0.0->qgridnext) (1.3.0)
2025-02-21T11:55:25.6823578Z Requirement already satisfied: fastjsonschema>=2.15 in /home/runner/micromamba/envs/tardis/lib/python3.12/site-packages (from nbformat>=5.3.0->jupyter-server<3,>=2.4.0->notebook>=4.4.1->widgetsnbextension~=3.6.5->ipywidgets>=7.0.0->qgridnext) (2.20.0)
2025-02-21T11:55:25.7128852Z Requirement already satisfied: charset-normalizer<4,>=2 in /home/runner/micromamba/envs/tardis/lib/python3.12/site-packages (from requests>=2.31->jupyterlab-server<3,>=2.27.1->notebook>=4.4.1->widgetsnbextension~=3.6.5->ipywidgets>=7.0.0->qgridnext) (3.3.2)
2025-02-21T11:55:25.7141980Z Requirement already satisfied: urllib3<3,>=1.21.1 in /home/runner/micromamba/envs/tardis/lib/python3.12/site-packages (from requests>=2.31->jupyterlab-server<3,>=2.27.1->notebook>=4.4.1->widgetsnbextension~=3.6.5->ipywidgets>=7.0.0->qgridnext) (2.2.2)
2025-02-21T11:55:25.7903846Z Requirement already satisfied: webencodings in /home/runner/micromamba/envs/tardis/lib/python3.12/site-packages (from bleach!=5.0.0->nbconvert>=6.4.4->jupyter-server<3,>=2.4.0->notebook>=4.4.1->widgetsnbextension~=3.6.5->ipywidgets>=7.0.0->qgridnext) (0.5.1)
2025-02-21T11:55:25.8457736Z Requirement already satisfied: fqdn in /home/runner/micromamba/envs/tardis/lib/python3.12/site-packages (from jsonschema[format-nongpl]>=4.18.0->jupyter-events>=0.9.0->jupyter-server<3,>=2.4.0->notebook>=4.4.1->widgetsnbextension~=3.6.5->ipywidgets>=7.0.0->qgridnext) (1.5.1)
2025-02-21T11:55:25.8474506Z Requirement already satisfied: isoduration in /home/runner/micromamba/envs/tardis/lib/python3.12/site-packages (from jsonschema[format-nongpl]>=4.18.0->jupyter-events>=0.9.0->jupyter-server<3,>=2.4.0->notebook>=4.4.1->widgetsnbextension~=3.6.5->ipywidgets>=7.0.0->qgridnext) (20.11.0)
2025-02-21T11:55:25.8487513Z Requirement already satisfied: jsonpointer>1.13 in /home/runner/micromamba/envs/tardis/lib/python3.12/site-packages (from jsonschema[format-nongpl]>=4.18.0->jupyter-events>=0.9.0->jupyter-server<3,>=2.4.0->notebook>=4.4.1->widgetsnbextension~=3.6.5->ipywidgets>=7.0.0->qgridnext) (3.0.0)
2025-02-21T11:55:25.8503913Z Requirement already satisfied: uri-template in /home/runner/micromamba/envs/tardis/lib/python3.12/site-packages (from jsonschema[format-nongpl]>=4.18.0->jupyter-events>=0.9.0->jupyter-server<3,>=2.4.0->notebook>=4.4.1->widgetsnbextension~=3.6.5->ipywidgets>=7.0.0->qgridnext) (1.3.0)
2025-02-21T11:55:25.8517507Z Requirement already satisfied: webcolors>=1.11 in /home/runner/micromamba/envs/tardis/lib/python3.12/site-packages (from jsonschema[format-nongpl]>=4.18.0->jupyter-events>=0.9.0->jupyter-server<3,>=2.4.0->notebook>=4.4.1->widgetsnbextension~=3.6.5->ipywidgets>=7.0.0->qgridnext) (24.6.0)
2025-02-21T11:55:25.9516663Z Requirement already satisfied: cffi>=1.0.1 in /home/runner/micromamba/envs/tardis/lib/python3.12/site-packages (from argon2-cffi-bindings->argon2-cffi>=21.1->jupyter-server<3,>=2.4.0->notebook>=4.4.1->widgetsnbextension~=3.6.5->ipywidgets>=7.0.0->qgridnext) (1.16.0)
2025-02-21T11:55:25.9611985Z Requirement already satisfied: soupsieve>1.2 in /home/runner/micromamba/envs/tardis/lib/python3.12/site-packages (from beautifulsoup4->nbconvert>=6.4.4->jupyter-server<3,>=2.4.0->notebook>=4.4.1->widgetsnbextension~=3.6.5->ipywidgets>=7.0.0->qgridnext) (2.5)
2025-02-21T11:55:26.0114534Z Requirement already satisfied: pycparser in /home/runner/micromamba/envs/tardis/lib/python3.12/site-packages (from cffi>=1.0.1->argon2-cffi-bindings->argon2-cffi>=21.1->jupyter-server<3,>=2.4.0->notebook>=4.4.1->widgetsnbextension~=3.6.5->ipywidgets>=7.0.0->qgridnext) (2.22)
2025-02-21T11:55:26.0603140Z Requirement already satisfied: arrow>=0.15.0 in /home/runner/micromamba/envs/tardis/lib/python3.12/site-packages (from isoduration->jsonschema[format-nongpl]>=4.18.0->jupyter-events>=0.9.0->jupyter-server<3,>=2.4.0->notebook>=4.4.1->widgetsnbextension~=3.6.5->ipywidgets>=7.0.0->qgridnext) (1.3.0)
2025-02-21T11:55:26.0893080Z Requirement already satisfied: types-python-dateutil>=2.8.10 in /home/runner/micromamba/envs/tardis/lib/python3.12/site-packages (from arrow>=0.15.0->isoduration->jsonschema[format-nongpl]>=4.18.0->jupyter-events>=0.9.0->jupyter-server<3,>=2.4.0->notebook>=4.4.1->widgetsnbextension~=3.6.5->ipywidgets>=7.0.0->qgridnext) (2.9.0.20240316)
2025-02-21T11:55:26.1287244Z Downloading qgridnext-2.0.4-py3-none-any.whl (1.3 MB)
2025-02-21T11:55:26.2220181Z    â”â”â”â”â”â”â”â”â”â”â”â”â”â”â”â”â”â”â”â”â”â”â”â”â”â”â”â”â”â”â”â”â”â”â”â”â”â”â”â” 1.3/1.3 MB 13.9 MB/s eta 0:00:00
2025-02-21T11:55:27.0011984Z Installing collected packages: qgridnext
2025-02-21T11:55:27.0743450Z Successfully installed qgridnext-2.0.4
2025-02-21T11:55:27.2511041Z ##[group]Run pytest tardis --tardis-regression-data=/home/runner/work/tardis/tardis/tardis-regression-data --cov=tardis --cov-report=xml --cov-report=html --cov-append -m "not continuum"
2025-02-21T11:55:27.2512360Z [36;1mpytest tardis --tardis-regression-data=/home/runner/work/tardis/tardis/tardis-regression-data --cov=tardis --cov-report=xml --cov-report=html --cov-append -m "not continuum"[0m
2025-02-21T11:55:27.2567213Z shell: /usr/bin/bash -l {0}
2025-02-21T11:55:27.2567463Z env:
2025-02-21T11:55:27.2567637Z   CACHE_NUMBER: 0
2025-02-21T11:55:27.2568267Z   PYTEST_FLAGS: --tardis-regression-data=/home/runner/work/tardis/tardis/tardis-regression-data --cov=tardis --cov-report=xml --cov-report=html --cov-append
2025-02-21T11:55:27.2568921Z   CODECOV_TOKEN: 
2025-02-21T11:55:27.2569309Z   MAMBA_ROOT_PREFIX: /home/runner/micromamba
2025-02-21T11:55:27.2569617Z   MAMBA_EXE: /home/runner/micromamba-bin/micromamba
2025-02-21T11:55:27.2570007Z   CONDARC: /home/runner/work/_temp/setup-micromamba/.condarc
2025-02-21T11:55:27.2570315Z ##[endgroup]
2025-02-21T11:55:35.8412437Z ============================= test session starts ==============================
2025-02-21T11:55:35.8413154Z platform linux -- Python 3.12.4, pytest-8.2.2, pluggy-1.5.0
2025-02-21T11:55:35.8414258Z rootdir: /home/runner/work/tardis/tardis
2025-02-21T11:55:35.8414813Z configfile: pyproject.toml
2025-02-21T11:55:35.8415397Z plugins: metadata-3.1.1, anyio-4.4.0, doctestplus-1.2.1, cov-5.0.0, html-4.1.1
2025-02-21T11:55:35.8416064Z collected 1796 items / 2 deselected / 1794 selected
2025-02-21T11:55:35.8416423Z 
2025-02-21T11:55:40.7681817Z tardis/energy_input/tests/test_energy_source.py ..xxx                    [  0%]
2025-02-21T11:55:43.9548441Z tardis/energy_input/tests/test_gamma_ray_channel.py ...........          [  0%]
2025-02-21T11:55:45.7075455Z tardis/energy_input/tests/test_gamma_ray_grid.py xx.                     [  1%]
2025-02-21T11:55:47.5900839Z tardis/energy_input/tests/test_gamma_ray_interactions.py xx....          [  1%]
2025-02-21T11:55:47.5995372Z tardis/energy_input/tests/test_gamma_ray_packet_source.py sssssssss      [  1%]
2025-02-21T11:55:48.9045301Z tardis/energy_input/tests/test_util.py .....xxxx.....                    [  2%]
2025-02-21T11:55:49.2524640Z tardis/grid/tests/test_grid.py .                                         [  2%]
2025-02-21T11:55:49.2540520Z tardis/gui/tests/test_gui.py s                                           [  2%]
2025-02-21T11:55:52.7358127Z tardis/io/configuration/tests/test_config_reader.py ...........          [  3%]
2025-02-21T11:55:52.7488026Z tardis/io/configuration/tests/test_configuration_namespace.py .........  [  3%]
2025-02-21T11:55:52.7761685Z tardis/io/logger/tests/test_logging.py ssssssssssssssssssssssssssss      [  5%]
2025-02-21T11:56:30.7204898Z tardis/io/model/readers/tests/test_arepo_parser.py ..                    [  5%]
2025-02-21T11:56:30.7351725Z tardis/io/model/readers/tests/test_ascii_readers.py ...                  [  5%]
2025-02-21T11:56:30.7462430Z tardis/io/model/readers/tests/test_cmfgen_reader.py ..                   [  5%]
2025-02-21T11:56:30.7765245Z tardis/io/model/readers/tests/test_csvy_reader.py ....                   [  6%]
2025-02-21T11:56:30.7971727Z tardis/io/model/readers/tests/test_stella_reader.py ..                   [  6%]
2025-02-21T11:56:31.1021575Z tardis/io/tests/test_HDFWriter.py ...............                        [  7%]
2025-02-21T11:56:31.4146784Z tardis/io/tests/test_atomic.py .....                                     [  7%]
2025-02-21T11:56:31.4340805Z tardis/io/tests/test_decay.py ..                                         [  7%]
2025-02-21T11:56:31.6327793Z tardis/io/tests/test_model_reader.py ......                              [  7%]
2025-02-21T11:56:31.6396350Z tardis/model/geometry/tests/test_radial1d.py ..                          [  7%]
2025-02-21T11:57:30.3682430Z tardis/model/tests/test_base.py ........................................ [ 10%]
2025-02-21T11:57:31.3747020Z ............                                                             [ 10%]
2025-02-21T11:57:34.5303048Z tardis/model/tests/test_csvy_model.py .........                          [ 11%]
2025-02-21T11:57:34.5778860Z tardis/model/tests/test_density.py ..                                    [ 11%]
2025-02-21T11:57:35.8847075Z tardis/opacities/tests/test_opacity_solver.py .....                      [ 11%]
2025-02-21T11:57:37.2210663Z tardis/opacities/tests/test_opacity_state_numba.py .....                 [ 11%]
2025-02-21T11:57:38.8239499Z tardis/opacities/tests/test_tau_sobolev.py ..                            [ 12%]
2025-02-21T11:57:41.9385016Z tardis/plasma/equilibrium/tests/test_collisional_transitions.py ...      [ 12%]
2025-02-21T11:58:28.5607672Z tardis/plasma/equilibrium/tests/test_level_populations.py ....           [ 12%]
2025-02-21T11:58:40.1764972Z tardis/plasma/equilibrium/tests/test_rate_matrix.py .                    [ 12%]
2025-02-21T11:58:41.6027692Z tardis/plasma/tests/test_complete_plasmas.py ..............s......s..... [ 13%]
2025-02-21T11:58:44.4891875Z s....ssssss............s......s.....ss.....s....ssssss............s..... [ 18%]
2025-02-21T11:58:46.4353233Z .s.....ss.....s....ssssss............s......s.....ss.....s....ssssss.... [ 22%]
2025-02-21T11:58:49.3549714Z ........s......s.....ss.....s....ssssss............s......s.....ss.....s [ 26%]
2025-02-21T11:58:52.2618371Z ....ssssss............s......s.....ss.....s....ssssss............s...... [ 30%]
2025-02-21T11:58:52.9792810Z s.....ss.....s....ssssss............s......s.....ss.....s.ss.ssssss..... [ 34%]
2025-02-21T11:58:55.8822446Z .......s......s.....ss.....s....ssssss............s......s.....ss.....s. [ 38%]
2025-02-21T11:58:59.0588718Z ...ssssss............s......s.....ss.....s....ssssss............s......s [ 42%]
2025-02-21T11:59:02.1742816Z .....ss.....s....ssssss............s......s.....s...........ssssss...... [ 46%]
2025-02-21T11:59:04.0090074Z ......s......s.....s...........ssssss............s......s.....s......... [ 50%]
2025-02-21T11:59:06.9611447Z ..ssssss............s......s.....ss.....s....ssssss............s......s. [ 54%]
2025-02-21T11:59:10.4587890Z ....ss.....s....ssssss...................s......s.....s....ssss......... [ 58%]
2025-02-21T11:59:10.7423741Z ............s......s.....s....ssss.......                                [ 60%]
2025-02-21T11:59:10.8589901Z tardis/plasma/tests/test_hdf_plasma.py ................................. [ 62%]
2025-02-21T11:59:10.8707929Z ......                                                                   [ 62%]
2025-02-21T11:59:11.0022045Z tardis/plasma/tests/test_nlte_excitation.py ...                          [ 62%]
2025-02-21T12:01:31.6881479Z tardis/plasma/tests/test_nlte_solver.py .....X                           [ 63%]
2025-02-21T12:01:31.6908617Z tardis/plasma/tests/test_plasma_continuum.py .                           [ 63%]
2025-02-21T12:01:55.4159951Z tardis/plasma/tests/test_plasma_vboundary.py .............               [ 63%]
2025-02-21T12:02:10.0933132Z tardis/plasma/tests/test_tardis_model_density_config.py ...              [ 64%]
2025-02-21T12:02:10.8536344Z tardis/simulation/tests/test_convergence.py .....                        [ 64%]
2025-02-21T12:02:19.6824582Z tardis/simulation/tests/test_simulation.py .............                 [ 65%]
2025-02-21T12:02:19.7022985Z tardis/spectrum/tests/test_cuda_formal_integral.py sssssssssssssssssssss [ 66%]
2025-02-21T12:02:20.1806017Z ssss...ssssssssssssssssssssss                                            [ 67%]
2025-02-21T12:02:20.1878724Z tardis/spectrum/tests/test_luminosity.py ....                            [ 68%]
2025-02-21T12:02:21.8442998Z tardis/spectrum/tests/test_numba_formal_integral.py .................... [ 69%]
2025-02-21T12:02:21.8637812Z ..........                                                               [ 69%]
2025-02-21T12:02:22.0382839Z tardis/spectrum/tests/test_spectrum.py ................................. [ 71%]
2025-02-21T12:02:22.0722651Z .........                                                                [ 72%]
2025-02-21T12:02:22.1571350Z tardis/spectrum/tests/test_spectrum_solver.py .FFF                       [ 72%]
2025-02-21T12:02:54.3529705Z tardis/tests/test_tardis_full.py .FFF                                    [ 72%]
2025-02-21T12:04:19.8237147Z tardis/tests/test_tardis_full_formal_integral.py ................        [ 73%]
2025-02-21T12:04:19.9001559Z tardis/tests/test_util.py .............................................  [ 75%]
2025-02-21T12:04:22.6938897Z tardis/transport/montecarlo/tests/test_base.py x.....................    [ 77%]
2025-02-21T12:04:30.0684233Z tardis/transport/montecarlo/tests/test_interaction.py .......            [ 77%]
2025-02-21T12:04:30.2996898Z tardis/transport/montecarlo/tests/test_macro_atom.py ....                [ 77%]
2025-02-21T12:04:30.3170710Z tardis/transport/montecarlo/tests/test_montecarlo.py sssssssssssssssssss [ 78%]
2025-02-21T12:04:30.3620576Z sssssssssssssssssssssssssssssssssssssssssssss                            [ 81%]
2025-02-21T12:04:39.7628326Z tardis/transport/montecarlo/tests/test_montecarlo_main_loop.py x..       [ 81%]
2025-02-21T12:04:39.7695562Z tardis/transport/montecarlo/tests/test_nonhomologous.py ...              [ 81%]
2025-02-21T12:04:45.5984668Z tardis/transport/montecarlo/tests/test_numba_interface.py .....x.        [ 82%]
2025-02-21T12:04:46.1034101Z tardis/transport/montecarlo/tests/test_opacities.py ...............      [ 82%]
2025-02-21T12:04:47.1534048Z tardis/transport/montecarlo/tests/test_packet.py .................xXXXXX [ 84%]
2025-02-21T12:04:47.2927221Z XX.........                                                              [ 84%]
2025-02-21T12:04:47.3205504Z tardis/transport/montecarlo/tests/test_packet_source.py ........         [ 85%]
2025-02-21T12:04:47.6398078Z tardis/transport/montecarlo/tests/test_rpacket_last_interaction_tracker.py . [ 85%]
2025-02-21T12:04:48.0842572Z .....                                                                    [ 85%]
2025-02-21T12:05:23.5842557Z tardis/transport/montecarlo/tests/test_rpacket_tracker.py ......         [ 85%]
2025-02-21T12:05:23.6134516Z tardis/transport/montecarlo/tests/test_single_packet_loop.py xxx         [ 86%]
2025-02-21T12:05:23.6167336Z tardis/transport/montecarlo/tests/test_tracker_utils.py ..               [ 86%]
2025-02-21T12:05:26.0875596Z tardis/transport/montecarlo/tests/test_vpacket.py ..x.                   [ 86%]
2025-02-21T12:05:26.1049519Z tardis/transport/montecarlo/tests/test_weighted_packet_source.py ....    [ 86%]
2025-02-21T12:05:29.5396117Z tardis/transport/montecarlo/tests/test_weighted_packet_source_integration.py . [ 86%]
2025-02-21T12:05:29.5398327Z                                                                          [ 86%]
2025-02-21T12:05:30.3018801Z tardis/transport/tests/test_doppler_factor.py ..................         [ 87%]
2025-02-21T12:05:32.1436446Z tardis/visualization/tools/tests/test_convergence_plot.py .............. [ 88%]
2025-02-21T12:05:34.4483222Z ......                                                                   [ 88%]
2025-02-21T12:05:39.2203217Z tardis/visualization/tools/tests/test_liv_plot.py ...................... [ 90%]
2025-02-21T12:05:41.9487620Z .............................                                            [ 91%]
2025-02-21T12:05:44.8116695Z tardis/visualization/tools/tests/test_rpacket_plot.py .................. [ 92%]
2025-02-21T12:05:51.8743919Z ....                                                                     [ 92%]
2025-02-21T12:05:57.9394113Z tardis/visualization/tools/tests/test_sdec_plot.py ..................... [ 94%]
2025-02-21T12:06:06.1156065Z ..............................                                           [ 95%]
2025-02-21T12:06:06.5571828Z tardis/visualization/widgets/tests/test_custom_abundance.py ........ss.. [ 96%]
2025-02-21T12:06:06.6315633Z ....                                                                     [ 96%]
2025-02-21T12:06:07.7077509Z tardis/visualization/widgets/tests/test_line_info.py ................... [ 97%]
2025-02-21T12:06:08.3512055Z ..................                                                       [ 98%]
2025-02-21T12:07:11.8516766Z tardis/visualization/widgets/tests/test_shell_info.py .................. [ 99%]
2025-02-21T12:07:18.3957437Z ......                                                                   [100%]
2025-02-21T12:07:18.3957916Z 
2025-02-21T12:07:18.3958044Z =================================== FAILURES ===================================
2025-02-21T12:07:18.3958495Z ________________ TestSpectrumSolver.test_spectrum_real_packets _________________
2025-02-21T12:07:18.3958812Z 
2025-02-21T12:07:18.3959305Z self = <tardis.spectrum.tests.test_spectrum_solver.TestSpectrumSolver object at 0x7fc18c568d70>
2025-02-21T12:07:18.3960025Z simulation_regression_data = <tardis.simulation.base.Simulation object at 0x7fc18b278500>
2025-02-21T12:07:18.3960415Z 
2025-02-21T12:07:18.3960596Z     def test_spectrum_real_packets(self, simulation_regression_data):
2025-02-21T12:07:18.3961101Z         transport_state = simulation_regression_data.transport.transport_state
2025-02-21T12:07:18.3961687Z         spectrum_frequency_grid = simulation_regression_data.transport.spectrum_frequency_grid
2025-02-21T12:07:18.3962126Z     
2025-02-21T12:07:18.3962438Z         solver = SpectrumSolver(transport_state, spectrum_frequency_grid, None)
2025-02-21T12:07:18.3963128Z         result = solver.spectrum_real_packets.luminosity
2025-02-21T12:07:18.3963542Z         key = "simulation/spectrum_solver/spectrum_real_packets/luminosity"
2025-02-21T12:07:18.3963936Z         expected = self.get_expected_data(key)
2025-02-21T12:07:18.3964209Z     
2025-02-21T12:07:18.3964423Z         luminosity = u.Quantity(expected, "erg /s")
2025-02-21T12:07:18.3964704Z     
2025-02-21T12:07:18.3964893Z >       assert_quantity_allclose(
2025-02-21T12:07:18.3965140Z             result,
2025-02-21T12:07:18.3965343Z             luminosity,
2025-02-21T12:07:18.3965530Z         )
2025-02-21T12:07:18.3965627Z 
2025-02-21T12:07:18.3965752Z tardis/spectrum/tests/test_spectrum_solver.py:61: 
2025-02-21T12:07:18.3966069Z _ _ _ _ _ _ _ _ _ _ _ _ _ _ _ _ _ _ _ _ _ _ _ _ _ _ _ _ _ _ _ _ _ _ _ _ _ _ _ _ 
2025-02-21T12:07:18.3966614Z ../../../micromamba/envs/tardis/lib/python3.12/site-packages/astropy/tests/helper.py:203: in assert_quantity_allclose
2025-02-21T12:07:18.3967125Z     np.testing.assert_allclose(
2025-02-21T12:07:18.3967390Z _ _ _ _ _ _ _ _ _ _ _ _ _ _ _ _ _ _ _ _ _ _ _ _ _ _ _ _ _ _ _ _ _ _ _ _ _ _ _ _ 
2025-02-21T12:07:18.3967582Z 
2025-02-21T12:07:18.3968053Z args = (<function assert_allclose.<locals>.compare at 0x7fc15ac08680>, array([0.00000000e+00, 0.00000000e+00, 2.76120259e+39,...), array([1.33511090e+39, 1.33738696e+39, 9.41598476e+38, ...,
2025-02-21T12:07:18.3968698Z        0.00000000e+00, 0.00000000e+00, 0.00000000e+00]))
2025-02-21T12:07:18.3969227Z kwds = {'equal_nan': True, 'err_msg': '', 'header': 'Not equal to tolerance rtol=1e-07, atol=0', 'verbose': True}
2025-02-21T12:07:18.3969556Z 
2025-02-21T12:07:18.3969628Z     @wraps(func)
2025-02-21T12:07:18.3969820Z     def inner(*args, **kwds):
2025-02-21T12:07:18.3970047Z         with self._recreate_cm():
2025-02-21T12:07:18.3970282Z >           return func(*args, **kwds)
2025-02-21T12:07:18.3970526Z E           AssertionError: 
2025-02-21T12:07:18.3970769Z E           Not equal to tolerance rtol=1e-07, atol=0
2025-02-21T12:07:18.3971027Z E           
2025-02-21T12:07:18.3971219Z E           Mismatched elements: 4355 / 10000 (43.5%)
2025-02-21T12:07:18.3971493Z E           Max absolute difference: 1.94155993e+40
2025-02-21T12:07:18.3971767Z E           Max relative difference: 137.15340685
2025-02-21T12:07:18.3972085Z E            x: array([0.000000e+00, 0.000000e+00, 2.761203e+39, ..., 0.000000e+00,
2025-02-21T12:07:18.3972403Z E                  0.000000e+00, 0.000000e+00])
2025-02-21T12:07:18.3972706Z E            y: array([1.335111e+39, 1.337387e+39, 9.415985e+38, ..., 0.000000e+00,
2025-02-21T12:07:18.3973014Z E                  0.000000e+00, 0.000000e+00])
2025-02-21T12:07:18.3973174Z 
2025-02-21T12:07:18.3973543Z ../../../micromamba/envs/tardis/lib/python3.12/contextlib.py:81: AssertionError
2025-02-21T12:07:18.3974053Z ___________ TestSpectrumSolver.test_spectrum_real_packets_reabsorbed ___________
2025-02-21T12:07:18.3974340Z 
2025-02-21T12:07:18.3974600Z self = <tardis.spectrum.tests.test_spectrum_solver.TestSpectrumSolver object at 0x7fc18c5690d0>
2025-02-21T12:07:18.3975193Z simulation_regression_data = <tardis.simulation.base.Simulation object at 0x7fc18b278500>
2025-02-21T12:07:18.3975525Z 
2025-02-21T12:07:18.3975712Z     def test_spectrum_real_packets_reabsorbed(self, simulation_regression_data):
2025-02-21T12:07:18.3976171Z         transport_state = simulation_regression_data.transport.transport_state
2025-02-21T12:07:18.3976675Z         spectrum_frequency_grid = simulation_regression_data.transport.spectrum_frequency_grid
2025-02-21T12:07:18.3977055Z     
2025-02-21T12:07:18.3977322Z         solver = SpectrumSolver(transport_state, spectrum_frequency_grid, None)
2025-02-21T12:07:18.3977746Z         result = solver.spectrum_real_packets_reabsorbed.luminosity
2025-02-21T12:07:18.3978177Z         key = "simulation/spectrum_solver/spectrum_real_packets_reabsorbed/luminosity"
2025-02-21T12:07:18.3978559Z         expected = self.get_expected_data(key)
2025-02-21T12:07:18.3978799Z     
2025-02-21T12:07:18.3979249Z         luminosity = u.Quantity(expected, "erg /s")
2025-02-21T12:07:18.3979502Z     
2025-02-21T12:07:18.3979668Z >       assert_quantity_allclose(
2025-02-21T12:07:18.3979894Z             result,
2025-02-21T12:07:18.3980073Z             luminosity,
2025-02-21T12:07:18.3980259Z         )
2025-02-21T12:07:18.3980354Z 
2025-02-21T12:07:18.3980472Z tardis/spectrum/tests/test_spectrum_solver.py:77: 
2025-02-21T12:07:18.3980783Z _ _ _ _ _ _ _ _ _ _ _ _ _ _ _ _ _ _ _ _ _ _ _ _ _ _ _ _ _ _ _ _ _ _ _ _ _ _ _ _ 
2025-02-21T12:07:18.3981313Z ../../../micromamba/envs/tardis/lib/python3.12/site-packages/astropy/tests/helper.py:203: in assert_quantity_allclose
2025-02-21T12:07:18.3981816Z     np.testing.assert_allclose(
2025-02-21T12:07:18.3982091Z _ _ _ _ _ _ _ _ _ _ _ _ _ _ _ _ _ _ _ _ _ _ _ _ _ _ _ _ _ _ _ _ _ _ _ _ _ _ _ _ 
2025-02-21T12:07:18.3982281Z 
2025-02-21T12:07:18.3982658Z args = (<function assert_allclose.<locals>.compare at 0x7fc15ac0ad40>, array([0., 0., 0., ..., 0., 0., 0.]), array([2.03920412e+38, 3.72882494e+38, 2.29646943e+38, ...,
2025-02-21T12:07:18.3983220Z        0.00000000e+00, 0.00000000e+00, 0.00000000e+00]))
2025-02-21T12:07:18.3983672Z kwds = {'equal_nan': True, 'err_msg': '', 'header': 'Not equal to tolerance rtol=1e-07, atol=0', 'verbose': True}
2025-02-21T12:07:18.3983998Z 
2025-02-21T12:07:18.3984076Z     @wraps(func)
2025-02-21T12:07:18.3984271Z     def inner(*args, **kwds):
2025-02-21T12:07:18.3984496Z         with self._recreate_cm():
2025-02-21T12:07:18.3984728Z >           return func(*args, **kwds)
2025-02-21T12:07:18.3984978Z E           AssertionError: 
2025-02-21T12:07:18.3985221Z E           Not equal to tolerance rtol=1e-07, atol=0
2025-02-21T12:07:18.3985476Z E           
2025-02-21T12:07:18.3985830Z E           Mismatched elements: 4491 / 10000 (44.9%)
2025-02-21T12:07:18.3986306Z E           Max absolute difference: 1.0639846e+40
2025-02-21T12:07:18.3986783Z E           Max relative difference: 122.79315318
2025-02-21T12:07:18.3987240Z E            x: array([0., 0., 0., ..., 0., 0., 0.])
2025-02-21T12:07:18.3987760Z E            y: array([2.039204e+38, 3.728825e+38, 2.296469e+38, ..., 0.000000e+00,
2025-02-21T12:07:18.3988086Z E                  0.000000e+00, 0.000000e+00])
2025-02-21T12:07:18.3988249Z 
2025-02-21T12:07:18.3988450Z ../../../micromamba/envs/tardis/lib/python3.12/contextlib.py:81: AssertionError
2025-02-21T12:07:18.3988898Z ________________________ TestSpectrumSolver.test_solve _________________________
2025-02-21T12:07:18.3989257Z 
2025-02-21T12:07:18.3989519Z self = <tardis.spectrum.tests.test_spectrum_solver.TestSpectrumSolver object at 0x7fc18c569940>
2025-02-21T12:07:18.3990220Z simulation_regression_data = <tardis.simulation.base.Simulation object at 0x7fc18b278500>
2025-02-21T12:07:18.3990703Z 
2025-02-21T12:07:18.3990968Z     def test_solve(self, simulation_regression_data):
2025-02-21T12:07:18.3991354Z         transport_state = simulation_regression_data.transport.transport_state
2025-02-21T12:07:18.3991852Z         spectrum_frequency_grid = simulation_regression_data.transport.spectrum_frequency_grid
2025-02-21T12:07:18.3992239Z     
2025-02-21T12:07:18.3992507Z         solver = SpectrumSolver(transport_state, spectrum_frequency_grid, None)
2025-02-21T12:07:18.3992926Z         result_real, result_virtual, result_integrated = solver.solve(
2025-02-21T12:07:18.3993247Z             transport_state
2025-02-21T12:07:18.3993449Z         )
2025-02-21T12:07:18.3993719Z         key_real = "simulation/spectrum_solver/spectrum_real_packets/luminosity"
2025-02-21T12:07:18.3994096Z         expected_real = self.get_expected_data(key_real)
2025-02-21T12:07:18.3994358Z     
2025-02-21T12:07:18.3994571Z         luminosity_real = u.Quantity(expected_real, "erg /s")
2025-02-21T12:07:18.3994855Z     
2025-02-21T12:07:18.3995027Z >       assert_quantity_allclose(
2025-02-21T12:07:18.3995263Z             result_real.luminosity,
2025-02-21T12:07:18.3995496Z             luminosity_real,
2025-02-21T12:07:18.3995698Z         )
2025-02-21T12:07:18.3995793Z 
2025-02-21T12:07:18.3996037Z tardis/spectrum/tests/test_spectrum_solver.py:95: 
2025-02-21T12:07:18.3996345Z _ _ _ _ _ _ _ _ _ _ _ _ _ _ _ _ _ _ _ _ _ _ _ _ _ _ _ _ _ _ _ _ _ _ _ _ _ _ _ _ 
2025-02-21T12:07:18.3996874Z ../../../micromamba/envs/tardis/lib/python3.12/site-packages/astropy/tests/helper.py:203: in assert_quantity_allclose
2025-02-21T12:07:18.3997374Z     np.testing.assert_allclose(
2025-02-21T12:07:18.3997751Z _ _ _ _ _ _ _ _ _ _ _ _ _ _ _ _ _ _ _ _ _ _ _ _ _ _ _ _ _ _ _ _ _ _ _ _ _ _ _ _ 
2025-02-21T12:07:18.3998010Z 
2025-02-21T12:07:18.3998490Z args = (<function assert_allclose.<locals>.compare at 0x7fc15ac0a2a0>, array([0.00000000e+00, 0.00000000e+00, 2.76120259e+39,...), array([1.33511090e+39, 1.33738696e+39, 9.41598476e+38, ...,
2025-02-21T12:07:18.3999323Z        0.00000000e+00, 0.00000000e+00, 0.00000000e+00]))
2025-02-21T12:07:18.3999755Z kwds = {'equal_nan': True, 'err_msg': '', 'header': 'Not equal to tolerance rtol=1e-07, atol=0', 'verbose': True}
2025-02-21T12:07:18.4000079Z 
2025-02-21T12:07:18.4000179Z     @wraps(func)
2025-02-21T12:07:18.4000374Z     def inner(*args, **kwds):
2025-02-21T12:07:18.4000597Z         with self._recreate_cm():
2025-02-21T12:07:18.4000827Z >           return func(*args, **kwds)
2025-02-21T12:07:18.4001066Z E           AssertionError: 
2025-02-21T12:07:18.4001305Z E           Not equal to tolerance rtol=1e-07, atol=0
2025-02-21T12:07:18.4001557Z E           
2025-02-21T12:07:18.4001751Z E           Mismatched elements: 4355 / 10000 (43.5%)
2025-02-21T12:07:18.4002029Z E           Max absolute difference: 1.94155993e+40
2025-02-21T12:07:18.4002303Z E           Max relative difference: 137.15340685
2025-02-21T12:07:18.4002624Z E            x: array([0.000000e+00, 0.000000e+00, 2.761203e+39, ..., 0.000000e+00,
2025-02-21T12:07:18.4002950Z E                  0.000000e+00, 0.000000e+00])
2025-02-21T12:07:18.4003255Z E            y: array([1.335111e+39, 1.337387e+39, 9.415985e+38, ..., 0.000000e+00,
2025-02-21T12:07:18.4003563Z E                  0.000000e+00, 0.000000e+00])
2025-02-21T12:07:18.4003735Z 
2025-02-21T12:07:18.4003930Z ../../../micromamba/envs/tardis/lib/python3.12/contextlib.py:81: AssertionError
2025-02-21T12:07:18.4004394Z __________________ TestTransportSimple.test_j_blue_estimators __________________
2025-02-21T12:07:18.4004654Z 
2025-02-21T12:07:18.4004865Z self = <tardis.tests.test_tardis_full.TestTransportSimple object at 0x7fc18c56a2d0>
2025-02-21T12:07:18.4005392Z simulation_regression_data = <tardis.simulation.base.Simulation object at 0x7fc18b278500>
2025-02-21T12:07:18.4005718Z 
2025-02-21T12:07:18.4005869Z     def test_j_blue_estimators(self, simulation_regression_data):
2025-02-21T12:07:18.4006245Z         key = "simulation/transport/transport_state/j_blue_estimator"
2025-02-21T12:07:18.4006707Z         expected = self.get_expected_data(key)
2025-02-21T12:07:18.4006958Z     
2025-02-21T12:07:18.4007129Z >       npt.assert_allclose(
2025-02-21T12:07:18.4007531Z             simulation_regression_data.transport.transport_state.radfield_mc_estimators.j_blue_estimator,
2025-02-21T12:07:18.4007971Z             expected.values,
2025-02-21T12:07:18.4008172Z         )
2025-02-21T12:07:18.4008268Z 
2025-02-21T12:07:18.4008359Z tardis/tests/test_tardis_full.py:60: 
2025-02-21T12:07:18.4008630Z _ _ _ _ _ _ _ _ _ _ _ _ _ _ _ _ _ _ _ _ _ _ _ _ _ _ _ _ _ _ _ _ _ _ _ _ _ _ _ _ 
2025-02-21T12:07:18.4008828Z 
2025-02-21T12:07:18.4009253Z args = (<function assert_allclose.<locals>.compare at 0x7fc196b819e0>, array([[0., 0., 0., ..., 0., 0., 0.],
2025-02-21T12:07:18.4009672Z        [0., 0., .....,
2025-02-21T12:07:18.4009861Z        [0., 0., 0., ..., 0., 0., 0.],
2025-02-21T12:07:18.4010079Z        [0., 0., 0., ..., 0., 0., 0.],
2025-02-21T12:07:18.4010293Z        [0., 0., 0., ..., 0., 0., 0.]]))
2025-02-21T12:07:18.4010685Z kwds = {'equal_nan': True, 'err_msg': '', 'header': 'Not equal to tolerance rtol=1e-07, atol=0', 'verbose': True}
2025-02-21T12:07:18.4011009Z 
2025-02-21T12:07:18.4011086Z     @wraps(func)
2025-02-21T12:07:18.4011273Z     def inner(*args, **kwds):
2025-02-21T12:07:18.4011621Z         with self._recreate_cm():
2025-02-21T12:07:18.4011854Z >           return func(*args, **kwds)
2025-02-21T12:07:18.4012092Z E           AssertionError: 
2025-02-21T12:07:18.4012332Z E           Not equal to tolerance rtol=1e-07, atol=0
2025-02-21T12:07:18.4012584Z E           
2025-02-21T12:07:18.4012787Z E           Mismatched elements: 488044 / 584480 (83.5%)
2025-02-21T12:07:18.4013072Z E           Max absolute difference: 1.43452643e-17
2025-02-21T12:07:18.4013345Z E           Max relative difference: 235.31367318
2025-02-21T12:07:18.4013607Z E            x: array([[0., 0., 0., ..., 0., 0., 0.],
2025-02-21T12:07:18.4013866Z E                  [0., 0., 0., ..., 0., 0., 0.],
2025-02-21T12:07:18.4014118Z E                  [0., 0., 0., ..., 0., 0., 0.],...
2025-02-21T12:07:18.4014372Z E            y: array([[0., 0., 0., ..., 0., 0., 0.],
2025-02-21T12:07:18.4014614Z E                  [0., 0., 0., ..., 0., 0., 0.],
2025-02-21T12:07:18.4014862Z E                  [0., 0., 0., ..., 0., 0., 0.],...
2025-02-21T12:07:18.4015029Z 
2025-02-21T12:07:18.4015231Z ../../../micromamba/envs/tardis/lib/python3.12/contextlib.py:81: AssertionError
2025-02-21T12:07:18.4015692Z ______________________ TestTransportSimple.test_spectrum _______________________
2025-02-21T12:07:18.4015954Z 
2025-02-21T12:07:18.4016161Z self = <tardis.tests.test_tardis_full.TestTransportSimple object at 0x7fc18c56a4e0>
2025-02-21T12:07:18.4016697Z simulation_regression_data = <tardis.simulation.base.Simulation object at 0x7fc18b278500>
2025-02-21T12:07:18.4017030Z 
2025-02-21T12:07:18.4017153Z     def test_spectrum(self, simulation_regression_data):
2025-02-21T12:07:18.4017523Z         key = "simulation/spectrum_solver/spectrum_real_packets/luminosity"
2025-02-21T12:07:18.4017879Z         expected = self.get_expected_data(key)
2025-02-21T12:07:18.4018121Z     
2025-02-21T12:07:18.4018312Z         luminosity = u.Quantity(expected, "erg /s")
2025-02-21T12:07:18.4018567Z     
2025-02-21T12:07:18.4018733Z >       assert_quantity_allclose(
2025-02-21T12:07:18.4019200Z             simulation_regression_data.spectrum_solver.spectrum_real_packets.luminosity,
2025-02-21T12:07:18.4019571Z             luminosity,
2025-02-21T12:07:18.4019757Z         )
2025-02-21T12:07:18.4019848Z 
2025-02-21T12:07:18.4019942Z tardis/tests/test_tardis_full.py:71: 
2025-02-21T12:07:18.4020214Z _ _ _ _ _ _ _ _ _ _ _ _ _ _ _ _ _ _ _ _ _ _ _ _ _ _ _ _ _ _ _ _ _ _ _ _ _ _ _ _ 
2025-02-21T12:07:18.4020741Z ../../../micromamba/envs/tardis/lib/python3.12/site-packages/astropy/tests/helper.py:203: in assert_quantity_allclose
2025-02-21T12:07:18.4021245Z     np.testing.assert_allclose(
2025-02-21T12:07:18.4021499Z _ _ _ _ _ _ _ _ _ _ _ _ _ _ _ _ _ _ _ _ _ _ _ _ _ _ _ _ _ _ _ _ _ _ _ _ _ _ _ _ 
2025-02-21T12:07:18.4021697Z 
2025-02-21T12:07:18.4022307Z args = (<function assert_allclose.<locals>.compare at 0x7fc17e84f920>, array([0.00000000e+00, 0.00000000e+00, 2.76120259e+39,...), array([1.47119190e+39, 1.69564189e+39, 1.35368464e+39, ...,
2025-02-21T12:07:18.4022956Z        0.00000000e+00, 0.00000000e+00, 0.00000000e+00]))
2025-02-21T12:07:18.4023376Z kwds = {'equal_nan': True, 'err_msg': '', 'header': 'Not equal to tolerance rtol=1e-07, atol=0', 'verbose': True}
2025-02-21T12:07:18.4023705Z 
2025-02-21T12:07:18.4023780Z     @wraps(func)
2025-02-21T12:07:18.4023968Z     def inner(*args, **kwds):
2025-02-21T12:07:18.4024189Z         with self._recreate_cm():
2025-02-21T12:07:18.4024431Z >           return func(*args, **kwds)
2025-02-21T12:07:18.4024680Z E           AssertionError: 
2025-02-21T12:07:18.4024922Z E           Not equal to tolerance rtol=1e-07, atol=0
2025-02-21T12:07:18.4025178Z E           
2025-02-21T12:07:18.4025372Z E           Mismatched elements: 4560 / 10000 (45.6%)
2025-02-21T12:07:18.4025658Z E           Max absolute difference: 1.96604107e+40
2025-02-21T12:07:18.4025937Z E           Max relative difference: 97.03021569
2025-02-21T12:07:18.4026256Z E            x: array([0.000000e+00, 0.000000e+00, 2.761203e+39, ..., 0.000000e+00,
2025-02-21T12:07:18.4026585Z E                  0.000000e+00, 0.000000e+00])
2025-02-21T12:07:18.4027016Z E            y: array([1.471192e+39, 1.695642e+39, 1.353685e+39, ..., 0.000000e+00,
2025-02-21T12:07:18.4027326Z E                  0.000000e+00, 0.000000e+00])
2025-02-21T12:07:18.4027489Z 
2025-02-21T12:07:18.4027680Z ../../../micromamba/envs/tardis/lib/python3.12/contextlib.py:81: AssertionError
2025-02-21T12:07:18.4028142Z __________________ TestTransportSimple.test_virtual_spectrum ___________________
2025-02-21T12:07:18.4028411Z 
2025-02-21T12:07:18.4028620Z self = <tardis.tests.test_tardis_full.TestTransportSimple object at 0x7fc18c56a7b0>
2025-02-21T12:07:18.4029249Z simulation_regression_data = <tardis.simulation.base.Simulation object at 0x7fc18b278500>
2025-02-21T12:07:18.4029585Z 
2025-02-21T12:07:18.4029737Z     def test_virtual_spectrum(self, simulation_regression_data):
2025-02-21T12:07:18.4030145Z         key = "simulation/spectrum_solver/spectrum_virtual_packets/luminosity"
2025-02-21T12:07:18.4030503Z         expected = self.get_expected_data(key)
2025-02-21T12:07:18.4030747Z     
2025-02-21T12:07:18.4030938Z         luminosity = u.Quantity(expected, "erg /s")
2025-02-21T12:07:18.4031188Z     
2025-02-21T12:07:18.4031353Z >       assert_quantity_allclose(
2025-02-21T12:07:18.4031721Z             simulation_regression_data.spectrum_solver.spectrum_virtual_packets.luminosity,
2025-02-21T12:07:18.4032104Z             luminosity,
2025-02-21T12:07:18.4032292Z         )
2025-02-21T12:07:18.4032388Z 
2025-02-21T12:07:18.4032477Z tardis/tests/test_tardis_full.py:82: 
2025-02-21T12:07:18.4032755Z _ _ _ _ _ _ _ _ _ _ _ _ _ _ _ _ _ _ _ _ _ _ _ _ _ _ _ _ _ _ _ _ _ _ _ _ _ _ _ _ 
2025-02-21T12:07:18.4033297Z ../../../micromamba/envs/tardis/lib/python3.12/site-packages/astropy/tests/helper.py:203: in assert_quantity_allclose
2025-02-21T12:07:18.4033806Z     np.testing.assert_allclose(
2025-02-21T12:07:18.4034062Z _ _ _ _ _ _ _ _ _ _ _ _ _ _ _ _ _ _ _ _ _ _ _ _ _ _ _ _ _ _ _ _ _ _ _ _ _ _ _ _ 
2025-02-21T12:07:18.4034256Z 
2025-02-21T12:07:18.4034736Z args = (<function assert_allclose.<locals>.compare at 0x7fc185c1a5c0>, array([1.31895331e+39, 2.31381538e+39, 3.72000430e+39,...), array([1.44033177e+39, 1.35611403e+39, 1.39755698e+39, ...,
2025-02-21T12:07:18.4035385Z        0.00000000e+00, 0.00000000e+00, 0.00000000e+00]))
2025-02-21T12:07:18.4035808Z kwds = {'equal_nan': True, 'err_msg': '', 'header': 'Not equal to tolerance rtol=1e-07, atol=0', 'verbose': True}
2025-02-21T12:07:18.4036138Z 
2025-02-21T12:07:18.4036210Z     @wraps(func)
2025-02-21T12:07:18.4036401Z     def inner(*args, **kwds):
2025-02-21T12:07:18.4036625Z         with self._recreate_cm():
2025-02-21T12:07:18.4036864Z >           return func(*args, **kwds)
2025-02-21T12:07:18.4037103Z E           AssertionError: 
2025-02-21T12:07:18.4037467Z E           Not equal to tolerance rtol=1e-07, atol=0
2025-02-21T12:07:18.4037724Z E           
2025-02-21T12:07:18.4037919Z E           Mismatched elements: 5659 / 10000 (56.6%)
2025-02-21T12:07:18.4038198Z E           Max absolute difference: 4.69537822e+39
2025-02-21T12:07:18.4038473Z E           Max relative difference: 419.77405263
2025-02-21T12:07:18.4038790Z E            x: array([1.318953e+39, 2.313815e+39, 3.720004e+39, ..., 0.000000e+00,
2025-02-21T12:07:18.4039257Z E                  0.000000e+00, 0.000000e+00])
2025-02-21T12:07:18.4039632Z E            y: array([1.440332e+39, 1.356114e+39, 1.397557e+39, ..., 0.000000e+00,
2025-02-21T12:07:18.4039941Z E                  0.000000e+00, 0.000000e+00])
2025-02-21T12:07:18.4040100Z 
2025-02-21T12:07:18.4040300Z ../../../micromamba/envs/tardis/lib/python3.12/contextlib.py:81: AssertionError
2025-02-21T12:07:18.4040696Z =============================== warnings summary ===============================
2025-02-21T12:07:18.4041017Z tardis/io/configuration/config_validator.py:6
2025-02-21T12:07:18.4041312Z tardis/io/configuration/config_validator.py:6
2025-02-21T12:07:18.4041798Z   /home/runner/work/tardis/tardis/tardis/io/configuration/config_validator.py:6: DeprecationWarning:
2025-02-21T12:07:18.4042383Z   
2025-02-21T12:07:18.4043610Z   jsonschema.RefResolver is deprecated as of v4.18.0, in favor of the https://github.com/python-jsonschema/referencing library, which provides more compliant referencing behavior as well as more flexible APIs for customization. A future release will remove RefResolver. Please file a feature request (on referencing) if you are missing an API for the kind of customization you need.
2025-02-21T12:07:18.4044821Z 
2025-02-21T12:07:18.4045058Z ../../../micromamba/envs/tardis/lib/python3.12/site-packages/jupyter_client/connect.py:22
2025-02-21T12:07:18.4045728Z   /home/runner/micromamba/envs/tardis/lib/python3.12/site-packages/jupyter_client/connect.py:22: DeprecationWarning:
2025-02-21T12:07:18.4046233Z   
2025-02-21T12:07:18.4046469Z   Jupyter is migrating its paths to use standard platformdirs
2025-02-21T12:07:18.4046849Z   given by the platformdirs library.  To remove this warning and
2025-02-21T12:07:18.4047244Z   see the appropriate new directories, set the environment variable
2025-02-21T12:07:18.4047634Z   `JUPYTER_PLATFORM_DIRS=1` and then run `jupyter --paths`.
2025-02-21T12:07:18.4048007Z   The use of platformdirs will be the default in `jupyter_core` v6
2025-02-21T12:07:18.4048240Z 
2025-02-21T12:07:18.4052590Z tardis/io/tests/test_HDFWriter.py::test_multi_index_write
2025-02-21T12:07:18.4053111Z tardis/visualization/widgets/tests/test_shell_info.py::TestHDFShellInfo::test_shells_data
2025-02-21T12:07:18.4053673Z   /home/runner/work/tardis/tardis/tardis/io/util.py:276: PerformanceWarning:
2025-02-21T12:07:18.4054058Z   
2025-02-21T12:07:18.4054215Z   
2025-02-21T12:07:18.4054507Z   your performance may suffer as PyTables will pickle object types that it cannot
2025-02-21T12:07:18.4055072Z   map directly to c-types [inferred_type->mixed,key->block0_values] [items->Index([0], dtype='int64')]
2025-02-21T12:07:18.4055418Z 
2025-02-21T12:07:18.4055619Z tardis/io/tests/test_model_reader.py::test_read_cmfgen_isotope_abundances
2025-02-21T12:07:18.4056108Z tardis/plasma/tests/test_tardis_model_density_config.py::test_electron_densities
2025-02-21T12:07:18.4056675Z tardis/plasma/tests/test_tardis_model_density_config.py::test_isotope_number_densities
2025-02-21T12:07:18.4057170Z tardis/plasma/tests/test_tardis_model_density_config.py::test_t_rad
2025-02-21T12:07:18.4057737Z   /home/runner/work/tardis/tardis/tardis/io/model/readers/cmfgen_deprecated.py:82: DeprecationWarning:
2025-02-21T12:07:18.4058198Z   
2025-02-21T12:07:18.4058396Z   The current CMFGEN model parser is deprecated
2025-02-21T12:07:18.4058601Z 
2025-02-21T12:07:18.4058714Z tardis/io/tests/test_model_reader.py: 1 warning
2025-02-21T12:07:18.4059079Z tardis/plasma/tests/test_tardis_model_density_config.py: 9 warnings
2025-02-21T12:07:18.4059965Z   /home/runner/work/tardis/tardis/tardis/io/model/readers/cmfgen_deprecated.py:40: DeprecationWarning:
2025-02-21T12:07:18.4060433Z   
2025-02-21T12:07:18.4060623Z   The current CMFGEN model parser is deprecated
2025-02-21T12:07:18.4060805Z 
2025-02-21T12:07:18.4061020Z tardis/model/tests/test_base.py::TestModelFromPaper1Config::test_abundances
2025-02-21T12:07:18.4061666Z   /home/runner/work/tardis/tardis/tardis/transport/montecarlo/montecarlo_main_loop.py:123: NumbaTypeSafetyWarning:
2025-02-21T12:07:18.4062178Z   
2025-02-21T12:07:18.4062682Z   [1m[1m[1munsafe cast from uint64 to int64. Precision may be lost.[0m[0m[0m
2025-02-21T12:07:18.4062952Z 
2025-02-21T12:07:18.4063053Z tardis/model/tests/test_base.py: 6 warnings
2025-02-21T12:07:18.4063344Z tardis/model/tests/test_csvy_model.py: 2 warnings
2025-02-21T12:07:18.4063709Z tardis/plasma/tests/test_tardis_model_density_config.py: 3 warnings
2025-02-21T12:07:18.4064236Z   /home/runner/work/tardis/tardis/tardis/model/geometry/radial1d.py:50: DeprecationWarning:
2025-02-21T12:07:18.4064656Z   
2025-02-21T12:07:18.4064845Z   v_inner_boundary < 0, assuming default value
2025-02-21T12:07:18.4065053Z 
2025-02-21T12:07:18.4065154Z tardis/model/tests/test_base.py: 6 warnings
2025-02-21T12:07:18.4065448Z tardis/model/tests/test_csvy_model.py: 2 warnings
2025-02-21T12:07:18.4065948Z tardis/plasma/tests/test_tardis_model_density_config.py: 3 warnings
2025-02-21T12:07:18.4066477Z   /home/runner/work/tardis/tardis/tardis/model/geometry/radial1d.py:61: DeprecationWarning:
2025-02-21T12:07:18.4066895Z   
2025-02-21T12:07:18.4067080Z   v_outer_boundary < 0, assuming default value
2025-02-21T12:07:18.4067264Z 
2025-02-21T12:07:18.4067735Z tardis/plasma/equilibrium/tests/test_level_populations.py::TestLevelPopulationSolver::test_solve[collisional_rate_solver0-radiative_transitions0]
2025-02-21T12:07:18.4068566Z   /home/runner/work/tardis/tardis/tardis/plasma/equilibrium/level_populations.py:65: FutureWarning:
2025-02-21T12:07:18.4069018Z   
2025-02-21T12:07:18.4069804Z   A value is trying to be set on a copy of a DataFrame or Series through chained assignment using an inplace method.
2025-02-21T12:07:18.4070604Z   The behavior will change in pandas 3.0. This inplace method will never work because the intermediate object on which we are setting values always behaves as a copy.
2025-02-21T12:07:18.4071197Z   
2025-02-21T12:07:18.4071809Z   For example, when doing 'df[col].method(value, inplace=True)', try using 'df.method({col: value}, inplace=True)' or df[col] = df[col].method(value) instead, to perform the operation inplace on the original object.
2025-02-21T12:07:18.4072416Z 
2025-02-21T12:07:18.4072634Z tardis/plasma/tests/test_plasma_vboundary.py::test_plasma_vboundary[2900-3750]
2025-02-21T12:07:18.4073236Z tardis/plasma/tests/test_plasma_vboundary.py::test_plasma_vboundary[2900-3850]
2025-02-21T12:07:18.4073925Z tardis/plasma/tests/test_plasma_vboundary.py::test_plasma_vboundary[2900-3900]
2025-02-21T12:07:18.4074613Z   /home/runner/work/tardis/tardis/tardis/model/geometry/radial1d.py:71: UserWarning:
2025-02-21T12:07:18.4075078Z   
2025-02-21T12:07:18.4075643Z   Requesting inner boundary below inner shell. Extrapolating the inner cell
2025-02-21T12:07:18.4075949Z 
2025-02-21T12:07:18.4076223Z tardis/spectrum/tests/test_spectrum_solver.py::TestSpectrumSolver::test_solve
2025-02-21T12:07:18.4076855Z   /home/runner/work/tardis/tardis/tardis/spectrum/base.py:70: UserWarning:
2025-02-21T12:07:18.4077314Z   
2025-02-21T12:07:18.4090383Z   SpectrumSolver.spectrum_virtual_packets is zero. Please run the montecarlo simulation with no_of_virtual_packets > 0
2025-02-21T12:07:18.4091106Z 
2025-02-21T12:07:18.4091484Z tardis/spectrum/tests/test_spectrum_solver.py::TestSpectrumSolver::test_solve
2025-02-21T12:07:18.4092321Z   /home/runner/work/tardis/tardis/tardis/spectrum/base.py:111: UserWarning:
2025-02-21T12:07:18.4092916Z   
2025-02-21T12:07:18.4093612Z   SpectrumSolver.integrator: The FormalIntegrator is not yet available.Please run the montecarlo simulation at least once.
2025-02-21T12:07:18.4094537Z 
2025-02-21T12:07:18.4094893Z tardis/transport/montecarlo/tests/test_vpacket.py::test_trace_vpacket_volley
2025-02-21T12:07:18.4095542Z   <string>:3: NumbaPendingDeprecationWarning:
2025-02-21T12:07:18.4095946Z   
2025-02-21T12:07:18.4097867Z   [1m[1mCode using Numba extension API maybe depending on 'old_style' error-capturing, which is deprecated and will be replaced by 'new_style' in a future release. See details at https://numba.readthedocs.io/en/latest/reference/deprecation.html#deprecation-of-old-style-numba-captured-errors
2025-02-21T12:07:18.4099762Z   Exception origin:
2025-02-21T12:07:18.4100360Z     File "/home/runner/micromamba/envs/tardis/lib/python3.12/inspect.py", line 3180, in _bind
2025-02-21T12:07:18.4101034Z       raise TypeError(msg) from None
2025-02-21T12:07:18.4101427Z   [0m[0m
2025-02-21T12:07:18.4101574Z 
2025-02-21T12:07:18.4102119Z tardis/visualization/tools/tests/test_sdec_plot.py::TestSDECPlotter::test_mpl_image[plotter_generate_plot_mpl4]
2025-02-21T12:07:18.4103256Z   /home/runner/work/tardis/tardis/tardis/visualization/tools/sdec_plot.py:1225: RuntimeWarning:
2025-02-21T12:07:18.4103948Z   
2025-02-21T12:07:18.4105480Z   More than 20 figures have been opened. Figures created through the pyplot interface (`matplotlib.pyplot.figure`) are retained until explicitly closed and may consume too much memory. (To control this warning, see the rcParam `figure.max_open_warning`). Consider using `matplotlib.pyplot.close()`.
2025-02-21T12:07:18.4107207Z 
2025-02-21T12:07:18.4107801Z tardis/visualization/widgets/tests/test_custom_abundance.py::TestCustomAbundanceWidget::test_update_input_item_value
2025-02-21T12:07:18.4109270Z tardis/visualization/widgets/tests/test_custom_abundance.py::TestCustomAbundanceWidget::test_update_input_item_value
2025-02-21T12:07:18.4110577Z tardis/visualization/widgets/tests/test_custom_abundance.py::TestCustomAbundanceWidget::test_update_input_item_value
2025-02-21T12:07:18.4111731Z tardis/visualization/widgets/tests/test_custom_abundance.py::TestCustomAbundanceWidget::test_update_input_item_value
2025-02-21T12:07:18.4112541Z tardis/visualization/widgets/tests/test_custom_abundance.py::TestCustomAbundanceWidget::test_update_input_item_value
2025-02-21T12:07:18.4113321Z tardis/visualization/widgets/tests/test_custom_abundance.py::TestCustomAbundanceWidget::test_update_input_item_value
2025-02-21T12:07:18.4114120Z   /home/runner/micromamba/envs/tardis/lib/python3.12/site-packages/traitlets/traitlets.py:1385: DeprecationWarning:
2025-02-21T12:07:18.4114632Z   
2025-02-21T12:07:18.4114916Z   Passing unrecognized arguments to super(Checkbox).__init__(icon='lock').
2025-02-21T12:07:18.4115366Z   object.__init__() takes exactly one argument (the instance to initialize)
2025-02-21T12:07:18.4115864Z   This is deprecated in traitlets 4.2.This error will be raised in a future release of traitlets.
2025-02-21T12:07:18.4116196Z 
2025-02-21T12:07:18.4116551Z tardis/visualization/widgets/tests/test_custom_abundance.py::TestCustomAbundanceWidget::test_update_input_item_value
2025-02-21T12:07:18.4117326Z tardis/visualization/widgets/tests/test_custom_abundance.py::TestCustomAbundanceWidget::test_update_input_item_value
2025-02-21T12:07:18.4118105Z   /home/runner/micromamba/envs/tardis/lib/python3.12/site-packages/traitlets/traitlets.py:1385: DeprecationWarning:
2025-02-21T12:07:18.4118617Z   
2025-02-21T12:07:18.4118879Z   Passing unrecognized arguments to super(FloatText).__init__(min=0).
2025-02-21T12:07:18.4119522Z   object.__init__() takes exactly one argument (the instance to initialize)
2025-02-21T12:07:18.4120014Z   This is deprecated in traitlets 4.2.This error will be raised in a future release of traitlets.
2025-02-21T12:07:18.4120333Z 
2025-02-21T12:07:18.4120690Z tardis/visualization/widgets/tests/test_custom_abundance.py::TestCustomAbundanceWidget::test_update_input_item_value
2025-02-21T12:07:18.4121464Z   /home/runner/micromamba/envs/tardis/lib/python3.12/site-packages/traitlets/traitlets.py:1385: DeprecationWarning:
2025-02-21T12:07:18.4121957Z   
2025-02-21T12:07:18.4122458Z   Passing unrecognized arguments to super(HTML).__init__(indent=True).
2025-02-21T12:07:18.4122895Z   object.__init__() takes exactly one argument (the instance to initialize)
2025-02-21T12:07:18.4123379Z   This is deprecated in traitlets 4.2.This error will be raised in a future release of traitlets.
2025-02-21T12:07:18.4123705Z 
2025-02-21T12:07:18.4124138Z tardis/visualization/widgets/tests/test_line_info.py::TestLineInfoWidgetData::test_get_species_interactions[wavelength_range0-packet_out_nu]
2025-02-21T12:07:18.4124977Z   /home/runner/micromamba/envs/tardis/lib/python3.12/site-packages/qgridnext/grid.py:820: DeprecationWarning:
2025-02-21T12:07:18.4125449Z   
2025-02-21T12:07:18.4125799Z   QgridWidget._precision_changed is deprecated in traitlets 4.1: use @observe and @unobserve instead.
2025-02-21T12:07:18.4126150Z 
2025-02-21T12:07:18.4126414Z tardis/visualization/widgets/tests/test_shell_info.py::TestHDFShellInfo::test_shells_data
2025-02-21T12:07:18.4126960Z   /home/runner/work/tardis/tardis/tardis/io/util.py:289: PerformanceWarning:
2025-02-21T12:07:18.4127317Z   
2025-02-21T12:07:18.4127465Z   
2025-02-21T12:07:18.4127749Z   your performance may suffer as PyTables will pickle object types that it cannot
2025-02-21T12:07:18.4128410Z   map directly to c-types [inferred_type->mixed,key->block0_values] [items->Index([0], dtype='int64')]
2025-02-21T12:07:18.4128761Z 
2025-02-21T12:07:18.4129016Z tardis/visualization/widgets/tests/test_shell_info.py::TestHDFShellInfo::test_shells_data
2025-02-21T12:07:18.4129783Z   /home/runner/work/tardis/tardis/tardis/io/util.py:292: PerformanceWarning:
2025-02-21T12:07:18.4130139Z   
2025-02-21T12:07:18.4130290Z   
2025-02-21T12:07:18.4130573Z   your performance may suffer as PyTables will pickle object types that it cannot
2025-02-21T12:07:18.4131036Z   map directly to c-types [inferred_type->mixed,key->values] [items->None]
2025-02-21T12:07:18.4131300Z 
2025-02-21T12:07:18.4131563Z tardis/visualization/widgets/tests/test_shell_info.py::TestHDFShellInfo::test_shells_data
2025-02-21T12:07:18.4132141Z   /home/runner/work/tardis/tardis/tardis/spectrum/formal_integral.py:398: UserWarning:
2025-02-21T12:07:18.4132536Z   
2025-02-21T12:07:18.4132812Z   The number of interpolate_shells was not specified. The value was set to 80.
2025-02-21T12:07:18.4133090Z 
2025-02-21T12:07:18.4133290Z -- Docs: https://docs.pytest.org/en/stable/how-to/capture-warnings.html
2025-02-21T12:07:18.4133571Z 
2025-02-21T12:07:18.4133738Z ---------- coverage: platform linux, python 3.12.4-final-0 -----------
2025-02-21T12:07:18.4134101Z Coverage HTML written to dir coverage_html_report
2025-02-21T12:07:18.4134412Z Coverage XML written to file coverage.xml
2025-02-21T12:07:18.4134595Z 
2025-02-21T12:07:18.4134716Z =========================== short test summary info ============================
2025-02-21T12:07:18.4135281Z FAILED tardis/spectrum/tests/test_spectrum_solver.py::TestSpectrumSolver::test_spectrum_real_packets - AssertionError: 
2025-02-21T12:07:18.4135893Z Not equal to tolerance rtol=1e-07, atol=0
2025-02-21T12:07:18.4136074Z 
2025-02-21T12:07:18.4136170Z Mismatched elements: 4355 / 10000 (43.5%)
2025-02-21T12:07:18.4136429Z Max absolute difference: 1.94155993e+40
2025-02-21T12:07:18.4136684Z Max relative difference: 137.15340685
2025-02-21T12:07:18.4136996Z  x: array([0.000000e+00, 0.000000e+00, 2.761203e+39, ..., 0.000000e+00,
2025-02-21T12:07:18.4137306Z        0.000000e+00, 0.000000e+00])
2025-02-21T12:07:18.4137590Z  y: array([1.335111e+39, 1.337387e+39, 9.415985e+38, ..., 0.000000e+00,
2025-02-21T12:07:18.4137889Z        0.000000e+00, 0.000000e+00])
2025-02-21T12:07:18.4138435Z FAILED tardis/spectrum/tests/test_spectrum_solver.py::TestSpectrumSolver::test_spectrum_real_packets_reabsorbed - AssertionError: 
2025-02-21T12:07:18.4138999Z Not equal to tolerance rtol=1e-07, atol=0
2025-02-21T12:07:18.4139373Z 
2025-02-21T12:07:18.4139465Z Mismatched elements: 4491 / 10000 (44.9%)
2025-02-21T12:07:18.4139719Z Max absolute difference: 1.0639846e+40
2025-02-21T12:07:18.4140099Z Max relative difference: 122.79315318
2025-02-21T12:07:18.4140346Z  x: array([0., 0., 0., ..., 0., 0., 0.])
2025-02-21T12:07:18.4140644Z  y: array([2.039204e+38, 3.728825e+38, 2.296469e+38, ..., 0.000000e+00,
2025-02-21T12:07:18.4140941Z        0.000000e+00, 0.000000e+00])
2025-02-21T12:07:18.4141393Z FAILED tardis/spectrum/tests/test_spectrum_solver.py::TestSpectrumSolver::test_solve - AssertionError: 
2025-02-21T12:07:18.4141866Z Not equal to tolerance rtol=1e-07, atol=0
2025-02-21T12:07:18.4142037Z 
2025-02-21T12:07:18.4142128Z Mismatched elements: 4355 / 10000 (43.5%)
2025-02-21T12:07:18.4142381Z Max absolute difference: 1.94155993e+40
2025-02-21T12:07:18.4142631Z Max relative difference: 137.15340685
2025-02-21T12:07:18.4142921Z  x: array([0.000000e+00, 0.000000e+00, 2.761203e+39, ..., 0.000000e+00,
2025-02-21T12:07:18.4143217Z        0.000000e+00, 0.000000e+00])
2025-02-21T12:07:18.4143493Z  y: array([1.335111e+39, 1.337387e+39, 9.415985e+38, ..., 0.000000e+00,
2025-02-21T12:07:18.4143789Z        0.000000e+00, 0.000000e+00])
2025-02-21T12:07:18.4144226Z FAILED tardis/tests/test_tardis_full.py::TestTransportSimple::test_j_blue_estimators - AssertionError: 
2025-02-21T12:07:18.4144689Z Not equal to tolerance rtol=1e-07, atol=0
2025-02-21T12:07:18.4144865Z 
2025-02-21T12:07:18.4145110Z Mismatched elements: 488044 / 584480 (83.5%)
2025-02-21T12:07:18.4145374Z Max absolute difference: 1.43452643e-17
2025-02-21T12:07:18.4145624Z Max relative difference: 235.31367318
2025-02-21T12:07:18.4145863Z  x: array([[0., 0., 0., ..., 0., 0., 0.],
2025-02-21T12:07:18.4146114Z        [0., 0., 0., ..., 0., 0., 0.],
2025-02-21T12:07:18.4146350Z        [0., 0., 0., ..., 0., 0., 0.],...
2025-02-21T12:07:18.4146580Z  y: array([[0., 0., 0., ..., 0., 0., 0.],
2025-02-21T12:07:18.4146810Z        [0., 0., 0., ..., 0., 0., 0.],
2025-02-21T12:07:18.4147028Z        [0., 0., 0., ..., 0., 0., 0.],...
2025-02-21T12:07:18.4147439Z FAILED tardis/tests/test_tardis_full.py::TestTransportSimple::test_spectrum - AssertionError: 
2025-02-21T12:07:18.4147884Z Not equal to tolerance rtol=1e-07, atol=0
2025-02-21T12:07:18.4148052Z 
2025-02-21T12:07:18.4148143Z Mismatched elements: 4560 / 10000 (45.6%)
2025-02-21T12:07:18.4148408Z Max absolute difference: 1.96604107e+40
2025-02-21T12:07:18.4148654Z Max relative difference: 97.03021569
2025-02-21T12:07:18.4148953Z  x: array([0.000000e+00, 0.000000e+00, 2.761203e+39, ..., 0.000000e+00,
2025-02-21T12:07:18.4149447Z        0.000000e+00, 0.000000e+00])
2025-02-21T12:07:18.4149729Z  y: array([1.471192e+39, 1.695642e+39, 1.353685e+39, ..., 0.000000e+00,
2025-02-21T12:07:18.4150021Z        0.000000e+00, 0.000000e+00])
2025-02-21T12:07:18.4150450Z FAILED tardis/tests/test_tardis_full.py::TestTransportSimple::test_virtual_spectrum - AssertionError: 
2025-02-21T12:07:18.4150919Z Not equal to tolerance rtol=1e-07, atol=0
2025-02-21T12:07:18.4151091Z 
2025-02-21T12:07:18.4151184Z Mismatched elements: 5659 / 10000 (56.6%)
2025-02-21T12:07:18.4151432Z Max absolute difference: 4.69537822e+39
2025-02-21T12:07:18.4151681Z Max relative difference: 419.77405263
2025-02-21T12:07:18.4151972Z  x: array([1.318953e+39, 2.313815e+39, 3.720004e+39, ..., 0.000000e+00,
2025-02-21T12:07:18.4152264Z        0.000000e+00, 0.000000e+00])
2025-02-21T12:07:18.4152537Z  y: array([1.440332e+39, 1.356114e+39, 1.397557e+39, ..., 0.000000e+00,
2025-02-21T12:07:18.4152835Z        0.000000e+00, 0.000000e+00])
2025-02-21T12:07:18.4153233Z = 6 failed, 1404 passed, 357 skipped, 2 deselected, 19 xfailed, 8 xpassed, 63 warnings in 704.20s (0:11:44) =
2025-02-21T12:07:20.5928191Z ##[error]Process completed with exit code 1.
2025-02-21T12:07:20.6002111Z Post job cleanup.
2025-02-21T12:07:20.6034671Z Post job cleanup.
2025-02-21T12:07:20.7384583Z Will use pre-installed micromamba at /home/runner/micromamba-bin/micromamba
2025-02-21T12:07:20.7392134Z Removing micromamba run shell ...
2025-02-21T12:07:20.7396126Z ##[group]Deinitialize micromamba for bash
2025-02-21T12:07:20.7414833Z [command]/home/runner/micromamba-bin/micromamba shell deinit -s bash -r /home/runner/micromamba --log-level warning --rc-file /home/runner/work/_temp/setup-micromamba/.condarc
2025-02-21T12:07:20.7512369Z Resetting RC file "/home/runner/.bashrc"
2025-02-21T12:07:20.7512934Z Deleting config for root prefix 
2025-02-21T12:07:20.7513454Z Clearing mamba executable environment variable
2025-02-21T12:07:20.7515572Z Removing the following in your "/home/runner/.bashrc" file
2025-02-21T12:07:20.7516127Z # >>> mamba initialize >>>
2025-02-21T12:07:20.7516479Z ...
2025-02-21T12:07:20.7516745Z # <<< mamba initialize <<<
2025-02-21T12:07:20.7545047Z Removing mamba initialize block from .bash_profile
2025-02-21T12:07:20.7559067Z ##[endgroup]
2025-02-21T12:07:20.7563518Z Removing environment tardis from auto-activate bash ...
2025-02-21T12:07:20.7687722Z Post job cleanup.
2025-02-21T12:07:20.7731601Z Post job cleanup.
2025-02-21T12:07:20.8701089Z [command]/usr/bin/git version
2025-02-21T12:07:20.8737317Z git version 2.48.1
2025-02-21T12:07:20.8786642Z Temporarily overriding HOME='/home/runner/work/_temp/afe8d204-a89c-4b62-8bdf-9d0b6b8700df' before making global git config changes
2025-02-21T12:07:20.8787884Z Adding repository directory to the temporary git global config as a safe directory
2025-02-21T12:07:20.8792385Z [command]/usr/bin/git config --global --add safe.directory /home/runner/work/tardis/tardis/tardis-regression-data
2025-02-21T12:07:20.8827668Z [command]/usr/bin/git config --local --name-only --get-regexp core\.sshCommand
2025-02-21T12:07:20.8861885Z [command]/usr/bin/git submodule foreach --recursive sh -c "git config --local --name-only --get-regexp 'core\.sshCommand' && git config --local --unset-all 'core.sshCommand' || :"
2025-02-21T12:07:20.9111122Z [command]/usr/bin/git config --local --name-only --get-regexp http\.https\:\/\/github\.com\/\.extraheader
2025-02-21T12:07:20.9134827Z http.https://github.com/.extraheader
2025-02-21T12:07:20.9152749Z [command]/usr/bin/git config --local --unset-all http.https://github.com/.extraheader
2025-02-21T12:07:20.9190563Z [command]/usr/bin/git submodule foreach --recursive sh -c "git config --local --name-only --get-regexp 'http\.https\:\/\/github\.com\/\.extraheader' && git config --local --unset-all 'http.https://github.com/.extraheader' || :"
2025-02-21T12:07:20.9585573Z Post job cleanup.
2025-02-21T12:07:21.0542025Z [command]/usr/bin/git version
2025-02-21T12:07:21.0584642Z git version 2.48.1
2025-02-21T12:07:21.0626505Z Temporarily overriding HOME='/home/runner/work/_temp/7deee3d8-04df-4c06-a260-7f7459965463' before making global git config changes
2025-02-21T12:07:21.0627722Z Adding repository directory to the temporary git global config as a safe directory
2025-02-21T12:07:21.0632082Z [command]/usr/bin/git config --global --add safe.directory /home/runner/work/tardis/tardis
2025-02-21T12:07:21.0667837Z [command]/usr/bin/git config --local --name-only --get-regexp core\.sshCommand
2025-02-21T12:07:21.0700600Z [command]/usr/bin/git submodule foreach --recursive sh -c "git config --local --name-only --get-regexp 'core\.sshCommand' && git config --local --unset-all 'core.sshCommand' || :"
2025-02-21T12:07:21.0945809Z [command]/usr/bin/git config --local --name-only --get-regexp http\.https\:\/\/github\.com\/\.extraheader
2025-02-21T12:07:21.0966656Z http.https://github.com/.extraheader
2025-02-21T12:07:21.0979253Z [command]/usr/bin/git config --local --unset-all http.https://github.com/.extraheader
2025-02-21T12:07:21.1009690Z [command]/usr/bin/git submodule foreach --recursive sh -c "git config --local --name-only --get-regexp 'http\.https\:\/\/github\.com\/\.extraheader' && git config --local --unset-all 'http.https://github.com/.extraheader' || :"
2025-02-21T12:07:21.1346345Z Cleaning up orphan processes
