2025-01-13T15:55:23.0475468Z ##[group]Run pytest tardis --tardis-regression-data=/home/runner/work/tardis/tardis/tardis-regression-data --cov=tardis --cov-report=xml --cov-report=html --cov-append -m "not continuum"
2025-01-13T15:55:23.0476798Z [36;1mpytest tardis --tardis-regression-data=/home/runner/work/tardis/tardis/tardis-regression-data --cov=tardis --cov-report=xml --cov-report=html --cov-append -m "not continuum"[0m
2025-01-13T15:55:23.0504963Z shell: /usr/bin/bash -l {0}
2025-01-13T15:55:23.0505440Z env:
2025-01-13T15:55:23.0505621Z   CACHE_NUMBER: 0
2025-01-13T15:55:23.0506239Z   PYTEST_FLAGS: --tardis-regression-data=/home/runner/work/tardis/tardis/tardis-regression-data --cov=tardis --cov-report=xml --cov-report=html --cov-append
2025-01-13T15:55:23.0507122Z   CODECOV_TOKEN: ***
2025-01-13T15:55:23.0507356Z   MAMBA_ROOT_PREFIX: /home/runner/micromamba
2025-01-13T15:55:23.0507660Z   MAMBA_EXE: /home/runner/micromamba-bin/micromamba
2025-01-13T15:55:23.0508008Z   CONDARC: /home/runner/work/_temp/setup-micromamba/.condarc
2025-01-13T15:55:23.0508360Z ##[endgroup]
2025-01-13T15:55:32.1651044Z ============================= test session starts ==============================
2025-01-13T15:55:32.1651728Z platform linux -- Python 3.12.4, pytest-8.2.2, pluggy-1.5.0
2025-01-13T15:55:32.1652250Z rootdir: /home/runner/work/tardis/tardis
2025-01-13T15:55:32.1652667Z configfile: pyproject.toml
2025-01-13T15:55:32.1653174Z plugins: anyio-4.4.0, doctestplus-1.2.1, cov-5.0.0, html-4.1.1, metadata-3.1.1
2025-01-13T15:55:32.1653806Z collected 1796 items / 2 deselected / 1794 selected
2025-01-13T15:55:32.1654112Z 
2025-01-13T15:55:37.3273866Z tardis/energy_input/tests/test_energy_source.py ..xxx                    [  0%]
2025-01-13T15:55:40.4495656Z tardis/energy_input/tests/test_gamma_ray_channel.py ...........          [  0%]
2025-01-13T15:55:42.0815378Z tardis/energy_input/tests/test_gamma_ray_grid.py xx.                     [  1%]
2025-01-13T15:55:43.9246976Z tardis/energy_input/tests/test_gamma_ray_interactions.py xx....          [  1%]
2025-01-13T15:55:43.9337440Z tardis/energy_input/tests/test_gamma_ray_packet_source.py sssssssss      [  1%]
2025-01-13T15:55:45.2861845Z tardis/energy_input/tests/test_util.py .....xxxx.....                    [  2%]
2025-01-13T15:55:45.6735494Z tardis/grid/tests/test_grid.py .                                         [  2%]
2025-01-13T15:55:45.6751350Z tardis/gui/tests/test_gui.py s                                           [  2%]
2025-01-13T15:55:49.3021087Z tardis/io/configuration/tests/test_config_reader.py ...........          [  3%]
2025-01-13T15:55:49.3150190Z tardis/io/configuration/tests/test_configuration_namespace.py .........  [  3%]
2025-01-13T15:55:49.3426821Z tardis/io/logger/tests/test_logging.py ssssssssssssssssssssssssssss      [  5%]
2025-01-13T15:56:30.4877346Z tardis/io/model/readers/tests/test_arepo_parser.py ..                    [  5%]
2025-01-13T15:56:30.5023664Z tardis/io/model/readers/tests/test_ascii_readers.py ...                  [  5%]
2025-01-13T15:56:30.5136650Z tardis/io/model/readers/tests/test_cmfgen_reader.py ..                   [  5%]
2025-01-13T15:56:30.5449856Z tardis/io/model/readers/tests/test_csvy_reader.py ....                   [  6%]
2025-01-13T15:56:30.5668265Z tardis/io/model/readers/tests/test_stella_reader.py ..                   [  6%]
2025-01-13T15:56:30.8885636Z tardis/io/tests/test_HDFWriter.py ...............                        [  7%]
2025-01-13T15:56:31.2417549Z tardis/io/tests/test_atomic.py .....                                     [  7%]
2025-01-13T15:56:31.2614205Z tardis/io/tests/test_decay.py ..                                         [  7%]
2025-01-13T15:56:31.4569741Z tardis/io/tests/test_model_reader.py ......                              [  7%]
2025-01-13T15:56:31.4637894Z tardis/model/geometry/tests/test_radial1d.py ..                          [  7%]
2025-01-13T15:57:31.7083604Z tardis/model/tests/test_base.py ........................................ [ 10%]
2025-01-13T15:57:32.7019286Z ............                                                             [ 10%]
2025-01-13T15:57:35.7769954Z tardis/model/tests/test_csvy_model.py .........                          [ 11%]
2025-01-13T15:57:35.8280350Z tardis/model/tests/test_density.py ..                                    [ 11%]
2025-01-13T15:57:37.2416142Z tardis/opacities/tests/test_opacity_solver.py .....                      [ 11%]
2025-01-13T15:57:38.6067750Z tardis/opacities/tests/test_opacity_state_numba.py .....                 [ 11%]
2025-01-13T15:57:40.6880464Z tardis/opacities/tests/test_tau_sobolev.py FF                            [ 12%]
2025-01-13T15:57:43.4694752Z tardis/plasma/equilibrium/tests/test_collisional_transitions.py ...      [ 12%]
2025-01-13T15:58:30.7691096Z tardis/plasma/equilibrium/tests/test_level_populations.py ....           [ 12%]
2025-01-13T15:58:42.4018458Z tardis/plasma/equilibrium/tests/test_rate_matrix.py .                    [ 12%]
2025-01-13T15:58:43.8768060Z tardis/plasma/tests/test_complete_plasmas.py .....................s..... [ 13%]
2025-01-13T15:58:46.8404092Z s....ssssss............s............ss.....s....ssssss............s..... [ 18%]
2025-01-13T15:58:48.6215606Z .......ss.....s....ssssss............s............ss.....s....ssssss.... [ 22%]
2025-01-13T15:58:51.6476764Z ........s............ss.....s........ss............s............ss.....s [ 26%]
2025-01-13T15:58:54.6626075Z ........ss............s............ss.....s....ssssss............s...... [ 30%]
2025-01-13T15:58:55.4380124Z ......ss.....s....ssssss............s............ss.....s.ss.ssssss..... [ 34%]
2025-01-13T15:58:58.3980908Z .......s............ss.....s....ssssss............s............ss.....s. [ 38%]
2025-01-13T15:59:01.3505586Z ...ssssss............s............ss.....s....ssssss............s....... [ 42%]
2025-01-13T15:59:04.5142914Z .....ss.....s....ssssss............s............s...........ssssss...... [ 46%]
2025-01-13T15:59:06.3969706Z ......s............s...........ssssss............s............s......... [ 50%]
2025-01-13T15:59:09.4026627Z ..ssssss............s............ss.....s....ssssss............s........ [ 54%]
2025-01-13T15:59:13.2187387Z ....ss.....s....ssssss..........................s.....s....ssss......... [ 58%]
2025-01-13T15:59:13.5515909Z ...................s.....s....ssss.......                                [ 60%]
2025-01-13T15:59:13.6698769Z tardis/plasma/tests/test_hdf_plasma.py ................................. [ 62%]
2025-01-13T15:59:13.6813829Z ......                                                                   [ 62%]
2025-01-13T15:59:13.8345597Z tardis/plasma/tests/test_nlte_excitation.py ...                          [ 62%]
2025-01-13T16:01:32.2405094Z tardis/plasma/tests/test_nlte_solver.py .....X                           [ 63%]
2025-01-13T16:01:32.2433510Z tardis/plasma/tests/test_plasma_continuum.py .                           [ 63%]
2025-01-13T16:01:56.4009972Z tardis/plasma/tests/test_plasma_vboundary.py .............               [ 63%]
2025-01-13T16:02:09.7369427Z tardis/plasma/tests/test_tardis_model_density_config.py ...              [ 64%]
2025-01-13T16:02:10.4874295Z tardis/simulation/tests/test_convergence.py .....                        [ 64%]
2025-01-13T16:02:19.2615232Z tardis/simulation/tests/test_simulation.py .............                 [ 65%]
2025-01-13T16:02:19.2805431Z tardis/spectrum/tests/test_cuda_formal_integral.py sssssssssssssssssssss [ 66%]
2025-01-13T16:02:19.7563471Z ssss...ssssssssssssssssssssss                                            [ 67%]
2025-01-13T16:02:19.7636227Z tardis/spectrum/tests/test_luminosity.py ....                            [ 68%]
2025-01-13T16:02:21.3976294Z tardis/spectrum/tests/test_numba_formal_integral.py .................... [ 69%]
2025-01-13T16:02:21.4169015Z ..........                                                               [ 69%]
2025-01-13T16:02:21.5913434Z tardis/spectrum/tests/test_spectrum.py ................................. [ 71%]
2025-01-13T16:02:21.6253648Z .........                                                                [ 72%]
2025-01-13T16:02:41.2079245Z tardis/spectrum/tests/test_spectrum_solver.py ....                       [ 72%]
2025-01-13T16:03:44.1734784Z tardis/tests/test_tardis_full.py ....                                    [ 72%]
2025-01-13T16:05:10.0842176Z tardis/tests/test_tardis_full_formal_integral.py ................        [ 73%]
2025-01-13T16:05:10.1624628Z tardis/tests/test_util.py .............................................  [ 75%]
2025-01-13T16:05:12.9014561Z tardis/transport/montecarlo/tests/test_base.py x.....................    [ 77%]
2025-01-13T16:05:21.1157680Z tardis/transport/montecarlo/tests/test_interaction.py .......            [ 77%]
2025-01-13T16:05:21.3635825Z tardis/transport/montecarlo/tests/test_macro_atom.py ....                [ 77%]
2025-01-13T16:05:21.3819195Z tardis/transport/montecarlo/tests/test_montecarlo.py sssssssssssssssssss [ 78%]
2025-01-13T16:05:21.4266200Z sssssssssssssssssssssssssssssssssssssssssssss                            [ 81%]
2025-01-13T16:05:30.4428544Z tardis/transport/montecarlo/tests/test_montecarlo_main_loop.py x..       [ 81%]
2025-01-13T16:05:30.4497858Z tardis/transport/montecarlo/tests/test_nonhomologous.py ...              [ 81%]
2025-01-13T16:05:36.4802088Z tardis/transport/montecarlo/tests/test_numba_interface.py .....x.        [ 82%]
2025-01-13T16:05:36.9810307Z tardis/transport/montecarlo/tests/test_opacities.py ...............      [ 82%]
2025-01-13T16:05:38.5577040Z tardis/transport/montecarlo/tests/test_packet.py .................xXXXXX [ 84%]
2025-01-13T16:05:38.7001233Z XX.........                                                              [ 84%]
2025-01-13T16:05:38.7280121Z tardis/transport/montecarlo/tests/test_packet_source.py ........         [ 85%]
2025-01-13T16:05:39.0583184Z tardis/transport/montecarlo/tests/test_rpacket_last_interaction_tracker.py . [ 85%]
2025-01-13T16:05:39.4847318Z .....                                                                    [ 85%]
2025-01-13T16:06:16.0501908Z tardis/transport/montecarlo/tests/test_rpacket_tracker.py ......         [ 85%]
2025-01-13T16:06:16.0792272Z tardis/transport/montecarlo/tests/test_single_packet_loop.py xxx         [ 86%]
2025-01-13T16:06:16.0824125Z tardis/transport/montecarlo/tests/test_tracker_utils.py ..               [ 86%]
2025-01-13T16:06:18.6845941Z tardis/transport/montecarlo/tests/test_vpacket.py ..x.                   [ 86%]
2025-01-13T16:06:18.7025386Z tardis/transport/montecarlo/tests/test_weighted_packet_source.py ....    [ 86%]
2025-01-13T16:06:22.1976431Z tardis/transport/montecarlo/tests/test_weighted_packet_source_integration.py . [ 86%]
2025-01-13T16:06:22.1978772Z                                                                          [ 86%]
2025-01-13T16:06:22.9830342Z tardis/transport/tests/test_doppler_factor.py ..................         [ 87%]
2025-01-13T16:06:24.3751528Z tardis/visualization/tools/tests/test_convergence_plot.py .............. [ 88%]
2025-01-13T16:06:26.6729668Z ......                                                                   [ 88%]
2025-01-13T16:06:31.4999172Z tardis/visualization/tools/tests/test_liv_plot.py ...................... [ 90%]
2025-01-13T16:06:34.8403591Z .............................                                            [ 91%]
2025-01-13T16:06:37.7594296Z tardis/visualization/tools/tests/test_rpacket_plot.py .................. [ 92%]
2025-01-13T16:06:44.8301773Z ....                                                                     [ 92%]
2025-01-13T16:06:50.9990473Z tardis/visualization/tools/tests/test_sdec_plot.py ..................... [ 94%]
2025-01-13T16:06:58.6501854Z ..............................                                           [ 95%]
2025-01-13T16:06:59.0812138Z tardis/visualization/widgets/tests/test_custom_abundance.py ........ss.. [ 96%]
2025-01-13T16:06:59.1523743Z ....                                                                     [ 96%]
2025-01-13T16:07:00.2058047Z tardis/visualization/widgets/tests/test_line_info.py ................... [ 97%]
2025-01-13T16:07:00.8391071Z ..................                                                       [ 98%]
2025-01-13T16:08:04.6565703Z tardis/visualization/widgets/tests/test_shell_info.py .................. [ 99%]
2025-01-13T16:08:12.7159627Z ......                                                                   [100%]
2025-01-13T16:08:12.7161310Z 
2025-01-13T16:08:12.7161725Z =================================== FAILURES ===================================
2025-01-13T16:08:12.7162540Z _____________________ test_calculate_sobolev_line_opacity ______________________
2025-01-13T16:08:12.7163372Z 
2025-01-13T16:08:12.7163883Z nb_simulation_verysimple = <tardis.simulation.base.Simulation object at 0x7f0ea6ac67e0>
2025-01-13T16:08:12.7165170Z regression_data = <tardis.tests.fixtures.regression_data.RegressionData object at 0x7f0ea6ac7350>
2025-01-13T16:08:12.7165937Z 
2025-01-13T16:08:12.7166147Z     def test_calculate_sobolev_line_opacity(
2025-01-13T16:08:12.7166802Z         nb_simulation_verysimple, regression_data
2025-01-13T16:08:12.7167245Z     ):
2025-01-13T16:08:12.7167610Z         legacy_plasma = nb_simulation_verysimple.plasma
2025-01-13T16:08:12.7168094Z     
2025-01-13T16:08:12.7168378Z         actual = calculate_sobolev_line_opacity(
2025-01-13T16:08:12.7168645Z             legacy_plasma.lines,
2025-01-13T16:08:12.7169060Z             legacy_plasma.level_number_density,
2025-01-13T16:08:12.7169489Z             legacy_plasma.time_explosion,
2025-01-13T16:08:12.7169920Z             legacy_plasma.stimulated_emission_factor,
2025-01-13T16:08:12.7170327Z         )
2025-01-13T16:08:12.7170925Z >       expected = regression_data.sync_dataframe(actual)
2025-01-13T16:08:12.7171266Z 
2025-01-13T16:08:12.7171450Z tardis/opacities/tests/test_tau_sobolev.py:21: 
2025-01-13T16:08:12.7171939Z _ _ _ _ _ _ _ _ _ _ _ _ _ _ _ _ _ _ _ _ _ _ _ _ _ _ _ _ _ _ _ _ _ _ _ _ _ _ _ _ 
2025-01-13T16:08:12.7172542Z tardis/tests/fixtures/regression_data.py:88: in sync_dataframe
2025-01-13T16:08:12.7173126Z     return pd.read_hdf(self.fpath, key=key)
2025-01-13T16:08:12.7173588Z _ _ _ _ _ _ _ _ _ _ _ _ _ _ _ _ _ _ _ _ _ _ _ _ _ _ _ _ _ _ _ _ _ _ _ _ _ _ _ _ 
2025-01-13T16:08:12.7173926Z 
2025-01-13T16:08:12.7174503Z path_or_buf = '/home/runner/work/tardis/tardis/tardis-regression-data/test_tau_sobolev/test_calculate_sobolev_line_opacity.h5'
2025-01-13T16:08:12.7175384Z key = 'data', mode = 'r', errors = 'strict', where = None, start = None
2025-01-13T16:08:12.7175807Z stop = None, columns = None, iterator = False, chunksize = None, kwargs = {}
2025-01-13T16:08:12.7176149Z exists = False
2025-01-13T16:08:12.7176323Z 
2025-01-13T16:08:12.7176467Z     def read_hdf(
2025-01-13T16:08:12.7176852Z         path_or_buf: FilePath | HDFStore,
2025-01-13T16:08:12.7177177Z         key=None,
2025-01-13T16:08:12.7177362Z         mode: str = "r",
2025-01-13T16:08:12.7177571Z         errors: str = "strict",
2025-01-13T16:08:12.7177802Z         where: str | list | None = None,
2025-01-13T16:08:12.7178045Z         start: int | None = None,
2025-01-13T16:08:12.7178277Z         stop: int | None = None,
2025-01-13T16:08:12.7178514Z         columns: list[str] | None = None,
2025-01-13T16:08:12.7178877Z         iterator: bool = False,
2025-01-13T16:08:12.7179229Z         chunksize: int | None = None,
2025-01-13T16:08:12.7179458Z         **kwargs,
2025-01-13T16:08:12.7179640Z     ):
2025-01-13T16:08:12.7179800Z         """
2025-01-13T16:08:12.7180011Z         Read from the store, close it if we opened it.
2025-01-13T16:08:12.7180270Z     
2025-01-13T16:08:12.7180712Z         Retrieve pandas object stored in file, optionally based on where
2025-01-13T16:08:12.7181099Z         criteria.
2025-01-13T16:08:12.7181284Z     
2025-01-13T16:08:12.7184954Z         .. warning::
2025-01-13T16:08:12.7185214Z     
2025-01-13T16:08:12.7185498Z            Pandas uses PyTables for reading and writing HDF5 files, which allows
2025-01-13T16:08:12.7185977Z            serializing object-dtype data with pickle when using the "fixed" format.
2025-01-13T16:08:12.7186457Z            Loading pickled data received from untrusted sources can be unsafe.
2025-01-13T16:08:12.7186787Z     
2025-01-13T16:08:12.7187313Z            See: https://docs.python.org/3/library/pickle.html for more.
2025-01-13T16:08:12.7187638Z     
2025-01-13T16:08:12.7187802Z         Parameters
2025-01-13T16:08:12.7187995Z         ----------
2025-01-13T16:08:12.7188233Z         path_or_buf : str, path object, pandas.HDFStore
2025-01-13T16:08:12.7188625Z             Any valid string path is acceptable. Only supports the local file system,
2025-01-13T16:08:12.7189033Z             remote URLs and file-like objects are not supported.
2025-01-13T16:08:12.7189517Z     
2025-01-13T16:08:12.7189885Z             If you want to pass in a path object, pandas accepts any
2025-01-13T16:08:12.7190184Z             ``os.PathLike``.
2025-01-13T16:08:12.7190389Z     
2025-01-13T16:08:12.7190889Z             Alternatively, pandas accepts an open :class:`pandas.HDFStore` object.
2025-01-13T16:08:12.7191229Z     
2025-01-13T16:08:12.7191395Z         key : object, optional
2025-01-13T16:08:12.7191699Z             The group identifier in the store. Can be omitted if the HDF file
2025-01-13T16:08:12.7192047Z             contains a single pandas object.
2025-01-13T16:08:12.7192304Z         mode : {'r', 'r+', 'a'}, default 'r'
2025-01-13T16:08:12.7192613Z             Mode to use when opening the file. Ignored if path_or_buf is a
2025-01-13T16:08:12.7192954Z             :class:`pandas.HDFStore`. Default is 'r'.
2025-01-13T16:08:12.7193223Z         errors : str, default 'strict'
2025-01-13T16:08:12.7193539Z             Specifies how encoding and decoding errors are to be handled.
2025-01-13T16:08:12.7193919Z             See the errors argument for :func:`open` for a full list
2025-01-13T16:08:12.7194206Z             of options.
2025-01-13T16:08:12.7194414Z         where : list, optional
2025-01-13T16:08:12.7194659Z             A list of Term (or convertible) objects.
2025-01-13T16:08:12.7194918Z         start : int, optional
2025-01-13T16:08:12.7195152Z             Row number to start selection.
2025-01-13T16:08:12.7195400Z         stop  : int, optional
2025-01-13T16:08:12.7195633Z             Row number to stop selection.
2025-01-13T16:08:12.7195880Z         columns : list, optional
2025-01-13T16:08:12.7196118Z             A list of columns names to return.
2025-01-13T16:08:12.7196374Z         iterator : bool, optional
2025-01-13T16:08:12.7196609Z             Return an iterator object.
2025-01-13T16:08:12.7196848Z         chunksize : int, optional
2025-01-13T16:08:12.7197144Z             Number of rows to include in an iteration when using an iterator.
2025-01-13T16:08:12.7197458Z         **kwargs
2025-01-13T16:08:12.7197694Z             Additional keyword arguments passed to HDFStore.
2025-01-13T16:08:12.7197969Z     
2025-01-13T16:08:12.7198126Z         Returns
2025-01-13T16:08:12.7198334Z         -------
2025-01-13T16:08:12.7209722Z         object
2025-01-13T16:08:12.7210046Z             The selected object. Return type depends on the object stored.
2025-01-13T16:08:12.7210373Z     
2025-01-13T16:08:12.7210742Z         See Also
2025-01-13T16:08:12.7210994Z         --------
2025-01-13T16:08:12.7211259Z         DataFrame.to_hdf : Write a HDF file from a DataFrame.
2025-01-13T16:08:12.7211605Z         HDFStore : Low-level access to HDF files.
2025-01-13T16:08:12.7211861Z     
2025-01-13T16:08:12.7212028Z         Examples
2025-01-13T16:08:12.7212222Z         --------
2025-01-13T16:08:12.7212502Z         >>> df = pd.DataFrame([[1, 1.0, 'a']], columns=['x', 'y', 'z'])  # doctest: +SKIP
2025-01-13T16:08:12.7212870Z         >>> df.to_hdf('./store.h5', 'data')  # doctest: +SKIP
2025-01-13T16:08:12.7213205Z         >>> reread = pd.read_hdf('./store.h5')  # doctest: +SKIP
2025-01-13T16:08:12.7213481Z         """
2025-01-13T16:08:12.7213675Z         if mode not in ["r", "r+", "a"]:
2025-01-13T16:08:12.7213938Z             raise ValueError(
2025-01-13T16:08:12.7214224Z                 f"mode {mode} is not allowed while performing a read. "
2025-01-13T16:08:12.7214547Z                 f"Allowed modes are r, r+ and a."
2025-01-13T16:08:12.7214795Z             )
2025-01-13T16:08:12.7215167Z         # grab the scope
2025-01-13T16:08:12.7215376Z         if where is not None:
2025-01-13T16:08:12.7215625Z             where = _ensure_term(where, scope_level=1)
2025-01-13T16:08:12.7215889Z     
2025-01-13T16:08:12.7216079Z         if isinstance(path_or_buf, HDFStore):
2025-01-13T16:08:12.7216348Z             if not path_or_buf.is_open:
2025-01-13T16:08:12.7216646Z                 raise OSError("The HDFStore must be open for reading.")
2025-01-13T16:08:12.7217057Z     
2025-01-13T16:08:12.7217230Z             store = path_or_buf
2025-01-13T16:08:12.7217459Z             auto_close = False
2025-01-13T16:08:12.7217672Z         else:
2025-01-13T16:08:12.7217882Z             path_or_buf = stringify_path(path_or_buf)
2025-01-13T16:08:12.7218168Z             if not isinstance(path_or_buf, str):
2025-01-13T16:08:12.7218443Z                 raise NotImplementedError(
2025-01-13T16:08:12.7218759Z                     "Support for generic buffers has not been implemented."
2025-01-13T16:08:12.7219059Z                 )
2025-01-13T16:08:12.7219237Z             try:
2025-01-13T16:08:12.7219451Z                 exists = os.path.exists(path_or_buf)
2025-01-13T16:08:12.7219781Z     
2025-01-13T16:08:12.7219957Z             # if filepath is too long
2025-01-13T16:08:12.7220214Z             except (TypeError, ValueError):
2025-01-13T16:08:12.7220464Z                 exists = False
2025-01-13T16:08:12.7220883Z     
2025-01-13T16:08:12.7221057Z             if not exists:
2025-01-13T16:08:12.7221361Z >               raise FileNotFoundError(f"File {path_or_buf} does not exist")
2025-01-13T16:08:12.7222079Z E               FileNotFoundError: File /home/runner/work/tardis/tardis/tardis-regression-data/test_tau_sobolev/test_calculate_sobolev_line_opacity.h5 does not exist
2025-01-13T16:08:12.7222625Z 
2025-01-13T16:08:12.7222920Z ../../../micromamba/envs/tardis/lib/python3.12/site-packages/pandas/io/pytables.py:424: FileNotFoundError
2025-01-13T16:08:12.7223454Z ---------------------------- Captured stdout setup -----------------------------
2025-01-13T16:08:12.7224116Z [[1mtardis.io.model.parse_density_configuration[0m][[1;33mWARNING[0m]  
2025-01-13T16:08:12.7224835Z 	Number of density points larger than number of shells. Assuming inner point irrelevant ([1mparse_density_configuration.py[0m:114)
2025-01-13T16:08:12.7225419Z ---------------------------- Captured stderr setup -----------------------------
2025-01-13T16:08:12.7225660Z 
2025-01-13T16:08:12.7225664Z 
2025-01-13T16:08:12.7225905Z Packets:                                                                                   4020/? [00:11<00:00, 33892.52it/s][A
2025-01-13T16:08:12.7226130Z 
2025-01-13T16:08:12.7226356Z Packets:                                                                                   4021/? [00:12<00:00, 240.16it/s]  [A
2025-01-13T16:08:12.7226888Z Iterations:â–ˆâ–ˆâ–ˆâ–ˆâ–ˆâ–ˆâ–ˆâ–ˆâ–ˆâ–ˆâ–ˆâ–ˆâ–ˆâ–ˆâ–ˆâ–ˆâ–ˆâ–ˆâ–ˆâ–ˆâ–ˆâ–ˆâ–ˆâ–ˆâ–ˆâ–ˆâ–ˆâ–ˆâ–ˆâ–ˆâ–ˆâ–ˆâ–ˆâ–ˆâ–ˆâ–ˆâ–ˆâ–ˆâ–ˆâ–ˆâ–ˆâ–ˆâ–ˆâ–ˆâ–ˆâ–ˆâ–ˆâ–ˆâ–ˆâ–ˆâ–ˆâ–ˆâ–ˆâ–ˆâ–ˆâ–ˆâ–ˆâ–ˆâ–ˆâ–ˆâ–ˆâ–ˆâ–ˆâ–ˆ                4/5 [00:12<00:02,  2.87s/it]
2025-01-13T16:08:12.7227161Z 
2025-01-13T16:08:12.7227388Z Packets:                                                                                   4030/? [00:12<00:00, 240.16it/s][A
2025-01-13T16:08:12.7227772Z ------------------------------ Captured log setup ------------------------------
2025-01-13T16:08:12.7228508Z WARNING  tardis.io.model.parse_density_configuration:parse_density_configuration.py:114 Number of density points larger than number of shells. Assuming inner point irrelevant
2025-01-13T16:08:12.7229244Z _________________________ test_calculate_beta_sobolevs _________________________
2025-01-13T16:08:12.7229495Z 
2025-01-13T16:08:12.7229736Z nb_simulation_verysimple = <tardis.simulation.base.Simulation object at 0x7f0ea6ac67e0>
2025-01-13T16:08:12.7230315Z regression_data = <tardis.tests.fixtures.regression_data.RegressionData object at 0x7f0ea6e3af60>
2025-01-13T16:08:12.7230850Z 
2025-01-13T16:08:12.7231045Z     def test_calculate_beta_sobolevs(nb_simulation_verysimple, regression_data):
2025-01-13T16:08:12.7231446Z         legacy_plasma = nb_simulation_verysimple.plasma
2025-01-13T16:08:12.7231898Z     
2025-01-13T16:08:12.7232104Z         tau_sobolevs = calculate_sobolev_line_opacity(
2025-01-13T16:08:12.7232387Z             legacy_plasma.lines,
2025-01-13T16:08:12.7232644Z             legacy_plasma.level_number_density,
2025-01-13T16:08:12.7232915Z             legacy_plasma.time_explosion,
2025-01-13T16:08:12.7233199Z             legacy_plasma.stimulated_emission_factor,
2025-01-13T16:08:12.7233459Z         )
2025-01-13T16:08:12.7233875Z         actual = calculate_beta_sobolev(tau_sobolevs)
2025-01-13T16:08:12.7234177Z >       expected = regression_data.sync_ndarray(actual)
2025-01-13T16:08:12.7234374Z 
2025-01-13T16:08:12.7234487Z tardis/opacities/tests/test_tau_sobolev.py:35: 
2025-01-13T16:08:12.7234795Z _ _ _ _ _ _ _ _ _ _ _ _ _ _ _ _ _ _ _ _ _ _ _ _ _ _ _ _ _ _ _ _ _ _ _ _ _ _ _ _ 
2025-01-13T16:08:12.7235148Z tardis/tests/fixtures/regression_data.py:111: in sync_ndarray
2025-01-13T16:08:12.7235485Z     return np.load(self.fpath)
2025-01-13T16:08:12.7235748Z _ _ _ _ _ _ _ _ _ _ _ _ _ _ _ _ _ _ _ _ _ _ _ _ _ _ _ _ _ _ _ _ _ _ _ _ _ _ _ _ 
2025-01-13T16:08:12.7235941Z 
2025-01-13T16:08:12.7236323Z file = PosixPath('/home/runner/work/tardis/tardis/tardis-regression-data/test_tau_sobolev/test_calculate_beta_sobolevs.npy')
2025-01-13T16:08:12.7236959Z mmap_mode = None, allow_pickle = False, fix_imports = True, encoding = 'ASCII'
2025-01-13T16:08:12.7237229Z 
2025-01-13T16:08:12.7237307Z     @set_module('numpy')
2025-01-13T16:08:12.7237607Z     def load(file, mmap_mode=None, allow_pickle=False, fix_imports=True,
2025-01-13T16:08:12.7237999Z              encoding='ASCII', *, max_header_size=format._MAX_HEADER_SIZE):
2025-01-13T16:08:12.7238302Z         """
2025-01-13T16:08:12.7238579Z         Load arrays or pickled objects from ``.npy``, ``.npz`` or pickled files.
2025-01-13T16:08:12.7238901Z     
2025-01-13T16:08:12.7239190Z         .. warning:: Loading files that contain object arrays uses the ``pickle``
2025-01-13T16:08:12.7239596Z                      module, which is not secure against erroneous or maliciously
2025-01-13T16:08:12.7239983Z                      constructed data. Consider passing ``allow_pickle=False`` to
2025-01-13T16:08:12.7240357Z                      load data that is known not to contain object arrays for the
2025-01-13T16:08:12.7240924Z                      safer handling of untrusted sources.
2025-01-13T16:08:12.7241293Z     
2025-01-13T16:08:12.7241464Z         Parameters
2025-01-13T16:08:12.7241665Z         ----------
2025-01-13T16:08:12.7241896Z         file : file-like object, string, or pathlib.Path
2025-01-13T16:08:12.7242220Z             The file to read. File-like objects must support the
2025-01-13T16:08:12.7242544Z             ``seek()`` and ``read()`` methods and must always
2025-01-13T16:08:12.7242876Z             be opened in binary mode.  Pickled files require that the
2025-01-13T16:08:12.7243240Z             file-like object support the ``readline()`` method as well.
2025-01-13T16:08:12.7243583Z         mmap_mode : {None, 'r+', 'r', 'w+', 'c'}, optional
2025-01-13T16:08:12.7243931Z             If not None, then memory-map the file, using the given mode (see
2025-01-13T16:08:12.7244320Z             `numpy.memmap` for a detailed description of the modes).  A
2025-01-13T16:08:12.7244716Z             memory-mapped array is kept on disk. However, it can be accessed
2025-01-13T16:08:12.7245120Z             and sliced like any ndarray.  Memory mapping is especially useful
2025-01-13T16:08:12.7245524Z             for accessing small fragments of large files without reading the
2025-01-13T16:08:12.7245847Z             entire file into memory.
2025-01-13T16:08:12.7246093Z         allow_pickle : bool, optional
2025-01-13T16:08:12.7246426Z             Allow loading pickled object arrays stored in npy files. Reasons for
2025-01-13T16:08:12.7246845Z             disallowing pickles include security, as loading pickled data can
2025-01-13T16:08:12.7247264Z             execute arbitrary code. If pickles are disallowed, loading object
2025-01-13T16:08:12.7247745Z             arrays will fail. Default: False
2025-01-13T16:08:12.7247978Z     
2025-01-13T16:08:12.7248159Z             .. versionchanged:: 1.16.3
2025-01-13T16:08:12.7248439Z                 Made default False in response to CVE-2019-6446.
2025-01-13T16:08:12.7248710Z     
2025-01-13T16:08:12.7248883Z         fix_imports : bool, optional
2025-01-13T16:08:12.7249218Z             Only useful when loading Python 2 generated pickled files on Python 3,
2025-01-13T16:08:12.7249796Z             which includes npy/npz files containing object arrays. If `fix_imports`
2025-01-13T16:08:12.7250225Z             is True, pickle will try to map the old Python 2 names to the new names
2025-01-13T16:08:12.7250882Z             used in Python 3.
2025-01-13T16:08:12.7251129Z         encoding : str, optional
2025-01-13T16:08:12.7251441Z             What encoding to use when reading Python 2 strings. Only useful when
2025-01-13T16:08:12.7251865Z             loading Python 2 generated pickled files in Python 3, which includes
2025-01-13T16:08:12.7252293Z             npy/npz files containing object arrays. Values other than 'latin1',
2025-01-13T16:08:12.7252698Z             'ASCII', and 'bytes' are not allowed, as they can corrupt numerical
2025-01-13T16:08:12.7253022Z             data. Default: 'ASCII'
2025-01-13T16:08:12.7253272Z         max_header_size : int, optional
2025-01-13T16:08:12.7253604Z             Maximum allowed size of the header.  Large headers may not be safe
2025-01-13T16:08:12.7254024Z             to load securely and thus require explicitly passing a larger value.
2025-01-13T16:08:12.7254395Z             See :py:func:`ast.literal_eval()` for details.
2025-01-13T16:08:12.7254838Z             This option is ignored when `allow_pickle` is passed.  In that case
2025-01-13T16:08:12.7255232Z             the file is by definition trusted and the limit is unnecessary.
2025-01-13T16:08:12.7255537Z     
2025-01-13T16:08:12.7255700Z         Returns
2025-01-13T16:08:12.7255887Z         -------
2025-01-13T16:08:12.7256094Z         result : array, tuple, dict, etc.
2025-01-13T16:08:12.7256421Z             Data stored in the file. For ``.npz`` files, the returned instance
2025-01-13T16:08:12.7256812Z             of NpzFile class must be closed to avoid leaking file descriptors.
2025-01-13T16:08:12.7257130Z     
2025-01-13T16:08:12.7257288Z         Raises
2025-01-13T16:08:12.7257462Z         ------
2025-01-13T16:08:12.7257636Z         OSError
2025-01-13T16:08:12.7257865Z             If the input file does not exist or cannot be read.
2025-01-13T16:08:12.7258154Z         UnpicklingError
2025-01-13T16:08:12.7258441Z             If ``allow_pickle=True``, but the file cannot be loaded as a pickle.
2025-01-13T16:08:12.7258754Z         ValueError
2025-01-13T16:08:12.7259029Z             The file contains an object array, but ``allow_pickle=False`` given.
2025-01-13T16:08:12.7259344Z         EOFError
2025-01-13T16:08:12.7259606Z             When calling ``np.load`` multiple times on the same file handle,
2025-01-13T16:08:12.7259944Z             if all data has already been read
2025-01-13T16:08:12.7260181Z     
2025-01-13T16:08:12.7260340Z         See Also
2025-01-13T16:08:12.7260644Z         --------
2025-01-13T16:08:12.7260852Z         save, savez, savez_compressed, loadtxt
2025-01-13T16:08:12.7261191Z         memmap : Create a memory-map to an array stored in a file on disk.
2025-01-13T16:08:12.7261602Z         lib.format.open_memmap : Create or load a memory-mapped ``.npy`` file.
2025-01-13T16:08:12.7261935Z     
2025-01-13T16:08:12.7262095Z         Notes
2025-01-13T16:08:12.7262265Z         -----
2025-01-13T16:08:12.7262534Z         - If the file contains pickle data, then whatever object is stored
2025-01-13T16:08:12.7262853Z           in the pickle is returned.
2025-01-13T16:08:12.7263155Z         - If the file is a ``.npy`` file, then a single array is returned.
2025-01-13T16:08:12.7263517Z         - If the file is a ``.npz`` file, then a dictionary-like object is
2025-01-13T16:08:12.7263911Z           returned, containing ``{filename: array}`` key-value pairs, one for
2025-01-13T16:08:12.7264413Z           each file in the archive.
2025-01-13T16:08:12.7264716Z         - If the file is a ``.npz`` file, the returned value supports the
2025-01-13T16:08:12.7265119Z           context manager protocol in a similar fashion to the open function::
2025-01-13T16:08:12.7265441Z     
2025-01-13T16:08:12.7265623Z             with load('foo.npz') as data:
2025-01-13T16:08:12.7265919Z                 a = data['a']
2025-01-13T16:08:12.7266249Z     
2025-01-13T16:08:12.7266497Z           The underlying file descriptor is closed when exiting the 'with'
2025-01-13T16:08:12.7266838Z           block.
2025-01-13T16:08:12.7267010Z     
2025-01-13T16:08:12.7267168Z         Examples
2025-01-13T16:08:12.7267348Z         --------
2025-01-13T16:08:12.7267548Z         Store data to disk, and load it again:
2025-01-13T16:08:12.7267789Z     
2025-01-13T16:08:12.7267998Z         >>> np.save('/tmp/123', np.array([[1, 2, 3], [4, 5, 6]]))
2025-01-13T16:08:12.7268299Z         >>> np.load('/tmp/123.npy')
2025-01-13T16:08:12.7268534Z         array([[1, 2, 3],
2025-01-13T16:08:12.7268735Z                [4, 5, 6]])
2025-01-13T16:08:12.7268930Z     
2025-01-13T16:08:12.7269133Z         Store compressed data to disk, and load it again:
2025-01-13T16:08:12.7269400Z     
2025-01-13T16:08:12.7269576Z         >>> a=np.array([[1, 2, 3], [4, 5, 6]])
2025-01-13T16:08:12.7269818Z         >>> b=np.array([1, 2])
2025-01-13T16:08:12.7270057Z         >>> np.savez('/tmp/123.npz', a=a, b=b)
2025-01-13T16:08:12.7270318Z         >>> data = np.load('/tmp/123.npz')
2025-01-13T16:08:12.7270683Z         >>> data['a']
2025-01-13T16:08:12.7270886Z         array([[1, 2, 3],
2025-01-13T16:08:12.7271087Z                [4, 5, 6]])
2025-01-13T16:08:12.7271285Z         >>> data['b']
2025-01-13T16:08:12.7271473Z         array([1, 2])
2025-01-13T16:08:12.7271664Z         >>> data.close()
2025-01-13T16:08:12.7271864Z     
2025-01-13T16:08:12.7272084Z         Mem-map the stored array, and then access the second row
2025-01-13T16:08:12.7272388Z         directly from disk:
2025-01-13T16:08:12.7272592Z     
2025-01-13T16:08:12.7272781Z         >>> X = np.load('/tmp/123.npy', mmap_mode='r')
2025-01-13T16:08:12.7273033Z         >>> X[1, :]
2025-01-13T16:08:12.7273227Z         memmap([4, 5, 6])
2025-01-13T16:08:12.7273425Z     
2025-01-13T16:08:12.7273585Z         """
2025-01-13T16:08:12.7273797Z         if encoding not in ('ASCII', 'latin1', 'bytes'):
2025-01-13T16:08:12.7274136Z             # The 'encoding' value for pickle also affects what encoding
2025-01-13T16:08:12.7274496Z             # the serialized binary data of NumPy arrays is loaded
2025-01-13T16:08:12.7274844Z             # in. Pickle does not pass on the encoding information to
2025-01-13T16:08:12.7275194Z             # NumPy. The unpickling code in numpy.core.multiarray is
2025-01-13T16:08:12.7275555Z             # written to assume that unicode data appearing where binary
2025-01-13T16:08:12.7275921Z             # should be is in 'latin1'. 'bytes' is also safe, as is 'ASCII'.
2025-01-13T16:08:12.7276223Z             #
2025-01-13T16:08:12.7276463Z             # Other encoding values can corrupt binary data, and we
2025-01-13T16:08:12.7276830Z             # purposefully disallow them. For the same reason, the errors=
2025-01-13T16:08:12.7277201Z             # argument is not exposed, as values other than 'strict'
2025-01-13T16:08:12.7277539Z             # result can similarly silently corrupt numerical data.
2025-01-13T16:08:12.7277922Z             raise ValueError("encoding must be 'ASCII', 'latin1', or 'bytes'")
2025-01-13T16:08:12.7278240Z     
2025-01-13T16:08:12.7278483Z         pickle_kwargs = dict(encoding=encoding, fix_imports=fix_imports)
2025-01-13T16:08:12.7278787Z     
2025-01-13T16:08:12.7278972Z         with contextlib.ExitStack() as stack:
2025-01-13T16:08:12.7279237Z             if hasattr(file, 'read'):
2025-01-13T16:08:12.7279469Z                 fid = file
2025-01-13T16:08:12.7279676Z                 own_fid = False
2025-01-13T16:08:12.7280006Z             else:
2025-01-13T16:08:12.7280247Z >               fid = stack.enter_context(open(os_fspath(file), "rb"))
2025-01-13T16:08:12.7281064Z E               FileNotFoundError: [Errno 2] No such file or directory: '/home/runner/work/tardis/tardis/tardis-regression-data/test_tau_sobolev/test_calculate_beta_sobolevs.npy'
2025-01-13T16:08:12.7281628Z 
2025-01-13T16:08:12.7281895Z ../../../micromamba/envs/tardis/lib/python3.12/site-packages/numpy/lib/npyio.py:427: FileNotFoundError
2025-01-13T16:08:12.7282486Z =============================== warnings summary ===============================
2025-01-13T16:08:12.7282801Z tardis/io/configuration/config_validator.py:6
2025-01-13T16:08:12.7283103Z tardis/io/configuration/config_validator.py:6
2025-01-13T16:08:12.7283582Z   /home/runner/work/tardis/tardis/tardis/io/configuration/config_validator.py:6: DeprecationWarning:
2025-01-13T16:08:12.7284041Z   
2025-01-13T16:08:12.7285226Z   jsonschema.RefResolver is deprecated as of v4.18.0, in favor of the https://github.com/python-jsonschema/referencing library, which provides more compliant referencing behavior as well as more flexible APIs for customization. A future release will remove RefResolver. Please file a feature request (on referencing) if you are missing an API for the kind of customization you need.
2025-01-13T16:08:12.7286411Z 
2025-01-13T16:08:12.7286645Z ../../../micromamba/envs/tardis/lib/python3.12/site-packages/jupyter_client/connect.py:22
2025-01-13T16:08:12.7287320Z   /home/runner/micromamba/envs/tardis/lib/python3.12/site-packages/jupyter_client/connect.py:22: DeprecationWarning:
2025-01-13T16:08:12.7287820Z   
2025-01-13T16:08:12.7288059Z   Jupyter is migrating its paths to use standard platformdirs
2025-01-13T16:08:12.7288440Z   given by the platformdirs library.  To remove this warning and
2025-01-13T16:08:12.7288829Z   see the appropriate new directories, set the environment variable
2025-01-13T16:08:12.7289214Z   `JUPYTER_PLATFORM_DIRS=1` and then run `jupyter --paths`.
2025-01-13T16:08:12.7289593Z   The use of platformdirs will be the default in `jupyter_core` v6
2025-01-13T16:08:12.7289827Z 
2025-01-13T16:08:12.7289972Z tardis/io/tests/test_HDFWriter.py::test_multi_index_write
2025-01-13T16:08:12.7290441Z tardis/visualization/widgets/tests/test_shell_info.py::TestHDFShellInfo::test_shells_data
2025-01-13T16:08:12.7291079Z   /home/runner/work/tardis/tardis/tardis/io/util.py:276: PerformanceWarning:
2025-01-13T16:08:12.7291435Z   
2025-01-13T16:08:12.7291593Z   
2025-01-13T16:08:12.7291879Z   your performance may suffer as PyTables will pickle object types that it cannot
2025-01-13T16:08:12.7292408Z   map directly to c-types [inferred_type->mixed,key->block0_values] [items->Index([0], dtype='int64')]
2025-01-13T16:08:12.7292748Z 
2025-01-13T16:08:12.7292937Z tardis/io/tests/test_model_reader.py::test_read_cmfgen_isotope_abundances
2025-01-13T16:08:12.7293416Z tardis/plasma/tests/test_tardis_model_density_config.py::test_electron_densities
2025-01-13T16:08:12.7293933Z tardis/plasma/tests/test_tardis_model_density_config.py::test_isotope_number_densities
2025-01-13T16:08:12.7294430Z tardis/plasma/tests/test_tardis_model_density_config.py::test_t_rad
2025-01-13T16:08:12.7294983Z   /home/runner/work/tardis/tardis/tardis/io/model/readers/cmfgen_deprecated.py:82: DeprecationWarning:
2025-01-13T16:08:12.7295437Z   
2025-01-13T16:08:12.7295637Z   The current CMFGEN model parser is deprecated
2025-01-13T16:08:12.7295831Z 
2025-01-13T16:08:12.7295942Z tardis/io/tests/test_model_reader.py: 1 warning
2025-01-13T16:08:12.7296303Z tardis/plasma/tests/test_tardis_model_density_config.py: 9 warnings
2025-01-13T16:08:12.7296852Z   /home/runner/work/tardis/tardis/tardis/io/model/readers/cmfgen_deprecated.py:40: DeprecationWarning:
2025-01-13T16:08:12.7297303Z   
2025-01-13T16:08:12.7297498Z   The current CMFGEN model parser is deprecated
2025-01-13T16:08:12.7297680Z 
2025-01-13T16:08:12.7297885Z tardis/model/tests/test_base.py::TestModelFromPaper1Config::test_abundances
2025-01-13T16:08:12.7298515Z   /home/runner/work/tardis/tardis/tardis/transport/montecarlo/montecarlo_main_loop.py:123: NumbaTypeSafetyWarning:
2025-01-13T16:08:12.7299144Z   
2025-01-13T16:08:12.7299527Z   [1m[1m[1munsafe cast from uint64 to int64. Precision may be lost.[0m[0m[0m
2025-01-13T16:08:12.7299791Z 
2025-01-13T16:08:12.7299892Z tardis/model/tests/test_base.py: 6 warnings
2025-01-13T16:08:12.7300182Z tardis/model/tests/test_csvy_model.py: 2 warnings
2025-01-13T16:08:12.7300649Z tardis/plasma/tests/test_tardis_model_density_config.py: 3 warnings
2025-01-13T16:08:12.7301289Z   /home/runner/work/tardis/tardis/tardis/model/geometry/radial1d.py:50: DeprecationWarning:
2025-01-13T16:08:12.7301703Z   
2025-01-13T16:08:12.7301891Z   v_inner_boundary < 0, assuming default value
2025-01-13T16:08:12.7302077Z 
2025-01-13T16:08:12.7302179Z tardis/model/tests/test_base.py: 6 warnings
2025-01-13T16:08:12.7302464Z tardis/model/tests/test_csvy_model.py: 2 warnings
2025-01-13T16:08:12.7302827Z tardis/plasma/tests/test_tardis_model_density_config.py: 3 warnings
2025-01-13T16:08:12.7303341Z   /home/runner/work/tardis/tardis/tardis/model/geometry/radial1d.py:61: DeprecationWarning:
2025-01-13T16:08:12.7303747Z   
2025-01-13T16:08:12.7303936Z   v_outer_boundary < 0, assuming default value
2025-01-13T16:08:12.7304118Z 
2025-01-13T16:08:12.7304576Z tardis/plasma/equilibrium/tests/test_level_populations.py::TestLevelPopulationSolver::test_solve[collisional_rate_solver0-radiative_transitions0]
2025-01-13T16:08:12.7305392Z   /home/runner/work/tardis/tardis/tardis/plasma/equilibrium/level_populations.py:65: FutureWarning:
2025-01-13T16:08:12.7305839Z   
2025-01-13T16:08:12.7306198Z   A value is trying to be set on a copy of a DataFrame or Series through chained assignment using an inplace method.
2025-01-13T16:08:12.7306986Z   The behavior will change in pandas 3.0. This inplace method will never work because the intermediate object on which we are setting values always behaves as a copy.
2025-01-13T16:08:12.7307562Z   
2025-01-13T16:08:12.7308158Z   For example, when doing 'df[col].method(value, inplace=True)', try using 'df.method({col: value}, inplace=True)' or df[col] = df[col].method(value) instead, to perform the operation inplace on the original object.
2025-01-13T16:08:12.7308752Z 
2025-01-13T16:08:12.7308902Z tardis/plasma/tests/test_complete_plasmas.py: 20 warnings
2025-01-13T16:08:12.7309402Z   /home/runner/work/tardis/tardis/tardis/plasma/tests/test_complete_plasmas.py:197: UserWarning:
2025-01-13T16:08:12.7309832Z   
2025-01-13T16:08:12.7310003Z   Property "atomic_mass" not found
2025-01-13T16:08:12.7310169Z 
2025-01-13T16:08:12.7310711Z tardis/plasma/tests/test_complete_plasmas.py::TestPlasma::test_plasma_properties[radiative_rates_type:detailed-w_epsilon:1e-10-j_blues_norm_factor]
2025-01-13T16:08:12.7311580Z tardis/plasma/tests/test_complete_plasmas.py::TestPlasma::test_plasma_properties[radiative_rates_type:detailed-j_blues_norm_factor]
2025-01-13T16:08:12.7312303Z   /home/runner/work/tardis/tardis/tardis/plasma/tests/test_complete_plasmas.py:197: UserWarning:
2025-01-13T16:08:12.7312735Z   
2025-01-13T16:08:12.7312921Z   Property "j_blues_norm_factor" not found
2025-01-13T16:08:12.7313099Z 
2025-01-13T16:08:12.7313509Z tardis/plasma/tests/test_complete_plasmas.py::TestPlasma::test_plasma_properties[radiative_rates_type:detailed-w_epsilon:1e-10-j_blue_estimator]
2025-01-13T16:08:12.7314347Z tardis/plasma/tests/test_complete_plasmas.py::TestPlasma::test_plasma_properties[radiative_rates_type:detailed-j_blue_estimator]
2025-01-13T16:08:12.7315063Z   /home/runner/work/tardis/tardis/tardis/plasma/tests/test_complete_plasmas.py:197: UserWarning:
2025-01-13T16:08:12.7315480Z   
2025-01-13T16:08:12.7315656Z   Property "j_blue_estimator" not found
2025-01-13T16:08:12.7315834Z 
2025-01-13T16:08:12.7316208Z tardis/plasma/tests/test_complete_plasmas.py::TestPlasma::test_plasma_properties[radiative_rates_type:detailed-w_epsilon:1e-10-volume]
2025-01-13T16:08:12.7316994Z tardis/plasma/tests/test_complete_plasmas.py::TestPlasma::test_plasma_properties[radiative_rates_type:detailed-volume]
2025-01-13T16:08:12.7317794Z   /home/runner/work/tardis/tardis/tardis/plasma/tests/test_complete_plasmas.py:197: UserWarning:
2025-01-13T16:08:12.7318215Z   
2025-01-13T16:08:12.7318383Z   Property "volume" not found
2025-01-13T16:08:12.7318536Z 
2025-01-13T16:08:12.7318915Z tardis/plasma/tests/test_complete_plasmas.py::TestPlasma::test_plasma_properties[radiative_rates_type:detailed-w_epsilon:1e-10-r_inner]
2025-01-13T16:08:12.7319703Z tardis/plasma/tests/test_complete_plasmas.py::TestPlasma::test_plasma_properties[radiative_rates_type:detailed-r_inner]
2025-01-13T16:08:12.7320633Z   /home/runner/work/tardis/tardis/tardis/plasma/tests/test_complete_plasmas.py:197: UserWarning:
2025-01-13T16:08:12.7321069Z   
2025-01-13T16:08:12.7321238Z   Property "r_inner" not found
2025-01-13T16:08:12.7321385Z 
2025-01-13T16:08:12.7321600Z tardis/plasma/tests/test_plasma_vboundary.py::test_plasma_vboundary[2900-3750]
2025-01-13T16:08:12.7322092Z tardis/plasma/tests/test_plasma_vboundary.py::test_plasma_vboundary[2900-3850]
2025-01-13T16:08:12.7322589Z tardis/plasma/tests/test_plasma_vboundary.py::test_plasma_vboundary[2900-3900]
2025-01-13T16:08:12.7323101Z   /home/runner/work/tardis/tardis/tardis/model/geometry/radial1d.py:71: UserWarning:
2025-01-13T16:08:12.7323481Z   
2025-01-13T16:08:12.7323755Z   Requesting inner boundary below inner shell. Extrapolating the inner cell
2025-01-13T16:08:12.7324029Z 
2025-01-13T16:08:12.7324242Z tardis/spectrum/tests/test_spectrum_solver.py::TestSpectrumSolver::test_solve
2025-01-13T16:08:12.7324731Z   /home/runner/work/tardis/tardis/tardis/spectrum/base.py:70: UserWarning:
2025-01-13T16:08:12.7325073Z   
2025-01-13T16:08:12.7325472Z   SpectrumSolver.spectrum_virtual_packets is zero. Please run the montecarlo simulation with no_of_virtual_packets > 0
2025-01-13T16:08:12.7325876Z 
2025-01-13T16:08:12.7326084Z tardis/spectrum/tests/test_spectrum_solver.py::TestSpectrumSolver::test_solve
2025-01-13T16:08:12.7326570Z   /home/runner/work/tardis/tardis/tardis/spectrum/base.py:111: UserWarning:
2025-01-13T16:08:12.7326932Z   
2025-01-13T16:08:12.7327364Z   SpectrumSolver.integrator: The FormalIntegrator is not yet available.Please run the montecarlo simulation at least once.
2025-01-13T16:08:12.7327782Z 
2025-01-13T16:08:12.7327992Z tardis/transport/montecarlo/tests/test_vpacket.py::test_trace_vpacket_volley
2025-01-13T16:08:12.7328390Z   <string>:3: NumbaPendingDeprecationWarning:
2025-01-13T16:08:12.7328647Z   
2025-01-13T16:08:12.7330950Z   [1m[1mCode using Numba extension API maybe depending on 'old_style' error-capturing, which is deprecated and will be replaced by 'new_style' in a future release. See details at https://numba.readthedocs.io/en/latest/reference/deprecation.html#deprecation-of-old-style-numba-captured-errors
2025-01-13T16:08:12.7331947Z   Exception origin:
2025-01-13T16:08:12.7332315Z     File "/home/runner/micromamba/envs/tardis/lib/python3.12/inspect.py", line 3180, in _bind
2025-01-13T16:08:12.7332735Z       raise TypeError(msg) from None
2025-01-13T16:08:12.7332995Z   [0m[0m
2025-01-13T16:08:12.7333091Z 
2025-01-13T16:08:12.7333423Z tardis/visualization/tools/tests/test_sdec_plot.py::TestSDECPlotter::test_mpl_image[plotter_generate_plot_mpl4]
2025-01-13T16:08:12.7334102Z   /home/runner/work/tardis/tardis/tardis/visualization/tools/sdec_plot.py:1225: RuntimeWarning:
2025-01-13T16:08:12.7334533Z   
2025-01-13T16:08:12.7335451Z   More than 20 figures have been opened. Figures created through the pyplot interface (`matplotlib.pyplot.figure`) are retained until explicitly closed and may consume too much memory. (To control this warning, see the rcParam `figure.max_open_warning`). Consider using `matplotlib.pyplot.close()`.
2025-01-13T16:08:12.7336369Z 
2025-01-13T16:08:12.7336718Z tardis/visualization/widgets/tests/test_custom_abundance.py::TestCustomAbundanceWidget::test_update_input_item_value
2025-01-13T16:08:12.7337489Z tardis/visualization/widgets/tests/test_custom_abundance.py::TestCustomAbundanceWidget::test_update_input_item_value
2025-01-13T16:08:12.7338370Z tardis/visualization/widgets/tests/test_custom_abundance.py::TestCustomAbundanceWidget::test_update_input_item_value
2025-01-13T16:08:12.7339125Z tardis/visualization/widgets/tests/test_custom_abundance.py::TestCustomAbundanceWidget::test_update_input_item_value
2025-01-13T16:08:12.7339875Z tardis/visualization/widgets/tests/test_custom_abundance.py::TestCustomAbundanceWidget::test_update_input_item_value
2025-01-13T16:08:12.7340730Z tardis/visualization/widgets/tests/test_custom_abundance.py::TestCustomAbundanceWidget::test_update_input_item_value
2025-01-13T16:08:12.7341615Z   /home/runner/micromamba/envs/tardis/lib/python3.12/site-packages/traitlets/traitlets.py:1385: DeprecationWarning:
2025-01-13T16:08:12.7342112Z   
2025-01-13T16:08:12.7342385Z   Passing unrecognized arguments to super(Checkbox).__init__(icon='lock').
2025-01-13T16:08:12.7342825Z   object.__init__() takes exactly one argument (the instance to initialize)
2025-01-13T16:08:12.7343314Z   This is deprecated in traitlets 4.2.This error will be raised in a future release of traitlets.
2025-01-13T16:08:12.7343638Z 
2025-01-13T16:08:12.7343985Z tardis/visualization/widgets/tests/test_custom_abundance.py::TestCustomAbundanceWidget::test_update_input_item_value
2025-01-13T16:08:12.7344741Z tardis/visualization/widgets/tests/test_custom_abundance.py::TestCustomAbundanceWidget::test_update_input_item_value
2025-01-13T16:08:12.7345503Z   /home/runner/micromamba/envs/tardis/lib/python3.12/site-packages/traitlets/traitlets.py:1385: DeprecationWarning:
2025-01-13T16:08:12.7345998Z   
2025-01-13T16:08:12.7346264Z   Passing unrecognized arguments to super(FloatText).__init__(min=0).
2025-01-13T16:08:12.7346697Z   object.__init__() takes exactly one argument (the instance to initialize)
2025-01-13T16:08:12.7347180Z   This is deprecated in traitlets 4.2.This error will be raised in a future release of traitlets.
2025-01-13T16:08:12.7347493Z 
2025-01-13T16:08:12.7347845Z tardis/visualization/widgets/tests/test_custom_abundance.py::TestCustomAbundanceWidget::test_update_input_item_value
2025-01-13T16:08:12.7348610Z   /home/runner/micromamba/envs/tardis/lib/python3.12/site-packages/traitlets/traitlets.py:1385: DeprecationWarning:
2025-01-13T16:08:12.7349099Z   
2025-01-13T16:08:12.7349364Z   Passing unrecognized arguments to super(HTML).__init__(indent=True).
2025-01-13T16:08:12.7349788Z   object.__init__() takes exactly one argument (the instance to initialize)
2025-01-13T16:08:12.7350275Z   This is deprecated in traitlets 4.2.This error will be raised in a future release of traitlets.
2025-01-13T16:08:12.7350708Z 
2025-01-13T16:08:12.7351131Z tardis/visualization/widgets/tests/test_line_info.py::TestLineInfoWidgetData::test_get_species_interactions[wavelength_range0-packet_out_nu]
2025-01-13T16:08:12.7351942Z   /home/runner/micromamba/envs/tardis/lib/python3.12/site-packages/qgridnext/grid.py:814: DeprecationWarning:
2025-01-13T16:08:12.7352412Z   
2025-01-13T16:08:12.7352735Z   QgridWidget._df_changed is deprecated in traitlets 4.1: use @observe and @unobserve instead.
2025-01-13T16:08:12.7353063Z 
2025-01-13T16:08:12.7353317Z tardis/visualization/widgets/tests/test_shell_info.py::TestHDFShellInfo::test_shells_data
2025-01-13T16:08:12.7353853Z   /home/runner/work/tardis/tardis/tardis/io/util.py:289: PerformanceWarning:
2025-01-13T16:08:12.7354208Z   
2025-01-13T16:08:12.7354364Z   
2025-01-13T16:08:12.7354647Z   your performance may suffer as PyTables will pickle object types that it cannot
2025-01-13T16:08:12.7355186Z   map directly to c-types [inferred_type->mixed,key->block0_values] [items->Index([0], dtype='int64')]
2025-01-13T16:08:12.7355523Z 
2025-01-13T16:08:12.7355773Z tardis/visualization/widgets/tests/test_shell_info.py::TestHDFShellInfo::test_shells_data
2025-01-13T16:08:12.7356306Z   /home/runner/work/tardis/tardis/tardis/io/util.py:292: PerformanceWarning:
2025-01-13T16:08:12.7356656Z   
2025-01-13T16:08:12.7356809Z   
2025-01-13T16:08:12.7357087Z   your performance may suffer as PyTables will pickle object types that it cannot
2025-01-13T16:08:12.7357668Z   map directly to c-types [inferred_type->mixed,key->values] [items->None]
2025-01-13T16:08:12.7357924Z 
2025-01-13T16:08:12.7358178Z tardis/visualization/widgets/tests/test_shell_info.py::TestHDFShellInfo::test_shells_data
2025-01-13T16:08:12.7358745Z   /home/runner/work/tardis/tardis/tardis/spectrum/formal_integral.py:398: UserWarning:
2025-01-13T16:08:12.7359134Z   
2025-01-13T16:08:12.7359405Z   The number of interpolate_shells was not specified. The value was set to 80.
2025-01-13T16:08:12.7359783Z 
2025-01-13T16:08:12.7359970Z -- Docs: https://docs.pytest.org/en/stable/how-to/capture-warnings.html
2025-01-13T16:08:12.7360236Z 
2025-01-13T16:08:12.7360395Z ---------- coverage: platform linux, python 3.12.4-final-0 -----------
2025-01-13T16:08:12.7360883Z Coverage HTML written to dir coverage_html_report
2025-01-13T16:08:12.7361178Z Coverage XML written to file coverage.xml
2025-01-13T16:08:12.7361353Z 
2025-01-13T16:08:12.7361484Z =========================== short test summary info ============================
2025-01-13T16:08:12.7362438Z FAILED tardis/opacities/tests/test_tau_sobolev.py::test_calculate_sobolev_line_opacity - FileNotFoundError: File /home/runner/work/tardis/tardis/tardis-regression-data/test_tau_sobolev/test_calculate_sobolev_line_opacity.h5 does not exist
2025-01-13T16:08:12.7363957Z FAILED tardis/opacities/tests/test_tau_sobolev.py::test_calculate_beta_sobolevs - FileNotFoundError: [Errno 2] No such file or directory: '/home/runner/work/tardis/tardis/tardis-regression-data/test_tau_sobolev/test_calculate_beta_sobolevs.npy'
2025-01-13T16:08:12.7365009Z = 2 failed, 1436 passed, 329 skipped, 2 deselected, 19 xfailed, 8 xpassed, 91 warnings in 762.24s (0:12:42) =
2025-01-13T16:08:15.3692562Z ##[error]Process completed with exit code 1.
