2025-02-10T15:57:26.0561603Z ##[group]Run pytest tardis --tardis-regression-data=/home/runner/work/tardis/tardis/tardis-regression-data --cov=tardis --cov-report=xml --cov-report=html --cov-append -m "not continuum"
2025-02-10T15:57:26.0562871Z [36;1mpytest tardis --tardis-regression-data=/home/runner/work/tardis/tardis/tardis-regression-data --cov=tardis --cov-report=xml --cov-report=html --cov-append -m "not continuum"[0m
2025-02-10T15:57:26.0591343Z shell: /usr/bin/bash -l {0}
2025-02-10T15:57:26.0591582Z env:
2025-02-10T15:57:26.0591747Z   CACHE_NUMBER: 0
2025-02-10T15:57:26.0592349Z   PYTEST_FLAGS: --tardis-regression-data=/home/runner/work/tardis/tardis/tardis-regression-data --cov=tardis --cov-report=xml --cov-report=html --cov-append
2025-02-10T15:57:26.0593001Z   CODECOV_TOKEN: 
2025-02-10T15:57:26.0593235Z   MAMBA_ROOT_PREFIX: /home/runner/micromamba
2025-02-10T15:57:26.0593529Z   MAMBA_EXE: /home/runner/micromamba-bin/micromamba
2025-02-10T15:57:26.0594052Z   CONDARC: /home/runner/work/_temp/setup-micromamba/.condarc
2025-02-10T15:57:26.0594401Z ##[endgroup]
2025-02-10T15:57:35.2241060Z ============================= test session starts ==============================
2025-02-10T15:57:35.2241822Z platform linux -- Python 3.12.4, pytest-8.2.2, pluggy-1.5.0
2025-02-10T15:57:35.2242413Z rootdir: /home/runner/work/tardis/tardis
2025-02-10T15:57:35.2242887Z configfile: pyproject.toml
2025-02-10T15:57:35.2243465Z plugins: anyio-4.4.0, doctestplus-1.2.1, html-4.1.1, metadata-3.1.1, cov-5.0.0
2025-02-10T15:57:35.2244436Z collected 1797 items / 2 deselected / 1795 selected
2025-02-10T15:57:35.2244798Z 
2025-02-10T15:57:40.4274391Z tardis/energy_input/tests/test_energy_source.py ..xxx                    [  0%]
2025-02-10T15:57:43.5411232Z tardis/energy_input/tests/test_gamma_ray_channel.py ...........          [  0%]
2025-02-10T15:57:45.4218372Z tardis/energy_input/tests/test_gamma_ray_grid.py xx.                     [  1%]
2025-02-10T15:57:47.2644376Z tardis/energy_input/tests/test_gamma_ray_interactions.py xx....          [  1%]
2025-02-10T15:57:47.2736491Z tardis/energy_input/tests/test_gamma_ray_packet_source.py sssssssss      [  1%]
2025-02-10T15:57:48.6138908Z tardis/energy_input/tests/test_util.py .....xxxx.....                    [  2%]
2025-02-10T15:57:48.9494099Z tardis/grid/tests/test_grid.py .                                         [  2%]
2025-02-10T15:57:48.9510013Z tardis/gui/tests/test_gui.py s                                           [  2%]
2025-02-10T15:57:52.4569597Z tardis/io/configuration/tests/test_config_reader.py ...........          [  3%]
2025-02-10T15:57:52.4696409Z tardis/io/configuration/tests/test_configuration_namespace.py .........  [  3%]
2025-02-10T15:57:52.4969462Z tardis/io/logger/tests/test_logging.py ssssssssssssssssssssssssssss      [  5%]
2025-02-10T15:58:41.1118281Z tardis/io/model/readers/tests/test_arepo_parser.py ..                    [  5%]
2025-02-10T15:58:41.1289906Z tardis/io/model/readers/tests/test_ascii_readers.py ...                  [  5%]
2025-02-10T15:58:41.1441314Z tardis/io/model/readers/tests/test_cmfgen_reader.py ..                   [  5%]
2025-02-10T15:58:41.1804303Z tardis/io/model/readers/tests/test_csvy_reader.py ....                   [  6%]
2025-02-10T15:58:41.2027308Z tardis/io/model/readers/tests/test_stella_reader.py ..                   [  6%]
2025-02-10T15:58:41.6186052Z tardis/io/tests/test_HDFWriter.py ...............                        [  7%]
2025-02-10T15:58:42.0303393Z tardis/io/tests/test_atomic.py .....                                     [  7%]
2025-02-10T15:58:42.0549769Z tardis/io/tests/test_decay.py ..                                         [  7%]
2025-02-10T15:58:42.2905060Z tardis/io/tests/test_model_reader.py ......                              [  7%]
2025-02-10T15:58:42.2979547Z tardis/model/geometry/tests/test_radial1d.py ..                          [  7%]
2025-02-10T15:59:44.7660264Z tardis/model/tests/test_base.py ........................................ [ 10%]
2025-02-10T15:59:45.8176622Z ............                                                             [ 10%]
2025-02-10T15:59:48.8955592Z tardis/model/tests/test_csvy_model.py .........                          [ 11%]
2025-02-10T15:59:48.9433458Z tardis/model/tests/test_density.py ..                                    [ 11%]
2025-02-10T15:59:50.2691410Z tardis/opacities/tests/test_opacity_solver.py .....                      [ 11%]
2025-02-10T15:59:51.6061337Z tardis/opacities/tests/test_opacity_state_numba.py .....                 [ 11%]
2025-02-10T15:59:53.2923583Z tardis/opacities/tests/test_tau_sobolev.py FF                            [ 12%]
2025-02-10T15:59:56.5295663Z tardis/plasma/equilibrium/tests/test_collisional_transitions.py ...      [ 12%]
2025-02-10T16:00:43.7999358Z tardis/plasma/equilibrium/tests/test_level_populations.py ....           [ 12%]
2025-02-10T16:00:55.3945906Z tardis/plasma/equilibrium/tests/test_rate_matrix.py .                    [ 12%]
2025-02-10T16:00:57.0129782Z tardis/plasma/tests/test_complete_plasmas.py .....................s..... [ 13%]
2025-02-10T16:01:00.0261306Z s....ssssss............s............ss.....s....ssssss............s..... [ 17%]
2025-02-10T16:01:01.8535209Z .......ss.....s....ssssss............s............ss.....s....ssssss.... [ 22%]
2025-02-10T16:01:04.8924593Z ........s............ss.....s........ss............s............ss.....s [ 26%]
2025-02-10T16:01:07.9098001Z ........ss............s............ss.....s....ssssss............s...... [ 30%]
2025-02-10T16:01:08.6573592Z ......ss.....s....ssssss............s............ss.....s.ss.ssssss..... [ 34%]
2025-02-10T16:01:11.9605890Z .......s............ss.....s....ssssss............s............ss.....s. [ 38%]
2025-02-10T16:01:15.0074499Z ...ssssss............s............ss.....s....ssssss............s....... [ 42%]
2025-02-10T16:01:18.1814964Z .....ss.....s....ssssss............s............s...........ssssss...... [ 46%]
2025-02-10T16:01:20.0334222Z ......s............s...........ssssss............s............s......... [ 50%]
2025-02-10T16:01:23.0286946Z ..ssssss............s............ss.....s....ssssss............s........ [ 54%]
2025-02-10T16:01:26.7153580Z ....ss.....s....ssssss..........................s.....s....ssss......... [ 58%]
2025-02-10T16:01:27.0428706Z ...................s.....s....ssss.......                                [ 60%]
2025-02-10T16:01:27.1615366Z tardis/plasma/tests/test_hdf_plasma.py ................................. [ 62%]
2025-02-10T16:01:27.1734097Z ......                                                                   [ 62%]
2025-02-10T16:01:27.3124394Z tardis/plasma/tests/test_nlte_excitation.py ...                          [ 62%]
2025-02-10T16:03:48.6048230Z tardis/plasma/tests/test_nlte_solver.py .....X                           [ 63%]
2025-02-10T16:03:48.6074628Z tardis/plasma/tests/test_plasma_continuum.py .                           [ 63%]
2025-02-10T16:04:14.8767451Z tardis/plasma/tests/test_plasma_vboundary.py .............               [ 63%]
2025-02-10T16:04:29.4405678Z tardis/plasma/tests/test_tardis_model_density_config.py ...              [ 64%]
2025-02-10T16:04:30.2759103Z tardis/simulation/tests/test_convergence.py .....                        [ 64%]
2025-02-10T16:04:40.9149956Z tardis/simulation/tests/test_simulation.py .............                 [ 65%]
2025-02-10T16:04:40.9351783Z tardis/spectrum/tests/test_cuda_formal_integral.py sssssssssssssssssssss [ 66%]
2025-02-10T16:04:41.6067403Z ssss...ssssssssssssssssssssss                                            [ 67%]
2025-02-10T16:04:41.6151957Z tardis/spectrum/tests/test_luminosity.py ....                            [ 68%]
2025-02-10T16:04:43.8067220Z tardis/spectrum/tests/test_numba_formal_integral.py .................... [ 69%]
2025-02-10T16:04:43.8302067Z ..........                                                               [ 69%]
2025-02-10T16:04:44.0420226Z tardis/spectrum/tests/test_spectrum.py ................................. [ 71%]
2025-02-10T16:04:44.1337269Z .........                                                                [ 72%]
2025-02-10T16:05:06.9035333Z tardis/spectrum/tests/test_spectrum_solver.py ....                       [ 72%]
2025-02-10T16:06:12.7877124Z tardis/tests/test_tardis_full.py ....                                    [ 72%]
2025-02-10T16:07:40.5581209Z tardis/tests/test_tardis_full_formal_integral.py ................        [ 73%]
2025-02-10T16:07:40.6362268Z tardis/tests/test_util.py .............................................  [ 75%]
2025-02-10T16:07:43.2771638Z tardis/transport/montecarlo/tests/test_base.py x.....................    [ 77%]
2025-02-10T16:07:51.2845631Z tardis/transport/montecarlo/tests/test_interaction.py .......            [ 77%]
2025-02-10T16:07:51.5381992Z tardis/transport/montecarlo/tests/test_macro_atom.py ....                [ 77%]
2025-02-10T16:07:51.5572159Z tardis/transport/montecarlo/tests/test_montecarlo.py sssssssssssssssssss [ 78%]
2025-02-10T16:07:51.6011254Z sssssssssssssssssssssssssssssssssssssssssssss                            [ 81%]
2025-02-10T16:08:00.5997842Z tardis/transport/montecarlo/tests/test_montecarlo_main_loop.py x..       [ 81%]
2025-02-10T16:08:00.6066189Z tardis/transport/montecarlo/tests/test_nonhomologous.py ...              [ 81%]
2025-02-10T16:08:06.9214457Z tardis/transport/montecarlo/tests/test_numba_interface.py .....x.        [ 82%]
2025-02-10T16:08:07.4094208Z tardis/transport/montecarlo/tests/test_opacities.py ...............      [ 82%]
2025-02-10T16:08:08.4588706Z tardis/transport/montecarlo/tests/test_packet.py .................xXXXXX [ 84%]
2025-02-10T16:08:08.5949417Z XX.........                                                              [ 84%]
2025-02-10T16:08:08.6232559Z tardis/transport/montecarlo/tests/test_packet_source.py ........         [ 85%]
2025-02-10T16:08:08.9465599Z tardis/transport/montecarlo/tests/test_rpacket_last_interaction_tracker.py . [ 85%]
2025-02-10T16:08:09.3797997Z .....                                                                    [ 85%]
2025-02-10T16:08:44.4477386Z tardis/transport/montecarlo/tests/test_rpacket_tracker.py ......         [ 85%]
2025-02-10T16:08:44.4779370Z tardis/transport/montecarlo/tests/test_single_packet_loop.py xxx         [ 86%]
2025-02-10T16:08:44.4811002Z tardis/transport/montecarlo/tests/test_tracker_utils.py ..               [ 86%]
2025-02-10T16:08:46.9388740Z tardis/transport/montecarlo/tests/test_vpacket.py ..x.                   [ 86%]
2025-02-10T16:08:46.9566622Z tardis/transport/montecarlo/tests/test_weighted_packet_source.py ....    [ 86%]
2025-02-10T16:08:50.3911382Z tardis/transport/montecarlo/tests/test_weighted_packet_source_integration.py . [ 86%]
2025-02-10T16:08:50.3912601Z                                                                          [ 86%]
2025-02-10T16:08:51.1481953Z tardis/transport/tests/test_doppler_factor.py ..................         [ 87%]
2025-02-10T16:08:52.5010858Z tardis/visualization/tools/tests/test_convergence_plot.py .............. [ 88%]
2025-02-10T16:08:54.6794242Z ......                                                                   [ 88%]
2025-02-10T16:08:59.8416445Z tardis/visualization/tools/tests/test_liv_plot.py ...................... [ 89%]
2025-02-10T16:09:02.5229882Z .............................                                            [ 91%]
2025-02-10T16:09:03.9973991Z tardis/visualization/tools/tests/test_rpacket_plot.py .................. [ 92%]
2025-02-10T16:09:12.4277686Z .....                                                                    [ 92%]
2025-02-10T16:09:18.8351705Z tardis/visualization/tools/tests/test_sdec_plot.py ..................... [ 94%]
2025-02-10T16:09:28.1160746Z ..............................                                           [ 95%]
2025-02-10T16:09:28.5718478Z tardis/visualization/widgets/tests/test_custom_abundance.py ........ss.. [ 96%]
2025-02-10T16:09:28.6532332Z ....                                                                     [ 96%]
2025-02-10T16:09:29.7929349Z tardis/visualization/widgets/tests/test_line_info.py ................... [ 97%]
2025-02-10T16:09:30.4835198Z ..................                                                       [ 98%]
2025-02-10T16:10:36.6554744Z tardis/visualization/widgets/tests/test_shell_info.py .................. [ 99%]
2025-02-10T16:10:46.9865470Z ......                                                                   [100%]
2025-02-10T16:10:46.9865962Z 
2025-02-10T16:10:46.9866140Z =================================== FAILURES ===================================
2025-02-10T16:10:46.9866666Z _____________________ test_calculate_sobolev_line_opacity ______________________
2025-02-10T16:10:46.9867035Z 
2025-02-10T16:10:46.9867450Z nb_simulation_verysimple = <tardis.simulation.base.Simulation object at 0x7fd2b48243e0>
2025-02-10T16:10:46.9868321Z regression_data = <tardis.tests.fixtures.regression_data.RegressionData object at 0x7fd2b48952e0>
2025-02-10T16:10:46.9868922Z 
2025-02-10T16:10:46.9869081Z     def test_calculate_sobolev_line_opacity(
2025-02-10T16:10:46.9869510Z         nb_simulation_verysimple, regression_data
2025-02-10T16:10:46.9869892Z     ):
2025-02-10T16:10:46.9870208Z         legacy_plasma = nb_simulation_verysimple.plasma
2025-02-10T16:10:46.9870641Z     
2025-02-10T16:10:46.9870907Z         actual = calculate_sobolev_line_opacity(
2025-02-10T16:10:46.9871290Z             legacy_plasma.lines,
2025-02-10T16:10:46.9871653Z             legacy_plasma.level_number_density,
2025-02-10T16:10:46.9872016Z             legacy_plasma.time_explosion,
2025-02-10T16:10:46.9872414Z             legacy_plasma.stimulated_emission_factor,
2025-02-10T16:10:46.9872770Z         )
2025-02-10T16:10:46.9873082Z >       expected = regression_data.sync_dataframe(actual)
2025-02-10T16:10:46.9873359Z 
2025-02-10T16:10:46.9873528Z tardis/opacities/tests/test_tau_sobolev.py:21: 
2025-02-10T16:10:46.9874281Z _ _ _ _ _ _ _ _ _ _ _ _ _ _ _ _ _ _ _ _ _ _ _ _ _ _ _ _ _ _ _ _ _ _ _ _ _ _ _ _ 
2025-02-10T16:10:46.9874816Z tardis/tests/fixtures/regression_data.py:88: in sync_dataframe
2025-02-10T16:10:46.9875301Z     return pd.read_hdf(self.fpath, key=key)
2025-02-10T16:10:46.9875694Z _ _ _ _ _ _ _ _ _ _ _ _ _ _ _ _ _ _ _ _ _ _ _ _ _ _ _ _ _ _ _ _ _ _ _ _ _ _ _ _ 
2025-02-10T16:10:46.9875993Z 
2025-02-10T16:10:46.9876544Z path_or_buf = '/home/runner/work/tardis/tardis/tardis-regression-data/test_tau_sobolev/test_calculate_sobolev_line_opacity.h5'
2025-02-10T16:10:46.9877373Z key = 'data', mode = 'r', errors = 'strict', where = None, start = None
2025-02-10T16:10:46.9877935Z stop = None, columns = None, iterator = False, chunksize = None, kwargs = {}
2025-02-10T16:10:46.9878384Z exists = False
2025-02-10T16:10:46.9878536Z 
2025-02-10T16:10:46.9878636Z     def read_hdf(
2025-02-10T16:10:46.9878985Z         path_or_buf: FilePath | HDFStore,
2025-02-10T16:10:46.9879311Z         key=None,
2025-02-10T16:10:46.9879571Z         mode: str = "r",
2025-02-10T16:10:46.9879858Z         errors: str = "strict",
2025-02-10T16:10:46.9880186Z         where: str | list | None = None,
2025-02-10T16:10:46.9880534Z         start: int | None = None,
2025-02-10T16:10:46.9880853Z         stop: int | None = None,
2025-02-10T16:10:46.9881178Z         columns: list[str] | None = None,
2025-02-10T16:10:46.9881530Z         iterator: bool = False,
2025-02-10T16:10:46.9881846Z         chunksize: int | None = None,
2025-02-10T16:10:46.9882160Z         **kwargs,
2025-02-10T16:10:46.9882415Z     ):
2025-02-10T16:10:46.9882636Z         """
2025-02-10T16:10:46.9882930Z         Read from the store, close it if we opened it.
2025-02-10T16:10:46.9883303Z     
2025-02-10T16:10:46.9883868Z         Retrieve pandas object stored in file, optionally based on where
2025-02-10T16:10:46.9884345Z         criteria.
2025-02-10T16:10:46.9884599Z     
2025-02-10T16:10:46.9884891Z         .. warning::
2025-02-10T16:10:46.9885149Z     
2025-02-10T16:10:46.9885513Z            Pandas uses PyTables for reading and writing HDF5 files, which allows
2025-02-10T16:10:46.9886761Z            serializing object-dtype data with pickle when using the "fixed" format.
2025-02-10T16:10:46.9887397Z            Loading pickled data received from untrusted sources can be unsafe.
2025-02-10T16:10:46.9887856Z     
2025-02-10T16:10:46.9888469Z            See: https://docs.python.org/3/library/pickle.html for more.
2025-02-10T16:10:46.9888896Z     
2025-02-10T16:10:46.9889119Z         Parameters
2025-02-10T16:10:46.9889379Z         ----------
2025-02-10T16:10:46.9889692Z         path_or_buf : str, path object, pandas.HDFStore
2025-02-10T16:10:46.9890225Z             Any valid string path is acceptable. Only supports the local file system,
2025-02-10T16:10:46.9890785Z             remote URLs and file-like objects are not supported.
2025-02-10T16:10:46.9891182Z     
2025-02-10T16:10:46.9891490Z             If you want to pass in a path object, pandas accepts any
2025-02-10T16:10:46.9891898Z             ``os.PathLike``.
2025-02-10T16:10:46.9892174Z     
2025-02-10T16:10:46.9892555Z             Alternatively, pandas accepts an open :class:`pandas.HDFStore` object.
2025-02-10T16:10:46.9893031Z     
2025-02-10T16:10:46.9893261Z         key : object, optional
2025-02-10T16:10:46.9893858Z             The group identifier in the store. Can be omitted if the HDF file
2025-02-10T16:10:46.9894371Z             contains a single pandas object.
2025-02-10T16:10:46.9894730Z         mode : {'r', 'r+', 'a'}, default 'r'
2025-02-10T16:10:46.9895152Z             Mode to use when opening the file. Ignored if path_or_buf is a
2025-02-10T16:10:46.9895619Z             :class:`pandas.HDFStore`. Default is 'r'.
2025-02-10T16:10:46.9895993Z         errors : str, default 'strict'
2025-02-10T16:10:46.9896430Z             Specifies how encoding and decoding errors are to be handled.
2025-02-10T16:10:46.9896946Z             See the errors argument for :func:`open` for a full list
2025-02-10T16:10:46.9897340Z             of options.
2025-02-10T16:10:46.9897624Z         where : list, optional
2025-02-10T16:10:46.9897965Z             A list of Term (or convertible) objects.
2025-02-10T16:10:46.9898335Z         start : int, optional
2025-02-10T16:10:46.9898653Z             Row number to start selection.
2025-02-10T16:10:46.9898993Z         stop  : int, optional
2025-02-10T16:10:46.9899317Z             Row number to stop selection.
2025-02-10T16:10:46.9899661Z         columns : list, optional
2025-02-10T16:10:46.9899998Z             A list of columns names to return.
2025-02-10T16:10:46.9900395Z         iterator : bool, optional
2025-02-10T16:10:46.9900747Z             Return an iterator object.
2025-02-10T16:10:46.9901114Z         chunksize : int, optional
2025-02-10T16:10:46.9901570Z             Number of rows to include in an iteration when using an iterator.
2025-02-10T16:10:46.9902045Z         **kwargs
2025-02-10T16:10:46.9902391Z             Additional keyword arguments passed to HDFStore.
2025-02-10T16:10:46.9902805Z     
2025-02-10T16:10:46.9903042Z         Returns
2025-02-10T16:10:46.9903315Z         -------
2025-02-10T16:10:46.9903607Z         object
2025-02-10T16:10:46.9904245Z             The selected object. Return type depends on the object stored.
2025-02-10T16:10:46.9904773Z     
2025-02-10T16:10:46.9905052Z         See Also
2025-02-10T16:10:46.9905374Z         --------
2025-02-10T16:10:46.9905794Z         DataFrame.to_hdf : Write a HDF file from a DataFrame.
2025-02-10T16:10:46.9906380Z         HDFStore : Low-level access to HDF files.
2025-02-10T16:10:46.9906843Z     
2025-02-10T16:10:46.9907132Z         Examples
2025-02-10T16:10:46.9907447Z         --------
2025-02-10T16:10:46.9907915Z         >>> df = pd.DataFrame([[1, 1.0, 'a']], columns=['x', 'y', 'z'])  # doctest: +SKIP
2025-02-10T16:10:46.9908565Z         >>> df.to_hdf('./store.h5', 'data')  # doctest: +SKIP
2025-02-10T16:10:46.9909147Z         >>> reread = pd.read_hdf('./store.h5')  # doctest: +SKIP
2025-02-10T16:10:46.9909619Z         """
2025-02-10T16:10:46.9909880Z         if mode not in ["r", "r+", "a"]:
2025-02-10T16:10:46.9910704Z             raise ValueError(
2025-02-10T16:10:46.9911176Z                 f"mode {mode} is not allowed while performing a read. "
2025-02-10T16:10:46.9911731Z                 f"Allowed modes are r, r+ and a."
2025-02-10T16:10:46.9912137Z             )
2025-02-10T16:10:46.9912715Z         # grab the scope
2025-02-10T16:10:46.9913091Z         if where is not None:
2025-02-10T16:10:46.9913510Z             where = _ensure_term(where, scope_level=1)
2025-02-10T16:10:46.9914256Z     
2025-02-10T16:10:46.9914627Z         if isinstance(path_or_buf, HDFStore):
2025-02-10T16:10:46.9915091Z             if not path_or_buf.is_open:
2025-02-10T16:10:46.9915566Z                 raise OSError("The HDFStore must be open for reading.")
2025-02-10T16:10:46.9916009Z     
2025-02-10T16:10:46.9916271Z             store = path_or_buf
2025-02-10T16:10:46.9916628Z             auto_close = False
2025-02-10T16:10:46.9916961Z         else:
2025-02-10T16:10:46.9917299Z             path_or_buf = stringify_path(path_or_buf)
2025-02-10T16:10:46.9917785Z             if not isinstance(path_or_buf, str):
2025-02-10T16:10:46.9918245Z                 raise NotImplementedError(
2025-02-10T16:10:46.9918762Z                     "Support for generic buffers has not been implemented."
2025-02-10T16:10:46.9919239Z                 )
2025-02-10T16:10:46.9919526Z             try:
2025-02-10T16:10:46.9919846Z                 exists = os.path.exists(path_or_buf)
2025-02-10T16:10:46.9920251Z     
2025-02-10T16:10:46.9920525Z             # if filepath is too long
2025-02-10T16:10:46.9920937Z             except (TypeError, ValueError):
2025-02-10T16:10:46.9921328Z                 exists = False
2025-02-10T16:10:46.9921657Z     
2025-02-10T16:10:46.9921916Z             if not exists:
2025-02-10T16:10:46.9922379Z >               raise FileNotFoundError(f"File {path_or_buf} does not exist")
2025-02-10T16:10:46.9923583Z E               FileNotFoundError: File /home/runner/work/tardis/tardis/tardis-regression-data/test_tau_sobolev/test_calculate_sobolev_line_opacity.h5 does not exist
2025-02-10T16:10:46.9924716Z 
2025-02-10T16:10:46.9925214Z ../../../micromamba/envs/tardis/lib/python3.12/site-packages/pandas/io/pytables.py:424: FileNotFoundError
2025-02-10T16:10:46.9926064Z ---------------------------- Captured stdout setup -----------------------------
2025-02-10T16:10:46.9927121Z [[1mtardis.io.model.parse_density_configuration[0m][[1;33mWARNING[0m]  
2025-02-10T16:10:46.9928292Z 	Number of density points larger than number of shells. Assuming inner point irrelevant ([1mparse_density_configuration.py[0m:114)
2025-02-10T16:10:46.9929218Z ---------------------------- Captured stderr setup -----------------------------
2025-02-10T16:10:46.9929622Z 
2025-02-10T16:10:46.9930159Z Iterations:â–ˆâ–ˆâ–ˆâ–ˆâ–ˆâ–ˆâ–ˆâ–ˆâ–ˆâ–ˆâ–ˆâ–ˆâ–ˆâ–ˆâ–ˆâ–ˆâ–ˆâ–ˆâ–ˆâ–ˆâ–ˆâ–ˆâ–ˆâ–ˆâ–ˆâ–ˆâ–ˆâ–ˆâ–ˆâ–ˆâ–ˆâ–ˆâ–ˆâ–ˆâ–ˆâ–ˆâ–ˆâ–ˆâ–ˆâ–ˆâ–ˆâ–ˆâ–ˆâ–ˆâ–ˆâ–ˆâ–ˆâ–ˆâ–ˆâ–ˆâ–ˆâ–ˆâ–ˆâ–ˆâ–ˆâ–ˆâ–ˆâ–ˆâ–ˆâ–ˆâ–ˆâ–ˆâ–ˆâ–ˆ                4/5 [00:12<00:02,  2.84s/it]
2025-02-10T16:10:46.9930590Z 
2025-02-10T16:10:46.9931002Z Packets:                                                                                   4030/? [00:12<00:00, 29323.32it/s][A
2025-02-10T16:10:46.9931639Z ------------------------------ Captured log setup ------------------------------
2025-02-10T16:10:46.9932795Z WARNING  tardis.io.model.parse_density_configuration:parse_density_configuration.py:114 Number of density points larger than number of shells. Assuming inner point irrelevant
2025-02-10T16:10:46.9934291Z _________________________ test_calculate_beta_sobolevs _________________________
2025-02-10T16:10:46.9934718Z 
2025-02-10T16:10:46.9935096Z nb_simulation_verysimple = <tardis.simulation.base.Simulation object at 0x7fd2b48243e0>
2025-02-10T16:10:46.9936086Z regression_data = <tardis.tests.fixtures.regression_data.RegressionData object at 0x7fd2b6bf9a90>
2025-02-10T16:10:46.9936706Z 
2025-02-10T16:10:46.9937031Z     def test_calculate_beta_sobolevs(nb_simulation_verysimple, regression_data):
2025-02-10T16:10:46.9937771Z         legacy_plasma = nb_simulation_verysimple.plasma
2025-02-10T16:10:46.9938226Z     
2025-02-10T16:10:46.9938575Z         tau_sobolevs = calculate_sobolev_line_opacity(
2025-02-10T16:10:46.9939456Z             legacy_plasma.lines,
2025-02-10T16:10:46.9939862Z             legacy_plasma.level_number_density,
2025-02-10T16:10:46.9940296Z             legacy_plasma.time_explosion,
2025-02-10T16:10:46.9940946Z             legacy_plasma.stimulated_emission_factor,
2025-02-10T16:10:46.9941331Z         )
2025-02-10T16:10:46.9941624Z         actual = calculate_beta_sobolev(tau_sobolevs)
2025-02-10T16:10:46.9942071Z >       expected = regression_data.sync_ndarray(actual)
2025-02-10T16:10:46.9942362Z 
2025-02-10T16:10:46.9942530Z tardis/opacities/tests/test_tau_sobolev.py:35: 
2025-02-10T16:10:46.9942984Z _ _ _ _ _ _ _ _ _ _ _ _ _ _ _ _ _ _ _ _ _ _ _ _ _ _ _ _ _ _ _ _ _ _ _ _ _ _ _ _ 
2025-02-10T16:10:46.9943502Z tardis/tests/fixtures/regression_data.py:111: in sync_ndarray
2025-02-10T16:10:46.9944274Z     return np.load(self.fpath)
2025-02-10T16:10:46.9944656Z _ _ _ _ _ _ _ _ _ _ _ _ _ _ _ _ _ _ _ _ _ _ _ _ _ _ _ _ _ _ _ _ _ _ _ _ _ _ _ _ 
2025-02-10T16:10:46.9944970Z 
2025-02-10T16:10:46.9945595Z file = PosixPath('/home/runner/work/tardis/tardis/tardis-regression-data/test_tau_sobolev/test_calculate_beta_sobolevs.npy')
2025-02-10T16:10:46.9946627Z mmap_mode = None, allow_pickle = False, fix_imports = True, encoding = 'ASCII'
2025-02-10T16:10:46.9947064Z 
2025-02-10T16:10:46.9947194Z     @set_module('numpy')
2025-02-10T16:10:46.9947646Z     def load(file, mmap_mode=None, allow_pickle=False, fix_imports=True,
2025-02-10T16:10:46.9948440Z              encoding='ASCII', *, max_header_size=format._MAX_HEADER_SIZE):
2025-02-10T16:10:46.9948913Z         """
2025-02-10T16:10:46.9949340Z         Load arrays or pickled objects from ``.npy``, ``.npz`` or pickled files.
2025-02-10T16:10:46.9949846Z     
2025-02-10T16:10:46.9950301Z         .. warning:: Loading files that contain object arrays uses the ``pickle``
2025-02-10T16:10:46.9950947Z                      module, which is not secure against erroneous or maliciously
2025-02-10T16:10:46.9951550Z                      constructed data. Consider passing ``allow_pickle=False`` to
2025-02-10T16:10:46.9952155Z                      load data that is known not to contain object arrays for the
2025-02-10T16:10:46.9952673Z                      safer handling of untrusted sources.
2025-02-10T16:10:46.9953068Z     
2025-02-10T16:10:46.9953313Z         Parameters
2025-02-10T16:10:46.9953595Z         ----------
2025-02-10T16:10:46.9954179Z         file : file-like object, string, or pathlib.Path
2025-02-10T16:10:46.9954703Z             The file to read. File-like objects must support the
2025-02-10T16:10:46.9955196Z             ``seek()`` and ``read()`` methods and must always
2025-02-10T16:10:46.9955712Z             be opened in binary mode.  Pickled files require that the
2025-02-10T16:10:46.9956286Z             file-like object support the ``readline()`` method as well.
2025-02-10T16:10:46.9956815Z         mmap_mode : {None, 'r+', 'r', 'w+', 'c'}, optional
2025-02-10T16:10:46.9957357Z             If not None, then memory-map the file, using the given mode (see
2025-02-10T16:10:46.9957973Z             `numpy.memmap` for a detailed description of the modes).  A
2025-02-10T16:10:46.9958594Z             memory-mapped array is kept on disk. However, it can be accessed
2025-02-10T16:10:46.9959243Z             and sliced like any ndarray.  Memory mapping is especially useful
2025-02-10T16:10:46.9959895Z             for accessing small fragments of large files without reading the
2025-02-10T16:10:46.9960407Z             entire file into memory.
2025-02-10T16:10:46.9960787Z         allow_pickle : bool, optional
2025-02-10T16:10:46.9961282Z             Allow loading pickled object arrays stored in npy files. Reasons for
2025-02-10T16:10:46.9961884Z             disallowing pickles include security, as loading pickled data can
2025-02-10T16:10:46.9962455Z             execute arbitrary code. If pickles are disallowed, loading object
2025-02-10T16:10:46.9962960Z             arrays will fail. Default: False
2025-02-10T16:10:46.9963286Z     
2025-02-10T16:10:46.9964322Z             .. versionchanged:: 1.16.3
2025-02-10T16:10:46.9964761Z                 Made default False in response to CVE-2019-6446.
2025-02-10T16:10:46.9965161Z     
2025-02-10T16:10:46.9965405Z         fix_imports : bool, optional
2025-02-10T16:10:46.9966160Z             Only useful when loading Python 2 generated pickled files on Python 3,
2025-02-10T16:10:46.9966828Z             which includes npy/npz files containing object arrays. If `fix_imports`
2025-02-10T16:10:46.9967563Z             is True, pickle will try to map the old Python 2 names to the new names
2025-02-10T16:10:46.9968083Z             used in Python 3.
2025-02-10T16:10:46.9968472Z         encoding : str, optional
2025-02-10T16:10:46.9968995Z             What encoding to use when reading Python 2 strings. Only useful when
2025-02-10T16:10:46.9969641Z             loading Python 2 generated pickled files in Python 3, which includes
2025-02-10T16:10:46.9970295Z             npy/npz files containing object arrays. Values other than 'latin1',
2025-02-10T16:10:46.9970928Z             'ASCII', and 'bytes' are not allowed, as they can corrupt numerical
2025-02-10T16:10:46.9971421Z             data. Default: 'ASCII'
2025-02-10T16:10:46.9971785Z         max_header_size : int, optional
2025-02-10T16:10:46.9972269Z             Maximum allowed size of the header.  Large headers may not be safe
2025-02-10T16:10:46.9972894Z             to load securely and thus require explicitly passing a larger value.
2025-02-10T16:10:46.9973444Z             See :py:func:`ast.literal_eval()` for details.
2025-02-10T16:10:46.9974181Z             This option is ignored when `allow_pickle` is passed.  In that case
2025-02-10T16:10:46.9974767Z             the file is by definition trusted and the limit is unnecessary.
2025-02-10T16:10:46.9975214Z     
2025-02-10T16:10:46.9975431Z         Returns
2025-02-10T16:10:46.9975689Z         -------
2025-02-10T16:10:46.9975976Z         result : array, tuple, dict, etc.
2025-02-10T16:10:46.9976453Z             Data stored in the file. For ``.npz`` files, the returned instance
2025-02-10T16:10:46.9977074Z             of NpzFile class must be closed to avoid leaking file descriptors.
2025-02-10T16:10:46.9977533Z     
2025-02-10T16:10:46.9977750Z         Raises
2025-02-10T16:10:46.9977997Z         ------
2025-02-10T16:10:46.9978233Z         OSError
2025-02-10T16:10:46.9978542Z             If the input file does not exist or cannot be read.
2025-02-10T16:10:46.9978947Z         UnpicklingError
2025-02-10T16:10:46.9979348Z             If ``allow_pickle=True``, but the file cannot be loaded as a pickle.
2025-02-10T16:10:46.9979800Z         ValueError
2025-02-10T16:10:46.9980187Z             The file contains an object array, but ``allow_pickle=False`` given.
2025-02-10T16:10:46.9980670Z         EOFError
2025-02-10T16:10:46.9981052Z             When calling ``np.load`` multiple times on the same file handle,
2025-02-10T16:10:46.9981532Z             if all data has already been read
2025-02-10T16:10:46.9981885Z     
2025-02-10T16:10:46.9982105Z         See Also
2025-02-10T16:10:46.9982359Z         --------
2025-02-10T16:10:46.9982649Z         save, savez, savez_compressed, loadtxt
2025-02-10T16:10:46.9983145Z         memmap : Create a memory-map to an array stored in a file on disk.
2025-02-10T16:10:46.9983923Z         lib.format.open_memmap : Create or load a memory-mapped ``.npy`` file.
2025-02-10T16:10:46.9984412Z     
2025-02-10T16:10:46.9984616Z         Notes
2025-02-10T16:10:46.9984848Z         -----
2025-02-10T16:10:46.9985195Z         - If the file contains pickle data, then whatever object is stored
2025-02-10T16:10:46.9985662Z           in the pickle is returned.
2025-02-10T16:10:46.9986081Z         - If the file is a ``.npy`` file, then a single array is returned.
2025-02-10T16:10:46.9986622Z         - If the file is a ``.npz`` file, then a dictionary-like object is
2025-02-10T16:10:46.9987204Z           returned, containing ``{filename: array}`` key-value pairs, one for
2025-02-10T16:10:46.9987708Z           each file in the archive.
2025-02-10T16:10:46.9988421Z         - If the file is a ``.npz`` file, the returned value supports the
2025-02-10T16:10:46.9989053Z           context manager protocol in a similar fashion to the open function::
2025-02-10T16:10:46.9989525Z     
2025-02-10T16:10:46.9989965Z             with load('foo.npz') as data:
2025-02-10T16:10:46.9990309Z                 a = data['a']
2025-02-10T16:10:46.9990598Z     
2025-02-10T16:10:46.9990966Z           The underlying file descriptor is closed when exiting the 'with'
2025-02-10T16:10:46.9991418Z           block.
2025-02-10T16:10:46.9991666Z     
2025-02-10T16:10:46.9991884Z         Examples
2025-02-10T16:10:46.9992131Z         --------
2025-02-10T16:10:46.9992421Z         Store data to disk, and load it again:
2025-02-10T16:10:46.9992766Z     
2025-02-10T16:10:46.9993053Z         >>> np.save('/tmp/123', np.array([[1, 2, 3], [4, 5, 6]]))
2025-02-10T16:10:46.9993478Z         >>> np.load('/tmp/123.npy')
2025-02-10T16:10:46.9993998Z         array([[1, 2, 3],
2025-02-10T16:10:46.9994300Z                [4, 5, 6]])
2025-02-10T16:10:46.9994575Z     
2025-02-10T16:10:46.9994868Z         Store compressed data to disk, and load it again:
2025-02-10T16:10:46.9995261Z     
2025-02-10T16:10:46.9995493Z         >>> a=np.array([[1, 2, 3], [4, 5, 6]])
2025-02-10T16:10:46.9995841Z         >>> b=np.array([1, 2])
2025-02-10T16:10:46.9996177Z         >>> np.savez('/tmp/123.npz', a=a, b=b)
2025-02-10T16:10:46.9996550Z         >>> data = np.load('/tmp/123.npz')
2025-02-10T16:10:46.9996888Z         >>> data['a']
2025-02-10T16:10:46.9997152Z         array([[1, 2, 3],
2025-02-10T16:10:46.9997419Z                [4, 5, 6]])
2025-02-10T16:10:46.9997699Z         >>> data['b']
2025-02-10T16:10:46.9997949Z         array([1, 2])
2025-02-10T16:10:46.9998226Z         >>> data.close()
2025-02-10T16:10:46.9998489Z     
2025-02-10T16:10:46.9998806Z         Mem-map the stored array, and then access the second row
2025-02-10T16:10:46.9999239Z         directly from disk:
2025-02-10T16:10:46.9999525Z     
2025-02-10T16:10:46.9999788Z         >>> X = np.load('/tmp/123.npy', mmap_mode='r')
2025-02-10T16:10:47.0000148Z         >>> X[1, :]
2025-02-10T16:10:47.0000405Z         memmap([4, 5, 6])
2025-02-10T16:10:47.0000687Z     
2025-02-10T16:10:47.0000896Z         """
2025-02-10T16:10:47.0001208Z         if encoding not in ('ASCII', 'latin1', 'bytes'):
2025-02-10T16:10:47.0001719Z             # The 'encoding' value for pickle also affects what encoding
2025-02-10T16:10:47.0002235Z             # the serialized binary data of NumPy arrays is loaded
2025-02-10T16:10:47.0002741Z             # in. Pickle does not pass on the encoding information to
2025-02-10T16:10:47.0003253Z             # NumPy. The unpickling code in numpy.core.multiarray is
2025-02-10T16:10:47.0004037Z             # written to assume that unicode data appearing where binary
2025-02-10T16:10:47.0004620Z             # should be is in 'latin1'. 'bytes' is also safe, as is 'ASCII'.
2025-02-10T16:10:47.0005059Z             #
2025-02-10T16:10:47.0005443Z             # Other encoding values can corrupt binary data, and we
2025-02-10T16:10:47.0006041Z             # purposefully disallow them. For the same reason, the errors=
2025-02-10T16:10:47.0006605Z             # argument is not exposed, as values other than 'strict'
2025-02-10T16:10:47.0007133Z             # result can similarly silently corrupt numerical data.
2025-02-10T16:10:47.0007713Z             raise ValueError("encoding must be 'ASCII', 'latin1', or 'bytes'")
2025-02-10T16:10:47.0008187Z     
2025-02-10T16:10:47.0008556Z         pickle_kwargs = dict(encoding=encoding, fix_imports=fix_imports)
2025-02-10T16:10:47.0009017Z     
2025-02-10T16:10:47.0009286Z         with contextlib.ExitStack() as stack:
2025-02-10T16:10:47.0009676Z             if hasattr(file, 'read'):
2025-02-10T16:10:47.0010009Z                 fid = file
2025-02-10T16:10:47.0010313Z                 own_fid = False
2025-02-10T16:10:47.0010617Z             else:
2025-02-10T16:10:47.0010978Z >               fid = stack.enter_context(open(os_fspath(file), "rb"))
2025-02-10T16:10:47.0012381Z E               FileNotFoundError: [Errno 2] No such file or directory: '/home/runner/work/tardis/tardis/tardis-regression-data/test_tau_sobolev/test_calculate_beta_sobolevs.npy'
2025-02-10T16:10:47.0013477Z 
2025-02-10T16:10:47.0014085Z ../../../micromamba/envs/tardis/lib/python3.12/site-packages/numpy/lib/npyio.py:427: FileNotFoundError
2025-02-10T16:10:47.0014806Z =============================== warnings summary ===============================
2025-02-10T16:10:47.0015273Z tardis/io/configuration/config_validator.py:6
2025-02-10T16:10:47.0015715Z tardis/io/configuration/config_validator.py:6
2025-02-10T16:10:47.0016465Z   /home/runner/work/tardis/tardis/tardis/io/configuration/config_validator.py:6: DeprecationWarning:
2025-02-10T16:10:47.0017155Z   
2025-02-10T16:10:47.0019069Z   jsonschema.RefResolver is deprecated as of v4.18.0, in favor of the https://github.com/python-jsonschema/referencing library, which provides more compliant referencing behavior as well as more flexible APIs for customization. A future release will remove RefResolver. Please file a feature request (on referencing) if you are missing an API for the kind of customization you need.
2025-02-10T16:10:47.0020984Z 
2025-02-10T16:10:47.0021371Z ../../../micromamba/envs/tardis/lib/python3.12/site-packages/jupyter_client/connect.py:22
2025-02-10T16:10:47.0022357Z   /home/runner/micromamba/envs/tardis/lib/python3.12/site-packages/jupyter_client/connect.py:22: DeprecationWarning:
2025-02-10T16:10:47.0023129Z   
2025-02-10T16:10:47.0023478Z   Jupyter is migrating its paths to use standard platformdirs
2025-02-10T16:10:47.0024253Z   given by the platformdirs library.  To remove this warning and
2025-02-10T16:10:47.0024851Z   see the appropriate new directories, set the environment variable
2025-02-10T16:10:47.0025414Z   `JUPYTER_PLATFORM_DIRS=1` and then run `jupyter --paths`.
2025-02-10T16:10:47.0025962Z   The use of platformdirs will be the default in `jupyter_core` v6
2025-02-10T16:10:47.0026349Z 
2025-02-10T16:10:47.0026583Z tardis/io/tests/test_HDFWriter.py::test_multi_index_write
2025-02-10T16:10:47.0027277Z tardis/visualization/widgets/tests/test_shell_info.py::TestHDFShellInfo::test_shells_data
2025-02-10T16:10:47.0028097Z   /home/runner/work/tardis/tardis/tardis/io/util.py:276: PerformanceWarning:
2025-02-10T16:10:47.0028621Z   
2025-02-10T16:10:47.0028819Z   
2025-02-10T16:10:47.0029227Z   your performance may suffer as PyTables will pickle object types that it cannot
2025-02-10T16:10:47.0029986Z   map directly to c-types [inferred_type->mixed,key->block0_values] [items->Index([0], dtype='int64')]
2025-02-10T16:10:47.0030483Z 
2025-02-10T16:10:47.0030756Z tardis/io/tests/test_model_reader.py::test_read_cmfgen_isotope_abundances
2025-02-10T16:10:47.0031484Z tardis/plasma/tests/test_tardis_model_density_config.py::test_electron_densities
2025-02-10T16:10:47.0032281Z tardis/plasma/tests/test_tardis_model_density_config.py::test_isotope_number_densities
2025-02-10T16:10:47.0033051Z tardis/plasma/tests/test_tardis_model_density_config.py::test_t_rad
2025-02-10T16:10:47.0034088Z   /home/runner/work/tardis/tardis/tardis/io/model/readers/cmfgen_deprecated.py:82: DeprecationWarning:
2025-02-10T16:10:47.0034789Z   
2025-02-10T16:10:47.0035061Z   The current CMFGEN model parser is deprecated
2025-02-10T16:10:47.0035344Z 
2025-02-10T16:10:47.0035503Z tardis/io/tests/test_model_reader.py: 1 warning
2025-02-10T16:10:47.0036009Z tardis/plasma/tests/test_tardis_model_density_config.py: 9 warnings
2025-02-10T16:10:47.0036851Z   /home/runner/work/tardis/tardis/tardis/io/model/readers/cmfgen_deprecated.py:40: DeprecationWarning:
2025-02-10T16:10:47.0037525Z   
2025-02-10T16:10:47.0037797Z   The current CMFGEN model parser is deprecated
2025-02-10T16:10:47.0038083Z 
2025-02-10T16:10:47.0038387Z tardis/model/tests/test_base.py::TestModelFromPaper1Config::test_abundances
2025-02-10T16:10:47.0039355Z   /home/runner/work/tardis/tardis/tardis/transport/montecarlo/montecarlo_main_loop.py:123: NumbaTypeSafetyWarning:
2025-02-10T16:10:47.0040532Z   
2025-02-10T16:10:47.0041301Z   [1m[1m[1munsafe cast from uint64 to int64. Precision may be lost.[0m[0m[0m
2025-02-10T16:10:47.0041743Z 
2025-02-10T16:10:47.0041904Z tardis/model/tests/test_base.py: 6 warnings
2025-02-10T16:10:47.0042577Z tardis/model/tests/test_csvy_model.py: 2 warnings
2025-02-10T16:10:47.0043125Z tardis/plasma/tests/test_tardis_model_density_config.py: 3 warnings
2025-02-10T16:10:47.0044096Z   /home/runner/work/tardis/tardis/tardis/model/geometry/radial1d.py:50: DeprecationWarning:
2025-02-10T16:10:47.0044737Z   
2025-02-10T16:10:47.0045006Z   v_inner_boundary < 0, assuming default value
2025-02-10T16:10:47.0045278Z 
2025-02-10T16:10:47.0045414Z tardis/model/tests/test_base.py: 6 warnings
2025-02-10T16:10:47.0045835Z tardis/model/tests/test_csvy_model.py: 2 warnings
2025-02-10T16:10:47.0046383Z tardis/plasma/tests/test_tardis_model_density_config.py: 3 warnings
2025-02-10T16:10:47.0047153Z   /home/runner/work/tardis/tardis/tardis/model/geometry/radial1d.py:61: DeprecationWarning:
2025-02-10T16:10:47.0047797Z   
2025-02-10T16:10:47.0048061Z   v_outer_boundary < 0, assuming default value
2025-02-10T16:10:47.0048333Z 
2025-02-10T16:10:47.0049053Z tardis/plasma/equilibrium/tests/test_level_populations.py::TestLevelPopulationSolver::test_solve[collisional_rate_solver0-radiative_transitions0]
2025-02-10T16:10:47.0050335Z   /home/runner/work/tardis/tardis/tardis/plasma/equilibrium/level_populations.py:65: FutureWarning:
2025-02-10T16:10:47.0051020Z   
2025-02-10T16:10:47.0051540Z   A value is trying to be set on a copy of a DataFrame or Series through chained assignment using an inplace method.
2025-02-10T16:10:47.0052733Z   The behavior will change in pandas 3.0. This inplace method will never work because the intermediate object on which we are setting values always behaves as a copy.
2025-02-10T16:10:47.0053801Z   
2025-02-10T16:10:47.0054744Z   For example, when doing 'df[col].method(value, inplace=True)', try using 'df.method({col: value}, inplace=True)' or df[col] = df[col].method(value) instead, to perform the operation inplace on the original object.
2025-02-10T16:10:47.0055692Z 
2025-02-10T16:10:47.0055920Z tardis/plasma/tests/test_complete_plasmas.py: 20 warnings
2025-02-10T16:10:47.0056684Z   /home/runner/work/tardis/tardis/tardis/plasma/tests/test_complete_plasmas.py:197: UserWarning:
2025-02-10T16:10:47.0057337Z   
2025-02-10T16:10:47.0057586Z   Property "atomic_mass" not found
2025-02-10T16:10:47.0057824Z 
2025-02-10T16:10:47.0058445Z tardis/plasma/tests/test_complete_plasmas.py::TestPlasma::test_plasma_properties[radiative_rates_type:detailed-w_epsilon:1e-10-j_blues_norm_factor]
2025-02-10T16:10:47.0059729Z tardis/plasma/tests/test_complete_plasmas.py::TestPlasma::test_plasma_properties[radiative_rates_type:detailed-j_blues_norm_factor]
2025-02-10T16:10:47.0060843Z   /home/runner/work/tardis/tardis/tardis/plasma/tests/test_complete_plasmas.py:197: UserWarning:
2025-02-10T16:10:47.0061444Z   
2025-02-10T16:10:47.0061697Z   Property "j_blues_norm_factor" not found
2025-02-10T16:10:47.0061958Z 
2025-02-10T16:10:47.0062582Z tardis/plasma/tests/test_complete_plasmas.py::TestPlasma::test_plasma_properties[radiative_rates_type:detailed-w_epsilon:1e-10-j_blue_estimator]
2025-02-10T16:10:47.0064054Z tardis/plasma/tests/test_complete_plasmas.py::TestPlasma::test_plasma_properties[radiative_rates_type:detailed-j_blue_estimator]
2025-02-10T16:10:47.0065184Z   /home/runner/work/tardis/tardis/tardis/plasma/tests/test_complete_plasmas.py:197: UserWarning:
2025-02-10T16:10:47.0065806Z   
2025-02-10T16:10:47.0066055Z   Property "j_blue_estimator" not found
2025-02-10T16:10:47.0066306Z 
2025-02-10T16:10:47.0066916Z tardis/plasma/tests/test_complete_plasmas.py::TestPlasma::test_plasma_properties[radiative_rates_type:detailed-w_epsilon:1e-10-volume]
2025-02-10T16:10:47.0068201Z tardis/plasma/tests/test_complete_plasmas.py::TestPlasma::test_plasma_properties[radiative_rates_type:detailed-volume]
2025-02-10T16:10:47.0069304Z   /home/runner/work/tardis/tardis/tardis/plasma/tests/test_complete_plasmas.py:197: UserWarning:
2025-02-10T16:10:47.0070472Z   
2025-02-10T16:10:47.0070717Z   Property "volume" not found
2025-02-10T16:10:47.0070938Z 
2025-02-10T16:10:47.0071539Z tardis/plasma/tests/test_complete_plasmas.py::TestPlasma::test_plasma_properties[radiative_rates_type:detailed-w_epsilon:1e-10-r_inner]
2025-02-10T16:10:47.0072988Z tardis/plasma/tests/test_complete_plasmas.py::TestPlasma::test_plasma_properties[radiative_rates_type:detailed-r_inner]
2025-02-10T16:10:47.0074302Z   /home/runner/work/tardis/tardis/tardis/plasma/tests/test_complete_plasmas.py:197: UserWarning:
2025-02-10T16:10:47.0074741Z   
2025-02-10T16:10:47.0074907Z   Property "r_inner" not found
2025-02-10T16:10:47.0075056Z 
2025-02-10T16:10:47.0075267Z tardis/plasma/tests/test_plasma_vboundary.py::test_plasma_vboundary[2900-3750]
2025-02-10T16:10:47.0075763Z tardis/plasma/tests/test_plasma_vboundary.py::test_plasma_vboundary[2900-3850]
2025-02-10T16:10:47.0076249Z tardis/plasma/tests/test_plasma_vboundary.py::test_plasma_vboundary[2900-3900]
2025-02-10T16:10:47.0076765Z   /home/runner/work/tardis/tardis/tardis/model/geometry/radial1d.py:71: UserWarning:
2025-02-10T16:10:47.0077141Z   
2025-02-10T16:10:47.0077412Z   Requesting inner boundary below inner shell. Extrapolating the inner cell
2025-02-10T16:10:47.0077685Z 
2025-02-10T16:10:47.0077896Z tardis/spectrum/tests/test_spectrum_solver.py::TestSpectrumSolver::test_solve
2025-02-10T16:10:47.0078373Z   /home/runner/work/tardis/tardis/tardis/spectrum/base.py:70: UserWarning:
2025-02-10T16:10:47.0078710Z   
2025-02-10T16:10:47.0079105Z   SpectrumSolver.spectrum_virtual_packets is zero. Please run the montecarlo simulation with no_of_virtual_packets > 0
2025-02-10T16:10:47.0079511Z 
2025-02-10T16:10:47.0079711Z tardis/spectrum/tests/test_spectrum_solver.py::TestSpectrumSolver::test_solve
2025-02-10T16:10:47.0080189Z   /home/runner/work/tardis/tardis/tardis/spectrum/base.py:111: UserWarning:
2025-02-10T16:10:47.0080530Z   
2025-02-10T16:10:47.0080956Z   SpectrumSolver.integrator: The FormalIntegrator is not yet available.Please run the montecarlo simulation at least once.
2025-02-10T16:10:47.0081379Z 
2025-02-10T16:10:47.0081587Z tardis/transport/montecarlo/tests/test_vpacket.py::test_trace_vpacket_volley
2025-02-10T16:10:47.0081994Z   <string>:3: NumbaPendingDeprecationWarning:
2025-02-10T16:10:47.0082242Z   
2025-02-10T16:10:47.0083495Z   [1m[1mCode using Numba extension API maybe depending on 'old_style' error-capturing, which is deprecated and will be replaced by 'new_style' in a future release. See details at https://numba.readthedocs.io/en/latest/reference/deprecation.html#deprecation-of-old-style-numba-captured-errors
2025-02-10T16:10:47.0084725Z   Exception origin:
2025-02-10T16:10:47.0085097Z     File "/home/runner/micromamba/envs/tardis/lib/python3.12/inspect.py", line 3180, in _bind
2025-02-10T16:10:47.0085514Z       raise TypeError(msg) from None
2025-02-10T16:10:47.0085762Z   [0m[0m
2025-02-10T16:10:47.0085860Z 
2025-02-10T16:10:47.0086185Z tardis/visualization/tools/tests/test_sdec_plot.py::TestSDECPlotter::test_mpl_image[plotter_generate_plot_mpl4]
2025-02-10T16:10:47.0086883Z   /home/runner/work/tardis/tardis/tardis/visualization/tools/sdec_plot.py:1225: RuntimeWarning:
2025-02-10T16:10:47.0087319Z   
2025-02-10T16:10:47.0088264Z   More than 20 figures have been opened. Figures created through the pyplot interface (`matplotlib.pyplot.figure`) are retained until explicitly closed and may consume too much memory. (To control this warning, see the rcParam `figure.max_open_warning`). Consider using `matplotlib.pyplot.close()`.
2025-02-10T16:10:47.0089192Z 
2025-02-10T16:10:47.0089549Z tardis/visualization/widgets/tests/test_custom_abundance.py::TestCustomAbundanceWidget::test_update_input_item_value
2025-02-10T16:10:47.0090324Z tardis/visualization/widgets/tests/test_custom_abundance.py::TestCustomAbundanceWidget::test_update_input_item_value
2025-02-10T16:10:47.0095623Z tardis/visualization/widgets/tests/test_custom_abundance.py::TestCustomAbundanceWidget::test_update_input_item_value
2025-02-10T16:10:47.0097367Z tardis/visualization/widgets/tests/test_custom_abundance.py::TestCustomAbundanceWidget::test_update_input_item_value
2025-02-10T16:10:47.0098582Z tardis/visualization/widgets/tests/test_custom_abundance.py::TestCustomAbundanceWidget::test_update_input_item_value
2025-02-10T16:10:47.0100103Z tardis/visualization/widgets/tests/test_custom_abundance.py::TestCustomAbundanceWidget::test_update_input_item_value
2025-02-10T16:10:47.0101372Z   /home/runner/micromamba/envs/tardis/lib/python3.12/site-packages/traitlets/traitlets.py:1385: DeprecationWarning:
2025-02-10T16:10:47.0102178Z   
2025-02-10T16:10:47.0102615Z   Passing unrecognized arguments to super(Checkbox).__init__(icon='lock').
2025-02-10T16:10:47.0103302Z   object.__init__() takes exactly one argument (the instance to initialize)
2025-02-10T16:10:47.0104080Z   This is deprecated in traitlets 4.2.This error will be raised in a future release of traitlets.
2025-02-10T16:10:47.0104409Z 
2025-02-10T16:10:47.0104790Z tardis/visualization/widgets/tests/test_custom_abundance.py::TestCustomAbundanceWidget::test_update_input_item_value
2025-02-10T16:10:47.0105583Z tardis/visualization/widgets/tests/test_custom_abundance.py::TestCustomAbundanceWidget::test_update_input_item_value
2025-02-10T16:10:47.0106376Z   /home/runner/micromamba/envs/tardis/lib/python3.12/site-packages/traitlets/traitlets.py:1385: DeprecationWarning:
2025-02-10T16:10:47.0106894Z   
2025-02-10T16:10:47.0107160Z   Passing unrecognized arguments to super(FloatText).__init__(min=0).
2025-02-10T16:10:47.0107593Z   object.__init__() takes exactly one argument (the instance to initialize)
2025-02-10T16:10:47.0108080Z   This is deprecated in traitlets 4.2.This error will be raised in a future release of traitlets.
2025-02-10T16:10:47.0108399Z 
2025-02-10T16:10:47.0108756Z tardis/visualization/widgets/tests/test_custom_abundance.py::TestCustomAbundanceWidget::test_update_input_item_value
2025-02-10T16:10:47.0109539Z   /home/runner/micromamba/envs/tardis/lib/python3.12/site-packages/traitlets/traitlets.py:1385: DeprecationWarning:
2025-02-10T16:10:47.0110045Z   
2025-02-10T16:10:47.0110298Z   Passing unrecognized arguments to super(HTML).__init__(indent=True).
2025-02-10T16:10:47.0110718Z   object.__init__() takes exactly one argument (the instance to initialize)
2025-02-10T16:10:47.0111194Z   This is deprecated in traitlets 4.2.This error will be raised in a future release of traitlets.
2025-02-10T16:10:47.0111506Z 
2025-02-10T16:10:47.0111929Z tardis/visualization/widgets/tests/test_line_info.py::TestLineInfoWidgetData::test_get_species_interactions[wavelength_range0-packet_out_nu]
2025-02-10T16:10:47.0112766Z   /home/runner/micromamba/envs/tardis/lib/python3.12/site-packages/qgridnext/grid.py:830: DeprecationWarning:
2025-02-10T16:10:47.0113230Z   
2025-02-10T16:10:47.0113578Z   QgridWidget._show_toolbar_changed is deprecated in traitlets 4.1: use @observe and @unobserve instead.
2025-02-10T16:10:47.0114120Z 
2025-02-10T16:10:47.0114379Z tardis/visualization/widgets/tests/test_shell_info.py::TestHDFShellInfo::test_shells_data
2025-02-10T16:10:47.0114924Z   /home/runner/work/tardis/tardis/tardis/io/util.py:289: PerformanceWarning:
2025-02-10T16:10:47.0115269Z   
2025-02-10T16:10:47.0115415Z   
2025-02-10T16:10:47.0115698Z   your performance may suffer as PyTables will pickle object types that it cannot
2025-02-10T16:10:47.0116218Z   map directly to c-types [inferred_type->mixed,key->block0_values] [items->Index([0], dtype='int64')]
2025-02-10T16:10:47.0116564Z 
2025-02-10T16:10:47.0116813Z tardis/visualization/widgets/tests/test_shell_info.py::TestHDFShellInfo::test_shells_data
2025-02-10T16:10:47.0117345Z   /home/runner/work/tardis/tardis/tardis/io/util.py:292: PerformanceWarning:
2025-02-10T16:10:47.0117687Z   
2025-02-10T16:10:47.0117829Z   
2025-02-10T16:10:47.0118098Z   your performance may suffer as PyTables will pickle object types that it cannot
2025-02-10T16:10:47.0118545Z   map directly to c-types [inferred_type->mixed,key->values] [items->None]
2025-02-10T16:10:47.0119047Z 
2025-02-10T16:10:47.0119297Z tardis/visualization/widgets/tests/test_shell_info.py::TestHDFShellInfo::test_shells_data
2025-02-10T16:10:47.0119866Z   /home/runner/work/tardis/tardis/tardis/spectrum/formal_integral.py:398: UserWarning:
2025-02-10T16:10:47.0120399Z   
2025-02-10T16:10:47.0120665Z   The number of interpolate_shells was not specified. The value was set to 80.
2025-02-10T16:10:47.0120932Z 
2025-02-10T16:10:47.0121139Z -- Docs: https://docs.pytest.org/en/stable/how-to/capture-warnings.html
2025-02-10T16:10:47.0121417Z 
2025-02-10T16:10:47.0121576Z ---------- coverage: platform linux, python 3.12.4-final-0 -----------
2025-02-10T16:10:47.0121942Z Coverage HTML written to dir coverage_html_report
2025-02-10T16:10:47.0122238Z Coverage XML written to file coverage.xml
2025-02-10T16:10:47.0122414Z 
2025-02-10T16:10:47.0122545Z =========================== short test summary info ============================
2025-02-10T16:10:47.0123517Z FAILED tardis/opacities/tests/test_tau_sobolev.py::test_calculate_sobolev_line_opacity - FileNotFoundError: File /home/runner/work/tardis/tardis/tardis-regression-data/test_tau_sobolev/test_calculate_sobolev_line_opacity.h5 does not exist
2025-02-10T16:10:47.0125450Z FAILED tardis/opacities/tests/test_tau_sobolev.py::test_calculate_beta_sobolevs - FileNotFoundError: [Errno 2] No such file or directory: '/home/runner/work/tardis/tardis/tardis-regression-data/test_tau_sobolev/test_calculate_beta_sobolevs.npy'
2025-02-10T16:10:47.0126513Z = 2 failed, 1437 passed, 329 skipped, 2 deselected, 19 xfailed, 8 xpassed, 91 warnings in 793.51s (0:13:13) =
2025-02-10T16:10:50.7327088Z ##[error]Process completed with exit code 1.
