2025-01-21T16:25:39.6651403Z Requested labels: macos-latest
2025-01-21T16:25:39.6651684Z Job defined at: tardis-sn/tardis/.github/workflows/tests.yml@refs/pull/2931/merge
2025-01-21T16:25:39.6651916Z Waiting for a runner to pick up this job...
2025-01-21T16:25:41.0105018Z Job is waiting for a hosted runner to come online.
2025-01-21T16:25:44.1935666Z Job is about to start running on the hosted runner: GitHub Actions 48 (hosted)
2025-01-21T16:25:45.5972460Z Current runner version: '2.321.0'
2025-01-21T16:25:45.5992180Z ##[group]Operating System
2025-01-21T16:25:45.5992700Z macOS
2025-01-21T16:25:45.5993000Z 14.7.2
2025-01-21T16:25:45.5993300Z 23H311
2025-01-21T16:25:45.5993600Z ##[endgroup]
2025-01-21T16:25:45.5993930Z ##[group]Runner Image
2025-01-21T16:25:45.5994270Z Image: macos-14-arm64
2025-01-21T16:25:45.5994600Z Version: 20250113.751
2025-01-21T16:25:45.5995310Z Included Software: https://github.com/actions/runner-images/blob/macos-14-arm64/20250113.751/images/macos/macos-14-arm64-Readme.md
2025-01-21T16:25:45.5996260Z Image Release: https://github.com/actions/runner-images/releases/tag/macos-14-arm64%2F20250113.751
2025-01-21T16:25:45.5996840Z ##[endgroup]
2025-01-21T16:25:45.5997170Z ##[group]Runner Image Provisioner
2025-01-21T16:25:45.5997570Z 2.0.414.1+2ecee806bcbb7b5d267443ac0090547f461e95b1
2025-01-21T16:25:45.5997970Z ##[endgroup]
2025-01-21T16:25:45.5999340Z ##[group]GITHUB_TOKEN Permissions
2025-01-21T16:25:45.6000700Z Actions: read
2025-01-21T16:25:45.6003370Z Attestations: read
2025-01-21T16:25:45.6003790Z Checks: read
2025-01-21T16:25:45.6004090Z Contents: read
2025-01-21T16:25:45.6004400Z Deployments: read
2025-01-21T16:25:45.6004720Z Discussions: read
2025-01-21T16:25:45.6005010Z Issues: read
2025-01-21T16:25:45.6005300Z Metadata: read
2025-01-21T16:25:45.6005610Z Packages: read
2025-01-21T16:25:45.6005900Z Pages: read
2025-01-21T16:25:45.6006190Z PullRequests: read
2025-01-21T16:25:45.6006520Z RepositoryProjects: read
2025-01-21T16:25:45.6006860Z SecurityEvents: read
2025-01-21T16:25:45.6007180Z Statuses: read
2025-01-21T16:25:45.6007470Z ##[endgroup]
2025-01-21T16:25:45.6010200Z Secret source: None
2025-01-21T16:25:45.6010800Z Prepare workflow directory
2025-01-21T16:25:45.6429450Z Prepare all required actions
2025-01-21T16:25:45.6458900Z Getting action download info
2025-01-21T16:25:45.8510790Z Download action repository 'actions/checkout@v4' (SHA:11bd71901bbe5b1630ceea73d27597364c9af683)
2025-01-21T16:25:46.5099310Z Download action repository 'actions/upload-artifact@v4' (SHA:65c4c4a1ddee5b72f698fdd19549f0f0fb45cf08)
2025-01-21T16:25:47.8485090Z Complete job name: not continuum macos-latest 
2025-01-21T16:25:47.9248100Z ##[group]Run actions/checkout@v4
2025-01-21T16:25:47.9248980Z with:
2025-01-21T16:25:47.9249330Z   repository: tardis-sn/tardis
2025-01-21T16:25:47.9250030Z   token: ***
2025-01-21T16:25:47.9250360Z   ssh-strict: true
2025-01-21T16:25:47.9250690Z   ssh-user: git
2025-01-21T16:25:47.9251040Z   persist-credentials: true
2025-01-21T16:25:47.9251420Z   clean: true
2025-01-21T16:25:47.9251750Z   sparse-checkout-cone-mode: true
2025-01-21T16:25:47.9252160Z   fetch-depth: 1
2025-01-21T16:25:47.9252480Z   fetch-tags: false
2025-01-21T16:25:47.9252820Z   show-progress: true
2025-01-21T16:25:47.9253170Z   lfs: false
2025-01-21T16:25:47.9253520Z   submodules: false
2025-01-21T16:25:47.9253880Z   set-safe-directory: true
2025-01-21T16:25:47.9254650Z env:
2025-01-21T16:25:47.9255050Z   CACHE_NUMBER: 0
2025-01-21T16:25:47.9256050Z   PYTEST_FLAGS: --tardis-regression-data=/Users/runner/work/tardis/tardis/tardis-regression-data --cov=tardis --cov-report=xml --cov-report=html --cov-append
2025-01-21T16:25:47.9257170Z   CODECOV_TOKEN: 
2025-01-21T16:25:47.9257510Z ##[endgroup]
2025-01-21T16:25:48.3274200Z Syncing repository: tardis-sn/tardis
2025-01-21T16:25:48.3278200Z ##[group]Getting Git version info
2025-01-21T16:25:48.3278760Z Working directory is '/Users/runner/work/tardis/tardis'
2025-01-21T16:25:48.3392490Z [command]/opt/homebrew/bin/git version
2025-01-21T16:25:48.3704640Z git version 2.48.0
2025-01-21T16:25:48.3737530Z ##[endgroup]
2025-01-21T16:25:48.3747330Z Copying '/Users/runner/.gitconfig' to '/Users/runner/work/_temp/65b3cd34-d9d2-427e-a865-c0721be1c2fb/.gitconfig'
2025-01-21T16:25:48.3756930Z Temporarily overriding HOME='/Users/runner/work/_temp/65b3cd34-d9d2-427e-a865-c0721be1c2fb' before making global git config changes
2025-01-21T16:25:48.3758000Z Adding repository directory to the temporary git global config as a safe directory
2025-01-21T16:25:48.3766560Z [command]/opt/homebrew/bin/git config --global --add safe.directory /Users/runner/work/tardis/tardis
2025-01-21T16:25:48.3885220Z Deleting the contents of '/Users/runner/work/tardis/tardis'
2025-01-21T16:25:48.3888300Z ##[group]Initializing the repository
2025-01-21T16:25:48.3893450Z [command]/opt/homebrew/bin/git init /Users/runner/work/tardis/tardis
2025-01-21T16:25:48.4100200Z hint: Using 'master' as the name for the initial branch. This default branch name
2025-01-21T16:25:48.4102220Z hint: is subject to change. To configure the initial branch name to use in all
2025-01-21T16:25:48.4102890Z hint: of your new repositories, which will suppress this warning, call:
2025-01-21T16:25:48.4103370Z hint:
2025-01-21T16:25:48.4103810Z hint: 	git config --global init.defaultBranch <name>
2025-01-21T16:25:48.4104250Z hint:
2025-01-21T16:25:48.4104640Z hint: Names commonly chosen instead of 'master' are 'main', 'trunk' and
2025-01-21T16:25:48.4105280Z hint: 'development'. The just-created branch can be renamed via this command:
2025-01-21T16:25:48.4105810Z hint:
2025-01-21T16:25:48.4106210Z hint: 	git branch -m <name>
2025-01-21T16:25:48.4111900Z Initialized empty Git repository in /Users/runner/work/tardis/tardis/.git/
2025-01-21T16:25:48.4122550Z [command]/opt/homebrew/bin/git remote add origin https://github.com/tardis-sn/tardis
2025-01-21T16:25:48.4195480Z ##[endgroup]
2025-01-21T16:25:48.4196410Z ##[group]Disabling automatic garbage collection
2025-01-21T16:25:48.4211560Z [command]/opt/homebrew/bin/git config --local gc.auto 0
2025-01-21T16:25:48.4310380Z ##[endgroup]
2025-01-21T16:25:48.4312170Z ##[group]Setting up auth
2025-01-21T16:25:48.4313850Z [command]/opt/homebrew/bin/git config --local --name-only --get-regexp core\.sshCommand
2025-01-21T16:25:48.4382560Z [command]/opt/homebrew/bin/git submodule foreach --recursive sh -c "git config --local --name-only --get-regexp 'core\.sshCommand' && git config --local --unset-all 'core.sshCommand' || :"
2025-01-21T16:25:48.5364780Z [command]/opt/homebrew/bin/git config --local --name-only --get-regexp http\.https\:\/\/github\.com\/\.extraheader
2025-01-21T16:25:48.5445410Z [command]/opt/homebrew/bin/git submodule foreach --recursive sh -c "git config --local --name-only --get-regexp 'http\.https\:\/\/github\.com\/\.extraheader' && git config --local --unset-all 'http.https://github.com/.extraheader' || :"
2025-01-21T16:25:48.6042710Z [command]/opt/homebrew/bin/git config --local http.https://github.com/.extraheader AUTHORIZATION: basic ***
2025-01-21T16:25:48.6131230Z ##[endgroup]
2025-01-21T16:25:48.6133810Z ##[group]Fetching the repository
2025-01-21T16:25:48.6154300Z [command]/opt/homebrew/bin/git -c protocol.version=2 fetch --no-tags --prune --no-recurse-submodules --depth=1 origin +3baeaf8e505cef5cf4e28f9e1c4be732d46424bf:refs/remotes/pull/2931/merge
2025-01-21T16:25:50.9815640Z From https://github.com/tardis-sn/tardis
2025-01-21T16:25:50.9817450Z  * [new ref]         3baeaf8e505cef5cf4e28f9e1c4be732d46424bf -> pull/2931/merge
2025-01-21T16:25:50.9885110Z ##[endgroup]
2025-01-21T16:25:50.9886050Z ##[group]Determining the checkout info
2025-01-21T16:25:50.9886960Z ##[endgroup]
2025-01-21T16:25:50.9894300Z [command]/opt/homebrew/bin/git sparse-checkout disable
2025-01-21T16:25:50.9968270Z [command]/opt/homebrew/bin/git config --local --unset-all extensions.worktreeConfig
2025-01-21T16:25:51.0054370Z ##[group]Checking out the ref
2025-01-21T16:25:51.0068850Z [command]/opt/homebrew/bin/git checkout --progress --force refs/remotes/pull/2931/merge
2025-01-21T16:25:51.3261420Z HEAD is now at 3baeaf8 Merge f85f7b82fa16d1232b21fbd02566068a59fae5a7 into 0fc2c76326b8122f88ddaf369f17a637bbe37c63
2025-01-21T16:25:51.3290440Z ##[endgroup]
2025-01-21T16:25:51.3402710Z [command]/opt/homebrew/bin/git log -1 --format=%H
2025-01-21T16:25:51.3476270Z 3baeaf8e505cef5cf4e28f9e1c4be732d46424bf
2025-01-21T16:25:51.3853190Z Prepare all required actions
2025-01-21T16:25:51.3853720Z Getting action download info
2025-01-21T16:25:51.6134220Z Download action repository 'actions/cache@v4' (SHA:1bd1e32a3bdc45362d1e726936510720a7c30a57)
2025-01-21T16:25:51.7885830Z ##[group]Run ./.github/actions/setup_lfs
2025-01-21T16:25:51.7886110Z with:
2025-01-21T16:25:51.7886350Z   regression-data-repo: tardis-sn/tardis-regression-data
2025-01-21T16:25:51.7886590Z env:
2025-01-21T16:25:51.7886720Z   CACHE_NUMBER: 0
2025-01-21T16:25:51.7887210Z   PYTEST_FLAGS: --tardis-regression-data=/Users/runner/work/tardis/tardis/tardis-regression-data --cov=tardis --cov-report=xml --cov-report=html --cov-append
2025-01-21T16:25:51.7887780Z   CODECOV_TOKEN: 
2025-01-21T16:25:51.7887930Z ##[endgroup]
2025-01-21T16:25:51.8097660Z ##[group]Run actions/checkout@v4
2025-01-21T16:25:51.8097870Z with:
2025-01-21T16:25:51.8098030Z   repository: tardis-sn/tardis-regression-data
2025-01-21T16:25:51.8098280Z   path: tardis-regression-data
2025-01-21T16:25:51.8099670Z   token: ***
2025-01-21T16:25:51.8100140Z   ssh-strict: true
2025-01-21T16:25:51.8100320Z   ssh-user: git
2025-01-21T16:25:51.8100490Z   persist-credentials: true
2025-01-21T16:25:51.8100930Z   clean: true
2025-01-21T16:25:51.8101540Z   sparse-checkout-cone-mode: true
2025-01-21T16:25:51.8101750Z   fetch-depth: 1
2025-01-21T16:25:51.8101880Z   fetch-tags: false
2025-01-21T16:25:51.8102030Z   show-progress: true
2025-01-21T16:25:51.8102160Z   lfs: false
2025-01-21T16:25:51.8102310Z   submodules: false
2025-01-21T16:25:51.8102480Z   set-safe-directory: true
2025-01-21T16:25:51.8102640Z env:
2025-01-21T16:25:51.8102750Z   CACHE_NUMBER: 0
2025-01-21T16:25:51.8103300Z   PYTEST_FLAGS: --tardis-regression-data=/Users/runner/work/tardis/tardis/tardis-regression-data --cov=tardis --cov-report=xml --cov-report=html --cov-append
2025-01-21T16:25:51.8103840Z   CODECOV_TOKEN: 
2025-01-21T16:25:51.8104000Z ##[endgroup]
2025-01-21T16:25:51.9344790Z Syncing repository: tardis-sn/tardis-regression-data
2025-01-21T16:25:51.9345810Z ##[group]Getting Git version info
2025-01-21T16:25:51.9347030Z Working directory is '/Users/runner/work/tardis/tardis/tardis-regression-data'
2025-01-21T16:25:51.9376450Z [command]/opt/homebrew/bin/git version
2025-01-21T16:25:51.9506230Z git version 2.48.0
2025-01-21T16:25:51.9554350Z ##[endgroup]
2025-01-21T16:25:51.9565510Z Copying '/Users/runner/.gitconfig' to '/Users/runner/work/_temp/574993d1-ac95-4ad9-9c84-82dafb5b384d/.gitconfig'
2025-01-21T16:25:51.9576440Z Temporarily overriding HOME='/Users/runner/work/_temp/574993d1-ac95-4ad9-9c84-82dafb5b384d' before making global git config changes
2025-01-21T16:25:51.9578420Z Adding repository directory to the temporary git global config as a safe directory
2025-01-21T16:25:51.9580120Z [command]/opt/homebrew/bin/git config --global --add safe.directory /Users/runner/work/tardis/tardis/tardis-regression-data
2025-01-21T16:25:51.9642890Z ##[group]Initializing the repository
2025-01-21T16:25:51.9646880Z [command]/opt/homebrew/bin/git init /Users/runner/work/tardis/tardis/tardis-regression-data
2025-01-21T16:25:51.9813620Z hint: Using 'master' as the name for the initial branch. This default branch name
2025-01-21T16:25:51.9819640Z hint: is subject to change. To configure the initial branch name to use in all
2025-01-21T16:25:51.9820360Z hint: of your new repositories, which will suppress this warning, call:
2025-01-21T16:25:51.9820790Z hint:
2025-01-21T16:25:51.9821090Z hint: 	git config --global init.defaultBranch <name>
2025-01-21T16:25:51.9821560Z hint:
2025-01-21T16:25:51.9822030Z hint: Names commonly chosen instead of 'master' are 'main', 'trunk' and
2025-01-21T16:25:51.9822590Z hint: 'development'. The just-created branch can be renamed via this command:
2025-01-21T16:25:51.9822980Z hint:
2025-01-21T16:25:51.9823210Z hint: 	git branch -m <name>
2025-01-21T16:25:51.9823650Z Initialized empty Git repository in /Users/runner/work/tardis/tardis/tardis-regression-data/.git/
2025-01-21T16:25:51.9833810Z [command]/opt/homebrew/bin/git remote add origin https://github.com/tardis-sn/tardis-regression-data
2025-01-21T16:25:51.9931150Z ##[endgroup]
2025-01-21T16:25:51.9932910Z ##[group]Disabling automatic garbage collection
2025-01-21T16:25:51.9938040Z [command]/opt/homebrew/bin/git config --local gc.auto 0
2025-01-21T16:25:51.9990730Z ##[endgroup]
2025-01-21T16:25:51.9993390Z ##[group]Setting up auth
2025-01-21T16:25:52.0002970Z [command]/opt/homebrew/bin/git config --local --name-only --get-regexp core\.sshCommand
2025-01-21T16:25:52.0055040Z [command]/opt/homebrew/bin/git submodule foreach --recursive sh -c "git config --local --name-only --get-regexp 'core\.sshCommand' && git config --local --unset-all 'core.sshCommand' || :"
2025-01-21T16:25:52.0868760Z [command]/opt/homebrew/bin/git config --local --name-only --get-regexp http\.https\:\/\/github\.com\/\.extraheader
2025-01-21T16:25:52.0953520Z [command]/opt/homebrew/bin/git submodule foreach --recursive sh -c "git config --local --name-only --get-regexp 'http\.https\:\/\/github\.com\/\.extraheader' && git config --local --unset-all 'http.https://github.com/.extraheader' || :"
2025-01-21T16:25:52.1658670Z [command]/opt/homebrew/bin/git config --local http.https://github.com/.extraheader AUTHORIZATION: basic ***
2025-01-21T16:25:52.1740200Z ##[endgroup]
2025-01-21T16:25:52.1741690Z ##[group]Determining the default branch
2025-01-21T16:25:52.1743330Z Retrieving the default branch name
2025-01-21T16:25:52.5981260Z Default branch 'main'
2025-01-21T16:25:52.6020830Z ##[endgroup]
2025-01-21T16:25:52.6025150Z ##[group]Fetching the repository
2025-01-21T16:25:52.6028980Z [command]/opt/homebrew/bin/git -c protocol.version=2 fetch --no-tags --prune --no-recurse-submodules --depth=1 origin +refs/heads/main:refs/remotes/origin/main
2025-01-21T16:25:53.5668490Z From https://github.com/tardis-sn/tardis-regression-data
2025-01-21T16:25:53.5670440Z  * [new branch]      main       -> origin/main
2025-01-21T16:25:53.5744800Z ##[endgroup]
2025-01-21T16:25:53.5745130Z ##[group]Determining the checkout info
2025-01-21T16:25:53.5745530Z ##[endgroup]
2025-01-21T16:25:53.5750160Z [command]/opt/homebrew/bin/git sparse-checkout disable
2025-01-21T16:25:53.5821460Z [command]/opt/homebrew/bin/git config --local --unset-all extensions.worktreeConfig
2025-01-21T16:25:53.5878560Z ##[group]Checking out the ref
2025-01-21T16:25:53.5883240Z [command]/opt/homebrew/bin/git checkout --progress --force -B main refs/remotes/origin/main
2025-01-21T16:25:53.9617280Z Switched to a new branch 'main'
2025-01-21T16:25:53.9626080Z branch 'main' set up to track 'origin/main'.
2025-01-21T16:25:54.0548990Z ##[endgroup]
2025-01-21T16:25:54.0638700Z [command]/opt/homebrew/bin/git log -1 --format=%H
2025-01-21T16:25:54.0713780Z fa7729bc9c30e14b69acd641af8b692b56fcd416
2025-01-21T16:25:54.0872160Z ##[group]Run git lfs ls-files -l | cut -d' ' -f1 | sort > .lfs-assets-id
2025-01-21T16:25:54.0872590Z [36;1mgit lfs ls-files -l | cut -d' ' -f1 | sort > .lfs-assets-id[0m
2025-01-21T16:25:54.0953030Z shell: /bin/bash --noprofile --norc -e -o pipefail {0}
2025-01-21T16:25:54.0953300Z env:
2025-01-21T16:25:54.0953420Z   CACHE_NUMBER: 0
2025-01-21T16:25:54.0954050Z   PYTEST_FLAGS: --tardis-regression-data=/Users/runner/work/tardis/tardis/tardis-regression-data --cov=tardis --cov-report=xml --cov-report=html --cov-append
2025-01-21T16:25:54.0954560Z   CODECOV_TOKEN: 
2025-01-21T16:25:54.0954710Z ##[endgroup]
2025-01-21T16:25:54.4082560Z ##[group]Run actions/cache/restore@v4
2025-01-21T16:25:54.4082890Z with:
2025-01-21T16:25:54.4083050Z   path: tardis-regression-data/.git/lfs
2025-01-21T16:25:54.4083390Z   key: macOS-lfs-21f9fa4b6817cc69b9fae3598144724da7828e276a73bd17f47a2a49d9af090a-v1
2025-01-21T16:25:54.4083780Z   enableCrossOsArchive: false
2025-01-21T16:25:54.4083980Z   fail-on-cache-miss: false
2025-01-21T16:25:54.4084180Z   lookup-only: false
2025-01-21T16:25:54.4084360Z env:
2025-01-21T16:25:54.4084470Z   CACHE_NUMBER: 0
2025-01-21T16:25:54.4085390Z   PYTEST_FLAGS: --tardis-regression-data=/Users/runner/work/tardis/tardis/tardis-regression-data --cov=tardis --cov-report=xml --cov-report=html --cov-append
2025-01-21T16:25:54.4085910Z   CODECOV_TOKEN: 
2025-01-21T16:25:54.4086070Z ##[endgroup]
2025-01-21T16:25:55.9239620Z Received 25165824 of 1706796060 (1.5%), 24.0 MBs/sec
2025-01-21T16:25:56.9244630Z Received 75497472 of 1706796060 (4.4%), 35.9 MBs/sec
2025-01-21T16:25:57.9325530Z Received 134217728 of 1706796060 (7.9%), 42.6 MBs/sec
2025-01-21T16:25:58.9302040Z Received 201326592 of 1706796060 (11.8%), 47.9 MBs/sec
2025-01-21T16:25:59.9315540Z Received 243269632 of 1706796060 (14.3%), 46.3 MBs/sec
2025-01-21T16:26:00.9331800Z Received 301989888 of 1706796060 (17.7%), 47.9 MBs/sec
2025-01-21T16:26:01.9338080Z Received 356515840 of 1706796060 (20.9%), 48.5 MBs/sec
2025-01-21T16:26:02.9347580Z Received 419430400 of 1706796060 (24.6%), 49.9 MBs/sec
2025-01-21T16:26:03.9351700Z Received 482344960 of 1706796060 (28.3%), 51.0 MBs/sec
2025-01-21T16:26:04.9356960Z Received 545259520 of 1706796060 (31.9%), 51.9 MBs/sec
2025-01-21T16:26:05.9369570Z Received 608174080 of 1706796060 (35.6%), 52.7 MBs/sec
2025-01-21T16:26:06.9377510Z Received 675282944 of 1706796060 (39.6%), 53.6 MBs/sec
2025-01-21T16:26:07.9390400Z Received 734003200 of 1706796060 (43.0%), 53.8 MBs/sec
2025-01-21T16:26:08.9399210Z Received 784334848 of 1706796060 (46.0%), 53.4 MBs/sec
2025-01-21T16:26:09.9398110Z Received 838860800 of 1706796060 (49.1%), 53.3 MBs/sec
2025-01-21T16:26:10.9428220Z Received 893386752 of 1706796060 (52.3%), 53.2 MBs/sec
2025-01-21T16:26:11.9423980Z Received 952107008 of 1706796060 (55.8%), 53.3 MBs/sec
2025-01-21T16:26:12.9501910Z Received 998244352 of 1706796060 (58.5%), 52.8 MBs/sec
2025-01-21T16:26:13.9660600Z Received 1048576000 of 1706796060 (61.4%), 52.5 MBs/sec
2025-01-21T16:26:14.9606090Z Received 1073741824 of 1706796060 (62.9%), 51.1 MBs/sec
2025-01-21T16:26:15.9874690Z Received 1140850688 of 1706796060 (66.8%), 51.7 MBs/sec
2025-01-21T16:26:16.9940660Z Received 1191182336 of 1706796060 (69.8%), 51.5 MBs/sec
2025-01-21T16:26:17.9917710Z Received 1262485504 of 1706796060 (74.0%), 52.2 MBs/sec
2025-01-21T16:26:19.0004820Z Received 1317011456 of 1706796060 (77.2%), 52.2 MBs/sec
2025-01-21T16:26:19.9990810Z Received 1375731712 of 1706796060 (80.6%), 52.3 MBs/sec
2025-01-21T16:26:20.9986840Z Received 1438646272 of 1706796060 (84.3%), 52.6 MBs/sec
2025-01-21T16:26:21.9966350Z Received 1493172224 of 1706796060 (87.5%), 52.6 MBs/sec
2025-01-21T16:26:22.9992860Z Received 1547698176 of 1706796060 (90.7%), 52.6 MBs/sec
2025-01-21T16:26:24.0092080Z Received 1614807040 of 1706796060 (94.6%), 53.0 MBs/sec
2025-01-21T16:26:25.0041250Z Received 1677721600 of 1706796060 (98.3%), 53.2 MBs/sec
2025-01-21T16:26:25.4601370Z Cache Size: ~1628 MB (1706796060 B)
2025-01-21T16:26:25.4731600Z [command]/opt/homebrew/bin/gtar -xf /Users/runner/work/_temp/35a221e0-21fe-4ee8-a642-31c98e552f74/cache.tzst -P -C /Users/runner/work/tardis/tardis --delay-directory-restore --use-compress-program unzstd
2025-01-21T16:26:26.0056350Z Received 1706796060 of 1706796060 (100.0%), 52.4 MBs/sec
2025-01-21T16:26:34.8463890Z Cache restored successfully
2025-01-21T16:26:34.9106950Z Cache restored from key: macOS-lfs-21f9fa4b6817cc69b9fae3598144724da7828e276a73bd17f47a2a49d9af090a-v1
2025-01-21T16:26:34.9373770Z ##[group]Run git lfs checkout
2025-01-21T16:26:34.9374120Z [36;1mgit lfs checkout[0m
2025-01-21T16:26:34.9531980Z shell: /bin/bash --noprofile --norc -e -o pipefail {0}
2025-01-21T16:26:34.9532290Z env:
2025-01-21T16:26:34.9532500Z   CACHE_NUMBER: 0
2025-01-21T16:26:34.9533040Z   PYTEST_FLAGS: --tardis-regression-data=/Users/runner/work/tardis/tardis/tardis-regression-data --cov=tardis --cov-report=xml --cov-report=html --cov-append
2025-01-21T16:26:34.9533590Z   CODECOV_TOKEN: 
2025-01-21T16:26:34.9533820Z ##[endgroup]
2025-01-21T16:26:45.2360700Z Checking out LFS objects: 100% (204/204), 3.5 GB | 277 MB/s, done.
2025-01-21T16:26:57.8042870Z Prepare all required actions
2025-01-21T16:26:57.8044310Z Getting action download info
2025-01-21T16:26:57.9519510Z Download action repository 'mamba-org/setup-micromamba@v1' (SHA:4b9113af4fba0e9e1124b252dd6497a419e7396d)
2025-01-21T16:26:59.2395210Z ##[group]Run ./.github/actions/setup_env
2025-01-21T16:26:59.2395510Z with:
2025-01-21T16:26:59.2396120Z   os-label: osx-arm64
2025-01-21T16:26:59.2396260Z env:
2025-01-21T16:26:59.2396360Z   CACHE_NUMBER: 0
2025-01-21T16:26:59.2396920Z   PYTEST_FLAGS: --tardis-regression-data=/Users/runner/work/tardis/tardis/tardis-regression-data --cov=tardis --cov-report=xml --cov-report=html --cov-append
2025-01-21T16:26:59.2397480Z   CODECOV_TOKEN: 
2025-01-21T16:26:59.2397810Z ##[endgroup]
2025-01-21T16:26:59.2418920Z ##[group]Run file_hash=$(cat conda-osx-arm64.lock | shasum -a 256 | cut -d' ' -f1)
2025-01-21T16:26:59.2419330Z [36;1mfile_hash=$(cat conda-osx-arm64.lock | shasum -a 256 | cut -d' ' -f1)[0m
2025-01-21T16:26:59.2419720Z [36;1mecho "file_hash=$file_hash" >> "${GITHUB_OUTPUT}"[0m
2025-01-21T16:26:59.2486530Z shell: /bin/bash --noprofile --norc -e -o pipefail {0}
2025-01-21T16:26:59.2487180Z env:
2025-01-21T16:26:59.2487520Z   CACHE_NUMBER: 0
2025-01-21T16:26:59.2488790Z   PYTEST_FLAGS: --tardis-regression-data=/Users/runner/work/tardis/tardis/tardis-regression-data --cov=tardis --cov-report=xml --cov-report=html --cov-append
2025-01-21T16:26:59.2490180Z   CODECOV_TOKEN: 
2025-01-21T16:26:59.2490540Z ##[endgroup]
2025-01-21T16:26:59.4048620Z ##[group]Run mamba-org/setup-micromamba@v1
2025-01-21T16:26:59.4048880Z with:
2025-01-21T16:26:59.4049020Z   environment-file: conda-osx-arm64.lock
2025-01-21T16:26:59.4049380Z   cache-environment-key: bf0d0a4d4c847cca72476c6c68c493d56c484aada7e80de0e42c7607fcef5824
2025-01-21T16:26:59.4049840Z   cache-downloads-key: bf0d0a4d4c847cca72476c6c68c493d56c484aada7e80de0e42c7607fcef5824
2025-01-21T16:26:59.4050180Z   environment-name: tardis
2025-01-21T16:26:59.4050360Z   cache-environment: true
2025-01-21T16:26:59.4050570Z   cache-downloads: true
2025-01-21T16:26:59.4050750Z env:
2025-01-21T16:26:59.4050870Z   CACHE_NUMBER: 0
2025-01-21T16:26:59.4051350Z   PYTEST_FLAGS: --tardis-regression-data=/Users/runner/work/tardis/tardis/tardis-regression-data --cov=tardis --cov-report=xml --cov-report=html --cov-append
2025-01-21T16:26:59.4051860Z   CODECOV_TOKEN: 
2025-01-21T16:26:59.4052010Z ##[endgroup]
2025-01-21T16:26:59.7741300Z Will download micromamba to /Users/runner/micromamba-bin/micromamba
2025-01-21T16:26:59.7752940Z ##[group]Install micromamba
2025-01-21T16:27:00.5335000Z micromamba installed to /Users/runner/micromamba-bin/micromamba
2025-01-21T16:27:00.5336240Z ##[endgroup]
2025-01-21T16:27:00.5336930Z Adding conda-forge to condarc channels ...
2025-01-21T16:27:00.5353510Z ##[group]Initialize micromamba for bash.
2025-01-21T16:27:00.5364020Z [command]/Users/runner/micromamba-bin/micromamba shell init -s bash -r /Users/runner/micromamba --log-level warning --rc-file /Users/runner/work/_temp/setup-micromamba/.condarc
2025-01-21T16:27:00.5663670Z Modifying RC file "/Users/runner/.bash_profile"
2025-01-21T16:27:00.5666090Z Generating config for root prefix [1m"/Users/runner/micromamba"[0m
2025-01-21T16:27:00.5667300Z Setting mamba executable to: [1m"/Users/runner/micromamba-bin/micromamba"[0m
2025-01-21T16:27:00.5668330Z Adding (or replacing) the following in your "/Users/runner/.bash_profile" file
2025-01-21T16:27:00.5668960Z 
2025-01-21T16:27:00.5669120Z # >>> mamba initialize >>>
2025-01-21T16:27:00.5669710Z # !! Contents within this block are managed by 'mamba init' !!
2025-01-21T16:27:00.5670470Z export MAMBA_EXE='/Users/runner/micromamba-bin/micromamba';
2025-01-21T16:27:00.5671210Z export MAMBA_ROOT_PREFIX='/Users/runner/micromamba';
2025-01-21T16:27:00.5672180Z __mamba_setup="$("$MAMBA_EXE" shell hook --shell bash --root-prefix "$MAMBA_ROOT_PREFIX" 2> /dev/null)"
2025-01-21T16:27:00.5673120Z if [ $? -eq 0 ]; then
2025-01-21T16:27:00.5673540Z     eval "$__mamba_setup"
2025-01-21T16:27:00.5675670Z else
2025-01-21T16:27:00.5676280Z     alias micromamba="$MAMBA_EXE"  # Fallback on help from mamba activate
2025-01-21T16:27:00.5677060Z fi
2025-01-21T16:27:00.5677420Z unset __mamba_setup
2025-01-21T16:27:00.5677850Z # <<< mamba initialize <<<
2025-01-21T16:27:00.5678120Z 
2025-01-21T16:27:00.5678750Z ##[endgroup]
2025-01-21T16:27:00.5679890Z ##[group]Restoring downloads from `/Users/runner/micromamba/pkgs` ...
2025-01-21T16:27:01.9083110Z Received 20971520 of 310595924 (6.8%), 19.7 MBs/sec
2025-01-21T16:27:02.9101550Z Received 83886080 of 310595924 (27.0%), 39.6 MBs/sec
2025-01-21T16:27:03.9110740Z Received 130023424 of 310595924 (41.9%), 41.0 MBs/sec
2025-01-21T16:27:04.9126020Z Received 192937984 of 310595924 (62.1%), 45.7 MBs/sec
2025-01-21T16:27:05.9156180Z Received 251658240 of 310595924 (81.0%), 47.7 MBs/sec
2025-01-21T16:27:06.9172600Z Received 306401620 of 310595924 (98.6%), 48.5 MBs/sec
2025-01-21T16:27:07.0335830Z Cache Size: ~296 MB (310595924 B)
2025-01-21T16:27:07.0482770Z [command]/opt/homebrew/bin/gtar -xf /Users/runner/work/_temp/e63ae1d8-aef1-4147-8d9c-fce9a45220cc/cache.tzst -P -C /Users/runner/work/tardis/tardis --delay-directory-restore --use-compress-program unzstd
2025-01-21T16:27:07.9204890Z Received 310595924 of 310595924 (100.0%), 42.1 MBs/sec
2025-01-21T16:27:08.0566150Z Cache restored successfully
2025-01-21T16:27:08.0589830Z Restored cache with key `bf0d0a4d4c847cca72476c6c68c493d56c484aada7e80de0e42c7607fcef5824-osx-arm64`
2025-01-21T16:27:08.0595120Z ##[endgroup]
2025-01-21T16:27:08.0621870Z ##[group]Restoring environment `tardis` from `/Users/runner/micromamba/envs/tardis` ...
2025-01-21T16:27:09.6603680Z Received 12582912 of 385787123 (3.3%), 9.7 MBs/sec
2025-01-21T16:27:10.7946570Z Received 88080384 of 385787123 (22.8%), 35.9 MBs/sec
2025-01-21T16:27:11.7679460Z Received 155189248 of 385787123 (40.2%), 44.3 MBs/sec
2025-01-21T16:27:12.7675970Z Received 201326592 of 385787123 (52.2%), 44.2 MBs/sec
2025-01-21T16:27:13.7684440Z Received 260046848 of 385787123 (67.4%), 46.4 MBs/sec
2025-01-21T16:27:14.7709680Z Received 314572800 of 385787123 (81.5%), 47.3 MBs/sec
2025-01-21T16:27:15.7581920Z Cache Size: ~368 MB (385787123 B)
2025-01-21T16:27:15.7694800Z [command]/opt/homebrew/bin/gtar -xf /Users/runner/work/_temp/7953924a-269d-496b-b35e-06c0af0bba64/cache.tzst -P -C /Users/runner/work/tardis/tardis --delay-directory-restore --use-compress-program unzstd
2025-01-21T16:27:15.7811080Z Received 385787123 of 385787123 (100.0%), 50.0 MBs/sec
2025-01-21T16:27:38.8874160Z Cache restored successfully
2025-01-21T16:27:38.8944050Z Restored cache with key `bf0d0a4d4c847cca72476c6c68c493d56c484aada7e80de0e42c7607fcef5824-osx-arm64-tardis-args-4f53cda-root-873f6fe-bin-[object Promise]-file-bf0d0a4d4c847cca72476c6c68c493d56c484aada7e80de0e42c7607fcef5824`
2025-01-21T16:27:38.8952960Z ##[endgroup]
2025-01-21T16:27:38.8959250Z Adding environment tardis to auto-activate bash ...
2025-01-21T16:27:38.8982230Z Generating micromamba run shell.
2025-01-21T16:27:38.9002040Z ##[endgroup]
2025-01-21T16:27:38.9021140Z Set environment variables.
2025-01-21T16:27:38.9025170Z ##[group]micromamba info
2025-01-21T16:27:38.9031110Z [command]/Users/runner/micromamba-bin/micromamba info -r /Users/runner/micromamba -n tardis
2025-01-21T16:27:39.4580140Z 
2025-01-21T16:27:39.4581850Z        libmamba version : 1.5.10
2025-01-21T16:27:39.4582760Z      micromamba version : 1.5.10
2025-01-21T16:27:39.4583320Z            curl version : libcurl/8.10.1 (OpenSSL/3.3.2) SecureTransport zlib/1.3.1 zstd/1.5.6 libssh2/1.11.0 nghttp2/1.58.0
2025-01-21T16:27:39.4584090Z      libarchive version : libarchive 3.7.4 zlib/1.2.13 bz2lib/1.0.8 libzstd/1.5.6
2025-01-21T16:27:39.4584540Z        envs directories : /Users/runner/micromamba/envs
2025-01-21T16:27:39.4584960Z           package cache : /Users/runner/micromamba/pkgs
2025-01-21T16:27:39.4585290Z                           /Users/runner/.mamba/pkgs
2025-01-21T16:27:39.4585650Z             environment : tardis
2025-01-21T16:27:39.4592170Z            env location : /Users/runner/micromamba/envs/tardis
2025-01-21T16:27:39.4592670Z       user config files : /Users/runner/.mambarc
2025-01-21T16:27:39.4593150Z  populated config files : /Users/runner/work/_temp/setup-micromamba/.condarc
2025-01-21T16:27:39.4593650Z        virtual packages : __unix=0=0
2025-01-21T16:27:39.4593990Z                           __osx=14.7.2=0
2025-01-21T16:27:39.4594270Z                           __archspec=1=arm64
2025-01-21T16:27:39.4599790Z                channels : https://conda.anaconda.org/conda-forge/osx-arm64
2025-01-21T16:27:39.4600160Z                           https://conda.anaconda.org/conda-forge/noarch
2025-01-21T16:27:39.4600560Z        base environment : /Users/runner/micromamba
2025-01-21T16:27:39.4600820Z                platform : osx-arm64
2025-01-21T16:27:39.4601410Z ##[endgroup]
2025-01-21T16:27:39.4601860Z ##[group]micromamba list
2025-01-21T16:27:39.4602370Z [command]/Users/runner/micromamba-bin/micromamba list -r /Users/runner/micromamba -n tardis
2025-01-21T16:27:40.0920110Z List of packages in environment: "/Users/runner/micromamba/envs/tardis"
2025-01-21T16:27:40.0930180Z 
2025-01-21T16:27:40.0931060Z   Name                           Version              Build                    Channel    
2025-01-21T16:27:40.0944060Z â”€â”€â”€â”€â”€â”€â”€â”€â”€â”€â”€â”€â”€â”€â”€â”€â”€â”€â”€â”€â”€â”€â”€â”€â”€â”€â”€â”€â”€â”€â”€â”€â”€â”€â”€â”€â”€â”€â”€â”€â”€â”€â”€â”€â”€â”€â”€â”€â”€â”€â”€â”€â”€â”€â”€â”€â”€â”€â”€â”€â”€â”€â”€â”€â”€â”€â”€â”€â”€â”€â”€â”€â”€â”€â”€â”€â”€â”€â”€â”€â”€â”€â”€â”€â”€â”€â”€â”€â”€â”€â”€â”€
2025-01-21T16:27:40.0949210Z   alabaster                      0.7.16               pyhd8ed1ab_0             conda-forge
2025-01-21T16:27:40.0970010Z   anyio                          4.4.0                pyhd8ed1ab_0             conda-forge
2025-01-21T16:27:40.0970600Z   appnope                        0.1.4                pyhd8ed1ab_0             conda-forge
2025-01-21T16:27:40.0971220Z   argon2-cffi                    23.1.0               pyhd8ed1ab_0             conda-forge
2025-01-21T16:27:40.0973450Z   argon2-cffi-bindings           21.2.0               py312h02f2b3b_4          conda-forge
2025-01-21T16:27:40.0974090Z   arrow                          1.3.0                pyhd8ed1ab_0             conda-forge
2025-01-21T16:27:40.0974780Z   astropy                        6.1.1                py312hbebd99a_0          conda-forge
2025-01-21T16:27:40.0981170Z   astropy-iers-data              0.2024.6.17.0.31.35  pyhd8ed1ab_0             conda-forge
2025-01-21T16:27:40.0981820Z   astropy-sphinx-theme           1.1                  pyhd8ed1ab_0             conda-forge
2025-01-21T16:27:40.0982380Z   asttokens                      2.4.1                pyhd8ed1ab_0             conda-forge
2025-01-21T16:27:40.0982850Z   async-lru                      2.0.4                pyhd8ed1ab_0             conda-forge
2025-01-21T16:27:40.0983720Z   atk-1.0                        2.38.0               hd03087b_2               conda-forge
2025-01-21T16:27:40.0984580Z   attrs                          23.2.0               pyh71513ae_0             conda-forge
2025-01-21T16:27:40.0985110Z   babel                          2.14.0               pyhd8ed1ab_0             conda-forge
2025-01-21T16:27:40.0985610Z   beautifulsoup4                 4.12.3               pyha770c72_0             conda-forge
2025-01-21T16:27:40.0986170Z   bleach                         6.1.0                pyhd8ed1ab_0             conda-forge
2025-01-21T16:27:40.0986900Z   blosc                          1.21.5               h9c252e8_1               conda-forge
2025-01-21T16:27:40.0987340Z   brotli                         1.1.0                hb547adb_1               conda-forge
2025-01-21T16:27:40.0987850Z   brotli-bin                     1.1.0                hb547adb_1               conda-forge
2025-01-21T16:27:40.0988410Z   brotli-python                  1.1.0                py312h9f69965_1          conda-forge
2025-01-21T16:27:40.0988770Z   bzip2                          1.0.8                h93a5062_5               conda-forge
2025-01-21T16:27:40.0989200Z   c-ares                         1.28.1               h93a5062_0               conda-forge
2025-01-21T16:27:40.0990060Z   c-blosc2                       2.14.4               ha57e6be_1               conda-forge
2025-01-21T16:27:40.0990630Z   ca-certificates                2024.6.2             hf0a4a13_0               conda-forge
2025-01-21T16:27:40.0991050Z   cached-property                1.5.2                hd8ed1ab_1               conda-forge
2025-01-21T16:27:40.0991520Z   cached_property                1.5.2                pyha770c72_1             conda-forge
2025-01-21T16:27:40.0992330Z   cairo                          1.18.0               hd1e100b_0               conda-forge
2025-01-21T16:27:40.0992730Z   certifi                        2024.6.2             pyhd8ed1ab_0             conda-forge
2025-01-21T16:27:40.0993220Z   cffi                           1.16.0               py312h8e38eb3_0          conda-forge
2025-01-21T16:27:40.0993850Z   charset-normalizer             3.3.2                pyhd8ed1ab_0             conda-forge
2025-01-21T16:27:40.0994360Z   click                          8.1.7                unix_pyh707e725_0        conda-forge
2025-01-21T16:27:40.0994810Z   codespell                      2.3.0                pyhd8ed1ab_0             conda-forge
2025-01-21T16:27:40.0995390Z   colorama                       0.4.6                pyhd8ed1ab_0             conda-forge
2025-01-21T16:27:40.0995760Z   comm                           0.2.2                pyhd8ed1ab_0             conda-forge
2025-01-21T16:27:40.0996250Z   commonmark                     0.9.1                py_0                     conda-forge
2025-01-21T16:27:40.0996660Z   contourpy                      1.2.1                py312h0fef576_0          conda-forge
2025-01-21T16:27:40.0997210Z   coverage                       7.5.3                py312h7e5086c_0          conda-forge
2025-01-21T16:27:40.0997570Z   cycler                         0.12.1               pyhd8ed1ab_0             conda-forge
2025-01-21T16:27:40.0998020Z   dataclasses                    0.8                  pyhc8e2a94_3             conda-forge
2025-01-21T16:27:40.0998530Z   debugpy                        1.8.1                py312h20a0b95_0          conda-forge
2025-01-21T16:27:40.0999050Z   decorator                      5.1.1                pyhd8ed1ab_0             conda-forge
2025-01-21T16:27:40.0999450Z   defusedxml                     0.7.1                pyhd8ed1ab_0             conda-forge
2025-01-21T16:27:40.0999960Z   docutils                       0.20.1               py312h81bd7bf_3          conda-forge
2025-01-21T16:27:40.1000340Z   dot2tex                        2.11.3               pyhd8ed1ab_0             conda-forge
2025-01-21T16:27:40.1000770Z   entrypoints                    0.4                  pyhd8ed1ab_0             conda-forge
2025-01-21T16:27:40.1001230Z   exceptiongroup                 1.2.0                pyhd8ed1ab_2             conda-forge
2025-01-21T16:27:40.1001590Z   executing                      2.0.1                pyhd8ed1ab_0             conda-forge
2025-01-21T16:27:40.1002030Z   expat                          2.6.2                hebf3989_0               conda-forge
2025-01-21T16:27:40.1002440Z   font-ttf-dejavu-sans-mono      2.37                 hab24e00_0               conda-forge
2025-01-21T16:27:40.1002920Z   font-ttf-inconsolata           3.000                h77eed37_0               conda-forge
2025-01-21T16:27:40.1003330Z   font-ttf-source-code-pro       2.038                h77eed37_0               conda-forge
2025-01-21T16:27:40.1003810Z   font-ttf-ubuntu                0.83                 h77eed37_2               conda-forge
2025-01-21T16:27:40.1004180Z   fontconfig                     2.14.2               h82840c6_0               conda-forge
2025-01-21T16:27:40.1004650Z   fonts-conda-ecosystem          1                    0                        conda-forge
2025-01-21T16:27:40.1005030Z   fonts-conda-forge              1                    0                        conda-forge
2025-01-21T16:27:40.1005490Z   fonttools                      4.53.0               py312h7e5086c_0          conda-forge
2025-01-21T16:27:40.1005830Z   fqdn                           1.5.1                pyhd8ed1ab_0             conda-forge
2025-01-21T16:27:40.1006480Z   freetype                       2.12.1               hadb7bae_2               conda-forge
2025-01-21T16:27:40.1014020Z   fribidi                        1.0.10               h27ca646_0               conda-forge
2025-01-21T16:27:40.1014550Z   future                         1.0.0                pyhd8ed1ab_0             conda-forge
2025-01-21T16:27:40.1015030Z   gdk-pixbuf                     2.42.12              h7ddc832_0               conda-forge
2025-01-21T16:27:40.1015920Z   gettext                        0.22.5               h8fbad5d_2               conda-forge
2025-01-21T16:27:40.1016910Z   gettext-tools                  0.22.5               h8fbad5d_2               conda-forge
2025-01-21T16:27:40.1017760Z   giflib                         5.2.2                h93a5062_0               conda-forge
2025-01-21T16:27:40.1018200Z   git-lfs                        3.5.1                hce30654_0               conda-forge
2025-01-21T16:27:40.1021140Z   gmp                            6.3.0                hebf3989_1               conda-forge
2025-01-21T16:27:40.1023340Z   gmpy2                          2.1.5                py312hfa9fade_1          conda-forge
2025-01-21T16:27:40.1024260Z   graphite2                      1.3.13               hebf3989_1003            conda-forge
2025-01-21T16:27:40.1025200Z   graphviz                       11.0.0               h9bb9bc9_0               conda-forge
2025-01-21T16:27:40.1026120Z   gtk2                           2.24.33              h7895bb2_4               conda-forge
2025-01-21T16:27:40.1027010Z   gts                            0.7.6                he42f4ea_4               conda-forge
2025-01-21T16:27:40.1027950Z   h11                            0.14.0               pyhd8ed1ab_0             conda-forge
2025-01-21T16:27:40.1028710Z   h2                             4.1.0                pyhd8ed1ab_0             conda-forge
2025-01-21T16:27:40.1029570Z   h5py                           3.11.0               nompi_py312h903599c_102  conda-forge
2025-01-21T16:27:40.1030410Z   harfbuzz                       8.5.0                h1836168_0               conda-forge
2025-01-21T16:27:40.1031380Z   hdf5                           1.14.3               nompi_hec07895_105       conda-forge
2025-01-21T16:27:40.1032230Z   hpack                          4.0.0                pyh9f0ad1d_0             conda-forge
2025-01-21T16:27:40.1033450Z   httpcore                       1.0.5                pyhd8ed1ab_0             conda-forge
2025-01-21T16:27:40.1034410Z   httpx                          0.27.0               pyhd8ed1ab_0             conda-forge
2025-01-21T16:27:40.1035930Z   hyperframe                     6.0.1                pyhd8ed1ab_0             conda-forge
2025-01-21T16:27:40.1036850Z   icu                            73.2                 hc8870d7_0               conda-forge
2025-01-21T16:27:40.1037850Z   idna                           3.7                  pyhd8ed1ab_0             conda-forge
2025-01-21T16:27:40.1038920Z   imagesize                      1.4.1                pyhd8ed1ab_0             conda-forge
2025-01-21T16:27:40.1040500Z   importlib-metadata             7.1.0                pyha770c72_0             conda-forge
2025-01-21T16:27:40.1042250Z   importlib_metadata             7.1.0                hd8ed1ab_0               conda-forge
2025-01-21T16:27:40.1043760Z   importlib_resources            6.4.0                pyhd8ed1ab_0             conda-forge
2025-01-21T16:27:40.1045620Z   iniconfig                      2.0.0                pyhd8ed1ab_0             conda-forge
2025-01-21T16:27:40.1097960Z   ipykernel                      6.29.4               pyh57ce528_0             conda-forge
2025-01-21T16:27:40.1099410Z   ipython                        8.25.0               pyh707e725_0             conda-forge
2025-01-21T16:27:40.1100550Z   ipython_genutils               0.2.0                pyhd8ed1ab_1             conda-forge
2025-01-21T16:27:40.1105080Z   ipywidgets                     7.8.0                pyhd8ed1ab_0             conda-forge
2025-01-21T16:27:40.1107390Z   isoduration                    20.11.0              pyhd8ed1ab_0             conda-forge
2025-01-21T16:27:40.1108400Z   jedi                           0.19.1               pyhd8ed1ab_0             conda-forge
2025-01-21T16:27:40.1109320Z   jinja2                         3.1.4                pyhd8ed1ab_0             conda-forge
2025-01-21T16:27:40.1110130Z   json5                          0.9.25               pyhd8ed1ab_0             conda-forge
2025-01-21T16:27:40.1112830Z   jsonpointer                    3.0.0                py312h81bd7bf_0          conda-forge
2025-01-21T16:27:40.1114010Z   jsonschema                     4.22.0               pyhd8ed1ab_0             conda-forge
2025-01-21T16:27:40.1114560Z   jsonschema-specifications      2023.12.1            pyhd8ed1ab_0             conda-forge
2025-01-21T16:27:40.1115070Z   jsonschema-with-format-nongpl  4.22.0               pyhd8ed1ab_0             conda-forge
2025-01-21T16:27:40.1115610Z   jupyter-lsp                    2.2.5                pyhd8ed1ab_0             conda-forge
2025-01-21T16:27:40.1116170Z   jupyter_client                 8.6.2                pyhd8ed1ab_0             conda-forge
2025-01-21T16:27:40.1116560Z   jupyter_core                   5.7.2                py312h81bd7bf_0          conda-forge
2025-01-21T16:27:40.1117040Z   jupyter_events                 0.10.0               pyhd8ed1ab_0             conda-forge
2025-01-21T16:27:40.1117480Z   jupyter_server                 2.14.1               pyhd8ed1ab_0             conda-forge
2025-01-21T16:27:40.1117950Z   jupyter_server_terminals       0.5.3                pyhd8ed1ab_0             conda-forge
2025-01-21T16:27:40.1119280Z   jupyterlab                     4.2.2                pyhd8ed1ab_0             conda-forge
2025-01-21T16:27:40.1120330Z   jupyterlab_pygments            0.3.0                pyhd8ed1ab_1             conda-forge
2025-01-21T16:27:40.1121410Z   jupyterlab_server              2.27.2               pyhd8ed1ab_0             conda-forge
2025-01-21T16:27:40.1122430Z   jupyterlab_widgets             1.1.7                pyhd8ed1ab_0             conda-forge
2025-01-21T16:27:40.1123450Z   kiwisolver                     1.4.5                py312h389731b_1          conda-forge
2025-01-21T16:27:40.1124300Z   krb5                           1.21.2               h92f50d5_0               conda-forge
2025-01-21T16:27:40.1125230Z   latexcodec                     2.0.1                pyh9f0ad1d_0             conda-forge
2025-01-21T16:27:40.1126100Z   lcms2                          2.16                 ha0e7c42_0               conda-forge
2025-01-21T16:27:40.1127010Z   lerc                           4.0.0                h9a09cb3_0               conda-forge
2025-01-21T16:27:40.1127960Z   libaec                         1.1.3                hebf3989_0               conda-forge
2025-01-21T16:27:40.1128960Z   libasprintf                    0.22.5               h8fbad5d_2               conda-forge
2025-01-21T16:27:40.1129930Z   libasprintf-devel              0.22.5               h8fbad5d_2               conda-forge
2025-01-21T16:27:40.1130940Z   libblas                        3.9.0                22_osxarm64_openblas     conda-forge
2025-01-21T16:27:40.1131870Z   libbrotlicommon                1.1.0                hb547adb_1               conda-forge
2025-01-21T16:27:40.1132910Z   libbrotlidec                   1.1.0                hb547adb_1               conda-forge
2025-01-21T16:27:40.1133820Z   libbrotlienc                   1.1.0                hb547adb_1               conda-forge
2025-01-21T16:27:40.1135090Z   libcblas                       3.9.0                22_osxarm64_openblas     conda-forge
2025-01-21T16:27:40.1136310Z   libcurl                        8.8.0                h7b6f9a7_0               conda-forge
2025-01-21T16:27:40.1136700Z   libcxx                         17.0.6               h5f092b4_0               conda-forge
2025-01-21T16:27:40.1137000Z   libdeflate                     1.20                 h93a5062_0               conda-forge
2025-01-21T16:27:40.1137810Z   libedit                        3.1.20191231         hc8eb9b7_2               conda-forge
2025-01-21T16:27:40.1138220Z   libev                          4.33                 h93a5062_2               conda-forge
2025-01-21T16:27:40.1138650Z   libexpat                       2.6.2                hebf3989_0               conda-forge
2025-01-21T16:27:40.1139070Z   libffi                         3.4.2                h3422bc3_5               conda-forge
2025-01-21T16:27:40.1139630Z   libgd                          2.3.3                hfdf3952_9               conda-forge
2025-01-21T16:27:40.1140020Z   libgettextpo                   0.22.5               h8fbad5d_2               conda-forge
2025-01-21T16:27:40.1140360Z   libgettextpo-devel             0.22.5               h8fbad5d_2               conda-forge
2025-01-21T16:27:40.1140760Z   libgfortran                    5.0.0                13_2_0_hd922786_3        conda-forge
2025-01-21T16:27:40.1141080Z   libgfortran5                   13.2.0               hf226fd6_3               conda-forge
2025-01-21T16:27:40.1141450Z   libglib                        2.80.2               h59d46d9_1               conda-forge
2025-01-21T16:27:40.1141790Z   libiconv                       1.17                 h0d3ecfb_2               conda-forge
2025-01-21T16:27:40.1142140Z   libintl                        0.22.5               h8fbad5d_2               conda-forge
2025-01-21T16:27:40.1142530Z   libintl-devel                  0.22.5               h8fbad5d_2               conda-forge
2025-01-21T16:27:40.1143110Z   libjpeg-turbo                  3.0.0                hb547adb_1               conda-forge
2025-01-21T16:27:40.1143480Z   liblapack                      3.9.0                22_osxarm64_openblas     conda-forge
2025-01-21T16:27:40.1143980Z   libllvm14                      14.0.6               hd1a9a77_4               conda-forge
2025-01-21T16:27:40.1144350Z   libnghttp2                     1.58.0               ha4dd798_1               conda-forge
2025-01-21T16:27:40.1144720Z   libopenblas                    0.3.27               openmp_h6c19121_0        conda-forge
2025-01-21T16:27:40.1145240Z   libpng                         1.6.43               h091b4b1_0               conda-forge
2025-01-21T16:27:40.1145640Z   librsvg                        2.58.1               hbc281fb_0               conda-forge
2025-01-21T16:27:40.1146060Z   libsodium                      1.0.18               h27ca646_1               conda-forge
2025-01-21T16:27:40.1146520Z   libsqlite                      3.46.0               hfb93653_0               conda-forge
2025-01-21T16:27:40.1146940Z   libssh2                        1.11.0               h7a5bd25_0               conda-forge
2025-01-21T16:27:40.1147390Z   libtiff                        4.6.0                h07db509_3               conda-forge
2025-01-21T16:27:40.1147740Z   libwebp                        1.4.0                h54798ee_0               conda-forge
2025-01-21T16:27:40.1148160Z   libwebp-base                   1.4.0                h93a5062_0               conda-forge
2025-01-21T16:27:40.1148500Z   libxcb                         1.16                 hf2054a2_0               conda-forge
2025-01-21T16:27:40.1148890Z   libxml2                        2.12.7               ha661575_1               conda-forge
2025-01-21T16:27:40.1149290Z   libxslt                        1.1.39               h223e5b9_0               conda-forge
2025-01-21T16:27:40.1149720Z   libzlib                        1.3.1                hfb2fe0b_1               conda-forge
2025-01-21T16:27:40.1150030Z   llvm-openmp                    18.1.7               hde57baf_0               conda-forge
2025-01-21T16:27:40.1150460Z   llvmlite                       0.42.0               py312h17030e7_1          conda-forge
2025-01-21T16:27:40.1150820Z   lxml                           5.2.2                py312h0e5ab22_0          conda-forge
2025-01-21T16:27:40.1151150Z   lz4-c                          1.9.4                hb7217d7_0               conda-forge
2025-01-21T16:27:40.1151790Z   markupsafe                     2.1.5                py312he37b823_0          conda-forge
2025-01-21T16:27:40.1152190Z   matplotlib-base                3.8.4                py312h4479663_2          conda-forge
2025-01-21T16:27:40.1152600Z   matplotlib-inline              0.1.7                pyhd8ed1ab_0             conda-forge
2025-01-21T16:27:40.1153040Z   mistune                        3.0.2                pyhd8ed1ab_0             conda-forge
2025-01-21T16:27:40.1153590Z   mpc                            1.3.1                h91ba8db_0               conda-forge
2025-01-21T16:27:40.1154030Z   mpfr                           4.2.1                h41d338b_1               conda-forge
2025-01-21T16:27:40.1154460Z   mpmath                         1.3.0                pyhd8ed1ab_0             conda-forge
2025-01-21T16:27:40.1155030Z   munkres                        1.1.4                pyh9f0ad1d_0             conda-forge
2025-01-21T16:27:40.1155450Z   mypy_extensions                1.0.0                pyha770c72_0             conda-forge
2025-01-21T16:27:40.1155840Z   nbclassic                      1.1.0                pyhd8ed1ab_0             conda-forge
2025-01-21T16:27:40.1156180Z   nbclient                       0.10.0               pyhd8ed1ab_0             conda-forge
2025-01-21T16:27:40.1156560Z   nbconvert                      7.16.4               hd8ed1ab_1               conda-forge
2025-01-21T16:27:40.1156980Z   nbconvert-core                 7.16.4               pyhd8ed1ab_1             conda-forge
2025-01-21T16:27:40.1157320Z   nbconvert-pandoc               7.16.4               hd8ed1ab_1               conda-forge
2025-01-21T16:27:40.1157750Z   nbformat                       5.10.4               pyhd8ed1ab_0             conda-forge
2025-01-21T16:27:40.1158090Z   nbsphinx                       0.9.4                pyhd8ed1ab_0             conda-forge
2025-01-21T16:27:40.1158430Z   ncurses                        6.5                  hb89a1cb_0               conda-forge
2025-01-21T16:27:40.1158820Z   nest-asyncio                   1.6.0                pyhd8ed1ab_0             conda-forge
2025-01-21T16:27:40.1159170Z   networkx                       3.3                  pyhd8ed1ab_1             conda-forge
2025-01-21T16:27:40.1159470Z   notebook                       7.2.1                pyhd8ed1ab_0             conda-forge
2025-01-21T16:27:40.1159780Z   notebook-shim                  0.2.4                pyhd8ed1ab_0             conda-forge
2025-01-21T16:27:40.1160090Z   numba                          0.59.1               py312hbaff935_0          conda-forge
2025-01-21T16:27:40.1160380Z   numexpr                        2.10.0               py312h8ae5369_0          conda-forge
2025-01-21T16:27:40.1160660Z   numpy                          1.26.4               py312h8442bc7_0          conda-forge
2025-01-21T16:27:40.1160960Z   numpydoc                       1.7.0                pyhd8ed1ab_1             conda-forge
2025-01-21T16:27:40.1161250Z   openjpeg                       2.5.2                h9f1df11_0               conda-forge
2025-01-21T16:27:40.1161550Z   openssl                        3.3.1                hfb2fe0b_0               conda-forge
2025-01-21T16:27:40.1161850Z   overrides                      7.7.0                pyhd8ed1ab_0             conda-forge
2025-01-21T16:27:40.1162150Z   packaging                      24.1                 pyhd8ed1ab_0             conda-forge
2025-01-21T16:27:40.1162440Z   pandas                         2.2.2                py312h8ae5369_1          conda-forge
2025-01-21T16:27:40.1162740Z   pandoc                         3.2                  hce30654_0               conda-forge
2025-01-21T16:27:40.1163040Z   pandocfilters                  1.5.0                pyhd8ed1ab_0             conda-forge
2025-01-21T16:27:40.1163350Z   pango                          1.54.0               h5cb9fbc_0               conda-forge
2025-01-21T16:27:40.1163630Z   parso                          0.8.4                pyhd8ed1ab_0             conda-forge
2025-01-21T16:27:40.1164130Z   pathspec                       0.12.1               pyhd8ed1ab_0             conda-forge
2025-01-21T16:27:40.1164430Z   pbr                            6.0.0                pyhd8ed1ab_0             conda-forge
2025-01-21T16:27:40.1164710Z   pcre2                          10.44                h297a79d_0               conda-forge
2025-01-21T16:27:40.1165000Z   pexpect                        4.9.0                pyhd8ed1ab_0             conda-forge
2025-01-21T16:27:40.1165670Z   pickleshare                    0.7.5                py_1003                  conda-forge
2025-01-21T16:27:40.1165970Z   pillow                         10.3.0               py312h39b1d8d_1          conda-forge
2025-01-21T16:27:40.1166250Z   pip                            24.0                 pyhd8ed1ab_0             conda-forge
2025-01-21T16:27:40.1166530Z   pixman                         0.43.4               hebf3989_0               conda-forge
2025-01-21T16:27:40.1166850Z   pkgutil-resolve-name           1.3.10               pyhd8ed1ab_1             conda-forge
2025-01-21T16:27:40.1167210Z   platformdirs                   4.2.2                pyhd8ed1ab_0             conda-forge
2025-01-21T16:27:40.1167520Z   plotly                         5.22.0               pyhd8ed1ab_0             conda-forge
2025-01-21T16:27:40.1167810Z   pluggy                         1.5.0                pyhd8ed1ab_0             conda-forge
2025-01-21T16:27:40.1168130Z   prometheus_client              0.20.0               pyhd8ed1ab_0             conda-forge
2025-01-21T16:27:40.1168470Z   prompt-toolkit                 3.0.47               pyha770c72_0             conda-forge
2025-01-21T16:27:40.1168780Z   psutil                         5.9.8                py312he37b823_0          conda-forge
2025-01-21T16:27:40.1169090Z   pthread-stubs                  0.4                  h27ca646_1001            conda-forge
2025-01-21T16:27:40.1169410Z   ptyprocess                     0.7.0                pyhd3deb0d_0             conda-forge
2025-01-21T16:27:40.1169710Z   pure_eval                      0.2.2                pyhd8ed1ab_0             conda-forge
2025-01-21T16:27:40.1170010Z   py-cpuinfo                     9.0.0                pyhd8ed1ab_0             conda-forge
2025-01-21T16:27:40.1170320Z   pybtex                         0.24.0               pyhd8ed1ab_2             conda-forge
2025-01-21T16:27:40.1170630Z   pybtex-docutils                1.0.3                py312h81bd7bf_1          conda-forge
2025-01-21T16:27:40.1170970Z   pycparser                      2.22                 pyhd8ed1ab_0             conda-forge
2025-01-21T16:27:40.1171280Z   pyerfa                         2.0.1.4              py312hbebd99a_1          conda-forge
2025-01-21T16:27:40.1171570Z   pygments                       2.18.0               pyhd8ed1ab_0             conda-forge
2025-01-21T16:27:40.1171880Z   pygraphviz                     1.13                 py312h5f4d302_1          conda-forge
2025-01-21T16:27:40.1172190Z   pyobjc-core                    10.3.1               py312hbb55c70_0          conda-forge
2025-01-21T16:27:40.1172530Z   pyobjc-framework-cocoa         10.3.1               py312hbb55c70_0          conda-forge
2025-01-21T16:27:40.1172870Z   pyparsing                      3.1.2                pyhd8ed1ab_0             conda-forge
2025-01-21T16:27:40.1173170Z   pysocks                        1.7.1                pyha2e5f31_6             conda-forge
2025-01-21T16:27:40.1173470Z   pytables                       3.9.2                py312hb622ae1_2          conda-forge
2025-01-21T16:27:40.1173770Z   pytest                         8.2.2                pyhd8ed1ab_0             conda-forge
2025-01-21T16:27:40.1174060Z   pytest-cov                     5.0.0                pyhd8ed1ab_0             conda-forge
2025-01-21T16:27:40.1174400Z   pytest-doctestplus             1.2.1                pyhd8ed1ab_0             conda-forge
2025-01-21T16:27:40.1174730Z   pytest-html                    4.1.1                pyhd8ed1ab_0             conda-forge
2025-01-21T16:27:40.1175370Z   pytest-metadata                3.1.1                pyhd8ed1ab_0             conda-forge
2025-01-21T16:27:40.1175700Z   python                         3.12.4               h30c5eda_0_cpython       conda-forge
2025-01-21T16:27:40.1176020Z   python-dateutil                2.9.0                pyhd8ed1ab_0             conda-forge
2025-01-21T16:27:40.1176370Z   python-fastjsonschema          2.20.0               pyhd8ed1ab_0             conda-forge
2025-01-21T16:27:40.1176860Z   python-json-logger             2.0.7                pyhd8ed1ab_0             conda-forge
2025-01-21T16:27:40.1177200Z   python-tzdata                  2024.1               pyhd8ed1ab_0             conda-forge
2025-01-21T16:27:40.1177510Z   python_abi                     3.12                 4_cp312                  conda-forge
2025-01-21T16:27:40.1177800Z   pytz                           2024.1               pyhd8ed1ab_0             conda-forge
2025-01-21T16:27:40.1178080Z   pyyaml                         6.0.1                py312h02f2b3b_1          conda-forge
2025-01-21T16:27:40.1178370Z   pyzmq                          26.0.3               py312hfa13136_0          conda-forge
2025-01-21T16:27:40.1178660Z   qgrid                          1.3.1                pyhd8ed1ab_4             conda-forge
2025-01-21T16:27:40.1178970Z   radioactivedecay               0.5.1                pyhd8ed1ab_0             conda-forge
2025-01-21T16:27:40.1179290Z   readline                       8.2                  h92ec313_1               conda-forge
2025-01-21T16:27:40.1179600Z   recommonmark                   0.7.1                pyhd8ed1ab_0             conda-forge
2025-01-21T16:27:40.1179910Z   referencing                    0.35.1               pyhd8ed1ab_0             conda-forge
2025-01-21T16:27:40.1180220Z   requests                       2.32.3               pyhd8ed1ab_0             conda-forge
2025-01-21T16:27:40.1180540Z   rfc3339-validator              0.1.4                pyhd8ed1ab_0             conda-forge
2025-01-21T16:27:40.1180880Z   rfc3986-validator              0.1.1                pyh9f0ad1d_0             conda-forge
2025-01-21T16:27:40.1181200Z   rpds-py                        0.18.1               py312h552d48e_0          conda-forge
2025-01-21T16:27:40.1181490Z   ruff                           0.4.9                py312h3402d49_0          conda-forge
2025-01-21T16:27:40.1181760Z   scipy                          1.13.1               py312h14ffa8f_0          conda-forge
2025-01-21T16:27:40.1182070Z   send2trash                     1.8.3                pyh31c8845_0             conda-forge
2025-01-21T16:27:40.1182370Z   setuptools                     70.0.0               pyhd8ed1ab_0             conda-forge
2025-01-21T16:27:40.1182690Z   setuptools-scm                 8.1.0                pyhd8ed1ab_0             conda-forge
2025-01-21T16:27:40.1183010Z   setuptools_scm                 8.1.0                hd8ed1ab_0               conda-forge
2025-01-21T16:27:40.1183300Z   six                            1.16.0               pyh6c4a22f_0             conda-forge
2025-01-21T16:27:40.1183590Z   snakeviz                       2.2.0                pyhd8ed1ab_0             conda-forge
2025-01-21T16:27:40.1183880Z   snappy                         1.2.0                hd04f947_1               conda-forge
2025-01-21T16:27:40.1184170Z   sniffio                        1.3.1                pyhd8ed1ab_0             conda-forge
2025-01-21T16:27:40.1184480Z   snowballstemmer                2.2.0                pyhd8ed1ab_0             conda-forge
2025-01-21T16:27:40.1184800Z   soupsieve                      2.5                  pyhd8ed1ab_1             conda-forge
2025-01-21T16:27:40.1185230Z   sphinx                         7.3.7                pyhd8ed1ab_0             conda-forge
2025-01-21T16:27:40.1185550Z   sphinx-astropy                 1.9.1                pyhd8ed1ab_0             conda-forge
2025-01-21T16:27:40.1185890Z   sphinx-automodapi              0.17.0               pyh717bed2_1             conda-forge
2025-01-21T16:27:40.1186380Z   sphinx-gallery                 0.16.0               pyhd8ed1ab_0             conda-forge
2025-01-21T16:27:40.1186720Z   sphinx-jsonschema              1.19.1               pyhd8ed1ab_0             conda-forge
2025-01-21T16:27:40.1187070Z   sphinx_bootstrap_theme         0.8.1                pyhd8ed1ab_0             conda-forge
2025-01-21T16:27:40.1187410Z   sphinx_rtd_theme               2.0.0                pyha770c72_0             conda-forge
2025-01-21T16:27:40.1187970Z   sphinxcontrib-apidoc           0.3.0                py_1                     conda-forge
2025-01-21T16:27:40.1189470Z   sphinxcontrib-applehelp        1.0.8                pyhd8ed1ab_0             conda-forge
2025-01-21T16:27:40.1190540Z   sphinxcontrib-bibtex           2.6.2                pyhd8ed1ab_0             conda-forge
2025-01-21T16:27:40.1191520Z   sphinxcontrib-devhelp          1.0.6                pyhd8ed1ab_0             conda-forge
2025-01-21T16:27:40.1192520Z   sphinxcontrib-htmlhelp         2.0.5                pyhd8ed1ab_0             conda-forge
2025-01-21T16:27:40.1193540Z   sphinxcontrib-jquery           4.1                  pyhd8ed1ab_0             conda-forge
2025-01-21T16:27:40.1194520Z   sphinxcontrib-jsmath           1.0.1                pyhd8ed1ab_0             conda-forge
2025-01-21T16:27:40.1195470Z   sphinxcontrib-qthelp           1.0.7                pyhd8ed1ab_0             conda-forge
2025-01-21T16:27:40.1196510Z   sphinxcontrib-serializinghtml  1.1.10               pyhd8ed1ab_0             conda-forge
2025-01-21T16:27:40.1197490Z   stack_data                     0.6.2                pyhd8ed1ab_0             conda-forge
2025-01-21T16:27:40.1198270Z   sympy                          1.12.1               pypyh2585a3b_103         conda-forge
2025-01-21T16:27:40.1199040Z   tabulate                       0.9.0                pyhd8ed1ab_1             conda-forge
2025-01-21T16:27:40.1199840Z   tenacity                       8.4.1                pyhd8ed1ab_0             conda-forge
2025-01-21T16:27:40.1200650Z   terminado                      0.18.1               pyh31c8845_0             conda-forge
2025-01-21T16:27:40.1201670Z   tinycss2                       1.3.0                pyhd8ed1ab_0             conda-forge
2025-01-21T16:27:40.1202420Z   tk                             8.6.13               h5083fa2_1               conda-forge
2025-01-21T16:27:40.1203150Z   toml                           0.10.2               pyhd8ed1ab_0             conda-forge
2025-01-21T16:27:40.1203910Z   tomli                          2.0.1                pyhd8ed1ab_0             conda-forge
2025-01-21T16:27:40.1204670Z   tornado                        6.4.1                py312h7e5086c_0          conda-forge
2025-01-21T16:27:40.1205440Z   tqdm                           4.66.4               pyhd8ed1ab_0             conda-forge
2025-01-21T16:27:40.1206200Z   traitlets                      5.14.3               pyhd8ed1ab_0             conda-forge
2025-01-21T16:27:40.1207010Z   typed-ast                      1.5.5                py312h02f2b3b_1          conda-forge
2025-01-21T16:27:40.1207930Z   types-python-dateutil          2.9.0.20240316       pyhd8ed1ab_0             conda-forge
2025-01-21T16:27:40.1208900Z   typing-extensions              4.12.2               hd8ed1ab_0               conda-forge
2025-01-21T16:27:40.1209800Z   typing_extensions              4.12.2               pyha770c72_0             conda-forge
2025-01-21T16:27:40.1210670Z   typing_utils                   0.1.0                pyhd8ed1ab_0             conda-forge
2025-01-21T16:27:40.1211480Z   tzdata                         2024a                h0c530f3_0               conda-forge
2025-01-21T16:27:40.1212290Z   uri-template                   1.3.0                pyhd8ed1ab_0             conda-forge
2025-01-21T16:27:40.1213110Z   urllib3                        2.2.2                pyhd8ed1ab_0             conda-forge
2025-01-21T16:27:40.1213910Z   wcwidth                        0.2.13               pyhd8ed1ab_0             conda-forge
2025-01-21T16:27:40.1214720Z   webcolors                      24.6.0               pyhd8ed1ab_0             conda-forge
2025-01-21T16:27:40.1216970Z   webencodings                   0.5.1                pyhd8ed1ab_2             conda-forge
2025-01-21T16:27:40.1218000Z   websocket-client               1.8.0                pyhd8ed1ab_0             conda-forge
2025-01-21T16:27:40.1218830Z   wheel                          0.43.0               pyhd8ed1ab_1             conda-forge
2025-01-21T16:27:40.1220200Z   widgetsnbextension             3.6.6                pyhd8ed1ab_0             conda-forge
2025-01-21T16:27:40.1221080Z   xorg-libxau                    1.0.11               hb547adb_0               conda-forge
2025-01-21T16:27:40.1221900Z   xorg-libxdmcp                  1.1.3                h27ca646_0               conda-forge
2025-01-21T16:27:40.1222660Z   xz                             5.2.6                h57fd34a_0               conda-forge
2025-01-21T16:27:40.1223360Z   yaml                           0.2.5                h3422bc3_2               conda-forge
2025-01-21T16:27:40.1224100Z   zeromq                         4.3.5                hcc0f68c_4               conda-forge
2025-01-21T16:27:40.1224850Z   zipp                           3.19.2               pyhd8ed1ab_0             conda-forge
2025-01-21T16:27:40.1225870Z   zlib                           1.3.1                hfb2fe0b_1               conda-forge
2025-01-21T16:27:40.1226610Z   zlib-ng                        2.0.7                h1a8c8d9_0               conda-forge
2025-01-21T16:27:40.1227370Z   zstd                           1.5.6                hb46c0d2_0               conda-forge
2025-01-21T16:27:40.1230130Z ##[endgroup]
2025-01-21T16:27:40.1646210Z ##[group]Run pip install -e . --user
2025-01-21T16:27:40.1646610Z [36;1mpip install -e . --user[0m
2025-01-21T16:27:40.4674670Z shell: /bin/bash -l {0}
2025-01-21T16:27:40.4674960Z env:
2025-01-21T16:27:40.4675100Z   CACHE_NUMBER: 0
2025-01-21T16:27:40.4676340Z   PYTEST_FLAGS: --tardis-regression-data=/Users/runner/work/tardis/tardis/tardis-regression-data --cov=tardis --cov-report=xml --cov-report=html --cov-append
2025-01-21T16:27:40.4678040Z   CODECOV_TOKEN: 
2025-01-21T16:27:40.4678760Z   MAMBA_ROOT_PREFIX: /Users/runner/micromamba
2025-01-21T16:27:40.4679380Z   MAMBA_EXE: /Users/runner/micromamba-bin/micromamba
2025-01-21T16:27:40.4679830Z   CONDARC: /Users/runner/work/_temp/setup-micromamba/.condarc
2025-01-21T16:27:40.4680900Z ##[endgroup]
2025-01-21T16:27:42.1503960Z Obtaining file:///Users/runner/work/tardis/tardis
2025-01-21T16:27:42.1548370Z   Installing build dependencies: started
2025-01-21T16:27:46.1051540Z   Installing build dependencies: finished with status 'done'
2025-01-21T16:27:46.1094140Z   Checking if build backend supports build_editable: started
2025-01-21T16:27:46.2801950Z   Checking if build backend supports build_editable: finished with status 'done'
2025-01-21T16:27:46.2813060Z   Getting requirements to build editable: started
2025-01-21T16:27:47.0821190Z   Getting requirements to build editable: finished with status 'done'
2025-01-21T16:27:47.0851770Z   Preparing editable metadata (pyproject.toml): started
2025-01-21T16:27:48.2592070Z   Preparing editable metadata (pyproject.toml): finished with status 'done'
2025-01-21T16:27:48.3342400Z Requirement already satisfied: astropy in /Users/runner/micromamba/envs/tardis/lib/python3.12/site-packages (from tardis==0.0.0) (6.1.1)
2025-01-21T16:27:48.3863050Z Requirement already satisfied: numpy>=1.23 in /Users/runner/micromamba/envs/tardis/lib/python3.12/site-packages (from astropy->tardis==0.0.0) (1.26.4)
2025-01-21T16:27:48.3965010Z Requirement already satisfied: pyerfa>=2.0.1.1 in /Users/runner/micromamba/envs/tardis/lib/python3.12/site-packages (from astropy->tardis==0.0.0) (2.0.1.4)
2025-01-21T16:27:48.4068540Z Requirement already satisfied: astropy-iers-data>=0.2024.5.27.0.30.8 in /Users/runner/micromamba/envs/tardis/lib/python3.12/site-packages (from astropy->tardis==0.0.0) (0.2024.6.17.0.31.35)
2025-01-21T16:27:48.4173510Z Requirement already satisfied: PyYAML>=3.13 in /Users/runner/micromamba/envs/tardis/lib/python3.12/site-packages (from astropy->tardis==0.0.0) (6.0.1)
2025-01-21T16:27:48.4278230Z Requirement already satisfied: packaging>=19.0 in /Users/runner/micromamba/envs/tardis/lib/python3.12/site-packages (from astropy->tardis==0.0.0) (24.1)
2025-01-21T16:27:48.4385960Z Building wheels for collected packages: tardis
2025-01-21T16:27:48.4393370Z   Building editable for tardis (pyproject.toml): started
2025-01-21T16:27:49.4460940Z   Building editable for tardis (pyproject.toml): finished with status 'done'
2025-01-21T16:27:49.4470250Z   Created wheel for tardis: filename=tardis-0.0.0-0.editable-py3-none-any.whl size=8878 sha256=73e86925ba8ee04e5730cda753242e10bdb3cf87874fe70d1bc7913121378110
2025-01-21T16:27:49.4473260Z   Stored in directory: /private/var/folders/84/5079cppj57s0lzywhyzcxkjc0000gn/T/pip-ephem-wheel-cache-9_5pz8aj/wheels/bb/4f/6a/0829b918c1c10bc28535ce7f14be21eee54375bdd9cd0c306a
2025-01-21T16:27:49.4501150Z Successfully built tardis
2025-01-21T16:27:50.2381190Z Installing collected packages: tardis
2025-01-21T16:27:50.2584680Z Successfully installed tardis-0.0.0
2025-01-21T16:27:50.7175600Z ##[group]Run pip install qgridnext
2025-01-21T16:27:50.7176010Z [36;1mpip install qgridnext[0m
2025-01-21T16:27:50.7433750Z shell: /bin/bash -l {0}
2025-01-21T16:27:50.7434100Z env:
2025-01-21T16:27:50.7434320Z   CACHE_NUMBER: 0
2025-01-21T16:27:50.7435020Z   PYTEST_FLAGS: --tardis-regression-data=/Users/runner/work/tardis/tardis/tardis-regression-data --cov=tardis --cov-report=xml --cov-report=html --cov-append
2025-01-21T16:27:50.7435620Z   CODECOV_TOKEN: 
2025-01-21T16:27:50.7436170Z   MAMBA_ROOT_PREFIX: /Users/runner/micromamba
2025-01-21T16:27:50.7436550Z   MAMBA_EXE: /Users/runner/micromamba-bin/micromamba
2025-01-21T16:27:50.7437120Z   CONDARC: /Users/runner/work/_temp/setup-micromamba/.condarc
2025-01-21T16:27:50.7437480Z ##[endgroup]
2025-01-21T16:27:51.8076790Z Collecting qgridnext
2025-01-21T16:27:51.8452920Z   Downloading qgridnext-2.0.4-py3-none-any.whl.metadata (9.9 kB)
2025-01-21T16:27:51.8677420Z Requirement already satisfied: pandas>=0.20.0 in /Users/runner/micromamba/envs/tardis/lib/python3.12/site-packages (from qgridnext) (2.2.2)
2025-01-21T16:27:51.8681750Z Requirement already satisfied: ipywidgets>=7.0.0 in /Users/runner/micromamba/envs/tardis/lib/python3.12/site-packages (from qgridnext) (7.8.0)
2025-01-21T16:27:51.8689150Z Requirement already satisfied: numpy in /Users/runner/micromamba/envs/tardis/lib/python3.12/site-packages (from qgridnext) (1.26.4)
2025-01-21T16:27:51.8696330Z Requirement already satisfied: traitlets in /Users/runner/micromamba/envs/tardis/lib/python3.12/site-packages (from qgridnext) (5.14.3)
2025-01-21T16:27:51.8754610Z Requirement already satisfied: comm>=0.1.3 in /Users/runner/micromamba/envs/tardis/lib/python3.12/site-packages (from ipywidgets>=7.0.0->qgridnext) (0.2.2)
2025-01-21T16:27:51.8758940Z Requirement already satisfied: ipython-genutils~=0.2.0 in /Users/runner/micromamba/envs/tardis/lib/python3.12/site-packages (from ipywidgets>=7.0.0->qgridnext) (0.2.0)
2025-01-21T16:27:51.8768850Z Requirement already satisfied: widgetsnbextension~=3.6.5 in /Users/runner/micromamba/envs/tardis/lib/python3.12/site-packages (from ipywidgets>=7.0.0->qgridnext) (3.6.6)
2025-01-21T16:27:51.8778400Z Requirement already satisfied: ipython>=4.0.0 in /Users/runner/micromamba/envs/tardis/lib/python3.12/site-packages (from ipywidgets>=7.0.0->qgridnext) (8.25.0)
2025-01-21T16:27:51.8788630Z Requirement already satisfied: jupyterlab-widgets<3,>=1.0.0 in /Users/runner/micromamba/envs/tardis/lib/python3.12/site-packages (from ipywidgets>=7.0.0->qgridnext) (1.1.7)
2025-01-21T16:27:51.9085420Z Requirement already satisfied: python-dateutil>=2.8.2 in /Users/runner/micromamba/envs/tardis/lib/python3.12/site-packages (from pandas>=0.20.0->qgridnext) (2.9.0)
2025-01-21T16:27:51.9093110Z Requirement already satisfied: pytz>=2020.1 in /Users/runner/micromamba/envs/tardis/lib/python3.12/site-packages (from pandas>=0.20.0->qgridnext) (2024.1)
2025-01-21T16:27:51.9099490Z Requirement already satisfied: tzdata>=2022.7 in /Users/runner/micromamba/envs/tardis/lib/python3.12/site-packages (from pandas>=0.20.0->qgridnext) (2024.1)
2025-01-21T16:27:51.9313490Z Requirement already satisfied: decorator in /Users/runner/micromamba/envs/tardis/lib/python3.12/site-packages (from ipython>=4.0.0->ipywidgets>=7.0.0->qgridnext) (5.1.1)
2025-01-21T16:27:51.9323580Z Requirement already satisfied: jedi>=0.16 in /Users/runner/micromamba/envs/tardis/lib/python3.12/site-packages (from ipython>=4.0.0->ipywidgets>=7.0.0->qgridnext) (0.19.1)
2025-01-21T16:27:51.9334380Z Requirement already satisfied: matplotlib-inline in /Users/runner/micromamba/envs/tardis/lib/python3.12/site-packages (from ipython>=4.0.0->ipywidgets>=7.0.0->qgridnext) (0.1.7)
2025-01-21T16:27:51.9337460Z Requirement already satisfied: prompt-toolkit<3.1.0,>=3.0.41 in /Users/runner/micromamba/envs/tardis/lib/python3.12/site-packages (from ipython>=4.0.0->ipywidgets>=7.0.0->qgridnext) (3.0.47)
2025-01-21T16:27:51.9342400Z Requirement already satisfied: pygments>=2.4.0 in /Users/runner/micromamba/envs/tardis/lib/python3.12/site-packages (from ipython>=4.0.0->ipywidgets>=7.0.0->qgridnext) (2.18.0)
2025-01-21T16:27:51.9347660Z Requirement already satisfied: stack-data in /Users/runner/micromamba/envs/tardis/lib/python3.12/site-packages (from ipython>=4.0.0->ipywidgets>=7.0.0->qgridnext) (0.6.2)
2025-01-21T16:27:51.9360870Z Requirement already satisfied: pexpect>4.3 in /Users/runner/micromamba/envs/tardis/lib/python3.12/site-packages (from ipython>=4.0.0->ipywidgets>=7.0.0->qgridnext) (4.9.0)
2025-01-21T16:27:51.9392390Z Requirement already satisfied: six>=1.5 in /Users/runner/micromamba/envs/tardis/lib/python3.12/site-packages (from python-dateutil>=2.8.2->pandas>=0.20.0->qgridnext) (1.16.0)
2025-01-21T16:27:51.9431830Z Requirement already satisfied: notebook>=4.4.1 in /Users/runner/micromamba/envs/tardis/lib/python3.12/site-packages (from widgetsnbextension~=3.6.5->ipywidgets>=7.0.0->qgridnext) (7.2.1)
2025-01-21T16:27:51.9567570Z Requirement already satisfied: parso<0.9.0,>=0.8.3 in /Users/runner/micromamba/envs/tardis/lib/python3.12/site-packages (from jedi>=0.16->ipython>=4.0.0->ipywidgets>=7.0.0->qgridnext) (0.8.4)
2025-01-21T16:27:51.9666410Z Requirement already satisfied: jupyter-server<3,>=2.4.0 in /Users/runner/micromamba/envs/tardis/lib/python3.12/site-packages (from notebook>=4.4.1->widgetsnbextension~=3.6.5->ipywidgets>=7.0.0->qgridnext) (2.14.1)
2025-01-21T16:27:51.9766780Z Requirement already satisfied: jupyterlab-server<3,>=2.27.1 in /Users/runner/micromamba/envs/tardis/lib/python3.12/site-packages (from notebook>=4.4.1->widgetsnbextension~=3.6.5->ipywidgets>=7.0.0->qgridnext) (2.27.2)
2025-01-21T16:27:51.9874630Z Requirement already satisfied: jupyterlab<4.3,>=4.2.0 in /Users/runner/micromamba/envs/tardis/lib/python3.12/site-packages (from notebook>=4.4.1->widgetsnbextension~=3.6.5->ipywidgets>=7.0.0->qgridnext) (4.2.2)
2025-01-21T16:27:51.9978170Z Requirement already satisfied: notebook-shim<0.3,>=0.2 in /Users/runner/micromamba/envs/tardis/lib/python3.12/site-packages (from notebook>=4.4.1->widgetsnbextension~=3.6.5->ipywidgets>=7.0.0->qgridnext) (0.2.4)
2025-01-21T16:27:52.0102790Z Requirement already satisfied: tornado>=6.2.0 in /Users/runner/micromamba/envs/tardis/lib/python3.12/site-packages (from notebook>=4.4.1->widgetsnbextension~=3.6.5->ipywidgets>=7.0.0->qgridnext) (6.4.1)
2025-01-21T16:27:52.0212140Z Requirement already satisfied: ptyprocess>=0.5 in /Users/runner/micromamba/envs/tardis/lib/python3.12/site-packages (from pexpect>4.3->ipython>=4.0.0->ipywidgets>=7.0.0->qgridnext) (0.7.0)
2025-01-21T16:27:52.0315290Z Requirement already satisfied: wcwidth in /Users/runner/micromamba/envs/tardis/lib/python3.12/site-packages (from prompt-toolkit<3.1.0,>=3.0.41->ipython>=4.0.0->ipywidgets>=7.0.0->qgridnext) (0.2.13)
2025-01-21T16:27:52.0414410Z Requirement already satisfied: executing>=1.2.0 in /Users/runner/micromamba/envs/tardis/lib/python3.12/site-packages (from stack-data->ipython>=4.0.0->ipywidgets>=7.0.0->qgridnext) (2.0.1)
2025-01-21T16:27:52.0517110Z Requirement already satisfied: asttokens>=2.1.0 in /Users/runner/micromamba/envs/tardis/lib/python3.12/site-packages (from stack-data->ipython>=4.0.0->ipywidgets>=7.0.0->qgridnext) (2.4.1)
2025-01-21T16:27:52.0619170Z Requirement already satisfied: pure-eval in /Users/runner/micromamba/envs/tardis/lib/python3.12/site-packages (from stack-data->ipython>=4.0.0->ipywidgets>=7.0.0->qgridnext) (0.2.2)
2025-01-21T16:27:52.0731200Z Requirement already satisfied: anyio>=3.1.0 in /Users/runner/micromamba/envs/tardis/lib/python3.12/site-packages (from jupyter-server<3,>=2.4.0->notebook>=4.4.1->widgetsnbextension~=3.6.5->ipywidgets>=7.0.0->qgridnext) (4.4.0)
2025-01-21T16:27:52.0835290Z Requirement already satisfied: argon2-cffi>=21.1 in /Users/runner/micromamba/envs/tardis/lib/python3.12/site-packages (from jupyter-server<3,>=2.4.0->notebook>=4.4.1->widgetsnbextension~=3.6.5->ipywidgets>=7.0.0->qgridnext) (23.1.0)
2025-01-21T16:27:52.0837590Z Requirement already satisfied: jinja2>=3.0.3 in /Users/runner/micromamba/envs/tardis/lib/python3.12/site-packages (from jupyter-server<3,>=2.4.0->notebook>=4.4.1->widgetsnbextension~=3.6.5->ipywidgets>=7.0.0->qgridnext) (3.1.4)
2025-01-21T16:27:52.0839500Z Requirement already satisfied: jupyter-client>=7.4.4 in /Users/runner/micromamba/envs/tardis/lib/python3.12/site-packages (from jupyter-server<3,>=2.4.0->notebook>=4.4.1->widgetsnbextension~=3.6.5->ipywidgets>=7.0.0->qgridnext) (8.6.2)
2025-01-21T16:27:52.0841980Z Requirement already satisfied: jupyter-core!=5.0.*,>=4.12 in /Users/runner/micromamba/envs/tardis/lib/python3.12/site-packages (from jupyter-server<3,>=2.4.0->notebook>=4.4.1->widgetsnbextension~=3.6.5->ipywidgets>=7.0.0->qgridnext) (5.7.2)
2025-01-21T16:27:52.0843560Z Requirement already satisfied: jupyter-events>=0.9.0 in /Users/runner/micromamba/envs/tardis/lib/python3.12/site-packages (from jupyter-server<3,>=2.4.0->notebook>=4.4.1->widgetsnbextension~=3.6.5->ipywidgets>=7.0.0->qgridnext) (0.10.0)
2025-01-21T16:27:52.0845220Z Requirement already satisfied: jupyter-server-terminals>=0.4.4 in /Users/runner/micromamba/envs/tardis/lib/python3.12/site-packages (from jupyter-server<3,>=2.4.0->notebook>=4.4.1->widgetsnbextension~=3.6.5->ipywidgets>=7.0.0->qgridnext) (0.5.3)
2025-01-21T16:27:52.0846590Z Requirement already satisfied: nbconvert>=6.4.4 in /Users/runner/micromamba/envs/tardis/lib/python3.12/site-packages (from jupyter-server<3,>=2.4.0->notebook>=4.4.1->widgetsnbextension~=3.6.5->ipywidgets>=7.0.0->qgridnext) (7.16.4)
2025-01-21T16:27:52.0847900Z Requirement already satisfied: nbformat>=5.3.0 in /Users/runner/micromamba/envs/tardis/lib/python3.12/site-packages (from jupyter-server<3,>=2.4.0->notebook>=4.4.1->widgetsnbextension~=3.6.5->ipywidgets>=7.0.0->qgridnext) (5.10.4)
2025-01-21T16:27:52.0853650Z Requirement already satisfied: overrides>=5.0 in /Users/runner/micromamba/envs/tardis/lib/python3.12/site-packages (from jupyter-server<3,>=2.4.0->notebook>=4.4.1->widgetsnbextension~=3.6.5->ipywidgets>=7.0.0->qgridnext) (7.7.0)
2025-01-21T16:27:52.0854850Z Requirement already satisfied: packaging>=22.0 in /Users/runner/micromamba/envs/tardis/lib/python3.12/site-packages (from jupyter-server<3,>=2.4.0->notebook>=4.4.1->widgetsnbextension~=3.6.5->ipywidgets>=7.0.0->qgridnext) (24.1)
2025-01-21T16:27:52.0856150Z Requirement already satisfied: prometheus-client>=0.9 in /Users/runner/micromamba/envs/tardis/lib/python3.12/site-packages (from jupyter-server<3,>=2.4.0->notebook>=4.4.1->widgetsnbextension~=3.6.5->ipywidgets>=7.0.0->qgridnext) (0.20.0)
2025-01-21T16:27:52.0857400Z Requirement already satisfied: pyzmq>=24 in /Users/runner/micromamba/envs/tardis/lib/python3.12/site-packages (from jupyter-server<3,>=2.4.0->notebook>=4.4.1->widgetsnbextension~=3.6.5->ipywidgets>=7.0.0->qgridnext) (26.0.3)
2025-01-21T16:27:52.0858570Z Requirement already satisfied: send2trash>=1.8.2 in /Users/runner/micromamba/envs/tardis/lib/python3.12/site-packages (from jupyter-server<3,>=2.4.0->notebook>=4.4.1->widgetsnbextension~=3.6.5->ipywidgets>=7.0.0->qgridnext) (1.8.3)
2025-01-21T16:27:52.0859820Z Requirement already satisfied: terminado>=0.8.3 in /Users/runner/micromamba/envs/tardis/lib/python3.12/site-packages (from jupyter-server<3,>=2.4.0->notebook>=4.4.1->widgetsnbextension~=3.6.5->ipywidgets>=7.0.0->qgridnext) (0.18.1)
2025-01-21T16:27:52.0860970Z Requirement already satisfied: websocket-client>=1.7 in /Users/runner/micromamba/envs/tardis/lib/python3.12/site-packages (from jupyter-server<3,>=2.4.0->notebook>=4.4.1->widgetsnbextension~=3.6.5->ipywidgets>=7.0.0->qgridnext) (1.8.0)
2025-01-21T16:27:52.0875210Z Requirement already satisfied: async-lru>=1.0.0 in /Users/runner/micromamba/envs/tardis/lib/python3.12/site-packages (from jupyterlab<4.3,>=4.2.0->notebook>=4.4.1->widgetsnbextension~=3.6.5->ipywidgets>=7.0.0->qgridnext) (2.0.4)
2025-01-21T16:27:52.0884430Z Requirement already satisfied: httpx>=0.25.0 in /Users/runner/micromamba/envs/tardis/lib/python3.12/site-packages (from jupyterlab<4.3,>=4.2.0->notebook>=4.4.1->widgetsnbextension~=3.6.5->ipywidgets>=7.0.0->qgridnext) (0.27.0)
2025-01-21T16:27:52.0894500Z Requirement already satisfied: ipykernel>=6.5.0 in /Users/runner/micromamba/envs/tardis/lib/python3.12/site-packages (from jupyterlab<4.3,>=4.2.0->notebook>=4.4.1->widgetsnbextension~=3.6.5->ipywidgets>=7.0.0->qgridnext) (6.29.4)
2025-01-21T16:27:52.0922010Z Requirement already satisfied: jupyter-lsp>=2.0.0 in /Users/runner/micromamba/envs/tardis/lib/python3.12/site-packages (from jupyterlab<4.3,>=4.2.0->notebook>=4.4.1->widgetsnbextension~=3.6.5->ipywidgets>=7.0.0->qgridnext) (2.2.5)
2025-01-21T16:27:52.0925670Z Requirement already satisfied: setuptools>=40.1.0 in /Users/runner/micromamba/envs/tardis/lib/python3.12/site-packages (from jupyterlab<4.3,>=4.2.0->notebook>=4.4.1->widgetsnbextension~=3.6.5->ipywidgets>=7.0.0->qgridnext) (70.0.0)
2025-01-21T16:27:52.1047990Z Requirement already satisfied: babel>=2.10 in /Users/runner/micromamba/envs/tardis/lib/python3.12/site-packages (from jupyterlab-server<3,>=2.27.1->notebook>=4.4.1->widgetsnbextension~=3.6.5->ipywidgets>=7.0.0->qgridnext) (2.14.0)
2025-01-21T16:27:52.1073600Z Requirement already satisfied: json5>=0.9.0 in /Users/runner/micromamba/envs/tardis/lib/python3.12/site-packages (from jupyterlab-server<3,>=2.27.1->notebook>=4.4.1->widgetsnbextension~=3.6.5->ipywidgets>=7.0.0->qgridnext) (0.9.25)
2025-01-21T16:27:52.1080050Z Requirement already satisfied: jsonschema>=4.18.0 in /Users/runner/micromamba/envs/tardis/lib/python3.12/site-packages (from jupyterlab-server<3,>=2.27.1->notebook>=4.4.1->widgetsnbextension~=3.6.5->ipywidgets>=7.0.0->qgridnext) (4.22.0)
2025-01-21T16:27:52.1095740Z Requirement already satisfied: requests>=2.31 in /Users/runner/micromamba/envs/tardis/lib/python3.12/site-packages (from jupyterlab-server<3,>=2.27.1->notebook>=4.4.1->widgetsnbextension~=3.6.5->ipywidgets>=7.0.0->qgridnext) (2.32.3)
2025-01-21T16:27:52.1339920Z Requirement already satisfied: idna>=2.8 in /Users/runner/micromamba/envs/tardis/lib/python3.12/site-packages (from anyio>=3.1.0->jupyter-server<3,>=2.4.0->notebook>=4.4.1->widgetsnbextension~=3.6.5->ipywidgets>=7.0.0->qgridnext) (3.7)
2025-01-21T16:27:52.1348490Z Requirement already satisfied: sniffio>=1.1 in /Users/runner/micromamba/envs/tardis/lib/python3.12/site-packages (from anyio>=3.1.0->jupyter-server<3,>=2.4.0->notebook>=4.4.1->widgetsnbextension~=3.6.5->ipywidgets>=7.0.0->qgridnext) (1.3.1)
2025-01-21T16:27:52.1426590Z Requirement already satisfied: argon2-cffi-bindings in /Users/runner/micromamba/envs/tardis/lib/python3.12/site-packages (from argon2-cffi>=21.1->jupyter-server<3,>=2.4.0->notebook>=4.4.1->widgetsnbextension~=3.6.5->ipywidgets>=7.0.0->qgridnext) (21.2.0)
2025-01-21T16:27:52.1546620Z Requirement already satisfied: certifi in /Users/runner/micromamba/envs/tardis/lib/python3.12/site-packages (from httpx>=0.25.0->jupyterlab<4.3,>=4.2.0->notebook>=4.4.1->widgetsnbextension~=3.6.5->ipywidgets>=7.0.0->qgridnext) (2024.6.2)
2025-01-21T16:27:52.1554880Z Requirement already satisfied: httpcore==1.* in /Users/runner/micromamba/envs/tardis/lib/python3.12/site-packages (from httpx>=0.25.0->jupyterlab<4.3,>=4.2.0->notebook>=4.4.1->widgetsnbextension~=3.6.5->ipywidgets>=7.0.0->qgridnext) (1.0.5)
2025-01-21T16:27:52.1637770Z Requirement already satisfied: h11<0.15,>=0.13 in /Users/runner/micromamba/envs/tardis/lib/python3.12/site-packages (from httpcore==1.*->httpx>=0.25.0->jupyterlab<4.3,>=4.2.0->notebook>=4.4.1->widgetsnbextension~=3.6.5->ipywidgets>=7.0.0->qgridnext) (0.14.0)
2025-01-21T16:27:52.1894730Z Requirement already satisfied: appnope in /Users/runner/micromamba/envs/tardis/lib/python3.12/site-packages (from ipykernel>=6.5.0->jupyterlab<4.3,>=4.2.0->notebook>=4.4.1->widgetsnbextension~=3.6.5->ipywidgets>=7.0.0->qgridnext) (0.1.4)
2025-01-21T16:27:52.1902500Z Requirement already satisfied: debugpy>=1.6.5 in /Users/runner/micromamba/envs/tardis/lib/python3.12/site-packages (from ipykernel>=6.5.0->jupyterlab<4.3,>=4.2.0->notebook>=4.4.1->widgetsnbextension~=3.6.5->ipywidgets>=7.0.0->qgridnext) (1.8.1)
2025-01-21T16:27:52.1927370Z Requirement already satisfied: nest-asyncio in /Users/runner/micromamba/envs/tardis/lib/python3.12/site-packages (from ipykernel>=6.5.0->jupyterlab<4.3,>=4.2.0->notebook>=4.4.1->widgetsnbextension~=3.6.5->ipywidgets>=7.0.0->qgridnext) (1.6.0)
2025-01-21T16:27:52.1971060Z Requirement already satisfied: psutil in /Users/runner/micromamba/envs/tardis/lib/python3.12/site-packages (from ipykernel>=6.5.0->jupyterlab<4.3,>=4.2.0->notebook>=4.4.1->widgetsnbextension~=3.6.5->ipywidgets>=7.0.0->qgridnext) (5.9.8)
2025-01-21T16:27:52.1987070Z Requirement already satisfied: MarkupSafe>=2.0 in /Users/runner/micromamba/envs/tardis/lib/python3.12/site-packages (from jinja2>=3.0.3->jupyter-server<3,>=2.4.0->notebook>=4.4.1->widgetsnbextension~=3.6.5->ipywidgets>=7.0.0->qgridnext) (2.1.5)
2025-01-21T16:27:52.2159710Z Requirement already satisfied: attrs>=22.2.0 in /Users/runner/micromamba/envs/tardis/lib/python3.12/site-packages (from jsonschema>=4.18.0->jupyterlab-server<3,>=2.27.1->notebook>=4.4.1->widgetsnbextension~=3.6.5->ipywidgets>=7.0.0->qgridnext) (23.2.0)
2025-01-21T16:27:52.2176830Z Requirement already satisfied: jsonschema-specifications>=2023.03.6 in /Users/runner/micromamba/envs/tardis/lib/python3.12/site-packages (from jsonschema>=4.18.0->jupyterlab-server<3,>=2.27.1->notebook>=4.4.1->widgetsnbextension~=3.6.5->ipywidgets>=7.0.0->qgridnext) (2023.12.1)
2025-01-21T16:27:52.2194010Z Requirement already satisfied: referencing>=0.28.4 in /Users/runner/micromamba/envs/tardis/lib/python3.12/site-packages (from jsonschema>=4.18.0->jupyterlab-server<3,>=2.27.1->notebook>=4.4.1->widgetsnbextension~=3.6.5->ipywidgets>=7.0.0->qgridnext) (0.35.1)
2025-01-21T16:27:52.2213680Z Requirement already satisfied: rpds-py>=0.7.1 in /Users/runner/micromamba/envs/tardis/lib/python3.12/site-packages (from jsonschema>=4.18.0->jupyterlab-server<3,>=2.27.1->notebook>=4.4.1->widgetsnbextension~=3.6.5->ipywidgets>=7.0.0->qgridnext) (0.18.1)
2025-01-21T16:27:52.2409490Z Requirement already satisfied: platformdirs>=2.5 in /Users/runner/micromamba/envs/tardis/lib/python3.12/site-packages (from jupyter-core!=5.0.*,>=4.12->jupyter-server<3,>=2.4.0->notebook>=4.4.1->widgetsnbextension~=3.6.5->ipywidgets>=7.0.0->qgridnext) (4.2.2)
2025-01-21T16:27:52.2517930Z Requirement already satisfied: python-json-logger>=2.0.4 in /Users/runner/micromamba/envs/tardis/lib/python3.12/site-packages (from jupyter-events>=0.9.0->jupyter-server<3,>=2.4.0->notebook>=4.4.1->widgetsnbextension~=3.6.5->ipywidgets>=7.0.0->qgridnext) (2.0.7)
2025-01-21T16:27:52.2523330Z Requirement already satisfied: pyyaml>=5.3 in /Users/runner/micromamba/envs/tardis/lib/python3.12/site-packages (from jupyter-events>=0.9.0->jupyter-server<3,>=2.4.0->notebook>=4.4.1->widgetsnbextension~=3.6.5->ipywidgets>=7.0.0->qgridnext) (6.0.1)
2025-01-21T16:27:52.2529550Z Requirement already satisfied: rfc3339-validator in /Users/runner/micromamba/envs/tardis/lib/python3.12/site-packages (from jupyter-events>=0.9.0->jupyter-server<3,>=2.4.0->notebook>=4.4.1->widgetsnbextension~=3.6.5->ipywidgets>=7.0.0->qgridnext) (0.1.4)
2025-01-21T16:27:52.2534840Z Requirement already satisfied: rfc3986-validator>=0.1.1 in /Users/runner/micromamba/envs/tardis/lib/python3.12/site-packages (from jupyter-events>=0.9.0->jupyter-server<3,>=2.4.0->notebook>=4.4.1->widgetsnbextension~=3.6.5->ipywidgets>=7.0.0->qgridnext) (0.1.1)
2025-01-21T16:27:52.2958030Z Requirement already satisfied: beautifulsoup4 in /Users/runner/micromamba/envs/tardis/lib/python3.12/site-packages (from nbconvert>=6.4.4->jupyter-server<3,>=2.4.0->notebook>=4.4.1->widgetsnbextension~=3.6.5->ipywidgets>=7.0.0->qgridnext) (4.12.3)
2025-01-21T16:27:52.2971960Z Requirement already satisfied: bleach!=5.0.0 in /Users/runner/micromamba/envs/tardis/lib/python3.12/site-packages (from nbconvert>=6.4.4->jupyter-server<3,>=2.4.0->notebook>=4.4.1->widgetsnbextension~=3.6.5->ipywidgets>=7.0.0->qgridnext) (6.1.0)
2025-01-21T16:27:52.2981780Z Requirement already satisfied: defusedxml in /Users/runner/micromamba/envs/tardis/lib/python3.12/site-packages (from nbconvert>=6.4.4->jupyter-server<3,>=2.4.0->notebook>=4.4.1->widgetsnbextension~=3.6.5->ipywidgets>=7.0.0->qgridnext) (0.7.1)
2025-01-21T16:27:52.2993250Z Requirement already satisfied: jupyterlab-pygments in /Users/runner/micromamba/envs/tardis/lib/python3.12/site-packages (from nbconvert>=6.4.4->jupyter-server<3,>=2.4.0->notebook>=4.4.1->widgetsnbextension~=3.6.5->ipywidgets>=7.0.0->qgridnext) (0.3.0)
2025-01-21T16:27:52.3001150Z Requirement already satisfied: mistune<4,>=2.0.3 in /Users/runner/micromamba/envs/tardis/lib/python3.12/site-packages (from nbconvert>=6.4.4->jupyter-server<3,>=2.4.0->notebook>=4.4.1->widgetsnbextension~=3.6.5->ipywidgets>=7.0.0->qgridnext) (3.0.2)
2025-01-21T16:27:52.3010530Z Requirement already satisfied: nbclient>=0.5.0 in /Users/runner/micromamba/envs/tardis/lib/python3.12/site-packages (from nbconvert>=6.4.4->jupyter-server<3,>=2.4.0->notebook>=4.4.1->widgetsnbextension~=3.6.5->ipywidgets>=7.0.0->qgridnext) (0.10.0)
2025-01-21T16:27:52.3022940Z Requirement already satisfied: pandocfilters>=1.4.1 in /Users/runner/micromamba/envs/tardis/lib/python3.12/site-packages (from nbconvert>=6.4.4->jupyter-server<3,>=2.4.0->notebook>=4.4.1->widgetsnbextension~=3.6.5->ipywidgets>=7.0.0->qgridnext) (1.5.0)
2025-01-21T16:27:52.3028280Z Requirement already satisfied: tinycss2 in /Users/runner/micromamba/envs/tardis/lib/python3.12/site-packages (from nbconvert>=6.4.4->jupyter-server<3,>=2.4.0->notebook>=4.4.1->widgetsnbextension~=3.6.5->ipywidgets>=7.0.0->qgridnext) (1.3.0)
2025-01-21T16:27:52.3142820Z Requirement already satisfied: fastjsonschema>=2.15 in /Users/runner/micromamba/envs/tardis/lib/python3.12/site-packages (from nbformat>=5.3.0->jupyter-server<3,>=2.4.0->notebook>=4.4.1->widgetsnbextension~=3.6.5->ipywidgets>=7.0.0->qgridnext) (2.20.0)
2025-01-21T16:27:52.3352600Z Requirement already satisfied: charset-normalizer<4,>=2 in /Users/runner/micromamba/envs/tardis/lib/python3.12/site-packages (from requests>=2.31->jupyterlab-server<3,>=2.27.1->notebook>=4.4.1->widgetsnbextension~=3.6.5->ipywidgets>=7.0.0->qgridnext) (3.3.2)
2025-01-21T16:27:52.3362440Z Requirement already satisfied: urllib3<3,>=1.21.1 in /Users/runner/micromamba/envs/tardis/lib/python3.12/site-packages (from requests>=2.31->jupyterlab-server<3,>=2.27.1->notebook>=4.4.1->widgetsnbextension~=3.6.5->ipywidgets>=7.0.0->qgridnext) (2.2.2)
2025-01-21T16:27:52.3948580Z Requirement already satisfied: webencodings in /Users/runner/micromamba/envs/tardis/lib/python3.12/site-packages (from bleach!=5.0.0->nbconvert>=6.4.4->jupyter-server<3,>=2.4.0->notebook>=4.4.1->widgetsnbextension~=3.6.5->ipywidgets>=7.0.0->qgridnext) (0.5.1)
2025-01-21T16:27:52.4600930Z Requirement already satisfied: fqdn in /Users/runner/micromamba/envs/tardis/lib/python3.12/site-packages (from jsonschema[format-nongpl]>=4.18.0->jupyter-events>=0.9.0->jupyter-server<3,>=2.4.0->notebook>=4.4.1->widgetsnbextension~=3.6.5->ipywidgets>=7.0.0->qgridnext) (1.5.1)
2025-01-21T16:27:52.4609290Z Requirement already satisfied: isoduration in /Users/runner/micromamba/envs/tardis/lib/python3.12/site-packages (from jsonschema[format-nongpl]>=4.18.0->jupyter-events>=0.9.0->jupyter-server<3,>=2.4.0->notebook>=4.4.1->widgetsnbextension~=3.6.5->ipywidgets>=7.0.0->qgridnext) (20.11.0)
2025-01-21T16:27:52.4618430Z Requirement already satisfied: jsonpointer>1.13 in /Users/runner/micromamba/envs/tardis/lib/python3.12/site-packages (from jsonschema[format-nongpl]>=4.18.0->jupyter-events>=0.9.0->jupyter-server<3,>=2.4.0->notebook>=4.4.1->widgetsnbextension~=3.6.5->ipywidgets>=7.0.0->qgridnext) (3.0.0)
2025-01-21T16:27:52.4633010Z Requirement already satisfied: uri-template in /Users/runner/micromamba/envs/tardis/lib/python3.12/site-packages (from jsonschema[format-nongpl]>=4.18.0->jupyter-events>=0.9.0->jupyter-server<3,>=2.4.0->notebook>=4.4.1->widgetsnbextension~=3.6.5->ipywidgets>=7.0.0->qgridnext) (1.3.0)
2025-01-21T16:27:52.4640860Z Requirement already satisfied: webcolors>=1.11 in /Users/runner/micromamba/envs/tardis/lib/python3.12/site-packages (from jsonschema[format-nongpl]>=4.18.0->jupyter-events>=0.9.0->jupyter-server<3,>=2.4.0->notebook>=4.4.1->widgetsnbextension~=3.6.5->ipywidgets>=7.0.0->qgridnext) (24.6.0)
2025-01-21T16:27:52.5392720Z Requirement already satisfied: cffi>=1.0.1 in /Users/runner/micromamba/envs/tardis/lib/python3.12/site-packages (from argon2-cffi-bindings->argon2-cffi>=21.1->jupyter-server<3,>=2.4.0->notebook>=4.4.1->widgetsnbextension~=3.6.5->ipywidgets>=7.0.0->qgridnext) (1.16.0)
2025-01-21T16:27:52.5473220Z Requirement already satisfied: soupsieve>1.2 in /Users/runner/micromamba/envs/tardis/lib/python3.12/site-packages (from beautifulsoup4->nbconvert>=6.4.4->jupyter-server<3,>=2.4.0->notebook>=4.4.1->widgetsnbextension~=3.6.5->ipywidgets>=7.0.0->qgridnext) (2.5)
2025-01-21T16:27:52.6185060Z Requirement already satisfied: pycparser in /Users/runner/micromamba/envs/tardis/lib/python3.12/site-packages (from cffi>=1.0.1->argon2-cffi-bindings->argon2-cffi>=21.1->jupyter-server<3,>=2.4.0->notebook>=4.4.1->widgetsnbextension~=3.6.5->ipywidgets>=7.0.0->qgridnext) (2.22)
2025-01-21T16:27:52.6682840Z Requirement already satisfied: arrow>=0.15.0 in /Users/runner/micromamba/envs/tardis/lib/python3.12/site-packages (from isoduration->jsonschema[format-nongpl]>=4.18.0->jupyter-events>=0.9.0->jupyter-server<3,>=2.4.0->notebook>=4.4.1->widgetsnbextension~=3.6.5->ipywidgets>=7.0.0->qgridnext) (1.3.0)
2025-01-21T16:27:52.6905120Z Requirement already satisfied: types-python-dateutil>=2.8.10 in /Users/runner/micromamba/envs/tardis/lib/python3.12/site-packages (from arrow>=0.15.0->isoduration->jsonschema[format-nongpl]>=4.18.0->jupyter-events>=0.9.0->jupyter-server<3,>=2.4.0->notebook>=4.4.1->widgetsnbextension~=3.6.5->ipywidgets>=7.0.0->qgridnext) (2.9.0.20240316)
2025-01-21T16:27:52.7371140Z Downloading qgridnext-2.0.4-py3-none-any.whl (1.3 MB)
2025-01-21T16:27:52.8059740Z    â”â”â”â”â”â”â”â”â”â”â”â”â”â”â”â”â”â”â”â”â”â”â”â”â”â”â”â”â”â”â”â”â”â”â”â”â”â”â”â” 1.3/1.3 MB 19.2 MB/s eta 0:00:00
2025-01-21T16:27:53.5492840Z Installing collected packages: qgridnext
2025-01-21T16:27:53.6938470Z Successfully installed qgridnext-2.0.4
2025-01-21T16:27:53.9976960Z ##[group]Run pytest tardis --tardis-regression-data=/Users/runner/work/tardis/tardis/tardis-regression-data --cov=tardis --cov-report=xml --cov-report=html --cov-append -m "not continuum"
2025-01-21T16:27:53.9978020Z [36;1mpytest tardis --tardis-regression-data=/Users/runner/work/tardis/tardis/tardis-regression-data --cov=tardis --cov-report=xml --cov-report=html --cov-append -m "not continuum"[0m
2025-01-21T16:27:54.0044600Z shell: /bin/bash -l {0}
2025-01-21T16:27:54.0044830Z env:
2025-01-21T16:27:54.0044980Z   CACHE_NUMBER: 0
2025-01-21T16:27:54.0045500Z   PYTEST_FLAGS: --tardis-regression-data=/Users/runner/work/tardis/tardis/tardis-regression-data --cov=tardis --cov-report=xml --cov-report=html --cov-append
2025-01-21T16:27:54.0046020Z   CODECOV_TOKEN: 
2025-01-21T16:27:54.0046230Z   MAMBA_ROOT_PREFIX: /Users/runner/micromamba
2025-01-21T16:27:54.0046480Z   MAMBA_EXE: /Users/runner/micromamba-bin/micromamba
2025-01-21T16:27:54.0046890Z   CONDARC: /Users/runner/work/_temp/setup-micromamba/.condarc
2025-01-21T16:27:54.0047150Z ##[endgroup]
2025-01-21T16:28:11.8833950Z ============================= test session starts ==============================
2025-01-21T16:28:11.8836110Z platform darwin -- Python 3.12.4, pytest-8.2.2, pluggy-1.5.0
2025-01-21T16:28:11.8837120Z rootdir: /Users/runner/work/tardis/tardis
2025-01-21T16:28:11.8838020Z configfile: pyproject.toml
2025-01-21T16:28:11.8838860Z plugins: cov-5.0.0, html-4.1.1, metadata-3.1.1, doctestplus-1.2.1, anyio-4.4.0
2025-01-21T16:28:11.8841250Z collected 1796 items / 2 deselected / 1794 selected
2025-01-21T16:28:11.8841910Z 
2025-01-21T16:28:16.3820140Z tardis/energy_input/tests/test_energy_source.py ..xxx                    [  0%]
2025-01-21T16:28:19.4930840Z tardis/energy_input/tests/test_gamma_ray_channel.py ...........          [  0%]
2025-01-21T16:28:19.6580710Z tardis/energy_input/tests/test_gamma_ray_grid.py xxE                     [  1%]
2025-01-21T16:28:19.8651620Z tardis/energy_input/tests/test_gamma_ray_interactions.py xxE...          [  1%]
2025-01-21T16:28:19.8854390Z tardis/energy_input/tests/test_gamma_ray_packet_source.py sssssssss      [  1%]
2025-01-21T16:28:22.1167540Z tardis/energy_input/tests/test_util.py .....xxxx.....                    [  2%]
2025-01-21T16:28:22.4861240Z tardis/grid/tests/test_grid.py .                                         [  2%]
2025-01-21T16:28:22.4871370Z tardis/gui/tests/test_gui.py s                                           [  2%]
2025-01-21T16:28:26.8291290Z tardis/io/configuration/tests/test_config_reader.py ...........          [  3%]
2025-01-21T16:28:26.8563500Z tardis/io/configuration/tests/test_configuration_namespace.py .........  [  3%]
2025-01-21T16:28:26.9037770Z tardis/io/logger/tests/test_logging.py ssssssssssssssssssssssssssss      [  5%]
2025-01-21T16:29:03.5451320Z tardis/io/model/readers/tests/test_arepo_parser.py ..                    [  5%]
2025-01-21T16:29:03.5837710Z tardis/io/model/readers/tests/test_ascii_readers.py ...                  [  5%]
2025-01-21T16:29:03.5972620Z tardis/io/model/readers/tests/test_cmfgen_reader.py ..                   [  5%]
2025-01-21T16:29:03.6307000Z tardis/io/model/readers/tests/test_csvy_reader.py ....                   [  6%]
2025-01-21T16:29:03.6584550Z tardis/io/model/readers/tests/test_stella_reader.py ..                   [  6%]
2025-01-21T16:29:04.0456790Z tardis/io/tests/test_HDFWriter.py ...............                        [  7%]
2025-01-21T16:29:04.5715970Z tardis/io/tests/test_atomic.py .....                                     [  7%]
2025-01-21T16:29:04.6159030Z tardis/io/tests/test_decay.py ..                                         [  7%]
2025-01-21T16:29:04.8157230Z tardis/io/tests/test_model_reader.py ......                              [  7%]
2025-01-21T16:29:04.8237610Z tardis/model/geometry/tests/test_radial1d.py ..                          [  7%]
2025-01-21T16:29:41.3914890Z tardis/model/tests/test_base.py ........................................ [ 10%]
2025-01-21T16:29:42.2020460Z ............                                                             [ 10%]
2025-01-21T16:29:44.8872280Z tardis/model/tests/test_csvy_model.py .........                          [ 11%]
2025-01-21T16:29:44.9206170Z tardis/model/tests/test_density.py ..                                    [ 11%]
2025-01-21T16:29:46.4066900Z tardis/opacities/tests/test_opacity_solver.py .....                      [ 11%]
2025-01-21T16:29:47.5599490Z tardis/opacities/tests/test_opacity_state_numba.py .....                 [ 11%]
2025-01-21T16:29:48.9159080Z tardis/opacities/tests/test_tau_sobolev.py FF                            [ 12%]
2025-01-21T16:29:51.7204890Z tardis/plasma/equilibrium/tests/test_collisional_transitions.py ...      [ 12%]
2025-01-21T16:30:35.2158850Z tardis/plasma/equilibrium/tests/test_level_populations.py ....           [ 12%]
2025-01-21T16:30:46.3712530Z tardis/plasma/equilibrium/tests/test_rate_matrix.py .                    [ 12%]
2025-01-21T16:30:47.5286780Z tardis/plasma/tests/test_complete_plasmas.py .....................s..... [ 13%]
2025-01-21T16:30:49.9776180Z s....ssssss............s............ss.....s....ssssss............s..... [ 18%]
2025-01-21T16:30:51.4932640Z .......ss.....s....ssssss............s............ss.....s....ssssss.... [ 22%]
2025-01-21T16:30:53.6695170Z ........s............ss.....s........ss............s............ss.....s [ 26%]
2025-01-21T16:30:56.5692810Z ........ss............s............ss.....s....ssssss............s...... [ 30%]
2025-01-21T16:30:57.3480940Z ......ss.....s....ssssss............s............ss.....s.ss.ssssss..... [ 34%]
2025-01-21T16:30:59.9890960Z .......s............ss.....s....ssssss............s............ss.....s. [ 38%]
2025-01-21T16:31:02.6869600Z ...ssssss............s............ss.....s....ssssss............s....... [ 42%]
2025-01-21T16:31:05.1503510Z .....ss.....s....ssssss............s............s...........ssssss...... [ 46%]
2025-01-21T16:31:06.5851020Z ......s............s...........ssssss............s............s......... [ 50%]
2025-01-21T16:31:09.1301580Z ..ssssss............s............ss.....s....ssssss............s........ [ 54%]
2025-01-21T16:31:12.2806530Z ....ss.....s....ssssss..........................s.....s....ssss......... [ 58%]
2025-01-21T16:31:12.6318570Z ...................s.....s....ssss.......                                [ 60%]
2025-01-21T16:31:12.8226980Z tardis/plasma/tests/test_hdf_plasma.py ................................. [ 62%]
2025-01-21T16:31:12.8354630Z ......                                                                   [ 62%]
2025-01-21T16:31:13.1705250Z tardis/plasma/tests/test_nlte_excitation.py ...                          [ 62%]
2025-01-21T16:33:07.7399840Z tardis/plasma/tests/test_nlte_solver.py .....X                           [ 63%]
2025-01-21T16:33:07.7448660Z tardis/plasma/tests/test_plasma_continuum.py .                           [ 63%]
2025-01-21T16:33:30.4472930Z tardis/plasma/tests/test_plasma_vboundary.py .............               [ 63%]
2025-01-21T16:33:40.3095860Z tardis/plasma/tests/test_tardis_model_density_config.py ...              [ 64%]
2025-01-21T16:33:40.7858760Z tardis/simulation/tests/test_convergence.py .....                        [ 64%]
2025-01-21T16:33:46.8062230Z tardis/simulation/tests/test_simulation.py .............                 [ 65%]
2025-01-21T16:33:46.8173620Z tardis/spectrum/tests/test_cuda_formal_integral.py sssssssssssssssssssss [ 66%]
2025-01-21T16:33:47.0457620Z ssss...ssssssssssssssssssssss                                            [ 67%]
2025-01-21T16:33:47.0497160Z tardis/spectrum/tests/test_luminosity.py ....                            [ 68%]
2025-01-21T16:33:48.4792720Z tardis/spectrum/tests/test_numba_formal_integral.py .................... [ 69%]
2025-01-21T16:33:48.4916820Z ..........                                                               [ 69%]
2025-01-21T16:33:48.6297890Z tardis/spectrum/tests/test_spectrum.py ................................. [ 71%]
2025-01-21T16:33:48.6517300Z .........                                                                [ 72%]
2025-01-21T16:34:05.2054580Z tardis/spectrum/tests/test_spectrum_solver.py ....                       [ 72%]
2025-01-21T16:35:03.9128720Z tardis/tests/test_tardis_full.py ....                                    [ 72%]
2025-01-21T16:36:42.8983290Z tardis/tests/test_tardis_full_formal_integral.py ................        [ 73%]
2025-01-21T16:36:42.9874540Z tardis/tests/test_util.py .............................................  [ 75%]
2025-01-21T16:36:46.5569820Z tardis/transport/montecarlo/tests/test_base.py x.....................    [ 77%]
2025-01-21T16:36:51.8647140Z tardis/transport/montecarlo/tests/test_interaction.py .......            [ 77%]
2025-01-21T16:36:52.0232990Z tardis/transport/montecarlo/tests/test_macro_atom.py ....                [ 77%]
2025-01-21T16:36:52.0338780Z tardis/transport/montecarlo/tests/test_montecarlo.py sssssssssssssssssss [ 78%]
2025-01-21T16:36:52.0600870Z sssssssssssssssssssssssssssssssssssssssssssss                            [ 81%]
2025-01-21T16:36:59.9673950Z tardis/transport/montecarlo/tests/test_montecarlo_main_loop.py x..       [ 81%]
2025-01-21T16:36:59.9796980Z tardis/transport/montecarlo/tests/test_nonhomologous.py ...              [ 81%]
2025-01-21T16:37:02.6396030Z tardis/transport/montecarlo/tests/test_numba_interface.py .....x.        [ 82%]
2025-01-21T16:37:02.9801630Z tardis/transport/montecarlo/tests/test_opacities.py ...............      [ 82%]
2025-01-21T16:37:03.6730020Z tardis/transport/montecarlo/tests/test_packet.py .................xXXXXX [ 84%]
2025-01-21T16:37:03.7585060Z XX.........                                                              [ 84%]
2025-01-21T16:37:03.7820530Z tardis/transport/montecarlo/tests/test_packet_source.py ........         [ 85%]
2025-01-21T16:37:03.9783990Z tardis/transport/montecarlo/tests/test_rpacket_last_interaction_tracker.py . [ 85%]
2025-01-21T16:37:04.2346400Z .....                                                                    [ 85%]
2025-01-21T16:37:14.0694140Z tardis/transport/montecarlo/tests/test_rpacket_tracker.py ......         [ 85%]
2025-01-21T16:37:14.0921850Z tardis/transport/montecarlo/tests/test_single_packet_loop.py xxx         [ 86%]
2025-01-21T16:37:14.0959860Z tardis/transport/montecarlo/tests/test_tracker_utils.py ..               [ 86%]
2025-01-21T16:37:15.4186350Z tardis/transport/montecarlo/tests/test_vpacket.py ..x.                   [ 86%]
2025-01-21T16:37:15.4341780Z tardis/transport/montecarlo/tests/test_weighted_packet_source.py ....    [ 86%]
2025-01-21T16:37:18.1527870Z tardis/transport/montecarlo/tests/test_weighted_packet_source_integration.py . [ 86%]
2025-01-21T16:37:18.1530110Z                                                                          [ 86%]
2025-01-21T16:37:18.6797430Z tardis/transport/tests/test_doppler_factor.py ..................         [ 87%]
2025-01-21T16:37:20.3445540Z tardis/visualization/tools/tests/test_convergence_plot.py .............. [ 88%]
2025-01-21T16:37:22.0356370Z ......                                                                   [ 88%]
2025-01-21T16:37:25.8202300Z tardis/visualization/tools/tests/test_liv_plot.py ...................... [ 90%]
2025-01-21T16:37:29.3773810Z .............................                                            [ 91%]
2025-01-21T16:37:32.1978450Z tardis/visualization/tools/tests/test_rpacket_plot.py .................. [ 92%]
2025-01-21T16:37:39.0495500Z ....                                                                     [ 92%]
2025-01-21T16:37:43.2453810Z tardis/visualization/tools/tests/test_sdec_plot.py ..................... [ 94%]
2025-01-21T16:37:49.3103000Z ..............................                                           [ 95%]
2025-01-21T16:37:49.6414660Z tardis/visualization/widgets/tests/test_custom_abundance.py ........ss.. [ 96%]
2025-01-21T16:37:49.6841990Z ....                                                                     [ 96%]
2025-01-21T16:37:50.4106830Z tardis/visualization/widgets/tests/test_line_info.py ................... [ 97%]
2025-01-21T16:37:50.8752650Z ..................                                                       [ 98%]
2025-01-21T16:41:03.8617660Z tardis/visualization/widgets/tests/test_shell_info.py .................. [ 99%]
2025-01-21T16:41:10.5782080Z ......                                                                   [100%]
2025-01-21T16:41:10.5782870Z 
2025-01-21T16:41:10.5783280Z ==================================== ERRORS ====================================
2025-01-21T16:41:10.5783800Z ______________________ ERROR at setup of test_move_packet ______________________
2025-01-21T16:41:10.5784340Z 
2025-01-21T16:41:10.5784560Z     @pytest.fixture(scope="function")
2025-01-21T16:41:10.5784900Z     def basic_gamma_ray():
2025-01-21T16:41:10.5785250Z         """basic gamma ray fixture
2025-01-21T16:41:10.5786080Z     
2025-01-21T16:41:10.5786440Z         Returns
2025-01-21T16:41:10.5786850Z         -------
2025-01-21T16:41:10.5787150Z         GXPacket
2025-01-21T16:41:10.5787530Z         """
2025-01-21T16:41:10.5787850Z >       return GXPacket(
2025-01-21T16:41:10.5788270Z             location=np.array([1.36375693e13, 4.10589818e14, 9.11718168e14]),
2025-01-21T16:41:10.5790120Z             direction=np.array([-0.97113853, 0.23134328, -0.05805379]),
2025-01-21T16:41:10.5790570Z             energy_rf=1e52,
2025-01-21T16:41:10.5790890Z             energy_cmf=1e52,
2025-01-21T16:41:10.5791260Z             nu_rf=1000.0e3 / H_CGS_KEV,
2025-01-21T16:41:10.5791620Z             nu_cmf=1000.0e3 / H_CGS_KEV,
2025-01-21T16:41:10.5792030Z             status=GXPacketStatus.IN_PROCESS,
2025-01-21T16:41:10.5807170Z             shell=1,
2025-01-21T16:41:10.5807790Z             time_current=1000,
2025-01-21T16:41:10.5808300Z         )
2025-01-21T16:41:10.5808920Z 
2025-01-21T16:41:10.5810780Z tardis/energy_input/tests/conftest.py:16: 
2025-01-21T16:41:10.5811470Z _ _ _ _ _ _ _ _ _ _ _ _ _ _ _ _ _ _ _ _ _ _ _ _ _ _ _ _ _ _ _ _ _ _ _ _ _ _ _ _ 
2025-01-21T16:41:10.5813190Z ../../../micromamba/envs/tardis/lib/python3.12/site-packages/numba/experimental/jitclass/base.py:124: in __call__
2025-01-21T16:41:10.5814150Z     return cls._ctor(*bind.args[1:], **bind.kwargs)
2025-01-21T16:41:10.5815320Z ../../../micromamba/envs/tardis/lib/python3.12/site-packages/numba/core/dispatcher.py:468: in _compile_for_args
2025-01-21T16:41:10.5816020Z     error_rewrite(e, 'typing')
2025-01-21T16:41:10.5817990Z _ _ _ _ _ _ _ _ _ _ _ _ _ _ _ _ _ _ _ _ _ _ _ _ _ _ _ _ _ _ _ _ _ _ _ _ _ _ _ _ 
2025-01-21T16:41:10.5818430Z 
2025-01-21T16:41:10.5818940Z e = TypingError('Failed in nopython mode pipeline (step: nopython frontend)\n\x1b[1m\x1b[1m\x1b[1m\x1b[1mFailed in nopytho... <string> (3)\n\x1b[0m\n\x1b[1m\nFile "<string>", line 3:\x1b[0m\n\x1b[1m<source missing, REPL/exec in use?>\x1b[0m\n')
2025-01-21T16:41:10.5820580Z issue_type = 'typing'
2025-01-21T16:41:10.5821800Z 
2025-01-21T16:41:10.5821880Z     def error_rewrite(e, issue_type):
2025-01-21T16:41:10.5825190Z         """
2025-01-21T16:41:10.5828780Z         Rewrite and raise Exception `e` with help supplied based on the
2025-01-21T16:41:10.5829220Z         specified issue_type.
2025-01-21T16:41:10.5829760Z         """
2025-01-21T16:41:10.5830270Z         if config.SHOW_HELP:
2025-01-21T16:41:10.5830930Z             help_msg = errors.error_extras[issue_type]
2025-01-21T16:41:10.5832010Z             e.patch_message('\n'.join((str(e).rstrip(), help_msg)))
2025-01-21T16:41:10.5833280Z         if config.FULL_TRACEBACKS:
2025-01-21T16:41:10.5833780Z             raise e
2025-01-21T16:41:10.5834670Z         else:
2025-01-21T16:41:10.5835160Z >           raise e.with_traceback(None)
2025-01-21T16:41:10.5836040Z E           numba.core.errors.TypingError: Failed in nopython mode pipeline (step: nopython frontend)
2025-01-21T16:41:10.5882550Z E           [1m[1m[1m[1mFailed in nopython mode pipeline (step: nopython frontend)
2025-01-21T16:41:10.5903340Z E           [1m[1mCannot resolve setattr: (instance.jitclass.GXPacket#13956d6a0<location:array(float64, 1d, A),direction:array(float64, 1d, A),energy_rf:float64,energy_cmf:float64,nu_rf:float64,nu_cmf:float64,status:int64,shell:int64,time_current:float64,tau:float64>).tau_event = float64
2025-01-21T16:41:10.5904290Z E           [1m
2025-01-21T16:41:10.5904700Z E           File "tardis/energy_input/GXPacket.py", line 66:[0m
2025-01-21T16:41:10.5905090Z E           [1m    def __init__(
2025-01-21T16:41:10.5905370Z E                   <source elided>
2025-01-21T16:41:10.5905620Z E                   self.time_current = time_current
2025-01-21T16:41:10.5908050Z E           [1m        self.tau_event = -np.log(np.random.random())
2025-01-21T16:41:10.5909820Z E           [0m        [1m^[0m[0m
2025-01-21T16:41:10.5911630Z E           [0m
2025-01-21T16:41:10.5912160Z E           [0m[1mDuring: typing of set attribute 'tau_event' at /Users/runner/work/tardis/tardis/tardis/energy_input/GXPacket.py (66)[0m
2025-01-21T16:41:10.5912610Z E           [1m
2025-01-21T16:41:10.5914860Z E           File "tardis/energy_input/GXPacket.py", line 66:[0m
2025-01-21T16:41:10.5915570Z E           [1m    def __init__(
2025-01-21T16:41:10.5916890Z E                   <source elided>
2025-01-21T16:41:10.5918600Z E                   self.time_current = time_current
2025-01-21T16:41:10.5919150Z E           [1m        self.tau_event = -np.log(np.random.random())
2025-01-21T16:41:10.5919450Z E           [0m        [1m^[0m[0m
2025-01-21T16:41:10.5920180Z E           
2025-01-21T16:41:10.5922340Z E           [0m[1mDuring: resolving callee type: jitclass.GXPacket#13956d6a0<location:array(float64, 1d, A),direction:array(float64, 1d, A),energy_rf:float64,energy_cmf:float64,nu_rf:float64,nu_cmf:float64,status:int64,shell:int64,time_current:float64,tau:float64>[0m
2025-01-21T16:41:10.5925040Z E           [0m[1mDuring: typing of call at <string> (3)
2025-01-21T16:41:10.5925870Z E           [0m
2025-01-21T16:41:10.5927270Z E           [0m[1mDuring: resolving callee type: jitclass.GXPacket#13956d6a0<location:array(float64, 1d, A),direction:array(float64, 1d, A),energy_rf:float64,energy_cmf:float64,nu_rf:float64,nu_cmf:float64,status:int64,shell:int64,time_current:float64,tau:float64>[0m
2025-01-21T16:41:10.5928080Z E           [0m[1mDuring: typing of call at <string> (3)
2025-01-21T16:41:10.5929020Z E           [0m
2025-01-21T16:41:10.5929260Z E           [1m
2025-01-21T16:41:10.5930820Z E           File "<string>", line 3:[0m
2025-01-21T16:41:10.5931190Z E           [1m<source missing, REPL/exec in use?>[0m
2025-01-21T16:41:10.5931340Z 
2025-01-21T16:41:10.5932550Z ../../../micromamba/envs/tardis/lib/python3.12/site-packages/numba/core/dispatcher.py:409: TypingError
2025-01-21T16:41:10.5934230Z _____________________ ERROR at setup of test_pair_creation _____________________
2025-01-21T16:41:10.5934420Z 
2025-01-21T16:41:10.5934560Z     @pytest.fixture(scope="function")
2025-01-21T16:41:10.5934850Z     def basic_gamma_ray():
2025-01-21T16:41:10.5935090Z         """basic gamma ray fixture
2025-01-21T16:41:10.5935300Z     
2025-01-21T16:41:10.5935920Z         Returns
2025-01-21T16:41:10.5936100Z         -------
2025-01-21T16:41:10.5936870Z         GXPacket
2025-01-21T16:41:10.5937060Z         """
2025-01-21T16:41:10.5937320Z >       return GXPacket(
2025-01-21T16:41:10.5937620Z             location=np.array([1.36375693e13, 4.10589818e14, 9.11718168e14]),
2025-01-21T16:41:10.5938070Z             direction=np.array([-0.97113853, 0.23134328, -0.05805379]),
2025-01-21T16:41:10.5938370Z             energy_rf=1e52,
2025-01-21T16:41:10.5938650Z             energy_cmf=1e52,
2025-01-21T16:41:10.5939230Z             nu_rf=1000.0e3 / H_CGS_KEV,
2025-01-21T16:41:10.5941980Z             nu_cmf=1000.0e3 / H_CGS_KEV,
2025-01-21T16:41:10.5945890Z             status=GXPacketStatus.IN_PROCESS,
2025-01-21T16:41:10.5947240Z             shell=1,
2025-01-21T16:41:10.5947970Z             time_current=1000,
2025-01-21T16:41:10.5948580Z         )
2025-01-21T16:41:10.5949270Z 
2025-01-21T16:41:10.5949440Z tardis/energy_input/tests/conftest.py:16: 
2025-01-21T16:41:10.5949820Z _ _ _ _ _ _ _ _ _ _ _ _ _ _ _ _ _ _ _ _ _ _ _ _ _ _ _ _ _ _ _ _ _ _ _ _ _ _ _ _ 
2025-01-21T16:41:10.5951360Z ../../../micromamba/envs/tardis/lib/python3.12/site-packages/numba/experimental/jitclass/base.py:124: in __call__
2025-01-21T16:41:10.5953240Z     return cls._ctor(*bind.args[1:], **bind.kwargs)
2025-01-21T16:41:10.5954330Z ../../../micromamba/envs/tardis/lib/python3.12/site-packages/numba/core/dispatcher.py:468: in _compile_for_args
2025-01-21T16:41:10.5955640Z     error_rewrite(e, 'typing')
2025-01-21T16:41:10.5956160Z _ _ _ _ _ _ _ _ _ _ _ _ _ _ _ _ _ _ _ _ _ _ _ _ _ _ _ _ _ _ _ _ _ _ _ _ _ _ _ _ 
2025-01-21T16:41:10.5956810Z 
2025-01-21T16:41:10.5957420Z e = TypingError('Failed in nopython mode pipeline (step: nopython frontend)\n\x1b[1m\x1b[1m\x1b[1m\x1b[1mFailed in nopytho... <string> (3)\n\x1b[0m\n\x1b[1m\nFile "<string>", line 3:\x1b[0m\n\x1b[1m<source missing, REPL/exec in use?>\x1b[0m\n')
2025-01-21T16:41:10.5958320Z issue_type = 'typing'
2025-01-21T16:41:10.5959100Z 
2025-01-21T16:41:10.5959690Z     def error_rewrite(e, issue_type):
2025-01-21T16:41:10.5960190Z         """
2025-01-21T16:41:10.5961060Z         Rewrite and raise Exception `e` with help supplied based on the
2025-01-21T16:41:10.5962330Z         specified issue_type.
2025-01-21T16:41:10.5962950Z         """
2025-01-21T16:41:10.5963150Z         if config.SHOW_HELP:
2025-01-21T16:41:10.5963880Z             help_msg = errors.error_extras[issue_type]
2025-01-21T16:41:10.5964330Z             e.patch_message('\n'.join((str(e).rstrip(), help_msg)))
2025-01-21T16:41:10.5965490Z         if config.FULL_TRACEBACKS:
2025-01-21T16:41:10.5965990Z             raise e
2025-01-21T16:41:10.5966540Z         else:
2025-01-21T16:41:10.5967030Z >           raise e.with_traceback(None)
2025-01-21T16:41:10.5968170Z E           numba.core.errors.TypingError: Failed in nopython mode pipeline (step: nopython frontend)
2025-01-21T16:41:10.5968890Z E           [1m[1m[1m[1mFailed in nopython mode pipeline (step: nopython frontend)
2025-01-21T16:41:10.5970140Z E           [1m[1mCannot resolve setattr: (instance.jitclass.GXPacket#13956d6a0<location:array(float64, 1d, A),direction:array(float64, 1d, A),energy_rf:float64,energy_cmf:float64,nu_rf:float64,nu_cmf:float64,status:int64,shell:int64,time_current:float64,tau:float64>).tau_event = float64
2025-01-21T16:41:10.5972390Z E           [1m
2025-01-21T16:41:10.5972980Z E           File "tardis/energy_input/GXPacket.py", line 66:[0m
2025-01-21T16:41:10.5973350Z E           [1m    def __init__(
2025-01-21T16:41:10.5973630Z E                   <source elided>
2025-01-21T16:41:10.5973860Z E                   self.time_current = time_current
2025-01-21T16:41:10.5974160Z E           [1m        self.tau_event = -np.log(np.random.random())
2025-01-21T16:41:10.6043860Z E           [0m        [1m^[0m[0m
2025-01-21T16:41:10.6044450Z E           [0m
2025-01-21T16:41:10.6044930Z E           [0m[1mDuring: typing of set attribute 'tau_event' at /Users/runner/work/tardis/tardis/tardis/energy_input/GXPacket.py (66)[0m
2025-01-21T16:41:10.6045510Z E           [1m
2025-01-21T16:41:10.6045790Z E           File "tardis/energy_input/GXPacket.py", line 66:[0m
2025-01-21T16:41:10.6046100Z E           [1m    def __init__(
2025-01-21T16:41:10.6048250Z E                   <source elided>
2025-01-21T16:41:10.6049720Z E                   self.time_current = time_current
2025-01-21T16:41:10.6050080Z E           [1m        self.tau_event = -np.log(np.random.random())
2025-01-21T16:41:10.6050430Z E           [0m        [1m^[0m[0m
2025-01-21T16:41:10.6051220Z E           
2025-01-21T16:41:10.6052510Z E           [0m[1mDuring: resolving callee type: jitclass.GXPacket#13956d6a0<location:array(float64, 1d, A),direction:array(float64, 1d, A),energy_rf:float64,energy_cmf:float64,nu_rf:float64,nu_cmf:float64,status:int64,shell:int64,time_current:float64,tau:float64>[0m
2025-01-21T16:41:10.6054180Z E           [0m[1mDuring: typing of call at <string> (3)
2025-01-21T16:41:10.6054980Z E           [0m
2025-01-21T16:41:10.6056490Z E           [0m[1mDuring: resolving callee type: jitclass.GXPacket#13956d6a0<location:array(float64, 1d, A),direction:array(float64, 1d, A),energy_rf:float64,energy_cmf:float64,nu_rf:float64,nu_cmf:float64,status:int64,shell:int64,time_current:float64,tau:float64>[0m
2025-01-21T16:41:10.6057610Z E           [0m[1mDuring: typing of call at <string> (3)
2025-01-21T16:41:10.6058080Z E           [0m
2025-01-21T16:41:10.6058810Z E           [1m
2025-01-21T16:41:10.6059220Z E           File "<string>", line 3:[0m
2025-01-21T16:41:10.6059660Z E           [1m<source missing, REPL/exec in use?>[0m
2025-01-21T16:41:10.6060170Z 
2025-01-21T16:41:10.6060420Z ../../../micromamba/envs/tardis/lib/python3.12/site-packages/numba/core/dispatcher.py:409: TypingError
2025-01-21T16:41:10.6061040Z =================================== FAILURES ===================================
2025-01-21T16:41:10.6061400Z _____________________ test_calculate_sobolev_line_opacity ______________________
2025-01-21T16:41:10.6061600Z 
2025-01-21T16:41:10.6062080Z nb_simulation_verysimple = <tardis.simulation.base.Simulation object at 0x311c38c50>
2025-01-21T16:41:10.6062970Z regression_data = <tardis.tests.fixtures.regression_data.RegressionData object at 0x324838da0>
2025-01-21T16:41:10.6063290Z 
2025-01-21T16:41:10.6063370Z     def test_calculate_sobolev_line_opacity(
2025-01-21T16:41:10.6063600Z         nb_simulation_verysimple, regression_data
2025-01-21T16:41:10.6063800Z     ):
2025-01-21T16:41:10.6063970Z         legacy_plasma = nb_simulation_verysimple.plasma
2025-01-21T16:41:10.6064340Z     
2025-01-21T16:41:10.6064480Z         actual = calculate_sobolev_line_opacity(
2025-01-21T16:41:10.6064960Z             legacy_plasma.lines,
2025-01-21T16:41:10.6065430Z             legacy_plasma.level_number_density,
2025-01-21T16:41:10.6065690Z             legacy_plasma.time_explosion,
2025-01-21T16:41:10.6065930Z             legacy_plasma.stimulated_emission_factor,
2025-01-21T16:41:10.6066810Z         )
2025-01-21T16:41:10.6067310Z >       expected = regression_data.sync_dataframe(actual)
2025-01-21T16:41:10.6067790Z 
2025-01-21T16:41:10.6068050Z tardis/opacities/tests/test_tau_sobolev.py:21: 
2025-01-21T16:41:10.6069100Z _ _ _ _ _ _ _ _ _ _ _ _ _ _ _ _ _ _ _ _ _ _ _ _ _ _ _ _ _ _ _ _ _ _ _ _ _ _ _ _ 
2025-01-21T16:41:10.6069410Z tardis/tests/fixtures/regression_data.py:88: in sync_dataframe
2025-01-21T16:41:10.6069690Z     return pd.read_hdf(self.fpath, key=key)
2025-01-21T16:41:10.6069940Z _ _ _ _ _ _ _ _ _ _ _ _ _ _ _ _ _ _ _ _ _ _ _ _ _ _ _ _ _ _ _ _ _ _ _ _ _ _ _ _ 
2025-01-21T16:41:10.6070110Z 
2025-01-21T16:41:10.6070420Z path_or_buf = '/Users/runner/work/tardis/tardis/tardis-regression-data/test_tau_sobolev/test_calculate_sobolev_line_opacity.h5'
2025-01-21T16:41:10.6071000Z key = 'data', mode = 'r', errors = 'strict', where = None, start = None
2025-01-21T16:41:10.6072320Z stop = None, columns = None, iterator = False, chunksize = None, kwargs = {}
2025-01-21T16:41:10.6073210Z exists = False
2025-01-21T16:41:10.6073320Z 
2025-01-21T16:41:10.6073370Z     def read_hdf(
2025-01-21T16:41:10.6073770Z         path_or_buf: FilePath | HDFStore,
2025-01-21T16:41:10.6074250Z         key=None,
2025-01-21T16:41:10.6074940Z         mode: str = "r",
2025-01-21T16:41:10.6075390Z         errors: str = "strict",
2025-01-21T16:41:10.6076140Z         where: str | list | None = None,
2025-01-21T16:41:10.6077200Z         start: int | None = None,
2025-01-21T16:41:10.6078340Z         stop: int | None = None,
2025-01-21T16:41:10.6078880Z         columns: list[str] | None = None,
2025-01-21T16:41:10.6079420Z         iterator: bool = False,
2025-01-21T16:41:10.6079800Z         chunksize: int | None = None,
2025-01-21T16:41:10.6080260Z         **kwargs,
2025-01-21T16:41:10.6080700Z     ):
2025-01-21T16:41:10.6080980Z         """
2025-01-21T16:41:10.6081270Z         Read from the store, close it if we opened it.
2025-01-21T16:41:10.6081470Z     
2025-01-21T16:41:10.6081670Z         Retrieve pandas object stored in file, optionally based on where
2025-01-21T16:41:10.6081920Z         criteria.
2025-01-21T16:41:10.6082050Z     
2025-01-21T16:41:10.6096250Z         .. warning::
2025-01-21T16:41:10.6098720Z     
2025-01-21T16:41:10.6098980Z            Pandas uses PyTables for reading and writing HDF5 files, which allows
2025-01-21T16:41:10.6099680Z            serializing object-dtype data with pickle when using the "fixed" format.
2025-01-21T16:41:10.6100060Z            Loading pickled data received from untrusted sources can be unsafe.
2025-01-21T16:41:10.6100310Z     
2025-01-21T16:41:10.6100530Z            See: https://docs.python.org/3/library/pickle.html for more.
2025-01-21T16:41:10.6100790Z     
2025-01-21T16:41:10.6101170Z         Parameters
2025-01-21T16:41:10.6101320Z         ----------
2025-01-21T16:41:10.6101500Z         path_or_buf : str, path object, pandas.HDFStore
2025-01-21T16:41:10.6101820Z             Any valid string path is acceptable. Only supports the local file system,
2025-01-21T16:41:10.6102390Z             remote URLs and file-like objects are not supported.
2025-01-21T16:41:10.6102770Z     
2025-01-21T16:41:10.6106050Z             If you want to pass in a path object, pandas accepts any
2025-01-21T16:41:10.6107150Z             ``os.PathLike``.
2025-01-21T16:41:10.6108000Z     
2025-01-21T16:41:10.6108610Z             Alternatively, pandas accepts an open :class:`pandas.HDFStore` object.
2025-01-21T16:41:10.6109130Z     
2025-01-21T16:41:10.6109580Z         key : object, optional
2025-01-21T16:41:10.6110190Z             The group identifier in the store. Can be omitted if the HDF file
2025-01-21T16:41:10.6110620Z             contains a single pandas object.
2025-01-21T16:41:10.6113240Z         mode : {'r', 'r+', 'a'}, default 'r'
2025-01-21T16:41:10.6113590Z             Mode to use when opening the file. Ignored if path_or_buf is a
2025-01-21T16:41:10.6113960Z             :class:`pandas.HDFStore`. Default is 'r'.
2025-01-21T16:41:10.6114190Z         errors : str, default 'strict'
2025-01-21T16:41:10.6114510Z             Specifies how encoding and decoding errors are to be handled.
2025-01-21T16:41:10.6114840Z             See the errors argument for :func:`open` for a full list
2025-01-21T16:41:10.6115080Z             of options.
2025-01-21T16:41:10.6115240Z         where : list, optional
2025-01-21T16:41:10.6115430Z             A list of Term (or convertible) objects.
2025-01-21T16:41:10.6115650Z         start : int, optional
2025-01-21T16:41:10.6115840Z             Row number to start selection.
2025-01-21T16:41:10.6116030Z         stop  : int, optional
2025-01-21T16:41:10.6116220Z             Row number to stop selection.
2025-01-21T16:41:10.6116440Z         columns : list, optional
2025-01-21T16:41:10.6116660Z             A list of columns names to return.
2025-01-21T16:41:10.6116870Z         iterator : bool, optional
2025-01-21T16:41:10.6117060Z             Return an iterator object.
2025-01-21T16:41:10.6117250Z         chunksize : int, optional
2025-01-21T16:41:10.6118180Z             Number of rows to include in an iteration when using an iterator.
2025-01-21T16:41:10.6118910Z         **kwargs
2025-01-21T16:41:10.6119460Z             Additional keyword arguments passed to HDFStore.
2025-01-21T16:41:10.6119710Z     
2025-01-21T16:41:10.6119830Z         Returns
2025-01-21T16:41:10.6120040Z         -------
2025-01-21T16:41:10.6120180Z         object
2025-01-21T16:41:10.6120390Z             The selected object. Return type depends on the object stored.
2025-01-21T16:41:10.6120640Z     
2025-01-21T16:41:10.6120760Z         See Also
2025-01-21T16:41:10.6120890Z         --------
2025-01-21T16:41:10.6121080Z         DataFrame.to_hdf : Write a HDF file from a DataFrame.
2025-01-21T16:41:10.6121350Z         HDFStore : Low-level access to HDF files.
2025-01-21T16:41:10.6121540Z     
2025-01-21T16:41:10.6121650Z         Examples
2025-01-21T16:41:10.6122130Z         --------
2025-01-21T16:41:10.6122870Z         >>> df = pd.DataFrame([[1, 1.0, 'a']], columns=['x', 'y', 'z'])  # doctest: +SKIP
2025-01-21T16:41:10.6125210Z         >>> df.to_hdf('./store.h5', 'data')  # doctest: +SKIP
2025-01-21T16:41:10.6125520Z         >>> reread = pd.read_hdf('./store.h5')  # doctest: +SKIP
2025-01-21T16:41:10.6126170Z         """
2025-01-21T16:41:10.6126340Z         if mode not in ["r", "r+", "a"]:
2025-01-21T16:41:10.6126550Z             raise ValueError(
2025-01-21T16:41:10.6126780Z                 f"mode {mode} is not allowed while performing a read. "
2025-01-21T16:41:10.6127040Z                 f"Allowed modes are r, r+ and a."
2025-01-21T16:41:10.6127230Z             )
2025-01-21T16:41:10.6127370Z         # grab the scope
2025-01-21T16:41:10.6127540Z         if where is not None:
2025-01-21T16:41:10.6127750Z             where = _ensure_term(where, scope_level=1)
2025-01-21T16:41:10.6127960Z     
2025-01-21T16:41:10.6128160Z         if isinstance(path_or_buf, HDFStore):
2025-01-21T16:41:10.6128380Z             if not path_or_buf.is_open:
2025-01-21T16:41:10.6128620Z                 raise OSError("The HDFStore must be open for reading.")
2025-01-21T16:41:10.6128850Z     
2025-01-21T16:41:10.6128990Z             store = path_or_buf
2025-01-21T16:41:10.6129160Z             auto_close = False
2025-01-21T16:41:10.6129340Z         else:
2025-01-21T16:41:10.6129970Z             path_or_buf = stringify_path(path_or_buf)
2025-01-21T16:41:10.6130890Z             if not isinstance(path_or_buf, str):
2025-01-21T16:41:10.6131770Z                 raise NotImplementedError(
2025-01-21T16:41:10.6132450Z                     "Support for generic buffers has not been implemented."
2025-01-21T16:41:10.6133090Z                 )
2025-01-21T16:41:10.6133480Z             try:
2025-01-21T16:41:10.6135010Z                 exists = os.path.exists(path_or_buf)
2025-01-21T16:41:10.6136420Z     
2025-01-21T16:41:10.6136550Z             # if filepath is too long
2025-01-21T16:41:10.6137480Z             except (TypeError, ValueError):
2025-01-21T16:41:10.6137720Z                 exists = False
2025-01-21T16:41:10.6137870Z     
2025-01-21T16:41:10.6138000Z             if not exists:
2025-01-21T16:41:10.6138230Z >               raise FileNotFoundError(f"File {path_or_buf} does not exist")
2025-01-21T16:41:10.6139520Z E               FileNotFoundError: File /Users/runner/work/tardis/tardis/tardis-regression-data/test_tau_sobolev/test_calculate_sobolev_line_opacity.h5 does not exist
2025-01-21T16:41:10.6140880Z 
2025-01-21T16:41:10.6141530Z ../../../micromamba/envs/tardis/lib/python3.12/site-packages/pandas/io/pytables.py:424: FileNotFoundError
2025-01-21T16:41:10.6142830Z ---------------------------- Captured stdout setup -----------------------------
2025-01-21T16:41:10.6143520Z [[1mtardis.io.model.parse_density_configuration[0m][[1;33mWARNING[0m]  
2025-01-21T16:41:10.6144150Z 	Number of density points larger than number of shells. Assuming inner point irrelevant ([1mparse_density_configuration.py[0m:114)
2025-01-21T16:41:10.6144650Z ---------------------------- Captured stderr setup -----------------------------
2025-01-21T16:41:10.6144860Z 
2025-01-21T16:41:10.6186990Z Iterations:â–ˆâ–ˆâ–ˆâ–ˆâ–ˆâ–ˆâ–ˆâ–ˆâ–ˆâ–ˆâ–ˆâ–ˆâ–ˆâ–ˆâ–ˆâ–ˆâ–ˆâ–ˆâ–ˆâ–ˆâ–ˆâ–ˆâ–ˆâ–ˆâ–ˆâ–ˆâ–ˆâ–ˆâ–ˆâ–ˆâ–ˆâ–ˆâ–ˆâ–ˆâ–ˆâ–ˆâ–ˆâ–ˆâ–ˆâ–ˆâ–ˆâ–ˆâ–ˆâ–ˆâ–ˆâ–ˆâ–ˆâ–ˆâ–ˆâ–ˆâ–ˆâ–ˆâ–ˆâ–ˆâ–ˆâ–ˆâ–ˆâ–ˆâ–ˆâ–ˆâ–ˆâ–ˆâ–ˆâ–ˆ                4/5 [00:10<00:02,  2.35s/it]
2025-01-21T16:41:10.6187290Z 
2025-01-21T16:41:10.6187510Z Packets:                                                                                   4030/? [00:10<00:00, 38632.30it/s][A
2025-01-21T16:41:10.6187850Z ------------------------------ Captured log setup ------------------------------
2025-01-21T16:41:10.6188460Z WARNING  tardis.io.model.parse_density_configuration:parse_density_configuration.py:114 Number of density points larger than number of shells. Assuming inner point irrelevant
2025-01-21T16:41:10.6190450Z _________________________ test_calculate_beta_sobolevs _________________________
2025-01-21T16:41:10.6192370Z 
2025-01-21T16:41:10.6192910Z nb_simulation_verysimple = <tardis.simulation.base.Simulation object at 0x311c38c50>
2025-01-21T16:41:10.6194670Z regression_data = <tardis.tests.fixtures.regression_data.RegressionData object at 0x31188b200>
2025-01-21T16:41:10.6195020Z 
2025-01-21T16:41:10.6195180Z     def test_calculate_beta_sobolevs(nb_simulation_verysimple, regression_data):
2025-01-21T16:41:10.6196910Z         legacy_plasma = nb_simulation_verysimple.plasma
2025-01-21T16:41:10.6197140Z     
2025-01-21T16:41:10.6197300Z         tau_sobolevs = calculate_sobolev_line_opacity(
2025-01-21T16:41:10.6197530Z             legacy_plasma.lines,
2025-01-21T16:41:10.6197740Z             legacy_plasma.level_number_density,
2025-01-21T16:41:10.6197960Z             legacy_plasma.time_explosion,
2025-01-21T16:41:10.6198190Z             legacy_plasma.stimulated_emission_factor,
2025-01-21T16:41:10.6198390Z         )
2025-01-21T16:41:10.6198560Z         actual = calculate_beta_sobolev(tau_sobolevs)
2025-01-21T16:41:10.6198810Z >       expected = regression_data.sync_ndarray(actual)
2025-01-21T16:41:10.6198970Z 
2025-01-21T16:41:10.6199060Z tardis/opacities/tests/test_tau_sobolev.py:35: 
2025-01-21T16:41:10.6199320Z _ _ _ _ _ _ _ _ _ _ _ _ _ _ _ _ _ _ _ _ _ _ _ _ _ _ _ _ _ _ _ _ _ _ _ _ _ _ _ _ 
2025-01-21T16:41:10.6199610Z tardis/tests/fixtures/regression_data.py:111: in sync_ndarray
2025-01-21T16:41:10.6199870Z     return np.load(self.fpath)
2025-01-21T16:41:10.6200090Z _ _ _ _ _ _ _ _ _ _ _ _ _ _ _ _ _ _ _ _ _ _ _ _ _ _ _ _ _ _ _ _ _ _ _ _ _ _ _ _ 
2025-01-21T16:41:10.6200250Z 
2025-01-21T16:41:10.6200580Z file = PosixPath('/Users/runner/work/tardis/tardis/tardis-regression-data/test_tau_sobolev/test_calculate_beta_sobolevs.npy')
2025-01-21T16:41:10.6201120Z mmap_mode = None, allow_pickle = False, fix_imports = True, encoding = 'ASCII'
2025-01-21T16:41:10.6201340Z 
2025-01-21T16:41:10.6201400Z     @set_module('numpy')
2025-01-21T16:41:10.6202260Z     def load(file, mmap_mode=None, allow_pickle=False, fix_imports=True,
2025-01-21T16:41:10.6202600Z              encoding='ASCII', *, max_header_size=format._MAX_HEADER_SIZE):
2025-01-21T16:41:10.6202840Z         """
2025-01-21T16:41:10.6203520Z         Load arrays or pickled objects from ``.npy``, ``.npz`` or pickled files.
2025-01-21T16:41:10.6204310Z     
2025-01-21T16:41:10.6204960Z         .. warning:: Loading files that contain object arrays uses the ``pickle``
2025-01-21T16:41:10.6205780Z                      module, which is not secure against erroneous or maliciously
2025-01-21T16:41:10.6206140Z                      constructed data. Consider passing ``allow_pickle=False`` to
2025-01-21T16:41:10.6206460Z                      load data that is known not to contain object arrays for the
2025-01-21T16:41:10.6206740Z                      safer handling of untrusted sources.
2025-01-21T16:41:10.6206940Z     
2025-01-21T16:41:10.6207060Z         Parameters
2025-01-21T16:41:10.6207200Z         ----------
2025-01-21T16:41:10.6207390Z         file : file-like object, string, or pathlib.Path
2025-01-21T16:41:10.6207650Z             The file to read. File-like objects must support the
2025-01-21T16:41:10.6207910Z             ``seek()`` and ``read()`` methods and must always
2025-01-21T16:41:10.6208180Z             be opened in binary mode.  Pickled files require that the
2025-01-21T16:41:10.6208490Z             file-like object support the ``readline()`` method as well.
2025-01-21T16:41:10.6208780Z         mmap_mode : {None, 'r+', 'r', 'w+', 'c'}, optional
2025-01-21T16:41:10.6209070Z             If not None, then memory-map the file, using the given mode (see
2025-01-21T16:41:10.6209390Z             `numpy.memmap` for a detailed description of the modes).  A
2025-01-21T16:41:10.6209730Z             memory-mapped array is kept on disk. However, it can be accessed
2025-01-21T16:41:10.6210060Z             and sliced like any ndarray.  Memory mapping is especially useful
2025-01-21T16:41:10.6210400Z             for accessing small fragments of large files without reading the
2025-01-21T16:41:10.6210670Z             entire file into memory.
2025-01-21T16:41:10.6210880Z         allow_pickle : bool, optional
2025-01-21T16:41:10.6211150Z             Allow loading pickled object arrays stored in npy files. Reasons for
2025-01-21T16:41:10.6211490Z             disallowing pickles include security, as loading pickled data can
2025-01-21T16:41:10.6212140Z             execute arbitrary code. If pickles are disallowed, loading object
2025-01-21T16:41:10.6212440Z             arrays will fail. Default: False
2025-01-21T16:41:10.6212630Z     
2025-01-21T16:41:10.6212780Z             .. versionchanged:: 1.16.3
2025-01-21T16:41:10.6213020Z                 Made default False in response to CVE-2019-6446.
2025-01-21T16:41:10.6213230Z     
2025-01-21T16:41:10.6213360Z         fix_imports : bool, optional
2025-01-21T16:41:10.6213650Z             Only useful when loading Python 2 generated pickled files on Python 3,
2025-01-21T16:41:10.6214030Z             which includes npy/npz files containing object arrays. If `fix_imports`
2025-01-21T16:41:10.6214400Z             is True, pickle will try to map the old Python 2 names to the new names
2025-01-21T16:41:10.6214670Z             used in Python 3.
2025-01-21T16:41:10.6214850Z         encoding : str, optional
2025-01-21T16:41:10.6215110Z             What encoding to use when reading Python 2 strings. Only useful when
2025-01-21T16:41:10.6215470Z             loading Python 2 generated pickled files in Python 3, which includes
2025-01-21T16:41:10.6215830Z             npy/npz files containing object arrays. Values other than 'latin1',
2025-01-21T16:41:10.6216170Z             'ASCII', and 'bytes' are not allowed, as they can corrupt numerical
2025-01-21T16:41:10.6216440Z             data. Default: 'ASCII'
2025-01-21T16:41:10.6216630Z         max_header_size : int, optional
2025-01-21T16:41:10.6216900Z             Maximum allowed size of the header.  Large headers may not be safe
2025-01-21T16:41:10.6217350Z             to load securely and thus require explicitly passing a larger value.
2025-01-21T16:41:10.6217640Z             See :py:func:`ast.literal_eval()` for details.
2025-01-21T16:41:10.6217940Z             This option is ignored when `allow_pickle` is passed.  In that case
2025-01-21T16:41:10.6218260Z             the file is by definition trusted and the limit is unnecessary.
2025-01-21T16:41:10.6218510Z     
2025-01-21T16:41:10.6218620Z         Returns
2025-01-21T16:41:10.6218750Z         -------
2025-01-21T16:41:10.6218900Z         result : array, tuple, dict, etc.
2025-01-21T16:41:10.6219170Z             Data stored in the file. For ``.npz`` files, the returned instance
2025-01-21T16:41:10.6219510Z             of NpzFile class must be closed to avoid leaking file descriptors.
2025-01-21T16:41:10.6219760Z     
2025-01-21T16:41:10.6219870Z         Raises
2025-01-21T16:41:10.6220160Z         ------
2025-01-21T16:41:10.6220310Z         OSError
2025-01-21T16:41:10.6220520Z             If the input file does not exist or cannot be read.
2025-01-21T16:41:10.6220760Z         UnpicklingError
2025-01-21T16:41:10.6229750Z             If ``allow_pickle=True``, but the file cannot be loaded as a pickle.
2025-01-21T16:41:10.6230020Z         ValueError
2025-01-21T16:41:10.6230250Z             The file contains an object array, but ``allow_pickle=False`` given.
2025-01-21T16:41:10.6230500Z         EOFError
2025-01-21T16:41:10.6230710Z             When calling ``np.load`` multiple times on the same file handle,
2025-01-21T16:41:10.6231010Z             if all data has already been read
2025-01-21T16:41:10.6231200Z     
2025-01-21T16:41:10.6231310Z         See Also
2025-01-21T16:41:10.6231440Z         --------
2025-01-21T16:41:10.6231600Z         save, savez, savez_compressed, loadtxt
2025-01-21T16:41:10.6231880Z         memmap : Create a memory-map to an array stored in a file on disk.
2025-01-21T16:41:10.6232230Z         lib.format.open_memmap : Create or load a memory-mapped ``.npy`` file.
2025-01-21T16:41:10.6232500Z     
2025-01-21T16:41:10.6232620Z         Notes
2025-01-21T16:41:10.6232750Z         -----
2025-01-21T16:41:10.6232960Z         - If the file contains pickle data, then whatever object is stored
2025-01-21T16:41:10.6233230Z           in the pickle is returned.
2025-01-21T16:41:10.6233490Z         - If the file is a ``.npy`` file, then a single array is returned.
2025-01-21T16:41:10.6233790Z         - If the file is a ``.npz`` file, then a dictionary-like object is
2025-01-21T16:41:10.6236520Z           returned, containing ``{filename: array}`` key-value pairs, one for
2025-01-21T16:41:10.6237760Z           each file in the archive.
2025-01-21T16:41:10.6238460Z         - If the file is a ``.npz`` file, the returned value supports the
2025-01-21T16:41:10.6239560Z           context manager protocol in a similar fashion to the open function::
2025-01-21T16:41:10.6240230Z     
2025-01-21T16:41:10.6240380Z             with load('foo.npz') as data:
2025-01-21T16:41:10.6240580Z                 a = data['a']
2025-01-21T16:41:10.6240740Z     
2025-01-21T16:41:10.6240950Z           The underlying file descriptor is closed when exiting the 'with'
2025-01-21T16:41:10.6241190Z           block.
2025-01-21T16:41:10.6241330Z     
2025-01-21T16:41:10.6241440Z         Examples
2025-01-21T16:41:10.6241580Z         --------
2025-01-21T16:41:10.6241740Z         Store data to disk, and load it again:
2025-01-21T16:41:10.6241930Z     
2025-01-21T16:41:10.6242100Z         >>> np.save('/tmp/123', np.array([[1, 2, 3], [4, 5, 6]]))
2025-01-21T16:41:10.6242350Z         >>> np.load('/tmp/123.npy')
2025-01-21T16:41:10.6242530Z         array([[1, 2, 3],
2025-01-21T16:41:10.6242690Z                [4, 5, 6]])
2025-01-21T16:41:10.6242850Z     
2025-01-21T16:41:10.6243000Z         Store compressed data to disk, and load it again:
2025-01-21T16:41:10.6243220Z     
2025-01-21T16:41:10.6243350Z         >>> a=np.array([[1, 2, 3], [4, 5, 6]])
2025-01-21T16:41:10.6243540Z         >>> b=np.array([1, 2])
2025-01-21T16:41:10.6243730Z         >>> np.savez('/tmp/123.npz', a=a, b=b)
2025-01-21T16:41:10.6244200Z         >>> data = np.load('/tmp/123.npz')
2025-01-21T16:41:10.6244390Z         >>> data['a']
2025-01-21T16:41:10.6244540Z         array([[1, 2, 3],
2025-01-21T16:41:10.6244690Z                [4, 5, 6]])
2025-01-21T16:41:10.6244840Z         >>> data['b']
2025-01-21T16:41:10.6244980Z         array([1, 2])
2025-01-21T16:41:10.6245130Z         >>> data.close()
2025-01-21T16:41:10.6245270Z     
2025-01-21T16:41:10.6245450Z         Mem-map the stored array, and then access the second row
2025-01-21T16:41:10.6245690Z         directly from disk:
2025-01-21T16:41:10.6245850Z     
2025-01-21T16:41:10.6245990Z         >>> X = np.load('/tmp/123.npy', mmap_mode='r')
2025-01-21T16:41:10.6246190Z         >>> X[1, :]
2025-01-21T16:41:10.6246330Z         memmap([4, 5, 6])
2025-01-21T16:41:10.6246480Z     
2025-01-21T16:41:10.6246590Z         """
2025-01-21T16:41:10.6246750Z         if encoding not in ('ASCII', 'latin1', 'bytes'):
2025-01-21T16:41:10.6247030Z             # The 'encoding' value for pickle also affects what encoding
2025-01-21T16:41:10.6247320Z             # the serialized binary data of NumPy arrays is loaded
2025-01-21T16:41:10.6247610Z             # in. Pickle does not pass on the encoding information to
2025-01-21T16:41:10.6247900Z             # NumPy. The unpickling code in numpy.core.multiarray is
2025-01-21T16:41:10.6248200Z             # written to assume that unicode data appearing where binary
2025-01-21T16:41:10.6248500Z             # should be is in 'latin1'. 'bytes' is also safe, as is 'ASCII'.
2025-01-21T16:41:10.6248740Z             #
2025-01-21T16:41:10.6248950Z             # Other encoding values can corrupt binary data, and we
2025-01-21T16:41:10.6249260Z             # purposefully disallow them. For the same reason, the errors=
2025-01-21T16:41:10.6249580Z             # argument is not exposed, as values other than 'strict'
2025-01-21T16:41:10.6249860Z             # result can similarly silently corrupt numerical data.
2025-01-21T16:41:10.6250190Z             raise ValueError("encoding must be 'ASCII', 'latin1', or 'bytes'")
2025-01-21T16:41:10.6250450Z     
2025-01-21T16:41:10.6250650Z         pickle_kwargs = dict(encoding=encoding, fix_imports=fix_imports)
2025-01-21T16:41:10.6250900Z     
2025-01-21T16:41:10.6251040Z         with contextlib.ExitStack() as stack:
2025-01-21T16:41:10.6251250Z             if hasattr(file, 'read'):
2025-01-21T16:41:10.6251440Z                 fid = file
2025-01-21T16:41:10.6251860Z                 own_fid = False
2025-01-21T16:41:10.6252030Z             else:
2025-01-21T16:41:10.6252220Z >               fid = stack.enter_context(open(os_fspath(file), "rb"))
2025-01-21T16:41:10.6252820Z E               FileNotFoundError: [Errno 2] No such file or directory: '/Users/runner/work/tardis/tardis/tardis-regression-data/test_tau_sobolev/test_calculate_beta_sobolevs.npy'
2025-01-21T16:41:10.6253290Z 
2025-01-21T16:41:10.6253520Z ../../../micromamba/envs/tardis/lib/python3.12/site-packages/numpy/lib/npyio.py:427: FileNotFoundError
2025-01-21T16:41:10.6253960Z =============================== warnings summary ===============================
2025-01-21T16:41:10.6254260Z tardis/io/configuration/config_validator.py:6
2025-01-21T16:41:10.6254510Z tardis/io/configuration/config_validator.py:6
2025-01-21T16:41:10.6254910Z   /Users/runner/work/tardis/tardis/tardis/io/configuration/config_validator.py:6: DeprecationWarning:
2025-01-21T16:41:10.6255600Z   
2025-01-21T16:41:10.6256590Z   jsonschema.RefResolver is deprecated as of v4.18.0, in favor of the https://github.com/python-jsonschema/referencing library, which provides more compliant referencing behavior as well as more flexible APIs for customization. A future release will remove RefResolver. Please file a feature request (on referencing) if you are missing an API for the kind of customization you need.
2025-01-21T16:41:10.6257590Z 
2025-01-21T16:41:10.6257790Z ../../../micromamba/envs/tardis/lib/python3.12/site-packages/jupyter_client/connect.py:22
2025-01-21T16:41:10.6258550Z   /Users/runner/micromamba/envs/tardis/lib/python3.12/site-packages/jupyter_client/connect.py:22: DeprecationWarning:
2025-01-21T16:41:10.6258970Z   
2025-01-21T16:41:10.6259160Z   Jupyter is migrating its paths to use standard platformdirs
2025-01-21T16:41:10.6259480Z   given by the platformdirs library.  To remove this warning and
2025-01-21T16:41:10.6261690Z   see the appropriate new directories, set the environment variable
2025-01-21T16:41:10.6262050Z   `JUPYTER_PLATFORM_DIRS=1` and then run `jupyter --paths`.
2025-01-21T16:41:10.6262370Z   The use of platformdirs will be the default in `jupyter_core` v6
2025-01-21T16:41:10.6262580Z 
2025-01-21T16:41:10.6262730Z tardis/io/tests/test_HDFWriter.py::test_multi_index_write
2025-01-21T16:41:10.6263130Z tardis/visualization/widgets/tests/test_shell_info.py::TestHDFShellInfo::test_shells_data
2025-01-21T16:41:10.6263590Z   /Users/runner/work/tardis/tardis/tardis/io/util.py:276: PerformanceWarning:
2025-01-21T16:41:10.6263890Z   
2025-01-21T16:41:10.6264010Z   
2025-01-21T16:41:10.6264240Z   your performance may suffer as PyTables will pickle object types that it cannot
2025-01-21T16:41:10.6265300Z   map directly to c-types [inferred_type->mixed,key->block0_values] [items->Index([0], dtype='int64')]
2025-01-21T16:41:10.6266130Z 
2025-01-21T16:41:10.6266600Z tardis/io/tests/test_model_reader.py::test_read_cmfgen_isotope_abundances
2025-01-21T16:41:10.6267690Z tardis/plasma/tests/test_tardis_model_density_config.py::test_electron_densities
2025-01-21T16:41:10.6268800Z tardis/plasma/tests/test_tardis_model_density_config.py::test_isotope_number_densities
2025-01-21T16:41:10.6269840Z tardis/plasma/tests/test_tardis_model_density_config.py::test_t_rad
2025-01-21T16:41:10.6270330Z   /Users/runner/work/tardis/tardis/tardis/io/model/readers/cmfgen_deprecated.py:82: DeprecationWarning:
2025-01-21T16:41:10.6271270Z   
2025-01-21T16:41:10.6273270Z   The current CMFGEN model parser is deprecated
2025-01-21T16:41:10.6273450Z 
2025-01-21T16:41:10.6273540Z tardis/io/tests/test_model_reader.py: 1 warning
2025-01-21T16:41:10.6273840Z tardis/plasma/tests/test_tardis_model_density_config.py: 9 warnings
2025-01-21T16:41:10.6274310Z   /Users/runner/work/tardis/tardis/tardis/io/model/readers/cmfgen_deprecated.py:40: DeprecationWarning:
2025-01-21T16:41:10.6275280Z   
2025-01-21T16:41:10.6276210Z   The current CMFGEN model parser is deprecated
2025-01-21T16:41:10.6276930Z 
2025-01-21T16:41:10.6277140Z tardis/model/tests/test_base.py::TestModelFromPaper1Config::test_abundances
2025-01-21T16:41:10.6278250Z   /Users/runner/work/tardis/tardis/tardis/transport/montecarlo/montecarlo_main_loop.py:123: NumbaTypeSafetyWarning:
2025-01-21T16:41:10.6279400Z   
2025-01-21T16:41:10.6280520Z   [1m[1m[1munsafe cast from uint64 to int64. Precision may be lost.[0m[0m[0m
2025-01-21T16:41:10.6280740Z 
2025-01-21T16:41:10.6280830Z tardis/model/tests/test_base.py: 6 warnings
2025-01-21T16:41:10.6281060Z tardis/model/tests/test_csvy_model.py: 2 warnings
2025-01-21T16:41:10.6281360Z tardis/plasma/tests/test_tardis_model_density_config.py: 3 warnings
2025-01-21T16:41:10.6281800Z   /Users/runner/work/tardis/tardis/tardis/model/geometry/radial1d.py:50: DeprecationWarning:
2025-01-21T16:41:10.6282130Z   
2025-01-21T16:41:10.6282270Z   v_inner_boundary < 0, assuming default value
2025-01-21T16:41:10.6282430Z 
2025-01-21T16:41:10.6282500Z tardis/model/tests/test_base.py: 6 warnings
2025-01-21T16:41:10.6282730Z tardis/model/tests/test_csvy_model.py: 2 warnings
2025-01-21T16:41:10.6283070Z tardis/plasma/tests/test_tardis_model_density_config.py: 3 warnings
2025-01-21T16:41:10.6283510Z   /Users/runner/work/tardis/tardis/tardis/model/geometry/radial1d.py:61: DeprecationWarning:
2025-01-21T16:41:10.6283850Z   
2025-01-21T16:41:10.6283990Z   v_outer_boundary < 0, assuming default value
2025-01-21T16:41:10.6284140Z 
2025-01-21T16:41:10.6284520Z tardis/plasma/equilibrium/tests/test_level_populations.py::TestLevelPopulationSolver::test_solve[collisional_rate_solver0-radiative_transitions0]
2025-01-21T16:41:10.6285430Z   /Users/runner/work/tardis/tardis/tardis/plasma/equilibrium/level_populations.py:65: FutureWarning:
2025-01-21T16:41:10.6285800Z   
2025-01-21T16:41:10.6286100Z   A value is trying to be set on a copy of a DataFrame or Series through chained assignment using an inplace method.
2025-01-21T16:41:10.6286750Z   The behavior will change in pandas 3.0. This inplace method will never work because the intermediate object on which we are setting values always behaves as a copy.
2025-01-21T16:41:10.6287230Z   
2025-01-21T16:41:10.6287730Z   For example, when doing 'df[col].method(value, inplace=True)', try using 'df.method({col: value}, inplace=True)' or df[col] = df[col].method(value) instead, to perform the operation inplace on the original object.
2025-01-21T16:41:10.6289440Z 
2025-01-21T16:41:10.6289820Z tardis/plasma/tests/test_complete_plasmas.py: 20 warnings
2025-01-21T16:41:10.6291040Z   /Users/runner/work/tardis/tardis/tardis/plasma/tests/test_complete_plasmas.py:197: UserWarning:
2025-01-21T16:41:10.6291470Z   
2025-01-21T16:41:10.6291600Z   Property "atomic_mass" not found
2025-01-21T16:41:10.6291730Z 
2025-01-21T16:41:10.6292080Z tardis/plasma/tests/test_complete_plasmas.py::TestPlasma::test_plasma_properties[radiative_rates_type:detailed-w_epsilon:1e-10-j_blues_norm_factor]
2025-01-21T16:41:10.6292830Z tardis/plasma/tests/test_complete_plasmas.py::TestPlasma::test_plasma_properties[radiative_rates_type:detailed-j_blues_norm_factor]
2025-01-21T16:41:10.6293440Z   /Users/runner/work/tardis/tardis/tardis/plasma/tests/test_complete_plasmas.py:197: UserWarning:
2025-01-21T16:41:10.6293780Z   
2025-01-21T16:41:10.6293930Z   Property "j_blues_norm_factor" not found
2025-01-21T16:41:10.6294070Z 
2025-01-21T16:41:10.6294410Z tardis/plasma/tests/test_complete_plasmas.py::TestPlasma::test_plasma_properties[radiative_rates_type:detailed-w_epsilon:1e-10-j_blue_estimator]
2025-01-21T16:41:10.6295140Z tardis/plasma/tests/test_complete_plasmas.py::TestPlasma::test_plasma_properties[radiative_rates_type:detailed-j_blue_estimator]
2025-01-21T16:41:10.6295790Z   /Users/runner/work/tardis/tardis/tardis/plasma/tests/test_complete_plasmas.py:197: UserWarning:
2025-01-21T16:41:10.6296140Z   
2025-01-21T16:41:10.6296290Z   Property "j_blue_estimator" not found
2025-01-21T16:41:10.6296420Z 
2025-01-21T16:41:10.6297540Z tardis/plasma/tests/test_complete_plasmas.py::TestPlasma::test_plasma_properties[radiative_rates_type:detailed-w_epsilon:1e-10-volume]
2025-01-21T16:41:10.6300390Z tardis/plasma/tests/test_complete_plasmas.py::TestPlasma::test_plasma_properties[radiative_rates_type:detailed-volume]
2025-01-21T16:41:10.6301300Z   /Users/runner/work/tardis/tardis/tardis/plasma/tests/test_complete_plasmas.py:197: UserWarning:
2025-01-21T16:41:10.6301650Z   
2025-01-21T16:41:10.6301790Z   Property "volume" not found
2025-01-21T16:41:10.6301920Z 
2025-01-21T16:41:10.6302240Z tardis/plasma/tests/test_complete_plasmas.py::TestPlasma::test_plasma_properties[radiative_rates_type:detailed-w_epsilon:1e-10-r_inner]
2025-01-21T16:41:10.6302910Z tardis/plasma/tests/test_complete_plasmas.py::TestPlasma::test_plasma_properties[radiative_rates_type:detailed-r_inner]
2025-01-21T16:41:10.6303510Z   /Users/runner/work/tardis/tardis/tardis/plasma/tests/test_complete_plasmas.py:197: UserWarning:
2025-01-21T16:41:10.6303860Z   
2025-01-21T16:41:10.6303980Z   Property "r_inner" not found
2025-01-21T16:41:10.6304100Z 
2025-01-21T16:41:10.6304280Z tardis/plasma/tests/test_plasma_vboundary.py::test_plasma_vboundary[2900-3750]
2025-01-21T16:41:10.6304700Z tardis/plasma/tests/test_plasma_vboundary.py::test_plasma_vboundary[2900-3850]
2025-01-21T16:41:10.6305100Z tardis/plasma/tests/test_plasma_vboundary.py::test_plasma_vboundary[2900-3900]
2025-01-21T16:41:10.6305530Z   /Users/runner/work/tardis/tardis/tardis/model/geometry/radial1d.py:71: UserWarning:
2025-01-21T16:41:10.6305860Z   
2025-01-21T16:41:10.6306090Z   Requesting inner boundary below inner shell. Extrapolating the inner cell
2025-01-21T16:41:10.6306320Z 
2025-01-21T16:41:10.6306490Z tardis/spectrum/tests/test_spectrum_solver.py::TestSpectrumSolver::test_solve
2025-01-21T16:41:10.6307110Z   /Users/runner/work/tardis/tardis/tardis/spectrum/base.py:70: UserWarning:
2025-01-21T16:41:10.6307400Z   
2025-01-21T16:41:10.6313080Z   SpectrumSolver.spectrum_virtual_packets is zero. Please run the montecarlo simulation with no_of_virtual_packets > 0
2025-01-21T16:41:10.6313440Z 
2025-01-21T16:41:10.6313620Z tardis/spectrum/tests/test_spectrum_solver.py::TestSpectrumSolver::test_solve
2025-01-21T16:41:10.6314460Z   /Users/runner/work/tardis/tardis/tardis/spectrum/base.py:111: UserWarning:
2025-01-21T16:41:10.6315480Z   
2025-01-21T16:41:10.6316440Z   SpectrumSolver.integrator: The FormalIntegrator is not yet available.Please run the montecarlo simulation at least once.
2025-01-21T16:41:10.6317380Z 
2025-01-21T16:41:10.6317870Z tardis/transport/montecarlo/tests/test_vpacket.py::test_trace_vpacket_volley
2025-01-21T16:41:10.6318750Z   <string>:3: NumbaPendingDeprecationWarning:
2025-01-21T16:41:10.6319300Z   
2025-01-21T16:41:10.6322390Z   [1m[1mCode using Numba extension API maybe depending on 'old_style' error-capturing, which is deprecated and will be replaced by 'new_style' in a future release. See details at https://numba.readthedocs.io/en/latest/reference/deprecation.html#deprecation-of-old-style-numba-captured-errors
2025-01-21T16:41:10.6324590Z   Exception origin:
2025-01-21T16:41:10.6325370Z     File "/Users/runner/micromamba/envs/tardis/lib/python3.12/inspect.py", line 3180, in _bind
2025-01-21T16:41:10.6326290Z       raise TypeError(msg) from None
2025-01-21T16:41:10.6326840Z   [0m[0m
2025-01-21T16:41:10.6327050Z 
2025-01-21T16:41:10.6327760Z tardis/visualization/tools/tests/test_sdec_plot.py::TestSDECPlotter::test_mpl_image[plotter_generate_plot_mpl4]
2025-01-21T16:41:10.6329230Z   /Users/runner/work/tardis/tardis/tardis/visualization/tools/sdec_plot.py:1225: RuntimeWarning:
2025-01-21T16:41:10.6330170Z   
2025-01-21T16:41:10.6332170Z   More than 20 figures have been opened. Figures created through the pyplot interface (`matplotlib.pyplot.figure`) are retained until explicitly closed and may consume too much memory. (To control this warning, see the rcParam `figure.max_open_warning`). Consider using `matplotlib.pyplot.close()`.
2025-01-21T16:41:10.6334180Z 
2025-01-21T16:41:10.6334940Z tardis/visualization/widgets/tests/test_custom_abundance.py::TestCustomAbundanceWidget::test_update_input_item_value
2025-01-21T16:41:10.6337690Z tardis/visualization/widgets/tests/test_custom_abundance.py::TestCustomAbundanceWidget::test_update_input_item_value
2025-01-21T16:41:10.6339390Z tardis/visualization/widgets/tests/test_custom_abundance.py::TestCustomAbundanceWidget::test_update_input_item_value
2025-01-21T16:41:10.6340400Z tardis/visualization/widgets/tests/test_custom_abundance.py::TestCustomAbundanceWidget::test_update_input_item_value
2025-01-21T16:41:10.6341060Z tardis/visualization/widgets/tests/test_custom_abundance.py::TestCustomAbundanceWidget::test_update_input_item_value
2025-01-21T16:41:10.6341680Z tardis/visualization/widgets/tests/test_custom_abundance.py::TestCustomAbundanceWidget::test_update_input_item_value
2025-01-21T16:41:10.6342340Z   /Users/runner/micromamba/envs/tardis/lib/python3.12/site-packages/traitlets/traitlets.py:1385: DeprecationWarning:
2025-01-21T16:41:10.6343120Z   
2025-01-21T16:41:10.6343340Z   Passing unrecognized arguments to super(Checkbox).__init__(icon='lock').
2025-01-21T16:41:10.6343700Z   object.__init__() takes exactly one argument (the instance to initialize)
2025-01-21T16:41:10.6344120Z   This is deprecated in traitlets 4.2.This error will be raised in a future release of traitlets.
2025-01-21T16:41:10.6344390Z 
2025-01-21T16:41:10.6344680Z tardis/visualization/widgets/tests/test_custom_abundance.py::TestCustomAbundanceWidget::test_update_input_item_value
2025-01-21T16:41:10.6345300Z tardis/visualization/widgets/tests/test_custom_abundance.py::TestCustomAbundanceWidget::test_update_input_item_value
2025-01-21T16:41:10.6345920Z   /Users/runner/micromamba/envs/tardis/lib/python3.12/site-packages/traitlets/traitlets.py:1385: DeprecationWarning:
2025-01-21T16:41:10.6346660Z   
2025-01-21T16:41:10.6346860Z   Passing unrecognized arguments to super(FloatText).__init__(min=0).
2025-01-21T16:41:10.6347210Z   object.__init__() takes exactly one argument (the instance to initialize)
2025-01-21T16:41:10.6347610Z   This is deprecated in traitlets 4.2.This error will be raised in a future release of traitlets.
2025-01-21T16:41:10.6347860Z 
2025-01-21T16:41:10.6348140Z tardis/visualization/widgets/tests/test_custom_abundance.py::TestCustomAbundanceWidget::test_update_input_item_value
2025-01-21T16:41:10.6348760Z   /Users/runner/micromamba/envs/tardis/lib/python3.12/site-packages/traitlets/traitlets.py:1385: DeprecationWarning:
2025-01-21T16:41:10.6349150Z   
2025-01-21T16:41:10.6349360Z   Passing unrecognized arguments to super(HTML).__init__(indent=True).
2025-01-21T16:41:10.6349700Z   object.__init__() takes exactly one argument (the instance to initialize)
2025-01-21T16:41:10.6350090Z   This is deprecated in traitlets 4.2.This error will be raised in a future release of traitlets.
2025-01-21T16:41:10.6350350Z 
2025-01-21T16:41:10.6350690Z tardis/visualization/widgets/tests/test_line_info.py::TestLineInfoWidgetData::test_get_species_interactions[wavelength_range0-packet_out_nu]
2025-01-21T16:41:10.6351350Z   /Users/runner/micromamba/envs/tardis/lib/python3.12/site-packages/qgridnext/grid.py:820: DeprecationWarning:
2025-01-21T16:41:10.6351710Z   
2025-01-21T16:41:10.6351990Z   QgridWidget._precision_changed is deprecated in traitlets 4.1: use @observe and @unobserve instead.
2025-01-21T16:41:10.6352280Z 
2025-01-21T16:41:10.6352480Z tardis/visualization/widgets/tests/test_shell_info.py::TestHDFShellInfo::test_shells_data
2025-01-21T16:41:10.6352910Z   /Users/runner/work/tardis/tardis/tardis/io/util.py:289: PerformanceWarning:
2025-01-21T16:41:10.6353190Z   
2025-01-21T16:41:10.6353300Z   
2025-01-21T16:41:10.6353520Z   your performance may suffer as PyTables will pickle object types that it cannot
2025-01-21T16:41:10.6353960Z   map directly to c-types [inferred_type->mixed,key->block0_values] [items->Index([0], dtype='int64')]
2025-01-21T16:41:10.6354240Z 
2025-01-21T16:41:10.6354440Z tardis/visualization/widgets/tests/test_shell_info.py::TestHDFShellInfo::test_shells_data
2025-01-21T16:41:10.6354890Z   /Users/runner/work/tardis/tardis/tardis/io/util.py:292: PerformanceWarning:
2025-01-21T16:41:10.6355160Z   
2025-01-21T16:41:10.6355260Z   
2025-01-21T16:41:10.6355730Z   your performance may suffer as PyTables will pickle object types that it cannot
2025-01-21T16:41:10.6356110Z   map directly to c-types [inferred_type->mixed,key->values] [items->None]
2025-01-21T16:41:10.6356320Z 
2025-01-21T16:41:10.6356520Z tardis/visualization/widgets/tests/test_shell_info.py::TestHDFShellInfo::test_shells_data
2025-01-21T16:41:10.6356980Z   /Users/runner/work/tardis/tardis/tardis/spectrum/formal_integral.py:398: UserWarning:
2025-01-21T16:41:10.6357290Z   
2025-01-21T16:41:10.6357500Z   The number of interpolate_shells was not specified. The value was set to 80.
2025-01-21T16:41:10.6357730Z 
2025-01-21T16:41:10.6357890Z -- Docs: https://docs.pytest.org/en/stable/how-to/capture-warnings.html
2025-01-21T16:41:10.6358110Z 
2025-01-21T16:41:10.6358240Z ---------- coverage: platform darwin, python 3.12.4-final-0 ----------
2025-01-21T16:41:10.6358520Z Coverage HTML written to dir coverage_html_report
2025-01-21T16:41:10.6358740Z Coverage XML written to file coverage.xml
2025-01-21T16:41:10.6358890Z 
2025-01-21T16:41:10.6358990Z =========================== short test summary info ============================
2025-01-21T16:41:10.6359760Z FAILED tardis/opacities/tests/test_tau_sobolev.py::test_calculate_sobolev_line_opacity - FileNotFoundError: File /Users/runner/work/tardis/tardis/tardis-regression-data/test_tau_sobolev/test_calculate_sobolev_line_opacity.h5 does not exist
2025-01-21T16:41:10.6361140Z FAILED tardis/opacities/tests/test_tau_sobolev.py::test_calculate_beta_sobolevs - FileNotFoundError: [Errno 2] No such file or directory: '/Users/runner/work/tardis/tardis/tardis-regression-data/test_tau_sobolev/test_calculate_beta_sobolevs.npy'
2025-01-21T16:41:10.6362240Z ERROR tardis/energy_input/tests/test_gamma_ray_grid.py::test_move_packet - numba.core.errors.TypingError: Failed in nopython mode pipeline (step: nopython frontend)
2025-01-21T16:41:10.6362970Z [1m[1m[1m[1mFailed in nopython mode pipeline (step: nopython frontend)
2025-01-21T16:41:10.6363870Z [1m[1mCannot resolve setattr: (instance.jitclass.GXPacket#13956d6a0<location:array(float64, 1d, A),direction:array(float64, 1d, A),energy_rf:float64,energy_cmf:float64,nu_rf:float64,nu_cmf:float64,status:int64,shell:int64,time_current:float64,tau:float64>).tau_event = float64
2025-01-21T16:41:10.6364580Z [1m
2025-01-21T16:41:10.6364780Z File "tardis/energy_input/GXPacket.py", line 66:[0m
2025-01-21T16:41:10.6365030Z [1m    def __init__(
2025-01-21T16:41:10.6365170Z         <source elided>
2025-01-21T16:41:10.6365340Z         self.time_current = time_current
2025-01-21T16:41:10.6365830Z [1m        self.tau_event = -np.log(np.random.random())
2025-01-21T16:41:10.6386400Z [0m        [1m^[0m[0m
2025-01-21T16:41:10.6386620Z [0m
2025-01-21T16:41:10.6387050Z [0m[1mDuring: typing of set attribute 'tau_event' at /Users/runner/work/tardis/tardis/tardis/energy_input/GXPacket.py (66)[0m
2025-01-21T16:41:10.6387470Z [1m
2025-01-21T16:41:10.6387680Z File "tardis/energy_input/GXPacket.py", line 66:[0m
2025-01-21T16:41:10.6387930Z [1m    def __init__(
2025-01-21T16:41:10.6388110Z         <source elided>
2025-01-21T16:41:10.6388300Z         self.time_current = time_current
2025-01-21T16:41:10.6388580Z [1m        self.tau_event = -np.log(np.random.random())
2025-01-21T16:41:10.6388830Z [0m        [1m^[0m[0m
2025-01-21T16:41:10.6388930Z 
2025-01-21T16:41:10.6389590Z [0m[1mDuring: resolving callee type: jitclass.GXPacket#13956d6a0<location:array(float64, 1d, A),direction:array(float64, 1d, A),energy_rf:float64,energy_cmf:float64,nu_rf:float64,nu_cmf:float64,status:int64,shell:int64,time_current:float64,tau:float64>[0m
2025-01-21T16:41:10.6390340Z [0m[1mDuring: typing of call at <string> (3)
2025-01-21T16:41:10.6390550Z [0m
2025-01-21T16:41:10.6391280Z [0m[1mDuring: resolving callee type: jitclass.GXPacket#13956d6a0<location:array(float64, 1d, A),direction:array(float64, 1d, A),energy_rf:float64,energy_cmf:float64,nu_rf:float64,nu_cmf:float64,status:int64,shell:int64,time_current:float64,tau:float64>[0m
2025-01-21T16:41:10.6392050Z [0m[1mDuring: typing of call at <string> (3)
2025-01-21T16:41:10.6392890Z [0m
2025-01-21T16:41:10.6393090Z [1m
2025-01-21T16:41:10.6393250Z File "<string>", line 3:[0m
2025-01-21T16:41:10.6393520Z [1m<source missing, REPL/exec in use?>[0m
2025-01-21T16:41:10.6394130Z ERROR tardis/energy_input/tests/test_gamma_ray_interactions.py::test_pair_creation - numba.core.errors.TypingError: Failed in nopython mode pipeline (step: nopython frontend)
2025-01-21T16:41:10.6394790Z [1m[1m[1m[1mFailed in nopython mode pipeline (step: nopython frontend)
2025-01-21T16:41:10.6395720Z [1m[1mCannot resolve setattr: (instance.jitclass.GXPacket#13956d6a0<location:array(float64, 1d, A),direction:array(float64, 1d, A),energy_rf:float64,energy_cmf:float64,nu_rf:float64,nu_cmf:float64,status:int64,shell:int64,time_current:float64,tau:float64>).tau_event = float64
2025-01-21T16:41:10.6396490Z [1m
2025-01-21T16:41:10.6396690Z File "tardis/energy_input/GXPacket.py", line 66:[0m
2025-01-21T16:41:10.6396920Z [1m    def __init__(
2025-01-21T16:41:10.6397090Z         <source elided>
2025-01-21T16:41:10.6397260Z         self.time_current = time_current
2025-01-21T16:41:10.6397550Z [1m        self.tau_event = -np.log(np.random.random())
2025-01-21T16:41:10.6397820Z [0m        [1m^[0m[0m
2025-01-21T16:41:10.6397990Z [0m
2025-01-21T16:41:10.6398380Z [0m[1mDuring: typing of set attribute 'tau_event' at /Users/runner/work/tardis/tardis/tardis/energy_input/GXPacket.py (66)[0m
2025-01-21T16:41:10.6398810Z [1m
2025-01-21T16:41:10.6399040Z File "tardis/energy_input/GXPacket.py", line 66:[0m
2025-01-21T16:41:10.6399500Z [1m    def __init__(
2025-01-21T16:41:10.6399680Z         <source elided>
2025-01-21T16:41:10.6399840Z         self.time_current = time_current
2025-01-21T16:41:10.6400100Z [1m        self.tau_event = -np.log(np.random.random())
2025-01-21T16:41:10.6400390Z [0m        [1m^[0m[0m
2025-01-21T16:41:10.6400520Z 
2025-01-21T16:41:10.6401210Z [0m[1mDuring: resolving callee type: jitclass.GXPacket#13956d6a0<location:array(float64, 1d, A),direction:array(float64, 1d, A),energy_rf:float64,energy_cmf:float64,nu_rf:float64,nu_cmf:float64,status:int64,shell:int64,time_current:float64,tau:float64>[0m
2025-01-21T16:41:10.6401950Z [0m[1mDuring: typing of call at <string> (3)
2025-01-21T16:41:10.6402160Z [0m
2025-01-21T16:41:10.6402910Z [0m[1mDuring: resolving callee type: jitclass.GXPacket#13956d6a0<location:array(float64, 1d, A),direction:array(float64, 1d, A),energy_rf:float64,energy_cmf:float64,nu_rf:float64,nu_cmf:float64,status:int64,shell:int64,time_current:float64,tau:float64>[0m
2025-01-21T16:41:10.6403670Z [0m[1mDuring: typing of call at <string> (3)
2025-01-21T16:41:10.6403880Z [0m
2025-01-21T16:41:10.6404000Z [1m
2025-01-21T16:41:10.6486090Z File "<string>", line 3:[0m
2025-01-21T16:41:10.6487280Z [1m<source missing, REPL/exec in use?>[0m
2025-01-21T16:41:10.6488290Z = 2 failed, 1434 passed, 329 skipped, 2 deselected, 19 xfailed, 8 xpassed, 91 warnings, 2 errors in 780.76s (0:13:00) =
2025-01-21T16:41:12.7783070Z ##[error]Process completed with exit code 1.
2025-01-21T16:41:12.8201570Z Post job cleanup.
2025-01-21T16:41:12.8268470Z Post job cleanup.
2025-01-21T16:41:13.2359270Z Will use pre-installed micromamba at /Users/runner/micromamba-bin/micromamba
2025-01-21T16:41:13.2362280Z Removing micromamba run shell ...
2025-01-21T16:41:13.2365630Z ##[group]Deinitialize micromamba for bash
2025-01-21T16:41:13.2739750Z [command]/Users/runner/micromamba-bin/micromamba shell deinit -s bash -r /Users/runner/micromamba --log-level warning --rc-file /Users/runner/work/_temp/setup-micromamba/.condarc
2025-01-21T16:41:13.3860480Z Resetting RC file "/Users/runner/.bash_profile"
2025-01-21T16:41:13.3860920Z Deleting config for root prefix 
2025-01-21T16:41:13.3861140Z Clearing mamba executable environment variable
2025-01-21T16:41:13.3888150Z Removing the following in your "/Users/runner/.bash_profile" file
2025-01-21T16:41:13.3889800Z # >>> mamba initialize >>>
2025-01-21T16:41:13.3890380Z ...
2025-01-21T16:41:13.3890520Z # <<< mamba initialize <<<
2025-01-21T16:41:13.3957200Z Removing environment tardis from auto-activate bash ...
2025-01-21T16:41:13.4088900Z Post job cleanup.
2025-01-21T16:41:13.4151460Z Post job cleanup.
2025-01-21T16:41:13.5946260Z [command]/opt/homebrew/bin/git version
2025-01-21T16:41:13.6660160Z git version 2.48.0
2025-01-21T16:41:13.6720660Z Copying '/Users/runner/.gitconfig' to '/Users/runner/work/_temp/966a93d3-958b-4c01-a397-b1fd5418fde8/.gitconfig'
2025-01-21T16:41:13.6728690Z Temporarily overriding HOME='/Users/runner/work/_temp/966a93d3-958b-4c01-a397-b1fd5418fde8' before making global git config changes
2025-01-21T16:41:13.6730530Z Adding repository directory to the temporary git global config as a safe directory
2025-01-21T16:41:13.6732600Z [command]/opt/homebrew/bin/git config --global --add safe.directory /Users/runner/work/tardis/tardis/tardis-regression-data
2025-01-21T16:41:13.6885140Z [command]/opt/homebrew/bin/git config --local --name-only --get-regexp core\.sshCommand
2025-01-21T16:41:13.6955660Z [command]/opt/homebrew/bin/git submodule foreach --recursive sh -c "git config --local --name-only --get-regexp 'core\.sshCommand' && git config --local --unset-all 'core.sshCommand' || :"
2025-01-21T16:41:13.8161360Z [command]/opt/homebrew/bin/git config --local --name-only --get-regexp http\.https\:\/\/github\.com\/\.extraheader
2025-01-21T16:41:13.8209130Z http.https://github.com/.extraheader
2025-01-21T16:41:13.8218720Z [command]/opt/homebrew/bin/git config --local --unset-all http.https://github.com/.extraheader
2025-01-21T16:41:13.8286380Z [command]/opt/homebrew/bin/git submodule foreach --recursive sh -c "git config --local --name-only --get-regexp 'http\.https\:\/\/github\.com\/\.extraheader' && git config --local --unset-all 'http.https://github.com/.extraheader' || :"
2025-01-21T16:41:14.0587530Z Post job cleanup.
2025-01-21T16:41:14.2066840Z [command]/opt/homebrew/bin/git version
2025-01-21T16:41:14.2134530Z git version 2.48.0
2025-01-21T16:41:14.2158830Z Copying '/Users/runner/.gitconfig' to '/Users/runner/work/_temp/fe3c7fa1-3f5a-428b-ba34-e3c0e15fed68/.gitconfig'
2025-01-21T16:41:14.2168340Z Temporarily overriding HOME='/Users/runner/work/_temp/fe3c7fa1-3f5a-428b-ba34-e3c0e15fed68' before making global git config changes
2025-01-21T16:41:14.2169080Z Adding repository directory to the temporary git global config as a safe directory
2025-01-21T16:41:14.2173040Z [command]/opt/homebrew/bin/git config --global --add safe.directory /Users/runner/work/tardis/tardis
2025-01-21T16:41:14.2240640Z [command]/opt/homebrew/bin/git config --local --name-only --get-regexp core\.sshCommand
2025-01-21T16:41:14.2302150Z [command]/opt/homebrew/bin/git submodule foreach --recursive sh -c "git config --local --name-only --get-regexp 'core\.sshCommand' && git config --local --unset-all 'core.sshCommand' || :"
2025-01-21T16:41:14.3224140Z [command]/opt/homebrew/bin/git config --local --name-only --get-regexp http\.https\:\/\/github\.com\/\.extraheader
2025-01-21T16:41:14.3271730Z http.https://github.com/.extraheader
2025-01-21T16:41:14.3281080Z [command]/opt/homebrew/bin/git config --local --unset-all http.https://github.com/.extraheader
2025-01-21T16:41:14.3347100Z [command]/opt/homebrew/bin/git submodule foreach --recursive sh -c "git config --local --name-only --get-regexp 'http\.https\:\/\/github\.com\/\.extraheader' && git config --local --unset-all 'http.https://github.com/.extraheader' || :"
2025-01-21T16:41:14.4256040Z Cleaning up orphan processes
