2025-02-23T16:42:59.5991502Z ##[group]Run pytest tardis --tardis-regression-data=/home/runner/work/tardis/tardis/tardis-regression-data --cov=tardis --cov-report=xml --cov-report=html --cov-append -m "not continuum"
2025-02-23T16:42:59.5992783Z [36;1mpytest tardis --tardis-regression-data=/home/runner/work/tardis/tardis/tardis-regression-data --cov=tardis --cov-report=xml --cov-report=html --cov-append -m "not continuum"[0m
2025-02-23T16:42:59.6047576Z shell: /usr/bin/bash -l {0}
2025-02-23T16:42:59.6047812Z env:
2025-02-23T16:42:59.6047984Z   CACHE_NUMBER: 0
2025-02-23T16:42:59.6048776Z   PYTEST_FLAGS: --tardis-regression-data=/home/runner/work/tardis/tardis/tardis-regression-data --cov=tardis --cov-report=xml --cov-report=html --cov-append
2025-02-23T16:42:59.6049450Z   CODECOV_TOKEN: 
2025-02-23T16:42:59.6049674Z   MAMBA_ROOT_PREFIX: /home/runner/micromamba
2025-02-23T16:42:59.6049973Z   MAMBA_EXE: /home/runner/micromamba-bin/micromamba
2025-02-23T16:42:59.6050324Z   CONDARC: /home/runner/work/_temp/setup-micromamba/.condarc
2025-02-23T16:42:59.6050661Z ##[endgroup]
2025-02-23T16:43:09.3166229Z ============================= test session starts ==============================
2025-02-23T16:43:09.3167218Z platform linux -- Python 3.12.4, pytest-8.2.2, pluggy-1.5.0
2025-02-23T16:43:09.3168003Z rootdir: /home/runner/work/tardis/tardis
2025-02-23T16:43:09.3168878Z configfile: pyproject.toml
2025-02-23T16:43:09.3169618Z plugins: metadata-3.1.1, anyio-4.4.0, doctestplus-1.2.1, cov-5.0.0, html-4.1.1
2025-02-23T16:43:09.3170465Z collected 1799 items / 2 deselected / 1797 selected
2025-02-23T16:43:09.3170907Z 
2025-02-23T16:43:14.2049824Z tardis/energy_input/tests/test_energy_source.py ..xxx                    [  0%]
2025-02-23T16:43:17.2357468Z tardis/energy_input/tests/test_gamma_ray_channel.py ...........          [  0%]
2025-02-23T16:43:18.9867110Z tardis/energy_input/tests/test_gamma_ray_grid.py xx.                     [  1%]
2025-02-23T16:43:20.7252477Z tardis/energy_input/tests/test_gamma_ray_interactions.py xx....          [  1%]
2025-02-23T16:43:20.7346222Z tardis/energy_input/tests/test_gamma_ray_packet_source.py sssssssss      [  1%]
2025-02-23T16:43:22.0128815Z tardis/energy_input/tests/test_util.py .....xxxx.....                    [  2%]
2025-02-23T16:43:22.3571383Z tardis/grid/tests/test_grid.py .                                         [  2%]
2025-02-23T16:43:22.3587201Z tardis/gui/tests/test_gui.py s                                           [  2%]
2025-02-23T16:43:25.8513194Z tardis/io/configuration/tests/test_config_reader.py ...........          [  3%]
2025-02-23T16:43:25.8642750Z tardis/io/configuration/tests/test_configuration_namespace.py .........  [  3%]
2025-02-23T16:43:25.8920865Z tardis/io/logger/tests/test_logging.py ssssssssssssssssssssssssssss      [  5%]
2025-02-23T16:44:02.7705827Z tardis/io/model/readers/tests/test_arepo_parser.py ..                    [  5%]
2025-02-23T16:44:02.8166011Z tardis/io/model/readers/tests/test_artis_readers.py F...                 [  5%]
2025-02-23T16:44:02.8302798Z tardis/io/model/readers/tests/test_ascii_readers.py ...                  [  5%]
2025-02-23T16:44:02.8406709Z tardis/io/model/readers/tests/test_cmfgen_reader.py ..                   [  6%]
2025-02-23T16:44:02.8701200Z tardis/io/model/readers/tests/test_csvy_reader.py ....                   [  6%]
2025-02-23T16:44:02.8893840Z tardis/io/model/readers/tests/test_stella_reader.py ..                   [  6%]
2025-02-23T16:44:03.1896613Z tardis/io/tests/test_HDFWriter.py ...............                        [  7%]
2025-02-23T16:44:03.4960204Z tardis/io/tests/test_atomic.py .....                                     [  7%]
2025-02-23T16:44:03.5342710Z tardis/io/tests/test_decay.py ..                                         [  7%]
2025-02-23T16:44:03.7250558Z tardis/io/tests/test_model_reader.py .....                               [  7%]
2025-02-23T16:44:03.7317893Z tardis/model/geometry/tests/test_radial1d.py ..                          [  8%]
2025-02-23T16:45:00.8671369Z tardis/model/tests/test_base.py ........................................ [ 10%]
2025-02-23T16:45:01.8712404Z ............                                                             [ 10%]
2025-02-23T16:45:04.9424737Z tardis/model/tests/test_csvy_model.py .........                          [ 11%]
2025-02-23T16:45:04.9902321Z tardis/model/tests/test_density.py ..                                    [ 11%]
2025-02-23T16:45:06.2941067Z tardis/opacities/tests/test_opacity_solver.py .....                      [ 11%]
2025-02-23T16:45:07.6293053Z tardis/opacities/tests/test_opacity_state_numba.py .....                 [ 12%]
2025-02-23T16:45:09.5224171Z tardis/opacities/tests/test_tau_sobolev.py ..                            [ 12%]
2025-02-23T16:45:12.2259192Z tardis/plasma/equilibrium/tests/test_collisional_transitions.py ...      [ 12%]
2025-02-23T16:45:58.3813234Z tardis/plasma/equilibrium/tests/test_level_populations.py ....           [ 12%]
2025-02-23T16:46:09.6712721Z tardis/plasma/equilibrium/tests/test_rate_matrix.py .                    [ 12%]
2025-02-23T16:46:11.0877961Z tardis/plasma/tests/test_complete_plasmas.py ..............s......s..... [ 14%]
2025-02-23T16:46:13.9515673Z s....ssssss............s......s.....ss.....s....ssssss............s..... [ 18%]
2025-02-23T16:46:15.6003720Z .s.....ss.....s....ssssss............s......s.....ss.....s....ssssss.... [ 22%]
2025-02-23T16:46:18.7409161Z ........s......s.....ss.....s....ssssss............s......s.....ss.....s [ 26%]
2025-02-23T16:46:21.5990584Z ....ssssss............s......s.....ss.....s....ssssss............s...... [ 30%]
2025-02-23T16:46:22.2979387Z s.....ss.....s....ssssss............s......s.....ss.....s.ss.ssssss..... [ 34%]
2025-02-23T16:46:25.1848468Z .......s......s.....ss.....s....ssssss............s......s.....ss.....s. [ 38%]
2025-02-23T16:46:28.0779698Z ...ssssss............s......s.....ss.....s....ssssss............s......s [ 42%]
2025-02-23T16:46:31.3868079Z .....ss.....s....ssssss............s......s.....s...........ssssss...... [ 46%]
2025-02-23T16:46:33.1579873Z ......s......s.....s...........ssssss............s......s.....s......... [ 50%]
2025-02-23T16:46:36.0120526Z ..ssssss............s......s.....ss.....s....ssssss............s......s. [ 54%]
2025-02-23T16:46:39.1193958Z ....ss.....s....ssssss...................s......s.....s....ssss......... [ 58%]
2025-02-23T16:46:39.4076059Z ............s......s.....s....ssss.......                                [ 60%]
2025-02-23T16:46:39.5206526Z tardis/plasma/tests/test_hdf_plasma.py ................................. [ 62%]
2025-02-23T16:46:39.5325129Z ......                                                                   [ 62%]
2025-02-23T16:46:39.6688082Z tardis/plasma/tests/test_nlte_excitation.py ...                          [ 62%]
2025-02-23T16:48:56.5351945Z tardis/plasma/tests/test_nlte_solver.py .....X                           [ 63%]
2025-02-23T16:48:56.5377423Z tardis/plasma/tests/test_plasma_continuum.py .                           [ 63%]
2025-02-23T16:49:19.4093618Z tardis/plasma/tests/test_plasma_vboundary.py .............               [ 63%]
2025-02-23T16:49:33.1763764Z tardis/plasma/tests/test_tardis_model_density_config.py ...              [ 64%]
2025-02-23T16:49:33.9341649Z tardis/simulation/tests/test_convergence.py .....                        [ 64%]
2025-02-23T16:49:42.4202800Z tardis/simulation/tests/test_simulation.py .............                 [ 65%]
2025-02-23T16:49:42.4399831Z tardis/spectrum/tests/test_cuda_formal_integral.py sssssssssssssssssssss [ 66%]
2025-02-23T16:49:42.9125454Z ssss...ssssssssssssssssssssss                                            [ 67%]
2025-02-23T16:49:42.9198635Z tardis/spectrum/tests/test_luminosity.py ....                            [ 68%]
2025-02-23T16:49:44.5121784Z tardis/spectrum/tests/test_numba_formal_integral.py .................... [ 69%]
2025-02-23T16:49:44.5315059Z ..........                                                               [ 69%]
2025-02-23T16:49:44.7052114Z tardis/spectrum/tests/test_spectrum.py ................................. [ 71%]
2025-02-23T16:49:44.7380990Z .........                                                                [ 72%]
2025-02-23T16:50:03.9029420Z tardis/spectrum/tests/test_spectrum_solver.py ....                       [ 72%]
2025-02-23T16:51:05.9151987Z tardis/tests/test_tardis_full.py ....                                    [ 72%]
2025-02-23T16:52:30.2221372Z tardis/tests/test_tardis_full_formal_integral.py ................        [ 73%]
2025-02-23T16:52:30.2985246Z tardis/tests/test_util.py .............................................  [ 75%]
2025-02-23T16:52:32.9556272Z tardis/transport/montecarlo/tests/test_base.py x.....................    [ 77%]
2025-02-23T16:52:40.0815036Z tardis/transport/montecarlo/tests/test_interaction.py .......            [ 77%]
2025-02-23T16:52:40.7822666Z tardis/transport/montecarlo/tests/test_macro_atom.py ....                [ 77%]
2025-02-23T16:52:40.7995897Z tardis/transport/montecarlo/tests/test_montecarlo.py sssssssssssssssssss [ 78%]
2025-02-23T16:52:40.8407462Z sssssssssssssssssssssssssssssssssssssssssssss                            [ 81%]
2025-02-23T16:52:49.6859610Z tardis/transport/montecarlo/tests/test_montecarlo_main_loop.py x..       [ 81%]
2025-02-23T16:52:49.6927254Z tardis/transport/montecarlo/tests/test_nonhomologous.py ...              [ 81%]
2025-02-23T16:52:55.4562919Z tardis/transport/montecarlo/tests/test_numba_interface.py .....x.        [ 82%]
2025-02-23T16:52:55.9583942Z tardis/transport/montecarlo/tests/test_opacities.py ...............      [ 82%]
2025-02-23T16:52:56.9796649Z tardis/transport/montecarlo/tests/test_packet.py .................xXXXXX [ 84%]
2025-02-23T16:52:57.1182556Z XX.........                                                              [ 84%]
2025-02-23T16:52:57.1466400Z tardis/transport/montecarlo/tests/test_packet_source.py ........         [ 85%]
2025-02-23T16:52:57.4558529Z tardis/transport/montecarlo/tests/test_rpacket_last_interaction_tracker.py . [ 85%]
2025-02-23T16:52:57.8703230Z .....                                                                    [ 85%]
2025-02-23T16:53:32.6369708Z tardis/transport/montecarlo/tests/test_rpacket_tracker.py ......         [ 85%]
2025-02-23T16:53:32.6656819Z tardis/transport/montecarlo/tests/test_single_packet_loop.py xxx         [ 86%]
2025-02-23T16:53:32.6689487Z tardis/transport/montecarlo/tests/test_tracker_utils.py ..               [ 86%]
2025-02-23T16:53:35.1086538Z tardis/transport/montecarlo/tests/test_vpacket.py ..x.                   [ 86%]
2025-02-23T16:53:35.1261318Z tardis/transport/montecarlo/tests/test_weighted_packet_source.py ....    [ 86%]
2025-02-23T16:53:38.9490892Z tardis/transport/montecarlo/tests/test_weighted_packet_source_integration.py . [ 86%]
2025-02-23T16:53:38.9492674Z                                                                          [ 86%]
2025-02-23T16:53:39.6979383Z tardis/transport/tests/test_doppler_factor.py ..................         [ 87%]
2025-02-23T16:53:41.0445045Z tardis/visualization/tools/tests/test_convergence_plot.py .............. [ 88%]
2025-02-23T16:53:43.2674592Z ......                                                                   [ 88%]
2025-02-23T16:53:48.0742591Z tardis/visualization/tools/tests/test_liv_plot.py ...................... [ 90%]
2025-02-23T16:53:50.7392389Z .............................                                            [ 91%]
2025-02-23T16:53:53.6131669Z tardis/visualization/tools/tests/test_rpacket_plot.py .................. [ 92%]
2025-02-23T16:54:00.6666900Z ....                                                                     [ 92%]
2025-02-23T16:54:07.1727845Z tardis/visualization/tools/tests/test_sdec_plot.py ..................... [ 94%]
2025-02-23T16:54:14.7519662Z ..............................                                           [ 95%]
2025-02-23T16:54:15.1880323Z tardis/visualization/widgets/tests/test_custom_abundance.py ........ss.. [ 96%]
2025-02-23T16:54:15.2599876Z ....                                                                     [ 96%]
2025-02-23T16:54:16.3210867Z tardis/visualization/widgets/tests/test_line_info.py ................... [ 97%]
2025-02-23T16:54:16.9526006Z ..................                                                       [ 98%]
2025-02-23T16:55:20.3085386Z tardis/visualization/widgets/tests/test_shell_info.py .................. [ 99%]
2025-02-23T16:55:20.8536430Z <unknown>:144: SyntaxWarning:
2025-02-23T16:55:20.8536814Z 
2025-02-23T16:55:20.8536999Z invalid escape sequence '\s'
2025-02-23T16:55:20.8537285Z 
2025-02-23T16:55:20.8560491Z /home/runner/work/tardis/tardis/tardis/io/model/readers/artis.py:144: SyntaxWarning:
2025-02-23T16:55:20.8561175Z 
2025-02-23T16:55:20.8561354Z invalid escape sequence '\s'
2025-02-23T16:55:20.8561638Z 
2025-02-23T16:55:20.8908136Z /home/runner/work/tardis/tardis/tardis/io/model/readers/tests/test_artis_readers.py:59: SyntaxWarning:
2025-02-23T16:55:20.8909033Z 
2025-02-23T16:55:20.8909225Z assertion is always true, perhaps remove parentheses?
2025-02-23T16:55:20.8909511Z 
2025-02-23T16:55:22.5657553Z <unknown>:144: SyntaxWarning:
2025-02-23T16:55:22.5657945Z 
2025-02-23T16:55:22.5658118Z invalid escape sequence '\s'
2025-02-23T16:55:22.5658616Z 
2025-02-23T16:55:24.1326197Z <unknown>:144: SyntaxWarning:
2025-02-23T16:55:24.1326615Z 
2025-02-23T16:55:24.1326785Z invalid escape sequence '\s'
2025-02-23T16:55:24.1327065Z 
2025-02-23T16:55:25.1514424Z <unknown>:144: SyntaxWarning:
2025-02-23T16:55:25.1514750Z 
2025-02-23T16:55:25.1514874Z invalid escape sequence '\s'
2025-02-23T16:55:25.1515082Z 
2025-02-23T16:55:25.1529243Z /home/runner/work/tardis/tardis/tardis/io/model/readers/artis.py:144: SyntaxWarning:
2025-02-23T16:55:25.1529737Z 
2025-02-23T16:55:25.1529843Z invalid escape sequence '\s'
2025-02-23T16:55:25.1530010Z 
2025-02-23T16:55:25.1837000Z /home/runner/work/tardis/tardis/tardis/io/model/readers/tests/test_artis_readers.py:59: SyntaxWarning:
2025-02-23T16:55:25.1837684Z 
2025-02-23T16:55:25.1837893Z assertion is always true, perhaps remove parentheses?
2025-02-23T16:55:25.1838436Z 
2025-02-23T16:55:26.6352571Z ......                                                                   [100%]
2025-02-23T16:55:26.6353124Z 
2025-02-23T16:55:26.6353325Z =================================== FAILURES ===================================
2025-02-23T16:55:26.6353988Z __________________________ test_artis_density_reader ___________________________
2025-02-23T16:55:26.6354420Z 
2025-02-23T16:55:26.6354828Z artis_density_fname = PosixPath('tardis/io/model/readers/tests/data/artis_model.dat')
2025-02-23T16:55:26.6355385Z 
2025-02-23T16:55:26.6355624Z     def test_artis_density_reader(artis_density_fname: str):
2025-02-23T16:55:26.6356155Z         # Using a test ARTIS density file.
2025-02-23T16:55:26.6356602Z         # File: tardis_artis_density_test.dat
2025-02-23T16:55:26.6357215Z         time_model, velocity, mean_density = read_artis_density(artis_density_fname)
2025-02-23T16:55:26.6357876Z         # Check that time is recognized as time
2025-02-23T16:55:26.6358731Z         assert time_model.unit.physical_type == "time"
2025-02-23T16:55:26.6359256Z         # Check velocity unit is cm/s
2025-02-23T16:55:26.6359737Z         assert velocity.unit == u.Unit("cm/s")
2025-02-23T16:55:26.6360191Z         # Dummy check for mean_density value
2025-02-23T16:55:26.6360741Z >       npt.assert_allclose(mean_density.value[0], 10**-5.449497e-05)
2025-02-23T16:55:26.6361155Z 
2025-02-23T16:55:26.6361405Z tardis/io/model/readers/tests/test_artis_readers.py:27: 
2025-02-23T16:55:26.6361970Z _ _ _ _ _ _ _ _ _ _ _ _ _ _ _ _ _ _ _ _ _ _ _ _ _ _ _ _ _ _ _ _ _ _ _ _ _ _ _ _ 
2025-02-23T16:55:26.6362345Z 
2025-02-23T16:55:26.6362829Z args = (<function assert_allclose.<locals>.compare at 0x7f38697a6de0>, array(1.0006941), array(0.99987453))
2025-02-23T16:55:26.6363873Z kwds = {'equal_nan': True, 'err_msg': '', 'header': 'Not equal to tolerance rtol=1e-07, atol=0', 'verbose': True}
2025-02-23T16:55:26.6364820Z 
2025-02-23T16:55:26.6364981Z     @wraps(func)
2025-02-23T16:55:26.6365339Z     def inner(*args, **kwds):
2025-02-23T16:55:26.6365737Z         with self._recreate_cm():
2025-02-23T16:55:26.6366150Z >           return func(*args, **kwds)
2025-02-23T16:55:26.6366837Z E           AssertionError: 
2025-02-23T16:55:26.6367284Z E           Not equal to tolerance rtol=1e-07, atol=0
2025-02-23T16:55:26.6367772Z E           
2025-02-23T16:55:26.6368138Z E           Mismatched elements: 1 / 1 (100%)
2025-02-23T16:55:26.6368849Z E           Max absolute difference: 0.00081957
2025-02-23T16:55:26.6369352Z E           Max relative difference: 0.00081967
2025-02-23T16:55:26.6369781Z E            x: array(1.000694)
2025-02-23T16:55:26.6370133Z E            y: array(0.999875)
2025-02-23T16:55:26.6370357Z 
2025-02-23T16:55:26.6370666Z ../../../micromamba/envs/tardis/lib/python3.12/contextlib.py:81: AssertionError
2025-02-23T16:55:26.6371284Z =============================== warnings summary ===============================
2025-02-23T16:55:26.6371802Z tardis/io/configuration/config_validator.py:6
2025-02-23T16:55:26.6372257Z tardis/io/configuration/config_validator.py:6
2025-02-23T16:55:26.6373108Z   /home/runner/work/tardis/tardis/tardis/io/configuration/config_validator.py:6: DeprecationWarning:
2025-02-23T16:55:26.6373901Z   
2025-02-23T16:55:26.6375970Z   jsonschema.RefResolver is deprecated as of v4.18.0, in favor of the https://github.com/python-jsonschema/referencing library, which provides more compliant referencing behavior as well as more flexible APIs for customization. A future release will remove RefResolver. Please file a feature request (on referencing) if you are missing an API for the kind of customization you need.
2025-02-23T16:55:26.6378006Z 
2025-02-23T16:55:26.6378625Z ../../../micromamba/envs/tardis/lib/python3.12/site-packages/jupyter_client/connect.py:22
2025-02-23T16:55:26.6379836Z   /home/runner/micromamba/envs/tardis/lib/python3.12/site-packages/jupyter_client/connect.py:22: DeprecationWarning:
2025-02-23T16:55:26.6380708Z   
2025-02-23T16:55:26.6381104Z   Jupyter is migrating its paths to use standard platformdirs
2025-02-23T16:55:26.6381743Z   given by the platformdirs library.  To remove this warning and
2025-02-23T16:55:26.6382410Z   see the appropriate new directories, set the environment variable
2025-02-23T16:55:26.6383065Z   `JUPYTER_PLATFORM_DIRS=1` and then run `jupyter --paths`.
2025-02-23T16:55:26.6383709Z   The use of platformdirs will be the default in `jupyter_core` v6
2025-02-23T16:55:26.6384130Z 
2025-02-23T16:55:26.6384277Z tardis/io/model/readers/artis.py:144
2025-02-23T16:55:26.6384956Z   /home/runner/work/tardis/tardis/tardis/io/model/readers/artis.py:144: SyntaxWarning:
2025-02-23T16:55:26.6385652Z   
2025-02-23T16:55:26.6385930Z   invalid escape sequence '\s'
2025-02-23T16:55:26.6386184Z 
2025-02-23T16:55:26.6390754Z tardis/io/tests/test_HDFWriter.py::test_multi_index_write
2025-02-23T16:55:26.6391593Z tardis/visualization/widgets/tests/test_shell_info.py::TestHDFShellInfo::test_shells_data
2025-02-23T16:55:26.6392503Z   /home/runner/work/tardis/tardis/tardis/io/util.py:276: PerformanceWarning:
2025-02-23T16:55:26.6393077Z   
2025-02-23T16:55:26.6393307Z   
2025-02-23T16:55:26.6393752Z   your performance may suffer as PyTables will pickle object types that it cannot
2025-02-23T16:55:26.6394619Z   map directly to c-types [inferred_type->mixed,key->block0_values] [items->Index([0], dtype='int64')]
2025-02-23T16:55:26.6395169Z 
2025-02-23T16:55:26.6395486Z tardis/io/tests/test_model_reader.py::test_read_cmfgen_isotope_abundances
2025-02-23T16:55:26.6396264Z tardis/plasma/tests/test_tardis_model_density_config.py::test_electron_densities
2025-02-23T16:55:26.6397104Z tardis/plasma/tests/test_tardis_model_density_config.py::test_isotope_number_densities
2025-02-23T16:55:26.6397874Z tardis/plasma/tests/test_tardis_model_density_config.py::test_t_rad
2025-02-23T16:55:26.6398966Z   /home/runner/work/tardis/tardis/tardis/io/model/readers/cmfgen_deprecated.py:82: DeprecationWarning:
2025-02-23T16:55:26.6399931Z   
2025-02-23T16:55:26.6400222Z   The current CMFGEN model parser is deprecated
2025-02-23T16:55:26.6400515Z 
2025-02-23T16:55:26.6400684Z tardis/io/tests/test_model_reader.py: 1 warning
2025-02-23T16:55:26.6401414Z tardis/plasma/tests/test_tardis_model_density_config.py: 9 warnings
2025-02-23T16:55:26.6402296Z   /home/runner/work/tardis/tardis/tardis/io/model/readers/cmfgen_deprecated.py:40: DeprecationWarning:
2025-02-23T16:55:26.6402998Z   
2025-02-23T16:55:26.6403278Z   The current CMFGEN model parser is deprecated
2025-02-23T16:55:26.6403568Z 
2025-02-23T16:55:26.6403885Z tardis/model/tests/test_base.py::TestModelFromPaper1Config::test_abundances
2025-02-23T16:55:26.6404910Z   /home/runner/work/tardis/tardis/tardis/transport/montecarlo/montecarlo_main_loop.py:123: NumbaTypeSafetyWarning:
2025-02-23T16:55:26.6405759Z   
2025-02-23T16:55:26.6406453Z   [1m[1m[1munsafe cast from uint64 to int64. Precision may be lost.[0m[0m[0m
2025-02-23T16:55:26.6406886Z 
2025-02-23T16:55:26.6407033Z tardis/model/tests/test_base.py: 6 warnings
2025-02-23T16:55:26.6407503Z tardis/model/tests/test_csvy_model.py: 2 warnings
2025-02-23T16:55:26.6408095Z tardis/plasma/tests/test_tardis_model_density_config.py: 3 warnings
2025-02-23T16:55:26.6409117Z   /home/runner/work/tardis/tardis/tardis/model/geometry/radial1d.py:50: DeprecationWarning:
2025-02-23T16:55:26.6409809Z   
2025-02-23T16:55:26.6410089Z   v_inner_boundary < 0, assuming default value
2025-02-23T16:55:26.6410383Z 
2025-02-23T16:55:26.6410540Z tardis/model/tests/test_base.py: 6 warnings
2025-02-23T16:55:26.6410980Z tardis/model/tests/test_csvy_model.py: 2 warnings
2025-02-23T16:55:26.6411543Z tardis/plasma/tests/test_tardis_model_density_config.py: 3 warnings
2025-02-23T16:55:26.6412362Z   /home/runner/work/tardis/tardis/tardis/model/geometry/radial1d.py:61: DeprecationWarning:
2025-02-23T16:55:26.6413007Z   
2025-02-23T16:55:26.6413288Z   v_outer_boundary < 0, assuming default value
2025-02-23T16:55:26.6413573Z 
2025-02-23T16:55:26.6414312Z tardis/plasma/equilibrium/tests/test_level_populations.py::TestLevelPopulationSolver::test_solve[collisional_rate_solver0-radiative_transitions0]
2025-02-23T16:55:26.6415661Z   /home/runner/work/tardis/tardis/tardis/plasma/equilibrium/level_populations.py:65: FutureWarning:
2025-02-23T16:55:26.6416418Z   
2025-02-23T16:55:26.6416991Z   A value is trying to be set on a copy of a DataFrame or Series through chained assignment using an inplace method.
2025-02-23T16:55:26.6418467Z   The behavior will change in pandas 3.0. This inplace method will never work because the intermediate object on which we are setting values always behaves as a copy.
2025-02-23T16:55:26.6419455Z   
2025-02-23T16:55:26.6420441Z   For example, when doing 'df[col].method(value, inplace=True)', try using 'df.method({col: value}, inplace=True)' or df[col] = df[col].method(value) instead, to perform the operation inplace on the original object.
2025-02-23T16:55:26.6421415Z 
2025-02-23T16:55:26.6421760Z tardis/plasma/tests/test_plasma_vboundary.py::test_plasma_vboundary[2900-3750]
2025-02-23T16:55:26.6422584Z tardis/plasma/tests/test_plasma_vboundary.py::test_plasma_vboundary[2900-3850]
2025-02-23T16:55:26.6423384Z tardis/plasma/tests/test_plasma_vboundary.py::test_plasma_vboundary[2900-3900]
2025-02-23T16:55:26.6424240Z   /home/runner/work/tardis/tardis/tardis/model/geometry/radial1d.py:71: UserWarning:
2025-02-23T16:55:26.6424862Z   
2025-02-23T16:55:26.6425297Z   Requesting inner boundary below inner shell. Extrapolating the inner cell
2025-02-23T16:55:26.6425725Z 
2025-02-23T16:55:26.6426065Z tardis/spectrum/tests/test_spectrum_solver.py::TestSpectrumSolver::test_solve
2025-02-23T16:55:26.6426853Z   /home/runner/work/tardis/tardis/tardis/spectrum/base.py:70: UserWarning:
2025-02-23T16:55:26.6427403Z   
2025-02-23T16:55:26.6428036Z   SpectrumSolver.spectrum_virtual_packets is zero. Please run the montecarlo simulation with no_of_virtual_packets > 0
2025-02-23T16:55:26.6428827Z 
2025-02-23T16:55:26.6429336Z tardis/spectrum/tests/test_spectrum_solver.py::TestSpectrumSolver::test_solve
2025-02-23T16:55:26.6430118Z   /home/runner/work/tardis/tardis/tardis/spectrum/base.py:111: UserWarning:
2025-02-23T16:55:26.6430681Z   
2025-02-23T16:55:26.6431365Z   SpectrumSolver.integrator: The FormalIntegrator is not yet available.Please run the montecarlo simulation at least once.
2025-02-23T16:55:26.6432221Z 
2025-02-23T16:55:26.6432551Z tardis/transport/montecarlo/tests/test_vpacket.py::test_trace_vpacket_volley
2025-02-23T16:55:26.6433183Z   <string>:3: NumbaPendingDeprecationWarning:
2025-02-23T16:55:26.6433560Z   
2025-02-23T16:55:26.6435303Z   [1m[1mCode using Numba extension API maybe depending on 'old_style' error-capturing, which is deprecated and will be replaced by 'new_style' in a future release. See details at https://numba.readthedocs.io/en/latest/reference/deprecation.html#deprecation-of-old-style-numba-captured-errors
2025-02-23T16:55:26.6436979Z   Exception origin:
2025-02-23T16:55:26.6437562Z     File "/home/runner/micromamba/envs/tardis/lib/python3.12/inspect.py", line 3180, in _bind
2025-02-23T16:55:26.6438375Z       raise TypeError(msg) from None
2025-02-23T16:55:26.6438775Z   [0m[0m
2025-02-23T16:55:26.6438924Z 
2025-02-23T16:55:26.6439448Z tardis/visualization/tools/tests/test_sdec_plot.py::TestSDECPlotter::test_mpl_image[plotter_generate_plot_mpl4]
2025-02-23T16:55:26.6440569Z   /home/runner/work/tardis/tardis/tardis/visualization/tools/sdec_plot.py:1225: RuntimeWarning:
2025-02-23T16:55:26.6441258Z   
2025-02-23T16:55:26.6442734Z   More than 20 figures have been opened. Figures created through the pyplot interface (`matplotlib.pyplot.figure`) are retained until explicitly closed and may consume too much memory. (To control this warning, see the rcParam `figure.max_open_warning`). Consider using `matplotlib.pyplot.close()`.
2025-02-23T16:55:26.6444263Z 
2025-02-23T16:55:26.6444891Z tardis/visualization/widgets/tests/test_custom_abundance.py::TestCustomAbundanceWidget::test_update_input_item_value
2025-02-23T16:55:26.6446187Z tardis/visualization/widgets/tests/test_custom_abundance.py::TestCustomAbundanceWidget::test_update_input_item_value
2025-02-23T16:55:26.6447453Z tardis/visualization/widgets/tests/test_custom_abundance.py::TestCustomAbundanceWidget::test_update_input_item_value
2025-02-23T16:55:26.6448947Z tardis/visualization/widgets/tests/test_custom_abundance.py::TestCustomAbundanceWidget::test_update_input_item_value
2025-02-23T16:55:26.6450216Z tardis/visualization/widgets/tests/test_custom_abundance.py::TestCustomAbundanceWidget::test_update_input_item_value
2025-02-23T16:55:26.6451485Z tardis/visualization/widgets/tests/test_custom_abundance.py::TestCustomAbundanceWidget::test_update_input_item_value
2025-02-23T16:55:26.6452746Z   /home/runner/micromamba/envs/tardis/lib/python3.12/site-packages/traitlets/traitlets.py:1385: DeprecationWarning:
2025-02-23T16:55:26.6453539Z   
2025-02-23T16:55:26.6453981Z   Passing unrecognized arguments to super(Checkbox).__init__(icon='lock').
2025-02-23T16:55:26.6454702Z   object.__init__() takes exactly one argument (the instance to initialize)
2025-02-23T16:55:26.6455473Z   This is deprecated in traitlets 4.2.This error will be raised in a future release of traitlets.
2025-02-23T16:55:26.6455998Z 
2025-02-23T16:55:26.6456571Z tardis/visualization/widgets/tests/test_custom_abundance.py::TestCustomAbundanceWidget::test_update_input_item_value
2025-02-23T16:55:26.6457780Z tardis/visualization/widgets/tests/test_custom_abundance.py::TestCustomAbundanceWidget::test_update_input_item_value
2025-02-23T16:55:26.6459144Z   /home/runner/micromamba/envs/tardis/lib/python3.12/site-packages/traitlets/traitlets.py:1385: DeprecationWarning:
2025-02-23T16:55:26.6459943Z   
2025-02-23T16:55:26.6460341Z   Passing unrecognized arguments to super(FloatText).__init__(min=0).
2025-02-23T16:55:26.6461007Z   object.__init__() takes exactly one argument (the instance to initialize)
2025-02-23T16:55:26.6461772Z   This is deprecated in traitlets 4.2.This error will be raised in a future release of traitlets.
2025-02-23T16:55:26.6462471Z 
2025-02-23T16:55:26.6463041Z tardis/visualization/widgets/tests/test_custom_abundance.py::TestCustomAbundanceWidget::test_update_input_item_value
2025-02-23T16:55:26.6464335Z   /home/runner/micromamba/envs/tardis/lib/python3.12/site-packages/traitlets/traitlets.py:1385: DeprecationWarning:
2025-02-23T16:55:26.6465345Z   
2025-02-23T16:55:26.6465744Z   Passing unrecognized arguments to super(HTML).__init__(indent=True).
2025-02-23T16:55:26.6466423Z   object.__init__() takes exactly one argument (the instance to initialize)
2025-02-23T16:55:26.6467205Z   This is deprecated in traitlets 4.2.This error will be raised in a future release of traitlets.
2025-02-23T16:55:26.6467730Z 
2025-02-23T16:55:26.6468665Z tardis/visualization/widgets/tests/test_line_info.py::TestLineInfoWidgetData::test_get_species_interactions[wavelength_range0-packet_out_nu]
2025-02-23T16:55:26.6470058Z   /home/runner/micromamba/envs/tardis/lib/python3.12/site-packages/qgridnext/grid.py:814: DeprecationWarning:
2025-02-23T16:55:26.6470849Z   
2025-02-23T16:55:26.6471346Z   QgridWidget._df_changed is deprecated in traitlets 4.1: use @observe and @unobserve instead.
2025-02-23T16:55:26.6471895Z 
2025-02-23T16:55:26.6472332Z tardis/visualization/widgets/tests/test_shell_info.py::TestHDFShellInfo::test_shells_data
2025-02-23T16:55:26.6473348Z   /home/runner/work/tardis/tardis/tardis/io/util.py:289: PerformanceWarning:
2025-02-23T16:55:26.6473970Z   
2025-02-23T16:55:26.6474198Z   
2025-02-23T16:55:26.6474645Z   your performance may suffer as PyTables will pickle object types that it cannot
2025-02-23T16:55:26.6475484Z   map directly to c-types [inferred_type->mixed,key->block0_values] [items->Index([0], dtype='int64')]
2025-02-23T16:55:26.6476034Z 
2025-02-23T16:55:26.6476436Z tardis/visualization/widgets/tests/test_shell_info.py::TestHDFShellInfo::test_shells_data
2025-02-23T16:55:26.6477315Z   /home/runner/work/tardis/tardis/tardis/io/util.py:292: PerformanceWarning:
2025-02-23T16:55:26.6477917Z   
2025-02-23T16:55:26.6478140Z   
2025-02-23T16:55:26.6478712Z   your performance may suffer as PyTables will pickle object types that it cannot
2025-02-23T16:55:26.6479413Z   map directly to c-types [inferred_type->mixed,key->values] [items->None]
2025-02-23T16:55:26.6479878Z 
2025-02-23T16:55:26.6480284Z tardis/visualization/widgets/tests/test_shell_info.py::TestHDFShellInfo::test_shells_data
2025-02-23T16:55:26.6481192Z   /home/runner/work/tardis/tardis/tardis/spectrum/formal_integral.py:398: UserWarning:
2025-02-23T16:55:26.6481811Z   
2025-02-23T16:55:26.6482218Z   The number of interpolate_shells was not specified. The value was set to 80.
2025-02-23T16:55:26.6482656Z 
2025-02-23T16:55:26.6482926Z -- Docs: https://docs.pytest.org/en/stable/how-to/capture-warnings.html
2025-02-23T16:55:26.6483342Z 
2025-02-23T16:55:26.6483590Z ---------- coverage: platform linux, python 3.12.4-final-0 -----------
2025-02-23T16:55:26.6484153Z Coverage HTML written to dir coverage_html_report
2025-02-23T16:55:26.6484614Z Coverage XML written to file coverage.xml
2025-02-23T16:55:26.6484885Z 
2025-02-23T16:55:26.6485065Z =========================== short test summary info ============================
2025-02-23T16:55:26.6485852Z FAILED tardis/io/model/readers/tests/test_artis_readers.py::test_artis_density_reader - AssertionError: 
2025-02-23T16:55:26.6486592Z Not equal to tolerance rtol=1e-07, atol=0
2025-02-23T16:55:26.6486851Z 
2025-02-23T16:55:26.6486980Z Mismatched elements: 1 / 1 (100%)
2025-02-23T16:55:26.6487328Z Max absolute difference: 0.00081957
2025-02-23T16:55:26.6487688Z Max relative difference: 0.00081967
2025-02-23T16:55:26.6488023Z  x: array(1.000694)
2025-02-23T16:55:26.6488452Z  y: array(0.999875)
2025-02-23T16:55:26.6488998Z = 1 failed, 1412 passed, 357 skipped, 2 deselected, 19 xfailed, 8 xpassed, 64 warnings in 738.96s (0:12:18) =
2025-02-23T16:55:28.7833231Z ##[error]Process completed with exit code 1.
