2025-01-14T13:07:26.5607091Z Requested labels: macos-latest
2025-01-14T13:07:26.5607272Z Job defined at: tardis-sn/tardis/.github/workflows/tests.yml@refs/pull/2932/merge
2025-01-14T13:07:26.5607382Z Waiting for a runner to pick up this job...
2025-01-14T13:07:26.7404959Z Job is waiting for a hosted runner to come online.
2025-01-14T13:07:29.8333651Z Job is about to start running on the hosted runner: GitHub Actions 19 (hosted)
2025-01-14T13:07:31.3317000Z Current runner version: '2.321.0'
2025-01-14T13:07:31.3335110Z ##[group]Operating System
2025-01-14T13:07:31.3335690Z macOS
2025-01-14T13:07:31.3336070Z 14.7.2
2025-01-14T13:07:31.3336440Z 23H311
2025-01-14T13:07:31.3336820Z ##[endgroup]
2025-01-14T13:07:31.3337210Z ##[group]Runner Image
2025-01-14T13:07:31.3337630Z Image: macos-14-arm64
2025-01-14T13:07:31.3338020Z Version: 20250106.725
2025-01-14T13:07:31.3338780Z Included Software: https://github.com/actions/runner-images/blob/macos-14-arm64/20250106.725/images/macos/macos-14-arm64-Readme.md
2025-01-14T13:07:31.3339790Z Image Release: https://github.com/actions/runner-images/releases/tag/macos-14-arm64%2F20250106.725
2025-01-14T13:07:31.3340440Z ##[endgroup]
2025-01-14T13:07:31.3340830Z ##[group]Runner Image Provisioner
2025-01-14T13:07:31.3341310Z 2.0.404.1+573eac7f0cc07d6bb82d8b9bf5e1ffa69a554644
2025-01-14T13:07:31.3341780Z ##[endgroup]
2025-01-14T13:07:31.3343240Z ##[group]GITHUB_TOKEN Permissions
2025-01-14T13:07:31.3344500Z Actions: read
2025-01-14T13:07:31.3344900Z Attestations: read
2025-01-14T13:07:31.3345280Z Checks: read
2025-01-14T13:07:31.3345640Z Contents: read
2025-01-14T13:07:31.3346000Z Deployments: read
2025-01-14T13:07:31.3346380Z Discussions: read
2025-01-14T13:07:31.3346750Z Issues: read
2025-01-14T13:07:31.3347100Z Metadata: read
2025-01-14T13:07:31.3347460Z Packages: read
2025-01-14T13:07:31.3347840Z Pages: read
2025-01-14T13:07:31.3348200Z PullRequests: read
2025-01-14T13:07:31.3348600Z RepositoryProjects: read
2025-01-14T13:07:31.3349000Z SecurityEvents: read
2025-01-14T13:07:31.3349400Z Statuses: read
2025-01-14T13:07:31.3349780Z ##[endgroup]
2025-01-14T13:07:31.3351870Z Secret source: None
2025-01-14T13:07:31.3352320Z Prepare workflow directory
2025-01-14T13:07:31.3697510Z Prepare all required actions
2025-01-14T13:07:31.3722570Z Getting action download info
2025-01-14T13:07:31.5423040Z Download action repository 'actions/checkout@v4' (SHA:11bd71901bbe5b1630ceea73d27597364c9af683)
2025-01-14T13:07:31.9661940Z Download action repository 'actions/upload-artifact@v4' (SHA:65c4c4a1ddee5b72f698fdd19549f0f0fb45cf08)
2025-01-14T13:07:33.3964740Z Complete job name:  continuum macos-latest 
2025-01-14T13:07:33.4381950Z ##[group]Run actions/checkout@v4
2025-01-14T13:07:33.4382590Z with:
2025-01-14T13:07:33.4382980Z   repository: tardis-sn/tardis
2025-01-14T13:07:33.4383560Z   token: ***
2025-01-14T13:07:33.4383950Z   ssh-strict: true
2025-01-14T13:07:33.4384330Z   ssh-user: git
2025-01-14T13:07:33.4384730Z   persist-credentials: true
2025-01-14T13:07:33.4385160Z   clean: true
2025-01-14T13:07:33.4385560Z   sparse-checkout-cone-mode: true
2025-01-14T13:07:33.4386010Z   fetch-depth: 1
2025-01-14T13:07:33.4386400Z   fetch-tags: false
2025-01-14T13:07:33.4386880Z   show-progress: true
2025-01-14T13:07:33.4387290Z   lfs: false
2025-01-14T13:07:33.4387670Z   submodules: false
2025-01-14T13:07:33.4388060Z   set-safe-directory: true
2025-01-14T13:07:33.4388570Z env:
2025-01-14T13:07:33.4388910Z   CACHE_NUMBER: 0
2025-01-14T13:07:33.4389930Z   PYTEST_FLAGS: --tardis-regression-data=/Users/runner/work/tardis/tardis/tardis-regression-data --cov=tardis --cov-report=xml --cov-report=html --cov-append
2025-01-14T13:07:33.4390980Z   CODECOV_TOKEN: 
2025-01-14T13:07:33.4391360Z ##[endgroup]
2025-01-14T13:07:33.7220280Z Syncing repository: tardis-sn/tardis
2025-01-14T13:07:33.7222170Z ##[group]Getting Git version info
2025-01-14T13:07:33.7223250Z Working directory is '/Users/runner/work/tardis/tardis'
2025-01-14T13:07:33.7225470Z [command]/opt/homebrew/bin/git version
2025-01-14T13:07:33.7700120Z git version 2.47.1
2025-01-14T13:07:33.7722480Z ##[endgroup]
2025-01-14T13:07:33.7728050Z Copying '/Users/runner/.gitconfig' to '/Users/runner/work/_temp/26f1b4b8-ed26-42e5-8f30-63b25158398c/.gitconfig'
2025-01-14T13:07:33.7734240Z Temporarily overriding HOME='/Users/runner/work/_temp/26f1b4b8-ed26-42e5-8f30-63b25158398c' before making global git config changes
2025-01-14T13:07:33.7735390Z Adding repository directory to the temporary git global config as a safe directory
2025-01-14T13:07:33.7737840Z [command]/opt/homebrew/bin/git config --global --add safe.directory /Users/runner/work/tardis/tardis
2025-01-14T13:07:33.7821170Z Deleting the contents of '/Users/runner/work/tardis/tardis'
2025-01-14T13:07:33.7823480Z ##[group]Initializing the repository
2025-01-14T13:07:33.7837000Z [command]/opt/homebrew/bin/git init /Users/runner/work/tardis/tardis
2025-01-14T13:07:33.8027910Z hint: Using 'master' as the name for the initial branch. This default branch name
2025-01-14T13:07:33.8029320Z hint: is subject to change. To configure the initial branch name to use in all
2025-01-14T13:07:33.8030400Z hint: of your new repositories, which will suppress this warning, call:
2025-01-14T13:07:33.8031030Z hint:
2025-01-14T13:07:33.8031490Z hint: 	git config --global init.defaultBranch <name>
2025-01-14T13:07:33.8032080Z hint:
2025-01-14T13:07:33.8032600Z hint: Names commonly chosen instead of 'master' are 'main', 'trunk' and
2025-01-14T13:07:33.8033390Z hint: 'development'. The just-created branch can be renamed via this command:
2025-01-14T13:07:33.8034060Z hint:
2025-01-14T13:07:33.8034470Z hint: 	git branch -m <name>
2025-01-14T13:07:33.8035080Z Initialized empty Git repository in /Users/runner/work/tardis/tardis/.git/
2025-01-14T13:07:33.8036670Z [command]/opt/homebrew/bin/git remote add origin https://github.com/tardis-sn/tardis
2025-01-14T13:07:33.8099490Z ##[endgroup]
2025-01-14T13:07:33.8100250Z ##[group]Disabling automatic garbage collection
2025-01-14T13:07:33.8101090Z [command]/opt/homebrew/bin/git config --local gc.auto 0
2025-01-14T13:07:33.8146770Z ##[endgroup]
2025-01-14T13:07:33.8147510Z ##[group]Setting up auth
2025-01-14T13:07:33.8150960Z [command]/opt/homebrew/bin/git config --local --name-only --get-regexp core\.sshCommand
2025-01-14T13:07:33.8195270Z [command]/opt/homebrew/bin/git submodule foreach --recursive sh -c "git config --local --name-only --get-regexp 'core\.sshCommand' && git config --local --unset-all 'core.sshCommand' || :"
2025-01-14T13:07:33.8889830Z [command]/opt/homebrew/bin/git config --local --name-only --get-regexp http\.https\:\/\/github\.com\/\.extraheader
2025-01-14T13:07:33.8933300Z [command]/opt/homebrew/bin/git submodule foreach --recursive sh -c "git config --local --name-only --get-regexp 'http\.https\:\/\/github\.com\/\.extraheader' && git config --local --unset-all 'http.https://github.com/.extraheader' || :"
2025-01-14T13:07:33.9403230Z [command]/opt/homebrew/bin/git config --local http.https://github.com/.extraheader AUTHORIZATION: basic ***
2025-01-14T13:07:33.9513560Z ##[endgroup]
2025-01-14T13:07:33.9530490Z ##[group]Fetching the repository
2025-01-14T13:07:33.9533830Z [command]/opt/homebrew/bin/git -c protocol.version=2 fetch --no-tags --prune --no-recurse-submodules --depth=1 origin +5e624b97b9dba72acfc4d10a106406c6b2c83673:refs/remotes/pull/2932/merge
2025-01-14T13:07:35.7375590Z From https://github.com/tardis-sn/tardis
2025-01-14T13:07:35.7376940Z  * [new ref]         5e624b97b9dba72acfc4d10a106406c6b2c83673 -> pull/2932/merge
2025-01-14T13:07:35.7430800Z ##[endgroup]
2025-01-14T13:07:35.7431670Z ##[group]Determining the checkout info
2025-01-14T13:07:35.7432680Z ##[endgroup]
2025-01-14T13:07:35.7434820Z [command]/opt/homebrew/bin/git sparse-checkout disable
2025-01-14T13:07:35.7487820Z [command]/opt/homebrew/bin/git config --local --unset-all extensions.worktreeConfig
2025-01-14T13:07:35.7534660Z ##[group]Checking out the ref
2025-01-14T13:07:35.7536250Z [command]/opt/homebrew/bin/git checkout --progress --force refs/remotes/pull/2932/merge
2025-01-14T13:07:36.0633720Z HEAD is now at 5e624b9 Merge 2b3dfd792246943c49c6c5deba46c01e3ba90810 into 2a06fdfb60190bbd9b49ff572d78772607138660
2025-01-14T13:07:36.0642350Z ##[endgroup]
2025-01-14T13:07:36.0705080Z [command]/opt/homebrew/bin/git log -1 --format=%H
2025-01-14T13:07:36.0750670Z 5e624b97b9dba72acfc4d10a106406c6b2c83673
2025-01-14T13:07:36.1045060Z Prepare all required actions
2025-01-14T13:07:36.1046200Z Getting action download info
2025-01-14T13:07:36.2831090Z Download action repository 'actions/cache@v4' (SHA:1bd1e32a3bdc45362d1e726936510720a7c30a57)
2025-01-14T13:07:36.4188270Z ##[group]Run ./.github/actions/setup_lfs
2025-01-14T13:07:36.4188970Z with:
2025-01-14T13:07:36.4189610Z   regression-data-repo: tardis-sn/tardis-regression-data
2025-01-14T13:07:36.4190420Z env:
2025-01-14T13:07:36.4190900Z   CACHE_NUMBER: 0
2025-01-14T13:07:36.4192410Z   PYTEST_FLAGS: --tardis-regression-data=/Users/runner/work/tardis/tardis/tardis-regression-data --cov=tardis --cov-report=xml --cov-report=html --cov-append
2025-01-14T13:07:36.4194050Z   CODECOV_TOKEN: 
2025-01-14T13:07:36.4194600Z ##[endgroup]
2025-01-14T13:07:36.4432700Z ##[group]Run actions/checkout@v4
2025-01-14T13:07:36.4433360Z with:
2025-01-14T13:07:36.4433940Z   repository: tardis-sn/tardis-regression-data
2025-01-14T13:07:36.4434710Z   path: tardis-regression-data
2025-01-14T13:07:36.4435640Z   token: ***
2025-01-14T13:07:36.4436170Z   ssh-strict: true
2025-01-14T13:07:36.4436740Z   ssh-user: git
2025-01-14T13:07:36.4437300Z   persist-credentials: true
2025-01-14T13:07:36.4437940Z   clean: true
2025-01-14T13:07:36.4438970Z   sparse-checkout-cone-mode: true
2025-01-14T13:07:36.4440760Z   fetch-depth: 1
2025-01-14T13:07:36.4441730Z   fetch-tags: false
2025-01-14T13:07:36.4442740Z   show-progress: true
2025-01-14T13:07:36.4443670Z   lfs: false
2025-01-14T13:07:36.4445170Z   submodules: false
2025-01-14T13:07:36.4449260Z   set-safe-directory: true
2025-01-14T13:07:36.4449910Z env:
2025-01-14T13:07:36.4450410Z   CACHE_NUMBER: 0
2025-01-14T13:07:36.4452270Z   PYTEST_FLAGS: --tardis-regression-data=/Users/runner/work/tardis/tardis/tardis-regression-data --cov=tardis --cov-report=xml --cov-report=html --cov-append
2025-01-14T13:07:36.4453880Z   CODECOV_TOKEN: 
2025-01-14T13:07:36.4454420Z ##[endgroup]
2025-01-14T13:07:36.5382020Z Syncing repository: tardis-sn/tardis-regression-data
2025-01-14T13:07:36.5383340Z ##[group]Getting Git version info
2025-01-14T13:07:36.5384340Z Working directory is '/Users/runner/work/tardis/tardis/tardis-regression-data'
2025-01-14T13:07:36.5409900Z [command]/opt/homebrew/bin/git version
2025-01-14T13:07:36.5457900Z git version 2.47.1
2025-01-14T13:07:36.5485920Z ##[endgroup]
2025-01-14T13:07:36.5490220Z Copying '/Users/runner/.gitconfig' to '/Users/runner/work/_temp/7b080b8a-e8bf-43bc-a31f-9cb6cb22885e/.gitconfig'
2025-01-14T13:07:36.5500020Z Temporarily overriding HOME='/Users/runner/work/_temp/7b080b8a-e8bf-43bc-a31f-9cb6cb22885e' before making global git config changes
2025-01-14T13:07:36.5501860Z Adding repository directory to the temporary git global config as a safe directory
2025-01-14T13:07:36.5503960Z [command]/opt/homebrew/bin/git config --global --add safe.directory /Users/runner/work/tardis/tardis/tardis-regression-data
2025-01-14T13:07:36.5562270Z ##[group]Initializing the repository
2025-01-14T13:07:36.5568210Z [command]/opt/homebrew/bin/git init /Users/runner/work/tardis/tardis/tardis-regression-data
2025-01-14T13:07:36.5652920Z hint: Using 'master' as the name for the initial branch. This default branch name
2025-01-14T13:07:36.5654900Z hint: is subject to change. To configure the initial branch name to use in all
2025-01-14T13:07:36.5656190Z hint: of your new repositories, which will suppress this warning, call:
2025-01-14T13:07:36.5657120Z hint:
2025-01-14T13:07:36.5657770Z hint: 	git config --global init.defaultBranch <name>
2025-01-14T13:07:36.5658560Z hint:
2025-01-14T13:07:36.5659320Z hint: Names commonly chosen instead of 'master' are 'main', 'trunk' and
2025-01-14T13:07:36.5660570Z hint: 'development'. The just-created branch can be renamed via this command:
2025-01-14T13:07:36.5661530Z hint:
2025-01-14T13:07:36.5662060Z hint: 	git branch -m <name>
2025-01-14T13:07:36.5663140Z Initialized empty Git repository in /Users/runner/work/tardis/tardis/tardis-regression-data/.git/
2025-01-14T13:07:36.5694470Z [command]/opt/homebrew/bin/git remote add origin https://github.com/tardis-sn/tardis-regression-data
2025-01-14T13:07:36.5762600Z ##[endgroup]
2025-01-14T13:07:36.5763610Z ##[group]Disabling automatic garbage collection
2025-01-14T13:07:36.5765000Z [command]/opt/homebrew/bin/git config --local gc.auto 0
2025-01-14T13:07:36.5817340Z ##[endgroup]
2025-01-14T13:07:36.5818380Z ##[group]Setting up auth
2025-01-14T13:07:36.5819460Z [command]/opt/homebrew/bin/git config --local --name-only --get-regexp core\.sshCommand
2025-01-14T13:07:36.5896720Z [command]/opt/homebrew/bin/git submodule foreach --recursive sh -c "git config --local --name-only --get-regexp 'core\.sshCommand' && git config --local --unset-all 'core.sshCommand' || :"
2025-01-14T13:07:36.7038080Z [command]/opt/homebrew/bin/git config --local --name-only --get-regexp http\.https\:\/\/github\.com\/\.extraheader
2025-01-14T13:07:36.7344420Z [command]/opt/homebrew/bin/git submodule foreach --recursive sh -c "git config --local --name-only --get-regexp 'http\.https\:\/\/github\.com\/\.extraheader' && git config --local --unset-all 'http.https://github.com/.extraheader' || :"
2025-01-14T13:07:36.8538090Z [command]/opt/homebrew/bin/git config --local http.https://github.com/.extraheader AUTHORIZATION: basic ***
2025-01-14T13:07:36.8852790Z ##[endgroup]
2025-01-14T13:07:36.8954940Z ##[group]Determining the default branch
2025-01-14T13:07:36.9056540Z Retrieving the default branch name
2025-01-14T13:07:37.2107390Z Default branch 'main'
2025-01-14T13:07:37.2108400Z ##[endgroup]
2025-01-14T13:07:37.2108970Z ##[group]Fetching the repository
2025-01-14T13:07:37.2111680Z [command]/opt/homebrew/bin/git -c protocol.version=2 fetch --no-tags --prune --no-recurse-submodules --depth=1 origin +refs/heads/main:refs/remotes/origin/main
2025-01-14T13:07:39.6043560Z From https://github.com/tardis-sn/tardis-regression-data
2025-01-14T13:07:39.6044040Z  * [new branch]      main       -> origin/main
2025-01-14T13:07:39.6099010Z ##[endgroup]
2025-01-14T13:07:39.6099280Z ##[group]Determining the checkout info
2025-01-14T13:07:39.6099630Z ##[endgroup]
2025-01-14T13:07:39.6103460Z [command]/opt/homebrew/bin/git sparse-checkout disable
2025-01-14T13:07:39.6157710Z [command]/opt/homebrew/bin/git config --local --unset-all extensions.worktreeConfig
2025-01-14T13:07:39.6206050Z ##[group]Checking out the ref
2025-01-14T13:07:39.6206650Z [command]/opt/homebrew/bin/git checkout --progress --force -B main refs/remotes/origin/main
2025-01-14T13:07:39.8877030Z Switched to a new branch 'main'
2025-01-14T13:07:39.8977850Z branch 'main' set up to track 'origin/main'.
2025-01-14T13:07:40.0264730Z ##[endgroup]
2025-01-14T13:07:40.0573700Z [command]/opt/homebrew/bin/git log -1 --format=%H
2025-01-14T13:07:40.0662250Z fa7729bc9c30e14b69acd641af8b692b56fcd416
2025-01-14T13:07:40.0744590Z ##[group]Run git lfs ls-files -l | cut -d' ' -f1 | sort > .lfs-assets-id
2025-01-14T13:07:40.0745100Z [36;1mgit lfs ls-files -l | cut -d' ' -f1 | sort > .lfs-assets-id[0m
2025-01-14T13:07:40.0831570Z shell: /bin/bash --noprofile --norc -e -o pipefail {0}
2025-01-14T13:07:40.0831870Z env:
2025-01-14T13:07:40.0832010Z   CACHE_NUMBER: 0
2025-01-14T13:07:40.0832510Z   PYTEST_FLAGS: --tardis-regression-data=/Users/runner/work/tardis/tardis/tardis-regression-data --cov=tardis --cov-report=xml --cov-report=html --cov-append
2025-01-14T13:07:40.0833190Z   CODECOV_TOKEN: 
2025-01-14T13:07:40.0833340Z ##[endgroup]
2025-01-14T13:07:40.3878290Z ##[group]Run actions/cache/restore@v4
2025-01-14T13:07:40.3878500Z with:
2025-01-14T13:07:40.3878630Z   path: tardis-regression-data/.git/lfs
2025-01-14T13:07:40.3878960Z   key: macOS-lfs-21f9fa4b6817cc69b9fae3598144724da7828e276a73bd17f47a2a49d9af090a-v1
2025-01-14T13:07:40.3879260Z   enableCrossOsArchive: false
2025-01-14T13:07:40.3879420Z   fail-on-cache-miss: false
2025-01-14T13:07:40.3879580Z   lookup-only: false
2025-01-14T13:07:40.3879710Z env:
2025-01-14T13:07:40.3879820Z   CACHE_NUMBER: 0
2025-01-14T13:07:40.3880610Z   PYTEST_FLAGS: --tardis-regression-data=/Users/runner/work/tardis/tardis/tardis-regression-data --cov=tardis --cov-report=xml --cov-report=html --cov-append
2025-01-14T13:07:40.3881130Z   CODECOV_TOKEN: 
2025-01-14T13:07:40.3881280Z ##[endgroup]
2025-01-14T13:07:41.9903120Z Received 50331648 of 1706796060 (2.9%), 48.0 MBs/sec
2025-01-14T13:07:42.9902460Z Received 117440512 of 1706796060 (6.9%), 55.9 MBs/sec
2025-01-14T13:07:43.9977750Z Received 176160768 of 1706796060 (10.3%), 55.9 MBs/sec
2025-01-14T13:07:44.9910310Z Received 260046848 of 1706796060 (15.2%), 61.9 MBs/sec
2025-01-14T13:07:45.9905830Z Received 335544320 of 1706796060 (19.7%), 63.9 MBs/sec
2025-01-14T13:07:46.9908310Z Received 427819008 of 1706796060 (25.1%), 67.9 MBs/sec
2025-01-14T13:07:48.0028150Z Received 482344960 of 1706796060 (28.3%), 65.6 MBs/sec
2025-01-14T13:07:49.0014970Z Received 549453824 of 1706796060 (32.2%), 65.4 MBs/sec
2025-01-14T13:07:50.0014430Z Received 624951296 of 1706796060 (36.6%), 66.1 MBs/sec
2025-01-14T13:07:51.0015290Z Received 725614592 of 1706796060 (42.5%), 69.1 MBs/sec
2025-01-14T13:07:52.0015480Z Received 817889280 of 1706796060 (47.9%), 70.8 MBs/sec
2025-01-14T13:07:53.0018100Z Received 872415232 of 1706796060 (51.1%), 69.2 MBs/sec
2025-01-14T13:07:54.0023960Z Received 939524096 of 1706796060 (55.0%), 68.8 MBs/sec
2025-01-14T13:07:55.0026530Z Received 1019215872 of 1706796060 (59.7%), 69.3 MBs/sec
2025-01-14T13:07:56.0034660Z Received 1090519040 of 1706796060 (63.9%), 69.3 MBs/sec
2025-01-14T13:07:57.0045300Z Received 1182793728 of 1706796060 (69.3%), 70.4 MBs/sec
2025-01-14T13:07:58.0046180Z Received 1258291200 of 1706796060 (73.7%), 70.5 MBs/sec
2025-01-14T13:07:59.0091650Z Received 1325400064 of 1706796060 (77.7%), 70.1 MBs/sec
2025-01-14T13:08:00.0811120Z Received 1379926016 of 1706796060 (80.8%), 68.9 MBs/sec
2025-01-14T13:08:01.0795370Z Received 1442840576 of 1706796060 (84.5%), 68.5 MBs/sec
2025-01-14T13:08:02.0806300Z Received 1493172224 of 1706796060 (87.5%), 67.5 MBs/sec
2025-01-14T13:08:03.0821750Z Received 1551892480 of 1706796060 (90.9%), 67.0 MBs/sec
2025-01-14T13:08:04.0876300Z Received 1593835520 of 1706796060 (93.4%), 65.8 MBs/sec
2025-01-14T13:08:05.0821790Z Received 1652555776 of 1706796060 (96.8%), 65.4 MBs/sec
2025-01-14T13:08:06.0858000Z Received 1706796060 of 1706796060 (100.0%), 64.8 MBs/sec
2025-01-14T13:08:06.4314370Z Cache Size: ~1628 MB (1706796060 B)
2025-01-14T13:08:06.4441300Z [command]/opt/homebrew/bin/gtar -xf /Users/runner/work/_temp/382a56e0-5b2f-418e-a6e6-edcfa65fbe9d/cache.tzst -P -C /Users/runner/work/tardis/tardis --delay-directory-restore --use-compress-program unzstd
2025-01-14T13:08:16.1638230Z Cache restored successfully
2025-01-14T13:08:16.2667680Z Cache restored from key: macOS-lfs-21f9fa4b6817cc69b9fae3598144724da7828e276a73bd17f47a2a49d9af090a-v1
2025-01-14T13:08:16.2925630Z ##[group]Run git lfs checkout
2025-01-14T13:08:16.2926000Z [36;1mgit lfs checkout[0m
2025-01-14T13:08:16.3010070Z shell: /bin/bash --noprofile --norc -e -o pipefail {0}
2025-01-14T13:08:16.3010490Z env:
2025-01-14T13:08:16.3010630Z   CACHE_NUMBER: 0
2025-01-14T13:08:16.3011180Z   PYTEST_FLAGS: --tardis-regression-data=/Users/runner/work/tardis/tardis/tardis-regression-data --cov=tardis --cov-report=xml --cov-report=html --cov-append
2025-01-14T13:08:16.3011890Z   CODECOV_TOKEN: 
2025-01-14T13:08:16.3012130Z ##[endgroup]
2025-01-14T13:08:25.7702030Z Checking out LFS objects: 100% (204/204), 3.5 GB | 304 MB/s, done.
2025-01-14T13:08:32.2212960Z Prepare all required actions
2025-01-14T13:08:32.2213520Z Getting action download info
2025-01-14T13:08:32.3409080Z Download action repository 'mamba-org/setup-micromamba@v1' (SHA:4b9113af4fba0e9e1124b252dd6497a419e7396d)
2025-01-14T13:08:33.4628350Z ##[group]Run ./.github/actions/setup_env
2025-01-14T13:08:33.4628680Z with:
2025-01-14T13:08:33.4629020Z   os-label: osx-arm64
2025-01-14T13:08:33.4629310Z env:
2025-01-14T13:08:33.4629540Z   CACHE_NUMBER: 0
2025-01-14T13:08:33.4630110Z   PYTEST_FLAGS: --tardis-regression-data=/Users/runner/work/tardis/tardis/tardis-regression-data --cov=tardis --cov-report=xml --cov-report=html --cov-append
2025-01-14T13:08:33.4630800Z   CODECOV_TOKEN: 
2025-01-14T13:08:33.4631150Z ##[endgroup]
2025-01-14T13:08:33.4654150Z ##[group]Run file_hash=$(cat conda-osx-arm64.lock | shasum -a 256 | cut -d' ' -f1)
2025-01-14T13:08:33.4655240Z [36;1mfile_hash=$(cat conda-osx-arm64.lock | shasum -a 256 | cut -d' ' -f1)[0m
2025-01-14T13:08:33.4655580Z [36;1mecho "file_hash=$file_hash" >> "${GITHUB_OUTPUT}"[0m
2025-01-14T13:08:33.4709720Z shell: /bin/bash --noprofile --norc -e -o pipefail {0}
2025-01-14T13:08:33.4709960Z env:
2025-01-14T13:08:33.4710090Z   CACHE_NUMBER: 0
2025-01-14T13:08:33.4710570Z   PYTEST_FLAGS: --tardis-regression-data=/Users/runner/work/tardis/tardis/tardis-regression-data --cov=tardis --cov-report=xml --cov-report=html --cov-append
2025-01-14T13:08:33.4711070Z   CODECOV_TOKEN: 
2025-01-14T13:08:33.4711210Z ##[endgroup]
2025-01-14T13:08:33.5662550Z ##[group]Run mamba-org/setup-micromamba@v1
2025-01-14T13:08:33.5662860Z with:
2025-01-14T13:08:33.5663070Z   environment-file: conda-osx-arm64.lock
2025-01-14T13:08:33.5663420Z   cache-environment-key: bf0d0a4d4c847cca72476c6c68c493d56c484aada7e80de0e42c7607fcef5824
2025-01-14T13:08:33.5663860Z   cache-downloads-key: bf0d0a4d4c847cca72476c6c68c493d56c484aada7e80de0e42c7607fcef5824
2025-01-14T13:08:33.5664210Z   environment-name: tardis
2025-01-14T13:08:33.5664380Z   cache-environment: true
2025-01-14T13:08:33.5664570Z   cache-downloads: true
2025-01-14T13:08:33.5664730Z env:
2025-01-14T13:08:33.5664850Z   CACHE_NUMBER: 0
2025-01-14T13:08:33.5665320Z   PYTEST_FLAGS: --tardis-regression-data=/Users/runner/work/tardis/tardis/tardis-regression-data --cov=tardis --cov-report=xml --cov-report=html --cov-append
2025-01-14T13:08:33.5665790Z   CODECOV_TOKEN: 
2025-01-14T13:08:33.5665920Z ##[endgroup]
2025-01-14T13:08:33.9543640Z Will download micromamba to /Users/runner/micromamba-bin/micromamba
2025-01-14T13:08:33.9549150Z ##[group]Install micromamba
2025-01-14T13:08:34.7322520Z micromamba installed to /Users/runner/micromamba-bin/micromamba
2025-01-14T13:08:34.7323050Z ##[endgroup]
2025-01-14T13:08:34.7323340Z Adding conda-forge to condarc channels ...
2025-01-14T13:08:34.7323660Z ##[group]Initialize micromamba for bash.
2025-01-14T13:08:34.7328740Z [command]/Users/runner/micromamba-bin/micromamba shell init -s bash -r /Users/runner/micromamba --log-level warning --rc-file /Users/runner/work/_temp/setup-micromamba/.condarc
2025-01-14T13:08:34.7753690Z Modifying RC file "/Users/runner/.bash_profile"
2025-01-14T13:08:34.7758200Z Generating config for root prefix [1m"/Users/runner/micromamba"[0m
2025-01-14T13:08:34.7758920Z Setting mamba executable to: [1m"/Users/runner/micromamba-bin/micromamba"[0m
2025-01-14T13:08:34.7759780Z Adding (or replacing) the following in your "/Users/runner/.bash_profile" file
2025-01-14T13:08:34.7760130Z 
2025-01-14T13:08:34.7760380Z # >>> mamba initialize >>>
2025-01-14T13:08:34.7760700Z # !! Contents within this block are managed by 'mamba init' !!
2025-01-14T13:08:34.7761080Z export MAMBA_EXE='/Users/runner/micromamba-bin/micromamba';
2025-01-14T13:08:34.7761600Z export MAMBA_ROOT_PREFIX='/Users/runner/micromamba';
2025-01-14T13:08:34.7762090Z __mamba_setup="$("$MAMBA_EXE" shell hook --shell bash --root-prefix "$MAMBA_ROOT_PREFIX" 2> /dev/null)"
2025-01-14T13:08:34.7762550Z if [ $? -eq 0 ]; then
2025-01-14T13:08:34.7762930Z     eval "$__mamba_setup"
2025-01-14T13:08:34.7764550Z else
2025-01-14T13:08:34.7764900Z     alias micromamba="$MAMBA_EXE"  # Fallback on help from mamba activate
2025-01-14T13:08:34.7765450Z fi
2025-01-14T13:08:34.7765670Z unset __mamba_setup
2025-01-14T13:08:34.7765920Z # <<< mamba initialize <<<
2025-01-14T13:08:34.7766140Z 
2025-01-14T13:08:34.7766540Z ##[endgroup]
2025-01-14T13:08:34.7767430Z ##[group]Restoring downloads from `/Users/runner/micromamba/pkgs` ...
2025-01-14T13:08:36.1683350Z Received 37748736 of 310595873 (12.2%), 35.9 MBs/sec
2025-01-14T13:08:37.1687900Z Received 121634816 of 310595873 (39.2%), 57.9 MBs/sec
2025-01-14T13:08:38.1691330Z Received 188743680 of 310595873 (60.8%), 59.9 MBs/sec
2025-01-14T13:08:39.1703840Z Received 239075328 of 310595873 (77.0%), 56.9 MBs/sec
2025-01-14T13:08:40.1712940Z Received 306401569 of 310595873 (98.6%), 58.4 MBs/sec
2025-01-14T13:08:40.4116360Z Cache Size: ~296 MB (310595873 B)
2025-01-14T13:08:40.4157340Z [command]/opt/homebrew/bin/gtar -xf /Users/runner/work/_temp/c6d1d899-12e0-432e-8ab7-60a0235c4c44/cache.tzst -P -C /Users/runner/work/tardis/tardis --delay-directory-restore --use-compress-program unzstd
2025-01-14T13:08:41.1742710Z Received 310595873 of 310595873 (100.0%), 49.3 MBs/sec
2025-01-14T13:08:41.6626500Z Cache restored successfully
2025-01-14T13:08:41.6728560Z Restored cache with key `bf0d0a4d4c847cca72476c6c68c493d56c484aada7e80de0e42c7607fcef5824-osx-arm64`
2025-01-14T13:08:41.6842760Z ##[endgroup]
2025-01-14T13:08:41.7088320Z ##[group]Restoring environment `tardis` from `/Users/runner/micromamba/envs/tardis` ...
2025-01-14T13:08:43.0196720Z Received 41943040 of 385775710 (10.9%), 40.0 MBs/sec
2025-01-14T13:08:44.0168600Z Received 75497472 of 385775710 (19.6%), 36.0 MBs/sec
2025-01-14T13:08:45.0184530Z Received 125829120 of 385775710 (32.6%), 40.0 MBs/sec
2025-01-14T13:08:46.0175090Z Received 192937984 of 385775710 (50.0%), 46.0 MBs/sec
2025-01-14T13:08:47.0174010Z Received 234881024 of 385775710 (60.9%), 44.8 MBs/sec
2025-01-14T13:08:48.0335950Z Received 301989888 of 385775710 (78.3%), 47.9 MBs/sec
2025-01-14T13:08:49.0430730Z Received 364904448 of 385775710 (94.6%), 49.6 MBs/sec
2025-01-14T13:08:49.3889040Z Cache Size: ~368 MB (385775710 B)
2025-01-14T13:08:49.3932460Z [command]/opt/homebrew/bin/gtar -xf /Users/runner/work/_temp/36201fe1-aadb-4bd8-b27c-b1369afbfbda/cache.tzst -P -C /Users/runner/work/tardis/tardis --delay-directory-restore --use-compress-program unzstd
2025-01-14T13:08:50.0362210Z Received 385775710 of 385775710 (100.0%), 45.9 MBs/sec
2025-01-14T13:09:05.6603090Z Cache restored successfully
2025-01-14T13:09:05.6706180Z Restored cache with key `bf0d0a4d4c847cca72476c6c68c493d56c484aada7e80de0e42c7607fcef5824-osx-arm64-tardis-args-4f53cda-root-873f6fe-bin-[object Promise]-file-bf0d0a4d4c847cca72476c6c68c493d56c484aada7e80de0e42c7607fcef5824`
2025-01-14T13:09:05.6815750Z ##[endgroup]
2025-01-14T13:09:05.6890600Z Adding environment tardis to auto-activate bash ...
2025-01-14T13:09:05.6898100Z Generating micromamba run shell.
2025-01-14T13:09:05.7025160Z ##[endgroup]
2025-01-14T13:09:05.7082750Z Set environment variables.
2025-01-14T13:09:05.7115330Z ##[group]micromamba info
2025-01-14T13:09:05.7118820Z [command]/Users/runner/micromamba-bin/micromamba info -r /Users/runner/micromamba -n tardis
2025-01-14T13:09:06.4821390Z 
2025-01-14T13:09:06.4822300Z        libmamba version : 1.5.10
2025-01-14T13:09:06.4822820Z      micromamba version : 1.5.10
2025-01-14T13:09:06.4823400Z            curl version : libcurl/8.10.1 (OpenSSL/3.3.2) SecureTransport zlib/1.3.1 zstd/1.5.6 libssh2/1.11.0 nghttp2/1.58.0
2025-01-14T13:09:06.4824040Z      libarchive version : libarchive 3.7.4 zlib/1.2.13 bz2lib/1.0.8 libzstd/1.5.6
2025-01-14T13:09:06.4826070Z        envs directories : /Users/runner/micromamba/envs
2025-01-14T13:09:06.4827020Z           package cache : /Users/runner/micromamba/pkgs
2025-01-14T13:09:06.4827550Z                           /Users/runner/.mamba/pkgs
2025-01-14T13:09:06.4827990Z             environment : tardis
2025-01-14T13:09:06.4896500Z            env location : /Users/runner/micromamba/envs/tardis
2025-01-14T13:09:06.4897370Z       user config files : /Users/runner/.mambarc
2025-01-14T13:09:06.4897750Z  populated config files : /Users/runner/work/_temp/setup-micromamba/.condarc
2025-01-14T13:09:06.4898180Z        virtual packages : __unix=0=0
2025-01-14T13:09:06.4898430Z                           __osx=14.7.2=0
2025-01-14T13:09:06.4898750Z                           __archspec=1=arm64
2025-01-14T13:09:06.4899150Z                channels : https://conda.anaconda.org/conda-forge/osx-arm64
2025-01-14T13:09:06.4899640Z                           https://conda.anaconda.org/conda-forge/noarch
2025-01-14T13:09:06.4899980Z        base environment : /Users/runner/micromamba
2025-01-14T13:09:06.4900320Z                platform : osx-arm64
2025-01-14T13:09:06.4924220Z ##[endgroup]
2025-01-14T13:09:06.4925190Z ##[group]micromamba list
2025-01-14T13:09:06.4926490Z [command]/Users/runner/micromamba-bin/micromamba list -r /Users/runner/micromamba -n tardis
2025-01-14T13:09:07.0510260Z List of packages in environment: "/Users/runner/micromamba/envs/tardis"
2025-01-14T13:09:07.0510680Z 
2025-01-14T13:09:07.0510910Z   Name                           Version              Build                    Channel    
2025-01-14T13:09:07.0513390Z â”€â”€â”€â”€â”€â”€â”€â”€â”€â”€â”€â”€â”€â”€â”€â”€â”€â”€â”€â”€â”€â”€â”€â”€â”€â”€â”€â”€â”€â”€â”€â”€â”€â”€â”€â”€â”€â”€â”€â”€â”€â”€â”€â”€â”€â”€â”€â”€â”€â”€â”€â”€â”€â”€â”€â”€â”€â”€â”€â”€â”€â”€â”€â”€â”€â”€â”€â”€â”€â”€â”€â”€â”€â”€â”€â”€â”€â”€â”€â”€â”€â”€â”€â”€â”€â”€â”€â”€â”€â”€â”€â”€
2025-01-14T13:09:07.0513900Z   alabaster                      0.7.16               pyhd8ed1ab_0             conda-forge
2025-01-14T13:09:07.0514410Z   anyio                          4.4.0                pyhd8ed1ab_0             conda-forge
2025-01-14T13:09:07.0514750Z   appnope                        0.1.4                pyhd8ed1ab_0             conda-forge
2025-01-14T13:09:07.0515250Z   argon2-cffi                    23.1.0               pyhd8ed1ab_0             conda-forge
2025-01-14T13:09:07.0515640Z   argon2-cffi-bindings           21.2.0               py312h02f2b3b_4          conda-forge
2025-01-14T13:09:07.0516030Z   arrow                          1.3.0                pyhd8ed1ab_0             conda-forge
2025-01-14T13:09:07.0516440Z   astropy                        6.1.1                py312hbebd99a_0          conda-forge
2025-01-14T13:09:07.0517230Z   astropy-iers-data              0.2024.6.17.0.31.35  pyhd8ed1ab_0             conda-forge
2025-01-14T13:09:07.0520010Z   astropy-sphinx-theme           1.1                  pyhd8ed1ab_0             conda-forge
2025-01-14T13:09:07.0520470Z   asttokens                      2.4.1                pyhd8ed1ab_0             conda-forge
2025-01-14T13:09:07.0521020Z   async-lru                      2.0.4                pyhd8ed1ab_0             conda-forge
2025-01-14T13:09:07.0521520Z   atk-1.0                        2.38.0               hd03087b_2               conda-forge
2025-01-14T13:09:07.0521960Z   attrs                          23.2.0               pyh71513ae_0             conda-forge
2025-01-14T13:09:07.0522400Z   babel                          2.14.0               pyhd8ed1ab_0             conda-forge
2025-01-14T13:09:07.0522970Z   beautifulsoup4                 4.12.3               pyha770c72_0             conda-forge
2025-01-14T13:09:07.0523420Z   bleach                         6.1.0                pyhd8ed1ab_0             conda-forge
2025-01-14T13:09:07.0523950Z   blosc                          1.21.5               h9c252e8_1               conda-forge
2025-01-14T13:09:07.0524310Z   brotli                         1.1.0                hb547adb_1               conda-forge
2025-01-14T13:09:07.0524730Z   brotli-bin                     1.1.0                hb547adb_1               conda-forge
2025-01-14T13:09:07.0526240Z   brotli-python                  1.1.0                py312h9f69965_1          conda-forge
2025-01-14T13:09:07.0526720Z   bzip2                          1.0.8                h93a5062_5               conda-forge
2025-01-14T13:09:07.0527150Z   c-ares                         1.28.1               h93a5062_0               conda-forge
2025-01-14T13:09:07.0528500Z   c-blosc2                       2.14.4               ha57e6be_1               conda-forge
2025-01-14T13:09:07.0529070Z   ca-certificates                2024.6.2             hf0a4a13_0               conda-forge
2025-01-14T13:09:07.0529470Z   cached-property                1.5.2                hd8ed1ab_1               conda-forge
2025-01-14T13:09:07.0530010Z   cached_property                1.5.2                pyha770c72_1             conda-forge
2025-01-14T13:09:07.0530450Z   cairo                          1.18.0               hd1e100b_0               conda-forge
2025-01-14T13:09:07.0530910Z   certifi                        2024.6.2             pyhd8ed1ab_0             conda-forge
2025-01-14T13:09:07.0531450Z   cffi                           1.16.0               py312h8e38eb3_0          conda-forge
2025-01-14T13:09:07.0531830Z   charset-normalizer             3.3.2                pyhd8ed1ab_0             conda-forge
2025-01-14T13:09:07.0532280Z   click                          8.1.7                unix_pyh707e725_0        conda-forge
2025-01-14T13:09:07.0533660Z   codespell                      2.3.0                pyhd8ed1ab_0             conda-forge
2025-01-14T13:09:07.0534070Z   colorama                       0.4.6                pyhd8ed1ab_0             conda-forge
2025-01-14T13:09:07.0537490Z   comm                           0.2.2                pyhd8ed1ab_0             conda-forge
2025-01-14T13:09:07.0538000Z   commonmark                     0.9.1                py_0                     conda-forge
2025-01-14T13:09:07.0538440Z   contourpy                      1.2.1                py312h0fef576_0          conda-forge
2025-01-14T13:09:07.0538920Z   coverage                       7.5.3                py312h7e5086c_0          conda-forge
2025-01-14T13:09:07.0539540Z   cycler                         0.12.1               pyhd8ed1ab_0             conda-forge
2025-01-14T13:09:07.0541940Z   dataclasses                    0.8                  pyhc8e2a94_3             conda-forge
2025-01-14T13:09:07.0543660Z   debugpy                        1.8.1                py312h20a0b95_0          conda-forge
2025-01-14T13:09:07.0544260Z   decorator                      5.1.1                pyhd8ed1ab_0             conda-forge
2025-01-14T13:09:07.0544680Z   defusedxml                     0.7.1                pyhd8ed1ab_0             conda-forge
2025-01-14T13:09:07.0545320Z   docutils                       0.20.1               py312h81bd7bf_3          conda-forge
2025-01-14T13:09:07.0545750Z   dot2tex                        2.11.3               pyhd8ed1ab_0             conda-forge
2025-01-14T13:09:07.0547040Z   entrypoints                    0.4                  pyhd8ed1ab_0             conda-forge
2025-01-14T13:09:07.0547410Z   exceptiongroup                 1.2.0                pyhd8ed1ab_2             conda-forge
2025-01-14T13:09:07.0547860Z   executing                      2.0.1                pyhd8ed1ab_0             conda-forge
2025-01-14T13:09:07.0548260Z   expat                          2.6.2                hebf3989_0               conda-forge
2025-01-14T13:09:07.0548730Z   font-ttf-dejavu-sans-mono      2.37                 hab24e00_0               conda-forge
2025-01-14T13:09:07.0549220Z   font-ttf-inconsolata           3.000                h77eed37_0               conda-forge
2025-01-14T13:09:07.0549760Z   font-ttf-source-code-pro       2.038                h77eed37_0               conda-forge
2025-01-14T13:09:07.0550280Z   font-ttf-ubuntu                0.83                 h77eed37_2               conda-forge
2025-01-14T13:09:07.0550710Z   fontconfig                     2.14.2               h82840c6_0               conda-forge
2025-01-14T13:09:07.0551240Z   fonts-conda-ecosystem          1                    0                        conda-forge
2025-01-14T13:09:07.0551640Z   fonts-conda-forge              1                    0                        conda-forge
2025-01-14T13:09:07.0552130Z   fonttools                      4.53.0               py312h7e5086c_0          conda-forge
2025-01-14T13:09:07.0552490Z   fqdn                           1.5.1                pyhd8ed1ab_0             conda-forge
2025-01-14T13:09:07.0555650Z   freetype                       2.12.1               hadb7bae_2               conda-forge
2025-01-14T13:09:07.0556080Z   fribidi                        1.0.10               h27ca646_0               conda-forge
2025-01-14T13:09:07.0556550Z   future                         1.0.0                pyhd8ed1ab_0             conda-forge
2025-01-14T13:09:07.0557030Z   gdk-pixbuf                     2.42.12              h7ddc832_0               conda-forge
2025-01-14T13:09:07.0557540Z   gettext                        0.22.5               h8fbad5d_2               conda-forge
2025-01-14T13:09:07.0558390Z   gettext-tools                  0.22.5               h8fbad5d_2               conda-forge
2025-01-14T13:09:07.0559220Z   giflib                         5.2.2                h93a5062_0               conda-forge
2025-01-14T13:09:07.0559700Z   git-lfs                        3.5.1                hce30654_0               conda-forge
2025-01-14T13:09:07.0560660Z   gmp                            6.3.0                hebf3989_1               conda-forge
2025-01-14T13:09:07.0563060Z   gmpy2                          2.1.5                py312hfa9fade_1          conda-forge
2025-01-14T13:09:07.0564850Z   graphite2                      1.3.13               hebf3989_1003            conda-forge
2025-01-14T13:09:07.0565270Z   graphviz                       11.0.0               h9bb9bc9_0               conda-forge
2025-01-14T13:09:07.0565750Z   gtk2                           2.24.33              h7895bb2_4               conda-forge
2025-01-14T13:09:07.0566080Z   gts                            0.7.6                he42f4ea_4               conda-forge
2025-01-14T13:09:07.0566520Z   h11                            0.14.0               pyhd8ed1ab_0             conda-forge
2025-01-14T13:09:07.0566950Z   h2                             4.1.0                pyhd8ed1ab_0             conda-forge
2025-01-14T13:09:07.0567280Z   h5py                           3.11.0               nompi_py312h903599c_102  conda-forge
2025-01-14T13:09:07.0567650Z   harfbuzz                       8.5.0                h1836168_0               conda-forge
2025-01-14T13:09:07.0568020Z   hdf5                           1.14.3               nompi_hec07895_105       conda-forge
2025-01-14T13:09:07.0568370Z   hpack                          4.0.0                pyh9f0ad1d_0             conda-forge
2025-01-14T13:09:07.0570600Z   httpcore                       1.0.5                pyhd8ed1ab_0             conda-forge
2025-01-14T13:09:07.0570980Z   httpx                          0.27.0               pyhd8ed1ab_0             conda-forge
2025-01-14T13:09:07.0571320Z   hyperframe                     6.0.1                pyhd8ed1ab_0             conda-forge
2025-01-14T13:09:07.0571740Z   icu                            73.2                 hc8870d7_0               conda-forge
2025-01-14T13:09:07.0572340Z   idna                           3.7                  pyhd8ed1ab_0             conda-forge
2025-01-14T13:09:07.0572690Z   imagesize                      1.4.1                pyhd8ed1ab_0             conda-forge
2025-01-14T13:09:07.0573110Z   importlib-metadata             7.1.0                pyha770c72_0             conda-forge
2025-01-14T13:09:07.0573970Z   importlib_metadata             7.1.0                hd8ed1ab_0               conda-forge
2025-01-14T13:09:07.0574930Z   importlib_resources            6.4.0                pyhd8ed1ab_0             conda-forge
2025-01-14T13:09:07.0575300Z   iniconfig                      2.0.0                pyhd8ed1ab_0             conda-forge
2025-01-14T13:09:07.0575700Z   ipykernel                      6.29.4               pyh57ce528_0             conda-forge
2025-01-14T13:09:07.0576230Z   ipython                        8.25.0               pyh707e725_0             conda-forge
2025-01-14T13:09:07.0576660Z   ipython_genutils               0.2.0                pyhd8ed1ab_1             conda-forge
2025-01-14T13:09:07.0577200Z   ipywidgets                     7.8.0                pyhd8ed1ab_0             conda-forge
2025-01-14T13:09:07.0579080Z   isoduration                    20.11.0              pyhd8ed1ab_0             conda-forge
2025-01-14T13:09:07.0579560Z   jedi                           0.19.1               pyhd8ed1ab_0             conda-forge
2025-01-14T13:09:07.0579950Z   jinja2                         3.1.4                pyhd8ed1ab_0             conda-forge
2025-01-14T13:09:07.0580340Z   json5                          0.9.25               pyhd8ed1ab_0             conda-forge
2025-01-14T13:09:07.0580690Z   jsonpointer                    3.0.0                py312h81bd7bf_0          conda-forge
2025-01-14T13:09:07.0581140Z   jsonschema                     4.22.0               pyhd8ed1ab_0             conda-forge
2025-01-14T13:09:07.0581570Z   jsonschema-specifications      2023.12.1            pyhd8ed1ab_0             conda-forge
2025-01-14T13:09:07.0582070Z   jsonschema-with-format-nongpl  4.22.0               pyhd8ed1ab_0             conda-forge
2025-01-14T13:09:07.0583220Z   jupyter-lsp                    2.2.5                pyhd8ed1ab_0             conda-forge
2025-01-14T13:09:07.0584060Z   jupyter_client                 8.6.2                pyhd8ed1ab_0             conda-forge
2025-01-14T13:09:07.0584620Z   jupyter_core                   5.7.2                py312h81bd7bf_0          conda-forge
2025-01-14T13:09:07.0585360Z   jupyter_events                 0.10.0               pyhd8ed1ab_0             conda-forge
2025-01-14T13:09:07.0621770Z   jupyter_server                 2.14.1               pyhd8ed1ab_0             conda-forge
2025-01-14T13:09:07.0622210Z   jupyter_server_terminals       0.5.3                pyhd8ed1ab_0             conda-forge
2025-01-14T13:09:07.0622590Z   jupyterlab                     4.2.2                pyhd8ed1ab_0             conda-forge
2025-01-14T13:09:07.0622960Z   jupyterlab_pygments            0.3.0                pyhd8ed1ab_1             conda-forge
2025-01-14T13:09:07.0623380Z   jupyterlab_server              2.27.2               pyhd8ed1ab_0             conda-forge
2025-01-14T13:09:07.0623820Z   jupyterlab_widgets             1.1.7                pyhd8ed1ab_0             conda-forge
2025-01-14T13:09:07.0627660Z   kiwisolver                     1.4.5                py312h389731b_1          conda-forge
2025-01-14T13:09:07.0629020Z   krb5                           1.21.2               h92f50d5_0               conda-forge
2025-01-14T13:09:07.0629420Z   latexcodec                     2.0.1                pyh9f0ad1d_0             conda-forge
2025-01-14T13:09:07.0630510Z   lcms2                          2.16                 ha0e7c42_0               conda-forge
2025-01-14T13:09:07.0630920Z   lerc                           4.0.0                h9a09cb3_0               conda-forge
2025-01-14T13:09:07.0631240Z   libaec                         1.1.3                hebf3989_0               conda-forge
2025-01-14T13:09:07.0632080Z   libasprintf                    0.22.5               h8fbad5d_2               conda-forge
2025-01-14T13:09:07.0633070Z   libasprintf-devel              0.22.5               h8fbad5d_2               conda-forge
2025-01-14T13:09:07.0633920Z   libblas                        3.9.0                22_osxarm64_openblas     conda-forge
2025-01-14T13:09:07.0634300Z   libbrotlicommon                1.1.0                hb547adb_1               conda-forge
2025-01-14T13:09:07.0634810Z   libbrotlidec                   1.1.0                hb547adb_1               conda-forge
2025-01-14T13:09:07.0635170Z   libbrotlienc                   1.1.0                hb547adb_1               conda-forge
2025-01-14T13:09:07.0635650Z   libcblas                       3.9.0                22_osxarm64_openblas     conda-forge
2025-01-14T13:09:07.0636030Z   libcurl                        8.8.0                h7b6f9a7_0               conda-forge
2025-01-14T13:09:07.0636670Z   libcxx                         17.0.6               h5f092b4_0               conda-forge
2025-01-14T13:09:07.0637060Z   libdeflate                     1.20                 h93a5062_0               conda-forge
2025-01-14T13:09:07.0638400Z   libedit                        3.1.20191231         hc8eb9b7_2               conda-forge
2025-01-14T13:09:07.0638920Z   libev                          4.33                 h93a5062_2               conda-forge
2025-01-14T13:09:07.0639220Z   libexpat                       2.6.2                hebf3989_0               conda-forge
2025-01-14T13:09:07.0639500Z   libffi                         3.4.2                h3422bc3_5               conda-forge
2025-01-14T13:09:07.0640420Z   libgd                          2.3.3                hfdf3952_9               conda-forge
2025-01-14T13:09:07.0642310Z   libgettextpo                   0.22.5               h8fbad5d_2               conda-forge
2025-01-14T13:09:07.0642820Z   libgettextpo-devel             0.22.5               h8fbad5d_2               conda-forge
2025-01-14T13:09:07.0643300Z   libgfortran                    5.0.0                13_2_0_hd922786_3        conda-forge
2025-01-14T13:09:07.0644070Z   libgfortran5                   13.2.0               hf226fd6_3               conda-forge
2025-01-14T13:09:07.0644470Z   libglib                        2.80.2               h59d46d9_1               conda-forge
2025-01-14T13:09:07.0644850Z   libiconv                       1.17                 h0d3ecfb_2               conda-forge
2025-01-14T13:09:07.0645350Z   libintl                        0.22.5               h8fbad5d_2               conda-forge
2025-01-14T13:09:07.0645840Z   libintl-devel                  0.22.5               h8fbad5d_2               conda-forge
2025-01-14T13:09:07.0646290Z   libjpeg-turbo                  3.0.0                hb547adb_1               conda-forge
2025-01-14T13:09:07.0646760Z   liblapack                      3.9.0                22_osxarm64_openblas     conda-forge
2025-01-14T13:09:07.0647180Z   libllvm14                      14.0.6               hd1a9a77_4               conda-forge
2025-01-14T13:09:07.0647720Z   libnghttp2                     1.58.0               ha4dd798_1               conda-forge
2025-01-14T13:09:07.0648210Z   libopenblas                    0.3.27               openmp_h6c19121_0        conda-forge
2025-01-14T13:09:07.0648560Z   libpng                         1.6.43               h091b4b1_0               conda-forge
2025-01-14T13:09:07.0648920Z   librsvg                        2.58.1               hbc281fb_0               conda-forge
2025-01-14T13:09:07.0649300Z   libsodium                      1.0.18               h27ca646_1               conda-forge
2025-01-14T13:09:07.0649730Z   libsqlite                      3.46.0               hfb93653_0               conda-forge
2025-01-14T13:09:07.0650140Z   libssh2                        1.11.0               h7a5bd25_0               conda-forge
2025-01-14T13:09:07.0650520Z   libtiff                        4.6.0                h07db509_3               conda-forge
2025-01-14T13:09:07.0650950Z   libwebp                        1.4.0                h54798ee_0               conda-forge
2025-01-14T13:09:07.0651320Z   libwebp-base                   1.4.0                h93a5062_0               conda-forge
2025-01-14T13:09:07.0651760Z   libxcb                         1.16                 hf2054a2_0               conda-forge
2025-01-14T13:09:07.0652100Z   libxml2                        2.12.7               ha661575_1               conda-forge
2025-01-14T13:09:07.0652500Z   libxslt                        1.1.39               h223e5b9_0               conda-forge
2025-01-14T13:09:07.0652850Z   libzlib                        1.3.1                hfb2fe0b_1               conda-forge
2025-01-14T13:09:07.0653180Z   llvm-openmp                    18.1.7               hde57baf_0               conda-forge
2025-01-14T13:09:07.0653520Z   llvmlite                       0.42.0               py312h17030e7_1          conda-forge
2025-01-14T13:09:07.0653830Z   lxml                           5.2.2                py312h0e5ab22_0          conda-forge
2025-01-14T13:09:07.0654160Z   lz4-c                          1.9.4                hb7217d7_0               conda-forge
2025-01-14T13:09:07.0654730Z   markupsafe                     2.1.5                py312he37b823_0          conda-forge
2025-01-14T13:09:07.0655220Z   matplotlib-base                3.8.4                py312h4479663_2          conda-forge
2025-01-14T13:09:07.0656030Z   matplotlib-inline              0.1.7                pyhd8ed1ab_0             conda-forge
2025-01-14T13:09:07.0656470Z   mistune                        3.0.2                pyhd8ed1ab_0             conda-forge
2025-01-14T13:09:07.0656800Z   mpc                            1.3.1                h91ba8db_0               conda-forge
2025-01-14T13:09:07.0657340Z   mpfr                           4.2.1                h41d338b_1               conda-forge
2025-01-14T13:09:07.0657740Z   mpmath                         1.3.0                pyhd8ed1ab_0             conda-forge
2025-01-14T13:09:07.0658140Z   munkres                        1.1.4                pyh9f0ad1d_0             conda-forge
2025-01-14T13:09:07.0658900Z   mypy_extensions                1.0.0                pyha770c72_0             conda-forge
2025-01-14T13:09:07.0659350Z   nbclassic                      1.1.0                pyhd8ed1ab_0             conda-forge
2025-01-14T13:09:07.0659800Z   nbclient                       0.10.0               pyhd8ed1ab_0             conda-forge
2025-01-14T13:09:07.0660150Z   nbconvert                      7.16.4               hd8ed1ab_1               conda-forge
2025-01-14T13:09:07.0660540Z   nbconvert-core                 7.16.4               pyhd8ed1ab_1             conda-forge
2025-01-14T13:09:07.0660920Z   nbconvert-pandoc               7.16.4               hd8ed1ab_1               conda-forge
2025-01-14T13:09:07.0661280Z   nbformat                       5.10.4               pyhd8ed1ab_0             conda-forge
2025-01-14T13:09:07.0661580Z   nbsphinx                       0.9.4                pyhd8ed1ab_0             conda-forge
2025-01-14T13:09:07.0661910Z   ncurses                        6.5                  hb89a1cb_0               conda-forge
2025-01-14T13:09:07.0662370Z   nest-asyncio                   1.6.0                pyhd8ed1ab_0             conda-forge
2025-01-14T13:09:07.0662760Z   networkx                       3.3                  pyhd8ed1ab_1             conda-forge
2025-01-14T13:09:07.0663110Z   notebook                       7.2.1                pyhd8ed1ab_0             conda-forge
2025-01-14T13:09:07.0663560Z   notebook-shim                  0.2.4                pyhd8ed1ab_0             conda-forge
2025-01-14T13:09:07.0663850Z   numba                          0.59.1               py312hbaff935_0          conda-forge
2025-01-14T13:09:07.0664250Z   numexpr                        2.10.0               py312h8ae5369_0          conda-forge
2025-01-14T13:09:07.0664540Z   numpy                          1.26.4               py312h8442bc7_0          conda-forge
2025-01-14T13:09:07.0664900Z   numpydoc                       1.7.0                pyhd8ed1ab_1             conda-forge
2025-01-14T13:09:07.0665370Z   openjpeg                       2.5.2                h9f1df11_0               conda-forge
2025-01-14T13:09:07.0665680Z   openssl                        3.3.1                hfb2fe0b_0               conda-forge
2025-01-14T13:09:07.0665980Z   overrides                      7.7.0                pyhd8ed1ab_0             conda-forge
2025-01-14T13:09:07.0666270Z   packaging                      24.1                 pyhd8ed1ab_0             conda-forge
2025-01-14T13:09:07.0666570Z   pandas                         2.2.2                py312h8ae5369_1          conda-forge
2025-01-14T13:09:07.0666850Z   pandoc                         3.2                  hce30654_0               conda-forge
2025-01-14T13:09:07.0667290Z   pandocfilters                  1.5.0                pyhd8ed1ab_0             conda-forge
2025-01-14T13:09:07.0667850Z   pango                          1.54.0               h5cb9fbc_0               conda-forge
2025-01-14T13:09:07.0668140Z   parso                          0.8.4                pyhd8ed1ab_0             conda-forge
2025-01-14T13:09:07.0668780Z   pathspec                       0.12.1               pyhd8ed1ab_0             conda-forge
2025-01-14T13:09:07.0669080Z   pbr                            6.0.0                pyhd8ed1ab_0             conda-forge
2025-01-14T13:09:07.0669350Z   pcre2                          10.44                h297a79d_0               conda-forge
2025-01-14T13:09:07.0669620Z   pexpect                        4.9.0                pyhd8ed1ab_0             conda-forge
2025-01-14T13:09:07.0669910Z   pickleshare                    0.7.5                py_1003                  conda-forge
2025-01-14T13:09:07.0670210Z   pillow                         10.3.0               py312h39b1d8d_1          conda-forge
2025-01-14T13:09:07.0670480Z   pip                            24.0                 pyhd8ed1ab_0             conda-forge
2025-01-14T13:09:07.0670740Z   pixman                         0.43.4               hebf3989_0               conda-forge
2025-01-14T13:09:07.0671470Z   pkgutil-resolve-name           1.3.10               pyhd8ed1ab_1             conda-forge
2025-01-14T13:09:07.0671810Z   platformdirs                   4.2.2                pyhd8ed1ab_0             conda-forge
2025-01-14T13:09:07.0672100Z   plotly                         5.22.0               pyhd8ed1ab_0             conda-forge
2025-01-14T13:09:07.0672380Z   pluggy                         1.5.0                pyhd8ed1ab_0             conda-forge
2025-01-14T13:09:07.0672680Z   prometheus_client              0.20.0               pyhd8ed1ab_0             conda-forge
2025-01-14T13:09:07.0673420Z   prompt-toolkit                 3.0.47               pyha770c72_0             conda-forge
2025-01-14T13:09:07.0673790Z   psutil                         5.9.8                py312he37b823_0          conda-forge
2025-01-14T13:09:07.0674230Z   pthread-stubs                  0.4                  h27ca646_1001            conda-forge
2025-01-14T13:09:07.0675030Z   ptyprocess                     0.7.0                pyhd3deb0d_0             conda-forge
2025-01-14T13:09:07.0675340Z   pure_eval                      0.2.2                pyhd8ed1ab_0             conda-forge
2025-01-14T13:09:07.0675720Z   py-cpuinfo                     9.0.0                pyhd8ed1ab_0             conda-forge
2025-01-14T13:09:07.0676210Z   pybtex                         0.24.0               pyhd8ed1ab_2             conda-forge
2025-01-14T13:09:07.0676520Z   pybtex-docutils                1.0.3                py312h81bd7bf_1          conda-forge
2025-01-14T13:09:07.0676830Z   pycparser                      2.22                 pyhd8ed1ab_0             conda-forge
2025-01-14T13:09:07.0677260Z   pyerfa                         2.0.1.4              py312hbebd99a_1          conda-forge
2025-01-14T13:09:07.0677560Z   pygments                       2.18.0               pyhd8ed1ab_0             conda-forge
2025-01-14T13:09:07.0678730Z   pygraphviz                     1.13                 py312h5f4d302_1          conda-forge
2025-01-14T13:09:07.0679040Z   pyobjc-core                    10.3.1               py312hbb55c70_0          conda-forge
2025-01-14T13:09:07.0679370Z   pyobjc-framework-cocoa         10.3.1               py312hbb55c70_0          conda-forge
2025-01-14T13:09:07.0679700Z   pyparsing                      3.1.2                pyhd8ed1ab_0             conda-forge
2025-01-14T13:09:07.0679990Z   pysocks                        1.7.1                pyha2e5f31_6             conda-forge
2025-01-14T13:09:07.0680290Z   pytables                       3.9.2                py312hb622ae1_2          conda-forge
2025-01-14T13:09:07.0680580Z   pytest                         8.2.2                pyhd8ed1ab_0             conda-forge
2025-01-14T13:09:07.0680870Z   pytest-cov                     5.0.0                pyhd8ed1ab_0             conda-forge
2025-01-14T13:09:07.0681190Z   pytest-doctestplus             1.2.1                pyhd8ed1ab_0             conda-forge
2025-01-14T13:09:07.0681600Z   pytest-html                    4.1.1                pyhd8ed1ab_0             conda-forge
2025-01-14T13:09:07.0682370Z   pytest-metadata                3.1.1                pyhd8ed1ab_0             conda-forge
2025-01-14T13:09:07.0682690Z   python                         3.12.4               h30c5eda_0_cpython       conda-forge
2025-01-14T13:09:07.0683010Z   python-dateutil                2.9.0                pyhd8ed1ab_0             conda-forge
2025-01-14T13:09:07.0683390Z   python-fastjsonschema          2.20.0               pyhd8ed1ab_0             conda-forge
2025-01-14T13:09:07.0683760Z   python-json-logger             2.0.7                pyhd8ed1ab_0             conda-forge
2025-01-14T13:09:07.0684110Z   python-tzdata                  2024.1               pyhd8ed1ab_0             conda-forge
2025-01-14T13:09:07.0684410Z   python_abi                     3.12                 4_cp312                  conda-forge
2025-01-14T13:09:07.0684700Z   pytz                           2024.1               pyhd8ed1ab_0             conda-forge
2025-01-14T13:09:07.0685180Z   pyyaml                         6.0.1                py312h02f2b3b_1          conda-forge
2025-01-14T13:09:07.0685470Z   pyzmq                          26.0.3               py312hfa13136_0          conda-forge
2025-01-14T13:09:07.0685750Z   qgrid                          1.3.1                pyhd8ed1ab_4             conda-forge
2025-01-14T13:09:07.0686070Z   radioactivedecay               0.5.1                pyhd8ed1ab_0             conda-forge
2025-01-14T13:09:07.0686390Z   readline                       8.2                  h92ec313_1               conda-forge
2025-01-14T13:09:07.0686690Z   recommonmark                   0.7.1                pyhd8ed1ab_0             conda-forge
2025-01-14T13:09:07.0687030Z   referencing                    0.35.1               pyhd8ed1ab_0             conda-forge
2025-01-14T13:09:07.0687340Z   requests                       2.32.3               pyhd8ed1ab_0             conda-forge
2025-01-14T13:09:07.0687660Z   rfc3339-validator              0.1.4                pyhd8ed1ab_0             conda-forge
2025-01-14T13:09:07.0688010Z   rfc3986-validator              0.1.1                pyh9f0ad1d_0             conda-forge
2025-01-14T13:09:07.0688320Z   rpds-py                        0.18.1               py312h552d48e_0          conda-forge
2025-01-14T13:09:07.0688620Z   ruff                           0.4.9                py312h3402d49_0          conda-forge
2025-01-14T13:09:07.0688970Z   scipy                          1.13.1               py312h14ffa8f_0          conda-forge
2025-01-14T13:09:07.0689260Z   send2trash                     1.8.3                pyh31c8845_0             conda-forge
2025-01-14T13:09:07.0689560Z   setuptools                     70.0.0               pyhd8ed1ab_0             conda-forge
2025-01-14T13:09:07.0689860Z   setuptools-scm                 8.1.0                pyhd8ed1ab_0             conda-forge
2025-01-14T13:09:07.0690190Z   setuptools_scm                 8.1.0                hd8ed1ab_0               conda-forge
2025-01-14T13:09:07.0690490Z   six                            1.16.0               pyh6c4a22f_0             conda-forge
2025-01-14T13:09:07.0690790Z   snakeviz                       2.2.0                pyhd8ed1ab_0             conda-forge
2025-01-14T13:09:07.0691650Z   snappy                         1.2.0                hd04f947_1               conda-forge
2025-01-14T13:09:07.0692010Z   sniffio                        1.3.1                pyhd8ed1ab_0             conda-forge
2025-01-14T13:09:07.0692380Z   snowballstemmer                2.2.0                pyhd8ed1ab_0             conda-forge
2025-01-14T13:09:07.0692690Z   soupsieve                      2.5                  pyhd8ed1ab_1             conda-forge
2025-01-14T13:09:07.0692970Z   sphinx                         7.3.7                pyhd8ed1ab_0             conda-forge
2025-01-14T13:09:07.0693280Z   sphinx-astropy                 1.9.1                pyhd8ed1ab_0             conda-forge
2025-01-14T13:09:07.0693610Z   sphinx-automodapi              0.17.0               pyh717bed2_1             conda-forge
2025-01-14T13:09:07.0694190Z   sphinx-gallery                 0.16.0               pyhd8ed1ab_0             conda-forge
2025-01-14T13:09:07.0694530Z   sphinx-jsonschema              1.19.1               pyhd8ed1ab_0             conda-forge
2025-01-14T13:09:07.0694870Z   sphinx_bootstrap_theme         0.8.1                pyhd8ed1ab_0             conda-forge
2025-01-14T13:09:07.0695200Z   sphinx_rtd_theme               2.0.0                pyha770c72_0             conda-forge
2025-01-14T13:09:07.0695530Z   sphinxcontrib-apidoc           0.3.0                py_1                     conda-forge
2025-01-14T13:09:07.0695910Z   sphinxcontrib-applehelp        1.0.8                pyhd8ed1ab_0             conda-forge
2025-01-14T13:09:07.0696280Z   sphinxcontrib-bibtex           2.6.2                pyhd8ed1ab_0             conda-forge
2025-01-14T13:09:07.0696640Z   sphinxcontrib-devhelp          1.0.6                pyhd8ed1ab_0             conda-forge
2025-01-14T13:09:07.0697110Z   sphinxcontrib-htmlhelp         2.0.5                pyhd8ed1ab_0             conda-forge
2025-01-14T13:09:07.0697660Z   sphinxcontrib-jquery           4.1                  pyhd8ed1ab_0             conda-forge
2025-01-14T13:09:07.0698040Z   sphinxcontrib-jsmath           1.0.1                pyhd8ed1ab_0             conda-forge
2025-01-14T13:09:07.0698390Z   sphinxcontrib-qthelp           1.0.7                pyhd8ed1ab_0             conda-forge
2025-01-14T13:09:07.0698770Z   sphinxcontrib-serializinghtml  1.1.10               pyhd8ed1ab_0             conda-forge
2025-01-14T13:09:07.0699130Z   stack_data                     0.6.2                pyhd8ed1ab_0             conda-forge
2025-01-14T13:09:07.0699410Z   sympy                          1.12.1               pypyh2585a3b_103         conda-forge
2025-01-14T13:09:07.0699720Z   tabulate                       0.9.0                pyhd8ed1ab_1             conda-forge
2025-01-14T13:09:07.0700290Z   tenacity                       8.4.1                pyhd8ed1ab_0             conda-forge
2025-01-14T13:09:07.0700620Z   terminado                      0.18.1               pyh31c8845_0             conda-forge
2025-01-14T13:09:07.0700960Z   tinycss2                       1.3.0                pyhd8ed1ab_0             conda-forge
2025-01-14T13:09:07.0701240Z   tk                             8.6.13               h5083fa2_1               conda-forge
2025-01-14T13:09:07.0704650Z   toml                           0.10.2               pyhd8ed1ab_0             conda-forge
2025-01-14T13:09:07.0704950Z   tomli                          2.0.1                pyhd8ed1ab_0             conda-forge
2025-01-14T13:09:07.0705240Z   tornado                        6.4.1                py312h7e5086c_0          conda-forge
2025-01-14T13:09:07.0705530Z   tqdm                           4.66.4               pyhd8ed1ab_0             conda-forge
2025-01-14T13:09:07.0705820Z   traitlets                      5.14.3               pyhd8ed1ab_0             conda-forge
2025-01-14T13:09:07.0706110Z   typed-ast                      1.5.5                py312h02f2b3b_1          conda-forge
2025-01-14T13:09:07.0706470Z   types-python-dateutil          2.9.0.20240316       pyhd8ed1ab_0             conda-forge
2025-01-14T13:09:07.0706850Z   typing-extensions              4.12.2               hd8ed1ab_0               conda-forge
2025-01-14T13:09:07.0707190Z   typing_extensions              4.12.2               pyha770c72_0             conda-forge
2025-01-14T13:09:07.0708930Z   typing_utils                   0.1.0                pyhd8ed1ab_0             conda-forge
2025-01-14T13:09:07.0709260Z   tzdata                         2024a                h0c530f3_0               conda-forge
2025-01-14T13:09:07.0709550Z   uri-template                   1.3.0                pyhd8ed1ab_0             conda-forge
2025-01-14T13:09:07.0709850Z   urllib3                        2.2.2                pyhd8ed1ab_0             conda-forge
2025-01-14T13:09:07.0710160Z   wcwidth                        0.2.13               pyhd8ed1ab_0             conda-forge
2025-01-14T13:09:07.0711020Z   webcolors                      24.6.0               pyhd8ed1ab_0             conda-forge
2025-01-14T13:09:07.0711350Z   webencodings                   0.5.1                pyhd8ed1ab_2             conda-forge
2025-01-14T13:09:07.0711670Z   websocket-client               1.8.0                pyhd8ed1ab_0             conda-forge
2025-01-14T13:09:07.0711970Z   wheel                          0.43.0               pyhd8ed1ab_1             conda-forge
2025-01-14T13:09:07.0712280Z   widgetsnbextension             3.6.6                pyhd8ed1ab_0             conda-forge
2025-01-14T13:09:07.0712600Z   xorg-libxau                    1.0.11               hb547adb_0               conda-forge
2025-01-14T13:09:07.0712900Z   xorg-libxdmcp                  1.1.3                h27ca646_0               conda-forge
2025-01-14T13:09:07.0713180Z   xz                             5.2.6                h57fd34a_0               conda-forge
2025-01-14T13:09:07.0713700Z   yaml                           0.2.5                h3422bc3_2               conda-forge
2025-01-14T13:09:07.0714210Z   zeromq                         4.3.5                hcc0f68c_4               conda-forge
2025-01-14T13:09:07.0714500Z   zipp                           3.19.2               pyhd8ed1ab_0             conda-forge
2025-01-14T13:09:07.0714800Z   zlib                           1.3.1                hfb2fe0b_1               conda-forge
2025-01-14T13:09:07.0715420Z   zlib-ng                        2.0.7                h1a8c8d9_0               conda-forge
2025-01-14T13:09:07.0715990Z   zstd                           1.5.6                hb46c0d2_0               conda-forge
2025-01-14T13:09:07.0716480Z ##[endgroup]
2025-01-14T13:09:07.0850840Z ##[group]Run pip install -e . --user
2025-01-14T13:09:07.0851380Z [36;1mpip install -e . --user[0m
2025-01-14T13:09:07.5467780Z shell: /bin/bash -l {0}
2025-01-14T13:09:07.5467990Z env:
2025-01-14T13:09:07.5468130Z   CACHE_NUMBER: 0
2025-01-14T13:09:07.5468620Z   PYTEST_FLAGS: --tardis-regression-data=/Users/runner/work/tardis/tardis/tardis-regression-data --cov=tardis --cov-report=xml --cov-report=html --cov-append
2025-01-14T13:09:07.5469370Z   CODECOV_TOKEN: 
2025-01-14T13:09:07.5469540Z   MAMBA_ROOT_PREFIX: /Users/runner/micromamba
2025-01-14T13:09:07.5469780Z   MAMBA_EXE: /Users/runner/micromamba-bin/micromamba
2025-01-14T13:09:07.5470070Z   CONDARC: /Users/runner/work/_temp/setup-micromamba/.condarc
2025-01-14T13:09:07.5470310Z ##[endgroup]
2025-01-14T13:09:09.1808150Z Obtaining file:///Users/runner/work/tardis/tardis
2025-01-14T13:09:09.1837850Z   Installing build dependencies: started
2025-01-14T13:09:13.6248010Z   Installing build dependencies: finished with status 'done'
2025-01-14T13:09:13.6352600Z   Checking if build backend supports build_editable: started
2025-01-14T13:09:13.8439320Z   Checking if build backend supports build_editable: finished with status 'done'
2025-01-14T13:09:13.8450260Z   Getting requirements to build editable: started
2025-01-14T13:09:14.6885610Z   Getting requirements to build editable: finished with status 'done'
2025-01-14T13:09:14.6915580Z   Preparing editable metadata (pyproject.toml): started
2025-01-14T13:09:15.3432330Z   Preparing editable metadata (pyproject.toml): finished with status 'done'
2025-01-14T13:09:15.4548520Z Requirement already satisfied: astropy in /Users/runner/micromamba/envs/tardis/lib/python3.12/site-packages (from tardis==0.0.0) (6.1.1)
2025-01-14T13:09:15.5172450Z Requirement already satisfied: numpy>=1.23 in /Users/runner/micromamba/envs/tardis/lib/python3.12/site-packages (from astropy->tardis==0.0.0) (1.26.4)
2025-01-14T13:09:15.5276510Z Requirement already satisfied: pyerfa>=2.0.1.1 in /Users/runner/micromamba/envs/tardis/lib/python3.12/site-packages (from astropy->tardis==0.0.0) (2.0.1.4)
2025-01-14T13:09:15.5380410Z Requirement already satisfied: astropy-iers-data>=0.2024.5.27.0.30.8 in /Users/runner/micromamba/envs/tardis/lib/python3.12/site-packages (from astropy->tardis==0.0.0) (0.2024.6.17.0.31.35)
2025-01-14T13:09:15.5486790Z Requirement already satisfied: PyYAML>=3.13 in /Users/runner/micromamba/envs/tardis/lib/python3.12/site-packages (from astropy->tardis==0.0.0) (6.0.1)
2025-01-14T13:09:15.5650680Z Requirement already satisfied: packaging>=19.0 in /Users/runner/micromamba/envs/tardis/lib/python3.12/site-packages (from astropy->tardis==0.0.0) (24.1)
2025-01-14T13:09:15.5752380Z Building wheels for collected packages: tardis
2025-01-14T13:09:15.5854080Z   Building editable for tardis (pyproject.toml): started
2025-01-14T13:09:16.6994950Z   Building editable for tardis (pyproject.toml): finished with status 'done'
2025-01-14T13:09:16.7008620Z   Created wheel for tardis: filename=tardis-0.0.0-0.editable-py3-none-any.whl size=8876 sha256=660a53e02da16f0bb28827f6d55e5b4659af67426841e8f239ff0b1be7d88b8c
2025-01-14T13:09:16.7012430Z   Stored in directory: /private/var/folders/ml/x_tvfgn50_s7p67dm1ypcqqm0000gn/T/pip-ephem-wheel-cache-8fyml27u/wheels/bb/4f/6a/0829b918c1c10bc28535ce7f14be21eee54375bdd9cd0c306a
2025-01-14T13:09:16.7044010Z Successfully built tardis
2025-01-14T13:09:17.7040550Z Installing collected packages: tardis
2025-01-14T13:09:17.7116870Z Successfully installed tardis-0.0.0
2025-01-14T13:09:18.4052880Z ##[group]Run pip install qgridnext
2025-01-14T13:09:18.4053300Z [36;1mpip install qgridnext[0m
2025-01-14T13:09:18.4130280Z shell: /bin/bash -l {0}
2025-01-14T13:09:18.4130510Z env:
2025-01-14T13:09:18.4130850Z   CACHE_NUMBER: 0
2025-01-14T13:09:18.4131400Z   PYTEST_FLAGS: --tardis-regression-data=/Users/runner/work/tardis/tardis/tardis-regression-data --cov=tardis --cov-report=xml --cov-report=html --cov-append
2025-01-14T13:09:18.4132090Z   CODECOV_TOKEN: 
2025-01-14T13:09:18.4132330Z   MAMBA_ROOT_PREFIX: /Users/runner/micromamba
2025-01-14T13:09:18.4132680Z   MAMBA_EXE: /Users/runner/micromamba-bin/micromamba
2025-01-14T13:09:18.4133040Z   CONDARC: /Users/runner/work/_temp/setup-micromamba/.condarc
2025-01-14T13:09:18.4133390Z ##[endgroup]
2025-01-14T13:09:19.2723690Z Collecting qgridnext
2025-01-14T13:09:19.3156750Z   Downloading qgridnext-2.0.4-py3-none-any.whl.metadata (9.9 kB)
2025-01-14T13:09:19.3709340Z Requirement already satisfied: pandas>=0.20.0 in /Users/runner/micromamba/envs/tardis/lib/python3.12/site-packages (from qgridnext) (2.2.2)
2025-01-14T13:09:19.3716130Z Requirement already satisfied: ipywidgets>=7.0.0 in /Users/runner/micromamba/envs/tardis/lib/python3.12/site-packages (from qgridnext) (7.8.0)
2025-01-14T13:09:19.3723240Z Requirement already satisfied: numpy in /Users/runner/micromamba/envs/tardis/lib/python3.12/site-packages (from qgridnext) (1.26.4)
2025-01-14T13:09:19.3731370Z Requirement already satisfied: traitlets in /Users/runner/micromamba/envs/tardis/lib/python3.12/site-packages (from qgridnext) (5.14.3)
2025-01-14T13:09:19.3795090Z Requirement already satisfied: comm>=0.1.3 in /Users/runner/micromamba/envs/tardis/lib/python3.12/site-packages (from ipywidgets>=7.0.0->qgridnext) (0.2.2)
2025-01-14T13:09:19.3800140Z Requirement already satisfied: ipython-genutils~=0.2.0 in /Users/runner/micromamba/envs/tardis/lib/python3.12/site-packages (from ipywidgets>=7.0.0->qgridnext) (0.2.0)
2025-01-14T13:09:19.3809610Z Requirement already satisfied: widgetsnbextension~=3.6.5 in /Users/runner/micromamba/envs/tardis/lib/python3.12/site-packages (from ipywidgets>=7.0.0->qgridnext) (3.6.6)
2025-01-14T13:09:19.3818840Z Requirement already satisfied: ipython>=4.0.0 in /Users/runner/micromamba/envs/tardis/lib/python3.12/site-packages (from ipywidgets>=7.0.0->qgridnext) (8.25.0)
2025-01-14T13:09:19.3830190Z Requirement already satisfied: jupyterlab-widgets<3,>=1.0.0 in /Users/runner/micromamba/envs/tardis/lib/python3.12/site-packages (from ipywidgets>=7.0.0->qgridnext) (1.1.7)
2025-01-14T13:09:19.4196370Z Requirement already satisfied: python-dateutil>=2.8.2 in /Users/runner/micromamba/envs/tardis/lib/python3.12/site-packages (from pandas>=0.20.0->qgridnext) (2.9.0)
2025-01-14T13:09:19.4206500Z Requirement already satisfied: pytz>=2020.1 in /Users/runner/micromamba/envs/tardis/lib/python3.12/site-packages (from pandas>=0.20.0->qgridnext) (2024.1)
2025-01-14T13:09:19.4215180Z Requirement already satisfied: tzdata>=2022.7 in /Users/runner/micromamba/envs/tardis/lib/python3.12/site-packages (from pandas>=0.20.0->qgridnext) (2024.1)
2025-01-14T13:09:19.4550830Z Requirement already satisfied: decorator in /Users/runner/micromamba/envs/tardis/lib/python3.12/site-packages (from ipython>=4.0.0->ipywidgets>=7.0.0->qgridnext) (5.1.1)
2025-01-14T13:09:19.4577700Z Requirement already satisfied: jedi>=0.16 in /Users/runner/micromamba/envs/tardis/lib/python3.12/site-packages (from ipython>=4.0.0->ipywidgets>=7.0.0->qgridnext) (0.19.1)
2025-01-14T13:09:19.4615520Z Requirement already satisfied: matplotlib-inline in /Users/runner/micromamba/envs/tardis/lib/python3.12/site-packages (from ipython>=4.0.0->ipywidgets>=7.0.0->qgridnext) (0.1.7)
2025-01-14T13:09:19.4718150Z Requirement already satisfied: prompt-toolkit<3.1.0,>=3.0.41 in /Users/runner/micromamba/envs/tardis/lib/python3.12/site-packages (from ipython>=4.0.0->ipywidgets>=7.0.0->qgridnext) (3.0.47)
2025-01-14T13:09:19.4822480Z Requirement already satisfied: pygments>=2.4.0 in /Users/runner/micromamba/envs/tardis/lib/python3.12/site-packages (from ipython>=4.0.0->ipywidgets>=7.0.0->qgridnext) (2.18.0)
2025-01-14T13:09:19.4920990Z Requirement already satisfied: stack-data in /Users/runner/micromamba/envs/tardis/lib/python3.12/site-packages (from ipython>=4.0.0->ipywidgets>=7.0.0->qgridnext) (0.6.2)
2025-01-14T13:09:19.5023550Z Requirement already satisfied: pexpect>4.3 in /Users/runner/micromamba/envs/tardis/lib/python3.12/site-packages (from ipython>=4.0.0->ipywidgets>=7.0.0->qgridnext) (4.9.0)
2025-01-14T13:09:19.5127320Z Requirement already satisfied: six>=1.5 in /Users/runner/micromamba/envs/tardis/lib/python3.12/site-packages (from python-dateutil>=2.8.2->pandas>=0.20.0->qgridnext) (1.16.0)
2025-01-14T13:09:19.5332350Z Requirement already satisfied: notebook>=4.4.1 in /Users/runner/micromamba/envs/tardis/lib/python3.12/site-packages (from widgetsnbextension~=3.6.5->ipywidgets>=7.0.0->qgridnext) (7.2.1)
2025-01-14T13:09:19.5430960Z Requirement already satisfied: parso<0.9.0,>=0.8.3 in /Users/runner/micromamba/envs/tardis/lib/python3.12/site-packages (from jedi>=0.16->ipython>=4.0.0->ipywidgets>=7.0.0->qgridnext) (0.8.4)
2025-01-14T13:09:19.5535650Z Requirement already satisfied: jupyter-server<3,>=2.4.0 in /Users/runner/micromamba/envs/tardis/lib/python3.12/site-packages (from notebook>=4.4.1->widgetsnbextension~=3.6.5->ipywidgets>=7.0.0->qgridnext) (2.14.1)
2025-01-14T13:09:19.5643530Z Requirement already satisfied: jupyterlab-server<3,>=2.27.1 in /Users/runner/micromamba/envs/tardis/lib/python3.12/site-packages (from notebook>=4.4.1->widgetsnbextension~=3.6.5->ipywidgets>=7.0.0->qgridnext) (2.27.2)
2025-01-14T13:09:19.5747360Z Requirement already satisfied: jupyterlab<4.3,>=4.2.0 in /Users/runner/micromamba/envs/tardis/lib/python3.12/site-packages (from notebook>=4.4.1->widgetsnbextension~=3.6.5->ipywidgets>=7.0.0->qgridnext) (4.2.2)
2025-01-14T13:09:19.5844190Z Requirement already satisfied: notebook-shim<0.3,>=0.2 in /Users/runner/micromamba/envs/tardis/lib/python3.12/site-packages (from notebook>=4.4.1->widgetsnbextension~=3.6.5->ipywidgets>=7.0.0->qgridnext) (0.2.4)
2025-01-14T13:09:19.5949990Z Requirement already satisfied: tornado>=6.2.0 in /Users/runner/micromamba/envs/tardis/lib/python3.12/site-packages (from notebook>=4.4.1->widgetsnbextension~=3.6.5->ipywidgets>=7.0.0->qgridnext) (6.4.1)
2025-01-14T13:09:19.6054580Z Requirement already satisfied: ptyprocess>=0.5 in /Users/runner/micromamba/envs/tardis/lib/python3.12/site-packages (from pexpect>4.3->ipython>=4.0.0->ipywidgets>=7.0.0->qgridnext) (0.7.0)
2025-01-14T13:09:19.6157000Z Requirement already satisfied: wcwidth in /Users/runner/micromamba/envs/tardis/lib/python3.12/site-packages (from prompt-toolkit<3.1.0,>=3.0.41->ipython>=4.0.0->ipywidgets>=7.0.0->qgridnext) (0.2.13)
2025-01-14T13:09:19.6261110Z Requirement already satisfied: executing>=1.2.0 in /Users/runner/micromamba/envs/tardis/lib/python3.12/site-packages (from stack-data->ipython>=4.0.0->ipywidgets>=7.0.0->qgridnext) (2.0.1)
2025-01-14T13:09:19.6363880Z Requirement already satisfied: asttokens>=2.1.0 in /Users/runner/micromamba/envs/tardis/lib/python3.12/site-packages (from stack-data->ipython>=4.0.0->ipywidgets>=7.0.0->qgridnext) (2.4.1)
2025-01-14T13:09:19.6463730Z Requirement already satisfied: pure-eval in /Users/runner/micromamba/envs/tardis/lib/python3.12/site-packages (from stack-data->ipython>=4.0.0->ipywidgets>=7.0.0->qgridnext) (0.2.2)
2025-01-14T13:09:19.6564820Z Requirement already satisfied: anyio>=3.1.0 in /Users/runner/micromamba/envs/tardis/lib/python3.12/site-packages (from jupyter-server<3,>=2.4.0->notebook>=4.4.1->widgetsnbextension~=3.6.5->ipywidgets>=7.0.0->qgridnext) (4.4.0)
2025-01-14T13:09:19.6667550Z Requirement already satisfied: argon2-cffi>=21.1 in /Users/runner/micromamba/envs/tardis/lib/python3.12/site-packages (from jupyter-server<3,>=2.4.0->notebook>=4.4.1->widgetsnbextension~=3.6.5->ipywidgets>=7.0.0->qgridnext) (23.1.0)
2025-01-14T13:09:19.6771440Z Requirement already satisfied: jinja2>=3.0.3 in /Users/runner/micromamba/envs/tardis/lib/python3.12/site-packages (from jupyter-server<3,>=2.4.0->notebook>=4.4.1->widgetsnbextension~=3.6.5->ipywidgets>=7.0.0->qgridnext) (3.1.4)
2025-01-14T13:09:19.6871080Z Requirement already satisfied: jupyter-client>=7.4.4 in /Users/runner/micromamba/envs/tardis/lib/python3.12/site-packages (from jupyter-server<3,>=2.4.0->notebook>=4.4.1->widgetsnbextension~=3.6.5->ipywidgets>=7.0.0->qgridnext) (8.6.2)
2025-01-14T13:09:19.6975550Z Requirement already satisfied: jupyter-core!=5.0.*,>=4.12 in /Users/runner/micromamba/envs/tardis/lib/python3.12/site-packages (from jupyter-server<3,>=2.4.0->notebook>=4.4.1->widgetsnbextension~=3.6.5->ipywidgets>=7.0.0->qgridnext) (5.7.2)
2025-01-14T13:09:19.7080680Z Requirement already satisfied: jupyter-events>=0.9.0 in /Users/runner/micromamba/envs/tardis/lib/python3.12/site-packages (from jupyter-server<3,>=2.4.0->notebook>=4.4.1->widgetsnbextension~=3.6.5->ipywidgets>=7.0.0->qgridnext) (0.10.0)
2025-01-14T13:09:19.7179690Z Requirement already satisfied: jupyter-server-terminals>=0.4.4 in /Users/runner/micromamba/envs/tardis/lib/python3.12/site-packages (from jupyter-server<3,>=2.4.0->notebook>=4.4.1->widgetsnbextension~=3.6.5->ipywidgets>=7.0.0->qgridnext) (0.5.3)
2025-01-14T13:09:19.7282720Z Requirement already satisfied: nbconvert>=6.4.4 in /Users/runner/micromamba/envs/tardis/lib/python3.12/site-packages (from jupyter-server<3,>=2.4.0->notebook>=4.4.1->widgetsnbextension~=3.6.5->ipywidgets>=7.0.0->qgridnext) (7.16.4)
2025-01-14T13:09:19.7393400Z Requirement already satisfied: nbformat>=5.3.0 in /Users/runner/micromamba/envs/tardis/lib/python3.12/site-packages (from jupyter-server<3,>=2.4.0->notebook>=4.4.1->widgetsnbextension~=3.6.5->ipywidgets>=7.0.0->qgridnext) (5.10.4)
2025-01-14T13:09:19.7488820Z Requirement already satisfied: overrides>=5.0 in /Users/runner/micromamba/envs/tardis/lib/python3.12/site-packages (from jupyter-server<3,>=2.4.0->notebook>=4.4.1->widgetsnbextension~=3.6.5->ipywidgets>=7.0.0->qgridnext) (7.7.0)
2025-01-14T13:09:19.7591580Z Requirement already satisfied: packaging>=22.0 in /Users/runner/micromamba/envs/tardis/lib/python3.12/site-packages (from jupyter-server<3,>=2.4.0->notebook>=4.4.1->widgetsnbextension~=3.6.5->ipywidgets>=7.0.0->qgridnext) (24.1)
2025-01-14T13:09:19.7696450Z Requirement already satisfied: prometheus-client>=0.9 in /Users/runner/micromamba/envs/tardis/lib/python3.12/site-packages (from jupyter-server<3,>=2.4.0->notebook>=4.4.1->widgetsnbextension~=3.6.5->ipywidgets>=7.0.0->qgridnext) (0.20.0)
2025-01-14T13:09:19.7797440Z Requirement already satisfied: pyzmq>=24 in /Users/runner/micromamba/envs/tardis/lib/python3.12/site-packages (from jupyter-server<3,>=2.4.0->notebook>=4.4.1->widgetsnbextension~=3.6.5->ipywidgets>=7.0.0->qgridnext) (26.0.3)
2025-01-14T13:09:19.7902830Z Requirement already satisfied: send2trash>=1.8.2 in /Users/runner/micromamba/envs/tardis/lib/python3.12/site-packages (from jupyter-server<3,>=2.4.0->notebook>=4.4.1->widgetsnbextension~=3.6.5->ipywidgets>=7.0.0->qgridnext) (1.8.3)
2025-01-14T13:09:19.8003560Z Requirement already satisfied: terminado>=0.8.3 in /Users/runner/micromamba/envs/tardis/lib/python3.12/site-packages (from jupyter-server<3,>=2.4.0->notebook>=4.4.1->widgetsnbextension~=3.6.5->ipywidgets>=7.0.0->qgridnext) (0.18.1)
2025-01-14T13:09:19.8106100Z Requirement already satisfied: websocket-client>=1.7 in /Users/runner/micromamba/envs/tardis/lib/python3.12/site-packages (from jupyter-server<3,>=2.4.0->notebook>=4.4.1->widgetsnbextension~=3.6.5->ipywidgets>=7.0.0->qgridnext) (1.8.0)
2025-01-14T13:09:19.8206360Z Requirement already satisfied: async-lru>=1.0.0 in /Users/runner/micromamba/envs/tardis/lib/python3.12/site-packages (from jupyterlab<4.3,>=4.2.0->notebook>=4.4.1->widgetsnbextension~=3.6.5->ipywidgets>=7.0.0->qgridnext) (2.0.4)
2025-01-14T13:09:19.8307470Z Requirement already satisfied: httpx>=0.25.0 in /Users/runner/micromamba/envs/tardis/lib/python3.12/site-packages (from jupyterlab<4.3,>=4.2.0->notebook>=4.4.1->widgetsnbextension~=3.6.5->ipywidgets>=7.0.0->qgridnext) (0.27.0)
2025-01-14T13:09:19.8408570Z Requirement already satisfied: ipykernel>=6.5.0 in /Users/runner/micromamba/envs/tardis/lib/python3.12/site-packages (from jupyterlab<4.3,>=4.2.0->notebook>=4.4.1->widgetsnbextension~=3.6.5->ipywidgets>=7.0.0->qgridnext) (6.29.4)
2025-01-14T13:09:19.8509430Z Requirement already satisfied: jupyter-lsp>=2.0.0 in /Users/runner/micromamba/envs/tardis/lib/python3.12/site-packages (from jupyterlab<4.3,>=4.2.0->notebook>=4.4.1->widgetsnbextension~=3.6.5->ipywidgets>=7.0.0->qgridnext) (2.2.5)
2025-01-14T13:09:19.8609810Z Requirement already satisfied: setuptools>=40.1.0 in /Users/runner/micromamba/envs/tardis/lib/python3.12/site-packages (from jupyterlab<4.3,>=4.2.0->notebook>=4.4.1->widgetsnbextension~=3.6.5->ipywidgets>=7.0.0->qgridnext) (70.0.0)
2025-01-14T13:09:19.8712240Z Requirement already satisfied: babel>=2.10 in /Users/runner/micromamba/envs/tardis/lib/python3.12/site-packages (from jupyterlab-server<3,>=2.27.1->notebook>=4.4.1->widgetsnbextension~=3.6.5->ipywidgets>=7.0.0->qgridnext) (2.14.0)
2025-01-14T13:09:19.8811420Z Requirement already satisfied: json5>=0.9.0 in /Users/runner/micromamba/envs/tardis/lib/python3.12/site-packages (from jupyterlab-server<3,>=2.27.1->notebook>=4.4.1->widgetsnbextension~=3.6.5->ipywidgets>=7.0.0->qgridnext) (0.9.25)
2025-01-14T13:09:19.8913760Z Requirement already satisfied: jsonschema>=4.18.0 in /Users/runner/micromamba/envs/tardis/lib/python3.12/site-packages (from jupyterlab-server<3,>=2.27.1->notebook>=4.4.1->widgetsnbextension~=3.6.5->ipywidgets>=7.0.0->qgridnext) (4.22.0)
2025-01-14T13:09:19.9014000Z Requirement already satisfied: requests>=2.31 in /Users/runner/micromamba/envs/tardis/lib/python3.12/site-packages (from jupyterlab-server<3,>=2.27.1->notebook>=4.4.1->widgetsnbextension~=3.6.5->ipywidgets>=7.0.0->qgridnext) (2.32.3)
2025-01-14T13:09:19.9114290Z Requirement already satisfied: idna>=2.8 in /Users/runner/micromamba/envs/tardis/lib/python3.12/site-packages (from anyio>=3.1.0->jupyter-server<3,>=2.4.0->notebook>=4.4.1->widgetsnbextension~=3.6.5->ipywidgets>=7.0.0->qgridnext) (3.7)
2025-01-14T13:09:19.9214810Z Requirement already satisfied: sniffio>=1.1 in /Users/runner/micromamba/envs/tardis/lib/python3.12/site-packages (from anyio>=3.1.0->jupyter-server<3,>=2.4.0->notebook>=4.4.1->widgetsnbextension~=3.6.5->ipywidgets>=7.0.0->qgridnext) (1.3.1)
2025-01-14T13:09:19.9317440Z Requirement already satisfied: argon2-cffi-bindings in /Users/runner/micromamba/envs/tardis/lib/python3.12/site-packages (from argon2-cffi>=21.1->jupyter-server<3,>=2.4.0->notebook>=4.4.1->widgetsnbextension~=3.6.5->ipywidgets>=7.0.0->qgridnext) (21.2.0)
2025-01-14T13:09:19.9420930Z Requirement already satisfied: certifi in /Users/runner/micromamba/envs/tardis/lib/python3.12/site-packages (from httpx>=0.25.0->jupyterlab<4.3,>=4.2.0->notebook>=4.4.1->widgetsnbextension~=3.6.5->ipywidgets>=7.0.0->qgridnext) (2024.6.2)
2025-01-14T13:09:19.9525790Z Requirement already satisfied: httpcore==1.* in /Users/runner/micromamba/envs/tardis/lib/python3.12/site-packages (from httpx>=0.25.0->jupyterlab<4.3,>=4.2.0->notebook>=4.4.1->widgetsnbextension~=3.6.5->ipywidgets>=7.0.0->qgridnext) (1.0.5)
2025-01-14T13:09:19.9627800Z Requirement already satisfied: h11<0.15,>=0.13 in /Users/runner/micromamba/envs/tardis/lib/python3.12/site-packages (from httpcore==1.*->httpx>=0.25.0->jupyterlab<4.3,>=4.2.0->notebook>=4.4.1->widgetsnbextension~=3.6.5->ipywidgets>=7.0.0->qgridnext) (0.14.0)
2025-01-14T13:09:19.9730190Z Requirement already satisfied: appnope in /Users/runner/micromamba/envs/tardis/lib/python3.12/site-packages (from ipykernel>=6.5.0->jupyterlab<4.3,>=4.2.0->notebook>=4.4.1->widgetsnbextension~=3.6.5->ipywidgets>=7.0.0->qgridnext) (0.1.4)
2025-01-14T13:09:19.9830850Z Requirement already satisfied: debugpy>=1.6.5 in /Users/runner/micromamba/envs/tardis/lib/python3.12/site-packages (from ipykernel>=6.5.0->jupyterlab<4.3,>=4.2.0->notebook>=4.4.1->widgetsnbextension~=3.6.5->ipywidgets>=7.0.0->qgridnext) (1.8.1)
2025-01-14T13:09:19.9934220Z Requirement already satisfied: nest-asyncio in /Users/runner/micromamba/envs/tardis/lib/python3.12/site-packages (from ipykernel>=6.5.0->jupyterlab<4.3,>=4.2.0->notebook>=4.4.1->widgetsnbextension~=3.6.5->ipywidgets>=7.0.0->qgridnext) (1.6.0)
2025-01-14T13:09:20.0035070Z Requirement already satisfied: psutil in /Users/runner/micromamba/envs/tardis/lib/python3.12/site-packages (from ipykernel>=6.5.0->jupyterlab<4.3,>=4.2.0->notebook>=4.4.1->widgetsnbextension~=3.6.5->ipywidgets>=7.0.0->qgridnext) (5.9.8)
2025-01-14T13:09:20.0036660Z Requirement already satisfied: MarkupSafe>=2.0 in /Users/runner/micromamba/envs/tardis/lib/python3.12/site-packages (from jinja2>=3.0.3->jupyter-server<3,>=2.4.0->notebook>=4.4.1->widgetsnbextension~=3.6.5->ipywidgets>=7.0.0->qgridnext) (2.1.5)
2025-01-14T13:09:20.0139020Z Requirement already satisfied: attrs>=22.2.0 in /Users/runner/micromamba/envs/tardis/lib/python3.12/site-packages (from jsonschema>=4.18.0->jupyterlab-server<3,>=2.27.1->notebook>=4.4.1->widgetsnbextension~=3.6.5->ipywidgets>=7.0.0->qgridnext) (23.2.0)
2025-01-14T13:09:20.0241490Z Requirement already satisfied: jsonschema-specifications>=2023.03.6 in /Users/runner/micromamba/envs/tardis/lib/python3.12/site-packages (from jsonschema>=4.18.0->jupyterlab-server<3,>=2.27.1->notebook>=4.4.1->widgetsnbextension~=3.6.5->ipywidgets>=7.0.0->qgridnext) (2023.12.1)
2025-01-14T13:09:20.0343580Z Requirement already satisfied: referencing>=0.28.4 in /Users/runner/micromamba/envs/tardis/lib/python3.12/site-packages (from jsonschema>=4.18.0->jupyterlab-server<3,>=2.27.1->notebook>=4.4.1->widgetsnbextension~=3.6.5->ipywidgets>=7.0.0->qgridnext) (0.35.1)
2025-01-14T13:09:20.0445670Z Requirement already satisfied: rpds-py>=0.7.1 in /Users/runner/micromamba/envs/tardis/lib/python3.12/site-packages (from jsonschema>=4.18.0->jupyterlab-server<3,>=2.27.1->notebook>=4.4.1->widgetsnbextension~=3.6.5->ipywidgets>=7.0.0->qgridnext) (0.18.1)
2025-01-14T13:09:20.0547790Z Requirement already satisfied: platformdirs>=2.5 in /Users/runner/micromamba/envs/tardis/lib/python3.12/site-packages (from jupyter-core!=5.0.*,>=4.12->jupyter-server<3,>=2.4.0->notebook>=4.4.1->widgetsnbextension~=3.6.5->ipywidgets>=7.0.0->qgridnext) (4.2.2)
2025-01-14T13:09:20.0649770Z Requirement already satisfied: python-json-logger>=2.0.4 in /Users/runner/micromamba/envs/tardis/lib/python3.12/site-packages (from jupyter-events>=0.9.0->jupyter-server<3,>=2.4.0->notebook>=4.4.1->widgetsnbextension~=3.6.5->ipywidgets>=7.0.0->qgridnext) (2.0.7)
2025-01-14T13:09:20.0755910Z Requirement already satisfied: pyyaml>=5.3 in /Users/runner/micromamba/envs/tardis/lib/python3.12/site-packages (from jupyter-events>=0.9.0->jupyter-server<3,>=2.4.0->notebook>=4.4.1->widgetsnbextension~=3.6.5->ipywidgets>=7.0.0->qgridnext) (6.0.1)
2025-01-14T13:09:20.0860160Z Requirement already satisfied: rfc3339-validator in /Users/runner/micromamba/envs/tardis/lib/python3.12/site-packages (from jupyter-events>=0.9.0->jupyter-server<3,>=2.4.0->notebook>=4.4.1->widgetsnbextension~=3.6.5->ipywidgets>=7.0.0->qgridnext) (0.1.4)
2025-01-14T13:09:20.1034630Z Requirement already satisfied: rfc3986-validator>=0.1.1 in /Users/runner/micromamba/envs/tardis/lib/python3.12/site-packages (from jupyter-events>=0.9.0->jupyter-server<3,>=2.4.0->notebook>=4.4.1->widgetsnbextension~=3.6.5->ipywidgets>=7.0.0->qgridnext) (0.1.1)
2025-01-14T13:09:20.1082880Z Requirement already satisfied: beautifulsoup4 in /Users/runner/micromamba/envs/tardis/lib/python3.12/site-packages (from nbconvert>=6.4.4->jupyter-server<3,>=2.4.0->notebook>=4.4.1->widgetsnbextension~=3.6.5->ipywidgets>=7.0.0->qgridnext) (4.12.3)
2025-01-14T13:09:20.1185040Z Requirement already satisfied: bleach!=5.0.0 in /Users/runner/micromamba/envs/tardis/lib/python3.12/site-packages (from nbconvert>=6.4.4->jupyter-server<3,>=2.4.0->notebook>=4.4.1->widgetsnbextension~=3.6.5->ipywidgets>=7.0.0->qgridnext) (6.1.0)
2025-01-14T13:09:20.1277000Z Requirement already satisfied: defusedxml in /Users/runner/micromamba/envs/tardis/lib/python3.12/site-packages (from nbconvert>=6.4.4->jupyter-server<3,>=2.4.0->notebook>=4.4.1->widgetsnbextension~=3.6.5->ipywidgets>=7.0.0->qgridnext) (0.7.1)
2025-01-14T13:09:20.1301480Z Requirement already satisfied: jupyterlab-pygments in /Users/runner/micromamba/envs/tardis/lib/python3.12/site-packages (from nbconvert>=6.4.4->jupyter-server<3,>=2.4.0->notebook>=4.4.1->widgetsnbextension~=3.6.5->ipywidgets>=7.0.0->qgridnext) (0.3.0)
2025-01-14T13:09:20.1312540Z Requirement already satisfied: mistune<4,>=2.0.3 in /Users/runner/micromamba/envs/tardis/lib/python3.12/site-packages (from nbconvert>=6.4.4->jupyter-server<3,>=2.4.0->notebook>=4.4.1->widgetsnbextension~=3.6.5->ipywidgets>=7.0.0->qgridnext) (3.0.2)
2025-01-14T13:09:20.1314100Z Requirement already satisfied: nbclient>=0.5.0 in /Users/runner/micromamba/envs/tardis/lib/python3.12/site-packages (from nbconvert>=6.4.4->jupyter-server<3,>=2.4.0->notebook>=4.4.1->widgetsnbextension~=3.6.5->ipywidgets>=7.0.0->qgridnext) (0.10.0)
2025-01-14T13:09:20.1315680Z Requirement already satisfied: pandocfilters>=1.4.1 in /Users/runner/micromamba/envs/tardis/lib/python3.12/site-packages (from nbconvert>=6.4.4->jupyter-server<3,>=2.4.0->notebook>=4.4.1->widgetsnbextension~=3.6.5->ipywidgets>=7.0.0->qgridnext) (1.5.0)
2025-01-14T13:09:20.1317150Z Requirement already satisfied: tinycss2 in /Users/runner/micromamba/envs/tardis/lib/python3.12/site-packages (from nbconvert>=6.4.4->jupyter-server<3,>=2.4.0->notebook>=4.4.1->widgetsnbextension~=3.6.5->ipywidgets>=7.0.0->qgridnext) (1.3.0)
2025-01-14T13:09:20.1318720Z Requirement already satisfied: fastjsonschema>=2.15 in /Users/runner/micromamba/envs/tardis/lib/python3.12/site-packages (from nbformat>=5.3.0->jupyter-server<3,>=2.4.0->notebook>=4.4.1->widgetsnbextension~=3.6.5->ipywidgets>=7.0.0->qgridnext) (2.20.0)
2025-01-14T13:09:20.1320330Z Requirement already satisfied: charset-normalizer<4,>=2 in /Users/runner/micromamba/envs/tardis/lib/python3.12/site-packages (from requests>=2.31->jupyterlab-server<3,>=2.27.1->notebook>=4.4.1->widgetsnbextension~=3.6.5->ipywidgets>=7.0.0->qgridnext) (3.3.2)
2025-01-14T13:09:20.1321980Z Requirement already satisfied: urllib3<3,>=1.21.1 in /Users/runner/micromamba/envs/tardis/lib/python3.12/site-packages (from requests>=2.31->jupyterlab-server<3,>=2.27.1->notebook>=4.4.1->widgetsnbextension~=3.6.5->ipywidgets>=7.0.0->qgridnext) (2.2.2)
2025-01-14T13:09:20.1323650Z Requirement already satisfied: webencodings in /Users/runner/micromamba/envs/tardis/lib/python3.12/site-packages (from bleach!=5.0.0->nbconvert>=6.4.4->jupyter-server<3,>=2.4.0->notebook>=4.4.1->widgetsnbextension~=3.6.5->ipywidgets>=7.0.0->qgridnext) (0.5.1)
2025-01-14T13:09:20.1744120Z Requirement already satisfied: fqdn in /Users/runner/micromamba/envs/tardis/lib/python3.12/site-packages (from jsonschema[format-nongpl]>=4.18.0->jupyter-events>=0.9.0->jupyter-server<3,>=2.4.0->notebook>=4.4.1->widgetsnbextension~=3.6.5->ipywidgets>=7.0.0->qgridnext) (1.5.1)
2025-01-14T13:09:20.1776760Z Requirement already satisfied: isoduration in /Users/runner/micromamba/envs/tardis/lib/python3.12/site-packages (from jsonschema[format-nongpl]>=4.18.0->jupyter-events>=0.9.0->jupyter-server<3,>=2.4.0->notebook>=4.4.1->widgetsnbextension~=3.6.5->ipywidgets>=7.0.0->qgridnext) (20.11.0)
2025-01-14T13:09:20.1880100Z Requirement already satisfied: jsonpointer>1.13 in /Users/runner/micromamba/envs/tardis/lib/python3.12/site-packages (from jsonschema[format-nongpl]>=4.18.0->jupyter-events>=0.9.0->jupyter-server<3,>=2.4.0->notebook>=4.4.1->widgetsnbextension~=3.6.5->ipywidgets>=7.0.0->qgridnext) (3.0.0)
2025-01-14T13:09:20.1984830Z Requirement already satisfied: uri-template in /Users/runner/micromamba/envs/tardis/lib/python3.12/site-packages (from jsonschema[format-nongpl]>=4.18.0->jupyter-events>=0.9.0->jupyter-server<3,>=2.4.0->notebook>=4.4.1->widgetsnbextension~=3.6.5->ipywidgets>=7.0.0->qgridnext) (1.3.0)
2025-01-14T13:09:20.2093940Z Requirement already satisfied: webcolors>=1.11 in /Users/runner/micromamba/envs/tardis/lib/python3.12/site-packages (from jsonschema[format-nongpl]>=4.18.0->jupyter-events>=0.9.0->jupyter-server<3,>=2.4.0->notebook>=4.4.1->widgetsnbextension~=3.6.5->ipywidgets>=7.0.0->qgridnext) (24.6.0)
2025-01-14T13:09:20.2857850Z Requirement already satisfied: cffi>=1.0.1 in /Users/runner/micromamba/envs/tardis/lib/python3.12/site-packages (from argon2-cffi-bindings->argon2-cffi>=21.1->jupyter-server<3,>=2.4.0->notebook>=4.4.1->widgetsnbextension~=3.6.5->ipywidgets>=7.0.0->qgridnext) (1.16.0)
2025-01-14T13:09:20.2957830Z Requirement already satisfied: soupsieve>1.2 in /Users/runner/micromamba/envs/tardis/lib/python3.12/site-packages (from beautifulsoup4->nbconvert>=6.4.4->jupyter-server<3,>=2.4.0->notebook>=4.4.1->widgetsnbextension~=3.6.5->ipywidgets>=7.0.0->qgridnext) (2.5)
2025-01-14T13:09:20.3365780Z Requirement already satisfied: pycparser in /Users/runner/micromamba/envs/tardis/lib/python3.12/site-packages (from cffi>=1.0.1->argon2-cffi-bindings->argon2-cffi>=21.1->jupyter-server<3,>=2.4.0->notebook>=4.4.1->widgetsnbextension~=3.6.5->ipywidgets>=7.0.0->qgridnext) (2.22)
2025-01-14T13:09:20.4071480Z Requirement already satisfied: arrow>=0.15.0 in /Users/runner/micromamba/envs/tardis/lib/python3.12/site-packages (from isoduration->jsonschema[format-nongpl]>=4.18.0->jupyter-events>=0.9.0->jupyter-server<3,>=2.4.0->notebook>=4.4.1->widgetsnbextension~=3.6.5->ipywidgets>=7.0.0->qgridnext) (1.3.0)
2025-01-14T13:09:20.4308000Z Requirement already satisfied: types-python-dateutil>=2.8.10 in /Users/runner/micromamba/envs/tardis/lib/python3.12/site-packages (from arrow>=0.15.0->isoduration->jsonschema[format-nongpl]>=4.18.0->jupyter-events>=0.9.0->jupyter-server<3,>=2.4.0->notebook>=4.4.1->widgetsnbextension~=3.6.5->ipywidgets>=7.0.0->qgridnext) (2.9.0.20240316)
2025-01-14T13:09:20.4560840Z Downloading qgridnext-2.0.4-py3-none-any.whl (1.3 MB)
2025-01-14T13:09:20.5174760Z    â”â”â”â”â”â”â”â”â”â”â”â”â”â”â”â”â”â”â”â”â”â”â”â”â”â”â”â”â”â”â”â”â”â”â”â”â”â”â”â” 1.3/1.3 MB 21.4 MB/s eta 0:00:00
2025-01-14T13:09:21.1824760Z Installing collected packages: qgridnext
2025-01-14T13:09:21.2313340Z Successfully installed qgridnext-2.0.4
2025-01-14T13:09:21.4861900Z ##[group]Run pytest tardis --tardis-regression-data=/Users/runner/work/tardis/tardis/tardis-regression-data --cov=tardis --cov-report=xml --cov-report=html --cov-append -m " continuum"
2025-01-14T13:09:21.4862900Z [36;1mpytest tardis --tardis-regression-data=/Users/runner/work/tardis/tardis/tardis-regression-data --cov=tardis --cov-report=xml --cov-report=html --cov-append -m " continuum"[0m
2025-01-14T13:09:21.4938680Z shell: /bin/bash -l {0}
2025-01-14T13:09:21.4938890Z env:
2025-01-14T13:09:21.4939290Z   CACHE_NUMBER: 0
2025-01-14T13:09:21.4939840Z   PYTEST_FLAGS: --tardis-regression-data=/Users/runner/work/tardis/tardis/tardis-regression-data --cov=tardis --cov-report=xml --cov-report=html --cov-append
2025-01-14T13:09:21.4940340Z   CODECOV_TOKEN: 
2025-01-14T13:09:21.4940500Z   MAMBA_ROOT_PREFIX: /Users/runner/micromamba
2025-01-14T13:09:21.4940760Z   MAMBA_EXE: /Users/runner/micromamba-bin/micromamba
2025-01-14T13:09:21.4941090Z   CONDARC: /Users/runner/work/_temp/setup-micromamba/.condarc
2025-01-14T13:09:21.4941370Z ##[endgroup]
2025-01-14T13:09:35.5958230Z ============================= test session starts ==============================
2025-01-14T13:09:35.5959790Z platform darwin -- Python 3.12.4, pytest-8.2.2, pluggy-1.5.0
2025-01-14T13:09:35.5960680Z rootdir: /Users/runner/work/tardis/tardis
2025-01-14T13:09:35.6001780Z configfile: pyproject.toml
2025-01-14T13:09:35.6003120Z plugins: cov-5.0.0, html-4.1.1, metadata-3.1.1, doctestplus-1.2.1, anyio-4.4.0
2025-01-14T13:09:35.6004170Z collected 1796 items / 1794 deselected / 2 selected
2025-01-14T13:09:35.6004720Z 
2025-01-14T13:10:16.3383570Z tardis/transport/montecarlo/estimators/tests/test_continuum_property_solver.py F [ 50%]
2025-01-14T13:10:16.3486320Z                                                                          [ 50%]
2025-01-14T13:10:48.2327490Z tardis/transport/montecarlo/tests/test_continuum.py F                    [100%]
2025-01-14T13:10:48.2328010Z 
2025-01-14T13:10:48.2339450Z =================================== FAILURES ===================================
2025-01-14T13:10:48.2339880Z __________________________ test_continuum_estimators ___________________________
2025-01-14T13:10:48.2340160Z 
2025-01-14T13:10:48.2340840Z continuum_config = {'tardis_config_version': 'v1.0', 'supernova': {'luminosity_requested': <Quantity 4.31528298e+42 erg / s>, 'time_explo...': 10.0, 'survival_probability': 0.0, 'enable_biasing': False, 'virtual_packet_logging': False}}, 'config_dirname': ''}
2025-01-14T13:10:48.2341700Z nlte_atomic_dataset = <Atomic Data UUID=None MD5=None Lines=69056 Levels=26012>
2025-01-14T13:10:48.2341970Z 
2025-01-14T13:10:48.2342100Z     @pytest.mark.continuum
2025-01-14T13:10:48.2342420Z     def test_continuum_estimators(
2025-01-14T13:10:48.2342640Z         continuum_config,
2025-01-14T13:10:48.2342910Z         nlte_atomic_dataset,
2025-01-14T13:10:48.2343140Z     ):
2025-01-14T13:10:48.2343450Z         nlte_atomic_dataset = deepcopy(nlte_atomic_dataset)
2025-01-14T13:10:48.2343770Z         continuum_simulation = Simulation.from_config(
2025-01-14T13:10:48.2344180Z             continuum_config,
2025-01-14T13:10:48.2344480Z             atom_data=nlte_atomic_dataset,
2025-01-14T13:10:48.2344890Z             virtual_packet_logging=False,
2025-01-14T13:10:48.2345210Z         )
2025-01-14T13:10:48.2345520Z         # continuum_simulation.run_convergence()
2025-01-14T13:10:48.2345840Z         continuum_properties_solver_dilute_bb = (
2025-01-14T13:10:48.2346260Z             DiluteBlackBodyContinuumPropertiesSolver(
2025-01-14T13:10:48.2346590Z                 continuum_simulation.plasma.atomic_data
2025-01-14T13:10:48.2346950Z             )
2025-01-14T13:10:48.2347170Z         )
2025-01-14T13:10:48.2347490Z     
2025-01-14T13:10:48.2347740Z         continuum_properties_dilute_bb = (
2025-01-14T13:10:48.2348170Z             continuum_properties_solver_dilute_bb.solve(
2025-01-14T13:10:48.2348510Z                 continuum_simulation.simulation_state.radiation_field_state,
2025-01-14T13:10:48.2354260Z                 continuum_simulation.plasma.t_electrons,
2025-01-14T13:10:48.2354660Z             )
2025-01-14T13:10:48.2354920Z         )
2025-01-14T13:10:48.2355540Z     
2025-01-14T13:10:48.2355800Z         continuum_plasma = continuum_simulation.plasma
2025-01-14T13:10:48.2356140Z     
2025-01-14T13:10:48.2356350Z         pdt.assert_frame_equal(
2025-01-14T13:10:48.2356760Z             continuum_properties_dilute_bb.photo_ionization_rate_coefficient,
2025-01-14T13:10:48.2357150Z             continuum_simulation.plasma.gamma,
2025-01-14T13:10:48.2357540Z         )
2025-01-14T13:10:48.2357760Z         stimulated_recomb_rate_coeff = (
2025-01-14T13:10:48.2358180Z             continuum_properties_dilute_bb.stimulated_recombination_rate_factor
2025-01-14T13:10:48.2358540Z             * continuum_plasma.phi_ik.loc[
2025-01-14T13:10:48.2358990Z                 continuum_properties_dilute_bb.stimulated_recombination_rate_factor.index
2025-01-14T13:10:48.2359330Z             ]
2025-01-14T13:10:48.2359590Z         )
2025-01-14T13:10:48.2359790Z         pdt.assert_frame_equal(
2025-01-14T13:10:48.2360190Z             stimulated_recomb_rate_coeff, continuum_plasma.alpha_stim
2025-01-14T13:10:48.2360500Z         )
2025-01-14T13:10:48.2360820Z     
2025-01-14T13:10:48.2361040Z >       continuum_simulation.run_final()
2025-01-14T13:10:48.2361260Z 
2025-01-14T13:10:48.2361540Z tardis/transport/montecarlo/estimators/tests/test_continuum_property_solver.py:54: 
2025-01-14T13:10:48.2362030Z _ _ _ _ _ _ _ _ _ _ _ _ _ _ _ _ _ _ _ _ _ _ _ _ _ _ _ _ _ _ _ _ _ _ _ _ _ _ _ _ 
2025-01-14T13:10:48.2362360Z tardis/simulation/base.py:558: in run_final
2025-01-14T13:10:48.2362770Z     emitted_luminosity, v_packets_energy_hist = self.iterate(
2025-01-14T13:10:48.2363130Z tardis/simulation/base.py:462: in iterate
2025-01-14T13:10:48.2363620Z     transport_state = self.transport.initialize_transport_state(
2025-01-14T13:10:48.2363960Z _ _ _ _ _ _ _ _ _ _ _ _ _ _ _ _ _ _ _ _ _ _ _ _ _ _ _ _ _ _ _ _ _ _ _ _ _ _ _ _ 
2025-01-14T13:10:48.2364690Z 
2025-01-14T13:10:48.2365010Z self = <tardis.transport.montecarlo.base.MonteCarloTransportSolver object at 0x170ab8380>
2025-01-14T13:10:48.2365650Z simulation_state = <tardis.model.base.SimulationState object at 0x11e2d6d20>
2025-01-14T13:10:48.2366150Z opacity_state = <tardis.opacities.opacity_state.OpacityState object at 0x175961ca0>
2025-01-14T13:10:48.2366710Z macro_atom_state = <tardis.opacities.macro_atom.macroatom_state.MacroAtomState object at 0x1302d8c50>
2025-01-14T13:10:48.2367160Z plasma = <tardis.plasma.base.BasePlasma object at 0x11e310530>
2025-01-14T13:10:48.2367580Z no_of_packets = 1000, no_of_virtual_packets = 0, iteration = 0
2025-01-14T13:10:48.2367810Z 
2025-01-14T13:10:48.2367880Z     def initialize_transport_state(
2025-01-14T13:10:48.2368130Z         self,
2025-01-14T13:10:48.2368320Z         simulation_state,
2025-01-14T13:10:48.2368570Z         opacity_state,
2025-01-14T13:10:48.2368850Z         macro_atom_state,
2025-01-14T13:10:48.2369180Z         plasma,
2025-01-14T13:10:48.2369390Z         no_of_packets,
2025-01-14T13:10:48.2369840Z         no_of_virtual_packets=0,
2025-01-14T13:10:48.2370130Z         iteration=0,
2025-01-14T13:10:48.2370450Z     ):
2025-01-14T13:10:48.2370780Z         if not plasma.continuum_interaction_species.empty:
2025-01-14T13:10:48.2371110Z             gamma_shape = plasma.gamma.shape
2025-01-14T13:10:48.2371510Z         else:
2025-01-14T13:10:48.2371710Z             gamma_shape = (0, 0)
2025-01-14T13:10:48.2372020Z     
2025-01-14T13:10:48.2372310Z         packet_collection = self.packet_source.create_packets(
2025-01-14T13:10:48.2372740Z             no_of_packets, seed_offset=iteration
2025-01-14T13:10:48.2373040Z         )
2025-01-14T13:10:48.2373300Z     
2025-01-14T13:10:48.2373520Z         geometry_state = simulation_state.geometry.to_numba()
2025-01-14T13:10:48.2373970Z         if hasattr(plasma, "photo_ion_cross_sections"):
2025-01-14T13:10:48.2374360Z             continuum_state = ContinuumState.from_legacy_plasma(plasma)
2025-01-14T13:10:48.2375070Z         else:
2025-01-14T13:10:48.2375360Z             continuum_state = None
2025-01-14T13:10:48.2375730Z         self.opacity_state_numba = OpacityState(
2025-01-14T13:10:48.2376020Z             electron_density=plasma.electron_densities,
2025-01-14T13:10:48.2376420Z             t_electrons=plasma.t_electrons,
2025-01-14T13:10:48.2376860Z             line_list_nu=plasma.atomic_data.lines.nu,
2025-01-14T13:10:48.2377190Z             tau_sobolev=opacity_state.tau_sobolev,
2025-01-14T13:10:48.2377510Z             beta_sobolev=plasma.beta_sobolev,
2025-01-14T13:10:48.2377850Z             continuum_state=continuum_state,
2025-01-14T13:10:48.2378080Z         ).to_numba(
2025-01-14T13:10:48.2378340Z             macro_atom_state,
2025-01-14T13:10:48.2379420Z             self.line_interaction_type,
2025-01-14T13:10:48.2379920Z         )
2025-01-14T13:10:48.2380180Z >       opacity_state_numba = opacity_state_numba[
2025-01-14T13:10:48.2380750Z             simulation_state.geometry.v_inner_boundary_index : simulation_state.geometry.v_outer_boundary_index
2025-01-14T13:10:48.2381200Z         ]
2025-01-14T13:10:48.2381740Z E       UnboundLocalError: cannot access local variable 'opacity_state_numba' where it is not associated with a value
2025-01-14T13:10:48.2382190Z 
2025-01-14T13:10:48.2382400Z tardis/transport/montecarlo/base.py:133: UnboundLocalError
2025-01-14T13:10:48.2382790Z ----------------------------- Captured stdout call -----------------------------
2025-01-14T13:10:48.2385120Z [[1mtardis.io.model.parse_density_configuration[0m][[1;33mWARNING[0m]  
2025-01-14T13:10:48.2385780Z 	Number of density points larger than number of shells. Assuming inner point irrelevant ([1mparse_density_configuration.py[0m:114)
2025-01-14T13:10:48.2386440Z ----------------------------- Captured stderr call -----------------------------
2025-01-14T13:10:48.2386880Z OMP: Info #276: omp_set_nested routine deprecated, please use omp_set_max_active_levels instead.
2025-01-14T13:10:48.2387370Z ------------------------------ Captured log call -------------------------------
2025-01-14T13:10:48.2388340Z WARNING  tardis.io.model.parse_density_configuration:parse_density_configuration.py:114 Number of density points larger than number of shells. Assuming inner point irrelevant
2025-01-14T13:10:48.2389110Z __________________________ test_montecarlo_continuum ___________________________
2025-01-14T13:10:48.2389410Z 
2025-01-14T13:10:48.2389920Z continuum_config = {'tardis_config_version': 'v1.0', 'supernova': {'luminosity_requested': <Quantity 4.31528298e+42 erg / s>, 'time_explo...': 10.0, 'survival_probability': 0.0, 'enable_biasing': False, 'virtual_packet_logging': False}}, 'config_dirname': ''}
2025-01-14T13:10:48.2390930Z regression_data = <tardis.tests.fixtures.regression_data.RegressionData object at 0x175be6300>
2025-01-14T13:10:48.2391520Z nlte_atomic_dataset = <Atomic Data UUID=None MD5=None Lines=69056 Levels=26012>
2025-01-14T13:10:48.2391740Z 
2025-01-14T13:10:48.2391900Z     @pytest.mark.continuum
2025-01-14T13:10:48.2392270Z     def test_montecarlo_continuum(
2025-01-14T13:10:48.2392570Z         continuum_config,
2025-01-14T13:10:48.2392840Z         regression_data,
2025-01-14T13:10:48.2393090Z         nlte_atomic_dataset,
2025-01-14T13:10:48.2393460Z     ):
2025-01-14T13:10:48.2393730Z         nlte_atomic_dataset = deepcopy(nlte_atomic_dataset)
2025-01-14T13:10:48.2394190Z         continuum_simulation = Simulation.from_config(
2025-01-14T13:10:48.2394540Z             continuum_config,
2025-01-14T13:10:48.2394870Z             atom_data=nlte_atomic_dataset,
2025-01-14T13:10:48.2395110Z             virtual_packet_logging=False,
2025-01-14T13:10:48.2395450Z         )
2025-01-14T13:10:48.2395670Z         # continuum_simulation.run_convergence()
2025-01-14T13:10:48.2395990Z     
2025-01-14T13:10:48.2396210Z >       continuum_simulation.run_final()
2025-01-14T13:10:48.2396460Z 
2025-01-14T13:10:48.2396640Z tardis/transport/montecarlo/tests/test_continuum.py:23: 
2025-01-14T13:10:48.2397330Z _ _ _ _ _ _ _ _ _ _ _ _ _ _ _ _ _ _ _ _ _ _ _ _ _ _ _ _ _ _ _ _ _ _ _ _ _ _ _ _ 
2025-01-14T13:10:48.2397940Z tardis/simulation/base.py:558: in run_final
2025-01-14T13:10:48.2398260Z     emitted_luminosity, v_packets_energy_hist = self.iterate(
2025-01-14T13:10:48.2398660Z tardis/simulation/base.py:462: in iterate
2025-01-14T13:10:48.2398990Z     transport_state = self.transport.initialize_transport_state(
2025-01-14T13:10:48.2399400Z _ _ _ _ _ _ _ _ _ _ _ _ _ _ _ _ _ _ _ _ _ _ _ _ _ _ _ _ _ _ _ _ _ _ _ _ _ _ _ _ 
2025-01-14T13:10:48.2399670Z 
2025-01-14T13:10:48.2399930Z self = <tardis.transport.montecarlo.base.MonteCarloTransportSolver object at 0x168fc3aa0>
2025-01-14T13:10:48.2400430Z simulation_state = <tardis.model.base.SimulationState object at 0x13797c200>
2025-01-14T13:10:48.2401100Z opacity_state = <tardis.opacities.opacity_state.OpacityState object at 0x168fc13d0>
2025-01-14T13:10:48.2401630Z macro_atom_state = <tardis.opacities.macro_atom.macroatom_state.MacroAtomState object at 0x168fc1460>
2025-01-14T13:10:48.2402150Z plasma = <tardis.plasma.base.BasePlasma object at 0x1367ed700>
2025-01-14T13:10:48.2402520Z no_of_packets = 1000, no_of_virtual_packets = 0, iteration = 0
2025-01-14T13:10:48.2402760Z 
2025-01-14T13:10:48.2402920Z     def initialize_transport_state(
2025-01-14T13:10:48.2403150Z         self,
2025-01-14T13:10:48.2403400Z         simulation_state,
2025-01-14T13:10:48.2403630Z         opacity_state,
2025-01-14T13:10:48.2403960Z         macro_atom_state,
2025-01-14T13:10:48.2404160Z         plasma,
2025-01-14T13:10:48.2404470Z         no_of_packets,
2025-01-14T13:10:48.2404710Z         no_of_virtual_packets=0,
2025-01-14T13:10:48.2404970Z         iteration=0,
2025-01-14T13:10:48.2405150Z     ):
2025-01-14T13:10:48.2405470Z         if not plasma.continuum_interaction_species.empty:
2025-01-14T13:10:48.2405840Z             gamma_shape = plasma.gamma.shape
2025-01-14T13:10:48.2406140Z         else:
2025-01-14T13:10:48.2406340Z             gamma_shape = (0, 0)
2025-01-14T13:10:48.2406700Z     
2025-01-14T13:10:48.2407180Z         packet_collection = self.packet_source.create_packets(
2025-01-14T13:10:48.2407560Z             no_of_packets, seed_offset=iteration
2025-01-14T13:10:48.2407840Z         )
2025-01-14T13:10:48.2408080Z     
2025-01-14T13:10:48.2408360Z         geometry_state = simulation_state.geometry.to_numba()
2025-01-14T13:10:48.2408800Z         if hasattr(plasma, "photo_ion_cross_sections"):
2025-01-14T13:10:48.2409290Z             continuum_state = ContinuumState.from_legacy_plasma(plasma)
2025-01-14T13:10:48.2409560Z         else:
2025-01-14T13:10:48.2409800Z             continuum_state = None
2025-01-14T13:10:48.2410060Z         self.opacity_state_numba = OpacityState(
2025-01-14T13:10:48.2410400Z             electron_density=plasma.electron_densities,
2025-01-14T13:10:48.2410650Z             t_electrons=plasma.t_electrons,
2025-01-14T13:10:48.2410970Z             line_list_nu=plasma.atomic_data.lines.nu,
2025-01-14T13:10:48.2411270Z             tau_sobolev=opacity_state.tau_sobolev,
2025-01-14T13:10:48.2411650Z             beta_sobolev=plasma.beta_sobolev,
2025-01-14T13:10:48.2411910Z             continuum_state=continuum_state,
2025-01-14T13:10:48.2412200Z         ).to_numba(
2025-01-14T13:10:48.2412420Z             macro_atom_state,
2025-01-14T13:10:48.2412730Z             self.line_interaction_type,
2025-01-14T13:10:48.2412950Z         )
2025-01-14T13:10:48.2413180Z >       opacity_state_numba = opacity_state_numba[
2025-01-14T13:10:48.2413600Z             simulation_state.geometry.v_inner_boundary_index : simulation_state.geometry.v_outer_boundary_index
2025-01-14T13:10:48.2414010Z         ]
2025-01-14T13:10:48.2414370Z E       UnboundLocalError: cannot access local variable 'opacity_state_numba' where it is not associated with a value
2025-01-14T13:10:48.2414730Z 
2025-01-14T13:10:48.2414890Z tardis/transport/montecarlo/base.py:133: UnboundLocalError
2025-01-14T13:10:48.2415280Z ----------------------------- Captured stdout call -----------------------------
2025-01-14T13:10:48.2416160Z [[1mtardis.io.model.parse_density_configuration[0m][[1;33mWARNING[0m]  
2025-01-14T13:10:48.2416820Z 	Number of density points larger than number of shells. Assuming inner point irrelevant ([1mparse_density_configuration.py[0m:114)
2025-01-14T13:10:48.2417420Z ------------------------------ Captured log call -------------------------------
2025-01-14T13:10:48.2418110Z WARNING  tardis.io.model.parse_density_configuration:parse_density_configuration.py:114 Number of density points larger than number of shells. Assuming inner point irrelevant
2025-01-14T13:10:48.2418720Z =============================== warnings summary ===============================
2025-01-14T13:10:48.2419120Z tardis/io/configuration/config_validator.py:6
2025-01-14T13:10:48.2419610Z tardis/io/configuration/config_validator.py:6
2025-01-14T13:10:48.2420130Z   /Users/runner/work/tardis/tardis/tardis/io/configuration/config_validator.py:6: DeprecationWarning:
2025-01-14T13:10:48.2421100Z   
2025-01-14T13:10:48.2422370Z   jsonschema.RefResolver is deprecated as of v4.18.0, in favor of the https://github.com/python-jsonschema/referencing library, which provides more compliant referencing behavior as well as more flexible APIs for customization. A future release will remove RefResolver. Please file a feature request (on referencing) if you are missing an API for the kind of customization you need.
2025-01-14T13:10:48.2423390Z 
2025-01-14T13:10:48.2423570Z ../../../micromamba/envs/tardis/lib/python3.12/site-packages/jupyter_client/connect.py:22
2025-01-14T13:10:48.2424220Z   /Users/runner/micromamba/envs/tardis/lib/python3.12/site-packages/jupyter_client/connect.py:22: DeprecationWarning:
2025-01-14T13:10:48.2425010Z   
2025-01-14T13:10:48.2425280Z   Jupyter is migrating its paths to use standard platformdirs
2025-01-14T13:10:48.2425720Z   given by the platformdirs library.  To remove this warning and
2025-01-14T13:10:48.2426140Z   see the appropriate new directories, set the environment variable
2025-01-14T13:10:48.2426610Z   `JUPYTER_PLATFORM_DIRS=1` and then run `jupyter --paths`.
2025-01-14T13:10:48.2427250Z   The use of platformdirs will be the default in `jupyter_core` v6
2025-01-14T13:10:48.2427550Z 
2025-01-14T13:10:48.2427770Z -- Docs: https://docs.pytest.org/en/stable/how-to/capture-warnings.html
2025-01-14T13:10:48.2428070Z 
2025-01-14T13:10:48.2428210Z ---------- coverage: platform darwin, python 3.12.4-final-0 ----------
2025-01-14T13:10:48.2463530Z Coverage HTML written to dir coverage_html_report
2025-01-14T13:10:48.2463930Z Coverage XML written to file coverage.xml
2025-01-14T13:10:48.2464080Z 
2025-01-14T13:10:48.2464180Z =========================== short test summary info ============================
2025-01-14T13:10:48.2471950Z FAILED tardis/transport/montecarlo/estimators/tests/test_continuum_property_solver.py::test_continuum_estimators - UnboundLocalError: cannot access local variable 'opacity_state_numba' where it is not associated with a value
2025-01-14T13:10:48.2473190Z FAILED tardis/transport/montecarlo/tests/test_continuum.py::test_montecarlo_continuum - UnboundLocalError: cannot access local variable 'opacity_state_numba' where it is not associated with a value
2025-01-14T13:10:48.2473910Z ========== 2 failed, 1794 deselected, 3 warnings in 74.23s (0:01:14) ===========
2025-01-14T13:10:49.3719170Z ##[error]Process completed with exit code 1.
2025-01-14T13:10:49.3864580Z Post job cleanup.
2025-01-14T13:10:49.3907580Z Post job cleanup.
2025-01-14T13:10:49.8337330Z Will use pre-installed micromamba at /Users/runner/micromamba-bin/micromamba
2025-01-14T13:10:49.8340890Z Removing micromamba run shell ...
2025-01-14T13:10:49.8343260Z ##[group]Deinitialize micromamba for bash
2025-01-14T13:10:49.8360340Z [command]/Users/runner/micromamba-bin/micromamba shell deinit -s bash -r /Users/runner/micromamba --log-level warning --rc-file /Users/runner/work/_temp/setup-micromamba/.condarc
2025-01-14T13:10:49.8920880Z Resetting RC file "/Users/runner/.bash_profile"
2025-01-14T13:10:49.8922290Z Deleting config for root prefix 
2025-01-14T13:10:49.8922640Z Clearing mamba executable environment variable
2025-01-14T13:10:49.8940400Z Removing the following in your "/Users/runner/.bash_profile" file
2025-01-14T13:10:49.8940770Z # >>> mamba initialize >>>
2025-01-14T13:10:49.8940960Z ...
2025-01-14T13:10:49.8941110Z # <<< mamba initialize <<<
2025-01-14T13:10:49.8993340Z Removing environment tardis from auto-activate bash ...
2025-01-14T13:10:49.9116230Z Post job cleanup.
2025-01-14T13:10:49.9159260Z Post job cleanup.
2025-01-14T13:10:50.0551620Z [command]/opt/homebrew/bin/git version
2025-01-14T13:10:50.0777630Z git version 2.47.1
2025-01-14T13:10:50.0800830Z Copying '/Users/runner/.gitconfig' to '/Users/runner/work/_temp/2c6e74e2-886c-44b8-9d4d-a44720a055a4/.gitconfig'
2025-01-14T13:10:50.0813380Z Temporarily overriding HOME='/Users/runner/work/_temp/2c6e74e2-886c-44b8-9d4d-a44720a055a4' before making global git config changes
2025-01-14T13:10:50.0813990Z Adding repository directory to the temporary git global config as a safe directory
2025-01-14T13:10:50.0818140Z [command]/opt/homebrew/bin/git config --global --add safe.directory /Users/runner/work/tardis/tardis/tardis-regression-data
2025-01-14T13:10:50.0928050Z [command]/opt/homebrew/bin/git config --local --name-only --get-regexp core\.sshCommand
2025-01-14T13:10:50.0983350Z [command]/opt/homebrew/bin/git submodule foreach --recursive sh -c "git config --local --name-only --get-regexp 'core\.sshCommand' && git config --local --unset-all 'core.sshCommand' || :"
2025-01-14T13:10:50.2160500Z [command]/opt/homebrew/bin/git config --local --name-only --get-regexp http\.https\:\/\/github\.com\/\.extraheader
2025-01-14T13:10:50.2199710Z http.https://github.com/.extraheader
2025-01-14T13:10:50.2208020Z [command]/opt/homebrew/bin/git config --local --unset-all http.https://github.com/.extraheader
2025-01-14T13:10:50.2259170Z [command]/opt/homebrew/bin/git submodule foreach --recursive sh -c "git config --local --name-only --get-regexp 'http\.https\:\/\/github\.com\/\.extraheader' && git config --local --unset-all 'http.https://github.com/.extraheader' || :"
2025-01-14T13:10:50.4271970Z Post job cleanup.
2025-01-14T13:10:50.5742750Z [command]/opt/homebrew/bin/git version
2025-01-14T13:10:50.5944360Z git version 2.47.1
2025-01-14T13:10:50.5997590Z Copying '/Users/runner/.gitconfig' to '/Users/runner/work/_temp/f6258e09-0ad3-4268-82eb-825d93c7cbe2/.gitconfig'
2025-01-14T13:10:50.6040090Z Temporarily overriding HOME='/Users/runner/work/_temp/f6258e09-0ad3-4268-82eb-825d93c7cbe2' before making global git config changes
2025-01-14T13:10:50.6082360Z Adding repository directory to the temporary git global config as a safe directory
2025-01-14T13:10:50.6092620Z [command]/opt/homebrew/bin/git config --global --add safe.directory /Users/runner/work/tardis/tardis
2025-01-14T13:10:50.6093490Z [command]/opt/homebrew/bin/git config --local --name-only --get-regexp core\.sshCommand
2025-01-14T13:10:50.6094520Z [command]/opt/homebrew/bin/git submodule foreach --recursive sh -c "git config --local --name-only --get-regexp 'core\.sshCommand' && git config --local --unset-all 'core.sshCommand' || :"
2025-01-14T13:10:50.6829580Z [command]/opt/homebrew/bin/git config --local --name-only --get-regexp http\.https\:\/\/github\.com\/\.extraheader
2025-01-14T13:10:50.6870850Z http.https://github.com/.extraheader
2025-01-14T13:10:50.6879400Z [command]/opt/homebrew/bin/git config --local --unset-all http.https://github.com/.extraheader
2025-01-14T13:10:50.6939870Z [command]/opt/homebrew/bin/git submodule foreach --recursive sh -c "git config --local --name-only --get-regexp 'http\.https\:\/\/github\.com\/\.extraheader' && git config --local --unset-all 'http.https://github.com/.extraheader' || :"
2025-01-14T13:10:50.7961190Z Cleaning up orphan processes
