2025-01-13T15:19:50.1237179Z ##[group]Run pytest tardis --tardis-regression-data=/home/runner/work/tardis/tardis/tardis-regression-data --cov=tardis --cov-report=xml --cov-report=html --cov-append -m "not continuum"
2025-01-13T15:19:50.1238567Z [36;1mpytest tardis --tardis-regression-data=/home/runner/work/tardis/tardis/tardis-regression-data --cov=tardis --cov-report=xml --cov-report=html --cov-append -m "not continuum"[0m
2025-01-13T15:19:50.1265924Z shell: /usr/bin/bash -l {0}
2025-01-13T15:19:50.1266179Z env:
2025-01-13T15:19:50.1266353Z   CACHE_NUMBER: 0
2025-01-13T15:19:50.1266997Z   PYTEST_FLAGS: --tardis-regression-data=/home/runner/work/tardis/tardis/tardis-regression-data --cov=tardis --cov-report=xml --cov-report=html --cov-append
2025-01-13T15:19:50.1267784Z   CODECOV_TOKEN: ***
2025-01-13T15:19:50.1268028Z   MAMBA_ROOT_PREFIX: /home/runner/micromamba
2025-01-13T15:19:50.1268353Z   MAMBA_EXE: /home/runner/micromamba-bin/micromamba
2025-01-13T15:19:50.1268720Z   CONDARC: /home/runner/work/_temp/setup-micromamba/.condarc
2025-01-13T15:19:50.1269073Z ##[endgroup]
2025-01-13T15:19:59.2734854Z ============================= test session starts ==============================
2025-01-13T15:19:59.2736164Z platform linux -- Python 3.12.4, pytest-8.2.2, pluggy-1.5.0
2025-01-13T15:19:59.2736825Z rootdir: /home/runner/work/tardis/tardis
2025-01-13T15:19:59.2737337Z configfile: pyproject.toml
2025-01-13T15:19:59.2737935Z plugins: anyio-4.4.0, doctestplus-1.2.1, cov-5.0.0, html-4.1.1, metadata-3.1.1
2025-01-13T15:19:59.2738624Z collected 1796 items / 2 deselected / 1794 selected
2025-01-13T15:19:59.2739004Z 
2025-01-13T15:20:04.2061004Z tardis/energy_input/tests/test_energy_source.py ..xxx                    [  0%]
2025-01-13T15:20:07.1611658Z tardis/energy_input/tests/test_gamma_ray_channel.py ...........          [  0%]
2025-01-13T15:20:08.8339554Z tardis/energy_input/tests/test_gamma_ray_grid.py xx.                     [  1%]
2025-01-13T15:20:10.6006766Z tardis/energy_input/tests/test_gamma_ray_interactions.py xx....          [  1%]
2025-01-13T15:20:10.6098284Z tardis/energy_input/tests/test_gamma_ray_packet_source.py sssssssss      [  1%]
2025-01-13T15:20:11.9089080Z tardis/energy_input/tests/test_util.py .....xxxx.....                    [  2%]
2025-01-13T15:20:12.2466607Z tardis/grid/tests/test_grid.py .                                         [  2%]
2025-01-13T15:20:12.2481692Z tardis/gui/tests/test_gui.py s                                           [  2%]
2025-01-13T15:20:15.8120717Z tardis/io/configuration/tests/test_config_reader.py ...........          [  3%]
2025-01-13T15:20:15.8248904Z tardis/io/configuration/tests/test_configuration_namespace.py .........  [  3%]
2025-01-13T15:20:15.8514737Z tardis/io/logger/tests/test_logging.py ssssssssssssssssssssssssssss      [  5%]
2025-01-13T15:20:53.9309824Z tardis/io/model/readers/tests/test_arepo_parser.py ..                    [  5%]
2025-01-13T15:20:53.9457550Z tardis/io/model/readers/tests/test_ascii_readers.py ...                  [  5%]
2025-01-13T15:20:53.9563499Z tardis/io/model/readers/tests/test_cmfgen_reader.py ..                   [  5%]
2025-01-13T15:20:53.9856066Z tardis/io/model/readers/tests/test_csvy_reader.py ....                   [  6%]
2025-01-13T15:20:54.0062859Z tardis/io/model/readers/tests/test_stella_reader.py ..                   [  6%]
2025-01-13T15:20:54.3067013Z tardis/io/tests/test_HDFWriter.py ...............                        [  7%]
2025-01-13T15:20:54.6236116Z tardis/io/tests/test_atomic.py .....                                     [  7%]
2025-01-13T15:20:54.6427546Z tardis/io/tests/test_decay.py ..                                         [  7%]
2025-01-13T15:20:54.8347688Z tardis/io/tests/test_model_reader.py ......                              [  7%]
2025-01-13T15:20:54.8414957Z tardis/model/geometry/tests/test_radial1d.py ..                          [  7%]
2025-01-13T15:21:52.8947292Z tardis/model/tests/test_base.py ........................................ [ 10%]
2025-01-13T15:21:53.8669621Z ............                                                             [ 10%]
2025-01-13T15:21:56.8784438Z tardis/model/tests/test_csvy_model.py .........                          [ 11%]
2025-01-13T15:21:56.9257870Z tardis/model/tests/test_density.py ..                                    [ 11%]
2025-01-13T15:21:58.2206198Z tardis/opacities/tests/test_opacity_solver.py .....                      [ 11%]
2025-01-13T15:21:59.5370165Z tardis/opacities/tests/test_opacity_state_numba.py .....                 [ 11%]
2025-01-13T15:22:01.5788807Z tardis/opacities/tests/test_tau_sobolev.py FF                            [ 12%]
2025-01-13T15:22:04.3242424Z tardis/plasma/equilibrium/tests/test_collisional_transitions.py ...      [ 12%]
2025-01-13T15:22:50.8266163Z tardis/plasma/equilibrium/tests/test_level_populations.py ....           [ 12%]
2025-01-13T15:23:02.1839759Z tardis/plasma/equilibrium/tests/test_rate_matrix.py .                    [ 12%]
2025-01-13T15:23:03.5887544Z tardis/plasma/tests/test_complete_plasmas.py .....................s..... [ 13%]
2025-01-13T15:23:06.4788962Z s....ssssss............s............ss.....s....ssssss............s..... [ 18%]
2025-01-13T15:23:08.1881939Z .......ss.....s....ssssss............s............ss.....s....ssssss.... [ 22%]
2025-01-13T15:23:11.3838954Z ........s............ss.....s........ss............s............ss.....s [ 26%]
2025-01-13T15:23:14.3441806Z ........ss............s............ss.....s....ssssss............s...... [ 30%]
2025-01-13T15:23:15.1073519Z ......ss.....s....ssssss............s............ss.....s.ss.ssssss..... [ 34%]
2025-01-13T15:23:18.0503788Z .......s............ss.....s....ssssss............s............ss.....s. [ 38%]
2025-01-13T15:23:20.9342344Z ...ssssss............s............ss.....s....ssssss............s....... [ 42%]
2025-01-13T15:23:24.3430968Z .....ss.....s....ssssss............s............s...........ssssss...... [ 46%]
2025-01-13T15:23:26.1639686Z ......s............s...........ssssss............s............s......... [ 50%]
2025-01-13T15:23:29.0775298Z ..ssssss............s............ss.....s....ssssss............s........ [ 54%]
2025-01-13T15:23:32.2847921Z ....ss.....s....ssssss..........................s.....s....ssss......... [ 58%]
2025-01-13T15:23:32.6094054Z ...................s.....s....ssss.......                                [ 60%]
2025-01-13T15:23:32.7226577Z tardis/plasma/tests/test_hdf_plasma.py ................................. [ 62%]
2025-01-13T15:23:32.7345138Z ......                                                                   [ 62%]
2025-01-13T15:23:32.8703449Z tardis/plasma/tests/test_nlte_excitation.py ...                          [ 62%]
2025-01-13T15:25:50.8366614Z tardis/plasma/tests/test_nlte_solver.py .....X                           [ 63%]
2025-01-13T15:25:50.8391851Z tardis/plasma/tests/test_plasma_continuum.py .                           [ 63%]
2025-01-13T15:26:13.7347240Z tardis/plasma/tests/test_plasma_vboundary.py .............               [ 63%]
2025-01-13T15:26:27.4751464Z tardis/plasma/tests/test_tardis_model_density_config.py ...              [ 64%]
2025-01-13T15:26:28.2099694Z tardis/simulation/tests/test_convergence.py .....                        [ 64%]
2025-01-13T15:26:36.7763103Z tardis/simulation/tests/test_simulation.py .............                 [ 65%]
2025-01-13T15:26:36.7955059Z tardis/spectrum/tests/test_cuda_formal_integral.py sssssssssssssssssssss [ 66%]
2025-01-13T15:26:37.2822777Z ssss...ssssssssssssssssssssss                                            [ 67%]
2025-01-13T15:26:37.2894622Z tardis/spectrum/tests/test_luminosity.py ....                            [ 68%]
2025-01-13T15:26:38.8871870Z tardis/spectrum/tests/test_numba_formal_integral.py .................... [ 69%]
2025-01-13T15:26:38.9068536Z ..........                                                               [ 69%]
2025-01-13T15:26:39.0854094Z tardis/spectrum/tests/test_spectrum.py ................................. [ 71%]
2025-01-13T15:26:39.1218632Z .........                                                                [ 72%]
2025-01-13T15:26:58.1447184Z tardis/spectrum/tests/test_spectrum_solver.py ....                       [ 72%]
2025-01-13T15:28:01.0101677Z tardis/tests/test_tardis_full.py ....                                    [ 72%]
2025-01-13T15:29:26.3063849Z tardis/tests/test_tardis_full_formal_integral.py ................        [ 73%]
2025-01-13T15:29:26.3807897Z tardis/tests/test_util.py .............................................  [ 75%]
2025-01-13T15:29:29.0176891Z tardis/transport/montecarlo/tests/test_base.py x.....................    [ 77%]
2025-01-13T15:29:36.6911046Z tardis/transport/montecarlo/tests/test_interaction.py .......            [ 77%]
2025-01-13T15:29:36.9038487Z tardis/transport/montecarlo/tests/test_macro_atom.py ....                [ 77%]
2025-01-13T15:29:36.9210870Z tardis/transport/montecarlo/tests/test_montecarlo.py sssssssssssssssssss [ 78%]
2025-01-13T15:29:36.9622549Z sssssssssssssssssssssssssssssssssssssssssssss                            [ 81%]
2025-01-13T15:29:45.8422679Z tardis/transport/montecarlo/tests/test_montecarlo_main_loop.py x..       [ 81%]
2025-01-13T15:29:45.8488892Z tardis/transport/montecarlo/tests/test_nonhomologous.py ...              [ 81%]
2025-01-13T15:29:51.6911762Z tardis/transport/montecarlo/tests/test_numba_interface.py .....x.        [ 82%]
2025-01-13T15:29:52.1670776Z tardis/transport/montecarlo/tests/test_opacities.py ...............      [ 82%]
2025-01-13T15:29:53.1786016Z tardis/transport/montecarlo/tests/test_packet.py .................xXXXXX [ 84%]
2025-01-13T15:29:53.3113513Z XX.........                                                              [ 84%]
2025-01-13T15:29:53.3398739Z tardis/transport/montecarlo/tests/test_packet_source.py ........         [ 85%]
2025-01-13T15:29:53.6395770Z tardis/transport/montecarlo/tests/test_rpacket_last_interaction_tracker.py . [ 85%]
2025-01-13T15:29:54.0743933Z .....                                                                    [ 85%]
2025-01-13T15:30:29.5799781Z tardis/transport/montecarlo/tests/test_rpacket_tracker.py ......         [ 85%]
2025-01-13T15:30:29.6084524Z tardis/transport/montecarlo/tests/test_single_packet_loop.py xxx         [ 86%]
2025-01-13T15:30:29.6116711Z tardis/transport/montecarlo/tests/test_tracker_utils.py ..               [ 86%]
2025-01-13T15:30:32.5027959Z tardis/transport/montecarlo/tests/test_vpacket.py ..x.                   [ 86%]
2025-01-13T15:30:32.5197577Z tardis/transport/montecarlo/tests/test_weighted_packet_source.py ....    [ 86%]
2025-01-13T15:30:35.9376958Z tardis/transport/montecarlo/tests/test_weighted_packet_source_integration.py . [ 86%]
2025-01-13T15:30:35.9378687Z                                                                          [ 86%]
2025-01-13T15:30:36.6698575Z tardis/transport/tests/test_doppler_factor.py ..................         [ 87%]
2025-01-13T15:30:38.0102972Z tardis/visualization/tools/tests/test_convergence_plot.py .............. [ 88%]
2025-01-13T15:30:40.3396604Z ......                                                                   [ 88%]
2025-01-13T15:30:45.0856270Z tardis/visualization/tools/tests/test_liv_plot.py ...................... [ 90%]
2025-01-13T15:30:47.7731390Z .............................                                            [ 91%]
2025-01-13T15:30:50.6105224Z tardis/visualization/tools/tests/test_rpacket_plot.py .................. [ 92%]
2025-01-13T15:30:57.5945271Z ....                                                                     [ 92%]
2025-01-13T15:31:04.0118691Z tardis/visualization/tools/tests/test_sdec_plot.py ..................... [ 94%]
2025-01-13T15:31:11.5854084Z ..............................                                           [ 95%]
2025-01-13T15:31:12.0155080Z tardis/visualization/widgets/tests/test_custom_abundance.py ........ss.. [ 96%]
2025-01-13T15:31:12.0921780Z ....                                                                     [ 96%]
2025-01-13T15:31:13.1503762Z tardis/visualization/widgets/tests/test_line_info.py ................... [ 97%]
2025-01-13T15:31:13.7796813Z ..................                                                       [ 98%]
2025-01-13T15:32:17.2101489Z tardis/visualization/widgets/tests/test_shell_info.py .................. [ 99%]
2025-01-13T15:32:23.5099329Z ......                                                                   [100%]
2025-01-13T15:32:23.5099851Z 
2025-01-13T15:32:23.5100121Z =================================== FAILURES ===================================
2025-01-13T15:32:23.5100823Z _____________________ test_calculate_sobolev_line_opacity ______________________
2025-01-13T15:32:23.5101353Z 
2025-01-13T15:32:23.5101892Z nb_simulation_verysimple = <tardis.simulation.base.Simulation object at 0x7fbc9193cce0>
2025-01-13T15:32:23.5103156Z regression_data = <tardis.tests.fixtures.regression_data.RegressionData object at 0x7fbc91a6a510>
2025-01-13T15:32:23.5103917Z 
2025-01-13T15:32:23.5104137Z     def test_calculate_sobolev_line_opacity(
2025-01-13T15:32:23.5104742Z         nb_simulation_verysimple, regression_data
2025-01-13T15:32:23.5105287Z     ):
2025-01-13T15:32:23.5106028Z         legacy_plasma = nb_simulation_verysimple.plasma
2025-01-13T15:32:23.5106620Z     
2025-01-13T15:32:23.5107042Z         actual = calculate_sobolev_line_opacity(
2025-01-13T15:32:23.5107626Z             legacy_plasma.lines,
2025-01-13T15:32:23.5108198Z             legacy_plasma.level_number_density,
2025-01-13T15:32:23.5108825Z             legacy_plasma.time_explosion,
2025-01-13T15:32:23.5109443Z             legacy_plasma.stimulated_emission_factor,
2025-01-13T15:32:23.5110011Z         )
2025-01-13T15:32:23.5110524Z >       expected = regression_data.sync_dataframe(actual)
2025-01-13T15:32:23.5110953Z 
2025-01-13T15:32:23.5111171Z tardis/opacities/tests/test_tau_sobolev.py:21: 
2025-01-13T15:32:23.5111742Z _ _ _ _ _ _ _ _ _ _ _ _ _ _ _ _ _ _ _ _ _ _ _ _ _ _ _ _ _ _ _ _ _ _ _ _ _ _ _ _ 
2025-01-13T15:32:23.5112398Z tardis/tests/fixtures/regression_data.py:88: in sync_dataframe
2025-01-13T15:32:23.5113151Z     return pd.read_hdf(self.fpath, key=key)
2025-01-13T15:32:23.5113678Z _ _ _ _ _ _ _ _ _ _ _ _ _ _ _ _ _ _ _ _ _ _ _ _ _ _ _ _ _ _ _ _ _ _ _ _ _ _ _ _ 
2025-01-13T15:32:23.5114056Z 
2025-01-13T15:32:23.5114736Z path_or_buf = '/home/runner/work/tardis/tardis/tardis-regression-data/test_tau_sobolev/test_calculate_sobolev_line_opacity.h5'
2025-01-13T15:32:23.5116049Z key = 'data', mode = 'r', errors = 'strict', where = None, start = None
2025-01-13T15:32:23.5116786Z stop = None, columns = None, iterator = False, chunksize = None, kwargs = {}
2025-01-13T15:32:23.5117380Z exists = False
2025-01-13T15:32:23.5117583Z 
2025-01-13T15:32:23.5117708Z     def read_hdf(
2025-01-13T15:32:23.5118075Z         path_or_buf: FilePath | HDFStore,
2025-01-13T15:32:23.5118511Z         key=None,
2025-01-13T15:32:23.5118832Z         mode: str = "r",
2025-01-13T15:32:23.5119199Z         errors: str = "strict",
2025-01-13T15:32:23.5119613Z         where: str | list | None = None,
2025-01-13T15:32:23.5120053Z         start: int | None = None,
2025-01-13T15:32:23.5120471Z         stop: int | None = None,
2025-01-13T15:32:23.5120918Z         columns: list[str] | None = None,
2025-01-13T15:32:23.5121381Z         iterator: bool = False,
2025-01-13T15:32:23.5121788Z         chunksize: int | None = None,
2025-01-13T15:32:23.5122224Z         **kwargs,
2025-01-13T15:32:23.5122578Z     ):
2025-01-13T15:32:23.5122861Z         """
2025-01-13T15:32:23.5123551Z         Read from the store, close it if we opened it.
2025-01-13T15:32:23.5124005Z     
2025-01-13T15:32:23.5124292Z         Retrieve pandas object stored in file, optionally based on where
2025-01-13T15:32:23.5124632Z         criteria.
2025-01-13T15:32:23.5124814Z     
2025-01-13T15:32:23.5130841Z         .. warning::
2025-01-13T15:32:23.5131101Z     
2025-01-13T15:32:23.5131390Z            Pandas uses PyTables for reading and writing HDF5 files, which allows
2025-01-13T15:32:23.5131866Z            serializing object-dtype data with pickle when using the "fixed" format.
2025-01-13T15:32:23.5132338Z            Loading pickled data received from untrusted sources can be unsafe.
2025-01-13T15:32:23.5132669Z     
2025-01-13T15:32:23.5133166Z            See: https://docs.python.org/3/library/pickle.html for more.
2025-01-13T15:32:23.5133496Z     
2025-01-13T15:32:23.5133661Z         Parameters
2025-01-13T15:32:23.5133854Z         ----------
2025-01-13T15:32:23.5134083Z         path_or_buf : str, path object, pandas.HDFStore
2025-01-13T15:32:23.5134485Z             Any valid string path is acceptable. Only supports the local file system,
2025-01-13T15:32:23.5134896Z             remote URLs and file-like objects are not supported.
2025-01-13T15:32:23.5135180Z     
2025-01-13T15:32:23.5135404Z             If you want to pass in a path object, pandas accepts any
2025-01-13T15:32:23.5136035Z             ``os.PathLike``.
2025-01-13T15:32:23.5136251Z     
2025-01-13T15:32:23.5136539Z             Alternatively, pandas accepts an open :class:`pandas.HDFStore` object.
2025-01-13T15:32:23.5136879Z     
2025-01-13T15:32:23.5137046Z         key : object, optional
2025-01-13T15:32:23.5137350Z             The group identifier in the store. Can be omitted if the HDF file
2025-01-13T15:32:23.5137700Z             contains a single pandas object.
2025-01-13T15:32:23.5137959Z         mode : {'r', 'r+', 'a'}, default 'r'
2025-01-13T15:32:23.5138268Z             Mode to use when opening the file. Ignored if path_or_buf is a
2025-01-13T15:32:23.5138616Z             :class:`pandas.HDFStore`. Default is 'r'.
2025-01-13T15:32:23.5138894Z         errors : str, default 'strict'
2025-01-13T15:32:23.5139210Z             Specifies how encoding and decoding errors are to be handled.
2025-01-13T15:32:23.5139595Z             See the errors argument for :func:`open` for a full list
2025-01-13T15:32:23.5139885Z             of options.
2025-01-13T15:32:23.5140090Z         where : list, optional
2025-01-13T15:32:23.5140337Z             A list of Term (or convertible) objects.
2025-01-13T15:32:23.5140602Z         start : int, optional
2025-01-13T15:32:23.5140839Z             Row number to start selection.
2025-01-13T15:32:23.5141086Z         stop  : int, optional
2025-01-13T15:32:23.5141317Z             Row number to stop selection.
2025-01-13T15:32:23.5141564Z         columns : list, optional
2025-01-13T15:32:23.5141804Z             A list of columns names to return.
2025-01-13T15:32:23.5142064Z         iterator : bool, optional
2025-01-13T15:32:23.5142303Z             Return an iterator object.
2025-01-13T15:32:23.5142542Z         chunksize : int, optional
2025-01-13T15:32:23.5142842Z             Number of rows to include in an iteration when using an iterator.
2025-01-13T15:32:23.5143155Z         **kwargs
2025-01-13T15:32:23.5143385Z             Additional keyword arguments passed to HDFStore.
2025-01-13T15:32:23.5143654Z     
2025-01-13T15:32:23.5143811Z         Returns
2025-01-13T15:32:23.5143984Z         -------
2025-01-13T15:32:23.5144162Z         object
2025-01-13T15:32:23.5144431Z             The selected object. Return type depends on the object stored.
2025-01-13T15:32:23.5144751Z     
2025-01-13T15:32:23.5144911Z         See Also
2025-01-13T15:32:23.5145094Z         --------
2025-01-13T15:32:23.5145342Z         DataFrame.to_hdf : Write a HDF file from a DataFrame.
2025-01-13T15:32:23.5145784Z         HDFStore : Low-level access to HDF files.
2025-01-13T15:32:23.5146039Z     
2025-01-13T15:32:23.5146200Z         Examples
2025-01-13T15:32:23.5146524Z         --------
2025-01-13T15:32:23.5146801Z         >>> df = pd.DataFrame([[1, 1.0, 'a']], columns=['x', 'y', 'z'])  # doctest: +SKIP
2025-01-13T15:32:23.5147165Z         >>> df.to_hdf('./store.h5', 'data')  # doctest: +SKIP
2025-01-13T15:32:23.5147493Z         >>> reread = pd.read_hdf('./store.h5')  # doctest: +SKIP
2025-01-13T15:32:23.5147770Z         """
2025-01-13T15:32:23.5147951Z         if mode not in ["r", "r+", "a"]:
2025-01-13T15:32:23.5148199Z             raise ValueError(
2025-01-13T15:32:23.5148477Z                 f"mode {mode} is not allowed while performing a read. "
2025-01-13T15:32:23.5148792Z                 f"Allowed modes are r, r+ and a."
2025-01-13T15:32:23.5149037Z             )
2025-01-13T15:32:23.5149335Z         # grab the scope
2025-01-13T15:32:23.5149569Z         if where is not None:
2025-01-13T15:32:23.5149820Z             where = _ensure_term(where, scope_level=1)
2025-01-13T15:32:23.5150081Z     
2025-01-13T15:32:23.5150267Z         if isinstance(path_or_buf, HDFStore):
2025-01-13T15:32:23.5150536Z             if not path_or_buf.is_open:
2025-01-13T15:32:23.5150841Z                 raise OSError("The HDFStore must be open for reading.")
2025-01-13T15:32:23.5151132Z     
2025-01-13T15:32:23.5151297Z             store = path_or_buf
2025-01-13T15:32:23.5151523Z             auto_close = False
2025-01-13T15:32:23.5151734Z         else:
2025-01-13T15:32:23.5151942Z             path_or_buf = stringify_path(path_or_buf)
2025-01-13T15:32:23.5152226Z             if not isinstance(path_or_buf, str):
2025-01-13T15:32:23.5152498Z                 raise NotImplementedError(
2025-01-13T15:32:23.5152820Z                     "Support for generic buffers has not been implemented."
2025-01-13T15:32:23.5153120Z                 )
2025-01-13T15:32:23.5153300Z             try:
2025-01-13T15:32:23.5153510Z                 exists = os.path.exists(path_or_buf)
2025-01-13T15:32:23.5153764Z     
2025-01-13T15:32:23.5153936Z             # if filepath is too long
2025-01-13T15:32:23.5154195Z             except (TypeError, ValueError):
2025-01-13T15:32:23.5154444Z                 exists = False
2025-01-13T15:32:23.5154653Z     
2025-01-13T15:32:23.5154828Z             if not exists:
2025-01-13T15:32:23.5155117Z >               raise FileNotFoundError(f"File {path_or_buf} does not exist")
2025-01-13T15:32:23.5155953Z E               FileNotFoundError: File /home/runner/work/tardis/tardis/tardis-regression-data/test_tau_sobolev/test_calculate_sobolev_line_opacity.h5 does not exist
2025-01-13T15:32:23.5156525Z 
2025-01-13T15:32:23.5156823Z ../../../micromamba/envs/tardis/lib/python3.12/site-packages/pandas/io/pytables.py:424: FileNotFoundError
2025-01-13T15:32:23.5157356Z ---------------------------- Captured stdout setup -----------------------------
2025-01-13T15:32:23.5158036Z [[1mtardis.io.model.parse_density_configuration[0m][[1;33mWARNING[0m]  
2025-01-13T15:32:23.5158765Z 	Number of density points larger than number of shells. Assuming inner point irrelevant ([1mparse_density_configuration.py[0m:114)
2025-01-13T15:32:23.5159364Z ---------------------------- Captured stderr setup -----------------------------
2025-01-13T15:32:23.5159601Z 
2025-01-13T15:32:23.5159934Z Iterations:â–ˆâ–ˆâ–ˆâ–ˆâ–ˆâ–ˆâ–ˆâ–ˆâ–ˆâ–ˆâ–ˆâ–ˆâ–ˆâ–ˆâ–ˆâ–ˆâ–ˆâ–ˆâ–ˆâ–ˆâ–ˆâ–ˆâ–ˆâ–ˆâ–ˆâ–ˆâ–ˆâ–ˆâ–ˆâ–ˆâ–ˆâ–ˆâ–ˆâ–ˆâ–ˆâ–ˆâ–ˆâ–ˆâ–ˆâ–ˆâ–ˆâ–ˆâ–ˆâ–ˆâ–ˆâ–ˆâ–ˆâ–ˆâ–ˆâ–ˆâ–ˆâ–ˆâ–ˆâ–ˆâ–ˆâ–ˆâ–ˆâ–ˆâ–ˆâ–ˆâ–ˆâ–ˆâ–ˆâ–ˆ                4/5 [00:11<00:02,  2.65s/it]
2025-01-13T15:32:23.5160212Z 
2025-01-13T15:32:23.5160442Z Packets:                                                                                   4030/? [00:11<00:00, 34314.80it/s][A
2025-01-13T15:32:23.5160811Z ------------------------------ Captured log setup ------------------------------
2025-01-13T15:32:23.5161554Z WARNING  tardis.io.model.parse_density_configuration:parse_density_configuration.py:114 Number of density points larger than number of shells. Assuming inner point irrelevant
2025-01-13T15:32:23.5162298Z _________________________ test_calculate_beta_sobolevs _________________________
2025-01-13T15:32:23.5162532Z 
2025-01-13T15:32:23.5162772Z nb_simulation_verysimple = <tardis.simulation.base.Simulation object at 0x7fbc9193cce0>
2025-01-13T15:32:23.5163496Z regression_data = <tardis.tests.fixtures.regression_data.RegressionData object at 0x7fbc933329f0>
2025-01-13T15:32:23.5163857Z 
2025-01-13T15:32:23.5164047Z     def test_calculate_beta_sobolevs(nb_simulation_verysimple, regression_data):
2025-01-13T15:32:23.5164443Z         legacy_plasma = nb_simulation_verysimple.plasma
2025-01-13T15:32:23.5164710Z     
2025-01-13T15:32:23.5164921Z         tau_sobolevs = calculate_sobolev_line_opacity(
2025-01-13T15:32:23.5165198Z             legacy_plasma.lines,
2025-01-13T15:32:23.5165448Z             legacy_plasma.level_number_density,
2025-01-13T15:32:23.5165835Z             legacy_plasma.time_explosion,
2025-01-13T15:32:23.5166246Z             legacy_plasma.stimulated_emission_factor,
2025-01-13T15:32:23.5166504Z         )
2025-01-13T15:32:23.5166703Z         actual = calculate_beta_sobolev(tau_sobolevs)
2025-01-13T15:32:23.5167004Z >       expected = regression_data.sync_ndarray(actual)
2025-01-13T15:32:23.5167209Z 
2025-01-13T15:32:23.5167321Z tardis/opacities/tests/test_tau_sobolev.py:35: 
2025-01-13T15:32:23.5167626Z _ _ _ _ _ _ _ _ _ _ _ _ _ _ _ _ _ _ _ _ _ _ _ _ _ _ _ _ _ _ _ _ _ _ _ _ _ _ _ _ 
2025-01-13T15:32:23.5167988Z tardis/tests/fixtures/regression_data.py:111: in sync_ndarray
2025-01-13T15:32:23.5168314Z     return np.load(self.fpath)
2025-01-13T15:32:23.5168567Z _ _ _ _ _ _ _ _ _ _ _ _ _ _ _ _ _ _ _ _ _ _ _ _ _ _ _ _ _ _ _ _ _ _ _ _ _ _ _ _ 
2025-01-13T15:32:23.5168760Z 
2025-01-13T15:32:23.5169148Z file = PosixPath('/home/runner/work/tardis/tardis/tardis-regression-data/test_tau_sobolev/test_calculate_beta_sobolevs.npy')
2025-01-13T15:32:23.5169795Z mmap_mode = None, allow_pickle = False, fix_imports = True, encoding = 'ASCII'
2025-01-13T15:32:23.5170078Z 
2025-01-13T15:32:23.5170156Z     @set_module('numpy')
2025-01-13T15:32:23.5170450Z     def load(file, mmap_mode=None, allow_pickle=False, fix_imports=True,
2025-01-13T15:32:23.5170922Z              encoding='ASCII', *, max_header_size=format._MAX_HEADER_SIZE):
2025-01-13T15:32:23.5171237Z         """
2025-01-13T15:32:23.5171513Z         Load arrays or pickled objects from ``.npy``, ``.npz`` or pickled files.
2025-01-13T15:32:23.5171838Z     
2025-01-13T15:32:23.5172113Z         .. warning:: Loading files that contain object arrays uses the ``pickle``
2025-01-13T15:32:23.5172527Z                      module, which is not secure against erroneous or maliciously
2025-01-13T15:32:23.5172907Z                      constructed data. Consider passing ``allow_pickle=False`` to
2025-01-13T15:32:23.5173283Z                      load data that is known not to contain object arrays for the
2025-01-13T15:32:23.5173614Z                      safer handling of untrusted sources.
2025-01-13T15:32:23.5173879Z     
2025-01-13T15:32:23.5174037Z         Parameters
2025-01-13T15:32:23.5174222Z         ----------
2025-01-13T15:32:23.5174450Z         file : file-like object, string, or pathlib.Path
2025-01-13T15:32:23.5174778Z             The file to read. File-like objects must support the
2025-01-13T15:32:23.5175104Z             ``seek()`` and ``read()`` methods and must always
2025-01-13T15:32:23.5175435Z             be opened in binary mode.  Pickled files require that the
2025-01-13T15:32:23.5176105Z             file-like object support the ``readline()`` method as well.
2025-01-13T15:32:23.5176466Z         mmap_mode : {None, 'r+', 'r', 'w+', 'c'}, optional
2025-01-13T15:32:23.5176818Z             If not None, then memory-map the file, using the given mode (see
2025-01-13T15:32:23.5177204Z             `numpy.memmap` for a detailed description of the modes).  A
2025-01-13T15:32:23.5177598Z             memory-mapped array is kept on disk. However, it can be accessed
2025-01-13T15:32:23.5178018Z             and sliced like any ndarray.  Memory mapping is especially useful
2025-01-13T15:32:23.5178416Z             for accessing small fragments of large files without reading the
2025-01-13T15:32:23.5178739Z             entire file into memory.
2025-01-13T15:32:23.5179125Z         allow_pickle : bool, optional
2025-01-13T15:32:23.5179462Z             Allow loading pickled object arrays stored in npy files. Reasons for
2025-01-13T15:32:23.5179894Z             disallowing pickles include security, as loading pickled data can
2025-01-13T15:32:23.5180329Z             execute arbitrary code. If pickles are disallowed, loading object
2025-01-13T15:32:23.5180671Z             arrays will fail. Default: False
2025-01-13T15:32:23.5180906Z     
2025-01-13T15:32:23.5181081Z             .. versionchanged:: 1.16.3
2025-01-13T15:32:23.5181362Z                 Made default False in response to CVE-2019-6446.
2025-01-13T15:32:23.5181633Z     
2025-01-13T15:32:23.5181806Z         fix_imports : bool, optional
2025-01-13T15:32:23.5182305Z             Only useful when loading Python 2 generated pickled files on Python 3,
2025-01-13T15:32:23.5182766Z             which includes npy/npz files containing object arrays. If `fix_imports`
2025-01-13T15:32:23.5183212Z             is True, pickle will try to map the old Python 2 names to the new names
2025-01-13T15:32:23.5183552Z             used in Python 3.
2025-01-13T15:32:23.5183785Z         encoding : str, optional
2025-01-13T15:32:23.5184108Z             What encoding to use when reading Python 2 strings. Only useful when
2025-01-13T15:32:23.5184532Z             loading Python 2 generated pickled files in Python 3, which includes
2025-01-13T15:32:23.5184955Z             npy/npz files containing object arrays. Values other than 'latin1',
2025-01-13T15:32:23.5185364Z             'ASCII', and 'bytes' are not allowed, as they can corrupt numerical
2025-01-13T15:32:23.5185851Z             data. Default: 'ASCII'
2025-01-13T15:32:23.5186100Z         max_header_size : int, optional
2025-01-13T15:32:23.5186441Z             Maximum allowed size of the header.  Large headers may not be safe
2025-01-13T15:32:23.5186858Z             to load securely and thus require explicitly passing a larger value.
2025-01-13T15:32:23.5187218Z             See :py:func:`ast.literal_eval()` for details.
2025-01-13T15:32:23.5187579Z             This option is ignored when `allow_pickle` is passed.  In that case
2025-01-13T15:32:23.5187973Z             the file is by definition trusted and the limit is unnecessary.
2025-01-13T15:32:23.5188275Z     
2025-01-13T15:32:23.5188434Z         Returns
2025-01-13T15:32:23.5188611Z         -------
2025-01-13T15:32:23.5188806Z         result : array, tuple, dict, etc.
2025-01-13T15:32:23.5189134Z             Data stored in the file. For ``.npz`` files, the returned instance
2025-01-13T15:32:23.5189538Z             of NpzFile class must be closed to avoid leaking file descriptors.
2025-01-13T15:32:23.5189849Z     
2025-01-13T15:32:23.5190004Z         Raises
2025-01-13T15:32:23.5190179Z         ------
2025-01-13T15:32:23.5190348Z         OSError
2025-01-13T15:32:23.5190567Z             If the input file does not exist or cannot be read.
2025-01-13T15:32:23.5190855Z         UnpicklingError
2025-01-13T15:32:23.5191139Z             If ``allow_pickle=True``, but the file cannot be loaded as a pickle.
2025-01-13T15:32:23.5191458Z         ValueError
2025-01-13T15:32:23.5191732Z             The file contains an object array, but ``allow_pickle=False`` given.
2025-01-13T15:32:23.5192058Z         EOFError
2025-01-13T15:32:23.5192316Z             When calling ``np.load`` multiple times on the same file handle,
2025-01-13T15:32:23.5192646Z             if all data has already been read
2025-01-13T15:32:23.5192884Z     
2025-01-13T15:32:23.5193039Z         See Also
2025-01-13T15:32:23.5193214Z         --------
2025-01-13T15:32:23.5193415Z         save, savez, savez_compressed, loadtxt
2025-01-13T15:32:23.5193749Z         memmap : Create a memory-map to an array stored in a file on disk.
2025-01-13T15:32:23.5194172Z         lib.format.open_memmap : Create or load a memory-mapped ``.npy`` file.
2025-01-13T15:32:23.5194501Z     
2025-01-13T15:32:23.5194658Z         Notes
2025-01-13T15:32:23.5194823Z         -----
2025-01-13T15:32:23.5195077Z         - If the file contains pickle data, then whatever object is stored
2025-01-13T15:32:23.5195629Z           in the pickle is returned.
2025-01-13T15:32:23.5195934Z         - If the file is a ``.npy`` file, then a single array is returned.
2025-01-13T15:32:23.5196297Z         - If the file is a ``.npz`` file, then a dictionary-like object is
2025-01-13T15:32:23.5196696Z           returned, containing ``{filename: array}`` key-value pairs, one for
2025-01-13T15:32:23.5197041Z           each file in the archive.
2025-01-13T15:32:23.5197348Z         - If the file is a ``.npz`` file, the returned value supports the
2025-01-13T15:32:23.5197763Z           context manager protocol in a similar fashion to the open function::
2025-01-13T15:32:23.5198090Z     
2025-01-13T15:32:23.5198382Z             with load('foo.npz') as data:
2025-01-13T15:32:23.5198626Z                 a = data['a']
2025-01-13T15:32:23.5198830Z     
2025-01-13T15:32:23.5199104Z           The underlying file descriptor is closed when exiting the 'with'
2025-01-13T15:32:23.5199431Z           block.
2025-01-13T15:32:23.5199607Z     
2025-01-13T15:32:23.5199761Z         Examples
2025-01-13T15:32:23.5199937Z         --------
2025-01-13T15:32:23.5200135Z         Store data to disk, and load it again:
2025-01-13T15:32:23.5200383Z     
2025-01-13T15:32:23.5200588Z         >>> np.save('/tmp/123', np.array([[1, 2, 3], [4, 5, 6]]))
2025-01-13T15:32:23.5200881Z         >>> np.load('/tmp/123.npy')
2025-01-13T15:32:23.5201115Z         array([[1, 2, 3],
2025-01-13T15:32:23.5201317Z                [4, 5, 6]])
2025-01-13T15:32:23.5201509Z     
2025-01-13T15:32:23.5201712Z         Store compressed data to disk, and load it again:
2025-01-13T15:32:23.5201984Z     
2025-01-13T15:32:23.5202156Z         >>> a=np.array([[1, 2, 3], [4, 5, 6]])
2025-01-13T15:32:23.5202410Z         >>> b=np.array([1, 2])
2025-01-13T15:32:23.5202647Z         >>> np.savez('/tmp/123.npz', a=a, b=b)
2025-01-13T15:32:23.5202908Z         >>> data = np.load('/tmp/123.npz')
2025-01-13T15:32:23.5203144Z         >>> data['a']
2025-01-13T15:32:23.5203340Z         array([[1, 2, 3],
2025-01-13T15:32:23.5203538Z                [4, 5, 6]])
2025-01-13T15:32:23.5203736Z         >>> data['b']
2025-01-13T15:32:23.5203919Z         array([1, 2])
2025-01-13T15:32:23.5204109Z         >>> data.close()
2025-01-13T15:32:23.5204297Z     
2025-01-13T15:32:23.5204519Z         Mem-map the stored array, and then access the second row
2025-01-13T15:32:23.5204820Z         directly from disk:
2025-01-13T15:32:23.5205026Z     
2025-01-13T15:32:23.5205214Z         >>> X = np.load('/tmp/123.npy', mmap_mode='r')
2025-01-13T15:32:23.5205471Z         >>> X[1, :]
2025-01-13T15:32:23.5205764Z         memmap([4, 5, 6])
2025-01-13T15:32:23.5205959Z     
2025-01-13T15:32:23.5206114Z         """
2025-01-13T15:32:23.5206331Z         if encoding not in ('ASCII', 'latin1', 'bytes'):
2025-01-13T15:32:23.5206671Z             # The 'encoding' value for pickle also affects what encoding
2025-01-13T15:32:23.5207031Z             # the serialized binary data of NumPy arrays is loaded
2025-01-13T15:32:23.5207390Z             # in. Pickle does not pass on the encoding information to
2025-01-13T15:32:23.5207744Z             # NumPy. The unpickling code in numpy.core.multiarray is
2025-01-13T15:32:23.5208115Z             # written to assume that unicode data appearing where binary
2025-01-13T15:32:23.5208487Z             # should be is in 'latin1'. 'bytes' is also safe, as is 'ASCII'.
2025-01-13T15:32:23.5208788Z             #
2025-01-13T15:32:23.5209024Z             # Other encoding values can corrupt binary data, and we
2025-01-13T15:32:23.5209395Z             # purposefully disallow them. For the same reason, the errors=
2025-01-13T15:32:23.5209785Z             # argument is not exposed, as values other than 'strict'
2025-01-13T15:32:23.5210147Z             # result can similarly silently corrupt numerical data.
2025-01-13T15:32:23.5210531Z             raise ValueError("encoding must be 'ASCII', 'latin1', or 'bytes'")
2025-01-13T15:32:23.5210848Z     
2025-01-13T15:32:23.5211224Z         pickle_kwargs = dict(encoding=encoding, fix_imports=fix_imports)
2025-01-13T15:32:23.5211536Z     
2025-01-13T15:32:23.5211720Z         with contextlib.ExitStack() as stack:
2025-01-13T15:32:23.5211987Z             if hasattr(file, 'read'):
2025-01-13T15:32:23.5212222Z                 fid = file
2025-01-13T15:32:23.5212428Z                 own_fid = False
2025-01-13T15:32:23.5212637Z             else:
2025-01-13T15:32:23.5212911Z >               fid = stack.enter_context(open(os_fspath(file), "rb"))
2025-01-13T15:32:23.5213631Z E               FileNotFoundError: [Errno 2] No such file or directory: '/home/runner/work/tardis/tardis/tardis-regression-data/test_tau_sobolev/test_calculate_beta_sobolevs.npy'
2025-01-13T15:32:23.5214327Z 
2025-01-13T15:32:23.5214606Z ../../../micromamba/envs/tardis/lib/python3.12/site-packages/numpy/lib/npyio.py:427: FileNotFoundError
2025-01-13T15:32:23.5215086Z =============================== warnings summary ===============================
2025-01-13T15:32:23.5215404Z tardis/io/configuration/config_validator.py:6
2025-01-13T15:32:23.5215967Z tardis/io/configuration/config_validator.py:6
2025-01-13T15:32:23.5216466Z   /home/runner/work/tardis/tardis/tardis/io/configuration/config_validator.py:6: DeprecationWarning:
2025-01-13T15:32:23.5216928Z   
2025-01-13T15:32:23.5218156Z   jsonschema.RefResolver is deprecated as of v4.18.0, in favor of the https://github.com/python-jsonschema/referencing library, which provides more compliant referencing behavior as well as more flexible APIs for customization. A future release will remove RefResolver. Please file a feature request (on referencing) if you are missing an API for the kind of customization you need.
2025-01-13T15:32:23.5219383Z 
2025-01-13T15:32:23.5219624Z ../../../micromamba/envs/tardis/lib/python3.12/site-packages/jupyter_client/connect.py:22
2025-01-13T15:32:23.5220303Z   /home/runner/micromamba/envs/tardis/lib/python3.12/site-packages/jupyter_client/connect.py:22: DeprecationWarning:
2025-01-13T15:32:23.5220822Z   
2025-01-13T15:32:23.5221058Z   Jupyter is migrating its paths to use standard platformdirs
2025-01-13T15:32:23.5221443Z   given by the platformdirs library.  To remove this warning and
2025-01-13T15:32:23.5221843Z   see the appropriate new directories, set the environment variable
2025-01-13T15:32:23.5222239Z   `JUPYTER_PLATFORM_DIRS=1` and then run `jupyter --paths`.
2025-01-13T15:32:23.5222615Z   The use of platformdirs will be the default in `jupyter_core` v6
2025-01-13T15:32:23.5222856Z 
2025-01-13T15:32:23.5223004Z tardis/io/tests/test_HDFWriter.py::test_multi_index_write
2025-01-13T15:32:23.5223487Z tardis/visualization/widgets/tests/test_shell_info.py::TestHDFShellInfo::test_shells_data
2025-01-13T15:32:23.5224049Z   /home/runner/work/tardis/tardis/tardis/io/util.py:276: PerformanceWarning:
2025-01-13T15:32:23.5224417Z   
2025-01-13T15:32:23.5224571Z   
2025-01-13T15:32:23.5224858Z   your performance may suffer as PyTables will pickle object types that it cannot
2025-01-13T15:32:23.5225403Z   map directly to c-types [inferred_type->mixed,key->block0_values] [items->Index([0], dtype='int64')]
2025-01-13T15:32:23.5225878Z 
2025-01-13T15:32:23.5226071Z tardis/io/tests/test_model_reader.py::test_read_cmfgen_isotope_abundances
2025-01-13T15:32:23.5226561Z tardis/plasma/tests/test_tardis_model_density_config.py::test_electron_densities
2025-01-13T15:32:23.5227085Z tardis/plasma/tests/test_tardis_model_density_config.py::test_isotope_number_densities
2025-01-13T15:32:23.5227588Z tardis/plasma/tests/test_tardis_model_density_config.py::test_t_rad
2025-01-13T15:32:23.5228158Z   /home/runner/work/tardis/tardis/tardis/io/model/readers/cmfgen_deprecated.py:82: DeprecationWarning:
2025-01-13T15:32:23.5228624Z   
2025-01-13T15:32:23.5228819Z   The current CMFGEN model parser is deprecated
2025-01-13T15:32:23.5229017Z 
2025-01-13T15:32:23.5229128Z tardis/io/tests/test_model_reader.py: 1 warning
2025-01-13T15:32:23.5229484Z tardis/plasma/tests/test_tardis_model_density_config.py: 9 warnings
2025-01-13T15:32:23.5230210Z   /home/runner/work/tardis/tardis/tardis/io/model/readers/cmfgen_deprecated.py:40: DeprecationWarning:
2025-01-13T15:32:23.5230672Z   
2025-01-13T15:32:23.5230860Z   The current CMFGEN model parser is deprecated
2025-01-13T15:32:23.5231048Z 
2025-01-13T15:32:23.5231263Z tardis/model/tests/test_base.py::TestModelFromPaper1Config::test_abundances
2025-01-13T15:32:23.5231920Z   /home/runner/work/tardis/tardis/tardis/transport/montecarlo/montecarlo_main_loop.py:123: NumbaTypeSafetyWarning:
2025-01-13T15:32:23.5232440Z   
2025-01-13T15:32:23.5232838Z   [1m[1m[1munsafe cast from uint64 to int64. Precision may be lost.[0m[0m[0m
2025-01-13T15:32:23.5233108Z 
2025-01-13T15:32:23.5233206Z tardis/model/tests/test_base.py: 6 warnings
2025-01-13T15:32:23.5233619Z tardis/model/tests/test_csvy_model.py: 2 warnings
2025-01-13T15:32:23.5233990Z tardis/plasma/tests/test_tardis_model_density_config.py: 3 warnings
2025-01-13T15:32:23.5234514Z   /home/runner/work/tardis/tardis/tardis/model/geometry/radial1d.py:50: DeprecationWarning:
2025-01-13T15:32:23.5234944Z   
2025-01-13T15:32:23.5235132Z   v_inner_boundary < 0, assuming default value
2025-01-13T15:32:23.5235314Z 
2025-01-13T15:32:23.5235414Z tardis/model/tests/test_base.py: 6 warnings
2025-01-13T15:32:23.5235802Z tardis/model/tests/test_csvy_model.py: 2 warnings
2025-01-13T15:32:23.5236167Z tardis/plasma/tests/test_tardis_model_density_config.py: 3 warnings
2025-01-13T15:32:23.5236681Z   /home/runner/work/tardis/tardis/tardis/model/geometry/radial1d.py:61: DeprecationWarning:
2025-01-13T15:32:23.5237098Z   
2025-01-13T15:32:23.5237282Z   v_outer_boundary < 0, assuming default value
2025-01-13T15:32:23.5237464Z 
2025-01-13T15:32:23.5237922Z tardis/plasma/equilibrium/tests/test_level_populations.py::TestLevelPopulationSolver::test_solve[collisional_rate_solver0-radiative_transitions0]
2025-01-13T15:32:23.5238771Z   /home/runner/work/tardis/tardis/tardis/plasma/equilibrium/level_populations.py:65: FutureWarning:
2025-01-13T15:32:23.5239224Z   
2025-01-13T15:32:23.5239590Z   A value is trying to be set on a copy of a DataFrame or Series through chained assignment using an inplace method.
2025-01-13T15:32:23.5240393Z   The behavior will change in pandas 3.0. This inplace method will never work because the intermediate object on which we are setting values always behaves as a copy.
2025-01-13T15:32:23.5240983Z   
2025-01-13T15:32:23.5241603Z   For example, when doing 'df[col].method(value, inplace=True)', try using 'df.method({col: value}, inplace=True)' or df[col] = df[col].method(value) instead, to perform the operation inplace on the original object.
2025-01-13T15:32:23.5242222Z 
2025-01-13T15:32:23.5242374Z tardis/plasma/tests/test_complete_plasmas.py: 20 warnings
2025-01-13T15:32:23.5242881Z   /home/runner/work/tardis/tardis/tardis/plasma/tests/test_complete_plasmas.py:197: UserWarning:
2025-01-13T15:32:23.5243326Z   
2025-01-13T15:32:23.5243495Z   Property "atomic_mass" not found
2025-01-13T15:32:23.5243655Z 
2025-01-13T15:32:23.5244088Z tardis/plasma/tests/test_complete_plasmas.py::TestPlasma::test_plasma_properties[radiative_rates_type:detailed-w_epsilon:1e-10-j_blues_norm_factor]
2025-01-13T15:32:23.5244987Z tardis/plasma/tests/test_complete_plasmas.py::TestPlasma::test_plasma_properties[radiative_rates_type:detailed-j_blues_norm_factor]
2025-01-13T15:32:23.5245817Z   /home/runner/work/tardis/tardis/tardis/plasma/tests/test_complete_plasmas.py:197: UserWarning:
2025-01-13T15:32:23.5246255Z   
2025-01-13T15:32:23.5246439Z   Property "j_blues_norm_factor" not found
2025-01-13T15:32:23.5246616Z 
2025-01-13T15:32:23.5247033Z tardis/plasma/tests/test_complete_plasmas.py::TestPlasma::test_plasma_properties[radiative_rates_type:detailed-w_epsilon:1e-10-j_blue_estimator]
2025-01-13T15:32:23.5247890Z tardis/plasma/tests/test_complete_plasmas.py::TestPlasma::test_plasma_properties[radiative_rates_type:detailed-j_blue_estimator]
2025-01-13T15:32:23.5248619Z   /home/runner/work/tardis/tardis/tardis/plasma/tests/test_complete_plasmas.py:197: UserWarning:
2025-01-13T15:32:23.5249259Z   
2025-01-13T15:32:23.5249435Z   Property "j_blue_estimator" not found
2025-01-13T15:32:23.5249613Z 
2025-01-13T15:32:23.5249996Z tardis/plasma/tests/test_complete_plasmas.py::TestPlasma::test_plasma_properties[radiative_rates_type:detailed-w_epsilon:1e-10-volume]
2025-01-13T15:32:23.5250805Z tardis/plasma/tests/test_complete_plasmas.py::TestPlasma::test_plasma_properties[radiative_rates_type:detailed-volume]
2025-01-13T15:32:23.5251501Z   /home/runner/work/tardis/tardis/tardis/plasma/tests/test_complete_plasmas.py:197: UserWarning:
2025-01-13T15:32:23.5251931Z   
2025-01-13T15:32:23.5252100Z   Property "volume" not found
2025-01-13T15:32:23.5252248Z 
2025-01-13T15:32:23.5252639Z tardis/plasma/tests/test_complete_plasmas.py::TestPlasma::test_plasma_properties[radiative_rates_type:detailed-w_epsilon:1e-10-r_inner]
2025-01-13T15:32:23.5253592Z tardis/plasma/tests/test_complete_plasmas.py::TestPlasma::test_plasma_properties[radiative_rates_type:detailed-r_inner]
2025-01-13T15:32:23.5254287Z   /home/runner/work/tardis/tardis/tardis/plasma/tests/test_complete_plasmas.py:197: UserWarning:
2025-01-13T15:32:23.5254726Z   
2025-01-13T15:32:23.5254892Z   Property "r_inner" not found
2025-01-13T15:32:23.5255037Z 
2025-01-13T15:32:23.5255247Z tardis/plasma/tests/test_plasma_vboundary.py::test_plasma_vboundary[2900-3750]
2025-01-13T15:32:23.5255864Z tardis/plasma/tests/test_plasma_vboundary.py::test_plasma_vboundary[2900-3850]
2025-01-13T15:32:23.5256353Z tardis/plasma/tests/test_plasma_vboundary.py::test_plasma_vboundary[2900-3900]
2025-01-13T15:32:23.5256876Z   /home/runner/work/tardis/tardis/tardis/model/geometry/radial1d.py:71: UserWarning:
2025-01-13T15:32:23.5257264Z   
2025-01-13T15:32:23.5257556Z   Requesting inner boundary below inner shell. Extrapolating the inner cell
2025-01-13T15:32:23.5257842Z 
2025-01-13T15:32:23.5258052Z tardis/spectrum/tests/test_spectrum_solver.py::TestSpectrumSolver::test_solve
2025-01-13T15:32:23.5258548Z   /home/runner/work/tardis/tardis/tardis/spectrum/base.py:70: UserWarning:
2025-01-13T15:32:23.5258905Z   
2025-01-13T15:32:23.5259314Z   SpectrumSolver.spectrum_virtual_packets is zero. Please run the montecarlo simulation with no_of_virtual_packets > 0
2025-01-13T15:32:23.5259723Z 
2025-01-13T15:32:23.5259933Z tardis/spectrum/tests/test_spectrum_solver.py::TestSpectrumSolver::test_solve
2025-01-13T15:32:23.5260426Z   /home/runner/work/tardis/tardis/tardis/spectrum/base.py:111: UserWarning:
2025-01-13T15:32:23.5260774Z   
2025-01-13T15:32:23.5261206Z   SpectrumSolver.integrator: The FormalIntegrator is not yet available.Please run the montecarlo simulation at least once.
2025-01-13T15:32:23.5261641Z 
2025-01-13T15:32:23.5261851Z tardis/transport/montecarlo/tests/test_vpacket.py::test_trace_vpacket_volley
2025-01-13T15:32:23.5262276Z   <string>:3: NumbaPendingDeprecationWarning:
2025-01-13T15:32:23.5262531Z   
2025-01-13T15:32:23.5263703Z   [1m[1mCode using Numba extension API maybe depending on 'old_style' error-capturing, which is deprecated and will be replaced by 'new_style' in a future release. See details at https://numba.readthedocs.io/en/latest/reference/deprecation.html#deprecation-of-old-style-numba-captured-errors
2025-01-13T15:32:23.5264738Z   Exception origin:
2025-01-13T15:32:23.5265110Z     File "/home/runner/micromamba/envs/tardis/lib/python3.12/inspect.py", line 3180, in _bind
2025-01-13T15:32:23.5265654Z       raise TypeError(msg) from None
2025-01-13T15:32:23.5265916Z   [0m[0m
2025-01-13T15:32:23.5266017Z 
2025-01-13T15:32:23.5266349Z tardis/visualization/tools/tests/test_sdec_plot.py::TestSDECPlotter::test_mpl_image[plotter_generate_plot_mpl4]
2025-01-13T15:32:23.5267065Z   /home/runner/work/tardis/tardis/tardis/visualization/tools/sdec_plot.py:1225: RuntimeWarning:
2025-01-13T15:32:23.5267504Z   
2025-01-13T15:32:23.5268456Z   More than 20 figures have been opened. Figures created through the pyplot interface (`matplotlib.pyplot.figure`) are retained until explicitly closed and may consume too much memory. (To control this warning, see the rcParam `figure.max_open_warning`). Consider using `matplotlib.pyplot.close()`.
2025-01-13T15:32:23.5269521Z 
2025-01-13T15:32:23.5269874Z tardis/visualization/widgets/tests/test_custom_abundance.py::TestCustomAbundanceWidget::test_update_input_item_value
2025-01-13T15:32:23.5270662Z tardis/visualization/widgets/tests/test_custom_abundance.py::TestCustomAbundanceWidget::test_update_input_item_value
2025-01-13T15:32:23.5271452Z tardis/visualization/widgets/tests/test_custom_abundance.py::TestCustomAbundanceWidget::test_update_input_item_value
2025-01-13T15:32:23.5272227Z tardis/visualization/widgets/tests/test_custom_abundance.py::TestCustomAbundanceWidget::test_update_input_item_value
2025-01-13T15:32:23.5272998Z tardis/visualization/widgets/tests/test_custom_abundance.py::TestCustomAbundanceWidget::test_update_input_item_value
2025-01-13T15:32:23.5273879Z tardis/visualization/widgets/tests/test_custom_abundance.py::TestCustomAbundanceWidget::test_update_input_item_value
2025-01-13T15:32:23.5274664Z   /home/runner/micromamba/envs/tardis/lib/python3.12/site-packages/traitlets/traitlets.py:1385: DeprecationWarning:
2025-01-13T15:32:23.5275180Z   
2025-01-13T15:32:23.5275454Z   Passing unrecognized arguments to super(Checkbox).__init__(icon='lock').
2025-01-13T15:32:23.5276014Z   object.__init__() takes exactly one argument (the instance to initialize)
2025-01-13T15:32:23.5276512Z   This is deprecated in traitlets 4.2.This error will be raised in a future release of traitlets.
2025-01-13T15:32:23.5276834Z 
2025-01-13T15:32:23.5277188Z tardis/visualization/widgets/tests/test_custom_abundance.py::TestCustomAbundanceWidget::test_update_input_item_value
2025-01-13T15:32:23.5277969Z tardis/visualization/widgets/tests/test_custom_abundance.py::TestCustomAbundanceWidget::test_update_input_item_value
2025-01-13T15:32:23.5278755Z   /home/runner/micromamba/envs/tardis/lib/python3.12/site-packages/traitlets/traitlets.py:1385: DeprecationWarning:
2025-01-13T15:32:23.5279254Z   
2025-01-13T15:32:23.5279514Z   Passing unrecognized arguments to super(FloatText).__init__(min=0).
2025-01-13T15:32:23.5279952Z   object.__init__() takes exactly one argument (the instance to initialize)
2025-01-13T15:32:23.5280453Z   This is deprecated in traitlets 4.2.This error will be raised in a future release of traitlets.
2025-01-13T15:32:23.5280776Z 
2025-01-13T15:32:23.5281135Z tardis/visualization/widgets/tests/test_custom_abundance.py::TestCustomAbundanceWidget::test_update_input_item_value
2025-01-13T15:32:23.5281911Z   /home/runner/micromamba/envs/tardis/lib/python3.12/site-packages/traitlets/traitlets.py:1385: DeprecationWarning:
2025-01-13T15:32:23.5282412Z   
2025-01-13T15:32:23.5282675Z   Passing unrecognized arguments to super(HTML).__init__(indent=True).
2025-01-13T15:32:23.5283105Z   object.__init__() takes exactly one argument (the instance to initialize)
2025-01-13T15:32:23.5283598Z   This is deprecated in traitlets 4.2.This error will be raised in a future release of traitlets.
2025-01-13T15:32:23.5283918Z 
2025-01-13T15:32:23.5284354Z tardis/visualization/widgets/tests/test_line_info.py::TestLineInfoWidgetData::test_get_species_interactions[wavelength_range0-packet_out_nu]
2025-01-13T15:32:23.5285192Z   /home/runner/micromamba/envs/tardis/lib/python3.12/site-packages/qgridnext/grid.py:830: DeprecationWarning:
2025-01-13T15:32:23.5285759Z   
2025-01-13T15:32:23.5286120Z   QgridWidget._show_toolbar_changed is deprecated in traitlets 4.1: use @observe and @unobserve instead.
2025-01-13T15:32:23.5286487Z 
2025-01-13T15:32:23.5286744Z tardis/visualization/widgets/tests/test_shell_info.py::TestHDFShellInfo::test_shells_data
2025-01-13T15:32:23.5287296Z   /home/runner/work/tardis/tardis/tardis/io/util.py:289: PerformanceWarning:
2025-01-13T15:32:23.5287651Z   
2025-01-13T15:32:23.5287804Z   
2025-01-13T15:32:23.5288101Z   your performance may suffer as PyTables will pickle object types that it cannot
2025-01-13T15:32:23.5288642Z   map directly to c-types [inferred_type->mixed,key->block0_values] [items->Index([0], dtype='int64')]
2025-01-13T15:32:23.5288980Z 
2025-01-13T15:32:23.5289364Z tardis/visualization/widgets/tests/test_shell_info.py::TestHDFShellInfo::test_shells_data
2025-01-13T15:32:23.5289911Z   /home/runner/work/tardis/tardis/tardis/io/util.py:292: PerformanceWarning:
2025-01-13T15:32:23.5290267Z   
2025-01-13T15:32:23.5290418Z   
2025-01-13T15:32:23.5290701Z   your performance may suffer as PyTables will pickle object types that it cannot
2025-01-13T15:32:23.5291162Z   map directly to c-types [inferred_type->mixed,key->values] [items->None]
2025-01-13T15:32:23.5291429Z 
2025-01-13T15:32:23.5291684Z tardis/visualization/widgets/tests/test_shell_info.py::TestHDFShellInfo::test_shells_data
2025-01-13T15:32:23.5292265Z   /home/runner/work/tardis/tardis/tardis/spectrum/formal_integral.py:398: UserWarning:
2025-01-13T15:32:23.5292774Z   
2025-01-13T15:32:23.5293062Z   The number of interpolate_shells was not specified. The value was set to 80.
2025-01-13T15:32:23.5293333Z 
2025-01-13T15:32:23.5293518Z -- Docs: https://docs.pytest.org/en/stable/how-to/capture-warnings.html
2025-01-13T15:32:23.5293798Z 
2025-01-13T15:32:23.5293959Z ---------- coverage: platform linux, python 3.12.4-final-0 -----------
2025-01-13T15:32:23.5294319Z Coverage HTML written to dir coverage_html_report
2025-01-13T15:32:23.5294614Z Coverage XML written to file coverage.xml
2025-01-13T15:32:23.5294798Z 
2025-01-13T15:32:23.5294925Z =========================== short test summary info ============================
2025-01-13T15:32:23.5296013Z FAILED tardis/opacities/tests/test_tau_sobolev.py::test_calculate_sobolev_line_opacity - FileNotFoundError: File /home/runner/work/tardis/tardis/tardis-regression-data/test_tau_sobolev/test_calculate_sobolev_line_opacity.h5 does not exist
2025-01-13T15:32:23.5297596Z FAILED tardis/opacities/tests/test_tau_sobolev.py::test_calculate_beta_sobolevs - FileNotFoundError: [Errno 2] No such file or directory: '/home/runner/work/tardis/tardis/tardis-regression-data/test_tau_sobolev/test_calculate_beta_sobolevs.npy'
2025-01-13T15:32:23.5298676Z = 2 failed, 1436 passed, 329 skipped, 2 deselected, 19 xfailed, 8 xpassed, 91 warnings in 745.83s (0:12:25) =
2025-01-13T15:32:25.7523694Z ##[error]Process completed with exit code 1.
