2025-02-21T13:32:48.2350751Z ##[group]Run pytest tardis --tardis-regression-data=/home/runner/work/tardis/tardis/tardis-regression-data --cov=tardis --cov-report=xml --cov-report=html --cov-append -m "not continuum"
2025-02-21T13:32:48.2352064Z [36;1mpytest tardis --tardis-regression-data=/home/runner/work/tardis/tardis/tardis-regression-data --cov=tardis --cov-report=xml --cov-report=html --cov-append -m "not continuum"[0m
2025-02-21T13:32:48.2407163Z shell: /usr/bin/bash -l {0}
2025-02-21T13:32:48.2407436Z env:
2025-02-21T13:32:48.2407614Z   CACHE_NUMBER: 0
2025-02-21T13:32:48.2408257Z   PYTEST_FLAGS: --tardis-regression-data=/home/runner/work/tardis/tardis/tardis-regression-data --cov=tardis --cov-report=xml --cov-report=html --cov-append
2025-02-21T13:32:48.2408941Z   CODECOV_TOKEN: 
2025-02-21T13:32:48.2409171Z   MAMBA_ROOT_PREFIX: /home/runner/micromamba
2025-02-21T13:32:48.2409492Z   MAMBA_EXE: /home/runner/micromamba-bin/micromamba
2025-02-21T13:32:48.2409854Z   CONDARC: /home/runner/work/_temp/setup-micromamba/.condarc
2025-02-21T13:32:48.2410212Z ##[endgroup]
2025-02-21T13:32:57.2591343Z ============================= test session starts ==============================
2025-02-21T13:32:57.2592143Z platform linux -- Python 3.12.4, pytest-8.2.2, pluggy-1.5.0
2025-02-21T13:32:57.2592992Z rootdir: /home/runner/work/tardis/tardis
2025-02-21T13:32:57.2593584Z configfile: pyproject.toml
2025-02-21T13:32:57.2594220Z plugins: metadata-3.1.1, anyio-4.4.0, doctestplus-1.2.1, cov-5.0.0, html-4.1.1
2025-02-21T13:32:57.2595334Z collected 1796 items / 2 deselected / 1794 selected
2025-02-21T13:32:57.2595716Z 
2025-02-21T13:33:02.2437398Z tardis/energy_input/tests/test_energy_source.py ..xxx                    [  0%]
2025-02-21T13:33:04.9905869Z tardis/energy_input/tests/test_gamma_ray_channel.py ...........          [  0%]
2025-02-21T13:33:06.6092975Z tardis/energy_input/tests/test_gamma_ray_grid.py xx.                     [  1%]
2025-02-21T13:33:08.4313080Z tardis/energy_input/tests/test_gamma_ray_interactions.py xx....          [  1%]
2025-02-21T13:33:08.4407314Z tardis/energy_input/tests/test_gamma_ray_packet_source.py sssssssss      [  1%]
2025-02-21T13:33:09.7567194Z tardis/energy_input/tests/test_util.py .....xxxx.....                    [  2%]
2025-02-21T13:33:10.1004309Z tardis/grid/tests/test_grid.py .                                         [  2%]
2025-02-21T13:33:10.1020150Z tardis/gui/tests/test_gui.py s                                           [  2%]
2025-02-21T13:33:13.5821462Z tardis/io/configuration/tests/test_config_reader.py ...........          [  3%]
2025-02-21T13:33:13.5949808Z tardis/io/configuration/tests/test_configuration_namespace.py .........  [  3%]
2025-02-21T13:33:13.6225284Z tardis/io/logger/tests/test_logging.py ssssssssssssssssssssssssssss      [  5%]
2025-02-21T13:33:52.4347615Z tardis/io/model/readers/tests/test_arepo_parser.py ..                    [  5%]
2025-02-21T13:33:52.4489391Z tardis/io/model/readers/tests/test_ascii_readers.py ...                  [  5%]
2025-02-21T13:33:52.4596502Z tardis/io/model/readers/tests/test_cmfgen_reader.py ..                   [  5%]
2025-02-21T13:33:52.4897555Z tardis/io/model/readers/tests/test_csvy_reader.py ....                   [  6%]
2025-02-21T13:33:52.5106232Z tardis/io/model/readers/tests/test_stella_reader.py ..                   [  6%]
2025-02-21T13:33:52.8138869Z tardis/io/tests/test_HDFWriter.py ...............                        [  7%]
2025-02-21T13:33:53.1384974Z tardis/io/tests/test_atomic.py .....                                     [  7%]
2025-02-21T13:33:53.1584517Z tardis/io/tests/test_decay.py ..                                         [  7%]
2025-02-21T13:33:53.3557148Z tardis/io/tests/test_model_reader.py ......                              [  7%]
2025-02-21T13:33:53.3624835Z tardis/model/geometry/tests/test_radial1d.py ..                          [  7%]
2025-02-21T13:34:53.0895925Z tardis/model/tests/test_base.py ........................................ [ 10%]
2025-02-21T13:34:54.0988974Z ............                                                             [ 10%]
2025-02-21T13:34:57.2247524Z tardis/model/tests/test_csvy_model.py .........                          [ 11%]
2025-02-21T13:34:57.2748978Z tardis/model/tests/test_density.py ..                                    [ 11%]
2025-02-21T13:34:58.6095429Z tardis/opacities/tests/test_opacity_solver.py .....                      [ 11%]
2025-02-21T13:34:59.9722304Z tardis/opacities/tests/test_opacity_state_numba.py .....                 [ 11%]
2025-02-21T13:35:01.9626346Z tardis/opacities/tests/test_tau_sobolev.py ..                            [ 12%]
2025-02-21T13:35:04.7408069Z tardis/plasma/equilibrium/tests/test_collisional_transitions.py ...      [ 12%]
2025-02-21T13:35:51.4093539Z tardis/plasma/equilibrium/tests/test_level_populations.py ....           [ 12%]
2025-02-21T13:36:03.1057337Z tardis/plasma/equilibrium/tests/test_rate_matrix.py .                    [ 12%]
2025-02-21T13:36:04.5276913Z tardis/plasma/tests/test_complete_plasmas.py ..............s......s..... [ 13%]
2025-02-21T13:36:07.3813843Z s....ssssss............s......s.....ss.....s....ssssss............s..... [ 18%]
2025-02-21T13:36:09.0447422Z .s.....ss.....s....ssssss............s......s.....ss.....s....ssssss.... [ 22%]
2025-02-21T13:36:11.9313968Z ........s......s.....ss.....s....ssssss............s......s.....ss.....s [ 26%]
2025-02-21T13:36:14.8047478Z ....ssssss............s......s.....ss.....s....ssssss............s...... [ 30%]
2025-02-21T13:36:15.5100816Z s.....ss.....s....ssssss............s......s.....ss.....s.ss.ssssss..... [ 34%]
2025-02-21T13:36:18.3426752Z .......s......s.....ss.....s....ssssss............s......s.....ss.....s. [ 38%]
2025-02-21T13:36:21.1540188Z ...ssssss............s......s.....ss.....s....ssssss............s......s [ 42%]
2025-02-21T13:36:24.5198140Z .....ss.....s....ssssss............s......s.....s...........ssssss...... [ 46%]
2025-02-21T13:36:26.2818500Z ......s......s.....s...........ssssss............s......s.....s......... [ 50%]
2025-02-21T13:36:29.0978962Z ..ssssss............s......s.....ss.....s....ssssss............s......s. [ 54%]
2025-02-21T13:36:32.1896830Z ....ss.....s....ssssss...................s......s.....s....ssss......... [ 58%]
2025-02-21T13:36:32.4762426Z ............s......s.....s....ssss.......                                [ 60%]
2025-02-21T13:36:32.5902945Z tardis/plasma/tests/test_hdf_plasma.py ................................. [ 62%]
2025-02-21T13:36:32.6020400Z ......                                                                   [ 62%]
2025-02-21T13:36:32.7426285Z tardis/plasma/tests/test_nlte_excitation.py ...                          [ 62%]
2025-02-21T13:38:48.9609292Z tardis/plasma/tests/test_nlte_solver.py .....X                           [ 63%]
2025-02-21T13:38:48.9634423Z tardis/plasma/tests/test_plasma_continuum.py .                           [ 63%]
2025-02-21T13:39:11.3470594Z tardis/plasma/tests/test_plasma_vboundary.py .............               [ 63%]
2025-02-21T13:39:24.6410162Z tardis/plasma/tests/test_tardis_model_density_config.py ...              [ 64%]
2025-02-21T13:39:25.3914625Z tardis/simulation/tests/test_convergence.py .....                        [ 64%]
2025-02-21T13:39:34.4445675Z tardis/simulation/tests/test_simulation.py .............                 [ 65%]
2025-02-21T13:39:34.4639477Z tardis/spectrum/tests/test_cuda_formal_integral.py sssssssssssssssssssss [ 66%]
2025-02-21T13:39:34.9286191Z ssss...ssssssssssssssssssssss                                            [ 67%]
2025-02-21T13:39:34.9360113Z tardis/spectrum/tests/test_luminosity.py ....                            [ 68%]
2025-02-21T13:39:36.5586353Z tardis/spectrum/tests/test_numba_formal_integral.py .................... [ 69%]
2025-02-21T13:39:36.5787132Z ..........                                                               [ 69%]
2025-02-21T13:39:36.7513255Z tardis/spectrum/tests/test_spectrum.py ................................. [ 71%]
2025-02-21T13:39:36.7839333Z .........                                                                [ 72%]
2025-02-21T13:39:54.7986074Z tardis/spectrum/tests/test_spectrum_solver.py ....                       [ 72%]
2025-02-21T13:40:25.8080666Z tardis/tests/test_tardis_full.py .FFF                                    [ 72%]
2025-02-21T13:41:50.0675873Z tardis/tests/test_tardis_full_formal_integral.py ................        [ 73%]
2025-02-21T13:41:50.1424617Z tardis/tests/test_util.py .............................................  [ 75%]
2025-02-21T13:41:52.8236605Z tardis/transport/montecarlo/tests/test_base.py x.....................    [ 77%]
2025-02-21T13:42:00.4093909Z tardis/transport/montecarlo/tests/test_interaction.py .......            [ 77%]
2025-02-21T13:42:00.6202358Z tardis/transport/montecarlo/tests/test_macro_atom.py ....                [ 77%]
2025-02-21T13:42:00.6383700Z tardis/transport/montecarlo/tests/test_montecarlo.py sssssssssssssssssss [ 78%]
2025-02-21T13:42:00.6817885Z sssssssssssssssssssssssssssssssssssssssssssss                            [ 81%]
2025-02-21T13:42:09.4801384Z tardis/transport/montecarlo/tests/test_montecarlo_main_loop.py x..       [ 81%]
2025-02-21T13:42:09.4868346Z tardis/transport/montecarlo/tests/test_nonhomologous.py ...              [ 81%]
2025-02-21T13:42:15.6436824Z tardis/transport/montecarlo/tests/test_numba_interface.py .....x.        [ 82%]
2025-02-21T13:42:16.1235859Z tardis/transport/montecarlo/tests/test_opacities.py ...............      [ 82%]
2025-02-21T13:42:17.1428360Z tardis/transport/montecarlo/tests/test_packet.py .................xXXXXX [ 84%]
2025-02-21T13:42:17.2761641Z XX.........                                                              [ 84%]
2025-02-21T13:42:17.3043132Z tardis/transport/montecarlo/tests/test_packet_source.py ........         [ 85%]
2025-02-21T13:42:17.6050567Z tardis/transport/montecarlo/tests/test_rpacket_last_interaction_tracker.py . [ 85%]
2025-02-21T13:42:18.0161007Z .....                                                                    [ 85%]
2025-02-21T13:42:52.7236586Z tardis/transport/montecarlo/tests/test_rpacket_tracker.py ......         [ 85%]
2025-02-21T13:42:52.7523409Z tardis/transport/montecarlo/tests/test_single_packet_loop.py xxx         [ 86%]
2025-02-21T13:42:52.7556215Z tardis/transport/montecarlo/tests/test_tracker_utils.py ..               [ 86%]
2025-02-21T13:42:55.2296381Z tardis/transport/montecarlo/tests/test_vpacket.py ..x.                   [ 86%]
2025-02-21T13:42:55.2477502Z tardis/transport/montecarlo/tests/test_weighted_packet_source.py ....    [ 86%]
2025-02-21T13:42:58.6970383Z tardis/transport/montecarlo/tests/test_weighted_packet_source_integration.py . [ 86%]
2025-02-21T13:42:58.6971696Z                                                                          [ 86%]
2025-02-21T13:42:59.4579343Z tardis/transport/tests/test_doppler_factor.py ..................         [ 87%]
2025-02-21T13:43:00.8137375Z tardis/visualization/tools/tests/test_convergence_plot.py .............. [ 88%]
2025-02-21T13:43:03.0565188Z ......                                                                   [ 88%]
2025-02-21T13:43:08.3114811Z tardis/visualization/tools/tests/test_liv_plot.py ...................... [ 90%]
2025-02-21T13:43:11.0213524Z .............................                                            [ 91%]
2025-02-21T13:43:13.8831556Z tardis/visualization/tools/tests/test_rpacket_plot.py .................. [ 92%]
2025-02-21T13:43:20.9400892Z ....                                                                     [ 92%]
2025-02-21T13:43:27.1265792Z tardis/visualization/tools/tests/test_sdec_plot.py ..................... [ 94%]
2025-02-21T13:43:35.3649614Z ..............................                                           [ 95%]
2025-02-21T13:43:35.8078032Z tardis/visualization/widgets/tests/test_custom_abundance.py ........ss.. [ 96%]
2025-02-21T13:43:35.8816523Z ....                                                                     [ 96%]
2025-02-21T13:43:36.9628767Z tardis/visualization/widgets/tests/test_line_info.py ................... [ 97%]
2025-02-21T13:43:37.6323650Z ..................                                                       [ 98%]
2025-02-21T13:44:41.6905465Z tardis/visualization/widgets/tests/test_shell_info.py .................. [ 99%]
2025-02-21T13:44:49.9074694Z ......                                                                   [100%]
2025-02-21T13:44:49.9075209Z 
2025-02-21T13:44:49.9075469Z =================================== FAILURES ===================================
2025-02-21T13:44:49.9076157Z __________________ TestTransportSimple.test_j_blue_estimators __________________
2025-02-21T13:44:49.9076694Z 
2025-02-21T13:44:49.9077111Z self = <tardis.tests.test_tardis_full.TestTransportSimple object at 0x7f4f3629e060>
2025-02-21T13:44:49.9078151Z simulation_regression_data = <tardis.simulation.base.Simulation object at 0x7f4f350cd6d0>
2025-02-21T13:44:49.9078765Z 
2025-02-21T13:44:49.9079037Z     def test_j_blue_estimators(self, simulation_regression_data):
2025-02-21T13:44:49.9079700Z         key = "simulation/transport/transport_state/j_blue_estimator"
2025-02-21T13:44:49.9080271Z         expected = self.get_expected_data(key)
2025-02-21T13:44:49.9080725Z     
2025-02-21T13:44:49.9081028Z >       npt.assert_allclose(
2025-02-21T13:44:49.9081733Z             simulation_regression_data.transport.transport_state.radfield_mc_estimators.j_blue_estimator,
2025-02-21T13:44:49.9082490Z             expected.values,
2025-02-21T13:44:49.9083178Z         )
2025-02-21T13:44:49.9083357Z 
2025-02-21T13:44:49.9083528Z tardis/tests/test_tardis_full.py:60: 
2025-02-21T13:44:49.9084028Z _ _ _ _ _ _ _ _ _ _ _ _ _ _ _ _ _ _ _ _ _ _ _ _ _ _ _ _ _ _ _ _ _ _ _ _ _ _ _ _ 
2025-02-21T13:44:49.9084779Z 
2025-02-21T13:44:49.9085257Z args = (<function assert_allclose.<locals>.compare at 0x7f4f087eb600>, array([[0., 0., 0., ..., 0., 0., 0.],
2025-02-21T13:44:49.9085994Z        [0., 0., .....,
2025-02-21T13:44:49.9086366Z        [0., 0., 0., ..., 0., 0., 0.],
2025-02-21T13:44:49.9086731Z        [0., 0., 0., ..., 0., 0., 0.],
2025-02-21T13:44:49.9087118Z        [0., 0., 0., ..., 0., 0., 0.]]))
2025-02-21T13:44:49.9087814Z kwds = {'equal_nan': True, 'err_msg': '', 'header': 'Not equal to tolerance rtol=1e-07, atol=0', 'verbose': True}
2025-02-21T13:44:49.9088400Z 
2025-02-21T13:44:49.9088536Z     @wraps(func)
2025-02-21T13:44:49.9088877Z     def inner(*args, **kwds):
2025-02-21T13:44:49.9089259Z         with self._recreate_cm():
2025-02-21T13:44:49.9089695Z >           return func(*args, **kwds)
2025-02-21T13:44:49.9090136Z E           AssertionError: 
2025-02-21T13:44:49.9090600Z E           Not equal to tolerance rtol=1e-07, atol=0
2025-02-21T13:44:49.9091113Z E           
2025-02-21T13:44:49.9091470Z E           Mismatched elements: 501415 / 584480 (85.8%)
2025-02-21T13:44:49.9091966Z E           Max absolute difference: 1.58727889e-18
2025-02-21T13:44:49.9092464Z E           Max relative difference: 14.12627905
2025-02-21T13:44:49.9093142Z E            x: array([[0., 0., 0., ..., 0., 0., 0.],
2025-02-21T13:44:49.9093590Z E                  [0., 0., 0., ..., 0., 0., 0.],
2025-02-21T13:44:49.9094079Z E                  [0., 0., 0., ..., 0., 0., 0.],...
2025-02-21T13:44:49.9094574Z E            y: array([[0., 0., 0., ..., 0., 0., 0.],
2025-02-21T13:44:49.9095052Z E                  [0., 0., 0., ..., 0., 0., 0.],
2025-02-21T13:44:49.9095614Z E                  [0., 0., 0., ..., 0., 0., 0.],...
2025-02-21T13:44:49.9095919Z 
2025-02-21T13:44:49.9096256Z ../../../micromamba/envs/tardis/lib/python3.12/contextlib.py:81: AssertionError
2025-02-21T13:44:49.9097007Z ______________________ TestTransportSimple.test_spectrum _______________________
2025-02-21T13:44:49.9097421Z 
2025-02-21T13:44:49.9097748Z self = <tardis.tests.test_tardis_full.TestTransportSimple object at 0x7f4f3629e360>
2025-02-21T13:44:49.9098584Z simulation_regression_data = <tardis.simulation.base.Simulation object at 0x7f4f350cd6d0>
2025-02-21T13:44:49.9099113Z 
2025-02-21T13:44:49.9099303Z     def test_spectrum(self, simulation_regression_data):
2025-02-21T13:44:49.9099962Z         key = "simulation/spectrum_solver/spectrum_real_packets/luminosity"
2025-02-21T13:44:49.9100567Z         expected = self.get_expected_data(key)
2025-02-21T13:44:49.9101246Z     
2025-02-21T13:44:49.9101577Z         luminosity = u.Quantity(expected, "erg /s")
2025-02-21T13:44:49.9101995Z     
2025-02-21T13:44:49.9102285Z >       assert_quantity_allclose(
2025-02-21T13:44:49.9103085Z             simulation_regression_data.spectrum_solver.spectrum_real_packets.luminosity,
2025-02-21T13:44:49.9103717Z             luminosity,
2025-02-21T13:44:49.9104037Z         )
2025-02-21T13:44:49.9104194Z 
2025-02-21T13:44:49.9104363Z tardis/tests/test_tardis_full.py:71: 
2025-02-21T13:44:49.9104818Z _ _ _ _ _ _ _ _ _ _ _ _ _ _ _ _ _ _ _ _ _ _ _ _ _ _ _ _ _ _ _ _ _ _ _ _ _ _ _ _ 
2025-02-21T13:44:49.9105710Z ../../../micromamba/envs/tardis/lib/python3.12/site-packages/astropy/tests/helper.py:203: in assert_quantity_allclose
2025-02-21T13:44:49.9106576Z     np.testing.assert_allclose(
2025-02-21T13:44:49.9107010Z _ _ _ _ _ _ _ _ _ _ _ _ _ _ _ _ _ _ _ _ _ _ _ _ _ _ _ _ _ _ _ _ _ _ _ _ _ _ _ _ 
2025-02-21T13:44:49.9107348Z 
2025-02-21T13:44:49.9108131Z args = (<function assert_allclose.<locals>.compare at 0x7f4f06963100>, array([1.33511090e+39, 1.33738696e+39, 9.41598476e+38,...), array([1.47119190e+39, 1.69564189e+39, 1.35368464e+39, ...,
2025-02-21T13:44:49.9109220Z        0.00000000e+00, 0.00000000e+00, 0.00000000e+00]))
2025-02-21T13:44:49.9109934Z kwds = {'equal_nan': True, 'err_msg': '', 'header': 'Not equal to tolerance rtol=1e-07, atol=0', 'verbose': True}
2025-02-21T13:44:49.9110487Z 
2025-02-21T13:44:49.9110799Z     @wraps(func)
2025-02-21T13:44:49.9111127Z     def inner(*args, **kwds):
2025-02-21T13:44:49.9111506Z         with self._recreate_cm():
2025-02-21T13:44:49.9111905Z >           return func(*args, **kwds)
2025-02-21T13:44:49.9112304Z E           AssertionError: 
2025-02-21T13:44:49.9112891Z E           Not equal to tolerance rtol=1e-07, atol=0
2025-02-21T13:44:49.9113295Z E           
2025-02-21T13:44:49.9113618Z E           Mismatched elements: 4787 / 10000 (47.9%)
2025-02-21T13:44:49.9114066Z E           Max absolute difference: 3.38544343e+39
2025-02-21T13:44:49.9114539Z E           Max relative difference: 2.93242273
2025-02-21T13:44:49.9115068Z E            x: array([1.335111e+39, 1.337387e+39, 9.415985e+38, ..., 0.000000e+00,
2025-02-21T13:44:49.9115576Z E                  0.000000e+00, 0.000000e+00])
2025-02-21T13:44:49.9116060Z E            y: array([1.471192e+39, 1.695642e+39, 1.353685e+39, ..., 0.000000e+00,
2025-02-21T13:44:49.9116558Z E                  0.000000e+00, 0.000000e+00])
2025-02-21T13:44:49.9116842Z 
2025-02-21T13:44:49.9117190Z ../../../micromamba/envs/tardis/lib/python3.12/contextlib.py:81: AssertionError
2025-02-21T13:44:49.9118017Z __________________ TestTransportSimple.test_virtual_spectrum ___________________
2025-02-21T13:44:49.9118471Z 
2025-02-21T13:44:49.9118812Z self = <tardis.tests.test_tardis_full.TestTransportSimple object at 0x7f4f3629e630>
2025-02-21T13:44:49.9119686Z simulation_regression_data = <tardis.simulation.base.Simulation object at 0x7f4f350cd6d0>
2025-02-21T13:44:49.9120247Z 
2025-02-21T13:44:49.9120502Z     def test_virtual_spectrum(self, simulation_regression_data):
2025-02-21T13:44:49.9121158Z         key = "simulation/spectrum_solver/spectrum_virtual_packets/luminosity"
2025-02-21T13:44:49.9121728Z         expected = self.get_expected_data(key)
2025-02-21T13:44:49.9122110Z     
2025-02-21T13:44:49.9122415Z         luminosity = u.Quantity(expected, "erg /s")
2025-02-21T13:44:49.9122999Z     
2025-02-21T13:44:49.9123265Z >       assert_quantity_allclose(
2025-02-21T13:44:49.9123862Z             simulation_regression_data.spectrum_solver.spectrum_virtual_packets.luminosity,
2025-02-21T13:44:49.9124478Z             luminosity,
2025-02-21T13:44:49.9124778Z         )
2025-02-21T13:44:49.9124932Z 
2025-02-21T13:44:49.9125076Z tardis/tests/test_tardis_full.py:82: 
2025-02-21T13:44:49.9125509Z _ _ _ _ _ _ _ _ _ _ _ _ _ _ _ _ _ _ _ _ _ _ _ _ _ _ _ _ _ _ _ _ _ _ _ _ _ _ _ _ 
2025-02-21T13:44:49.9126350Z ../../../micromamba/envs/tardis/lib/python3.12/site-packages/astropy/tests/helper.py:203: in assert_quantity_allclose
2025-02-21T13:44:49.9127354Z     np.testing.assert_allclose(
2025-02-21T13:44:49.9127745Z _ _ _ _ _ _ _ _ _ _ _ _ _ _ _ _ _ _ _ _ _ _ _ _ _ _ _ _ _ _ _ _ _ _ _ _ _ _ _ _ 
2025-02-21T13:44:49.9128067Z 
2025-02-21T13:44:49.9128822Z args = (<function assert_allclose.<locals>.compare at 0x7f4f069618a0>, array([1.46352380e+39, 1.37519577e+39, 1.34901151e+39,...), array([1.44033177e+39, 1.35611403e+39, 1.39755698e+39, ...,
2025-02-21T13:44:49.9129876Z        0.00000000e+00, 0.00000000e+00, 0.00000000e+00]))
2025-02-21T13:44:49.9130550Z kwds = {'equal_nan': True, 'err_msg': '', 'header': 'Not equal to tolerance rtol=1e-07, atol=0', 'verbose': True}
2025-02-21T13:44:49.9131073Z 
2025-02-21T13:44:49.9131185Z     @wraps(func)
2025-02-21T13:44:49.9131477Z     def inner(*args, **kwds):
2025-02-21T13:44:49.9131817Z         with self._recreate_cm():
2025-02-21T13:44:49.9132169Z >           return func(*args, **kwds)
2025-02-21T13:44:49.9132546Z E           AssertionError: 
2025-02-21T13:44:49.9133074Z E           Not equal to tolerance rtol=1e-07, atol=0
2025-02-21T13:44:49.9133457Z E           
2025-02-21T13:44:49.9133741Z E           Mismatched elements: 5800 / 10000 (58%)
2025-02-21T13:44:49.9134163Z E           Max absolute difference: 2.37529699e+39
2025-02-21T13:44:49.9134576Z E           Max relative difference: 18569.59081289
2025-02-21T13:44:49.9135086Z E            x: array([1.463524e+39, 1.375196e+39, 1.349012e+39, ..., 0.000000e+00,
2025-02-21T13:44:49.9135769Z E                  0.000000e+00, 0.000000e+00])
2025-02-21T13:44:49.9136250Z E            y: array([1.440332e+39, 1.356114e+39, 1.397557e+39, ..., 0.000000e+00,
2025-02-21T13:44:49.9136751Z E                  0.000000e+00, 0.000000e+00])
2025-02-21T13:44:49.9137030Z 
2025-02-21T13:44:49.9137342Z ../../../micromamba/envs/tardis/lib/python3.12/contextlib.py:81: AssertionError
2025-02-21T13:44:49.9137986Z =============================== warnings summary ===============================
2025-02-21T13:44:49.9138483Z tardis/io/configuration/config_validator.py:6
2025-02-21T13:44:49.9138982Z tardis/io/configuration/config_validator.py:6
2025-02-21T13:44:49.9139783Z   /home/runner/work/tardis/tardis/tardis/io/configuration/config_validator.py:6: DeprecationWarning:
2025-02-21T13:44:49.9140542Z   
2025-02-21T13:44:49.9142507Z   jsonschema.RefResolver is deprecated as of v4.18.0, in favor of the https://github.com/python-jsonschema/referencing library, which provides more compliant referencing behavior as well as more flexible APIs for customization. A future release will remove RefResolver. Please file a feature request (on referencing) if you are missing an API for the kind of customization you need.
2025-02-21T13:44:49.9144640Z 
2025-02-21T13:44:49.9145024Z ../../../micromamba/envs/tardis/lib/python3.12/site-packages/jupyter_client/connect.py:22
2025-02-21T13:44:49.9146075Z   /home/runner/micromamba/envs/tardis/lib/python3.12/site-packages/jupyter_client/connect.py:22: DeprecationWarning:
2025-02-21T13:44:49.9146877Z   
2025-02-21T13:44:49.9147253Z   Jupyter is migrating its paths to use standard platformdirs
2025-02-21T13:44:49.9147878Z   given by the platformdirs library.  To remove this warning and
2025-02-21T13:44:49.9148517Z   see the appropriate new directories, set the environment variable
2025-02-21T13:44:49.9149143Z   `JUPYTER_PLATFORM_DIRS=1` and then run `jupyter --paths`.
2025-02-21T13:44:49.9149762Z   The use of platformdirs will be the default in `jupyter_core` v6
2025-02-21T13:44:49.9150152Z 
2025-02-21T13:44:49.9158815Z tardis/io/tests/test_HDFWriter.py::test_multi_index_write
2025-02-21T13:44:49.9159672Z tardis/visualization/widgets/tests/test_shell_info.py::TestHDFShellInfo::test_shells_data
2025-02-21T13:44:49.9160555Z   /home/runner/work/tardis/tardis/tardis/io/util.py:276: PerformanceWarning:
2025-02-21T13:44:49.9161127Z   
2025-02-21T13:44:49.9161369Z   
2025-02-21T13:44:49.9161852Z   your performance may suffer as PyTables will pickle object types that it cannot
2025-02-21T13:44:49.9162959Z   map directly to c-types [inferred_type->mixed,key->block0_values] [items->Index([0], dtype='int64')]
2025-02-21T13:44:49.9163752Z 
2025-02-21T13:44:49.9164076Z tardis/io/tests/test_model_reader.py::test_read_cmfgen_isotope_abundances
2025-02-21T13:44:49.9164845Z tardis/plasma/tests/test_tardis_model_density_config.py::test_electron_densities
2025-02-21T13:44:49.9165648Z tardis/plasma/tests/test_tardis_model_density_config.py::test_isotope_number_densities
2025-02-21T13:44:49.9166399Z tardis/plasma/tests/test_tardis_model_density_config.py::test_t_rad
2025-02-21T13:44:49.9167283Z   /home/runner/work/tardis/tardis/tardis/io/model/readers/cmfgen_deprecated.py:82: DeprecationWarning:
2025-02-21T13:44:49.9168033Z   
2025-02-21T13:44:49.9168348Z   The current CMFGEN model parser is deprecated
2025-02-21T13:44:49.9168678Z 
2025-02-21T13:44:49.9168857Z tardis/io/tests/test_model_reader.py: 1 warning
2025-02-21T13:44:49.9169436Z tardis/plasma/tests/test_tardis_model_density_config.py: 9 warnings
2025-02-21T13:44:49.9170325Z   /home/runner/work/tardis/tardis/tardis/io/model/readers/cmfgen_deprecated.py:40: DeprecationWarning:
2025-02-21T13:44:49.9171056Z   
2025-02-21T13:44:49.9171353Z   The current CMFGEN model parser is deprecated
2025-02-21T13:44:49.9171630Z 
2025-02-21T13:44:49.9171945Z tardis/model/tests/test_base.py::TestModelFromPaper1Config::test_abundances
2025-02-21T13:44:49.9173155Z   /home/runner/work/tardis/tardis/tardis/transport/montecarlo/montecarlo_main_loop.py:123: NumbaTypeSafetyWarning:
2025-02-21T13:44:49.9174160Z   
2025-02-21T13:44:49.9174879Z   [1m[1m[1munsafe cast from uint64 to int64. Precision may be lost.[0m[0m[0m
2025-02-21T13:44:49.9175350Z 
2025-02-21T13:44:49.9175513Z tardis/model/tests/test_base.py: 6 warnings
2025-02-21T13:44:49.9175983Z tardis/model/tests/test_csvy_model.py: 2 warnings
2025-02-21T13:44:49.9176563Z tardis/plasma/tests/test_tardis_model_density_config.py: 3 warnings
2025-02-21T13:44:49.9177413Z   /home/runner/work/tardis/tardis/tardis/model/geometry/radial1d.py:50: DeprecationWarning:
2025-02-21T13:44:49.9178076Z   
2025-02-21T13:44:49.9178358Z   v_inner_boundary < 0, assuming default value
2025-02-21T13:44:49.9178654Z 
2025-02-21T13:44:49.9178806Z tardis/model/tests/test_base.py: 6 warnings
2025-02-21T13:44:49.9179258Z tardis/model/tests/test_csvy_model.py: 2 warnings
2025-02-21T13:44:49.9179844Z tardis/plasma/tests/test_tardis_model_density_config.py: 3 warnings
2025-02-21T13:44:49.9180697Z   /home/runner/work/tardis/tardis/tardis/model/geometry/radial1d.py:61: DeprecationWarning:
2025-02-21T13:44:49.9181382Z   
2025-02-21T13:44:49.9181665Z   v_outer_boundary < 0, assuming default value
2025-02-21T13:44:49.9181947Z 
2025-02-21T13:44:49.9183060Z tardis/plasma/equilibrium/tests/test_level_populations.py::TestLevelPopulationSolver::test_solve[collisional_rate_solver0-radiative_transitions0]
2025-02-21T13:44:49.9184455Z   /home/runner/work/tardis/tardis/tardis/plasma/equilibrium/level_populations.py:65: FutureWarning:
2025-02-21T13:44:49.9185168Z   
2025-02-21T13:44:49.9185723Z   A value is trying to be set on a copy of a DataFrame or Series through chained assignment using an inplace method.
2025-02-21T13:44:49.9186997Z   The behavior will change in pandas 3.0. This inplace method will never work because the intermediate object on which we are setting values always behaves as a copy.
2025-02-21T13:44:49.9187950Z   
2025-02-21T13:44:49.9188901Z   For example, when doing 'df[col].method(value, inplace=True)', try using 'df.method({col: value}, inplace=True)' or df[col] = df[col].method(value) instead, to perform the operation inplace on the original object.
2025-02-21T13:44:49.9189856Z 
2025-02-21T13:44:49.9190169Z tardis/plasma/tests/test_plasma_vboundary.py::test_plasma_vboundary[2900-3750]
2025-02-21T13:44:49.9190918Z tardis/plasma/tests/test_plasma_vboundary.py::test_plasma_vboundary[2900-3850]
2025-02-21T13:44:49.9191664Z tardis/plasma/tests/test_plasma_vboundary.py::test_plasma_vboundary[2900-3900]
2025-02-21T13:44:49.9192461Z   /home/runner/work/tardis/tardis/tardis/model/geometry/radial1d.py:71: UserWarning:
2025-02-21T13:44:49.9193475Z   
2025-02-21T13:44:49.9193923Z   Requesting inner boundary below inner shell. Extrapolating the inner cell
2025-02-21T13:44:49.9194356Z 
2025-02-21T13:44:49.9194694Z tardis/spectrum/tests/test_spectrum_solver.py::TestSpectrumSolver::test_solve
2025-02-21T13:44:49.9195477Z   /home/runner/work/tardis/tardis/tardis/spectrum/base.py:70: UserWarning:
2025-02-21T13:44:49.9196020Z   
2025-02-21T13:44:49.9196664Z   SpectrumSolver.spectrum_virtual_packets is zero. Please run the montecarlo simulation with no_of_virtual_packets > 0
2025-02-21T13:44:49.9197345Z 
2025-02-21T13:44:49.9197676Z tardis/spectrum/tests/test_spectrum_solver.py::TestSpectrumSolver::test_solve
2025-02-21T13:44:49.9198458Z   /home/runner/work/tardis/tardis/tardis/spectrum/base.py:111: UserWarning:
2025-02-21T13:44:49.9199002Z   
2025-02-21T13:44:49.9199681Z   SpectrumSolver.integrator: The FormalIntegrator is not yet available.Please run the montecarlo simulation at least once.
2025-02-21T13:44:49.9200359Z 
2025-02-21T13:44:49.9200727Z tardis/transport/montecarlo/tests/test_vpacket.py::test_trace_vpacket_volley
2025-02-21T13:44:49.9201389Z   <string>:3: NumbaPendingDeprecationWarning:
2025-02-21T13:44:49.9201781Z   
2025-02-21T13:44:49.9203923Z   [1m[1mCode using Numba extension API maybe depending on 'old_style' error-capturing, which is deprecated and will be replaced by 'new_style' in a future release. See details at https://numba.readthedocs.io/en/latest/reference/deprecation.html#deprecation-of-old-style-numba-captured-errors
2025-02-21T13:44:49.9205755Z   Exception origin:
2025-02-21T13:44:49.9206341Z     File "/home/runner/micromamba/envs/tardis/lib/python3.12/inspect.py", line 3180, in _bind
2025-02-21T13:44:49.9207057Z       raise TypeError(msg) from None
2025-02-21T13:44:49.9207528Z   [0m[0m
2025-02-21T13:44:49.9207712Z 
2025-02-21T13:44:49.9208330Z tardis/visualization/tools/tests/test_sdec_plot.py::TestSDECPlotter::test_mpl_image[plotter_generate_plot_mpl4]
2025-02-21T13:44:49.9209491Z   /home/runner/work/tardis/tardis/tardis/visualization/tools/sdec_plot.py:1225: RuntimeWarning:
2025-02-21T13:44:49.9210202Z   
2025-02-21T13:44:49.9211708Z   More than 20 figures have been opened. Figures created through the pyplot interface (`matplotlib.pyplot.figure`) are retained until explicitly closed and may consume too much memory. (To control this warning, see the rcParam `figure.max_open_warning`). Consider using `matplotlib.pyplot.close()`.
2025-02-21T13:44:49.9213418Z 
2025-02-21T13:44:49.9214001Z tardis/visualization/widgets/tests/test_custom_abundance.py::TestCustomAbundanceWidget::test_update_input_item_value
2025-02-21T13:44:49.9215259Z tardis/visualization/widgets/tests/test_custom_abundance.py::TestCustomAbundanceWidget::test_update_input_item_value
2025-02-21T13:44:49.9216534Z tardis/visualization/widgets/tests/test_custom_abundance.py::TestCustomAbundanceWidget::test_update_input_item_value
2025-02-21T13:44:49.9217782Z tardis/visualization/widgets/tests/test_custom_abundance.py::TestCustomAbundanceWidget::test_update_input_item_value
2025-02-21T13:44:49.9219040Z tardis/visualization/widgets/tests/test_custom_abundance.py::TestCustomAbundanceWidget::test_update_input_item_value
2025-02-21T13:44:49.9220280Z tardis/visualization/widgets/tests/test_custom_abundance.py::TestCustomAbundanceWidget::test_update_input_item_value
2025-02-21T13:44:49.9221517Z   /home/runner/micromamba/envs/tardis/lib/python3.12/site-packages/traitlets/traitlets.py:1385: DeprecationWarning:
2025-02-21T13:44:49.9222321Z   
2025-02-21T13:44:49.9222909Z   Passing unrecognized arguments to super(Checkbox).__init__(icon='lock').
2025-02-21T13:44:49.9223611Z   object.__init__() takes exactly one argument (the instance to initialize)
2025-02-21T13:44:49.9224384Z   This is deprecated in traitlets 4.2.This error will be raised in a future release of traitlets.
2025-02-21T13:44:49.9224906Z 
2025-02-21T13:44:49.9225469Z tardis/visualization/widgets/tests/test_custom_abundance.py::TestCustomAbundanceWidget::test_update_input_item_value
2025-02-21T13:44:49.9226875Z tardis/visualization/widgets/tests/test_custom_abundance.py::TestCustomAbundanceWidget::test_update_input_item_value
2025-02-21T13:44:49.9228112Z   /home/runner/micromamba/envs/tardis/lib/python3.12/site-packages/traitlets/traitlets.py:1385: DeprecationWarning:
2025-02-21T13:44:49.9228911Z   
2025-02-21T13:44:49.9229320Z   Passing unrecognized arguments to super(FloatText).__init__(min=0).
2025-02-21T13:44:49.9229989Z   object.__init__() takes exactly one argument (the instance to initialize)
2025-02-21T13:44:49.9230761Z   This is deprecated in traitlets 4.2.This error will be raised in a future release of traitlets.
2025-02-21T13:44:49.9231281Z 
2025-02-21T13:44:49.9231861Z tardis/visualization/widgets/tests/test_custom_abundance.py::TestCustomAbundanceWidget::test_update_input_item_value
2025-02-21T13:44:49.9233295Z   /home/runner/micromamba/envs/tardis/lib/python3.12/site-packages/traitlets/traitlets.py:1385: DeprecationWarning:
2025-02-21T13:44:49.9234093Z   
2025-02-21T13:44:49.9234521Z   Passing unrecognized arguments to super(HTML).__init__(indent=True).
2025-02-21T13:44:49.9235210Z   object.__init__() takes exactly one argument (the instance to initialize)
2025-02-21T13:44:49.9235969Z   This is deprecated in traitlets 4.2.This error will be raised in a future release of traitlets.
2025-02-21T13:44:49.9236485Z 
2025-02-21T13:44:49.9237149Z tardis/visualization/widgets/tests/test_line_info.py::TestLineInfoWidgetData::test_get_species_interactions[wavelength_range0-packet_out_nu]
2025-02-21T13:44:49.9238639Z   /home/runner/micromamba/envs/tardis/lib/python3.12/site-packages/qgridnext/grid.py:814: DeprecationWarning:
2025-02-21T13:44:49.9239387Z   
2025-02-21T13:44:49.9239896Z   QgridWidget._df_changed is deprecated in traitlets 4.1: use @observe and @unobserve instead.
2025-02-21T13:44:49.9240421Z 
2025-02-21T13:44:49.9240811Z tardis/visualization/widgets/tests/test_shell_info.py::TestHDFShellInfo::test_shells_data
2025-02-21T13:44:49.9241670Z   /home/runner/work/tardis/tardis/tardis/io/util.py:289: PerformanceWarning:
2025-02-21T13:44:49.9242250Z   
2025-02-21T13:44:49.9242475Z   
2025-02-21T13:44:49.9243059Z   your performance may suffer as PyTables will pickle object types that it cannot
2025-02-21T13:44:49.9243921Z   map directly to c-types [inferred_type->mixed,key->block0_values] [items->Index([0], dtype='int64')]
2025-02-21T13:44:49.9244450Z 
2025-02-21T13:44:49.9244854Z tardis/visualization/widgets/tests/test_shell_info.py::TestHDFShellInfo::test_shells_data
2025-02-21T13:44:49.9245722Z   /home/runner/work/tardis/tardis/tardis/io/util.py:292: PerformanceWarning:
2025-02-21T13:44:49.9246272Z   
2025-02-21T13:44:49.9246488Z   
2025-02-21T13:44:49.9246922Z   your performance may suffer as PyTables will pickle object types that it cannot
2025-02-21T13:44:49.9247647Z   map directly to c-types [inferred_type->mixed,key->values] [items->None]
2025-02-21T13:44:49.9248071Z 
2025-02-21T13:44:49.9248463Z tardis/visualization/widgets/tests/test_shell_info.py::TestHDFShellInfo::test_shells_data
2025-02-21T13:44:49.9249390Z   /home/runner/work/tardis/tardis/tardis/spectrum/formal_integral.py:398: UserWarning:
2025-02-21T13:44:49.9250015Z   
2025-02-21T13:44:49.9250442Z   The number of interpolate_shells was not specified. The value was set to 80.
2025-02-21T13:44:49.9250882Z 
2025-02-21T13:44:49.9251179Z -- Docs: https://docs.pytest.org/en/stable/how-to/capture-warnings.html
2025-02-21T13:44:49.9251602Z 
2025-02-21T13:44:49.9251861Z ---------- coverage: platform linux, python 3.12.4-final-0 -----------
2025-02-21T13:44:49.9252423Z Coverage HTML written to dir coverage_html_report
2025-02-21T13:44:49.9253024Z Coverage XML written to file coverage.xml
2025-02-21T13:44:49.9253307Z 
2025-02-21T13:44:49.9253494Z =========================== short test summary info ============================
2025-02-21T13:44:49.9254280Z FAILED tardis/tests/test_tardis_full.py::TestTransportSimple::test_j_blue_estimators - AssertionError: 
2025-02-21T13:44:49.9255012Z Not equal to tolerance rtol=1e-07, atol=0
2025-02-21T13:44:49.9255540Z 
2025-02-21T13:44:49.9255689Z Mismatched elements: 501415 / 584480 (85.8%)
2025-02-21T13:44:49.9256095Z Max absolute difference: 1.58727889e-18
2025-02-21T13:44:49.9256490Z Max relative difference: 14.12627905
2025-02-21T13:44:49.9256864Z  x: array([[0., 0., 0., ..., 0., 0., 0.],
2025-02-21T13:44:49.9257244Z        [0., 0., 0., ..., 0., 0., 0.],
2025-02-21T13:44:49.9257598Z        [0., 0., 0., ..., 0., 0., 0.],...
2025-02-21T13:44:49.9257965Z  y: array([[0., 0., 0., ..., 0., 0., 0.],
2025-02-21T13:44:49.9258334Z        [0., 0., 0., ..., 0., 0., 0.],
2025-02-21T13:44:49.9258681Z        [0., 0., 0., ..., 0., 0., 0.],...
2025-02-21T13:44:49.9259320Z FAILED tardis/tests/test_tardis_full.py::TestTransportSimple::test_spectrum - AssertionError: 
2025-02-21T13:44:49.9260011Z Not equal to tolerance rtol=1e-07, atol=0
2025-02-21T13:44:49.9260278Z 
2025-02-21T13:44:49.9260419Z Mismatched elements: 4787 / 10000 (47.9%)
2025-02-21T13:44:49.9260819Z Max absolute difference: 3.38544343e+39
2025-02-21T13:44:49.9261228Z Max relative difference: 2.93242273
2025-02-21T13:44:49.9261749Z  x: array([1.335111e+39, 1.337387e+39, 9.415985e+38, ..., 0.000000e+00,
2025-02-21T13:44:49.9262225Z        0.000000e+00, 0.000000e+00])
2025-02-21T13:44:49.9262650Z  y: array([1.471192e+39, 1.695642e+39, 1.353685e+39, ..., 0.000000e+00,
2025-02-21T13:44:49.9263318Z        0.000000e+00, 0.000000e+00])
2025-02-21T13:44:49.9264045Z FAILED tardis/tests/test_tardis_full.py::TestTransportSimple::test_virtual_spectrum - AssertionError: 
2025-02-21T13:44:49.9264972Z Not equal to tolerance rtol=1e-07, atol=0
2025-02-21T13:44:49.9265243Z 
2025-02-21T13:44:49.9265372Z Mismatched elements: 5800 / 10000 (58%)
2025-02-21T13:44:49.9265759Z Max absolute difference: 2.37529699e+39
2025-02-21T13:44:49.9266144Z Max relative difference: 18569.59081289
2025-02-21T13:44:49.9266611Z  x: array([1.463524e+39, 1.375196e+39, 1.349012e+39, ..., 0.000000e+00,
2025-02-21T13:44:49.9267077Z        0.000000e+00, 0.000000e+00])
2025-02-21T13:44:49.9267520Z  y: array([1.440332e+39, 1.356114e+39, 1.397557e+39, ..., 0.000000e+00,
2025-02-21T13:44:49.9267986Z        0.000000e+00, 0.000000e+00])
2025-02-21T13:44:49.9268603Z = 3 failed, 1407 passed, 357 skipped, 2 deselected, 19 xfailed, 8 xpassed, 63 warnings in 714.28s (0:11:54) =
2025-02-21T13:44:52.3471926Z ##[error]Process completed with exit code 1.
