2025-02-15T22:06:55.7806237Z Requested labels: macos-latest
2025-02-15T22:06:55.7806419Z Job defined at: tardis-sn/tardis/.github/workflows/tests.yml@refs/pull/2973/merge
2025-02-15T22:06:55.7806515Z Waiting for a runner to pick up this job...
2025-02-15T22:06:56.1675403Z Job is waiting for a hosted runner to come online.
2025-02-15T22:06:58.5592050Z Job is about to start running on the hosted runner: GitHub Actions 54 (hosted)
2025-02-15T22:06:59.3513230Z Current runner version: '2.322.0'
2025-02-15T22:06:59.3537960Z ##[group]Operating System
2025-02-15T22:06:59.3538560Z macOS
2025-02-15T22:06:59.3538890Z 14.7.2
2025-02-15T22:06:59.3539200Z 23H311
2025-02-15T22:06:59.3539620Z ##[endgroup]
2025-02-15T22:06:59.3539940Z ##[group]Runner Image
2025-02-15T22:06:59.3540280Z Image: macos-14-arm64
2025-02-15T22:06:59.3540610Z Version: 20250120.774
2025-02-15T22:06:59.3541340Z Included Software: https://github.com/actions/runner-images/blob/macos-14-arm64/20250120.774/images/macos/macos-14-arm64-Readme.md
2025-02-15T22:06:59.3542690Z Image Release: https://github.com/actions/runner-images/releases/tag/macos-14-arm64%2F20250120.774
2025-02-15T22:06:59.3543290Z ##[endgroup]
2025-02-15T22:06:59.3543630Z ##[group]Runner Image Provisioner
2025-02-15T22:06:59.3544060Z 2.0.422.1+55c30c14fe2a0a1547db1b656933ae07d97649a9
2025-02-15T22:06:59.3544470Z ##[endgroup]
2025-02-15T22:06:59.3545870Z ##[group]GITHUB_TOKEN Permissions
2025-02-15T22:06:59.3548030Z Actions: read
2025-02-15T22:06:59.3548510Z Attestations: read
2025-02-15T22:06:59.3548830Z Checks: read
2025-02-15T22:06:59.3549130Z Contents: read
2025-02-15T22:06:59.3549430Z Deployments: read
2025-02-15T22:06:59.3549790Z Discussions: read
2025-02-15T22:06:59.3550110Z Issues: read
2025-02-15T22:06:59.3550770Z Metadata: read
2025-02-15T22:06:59.3551330Z Packages: read
2025-02-15T22:06:59.3551800Z Pages: read
2025-02-15T22:06:59.3552340Z PullRequests: read
2025-02-15T22:06:59.3552870Z RepositoryProjects: read
2025-02-15T22:06:59.3553370Z SecurityEvents: read
2025-02-15T22:06:59.3553810Z Statuses: read
2025-02-15T22:06:59.3554360Z ##[endgroup]
2025-02-15T22:06:59.3557010Z Secret source: None
2025-02-15T22:06:59.3557470Z Prepare workflow directory
2025-02-15T22:06:59.3939890Z Prepare all required actions
2025-02-15T22:06:59.3964270Z Getting action download info
2025-02-15T22:06:59.5315860Z ##[group]Download immutable action package 'actions/checkout@v4'
2025-02-15T22:06:59.5316440Z Version: 4.2.2
2025-02-15T22:06:59.5317020Z Digest: sha256:ccb2698953eaebd21c7bf6268a94f9c26518a7e38e27e0b83c1fe1ad049819b1
2025-02-15T22:06:59.5317710Z Source commit SHA: 11bd71901bbe5b1630ceea73d27597364c9af683
2025-02-15T22:06:59.5318130Z ##[endgroup]
2025-02-15T22:06:59.7758370Z ##[group]Download immutable action package 'actions/upload-artifact@v4'
2025-02-15T22:06:59.7759440Z Version: 4.6.0
2025-02-15T22:06:59.7760120Z Digest: sha256:bf85474c8423f9cd48bd2caf3ce5adb1711e2dfdb055b040bd36b044e4290329
2025-02-15T22:06:59.7760810Z Source commit SHA: 65c4c4a1ddee5b72f698fdd19549f0f0fb45cf08
2025-02-15T22:06:59.7761290Z ##[endgroup]
2025-02-15T22:06:59.9638400Z Complete job name: not continuum macos-latest 
2025-02-15T22:07:00.0013420Z ##[group]Run actions/checkout@v4
2025-02-15T22:07:00.0013930Z with:
2025-02-15T22:07:00.0014290Z   repository: tardis-sn/tardis
2025-02-15T22:07:00.0015110Z   token: ***
2025-02-15T22:07:00.0015390Z   ssh-strict: true
2025-02-15T22:07:00.0015660Z   ssh-user: git
2025-02-15T22:07:00.0015940Z   persist-credentials: true
2025-02-15T22:07:00.0016270Z   clean: true
2025-02-15T22:07:00.0016560Z   sparse-checkout-cone-mode: true
2025-02-15T22:07:00.0016960Z   fetch-depth: 1
2025-02-15T22:07:00.0017260Z   fetch-tags: false
2025-02-15T22:07:00.0017550Z   show-progress: true
2025-02-15T22:07:00.0017850Z   lfs: false
2025-02-15T22:07:00.0018180Z   submodules: false
2025-02-15T22:07:00.0018470Z   set-safe-directory: true
2025-02-15T22:07:00.0019030Z env:
2025-02-15T22:07:00.0019300Z   CACHE_NUMBER: 0
2025-02-15T22:07:00.0020210Z   PYTEST_FLAGS: --tardis-regression-data=/Users/runner/work/tardis/tardis/tardis-regression-data --cov=tardis --cov-report=xml --cov-report=html --cov-append
2025-02-15T22:07:00.0028840Z   CODECOV_TOKEN: 
2025-02-15T22:07:00.0029180Z ##[endgroup]
2025-02-15T22:07:00.2600740Z Syncing repository: tardis-sn/tardis
2025-02-15T22:07:00.2601920Z ##[group]Getting Git version info
2025-02-15T22:07:00.2602390Z Working directory is '/Users/runner/work/tardis/tardis'
2025-02-15T22:07:00.2603080Z [command]/opt/homebrew/bin/git version
2025-02-15T22:07:00.3104840Z git version 2.48.1
2025-02-15T22:07:00.3131090Z ##[endgroup]
2025-02-15T22:07:00.3136580Z Copying '/Users/runner/.gitconfig' to '/Users/runner/work/_temp/1063f59a-8f17-41a4-8ced-139d3f3c7e16/.gitconfig'
2025-02-15T22:07:00.3144060Z Temporarily overriding HOME='/Users/runner/work/_temp/1063f59a-8f17-41a4-8ced-139d3f3c7e16' before making global git config changes
2025-02-15T22:07:00.3145140Z Adding repository directory to the temporary git global config as a safe directory
2025-02-15T22:07:00.3147860Z [command]/opt/homebrew/bin/git config --global --add safe.directory /Users/runner/work/tardis/tardis
2025-02-15T22:07:00.3228300Z Deleting the contents of '/Users/runner/work/tardis/tardis'
2025-02-15T22:07:00.3230470Z ##[group]Initializing the repository
2025-02-15T22:07:00.3234530Z [command]/opt/homebrew/bin/git init /Users/runner/work/tardis/tardis
2025-02-15T22:07:00.3382500Z hint: Using 'master' as the name for the initial branch. This default branch name
2025-02-15T22:07:00.3385930Z hint: is subject to change. To configure the initial branch name to use in all
2025-02-15T22:07:00.3386810Z hint: of your new repositories, which will suppress this warning, call:
2025-02-15T22:07:00.3387450Z hint:
2025-02-15T22:07:00.3387950Z hint: 	git config --global init.defaultBranch <name>
2025-02-15T22:07:00.3388470Z hint:
2025-02-15T22:07:00.3389000Z hint: Names commonly chosen instead of 'master' are 'main', 'trunk' and
2025-02-15T22:07:00.3389710Z hint: 'development'. The just-created branch can be renamed via this command:
2025-02-15T22:07:00.3390330Z hint:
2025-02-15T22:07:00.3390820Z hint: 	git branch -m <name>
2025-02-15T22:07:00.3392220Z Initialized empty Git repository in /Users/runner/work/tardis/tardis/.git/
2025-02-15T22:07:00.3393780Z [command]/opt/homebrew/bin/git remote add origin https://github.com/tardis-sn/tardis
2025-02-15T22:07:00.3444540Z ##[endgroup]
2025-02-15T22:07:00.3445100Z ##[group]Disabling automatic garbage collection
2025-02-15T22:07:00.3447720Z [command]/opt/homebrew/bin/git config --local gc.auto 0
2025-02-15T22:07:00.3483380Z ##[endgroup]
2025-02-15T22:07:00.3483880Z ##[group]Setting up auth
2025-02-15T22:07:00.3488220Z [command]/opt/homebrew/bin/git config --local --name-only --get-regexp core\.sshCommand
2025-02-15T22:07:00.3525210Z [command]/opt/homebrew/bin/git submodule foreach --recursive sh -c "git config --local --name-only --get-regexp 'core\.sshCommand' && git config --local --unset-all 'core.sshCommand' || :"
2025-02-15T22:07:00.4064340Z [command]/opt/homebrew/bin/git config --local --name-only --get-regexp http\.https\:\/\/github\.com\/\.extraheader
2025-02-15T22:07:00.4102080Z [command]/opt/homebrew/bin/git submodule foreach --recursive sh -c "git config --local --name-only --get-regexp 'http\.https\:\/\/github\.com\/\.extraheader' && git config --local --unset-all 'http.https://github.com/.extraheader' || :"
2025-02-15T22:07:00.4587330Z [command]/opt/homebrew/bin/git config --local http.https://github.com/.extraheader AUTHORIZATION: basic ***
2025-02-15T22:07:00.4658720Z ##[endgroup]
2025-02-15T22:07:00.4659410Z ##[group]Fetching the repository
2025-02-15T22:07:00.4664220Z [command]/opt/homebrew/bin/git -c protocol.version=2 fetch --no-tags --prune --no-recurse-submodules --depth=1 origin +2ad3974fba275d0cd99c1b25222cae9cc5bdd76e:refs/remotes/pull/2973/merge
2025-02-15T22:07:02.6206100Z From https://github.com/tardis-sn/tardis
2025-02-15T22:07:02.6207060Z  * [new ref]         2ad3974fba275d0cd99c1b25222cae9cc5bdd76e -> pull/2973/merge
2025-02-15T22:07:02.6317020Z ##[endgroup]
2025-02-15T22:07:02.6317790Z ##[group]Determining the checkout info
2025-02-15T22:07:02.6318520Z ##[endgroup]
2025-02-15T22:07:02.6320360Z [command]/opt/homebrew/bin/git sparse-checkout disable
2025-02-15T22:07:02.6399060Z [command]/opt/homebrew/bin/git config --local --unset-all extensions.worktreeConfig
2025-02-15T22:07:02.6445970Z ##[group]Checking out the ref
2025-02-15T22:07:02.6448000Z [command]/opt/homebrew/bin/git checkout --progress --force refs/remotes/pull/2973/merge
2025-02-15T22:07:02.8424280Z HEAD is now at 2ad3974 Merge 9e1746bcb12c31c5676d06b164704bc4dba66c64 into 13c9a314d4165ff320d000df7d67b5c5f91a69dd
2025-02-15T22:07:02.8435990Z ##[endgroup]
2025-02-15T22:07:02.8496840Z [command]/opt/homebrew/bin/git log -1 --format=%H
2025-02-15T22:07:02.8544320Z 2ad3974fba275d0cd99c1b25222cae9cc5bdd76e
2025-02-15T22:07:02.8832140Z Prepare all required actions
2025-02-15T22:07:02.8833270Z Getting action download info
2025-02-15T22:07:03.0443950Z ##[group]Download immutable action package 'actions/cache@v4'
2025-02-15T22:07:03.0444990Z Version: 4.2.0
2025-02-15T22:07:03.0446010Z Digest: sha256:5bc11090595acbf82dbfb02747bf0bfd91544e869357fd3ac0eb41f509632110
2025-02-15T22:07:03.0447380Z Source commit SHA: 1bd1e32a3bdc45362d1e726936510720a7c30a57
2025-02-15T22:07:03.0448340Z ##[endgroup]
2025-02-15T22:07:03.1371720Z ##[group]Run ./.github/actions/setup_lfs
2025-02-15T22:07:03.1372330Z with:
2025-02-15T22:07:03.1372900Z   regression-data-repo: tardis-sn/tardis-regression-data
2025-02-15T22:07:03.1373660Z   atom-data-sparse: false
2025-02-15T22:07:03.1374180Z env:
2025-02-15T22:07:03.1374590Z   CACHE_NUMBER: 0
2025-02-15T22:07:03.1375950Z   PYTEST_FLAGS: --tardis-regression-data=/Users/runner/work/tardis/tardis/tardis-regression-data --cov=tardis --cov-report=xml --cov-report=html --cov-append
2025-02-15T22:07:03.1377430Z   CODECOV_TOKEN: 
2025-02-15T22:07:03.1377880Z ##[endgroup]
2025-02-15T22:07:03.1505030Z ##[group]Run actions/checkout@v4
2025-02-15T22:07:03.1505580Z with:
2025-02-15T22:07:03.1506070Z   repository: tardis-sn/tardis-regression-data
2025-02-15T22:07:03.1506720Z   path: tardis-regression-data
2025-02-15T22:07:03.1507250Z   lfs: false
2025-02-15T22:07:03.1507840Z   token: ***
2025-02-15T22:07:03.1508300Z   ssh-strict: true
2025-02-15T22:07:03.1508760Z   ssh-user: git
2025-02-15T22:07:03.1509220Z   persist-credentials: true
2025-02-15T22:07:03.1509740Z   clean: true
2025-02-15T22:07:03.1510220Z   sparse-checkout-cone-mode: true
2025-02-15T22:07:03.1510780Z   fetch-depth: 1
2025-02-15T22:07:03.1511250Z   fetch-tags: false
2025-02-15T22:07:03.1511740Z   show-progress: true
2025-02-15T22:07:03.1512220Z   submodules: false
2025-02-15T22:07:03.1512690Z   set-safe-directory: true
2025-02-15T22:07:03.1513180Z env:
2025-02-15T22:07:03.1513590Z   CACHE_NUMBER: 0
2025-02-15T22:07:03.1514980Z   PYTEST_FLAGS: --tardis-regression-data=/Users/runner/work/tardis/tardis/tardis-regression-data --cov=tardis --cov-report=xml --cov-report=html --cov-append
2025-02-15T22:07:03.1516390Z   CODECOV_TOKEN: 
2025-02-15T22:07:03.1516850Z ##[endgroup]
2025-02-15T22:07:03.2273990Z Syncing repository: tardis-sn/tardis-regression-data
2025-02-15T22:07:03.2276660Z ##[group]Getting Git version info
2025-02-15T22:07:03.2277580Z Working directory is '/Users/runner/work/tardis/tardis/tardis-regression-data'
2025-02-15T22:07:03.2305850Z [command]/opt/homebrew/bin/git version
2025-02-15T22:07:03.2346050Z git version 2.48.1
2025-02-15T22:07:03.2359380Z ##[endgroup]
2025-02-15T22:07:03.2364060Z Copying '/Users/runner/.gitconfig' to '/Users/runner/work/_temp/5bd35073-cadc-4950-b999-a86dff333b0c/.gitconfig'
2025-02-15T22:07:03.2371060Z Temporarily overriding HOME='/Users/runner/work/_temp/5bd35073-cadc-4950-b999-a86dff333b0c' before making global git config changes
2025-02-15T22:07:03.2372840Z Adding repository directory to the temporary git global config as a safe directory
2025-02-15T22:07:03.2374410Z [command]/opt/homebrew/bin/git config --global --add safe.directory /Users/runner/work/tardis/tardis/tardis-regression-data
2025-02-15T22:07:03.2411250Z ##[group]Initializing the repository
2025-02-15T22:07:03.2414150Z [command]/opt/homebrew/bin/git init /Users/runner/work/tardis/tardis/tardis-regression-data
2025-02-15T22:07:03.2473460Z hint: Using 'master' as the name for the initial branch. This default branch name
2025-02-15T22:07:03.2475010Z hint: is subject to change. To configure the initial branch name to use in all
2025-02-15T22:07:03.2476230Z hint: of your new repositories, which will suppress this warning, call:
2025-02-15T22:07:03.2477390Z hint:
2025-02-15T22:07:03.2477960Z hint: 	git config --global init.defaultBranch <name>
2025-02-15T22:07:03.2478700Z hint:
2025-02-15T22:07:03.2479360Z hint: Names commonly chosen instead of 'master' are 'main', 'trunk' and
2025-02-15T22:07:03.2480850Z hint: 'development'. The just-created branch can be renamed via this command:
2025-02-15T22:07:03.2482610Z hint:
2025-02-15T22:07:03.2483090Z hint: 	git branch -m <name>
2025-02-15T22:07:03.2484090Z Initialized empty Git repository in /Users/runner/work/tardis/tardis/tardis-regression-data/.git/
2025-02-15T22:07:03.2486440Z [command]/opt/homebrew/bin/git remote add origin https://github.com/tardis-sn/tardis-regression-data
2025-02-15T22:07:03.2525230Z ##[endgroup]
2025-02-15T22:07:03.2526160Z ##[group]Disabling automatic garbage collection
2025-02-15T22:07:03.2527070Z [command]/opt/homebrew/bin/git config --local gc.auto 0
2025-02-15T22:07:03.2563150Z ##[endgroup]
2025-02-15T22:07:03.2563990Z ##[group]Setting up auth
2025-02-15T22:07:03.2566620Z [command]/opt/homebrew/bin/git config --local --name-only --get-regexp core\.sshCommand
2025-02-15T22:07:03.2601380Z [command]/opt/homebrew/bin/git submodule foreach --recursive sh -c "git config --local --name-only --get-regexp 'core\.sshCommand' && git config --local --unset-all 'core.sshCommand' || :"
2025-02-15T22:07:03.3042070Z [command]/opt/homebrew/bin/git config --local --name-only --get-regexp http\.https\:\/\/github\.com\/\.extraheader
2025-02-15T22:07:03.3079930Z [command]/opt/homebrew/bin/git submodule foreach --recursive sh -c "git config --local --name-only --get-regexp 'http\.https\:\/\/github\.com\/\.extraheader' && git config --local --unset-all 'http.https://github.com/.extraheader' || :"
2025-02-15T22:07:03.3531720Z [command]/opt/homebrew/bin/git config --local http.https://github.com/.extraheader AUTHORIZATION: basic ***
2025-02-15T22:07:03.4007720Z ##[endgroup]
2025-02-15T22:07:03.4116800Z ##[group]Determining the default branch
2025-02-15T22:07:03.4218930Z Retrieving the default branch name
2025-02-15T22:07:03.8987850Z Default branch 'main'
2025-02-15T22:07:03.8988610Z ##[endgroup]
2025-02-15T22:07:03.8989030Z ##[group]Fetching the repository
2025-02-15T22:07:03.8992000Z [command]/opt/homebrew/bin/git -c protocol.version=2 fetch --no-tags --prune --no-recurse-submodules --depth=1 origin +refs/heads/main:refs/remotes/origin/main
2025-02-15T22:07:05.1175530Z From https://github.com/tardis-sn/tardis-regression-data
2025-02-15T22:07:05.1277030Z  * [new branch]      main       -> origin/main
2025-02-15T22:07:05.1582370Z ##[endgroup]
2025-02-15T22:07:05.1685430Z ##[group]Determining the checkout info
2025-02-15T22:07:05.1785750Z ##[endgroup]
2025-02-15T22:07:05.1887320Z [command]/opt/homebrew/bin/git sparse-checkout disable
2025-02-15T22:07:05.2189380Z [command]/opt/homebrew/bin/git config --local --unset-all extensions.worktreeConfig
2025-02-15T22:07:05.2491570Z ##[group]Checking out the ref
2025-02-15T22:07:05.2592190Z [command]/opt/homebrew/bin/git checkout --progress --force -B main refs/remotes/origin/main
2025-02-15T22:07:05.3899090Z Switched to a new branch 'main'
2025-02-15T22:07:05.3910250Z branch 'main' set up to track 'origin/main'.
2025-02-15T22:07:05.4572570Z ##[endgroup]
2025-02-15T22:07:05.4626530Z [command]/opt/homebrew/bin/git log -1 --format=%H
2025-02-15T22:07:05.4666270Z fa7729bc9c30e14b69acd641af8b692b56fcd416
2025-02-15T22:07:05.4754690Z ##[group]Run if [ "false" == "true" ]; then
2025-02-15T22:07:05.4754980Z [36;1mif [ "false" == "true" ]; then[0m
2025-02-15T22:07:05.4755210Z [36;1m  echo "Using atom data sparse checkout"[0m
2025-02-15T22:07:05.4755500Z [36;1m  echo "atom_data/kurucz_cd23_chianti_H_He.h5" > .lfs-files-list[0m
2025-02-15T22:07:05.4755740Z [36;1melse[0m
2025-02-15T22:07:05.4755900Z [36;1m  echo "Using full repository checkout"[0m
2025-02-15T22:07:05.4756170Z [36;1m  git lfs ls-files -l | cut -d' ' -f1 | sort > .lfs-files-list[0m
2025-02-15T22:07:05.4756430Z [36;1mfi[0m
2025-02-15T22:07:05.4813880Z shell: /bin/bash --noprofile --norc -e -o pipefail {0}
2025-02-15T22:07:05.4817000Z env:
2025-02-15T22:07:05.4817120Z   CACHE_NUMBER: 0
2025-02-15T22:07:05.4817590Z   PYTEST_FLAGS: --tardis-regression-data=/Users/runner/work/tardis/tardis/tardis-regression-data --cov=tardis --cov-report=xml --cov-report=html --cov-append
2025-02-15T22:07:05.4818080Z   CODECOV_TOKEN: 
2025-02-15T22:07:05.4818410Z ##[endgroup]
2025-02-15T22:07:05.5102240Z Using full repository checkout
2025-02-15T22:07:05.7070600Z ##[group]Run actions/cache/restore@v4
2025-02-15T22:07:05.7070870Z with:
2025-02-15T22:07:05.7071020Z   path: tardis-regression-data/.git/lfs
2025-02-15T22:07:05.7071510Z   key: tardis-regression-full-data-21f9fa4b6817cc69b9fae3598144724da7828e276a73bd17f47a2a49d9af090a-tardis-sn/tardis-regression-data-v1
2025-02-15T22:07:05.7071970Z   fail-on-cache-miss: true
2025-02-15T22:07:05.7072150Z   enableCrossOsArchive: false
2025-02-15T22:07:05.7072310Z   lookup-only: false
2025-02-15T22:07:05.7072450Z env:
2025-02-15T22:07:05.7072570Z   CACHE_NUMBER: 0
2025-02-15T22:07:05.7073040Z   PYTEST_FLAGS: --tardis-regression-data=/Users/runner/work/tardis/tardis/tardis-regression-data --cov=tardis --cov-report=xml --cov-report=html --cov-append
2025-02-15T22:07:05.7073510Z   CODECOV_TOKEN: 
2025-02-15T22:07:05.7073640Z ##[endgroup]
2025-02-15T22:07:05.9238670Z Cache hit for: tardis-regression-full-data-21f9fa4b6817cc69b9fae3598144724da7828e276a73bd17f47a2a49d9af090a-tardis-sn/tardis-regression-data-v1
2025-02-15T22:07:06.9686060Z Received 62914560 of 1707217599 (3.7%), 60.0 MBs/sec
2025-02-15T22:07:07.9696630Z Received 134217728 of 1707217599 (7.9%), 63.8 MBs/sec
2025-02-15T22:07:08.9684600Z Received 192937984 of 1707217599 (11.3%), 61.2 MBs/sec
2025-02-15T22:07:09.9736170Z Received 268435456 of 1707217599 (15.7%), 63.8 MBs/sec
2025-02-15T22:07:10.9737120Z Received 335544320 of 1707217599 (19.7%), 63.8 MBs/sec
2025-02-15T22:07:11.9741830Z Received 402653184 of 1707217599 (23.6%), 63.9 MBs/sec
2025-02-15T22:07:12.9739570Z Received 469762048 of 1707217599 (27.5%), 63.9 MBs/sec
2025-02-15T22:07:13.9734400Z Received 536870912 of 1707217599 (31.4%), 63.9 MBs/sec
2025-02-15T22:07:14.9763460Z Received 612368384 of 1707217599 (35.9%), 64.8 MBs/sec
2025-02-15T22:07:15.9745490Z Received 671088640 of 1707217599 (39.3%), 63.9 MBs/sec
2025-02-15T22:07:16.9735150Z Received 746586112 of 1707217599 (43.7%), 64.7 MBs/sec
2025-02-15T22:07:17.9741550Z Received 834666496 of 1707217599 (48.9%), 66.3 MBs/sec
2025-02-15T22:07:18.9745670Z Received 910163968 of 1707217599 (53.3%), 66.7 MBs/sec
2025-02-15T22:07:19.9737330Z Received 981467136 of 1707217599 (57.5%), 66.8 MBs/sec
2025-02-15T22:07:20.9759400Z Received 1073741824 of 1707217599 (62.9%), 68.2 MBs/sec
2025-02-15T22:07:21.9757700Z Received 1124073472 of 1707217599 (65.8%), 66.9 MBs/sec
2025-02-15T22:07:22.9876830Z Received 1207959552 of 1707217599 (70.8%), 67.7 MBs/sec
2025-02-15T22:07:23.9876220Z Received 1258291200 of 1707217599 (73.7%), 66.6 MBs/sec
2025-02-15T22:07:24.9876310Z Received 1346371584 of 1707217599 (78.9%), 67.5 MBs/sec
2025-02-15T22:07:25.9881500Z Received 1413480448 of 1707217599 (82.8%), 67.3 MBs/sec
2025-02-15T22:07:26.9874950Z Received 1476395008 of 1707217599 (86.5%), 67.0 MBs/sec
2025-02-15T22:07:27.9920440Z Received 1556086784 of 1707217599 (91.1%), 67.4 MBs/sec
2025-02-15T22:07:28.9919570Z Received 1639972864 of 1707217599 (96.1%), 67.9 MBs/sec
2025-02-15T22:07:29.7262990Z Received 1707217599 of 1707217599 (100.0%), 68.5 MBs/sec
2025-02-15T22:07:29.7319870Z Cache Size: ~1628 MB (1707217599 B)
2025-02-15T22:07:29.7373780Z [command]/opt/homebrew/bin/gtar -xf /Users/runner/work/_temp/607e3595-c3b4-47b8-9230-ca9bd58e1409/cache.tzst -P -C /Users/runner/work/tardis/tardis --delay-directory-restore --use-compress-program unzstd
2025-02-15T22:07:35.4747310Z Cache restored successfully
2025-02-15T22:07:35.5509530Z Cache restored from key: tardis-regression-full-data-21f9fa4b6817cc69b9fae3598144724da7828e276a73bd17f47a2a49d9af090a-tardis-sn/tardis-regression-data-v1
2025-02-15T22:07:35.5703660Z ##[group]Run git lfs checkout
2025-02-15T22:07:35.5704700Z [36;1mgit lfs checkout[0m
2025-02-15T22:07:35.5823370Z shell: /bin/bash --noprofile --norc -e -o pipefail {0}
2025-02-15T22:07:35.5823870Z env:
2025-02-15T22:07:35.5824200Z   CACHE_NUMBER: 0
2025-02-15T22:07:35.5829430Z   PYTEST_FLAGS: --tardis-regression-data=/Users/runner/work/tardis/tardis/tardis-regression-data --cov=tardis --cov-report=xml --cov-report=html --cov-append
2025-02-15T22:07:35.5830250Z   CODECOV_TOKEN: 
2025-02-15T22:07:35.5830580Z ##[endgroup]
2025-02-15T22:07:42.9268680Z Checking out LFS objects: 100% (204/204), 3.5 GB | 373 MB/s, done.
2025-02-15T22:07:49.4347170Z Prepare all required actions
2025-02-15T22:07:49.4347640Z Getting action download info
2025-02-15T22:07:49.5622200Z Download action repository 'mamba-org/setup-micromamba@v1' (SHA:4b9113af4fba0e9e1124b252dd6497a419e7396d)
2025-02-15T22:07:50.9358020Z ##[group]Run ./.github/actions/setup_env
2025-02-15T22:07:50.9358230Z with:
2025-02-15T22:07:50.9358370Z   os-label: osx-arm64
2025-02-15T22:07:50.9358590Z env:
2025-02-15T22:07:50.9358870Z   CACHE_NUMBER: 0
2025-02-15T22:07:50.9359390Z   PYTEST_FLAGS: --tardis-regression-data=/Users/runner/work/tardis/tardis/tardis-regression-data --cov=tardis --cov-report=xml --cov-report=html --cov-append
2025-02-15T22:07:50.9359980Z   CODECOV_TOKEN: 
2025-02-15T22:07:50.9360160Z ##[endgroup]
2025-02-15T22:07:50.9383860Z ##[group]Run file_hash=$(cat conda-osx-arm64.lock | shasum -a 256 | cut -d' ' -f1)
2025-02-15T22:07:50.9384260Z [36;1mfile_hash=$(cat conda-osx-arm64.lock | shasum -a 256 | cut -d' ' -f1)[0m
2025-02-15T22:07:50.9384740Z [36;1mecho "file_hash=tardis-conda-env-osx-arm64-${file_hash}-v1" >> "${GITHUB_OUTPUT}"[0m
2025-02-15T22:07:50.9467680Z shell: /bin/bash --noprofile --norc -e -o pipefail {0}
2025-02-15T22:07:50.9467980Z env:
2025-02-15T22:07:50.9468130Z   CACHE_NUMBER: 0
2025-02-15T22:07:50.9468630Z   PYTEST_FLAGS: --tardis-regression-data=/Users/runner/work/tardis/tardis/tardis-regression-data --cov=tardis --cov-report=xml --cov-report=html --cov-append
2025-02-15T22:07:50.9469230Z   CODECOV_TOKEN: 
2025-02-15T22:07:50.9469400Z ##[endgroup]
2025-02-15T22:07:51.0332670Z ##[group]Run mamba-org/setup-micromamba@v1
2025-02-15T22:07:51.0332880Z with:
2025-02-15T22:07:51.0333020Z   environment-file: conda-osx-arm64.lock
2025-02-15T22:07:51.0333450Z   cache-environment-key: tardis-conda-env-osx-arm64-bf0d0a4d4c847cca72476c6c68c493d56c484aada7e80de0e42c7607fcef5824-v1
2025-02-15T22:07:51.0334090Z   cache-downloads-key: tardis-conda-env-osx-arm64-bf0d0a4d4c847cca72476c6c68c493d56c484aada7e80de0e42c7607fcef5824-v1
2025-02-15T22:07:51.0334510Z   environment-name: tardis
2025-02-15T22:07:51.0334670Z   cache-environment: true
2025-02-15T22:07:51.0334840Z   cache-downloads: true
2025-02-15T22:07:51.0334990Z env:
2025-02-15T22:07:51.0335110Z   CACHE_NUMBER: 0
2025-02-15T22:07:51.0335540Z   PYTEST_FLAGS: --tardis-regression-data=/Users/runner/work/tardis/tardis/tardis-regression-data --cov=tardis --cov-report=xml --cov-report=html --cov-append
2025-02-15T22:07:51.0336010Z   CODECOV_TOKEN: 
2025-02-15T22:07:51.0336150Z ##[endgroup]
2025-02-15T22:07:51.3036170Z Will download micromamba to /Users/runner/micromamba-bin/micromamba
2025-02-15T22:07:51.3050630Z ##[group]Install micromamba
2025-02-15T22:07:51.7152690Z micromamba installed to /Users/runner/micromamba-bin/micromamba
2025-02-15T22:07:51.7153240Z ##[endgroup]
2025-02-15T22:07:51.7153710Z Adding conda-forge to condarc channels ...
2025-02-15T22:07:51.7178010Z ##[group]Initialize micromamba for bash.
2025-02-15T22:07:51.7200370Z [command]/Users/runner/micromamba-bin/micromamba shell init -s bash -r /Users/runner/micromamba --log-level warning --rc-file /Users/runner/work/_temp/setup-micromamba/.condarc
2025-02-15T22:07:51.7541480Z Modifying RC file "/Users/runner/.bash_profile"
2025-02-15T22:07:51.7544410Z Generating config for root prefix [1m"/Users/runner/micromamba"[0m
2025-02-15T22:07:51.7544910Z Setting mamba executable to: [1m"/Users/runner/micromamba-bin/micromamba"[0m
2025-02-15T22:07:51.7545380Z Adding (or replacing) the following in your "/Users/runner/.bash_profile" file
2025-02-15T22:07:51.7549460Z 
2025-02-15T22:07:51.7549540Z # >>> mamba initialize >>>
2025-02-15T22:07:51.7549760Z # !! Contents within this block are managed by 'mamba init' !!
2025-02-15T22:07:51.7550540Z export MAMBA_EXE='/Users/runner/micromamba-bin/micromamba';
2025-02-15T22:07:51.7550850Z export MAMBA_ROOT_PREFIX='/Users/runner/micromamba';
2025-02-15T22:07:51.7551310Z __mamba_setup="$("$MAMBA_EXE" shell hook --shell bash --root-prefix "$MAMBA_ROOT_PREFIX" 2> /dev/null)"
2025-02-15T22:07:51.7552140Z if [ $? -eq 0 ]; then
2025-02-15T22:07:51.7552330Z     eval "$__mamba_setup"
2025-02-15T22:07:51.7552500Z else
2025-02-15T22:07:51.7552750Z     alias micromamba="$MAMBA_EXE"  # Fallback on help from mamba activate
2025-02-15T22:07:51.7553010Z fi
2025-02-15T22:07:51.7553140Z unset __mamba_setup
2025-02-15T22:07:51.7553330Z # <<< mamba initialize <<<
2025-02-15T22:07:51.7553460Z 
2025-02-15T22:07:51.7553750Z ##[endgroup]
2025-02-15T22:07:51.7554970Z ##[group]Restoring downloads from `/Users/runner/micromamba/pkgs` ...
2025-02-15T22:07:52.8456190Z Received 62914560 of 310594474 (20.3%), 59.9 MBs/sec
2025-02-15T22:07:53.8457390Z Received 138412032 of 310594474 (44.6%), 66.0 MBs/sec
2025-02-15T22:07:54.8457860Z Received 218103808 of 310594474 (70.2%), 69.3 MBs/sec
2025-02-15T22:07:55.8520700Z Received 310594474 of 310594474 (100.0%), 73.9 MBs/sec
2025-02-15T22:07:55.8725300Z Cache Size: ~296 MB (310594474 B)
2025-02-15T22:07:55.8770170Z [command]/opt/homebrew/bin/gtar -xf /Users/runner/work/_temp/8ae4fa99-e474-4da4-9f34-92c590b8def7/cache.tzst -P -C /Users/runner/work/tardis/tardis --delay-directory-restore --use-compress-program unzstd
2025-02-15T22:07:56.2754280Z Cache restored successfully
2025-02-15T22:07:56.2781680Z Restored cache with key `tardis-conda-env-osx-arm64-bf0d0a4d4c847cca72476c6c68c493d56c484aada7e80de0e42c7607fcef5824-v1-osx-arm64`
2025-02-15T22:07:56.2782540Z ##[endgroup]
2025-02-15T22:07:56.2838680Z ##[group]Restoring environment `tardis` from `/Users/runner/micromamba/envs/tardis` ...
2025-02-15T22:07:57.3266350Z Received 62914560 of 385513979 (16.3%), 60.0 MBs/sec
2025-02-15T22:07:58.3337610Z Received 134217728 of 385513979 (34.8%), 64.0 MBs/sec
2025-02-15T22:07:59.3269200Z Received 209715200 of 385513979 (54.4%), 66.7 MBs/sec
2025-02-15T22:08:00.3268730Z Received 281018368 of 385513979 (72.9%), 67.0 MBs/sec
2025-02-15T22:08:01.3266610Z Received 364904448 of 385513979 (94.7%), 69.6 MBs/sec
2025-02-15T22:08:01.4804750Z Cache Size: ~368 MB (385513979 B)
2025-02-15T22:08:01.4831350Z [command]/opt/homebrew/bin/gtar -xf /Users/runner/work/_temp/2a7d4ca6-4c38-44b5-a1a5-c6c95df14219/cache.tzst -P -C /Users/runner/work/tardis/tardis --delay-directory-restore --use-compress-program unzstd
2025-02-15T22:08:02.3293190Z Received 385513979 of 385513979 (100.0%), 61.2 MBs/sec
2025-02-15T22:08:11.9470270Z Cache restored successfully
2025-02-15T22:08:11.9505680Z Restored cache with key `tardis-conda-env-osx-arm64-bf0d0a4d4c847cca72476c6c68c493d56c484aada7e80de0e42c7607fcef5824-v1-osx-arm64-tardis-args-4f53cda-root-873f6fe-bin-[object Promise]-file-bf0d0a4d4c847cca72476c6c68c493d56c484aada7e80de0e42c7607fcef5824`
2025-02-15T22:08:11.9507260Z ##[endgroup]
2025-02-15T22:08:11.9507510Z Adding environment tardis to auto-activate bash ...
2025-02-15T22:08:11.9514690Z Generating micromamba run shell.
2025-02-15T22:08:11.9523350Z ##[endgroup]
2025-02-15T22:08:11.9528500Z Set environment variables.
2025-02-15T22:08:11.9531970Z ##[group]micromamba info
2025-02-15T22:08:11.9535150Z [command]/Users/runner/micromamba-bin/micromamba info -r /Users/runner/micromamba -n tardis
2025-02-15T22:08:12.3744590Z 
2025-02-15T22:08:12.3749380Z        libmamba version : 1.5.10
2025-02-15T22:08:12.3749880Z      micromamba version : 1.5.10
2025-02-15T22:08:12.3750630Z            curl version : libcurl/8.10.1 (OpenSSL/3.3.2) SecureTransport zlib/1.3.1 zstd/1.5.6 libssh2/1.11.0 nghttp2/1.58.0
2025-02-15T22:08:12.3751380Z      libarchive version : libarchive 3.7.4 zlib/1.2.13 bz2lib/1.0.8 libzstd/1.5.6
2025-02-15T22:08:12.3755680Z        envs directories : /Users/runner/micromamba/envs
2025-02-15T22:08:12.3756020Z           package cache : /Users/runner/micromamba/pkgs
2025-02-15T22:08:12.3756330Z                           /Users/runner/.mamba/pkgs
2025-02-15T22:08:12.3756610Z             environment : tardis
2025-02-15T22:08:12.3756920Z            env location : /Users/runner/micromamba/envs/tardis
2025-02-15T22:08:12.3757250Z       user config files : /Users/runner/.mambarc
2025-02-15T22:08:12.3758860Z  populated config files : /Users/runner/work/_temp/setup-micromamba/.condarc
2025-02-15T22:08:12.3759270Z        virtual packages : __unix=0=0
2025-02-15T22:08:12.3759540Z                           __osx=14.7.2=0
2025-02-15T22:08:12.3759780Z                           __archspec=1=arm64
2025-02-15T22:08:12.3760190Z                channels : https://conda.anaconda.org/conda-forge/osx-arm64
2025-02-15T22:08:12.3760570Z                           https://conda.anaconda.org/conda-forge/noarch
2025-02-15T22:08:12.3760980Z        base environment : /Users/runner/micromamba
2025-02-15T22:08:12.3761260Z                platform : osx-arm64
2025-02-15T22:08:12.3761860Z ##[endgroup]
2025-02-15T22:08:12.3762230Z ##[group]micromamba list
2025-02-15T22:08:12.3762810Z [command]/Users/runner/micromamba-bin/micromamba list -r /Users/runner/micromamba -n tardis
2025-02-15T22:08:12.7166080Z List of packages in environment: "/Users/runner/micromamba/envs/tardis"
2025-02-15T22:08:12.7166340Z 
2025-02-15T22:08:12.7166800Z   Name                           Version              Build                    Channel    
2025-02-15T22:08:12.7168460Z â”€â”€â”€â”€â”€â”€â”€â”€â”€â”€â”€â”€â”€â”€â”€â”€â”€â”€â”€â”€â”€â”€â”€â”€â”€â”€â”€â”€â”€â”€â”€â”€â”€â”€â”€â”€â”€â”€â”€â”€â”€â”€â”€â”€â”€â”€â”€â”€â”€â”€â”€â”€â”€â”€â”€â”€â”€â”€â”€â”€â”€â”€â”€â”€â”€â”€â”€â”€â”€â”€â”€â”€â”€â”€â”€â”€â”€â”€â”€â”€â”€â”€â”€â”€â”€â”€â”€â”€â”€â”€â”€â”€
2025-02-15T22:08:12.7168930Z   alabaster                      0.7.16               pyhd8ed1ab_0             conda-forge
2025-02-15T22:08:12.7169340Z   anyio                          4.4.0                pyhd8ed1ab_0             conda-forge
2025-02-15T22:08:12.7169810Z   appnope                        0.1.4                pyhd8ed1ab_0             conda-forge
2025-02-15T22:08:12.7170240Z   argon2-cffi                    23.1.0               pyhd8ed1ab_0             conda-forge
2025-02-15T22:08:12.7170790Z   argon2-cffi-bindings           21.2.0               py312h02f2b3b_4          conda-forge
2025-02-15T22:08:12.7171170Z   arrow                          1.3.0                pyhd8ed1ab_0             conda-forge
2025-02-15T22:08:12.7171590Z   astropy                        6.1.1                py312hbebd99a_0          conda-forge
2025-02-15T22:08:12.7172030Z   astropy-iers-data              0.2024.6.17.0.31.35  pyhd8ed1ab_0             conda-forge
2025-02-15T22:08:12.7172530Z   astropy-sphinx-theme           1.1                  pyhd8ed1ab_0             conda-forge
2025-02-15T22:08:12.7174240Z   asttokens                      2.4.1                pyhd8ed1ab_0             conda-forge
2025-02-15T22:08:12.7174690Z   async-lru                      2.0.4                pyhd8ed1ab_0             conda-forge
2025-02-15T22:08:12.7175070Z   atk-1.0                        2.38.0               hd03087b_2               conda-forge
2025-02-15T22:08:12.7175410Z   attrs                          23.2.0               pyh71513ae_0             conda-forge
2025-02-15T22:08:12.7175850Z   babel                          2.14.0               pyhd8ed1ab_0             conda-forge
2025-02-15T22:08:12.7176230Z   beautifulsoup4                 4.12.3               pyha770c72_0             conda-forge
2025-02-15T22:08:12.7176700Z   bleach                         6.1.0                pyhd8ed1ab_0             conda-forge
2025-02-15T22:08:12.7177050Z   blosc                          1.21.5               h9c252e8_1               conda-forge
2025-02-15T22:08:12.7177470Z   brotli                         1.1.0                hb547adb_1               conda-forge
2025-02-15T22:08:12.7177820Z   brotli-bin                     1.1.0                hb547adb_1               conda-forge
2025-02-15T22:08:12.7178250Z   brotli-python                  1.1.0                py312h9f69965_1          conda-forge
2025-02-15T22:08:12.7179830Z   bzip2                          1.0.8                h93a5062_5               conda-forge
2025-02-15T22:08:12.7180170Z   c-ares                         1.28.1               h93a5062_0               conda-forge
2025-02-15T22:08:12.7180560Z   c-blosc2                       2.14.4               ha57e6be_1               conda-forge
2025-02-15T22:08:12.7180910Z   ca-certificates                2024.6.2             hf0a4a13_0               conda-forge
2025-02-15T22:08:12.7181580Z   cached-property                1.5.2                hd8ed1ab_1               conda-forge
2025-02-15T22:08:12.7181990Z   cached_property                1.5.2                pyha770c72_1             conda-forge
2025-02-15T22:08:12.7182330Z   cairo                          1.18.0               hd1e100b_0               conda-forge
2025-02-15T22:08:12.7182740Z   certifi                        2024.6.2             pyhd8ed1ab_0             conda-forge
2025-02-15T22:08:12.7183370Z   cffi                           1.16.0               py312h8e38eb3_0          conda-forge
2025-02-15T22:08:12.7183930Z   charset-normalizer             3.3.2                pyhd8ed1ab_0             conda-forge
2025-02-15T22:08:12.7184370Z   click                          8.1.7                unix_pyh707e725_0        conda-forge
2025-02-15T22:08:12.7184830Z   codespell                      2.3.0                pyhd8ed1ab_0             conda-forge
2025-02-15T22:08:12.7185250Z   colorama                       0.4.6                pyhd8ed1ab_0             conda-forge
2025-02-15T22:08:12.7185600Z   comm                           0.2.2                pyhd8ed1ab_0             conda-forge
2025-02-15T22:08:12.7186000Z   commonmark                     0.9.1                py_0                     conda-forge
2025-02-15T22:08:12.7186400Z   contourpy                      1.2.1                py312h0fef576_0          conda-forge
2025-02-15T22:08:12.7186870Z   coverage                       7.5.3                py312h7e5086c_0          conda-forge
2025-02-15T22:08:12.7187280Z   cycler                         0.12.1               pyhd8ed1ab_0             conda-forge
2025-02-15T22:08:12.7187720Z   dataclasses                    0.8                  pyhc8e2a94_3             conda-forge
2025-02-15T22:08:12.7188130Z   debugpy                        1.8.1                py312h20a0b95_0          conda-forge
2025-02-15T22:08:12.7188550Z   decorator                      5.1.1                pyhd8ed1ab_0             conda-forge
2025-02-15T22:08:12.7188940Z   defusedxml                     0.7.1                pyhd8ed1ab_0             conda-forge
2025-02-15T22:08:12.7189500Z   docutils                       0.20.1               py312h81bd7bf_3          conda-forge
2025-02-15T22:08:12.7189920Z   dot2tex                        2.11.3               pyhd8ed1ab_0             conda-forge
2025-02-15T22:08:12.7190280Z   entrypoints                    0.4                  pyhd8ed1ab_0             conda-forge
2025-02-15T22:08:12.7190710Z   exceptiongroup                 1.2.0                pyhd8ed1ab_2             conda-forge
2025-02-15T22:08:12.7191060Z   executing                      2.0.1                pyhd8ed1ab_0             conda-forge
2025-02-15T22:08:12.7191460Z   expat                          2.6.2                hebf3989_0               conda-forge
2025-02-15T22:08:12.7191820Z   font-ttf-dejavu-sans-mono      2.37                 hab24e00_0               conda-forge
2025-02-15T22:08:12.7192270Z   font-ttf-inconsolata           3.000                h77eed37_0               conda-forge
2025-02-15T22:08:12.7192690Z   font-ttf-source-code-pro       2.038                h77eed37_0               conda-forge
2025-02-15T22:08:12.7193130Z   font-ttf-ubuntu                0.83                 h77eed37_2               conda-forge
2025-02-15T22:08:12.7193480Z   fontconfig                     2.14.2               h82840c6_0               conda-forge
2025-02-15T22:08:12.7193880Z   fonts-conda-ecosystem          1                    0                        conda-forge
2025-02-15T22:08:12.7194620Z   fonts-conda-forge              1                    0                        conda-forge
2025-02-15T22:08:12.7194970Z   fonttools                      4.53.0               py312h7e5086c_0          conda-forge
2025-02-15T22:08:12.7195350Z   fqdn                           1.5.1                pyhd8ed1ab_0             conda-forge
2025-02-15T22:08:12.7195700Z   freetype                       2.12.1               hadb7bae_2               conda-forge
2025-02-15T22:08:12.7196290Z   fribidi                        1.0.10               h27ca646_0               conda-forge
2025-02-15T22:08:12.7196670Z   future                         1.0.0                pyhd8ed1ab_0             conda-forge
2025-02-15T22:08:12.7197070Z   gdk-pixbuf                     2.42.12              h7ddc832_0               conda-forge
2025-02-15T22:08:12.7197450Z   gettext                        0.22.5               h8fbad5d_2               conda-forge
2025-02-15T22:08:12.7198290Z   gettext-tools                  0.22.5               h8fbad5d_2               conda-forge
2025-02-15T22:08:12.7198780Z   giflib                         5.2.2                h93a5062_0               conda-forge
2025-02-15T22:08:12.7199110Z   git-lfs                        3.5.1                hce30654_0               conda-forge
2025-02-15T22:08:12.7199480Z   gmp                            6.3.0                hebf3989_1               conda-forge
2025-02-15T22:08:12.7199800Z   gmpy2                          2.1.5                py312hfa9fade_1          conda-forge
2025-02-15T22:08:12.7200160Z   graphite2                      1.3.13               hebf3989_1003            conda-forge
2025-02-15T22:08:12.7200490Z   graphviz                       11.0.0               h9bb9bc9_0               conda-forge
2025-02-15T22:08:12.7200920Z   gtk2                           2.24.33              h7895bb2_4               conda-forge
2025-02-15T22:08:12.7201230Z   gts                            0.7.6                he42f4ea_4               conda-forge
2025-02-15T22:08:12.7201570Z   h11                            0.14.0               pyhd8ed1ab_0             conda-forge
2025-02-15T22:08:12.7201940Z   h2                             4.1.0                pyhd8ed1ab_0             conda-forge
2025-02-15T22:08:12.7202320Z   h5py                           3.11.0               nompi_py312h903599c_102  conda-forge
2025-02-15T22:08:12.7202690Z   harfbuzz                       8.5.0                h1836168_0               conda-forge
2025-02-15T22:08:12.7203050Z   hdf5                           1.14.3               nompi_hec07895_105       conda-forge
2025-02-15T22:08:12.7203460Z   hpack                          4.0.0                pyh9f0ad1d_0             conda-forge
2025-02-15T22:08:12.7203970Z   httpcore                       1.0.5                pyhd8ed1ab_0             conda-forge
2025-02-15T22:08:12.7204390Z   httpx                          0.27.0               pyhd8ed1ab_0             conda-forge
2025-02-15T22:08:12.7204790Z   hyperframe                     6.0.1                pyhd8ed1ab_0             conda-forge
2025-02-15T22:08:12.7205080Z   icu                            73.2                 hc8870d7_0               conda-forge
2025-02-15T22:08:12.7205390Z   idna                           3.7                  pyhd8ed1ab_0             conda-forge
2025-02-15T22:08:12.7205710Z   imagesize                      1.4.1                pyhd8ed1ab_0             conda-forge
2025-02-15T22:08:12.7206110Z   importlib-metadata             7.1.0                pyha770c72_0             conda-forge
2025-02-15T22:08:12.7206500Z   importlib_metadata             7.1.0                hd8ed1ab_0               conda-forge
2025-02-15T22:08:12.7206920Z   importlib_resources            6.4.0                pyhd8ed1ab_0             conda-forge
2025-02-15T22:08:12.7207750Z   iniconfig                      2.0.0                pyhd8ed1ab_0             conda-forge
2025-02-15T22:08:12.7208190Z   ipykernel                      6.29.4               pyh57ce528_0             conda-forge
2025-02-15T22:08:12.7209190Z   ipython                        8.25.0               pyh707e725_0             conda-forge
2025-02-15T22:08:12.7209570Z   ipython_genutils               0.2.0                pyhd8ed1ab_1             conda-forge
2025-02-15T22:08:12.7211010Z   ipywidgets                     7.8.0                pyhd8ed1ab_0             conda-forge
2025-02-15T22:08:12.7226650Z   isoduration                    20.11.0              pyhd8ed1ab_0             conda-forge
2025-02-15T22:08:12.7227720Z   jedi                           0.19.1               pyhd8ed1ab_0             conda-forge
2025-02-15T22:08:12.7228160Z   jinja2                         3.1.4                pyhd8ed1ab_0             conda-forge
2025-02-15T22:08:12.7228550Z   json5                          0.9.25               pyhd8ed1ab_0             conda-forge
2025-02-15T22:08:12.7229050Z   jsonpointer                    3.0.0                py312h81bd7bf_0          conda-forge
2025-02-15T22:08:12.7229530Z   jsonschema                     4.22.0               pyhd8ed1ab_0             conda-forge
2025-02-15T22:08:12.7230090Z   jsonschema-specifications      2023.12.1            pyhd8ed1ab_0             conda-forge
2025-02-15T22:08:12.7230600Z   jsonschema-with-format-nongpl  4.22.0               pyhd8ed1ab_0             conda-forge
2025-02-15T22:08:12.7231100Z   jupyter-lsp                    2.2.5                pyhd8ed1ab_0             conda-forge
2025-02-15T22:08:12.7231570Z   jupyter_client                 8.6.2                pyhd8ed1ab_0             conda-forge
2025-02-15T22:08:12.7231970Z   jupyter_core                   5.7.2                py312h81bd7bf_0          conda-forge
2025-02-15T22:08:12.7232330Z   jupyter_events                 0.10.0               pyhd8ed1ab_0             conda-forge
2025-02-15T22:08:12.7232720Z   jupyter_server                 2.14.1               pyhd8ed1ab_0             conda-forge
2025-02-15T22:08:12.7233090Z   jupyter_server_terminals       0.5.3                pyhd8ed1ab_0             conda-forge
2025-02-15T22:08:12.7233530Z   jupyterlab                     4.2.2                pyhd8ed1ab_0             conda-forge
2025-02-15T22:08:12.7233890Z   jupyterlab_pygments            0.3.0                pyhd8ed1ab_1             conda-forge
2025-02-15T22:08:12.7234330Z   jupyterlab_server              2.27.2               pyhd8ed1ab_0             conda-forge
2025-02-15T22:08:12.7234730Z   jupyterlab_widgets             1.1.7                pyhd8ed1ab_0             conda-forge
2025-02-15T22:08:12.7235110Z   kiwisolver                     1.4.5                py312h389731b_1          conda-forge
2025-02-15T22:08:12.7235470Z   krb5                           1.21.2               h92f50d5_0               conda-forge
2025-02-15T22:08:12.7235800Z   latexcodec                     2.0.1                pyh9f0ad1d_0             conda-forge
2025-02-15T22:08:12.7236160Z   lcms2                          2.16                 ha0e7c42_0               conda-forge
2025-02-15T22:08:12.7236470Z   lerc                           4.0.0                h9a09cb3_0               conda-forge
2025-02-15T22:08:12.7236820Z   libaec                         1.1.3                hebf3989_0               conda-forge
2025-02-15T22:08:12.7237150Z   libasprintf                    0.22.5               h8fbad5d_2               conda-forge
2025-02-15T22:08:12.7237510Z   libasprintf-devel              0.22.5               h8fbad5d_2               conda-forge
2025-02-15T22:08:12.7237820Z   libblas                        3.9.0                22_osxarm64_openblas     conda-forge
2025-02-15T22:08:12.7238160Z   libbrotlicommon                1.1.0                hb547adb_1               conda-forge
2025-02-15T22:08:12.7238500Z   libbrotlidec                   1.1.0                hb547adb_1               conda-forge
2025-02-15T22:08:12.7238850Z   libbrotlienc                   1.1.0                hb547adb_1               conda-forge
2025-02-15T22:08:12.7239220Z   libcblas                       3.9.0                22_osxarm64_openblas     conda-forge
2025-02-15T22:08:12.7239810Z   libcurl                        8.8.0                h7b6f9a7_0               conda-forge
2025-02-15T22:08:12.7240130Z   libcxx                         17.0.6               h5f092b4_0               conda-forge
2025-02-15T22:08:12.7240420Z   libdeflate                     1.20                 h93a5062_0               conda-forge
2025-02-15T22:08:12.7240760Z   libedit                        3.1.20191231         hc8eb9b7_2               conda-forge
2025-02-15T22:08:12.7241380Z   libev                          4.33                 h93a5062_2               conda-forge
2025-02-15T22:08:12.7241730Z   libexpat                       2.6.2                hebf3989_0               conda-forge
2025-02-15T22:08:12.7242070Z   libffi                         3.4.2                h3422bc3_5               conda-forge
2025-02-15T22:08:12.7242390Z   libgd                          2.3.3                hfdf3952_9               conda-forge
2025-02-15T22:08:12.7242770Z   libgettextpo                   0.22.5               h8fbad5d_2               conda-forge
2025-02-15T22:08:12.7243110Z   libgettextpo-devel             0.22.5               h8fbad5d_2               conda-forge
2025-02-15T22:08:12.7243460Z   libgfortran                    5.0.0                13_2_0_hd922786_3        conda-forge
2025-02-15T22:08:12.7243800Z   libgfortran5                   13.2.0               hf226fd6_3               conda-forge
2025-02-15T22:08:12.7244160Z   libglib                        2.80.2               h59d46d9_1               conda-forge
2025-02-15T22:08:12.7244500Z   libiconv                       1.17                 h0d3ecfb_2               conda-forge
2025-02-15T22:08:12.7244850Z   libintl                        0.22.5               h8fbad5d_2               conda-forge
2025-02-15T22:08:12.7245190Z   libintl-devel                  0.22.5               h8fbad5d_2               conda-forge
2025-02-15T22:08:12.7245550Z   libjpeg-turbo                  3.0.0                hb547adb_1               conda-forge
2025-02-15T22:08:12.7245920Z   liblapack                      3.9.0                22_osxarm64_openblas     conda-forge
2025-02-15T22:08:12.7246240Z   libllvm14                      14.0.6               hd1a9a77_4               conda-forge
2025-02-15T22:08:12.7246590Z   libnghttp2                     1.58.0               ha4dd798_1               conda-forge
2025-02-15T22:08:12.7246930Z   libopenblas                    0.3.27               openmp_h6c19121_0        conda-forge
2025-02-15T22:08:12.7247260Z   libpng                         1.6.43               h091b4b1_0               conda-forge
2025-02-15T22:08:12.7247560Z   librsvg                        2.58.1               hbc281fb_0               conda-forge
2025-02-15T22:08:12.7247830Z   libsodium                      1.0.18               h27ca646_1               conda-forge
2025-02-15T22:08:12.7248170Z   libsqlite                      3.46.0               hfb93653_0               conda-forge
2025-02-15T22:08:12.7248450Z   libssh2                        1.11.0               h7a5bd25_0               conda-forge
2025-02-15T22:08:12.7248770Z   libtiff                        4.6.0                h07db509_3               conda-forge
2025-02-15T22:08:12.7249100Z   libwebp                        1.4.0                h54798ee_0               conda-forge
2025-02-15T22:08:12.7249400Z   libwebp-base                   1.4.0                h93a5062_0               conda-forge
2025-02-15T22:08:12.7249760Z   libxcb                         1.16                 hf2054a2_0               conda-forge
2025-02-15T22:08:12.7250050Z   libxml2                        2.12.7               ha661575_1               conda-forge
2025-02-15T22:08:12.7250390Z   libxslt                        1.1.39               h223e5b9_0               conda-forge
2025-02-15T22:08:12.7250650Z   libzlib                        1.3.1                hfb2fe0b_1               conda-forge
2025-02-15T22:08:12.7250950Z   llvm-openmp                    18.1.7               hde57baf_0               conda-forge
2025-02-15T22:08:12.7251620Z   llvmlite                       0.42.0               py312h17030e7_1          conda-forge
2025-02-15T22:08:12.7251890Z   lxml                           5.2.2                py312h0e5ab22_0          conda-forge
2025-02-15T22:08:12.7252150Z   lz4-c                          1.9.4                hb7217d7_0               conda-forge
2025-02-15T22:08:12.7252420Z   markupsafe                     2.1.5                py312he37b823_0          conda-forge
2025-02-15T22:08:12.7252830Z   matplotlib-base                3.8.4                py312h4479663_2          conda-forge
2025-02-15T22:08:12.7253150Z   matplotlib-inline              0.1.7                pyhd8ed1ab_0             conda-forge
2025-02-15T22:08:12.7253450Z   mistune                        3.0.2                pyhd8ed1ab_0             conda-forge
2025-02-15T22:08:12.7253710Z   mpc                            1.3.1                h91ba8db_0               conda-forge
2025-02-15T22:08:12.7254000Z   mpfr                           4.2.1                h41d338b_1               conda-forge
2025-02-15T22:08:12.7254310Z   mpmath                         1.3.0                pyhd8ed1ab_0             conda-forge
2025-02-15T22:08:12.7254620Z   munkres                        1.1.4                pyh9f0ad1d_0             conda-forge
2025-02-15T22:08:12.7254900Z   mypy_extensions                1.0.0                pyha770c72_0             conda-forge
2025-02-15T22:08:12.7255190Z   nbclassic                      1.1.0                pyhd8ed1ab_0             conda-forge
2025-02-15T22:08:12.7255470Z   nbclient                       0.10.0               pyhd8ed1ab_0             conda-forge
2025-02-15T22:08:12.7255750Z   nbconvert                      7.16.4               hd8ed1ab_1               conda-forge
2025-02-15T22:08:12.7256050Z   nbconvert-core                 7.16.4               pyhd8ed1ab_1             conda-forge
2025-02-15T22:08:12.7256350Z   nbconvert-pandoc               7.16.4               hd8ed1ab_1               conda-forge
2025-02-15T22:08:12.7256640Z   nbformat                       5.10.4               pyhd8ed1ab_0             conda-forge
2025-02-15T22:08:12.7256910Z   nbsphinx                       0.9.4                pyhd8ed1ab_0             conda-forge
2025-02-15T22:08:12.7257210Z   ncurses                        6.5                  hb89a1cb_0               conda-forge
2025-02-15T22:08:12.7257480Z   nest-asyncio                   1.6.0                pyhd8ed1ab_0             conda-forge
2025-02-15T22:08:12.7257760Z   networkx                       3.3                  pyhd8ed1ab_1             conda-forge
2025-02-15T22:08:12.7258020Z   notebook                       7.2.1                pyhd8ed1ab_0             conda-forge
2025-02-15T22:08:12.7258330Z   notebook-shim                  0.2.4                pyhd8ed1ab_0             conda-forge
2025-02-15T22:08:12.7258670Z   numba                          0.59.1               py312hbaff935_0          conda-forge
2025-02-15T22:08:12.7258940Z   numexpr                        2.10.0               py312h8ae5369_0          conda-forge
2025-02-15T22:08:12.7259230Z   numpy                          1.26.4               py312h8442bc7_0          conda-forge
2025-02-15T22:08:12.7259540Z   numpydoc                       1.7.0                pyhd8ed1ab_1             conda-forge
2025-02-15T22:08:12.7259810Z   openjpeg                       2.5.2                h9f1df11_0               conda-forge
2025-02-15T22:08:12.7260070Z   openssl                        3.3.1                hfb2fe0b_0               conda-forge
2025-02-15T22:08:12.7260350Z   overrides                      7.7.0                pyhd8ed1ab_0             conda-forge
2025-02-15T22:08:12.7260620Z   packaging                      24.1                 pyhd8ed1ab_0             conda-forge
2025-02-15T22:08:12.7260890Z   pandas                         2.2.2                py312h8ae5369_1          conda-forge
2025-02-15T22:08:12.7261140Z   pandoc                         3.2                  hce30654_0               conda-forge
2025-02-15T22:08:12.7261460Z   pandocfilters                  1.5.0                pyhd8ed1ab_0             conda-forge
2025-02-15T22:08:12.7261960Z   pango                          1.54.0               h5cb9fbc_0               conda-forge
2025-02-15T22:08:12.7262220Z   parso                          0.8.4                pyhd8ed1ab_0             conda-forge
2025-02-15T22:08:12.7262480Z   pathspec                       0.12.1               pyhd8ed1ab_0             conda-forge
2025-02-15T22:08:12.7262730Z   pbr                            6.0.0                pyhd8ed1ab_0             conda-forge
2025-02-15T22:08:12.7263070Z   pcre2                          10.44                h297a79d_0               conda-forge
2025-02-15T22:08:12.7263340Z   pexpect                        4.9.0                pyhd8ed1ab_0             conda-forge
2025-02-15T22:08:12.7263610Z   pickleshare                    0.7.5                py_1003                  conda-forge
2025-02-15T22:08:12.7263980Z   pillow                         10.3.0               py312h39b1d8d_1          conda-forge
2025-02-15T22:08:12.7264240Z   pip                            24.0                 pyhd8ed1ab_0             conda-forge
2025-02-15T22:08:12.7264490Z   pixman                         0.43.4               hebf3989_0               conda-forge
2025-02-15T22:08:12.7264780Z   pkgutil-resolve-name           1.3.10               pyhd8ed1ab_1             conda-forge
2025-02-15T22:08:12.7265080Z   platformdirs                   4.2.2                pyhd8ed1ab_0             conda-forge
2025-02-15T22:08:12.7265360Z   plotly                         5.22.0               pyhd8ed1ab_0             conda-forge
2025-02-15T22:08:12.7265620Z   pluggy                         1.5.0                pyhd8ed1ab_0             conda-forge
2025-02-15T22:08:12.7265890Z   prometheus_client              0.20.0               pyhd8ed1ab_0             conda-forge
2025-02-15T22:08:12.7266190Z   prompt-toolkit                 3.0.47               pyha770c72_0             conda-forge
2025-02-15T22:08:12.7266470Z   psutil                         5.9.8                py312he37b823_0          conda-forge
2025-02-15T22:08:12.7266750Z   pthread-stubs                  0.4                  h27ca646_1001            conda-forge
2025-02-15T22:08:12.7267030Z   ptyprocess                     0.7.0                pyhd3deb0d_0             conda-forge
2025-02-15T22:08:12.7267310Z   pure_eval                      0.2.2                pyhd8ed1ab_0             conda-forge
2025-02-15T22:08:12.7267570Z   py-cpuinfo                     9.0.0                pyhd8ed1ab_0             conda-forge
2025-02-15T22:08:12.7267850Z   pybtex                         0.24.0               pyhd8ed1ab_2             conda-forge
2025-02-15T22:08:12.7268130Z   pybtex-docutils                1.0.3                py312h81bd7bf_1          conda-forge
2025-02-15T22:08:12.7268420Z   pycparser                      2.22                 pyhd8ed1ab_0             conda-forge
2025-02-15T22:08:12.7268690Z   pyerfa                         2.0.1.4              py312hbebd99a_1          conda-forge
2025-02-15T22:08:12.7268960Z   pygments                       2.18.0               pyhd8ed1ab_0             conda-forge
2025-02-15T22:08:12.7269240Z   pygraphviz                     1.13                 py312h5f4d302_1          conda-forge
2025-02-15T22:08:12.7269510Z   pyobjc-core                    10.3.1               py312hbb55c70_0          conda-forge
2025-02-15T22:08:12.7269810Z   pyobjc-framework-cocoa         10.3.1               py312hbb55c70_0          conda-forge
2025-02-15T22:08:12.7270120Z   pyparsing                      3.1.2                pyhd8ed1ab_0             conda-forge
2025-02-15T22:08:12.7270390Z   pysocks                        1.7.1                pyha2e5f31_6             conda-forge
2025-02-15T22:08:12.7270650Z   pytables                       3.9.2                py312hb622ae1_2          conda-forge
2025-02-15T22:08:12.7270910Z   pytest                         8.2.2                pyhd8ed1ab_0             conda-forge
2025-02-15T22:08:12.7271180Z   pytest-cov                     5.0.0                pyhd8ed1ab_0             conda-forge
2025-02-15T22:08:12.7271580Z   pytest-doctestplus             1.2.1                pyhd8ed1ab_0             conda-forge
2025-02-15T22:08:12.7271890Z   pytest-html                    4.1.1                pyhd8ed1ab_0             conda-forge
2025-02-15T22:08:12.7272180Z   pytest-metadata                3.1.1                pyhd8ed1ab_0             conda-forge
2025-02-15T22:08:12.7272450Z   python                         3.12.4               h30c5eda_0_cpython       conda-forge
2025-02-15T22:08:12.7272840Z   python-dateutil                2.9.0                pyhd8ed1ab_0             conda-forge
2025-02-15T22:08:12.7273160Z   python-fastjsonschema          2.20.0               pyhd8ed1ab_0             conda-forge
2025-02-15T22:08:12.7273490Z   python-json-logger             2.0.7                pyhd8ed1ab_0             conda-forge
2025-02-15T22:08:12.7273790Z   python-tzdata                  2024.1               pyhd8ed1ab_0             conda-forge
2025-02-15T22:08:12.7274080Z   python_abi                     3.12                 4_cp312                  conda-forge
2025-02-15T22:08:12.7274340Z   pytz                           2024.1               pyhd8ed1ab_0             conda-forge
2025-02-15T22:08:12.7274600Z   pyyaml                         6.0.1                py312h02f2b3b_1          conda-forge
2025-02-15T22:08:12.7274860Z   pyzmq                          26.0.3               py312hfa13136_0          conda-forge
2025-02-15T22:08:12.7275110Z   qgrid                          1.3.1                pyhd8ed1ab_4             conda-forge
2025-02-15T22:08:12.7275400Z   radioactivedecay               0.5.1                pyhd8ed1ab_0             conda-forge
2025-02-15T22:08:12.7275680Z   readline                       8.2                  h92ec313_1               conda-forge
2025-02-15T22:08:12.7275950Z   recommonmark                   0.7.1                pyhd8ed1ab_0             conda-forge
2025-02-15T22:08:12.7276230Z   referencing                    0.35.1               pyhd8ed1ab_0             conda-forge
2025-02-15T22:08:12.7276500Z   requests                       2.32.3               pyhd8ed1ab_0             conda-forge
2025-02-15T22:08:12.7276790Z   rfc3339-validator              0.1.4                pyhd8ed1ab_0             conda-forge
2025-02-15T22:08:12.7277090Z   rfc3986-validator              0.1.1                pyh9f0ad1d_0             conda-forge
2025-02-15T22:08:12.7277380Z   rpds-py                        0.18.1               py312h552d48e_0          conda-forge
2025-02-15T22:08:12.7277630Z   ruff                           0.4.9                py312h3402d49_0          conda-forge
2025-02-15T22:08:12.7277890Z   scipy                          1.13.1               py312h14ffa8f_0          conda-forge
2025-02-15T22:08:12.7278150Z   send2trash                     1.8.3                pyh31c8845_0             conda-forge
2025-02-15T22:08:12.7278430Z   setuptools                     70.0.0               pyhd8ed1ab_0             conda-forge
2025-02-15T22:08:12.7278720Z   setuptools-scm                 8.1.0                pyhd8ed1ab_0             conda-forge
2025-02-15T22:08:12.7279010Z   setuptools_scm                 8.1.0                hd8ed1ab_0               conda-forge
2025-02-15T22:08:12.7279280Z   six                            1.16.0               pyh6c4a22f_0             conda-forge
2025-02-15T22:08:12.7279540Z   snakeviz                       2.2.0                pyhd8ed1ab_0             conda-forge
2025-02-15T22:08:12.7279810Z   snappy                         1.2.0                hd04f947_1               conda-forge
2025-02-15T22:08:12.7280070Z   sniffio                        1.3.1                pyhd8ed1ab_0             conda-forge
2025-02-15T22:08:12.7280360Z   snowballstemmer                2.2.0                pyhd8ed1ab_0             conda-forge
2025-02-15T22:08:12.7280640Z   soupsieve                      2.5                  pyhd8ed1ab_1             conda-forge
2025-02-15T22:08:12.7280910Z   sphinx                         7.3.7                pyhd8ed1ab_0             conda-forge
2025-02-15T22:08:12.7281280Z   sphinx-astropy                 1.9.1                pyhd8ed1ab_0             conda-forge
2025-02-15T22:08:12.7281590Z   sphinx-automodapi              0.17.0               pyh717bed2_1             conda-forge
2025-02-15T22:08:12.7281890Z   sphinx-gallery                 0.16.0               pyhd8ed1ab_0             conda-forge
2025-02-15T22:08:12.7282190Z   sphinx-jsonschema              1.19.1               pyhd8ed1ab_0             conda-forge
2025-02-15T22:08:12.7282590Z   sphinx_bootstrap_theme         0.8.1                pyhd8ed1ab_0             conda-forge
2025-02-15T22:08:12.7282900Z   sphinx_rtd_theme               2.0.0                pyha770c72_0             conda-forge
2025-02-15T22:08:12.7283210Z   sphinxcontrib-apidoc           0.3.0                py_1                     conda-forge
2025-02-15T22:08:12.7283540Z   sphinxcontrib-applehelp        1.0.8                pyhd8ed1ab_0             conda-forge
2025-02-15T22:08:12.7283870Z   sphinxcontrib-bibtex           2.6.2                pyhd8ed1ab_0             conda-forge
2025-02-15T22:08:12.7284200Z   sphinxcontrib-devhelp          1.0.6                pyhd8ed1ab_0             conda-forge
2025-02-15T22:08:12.7284530Z   sphinxcontrib-htmlhelp         2.0.5                pyhd8ed1ab_0             conda-forge
2025-02-15T22:08:12.7284850Z   sphinxcontrib-jquery           4.1                  pyhd8ed1ab_0             conda-forge
2025-02-15T22:08:12.7285180Z   sphinxcontrib-jsmath           1.0.1                pyhd8ed1ab_0             conda-forge
2025-02-15T22:08:12.7285510Z   sphinxcontrib-qthelp           1.0.7                pyhd8ed1ab_0             conda-forge
2025-02-15T22:08:12.7285860Z   sphinxcontrib-serializinghtml  1.1.10               pyhd8ed1ab_0             conda-forge
2025-02-15T22:08:12.7286180Z   stack_data                     0.6.2                pyhd8ed1ab_0             conda-forge
2025-02-15T22:08:12.7286440Z   sympy                          1.12.1               pypyh2585a3b_103         conda-forge
2025-02-15T22:08:12.7286700Z   tabulate                       0.9.0                pyhd8ed1ab_1             conda-forge
2025-02-15T22:08:12.7286980Z   tenacity                       8.4.1                pyhd8ed1ab_0             conda-forge
2025-02-15T22:08:12.7287250Z   terminado                      0.18.1               pyh31c8845_0             conda-forge
2025-02-15T22:08:12.7287520Z   tinycss2                       1.3.0                pyhd8ed1ab_0             conda-forge
2025-02-15T22:08:12.7287770Z   tk                             8.6.13               h5083fa2_1               conda-forge
2025-02-15T22:08:12.7288010Z   toml                           0.10.2               pyhd8ed1ab_0             conda-forge
2025-02-15T22:08:12.7288270Z   tomli                          2.0.1                pyhd8ed1ab_0             conda-forge
2025-02-15T22:08:12.7288530Z   tornado                        6.4.1                py312h7e5086c_0          conda-forge
2025-02-15T22:08:12.7288790Z   tqdm                           4.66.4               pyhd8ed1ab_0             conda-forge
2025-02-15T22:08:12.7289050Z   traitlets                      5.14.3               pyhd8ed1ab_0             conda-forge
2025-02-15T22:08:12.7289320Z   typed-ast                      1.5.5                py312h02f2b3b_1          conda-forge
2025-02-15T22:08:12.7289620Z   types-python-dateutil          2.9.0.20240316       pyhd8ed1ab_0             conda-forge
2025-02-15T22:08:12.7289960Z   typing-extensions              4.12.2               hd8ed1ab_0               conda-forge
2025-02-15T22:08:12.7290260Z   typing_extensions              4.12.2               pyha770c72_0             conda-forge
2025-02-15T22:08:12.7290550Z   typing_utils                   0.1.0                pyhd8ed1ab_0             conda-forge
2025-02-15T22:08:12.7290820Z   tzdata                         2024a                h0c530f3_0               conda-forge
2025-02-15T22:08:12.7291100Z   uri-template                   1.3.0                pyhd8ed1ab_0             conda-forge
2025-02-15T22:08:12.7291470Z   urllib3                        2.2.2                pyhd8ed1ab_0             conda-forge
2025-02-15T22:08:12.7291730Z   wcwidth                        0.2.13               pyhd8ed1ab_0             conda-forge
2025-02-15T22:08:12.7292000Z   webcolors                      24.6.0               pyhd8ed1ab_0             conda-forge
2025-02-15T22:08:12.7292270Z   webencodings                   0.5.1                pyhd8ed1ab_2             conda-forge
2025-02-15T22:08:12.7292650Z   websocket-client               1.8.0                pyhd8ed1ab_0             conda-forge
2025-02-15T22:08:12.7292950Z   wheel                          0.43.0               pyhd8ed1ab_1             conda-forge
2025-02-15T22:08:12.7293240Z   widgetsnbextension             3.6.6                pyhd8ed1ab_0             conda-forge
2025-02-15T22:08:12.7293540Z   xorg-libxau                    1.0.11               hb547adb_0               conda-forge
2025-02-15T22:08:12.7293820Z   xorg-libxdmcp                  1.1.3                h27ca646_0               conda-forge
2025-02-15T22:08:12.7294090Z   xz                             5.2.6                h57fd34a_0               conda-forge
2025-02-15T22:08:12.7294330Z   yaml                           0.2.5                h3422bc3_2               conda-forge
2025-02-15T22:08:12.7294580Z   zeromq                         4.3.5                hcc0f68c_4               conda-forge
2025-02-15T22:08:12.7294840Z   zipp                           3.19.2               pyhd8ed1ab_0             conda-forge
2025-02-15T22:08:12.7295090Z   zlib                           1.3.1                hfb2fe0b_1               conda-forge
2025-02-15T22:08:12.7295340Z   zlib-ng                        2.0.7                h1a8c8d9_0               conda-forge
2025-02-15T22:08:12.7295600Z   zstd                           1.5.6                hb46c0d2_0               conda-forge
2025-02-15T22:08:12.7296030Z ##[endgroup]
2025-02-15T22:08:12.7360480Z ##[group]Run pip install -e . --user
2025-02-15T22:08:12.7360760Z [36;1mpip install -e . --user[0m
2025-02-15T22:08:12.9857600Z shell: /bin/bash -l {0}
2025-02-15T22:08:12.9857790Z env:
2025-02-15T22:08:12.9857920Z   CACHE_NUMBER: 0
2025-02-15T22:08:12.9858410Z   PYTEST_FLAGS: --tardis-regression-data=/Users/runner/work/tardis/tardis/tardis-regression-data --cov=tardis --cov-report=xml --cov-report=html --cov-append
2025-02-15T22:08:12.9858910Z   CODECOV_TOKEN: 
2025-02-15T22:08:12.9859080Z   MAMBA_ROOT_PREFIX: /Users/runner/micromamba
2025-02-15T22:08:12.9859320Z   MAMBA_EXE: /Users/runner/micromamba-bin/micromamba
2025-02-15T22:08:12.9859590Z   CONDARC: /Users/runner/work/_temp/setup-micromamba/.condarc
2025-02-15T22:08:12.9859820Z ##[endgroup]
2025-02-15T22:08:13.8614550Z Obtaining file:///Users/runner/work/tardis/tardis
2025-02-15T22:08:13.8637590Z   Installing build dependencies: started
2025-02-15T22:08:16.2794220Z   Installing build dependencies: finished with status 'done'
2025-02-15T22:08:16.2804320Z   Checking if build backend supports build_editable: started
2025-02-15T22:08:16.3713260Z   Checking if build backend supports build_editable: finished with status 'done'
2025-02-15T22:08:16.3723530Z   Getting requirements to build editable: started
2025-02-15T22:08:16.7682980Z   Getting requirements to build editable: finished with status 'done'
2025-02-15T22:08:16.7693450Z   Preparing editable metadata (pyproject.toml): started
2025-02-15T22:08:17.0877610Z   Preparing editable metadata (pyproject.toml): finished with status 'done'
2025-02-15T22:08:17.1274160Z Requirement already satisfied: astropy in /Users/runner/micromamba/envs/tardis/lib/python3.12/site-packages (from tardis==0.0.0) (6.1.1)
2025-02-15T22:08:17.1517860Z Requirement already satisfied: numpy>=1.23 in /Users/runner/micromamba/envs/tardis/lib/python3.12/site-packages (from astropy->tardis==0.0.0) (1.26.4)
2025-02-15T22:08:17.1523690Z Requirement already satisfied: pyerfa>=2.0.1.1 in /Users/runner/micromamba/envs/tardis/lib/python3.12/site-packages (from astropy->tardis==0.0.0) (2.0.1.4)
2025-02-15T22:08:17.1529840Z Requirement already satisfied: astropy-iers-data>=0.2024.5.27.0.30.8 in /Users/runner/micromamba/envs/tardis/lib/python3.12/site-packages (from astropy->tardis==0.0.0) (0.2024.6.17.0.31.35)
2025-02-15T22:08:17.1534450Z Requirement already satisfied: PyYAML>=3.13 in /Users/runner/micromamba/envs/tardis/lib/python3.12/site-packages (from astropy->tardis==0.0.0) (6.0.1)
2025-02-15T22:08:17.1539860Z Requirement already satisfied: packaging>=19.0 in /Users/runner/micromamba/envs/tardis/lib/python3.12/site-packages (from astropy->tardis==0.0.0) (24.1)
2025-02-15T22:08:17.1590290Z Building wheels for collected packages: tardis
2025-02-15T22:08:17.1597020Z   Building editable for tardis (pyproject.toml): started
2025-02-15T22:08:17.7287910Z   Building editable for tardis (pyproject.toml): finished with status 'done'
2025-02-15T22:08:17.7294810Z   Created wheel for tardis: filename=tardis-0.0.0-0.editable-py3-none-any.whl size=8877 sha256=1486a77915c13b36a29f4f85b8f7035766d188264ef1b9cef71cef5c7224d332
2025-02-15T22:08:17.7295810Z   Stored in directory: /private/var/folders/2s/h6hvv9ps03xgz_krkkstvq_r0000gn/T/pip-ephem-wheel-cache-kmjahhuy/wheels/bb/4f/6a/0829b918c1c10bc28535ce7f14be21eee54375bdd9cd0c306a
2025-02-15T22:08:17.7318180Z Successfully built tardis
2025-02-15T22:08:18.2465390Z Installing collected packages: tardis
2025-02-15T22:08:18.2545720Z Successfully installed tardis-0.0.0
2025-02-15T22:08:18.4827590Z ##[group]Run pip install qgridnext
2025-02-15T22:08:18.4827870Z [36;1mpip install qgridnext[0m
2025-02-15T22:08:18.4899010Z shell: /bin/bash -l {0}
2025-02-15T22:08:18.4899190Z env:
2025-02-15T22:08:18.4899340Z   CACHE_NUMBER: 0
2025-02-15T22:08:18.4899830Z   PYTEST_FLAGS: --tardis-regression-data=/Users/runner/work/tardis/tardis/tardis-regression-data --cov=tardis --cov-report=xml --cov-report=html --cov-append
2025-02-15T22:08:18.4900360Z   CODECOV_TOKEN: 
2025-02-15T22:08:18.4900550Z   MAMBA_ROOT_PREFIX: /Users/runner/micromamba
2025-02-15T22:08:18.4900860Z   MAMBA_EXE: /Users/runner/micromamba-bin/micromamba
2025-02-15T22:08:18.4901170Z   CONDARC: /Users/runner/work/_temp/setup-micromamba/.condarc
2025-02-15T22:08:18.4901420Z ##[endgroup]
2025-02-15T22:08:19.0150830Z Collecting qgridnext
2025-02-15T22:08:19.0349370Z   Downloading qgridnext-2.0.4-py3-none-any.whl.metadata (9.9 kB)
2025-02-15T22:08:19.0545230Z Requirement already satisfied: pandas>=0.20.0 in /Users/runner/micromamba/envs/tardis/lib/python3.12/site-packages (from qgridnext) (2.2.2)
2025-02-15T22:08:19.0550050Z Requirement already satisfied: ipywidgets>=7.0.0 in /Users/runner/micromamba/envs/tardis/lib/python3.12/site-packages (from qgridnext) (7.8.0)
2025-02-15T22:08:19.0556100Z Requirement already satisfied: numpy in /Users/runner/micromamba/envs/tardis/lib/python3.12/site-packages (from qgridnext) (1.26.4)
2025-02-15T22:08:19.0562420Z Requirement already satisfied: traitlets in /Users/runner/micromamba/envs/tardis/lib/python3.12/site-packages (from qgridnext) (5.14.3)
2025-02-15T22:08:19.0610810Z Requirement already satisfied: comm>=0.1.3 in /Users/runner/micromamba/envs/tardis/lib/python3.12/site-packages (from ipywidgets>=7.0.0->qgridnext) (0.2.2)
2025-02-15T22:08:19.0615390Z Requirement already satisfied: ipython-genutils~=0.2.0 in /Users/runner/micromamba/envs/tardis/lib/python3.12/site-packages (from ipywidgets>=7.0.0->qgridnext) (0.2.0)
2025-02-15T22:08:19.0623780Z Requirement already satisfied: widgetsnbextension~=3.6.5 in /Users/runner/micromamba/envs/tardis/lib/python3.12/site-packages (from ipywidgets>=7.0.0->qgridnext) (3.6.6)
2025-02-15T22:08:19.0632050Z Requirement already satisfied: ipython>=4.0.0 in /Users/runner/micromamba/envs/tardis/lib/python3.12/site-packages (from ipywidgets>=7.0.0->qgridnext) (8.25.0)
2025-02-15T22:08:19.0640900Z Requirement already satisfied: jupyterlab-widgets<3,>=1.0.0 in /Users/runner/micromamba/envs/tardis/lib/python3.12/site-packages (from ipywidgets>=7.0.0->qgridnext) (1.1.7)
2025-02-15T22:08:19.0903090Z Requirement already satisfied: python-dateutil>=2.8.2 in /Users/runner/micromamba/envs/tardis/lib/python3.12/site-packages (from pandas>=0.20.0->qgridnext) (2.9.0)
2025-02-15T22:08:19.0912110Z Requirement already satisfied: pytz>=2020.1 in /Users/runner/micromamba/envs/tardis/lib/python3.12/site-packages (from pandas>=0.20.0->qgridnext) (2024.1)
2025-02-15T22:08:19.0917200Z Requirement already satisfied: tzdata>=2022.7 in /Users/runner/micromamba/envs/tardis/lib/python3.12/site-packages (from pandas>=0.20.0->qgridnext) (2024.1)
2025-02-15T22:08:19.1103260Z Requirement already satisfied: decorator in /Users/runner/micromamba/envs/tardis/lib/python3.12/site-packages (from ipython>=4.0.0->ipywidgets>=7.0.0->qgridnext) (5.1.1)
2025-02-15T22:08:19.1117700Z Requirement already satisfied: jedi>=0.16 in /Users/runner/micromamba/envs/tardis/lib/python3.12/site-packages (from ipython>=4.0.0->ipywidgets>=7.0.0->qgridnext) (0.19.1)
2025-02-15T22:08:19.1122780Z Requirement already satisfied: matplotlib-inline in /Users/runner/micromamba/envs/tardis/lib/python3.12/site-packages (from ipython>=4.0.0->ipywidgets>=7.0.0->qgridnext) (0.1.7)
2025-02-15T22:08:19.1128710Z Requirement already satisfied: prompt-toolkit<3.1.0,>=3.0.41 in /Users/runner/micromamba/envs/tardis/lib/python3.12/site-packages (from ipython>=4.0.0->ipywidgets>=7.0.0->qgridnext) (3.0.47)
2025-02-15T22:08:19.1134360Z Requirement already satisfied: pygments>=2.4.0 in /Users/runner/micromamba/envs/tardis/lib/python3.12/site-packages (from ipython>=4.0.0->ipywidgets>=7.0.0->qgridnext) (2.18.0)
2025-02-15T22:08:19.1140090Z Requirement already satisfied: stack-data in /Users/runner/micromamba/envs/tardis/lib/python3.12/site-packages (from ipython>=4.0.0->ipywidgets>=7.0.0->qgridnext) (0.6.2)
2025-02-15T22:08:19.1152400Z Requirement already satisfied: pexpect>4.3 in /Users/runner/micromamba/envs/tardis/lib/python3.12/site-packages (from ipython>=4.0.0->ipywidgets>=7.0.0->qgridnext) (4.9.0)
2025-02-15T22:08:19.1181070Z Requirement already satisfied: six>=1.5 in /Users/runner/micromamba/envs/tardis/lib/python3.12/site-packages (from python-dateutil>=2.8.2->pandas>=0.20.0->qgridnext) (1.16.0)
2025-02-15T22:08:19.1216470Z Requirement already satisfied: notebook>=4.4.1 in /Users/runner/micromamba/envs/tardis/lib/python3.12/site-packages (from widgetsnbextension~=3.6.5->ipywidgets>=7.0.0->qgridnext) (7.2.1)
2025-02-15T22:08:19.1335650Z Requirement already satisfied: parso<0.9.0,>=0.8.3 in /Users/runner/micromamba/envs/tardis/lib/python3.12/site-packages (from jedi>=0.16->ipython>=4.0.0->ipywidgets>=7.0.0->qgridnext) (0.8.4)
2025-02-15T22:08:19.1427510Z Requirement already satisfied: jupyter-server<3,>=2.4.0 in /Users/runner/micromamba/envs/tardis/lib/python3.12/site-packages (from notebook>=4.4.1->widgetsnbextension~=3.6.5->ipywidgets>=7.0.0->qgridnext) (2.14.1)
2025-02-15T22:08:19.1435070Z Requirement already satisfied: jupyterlab-server<3,>=2.27.1 in /Users/runner/micromamba/envs/tardis/lib/python3.12/site-packages (from notebook>=4.4.1->widgetsnbextension~=3.6.5->ipywidgets>=7.0.0->qgridnext) (2.27.2)
2025-02-15T22:08:19.1445060Z Requirement already satisfied: jupyterlab<4.3,>=4.2.0 in /Users/runner/micromamba/envs/tardis/lib/python3.12/site-packages (from notebook>=4.4.1->widgetsnbextension~=3.6.5->ipywidgets>=7.0.0->qgridnext) (4.2.2)
2025-02-15T22:08:19.1450930Z Requirement already satisfied: notebook-shim<0.3,>=0.2 in /Users/runner/micromamba/envs/tardis/lib/python3.12/site-packages (from notebook>=4.4.1->widgetsnbextension~=3.6.5->ipywidgets>=7.0.0->qgridnext) (0.2.4)
2025-02-15T22:08:19.1456380Z Requirement already satisfied: tornado>=6.2.0 in /Users/runner/micromamba/envs/tardis/lib/python3.12/site-packages (from notebook>=4.4.1->widgetsnbextension~=3.6.5->ipywidgets>=7.0.0->qgridnext) (6.4.1)
2025-02-15T22:08:19.1478030Z Requirement already satisfied: ptyprocess>=0.5 in /Users/runner/micromamba/envs/tardis/lib/python3.12/site-packages (from pexpect>4.3->ipython>=4.0.0->ipywidgets>=7.0.0->qgridnext) (0.7.0)
2025-02-15T22:08:19.1496130Z Requirement already satisfied: wcwidth in /Users/runner/micromamba/envs/tardis/lib/python3.12/site-packages (from prompt-toolkit<3.1.0,>=3.0.41->ipython>=4.0.0->ipywidgets>=7.0.0->qgridnext) (0.2.13)
2025-02-15T22:08:19.1577970Z Requirement already satisfied: executing>=1.2.0 in /Users/runner/micromamba/envs/tardis/lib/python3.12/site-packages (from stack-data->ipython>=4.0.0->ipywidgets>=7.0.0->qgridnext) (2.0.1)
2025-02-15T22:08:19.1680340Z Requirement already satisfied: asttokens>=2.1.0 in /Users/runner/micromamba/envs/tardis/lib/python3.12/site-packages (from stack-data->ipython>=4.0.0->ipywidgets>=7.0.0->qgridnext) (2.4.1)
2025-02-15T22:08:19.1781900Z Requirement already satisfied: pure-eval in /Users/runner/micromamba/envs/tardis/lib/python3.12/site-packages (from stack-data->ipython>=4.0.0->ipywidgets>=7.0.0->qgridnext) (0.2.2)
2025-02-15T22:08:19.1882480Z Requirement already satisfied: anyio>=3.1.0 in /Users/runner/micromamba/envs/tardis/lib/python3.12/site-packages (from jupyter-server<3,>=2.4.0->notebook>=4.4.1->widgetsnbextension~=3.6.5->ipywidgets>=7.0.0->qgridnext) (4.4.0)
2025-02-15T22:08:19.1982830Z Requirement already satisfied: argon2-cffi>=21.1 in /Users/runner/micromamba/envs/tardis/lib/python3.12/site-packages (from jupyter-server<3,>=2.4.0->notebook>=4.4.1->widgetsnbextension~=3.6.5->ipywidgets>=7.0.0->qgridnext) (23.1.0)
2025-02-15T22:08:19.2084420Z Requirement already satisfied: jinja2>=3.0.3 in /Users/runner/micromamba/envs/tardis/lib/python3.12/site-packages (from jupyter-server<3,>=2.4.0->notebook>=4.4.1->widgetsnbextension~=3.6.5->ipywidgets>=7.0.0->qgridnext) (3.1.4)
2025-02-15T22:08:19.2184750Z Requirement already satisfied: jupyter-client>=7.4.4 in /Users/runner/micromamba/envs/tardis/lib/python3.12/site-packages (from jupyter-server<3,>=2.4.0->notebook>=4.4.1->widgetsnbextension~=3.6.5->ipywidgets>=7.0.0->qgridnext) (8.6.2)
2025-02-15T22:08:19.2286860Z Requirement already satisfied: jupyter-core!=5.0.*,>=4.12 in /Users/runner/micromamba/envs/tardis/lib/python3.12/site-packages (from jupyter-server<3,>=2.4.0->notebook>=4.4.1->widgetsnbextension~=3.6.5->ipywidgets>=7.0.0->qgridnext) (5.7.2)
2025-02-15T22:08:19.2388540Z Requirement already satisfied: jupyter-events>=0.9.0 in /Users/runner/micromamba/envs/tardis/lib/python3.12/site-packages (from jupyter-server<3,>=2.4.0->notebook>=4.4.1->widgetsnbextension~=3.6.5->ipywidgets>=7.0.0->qgridnext) (0.10.0)
2025-02-15T22:08:19.2490340Z Requirement already satisfied: jupyter-server-terminals>=0.4.4 in /Users/runner/micromamba/envs/tardis/lib/python3.12/site-packages (from jupyter-server<3,>=2.4.0->notebook>=4.4.1->widgetsnbextension~=3.6.5->ipywidgets>=7.0.0->qgridnext) (0.5.3)
2025-02-15T22:08:19.2592090Z Requirement already satisfied: nbconvert>=6.4.4 in /Users/runner/micromamba/envs/tardis/lib/python3.12/site-packages (from jupyter-server<3,>=2.4.0->notebook>=4.4.1->widgetsnbextension~=3.6.5->ipywidgets>=7.0.0->qgridnext) (7.16.4)
2025-02-15T22:08:19.2694020Z Requirement already satisfied: nbformat>=5.3.0 in /Users/runner/micromamba/envs/tardis/lib/python3.12/site-packages (from jupyter-server<3,>=2.4.0->notebook>=4.4.1->widgetsnbextension~=3.6.5->ipywidgets>=7.0.0->qgridnext) (5.10.4)
2025-02-15T22:08:19.2795980Z Requirement already satisfied: overrides>=5.0 in /Users/runner/micromamba/envs/tardis/lib/python3.12/site-packages (from jupyter-server<3,>=2.4.0->notebook>=4.4.1->widgetsnbextension~=3.6.5->ipywidgets>=7.0.0->qgridnext) (7.7.0)
2025-02-15T22:08:19.2897960Z Requirement already satisfied: packaging>=22.0 in /Users/runner/micromamba/envs/tardis/lib/python3.12/site-packages (from jupyter-server<3,>=2.4.0->notebook>=4.4.1->widgetsnbextension~=3.6.5->ipywidgets>=7.0.0->qgridnext) (24.1)
2025-02-15T22:08:19.2999720Z Requirement already satisfied: prometheus-client>=0.9 in /Users/runner/micromamba/envs/tardis/lib/python3.12/site-packages (from jupyter-server<3,>=2.4.0->notebook>=4.4.1->widgetsnbextension~=3.6.5->ipywidgets>=7.0.0->qgridnext) (0.20.0)
2025-02-15T22:08:19.3101490Z Requirement already satisfied: pyzmq>=24 in /Users/runner/micromamba/envs/tardis/lib/python3.12/site-packages (from jupyter-server<3,>=2.4.0->notebook>=4.4.1->widgetsnbextension~=3.6.5->ipywidgets>=7.0.0->qgridnext) (26.0.3)
2025-02-15T22:08:19.3203720Z Requirement already satisfied: send2trash>=1.8.2 in /Users/runner/micromamba/envs/tardis/lib/python3.12/site-packages (from jupyter-server<3,>=2.4.0->notebook>=4.4.1->widgetsnbextension~=3.6.5->ipywidgets>=7.0.0->qgridnext) (1.8.3)
2025-02-15T22:08:19.3305620Z Requirement already satisfied: terminado>=0.8.3 in /Users/runner/micromamba/envs/tardis/lib/python3.12/site-packages (from jupyter-server<3,>=2.4.0->notebook>=4.4.1->widgetsnbextension~=3.6.5->ipywidgets>=7.0.0->qgridnext) (0.18.1)
2025-02-15T22:08:19.3407600Z Requirement already satisfied: websocket-client>=1.7 in /Users/runner/micromamba/envs/tardis/lib/python3.12/site-packages (from jupyter-server<3,>=2.4.0->notebook>=4.4.1->widgetsnbextension~=3.6.5->ipywidgets>=7.0.0->qgridnext) (1.8.0)
2025-02-15T22:08:19.3509270Z Requirement already satisfied: async-lru>=1.0.0 in /Users/runner/micromamba/envs/tardis/lib/python3.12/site-packages (from jupyterlab<4.3,>=4.2.0->notebook>=4.4.1->widgetsnbextension~=3.6.5->ipywidgets>=7.0.0->qgridnext) (2.0.4)
2025-02-15T22:08:19.3611160Z Requirement already satisfied: httpx>=0.25.0 in /Users/runner/micromamba/envs/tardis/lib/python3.12/site-packages (from jupyterlab<4.3,>=4.2.0->notebook>=4.4.1->widgetsnbextension~=3.6.5->ipywidgets>=7.0.0->qgridnext) (0.27.0)
2025-02-15T22:08:19.3713740Z Requirement already satisfied: ipykernel>=6.5.0 in /Users/runner/micromamba/envs/tardis/lib/python3.12/site-packages (from jupyterlab<4.3,>=4.2.0->notebook>=4.4.1->widgetsnbextension~=3.6.5->ipywidgets>=7.0.0->qgridnext) (6.29.4)
2025-02-15T22:08:19.3815560Z Requirement already satisfied: jupyter-lsp>=2.0.0 in /Users/runner/micromamba/envs/tardis/lib/python3.12/site-packages (from jupyterlab<4.3,>=4.2.0->notebook>=4.4.1->widgetsnbextension~=3.6.5->ipywidgets>=7.0.0->qgridnext) (2.2.5)
2025-02-15T22:08:19.3917400Z Requirement already satisfied: setuptools>=40.1.0 in /Users/runner/micromamba/envs/tardis/lib/python3.12/site-packages (from jupyterlab<4.3,>=4.2.0->notebook>=4.4.1->widgetsnbextension~=3.6.5->ipywidgets>=7.0.0->qgridnext) (70.0.0)
2025-02-15T22:08:19.4019280Z Requirement already satisfied: babel>=2.10 in /Users/runner/micromamba/envs/tardis/lib/python3.12/site-packages (from jupyterlab-server<3,>=2.27.1->notebook>=4.4.1->widgetsnbextension~=3.6.5->ipywidgets>=7.0.0->qgridnext) (2.14.0)
2025-02-15T22:08:19.4121210Z Requirement already satisfied: json5>=0.9.0 in /Users/runner/micromamba/envs/tardis/lib/python3.12/site-packages (from jupyterlab-server<3,>=2.27.1->notebook>=4.4.1->widgetsnbextension~=3.6.5->ipywidgets>=7.0.0->qgridnext) (0.9.25)
2025-02-15T22:08:19.4223520Z Requirement already satisfied: jsonschema>=4.18.0 in /Users/runner/micromamba/envs/tardis/lib/python3.12/site-packages (from jupyterlab-server<3,>=2.27.1->notebook>=4.4.1->widgetsnbextension~=3.6.5->ipywidgets>=7.0.0->qgridnext) (4.22.0)
2025-02-15T22:08:19.4326240Z Requirement already satisfied: requests>=2.31 in /Users/runner/micromamba/envs/tardis/lib/python3.12/site-packages (from jupyterlab-server<3,>=2.27.1->notebook>=4.4.1->widgetsnbextension~=3.6.5->ipywidgets>=7.0.0->qgridnext) (2.32.3)
2025-02-15T22:08:19.4428090Z Requirement already satisfied: idna>=2.8 in /Users/runner/micromamba/envs/tardis/lib/python3.12/site-packages (from anyio>=3.1.0->jupyter-server<3,>=2.4.0->notebook>=4.4.1->widgetsnbextension~=3.6.5->ipywidgets>=7.0.0->qgridnext) (3.7)
2025-02-15T22:08:19.4508740Z Requirement already satisfied: sniffio>=1.1 in /Users/runner/micromamba/envs/tardis/lib/python3.12/site-packages (from anyio>=3.1.0->jupyter-server<3,>=2.4.0->notebook>=4.4.1->widgetsnbextension~=3.6.5->ipywidgets>=7.0.0->qgridnext) (1.3.1)
2025-02-15T22:08:19.4537530Z Requirement already satisfied: argon2-cffi-bindings in /Users/runner/micromamba/envs/tardis/lib/python3.12/site-packages (from argon2-cffi>=21.1->jupyter-server<3,>=2.4.0->notebook>=4.4.1->widgetsnbextension~=3.6.5->ipywidgets>=7.0.0->qgridnext) (21.2.0)
2025-02-15T22:08:19.4571330Z Requirement already satisfied: certifi in /Users/runner/micromamba/envs/tardis/lib/python3.12/site-packages (from httpx>=0.25.0->jupyterlab<4.3,>=4.2.0->notebook>=4.4.1->widgetsnbextension~=3.6.5->ipywidgets>=7.0.0->qgridnext) (2024.6.2)
2025-02-15T22:08:19.4584300Z Requirement already satisfied: httpcore==1.* in /Users/runner/micromamba/envs/tardis/lib/python3.12/site-packages (from httpx>=0.25.0->jupyterlab<4.3,>=4.2.0->notebook>=4.4.1->widgetsnbextension~=3.6.5->ipywidgets>=7.0.0->qgridnext) (1.0.5)
2025-02-15T22:08:19.4602210Z Requirement already satisfied: h11<0.15,>=0.13 in /Users/runner/micromamba/envs/tardis/lib/python3.12/site-packages (from httpcore==1.*->httpx>=0.25.0->jupyterlab<4.3,>=4.2.0->notebook>=4.4.1->widgetsnbextension~=3.6.5->ipywidgets>=7.0.0->qgridnext) (0.14.0)
2025-02-15T22:08:19.4636960Z Requirement already satisfied: appnope in /Users/runner/micromamba/envs/tardis/lib/python3.12/site-packages (from ipykernel>=6.5.0->jupyterlab<4.3,>=4.2.0->notebook>=4.4.1->widgetsnbextension~=3.6.5->ipywidgets>=7.0.0->qgridnext) (0.1.4)
2025-02-15T22:08:19.4638240Z Requirement already satisfied: debugpy>=1.6.5 in /Users/runner/micromamba/envs/tardis/lib/python3.12/site-packages (from ipykernel>=6.5.0->jupyterlab<4.3,>=4.2.0->notebook>=4.4.1->widgetsnbextension~=3.6.5->ipywidgets>=7.0.0->qgridnext) (1.8.1)
2025-02-15T22:08:19.4639770Z Requirement already satisfied: nest-asyncio in /Users/runner/micromamba/envs/tardis/lib/python3.12/site-packages (from ipykernel>=6.5.0->jupyterlab<4.3,>=4.2.0->notebook>=4.4.1->widgetsnbextension~=3.6.5->ipywidgets>=7.0.0->qgridnext) (1.6.0)
2025-02-15T22:08:19.4640990Z Requirement already satisfied: psutil in /Users/runner/micromamba/envs/tardis/lib/python3.12/site-packages (from ipykernel>=6.5.0->jupyterlab<4.3,>=4.2.0->notebook>=4.4.1->widgetsnbextension~=3.6.5->ipywidgets>=7.0.0->qgridnext) (5.9.8)
2025-02-15T22:08:19.4642220Z Requirement already satisfied: MarkupSafe>=2.0 in /Users/runner/micromamba/envs/tardis/lib/python3.12/site-packages (from jinja2>=3.0.3->jupyter-server<3,>=2.4.0->notebook>=4.4.1->widgetsnbextension~=3.6.5->ipywidgets>=7.0.0->qgridnext) (2.1.5)
2025-02-15T22:08:19.4643490Z Requirement already satisfied: attrs>=22.2.0 in /Users/runner/micromamba/envs/tardis/lib/python3.12/site-packages (from jsonschema>=4.18.0->jupyterlab-server<3,>=2.27.1->notebook>=4.4.1->widgetsnbextension~=3.6.5->ipywidgets>=7.0.0->qgridnext) (23.2.0)
2025-02-15T22:08:19.4644830Z Requirement already satisfied: jsonschema-specifications>=2023.03.6 in /Users/runner/micromamba/envs/tardis/lib/python3.12/site-packages (from jsonschema>=4.18.0->jupyterlab-server<3,>=2.27.1->notebook>=4.4.1->widgetsnbextension~=3.6.5->ipywidgets>=7.0.0->qgridnext) (2023.12.1)
2025-02-15T22:08:19.4646170Z Requirement already satisfied: referencing>=0.28.4 in /Users/runner/micromamba/envs/tardis/lib/python3.12/site-packages (from jsonschema>=4.18.0->jupyterlab-server<3,>=2.27.1->notebook>=4.4.1->widgetsnbextension~=3.6.5->ipywidgets>=7.0.0->qgridnext) (0.35.1)
2025-02-15T22:08:19.4647460Z Requirement already satisfied: rpds-py>=0.7.1 in /Users/runner/micromamba/envs/tardis/lib/python3.12/site-packages (from jsonschema>=4.18.0->jupyterlab-server<3,>=2.27.1->notebook>=4.4.1->widgetsnbextension~=3.6.5->ipywidgets>=7.0.0->qgridnext) (0.18.1)
2025-02-15T22:08:19.4648740Z Requirement already satisfied: platformdirs>=2.5 in /Users/runner/micromamba/envs/tardis/lib/python3.12/site-packages (from jupyter-core!=5.0.*,>=4.12->jupyter-server<3,>=2.4.0->notebook>=4.4.1->widgetsnbextension~=3.6.5->ipywidgets>=7.0.0->qgridnext) (4.2.2)
2025-02-15T22:08:19.4650090Z Requirement already satisfied: python-json-logger>=2.0.4 in /Users/runner/micromamba/envs/tardis/lib/python3.12/site-packages (from jupyter-events>=0.9.0->jupyter-server<3,>=2.4.0->notebook>=4.4.1->widgetsnbextension~=3.6.5->ipywidgets>=7.0.0->qgridnext) (2.0.7)
2025-02-15T22:08:19.4651310Z Requirement already satisfied: pyyaml>=5.3 in /Users/runner/micromamba/envs/tardis/lib/python3.12/site-packages (from jupyter-events>=0.9.0->jupyter-server<3,>=2.4.0->notebook>=4.4.1->widgetsnbextension~=3.6.5->ipywidgets>=7.0.0->qgridnext) (6.0.1)
2025-02-15T22:08:19.4652640Z Requirement already satisfied: rfc3339-validator in /Users/runner/micromamba/envs/tardis/lib/python3.12/site-packages (from jupyter-events>=0.9.0->jupyter-server<3,>=2.4.0->notebook>=4.4.1->widgetsnbextension~=3.6.5->ipywidgets>=7.0.0->qgridnext) (0.1.4)
2025-02-15T22:08:19.4653860Z Requirement already satisfied: rfc3986-validator>=0.1.1 in /Users/runner/micromamba/envs/tardis/lib/python3.12/site-packages (from jupyter-events>=0.9.0->jupyter-server<3,>=2.4.0->notebook>=4.4.1->widgetsnbextension~=3.6.5->ipywidgets>=7.0.0->qgridnext) (0.1.1)
2025-02-15T22:08:19.4655070Z Requirement already satisfied: beautifulsoup4 in /Users/runner/micromamba/envs/tardis/lib/python3.12/site-packages (from nbconvert>=6.4.4->jupyter-server<3,>=2.4.0->notebook>=4.4.1->widgetsnbextension~=3.6.5->ipywidgets>=7.0.0->qgridnext) (4.12.3)
2025-02-15T22:08:19.4656230Z Requirement already satisfied: bleach!=5.0.0 in /Users/runner/micromamba/envs/tardis/lib/python3.12/site-packages (from nbconvert>=6.4.4->jupyter-server<3,>=2.4.0->notebook>=4.4.1->widgetsnbextension~=3.6.5->ipywidgets>=7.0.0->qgridnext) (6.1.0)
2025-02-15T22:08:19.4657400Z Requirement already satisfied: defusedxml in /Users/runner/micromamba/envs/tardis/lib/python3.12/site-packages (from nbconvert>=6.4.4->jupyter-server<3,>=2.4.0->notebook>=4.4.1->widgetsnbextension~=3.6.5->ipywidgets>=7.0.0->qgridnext) (0.7.1)
2025-02-15T22:08:19.4658900Z Requirement already satisfied: jupyterlab-pygments in /Users/runner/micromamba/envs/tardis/lib/python3.12/site-packages (from nbconvert>=6.4.4->jupyter-server<3,>=2.4.0->notebook>=4.4.1->widgetsnbextension~=3.6.5->ipywidgets>=7.0.0->qgridnext) (0.3.0)
2025-02-15T22:08:19.4660100Z Requirement already satisfied: mistune<4,>=2.0.3 in /Users/runner/micromamba/envs/tardis/lib/python3.12/site-packages (from nbconvert>=6.4.4->jupyter-server<3,>=2.4.0->notebook>=4.4.1->widgetsnbextension~=3.6.5->ipywidgets>=7.0.0->qgridnext) (3.0.2)
2025-02-15T22:08:19.4661260Z Requirement already satisfied: nbclient>=0.5.0 in /Users/runner/micromamba/envs/tardis/lib/python3.12/site-packages (from nbconvert>=6.4.4->jupyter-server<3,>=2.4.0->notebook>=4.4.1->widgetsnbextension~=3.6.5->ipywidgets>=7.0.0->qgridnext) (0.10.0)
2025-02-15T22:08:19.4662460Z Requirement already satisfied: pandocfilters>=1.4.1 in /Users/runner/micromamba/envs/tardis/lib/python3.12/site-packages (from nbconvert>=6.4.4->jupyter-server<3,>=2.4.0->notebook>=4.4.1->widgetsnbextension~=3.6.5->ipywidgets>=7.0.0->qgridnext) (1.5.0)
2025-02-15T22:08:19.4663660Z Requirement already satisfied: tinycss2 in /Users/runner/micromamba/envs/tardis/lib/python3.12/site-packages (from nbconvert>=6.4.4->jupyter-server<3,>=2.4.0->notebook>=4.4.1->widgetsnbextension~=3.6.5->ipywidgets>=7.0.0->qgridnext) (1.3.0)
2025-02-15T22:08:19.4664840Z Requirement already satisfied: fastjsonschema>=2.15 in /Users/runner/micromamba/envs/tardis/lib/python3.12/site-packages (from nbformat>=5.3.0->jupyter-server<3,>=2.4.0->notebook>=4.4.1->widgetsnbextension~=3.6.5->ipywidgets>=7.0.0->qgridnext) (2.20.0)
2025-02-15T22:08:19.4666050Z Requirement already satisfied: charset-normalizer<4,>=2 in /Users/runner/micromamba/envs/tardis/lib/python3.12/site-packages (from requests>=2.31->jupyterlab-server<3,>=2.27.1->notebook>=4.4.1->widgetsnbextension~=3.6.5->ipywidgets>=7.0.0->qgridnext) (3.3.2)
2025-02-15T22:08:19.4667250Z Requirement already satisfied: urllib3<3,>=1.21.1 in /Users/runner/micromamba/envs/tardis/lib/python3.12/site-packages (from requests>=2.31->jupyterlab-server<3,>=2.27.1->notebook>=4.4.1->widgetsnbextension~=3.6.5->ipywidgets>=7.0.0->qgridnext) (2.2.2)
2025-02-15T22:08:19.4668520Z Requirement already satisfied: webencodings in /Users/runner/micromamba/envs/tardis/lib/python3.12/site-packages (from bleach!=5.0.0->nbconvert>=6.4.4->jupyter-server<3,>=2.4.0->notebook>=4.4.1->widgetsnbextension~=3.6.5->ipywidgets>=7.0.0->qgridnext) (0.5.1)
2025-02-15T22:08:19.5012500Z Requirement already satisfied: fqdn in /Users/runner/micromamba/envs/tardis/lib/python3.12/site-packages (from jsonschema[format-nongpl]>=4.18.0->jupyter-events>=0.9.0->jupyter-server<3,>=2.4.0->notebook>=4.4.1->widgetsnbextension~=3.6.5->ipywidgets>=7.0.0->qgridnext) (1.5.1)
2025-02-15T22:08:19.5021430Z Requirement already satisfied: isoduration in /Users/runner/micromamba/envs/tardis/lib/python3.12/site-packages (from jsonschema[format-nongpl]>=4.18.0->jupyter-events>=0.9.0->jupyter-server<3,>=2.4.0->notebook>=4.4.1->widgetsnbextension~=3.6.5->ipywidgets>=7.0.0->qgridnext) (20.11.0)
2025-02-15T22:08:19.5029560Z Requirement already satisfied: jsonpointer>1.13 in /Users/runner/micromamba/envs/tardis/lib/python3.12/site-packages (from jsonschema[format-nongpl]>=4.18.0->jupyter-events>=0.9.0->jupyter-server<3,>=2.4.0->notebook>=4.4.1->widgetsnbextension~=3.6.5->ipywidgets>=7.0.0->qgridnext) (3.0.0)
2025-02-15T22:08:19.5043010Z Requirement already satisfied: uri-template in /Users/runner/micromamba/envs/tardis/lib/python3.12/site-packages (from jsonschema[format-nongpl]>=4.18.0->jupyter-events>=0.9.0->jupyter-server<3,>=2.4.0->notebook>=4.4.1->widgetsnbextension~=3.6.5->ipywidgets>=7.0.0->qgridnext) (1.3.0)
2025-02-15T22:08:19.5051360Z Requirement already satisfied: webcolors>=1.11 in /Users/runner/micromamba/envs/tardis/lib/python3.12/site-packages (from jsonschema[format-nongpl]>=4.18.0->jupyter-events>=0.9.0->jupyter-server<3,>=2.4.0->notebook>=4.4.1->widgetsnbextension~=3.6.5->ipywidgets>=7.0.0->qgridnext) (24.6.0)
2025-02-15T22:08:19.5817620Z Requirement already satisfied: cffi>=1.0.1 in /Users/runner/micromamba/envs/tardis/lib/python3.12/site-packages (from argon2-cffi-bindings->argon2-cffi>=21.1->jupyter-server<3,>=2.4.0->notebook>=4.4.1->widgetsnbextension~=3.6.5->ipywidgets>=7.0.0->qgridnext) (1.16.0)
2025-02-15T22:08:19.5919990Z Requirement already satisfied: soupsieve>1.2 in /Users/runner/micromamba/envs/tardis/lib/python3.12/site-packages (from beautifulsoup4->nbconvert>=6.4.4->jupyter-server<3,>=2.4.0->notebook>=4.4.1->widgetsnbextension~=3.6.5->ipywidgets>=7.0.0->qgridnext) (2.5)
2025-02-15T22:08:19.6222880Z Requirement already satisfied: pycparser in /Users/runner/micromamba/envs/tardis/lib/python3.12/site-packages (from cffi>=1.0.1->argon2-cffi-bindings->argon2-cffi>=21.1->jupyter-server<3,>=2.4.0->notebook>=4.4.1->widgetsnbextension~=3.6.5->ipywidgets>=7.0.0->qgridnext) (2.22)
2025-02-15T22:08:19.6626220Z Requirement already satisfied: arrow>=0.15.0 in /Users/runner/micromamba/envs/tardis/lib/python3.12/site-packages (from isoduration->jsonschema[format-nongpl]>=4.18.0->jupyter-events>=0.9.0->jupyter-server<3,>=2.4.0->notebook>=4.4.1->widgetsnbextension~=3.6.5->ipywidgets>=7.0.0->qgridnext) (1.3.0)
2025-02-15T22:08:19.6828880Z Requirement already satisfied: types-python-dateutil>=2.8.10 in /Users/runner/micromamba/envs/tardis/lib/python3.12/site-packages (from arrow>=0.15.0->isoduration->jsonschema[format-nongpl]>=4.18.0->jupyter-events>=0.9.0->jupyter-server<3,>=2.4.0->notebook>=4.4.1->widgetsnbextension~=3.6.5->ipywidgets>=7.0.0->qgridnext) (2.9.0.20240316)
2025-02-15T22:08:19.7031930Z Downloading qgridnext-2.0.4-py3-none-any.whl (1.3 MB)
2025-02-15T22:08:19.7432650Z    â”â”â”â”â”â”â”â”â”â”â”â”â”â”â”â”â”â”â”â”â”â”â”â”â”â”â”â”â”â”â”â”â”â”â”â”â”â”â”â” 1.3/1.3 MB 28.8 MB/s eta 0:00:00
2025-02-15T22:08:20.2781080Z Installing collected packages: qgridnext
2025-02-15T22:08:20.3230390Z Successfully installed qgridnext-2.0.4
2025-02-15T22:08:20.5458530Z ##[group]Run pytest tardis --tardis-regression-data=/Users/runner/work/tardis/tardis/tardis-regression-data --cov=tardis --cov-report=xml --cov-report=html --cov-append -m "not continuum"
2025-02-15T22:08:20.5459670Z [36;1mpytest tardis --tardis-regression-data=/Users/runner/work/tardis/tardis/tardis-regression-data --cov=tardis --cov-report=xml --cov-report=html --cov-append -m "not continuum"[0m
2025-02-15T22:08:20.5514420Z shell: /bin/bash -l {0}
2025-02-15T22:08:20.5514660Z env:
2025-02-15T22:08:20.5514810Z   CACHE_NUMBER: 0
2025-02-15T22:08:20.5515300Z   PYTEST_FLAGS: --tardis-regression-data=/Users/runner/work/tardis/tardis/tardis-regression-data --cov=tardis --cov-report=xml --cov-report=html --cov-append
2025-02-15T22:08:20.5515940Z   CODECOV_TOKEN: 
2025-02-15T22:08:20.5516110Z   MAMBA_ROOT_PREFIX: /Users/runner/micromamba
2025-02-15T22:08:20.5516390Z   MAMBA_EXE: /Users/runner/micromamba-bin/micromamba
2025-02-15T22:08:20.5516740Z   CONDARC: /Users/runner/work/_temp/setup-micromamba/.condarc
2025-02-15T22:08:20.5517010Z ##[endgroup]
2025-02-15T22:08:31.7076970Z ============================= test session starts ==============================
2025-02-15T22:08:31.7077560Z platform darwin -- Python 3.12.4, pytest-8.2.2, pluggy-1.5.0
2025-02-15T22:08:31.7077840Z rootdir: /Users/runner/work/tardis/tardis
2025-02-15T22:08:31.7078070Z configfile: pyproject.toml
2025-02-15T22:08:31.7078350Z plugins: cov-5.0.0, html-4.1.1, metadata-3.1.1, doctestplus-1.2.1, anyio-4.4.0
2025-02-15T22:08:31.7078710Z collected 1796 items / 2 deselected / 1794 selected
2025-02-15T22:08:31.7078890Z 
2025-02-15T22:08:34.5045020Z tardis/energy_input/tests/test_energy_source.py ..xxx                    [  0%]
2025-02-15T22:08:35.8476230Z tardis/energy_input/tests/test_gamma_ray_channel.py ...........          [  0%]
2025-02-15T22:08:36.8082420Z tardis/energy_input/tests/test_gamma_ray_grid.py xx.                     [  1%]
2025-02-15T22:08:37.7848740Z tardis/energy_input/tests/test_gamma_ray_interactions.py xx....          [  1%]
2025-02-15T22:08:37.7899400Z tardis/energy_input/tests/test_gamma_ray_packet_source.py sssssssss      [  1%]
2025-02-15T22:08:38.6080910Z tardis/energy_input/tests/test_util.py .....xxxx.....                    [  2%]
2025-02-15T22:08:38.8607840Z tardis/grid/tests/test_grid.py .                                         [  2%]
2025-02-15T22:08:38.8728120Z tardis/gui/tests/test_gui.py s                                           [  2%]
2025-02-15T22:08:41.5524360Z tardis/io/configuration/tests/test_config_reader.py ...........          [  3%]
2025-02-15T22:08:41.5593890Z tardis/io/configuration/tests/test_configuration_namespace.py .........  [  3%]
2025-02-15T22:08:41.5741670Z tardis/io/logger/tests/test_logging.py ssssssssssssssssssssssssssss      [  5%]
2025-02-15T22:09:08.1176440Z tardis/io/model/readers/tests/test_arepo_parser.py ..                    [  5%]
2025-02-15T22:09:08.1535550Z tardis/io/model/readers/tests/test_ascii_readers.py ...                  [  5%]
2025-02-15T22:09:08.1748540Z tardis/io/model/readers/tests/test_cmfgen_reader.py ..                   [  5%]
2025-02-15T22:09:08.1993730Z tardis/io/model/readers/tests/test_csvy_reader.py ....                   [  6%]
2025-02-15T22:09:08.2165960Z tardis/io/model/readers/tests/test_stella_reader.py ..                   [  6%]
2025-02-15T22:09:08.4445130Z tardis/io/tests/test_HDFWriter.py ...............                        [  7%]
2025-02-15T22:09:09.0124820Z tardis/io/tests/test_atomic.py .....                                     [  7%]
2025-02-15T22:09:09.0303550Z tardis/io/tests/test_decay.py ..                                         [  7%]
2025-02-15T22:09:09.2160450Z tardis/io/tests/test_model_reader.py F.....                              [  7%]
2025-02-15T22:09:09.2207310Z tardis/model/geometry/tests/test_radial1d.py ..                          [  7%]
2025-02-15T22:09:38.2882560Z tardis/model/tests/test_base.py ........................................ [ 10%]
2025-02-15T22:09:39.2565830Z ............                                                             [ 10%]
2025-02-15T22:09:42.3254910Z tardis/model/tests/test_csvy_model.py .........                          [ 11%]
2025-02-15T22:09:42.4027860Z tardis/model/tests/test_density.py ..                                    [ 11%]
2025-02-15T22:09:44.0998330Z tardis/opacities/tests/test_opacity_solver.py .....                      [ 11%]
2025-02-15T22:09:45.2655560Z tardis/opacities/tests/test_opacity_state_numba.py .....                 [ 11%]
2025-02-15T22:09:47.7181490Z tardis/opacities/tests/test_tau_sobolev.py ..                            [ 12%]
2025-02-15T22:09:50.8393090Z tardis/plasma/equilibrium/tests/test_collisional_transitions.py ...      [ 12%]
2025-02-15T22:10:35.3247270Z tardis/plasma/equilibrium/tests/test_level_populations.py ....           [ 12%]
2025-02-15T22:10:44.6065700Z tardis/plasma/equilibrium/tests/test_rate_matrix.py .                    [ 12%]
2025-02-15T22:10:45.6475080Z tardis/plasma/tests/test_complete_plasmas.py .....................s..... [ 13%]
2025-02-15T22:10:47.7293670Z s....ssssss............s............ss.....s....ssssss............s..... [ 18%]
2025-02-15T22:10:48.8459900Z .......ss.....s....ssssss............s............ss.....s....ssssss.... [ 22%]
2025-02-15T22:10:50.9396590Z ........s............ss.....s........ss............s............ss.....s [ 26%]
2025-02-15T22:10:53.1437760Z ........ss............s............ss.....s....ssssss............s...... [ 30%]
2025-02-15T22:10:53.7877450Z ......ss.....s....ssssss............s............ss.....s.ss.ssssss..... [ 34%]
2025-02-15T22:10:56.3815330Z .......s............ss.....s....ssssss............s............ss.....s. [ 38%]
2025-02-15T22:10:59.0334800Z ...ssssss............s............ss.....s....ssssss............s....... [ 42%]
2025-02-15T22:11:01.5724870Z .....ss.....s....ssssss............s............s...........ssssss...... [ 46%]
2025-02-15T22:11:02.8989690Z ......s............s...........ssssss............s............s......... [ 50%]
2025-02-15T22:11:05.0652270Z ..ssssss............s............ss.....s....ssssss............s........ [ 54%]
2025-02-15T22:11:07.4566930Z ....ss.....s....ssssss..........................s.....s....ssss......... [ 58%]
2025-02-15T22:11:07.7449690Z ...................s.....s....ssss.......                                [ 60%]
2025-02-15T22:11:07.9655200Z tardis/plasma/tests/test_hdf_plasma.py ................................. [ 62%]
2025-02-15T22:11:07.9734330Z ......                                                                   [ 62%]
2025-02-15T22:11:08.1776550Z tardis/plasma/tests/test_nlte_excitation.py ...                          [ 62%]
2025-02-15T22:12:59.6725770Z tardis/plasma/tests/test_nlte_solver.py .....X                           [ 63%]
2025-02-15T22:12:59.6790140Z tardis/plasma/tests/test_plasma_continuum.py .                           [ 63%]
2025-02-15T22:13:21.7341240Z tardis/plasma/tests/test_plasma_vboundary.py .............               [ 63%]
2025-02-15T22:13:32.6924180Z tardis/plasma/tests/test_tardis_model_density_config.py ...              [ 64%]
2025-02-15T22:13:33.2202250Z tardis/simulation/tests/test_convergence.py .....                        [ 64%]
2025-02-15T22:13:40.7582040Z tardis/simulation/tests/test_simulation.py .............                 [ 65%]
2025-02-15T22:13:40.7709470Z tardis/spectrum/tests/test_cuda_formal_integral.py sssssssssssssssssssss [ 66%]
2025-02-15T22:13:41.0941220Z ssss...ssssssssssssssssssssss                                            [ 67%]
2025-02-15T22:13:41.0991800Z tardis/spectrum/tests/test_luminosity.py ....                            [ 68%]
2025-02-15T22:13:42.0179410Z tardis/spectrum/tests/test_numba_formal_integral.py .................... [ 69%]
2025-02-15T22:13:42.0293400Z ..........                                                               [ 69%]
2025-02-15T22:13:42.1689140Z tardis/spectrum/tests/test_spectrum.py ................................. [ 71%]
2025-02-15T22:13:42.1921810Z .........                                                                [ 72%]
2025-02-15T22:14:03.7741880Z tardis/spectrum/tests/test_spectrum_solver.py ....                       [ 72%]
2025-02-15T22:15:04.7809270Z tardis/tests/test_tardis_full.py ....                                    [ 72%]
2025-02-15T22:16:37.3271520Z tardis/tests/test_tardis_full_formal_integral.py ................        [ 73%]
2025-02-15T22:16:37.3746970Z tardis/tests/test_util.py .............................................  [ 75%]
2025-02-15T22:16:39.3074770Z tardis/transport/montecarlo/tests/test_base.py x.....................    [ 77%]
2025-02-15T22:16:44.6559330Z tardis/transport/montecarlo/tests/test_interaction.py .......            [ 77%]
2025-02-15T22:16:44.8203310Z tardis/transport/montecarlo/tests/test_macro_atom.py ....                [ 77%]
2025-02-15T22:16:44.8318760Z tardis/transport/montecarlo/tests/test_montecarlo.py sssssssssssssssssss [ 78%]
2025-02-15T22:16:44.8607430Z sssssssssssssssssssssssssssssssssssssssssssss                            [ 81%]
2025-02-15T22:16:51.6012640Z tardis/transport/montecarlo/tests/test_montecarlo_main_loop.py x..       [ 81%]
2025-02-15T22:16:51.6099260Z tardis/transport/montecarlo/tests/test_nonhomologous.py ...              [ 81%]
2025-02-15T22:16:53.8120260Z tardis/transport/montecarlo/tests/test_numba_interface.py .....x.        [ 82%]
2025-02-15T22:16:54.1705540Z tardis/transport/montecarlo/tests/test_opacities.py ...............      [ 82%]
2025-02-15T22:16:55.2239170Z tardis/transport/montecarlo/tests/test_packet.py .................xXXXXX [ 84%]
2025-02-15T22:16:55.3075110Z XX.........                                                              [ 84%]
2025-02-15T22:16:55.3952500Z tardis/transport/montecarlo/tests/test_packet_source.py ........         [ 85%]
2025-02-15T22:16:55.6254060Z tardis/transport/montecarlo/tests/test_rpacket_last_interaction_tracker.py . [ 85%]
2025-02-15T22:16:55.9272850Z .....                                                                    [ 85%]
2025-02-15T22:17:04.7453190Z tardis/transport/montecarlo/tests/test_rpacket_tracker.py ......         [ 85%]
2025-02-15T22:17:04.7657690Z tardis/transport/montecarlo/tests/test_single_packet_loop.py xxx         [ 86%]
2025-02-15T22:17:04.7688940Z tardis/transport/montecarlo/tests/test_tracker_utils.py ..               [ 86%]
2025-02-15T22:17:06.0054540Z tardis/transport/montecarlo/tests/test_vpacket.py ..x.                   [ 86%]
2025-02-15T22:17:06.0210620Z tardis/transport/montecarlo/tests/test_weighted_packet_source.py ....    [ 86%]
2025-02-15T22:17:08.6329690Z tardis/transport/montecarlo/tests/test_weighted_packet_source_integration.py . [ 86%]
2025-02-15T22:17:08.6331050Z                                                                          [ 86%]
2025-02-15T22:17:09.1397160Z tardis/transport/tests/test_doppler_factor.py ..................         [ 87%]
2025-02-15T22:17:10.7668270Z tardis/visualization/tools/tests/test_convergence_plot.py .............. [ 88%]
2025-02-15T22:17:12.5826480Z ......                                                                   [ 88%]
2025-02-15T22:17:16.2050350Z tardis/visualization/tools/tests/test_liv_plot.py ...................... [ 90%]
2025-02-15T22:17:20.1626490Z .............................                                            [ 91%]
2025-02-15T22:17:22.8421030Z tardis/visualization/tools/tests/test_rpacket_plot.py .................. [ 92%]
2025-02-15T22:17:29.8667970Z ....                                                                     [ 92%]
2025-02-15T22:17:34.5271650Z tardis/visualization/tools/tests/test_sdec_plot.py ..................... [ 94%]
2025-02-15T22:17:40.3919140Z ..............................                                           [ 95%]
2025-02-15T22:17:40.7344280Z tardis/visualization/widgets/tests/test_custom_abundance.py ........ss.. [ 96%]
2025-02-15T22:17:40.7829870Z ....                                                                     [ 96%]
2025-02-15T22:17:41.5221980Z tardis/visualization/widgets/tests/test_line_info.py ................... [ 97%]
2025-02-15T22:17:41.9906210Z ..................                                                       [ 98%]
2025-02-15T22:20:40.5427420Z tardis/visualization/widgets/tests/test_shell_info.py .................. [ 99%]
2025-02-15T22:20:41.7907220Z <unknown>:140: SyntaxWarning:
2025-02-15T22:20:41.7907620Z 
2025-02-15T22:20:41.7907700Z invalid escape sequence '\s'
2025-02-15T22:20:41.7907830Z 
2025-02-15T22:20:41.7922410Z /Users/runner/work/tardis/tardis/tardis/io/model/readers/artis.py:140: SyntaxWarning:
2025-02-15T22:20:41.7923400Z 
2025-02-15T22:20:41.7923490Z invalid escape sequence '\s'
2025-02-15T22:20:41.7923730Z 
2025-02-15T22:20:43.3058380Z <unknown>:140: SyntaxWarning:
2025-02-15T22:20:43.3058660Z 
2025-02-15T22:20:43.3058730Z invalid escape sequence '\s'
2025-02-15T22:20:43.3061180Z 
2025-02-15T22:20:45.2874780Z <unknown>:140: SyntaxWarning:
2025-02-15T22:20:45.2875100Z 
2025-02-15T22:20:45.2875300Z invalid escape sequence '\s'
2025-02-15T22:20:45.2875420Z 
2025-02-15T22:20:46.0791050Z <unknown>:140: SyntaxWarning:
2025-02-15T22:20:46.0791280Z 
2025-02-15T22:20:46.0791450Z invalid escape sequence '\s'
2025-02-15T22:20:46.0791650Z 
2025-02-15T22:20:46.0807020Z /Users/runner/work/tardis/tardis/tardis/io/model/readers/artis.py:140: SyntaxWarning:
2025-02-15T22:20:46.0807350Z 
2025-02-15T22:20:46.0807420Z invalid escape sequence '\s'
2025-02-15T22:20:46.0807620Z 
2025-02-15T22:20:47.4467920Z ......                                                                   [100%]
2025-02-15T22:20:47.4468690Z 
2025-02-15T22:20:47.4469010Z =================================== FAILURES ===================================
2025-02-15T22:20:47.4469540Z ________________________ test_simple_read_artis_density ________________________
2025-02-15T22:20:47.4469950Z 
2025-02-15T22:20:47.4470270Z artis_density_fname = PosixPath('tardis/io/model/readers/tests/data/artis_model.dat')
2025-02-15T22:20:47.4470730Z 
2025-02-15T22:20:47.4470950Z     def test_simple_read_artis_density(artis_density_fname: str):
2025-02-15T22:20:47.4471880Z >       time_of_model, velocity, mean_density, isotope_mass_fractions = read_artis_density(
2025-02-15T22:20:47.4472380Z             artis_density_fname
2025-02-15T22:20:47.4472760Z         )
2025-02-15T22:20:47.4473110Z E       ValueError: not enough values to unpack (expected 4, got 3)
2025-02-15T22:20:47.4473430Z 
2025-02-15T22:20:47.4473620Z tardis/io/tests/test_model_reader.py:48: ValueError
2025-02-15T22:20:47.4474030Z =============================== warnings summary ===============================
2025-02-15T22:20:47.4474380Z tardis/io/configuration/config_validator.py:6
2025-02-15T22:20:47.4475120Z tardis/io/configuration/config_validator.py:6
2025-02-15T22:20:47.4475700Z   /Users/runner/work/tardis/tardis/tardis/io/configuration/config_validator.py:6: DeprecationWarning:
2025-02-15T22:20:47.4476230Z   
2025-02-15T22:20:47.4477380Z   jsonschema.RefResolver is deprecated as of v4.18.0, in favor of the https://github.com/python-jsonschema/referencing library, which provides more compliant referencing behavior as well as more flexible APIs for customization. A future release will remove RefResolver. Please file a feature request (on referencing) if you are missing an API for the kind of customization you need.
2025-02-15T22:20:47.4478720Z 
2025-02-15T22:20:47.4479040Z ../../../micromamba/envs/tardis/lib/python3.12/site-packages/jupyter_client/connect.py:22
2025-02-15T22:20:47.4479830Z   /Users/runner/micromamba/envs/tardis/lib/python3.12/site-packages/jupyter_client/connect.py:22: DeprecationWarning:
2025-02-15T22:20:47.4480440Z   
2025-02-15T22:20:47.4480800Z   Jupyter is migrating its paths to use standard platformdirs
2025-02-15T22:20:47.4481280Z   given by the platformdirs library.  To remove this warning and
2025-02-15T22:20:47.4481840Z   see the appropriate new directories, set the environment variable
2025-02-15T22:20:47.4482350Z   `JUPYTER_PLATFORM_DIRS=1` and then run `jupyter --paths`.
2025-02-15T22:20:47.4482860Z   The use of platformdirs will be the default in `jupyter_core` v6
2025-02-15T22:20:47.4483190Z 
2025-02-15T22:20:47.4489250Z tardis/io/model/readers/artis.py:140
2025-02-15T22:20:47.4490130Z   /Users/runner/work/tardis/tardis/tardis/io/model/readers/artis.py:140: SyntaxWarning:
2025-02-15T22:20:47.4490550Z   
2025-02-15T22:20:47.4490720Z   invalid escape sequence '\s'
2025-02-15T22:20:47.4490890Z 
2025-02-15T22:20:47.4500210Z tardis/io/tests/test_HDFWriter.py::test_multi_index_write
2025-02-15T22:20:47.4500710Z tardis/visualization/widgets/tests/test_shell_info.py::TestHDFShellInfo::test_shells_data
2025-02-15T22:20:47.4501340Z   /Users/runner/work/tardis/tardis/tardis/io/util.py:276: PerformanceWarning:
2025-02-15T22:20:47.4501740Z   
2025-02-15T22:20:47.4502000Z   
2025-02-15T22:20:47.4502310Z   your performance may suffer as PyTables will pickle object types that it cannot
2025-02-15T22:20:47.4503250Z   map directly to c-types [inferred_type->mixed,key->block0_values] [items->Index([0], dtype='int64')]
2025-02-15T22:20:47.4503590Z 
2025-02-15T22:20:47.4503770Z tardis/io/tests/test_model_reader.py::test_read_cmfgen_isotope_abundances
2025-02-15T22:20:47.4504300Z tardis/plasma/tests/test_tardis_model_density_config.py::test_electron_densities
2025-02-15T22:20:47.4504780Z tardis/plasma/tests/test_tardis_model_density_config.py::test_isotope_number_densities
2025-02-15T22:20:47.4505300Z tardis/plasma/tests/test_tardis_model_density_config.py::test_t_rad
2025-02-15T22:20:47.4505850Z   /Users/runner/work/tardis/tardis/tardis/io/model/readers/cmfgen_deprecated.py:82: DeprecationWarning:
2025-02-15T22:20:47.4506310Z   
2025-02-15T22:20:47.4506560Z   The current CMFGEN model parser is deprecated
2025-02-15T22:20:47.4506720Z 
2025-02-15T22:20:47.4506860Z tardis/io/tests/test_model_reader.py: 1 warning
2025-02-15T22:20:47.4507480Z tardis/plasma/tests/test_tardis_model_density_config.py: 9 warnings
2025-02-15T22:20:47.4508040Z   /Users/runner/work/tardis/tardis/tardis/io/model/readers/cmfgen_deprecated.py:40: DeprecationWarning:
2025-02-15T22:20:47.4508580Z   
2025-02-15T22:20:47.4508820Z   The current CMFGEN model parser is deprecated
2025-02-15T22:20:47.4509040Z 
2025-02-15T22:20:47.4509270Z tardis/model/tests/test_base.py::TestModelFromPaper1Config::test_abundances
2025-02-15T22:20:47.4509850Z   /Users/runner/work/tardis/tardis/tardis/transport/montecarlo/montecarlo_main_loop.py:123: NumbaTypeSafetyWarning:
2025-02-15T22:20:47.4510310Z   
2025-02-15T22:20:47.4514100Z   [1m[1m[1munsafe cast from uint64 to int64. Precision may be lost.[0m[0m[0m
2025-02-15T22:20:47.4514360Z 
2025-02-15T22:20:47.4514470Z tardis/model/tests/test_base.py: 6 warnings
2025-02-15T22:20:47.4514750Z tardis/model/tests/test_csvy_model.py: 2 warnings
2025-02-15T22:20:47.4515120Z tardis/plasma/tests/test_tardis_model_density_config.py: 3 warnings
2025-02-15T22:20:47.4515610Z   /Users/runner/work/tardis/tardis/tardis/model/geometry/radial1d.py:50: DeprecationWarning:
2025-02-15T22:20:47.4515980Z   
2025-02-15T22:20:47.4516200Z   v_inner_boundary < 0, assuming default value
2025-02-15T22:20:47.4516350Z 
2025-02-15T22:20:47.4516490Z tardis/model/tests/test_base.py: 6 warnings
2025-02-15T22:20:47.4516850Z tardis/model/tests/test_csvy_model.py: 2 warnings
2025-02-15T22:20:47.4517220Z tardis/plasma/tests/test_tardis_model_density_config.py: 3 warnings
2025-02-15T22:20:47.4517670Z   /Users/runner/work/tardis/tardis/tardis/model/geometry/radial1d.py:61: DeprecationWarning:
2025-02-15T22:20:47.4518000Z   
2025-02-15T22:20:47.4518180Z   v_outer_boundary < 0, assuming default value
2025-02-15T22:20:47.4518350Z 
2025-02-15T22:20:47.4518760Z tardis/plasma/equilibrium/tests/test_level_populations.py::TestLevelPopulationSolver::test_solve[collisional_rate_solver0-radiative_transitions0]
2025-02-15T22:20:47.4519500Z   /Users/runner/work/tardis/tardis/tardis/plasma/equilibrium/level_populations.py:65: FutureWarning:
2025-02-15T22:20:47.4519860Z   
2025-02-15T22:20:47.4520140Z   A value is trying to be set on a copy of a DataFrame or Series through chained assignment using an inplace method.
2025-02-15T22:20:47.4521160Z   The behavior will change in pandas 3.0. This inplace method will never work because the intermediate object on which we are setting values always behaves as a copy.
2025-02-15T22:20:47.4521620Z   
2025-02-15T22:20:47.4522220Z   For example, when doing 'df[col].method(value, inplace=True)', try using 'df.method({col: value}, inplace=True)' or df[col] = df[col].method(value) instead, to perform the operation inplace on the original object.
2025-02-15T22:20:47.4522720Z 
2025-02-15T22:20:47.4522840Z tardis/plasma/tests/test_complete_plasmas.py: 20 warnings
2025-02-15T22:20:47.4523400Z   /Users/runner/work/tardis/tardis/tardis/plasma/tests/test_complete_plasmas.py:197: UserWarning:
2025-02-15T22:20:47.4523810Z   
2025-02-15T22:20:47.4523940Z   Property "atomic_mass" not found
2025-02-15T22:20:47.4524070Z 
2025-02-15T22:20:47.4524660Z tardis/plasma/tests/test_complete_plasmas.py::TestPlasma::test_plasma_properties[radiative_rates_type:detailed-w_epsilon:1e-10-j_blues_norm_factor]
2025-02-15T22:20:47.4525390Z tardis/plasma/tests/test_complete_plasmas.py::TestPlasma::test_plasma_properties[radiative_rates_type:detailed-j_blues_norm_factor]
2025-02-15T22:20:47.4526020Z   /Users/runner/work/tardis/tardis/tardis/plasma/tests/test_complete_plasmas.py:197: UserWarning:
2025-02-15T22:20:47.4526530Z   
2025-02-15T22:20:47.4526820Z   Property "j_blues_norm_factor" not found
2025-02-15T22:20:47.4526970Z 
2025-02-15T22:20:47.4527360Z tardis/plasma/tests/test_complete_plasmas.py::TestPlasma::test_plasma_properties[radiative_rates_type:detailed-w_epsilon:1e-10-j_blue_estimator]
2025-02-15T22:20:47.4528130Z tardis/plasma/tests/test_complete_plasmas.py::TestPlasma::test_plasma_properties[radiative_rates_type:detailed-j_blue_estimator]
2025-02-15T22:20:47.4528740Z   /Users/runner/work/tardis/tardis/tardis/plasma/tests/test_complete_plasmas.py:197: UserWarning:
2025-02-15T22:20:47.4529160Z   
2025-02-15T22:20:47.4529430Z   Property "j_blue_estimator" not found
2025-02-15T22:20:47.4529620Z 
2025-02-15T22:20:47.4530000Z tardis/plasma/tests/test_complete_plasmas.py::TestPlasma::test_plasma_properties[radiative_rates_type:detailed-w_epsilon:1e-10-volume]
2025-02-15T22:20:47.4530850Z tardis/plasma/tests/test_complete_plasmas.py::TestPlasma::test_plasma_properties[radiative_rates_type:detailed-volume]
2025-02-15T22:20:47.4531810Z   /Users/runner/work/tardis/tardis/tardis/plasma/tests/test_complete_plasmas.py:197: UserWarning:
2025-02-15T22:20:47.4532330Z   
2025-02-15T22:20:47.4532560Z   Property "volume" not found
2025-02-15T22:20:47.4532770Z 
2025-02-15T22:20:47.4533180Z tardis/plasma/tests/test_complete_plasmas.py::TestPlasma::test_plasma_properties[radiative_rates_type:detailed-w_epsilon:1e-10-r_inner]
2025-02-15T22:20:47.4534000Z tardis/plasma/tests/test_complete_plasmas.py::TestPlasma::test_plasma_properties[radiative_rates_type:detailed-r_inner]
2025-02-15T22:20:47.4534650Z   /Users/runner/work/tardis/tardis/tardis/plasma/tests/test_complete_plasmas.py:197: UserWarning:
2025-02-15T22:20:47.4535100Z   
2025-02-15T22:20:47.4535270Z   Property "r_inner" not found
2025-02-15T22:20:47.4535440Z 
2025-02-15T22:20:47.4535680Z tardis/plasma/tests/test_plasma_vboundary.py::test_plasma_vboundary[2900-3750]
2025-02-15T22:20:47.4536170Z tardis/plasma/tests/test_plasma_vboundary.py::test_plasma_vboundary[2900-3850]
2025-02-15T22:20:47.4536680Z tardis/plasma/tests/test_plasma_vboundary.py::test_plasma_vboundary[2900-3900]
2025-02-15T22:20:47.4537190Z   /Users/runner/work/tardis/tardis/tardis/model/geometry/radial1d.py:71: UserWarning:
2025-02-15T22:20:47.4537620Z   
2025-02-15T22:20:47.4537920Z   Requesting inner boundary below inner shell. Extrapolating the inner cell
2025-02-15T22:20:47.4538160Z 
2025-02-15T22:20:47.4538410Z tardis/spectrum/tests/test_spectrum_solver.py::TestSpectrumSolver::test_solve
2025-02-15T22:20:47.4538950Z   /Users/runner/work/tardis/tardis/tardis/spectrum/base.py:70: UserWarning:
2025-02-15T22:20:47.4539300Z   
2025-02-15T22:20:47.4539740Z   SpectrumSolver.spectrum_virtual_packets is zero. Please run the montecarlo simulation with no_of_virtual_packets > 0
2025-02-15T22:20:47.4540150Z 
2025-02-15T22:20:47.4540640Z tardis/spectrum/tests/test_spectrum_solver.py::TestSpectrumSolver::test_solve
2025-02-15T22:20:47.4541170Z   /Users/runner/work/tardis/tardis/tardis/spectrum/base.py:111: UserWarning:
2025-02-15T22:20:47.4541520Z   
2025-02-15T22:20:47.4541880Z   SpectrumSolver.integrator: The FormalIntegrator is not yet available.Please run the montecarlo simulation at least once.
2025-02-15T22:20:47.4542250Z 
2025-02-15T22:20:47.4542480Z tardis/transport/montecarlo/tests/test_vpacket.py::test_trace_vpacket_volley
2025-02-15T22:20:47.4542870Z   <string>:3: NumbaPendingDeprecationWarning:
2025-02-15T22:20:47.4543170Z   
2025-02-15T22:20:47.4545860Z   [1m[1mCode using Numba extension API maybe depending on 'old_style' error-capturing, which is deprecated and will be replaced by 'new_style' in a future release. See details at https://numba.readthedocs.io/en/latest/reference/deprecation.html#deprecation-of-old-style-numba-captured-errors
2025-02-15T22:20:47.4546960Z   Exception origin:
2025-02-15T22:20:47.4547320Z     File "/Users/runner/micromamba/envs/tardis/lib/python3.12/inspect.py", line 3180, in _bind
2025-02-15T22:20:47.4547770Z       raise TypeError(msg) from None
2025-02-15T22:20:47.4548020Z   [0m[0m
2025-02-15T22:20:47.4548140Z 
2025-02-15T22:20:47.4548490Z tardis/visualization/tools/tests/test_sdec_plot.py::TestSDECPlotter::test_mpl_image[plotter_generate_plot_mpl4]
2025-02-15T22:20:47.4549160Z   /Users/runner/work/tardis/tardis/tardis/visualization/tools/sdec_plot.py:1225: RuntimeWarning:
2025-02-15T22:20:47.4549590Z   
2025-02-15T22:20:47.4550420Z   More than 20 figures have been opened. Figures created through the pyplot interface (`matplotlib.pyplot.figure`) are retained until explicitly closed and may consume too much memory. (To control this warning, see the rcParam `figure.max_open_warning`). Consider using `matplotlib.pyplot.close()`.
2025-02-15T22:20:47.4551230Z 
2025-02-15T22:20:47.4551520Z tardis/visualization/widgets/tests/test_custom_abundance.py::TestCustomAbundanceWidget::test_update_input_item_value
2025-02-15T22:20:47.4552230Z tardis/visualization/widgets/tests/test_custom_abundance.py::TestCustomAbundanceWidget::test_update_input_item_value
2025-02-15T22:20:47.4552920Z tardis/visualization/widgets/tests/test_custom_abundance.py::TestCustomAbundanceWidget::test_update_input_item_value
2025-02-15T22:20:47.4553590Z tardis/visualization/widgets/tests/test_custom_abundance.py::TestCustomAbundanceWidget::test_update_input_item_value
2025-02-15T22:20:47.4554330Z tardis/visualization/widgets/tests/test_custom_abundance.py::TestCustomAbundanceWidget::test_update_input_item_value
2025-02-15T22:20:47.4555040Z tardis/visualization/widgets/tests/test_custom_abundance.py::TestCustomAbundanceWidget::test_update_input_item_value
2025-02-15T22:20:47.4555780Z   /Users/runner/micromamba/envs/tardis/lib/python3.12/site-packages/traitlets/traitlets.py:1385: DeprecationWarning:
2025-02-15T22:20:47.4556230Z   
2025-02-15T22:20:47.4556560Z   Passing unrecognized arguments to super(Checkbox).__init__(icon='lock').
2025-02-15T22:20:47.4556990Z   object.__init__() takes exactly one argument (the instance to initialize)
2025-02-15T22:20:47.4557480Z   This is deprecated in traitlets 4.2.This error will be raised in a future release of traitlets.
2025-02-15T22:20:47.4557790Z 
2025-02-15T22:20:47.4558070Z tardis/visualization/widgets/tests/test_custom_abundance.py::TestCustomAbundanceWidget::test_update_input_item_value
2025-02-15T22:20:47.4558770Z tardis/visualization/widgets/tests/test_custom_abundance.py::TestCustomAbundanceWidget::test_update_input_item_value
2025-02-15T22:20:47.4559430Z   /Users/runner/micromamba/envs/tardis/lib/python3.12/site-packages/traitlets/traitlets.py:1385: DeprecationWarning:
2025-02-15T22:20:47.4559860Z   
2025-02-15T22:20:47.4560120Z   Passing unrecognized arguments to super(FloatText).__init__(min=0).
2025-02-15T22:20:47.4560560Z   object.__init__() takes exactly one argument (the instance to initialize)
2025-02-15T22:20:47.4561310Z   This is deprecated in traitlets 4.2.This error will be raised in a future release of traitlets.
2025-02-15T22:20:47.4561580Z 
2025-02-15T22:20:47.4561920Z tardis/visualization/widgets/tests/test_custom_abundance.py::TestCustomAbundanceWidget::test_update_input_item_value
2025-02-15T22:20:47.4562640Z   /Users/runner/micromamba/envs/tardis/lib/python3.12/site-packages/traitlets/traitlets.py:1385: DeprecationWarning:
2025-02-15T22:20:47.4563080Z   
2025-02-15T22:20:47.4563410Z   Passing unrecognized arguments to super(HTML).__init__(indent=True).
2025-02-15T22:20:47.4563820Z   object.__init__() takes exactly one argument (the instance to initialize)
2025-02-15T22:20:47.4564220Z   This is deprecated in traitlets 4.2.This error will be raised in a future release of traitlets.
2025-02-15T22:20:47.4564530Z 
2025-02-15T22:20:47.4565010Z tardis/visualization/widgets/tests/test_line_info.py::TestLineInfoWidgetData::test_get_species_interactions[wavelength_range0-packet_out_nu]
2025-02-15T22:20:47.4565760Z   /Users/runner/micromamba/envs/tardis/lib/python3.12/site-packages/qgridnext/grid.py:825: DeprecationWarning:
2025-02-15T22:20:47.4566190Z   
2025-02-15T22:20:47.4566600Z   QgridWidget._grid_options_changed is deprecated in traitlets 4.1: use @observe and @unobserve instead.
2025-02-15T22:20:47.4566930Z 
2025-02-15T22:20:47.4567200Z tardis/visualization/widgets/tests/test_shell_info.py::TestHDFShellInfo::test_shells_data
2025-02-15T22:20:47.4567700Z   /Users/runner/work/tardis/tardis/tardis/io/util.py:289: PerformanceWarning:
2025-02-15T22:20:47.4568040Z   
2025-02-15T22:20:47.4568250Z   
2025-02-15T22:20:47.4568530Z   your performance may suffer as PyTables will pickle object types that it cannot
2025-02-15T22:20:47.4569050Z   map directly to c-types [inferred_type->mixed,key->block0_values] [items->Index([0], dtype='int64')]
2025-02-15T22:20:47.4569380Z 
2025-02-15T22:20:47.4569590Z tardis/visualization/widgets/tests/test_shell_info.py::TestHDFShellInfo::test_shells_data
2025-02-15T22:20:47.4570110Z   /Users/runner/work/tardis/tardis/tardis/io/util.py:292: PerformanceWarning:
2025-02-15T22:20:47.4570440Z   
2025-02-15T22:20:47.4570650Z   
2025-02-15T22:20:47.4570930Z   your performance may suffer as PyTables will pickle object types that it cannot
2025-02-15T22:20:47.4571350Z   map directly to c-types [inferred_type->mixed,key->values] [items->None]
2025-02-15T22:20:47.4571600Z 
2025-02-15T22:20:47.4571900Z tardis/visualization/widgets/tests/test_shell_info.py::TestHDFShellInfo::test_shells_data
2025-02-15T22:20:47.4572410Z   /Users/runner/work/tardis/tardis/tardis/spectrum/formal_integral.py:398: UserWarning:
2025-02-15T22:20:47.4572840Z   
2025-02-15T22:20:47.4573110Z   The number of interpolate_shells was not specified. The value was set to 80.
2025-02-15T22:20:47.4573370Z 
2025-02-15T22:20:47.4573580Z -- Docs: https://docs.pytest.org/en/stable/how-to/capture-warnings.html
2025-02-15T22:20:47.4573800Z 
2025-02-15T22:20:47.4573940Z ---------- coverage: platform darwin, python 3.12.4-final-0 ----------
2025-02-15T22:20:47.4574320Z Coverage HTML written to dir coverage_html_report
2025-02-15T22:20:47.4574650Z Coverage XML written to file coverage.xml
2025-02-15T22:20:47.4574820Z 
2025-02-15T22:20:47.4574980Z =========================== short test summary info ============================
2025-02-15T22:20:47.4575520Z FAILED tardis/io/tests/test_model_reader.py::test_simple_read_artis_density - ValueError: not enough values to unpack (expected 4, got 3)
2025-02-15T22:20:47.4576230Z = 1 failed, 1437 passed, 329 skipped, 2 deselected, 19 xfailed, 8 xpassed, 92 warnings in 737.03s (0:12:17) =
2025-02-15T22:20:49.0738990Z ##[error]Process completed with exit code 1.
2025-02-15T22:20:49.0903240Z Post job cleanup.
2025-02-15T22:20:49.1247180Z Post job cleanup.
2025-02-15T22:20:49.5235380Z Will use pre-installed micromamba at /Users/runner/micromamba-bin/micromamba
2025-02-15T22:20:49.5238810Z Removing micromamba run shell ...
2025-02-15T22:20:49.5241140Z ##[group]Deinitialize micromamba for bash
2025-02-15T22:20:49.5254270Z [command]/Users/runner/micromamba-bin/micromamba shell deinit -s bash -r /Users/runner/micromamba --log-level warning --rc-file /Users/runner/work/_temp/setup-micromamba/.condarc
2025-02-15T22:20:49.5830190Z Resetting RC file "/Users/runner/.bash_profile"
2025-02-15T22:20:49.5830510Z Deleting config for root prefix 
2025-02-15T22:20:49.5830960Z Clearing mamba executable environment variable
2025-02-15T22:20:49.5851570Z Removing the following in your "/Users/runner/.bash_profile" file
2025-02-15T22:20:49.5851880Z # >>> mamba initialize >>>
2025-02-15T22:20:49.5852050Z ...
2025-02-15T22:20:49.5852210Z # <<< mamba initialize <<<
2025-02-15T22:20:49.5903160Z Removing environment tardis from auto-activate bash ...
2025-02-15T22:20:49.6028520Z Post job cleanup.
2025-02-15T22:20:49.6072350Z Post job cleanup.
2025-02-15T22:20:49.8310140Z [command]/opt/homebrew/bin/git version
2025-02-15T22:20:49.8542160Z git version 2.48.1
2025-02-15T22:20:49.8564970Z Copying '/Users/runner/.gitconfig' to '/Users/runner/work/_temp/7e0c7be3-e7b7-489f-ad92-cd32c21efd3e/.gitconfig'
2025-02-15T22:20:49.8571740Z Temporarily overriding HOME='/Users/runner/work/_temp/7e0c7be3-e7b7-489f-ad92-cd32c21efd3e' before making global git config changes
2025-02-15T22:20:49.8572380Z Adding repository directory to the temporary git global config as a safe directory
2025-02-15T22:20:49.8575610Z [command]/opt/homebrew/bin/git config --global --add safe.directory /Users/runner/work/tardis/tardis/tardis-regression-data
2025-02-15T22:20:49.8674110Z [command]/opt/homebrew/bin/git config --local --name-only --get-regexp core\.sshCommand
2025-02-15T22:20:49.8727570Z [command]/opt/homebrew/bin/git submodule foreach --recursive sh -c "git config --local --name-only --get-regexp 'core\.sshCommand' && git config --local --unset-all 'core.sshCommand' || :"
2025-02-15T22:20:49.9765170Z [command]/opt/homebrew/bin/git config --local --name-only --get-regexp http\.https\:\/\/github\.com\/\.extraheader
2025-02-15T22:20:49.9802940Z http.https://github.com/.extraheader
2025-02-15T22:20:49.9811060Z [command]/opt/homebrew/bin/git config --local --unset-all http.https://github.com/.extraheader
2025-02-15T22:20:49.9878920Z [command]/opt/homebrew/bin/git submodule foreach --recursive sh -c "git config --local --name-only --get-regexp 'http\.https\:\/\/github\.com\/\.extraheader' && git config --local --unset-all 'http.https://github.com/.extraheader' || :"
2025-02-15T22:20:50.0925720Z Post job cleanup.
2025-02-15T22:20:50.2962370Z [command]/opt/homebrew/bin/git version
2025-02-15T22:20:50.3113670Z git version 2.48.1
2025-02-15T22:20:50.3541650Z Copying '/Users/runner/.gitconfig' to '/Users/runner/work/_temp/8a8da5b1-6f25-4703-878e-68599fa536df/.gitconfig'
2025-02-15T22:20:50.3586650Z Temporarily overriding HOME='/Users/runner/work/_temp/8a8da5b1-6f25-4703-878e-68599fa536df' before making global git config changes
2025-02-15T22:20:50.3589490Z Adding repository directory to the temporary git global config as a safe directory
2025-02-15T22:20:50.3590740Z [command]/opt/homebrew/bin/git config --global --add safe.directory /Users/runner/work/tardis/tardis
2025-02-15T22:20:50.3592050Z [command]/opt/homebrew/bin/git config --local --name-only --get-regexp core\.sshCommand
2025-02-15T22:20:50.3593540Z [command]/opt/homebrew/bin/git submodule foreach --recursive sh -c "git config --local --name-only --get-regexp 'core\.sshCommand' && git config --local --unset-all 'core.sshCommand' || :"
2025-02-15T22:20:50.4281550Z [command]/opt/homebrew/bin/git config --local --name-only --get-regexp http\.https\:\/\/github\.com\/\.extraheader
2025-02-15T22:20:50.4317600Z http.https://github.com/.extraheader
2025-02-15T22:20:50.4325950Z [command]/opt/homebrew/bin/git config --local --unset-all http.https://github.com/.extraheader
2025-02-15T22:20:50.4377760Z [command]/opt/homebrew/bin/git submodule foreach --recursive sh -c "git config --local --name-only --get-regexp 'http\.https\:\/\/github\.com\/\.extraheader' && git config --local --unset-all 'http.https://github.com/.extraheader' || :"
2025-02-15T22:20:50.5317470Z Cleaning up orphan processes
