2025-01-14T12:27:53.2543137Z Requested labels: macos-latest
2025-01-14T12:27:53.2543354Z Job defined at: tardis-sn/tardis/.github/workflows/tests.yml@refs/pull/2932/merge
2025-01-14T12:27:53.2543462Z Waiting for a runner to pick up this job...
2025-01-14T12:27:53.6388386Z Job is waiting for a hosted runner to come online.
2025-01-14T12:27:56.5560343Z Job is about to start running on the hosted runner: GitHub Actions 59 (hosted)
2025-01-14T12:27:57.9607270Z Current runner version: '2.321.0'
2025-01-14T12:27:57.9623740Z ##[group]Operating System
2025-01-14T12:27:57.9624190Z macOS
2025-01-14T12:27:57.9624480Z 14.7.2
2025-01-14T12:27:57.9624770Z 23H311
2025-01-14T12:27:57.9625060Z ##[endgroup]
2025-01-14T12:27:57.9625370Z ##[group]Runner Image
2025-01-14T12:27:57.9625700Z Image: macos-14-arm64
2025-01-14T12:27:57.9626010Z Version: 20250106.725
2025-01-14T12:27:57.9626680Z Included Software: https://github.com/actions/runner-images/blob/macos-14-arm64/20250106.725/images/macos/macos-14-arm64-Readme.md
2025-01-14T12:27:57.9627580Z Image Release: https://github.com/actions/runner-images/releases/tag/macos-14-arm64%2F20250106.725
2025-01-14T12:27:57.9628150Z ##[endgroup]
2025-01-14T12:27:57.9628460Z ##[group]Runner Image Provisioner
2025-01-14T12:27:57.9628880Z 2.0.404.1+573eac7f0cc07d6bb82d8b9bf5e1ffa69a554644
2025-01-14T12:27:57.9629280Z ##[endgroup]
2025-01-14T12:27:57.9630590Z ##[group]GITHUB_TOKEN Permissions
2025-01-14T12:27:57.9631610Z Actions: read
2025-01-14T12:27:57.9631930Z Attestations: read
2025-01-14T12:27:57.9632230Z Checks: read
2025-01-14T12:27:57.9632510Z Contents: read
2025-01-14T12:27:57.9632800Z Deployments: read
2025-01-14T12:27:57.9633100Z Discussions: read
2025-01-14T12:27:57.9633390Z Issues: read
2025-01-14T12:27:57.9633680Z Metadata: read
2025-01-14T12:27:57.9633960Z Packages: read
2025-01-14T12:27:57.9634240Z Pages: read
2025-01-14T12:27:57.9634530Z PullRequests: read
2025-01-14T12:27:57.9634840Z RepositoryProjects: read
2025-01-14T12:27:57.9635180Z SecurityEvents: read
2025-01-14T12:27:57.9635510Z Statuses: read
2025-01-14T12:27:57.9635820Z ##[endgroup]
2025-01-14T12:27:57.9637570Z Secret source: None
2025-01-14T12:27:57.9637930Z Prepare workflow directory
2025-01-14T12:27:57.9966230Z Prepare all required actions
2025-01-14T12:27:57.9991250Z Getting action download info
2025-01-14T12:27:58.1644280Z Download action repository 'actions/checkout@v4' (SHA:11bd71901bbe5b1630ceea73d27597364c9af683)
2025-01-14T12:27:58.4408200Z Download action repository 'actions/upload-artifact@v4' (SHA:65c4c4a1ddee5b72f698fdd19549f0f0fb45cf08)
2025-01-14T12:27:59.8161300Z Complete job name:  continuum macos-latest 
2025-01-14T12:27:59.8571730Z ##[group]Run actions/checkout@v4
2025-01-14T12:27:59.8572420Z with:
2025-01-14T12:27:59.8573040Z   repository: tardis-sn/tardis
2025-01-14T12:27:59.8573600Z   token: ***
2025-01-14T12:27:59.8573920Z   ssh-strict: true
2025-01-14T12:27:59.8574260Z   ssh-user: git
2025-01-14T12:27:59.8574580Z   persist-credentials: true
2025-01-14T12:27:59.8574930Z   clean: true
2025-01-14T12:27:59.8575240Z   sparse-checkout-cone-mode: true
2025-01-14T12:27:59.8575660Z   fetch-depth: 1
2025-01-14T12:27:59.8575970Z   fetch-tags: false
2025-01-14T12:27:59.8576280Z   show-progress: true
2025-01-14T12:27:59.8576630Z   lfs: false
2025-01-14T12:27:59.8576960Z   submodules: false
2025-01-14T12:27:59.8577290Z   set-safe-directory: true
2025-01-14T12:27:59.8577850Z env:
2025-01-14T12:27:59.8578140Z   CACHE_NUMBER: 0
2025-01-14T12:27:59.8579020Z   PYTEST_FLAGS: --tardis-regression-data=/Users/runner/work/tardis/tardis/tardis-regression-data --cov=tardis --cov-report=xml --cov-report=html --cov-append
2025-01-14T12:27:59.8579930Z   CODECOV_TOKEN: 
2025-01-14T12:27:59.8580210Z ##[endgroup]
2025-01-14T12:28:00.3457390Z Syncing repository: tardis-sn/tardis
2025-01-14T12:28:00.3463460Z ##[group]Getting Git version info
2025-01-14T12:28:00.3465300Z Working directory is '/Users/runner/work/tardis/tardis'
2025-01-14T12:28:00.3467580Z [command]/opt/homebrew/bin/git version
2025-01-14T12:28:00.5542480Z git version 2.47.1
2025-01-14T12:28:00.5638600Z ##[endgroup]
2025-01-14T12:28:00.5665150Z Copying '/Users/runner/.gitconfig' to '/Users/runner/work/_temp/3ccd1278-44be-4cb6-82fb-09f5c87186c5/.gitconfig'
2025-01-14T12:28:00.5667080Z Temporarily overriding HOME='/Users/runner/work/_temp/3ccd1278-44be-4cb6-82fb-09f5c87186c5' before making global git config changes
2025-01-14T12:28:00.5671690Z Adding repository directory to the temporary git global config as a safe directory
2025-01-14T12:28:00.5674880Z [command]/opt/homebrew/bin/git config --global --add safe.directory /Users/runner/work/tardis/tardis
2025-01-14T12:28:00.5809960Z Deleting the contents of '/Users/runner/work/tardis/tardis'
2025-01-14T12:28:00.5813240Z ##[group]Initializing the repository
2025-01-14T12:28:00.5817380Z [command]/opt/homebrew/bin/git init /Users/runner/work/tardis/tardis
2025-01-14T12:28:00.6015290Z hint: Using 'master' as the name for the initial branch. This default branch name
2025-01-14T12:28:00.6016690Z hint: is subject to change. To configure the initial branch name to use in all
2025-01-14T12:28:00.6017520Z hint: of your new repositories, which will suppress this warning, call:
2025-01-14T12:28:00.6018070Z hint:
2025-01-14T12:28:00.6018490Z hint: 	git config --global init.defaultBranch <name>
2025-01-14T12:28:00.6018940Z hint:
2025-01-14T12:28:00.6019380Z hint: Names commonly chosen instead of 'master' are 'main', 'trunk' and
2025-01-14T12:28:00.6020060Z hint: 'development'. The just-created branch can be renamed via this command:
2025-01-14T12:28:00.6020730Z hint:
2025-01-14T12:28:00.6021180Z hint: 	git branch -m <name>
2025-01-14T12:28:00.6021750Z Initialized empty Git repository in /Users/runner/work/tardis/tardis/.git/
2025-01-14T12:28:00.6023270Z [command]/opt/homebrew/bin/git remote add origin https://github.com/tardis-sn/tardis
2025-01-14T12:28:00.6094690Z ##[endgroup]
2025-01-14T12:28:00.6095410Z ##[group]Disabling automatic garbage collection
2025-01-14T12:28:00.6096310Z [command]/opt/homebrew/bin/git config --local gc.auto 0
2025-01-14T12:28:00.6175060Z ##[endgroup]
2025-01-14T12:28:00.6175730Z ##[group]Setting up auth
2025-01-14T12:28:00.6176560Z [command]/opt/homebrew/bin/git config --local --name-only --get-regexp core\.sshCommand
2025-01-14T12:28:00.6240970Z [command]/opt/homebrew/bin/git submodule foreach --recursive sh -c "git config --local --name-only --get-regexp 'core\.sshCommand' && git config --local --unset-all 'core.sshCommand' || :"
2025-01-14T12:28:00.7041900Z [command]/opt/homebrew/bin/git config --local --name-only --get-regexp http\.https\:\/\/github\.com\/\.extraheader
2025-01-14T12:28:00.7095420Z [command]/opt/homebrew/bin/git submodule foreach --recursive sh -c "git config --local --name-only --get-regexp 'http\.https\:\/\/github\.com\/\.extraheader' && git config --local --unset-all 'http.https://github.com/.extraheader' || :"
2025-01-14T12:28:00.7779270Z [command]/opt/homebrew/bin/git config --local http.https://github.com/.extraheader AUTHORIZATION: basic ***
2025-01-14T12:28:00.7852530Z ##[endgroup]
2025-01-14T12:28:00.7853210Z ##[group]Fetching the repository
2025-01-14T12:28:00.7861270Z [command]/opt/homebrew/bin/git -c protocol.version=2 fetch --no-tags --prune --no-recurse-submodules --depth=1 origin +89ac684e4cc4094366258765dda8a779357a716c:refs/remotes/pull/2932/merge
2025-01-14T12:28:02.4907910Z From https://github.com/tardis-sn/tardis
2025-01-14T12:28:02.4908960Z  * [new ref]         89ac684e4cc4094366258765dda8a779357a716c -> pull/2932/merge
2025-01-14T12:28:02.4962800Z ##[endgroup]
2025-01-14T12:28:02.4963570Z ##[group]Determining the checkout info
2025-01-14T12:28:02.4964430Z ##[endgroup]
2025-01-14T12:28:02.4966680Z [command]/opt/homebrew/bin/git sparse-checkout disable
2025-01-14T12:28:02.5035720Z [command]/opt/homebrew/bin/git config --local --unset-all extensions.worktreeConfig
2025-01-14T12:28:02.5081350Z ##[group]Checking out the ref
2025-01-14T12:28:02.5083320Z [command]/opt/homebrew/bin/git checkout --progress --force refs/remotes/pull/2932/merge
2025-01-14T12:28:02.7636700Z HEAD is now at 89ac684 Merge 322bbf06b7d3fd981a82869c8dce7df7138c46ab into 2a06fdfb60190bbd9b49ff572d78772607138660
2025-01-14T12:28:02.7648110Z ##[endgroup]
2025-01-14T12:28:02.7743850Z [command]/opt/homebrew/bin/git log -1 --format=%H
2025-01-14T12:28:02.7830340Z 89ac684e4cc4094366258765dda8a779357a716c
2025-01-14T12:28:02.8156020Z Prepare all required actions
2025-01-14T12:28:02.8157150Z Getting action download info
2025-01-14T12:28:02.9622680Z Download action repository 'actions/cache@v4' (SHA:1bd1e32a3bdc45362d1e726936510720a7c30a57)
2025-01-14T12:28:03.0811580Z ##[group]Run ./.github/actions/setup_lfs
2025-01-14T12:28:03.0812560Z with:
2025-01-14T12:28:03.0813370Z   regression-data-repo: tardis-sn/tardis-regression-data
2025-01-14T12:28:03.0814280Z env:
2025-01-14T12:28:03.0814850Z   CACHE_NUMBER: 0
2025-01-14T12:28:03.0816510Z   PYTEST_FLAGS: --tardis-regression-data=/Users/runner/work/tardis/tardis/tardis-regression-data --cov=tardis --cov-report=xml --cov-report=html --cov-append
2025-01-14T12:28:03.0818350Z   CODECOV_TOKEN: 
2025-01-14T12:28:03.0819020Z ##[endgroup]
2025-01-14T12:28:03.1092220Z ##[group]Run actions/checkout@v4
2025-01-14T12:28:03.1092820Z with:
2025-01-14T12:28:03.1093350Z   repository: tardis-sn/tardis-regression-data
2025-01-14T12:28:03.1094050Z   path: tardis-regression-data
2025-01-14T12:28:03.1094940Z   token: ***
2025-01-14T12:28:03.1095620Z   ssh-strict: true
2025-01-14T12:28:03.1096410Z   ssh-user: git
2025-01-14T12:28:03.1096930Z   persist-credentials: true
2025-01-14T12:28:03.1097550Z   clean: true
2025-01-14T12:28:03.1098110Z   sparse-checkout-cone-mode: true
2025-01-14T12:28:03.1098850Z   fetch-depth: 1
2025-01-14T12:28:03.1099330Z   fetch-tags: false
2025-01-14T12:28:03.1099820Z   show-progress: true
2025-01-14T12:28:03.1100340Z   lfs: false
2025-01-14T12:28:03.1100800Z   submodules: false
2025-01-14T12:28:03.1101290Z   set-safe-directory: true
2025-01-14T12:28:03.1101820Z env:
2025-01-14T12:28:03.1102720Z   CACHE_NUMBER: 0
2025-01-14T12:28:03.1108770Z   PYTEST_FLAGS: --tardis-regression-data=/Users/runner/work/tardis/tardis/tardis-regression-data --cov=tardis --cov-report=xml --cov-report=html --cov-append
2025-01-14T12:28:03.1110620Z   CODECOV_TOKEN: 
2025-01-14T12:28:03.1111160Z ##[endgroup]
2025-01-14T12:28:03.2075580Z Syncing repository: tardis-sn/tardis-regression-data
2025-01-14T12:28:03.2077350Z ##[group]Getting Git version info
2025-01-14T12:28:03.2078270Z Working directory is '/Users/runner/work/tardis/tardis/tardis-regression-data'
2025-01-14T12:28:03.2108440Z [command]/opt/homebrew/bin/git version
2025-01-14T12:28:03.2170990Z git version 2.47.1
2025-01-14T12:28:03.2186900Z ##[endgroup]
2025-01-14T12:28:03.2198240Z Copying '/Users/runner/.gitconfig' to '/Users/runner/work/_temp/043a330a-e49f-472f-ae7f-f33129c008e3/.gitconfig'
2025-01-14T12:28:03.2207100Z Temporarily overriding HOME='/Users/runner/work/_temp/043a330a-e49f-472f-ae7f-f33129c008e3' before making global git config changes
2025-01-14T12:28:03.2211430Z Adding repository directory to the temporary git global config as a safe directory
2025-01-14T12:28:03.2214520Z [command]/opt/homebrew/bin/git config --global --add safe.directory /Users/runner/work/tardis/tardis/tardis-regression-data
2025-01-14T12:28:03.2259980Z ##[group]Initializing the repository
2025-01-14T12:28:03.2264190Z [command]/opt/homebrew/bin/git init /Users/runner/work/tardis/tardis/tardis-regression-data
2025-01-14T12:28:03.2343310Z hint: Using 'master' as the name for the initial branch. This default branch name
2025-01-14T12:28:03.2346680Z hint: is subject to change. To configure the initial branch name to use in all
2025-01-14T12:28:03.2349430Z hint: of your new repositories, which will suppress this warning, call:
2025-01-14T12:28:03.2351450Z hint:
2025-01-14T12:28:03.2352910Z hint: 	git config --global init.defaultBranch <name>
2025-01-14T12:28:03.2354630Z hint:
2025-01-14T12:28:03.2356350Z hint: Names commonly chosen instead of 'master' are 'main', 'trunk' and
2025-01-14T12:28:03.2357560Z hint: 'development'. The just-created branch can be renamed via this command:
2025-01-14T12:28:03.2358450Z hint:
2025-01-14T12:28:03.2358940Z hint: 	git branch -m <name>
2025-01-14T12:28:03.2360000Z Initialized empty Git repository in /Users/runner/work/tardis/tardis/tardis-regression-data/.git/
2025-01-14T12:28:03.2363440Z [command]/opt/homebrew/bin/git remote add origin https://github.com/tardis-sn/tardis-regression-data
2025-01-14T12:28:03.2422870Z ##[endgroup]
2025-01-14T12:28:03.2423890Z ##[group]Disabling automatic garbage collection
2025-01-14T12:28:03.2425280Z [command]/opt/homebrew/bin/git config --local gc.auto 0
2025-01-14T12:28:03.2474710Z ##[endgroup]
2025-01-14T12:28:03.2475880Z ##[group]Setting up auth
2025-01-14T12:28:03.2482730Z [command]/opt/homebrew/bin/git config --local --name-only --get-regexp core\.sshCommand
2025-01-14T12:28:03.2529670Z [command]/opt/homebrew/bin/git submodule foreach --recursive sh -c "git config --local --name-only --get-regexp 'core\.sshCommand' && git config --local --unset-all 'core.sshCommand' || :"
2025-01-14T12:28:03.3841950Z [command]/opt/homebrew/bin/git config --local --name-only --get-regexp http\.https\:\/\/github\.com\/\.extraheader
2025-01-14T12:28:03.4188410Z [command]/opt/homebrew/bin/git submodule foreach --recursive sh -c "git config --local --name-only --get-regexp 'http\.https\:\/\/github\.com\/\.extraheader' && git config --local --unset-all 'http.https://github.com/.extraheader' || :"
2025-01-14T12:28:03.5093040Z [command]/opt/homebrew/bin/git config --local http.https://github.com/.extraheader AUTHORIZATION: basic ***
2025-01-14T12:28:03.5212870Z ##[endgroup]
2025-01-14T12:28:03.5226470Z ##[group]Determining the default branch
2025-01-14T12:28:03.5231560Z Retrieving the default branch name
2025-01-14T12:28:03.8871840Z Default branch 'main'
2025-01-14T12:28:03.8875830Z ##[endgroup]
2025-01-14T12:28:03.8919820Z ##[group]Fetching the repository
2025-01-14T12:28:03.8923710Z [command]/opt/homebrew/bin/git -c protocol.version=2 fetch --no-tags --prune --no-recurse-submodules --depth=1 origin +refs/heads/main:refs/remotes/origin/main
2025-01-14T12:28:04.8515200Z From https://github.com/tardis-sn/tardis-regression-data
2025-01-14T12:28:04.8617020Z  * [new branch]      main       -> origin/main
2025-01-14T12:28:04.8919650Z ##[endgroup]
2025-01-14T12:28:04.9019990Z ##[group]Determining the checkout info
2025-01-14T12:28:04.9120650Z ##[endgroup]
2025-01-14T12:28:04.9221450Z [command]/opt/homebrew/bin/git sparse-checkout disable
2025-01-14T12:28:04.9362970Z [command]/opt/homebrew/bin/git config --local --unset-all extensions.worktreeConfig
2025-01-14T12:28:04.9476790Z ##[group]Checking out the ref
2025-01-14T12:28:04.9591240Z [command]/opt/homebrew/bin/git checkout --progress --force -B main refs/remotes/origin/main
2025-01-14T12:28:05.0893460Z Switched to a new branch 'main'
2025-01-14T12:28:05.0895780Z branch 'main' set up to track 'origin/main'.
2025-01-14T12:28:05.1519110Z ##[endgroup]
2025-01-14T12:28:05.1573550Z [command]/opt/homebrew/bin/git log -1 --format=%H
2025-01-14T12:28:05.1611650Z fa7729bc9c30e14b69acd641af8b692b56fcd416
2025-01-14T12:28:05.1691340Z ##[group]Run git lfs ls-files -l | cut -d' ' -f1 | sort > .lfs-assets-id
2025-01-14T12:28:05.1691720Z [36;1mgit lfs ls-files -l | cut -d' ' -f1 | sort > .lfs-assets-id[0m
2025-01-14T12:28:05.1749700Z shell: /bin/bash --noprofile --norc -e -o pipefail {0}
2025-01-14T12:28:05.1749980Z env:
2025-01-14T12:28:05.1750130Z   CACHE_NUMBER: 0
2025-01-14T12:28:05.1750610Z   PYTEST_FLAGS: --tardis-regression-data=/Users/runner/work/tardis/tardis/tardis-regression-data --cov=tardis --cov-report=xml --cov-report=html --cov-append
2025-01-14T12:28:05.1751120Z   CODECOV_TOKEN: 
2025-01-14T12:28:05.1751240Z ##[endgroup]
2025-01-14T12:28:05.4875230Z ##[group]Run actions/cache/restore@v4
2025-01-14T12:28:05.4875470Z with:
2025-01-14T12:28:05.4875620Z   path: tardis-regression-data/.git/lfs
2025-01-14T12:28:05.4875970Z   key: macOS-lfs-21f9fa4b6817cc69b9fae3598144724da7828e276a73bd17f47a2a49d9af090a-v1
2025-01-14T12:28:05.4876300Z   enableCrossOsArchive: false
2025-01-14T12:28:05.4876480Z   fail-on-cache-miss: false
2025-01-14T12:28:05.4876650Z   lookup-only: false
2025-01-14T12:28:05.4876790Z env:
2025-01-14T12:28:05.4876920Z   CACHE_NUMBER: 0
2025-01-14T12:28:05.4877670Z   PYTEST_FLAGS: --tardis-regression-data=/Users/runner/work/tardis/tardis/tardis-regression-data --cov=tardis --cov-report=xml --cov-report=html --cov-append
2025-01-14T12:28:05.4878190Z   CODECOV_TOKEN: 
2025-01-14T12:28:05.4878330Z ##[endgroup]
2025-01-14T12:28:07.0623700Z Received 37748736 of 1706796060 (2.2%), 35.7 MBs/sec
2025-01-14T12:28:08.0324760Z Received 134217728 of 1706796060 (7.9%), 63.1 MBs/sec
2025-01-14T12:28:09.0404320Z Received 213909504 of 1706796060 (12.5%), 67.3 MBs/sec
2025-01-14T12:28:10.0382500Z Received 293601280 of 1706796060 (17.2%), 69.4 MBs/sec
2025-01-14T12:28:11.0389700Z Received 360710144 of 1706796060 (21.1%), 68.3 MBs/sec
2025-01-14T12:28:12.0391040Z Received 457179136 of 1706796060 (26.8%), 72.2 MBs/sec
2025-01-14T12:28:13.0402080Z Received 566231040 of 1706796060 (33.2%), 76.7 MBs/sec
2025-01-14T12:28:14.0404110Z Received 654311424 of 1706796060 (38.3%), 77.7 MBs/sec
2025-01-14T12:28:15.0400430Z Received 738197504 of 1706796060 (43.3%), 77.9 MBs/sec
2025-01-14T12:28:16.0406230Z Received 822083584 of 1706796060 (48.2%), 78.1 MBs/sec
2025-01-14T12:28:17.0403310Z Received 914358272 of 1706796060 (53.6%), 79.0 MBs/sec
2025-01-14T12:28:18.0403200Z Received 994050048 of 1706796060 (58.2%), 78.8 MBs/sec
2025-01-14T12:28:19.0402880Z Received 1086324736 of 1706796060 (63.6%), 79.5 MBs/sec
2025-01-14T12:28:20.0400980Z Received 1170210816 of 1706796060 (68.6%), 79.5 MBs/sec
2025-01-14T12:28:21.0445080Z Received 1258291200 of 1706796060 (73.7%), 79.8 MBs/sec
2025-01-14T12:28:22.0447270Z Received 1321205760 of 1706796060 (77.4%), 78.5 MBs/sec
2025-01-14T12:28:23.0454030Z Received 1400897536 of 1706796060 (82.1%), 78.4 MBs/sec
2025-01-14T12:28:24.0455720Z Received 1501560832 of 1706796060 (88.0%), 79.4 MBs/sec
2025-01-14T12:28:25.0479070Z Received 1593835520 of 1706796060 (93.4%), 79.8 MBs/sec
2025-01-14T12:28:26.0530710Z Received 1694498816 of 1706796060 (99.3%), 80.6 MBs/sec
2025-01-14T12:28:27.0443920Z Cache Size: ~1628 MB (1706796060 B)
2025-01-14T12:28:27.0480710Z Received 1706796060 of 1706796060 (100.0%), 77.4 MBs/sec
2025-01-14T12:28:27.0543000Z [command]/opt/homebrew/bin/gtar -xf /Users/runner/work/_temp/fe7d03f9-7e49-4d7c-8d4b-0fe7091a168a/cache.tzst -P -C /Users/runner/work/tardis/tardis --delay-directory-restore --use-compress-program unzstd
2025-01-14T12:28:34.3923610Z Cache restored successfully
2025-01-14T12:28:34.5074340Z Cache restored from key: macOS-lfs-21f9fa4b6817cc69b9fae3598144724da7828e276a73bd17f47a2a49d9af090a-v1
2025-01-14T12:28:34.5317160Z ##[group]Run git lfs checkout
2025-01-14T12:28:34.5317470Z [36;1mgit lfs checkout[0m
2025-01-14T12:28:34.5445880Z shell: /bin/bash --noprofile --norc -e -o pipefail {0}
2025-01-14T12:28:34.5446210Z env:
2025-01-14T12:28:34.5446460Z   CACHE_NUMBER: 0
2025-01-14T12:28:34.5447000Z   PYTEST_FLAGS: --tardis-regression-data=/Users/runner/work/tardis/tardis/tardis-regression-data --cov=tardis --cov-report=xml --cov-report=html --cov-append
2025-01-14T12:28:34.5447610Z   CODECOV_TOKEN: 
2025-01-14T12:28:34.5447830Z ##[endgroup]
2025-01-14T12:28:42.6874430Z Checking out LFS objects: 100% (204/204), 3.5 GB | 338 MB/s, done.
2025-01-14T12:28:50.3735330Z Prepare all required actions
2025-01-14T12:28:50.3735860Z Getting action download info
2025-01-14T12:28:50.5093050Z Download action repository 'mamba-org/setup-micromamba@v1' (SHA:4b9113af4fba0e9e1124b252dd6497a419e7396d)
2025-01-14T12:28:51.6909960Z ##[group]Run ./.github/actions/setup_env
2025-01-14T12:28:51.6910240Z with:
2025-01-14T12:28:51.6910440Z   os-label: osx-arm64
2025-01-14T12:28:51.6910720Z env:
2025-01-14T12:28:51.6910830Z   CACHE_NUMBER: 0
2025-01-14T12:28:51.6911390Z   PYTEST_FLAGS: --tardis-regression-data=/Users/runner/work/tardis/tardis/tardis-regression-data --cov=tardis --cov-report=xml --cov-report=html --cov-append
2025-01-14T12:28:51.6911940Z   CODECOV_TOKEN: 
2025-01-14T12:28:51.6912120Z ##[endgroup]
2025-01-14T12:28:51.6937170Z ##[group]Run file_hash=$(cat conda-osx-arm64.lock | shasum -a 256 | cut -d' ' -f1)
2025-01-14T12:28:51.6937630Z [36;1mfile_hash=$(cat conda-osx-arm64.lock | shasum -a 256 | cut -d' ' -f1)[0m
2025-01-14T12:28:51.6938000Z [36;1mecho "file_hash=$file_hash" >> "${GITHUB_OUTPUT}"[0m
2025-01-14T12:28:51.6991350Z shell: /bin/bash --noprofile --norc -e -o pipefail {0}
2025-01-14T12:28:51.6991600Z env:
2025-01-14T12:28:51.6991730Z   CACHE_NUMBER: 0
2025-01-14T12:28:51.6993030Z   PYTEST_FLAGS: --tardis-regression-data=/Users/runner/work/tardis/tardis/tardis-regression-data --cov=tardis --cov-report=xml --cov-report=html --cov-append
2025-01-14T12:28:51.6993520Z   CODECOV_TOKEN: 
2025-01-14T12:28:51.6993670Z ##[endgroup]
2025-01-14T12:28:51.8248890Z ##[group]Run mamba-org/setup-micromamba@v1
2025-01-14T12:28:51.8249310Z with:
2025-01-14T12:28:51.8249460Z   environment-file: conda-osx-arm64.lock
2025-01-14T12:28:51.8249790Z   cache-environment-key: bf0d0a4d4c847cca72476c6c68c493d56c484aada7e80de0e42c7607fcef5824
2025-01-14T12:28:51.8250240Z   cache-downloads-key: bf0d0a4d4c847cca72476c6c68c493d56c484aada7e80de0e42c7607fcef5824
2025-01-14T12:28:51.8250550Z   environment-name: tardis
2025-01-14T12:28:51.8250730Z   cache-environment: true
2025-01-14T12:28:51.8250930Z   cache-downloads: true
2025-01-14T12:28:51.8251080Z env:
2025-01-14T12:28:51.8251210Z   CACHE_NUMBER: 0
2025-01-14T12:28:51.8251650Z   PYTEST_FLAGS: --tardis-regression-data=/Users/runner/work/tardis/tardis/tardis-regression-data --cov=tardis --cov-report=xml --cov-report=html --cov-append
2025-01-14T12:28:51.8252150Z   CODECOV_TOKEN: 
2025-01-14T12:28:51.8252290Z ##[endgroup]
2025-01-14T12:28:52.1064870Z Will download micromamba to /Users/runner/micromamba-bin/micromamba
2025-01-14T12:28:52.1066340Z ##[group]Install micromamba
2025-01-14T12:28:52.8669970Z micromamba installed to /Users/runner/micromamba-bin/micromamba
2025-01-14T12:28:52.8670490Z ##[endgroup]
2025-01-14T12:28:52.8670850Z Adding conda-forge to condarc channels ...
2025-01-14T12:28:52.8681540Z ##[group]Initialize micromamba for bash.
2025-01-14T12:28:52.8690580Z [command]/Users/runner/micromamba-bin/micromamba shell init -s bash -r /Users/runner/micromamba --log-level warning --rc-file /Users/runner/work/_temp/setup-micromamba/.condarc
2025-01-14T12:28:52.8879850Z Modifying RC file "/Users/runner/.bash_profile"
2025-01-14T12:28:52.8881000Z Generating config for root prefix [1m"/Users/runner/micromamba"[0m
2025-01-14T12:28:52.8881690Z Setting mamba executable to: [1m"/Users/runner/micromamba-bin/micromamba"[0m
2025-01-14T12:28:52.8882090Z Adding (or replacing) the following in your "/Users/runner/.bash_profile" file
2025-01-14T12:28:52.8882320Z 
2025-01-14T12:28:52.8882390Z # >>> mamba initialize >>>
2025-01-14T12:28:52.8882630Z # !! Contents within this block are managed by 'mamba init' !!
2025-01-14T12:28:52.8882940Z export MAMBA_EXE='/Users/runner/micromamba-bin/micromamba';
2025-01-14T12:28:52.8883280Z export MAMBA_ROOT_PREFIX='/Users/runner/micromamba';
2025-01-14T12:28:52.8883670Z __mamba_setup="$("$MAMBA_EXE" shell hook --shell bash --root-prefix "$MAMBA_ROOT_PREFIX" 2> /dev/null)"
2025-01-14T12:28:52.8884140Z if [ $? -eq 0 ]; then
2025-01-14T12:28:52.8884450Z     eval "$__mamba_setup"
2025-01-14T12:28:52.8885220Z else
2025-01-14T12:28:52.8885450Z     alias micromamba="$MAMBA_EXE"  # Fallback on help from mamba activate
2025-01-14T12:28:52.8886130Z fi
2025-01-14T12:28:52.8886390Z unset __mamba_setup
2025-01-14T12:28:52.8886840Z # <<< mamba initialize <<<
2025-01-14T12:28:52.8886940Z 
2025-01-14T12:28:52.8887540Z ##[endgroup]
2025-01-14T12:28:52.8888160Z ##[group]Restoring downloads from `/Users/runner/micromamba/pkgs` ...
2025-01-14T12:28:54.2661200Z Received 46137344 of 310595873 (14.9%), 44.0 MBs/sec
2025-01-14T12:28:55.2666420Z Received 117440512 of 310595873 (37.8%), 55.9 MBs/sec
2025-01-14T12:28:56.2752270Z Received 192937984 of 310595873 (62.1%), 61.3 MBs/sec
2025-01-14T12:28:57.2670450Z Received 264241152 of 310595873 (85.1%), 63.0 MBs/sec
2025-01-14T12:28:57.6750010Z Cache Size: ~296 MB (310595873 B)
2025-01-14T12:28:57.6842050Z [command]/opt/homebrew/bin/gtar -xf /Users/runner/work/_temp/29b32e0f-3fd6-445f-9e7b-afe0dd3891b8/cache.tzst -P -C /Users/runner/work/tardis/tardis --delay-directory-restore --use-compress-program unzstd
2025-01-14T12:28:58.1855590Z Cache restored successfully
2025-01-14T12:28:58.1889010Z Restored cache with key `bf0d0a4d4c847cca72476c6c68c493d56c484aada7e80de0e42c7607fcef5824-osx-arm64`
2025-01-14T12:28:58.1896250Z ##[endgroup]
2025-01-14T12:28:58.1915840Z ##[group]Restoring environment `tardis` from `/Users/runner/micromamba/envs/tardis` ...
2025-01-14T12:28:58.2741550Z Received 310595873 of 310595873 (100.0%), 59.1 MBs/sec
2025-01-14T12:28:59.5478460Z Received 46137344 of 385775710 (12.0%), 44.0 MBs/sec
2025-01-14T12:29:00.5484400Z Received 109051904 of 385775710 (28.3%), 52.0 MBs/sec
2025-01-14T12:29:01.5481750Z Received 180355072 of 385775710 (46.8%), 57.3 MBs/sec
2025-01-14T12:29:02.5558920Z Received 251658240 of 385775710 (65.2%), 60.0 MBs/sec
2025-01-14T12:29:03.5490260Z Received 348127232 of 385775710 (90.2%), 66.4 MBs/sec
2025-01-14T12:29:03.8617920Z Cache Size: ~368 MB (385775710 B)
2025-01-14T12:29:03.8646210Z [command]/opt/homebrew/bin/gtar -xf /Users/runner/work/_temp/9f82e77a-5823-4275-b635-3cfe03b33d85/cache.tzst -P -C /Users/runner/work/tardis/tardis --delay-directory-restore --use-compress-program unzstd
2025-01-14T12:29:04.5562390Z Received 385775710 of 385775710 (100.0%), 61.2 MBs/sec
2025-01-14T12:29:15.7214520Z Cache restored successfully
2025-01-14T12:29:15.7779030Z Restored cache with key `bf0d0a4d4c847cca72476c6c68c493d56c484aada7e80de0e42c7607fcef5824-osx-arm64-tardis-args-4f53cda-root-873f6fe-bin-[object Promise]-file-bf0d0a4d4c847cca72476c6c68c493d56c484aada7e80de0e42c7607fcef5824`
2025-01-14T12:29:15.7781180Z ##[endgroup]
2025-01-14T12:29:15.7781450Z Adding environment tardis to auto-activate bash ...
2025-01-14T12:29:15.7789730Z Generating micromamba run shell.
2025-01-14T12:29:15.7797640Z ##[endgroup]
2025-01-14T12:29:15.7804720Z Set environment variables.
2025-01-14T12:29:15.7819000Z ##[group]micromamba info
2025-01-14T12:29:15.7822210Z [command]/Users/runner/micromamba-bin/micromamba info -r /Users/runner/micromamba -n tardis
2025-01-14T12:29:16.2008710Z 
2025-01-14T12:29:16.2010780Z        libmamba version : 1.5.10
2025-01-14T12:29:16.2011440Z      micromamba version : 1.5.10
2025-01-14T12:29:16.2011960Z            curl version : libcurl/8.10.1 (OpenSSL/3.3.2) SecureTransport zlib/1.3.1 zstd/1.5.6 libssh2/1.11.0 nghttp2/1.58.0
2025-01-14T12:29:16.2012710Z      libarchive version : libarchive 3.7.4 zlib/1.2.13 bz2lib/1.0.8 libzstd/1.5.6
2025-01-14T12:29:16.2013260Z        envs directories : /Users/runner/micromamba/envs
2025-01-14T12:29:16.2013640Z           package cache : /Users/runner/micromamba/pkgs
2025-01-14T12:29:16.2014050Z                           /Users/runner/.mamba/pkgs
2025-01-14T12:29:16.2014390Z             environment : tardis
2025-01-14T12:29:16.2014850Z            env location : /Users/runner/micromamba/envs/tardis
2025-01-14T12:29:16.2015510Z       user config files : /Users/runner/.mambarc
2025-01-14T12:29:16.2022190Z  populated config files : /Users/runner/work/_temp/setup-micromamba/.condarc
2025-01-14T12:29:16.2026290Z        virtual packages : __unix=0=0
2025-01-14T12:29:16.2026700Z                           __osx=14.7.2=0
2025-01-14T12:29:16.2027030Z                           __archspec=1=arm64
2025-01-14T12:29:16.2028410Z                channels : https://conda.anaconda.org/conda-forge/osx-arm64
2025-01-14T12:29:16.2029000Z                           https://conda.anaconda.org/conda-forge/noarch
2025-01-14T12:29:16.2029380Z        base environment : /Users/runner/micromamba
2025-01-14T12:29:16.2029680Z                platform : osx-arm64
2025-01-14T12:29:16.2030190Z ##[endgroup]
2025-01-14T12:29:16.2030710Z ##[group]micromamba list
2025-01-14T12:29:16.2031320Z [command]/Users/runner/micromamba-bin/micromamba list -r /Users/runner/micromamba -n tardis
2025-01-14T12:29:16.5174040Z List of packages in environment: "/Users/runner/micromamba/envs/tardis"
2025-01-14T12:29:16.5174530Z 
2025-01-14T12:29:16.5174910Z   Name                           Version              Build                    Channel    
2025-01-14T12:29:16.5184770Z â”€â”€â”€â”€â”€â”€â”€â”€â”€â”€â”€â”€â”€â”€â”€â”€â”€â”€â”€â”€â”€â”€â”€â”€â”€â”€â”€â”€â”€â”€â”€â”€â”€â”€â”€â”€â”€â”€â”€â”€â”€â”€â”€â”€â”€â”€â”€â”€â”€â”€â”€â”€â”€â”€â”€â”€â”€â”€â”€â”€â”€â”€â”€â”€â”€â”€â”€â”€â”€â”€â”€â”€â”€â”€â”€â”€â”€â”€â”€â”€â”€â”€â”€â”€â”€â”€â”€â”€â”€â”€â”€â”€
2025-01-14T12:29:16.5185410Z   alabaster                      0.7.16               pyhd8ed1ab_0             conda-forge
2025-01-14T12:29:16.5190150Z   anyio                          4.4.0                pyhd8ed1ab_0             conda-forge
2025-01-14T12:29:16.5190600Z   appnope                        0.1.4                pyhd8ed1ab_0             conda-forge
2025-01-14T12:29:16.5191020Z   argon2-cffi                    23.1.0               pyhd8ed1ab_0             conda-forge
2025-01-14T12:29:16.5191590Z   argon2-cffi-bindings           21.2.0               py312h02f2b3b_4          conda-forge
2025-01-14T12:29:16.5192330Z   arrow                          1.3.0                pyhd8ed1ab_0             conda-forge
2025-01-14T12:29:16.5192890Z   astropy                        6.1.1                py312hbebd99a_0          conda-forge
2025-01-14T12:29:16.5193350Z   astropy-iers-data              0.2024.6.17.0.31.35  pyhd8ed1ab_0             conda-forge
2025-01-14T12:29:16.5193850Z   astropy-sphinx-theme           1.1                  pyhd8ed1ab_0             conda-forge
2025-01-14T12:29:16.5194270Z   asttokens                      2.4.1                pyhd8ed1ab_0             conda-forge
2025-01-14T12:29:16.5194750Z   async-lru                      2.0.4                pyhd8ed1ab_0             conda-forge
2025-01-14T12:29:16.5195200Z   atk-1.0                        2.38.0               hd03087b_2               conda-forge
2025-01-14T12:29:16.5195580Z   attrs                          23.2.0               pyh71513ae_0             conda-forge
2025-01-14T12:29:16.5196030Z   babel                          2.14.0               pyhd8ed1ab_0             conda-forge
2025-01-14T12:29:16.5196460Z   beautifulsoup4                 4.12.3               pyha770c72_0             conda-forge
2025-01-14T12:29:16.5197050Z   bleach                         6.1.0                pyhd8ed1ab_0             conda-forge
2025-01-14T12:29:16.5197540Z   blosc                          1.21.5               h9c252e8_1               conda-forge
2025-01-14T12:29:16.5197950Z   brotli                         1.1.0                hb547adb_1               conda-forge
2025-01-14T12:29:16.5198430Z   brotli-bin                     1.1.0                hb547adb_1               conda-forge
2025-01-14T12:29:16.5198840Z   brotli-python                  1.1.0                py312h9f69965_1          conda-forge
2025-01-14T12:29:16.5199360Z   bzip2                          1.0.8                h93a5062_5               conda-forge
2025-01-14T12:29:16.5199760Z   c-ares                         1.28.1               h93a5062_0               conda-forge
2025-01-14T12:29:16.5200200Z   c-blosc2                       2.14.4               ha57e6be_1               conda-forge
2025-01-14T12:29:16.5200610Z   ca-certificates                2024.6.2             hf0a4a13_0               conda-forge
2025-01-14T12:29:16.5203360Z   cached-property                1.5.2                hd8ed1ab_1               conda-forge
2025-01-14T12:29:16.5203810Z   cached_property                1.5.2                pyha770c72_1             conda-forge
2025-01-14T12:29:16.5204210Z   cairo                          1.18.0               hd1e100b_0               conda-forge
2025-01-14T12:29:16.5204540Z   certifi                        2024.6.2             pyhd8ed1ab_0             conda-forge
2025-01-14T12:29:16.5204920Z   cffi                           1.16.0               py312h8e38eb3_0          conda-forge
2025-01-14T12:29:16.5205320Z   charset-normalizer             3.3.2                pyhd8ed1ab_0             conda-forge
2025-01-14T12:29:16.5205670Z   click                          8.1.7                unix_pyh707e725_0        conda-forge
2025-01-14T12:29:16.5206090Z   codespell                      2.3.0                pyhd8ed1ab_0             conda-forge
2025-01-14T12:29:16.5206450Z   colorama                       0.4.6                pyhd8ed1ab_0             conda-forge
2025-01-14T12:29:16.5206910Z   comm                           0.2.2                pyhd8ed1ab_0             conda-forge
2025-01-14T12:29:16.5207260Z   commonmark                     0.9.1                py_0                     conda-forge
2025-01-14T12:29:16.5207850Z   contourpy                      1.2.1                py312h0fef576_0          conda-forge
2025-01-14T12:29:16.5208220Z   coverage                       7.5.3                py312h7e5086c_0          conda-forge
2025-01-14T12:29:16.5208640Z   cycler                         0.12.1               pyhd8ed1ab_0             conda-forge
2025-01-14T12:29:16.5208990Z   dataclasses                    0.8                  pyhc8e2a94_3             conda-forge
2025-01-14T12:29:16.5209460Z   debugpy                        1.8.1                py312h20a0b95_0          conda-forge
2025-01-14T12:29:16.5209880Z   decorator                      5.1.1                pyhd8ed1ab_0             conda-forge
2025-01-14T12:29:16.5210400Z   defusedxml                     0.7.1                pyhd8ed1ab_0             conda-forge
2025-01-14T12:29:16.5210850Z   docutils                       0.20.1               py312h81bd7bf_3          conda-forge
2025-01-14T12:29:16.5211350Z   dot2tex                        2.11.3               pyhd8ed1ab_0             conda-forge
2025-01-14T12:29:16.5211910Z   entrypoints                    0.4                  pyhd8ed1ab_0             conda-forge
2025-01-14T12:29:16.5212390Z   exceptiongroup                 1.2.0                pyhd8ed1ab_2             conda-forge
2025-01-14T12:29:16.5212850Z   executing                      2.0.1                pyhd8ed1ab_0             conda-forge
2025-01-14T12:29:16.5213220Z   expat                          2.6.2                hebf3989_0               conda-forge
2025-01-14T12:29:16.5214110Z   font-ttf-dejavu-sans-mono      2.37                 hab24e00_0               conda-forge
2025-01-14T12:29:16.5214550Z   font-ttf-inconsolata           3.000                h77eed37_0               conda-forge
2025-01-14T12:29:16.5215000Z   font-ttf-source-code-pro       2.038                h77eed37_0               conda-forge
2025-01-14T12:29:16.5215430Z   font-ttf-ubuntu                0.83                 h77eed37_2               conda-forge
2025-01-14T12:29:16.5215830Z   fontconfig                     2.14.2               h82840c6_0               conda-forge
2025-01-14T12:29:16.5216220Z   fonts-conda-ecosystem          1                    0                        conda-forge
2025-01-14T12:29:16.5216660Z   fonts-conda-forge              1                    0                        conda-forge
2025-01-14T12:29:16.5217020Z   fonttools                      4.53.0               py312h7e5086c_0          conda-forge
2025-01-14T12:29:16.5217430Z   fqdn                           1.5.1                pyhd8ed1ab_0             conda-forge
2025-01-14T12:29:16.5217870Z   freetype                       2.12.1               hadb7bae_2               conda-forge
2025-01-14T12:29:16.5218230Z   fribidi                        1.0.10               h27ca646_0               conda-forge
2025-01-14T12:29:16.5218890Z   future                         1.0.0                pyhd8ed1ab_0             conda-forge
2025-01-14T12:29:16.5219310Z   gdk-pixbuf                     2.42.12              h7ddc832_0               conda-forge
2025-01-14T12:29:16.5219760Z   gettext                        0.22.5               h8fbad5d_2               conda-forge
2025-01-14T12:29:16.5220250Z   gettext-tools                  0.22.5               h8fbad5d_2               conda-forge
2025-01-14T12:29:16.5220880Z   giflib                         5.2.2                h93a5062_0               conda-forge
2025-01-14T12:29:16.5221200Z   git-lfs                        3.5.1                hce30654_0               conda-forge
2025-01-14T12:29:16.5221600Z   gmp                            6.3.0                hebf3989_1               conda-forge
2025-01-14T12:29:16.5221980Z   gmpy2                          2.1.5                py312hfa9fade_1          conda-forge
2025-01-14T12:29:16.5222300Z   graphite2                      1.3.13               hebf3989_1003            conda-forge
2025-01-14T12:29:16.5222680Z   graphviz                       11.0.0               h9bb9bc9_0               conda-forge
2025-01-14T12:29:16.5222950Z   gtk2                           2.24.33              h7895bb2_4               conda-forge
2025-01-14T12:29:16.5223760Z   gts                            0.7.6                he42f4ea_4               conda-forge
2025-01-14T12:29:16.5224130Z   h11                            0.14.0               pyhd8ed1ab_0             conda-forge
2025-01-14T12:29:16.5224490Z   h2                             4.1.0                pyhd8ed1ab_0             conda-forge
2025-01-14T12:29:16.5224790Z   h5py                           3.11.0               nompi_py312h903599c_102  conda-forge
2025-01-14T12:29:16.5225200Z   harfbuzz                       8.5.0                h1836168_0               conda-forge
2025-01-14T12:29:16.5225510Z   hdf5                           1.14.3               nompi_hec07895_105       conda-forge
2025-01-14T12:29:16.5225870Z   hpack                          4.0.0                pyh9f0ad1d_0             conda-forge
2025-01-14T12:29:16.5226370Z   httpcore                       1.0.5                pyhd8ed1ab_0             conda-forge
2025-01-14T12:29:16.5226770Z   httpx                          0.27.0               pyhd8ed1ab_0             conda-forge
2025-01-14T12:29:16.5227140Z   hyperframe                     6.0.1                pyhd8ed1ab_0             conda-forge
2025-01-14T12:29:16.5227510Z   icu                            73.2                 hc8870d7_0               conda-forge
2025-01-14T12:29:16.5227840Z   idna                           3.7                  pyhd8ed1ab_0             conda-forge
2025-01-14T12:29:16.5228210Z   imagesize                      1.4.1                pyhd8ed1ab_0             conda-forge
2025-01-14T12:29:16.5228590Z   importlib-metadata             7.1.0                pyha770c72_0             conda-forge
2025-01-14T12:29:16.5229030Z   importlib_metadata             7.1.0                hd8ed1ab_0               conda-forge
2025-01-14T12:29:16.5229450Z   importlib_resources            6.4.0                pyhd8ed1ab_0             conda-forge
2025-01-14T12:29:16.5229820Z   iniconfig                      2.0.0                pyhd8ed1ab_0             conda-forge
2025-01-14T12:29:16.5230210Z   ipykernel                      6.29.4               pyh57ce528_0             conda-forge
2025-01-14T12:29:16.5230540Z   ipython                        8.25.0               pyh707e725_0             conda-forge
2025-01-14T12:29:16.5230970Z   ipython_genutils               0.2.0                pyhd8ed1ab_1             conda-forge
2025-01-14T12:29:16.5231330Z   ipywidgets                     7.8.0                pyhd8ed1ab_0             conda-forge
2025-01-14T12:29:16.5231740Z   isoduration                    20.11.0              pyhd8ed1ab_0             conda-forge
2025-01-14T12:29:16.5232090Z   jedi                           0.19.1               pyhd8ed1ab_0             conda-forge
2025-01-14T12:29:16.5232790Z   jinja2                         3.1.4                pyhd8ed1ab_0             conda-forge
2025-01-14T12:29:16.5233130Z   json5                          0.9.25               pyhd8ed1ab_0             conda-forge
2025-01-14T12:29:16.5233540Z   jsonpointer                    3.0.0                py312h81bd7bf_0          conda-forge
2025-01-14T12:29:16.5233890Z   jsonschema                     4.22.0               pyhd8ed1ab_0             conda-forge
2025-01-14T12:29:16.5234330Z   jsonschema-specifications      2023.12.1            pyhd8ed1ab_0             conda-forge
2025-01-14T12:29:16.5234840Z   jsonschema-with-format-nongpl  4.22.0               pyhd8ed1ab_0             conda-forge
2025-01-14T12:29:16.5235220Z   jupyter-lsp                    2.2.5                pyhd8ed1ab_0             conda-forge
2025-01-14T12:29:16.5235600Z   jupyter_client                 8.6.2                pyhd8ed1ab_0             conda-forge
2025-01-14T12:29:16.5235970Z   jupyter_core                   5.7.2                py312h81bd7bf_0          conda-forge
2025-01-14T12:29:16.5236360Z   jupyter_events                 0.10.0               pyhd8ed1ab_0             conda-forge
2025-01-14T12:29:16.5236720Z   jupyter_server                 2.14.1               pyhd8ed1ab_0             conda-forge
2025-01-14T12:29:16.5237290Z   jupyter_server_terminals       0.5.3                pyhd8ed1ab_0             conda-forge
2025-01-14T12:29:16.5237690Z   jupyterlab                     4.2.2                pyhd8ed1ab_0             conda-forge
2025-01-14T12:29:16.5238100Z   jupyterlab_pygments            0.3.0                pyhd8ed1ab_1             conda-forge
2025-01-14T12:29:16.5240410Z   jupyterlab_server              2.27.2               pyhd8ed1ab_0             conda-forge
2025-01-14T12:29:16.5240980Z   jupyterlab_widgets             1.1.7                pyhd8ed1ab_0             conda-forge
2025-01-14T12:29:16.5241400Z   kiwisolver                     1.4.5                py312h389731b_1          conda-forge
2025-01-14T12:29:16.5241900Z   krb5                           1.21.2               h92f50d5_0               conda-forge
2025-01-14T12:29:16.5242300Z   latexcodec                     2.0.1                pyh9f0ad1d_0             conda-forge
2025-01-14T12:29:16.5242830Z   lcms2                          2.16                 ha0e7c42_0               conda-forge
2025-01-14T12:29:16.5243270Z   lerc                           4.0.0                h9a09cb3_0               conda-forge
2025-01-14T12:29:16.5243720Z   libaec                         1.1.3                hebf3989_0               conda-forge
2025-01-14T12:29:16.5244080Z   libasprintf                    0.22.5               h8fbad5d_2               conda-forge
2025-01-14T12:29:16.5244680Z   libasprintf-devel              0.22.5               h8fbad5d_2               conda-forge
2025-01-14T12:29:16.5247580Z   libblas                        3.9.0                22_osxarm64_openblas     conda-forge
2025-01-14T12:29:16.5248210Z   libbrotlicommon                1.1.0                hb547adb_1               conda-forge
2025-01-14T12:29:16.5248680Z   libbrotlidec                   1.1.0                hb547adb_1               conda-forge
2025-01-14T12:29:16.5249290Z   libbrotlienc                   1.1.0                hb547adb_1               conda-forge
2025-01-14T12:29:16.5249680Z   libcblas                       3.9.0                22_osxarm64_openblas     conda-forge
2025-01-14T12:29:16.5266230Z   libcurl                        8.8.0                h7b6f9a7_0               conda-forge
2025-01-14T12:29:16.5266670Z   libcxx                         17.0.6               h5f092b4_0               conda-forge
2025-01-14T12:29:16.5267090Z   libdeflate                     1.20                 h93a5062_0               conda-forge
2025-01-14T12:29:16.5267440Z   libedit                        3.1.20191231         hc8eb9b7_2               conda-forge
2025-01-14T12:29:16.5267870Z   libev                          4.33                 h93a5062_2               conda-forge
2025-01-14T12:29:16.5268500Z   libexpat                       2.6.2                hebf3989_0               conda-forge
2025-01-14T12:29:16.5268840Z   libffi                         3.4.2                h3422bc3_5               conda-forge
2025-01-14T12:29:16.5269180Z   libgd                          2.3.3                hfdf3952_9               conda-forge
2025-01-14T12:29:16.5269540Z   libgettextpo                   0.22.5               h8fbad5d_2               conda-forge
2025-01-14T12:29:16.5269870Z   libgettextpo-devel             0.22.5               h8fbad5d_2               conda-forge
2025-01-14T12:29:16.5270260Z   libgfortran                    5.0.0                13_2_0_hd922786_3        conda-forge
2025-01-14T12:29:16.5270610Z   libgfortran5                   13.2.0               hf226fd6_3               conda-forge
2025-01-14T12:29:16.5270940Z   libglib                        2.80.2               h59d46d9_1               conda-forge
2025-01-14T12:29:16.5271270Z   libiconv                       1.17                 h0d3ecfb_2               conda-forge
2025-01-14T12:29:16.5271620Z   libintl                        0.22.5               h8fbad5d_2               conda-forge
2025-01-14T12:29:16.5271960Z   libintl-devel                  0.22.5               h8fbad5d_2               conda-forge
2025-01-14T12:29:16.5272520Z   libjpeg-turbo                  3.0.0                hb547adb_1               conda-forge
2025-01-14T12:29:16.5272890Z   liblapack                      3.9.0                22_osxarm64_openblas     conda-forge
2025-01-14T12:29:16.5273220Z   libllvm14                      14.0.6               hd1a9a77_4               conda-forge
2025-01-14T12:29:16.5273590Z   libnghttp2                     1.58.0               ha4dd798_1               conda-forge
2025-01-14T12:29:16.5273910Z   libopenblas                    0.3.27               openmp_h6c19121_0        conda-forge
2025-01-14T12:29:16.5274200Z   libpng                         1.6.43               h091b4b1_0               conda-forge
2025-01-14T12:29:16.5274500Z   librsvg                        2.58.1               hbc281fb_0               conda-forge
2025-01-14T12:29:16.5274770Z   libsodium                      1.0.18               h27ca646_1               conda-forge
2025-01-14T12:29:16.5275040Z   libsqlite                      3.46.0               hfb93653_0               conda-forge
2025-01-14T12:29:16.5275380Z   libssh2                        1.11.0               h7a5bd25_0               conda-forge
2025-01-14T12:29:16.5275730Z   libtiff                        4.6.0                h07db509_3               conda-forge
2025-01-14T12:29:16.5275990Z   libwebp                        1.4.0                h54798ee_0               conda-forge
2025-01-14T12:29:16.5276340Z   libwebp-base                   1.4.0                h93a5062_0               conda-forge
2025-01-14T12:29:16.5276650Z   libxcb                         1.16                 hf2054a2_0               conda-forge
2025-01-14T12:29:16.5276960Z   libxml2                        2.12.7               ha661575_1               conda-forge
2025-01-14T12:29:16.5277290Z   libxslt                        1.1.39               h223e5b9_0               conda-forge
2025-01-14T12:29:16.5277580Z   libzlib                        1.3.1                hfb2fe0b_1               conda-forge
2025-01-14T12:29:16.5277870Z   llvm-openmp                    18.1.7               hde57baf_0               conda-forge
2025-01-14T12:29:16.5278180Z   llvmlite                       0.42.0               py312h17030e7_1          conda-forge
2025-01-14T12:29:16.5278490Z   lxml                           5.2.2                py312h0e5ab22_0          conda-forge
2025-01-14T12:29:16.5278740Z   lz4-c                          1.9.4                hb7217d7_0               conda-forge
2025-01-14T12:29:16.5279000Z   markupsafe                     2.1.5                py312he37b823_0          conda-forge
2025-01-14T12:29:16.5279290Z   matplotlib-base                3.8.4                py312h4479663_2          conda-forge
2025-01-14T12:29:16.5279730Z   matplotlib-inline              0.1.7                pyhd8ed1ab_0             conda-forge
2025-01-14T12:29:16.5280130Z   mistune                        3.0.2                pyhd8ed1ab_0             conda-forge
2025-01-14T12:29:16.5280400Z   mpc                            1.3.1                h91ba8db_0               conda-forge
2025-01-14T12:29:16.5280640Z   mpfr                           4.2.1                h41d338b_1               conda-forge
2025-01-14T12:29:16.5280900Z   mpmath                         1.3.0                pyhd8ed1ab_0             conda-forge
2025-01-14T12:29:16.5281160Z   munkres                        1.1.4                pyh9f0ad1d_0             conda-forge
2025-01-14T12:29:16.5281440Z   mypy_extensions                1.0.0                pyha770c72_0             conda-forge
2025-01-14T12:29:16.5281730Z   nbclassic                      1.1.0                pyhd8ed1ab_0             conda-forge
2025-01-14T12:29:16.5282000Z   nbclient                       0.10.0               pyhd8ed1ab_0             conda-forge
2025-01-14T12:29:16.5282310Z   nbconvert                      7.16.4               hd8ed1ab_1               conda-forge
2025-01-14T12:29:16.5282610Z   nbconvert-core                 7.16.4               pyhd8ed1ab_1             conda-forge
2025-01-14T12:29:16.5283100Z   nbconvert-pandoc               7.16.4               hd8ed1ab_1               conda-forge
2025-01-14T12:29:16.5283400Z   nbformat                       5.10.4               pyhd8ed1ab_0             conda-forge
2025-01-14T12:29:16.5283670Z   nbsphinx                       0.9.4                pyhd8ed1ab_0             conda-forge
2025-01-14T12:29:16.5283930Z   ncurses                        6.5                  hb89a1cb_0               conda-forge
2025-01-14T12:29:16.5284240Z   nest-asyncio                   1.6.0                pyhd8ed1ab_0             conda-forge
2025-01-14T12:29:16.5284560Z   networkx                       3.3                  pyhd8ed1ab_1             conda-forge
2025-01-14T12:29:16.5284880Z   notebook                       7.2.1                pyhd8ed1ab_0             conda-forge
2025-01-14T12:29:16.5285190Z   notebook-shim                  0.2.4                pyhd8ed1ab_0             conda-forge
2025-01-14T12:29:16.5285510Z   numba                          0.59.1               py312hbaff935_0          conda-forge
2025-01-14T12:29:16.5285820Z   numexpr                        2.10.0               py312h8ae5369_0          conda-forge
2025-01-14T12:29:16.5286150Z   numpy                          1.26.4               py312h8442bc7_0          conda-forge
2025-01-14T12:29:16.5286420Z   numpydoc                       1.7.0                pyhd8ed1ab_1             conda-forge
2025-01-14T12:29:16.5286730Z   openjpeg                       2.5.2                h9f1df11_0               conda-forge
2025-01-14T12:29:16.5287060Z   openssl                        3.3.1                hfb2fe0b_0               conda-forge
2025-01-14T12:29:16.5287340Z   overrides                      7.7.0                pyhd8ed1ab_0             conda-forge
2025-01-14T12:29:16.5287630Z   packaging                      24.1                 pyhd8ed1ab_0             conda-forge
2025-01-14T12:29:16.5287910Z   pandas                         2.2.2                py312h8ae5369_1          conda-forge
2025-01-14T12:29:16.5288170Z   pandoc                         3.2                  hce30654_0               conda-forge
2025-01-14T12:29:16.5288490Z   pandocfilters                  1.5.0                pyhd8ed1ab_0             conda-forge
2025-01-14T12:29:16.5288760Z   pango                          1.54.0               h5cb9fbc_0               conda-forge
2025-01-14T12:29:16.5289020Z   parso                          0.8.4                pyhd8ed1ab_0             conda-forge
2025-01-14T12:29:16.5289290Z   pathspec                       0.12.1               pyhd8ed1ab_0             conda-forge
2025-01-14T12:29:16.5289550Z   pbr                            6.0.0                pyhd8ed1ab_0             conda-forge
2025-01-14T12:29:16.5289940Z   pcre2                          10.44                h297a79d_0               conda-forge
2025-01-14T12:29:16.5290210Z   pexpect                        4.9.0                pyhd8ed1ab_0             conda-forge
2025-01-14T12:29:16.5290480Z   pickleshare                    0.7.5                py_1003                  conda-forge
2025-01-14T12:29:16.5290760Z   pillow                         10.3.0               py312h39b1d8d_1          conda-forge
2025-01-14T12:29:16.5291020Z   pip                            24.0                 pyhd8ed1ab_0             conda-forge
2025-01-14T12:29:16.5291280Z   pixman                         0.43.4               hebf3989_0               conda-forge
2025-01-14T12:29:16.5291570Z   pkgutil-resolve-name           1.3.10               pyhd8ed1ab_1             conda-forge
2025-01-14T12:29:16.5291880Z   platformdirs                   4.2.2                pyhd8ed1ab_0             conda-forge
2025-01-14T12:29:16.5292160Z   plotly                         5.22.0               pyhd8ed1ab_0             conda-forge
2025-01-14T12:29:16.5292420Z   pluggy                         1.5.0                pyhd8ed1ab_0             conda-forge
2025-01-14T12:29:16.5292720Z   prometheus_client              0.20.0               pyhd8ed1ab_0             conda-forge
2025-01-14T12:29:16.5293180Z   prompt-toolkit                 3.0.47               pyha770c72_0             conda-forge
2025-01-14T12:29:16.5293480Z   psutil                         5.9.8                py312he37b823_0          conda-forge
2025-01-14T12:29:16.5293770Z   pthread-stubs                  0.4                  h27ca646_1001            conda-forge
2025-01-14T12:29:16.5294060Z   ptyprocess                     0.7.0                pyhd3deb0d_0             conda-forge
2025-01-14T12:29:16.5294340Z   pure_eval                      0.2.2                pyhd8ed1ab_0             conda-forge
2025-01-14T12:29:16.5294620Z   py-cpuinfo                     9.0.0                pyhd8ed1ab_0             conda-forge
2025-01-14T12:29:16.5294900Z   pybtex                         0.24.0               pyhd8ed1ab_2             conda-forge
2025-01-14T12:29:16.5295190Z   pybtex-docutils                1.0.3                py312h81bd7bf_1          conda-forge
2025-01-14T12:29:16.5295490Z   pycparser                      2.22                 pyhd8ed1ab_0             conda-forge
2025-01-14T12:29:16.5295760Z   pyerfa                         2.0.1.4              py312hbebd99a_1          conda-forge
2025-01-14T12:29:16.5296040Z   pygments                       2.18.0               pyhd8ed1ab_0             conda-forge
2025-01-14T12:29:16.5296330Z   pygraphviz                     1.13                 py312h5f4d302_1          conda-forge
2025-01-14T12:29:16.5296620Z   pyobjc-core                    10.3.1               py312hbb55c70_0          conda-forge
2025-01-14T12:29:16.5296940Z   pyobjc-framework-cocoa         10.3.1               py312hbb55c70_0          conda-forge
2025-01-14T12:29:16.5297250Z   pyparsing                      3.1.2                pyhd8ed1ab_0             conda-forge
2025-01-14T12:29:16.5297520Z   pysocks                        1.7.1                pyha2e5f31_6             conda-forge
2025-01-14T12:29:16.5297790Z   pytables                       3.9.2                py312hb622ae1_2          conda-forge
2025-01-14T12:29:16.5298070Z   pytest                         8.2.2                pyhd8ed1ab_0             conda-forge
2025-01-14T12:29:16.5298350Z   pytest-cov                     5.0.0                pyhd8ed1ab_0             conda-forge
2025-01-14T12:29:16.5298650Z   pytest-doctestplus             1.2.1                pyhd8ed1ab_0             conda-forge
2025-01-14T12:29:16.5298950Z   pytest-html                    4.1.1                pyhd8ed1ab_0             conda-forge
2025-01-14T12:29:16.5299250Z   pytest-metadata                3.1.1                pyhd8ed1ab_0             conda-forge
2025-01-14T12:29:16.5299540Z   python                         3.12.4               h30c5eda_0_cpython       conda-forge
2025-01-14T12:29:16.5300010Z   python-dateutil                2.9.0                pyhd8ed1ab_0             conda-forge
2025-01-14T12:29:16.5300360Z   python-fastjsonschema          2.20.0               pyhd8ed1ab_0             conda-forge
2025-01-14T12:29:16.5300700Z   python-json-logger             2.0.7                pyhd8ed1ab_0             conda-forge
2025-01-14T12:29:16.5301020Z   python-tzdata                  2024.1               pyhd8ed1ab_0             conda-forge
2025-01-14T12:29:16.5301310Z   python_abi                     3.12                 4_cp312                  conda-forge
2025-01-14T12:29:16.5301580Z   pytz                           2024.1               pyhd8ed1ab_0             conda-forge
2025-01-14T12:29:16.5301840Z   pyyaml                         6.0.1                py312h02f2b3b_1          conda-forge
2025-01-14T12:29:16.5302110Z   pyzmq                          26.0.3               py312hfa13136_0          conda-forge
2025-01-14T12:29:16.5302360Z   qgrid                          1.3.1                pyhd8ed1ab_4             conda-forge
2025-01-14T12:29:16.5302650Z   radioactivedecay               0.5.1                pyhd8ed1ab_0             conda-forge
2025-01-14T12:29:16.5302930Z   readline                       8.2                  h92ec313_1               conda-forge
2025-01-14T12:29:16.5303310Z   recommonmark                   0.7.1                pyhd8ed1ab_0             conda-forge
2025-01-14T12:29:16.5303600Z   referencing                    0.35.1               pyhd8ed1ab_0             conda-forge
2025-01-14T12:29:16.5303880Z   requests                       2.32.3               pyhd8ed1ab_0             conda-forge
2025-01-14T12:29:16.5304180Z   rfc3339-validator              0.1.4                pyhd8ed1ab_0             conda-forge
2025-01-14T12:29:16.5304480Z   rfc3986-validator              0.1.1                pyh9f0ad1d_0             conda-forge
2025-01-14T12:29:16.5304760Z   rpds-py                        0.18.1               py312h552d48e_0          conda-forge
2025-01-14T12:29:16.5305020Z   ruff                           0.4.9                py312h3402d49_0          conda-forge
2025-01-14T12:29:16.5305310Z   scipy                          1.13.1               py312h14ffa8f_0          conda-forge
2025-01-14T12:29:16.5305580Z   send2trash                     1.8.3                pyh31c8845_0             conda-forge
2025-01-14T12:29:16.5305890Z   setuptools                     70.0.0               pyhd8ed1ab_0             conda-forge
2025-01-14T12:29:16.5306210Z   setuptools-scm                 8.1.0                pyhd8ed1ab_0             conda-forge
2025-01-14T12:29:16.5306500Z   setuptools_scm                 8.1.0                hd8ed1ab_0               conda-forge
2025-01-14T12:29:16.5306780Z   six                            1.16.0               pyh6c4a22f_0             conda-forge
2025-01-14T12:29:16.5307040Z   snakeviz                       2.2.0                pyhd8ed1ab_0             conda-forge
2025-01-14T12:29:16.5307320Z   snappy                         1.2.0                hd04f947_1               conda-forge
2025-01-14T12:29:16.5307600Z   sniffio                        1.3.1                pyhd8ed1ab_0             conda-forge
2025-01-14T12:29:16.5307890Z   snowballstemmer                2.2.0                pyhd8ed1ab_0             conda-forge
2025-01-14T12:29:16.5308200Z   soupsieve                      2.5                  pyhd8ed1ab_1             conda-forge
2025-01-14T12:29:16.5308480Z   sphinx                         7.3.7                pyhd8ed1ab_0             conda-forge
2025-01-14T12:29:16.5308780Z   sphinx-astropy                 1.9.1                pyhd8ed1ab_0             conda-forge
2025-01-14T12:29:16.5309090Z   sphinx-automodapi              0.17.0               pyh717bed2_1             conda-forge
2025-01-14T12:29:16.5309400Z   sphinx-gallery                 0.16.0               pyhd8ed1ab_0             conda-forge
2025-01-14T12:29:16.5309700Z   sphinx-jsonschema              1.19.1               pyhd8ed1ab_0             conda-forge
2025-01-14T12:29:16.5310110Z   sphinx_bootstrap_theme         0.8.1                pyhd8ed1ab_0             conda-forge
2025-01-14T12:29:16.5310440Z   sphinx_rtd_theme               2.0.0                pyha770c72_0             conda-forge
2025-01-14T12:29:16.5310760Z   sphinxcontrib-apidoc           0.3.0                py_1                     conda-forge
2025-01-14T12:29:16.5311110Z   sphinxcontrib-applehelp        1.0.8                pyhd8ed1ab_0             conda-forge
2025-01-14T12:29:16.5311450Z   sphinxcontrib-bibtex           2.6.2                pyhd8ed1ab_0             conda-forge
2025-01-14T12:29:16.5311800Z   sphinxcontrib-devhelp          1.0.6                pyhd8ed1ab_0             conda-forge
2025-01-14T12:29:16.5312130Z   sphinxcontrib-htmlhelp         2.0.5                pyhd8ed1ab_0             conda-forge
2025-01-14T12:29:16.5312480Z   sphinxcontrib-jquery           4.1                  pyhd8ed1ab_0             conda-forge
2025-01-14T12:29:16.5312800Z   sphinxcontrib-jsmath           1.0.1                pyhd8ed1ab_0             conda-forge
2025-01-14T12:29:16.5313140Z   sphinxcontrib-qthelp           1.0.7                pyhd8ed1ab_0             conda-forge
2025-01-14T12:29:16.5313510Z   sphinxcontrib-serializinghtml  1.1.10               pyhd8ed1ab_0             conda-forge
2025-01-14T12:29:16.5313950Z   stack_data                     0.6.2                pyhd8ed1ab_0             conda-forge
2025-01-14T12:29:16.5314230Z   sympy                          1.12.1               pypyh2585a3b_103         conda-forge
2025-01-14T12:29:16.5314520Z   tabulate                       0.9.0                pyhd8ed1ab_1             conda-forge
2025-01-14T12:29:16.5314790Z   tenacity                       8.4.1                pyhd8ed1ab_0             conda-forge
2025-01-14T12:29:16.5315070Z   terminado                      0.18.1               pyh31c8845_0             conda-forge
2025-01-14T12:29:16.5315350Z   tinycss2                       1.3.0                pyhd8ed1ab_0             conda-forge
2025-01-14T12:29:16.5315620Z   tk                             8.6.13               h5083fa2_1               conda-forge
2025-01-14T12:29:16.5315870Z   toml                           0.10.2               pyhd8ed1ab_0             conda-forge
2025-01-14T12:29:16.5316140Z   tomli                          2.0.1                pyhd8ed1ab_0             conda-forge
2025-01-14T12:29:16.5316420Z   tornado                        6.4.1                py312h7e5086c_0          conda-forge
2025-01-14T12:29:16.5316670Z   tqdm                           4.66.4               pyhd8ed1ab_0             conda-forge
2025-01-14T12:29:16.5316950Z   traitlets                      5.14.3               pyhd8ed1ab_0             conda-forge
2025-01-14T12:29:16.5317230Z   typed-ast                      1.5.5                py312h02f2b3b_1          conda-forge
2025-01-14T12:29:16.5317540Z   types-python-dateutil          2.9.0.20240316       pyhd8ed1ab_0             conda-forge
2025-01-14T12:29:16.5317880Z   typing-extensions              4.12.2               hd8ed1ab_0               conda-forge
2025-01-14T12:29:16.5318190Z   typing_extensions              4.12.2               pyha770c72_0             conda-forge
2025-01-14T12:29:16.5318480Z   typing_utils                   0.1.0                pyhd8ed1ab_0             conda-forge
2025-01-14T12:29:16.5318790Z   tzdata                         2024a                h0c530f3_0               conda-forge
2025-01-14T12:29:16.5319070Z   uri-template                   1.3.0                pyhd8ed1ab_0             conda-forge
2025-01-14T12:29:16.5319360Z   urllib3                        2.2.2                pyhd8ed1ab_0             conda-forge
2025-01-14T12:29:16.5319620Z   wcwidth                        0.2.13               pyhd8ed1ab_0             conda-forge
2025-01-14T12:29:16.5319910Z   webcolors                      24.6.0               pyhd8ed1ab_0             conda-forge
2025-01-14T12:29:16.5320250Z   webencodings                   0.5.1                pyhd8ed1ab_2             conda-forge
2025-01-14T12:29:16.5320570Z   websocket-client               1.8.0                pyhd8ed1ab_0             conda-forge
2025-01-14T12:29:16.5320950Z   wheel                          0.43.0               pyhd8ed1ab_1             conda-forge
2025-01-14T12:29:16.5321260Z   widgetsnbextension             3.6.6                pyhd8ed1ab_0             conda-forge
2025-01-14T12:29:16.5321570Z   xorg-libxau                    1.0.11               hb547adb_0               conda-forge
2025-01-14T12:29:16.5321850Z   xorg-libxdmcp                  1.1.3                h27ca646_0               conda-forge
2025-01-14T12:29:16.5322140Z   xz                             5.2.6                h57fd34a_0               conda-forge
2025-01-14T12:29:16.5322380Z   yaml                           0.2.5                h3422bc3_2               conda-forge
2025-01-14T12:29:16.5322650Z   zeromq                         4.3.5                hcc0f68c_4               conda-forge
2025-01-14T12:29:16.5322920Z   zipp                           3.19.2               pyhd8ed1ab_0             conda-forge
2025-01-14T12:29:16.5323170Z   zlib                           1.3.1                hfb2fe0b_1               conda-forge
2025-01-14T12:29:16.5323420Z   zlib-ng                        2.0.7                h1a8c8d9_0               conda-forge
2025-01-14T12:29:16.5323680Z   zstd                           1.5.6                hb46c0d2_0               conda-forge
2025-01-14T12:29:16.5324290Z ##[endgroup]
2025-01-14T12:29:16.5374020Z ##[group]Run pip install -e . --user
2025-01-14T12:29:16.5374340Z [36;1mpip install -e . --user[0m
2025-01-14T12:29:16.6446060Z shell: /bin/bash -l {0}
2025-01-14T12:29:16.6446260Z env:
2025-01-14T12:29:16.6446400Z   CACHE_NUMBER: 0
2025-01-14T12:29:16.6446940Z   PYTEST_FLAGS: --tardis-regression-data=/Users/runner/work/tardis/tardis/tardis-regression-data --cov=tardis --cov-report=xml --cov-report=html --cov-append
2025-01-14T12:29:16.6447610Z   CODECOV_TOKEN: 
2025-01-14T12:29:16.6447870Z   MAMBA_ROOT_PREFIX: /Users/runner/micromamba
2025-01-14T12:29:16.6448170Z   MAMBA_EXE: /Users/runner/micromamba-bin/micromamba
2025-01-14T12:29:16.6448580Z   CONDARC: /Users/runner/work/_temp/setup-micromamba/.condarc
2025-01-14T12:29:16.6448850Z ##[endgroup]
2025-01-14T12:29:17.5297940Z Obtaining file:///Users/runner/work/tardis/tardis
2025-01-14T12:29:17.5330680Z   Installing build dependencies: started
2025-01-14T12:29:19.9791160Z   Installing build dependencies: finished with status 'done'
2025-01-14T12:29:19.9800720Z   Checking if build backend supports build_editable: started
2025-01-14T12:29:20.0764330Z   Checking if build backend supports build_editable: finished with status 'done'
2025-01-14T12:29:20.0782420Z   Getting requirements to build editable: started
2025-01-14T12:29:20.4847690Z   Getting requirements to build editable: finished with status 'done'
2025-01-14T12:29:20.4858470Z   Preparing editable metadata (pyproject.toml): started
2025-01-14T12:29:20.8550770Z   Preparing editable metadata (pyproject.toml): finished with status 'done'
2025-01-14T12:29:20.9000610Z Requirement already satisfied: astropy in /Users/runner/micromamba/envs/tardis/lib/python3.12/site-packages (from tardis==0.0.0) (6.1.1)
2025-01-14T12:29:20.9264250Z Requirement already satisfied: numpy>=1.23 in /Users/runner/micromamba/envs/tardis/lib/python3.12/site-packages (from astropy->tardis==0.0.0) (1.26.4)
2025-01-14T12:29:20.9270060Z Requirement already satisfied: pyerfa>=2.0.1.1 in /Users/runner/micromamba/envs/tardis/lib/python3.12/site-packages (from astropy->tardis==0.0.0) (2.0.1.4)
2025-01-14T12:29:20.9276670Z Requirement already satisfied: astropy-iers-data>=0.2024.5.27.0.30.8 in /Users/runner/micromamba/envs/tardis/lib/python3.12/site-packages (from astropy->tardis==0.0.0) (0.2024.6.17.0.31.35)
2025-01-14T12:29:20.9281060Z Requirement already satisfied: PyYAML>=3.13 in /Users/runner/micromamba/envs/tardis/lib/python3.12/site-packages (from astropy->tardis==0.0.0) (6.0.1)
2025-01-14T12:29:20.9286910Z Requirement already satisfied: packaging>=19.0 in /Users/runner/micromamba/envs/tardis/lib/python3.12/site-packages (from astropy->tardis==0.0.0) (24.1)
2025-01-14T12:29:20.9341810Z Building wheels for collected packages: tardis
2025-01-14T12:29:20.9348800Z   Building editable for tardis (pyproject.toml): started
2025-01-14T12:29:21.5559340Z   Building editable for tardis (pyproject.toml): finished with status 'done'
2025-01-14T12:29:21.5591760Z   Created wheel for tardis: filename=tardis-0.0.0-0.editable-py3-none-any.whl size=8876 sha256=aa0c71c1ed1f4adcb942cfc7066781665bb40060fb681abe673a561295439b87
2025-01-14T12:29:21.5592880Z   Stored in directory: /private/var/folders/ml/x_tvfgn50_s7p67dm1ypcqqm0000gn/T/pip-ephem-wheel-cache-ischwnup/wheels/bb/4f/6a/0829b918c1c10bc28535ce7f14be21eee54375bdd9cd0c306a
2025-01-14T12:29:21.5593570Z Successfully built tardis
2025-01-14T12:29:22.0687120Z Installing collected packages: tardis
2025-01-14T12:29:22.0741750Z Successfully installed tardis-0.0.0
2025-01-14T12:29:22.3026080Z ##[group]Run pip install qgridnext
2025-01-14T12:29:22.3026330Z [36;1mpip install qgridnext[0m
2025-01-14T12:29:22.3093710Z shell: /bin/bash -l {0}
2025-01-14T12:29:22.3093910Z env:
2025-01-14T12:29:22.3094060Z   CACHE_NUMBER: 0
2025-01-14T12:29:22.3094560Z   PYTEST_FLAGS: --tardis-regression-data=/Users/runner/work/tardis/tardis/tardis-regression-data --cov=tardis --cov-report=xml --cov-report=html --cov-append
2025-01-14T12:29:22.3095710Z   CODECOV_TOKEN: 
2025-01-14T12:29:22.3095900Z   MAMBA_ROOT_PREFIX: /Users/runner/micromamba
2025-01-14T12:29:22.3096150Z   MAMBA_EXE: /Users/runner/micromamba-bin/micromamba
2025-01-14T12:29:22.3096550Z   CONDARC: /Users/runner/work/_temp/setup-micromamba/.condarc
2025-01-14T12:29:22.3096780Z ##[endgroup]
2025-01-14T12:29:22.8850380Z Collecting qgridnext
2025-01-14T12:29:22.9172490Z   Downloading qgridnext-2.0.4-py3-none-any.whl.metadata (9.9 kB)
2025-01-14T12:29:22.9320790Z Requirement already satisfied: pandas>=0.20.0 in /Users/runner/micromamba/envs/tardis/lib/python3.12/site-packages (from qgridnext) (2.2.2)
2025-01-14T12:29:22.9326480Z Requirement already satisfied: ipywidgets>=7.0.0 in /Users/runner/micromamba/envs/tardis/lib/python3.12/site-packages (from qgridnext) (7.8.0)
2025-01-14T12:29:22.9332290Z Requirement already satisfied: numpy in /Users/runner/micromamba/envs/tardis/lib/python3.12/site-packages (from qgridnext) (1.26.4)
2025-01-14T12:29:22.9338480Z Requirement already satisfied: traitlets in /Users/runner/micromamba/envs/tardis/lib/python3.12/site-packages (from qgridnext) (5.14.3)
2025-01-14T12:29:22.9389060Z Requirement already satisfied: comm>=0.1.3 in /Users/runner/micromamba/envs/tardis/lib/python3.12/site-packages (from ipywidgets>=7.0.0->qgridnext) (0.2.2)
2025-01-14T12:29:22.9393890Z Requirement already satisfied: ipython-genutils~=0.2.0 in /Users/runner/micromamba/envs/tardis/lib/python3.12/site-packages (from ipywidgets>=7.0.0->qgridnext) (0.2.0)
2025-01-14T12:29:22.9402510Z Requirement already satisfied: widgetsnbextension~=3.6.5 in /Users/runner/micromamba/envs/tardis/lib/python3.12/site-packages (from ipywidgets>=7.0.0->qgridnext) (3.6.6)
2025-01-14T12:29:22.9410780Z Requirement already satisfied: ipython>=4.0.0 in /Users/runner/micromamba/envs/tardis/lib/python3.12/site-packages (from ipywidgets>=7.0.0->qgridnext) (8.25.0)
2025-01-14T12:29:22.9418890Z Requirement already satisfied: jupyterlab-widgets<3,>=1.0.0 in /Users/runner/micromamba/envs/tardis/lib/python3.12/site-packages (from ipywidgets>=7.0.0->qgridnext) (1.1.7)
2025-01-14T12:29:22.9690960Z Requirement already satisfied: python-dateutil>=2.8.2 in /Users/runner/micromamba/envs/tardis/lib/python3.12/site-packages (from pandas>=0.20.0->qgridnext) (2.9.0)
2025-01-14T12:29:22.9699390Z Requirement already satisfied: pytz>=2020.1 in /Users/runner/micromamba/envs/tardis/lib/python3.12/site-packages (from pandas>=0.20.0->qgridnext) (2024.1)
2025-01-14T12:29:22.9704870Z Requirement already satisfied: tzdata>=2022.7 in /Users/runner/micromamba/envs/tardis/lib/python3.12/site-packages (from pandas>=0.20.0->qgridnext) (2024.1)
2025-01-14T12:29:22.9894680Z Requirement already satisfied: decorator in /Users/runner/micromamba/envs/tardis/lib/python3.12/site-packages (from ipython>=4.0.0->ipywidgets>=7.0.0->qgridnext) (5.1.1)
2025-01-14T12:29:22.9904900Z Requirement already satisfied: jedi>=0.16 in /Users/runner/micromamba/envs/tardis/lib/python3.12/site-packages (from ipython>=4.0.0->ipywidgets>=7.0.0->qgridnext) (0.19.1)
2025-01-14T12:29:22.9909980Z Requirement already satisfied: matplotlib-inline in /Users/runner/micromamba/envs/tardis/lib/python3.12/site-packages (from ipython>=4.0.0->ipywidgets>=7.0.0->qgridnext) (0.1.7)
2025-01-14T12:29:22.9915580Z Requirement already satisfied: prompt-toolkit<3.1.0,>=3.0.41 in /Users/runner/micromamba/envs/tardis/lib/python3.12/site-packages (from ipython>=4.0.0->ipywidgets>=7.0.0->qgridnext) (3.0.47)
2025-01-14T12:29:22.9921280Z Requirement already satisfied: pygments>=2.4.0 in /Users/runner/micromamba/envs/tardis/lib/python3.12/site-packages (from ipython>=4.0.0->ipywidgets>=7.0.0->qgridnext) (2.18.0)
2025-01-14T12:29:22.9926410Z Requirement already satisfied: stack-data in /Users/runner/micromamba/envs/tardis/lib/python3.12/site-packages (from ipython>=4.0.0->ipywidgets>=7.0.0->qgridnext) (0.6.2)
2025-01-14T12:29:22.9937220Z Requirement already satisfied: pexpect>4.3 in /Users/runner/micromamba/envs/tardis/lib/python3.12/site-packages (from ipython>=4.0.0->ipywidgets>=7.0.0->qgridnext) (4.9.0)
2025-01-14T12:29:22.9963150Z Requirement already satisfied: six>=1.5 in /Users/runner/micromamba/envs/tardis/lib/python3.12/site-packages (from python-dateutil>=2.8.2->pandas>=0.20.0->qgridnext) (1.16.0)
2025-01-14T12:29:22.9996740Z Requirement already satisfied: notebook>=4.4.1 in /Users/runner/micromamba/envs/tardis/lib/python3.12/site-packages (from widgetsnbextension~=3.6.5->ipywidgets>=7.0.0->qgridnext) (7.2.1)
2025-01-14T12:29:23.0109480Z Requirement already satisfied: parso<0.9.0,>=0.8.3 in /Users/runner/micromamba/envs/tardis/lib/python3.12/site-packages (from jedi>=0.16->ipython>=4.0.0->ipywidgets>=7.0.0->qgridnext) (0.8.4)
2025-01-14T12:29:23.0195170Z Requirement already satisfied: jupyter-server<3,>=2.4.0 in /Users/runner/micromamba/envs/tardis/lib/python3.12/site-packages (from notebook>=4.4.1->widgetsnbextension~=3.6.5->ipywidgets>=7.0.0->qgridnext) (2.14.1)
2025-01-14T12:29:23.0202340Z Requirement already satisfied: jupyterlab-server<3,>=2.27.1 in /Users/runner/micromamba/envs/tardis/lib/python3.12/site-packages (from notebook>=4.4.1->widgetsnbextension~=3.6.5->ipywidgets>=7.0.0->qgridnext) (2.27.2)
2025-01-14T12:29:23.0211430Z Requirement already satisfied: jupyterlab<4.3,>=4.2.0 in /Users/runner/micromamba/envs/tardis/lib/python3.12/site-packages (from notebook>=4.4.1->widgetsnbextension~=3.6.5->ipywidgets>=7.0.0->qgridnext) (4.2.2)
2025-01-14T12:29:23.0217500Z Requirement already satisfied: notebook-shim<0.3,>=0.2 in /Users/runner/micromamba/envs/tardis/lib/python3.12/site-packages (from notebook>=4.4.1->widgetsnbextension~=3.6.5->ipywidgets>=7.0.0->qgridnext) (0.2.4)
2025-01-14T12:29:23.0222730Z Requirement already satisfied: tornado>=6.2.0 in /Users/runner/micromamba/envs/tardis/lib/python3.12/site-packages (from notebook>=4.4.1->widgetsnbextension~=3.6.5->ipywidgets>=7.0.0->qgridnext) (6.4.1)
2025-01-14T12:29:23.0240200Z Requirement already satisfied: ptyprocess>=0.5 in /Users/runner/micromamba/envs/tardis/lib/python3.12/site-packages (from pexpect>4.3->ipython>=4.0.0->ipywidgets>=7.0.0->qgridnext) (0.7.0)
2025-01-14T12:29:23.0261210Z Requirement already satisfied: wcwidth in /Users/runner/micromamba/envs/tardis/lib/python3.12/site-packages (from prompt-toolkit<3.1.0,>=3.0.41->ipython>=4.0.0->ipywidgets>=7.0.0->qgridnext) (0.2.13)
2025-01-14T12:29:23.0362860Z Requirement already satisfied: executing>=1.2.0 in /Users/runner/micromamba/envs/tardis/lib/python3.12/site-packages (from stack-data->ipython>=4.0.0->ipywidgets>=7.0.0->qgridnext) (2.0.1)
2025-01-14T12:29:23.0464620Z Requirement already satisfied: asttokens>=2.1.0 in /Users/runner/micromamba/envs/tardis/lib/python3.12/site-packages (from stack-data->ipython>=4.0.0->ipywidgets>=7.0.0->qgridnext) (2.4.1)
2025-01-14T12:29:23.0566430Z Requirement already satisfied: pure-eval in /Users/runner/micromamba/envs/tardis/lib/python3.12/site-packages (from stack-data->ipython>=4.0.0->ipywidgets>=7.0.0->qgridnext) (0.2.2)
2025-01-14T12:29:23.0668080Z Requirement already satisfied: anyio>=3.1.0 in /Users/runner/micromamba/envs/tardis/lib/python3.12/site-packages (from jupyter-server<3,>=2.4.0->notebook>=4.4.1->widgetsnbextension~=3.6.5->ipywidgets>=7.0.0->qgridnext) (4.4.0)
2025-01-14T12:29:23.0769900Z Requirement already satisfied: argon2-cffi>=21.1 in /Users/runner/micromamba/envs/tardis/lib/python3.12/site-packages (from jupyter-server<3,>=2.4.0->notebook>=4.4.1->widgetsnbextension~=3.6.5->ipywidgets>=7.0.0->qgridnext) (23.1.0)
2025-01-14T12:29:23.0872730Z Requirement already satisfied: jinja2>=3.0.3 in /Users/runner/micromamba/envs/tardis/lib/python3.12/site-packages (from jupyter-server<3,>=2.4.0->notebook>=4.4.1->widgetsnbextension~=3.6.5->ipywidgets>=7.0.0->qgridnext) (3.1.4)
2025-01-14T12:29:23.0974660Z Requirement already satisfied: jupyter-client>=7.4.4 in /Users/runner/micromamba/envs/tardis/lib/python3.12/site-packages (from jupyter-server<3,>=2.4.0->notebook>=4.4.1->widgetsnbextension~=3.6.5->ipywidgets>=7.0.0->qgridnext) (8.6.2)
2025-01-14T12:29:23.1076630Z Requirement already satisfied: jupyter-core!=5.0.*,>=4.12 in /Users/runner/micromamba/envs/tardis/lib/python3.12/site-packages (from jupyter-server<3,>=2.4.0->notebook>=4.4.1->widgetsnbextension~=3.6.5->ipywidgets>=7.0.0->qgridnext) (5.7.2)
2025-01-14T12:29:23.1178820Z Requirement already satisfied: jupyter-events>=0.9.0 in /Users/runner/micromamba/envs/tardis/lib/python3.12/site-packages (from jupyter-server<3,>=2.4.0->notebook>=4.4.1->widgetsnbextension~=3.6.5->ipywidgets>=7.0.0->qgridnext) (0.10.0)
2025-01-14T12:29:23.1291420Z Requirement already satisfied: jupyter-server-terminals>=0.4.4 in /Users/runner/micromamba/envs/tardis/lib/python3.12/site-packages (from jupyter-server<3,>=2.4.0->notebook>=4.4.1->widgetsnbextension~=3.6.5->ipywidgets>=7.0.0->qgridnext) (0.5.3)
2025-01-14T12:29:23.1394080Z Requirement already satisfied: nbconvert>=6.4.4 in /Users/runner/micromamba/envs/tardis/lib/python3.12/site-packages (from jupyter-server<3,>=2.4.0->notebook>=4.4.1->widgetsnbextension~=3.6.5->ipywidgets>=7.0.0->qgridnext) (7.16.4)
2025-01-14T12:29:23.1495950Z Requirement already satisfied: nbformat>=5.3.0 in /Users/runner/micromamba/envs/tardis/lib/python3.12/site-packages (from jupyter-server<3,>=2.4.0->notebook>=4.4.1->widgetsnbextension~=3.6.5->ipywidgets>=7.0.0->qgridnext) (5.10.4)
2025-01-14T12:29:23.1597920Z Requirement already satisfied: overrides>=5.0 in /Users/runner/micromamba/envs/tardis/lib/python3.12/site-packages (from jupyter-server<3,>=2.4.0->notebook>=4.4.1->widgetsnbextension~=3.6.5->ipywidgets>=7.0.0->qgridnext) (7.7.0)
2025-01-14T12:29:23.1699860Z Requirement already satisfied: packaging>=22.0 in /Users/runner/micromamba/envs/tardis/lib/python3.12/site-packages (from jupyter-server<3,>=2.4.0->notebook>=4.4.1->widgetsnbextension~=3.6.5->ipywidgets>=7.0.0->qgridnext) (24.1)
2025-01-14T12:29:23.1769040Z Requirement already satisfied: prometheus-client>=0.9 in /Users/runner/micromamba/envs/tardis/lib/python3.12/site-packages (from jupyter-server<3,>=2.4.0->notebook>=4.4.1->widgetsnbextension~=3.6.5->ipywidgets>=7.0.0->qgridnext) (0.20.0)
2025-01-14T12:29:23.1797280Z Requirement already satisfied: pyzmq>=24 in /Users/runner/micromamba/envs/tardis/lib/python3.12/site-packages (from jupyter-server<3,>=2.4.0->notebook>=4.4.1->widgetsnbextension~=3.6.5->ipywidgets>=7.0.0->qgridnext) (26.0.3)
2025-01-14T12:29:23.1798540Z Requirement already satisfied: send2trash>=1.8.2 in /Users/runner/micromamba/envs/tardis/lib/python3.12/site-packages (from jupyter-server<3,>=2.4.0->notebook>=4.4.1->widgetsnbextension~=3.6.5->ipywidgets>=7.0.0->qgridnext) (1.8.3)
2025-01-14T12:29:23.1800420Z Requirement already satisfied: terminado>=0.8.3 in /Users/runner/micromamba/envs/tardis/lib/python3.12/site-packages (from jupyter-server<3,>=2.4.0->notebook>=4.4.1->widgetsnbextension~=3.6.5->ipywidgets>=7.0.0->qgridnext) (0.18.1)
2025-01-14T12:29:23.1801660Z Requirement already satisfied: websocket-client>=1.7 in /Users/runner/micromamba/envs/tardis/lib/python3.12/site-packages (from jupyter-server<3,>=2.4.0->notebook>=4.4.1->widgetsnbextension~=3.6.5->ipywidgets>=7.0.0->qgridnext) (1.8.0)
2025-01-14T12:29:23.1802870Z Requirement already satisfied: async-lru>=1.0.0 in /Users/runner/micromamba/envs/tardis/lib/python3.12/site-packages (from jupyterlab<4.3,>=4.2.0->notebook>=4.4.1->widgetsnbextension~=3.6.5->ipywidgets>=7.0.0->qgridnext) (2.0.4)
2025-01-14T12:29:23.1878440Z Requirement already satisfied: httpx>=0.25.0 in /Users/runner/micromamba/envs/tardis/lib/python3.12/site-packages (from jupyterlab<4.3,>=4.2.0->notebook>=4.4.1->widgetsnbextension~=3.6.5->ipywidgets>=7.0.0->qgridnext) (0.27.0)
2025-01-14T12:29:23.1906910Z Requirement already satisfied: ipykernel>=6.5.0 in /Users/runner/micromamba/envs/tardis/lib/python3.12/site-packages (from jupyterlab<4.3,>=4.2.0->notebook>=4.4.1->widgetsnbextension~=3.6.5->ipywidgets>=7.0.0->qgridnext) (6.29.4)
2025-01-14T12:29:23.1908110Z Requirement already satisfied: jupyter-lsp>=2.0.0 in /Users/runner/micromamba/envs/tardis/lib/python3.12/site-packages (from jupyterlab<4.3,>=4.2.0->notebook>=4.4.1->widgetsnbextension~=3.6.5->ipywidgets>=7.0.0->qgridnext) (2.2.5)
2025-01-14T12:29:23.1942070Z Requirement already satisfied: setuptools>=40.1.0 in /Users/runner/micromamba/envs/tardis/lib/python3.12/site-packages (from jupyterlab<4.3,>=4.2.0->notebook>=4.4.1->widgetsnbextension~=3.6.5->ipywidgets>=7.0.0->qgridnext) (70.0.0)
2025-01-14T12:29:23.1944530Z Requirement already satisfied: babel>=2.10 in /Users/runner/micromamba/envs/tardis/lib/python3.12/site-packages (from jupyterlab-server<3,>=2.27.1->notebook>=4.4.1->widgetsnbextension~=3.6.5->ipywidgets>=7.0.0->qgridnext) (2.14.0)
2025-01-14T12:29:23.2046630Z Requirement already satisfied: json5>=0.9.0 in /Users/runner/micromamba/envs/tardis/lib/python3.12/site-packages (from jupyterlab-server<3,>=2.27.1->notebook>=4.4.1->widgetsnbextension~=3.6.5->ipywidgets>=7.0.0->qgridnext) (0.9.25)
2025-01-14T12:29:23.2148630Z Requirement already satisfied: jsonschema>=4.18.0 in /Users/runner/micromamba/envs/tardis/lib/python3.12/site-packages (from jupyterlab-server<3,>=2.27.1->notebook>=4.4.1->widgetsnbextension~=3.6.5->ipywidgets>=7.0.0->qgridnext) (4.22.0)
2025-01-14T12:29:23.2178980Z Requirement already satisfied: requests>=2.31 in /Users/runner/micromamba/envs/tardis/lib/python3.12/site-packages (from jupyterlab-server<3,>=2.27.1->notebook>=4.4.1->widgetsnbextension~=3.6.5->ipywidgets>=7.0.0->qgridnext) (2.32.3)
2025-01-14T12:29:23.2180240Z Requirement already satisfied: idna>=2.8 in /Users/runner/micromamba/envs/tardis/lib/python3.12/site-packages (from anyio>=3.1.0->jupyter-server<3,>=2.4.0->notebook>=4.4.1->widgetsnbextension~=3.6.5->ipywidgets>=7.0.0->qgridnext) (3.7)
2025-01-14T12:29:23.2181460Z Requirement already satisfied: sniffio>=1.1 in /Users/runner/micromamba/envs/tardis/lib/python3.12/site-packages (from anyio>=3.1.0->jupyter-server<3,>=2.4.0->notebook>=4.4.1->widgetsnbextension~=3.6.5->ipywidgets>=7.0.0->qgridnext) (1.3.1)
2025-01-14T12:29:23.2182850Z Requirement already satisfied: argon2-cffi-bindings in /Users/runner/micromamba/envs/tardis/lib/python3.12/site-packages (from argon2-cffi>=21.1->jupyter-server<3,>=2.4.0->notebook>=4.4.1->widgetsnbextension~=3.6.5->ipywidgets>=7.0.0->qgridnext) (21.2.0)
2025-01-14T12:29:23.2186150Z Requirement already satisfied: certifi in /Users/runner/micromamba/envs/tardis/lib/python3.12/site-packages (from httpx>=0.25.0->jupyterlab<4.3,>=4.2.0->notebook>=4.4.1->widgetsnbextension~=3.6.5->ipywidgets>=7.0.0->qgridnext) (2024.6.2)
2025-01-14T12:29:23.2187410Z Requirement already satisfied: httpcore==1.* in /Users/runner/micromamba/envs/tardis/lib/python3.12/site-packages (from httpx>=0.25.0->jupyterlab<4.3,>=4.2.0->notebook>=4.4.1->widgetsnbextension~=3.6.5->ipywidgets>=7.0.0->qgridnext) (1.0.5)
2025-01-14T12:29:23.2188660Z Requirement already satisfied: h11<0.15,>=0.13 in /Users/runner/micromamba/envs/tardis/lib/python3.12/site-packages (from httpcore==1.*->httpx>=0.25.0->jupyterlab<4.3,>=4.2.0->notebook>=4.4.1->widgetsnbextension~=3.6.5->ipywidgets>=7.0.0->qgridnext) (0.14.0)
2025-01-14T12:29:23.2189860Z Requirement already satisfied: appnope in /Users/runner/micromamba/envs/tardis/lib/python3.12/site-packages (from ipykernel>=6.5.0->jupyterlab<4.3,>=4.2.0->notebook>=4.4.1->widgetsnbextension~=3.6.5->ipywidgets>=7.0.0->qgridnext) (0.1.4)
2025-01-14T12:29:23.2191020Z Requirement already satisfied: debugpy>=1.6.5 in /Users/runner/micromamba/envs/tardis/lib/python3.12/site-packages (from ipykernel>=6.5.0->jupyterlab<4.3,>=4.2.0->notebook>=4.4.1->widgetsnbextension~=3.6.5->ipywidgets>=7.0.0->qgridnext) (1.8.1)
2025-01-14T12:29:23.2192400Z Requirement already satisfied: nest-asyncio in /Users/runner/micromamba/envs/tardis/lib/python3.12/site-packages (from ipykernel>=6.5.0->jupyterlab<4.3,>=4.2.0->notebook>=4.4.1->widgetsnbextension~=3.6.5->ipywidgets>=7.0.0->qgridnext) (1.6.0)
2025-01-14T12:29:23.2193550Z Requirement already satisfied: psutil in /Users/runner/micromamba/envs/tardis/lib/python3.12/site-packages (from ipykernel>=6.5.0->jupyterlab<4.3,>=4.2.0->notebook>=4.4.1->widgetsnbextension~=3.6.5->ipywidgets>=7.0.0->qgridnext) (5.9.8)
2025-01-14T12:29:23.2194940Z Requirement already satisfied: MarkupSafe>=2.0 in /Users/runner/micromamba/envs/tardis/lib/python3.12/site-packages (from jinja2>=3.0.3->jupyter-server<3,>=2.4.0->notebook>=4.4.1->widgetsnbextension~=3.6.5->ipywidgets>=7.0.0->qgridnext) (2.1.5)
2025-01-14T12:29:23.2196110Z Requirement already satisfied: attrs>=22.2.0 in /Users/runner/micromamba/envs/tardis/lib/python3.12/site-packages (from jsonschema>=4.18.0->jupyterlab-server<3,>=2.27.1->notebook>=4.4.1->widgetsnbextension~=3.6.5->ipywidgets>=7.0.0->qgridnext) (23.2.0)
2025-01-14T12:29:23.2197340Z Requirement already satisfied: jsonschema-specifications>=2023.03.6 in /Users/runner/micromamba/envs/tardis/lib/python3.12/site-packages (from jsonschema>=4.18.0->jupyterlab-server<3,>=2.27.1->notebook>=4.4.1->widgetsnbextension~=3.6.5->ipywidgets>=7.0.0->qgridnext) (2023.12.1)
2025-01-14T12:29:23.2198610Z Requirement already satisfied: referencing>=0.28.4 in /Users/runner/micromamba/envs/tardis/lib/python3.12/site-packages (from jsonschema>=4.18.0->jupyterlab-server<3,>=2.27.1->notebook>=4.4.1->widgetsnbextension~=3.6.5->ipywidgets>=7.0.0->qgridnext) (0.35.1)
2025-01-14T12:29:23.2199820Z Requirement already satisfied: rpds-py>=0.7.1 in /Users/runner/micromamba/envs/tardis/lib/python3.12/site-packages (from jsonschema>=4.18.0->jupyterlab-server<3,>=2.27.1->notebook>=4.4.1->widgetsnbextension~=3.6.5->ipywidgets>=7.0.0->qgridnext) (0.18.1)
2025-01-14T12:29:23.2201000Z Requirement already satisfied: platformdirs>=2.5 in /Users/runner/micromamba/envs/tardis/lib/python3.12/site-packages (from jupyter-core!=5.0.*,>=4.12->jupyter-server<3,>=2.4.0->notebook>=4.4.1->widgetsnbextension~=3.6.5->ipywidgets>=7.0.0->qgridnext) (4.2.2)
2025-01-14T12:29:23.2221170Z Requirement already satisfied: python-json-logger>=2.0.4 in /Users/runner/micromamba/envs/tardis/lib/python3.12/site-packages (from jupyter-events>=0.9.0->jupyter-server<3,>=2.4.0->notebook>=4.4.1->widgetsnbextension~=3.6.5->ipywidgets>=7.0.0->qgridnext) (2.0.7)
2025-01-14T12:29:23.2227740Z Requirement already satisfied: pyyaml>=5.3 in /Users/runner/micromamba/envs/tardis/lib/python3.12/site-packages (from jupyter-events>=0.9.0->jupyter-server<3,>=2.4.0->notebook>=4.4.1->widgetsnbextension~=3.6.5->ipywidgets>=7.0.0->qgridnext) (6.0.1)
2025-01-14T12:29:23.2234190Z Requirement already satisfied: rfc3339-validator in /Users/runner/micromamba/envs/tardis/lib/python3.12/site-packages (from jupyter-events>=0.9.0->jupyter-server<3,>=2.4.0->notebook>=4.4.1->widgetsnbextension~=3.6.5->ipywidgets>=7.0.0->qgridnext) (0.1.4)
2025-01-14T12:29:23.2239530Z Requirement already satisfied: rfc3986-validator>=0.1.1 in /Users/runner/micromamba/envs/tardis/lib/python3.12/site-packages (from jupyter-events>=0.9.0->jupyter-server<3,>=2.4.0->notebook>=4.4.1->widgetsnbextension~=3.6.5->ipywidgets>=7.0.0->qgridnext) (0.1.1)
2025-01-14T12:29:23.2495840Z Requirement already satisfied: beautifulsoup4 in /Users/runner/micromamba/envs/tardis/lib/python3.12/site-packages (from nbconvert>=6.4.4->jupyter-server<3,>=2.4.0->notebook>=4.4.1->widgetsnbextension~=3.6.5->ipywidgets>=7.0.0->qgridnext) (4.12.3)
2025-01-14T12:29:23.2507350Z Requirement already satisfied: bleach!=5.0.0 in /Users/runner/micromamba/envs/tardis/lib/python3.12/site-packages (from nbconvert>=6.4.4->jupyter-server<3,>=2.4.0->notebook>=4.4.1->widgetsnbextension~=3.6.5->ipywidgets>=7.0.0->qgridnext) (6.1.0)
2025-01-14T12:29:23.2516240Z Requirement already satisfied: defusedxml in /Users/runner/micromamba/envs/tardis/lib/python3.12/site-packages (from nbconvert>=6.4.4->jupyter-server<3,>=2.4.0->notebook>=4.4.1->widgetsnbextension~=3.6.5->ipywidgets>=7.0.0->qgridnext) (0.7.1)
2025-01-14T12:29:23.2525590Z Requirement already satisfied: jupyterlab-pygments in /Users/runner/micromamba/envs/tardis/lib/python3.12/site-packages (from nbconvert>=6.4.4->jupyter-server<3,>=2.4.0->notebook>=4.4.1->widgetsnbextension~=3.6.5->ipywidgets>=7.0.0->qgridnext) (0.3.0)
2025-01-14T12:29:23.2532100Z Requirement already satisfied: mistune<4,>=2.0.3 in /Users/runner/micromamba/envs/tardis/lib/python3.12/site-packages (from nbconvert>=6.4.4->jupyter-server<3,>=2.4.0->notebook>=4.4.1->widgetsnbextension~=3.6.5->ipywidgets>=7.0.0->qgridnext) (3.0.2)
2025-01-14T12:29:23.2538890Z Requirement already satisfied: nbclient>=0.5.0 in /Users/runner/micromamba/envs/tardis/lib/python3.12/site-packages (from nbconvert>=6.4.4->jupyter-server<3,>=2.4.0->notebook>=4.4.1->widgetsnbextension~=3.6.5->ipywidgets>=7.0.0->qgridnext) (0.10.0)
2025-01-14T12:29:23.2548670Z Requirement already satisfied: pandocfilters>=1.4.1 in /Users/runner/micromamba/envs/tardis/lib/python3.12/site-packages (from nbconvert>=6.4.4->jupyter-server<3,>=2.4.0->notebook>=4.4.1->widgetsnbextension~=3.6.5->ipywidgets>=7.0.0->qgridnext) (1.5.0)
2025-01-14T12:29:23.2554130Z Requirement already satisfied: tinycss2 in /Users/runner/micromamba/envs/tardis/lib/python3.12/site-packages (from nbconvert>=6.4.4->jupyter-server<3,>=2.4.0->notebook>=4.4.1->widgetsnbextension~=3.6.5->ipywidgets>=7.0.0->qgridnext) (1.3.0)
2025-01-14T12:29:23.2621590Z Requirement already satisfied: fastjsonschema>=2.15 in /Users/runner/micromamba/envs/tardis/lib/python3.12/site-packages (from nbformat>=5.3.0->jupyter-server<3,>=2.4.0->notebook>=4.4.1->widgetsnbextension~=3.6.5->ipywidgets>=7.0.0->qgridnext) (2.20.0)
2025-01-14T12:29:23.2841430Z Requirement already satisfied: charset-normalizer<4,>=2 in /Users/runner/micromamba/envs/tardis/lib/python3.12/site-packages (from requests>=2.31->jupyterlab-server<3,>=2.27.1->notebook>=4.4.1->widgetsnbextension~=3.6.5->ipywidgets>=7.0.0->qgridnext) (3.3.2)
2025-01-14T12:29:23.2943520Z Requirement already satisfied: urllib3<3,>=1.21.1 in /Users/runner/micromamba/envs/tardis/lib/python3.12/site-packages (from requests>=2.31->jupyterlab-server<3,>=2.27.1->notebook>=4.4.1->widgetsnbextension~=3.6.5->ipywidgets>=7.0.0->qgridnext) (2.2.2)
2025-01-14T12:29:23.3452330Z Requirement already satisfied: webencodings in /Users/runner/micromamba/envs/tardis/lib/python3.12/site-packages (from bleach!=5.0.0->nbconvert>=6.4.4->jupyter-server<3,>=2.4.0->notebook>=4.4.1->widgetsnbextension~=3.6.5->ipywidgets>=7.0.0->qgridnext) (0.5.1)
2025-01-14T12:29:23.3857020Z Requirement already satisfied: fqdn in /Users/runner/micromamba/envs/tardis/lib/python3.12/site-packages (from jsonschema[format-nongpl]>=4.18.0->jupyter-events>=0.9.0->jupyter-server<3,>=2.4.0->notebook>=4.4.1->widgetsnbextension~=3.6.5->ipywidgets>=7.0.0->qgridnext) (1.5.1)
2025-01-14T12:29:23.3957530Z Requirement already satisfied: isoduration in /Users/runner/micromamba/envs/tardis/lib/python3.12/site-packages (from jsonschema[format-nongpl]>=4.18.0->jupyter-events>=0.9.0->jupyter-server<3,>=2.4.0->notebook>=4.4.1->widgetsnbextension~=3.6.5->ipywidgets>=7.0.0->qgridnext) (20.11.0)
2025-01-14T12:29:23.4060080Z Requirement already satisfied: jsonpointer>1.13 in /Users/runner/micromamba/envs/tardis/lib/python3.12/site-packages (from jsonschema[format-nongpl]>=4.18.0->jupyter-events>=0.9.0->jupyter-server<3,>=2.4.0->notebook>=4.4.1->widgetsnbextension~=3.6.5->ipywidgets>=7.0.0->qgridnext) (3.0.0)
2025-01-14T12:29:23.4094950Z Requirement already satisfied: uri-template in /Users/runner/micromamba/envs/tardis/lib/python3.12/site-packages (from jsonschema[format-nongpl]>=4.18.0->jupyter-events>=0.9.0->jupyter-server<3,>=2.4.0->notebook>=4.4.1->widgetsnbextension~=3.6.5->ipywidgets>=7.0.0->qgridnext) (1.3.0)
2025-01-14T12:29:23.4134710Z Requirement already satisfied: webcolors>=1.11 in /Users/runner/micromamba/envs/tardis/lib/python3.12/site-packages (from jsonschema[format-nongpl]>=4.18.0->jupyter-events>=0.9.0->jupyter-server<3,>=2.4.0->notebook>=4.4.1->widgetsnbextension~=3.6.5->ipywidgets>=7.0.0->qgridnext) (24.6.0)
2025-01-14T12:29:23.4537160Z Requirement already satisfied: cffi>=1.0.1 in /Users/runner/micromamba/envs/tardis/lib/python3.12/site-packages (from argon2-cffi-bindings->argon2-cffi>=21.1->jupyter-server<3,>=2.4.0->notebook>=4.4.1->widgetsnbextension~=3.6.5->ipywidgets>=7.0.0->qgridnext) (1.16.0)
2025-01-14T12:29:23.4595130Z Requirement already satisfied: soupsieve>1.2 in /Users/runner/micromamba/envs/tardis/lib/python3.12/site-packages (from beautifulsoup4->nbconvert>=6.4.4->jupyter-server<3,>=2.4.0->notebook>=4.4.1->widgetsnbextension~=3.6.5->ipywidgets>=7.0.0->qgridnext) (2.5)
2025-01-14T12:29:23.4962780Z Requirement already satisfied: pycparser in /Users/runner/micromamba/envs/tardis/lib/python3.12/site-packages (from cffi>=1.0.1->argon2-cffi-bindings->argon2-cffi>=21.1->jupyter-server<3,>=2.4.0->notebook>=4.4.1->widgetsnbextension~=3.6.5->ipywidgets>=7.0.0->qgridnext) (2.22)
2025-01-14T12:29:23.5371320Z Requirement already satisfied: arrow>=0.15.0 in /Users/runner/micromamba/envs/tardis/lib/python3.12/site-packages (from isoduration->jsonschema[format-nongpl]>=4.18.0->jupyter-events>=0.9.0->jupyter-server<3,>=2.4.0->notebook>=4.4.1->widgetsnbextension~=3.6.5->ipywidgets>=7.0.0->qgridnext) (1.3.0)
2025-01-14T12:29:23.5571640Z Requirement already satisfied: types-python-dateutil>=2.8.10 in /Users/runner/micromamba/envs/tardis/lib/python3.12/site-packages (from arrow>=0.15.0->isoduration->jsonschema[format-nongpl]>=4.18.0->jupyter-events>=0.9.0->jupyter-server<3,>=2.4.0->notebook>=4.4.1->widgetsnbextension~=3.6.5->ipywidgets>=7.0.0->qgridnext) (2.9.0.20240316)
2025-01-14T12:29:23.5773410Z Downloading qgridnext-2.0.4-py3-none-any.whl (1.3 MB)
2025-01-14T12:29:23.6275890Z    â”â”â”â”â”â”â”â”â”â”â”â”â”â”â”â”â”â”â”â”â”â”â”â”â”â”â”â”â”â”â”â”â”â”â”â”â”â”â”â” 1.3/1.3 MB 26.4 MB/s eta 0:00:00
2025-01-14T12:29:24.2045310Z Installing collected packages: qgridnext
2025-01-14T12:29:24.4389060Z Successfully installed qgridnext-2.0.4
2025-01-14T12:29:24.6569070Z ##[group]Run pytest tardis --tardis-regression-data=/Users/runner/work/tardis/tardis/tardis-regression-data --cov=tardis --cov-report=xml --cov-report=html --cov-append -m " continuum"
2025-01-14T12:29:24.6570000Z [36;1mpytest tardis --tardis-regression-data=/Users/runner/work/tardis/tardis/tardis-regression-data --cov=tardis --cov-report=xml --cov-report=html --cov-append -m " continuum"[0m
2025-01-14T12:29:24.6624960Z shell: /bin/bash -l {0}
2025-01-14T12:29:24.6625140Z env:
2025-01-14T12:29:24.6625250Z   CACHE_NUMBER: 0
2025-01-14T12:29:24.6625790Z   PYTEST_FLAGS: --tardis-regression-data=/Users/runner/work/tardis/tardis/tardis-regression-data --cov=tardis --cov-report=xml --cov-report=html --cov-append
2025-01-14T12:29:24.6626310Z   CODECOV_TOKEN: 
2025-01-14T12:29:24.6626500Z   MAMBA_ROOT_PREFIX: /Users/runner/micromamba
2025-01-14T12:29:24.6626750Z   MAMBA_EXE: /Users/runner/micromamba-bin/micromamba
2025-01-14T12:29:24.6627070Z   CONDARC: /Users/runner/work/_temp/setup-micromamba/.condarc
2025-01-14T12:29:24.6627340Z ##[endgroup]
2025-01-14T12:29:36.0701280Z ============================= test session starts ==============================
2025-01-14T12:29:36.0703620Z platform darwin -- Python 3.12.4, pytest-8.2.2, pluggy-1.5.0
2025-01-14T12:29:36.0704090Z rootdir: /Users/runner/work/tardis/tardis
2025-01-14T12:29:36.0704500Z configfile: pyproject.toml
2025-01-14T12:29:36.0704900Z plugins: cov-5.0.0, html-4.1.1, metadata-3.1.1, doctestplus-1.2.1, anyio-4.4.0
2025-01-14T12:29:36.0705600Z collected 1796 items / 1794 deselected / 2 selected
2025-01-14T12:29:36.0706060Z 
2025-01-14T12:30:16.8790520Z tardis/transport/montecarlo/estimators/tests/test_continuum_property_solver.py F [ 50%]
2025-01-14T12:30:16.8791910Z                                                                          [ 50%]
2025-01-14T12:30:55.1044480Z tardis/transport/montecarlo/tests/test_continuum.py F                    [100%]
2025-01-14T12:30:55.1045680Z 
2025-01-14T12:30:55.1046310Z =================================== FAILURES ===================================
2025-01-14T12:30:55.1046940Z __________________________ test_continuum_estimators ___________________________
2025-01-14T12:30:55.1047440Z 
2025-01-14T12:30:55.1048410Z continuum_config = {'tardis_config_version': 'v1.0', 'supernova': {'luminosity_requested': <Quantity 4.31528298e+42 erg / s>, 'time_explo...': 10.0, 'survival_probability': 0.0, 'enable_biasing': False, 'virtual_packet_logging': False}}, 'config_dirname': ''}
2025-01-14T12:30:55.1049730Z nlte_atomic_dataset = <Atomic Data UUID=None MD5=None Lines=69056 Levels=26012>
2025-01-14T12:30:55.1145630Z 
2025-01-14T12:30:55.1146250Z     @pytest.mark.continuum
2025-01-14T12:30:55.1146630Z     def test_continuum_estimators(
2025-01-14T12:30:55.1147030Z         continuum_config,
2025-01-14T12:30:55.1147380Z         nlte_atomic_dataset,
2025-01-14T12:30:55.1147850Z     ):
2025-01-14T12:30:55.1148290Z         nlte_atomic_dataset = deepcopy(nlte_atomic_dataset)
2025-01-14T12:30:55.1148760Z         continuum_simulation = Simulation.from_config(
2025-01-14T12:30:55.1149210Z             continuum_config,
2025-01-14T12:30:55.1149610Z             atom_data=nlte_atomic_dataset,
2025-01-14T12:30:55.1150110Z             virtual_packet_logging=False,
2025-01-14T12:30:55.1150390Z         )
2025-01-14T12:30:55.1150870Z         # continuum_simulation.run_convergence()
2025-01-14T12:30:55.1151350Z         continuum_properties_solver_dilute_bb = (
2025-01-14T12:30:55.1151870Z             DiluteBlackBodyContinuumPropertiesSolver(
2025-01-14T12:30:55.1152280Z                 continuum_simulation.plasma.atomic_data
2025-01-14T12:30:55.1155660Z             )
2025-01-14T12:30:55.1156020Z         )
2025-01-14T12:30:55.1156380Z     
2025-01-14T12:30:55.1163970Z         continuum_properties_dilute_bb = (
2025-01-14T12:30:55.1166140Z             continuum_properties_solver_dilute_bb.solve(
2025-01-14T12:30:55.1166820Z                 continuum_simulation.simulation_state.radiation_field_state,
2025-01-14T12:30:55.1177810Z                 continuum_simulation.plasma.t_electrons,
2025-01-14T12:30:55.1178360Z             )
2025-01-14T12:30:55.1178640Z         )
2025-01-14T12:30:55.1178990Z     
2025-01-14T12:30:55.1179280Z         continuum_plasma = continuum_simulation.plasma
2025-01-14T12:30:55.1179670Z     
2025-01-14T12:30:55.1180010Z         pdt.assert_frame_equal(
2025-01-14T12:30:55.1180550Z             continuum_properties_dilute_bb.photo_ionization_rate_coefficient,
2025-01-14T12:30:55.1181090Z             continuum_simulation.plasma.gamma,
2025-01-14T12:30:55.1181560Z         )
2025-01-14T12:30:55.1181830Z         stimulated_recomb_rate_coeff = (
2025-01-14T12:30:55.1182400Z             continuum_properties_dilute_bb.stimulated_recombination_rate_factor
2025-01-14T12:30:55.1182910Z             * continuum_plasma.phi_ik.loc[
2025-01-14T12:30:55.1183540Z                 continuum_properties_dilute_bb.stimulated_recombination_rate_factor.index
2025-01-14T12:30:55.1184060Z             ]
2025-01-14T12:30:55.1184310Z         )
2025-01-14T12:30:55.1184690Z         pdt.assert_frame_equal(
2025-01-14T12:30:55.1185050Z             stimulated_recomb_rate_coeff, continuum_plasma.alpha_stim
2025-01-14T12:30:55.1185550Z         )
2025-01-14T12:30:55.1185830Z     
2025-01-14T12:30:55.1186260Z >       continuum_simulation.run_final()
2025-01-14T12:30:55.1186600Z 
2025-01-14T12:30:55.1186900Z tardis/transport/montecarlo/estimators/tests/test_continuum_property_solver.py:54: 
2025-01-14T12:30:55.1187560Z _ _ _ _ _ _ _ _ _ _ _ _ _ _ _ _ _ _ _ _ _ _ _ _ _ _ _ _ _ _ _ _ _ _ _ _ _ _ _ _ 
2025-01-14T12:30:55.1188030Z tardis/simulation/base.py:558: in run_final
2025-01-14T12:30:55.1188550Z     emitted_luminosity, v_packets_energy_hist = self.iterate(
2025-01-14T12:30:55.1189060Z tardis/simulation/base.py:462: in iterate
2025-01-14T12:30:55.1189670Z     transport_state = self.transport.initialize_transport_state(
2025-01-14T12:30:55.1190240Z tardis/transport/montecarlo/base.py:129: in initialize_transport_state
2025-01-14T12:30:55.1190800Z     ).to_numba(
2025-01-14T12:30:55.1191140Z tardis/opacities/opacity_state.py:342: in to_numba
2025-01-14T12:30:55.1191570Z     return OpacityStateNumba(
2025-01-14T12:30:55.1192180Z ../../../micromamba/envs/tardis/lib/python3.12/site-packages/numba/experimental/jitclass/base.py:124: in __call__
2025-01-14T12:30:55.1192740Z     return cls._ctor(*bind.args[1:], **bind.kwargs)
2025-01-14T12:30:55.1193260Z ../../../micromamba/envs/tardis/lib/python3.12/site-packages/numba/core/dispatcher.py:468: in _compile_for_args
2025-01-14T12:30:55.1193820Z     error_rewrite(e, 'typing')
2025-01-14T12:30:55.1194890Z _ _ _ _ _ _ _ _ _ _ _ _ _ _ _ _ _ _ _ _ _ _ _ _ _ _ _ _ _ _ _ _ _ _ _ _ _ _ _ _ 
2025-01-14T12:30:55.1195270Z 
2025-01-14T12:30:55.1196030Z e = TypingError('Failed in nopython mode pipeline (step: nopython frontend)\nInternal error at <numba.core.typeinfer.CallC...bug level for details.\n\x1b[1m\nFile "<string>", line 3:\x1b[0m\n\x1b[1m<source missing, REPL/exec in use?>\x1b[0m\n')
2025-01-14T12:30:55.1196880Z issue_type = 'typing'
2025-01-14T12:30:55.1197120Z 
2025-01-14T12:30:55.1197310Z     def error_rewrite(e, issue_type):
2025-01-14T12:30:55.1197690Z         """
2025-01-14T12:30:55.1198100Z         Rewrite and raise Exception `e` with help supplied based on the
2025-01-14T12:30:55.1198520Z         specified issue_type.
2025-01-14T12:30:55.1198950Z         """
2025-01-14T12:30:55.1199300Z         if config.SHOW_HELP:
2025-01-14T12:30:55.1199750Z             help_msg = errors.error_extras[issue_type]
2025-01-14T12:30:55.1200200Z             e.patch_message('\n'.join((str(e).rstrip(), help_msg)))
2025-01-14T12:30:55.1200720Z         if config.FULL_TRACEBACKS:
2025-01-14T12:30:55.1201150Z             raise e
2025-01-14T12:30:55.1201450Z         else:
2025-01-14T12:30:55.1202200Z >           raise e.with_traceback(None)
2025-01-14T12:30:55.1202780Z E           numba.core.errors.TypingError: Failed in nopython mode pipeline (step: nopython frontend)
2025-01-14T12:30:55.1203910Z E           Internal error at <numba.core.typeinfer.CallConstraint object at 0x161a724e0>.
2025-01-14T12:30:55.1205840Z E           [1m[1mFailed in nopython mode pipeline (step: native lowering)
2025-01-14T12:30:55.1206480Z E           [1m[1mCan't index at [1] in [1 x i64]
2025-01-14T12:30:55.1206970Z E           [1m
2025-01-14T12:30:55.1207460Z E           File "tardis/opacities/opacity_state.py", line 82:[0m
2025-01-14T12:30:55.1208190Z E           [1m    def __init__(
2025-01-14T12:30:55.1208660Z E                   <source elided>
2025-01-14T12:30:55.1209030Z E                   self.line_list_nu = line_list_nu
2025-01-14T12:30:55.1209550Z E           [1m        self.tau_sobolev = tau_sobolev
2025-01-14T12:30:55.1210930Z E           [0m        [1m^[0m[0m
2025-01-14T12:30:55.1211230Z E           [0m
2025-01-14T12:30:55.1212020Z E           [0m[1mDuring: lowering "(self).tau_sobolev = tau_sobolev" at /Users/runner/work/tardis/tardis/tardis/opacities/opacity_state.py (82)[0m
2025-01-14T12:30:55.1214860Z E           [0m[1mDuring: resolving callee type: jitclass.OpacityStateNumba#134581b50<electron_density:array(float64, 1d, A),t_electrons:array(float64, 1d, A),line_list_nu:array(float64, 1d, A),tau_sobolev:array(float64, 2d, A),transition_probabilities:array(float64, 2d, A),line2macro_level_upper:array(int64, 1d, A),macro_block_references:array(int64, 1d, A),transition_type:array(int64, 1d, A),destination_level_id:array(int64, 1d, A),transition_line_id:array(int64, 1d, A),bf_threshold_list_nu:array(float64, 1d, A),p_fb_deactivation:array(float64, 2d, A),photo_ion_nu_threshold_mins:array(float64, 1d, A),photo_ion_nu_threshold_maxs:array(float64, 1d, A),photo_ion_block_references:array(int64, 1d, A),chi_bf:array(float64, 2d, A),x_sect:array(float64, 1d, A),phot_nus:array(float64, 1d, A),ff_opacity_factor:array(float64, 1d, A),emissivities:array(float64, 2d, A),photo_ion_activation_idx:array(int64, 1d, A),k_packet_idx:int64>[0m
2025-01-14T12:30:55.1217330Z E           [0m[1mDuring: typing of call at <string> (3)
2025-01-14T12:30:55.1217780Z E           [0m
2025-01-14T12:30:55.1218090Z E           Enable logging at debug level for details.
2025-01-14T12:30:55.1218530Z E           [1m
2025-01-14T12:30:55.1218870Z E           File "<string>", line 3:[0m
2025-01-14T12:30:55.1219340Z E           [1m<source missing, REPL/exec in use?>[0m
2025-01-14T12:30:55.1219640Z 
2025-01-14T12:30:55.1219930Z ../../../micromamba/envs/tardis/lib/python3.12/site-packages/numba/core/dispatcher.py:409: TypingError
2025-01-14T12:30:55.1220450Z ----------------------------- Captured stdout call -----------------------------
2025-01-14T12:30:55.1221590Z [[1mtardis.io.model.parse_density_configuration[0m][[1;33mWARNING[0m]  
2025-01-14T12:30:55.1222380Z 	Number of density points larger than number of shells. Assuming inner point irrelevant ([1mparse_density_configuration.py[0m:114)
2025-01-14T12:30:55.1223220Z ----------------------------- Captured stderr call -----------------------------
2025-01-14T12:30:55.1223780Z OMP: Info #276: omp_set_nested routine deprecated, please use omp_set_max_active_levels instead.
2025-01-14T12:30:55.1224360Z ------------------------------ Captured log call -------------------------------
2025-01-14T12:30:55.1225220Z WARNING  tardis.io.model.parse_density_configuration:parse_density_configuration.py:114 Number of density points larger than number of shells. Assuming inner point irrelevant
2025-01-14T12:30:55.1225990Z __________________________ test_montecarlo_continuum ___________________________
2025-01-14T12:30:55.1226310Z 
2025-01-14T12:30:55.1227010Z continuum_config = {'tardis_config_version': 'v1.0', 'supernova': {'luminosity_requested': <Quantity 4.31528298e+42 erg / s>, 'time_explo...': 10.0, 'survival_probability': 0.0, 'enable_biasing': False, 'virtual_packet_logging': False}}, 'config_dirname': ''}
2025-01-14T12:30:55.1227950Z regression_data = <tardis.tests.fixtures.regression_data.RegressionData object at 0x15a017c80>
2025-01-14T12:30:55.1228680Z nlte_atomic_dataset = <Atomic Data UUID=None MD5=None Lines=69056 Levels=26012>
2025-01-14T12:30:55.1229380Z 
2025-01-14T12:30:55.1229670Z     @pytest.mark.continuum
2025-01-14T12:30:55.1229990Z     def test_montecarlo_continuum(
2025-01-14T12:30:55.1230730Z         continuum_config,
2025-01-14T12:30:55.1231130Z         regression_data,
2025-01-14T12:30:55.1231490Z         nlte_atomic_dataset,
2025-01-14T12:30:55.1231780Z     ):
2025-01-14T12:30:55.1232200Z         nlte_atomic_dataset = deepcopy(nlte_atomic_dataset)
2025-01-14T12:30:55.1232620Z         continuum_simulation = Simulation.from_config(
2025-01-14T12:30:55.1232960Z             continuum_config,
2025-01-14T12:30:55.1233280Z             atom_data=nlte_atomic_dataset,
2025-01-14T12:30:55.1233530Z             virtual_packet_logging=False,
2025-01-14T12:30:55.1233970Z         )
2025-01-14T12:30:55.1234200Z         # continuum_simulation.run_convergence()
2025-01-14T12:30:55.1234540Z     
2025-01-14T12:30:55.1234900Z >       continuum_simulation.run_final()
2025-01-14T12:30:55.1235090Z 
2025-01-14T12:30:55.1235360Z tardis/transport/montecarlo/tests/test_continuum.py:23: 
2025-01-14T12:30:55.1235820Z _ _ _ _ _ _ _ _ _ _ _ _ _ _ _ _ _ _ _ _ _ _ _ _ _ _ _ _ _ _ _ _ _ _ _ _ _ _ _ _ 
2025-01-14T12:30:55.1236180Z tardis/simulation/base.py:558: in run_final
2025-01-14T12:30:55.1236600Z     emitted_luminosity, v_packets_energy_hist = self.iterate(
2025-01-14T12:30:55.1237030Z tardis/simulation/base.py:462: in iterate
2025-01-14T12:30:55.1237540Z     transport_state = self.transport.initialize_transport_state(
2025-01-14T12:30:55.1238050Z tardis/transport/montecarlo/base.py:129: in initialize_transport_state
2025-01-14T12:30:55.1238380Z     ).to_numba(
2025-01-14T12:30:55.1238810Z tardis/opacities/opacity_state.py:342: in to_numba
2025-01-14T12:30:55.1239130Z     return OpacityStateNumba(
2025-01-14T12:30:55.1239760Z ../../../micromamba/envs/tardis/lib/python3.12/site-packages/numba/experimental/jitclass/base.py:124: in __call__
2025-01-14T12:30:55.1240380Z     return cls._ctor(*bind.args[1:], **bind.kwargs)
2025-01-14T12:30:55.1241100Z ../../../micromamba/envs/tardis/lib/python3.12/site-packages/numba/core/dispatcher.py:468: in _compile_for_args
2025-01-14T12:30:55.1241670Z     error_rewrite(e, 'typing')
2025-01-14T12:30:55.1242100Z _ _ _ _ _ _ _ _ _ _ _ _ _ _ _ _ _ _ _ _ _ _ _ _ _ _ _ _ _ _ _ _ _ _ _ _ _ _ _ _ 
2025-01-14T12:30:55.1242380Z 
2025-01-14T12:30:55.1243040Z e = TypingError('Failed in nopython mode pipeline (step: nopython frontend)\nInternal error at <numba.core.typeinfer.CallC...bug level for details.\n\x1b[1m\nFile "<string>", line 3:\x1b[0m\n\x1b[1m<source missing, REPL/exec in use?>\x1b[0m\n')
2025-01-14T12:30:55.1244300Z issue_type = 'typing'
2025-01-14T12:30:55.1244500Z 
2025-01-14T12:30:55.1244630Z     def error_rewrite(e, issue_type):
2025-01-14T12:30:55.1245110Z         """
2025-01-14T12:30:55.1245400Z         Rewrite and raise Exception `e` with help supplied based on the
2025-01-14T12:30:55.1245850Z         specified issue_type.
2025-01-14T12:30:55.1246170Z         """
2025-01-14T12:30:55.1246360Z         if config.SHOW_HELP:
2025-01-14T12:30:55.1246620Z             help_msg = errors.error_extras[issue_type]
2025-01-14T12:30:55.1247050Z             e.patch_message('\n'.join((str(e).rstrip(), help_msg)))
2025-01-14T12:30:55.1247340Z         if config.FULL_TRACEBACKS:
2025-01-14T12:30:55.1247570Z             raise e
2025-01-14T12:30:55.1247750Z         else:
2025-01-14T12:30:55.1248070Z >           raise e.with_traceback(None)
2025-01-14T12:30:55.1248650Z E           numba.core.errors.TypingError: Failed in nopython mode pipeline (step: nopython frontend)
2025-01-14T12:30:55.1249420Z E           Internal error at <numba.core.typeinfer.CallConstraint object at 0x161a724e0>.
2025-01-14T12:30:55.1250230Z E           [1m[1mFailed in nopython mode pipeline (step: native lowering)
2025-01-14T12:30:55.1250760Z E           [1m[1mCan't index at [1] in [1 x i64]
2025-01-14T12:30:55.1251040Z E           [1m
2025-01-14T12:30:55.1251470Z E           File "tardis/opacities/opacity_state.py", line 82:[0m
2025-01-14T12:30:55.1252220Z E           [1m    def __init__(
2025-01-14T12:30:55.1252510Z E                   <source elided>
2025-01-14T12:30:55.1252760Z E                   self.line_list_nu = line_list_nu
2025-01-14T12:30:55.1253080Z E           [1m        self.tau_sobolev = tau_sobolev
2025-01-14T12:30:55.1253430Z E           [0m        [1m^[0m[0m
2025-01-14T12:30:55.1253710Z E           [0m
2025-01-14T12:30:55.1254360Z E           [0m[1mDuring: lowering "(self).tau_sobolev = tau_sobolev" at /Users/runner/work/tardis/tardis/tardis/opacities/opacity_state.py (82)[0m
2025-01-14T12:30:55.1257130Z E           [0m[1mDuring: resolving callee type: jitclass.OpacityStateNumba#134581b50<electron_density:array(float64, 1d, A),t_electrons:array(float64, 1d, A),line_list_nu:array(float64, 1d, A),tau_sobolev:array(float64, 2d, A),transition_probabilities:array(float64, 2d, A),line2macro_level_upper:array(int64, 1d, A),macro_block_references:array(int64, 1d, A),transition_type:array(int64, 1d, A),destination_level_id:array(int64, 1d, A),transition_line_id:array(int64, 1d, A),bf_threshold_list_nu:array(float64, 1d, A),p_fb_deactivation:array(float64, 2d, A),photo_ion_nu_threshold_mins:array(float64, 1d, A),photo_ion_nu_threshold_maxs:array(float64, 1d, A),photo_ion_block_references:array(int64, 1d, A),chi_bf:array(float64, 2d, A),x_sect:array(float64, 1d, A),phot_nus:array(float64, 1d, A),ff_opacity_factor:array(float64, 1d, A),emissivities:array(float64, 2d, A),photo_ion_activation_idx:array(int64, 1d, A),k_packet_idx:int64>[0m
2025-01-14T12:30:55.1259500Z E           [0m[1mDuring: typing of call at <string> (3)
2025-01-14T12:30:55.1259920Z E           [0m
2025-01-14T12:30:55.1260190Z E           Enable logging at debug level for details.
2025-01-14T12:30:55.1260620Z E           [1m
2025-01-14T12:30:55.1260930Z E           File "<string>", line 3:[0m
2025-01-14T12:30:55.1261360Z E           [1m<source missing, REPL/exec in use?>[0m
2025-01-14T12:30:55.1261640Z 
2025-01-14T12:30:55.1261920Z ../../../micromamba/envs/tardis/lib/python3.12/site-packages/numba/core/dispatcher.py:409: TypingError
2025-01-14T12:30:55.1262390Z ----------------------------- Captured stdout call -----------------------------
2025-01-14T12:30:55.1262980Z [[1mtardis.io.model.parse_density_configuration[0m][[1;33mWARNING[0m]  
2025-01-14T12:30:55.1263640Z 	Number of density points larger than number of shells. Assuming inner point irrelevant ([1mparse_density_configuration.py[0m:114)
2025-01-14T12:30:55.1264240Z ------------------------------ Captured log call -------------------------------
2025-01-14T12:30:55.1265150Z WARNING  tardis.io.model.parse_density_configuration:parse_density_configuration.py:114 Number of density points larger than number of shells. Assuming inner point irrelevant
2025-01-14T12:30:55.1265840Z =============================== warnings summary ===============================
2025-01-14T12:30:55.1266160Z tardis/io/configuration/config_validator.py:6
2025-01-14T12:30:55.1267040Z tardis/io/configuration/config_validator.py:6
2025-01-14T12:30:55.1267550Z   /Users/runner/work/tardis/tardis/tardis/io/configuration/config_validator.py:6: DeprecationWarning:
2025-01-14T12:30:55.1268170Z   
2025-01-14T12:30:55.1269800Z   jsonschema.RefResolver is deprecated as of v4.18.0, in favor of the https://github.com/python-jsonschema/referencing library, which provides more compliant referencing behavior as well as more flexible APIs for customization. A future release will remove RefResolver. Please file a feature request (on referencing) if you are missing an API for the kind of customization you need.
2025-01-14T12:30:55.1270770Z 
2025-01-14T12:30:55.1271110Z ../../../micromamba/envs/tardis/lib/python3.12/site-packages/jupyter_client/connect.py:22
2025-01-14T12:30:55.1271770Z   /Users/runner/micromamba/envs/tardis/lib/python3.12/site-packages/jupyter_client/connect.py:22: DeprecationWarning:
2025-01-14T12:30:55.1272210Z   
2025-01-14T12:30:55.1272530Z   Jupyter is migrating its paths to use standard platformdirs
2025-01-14T12:30:55.1273340Z   given by the platformdirs library.  To remove this warning and
2025-01-14T12:30:55.1273690Z   see the appropriate new directories, set the environment variable
2025-01-14T12:30:55.1274140Z   `JUPYTER_PLATFORM_DIRS=1` and then run `jupyter --paths`.
2025-01-14T12:30:55.1274650Z   The use of platformdirs will be the default in `jupyter_core` v6
2025-01-14T12:30:55.1276800Z 
2025-01-14T12:30:55.1284500Z tardis/transport/montecarlo/estimators/tests/test_continuum_property_solver.py::test_continuum_estimators
2025-01-14T12:30:55.1285070Z   <string>:3: NumbaPendingDeprecationWarning:
2025-01-14T12:30:55.1285460Z   
2025-01-14T12:30:55.1286610Z   [1m[1mCode using Numba extension API maybe depending on 'old_style' error-capturing, which is deprecated and will be replaced by 'new_style' in a future release. See details at https://numba.readthedocs.io/en/latest/reference/deprecation.html#deprecation-of-old-style-numba-captured-errors
2025-01-14T12:30:55.1287530Z   Exception origin:
2025-01-14T12:30:55.1288040Z     File "/Users/runner/micromamba/envs/tardis/lib/python3.12/site-packages/llvmlite/ir/instructions.py", line 672, in __init__
2025-01-14T12:30:55.1288600Z       raise TypeError("Can't index at %r in %s"
2025-01-14T12:30:55.1288980Z   [0m[0m
2025-01-14T12:30:55.1289150Z 
2025-01-14T12:30:55.1289410Z -- Docs: https://docs.pytest.org/en/stable/how-to/capture-warnings.html
2025-01-14T12:30:55.1289670Z 
2025-01-14T12:30:55.1289900Z ---------- coverage: platform darwin, python 3.12.4-final-0 ----------
2025-01-14T12:30:55.1290350Z Coverage HTML written to dir coverage_html_report
2025-01-14T12:30:55.1290700Z Coverage XML written to file coverage.xml
2025-01-14T12:30:55.1290900Z 
2025-01-14T12:30:55.1291040Z =========================== short test summary info ============================
2025-01-14T12:30:55.1291790Z FAILED tardis/transport/montecarlo/estimators/tests/test_continuum_property_solver.py::test_continuum_estimators - numba.core.errors.TypingError: Failed in nopython mode pipeline (step: nopython frontend)
2025-01-14T12:30:55.1292580Z Internal error at <numba.core.typeinfer.CallConstraint object at 0x161a724e0>.
2025-01-14T12:30:55.1293030Z [1m[1mFailed in nopython mode pipeline (step: native lowering)
2025-01-14T12:30:55.1293420Z [1m[1mCan't index at [1] in [1 x i64]
2025-01-14T12:30:55.1293670Z [1m
2025-01-14T12:30:55.1293910Z File "tardis/opacities/opacity_state.py", line 82:[0m
2025-01-14T12:30:55.1294210Z [1m    def __init__(
2025-01-14T12:30:55.1294410Z         <source elided>
2025-01-14T12:30:55.1294900Z         self.line_list_nu = line_list_nu
2025-01-14T12:30:55.1295810Z [1m        self.tau_sobolev = tau_sobolev
2025-01-14T12:30:55.1296080Z [0m        [1m^[0m[0m
2025-01-14T12:30:55.1296300Z [0m
2025-01-14T12:30:55.1296780Z [0m[1mDuring: lowering "(self).tau_sobolev = tau_sobolev" at /Users/runner/work/tardis/tardis/tardis/opacities/opacity_state.py (82)[0m
2025-01-14T12:30:55.1299860Z [0m[1mDuring: resolving callee type: jitclass.OpacityStateNumba#134581b50<electron_density:array(float64, 1d, A),t_electrons:array(float64, 1d, A),line_list_nu:array(float64, 1d, A),tau_sobolev:array(float64, 2d, A),transition_probabilities:array(float64, 2d, A),line2macro_level_upper:array(int64, 1d, A),macro_block_references:array(int64, 1d, A),transition_type:array(int64, 1d, A),destination_level_id:array(int64, 1d, A),transition_line_id:array(int64, 1d, A),bf_threshold_list_nu:array(float64, 1d, A),p_fb_deactivation:array(float64, 2d, A),photo_ion_nu_threshold_mins:array(float64, 1d, A),photo_ion_nu_threshold_maxs:array(float64, 1d, A),photo_ion_block_references:array(int64, 1d, A),chi_bf:array(float64, 2d, A),x_sect:array(float64, 1d, A),phot_nus:array(float64, 1d, A),ff_opacity_factor:array(float64, 1d, A),emissivities:array(float64, 2d, A),photo_ion_activation_idx:array(int64, 1d, A),k_packet_idx:int64>[0m
2025-01-14T12:30:55.1302150Z [0m[1mDuring: typing of call at <string> (3)
2025-01-14T12:30:55.1302410Z [0m
2025-01-14T12:30:55.1302600Z Enable logging at debug level for details.
2025-01-14T12:30:55.1303340Z [1m
2025-01-14T12:30:55.1303730Z File "<string>", line 3:[0m
2025-01-14T12:30:55.1304120Z [1m<source missing, REPL/exec in use?>[0m
2025-01-14T12:30:55.1304840Z FAILED tardis/transport/montecarlo/tests/test_continuum.py::test_montecarlo_continuum - numba.core.errors.TypingError: Failed in nopython mode pipeline (step: nopython frontend)
2025-01-14T12:30:55.1305570Z Internal error at <numba.core.typeinfer.CallConstraint object at 0x161a724e0>.
2025-01-14T12:30:55.1306130Z [1m[1mFailed in nopython mode pipeline (step: native lowering)
2025-01-14T12:30:55.1306520Z [1m[1mCan't index at [1] in [1 x i64]
2025-01-14T12:30:55.1306880Z [1m
2025-01-14T12:30:55.1307130Z File "tardis/opacities/opacity_state.py", line 82:[0m
2025-01-14T12:30:55.1307490Z [1m    def __init__(
2025-01-14T12:30:55.1307740Z         <source elided>
2025-01-14T12:30:55.1308030Z         self.line_list_nu = line_list_nu
2025-01-14T12:30:55.1308390Z [1m        self.tau_sobolev = tau_sobolev
2025-01-14T12:30:55.1308730Z [0m        [1m^[0m[0m
2025-01-14T12:30:55.1309120Z [0m
2025-01-14T12:30:55.1309810Z [0m[1mDuring: lowering "(self).tau_sobolev = tau_sobolev" at /Users/runner/work/tardis/tardis/tardis/opacities/opacity_state.py (82)[0m
2025-01-14T12:30:55.1312530Z [0m[1mDuring: resolving callee type: jitclass.OpacityStateNumba#134581b50<electron_density:array(float64, 1d, A),t_electrons:array(float64, 1d, A),line_list_nu:array(float64, 1d, A),tau_sobolev:array(float64, 2d, A),transition_probabilities:array(float64, 2d, A),line2macro_level_upper:array(int64, 1d, A),macro_block_references:array(int64, 1d, A),transition_type:array(int64, 1d, A),destination_level_id:array(int64, 1d, A),transition_line_id:array(int64, 1d, A),bf_threshold_list_nu:array(float64, 1d, A),p_fb_deactivation:array(float64, 2d, A),photo_ion_nu_threshold_mins:array(float64, 1d, A),photo_ion_nu_threshold_maxs:array(float64, 1d, A),photo_ion_block_references:array(int64, 1d, A),chi_bf:array(float64, 2d, A),x_sect:array(float64, 1d, A),phot_nus:array(float64, 1d, A),ff_opacity_factor:array(float64, 1d, A),emissivities:array(float64, 2d, A),photo_ion_activation_idx:array(int64, 1d, A),k_packet_idx:int64>[0m
2025-01-14T12:30:55.1314870Z [0m[1mDuring: typing of call at <string> (3)
2025-01-14T12:30:55.1315130Z [0m
2025-01-14T12:30:55.1315320Z Enable logging at debug level for details.
2025-01-14T12:30:55.1315570Z [1m
2025-01-14T12:30:55.1316110Z File "<string>", line 3:[0m
2025-01-14T12:30:55.1316490Z [1m<source missing, REPL/exec in use?>[0m
2025-01-14T12:30:55.1317000Z ========== 2 failed, 1794 deselected, 4 warnings in 80.46s (0:01:20) ===========
2025-01-14T12:30:56.5048670Z ##[error]Process completed with exit code 1.
2025-01-14T12:30:56.5219010Z Post job cleanup.
2025-01-14T12:30:56.5264730Z Post job cleanup.
2025-01-14T12:30:57.2835090Z Will use pre-installed micromamba at /Users/runner/micromamba-bin/micromamba
2025-01-14T12:30:57.2838760Z Removing micromamba run shell ...
2025-01-14T12:30:57.2841090Z ##[group]Deinitialize micromamba for bash
2025-01-14T12:30:57.2854360Z [command]/Users/runner/micromamba-bin/micromamba shell deinit -s bash -r /Users/runner/micromamba --log-level warning --rc-file /Users/runner/work/_temp/setup-micromamba/.condarc
2025-01-14T12:30:57.3490970Z Resetting RC file "/Users/runner/.bash_profile"
2025-01-14T12:30:57.3491290Z Deleting config for root prefix 
2025-01-14T12:30:57.3491750Z Clearing mamba executable environment variable
2025-01-14T12:30:57.3519510Z Removing the following in your "/Users/runner/.bash_profile" file
2025-01-14T12:30:57.3532020Z # >>> mamba initialize >>>
2025-01-14T12:30:57.3532280Z ...
2025-01-14T12:30:57.3532410Z # <<< mamba initialize <<<
2025-01-14T12:30:57.3572690Z Removing environment tardis from auto-activate bash ...
2025-01-14T12:30:57.3692240Z Post job cleanup.
2025-01-14T12:30:57.3749890Z Post job cleanup.
2025-01-14T12:30:57.5477700Z [command]/opt/homebrew/bin/git version
2025-01-14T12:30:57.5878960Z git version 2.47.1
2025-01-14T12:30:57.5920450Z Copying '/Users/runner/.gitconfig' to '/Users/runner/work/_temp/48eca17e-574e-4999-959d-927d8d31ffe3/.gitconfig'
2025-01-14T12:30:57.5936410Z Temporarily overriding HOME='/Users/runner/work/_temp/48eca17e-574e-4999-959d-927d8d31ffe3' before making global git config changes
2025-01-14T12:30:57.5937150Z Adding repository directory to the temporary git global config as a safe directory
2025-01-14T12:30:57.5939330Z [command]/opt/homebrew/bin/git config --global --add safe.directory /Users/runner/work/tardis/tardis/tardis-regression-data
2025-01-14T12:30:57.6082590Z [command]/opt/homebrew/bin/git config --local --name-only --get-regexp core\.sshCommand
2025-01-14T12:30:57.6150410Z [command]/opt/homebrew/bin/git submodule foreach --recursive sh -c "git config --local --name-only --get-regexp 'core\.sshCommand' && git config --local --unset-all 'core.sshCommand' || :"
2025-01-14T12:30:57.7790940Z [command]/opt/homebrew/bin/git config --local --name-only --get-regexp http\.https\:\/\/github\.com\/\.extraheader
2025-01-14T12:30:57.7859930Z http.https://github.com/.extraheader
2025-01-14T12:30:57.7911500Z [command]/opt/homebrew/bin/git config --local --unset-all http.https://github.com/.extraheader
2025-01-14T12:30:57.7950010Z [command]/opt/homebrew/bin/git submodule foreach --recursive sh -c "git config --local --name-only --get-regexp 'http\.https\:\/\/github\.com\/\.extraheader' && git config --local --unset-all 'http.https://github.com/.extraheader' || :"
2025-01-14T12:30:57.9247410Z Post job cleanup.
2025-01-14T12:30:58.0780420Z [command]/opt/homebrew/bin/git version
2025-01-14T12:30:58.0802310Z git version 2.47.1
2025-01-14T12:30:58.0826510Z Copying '/Users/runner/.gitconfig' to '/Users/runner/work/_temp/74a02c5e-b097-434e-b71d-17f0256db916/.gitconfig'
2025-01-14T12:30:58.0827390Z Temporarily overriding HOME='/Users/runner/work/_temp/74a02c5e-b097-434e-b71d-17f0256db916' before making global git config changes
2025-01-14T12:30:58.0828110Z Adding repository directory to the temporary git global config as a safe directory
2025-01-14T12:30:58.0828720Z [command]/opt/homebrew/bin/git config --global --add safe.directory /Users/runner/work/tardis/tardis
2025-01-14T12:30:58.0829850Z [command]/opt/homebrew/bin/git config --local --name-only --get-regexp core\.sshCommand
2025-01-14T12:30:58.0861900Z [command]/opt/homebrew/bin/git submodule foreach --recursive sh -c "git config --local --name-only --get-regexp 'core\.sshCommand' && git config --local --unset-all 'core.sshCommand' || :"
2025-01-14T12:30:58.1902650Z [command]/opt/homebrew/bin/git config --local --name-only --get-regexp http\.https\:\/\/github\.com\/\.extraheader
2025-01-14T12:30:58.1948310Z http.https://github.com/.extraheader
2025-01-14T12:30:58.1957320Z [command]/opt/homebrew/bin/git config --local --unset-all http.https://github.com/.extraheader
2025-01-14T12:30:58.2017160Z [command]/opt/homebrew/bin/git submodule foreach --recursive sh -c "git config --local --name-only --get-regexp 'http\.https\:\/\/github\.com\/\.extraheader' && git config --local --unset-all 'http.https://github.com/.extraheader' || :"
2025-01-14T12:30:58.3048400Z Cleaning up orphan processes
