2025-01-14T12:27:53.1741005Z Requested labels: ubuntu-latest
2025-01-14T12:27:53.1741190Z Job defined at: tardis-sn/tardis/.github/workflows/tests.yml@refs/pull/2932/merge
2025-01-14T12:27:53.1741312Z Waiting for a runner to pick up this job...
2025-01-14T12:27:53.3700690Z Job is waiting for a hosted runner to come online.
2025-01-14T12:27:56.6119099Z Job is about to start running on the hosted runner: GitHub Actions 22 (hosted)
2025-01-14T12:27:58.6917850Z Current runner version: '2.321.0'
2025-01-14T12:27:58.6942925Z ##[group]Operating System
2025-01-14T12:27:58.6943792Z Ubuntu
2025-01-14T12:27:58.6944477Z 24.04.1
2025-01-14T12:27:58.6944966Z LTS
2025-01-14T12:27:58.6945537Z ##[endgroup]
2025-01-14T12:27:58.6946092Z ##[group]Runner Image
2025-01-14T12:27:58.6946634Z Image: ubuntu-24.04
2025-01-14T12:27:58.6947207Z Version: 20250105.1.0
2025-01-14T12:27:58.6948274Z Included Software: https://github.com/actions/runner-images/blob/ubuntu24/20250105.1/images/ubuntu/Ubuntu2404-Readme.md
2025-01-14T12:27:58.6949618Z Image Release: https://github.com/actions/runner-images/releases/tag/ubuntu24%2F20250105.1
2025-01-14T12:27:58.6950572Z ##[endgroup]
2025-01-14T12:27:58.6951125Z ##[group]Runner Image Provisioner
2025-01-14T12:27:58.6951689Z 2.0.404.1
2025-01-14T12:27:58.6952209Z ##[endgroup]
2025-01-14T12:27:58.6954608Z ##[group]GITHUB_TOKEN Permissions
2025-01-14T12:27:58.6956577Z Actions: read
2025-01-14T12:27:58.6957374Z Attestations: read
2025-01-14T12:27:58.6958031Z Checks: read
2025-01-14T12:27:58.6958544Z Contents: read
2025-01-14T12:27:58.6959018Z Deployments: read
2025-01-14T12:27:58.6959617Z Discussions: read
2025-01-14T12:27:58.6960184Z Issues: read
2025-01-14T12:27:58.6960638Z Metadata: read
2025-01-14T12:27:58.6961208Z Packages: read
2025-01-14T12:27:58.6961709Z Pages: read
2025-01-14T12:27:58.6962166Z PullRequests: read
2025-01-14T12:27:58.6962758Z RepositoryProjects: read
2025-01-14T12:27:58.6963326Z SecurityEvents: read
2025-01-14T12:27:58.6963815Z Statuses: read
2025-01-14T12:27:58.6964635Z ##[endgroup]
2025-01-14T12:27:58.6967538Z Secret source: None
2025-01-14T12:27:58.6968189Z Prepare workflow directory
2025-01-14T12:27:58.7608963Z Prepare all required actions
2025-01-14T12:27:58.7646272Z Getting action download info
2025-01-14T12:27:58.9449724Z Download action repository 'actions/checkout@v4' (SHA:11bd71901bbe5b1630ceea73d27597364c9af683)
2025-01-14T12:27:59.0444518Z Download action repository 'actions/upload-artifact@v4' (SHA:65c4c4a1ddee5b72f698fdd19549f0f0fb45cf08)
2025-01-14T12:28:00.0182850Z Complete job name:  continuum ubuntu-latest 
2025-01-14T12:28:00.0857545Z ##[group]Run actions/checkout@v4
2025-01-14T12:28:00.0858439Z with:
2025-01-14T12:28:00.0858891Z   repository: tardis-sn/tardis
2025-01-14T12:28:00.0859576Z   token: ***
2025-01-14T12:28:00.0860002Z   ssh-strict: true
2025-01-14T12:28:00.0860440Z   ssh-user: git
2025-01-14T12:28:00.0860881Z   persist-credentials: true
2025-01-14T12:28:00.0861374Z   clean: true
2025-01-14T12:28:00.0861822Z   sparse-checkout-cone-mode: true
2025-01-14T12:28:00.0862357Z   fetch-depth: 1
2025-01-14T12:28:00.0862795Z   fetch-tags: false
2025-01-14T12:28:00.0863261Z   show-progress: true
2025-01-14T12:28:00.0863708Z   lfs: false
2025-01-14T12:28:00.0864312Z   submodules: false
2025-01-14T12:28:00.0864779Z   set-safe-directory: true
2025-01-14T12:28:00.0865521Z env:
2025-01-14T12:28:00.0865934Z   CACHE_NUMBER: 0
2025-01-14T12:28:00.0867174Z   PYTEST_FLAGS: --tardis-regression-data=/home/runner/work/tardis/tardis/tardis-regression-data --cov=tardis --cov-report=xml --cov-report=html --cov-append
2025-01-14T12:28:00.0868544Z   CODECOV_TOKEN: 
2025-01-14T12:28:00.0868966Z ##[endgroup]
2025-01-14T12:28:00.2648234Z Syncing repository: tardis-sn/tardis
2025-01-14T12:28:00.2649988Z ##[group]Getting Git version info
2025-01-14T12:28:00.2650660Z Working directory is '/home/runner/work/tardis/tardis'
2025-01-14T12:28:00.2651578Z [command]/usr/bin/git version
2025-01-14T12:28:00.2711799Z git version 2.47.1
2025-01-14T12:28:00.2740252Z ##[endgroup]
2025-01-14T12:28:00.2756833Z Temporarily overriding HOME='/home/runner/work/_temp/a7791bdf-fb3a-428d-b813-011640315385' before making global git config changes
2025-01-14T12:28:00.2759232Z Adding repository directory to the temporary git global config as a safe directory
2025-01-14T12:28:00.2763406Z [command]/usr/bin/git config --global --add safe.directory /home/runner/work/tardis/tardis
2025-01-14T12:28:00.2799291Z Deleting the contents of '/home/runner/work/tardis/tardis'
2025-01-14T12:28:00.2803838Z ##[group]Initializing the repository
2025-01-14T12:28:00.2808929Z [command]/usr/bin/git init /home/runner/work/tardis/tardis
2025-01-14T12:28:00.2906262Z hint: Using 'master' as the name for the initial branch. This default branch name
2025-01-14T12:28:00.2907694Z hint: is subject to change. To configure the initial branch name to use in all
2025-01-14T12:28:00.2908649Z hint: of your new repositories, which will suppress this warning, call:
2025-01-14T12:28:00.2909329Z hint:
2025-01-14T12:28:00.2909988Z hint: 	git config --global init.defaultBranch <name>
2025-01-14T12:28:00.2910987Z hint:
2025-01-14T12:28:00.2911570Z hint: Names commonly chosen instead of 'master' are 'main', 'trunk' and
2025-01-14T12:28:00.2913008Z hint: 'development'. The just-created branch can be renamed via this command:
2025-01-14T12:28:00.2914556Z hint:
2025-01-14T12:28:00.2915275Z hint: 	git branch -m <name>
2025-01-14T12:28:00.2916545Z Initialized empty Git repository in /home/runner/work/tardis/tardis/.git/
2025-01-14T12:28:00.2923896Z [command]/usr/bin/git remote add origin https://github.com/tardis-sn/tardis
2025-01-14T12:28:00.2960755Z ##[endgroup]
2025-01-14T12:28:00.2962029Z ##[group]Disabling automatic garbage collection
2025-01-14T12:28:00.2965911Z [command]/usr/bin/git config --local gc.auto 0
2025-01-14T12:28:00.2994692Z ##[endgroup]
2025-01-14T12:28:00.2995949Z ##[group]Setting up auth
2025-01-14T12:28:00.3002090Z [command]/usr/bin/git config --local --name-only --get-regexp core\.sshCommand
2025-01-14T12:28:00.3032405Z [command]/usr/bin/git submodule foreach --recursive sh -c "git config --local --name-only --get-regexp 'core\.sshCommand' && git config --local --unset-all 'core.sshCommand' || :"
2025-01-14T12:28:00.3364541Z [command]/usr/bin/git config --local --name-only --get-regexp http\.https\:\/\/github\.com\/\.extraheader
2025-01-14T12:28:00.3393585Z [command]/usr/bin/git submodule foreach --recursive sh -c "git config --local --name-only --get-regexp 'http\.https\:\/\/github\.com\/\.extraheader' && git config --local --unset-all 'http.https://github.com/.extraheader' || :"
2025-01-14T12:28:00.3625964Z [command]/usr/bin/git config --local http.https://github.com/.extraheader AUTHORIZATION: basic ***
2025-01-14T12:28:00.3663767Z ##[endgroup]
2025-01-14T12:28:00.3665388Z ##[group]Fetching the repository
2025-01-14T12:28:00.3673943Z [command]/usr/bin/git -c protocol.version=2 fetch --no-tags --prune --no-recurse-submodules --depth=1 origin +89ac684e4cc4094366258765dda8a779357a716c:refs/remotes/pull/2932/merge
2025-01-14T12:28:02.1403909Z From https://github.com/tardis-sn/tardis
2025-01-14T12:28:02.1406598Z  * [new ref]         89ac684e4cc4094366258765dda8a779357a716c -> pull/2932/merge
2025-01-14T12:28:02.1429394Z ##[endgroup]
2025-01-14T12:28:02.1430633Z ##[group]Determining the checkout info
2025-01-14T12:28:02.1432436Z ##[endgroup]
2025-01-14T12:28:02.1436293Z [command]/usr/bin/git sparse-checkout disable
2025-01-14T12:28:02.1473887Z [command]/usr/bin/git config --local --unset-all extensions.worktreeConfig
2025-01-14T12:28:02.1501649Z ##[group]Checking out the ref
2025-01-14T12:28:02.1504927Z [command]/usr/bin/git checkout --progress --force refs/remotes/pull/2932/merge
2025-01-14T12:28:02.3500446Z Note: switching to 'refs/remotes/pull/2932/merge'.
2025-01-14T12:28:02.3502658Z 
2025-01-14T12:28:02.3503497Z You are in 'detached HEAD' state. You can look around, make experimental
2025-01-14T12:28:02.3505754Z changes and commit them, and you can discard any commits you make in this
2025-01-14T12:28:02.3507845Z state without impacting any branches by switching back to a branch.
2025-01-14T12:28:02.3509071Z 
2025-01-14T12:28:02.3509931Z If you want to create a new branch to retain commits you create, you may
2025-01-14T12:28:02.3511799Z do so (now or later) by using -c with the switch command. Example:
2025-01-14T12:28:02.3512871Z 
2025-01-14T12:28:02.3513347Z   git switch -c <new-branch-name>
2025-01-14T12:28:02.3514342Z 
2025-01-14T12:28:02.3514833Z Or undo this operation with:
2025-01-14T12:28:02.3515559Z 
2025-01-14T12:28:02.3516455Z   git switch -
2025-01-14T12:28:02.3517077Z 
2025-01-14T12:28:02.3518080Z Turn off this advice by setting config variable advice.detachedHead to false
2025-01-14T12:28:02.3519362Z 
2025-01-14T12:28:02.3520707Z HEAD is now at 89ac684 Merge 322bbf06b7d3fd981a82869c8dce7df7138c46ab into 2a06fdfb60190bbd9b49ff572d78772607138660
2025-01-14T12:28:02.3528436Z ##[endgroup]
2025-01-14T12:28:02.3574769Z [command]/usr/bin/git log -1 --format=%H
2025-01-14T12:28:02.3602814Z 89ac684e4cc4094366258765dda8a779357a716c
2025-01-14T12:28:02.3912040Z Prepare all required actions
2025-01-14T12:28:02.3913031Z Getting action download info
2025-01-14T12:28:02.5689627Z Download action repository 'actions/cache@v4' (SHA:1bd1e32a3bdc45362d1e726936510720a7c30a57)
2025-01-14T12:28:02.7490030Z ##[group]Run ./.github/actions/setup_lfs
2025-01-14T12:28:02.7490353Z with:
2025-01-14T12:28:02.7490654Z   regression-data-repo: tardis-sn/tardis-regression-data
2025-01-14T12:28:02.7491000Z env:
2025-01-14T12:28:02.7491257Z   CACHE_NUMBER: 0
2025-01-14T12:28:02.7491892Z   PYTEST_FLAGS: --tardis-regression-data=/home/runner/work/tardis/tardis/tardis-regression-data --cov=tardis --cov-report=xml --cov-report=html --cov-append
2025-01-14T12:28:02.7492551Z   CODECOV_TOKEN: 
2025-01-14T12:28:02.7492772Z ##[endgroup]
2025-01-14T12:28:02.7623237Z ##[group]Run actions/checkout@v4
2025-01-14T12:28:02.7623528Z with:
2025-01-14T12:28:02.7623780Z   repository: tardis-sn/tardis-regression-data
2025-01-14T12:28:02.7624252Z   path: tardis-regression-data
2025-01-14T12:28:02.7624713Z   token: ***
2025-01-14T12:28:02.7624935Z   ssh-strict: true
2025-01-14T12:28:02.7625156Z   ssh-user: git
2025-01-14T12:28:02.7625391Z   persist-credentials: true
2025-01-14T12:28:02.7625647Z   clean: true
2025-01-14T12:28:02.7625882Z   sparse-checkout-cone-mode: true
2025-01-14T12:28:02.7626156Z   fetch-depth: 1
2025-01-14T12:28:02.7626372Z   fetch-tags: false
2025-01-14T12:28:02.7626599Z   show-progress: true
2025-01-14T12:28:02.7626832Z   lfs: false
2025-01-14T12:28:02.7627049Z   submodules: false
2025-01-14T12:28:02.7627278Z   set-safe-directory: true
2025-01-14T12:28:02.7627520Z env:
2025-01-14T12:28:02.7627714Z   CACHE_NUMBER: 0
2025-01-14T12:28:02.7628338Z   PYTEST_FLAGS: --tardis-regression-data=/home/runner/work/tardis/tardis/tardis-regression-data --cov=tardis --cov-report=xml --cov-report=html --cov-append
2025-01-14T12:28:02.7629005Z   CODECOV_TOKEN: 
2025-01-14T12:28:02.7629222Z ##[endgroup]
2025-01-14T12:28:02.8588029Z Syncing repository: tardis-sn/tardis-regression-data
2025-01-14T12:28:02.8597055Z ##[group]Getting Git version info
2025-01-14T12:28:02.8597912Z Working directory is '/home/runner/work/tardis/tardis/tardis-regression-data'
2025-01-14T12:28:02.8640214Z [command]/usr/bin/git version
2025-01-14T12:28:02.8684845Z git version 2.47.1
2025-01-14T12:28:02.8710554Z ##[endgroup]
2025-01-14T12:28:02.8725037Z Temporarily overriding HOME='/home/runner/work/_temp/15888cda-8585-4af2-86de-2b91538e43b5' before making global git config changes
2025-01-14T12:28:02.8726513Z Adding repository directory to the temporary git global config as a safe directory
2025-01-14T12:28:02.8731727Z [command]/usr/bin/git config --global --add safe.directory /home/runner/work/tardis/tardis/tardis-regression-data
2025-01-14T12:28:02.8764915Z ##[group]Initializing the repository
2025-01-14T12:28:02.8770674Z [command]/usr/bin/git init /home/runner/work/tardis/tardis/tardis-regression-data
2025-01-14T12:28:02.8809723Z hint: Using 'master' as the name for the initial branch. This default branch name
2025-01-14T12:28:02.8810845Z hint: is subject to change. To configure the initial branch name to use in all
2025-01-14T12:28:02.8811819Z hint: of your new repositories, which will suppress this warning, call:
2025-01-14T12:28:02.8812514Z hint:
2025-01-14T12:28:02.8813022Z hint: 	git config --global init.defaultBranch <name>
2025-01-14T12:28:02.8813610Z hint:
2025-01-14T12:28:02.8814433Z hint: Names commonly chosen instead of 'master' are 'main', 'trunk' and
2025-01-14T12:28:02.8815366Z hint: 'development'. The just-created branch can be renamed via this command:
2025-01-14T12:28:02.8816450Z hint:
2025-01-14T12:28:02.8816866Z hint: 	git branch -m <name>
2025-01-14T12:28:02.8817775Z Initialized empty Git repository in /home/runner/work/tardis/tardis/tardis-regression-data/.git/
2025-01-14T12:28:02.8824283Z [command]/usr/bin/git remote add origin https://github.com/tardis-sn/tardis-regression-data
2025-01-14T12:28:02.8859283Z ##[endgroup]
2025-01-14T12:28:02.8859767Z ##[group]Disabling automatic garbage collection
2025-01-14T12:28:02.8863986Z [command]/usr/bin/git config --local gc.auto 0
2025-01-14T12:28:02.8892708Z ##[endgroup]
2025-01-14T12:28:02.8893287Z ##[group]Setting up auth
2025-01-14T12:28:02.8899867Z [command]/usr/bin/git config --local --name-only --get-regexp core\.sshCommand
2025-01-14T12:28:02.8929375Z [command]/usr/bin/git submodule foreach --recursive sh -c "git config --local --name-only --get-regexp 'core\.sshCommand' && git config --local --unset-all 'core.sshCommand' || :"
2025-01-14T12:28:02.9158619Z [command]/usr/bin/git config --local --name-only --get-regexp http\.https\:\/\/github\.com\/\.extraheader
2025-01-14T12:28:02.9188838Z [command]/usr/bin/git submodule foreach --recursive sh -c "git config --local --name-only --get-regexp 'http\.https\:\/\/github\.com\/\.extraheader' && git config --local --unset-all 'http.https://github.com/.extraheader' || :"
2025-01-14T12:28:02.9431106Z [command]/usr/bin/git config --local http.https://github.com/.extraheader AUTHORIZATION: basic ***
2025-01-14T12:28:02.9469335Z ##[endgroup]
2025-01-14T12:28:02.9469930Z ##[group]Determining the default branch
2025-01-14T12:28:02.9472973Z Retrieving the default branch name
2025-01-14T12:28:03.3047533Z Default branch 'main'
2025-01-14T12:28:03.3048351Z ##[endgroup]
2025-01-14T12:28:03.3048957Z ##[group]Fetching the repository
2025-01-14T12:28:03.3055165Z [command]/usr/bin/git -c protocol.version=2 fetch --no-tags --prune --no-recurse-submodules --depth=1 origin +refs/heads/main:refs/remotes/origin/main
2025-01-14T12:28:04.0538569Z From https://github.com/tardis-sn/tardis-regression-data
2025-01-14T12:28:04.0539498Z  * [new branch]      main       -> origin/main
2025-01-14T12:28:04.0564755Z ##[endgroup]
2025-01-14T12:28:04.0565303Z ##[group]Determining the checkout info
2025-01-14T12:28:04.0567256Z ##[endgroup]
2025-01-14T12:28:04.0572274Z [command]/usr/bin/git sparse-checkout disable
2025-01-14T12:28:04.0612045Z [command]/usr/bin/git config --local --unset-all extensions.worktreeConfig
2025-01-14T12:28:04.0642753Z ##[group]Checking out the ref
2025-01-14T12:28:04.0648093Z [command]/usr/bin/git checkout --progress --force -B main refs/remotes/origin/main
2025-01-14T12:28:04.5924722Z Switched to a new branch 'main'
2025-01-14T12:28:04.5926467Z branch 'main' set up to track 'origin/main'.
2025-01-14T12:28:04.6231877Z ##[endgroup]
2025-01-14T12:28:04.6273143Z [command]/usr/bin/git log -1 --format=%H
2025-01-14T12:28:04.6300038Z fa7729bc9c30e14b69acd641af8b692b56fcd416
2025-01-14T12:28:04.6487393Z ##[group]Run git lfs ls-files -l | cut -d' ' -f1 | sort > .lfs-assets-id
2025-01-14T12:28:04.6487892Z [36;1mgit lfs ls-files -l | cut -d' ' -f1 | sort > .lfs-assets-id[0m
2025-01-14T12:28:04.6527622Z shell: /usr/bin/bash --noprofile --norc -e -o pipefail {0}
2025-01-14T12:28:04.6527953Z env:
2025-01-14T12:28:04.6528118Z   CACHE_NUMBER: 0
2025-01-14T12:28:04.6529363Z   PYTEST_FLAGS: --tardis-regression-data=/home/runner/work/tardis/tardis/tardis-regression-data --cov=tardis --cov-report=xml --cov-report=html --cov-append
2025-01-14T12:28:04.6530061Z   CODECOV_TOKEN: 
2025-01-14T12:28:04.6530441Z ##[endgroup]
2025-01-14T12:28:04.8325315Z ##[group]Run actions/cache/restore@v4
2025-01-14T12:28:04.8325569Z with:
2025-01-14T12:28:04.8325758Z   path: tardis-regression-data/.git/lfs
2025-01-14T12:28:04.8326181Z   key: Linux-lfs-21f9fa4b6817cc69b9fae3598144724da7828e276a73bd17f47a2a49d9af090a-v1
2025-01-14T12:28:04.8326604Z   enableCrossOsArchive: false
2025-01-14T12:28:04.8326832Z   fail-on-cache-miss: false
2025-01-14T12:28:04.8327222Z   lookup-only: false
2025-01-14T12:28:04.8327408Z env:
2025-01-14T12:28:04.8327564Z   CACHE_NUMBER: 0
2025-01-14T12:28:04.8328189Z   PYTEST_FLAGS: --tardis-regression-data=/home/runner/work/tardis/tardis/tardis-regression-data --cov=tardis --cov-report=xml --cov-report=html --cov-append
2025-01-14T12:28:04.8328845Z   CODECOV_TOKEN: 
2025-01-14T12:28:04.8329019Z ##[endgroup]
2025-01-14T12:28:06.5413560Z Received 25165824 of 1708418946 (1.5%), 24.0 MBs/sec
2025-01-14T12:28:07.5419219Z Received 205520896 of 1708418946 (12.0%), 98.0 MBs/sec
2025-01-14T12:28:08.5420998Z Received 394264576 of 1708418946 (23.1%), 125.3 MBs/sec
2025-01-14T12:28:09.5422212Z Received 570425344 of 1708418946 (33.4%), 136.0 MBs/sec
2025-01-14T12:28:10.5421345Z Received 759169024 of 1708418946 (44.4%), 144.8 MBs/sec
2025-01-14T12:28:11.5419985Z Received 931135488 of 1708418946 (54.5%), 148.0 MBs/sec
2025-01-14T12:28:12.5423709Z Received 1115684864 of 1708418946 (65.3%), 152.0 MBs/sec
2025-01-14T12:28:13.5430064Z Received 1279262720 of 1708418946 (74.9%), 152.5 MBs/sec
2025-01-14T12:28:14.5432832Z Received 1463812096 of 1708418946 (85.7%), 155.1 MBs/sec
2025-01-14T12:28:15.5439588Z Received 1631584256 of 1708418946 (95.5%), 155.6 MBs/sec
2025-01-14T12:28:15.9663245Z Cache Size: ~1629 MB (1708418946 B)
2025-01-14T12:28:15.9705059Z [command]/usr/bin/tar -xf /home/runner/work/_temp/17c4abed-2635-4576-9a21-8950962a8b67/cache.tzst -P -C /home/runner/work/tardis/tardis --use-compress-program unzstd
2025-01-14T12:28:16.5451277Z Received 1708418946 of 1708418946 (100.0%), 148.1 MBs/sec
2025-01-14T12:28:21.8376875Z Cache restored successfully
2025-01-14T12:28:22.2277370Z Cache restored from key: Linux-lfs-21f9fa4b6817cc69b9fae3598144724da7828e276a73bd17f47a2a49d9af090a-v1
2025-01-14T12:28:22.2435157Z ##[group]Run git lfs checkout
2025-01-14T12:28:22.2435400Z [36;1mgit lfs checkout[0m
2025-01-14T12:28:22.2460887Z shell: /usr/bin/bash --noprofile --norc -e -o pipefail {0}
2025-01-14T12:28:22.2461190Z env:
2025-01-14T12:28:22.2461354Z   CACHE_NUMBER: 0
2025-01-14T12:28:22.2461961Z   PYTEST_FLAGS: --tardis-regression-data=/home/runner/work/tardis/tardis/tardis-regression-data --cov=tardis --cov-report=xml --cov-report=html --cov-append
2025-01-14T12:28:22.2462575Z   CODECOV_TOKEN: 
2025-01-14T12:28:22.2462750Z ##[endgroup]
2025-01-14T12:28:35.6896162Z Checking out LFS objects: 100% (204/204), 3.5 GB | 252 MB/s, done.
2025-01-14T12:28:37.3388147Z Prepare all required actions
2025-01-14T12:28:37.3388478Z Getting action download info
2025-01-14T12:28:37.5241422Z Download action repository 'mamba-org/setup-micromamba@v1' (SHA:4b9113af4fba0e9e1124b252dd6497a419e7396d)
2025-01-14T12:28:38.3815776Z ##[group]Run ./.github/actions/setup_env
2025-01-14T12:28:38.3816033Z with:
2025-01-14T12:28:38.3816210Z   os-label: linux-64
2025-01-14T12:28:38.3816391Z env:
2025-01-14T12:28:38.3816540Z   CACHE_NUMBER: 0
2025-01-14T12:28:38.3817131Z   PYTEST_FLAGS: --tardis-regression-data=/home/runner/work/tardis/tardis/tardis-regression-data --cov=tardis --cov-report=xml --cov-report=html --cov-append
2025-01-14T12:28:38.3817774Z   CODECOV_TOKEN: 
2025-01-14T12:28:38.3817954Z ##[endgroup]
2025-01-14T12:28:38.3836299Z ##[group]Run file_hash=$(cat conda-linux-64.lock | shasum -a 256 | cut -d' ' -f1)
2025-01-14T12:28:38.3836770Z [36;1mfile_hash=$(cat conda-linux-64.lock | shasum -a 256 | cut -d' ' -f1)[0m
2025-01-14T12:28:38.3837187Z [36;1mecho "file_hash=$file_hash" >> "${GITHUB_OUTPUT}"[0m
2025-01-14T12:28:38.3862730Z shell: /usr/bin/bash --noprofile --norc -e -o pipefail {0}
2025-01-14T12:28:38.3863032Z env:
2025-01-14T12:28:38.3863195Z   CACHE_NUMBER: 0
2025-01-14T12:28:38.3863791Z   PYTEST_FLAGS: --tardis-regression-data=/home/runner/work/tardis/tardis/tardis-regression-data --cov=tardis --cov-report=xml --cov-report=html --cov-append
2025-01-14T12:28:38.3864544Z   CODECOV_TOKEN: 
2025-01-14T12:28:38.3864727Z ##[endgroup]
2025-01-14T12:28:38.4446709Z ##[group]Run mamba-org/setup-micromamba@v1
2025-01-14T12:28:38.4446963Z with:
2025-01-14T12:28:38.4447154Z   environment-file: conda-linux-64.lock
2025-01-14T12:28:38.4447755Z   cache-environment-key: d7cd390425b0fd3cf82649dcc003efba9915fb4928f15d342148c3ccffcbe2ee
2025-01-14T12:28:38.4448330Z   cache-downloads-key: d7cd390425b0fd3cf82649dcc003efba9915fb4928f15d342148c3ccffcbe2ee
2025-01-14T12:28:38.4448738Z   environment-name: tardis
2025-01-14T12:28:38.4448948Z   cache-environment: true
2025-01-14T12:28:38.4449167Z   cache-downloads: true
2025-01-14T12:28:38.4449359Z env:
2025-01-14T12:28:38.4449515Z   CACHE_NUMBER: 0
2025-01-14T12:28:38.4450108Z   PYTEST_FLAGS: --tardis-regression-data=/home/runner/work/tardis/tardis/tardis-regression-data --cov=tardis --cov-report=xml --cov-report=html --cov-append
2025-01-14T12:28:38.4450727Z   CODECOV_TOKEN: 
2025-01-14T12:28:38.4450906Z ##[endgroup]
2025-01-14T12:28:38.5840955Z Will download micromamba to /home/runner/micromamba-bin/micromamba
2025-01-14T12:28:38.5852385Z ##[group]Install micromamba
2025-01-14T12:28:39.3850895Z micromamba installed to /home/runner/micromamba-bin/micromamba
2025-01-14T12:28:39.3851838Z ##[endgroup]
2025-01-14T12:28:39.3852457Z Adding conda-forge to condarc channels ...
2025-01-14T12:28:39.3862633Z ##[group]Initialize micromamba for bash.
2025-01-14T12:28:39.3879235Z [command]/home/runner/micromamba-bin/micromamba shell init -s bash -r /home/runner/micromamba --log-level warning --rc-file /home/runner/work/_temp/setup-micromamba/.condarc
2025-01-14T12:28:39.3984472Z Modifying RC file "/home/runner/.bashrc"
2025-01-14T12:28:39.3985450Z Generating config for root prefix [1m"/home/runner/micromamba"[0m
2025-01-14T12:28:39.3986264Z Setting mamba executable to: [1m"/home/runner/micromamba-bin/micromamba"[0m
2025-01-14T12:28:39.3986903Z Adding (or replacing) the following in your "/home/runner/.bashrc" file
2025-01-14T12:28:39.3987177Z 
2025-01-14T12:28:39.3987260Z # >>> mamba initialize >>>
2025-01-14T12:28:39.3987535Z # !! Contents within this block are managed by 'mamba init' !!
2025-01-14T12:28:39.3987889Z export MAMBA_EXE='/home/runner/micromamba-bin/micromamba';
2025-01-14T12:28:39.3988239Z export MAMBA_ROOT_PREFIX='/home/runner/micromamba';
2025-01-14T12:28:39.3988675Z __mamba_setup="$("$MAMBA_EXE" shell hook --shell bash --root-prefix "$MAMBA_ROOT_PREFIX" 2> /dev/null)"
2025-01-14T12:28:39.3989099Z if [ $? -eq 0 ]; then
2025-01-14T12:28:39.3989292Z     eval "$__mamba_setup"
2025-01-14T12:28:39.3989482Z else
2025-01-14T12:28:39.3990033Z     alias micromamba="$MAMBA_EXE"  # Fallback on help from mamba activate
2025-01-14T12:28:39.3990351Z fi
2025-01-14T12:28:39.3990507Z unset __mamba_setup
2025-01-14T12:28:39.3990693Z # <<< mamba initialize <<<
2025-01-14T12:28:39.3990819Z 
2025-01-14T12:28:39.4004254Z Moving mamba initialize block to .bash_profile
2025-01-14T12:28:39.4055943Z ##[endgroup]
2025-01-14T12:28:39.4057120Z ##[group]Restoring downloads from `/home/runner/micromamba/pkgs` ...
2025-01-14T12:28:40.9196648Z Received 8388608 of 356800233 (2.4%), 8.0 MBs/sec
2025-01-14T12:28:41.9257577Z Received 184549376 of 356800233 (51.7%), 87.7 MBs/sec
2025-01-14T12:28:42.9267355Z Received 340023017 of 356800233 (95.3%), 107.8 MBs/sec
2025-01-14T12:28:43.5785396Z Cache Size: ~340 MB (356800233 B)
2025-01-14T12:28:43.5885752Z [command]/usr/bin/tar -xf /home/runner/work/_temp/e28a3e87-19f5-455d-b2cb-6e5e0bf749fa/cache.tzst -P -C /home/runner/work/tardis/tardis --use-compress-program unzstd
2025-01-14T12:28:43.9277063Z Received 356800233 of 356800233 (100.0%), 84.9 MBs/sec
2025-01-14T12:28:44.0474997Z Cache restored successfully
2025-01-14T12:28:44.1194388Z Restored cache with key `d7cd390425b0fd3cf82649dcc003efba9915fb4928f15d342148c3ccffcbe2ee-linux-64`
2025-01-14T12:28:44.1195207Z ##[endgroup]
2025-01-14T12:28:44.1206650Z ##[group]Restoring environment `tardis` from `/home/runner/micromamba/envs/tardis` ...
2025-01-14T12:28:45.4258150Z Received 20971520 of 444592193 (4.7%), 20.0 MBs/sec
2025-01-14T12:28:46.4249988Z Received 184549376 of 444592193 (41.5%), 88.0 MBs/sec
2025-01-14T12:28:47.4249975Z Received 322961408 of 444592193 (72.6%), 102.6 MBs/sec
2025-01-14T12:28:48.1990849Z Cache Size: ~424 MB (444592193 B)
2025-01-14T12:28:48.2030833Z [command]/usr/bin/tar -xf /home/runner/work/_temp/a1508158-f7f8-496c-8fbc-21d80f519f7c/cache.tzst -P -C /home/runner/work/tardis/tardis --use-compress-program unzstd
2025-01-14T12:28:48.4262493Z Received 444592193 of 444592193 (100.0%), 105.9 MBs/sec
2025-01-14T12:28:53.4792874Z Cache restored successfully
2025-01-14T12:28:53.8119343Z Restored cache with key `d7cd390425b0fd3cf82649dcc003efba9915fb4928f15d342148c3ccffcbe2ee-linux-64-tardis-args-4f53cda-root-dcc80ee-bin-[object Promise]-file-d7cd390425b0fd3cf82649dcc003efba9915fb4928f15d342148c3ccffcbe2ee`
2025-01-14T12:28:53.8121488Z ##[endgroup]
2025-01-14T12:28:53.8121911Z Adding environment tardis to auto-activate bash ...
2025-01-14T12:28:53.8131207Z Generating micromamba run shell.
2025-01-14T12:28:53.8139701Z ##[endgroup]
2025-01-14T12:28:53.8145223Z Set environment variables.
2025-01-14T12:28:53.8149056Z ##[group]micromamba info
2025-01-14T12:28:53.8152534Z [command]/home/runner/micromamba-bin/micromamba info -r /home/runner/micromamba -n tardis
2025-01-14T12:28:53.8378960Z 
2025-01-14T12:28:53.8379654Z        libmamba version : 1.5.10
2025-01-14T12:28:53.8380149Z      micromamba version : 1.5.10
2025-01-14T12:28:53.8380812Z            curl version : libcurl/8.10.1 OpenSSL/3.3.2 zlib/1.3.1 zstd/1.5.6 libssh2/1.11.0 nghttp2/1.58.0
2025-01-14T12:28:53.8381393Z      libarchive version : libarchive 3.7.4 zlib/1.2.13 bz2lib/1.0.8 libzstd/1.5.6
2025-01-14T12:28:53.8381793Z        envs directories : /home/runner/micromamba/envs
2025-01-14T12:28:53.8382106Z           package cache : /home/runner/micromamba/pkgs
2025-01-14T12:28:53.8382400Z                           /home/runner/.mamba/pkgs
2025-01-14T12:28:53.8382666Z             environment : tardis
2025-01-14T12:28:53.8382944Z            env location : /home/runner/micromamba/envs/tardis
2025-01-14T12:28:53.8383253Z       user config files : /home/runner/.mambarc
2025-01-14T12:28:53.8383628Z  populated config files : /home/runner/work/_temp/setup-micromamba/.condarc
2025-01-14T12:28:53.8384196Z        virtual packages : __unix=0=0
2025-01-14T12:28:53.8384512Z                           __linux=6.8.0=0
2025-01-14T12:28:53.8384762Z                           __glibc=2.39=0
2025-01-14T12:28:53.8385014Z                           __archspec=1=x86_64_v3
2025-01-14T12:28:53.8385735Z                channels : https://conda.anaconda.org/conda-forge/linux-64
2025-01-14T12:28:53.8386392Z                           https://conda.anaconda.org/conda-forge/noarch
2025-01-14T12:28:53.8386815Z        base environment : /home/runner/micromamba
2025-01-14T12:28:53.8387151Z                platform : linux-64
2025-01-14T12:28:53.8396925Z ##[endgroup]
2025-01-14T12:28:53.8397836Z ##[group]micromamba list
2025-01-14T12:28:53.8399424Z [command]/home/runner/micromamba-bin/micromamba list -r /home/runner/micromamba -n tardis
2025-01-14T12:28:54.2282881Z List of packages in environment: "/home/runner/micromamba/envs/tardis"
2025-01-14T12:28:54.2283652Z 
2025-01-14T12:28:54.2284452Z   Name                           Version              Build                    Channel    
2025-01-14T12:28:54.2285768Z â”€â”€â”€â”€â”€â”€â”€â”€â”€â”€â”€â”€â”€â”€â”€â”€â”€â”€â”€â”€â”€â”€â”€â”€â”€â”€â”€â”€â”€â”€â”€â”€â”€â”€â”€â”€â”€â”€â”€â”€â”€â”€â”€â”€â”€â”€â”€â”€â”€â”€â”€â”€â”€â”€â”€â”€â”€â”€â”€â”€â”€â”€â”€â”€â”€â”€â”€â”€â”€â”€â”€â”€â”€â”€â”€â”€â”€â”€â”€â”€â”€â”€â”€â”€â”€â”€â”€â”€â”€â”€â”€â”€
2025-01-14T12:28:54.2286748Z   _libgcc_mutex                  0.1                  conda_forge              conda-forge
2025-01-14T12:28:54.2287448Z   _openmp_mutex                  4.5                  2_gnu                    conda-forge
2025-01-14T12:28:54.2287971Z   alabaster                      0.7.16               pyhd8ed1ab_0             conda-forge
2025-01-14T12:28:54.2288470Z   anyio                          4.4.0                pyhd8ed1ab_0             conda-forge
2025-01-14T12:28:54.2288916Z   argon2-cffi                    23.1.0               pyhd8ed1ab_0             conda-forge
2025-01-14T12:28:54.2308815Z   argon2-cffi-bindings           21.2.0               py312h98912ed_4          conda-forge
2025-01-14T12:28:54.2309595Z   arrow                          1.3.0                pyhd8ed1ab_0             conda-forge
2025-01-14T12:28:54.2310559Z   astropy                        6.1.1                py312h085067d_0          conda-forge
2025-01-14T12:28:54.2311210Z   astropy-iers-data              0.2024.6.17.0.31.35  pyhd8ed1ab_0             conda-forge
2025-01-14T12:28:54.2311972Z   astropy-sphinx-theme           1.1                  pyhd8ed1ab_0             conda-forge
2025-01-14T12:28:54.2312769Z   asttokens                      2.4.1                pyhd8ed1ab_0             conda-forge
2025-01-14T12:28:54.2313514Z   async-lru                      2.0.4                pyhd8ed1ab_0             conda-forge
2025-01-14T12:28:54.2314340Z   atk-1.0                        2.38.0               h04ea711_2               conda-forge
2025-01-14T12:28:54.2314945Z   attrs                          23.2.0               pyh71513ae_0             conda-forge
2025-01-14T12:28:54.2315561Z   babel                          2.14.0               pyhd8ed1ab_0             conda-forge
2025-01-14T12:28:54.2316236Z   beautifulsoup4                 4.12.3               pyha770c72_0             conda-forge
2025-01-14T12:28:54.2316857Z   bleach                         6.1.0                pyhd8ed1ab_0             conda-forge
2025-01-14T12:28:54.2317222Z   blosc                          1.21.5               hc2324a3_1               conda-forge
2025-01-14T12:28:54.2317582Z   brotli                         1.1.0                hd590300_1               conda-forge
2025-01-14T12:28:54.2317946Z   brotli-bin                     1.1.0                hd590300_1               conda-forge
2025-01-14T12:28:54.2318627Z   brotli-python                  1.1.0                py312h30efb56_1          conda-forge
2025-01-14T12:28:54.2319240Z   bzip2                          1.0.8                hd590300_5               conda-forge
2025-01-14T12:28:54.2319699Z   c-ares                         1.28.1               hd590300_0               conda-forge
2025-01-14T12:28:54.2320046Z   c-blosc2                       2.14.4               hb4ffafa_1               conda-forge
2025-01-14T12:28:54.2320433Z   ca-certificates                2024.6.2             hbcca054_0               conda-forge
2025-01-14T12:28:54.2321101Z   cached-property                1.5.2                hd8ed1ab_1               conda-forge
2025-01-14T12:28:54.2321981Z   cached_property                1.5.2                pyha770c72_1             conda-forge
2025-01-14T12:28:54.2322618Z   cairo                          1.18.0               h3faef2a_0               conda-forge
2025-01-14T12:28:54.2323199Z   certifi                        2024.6.2             pyhd8ed1ab_0             conda-forge
2025-01-14T12:28:54.2323804Z   cffi                           1.16.0               py312hf06ca03_0          conda-forge
2025-01-14T12:28:54.2324612Z   charset-normalizer             3.3.2                pyhd8ed1ab_0             conda-forge
2025-01-14T12:28:54.2325300Z   click                          8.1.7                unix_pyh707e725_0        conda-forge
2025-01-14T12:28:54.2325846Z   codespell                      2.3.0                pyhd8ed1ab_0             conda-forge
2025-01-14T12:28:54.2326512Z   colorama                       0.4.6                pyhd8ed1ab_0             conda-forge
2025-01-14T12:28:54.2327129Z   comm                           0.2.2                pyhd8ed1ab_0             conda-forge
2025-01-14T12:28:54.2327697Z   commonmark                     0.9.1                py_0                     conda-forge
2025-01-14T12:28:54.2328269Z   contourpy                      1.2.1                py312h8572e83_0          conda-forge
2025-01-14T12:28:54.2328960Z   coverage                       7.5.3                py312h9a8786e_0          conda-forge
2025-01-14T12:28:54.2333793Z   cycler                         0.12.1               pyhd8ed1ab_0             conda-forge
2025-01-14T12:28:54.2334682Z   dataclasses                    0.8                  pyhc8e2a94_3             conda-forge
2025-01-14T12:28:54.2335349Z   debugpy                        1.8.1                py312h30efb56_0          conda-forge
2025-01-14T12:28:54.2336315Z   decorator                      5.1.1                pyhd8ed1ab_0             conda-forge
2025-01-14T12:28:54.2336977Z   defusedxml                     0.7.1                pyhd8ed1ab_0             conda-forge
2025-01-14T12:28:54.2358275Z   docutils                       0.20.1               py312h7900ff3_3          conda-forge
2025-01-14T12:28:54.2358754Z   dot2tex                        2.11.3               pyhd8ed1ab_0             conda-forge
2025-01-14T12:28:54.2359332Z   entrypoints                    0.4                  pyhd8ed1ab_0             conda-forge
2025-01-14T12:28:54.2359734Z   exceptiongroup                 1.2.0                pyhd8ed1ab_2             conda-forge
2025-01-14T12:28:54.2360160Z   executing                      2.0.1                pyhd8ed1ab_0             conda-forge
2025-01-14T12:28:54.2360497Z   expat                          2.6.2                h59595ed_0               conda-forge
2025-01-14T12:28:54.2360879Z   font-ttf-dejavu-sans-mono      2.37                 hab24e00_0               conda-forge
2025-01-14T12:28:54.2361310Z   font-ttf-inconsolata           3.000                h77eed37_0               conda-forge
2025-01-14T12:28:54.2361728Z   font-ttf-source-code-pro       2.038                h77eed37_0               conda-forge
2025-01-14T12:28:54.2362123Z   font-ttf-ubuntu                0.83                 h77eed37_2               conda-forge
2025-01-14T12:28:54.2362482Z   fontconfig                     2.14.2               h14ed4e7_0               conda-forge
2025-01-14T12:28:54.2362855Z   fonts-conda-ecosystem          1                    0                        conda-forge
2025-01-14T12:28:54.2363234Z   fonts-conda-forge              1                    0                        conda-forge
2025-01-14T12:28:54.2363592Z   fonttools                      4.53.0               py312h9a8786e_0          conda-forge
2025-01-14T12:28:54.2363925Z   fqdn                           1.5.1                pyhd8ed1ab_0             conda-forge
2025-01-14T12:28:54.2364426Z   freetype                       2.12.1               h267a509_2               conda-forge
2025-01-14T12:28:54.2364759Z   fribidi                        1.0.10               h36c2ea0_0               conda-forge
2025-01-14T12:28:54.2365081Z   future                         1.0.0                pyhd8ed1ab_0             conda-forge
2025-01-14T12:28:54.2365624Z   gdk-pixbuf                     2.42.12              hb9ae30d_0               conda-forge
2025-01-14T12:28:54.2365962Z   giflib                         5.2.2                hd590300_0               conda-forge
2025-01-14T12:28:54.2366275Z   git-lfs                        3.5.1                ha770c72_0               conda-forge
2025-01-14T12:28:54.2366577Z   gmp                            6.3.0                h59595ed_1               conda-forge
2025-01-14T12:28:54.2366882Z   gmpy2                          2.1.5                py312h1d5cde6_1          conda-forge
2025-01-14T12:28:54.2367206Z   graphite2                      1.3.13               h59595ed_1003            conda-forge
2025-01-14T12:28:54.2367544Z   graphviz                       11.0.0               hc68bbd7_0               conda-forge
2025-01-14T12:28:54.2367862Z   gtk2                           2.24.33              h280cfa0_4               conda-forge
2025-01-14T12:28:54.2368163Z   gts                            0.7.6                h977cf35_4               conda-forge
2025-01-14T12:28:54.2368457Z   h11                            0.14.0               pyhd8ed1ab_0             conda-forge
2025-01-14T12:28:54.2368751Z   h2                             4.1.0                pyhd8ed1ab_0             conda-forge
2025-01-14T12:28:54.2369056Z   h5py                           3.11.0               nompi_py312hb7ab980_102  conda-forge
2025-01-14T12:28:54.2369381Z   harfbuzz                       8.5.0                hfac3d4d_0               conda-forge
2025-01-14T12:28:54.2369722Z   hdf5                           1.14.3               nompi_hdf9ad27_105       conda-forge
2025-01-14T12:28:54.2370168Z   hpack                          4.0.0                pyh9f0ad1d_0             conda-forge
2025-01-14T12:28:54.2370499Z   httpcore                       1.0.5                pyhd8ed1ab_0             conda-forge
2025-01-14T12:28:54.2370829Z   httpx                          0.27.0               pyhd8ed1ab_0             conda-forge
2025-01-14T12:28:54.2371170Z   hyperframe                     6.0.1                pyhd8ed1ab_0             conda-forge
2025-01-14T12:28:54.2371498Z   icu                            73.2                 h59595ed_0               conda-forge
2025-01-14T12:28:54.2371800Z   idna                           3.7                  pyhd8ed1ab_0             conda-forge
2025-01-14T12:28:54.2372129Z   imagesize                      1.4.1                pyhd8ed1ab_0             conda-forge
2025-01-14T12:28:54.2372501Z   importlib-metadata             7.1.0                pyha770c72_0             conda-forge
2025-01-14T12:28:54.2372892Z   importlib_metadata             7.1.0                hd8ed1ab_0               conda-forge
2025-01-14T12:28:54.2373288Z   importlib_resources            6.4.0                pyhd8ed1ab_0             conda-forge
2025-01-14T12:28:54.2373660Z   iniconfig                      2.0.0                pyhd8ed1ab_0             conda-forge
2025-01-14T12:28:54.2374618Z   ipykernel                      6.29.4               pyh3099207_0             conda-forge
2025-01-14T12:28:54.2374998Z   ipython                        8.25.0               pyh707e725_0             conda-forge
2025-01-14T12:28:54.2375381Z   ipython_genutils               0.2.0                pyhd8ed1ab_1             conda-forge
2025-01-14T12:28:54.2375753Z   ipywidgets                     7.8.0                pyhd8ed1ab_0             conda-forge
2025-01-14T12:28:54.2376111Z   isoduration                    20.11.0              pyhd8ed1ab_0             conda-forge
2025-01-14T12:28:54.2376451Z   jedi                           0.19.1               pyhd8ed1ab_0             conda-forge
2025-01-14T12:28:54.2376776Z   jinja2                         3.1.4                pyhd8ed1ab_0             conda-forge
2025-01-14T12:28:54.2377100Z   json5                          0.9.25               pyhd8ed1ab_0             conda-forge
2025-01-14T12:28:54.2377440Z   jsonpointer                    3.0.0                py312h7900ff3_0          conda-forge
2025-01-14T12:28:54.2377927Z   jsonschema                     4.22.0               pyhd8ed1ab_0             conda-forge
2025-01-14T12:28:54.2378350Z   jsonschema-specifications      2023.12.1            pyhd8ed1ab_0             conda-forge
2025-01-14T12:28:54.2378829Z   jsonschema-with-format-nongpl  4.22.0               pyhd8ed1ab_0             conda-forge
2025-01-14T12:28:54.2379247Z   jupyter-lsp                    2.2.5                pyhd8ed1ab_0             conda-forge
2025-01-14T12:28:54.2379608Z   jupyter_client                 8.6.2                pyhd8ed1ab_0             conda-forge
2025-01-14T12:28:54.2379969Z   jupyter_core                   5.7.2                py312h7900ff3_0          conda-forge
2025-01-14T12:28:54.2380338Z   jupyter_events                 0.10.0               pyhd8ed1ab_0             conda-forge
2025-01-14T12:28:54.2380708Z   jupyter_server                 2.14.1               pyhd8ed1ab_0             conda-forge
2025-01-14T12:28:54.2381105Z   jupyter_server_terminals       0.5.3                pyhd8ed1ab_0             conda-forge
2025-01-14T12:28:54.2381494Z   jupyterlab                     4.2.2                pyhd8ed1ab_0             conda-forge
2025-01-14T12:28:54.2381867Z   jupyterlab_pygments            0.3.0                pyhd8ed1ab_1             conda-forge
2025-01-14T12:28:54.2382262Z   jupyterlab_server              2.27.2               pyhd8ed1ab_0             conda-forge
2025-01-14T12:28:54.2382648Z   jupyterlab_widgets             1.1.7                pyhd8ed1ab_0             conda-forge
2025-01-14T12:28:54.2383093Z   keyutils                       1.6.1                h166bdaf_0               conda-forge
2025-01-14T12:28:54.2383584Z   kiwisolver                     1.4.5                py312h8572e83_1          conda-forge
2025-01-14T12:28:54.2383912Z   krb5                           1.21.2               h659d440_0               conda-forge
2025-01-14T12:28:54.2384505Z   latexcodec                     2.0.1                pyh9f0ad1d_0             conda-forge
2025-01-14T12:28:54.2384847Z   lcms2                          2.16                 hb7c19ff_0               conda-forge
2025-01-14T12:28:54.2385185Z   ld_impl_linux-64               2.40                 hf3520f5_7               conda-forge
2025-01-14T12:28:54.2385517Z   lerc                           4.0.0                h27087fc_0               conda-forge
2025-01-14T12:28:54.2385829Z   libaec                         1.1.3                h59595ed_0               conda-forge
2025-01-14T12:28:54.2386165Z   libblas                        3.9.0                22_linux64_openblas      conda-forge
2025-01-14T12:28:54.2386531Z   libbrotlicommon                1.1.0                hd590300_1               conda-forge
2025-01-14T12:28:54.2386903Z   libbrotlidec                   1.1.0                hd590300_1               conda-forge
2025-01-14T12:28:54.2387259Z   libbrotlienc                   1.1.0                hd590300_1               conda-forge
2025-01-14T12:28:54.2387611Z   libcblas                       3.9.0                22_linux64_openblas      conda-forge
2025-01-14T12:28:54.2387949Z   libcurl                        8.8.0                hca28451_0               conda-forge
2025-01-14T12:28:54.2388287Z   libdeflate                     1.20                 hd590300_0               conda-forge
2025-01-14T12:28:54.2388650Z   libedit                        3.1.20191231         he28a2e2_2               conda-forge
2025-01-14T12:28:54.2388983Z   libev                          4.33                 hd590300_2               conda-forge
2025-01-14T12:28:54.2389310Z   libexpat                       2.6.2                h59595ed_0               conda-forge
2025-01-14T12:28:54.2389643Z   libffi                         3.4.2                h7f98852_5               conda-forge
2025-01-14T12:28:54.2389969Z   libgcc-ng                      13.2.0               h77fa898_10              conda-forge
2025-01-14T12:28:54.2390294Z   libgd                          2.3.3                h119a65a_9               conda-forge
2025-01-14T12:28:54.2390763Z   libgfortran-ng                 13.2.0               h69a702a_10              conda-forge
2025-01-14T12:28:54.2391132Z   libgfortran5                   13.2.0               h3d2ce59_10              conda-forge
2025-01-14T12:28:54.2391475Z   libglib                        2.80.2               h8a4344b_1               conda-forge
2025-01-14T12:28:54.2391802Z   libgomp                        13.2.0               h77fa898_10              conda-forge
2025-01-14T12:28:54.2392136Z   libiconv                       1.17                 hd590300_2               conda-forge
2025-01-14T12:28:54.2392480Z   libjpeg-turbo                  3.0.0                hd590300_1               conda-forge
2025-01-14T12:28:54.2392845Z   liblapack                      3.9.0                22_linux64_openblas      conda-forge
2025-01-14T12:28:54.2393199Z   libllvm14                      14.0.6               hcd5def8_4               conda-forge
2025-01-14T12:28:54.2393550Z   libnghttp2                     1.58.0               h47da74e_1               conda-forge
2025-01-14T12:28:54.2393894Z   libnsl                         2.0.1                hd590300_0               conda-forge
2025-01-14T12:28:54.2394670Z   libopenblas                    0.3.27               pthreads_h413a1c8_0      conda-forge
2025-01-14T12:28:54.2395039Z   libpng                         1.6.43               h2797004_0               conda-forge
2025-01-14T12:28:54.2395375Z   librsvg                        2.58.1               hadf69e7_0               conda-forge
2025-01-14T12:28:54.2395718Z   libsodium                      1.0.18               h36c2ea0_1               conda-forge
2025-01-14T12:28:54.2396195Z   libsqlite                      3.46.0               hde9e2c9_0               conda-forge
2025-01-14T12:28:54.2396528Z   libssh2                        1.11.0               h0841786_0               conda-forge
2025-01-14T12:28:54.2396868Z   libstdcxx-ng                   13.2.0               hc0a3c3a_10              conda-forge
2025-01-14T12:28:54.2397217Z   libtiff                        4.6.0                h1dd3fc0_3               conda-forge
2025-01-14T12:28:54.2397550Z   libuuid                        2.38.1               h0b41bf4_0               conda-forge
2025-01-14T12:28:54.2397879Z   libwebp                        1.4.0                h2c329e2_0               conda-forge
2025-01-14T12:28:54.2398220Z   libwebp-base                   1.4.0                hd590300_0               conda-forge
2025-01-14T12:28:54.2398558Z   libxcb                         1.15                 h0b41bf4_0               conda-forge
2025-01-14T12:28:54.2398891Z   libxcrypt                      4.4.36               hd590300_1               conda-forge
2025-01-14T12:28:54.2399235Z   libxml2                        2.12.7               hc051c1a_1               conda-forge
2025-01-14T12:28:54.2399562Z   libxslt                        1.1.39               h76b75d6_0               conda-forge
2025-01-14T12:28:54.2399888Z   libzlib                        1.3.1                h4ab18f5_1               conda-forge
2025-01-14T12:28:54.2400227Z   llvmlite                       0.42.0               py312hb06c811_1          conda-forge
2025-01-14T12:28:54.2400558Z   lxml                           5.2.2                py312hb90d8a5_0          conda-forge
2025-01-14T12:28:54.2400868Z   lz4-c                          1.9.4                hcb278e6_0               conda-forge
2025-01-14T12:28:54.2401172Z   lzo                            2.10                 hd590300_1001            conda-forge
2025-01-14T12:28:54.2401502Z   markupsafe                     2.1.5                py312h98912ed_0          conda-forge
2025-01-14T12:28:54.2401873Z   matplotlib-base                3.8.4                py312h20ab3a6_2          conda-forge
2025-01-14T12:28:54.2402272Z   matplotlib-inline              0.1.7                pyhd8ed1ab_0             conda-forge
2025-01-14T12:28:54.2402642Z   mistune                        3.0.2                pyhd8ed1ab_0             conda-forge
2025-01-14T12:28:54.2403100Z   mpc                            1.3.1                hfe3b2da_0               conda-forge
2025-01-14T12:28:54.2403415Z   mpfr                           4.2.1                h9458935_1               conda-forge
2025-01-14T12:28:54.2403734Z   mpmath                         1.3.0                pyhd8ed1ab_0             conda-forge
2025-01-14T12:28:54.2404195Z   munkres                        1.1.4                pyh9f0ad1d_0             conda-forge
2025-01-14T12:28:54.2404555Z   mypy_extensions                1.0.0                pyha770c72_0             conda-forge
2025-01-14T12:28:54.2404917Z   nbclassic                      1.1.0                pyhd8ed1ab_0             conda-forge
2025-01-14T12:28:54.2405271Z   nbclient                       0.10.0               pyhd8ed1ab_0             conda-forge
2025-01-14T12:28:54.2405615Z   nbconvert                      7.16.4               hd8ed1ab_1               conda-forge
2025-01-14T12:28:54.2405974Z   nbconvert-core                 7.16.4               pyhd8ed1ab_1             conda-forge
2025-01-14T12:28:54.2406362Z   nbconvert-pandoc               7.16.4               hd8ed1ab_1               conda-forge
2025-01-14T12:28:54.2406735Z   nbformat                       5.10.4               pyhd8ed1ab_0             conda-forge
2025-01-14T12:28:54.2407072Z   nbsphinx                       0.9.4                pyhd8ed1ab_0             conda-forge
2025-01-14T12:28:54.2407403Z   ncurses                        6.5                  h59595ed_0               conda-forge
2025-01-14T12:28:54.2407890Z   nest-asyncio                   1.6.0                pyhd8ed1ab_0             conda-forge
2025-01-14T12:28:54.2408516Z   networkx                       3.3                  pyhd8ed1ab_1             conda-forge
2025-01-14T12:28:54.2409248Z   nomkl                          1.0                  h5ca1d4c_0               conda-forge
2025-01-14T12:28:54.2409829Z   notebook                       7.2.1                pyhd8ed1ab_0             conda-forge
2025-01-14T12:28:54.2410356Z   notebook-shim                  0.2.4                pyhd8ed1ab_0             conda-forge
2025-01-14T12:28:54.2410712Z   numba                          0.59.1               py312hacefee8_0          conda-forge
2025-01-14T12:28:54.2411054Z   numexpr                        2.10.0               py312hf412c99_100        conda-forge
2025-01-14T12:28:54.2411392Z   numpy                          1.26.4               py312heda63a1_0          conda-forge
2025-01-14T12:28:54.2411725Z   numpydoc                       1.7.0                pyhd8ed1ab_1             conda-forge
2025-01-14T12:28:54.2412068Z   openjpeg                       2.5.2                h488ebb8_0               conda-forge
2025-01-14T12:28:54.2412408Z   openssl                        3.3.1                h4ab18f5_0               conda-forge
2025-01-14T12:28:54.2412749Z   overrides                      7.7.0                pyhd8ed1ab_0             conda-forge
2025-01-14T12:28:54.2413100Z   packaging                      24.1                 pyhd8ed1ab_0             conda-forge
2025-01-14T12:28:54.2413445Z   pandas                         2.2.2                py312h1d6d2e6_1          conda-forge
2025-01-14T12:28:54.2413771Z   pandoc                         3.2                  ha770c72_0               conda-forge
2025-01-14T12:28:54.2414255Z   pandocfilters                  1.5.0                pyhd8ed1ab_0             conda-forge
2025-01-14T12:28:54.2414607Z   pango                          1.54.0               h84a9a3c_0               conda-forge
2025-01-14T12:28:54.2414941Z   parso                          0.8.4                pyhd8ed1ab_0             conda-forge
2025-01-14T12:28:54.2415275Z   pathspec                       0.12.1               pyhd8ed1ab_0             conda-forge
2025-01-14T12:28:54.2415615Z   pbr                            6.0.0                pyhd8ed1ab_0             conda-forge
2025-01-14T12:28:54.2415931Z   pcre2                          10.44                h0f59acf_0               conda-forge
2025-01-14T12:28:54.2416395Z   pexpect                        4.9.0                pyhd8ed1ab_0             conda-forge
2025-01-14T12:28:54.2416750Z   pickleshare                    0.7.5                py_1003                  conda-forge
2025-01-14T12:28:54.2417101Z   pillow                         10.3.0               py312hdcec9eb_0          conda-forge
2025-01-14T12:28:54.2417425Z   pip                            24.0                 pyhd8ed1ab_0             conda-forge
2025-01-14T12:28:54.2417744Z   pixman                         0.43.2               h59595ed_0               conda-forge
2025-01-14T12:28:54.2418125Z   pkgutil-resolve-name           1.3.10               pyhd8ed1ab_1             conda-forge
2025-01-14T12:28:54.2418523Z   platformdirs                   4.2.2                pyhd8ed1ab_0             conda-forge
2025-01-14T12:28:54.2418875Z   plotly                         5.22.0               pyhd8ed1ab_0             conda-forge
2025-01-14T12:28:54.2419210Z   pluggy                         1.5.0                pyhd8ed1ab_0             conda-forge
2025-01-14T12:28:54.2419591Z   prometheus_client              0.20.0               pyhd8ed1ab_0             conda-forge
2025-01-14T12:28:54.2419992Z   prompt-toolkit                 3.0.47               pyha770c72_0             conda-forge
2025-01-14T12:28:54.2420348Z   psutil                         5.9.8                py312h98912ed_0          conda-forge
2025-01-14T12:28:54.2420697Z   pthread-stubs                  0.4                  h36c2ea0_1001            conda-forge
2025-01-14T12:28:54.2421059Z   ptyprocess                     0.7.0                pyhd3deb0d_0             conda-forge
2025-01-14T12:28:54.2421415Z   pure_eval                      0.2.2                pyhd8ed1ab_0             conda-forge
2025-01-14T12:28:54.2421881Z   py-cpuinfo                     9.0.0                pyhd8ed1ab_0             conda-forge
2025-01-14T12:28:54.2422226Z   pybtex                         0.24.0               pyhd8ed1ab_2             conda-forge
2025-01-14T12:28:54.2422588Z   pybtex-docutils                1.0.3                py312h7900ff3_1          conda-forge
2025-01-14T12:28:54.2422963Z   pycparser                      2.22                 pyhd8ed1ab_0             conda-forge
2025-01-14T12:28:54.2423306Z   pyerfa                         2.0.1.4              py312h085067d_1          conda-forge
2025-01-14T12:28:54.2423651Z   pygments                       2.18.0               pyhd8ed1ab_0             conda-forge
2025-01-14T12:28:54.2424228Z   pygraphviz                     1.13                 py312h4a1d8a7_1          conda-forge
2025-01-14T12:28:54.2424665Z   pyparsing                      3.1.2                pyhd8ed1ab_0             conda-forge
2025-01-14T12:28:54.2425035Z   pysocks                        1.7.1                pyha2e5f31_6             conda-forge
2025-01-14T12:28:54.2425384Z   pytables                       3.9.2                py312h96d95ec_2          conda-forge
2025-01-14T12:28:54.2425731Z   pytest                         8.2.2                pyhd8ed1ab_0             conda-forge
2025-01-14T12:28:54.2426078Z   pytest-cov                     5.0.0                pyhd8ed1ab_0             conda-forge
2025-01-14T12:28:54.2426460Z   pytest-doctestplus             1.2.1                pyhd8ed1ab_0             conda-forge
2025-01-14T12:28:54.2426852Z   pytest-html                    4.1.1                pyhd8ed1ab_0             conda-forge
2025-01-14T12:28:54.2427225Z   pytest-metadata                3.1.1                pyhd8ed1ab_0             conda-forge
2025-01-14T12:28:54.2427585Z   python                         3.12.4               h194c7f8_0_cpython       conda-forge
2025-01-14T12:28:54.2427946Z   python-dateutil                2.9.0                pyhd8ed1ab_0             conda-forge
2025-01-14T12:28:54.2428360Z   python-fastjsonschema          2.20.0               pyhd8ed1ab_0             conda-forge
2025-01-14T12:28:54.2428774Z   python-json-logger             2.0.7                pyhd8ed1ab_0             conda-forge
2025-01-14T12:28:54.2429289Z   python-tzdata                  2024.1               pyhd8ed1ab_0             conda-forge
2025-01-14T12:28:54.2429657Z   python_abi                     3.12                 4_cp312                  conda-forge
2025-01-14T12:28:54.2429997Z   pytz                           2024.1               pyhd8ed1ab_0             conda-forge
2025-01-14T12:28:54.2430330Z   pyyaml                         6.0.1                py312h98912ed_1          conda-forge
2025-01-14T12:28:54.2430657Z   pyzmq                          26.0.3               py312h8fd38d8_0          conda-forge
2025-01-14T12:28:54.2431009Z   qgrid                          1.3.1                pyhd8ed1ab_4             conda-forge
2025-01-14T12:28:54.2431379Z   radioactivedecay               0.5.1                pyhd8ed1ab_0             conda-forge
2025-01-14T12:28:54.2431744Z   readline                       8.2                  h8228510_1               conda-forge
2025-01-14T12:28:54.2432101Z   recommonmark                   0.7.1                pyhd8ed1ab_0             conda-forge
2025-01-14T12:28:54.2432473Z   referencing                    0.35.1               pyhd8ed1ab_0             conda-forge
2025-01-14T12:28:54.2432832Z   requests                       2.32.3               pyhd8ed1ab_0             conda-forge
2025-01-14T12:28:54.2433202Z   rfc3339-validator              0.1.4                pyhd8ed1ab_0             conda-forge
2025-01-14T12:28:54.2433597Z   rfc3986-validator              0.1.1                pyh9f0ad1d_0             conda-forge
2025-01-14T12:28:54.2433962Z   rpds-py                        0.18.1               py312h4413252_0          conda-forge
2025-01-14T12:28:54.2434436Z   ruff                           0.4.9                py312h5715c7c_0          conda-forge
2025-01-14T12:28:54.2434873Z   scipy                          1.13.1               py312hc2bc53b_0          conda-forge
2025-01-14T12:28:54.2435212Z   send2trash                     1.8.3                pyh0d859eb_0             conda-forge
2025-01-14T12:28:54.2435569Z   setuptools                     70.0.0               pyhd8ed1ab_0             conda-forge
2025-01-14T12:28:54.2435939Z   setuptools-scm                 8.1.0                pyhd8ed1ab_0             conda-forge
2025-01-14T12:28:54.2436309Z   setuptools_scm                 8.1.0                hd8ed1ab_0               conda-forge
2025-01-14T12:28:54.2436650Z   six                            1.16.0               pyh6c4a22f_0             conda-forge
2025-01-14T12:28:54.2436976Z   snakeviz                       2.2.0                pyhd8ed1ab_0             conda-forge
2025-01-14T12:28:54.2437312Z   snappy                         1.2.0                hdb0a2a9_1               conda-forge
2025-01-14T12:28:54.2437652Z   sniffio                        1.3.1                pyhd8ed1ab_0             conda-forge
2025-01-14T12:28:54.2438018Z   snowballstemmer                2.2.0                pyhd8ed1ab_0             conda-forge
2025-01-14T12:28:54.2438391Z   soupsieve                      2.5                  pyhd8ed1ab_1             conda-forge
2025-01-14T12:28:54.2438731Z   sphinx                         7.3.7                pyhd8ed1ab_0             conda-forge
2025-01-14T12:28:54.2439087Z   sphinx-astropy                 1.9.1                pyhd8ed1ab_0             conda-forge
2025-01-14T12:28:54.2439488Z   sphinx-automodapi              0.17.0               pyh717bed2_1             conda-forge
2025-01-14T12:28:54.2439880Z   sphinx-gallery                 0.16.0               pyhd8ed1ab_0             conda-forge
2025-01-14T12:28:54.2440269Z   sphinx-jsonschema              1.19.1               pyhd8ed1ab_0             conda-forge
2025-01-14T12:28:54.2440674Z   sphinx_bootstrap_theme         0.8.1                pyhd8ed1ab_0             conda-forge
2025-01-14T12:28:54.2441072Z   sphinx_rtd_theme               2.0.0                pyha770c72_0             conda-forge
2025-01-14T12:28:54.2441464Z   sphinxcontrib-apidoc           0.3.0                py_1                     conda-forge
2025-01-14T12:28:54.2442006Z   sphinxcontrib-applehelp        1.0.8                pyhd8ed1ab_0             conda-forge
2025-01-14T12:28:54.2442444Z   sphinxcontrib-bibtex           2.6.2                pyhd8ed1ab_0             conda-forge
2025-01-14T12:28:54.2442866Z   sphinxcontrib-devhelp          1.0.6                pyhd8ed1ab_0             conda-forge
2025-01-14T12:28:54.2443297Z   sphinxcontrib-htmlhelp         2.0.5                pyhd8ed1ab_0             conda-forge
2025-01-14T12:28:54.2443726Z   sphinxcontrib-jquery           4.1                  pyhd8ed1ab_0             conda-forge
2025-01-14T12:28:54.2444235Z   sphinxcontrib-jsmath           1.0.1                pyhd8ed1ab_0             conda-forge
2025-01-14T12:28:54.2444655Z   sphinxcontrib-qthelp           1.0.7                pyhd8ed1ab_0             conda-forge
2025-01-14T12:28:54.2445113Z   sphinxcontrib-serializinghtml  1.1.10               pyhd8ed1ab_0             conda-forge
2025-01-14T12:28:54.2445532Z   stack_data                     0.6.2                pyhd8ed1ab_0             conda-forge
2025-01-14T12:28:54.2445881Z   sympy                          1.12.1               pypyh2585a3b_103         conda-forge
2025-01-14T12:28:54.2446221Z   tabulate                       0.9.0                pyhd8ed1ab_1             conda-forge
2025-01-14T12:28:54.2446565Z   tenacity                       8.4.1                pyhd8ed1ab_0             conda-forge
2025-01-14T12:28:54.2446913Z   terminado                      0.18.1               pyh0d859eb_0             conda-forge
2025-01-14T12:28:54.2447261Z   tinycss2                       1.3.0                pyhd8ed1ab_0             conda-forge
2025-01-14T12:28:54.2447588Z   tk                             8.6.13               noxft_h4845f30_101       conda-forge
2025-01-14T12:28:54.2448043Z   toml                           0.10.2               pyhd8ed1ab_0             conda-forge
2025-01-14T12:28:54.2448365Z   tomli                          2.0.1                pyhd8ed1ab_0             conda-forge
2025-01-14T12:28:54.2448699Z   tornado                        6.4.1                py312h9a8786e_0          conda-forge
2025-01-14T12:28:54.2449026Z   tqdm                           4.66.4               pyhd8ed1ab_0             conda-forge
2025-01-14T12:28:54.2449391Z   traitlets                      5.14.3               pyhd8ed1ab_0             conda-forge
2025-01-14T12:28:54.2449739Z   typed-ast                      1.5.5                py312h98912ed_1          conda-forge
2025-01-14T12:28:54.2450137Z   types-python-dateutil          2.9.0.20240316       pyhd8ed1ab_0             conda-forge
2025-01-14T12:28:54.2450559Z   typing-extensions              4.12.2               hd8ed1ab_0               conda-forge
2025-01-14T12:28:54.2450952Z   typing_extensions              4.12.2               pyha770c72_0             conda-forge
2025-01-14T12:28:54.2451329Z   typing_utils                   0.1.0                pyhd8ed1ab_0             conda-forge
2025-01-14T12:28:54.2451675Z   tzdata                         2024a                h0c530f3_0               conda-forge
2025-01-14T12:28:54.2452029Z   uri-template                   1.3.0                pyhd8ed1ab_0             conda-forge
2025-01-14T12:28:54.2452379Z   urllib3                        2.2.2                pyhd8ed1ab_0             conda-forge
2025-01-14T12:28:54.2452715Z   wcwidth                        0.2.13               pyhd8ed1ab_0             conda-forge
2025-01-14T12:28:54.2453059Z   webcolors                      24.6.0               pyhd8ed1ab_0             conda-forge
2025-01-14T12:28:54.2453415Z   webencodings                   0.5.1                pyhd8ed1ab_2             conda-forge
2025-01-14T12:28:54.2453796Z   websocket-client               1.8.0                pyhd8ed1ab_0             conda-forge
2025-01-14T12:28:54.2454252Z   wheel                          0.43.0               pyhd8ed1ab_1             conda-forge
2025-01-14T12:28:54.2454618Z   widgetsnbextension             3.6.6                pyhd8ed1ab_0             conda-forge
2025-01-14T12:28:54.2455003Z   xorg-kbproto                   1.0.7                h7f98852_1002            conda-forge
2025-01-14T12:28:54.2455484Z   xorg-libice                    1.1.1                hd590300_0               conda-forge
2025-01-14T12:28:54.2455834Z   xorg-libsm                     1.2.4                h7391055_0               conda-forge
2025-01-14T12:28:54.2456177Z   xorg-libx11                    1.8.9                h8ee46fc_0               conda-forge
2025-01-14T12:28:54.2456526Z   xorg-libxau                    1.0.11               hd590300_0               conda-forge
2025-01-14T12:28:54.2456884Z   xorg-libxdmcp                  1.1.3                h7f98852_0               conda-forge
2025-01-14T12:28:54.2457248Z   xorg-libxext                   1.3.4                h0b41bf4_2               conda-forge
2025-01-14T12:28:54.2457622Z   xorg-libxrender                0.9.11               hd590300_0               conda-forge
2025-01-14T12:28:54.2458004Z   xorg-renderproto               0.11.1               h7f98852_1002            conda-forge
2025-01-14T12:28:54.2458388Z   xorg-xextproto                 7.3.0                h0b41bf4_1003            conda-forge
2025-01-14T12:28:54.2458752Z   xorg-xproto                    7.0.31               h7f98852_1007            conda-forge
2025-01-14T12:28:54.2459078Z   xz                             5.2.6                h166bdaf_0               conda-forge
2025-01-14T12:28:54.2459380Z   yaml                           0.2.5                h7f98852_2               conda-forge
2025-01-14T12:28:54.2459693Z   zeromq                         4.3.5                h75354e8_4               conda-forge
2025-01-14T12:28:54.2460020Z   zipp                           3.19.2               pyhd8ed1ab_0             conda-forge
2025-01-14T12:28:54.2460480Z   zlib                           1.3.1                h4ab18f5_1               conda-forge
2025-01-14T12:28:54.2460798Z   zlib-ng                        2.0.7                h0b41bf4_0               conda-forge
2025-01-14T12:28:54.2461114Z   zstd                           1.5.6                ha6fb4c9_0               conda-forge
2025-01-14T12:28:54.2461637Z ##[endgroup]
2025-01-14T12:28:54.2492947Z ##[group]Run pip install -e . --user
2025-01-14T12:28:54.2493267Z [36;1mpip install -e . --user[0m
2025-01-14T12:28:54.2521442Z shell: /usr/bin/bash -l {0}
2025-01-14T12:28:54.2521684Z env:
2025-01-14T12:28:54.2521858Z   CACHE_NUMBER: 0
2025-01-14T12:28:54.2522477Z   PYTEST_FLAGS: --tardis-regression-data=/home/runner/work/tardis/tardis/tardis-regression-data --cov=tardis --cov-report=xml --cov-report=html --cov-append
2025-01-14T12:28:54.2523117Z   CODECOV_TOKEN: 
2025-01-14T12:28:54.2523339Z   MAMBA_ROOT_PREFIX: /home/runner/micromamba
2025-01-14T12:28:54.2523639Z   MAMBA_EXE: /home/runner/micromamba-bin/micromamba
2025-01-14T12:28:54.2524145Z   CONDARC: /home/runner/work/_temp/setup-micromamba/.condarc
2025-01-14T12:28:54.2524551Z ##[endgroup]
2025-01-14T12:28:55.3069159Z Obtaining file:///home/runner/work/tardis/tardis
2025-01-14T12:28:55.3096922Z   Installing build dependencies: started
2025-01-14T12:28:58.9888242Z   Installing build dependencies: finished with status 'done'
2025-01-14T12:28:58.9893926Z   Checking if build backend supports build_editable: started
2025-01-14T12:28:59.1093767Z   Checking if build backend supports build_editable: finished with status 'done'
2025-01-14T12:28:59.1101149Z   Getting requirements to build editable: started
2025-01-14T12:28:59.5642817Z   Getting requirements to build editable: finished with status 'done'
2025-01-14T12:28:59.5651258Z   Preparing editable metadata (pyproject.toml): started
2025-01-14T12:29:00.0211853Z   Preparing editable metadata (pyproject.toml): finished with status 'done'
2025-01-14T12:29:00.0797537Z Requirement already satisfied: astropy in /home/runner/micromamba/envs/tardis/lib/python3.12/site-packages (from tardis==0.0.0) (6.1.1)
2025-01-14T12:29:00.1190649Z Requirement already satisfied: numpy>=1.23 in /home/runner/micromamba/envs/tardis/lib/python3.12/site-packages (from astropy->tardis==0.0.0) (1.26.4)
2025-01-14T12:29:00.1200287Z Requirement already satisfied: pyerfa>=2.0.1.1 in /home/runner/micromamba/envs/tardis/lib/python3.12/site-packages (from astropy->tardis==0.0.0) (2.0.1.4)
2025-01-14T12:29:00.1211128Z Requirement already satisfied: astropy-iers-data>=0.2024.5.27.0.30.8 in /home/runner/micromamba/envs/tardis/lib/python3.12/site-packages (from astropy->tardis==0.0.0) (0.2024.6.17.0.31.35)
2025-01-14T12:29:00.1219486Z Requirement already satisfied: PyYAML>=3.13 in /home/runner/micromamba/envs/tardis/lib/python3.12/site-packages (from astropy->tardis==0.0.0) (6.0.1)
2025-01-14T12:29:00.1229200Z Requirement already satisfied: packaging>=19.0 in /home/runner/micromamba/envs/tardis/lib/python3.12/site-packages (from astropy->tardis==0.0.0) (24.1)
2025-01-14T12:29:00.1318380Z Building wheels for collected packages: tardis
2025-01-14T12:29:00.1327635Z   Building editable for tardis (pyproject.toml): started
2025-01-14T12:29:00.9046108Z   Building editable for tardis (pyproject.toml): finished with status 'done'
2025-01-14T12:29:00.9054614Z   Created wheel for tardis: filename=tardis-0.0.0-0.editable-py3-none-any.whl size=8876 sha256=2e99f1caa83cab9d3c4120e9065832570291c01804c2f7b067d80de1b6be81e2
2025-01-14T12:29:00.9056494Z   Stored in directory: /tmp/pip-ephem-wheel-cache-2uubf6i6/wheels/6a/c7/ae/89fa6dc2565455898176888ef0e2e475e4e90eb0124afcb995
2025-01-14T12:29:00.9093860Z Successfully built tardis
2025-01-14T12:29:01.6950180Z Installing collected packages: tardis
2025-01-14T12:29:01.7040194Z Successfully installed tardis-0.0.0
2025-01-14T12:29:01.9389244Z ##[group]Run pip install qgridnext
2025-01-14T12:29:01.9389575Z [36;1mpip install qgridnext[0m
2025-01-14T12:29:01.9416701Z shell: /usr/bin/bash -l {0}
2025-01-14T12:29:01.9417233Z env:
2025-01-14T12:29:01.9417410Z   CACHE_NUMBER: 0
2025-01-14T12:29:01.9418029Z   PYTEST_FLAGS: --tardis-regression-data=/home/runner/work/tardis/tardis/tardis-regression-data --cov=tardis --cov-report=xml --cov-report=html --cov-append
2025-01-14T12:29:01.9418667Z   CODECOV_TOKEN: 
2025-01-14T12:29:01.9418887Z   MAMBA_ROOT_PREFIX: /home/runner/micromamba
2025-01-14T12:29:01.9419189Z   MAMBA_EXE: /home/runner/micromamba-bin/micromamba
2025-01-14T12:29:01.9419532Z   CONDARC: /home/runner/work/_temp/setup-micromamba/.condarc
2025-01-14T12:29:01.9419842Z ##[endgroup]
2025-01-14T12:29:02.5989951Z Collecting qgridnext
2025-01-14T12:29:02.6382735Z   Downloading qgridnext-2.0.4-py3-none-any.whl.metadata (9.9 kB)
2025-01-14T12:29:02.6484650Z Requirement already satisfied: pandas>=0.20.0 in /home/runner/micromamba/envs/tardis/lib/python3.12/site-packages (from qgridnext) (2.2.2)
2025-01-14T12:29:02.6493538Z Requirement already satisfied: ipywidgets>=7.0.0 in /home/runner/micromamba/envs/tardis/lib/python3.12/site-packages (from qgridnext) (7.8.0)
2025-01-14T12:29:02.6502841Z Requirement already satisfied: numpy in /home/runner/micromamba/envs/tardis/lib/python3.12/site-packages (from qgridnext) (1.26.4)
2025-01-14T12:29:02.6513030Z Requirement already satisfied: traitlets in /home/runner/micromamba/envs/tardis/lib/python3.12/site-packages (from qgridnext) (5.14.3)
2025-01-14T12:29:02.6603635Z Requirement already satisfied: comm>=0.1.3 in /home/runner/micromamba/envs/tardis/lib/python3.12/site-packages (from ipywidgets>=7.0.0->qgridnext) (0.2.2)
2025-01-14T12:29:02.6611957Z Requirement already satisfied: ipython-genutils~=0.2.0 in /home/runner/micromamba/envs/tardis/lib/python3.12/site-packages (from ipywidgets>=7.0.0->qgridnext) (0.2.0)
2025-01-14T12:29:02.6624284Z Requirement already satisfied: widgetsnbextension~=3.6.5 in /home/runner/micromamba/envs/tardis/lib/python3.12/site-packages (from ipywidgets>=7.0.0->qgridnext) (3.6.6)
2025-01-14T12:29:02.6642727Z Requirement already satisfied: ipython>=4.0.0 in /home/runner/micromamba/envs/tardis/lib/python3.12/site-packages (from ipywidgets>=7.0.0->qgridnext) (8.25.0)
2025-01-14T12:29:02.6657313Z Requirement already satisfied: jupyterlab-widgets<3,>=1.0.0 in /home/runner/micromamba/envs/tardis/lib/python3.12/site-packages (from ipywidgets>=7.0.0->qgridnext) (1.1.7)
2025-01-14T12:29:02.7107707Z Requirement already satisfied: python-dateutil>=2.8.2 in /home/runner/micromamba/envs/tardis/lib/python3.12/site-packages (from pandas>=0.20.0->qgridnext) (2.9.0)
2025-01-14T12:29:02.7121265Z Requirement already satisfied: pytz>=2020.1 in /home/runner/micromamba/envs/tardis/lib/python3.12/site-packages (from pandas>=0.20.0->qgridnext) (2024.1)
2025-01-14T12:29:02.7129727Z Requirement already satisfied: tzdata>=2022.7 in /home/runner/micromamba/envs/tardis/lib/python3.12/site-packages (from pandas>=0.20.0->qgridnext) (2024.1)
2025-01-14T12:29:02.7450280Z Requirement already satisfied: decorator in /home/runner/micromamba/envs/tardis/lib/python3.12/site-packages (from ipython>=4.0.0->ipywidgets>=7.0.0->qgridnext) (5.1.1)
2025-01-14T12:29:02.7465331Z Requirement already satisfied: jedi>=0.16 in /home/runner/micromamba/envs/tardis/lib/python3.12/site-packages (from ipython>=4.0.0->ipywidgets>=7.0.0->qgridnext) (0.19.1)
2025-01-14T12:29:02.7473890Z Requirement already satisfied: matplotlib-inline in /home/runner/micromamba/envs/tardis/lib/python3.12/site-packages (from ipython>=4.0.0->ipywidgets>=7.0.0->qgridnext) (0.1.7)
2025-01-14T12:29:02.7485040Z Requirement already satisfied: prompt-toolkit<3.1.0,>=3.0.41 in /home/runner/micromamba/envs/tardis/lib/python3.12/site-packages (from ipython>=4.0.0->ipywidgets>=7.0.0->qgridnext) (3.0.47)
2025-01-14T12:29:02.7493870Z Requirement already satisfied: pygments>=2.4.0 in /home/runner/micromamba/envs/tardis/lib/python3.12/site-packages (from ipython>=4.0.0->ipywidgets>=7.0.0->qgridnext) (2.18.0)
2025-01-14T12:29:02.7503473Z Requirement already satisfied: stack-data in /home/runner/micromamba/envs/tardis/lib/python3.12/site-packages (from ipython>=4.0.0->ipywidgets>=7.0.0->qgridnext) (0.6.2)
2025-01-14T12:29:02.7522506Z Requirement already satisfied: pexpect>4.3 in /home/runner/micromamba/envs/tardis/lib/python3.12/site-packages (from ipython>=4.0.0->ipywidgets>=7.0.0->qgridnext) (4.9.0)
2025-01-14T12:29:02.7570616Z Requirement already satisfied: six>=1.5 in /home/runner/micromamba/envs/tardis/lib/python3.12/site-packages (from python-dateutil>=2.8.2->pandas>=0.20.0->qgridnext) (1.16.0)
2025-01-14T12:29:02.7627608Z Requirement already satisfied: notebook>=4.4.1 in /home/runner/micromamba/envs/tardis/lib/python3.12/site-packages (from widgetsnbextension~=3.6.5->ipywidgets>=7.0.0->qgridnext) (7.2.1)
2025-01-14T12:29:02.7818946Z Requirement already satisfied: parso<0.9.0,>=0.8.3 in /home/runner/micromamba/envs/tardis/lib/python3.12/site-packages (from jedi>=0.16->ipython>=4.0.0->ipywidgets>=7.0.0->qgridnext) (0.8.4)
2025-01-14T12:29:02.7966040Z Requirement already satisfied: jupyter-server<3,>=2.4.0 in /home/runner/micromamba/envs/tardis/lib/python3.12/site-packages (from notebook>=4.4.1->widgetsnbextension~=3.6.5->ipywidgets>=7.0.0->qgridnext) (2.14.1)
2025-01-14T12:29:02.7979229Z Requirement already satisfied: jupyterlab-server<3,>=2.27.1 in /home/runner/micromamba/envs/tardis/lib/python3.12/site-packages (from notebook>=4.4.1->widgetsnbextension~=3.6.5->ipywidgets>=7.0.0->qgridnext) (2.27.2)
2025-01-14T12:29:02.8003684Z Requirement already satisfied: jupyterlab<4.3,>=4.2.0 in /home/runner/micromamba/envs/tardis/lib/python3.12/site-packages (from notebook>=4.4.1->widgetsnbextension~=3.6.5->ipywidgets>=7.0.0->qgridnext) (4.2.2)
2025-01-14T12:29:02.8020552Z Requirement already satisfied: notebook-shim<0.3,>=0.2 in /home/runner/micromamba/envs/tardis/lib/python3.12/site-packages (from notebook>=4.4.1->widgetsnbextension~=3.6.5->ipywidgets>=7.0.0->qgridnext) (0.2.4)
2025-01-14T12:29:02.8033328Z Requirement already satisfied: tornado>=6.2.0 in /home/runner/micromamba/envs/tardis/lib/python3.12/site-packages (from notebook>=4.4.1->widgetsnbextension~=3.6.5->ipywidgets>=7.0.0->qgridnext) (6.4.1)
2025-01-14T12:29:02.8081631Z Requirement already satisfied: ptyprocess>=0.5 in /home/runner/micromamba/envs/tardis/lib/python3.12/site-packages (from pexpect>4.3->ipython>=4.0.0->ipywidgets>=7.0.0->qgridnext) (0.7.0)
2025-01-14T12:29:02.8129735Z Requirement already satisfied: wcwidth in /home/runner/micromamba/envs/tardis/lib/python3.12/site-packages (from prompt-toolkit<3.1.0,>=3.0.41->ipython>=4.0.0->ipywidgets>=7.0.0->qgridnext) (0.2.13)
2025-01-14T12:29:02.8273652Z Requirement already satisfied: executing>=1.2.0 in /home/runner/micromamba/envs/tardis/lib/python3.12/site-packages (from stack-data->ipython>=4.0.0->ipywidgets>=7.0.0->qgridnext) (2.0.1)
2025-01-14T12:29:02.8283263Z Requirement already satisfied: asttokens>=2.1.0 in /home/runner/micromamba/envs/tardis/lib/python3.12/site-packages (from stack-data->ipython>=4.0.0->ipywidgets>=7.0.0->qgridnext) (2.4.1)
2025-01-14T12:29:02.8290848Z Requirement already satisfied: pure-eval in /home/runner/micromamba/envs/tardis/lib/python3.12/site-packages (from stack-data->ipython>=4.0.0->ipywidgets>=7.0.0->qgridnext) (0.2.2)
2025-01-14T12:29:02.8636359Z Requirement already satisfied: anyio>=3.1.0 in /home/runner/micromamba/envs/tardis/lib/python3.12/site-packages (from jupyter-server<3,>=2.4.0->notebook>=4.4.1->widgetsnbextension~=3.6.5->ipywidgets>=7.0.0->qgridnext) (4.4.0)
2025-01-14T12:29:02.8648459Z Requirement already satisfied: argon2-cffi>=21.1 in /home/runner/micromamba/envs/tardis/lib/python3.12/site-packages (from jupyter-server<3,>=2.4.0->notebook>=4.4.1->widgetsnbextension~=3.6.5->ipywidgets>=7.0.0->qgridnext) (23.1.0)
2025-01-14T12:29:02.8658839Z Requirement already satisfied: jinja2>=3.0.3 in /home/runner/micromamba/envs/tardis/lib/python3.12/site-packages (from jupyter-server<3,>=2.4.0->notebook>=4.4.1->widgetsnbextension~=3.6.5->ipywidgets>=7.0.0->qgridnext) (3.1.4)
2025-01-14T12:29:02.8671489Z Requirement already satisfied: jupyter-client>=7.4.4 in /home/runner/micromamba/envs/tardis/lib/python3.12/site-packages (from jupyter-server<3,>=2.4.0->notebook>=4.4.1->widgetsnbextension~=3.6.5->ipywidgets>=7.0.0->qgridnext) (8.6.2)
2025-01-14T12:29:02.8684617Z Requirement already satisfied: jupyter-core!=5.0.*,>=4.12 in /home/runner/micromamba/envs/tardis/lib/python3.12/site-packages (from jupyter-server<3,>=2.4.0->notebook>=4.4.1->widgetsnbextension~=3.6.5->ipywidgets>=7.0.0->qgridnext) (5.7.2)
2025-01-14T12:29:02.8696759Z Requirement already satisfied: jupyter-events>=0.9.0 in /home/runner/micromamba/envs/tardis/lib/python3.12/site-packages (from jupyter-server<3,>=2.4.0->notebook>=4.4.1->widgetsnbextension~=3.6.5->ipywidgets>=7.0.0->qgridnext) (0.10.0)
2025-01-14T12:29:02.8708677Z Requirement already satisfied: jupyter-server-terminals>=0.4.4 in /home/runner/micromamba/envs/tardis/lib/python3.12/site-packages (from jupyter-server<3,>=2.4.0->notebook>=4.4.1->widgetsnbextension~=3.6.5->ipywidgets>=7.0.0->qgridnext) (0.5.3)
2025-01-14T12:29:02.8722906Z Requirement already satisfied: nbconvert>=6.4.4 in /home/runner/micromamba/envs/tardis/lib/python3.12/site-packages (from jupyter-server<3,>=2.4.0->notebook>=4.4.1->widgetsnbextension~=3.6.5->ipywidgets>=7.0.0->qgridnext) (7.16.4)
2025-01-14T12:29:02.8734208Z Requirement already satisfied: nbformat>=5.3.0 in /home/runner/micromamba/envs/tardis/lib/python3.12/site-packages (from jupyter-server<3,>=2.4.0->notebook>=4.4.1->widgetsnbextension~=3.6.5->ipywidgets>=7.0.0->qgridnext) (5.10.4)
2025-01-14T12:29:02.8743989Z Requirement already satisfied: overrides>=5.0 in /home/runner/micromamba/envs/tardis/lib/python3.12/site-packages (from jupyter-server<3,>=2.4.0->notebook>=4.4.1->widgetsnbextension~=3.6.5->ipywidgets>=7.0.0->qgridnext) (7.7.0)
2025-01-14T12:29:02.8754681Z Requirement already satisfied: packaging>=22.0 in /home/runner/micromamba/envs/tardis/lib/python3.12/site-packages (from jupyter-server<3,>=2.4.0->notebook>=4.4.1->widgetsnbextension~=3.6.5->ipywidgets>=7.0.0->qgridnext) (24.1)
2025-01-14T12:29:02.8763952Z Requirement already satisfied: prometheus-client>=0.9 in /home/runner/micromamba/envs/tardis/lib/python3.12/site-packages (from jupyter-server<3,>=2.4.0->notebook>=4.4.1->widgetsnbextension~=3.6.5->ipywidgets>=7.0.0->qgridnext) (0.20.0)
2025-01-14T12:29:02.8775652Z Requirement already satisfied: pyzmq>=24 in /home/runner/micromamba/envs/tardis/lib/python3.12/site-packages (from jupyter-server<3,>=2.4.0->notebook>=4.4.1->widgetsnbextension~=3.6.5->ipywidgets>=7.0.0->qgridnext) (26.0.3)
2025-01-14T12:29:02.8785286Z Requirement already satisfied: send2trash>=1.8.2 in /home/runner/micromamba/envs/tardis/lib/python3.12/site-packages (from jupyter-server<3,>=2.4.0->notebook>=4.4.1->widgetsnbextension~=3.6.5->ipywidgets>=7.0.0->qgridnext) (1.8.3)
2025-01-14T12:29:02.8797503Z Requirement already satisfied: terminado>=0.8.3 in /home/runner/micromamba/envs/tardis/lib/python3.12/site-packages (from jupyter-server<3,>=2.4.0->notebook>=4.4.1->widgetsnbextension~=3.6.5->ipywidgets>=7.0.0->qgridnext) (0.18.1)
2025-01-14T12:29:02.8815450Z Requirement already satisfied: websocket-client>=1.7 in /home/runner/micromamba/envs/tardis/lib/python3.12/site-packages (from jupyter-server<3,>=2.4.0->notebook>=4.4.1->widgetsnbextension~=3.6.5->ipywidgets>=7.0.0->qgridnext) (1.8.0)
2025-01-14T12:29:02.9104495Z Requirement already satisfied: async-lru>=1.0.0 in /home/runner/micromamba/envs/tardis/lib/python3.12/site-packages (from jupyterlab<4.3,>=4.2.0->notebook>=4.4.1->widgetsnbextension~=3.6.5->ipywidgets>=7.0.0->qgridnext) (2.0.4)
2025-01-14T12:29:02.9117703Z Requirement already satisfied: httpx>=0.25.0 in /home/runner/micromamba/envs/tardis/lib/python3.12/site-packages (from jupyterlab<4.3,>=4.2.0->notebook>=4.4.1->widgetsnbextension~=3.6.5->ipywidgets>=7.0.0->qgridnext) (0.27.0)
2025-01-14T12:29:02.9131038Z Requirement already satisfied: ipykernel>=6.5.0 in /home/runner/micromamba/envs/tardis/lib/python3.12/site-packages (from jupyterlab<4.3,>=4.2.0->notebook>=4.4.1->widgetsnbextension~=3.6.5->ipywidgets>=7.0.0->qgridnext) (6.29.4)
2025-01-14T12:29:02.9146144Z Requirement already satisfied: jupyter-lsp>=2.0.0 in /home/runner/micromamba/envs/tardis/lib/python3.12/site-packages (from jupyterlab<4.3,>=4.2.0->notebook>=4.4.1->widgetsnbextension~=3.6.5->ipywidgets>=7.0.0->qgridnext) (2.2.5)
2025-01-14T12:29:02.9173216Z Requirement already satisfied: setuptools>=40.1.0 in /home/runner/micromamba/envs/tardis/lib/python3.12/site-packages (from jupyterlab<4.3,>=4.2.0->notebook>=4.4.1->widgetsnbextension~=3.6.5->ipywidgets>=7.0.0->qgridnext) (70.0.0)
2025-01-14T12:29:02.9362417Z Requirement already satisfied: babel>=2.10 in /home/runner/micromamba/envs/tardis/lib/python3.12/site-packages (from jupyterlab-server<3,>=2.27.1->notebook>=4.4.1->widgetsnbextension~=3.6.5->ipywidgets>=7.0.0->qgridnext) (2.14.0)
2025-01-14T12:29:02.9390080Z Requirement already satisfied: json5>=0.9.0 in /home/runner/micromamba/envs/tardis/lib/python3.12/site-packages (from jupyterlab-server<3,>=2.27.1->notebook>=4.4.1->widgetsnbextension~=3.6.5->ipywidgets>=7.0.0->qgridnext) (0.9.25)
2025-01-14T12:29:02.9402203Z Requirement already satisfied: jsonschema>=4.18.0 in /home/runner/micromamba/envs/tardis/lib/python3.12/site-packages (from jupyterlab-server<3,>=2.27.1->notebook>=4.4.1->widgetsnbextension~=3.6.5->ipywidgets>=7.0.0->qgridnext) (4.22.0)
2025-01-14T12:29:02.9422642Z Requirement already satisfied: requests>=2.31 in /home/runner/micromamba/envs/tardis/lib/python3.12/site-packages (from jupyterlab-server<3,>=2.27.1->notebook>=4.4.1->widgetsnbextension~=3.6.5->ipywidgets>=7.0.0->qgridnext) (2.32.3)
2025-01-14T12:29:02.9826009Z Requirement already satisfied: idna>=2.8 in /home/runner/micromamba/envs/tardis/lib/python3.12/site-packages (from anyio>=3.1.0->jupyter-server<3,>=2.4.0->notebook>=4.4.1->widgetsnbextension~=3.6.5->ipywidgets>=7.0.0->qgridnext) (3.7)
2025-01-14T12:29:02.9828525Z Requirement already satisfied: sniffio>=1.1 in /home/runner/micromamba/envs/tardis/lib/python3.12/site-packages (from anyio>=3.1.0->jupyter-server<3,>=2.4.0->notebook>=4.4.1->widgetsnbextension~=3.6.5->ipywidgets>=7.0.0->qgridnext) (1.3.1)
2025-01-14T12:29:02.9887278Z Requirement already satisfied: argon2-cffi-bindings in /home/runner/micromamba/envs/tardis/lib/python3.12/site-packages (from argon2-cffi>=21.1->jupyter-server<3,>=2.4.0->notebook>=4.4.1->widgetsnbextension~=3.6.5->ipywidgets>=7.0.0->qgridnext) (21.2.0)
2025-01-14T12:29:03.0063857Z Requirement already satisfied: certifi in /home/runner/micromamba/envs/tardis/lib/python3.12/site-packages (from httpx>=0.25.0->jupyterlab<4.3,>=4.2.0->notebook>=4.4.1->widgetsnbextension~=3.6.5->ipywidgets>=7.0.0->qgridnext) (2024.6.2)
2025-01-14T12:29:03.0080091Z Requirement already satisfied: httpcore==1.* in /home/runner/micromamba/envs/tardis/lib/python3.12/site-packages (from httpx>=0.25.0->jupyterlab<4.3,>=4.2.0->notebook>=4.4.1->widgetsnbextension~=3.6.5->ipywidgets>=7.0.0->qgridnext) (1.0.5)
2025-01-14T12:29:03.0161883Z Requirement already satisfied: h11<0.15,>=0.13 in /home/runner/micromamba/envs/tardis/lib/python3.12/site-packages (from httpcore==1.*->httpx>=0.25.0->jupyterlab<4.3,>=4.2.0->notebook>=4.4.1->widgetsnbextension~=3.6.5->ipywidgets>=7.0.0->qgridnext) (0.14.0)
2025-01-14T12:29:03.0350635Z Requirement already satisfied: debugpy>=1.6.5 in /home/runner/micromamba/envs/tardis/lib/python3.12/site-packages (from ipykernel>=6.5.0->jupyterlab<4.3,>=4.2.0->notebook>=4.4.1->widgetsnbextension~=3.6.5->ipywidgets>=7.0.0->qgridnext) (1.8.1)
2025-01-14T12:29:03.0371770Z Requirement already satisfied: nest-asyncio in /home/runner/micromamba/envs/tardis/lib/python3.12/site-packages (from ipykernel>=6.5.0->jupyterlab<4.3,>=4.2.0->notebook>=4.4.1->widgetsnbextension~=3.6.5->ipywidgets>=7.0.0->qgridnext) (1.6.0)
2025-01-14T12:29:03.0386914Z Requirement already satisfied: psutil in /home/runner/micromamba/envs/tardis/lib/python3.12/site-packages (from ipykernel>=6.5.0->jupyterlab<4.3,>=4.2.0->notebook>=4.4.1->widgetsnbextension~=3.6.5->ipywidgets>=7.0.0->qgridnext) (5.9.8)
2025-01-14T12:29:03.0451943Z Requirement already satisfied: MarkupSafe>=2.0 in /home/runner/micromamba/envs/tardis/lib/python3.12/site-packages (from jinja2>=3.0.3->jupyter-server<3,>=2.4.0->notebook>=4.4.1->widgetsnbextension~=3.6.5->ipywidgets>=7.0.0->qgridnext) (2.1.5)
2025-01-14T12:29:03.0650034Z Requirement already satisfied: attrs>=22.2.0 in /home/runner/micromamba/envs/tardis/lib/python3.12/site-packages (from jsonschema>=4.18.0->jupyterlab-server<3,>=2.27.1->notebook>=4.4.1->widgetsnbextension~=3.6.5->ipywidgets>=7.0.0->qgridnext) (23.2.0)
2025-01-14T12:29:03.0660771Z Requirement already satisfied: jsonschema-specifications>=2023.03.6 in /home/runner/micromamba/envs/tardis/lib/python3.12/site-packages (from jsonschema>=4.18.0->jupyterlab-server<3,>=2.27.1->notebook>=4.4.1->widgetsnbextension~=3.6.5->ipywidgets>=7.0.0->qgridnext) (2023.12.1)
2025-01-14T12:29:03.0669581Z Requirement already satisfied: referencing>=0.28.4 in /home/runner/micromamba/envs/tardis/lib/python3.12/site-packages (from jsonschema>=4.18.0->jupyterlab-server<3,>=2.27.1->notebook>=4.4.1->widgetsnbextension~=3.6.5->ipywidgets>=7.0.0->qgridnext) (0.35.1)
2025-01-14T12:29:03.0678842Z Requirement already satisfied: rpds-py>=0.7.1 in /home/runner/micromamba/envs/tardis/lib/python3.12/site-packages (from jsonschema>=4.18.0->jupyterlab-server<3,>=2.27.1->notebook>=4.4.1->widgetsnbextension~=3.6.5->ipywidgets>=7.0.0->qgridnext) (0.18.1)
2025-01-14T12:29:03.0955190Z Requirement already satisfied: platformdirs>=2.5 in /home/runner/micromamba/envs/tardis/lib/python3.12/site-packages (from jupyter-core!=5.0.*,>=4.12->jupyter-server<3,>=2.4.0->notebook>=4.4.1->widgetsnbextension~=3.6.5->ipywidgets>=7.0.0->qgridnext) (4.2.2)
2025-01-14T12:29:03.1107493Z Requirement already satisfied: python-json-logger>=2.0.4 in /home/runner/micromamba/envs/tardis/lib/python3.12/site-packages (from jupyter-events>=0.9.0->jupyter-server<3,>=2.4.0->notebook>=4.4.1->widgetsnbextension~=3.6.5->ipywidgets>=7.0.0->qgridnext) (2.0.7)
2025-01-14T12:29:03.1115617Z Requirement already satisfied: pyyaml>=5.3 in /home/runner/micromamba/envs/tardis/lib/python3.12/site-packages (from jupyter-events>=0.9.0->jupyter-server<3,>=2.4.0->notebook>=4.4.1->widgetsnbextension~=3.6.5->ipywidgets>=7.0.0->qgridnext) (6.0.1)
2025-01-14T12:29:03.1126396Z Requirement already satisfied: rfc3339-validator in /home/runner/micromamba/envs/tardis/lib/python3.12/site-packages (from jupyter-events>=0.9.0->jupyter-server<3,>=2.4.0->notebook>=4.4.1->widgetsnbextension~=3.6.5->ipywidgets>=7.0.0->qgridnext) (0.1.4)
2025-01-14T12:29:03.1135172Z Requirement already satisfied: rfc3986-validator>=0.1.1 in /home/runner/micromamba/envs/tardis/lib/python3.12/site-packages (from jupyter-events>=0.9.0->jupyter-server<3,>=2.4.0->notebook>=4.4.1->widgetsnbextension~=3.6.5->ipywidgets>=7.0.0->qgridnext) (0.1.1)
2025-01-14T12:29:03.1573610Z Requirement already satisfied: beautifulsoup4 in /home/runner/micromamba/envs/tardis/lib/python3.12/site-packages (from nbconvert>=6.4.4->jupyter-server<3,>=2.4.0->notebook>=4.4.1->widgetsnbextension~=3.6.5->ipywidgets>=7.0.0->qgridnext) (4.12.3)
2025-01-14T12:29:03.1595197Z Requirement already satisfied: bleach!=5.0.0 in /home/runner/micromamba/envs/tardis/lib/python3.12/site-packages (from nbconvert>=6.4.4->jupyter-server<3,>=2.4.0->notebook>=4.4.1->widgetsnbextension~=3.6.5->ipywidgets>=7.0.0->qgridnext) (6.1.0)
2025-01-14T12:29:03.1610113Z Requirement already satisfied: defusedxml in /home/runner/micromamba/envs/tardis/lib/python3.12/site-packages (from nbconvert>=6.4.4->jupyter-server<3,>=2.4.0->notebook>=4.4.1->widgetsnbextension~=3.6.5->ipywidgets>=7.0.0->qgridnext) (0.7.1)
2025-01-14T12:29:03.1625765Z Requirement already satisfied: jupyterlab-pygments in /home/runner/micromamba/envs/tardis/lib/python3.12/site-packages (from nbconvert>=6.4.4->jupyter-server<3,>=2.4.0->notebook>=4.4.1->widgetsnbextension~=3.6.5->ipywidgets>=7.0.0->qgridnext) (0.3.0)
2025-01-14T12:29:03.1638353Z Requirement already satisfied: mistune<4,>=2.0.3 in /home/runner/micromamba/envs/tardis/lib/python3.12/site-packages (from nbconvert>=6.4.4->jupyter-server<3,>=2.4.0->notebook>=4.4.1->widgetsnbextension~=3.6.5->ipywidgets>=7.0.0->qgridnext) (3.0.2)
2025-01-14T12:29:03.1650537Z Requirement already satisfied: nbclient>=0.5.0 in /home/runner/micromamba/envs/tardis/lib/python3.12/site-packages (from nbconvert>=6.4.4->jupyter-server<3,>=2.4.0->notebook>=4.4.1->widgetsnbextension~=3.6.5->ipywidgets>=7.0.0->qgridnext) (0.10.0)
2025-01-14T12:29:03.1667028Z Requirement already satisfied: pandocfilters>=1.4.1 in /home/runner/micromamba/envs/tardis/lib/python3.12/site-packages (from nbconvert>=6.4.4->jupyter-server<3,>=2.4.0->notebook>=4.4.1->widgetsnbextension~=3.6.5->ipywidgets>=7.0.0->qgridnext) (1.5.0)
2025-01-14T12:29:03.1676792Z Requirement already satisfied: tinycss2 in /home/runner/micromamba/envs/tardis/lib/python3.12/site-packages (from nbconvert>=6.4.4->jupyter-server<3,>=2.4.0->notebook>=4.4.1->widgetsnbextension~=3.6.5->ipywidgets>=7.0.0->qgridnext) (1.3.0)
2025-01-14T12:29:03.1797307Z Requirement already satisfied: fastjsonschema>=2.15 in /home/runner/micromamba/envs/tardis/lib/python3.12/site-packages (from nbformat>=5.3.0->jupyter-server<3,>=2.4.0->notebook>=4.4.1->widgetsnbextension~=3.6.5->ipywidgets>=7.0.0->qgridnext) (2.20.0)
2025-01-14T12:29:03.2104625Z Requirement already satisfied: charset-normalizer<4,>=2 in /home/runner/micromamba/envs/tardis/lib/python3.12/site-packages (from requests>=2.31->jupyterlab-server<3,>=2.27.1->notebook>=4.4.1->widgetsnbextension~=3.6.5->ipywidgets>=7.0.0->qgridnext) (3.3.2)
2025-01-14T12:29:03.2117586Z Requirement already satisfied: urllib3<3,>=1.21.1 in /home/runner/micromamba/envs/tardis/lib/python3.12/site-packages (from requests>=2.31->jupyterlab-server<3,>=2.27.1->notebook>=4.4.1->widgetsnbextension~=3.6.5->ipywidgets>=7.0.0->qgridnext) (2.2.2)
2025-01-14T12:29:03.2962429Z Requirement already satisfied: webencodings in /home/runner/micromamba/envs/tardis/lib/python3.12/site-packages (from bleach!=5.0.0->nbconvert>=6.4.4->jupyter-server<3,>=2.4.0->notebook>=4.4.1->widgetsnbextension~=3.6.5->ipywidgets>=7.0.0->qgridnext) (0.5.1)
2025-01-14T12:29:03.3535858Z Requirement already satisfied: fqdn in /home/runner/micromamba/envs/tardis/lib/python3.12/site-packages (from jsonschema[format-nongpl]>=4.18.0->jupyter-events>=0.9.0->jupyter-server<3,>=2.4.0->notebook>=4.4.1->widgetsnbextension~=3.6.5->ipywidgets>=7.0.0->qgridnext) (1.5.1)
2025-01-14T12:29:03.3552299Z Requirement already satisfied: isoduration in /home/runner/micromamba/envs/tardis/lib/python3.12/site-packages (from jsonschema[format-nongpl]>=4.18.0->jupyter-events>=0.9.0->jupyter-server<3,>=2.4.0->notebook>=4.4.1->widgetsnbextension~=3.6.5->ipywidgets>=7.0.0->qgridnext) (20.11.0)
2025-01-14T12:29:03.3565781Z Requirement already satisfied: jsonpointer>1.13 in /home/runner/micromamba/envs/tardis/lib/python3.12/site-packages (from jsonschema[format-nongpl]>=4.18.0->jupyter-events>=0.9.0->jupyter-server<3,>=2.4.0->notebook>=4.4.1->widgetsnbextension~=3.6.5->ipywidgets>=7.0.0->qgridnext) (3.0.0)
2025-01-14T12:29:03.3582359Z Requirement already satisfied: uri-template in /home/runner/micromamba/envs/tardis/lib/python3.12/site-packages (from jsonschema[format-nongpl]>=4.18.0->jupyter-events>=0.9.0->jupyter-server<3,>=2.4.0->notebook>=4.4.1->widgetsnbextension~=3.6.5->ipywidgets>=7.0.0->qgridnext) (1.3.0)
2025-01-14T12:29:03.3595751Z Requirement already satisfied: webcolors>=1.11 in /home/runner/micromamba/envs/tardis/lib/python3.12/site-packages (from jsonschema[format-nongpl]>=4.18.0->jupyter-events>=0.9.0->jupyter-server<3,>=2.4.0->notebook>=4.4.1->widgetsnbextension~=3.6.5->ipywidgets>=7.0.0->qgridnext) (24.6.0)
2025-01-14T12:29:03.4604442Z Requirement already satisfied: cffi>=1.0.1 in /home/runner/micromamba/envs/tardis/lib/python3.12/site-packages (from argon2-cffi-bindings->argon2-cffi>=21.1->jupyter-server<3,>=2.4.0->notebook>=4.4.1->widgetsnbextension~=3.6.5->ipywidgets>=7.0.0->qgridnext) (1.16.0)
2025-01-14T12:29:03.4700825Z Requirement already satisfied: soupsieve>1.2 in /home/runner/micromamba/envs/tardis/lib/python3.12/site-packages (from beautifulsoup4->nbconvert>=6.4.4->jupyter-server<3,>=2.4.0->notebook>=4.4.1->widgetsnbextension~=3.6.5->ipywidgets>=7.0.0->qgridnext) (2.5)
2025-01-14T12:29:03.5214597Z Requirement already satisfied: pycparser in /home/runner/micromamba/envs/tardis/lib/python3.12/site-packages (from cffi>=1.0.1->argon2-cffi-bindings->argon2-cffi>=21.1->jupyter-server<3,>=2.4.0->notebook>=4.4.1->widgetsnbextension~=3.6.5->ipywidgets>=7.0.0->qgridnext) (2.22)
2025-01-14T12:29:03.5704886Z Requirement already satisfied: arrow>=0.15.0 in /home/runner/micromamba/envs/tardis/lib/python3.12/site-packages (from isoduration->jsonschema[format-nongpl]>=4.18.0->jupyter-events>=0.9.0->jupyter-server<3,>=2.4.0->notebook>=4.4.1->widgetsnbextension~=3.6.5->ipywidgets>=7.0.0->qgridnext) (1.3.0)
2025-01-14T12:29:03.5998618Z Requirement already satisfied: types-python-dateutil>=2.8.10 in /home/runner/micromamba/envs/tardis/lib/python3.12/site-packages (from arrow>=0.15.0->isoduration->jsonschema[format-nongpl]>=4.18.0->jupyter-events>=0.9.0->jupyter-server<3,>=2.4.0->notebook>=4.4.1->widgetsnbextension~=3.6.5->ipywidgets>=7.0.0->qgridnext) (2.9.0.20240316)
2025-01-14T12:29:03.6301096Z Downloading qgridnext-2.0.4-py3-none-any.whl (1.3 MB)
2025-01-14T12:29:03.6782952Z    â”â”â”â”â”â”â”â”â”â”â”â”â”â”â”â”â”â”â”â”â”â”â”â”â”â”â”â”â”â”â”â”â”â”â”â”â”â”â”â” 1.3/1.3 MB 27.3 MB/s eta 0:00:00
2025-01-14T12:29:04.4772503Z Installing collected packages: qgridnext
2025-01-14T12:29:04.5688648Z Successfully installed qgridnext-2.0.4
2025-01-14T12:29:04.7912710Z ##[group]Run pytest tardis --tardis-regression-data=/home/runner/work/tardis/tardis/tardis-regression-data --cov=tardis --cov-report=xml --cov-report=html --cov-append -m " continuum"
2025-01-14T12:29:04.7913985Z [36;1mpytest tardis --tardis-regression-data=/home/runner/work/tardis/tardis/tardis-regression-data --cov=tardis --cov-report=xml --cov-report=html --cov-append -m " continuum"[0m
2025-01-14T12:29:04.7941130Z shell: /usr/bin/bash -l {0}
2025-01-14T12:29:04.7941370Z env:
2025-01-14T12:29:04.7941543Z   CACHE_NUMBER: 0
2025-01-14T12:29:04.7942141Z   PYTEST_FLAGS: --tardis-regression-data=/home/runner/work/tardis/tardis/tardis-regression-data --cov=tardis --cov-report=xml --cov-report=html --cov-append
2025-01-14T12:29:04.7942801Z   CODECOV_TOKEN: 
2025-01-14T12:29:04.7943017Z   MAMBA_ROOT_PREFIX: /home/runner/micromamba
2025-01-14T12:29:04.7943325Z   MAMBA_EXE: /home/runner/micromamba-bin/micromamba
2025-01-14T12:29:04.7943705Z   CONDARC: /home/runner/work/_temp/setup-micromamba/.condarc
2025-01-14T12:29:04.7944168Z ##[endgroup]
2025-01-14T12:29:14.1409140Z ============================= test session starts ==============================
2025-01-14T12:29:14.1409670Z platform linux -- Python 3.12.4, pytest-8.2.2, pluggy-1.5.0
2025-01-14T12:29:14.1410090Z rootdir: /home/runner/work/tardis/tardis
2025-01-14T12:29:14.1410422Z configfile: pyproject.toml
2025-01-14T12:29:14.1410835Z plugins: anyio-4.4.0, doctestplus-1.2.1, cov-5.0.0, html-4.1.1, metadata-3.1.1
2025-01-14T12:29:14.1411322Z collected 1796 items / 1794 deselected / 2 selected
2025-01-14T12:29:14.1411572Z 
2025-01-14T12:30:01.7086098Z tardis/transport/montecarlo/estimators/tests/test_continuum_property_solver.py F [ 50%]
2025-01-14T12:30:01.7087892Z                                                                          [ 50%]
2025-01-14T12:30:35.2568758Z tardis/transport/montecarlo/tests/test_continuum.py F                    [100%]
2025-01-14T12:30:35.2569410Z 
2025-01-14T12:30:35.2569643Z =================================== FAILURES ===================================
2025-01-14T12:30:35.2570312Z __________________________ test_continuum_estimators ___________________________
2025-01-14T12:30:35.2570780Z 
2025-01-14T12:30:35.2572014Z continuum_config = {'tardis_config_version': 'v1.0', 'supernova': {'luminosity_requested': <Quantity 4.31528298e+42 erg / s>, 'time_explo...': 10.0, 'survival_probability': 0.0, 'enable_biasing': False, 'virtual_packet_logging': False}}, 'config_dirname': ''}
2025-01-14T12:30:35.2573775Z nlte_atomic_dataset = <Atomic Data UUID=None MD5=None Lines=69056 Levels=26012>
2025-01-14T12:30:35.2574621Z 
2025-01-14T12:30:35.2574794Z     @pytest.mark.continuum
2025-01-14T12:30:35.2575735Z     def test_continuum_estimators(
2025-01-14T12:30:35.2576128Z         continuum_config,
2025-01-14T12:30:35.2576478Z         nlte_atomic_dataset,
2025-01-14T12:30:35.2576823Z     ):
2025-01-14T12:30:35.2577187Z         nlte_atomic_dataset = deepcopy(nlte_atomic_dataset)
2025-01-14T12:30:35.2577773Z         continuum_simulation = Simulation.from_config(
2025-01-14T12:30:35.2578289Z             continuum_config,
2025-01-14T12:30:35.2578680Z             atom_data=nlte_atomic_dataset,
2025-01-14T12:30:35.2579117Z             virtual_packet_logging=False,
2025-01-14T12:30:35.2579525Z         )
2025-01-14T12:30:35.2579849Z         # continuum_simulation.run_convergence()
2025-01-14T12:30:35.2580337Z         continuum_properties_solver_dilute_bb = (
2025-01-14T12:30:35.2580860Z             DiluteBlackBodyContinuumPropertiesSolver(
2025-01-14T12:30:35.2581421Z                 continuum_simulation.plasma.atomic_data
2025-01-14T12:30:35.2581863Z             )
2025-01-14T12:30:35.2582149Z         )
2025-01-14T12:30:35.2582426Z     
2025-01-14T12:30:35.2582724Z         continuum_properties_dilute_bb = (
2025-01-14T12:30:35.2583200Z             continuum_properties_solver_dilute_bb.solve(
2025-01-14T12:30:35.2583794Z                 continuum_simulation.simulation_state.radiation_field_state,
2025-01-14T12:30:35.2586716Z                 continuum_simulation.plasma.t_electrons,
2025-01-14T12:30:35.2587238Z             )
2025-01-14T12:30:35.2587507Z         )
2025-01-14T12:30:35.2587762Z     
2025-01-14T12:30:35.2588097Z         continuum_plasma = continuum_simulation.plasma
2025-01-14T12:30:35.2588514Z     
2025-01-14T12:30:35.2588780Z         pdt.assert_frame_equal(
2025-01-14T12:30:35.2589339Z             continuum_properties_dilute_bb.photo_ionization_rate_coefficient,
2025-01-14T12:30:35.2589949Z             continuum_simulation.plasma.gamma,
2025-01-14T12:30:35.2590359Z         )
2025-01-14T12:30:35.2590649Z         stimulated_recomb_rate_coeff = (
2025-01-14T12:30:35.2591219Z             continuum_properties_dilute_bb.stimulated_recombination_rate_factor
2025-01-14T12:30:35.2591825Z             * continuum_plasma.phi_ik.loc[
2025-01-14T12:30:35.2592431Z                 continuum_properties_dilute_bb.stimulated_recombination_rate_factor.index
2025-01-14T12:30:35.2593008Z             ]
2025-01-14T12:30:35.2593282Z         )
2025-01-14T12:30:35.2593569Z         pdt.assert_frame_equal(
2025-01-14T12:30:35.2594301Z             stimulated_recomb_rate_coeff, continuum_plasma.alpha_stim
2025-01-14T12:30:35.2594817Z         )
2025-01-14T12:30:35.2595072Z     
2025-01-14T12:30:35.2595351Z >       continuum_simulation.run_final()
2025-01-14T12:30:35.2595639Z 
2025-01-14T12:30:35.2595994Z tardis/transport/montecarlo/estimators/tests/test_continuum_property_solver.py:54: 
2025-01-14T12:30:35.2596740Z _ _ _ _ _ _ _ _ _ _ _ _ _ _ _ _ _ _ _ _ _ _ _ _ _ _ _ _ _ _ _ _ _ _ _ _ _ _ _ _ 
2025-01-14T12:30:35.2597228Z tardis/simulation/base.py:558: in run_final
2025-01-14T12:30:35.2597764Z     emitted_luminosity, v_packets_energy_hist = self.iterate(
2025-01-14T12:30:35.2598330Z tardis/simulation/base.py:462: in iterate
2025-01-14T12:30:35.2598833Z     transport_state = self.transport.initialize_transport_state(
2025-01-14T12:30:35.2599490Z tardis/transport/montecarlo/base.py:129: in initialize_transport_state
2025-01-14T12:30:35.2600014Z     ).to_numba(
2025-01-14T12:30:35.2600353Z tardis/opacities/opacity_state.py:342: in to_numba
2025-01-14T12:30:35.2600814Z     return OpacityStateNumba(
2025-01-14T12:30:35.2601538Z ../../../micromamba/envs/tardis/lib/python3.12/site-packages/numba/experimental/jitclass/base.py:124: in __call__
2025-01-14T12:30:35.2602319Z     return cls._ctor(*bind.args[1:], **bind.kwargs)
2025-01-14T12:30:35.2603078Z ../../../micromamba/envs/tardis/lib/python3.12/site-packages/numba/core/dispatcher.py:468: in _compile_for_args
2025-01-14T12:30:35.2603781Z     error_rewrite(e, 'typing')
2025-01-14T12:30:35.2604333Z _ _ _ _ _ _ _ _ _ _ _ _ _ _ _ _ _ _ _ _ _ _ _ _ _ _ _ _ _ _ _ _ _ _ _ _ _ _ _ _ 
2025-01-14T12:30:35.2604936Z 
2025-01-14T12:30:35.2605958Z e = TypingError('Failed in nopython mode pipeline (step: nopython frontend)\nInternal error at <numba.core.typeinfer.CallC...bug level for details.\n\x1b[1m\nFile "<string>", line 3:\x1b[0m\n\x1b[1m<source missing, REPL/exec in use?>\x1b[0m\n')
2025-01-14T12:30:35.2607200Z issue_type = 'typing'
2025-01-14T12:30:35.2607386Z 
2025-01-14T12:30:35.2607515Z     def error_rewrite(e, issue_type):
2025-01-14T12:30:35.2607857Z         """
2025-01-14T12:30:35.2608230Z         Rewrite and raise Exception `e` with help supplied based on the
2025-01-14T12:30:35.2608712Z         specified issue_type.
2025-01-14T12:30:35.2609019Z         """
2025-01-14T12:30:35.2609279Z         if config.SHOW_HELP:
2025-01-14T12:30:35.2609644Z             help_msg = errors.error_extras[issue_type]
2025-01-14T12:30:35.2610123Z             e.patch_message('\n'.join((str(e).rstrip(), help_msg)))
2025-01-14T12:30:35.2610568Z         if config.FULL_TRACEBACKS:
2025-01-14T12:30:35.2610906Z             raise e
2025-01-14T12:30:35.2611184Z         else:
2025-01-14T12:30:35.2611456Z >           raise e.with_traceback(None)
2025-01-14T12:30:35.2612100Z E           numba.core.errors.TypingError: Failed in nopython mode pipeline (step: nopython frontend)
2025-01-14T12:30:35.2613133Z E           Internal error at <numba.core.typeinfer.CallConstraint object at 0x7f2317684560>.
2025-01-14T12:30:35.2614339Z E           [1m[1mFailed in nopython mode pipeline (step: native lowering)
2025-01-14T12:30:35.2614911Z E           [1m[1mCan't index at [1] in [1 x i64]
2025-01-14T12:30:35.2615307Z E           [1m
2025-01-14T12:30:35.2615756Z E           File "tardis/opacities/opacity_state.py", line 82:[0m
2025-01-14T12:30:35.2616260Z E           [1m    def __init__(
2025-01-14T12:30:35.2616590Z E                   <source elided>
2025-01-14T12:30:35.2616945Z E                   self.line_list_nu = line_list_nu
2025-01-14T12:30:35.2617428Z E           [1m        self.tau_sobolev = tau_sobolev
2025-01-14T12:30:35.2617907Z E           [0m        [1m^[0m[0m
2025-01-14T12:30:35.2618301Z E           [0m
2025-01-14T12:30:35.2619213Z E           [0m[1mDuring: lowering "(self).tau_sobolev = tau_sobolev" at /home/runner/work/tardis/tardis/tardis/opacities/opacity_state.py (82)[0m
2025-01-14T12:30:35.2624813Z E           [0m[1mDuring: resolving callee type: jitclass.OpacityStateNumba#7f2344967530<electron_density:array(float64, 1d, A),t_electrons:array(float64, 1d, A),line_list_nu:array(float64, 1d, A),tau_sobolev:array(float64, 2d, A),transition_probabilities:array(float64, 2d, A),line2macro_level_upper:array(int64, 1d, A),macro_block_references:array(int64, 1d, A),transition_type:array(int64, 1d, A),destination_level_id:array(int64, 1d, A),transition_line_id:array(int64, 1d, A),bf_threshold_list_nu:array(float64, 1d, A),p_fb_deactivation:array(float64, 2d, A),photo_ion_nu_threshold_mins:array(float64, 1d, A),photo_ion_nu_threshold_maxs:array(float64, 1d, A),photo_ion_block_references:array(int64, 1d, A),chi_bf:array(float64, 2d, A),x_sect:array(float64, 1d, A),phot_nus:array(float64, 1d, A),ff_opacity_factor:array(float64, 1d, A),emissivities:array(float64, 2d, A),photo_ion_activation_idx:array(int64, 1d, A),k_packet_idx:int64>[0m
2025-01-14T12:30:35.2628966Z E           [0m[1mDuring: typing of call at <string> (3)
2025-01-14T12:30:35.2629423Z E           [0m
2025-01-14T12:30:35.2629748Z E           Enable logging at debug level for details.
2025-01-14T12:30:35.2630173Z E           [1m
2025-01-14T12:30:35.2630523Z E           File "<string>", line 3:[0m
2025-01-14T12:30:35.2631005Z E           [1m<source missing, REPL/exec in use?>[0m
2025-01-14T12:30:35.2631306Z 
2025-01-14T12:30:35.2631736Z ../../../micromamba/envs/tardis/lib/python3.12/site-packages/numba/core/dispatcher.py:409: TypingError
2025-01-14T12:30:35.2632535Z ----------------------------- Captured stdout call -----------------------------
2025-01-14T12:30:35.2633292Z [[1mtardis.io.model.parse_density_configuration[0m][[1;33mWARNING[0m]  
2025-01-14T12:30:35.2634873Z 	Number of density points larger than number of shells. Assuming inner point irrelevant ([1mparse_density_configuration.py[0m:114)
2025-01-14T12:30:35.2635798Z ------------------------------ Captured log call -------------------------------
2025-01-14T12:30:35.2636943Z WARNING  tardis.io.model.parse_density_configuration:parse_density_configuration.py:114 Number of density points larger than number of shells. Assuming inner point irrelevant
2025-01-14T12:30:35.2638091Z __________________________ test_montecarlo_continuum ___________________________
2025-01-14T12:30:35.2638455Z 
2025-01-14T12:30:35.2639503Z continuum_config = {'tardis_config_version': 'v1.0', 'supernova': {'luminosity_requested': <Quantity 4.31528298e+42 erg / s>, 'time_explo...': 10.0, 'survival_probability': 0.0, 'enable_biasing': False, 'virtual_packet_logging': False}}, 'config_dirname': ''}
2025-01-14T12:30:35.2641060Z regression_data = <tardis.tests.fixtures.regression_data.RegressionData object at 0x7f22f48c9700>
2025-01-14T12:30:35.2641897Z nlte_atomic_dataset = <Atomic Data UUID=None MD5=None Lines=69056 Levels=26012>
2025-01-14T12:30:35.2642316Z 
2025-01-14T12:30:35.2642437Z     @pytest.mark.continuum
2025-01-14T12:30:35.2642775Z     def test_montecarlo_continuum(
2025-01-14T12:30:35.2643131Z         continuum_config,
2025-01-14T12:30:35.2643668Z         regression_data,
2025-01-14T12:30:35.2643987Z         nlte_atomic_dataset,
2025-01-14T12:30:35.2644440Z     ):
2025-01-14T12:30:35.2644745Z         nlte_atomic_dataset = deepcopy(nlte_atomic_dataset)
2025-01-14T12:30:35.2645211Z         continuum_simulation = Simulation.from_config(
2025-01-14T12:30:35.2645627Z             continuum_config,
2025-01-14T12:30:35.2645955Z             atom_data=nlte_atomic_dataset,
2025-01-14T12:30:35.2646319Z             virtual_packet_logging=False,
2025-01-14T12:30:35.2646647Z         )
2025-01-14T12:30:35.2646921Z         # continuum_simulation.run_convergence()
2025-01-14T12:30:35.2647275Z     
2025-01-14T12:30:35.2647518Z >       continuum_simulation.run_final()
2025-01-14T12:30:35.2647780Z 
2025-01-14T12:30:35.2648006Z tardis/transport/montecarlo/tests/test_continuum.py:23: 
2025-01-14T12:30:35.2648529Z _ _ _ _ _ _ _ _ _ _ _ _ _ _ _ _ _ _ _ _ _ _ _ _ _ _ _ _ _ _ _ _ _ _ _ _ _ _ _ _ 
2025-01-14T12:30:35.2648994Z tardis/simulation/base.py:558: in run_final
2025-01-14T12:30:35.2649505Z     emitted_luminosity, v_packets_energy_hist = self.iterate(
2025-01-14T12:30:35.2649974Z tardis/simulation/base.py:462: in iterate
2025-01-14T12:30:35.2650494Z     transport_state = self.transport.initialize_transport_state(
2025-01-14T12:30:35.2651129Z tardis/transport/montecarlo/base.py:129: in initialize_transport_state
2025-01-14T12:30:35.2651640Z     ).to_numba(
2025-01-14T12:30:35.2651966Z tardis/opacities/opacity_state.py:342: in to_numba
2025-01-14T12:30:35.2652385Z     return OpacityStateNumba(
2025-01-14T12:30:35.2653086Z ../../../micromamba/envs/tardis/lib/python3.12/site-packages/numba/experimental/jitclass/base.py:124: in __call__
2025-01-14T12:30:35.2653878Z     return cls._ctor(*bind.args[1:], **bind.kwargs)
2025-01-14T12:30:35.2654808Z ../../../micromamba/envs/tardis/lib/python3.12/site-packages/numba/core/dispatcher.py:468: in _compile_for_args
2025-01-14T12:30:35.2655505Z     error_rewrite(e, 'typing')
2025-01-14T12:30:35.2655985Z _ _ _ _ _ _ _ _ _ _ _ _ _ _ _ _ _ _ _ _ _ _ _ _ _ _ _ _ _ _ _ _ _ _ _ _ _ _ _ _ 
2025-01-14T12:30:35.2656298Z 
2025-01-14T12:30:35.2657347Z e = TypingError('Failed in nopython mode pipeline (step: nopython frontend)\nInternal error at <numba.core.typeinfer.CallC...bug level for details.\n\x1b[1m\nFile "<string>", line 3:\x1b[0m\n\x1b[1m<source missing, REPL/exec in use?>\x1b[0m\n')
2025-01-14T12:30:35.2658597Z issue_type = 'typing'
2025-01-14T12:30:35.2658793Z 
2025-01-14T12:30:35.2658922Z     def error_rewrite(e, issue_type):
2025-01-14T12:30:35.2659261Z         """
2025-01-14T12:30:35.2659634Z         Rewrite and raise Exception `e` with help supplied based on the
2025-01-14T12:30:35.2660119Z         specified issue_type.
2025-01-14T12:30:35.2660699Z         """
2025-01-14T12:30:35.2660954Z         if config.SHOW_HELP:
2025-01-14T12:30:35.2661331Z             help_msg = errors.error_extras[issue_type]
2025-01-14T12:30:35.2661822Z             e.patch_message('\n'.join((str(e).rstrip(), help_msg)))
2025-01-14T12:30:35.2662291Z         if config.FULL_TRACEBACKS:
2025-01-14T12:30:35.2662621Z             raise e
2025-01-14T12:30:35.2662871Z         else:
2025-01-14T12:30:35.2663146Z >           raise e.with_traceback(None)
2025-01-14T12:30:35.2663761Z E           numba.core.errors.TypingError: Failed in nopython mode pipeline (step: nopython frontend)
2025-01-14T12:30:35.2664741Z E           Internal error at <numba.core.typeinfer.CallConstraint object at 0x7f2317684560>.
2025-01-14T12:30:35.2665555Z E           [1m[1mFailed in nopython mode pipeline (step: native lowering)
2025-01-14T12:30:35.2666097Z E           [1m[1mCan't index at [1] in [1 x i64]
2025-01-14T12:30:35.2666494Z E           [1m
2025-01-14T12:30:35.2666944Z E           File "tardis/opacities/opacity_state.py", line 82:[0m
2025-01-14T12:30:35.2667442Z E           [1m    def __init__(
2025-01-14T12:30:35.2667775Z E                   <source elided>
2025-01-14T12:30:35.2668138Z E                   self.line_list_nu = line_list_nu
2025-01-14T12:30:35.2668815Z E           [1m        self.tau_sobolev = tau_sobolev
2025-01-14T12:30:35.2669263Z E           [0m        [1m^[0m[0m
2025-01-14T12:30:35.2669612Z E           [0m
2025-01-14T12:30:35.2670442Z E           [0m[1mDuring: lowering "(self).tau_sobolev = tau_sobolev" at /home/runner/work/tardis/tardis/tardis/opacities/opacity_state.py (82)[0m
2025-01-14T12:30:35.2675905Z E           [0m[1mDuring: resolving callee type: jitclass.OpacityStateNumba#7f2344967530<electron_density:array(float64, 1d, A),t_electrons:array(float64, 1d, A),line_list_nu:array(float64, 1d, A),tau_sobolev:array(float64, 2d, A),transition_probabilities:array(float64, 2d, A),line2macro_level_upper:array(int64, 1d, A),macro_block_references:array(int64, 1d, A),transition_type:array(int64, 1d, A),destination_level_id:array(int64, 1d, A),transition_line_id:array(int64, 1d, A),bf_threshold_list_nu:array(float64, 1d, A),p_fb_deactivation:array(float64, 2d, A),photo_ion_nu_threshold_mins:array(float64, 1d, A),photo_ion_nu_threshold_maxs:array(float64, 1d, A),photo_ion_block_references:array(int64, 1d, A),chi_bf:array(float64, 2d, A),x_sect:array(float64, 1d, A),phot_nus:array(float64, 1d, A),ff_opacity_factor:array(float64, 1d, A),emissivities:array(float64, 2d, A),photo_ion_activation_idx:array(int64, 1d, A),k_packet_idx:int64>[0m
2025-01-14T12:30:35.2680046Z E           [0m[1mDuring: typing of call at <string> (3)
2025-01-14T12:30:35.2680467Z E           [0m
2025-01-14T12:30:35.2680771Z E           Enable logging at debug level for details.
2025-01-14T12:30:35.2681187Z E           [1m
2025-01-14T12:30:35.2681547Z E           File "<string>", line 3:[0m
2025-01-14T12:30:35.2682025Z E           [1m<source missing, REPL/exec in use?>[0m
2025-01-14T12:30:35.2682316Z 
2025-01-14T12:30:35.2682745Z ../../../micromamba/envs/tardis/lib/python3.12/site-packages/numba/core/dispatcher.py:409: TypingError
2025-01-14T12:30:35.2683637Z ----------------------------- Captured stdout call -----------------------------
2025-01-14T12:30:35.2684547Z [[1mtardis.io.model.parse_density_configuration[0m][[1;33mWARNING[0m]  
2025-01-14T12:30:35.2685671Z 	Number of density points larger than number of shells. Assuming inner point irrelevant ([1mparse_density_configuration.py[0m:114)
2025-01-14T12:30:35.2686556Z ------------------------------ Captured log call -------------------------------
2025-01-14T12:30:35.2687748Z WARNING  tardis.io.model.parse_density_configuration:parse_density_configuration.py:114 Number of density points larger than number of shells. Assuming inner point irrelevant
2025-01-14T12:30:35.2688976Z =============================== warnings summary ===============================
2025-01-14T12:30:35.2689448Z tardis/io/configuration/config_validator.py:6
2025-01-14T12:30:35.2690138Z tardis/io/configuration/config_validator.py:6
2025-01-14T12:30:35.2690881Z   /home/runner/work/tardis/tardis/tardis/io/configuration/config_validator.py:6: DeprecationWarning:
2025-01-14T12:30:35.2691601Z   
2025-01-14T12:30:35.2693507Z   jsonschema.RefResolver is deprecated as of v4.18.0, in favor of the https://github.com/python-jsonschema/referencing library, which provides more compliant referencing behavior as well as more flexible APIs for customization. A future release will remove RefResolver. Please file a feature request (on referencing) if you are missing an API for the kind of customization you need.
2025-01-14T12:30:35.2695570Z 
2025-01-14T12:30:35.2695927Z ../../../micromamba/envs/tardis/lib/python3.12/site-packages/jupyter_client/connect.py:22
2025-01-14T12:30:35.2696963Z   /home/runner/micromamba/envs/tardis/lib/python3.12/site-packages/jupyter_client/connect.py:22: DeprecationWarning:
2025-01-14T12:30:35.2697743Z   
2025-01-14T12:30:35.2698079Z   Jupyter is migrating its paths to use standard platformdirs
2025-01-14T12:30:35.2698654Z   given by the platformdirs library.  To remove this warning and
2025-01-14T12:30:35.2699246Z   see the appropriate new directories, set the environment variable
2025-01-14T12:30:35.2700026Z   `JUPYTER_PLATFORM_DIRS=1` and then run `jupyter --paths`.
2025-01-14T12:30:35.2700596Z   The use of platformdirs will be the default in `jupyter_core` v6
2025-01-14T12:30:35.2700942Z 
2025-01-14T12:30:35.2707075Z tardis/transport/montecarlo/estimators/tests/test_continuum_property_solver.py::test_continuum_estimators
2025-01-14T12:30:35.2707894Z   <string>:3: NumbaPendingDeprecationWarning:
2025-01-14T12:30:35.2708289Z   
2025-01-14T12:30:35.2710141Z   [1m[1mCode using Numba extension API maybe depending on 'old_style' error-capturing, which is deprecated and will be replaced by 'new_style' in a future release. See details at https://numba.readthedocs.io/en/latest/reference/deprecation.html#deprecation-of-old-style-numba-captured-errors
2025-01-14T12:30:35.2711708Z   Exception origin:
2025-01-14T12:30:35.2712463Z     File "/home/runner/micromamba/envs/tardis/lib/python3.12/site-packages/llvmlite/ir/instructions.py", line 672, in __init__
2025-01-14T12:30:35.2713324Z       raise TypeError("Can't index at %r in %s"
2025-01-14T12:30:35.2713746Z   [0m[0m
2025-01-14T12:30:35.2713900Z 
2025-01-14T12:30:35.2714398Z -- Docs: https://docs.pytest.org/en/stable/how-to/capture-warnings.html
2025-01-14T12:30:35.2714819Z 
2025-01-14T12:30:35.2715070Z ---------- coverage: platform linux, python 3.12.4-final-0 -----------
2025-01-14T12:30:35.2715605Z Coverage HTML written to dir coverage_html_report
2025-01-14T12:30:35.2716044Z Coverage XML written to file coverage.xml
2025-01-14T12:30:35.2716308Z 
2025-01-14T12:30:35.2716493Z =========================== short test summary info ============================
2025-01-14T12:30:35.2717799Z FAILED tardis/transport/montecarlo/estimators/tests/test_continuum_property_solver.py::test_continuum_estimators - numba.core.errors.TypingError: Failed in nopython mode pipeline (step: nopython frontend)
2025-01-14T12:30:35.2719216Z Internal error at <numba.core.typeinfer.CallConstraint object at 0x7f2317684560>.
2025-01-14T12:30:35.2719996Z [1m[1mFailed in nopython mode pipeline (step: native lowering)
2025-01-14T12:30:35.2720532Z [1m[1mCan't index at [1] in [1 x i64]
2025-01-14T12:30:35.2720883Z [1m
2025-01-14T12:30:35.2721265Z File "tardis/opacities/opacity_state.py", line 82:[0m
2025-01-14T12:30:35.2721743Z [1m    def __init__(
2025-01-14T12:30:35.2722026Z         <source elided>
2025-01-14T12:30:35.2722335Z         self.line_list_nu = line_list_nu
2025-01-14T12:30:35.2722777Z [1m        self.tau_sobolev = tau_sobolev
2025-01-14T12:30:35.2723173Z [0m        [1m^[0m[0m
2025-01-14T12:30:35.2723480Z [0m
2025-01-14T12:30:35.2724450Z [0m[1mDuring: lowering "(self).tau_sobolev = tau_sobolev" at /home/runner/work/tardis/tardis/tardis/opacities/opacity_state.py (82)[0m
2025-01-14T12:30:35.2729784Z [0m[1mDuring: resolving callee type: jitclass.OpacityStateNumba#7f2344967530<electron_density:array(float64, 1d, A),t_electrons:array(float64, 1d, A),line_list_nu:array(float64, 1d, A),tau_sobolev:array(float64, 2d, A),transition_probabilities:array(float64, 2d, A),line2macro_level_upper:array(int64, 1d, A),macro_block_references:array(int64, 1d, A),transition_type:array(int64, 1d, A),destination_level_id:array(int64, 1d, A),transition_line_id:array(int64, 1d, A),bf_threshold_list_nu:array(float64, 1d, A),p_fb_deactivation:array(float64, 2d, A),photo_ion_nu_threshold_mins:array(float64, 1d, A),photo_ion_nu_threshold_maxs:array(float64, 1d, A),photo_ion_block_references:array(int64, 1d, A),chi_bf:array(float64, 2d, A),x_sect:array(float64, 1d, A),phot_nus:array(float64, 1d, A),ff_opacity_factor:array(float64, 1d, A),emissivities:array(float64, 2d, A),photo_ion_activation_idx:array(int64, 1d, A),k_packet_idx:int64>[0m
2025-01-14T12:30:35.2734414Z [0m[1mDuring: typing of call at <string> (3)
2025-01-14T12:30:35.2734779Z [0m
2025-01-14T12:30:35.2734978Z Enable logging at debug level for details.
2025-01-14T12:30:35.2735240Z [1m
2025-01-14T12:30:35.2735443Z File "<string>", line 3:[0m
2025-01-14T12:30:35.2735717Z [1m<source missing, REPL/exec in use?>[0m
2025-01-14T12:30:35.2736637Z FAILED tardis/transport/montecarlo/tests/test_continuum.py::test_montecarlo_continuum - numba.core.errors.TypingError: Failed in nopython mode pipeline (step: nopython frontend)
2025-01-14T12:30:35.2737467Z Internal error at <numba.core.typeinfer.CallConstraint object at 0x7f2317684560>.
2025-01-14T12:30:35.2737953Z [1m[1mFailed in nopython mode pipeline (step: native lowering)
2025-01-14T12:30:35.2738298Z [1m[1mCan't index at [1] in [1 x i64]
2025-01-14T12:30:35.2738535Z [1m
2025-01-14T12:30:35.2738793Z File "tardis/opacities/opacity_state.py", line 82:[0m
2025-01-14T12:30:35.2739096Z [1m    def __init__(
2025-01-14T12:30:35.2739290Z         <source elided>
2025-01-14T12:30:35.2739497Z         self.line_list_nu = line_list_nu
2025-01-14T12:30:35.2739786Z [1m        self.tau_sobolev = tau_sobolev
2025-01-14T12:30:35.2740046Z [0m        [1m^[0m[0m
2025-01-14T12:30:35.2740248Z [0m
2025-01-14T12:30:35.2740777Z [0m[1mDuring: lowering "(self).tau_sobolev = tau_sobolev" at /home/runner/work/tardis/tardis/tardis/opacities/opacity_state.py (82)[0m
2025-01-14T12:30:35.2744220Z [0m[1mDuring: resolving callee type: jitclass.OpacityStateNumba#7f2344967530<electron_density:array(float64, 1d, A),t_electrons:array(float64, 1d, A),line_list_nu:array(float64, 1d, A),tau_sobolev:array(float64, 2d, A),transition_probabilities:array(float64, 2d, A),line2macro_level_upper:array(int64, 1d, A),macro_block_references:array(int64, 1d, A),transition_type:array(int64, 1d, A),destination_level_id:array(int64, 1d, A),transition_line_id:array(int64, 1d, A),bf_threshold_list_nu:array(float64, 1d, A),p_fb_deactivation:array(float64, 2d, A),photo_ion_nu_threshold_mins:array(float64, 1d, A),photo_ion_nu_threshold_maxs:array(float64, 1d, A),photo_ion_block_references:array(int64, 1d, A),chi_bf:array(float64, 2d, A),x_sect:array(float64, 1d, A),phot_nus:array(float64, 1d, A),ff_opacity_factor:array(float64, 1d, A),emissivities:array(float64, 2d, A),photo_ion_activation_idx:array(int64, 1d, A),k_packet_idx:int64>[0m
2025-01-14T12:30:35.2746778Z [0m[1mDuring: typing of call at <string> (3)
2025-01-14T12:30:35.2747036Z [0m
2025-01-14T12:30:35.2747221Z Enable logging at debug level for details.
2025-01-14T12:30:35.2747467Z [1m
2025-01-14T12:30:35.2747662Z File "<string>", line 3:[0m
2025-01-14T12:30:35.2747928Z [1m<source missing, REPL/exec in use?>[0m
2025-01-14T12:30:35.2748247Z ========== 2 failed, 1794 deselected, 4 warnings in 82.70s (0:01:22) ===========
2025-01-14T12:30:36.4786513Z ##[error]Process completed with exit code 1.
2025-01-14T12:30:36.4860341Z Post job cleanup.
2025-01-14T12:30:36.4891721Z Post job cleanup.
2025-01-14T12:30:36.6305081Z Will use pre-installed micromamba at /home/runner/micromamba-bin/micromamba
2025-01-14T12:30:36.6311841Z Removing micromamba run shell ...
2025-01-14T12:30:36.6315750Z ##[group]Deinitialize micromamba for bash
2025-01-14T12:30:36.6334892Z [command]/home/runner/micromamba-bin/micromamba shell deinit -s bash -r /home/runner/micromamba --log-level warning --rc-file /home/runner/work/_temp/setup-micromamba/.condarc
2025-01-14T12:30:36.6435922Z Resetting RC file "/home/runner/.bashrc"
2025-01-14T12:30:36.6436445Z Deleting config for root prefix 
2025-01-14T12:30:36.6436890Z Clearing mamba executable environment variable
2025-01-14T12:30:36.6439115Z Removing the following in your "/home/runner/.bashrc" file
2025-01-14T12:30:36.6439844Z # >>> mamba initialize >>>
2025-01-14T12:30:36.6440196Z ...
2025-01-14T12:30:36.6440466Z # <<< mamba initialize <<<
2025-01-14T12:30:36.6469819Z Removing mamba initialize block from .bash_profile
2025-01-14T12:30:36.6485920Z ##[endgroup]
2025-01-14T12:30:36.6489723Z Removing environment tardis from auto-activate bash ...
2025-01-14T12:30:36.6632925Z Post job cleanup.
2025-01-14T12:30:36.6671705Z Post job cleanup.
2025-01-14T12:30:36.7707787Z [command]/usr/bin/git version
2025-01-14T12:30:36.7748677Z git version 2.47.1
2025-01-14T12:30:36.7802774Z Temporarily overriding HOME='/home/runner/work/_temp/1284b5f2-7818-4f17-8406-8426960be3c1' before making global git config changes
2025-01-14T12:30:36.7804374Z Adding repository directory to the temporary git global config as a safe directory
2025-01-14T12:30:36.7809494Z [command]/usr/bin/git config --global --add safe.directory /home/runner/work/tardis/tardis/tardis-regression-data
2025-01-14T12:30:36.7862890Z [command]/usr/bin/git config --local --name-only --get-regexp core\.sshCommand
2025-01-14T12:30:36.7906675Z [command]/usr/bin/git submodule foreach --recursive sh -c "git config --local --name-only --get-regexp 'core\.sshCommand' && git config --local --unset-all 'core.sshCommand' || :"
2025-01-14T12:30:36.8180016Z [command]/usr/bin/git config --local --name-only --get-regexp http\.https\:\/\/github\.com\/\.extraheader
2025-01-14T12:30:36.8206209Z http.https://github.com/.extraheader
2025-01-14T12:30:36.8220372Z [command]/usr/bin/git config --local --unset-all http.https://github.com/.extraheader
2025-01-14T12:30:36.8258979Z [command]/usr/bin/git submodule foreach --recursive sh -c "git config --local --name-only --get-regexp 'http\.https\:\/\/github\.com\/\.extraheader' && git config --local --unset-all 'http.https://github.com/.extraheader' || :"
2025-01-14T12:30:36.8623672Z Post job cleanup.
2025-01-14T12:30:36.9622117Z [command]/usr/bin/git version
2025-01-14T12:30:36.9661118Z git version 2.47.1
2025-01-14T12:30:36.9716451Z Temporarily overriding HOME='/home/runner/work/_temp/26a60842-b86d-4606-9206-b16b3fea6611' before making global git config changes
2025-01-14T12:30:36.9717728Z Adding repository directory to the temporary git global config as a safe directory
2025-01-14T12:30:36.9722800Z [command]/usr/bin/git config --global --add safe.directory /home/runner/work/tardis/tardis
2025-01-14T12:30:36.9761611Z [command]/usr/bin/git config --local --name-only --get-regexp core\.sshCommand
2025-01-14T12:30:36.9795865Z [command]/usr/bin/git submodule foreach --recursive sh -c "git config --local --name-only --get-regexp 'core\.sshCommand' && git config --local --unset-all 'core.sshCommand' || :"
2025-01-14T12:30:37.0038741Z [command]/usr/bin/git config --local --name-only --get-regexp http\.https\:\/\/github\.com\/\.extraheader
2025-01-14T12:30:37.0061211Z http.https://github.com/.extraheader
2025-01-14T12:30:37.0073823Z [command]/usr/bin/git config --local --unset-all http.https://github.com/.extraheader
2025-01-14T12:30:37.0105996Z [command]/usr/bin/git submodule foreach --recursive sh -c "git config --local --name-only --get-regexp 'http\.https\:\/\/github\.com\/\.extraheader' && git config --local --unset-all 'http.https://github.com/.extraheader' || :"
2025-01-14T12:30:37.0451193Z Cleaning up orphan processes
