2025-02-15T22:06:55.9252680Z Requested labels: ubuntu-latest
2025-02-15T22:06:55.9252934Z Job defined at: tardis-sn/tardis/.github/workflows/tests.yml@refs/pull/2973/merge
2025-02-15T22:06:55.9253038Z Waiting for a runner to pick up this job...
2025-02-15T22:06:56.2043089Z Job is waiting for a hosted runner to come online.
2025-02-15T22:06:59.6920287Z Job is about to start running on the hosted runner: GitHub Actions 16 (hosted)
2025-02-15T22:07:01.0191580Z Current runner version: '2.322.0'
2025-02-15T22:07:01.0220877Z ##[group]Operating System
2025-02-15T22:07:01.0221684Z Ubuntu
2025-02-15T22:07:01.0222230Z 24.04.1
2025-02-15T22:07:01.0222778Z LTS
2025-02-15T22:07:01.0223233Z ##[endgroup]
2025-02-15T22:07:01.0223779Z ##[group]Runner Image
2025-02-15T22:07:01.0224404Z Image: ubuntu-24.04
2025-02-15T22:07:01.0224943Z Version: 20250209.1.0
2025-02-15T22:07:01.0225995Z Included Software: https://github.com/actions/runner-images/blob/ubuntu24/20250209.1/images/ubuntu/Ubuntu2404-Readme.md
2025-02-15T22:07:01.0227479Z Image Release: https://github.com/actions/runner-images/releases/tag/ubuntu24%2F20250209.1
2025-02-15T22:07:01.0228606Z ##[endgroup]
2025-02-15T22:07:01.0229188Z ##[group]Runner Image Provisioner
2025-02-15T22:07:01.0229885Z 2.0.422.1
2025-02-15T22:07:01.0230404Z ##[endgroup]
2025-02-15T22:07:01.0232567Z ##[group]GITHUB_TOKEN Permissions
2025-02-15T22:07:01.0234444Z Actions: read
2025-02-15T22:07:01.0235281Z Attestations: read
2025-02-15T22:07:01.0235898Z Checks: read
2025-02-15T22:07:01.0236447Z Contents: read
2025-02-15T22:07:01.0237016Z Deployments: read
2025-02-15T22:07:01.0237549Z Discussions: read
2025-02-15T22:07:01.0238394Z Issues: read
2025-02-15T22:07:01.0238927Z Metadata: read
2025-02-15T22:07:01.0239463Z Packages: read
2025-02-15T22:07:01.0240052Z Pages: read
2025-02-15T22:07:01.0240584Z PullRequests: read
2025-02-15T22:07:01.0241118Z RepositoryProjects: read
2025-02-15T22:07:01.0241779Z SecurityEvents: read
2025-02-15T22:07:01.0242296Z Statuses: read
2025-02-15T22:07:01.0242809Z ##[endgroup]
2025-02-15T22:07:01.0245623Z Secret source: None
2025-02-15T22:07:01.0246434Z Prepare workflow directory
2025-02-15T22:07:01.0848882Z Prepare all required actions
2025-02-15T22:07:01.0886173Z Getting action download info
2025-02-15T22:07:01.2434475Z ##[group]Download immutable action package 'actions/checkout@v4'
2025-02-15T22:07:01.2436214Z Version: 4.2.2
2025-02-15T22:07:01.2438177Z Digest: sha256:ccb2698953eaebd21c7bf6268a94f9c26518a7e38e27e0b83c1fe1ad049819b1
2025-02-15T22:07:01.2440393Z Source commit SHA: 11bd71901bbe5b1630ceea73d27597364c9af683
2025-02-15T22:07:01.2441706Z ##[endgroup]
2025-02-15T22:07:01.3232454Z ##[group]Download immutable action package 'actions/upload-artifact@v4'
2025-02-15T22:07:01.3233456Z Version: 4.6.0
2025-02-15T22:07:01.3234354Z Digest: sha256:bf85474c8423f9cd48bd2caf3ce5adb1711e2dfdb055b040bd36b044e4290329
2025-02-15T22:07:01.3235583Z Source commit SHA: 65c4c4a1ddee5b72f698fdd19549f0f0fb45cf08
2025-02-15T22:07:01.3236434Z ##[endgroup]
2025-02-15T22:07:01.4883413Z Complete job name: not continuum ubuntu-latest 
2025-02-15T22:07:01.5664565Z ##[group]Run actions/checkout@v4
2025-02-15T22:07:01.5665540Z with:
2025-02-15T22:07:01.5666030Z   repository: tardis-sn/tardis
2025-02-15T22:07:01.5666795Z   token: ***
2025-02-15T22:07:01.5667267Z   ssh-strict: true
2025-02-15T22:07:01.5667740Z   ssh-user: git
2025-02-15T22:07:01.5668401Z   persist-credentials: true
2025-02-15T22:07:01.5668935Z   clean: true
2025-02-15T22:07:01.5669416Z   sparse-checkout-cone-mode: true
2025-02-15T22:07:01.5670023Z   fetch-depth: 1
2025-02-15T22:07:01.5670486Z   fetch-tags: false
2025-02-15T22:07:01.5670958Z   show-progress: true
2025-02-15T22:07:01.5671454Z   lfs: false
2025-02-15T22:07:01.5671902Z   submodules: false
2025-02-15T22:07:01.5672382Z   set-safe-directory: true
2025-02-15T22:07:01.5673137Z env:
2025-02-15T22:07:01.5673556Z   CACHE_NUMBER: 0
2025-02-15T22:07:01.5674959Z   PYTEST_FLAGS: --tardis-regression-data=/home/runner/work/tardis/tardis/tardis-regression-data --cov=tardis --cov-report=xml --cov-report=html --cov-append
2025-02-15T22:07:01.5676465Z   CODECOV_TOKEN: 
2025-02-15T22:07:01.5676931Z ##[endgroup]
2025-02-15T22:07:01.7587478Z Syncing repository: tardis-sn/tardis
2025-02-15T22:07:01.7589840Z ##[group]Getting Git version info
2025-02-15T22:07:01.7590685Z Working directory is '/home/runner/work/tardis/tardis'
2025-02-15T22:07:01.7591835Z [command]/usr/bin/git version
2025-02-15T22:07:01.7643548Z git version 2.48.1
2025-02-15T22:07:01.7670210Z ##[endgroup]
2025-02-15T22:07:01.7683605Z Temporarily overriding HOME='/home/runner/work/_temp/cde3ea74-39d8-473b-b48e-f1114e40f0f6' before making global git config changes
2025-02-15T22:07:01.7685265Z Adding repository directory to the temporary git global config as a safe directory
2025-02-15T22:07:01.7688785Z [command]/usr/bin/git config --global --add safe.directory /home/runner/work/tardis/tardis
2025-02-15T22:07:01.7721347Z Deleting the contents of '/home/runner/work/tardis/tardis'
2025-02-15T22:07:01.7725168Z ##[group]Initializing the repository
2025-02-15T22:07:01.7729021Z [command]/usr/bin/git init /home/runner/work/tardis/tardis
2025-02-15T22:07:01.7794699Z hint: Using 'master' as the name for the initial branch. This default branch name
2025-02-15T22:07:01.7795992Z hint: is subject to change. To configure the initial branch name to use in all
2025-02-15T22:07:01.7797080Z hint: of your new repositories, which will suppress this warning, call:
2025-02-15T22:07:01.7798072Z hint:
2025-02-15T22:07:01.7798830Z hint: 	git config --global init.defaultBranch <name>
2025-02-15T22:07:01.7799973Z hint:
2025-02-15T22:07:01.7800698Z hint: Names commonly chosen instead of 'master' are 'main', 'trunk' and
2025-02-15T22:07:01.7801753Z hint: 'development'. The just-created branch can be renamed via this command:
2025-02-15T22:07:01.7802558Z hint:
2025-02-15T22:07:01.7802983Z hint: 	git branch -m <name>
2025-02-15T22:07:01.7803867Z Initialized empty Git repository in /home/runner/work/tardis/tardis/.git/
2025-02-15T22:07:01.7810415Z [command]/usr/bin/git remote add origin https://github.com/tardis-sn/tardis
2025-02-15T22:07:01.7844760Z ##[endgroup]
2025-02-15T22:07:01.7845636Z ##[group]Disabling automatic garbage collection
2025-02-15T22:07:01.7849023Z [command]/usr/bin/git config --local gc.auto 0
2025-02-15T22:07:01.7876295Z ##[endgroup]
2025-02-15T22:07:01.7877056Z ##[group]Setting up auth
2025-02-15T22:07:01.7883138Z [command]/usr/bin/git config --local --name-only --get-regexp core\.sshCommand
2025-02-15T22:07:01.7912591Z [command]/usr/bin/git submodule foreach --recursive sh -c "git config --local --name-only --get-regexp 'core\.sshCommand' && git config --local --unset-all 'core.sshCommand' || :"
2025-02-15T22:07:01.8185259Z [command]/usr/bin/git config --local --name-only --get-regexp http\.https\:\/\/github\.com\/\.extraheader
2025-02-15T22:07:01.8213668Z [command]/usr/bin/git submodule foreach --recursive sh -c "git config --local --name-only --get-regexp 'http\.https\:\/\/github\.com\/\.extraheader' && git config --local --unset-all 'http.https://github.com/.extraheader' || :"
2025-02-15T22:07:01.8436598Z [command]/usr/bin/git config --local http.https://github.com/.extraheader AUTHORIZATION: basic ***
2025-02-15T22:07:01.8475224Z ##[endgroup]
2025-02-15T22:07:01.8476800Z ##[group]Fetching the repository
2025-02-15T22:07:01.8485645Z [command]/usr/bin/git -c protocol.version=2 fetch --no-tags --prune --no-recurse-submodules --depth=1 origin +2ad3974fba275d0cd99c1b25222cae9cc5bdd76e:refs/remotes/pull/2973/merge
2025-02-15T22:07:03.0421381Z From https://github.com/tardis-sn/tardis
2025-02-15T22:07:03.0424044Z  * [new ref]         2ad3974fba275d0cd99c1b25222cae9cc5bdd76e -> pull/2973/merge
2025-02-15T22:07:03.0448347Z ##[endgroup]
2025-02-15T22:07:03.0449937Z ##[group]Determining the checkout info
2025-02-15T22:07:03.0451504Z ##[endgroup]
2025-02-15T22:07:03.0454906Z [command]/usr/bin/git sparse-checkout disable
2025-02-15T22:07:03.0495246Z [command]/usr/bin/git config --local --unset-all extensions.worktreeConfig
2025-02-15T22:07:03.0522330Z ##[group]Checking out the ref
2025-02-15T22:07:03.0525595Z [command]/usr/bin/git checkout --progress --force refs/remotes/pull/2973/merge
2025-02-15T22:07:03.2585405Z Note: switching to 'refs/remotes/pull/2973/merge'.
2025-02-15T22:07:03.2586874Z 
2025-02-15T22:07:03.2588195Z You are in 'detached HEAD' state. You can look around, make experimental
2025-02-15T22:07:03.2591137Z changes and commit them, and you can discard any commits you make in this
2025-02-15T22:07:03.2594088Z state without impacting any branches by switching back to a branch.
2025-02-15T22:07:03.2596178Z 
2025-02-15T22:07:03.2597299Z If you want to create a new branch to retain commits you create, you may
2025-02-15T22:07:03.2600062Z do so (now or later) by using -c with the switch command. Example:
2025-02-15T22:07:03.2601604Z 
2025-02-15T22:07:03.2602215Z   git switch -c <new-branch-name>
2025-02-15T22:07:03.2603279Z 
2025-02-15T22:07:03.2603925Z Or undo this operation with:
2025-02-15T22:07:03.2604904Z 
2025-02-15T22:07:03.2605436Z   git switch -
2025-02-15T22:07:03.2606172Z 
2025-02-15T22:07:03.2607395Z Turn off this advice by setting config variable advice.detachedHead to false
2025-02-15T22:07:03.2609224Z 
2025-02-15T22:07:03.2610708Z HEAD is now at 2ad3974 Merge 9e1746bcb12c31c5676d06b164704bc4dba66c64 into 13c9a314d4165ff320d000df7d67b5c5f91a69dd
2025-02-15T22:07:03.2615321Z ##[endgroup]
2025-02-15T22:07:03.2654426Z [command]/usr/bin/git log -1 --format=%H
2025-02-15T22:07:03.2677337Z 2ad3974fba275d0cd99c1b25222cae9cc5bdd76e
2025-02-15T22:07:03.3051073Z Prepare all required actions
2025-02-15T22:07:03.3052276Z Getting action download info
2025-02-15T22:07:03.4364964Z ##[group]Download immutable action package 'actions/cache@v4'
2025-02-15T22:07:03.4366277Z Version: 4.2.0
2025-02-15T22:07:03.4367580Z Digest: sha256:5bc11090595acbf82dbfb02747bf0bfd91544e869357fd3ac0eb41f509632110
2025-02-15T22:07:03.4369528Z Source commit SHA: 1bd1e32a3bdc45362d1e726936510720a7c30a57
2025-02-15T22:07:03.4370751Z ##[endgroup]
2025-02-15T22:07:03.5756992Z ##[group]Run ./.github/actions/setup_lfs
2025-02-15T22:07:03.5758102Z with:
2025-02-15T22:07:03.5758983Z   regression-data-repo: tardis-sn/tardis-regression-data
2025-02-15T22:07:03.5760157Z   atom-data-sparse: false
2025-02-15T22:07:03.5760949Z env:
2025-02-15T22:07:03.5761573Z   CACHE_NUMBER: 0
2025-02-15T22:07:03.5763775Z   PYTEST_FLAGS: --tardis-regression-data=/home/runner/work/tardis/tardis/tardis-regression-data --cov=tardis --cov-report=xml --cov-report=html --cov-append
2025-02-15T22:07:03.5766209Z   CODECOV_TOKEN: 
2025-02-15T22:07:03.5766919Z ##[endgroup]
2025-02-15T22:07:03.5968596Z ##[group]Run actions/checkout@v4
2025-02-15T22:07:03.5969507Z with:
2025-02-15T22:07:03.5970281Z   repository: tardis-sn/tardis-regression-data
2025-02-15T22:07:03.5971352Z   path: tardis-regression-data
2025-02-15T22:07:03.5972205Z   lfs: false
2025-02-15T22:07:03.5973138Z   token: ***
2025-02-15T22:07:03.5973832Z   ssh-strict: true
2025-02-15T22:07:03.5974554Z   ssh-user: git
2025-02-15T22:07:03.5975285Z   persist-credentials: true
2025-02-15T22:07:03.5976099Z   clean: true
2025-02-15T22:07:03.5976837Z   sparse-checkout-cone-mode: true
2025-02-15T22:07:03.5977720Z   fetch-depth: 1
2025-02-15T22:07:03.5978684Z   fetch-tags: false
2025-02-15T22:07:03.5979429Z   show-progress: true
2025-02-15T22:07:03.5980186Z   submodules: false
2025-02-15T22:07:03.5980935Z   set-safe-directory: true
2025-02-15T22:07:03.5981726Z env:
2025-02-15T22:07:03.5982355Z   CACHE_NUMBER: 0
2025-02-15T22:07:03.5984552Z   PYTEST_FLAGS: --tardis-regression-data=/home/runner/work/tardis/tardis/tardis-regression-data --cov=tardis --cov-report=xml --cov-report=html --cov-append
2025-02-15T22:07:03.5986902Z   CODECOV_TOKEN: 
2025-02-15T22:07:03.5987606Z ##[endgroup]
2025-02-15T22:07:03.6906232Z Syncing repository: tardis-sn/tardis-regression-data
2025-02-15T22:07:03.6912539Z ##[group]Getting Git version info
2025-02-15T22:07:03.6913981Z Working directory is '/home/runner/work/tardis/tardis/tardis-regression-data'
2025-02-15T22:07:03.6954082Z [command]/usr/bin/git version
2025-02-15T22:07:03.6995334Z git version 2.48.1
2025-02-15T22:07:03.7020331Z ##[endgroup]
2025-02-15T22:07:03.7032885Z Temporarily overriding HOME='/home/runner/work/_temp/9310336c-f0cf-4e34-823a-5254a7d085b6' before making global git config changes
2025-02-15T22:07:03.7035571Z Adding repository directory to the temporary git global config as a safe directory
2025-02-15T22:07:03.7038636Z [command]/usr/bin/git config --global --add safe.directory /home/runner/work/tardis/tardis/tardis-regression-data
2025-02-15T22:07:03.7066336Z ##[group]Initializing the repository
2025-02-15T22:07:03.7071473Z [command]/usr/bin/git init /home/runner/work/tardis/tardis/tardis-regression-data
2025-02-15T22:07:03.7108200Z hint: Using 'master' as the name for the initial branch. This default branch name
2025-02-15T22:07:03.7110841Z hint: is subject to change. To configure the initial branch name to use in all
2025-02-15T22:07:03.7113888Z hint: of your new repositories, which will suppress this warning, call:
2025-02-15T22:07:03.7116097Z hint:
2025-02-15T22:07:03.7117528Z hint: 	git config --global init.defaultBranch <name>
2025-02-15T22:07:03.7119582Z hint:
2025-02-15T22:07:03.7121388Z hint: Names commonly chosen instead of 'master' are 'main', 'trunk' and
2025-02-15T22:07:03.7124381Z hint: 'development'. The just-created branch can be renamed via this command:
2025-02-15T22:07:03.7126608Z hint:
2025-02-15T22:07:03.7127736Z hint: 	git branch -m <name>
2025-02-15T22:07:03.7129820Z Initialized empty Git repository in /home/runner/work/tardis/tardis/tardis-regression-data/.git/
2025-02-15T22:07:03.7133849Z [command]/usr/bin/git remote add origin https://github.com/tardis-sn/tardis-regression-data
2025-02-15T22:07:03.7154875Z ##[endgroup]
2025-02-15T22:07:03.7157038Z ##[group]Disabling automatic garbage collection
2025-02-15T22:07:03.7159301Z [command]/usr/bin/git config --local gc.auto 0
2025-02-15T22:07:03.7187476Z ##[endgroup]
2025-02-15T22:07:03.7188994Z ##[group]Setting up auth
2025-02-15T22:07:03.7193221Z [command]/usr/bin/git config --local --name-only --get-regexp core\.sshCommand
2025-02-15T22:07:03.7223271Z [command]/usr/bin/git submodule foreach --recursive sh -c "git config --local --name-only --get-regexp 'core\.sshCommand' && git config --local --unset-all 'core.sshCommand' || :"
2025-02-15T22:07:03.7445888Z [command]/usr/bin/git config --local --name-only --get-regexp http\.https\:\/\/github\.com\/\.extraheader
2025-02-15T22:07:03.7478043Z [command]/usr/bin/git submodule foreach --recursive sh -c "git config --local --name-only --get-regexp 'http\.https\:\/\/github\.com\/\.extraheader' && git config --local --unset-all 'http.https://github.com/.extraheader' || :"
2025-02-15T22:07:03.7702645Z [command]/usr/bin/git config --local http.https://github.com/.extraheader AUTHORIZATION: basic ***
2025-02-15T22:07:03.7739062Z ##[endgroup]
2025-02-15T22:07:03.7741316Z ##[group]Determining the default branch
2025-02-15T22:07:03.7743145Z Retrieving the default branch name
2025-02-15T22:07:03.9690304Z Default branch 'main'
2025-02-15T22:07:03.9692616Z ##[endgroup]
2025-02-15T22:07:03.9694702Z ##[group]Fetching the repository
2025-02-15T22:07:03.9700851Z [command]/usr/bin/git -c protocol.version=2 fetch --no-tags --prune --no-recurse-submodules --depth=1 origin +refs/heads/main:refs/remotes/origin/main
2025-02-15T22:07:04.2407125Z From https://github.com/tardis-sn/tardis-regression-data
2025-02-15T22:07:04.2408156Z  * [new branch]      main       -> origin/main
2025-02-15T22:07:04.2433698Z ##[endgroup]
2025-02-15T22:07:04.2434662Z ##[group]Determining the checkout info
2025-02-15T22:07:04.2435742Z ##[endgroup]
2025-02-15T22:07:04.2441253Z [command]/usr/bin/git sparse-checkout disable
2025-02-15T22:07:04.2477495Z [command]/usr/bin/git config --local --unset-all extensions.worktreeConfig
2025-02-15T22:07:04.2506156Z ##[group]Checking out the ref
2025-02-15T22:07:04.2510779Z [command]/usr/bin/git checkout --progress --force -B main refs/remotes/origin/main
2025-02-15T22:07:04.3576323Z Switched to a new branch 'main'
2025-02-15T22:07:04.3578840Z branch 'main' set up to track 'origin/main'.
2025-02-15T22:07:04.3834045Z ##[endgroup]
2025-02-15T22:07:04.3873445Z [command]/usr/bin/git log -1 --format=%H
2025-02-15T22:07:04.3896661Z fa7729bc9c30e14b69acd641af8b692b56fcd416
2025-02-15T22:07:04.4032867Z ##[group]Run if [ "false" == "true" ]; then
2025-02-15T22:07:04.4033338Z [36;1mif [ "false" == "true" ]; then[0m
2025-02-15T22:07:04.4033756Z [36;1m  echo "Using atom data sparse checkout"[0m
2025-02-15T22:07:04.4034471Z [36;1m  echo "atom_data/kurucz_cd23_chianti_H_He.h5" > .lfs-files-list[0m
2025-02-15T22:07:04.4034912Z [36;1melse[0m
2025-02-15T22:07:04.4035240Z [36;1m  echo "Using full repository checkout"[0m
2025-02-15T22:07:04.4035714Z [36;1m  git lfs ls-files -l | cut -d' ' -f1 | sort > .lfs-files-list[0m
2025-02-15T22:07:04.4036145Z [36;1mfi[0m
2025-02-15T22:07:04.4196777Z shell: /usr/bin/bash --noprofile --norc -e -o pipefail {0}
2025-02-15T22:07:04.4197237Z env:
2025-02-15T22:07:04.4197519Z   CACHE_NUMBER: 0
2025-02-15T22:07:04.4198502Z   PYTEST_FLAGS: --tardis-regression-data=/home/runner/work/tardis/tardis/tardis-regression-data --cov=tardis --cov-report=xml --cov-report=html --cov-append
2025-02-15T22:07:04.4199285Z   CODECOV_TOKEN: 
2025-02-15T22:07:04.4199576Z ##[endgroup]
2025-02-15T22:07:04.4291923Z Using full repository checkout
2025-02-15T22:07:04.5705647Z ##[group]Run actions/cache/restore@v4
2025-02-15T22:07:04.5706025Z with:
2025-02-15T22:07:04.5706327Z   path: tardis-regression-data/.git/lfs
2025-02-15T22:07:04.5707372Z   key: tardis-regression-full-data-21f9fa4b6817cc69b9fae3598144724da7828e276a73bd17f47a2a49d9af090a-tardis-sn/tardis-regression-data-v1
2025-02-15T22:07:04.5708451Z   fail-on-cache-miss: true
2025-02-15T22:07:04.5708798Z   enableCrossOsArchive: false
2025-02-15T22:07:04.5709141Z   lookup-only: false
2025-02-15T22:07:04.5709432Z env:
2025-02-15T22:07:04.5709707Z   CACHE_NUMBER: 0
2025-02-15T22:07:04.5710480Z   PYTEST_FLAGS: --tardis-regression-data=/home/runner/work/tardis/tardis/tardis-regression-data --cov=tardis --cov-report=xml --cov-report=html --cov-append
2025-02-15T22:07:04.5711282Z   CODECOV_TOKEN: 
2025-02-15T22:07:04.5711562Z ##[endgroup]
2025-02-15T22:07:04.7892593Z Cache hit for: tardis-regression-full-data-21f9fa4b6817cc69b9fae3598144724da7828e276a73bd17f47a2a49d9af090a-tardis-sn/tardis-regression-data-v1
2025-02-15T22:07:05.8434002Z Received 197132288 of 1707217599 (11.5%), 187.8 MBs/sec
2025-02-15T22:07:06.8435833Z Received 402653184 of 1707217599 (23.6%), 191.9 MBs/sec
2025-02-15T22:07:07.8449997Z Received 645922816 of 1707217599 (37.8%), 205.2 MBs/sec
2025-02-15T22:07:08.8471850Z Received 847249408 of 1707217599 (49.6%), 201.8 MBs/sec
2025-02-15T22:07:09.8473531Z Received 1073741824 of 1707217599 (62.9%), 204.6 MBs/sec
2025-02-15T22:07:10.8501556Z Received 1325400064 of 1707217599 (77.6%), 210.4 MBs/sec
2025-02-15T22:07:11.8530618Z Received 1556086784 of 1707217599 (91.1%), 211.7 MBs/sec
2025-02-15T22:07:12.5114629Z Received 1707217599 of 1707217599 (100.0%), 212.3 MBs/sec
2025-02-15T22:07:12.5117173Z Cache Size: ~1628 MB (1707217599 B)
2025-02-15T22:07:12.5154922Z [command]/usr/bin/tar -xf /home/runner/work/_temp/fe22c9e9-4c2c-4eb6-b797-3911cf65cc98/cache.tzst -P -C /home/runner/work/tardis/tardis --use-compress-program unzstd
2025-02-15T22:07:18.6757592Z Cache restored successfully
2025-02-15T22:07:18.9760914Z Cache restored from key: tardis-regression-full-data-21f9fa4b6817cc69b9fae3598144724da7828e276a73bd17f47a2a49d9af090a-tardis-sn/tardis-regression-data-v1
2025-02-15T22:07:18.9921330Z ##[group]Run git lfs checkout
2025-02-15T22:07:18.9921962Z [36;1mgit lfs checkout[0m
2025-02-15T22:07:18.9975311Z shell: /usr/bin/bash --noprofile --norc -e -o pipefail {0}
2025-02-15T22:07:18.9975636Z env:
2025-02-15T22:07:18.9975810Z   CACHE_NUMBER: 0
2025-02-15T22:07:18.9976416Z   PYTEST_FLAGS: --tardis-regression-data=/home/runner/work/tardis/tardis/tardis-regression-data --cov=tardis --cov-report=xml --cov-report=html --cov-append
2025-02-15T22:07:18.9977082Z   CODECOV_TOKEN: 
2025-02-15T22:07:18.9977279Z ##[endgroup]
2025-02-15T22:07:32.6016208Z Checking out LFS objects: 100% (204/204), 3.5 GB | 260 MB/s, done.
2025-02-15T22:07:34.3092942Z Prepare all required actions
2025-02-15T22:07:34.3093284Z Getting action download info
2025-02-15T22:07:34.3998070Z Download action repository 'mamba-org/setup-micromamba@v1' (SHA:4b9113af4fba0e9e1124b252dd6497a419e7396d)
2025-02-15T22:07:34.6910049Z ##[group]Run ./.github/actions/setup_env
2025-02-15T22:07:34.6910332Z with:
2025-02-15T22:07:34.6910714Z   os-label: linux-64
2025-02-15T22:07:34.6910914Z env:
2025-02-15T22:07:34.6911094Z   CACHE_NUMBER: 0
2025-02-15T22:07:34.6911711Z   PYTEST_FLAGS: --tardis-regression-data=/home/runner/work/tardis/tardis/tardis-regression-data --cov=tardis --cov-report=xml --cov-report=html --cov-append
2025-02-15T22:07:34.6912354Z   CODECOV_TOKEN: 
2025-02-15T22:07:34.6912548Z ##[endgroup]
2025-02-15T22:07:34.6932676Z ##[group]Run file_hash=$(cat conda-linux-64.lock | shasum -a 256 | cut -d' ' -f1)
2025-02-15T22:07:34.6933172Z [36;1mfile_hash=$(cat conda-linux-64.lock | shasum -a 256 | cut -d' ' -f1)[0m
2025-02-15T22:07:34.6933716Z [36;1mecho "file_hash=tardis-conda-env-linux-64-${file_hash}-v1" >> "${GITHUB_OUTPUT}"[0m
2025-02-15T22:07:34.6986338Z shell: /usr/bin/bash --noprofile --norc -e -o pipefail {0}
2025-02-15T22:07:34.6986655Z env:
2025-02-15T22:07:34.6986833Z   CACHE_NUMBER: 0
2025-02-15T22:07:34.6987443Z   PYTEST_FLAGS: --tardis-regression-data=/home/runner/work/tardis/tardis/tardis-regression-data --cov=tardis --cov-report=xml --cov-report=html --cov-append
2025-02-15T22:07:34.6988198Z   CODECOV_TOKEN: 
2025-02-15T22:07:34.6988394Z ##[endgroup]
2025-02-15T22:07:34.7313595Z ##[group]Run mamba-org/setup-micromamba@v1
2025-02-15T22:07:34.7313862Z with:
2025-02-15T22:07:34.7314067Z   environment-file: conda-linux-64.lock
2025-02-15T22:07:34.7314624Z   cache-environment-key: tardis-conda-env-linux-64-d7cd390425b0fd3cf82649dcc003efba9915fb4928f15d342148c3ccffcbe2ee-v1
2025-02-15T22:07:34.7315462Z   cache-downloads-key: tardis-conda-env-linux-64-d7cd390425b0fd3cf82649dcc003efba9915fb4928f15d342148c3ccffcbe2ee-v1
2025-02-15T22:07:34.7316007Z   environment-name: tardis
2025-02-15T22:07:34.7316239Z   cache-environment: true
2025-02-15T22:07:34.7316460Z   cache-downloads: true
2025-02-15T22:07:34.7316665Z env:
2025-02-15T22:07:34.7316840Z   CACHE_NUMBER: 0
2025-02-15T22:07:34.7317445Z   PYTEST_FLAGS: --tardis-regression-data=/home/runner/work/tardis/tardis/tardis-regression-data --cov=tardis --cov-report=xml --cov-report=html --cov-append
2025-02-15T22:07:34.7318286Z   CODECOV_TOKEN: 
2025-02-15T22:07:34.7318481Z ##[endgroup]
2025-02-15T22:07:34.8630793Z Will download micromamba to /home/runner/micromamba-bin/micromamba
2025-02-15T22:07:34.8640965Z ##[group]Install micromamba
2025-02-15T22:07:35.1475058Z micromamba installed to /home/runner/micromamba-bin/micromamba
2025-02-15T22:07:35.1479826Z ##[endgroup]
2025-02-15T22:07:35.1481435Z Adding conda-forge to condarc channels ...
2025-02-15T22:07:35.1497340Z ##[group]Initialize micromamba for bash.
2025-02-15T22:07:35.1519035Z [command]/home/runner/micromamba-bin/micromamba shell init -s bash -r /home/runner/micromamba --log-level warning --rc-file /home/runner/work/_temp/setup-micromamba/.condarc
2025-02-15T22:07:35.1639538Z Modifying RC file "/home/runner/.bashrc"
2025-02-15T22:07:35.1640585Z Generating config for root prefix [1m"/home/runner/micromamba"[0m
2025-02-15T22:07:35.1641260Z Setting mamba executable to: [1m"/home/runner/micromamba-bin/micromamba"[0m
2025-02-15T22:07:35.1642110Z Adding (or replacing) the following in your "/home/runner/.bashrc" file
2025-02-15T22:07:35.1642562Z 
2025-02-15T22:07:35.1642714Z # >>> mamba initialize >>>
2025-02-15T22:07:35.1643186Z # !! Contents within this block are managed by 'mamba init' !!
2025-02-15T22:07:35.1643615Z export MAMBA_EXE='/home/runner/micromamba-bin/micromamba';
2025-02-15T22:07:35.1643990Z export MAMBA_ROOT_PREFIX='/home/runner/micromamba';
2025-02-15T22:07:35.1644490Z __mamba_setup="$("$MAMBA_EXE" shell hook --shell bash --root-prefix "$MAMBA_ROOT_PREFIX" 2> /dev/null)"
2025-02-15T22:07:35.1644908Z if [ $? -eq 0 ]; then
2025-02-15T22:07:35.1645415Z     eval "$__mamba_setup"
2025-02-15T22:07:35.1645648Z else
2025-02-15T22:07:35.1645918Z     alias micromamba="$MAMBA_EXE"  # Fallback on help from mamba activate
2025-02-15T22:07:35.1646259Z fi
2025-02-15T22:07:35.1646434Z unset __mamba_setup
2025-02-15T22:07:35.1646639Z # <<< mamba initialize <<<
2025-02-15T22:07:35.1646777Z 
2025-02-15T22:07:35.1658325Z Moving mamba initialize block to .bash_profile
2025-02-15T22:07:35.1667560Z ##[endgroup]
2025-02-15T22:07:35.1669402Z ##[group]Restoring downloads from `/home/runner/micromamba/pkgs` ...
2025-02-15T22:07:36.2864730Z Received 318767104 of 356815776 (89.3%), 304.0 MBs/sec
2025-02-15T22:07:36.3931390Z Cache Size: ~340 MB (356815776 B)
2025-02-15T22:07:36.3971269Z [command]/usr/bin/tar -xf /home/runner/work/_temp/b4d8e0fa-1ef4-41d1-8da5-bad318f2d230/cache.tzst -P -C /home/runner/work/tardis/tardis --use-compress-program unzstd
2025-02-15T22:07:36.8488405Z Cache restored successfully
2025-02-15T22:07:36.9225522Z Restored cache with key `tardis-conda-env-linux-64-d7cd390425b0fd3cf82649dcc003efba9915fb4928f15d342148c3ccffcbe2ee-v1-linux-64`
2025-02-15T22:07:36.9227532Z ##[endgroup]
2025-02-15T22:07:36.9236490Z ##[group]Restoring environment `tardis` from `/home/runner/micromamba/envs/tardis` ...
2025-02-15T22:07:37.2896642Z Received 356815776 of 356815776 (100.0%), 169.9 MBs/sec
2025-02-15T22:07:37.9975023Z Received 327155712 of 444032293 (73.7%), 312.0 MBs/sec
2025-02-15T22:07:38.4206125Z Cache Size: ~423 MB (444032293 B)
2025-02-15T22:07:38.4246264Z [command]/usr/bin/tar -xf /home/runner/work/_temp/d707c3f9-7d46-44dc-9b7b-e41cdff8b7ae/cache.tzst -P -C /home/runner/work/tardis/tardis --use-compress-program unzstd
2025-02-15T22:07:39.0006368Z Received 444032293 of 444032293 (100.0%), 211.5 MBs/sec
2025-02-15T22:07:43.3146516Z Cache restored successfully
2025-02-15T22:07:43.3990518Z Restored cache with key `tardis-conda-env-linux-64-d7cd390425b0fd3cf82649dcc003efba9915fb4928f15d342148c3ccffcbe2ee-v1-linux-64-tardis-args-4f53cda-root-dcc80ee-bin-[object Promise]-file-d7cd390425b0fd3cf82649dcc003efba9915fb4928f15d342148c3ccffcbe2ee`
2025-02-15T22:07:43.3991995Z ##[endgroup]
2025-02-15T22:07:43.3992256Z Adding environment tardis to auto-activate bash ...
2025-02-15T22:07:43.4003440Z Generating micromamba run shell.
2025-02-15T22:07:43.4012861Z ##[endgroup]
2025-02-15T22:07:43.4018292Z Set environment variables.
2025-02-15T22:07:43.4022246Z ##[group]micromamba info
2025-02-15T22:07:43.4025299Z [command]/home/runner/micromamba-bin/micromamba info -r /home/runner/micromamba -n tardis
2025-02-15T22:07:43.4260246Z 
2025-02-15T22:07:43.4260567Z        libmamba version : 1.5.10
2025-02-15T22:07:43.4261034Z      micromamba version : 1.5.10
2025-02-15T22:07:43.4261693Z            curl version : libcurl/8.10.1 OpenSSL/3.3.2 zlib/1.3.1 zstd/1.5.6 libssh2/1.11.0 nghttp2/1.58.0
2025-02-15T22:07:43.4262645Z      libarchive version : libarchive 3.7.4 zlib/1.2.13 bz2lib/1.0.8 libzstd/1.5.6
2025-02-15T22:07:43.4263360Z        envs directories : /home/runner/micromamba/envs
2025-02-15T22:07:43.4263923Z           package cache : /home/runner/micromamba/pkgs
2025-02-15T22:07:43.4264280Z                           /home/runner/.mamba/pkgs
2025-02-15T22:07:43.4264559Z             environment : tardis
2025-02-15T22:07:43.4264859Z            env location : /home/runner/micromamba/envs/tardis
2025-02-15T22:07:43.4265199Z       user config files : /home/runner/.mambarc
2025-02-15T22:07:43.4265616Z  populated config files : /home/runner/work/_temp/setup-micromamba/.condarc
2025-02-15T22:07:43.4265999Z        virtual packages : __unix=0=0
2025-02-15T22:07:43.4266262Z                           __linux=6.8.0=0
2025-02-15T22:07:43.4266524Z                           __glibc=2.39=0
2025-02-15T22:07:43.4266873Z                           __archspec=1=x86_64_v3
2025-02-15T22:07:43.4267317Z                channels : https://conda.anaconda.org/conda-forge/linux-64
2025-02-15T22:07:43.4267717Z                           https://conda.anaconda.org/conda-forge/noarch
2025-02-15T22:07:43.4268486Z        base environment : /home/runner/micromamba
2025-02-15T22:07:43.4268801Z                platform : linux-64
2025-02-15T22:07:43.4276532Z ##[endgroup]
2025-02-15T22:07:43.4277200Z ##[group]micromamba list
2025-02-15T22:07:43.4278393Z [command]/home/runner/micromamba-bin/micromamba list -r /home/runner/micromamba -n tardis
2025-02-15T22:07:43.8116014Z List of packages in environment: "/home/runner/micromamba/envs/tardis"
2025-02-15T22:07:43.8116906Z 
2025-02-15T22:07:43.8117257Z   Name                           Version              Build                    Channel    
2025-02-15T22:07:43.8119329Z â”€â”€â”€â”€â”€â”€â”€â”€â”€â”€â”€â”€â”€â”€â”€â”€â”€â”€â”€â”€â”€â”€â”€â”€â”€â”€â”€â”€â”€â”€â”€â”€â”€â”€â”€â”€â”€â”€â”€â”€â”€â”€â”€â”€â”€â”€â”€â”€â”€â”€â”€â”€â”€â”€â”€â”€â”€â”€â”€â”€â”€â”€â”€â”€â”€â”€â”€â”€â”€â”€â”€â”€â”€â”€â”€â”€â”€â”€â”€â”€â”€â”€â”€â”€â”€â”€â”€â”€â”€â”€â”€â”€
2025-02-15T22:07:43.8120135Z   _libgcc_mutex                  0.1                  conda_forge              conda-forge
2025-02-15T22:07:43.8122064Z   _openmp_mutex                  4.5                  2_gnu                    conda-forge
2025-02-15T22:07:43.8122884Z   alabaster                      0.7.16               pyhd8ed1ab_0             conda-forge
2025-02-15T22:07:43.8123583Z   anyio                          4.4.0                pyhd8ed1ab_0             conda-forge
2025-02-15T22:07:43.8124503Z   argon2-cffi                    23.1.0               pyhd8ed1ab_0             conda-forge
2025-02-15T22:07:43.8125362Z   argon2-cffi-bindings           21.2.0               py312h98912ed_4          conda-forge
2025-02-15T22:07:43.8126224Z   arrow                          1.3.0                pyhd8ed1ab_0             conda-forge
2025-02-15T22:07:43.8194199Z   astropy                        6.1.1                py312h085067d_0          conda-forge
2025-02-15T22:07:43.8194983Z   astropy-iers-data              0.2024.6.17.0.31.35  pyhd8ed1ab_0             conda-forge
2025-02-15T22:07:43.8195743Z   astropy-sphinx-theme           1.1                  pyhd8ed1ab_0             conda-forge
2025-02-15T22:07:43.8196392Z   asttokens                      2.4.1                pyhd8ed1ab_0             conda-forge
2025-02-15T22:07:43.8197006Z   async-lru                      2.0.4                pyhd8ed1ab_0             conda-forge
2025-02-15T22:07:43.8197579Z   atk-1.0                        2.38.0               h04ea711_2               conda-forge
2025-02-15T22:07:43.8198391Z   attrs                          23.2.0               pyh71513ae_0             conda-forge
2025-02-15T22:07:43.8198949Z   babel                          2.14.0               pyhd8ed1ab_0             conda-forge
2025-02-15T22:07:43.8199559Z   beautifulsoup4                 4.12.3               pyha770c72_0             conda-forge
2025-02-15T22:07:43.8200255Z   bleach                         6.1.0                pyhd8ed1ab_0             conda-forge
2025-02-15T22:07:43.8200825Z   blosc                          1.21.5               hc2324a3_1               conda-forge
2025-02-15T22:07:43.8201370Z   brotli                         1.1.0                hd590300_1               conda-forge
2025-02-15T22:07:43.8201776Z   brotli-bin                     1.1.0                hd590300_1               conda-forge
2025-02-15T22:07:43.8202177Z   brotli-python                  1.1.0                py312h30efb56_1          conda-forge
2025-02-15T22:07:43.8202545Z   bzip2                          1.0.8                hd590300_5               conda-forge
2025-02-15T22:07:43.8202876Z   c-ares                         1.28.1               hd590300_0               conda-forge
2025-02-15T22:07:43.8203218Z   c-blosc2                       2.14.4               hb4ffafa_1               conda-forge
2025-02-15T22:07:43.8203593Z   ca-certificates                2024.6.2             hbcca054_0               conda-forge
2025-02-15T22:07:43.8204014Z   cached-property                1.5.2                hd8ed1ab_1               conda-forge
2025-02-15T22:07:43.8204414Z   cached_property                1.5.2                pyha770c72_1             conda-forge
2025-02-15T22:07:43.8204775Z   cairo                          1.18.0               h3faef2a_0               conda-forge
2025-02-15T22:07:43.8205386Z   certifi                        2024.6.2             pyhd8ed1ab_0             conda-forge
2025-02-15T22:07:43.8205769Z   cffi                           1.16.0               py312hf06ca03_0          conda-forge
2025-02-15T22:07:43.8206154Z   charset-normalizer             3.3.2                pyhd8ed1ab_0             conda-forge
2025-02-15T22:07:43.8206549Z   click                          8.1.7                unix_pyh707e725_0        conda-forge
2025-02-15T22:07:43.8207030Z   codespell                      2.3.0                pyhd8ed1ab_0             conda-forge
2025-02-15T22:07:43.8207416Z   colorama                       0.4.6                pyhd8ed1ab_0             conda-forge
2025-02-15T22:07:43.8208000Z   comm                           0.2.2                pyhd8ed1ab_0             conda-forge
2025-02-15T22:07:43.8208400Z   commonmark                     0.9.1                py_0                     conda-forge
2025-02-15T22:07:43.8208796Z   contourpy                      1.2.1                py312h8572e83_0          conda-forge
2025-02-15T22:07:43.8209168Z   coverage                       7.5.3                py312h9a8786e_0          conda-forge
2025-02-15T22:07:43.8209523Z   cycler                         0.12.1               pyhd8ed1ab_0             conda-forge
2025-02-15T22:07:43.8209886Z   dataclasses                    0.8                  pyhc8e2a94_3             conda-forge
2025-02-15T22:07:43.8210254Z   debugpy                        1.8.1                py312h30efb56_0          conda-forge
2025-02-15T22:07:43.8210617Z   decorator                      5.1.1                pyhd8ed1ab_0             conda-forge
2025-02-15T22:07:43.8210984Z   defusedxml                     0.7.1                pyhd8ed1ab_0             conda-forge
2025-02-15T22:07:43.8211350Z   docutils                       0.20.1               py312h7900ff3_3          conda-forge
2025-02-15T22:07:43.8211705Z   dot2tex                        2.11.3               pyhd8ed1ab_0             conda-forge
2025-02-15T22:07:43.8212078Z   entrypoints                    0.4                  pyhd8ed1ab_0             conda-forge
2025-02-15T22:07:43.8212468Z   exceptiongroup                 1.2.0                pyhd8ed1ab_2             conda-forge
2025-02-15T22:07:43.8212865Z   executing                      2.0.1                pyhd8ed1ab_0             conda-forge
2025-02-15T22:07:43.8213220Z   expat                          2.6.2                h59595ed_0               conda-forge
2025-02-15T22:07:43.8213628Z   font-ttf-dejavu-sans-mono      2.37                 hab24e00_0               conda-forge
2025-02-15T22:07:43.8214085Z   font-ttf-inconsolata           3.000                h77eed37_0               conda-forge
2025-02-15T22:07:43.8214533Z   font-ttf-source-code-pro       2.038                h77eed37_0               conda-forge
2025-02-15T22:07:43.8214963Z   font-ttf-ubuntu                0.83                 h77eed37_2               conda-forge
2025-02-15T22:07:43.8215347Z   fontconfig                     2.14.2               h14ed4e7_0               conda-forge
2025-02-15T22:07:43.8215751Z   fonts-conda-ecosystem          1                    0                        conda-forge
2025-02-15T22:07:43.8216165Z   fonts-conda-forge              1                    0                        conda-forge
2025-02-15T22:07:43.8216550Z   fonttools                      4.53.0               py312h9a8786e_0          conda-forge
2025-02-15T22:07:43.8216910Z   fqdn                           1.5.1                pyhd8ed1ab_0             conda-forge
2025-02-15T22:07:43.8217257Z   freetype                       2.12.1               h267a509_2               conda-forge
2025-02-15T22:07:43.8217609Z   fribidi                        1.0.10               h36c2ea0_0               conda-forge
2025-02-15T22:07:43.8218250Z   future                         1.0.0                pyhd8ed1ab_0             conda-forge
2025-02-15T22:07:43.8218625Z   gdk-pixbuf                     2.42.12              hb9ae30d_0               conda-forge
2025-02-15T22:07:43.8219192Z   giflib                         5.2.2                hd590300_0               conda-forge
2025-02-15T22:07:43.8219578Z   git-lfs                        3.5.1                ha770c72_0               conda-forge
2025-02-15T22:07:43.8219910Z   gmp                            6.3.0                h59595ed_1               conda-forge
2025-02-15T22:07:43.8220242Z   gmpy2                          2.1.5                py312h1d5cde6_1          conda-forge
2025-02-15T22:07:43.8220706Z   graphite2                      1.3.13               h59595ed_1003            conda-forge
2025-02-15T22:07:43.8221073Z   graphviz                       11.0.0               hc68bbd7_0               conda-forge
2025-02-15T22:07:43.8221418Z   gtk2                           2.24.33              h280cfa0_4               conda-forge
2025-02-15T22:07:43.8221742Z   gts                            0.7.6                h977cf35_4               conda-forge
2025-02-15T22:07:43.8222064Z   h11                            0.14.0               pyhd8ed1ab_0             conda-forge
2025-02-15T22:07:43.8222395Z   h2                             4.1.0                pyhd8ed1ab_0             conda-forge
2025-02-15T22:07:43.8222725Z   h5py                           3.11.0               nompi_py312hb7ab980_102  conda-forge
2025-02-15T22:07:43.8223084Z   harfbuzz                       8.5.0                hfac3d4d_0               conda-forge
2025-02-15T22:07:43.8223436Z   hdf5                           1.14.3               nompi_hdf9ad27_105       conda-forge
2025-02-15T22:07:43.8223776Z   hpack                          4.0.0                pyh9f0ad1d_0             conda-forge
2025-02-15T22:07:43.8224126Z   httpcore                       1.0.5                pyhd8ed1ab_0             conda-forge
2025-02-15T22:07:43.8224491Z   httpx                          0.27.0               pyhd8ed1ab_0             conda-forge
2025-02-15T22:07:43.8224845Z   hyperframe                     6.0.1                pyhd8ed1ab_0             conda-forge
2025-02-15T22:07:43.8225197Z   icu                            73.2                 h59595ed_0               conda-forge
2025-02-15T22:07:43.8225523Z   idna                           3.7                  pyhd8ed1ab_0             conda-forge
2025-02-15T22:07:43.8225873Z   imagesize                      1.4.1                pyhd8ed1ab_0             conda-forge
2025-02-15T22:07:43.8226274Z   importlib-metadata             7.1.0                pyha770c72_0             conda-forge
2025-02-15T22:07:43.8226695Z   importlib_metadata             7.1.0                hd8ed1ab_0               conda-forge
2025-02-15T22:07:43.8227110Z   importlib_resources            6.4.0                pyhd8ed1ab_0             conda-forge
2025-02-15T22:07:43.8227499Z   iniconfig                      2.0.0                pyhd8ed1ab_0             conda-forge
2025-02-15T22:07:43.8228027Z   ipykernel                      6.29.4               pyh3099207_0             conda-forge
2025-02-15T22:07:43.8228389Z   ipython                        8.25.0               pyh707e725_0             conda-forge
2025-02-15T22:07:43.8228768Z   ipython_genutils               0.2.0                pyhd8ed1ab_1             conda-forge
2025-02-15T22:07:43.8229154Z   ipywidgets                     7.8.0                pyhd8ed1ab_0             conda-forge
2025-02-15T22:07:43.8229532Z   isoduration                    20.11.0              pyhd8ed1ab_0             conda-forge
2025-02-15T22:07:43.8229898Z   jedi                           0.19.1               pyhd8ed1ab_0             conda-forge
2025-02-15T22:07:43.8230240Z   jinja2                         3.1.4                pyhd8ed1ab_0             conda-forge
2025-02-15T22:07:43.8230577Z   json5                          0.9.25               pyhd8ed1ab_0             conda-forge
2025-02-15T22:07:43.8230943Z   jsonpointer                    3.0.0                py312h7900ff3_0          conda-forge
2025-02-15T22:07:43.8231319Z   jsonschema                     4.22.0               pyhd8ed1ab_0             conda-forge
2025-02-15T22:07:43.8231871Z   jsonschema-specifications      2023.12.1            pyhd8ed1ab_0             conda-forge
2025-02-15T22:07:43.8232370Z   jsonschema-with-format-nongpl  4.22.0               pyhd8ed1ab_0             conda-forge
2025-02-15T22:07:43.8232807Z   jupyter-lsp                    2.2.5                pyhd8ed1ab_0             conda-forge
2025-02-15T22:07:43.8233188Z   jupyter_client                 8.6.2                pyhd8ed1ab_0             conda-forge
2025-02-15T22:07:43.8233672Z   jupyter_core                   5.7.2                py312h7900ff3_0          conda-forge
2025-02-15T22:07:43.8234052Z   jupyter_events                 0.10.0               pyhd8ed1ab_0             conda-forge
2025-02-15T22:07:43.8234443Z   jupyter_server                 2.14.1               pyhd8ed1ab_0             conda-forge
2025-02-15T22:07:43.8234862Z   jupyter_server_terminals       0.5.3                pyhd8ed1ab_0             conda-forge
2025-02-15T22:07:43.8235273Z   jupyterlab                     4.2.2                pyhd8ed1ab_0             conda-forge
2025-02-15T22:07:43.8235681Z   jupyterlab_pygments            0.3.0                pyhd8ed1ab_1             conda-forge
2025-02-15T22:07:43.8236099Z   jupyterlab_server              2.27.2               pyhd8ed1ab_0             conda-forge
2025-02-15T22:07:43.8236512Z   jupyterlab_widgets             1.1.7                pyhd8ed1ab_0             conda-forge
2025-02-15T22:07:43.8236896Z   keyutils                       1.6.1                h166bdaf_0               conda-forge
2025-02-15T22:07:43.8237259Z   kiwisolver                     1.4.5                py312h8572e83_1          conda-forge
2025-02-15T22:07:43.8237606Z   krb5                           1.21.2               h659d440_0               conda-forge
2025-02-15T22:07:43.8238421Z   latexcodec                     2.0.1                pyh9f0ad1d_0             conda-forge
2025-02-15T22:07:43.8238791Z   lcms2                          2.16                 hb7c19ff_0               conda-forge
2025-02-15T22:07:43.8239154Z   ld_impl_linux-64               2.40                 hf3520f5_7               conda-forge
2025-02-15T22:07:43.8239502Z   lerc                           4.0.0                h27087fc_0               conda-forge
2025-02-15T22:07:43.8239832Z   libaec                         1.1.3                h59595ed_0               conda-forge
2025-02-15T22:07:43.8240189Z   libblas                        3.9.0                22_linux64_openblas      conda-forge
2025-02-15T22:07:43.8240575Z   libbrotlicommon                1.1.0                hd590300_1               conda-forge
2025-02-15T22:07:43.8240960Z   libbrotlidec                   1.1.0                hd590300_1               conda-forge
2025-02-15T22:07:43.8241334Z   libbrotlienc                   1.1.0                hd590300_1               conda-forge
2025-02-15T22:07:43.8241701Z   libcblas                       3.9.0                22_linux64_openblas      conda-forge
2025-02-15T22:07:43.8242055Z   libcurl                        8.8.0                hca28451_0               conda-forge
2025-02-15T22:07:43.8242413Z   libdeflate                     1.20                 hd590300_0               conda-forge
2025-02-15T22:07:43.8242783Z   libedit                        3.1.20191231         he28a2e2_2               conda-forge
2025-02-15T22:07:43.8243140Z   libev                          4.33                 hd590300_2               conda-forge
2025-02-15T22:07:43.8243483Z   libexpat                       2.6.2                h59595ed_0               conda-forge
2025-02-15T22:07:43.8243837Z   libffi                         3.4.2                h7f98852_5               conda-forge
2025-02-15T22:07:43.8244182Z   libgcc-ng                      13.2.0               h77fa898_10              conda-forge
2025-02-15T22:07:43.8244530Z   libgd                          2.3.3                h119a65a_9               conda-forge
2025-02-15T22:07:43.8244888Z   libgfortran-ng                 13.2.0               h69a702a_10              conda-forge
2025-02-15T22:07:43.8245416Z   libgfortran5                   13.2.0               h3d2ce59_10              conda-forge
2025-02-15T22:07:43.8245792Z   libglib                        2.80.2               h8a4344b_1               conda-forge
2025-02-15T22:07:43.8246138Z   libgomp                        13.2.0               h77fa898_10              conda-forge
2025-02-15T22:07:43.8246485Z   libiconv                       1.17                 hd590300_2               conda-forge
2025-02-15T22:07:43.8246984Z   libjpeg-turbo                  3.0.0                hd590300_1               conda-forge
2025-02-15T22:07:43.8247369Z   liblapack                      3.9.0                22_linux64_openblas      conda-forge
2025-02-15T22:07:43.8247739Z   libllvm14                      14.0.6               hcd5def8_4               conda-forge
2025-02-15T22:07:43.8248283Z   libnghttp2                     1.58.0               h47da74e_1               conda-forge
2025-02-15T22:07:43.8248641Z   libnsl                         2.0.1                hd590300_0               conda-forge
2025-02-15T22:07:43.8249025Z   libopenblas                    0.3.27               pthreads_h413a1c8_0      conda-forge
2025-02-15T22:07:43.8249393Z   libpng                         1.6.43               h2797004_0               conda-forge
2025-02-15T22:07:43.8249741Z   librsvg                        2.58.1               hadf69e7_0               conda-forge
2025-02-15T22:07:43.8250098Z   libsodium                      1.0.18               h36c2ea0_1               conda-forge
2025-02-15T22:07:43.8250466Z   libsqlite                      3.46.0               hde9e2c9_0               conda-forge
2025-02-15T22:07:43.8250815Z   libssh2                        1.11.0               h0841786_0               conda-forge
2025-02-15T22:07:43.8251178Z   libstdcxx-ng                   13.2.0               hc0a3c3a_10              conda-forge
2025-02-15T22:07:43.8251542Z   libtiff                        4.6.0                h1dd3fc0_3               conda-forge
2025-02-15T22:07:43.8251895Z   libuuid                        2.38.1               h0b41bf4_0               conda-forge
2025-02-15T22:07:43.8252241Z   libwebp                        1.4.0                h2c329e2_0               conda-forge
2025-02-15T22:07:43.8252602Z   libwebp-base                   1.4.0                hd590300_0               conda-forge
2025-02-15T22:07:43.8252967Z   libxcb                         1.15                 h0b41bf4_0               conda-forge
2025-02-15T22:07:43.8253325Z   libxcrypt                      4.4.36               hd590300_1               conda-forge
2025-02-15T22:07:43.8253686Z   libxml2                        2.12.7               hc051c1a_1               conda-forge
2025-02-15T22:07:43.8254038Z   libxslt                        1.1.39               h76b75d6_0               conda-forge
2025-02-15T22:07:43.8254379Z   libzlib                        1.3.1                h4ab18f5_1               conda-forge
2025-02-15T22:07:43.8254730Z   llvmlite                       0.42.0               py312hb06c811_1          conda-forge
2025-02-15T22:07:43.8255078Z   lxml                           5.2.2                py312hb90d8a5_0          conda-forge
2025-02-15T22:07:43.8255405Z   lz4-c                          1.9.4                hcb278e6_0               conda-forge
2025-02-15T22:07:43.8255722Z   lzo                            2.10                 hd590300_1001            conda-forge
2025-02-15T22:07:43.8256065Z   markupsafe                     2.1.5                py312h98912ed_0          conda-forge
2025-02-15T22:07:43.8256463Z   matplotlib-base                3.8.4                py312h20ab3a6_2          conda-forge
2025-02-15T22:07:43.8256910Z   matplotlib-inline              0.1.7                pyhd8ed1ab_0             conda-forge
2025-02-15T22:07:43.8257306Z   mistune                        3.0.2                pyhd8ed1ab_0             conda-forge
2025-02-15T22:07:43.8257660Z   mpc                            1.3.1                hfe3b2da_0               conda-forge
2025-02-15T22:07:43.8258266Z   mpfr                           4.2.1                h9458935_1               conda-forge
2025-02-15T22:07:43.8258618Z   mpmath                         1.3.0                pyhd8ed1ab_0             conda-forge
2025-02-15T22:07:43.8258974Z   munkres                        1.1.4                pyh9f0ad1d_0             conda-forge
2025-02-15T22:07:43.8259347Z   mypy_extensions                1.0.0                pyha770c72_0             conda-forge
2025-02-15T22:07:43.8259832Z   nbclassic                      1.1.0                pyhd8ed1ab_0             conda-forge
2025-02-15T22:07:43.8260197Z   nbclient                       0.10.0               pyhd8ed1ab_0             conda-forge
2025-02-15T22:07:43.8260556Z   nbconvert                      7.16.4               hd8ed1ab_1               conda-forge
2025-02-15T22:07:43.8260936Z   nbconvert-core                 7.16.4               pyhd8ed1ab_1             conda-forge
2025-02-15T22:07:43.8261356Z   nbconvert-pandoc               7.16.4               hd8ed1ab_1               conda-forge
2025-02-15T22:07:43.8261756Z   nbformat                       5.10.4               pyhd8ed1ab_0             conda-forge
2025-02-15T22:07:43.8262120Z   nbsphinx                       0.9.4                pyhd8ed1ab_0             conda-forge
2025-02-15T22:07:43.8262473Z   ncurses                        6.5                  h59595ed_0               conda-forge
2025-02-15T22:07:43.8262837Z   nest-asyncio                   1.6.0                pyhd8ed1ab_0             conda-forge
2025-02-15T22:07:43.8263213Z   networkx                       3.3                  pyhd8ed1ab_1             conda-forge
2025-02-15T22:07:43.8263565Z   nomkl                          1.0                  h5ca1d4c_0               conda-forge
2025-02-15T22:07:43.8263914Z   notebook                       7.2.1                pyhd8ed1ab_0             conda-forge
2025-02-15T22:07:43.8264286Z   notebook-shim                  0.2.4                pyhd8ed1ab_0             conda-forge
2025-02-15T22:07:43.8264652Z   numba                          0.59.1               py312hacefee8_0          conda-forge
2025-02-15T22:07:43.8265008Z   numexpr                        2.10.0               py312hf412c99_100        conda-forge
2025-02-15T22:07:43.8265356Z   numpy                          1.26.4               py312heda63a1_0          conda-forge
2025-02-15T22:07:43.8265714Z   numpydoc                       1.7.0                pyhd8ed1ab_1             conda-forge
2025-02-15T22:07:43.8266082Z   openjpeg                       2.5.2                h488ebb8_0               conda-forge
2025-02-15T22:07:43.8266435Z   openssl                        3.3.1                h4ab18f5_0               conda-forge
2025-02-15T22:07:43.8266794Z   overrides                      7.7.0                pyhd8ed1ab_0             conda-forge
2025-02-15T22:07:43.8267158Z   packaging                      24.1                 pyhd8ed1ab_0             conda-forge
2025-02-15T22:07:43.8267640Z   pandas                         2.2.2                py312h1d6d2e6_1          conda-forge
2025-02-15T22:07:43.8268415Z   pandoc                         3.2                  ha770c72_0               conda-forge
2025-02-15T22:07:43.8269058Z   pandocfilters                  1.5.0                pyhd8ed1ab_0             conda-forge
2025-02-15T22:07:43.8269765Z   pango                          1.54.0               h84a9a3c_0               conda-forge
2025-02-15T22:07:43.8270422Z   parso                          0.8.4                pyhd8ed1ab_0             conda-forge
2025-02-15T22:07:43.8271066Z   pathspec                       0.12.1               pyhd8ed1ab_0             conda-forge
2025-02-15T22:07:43.8271635Z   pbr                            6.0.0                pyhd8ed1ab_0             conda-forge
2025-02-15T22:07:43.8271981Z   pcre2                          10.44                h0f59acf_0               conda-forge
2025-02-15T22:07:43.8272331Z   pexpect                        4.9.0                pyhd8ed1ab_0             conda-forge
2025-02-15T22:07:43.8272696Z   pickleshare                    0.7.5                py_1003                  conda-forge
2025-02-15T22:07:43.8273246Z   pillow                         10.3.0               py312hdcec9eb_0          conda-forge
2025-02-15T22:07:43.8273604Z   pip                            24.0                 pyhd8ed1ab_0             conda-forge
2025-02-15T22:07:43.8273940Z   pixman                         0.43.2               h59595ed_0               conda-forge
2025-02-15T22:07:43.8274446Z   pkgutil-resolve-name           1.3.10               pyhd8ed1ab_1             conda-forge
2025-02-15T22:07:43.8274864Z   platformdirs                   4.2.2                pyhd8ed1ab_0             conda-forge
2025-02-15T22:07:43.8275234Z   plotly                         5.22.0               pyhd8ed1ab_0             conda-forge
2025-02-15T22:07:43.8275580Z   pluggy                         1.5.0                pyhd8ed1ab_0             conda-forge
2025-02-15T22:07:43.8275967Z   prometheus_client              0.20.0               pyhd8ed1ab_0             conda-forge
2025-02-15T22:07:43.8276379Z   prompt-toolkit                 3.0.47               pyha770c72_0             conda-forge
2025-02-15T22:07:43.8276756Z   psutil                         5.9.8                py312h98912ed_0          conda-forge
2025-02-15T22:07:43.8277117Z   pthread-stubs                  0.4                  h36c2ea0_1001            conda-forge
2025-02-15T22:07:43.8277495Z   ptyprocess                     0.7.0                pyhd3deb0d_0             conda-forge
2025-02-15T22:07:43.8278118Z   pure_eval                      0.2.2                pyhd8ed1ab_0             conda-forge
2025-02-15T22:07:43.8278510Z   py-cpuinfo                     9.0.0                pyhd8ed1ab_0             conda-forge
2025-02-15T22:07:43.8278877Z   pybtex                         0.24.0               pyhd8ed1ab_2             conda-forge
2025-02-15T22:07:43.8279254Z   pybtex-docutils                1.0.3                py312h7900ff3_1          conda-forge
2025-02-15T22:07:43.8279642Z   pycparser                      2.22                 pyhd8ed1ab_0             conda-forge
2025-02-15T22:07:43.8280005Z   pyerfa                         2.0.1.4              py312h085067d_1          conda-forge
2025-02-15T22:07:43.8280360Z   pygments                       2.18.0               pyhd8ed1ab_0             conda-forge
2025-02-15T22:07:43.8280729Z   pygraphviz                     1.13                 py312h4a1d8a7_1          conda-forge
2025-02-15T22:07:43.8281105Z   pyparsing                      3.1.2                pyhd8ed1ab_0             conda-forge
2025-02-15T22:07:43.8281467Z   pysocks                        1.7.1                pyha2e5f31_6             conda-forge
2025-02-15T22:07:43.8281822Z   pytables                       3.9.2                py312h96d95ec_2          conda-forge
2025-02-15T22:07:43.8282181Z   pytest                         8.2.2                pyhd8ed1ab_0             conda-forge
2025-02-15T22:07:43.8282538Z   pytest-cov                     5.0.0                pyhd8ed1ab_0             conda-forge
2025-02-15T22:07:43.8282940Z   pytest-doctestplus             1.2.1                pyhd8ed1ab_0             conda-forge
2025-02-15T22:07:43.8283343Z   pytest-html                    4.1.1                pyhd8ed1ab_0             conda-forge
2025-02-15T22:07:43.8283733Z   pytest-metadata                3.1.1                pyhd8ed1ab_0             conda-forge
2025-02-15T22:07:43.8284116Z   python                         3.12.4               h194c7f8_0_cpython       conda-forge
2025-02-15T22:07:43.8284508Z   python-dateutil                2.9.0                pyhd8ed1ab_0             conda-forge
2025-02-15T22:07:43.8284932Z   python-fastjsonschema          2.20.0               pyhd8ed1ab_0             conda-forge
2025-02-15T22:07:43.8285365Z   python-json-logger             2.0.7                pyhd8ed1ab_0             conda-forge
2025-02-15T22:07:43.8285773Z   python-tzdata                  2024.1               pyhd8ed1ab_0             conda-forge
2025-02-15T22:07:43.8286157Z   python_abi                     3.12                 4_cp312                  conda-forge
2025-02-15T22:07:43.8286634Z   pytz                           2024.1               pyhd8ed1ab_0             conda-forge
2025-02-15T22:07:43.8286986Z   pyyaml                         6.0.1                py312h98912ed_1          conda-forge
2025-02-15T22:07:43.8287330Z   pyzmq                          26.0.3               py312h8fd38d8_0          conda-forge
2025-02-15T22:07:43.8287672Z   qgrid                          1.3.1                pyhd8ed1ab_4             conda-forge
2025-02-15T22:07:43.8288312Z   radioactivedecay               0.5.1                pyhd8ed1ab_0             conda-forge
2025-02-15T22:07:43.8288698Z   readline                       8.2                  h8228510_1               conda-forge
2025-02-15T22:07:43.8289067Z   recommonmark                   0.7.1                pyhd8ed1ab_0             conda-forge
2025-02-15T22:07:43.8289453Z   referencing                    0.35.1               pyhd8ed1ab_0             conda-forge
2025-02-15T22:07:43.8289831Z   requests                       2.32.3               pyhd8ed1ab_0             conda-forge
2025-02-15T22:07:43.8290216Z   rfc3339-validator              0.1.4                pyhd8ed1ab_0             conda-forge
2025-02-15T22:07:43.8290628Z   rfc3986-validator              0.1.1                pyh9f0ad1d_0             conda-forge
2025-02-15T22:07:43.8291008Z   rpds-py                        0.18.1               py312h4413252_0          conda-forge
2025-02-15T22:07:43.8291359Z   ruff                           0.4.9                py312h5715c7c_0          conda-forge
2025-02-15T22:07:43.8291700Z   scipy                          1.13.1               py312hc2bc53b_0          conda-forge
2025-02-15T22:07:43.8292066Z   send2trash                     1.8.3                pyh0d859eb_0             conda-forge
2025-02-15T22:07:43.8292443Z   setuptools                     70.0.0               pyhd8ed1ab_0             conda-forge
2025-02-15T22:07:43.8292829Z   setuptools-scm                 8.1.0                pyhd8ed1ab_0             conda-forge
2025-02-15T22:07:43.8293220Z   setuptools_scm                 8.1.0                hd8ed1ab_0               conda-forge
2025-02-15T22:07:43.8293576Z   six                            1.16.0               pyh6c4a22f_0             conda-forge
2025-02-15T22:07:43.8293920Z   snakeviz                       2.2.0                pyhd8ed1ab_0             conda-forge
2025-02-15T22:07:43.8294275Z   snappy                         1.2.0                hdb0a2a9_1               conda-forge
2025-02-15T22:07:43.8294630Z   sniffio                        1.3.1                pyhd8ed1ab_0             conda-forge
2025-02-15T22:07:43.8295012Z   snowballstemmer                2.2.0                pyhd8ed1ab_0             conda-forge
2025-02-15T22:07:43.8295400Z   soupsieve                      2.5                  pyhd8ed1ab_1             conda-forge
2025-02-15T22:07:43.8295756Z   sphinx                         7.3.7                pyhd8ed1ab_0             conda-forge
2025-02-15T22:07:43.8296134Z   sphinx-astropy                 1.9.1                pyhd8ed1ab_0             conda-forge
2025-02-15T22:07:43.8296551Z   sphinx-automodapi              0.17.0               pyh717bed2_1             conda-forge
2025-02-15T22:07:43.8296957Z   sphinx-gallery                 0.16.0               pyhd8ed1ab_0             conda-forge
2025-02-15T22:07:43.8297366Z   sphinx-jsonschema              1.19.1               pyhd8ed1ab_0             conda-forge
2025-02-15T22:07:43.8297945Z   sphinx_bootstrap_theme         0.8.1                pyhd8ed1ab_0             conda-forge
2025-02-15T22:07:43.8298368Z   sphinx_rtd_theme               2.0.0                pyha770c72_0             conda-forge
2025-02-15T22:07:43.8298780Z   sphinxcontrib-apidoc           0.3.0                py_1                     conda-forge
2025-02-15T22:07:43.8299233Z   sphinxcontrib-applehelp        1.0.8                pyhd8ed1ab_0             conda-forge
2025-02-15T22:07:43.8299683Z   sphinxcontrib-bibtex           2.6.2                pyhd8ed1ab_0             conda-forge
2025-02-15T22:07:43.8300285Z   sphinxcontrib-devhelp          1.0.6                pyhd8ed1ab_0             conda-forge
2025-02-15T22:07:43.8300744Z   sphinxcontrib-htmlhelp         2.0.5                pyhd8ed1ab_0             conda-forge
2025-02-15T22:07:43.8301187Z   sphinxcontrib-jquery           4.1                  pyhd8ed1ab_0             conda-forge
2025-02-15T22:07:43.8301621Z   sphinxcontrib-jsmath           1.0.1                pyhd8ed1ab_0             conda-forge
2025-02-15T22:07:43.8302161Z   sphinxcontrib-qthelp           1.0.7                pyhd8ed1ab_0             conda-forge
2025-02-15T22:07:43.8302638Z   sphinxcontrib-serializinghtml  1.1.10               pyhd8ed1ab_0             conda-forge
2025-02-15T22:07:43.8303076Z   stack_data                     0.6.2                pyhd8ed1ab_0             conda-forge
2025-02-15T22:07:43.8303428Z   sympy                          1.12.1               pypyh2585a3b_103         conda-forge
2025-02-15T22:07:43.8303786Z   tabulate                       0.9.0                pyhd8ed1ab_1             conda-forge
2025-02-15T22:07:43.8304145Z   tenacity                       8.4.1                pyhd8ed1ab_0             conda-forge
2025-02-15T22:07:43.8304509Z   terminado                      0.18.1               pyh0d859eb_0             conda-forge
2025-02-15T22:07:43.8304873Z   tinycss2                       1.3.0                pyhd8ed1ab_0             conda-forge
2025-02-15T22:07:43.8305215Z   tk                             8.6.13               noxft_h4845f30_101       conda-forge
2025-02-15T22:07:43.8305541Z   toml                           0.10.2               pyhd8ed1ab_0             conda-forge
2025-02-15T22:07:43.8305875Z   tomli                          2.0.1                pyhd8ed1ab_0             conda-forge
2025-02-15T22:07:43.8306226Z   tornado                        6.4.1                py312h9a8786e_0          conda-forge
2025-02-15T22:07:43.8306571Z   tqdm                           4.66.4               pyhd8ed1ab_0             conda-forge
2025-02-15T22:07:43.8306924Z   traitlets                      5.14.3               pyhd8ed1ab_0             conda-forge
2025-02-15T22:07:43.8307289Z   typed-ast                      1.5.5                py312h98912ed_1          conda-forge
2025-02-15T22:07:43.8307704Z   types-python-dateutil          2.9.0.20240316       pyhd8ed1ab_0             conda-forge
2025-02-15T22:07:43.8308302Z   typing-extensions              4.12.2               hd8ed1ab_0               conda-forge
2025-02-15T22:07:43.8308730Z   typing_extensions              4.12.2               pyha770c72_0             conda-forge
2025-02-15T22:07:43.8309122Z   typing_utils                   0.1.0                pyhd8ed1ab_0             conda-forge
2025-02-15T22:07:43.8309495Z   tzdata                         2024a                h0c530f3_0               conda-forge
2025-02-15T22:07:43.8309862Z   uri-template                   1.3.0                pyhd8ed1ab_0             conda-forge
2025-02-15T22:07:43.8310233Z   urllib3                        2.2.2                pyhd8ed1ab_0             conda-forge
2025-02-15T22:07:43.8310585Z   wcwidth                        0.2.13               pyhd8ed1ab_0             conda-forge
2025-02-15T22:07:43.8310946Z   webcolors                      24.6.0               pyhd8ed1ab_0             conda-forge
2025-02-15T22:07:43.8311322Z   webencodings                   0.5.1                pyhd8ed1ab_2             conda-forge
2025-02-15T22:07:43.8311724Z   websocket-client               1.8.0                pyhd8ed1ab_0             conda-forge
2025-02-15T22:07:43.8312100Z   wheel                          0.43.0               pyhd8ed1ab_1             conda-forge
2025-02-15T22:07:43.8312488Z   widgetsnbextension             3.6.6                pyhd8ed1ab_0             conda-forge
2025-02-15T22:07:43.8312890Z   xorg-kbproto                   1.0.7                h7f98852_1002            conda-forge
2025-02-15T22:07:43.8313264Z   xorg-libice                    1.1.1                hd590300_0               conda-forge
2025-02-15T22:07:43.8313753Z   xorg-libsm                     1.2.4                h7391055_0               conda-forge
2025-02-15T22:07:43.8314127Z   xorg-libx11                    1.8.9                h8ee46fc_0               conda-forge
2025-02-15T22:07:43.8314496Z   xorg-libxau                    1.0.11               hd590300_0               conda-forge
2025-02-15T22:07:43.8314870Z   xorg-libxdmcp                  1.1.3                h7f98852_0               conda-forge
2025-02-15T22:07:43.8315351Z   xorg-libxext                   1.3.4                h0b41bf4_2               conda-forge
2025-02-15T22:07:43.8315739Z   xorg-libxrender                0.9.11               hd590300_0               conda-forge
2025-02-15T22:07:43.8316141Z   xorg-renderproto               0.11.1               h7f98852_1002            conda-forge
2025-02-15T22:07:43.8316537Z   xorg-xextproto                 7.3.0                h0b41bf4_1003            conda-forge
2025-02-15T22:07:43.8316916Z   xorg-xproto                    7.0.31               h7f98852_1007            conda-forge
2025-02-15T22:07:43.8317260Z   xz                             5.2.6                h166bdaf_0               conda-forge
2025-02-15T22:07:43.8317580Z   yaml                           0.2.5                h7f98852_2               conda-forge
2025-02-15T22:07:43.8318121Z   zeromq                         4.3.5                h75354e8_4               conda-forge
2025-02-15T22:07:43.8318468Z   zipp                           3.19.2               pyhd8ed1ab_0             conda-forge
2025-02-15T22:07:43.8318801Z   zlib                           1.3.1                h4ab18f5_1               conda-forge
2025-02-15T22:07:43.8319128Z   zlib-ng                        2.0.7                h0b41bf4_0               conda-forge
2025-02-15T22:07:43.8319458Z   zstd                           1.5.6                ha6fb4c9_0               conda-forge
2025-02-15T22:07:43.8320049Z ##[endgroup]
2025-02-15T22:07:43.8352083Z ##[group]Run pip install -e . --user
2025-02-15T22:07:43.8352428Z [36;1mpip install -e . --user[0m
2025-02-15T22:07:43.8408494Z shell: /usr/bin/bash -l {0}
2025-02-15T22:07:43.8408756Z env:
2025-02-15T22:07:43.8408946Z   CACHE_NUMBER: 0
2025-02-15T22:07:43.8409584Z   PYTEST_FLAGS: --tardis-regression-data=/home/runner/work/tardis/tardis/tardis-regression-data --cov=tardis --cov-report=xml --cov-report=html --cov-append
2025-02-15T22:07:43.8410248Z   CODECOV_TOKEN: 
2025-02-15T22:07:43.8410496Z   MAMBA_ROOT_PREFIX: /home/runner/micromamba
2025-02-15T22:07:43.8410816Z   MAMBA_EXE: /home/runner/micromamba-bin/micromamba
2025-02-15T22:07:43.8411184Z   CONDARC: /home/runner/work/_temp/setup-micromamba/.condarc
2025-02-15T22:07:43.8411500Z ##[endgroup]
2025-02-15T22:07:44.4668103Z Obtaining file:///home/runner/work/tardis/tardis
2025-02-15T22:07:44.4693825Z   Installing build dependencies: started
2025-02-15T22:07:47.2098562Z   Installing build dependencies: finished with status 'done'
2025-02-15T22:07:47.2104123Z   Checking if build backend supports build_editable: started
2025-02-15T22:07:47.3287617Z   Checking if build backend supports build_editable: finished with status 'done'
2025-02-15T22:07:47.3294401Z   Getting requirements to build editable: started
2025-02-15T22:07:47.8007555Z   Getting requirements to build editable: finished with status 'done'
2025-02-15T22:07:47.8015696Z   Preparing editable metadata (pyproject.toml): started
2025-02-15T22:07:48.2462742Z   Preparing editable metadata (pyproject.toml): finished with status 'done'
2025-02-15T22:07:48.3036365Z Requirement already satisfied: astropy in /home/runner/micromamba/envs/tardis/lib/python3.12/site-packages (from tardis==0.0.0) (6.1.1)
2025-02-15T22:07:48.3402057Z Requirement already satisfied: numpy>=1.23 in /home/runner/micromamba/envs/tardis/lib/python3.12/site-packages (from astropy->tardis==0.0.0) (1.26.4)
2025-02-15T22:07:48.3411636Z Requirement already satisfied: pyerfa>=2.0.1.1 in /home/runner/micromamba/envs/tardis/lib/python3.12/site-packages (from astropy->tardis==0.0.0) (2.0.1.4)
2025-02-15T22:07:48.3422409Z Requirement already satisfied: astropy-iers-data>=0.2024.5.27.0.30.8 in /home/runner/micromamba/envs/tardis/lib/python3.12/site-packages (from astropy->tardis==0.0.0) (0.2024.6.17.0.31.35)
2025-02-15T22:07:48.3431092Z Requirement already satisfied: PyYAML>=3.13 in /home/runner/micromamba/envs/tardis/lib/python3.12/site-packages (from astropy->tardis==0.0.0) (6.0.1)
2025-02-15T22:07:48.3441079Z Requirement already satisfied: packaging>=19.0 in /home/runner/micromamba/envs/tardis/lib/python3.12/site-packages (from astropy->tardis==0.0.0) (24.1)
2025-02-15T22:07:48.3526195Z Building wheels for collected packages: tardis
2025-02-15T22:07:48.3534796Z   Building editable for tardis (pyproject.toml): started
2025-02-15T22:07:49.0996469Z   Building editable for tardis (pyproject.toml): finished with status 'done'
2025-02-15T22:07:49.1002644Z   Created wheel for tardis: filename=tardis-0.0.0-0.editable-py3-none-any.whl size=8879 sha256=b1445a36764dc4a7e198b9616eabeb75125ccb037945c4fd43742c8edc732538
2025-02-15T22:07:49.1004282Z   Stored in directory: /tmp/pip-ephem-wheel-cache-hn1occpo/wheels/6a/c7/ae/89fa6dc2565455898176888ef0e2e475e4e90eb0124afcb995
2025-02-15T22:07:49.1029364Z Successfully built tardis
2025-02-15T22:07:49.8550399Z Installing collected packages: tardis
2025-02-15T22:07:49.8640147Z Successfully installed tardis-0.0.0
2025-02-15T22:07:50.0494474Z ##[group]Run pip install qgridnext
2025-02-15T22:07:50.0494824Z [36;1mpip install qgridnext[0m
2025-02-15T22:07:50.0548088Z shell: /usr/bin/bash -l {0}
2025-02-15T22:07:50.0548345Z env:
2025-02-15T22:07:50.0548537Z   CACHE_NUMBER: 0
2025-02-15T22:07:50.0549178Z   PYTEST_FLAGS: --tardis-regression-data=/home/runner/work/tardis/tardis/tardis-regression-data --cov=tardis --cov-report=xml --cov-report=html --cov-append
2025-02-15T22:07:50.0549837Z   CODECOV_TOKEN: 
2025-02-15T22:07:50.0550077Z   MAMBA_ROOT_PREFIX: /home/runner/micromamba
2025-02-15T22:07:50.0550394Z   MAMBA_EXE: /home/runner/micromamba-bin/micromamba
2025-02-15T22:07:50.0550760Z   CONDARC: /home/runner/work/_temp/setup-micromamba/.condarc
2025-02-15T22:07:50.0551076Z ##[endgroup]
2025-02-15T22:07:50.6699006Z Collecting qgridnext
2025-02-15T22:07:50.7014497Z   Downloading qgridnext-2.0.4-py3-none-any.whl.metadata (9.9 kB)
2025-02-15T22:07:50.7123280Z Requirement already satisfied: pandas>=0.20.0 in /home/runner/micromamba/envs/tardis/lib/python3.12/site-packages (from qgridnext) (2.2.2)
2025-02-15T22:07:50.7132046Z Requirement already satisfied: ipywidgets>=7.0.0 in /home/runner/micromamba/envs/tardis/lib/python3.12/site-packages (from qgridnext) (7.8.0)
2025-02-15T22:07:50.7140952Z Requirement already satisfied: numpy in /home/runner/micromamba/envs/tardis/lib/python3.12/site-packages (from qgridnext) (1.26.4)
2025-02-15T22:07:50.7151067Z Requirement already satisfied: traitlets in /home/runner/micromamba/envs/tardis/lib/python3.12/site-packages (from qgridnext) (5.14.3)
2025-02-15T22:07:50.7238850Z Requirement already satisfied: comm>=0.1.3 in /home/runner/micromamba/envs/tardis/lib/python3.12/site-packages (from ipywidgets>=7.0.0->qgridnext) (0.2.2)
2025-02-15T22:07:50.7247417Z Requirement already satisfied: ipython-genutils~=0.2.0 in /home/runner/micromamba/envs/tardis/lib/python3.12/site-packages (from ipywidgets>=7.0.0->qgridnext) (0.2.0)
2025-02-15T22:07:50.7260603Z Requirement already satisfied: widgetsnbextension~=3.6.5 in /home/runner/micromamba/envs/tardis/lib/python3.12/site-packages (from ipywidgets>=7.0.0->qgridnext) (3.6.6)
2025-02-15T22:07:50.7278709Z Requirement already satisfied: ipython>=4.0.0 in /home/runner/micromamba/envs/tardis/lib/python3.12/site-packages (from ipywidgets>=7.0.0->qgridnext) (8.25.0)
2025-02-15T22:07:50.7294335Z Requirement already satisfied: jupyterlab-widgets<3,>=1.0.0 in /home/runner/micromamba/envs/tardis/lib/python3.12/site-packages (from ipywidgets>=7.0.0->qgridnext) (1.1.7)
2025-02-15T22:07:50.7743127Z Requirement already satisfied: python-dateutil>=2.8.2 in /home/runner/micromamba/envs/tardis/lib/python3.12/site-packages (from pandas>=0.20.0->qgridnext) (2.9.0)
2025-02-15T22:07:50.7755996Z Requirement already satisfied: pytz>=2020.1 in /home/runner/micromamba/envs/tardis/lib/python3.12/site-packages (from pandas>=0.20.0->qgridnext) (2024.1)
2025-02-15T22:07:50.7763676Z Requirement already satisfied: tzdata>=2022.7 in /home/runner/micromamba/envs/tardis/lib/python3.12/site-packages (from pandas>=0.20.0->qgridnext) (2024.1)
2025-02-15T22:07:50.8079740Z Requirement already satisfied: decorator in /home/runner/micromamba/envs/tardis/lib/python3.12/site-packages (from ipython>=4.0.0->ipywidgets>=7.0.0->qgridnext) (5.1.1)
2025-02-15T22:07:50.8093391Z Requirement already satisfied: jedi>=0.16 in /home/runner/micromamba/envs/tardis/lib/python3.12/site-packages (from ipython>=4.0.0->ipywidgets>=7.0.0->qgridnext) (0.19.1)
2025-02-15T22:07:50.8101482Z Requirement already satisfied: matplotlib-inline in /home/runner/micromamba/envs/tardis/lib/python3.12/site-packages (from ipython>=4.0.0->ipywidgets>=7.0.0->qgridnext) (0.1.7)
2025-02-15T22:07:50.8112006Z Requirement already satisfied: prompt-toolkit<3.1.0,>=3.0.41 in /home/runner/micromamba/envs/tardis/lib/python3.12/site-packages (from ipython>=4.0.0->ipywidgets>=7.0.0->qgridnext) (3.0.47)
2025-02-15T22:07:50.8120550Z Requirement already satisfied: pygments>=2.4.0 in /home/runner/micromamba/envs/tardis/lib/python3.12/site-packages (from ipython>=4.0.0->ipywidgets>=7.0.0->qgridnext) (2.18.0)
2025-02-15T22:07:50.8129816Z Requirement already satisfied: stack-data in /home/runner/micromamba/envs/tardis/lib/python3.12/site-packages (from ipython>=4.0.0->ipywidgets>=7.0.0->qgridnext) (0.6.2)
2025-02-15T22:07:50.8148127Z Requirement already satisfied: pexpect>4.3 in /home/runner/micromamba/envs/tardis/lib/python3.12/site-packages (from ipython>=4.0.0->ipywidgets>=7.0.0->qgridnext) (4.9.0)
2025-02-15T22:07:50.8194872Z Requirement already satisfied: six>=1.5 in /home/runner/micromamba/envs/tardis/lib/python3.12/site-packages (from python-dateutil>=2.8.2->pandas>=0.20.0->qgridnext) (1.16.0)
2025-02-15T22:07:50.8251083Z Requirement already satisfied: notebook>=4.4.1 in /home/runner/micromamba/envs/tardis/lib/python3.12/site-packages (from widgetsnbextension~=3.6.5->ipywidgets>=7.0.0->qgridnext) (7.2.1)
2025-02-15T22:07:50.8438936Z Requirement already satisfied: parso<0.9.0,>=0.8.3 in /home/runner/micromamba/envs/tardis/lib/python3.12/site-packages (from jedi>=0.16->ipython>=4.0.0->ipywidgets>=7.0.0->qgridnext) (0.8.4)
2025-02-15T22:07:50.8583849Z Requirement already satisfied: jupyter-server<3,>=2.4.0 in /home/runner/micromamba/envs/tardis/lib/python3.12/site-packages (from notebook>=4.4.1->widgetsnbextension~=3.6.5->ipywidgets>=7.0.0->qgridnext) (2.14.1)
2025-02-15T22:07:50.8596459Z Requirement already satisfied: jupyterlab-server<3,>=2.27.1 in /home/runner/micromamba/envs/tardis/lib/python3.12/site-packages (from notebook>=4.4.1->widgetsnbextension~=3.6.5->ipywidgets>=7.0.0->qgridnext) (2.27.2)
2025-02-15T22:07:50.8611361Z Requirement already satisfied: jupyterlab<4.3,>=4.2.0 in /home/runner/micromamba/envs/tardis/lib/python3.12/site-packages (from notebook>=4.4.1->widgetsnbextension~=3.6.5->ipywidgets>=7.0.0->qgridnext) (4.2.2)
2025-02-15T22:07:50.8621284Z Requirement already satisfied: notebook-shim<0.3,>=0.2 in /home/runner/micromamba/envs/tardis/lib/python3.12/site-packages (from notebook>=4.4.1->widgetsnbextension~=3.6.5->ipywidgets>=7.0.0->qgridnext) (0.2.4)
2025-02-15T22:07:50.8629272Z Requirement already satisfied: tornado>=6.2.0 in /home/runner/micromamba/envs/tardis/lib/python3.12/site-packages (from notebook>=4.4.1->widgetsnbextension~=3.6.5->ipywidgets>=7.0.0->qgridnext) (6.4.1)
2025-02-15T22:07:50.8658611Z Requirement already satisfied: ptyprocess>=0.5 in /home/runner/micromamba/envs/tardis/lib/python3.12/site-packages (from pexpect>4.3->ipython>=4.0.0->ipywidgets>=7.0.0->qgridnext) (0.7.0)
2025-02-15T22:07:50.8687366Z Requirement already satisfied: wcwidth in /home/runner/micromamba/envs/tardis/lib/python3.12/site-packages (from prompt-toolkit<3.1.0,>=3.0.41->ipython>=4.0.0->ipywidgets>=7.0.0->qgridnext) (0.2.13)
2025-02-15T22:07:50.8823812Z Requirement already satisfied: executing>=1.2.0 in /home/runner/micromamba/envs/tardis/lib/python3.12/site-packages (from stack-data->ipython>=4.0.0->ipywidgets>=7.0.0->qgridnext) (2.0.1)
2025-02-15T22:07:50.8832749Z Requirement already satisfied: asttokens>=2.1.0 in /home/runner/micromamba/envs/tardis/lib/python3.12/site-packages (from stack-data->ipython>=4.0.0->ipywidgets>=7.0.0->qgridnext) (2.4.1)
2025-02-15T22:07:50.8840178Z Requirement already satisfied: pure-eval in /home/runner/micromamba/envs/tardis/lib/python3.12/site-packages (from stack-data->ipython>=4.0.0->ipywidgets>=7.0.0->qgridnext) (0.2.2)
2025-02-15T22:07:50.9174462Z Requirement already satisfied: anyio>=3.1.0 in /home/runner/micromamba/envs/tardis/lib/python3.12/site-packages (from jupyter-server<3,>=2.4.0->notebook>=4.4.1->widgetsnbextension~=3.6.5->ipywidgets>=7.0.0->qgridnext) (4.4.0)
2025-02-15T22:07:50.9184021Z Requirement already satisfied: argon2-cffi>=21.1 in /home/runner/micromamba/envs/tardis/lib/python3.12/site-packages (from jupyter-server<3,>=2.4.0->notebook>=4.4.1->widgetsnbextension~=3.6.5->ipywidgets>=7.0.0->qgridnext) (23.1.0)
2025-02-15T22:07:50.9192357Z Requirement already satisfied: jinja2>=3.0.3 in /home/runner/micromamba/envs/tardis/lib/python3.12/site-packages (from jupyter-server<3,>=2.4.0->notebook>=4.4.1->widgetsnbextension~=3.6.5->ipywidgets>=7.0.0->qgridnext) (3.1.4)
2025-02-15T22:07:50.9203642Z Requirement already satisfied: jupyter-client>=7.4.4 in /home/runner/micromamba/envs/tardis/lib/python3.12/site-packages (from jupyter-server<3,>=2.4.0->notebook>=4.4.1->widgetsnbextension~=3.6.5->ipywidgets>=7.0.0->qgridnext) (8.6.2)
2025-02-15T22:07:50.9214971Z Requirement already satisfied: jupyter-core!=5.0.*,>=4.12 in /home/runner/micromamba/envs/tardis/lib/python3.12/site-packages (from jupyter-server<3,>=2.4.0->notebook>=4.4.1->widgetsnbextension~=3.6.5->ipywidgets>=7.0.0->qgridnext) (5.7.2)
2025-02-15T22:07:50.9225875Z Requirement already satisfied: jupyter-events>=0.9.0 in /home/runner/micromamba/envs/tardis/lib/python3.12/site-packages (from jupyter-server<3,>=2.4.0->notebook>=4.4.1->widgetsnbextension~=3.6.5->ipywidgets>=7.0.0->qgridnext) (0.10.0)
2025-02-15T22:07:50.9236571Z Requirement already satisfied: jupyter-server-terminals>=0.4.4 in /home/runner/micromamba/envs/tardis/lib/python3.12/site-packages (from jupyter-server<3,>=2.4.0->notebook>=4.4.1->widgetsnbextension~=3.6.5->ipywidgets>=7.0.0->qgridnext) (0.5.3)
2025-02-15T22:07:50.9249967Z Requirement already satisfied: nbconvert>=6.4.4 in /home/runner/micromamba/envs/tardis/lib/python3.12/site-packages (from jupyter-server<3,>=2.4.0->notebook>=4.4.1->widgetsnbextension~=3.6.5->ipywidgets>=7.0.0->qgridnext) (7.16.4)
2025-02-15T22:07:50.9259884Z Requirement already satisfied: nbformat>=5.3.0 in /home/runner/micromamba/envs/tardis/lib/python3.12/site-packages (from jupyter-server<3,>=2.4.0->notebook>=4.4.1->widgetsnbextension~=3.6.5->ipywidgets>=7.0.0->qgridnext) (5.10.4)
2025-02-15T22:07:50.9268700Z Requirement already satisfied: overrides>=5.0 in /home/runner/micromamba/envs/tardis/lib/python3.12/site-packages (from jupyter-server<3,>=2.4.0->notebook>=4.4.1->widgetsnbextension~=3.6.5->ipywidgets>=7.0.0->qgridnext) (7.7.0)
2025-02-15T22:07:50.9278156Z Requirement already satisfied: packaging>=22.0 in /home/runner/micromamba/envs/tardis/lib/python3.12/site-packages (from jupyter-server<3,>=2.4.0->notebook>=4.4.1->widgetsnbextension~=3.6.5->ipywidgets>=7.0.0->qgridnext) (24.1)
2025-02-15T22:07:50.9286422Z Requirement already satisfied: prometheus-client>=0.9 in /home/runner/micromamba/envs/tardis/lib/python3.12/site-packages (from jupyter-server<3,>=2.4.0->notebook>=4.4.1->widgetsnbextension~=3.6.5->ipywidgets>=7.0.0->qgridnext) (0.20.0)
2025-02-15T22:07:50.9296793Z Requirement already satisfied: pyzmq>=24 in /home/runner/micromamba/envs/tardis/lib/python3.12/site-packages (from jupyter-server<3,>=2.4.0->notebook>=4.4.1->widgetsnbextension~=3.6.5->ipywidgets>=7.0.0->qgridnext) (26.0.3)
2025-02-15T22:07:50.9305505Z Requirement already satisfied: send2trash>=1.8.2 in /home/runner/micromamba/envs/tardis/lib/python3.12/site-packages (from jupyter-server<3,>=2.4.0->notebook>=4.4.1->widgetsnbextension~=3.6.5->ipywidgets>=7.0.0->qgridnext) (1.8.3)
2025-02-15T22:07:50.9316679Z Requirement already satisfied: terminado>=0.8.3 in /home/runner/micromamba/envs/tardis/lib/python3.12/site-packages (from jupyter-server<3,>=2.4.0->notebook>=4.4.1->widgetsnbextension~=3.6.5->ipywidgets>=7.0.0->qgridnext) (0.18.1)
2025-02-15T22:07:50.9333435Z Requirement already satisfied: websocket-client>=1.7 in /home/runner/micromamba/envs/tardis/lib/python3.12/site-packages (from jupyter-server<3,>=2.4.0->notebook>=4.4.1->widgetsnbextension~=3.6.5->ipywidgets>=7.0.0->qgridnext) (1.8.0)
2025-02-15T22:07:50.9614876Z Requirement already satisfied: async-lru>=1.0.0 in /home/runner/micromamba/envs/tardis/lib/python3.12/site-packages (from jupyterlab<4.3,>=4.2.0->notebook>=4.4.1->widgetsnbextension~=3.6.5->ipywidgets>=7.0.0->qgridnext) (2.0.4)
2025-02-15T22:07:50.9626317Z Requirement already satisfied: httpx>=0.25.0 in /home/runner/micromamba/envs/tardis/lib/python3.12/site-packages (from jupyterlab<4.3,>=4.2.0->notebook>=4.4.1->widgetsnbextension~=3.6.5->ipywidgets>=7.0.0->qgridnext) (0.27.0)
2025-02-15T22:07:50.9637711Z Requirement already satisfied: ipykernel>=6.5.0 in /home/runner/micromamba/envs/tardis/lib/python3.12/site-packages (from jupyterlab<4.3,>=4.2.0->notebook>=4.4.1->widgetsnbextension~=3.6.5->ipywidgets>=7.0.0->qgridnext) (6.29.4)
2025-02-15T22:07:50.9651786Z Requirement already satisfied: jupyter-lsp>=2.0.0 in /home/runner/micromamba/envs/tardis/lib/python3.12/site-packages (from jupyterlab<4.3,>=4.2.0->notebook>=4.4.1->widgetsnbextension~=3.6.5->ipywidgets>=7.0.0->qgridnext) (2.2.5)
2025-02-15T22:07:50.9677239Z Requirement already satisfied: setuptools>=40.1.0 in /home/runner/micromamba/envs/tardis/lib/python3.12/site-packages (from jupyterlab<4.3,>=4.2.0->notebook>=4.4.1->widgetsnbextension~=3.6.5->ipywidgets>=7.0.0->qgridnext) (70.0.0)
2025-02-15T22:07:50.9862907Z Requirement already satisfied: babel>=2.10 in /home/runner/micromamba/envs/tardis/lib/python3.12/site-packages (from jupyterlab-server<3,>=2.27.1->notebook>=4.4.1->widgetsnbextension~=3.6.5->ipywidgets>=7.0.0->qgridnext) (2.14.0)
2025-02-15T22:07:50.9889040Z Requirement already satisfied: json5>=0.9.0 in /home/runner/micromamba/envs/tardis/lib/python3.12/site-packages (from jupyterlab-server<3,>=2.27.1->notebook>=4.4.1->widgetsnbextension~=3.6.5->ipywidgets>=7.0.0->qgridnext) (0.9.25)
2025-02-15T22:07:50.9899531Z Requirement already satisfied: jsonschema>=4.18.0 in /home/runner/micromamba/envs/tardis/lib/python3.12/site-packages (from jupyterlab-server<3,>=2.27.1->notebook>=4.4.1->widgetsnbextension~=3.6.5->ipywidgets>=7.0.0->qgridnext) (4.22.0)
2025-02-15T22:07:50.9916968Z Requirement already satisfied: requests>=2.31 in /home/runner/micromamba/envs/tardis/lib/python3.12/site-packages (from jupyterlab-server<3,>=2.27.1->notebook>=4.4.1->widgetsnbextension~=3.6.5->ipywidgets>=7.0.0->qgridnext) (2.32.3)
2025-02-15T22:07:51.0264769Z Requirement already satisfied: idna>=2.8 in /home/runner/micromamba/envs/tardis/lib/python3.12/site-packages (from anyio>=3.1.0->jupyter-server<3,>=2.4.0->notebook>=4.4.1->widgetsnbextension~=3.6.5->ipywidgets>=7.0.0->qgridnext) (3.7)
2025-02-15T22:07:51.0274006Z Requirement already satisfied: sniffio>=1.1 in /home/runner/micromamba/envs/tardis/lib/python3.12/site-packages (from anyio>=3.1.0->jupyter-server<3,>=2.4.0->notebook>=4.4.1->widgetsnbextension~=3.6.5->ipywidgets>=7.0.0->qgridnext) (1.3.1)
2025-02-15T22:07:51.0364528Z Requirement already satisfied: argon2-cffi-bindings in /home/runner/micromamba/envs/tardis/lib/python3.12/site-packages (from argon2-cffi>=21.1->jupyter-server<3,>=2.4.0->notebook>=4.4.1->widgetsnbextension~=3.6.5->ipywidgets>=7.0.0->qgridnext) (21.2.0)
2025-02-15T22:07:51.0535273Z Requirement already satisfied: certifi in /home/runner/micromamba/envs/tardis/lib/python3.12/site-packages (from httpx>=0.25.0->jupyterlab<4.3,>=4.2.0->notebook>=4.4.1->widgetsnbextension~=3.6.5->ipywidgets>=7.0.0->qgridnext) (2024.6.2)
2025-02-15T22:07:51.0550192Z Requirement already satisfied: httpcore==1.* in /home/runner/micromamba/envs/tardis/lib/python3.12/site-packages (from httpx>=0.25.0->jupyterlab<4.3,>=4.2.0->notebook>=4.4.1->widgetsnbextension~=3.6.5->ipywidgets>=7.0.0->qgridnext) (1.0.5)
2025-02-15T22:07:51.0629389Z Requirement already satisfied: h11<0.15,>=0.13 in /home/runner/micromamba/envs/tardis/lib/python3.12/site-packages (from httpcore==1.*->httpx>=0.25.0->jupyterlab<4.3,>=4.2.0->notebook>=4.4.1->widgetsnbextension~=3.6.5->ipywidgets>=7.0.0->qgridnext) (0.14.0)
2025-02-15T22:07:51.0812416Z Requirement already satisfied: debugpy>=1.6.5 in /home/runner/micromamba/envs/tardis/lib/python3.12/site-packages (from ipykernel>=6.5.0->jupyterlab<4.3,>=4.2.0->notebook>=4.4.1->widgetsnbextension~=3.6.5->ipywidgets>=7.0.0->qgridnext) (1.8.1)
2025-02-15T22:07:51.0833262Z Requirement already satisfied: nest-asyncio in /home/runner/micromamba/envs/tardis/lib/python3.12/site-packages (from ipykernel>=6.5.0->jupyterlab<4.3,>=4.2.0->notebook>=4.4.1->widgetsnbextension~=3.6.5->ipywidgets>=7.0.0->qgridnext) (1.6.0)
2025-02-15T22:07:51.0847947Z Requirement already satisfied: psutil in /home/runner/micromamba/envs/tardis/lib/python3.12/site-packages (from ipykernel>=6.5.0->jupyterlab<4.3,>=4.2.0->notebook>=4.4.1->widgetsnbextension~=3.6.5->ipywidgets>=7.0.0->qgridnext) (5.9.8)
2025-02-15T22:07:51.0909334Z Requirement already satisfied: MarkupSafe>=2.0 in /home/runner/micromamba/envs/tardis/lib/python3.12/site-packages (from jinja2>=3.0.3->jupyter-server<3,>=2.4.0->notebook>=4.4.1->widgetsnbextension~=3.6.5->ipywidgets>=7.0.0->qgridnext) (2.1.5)
2025-02-15T22:07:51.1100370Z Requirement already satisfied: attrs>=22.2.0 in /home/runner/micromamba/envs/tardis/lib/python3.12/site-packages (from jsonschema>=4.18.0->jupyterlab-server<3,>=2.27.1->notebook>=4.4.1->widgetsnbextension~=3.6.5->ipywidgets>=7.0.0->qgridnext) (23.2.0)
2025-02-15T22:07:51.1110879Z Requirement already satisfied: jsonschema-specifications>=2023.03.6 in /home/runner/micromamba/envs/tardis/lib/python3.12/site-packages (from jsonschema>=4.18.0->jupyterlab-server<3,>=2.27.1->notebook>=4.4.1->widgetsnbextension~=3.6.5->ipywidgets>=7.0.0->qgridnext) (2023.12.1)
2025-02-15T22:07:51.1123659Z Requirement already satisfied: referencing>=0.28.4 in /home/runner/micromamba/envs/tardis/lib/python3.12/site-packages (from jsonschema>=4.18.0->jupyterlab-server<3,>=2.27.1->notebook>=4.4.1->widgetsnbextension~=3.6.5->ipywidgets>=7.0.0->qgridnext) (0.35.1)
2025-02-15T22:07:51.1137120Z Requirement already satisfied: rpds-py>=0.7.1 in /home/runner/micromamba/envs/tardis/lib/python3.12/site-packages (from jsonschema>=4.18.0->jupyterlab-server<3,>=2.27.1->notebook>=4.4.1->widgetsnbextension~=3.6.5->ipywidgets>=7.0.0->qgridnext) (0.18.1)
2025-02-15T22:07:51.1399252Z Requirement already satisfied: platformdirs>=2.5 in /home/runner/micromamba/envs/tardis/lib/python3.12/site-packages (from jupyter-core!=5.0.*,>=4.12->jupyter-server<3,>=2.4.0->notebook>=4.4.1->widgetsnbextension~=3.6.5->ipywidgets>=7.0.0->qgridnext) (4.2.2)
2025-02-15T22:07:51.1546360Z Requirement already satisfied: python-json-logger>=2.0.4 in /home/runner/micromamba/envs/tardis/lib/python3.12/site-packages (from jupyter-events>=0.9.0->jupyter-server<3,>=2.4.0->notebook>=4.4.1->widgetsnbextension~=3.6.5->ipywidgets>=7.0.0->qgridnext) (2.0.7)
2025-02-15T22:07:51.1554865Z Requirement already satisfied: pyyaml>=5.3 in /home/runner/micromamba/envs/tardis/lib/python3.12/site-packages (from jupyter-events>=0.9.0->jupyter-server<3,>=2.4.0->notebook>=4.4.1->widgetsnbextension~=3.6.5->ipywidgets>=7.0.0->qgridnext) (6.0.1)
2025-02-15T22:07:51.1565026Z Requirement already satisfied: rfc3339-validator in /home/runner/micromamba/envs/tardis/lib/python3.12/site-packages (from jupyter-events>=0.9.0->jupyter-server<3,>=2.4.0->notebook>=4.4.1->widgetsnbextension~=3.6.5->ipywidgets>=7.0.0->qgridnext) (0.1.4)
2025-02-15T22:07:51.1573569Z Requirement already satisfied: rfc3986-validator>=0.1.1 in /home/runner/micromamba/envs/tardis/lib/python3.12/site-packages (from jupyter-events>=0.9.0->jupyter-server<3,>=2.4.0->notebook>=4.4.1->widgetsnbextension~=3.6.5->ipywidgets>=7.0.0->qgridnext) (0.1.1)
2025-02-15T22:07:51.1997467Z Requirement already satisfied: beautifulsoup4 in /home/runner/micromamba/envs/tardis/lib/python3.12/site-packages (from nbconvert>=6.4.4->jupyter-server<3,>=2.4.0->notebook>=4.4.1->widgetsnbextension~=3.6.5->ipywidgets>=7.0.0->qgridnext) (4.12.3)
2025-02-15T22:07:51.2016529Z Requirement already satisfied: bleach!=5.0.0 in /home/runner/micromamba/envs/tardis/lib/python3.12/site-packages (from nbconvert>=6.4.4->jupyter-server<3,>=2.4.0->notebook>=4.4.1->widgetsnbextension~=3.6.5->ipywidgets>=7.0.0->qgridnext) (6.1.0)
2025-02-15T22:07:51.2030009Z Requirement already satisfied: defusedxml in /home/runner/micromamba/envs/tardis/lib/python3.12/site-packages (from nbconvert>=6.4.4->jupyter-server<3,>=2.4.0->notebook>=4.4.1->widgetsnbextension~=3.6.5->ipywidgets>=7.0.0->qgridnext) (0.7.1)
2025-02-15T22:07:51.2043795Z Requirement already satisfied: jupyterlab-pygments in /home/runner/micromamba/envs/tardis/lib/python3.12/site-packages (from nbconvert>=6.4.4->jupyter-server<3,>=2.4.0->notebook>=4.4.1->widgetsnbextension~=3.6.5->ipywidgets>=7.0.0->qgridnext) (0.3.0)
2025-02-15T22:07:51.2055502Z Requirement already satisfied: mistune<4,>=2.0.3 in /home/runner/micromamba/envs/tardis/lib/python3.12/site-packages (from nbconvert>=6.4.4->jupyter-server<3,>=2.4.0->notebook>=4.4.1->widgetsnbextension~=3.6.5->ipywidgets>=7.0.0->qgridnext) (3.0.2)
2025-02-15T22:07:51.2066836Z Requirement already satisfied: nbclient>=0.5.0 in /home/runner/micromamba/envs/tardis/lib/python3.12/site-packages (from nbconvert>=6.4.4->jupyter-server<3,>=2.4.0->notebook>=4.4.1->widgetsnbextension~=3.6.5->ipywidgets>=7.0.0->qgridnext) (0.10.0)
2025-02-15T22:07:51.2083130Z Requirement already satisfied: pandocfilters>=1.4.1 in /home/runner/micromamba/envs/tardis/lib/python3.12/site-packages (from nbconvert>=6.4.4->jupyter-server<3,>=2.4.0->notebook>=4.4.1->widgetsnbextension~=3.6.5->ipywidgets>=7.0.0->qgridnext) (1.5.0)
2025-02-15T22:07:51.2092756Z Requirement already satisfied: tinycss2 in /home/runner/micromamba/envs/tardis/lib/python3.12/site-packages (from nbconvert>=6.4.4->jupyter-server<3,>=2.4.0->notebook>=4.4.1->widgetsnbextension~=3.6.5->ipywidgets>=7.0.0->qgridnext) (1.3.0)
2025-02-15T22:07:51.2205958Z Requirement already satisfied: fastjsonschema>=2.15 in /home/runner/micromamba/envs/tardis/lib/python3.12/site-packages (from nbformat>=5.3.0->jupyter-server<3,>=2.4.0->notebook>=4.4.1->widgetsnbextension~=3.6.5->ipywidgets>=7.0.0->qgridnext) (2.20.0)
2025-02-15T22:07:51.2507233Z Requirement already satisfied: charset-normalizer<4,>=2 in /home/runner/micromamba/envs/tardis/lib/python3.12/site-packages (from requests>=2.31->jupyterlab-server<3,>=2.27.1->notebook>=4.4.1->widgetsnbextension~=3.6.5->ipywidgets>=7.0.0->qgridnext) (3.3.2)
2025-02-15T22:07:51.2520922Z Requirement already satisfied: urllib3<3,>=1.21.1 in /home/runner/micromamba/envs/tardis/lib/python3.12/site-packages (from requests>=2.31->jupyterlab-server<3,>=2.27.1->notebook>=4.4.1->widgetsnbextension~=3.6.5->ipywidgets>=7.0.0->qgridnext) (2.2.2)
2025-02-15T22:07:51.3292247Z Requirement already satisfied: webencodings in /home/runner/micromamba/envs/tardis/lib/python3.12/site-packages (from bleach!=5.0.0->nbconvert>=6.4.4->jupyter-server<3,>=2.4.0->notebook>=4.4.1->widgetsnbextension~=3.6.5->ipywidgets>=7.0.0->qgridnext) (0.5.1)
2025-02-15T22:07:51.3858821Z Requirement already satisfied: fqdn in /home/runner/micromamba/envs/tardis/lib/python3.12/site-packages (from jsonschema[format-nongpl]>=4.18.0->jupyter-events>=0.9.0->jupyter-server<3,>=2.4.0->notebook>=4.4.1->widgetsnbextension~=3.6.5->ipywidgets>=7.0.0->qgridnext) (1.5.1)
2025-02-15T22:07:51.3875513Z Requirement already satisfied: isoduration in /home/runner/micromamba/envs/tardis/lib/python3.12/site-packages (from jsonschema[format-nongpl]>=4.18.0->jupyter-events>=0.9.0->jupyter-server<3,>=2.4.0->notebook>=4.4.1->widgetsnbextension~=3.6.5->ipywidgets>=7.0.0->qgridnext) (20.11.0)
2025-02-15T22:07:51.3888724Z Requirement already satisfied: jsonpointer>1.13 in /home/runner/micromamba/envs/tardis/lib/python3.12/site-packages (from jsonschema[format-nongpl]>=4.18.0->jupyter-events>=0.9.0->jupyter-server<3,>=2.4.0->notebook>=4.4.1->widgetsnbextension~=3.6.5->ipywidgets>=7.0.0->qgridnext) (3.0.0)
2025-02-15T22:07:51.3904782Z Requirement already satisfied: uri-template in /home/runner/micromamba/envs/tardis/lib/python3.12/site-packages (from jsonschema[format-nongpl]>=4.18.0->jupyter-events>=0.9.0->jupyter-server<3,>=2.4.0->notebook>=4.4.1->widgetsnbextension~=3.6.5->ipywidgets>=7.0.0->qgridnext) (1.3.0)
2025-02-15T22:07:51.3918475Z Requirement already satisfied: webcolors>=1.11 in /home/runner/micromamba/envs/tardis/lib/python3.12/site-packages (from jsonschema[format-nongpl]>=4.18.0->jupyter-events>=0.9.0->jupyter-server<3,>=2.4.0->notebook>=4.4.1->widgetsnbextension~=3.6.5->ipywidgets>=7.0.0->qgridnext) (24.6.0)
2025-02-15T22:07:51.4919729Z Requirement already satisfied: cffi>=1.0.1 in /home/runner/micromamba/envs/tardis/lib/python3.12/site-packages (from argon2-cffi-bindings->argon2-cffi>=21.1->jupyter-server<3,>=2.4.0->notebook>=4.4.1->widgetsnbextension~=3.6.5->ipywidgets>=7.0.0->qgridnext) (1.16.0)
2025-02-15T22:07:51.5015858Z Requirement already satisfied: soupsieve>1.2 in /home/runner/micromamba/envs/tardis/lib/python3.12/site-packages (from beautifulsoup4->nbconvert>=6.4.4->jupyter-server<3,>=2.4.0->notebook>=4.4.1->widgetsnbextension~=3.6.5->ipywidgets>=7.0.0->qgridnext) (2.5)
2025-02-15T22:07:51.5564028Z Requirement already satisfied: pycparser in /home/runner/micromamba/envs/tardis/lib/python3.12/site-packages (from cffi>=1.0.1->argon2-cffi-bindings->argon2-cffi>=21.1->jupyter-server<3,>=2.4.0->notebook>=4.4.1->widgetsnbextension~=3.6.5->ipywidgets>=7.0.0->qgridnext) (2.22)
2025-02-15T22:07:51.6210746Z Requirement already satisfied: arrow>=0.15.0 in /home/runner/micromamba/envs/tardis/lib/python3.12/site-packages (from isoduration->jsonschema[format-nongpl]>=4.18.0->jupyter-events>=0.9.0->jupyter-server<3,>=2.4.0->notebook>=4.4.1->widgetsnbextension~=3.6.5->ipywidgets>=7.0.0->qgridnext) (1.3.0)
2025-02-15T22:07:51.6505674Z Requirement already satisfied: types-python-dateutil>=2.8.10 in /home/runner/micromamba/envs/tardis/lib/python3.12/site-packages (from arrow>=0.15.0->isoduration->jsonschema[format-nongpl]>=4.18.0->jupyter-events>=0.9.0->jupyter-server<3,>=2.4.0->notebook>=4.4.1->widgetsnbextension~=3.6.5->ipywidgets>=7.0.0->qgridnext) (2.9.0.20240316)
2025-02-15T22:07:51.6823410Z Downloading qgridnext-2.0.4-py3-none-any.whl (1.3 MB)
2025-02-15T22:07:51.7164478Z    â”â”â”â”â”â”â”â”â”â”â”â”â”â”â”â”â”â”â”â”â”â”â”â”â”â”â”â”â”â”â”â”â”â”â”â”â”â”â”â” 1.3/1.3 MB 39.5 MB/s eta 0:00:00
2025-02-15T22:07:52.5102766Z Installing collected packages: qgridnext
2025-02-15T22:07:52.5829366Z Successfully installed qgridnext-2.0.4
2025-02-15T22:07:52.7525153Z ##[group]Run pytest tardis --tardis-regression-data=/home/runner/work/tardis/tardis/tardis-regression-data --cov=tardis --cov-report=xml --cov-report=html --cov-append -m "not continuum"
2025-02-15T22:07:52.7526458Z [36;1mpytest tardis --tardis-regression-data=/home/runner/work/tardis/tardis/tardis-regression-data --cov=tardis --cov-report=xml --cov-report=html --cov-append -m "not continuum"[0m
2025-02-15T22:07:52.7580814Z shell: /usr/bin/bash -l {0}
2025-02-15T22:07:52.7581067Z env:
2025-02-15T22:07:52.7581254Z   CACHE_NUMBER: 0
2025-02-15T22:07:52.7581889Z   PYTEST_FLAGS: --tardis-regression-data=/home/runner/work/tardis/tardis/tardis-regression-data --cov=tardis --cov-report=xml --cov-report=html --cov-append
2025-02-15T22:07:52.7582567Z   CODECOV_TOKEN: 
2025-02-15T22:07:52.7582808Z   MAMBA_ROOT_PREFIX: /home/runner/micromamba
2025-02-15T22:07:52.7583127Z   MAMBA_EXE: /home/runner/micromamba-bin/micromamba
2025-02-15T22:07:52.7583530Z   CONDARC: /home/runner/work/_temp/setup-micromamba/.condarc
2025-02-15T22:07:52.7583851Z ##[endgroup]
2025-02-15T22:08:00.9687000Z ============================= test session starts ==============================
2025-02-15T22:08:00.9687704Z platform linux -- Python 3.12.4, pytest-8.2.2, pluggy-1.5.0
2025-02-15T22:08:00.9688428Z rootdir: /home/runner/work/tardis/tardis
2025-02-15T22:08:00.9688785Z configfile: pyproject.toml
2025-02-15T22:08:00.9689216Z plugins: metadata-3.1.1, anyio-4.4.0, doctestplus-1.2.1, cov-5.0.0, html-4.1.1
2025-02-15T22:08:00.9689738Z collected 1796 items / 2 deselected / 1794 selected
2025-02-15T22:08:00.9690320Z 
2025-02-15T22:08:05.8885061Z tardis/energy_input/tests/test_energy_source.py ..xxx                    [  0%]
2025-02-15T22:08:08.6960303Z tardis/energy_input/tests/test_gamma_ray_channel.py ...........          [  0%]
2025-02-15T22:08:10.2252074Z tardis/energy_input/tests/test_gamma_ray_grid.py xx.                     [  1%]
2025-02-15T22:08:11.9501986Z tardis/energy_input/tests/test_gamma_ray_interactions.py xx....          [  1%]
2025-02-15T22:08:11.9593834Z tardis/energy_input/tests/test_gamma_ray_packet_source.py sssssssss      [  1%]
2025-02-15T22:08:13.2131356Z tardis/energy_input/tests/test_util.py .....xxxx.....                    [  2%]
2025-02-15T22:08:13.5643150Z tardis/grid/tests/test_grid.py .                                         [  2%]
2025-02-15T22:08:13.5659505Z tardis/gui/tests/test_gui.py s                                           [  2%]
2025-02-15T22:08:17.2718318Z tardis/io/configuration/tests/test_config_reader.py ...........          [  3%]
2025-02-15T22:08:17.2844007Z tardis/io/configuration/tests/test_configuration_namespace.py .........  [  3%]
2025-02-15T22:08:17.3109359Z tardis/io/logger/tests/test_logging.py ssssssssssssssssssssssssssss      [  5%]
2025-02-15T22:08:53.2824283Z tardis/io/model/readers/tests/test_arepo_parser.py ..                    [  5%]
2025-02-15T22:08:53.2996841Z tardis/io/model/readers/tests/test_ascii_readers.py ...                  [  5%]
2025-02-15T22:08:53.3103535Z tardis/io/model/readers/tests/test_cmfgen_reader.py ..                   [  5%]
2025-02-15T22:08:53.3401446Z tardis/io/model/readers/tests/test_csvy_reader.py ....                   [  6%]
2025-02-15T22:08:53.3602342Z tardis/io/model/readers/tests/test_stella_reader.py ..                   [  6%]
2025-02-15T22:08:53.6576386Z tardis/io/tests/test_HDFWriter.py ...............                        [  7%]
2025-02-15T22:08:53.9559003Z tardis/io/tests/test_atomic.py .....                                     [  7%]
2025-02-15T22:08:53.9752454Z tardis/io/tests/test_decay.py ..                                         [  7%]
2025-02-15T22:08:54.1763763Z tardis/io/tests/test_model_reader.py F.....                              [  7%]
2025-02-15T22:08:54.1832103Z tardis/model/geometry/tests/test_radial1d.py ..                          [  7%]
2025-02-15T22:09:50.9906316Z tardis/model/tests/test_base.py ........................................ [ 10%]
2025-02-15T22:09:51.9875958Z ............                                                             [ 10%]
2025-02-15T22:09:55.0583997Z tardis/model/tests/test_csvy_model.py .........                          [ 11%]
2025-02-15T22:09:55.1059131Z tardis/model/tests/test_density.py ..                                    [ 11%]
2025-02-15T22:09:56.3814192Z tardis/opacities/tests/test_opacity_solver.py .....                      [ 11%]
2025-02-15T22:09:57.6888332Z tardis/opacities/tests/test_opacity_state_numba.py .....                 [ 11%]
2025-02-15T22:09:59.5799546Z tardis/opacities/tests/test_tau_sobolev.py ..                            [ 12%]
2025-02-15T22:10:02.2913145Z tardis/plasma/equilibrium/tests/test_collisional_transitions.py ...      [ 12%]
2025-02-15T22:10:48.3678728Z tardis/plasma/equilibrium/tests/test_level_populations.py ....           [ 12%]
2025-02-15T22:10:59.6889647Z tardis/plasma/equilibrium/tests/test_rate_matrix.py .                    [ 12%]
2025-02-15T22:11:01.1351122Z tardis/plasma/tests/test_complete_plasmas.py .....................s..... [ 13%]
2025-02-15T22:11:04.0781563Z s....ssssss............s............ss.....s....ssssss............s..... [ 18%]
2025-02-15T22:11:05.7969448Z .......ss.....s....ssssss............s............ss.....s....ssssss.... [ 22%]
2025-02-15T22:11:08.7048587Z ........s............ss.....s........ss............s............ss.....s [ 26%]
2025-02-15T22:11:11.6370423Z ........ss............s............ss.....s....ssssss............s...... [ 30%]
2025-02-15T22:11:12.3902249Z ......ss.....s....ssssss............s............ss.....s.ss.ssssss..... [ 34%]
2025-02-15T22:11:15.2660800Z .......s............ss.....s....ssssss............s............ss.....s. [ 38%]
2025-02-15T22:11:18.4340357Z ...ssssss............s............ss.....s....ssssss............s....... [ 42%]
2025-02-15T22:11:21.5033039Z .....ss.....s....ssssss............s............s...........ssssss...... [ 46%]
2025-02-15T22:11:23.3175553Z ......s............s...........ssssss............s............s......... [ 50%]
2025-02-15T22:11:26.1951090Z ..ssssss............s............ss.....s....ssssss............s........ [ 54%]
2025-02-15T22:11:29.6618753Z ....ss.....s....ssssss..........................s.....s....ssss......... [ 58%]
2025-02-15T22:11:29.9852981Z ...................s.....s....ssss.......                                [ 60%]
2025-02-15T22:11:30.0946034Z tardis/plasma/tests/test_hdf_plasma.py ................................. [ 62%]
2025-02-15T22:11:30.1060299Z ......                                                                   [ 62%]
2025-02-15T22:11:30.2484283Z tardis/plasma/tests/test_nlte_excitation.py ...                          [ 62%]
2025-02-15T22:13:45.0876181Z tardis/plasma/tests/test_nlte_solver.py .....X                           [ 63%]
2025-02-15T22:13:45.0901834Z tardis/plasma/tests/test_plasma_continuum.py .                           [ 63%]
2025-02-15T22:14:08.0574086Z tardis/plasma/tests/test_plasma_vboundary.py .............               [ 63%]
2025-02-15T22:14:21.0730786Z tardis/plasma/tests/test_tardis_model_density_config.py ...              [ 64%]
2025-02-15T22:14:21.8219792Z tardis/simulation/tests/test_convergence.py .....                        [ 64%]
2025-02-15T22:14:30.3192845Z tardis/simulation/tests/test_simulation.py .............                 [ 65%]
2025-02-15T22:14:30.3403616Z tardis/spectrum/tests/test_cuda_formal_integral.py sssssssssssssssssssss [ 66%]
2025-02-15T22:14:30.8123636Z ssss...ssssssssssssssssssssss                                            [ 67%]
2025-02-15T22:14:30.8195946Z tardis/spectrum/tests/test_luminosity.py ....                            [ 68%]
2025-02-15T22:14:32.3922194Z tardis/spectrum/tests/test_numba_formal_integral.py .................... [ 69%]
2025-02-15T22:14:32.4115062Z ..........                                                               [ 69%]
2025-02-15T22:14:32.5818828Z tardis/spectrum/tests/test_spectrum.py ................................. [ 71%]
2025-02-15T22:14:32.6146609Z .........                                                                [ 72%]
2025-02-15T22:14:51.6638636Z tardis/spectrum/tests/test_spectrum_solver.py ....                       [ 72%]
2025-02-15T22:15:52.9704879Z tardis/tests/test_tardis_full.py ....                                    [ 72%]
2025-02-15T22:17:16.6783054Z tardis/tests/test_tardis_full_formal_integral.py ................        [ 73%]
2025-02-15T22:17:16.7535729Z tardis/tests/test_util.py .............................................  [ 75%]
2025-02-15T22:17:19.3814930Z tardis/transport/montecarlo/tests/test_base.py x.....................    [ 77%]
2025-02-15T22:17:26.9598316Z tardis/transport/montecarlo/tests/test_interaction.py .......            [ 77%]
2025-02-15T22:17:27.1765499Z tardis/transport/montecarlo/tests/test_macro_atom.py ....                [ 77%]
2025-02-15T22:17:27.1941568Z tardis/transport/montecarlo/tests/test_montecarlo.py sssssssssssssssssss [ 78%]
2025-02-15T22:17:27.2358309Z sssssssssssssssssssssssssssssssssssssssssssss                            [ 81%]
2025-02-15T22:17:36.0493380Z tardis/transport/montecarlo/tests/test_montecarlo_main_loop.py x..       [ 81%]
2025-02-15T22:17:36.0561324Z tardis/transport/montecarlo/tests/test_nonhomologous.py ...              [ 81%]
2025-02-15T22:17:41.7453314Z tardis/transport/montecarlo/tests/test_numba_interface.py .....x.        [ 82%]
2025-02-15T22:17:42.2316958Z tardis/transport/montecarlo/tests/test_opacities.py ...............      [ 82%]
2025-02-15T22:17:43.6933976Z tardis/transport/montecarlo/tests/test_packet.py .................xXXXXX [ 84%]
2025-02-15T22:17:43.8259739Z XX.........                                                              [ 84%]
2025-02-15T22:17:43.8540000Z tardis/transport/montecarlo/tests/test_packet_source.py ........         [ 85%]
2025-02-15T22:17:44.1640042Z tardis/transport/montecarlo/tests/test_rpacket_last_interaction_tracker.py . [ 85%]
2025-02-15T22:17:44.5682651Z .....                                                                    [ 85%]
2025-02-15T22:18:18.7175468Z tardis/transport/montecarlo/tests/test_rpacket_tracker.py ......         [ 85%]
2025-02-15T22:18:18.7455237Z tardis/transport/montecarlo/tests/test_single_packet_loop.py xxx         [ 86%]
2025-02-15T22:18:18.7486475Z tardis/transport/montecarlo/tests/test_tracker_utils.py ..               [ 86%]
2025-02-15T22:18:21.1258721Z tardis/transport/montecarlo/tests/test_vpacket.py ..x.                   [ 86%]
2025-02-15T22:18:21.1430560Z tardis/transport/montecarlo/tests/test_weighted_packet_source.py ....    [ 86%]
2025-02-15T22:18:24.5929026Z tardis/transport/montecarlo/tests/test_weighted_packet_source_integration.py . [ 86%]
2025-02-15T22:18:24.5930648Z                                                                          [ 86%]
2025-02-15T22:18:25.3141248Z tardis/transport/tests/test_doppler_factor.py ..................         [ 87%]
2025-02-15T22:18:26.6579500Z tardis/visualization/tools/tests/test_convergence_plot.py .............. [ 88%]
2025-02-15T22:18:28.8736986Z ......                                                                   [ 88%]
2025-02-15T22:18:33.5929313Z tardis/visualization/tools/tests/test_liv_plot.py ...................... [ 90%]
2025-02-15T22:18:36.6776563Z .............................                                            [ 91%]
2025-02-15T22:18:39.5426079Z tardis/visualization/tools/tests/test_rpacket_plot.py .................. [ 92%]
2025-02-15T22:18:46.6016646Z ....                                                                     [ 92%]
2025-02-15T22:18:52.5721740Z tardis/visualization/tools/tests/test_sdec_plot.py ..................... [ 94%]
2025-02-15T22:19:00.1048644Z ..............................                                           [ 95%]
2025-02-15T22:19:00.5396899Z tardis/visualization/widgets/tests/test_custom_abundance.py ........ss.. [ 96%]
2025-02-15T22:19:00.6138518Z ....                                                                     [ 96%]
2025-02-15T22:19:01.6634735Z tardis/visualization/widgets/tests/test_line_info.py ................... [ 97%]
2025-02-15T22:19:02.2901436Z ..................                                                       [ 98%]
2025-02-15T22:20:06.0407272Z tardis/visualization/widgets/tests/test_shell_info.py .................. [ 99%]
2025-02-15T22:20:07.1292625Z <unknown>:140: SyntaxWarning:
2025-02-15T22:20:07.1293034Z 
2025-02-15T22:20:07.1293238Z invalid escape sequence '\s'
2025-02-15T22:20:07.1293575Z 
2025-02-15T22:20:07.1315170Z /home/runner/work/tardis/tardis/tardis/io/model/readers/artis.py:140: SyntaxWarning:
2025-02-15T22:20:07.1315915Z 
2025-02-15T22:20:07.1316146Z invalid escape sequence '\s'
2025-02-15T22:20:07.1316367Z 
2025-02-15T22:20:08.9323764Z <unknown>:140: SyntaxWarning:
2025-02-15T22:20:08.9324174Z 
2025-02-15T22:20:08.9324346Z invalid escape sequence '\s'
2025-02-15T22:20:08.9324632Z 
2025-02-15T22:20:11.4017120Z <unknown>:140: SyntaxWarning:
2025-02-15T22:20:11.4017479Z 
2025-02-15T22:20:11.4017654Z invalid escape sequence '\s'
2025-02-15T22:20:11.4018158Z 
2025-02-15T22:20:12.3833088Z <unknown>:140: SyntaxWarning:
2025-02-15T22:20:12.3833385Z 
2025-02-15T22:20:12.3833534Z invalid escape sequence '\s'
2025-02-15T22:20:12.3833742Z 
2025-02-15T22:20:12.3847391Z /home/runner/work/tardis/tardis/tardis/io/model/readers/artis.py:140: SyntaxWarning:
2025-02-15T22:20:12.3848001Z 
2025-02-15T22:20:12.3848110Z invalid escape sequence '\s'
2025-02-15T22:20:12.3848282Z 
2025-02-15T22:20:13.7807311Z ......                                                                   [100%]
2025-02-15T22:20:13.7808066Z 
2025-02-15T22:20:13.7808264Z =================================== FAILURES ===================================
2025-02-15T22:20:13.7808863Z ________________________ test_simple_read_artis_density ________________________
2025-02-15T22:20:13.7809628Z 
2025-02-15T22:20:13.7810023Z artis_density_fname = PosixPath('tardis/io/model/readers/tests/data/artis_model.dat')
2025-02-15T22:20:13.7810630Z 
2025-02-15T22:20:13.7810905Z     def test_simple_read_artis_density(artis_density_fname: str):
2025-02-15T22:20:13.7811688Z >       time_of_model, velocity, mean_density, isotope_mass_fractions = read_artis_density(
2025-02-15T22:20:13.7812347Z             artis_density_fname
2025-02-15T22:20:13.7812607Z         )
2025-02-15T22:20:13.7812890Z E       ValueError: not enough values to unpack (expected 4, got 3)
2025-02-15T22:20:13.7813151Z 
2025-02-15T22:20:13.7813287Z tardis/io/tests/test_model_reader.py:48: ValueError
2025-02-15T22:20:13.7813619Z =============================== warnings summary ===============================
2025-02-15T22:20:13.7813950Z tardis/io/configuration/config_validator.py:6
2025-02-15T22:20:13.7814268Z tardis/io/configuration/config_validator.py:6
2025-02-15T22:20:13.7814796Z   /home/runner/work/tardis/tardis/tardis/io/configuration/config_validator.py:6: DeprecationWarning:
2025-02-15T22:20:13.7815268Z   
2025-02-15T22:20:13.7816604Z   jsonschema.RefResolver is deprecated as of v4.18.0, in favor of the https://github.com/python-jsonschema/referencing library, which provides more compliant referencing behavior as well as more flexible APIs for customization. A future release will remove RefResolver. Please file a feature request (on referencing) if you are missing an API for the kind of customization you need.
2025-02-15T22:20:13.7818777Z 
2025-02-15T22:20:13.7819037Z ../../../micromamba/envs/tardis/lib/python3.12/site-packages/jupyter_client/connect.py:22
2025-02-15T22:20:13.7819723Z   /home/runner/micromamba/envs/tardis/lib/python3.12/site-packages/jupyter_client/connect.py:22: DeprecationWarning:
2025-02-15T22:20:13.7820235Z   
2025-02-15T22:20:13.7820486Z   Jupyter is migrating its paths to use standard platformdirs
2025-02-15T22:20:13.7820889Z   given by the platformdirs library.  To remove this warning and
2025-02-15T22:20:13.7821300Z   see the appropriate new directories, set the environment variable
2025-02-15T22:20:13.7821703Z   `JUPYTER_PLATFORM_DIRS=1` and then run `jupyter --paths`.
2025-02-15T22:20:13.7822096Z   The use of platformdirs will be the default in `jupyter_core` v6
2025-02-15T22:20:13.7822336Z 
2025-02-15T22:20:13.7822639Z tardis/io/model/readers/artis.py:140
2025-02-15T22:20:13.7823075Z   /home/runner/work/tardis/tardis/tardis/io/model/readers/artis.py:140: SyntaxWarning:
2025-02-15T22:20:13.7823480Z   
2025-02-15T22:20:13.7823669Z   invalid escape sequence '\s'
2025-02-15T22:20:13.7823830Z 
2025-02-15T22:20:13.7829869Z tardis/io/tests/test_HDFWriter.py::test_multi_index_write
2025-02-15T22:20:13.7830425Z tardis/visualization/widgets/tests/test_shell_info.py::TestHDFShellInfo::test_shells_data
2025-02-15T22:20:13.7830993Z   /home/runner/work/tardis/tardis/tardis/io/util.py:276: PerformanceWarning:
2025-02-15T22:20:13.7831375Z   
2025-02-15T22:20:13.7831555Z   
2025-02-15T22:20:13.7831867Z   your performance may suffer as PyTables will pickle object types that it cannot
2025-02-15T22:20:13.7832421Z   map directly to c-types [inferred_type->mixed,key->block0_values] [items->Index([0], dtype='int64')]
2025-02-15T22:20:13.7832774Z 
2025-02-15T22:20:13.7832983Z tardis/io/tests/test_model_reader.py::test_read_cmfgen_isotope_abundances
2025-02-15T22:20:13.7833491Z tardis/plasma/tests/test_tardis_model_density_config.py::test_electron_densities
2025-02-15T22:20:13.7834034Z tardis/plasma/tests/test_tardis_model_density_config.py::test_isotope_number_densities
2025-02-15T22:20:13.7834535Z tardis/plasma/tests/test_tardis_model_density_config.py::test_t_rad
2025-02-15T22:20:13.7835118Z   /home/runner/work/tardis/tardis/tardis/io/model/readers/cmfgen_deprecated.py:82: DeprecationWarning:
2025-02-15T22:20:13.7835587Z   
2025-02-15T22:20:13.7835803Z   The current CMFGEN model parser is deprecated
2025-02-15T22:20:13.7836008Z 
2025-02-15T22:20:13.7836124Z tardis/io/tests/test_model_reader.py: 1 warning
2025-02-15T22:20:13.7836678Z tardis/plasma/tests/test_tardis_model_density_config.py: 9 warnings
2025-02-15T22:20:13.7837264Z   /home/runner/work/tardis/tardis/tardis/io/model/readers/cmfgen_deprecated.py:40: DeprecationWarning:
2025-02-15T22:20:13.7837741Z   
2025-02-15T22:20:13.7838169Z   The current CMFGEN model parser is deprecated
2025-02-15T22:20:13.7838373Z 
2025-02-15T22:20:13.7838591Z tardis/model/tests/test_base.py::TestModelFromPaper1Config::test_abundances
2025-02-15T22:20:13.7839260Z   /home/runner/work/tardis/tardis/tardis/transport/montecarlo/montecarlo_main_loop.py:123: NumbaTypeSafetyWarning:
2025-02-15T22:20:13.7839777Z   
2025-02-15T22:20:13.7840297Z   [1m[1m[1munsafe cast from uint64 to int64. Precision may be lost.[0m[0m[0m
2025-02-15T22:20:13.7840566Z 
2025-02-15T22:20:13.7840678Z tardis/model/tests/test_base.py: 6 warnings
2025-02-15T22:20:13.7840985Z tardis/model/tests/test_csvy_model.py: 2 warnings
2025-02-15T22:20:13.7841366Z tardis/plasma/tests/test_tardis_model_density_config.py: 3 warnings
2025-02-15T22:20:13.7841904Z   /home/runner/work/tardis/tardis/tardis/model/geometry/radial1d.py:50: DeprecationWarning:
2025-02-15T22:20:13.7842332Z   
2025-02-15T22:20:13.7842540Z   v_inner_boundary < 0, assuming default value
2025-02-15T22:20:13.7842736Z 
2025-02-15T22:20:13.7842841Z tardis/model/tests/test_base.py: 6 warnings
2025-02-15T22:20:13.7843150Z tardis/model/tests/test_csvy_model.py: 2 warnings
2025-02-15T22:20:13.7843532Z tardis/plasma/tests/test_tardis_model_density_config.py: 3 warnings
2025-02-15T22:20:13.7844060Z   /home/runner/work/tardis/tardis/tardis/model/geometry/radial1d.py:61: DeprecationWarning:
2025-02-15T22:20:13.7844489Z   
2025-02-15T22:20:13.7844690Z   v_outer_boundary < 0, assuming default value
2025-02-15T22:20:13.7844885Z 
2025-02-15T22:20:13.7845347Z tardis/plasma/equilibrium/tests/test_level_populations.py::TestLevelPopulationSolver::test_solve[collisional_rate_solver0-radiative_transitions0]
2025-02-15T22:20:13.7846181Z   /home/runner/work/tardis/tardis/tardis/plasma/equilibrium/level_populations.py:65: FutureWarning:
2025-02-15T22:20:13.7846635Z   
2025-02-15T22:20:13.7847003Z   A value is trying to be set on a copy of a DataFrame or Series through chained assignment using an inplace method.
2025-02-15T22:20:13.7848190Z   The behavior will change in pandas 3.0. This inplace method will never work because the intermediate object on which we are setting values always behaves as a copy.
2025-02-15T22:20:13.7848832Z   
2025-02-15T22:20:13.7849449Z   For example, when doing 'df[col].method(value, inplace=True)', try using 'df.method({col: value}, inplace=True)' or df[col] = df[col].method(value) instead, to perform the operation inplace on the original object.
2025-02-15T22:20:13.7850042Z 
2025-02-15T22:20:13.7850195Z tardis/plasma/tests/test_complete_plasmas.py: 20 warnings
2025-02-15T22:20:13.7850715Z   /home/runner/work/tardis/tardis/tardis/plasma/tests/test_complete_plasmas.py:197: UserWarning:
2025-02-15T22:20:13.7851159Z   
2025-02-15T22:20:13.7851345Z   Property "atomic_mass" not found
2025-02-15T22:20:13.7851516Z 
2025-02-15T22:20:13.7851956Z tardis/plasma/tests/test_complete_plasmas.py::TestPlasma::test_plasma_properties[radiative_rates_type:detailed-w_epsilon:1e-10-j_blues_norm_factor]
2025-02-15T22:20:13.7852841Z tardis/plasma/tests/test_complete_plasmas.py::TestPlasma::test_plasma_properties[radiative_rates_type:detailed-j_blues_norm_factor]
2025-02-15T22:20:13.7853574Z   /home/runner/work/tardis/tardis/tardis/plasma/tests/test_complete_plasmas.py:197: UserWarning:
2025-02-15T22:20:13.7854006Z   
2025-02-15T22:20:13.7854204Z   Property "j_blues_norm_factor" not found
2025-02-15T22:20:13.7854395Z 
2025-02-15T22:20:13.7854806Z tardis/plasma/tests/test_complete_plasmas.py::TestPlasma::test_plasma_properties[radiative_rates_type:detailed-w_epsilon:1e-10-j_blue_estimator]
2025-02-15T22:20:13.7855657Z tardis/plasma/tests/test_complete_plasmas.py::TestPlasma::test_plasma_properties[radiative_rates_type:detailed-j_blue_estimator]
2025-02-15T22:20:13.7856500Z   /home/runner/work/tardis/tardis/tardis/plasma/tests/test_complete_plasmas.py:197: UserWarning:
2025-02-15T22:20:13.7856928Z   
2025-02-15T22:20:13.7857116Z   Property "j_blue_estimator" not found
2025-02-15T22:20:13.7857295Z 
2025-02-15T22:20:13.7857697Z tardis/plasma/tests/test_complete_plasmas.py::TestPlasma::test_plasma_properties[radiative_rates_type:detailed-w_epsilon:1e-10-volume]
2025-02-15T22:20:13.7858699Z tardis/plasma/tests/test_complete_plasmas.py::TestPlasma::test_plasma_properties[radiative_rates_type:detailed-volume]
2025-02-15T22:20:13.7859387Z   /home/runner/work/tardis/tardis/tardis/plasma/tests/test_complete_plasmas.py:197: UserWarning:
2025-02-15T22:20:13.7859816Z   
2025-02-15T22:20:13.7860002Z   Property "volume" not found
2025-02-15T22:20:13.7860155Z 
2025-02-15T22:20:13.7860548Z tardis/plasma/tests/test_complete_plasmas.py::TestPlasma::test_plasma_properties[radiative_rates_type:detailed-w_epsilon:1e-10-r_inner]
2025-02-15T22:20:13.7861353Z tardis/plasma/tests/test_complete_plasmas.py::TestPlasma::test_plasma_properties[radiative_rates_type:detailed-r_inner]
2025-02-15T22:20:13.7862059Z   /home/runner/work/tardis/tardis/tardis/plasma/tests/test_complete_plasmas.py:197: UserWarning:
2025-02-15T22:20:13.7862491Z   
2025-02-15T22:20:13.7862674Z   Property "r_inner" not found
2025-02-15T22:20:13.7862830Z 
2025-02-15T22:20:13.7863052Z tardis/plasma/tests/test_plasma_vboundary.py::test_plasma_vboundary[2900-3750]
2025-02-15T22:20:13.7863560Z tardis/plasma/tests/test_plasma_vboundary.py::test_plasma_vboundary[2900-3850]
2025-02-15T22:20:13.7864060Z tardis/plasma/tests/test_plasma_vboundary.py::test_plasma_vboundary[2900-3900]
2025-02-15T22:20:13.7864585Z   /home/runner/work/tardis/tardis/tardis/model/geometry/radial1d.py:71: UserWarning:
2025-02-15T22:20:13.7864978Z   
2025-02-15T22:20:13.7865267Z   Requesting inner boundary below inner shell. Extrapolating the inner cell
2025-02-15T22:20:13.7865545Z 
2025-02-15T22:20:13.7865762Z tardis/spectrum/tests/test_spectrum_solver.py::TestSpectrumSolver::test_solve
2025-02-15T22:20:13.7866259Z   /home/runner/work/tardis/tardis/tardis/spectrum/base.py:70: UserWarning:
2025-02-15T22:20:13.7866614Z   
2025-02-15T22:20:13.7867030Z   SpectrumSolver.spectrum_virtual_packets is zero. Please run the montecarlo simulation with no_of_virtual_packets > 0
2025-02-15T22:20:13.7867442Z 
2025-02-15T22:20:13.7868003Z tardis/spectrum/tests/test_spectrum_solver.py::TestSpectrumSolver::test_solve
2025-02-15T22:20:13.7868922Z   /home/runner/work/tardis/tardis/tardis/spectrum/base.py:111: UserWarning:
2025-02-15T22:20:13.7869473Z   
2025-02-15T22:20:13.7869926Z   SpectrumSolver.integrator: The FormalIntegrator is not yet available.Please run the montecarlo simulation at least once.
2025-02-15T22:20:13.7870375Z 
2025-02-15T22:20:13.7870606Z tardis/transport/montecarlo/tests/test_vpacket.py::test_trace_vpacket_volley
2025-02-15T22:20:13.7871024Z   <string>:3: NumbaPendingDeprecationWarning:
2025-02-15T22:20:13.7871289Z   
2025-02-15T22:20:13.7872505Z   [1m[1mCode using Numba extension API maybe depending on 'old_style' error-capturing, which is deprecated and will be replaced by 'new_style' in a future release. See details at https://numba.readthedocs.io/en/latest/reference/deprecation.html#deprecation-of-old-style-numba-captured-errors
2025-02-15T22:20:13.7873528Z   Exception origin:
2025-02-15T22:20:13.7873930Z     File "/home/runner/micromamba/envs/tardis/lib/python3.12/inspect.py", line 3180, in _bind
2025-02-15T22:20:13.7874368Z       raise TypeError(msg) from None
2025-02-15T22:20:13.7874636Z   [0m[0m
2025-02-15T22:20:13.7874745Z 
2025-02-15T22:20:13.7875081Z tardis/visualization/tools/tests/test_sdec_plot.py::TestSDECPlotter::test_mpl_image[plotter_generate_plot_mpl4]
2025-02-15T22:20:13.7875796Z   /home/runner/work/tardis/tardis/tardis/visualization/tools/sdec_plot.py:1225: RuntimeWarning:
2025-02-15T22:20:13.7876243Z   
2025-02-15T22:20:13.7877186Z   More than 20 figures have been opened. Figures created through the pyplot interface (`matplotlib.pyplot.figure`) are retained until explicitly closed and may consume too much memory. (To control this warning, see the rcParam `figure.max_open_warning`). Consider using `matplotlib.pyplot.close()`.
2025-02-15T22:20:13.7878510Z 
2025-02-15T22:20:13.7878882Z tardis/visualization/widgets/tests/test_custom_abundance.py::TestCustomAbundanceWidget::test_update_input_item_value
2025-02-15T22:20:13.7879670Z tardis/visualization/widgets/tests/test_custom_abundance.py::TestCustomAbundanceWidget::test_update_input_item_value
2025-02-15T22:20:13.7880445Z tardis/visualization/widgets/tests/test_custom_abundance.py::TestCustomAbundanceWidget::test_update_input_item_value
2025-02-15T22:20:13.7881210Z tardis/visualization/widgets/tests/test_custom_abundance.py::TestCustomAbundanceWidget::test_update_input_item_value
2025-02-15T22:20:13.7881974Z tardis/visualization/widgets/tests/test_custom_abundance.py::TestCustomAbundanceWidget::test_update_input_item_value
2025-02-15T22:20:13.7882743Z tardis/visualization/widgets/tests/test_custom_abundance.py::TestCustomAbundanceWidget::test_update_input_item_value
2025-02-15T22:20:13.7883553Z   /home/runner/micromamba/envs/tardis/lib/python3.12/site-packages/traitlets/traitlets.py:1385: DeprecationWarning:
2025-02-15T22:20:13.7884078Z   
2025-02-15T22:20:13.7884375Z   Passing unrecognized arguments to super(Checkbox).__init__(icon='lock').
2025-02-15T22:20:13.7884838Z   object.__init__() takes exactly one argument (the instance to initialize)
2025-02-15T22:20:13.7885340Z   This is deprecated in traitlets 4.2.This error will be raised in a future release of traitlets.
2025-02-15T22:20:13.7885662Z 
2025-02-15T22:20:13.7886021Z tardis/visualization/widgets/tests/test_custom_abundance.py::TestCustomAbundanceWidget::test_update_input_item_value
2025-02-15T22:20:13.7886800Z tardis/visualization/widgets/tests/test_custom_abundance.py::TestCustomAbundanceWidget::test_update_input_item_value
2025-02-15T22:20:13.7887579Z   /home/runner/micromamba/envs/tardis/lib/python3.12/site-packages/traitlets/traitlets.py:1385: DeprecationWarning:
2025-02-15T22:20:13.7888338Z   
2025-02-15T22:20:13.7888616Z   Passing unrecognized arguments to super(FloatText).__init__(min=0).
2025-02-15T22:20:13.7889060Z   object.__init__() takes exactly one argument (the instance to initialize)
2025-02-15T22:20:13.7889554Z   This is deprecated in traitlets 4.2.This error will be raised in a future release of traitlets.
2025-02-15T22:20:13.7890009Z 
2025-02-15T22:20:13.7890374Z tardis/visualization/widgets/tests/test_custom_abundance.py::TestCustomAbundanceWidget::test_update_input_item_value
2025-02-15T22:20:13.7891153Z   /home/runner/micromamba/envs/tardis/lib/python3.12/site-packages/traitlets/traitlets.py:1385: DeprecationWarning:
2025-02-15T22:20:13.7891652Z   
2025-02-15T22:20:13.7891928Z   Passing unrecognized arguments to super(HTML).__init__(indent=True).
2025-02-15T22:20:13.7892364Z   object.__init__() takes exactly one argument (the instance to initialize)
2025-02-15T22:20:13.7892854Z   This is deprecated in traitlets 4.2.This error will be raised in a future release of traitlets.
2025-02-15T22:20:13.7893181Z 
2025-02-15T22:20:13.7893607Z tardis/visualization/widgets/tests/test_line_info.py::TestLineInfoWidgetData::test_get_species_interactions[wavelength_range0-packet_out_nu]
2025-02-15T22:20:13.7894434Z   /home/runner/micromamba/envs/tardis/lib/python3.12/site-packages/qgridnext/grid.py:814: DeprecationWarning:
2025-02-15T22:20:13.7894919Z   
2025-02-15T22:20:13.7895272Z   QgridWidget._df_changed is deprecated in traitlets 4.1: use @observe and @unobserve instead.
2025-02-15T22:20:13.7895604Z 
2025-02-15T22:20:13.7895863Z tardis/visualization/widgets/tests/test_shell_info.py::TestHDFShellInfo::test_shells_data
2025-02-15T22:20:13.7896408Z   /home/runner/work/tardis/tardis/tardis/io/util.py:289: PerformanceWarning:
2025-02-15T22:20:13.7896775Z   
2025-02-15T22:20:13.7896939Z   
2025-02-15T22:20:13.7897235Z   your performance may suffer as PyTables will pickle object types that it cannot
2025-02-15T22:20:13.7898088Z   map directly to c-types [inferred_type->mixed,key->block0_values] [items->Index([0], dtype='int64')]
2025-02-15T22:20:13.7898448Z 
2025-02-15T22:20:13.7898724Z tardis/visualization/widgets/tests/test_shell_info.py::TestHDFShellInfo::test_shells_data
2025-02-15T22:20:13.7899288Z   /home/runner/work/tardis/tardis/tardis/io/util.py:292: PerformanceWarning:
2025-02-15T22:20:13.7899657Z   
2025-02-15T22:20:13.7899824Z   
2025-02-15T22:20:13.7900133Z   your performance may suffer as PyTables will pickle object types that it cannot
2025-02-15T22:20:13.7900610Z   map directly to c-types [inferred_type->mixed,key->values] [items->None]
2025-02-15T22:20:13.7900878Z 
2025-02-15T22:20:13.7901139Z tardis/visualization/widgets/tests/test_shell_info.py::TestHDFShellInfo::test_shells_data
2025-02-15T22:20:13.7901723Z   /home/runner/work/tardis/tardis/tardis/spectrum/formal_integral.py:398: UserWarning:
2025-02-15T22:20:13.7902126Z   
2025-02-15T22:20:13.7902411Z   The number of interpolate_shells was not specified. The value was set to 80.
2025-02-15T22:20:13.7902696Z 
2025-02-15T22:20:13.7902896Z -- Docs: https://docs.pytest.org/en/stable/how-to/capture-warnings.html
2025-02-15T22:20:13.7903167Z 
2025-02-15T22:20:13.7903344Z ---------- coverage: platform linux, python 3.12.4-final-0 -----------
2025-02-15T22:20:13.7903713Z Coverage HTML written to dir coverage_html_report
2025-02-15T22:20:13.7904025Z Coverage XML written to file coverage.xml
2025-02-15T22:20:13.7904208Z 
2025-02-15T22:20:13.7904340Z =========================== short test summary info ============================
2025-02-15T22:20:13.7904941Z FAILED tardis/io/tests/test_model_reader.py::test_simple_read_artis_density - ValueError: not enough values to unpack (expected 4, got 3)
2025-02-15T22:20:13.7905662Z = 1 failed, 1437 passed, 329 skipped, 2 deselected, 19 xfailed, 8 xpassed, 92 warnings in 734.36s (0:12:14) =
2025-02-15T22:20:15.8368395Z ##[error]Process completed with exit code 1.
2025-02-15T22:20:15.8444360Z Post job cleanup.
2025-02-15T22:20:15.8475711Z Post job cleanup.
2025-02-15T22:20:15.9805862Z Will use pre-installed micromamba at /home/runner/micromamba-bin/micromamba
2025-02-15T22:20:15.9812899Z Removing micromamba run shell ...
2025-02-15T22:20:15.9817343Z ##[group]Deinitialize micromamba for bash
2025-02-15T22:20:15.9838961Z [command]/home/runner/micromamba-bin/micromamba shell deinit -s bash -r /home/runner/micromamba --log-level warning --rc-file /home/runner/work/_temp/setup-micromamba/.condarc
2025-02-15T22:20:15.9935749Z Resetting RC file "/home/runner/.bashrc"
2025-02-15T22:20:15.9936314Z Deleting config for root prefix 
2025-02-15T22:20:15.9936851Z Clearing mamba executable environment variable
2025-02-15T22:20:15.9939287Z Removing the following in your "/home/runner/.bashrc" file
2025-02-15T22:20:15.9939865Z # >>> mamba initialize >>>
2025-02-15T22:20:15.9940230Z ...
2025-02-15T22:20:15.9940524Z # <<< mamba initialize <<<
2025-02-15T22:20:15.9968933Z Removing mamba initialize block from .bash_profile
2025-02-15T22:20:15.9983753Z ##[endgroup]
2025-02-15T22:20:15.9987970Z Removing environment tardis from auto-activate bash ...
2025-02-15T22:20:16.0113281Z Post job cleanup.
2025-02-15T22:20:16.0168434Z Post job cleanup.
2025-02-15T22:20:16.1143803Z [command]/usr/bin/git version
2025-02-15T22:20:16.1180962Z git version 2.48.1
2025-02-15T22:20:16.1230248Z Temporarily overriding HOME='/home/runner/work/_temp/04527d99-65ce-43d0-b368-b010f46f04e2' before making global git config changes
2025-02-15T22:20:16.1231339Z Adding repository directory to the temporary git global config as a safe directory
2025-02-15T22:20:16.1235522Z [command]/usr/bin/git config --global --add safe.directory /home/runner/work/tardis/tardis/tardis-regression-data
2025-02-15T22:20:16.1269405Z [command]/usr/bin/git config --local --name-only --get-regexp core\.sshCommand
2025-02-15T22:20:16.1301024Z [command]/usr/bin/git submodule foreach --recursive sh -c "git config --local --name-only --get-regexp 'core\.sshCommand' && git config --local --unset-all 'core.sshCommand' || :"
2025-02-15T22:20:16.1526842Z [command]/usr/bin/git config --local --name-only --get-regexp http\.https\:\/\/github\.com\/\.extraheader
2025-02-15T22:20:16.1547054Z http.https://github.com/.extraheader
2025-02-15T22:20:16.1559684Z [command]/usr/bin/git config --local --unset-all http.https://github.com/.extraheader
2025-02-15T22:20:16.1589609Z [command]/usr/bin/git submodule foreach --recursive sh -c "git config --local --name-only --get-regexp 'http\.https\:\/\/github\.com\/\.extraheader' && git config --local --unset-all 'http.https://github.com/.extraheader' || :"
2025-02-15T22:20:16.1923364Z Post job cleanup.
2025-02-15T22:20:16.2999593Z [command]/usr/bin/git version
2025-02-15T22:20:16.3041413Z git version 2.48.1
2025-02-15T22:20:16.3086018Z Temporarily overriding HOME='/home/runner/work/_temp/12892932-925f-4c7c-af83-0a16ad4841a1' before making global git config changes
2025-02-15T22:20:16.3087338Z Adding repository directory to the temporary git global config as a safe directory
2025-02-15T22:20:16.3101066Z [command]/usr/bin/git config --global --add safe.directory /home/runner/work/tardis/tardis
2025-02-15T22:20:16.3138305Z [command]/usr/bin/git config --local --name-only --get-regexp core\.sshCommand
2025-02-15T22:20:16.3172570Z [command]/usr/bin/git submodule foreach --recursive sh -c "git config --local --name-only --get-regexp 'core\.sshCommand' && git config --local --unset-all 'core.sshCommand' || :"
2025-02-15T22:20:16.3422032Z [command]/usr/bin/git config --local --name-only --get-regexp http\.https\:\/\/github\.com\/\.extraheader
2025-02-15T22:20:16.3444777Z http.https://github.com/.extraheader
2025-02-15T22:20:16.3458293Z [command]/usr/bin/git config --local --unset-all http.https://github.com/.extraheader
2025-02-15T22:20:16.3491961Z [command]/usr/bin/git submodule foreach --recursive sh -c "git config --local --name-only --get-regexp 'http\.https\:\/\/github\.com\/\.extraheader' && git config --local --unset-all 'http.https://github.com/.extraheader' || :"
2025-02-15T22:20:16.3840271Z Cleaning up orphan processes
