2025-01-13T19:26:16.4154516Z ##[group]Run pytest tardis --tardis-regression-data=/home/runner/work/tardis/tardis/tardis-regression-data --cov=tardis --cov-report=xml --cov-report=html --cov-append -m "not continuum"
2025-01-13T19:26:16.4156023Z [36;1mpytest tardis --tardis-regression-data=/home/runner/work/tardis/tardis/tardis-regression-data --cov=tardis --cov-report=xml --cov-report=html --cov-append -m "not continuum"[0m
2025-01-13T19:26:16.4182712Z shell: /usr/bin/bash -l {0}
2025-01-13T19:26:16.4182983Z env:
2025-01-13T19:26:16.4183176Z   CACHE_NUMBER: 0
2025-01-13T19:26:16.4183808Z   PYTEST_FLAGS: --tardis-regression-data=/home/runner/work/tardis/tardis/tardis-regression-data --cov=tardis --cov-report=xml --cov-report=html --cov-append
2025-01-13T19:26:16.4184471Z   CODECOV_TOKEN: 
2025-01-13T19:26:16.4184714Z   MAMBA_ROOT_PREFIX: /home/runner/micromamba
2025-01-13T19:26:16.4185039Z   MAMBA_EXE: /home/runner/micromamba-bin/micromamba
2025-01-13T19:26:16.4185525Z   CONDARC: /home/runner/work/_temp/setup-micromamba/.condarc
2025-01-13T19:26:16.4185881Z ##[endgroup]
2025-01-13T19:26:24.9682277Z ============================= test session starts ==============================
2025-01-13T19:26:24.9683193Z platform linux -- Python 3.12.4, pytest-8.2.2, pluggy-1.5.0
2025-01-13T19:26:24.9683710Z rootdir: /home/runner/work/tardis/tardis
2025-01-13T19:26:24.9684135Z configfile: pyproject.toml
2025-01-13T19:26:24.9684625Z plugins: anyio-4.4.0, doctestplus-1.2.1, cov-5.0.0, html-4.1.1, metadata-3.1.1
2025-01-13T19:26:24.9685191Z collected 1796 items / 2 deselected / 1794 selected
2025-01-13T19:26:24.9685704Z 
2025-01-13T19:26:30.1294544Z tardis/energy_input/tests/test_energy_source.py ..xxx                    [  0%]
2025-01-13T19:26:32.9972606Z tardis/energy_input/tests/test_gamma_ray_channel.py ...........          [  0%]
2025-01-13T19:26:34.6161502Z tardis/energy_input/tests/test_gamma_ray_grid.py xx.                     [  1%]
2025-01-13T19:26:36.3958999Z tardis/energy_input/tests/test_gamma_ray_interactions.py xx....          [  1%]
2025-01-13T19:26:36.4048634Z tardis/energy_input/tests/test_gamma_ray_packet_source.py sssssssss      [  1%]
2025-01-13T19:26:37.7207217Z tardis/energy_input/tests/test_util.py .....xxxx.....                    [  2%]
2025-01-13T19:26:38.0611586Z tardis/grid/tests/test_grid.py .                                         [  2%]
2025-01-13T19:26:38.0628417Z tardis/gui/tests/test_gui.py s                                           [  2%]
2025-01-13T19:26:41.7646813Z tardis/io/configuration/tests/test_config_reader.py ...........          [  3%]
2025-01-13T19:26:41.7771670Z tardis/io/configuration/tests/test_configuration_namespace.py .........  [  3%]
2025-01-13T19:26:41.8035824Z tardis/io/logger/tests/test_logging.py ssssssssssssssssssssssssssss      [  5%]
2025-01-13T19:27:20.1657456Z tardis/io/model/readers/tests/test_arepo_parser.py ..                    [  5%]
2025-01-13T19:27:20.1806667Z tardis/io/model/readers/tests/test_ascii_readers.py ...                  [  5%]
2025-01-13T19:27:20.1914185Z tardis/io/model/readers/tests/test_cmfgen_reader.py ..                   [  5%]
2025-01-13T19:27:20.2214384Z tardis/io/model/readers/tests/test_csvy_reader.py ....                   [  6%]
2025-01-13T19:27:20.2430405Z tardis/io/model/readers/tests/test_stella_reader.py ..                   [  6%]
2025-01-13T19:27:20.5506352Z tardis/io/tests/test_HDFWriter.py ...............                        [  7%]
2025-01-13T19:27:20.8642739Z tardis/io/tests/test_atomic.py .....                                     [  7%]
2025-01-13T19:27:20.8839661Z tardis/io/tests/test_decay.py ..                                         [  7%]
2025-01-13T19:27:21.0808471Z tardis/io/tests/test_model_reader.py ......                              [  7%]
2025-01-13T19:27:21.0875710Z tardis/model/geometry/tests/test_radial1d.py ..                          [  7%]
2025-01-13T19:28:20.0535594Z tardis/model/tests/test_base.py ........................................ [ 10%]
2025-01-13T19:28:21.0401622Z ............                                                             [ 10%]
2025-01-13T19:28:24.1040792Z tardis/model/tests/test_csvy_model.py .........                          [ 11%]
2025-01-13T19:28:24.1519199Z tardis/model/tests/test_density.py ..                                    [ 11%]
2025-01-13T19:28:25.4703373Z tardis/opacities/tests/test_opacity_solver.py .....                      [ 11%]
2025-01-13T19:28:26.8247332Z tardis/opacities/tests/test_opacity_state_numba.py .....                 [ 11%]
2025-01-13T19:28:28.8785863Z tardis/opacities/tests/test_tau_sobolev.py FF                            [ 12%]
2025-01-13T19:28:31.6191837Z tardis/plasma/equilibrium/tests/test_collisional_transitions.py ...      [ 12%]
2025-01-13T19:29:17.9046567Z tardis/plasma/equilibrium/tests/test_level_populations.py ....           [ 12%]
2025-01-13T19:29:29.3393476Z tardis/plasma/equilibrium/tests/test_rate_matrix.py .                    [ 12%]
2025-01-13T19:29:30.7791519Z tardis/plasma/tests/test_complete_plasmas.py .....................s..... [ 13%]
2025-01-13T19:29:33.7483072Z s....ssssss............s............ss.....s....ssssss............s..... [ 18%]
2025-01-13T19:29:35.4879881Z .......ss.....s....ssssss............s............ss.....s....ssssss.... [ 22%]
2025-01-13T19:29:38.7396914Z ........s............ss.....s........ss............s............ss.....s [ 26%]
2025-01-13T19:29:41.6926324Z ........ss............s............ss.....s....ssssss............s...... [ 30%]
2025-01-13T19:29:42.4505077Z ......ss.....s....ssssss............s............ss.....s.ss.ssssss..... [ 34%]
2025-01-13T19:29:45.3672719Z .......s............ss.....s....ssssss............s............ss.....s. [ 38%]
2025-01-13T19:29:48.3004380Z ...ssssss............s............ss.....s....ssssss............s....... [ 42%]
2025-01-13T19:29:51.7469959Z .....ss.....s....ssssss............s............s...........ssssss...... [ 46%]
2025-01-13T19:29:53.6007312Z ......s............s...........ssssss............s............s......... [ 50%]
2025-01-13T19:29:56.5393794Z ..ssssss............s............ss.....s....ssssss............s........ [ 54%]
2025-01-13T19:29:59.6838781Z ....ss.....s....ssssss..........................s.....s....ssss......... [ 58%]
2025-01-13T19:30:00.0069455Z ...................s.....s....ssss.......                                [ 60%]
2025-01-13T19:30:00.1222921Z tardis/plasma/tests/test_hdf_plasma.py ................................. [ 62%]
2025-01-13T19:30:00.1337365Z ......                                                                   [ 62%]
2025-01-13T19:30:00.2644569Z tardis/plasma/tests/test_nlte_excitation.py ...                          [ 62%]
2025-01-13T19:32:15.4058502Z tardis/plasma/tests/test_nlte_solver.py .....X                           [ 63%]
2025-01-13T19:32:15.4083733Z tardis/plasma/tests/test_plasma_continuum.py .                           [ 63%]
2025-01-13T19:32:37.8939456Z tardis/plasma/tests/test_plasma_vboundary.py .............               [ 63%]
2025-01-13T19:32:51.4402716Z tardis/plasma/tests/test_tardis_model_density_config.py ...              [ 64%]
2025-01-13T19:32:52.1775690Z tardis/simulation/tests/test_convergence.py .....                        [ 64%]
2025-01-13T19:33:00.7363600Z tardis/simulation/tests/test_simulation.py .............                 [ 65%]
2025-01-13T19:33:00.7556017Z tardis/spectrum/tests/test_cuda_formal_integral.py sssssssssssssssssssss [ 66%]
2025-01-13T19:33:01.2219601Z ssss...ssssssssssssssssssssss                                            [ 67%]
2025-01-13T19:33:01.2292226Z tardis/spectrum/tests/test_luminosity.py ....                            [ 68%]
2025-01-13T19:33:02.8461127Z tardis/spectrum/tests/test_numba_formal_integral.py .................... [ 69%]
2025-01-13T19:33:02.8655765Z ..........                                                               [ 69%]
2025-01-13T19:33:03.0406814Z tardis/spectrum/tests/test_spectrum.py ................................. [ 71%]
2025-01-13T19:33:03.0744980Z .........                                                                [ 72%]
2025-01-13T19:33:22.0886384Z tardis/spectrum/tests/test_spectrum_solver.py ....                       [ 72%]
2025-01-13T19:34:23.4517699Z tardis/tests/test_tardis_full.py ....                                    [ 72%]
2025-01-13T19:35:47.2375289Z tardis/tests/test_tardis_full_formal_integral.py ................        [ 73%]
2025-01-13T19:35:47.3130114Z tardis/tests/test_util.py .............................................  [ 75%]
2025-01-13T19:35:49.9235055Z tardis/transport/montecarlo/tests/test_base.py x.....................    [ 77%]
2025-01-13T19:35:57.5255906Z tardis/transport/montecarlo/tests/test_interaction.py .......            [ 77%]
2025-01-13T19:35:57.7365739Z tardis/transport/montecarlo/tests/test_macro_atom.py ....                [ 77%]
2025-01-13T19:35:57.7543327Z tardis/transport/montecarlo/tests/test_montecarlo.py sssssssssssssssssss [ 78%]
2025-01-13T19:35:57.8021173Z sssssssssssssssssssssssssssssssssssssssssssss                            [ 81%]
2025-01-13T19:36:06.6077989Z tardis/transport/montecarlo/tests/test_montecarlo_main_loop.py x..       [ 81%]
2025-01-13T19:36:06.6146116Z tardis/transport/montecarlo/tests/test_nonhomologous.py ...              [ 81%]
2025-01-13T19:36:12.4465160Z tardis/transport/montecarlo/tests/test_numba_interface.py .....x.        [ 82%]
2025-01-13T19:36:12.9273423Z tardis/transport/montecarlo/tests/test_opacities.py ...............      [ 82%]
2025-01-13T19:36:13.9642917Z tardis/transport/montecarlo/tests/test_packet.py .................xXXXXX [ 84%]
2025-01-13T19:36:14.1048955Z XX.........                                                              [ 84%]
2025-01-13T19:36:14.1329495Z tardis/transport/montecarlo/tests/test_packet_source.py ........         [ 85%]
2025-01-13T19:36:14.4639048Z tardis/transport/montecarlo/tests/test_rpacket_last_interaction_tracker.py . [ 85%]
2025-01-13T19:36:14.8805001Z .....                                                                    [ 85%]
2025-01-13T19:36:49.7512483Z tardis/transport/montecarlo/tests/test_rpacket_tracker.py ......         [ 85%]
2025-01-13T19:36:49.7799189Z tardis/transport/montecarlo/tests/test_single_packet_loop.py xxx         [ 86%]
2025-01-13T19:36:49.7831633Z tardis/transport/montecarlo/tests/test_tracker_utils.py ..               [ 86%]
2025-01-13T19:36:52.6333203Z tardis/transport/montecarlo/tests/test_vpacket.py ..x.                   [ 86%]
2025-01-13T19:36:52.6504176Z tardis/transport/montecarlo/tests/test_weighted_packet_source.py ....    [ 86%]
2025-01-13T19:36:56.0381430Z tardis/transport/montecarlo/tests/test_weighted_packet_source_integration.py . [ 86%]
2025-01-13T19:36:56.0382562Z                                                                          [ 86%]
2025-01-13T19:36:56.7978545Z tardis/transport/tests/test_doppler_factor.py ..................         [ 87%]
2025-01-13T19:36:58.1504031Z tardis/visualization/tools/tests/test_convergence_plot.py .............. [ 88%]
2025-01-13T19:37:00.3528625Z ......                                                                   [ 88%]
2025-01-13T19:37:05.0842760Z tardis/visualization/tools/tests/test_liv_plot.py ...................... [ 90%]
2025-01-13T19:37:07.7548356Z .............................                                            [ 91%]
2025-01-13T19:37:10.5941788Z tardis/visualization/tools/tests/test_rpacket_plot.py .................. [ 92%]
2025-01-13T19:37:17.5868970Z ....                                                                     [ 92%]
2025-01-13T19:37:24.0719062Z tardis/visualization/tools/tests/test_sdec_plot.py ..................... [ 94%]
2025-01-13T19:37:31.5703564Z ..............................                                           [ 95%]
2025-01-13T19:37:31.9962654Z tardis/visualization/widgets/tests/test_custom_abundance.py ........ss.. [ 96%]
2025-01-13T19:37:32.0663170Z ....                                                                     [ 96%]
2025-01-13T19:37:33.1028904Z tardis/visualization/widgets/tests/test_line_info.py ................... [ 97%]
2025-01-13T19:37:33.7229433Z ..................                                                       [ 98%]
2025-01-13T19:38:37.0260699Z tardis/visualization/widgets/tests/test_shell_info.py .................. [ 99%]
2025-01-13T19:38:44.7999322Z ......                                                                   [100%]
2025-01-13T19:38:44.7999838Z 
2025-01-13T19:38:44.8000059Z =================================== FAILURES ===================================
2025-01-13T19:38:44.8000813Z _____________________ test_calculate_sobolev_line_opacity ______________________
2025-01-13T19:38:44.8001327Z 
2025-01-13T19:38:44.8001822Z nb_simulation_verysimple = <tardis.simulation.base.Simulation object at 0x7f77ad4f4500>
2025-01-13T19:38:44.8003012Z regression_data = <tardis.tests.fixtures.regression_data.RegressionData object at 0x7f77ceeeaab0>
2025-01-13T19:38:44.8003435Z 
2025-01-13T19:38:44.8003547Z     def test_calculate_sobolev_line_opacity(
2025-01-13T19:38:44.8003845Z         nb_simulation_verysimple, regression_data
2025-01-13T19:38:44.8004108Z     ):
2025-01-13T19:38:44.8004334Z         legacy_plasma = nb_simulation_verysimple.plasma
2025-01-13T19:38:44.8004629Z     
2025-01-13T19:38:44.8004823Z         actual = calculate_sobolev_line_opacity(
2025-01-13T19:38:44.8005095Z             legacy_plasma.lines,
2025-01-13T19:38:44.8005584Z             legacy_plasma.level_number_density,
2025-01-13T19:38:44.8005941Z             legacy_plasma.time_explosion,
2025-01-13T19:38:44.8006230Z             legacy_plasma.stimulated_emission_factor,
2025-01-13T19:38:44.8006498Z         )
2025-01-13T19:38:44.8006717Z >       expected = regression_data.sync_dataframe(actual)
2025-01-13T19:38:44.8006929Z 
2025-01-13T19:38:44.8007048Z tardis/opacities/tests/test_tau_sobolev.py:21: 
2025-01-13T19:38:44.8007390Z _ _ _ _ _ _ _ _ _ _ _ _ _ _ _ _ _ _ _ _ _ _ _ _ _ _ _ _ _ _ _ _ _ _ _ _ _ _ _ _ 
2025-01-13T19:38:44.8007769Z tardis/tests/fixtures/regression_data.py:88: in sync_dataframe
2025-01-13T19:38:44.8008130Z     return pd.read_hdf(self.fpath, key=key)
2025-01-13T19:38:44.8008429Z _ _ _ _ _ _ _ _ _ _ _ _ _ _ _ _ _ _ _ _ _ _ _ _ _ _ _ _ _ _ _ _ _ _ _ _ _ _ _ _ 
2025-01-13T19:38:44.8008640Z 
2025-01-13T19:38:44.8009033Z path_or_buf = '/home/runner/work/tardis/tardis/tardis-regression-data/test_tau_sobolev/test_calculate_sobolev_line_opacity.h5'
2025-01-13T19:38:44.8009656Z key = 'data', mode = 'r', errors = 'strict', where = None, start = None
2025-01-13T19:38:44.8010084Z stop = None, columns = None, iterator = False, chunksize = None, kwargs = {}
2025-01-13T19:38:44.8010428Z exists = False
2025-01-13T19:38:44.8010543Z 
2025-01-13T19:38:44.8010619Z     def read_hdf(
2025-01-13T19:38:44.8010827Z         path_or_buf: FilePath | HDFStore,
2025-01-13T19:38:44.8011082Z         key=None,
2025-01-13T19:38:44.8011269Z         mode: str = "r",
2025-01-13T19:38:44.8011480Z         errors: str = "strict",
2025-01-13T19:38:44.8011714Z         where: str | list | None = None,
2025-01-13T19:38:44.8011968Z         start: int | None = None,
2025-01-13T19:38:44.8012205Z         stop: int | None = None,
2025-01-13T19:38:44.8012443Z         columns: list[str] | None = None,
2025-01-13T19:38:44.8012702Z         iterator: bool = False,
2025-01-13T19:38:44.8012940Z         chunksize: int | None = None,
2025-01-13T19:38:44.8013174Z         **kwargs,
2025-01-13T19:38:44.8013355Z     ):
2025-01-13T19:38:44.8013552Z         """
2025-01-13T19:38:44.8013759Z         Read from the store, close it if we opened it.
2025-01-13T19:38:44.8014256Z     
2025-01-13T19:38:44.8014505Z         Retrieve pandas object stored in file, optionally based on where
2025-01-13T19:38:44.8014819Z         criteria.
2025-01-13T19:38:44.8014996Z     
2025-01-13T19:38:44.8019753Z         .. warning::
2025-01-13T19:38:44.8020106Z     
2025-01-13T19:38:44.8020558Z            Pandas uses PyTables for reading and writing HDF5 files, which allows
2025-01-13T19:38:44.8021339Z            serializing object-dtype data with pickle when using the "fixed" format.
2025-01-13T19:38:44.8021860Z            Loading pickled data received from untrusted sources can be unsafe.
2025-01-13T19:38:44.8022186Z     
2025-01-13T19:38:44.8022692Z            See: https://docs.python.org/3/library/pickle.html for more.
2025-01-13T19:38:44.8023011Z     
2025-01-13T19:38:44.8023170Z         Parameters
2025-01-13T19:38:44.8023369Z         ----------
2025-01-13T19:38:44.8023598Z         path_or_buf : str, path object, pandas.HDFStore
2025-01-13T19:38:44.8023989Z             Any valid string path is acceptable. Only supports the local file system,
2025-01-13T19:38:44.8024403Z             remote URLs and file-like objects are not supported.
2025-01-13T19:38:44.8024683Z     
2025-01-13T19:38:44.8024905Z             If you want to pass in a path object, pandas accepts any
2025-01-13T19:38:44.8025201Z             ``os.PathLike``.
2025-01-13T19:38:44.8025621Z     
2025-01-13T19:38:44.8025898Z             Alternatively, pandas accepts an open :class:`pandas.HDFStore` object.
2025-01-13T19:38:44.8026228Z     
2025-01-13T19:38:44.8026390Z         key : object, optional
2025-01-13T19:38:44.8026684Z             The group identifier in the store. Can be omitted if the HDF file
2025-01-13T19:38:44.8027025Z             contains a single pandas object.
2025-01-13T19:38:44.8027275Z         mode : {'r', 'r+', 'a'}, default 'r'
2025-01-13T19:38:44.8027572Z             Mode to use when opening the file. Ignored if path_or_buf is a
2025-01-13T19:38:44.8027909Z             :class:`pandas.HDFStore`. Default is 'r'.
2025-01-13T19:38:44.8028183Z         errors : str, default 'strict'
2025-01-13T19:38:44.8028501Z             Specifies how encoding and decoding errors are to be handled.
2025-01-13T19:38:44.8028865Z             See the errors argument for :func:`open` for a full list
2025-01-13T19:38:44.8029146Z             of options.
2025-01-13T19:38:44.8029381Z         where : list, optional
2025-01-13T19:38:44.8029621Z             A list of Term (or convertible) objects.
2025-01-13T19:38:44.8029877Z         start : int, optional
2025-01-13T19:38:44.8030103Z             Row number to start selection.
2025-01-13T19:38:44.8030341Z         stop  : int, optional
2025-01-13T19:38:44.8030563Z             Row number to stop selection.
2025-01-13T19:38:44.8030805Z         columns : list, optional
2025-01-13T19:38:44.8031038Z             A list of columns names to return.
2025-01-13T19:38:44.8031285Z         iterator : bool, optional
2025-01-13T19:38:44.8031515Z             Return an iterator object.
2025-01-13T19:38:44.8031859Z         chunksize : int, optional
2025-01-13T19:38:44.8032327Z             Number of rows to include in an iteration when using an iterator.
2025-01-13T19:38:44.8032851Z         **kwargs
2025-01-13T19:38:44.8033174Z             Additional keyword arguments passed to HDFStore.
2025-01-13T19:38:44.8033442Z     
2025-01-13T19:38:44.8033593Z         Returns
2025-01-13T19:38:44.8033765Z         -------
2025-01-13T19:38:44.8033930Z         object
2025-01-13T19:38:44.8034177Z             The selected object. Return type depends on the object stored.
2025-01-13T19:38:44.8034474Z     
2025-01-13T19:38:44.8034624Z         See Also
2025-01-13T19:38:44.8034802Z         --------
2025-01-13T19:38:44.8035031Z         DataFrame.to_hdf : Write a HDF file from a DataFrame.
2025-01-13T19:38:44.8035550Z         HDFStore : Low-level access to HDF files.
2025-01-13T19:38:44.8035810Z     
2025-01-13T19:38:44.8035968Z         Examples
2025-01-13T19:38:44.8036139Z         --------
2025-01-13T19:38:44.8036560Z         >>> df = pd.DataFrame([[1, 1.0, 'a']], columns=['x', 'y', 'z'])  # doctest: +SKIP
2025-01-13T19:38:44.8036915Z         >>> df.to_hdf('./store.h5', 'data')  # doctest: +SKIP
2025-01-13T19:38:44.8037222Z         >>> reread = pd.read_hdf('./store.h5')  # doctest: +SKIP
2025-01-13T19:38:44.8037492Z         """
2025-01-13T19:38:44.8037668Z         if mode not in ["r", "r+", "a"]:
2025-01-13T19:38:44.8037906Z             raise ValueError(
2025-01-13T19:38:44.8038176Z                 f"mode {mode} is not allowed while performing a read. "
2025-01-13T19:38:44.8038482Z                 f"Allowed modes are r, r+ and a."
2025-01-13T19:38:44.8038718Z             )
2025-01-13T19:38:44.8039009Z         # grab the scope
2025-01-13T19:38:44.8039209Z         if where is not None:
2025-01-13T19:38:44.8039444Z             where = _ensure_term(where, scope_level=1)
2025-01-13T19:38:44.8039692Z     
2025-01-13T19:38:44.8039874Z         if isinstance(path_or_buf, HDFStore):
2025-01-13T19:38:44.8040137Z             if not path_or_buf.is_open:
2025-01-13T19:38:44.8040431Z                 raise OSError("The HDFStore must be open for reading.")
2025-01-13T19:38:44.8040718Z     
2025-01-13T19:38:44.8040879Z             store = path_or_buf
2025-01-13T19:38:44.8041095Z             auto_close = False
2025-01-13T19:38:44.8041300Z         else:
2025-01-13T19:38:44.8041505Z             path_or_buf = stringify_path(path_or_buf)
2025-01-13T19:38:44.8041782Z             if not isinstance(path_or_buf, str):
2025-01-13T19:38:44.8042046Z                 raise NotImplementedError(
2025-01-13T19:38:44.8042346Z                     "Support for generic buffers has not been implemented."
2025-01-13T19:38:44.8042641Z                 )
2025-01-13T19:38:44.8042813Z             try:
2025-01-13T19:38:44.8043018Z                 exists = os.path.exists(path_or_buf)
2025-01-13T19:38:44.8043263Z     
2025-01-13T19:38:44.8043431Z             # if filepath is too long
2025-01-13T19:38:44.8043679Z             except (TypeError, ValueError):
2025-01-13T19:38:44.8043925Z                 exists = False
2025-01-13T19:38:44.8044126Z     
2025-01-13T19:38:44.8044281Z             if not exists:
2025-01-13T19:38:44.8044559Z >               raise FileNotFoundError(f"File {path_or_buf} does not exist")
2025-01-13T19:38:44.8045270Z E               FileNotFoundError: File /home/runner/work/tardis/tardis/tardis-regression-data/test_tau_sobolev/test_calculate_sobolev_line_opacity.h5 does not exist
2025-01-13T19:38:44.8046039Z 
2025-01-13T19:38:44.8046335Z ../../../micromamba/envs/tardis/lib/python3.12/site-packages/pandas/io/pytables.py:424: FileNotFoundError
2025-01-13T19:38:44.8046852Z ---------------------------- Captured stdout setup -----------------------------
2025-01-13T19:38:44.8047496Z [[1mtardis.io.model.parse_density_configuration[0m][[1;33mWARNING[0m]  
2025-01-13T19:38:44.8048382Z 	Number of density points larger than number of shells. Assuming inner point irrelevant ([1mparse_density_configuration.py[0m:114)
2025-01-13T19:38:44.8049232Z ---------------------------- Captured stderr setup -----------------------------
2025-01-13T19:38:44.8049476Z 
2025-01-13T19:38:44.8049818Z Iterations:â–ˆâ–ˆâ–ˆâ–ˆâ–ˆâ–ˆâ–ˆâ–ˆâ–ˆâ–ˆâ–ˆâ–ˆâ–ˆâ–ˆâ–ˆâ–ˆâ–ˆâ–ˆâ–ˆâ–ˆâ–ˆâ–ˆâ–ˆâ–ˆâ–ˆâ–ˆâ–ˆâ–ˆâ–ˆâ–ˆâ–ˆâ–ˆâ–ˆâ–ˆâ–ˆâ–ˆâ–ˆâ–ˆâ–ˆâ–ˆâ–ˆâ–ˆâ–ˆâ–ˆâ–ˆâ–ˆâ–ˆâ–ˆâ–ˆâ–ˆâ–ˆâ–ˆâ–ˆâ–ˆâ–ˆâ–ˆâ–ˆâ–ˆâ–ˆâ–ˆâ–ˆâ–ˆâ–ˆâ–ˆ                4/5 [00:12<00:02,  2.71s/it]
2025-01-13T19:38:44.8050087Z 
2025-01-13T19:38:44.8050317Z Packets:                                                                                   4030/? [00:12<00:00, 33930.97it/s][A
2025-01-13T19:38:44.8050681Z ------------------------------ Captured log setup ------------------------------
2025-01-13T19:38:44.8051402Z WARNING  tardis.io.model.parse_density_configuration:parse_density_configuration.py:114 Number of density points larger than number of shells. Assuming inner point irrelevant
2025-01-13T19:38:44.8052122Z _________________________ test_calculate_beta_sobolevs _________________________
2025-01-13T19:38:44.8052350Z 
2025-01-13T19:38:44.8052583Z nb_simulation_verysimple = <tardis.simulation.base.Simulation object at 0x7f77ad4f4500>
2025-01-13T19:38:44.8053325Z regression_data = <tardis.tests.fixtures.regression_data.RegressionData object at 0x7f77cef74590>
2025-01-13T19:38:44.8053671Z 
2025-01-13T19:38:44.8053858Z     def test_calculate_beta_sobolevs(nb_simulation_verysimple, regression_data):
2025-01-13T19:38:44.8054245Z         legacy_plasma = nb_simulation_verysimple.plasma
2025-01-13T19:38:44.8054506Z     
2025-01-13T19:38:44.8054705Z         tau_sobolevs = calculate_sobolev_line_opacity(
2025-01-13T19:38:44.8054982Z             legacy_plasma.lines,
2025-01-13T19:38:44.8055233Z             legacy_plasma.level_number_density,
2025-01-13T19:38:44.8055731Z             legacy_plasma.time_explosion,
2025-01-13T19:38:44.8056155Z             legacy_plasma.stimulated_emission_factor,
2025-01-13T19:38:44.8056407Z         )
2025-01-13T19:38:44.8056604Z         actual = calculate_beta_sobolev(tau_sobolevs)
2025-01-13T19:38:44.8056901Z >       expected = regression_data.sync_ndarray(actual)
2025-01-13T19:38:44.8057095Z 
2025-01-13T19:38:44.8057212Z tardis/opacities/tests/test_tau_sobolev.py:35: 
2025-01-13T19:38:44.8057509Z _ _ _ _ _ _ _ _ _ _ _ _ _ _ _ _ _ _ _ _ _ _ _ _ _ _ _ _ _ _ _ _ _ _ _ _ _ _ _ _ 
2025-01-13T19:38:44.8057859Z tardis/tests/fixtures/regression_data.py:111: in sync_ndarray
2025-01-13T19:38:44.8058181Z     return np.load(self.fpath)
2025-01-13T19:38:44.8058428Z _ _ _ _ _ _ _ _ _ _ _ _ _ _ _ _ _ _ _ _ _ _ _ _ _ _ _ _ _ _ _ _ _ _ _ _ _ _ _ _ 
2025-01-13T19:38:44.8058616Z 
2025-01-13T19:38:44.8058995Z file = PosixPath('/home/runner/work/tardis/tardis/tardis-regression-data/test_tau_sobolev/test_calculate_beta_sobolevs.npy')
2025-01-13T19:38:44.8059618Z mmap_mode = None, allow_pickle = False, fix_imports = True, encoding = 'ASCII'
2025-01-13T19:38:44.8059886Z 
2025-01-13T19:38:44.8059967Z     @set_module('numpy')
2025-01-13T19:38:44.8060250Z     def load(file, mmap_mode=None, allow_pickle=False, fix_imports=True,
2025-01-13T19:38:44.8060692Z              encoding='ASCII', *, max_header_size=format._MAX_HEADER_SIZE):
2025-01-13T19:38:44.8060994Z         """
2025-01-13T19:38:44.8061262Z         Load arrays or pickled objects from ``.npy``, ``.npz`` or pickled files.
2025-01-13T19:38:44.8061582Z     
2025-01-13T19:38:44.8061855Z         .. warning:: Loading files that contain object arrays uses the ``pickle``
2025-01-13T19:38:44.8062253Z                      module, which is not secure against erroneous or maliciously
2025-01-13T19:38:44.8062623Z                      constructed data. Consider passing ``allow_pickle=False`` to
2025-01-13T19:38:44.8062993Z                      load data that is known not to contain object arrays for the
2025-01-13T19:38:44.8063311Z                      safer handling of untrusted sources.
2025-01-13T19:38:44.8063566Z     
2025-01-13T19:38:44.8063721Z         Parameters
2025-01-13T19:38:44.8063903Z         ----------
2025-01-13T19:38:44.8064123Z         file : file-like object, string, or pathlib.Path
2025-01-13T19:38:44.8064441Z             The file to read. File-like objects must support the
2025-01-13T19:38:44.8064767Z             ``seek()`` and ``read()`` methods and must always
2025-01-13T19:38:44.8065088Z             be opened in binary mode.  Pickled files require that the
2025-01-13T19:38:44.8065623Z             file-like object support the ``readline()`` method as well.
2025-01-13T19:38:44.8065960Z         mmap_mode : {None, 'r+', 'r', 'w+', 'c'}, optional
2025-01-13T19:38:44.8066292Z             If not None, then memory-map the file, using the given mode (see
2025-01-13T19:38:44.8066665Z             `numpy.memmap` for a detailed description of the modes).  A
2025-01-13T19:38:44.8067041Z             memory-mapped array is kept on disk. However, it can be accessed
2025-01-13T19:38:44.8067433Z             and sliced like any ndarray.  Memory mapping is especially useful
2025-01-13T19:38:44.8067825Z             for accessing small fragments of large files without reading the
2025-01-13T19:38:44.8068143Z             entire file into memory.
2025-01-13T19:38:44.8068384Z         allow_pickle : bool, optional
2025-01-13T19:38:44.8068838Z             Allow loading pickled object arrays stored in npy files. Reasons for
2025-01-13T19:38:44.8069250Z             disallowing pickles include security, as loading pickled data can
2025-01-13T19:38:44.8069652Z             execute arbitrary code. If pickles are disallowed, loading object
2025-01-13T19:38:44.8069982Z             arrays will fail. Default: False
2025-01-13T19:38:44.8070214Z     
2025-01-13T19:38:44.8070386Z             .. versionchanged:: 1.16.3
2025-01-13T19:38:44.8070659Z                 Made default False in response to CVE-2019-6446.
2025-01-13T19:38:44.8070919Z     
2025-01-13T19:38:44.8071083Z         fix_imports : bool, optional
2025-01-13T19:38:44.8071542Z             Only useful when loading Python 2 generated pickled files on Python 3,
2025-01-13T19:38:44.8071976Z             which includes npy/npz files containing object arrays. If `fix_imports`
2025-01-13T19:38:44.8072398Z             is True, pickle will try to map the old Python 2 names to the new names
2025-01-13T19:38:44.8072725Z             used in Python 3.
2025-01-13T19:38:44.8072954Z         encoding : str, optional
2025-01-13T19:38:44.8073259Z             What encoding to use when reading Python 2 strings. Only useful when
2025-01-13T19:38:44.8073661Z             loading Python 2 generated pickled files in Python 3, which includes
2025-01-13T19:38:44.8074074Z             npy/npz files containing object arrays. Values other than 'latin1',
2025-01-13T19:38:44.8074468Z             'ASCII', and 'bytes' are not allowed, as they can corrupt numerical
2025-01-13T19:38:44.8074775Z             data. Default: 'ASCII'
2025-01-13T19:38:44.8075013Z         max_header_size : int, optional
2025-01-13T19:38:44.8075490Z             Maximum allowed size of the header.  Large headers may not be safe
2025-01-13T19:38:44.8075903Z             to load securely and thus require explicitly passing a larger value.
2025-01-13T19:38:44.8076249Z             See :py:func:`ast.literal_eval()` for details.
2025-01-13T19:38:44.8076598Z             This option is ignored when `allow_pickle` is passed.  In that case
2025-01-13T19:38:44.8076980Z             the file is by definition trusted and the limit is unnecessary.
2025-01-13T19:38:44.8077277Z     
2025-01-13T19:38:44.8077430Z         Returns
2025-01-13T19:38:44.8077603Z         -------
2025-01-13T19:38:44.8077794Z         result : array, tuple, dict, etc.
2025-01-13T19:38:44.8078108Z             Data stored in the file. For ``.npz`` files, the returned instance
2025-01-13T19:38:44.8078492Z             of NpzFile class must be closed to avoid leaking file descriptors.
2025-01-13T19:38:44.8078793Z     
2025-01-13T19:38:44.8078944Z         Raises
2025-01-13T19:38:44.8079117Z         ------
2025-01-13T19:38:44.8079280Z         OSError
2025-01-13T19:38:44.8079497Z             If the input file does not exist or cannot be read.
2025-01-13T19:38:44.8079772Z         UnpicklingError
2025-01-13T19:38:44.8080046Z             If ``allow_pickle=True``, but the file cannot be loaded as a pickle.
2025-01-13T19:38:44.8080351Z         ValueError
2025-01-13T19:38:44.8080614Z             The file contains an object array, but ``allow_pickle=False`` given.
2025-01-13T19:38:44.8080919Z         EOFError
2025-01-13T19:38:44.8081171Z             When calling ``np.load`` multiple times on the same file handle,
2025-01-13T19:38:44.8081491Z             if all data has already been read
2025-01-13T19:38:44.8081727Z     
2025-01-13T19:38:44.8081883Z         See Also
2025-01-13T19:38:44.8082054Z         --------
2025-01-13T19:38:44.8082249Z         save, savez, savez_compressed, loadtxt
2025-01-13T19:38:44.8082608Z         memmap : Create a memory-map to an array stored in a file on disk.
2025-01-13T19:38:44.8083020Z         lib.format.open_memmap : Create or load a memory-mapped ``.npy`` file.
2025-01-13T19:38:44.8083331Z     
2025-01-13T19:38:44.8083480Z         Notes
2025-01-13T19:38:44.8083642Z         -----
2025-01-13T19:38:44.8083896Z         - If the file contains pickle data, then whatever object is stored
2025-01-13T19:38:44.8084336Z           in the pickle is returned.
2025-01-13T19:38:44.8084630Z         - If the file is a ``.npy`` file, then a single array is returned.
2025-01-13T19:38:44.8084979Z         - If the file is a ``.npz`` file, then a dictionary-like object is
2025-01-13T19:38:44.8085533Z           returned, containing ``{filename: array}`` key-value pairs, one for
2025-01-13T19:38:44.8085901Z           each file in the archive.
2025-01-13T19:38:44.8086194Z         - If the file is a ``.npz`` file, the returned value supports the
2025-01-13T19:38:44.8086589Z           context manager protocol in a similar fashion to the open function::
2025-01-13T19:38:44.8086901Z     
2025-01-13T19:38:44.8087197Z             with load('foo.npz') as data:
2025-01-13T19:38:44.8087433Z                 a = data['a']
2025-01-13T19:38:44.8087631Z     
2025-01-13T19:38:44.8087905Z           The underlying file descriptor is closed when exiting the 'with'
2025-01-13T19:38:44.8088209Z           block.
2025-01-13T19:38:44.8088383Z     
2025-01-13T19:38:44.8088534Z         Examples
2025-01-13T19:38:44.8088706Z         --------
2025-01-13T19:38:44.8088898Z         Store data to disk, and load it again:
2025-01-13T19:38:44.8089129Z     
2025-01-13T19:38:44.8089328Z         >>> np.save('/tmp/123', np.array([[1, 2, 3], [4, 5, 6]]))
2025-01-13T19:38:44.8089603Z         >>> np.load('/tmp/123.npy')
2025-01-13T19:38:44.8089827Z         array([[1, 2, 3],
2025-01-13T19:38:44.8090022Z                [4, 5, 6]])
2025-01-13T19:38:44.8090209Z     
2025-01-13T19:38:44.8090403Z         Store compressed data to disk, and load it again:
2025-01-13T19:38:44.8090664Z     
2025-01-13T19:38:44.8090832Z         >>> a=np.array([[1, 2, 3], [4, 5, 6]])
2025-01-13T19:38:44.8091076Z         >>> b=np.array([1, 2])
2025-01-13T19:38:44.8091300Z         >>> np.savez('/tmp/123.npz', a=a, b=b)
2025-01-13T19:38:44.8091552Z         >>> data = np.load('/tmp/123.npz')
2025-01-13T19:38:44.8091787Z         >>> data['a']
2025-01-13T19:38:44.8091980Z         array([[1, 2, 3],
2025-01-13T19:38:44.8092168Z                [4, 5, 6]])
2025-01-13T19:38:44.8092355Z         >>> data['b']
2025-01-13T19:38:44.8092537Z         array([1, 2])
2025-01-13T19:38:44.8092723Z         >>> data.close()
2025-01-13T19:38:44.8092909Z     
2025-01-13T19:38:44.8093121Z         Mem-map the stored array, and then access the second row
2025-01-13T19:38:44.8093412Z         directly from disk:
2025-01-13T19:38:44.8093609Z     
2025-01-13T19:38:44.8093789Z         >>> X = np.load('/tmp/123.npy', mmap_mode='r')
2025-01-13T19:38:44.8094034Z         >>> X[1, :]
2025-01-13T19:38:44.8094216Z         memmap([4, 5, 6])
2025-01-13T19:38:44.8094405Z     
2025-01-13T19:38:44.8094558Z         """
2025-01-13T19:38:44.8094768Z         if encoding not in ('ASCII', 'latin1', 'bytes'):
2025-01-13T19:38:44.8095090Z             # The 'encoding' value for pickle also affects what encoding
2025-01-13T19:38:44.8095638Z             # the serialized binary data of NumPy arrays is loaded
2025-01-13T19:38:44.8095993Z             # in. Pickle does not pass on the encoding information to
2025-01-13T19:38:44.8096339Z             # NumPy. The unpickling code in numpy.core.multiarray is
2025-01-13T19:38:44.8096707Z             # written to assume that unicode data appearing where binary
2025-01-13T19:38:44.8097076Z             # should be is in 'latin1'. 'bytes' is also safe, as is 'ASCII'.
2025-01-13T19:38:44.8097377Z             #
2025-01-13T19:38:44.8097606Z             # Other encoding values can corrupt binary data, and we
2025-01-13T19:38:44.8097973Z             # purposefully disallow them. For the same reason, the errors=
2025-01-13T19:38:44.8098338Z             # argument is not exposed, as values other than 'strict'
2025-01-13T19:38:44.8098675Z             # result can similarly silently corrupt numerical data.
2025-01-13T19:38:44.8099048Z             raise ValueError("encoding must be 'ASCII', 'latin1', or 'bytes'")
2025-01-13T19:38:44.8099363Z     
2025-01-13T19:38:44.8099604Z         pickle_kwargs = dict(encoding=encoding, fix_imports=fix_imports)
2025-01-13T19:38:44.8100033Z     
2025-01-13T19:38:44.8100217Z         with contextlib.ExitStack() as stack:
2025-01-13T19:38:44.8100474Z             if hasattr(file, 'read'):
2025-01-13T19:38:44.8100703Z                 fid = file
2025-01-13T19:38:44.8100906Z                 own_fid = False
2025-01-13T19:38:44.8101112Z             else:
2025-01-13T19:38:44.8101347Z >               fid = stack.enter_context(open(os_fspath(file), "rb"))
2025-01-13T19:38:44.8102038Z E               FileNotFoundError: [Errno 2] No such file or directory: '/home/runner/work/tardis/tardis/tardis-regression-data/test_tau_sobolev/test_calculate_beta_sobolevs.npy'
2025-01-13T19:38:44.8102711Z 
2025-01-13T19:38:44.8102982Z ../../../micromamba/envs/tardis/lib/python3.12/site-packages/numpy/lib/npyio.py:427: FileNotFoundError
2025-01-13T19:38:44.8103447Z =============================== warnings summary ===============================
2025-01-13T19:38:44.8103755Z tardis/io/configuration/config_validator.py:6
2025-01-13T19:38:44.8104048Z tardis/io/configuration/config_validator.py:6
2025-01-13T19:38:44.8104524Z   /home/runner/work/tardis/tardis/tardis/io/configuration/config_validator.py:6: DeprecationWarning:
2025-01-13T19:38:44.8104972Z   
2025-01-13T19:38:44.8106383Z   jsonschema.RefResolver is deprecated as of v4.18.0, in favor of the https://github.com/python-jsonschema/referencing library, which provides more compliant referencing behavior as well as more flexible APIs for customization. A future release will remove RefResolver. Please file a feature request (on referencing) if you are missing an API for the kind of customization you need.
2025-01-13T19:38:44.8107568Z 
2025-01-13T19:38:44.8107808Z ../../../micromamba/envs/tardis/lib/python3.12/site-packages/jupyter_client/connect.py:22
2025-01-13T19:38:44.8108461Z   /home/runner/micromamba/envs/tardis/lib/python3.12/site-packages/jupyter_client/connect.py:22: DeprecationWarning:
2025-01-13T19:38:44.8108953Z   
2025-01-13T19:38:44.8109184Z   Jupyter is migrating its paths to use standard platformdirs
2025-01-13T19:38:44.8109563Z   given by the platformdirs library.  To remove this warning and
2025-01-13T19:38:44.8109948Z   see the appropriate new directories, set the environment variable
2025-01-13T19:38:44.8110350Z   `JUPYTER_PLATFORM_DIRS=1` and then run `jupyter --paths`.
2025-01-13T19:38:44.8110713Z   The use of platformdirs will be the default in `jupyter_core` v6
2025-01-13T19:38:44.8110946Z 
2025-01-13T19:38:44.8111089Z tardis/io/tests/test_HDFWriter.py::test_multi_index_write
2025-01-13T19:38:44.8111549Z tardis/visualization/widgets/tests/test_shell_info.py::TestHDFShellInfo::test_shells_data
2025-01-13T19:38:44.8112081Z   /home/runner/work/tardis/tardis/tardis/io/util.py:276: PerformanceWarning:
2025-01-13T19:38:44.8112437Z   
2025-01-13T19:38:44.8112587Z   
2025-01-13T19:38:44.8112870Z   your performance may suffer as PyTables will pickle object types that it cannot
2025-01-13T19:38:44.8113405Z   map directly to c-types [inferred_type->mixed,key->block0_values] [items->Index([0], dtype='int64')]
2025-01-13T19:38:44.8113741Z 
2025-01-13T19:38:44.8113932Z tardis/io/tests/test_model_reader.py::test_read_cmfgen_isotope_abundances
2025-01-13T19:38:44.8114407Z tardis/plasma/tests/test_tardis_model_density_config.py::test_electron_densities
2025-01-13T19:38:44.8114918Z tardis/plasma/tests/test_tardis_model_density_config.py::test_isotope_number_densities
2025-01-13T19:38:44.8115498Z tardis/plasma/tests/test_tardis_model_density_config.py::test_t_rad
2025-01-13T19:38:44.8116045Z   /home/runner/work/tardis/tardis/tardis/io/model/readers/cmfgen_deprecated.py:82: DeprecationWarning:
2025-01-13T19:38:44.8116497Z   
2025-01-13T19:38:44.8116689Z   The current CMFGEN model parser is deprecated
2025-01-13T19:38:44.8116882Z 
2025-01-13T19:38:44.8116986Z tardis/io/tests/test_model_reader.py: 1 warning
2025-01-13T19:38:44.8117334Z tardis/plasma/tests/test_tardis_model_density_config.py: 9 warnings
2025-01-13T19:38:44.8117874Z   /home/runner/work/tardis/tardis/tardis/io/model/readers/cmfgen_deprecated.py:40: DeprecationWarning:
2025-01-13T19:38:44.8118446Z   
2025-01-13T19:38:44.8118632Z   The current CMFGEN model parser is deprecated
2025-01-13T19:38:44.8118815Z 
2025-01-13T19:38:44.8119015Z tardis/model/tests/test_base.py::TestModelFromPaper1Config::test_abundances
2025-01-13T19:38:44.8119648Z   /home/runner/work/tardis/tardis/tardis/transport/montecarlo/montecarlo_main_loop.py:123: NumbaTypeSafetyWarning:
2025-01-13T19:38:44.8120164Z   
2025-01-13T19:38:44.8120528Z   [1m[1m[1munsafe cast from uint64 to int64. Precision may be lost.[0m[0m[0m
2025-01-13T19:38:44.8120787Z 
2025-01-13T19:38:44.8120887Z tardis/model/tests/test_base.py: 6 warnings
2025-01-13T19:38:44.8121288Z tardis/model/tests/test_csvy_model.py: 2 warnings
2025-01-13T19:38:44.8121647Z tardis/plasma/tests/test_tardis_model_density_config.py: 3 warnings
2025-01-13T19:38:44.8122152Z   /home/runner/work/tardis/tardis/tardis/model/geometry/radial1d.py:50: DeprecationWarning:
2025-01-13T19:38:44.8122567Z   
2025-01-13T19:38:44.8122757Z   v_inner_boundary < 0, assuming default value
2025-01-13T19:38:44.8122935Z 
2025-01-13T19:38:44.8123034Z tardis/model/tests/test_base.py: 6 warnings
2025-01-13T19:38:44.8123310Z tardis/model/tests/test_csvy_model.py: 2 warnings
2025-01-13T19:38:44.8123660Z tardis/plasma/tests/test_tardis_model_density_config.py: 3 warnings
2025-01-13T19:38:44.8124162Z   /home/runner/work/tardis/tardis/tardis/model/geometry/radial1d.py:61: DeprecationWarning:
2025-01-13T19:38:44.8124565Z   
2025-01-13T19:38:44.8124748Z   v_outer_boundary < 0, assuming default value
2025-01-13T19:38:44.8124930Z 
2025-01-13T19:38:44.8125565Z tardis/plasma/equilibrium/tests/test_level_populations.py::TestLevelPopulationSolver::test_solve[collisional_rate_solver0-radiative_transitions0]
2025-01-13T19:38:44.8126392Z   /home/runner/work/tardis/tardis/tardis/plasma/equilibrium/level_populations.py:65: FutureWarning:
2025-01-13T19:38:44.8126830Z   
2025-01-13T19:38:44.8127178Z   A value is trying to be set on a copy of a DataFrame or Series through chained assignment using an inplace method.
2025-01-13T19:38:44.8127962Z   The behavior will change in pandas 3.0. This inplace method will never work because the intermediate object on which we are setting values always behaves as a copy.
2025-01-13T19:38:44.8128536Z   
2025-01-13T19:38:44.8129130Z   For example, when doing 'df[col].method(value, inplace=True)', try using 'df.method({col: value}, inplace=True)' or df[col] = df[col].method(value) instead, to perform the operation inplace on the original object.
2025-01-13T19:38:44.8129713Z 
2025-01-13T19:38:44.8129859Z tardis/plasma/tests/test_complete_plasmas.py: 20 warnings
2025-01-13T19:38:44.8130350Z   /home/runner/work/tardis/tardis/tardis/plasma/tests/test_complete_plasmas.py:197: UserWarning:
2025-01-13T19:38:44.8130776Z   
2025-01-13T19:38:44.8130943Z   Property "atomic_mass" not found
2025-01-13T19:38:44.8131102Z 
2025-01-13T19:38:44.8131523Z tardis/plasma/tests/test_complete_plasmas.py::TestPlasma::test_plasma_properties[radiative_rates_type:detailed-w_epsilon:1e-10-j_blues_norm_factor]
2025-01-13T19:38:44.8132389Z tardis/plasma/tests/test_complete_plasmas.py::TestPlasma::test_plasma_properties[radiative_rates_type:detailed-j_blues_norm_factor]
2025-01-13T19:38:44.8133104Z   /home/runner/work/tardis/tardis/tardis/plasma/tests/test_complete_plasmas.py:197: UserWarning:
2025-01-13T19:38:44.8133522Z   
2025-01-13T19:38:44.8133704Z   Property "j_blues_norm_factor" not found
2025-01-13T19:38:44.8133883Z 
2025-01-13T19:38:44.8134285Z tardis/plasma/tests/test_complete_plasmas.py::TestPlasma::test_plasma_properties[radiative_rates_type:detailed-w_epsilon:1e-10-j_blue_estimator]
2025-01-13T19:38:44.8135125Z tardis/plasma/tests/test_complete_plasmas.py::TestPlasma::test_plasma_properties[radiative_rates_type:detailed-j_blue_estimator]
2025-01-13T19:38:44.8136067Z   /home/runner/work/tardis/tardis/tardis/plasma/tests/test_complete_plasmas.py:197: UserWarning:
2025-01-13T19:38:44.8136483Z   
2025-01-13T19:38:44.8136653Z   Property "j_blue_estimator" not found
2025-01-13T19:38:44.8136977Z 
2025-01-13T19:38:44.8137361Z tardis/plasma/tests/test_complete_plasmas.py::TestPlasma::test_plasma_properties[radiative_rates_type:detailed-w_epsilon:1e-10-volume]
2025-01-13T19:38:44.8138148Z tardis/plasma/tests/test_complete_plasmas.py::TestPlasma::test_plasma_properties[radiative_rates_type:detailed-volume]
2025-01-13T19:38:44.8138822Z   /home/runner/work/tardis/tardis/tardis/plasma/tests/test_complete_plasmas.py:197: UserWarning:
2025-01-13T19:38:44.8139237Z   
2025-01-13T19:38:44.8139405Z   Property "volume" not found
2025-01-13T19:38:44.8139556Z 
2025-01-13T19:38:44.8139937Z tardis/plasma/tests/test_complete_plasmas.py::TestPlasma::test_plasma_properties[radiative_rates_type:detailed-w_epsilon:1e-10-r_inner]
2025-01-13T19:38:44.8140840Z tardis/plasma/tests/test_complete_plasmas.py::TestPlasma::test_plasma_properties[radiative_rates_type:detailed-r_inner]
2025-01-13T19:38:44.8141520Z   /home/runner/work/tardis/tardis/tardis/plasma/tests/test_complete_plasmas.py:197: UserWarning:
2025-01-13T19:38:44.8141939Z   
2025-01-13T19:38:44.8142104Z   Property "r_inner" not found
2025-01-13T19:38:44.8142253Z 
2025-01-13T19:38:44.8142461Z tardis/plasma/tests/test_plasma_vboundary.py::test_plasma_vboundary[2900-3750]
2025-01-13T19:38:44.8142959Z tardis/plasma/tests/test_plasma_vboundary.py::test_plasma_vboundary[2900-3850]
2025-01-13T19:38:44.8143430Z tardis/plasma/tests/test_plasma_vboundary.py::test_plasma_vboundary[2900-3900]
2025-01-13T19:38:44.8143936Z   /home/runner/work/tardis/tardis/tardis/model/geometry/radial1d.py:71: UserWarning:
2025-01-13T19:38:44.8144312Z   
2025-01-13T19:38:44.8144582Z   Requesting inner boundary below inner shell. Extrapolating the inner cell
2025-01-13T19:38:44.8144860Z 
2025-01-13T19:38:44.8145069Z tardis/spectrum/tests/test_spectrum_solver.py::TestSpectrumSolver::test_solve
2025-01-13T19:38:44.8145647Z   /home/runner/work/tardis/tardis/tardis/spectrum/base.py:70: UserWarning:
2025-01-13T19:38:44.8145986Z   
2025-01-13T19:38:44.8146392Z   SpectrumSolver.spectrum_virtual_packets is zero. Please run the montecarlo simulation with no_of_virtual_packets > 0
2025-01-13T19:38:44.8146796Z 
2025-01-13T19:38:44.8146997Z tardis/spectrum/tests/test_spectrum_solver.py::TestSpectrumSolver::test_solve
2025-01-13T19:38:44.8147469Z   /home/runner/work/tardis/tardis/tardis/spectrum/base.py:111: UserWarning:
2025-01-13T19:38:44.8147813Z   
2025-01-13T19:38:44.8148230Z   SpectrumSolver.integrator: The FormalIntegrator is not yet available.Please run the montecarlo simulation at least once.
2025-01-13T19:38:44.8148653Z 
2025-01-13T19:38:44.8148856Z tardis/transport/montecarlo/tests/test_vpacket.py::test_trace_vpacket_volley
2025-01-13T19:38:44.8149263Z   <string>:3: NumbaPendingDeprecationWarning:
2025-01-13T19:38:44.8149509Z   
2025-01-13T19:38:44.8150626Z   [1m[1mCode using Numba extension API maybe depending on 'old_style' error-capturing, which is deprecated and will be replaced by 'new_style' in a future release. See details at https://numba.readthedocs.io/en/latest/reference/deprecation.html#deprecation-of-old-style-numba-captured-errors
2025-01-13T19:38:44.8151616Z   Exception origin:
2025-01-13T19:38:44.8151973Z     File "/home/runner/micromamba/envs/tardis/lib/python3.12/inspect.py", line 3180, in _bind
2025-01-13T19:38:44.8152384Z       raise TypeError(msg) from None
2025-01-13T19:38:44.8152630Z   [0m[0m
2025-01-13T19:38:44.8152725Z 
2025-01-13T19:38:44.8153049Z tardis/visualization/tools/tests/test_sdec_plot.py::TestSDECPlotter::test_mpl_image[plotter_generate_plot_mpl4]
2025-01-13T19:38:44.8153716Z   /home/runner/work/tardis/tardis/tardis/visualization/tools/sdec_plot.py:1225: RuntimeWarning:
2025-01-13T19:38:44.8154133Z   
2025-01-13T19:38:44.8155051Z   More than 20 figures have been opened. Figures created through the pyplot interface (`matplotlib.pyplot.figure`) are retained until explicitly closed and may consume too much memory. (To control this warning, see the rcParam `figure.max_open_warning`). Consider using `matplotlib.pyplot.close()`.
2025-01-13T19:38:44.8156190Z 
2025-01-13T19:38:44.8156534Z tardis/visualization/widgets/tests/test_custom_abundance.py::TestCustomAbundanceWidget::test_update_input_item_value
2025-01-13T19:38:44.8157293Z tardis/visualization/widgets/tests/test_custom_abundance.py::TestCustomAbundanceWidget::test_update_input_item_value
2025-01-13T19:38:44.8158041Z tardis/visualization/widgets/tests/test_custom_abundance.py::TestCustomAbundanceWidget::test_update_input_item_value
2025-01-13T19:38:44.8158789Z tardis/visualization/widgets/tests/test_custom_abundance.py::TestCustomAbundanceWidget::test_update_input_item_value
2025-01-13T19:38:44.8159535Z tardis/visualization/widgets/tests/test_custom_abundance.py::TestCustomAbundanceWidget::test_update_input_item_value
2025-01-13T19:38:44.8160398Z tardis/visualization/widgets/tests/test_custom_abundance.py::TestCustomAbundanceWidget::test_update_input_item_value
2025-01-13T19:38:44.8161154Z   /home/runner/micromamba/envs/tardis/lib/python3.12/site-packages/traitlets/traitlets.py:1385: DeprecationWarning:
2025-01-13T19:38:44.8161644Z   
2025-01-13T19:38:44.8161914Z   Passing unrecognized arguments to super(Checkbox).__init__(icon='lock').
2025-01-13T19:38:44.8162350Z   object.__init__() takes exactly one argument (the instance to initialize)
2025-01-13T19:38:44.8162833Z   This is deprecated in traitlets 4.2.This error will be raised in a future release of traitlets.
2025-01-13T19:38:44.8163148Z 
2025-01-13T19:38:44.8163486Z tardis/visualization/widgets/tests/test_custom_abundance.py::TestCustomAbundanceWidget::test_update_input_item_value
2025-01-13T19:38:44.8164236Z tardis/visualization/widgets/tests/test_custom_abundance.py::TestCustomAbundanceWidget::test_update_input_item_value
2025-01-13T19:38:44.8165001Z   /home/runner/micromamba/envs/tardis/lib/python3.12/site-packages/traitlets/traitlets.py:1385: DeprecationWarning:
2025-01-13T19:38:44.8165700Z   
2025-01-13T19:38:44.8165962Z   Passing unrecognized arguments to super(FloatText).__init__(min=0).
2025-01-13T19:38:44.8166392Z   object.__init__() takes exactly one argument (the instance to initialize)
2025-01-13T19:38:44.8166877Z   This is deprecated in traitlets 4.2.This error will be raised in a future release of traitlets.
2025-01-13T19:38:44.8167185Z 
2025-01-13T19:38:44.8167534Z tardis/visualization/widgets/tests/test_custom_abundance.py::TestCustomAbundanceWidget::test_update_input_item_value
2025-01-13T19:38:44.8168301Z   /home/runner/micromamba/envs/tardis/lib/python3.12/site-packages/traitlets/traitlets.py:1385: DeprecationWarning:
2025-01-13T19:38:44.8168786Z   
2025-01-13T19:38:44.8169043Z   Passing unrecognized arguments to super(HTML).__init__(indent=True).
2025-01-13T19:38:44.8169469Z   object.__init__() takes exactly one argument (the instance to initialize)
2025-01-13T19:38:44.8169952Z   This is deprecated in traitlets 4.2.This error will be raised in a future release of traitlets.
2025-01-13T19:38:44.8170265Z 
2025-01-13T19:38:44.8170676Z tardis/visualization/widgets/tests/test_line_info.py::TestLineInfoWidgetData::test_get_species_interactions[wavelength_range0-packet_out_nu]
2025-01-13T19:38:44.8171488Z   /home/runner/micromamba/envs/tardis/lib/python3.12/site-packages/qgridnext/grid.py:820: DeprecationWarning:
2025-01-13T19:38:44.8171950Z   
2025-01-13T19:38:44.8172297Z   QgridWidget._precision_changed is deprecated in traitlets 4.1: use @observe and @unobserve instead.
2025-01-13T19:38:44.8172646Z 
2025-01-13T19:38:44.8172902Z tardis/visualization/widgets/tests/test_shell_info.py::TestHDFShellInfo::test_shells_data
2025-01-13T19:38:44.8173438Z   /home/runner/work/tardis/tardis/tardis/io/util.py:289: PerformanceWarning:
2025-01-13T19:38:44.8173781Z   
2025-01-13T19:38:44.8173927Z   
2025-01-13T19:38:44.8174209Z   your performance may suffer as PyTables will pickle object types that it cannot
2025-01-13T19:38:44.8174733Z   map directly to c-types [inferred_type->mixed,key->block0_values] [items->Index([0], dtype='int64')]
2025-01-13T19:38:44.8175066Z 
2025-01-13T19:38:44.8175450Z tardis/visualization/widgets/tests/test_shell_info.py::TestHDFShellInfo::test_shells_data
2025-01-13T19:38:44.8176221Z   /home/runner/work/tardis/tardis/tardis/io/util.py:292: PerformanceWarning:
2025-01-13T19:38:44.8176576Z   
2025-01-13T19:38:44.8176723Z   
2025-01-13T19:38:44.8177000Z   your performance may suffer as PyTables will pickle object types that it cannot
2025-01-13T19:38:44.8177450Z   map directly to c-types [inferred_type->mixed,key->values] [items->None]
2025-01-13T19:38:44.8177709Z 
2025-01-13T19:38:44.8177959Z tardis/visualization/widgets/tests/test_shell_info.py::TestHDFShellInfo::test_shells_data
2025-01-13T19:38:44.8178522Z   /home/runner/work/tardis/tardis/tardis/spectrum/formal_integral.py:398: UserWarning:
2025-01-13T19:38:44.8179019Z   
2025-01-13T19:38:44.8179286Z   The number of interpolate_shells was not specified. The value was set to 80.
2025-01-13T19:38:44.8179555Z 
2025-01-13T19:38:44.8179740Z -- Docs: https://docs.pytest.org/en/stable/how-to/capture-warnings.html
2025-01-13T19:38:44.8179996Z 
2025-01-13T19:38:44.8180165Z ---------- coverage: platform linux, python 3.12.4-final-0 -----------
2025-01-13T19:38:44.8180516Z Coverage HTML written to dir coverage_html_report
2025-01-13T19:38:44.8180803Z Coverage XML written to file coverage.xml
2025-01-13T19:38:44.8180976Z 
2025-01-13T19:38:44.8181098Z =========================== short test summary info ============================
2025-01-13T19:38:44.8182036Z FAILED tardis/opacities/tests/test_tau_sobolev.py::test_calculate_sobolev_line_opacity - FileNotFoundError: File /home/runner/work/tardis/tardis/tardis-regression-data/test_tau_sobolev/test_calculate_sobolev_line_opacity.h5 does not exist
2025-01-13T19:38:44.8183591Z FAILED tardis/opacities/tests/test_tau_sobolev.py::test_calculate_beta_sobolevs - FileNotFoundError: [Errno 2] No such file or directory: '/home/runner/work/tardis/tardis/tardis-regression-data/test_tau_sobolev/test_calculate_beta_sobolevs.npy'
2025-01-13T19:38:44.8184640Z = 2 failed, 1436 passed, 329 skipped, 2 deselected, 19 xfailed, 8 xpassed, 91 warnings in 741.44s (0:12:21) =
2025-01-13T19:38:46.8569476Z ##[error]Process completed with exit code 1.
