2025-01-13T15:20:43.3628480Z ##[group]Run pytest tardis --tardis-regression-data=/Users/runner/work/tardis/tardis/tardis-regression-data --cov=tardis --cov-report=xml --cov-report=html --cov-append -m "not continuum"
2025-01-13T15:20:43.3629490Z [36;1mpytest tardis --tardis-regression-data=/Users/runner/work/tardis/tardis/tardis-regression-data --cov=tardis --cov-report=xml --cov-report=html --cov-append -m "not continuum"[0m
2025-01-13T15:20:43.3695990Z shell: /bin/bash -l {0}
2025-01-13T15:20:43.3696220Z env:
2025-01-13T15:20:43.3696350Z   CACHE_NUMBER: 0
2025-01-13T15:20:43.3699240Z   PYTEST_FLAGS: --tardis-regression-data=/Users/runner/work/tardis/tardis/tardis-regression-data --cov=tardis --cov-report=xml --cov-report=html --cov-append
2025-01-13T15:20:43.3701060Z   CODECOV_TOKEN: ***
2025-01-13T15:20:43.3701310Z   MAMBA_ROOT_PREFIX: /Users/runner/micromamba
2025-01-13T15:20:43.3701620Z   MAMBA_EXE: /Users/runner/micromamba-bin/micromamba
2025-01-13T15:20:43.3701910Z   CONDARC: /Users/runner/work/_temp/setup-micromamba/.condarc
2025-01-13T15:20:43.3702290Z ##[endgroup]
2025-01-13T15:21:00.7813030Z ============================= test session starts ==============================
2025-01-13T15:21:00.7816340Z platform darwin -- Python 3.12.4, pytest-8.2.2, pluggy-1.5.0
2025-01-13T15:21:00.7817460Z rootdir: /Users/runner/work/tardis/tardis
2025-01-13T15:21:00.7818150Z configfile: pyproject.toml
2025-01-13T15:21:00.7819130Z plugins: cov-5.0.0, html-4.1.1, metadata-3.1.1, doctestplus-1.2.1, anyio-4.4.0
2025-01-13T15:21:00.7835150Z collected 1796 items / 2 deselected / 1794 selected
2025-01-13T15:21:00.7836080Z 
2025-01-13T15:21:04.5717930Z tardis/energy_input/tests/test_energy_source.py ..xxx                    [  0%]
2025-01-13T15:21:07.3271370Z tardis/energy_input/tests/test_gamma_ray_channel.py ...........          [  0%]
2025-01-13T15:21:08.5847530Z tardis/energy_input/tests/test_gamma_ray_grid.py xx.                     [  1%]
2025-01-13T15:21:09.8080550Z tardis/energy_input/tests/test_gamma_ray_interactions.py xx....          [  1%]
2025-01-13T15:21:09.8136790Z tardis/energy_input/tests/test_gamma_ray_packet_source.py sssssssss      [  1%]
2025-01-13T15:21:11.0558900Z tardis/energy_input/tests/test_util.py .....xxxx.....                    [  2%]
2025-01-13T15:21:11.3898710Z tardis/grid/tests/test_grid.py .                                         [  2%]
2025-01-13T15:21:11.3923080Z tardis/gui/tests/test_gui.py s                                           [  2%]
2025-01-13T15:21:15.5882200Z tardis/io/configuration/tests/test_config_reader.py ...........          [  3%]
2025-01-13T15:21:15.6143900Z tardis/io/configuration/tests/test_configuration_namespace.py .........  [  3%]
2025-01-13T15:21:15.6625440Z tardis/io/logger/tests/test_logging.py ssssssssssssssssssssssssssss      [  5%]
2025-01-13T15:22:03.5125530Z tardis/io/model/readers/tests/test_arepo_parser.py ..                    [  5%]
2025-01-13T15:22:03.5588270Z tardis/io/model/readers/tests/test_ascii_readers.py ...                  [  5%]
2025-01-13T15:22:03.5757940Z tardis/io/model/readers/tests/test_cmfgen_reader.py ..                   [  5%]
2025-01-13T15:22:03.6479700Z tardis/io/model/readers/tests/test_csvy_reader.py ....                   [  6%]
2025-01-13T15:22:03.6823620Z tardis/io/model/readers/tests/test_stella_reader.py ..                   [  6%]
2025-01-13T15:22:04.2195690Z tardis/io/tests/test_HDFWriter.py ...............                        [  7%]
2025-01-13T15:22:05.2244500Z tardis/io/tests/test_atomic.py .....                                     [  7%]
2025-01-13T15:22:05.2862690Z tardis/io/tests/test_decay.py ..                                         [  7%]
2025-01-13T15:22:05.5122700Z tardis/io/tests/test_model_reader.py ......                              [  7%]
2025-01-13T15:22:05.5224360Z tardis/model/geometry/tests/test_radial1d.py ..                          [  7%]
2025-01-13T15:22:53.1800620Z tardis/model/tests/test_base.py ........................................ [ 10%]
2025-01-13T15:22:54.4481450Z ............                                                             [ 10%]
2025-01-13T15:22:58.1217840Z tardis/model/tests/test_csvy_model.py .........                          [ 11%]
2025-01-13T15:22:58.1984750Z tardis/model/tests/test_density.py ..                                    [ 11%]
2025-01-13T15:23:00.7433500Z tardis/opacities/tests/test_opacity_solver.py .....                      [ 11%]
2025-01-13T15:23:02.4987870Z tardis/opacities/tests/test_opacity_state_numba.py .....                 [ 11%]
2025-01-13T15:23:04.7130360Z tardis/opacities/tests/test_tau_sobolev.py FF                            [ 12%]
2025-01-13T15:23:09.7570090Z tardis/plasma/equilibrium/tests/test_collisional_transitions.py ...      [ 12%]
2025-01-13T15:24:13.3156910Z tardis/plasma/equilibrium/tests/test_level_populations.py ....           [ 12%]
2025-01-13T15:24:28.8714220Z tardis/plasma/equilibrium/tests/test_rate_matrix.py .                    [ 12%]
2025-01-13T15:24:30.7172470Z tardis/plasma/tests/test_complete_plasmas.py .....................s..... [ 13%]
2025-01-13T15:24:34.0644700Z s....ssssss............s............ss.....s....ssssss............s..... [ 18%]
2025-01-13T15:24:35.8553160Z .......ss.....s....ssssss............s............ss.....s....ssssss.... [ 22%]
2025-01-13T15:24:39.3857220Z ........s............ss.....s........ss............s............ss.....s [ 26%]
2025-01-13T15:24:42.7094890Z ........ss............s............ss.....s....ssssss............s...... [ 30%]
2025-01-13T15:24:43.6751720Z ......ss.....s....ssssss............s............ss.....s.ss.ssssss..... [ 34%]
2025-01-13T15:24:47.1779910Z .......s............ss.....s....ssssss............s............ss.....s. [ 38%]
2025-01-13T15:24:50.4189410Z ...ssssss............s............ss.....s....ssssss............s....... [ 42%]
2025-01-13T15:24:53.5547900Z .....ss.....s....ssssss............s............s...........ssssss...... [ 46%]
2025-01-13T15:24:55.4962430Z ......s............s...........ssssss............s............s......... [ 50%]
2025-01-13T15:24:58.9296600Z ..ssssss............s............ss.....s....ssssss............s........ [ 54%]
2025-01-13T15:25:02.6139030Z ....ss.....s....ssssss..........................s.....s....ssss......... [ 58%]
2025-01-13T15:25:03.0687150Z ...................s.....s....ssss.......                                [ 60%]
2025-01-13T15:25:03.4667350Z tardis/plasma/tests/test_hdf_plasma.py ................................. [ 62%]
2025-01-13T15:25:03.4986500Z ......                                                                   [ 62%]
2025-01-13T15:25:03.9197670Z tardis/plasma/tests/test_nlte_excitation.py ...                          [ 62%]
2025-01-13T15:28:04.1888200Z tardis/plasma/tests/test_nlte_solver.py .....X                           [ 63%]
2025-01-13T15:28:04.2003710Z tardis/plasma/tests/test_plasma_continuum.py .                           [ 63%]
2025-01-13T15:28:42.4013310Z tardis/plasma/tests/test_plasma_vboundary.py .............               [ 63%]
2025-01-13T15:28:56.5660490Z tardis/plasma/tests/test_tardis_model_density_config.py ...              [ 64%]
2025-01-13T15:28:57.1500780Z tardis/simulation/tests/test_convergence.py .....                        [ 64%]
2025-01-13T15:29:05.7638500Z tardis/simulation/tests/test_simulation.py .............                 [ 65%]
2025-01-13T15:29:05.7844550Z tardis/spectrum/tests/test_cuda_formal_integral.py sssssssssssssssssssss [ 66%]
2025-01-13T15:29:06.0792540Z ssss...ssssssssssssssssssssss                                            [ 67%]
2025-01-13T15:29:06.0850620Z tardis/spectrum/tests/test_luminosity.py ....                            [ 68%]
2025-01-13T15:29:07.1213690Z tardis/spectrum/tests/test_numba_formal_integral.py .................... [ 69%]
2025-01-13T15:29:07.1333820Z ..........                                                               [ 69%]
2025-01-13T15:29:07.2709550Z tardis/spectrum/tests/test_spectrum.py ................................. [ 71%]
2025-01-13T15:29:07.2996540Z .........                                                                [ 72%]
2025-01-13T15:29:31.1167040Z tardis/spectrum/tests/test_spectrum_solver.py ....                       [ 72%]
2025-01-13T15:30:49.4126520Z tardis/tests/test_tardis_full.py ....                                    [ 72%]
2025-01-13T15:32:36.1172940Z tardis/tests/test_tardis_full_formal_integral.py ................        [ 73%]
2025-01-13T15:32:36.2006230Z tardis/tests/test_util.py .............................................  [ 75%]
2025-01-13T15:32:39.5351650Z tardis/transport/montecarlo/tests/test_base.py x.....................    [ 77%]
2025-01-13T15:32:46.7690150Z tardis/transport/montecarlo/tests/test_interaction.py .......            [ 77%]
2025-01-13T15:32:46.9623340Z tardis/transport/montecarlo/tests/test_macro_atom.py ....                [ 77%]
2025-01-13T15:32:46.9752610Z tardis/transport/montecarlo/tests/test_montecarlo.py sssssssssssssssssss [ 78%]
2025-01-13T15:32:47.0038360Z sssssssssssssssssssssssssssssssssssssssssssss                            [ 81%]
2025-01-13T15:32:56.1175130Z tardis/transport/montecarlo/tests/test_montecarlo_main_loop.py x..       [ 81%]
2025-01-13T15:32:56.1307230Z tardis/transport/montecarlo/tests/test_nonhomologous.py ...              [ 81%]
2025-01-13T15:32:59.3730790Z tardis/transport/montecarlo/tests/test_numba_interface.py .....x.        [ 82%]
2025-01-13T15:32:59.8267690Z tardis/transport/montecarlo/tests/test_opacities.py ...............      [ 82%]
2025-01-13T15:33:01.0942300Z tardis/transport/montecarlo/tests/test_packet.py .................xXXXXX [ 84%]
2025-01-13T15:33:01.2336700Z XX.........                                                              [ 84%]
2025-01-13T15:33:01.2782690Z tardis/transport/montecarlo/tests/test_packet_source.py ........         [ 85%]
2025-01-13T15:33:01.5313880Z tardis/transport/montecarlo/tests/test_rpacket_last_interaction_tracker.py . [ 85%]
2025-01-13T15:33:01.8657600Z .....                                                                    [ 85%]
2025-01-13T15:33:13.3855470Z tardis/transport/montecarlo/tests/test_rpacket_tracker.py ......         [ 85%]
2025-01-13T15:33:13.4114010Z tardis/transport/montecarlo/tests/test_single_packet_loop.py xxx         [ 86%]
2025-01-13T15:33:13.4158610Z tardis/transport/montecarlo/tests/test_tracker_utils.py ..               [ 86%]
2025-01-13T15:33:14.8656260Z tardis/transport/montecarlo/tests/test_vpacket.py ..x.                   [ 86%]
2025-01-13T15:33:14.8840030Z tardis/transport/montecarlo/tests/test_weighted_packet_source.py ....    [ 86%]
2025-01-13T15:33:17.9641220Z tardis/transport/montecarlo/tests/test_weighted_packet_source_integration.py . [ 86%]
2025-01-13T15:33:17.9645380Z                                                                          [ 86%]
2025-01-13T15:33:18.5452280Z tardis/transport/tests/test_doppler_factor.py ..................         [ 87%]
2025-01-13T15:33:20.5875750Z tardis/visualization/tools/tests/test_convergence_plot.py .............. [ 88%]
2025-01-13T15:33:22.4287990Z ......                                                                   [ 88%]
2025-01-13T15:33:26.1124030Z tardis/visualization/tools/tests/test_liv_plot.py ...................... [ 90%]
2025-01-13T15:33:31.4062120Z .............................                                            [ 91%]
2025-01-13T15:33:34.5135050Z tardis/visualization/tools/tests/test_rpacket_plot.py .................. [ 92%]
2025-01-13T15:33:42.6821030Z ....                                                                     [ 92%]
2025-01-13T15:33:48.2900770Z tardis/visualization/tools/tests/test_sdec_plot.py ..................... [ 94%]
2025-01-13T15:33:56.1169400Z ..............................                                           [ 95%]
2025-01-13T15:33:57.3714120Z tardis/visualization/widgets/tests/test_custom_abundance.py ........ss.. [ 96%]
2025-01-13T15:33:57.4236070Z ....                                                                     [ 96%]
2025-01-13T15:33:58.6492790Z tardis/visualization/widgets/tests/test_line_info.py ................... [ 97%]
2025-01-13T15:33:59.3220750Z ..................                                                       [ 98%]
2025-01-13T15:37:09.9457700Z tardis/visualization/widgets/tests/test_shell_info.py .................. [ 99%]
2025-01-13T15:37:17.0608500Z ......                                                                   [100%]
2025-01-13T15:37:17.0608830Z 
2025-01-13T15:37:17.0608930Z =================================== FAILURES ===================================
2025-01-13T15:37:17.0609310Z _____________________ test_calculate_sobolev_line_opacity ______________________
2025-01-13T15:37:17.0609700Z 
2025-01-13T15:37:17.0609910Z nb_simulation_verysimple = <tardis.simulation.base.Simulation object at 0x30dc00500>
2025-01-13T15:37:17.0610440Z regression_data = <tardis.tests.fixtures.regression_data.RegressionData object at 0x124a16930>
2025-01-13T15:37:17.0610870Z 
2025-01-13T15:37:17.0611010Z     def test_calculate_sobolev_line_opacity(
2025-01-13T15:37:17.0611290Z         nb_simulation_verysimple, regression_data
2025-01-13T15:37:17.0611580Z     ):
2025-01-13T15:37:17.0611790Z         legacy_plasma = nb_simulation_verysimple.plasma
2025-01-13T15:37:17.0612130Z     
2025-01-13T15:37:17.0612360Z         actual = calculate_sobolev_line_opacity(
2025-01-13T15:37:17.0612650Z             legacy_plasma.lines,
2025-01-13T15:37:17.0612930Z             legacy_plasma.level_number_density,
2025-01-13T15:37:17.0613220Z             legacy_plasma.time_explosion,
2025-01-13T15:37:17.0613530Z             legacy_plasma.stimulated_emission_factor,
2025-01-13T15:37:17.0619640Z         )
2025-01-13T15:37:17.0619890Z >       expected = regression_data.sync_dataframe(actual)
2025-01-13T15:37:17.0620060Z 
2025-01-13T15:37:17.0620240Z tardis/opacities/tests/test_tau_sobolev.py:21: 
2025-01-13T15:37:17.0620610Z _ _ _ _ _ _ _ _ _ _ _ _ _ _ _ _ _ _ _ _ _ _ _ _ _ _ _ _ _ _ _ _ _ _ _ _ _ _ _ _ 
2025-01-13T15:37:17.0620950Z tardis/tests/fixtures/regression_data.py:88: in sync_dataframe
2025-01-13T15:37:17.0621570Z     return pd.read_hdf(self.fpath, key=key)
2025-01-13T15:37:17.0621870Z _ _ _ _ _ _ _ _ _ _ _ _ _ _ _ _ _ _ _ _ _ _ _ _ _ _ _ _ _ _ _ _ _ _ _ _ _ _ _ _ 
2025-01-13T15:37:17.0622070Z 
2025-01-13T15:37:17.0622430Z path_or_buf = '/Users/runner/work/tardis/tardis/tardis-regression-data/test_tau_sobolev/test_calculate_sobolev_line_opacity.h5'
2025-01-13T15:37:17.0623000Z key = 'data', mode = 'r', errors = 'strict', where = None, start = None
2025-01-13T15:37:17.0623360Z stop = None, columns = None, iterator = False, chunksize = None, kwargs = {}
2025-01-13T15:37:17.0623720Z exists = False
2025-01-13T15:37:17.0623840Z 
2025-01-13T15:37:17.0624040Z     def read_hdf(
2025-01-13T15:37:17.0624250Z         path_or_buf: FilePath | HDFStore,
2025-01-13T15:37:17.0624600Z         key=None,
2025-01-13T15:37:17.0624780Z         mode: str = "r",
2025-01-13T15:37:17.0625040Z         errors: str = "strict",
2025-01-13T15:37:17.0625300Z         where: str | list | None = None,
2025-01-13T15:37:17.0625540Z         start: int | None = None,
2025-01-13T15:37:17.0625800Z         stop: int | None = None,
2025-01-13T15:37:17.0626020Z         columns: list[str] | None = None,
2025-01-13T15:37:17.0626330Z         iterator: bool = False,
2025-01-13T15:37:17.0626540Z         chunksize: int | None = None,
2025-01-13T15:37:17.0626830Z         **kwargs,
2025-01-13T15:37:17.0627010Z     ):
2025-01-13T15:37:17.0627300Z         """
2025-01-13T15:37:17.0627520Z         Read from the store, close it if we opened it.
2025-01-13T15:37:17.0627880Z     
2025-01-13T15:37:17.0628160Z         Retrieve pandas object stored in file, optionally based on where
2025-01-13T15:37:17.0628490Z         criteria.
2025-01-13T15:37:17.0628670Z     
2025-01-13T15:37:17.0635820Z         .. warning::
2025-01-13T15:37:17.0636040Z     
2025-01-13T15:37:17.0636320Z            Pandas uses PyTables for reading and writing HDF5 files, which allows
2025-01-13T15:37:17.0636740Z            serializing object-dtype data with pickle when using the "fixed" format.
2025-01-13T15:37:17.0637200Z            Loading pickled data received from untrusted sources can be unsafe.
2025-01-13T15:37:17.0637500Z     
2025-01-13T15:37:17.0647400Z            See: https://docs.python.org/3/library/pickle.html for more.
2025-01-13T15:37:17.0647810Z     
2025-01-13T15:37:17.0648000Z         Parameters
2025-01-13T15:37:17.0648260Z         ----------
2025-01-13T15:37:17.0648540Z         path_or_buf : str, path object, pandas.HDFStore
2025-01-13T15:37:17.0649030Z             Any valid string path is acceptable. Only supports the local file system,
2025-01-13T15:37:17.0649510Z             remote URLs and file-like objects are not supported.
2025-01-13T15:37:17.0649890Z     
2025-01-13T15:37:17.0650180Z             If you want to pass in a path object, pandas accepts any
2025-01-13T15:37:17.0650580Z             ``os.PathLike``.
2025-01-13T15:37:17.0650860Z     
2025-01-13T15:37:17.0651180Z             Alternatively, pandas accepts an open :class:`pandas.HDFStore` object.
2025-01-13T15:37:17.0651940Z     
2025-01-13T15:37:17.0652160Z         key : object, optional
2025-01-13T15:37:17.0652900Z             The group identifier in the store. Can be omitted if the HDF file
2025-01-13T15:37:17.0653240Z             contains a single pandas object.
2025-01-13T15:37:17.0653560Z         mode : {'r', 'r+', 'a'}, default 'r'
2025-01-13T15:37:17.0653850Z             Mode to use when opening the file. Ignored if path_or_buf is a
2025-01-13T15:37:17.0654250Z             :class:`pandas.HDFStore`. Default is 'r'.
2025-01-13T15:37:17.0654510Z         errors : str, default 'strict'
2025-01-13T15:37:17.0655140Z             Specifies how encoding and decoding errors are to be handled.
2025-01-13T15:37:17.0655560Z             See the errors argument for :func:`open` for a full list
2025-01-13T15:37:17.0655870Z             of options.
2025-01-13T15:37:17.0656150Z         where : list, optional
2025-01-13T15:37:17.0656420Z             A list of Term (or convertible) objects.
2025-01-13T15:37:17.0656740Z         start : int, optional
2025-01-13T15:37:17.0656970Z             Row number to start selection.
2025-01-13T15:37:17.0657280Z         stop  : int, optional
2025-01-13T15:37:17.0657540Z             Row number to stop selection.
2025-01-13T15:37:17.0657840Z         columns : list, optional
2025-01-13T15:37:17.0658180Z             A list of columns names to return.
2025-01-13T15:37:17.0658480Z         iterator : bool, optional
2025-01-13T15:37:17.0658810Z             Return an iterator object.
2025-01-13T15:37:17.0659140Z         chunksize : int, optional
2025-01-13T15:37:17.0659570Z             Number of rows to include in an iteration when using an iterator.
2025-01-13T15:37:17.0659900Z         **kwargs
2025-01-13T15:37:17.0660250Z             Additional keyword arguments passed to HDFStore.
2025-01-13T15:37:17.0660570Z     
2025-01-13T15:37:17.0660820Z         Returns
2025-01-13T15:37:17.0661070Z         -------
2025-01-13T15:37:17.0661350Z         object
2025-01-13T15:37:17.0661660Z             The selected object. Return type depends on the object stored.
2025-01-13T15:37:17.0661980Z     
2025-01-13T15:37:17.0662240Z         See Also
2025-01-13T15:37:17.0662480Z         --------
2025-01-13T15:37:17.0662780Z         DataFrame.to_hdf : Write a HDF file from a DataFrame.
2025-01-13T15:37:17.0663140Z         HDFStore : Low-level access to HDF files.
2025-01-13T15:37:17.0663470Z     
2025-01-13T15:37:17.0663670Z         Examples
2025-01-13T15:37:17.0663910Z         --------
2025-01-13T15:37:17.0664180Z         >>> df = pd.DataFrame([[1, 1.0, 'a']], columns=['x', 'y', 'z'])  # doctest: +SKIP
2025-01-13T15:37:17.0664590Z         >>> df.to_hdf('./store.h5', 'data')  # doctest: +SKIP
2025-01-13T15:37:17.0664960Z         >>> reread = pd.read_hdf('./store.h5')  # doctest: +SKIP
2025-01-13T15:37:17.0665250Z         """
2025-01-13T15:37:17.0665530Z         if mode not in ["r", "r+", "a"]:
2025-01-13T15:37:17.0665790Z             raise ValueError(
2025-01-13T15:37:17.0666130Z                 f"mode {mode} is not allowed while performing a read. "
2025-01-13T15:37:17.0666490Z                 f"Allowed modes are r, r+ and a."
2025-01-13T15:37:17.0666800Z             )
2025-01-13T15:37:17.0667360Z         # grab the scope
2025-01-13T15:37:17.0667670Z         if where is not None:
2025-01-13T15:37:17.0667920Z             where = _ensure_term(where, scope_level=1)
2025-01-13T15:37:17.0668240Z     
2025-01-13T15:37:17.0668490Z         if isinstance(path_or_buf, HDFStore):
2025-01-13T15:37:17.0668770Z             if not path_or_buf.is_open:
2025-01-13T15:37:17.0669240Z                 raise OSError("The HDFStore must be open for reading.")
2025-01-13T15:37:17.0669500Z     
2025-01-13T15:37:17.0669690Z             store = path_or_buf
2025-01-13T15:37:17.0669890Z             auto_close = False
2025-01-13T15:37:17.0670050Z         else:
2025-01-13T15:37:17.0670240Z             path_or_buf = stringify_path(path_or_buf)
2025-01-13T15:37:17.0670480Z             if not isinstance(path_or_buf, str):
2025-01-13T15:37:17.0690620Z                 raise NotImplementedError(
2025-01-13T15:37:17.0691120Z                     "Support for generic buffers has not been implemented."
2025-01-13T15:37:17.0691440Z                 )
2025-01-13T15:37:17.0691830Z             try:
2025-01-13T15:37:17.0692040Z                 exists = os.path.exists(path_or_buf)
2025-01-13T15:37:17.0692370Z     
2025-01-13T15:37:17.0692580Z             # if filepath is too long
2025-01-13T15:37:17.0692840Z             except (TypeError, ValueError):
2025-01-13T15:37:17.0693170Z                 exists = False
2025-01-13T15:37:17.0693350Z     
2025-01-13T15:37:17.0693970Z             if not exists:
2025-01-13T15:37:17.0694270Z >               raise FileNotFoundError(f"File {path_or_buf} does not exist")
2025-01-13T15:37:17.0695030Z E               FileNotFoundError: File /Users/runner/work/tardis/tardis/tardis-regression-data/test_tau_sobolev/test_calculate_sobolev_line_opacity.h5 does not exist
2025-01-13T15:37:17.0695580Z 
2025-01-13T15:37:17.0695840Z ../../../micromamba/envs/tardis/lib/python3.12/site-packages/pandas/io/pytables.py:424: FileNotFoundError
2025-01-13T15:37:17.0696370Z ---------------------------- Captured stdout setup -----------------------------
2025-01-13T15:37:17.0745670Z [[1mtardis.io.model.parse_density_configuration[0m][[1;33mWARNING[0m]  
2025-01-13T15:37:17.0746380Z 	Number of density points larger than number of shells. Assuming inner point irrelevant ([1mparse_density_configuration.py[0m:114)
2025-01-13T15:37:17.0746980Z ---------------------------- Captured stderr setup -----------------------------
2025-01-13T15:37:17.0747240Z 
2025-01-13T15:37:17.0754270Z Iterations:â–ˆâ–ˆâ–ˆâ–ˆâ–ˆâ–ˆâ–ˆâ–ˆâ–ˆâ–ˆâ–ˆâ–ˆâ–ˆâ–ˆâ–ˆâ–ˆâ–ˆâ–ˆâ–ˆâ–ˆâ–ˆâ–ˆâ–ˆâ–ˆâ–ˆâ–ˆâ–ˆâ–ˆâ–ˆâ–ˆâ–ˆâ–ˆâ–ˆâ–ˆâ–ˆâ–ˆâ–ˆâ–ˆâ–ˆâ–ˆâ–ˆâ–ˆâ–ˆâ–ˆâ–ˆâ–ˆâ–ˆâ–ˆâ–ˆâ–ˆâ–ˆâ–ˆâ–ˆâ–ˆâ–ˆâ–ˆâ–ˆâ–ˆâ–ˆâ–ˆâ–ˆâ–ˆâ–ˆâ–ˆ                4/5 [00:15<00:03,  3.55s/it]
2025-01-13T15:37:17.0754720Z 
2025-01-13T15:37:17.0755030Z Packets:                                                                                   4030/? [00:15<00:00, 20663.17it/s][A
2025-01-13T15:37:17.0755370Z ------------------------------ Captured log setup ------------------------------
2025-01-13T15:37:17.0755970Z WARNING  tardis.io.model.parse_density_configuration:parse_density_configuration.py:114 Number of density points larger than number of shells. Assuming inner point irrelevant
2025-01-13T15:37:17.0756560Z _________________________ test_calculate_beta_sobolevs _________________________
2025-01-13T15:37:17.0756760Z 
2025-01-13T15:37:17.0756950Z nb_simulation_verysimple = <tardis.simulation.base.Simulation object at 0x30dc00500>
2025-01-13T15:37:17.0757410Z regression_data = <tardis.tests.fixtures.regression_data.RegressionData object at 0x30dcb0920>
2025-01-13T15:37:17.0757700Z 
2025-01-13T15:37:17.0757860Z     def test_calculate_beta_sobolevs(nb_simulation_verysimple, regression_data):
2025-01-13T15:37:17.0758260Z         legacy_plasma = nb_simulation_verysimple.plasma
2025-01-13T15:37:17.0758480Z     
2025-01-13T15:37:17.0758640Z         tau_sobolevs = calculate_sobolev_line_opacity(
2025-01-13T15:37:17.0758920Z             legacy_plasma.lines,
2025-01-13T15:37:17.0759120Z             legacy_plasma.level_number_density,
2025-01-13T15:37:17.0759340Z             legacy_plasma.time_explosion,
2025-01-13T15:37:17.0759560Z             legacy_plasma.stimulated_emission_factor,
2025-01-13T15:37:17.0760270Z         )
2025-01-13T15:37:17.0760440Z         actual = calculate_beta_sobolev(tau_sobolevs)
2025-01-13T15:37:17.0760830Z >       expected = regression_data.sync_ndarray(actual)
2025-01-13T15:37:17.0761060Z 
2025-01-13T15:37:17.0761210Z tardis/opacities/tests/test_tau_sobolev.py:35: 
2025-01-13T15:37:17.0761510Z _ _ _ _ _ _ _ _ _ _ _ _ _ _ _ _ _ _ _ _ _ _ _ _ _ _ _ _ _ _ _ _ _ _ _ _ _ _ _ _ 
2025-01-13T15:37:17.0761950Z tardis/tests/fixtures/regression_data.py:111: in sync_ndarray
2025-01-13T15:37:17.0762260Z     return np.load(self.fpath)
2025-01-13T15:37:17.0762570Z _ _ _ _ _ _ _ _ _ _ _ _ _ _ _ _ _ _ _ _ _ _ _ _ _ _ _ _ _ _ _ _ _ _ _ _ _ _ _ _ 
2025-01-13T15:37:17.0762780Z 
2025-01-13T15:37:17.0763080Z file = PosixPath('/Users/runner/work/tardis/tardis/tardis-regression-data/test_tau_sobolev/test_calculate_beta_sobolevs.npy')
2025-01-13T15:37:17.0763710Z mmap_mode = None, allow_pickle = False, fix_imports = True, encoding = 'ASCII'
2025-01-13T15:37:17.0764000Z 
2025-01-13T15:37:17.0764060Z     @set_module('numpy')
2025-01-13T15:37:17.0764350Z     def load(file, mmap_mode=None, allow_pickle=False, fix_imports=True,
2025-01-13T15:37:17.0764750Z              encoding='ASCII', *, max_header_size=format._MAX_HEADER_SIZE):
2025-01-13T15:37:17.0765040Z         """
2025-01-13T15:37:17.0765310Z         Load arrays or pickled objects from ``.npy``, ``.npz`` or pickled files.
2025-01-13T15:37:17.0765880Z     
2025-01-13T15:37:17.0766190Z         .. warning:: Loading files that contain object arrays uses the ``pickle``
2025-01-13T15:37:17.0766590Z                      module, which is not secure against erroneous or maliciously
2025-01-13T15:37:17.0766900Z                      constructed data. Consider passing ``allow_pickle=False`` to
2025-01-13T15:37:17.0767210Z                      load data that is known not to contain object arrays for the
2025-01-13T15:37:17.0767470Z                      safer handling of untrusted sources.
2025-01-13T15:37:17.0767670Z     
2025-01-13T15:37:17.0767790Z         Parameters
2025-01-13T15:37:17.0767930Z         ----------
2025-01-13T15:37:17.0768110Z         file : file-like object, string, or pathlib.Path
2025-01-13T15:37:17.0768440Z             The file to read. File-like objects must support the
2025-01-13T15:37:17.0768750Z             ``seek()`` and ``read()`` methods and must always
2025-01-13T15:37:17.0769030Z             be opened in binary mode.  Pickled files require that the
2025-01-13T15:37:17.0769330Z             file-like object support the ``readline()`` method as well.
2025-01-13T15:37:17.0769610Z         mmap_mode : {None, 'r+', 'r', 'w+', 'c'}, optional
2025-01-13T15:37:17.0769880Z             If not None, then memory-map the file, using the given mode (see
2025-01-13T15:37:17.0770190Z             `numpy.memmap` for a detailed description of the modes).  A
2025-01-13T15:37:17.0770500Z             memory-mapped array is kept on disk. However, it can be accessed
2025-01-13T15:37:17.0770830Z             and sliced like any ndarray.  Memory mapping is especially useful
2025-01-13T15:37:17.0771150Z             for accessing small fragments of large files without reading the
2025-01-13T15:37:17.0771410Z             entire file into memory.
2025-01-13T15:37:17.0771660Z         allow_pickle : bool, optional
2025-01-13T15:37:17.0772040Z             Allow loading pickled object arrays stored in npy files. Reasons for
2025-01-13T15:37:17.0772510Z             disallowing pickles include security, as loading pickled data can
2025-01-13T15:37:17.0772910Z             execute arbitrary code. If pickles are disallowed, loading object
2025-01-13T15:37:17.0773190Z             arrays will fail. Default: False
2025-01-13T15:37:17.0773420Z     
2025-01-13T15:37:17.0773560Z             .. versionchanged:: 1.16.3
2025-01-13T15:37:17.0773780Z                 Made default False in response to CVE-2019-6446.
2025-01-13T15:37:17.0773990Z     
2025-01-13T15:37:17.0774110Z         fix_imports : bool, optional
2025-01-13T15:37:17.0774660Z             Only useful when loading Python 2 generated pickled files on Python 3,
2025-01-13T15:37:17.0775010Z             which includes npy/npz files containing object arrays. If `fix_imports`
2025-01-13T15:37:17.0775360Z             is True, pickle will try to map the old Python 2 names to the new names
2025-01-13T15:37:17.0775620Z             used in Python 3.
2025-01-13T15:37:17.0775800Z         encoding : str, optional
2025-01-13T15:37:17.0776060Z             What encoding to use when reading Python 2 strings. Only useful when
2025-01-13T15:37:17.0776390Z             loading Python 2 generated pickled files in Python 3, which includes
2025-01-13T15:37:17.0776730Z             npy/npz files containing object arrays. Values other than 'latin1',
2025-01-13T15:37:17.0777060Z             'ASCII', and 'bytes' are not allowed, as they can corrupt numerical
2025-01-13T15:37:17.0777310Z             data. Default: 'ASCII'
2025-01-13T15:37:17.0777490Z         max_header_size : int, optional
2025-01-13T15:37:17.0777830Z             Maximum allowed size of the header.  Large headers may not be safe
2025-01-13T15:37:17.0778160Z             to load securely and thus require explicitly passing a larger value.
2025-01-13T15:37:17.0778450Z             See :py:func:`ast.literal_eval()` for details.
2025-01-13T15:37:17.0778730Z             This option is ignored when `allow_pickle` is passed.  In that case
2025-01-13T15:37:17.0779200Z             the file is by definition trusted and the limit is unnecessary.
2025-01-13T15:37:17.0779430Z     
2025-01-13T15:37:17.0779550Z         Returns
2025-01-13T15:37:17.0779670Z         -------
2025-01-13T15:37:17.0779820Z         result : array, tuple, dict, etc.
2025-01-13T15:37:17.0780080Z             Data stored in the file. For ``.npz`` files, the returned instance
2025-01-13T15:37:17.0780400Z             of NpzFile class must be closed to avoid leaking file descriptors.
2025-01-13T15:37:17.0780650Z     
2025-01-13T15:37:17.0780750Z         Raises
2025-01-13T15:37:17.0780880Z         ------
2025-01-13T15:37:17.0781010Z         OSError
2025-01-13T15:37:17.0781180Z             If the input file does not exist or cannot be read.
2025-01-13T15:37:17.0781390Z         UnpicklingError
2025-01-13T15:37:17.0781630Z             If ``allow_pickle=True``, but the file cannot be loaded as a pickle.
2025-01-13T15:37:17.0781860Z         ValueError
2025-01-13T15:37:17.0782080Z             The file contains an object array, but ``allow_pickle=False`` given.
2025-01-13T15:37:17.0782330Z         EOFError
2025-01-13T15:37:17.0782540Z             When calling ``np.load`` multiple times on the same file handle,
2025-01-13T15:37:17.0782790Z             if all data has already been read
2025-01-13T15:37:17.0782980Z     
2025-01-13T15:37:17.0783110Z         See Also
2025-01-13T15:37:17.0783240Z         --------
2025-01-13T15:37:17.0783390Z         save, savez, savez_compressed, loadtxt
2025-01-13T15:37:17.0783690Z         memmap : Create a memory-map to an array stored in a file on disk.
2025-01-13T15:37:17.0784040Z         lib.format.open_memmap : Create or load a memory-mapped ``.npy`` file.
2025-01-13T15:37:17.0784290Z     
2025-01-13T15:37:17.0784400Z         Notes
2025-01-13T15:37:17.0784520Z         -----
2025-01-13T15:37:17.0784720Z         - If the file contains pickle data, then whatever object is stored
2025-01-13T15:37:17.0784980Z           in the pickle is returned.
2025-01-13T15:37:17.0785210Z         - If the file is a ``.npy`` file, then a single array is returned.
2025-01-13T15:37:17.0785510Z         - If the file is a ``.npz`` file, then a dictionary-like object is
2025-01-13T15:37:17.0785820Z           returned, containing ``{filename: array}`` key-value pairs, one for
2025-01-13T15:37:17.0786080Z           each file in the archive.
2025-01-13T15:37:17.0786320Z         - If the file is a ``.npz`` file, the returned value supports the
2025-01-13T15:37:17.0786650Z           context manager protocol in a similar fashion to the open function::
2025-01-13T15:37:17.0786900Z     
2025-01-13T15:37:17.0787240Z             with load('foo.npz') as data:
2025-01-13T15:37:17.0787430Z                 a = data['a']
2025-01-13T15:37:17.0787590Z     
2025-01-13T15:37:17.0787820Z           The underlying file descriptor is closed when exiting the 'with'
2025-01-13T15:37:17.0788070Z           block.
2025-01-13T15:37:17.0788190Z     
2025-01-13T15:37:17.0788300Z         Examples
2025-01-13T15:37:17.0788430Z         --------
2025-01-13T15:37:17.0788590Z         Store data to disk, and load it again:
2025-01-13T15:37:17.0788770Z     
2025-01-13T15:37:17.0788930Z         >>> np.save('/tmp/123', np.array([[1, 2, 3], [4, 5, 6]]))
2025-01-13T15:37:17.0789150Z         >>> np.load('/tmp/123.npy')
2025-01-13T15:37:17.0789320Z         array([[1, 2, 3],
2025-01-13T15:37:17.0789470Z                [4, 5, 6]])
2025-01-13T15:37:17.0789620Z     
2025-01-13T15:37:17.0789770Z         Store compressed data to disk, and load it again:
2025-01-13T15:37:17.0789970Z     
2025-01-13T15:37:17.0790100Z         >>> a=np.array([[1, 2, 3], [4, 5, 6]])
2025-01-13T15:37:17.0790290Z         >>> b=np.array([1, 2])
2025-01-13T15:37:17.0790470Z         >>> np.savez('/tmp/123.npz', a=a, b=b)
2025-01-13T15:37:17.0790680Z         >>> data = np.load('/tmp/123.npz')
2025-01-13T15:37:17.0790860Z         >>> data['a']
2025-01-13T15:37:17.0791010Z         array([[1, 2, 3],
2025-01-13T15:37:17.0791160Z                [4, 5, 6]])
2025-01-13T15:37:17.0791310Z         >>> data['b']
2025-01-13T15:37:17.0791550Z         array([1, 2])
2025-01-13T15:37:17.0791700Z         >>> data.close()
2025-01-13T15:37:17.0791840Z     
2025-01-13T15:37:17.0792000Z         Mem-map the stored array, and then access the second row
2025-01-13T15:37:17.0792240Z         directly from disk:
2025-01-13T15:37:17.0792380Z     
2025-01-13T15:37:17.0792520Z         >>> X = np.load('/tmp/123.npy', mmap_mode='r')
2025-01-13T15:37:17.0792720Z         >>> X[1, :]
2025-01-13T15:37:17.0792860Z         memmap([4, 5, 6])
2025-01-13T15:37:17.0793000Z     
2025-01-13T15:37:17.0793110Z         """
2025-01-13T15:37:17.0793270Z         if encoding not in ('ASCII', 'latin1', 'bytes'):
2025-01-13T15:37:17.0793530Z             # The 'encoding' value for pickle also affects what encoding
2025-01-13T15:37:17.0793810Z             # the serialized binary data of NumPy arrays is loaded
2025-01-13T15:37:17.0794090Z             # in. Pickle does not pass on the encoding information to
2025-01-13T15:37:17.0794370Z             # NumPy. The unpickling code in numpy.core.multiarray is
2025-01-13T15:37:17.0794780Z             # written to assume that unicode data appearing where binary
2025-01-13T15:37:17.0795090Z             # should be is in 'latin1'. 'bytes' is also safe, as is 'ASCII'.
2025-01-13T15:37:17.0795340Z             #
2025-01-13T15:37:17.0795520Z             # Other encoding values can corrupt binary data, and we
2025-01-13T15:37:17.0795810Z             # purposefully disallow them. For the same reason, the errors=
2025-01-13T15:37:17.0796110Z             # argument is not exposed, as values other than 'strict'
2025-01-13T15:37:17.0796390Z             # result can similarly silently corrupt numerical data.
2025-01-13T15:37:17.0796690Z             raise ValueError("encoding must be 'ASCII', 'latin1', or 'bytes'")
2025-01-13T15:37:17.0796940Z     
2025-01-13T15:37:17.0797140Z         pickle_kwargs = dict(encoding=encoding, fix_imports=fix_imports)
2025-01-13T15:37:17.0797370Z     
2025-01-13T15:37:17.0797520Z         with contextlib.ExitStack() as stack:
2025-01-13T15:37:17.0797730Z             if hasattr(file, 'read'):
2025-01-13T15:37:17.0797900Z                 fid = file
2025-01-13T15:37:17.0798060Z                 own_fid = False
2025-01-13T15:37:17.0798210Z             else:
2025-01-13T15:37:17.0798400Z >               fid = stack.enter_context(open(os_fspath(file), "rb"))
2025-01-13T15:37:17.0798960Z E               FileNotFoundError: [Errno 2] No such file or directory: '/Users/runner/work/tardis/tardis/tardis-regression-data/test_tau_sobolev/test_calculate_beta_sobolevs.npy'
2025-01-13T15:37:17.0799690Z 
2025-01-13T15:37:17.0799910Z ../../../micromamba/envs/tardis/lib/python3.12/site-packages/numpy/lib/npyio.py:427: FileNotFoundError
2025-01-13T15:37:17.0800290Z =============================== warnings summary ===============================
2025-01-13T15:37:17.0800530Z tardis/io/configuration/config_validator.py:6
2025-01-13T15:37:17.0800760Z tardis/io/configuration/config_validator.py:6
2025-01-13T15:37:17.0801160Z   /Users/runner/work/tardis/tardis/tardis/io/configuration/config_validator.py:6: DeprecationWarning:
2025-01-13T15:37:17.0801590Z   
2025-01-13T15:37:17.0802530Z   jsonschema.RefResolver is deprecated as of v4.18.0, in favor of the https://github.com/python-jsonschema/referencing library, which provides more compliant referencing behavior as well as more flexible APIs for customization. A future release will remove RefResolver. Please file a feature request (on referencing) if you are missing an API for the kind of customization you need.
2025-01-13T15:37:17.0803460Z 
2025-01-13T15:37:17.0803650Z ../../../micromamba/envs/tardis/lib/python3.12/site-packages/jupyter_client/connect.py:22
2025-01-13T15:37:17.0804170Z   /Users/runner/micromamba/envs/tardis/lib/python3.12/site-packages/jupyter_client/connect.py:22: DeprecationWarning:
2025-01-13T15:37:17.0804560Z   
2025-01-13T15:37:17.0804740Z   Jupyter is migrating its paths to use standard platformdirs
2025-01-13T15:37:17.0805040Z   given by the platformdirs library.  To remove this warning and
2025-01-13T15:37:17.0805650Z   see the appropriate new directories, set the environment variable
2025-01-13T15:37:17.0805960Z   `JUPYTER_PLATFORM_DIRS=1` and then run `jupyter --paths`.
2025-01-13T15:37:17.0806260Z   The use of platformdirs will be the default in `jupyter_core` v6
2025-01-13T15:37:17.0806450Z 
2025-01-13T15:37:17.0806580Z tardis/io/tests/test_HDFWriter.py::test_multi_index_write
2025-01-13T15:37:17.0806950Z tardis/visualization/widgets/tests/test_shell_info.py::TestHDFShellInfo::test_shells_data
2025-01-13T15:37:17.0807380Z   /Users/runner/work/tardis/tardis/tardis/io/util.py:276: PerformanceWarning:
2025-01-13T15:37:17.0807660Z   
2025-01-13T15:37:17.0807760Z   
2025-01-13T15:37:17.0807980Z   your performance may suffer as PyTables will pickle object types that it cannot
2025-01-13T15:37:17.0808400Z   map directly to c-types [inferred_type->mixed,key->block0_values] [items->Index([0], dtype='int64')]
2025-01-13T15:37:17.0808670Z 
2025-01-13T15:37:17.0808820Z tardis/io/tests/test_model_reader.py::test_read_cmfgen_isotope_abundances
2025-01-13T15:37:17.0809200Z tardis/plasma/tests/test_tardis_model_density_config.py::test_electron_densities
2025-01-13T15:37:17.0809610Z tardis/plasma/tests/test_tardis_model_density_config.py::test_isotope_number_densities
2025-01-13T15:37:17.0810000Z tardis/plasma/tests/test_tardis_model_density_config.py::test_t_rad
2025-01-13T15:37:17.0810440Z   /Users/runner/work/tardis/tardis/tardis/io/model/readers/cmfgen_deprecated.py:82: DeprecationWarning:
2025-01-13T15:37:17.0810790Z   
2025-01-13T15:37:17.0810940Z   The current CMFGEN model parser is deprecated
2025-01-13T15:37:17.0811090Z 
2025-01-13T15:37:17.0811180Z tardis/io/tests/test_model_reader.py: 1 warning
2025-01-13T15:37:17.0811460Z tardis/plasma/tests/test_tardis_model_density_config.py: 9 warnings
2025-01-13T15:37:17.0811910Z   /Users/runner/work/tardis/tardis/tardis/io/model/readers/cmfgen_deprecated.py:40: DeprecationWarning:
2025-01-13T15:37:17.0812260Z   
2025-01-13T15:37:17.0812410Z   The current CMFGEN model parser is deprecated
2025-01-13T15:37:17.0812550Z 
2025-01-13T15:37:17.0812720Z tardis/model/tests/test_base.py::TestModelFromPaper1Config::test_abundances
2025-01-13T15:37:17.0813230Z   /Users/runner/work/tardis/tardis/tardis/transport/montecarlo/montecarlo_main_loop.py:123: NumbaTypeSafetyWarning:
2025-01-13T15:37:17.0813620Z   
2025-01-13T15:37:17.0814030Z   [1m[1m[1munsafe cast from uint64 to int64. Precision may be lost.[0m[0m[0m
2025-01-13T15:37:17.0814240Z 
2025-01-13T15:37:17.0814320Z tardis/model/tests/test_base.py: 6 warnings
2025-01-13T15:37:17.0814730Z tardis/model/tests/test_csvy_model.py: 2 warnings
2025-01-13T15:37:17.0815020Z tardis/plasma/tests/test_tardis_model_density_config.py: 3 warnings
2025-01-13T15:37:17.0815440Z   /Users/runner/work/tardis/tardis/tardis/model/geometry/radial1d.py:50: DeprecationWarning:
2025-01-13T15:37:17.0815760Z   
2025-01-13T15:37:17.0815900Z   v_inner_boundary < 0, assuming default value
2025-01-13T15:37:17.0816050Z 
2025-01-13T15:37:17.0816120Z tardis/model/tests/test_base.py: 6 warnings
2025-01-13T15:37:17.0816350Z tardis/model/tests/test_csvy_model.py: 2 warnings
2025-01-13T15:37:17.0816640Z tardis/plasma/tests/test_tardis_model_density_config.py: 3 warnings
2025-01-13T15:37:17.0817050Z   /Users/runner/work/tardis/tardis/tardis/model/geometry/radial1d.py:61: DeprecationWarning:
2025-01-13T15:37:17.0817370Z   
2025-01-13T15:37:17.0817630Z   v_outer_boundary < 0, assuming default value
2025-01-13T15:37:17.0817780Z 
2025-01-13T15:37:17.0818150Z tardis/plasma/equilibrium/tests/test_level_populations.py::TestLevelPopulationSolver::test_solve[collisional_rate_solver0-radiative_transitions0]
2025-01-13T15:37:17.0818820Z   /Users/runner/work/tardis/tardis/tardis/plasma/equilibrium/level_populations.py:65: FutureWarning:
2025-01-13T15:37:17.0819260Z   
2025-01-13T15:37:17.0819550Z   A value is trying to be set on a copy of a DataFrame or Series through chained assignment using an inplace method.
2025-01-13T15:37:17.0820190Z   The behavior will change in pandas 3.0. This inplace method will never work because the intermediate object on which we are setting values always behaves as a copy.
2025-01-13T15:37:17.0827710Z   
2025-01-13T15:37:17.0828520Z   For example, when doing 'df[col].method(value, inplace=True)', try using 'df.method({col: value}, inplace=True)' or df[col] = df[col].method(value) instead, to perform the operation inplace on the original object.
2025-01-13T15:37:17.0829010Z 
2025-01-13T15:37:17.0829130Z tardis/plasma/tests/test_complete_plasmas.py: 20 warnings
2025-01-13T15:37:17.0829540Z   /Users/runner/work/tardis/tardis/tardis/plasma/tests/test_complete_plasmas.py:197: UserWarning:
2025-01-13T15:37:17.0829910Z   
2025-01-13T15:37:17.0830030Z   Property "atomic_mass" not found
2025-01-13T15:37:17.0830170Z 
2025-01-13T15:37:17.0830530Z tardis/plasma/tests/test_complete_plasmas.py::TestPlasma::test_plasma_properties[radiative_rates_type:detailed-w_epsilon:1e-10-j_blues_norm_factor]
2025-01-13T15:37:17.0831220Z tardis/plasma/tests/test_complete_plasmas.py::TestPlasma::test_plasma_properties[radiative_rates_type:detailed-j_blues_norm_factor]
2025-01-13T15:37:17.0831820Z   /Users/runner/work/tardis/tardis/tardis/plasma/tests/test_complete_plasmas.py:197: UserWarning:
2025-01-13T15:37:17.0832150Z   
2025-01-13T15:37:17.0832290Z   Property "j_blues_norm_factor" not found
2025-01-13T15:37:17.0832430Z 
2025-01-13T15:37:17.0832750Z tardis/plasma/tests/test_complete_plasmas.py::TestPlasma::test_plasma_properties[radiative_rates_type:detailed-w_epsilon:1e-10-j_blue_estimator]
2025-01-13T15:37:17.0833420Z tardis/plasma/tests/test_complete_plasmas.py::TestPlasma::test_plasma_properties[radiative_rates_type:detailed-j_blue_estimator]
2025-01-13T15:37:17.0834000Z   /Users/runner/work/tardis/tardis/tardis/plasma/tests/test_complete_plasmas.py:197: UserWarning:
2025-01-13T15:37:17.0834340Z   
2025-01-13T15:37:17.0834470Z   Property "j_blue_estimator" not found
2025-01-13T15:37:17.0834610Z 
2025-01-13T15:37:17.0834910Z tardis/plasma/tests/test_complete_plasmas.py::TestPlasma::test_plasma_properties[radiative_rates_type:detailed-w_epsilon:1e-10-volume]
2025-01-13T15:37:17.0835540Z tardis/plasma/tests/test_complete_plasmas.py::TestPlasma::test_plasma_properties[radiative_rates_type:detailed-volume]
2025-01-13T15:37:17.0836100Z   /Users/runner/work/tardis/tardis/tardis/plasma/tests/test_complete_plasmas.py:197: UserWarning:
2025-01-13T15:37:17.0836440Z   
2025-01-13T15:37:17.0836560Z   Property "volume" not found
2025-01-13T15:37:17.0836680Z 
2025-01-13T15:37:17.0836990Z tardis/plasma/tests/test_complete_plasmas.py::TestPlasma::test_plasma_properties[radiative_rates_type:detailed-w_epsilon:1e-10-r_inner]
2025-01-13T15:37:17.0838140Z tardis/plasma/tests/test_complete_plasmas.py::TestPlasma::test_plasma_properties[radiative_rates_type:detailed-r_inner]
2025-01-13T15:37:17.0838690Z   /Users/runner/work/tardis/tardis/tardis/plasma/tests/test_complete_plasmas.py:197: UserWarning:
2025-01-13T15:37:17.0839030Z   
2025-01-13T15:37:17.0839150Z   Property "r_inner" not found
2025-01-13T15:37:17.0839270Z 
2025-01-13T15:37:17.0839440Z tardis/plasma/tests/test_plasma_vboundary.py::test_plasma_vboundary[2900-3750]
2025-01-13T15:37:17.0839840Z tardis/plasma/tests/test_plasma_vboundary.py::test_plasma_vboundary[2900-3850]
2025-01-13T15:37:17.0840230Z tardis/plasma/tests/test_plasma_vboundary.py::test_plasma_vboundary[2900-3900]
2025-01-13T15:37:17.0840650Z   /Users/runner/work/tardis/tardis/tardis/model/geometry/radial1d.py:71: UserWarning:
2025-01-13T15:37:17.0840960Z   
2025-01-13T15:37:17.0841170Z   Requesting inner boundary below inner shell. Extrapolating the inner cell
2025-01-13T15:37:17.0841400Z 
2025-01-13T15:37:17.0841580Z tardis/spectrum/tests/test_spectrum_solver.py::TestSpectrumSolver::test_solve
2025-01-13T15:37:17.0841980Z   /Users/runner/work/tardis/tardis/tardis/spectrum/base.py:70: UserWarning:
2025-01-13T15:37:17.0842250Z   
2025-01-13T15:37:17.0842570Z   SpectrumSolver.spectrum_virtual_packets is zero. Please run the montecarlo simulation with no_of_virtual_packets > 0
2025-01-13T15:37:17.0843010Z 
2025-01-13T15:37:17.0843180Z tardis/spectrum/tests/test_spectrum_solver.py::TestSpectrumSolver::test_solve
2025-01-13T15:37:17.0843580Z   /Users/runner/work/tardis/tardis/tardis/spectrum/base.py:111: UserWarning:
2025-01-13T15:37:17.0843850Z   
2025-01-13T15:37:17.0844190Z   SpectrumSolver.integrator: The FormalIntegrator is not yet available.Please run the montecarlo simulation at least once.
2025-01-13T15:37:17.0844530Z 
2025-01-13T15:37:17.0844700Z tardis/transport/montecarlo/tests/test_vpacket.py::test_trace_vpacket_volley
2025-01-13T15:37:17.0845020Z   <string>:3: NumbaPendingDeprecationWarning:
2025-01-13T15:37:17.0845220Z   
2025-01-13T15:37:17.0847820Z   [1m[1mCode using Numba extension API maybe depending on 'old_style' error-capturing, which is deprecated and will be replaced by 'new_style' in a future release. See details at https://numba.readthedocs.io/en/latest/reference/deprecation.html#deprecation-of-old-style-numba-captured-errors
2025-01-13T15:37:17.0848690Z   Exception origin:
2025-01-13T15:37:17.0848990Z     File "/Users/runner/micromamba/envs/tardis/lib/python3.12/inspect.py", line 3180, in _bind
2025-01-13T15:37:17.0849330Z       raise TypeError(msg) from None
2025-01-13T15:37:17.0849550Z   [0m[0m
2025-01-13T15:37:17.0849620Z 
2025-01-13T15:37:17.0849900Z tardis/visualization/tools/tests/test_sdec_plot.py::TestSDECPlotter::test_mpl_image[plotter_generate_plot_mpl4]
2025-01-13T15:37:17.0850440Z   /Users/runner/work/tardis/tardis/tardis/visualization/tools/sdec_plot.py:1225: RuntimeWarning:
2025-01-13T15:37:17.0850780Z   
2025-01-13T15:37:17.0851500Z   More than 20 figures have been opened. Figures created through the pyplot interface (`matplotlib.pyplot.figure`) are retained until explicitly closed and may consume too much memory. (To control this warning, see the rcParam `figure.max_open_warning`). Consider using `matplotlib.pyplot.close()`.
2025-01-13T15:37:17.0852230Z 
2025-01-13T15:37:17.0852550Z tardis/visualization/widgets/tests/test_custom_abundance.py::TestCustomAbundanceWidget::test_update_input_item_value
2025-01-13T15:37:17.0853170Z tardis/visualization/widgets/tests/test_custom_abundance.py::TestCustomAbundanceWidget::test_update_input_item_value
2025-01-13T15:37:17.0853780Z tardis/visualization/widgets/tests/test_custom_abundance.py::TestCustomAbundanceWidget::test_update_input_item_value
2025-01-13T15:37:17.0854390Z tardis/visualization/widgets/tests/test_custom_abundance.py::TestCustomAbundanceWidget::test_update_input_item_value
2025-01-13T15:37:17.0855000Z tardis/visualization/widgets/tests/test_custom_abundance.py::TestCustomAbundanceWidget::test_update_input_item_value
2025-01-13T15:37:17.0855890Z tardis/visualization/widgets/tests/test_custom_abundance.py::TestCustomAbundanceWidget::test_update_input_item_value
2025-01-13T15:37:17.0856510Z   /Users/runner/micromamba/envs/tardis/lib/python3.12/site-packages/traitlets/traitlets.py:1385: DeprecationWarning:
2025-01-13T15:37:17.0856900Z   
2025-01-13T15:37:17.0857120Z   Passing unrecognized arguments to super(Checkbox).__init__(icon='lock').
2025-01-13T15:37:17.0857480Z   object.__init__() takes exactly one argument (the instance to initialize)
2025-01-13T15:37:17.0857880Z   This is deprecated in traitlets 4.2.This error will be raised in a future release of traitlets.
2025-01-13T15:37:17.0858150Z 
2025-01-13T15:37:17.0858420Z tardis/visualization/widgets/tests/test_custom_abundance.py::TestCustomAbundanceWidget::test_update_input_item_value
2025-01-13T15:37:17.0859030Z tardis/visualization/widgets/tests/test_custom_abundance.py::TestCustomAbundanceWidget::test_update_input_item_value
2025-01-13T15:37:17.0859650Z   /Users/runner/micromamba/envs/tardis/lib/python3.12/site-packages/traitlets/traitlets.py:1385: DeprecationWarning:
2025-01-13T15:37:17.0860050Z   
2025-01-13T15:37:17.0860250Z   Passing unrecognized arguments to super(FloatText).__init__(min=0).
2025-01-13T15:37:17.0860600Z   object.__init__() takes exactly one argument (the instance to initialize)
2025-01-13T15:37:17.0861060Z   This is deprecated in traitlets 4.2.This error will be raised in a future release of traitlets.
2025-01-13T15:37:17.0861320Z 
2025-01-13T15:37:17.0861590Z tardis/visualization/widgets/tests/test_custom_abundance.py::TestCustomAbundanceWidget::test_update_input_item_value
2025-01-13T15:37:17.0862210Z   /Users/runner/micromamba/envs/tardis/lib/python3.12/site-packages/traitlets/traitlets.py:1385: DeprecationWarning:
2025-01-13T15:37:17.0862610Z   
2025-01-13T15:37:17.0862820Z   Passing unrecognized arguments to super(HTML).__init__(indent=True).
2025-01-13T15:37:17.0863160Z   object.__init__() takes exactly one argument (the instance to initialize)
2025-01-13T15:37:17.0863570Z   This is deprecated in traitlets 4.2.This error will be raised in a future release of traitlets.
2025-01-13T15:37:17.0863840Z 
2025-01-13T15:37:17.0864170Z tardis/visualization/widgets/tests/test_line_info.py::TestLineInfoWidgetData::test_get_species_interactions[wavelength_range0-packet_out_nu]
2025-01-13T15:37:17.0864830Z   /Users/runner/micromamba/envs/tardis/lib/python3.12/site-packages/qgridnext/grid.py:820: DeprecationWarning:
2025-01-13T15:37:17.0865210Z   
2025-01-13T15:37:17.0865480Z   QgridWidget._precision_changed is deprecated in traitlets 4.1: use @observe and @unobserve instead.
2025-01-13T15:37:17.0865760Z 
2025-01-13T15:37:17.0865970Z tardis/visualization/widgets/tests/test_shell_info.py::TestHDFShellInfo::test_shells_data
2025-01-13T15:37:17.0866400Z   /Users/runner/work/tardis/tardis/tardis/io/util.py:289: PerformanceWarning:
2025-01-13T15:37:17.0866680Z   
2025-01-13T15:37:17.0866800Z   
2025-01-13T15:37:17.0867030Z   your performance may suffer as PyTables will pickle object types that it cannot
2025-01-13T15:37:17.0867590Z   map directly to c-types [inferred_type->mixed,key->block0_values] [items->Index([0], dtype='int64')]
2025-01-13T15:37:17.0867860Z 
2025-01-13T15:37:17.0868070Z tardis/visualization/widgets/tests/test_shell_info.py::TestHDFShellInfo::test_shells_data
2025-01-13T15:37:17.0868500Z   /Users/runner/work/tardis/tardis/tardis/io/util.py:292: PerformanceWarning:
2025-01-13T15:37:17.0868780Z   
2025-01-13T15:37:17.0868890Z   
2025-01-13T15:37:17.0869110Z   your performance may suffer as PyTables will pickle object types that it cannot
2025-01-13T15:37:17.0869490Z   map directly to c-types [inferred_type->mixed,key->values] [items->None]
2025-01-13T15:37:17.0869700Z 
2025-01-13T15:37:17.0869890Z tardis/visualization/widgets/tests/test_shell_info.py::TestHDFShellInfo::test_shells_data
2025-01-13T15:37:17.0870360Z   /Users/runner/work/tardis/tardis/tardis/spectrum/formal_integral.py:398: UserWarning:
2025-01-13T15:37:17.0870900Z   
2025-01-13T15:37:17.0871110Z   The number of interpolate_shells was not specified. The value was set to 80.
2025-01-13T15:37:17.0871330Z 
2025-01-13T15:37:17.0871490Z -- Docs: https://docs.pytest.org/en/stable/how-to/capture-warnings.html
2025-01-13T15:37:17.0871710Z 
2025-01-13T15:37:17.0871840Z ---------- coverage: platform darwin, python 3.12.4-final-0 ----------
2025-01-13T15:37:17.0872130Z Coverage HTML written to dir coverage_html_report
2025-01-13T15:37:17.0872360Z Coverage XML written to file coverage.xml
2025-01-13T15:37:17.0872500Z 
2025-01-13T15:37:17.0872600Z =========================== short test summary info ============================
2025-01-13T15:37:17.0873370Z FAILED tardis/opacities/tests/test_tau_sobolev.py::test_calculate_sobolev_line_opacity - FileNotFoundError: File /Users/runner/work/tardis/tardis/tardis-regression-data/test_tau_sobolev/test_calculate_sobolev_line_opacity.h5 does not exist
2025-01-13T15:37:17.0874600Z FAILED tardis/opacities/tests/test_tau_sobolev.py::test_calculate_beta_sobolevs - FileNotFoundError: [Errno 2] No such file or directory: '/Users/runner/work/tardis/tardis/tardis-regression-data/test_tau_sobolev/test_calculate_beta_sobolevs.npy'
2025-01-13T15:37:17.0875450Z = 2 failed, 1436 passed, 329 skipped, 2 deselected, 19 xfailed, 8 xpassed, 91 warnings in 978.35s (0:16:18) =
2025-01-13T15:37:18.7054250Z ##[error]Process completed with exit code 1.
