2025-01-10T07:25:10.0034350Z ##[group]Run pytest tardis --tardis-regression-data=/home/runner/work/tardis/tardis/tardis-regression-data --cov=tardis --cov-report=xml --cov-report=html --cov-append -m " continuum"
2025-01-10T07:25:10.0035780Z [36;1mpytest tardis --tardis-regression-data=/home/runner/work/tardis/tardis/tardis-regression-data --cov=tardis --cov-report=xml --cov-report=html --cov-append -m " continuum"[0m
2025-01-10T07:25:10.0063153Z shell: /usr/bin/bash -l {0}
2025-01-10T07:25:10.0063428Z env:
2025-01-10T07:25:10.0063622Z   CACHE_NUMBER: 0
2025-01-10T07:25:10.0064304Z   PYTEST_FLAGS: --tardis-regression-data=/home/runner/work/tardis/tardis/tardis-regression-data --cov=tardis --cov-report=xml --cov-report=html --cov-append
2025-01-10T07:25:10.0065048Z   CODECOV_TOKEN: 
2025-01-10T07:25:10.0065288Z   MAMBA_ROOT_PREFIX: /home/runner/micromamba
2025-01-10T07:25:10.0065621Z   MAMBA_EXE: /home/runner/micromamba-bin/micromamba
2025-01-10T07:25:10.0066006Z   CONDARC: /home/runner/work/_temp/setup-micromamba/.condarc
2025-01-10T07:25:10.0066384Z ##[endgroup]
2025-01-10T07:25:18.4531560Z ============================= test session starts ==============================
2025-01-10T07:25:18.4532650Z platform linux -- Python 3.12.4, pytest-8.2.2, pluggy-1.5.0
2025-01-10T07:25:18.4533321Z rootdir: /home/runner/work/tardis/tardis
2025-01-10T07:25:18.4533847Z configfile: pyproject.toml
2025-01-10T07:25:18.4534499Z plugins: anyio-4.4.0, doctestplus-1.2.1, cov-5.0.0, html-4.1.1, metadata-3.1.1
2025-01-10T07:25:18.4535299Z collected 1796 items / 1794 deselected / 2 selected
2025-01-10T07:25:18.4535702Z 
2025-01-10T07:26:05.7205857Z tardis/transport/montecarlo/estimators/tests/test_continuum_property_solver.py F [ 50%]
2025-01-10T07:26:05.7208248Z                                                                          [ 50%]
2025-01-10T07:26:38.5994687Z tardis/transport/montecarlo/tests/test_continuum.py F                    [100%]
2025-01-10T07:26:38.5995381Z 
2025-01-10T07:26:38.5995581Z =================================== FAILURES ===================================
2025-01-10T07:26:38.5996274Z __________________________ test_continuum_estimators ___________________________
2025-01-10T07:26:38.5996729Z 
2025-01-10T07:26:38.5997976Z continuum_config = {'tardis_config_version': 'v1.0', 'supernova': {'luminosity_requested': <Quantity 4.31528298e+42 erg / s>, 'time_explo...': 10.0, 'survival_probability': 0.0, 'enable_biasing': False, 'virtual_packet_logging': False}}, 'config_dirname': ''}
2025-01-10T07:26:38.5999768Z nlte_atomic_dataset = <Atomic Data UUID=None MD5=None Lines=69056 Levels=26012>
2025-01-10T07:26:38.6000308Z 
2025-01-10T07:26:38.6000470Z     @pytest.mark.continuum
2025-01-10T07:26:38.6000895Z     def test_continuum_estimators(
2025-01-10T07:26:38.6001336Z         continuum_config,
2025-01-10T07:26:38.6001707Z         nlte_atomic_dataset,
2025-01-10T07:26:38.6002299Z     ):
2025-01-10T07:26:38.6002683Z         nlte_atomic_dataset = deepcopy(nlte_atomic_dataset)
2025-01-10T07:26:38.6003264Z         continuum_simulation = Simulation.from_config(
2025-01-10T07:26:38.6003808Z             continuum_config,
2025-01-10T07:26:38.6004211Z             atom_data=nlte_atomic_dataset,
2025-01-10T07:26:38.6004659Z             virtual_packet_logging=False,
2025-01-10T07:26:38.6005072Z         )
2025-01-10T07:26:38.6005398Z         # continuum_simulation.run_convergence()
2025-01-10T07:26:38.6005882Z         continuum_properties_solver_dilute_bb = (
2025-01-10T07:26:38.6006446Z             DiluteBlackBodyContinuumPropertiesSolver(
2025-01-10T07:26:38.6007383Z                 continuum_simulation.plasma.atomic_data
2025-01-10T07:26:38.6007830Z             )
2025-01-10T07:26:38.6008114Z         )
2025-01-10T07:26:38.6008369Z     
2025-01-10T07:26:38.6008677Z         continuum_properties_dilute_bb = (
2025-01-10T07:26:38.6009237Z             continuum_properties_solver_dilute_bb.solve(
2025-01-10T07:26:38.6009816Z                 continuum_simulation.simulation_state.radiation_field_state,
2025-01-10T07:26:38.6010437Z                 continuum_simulation.plasma.t_electrons,
2025-01-10T07:26:38.6011304Z             )
2025-01-10T07:26:38.6011608Z         )
2025-01-10T07:26:38.6012176Z     
2025-01-10T07:26:38.6012532Z         continuum_plasma = continuum_simulation.plasma
2025-01-10T07:26:38.6012961Z     
2025-01-10T07:26:38.6013218Z         pdt.assert_frame_equal(
2025-01-10T07:26:38.6013748Z             continuum_properties_dilute_bb.photo_ionization_rate_coefficient,
2025-01-10T07:26:38.6014366Z             continuum_simulation.plasma.gamma,
2025-01-10T07:26:38.6014798Z         )
2025-01-10T07:26:38.6015092Z         stimulated_recomb_rate_coeff = (
2025-01-10T07:26:38.6015653Z             continuum_properties_dilute_bb.stimulated_recombination_rate_factor
2025-01-10T07:26:38.6016235Z             * continuum_plasma.phi_ik.loc[
2025-01-10T07:26:38.6016835Z                 continuum_properties_dilute_bb.stimulated_recombination_rate_factor.index
2025-01-10T07:26:38.6017410Z             ]
2025-01-10T07:26:38.6017678Z         )
2025-01-10T07:26:38.6017955Z         pdt.assert_frame_equal(
2025-01-10T07:26:38.6018433Z             stimulated_recomb_rate_coeff, continuum_plasma.alpha_stim
2025-01-10T07:26:38.6018924Z         )
2025-01-10T07:26:38.6019171Z     
2025-01-10T07:26:38.6019452Z >       continuum_simulation.run_final()
2025-01-10T07:26:38.6019716Z 
2025-01-10T07:26:38.6020139Z tardis/transport/montecarlo/estimators/tests/test_continuum_property_solver.py:54: 
2025-01-10T07:26:38.6020850Z _ _ _ _ _ _ _ _ _ _ _ _ _ _ _ _ _ _ _ _ _ _ _ _ _ _ _ _ _ _ _ _ _ _ _ _ _ _ _ _ 
2025-01-10T07:26:38.6021358Z tardis/simulation/base.py:558: in run_final
2025-01-10T07:26:38.6022090Z     emitted_luminosity, v_packets_energy_hist = self.iterate(
2025-01-10T07:26:38.6022624Z tardis/simulation/base.py:462: in iterate
2025-01-10T07:26:38.6023135Z     transport_state = self.transport.initialize_transport_state(
2025-01-10T07:26:38.6023796Z tardis/transport/montecarlo/base.py:129: in initialize_transport_state
2025-01-10T07:26:38.6024341Z     ).to_numba(
2025-01-10T07:26:38.6024682Z tardis/opacities/opacity_state.py:342: in to_numba
2025-01-10T07:26:38.6025127Z     return OpacityStateNumba(
2025-01-10T07:26:38.6025837Z ../../../micromamba/envs/tardis/lib/python3.12/site-packages/numba/experimental/jitclass/base.py:124: in __call__
2025-01-10T07:26:38.6026625Z     return cls._ctor(*bind.args[1:], **bind.kwargs)
2025-01-10T07:26:38.6027369Z ../../../micromamba/envs/tardis/lib/python3.12/site-packages/numba/core/dispatcher.py:468: in _compile_for_args
2025-01-10T07:26:38.6028097Z     error_rewrite(e, 'typing')
2025-01-10T07:26:38.6028477Z _ _ _ _ _ _ _ _ _ _ _ _ _ _ _ _ _ _ _ _ _ _ _ _ _ _ _ _ _ _ _ _ _ _ _ _ _ _ _ _ 
2025-01-10T07:26:38.6028793Z 
2025-01-10T07:26:38.6029818Z e = TypingError('Failed in nopython mode pipeline (step: nopython frontend)\nInternal error at <numba.core.typeinfer.CallC...bug level for details.\n\x1b[1m\nFile "<string>", line 3:\x1b[0m\n\x1b[1m<source missing, REPL/exec in use?>\x1b[0m\n')
2025-01-10T07:26:38.6031071Z issue_type = 'typing'
2025-01-10T07:26:38.6031268Z 
2025-01-10T07:26:38.6031395Z     def error_rewrite(e, issue_type):
2025-01-10T07:26:38.6031874Z         """
2025-01-10T07:26:38.6032263Z         Rewrite and raise Exception `e` with help supplied based on the
2025-01-10T07:26:38.6032753Z         specified issue_type.
2025-01-10T07:26:38.6033058Z         """
2025-01-10T07:26:38.6033305Z         if config.SHOW_HELP:
2025-01-10T07:26:38.6033667Z             help_msg = errors.error_extras[issue_type]
2025-01-10T07:26:38.6034375Z             e.patch_message('\n'.join((str(e).rstrip(), help_msg)))
2025-01-10T07:26:38.6034808Z         if config.FULL_TRACEBACKS:
2025-01-10T07:26:38.6035151Z             raise e
2025-01-10T07:26:38.6035407Z         else:
2025-01-10T07:26:38.6035669Z >           raise e.with_traceback(None)
2025-01-10T07:26:38.6036278Z E           numba.core.errors.TypingError: Failed in nopython mode pipeline (step: nopython frontend)
2025-01-10T07:26:38.6037118Z E           Internal error at <numba.core.typeinfer.CallConstraint object at 0x7f792442ae40>.
2025-01-10T07:26:38.6038316Z E           [1m[1mFailed in nopython mode pipeline (step: native lowering)
2025-01-10T07:26:38.6038907Z E           [1m[1mCan't index at [1] in [1 x i64]
2025-01-10T07:26:38.6039315Z E           [1m
2025-01-10T07:26:38.6039747Z E           File "tardis/opacities/opacity_state.py", line 82:[0m
2025-01-10T07:26:38.6040251Z E           [1m    def __init__(
2025-01-10T07:26:38.6040591Z E                   <source elided>
2025-01-10T07:26:38.6040981Z E                   self.line_list_nu = line_list_nu
2025-01-10T07:26:38.6041488Z E           [1m        self.tau_sobolev = tau_sobolev
2025-01-10T07:26:38.6042124Z E           [0m        [1m^[0m[0m
2025-01-10T07:26:38.6042514Z E           [0m
2025-01-10T07:26:38.6043411Z E           [0m[1mDuring: lowering "(self).tau_sobolev = tau_sobolev" at /home/runner/work/tardis/tardis/tardis/opacities/opacity_state.py (82)[0m
2025-01-10T07:26:38.6048816Z E           [0m[1mDuring: resolving callee type: jitclass.OpacityStateNumba#7f7931866cf0<electron_density:array(float64, 1d, A),t_electrons:array(float64, 1d, A),line_list_nu:array(float64, 1d, A),tau_sobolev:array(float64, 2d, A),transition_probabilities:array(float64, 2d, A),line2macro_level_upper:array(int64, 1d, A),macro_block_references:array(int64, 1d, A),transition_type:array(int64, 1d, A),destination_level_id:array(int64, 1d, A),transition_line_id:array(int64, 1d, A),bf_threshold_list_nu:array(float64, 1d, A),p_fb_deactivation:array(float64, 2d, A),photo_ion_nu_threshold_mins:array(float64, 1d, A),photo_ion_nu_threshold_maxs:array(float64, 1d, A),photo_ion_block_references:array(int64, 1d, A),chi_bf:array(float64, 2d, A),x_sect:array(float64, 1d, A),phot_nus:array(float64, 1d, A),ff_opacity_factor:array(float64, 1d, A),emissivities:array(float64, 2d, A),photo_ion_activation_idx:array(int64, 1d, A),k_packet_idx:int64>[0m
2025-01-10T07:26:38.6053262Z E           [0m[1mDuring: typing of call at <string> (3)
2025-01-10T07:26:38.6053708Z E           [0m
2025-01-10T07:26:38.6054024Z E           Enable logging at debug level for details.
2025-01-10T07:26:38.6054450Z E           [1m
2025-01-10T07:26:38.6054800Z E           File "<string>", line 3:[0m
2025-01-10T07:26:38.6055259Z E           [1m<source missing, REPL/exec in use?>[0m
2025-01-10T07:26:38.6055543Z 
2025-01-10T07:26:38.6055964Z ../../../micromamba/envs/tardis/lib/python3.12/site-packages/numba/core/dispatcher.py:409: TypingError
2025-01-10T07:26:38.6056758Z ----------------------------- Captured stdout call -----------------------------
2025-01-10T07:26:38.6057521Z [[1mtardis.io.model.parse_density_configuration[0m][[1;33mWARNING[0m]  
2025-01-10T07:26:38.6058638Z 	Number of density points larger than number of shells. Assuming inner point irrelevant ([1mparse_density_configuration.py[0m:114)
2025-01-10T07:26:38.6059577Z ------------------------------ Captured log call -------------------------------
2025-01-10T07:26:38.6060712Z WARNING  tardis.io.model.parse_density_configuration:parse_density_configuration.py:114 Number of density points larger than number of shells. Assuming inner point irrelevant
2025-01-10T07:26:38.6062073Z __________________________ test_montecarlo_continuum ___________________________
2025-01-10T07:26:38.6062427Z 
2025-01-10T07:26:38.6063448Z continuum_config = {'tardis_config_version': 'v1.0', 'supernova': {'luminosity_requested': <Quantity 4.31528298e+42 erg / s>, 'time_explo...': 10.0, 'survival_probability': 0.0, 'enable_biasing': False, 'virtual_packet_logging': False}}, 'config_dirname': ''}
2025-01-10T07:26:38.6065176Z regression_data = <tardis.tests.fixtures.regression_data.RegressionData object at 0x7f79246fd4f0>
2025-01-10T07:26:38.6066039Z nlte_atomic_dataset = <Atomic Data UUID=None MD5=None Lines=69056 Levels=26012>
2025-01-10T07:26:38.6066452Z 
2025-01-10T07:26:38.6066575Z     @pytest.mark.continuum
2025-01-10T07:26:38.6066902Z     def test_montecarlo_continuum(
2025-01-10T07:26:38.6067241Z         continuum_config,
2025-01-10T07:26:38.6067540Z         regression_data,
2025-01-10T07:26:38.6068059Z         nlte_atomic_dataset,
2025-01-10T07:26:38.6068360Z     ):
2025-01-10T07:26:38.6068661Z         nlte_atomic_dataset = deepcopy(nlte_atomic_dataset)
2025-01-10T07:26:38.6069123Z         continuum_simulation = Simulation.from_config(
2025-01-10T07:26:38.6069525Z             continuum_config,
2025-01-10T07:26:38.6069848Z             atom_data=nlte_atomic_dataset,
2025-01-10T07:26:38.6070233Z             virtual_packet_logging=False,
2025-01-10T07:26:38.6070597Z         )
2025-01-10T07:26:38.6070879Z         # continuum_simulation.run_convergence()
2025-01-10T07:26:38.6071278Z     
2025-01-10T07:26:38.6071553Z >       continuum_simulation.run_final()
2025-01-10T07:26:38.6071971Z 
2025-01-10T07:26:38.6072192Z tardis/transport/montecarlo/tests/test_continuum.py:23: 
2025-01-10T07:26:38.6072687Z _ _ _ _ _ _ _ _ _ _ _ _ _ _ _ _ _ _ _ _ _ _ _ _ _ _ _ _ _ _ _ _ _ _ _ _ _ _ _ _ 
2025-01-10T07:26:38.6073134Z tardis/simulation/base.py:558: in run_final
2025-01-10T07:26:38.6073612Z     emitted_luminosity, v_packets_energy_hist = self.iterate(
2025-01-10T07:26:38.6074100Z tardis/simulation/base.py:462: in iterate
2025-01-10T07:26:38.6074578Z     transport_state = self.transport.initialize_transport_state(
2025-01-10T07:26:38.6075225Z tardis/transport/montecarlo/base.py:129: in initialize_transport_state
2025-01-10T07:26:38.6075744Z     ).to_numba(
2025-01-10T07:26:38.6076072Z tardis/opacities/opacity_state.py:342: in to_numba
2025-01-10T07:26:38.6076488Z     return OpacityStateNumba(
2025-01-10T07:26:38.6077185Z ../../../micromamba/envs/tardis/lib/python3.12/site-packages/numba/experimental/jitclass/base.py:124: in __call__
2025-01-10T07:26:38.6077977Z     return cls._ctor(*bind.args[1:], **bind.kwargs)
2025-01-10T07:26:38.6078766Z ../../../micromamba/envs/tardis/lib/python3.12/site-packages/numba/core/dispatcher.py:468: in _compile_for_args
2025-01-10T07:26:38.6079532Z     error_rewrite(e, 'typing')
2025-01-10T07:26:38.6079952Z _ _ _ _ _ _ _ _ _ _ _ _ _ _ _ _ _ _ _ _ _ _ _ _ _ _ _ _ _ _ _ _ _ _ _ _ _ _ _ _ 
2025-01-10T07:26:38.6080259Z 
2025-01-10T07:26:38.6081265Z e = TypingError('Failed in nopython mode pipeline (step: nopython frontend)\nInternal error at <numba.core.typeinfer.CallC...bug level for details.\n\x1b[1m\nFile "<string>", line 3:\x1b[0m\n\x1b[1m<source missing, REPL/exec in use?>\x1b[0m\n')
2025-01-10T07:26:38.6082700Z issue_type = 'typing'
2025-01-10T07:26:38.6082898Z 
2025-01-10T07:26:38.6083020Z     def error_rewrite(e, issue_type):
2025-01-10T07:26:38.6083366Z         """
2025-01-10T07:26:38.6083739Z         Rewrite and raise Exception `e` with help supplied based on the
2025-01-10T07:26:38.6084235Z         specified issue_type.
2025-01-10T07:26:38.6084542Z         """
2025-01-10T07:26:38.6084806Z         if config.SHOW_HELP:
2025-01-10T07:26:38.6085160Z             help_msg = errors.error_extras[issue_type]
2025-01-10T07:26:38.6085646Z             e.patch_message('\n'.join((str(e).rstrip(), help_msg)))
2025-01-10T07:26:38.6086086Z         if config.FULL_TRACEBACKS:
2025-01-10T07:26:38.6086425Z             raise e
2025-01-10T07:26:38.6086681Z         else:
2025-01-10T07:26:38.6086970Z >           raise e.with_traceback(None)
2025-01-10T07:26:38.6087601Z E           numba.core.errors.TypingError: Failed in nopython mode pipeline (step: nopython frontend)
2025-01-10T07:26:38.6088436Z E           Internal error at <numba.core.typeinfer.CallConstraint object at 0x7f792442ae40>.
2025-01-10T07:26:38.6089237Z E           [1m[1mFailed in nopython mode pipeline (step: native lowering)
2025-01-10T07:26:38.6090014Z E           [1m[1mCan't index at [1] in [1 x i64]
2025-01-10T07:26:38.6090421Z E           [1m
2025-01-10T07:26:38.6090852Z E           File "tardis/opacities/opacity_state.py", line 82:[0m
2025-01-10T07:26:38.6091352Z E           [1m    def __init__(
2025-01-10T07:26:38.6091679Z E                   <source elided>
2025-01-10T07:26:38.6092215Z E                   self.line_list_nu = line_list_nu
2025-01-10T07:26:38.6092695Z E           [1m        self.tau_sobolev = tau_sobolev
2025-01-10T07:26:38.6093292Z E           [0m        [1m^[0m[0m
2025-01-10T07:26:38.6093647Z E           [0m
2025-01-10T07:26:38.6094485Z E           [0m[1mDuring: lowering "(self).tau_sobolev = tau_sobolev" at /home/runner/work/tardis/tardis/tardis/opacities/opacity_state.py (82)[0m
2025-01-10T07:26:38.6099831Z E           [0m[1mDuring: resolving callee type: jitclass.OpacityStateNumba#7f7931866cf0<electron_density:array(float64, 1d, A),t_electrons:array(float64, 1d, A),line_list_nu:array(float64, 1d, A),tau_sobolev:array(float64, 2d, A),transition_probabilities:array(float64, 2d, A),line2macro_level_upper:array(int64, 1d, A),macro_block_references:array(int64, 1d, A),transition_type:array(int64, 1d, A),destination_level_id:array(int64, 1d, A),transition_line_id:array(int64, 1d, A),bf_threshold_list_nu:array(float64, 1d, A),p_fb_deactivation:array(float64, 2d, A),photo_ion_nu_threshold_mins:array(float64, 1d, A),photo_ion_nu_threshold_maxs:array(float64, 1d, A),photo_ion_block_references:array(int64, 1d, A),chi_bf:array(float64, 2d, A),x_sect:array(float64, 1d, A),phot_nus:array(float64, 1d, A),ff_opacity_factor:array(float64, 1d, A),emissivities:array(float64, 2d, A),photo_ion_activation_idx:array(int64, 1d, A),k_packet_idx:int64>[0m
2025-01-10T07:26:38.6104221Z E           [0m[1mDuring: typing of call at <string> (3)
2025-01-10T07:26:38.6104662Z E           [0m
2025-01-10T07:26:38.6105010Z E           Enable logging at debug level for details.
2025-01-10T07:26:38.6105522Z E           [1m
2025-01-10T07:26:38.6105876Z E           File "<string>", line 3:[0m
2025-01-10T07:26:38.6106398Z E           [1m<source missing, REPL/exec in use?>[0m
2025-01-10T07:26:38.6106672Z 
2025-01-10T07:26:38.6107115Z ../../../micromamba/envs/tardis/lib/python3.12/site-packages/numba/core/dispatcher.py:409: TypingError
2025-01-10T07:26:38.6107894Z ----------------------------- Captured stdout call -----------------------------
2025-01-10T07:26:38.6108636Z [[1mtardis.io.model.parse_density_configuration[0m][[1;33mWARNING[0m]  
2025-01-10T07:26:38.6109796Z 	Number of density points larger than number of shells. Assuming inner point irrelevant ([1mparse_density_configuration.py[0m:114)
2025-01-10T07:26:38.6110867Z ------------------------------ Captured log call -------------------------------
2025-01-10T07:26:38.6112199Z WARNING  tardis.io.model.parse_density_configuration:parse_density_configuration.py:114 Number of density points larger than number of shells. Assuming inner point irrelevant
2025-01-10T07:26:38.6113274Z =============================== warnings summary ===============================
2025-01-10T07:26:38.6113758Z tardis/io/configuration/config_validator.py:6
2025-01-10T07:26:38.6114216Z tardis/io/configuration/config_validator.py:6
2025-01-10T07:26:38.6114973Z   /home/runner/work/tardis/tardis/tardis/io/configuration/config_validator.py:6: DeprecationWarning:
2025-01-10T07:26:38.6115672Z   
2025-01-10T07:26:38.6117587Z   jsonschema.RefResolver is deprecated as of v4.18.0, in favor of the https://github.com/python-jsonschema/referencing library, which provides more compliant referencing behavior as well as more flexible APIs for customization. A future release will remove RefResolver. Please file a feature request (on referencing) if you are missing an API for the kind of customization you need.
2025-01-10T07:26:38.6119489Z 
2025-01-10T07:26:38.6119844Z ../../../micromamba/envs/tardis/lib/python3.12/site-packages/jupyter_client/connect.py:22
2025-01-10T07:26:38.6121052Z   /home/runner/micromamba/envs/tardis/lib/python3.12/site-packages/jupyter_client/connect.py:22: DeprecationWarning:
2025-01-10T07:26:38.6121962Z   
2025-01-10T07:26:38.6122309Z   Jupyter is migrating its paths to use standard platformdirs
2025-01-10T07:26:38.6122878Z   given by the platformdirs library.  To remove this warning and
2025-01-10T07:26:38.6123459Z   see the appropriate new directories, set the environment variable
2025-01-10T07:26:38.6124031Z   `JUPYTER_PLATFORM_DIRS=1` and then run `jupyter --paths`.
2025-01-10T07:26:38.6124779Z   The use of platformdirs will be the default in `jupyter_core` v6
2025-01-10T07:26:38.6125149Z 
2025-01-10T07:26:38.6130314Z tardis/transport/montecarlo/estimators/tests/test_continuum_property_solver.py::test_continuum_estimators
2025-01-10T07:26:38.6131151Z   <string>:3: NumbaPendingDeprecationWarning:
2025-01-10T07:26:38.6131545Z   
2025-01-10T07:26:38.6133613Z   [1m[1mCode using Numba extension API maybe depending on 'old_style' error-capturing, which is deprecated and will be replaced by 'new_style' in a future release. See details at https://numba.readthedocs.io/en/latest/reference/deprecation.html#deprecation-of-old-style-numba-captured-errors
2025-01-10T07:26:38.6135209Z   Exception origin:
2025-01-10T07:26:38.6135994Z     File "/home/runner/micromamba/envs/tardis/lib/python3.12/site-packages/llvmlite/ir/instructions.py", line 672, in __init__
2025-01-10T07:26:38.6136870Z       raise TypeError("Can't index at %r in %s"
2025-01-10T07:26:38.6137291Z   [0m[0m
2025-01-10T07:26:38.6137438Z 
2025-01-10T07:26:38.6137728Z -- Docs: https://docs.pytest.org/en/stable/how-to/capture-warnings.html
2025-01-10T07:26:38.6138140Z 
2025-01-10T07:26:38.6138370Z ---------- coverage: platform linux, python 3.12.4-final-0 -----------
2025-01-10T07:26:38.6138905Z Coverage HTML written to dir coverage_html_report
2025-01-10T07:26:38.6139334Z Coverage XML written to file coverage.xml
2025-01-10T07:26:38.6139595Z 
2025-01-10T07:26:38.6139774Z =========================== short test summary info ============================
2025-01-10T07:26:38.6141083Z FAILED tardis/transport/montecarlo/estimators/tests/test_continuum_property_solver.py::test_continuum_estimators - numba.core.errors.TypingError: Failed in nopython mode pipeline (step: nopython frontend)
2025-01-10T07:26:38.6142692Z Internal error at <numba.core.typeinfer.CallConstraint object at 0x7f792442ae40>.
2025-01-10T07:26:38.6143437Z [1m[1mFailed in nopython mode pipeline (step: native lowering)
2025-01-10T07:26:38.6143970Z [1m[1mCan't index at [1] in [1 x i64]
2025-01-10T07:26:38.6144345Z [1m
2025-01-10T07:26:38.6144725Z File "tardis/opacities/opacity_state.py", line 82:[0m
2025-01-10T07:26:38.6145203Z [1m    def __init__(
2025-01-10T07:26:38.6145490Z         <source elided>
2025-01-10T07:26:38.6145803Z         self.line_list_nu = line_list_nu
2025-01-10T07:26:38.6146240Z [1m        self.tau_sobolev = tau_sobolev
2025-01-10T07:26:38.6146642Z [0m        [1m^[0m[0m
2025-01-10T07:26:38.6146952Z [0m
2025-01-10T07:26:38.6147780Z [0m[1mDuring: lowering "(self).tau_sobolev = tau_sobolev" at /home/runner/work/tardis/tardis/tardis/opacities/opacity_state.py (82)[0m
2025-01-10T07:26:38.6153320Z [0m[1mDuring: resolving callee type: jitclass.OpacityStateNumba#7f7931866cf0<electron_density:array(float64, 1d, A),t_electrons:array(float64, 1d, A),line_list_nu:array(float64, 1d, A),tau_sobolev:array(float64, 2d, A),transition_probabilities:array(float64, 2d, A),line2macro_level_upper:array(int64, 1d, A),macro_block_references:array(int64, 1d, A),transition_type:array(int64, 1d, A),destination_level_id:array(int64, 1d, A),transition_line_id:array(int64, 1d, A),bf_threshold_list_nu:array(float64, 1d, A),p_fb_deactivation:array(float64, 2d, A),photo_ion_nu_threshold_mins:array(float64, 1d, A),photo_ion_nu_threshold_maxs:array(float64, 1d, A),photo_ion_block_references:array(int64, 1d, A),chi_bf:array(float64, 2d, A),x_sect:array(float64, 1d, A),phot_nus:array(float64, 1d, A),ff_opacity_factor:array(float64, 1d, A),emissivities:array(float64, 2d, A),photo_ion_activation_idx:array(int64, 1d, A),k_packet_idx:int64>[0m
2025-01-10T07:26:38.6157679Z [0m[1mDuring: typing of call at <string> (3)
2025-01-10T07:26:38.6158084Z [0m
2025-01-10T07:26:38.6158359Z Enable logging at debug level for details.
2025-01-10T07:26:38.6158756Z [1m
2025-01-10T07:26:38.6159057Z File "<string>", line 3:[0m
2025-01-10T07:26:38.6159475Z [1m<source missing, REPL/exec in use?>[0m
2025-01-10T07:26:38.6160619Z FAILED tardis/transport/montecarlo/tests/test_continuum.py::test_montecarlo_continuum - numba.core.errors.TypingError: Failed in nopython mode pipeline (step: nopython frontend)
2025-01-10T07:26:38.6162212Z Internal error at <numba.core.typeinfer.CallConstraint object at 0x7f792442ae40>.
2025-01-10T07:26:38.6162960Z [1m[1mFailed in nopython mode pipeline (step: native lowering)
2025-01-10T07:26:38.6163503Z [1m[1mCan't index at [1] in [1 x i64]
2025-01-10T07:26:38.6163861Z [1m
2025-01-10T07:26:38.6164248Z File "tardis/opacities/opacity_state.py", line 82:[0m
2025-01-10T07:26:38.6164708Z [1m    def __init__(
2025-01-10T07:26:38.6164992Z         <source elided>
2025-01-10T07:26:38.6165311Z         self.line_list_nu = line_list_nu
2025-01-10T07:26:38.6165768Z [1m        self.tau_sobolev = tau_sobolev
2025-01-10T07:26:38.6166203Z [0m        [1m^[0m[0m
2025-01-10T07:26:38.6166513Z [0m
2025-01-10T07:26:38.6167338Z [0m[1mDuring: lowering "(self).tau_sobolev = tau_sobolev" at /home/runner/work/tardis/tardis/tardis/opacities/opacity_state.py (82)[0m
2025-01-10T07:26:38.6172890Z [0m[1mDuring: resolving callee type: jitclass.OpacityStateNumba#7f7931866cf0<electron_density:array(float64, 1d, A),t_electrons:array(float64, 1d, A),line_list_nu:array(float64, 1d, A),tau_sobolev:array(float64, 2d, A),transition_probabilities:array(float64, 2d, A),line2macro_level_upper:array(int64, 1d, A),macro_block_references:array(int64, 1d, A),transition_type:array(int64, 1d, A),destination_level_id:array(int64, 1d, A),transition_line_id:array(int64, 1d, A),bf_threshold_list_nu:array(float64, 1d, A),p_fb_deactivation:array(float64, 2d, A),photo_ion_nu_threshold_mins:array(float64, 1d, A),photo_ion_nu_threshold_maxs:array(float64, 1d, A),photo_ion_block_references:array(int64, 1d, A),chi_bf:array(float64, 2d, A),x_sect:array(float64, 1d, A),phot_nus:array(float64, 1d, A),ff_opacity_factor:array(float64, 1d, A),emissivities:array(float64, 2d, A),photo_ion_activation_idx:array(int64, 1d, A),k_packet_idx:int64>[0m
2025-01-10T07:26:38.6177011Z [0m[1mDuring: typing of call at <string> (3)
2025-01-10T07:26:38.6177411Z [0m
2025-01-10T07:26:38.6177677Z Enable logging at debug level for details.
2025-01-10T07:26:38.6178057Z [1m
2025-01-10T07:26:38.6178349Z File "<string>", line 3:[0m
2025-01-10T07:26:38.6178756Z [1m<source missing, REPL/exec in use?>[0m
2025-01-10T07:26:38.6179234Z ========== 2 failed, 1794 deselected, 4 warnings in 81.72s (0:01:21) ===========
2025-01-10T07:26:39.5676930Z ##[error]Process completed with exit code 1.
