2025-02-15T22:07:52.7525140Z ##[group]Run pytest tardis --tardis-regression-data=/home/runner/work/tardis/tardis/tardis-regression-data --cov=tardis --cov-report=xml --cov-report=html --cov-append -m "not continuum"
2025-02-15T22:07:52.7526455Z [36;1mpytest tardis --tardis-regression-data=/home/runner/work/tardis/tardis/tardis-regression-data --cov=tardis --cov-report=xml --cov-report=html --cov-append -m "not continuum"[0m
2025-02-15T22:07:52.7580809Z shell: /usr/bin/bash -l {0}
2025-02-15T22:07:52.7581064Z env:
2025-02-15T22:07:52.7581252Z   CACHE_NUMBER: 0
2025-02-15T22:07:52.7581885Z   PYTEST_FLAGS: --tardis-regression-data=/home/runner/work/tardis/tardis/tardis-regression-data --cov=tardis --cov-report=xml --cov-report=html --cov-append
2025-02-15T22:07:52.7582564Z   CODECOV_TOKEN: 
2025-02-15T22:07:52.7582806Z   MAMBA_ROOT_PREFIX: /home/runner/micromamba
2025-02-15T22:07:52.7583125Z   MAMBA_EXE: /home/runner/micromamba-bin/micromamba
2025-02-15T22:07:52.7583494Z   CONDARC: /home/runner/work/_temp/setup-micromamba/.condarc
2025-02-15T22:07:52.7583849Z ##[endgroup]
2025-02-15T22:08:00.9686954Z ============================= test session starts ==============================
2025-02-15T22:08:00.9687699Z platform linux -- Python 3.12.4, pytest-8.2.2, pluggy-1.5.0
2025-02-15T22:08:00.9688424Z rootdir: /home/runner/work/tardis/tardis
2025-02-15T22:08:00.9688782Z configfile: pyproject.toml
2025-02-15T22:08:00.9689213Z plugins: metadata-3.1.1, anyio-4.4.0, doctestplus-1.2.1, cov-5.0.0, html-4.1.1
2025-02-15T22:08:00.9689736Z collected 1796 items / 2 deselected / 1794 selected
2025-02-15T22:08:00.9690313Z 
2025-02-15T22:08:05.8885015Z tardis/energy_input/tests/test_energy_source.py ..xxx                    [  0%]
2025-02-15T22:08:08.6960259Z tardis/energy_input/tests/test_gamma_ray_channel.py ...........          [  0%]
2025-02-15T22:08:10.2252032Z tardis/energy_input/tests/test_gamma_ray_grid.py xx.                     [  1%]
2025-02-15T22:08:11.9501912Z tardis/energy_input/tests/test_gamma_ray_interactions.py xx....          [  1%]
2025-02-15T22:08:11.9593819Z tardis/energy_input/tests/test_gamma_ray_packet_source.py sssssssss      [  1%]
2025-02-15T22:08:13.2131307Z tardis/energy_input/tests/test_util.py .....xxxx.....                    [  2%]
2025-02-15T22:08:13.5643124Z tardis/grid/tests/test_grid.py .                                         [  2%]
2025-02-15T22:08:13.5659490Z tardis/gui/tests/test_gui.py s                                           [  2%]
2025-02-15T22:08:17.2718273Z tardis/io/configuration/tests/test_config_reader.py ...........          [  3%]
2025-02-15T22:08:17.2843991Z tardis/io/configuration/tests/test_configuration_namespace.py .........  [  3%]
2025-02-15T22:08:17.3109344Z tardis/io/logger/tests/test_logging.py ssssssssssssssssssssssssssss      [  5%]
2025-02-15T22:08:53.2824245Z tardis/io/model/readers/tests/test_arepo_parser.py ..                    [  5%]
2025-02-15T22:08:53.2996827Z tardis/io/model/readers/tests/test_ascii_readers.py ...                  [  5%]
2025-02-15T22:08:53.3103484Z tardis/io/model/readers/tests/test_cmfgen_reader.py ..                   [  5%]
2025-02-15T22:08:53.3401429Z tardis/io/model/readers/tests/test_csvy_reader.py ....                   [  6%]
2025-02-15T22:08:53.3602327Z tardis/io/model/readers/tests/test_stella_reader.py ..                   [  6%]
2025-02-15T22:08:53.6576370Z tardis/io/tests/test_HDFWriter.py ...............                        [  7%]
2025-02-15T22:08:53.9558952Z tardis/io/tests/test_atomic.py .....                                     [  7%]
2025-02-15T22:08:53.9752438Z tardis/io/tests/test_decay.py ..                                         [  7%]
2025-02-15T22:08:54.1763744Z tardis/io/tests/test_model_reader.py F.....                              [  7%]
2025-02-15T22:08:54.1832088Z tardis/model/geometry/tests/test_radial1d.py ..                          [  7%]
2025-02-15T22:09:50.9906274Z tardis/model/tests/test_base.py ........................................ [ 10%]
2025-02-15T22:09:51.9873693Z ............                                                             [ 10%]
2025-02-15T22:09:55.0583959Z tardis/model/tests/test_csvy_model.py .........                          [ 11%]
2025-02-15T22:09:55.1059114Z tardis/model/tests/test_density.py ..                                    [ 11%]
2025-02-15T22:09:56.3814151Z tardis/opacities/tests/test_opacity_solver.py .....                      [ 11%]
2025-02-15T22:09:57.6888287Z tardis/opacities/tests/test_opacity_state_numba.py .....                 [ 11%]
2025-02-15T22:09:59.5799494Z tardis/opacities/tests/test_tau_sobolev.py ..                            [ 12%]
2025-02-15T22:10:02.2913102Z tardis/plasma/equilibrium/tests/test_collisional_transitions.py ...      [ 12%]
2025-02-15T22:10:48.3678686Z tardis/plasma/equilibrium/tests/test_level_populations.py ....           [ 12%]
2025-02-15T22:10:59.6889606Z tardis/plasma/equilibrium/tests/test_rate_matrix.py .                    [ 12%]
2025-02-15T22:11:01.1351081Z tardis/plasma/tests/test_complete_plasmas.py .....................s..... [ 13%]
2025-02-15T22:11:04.0781490Z s....ssssss............s............ss.....s....ssssss............s..... [ 18%]
2025-02-15T22:11:05.7969403Z .......ss.....s....ssssss............s............ss.....s....ssssss.... [ 22%]
2025-02-15T22:11:08.7048545Z ........s............ss.....s........ss............s............ss.....s [ 26%]
2025-02-15T22:11:11.6370385Z ........ss............s............ss.....s....ssssss............s...... [ 30%]
2025-02-15T22:11:12.3902218Z ......ss.....s....ssssss............s............ss.....s.ss.ssssss..... [ 34%]
2025-02-15T22:11:15.2660761Z .......s............ss.....s....ssssss............s............ss.....s. [ 38%]
2025-02-15T22:11:18.4340308Z ...ssssss............s............ss.....s....ssssss............s....... [ 42%]
2025-02-15T22:11:21.5032993Z .....ss.....s....ssssss............s............s...........ssssss...... [ 46%]
2025-02-15T22:11:23.3175507Z ......s............s...........ssssss............s............s......... [ 50%]
2025-02-15T22:11:26.1951028Z ..ssssss............s............ss.....s....ssssss............s........ [ 54%]
2025-02-15T22:11:29.6618708Z ....ss.....s....ssssss..........................s.....s....ssss......... [ 58%]
2025-02-15T22:11:29.9852949Z ...................s.....s....ssss.......                                [ 60%]
2025-02-15T22:11:30.0945989Z tardis/plasma/tests/test_hdf_plasma.py ................................. [ 62%]
2025-02-15T22:11:30.1060281Z ......                                                                   [ 62%]
2025-02-15T22:11:30.2484242Z tardis/plasma/tests/test_nlte_excitation.py ...                          [ 62%]
2025-02-15T22:13:45.0876133Z tardis/plasma/tests/test_nlte_solver.py .....X                           [ 63%]
2025-02-15T22:13:45.0901817Z tardis/plasma/tests/test_plasma_continuum.py .                           [ 63%]
2025-02-15T22:14:08.0574042Z tardis/plasma/tests/test_plasma_vboundary.py .............               [ 63%]
2025-02-15T22:14:21.0730703Z tardis/plasma/tests/test_tardis_model_density_config.py ...              [ 64%]
2025-02-15T22:14:21.8219756Z tardis/simulation/tests/test_convergence.py .....                        [ 64%]
2025-02-15T22:14:30.3192805Z tardis/simulation/tests/test_simulation.py .............                 [ 65%]
2025-02-15T22:14:30.3403603Z tardis/spectrum/tests/test_cuda_formal_integral.py sssssssssssssssssssss [ 66%]
2025-02-15T22:14:30.8123598Z ssss...ssssssssssssssssssssss                                            [ 67%]
2025-02-15T22:14:30.8195941Z tardis/spectrum/tests/test_luminosity.py ....                            [ 68%]
2025-02-15T22:14:32.3922148Z tardis/spectrum/tests/test_numba_formal_integral.py .................... [ 69%]
2025-02-15T22:14:32.4115005Z ..........                                                               [ 69%]
2025-02-15T22:14:32.5818811Z tardis/spectrum/tests/test_spectrum.py ................................. [ 71%]
2025-02-15T22:14:32.6146596Z .........                                                                [ 72%]
2025-02-15T22:14:51.6638104Z tardis/spectrum/tests/test_spectrum_solver.py ....                       [ 72%]
2025-02-15T22:15:52.9704842Z tardis/tests/test_tardis_full.py ....                                    [ 72%]
2025-02-15T22:17:16.6783002Z tardis/tests/test_tardis_full_formal_integral.py ................        [ 73%]
2025-02-15T22:17:16.7535712Z tardis/tests/test_util.py .............................................  [ 75%]
2025-02-15T22:17:19.3814881Z tardis/transport/montecarlo/tests/test_base.py x.....................    [ 77%]
2025-02-15T22:17:26.9598277Z tardis/transport/montecarlo/tests/test_interaction.py .......            [ 77%]
2025-02-15T22:17:27.1765468Z tardis/transport/montecarlo/tests/test_macro_atom.py ....                [ 77%]
2025-02-15T22:17:27.1941544Z tardis/transport/montecarlo/tests/test_montecarlo.py sssssssssssssssssss [ 78%]
2025-02-15T22:17:27.2358299Z sssssssssssssssssssssssssssssssssssssssssssss                            [ 81%]
2025-02-15T22:17:36.0493323Z tardis/transport/montecarlo/tests/test_montecarlo_main_loop.py x..       [ 81%]
2025-02-15T22:17:36.0561310Z tardis/transport/montecarlo/tests/test_nonhomologous.py ...              [ 81%]
2025-02-15T22:17:41.7453281Z tardis/transport/montecarlo/tests/test_numba_interface.py .....x.        [ 82%]
2025-02-15T22:17:42.2316932Z tardis/transport/montecarlo/tests/test_opacities.py ...............      [ 82%]
2025-02-15T22:17:43.6933935Z tardis/transport/montecarlo/tests/test_packet.py .................xXXXXX [ 84%]
2025-02-15T22:17:43.8259714Z XX.........                                                              [ 84%]
2025-02-15T22:17:43.8539980Z tardis/transport/montecarlo/tests/test_packet_source.py ........         [ 85%]
2025-02-15T22:17:44.1639998Z tardis/transport/montecarlo/tests/test_rpacket_last_interaction_tracker.py . [ 85%]
2025-02-15T22:17:44.5682616Z .....                                                                    [ 85%]
2025-02-15T22:18:18.7175386Z tardis/transport/montecarlo/tests/test_rpacket_tracker.py ......         [ 85%]
2025-02-15T22:18:18.7455216Z tardis/transport/montecarlo/tests/test_single_packet_loop.py xxx         [ 86%]
2025-02-15T22:18:18.7486467Z tardis/transport/montecarlo/tests/test_tracker_utils.py ..               [ 86%]
2025-02-15T22:18:21.1258670Z tardis/transport/montecarlo/tests/test_vpacket.py ..x.                   [ 86%]
2025-02-15T22:18:21.1430537Z tardis/transport/montecarlo/tests/test_weighted_packet_source.py ....    [ 86%]
2025-02-15T22:18:24.5928982Z tardis/transport/montecarlo/tests/test_weighted_packet_source_integration.py . [ 86%]
2025-02-15T22:18:24.5930642Z                                                                          [ 86%]
2025-02-15T22:18:25.3141201Z tardis/transport/tests/test_doppler_factor.py ..................         [ 87%]
2025-02-15T22:18:26.6579453Z tardis/visualization/tools/tests/test_convergence_plot.py .............. [ 88%]
2025-02-15T22:18:28.8736939Z ......                                                                   [ 88%]
2025-02-15T22:18:33.5929235Z tardis/visualization/tools/tests/test_liv_plot.py ...................... [ 90%]
2025-02-15T22:18:36.6776520Z .............................                                            [ 91%]
2025-02-15T22:18:39.5426042Z tardis/visualization/tools/tests/test_rpacket_plot.py .................. [ 92%]
2025-02-15T22:18:46.6016610Z ....                                                                     [ 92%]
2025-02-15T22:18:52.5721697Z tardis/visualization/tools/tests/test_sdec_plot.py ..................... [ 94%]
2025-02-15T22:19:00.1048606Z ..............................                                           [ 95%]
2025-02-15T22:19:00.5396870Z tardis/visualization/widgets/tests/test_custom_abundance.py ........ss.. [ 96%]
2025-02-15T22:19:00.6138483Z ....                                                                     [ 96%]
2025-02-15T22:19:01.6634697Z tardis/visualization/widgets/tests/test_line_info.py ................... [ 97%]
2025-02-15T22:19:02.2901132Z ..................                                                       [ 98%]
2025-02-15T22:20:06.0407227Z tardis/visualization/widgets/tests/test_shell_info.py .................. [ 99%]
2025-02-15T22:20:07.1292585Z <unknown>:140: SyntaxWarning:
2025-02-15T22:20:07.1293028Z 
2025-02-15T22:20:07.1293234Z invalid escape sequence '\s'
2025-02-15T22:20:07.1293570Z 
2025-02-15T22:20:07.1315151Z /home/runner/work/tardis/tardis/tardis/io/model/readers/artis.py:140: SyntaxWarning:
2025-02-15T22:20:07.1315906Z 
2025-02-15T22:20:07.1316142Z invalid escape sequence '\s'
2025-02-15T22:20:07.1316364Z 
2025-02-15T22:20:08.9323724Z <unknown>:140: SyntaxWarning:
2025-02-15T22:20:08.9324168Z 
2025-02-15T22:20:08.9324341Z invalid escape sequence '\s'
2025-02-15T22:20:08.9324629Z 
2025-02-15T22:20:11.4017075Z <unknown>:140: SyntaxWarning:
2025-02-15T22:20:11.4017474Z 
2025-02-15T22:20:11.4017650Z invalid escape sequence '\s'
2025-02-15T22:20:11.4018153Z 
2025-02-15T22:20:12.3833046Z <unknown>:140: SyntaxWarning:
2025-02-15T22:20:12.3833379Z 
2025-02-15T22:20:12.3833504Z invalid escape sequence '\s'
2025-02-15T22:20:12.3833739Z 
2025-02-15T22:20:12.3847378Z /home/runner/work/tardis/tardis/tardis/io/model/readers/artis.py:140: SyntaxWarning:
2025-02-15T22:20:12.3847995Z 
2025-02-15T22:20:12.3848108Z invalid escape sequence '\s'
2025-02-15T22:20:12.3848279Z 
2025-02-15T22:20:13.7807261Z ......                                                                   [100%]
2025-02-15T22:20:13.7808057Z 
2025-02-15T22:20:13.7808259Z =================================== FAILURES ===================================
2025-02-15T22:20:13.7808857Z ________________________ test_simple_read_artis_density ________________________
2025-02-15T22:20:13.7809619Z 
2025-02-15T22:20:13.7810018Z artis_density_fname = PosixPath('tardis/io/model/readers/tests/data/artis_model.dat')
2025-02-15T22:20:13.7810625Z 
2025-02-15T22:20:13.7810901Z     def test_simple_read_artis_density(artis_density_fname: str):
2025-02-15T22:20:13.7811666Z >       time_of_model, velocity, mean_density, isotope_mass_fractions = read_artis_density(
2025-02-15T22:20:13.7812342Z             artis_density_fname
2025-02-15T22:20:13.7812605Z         )
2025-02-15T22:20:13.7812888Z E       ValueError: not enough values to unpack (expected 4, got 3)
2025-02-15T22:20:13.7813148Z 
2025-02-15T22:20:13.7813284Z tardis/io/tests/test_model_reader.py:48: ValueError
2025-02-15T22:20:13.7813617Z =============================== warnings summary ===============================
2025-02-15T22:20:13.7813948Z tardis/io/configuration/config_validator.py:6
2025-02-15T22:20:13.7814261Z tardis/io/configuration/config_validator.py:6
2025-02-15T22:20:13.7814793Z   /home/runner/work/tardis/tardis/tardis/io/configuration/config_validator.py:6: DeprecationWarning:
2025-02-15T22:20:13.7815265Z   
2025-02-15T22:20:13.7816588Z   jsonschema.RefResolver is deprecated as of v4.18.0, in favor of the https://github.com/python-jsonschema/referencing library, which provides more compliant referencing behavior as well as more flexible APIs for customization. A future release will remove RefResolver. Please file a feature request (on referencing) if you are missing an API for the kind of customization you need.
2025-02-15T22:20:13.7818770Z 
2025-02-15T22:20:13.7819034Z ../../../micromamba/envs/tardis/lib/python3.12/site-packages/jupyter_client/connect.py:22
2025-02-15T22:20:13.7819721Z   /home/runner/micromamba/envs/tardis/lib/python3.12/site-packages/jupyter_client/connect.py:22: DeprecationWarning:
2025-02-15T22:20:13.7820233Z   
2025-02-15T22:20:13.7820483Z   Jupyter is migrating its paths to use standard platformdirs
2025-02-15T22:20:13.7820880Z   given by the platformdirs library.  To remove this warning and
2025-02-15T22:20:13.7821297Z   see the appropriate new directories, set the environment variable
2025-02-15T22:20:13.7821700Z   `JUPYTER_PLATFORM_DIRS=1` and then run `jupyter --paths`.
2025-02-15T22:20:13.7822094Z   The use of platformdirs will be the default in `jupyter_core` v6
2025-02-15T22:20:13.7822333Z 
2025-02-15T22:20:13.7822439Z tardis/io/model/readers/artis.py:140
2025-02-15T22:20:13.7823072Z   /home/runner/work/tardis/tardis/tardis/io/model/readers/artis.py:140: SyntaxWarning:
2025-02-15T22:20:13.7823478Z   
2025-02-15T22:20:13.7823667Z   invalid escape sequence '\s'
2025-02-15T22:20:13.7823828Z 
2025-02-15T22:20:13.7829856Z tardis/io/tests/test_HDFWriter.py::test_multi_index_write
2025-02-15T22:20:13.7830422Z tardis/visualization/widgets/tests/test_shell_info.py::TestHDFShellInfo::test_shells_data
2025-02-15T22:20:13.7830991Z   /home/runner/work/tardis/tardis/tardis/io/util.py:276: PerformanceWarning:
2025-02-15T22:20:13.7831372Z   
2025-02-15T22:20:13.7831553Z   
2025-02-15T22:20:13.7831864Z   your performance may suffer as PyTables will pickle object types that it cannot
2025-02-15T22:20:13.7832418Z   map directly to c-types [inferred_type->mixed,key->block0_values] [items->Index([0], dtype='int64')]
2025-02-15T22:20:13.7832771Z 
2025-02-15T22:20:13.7832980Z tardis/io/tests/test_model_reader.py::test_read_cmfgen_isotope_abundances
2025-02-15T22:20:13.7833483Z tardis/plasma/tests/test_tardis_model_density_config.py::test_electron_densities
2025-02-15T22:20:13.7834031Z tardis/plasma/tests/test_tardis_model_density_config.py::test_isotope_number_densities
2025-02-15T22:20:13.7834533Z tardis/plasma/tests/test_tardis_model_density_config.py::test_t_rad
2025-02-15T22:20:13.7835116Z   /home/runner/work/tardis/tardis/tardis/io/model/readers/cmfgen_deprecated.py:82: DeprecationWarning:
2025-02-15T22:20:13.7835585Z   
2025-02-15T22:20:13.7835801Z   The current CMFGEN model parser is deprecated
2025-02-15T22:20:13.7836006Z 
2025-02-15T22:20:13.7836122Z tardis/io/tests/test_model_reader.py: 1 warning
2025-02-15T22:20:13.7836675Z tardis/plasma/tests/test_tardis_model_density_config.py: 9 warnings
2025-02-15T22:20:13.7837262Z   /home/runner/work/tardis/tardis/tardis/io/model/readers/cmfgen_deprecated.py:40: DeprecationWarning:
2025-02-15T22:20:13.7837739Z   
2025-02-15T22:20:13.7838167Z   The current CMFGEN model parser is deprecated
2025-02-15T22:20:13.7838371Z 
2025-02-15T22:20:13.7838583Z tardis/model/tests/test_base.py::TestModelFromPaper1Config::test_abundances
2025-02-15T22:20:13.7839257Z   /home/runner/work/tardis/tardis/tardis/transport/montecarlo/montecarlo_main_loop.py:123: NumbaTypeSafetyWarning:
2025-02-15T22:20:13.7839775Z   
2025-02-15T22:20:13.7840295Z   [1m[1m[1munsafe cast from uint64 to int64. Precision may be lost.[0m[0m[0m
2025-02-15T22:20:13.7840564Z 
2025-02-15T22:20:13.7840676Z tardis/model/tests/test_base.py: 6 warnings
2025-02-15T22:20:13.7840982Z tardis/model/tests/test_csvy_model.py: 2 warnings
2025-02-15T22:20:13.7841364Z tardis/plasma/tests/test_tardis_model_density_config.py: 3 warnings
2025-02-15T22:20:13.7841902Z   /home/runner/work/tardis/tardis/tardis/model/geometry/radial1d.py:50: DeprecationWarning:
2025-02-15T22:20:13.7842330Z   
2025-02-15T22:20:13.7842537Z   v_inner_boundary < 0, assuming default value
2025-02-15T22:20:13.7842734Z 
2025-02-15T22:20:13.7842839Z tardis/model/tests/test_base.py: 6 warnings
2025-02-15T22:20:13.7843144Z tardis/model/tests/test_csvy_model.py: 2 warnings
2025-02-15T22:20:13.7843530Z tardis/plasma/tests/test_tardis_model_density_config.py: 3 warnings
2025-02-15T22:20:13.7844058Z   /home/runner/work/tardis/tardis/tardis/model/geometry/radial1d.py:61: DeprecationWarning:
2025-02-15T22:20:13.7844487Z   
2025-02-15T22:20:13.7844688Z   v_outer_boundary < 0, assuming default value
2025-02-15T22:20:13.7844883Z 
2025-02-15T22:20:13.7845344Z tardis/plasma/equilibrium/tests/test_level_populations.py::TestLevelPopulationSolver::test_solve[collisional_rate_solver0-radiative_transitions0]
2025-02-15T22:20:13.7846179Z   /home/runner/work/tardis/tardis/tardis/plasma/equilibrium/level_populations.py:65: FutureWarning:
2025-02-15T22:20:13.7846633Z   
2025-02-15T22:20:13.7847001Z   A value is trying to be set on a copy of a DataFrame or Series through chained assignment using an inplace method.
2025-02-15T22:20:13.7848022Z   The behavior will change in pandas 3.0. This inplace method will never work because the intermediate object on which we are setting values always behaves as a copy.
2025-02-15T22:20:13.7848830Z   
2025-02-15T22:20:13.7849445Z   For example, when doing 'df[col].method(value, inplace=True)', try using 'df.method({col: value}, inplace=True)' or df[col] = df[col].method(value) instead, to perform the operation inplace on the original object.
2025-02-15T22:20:13.7850040Z 
2025-02-15T22:20:13.7850193Z tardis/plasma/tests/test_complete_plasmas.py: 20 warnings
2025-02-15T22:20:13.7850712Z   /home/runner/work/tardis/tardis/tardis/plasma/tests/test_complete_plasmas.py:197: UserWarning:
2025-02-15T22:20:13.7851157Z   
2025-02-15T22:20:13.7851343Z   Property "atomic_mass" not found
2025-02-15T22:20:13.7851513Z 
2025-02-15T22:20:13.7851954Z tardis/plasma/tests/test_complete_plasmas.py::TestPlasma::test_plasma_properties[radiative_rates_type:detailed-w_epsilon:1e-10-j_blues_norm_factor]
2025-02-15T22:20:13.7852833Z tardis/plasma/tests/test_complete_plasmas.py::TestPlasma::test_plasma_properties[radiative_rates_type:detailed-j_blues_norm_factor]
2025-02-15T22:20:13.7853572Z   /home/runner/work/tardis/tardis/tardis/plasma/tests/test_complete_plasmas.py:197: UserWarning:
2025-02-15T22:20:13.7854005Z   
2025-02-15T22:20:13.7854202Z   Property "j_blues_norm_factor" not found
2025-02-15T22:20:13.7854386Z 
2025-02-15T22:20:13.7854803Z tardis/plasma/tests/test_complete_plasmas.py::TestPlasma::test_plasma_properties[radiative_rates_type:detailed-w_epsilon:1e-10-j_blue_estimator]
2025-02-15T22:20:13.7855654Z tardis/plasma/tests/test_complete_plasmas.py::TestPlasma::test_plasma_properties[radiative_rates_type:detailed-j_blue_estimator]
2025-02-15T22:20:13.7856497Z   /home/runner/work/tardis/tardis/tardis/plasma/tests/test_complete_plasmas.py:197: UserWarning:
2025-02-15T22:20:13.7856926Z   
2025-02-15T22:20:13.7857114Z   Property "j_blue_estimator" not found
2025-02-15T22:20:13.7857293Z 
2025-02-15T22:20:13.7857684Z tardis/plasma/tests/test_complete_plasmas.py::TestPlasma::test_plasma_properties[radiative_rates_type:detailed-w_epsilon:1e-10-volume]
2025-02-15T22:20:13.7858695Z tardis/plasma/tests/test_complete_plasmas.py::TestPlasma::test_plasma_properties[radiative_rates_type:detailed-volume]
2025-02-15T22:20:13.7859385Z   /home/runner/work/tardis/tardis/tardis/plasma/tests/test_complete_plasmas.py:197: UserWarning:
2025-02-15T22:20:13.7859813Z   
2025-02-15T22:20:13.7860000Z   Property "volume" not found
2025-02-15T22:20:13.7860153Z 
2025-02-15T22:20:13.7860545Z tardis/plasma/tests/test_complete_plasmas.py::TestPlasma::test_plasma_properties[radiative_rates_type:detailed-w_epsilon:1e-10-r_inner]
2025-02-15T22:20:13.7861351Z tardis/plasma/tests/test_complete_plasmas.py::TestPlasma::test_plasma_properties[radiative_rates_type:detailed-r_inner]
2025-02-15T22:20:13.7862057Z   /home/runner/work/tardis/tardis/tardis/plasma/tests/test_complete_plasmas.py:197: UserWarning:
2025-02-15T22:20:13.7862489Z   
2025-02-15T22:20:13.7862672Z   Property "r_inner" not found
2025-02-15T22:20:13.7862828Z 
2025-02-15T22:20:13.7863046Z tardis/plasma/tests/test_plasma_vboundary.py::test_plasma_vboundary[2900-3750]
2025-02-15T22:20:13.7863558Z tardis/plasma/tests/test_plasma_vboundary.py::test_plasma_vboundary[2900-3850]
2025-02-15T22:20:13.7864053Z tardis/plasma/tests/test_plasma_vboundary.py::test_plasma_vboundary[2900-3900]
2025-02-15T22:20:13.7864582Z   /home/runner/work/tardis/tardis/tardis/model/geometry/radial1d.py:71: UserWarning:
2025-02-15T22:20:13.7864976Z   
2025-02-15T22:20:13.7865265Z   Requesting inner boundary below inner shell. Extrapolating the inner cell
2025-02-15T22:20:13.7865542Z 
2025-02-15T22:20:13.7865760Z tardis/spectrum/tests/test_spectrum_solver.py::TestSpectrumSolver::test_solve
2025-02-15T22:20:13.7866257Z   /home/runner/work/tardis/tardis/tardis/spectrum/base.py:70: UserWarning:
2025-02-15T22:20:13.7866612Z   
2025-02-15T22:20:13.7867028Z   SpectrumSolver.spectrum_virtual_packets is zero. Please run the montecarlo simulation with no_of_virtual_packets > 0
2025-02-15T22:20:13.7867440Z 
2025-02-15T22:20:13.7867680Z tardis/spectrum/tests/test_spectrum_solver.py::TestSpectrumSolver::test_solve
2025-02-15T22:20:13.7868917Z   /home/runner/work/tardis/tardis/tardis/spectrum/base.py:111: UserWarning:
2025-02-15T22:20:13.7869470Z   
2025-02-15T22:20:13.7869923Z   SpectrumSolver.integrator: The FormalIntegrator is not yet available.Please run the montecarlo simulation at least once.
2025-02-15T22:20:13.7870372Z 
2025-02-15T22:20:13.7870598Z tardis/transport/montecarlo/tests/test_vpacket.py::test_trace_vpacket_volley
2025-02-15T22:20:13.7871022Z   <string>:3: NumbaPendingDeprecationWarning:
2025-02-15T22:20:13.7871287Z   
2025-02-15T22:20:13.7872500Z   [1m[1mCode using Numba extension API maybe depending on 'old_style' error-capturing, which is deprecated and will be replaced by 'new_style' in a future release. See details at https://numba.readthedocs.io/en/latest/reference/deprecation.html#deprecation-of-old-style-numba-captured-errors
2025-02-15T22:20:13.7873525Z   Exception origin:
2025-02-15T22:20:13.7873922Z     File "/home/runner/micromamba/envs/tardis/lib/python3.12/inspect.py", line 3180, in _bind
2025-02-15T22:20:13.7874365Z       raise TypeError(msg) from None
2025-02-15T22:20:13.7874633Z   [0m[0m
2025-02-15T22:20:13.7874743Z 
2025-02-15T22:20:13.7875079Z tardis/visualization/tools/tests/test_sdec_plot.py::TestSDECPlotter::test_mpl_image[plotter_generate_plot_mpl4]
2025-02-15T22:20:13.7875794Z   /home/runner/work/tardis/tardis/tardis/visualization/tools/sdec_plot.py:1225: RuntimeWarning:
2025-02-15T22:20:13.7876236Z   
2025-02-15T22:20:13.7877184Z   More than 20 figures have been opened. Figures created through the pyplot interface (`matplotlib.pyplot.figure`) are retained until explicitly closed and may consume too much memory. (To control this warning, see the rcParam `figure.max_open_warning`). Consider using `matplotlib.pyplot.close()`.
2025-02-15T22:20:13.7878506Z 
2025-02-15T22:20:13.7878879Z tardis/visualization/widgets/tests/test_custom_abundance.py::TestCustomAbundanceWidget::test_update_input_item_value
2025-02-15T22:20:13.7879663Z tardis/visualization/widgets/tests/test_custom_abundance.py::TestCustomAbundanceWidget::test_update_input_item_value
2025-02-15T22:20:13.7880442Z tardis/visualization/widgets/tests/test_custom_abundance.py::TestCustomAbundanceWidget::test_update_input_item_value
2025-02-15T22:20:13.7881208Z tardis/visualization/widgets/tests/test_custom_abundance.py::TestCustomAbundanceWidget::test_update_input_item_value
2025-02-15T22:20:13.7881972Z tardis/visualization/widgets/tests/test_custom_abundance.py::TestCustomAbundanceWidget::test_update_input_item_value
2025-02-15T22:20:13.7882740Z tardis/visualization/widgets/tests/test_custom_abundance.py::TestCustomAbundanceWidget::test_update_input_item_value
2025-02-15T22:20:13.7883550Z   /home/runner/micromamba/envs/tardis/lib/python3.12/site-packages/traitlets/traitlets.py:1385: DeprecationWarning:
2025-02-15T22:20:13.7884076Z   
2025-02-15T22:20:13.7884372Z   Passing unrecognized arguments to super(Checkbox).__init__(icon='lock').
2025-02-15T22:20:13.7884832Z   object.__init__() takes exactly one argument (the instance to initialize)
2025-02-15T22:20:13.7885337Z   This is deprecated in traitlets 4.2.This error will be raised in a future release of traitlets.
2025-02-15T22:20:13.7885660Z 
2025-02-15T22:20:13.7886019Z tardis/visualization/widgets/tests/test_custom_abundance.py::TestCustomAbundanceWidget::test_update_input_item_value
2025-02-15T22:20:13.7886798Z tardis/visualization/widgets/tests/test_custom_abundance.py::TestCustomAbundanceWidget::test_update_input_item_value
2025-02-15T22:20:13.7887577Z   /home/runner/micromamba/envs/tardis/lib/python3.12/site-packages/traitlets/traitlets.py:1385: DeprecationWarning:
2025-02-15T22:20:13.7888336Z   
2025-02-15T22:20:13.7888614Z   Passing unrecognized arguments to super(FloatText).__init__(min=0).
2025-02-15T22:20:13.7889058Z   object.__init__() takes exactly one argument (the instance to initialize)
2025-02-15T22:20:13.7889552Z   This is deprecated in traitlets 4.2.This error will be raised in a future release of traitlets.
2025-02-15T22:20:13.7889877Z 
2025-02-15T22:20:13.7890366Z tardis/visualization/widgets/tests/test_custom_abundance.py::TestCustomAbundanceWidget::test_update_input_item_value
2025-02-15T22:20:13.7891150Z   /home/runner/micromamba/envs/tardis/lib/python3.12/site-packages/traitlets/traitlets.py:1385: DeprecationWarning:
2025-02-15T22:20:13.7891650Z   
2025-02-15T22:20:13.7891926Z   Passing unrecognized arguments to super(HTML).__init__(indent=True).
2025-02-15T22:20:13.7892362Z   object.__init__() takes exactly one argument (the instance to initialize)
2025-02-15T22:20:13.7892852Z   This is deprecated in traitlets 4.2.This error will be raised in a future release of traitlets.
2025-02-15T22:20:13.7893174Z 
2025-02-15T22:20:13.7893605Z tardis/visualization/widgets/tests/test_line_info.py::TestLineInfoWidgetData::test_get_species_interactions[wavelength_range0-packet_out_nu]
2025-02-15T22:20:13.7894431Z   /home/runner/micromamba/envs/tardis/lib/python3.12/site-packages/qgridnext/grid.py:814: DeprecationWarning:
2025-02-15T22:20:13.7894911Z   
2025-02-15T22:20:13.7895269Z   QgridWidget._df_changed is deprecated in traitlets 4.1: use @observe and @unobserve instead.
2025-02-15T22:20:13.7895602Z 
2025-02-15T22:20:13.7895861Z tardis/visualization/widgets/tests/test_shell_info.py::TestHDFShellInfo::test_shells_data
2025-02-15T22:20:13.7896405Z   /home/runner/work/tardis/tardis/tardis/io/util.py:289: PerformanceWarning:
2025-02-15T22:20:13.7896773Z   
2025-02-15T22:20:13.7896936Z   
2025-02-15T22:20:13.7897233Z   your performance may suffer as PyTables will pickle object types that it cannot
2025-02-15T22:20:13.7898084Z   map directly to c-types [inferred_type->mixed,key->block0_values] [items->Index([0], dtype='int64')]
2025-02-15T22:20:13.7898446Z 
2025-02-15T22:20:13.7898722Z tardis/visualization/widgets/tests/test_shell_info.py::TestHDFShellInfo::test_shells_data
2025-02-15T22:20:13.7899286Z   /home/runner/work/tardis/tardis/tardis/io/util.py:292: PerformanceWarning:
2025-02-15T22:20:13.7899655Z   
2025-02-15T22:20:13.7899822Z   
2025-02-15T22:20:13.7900124Z   your performance may suffer as PyTables will pickle object types that it cannot
2025-02-15T22:20:13.7900607Z   map directly to c-types [inferred_type->mixed,key->values] [items->None]
2025-02-15T22:20:13.7900876Z 
2025-02-15T22:20:13.7901137Z tardis/visualization/widgets/tests/test_shell_info.py::TestHDFShellInfo::test_shells_data
2025-02-15T22:20:13.7901721Z   /home/runner/work/tardis/tardis/tardis/spectrum/formal_integral.py:398: UserWarning:
2025-02-15T22:20:13.7902124Z   
2025-02-15T22:20:13.7902409Z   The number of interpolate_shells was not specified. The value was set to 80.
2025-02-15T22:20:13.7902694Z 
2025-02-15T22:20:13.7902893Z -- Docs: https://docs.pytest.org/en/stable/how-to/capture-warnings.html
2025-02-15T22:20:13.7903165Z 
2025-02-15T22:20:13.7903341Z ---------- coverage: platform linux, python 3.12.4-final-0 -----------
2025-02-15T22:20:13.7903710Z Coverage HTML written to dir coverage_html_report
2025-02-15T22:20:13.7904019Z Coverage XML written to file coverage.xml
2025-02-15T22:20:13.7904205Z 
2025-02-15T22:20:13.7904338Z =========================== short test summary info ============================
2025-02-15T22:20:13.7904939Z FAILED tardis/io/tests/test_model_reader.py::test_simple_read_artis_density - ValueError: not enough values to unpack (expected 4, got 3)
2025-02-15T22:20:13.7905660Z = 1 failed, 1437 passed, 329 skipped, 2 deselected, 19 xfailed, 8 xpassed, 92 warnings in 734.36s (0:12:14) =
2025-02-15T22:20:15.8368372Z ##[error]Process completed with exit code 1.
