2025-01-10T07:23:58.5011034Z Requested labels: macos-latest
2025-01-10T07:23:58.5011528Z Job defined at: tardis-sn/tardis/.github/workflows/tests.yml@refs/pull/2932/merge
2025-01-10T07:23:58.5011641Z Waiting for a runner to pick up this job...
2025-01-10T07:23:58.7418916Z Job is waiting for a hosted runner to come online.
2025-01-10T07:24:01.3924935Z Job is about to start running on the hosted runner: GitHub Actions 20 (hosted)
2025-01-10T07:24:02.5908400Z Current runner version: '2.321.0'
2025-01-10T07:24:02.5924720Z ##[group]Operating System
2025-01-10T07:24:02.5925140Z macOS
2025-01-10T07:24:02.5925420Z 14.7.2
2025-01-10T07:24:02.5925700Z 23H311
2025-01-10T07:24:02.5925970Z ##[endgroup]
2025-01-10T07:24:02.5926280Z ##[group]Runner Image
2025-01-10T07:24:02.5926590Z Image: macos-14-arm64
2025-01-10T07:24:02.5926890Z Version: 20250106.725
2025-01-10T07:24:02.5927530Z Included Software: https://github.com/actions/runner-images/blob/macos-14-arm64/20250106.725/images/macos/macos-14-arm64-Readme.md
2025-01-10T07:24:02.5928400Z Image Release: https://github.com/actions/runner-images/releases/tag/macos-14-arm64%2F20250106.725
2025-01-10T07:24:02.5928940Z ##[endgroup]
2025-01-10T07:24:02.5929230Z ##[group]Runner Image Provisioner
2025-01-10T07:24:02.5929600Z 2.0.404.1+573eac7f0cc07d6bb82d8b9bf5e1ffa69a554644
2025-01-10T07:24:02.5929970Z ##[endgroup]
2025-01-10T07:24:02.5931220Z ##[group]GITHUB_TOKEN Permissions
2025-01-10T07:24:02.5932150Z Actions: read
2025-01-10T07:24:02.5932450Z Attestations: read
2025-01-10T07:24:02.5932740Z Checks: read
2025-01-10T07:24:02.5933010Z Contents: read
2025-01-10T07:24:02.5933290Z Deployments: read
2025-01-10T07:24:02.5933580Z Discussions: read
2025-01-10T07:24:02.5933850Z Issues: read
2025-01-10T07:24:02.5934120Z Metadata: read
2025-01-10T07:24:02.5934400Z Packages: read
2025-01-10T07:24:02.5934670Z Pages: read
2025-01-10T07:24:02.5934930Z PullRequests: read
2025-01-10T07:24:02.5935230Z RepositoryProjects: read
2025-01-10T07:24:02.5935540Z SecurityEvents: read
2025-01-10T07:24:02.5935830Z Statuses: read
2025-01-10T07:24:02.5936110Z ##[endgroup]
2025-01-10T07:24:02.5937690Z Secret source: None
2025-01-10T07:24:02.5938090Z Prepare workflow directory
2025-01-10T07:24:02.6250220Z Prepare all required actions
2025-01-10T07:24:02.6274220Z Getting action download info
2025-01-10T07:24:02.8155130Z Download action repository 'actions/checkout@v4' (SHA:11bd71901bbe5b1630ceea73d27597364c9af683)
2025-01-10T07:24:03.0657840Z Download action repository 'actions/upload-artifact@v4' (SHA:6f51ac03b9356f520e9adb1b1b7802705f340c2b)
2025-01-10T07:24:03.2181590Z Complete job name:  continuum macos-latest 
2025-01-10T07:24:03.2522470Z ##[group]Run actions/checkout@v4
2025-01-10T07:24:03.2522940Z with:
2025-01-10T07:24:03.2523210Z   repository: tardis-sn/tardis
2025-01-10T07:24:03.2523630Z   token: ***
2025-01-10T07:24:03.2523890Z   ssh-strict: true
2025-01-10T07:24:03.2524150Z   ssh-user: git
2025-01-10T07:24:03.2524420Z   persist-credentials: true
2025-01-10T07:24:03.2524710Z   clean: true
2025-01-10T07:24:03.2524990Z   sparse-checkout-cone-mode: true
2025-01-10T07:24:03.2525300Z   fetch-depth: 1
2025-01-10T07:24:03.2525560Z   fetch-tags: false
2025-01-10T07:24:03.2525830Z   show-progress: true
2025-01-10T07:24:03.2526100Z   lfs: false
2025-01-10T07:24:03.2526340Z   submodules: false
2025-01-10T07:24:03.2526610Z   set-safe-directory: true
2025-01-10T07:24:03.2526990Z env:
2025-01-10T07:24:03.2527240Z   CACHE_NUMBER: 0
2025-01-10T07:24:03.2527960Z   PYTEST_FLAGS: --tardis-regression-data=/Users/runner/work/tardis/tardis/tardis-regression-data --cov=tardis --cov-report=xml --cov-report=html --cov-append
2025-01-10T07:24:03.2528750Z   CODECOV_TOKEN: 
2025-01-10T07:24:03.2529010Z ##[endgroup]
2025-01-10T07:24:03.5947730Z Syncing repository: tardis-sn/tardis
2025-01-10T07:24:03.5948870Z ##[group]Getting Git version info
2025-01-10T07:24:03.5949310Z Working directory is '/Users/runner/work/tardis/tardis'
2025-01-10T07:24:03.5953730Z [command]/opt/homebrew/bin/git version
2025-01-10T07:24:03.6652350Z git version 2.47.1
2025-01-10T07:24:03.6684490Z ##[endgroup]
2025-01-10T07:24:03.6691670Z Copying '/Users/runner/.gitconfig' to '/Users/runner/work/_temp/c91aa430-83db-422b-b124-f2b740f46481/.gitconfig'
2025-01-10T07:24:03.6698410Z Temporarily overriding HOME='/Users/runner/work/_temp/c91aa430-83db-422b-b124-f2b740f46481' before making global git config changes
2025-01-10T07:24:03.6700100Z Adding repository directory to the temporary git global config as a safe directory
2025-01-10T07:24:03.6702290Z [command]/opt/homebrew/bin/git config --global --add safe.directory /Users/runner/work/tardis/tardis
2025-01-10T07:24:03.6799430Z Deleting the contents of '/Users/runner/work/tardis/tardis'
2025-01-10T07:24:03.6801590Z ##[group]Initializing the repository
2025-01-10T07:24:03.6806230Z [command]/opt/homebrew/bin/git init /Users/runner/work/tardis/tardis
2025-01-10T07:24:03.6989720Z hint: Using 'master' as the name for the initial branch. This default branch name
2025-01-10T07:24:03.6991010Z hint: is subject to change. To configure the initial branch name to use in all
2025-01-10T07:24:03.6991940Z hint: of your new repositories, which will suppress this warning, call:
2025-01-10T07:24:03.6992550Z hint:
2025-01-10T07:24:03.6992990Z hint: 	git config --global init.defaultBranch <name>
2025-01-10T07:24:03.6993480Z hint:
2025-01-10T07:24:03.6993940Z hint: Names commonly chosen instead of 'master' are 'main', 'trunk' and
2025-01-10T07:24:03.6994580Z hint: 'development'. The just-created branch can be renamed via this command:
2025-01-10T07:24:03.6995550Z hint:
2025-01-10T07:24:03.6995900Z hint: 	git branch -m <name>
2025-01-10T07:24:03.6997220Z Initialized empty Git repository in /Users/runner/work/tardis/tardis/.git/
2025-01-10T07:24:03.6998730Z [command]/opt/homebrew/bin/git remote add origin https://github.com/tardis-sn/tardis
2025-01-10T07:24:03.7059990Z ##[endgroup]
2025-01-10T07:24:03.7060550Z ##[group]Disabling automatic garbage collection
2025-01-10T07:24:03.7063490Z [command]/opt/homebrew/bin/git config --local gc.auto 0
2025-01-10T07:24:03.7112650Z ##[endgroup]
2025-01-10T07:24:03.7113180Z ##[group]Setting up auth
2025-01-10T07:24:03.7116730Z [command]/opt/homebrew/bin/git config --local --name-only --get-regexp core\.sshCommand
2025-01-10T07:24:03.7166650Z [command]/opt/homebrew/bin/git submodule foreach --recursive sh -c "git config --local --name-only --get-regexp 'core\.sshCommand' && git config --local --unset-all 'core.sshCommand' || :"
2025-01-10T07:24:03.8247810Z [command]/opt/homebrew/bin/git config --local --name-only --get-regexp http\.https\:\/\/github\.com\/\.extraheader
2025-01-10T07:24:03.8290230Z [command]/opt/homebrew/bin/git submodule foreach --recursive sh -c "git config --local --name-only --get-regexp 'http\.https\:\/\/github\.com\/\.extraheader' && git config --local --unset-all 'http.https://github.com/.extraheader' || :"
2025-01-10T07:24:03.8797060Z [command]/opt/homebrew/bin/git config --local http.https://github.com/.extraheader AUTHORIZATION: basic ***
2025-01-10T07:24:03.8870340Z ##[endgroup]
2025-01-10T07:24:03.8871530Z ##[group]Fetching the repository
2025-01-10T07:24:03.8878750Z [command]/opt/homebrew/bin/git -c protocol.version=2 fetch --no-tags --prune --no-recurse-submodules --depth=1 origin +d04fa04f148367ed952b04f17e05d8c3092ae210:refs/remotes/pull/2932/merge
2025-01-10T07:24:05.6327810Z From https://github.com/tardis-sn/tardis
2025-01-10T07:24:05.6328970Z  * [new ref]         d04fa04f148367ed952b04f17e05d8c3092ae210 -> pull/2932/merge
2025-01-10T07:24:05.6377150Z ##[endgroup]
2025-01-10T07:24:05.6377970Z ##[group]Determining the checkout info
2025-01-10T07:24:05.6378770Z ##[endgroup]
2025-01-10T07:24:05.6380750Z [command]/opt/homebrew/bin/git sparse-checkout disable
2025-01-10T07:24:05.6437980Z [command]/opt/homebrew/bin/git config --local --unset-all extensions.worktreeConfig
2025-01-10T07:24:05.6486710Z ##[group]Checking out the ref
2025-01-10T07:24:05.6488640Z [command]/opt/homebrew/bin/git checkout --progress --force refs/remotes/pull/2932/merge
2025-01-10T07:24:05.9180800Z HEAD is now at d04fa04 Merge 0f50ffde96459a5e00b41c380e37bc41646cc55d into 0fc2c76326b8122f88ddaf369f17a637bbe37c63
2025-01-10T07:24:05.9191730Z ##[endgroup]
2025-01-10T07:24:05.9254960Z [command]/opt/homebrew/bin/git log -1 --format=%H
2025-01-10T07:24:05.9293050Z d04fa04f148367ed952b04f17e05d8c3092ae210
2025-01-10T07:24:05.9545740Z Prepare all required actions
2025-01-10T07:24:05.9546530Z Getting action download info
2025-01-10T07:24:06.1098520Z Download action repository 'actions/cache@v4' (SHA:1bd1e32a3bdc45362d1e726936510720a7c30a57)
2025-01-10T07:24:06.2388500Z ##[group]Run ./.github/actions/setup_lfs
2025-01-10T07:24:06.2389200Z with:
2025-01-10T07:24:06.2389780Z   regression-data-repo: tardis-sn/tardis-regression-data
2025-01-10T07:24:06.2390620Z env:
2025-01-10T07:24:06.2436980Z   CACHE_NUMBER: 0
2025-01-10T07:24:06.2438480Z   PYTEST_FLAGS: --tardis-regression-data=/Users/runner/work/tardis/tardis/tardis-regression-data --cov=tardis --cov-report=xml --cov-report=html --cov-append
2025-01-10T07:24:06.2440020Z   CODECOV_TOKEN: 
2025-01-10T07:24:06.2440480Z ##[endgroup]
2025-01-10T07:24:06.2560520Z ##[group]Run actions/checkout@v4
2025-01-10T07:24:06.2561140Z with:
2025-01-10T07:24:06.2561610Z   repository: tardis-sn/tardis-regression-data
2025-01-10T07:24:06.2562250Z   path: tardis-regression-data
2025-01-10T07:24:06.2562970Z   token: ***
2025-01-10T07:24:06.2563400Z   ssh-strict: true
2025-01-10T07:24:06.2563840Z   ssh-user: git
2025-01-10T07:24:06.2564330Z   persist-credentials: true
2025-01-10T07:24:06.2564880Z   clean: true
2025-01-10T07:24:06.2565350Z   sparse-checkout-cone-mode: true
2025-01-10T07:24:06.2565970Z   fetch-depth: 1
2025-01-10T07:24:06.2566460Z   fetch-tags: false
2025-01-10T07:24:06.2566940Z   show-progress: true
2025-01-10T07:24:06.2567390Z   lfs: false
2025-01-10T07:24:06.2567810Z   submodules: false
2025-01-10T07:24:06.2568250Z   set-safe-directory: true
2025-01-10T07:24:06.2568710Z env:
2025-01-10T07:24:06.2569080Z   CACHE_NUMBER: 0
2025-01-10T07:24:06.2570320Z   PYTEST_FLAGS: --tardis-regression-data=/Users/runner/work/tardis/tardis/tardis-regression-data --cov=tardis --cov-report=xml --cov-report=html --cov-append
2025-01-10T07:24:06.2571680Z   CODECOV_TOKEN: 
2025-01-10T07:24:06.2572080Z ##[endgroup]
2025-01-10T07:24:06.3918260Z Syncing repository: tardis-sn/tardis-regression-data
2025-01-10T07:24:06.3919440Z ##[group]Getting Git version info
2025-01-10T07:24:06.3920270Z Working directory is '/Users/runner/work/tardis/tardis/tardis-regression-data'
2025-01-10T07:24:06.3921480Z [command]/opt/homebrew/bin/git version
2025-01-10T07:24:06.3922050Z git version 2.47.1
2025-01-10T07:24:06.3923630Z ##[endgroup]
2025-01-10T07:24:06.3925490Z Copying '/Users/runner/.gitconfig' to '/Users/runner/work/_temp/eae36b7f-c15a-4467-be8e-158913bc5cb0/.gitconfig'
2025-01-10T07:24:06.3927170Z Temporarily overriding HOME='/Users/runner/work/_temp/eae36b7f-c15a-4467-be8e-158913bc5cb0' before making global git config changes
2025-01-10T07:24:06.3928640Z Adding repository directory to the temporary git global config as a safe directory
2025-01-10T07:24:06.3930090Z [command]/opt/homebrew/bin/git config --global --add safe.directory /Users/runner/work/tardis/tardis/tardis-regression-data
2025-01-10T07:24:06.3932250Z ##[group]Initializing the repository
2025-01-10T07:24:06.3933180Z [command]/opt/homebrew/bin/git init /Users/runner/work/tardis/tardis/tardis-regression-data
2025-01-10T07:24:06.3934310Z hint: Using 'master' as the name for the initial branch. This default branch name
2025-01-10T07:24:06.3935370Z hint: is subject to change. To configure the initial branch name to use in all
2025-01-10T07:24:06.3936360Z hint: of your new repositories, which will suppress this warning, call:
2025-01-10T07:24:06.3937150Z hint:
2025-01-10T07:24:06.3937660Z hint: 	git config --global init.defaultBranch <name>
2025-01-10T07:24:06.3938300Z hint:
2025-01-10T07:24:06.3938920Z hint: Names commonly chosen instead of 'master' are 'main', 'trunk' and
2025-01-10T07:24:06.3939920Z hint: 'development'. The just-created branch can be renamed via this command:
2025-01-10T07:24:06.3941700Z hint:
2025-01-10T07:24:06.3942150Z hint: 	git branch -m <name>
2025-01-10T07:24:06.3943070Z Initialized empty Git repository in /Users/runner/work/tardis/tardis/tardis-regression-data/.git/
2025-01-10T07:24:06.3945560Z [command]/opt/homebrew/bin/git remote add origin https://github.com/tardis-sn/tardis-regression-data
2025-01-10T07:24:06.3947500Z ##[endgroup]
2025-01-10T07:24:06.3948280Z ##[group]Disabling automatic garbage collection
2025-01-10T07:24:06.3949250Z [command]/opt/homebrew/bin/git config --local gc.auto 0
2025-01-10T07:24:06.3978360Z ##[endgroup]
2025-01-10T07:24:06.3979480Z ##[group]Setting up auth
2025-01-10T07:24:06.3984490Z [command]/opt/homebrew/bin/git config --local --name-only --get-regexp core\.sshCommand
2025-01-10T07:24:06.4020670Z [command]/opt/homebrew/bin/git submodule foreach --recursive sh -c "git config --local --name-only --get-regexp 'core\.sshCommand' && git config --local --unset-all 'core.sshCommand' || :"
2025-01-10T07:24:06.4449090Z [command]/opt/homebrew/bin/git config --local --name-only --get-regexp http\.https\:\/\/github\.com\/\.extraheader
2025-01-10T07:24:06.4483660Z [command]/opt/homebrew/bin/git submodule foreach --recursive sh -c "git config --local --name-only --get-regexp 'http\.https\:\/\/github\.com\/\.extraheader' && git config --local --unset-all 'http.https://github.com/.extraheader' || :"
2025-01-10T07:24:06.4920770Z [command]/opt/homebrew/bin/git config --local http.https://github.com/.extraheader AUTHORIZATION: basic ***
2025-01-10T07:24:06.4963390Z ##[endgroup]
2025-01-10T07:24:06.4964240Z ##[group]Determining the default branch
2025-01-10T07:24:06.4964910Z Retrieving the default branch name
2025-01-10T07:24:06.9088120Z Default branch 'main'
2025-01-10T07:24:06.9089020Z ##[endgroup]
2025-01-10T07:24:06.9089520Z ##[group]Fetching the repository
2025-01-10T07:24:06.9091580Z [command]/opt/homebrew/bin/git -c protocol.version=2 fetch --no-tags --prune --no-recurse-submodules --depth=1 origin +refs/heads/main:refs/remotes/origin/main
2025-01-10T07:24:07.8654100Z From https://github.com/tardis-sn/tardis-regression-data
2025-01-10T07:24:07.8654910Z  * [new branch]      main       -> origin/main
2025-01-10T07:24:07.8743950Z ##[endgroup]
2025-01-10T07:24:07.8750110Z ##[group]Determining the checkout info
2025-01-10T07:24:07.8750730Z ##[endgroup]
2025-01-10T07:24:07.8751100Z [command]/opt/homebrew/bin/git sparse-checkout disable
2025-01-10T07:24:07.8773650Z [command]/opt/homebrew/bin/git config --local --unset-all extensions.worktreeConfig
2025-01-10T07:24:07.8822730Z ##[group]Checking out the ref
2025-01-10T07:24:07.8826130Z [command]/opt/homebrew/bin/git checkout --progress --force -B main refs/remotes/origin/main
2025-01-10T07:24:08.1001830Z Switched to a new branch 'main'
2025-01-10T07:24:08.1002850Z branch 'main' set up to track 'origin/main'.
2025-01-10T07:24:08.1520450Z ##[endgroup]
2025-01-10T07:24:08.1566880Z [command]/opt/homebrew/bin/git log -1 --format=%H
2025-01-10T07:24:08.1600460Z 666ab8501c2b2aea30d05b8822e7ddbfca078d23
2025-01-10T07:24:08.1693560Z ##[group]Run git lfs ls-files -l | cut -d' ' -f1 | sort > .lfs-assets-id
2025-01-10T07:24:08.1693960Z [36;1mgit lfs ls-files -l | cut -d' ' -f1 | sort > .lfs-assets-id[0m
2025-01-10T07:24:08.1746270Z shell: /bin/bash --noprofile --norc -e -o pipefail {0}
2025-01-10T07:24:08.1746500Z env:
2025-01-10T07:24:08.1746620Z   CACHE_NUMBER: 0
2025-01-10T07:24:08.1747060Z   PYTEST_FLAGS: --tardis-regression-data=/Users/runner/work/tardis/tardis/tardis-regression-data --cov=tardis --cov-report=xml --cov-report=html --cov-append
2025-01-10T07:24:08.1747530Z   CODECOV_TOKEN: 
2025-01-10T07:24:08.1747650Z ##[endgroup]
2025-01-10T07:24:08.5617070Z ##[group]Run actions/cache/restore@v4
2025-01-10T07:24:08.5617290Z with:
2025-01-10T07:24:08.5617450Z   path: tardis-regression-data/.git/lfs
2025-01-10T07:24:08.5617790Z   key: macOS-lfs-21f9fa4b6817cc69b9fae3598144724da7828e276a73bd17f47a2a49d9af090a-v1
2025-01-10T07:24:08.5618120Z   enableCrossOsArchive: false
2025-01-10T07:24:08.5618310Z   fail-on-cache-miss: false
2025-01-10T07:24:08.5618470Z   lookup-only: false
2025-01-10T07:24:08.5618630Z env:
2025-01-10T07:24:08.5618790Z   CACHE_NUMBER: 0
2025-01-10T07:24:08.5619600Z   PYTEST_FLAGS: --tardis-regression-data=/Users/runner/work/tardis/tardis/tardis-regression-data --cov=tardis --cov-report=xml --cov-report=html --cov-append
2025-01-10T07:24:08.5620100Z   CODECOV_TOKEN: 
2025-01-10T07:24:08.5620250Z ##[endgroup]
2025-01-10T07:24:10.0569580Z Received 54525952 of 1706796060 (3.2%), 52.0 MBs/sec
2025-01-10T07:24:11.0577020Z Received 113246208 of 1706796060 (6.6%), 53.9 MBs/sec
2025-01-10T07:24:12.0632520Z Received 192937984 of 1706796060 (11.3%), 61.2 MBs/sec
2025-01-10T07:24:13.0651330Z Received 268435456 of 1706796060 (15.7%), 63.9 MBs/sec
2025-01-10T07:24:14.0660020Z Received 343932928 of 1706796060 (20.2%), 65.5 MBs/sec
2025-01-10T07:24:15.0661720Z Received 423624704 of 1706796060 (24.8%), 67.2 MBs/sec
2025-01-10T07:24:16.0668240Z Received 507510784 of 1706796060 (29.7%), 69.0 MBs/sec
2025-01-10T07:24:17.0688410Z Received 587202560 of 1706796060 (34.4%), 69.9 MBs/sec
2025-01-10T07:24:18.0702250Z Received 654311424 of 1706796060 (38.3%), 69.2 MBs/sec
2025-01-10T07:24:19.0702290Z Received 725614592 of 1706796060 (42.5%), 69.1 MBs/sec
2025-01-10T07:24:20.0719130Z Received 792723456 of 1706796060 (46.4%), 68.6 MBs/sec
2025-01-10T07:24:21.0725820Z Received 868220928 of 1706796060 (50.9%), 68.9 MBs/sec
2025-01-10T07:24:22.0728990Z Received 956301312 of 1706796060 (56.0%), 70.1 MBs/sec
2025-01-10T07:24:23.0804740Z Received 1044381696 of 1706796060 (61.2%), 71.0 MBs/sec
2025-01-10T07:24:24.0748340Z Received 1140850688 of 1706796060 (66.8%), 72.4 MBs/sec
2025-01-10T07:24:25.0772420Z Received 1207959552 of 1706796060 (70.8%), 71.9 MBs/sec
2025-01-10T07:24:26.0778290Z Received 1283457024 of 1706796060 (75.2%), 71.9 MBs/sec
2025-01-10T07:24:27.0782620Z Received 1379926016 of 1706796060 (80.8%), 73.0 MBs/sec
2025-01-10T07:24:28.0808130Z Received 1472200704 of 1706796060 (86.3%), 73.8 MBs/sec
2025-01-10T07:24:29.0813350Z Received 1560281088 of 1706796060 (91.4%), 74.3 MBs/sec
2025-01-10T07:24:30.0817830Z Received 1644167168 of 1706796060 (96.3%), 74.6 MBs/sec
2025-01-10T07:24:31.0853470Z Received 1706796060 of 1706796060 (100.0%), 73.9 MBs/sec
2025-01-10T07:24:31.1254120Z Cache Size: ~1628 MB (1706796060 B)
2025-01-10T07:24:31.1361780Z [command]/opt/homebrew/bin/gtar -xf /Users/runner/work/_temp/d869bea5-92fa-4f64-9728-cc58c3f89450/cache.tzst -P -C /Users/runner/work/tardis/tardis --delay-directory-restore --use-compress-program unzstd
2025-01-10T07:24:36.7903970Z Cache restored successfully
2025-01-10T07:24:36.8832070Z Cache restored from key: macOS-lfs-21f9fa4b6817cc69b9fae3598144724da7828e276a73bd17f47a2a49d9af090a-v1
2025-01-10T07:24:36.9032880Z ##[group]Run git lfs checkout
2025-01-10T07:24:36.9033280Z [36;1mgit lfs checkout[0m
2025-01-10T07:24:36.9120520Z shell: /bin/bash --noprofile --norc -e -o pipefail {0}
2025-01-10T07:24:36.9121020Z env:
2025-01-10T07:24:36.9121290Z   CACHE_NUMBER: 0
2025-01-10T07:24:36.9121900Z   PYTEST_FLAGS: --tardis-regression-data=/Users/runner/work/tardis/tardis/tardis-regression-data --cov=tardis --cov-report=xml --cov-report=html --cov-append
2025-01-10T07:24:36.9122380Z   CODECOV_TOKEN: 
2025-01-10T07:24:36.9122500Z ##[endgroup]
2025-01-10T07:24:43.4815110Z Checking out LFS objects: 100% (204/204), 3.5 GB | 411 MB/s, done.
2025-01-10T07:24:49.0575220Z Prepare all required actions
2025-01-10T07:24:49.0575780Z Getting action download info
2025-01-10T07:24:49.2021520Z Download action repository 'mamba-org/setup-micromamba@v1' (SHA:4b9113af4fba0e9e1124b252dd6497a419e7396d)
2025-01-10T07:24:50.3815130Z ##[group]Run ./.github/actions/setup_env
2025-01-10T07:24:50.3815540Z with:
2025-01-10T07:24:50.3815770Z   os-label: osx-arm64
2025-01-10T07:24:50.3816060Z env:
2025-01-10T07:24:50.3816270Z   CACHE_NUMBER: 0
2025-01-10T07:24:50.3816830Z   PYTEST_FLAGS: --tardis-regression-data=/Users/runner/work/tardis/tardis/tardis-regression-data --cov=tardis --cov-report=xml --cov-report=html --cov-append
2025-01-10T07:24:50.3817590Z   CODECOV_TOKEN: 
2025-01-10T07:24:50.3817880Z ##[endgroup]
2025-01-10T07:24:50.3863210Z ##[group]Run file_hash=$(cat conda-osx-arm64.lock | shasum -a 256 | cut -d' ' -f1)
2025-01-10T07:24:50.3863610Z [36;1mfile_hash=$(cat conda-osx-arm64.lock | shasum -a 256 | cut -d' ' -f1)[0m
2025-01-10T07:24:50.3863970Z [36;1mecho "file_hash=$file_hash" >> "${GITHUB_OUTPUT}"[0m
2025-01-10T07:24:50.3908520Z shell: /bin/bash --noprofile --norc -e -o pipefail {0}
2025-01-10T07:24:50.3909180Z env:
2025-01-10T07:24:50.3909300Z   CACHE_NUMBER: 0
2025-01-10T07:24:50.3909730Z   PYTEST_FLAGS: --tardis-regression-data=/Users/runner/work/tardis/tardis/tardis-regression-data --cov=tardis --cov-report=xml --cov-report=html --cov-append
2025-01-10T07:24:50.3910180Z   CODECOV_TOKEN: 
2025-01-10T07:24:50.3910300Z ##[endgroup]
2025-01-10T07:24:50.4743230Z ##[group]Run mamba-org/setup-micromamba@v1
2025-01-10T07:24:50.4743450Z with:
2025-01-10T07:24:50.4743580Z   environment-file: conda-osx-arm64.lock
2025-01-10T07:24:50.4743900Z   cache-environment-key: bf0d0a4d4c847cca72476c6c68c493d56c484aada7e80de0e42c7607fcef5824
2025-01-10T07:24:50.4744320Z   cache-downloads-key: bf0d0a4d4c847cca72476c6c68c493d56c484aada7e80de0e42c7607fcef5824
2025-01-10T07:24:50.4744620Z   environment-name: tardis
2025-01-10T07:24:50.4744790Z   cache-environment: true
2025-01-10T07:24:50.4744970Z   cache-downloads: true
2025-01-10T07:24:50.4745100Z env:
2025-01-10T07:24:50.4745220Z   CACHE_NUMBER: 0
2025-01-10T07:24:50.4745670Z   PYTEST_FLAGS: --tardis-regression-data=/Users/runner/work/tardis/tardis/tardis-regression-data --cov=tardis --cov-report=xml --cov-report=html --cov-append
2025-01-10T07:24:50.4746140Z   CODECOV_TOKEN: 
2025-01-10T07:24:50.4746260Z ##[endgroup]
2025-01-10T07:24:50.8061990Z Will download micromamba to /Users/runner/micromamba-bin/micromamba
2025-01-10T07:24:50.8066450Z ##[group]Install micromamba
2025-01-10T07:24:51.5203350Z micromamba installed to /Users/runner/micromamba-bin/micromamba
2025-01-10T07:24:51.5209070Z ##[endgroup]
2025-01-10T07:24:51.5210050Z Adding conda-forge to condarc channels ...
2025-01-10T07:24:51.5210620Z ##[group]Initialize micromamba for bash.
2025-01-10T07:24:51.5211770Z [command]/Users/runner/micromamba-bin/micromamba shell init -s bash -r /Users/runner/micromamba --log-level warning --rc-file /Users/runner/work/_temp/setup-micromamba/.condarc
2025-01-10T07:24:51.5405330Z Modifying RC file "/Users/runner/.bash_profile"
2025-01-10T07:24:51.5407870Z Generating config for root prefix [1m"/Users/runner/micromamba"[0m
2025-01-10T07:24:51.5408820Z Setting mamba executable to: [1m"/Users/runner/micromamba-bin/micromamba"[0m
2025-01-10T07:24:51.5409720Z Adding (or replacing) the following in your "/Users/runner/.bash_profile" file
2025-01-10T07:24:51.5410060Z 
2025-01-10T07:24:51.5410490Z # >>> mamba initialize >>>
2025-01-10T07:24:51.5410840Z # !! Contents within this block are managed by 'mamba init' !!
2025-01-10T07:24:51.5411240Z export MAMBA_EXE='/Users/runner/micromamba-bin/micromamba';
2025-01-10T07:24:51.5411640Z export MAMBA_ROOT_PREFIX='/Users/runner/micromamba';
2025-01-10T07:24:51.5412120Z __mamba_setup="$("$MAMBA_EXE" shell hook --shell bash --root-prefix "$MAMBA_ROOT_PREFIX" 2> /dev/null)"
2025-01-10T07:24:51.5412600Z if [ $? -eq 0 ]; then
2025-01-10T07:24:51.5412890Z     eval "$__mamba_setup"
2025-01-10T07:24:51.5413770Z else
2025-01-10T07:24:51.5414420Z     alias micromamba="$MAMBA_EXE"  # Fallback on help from mamba activate
2025-01-10T07:24:51.5414980Z fi
2025-01-10T07:24:51.5415230Z unset __mamba_setup
2025-01-10T07:24:51.5416010Z # <<< mamba initialize <<<
2025-01-10T07:24:51.5416250Z 
2025-01-10T07:24:51.5417100Z ##[endgroup]
2025-01-10T07:24:51.5419900Z ##[group]Restoring downloads from `/Users/runner/micromamba/pkgs` ...
2025-01-10T07:24:52.8907430Z Received 50331648 of 310595873 (16.2%), 48.0 MBs/sec
2025-01-10T07:24:53.8918110Z Received 117440512 of 310595873 (37.8%), 55.9 MBs/sec
2025-01-10T07:24:54.8924740Z Received 201326592 of 310595873 (64.8%), 63.9 MBs/sec
2025-01-10T07:24:55.8922150Z Received 272629760 of 310595873 (87.8%), 64.9 MBs/sec
2025-01-10T07:24:56.3984210Z Cache Size: ~296 MB (310595873 B)
2025-01-10T07:24:56.4068320Z [command]/opt/homebrew/bin/gtar -xf /Users/runner/work/_temp/f8152dd7-75a2-42f9-8978-6df56b3906b9/cache.tzst -P -C /Users/runner/work/tardis/tardis --delay-directory-restore --use-compress-program unzstd
2025-01-10T07:24:56.8350930Z Cache restored successfully
2025-01-10T07:24:56.8369280Z Restored cache with key `bf0d0a4d4c847cca72476c6c68c493d56c484aada7e80de0e42c7607fcef5824-osx-arm64`
2025-01-10T07:24:56.8381520Z ##[endgroup]
2025-01-10T07:24:56.8409500Z ##[group]Restoring environment `tardis` from `/Users/runner/micromamba/envs/tardis` ...
2025-01-10T07:24:56.8978840Z Received 310595873 of 310595873 (100.0%), 59.1 MBs/sec
2025-01-10T07:24:58.2004520Z Received 41943040 of 385775710 (10.9%), 40.0 MBs/sec
2025-01-10T07:24:59.2021590Z Received 117440512 of 385775710 (30.4%), 56.0 MBs/sec
2025-01-10T07:25:00.2039940Z Received 192937984 of 385775710 (50.0%), 61.3 MBs/sec
2025-01-10T07:25:01.2041470Z Received 281018368 of 385775710 (72.8%), 66.9 MBs/sec
2025-01-10T07:25:02.2050030Z Received 360710144 of 385775710 (93.5%), 68.7 MBs/sec
2025-01-10T07:25:02.7439160Z Cache Size: ~368 MB (385775710 B)
2025-01-10T07:25:02.7531250Z [command]/opt/homebrew/bin/gtar -xf /Users/runner/work/_temp/93d00b3f-09be-44d2-a204-15fc54c752c4/cache.tzst -P -C /Users/runner/work/tardis/tardis --delay-directory-restore --use-compress-program unzstd
2025-01-10T07:25:03.2076110Z Received 385775710 of 385775710 (100.0%), 61.2 MBs/sec
2025-01-10T07:25:13.7109460Z Cache restored successfully
2025-01-10T07:25:13.7144390Z Restored cache with key `bf0d0a4d4c847cca72476c6c68c493d56c484aada7e80de0e42c7607fcef5824-osx-arm64-tardis-args-4f53cda-root-873f6fe-bin-[object Promise]-file-bf0d0a4d4c847cca72476c6c68c493d56c484aada7e80de0e42c7607fcef5824`
2025-01-10T07:25:13.7145630Z ##[endgroup]
2025-01-10T07:25:13.7145890Z Adding environment tardis to auto-activate bash ...
2025-01-10T07:25:13.7156510Z Generating micromamba run shell.
2025-01-10T07:25:13.7163980Z ##[endgroup]
2025-01-10T07:25:13.7168420Z Set environment variables.
2025-01-10T07:25:13.7171250Z ##[group]micromamba info
2025-01-10T07:25:13.7177320Z [command]/Users/runner/micromamba-bin/micromamba info -r /Users/runner/micromamba -n tardis
2025-01-10T07:25:14.1262840Z 
2025-01-10T07:25:14.1263340Z        libmamba version : 1.5.10
2025-01-10T07:25:14.1263660Z      micromamba version : 1.5.10
2025-01-10T07:25:14.1264850Z            curl version : libcurl/8.10.1 (OpenSSL/3.3.2) SecureTransport zlib/1.3.1 zstd/1.5.6 libssh2/1.11.0 nghttp2/1.58.0
2025-01-10T07:25:14.1265480Z      libarchive version : libarchive 3.7.4 zlib/1.2.13 bz2lib/1.0.8 libzstd/1.5.6
2025-01-10T07:25:14.1265950Z        envs directories : /Users/runner/micromamba/envs
2025-01-10T07:25:14.1266410Z           package cache : /Users/runner/micromamba/pkgs
2025-01-10T07:25:14.1266820Z                           /Users/runner/.mamba/pkgs
2025-01-10T07:25:14.1267790Z             environment : tardis
2025-01-10T07:25:14.1268170Z            env location : /Users/runner/micromamba/envs/tardis
2025-01-10T07:25:14.1268510Z       user config files : /Users/runner/.mambarc
2025-01-10T07:25:14.1268910Z  populated config files : /Users/runner/work/_temp/setup-micromamba/.condarc
2025-01-10T07:25:14.1276660Z        virtual packages : __unix=0=0
2025-01-10T07:25:14.1277020Z                           __osx=14.7.2=0
2025-01-10T07:25:14.1277220Z                           __archspec=1=arm64
2025-01-10T07:25:14.1277700Z                channels : https://conda.anaconda.org/conda-forge/osx-arm64
2025-01-10T07:25:14.1278130Z                           https://conda.anaconda.org/conda-forge/noarch
2025-01-10T07:25:14.1278430Z        base environment : /Users/runner/micromamba
2025-01-10T07:25:14.1278690Z                platform : osx-arm64
2025-01-10T07:25:14.1279250Z ##[endgroup]
2025-01-10T07:25:14.1279620Z ##[group]micromamba list
2025-01-10T07:25:14.1280170Z [command]/Users/runner/micromamba-bin/micromamba list -r /Users/runner/micromamba -n tardis
2025-01-10T07:25:14.4775050Z List of packages in environment: "/Users/runner/micromamba/envs/tardis"
2025-01-10T07:25:14.4775680Z 
2025-01-10T07:25:14.4775930Z   Name                           Version              Build                    Channel    
2025-01-10T07:25:14.4777020Z â”€â”€â”€â”€â”€â”€â”€â”€â”€â”€â”€â”€â”€â”€â”€â”€â”€â”€â”€â”€â”€â”€â”€â”€â”€â”€â”€â”€â”€â”€â”€â”€â”€â”€â”€â”€â”€â”€â”€â”€â”€â”€â”€â”€â”€â”€â”€â”€â”€â”€â”€â”€â”€â”€â”€â”€â”€â”€â”€â”€â”€â”€â”€â”€â”€â”€â”€â”€â”€â”€â”€â”€â”€â”€â”€â”€â”€â”€â”€â”€â”€â”€â”€â”€â”€â”€â”€â”€â”€â”€â”€â”€
2025-01-10T07:25:14.4777540Z   alabaster                      0.7.16               pyhd8ed1ab_0             conda-forge
2025-01-10T07:25:14.4784010Z   anyio                          4.4.0                pyhd8ed1ab_0             conda-forge
2025-01-10T07:25:14.4784370Z   appnope                        0.1.4                pyhd8ed1ab_0             conda-forge
2025-01-10T07:25:14.4784800Z   argon2-cffi                    23.1.0               pyhd8ed1ab_0             conda-forge
2025-01-10T07:25:14.4785220Z   argon2-cffi-bindings           21.2.0               py312h02f2b3b_4          conda-forge
2025-01-10T07:25:14.4790570Z   arrow                          1.3.0                pyhd8ed1ab_0             conda-forge
2025-01-10T07:25:14.4790950Z   astropy                        6.1.1                py312hbebd99a_0          conda-forge
2025-01-10T07:25:14.4791440Z   astropy-iers-data              0.2024.6.17.0.31.35  pyhd8ed1ab_0             conda-forge
2025-01-10T07:25:14.4791900Z   astropy-sphinx-theme           1.1                  pyhd8ed1ab_0             conda-forge
2025-01-10T07:25:14.4792410Z   asttokens                      2.4.1                pyhd8ed1ab_0             conda-forge
2025-01-10T07:25:14.4793010Z   async-lru                      2.0.4                pyhd8ed1ab_0             conda-forge
2025-01-10T07:25:14.4793670Z   atk-1.0                        2.38.0               hd03087b_2               conda-forge
2025-01-10T07:25:14.4794020Z   attrs                          23.2.0               pyh71513ae_0             conda-forge
2025-01-10T07:25:14.4794370Z   babel                          2.14.0               pyhd8ed1ab_0             conda-forge
2025-01-10T07:25:14.4794740Z   beautifulsoup4                 4.12.3               pyha770c72_0             conda-forge
2025-01-10T07:25:14.4795260Z   bleach                         6.1.0                pyhd8ed1ab_0             conda-forge
2025-01-10T07:25:14.4795650Z   blosc                          1.21.5               h9c252e8_1               conda-forge
2025-01-10T07:25:14.4795970Z   brotli                         1.1.0                hb547adb_1               conda-forge
2025-01-10T07:25:14.4796350Z   brotli-bin                     1.1.0                hb547adb_1               conda-forge
2025-01-10T07:25:14.4796680Z   brotli-python                  1.1.0                py312h9f69965_1          conda-forge
2025-01-10T07:25:14.4797040Z   bzip2                          1.0.8                h93a5062_5               conda-forge
2025-01-10T07:25:14.4797400Z   c-ares                         1.28.1               h93a5062_0               conda-forge
2025-01-10T07:25:14.4797790Z   c-blosc2                       2.14.4               ha57e6be_1               conda-forge
2025-01-10T07:25:14.4798230Z   ca-certificates                2024.6.2             hf0a4a13_0               conda-forge
2025-01-10T07:25:14.4799030Z   cached-property                1.5.2                hd8ed1ab_1               conda-forge
2025-01-10T07:25:14.4799440Z   cached_property                1.5.2                pyha770c72_1             conda-forge
2025-01-10T07:25:14.4799880Z   cairo                          1.18.0               hd1e100b_0               conda-forge
2025-01-10T07:25:14.4800250Z   certifi                        2024.6.2             pyhd8ed1ab_0             conda-forge
2025-01-10T07:25:14.4800600Z   cffi                           1.16.0               py312h8e38eb3_0          conda-forge
2025-01-10T07:25:14.4800950Z   charset-normalizer             3.3.2                pyhd8ed1ab_0             conda-forge
2025-01-10T07:25:14.4801260Z   click                          8.1.7                unix_pyh707e725_0        conda-forge
2025-01-10T07:25:14.4801570Z   codespell                      2.3.0                pyhd8ed1ab_0             conda-forge
2025-01-10T07:25:14.4801870Z   colorama                       0.4.6                pyhd8ed1ab_0             conda-forge
2025-01-10T07:25:14.4802170Z   comm                           0.2.2                pyhd8ed1ab_0             conda-forge
2025-01-10T07:25:14.4802460Z   commonmark                     0.9.1                py_0                     conda-forge
2025-01-10T07:25:14.4803970Z   contourpy                      1.2.1                py312h0fef576_0          conda-forge
2025-01-10T07:25:14.4804260Z   coverage                       7.5.3                py312h7e5086c_0          conda-forge
2025-01-10T07:25:14.4804570Z   cycler                         0.12.1               pyhd8ed1ab_0             conda-forge
2025-01-10T07:25:14.4804870Z   dataclasses                    0.8                  pyhc8e2a94_3             conda-forge
2025-01-10T07:25:14.4805180Z   debugpy                        1.8.1                py312h20a0b95_0          conda-forge
2025-01-10T07:25:14.4805510Z   decorator                      5.1.1                pyhd8ed1ab_0             conda-forge
2025-01-10T07:25:14.4805810Z   defusedxml                     0.7.1                pyhd8ed1ab_0             conda-forge
2025-01-10T07:25:14.4806130Z   docutils                       0.20.1               py312h81bd7bf_3          conda-forge
2025-01-10T07:25:14.4806480Z   dot2tex                        2.11.3               pyhd8ed1ab_0             conda-forge
2025-01-10T07:25:14.4806790Z   entrypoints                    0.4                  pyhd8ed1ab_0             conda-forge
2025-01-10T07:25:14.4807110Z   exceptiongroup                 1.2.0                pyhd8ed1ab_2             conda-forge
2025-01-10T07:25:14.4807430Z   executing                      2.0.1                pyhd8ed1ab_0             conda-forge
2025-01-10T07:25:14.4807720Z   expat                          2.6.2                hebf3989_0               conda-forge
2025-01-10T07:25:14.4808060Z   font-ttf-dejavu-sans-mono      2.37                 hab24e00_0               conda-forge
2025-01-10T07:25:14.4808410Z   font-ttf-inconsolata           3.000                h77eed37_0               conda-forge
2025-01-10T07:25:14.4808760Z   font-ttf-source-code-pro       2.038                h77eed37_0               conda-forge
2025-01-10T07:25:14.4809090Z   font-ttf-ubuntu                0.83                 h77eed37_2               conda-forge
2025-01-10T07:25:14.4809400Z   fontconfig                     2.14.2               h82840c6_0               conda-forge
2025-01-10T07:25:14.4809710Z   fonts-conda-ecosystem          1                    0                        conda-forge
2025-01-10T07:25:14.4810030Z   fonts-conda-forge              1                    0                        conda-forge
2025-01-10T07:25:14.4810330Z   fonttools                      4.53.0               py312h7e5086c_0          conda-forge
2025-01-10T07:25:14.4810610Z   fqdn                           1.5.1                pyhd8ed1ab_0             conda-forge
2025-01-10T07:25:14.4810890Z   freetype                       2.12.1               hadb7bae_2               conda-forge
2025-01-10T07:25:14.4811160Z   fribidi                        1.0.10               h27ca646_0               conda-forge
2025-01-10T07:25:14.4811660Z   future                         1.0.0                pyhd8ed1ab_0             conda-forge
2025-01-10T07:25:14.4812010Z   gdk-pixbuf                     2.42.12              h7ddc832_0               conda-forge
2025-01-10T07:25:14.4813000Z   gettext                        0.22.5               h8fbad5d_2               conda-forge
2025-01-10T07:25:14.4813380Z   gettext-tools                  0.22.5               h8fbad5d_2               conda-forge
2025-01-10T07:25:14.4813990Z   giflib                         5.2.2                h93a5062_0               conda-forge
2025-01-10T07:25:14.4814320Z   git-lfs                        3.5.1                hce30654_0               conda-forge
2025-01-10T07:25:14.4814600Z   gmp                            6.3.0                hebf3989_1               conda-forge
2025-01-10T07:25:14.4814870Z   gmpy2                          2.1.5                py312hfa9fade_1          conda-forge
2025-01-10T07:25:14.4815160Z   graphite2                      1.3.13               hebf3989_1003            conda-forge
2025-01-10T07:25:14.4815450Z   graphviz                       11.0.0               h9bb9bc9_0               conda-forge
2025-01-10T07:25:14.4815910Z   gtk2                           2.24.33              h7895bb2_4               conda-forge
2025-01-10T07:25:14.4816170Z   gts                            0.7.6                he42f4ea_4               conda-forge
2025-01-10T07:25:14.4816430Z   h11                            0.14.0               pyhd8ed1ab_0             conda-forge
2025-01-10T07:25:14.4816680Z   h2                             4.1.0                pyhd8ed1ab_0             conda-forge
2025-01-10T07:25:14.4816940Z   h5py                           3.11.0               nompi_py312h903599c_102  conda-forge
2025-01-10T07:25:14.4817230Z   harfbuzz                       8.5.0                h1836168_0               conda-forge
2025-01-10T07:25:14.4817510Z   hdf5                           1.14.3               nompi_hec07895_105       conda-forge
2025-01-10T07:25:14.4817820Z   hpack                          4.0.0                pyh9f0ad1d_0             conda-forge
2025-01-10T07:25:14.4818140Z   httpcore                       1.0.5                pyhd8ed1ab_0             conda-forge
2025-01-10T07:25:14.4818430Z   httpx                          0.27.0               pyhd8ed1ab_0             conda-forge
2025-01-10T07:25:14.4818730Z   hyperframe                     6.0.1                pyhd8ed1ab_0             conda-forge
2025-01-10T07:25:14.4819030Z   icu                            73.2                 hc8870d7_0               conda-forge
2025-01-10T07:25:14.4819300Z   idna                           3.7                  pyhd8ed1ab_0             conda-forge
2025-01-10T07:25:14.4819580Z   imagesize                      1.4.1                pyhd8ed1ab_0             conda-forge
2025-01-10T07:25:14.4819910Z   importlib-metadata             7.1.0                pyha770c72_0             conda-forge
2025-01-10T07:25:14.4820240Z   importlib_metadata             7.1.0                hd8ed1ab_0               conda-forge
2025-01-10T07:25:14.4820580Z   importlib_resources            6.4.0                pyhd8ed1ab_0             conda-forge
2025-01-10T07:25:14.4820890Z   iniconfig                      2.0.0                pyhd8ed1ab_0             conda-forge
2025-01-10T07:25:14.4821180Z   ipykernel                      6.29.4               pyh57ce528_0             conda-forge
2025-01-10T07:25:14.4821460Z   ipython                        8.25.0               pyh707e725_0             conda-forge
2025-01-10T07:25:14.4821760Z   ipython_genutils               0.2.0                pyhd8ed1ab_1             conda-forge
2025-01-10T07:25:14.4822070Z   ipywidgets                     7.8.0                pyhd8ed1ab_0             conda-forge
2025-01-10T07:25:14.4822370Z   isoduration                    20.11.0              pyhd8ed1ab_0             conda-forge
2025-01-10T07:25:14.4822660Z   jedi                           0.19.1               pyhd8ed1ab_0             conda-forge
2025-01-10T07:25:14.4823220Z   jinja2                         3.1.4                pyhd8ed1ab_0             conda-forge
2025-01-10T07:25:14.4823500Z   json5                          0.9.25               pyhd8ed1ab_0             conda-forge
2025-01-10T07:25:14.4823800Z   jsonpointer                    3.0.0                py312h81bd7bf_0          conda-forge
2025-01-10T07:25:14.4824100Z   jsonschema                     4.22.0               pyhd8ed1ab_0             conda-forge
2025-01-10T07:25:14.4824440Z   jsonschema-specifications      2023.12.1            pyhd8ed1ab_0             conda-forge
2025-01-10T07:25:14.4824830Z   jsonschema-with-format-nongpl  4.22.0               pyhd8ed1ab_0             conda-forge
2025-01-10T07:25:14.4825180Z   jupyter-lsp                    2.2.5                pyhd8ed1ab_0             conda-forge
2025-01-10T07:25:14.4825480Z   jupyter_client                 8.6.2                pyhd8ed1ab_0             conda-forge
2025-01-10T07:25:14.4825790Z   jupyter_core                   5.7.2                py312h81bd7bf_0          conda-forge
2025-01-10T07:25:14.4826090Z   jupyter_events                 0.10.0               pyhd8ed1ab_0             conda-forge
2025-01-10T07:25:14.4826510Z   jupyter_server                 2.14.1               pyhd8ed1ab_0             conda-forge
2025-01-10T07:25:14.4826840Z   jupyter_server_terminals       0.5.3                pyhd8ed1ab_0             conda-forge
2025-01-10T07:25:14.4827160Z   jupyterlab                     4.2.2                pyhd8ed1ab_0             conda-forge
2025-01-10T07:25:14.4827470Z   jupyterlab_pygments            0.3.0                pyhd8ed1ab_1             conda-forge
2025-01-10T07:25:14.4827790Z   jupyterlab_server              2.27.2               pyhd8ed1ab_0             conda-forge
2025-01-10T07:25:14.4828120Z   jupyterlab_widgets             1.1.7                pyhd8ed1ab_0             conda-forge
2025-01-10T07:25:14.4828440Z   kiwisolver                     1.4.5                py312h389731b_1          conda-forge
2025-01-10T07:25:14.4828720Z   krb5                           1.21.2               h92f50d5_0               conda-forge
2025-01-10T07:25:14.4829000Z   latexcodec                     2.0.1                pyh9f0ad1d_0             conda-forge
2025-01-10T07:25:14.4829290Z   lcms2                          2.16                 ha0e7c42_0               conda-forge
2025-01-10T07:25:14.4829560Z   lerc                           4.0.0                h9a09cb3_0               conda-forge
2025-01-10T07:25:14.4829820Z   libaec                         1.1.3                hebf3989_0               conda-forge
2025-01-10T07:25:14.4830110Z   libasprintf                    0.22.5               h8fbad5d_2               conda-forge
2025-01-10T07:25:14.4830420Z   libasprintf-devel              0.22.5               h8fbad5d_2               conda-forge
2025-01-10T07:25:14.4830730Z   libblas                        3.9.0                22_osxarm64_openblas     conda-forge
2025-01-10T07:25:14.4831030Z   libbrotlicommon                1.1.0                hb547adb_1               conda-forge
2025-01-10T07:25:14.4831330Z   libbrotlidec                   1.1.0                hb547adb_1               conda-forge
2025-01-10T07:25:14.4831640Z   libbrotlienc                   1.1.0                hb547adb_1               conda-forge
2025-01-10T07:25:14.4831940Z   libcblas                       3.9.0                22_osxarm64_openblas     conda-forge
2025-01-10T07:25:14.4832220Z   libcurl                        8.8.0                h7b6f9a7_0               conda-forge
2025-01-10T07:25:14.4832500Z   libcxx                         17.0.6               h5f092b4_0               conda-forge
2025-01-10T07:25:14.4832770Z   libdeflate                     1.20                 h93a5062_0               conda-forge
2025-01-10T07:25:14.4834390Z   libedit                        3.1.20191231         hc8eb9b7_2               conda-forge
2025-01-10T07:25:14.4834680Z   libev                          4.33                 h93a5062_2               conda-forge
2025-01-10T07:25:14.4835170Z   libexpat                       2.6.2                hebf3989_0               conda-forge
2025-01-10T07:25:14.4835460Z   libffi                         3.4.2                h3422bc3_5               conda-forge
2025-01-10T07:25:14.4835810Z   libgd                          2.3.3                hfdf3952_9               conda-forge
2025-01-10T07:25:14.4836100Z   libgettextpo                   0.22.5               h8fbad5d_2               conda-forge
2025-01-10T07:25:14.4836420Z   libgettextpo-devel             0.22.5               h8fbad5d_2               conda-forge
2025-01-10T07:25:14.4836730Z   libgfortran                    5.0.0                13_2_0_hd922786_3        conda-forge
2025-01-10T07:25:14.4837030Z   libgfortran5                   13.2.0               hf226fd6_3               conda-forge
2025-01-10T07:25:14.4837340Z   libglib                        2.80.2               h59d46d9_1               conda-forge
2025-01-10T07:25:14.4837680Z   libiconv                       1.17                 h0d3ecfb_2               conda-forge
2025-01-10T07:25:14.4838080Z   libintl                        0.22.5               h8fbad5d_2               conda-forge
2025-01-10T07:25:14.4838600Z   libintl-devel                  0.22.5               h8fbad5d_2               conda-forge
2025-01-10T07:25:14.4839010Z   libjpeg-turbo                  3.0.0                hb547adb_1               conda-forge
2025-01-10T07:25:14.4839360Z   liblapack                      3.9.0                22_osxarm64_openblas     conda-forge
2025-01-10T07:25:14.4839820Z   libllvm14                      14.0.6               hd1a9a77_4               conda-forge
2025-01-10T07:25:14.4840360Z   libnghttp2                     1.58.0               ha4dd798_1               conda-forge
2025-01-10T07:25:14.4840740Z   libopenblas                    0.3.27               openmp_h6c19121_0        conda-forge
2025-01-10T07:25:14.4841080Z   libpng                         1.6.43               h091b4b1_0               conda-forge
2025-01-10T07:25:14.4841370Z   librsvg                        2.58.1               hbc281fb_0               conda-forge
2025-01-10T07:25:14.4852150Z   libsodium                      1.0.18               h27ca646_1               conda-forge
2025-01-10T07:25:14.4852490Z   libsqlite                      3.46.0               hfb93653_0               conda-forge
2025-01-10T07:25:14.4852770Z   libssh2                        1.11.0               h7a5bd25_0               conda-forge
2025-01-10T07:25:14.4853040Z   libtiff                        4.6.0                h07db509_3               conda-forge
2025-01-10T07:25:14.4853310Z   libwebp                        1.4.0                h54798ee_0               conda-forge
2025-01-10T07:25:14.4853590Z   libwebp-base                   1.4.0                h93a5062_0               conda-forge
2025-01-10T07:25:14.4853870Z   libxcb                         1.16                 hf2054a2_0               conda-forge
2025-01-10T07:25:14.4854210Z   libxml2                        2.12.7               ha661575_1               conda-forge
2025-01-10T07:25:14.4854480Z   libxslt                        1.1.39               h223e5b9_0               conda-forge
2025-01-10T07:25:14.4854750Z   libzlib                        1.3.1                hfb2fe0b_1               conda-forge
2025-01-10T07:25:14.4855040Z   llvm-openmp                    18.1.7               hde57baf_0               conda-forge
2025-01-10T07:25:14.4855320Z   llvmlite                       0.42.0               py312h17030e7_1          conda-forge
2025-01-10T07:25:14.4855600Z   lxml                           5.2.2                py312h0e5ab22_0          conda-forge
2025-01-10T07:25:14.4855860Z   lz4-c                          1.9.4                hb7217d7_0               conda-forge
2025-01-10T07:25:14.4856130Z   markupsafe                     2.1.5                py312he37b823_0          conda-forge
2025-01-10T07:25:14.4856430Z   matplotlib-base                3.8.4                py312h4479663_2          conda-forge
2025-01-10T07:25:14.4856910Z   matplotlib-inline              0.1.7                pyhd8ed1ab_0             conda-forge
2025-01-10T07:25:14.4857220Z   mistune                        3.0.2                pyhd8ed1ab_0             conda-forge
2025-01-10T07:25:14.4857490Z   mpc                            1.3.1                h91ba8db_0               conda-forge
2025-01-10T07:25:14.4857750Z   mpfr                           4.2.1                h41d338b_1               conda-forge
2025-01-10T07:25:14.4858010Z   mpmath                         1.3.0                pyhd8ed1ab_0             conda-forge
2025-01-10T07:25:14.4858290Z   munkres                        1.1.4                pyh9f0ad1d_0             conda-forge
2025-01-10T07:25:14.4858580Z   mypy_extensions                1.0.0                pyha770c72_0             conda-forge
2025-01-10T07:25:14.4858870Z   nbclassic                      1.1.0                pyhd8ed1ab_0             conda-forge
2025-01-10T07:25:14.4859160Z   nbclient                       0.10.0               pyhd8ed1ab_0             conda-forge
2025-01-10T07:25:14.4859450Z   nbconvert                      7.16.4               hd8ed1ab_1               conda-forge
2025-01-10T07:25:14.4859870Z   nbconvert-core                 7.16.4               pyhd8ed1ab_1             conda-forge
2025-01-10T07:25:14.4860190Z   nbconvert-pandoc               7.16.4               hd8ed1ab_1               conda-forge
2025-01-10T07:25:14.4860490Z   nbformat                       5.10.4               pyhd8ed1ab_0             conda-forge
2025-01-10T07:25:14.4860770Z   nbsphinx                       0.9.4                pyhd8ed1ab_0             conda-forge
2025-01-10T07:25:14.4861050Z   ncurses                        6.5                  hb89a1cb_0               conda-forge
2025-01-10T07:25:14.4861400Z   nest-asyncio                   1.6.0                pyhd8ed1ab_0             conda-forge
2025-01-10T07:25:14.4861700Z   networkx                       3.3                  pyhd8ed1ab_1             conda-forge
2025-01-10T07:25:14.4862000Z   notebook                       7.2.1                pyhd8ed1ab_0             conda-forge
2025-01-10T07:25:14.4862300Z   notebook-shim                  0.2.4                pyhd8ed1ab_0             conda-forge
2025-01-10T07:25:14.4862590Z   numba                          0.59.1               py312hbaff935_0          conda-forge
2025-01-10T07:25:14.4862870Z   numexpr                        2.10.0               py312h8ae5369_0          conda-forge
2025-01-10T07:25:14.4863150Z   numpy                          1.26.4               py312h8442bc7_0          conda-forge
2025-01-10T07:25:14.4863430Z   numpydoc                       1.7.0                pyhd8ed1ab_1             conda-forge
2025-01-10T07:25:14.4863710Z   openjpeg                       2.5.2                h9f1df11_0               conda-forge
2025-01-10T07:25:14.4864000Z   openssl                        3.3.1                hfb2fe0b_0               conda-forge
2025-01-10T07:25:14.4864280Z   overrides                      7.7.0                pyhd8ed1ab_0             conda-forge
2025-01-10T07:25:14.4864570Z   packaging                      24.1                 pyhd8ed1ab_0             conda-forge
2025-01-10T07:25:14.4864860Z   pandas                         2.2.2                py312h8ae5369_1          conda-forge
2025-01-10T07:25:14.4865130Z   pandoc                         3.2                  hce30654_0               conda-forge
2025-01-10T07:25:14.4865440Z   pandocfilters                  1.5.0                pyhd8ed1ab_0             conda-forge
2025-01-10T07:25:14.4865730Z   pango                          1.54.0               h5cb9fbc_0               conda-forge
2025-01-10T07:25:14.4866000Z   parso                          0.8.4                pyhd8ed1ab_0             conda-forge
2025-01-10T07:25:14.4866280Z   pathspec                       0.12.1               pyhd8ed1ab_0             conda-forge
2025-01-10T07:25:14.4866570Z   pbr                            6.0.0                pyhd8ed1ab_0             conda-forge
2025-01-10T07:25:14.4866960Z   pcre2                          10.44                h297a79d_0               conda-forge
2025-01-10T07:25:14.4867240Z   pexpect                        4.9.0                pyhd8ed1ab_0             conda-forge
2025-01-10T07:25:14.4867520Z   pickleshare                    0.7.5                py_1003                  conda-forge
2025-01-10T07:25:14.4867800Z   pillow                         10.3.0               py312h39b1d8d_1          conda-forge
2025-01-10T07:25:14.4868050Z   pip                            24.0                 pyhd8ed1ab_0             conda-forge
2025-01-10T07:25:14.4868310Z   pixman                         0.43.4               hebf3989_0               conda-forge
2025-01-10T07:25:14.4868600Z   pkgutil-resolve-name           1.3.10               pyhd8ed1ab_1             conda-forge
2025-01-10T07:25:14.4868910Z   platformdirs                   4.2.2                pyhd8ed1ab_0             conda-forge
2025-01-10T07:25:14.4869200Z   plotly                         5.22.0               pyhd8ed1ab_0             conda-forge
2025-01-10T07:25:14.4869470Z   pluggy                         1.5.0                pyhd8ed1ab_0             conda-forge
2025-01-10T07:25:14.4869880Z   prometheus_client              0.20.0               pyhd8ed1ab_0             conda-forge
2025-01-10T07:25:14.4870190Z   prompt-toolkit                 3.0.47               pyha770c72_0             conda-forge
2025-01-10T07:25:14.4870480Z   psutil                         5.9.8                py312he37b823_0          conda-forge
2025-01-10T07:25:14.4870760Z   pthread-stubs                  0.4                  h27ca646_1001            conda-forge
2025-01-10T07:25:14.4871050Z   ptyprocess                     0.7.0                pyhd3deb0d_0             conda-forge
2025-01-10T07:25:14.4871330Z   pure_eval                      0.2.2                pyhd8ed1ab_0             conda-forge
2025-01-10T07:25:14.4871600Z   py-cpuinfo                     9.0.0                pyhd8ed1ab_0             conda-forge
2025-01-10T07:25:14.4871930Z   pybtex                         0.24.0               pyhd8ed1ab_2             conda-forge
2025-01-10T07:25:14.4872220Z   pybtex-docutils                1.0.3                py312h81bd7bf_1          conda-forge
2025-01-10T07:25:14.4872510Z   pycparser                      2.22                 pyhd8ed1ab_0             conda-forge
2025-01-10T07:25:14.4872790Z   pyerfa                         2.0.1.4              py312hbebd99a_1          conda-forge
2025-01-10T07:25:14.4873070Z   pygments                       2.18.0               pyhd8ed1ab_0             conda-forge
2025-01-10T07:25:14.4873350Z   pygraphviz                     1.13                 py312h5f4d302_1          conda-forge
2025-01-10T07:25:14.4873630Z   pyobjc-core                    10.3.1               py312hbb55c70_0          conda-forge
2025-01-10T07:25:14.4873960Z   pyobjc-framework-cocoa         10.3.1               py312hbb55c70_0          conda-forge
2025-01-10T07:25:14.4874270Z   pyparsing                      3.1.2                pyhd8ed1ab_0             conda-forge
2025-01-10T07:25:14.4874550Z   pysocks                        1.7.1                pyha2e5f31_6             conda-forge
2025-01-10T07:25:14.4874820Z   pytables                       3.9.2                py312hb622ae1_2          conda-forge
2025-01-10T07:25:14.4875090Z   pytest                         8.2.2                pyhd8ed1ab_0             conda-forge
2025-01-10T07:25:14.4875370Z   pytest-cov                     5.0.0                pyhd8ed1ab_0             conda-forge
2025-01-10T07:25:14.4875680Z   pytest-doctestplus             1.2.1                pyhd8ed1ab_0             conda-forge
2025-01-10T07:25:14.4875990Z   pytest-html                    4.1.1                pyhd8ed1ab_0             conda-forge
2025-01-10T07:25:14.4876280Z   pytest-metadata                3.1.1                pyhd8ed1ab_0             conda-forge
2025-01-10T07:25:14.4876570Z   python                         3.12.4               h30c5eda_0_cpython       conda-forge
2025-01-10T07:25:14.4876970Z   python-dateutil                2.9.0                pyhd8ed1ab_0             conda-forge
2025-01-10T07:25:14.4877300Z   python-fastjsonschema          2.20.0               pyhd8ed1ab_0             conda-forge
2025-01-10T07:25:14.4877640Z   python-json-logger             2.0.7                pyhd8ed1ab_0             conda-forge
2025-01-10T07:25:14.4877950Z   python-tzdata                  2024.1               pyhd8ed1ab_0             conda-forge
2025-01-10T07:25:14.4878250Z   python_abi                     3.12                 4_cp312                  conda-forge
2025-01-10T07:25:14.4878510Z   pytz                           2024.1               pyhd8ed1ab_0             conda-forge
2025-01-10T07:25:14.4878780Z   pyyaml                         6.0.1                py312h02f2b3b_1          conda-forge
2025-01-10T07:25:14.4879040Z   pyzmq                          26.0.3               py312hfa13136_0          conda-forge
2025-01-10T07:25:14.4879300Z   qgrid                          1.3.1                pyhd8ed1ab_4             conda-forge
2025-01-10T07:25:14.4879590Z   radioactivedecay               0.5.1                pyhd8ed1ab_0             conda-forge
2025-01-10T07:25:14.4879870Z   readline                       8.2                  h92ec313_1               conda-forge
2025-01-10T07:25:14.4880250Z   recommonmark                   0.7.1                pyhd8ed1ab_0             conda-forge
2025-01-10T07:25:14.4880550Z   referencing                    0.35.1               pyhd8ed1ab_0             conda-forge
2025-01-10T07:25:14.4880840Z   requests                       2.32.3               pyhd8ed1ab_0             conda-forge
2025-01-10T07:25:14.4881140Z   rfc3339-validator              0.1.4                pyhd8ed1ab_0             conda-forge
2025-01-10T07:25:14.4881450Z   rfc3986-validator              0.1.1                pyh9f0ad1d_0             conda-forge
2025-01-10T07:25:14.4881740Z   rpds-py                        0.18.1               py312h552d48e_0          conda-forge
2025-01-10T07:25:14.4882000Z   ruff                           0.4.9                py312h3402d49_0          conda-forge
2025-01-10T07:25:14.4882260Z   scipy                          1.13.1               py312h14ffa8f_0          conda-forge
2025-01-10T07:25:14.4882540Z   send2trash                     1.8.3                pyh31c8845_0             conda-forge
2025-01-10T07:25:14.4882820Z   setuptools                     70.0.0               pyhd8ed1ab_0             conda-forge
2025-01-10T07:25:14.4883110Z   setuptools-scm                 8.1.0                pyhd8ed1ab_0             conda-forge
2025-01-10T07:25:14.4883410Z   setuptools_scm                 8.1.0                hd8ed1ab_0               conda-forge
2025-01-10T07:25:14.4883680Z   six                            1.16.0               pyh6c4a22f_0             conda-forge
2025-01-10T07:25:14.4883940Z   snakeviz                       2.2.0                pyhd8ed1ab_0             conda-forge
2025-01-10T07:25:14.4884210Z   snappy                         1.2.0                hd04f947_1               conda-forge
2025-01-10T07:25:14.4884470Z   sniffio                        1.3.1                pyhd8ed1ab_0             conda-forge
2025-01-10T07:25:14.4884760Z   snowballstemmer                2.2.0                pyhd8ed1ab_0             conda-forge
2025-01-10T07:25:14.4885060Z   soupsieve                      2.5                  pyhd8ed1ab_1             conda-forge
2025-01-10T07:25:14.4885330Z   sphinx                         7.3.7                pyhd8ed1ab_0             conda-forge
2025-01-10T07:25:14.4885620Z   sphinx-astropy                 1.9.1                pyhd8ed1ab_0             conda-forge
2025-01-10T07:25:14.4885930Z   sphinx-automodapi              0.17.0               pyh717bed2_1             conda-forge
2025-01-10T07:25:14.4886250Z   sphinx-gallery                 0.16.0               pyhd8ed1ab_0             conda-forge
2025-01-10T07:25:14.4886550Z   sphinx-jsonschema              1.19.1               pyhd8ed1ab_0             conda-forge
2025-01-10T07:25:14.4886970Z   sphinx_bootstrap_theme         0.8.1                pyhd8ed1ab_0             conda-forge
2025-01-10T07:25:14.4887290Z   sphinx_rtd_theme               2.0.0                pyha770c72_0             conda-forge
2025-01-10T07:25:14.4887600Z   sphinxcontrib-apidoc           0.3.0                py_1                     conda-forge
2025-01-10T07:25:14.4887940Z   sphinxcontrib-applehelp        1.0.8                pyhd8ed1ab_0             conda-forge
2025-01-10T07:25:14.4888280Z   sphinxcontrib-bibtex           2.6.2                pyhd8ed1ab_0             conda-forge
2025-01-10T07:25:14.4888610Z   sphinxcontrib-devhelp          1.0.6                pyhd8ed1ab_0             conda-forge
2025-01-10T07:25:14.4888950Z   sphinxcontrib-htmlhelp         2.0.5                pyhd8ed1ab_0             conda-forge
2025-01-10T07:25:14.4889280Z   sphinxcontrib-jquery           4.1                  pyhd8ed1ab_0             conda-forge
2025-01-10T07:25:14.4889620Z   sphinxcontrib-jsmath           1.0.1                pyhd8ed1ab_0             conda-forge
2025-01-10T07:25:14.4889950Z   sphinxcontrib-qthelp           1.0.7                pyhd8ed1ab_0             conda-forge
2025-01-10T07:25:14.4890300Z   sphinxcontrib-serializinghtml  1.1.10               pyhd8ed1ab_0             conda-forge
2025-01-10T07:25:14.4890740Z   stack_data                     0.6.2                pyhd8ed1ab_0             conda-forge
2025-01-10T07:25:14.4891010Z   sympy                          1.12.1               pypyh2585a3b_103         conda-forge
2025-01-10T07:25:14.4891280Z   tabulate                       0.9.0                pyhd8ed1ab_1             conda-forge
2025-01-10T07:25:14.4891560Z   tenacity                       8.4.1                pyhd8ed1ab_0             conda-forge
2025-01-10T07:25:14.4891840Z   terminado                      0.18.1               pyh31c8845_0             conda-forge
2025-01-10T07:25:14.4892110Z   tinycss2                       1.3.0                pyhd8ed1ab_0             conda-forge
2025-01-10T07:25:14.4892370Z   tk                             8.6.13               h5083fa2_1               conda-forge
2025-01-10T07:25:14.4892620Z   toml                           0.10.2               pyhd8ed1ab_0             conda-forge
2025-01-10T07:25:14.4892880Z   tomli                          2.0.1                pyhd8ed1ab_0             conda-forge
2025-01-10T07:25:14.4893140Z   tornado                        6.4.1                py312h7e5086c_0          conda-forge
2025-01-10T07:25:14.4893400Z   tqdm                           4.66.4               pyhd8ed1ab_0             conda-forge
2025-01-10T07:25:14.4893670Z   traitlets                      5.14.3               pyhd8ed1ab_0             conda-forge
2025-01-10T07:25:14.4893950Z   typed-ast                      1.5.5                py312h02f2b3b_1          conda-forge
2025-01-10T07:25:14.4894340Z   types-python-dateutil          2.9.0.20240316       pyhd8ed1ab_0             conda-forge
2025-01-10T07:25:14.4894670Z   typing-extensions              4.12.2               hd8ed1ab_0               conda-forge
2025-01-10T07:25:14.4894990Z   typing_extensions              4.12.2               pyha770c72_0             conda-forge
2025-01-10T07:25:14.4895280Z   typing_utils                   0.1.0                pyhd8ed1ab_0             conda-forge
2025-01-10T07:25:14.4895570Z   tzdata                         2024a                h0c530f3_0               conda-forge
2025-01-10T07:25:14.4895850Z   uri-template                   1.3.0                pyhd8ed1ab_0             conda-forge
2025-01-10T07:25:14.4896130Z   urllib3                        2.2.2                pyhd8ed1ab_0             conda-forge
2025-01-10T07:25:14.4896400Z   wcwidth                        0.2.13               pyhd8ed1ab_0             conda-forge
2025-01-10T07:25:14.4896670Z   webcolors                      24.6.0               pyhd8ed1ab_0             conda-forge
2025-01-10T07:25:14.4896960Z   webencodings                   0.5.1                pyhd8ed1ab_2             conda-forge
2025-01-10T07:25:14.4897270Z   websocket-client               1.8.0                pyhd8ed1ab_0             conda-forge
2025-01-10T07:25:14.4897660Z   wheel                          0.43.0               pyhd8ed1ab_1             conda-forge
2025-01-10T07:25:14.4897960Z   widgetsnbextension             3.6.6                pyhd8ed1ab_0             conda-forge
2025-01-10T07:25:14.4898260Z   xorg-libxau                    1.0.11               hb547adb_0               conda-forge
2025-01-10T07:25:14.4898560Z   xorg-libxdmcp                  1.1.3                h27ca646_0               conda-forge
2025-01-10T07:25:14.4898820Z   xz                             5.2.6                h57fd34a_0               conda-forge
2025-01-10T07:25:14.4899060Z   yaml                           0.2.5                h3422bc3_2               conda-forge
2025-01-10T07:25:14.4899320Z   zeromq                         4.3.5                hcc0f68c_4               conda-forge
2025-01-10T07:25:14.4899580Z   zipp                           3.19.2               pyhd8ed1ab_0             conda-forge
2025-01-10T07:25:14.4899830Z   zlib                           1.3.1                hfb2fe0b_1               conda-forge
2025-01-10T07:25:14.4900090Z   zlib-ng                        2.0.7                h1a8c8d9_0               conda-forge
2025-01-10T07:25:14.4900430Z   zstd                           1.5.6                hb46c0d2_0               conda-forge
2025-01-10T07:25:14.4900870Z ##[endgroup]
2025-01-10T07:25:14.4940710Z ##[group]Run pip install -e . --user
2025-01-10T07:25:14.4940940Z [36;1mpip install -e . --user[0m
2025-01-10T07:25:14.7345330Z shell: /bin/bash -l {0}
2025-01-10T07:25:14.7345500Z env:
2025-01-10T07:25:14.7345630Z   CACHE_NUMBER: 0
2025-01-10T07:25:14.7346100Z   PYTEST_FLAGS: --tardis-regression-data=/Users/runner/work/tardis/tardis/tardis-regression-data --cov=tardis --cov-report=xml --cov-report=html --cov-append
2025-01-10T07:25:14.7346600Z   CODECOV_TOKEN: 
2025-01-10T07:25:14.7346770Z   MAMBA_ROOT_PREFIX: /Users/runner/micromamba
2025-01-10T07:25:14.7347010Z   MAMBA_EXE: /Users/runner/micromamba-bin/micromamba
2025-01-10T07:25:14.7347290Z   CONDARC: /Users/runner/work/_temp/setup-micromamba/.condarc
2025-01-10T07:25:14.7347520Z ##[endgroup]
2025-01-10T07:25:15.6280960Z Obtaining file:///Users/runner/work/tardis/tardis
2025-01-10T07:25:15.6306530Z   Installing build dependencies: started
2025-01-10T07:25:18.0442350Z   Installing build dependencies: finished with status 'done'
2025-01-10T07:25:18.0450700Z   Checking if build backend supports build_editable: started
2025-01-10T07:25:18.1415440Z   Checking if build backend supports build_editable: finished with status 'done'
2025-01-10T07:25:18.1424530Z   Getting requirements to build editable: started
2025-01-10T07:25:18.5519880Z   Getting requirements to build editable: finished with status 'done'
2025-01-10T07:25:18.5530020Z   Preparing editable metadata (pyproject.toml): started
2025-01-10T07:25:18.8991920Z   Preparing editable metadata (pyproject.toml): finished with status 'done'
2025-01-10T07:25:18.9404940Z Requirement already satisfied: astropy in /Users/runner/micromamba/envs/tardis/lib/python3.12/site-packages (from tardis==0.0.0) (6.1.1)
2025-01-10T07:25:18.9673460Z Requirement already satisfied: numpy>=1.23 in /Users/runner/micromamba/envs/tardis/lib/python3.12/site-packages (from astropy->tardis==0.0.0) (1.26.4)
2025-01-10T07:25:18.9680030Z Requirement already satisfied: pyerfa>=2.0.1.1 in /Users/runner/micromamba/envs/tardis/lib/python3.12/site-packages (from astropy->tardis==0.0.0) (2.0.1.4)
2025-01-10T07:25:18.9686340Z Requirement already satisfied: astropy-iers-data>=0.2024.5.27.0.30.8 in /Users/runner/micromamba/envs/tardis/lib/python3.12/site-packages (from astropy->tardis==0.0.0) (0.2024.6.17.0.31.35)
2025-01-10T07:25:18.9691070Z Requirement already satisfied: PyYAML>=3.13 in /Users/runner/micromamba/envs/tardis/lib/python3.12/site-packages (from astropy->tardis==0.0.0) (6.0.1)
2025-01-10T07:25:18.9696580Z Requirement already satisfied: packaging>=19.0 in /Users/runner/micromamba/envs/tardis/lib/python3.12/site-packages (from astropy->tardis==0.0.0) (24.1)
2025-01-10T07:25:18.9748780Z Building wheels for collected packages: tardis
2025-01-10T07:25:18.9755090Z   Building editable for tardis (pyproject.toml): started
2025-01-10T07:25:19.5124240Z   Building editable for tardis (pyproject.toml): finished with status 'done'
2025-01-10T07:25:19.5130170Z   Created wheel for tardis: filename=tardis-0.0.0-0.editable-py3-none-any.whl size=8878 sha256=56e0c0b883928835a1b579bb0e191b2b7c60db04655bac24bc5f7174b68fd0ae
2025-01-10T07:25:19.5131130Z   Stored in directory: /private/var/folders/ml/x_tvfgn50_s7p67dm1ypcqqm0000gn/T/pip-ephem-wheel-cache-qc9doo10/wheels/bb/4f/6a/0829b918c1c10bc28535ce7f14be21eee54375bdd9cd0c306a
2025-01-10T07:25:19.5152470Z Successfully built tardis
2025-01-10T07:25:20.0307300Z Installing collected packages: tardis
2025-01-10T07:25:20.0408350Z Successfully installed tardis-0.0.0
2025-01-10T07:25:20.2533740Z ##[group]Run pip install qgridnext
2025-01-10T07:25:20.2534050Z [36;1mpip install qgridnext[0m
2025-01-10T07:25:20.2595980Z shell: /bin/bash -l {0}
2025-01-10T07:25:20.2596230Z env:
2025-01-10T07:25:20.2596410Z   CACHE_NUMBER: 0
2025-01-10T07:25:20.2596950Z   PYTEST_FLAGS: --tardis-regression-data=/Users/runner/work/tardis/tardis/tardis-regression-data --cov=tardis --cov-report=xml --cov-report=html --cov-append
2025-01-10T07:25:20.2597830Z   CODECOV_TOKEN: 
2025-01-10T07:25:20.2598090Z   MAMBA_ROOT_PREFIX: /Users/runner/micromamba
2025-01-10T07:25:20.2598420Z   MAMBA_EXE: /Users/runner/micromamba-bin/micromamba
2025-01-10T07:25:20.2598750Z   CONDARC: /Users/runner/work/_temp/setup-micromamba/.condarc
2025-01-10T07:25:20.2599070Z ##[endgroup]
2025-01-10T07:25:20.8515260Z Collecting qgridnext
2025-01-10T07:25:20.8868560Z   Downloading qgridnext-2.0.4-py3-none-any.whl.metadata (9.9 kB)
2025-01-10T07:25:20.9009900Z Requirement already satisfied: pandas>=0.20.0 in /Users/runner/micromamba/envs/tardis/lib/python3.12/site-packages (from qgridnext) (2.2.2)
2025-01-10T07:25:20.9015090Z Requirement already satisfied: ipywidgets>=7.0.0 in /Users/runner/micromamba/envs/tardis/lib/python3.12/site-packages (from qgridnext) (7.8.0)
2025-01-10T07:25:20.9021520Z Requirement already satisfied: numpy in /Users/runner/micromamba/envs/tardis/lib/python3.12/site-packages (from qgridnext) (1.26.4)
2025-01-10T07:25:20.9028370Z Requirement already satisfied: traitlets in /Users/runner/micromamba/envs/tardis/lib/python3.12/site-packages (from qgridnext) (5.14.3)
2025-01-10T07:25:20.9078230Z Requirement already satisfied: comm>=0.1.3 in /Users/runner/micromamba/envs/tardis/lib/python3.12/site-packages (from ipywidgets>=7.0.0->qgridnext) (0.2.2)
2025-01-10T07:25:20.9083110Z Requirement already satisfied: ipython-genutils~=0.2.0 in /Users/runner/micromamba/envs/tardis/lib/python3.12/site-packages (from ipywidgets>=7.0.0->qgridnext) (0.2.0)
2025-01-10T07:25:20.9091650Z Requirement already satisfied: widgetsnbextension~=3.6.5 in /Users/runner/micromamba/envs/tardis/lib/python3.12/site-packages (from ipywidgets>=7.0.0->qgridnext) (3.6.6)
2025-01-10T07:25:20.9099960Z Requirement already satisfied: ipython>=4.0.0 in /Users/runner/micromamba/envs/tardis/lib/python3.12/site-packages (from ipywidgets>=7.0.0->qgridnext) (8.25.0)
2025-01-10T07:25:20.9108120Z Requirement already satisfied: jupyterlab-widgets<3,>=1.0.0 in /Users/runner/micromamba/envs/tardis/lib/python3.12/site-packages (from ipywidgets>=7.0.0->qgridnext) (1.1.7)
2025-01-10T07:25:20.9369810Z Requirement already satisfied: python-dateutil>=2.8.2 in /Users/runner/micromamba/envs/tardis/lib/python3.12/site-packages (from pandas>=0.20.0->qgridnext) (2.9.0)
2025-01-10T07:25:20.9379360Z Requirement already satisfied: pytz>=2020.1 in /Users/runner/micromamba/envs/tardis/lib/python3.12/site-packages (from pandas>=0.20.0->qgridnext) (2024.1)
2025-01-10T07:25:20.9384420Z Requirement already satisfied: tzdata>=2022.7 in /Users/runner/micromamba/envs/tardis/lib/python3.12/site-packages (from pandas>=0.20.0->qgridnext) (2024.1)
2025-01-10T07:25:20.9572320Z Requirement already satisfied: decorator in /Users/runner/micromamba/envs/tardis/lib/python3.12/site-packages (from ipython>=4.0.0->ipywidgets>=7.0.0->qgridnext) (5.1.1)
2025-01-10T07:25:20.9582430Z Requirement already satisfied: jedi>=0.16 in /Users/runner/micromamba/envs/tardis/lib/python3.12/site-packages (from ipython>=4.0.0->ipywidgets>=7.0.0->qgridnext) (0.19.1)
2025-01-10T07:25:20.9587570Z Requirement already satisfied: matplotlib-inline in /Users/runner/micromamba/envs/tardis/lib/python3.12/site-packages (from ipython>=4.0.0->ipywidgets>=7.0.0->qgridnext) (0.1.7)
2025-01-10T07:25:20.9593260Z Requirement already satisfied: prompt-toolkit<3.1.0,>=3.0.41 in /Users/runner/micromamba/envs/tardis/lib/python3.12/site-packages (from ipython>=4.0.0->ipywidgets>=7.0.0->qgridnext) (3.0.47)
2025-01-10T07:25:20.9599060Z Requirement already satisfied: pygments>=2.4.0 in /Users/runner/micromamba/envs/tardis/lib/python3.12/site-packages (from ipython>=4.0.0->ipywidgets>=7.0.0->qgridnext) (2.18.0)
2025-01-10T07:25:20.9604560Z Requirement already satisfied: stack-data in /Users/runner/micromamba/envs/tardis/lib/python3.12/site-packages (from ipython>=4.0.0->ipywidgets>=7.0.0->qgridnext) (0.6.2)
2025-01-10T07:25:20.9615920Z Requirement already satisfied: pexpect>4.3 in /Users/runner/micromamba/envs/tardis/lib/python3.12/site-packages (from ipython>=4.0.0->ipywidgets>=7.0.0->qgridnext) (4.9.0)
2025-01-10T07:25:20.9641780Z Requirement already satisfied: six>=1.5 in /Users/runner/micromamba/envs/tardis/lib/python3.12/site-packages (from python-dateutil>=2.8.2->pandas>=0.20.0->qgridnext) (1.16.0)
2025-01-10T07:25:20.9674890Z Requirement already satisfied: notebook>=4.4.1 in /Users/runner/micromamba/envs/tardis/lib/python3.12/site-packages (from widgetsnbextension~=3.6.5->ipywidgets>=7.0.0->qgridnext) (7.2.1)
2025-01-10T07:25:20.9788630Z Requirement already satisfied: parso<0.9.0,>=0.8.3 in /Users/runner/micromamba/envs/tardis/lib/python3.12/site-packages (from jedi>=0.16->ipython>=4.0.0->ipywidgets>=7.0.0->qgridnext) (0.8.4)
2025-01-10T07:25:20.9874700Z Requirement already satisfied: jupyter-server<3,>=2.4.0 in /Users/runner/micromamba/envs/tardis/lib/python3.12/site-packages (from notebook>=4.4.1->widgetsnbextension~=3.6.5->ipywidgets>=7.0.0->qgridnext) (2.14.1)
2025-01-10T07:25:20.9882120Z Requirement already satisfied: jupyterlab-server<3,>=2.27.1 in /Users/runner/micromamba/envs/tardis/lib/python3.12/site-packages (from notebook>=4.4.1->widgetsnbextension~=3.6.5->ipywidgets>=7.0.0->qgridnext) (2.27.2)
2025-01-10T07:25:20.9891730Z Requirement already satisfied: jupyterlab<4.3,>=4.2.0 in /Users/runner/micromamba/envs/tardis/lib/python3.12/site-packages (from notebook>=4.4.1->widgetsnbextension~=3.6.5->ipywidgets>=7.0.0->qgridnext) (4.2.2)
2025-01-10T07:25:20.9898070Z Requirement already satisfied: notebook-shim<0.3,>=0.2 in /Users/runner/micromamba/envs/tardis/lib/python3.12/site-packages (from notebook>=4.4.1->widgetsnbextension~=3.6.5->ipywidgets>=7.0.0->qgridnext) (0.2.4)
2025-01-10T07:25:20.9903610Z Requirement already satisfied: tornado>=6.2.0 in /Users/runner/micromamba/envs/tardis/lib/python3.12/site-packages (from notebook>=4.4.1->widgetsnbextension~=3.6.5->ipywidgets>=7.0.0->qgridnext) (6.4.1)
2025-01-10T07:25:20.9920220Z Requirement already satisfied: ptyprocess>=0.5 in /Users/runner/micromamba/envs/tardis/lib/python3.12/site-packages (from pexpect>4.3->ipython>=4.0.0->ipywidgets>=7.0.0->qgridnext) (0.7.0)
2025-01-10T07:25:20.9936150Z Requirement already satisfied: wcwidth in /Users/runner/micromamba/envs/tardis/lib/python3.12/site-packages (from prompt-toolkit<3.1.0,>=3.0.41->ipython>=4.0.0->ipywidgets>=7.0.0->qgridnext) (0.2.13)
2025-01-10T07:25:21.0026380Z Requirement already satisfied: executing>=1.2.0 in /Users/runner/micromamba/envs/tardis/lib/python3.12/site-packages (from stack-data->ipython>=4.0.0->ipywidgets>=7.0.0->qgridnext) (2.0.1)
2025-01-10T07:25:21.0126780Z Requirement already satisfied: asttokens>=2.1.0 in /Users/runner/micromamba/envs/tardis/lib/python3.12/site-packages (from stack-data->ipython>=4.0.0->ipywidgets>=7.0.0->qgridnext) (2.4.1)
2025-01-10T07:25:21.0228670Z Requirement already satisfied: pure-eval in /Users/runner/micromamba/envs/tardis/lib/python3.12/site-packages (from stack-data->ipython>=4.0.0->ipywidgets>=7.0.0->qgridnext) (0.2.2)
2025-01-10T07:25:21.0330580Z Requirement already satisfied: anyio>=3.1.0 in /Users/runner/micromamba/envs/tardis/lib/python3.12/site-packages (from jupyter-server<3,>=2.4.0->notebook>=4.4.1->widgetsnbextension~=3.6.5->ipywidgets>=7.0.0->qgridnext) (4.4.0)
2025-01-10T07:25:21.0432480Z Requirement already satisfied: argon2-cffi>=21.1 in /Users/runner/micromamba/envs/tardis/lib/python3.12/site-packages (from jupyter-server<3,>=2.4.0->notebook>=4.4.1->widgetsnbextension~=3.6.5->ipywidgets>=7.0.0->qgridnext) (23.1.0)
2025-01-10T07:25:21.0533490Z Requirement already satisfied: jinja2>=3.0.3 in /Users/runner/micromamba/envs/tardis/lib/python3.12/site-packages (from jupyter-server<3,>=2.4.0->notebook>=4.4.1->widgetsnbextension~=3.6.5->ipywidgets>=7.0.0->qgridnext) (3.1.4)
2025-01-10T07:25:21.0634310Z Requirement already satisfied: jupyter-client>=7.4.4 in /Users/runner/micromamba/envs/tardis/lib/python3.12/site-packages (from jupyter-server<3,>=2.4.0->notebook>=4.4.1->widgetsnbextension~=3.6.5->ipywidgets>=7.0.0->qgridnext) (8.6.2)
2025-01-10T07:25:21.0735130Z Requirement already satisfied: jupyter-core!=5.0.*,>=4.12 in /Users/runner/micromamba/envs/tardis/lib/python3.12/site-packages (from jupyter-server<3,>=2.4.0->notebook>=4.4.1->widgetsnbextension~=3.6.5->ipywidgets>=7.0.0->qgridnext) (5.7.2)
2025-01-10T07:25:21.0835990Z Requirement already satisfied: jupyter-events>=0.9.0 in /Users/runner/micromamba/envs/tardis/lib/python3.12/site-packages (from jupyter-server<3,>=2.4.0->notebook>=4.4.1->widgetsnbextension~=3.6.5->ipywidgets>=7.0.0->qgridnext) (0.10.0)
2025-01-10T07:25:21.0937090Z Requirement already satisfied: jupyter-server-terminals>=0.4.4 in /Users/runner/micromamba/envs/tardis/lib/python3.12/site-packages (from jupyter-server<3,>=2.4.0->notebook>=4.4.1->widgetsnbextension~=3.6.5->ipywidgets>=7.0.0->qgridnext) (0.5.3)
2025-01-10T07:25:21.1037480Z Requirement already satisfied: nbconvert>=6.4.4 in /Users/runner/micromamba/envs/tardis/lib/python3.12/site-packages (from jupyter-server<3,>=2.4.0->notebook>=4.4.1->widgetsnbextension~=3.6.5->ipywidgets>=7.0.0->qgridnext) (7.16.4)
2025-01-10T07:25:21.1138420Z Requirement already satisfied: nbformat>=5.3.0 in /Users/runner/micromamba/envs/tardis/lib/python3.12/site-packages (from jupyter-server<3,>=2.4.0->notebook>=4.4.1->widgetsnbextension~=3.6.5->ipywidgets>=7.0.0->qgridnext) (5.10.4)
2025-01-10T07:25:21.1239430Z Requirement already satisfied: overrides>=5.0 in /Users/runner/micromamba/envs/tardis/lib/python3.12/site-packages (from jupyter-server<3,>=2.4.0->notebook>=4.4.1->widgetsnbextension~=3.6.5->ipywidgets>=7.0.0->qgridnext) (7.7.0)
2025-01-10T07:25:21.1340080Z Requirement already satisfied: packaging>=22.0 in /Users/runner/micromamba/envs/tardis/lib/python3.12/site-packages (from jupyter-server<3,>=2.4.0->notebook>=4.4.1->widgetsnbextension~=3.6.5->ipywidgets>=7.0.0->qgridnext) (24.1)
2025-01-10T07:25:21.1442220Z Requirement already satisfied: prometheus-client>=0.9 in /Users/runner/micromamba/envs/tardis/lib/python3.12/site-packages (from jupyter-server<3,>=2.4.0->notebook>=4.4.1->widgetsnbextension~=3.6.5->ipywidgets>=7.0.0->qgridnext) (0.20.0)
2025-01-10T07:25:21.1544010Z Requirement already satisfied: pyzmq>=24 in /Users/runner/micromamba/envs/tardis/lib/python3.12/site-packages (from jupyter-server<3,>=2.4.0->notebook>=4.4.1->widgetsnbextension~=3.6.5->ipywidgets>=7.0.0->qgridnext) (26.0.3)
2025-01-10T07:25:21.1645320Z Requirement already satisfied: send2trash>=1.8.2 in /Users/runner/micromamba/envs/tardis/lib/python3.12/site-packages (from jupyter-server<3,>=2.4.0->notebook>=4.4.1->widgetsnbextension~=3.6.5->ipywidgets>=7.0.0->qgridnext) (1.8.3)
2025-01-10T07:25:21.1745880Z Requirement already satisfied: terminado>=0.8.3 in /Users/runner/micromamba/envs/tardis/lib/python3.12/site-packages (from jupyter-server<3,>=2.4.0->notebook>=4.4.1->widgetsnbextension~=3.6.5->ipywidgets>=7.0.0->qgridnext) (0.18.1)
2025-01-10T07:25:21.1846290Z Requirement already satisfied: websocket-client>=1.7 in /Users/runner/micromamba/envs/tardis/lib/python3.12/site-packages (from jupyter-server<3,>=2.4.0->notebook>=4.4.1->widgetsnbextension~=3.6.5->ipywidgets>=7.0.0->qgridnext) (1.8.0)
2025-01-10T07:25:21.1947880Z Requirement already satisfied: async-lru>=1.0.0 in /Users/runner/micromamba/envs/tardis/lib/python3.12/site-packages (from jupyterlab<4.3,>=4.2.0->notebook>=4.4.1->widgetsnbextension~=3.6.5->ipywidgets>=7.0.0->qgridnext) (2.0.4)
2025-01-10T07:25:21.2048300Z Requirement already satisfied: httpx>=0.25.0 in /Users/runner/micromamba/envs/tardis/lib/python3.12/site-packages (from jupyterlab<4.3,>=4.2.0->notebook>=4.4.1->widgetsnbextension~=3.6.5->ipywidgets>=7.0.0->qgridnext) (0.27.0)
2025-01-10T07:25:21.2150040Z Requirement already satisfied: ipykernel>=6.5.0 in /Users/runner/micromamba/envs/tardis/lib/python3.12/site-packages (from jupyterlab<4.3,>=4.2.0->notebook>=4.4.1->widgetsnbextension~=3.6.5->ipywidgets>=7.0.0->qgridnext) (6.29.4)
2025-01-10T07:25:21.2249860Z Requirement already satisfied: jupyter-lsp>=2.0.0 in /Users/runner/micromamba/envs/tardis/lib/python3.12/site-packages (from jupyterlab<4.3,>=4.2.0->notebook>=4.4.1->widgetsnbextension~=3.6.5->ipywidgets>=7.0.0->qgridnext) (2.2.5)
2025-01-10T07:25:21.2352220Z Requirement already satisfied: setuptools>=40.1.0 in /Users/runner/micromamba/envs/tardis/lib/python3.12/site-packages (from jupyterlab<4.3,>=4.2.0->notebook>=4.4.1->widgetsnbextension~=3.6.5->ipywidgets>=7.0.0->qgridnext) (70.0.0)
2025-01-10T07:25:21.2458910Z Requirement already satisfied: babel>=2.10 in /Users/runner/micromamba/envs/tardis/lib/python3.12/site-packages (from jupyterlab-server<3,>=2.27.1->notebook>=4.4.1->widgetsnbextension~=3.6.5->ipywidgets>=7.0.0->qgridnext) (2.14.0)
2025-01-10T07:25:21.2560110Z Requirement already satisfied: json5>=0.9.0 in /Users/runner/micromamba/envs/tardis/lib/python3.12/site-packages (from jupyterlab-server<3,>=2.27.1->notebook>=4.4.1->widgetsnbextension~=3.6.5->ipywidgets>=7.0.0->qgridnext) (0.9.25)
2025-01-10T07:25:21.2662110Z Requirement already satisfied: jsonschema>=4.18.0 in /Users/runner/micromamba/envs/tardis/lib/python3.12/site-packages (from jupyterlab-server<3,>=2.27.1->notebook>=4.4.1->widgetsnbextension~=3.6.5->ipywidgets>=7.0.0->qgridnext) (4.22.0)
2025-01-10T07:25:21.2763150Z Requirement already satisfied: requests>=2.31 in /Users/runner/micromamba/envs/tardis/lib/python3.12/site-packages (from jupyterlab-server<3,>=2.27.1->notebook>=4.4.1->widgetsnbextension~=3.6.5->ipywidgets>=7.0.0->qgridnext) (2.32.3)
2025-01-10T07:25:21.2863760Z Requirement already satisfied: idna>=2.8 in /Users/runner/micromamba/envs/tardis/lib/python3.12/site-packages (from anyio>=3.1.0->jupyter-server<3,>=2.4.0->notebook>=4.4.1->widgetsnbextension~=3.6.5->ipywidgets>=7.0.0->qgridnext) (3.7)
2025-01-10T07:25:21.2964590Z Requirement already satisfied: sniffio>=1.1 in /Users/runner/micromamba/envs/tardis/lib/python3.12/site-packages (from anyio>=3.1.0->jupyter-server<3,>=2.4.0->notebook>=4.4.1->widgetsnbextension~=3.6.5->ipywidgets>=7.0.0->qgridnext) (1.3.1)
2025-01-10T07:25:21.3065970Z Requirement already satisfied: argon2-cffi-bindings in /Users/runner/micromamba/envs/tardis/lib/python3.12/site-packages (from argon2-cffi>=21.1->jupyter-server<3,>=2.4.0->notebook>=4.4.1->widgetsnbextension~=3.6.5->ipywidgets>=7.0.0->qgridnext) (21.2.0)
2025-01-10T07:25:21.3171720Z Requirement already satisfied: certifi in /Users/runner/micromamba/envs/tardis/lib/python3.12/site-packages (from httpx>=0.25.0->jupyterlab<4.3,>=4.2.0->notebook>=4.4.1->widgetsnbextension~=3.6.5->ipywidgets>=7.0.0->qgridnext) (2024.6.2)
2025-01-10T07:25:21.3272210Z Requirement already satisfied: httpcore==1.* in /Users/runner/micromamba/envs/tardis/lib/python3.12/site-packages (from httpx>=0.25.0->jupyterlab<4.3,>=4.2.0->notebook>=4.4.1->widgetsnbextension~=3.6.5->ipywidgets>=7.0.0->qgridnext) (1.0.5)
2025-01-10T07:25:21.3374430Z Requirement already satisfied: h11<0.15,>=0.13 in /Users/runner/micromamba/envs/tardis/lib/python3.12/site-packages (from httpcore==1.*->httpx>=0.25.0->jupyterlab<4.3,>=4.2.0->notebook>=4.4.1->widgetsnbextension~=3.6.5->ipywidgets>=7.0.0->qgridnext) (0.14.0)
2025-01-10T07:25:21.3474820Z Requirement already satisfied: appnope in /Users/runner/micromamba/envs/tardis/lib/python3.12/site-packages (from ipykernel>=6.5.0->jupyterlab<4.3,>=4.2.0->notebook>=4.4.1->widgetsnbextension~=3.6.5->ipywidgets>=7.0.0->qgridnext) (0.1.4)
2025-01-10T07:25:21.3575790Z Requirement already satisfied: debugpy>=1.6.5 in /Users/runner/micromamba/envs/tardis/lib/python3.12/site-packages (from ipykernel>=6.5.0->jupyterlab<4.3,>=4.2.0->notebook>=4.4.1->widgetsnbextension~=3.6.5->ipywidgets>=7.0.0->qgridnext) (1.8.1)
2025-01-10T07:25:21.3678050Z Requirement already satisfied: nest-asyncio in /Users/runner/micromamba/envs/tardis/lib/python3.12/site-packages (from ipykernel>=6.5.0->jupyterlab<4.3,>=4.2.0->notebook>=4.4.1->widgetsnbextension~=3.6.5->ipywidgets>=7.0.0->qgridnext) (1.6.0)
2025-01-10T07:25:21.3773690Z Requirement already satisfied: psutil in /Users/runner/micromamba/envs/tardis/lib/python3.12/site-packages (from ipykernel>=6.5.0->jupyterlab<4.3,>=4.2.0->notebook>=4.4.1->widgetsnbextension~=3.6.5->ipywidgets>=7.0.0->qgridnext) (5.9.8)
2025-01-10T07:25:21.3792410Z Requirement already satisfied: MarkupSafe>=2.0 in /Users/runner/micromamba/envs/tardis/lib/python3.12/site-packages (from jinja2>=3.0.3->jupyter-server<3,>=2.4.0->notebook>=4.4.1->widgetsnbextension~=3.6.5->ipywidgets>=7.0.0->qgridnext) (2.1.5)
2025-01-10T07:25:21.3894570Z Requirement already satisfied: attrs>=22.2.0 in /Users/runner/micromamba/envs/tardis/lib/python3.12/site-packages (from jsonschema>=4.18.0->jupyterlab-server<3,>=2.27.1->notebook>=4.4.1->widgetsnbextension~=3.6.5->ipywidgets>=7.0.0->qgridnext) (23.2.0)
2025-01-10T07:25:21.3996670Z Requirement already satisfied: jsonschema-specifications>=2023.03.6 in /Users/runner/micromamba/envs/tardis/lib/python3.12/site-packages (from jsonschema>=4.18.0->jupyterlab-server<3,>=2.27.1->notebook>=4.4.1->widgetsnbextension~=3.6.5->ipywidgets>=7.0.0->qgridnext) (2023.12.1)
2025-01-10T07:25:21.4098840Z Requirement already satisfied: referencing>=0.28.4 in /Users/runner/micromamba/envs/tardis/lib/python3.12/site-packages (from jsonschema>=4.18.0->jupyterlab-server<3,>=2.27.1->notebook>=4.4.1->widgetsnbextension~=3.6.5->ipywidgets>=7.0.0->qgridnext) (0.35.1)
2025-01-10T07:25:21.4187510Z Requirement already satisfied: rpds-py>=0.7.1 in /Users/runner/micromamba/envs/tardis/lib/python3.12/site-packages (from jsonschema>=4.18.0->jupyterlab-server<3,>=2.27.1->notebook>=4.4.1->widgetsnbextension~=3.6.5->ipywidgets>=7.0.0->qgridnext) (0.18.1)
2025-01-10T07:25:21.4267270Z Requirement already satisfied: platformdirs>=2.5 in /Users/runner/micromamba/envs/tardis/lib/python3.12/site-packages (from jupyter-core!=5.0.*,>=4.12->jupyter-server<3,>=2.4.0->notebook>=4.4.1->widgetsnbextension~=3.6.5->ipywidgets>=7.0.0->qgridnext) (4.2.2)
2025-01-10T07:25:21.4340710Z Requirement already satisfied: python-json-logger>=2.0.4 in /Users/runner/micromamba/envs/tardis/lib/python3.12/site-packages (from jupyter-events>=0.9.0->jupyter-server<3,>=2.4.0->notebook>=4.4.1->widgetsnbextension~=3.6.5->ipywidgets>=7.0.0->qgridnext) (2.0.7)
2025-01-10T07:25:21.4393480Z Requirement already satisfied: pyyaml>=5.3 in /Users/runner/micromamba/envs/tardis/lib/python3.12/site-packages (from jupyter-events>=0.9.0->jupyter-server<3,>=2.4.0->notebook>=4.4.1->widgetsnbextension~=3.6.5->ipywidgets>=7.0.0->qgridnext) (6.0.1)
2025-01-10T07:25:21.4473910Z Requirement already satisfied: rfc3339-validator in /Users/runner/micromamba/envs/tardis/lib/python3.12/site-packages (from jupyter-events>=0.9.0->jupyter-server<3,>=2.4.0->notebook>=4.4.1->widgetsnbextension~=3.6.5->ipywidgets>=7.0.0->qgridnext) (0.1.4)
2025-01-10T07:25:21.4542560Z Requirement already satisfied: rfc3986-validator>=0.1.1 in /Users/runner/micromamba/envs/tardis/lib/python3.12/site-packages (from jupyter-events>=0.9.0->jupyter-server<3,>=2.4.0->notebook>=4.4.1->widgetsnbextension~=3.6.5->ipywidgets>=7.0.0->qgridnext) (0.1.1)
2025-01-10T07:25:21.4592550Z Requirement already satisfied: beautifulsoup4 in /Users/runner/micromamba/envs/tardis/lib/python3.12/site-packages (from nbconvert>=6.4.4->jupyter-server<3,>=2.4.0->notebook>=4.4.1->widgetsnbextension~=3.6.5->ipywidgets>=7.0.0->qgridnext) (4.12.3)
2025-01-10T07:25:21.4637360Z Requirement already satisfied: bleach!=5.0.0 in /Users/runner/micromamba/envs/tardis/lib/python3.12/site-packages (from nbconvert>=6.4.4->jupyter-server<3,>=2.4.0->notebook>=4.4.1->widgetsnbextension~=3.6.5->ipywidgets>=7.0.0->qgridnext) (6.1.0)
2025-01-10T07:25:21.4682740Z Requirement already satisfied: defusedxml in /Users/runner/micromamba/envs/tardis/lib/python3.12/site-packages (from nbconvert>=6.4.4->jupyter-server<3,>=2.4.0->notebook>=4.4.1->widgetsnbextension~=3.6.5->ipywidgets>=7.0.0->qgridnext) (0.7.1)
2025-01-10T07:25:21.4713270Z Requirement already satisfied: jupyterlab-pygments in /Users/runner/micromamba/envs/tardis/lib/python3.12/site-packages (from nbconvert>=6.4.4->jupyter-server<3,>=2.4.0->notebook>=4.4.1->widgetsnbextension~=3.6.5->ipywidgets>=7.0.0->qgridnext) (0.3.0)
2025-01-10T07:25:21.4730210Z Requirement already satisfied: mistune<4,>=2.0.3 in /Users/runner/micromamba/envs/tardis/lib/python3.12/site-packages (from nbconvert>=6.4.4->jupyter-server<3,>=2.4.0->notebook>=4.4.1->widgetsnbextension~=3.6.5->ipywidgets>=7.0.0->qgridnext) (3.0.2)
2025-01-10T07:25:21.4736470Z Requirement already satisfied: nbclient>=0.5.0 in /Users/runner/micromamba/envs/tardis/lib/python3.12/site-packages (from nbconvert>=6.4.4->jupyter-server<3,>=2.4.0->notebook>=4.4.1->widgetsnbextension~=3.6.5->ipywidgets>=7.0.0->qgridnext) (0.10.0)
2025-01-10T07:25:21.4738200Z Requirement already satisfied: pandocfilters>=1.4.1 in /Users/runner/micromamba/envs/tardis/lib/python3.12/site-packages (from nbconvert>=6.4.4->jupyter-server<3,>=2.4.0->notebook>=4.4.1->widgetsnbextension~=3.6.5->ipywidgets>=7.0.0->qgridnext) (1.5.0)
2025-01-10T07:25:21.4749760Z Requirement already satisfied: tinycss2 in /Users/runner/micromamba/envs/tardis/lib/python3.12/site-packages (from nbconvert>=6.4.4->jupyter-server<3,>=2.4.0->notebook>=4.4.1->widgetsnbextension~=3.6.5->ipywidgets>=7.0.0->qgridnext) (1.3.0)
2025-01-10T07:25:21.4781580Z Requirement already satisfied: fastjsonschema>=2.15 in /Users/runner/micromamba/envs/tardis/lib/python3.12/site-packages (from nbformat>=5.3.0->jupyter-server<3,>=2.4.0->notebook>=4.4.1->widgetsnbextension~=3.6.5->ipywidgets>=7.0.0->qgridnext) (2.20.0)
2025-01-10T07:25:21.4782860Z Requirement already satisfied: charset-normalizer<4,>=2 in /Users/runner/micromamba/envs/tardis/lib/python3.12/site-packages (from requests>=2.31->jupyterlab-server<3,>=2.27.1->notebook>=4.4.1->widgetsnbextension~=3.6.5->ipywidgets>=7.0.0->qgridnext) (3.3.2)
2025-01-10T07:25:21.4784730Z Requirement already satisfied: urllib3<3,>=1.21.1 in /Users/runner/micromamba/envs/tardis/lib/python3.12/site-packages (from requests>=2.31->jupyterlab-server<3,>=2.27.1->notebook>=4.4.1->widgetsnbextension~=3.6.5->ipywidgets>=7.0.0->qgridnext) (2.2.2)
2025-01-10T07:25:21.4786170Z Requirement already satisfied: webencodings in /Users/runner/micromamba/envs/tardis/lib/python3.12/site-packages (from bleach!=5.0.0->nbconvert>=6.4.4->jupyter-server<3,>=2.4.0->notebook>=4.4.1->widgetsnbextension~=3.6.5->ipywidgets>=7.0.0->qgridnext) (0.5.1)
2025-01-10T07:25:21.4787720Z Requirement already satisfied: fqdn in /Users/runner/micromamba/envs/tardis/lib/python3.12/site-packages (from jsonschema[format-nongpl]>=4.18.0->jupyter-events>=0.9.0->jupyter-server<3,>=2.4.0->notebook>=4.4.1->widgetsnbextension~=3.6.5->ipywidgets>=7.0.0->qgridnext) (1.5.1)
2025-01-10T07:25:21.4820430Z Requirement already satisfied: isoduration in /Users/runner/micromamba/envs/tardis/lib/python3.12/site-packages (from jsonschema[format-nongpl]>=4.18.0->jupyter-events>=0.9.0->jupyter-server<3,>=2.4.0->notebook>=4.4.1->widgetsnbextension~=3.6.5->ipywidgets>=7.0.0->qgridnext) (20.11.0)
2025-01-10T07:25:21.4822290Z Requirement already satisfied: jsonpointer>1.13 in /Users/runner/micromamba/envs/tardis/lib/python3.12/site-packages (from jsonschema[format-nongpl]>=4.18.0->jupyter-events>=0.9.0->jupyter-server<3,>=2.4.0->notebook>=4.4.1->widgetsnbextension~=3.6.5->ipywidgets>=7.0.0->qgridnext) (3.0.0)
2025-01-10T07:25:21.4835530Z Requirement already satisfied: uri-template in /Users/runner/micromamba/envs/tardis/lib/python3.12/site-packages (from jsonschema[format-nongpl]>=4.18.0->jupyter-events>=0.9.0->jupyter-server<3,>=2.4.0->notebook>=4.4.1->widgetsnbextension~=3.6.5->ipywidgets>=7.0.0->qgridnext) (1.3.0)
2025-01-10T07:25:21.4855510Z Requirement already satisfied: webcolors>=1.11 in /Users/runner/micromamba/envs/tardis/lib/python3.12/site-packages (from jsonschema[format-nongpl]>=4.18.0->jupyter-events>=0.9.0->jupyter-server<3,>=2.4.0->notebook>=4.4.1->widgetsnbextension~=3.6.5->ipywidgets>=7.0.0->qgridnext) (24.6.0)
2025-01-10T07:25:21.4883970Z Requirement already satisfied: cffi>=1.0.1 in /Users/runner/micromamba/envs/tardis/lib/python3.12/site-packages (from argon2-cffi-bindings->argon2-cffi>=21.1->jupyter-server<3,>=2.4.0->notebook>=4.4.1->widgetsnbextension~=3.6.5->ipywidgets>=7.0.0->qgridnext) (1.16.0)
2025-01-10T07:25:21.4885420Z Requirement already satisfied: soupsieve>1.2 in /Users/runner/micromamba/envs/tardis/lib/python3.12/site-packages (from beautifulsoup4->nbconvert>=6.4.4->jupyter-server<3,>=2.4.0->notebook>=4.4.1->widgetsnbextension~=3.6.5->ipywidgets>=7.0.0->qgridnext) (2.5)
2025-01-10T07:25:21.4916830Z Requirement already satisfied: pycparser in /Users/runner/micromamba/envs/tardis/lib/python3.12/site-packages (from cffi>=1.0.1->argon2-cffi-bindings->argon2-cffi>=21.1->jupyter-server<3,>=2.4.0->notebook>=4.4.1->widgetsnbextension~=3.6.5->ipywidgets>=7.0.0->qgridnext) (2.22)
2025-01-10T07:25:21.5170280Z Requirement already satisfied: arrow>=0.15.0 in /Users/runner/micromamba/envs/tardis/lib/python3.12/site-packages (from isoduration->jsonschema[format-nongpl]>=4.18.0->jupyter-events>=0.9.0->jupyter-server<3,>=2.4.0->notebook>=4.4.1->widgetsnbextension~=3.6.5->ipywidgets>=7.0.0->qgridnext) (1.3.0)
2025-01-10T07:25:21.5382020Z Requirement already satisfied: types-python-dateutil>=2.8.10 in /Users/runner/micromamba/envs/tardis/lib/python3.12/site-packages (from arrow>=0.15.0->isoduration->jsonschema[format-nongpl]>=4.18.0->jupyter-events>=0.9.0->jupyter-server<3,>=2.4.0->notebook>=4.4.1->widgetsnbextension~=3.6.5->ipywidgets>=7.0.0->qgridnext) (2.9.0.20240316)
2025-01-10T07:25:21.5645270Z Downloading qgridnext-2.0.4-py3-none-any.whl (1.3 MB)
2025-01-10T07:25:21.6226960Z    â”â”â”â”â”â”â”â”â”â”â”â”â”â”â”â”â”â”â”â”â”â”â”â”â”â”â”â”â”â”â”â”â”â”â”â”â”â”â”â” 1.3/1.3 MB 22.9 MB/s eta 0:00:00
2025-01-10T07:25:22.1638330Z Installing collected packages: qgridnext
2025-01-10T07:25:22.2116680Z Successfully installed qgridnext-2.0.4
2025-01-10T07:25:22.4161380Z ##[group]Run pytest tardis --tardis-regression-data=/Users/runner/work/tardis/tardis/tardis-regression-data --cov=tardis --cov-report=xml --cov-report=html --cov-append -m " continuum"
2025-01-10T07:25:22.4162390Z [36;1mpytest tardis --tardis-regression-data=/Users/runner/work/tardis/tardis/tardis-regression-data --cov=tardis --cov-report=xml --cov-report=html --cov-append -m " continuum"[0m
2025-01-10T07:25:22.4218450Z shell: /bin/bash -l {0}
2025-01-10T07:25:22.4218650Z env:
2025-01-10T07:25:22.4218800Z   CACHE_NUMBER: 0
2025-01-10T07:25:22.4219300Z   PYTEST_FLAGS: --tardis-regression-data=/Users/runner/work/tardis/tardis/tardis-regression-data --cov=tardis --cov-report=xml --cov-report=html --cov-append
2025-01-10T07:25:22.4219820Z   CODECOV_TOKEN: 
2025-01-10T07:25:22.4220070Z   MAMBA_ROOT_PREFIX: /Users/runner/micromamba
2025-01-10T07:25:22.4220330Z   MAMBA_EXE: /Users/runner/micromamba-bin/micromamba
2025-01-10T07:25:22.4220700Z   CONDARC: /Users/runner/work/_temp/setup-micromamba/.condarc
2025-01-10T07:25:22.4220990Z ##[endgroup]
2025-01-10T07:25:33.5656730Z ============================= test session starts ==============================
2025-01-10T07:25:33.5657400Z platform darwin -- Python 3.12.4, pytest-8.2.2, pluggy-1.5.0
2025-01-10T07:25:33.5657690Z rootdir: /Users/runner/work/tardis/tardis
2025-01-10T07:25:33.5657930Z configfile: pyproject.toml
2025-01-10T07:25:33.5658240Z plugins: cov-5.0.0, html-4.1.1, metadata-3.1.1, doctestplus-1.2.1, anyio-4.4.0
2025-01-10T07:25:33.5658770Z collected 1796 items / 1794 deselected / 2 selected
2025-01-10T07:25:33.5658960Z 
2025-01-10T07:25:59.4092910Z tardis/transport/montecarlo/estimators/tests/test_continuum_property_solver.py F [ 50%]
2025-01-10T07:25:59.4093480Z                                                                          [ 50%]
2025-01-10T07:26:23.2495450Z tardis/transport/montecarlo/tests/test_continuum.py F                    [100%]
2025-01-10T07:26:23.2497720Z 
2025-01-10T07:26:23.2498020Z =================================== FAILURES ===================================
2025-01-10T07:26:23.2498510Z __________________________ test_continuum_estimators ___________________________
2025-01-10T07:26:23.2498720Z 
2025-01-10T07:26:23.2499440Z continuum_config = {'tardis_config_version': 'v1.0', 'supernova': {'luminosity_requested': <Quantity 4.31528298e+42 erg / s>, 'time_explo...': 10.0, 'survival_probability': 0.0, 'enable_biasing': False, 'virtual_packet_logging': False}}, 'config_dirname': ''}
2025-01-10T07:26:23.2510880Z nlte_atomic_dataset = <Atomic Data UUID=None MD5=None Lines=69056 Levels=26012>
2025-01-10T07:26:23.2511200Z 
2025-01-10T07:26:23.2511280Z     @pytest.mark.continuum
2025-01-10T07:26:23.2511670Z     def test_continuum_estimators(
2025-01-10T07:26:23.2511950Z         continuum_config,
2025-01-10T07:26:23.2512270Z         nlte_atomic_dataset,
2025-01-10T07:26:23.2512550Z     ):
2025-01-10T07:26:23.2512900Z         nlte_atomic_dataset = deepcopy(nlte_atomic_dataset)
2025-01-10T07:26:23.2513300Z         continuum_simulation = Simulation.from_config(
2025-01-10T07:26:23.2513680Z             continuum_config,
2025-01-10T07:26:23.2513970Z             atom_data=nlte_atomic_dataset,
2025-01-10T07:26:23.2514360Z             virtual_packet_logging=False,
2025-01-10T07:26:23.2514660Z         )
2025-01-10T07:26:23.2514970Z         # continuum_simulation.run_convergence()
2025-01-10T07:26:23.2515270Z         continuum_properties_solver_dilute_bb = (
2025-01-10T07:26:23.2515640Z             DiluteBlackBodyContinuumPropertiesSolver(
2025-01-10T07:26:23.2515920Z                 continuum_simulation.plasma.atomic_data
2025-01-10T07:26:23.2516200Z             )
2025-01-10T07:26:23.2516480Z         )
2025-01-10T07:26:23.2516610Z     
2025-01-10T07:26:23.2516760Z         continuum_properties_dilute_bb = (
2025-01-10T07:26:23.2517040Z             continuum_properties_solver_dilute_bb.solve(
2025-01-10T07:26:23.2517420Z                 continuum_simulation.simulation_state.radiation_field_state,
2025-01-10T07:26:23.2518920Z                 continuum_simulation.plasma.t_electrons,
2025-01-10T07:26:23.2519300Z             )
2025-01-10T07:26:23.2540580Z         )
2025-01-10T07:26:23.2540720Z     
2025-01-10T07:26:23.2541070Z         continuum_plasma = continuum_simulation.plasma
2025-01-10T07:26:23.2541430Z     
2025-01-10T07:26:23.2541670Z         pdt.assert_frame_equal(
2025-01-10T07:26:23.2542130Z             continuum_properties_dilute_bb.photo_ionization_rate_coefficient,
2025-01-10T07:26:23.2542550Z             continuum_simulation.plasma.gamma,
2025-01-10T07:26:23.2542840Z         )
2025-01-10T07:26:23.2543140Z         stimulated_recomb_rate_coeff = (
2025-01-10T07:26:23.2543570Z             continuum_properties_dilute_bb.stimulated_recombination_rate_factor
2025-01-10T07:26:23.2544060Z             * continuum_plasma.phi_ik.loc[
2025-01-10T07:26:23.2544570Z                 continuum_properties_dilute_bb.stimulated_recombination_rate_factor.index
2025-01-10T07:26:23.2545070Z             ]
2025-01-10T07:26:23.2545310Z         )
2025-01-10T07:26:23.2545640Z         pdt.assert_frame_equal(
2025-01-10T07:26:23.2545980Z             stimulated_recomb_rate_coeff, continuum_plasma.alpha_stim
2025-01-10T07:26:23.2546360Z         )
2025-01-10T07:26:23.2546560Z     
2025-01-10T07:26:23.2546920Z >       continuum_simulation.run_final()
2025-01-10T07:26:23.2547140Z 
2025-01-10T07:26:23.2547360Z tardis/transport/montecarlo/estimators/tests/test_continuum_property_solver.py:54: 
2025-01-10T07:26:23.2547980Z _ _ _ _ _ _ _ _ _ _ _ _ _ _ _ _ _ _ _ _ _ _ _ _ _ _ _ _ _ _ _ _ _ _ _ _ _ _ _ _ 
2025-01-10T07:26:23.2548310Z tardis/simulation/base.py:558: in run_final
2025-01-10T07:26:23.2548740Z     emitted_luminosity, v_packets_energy_hist = self.iterate(
2025-01-10T07:26:23.2549060Z tardis/simulation/base.py:462: in iterate
2025-01-10T07:26:23.2549490Z     transport_state = self.transport.initialize_transport_state(
2025-01-10T07:26:23.2550000Z tardis/transport/montecarlo/base.py:129: in initialize_transport_state
2025-01-10T07:26:23.2550440Z     ).to_numba(
2025-01-10T07:26:23.2550870Z tardis/opacities/opacity_state.py:342: in to_numba
2025-01-10T07:26:23.2551180Z     return OpacityStateNumba(
2025-01-10T07:26:23.2551710Z ../../../micromamba/envs/tardis/lib/python3.12/site-packages/numba/experimental/jitclass/base.py:124: in __call__
2025-01-10T07:26:23.2552210Z     return cls._ctor(*bind.args[1:], **bind.kwargs)
2025-01-10T07:26:23.2552790Z ../../../micromamba/envs/tardis/lib/python3.12/site-packages/numba/core/dispatcher.py:468: in _compile_for_args
2025-01-10T07:26:23.2553740Z     error_rewrite(e, 'typing')
2025-01-10T07:26:23.2553970Z _ _ _ _ _ _ _ _ _ _ _ _ _ _ _ _ _ _ _ _ _ _ _ _ _ _ _ _ _ _ _ _ _ _ _ _ _ _ _ _ 
2025-01-10T07:26:23.2554130Z 
2025-01-10T07:26:23.2554740Z e = TypingError('Failed in nopython mode pipeline (step: nopython frontend)\nInternal error at <numba.core.typeinfer.CallC...bug level for details.\n\x1b[1m\nFile "<string>", line 3:\x1b[0m\n\x1b[1m<source missing, REPL/exec in use?>\x1b[0m\n')
2025-01-10T07:26:23.2555580Z issue_type = 'typing'
2025-01-10T07:26:23.2555760Z 
2025-01-10T07:26:23.2555820Z     def error_rewrite(e, issue_type):
2025-01-10T07:26:23.2556200Z         """
2025-01-10T07:26:23.2556470Z         Rewrite and raise Exception `e` with help supplied based on the
2025-01-10T07:26:23.2556910Z         specified issue_type.
2025-01-10T07:26:23.2557140Z         """
2025-01-10T07:26:23.2557430Z         if config.SHOW_HELP:
2025-01-10T07:26:23.2557690Z             help_msg = errors.error_extras[issue_type]
2025-01-10T07:26:23.2558110Z             e.patch_message('\n'.join((str(e).rstrip(), help_msg)))
2025-01-10T07:26:23.2558480Z         if config.FULL_TRACEBACKS:
2025-01-10T07:26:23.2558740Z             raise e
2025-01-10T07:26:23.2559010Z         else:
2025-01-10T07:26:23.2559260Z >           raise e.with_traceback(None)
2025-01-10T07:26:23.2559750Z E           numba.core.errors.TypingError: Failed in nopython mode pipeline (step: nopython frontend)
2025-01-10T07:26:23.2560550Z E           Internal error at <numba.core.typeinfer.CallConstraint object at 0x15cba2cc0>.
2025-01-10T07:26:23.2561940Z E           [1m[1mFailed in nopython mode pipeline (step: native lowering)
2025-01-10T07:26:23.2562340Z E           [1m[1mCan't index at [1] in [1 x i64]
2025-01-10T07:26:23.2562810Z E           [1m
2025-01-10T07:26:23.2563150Z E           File "tardis/opacities/opacity_state.py", line 82:[0m
2025-01-10T07:26:23.2563520Z E           [1m    def __init__(
2025-01-10T07:26:23.2563810Z E                   <source elided>
2025-01-10T07:26:23.2564170Z E                   self.line_list_nu = line_list_nu
2025-01-10T07:26:23.2564520Z E           [1m        self.tau_sobolev = tau_sobolev
2025-01-10T07:26:23.2565140Z E           [0m        [1m^[0m[0m
2025-01-10T07:26:23.2565420Z E           [0m
2025-01-10T07:26:23.2566010Z E           [0m[1mDuring: lowering "(self).tau_sobolev = tau_sobolev" at /Users/runner/work/tardis/tardis/tardis/opacities/opacity_state.py (82)[0m
2025-01-10T07:26:23.2568590Z E           [0m[1mDuring: resolving callee type: jitclass.OpacityStateNumba#13597e2a0<electron_density:array(float64, 1d, A),t_electrons:array(float64, 1d, A),line_list_nu:array(float64, 1d, A),tau_sobolev:array(float64, 2d, A),transition_probabilities:array(float64, 2d, A),line2macro_level_upper:array(int64, 1d, A),macro_block_references:array(int64, 1d, A),transition_type:array(int64, 1d, A),destination_level_id:array(int64, 1d, A),transition_line_id:array(int64, 1d, A),bf_threshold_list_nu:array(float64, 1d, A),p_fb_deactivation:array(float64, 2d, A),photo_ion_nu_threshold_mins:array(float64, 1d, A),photo_ion_nu_threshold_maxs:array(float64, 1d, A),photo_ion_block_references:array(int64, 1d, A),chi_bf:array(float64, 2d, A),x_sect:array(float64, 1d, A),phot_nus:array(float64, 1d, A),ff_opacity_factor:array(float64, 1d, A),emissivities:array(float64, 2d, A),photo_ion_activation_idx:array(int64, 1d, A),k_packet_idx:int64>[0m
2025-01-10T07:26:23.2570590Z E           [0m[1mDuring: typing of call at <string> (3)
2025-01-10T07:26:23.2570950Z E           [0m
2025-01-10T07:26:23.2571220Z E           Enable logging at debug level for details.
2025-01-10T07:26:23.2571590Z E           [1m
2025-01-10T07:26:23.2571860Z E           File "<string>", line 3:[0m
2025-01-10T07:26:23.2572180Z E           [1m<source missing, REPL/exec in use?>[0m
2025-01-10T07:26:23.2572440Z 
2025-01-10T07:26:23.2572650Z ../../../micromamba/envs/tardis/lib/python3.12/site-packages/numba/core/dispatcher.py:409: TypingError
2025-01-10T07:26:23.2573270Z ----------------------------- Captured stdout call -----------------------------
2025-01-10T07:26:23.2573660Z [[1mtardis.io.model.parse_density_configuration[0m][[1;33mWARNING[0m]  
2025-01-10T07:26:23.2574190Z 	Number of density points larger than number of shells. Assuming inner point irrelevant ([1mparse_density_configuration.py[0m:114)
2025-01-10T07:26:23.2574670Z ----------------------------- Captured stderr call -----------------------------
2025-01-10T07:26:23.2575080Z OMP: Info #276: omp_set_nested routine deprecated, please use omp_set_max_active_levels instead.
2025-01-10T07:26:23.2575440Z ------------------------------ Captured log call -------------------------------
2025-01-10T07:26:23.2576040Z WARNING  tardis.io.model.parse_density_configuration:parse_density_configuration.py:114 Number of density points larger than number of shells. Assuming inner point irrelevant
2025-01-10T07:26:23.2576580Z __________________________ test_montecarlo_continuum ___________________________
2025-01-10T07:26:23.2576760Z 
2025-01-10T07:26:23.2577260Z continuum_config = {'tardis_config_version': 'v1.0', 'supernova': {'luminosity_requested': <Quantity 4.31528298e+42 erg / s>, 'time_explo...': 10.0, 'survival_probability': 0.0, 'enable_biasing': False, 'virtual_packet_logging': False}}, 'config_dirname': ''}
2025-01-10T07:26:23.2578040Z regression_data = <tardis.tests.fixtures.regression_data.RegressionData object at 0x15ca59eb0>
2025-01-10T07:26:23.2578480Z nlte_atomic_dataset = <Atomic Data UUID=None MD5=None Lines=69056 Levels=26012>
2025-01-10T07:26:23.2578870Z 
2025-01-10T07:26:23.2578940Z     @pytest.mark.continuum
2025-01-10T07:26:23.2579140Z     def test_montecarlo_continuum(
2025-01-10T07:26:23.2579320Z         continuum_config,
2025-01-10T07:26:23.2579500Z         regression_data,
2025-01-10T07:26:23.2579670Z         nlte_atomic_dataset,
2025-01-10T07:26:23.2580090Z     ):
2025-01-10T07:26:23.2580330Z         nlte_atomic_dataset = deepcopy(nlte_atomic_dataset)
2025-01-10T07:26:23.2580600Z         continuum_simulation = Simulation.from_config(
2025-01-10T07:26:23.2580880Z             continuum_config,
2025-01-10T07:26:23.2581170Z             atom_data=nlte_atomic_dataset,
2025-01-10T07:26:23.2581460Z             virtual_packet_logging=False,
2025-01-10T07:26:23.2581730Z         )
2025-01-10T07:26:23.2582100Z         # continuum_simulation.run_convergence()
2025-01-10T07:26:23.2582320Z     
2025-01-10T07:26:23.2582590Z >       continuum_simulation.run_final()
2025-01-10T07:26:23.2582720Z 
2025-01-10T07:26:23.2582870Z tardis/transport/montecarlo/tests/test_continuum.py:23: 
2025-01-10T07:26:23.2583150Z _ _ _ _ _ _ _ _ _ _ _ _ _ _ _ _ _ _ _ _ _ _ _ _ _ _ _ _ _ _ _ _ _ _ _ _ _ _ _ _ 
2025-01-10T07:26:23.2583410Z tardis/simulation/base.py:558: in run_final
2025-01-10T07:26:23.2583680Z     emitted_luminosity, v_packets_energy_hist = self.iterate(
2025-01-10T07:26:23.2583920Z tardis/simulation/base.py:462: in iterate
2025-01-10T07:26:23.2584240Z     transport_state = self.transport.initialize_transport_state(
2025-01-10T07:26:23.2584580Z tardis/transport/montecarlo/base.py:129: in initialize_transport_state
2025-01-10T07:26:23.2584860Z     ).to_numba(
2025-01-10T07:26:23.2585050Z tardis/opacities/opacity_state.py:342: in to_numba
2025-01-10T07:26:23.2585300Z     return OpacityStateNumba(
2025-01-10T07:26:23.2585690Z ../../../micromamba/envs/tardis/lib/python3.12/site-packages/numba/experimental/jitclass/base.py:124: in __call__
2025-01-10T07:26:23.2586110Z     return cls._ctor(*bind.args[1:], **bind.kwargs)
2025-01-10T07:26:23.2586660Z ../../../micromamba/envs/tardis/lib/python3.12/site-packages/numba/core/dispatcher.py:468: in _compile_for_args
2025-01-10T07:26:23.2587070Z     error_rewrite(e, 'typing')
2025-01-10T07:26:23.2587900Z _ _ _ _ _ _ _ _ _ _ _ _ _ _ _ _ _ _ _ _ _ _ _ _ _ _ _ _ _ _ _ _ _ _ _ _ _ _ _ _ 
2025-01-10T07:26:23.2588120Z 
2025-01-10T07:26:23.2588660Z e = TypingError('Failed in nopython mode pipeline (step: nopython frontend)\nInternal error at <numba.core.typeinfer.CallC...bug level for details.\n\x1b[1m\nFile "<string>", line 3:\x1b[0m\n\x1b[1m<source missing, REPL/exec in use?>\x1b[0m\n')
2025-01-10T07:26:23.2589570Z issue_type = 'typing'
2025-01-10T07:26:23.2589670Z 
2025-01-10T07:26:23.2589760Z     def error_rewrite(e, issue_type):
2025-01-10T07:26:23.2589960Z         """
2025-01-10T07:26:23.2590160Z         Rewrite and raise Exception `e` with help supplied based on the
2025-01-10T07:26:23.2590460Z         specified issue_type.
2025-01-10T07:26:23.2590640Z         """
2025-01-10T07:26:23.2590800Z         if config.SHOW_HELP:
2025-01-10T07:26:23.2591000Z             help_msg = errors.error_extras[issue_type]
2025-01-10T07:26:23.2591290Z             e.patch_message('\n'.join((str(e).rstrip(), help_msg)))
2025-01-10T07:26:23.2591560Z         if config.FULL_TRACEBACKS:
2025-01-10T07:26:23.2591750Z             raise e
2025-01-10T07:26:23.2591890Z         else:
2025-01-10T07:26:23.2592040Z >           raise e.with_traceback(None)
2025-01-10T07:26:23.2592380Z E           numba.core.errors.TypingError: Failed in nopython mode pipeline (step: nopython frontend)
2025-01-10T07:26:23.2592850Z E           Internal error at <numba.core.typeinfer.CallConstraint object at 0x15cba2cc0>.
2025-01-10T07:26:23.2593380Z E           [1m[1mFailed in nopython mode pipeline (step: native lowering)
2025-01-10T07:26:23.2593690Z E           [1m[1mCan't index at [1] in [1 x i64]
2025-01-10T07:26:23.2593900Z E           [1m
2025-01-10T07:26:23.2594120Z E           File "tardis/opacities/opacity_state.py", line 82:[0m
2025-01-10T07:26:23.2594550Z E           [1m    def __init__(
2025-01-10T07:26:23.2594730Z E                   <source elided>
2025-01-10T07:26:23.2594950Z E                   self.line_list_nu = line_list_nu
2025-01-10T07:26:23.2595220Z E           [1m        self.tau_sobolev = tau_sobolev
2025-01-10T07:26:23.2595470Z E           [0m        [1m^[0m[0m
2025-01-10T07:26:23.2595670Z E           [0m
2025-01-10T07:26:23.2596130Z E           [0m[1mDuring: lowering "(self).tau_sobolev = tau_sobolev" at /Users/runner/work/tardis/tardis/tardis/opacities/opacity_state.py (82)[0m
2025-01-10T07:26:23.2598610Z E           [0m[1mDuring: resolving callee type: jitclass.OpacityStateNumba#13597e2a0<electron_density:array(float64, 1d, A),t_electrons:array(float64, 1d, A),line_list_nu:array(float64, 1d, A),tau_sobolev:array(float64, 2d, A),transition_probabilities:array(float64, 2d, A),line2macro_level_upper:array(int64, 1d, A),macro_block_references:array(int64, 1d, A),transition_type:array(int64, 1d, A),destination_level_id:array(int64, 1d, A),transition_line_id:array(int64, 1d, A),bf_threshold_list_nu:array(float64, 1d, A),p_fb_deactivation:array(float64, 2d, A),photo_ion_nu_threshold_mins:array(float64, 1d, A),photo_ion_nu_threshold_maxs:array(float64, 1d, A),photo_ion_block_references:array(int64, 1d, A),chi_bf:array(float64, 2d, A),x_sect:array(float64, 1d, A),phot_nus:array(float64, 1d, A),ff_opacity_factor:array(float64, 1d, A),emissivities:array(float64, 2d, A),photo_ion_activation_idx:array(int64, 1d, A),k_packet_idx:int64>[0m
2025-01-10T07:26:23.2600580Z E           [0m[1mDuring: typing of call at <string> (3)
2025-01-10T07:26:23.2600780Z E           [0m
2025-01-10T07:26:23.2600950Z E           Enable logging at debug level for details.
2025-01-10T07:26:23.2601160Z E           [1m
2025-01-10T07:26:23.2601330Z E           File "<string>", line 3:[0m
2025-01-10T07:26:23.2601560Z E           [1m<source missing, REPL/exec in use?>[0m
2025-01-10T07:26:23.2601710Z 
2025-01-10T07:26:23.2601920Z ../../../micromamba/envs/tardis/lib/python3.12/site-packages/numba/core/dispatcher.py:409: TypingError
2025-01-10T07:26:23.2602320Z ----------------------------- Captured stdout call -----------------------------
2025-01-10T07:26:23.2602690Z [[1mtardis.io.model.parse_density_configuration[0m][[1;33mWARNING[0m]  
2025-01-10T07:26:23.2603210Z 	Number of density points larger than number of shells. Assuming inner point irrelevant ([1mparse_density_configuration.py[0m:114)
2025-01-10T07:26:23.2603660Z ------------------------------ Captured log call -------------------------------
2025-01-10T07:26:23.2604290Z WARNING  tardis.io.model.parse_density_configuration:parse_density_configuration.py:114 Number of density points larger than number of shells. Assuming inner point irrelevant
2025-01-10T07:26:23.2604810Z =============================== warnings summary ===============================
2025-01-10T07:26:23.2605050Z tardis/io/configuration/config_validator.py:6
2025-01-10T07:26:23.2605280Z tardis/io/configuration/config_validator.py:6
2025-01-10T07:26:23.2605660Z   /Users/runner/work/tardis/tardis/tardis/io/configuration/config_validator.py:6: DeprecationWarning:
2025-01-10T07:26:23.2606120Z   
2025-01-10T07:26:23.2607020Z   jsonschema.RefResolver is deprecated as of v4.18.0, in favor of the https://github.com/python-jsonschema/referencing library, which provides more compliant referencing behavior as well as more flexible APIs for customization. A future release will remove RefResolver. Please file a feature request (on referencing) if you are missing an API for the kind of customization you need.
2025-01-10T07:26:23.2607920Z 
2025-01-10T07:26:23.2608100Z ../../../micromamba/envs/tardis/lib/python3.12/site-packages/jupyter_client/connect.py:22
2025-01-10T07:26:23.2608610Z   /Users/runner/micromamba/envs/tardis/lib/python3.12/site-packages/jupyter_client/connect.py:22: DeprecationWarning:
2025-01-10T07:26:23.2608990Z   
2025-01-10T07:26:23.2609160Z   Jupyter is migrating its paths to use standard platformdirs
2025-01-10T07:26:23.2609880Z   given by the platformdirs library.  To remove this warning and
2025-01-10T07:26:23.2610210Z   see the appropriate new directories, set the environment variable
2025-01-10T07:26:23.2610500Z   `JUPYTER_PLATFORM_DIRS=1` and then run `jupyter --paths`.
2025-01-10T07:26:23.2610790Z   The use of platformdirs will be the default in `jupyter_core` v6
2025-01-10T07:26:23.2610970Z 
2025-01-10T07:26:23.2616300Z tardis/transport/montecarlo/estimators/tests/test_continuum_property_solver.py::test_continuum_estimators
2025-01-10T07:26:23.2616720Z   <string>:3: NumbaPendingDeprecationWarning:
2025-01-10T07:26:23.2616920Z   
2025-01-10T07:26:23.2617820Z   [1m[1mCode using Numba extension API maybe depending on 'old_style' error-capturing, which is deprecated and will be replaced by 'new_style' in a future release. See details at https://numba.readthedocs.io/en/latest/reference/deprecation.html#deprecation-of-old-style-numba-captured-errors
2025-01-10T07:26:23.2618600Z   Exception origin:
2025-01-10T07:26:23.2618990Z     File "/Users/runner/micromamba/envs/tardis/lib/python3.12/site-packages/llvmlite/ir/instructions.py", line 672, in __init__
2025-01-10T07:26:23.2619430Z       raise TypeError("Can't index at %r in %s"
2025-01-10T07:26:23.2619640Z   [0m[0m
2025-01-10T07:26:23.2619710Z 
2025-01-10T07:26:23.2619860Z -- Docs: https://docs.pytest.org/en/stable/how-to/capture-warnings.html
2025-01-10T07:26:23.2620070Z 
2025-01-10T07:26:23.2620200Z ---------- coverage: platform darwin, python 3.12.4-final-0 ----------
2025-01-10T07:26:23.2620490Z Coverage HTML written to dir coverage_html_report
2025-01-10T07:26:23.2620710Z Coverage XML written to file coverage.xml
2025-01-10T07:26:23.2620850Z 
2025-01-10T07:26:23.2620950Z =========================== short test summary info ============================
2025-01-10T07:26:23.2621600Z FAILED tardis/transport/montecarlo/estimators/tests/test_continuum_property_solver.py::test_continuum_estimators - numba.core.errors.TypingError: Failed in nopython mode pipeline (step: nopython frontend)
2025-01-10T07:26:23.2622280Z Internal error at <numba.core.typeinfer.CallConstraint object at 0x15cba2cc0>.
2025-01-10T07:26:23.2622650Z [1m[1mFailed in nopython mode pipeline (step: native lowering)
2025-01-10T07:26:23.2622910Z [1m[1mCan't index at [1] in [1 x i64]
2025-01-10T07:26:23.2623090Z [1m
2025-01-10T07:26:23.2623280Z File "tardis/opacities/opacity_state.py", line 82:[0m
2025-01-10T07:26:23.2623510Z [1m    def __init__(
2025-01-10T07:26:23.2623650Z         <source elided>
2025-01-10T07:26:23.2624240Z         self.line_list_nu = line_list_nu
2025-01-10T07:26:23.2624480Z [1m        self.tau_sobolev = tau_sobolev
2025-01-10T07:26:23.2624670Z [0m        [1m^[0m[0m
2025-01-10T07:26:23.2624820Z [0m
2025-01-10T07:26:23.2625210Z [0m[1mDuring: lowering "(self).tau_sobolev = tau_sobolev" at /Users/runner/work/tardis/tardis/tardis/opacities/opacity_state.py (82)[0m
2025-01-10T07:26:23.2627680Z [0m[1mDuring: resolving callee type: jitclass.OpacityStateNumba#13597e2a0<electron_density:array(float64, 1d, A),t_electrons:array(float64, 1d, A),line_list_nu:array(float64, 1d, A),tau_sobolev:array(float64, 2d, A),transition_probabilities:array(float64, 2d, A),line2macro_level_upper:array(int64, 1d, A),macro_block_references:array(int64, 1d, A),transition_type:array(int64, 1d, A),destination_level_id:array(int64, 1d, A),transition_line_id:array(int64, 1d, A),bf_threshold_list_nu:array(float64, 1d, A),p_fb_deactivation:array(float64, 2d, A),photo_ion_nu_threshold_mins:array(float64, 1d, A),photo_ion_nu_threshold_maxs:array(float64, 1d, A),photo_ion_block_references:array(int64, 1d, A),chi_bf:array(float64, 2d, A),x_sect:array(float64, 1d, A),phot_nus:array(float64, 1d, A),ff_opacity_factor:array(float64, 1d, A),emissivities:array(float64, 2d, A),photo_ion_activation_idx:array(int64, 1d, A),k_packet_idx:int64>[0m
2025-01-10T07:26:23.2629790Z [0m[1mDuring: typing of call at <string> (3)
2025-01-10T07:26:23.2629990Z [0m
2025-01-10T07:26:23.2630130Z Enable logging at debug level for details.
2025-01-10T07:26:23.2630490Z [1m
2025-01-10T07:26:23.2630650Z File "<string>", line 3:[0m
2025-01-10T07:26:23.2630850Z [1m<source missing, REPL/exec in use?>[0m
2025-01-10T07:26:23.2631420Z FAILED tardis/transport/montecarlo/tests/test_continuum.py::test_montecarlo_continuum - numba.core.errors.TypingError: Failed in nopython mode pipeline (step: nopython frontend)
2025-01-10T07:26:23.2632050Z Internal error at <numba.core.typeinfer.CallConstraint object at 0x15cba2cc0>.
2025-01-10T07:26:23.2632420Z [1m[1mFailed in nopython mode pipeline (step: native lowering)
2025-01-10T07:26:23.2632690Z [1m[1mCan't index at [1] in [1 x i64]
2025-01-10T07:26:23.2632860Z [1m
2025-01-10T07:26:23.2633050Z File "tardis/opacities/opacity_state.py", line 82:[0m
2025-01-10T07:26:23.2633280Z [1m    def __init__(
2025-01-10T07:26:23.2633420Z         <source elided>
2025-01-10T07:26:23.2633570Z         self.line_list_nu = line_list_nu
2025-01-10T07:26:23.2633780Z [1m        self.tau_sobolev = tau_sobolev
2025-01-10T07:26:23.2633980Z [0m        [1m^[0m[0m
2025-01-10T07:26:23.2634130Z [0m
2025-01-10T07:26:23.2634510Z [0m[1mDuring: lowering "(self).tau_sobolev = tau_sobolev" at /Users/runner/work/tardis/tardis/tardis/opacities/opacity_state.py (82)[0m
2025-01-10T07:26:23.2636930Z [0m[1mDuring: resolving callee type: jitclass.OpacityStateNumba#13597e2a0<electron_density:array(float64, 1d, A),t_electrons:array(float64, 1d, A),line_list_nu:array(float64, 1d, A),tau_sobolev:array(float64, 2d, A),transition_probabilities:array(float64, 2d, A),line2macro_level_upper:array(int64, 1d, A),macro_block_references:array(int64, 1d, A),transition_type:array(int64, 1d, A),destination_level_id:array(int64, 1d, A),transition_line_id:array(int64, 1d, A),bf_threshold_list_nu:array(float64, 1d, A),p_fb_deactivation:array(float64, 2d, A),photo_ion_nu_threshold_mins:array(float64, 1d, A),photo_ion_nu_threshold_maxs:array(float64, 1d, A),photo_ion_block_references:array(int64, 1d, A),chi_bf:array(float64, 2d, A),x_sect:array(float64, 1d, A),phot_nus:array(float64, 1d, A),ff_opacity_factor:array(float64, 1d, A),emissivities:array(float64, 2d, A),photo_ion_activation_idx:array(int64, 1d, A),k_packet_idx:int64>[0m
2025-01-10T07:26:23.2638870Z [0m[1mDuring: typing of call at <string> (3)
2025-01-10T07:26:23.2639070Z [0m
2025-01-10T07:26:23.2639200Z Enable logging at debug level for details.
2025-01-10T07:26:23.2639380Z [1m
2025-01-10T07:26:23.2639520Z File "<string>", line 3:[0m
2025-01-10T07:26:23.2639710Z [1m<source missing, REPL/exec in use?>[0m
2025-01-10T07:26:23.2640060Z =============== 2 failed, 1794 deselected, 4 warnings in 50.97s ================
2025-01-10T07:26:24.0744970Z ##[error]Process completed with exit code 1.
2025-01-10T07:26:24.0835730Z Post job cleanup.
2025-01-10T07:26:24.0867030Z Post job cleanup.
2025-01-10T07:26:24.3967030Z Will use pre-installed micromamba at /Users/runner/micromamba-bin/micromamba
2025-01-10T07:26:24.3970510Z Removing micromamba run shell ...
2025-01-10T07:26:24.3972760Z ##[group]Deinitialize micromamba for bash
2025-01-10T07:26:24.3984750Z [command]/Users/runner/micromamba-bin/micromamba shell deinit -s bash -r /Users/runner/micromamba --log-level warning --rc-file /Users/runner/work/_temp/setup-micromamba/.condarc
2025-01-10T07:26:24.4374700Z Resetting RC file "/Users/runner/.bash_profile"
2025-01-10T07:26:24.4375040Z Deleting config for root prefix 
2025-01-10T07:26:24.4375400Z Clearing mamba executable environment variable
2025-01-10T07:26:24.4388360Z Removing the following in your "/Users/runner/.bash_profile" file
2025-01-10T07:26:24.4388860Z # >>> mamba initialize >>>
2025-01-10T07:26:24.4389200Z ...
2025-01-10T07:26:24.4389380Z # <<< mamba initialize <<<
2025-01-10T07:26:24.4430070Z Removing environment tardis from auto-activate bash ...
2025-01-10T07:26:24.4530630Z Post job cleanup.
2025-01-10T07:26:24.4579960Z Post job cleanup.
2025-01-10T07:26:24.5471770Z [command]/opt/homebrew/bin/git version
2025-01-10T07:26:24.5656190Z git version 2.47.1
2025-01-10T07:26:24.5684420Z Copying '/Users/runner/.gitconfig' to '/Users/runner/work/_temp/0dd471f3-16cb-430d-a96d-88bbc6769766/.gitconfig'
2025-01-10T07:26:24.5690880Z Temporarily overriding HOME='/Users/runner/work/_temp/0dd471f3-16cb-430d-a96d-88bbc6769766' before making global git config changes
2025-01-10T07:26:24.5691560Z Adding repository directory to the temporary git global config as a safe directory
2025-01-10T07:26:24.5695800Z [command]/opt/homebrew/bin/git config --global --add safe.directory /Users/runner/work/tardis/tardis/tardis-regression-data
2025-01-10T07:26:24.5822150Z [command]/opt/homebrew/bin/git config --local --name-only --get-regexp core\.sshCommand
2025-01-10T07:26:24.5884620Z [command]/opt/homebrew/bin/git submodule foreach --recursive sh -c "git config --local --name-only --get-regexp 'core\.sshCommand' && git config --local --unset-all 'core.sshCommand' || :"
2025-01-10T07:26:24.6610790Z [command]/opt/homebrew/bin/git config --local --name-only --get-regexp http\.https\:\/\/github\.com\/\.extraheader
2025-01-10T07:26:24.6644230Z http.https://github.com/.extraheader
2025-01-10T07:26:24.6653290Z [command]/opt/homebrew/bin/git config --local --unset-all http.https://github.com/.extraheader
2025-01-10T07:26:24.6694050Z [command]/opt/homebrew/bin/git submodule foreach --recursive sh -c "git config --local --name-only --get-regexp 'http\.https\:\/\/github\.com\/\.extraheader' && git config --local --unset-all 'http.https://github.com/.extraheader' || :"
2025-01-10T07:26:24.7254530Z Post job cleanup.
2025-01-10T07:26:24.8091670Z [command]/opt/homebrew/bin/git version
2025-01-10T07:26:24.8135210Z git version 2.47.1
2025-01-10T07:26:24.8159830Z Copying '/Users/runner/.gitconfig' to '/Users/runner/work/_temp/8a532c0f-b5cf-4ff5-855e-ecc058d409e8/.gitconfig'
2025-01-10T07:26:24.8166370Z Temporarily overriding HOME='/Users/runner/work/_temp/8a532c0f-b5cf-4ff5-855e-ecc058d409e8' before making global git config changes
2025-01-10T07:26:24.8167100Z Adding repository directory to the temporary git global config as a safe directory
2025-01-10T07:26:24.8170890Z [command]/opt/homebrew/bin/git config --global --add safe.directory /Users/runner/work/tardis/tardis
2025-01-10T07:26:24.8225850Z [command]/opt/homebrew/bin/git config --local --name-only --get-regexp core\.sshCommand
2025-01-10T07:26:24.8267950Z [command]/opt/homebrew/bin/git submodule foreach --recursive sh -c "git config --local --name-only --get-regexp 'core\.sshCommand' && git config --local --unset-all 'core.sshCommand' || :"
2025-01-10T07:26:24.8788160Z [command]/opt/homebrew/bin/git config --local --name-only --get-regexp http\.https\:\/\/github\.com\/\.extraheader
2025-01-10T07:26:24.8819370Z http.https://github.com/.extraheader
2025-01-10T07:26:24.8827570Z [command]/opt/homebrew/bin/git config --local --unset-all http.https://github.com/.extraheader
2025-01-10T07:26:24.8874380Z [command]/opt/homebrew/bin/git submodule foreach --recursive sh -c "git config --local --name-only --get-regexp 'http\.https\:\/\/github\.com\/\.extraheader' && git config --local --unset-all 'http.https://github.com/.extraheader' || :"
2025-01-10T07:26:24.9913860Z Cleaning up orphan processes
