2025-01-10T07:23:58.4359974Z Requested labels: ubuntu-latest
2025-01-10T07:23:58.4360343Z Job defined at: tardis-sn/tardis/.github/workflows/tests.yml@refs/pull/2932/merge
2025-01-10T07:23:58.4360449Z Waiting for a runner to pick up this job...
2025-01-10T07:23:58.6415012Z Job is waiting for a hosted runner to come online.
2025-01-10T07:24:20.1623944Z Job is about to start running on the hosted runner: GitHub Actions 2 (hosted)
2025-01-10T07:24:21.4975863Z Current runner version: '2.321.0'
2025-01-10T07:24:21.5000179Z ##[group]Operating System
2025-01-10T07:24:21.5001054Z Ubuntu
2025-01-10T07:24:21.5001551Z 24.04.1
2025-01-10T07:24:21.5002172Z LTS
2025-01-10T07:24:21.5002744Z ##[endgroup]
2025-01-10T07:24:21.5003283Z ##[group]Runner Image
2025-01-10T07:24:21.5003799Z Image: ubuntu-24.04
2025-01-10T07:24:21.5004405Z Version: 20250105.1.0
2025-01-10T07:24:21.5005450Z Included Software: https://github.com/actions/runner-images/blob/ubuntu24/20250105.1/images/ubuntu/Ubuntu2404-Readme.md
2025-01-10T07:24:21.5006788Z Image Release: https://github.com/actions/runner-images/releases/tag/ubuntu24%2F20250105.1
2025-01-10T07:24:21.5007753Z ##[endgroup]
2025-01-10T07:24:21.5008289Z ##[group]Runner Image Provisioner
2025-01-10T07:24:21.5008825Z 2.0.404.1
2025-01-10T07:24:21.5009358Z ##[endgroup]
2025-01-10T07:24:21.5011528Z ##[group]GITHUB_TOKEN Permissions
2025-01-10T07:24:21.5013640Z Actions: read
2025-01-10T07:24:21.5014393Z Attestations: read
2025-01-10T07:24:21.5015057Z Checks: read
2025-01-10T07:24:21.5015567Z Contents: read
2025-01-10T07:24:21.5016016Z Deployments: read
2025-01-10T07:24:21.5016616Z Discussions: read
2025-01-10T07:24:21.5017119Z Issues: read
2025-01-10T07:24:21.5017558Z Metadata: read
2025-01-10T07:24:21.5018145Z Packages: read
2025-01-10T07:24:21.5018634Z Pages: read
2025-01-10T07:24:21.5019068Z PullRequests: read
2025-01-10T07:24:21.5019680Z RepositoryProjects: read
2025-01-10T07:24:21.5020236Z SecurityEvents: read
2025-01-10T07:24:21.5020698Z Statuses: read
2025-01-10T07:24:21.5021274Z ##[endgroup]
2025-01-10T07:24:21.5024227Z Secret source: None
2025-01-10T07:24:21.5024906Z Prepare workflow directory
2025-01-10T07:24:21.5636919Z Prepare all required actions
2025-01-10T07:24:21.5672438Z Getting action download info
2025-01-10T07:24:21.7689570Z Download action repository 'actions/checkout@v4' (SHA:11bd71901bbe5b1630ceea73d27597364c9af683)
2025-01-10T07:24:21.8548615Z Download action repository 'actions/upload-artifact@v4' (SHA:6f51ac03b9356f520e9adb1b1b7802705f340c2b)
2025-01-10T07:24:22.0154983Z Complete job name:  continuum ubuntu-latest 
2025-01-10T07:24:22.0846511Z ##[group]Run actions/checkout@v4
2025-01-10T07:24:22.0847333Z with:
2025-01-10T07:24:22.0847732Z   repository: tardis-sn/tardis
2025-01-10T07:24:22.0848368Z   token: ***
2025-01-10T07:24:22.0848752Z   ssh-strict: true
2025-01-10T07:24:22.0849144Z   ssh-user: git
2025-01-10T07:24:22.0849560Z   persist-credentials: true
2025-01-10T07:24:22.0850021Z   clean: true
2025-01-10T07:24:22.0850422Z   sparse-checkout-cone-mode: true
2025-01-10T07:24:22.0850952Z   fetch-depth: 1
2025-01-10T07:24:22.0851339Z   fetch-tags: false
2025-01-10T07:24:22.0851972Z   show-progress: true
2025-01-10T07:24:22.0852409Z   lfs: false
2025-01-10T07:24:22.0852787Z   submodules: false
2025-01-10T07:24:22.0853203Z   set-safe-directory: true
2025-01-10T07:24:22.0854014Z env:
2025-01-10T07:24:22.0854434Z   CACHE_NUMBER: 0
2025-01-10T07:24:22.0855668Z   PYTEST_FLAGS: --tardis-regression-data=/home/runner/work/tardis/tardis/tardis-regression-data --cov=tardis --cov-report=xml --cov-report=html --cov-append
2025-01-10T07:24:22.0856989Z   CODECOV_TOKEN: 
2025-01-10T07:24:22.0857382Z ##[endgroup]
2025-01-10T07:24:22.2685116Z Syncing repository: tardis-sn/tardis
2025-01-10T07:24:22.2687099Z ##[group]Getting Git version info
2025-01-10T07:24:22.2687778Z Working directory is '/home/runner/work/tardis/tardis'
2025-01-10T07:24:22.2688694Z [command]/usr/bin/git version
2025-01-10T07:24:22.2735245Z git version 2.47.1
2025-01-10T07:24:22.2762554Z ##[endgroup]
2025-01-10T07:24:22.2775812Z Temporarily overriding HOME='/home/runner/work/_temp/e43cba46-4a81-4ab4-9c2a-10cc5902f842' before making global git config changes
2025-01-10T07:24:22.2777227Z Adding repository directory to the temporary git global config as a safe directory
2025-01-10T07:24:22.2780687Z [command]/usr/bin/git config --global --add safe.directory /home/runner/work/tardis/tardis
2025-01-10T07:24:22.2814442Z Deleting the contents of '/home/runner/work/tardis/tardis'
2025-01-10T07:24:22.2818233Z ##[group]Initializing the repository
2025-01-10T07:24:22.2822030Z [command]/usr/bin/git init /home/runner/work/tardis/tardis
2025-01-10T07:24:22.2891287Z hint: Using 'master' as the name for the initial branch. This default branch name
2025-01-10T07:24:22.2892672Z hint: is subject to change. To configure the initial branch name to use in all
2025-01-10T07:24:22.2893743Z hint: of your new repositories, which will suppress this warning, call:
2025-01-10T07:24:22.2894534Z hint:
2025-01-10T07:24:22.2895068Z hint: 	git config --global init.defaultBranch <name>
2025-01-10T07:24:22.2895824Z hint:
2025-01-10T07:24:22.2896822Z hint: Names commonly chosen instead of 'master' are 'main', 'trunk' and
2025-01-10T07:24:22.2898000Z hint: 'development'. The just-created branch can be renamed via this command:
2025-01-10T07:24:22.2898835Z hint:
2025-01-10T07:24:22.2899271Z hint: 	git branch -m <name>
2025-01-10T07:24:22.2900099Z Initialized empty Git repository in /home/runner/work/tardis/tardis/.git/
2025-01-10T07:24:22.2907631Z [command]/usr/bin/git remote add origin https://github.com/tardis-sn/tardis
2025-01-10T07:24:22.2940238Z ##[endgroup]
2025-01-10T07:24:22.2940968Z ##[group]Disabling automatic garbage collection
2025-01-10T07:24:22.2944633Z [command]/usr/bin/git config --local gc.auto 0
2025-01-10T07:24:22.2972042Z ##[endgroup]
2025-01-10T07:24:22.2972738Z ##[group]Setting up auth
2025-01-10T07:24:22.2978988Z [command]/usr/bin/git config --local --name-only --get-regexp core\.sshCommand
2025-01-10T07:24:22.3008369Z [command]/usr/bin/git submodule foreach --recursive sh -c "git config --local --name-only --get-regexp 'core\.sshCommand' && git config --local --unset-all 'core.sshCommand' || :"
2025-01-10T07:24:22.3357963Z [command]/usr/bin/git config --local --name-only --get-regexp http\.https\:\/\/github\.com\/\.extraheader
2025-01-10T07:24:22.3388082Z [command]/usr/bin/git submodule foreach --recursive sh -c "git config --local --name-only --get-regexp 'http\.https\:\/\/github\.com\/\.extraheader' && git config --local --unset-all 'http.https://github.com/.extraheader' || :"
2025-01-10T07:24:22.3611351Z [command]/usr/bin/git config --local http.https://github.com/.extraheader AUTHORIZATION: basic ***
2025-01-10T07:24:22.3650756Z ##[endgroup]
2025-01-10T07:24:22.3652462Z ##[group]Fetching the repository
2025-01-10T07:24:22.3661236Z [command]/usr/bin/git -c protocol.version=2 fetch --no-tags --prune --no-recurse-submodules --depth=1 origin +d04fa04f148367ed952b04f17e05d8c3092ae210:refs/remotes/pull/2932/merge
2025-01-10T07:24:23.4733917Z From https://github.com/tardis-sn/tardis
2025-01-10T07:24:23.4736698Z  * [new ref]         d04fa04f148367ed952b04f17e05d8c3092ae210 -> pull/2932/merge
2025-01-10T07:24:23.4759100Z ##[endgroup]
2025-01-10T07:24:23.4760256Z ##[group]Determining the checkout info
2025-01-10T07:24:23.4762062Z ##[endgroup]
2025-01-10T07:24:23.4766756Z [command]/usr/bin/git sparse-checkout disable
2025-01-10T07:24:23.4807492Z [command]/usr/bin/git config --local --unset-all extensions.worktreeConfig
2025-01-10T07:24:23.4834649Z ##[group]Checking out the ref
2025-01-10T07:24:23.4837674Z [command]/usr/bin/git checkout --progress --force refs/remotes/pull/2932/merge
2025-01-10T07:24:23.6820885Z Note: switching to 'refs/remotes/pull/2932/merge'.
2025-01-10T07:24:23.6823685Z 
2025-01-10T07:24:23.6824639Z You are in 'detached HEAD' state. You can look around, make experimental
2025-01-10T07:24:23.6827010Z changes and commit them, and you can discard any commits you make in this
2025-01-10T07:24:23.6829418Z state without impacting any branches by switching back to a branch.
2025-01-10T07:24:23.6830804Z 
2025-01-10T07:24:23.6831715Z If you want to create a new branch to retain commits you create, you may
2025-01-10T07:24:23.6834177Z do so (now or later) by using -c with the switch command. Example:
2025-01-10T07:24:23.6835444Z 
2025-01-10T07:24:23.6836004Z   git switch -c <new-branch-name>
2025-01-10T07:24:23.6836946Z 
2025-01-10T07:24:23.6837501Z Or undo this operation with:
2025-01-10T07:24:23.6838394Z 
2025-01-10T07:24:23.6839430Z   git switch -
2025-01-10T07:24:23.6840168Z 
2025-01-10T07:24:23.6841275Z Turn off this advice by setting config variable advice.detachedHead to false
2025-01-10T07:24:23.6843013Z 
2025-01-10T07:24:23.6844754Z HEAD is now at d04fa04 Merge 0f50ffde96459a5e00b41c380e37bc41646cc55d into 0fc2c76326b8122f88ddaf369f17a637bbe37c63
2025-01-10T07:24:23.6850783Z ##[endgroup]
2025-01-10T07:24:23.6889000Z [command]/usr/bin/git log -1 --format=%H
2025-01-10T07:24:23.6998721Z d04fa04f148367ed952b04f17e05d8c3092ae210
2025-01-10T07:24:23.7235204Z Prepare all required actions
2025-01-10T07:24:23.7236206Z Getting action download info
2025-01-10T07:24:23.8661485Z Download action repository 'actions/cache@v4' (SHA:1bd1e32a3bdc45362d1e726936510720a7c30a57)
2025-01-10T07:24:24.0036915Z ##[group]Run ./.github/actions/setup_lfs
2025-01-10T07:24:24.0037664Z with:
2025-01-10T07:24:24.0038378Z   regression-data-repo: tardis-sn/tardis-regression-data
2025-01-10T07:24:24.0039142Z env:
2025-01-10T07:24:24.0039780Z   CACHE_NUMBER: 0
2025-01-10T07:24:24.0040956Z   PYTEST_FLAGS: --tardis-regression-data=/home/runner/work/tardis/tardis/tardis-regression-data --cov=tardis --cov-report=xml --cov-report=html --cov-append
2025-01-10T07:24:24.0042299Z   CODECOV_TOKEN: 
2025-01-10T07:24:24.0042916Z ##[endgroup]
2025-01-10T07:24:24.0203058Z ##[group]Run actions/checkout@v4
2025-01-10T07:24:24.0203767Z with:
2025-01-10T07:24:24.0204423Z   repository: tardis-sn/tardis-regression-data
2025-01-10T07:24:24.0205180Z   path: tardis-regression-data
2025-01-10T07:24:24.0206076Z   token: ***
2025-01-10T07:24:24.0206703Z   ssh-strict: true
2025-01-10T07:24:24.0207322Z   ssh-user: git
2025-01-10T07:24:24.0207951Z   persist-credentials: true
2025-01-10T07:24:24.0208611Z   clean: true
2025-01-10T07:24:24.0209259Z   sparse-checkout-cone-mode: true
2025-01-10T07:24:24.0209950Z   fetch-depth: 1
2025-01-10T07:24:24.0210569Z   fetch-tags: false
2025-01-10T07:24:24.0211236Z   show-progress: true
2025-01-10T07:24:24.0211992Z   lfs: false
2025-01-10T07:24:24.0212643Z   submodules: false
2025-01-10T07:24:24.0213294Z   set-safe-directory: true
2025-01-10T07:24:24.0213944Z env:
2025-01-10T07:24:24.0214526Z   CACHE_NUMBER: 0
2025-01-10T07:24:24.0215676Z   PYTEST_FLAGS: --tardis-regression-data=/home/runner/work/tardis/tardis/tardis-regression-data --cov=tardis --cov-report=xml --cov-report=html --cov-append
2025-01-10T07:24:24.0216855Z   CODECOV_TOKEN: 
2025-01-10T07:24:24.0217474Z ##[endgroup]
2025-01-10T07:24:24.1141690Z Syncing repository: tardis-sn/tardis-regression-data
2025-01-10T07:24:24.1149104Z ##[group]Getting Git version info
2025-01-10T07:24:24.1150120Z Working directory is '/home/runner/work/tardis/tardis/tardis-regression-data'
2025-01-10T07:24:24.1188726Z [command]/usr/bin/git version
2025-01-10T07:24:24.1231395Z git version 2.47.1
2025-01-10T07:24:24.1256574Z ##[endgroup]
2025-01-10T07:24:24.1268526Z Temporarily overriding HOME='/home/runner/work/_temp/c3acfeee-d3f4-4386-9dc1-942bb625b208' before making global git config changes
2025-01-10T07:24:24.1270143Z Adding repository directory to the temporary git global config as a safe directory
2025-01-10T07:24:24.1273835Z [command]/usr/bin/git config --global --add safe.directory /home/runner/work/tardis/tardis/tardis-regression-data
2025-01-10T07:24:24.1304375Z ##[group]Initializing the repository
2025-01-10T07:24:24.1309071Z [command]/usr/bin/git init /home/runner/work/tardis/tardis/tardis-regression-data
2025-01-10T07:24:24.1345261Z hint: Using 'master' as the name for the initial branch. This default branch name
2025-01-10T07:24:24.1347078Z hint: is subject to change. To configure the initial branch name to use in all
2025-01-10T07:24:24.1348738Z hint: of your new repositories, which will suppress this warning, call:
2025-01-10T07:24:24.1350175Z hint:
2025-01-10T07:24:24.1351350Z hint: 	git config --global init.defaultBranch <name>
2025-01-10T07:24:24.1352882Z hint:
2025-01-10T07:24:24.1354163Z hint: Names commonly chosen instead of 'master' are 'main', 'trunk' and
2025-01-10T07:24:24.1355825Z hint: 'development'. The just-created branch can be renamed via this command:
2025-01-10T07:24:24.1357639Z hint:
2025-01-10T07:24:24.1358715Z hint: 	git branch -m <name>
2025-01-10T07:24:24.1360364Z Initialized empty Git repository in /home/runner/work/tardis/tardis/tardis-regression-data/.git/
2025-01-10T07:24:24.1363831Z [command]/usr/bin/git remote add origin https://github.com/tardis-sn/tardis-regression-data
2025-01-10T07:24:24.1391303Z ##[endgroup]
2025-01-10T07:24:24.1393283Z ##[group]Disabling automatic garbage collection
2025-01-10T07:24:24.1396859Z [command]/usr/bin/git config --local gc.auto 0
2025-01-10T07:24:24.1426167Z ##[endgroup]
2025-01-10T07:24:24.1427918Z ##[group]Setting up auth
2025-01-10T07:24:24.1432984Z [command]/usr/bin/git config --local --name-only --get-regexp core\.sshCommand
2025-01-10T07:24:24.1462805Z [command]/usr/bin/git submodule foreach --recursive sh -c "git config --local --name-only --get-regexp 'core\.sshCommand' && git config --local --unset-all 'core.sshCommand' || :"
2025-01-10T07:24:24.1687494Z [command]/usr/bin/git config --local --name-only --get-regexp http\.https\:\/\/github\.com\/\.extraheader
2025-01-10T07:24:24.1719791Z [command]/usr/bin/git submodule foreach --recursive sh -c "git config --local --name-only --get-regexp 'http\.https\:\/\/github\.com\/\.extraheader' && git config --local --unset-all 'http.https://github.com/.extraheader' || :"
2025-01-10T07:24:24.1948274Z [command]/usr/bin/git config --local http.https://github.com/.extraheader AUTHORIZATION: basic ***
2025-01-10T07:24:24.1985799Z ##[endgroup]
2025-01-10T07:24:24.1986892Z ##[group]Determining the default branch
2025-01-10T07:24:24.1988886Z Retrieving the default branch name
2025-01-10T07:24:24.3729407Z Default branch 'main'
2025-01-10T07:24:24.3730953Z ##[endgroup]
2025-01-10T07:24:24.3735021Z ##[group]Fetching the repository
2025-01-10T07:24:24.3738949Z [command]/usr/bin/git -c protocol.version=2 fetch --no-tags --prune --no-recurse-submodules --depth=1 origin +refs/heads/main:refs/remotes/origin/main
2025-01-10T07:24:24.6226291Z From https://github.com/tardis-sn/tardis-regression-data
2025-01-10T07:24:24.6249892Z  * [new branch]      main       -> origin/main
2025-01-10T07:24:24.6250920Z ##[endgroup]
2025-01-10T07:24:24.6251334Z ##[group]Determining the checkout info
2025-01-10T07:24:24.6253192Z ##[endgroup]
2025-01-10T07:24:24.6258597Z [command]/usr/bin/git sparse-checkout disable
2025-01-10T07:24:24.6294411Z [command]/usr/bin/git config --local --unset-all extensions.worktreeConfig
2025-01-10T07:24:24.6320758Z ##[group]Checking out the ref
2025-01-10T07:24:24.6325105Z [command]/usr/bin/git checkout --progress --force -B main refs/remotes/origin/main
2025-01-10T07:24:24.7344668Z Switched to a new branch 'main'
2025-01-10T07:24:24.7346505Z branch 'main' set up to track 'origin/main'.
2025-01-10T07:24:24.7604879Z ##[endgroup]
2025-01-10T07:24:24.7643303Z [command]/usr/bin/git log -1 --format=%H
2025-01-10T07:24:24.7666456Z 666ab8501c2b2aea30d05b8822e7ddbfca078d23
2025-01-10T07:24:24.7797223Z ##[group]Run git lfs ls-files -l | cut -d' ' -f1 | sort > .lfs-assets-id
2025-01-10T07:24:24.7797777Z [36;1mgit lfs ls-files -l | cut -d' ' -f1 | sort > .lfs-assets-id[0m
2025-01-10T07:24:24.7828445Z shell: /usr/bin/bash --noprofile --norc -e -o pipefail {0}
2025-01-10T07:24:24.7828780Z env:
2025-01-10T07:24:24.7828954Z   CACHE_NUMBER: 0
2025-01-10T07:24:24.7829563Z   PYTEST_FLAGS: --tardis-regression-data=/home/runner/work/tardis/tardis/tardis-regression-data --cov=tardis --cov-report=xml --cov-report=html --cov-append
2025-01-10T07:24:24.7830243Z   CODECOV_TOKEN: 
2025-01-10T07:24:24.7830422Z ##[endgroup]
2025-01-10T07:24:24.9289678Z ##[group]Run actions/cache/restore@v4
2025-01-10T07:24:24.9289976Z with:
2025-01-10T07:24:24.9290184Z   path: tardis-regression-data/.git/lfs
2025-01-10T07:24:24.9290665Z   key: Linux-lfs-21f9fa4b6817cc69b9fae3598144724da7828e276a73bd17f47a2a49d9af090a-v1
2025-01-10T07:24:24.9291139Z   enableCrossOsArchive: false
2025-01-10T07:24:24.9291394Z   fail-on-cache-miss: false
2025-01-10T07:24:24.9292394Z   lookup-only: false
2025-01-10T07:24:24.9292608Z env:
2025-01-10T07:24:24.9292786Z   CACHE_NUMBER: 0
2025-01-10T07:24:24.9293447Z   PYTEST_FLAGS: --tardis-regression-data=/home/runner/work/tardis/tardis/tardis-regression-data --cov=tardis --cov-report=xml --cov-report=html --cov-append
2025-01-10T07:24:24.9294160Z   CODECOV_TOKEN: 
2025-01-10T07:24:24.9294358Z ##[endgroup]
2025-01-10T07:24:26.2021202Z Received 314572800 of 1708418946 (18.4%), 298.8 MBs/sec
2025-01-10T07:24:27.2035462Z Received 734003200 of 1708418946 (43.0%), 349.1 MBs/sec
2025-01-10T07:24:28.2020885Z Received 1174405120 of 1708418946 (68.7%), 372.7 MBs/sec
2025-01-10T07:24:29.2020307Z Received 1568669696 of 1708418946 (91.8%), 373.5 MBs/sec
2025-01-10T07:24:29.5734183Z Cache Size: ~1629 MB (1708418946 B)
2025-01-10T07:24:29.5773445Z [command]/usr/bin/tar -xf /home/runner/work/_temp/6273616a-7be3-40fc-bdaa-6f9ffd7bae3e/cache.tzst -P -C /home/runner/work/tardis/tardis --use-compress-program unzstd
2025-01-10T07:24:30.2018590Z Received 1708418946 of 1708418946 (100.0%), 325.5 MBs/sec
2025-01-10T07:24:35.8951960Z Cache restored successfully
2025-01-10T07:24:36.2822012Z Cache restored from key: Linux-lfs-21f9fa4b6817cc69b9fae3598144724da7828e276a73bd17f47a2a49d9af090a-v1
2025-01-10T07:24:36.3027347Z ##[group]Run git lfs checkout
2025-01-10T07:24:36.3027595Z [36;1mgit lfs checkout[0m
2025-01-10T07:24:36.3055841Z shell: /usr/bin/bash --noprofile --norc -e -o pipefail {0}
2025-01-10T07:24:36.3056159Z env:
2025-01-10T07:24:36.3056332Z   CACHE_NUMBER: 0
2025-01-10T07:24:36.3056969Z   PYTEST_FLAGS: --tardis-regression-data=/home/runner/work/tardis/tardis/tardis-regression-data --cov=tardis --cov-report=xml --cov-report=html --cov-append
2025-01-10T07:24:36.3057631Z   CODECOV_TOKEN: 
2025-01-10T07:24:36.3057812Z ##[endgroup]
2025-01-10T07:24:49.8307110Z Checking out LFS objects: 100% (204/204), 3.5 GB | 278 MB/s, done.
2025-01-10T07:24:51.6407104Z Prepare all required actions
2025-01-10T07:24:51.6407453Z Getting action download info
2025-01-10T07:24:51.7401673Z Download action repository 'mamba-org/setup-micromamba@v1' (SHA:4b9113af4fba0e9e1124b252dd6497a419e7396d)
2025-01-10T07:24:51.9427797Z ##[group]Run ./.github/actions/setup_env
2025-01-10T07:24:51.9428070Z with:
2025-01-10T07:24:51.9428256Z   os-label: linux-64
2025-01-10T07:24:51.9428443Z env:
2025-01-10T07:24:51.9428596Z   CACHE_NUMBER: 0
2025-01-10T07:24:51.9429201Z   PYTEST_FLAGS: --tardis-regression-data=/home/runner/work/tardis/tardis/tardis-regression-data --cov=tardis --cov-report=xml --cov-report=html --cov-append
2025-01-10T07:24:51.9429845Z   CODECOV_TOKEN: 
2025-01-10T07:24:51.9430025Z ##[endgroup]
2025-01-10T07:24:51.9450966Z ##[group]Run file_hash=$(cat conda-linux-64.lock | shasum -a 256 | cut -d' ' -f1)
2025-01-10T07:24:51.9451453Z [36;1mfile_hash=$(cat conda-linux-64.lock | shasum -a 256 | cut -d' ' -f1)[0m
2025-01-10T07:24:51.9452148Z [36;1mecho "file_hash=$file_hash" >> "${GITHUB_OUTPUT}"[0m
2025-01-10T07:24:51.9478208Z shell: /usr/bin/bash --noprofile --norc -e -o pipefail {0}
2025-01-10T07:24:51.9478532Z env:
2025-01-10T07:24:51.9478698Z   CACHE_NUMBER: 0
2025-01-10T07:24:51.9479293Z   PYTEST_FLAGS: --tardis-regression-data=/home/runner/work/tardis/tardis/tardis-regression-data --cov=tardis --cov-report=xml --cov-report=html --cov-append
2025-01-10T07:24:51.9479949Z   CODECOV_TOKEN: 
2025-01-10T07:24:51.9480131Z ##[endgroup]
2025-01-10T07:24:51.9769452Z ##[group]Run mamba-org/setup-micromamba@v1
2025-01-10T07:24:51.9769713Z with:
2025-01-10T07:24:51.9769899Z   environment-file: conda-linux-64.lock
2025-01-10T07:24:51.9770315Z   cache-environment-key: d7cd390425b0fd3cf82649dcc003efba9915fb4928f15d342148c3ccffcbe2ee
2025-01-10T07:24:51.9770877Z   cache-downloads-key: d7cd390425b0fd3cf82649dcc003efba9915fb4928f15d342148c3ccffcbe2ee
2025-01-10T07:24:51.9771269Z   environment-name: tardis
2025-01-10T07:24:51.9771488Z   cache-environment: true
2025-01-10T07:24:51.9771709Z   cache-downloads: true
2025-01-10T07:24:51.9772147Z env:
2025-01-10T07:24:51.9772309Z   CACHE_NUMBER: 0
2025-01-10T07:24:51.9773120Z   PYTEST_FLAGS: --tardis-regression-data=/home/runner/work/tardis/tardis/tardis-regression-data --cov=tardis --cov-report=xml --cov-report=html --cov-append
2025-01-10T07:24:51.9773751Z   CODECOV_TOKEN: 
2025-01-10T07:24:51.9773935Z ##[endgroup]
2025-01-10T07:24:52.1209296Z Will download micromamba to /home/runner/micromamba-bin/micromamba
2025-01-10T07:24:52.1219172Z ##[group]Install micromamba
2025-01-10T07:24:52.3465727Z micromamba installed to /home/runner/micromamba-bin/micromamba
2025-01-10T07:24:52.3466426Z ##[endgroup]
2025-01-10T07:24:52.3467470Z Adding conda-forge to condarc channels ...
2025-01-10T07:24:52.3478304Z ##[group]Initialize micromamba for bash.
2025-01-10T07:24:52.3495479Z [command]/home/runner/micromamba-bin/micromamba shell init -s bash -r /home/runner/micromamba --log-level warning --rc-file /home/runner/work/_temp/setup-micromamba/.condarc
2025-01-10T07:24:52.3602623Z Modifying RC file "/home/runner/.bashrc"
2025-01-10T07:24:52.3603675Z Generating config for root prefix [1m"/home/runner/micromamba"[0m
2025-01-10T07:24:52.3604425Z Setting mamba executable to: [1m"/home/runner/micromamba-bin/micromamba"[0m
2025-01-10T07:24:52.3605062Z Adding (or replacing) the following in your "/home/runner/.bashrc" file
2025-01-10T07:24:52.3605375Z 
2025-01-10T07:24:52.3605468Z # >>> mamba initialize >>>
2025-01-10T07:24:52.3605774Z # !! Contents within this block are managed by 'mamba init' !!
2025-01-10T07:24:52.3606190Z export MAMBA_EXE='/home/runner/micromamba-bin/micromamba';
2025-01-10T07:24:52.3606567Z export MAMBA_ROOT_PREFIX='/home/runner/micromamba';
2025-01-10T07:24:52.3607074Z __mamba_setup="$("$MAMBA_EXE" shell hook --shell bash --root-prefix "$MAMBA_ROOT_PREFIX" 2> /dev/null)"
2025-01-10T07:24:52.3607565Z if [ $? -eq 0 ]; then
2025-01-10T07:24:52.3607794Z     eval "$__mamba_setup"
2025-01-10T07:24:52.3608015Z else
2025-01-10T07:24:52.3608576Z     alias micromamba="$MAMBA_EXE"  # Fallback on help from mamba activate
2025-01-10T07:24:52.3608977Z fi
2025-01-10T07:24:52.3609178Z unset __mamba_setup
2025-01-10T07:24:52.3609419Z # <<< mamba initialize <<<
2025-01-10T07:24:52.3609580Z 
2025-01-10T07:24:52.3620870Z Moving mamba initialize block to .bash_profile
2025-01-10T07:24:52.3632498Z ##[endgroup]
2025-01-10T07:24:52.3633581Z ##[group]Restoring downloads from `/home/runner/micromamba/pkgs` ...
2025-01-10T07:24:53.4445197Z Received 344217321 of 356800233 (96.5%), 327.9 MBs/sec
2025-01-10T07:24:53.5102721Z Cache Size: ~340 MB (356800233 B)
2025-01-10T07:24:53.5140284Z [command]/usr/bin/tar -xf /home/runner/work/_temp/356561ed-7c28-4323-9506-c8aa5eec4c37/cache.tzst -P -C /home/runner/work/tardis/tardis --use-compress-program unzstd
2025-01-10T07:24:53.9912459Z Cache restored successfully
2025-01-10T07:24:54.0637302Z Restored cache with key `d7cd390425b0fd3cf82649dcc003efba9915fb4928f15d342148c3ccffcbe2ee-linux-64`
2025-01-10T07:24:54.0638742Z ##[endgroup]
2025-01-10T07:24:54.0649839Z ##[group]Restoring environment `tardis` from `/home/runner/micromamba/envs/tardis` ...
2025-01-10T07:24:54.4519309Z Received 356800233 of 356800233 (100.0%), 169.5 MBs/sec
2025-01-10T07:24:55.1437197Z Received 385875968 of 444592193 (86.8%), 364.4 MBs/sec
2025-01-10T07:24:55.2644274Z Cache Size: ~424 MB (444592193 B)
2025-01-10T07:24:55.2684882Z [command]/usr/bin/tar -xf /home/runner/work/_temp/ef8fcbaf-df33-4dc3-a230-6098649ec76c/cache.tzst -P -C /home/runner/work/tardis/tardis --use-compress-program unzstd
2025-01-10T07:24:56.1445051Z Received 444592193 of 444592193 (100.0%), 210.8 MBs/sec
2025-01-10T07:25:00.5800022Z Cache restored successfully
2025-01-10T07:25:00.6680389Z Restored cache with key `d7cd390425b0fd3cf82649dcc003efba9915fb4928f15d342148c3ccffcbe2ee-linux-64-tardis-args-4f53cda-root-dcc80ee-bin-[object Promise]-file-d7cd390425b0fd3cf82649dcc003efba9915fb4928f15d342148c3ccffcbe2ee`
2025-01-10T07:25:00.6682233Z ##[endgroup]
2025-01-10T07:25:00.6682541Z Adding environment tardis to auto-activate bash ...
2025-01-10T07:25:00.6693984Z Generating micromamba run shell.
2025-01-10T07:25:00.6705885Z ##[endgroup]
2025-01-10T07:25:00.6710271Z Set environment variables.
2025-01-10T07:25:00.6714297Z ##[group]micromamba info
2025-01-10T07:25:00.6717284Z [command]/home/runner/micromamba-bin/micromamba info -r /home/runner/micromamba -n tardis
2025-01-10T07:25:00.6947285Z 
2025-01-10T07:25:00.6947708Z        libmamba version : 1.5.10
2025-01-10T07:25:00.6948430Z      micromamba version : 1.5.10
2025-01-10T07:25:00.6949510Z            curl version : libcurl/8.10.1 OpenSSL/3.3.2 zlib/1.3.1 zstd/1.5.6 libssh2/1.11.0 nghttp2/1.58.0
2025-01-10T07:25:00.6951007Z      libarchive version : libarchive 3.7.4 zlib/1.2.13 bz2lib/1.0.8 libzstd/1.5.6
2025-01-10T07:25:00.6952277Z        envs directories : /home/runner/micromamba/envs
2025-01-10T07:25:00.6953149Z           package cache : /home/runner/micromamba/pkgs
2025-01-10T07:25:00.6953922Z                           /home/runner/.mamba/pkgs
2025-01-10T07:25:00.6954654Z             environment : tardis
2025-01-10T07:25:00.6955431Z            env location : /home/runner/micromamba/envs/tardis
2025-01-10T07:25:00.6956285Z       user config files : /home/runner/.mambarc
2025-01-10T07:25:00.6957120Z  populated config files : /home/runner/work/_temp/setup-micromamba/.condarc
2025-01-10T07:25:00.6957825Z        virtual packages : __unix=0=0
2025-01-10T07:25:00.6958283Z                           __linux=6.8.0=0
2025-01-10T07:25:00.6958735Z                           __glibc=2.39=0
2025-01-10T07:25:00.6959200Z                           __archspec=1=x86_64_v3
2025-01-10T07:25:00.6959831Z                channels : https://conda.anaconda.org/conda-forge/linux-64
2025-01-10T07:25:00.6960538Z                           https://conda.anaconda.org/conda-forge/noarch
2025-01-10T07:25:00.6961177Z        base environment : /home/runner/micromamba
2025-01-10T07:25:00.6961687Z                platform : linux-64
2025-01-10T07:25:00.6967692Z ##[endgroup]
2025-01-10T07:25:00.6968634Z ##[group]micromamba list
2025-01-10T07:25:00.6969545Z [command]/home/runner/micromamba-bin/micromamba list -r /home/runner/micromamba -n tardis
2025-01-10T07:25:01.0864472Z List of packages in environment: "/home/runner/micromamba/envs/tardis"
2025-01-10T07:25:01.0865004Z 
2025-01-10T07:25:01.0865250Z   Name                           Version              Build                    Channel    
2025-01-10T07:25:01.0866288Z â”€â”€â”€â”€â”€â”€â”€â”€â”€â”€â”€â”€â”€â”€â”€â”€â”€â”€â”€â”€â”€â”€â”€â”€â”€â”€â”€â”€â”€â”€â”€â”€â”€â”€â”€â”€â”€â”€â”€â”€â”€â”€â”€â”€â”€â”€â”€â”€â”€â”€â”€â”€â”€â”€â”€â”€â”€â”€â”€â”€â”€â”€â”€â”€â”€â”€â”€â”€â”€â”€â”€â”€â”€â”€â”€â”€â”€â”€â”€â”€â”€â”€â”€â”€â”€â”€â”€â”€â”€â”€â”€â”€
2025-01-10T07:25:01.0866961Z   _libgcc_mutex                  0.1                  conda_forge              conda-forge
2025-01-10T07:25:01.0867538Z   _openmp_mutex                  4.5                  2_gnu                    conda-forge
2025-01-10T07:25:01.0868107Z   alabaster                      0.7.16               pyhd8ed1ab_0             conda-forge
2025-01-10T07:25:01.0868680Z   anyio                          4.4.0                pyhd8ed1ab_0             conda-forge
2025-01-10T07:25:01.0869280Z   argon2-cffi                    23.1.0               pyhd8ed1ab_0             conda-forge
2025-01-10T07:25:01.0869930Z   argon2-cffi-bindings           21.2.0               py312h98912ed_4          conda-forge
2025-01-10T07:25:01.0870498Z   arrow                          1.3.0                pyhd8ed1ab_0             conda-forge
2025-01-10T07:25:01.0871004Z   astropy                        6.1.1                py312h085067d_0          conda-forge
2025-01-10T07:25:01.0871613Z   astropy-iers-data              0.2024.6.17.0.31.35  pyhd8ed1ab_0             conda-forge
2025-01-10T07:25:01.0872550Z   astropy-sphinx-theme           1.1                  pyhd8ed1ab_0             conda-forge
2025-01-10T07:25:01.0873242Z   asttokens                      2.4.1                pyhd8ed1ab_0             conda-forge
2025-01-10T07:25:01.0873820Z   async-lru                      2.0.4                pyhd8ed1ab_0             conda-forge
2025-01-10T07:25:01.0874373Z   atk-1.0                        2.38.0               h04ea711_2               conda-forge
2025-01-10T07:25:01.0874883Z   attrs                          23.2.0               pyh71513ae_0             conda-forge
2025-01-10T07:25:01.0875732Z   babel                          2.14.0               pyhd8ed1ab_0             conda-forge
2025-01-10T07:25:01.0876289Z   beautifulsoup4                 4.12.3               pyha770c72_0             conda-forge
2025-01-10T07:25:01.0876850Z   bleach                         6.1.0                pyhd8ed1ab_0             conda-forge
2025-01-10T07:25:01.0877307Z   blosc                          1.21.5               hc2324a3_1               conda-forge
2025-01-10T07:25:01.0877663Z   brotli                         1.1.0                hd590300_1               conda-forge
2025-01-10T07:25:01.0878005Z   brotli-bin                     1.1.0                hd590300_1               conda-forge
2025-01-10T07:25:01.0878435Z   brotli-python                  1.1.0                py312h30efb56_1          conda-forge
2025-01-10T07:25:01.0878829Z   bzip2                          1.0.8                hd590300_5               conda-forge
2025-01-10T07:25:01.0879169Z   c-ares                         1.28.1               hd590300_0               conda-forge
2025-01-10T07:25:01.0879512Z   c-blosc2                       2.14.4               hb4ffafa_1               conda-forge
2025-01-10T07:25:01.0879900Z   ca-certificates                2024.6.2             hbcca054_0               conda-forge
2025-01-10T07:25:01.0880304Z   cached-property                1.5.2                hd8ed1ab_1               conda-forge
2025-01-10T07:25:01.0880692Z   cached_property                1.5.2                pyha770c72_1             conda-forge
2025-01-10T07:25:01.0881062Z   cairo                          1.18.0               h3faef2a_0               conda-forge
2025-01-10T07:25:01.0881429Z   certifi                        2024.6.2             pyhd8ed1ab_0             conda-forge
2025-01-10T07:25:01.0882161Z   cffi                           1.16.0               py312hf06ca03_0          conda-forge
2025-01-10T07:25:01.0882574Z   charset-normalizer             3.3.2                pyhd8ed1ab_0             conda-forge
2025-01-10T07:25:01.0882956Z   click                          8.1.7                unix_pyh707e725_0        conda-forge
2025-01-10T07:25:01.0883301Z   codespell                      2.3.0                pyhd8ed1ab_0             conda-forge
2025-01-10T07:25:01.0883654Z   colorama                       0.4.6                pyhd8ed1ab_0             conda-forge
2025-01-10T07:25:01.0883985Z   comm                           0.2.2                pyhd8ed1ab_0             conda-forge
2025-01-10T07:25:01.0884322Z   commonmark                     0.9.1                py_0                     conda-forge
2025-01-10T07:25:01.0884679Z   contourpy                      1.2.1                py312h8572e83_0          conda-forge
2025-01-10T07:25:01.0885024Z   coverage                       7.5.3                py312h9a8786e_0          conda-forge
2025-01-10T07:25:01.0885370Z   cycler                         0.12.1               pyhd8ed1ab_0             conda-forge
2025-01-10T07:25:01.0885722Z   dataclasses                    0.8                  pyhc8e2a94_3             conda-forge
2025-01-10T07:25:01.0886069Z   debugpy                        1.8.1                py312h30efb56_0          conda-forge
2025-01-10T07:25:01.0886417Z   decorator                      5.1.1                pyhd8ed1ab_0             conda-forge
2025-01-10T07:25:01.0886776Z   defusedxml                     0.7.1                pyhd8ed1ab_0             conda-forge
2025-01-10T07:25:01.0887129Z   docutils                       0.20.1               py312h7900ff3_3          conda-forge
2025-01-10T07:25:01.0887476Z   dot2tex                        2.11.3               pyhd8ed1ab_0             conda-forge
2025-01-10T07:25:01.0887833Z   entrypoints                    0.4                  pyhd8ed1ab_0             conda-forge
2025-01-10T07:25:01.0888211Z   exceptiongroup                 1.2.0                pyhd8ed1ab_2             conda-forge
2025-01-10T07:25:01.0888590Z   executing                      2.0.1                pyhd8ed1ab_0             conda-forge
2025-01-10T07:25:01.0889055Z   expat                          2.6.2                h59595ed_0               conda-forge
2025-01-10T07:25:01.0889447Z   font-ttf-dejavu-sans-mono      2.37                 hab24e00_0               conda-forge
2025-01-10T07:25:01.0889912Z   font-ttf-inconsolata           3.000                h77eed37_0               conda-forge
2025-01-10T07:25:01.0890361Z   font-ttf-source-code-pro       2.038                h77eed37_0               conda-forge
2025-01-10T07:25:01.0890772Z   font-ttf-ubuntu                0.83                 h77eed37_2               conda-forge
2025-01-10T07:25:01.0891149Z   fontconfig                     2.14.2               h14ed4e7_0               conda-forge
2025-01-10T07:25:01.0891540Z   fonts-conda-ecosystem          1                    0                        conda-forge
2025-01-10T07:25:01.0892121Z   fonts-conda-forge              1                    0                        conda-forge
2025-01-10T07:25:01.0892496Z   fonttools                      4.53.0               py312h9a8786e_0          conda-forge
2025-01-10T07:25:01.0892840Z   fqdn                           1.5.1                pyhd8ed1ab_0             conda-forge
2025-01-10T07:25:01.0893177Z   freetype                       2.12.1               h267a509_2               conda-forge
2025-01-10T07:25:01.0893533Z   fribidi                        1.0.10               h36c2ea0_0               conda-forge
2025-01-10T07:25:01.0893996Z   future                         1.0.0                pyhd8ed1ab_0             conda-forge
2025-01-10T07:25:01.0894475Z   gdk-pixbuf                     2.42.12              hb9ae30d_0               conda-forge
2025-01-10T07:25:01.0895061Z   giflib                         5.2.2                hd590300_0               conda-forge
2025-01-10T07:25:01.0895626Z   git-lfs                        3.5.1                ha770c72_0               conda-forge
2025-01-10T07:25:01.0896042Z   gmp                            6.3.0                h59595ed_1               conda-forge
2025-01-10T07:25:01.0896573Z   gmpy2                          2.1.5                py312h1d5cde6_1          conda-forge
2025-01-10T07:25:01.0897010Z   graphite2                      1.3.13               h59595ed_1003            conda-forge
2025-01-10T07:25:01.0897495Z   graphviz                       11.0.0               hc68bbd7_0               conda-forge
2025-01-10T07:25:01.0897956Z   gtk2                           2.24.33              h280cfa0_4               conda-forge
2025-01-10T07:25:01.0898389Z   gts                            0.7.6                h977cf35_4               conda-forge
2025-01-10T07:25:01.0898872Z   h11                            0.14.0               pyhd8ed1ab_0             conda-forge
2025-01-10T07:25:01.0968263Z   h2                             4.1.0                pyhd8ed1ab_0             conda-forge
2025-01-10T07:25:01.0968838Z   h5py                           3.11.0               nompi_py312hb7ab980_102  conda-forge
2025-01-10T07:25:01.0969388Z   harfbuzz                       8.5.0                hfac3d4d_0               conda-forge
2025-01-10T07:25:01.0970009Z   hdf5                           1.14.3               nompi_hdf9ad27_105       conda-forge
2025-01-10T07:25:01.0970567Z   hpack                          4.0.0                pyh9f0ad1d_0             conda-forge
2025-01-10T07:25:01.0971119Z   httpcore                       1.0.5                pyhd8ed1ab_0             conda-forge
2025-01-10T07:25:01.0971630Z   httpx                          0.27.0               pyhd8ed1ab_0             conda-forge
2025-01-10T07:25:01.0972294Z   hyperframe                     6.0.1                pyhd8ed1ab_0             conda-forge
2025-01-10T07:25:01.0972649Z   icu                            73.2                 h59595ed_0               conda-forge
2025-01-10T07:25:01.0972980Z   idna                           3.7                  pyhd8ed1ab_0             conda-forge
2025-01-10T07:25:01.0973327Z   imagesize                      1.4.1                pyhd8ed1ab_0             conda-forge
2025-01-10T07:25:01.0973953Z   importlib-metadata             7.1.0                pyha770c72_0             conda-forge
2025-01-10T07:25:01.0974389Z   importlib_metadata             7.1.0                hd8ed1ab_0               conda-forge
2025-01-10T07:25:01.0974820Z   importlib_resources            6.4.0                pyhd8ed1ab_0             conda-forge
2025-01-10T07:25:01.0975231Z   iniconfig                      2.0.0                pyhd8ed1ab_0             conda-forge
2025-01-10T07:25:01.0975595Z   ipykernel                      6.29.4               pyh3099207_0             conda-forge
2025-01-10T07:25:01.0975957Z   ipython                        8.25.0               pyh707e725_0             conda-forge
2025-01-10T07:25:01.0976346Z   ipython_genutils               0.2.0                pyhd8ed1ab_1             conda-forge
2025-01-10T07:25:01.0976754Z   ipywidgets                     7.8.0                pyhd8ed1ab_0             conda-forge
2025-01-10T07:25:01.0977145Z   isoduration                    20.11.0              pyhd8ed1ab_0             conda-forge
2025-01-10T07:25:01.0977526Z   jedi                           0.19.1               pyhd8ed1ab_0             conda-forge
2025-01-10T07:25:01.0977879Z   jinja2                         3.1.4                pyhd8ed1ab_0             conda-forge
2025-01-10T07:25:01.0978244Z   json5                          0.9.25               pyhd8ed1ab_0             conda-forge
2025-01-10T07:25:01.0978618Z   jsonpointer                    3.0.0                py312h7900ff3_0          conda-forge
2025-01-10T07:25:01.0979007Z   jsonschema                     4.22.0               pyhd8ed1ab_0             conda-forge
2025-01-10T07:25:01.0979459Z   jsonschema-specifications      2023.12.1            pyhd8ed1ab_0             conda-forge
2025-01-10T07:25:01.0980086Z   jsonschema-with-format-nongpl  4.22.0               pyhd8ed1ab_0             conda-forge
2025-01-10T07:25:01.0980541Z   jupyter-lsp                    2.2.5                pyhd8ed1ab_0             conda-forge
2025-01-10T07:25:01.0980938Z   jupyter_client                 8.6.2                pyhd8ed1ab_0             conda-forge
2025-01-10T07:25:01.0981335Z   jupyter_core                   5.7.2                py312h7900ff3_0          conda-forge
2025-01-10T07:25:01.0982098Z   jupyter_events                 0.10.0               pyhd8ed1ab_0             conda-forge
2025-01-10T07:25:01.0982557Z   jupyter_server                 2.14.1               pyhd8ed1ab_0             conda-forge
2025-01-10T07:25:01.0982993Z   jupyter_server_terminals       0.5.3                pyhd8ed1ab_0             conda-forge
2025-01-10T07:25:01.0983420Z   jupyterlab                     4.2.2                pyhd8ed1ab_0             conda-forge
2025-01-10T07:25:01.0983838Z   jupyterlab_pygments            0.3.0                pyhd8ed1ab_1             conda-forge
2025-01-10T07:25:01.0984279Z   jupyterlab_server              2.27.2               pyhd8ed1ab_0             conda-forge
2025-01-10T07:25:01.0984693Z   jupyterlab_widgets             1.1.7                pyhd8ed1ab_0             conda-forge
2025-01-10T07:25:01.0985076Z   keyutils                       1.6.1                h166bdaf_0               conda-forge
2025-01-10T07:25:01.0985442Z   kiwisolver                     1.4.5                py312h8572e83_1          conda-forge
2025-01-10T07:25:01.0985785Z   krb5                           1.21.2               h659d440_0               conda-forge
2025-01-10T07:25:01.0986127Z   latexcodec                     2.0.1                pyh9f0ad1d_0             conda-forge
2025-01-10T07:25:01.0986468Z   lcms2                          2.16                 hb7c19ff_0               conda-forge
2025-01-10T07:25:01.0986806Z   ld_impl_linux-64               2.40                 hf3520f5_7               conda-forge
2025-01-10T07:25:01.0987140Z   lerc                           4.0.0                h27087fc_0               conda-forge
2025-01-10T07:25:01.0987472Z   libaec                         1.1.3                h59595ed_0               conda-forge
2025-01-10T07:25:01.0987957Z   libblas                        3.9.0                22_linux64_openblas      conda-forge
2025-01-10T07:25:01.0988331Z   libbrotlicommon                1.1.0                hd590300_1               conda-forge
2025-01-10T07:25:01.0988712Z   libbrotlidec                   1.1.0                hd590300_1               conda-forge
2025-01-10T07:25:01.0989083Z   libbrotlienc                   1.1.0                hd590300_1               conda-forge
2025-01-10T07:25:01.0989441Z   libcblas                       3.9.0                22_linux64_openblas      conda-forge
2025-01-10T07:25:01.0989778Z   libcurl                        8.8.0                hca28451_0               conda-forge
2025-01-10T07:25:01.0990118Z   libdeflate                     1.20                 hd590300_0               conda-forge
2025-01-10T07:25:01.0990479Z   libedit                        3.1.20191231         he28a2e2_2               conda-forge
2025-01-10T07:25:01.0990820Z   libev                          4.33                 hd590300_2               conda-forge
2025-01-10T07:25:01.0991147Z   libexpat                       2.6.2                h59595ed_0               conda-forge
2025-01-10T07:25:01.0991559Z   libffi                         3.4.2                h7f98852_5               conda-forge
2025-01-10T07:25:01.0992105Z   libgcc-ng                      13.2.0               h77fa898_10              conda-forge
2025-01-10T07:25:01.0992451Z   libgd                          2.3.3                h119a65a_9               conda-forge
2025-01-10T07:25:01.0992804Z   libgfortran-ng                 13.2.0               h69a702a_10              conda-forge
2025-01-10T07:25:01.0993174Z   libgfortran5                   13.2.0               h3d2ce59_10              conda-forge
2025-01-10T07:25:01.0993537Z   libglib                        2.80.2               h8a4344b_1               conda-forge
2025-01-10T07:25:01.0994008Z   libgomp                        13.2.0               h77fa898_10              conda-forge
2025-01-10T07:25:01.0994361Z   libiconv                       1.17                 hd590300_2               conda-forge
2025-01-10T07:25:01.0994715Z   libjpeg-turbo                  3.0.0                hd590300_1               conda-forge
2025-01-10T07:25:01.0995078Z   liblapack                      3.9.0                22_linux64_openblas      conda-forge
2025-01-10T07:25:01.0995429Z   libllvm14                      14.0.6               hcd5def8_4               conda-forge
2025-01-10T07:25:01.0995784Z   libnghttp2                     1.58.0               h47da74e_1               conda-forge
2025-01-10T07:25:01.0996120Z   libnsl                         2.0.1                hd590300_0               conda-forge
2025-01-10T07:25:01.0996482Z   libopenblas                    0.3.27               pthreads_h413a1c8_0      conda-forge
2025-01-10T07:25:01.0996836Z   libpng                         1.6.43               h2797004_0               conda-forge
2025-01-10T07:25:01.0997174Z   librsvg                        2.58.1               hadf69e7_0               conda-forge
2025-01-10T07:25:01.0997519Z   libsodium                      1.0.18               h36c2ea0_1               conda-forge
2025-01-10T07:25:01.0997867Z   libsqlite                      3.46.0               hde9e2c9_0               conda-forge
2025-01-10T07:25:01.0998203Z   libssh2                        1.11.0               h0841786_0               conda-forge
2025-01-10T07:25:01.0998551Z   libstdcxx-ng                   13.2.0               hc0a3c3a_10              conda-forge
2025-01-10T07:25:01.0998903Z   libtiff                        4.6.0                h1dd3fc0_3               conda-forge
2025-01-10T07:25:01.0999232Z   libuuid                        2.38.1               h0b41bf4_0               conda-forge
2025-01-10T07:25:01.0999562Z   libwebp                        1.4.0                h2c329e2_0               conda-forge
2025-01-10T07:25:01.0999912Z   libwebp-base                   1.4.0                hd590300_0               conda-forge
2025-01-10T07:25:01.1000383Z   libxcb                         1.15                 h0b41bf4_0               conda-forge
2025-01-10T07:25:01.1000721Z   libxcrypt                      4.4.36               hd590300_1               conda-forge
2025-01-10T07:25:01.1001065Z   libxml2                        2.12.7               hc051c1a_1               conda-forge
2025-01-10T07:25:01.1001396Z   libxslt                        1.1.39               h76b75d6_0               conda-forge
2025-01-10T07:25:01.1001866Z   libzlib                        1.3.1                h4ab18f5_1               conda-forge
2025-01-10T07:25:01.1002246Z   llvmlite                       0.42.0               py312hb06c811_1          conda-forge
2025-01-10T07:25:01.1002587Z   lxml                           5.2.2                py312hb90d8a5_0          conda-forge
2025-01-10T07:25:01.1002910Z   lz4-c                          1.9.4                hcb278e6_0               conda-forge
2025-01-10T07:25:01.1003217Z   lzo                            2.10                 hd590300_1001            conda-forge
2025-01-10T07:25:01.1003553Z   markupsafe                     2.1.5                py312h98912ed_0          conda-forge
2025-01-10T07:25:01.1003928Z   matplotlib-base                3.8.4                py312h20ab3a6_2          conda-forge
2025-01-10T07:25:01.1004321Z   matplotlib-inline              0.1.7                pyhd8ed1ab_0             conda-forge
2025-01-10T07:25:01.1004691Z   mistune                        3.0.2                pyhd8ed1ab_0             conda-forge
2025-01-10T07:25:01.1005017Z   mpc                            1.3.1                hfe3b2da_0               conda-forge
2025-01-10T07:25:01.1005321Z   mpfr                           4.2.1                h9458935_1               conda-forge
2025-01-10T07:25:01.1005645Z   mpmath                         1.3.0                pyhd8ed1ab_0             conda-forge
2025-01-10T07:25:01.1006102Z   munkres                        1.1.4                pyh9f0ad1d_0             conda-forge
2025-01-10T07:25:01.1006472Z   mypy_extensions                1.0.0                pyha770c72_0             conda-forge
2025-01-10T07:25:01.1006842Z   nbclassic                      1.1.0                pyhd8ed1ab_0             conda-forge
2025-01-10T07:25:01.1007189Z   nbclient                       0.10.0               pyhd8ed1ab_0             conda-forge
2025-01-10T07:25:01.1007947Z   nbconvert                      7.16.4               hd8ed1ab_1               conda-forge
2025-01-10T07:25:01.1008590Z   nbconvert-core                 7.16.4               pyhd8ed1ab_1             conda-forge
2025-01-10T07:25:01.1009268Z   nbconvert-pandoc               7.16.4               hd8ed1ab_1               conda-forge
2025-01-10T07:25:01.1009720Z   nbformat                       5.10.4               pyhd8ed1ab_0             conda-forge
2025-01-10T07:25:01.1010079Z   nbsphinx                       0.9.4                pyhd8ed1ab_0             conda-forge
2025-01-10T07:25:01.1010421Z   ncurses                        6.5                  h59595ed_0               conda-forge
2025-01-10T07:25:01.1010773Z   nest-asyncio                   1.6.0                pyhd8ed1ab_0             conda-forge
2025-01-10T07:25:01.1011129Z   networkx                       3.3                  pyhd8ed1ab_1             conda-forge
2025-01-10T07:25:01.1011454Z   nomkl                          1.0                  h5ca1d4c_0               conda-forge
2025-01-10T07:25:01.1011976Z   notebook                       7.2.1                pyhd8ed1ab_0             conda-forge
2025-01-10T07:25:01.1012375Z   notebook-shim                  0.2.4                pyhd8ed1ab_0             conda-forge
2025-01-10T07:25:01.1012730Z   numba                          0.59.1               py312hacefee8_0          conda-forge
2025-01-10T07:25:01.1013070Z   numexpr                        2.10.0               py312hf412c99_100        conda-forge
2025-01-10T07:25:01.1013408Z   numpy                          1.26.4               py312heda63a1_0          conda-forge
2025-01-10T07:25:01.1013785Z   numpydoc                       1.7.0                pyhd8ed1ab_1             conda-forge
2025-01-10T07:25:01.1014287Z   openjpeg                       2.5.2                h488ebb8_0               conda-forge
2025-01-10T07:25:01.1014627Z   openssl                        3.3.1                h4ab18f5_0               conda-forge
2025-01-10T07:25:01.1014973Z   overrides                      7.7.0                pyhd8ed1ab_0             conda-forge
2025-01-10T07:25:01.1015330Z   packaging                      24.1                 pyhd8ed1ab_0             conda-forge
2025-01-10T07:25:01.1015667Z   pandas                         2.2.2                py312h1d6d2e6_1          conda-forge
2025-01-10T07:25:01.1015988Z   pandoc                         3.2                  ha770c72_0               conda-forge
2025-01-10T07:25:01.1016349Z   pandocfilters                  1.5.0                pyhd8ed1ab_0             conda-forge
2025-01-10T07:25:01.1016704Z   pango                          1.54.0               h84a9a3c_0               conda-forge
2025-01-10T07:25:01.1017040Z   parso                          0.8.4                pyhd8ed1ab_0             conda-forge
2025-01-10T07:25:01.1017384Z   pathspec                       0.12.1               pyhd8ed1ab_0             conda-forge
2025-01-10T07:25:01.1017714Z   pbr                            6.0.0                pyhd8ed1ab_0             conda-forge
2025-01-10T07:25:01.1018032Z   pcre2                          10.44                h0f59acf_0               conda-forge
2025-01-10T07:25:01.1018370Z   pexpect                        4.9.0                pyhd8ed1ab_0             conda-forge
2025-01-10T07:25:01.1018719Z   pickleshare                    0.7.5                py_1003                  conda-forge
2025-01-10T07:25:01.1019067Z   pillow                         10.3.0               py312hdcec9eb_0          conda-forge
2025-01-10T07:25:01.1019537Z   pip                            24.0                 pyhd8ed1ab_0             conda-forge
2025-01-10T07:25:01.1019862Z   pixman                         0.43.2               h59595ed_0               conda-forge
2025-01-10T07:25:01.1020251Z   pkgutil-resolve-name           1.3.10               pyhd8ed1ab_1             conda-forge
2025-01-10T07:25:01.1020651Z   platformdirs                   4.2.2                pyhd8ed1ab_0             conda-forge
2025-01-10T07:25:01.1021008Z   plotly                         5.22.0               pyhd8ed1ab_0             conda-forge
2025-01-10T07:25:01.1021341Z   pluggy                         1.5.0                pyhd8ed1ab_0             conda-forge
2025-01-10T07:25:01.1021717Z   prometheus_client              0.20.0               pyhd8ed1ab_0             conda-forge
2025-01-10T07:25:01.1022353Z   prompt-toolkit                 3.0.47               pyha770c72_0             conda-forge
2025-01-10T07:25:01.1022730Z   psutil                         5.9.8                py312h98912ed_0          conda-forge
2025-01-10T07:25:01.1023088Z   pthread-stubs                  0.4                  h36c2ea0_1001            conda-forge
2025-01-10T07:25:01.1023455Z   ptyprocess                     0.7.0                pyhd3deb0d_0             conda-forge
2025-01-10T07:25:01.1023807Z   pure_eval                      0.2.2                pyhd8ed1ab_0             conda-forge
2025-01-10T07:25:01.1024153Z   py-cpuinfo                     9.0.0                pyhd8ed1ab_0             conda-forge
2025-01-10T07:25:01.1024505Z   pybtex                         0.24.0               pyhd8ed1ab_2             conda-forge
2025-01-10T07:25:01.1024870Z   pybtex-docutils                1.0.3                py312h7900ff3_1          conda-forge
2025-01-10T07:25:01.1025242Z   pycparser                      2.22                 pyhd8ed1ab_0             conda-forge
2025-01-10T07:25:01.1025590Z   pyerfa                         2.0.1.4              py312h085067d_1          conda-forge
2025-01-10T07:25:01.1025935Z   pygments                       2.18.0               pyhd8ed1ab_0             conda-forge
2025-01-10T07:25:01.1026293Z   pygraphviz                     1.13                 py312h4a1d8a7_1          conda-forge
2025-01-10T07:25:01.1026784Z   pyparsing                      3.1.2                pyhd8ed1ab_0             conda-forge
2025-01-10T07:25:01.1027145Z   pysocks                        1.7.1                pyha2e5f31_6             conda-forge
2025-01-10T07:25:01.1027494Z   pytables                       3.9.2                py312h96d95ec_2          conda-forge
2025-01-10T07:25:01.1027840Z   pytest                         8.2.2                pyhd8ed1ab_0             conda-forge
2025-01-10T07:25:01.1028192Z   pytest-cov                     5.0.0                pyhd8ed1ab_0             conda-forge
2025-01-10T07:25:01.1028590Z   pytest-doctestplus             1.2.1                pyhd8ed1ab_0             conda-forge
2025-01-10T07:25:01.1028996Z   pytest-html                    4.1.1                pyhd8ed1ab_0             conda-forge
2025-01-10T07:25:01.1029378Z   pytest-metadata                3.1.1                pyhd8ed1ab_0             conda-forge
2025-01-10T07:25:01.1029749Z   python                         3.12.4               h194c7f8_0_cpython       conda-forge
2025-01-10T07:25:01.1030119Z   python-dateutil                2.9.0                pyhd8ed1ab_0             conda-forge
2025-01-10T07:25:01.1030537Z   python-fastjsonschema          2.20.0               pyhd8ed1ab_0             conda-forge
2025-01-10T07:25:01.1030965Z   python-json-logger             2.0.7                pyhd8ed1ab_0             conda-forge
2025-01-10T07:25:01.1031366Z   python-tzdata                  2024.1               pyhd8ed1ab_0             conda-forge
2025-01-10T07:25:01.1031955Z   python_abi                     3.12                 4_cp312                  conda-forge
2025-01-10T07:25:01.1032342Z   pytz                           2024.1               pyhd8ed1ab_0             conda-forge
2025-01-10T07:25:01.1032892Z   pyyaml                         6.0.1                py312h98912ed_1          conda-forge
2025-01-10T07:25:01.1033246Z   pyzmq                          26.0.3               py312h8fd38d8_0          conda-forge
2025-01-10T07:25:01.1033580Z   qgrid                          1.3.1                pyhd8ed1ab_4             conda-forge
2025-01-10T07:25:01.1033950Z   radioactivedecay               0.5.1                pyhd8ed1ab_0             conda-forge
2025-01-10T07:25:01.1034330Z   readline                       8.2                  h8228510_1               conda-forge
2025-01-10T07:25:01.1034689Z   recommonmark                   0.7.1                pyhd8ed1ab_0             conda-forge
2025-01-10T07:25:01.1035062Z   referencing                    0.35.1               pyhd8ed1ab_0             conda-forge
2025-01-10T07:25:01.1035420Z   requests                       2.32.3               pyhd8ed1ab_0             conda-forge
2025-01-10T07:25:01.1035794Z   rfc3339-validator              0.1.4                pyhd8ed1ab_0             conda-forge
2025-01-10T07:25:01.1036196Z   rfc3986-validator              0.1.1                pyh9f0ad1d_0             conda-forge
2025-01-10T07:25:01.1036571Z   rpds-py                        0.18.1               py312h4413252_0          conda-forge
2025-01-10T07:25:01.1036895Z   ruff                           0.4.9                py312h5715c7c_0          conda-forge
2025-01-10T07:25:01.1037218Z   scipy                          1.13.1               py312hc2bc53b_0          conda-forge
2025-01-10T07:25:01.1037579Z   send2trash                     1.8.3                pyh0d859eb_0             conda-forge
2025-01-10T07:25:01.1037939Z   setuptools                     70.0.0               pyhd8ed1ab_0             conda-forge
2025-01-10T07:25:01.1038310Z   setuptools-scm                 8.1.0                pyhd8ed1ab_0             conda-forge
2025-01-10T07:25:01.1038692Z   setuptools_scm                 8.1.0                hd8ed1ab_0               conda-forge
2025-01-10T07:25:01.1039039Z   six                            1.16.0               pyh6c4a22f_0             conda-forge
2025-01-10T07:25:01.1039364Z   snakeviz                       2.2.0                pyhd8ed1ab_0             conda-forge
2025-01-10T07:25:01.1039824Z   snappy                         1.2.0                hdb0a2a9_1               conda-forge
2025-01-10T07:25:01.1040159Z   sniffio                        1.3.1                pyhd8ed1ab_0             conda-forge
2025-01-10T07:25:01.1040526Z   snowballstemmer                2.2.0                pyhd8ed1ab_0             conda-forge
2025-01-10T07:25:01.1040898Z   soupsieve                      2.5                  pyhd8ed1ab_1             conda-forge
2025-01-10T07:25:01.1041240Z   sphinx                         7.3.7                pyhd8ed1ab_0             conda-forge
2025-01-10T07:25:01.1041603Z   sphinx-astropy                 1.9.1                pyhd8ed1ab_0             conda-forge
2025-01-10T07:25:01.1042203Z   sphinx-automodapi              0.17.0               pyh717bed2_1             conda-forge
2025-01-10T07:25:01.1042606Z   sphinx-gallery                 0.16.0               pyhd8ed1ab_0             conda-forge
2025-01-10T07:25:01.1043017Z   sphinx-jsonschema              1.19.1               pyhd8ed1ab_0             conda-forge
2025-01-10T07:25:01.1043434Z   sphinx_bootstrap_theme         0.8.1                pyhd8ed1ab_0             conda-forge
2025-01-10T07:25:01.1043832Z   sphinx_rtd_theme               2.0.0                pyha770c72_0             conda-forge
2025-01-10T07:25:01.1044230Z   sphinxcontrib-apidoc           0.3.0                py_1                     conda-forge
2025-01-10T07:25:01.1044665Z   sphinxcontrib-applehelp        1.0.8                pyhd8ed1ab_0             conda-forge
2025-01-10T07:25:01.1045104Z   sphinxcontrib-bibtex           2.6.2                pyhd8ed1ab_0             conda-forge
2025-01-10T07:25:01.1045531Z   sphinxcontrib-devhelp          1.0.6                pyhd8ed1ab_0             conda-forge
2025-01-10T07:25:01.1046091Z   sphinxcontrib-htmlhelp         2.0.5                pyhd8ed1ab_0             conda-forge
2025-01-10T07:25:01.1046528Z   sphinxcontrib-jquery           4.1                  pyhd8ed1ab_0             conda-forge
2025-01-10T07:25:01.1046958Z   sphinxcontrib-jsmath           1.0.1                pyhd8ed1ab_0             conda-forge
2025-01-10T07:25:01.1047385Z   sphinxcontrib-qthelp           1.0.7                pyhd8ed1ab_0             conda-forge
2025-01-10T07:25:01.1047851Z   sphinxcontrib-serializinghtml  1.1.10               pyhd8ed1ab_0             conda-forge
2025-01-10T07:25:01.1048281Z   stack_data                     0.6.2                pyhd8ed1ab_0             conda-forge
2025-01-10T07:25:01.1048624Z   sympy                          1.12.1               pypyh2585a3b_103         conda-forge
2025-01-10T07:25:01.1048967Z   tabulate                       0.9.0                pyhd8ed1ab_1             conda-forge
2025-01-10T07:25:01.1049308Z   tenacity                       8.4.1                pyhd8ed1ab_0             conda-forge
2025-01-10T07:25:01.1049661Z   terminado                      0.18.1               pyh0d859eb_0             conda-forge
2025-01-10T07:25:01.1050018Z   tinycss2                       1.3.0                pyhd8ed1ab_0             conda-forge
2025-01-10T07:25:01.1050349Z   tk                             8.6.13               noxft_h4845f30_101       conda-forge
2025-01-10T07:25:01.1050659Z   toml                           0.10.2               pyhd8ed1ab_0             conda-forge
2025-01-10T07:25:01.1050986Z   tomli                          2.0.1                pyhd8ed1ab_0             conda-forge
2025-01-10T07:25:01.1051320Z   tornado                        6.4.1                py312h9a8786e_0          conda-forge
2025-01-10T07:25:01.1051657Z   tqdm                           4.66.4               pyhd8ed1ab_0             conda-forge
2025-01-10T07:25:01.1052211Z   traitlets                      5.14.3               pyhd8ed1ab_0             conda-forge
2025-01-10T07:25:01.1052576Z   typed-ast                      1.5.5                py312h98912ed_1          conda-forge
2025-01-10T07:25:01.1052987Z   types-python-dateutil          2.9.0.20240316       pyhd8ed1ab_0             conda-forge
2025-01-10T07:25:01.1053571Z   typing-extensions              4.12.2               hd8ed1ab_0               conda-forge
2025-01-10T07:25:01.1053982Z   typing_extensions              4.12.2               pyha770c72_0             conda-forge
2025-01-10T07:25:01.1054369Z   typing_utils                   0.1.0                pyhd8ed1ab_0             conda-forge
2025-01-10T07:25:01.1054722Z   tzdata                         2024a                h0c530f3_0               conda-forge
2025-01-10T07:25:01.1055086Z   uri-template                   1.3.0                pyhd8ed1ab_0             conda-forge
2025-01-10T07:25:01.1055444Z   urllib3                        2.2.2                pyhd8ed1ab_0             conda-forge
2025-01-10T07:25:01.1055785Z   wcwidth                        0.2.13               pyhd8ed1ab_0             conda-forge
2025-01-10T07:25:01.1056139Z   webcolors                      24.6.0               pyhd8ed1ab_0             conda-forge
2025-01-10T07:25:01.1056512Z   webencodings                   0.5.1                pyhd8ed1ab_2             conda-forge
2025-01-10T07:25:01.1056900Z   websocket-client               1.8.0                pyhd8ed1ab_0             conda-forge
2025-01-10T07:25:01.1057269Z   wheel                          0.43.0               pyhd8ed1ab_1             conda-forge
2025-01-10T07:25:01.1057647Z   widgetsnbextension             3.6.6                pyhd8ed1ab_0             conda-forge
2025-01-10T07:25:01.1058039Z   xorg-kbproto                   1.0.7                h7f98852_1002            conda-forge
2025-01-10T07:25:01.1058402Z   xorg-libice                    1.1.1                hd590300_0               conda-forge
2025-01-10T07:25:01.1058756Z   xorg-libsm                     1.2.4                h7391055_0               conda-forge
2025-01-10T07:25:01.1059229Z   xorg-libx11                    1.8.9                h8ee46fc_0               conda-forge
2025-01-10T07:25:01.1059595Z   xorg-libxau                    1.0.11               hd590300_0               conda-forge
2025-01-10T07:25:01.1059968Z   xorg-libxdmcp                  1.1.3                h7f98852_0               conda-forge
2025-01-10T07:25:01.1060338Z   xorg-libxext                   1.3.4                h0b41bf4_2               conda-forge
2025-01-10T07:25:01.1060718Z   xorg-libxrender                0.9.11               hd590300_0               conda-forge
2025-01-10T07:25:01.1061112Z   xorg-renderproto               0.11.1               h7f98852_1002            conda-forge
2025-01-10T07:25:01.1061496Z   xorg-xextproto                 7.3.0                h0b41bf4_1003            conda-forge
2025-01-10T07:25:01.1062066Z   xorg-xproto                    7.0.31               h7f98852_1007            conda-forge
2025-01-10T07:25:01.1062406Z   xz                             5.2.6                h166bdaf_0               conda-forge
2025-01-10T07:25:01.1062726Z   yaml                           0.2.5                h7f98852_2               conda-forge
2025-01-10T07:25:01.1063048Z   zeromq                         4.3.5                h75354e8_4               conda-forge
2025-01-10T07:25:01.1063375Z   zipp                           3.19.2               pyhd8ed1ab_0             conda-forge
2025-01-10T07:25:01.1063697Z   zlib                           1.3.1                h4ab18f5_1               conda-forge
2025-01-10T07:25:01.1064014Z   zlib-ng                        2.0.7                h0b41bf4_0               conda-forge
2025-01-10T07:25:01.1064342Z   zstd                           1.5.6                ha6fb4c9_0               conda-forge
2025-01-10T07:25:01.1064864Z ##[endgroup]
2025-01-10T07:25:01.1097879Z ##[group]Run pip install -e . --user
2025-01-10T07:25:01.1098198Z [36;1mpip install -e . --user[0m
2025-01-10T07:25:01.1127766Z shell: /usr/bin/bash -l {0}
2025-01-10T07:25:01.1128022Z env:
2025-01-10T07:25:01.1128203Z   CACHE_NUMBER: 0
2025-01-10T07:25:01.1128846Z   PYTEST_FLAGS: --tardis-regression-data=/home/runner/work/tardis/tardis/tardis-regression-data --cov=tardis --cov-report=xml --cov-report=html --cov-append
2025-01-10T07:25:01.1129672Z   CODECOV_TOKEN: 
2025-01-10T07:25:01.1129895Z   MAMBA_ROOT_PREFIX: /home/runner/micromamba
2025-01-10T07:25:01.1130225Z   MAMBA_EXE: /home/runner/micromamba-bin/micromamba
2025-01-10T07:25:01.1130592Z   CONDARC: /home/runner/work/_temp/setup-micromamba/.condarc
2025-01-10T07:25:01.1130909Z ##[endgroup]
2025-01-10T07:25:01.7826652Z Obtaining file:///home/runner/work/tardis/tardis
2025-01-10T07:25:01.7854445Z   Installing build dependencies: started
2025-01-10T07:25:04.4019288Z   Installing build dependencies: finished with status 'done'
2025-01-10T07:25:04.4026276Z   Checking if build backend supports build_editable: started
2025-01-10T07:25:04.5226327Z   Checking if build backend supports build_editable: finished with status 'done'
2025-01-10T07:25:04.5233315Z   Getting requirements to build editable: started
2025-01-10T07:25:04.9736401Z   Getting requirements to build editable: finished with status 'done'
2025-01-10T07:25:04.9745731Z   Preparing editable metadata (pyproject.toml): started
2025-01-10T07:25:05.4320647Z   Preparing editable metadata (pyproject.toml): finished with status 'done'
2025-01-10T07:25:05.4909525Z Requirement already satisfied: astropy in /home/runner/micromamba/envs/tardis/lib/python3.12/site-packages (from tardis==0.0.0) (6.1.1)
2025-01-10T07:25:05.5305431Z Requirement already satisfied: numpy>=1.23 in /home/runner/micromamba/envs/tardis/lib/python3.12/site-packages (from astropy->tardis==0.0.0) (1.26.4)
2025-01-10T07:25:05.5314882Z Requirement already satisfied: pyerfa>=2.0.1.1 in /home/runner/micromamba/envs/tardis/lib/python3.12/site-packages (from astropy->tardis==0.0.0) (2.0.1.4)
2025-01-10T07:25:05.5325898Z Requirement already satisfied: astropy-iers-data>=0.2024.5.27.0.30.8 in /home/runner/micromamba/envs/tardis/lib/python3.12/site-packages (from astropy->tardis==0.0.0) (0.2024.6.17.0.31.35)
2025-01-10T07:25:05.5335032Z Requirement already satisfied: PyYAML>=3.13 in /home/runner/micromamba/envs/tardis/lib/python3.12/site-packages (from astropy->tardis==0.0.0) (6.0.1)
2025-01-10T07:25:05.5345598Z Requirement already satisfied: packaging>=19.0 in /home/runner/micromamba/envs/tardis/lib/python3.12/site-packages (from astropy->tardis==0.0.0) (24.1)
2025-01-10T07:25:05.5434186Z Building wheels for collected packages: tardis
2025-01-10T07:25:05.5443533Z   Building editable for tardis (pyproject.toml): started
2025-01-10T07:25:06.2865170Z   Building editable for tardis (pyproject.toml): finished with status 'done'
2025-01-10T07:25:06.2871202Z   Created wheel for tardis: filename=tardis-0.0.0-0.editable-py3-none-any.whl size=8878 sha256=16f0d352c33b2a34dd79bfae553e66b4089c074da5ea985c851736061c3eab5d
2025-01-10T07:25:06.2873501Z   Stored in directory: /tmp/pip-ephem-wheel-cache-x309glgl/wheels/6a/c7/ae/89fa6dc2565455898176888ef0e2e475e4e90eb0124afcb995
2025-01-10T07:25:06.2902109Z Successfully built tardis
2025-01-10T07:25:07.0518341Z Installing collected packages: tardis
2025-01-10T07:25:07.0610220Z Successfully installed tardis-0.0.0
2025-01-10T07:25:07.2872004Z ##[group]Run pip install qgridnext
2025-01-10T07:25:07.2872352Z [36;1mpip install qgridnext[0m
2025-01-10T07:25:07.2898717Z shell: /usr/bin/bash -l {0}
2025-01-10T07:25:07.2898955Z env:
2025-01-10T07:25:07.2899132Z   CACHE_NUMBER: 0
2025-01-10T07:25:07.2899774Z   PYTEST_FLAGS: --tardis-regression-data=/home/runner/work/tardis/tardis/tardis-regression-data --cov=tardis --cov-report=xml --cov-report=html --cov-append
2025-01-10T07:25:07.2900481Z   CODECOV_TOKEN: 
2025-01-10T07:25:07.2900718Z   MAMBA_ROOT_PREFIX: /home/runner/micromamba
2025-01-10T07:25:07.2901047Z   MAMBA_EXE: /home/runner/micromamba-bin/micromamba
2025-01-10T07:25:07.2901433Z   CONDARC: /home/runner/work/_temp/setup-micromamba/.condarc
2025-01-10T07:25:07.2901964Z ##[endgroup]
2025-01-10T07:25:07.8914314Z Collecting qgridnext
2025-01-10T07:25:07.9078215Z   Downloading qgridnext-2.0.4-py3-none-any.whl.metadata (9.9 kB)
2025-01-10T07:25:07.9161173Z Requirement already satisfied: pandas>=0.20.0 in /home/runner/micromamba/envs/tardis/lib/python3.12/site-packages (from qgridnext) (2.2.2)
2025-01-10T07:25:07.9169801Z Requirement already satisfied: ipywidgets>=7.0.0 in /home/runner/micromamba/envs/tardis/lib/python3.12/site-packages (from qgridnext) (7.8.0)
2025-01-10T07:25:07.9178517Z Requirement already satisfied: numpy in /home/runner/micromamba/envs/tardis/lib/python3.12/site-packages (from qgridnext) (1.26.4)
2025-01-10T07:25:07.9187985Z Requirement already satisfied: traitlets in /home/runner/micromamba/envs/tardis/lib/python3.12/site-packages (from qgridnext) (5.14.3)
2025-01-10T07:25:07.9273088Z Requirement already satisfied: comm>=0.1.3 in /home/runner/micromamba/envs/tardis/lib/python3.12/site-packages (from ipywidgets>=7.0.0->qgridnext) (0.2.2)
2025-01-10T07:25:07.9281383Z Requirement already satisfied: ipython-genutils~=0.2.0 in /home/runner/micromamba/envs/tardis/lib/python3.12/site-packages (from ipywidgets>=7.0.0->qgridnext) (0.2.0)
2025-01-10T07:25:07.9293450Z Requirement already satisfied: widgetsnbextension~=3.6.5 in /home/runner/micromamba/envs/tardis/lib/python3.12/site-packages (from ipywidgets>=7.0.0->qgridnext) (3.6.6)
2025-01-10T07:25:07.9310406Z Requirement already satisfied: ipython>=4.0.0 in /home/runner/micromamba/envs/tardis/lib/python3.12/site-packages (from ipywidgets>=7.0.0->qgridnext) (8.25.0)
2025-01-10T07:25:07.9324853Z Requirement already satisfied: jupyterlab-widgets<3,>=1.0.0 in /home/runner/micromamba/envs/tardis/lib/python3.12/site-packages (from ipywidgets>=7.0.0->qgridnext) (1.1.7)
2025-01-10T07:25:07.9767915Z Requirement already satisfied: python-dateutil>=2.8.2 in /home/runner/micromamba/envs/tardis/lib/python3.12/site-packages (from pandas>=0.20.0->qgridnext) (2.9.0)
2025-01-10T07:25:07.9780714Z Requirement already satisfied: pytz>=2020.1 in /home/runner/micromamba/envs/tardis/lib/python3.12/site-packages (from pandas>=0.20.0->qgridnext) (2024.1)
2025-01-10T07:25:07.9788303Z Requirement already satisfied: tzdata>=2022.7 in /home/runner/micromamba/envs/tardis/lib/python3.12/site-packages (from pandas>=0.20.0->qgridnext) (2024.1)
2025-01-10T07:25:08.0111350Z Requirement already satisfied: decorator in /home/runner/micromamba/envs/tardis/lib/python3.12/site-packages (from ipython>=4.0.0->ipywidgets>=7.0.0->qgridnext) (5.1.1)
2025-01-10T07:25:08.0125401Z Requirement already satisfied: jedi>=0.16 in /home/runner/micromamba/envs/tardis/lib/python3.12/site-packages (from ipython>=4.0.0->ipywidgets>=7.0.0->qgridnext) (0.19.1)
2025-01-10T07:25:08.0133718Z Requirement already satisfied: matplotlib-inline in /home/runner/micromamba/envs/tardis/lib/python3.12/site-packages (from ipython>=4.0.0->ipywidgets>=7.0.0->qgridnext) (0.1.7)
2025-01-10T07:25:08.0144188Z Requirement already satisfied: prompt-toolkit<3.1.0,>=3.0.41 in /home/runner/micromamba/envs/tardis/lib/python3.12/site-packages (from ipython>=4.0.0->ipywidgets>=7.0.0->qgridnext) (3.0.47)
2025-01-10T07:25:08.0152949Z Requirement already satisfied: pygments>=2.4.0 in /home/runner/micromamba/envs/tardis/lib/python3.12/site-packages (from ipython>=4.0.0->ipywidgets>=7.0.0->qgridnext) (2.18.0)
2025-01-10T07:25:08.0162315Z Requirement already satisfied: stack-data in /home/runner/micromamba/envs/tardis/lib/python3.12/site-packages (from ipython>=4.0.0->ipywidgets>=7.0.0->qgridnext) (0.6.2)
2025-01-10T07:25:08.0191198Z Requirement already satisfied: pexpect>4.3 in /home/runner/micromamba/envs/tardis/lib/python3.12/site-packages (from ipython>=4.0.0->ipywidgets>=7.0.0->qgridnext) (4.9.0)
2025-01-10T07:25:08.0270272Z Requirement already satisfied: six>=1.5 in /home/runner/micromamba/envs/tardis/lib/python3.12/site-packages (from python-dateutil>=2.8.2->pandas>=0.20.0->qgridnext) (1.16.0)
2025-01-10T07:25:08.0351359Z Requirement already satisfied: notebook>=4.4.1 in /home/runner/micromamba/envs/tardis/lib/python3.12/site-packages (from widgetsnbextension~=3.6.5->ipywidgets>=7.0.0->qgridnext) (7.2.1)
2025-01-10T07:25:08.0556895Z Requirement already satisfied: parso<0.9.0,>=0.8.3 in /home/runner/micromamba/envs/tardis/lib/python3.12/site-packages (from jedi>=0.16->ipython>=4.0.0->ipywidgets>=7.0.0->qgridnext) (0.8.4)
2025-01-10T07:25:08.0701262Z Requirement already satisfied: jupyter-server<3,>=2.4.0 in /home/runner/micromamba/envs/tardis/lib/python3.12/site-packages (from notebook>=4.4.1->widgetsnbextension~=3.6.5->ipywidgets>=7.0.0->qgridnext) (2.14.1)
2025-01-10T07:25:08.0714125Z Requirement already satisfied: jupyterlab-server<3,>=2.27.1 in /home/runner/micromamba/envs/tardis/lib/python3.12/site-packages (from notebook>=4.4.1->widgetsnbextension~=3.6.5->ipywidgets>=7.0.0->qgridnext) (2.27.2)
2025-01-10T07:25:08.0728721Z Requirement already satisfied: jupyterlab<4.3,>=4.2.0 in /home/runner/micromamba/envs/tardis/lib/python3.12/site-packages (from notebook>=4.4.1->widgetsnbextension~=3.6.5->ipywidgets>=7.0.0->qgridnext) (4.2.2)
2025-01-10T07:25:08.0738935Z Requirement already satisfied: notebook-shim<0.3,>=0.2 in /home/runner/micromamba/envs/tardis/lib/python3.12/site-packages (from notebook>=4.4.1->widgetsnbextension~=3.6.5->ipywidgets>=7.0.0->qgridnext) (0.2.4)
2025-01-10T07:25:08.0747052Z Requirement already satisfied: tornado>=6.2.0 in /home/runner/micromamba/envs/tardis/lib/python3.12/site-packages (from notebook>=4.4.1->widgetsnbextension~=3.6.5->ipywidgets>=7.0.0->qgridnext) (6.4.1)
2025-01-10T07:25:08.0776302Z Requirement already satisfied: ptyprocess>=0.5 in /home/runner/micromamba/envs/tardis/lib/python3.12/site-packages (from pexpect>4.3->ipython>=4.0.0->ipywidgets>=7.0.0->qgridnext) (0.7.0)
2025-01-10T07:25:08.0804908Z Requirement already satisfied: wcwidth in /home/runner/micromamba/envs/tardis/lib/python3.12/site-packages (from prompt-toolkit<3.1.0,>=3.0.41->ipython>=4.0.0->ipywidgets>=7.0.0->qgridnext) (0.2.13)
2025-01-10T07:25:08.0941580Z Requirement already satisfied: executing>=1.2.0 in /home/runner/micromamba/envs/tardis/lib/python3.12/site-packages (from stack-data->ipython>=4.0.0->ipywidgets>=7.0.0->qgridnext) (2.0.1)
2025-01-10T07:25:08.0950396Z Requirement already satisfied: asttokens>=2.1.0 in /home/runner/micromamba/envs/tardis/lib/python3.12/site-packages (from stack-data->ipython>=4.0.0->ipywidgets>=7.0.0->qgridnext) (2.4.1)
2025-01-10T07:25:08.0957729Z Requirement already satisfied: pure-eval in /home/runner/micromamba/envs/tardis/lib/python3.12/site-packages (from stack-data->ipython>=4.0.0->ipywidgets>=7.0.0->qgridnext) (0.2.2)
2025-01-10T07:25:08.1360241Z Requirement already satisfied: anyio>=3.1.0 in /home/runner/micromamba/envs/tardis/lib/python3.12/site-packages (from jupyter-server<3,>=2.4.0->notebook>=4.4.1->widgetsnbextension~=3.6.5->ipywidgets>=7.0.0->qgridnext) (4.4.0)
2025-01-10T07:25:08.1370130Z Requirement already satisfied: argon2-cffi>=21.1 in /home/runner/micromamba/envs/tardis/lib/python3.12/site-packages (from jupyter-server<3,>=2.4.0->notebook>=4.4.1->widgetsnbextension~=3.6.5->ipywidgets>=7.0.0->qgridnext) (23.1.0)
2025-01-10T07:25:08.1378612Z Requirement already satisfied: jinja2>=3.0.3 in /home/runner/micromamba/envs/tardis/lib/python3.12/site-packages (from jupyter-server<3,>=2.4.0->notebook>=4.4.1->widgetsnbextension~=3.6.5->ipywidgets>=7.0.0->qgridnext) (3.1.4)
2025-01-10T07:25:08.1389944Z Requirement already satisfied: jupyter-client>=7.4.4 in /home/runner/micromamba/envs/tardis/lib/python3.12/site-packages (from jupyter-server<3,>=2.4.0->notebook>=4.4.1->widgetsnbextension~=3.6.5->ipywidgets>=7.0.0->qgridnext) (8.6.2)
2025-01-10T07:25:08.1401273Z Requirement already satisfied: jupyter-core!=5.0.*,>=4.12 in /home/runner/micromamba/envs/tardis/lib/python3.12/site-packages (from jupyter-server<3,>=2.4.0->notebook>=4.4.1->widgetsnbextension~=3.6.5->ipywidgets>=7.0.0->qgridnext) (5.7.2)
2025-01-10T07:25:08.1412333Z Requirement already satisfied: jupyter-events>=0.9.0 in /home/runner/micromamba/envs/tardis/lib/python3.12/site-packages (from jupyter-server<3,>=2.4.0->notebook>=4.4.1->widgetsnbextension~=3.6.5->ipywidgets>=7.0.0->qgridnext) (0.10.0)
2025-01-10T07:25:08.1423092Z Requirement already satisfied: jupyter-server-terminals>=0.4.4 in /home/runner/micromamba/envs/tardis/lib/python3.12/site-packages (from jupyter-server<3,>=2.4.0->notebook>=4.4.1->widgetsnbextension~=3.6.5->ipywidgets>=7.0.0->qgridnext) (0.5.3)
2025-01-10T07:25:08.1436896Z Requirement already satisfied: nbconvert>=6.4.4 in /home/runner/micromamba/envs/tardis/lib/python3.12/site-packages (from jupyter-server<3,>=2.4.0->notebook>=4.4.1->widgetsnbextension~=3.6.5->ipywidgets>=7.0.0->qgridnext) (7.16.4)
2025-01-10T07:25:08.1446830Z Requirement already satisfied: nbformat>=5.3.0 in /home/runner/micromamba/envs/tardis/lib/python3.12/site-packages (from jupyter-server<3,>=2.4.0->notebook>=4.4.1->widgetsnbextension~=3.6.5->ipywidgets>=7.0.0->qgridnext) (5.10.4)
2025-01-10T07:25:08.1455563Z Requirement already satisfied: overrides>=5.0 in /home/runner/micromamba/envs/tardis/lib/python3.12/site-packages (from jupyter-server<3,>=2.4.0->notebook>=4.4.1->widgetsnbextension~=3.6.5->ipywidgets>=7.0.0->qgridnext) (7.7.0)
2025-01-10T07:25:08.1465268Z Requirement already satisfied: packaging>=22.0 in /home/runner/micromamba/envs/tardis/lib/python3.12/site-packages (from jupyter-server<3,>=2.4.0->notebook>=4.4.1->widgetsnbextension~=3.6.5->ipywidgets>=7.0.0->qgridnext) (24.1)
2025-01-10T07:25:08.1476449Z Requirement already satisfied: prometheus-client>=0.9 in /home/runner/micromamba/envs/tardis/lib/python3.12/site-packages (from jupyter-server<3,>=2.4.0->notebook>=4.4.1->widgetsnbextension~=3.6.5->ipywidgets>=7.0.0->qgridnext) (0.20.0)
2025-01-10T07:25:08.1487088Z Requirement already satisfied: pyzmq>=24 in /home/runner/micromamba/envs/tardis/lib/python3.12/site-packages (from jupyter-server<3,>=2.4.0->notebook>=4.4.1->widgetsnbextension~=3.6.5->ipywidgets>=7.0.0->qgridnext) (26.0.3)
2025-01-10T07:25:08.1495849Z Requirement already satisfied: send2trash>=1.8.2 in /home/runner/micromamba/envs/tardis/lib/python3.12/site-packages (from jupyter-server<3,>=2.4.0->notebook>=4.4.1->widgetsnbextension~=3.6.5->ipywidgets>=7.0.0->qgridnext) (1.8.3)
2025-01-10T07:25:08.1507095Z Requirement already satisfied: terminado>=0.8.3 in /home/runner/micromamba/envs/tardis/lib/python3.12/site-packages (from jupyter-server<3,>=2.4.0->notebook>=4.4.1->widgetsnbextension~=3.6.5->ipywidgets>=7.0.0->qgridnext) (0.18.1)
2025-01-10T07:25:08.1523695Z Requirement already satisfied: websocket-client>=1.7 in /home/runner/micromamba/envs/tardis/lib/python3.12/site-packages (from jupyter-server<3,>=2.4.0->notebook>=4.4.1->widgetsnbextension~=3.6.5->ipywidgets>=7.0.0->qgridnext) (1.8.0)
2025-01-10T07:25:08.1810352Z Requirement already satisfied: async-lru>=1.0.0 in /home/runner/micromamba/envs/tardis/lib/python3.12/site-packages (from jupyterlab<4.3,>=4.2.0->notebook>=4.4.1->widgetsnbextension~=3.6.5->ipywidgets>=7.0.0->qgridnext) (2.0.4)
2025-01-10T07:25:08.1821943Z Requirement already satisfied: httpx>=0.25.0 in /home/runner/micromamba/envs/tardis/lib/python3.12/site-packages (from jupyterlab<4.3,>=4.2.0->notebook>=4.4.1->widgetsnbextension~=3.6.5->ipywidgets>=7.0.0->qgridnext) (0.27.0)
2025-01-10T07:25:08.1833163Z Requirement already satisfied: ipykernel>=6.5.0 in /home/runner/micromamba/envs/tardis/lib/python3.12/site-packages (from jupyterlab<4.3,>=4.2.0->notebook>=4.4.1->widgetsnbextension~=3.6.5->ipywidgets>=7.0.0->qgridnext) (6.29.4)
2025-01-10T07:25:08.1846820Z Requirement already satisfied: jupyter-lsp>=2.0.0 in /home/runner/micromamba/envs/tardis/lib/python3.12/site-packages (from jupyterlab<4.3,>=4.2.0->notebook>=4.4.1->widgetsnbextension~=3.6.5->ipywidgets>=7.0.0->qgridnext) (2.2.5)
2025-01-10T07:25:08.1872574Z Requirement already satisfied: setuptools>=40.1.0 in /home/runner/micromamba/envs/tardis/lib/python3.12/site-packages (from jupyterlab<4.3,>=4.2.0->notebook>=4.4.1->widgetsnbextension~=3.6.5->ipywidgets>=7.0.0->qgridnext) (70.0.0)
2025-01-10T07:25:08.2061645Z Requirement already satisfied: babel>=2.10 in /home/runner/micromamba/envs/tardis/lib/python3.12/site-packages (from jupyterlab-server<3,>=2.27.1->notebook>=4.4.1->widgetsnbextension~=3.6.5->ipywidgets>=7.0.0->qgridnext) (2.14.0)
2025-01-10T07:25:08.2088097Z Requirement already satisfied: json5>=0.9.0 in /home/runner/micromamba/envs/tardis/lib/python3.12/site-packages (from jupyterlab-server<3,>=2.27.1->notebook>=4.4.1->widgetsnbextension~=3.6.5->ipywidgets>=7.0.0->qgridnext) (0.9.25)
2025-01-10T07:25:08.2098840Z Requirement already satisfied: jsonschema>=4.18.0 in /home/runner/micromamba/envs/tardis/lib/python3.12/site-packages (from jupyterlab-server<3,>=2.27.1->notebook>=4.4.1->widgetsnbextension~=3.6.5->ipywidgets>=7.0.0->qgridnext) (4.22.0)
2025-01-10T07:25:08.2116704Z Requirement already satisfied: requests>=2.31 in /home/runner/micromamba/envs/tardis/lib/python3.12/site-packages (from jupyterlab-server<3,>=2.27.1->notebook>=4.4.1->widgetsnbextension~=3.6.5->ipywidgets>=7.0.0->qgridnext) (2.32.3)
2025-01-10T07:25:08.2467682Z Requirement already satisfied: idna>=2.8 in /home/runner/micromamba/envs/tardis/lib/python3.12/site-packages (from anyio>=3.1.0->jupyter-server<3,>=2.4.0->notebook>=4.4.1->widgetsnbextension~=3.6.5->ipywidgets>=7.0.0->qgridnext) (3.7)
2025-01-10T07:25:08.2477478Z Requirement already satisfied: sniffio>=1.1 in /home/runner/micromamba/envs/tardis/lib/python3.12/site-packages (from anyio>=3.1.0->jupyter-server<3,>=2.4.0->notebook>=4.4.1->widgetsnbextension~=3.6.5->ipywidgets>=7.0.0->qgridnext) (1.3.1)
2025-01-10T07:25:08.2568286Z Requirement already satisfied: argon2-cffi-bindings in /home/runner/micromamba/envs/tardis/lib/python3.12/site-packages (from argon2-cffi>=21.1->jupyter-server<3,>=2.4.0->notebook>=4.4.1->widgetsnbextension~=3.6.5->ipywidgets>=7.0.0->qgridnext) (21.2.0)
2025-01-10T07:25:08.2739260Z Requirement already satisfied: certifi in /home/runner/micromamba/envs/tardis/lib/python3.12/site-packages (from httpx>=0.25.0->jupyterlab<4.3,>=4.2.0->notebook>=4.4.1->widgetsnbextension~=3.6.5->ipywidgets>=7.0.0->qgridnext) (2024.6.2)
2025-01-10T07:25:08.2754744Z Requirement already satisfied: httpcore==1.* in /home/runner/micromamba/envs/tardis/lib/python3.12/site-packages (from httpx>=0.25.0->jupyterlab<4.3,>=4.2.0->notebook>=4.4.1->widgetsnbextension~=3.6.5->ipywidgets>=7.0.0->qgridnext) (1.0.5)
2025-01-10T07:25:08.2833005Z Requirement already satisfied: h11<0.15,>=0.13 in /home/runner/micromamba/envs/tardis/lib/python3.12/site-packages (from httpcore==1.*->httpx>=0.25.0->jupyterlab<4.3,>=4.2.0->notebook>=4.4.1->widgetsnbextension~=3.6.5->ipywidgets>=7.0.0->qgridnext) (0.14.0)
2025-01-10T07:25:08.3018205Z Requirement already satisfied: debugpy>=1.6.5 in /home/runner/micromamba/envs/tardis/lib/python3.12/site-packages (from ipykernel>=6.5.0->jupyterlab<4.3,>=4.2.0->notebook>=4.4.1->widgetsnbextension~=3.6.5->ipywidgets>=7.0.0->qgridnext) (1.8.1)
2025-01-10T07:25:08.3041666Z Requirement already satisfied: nest-asyncio in /home/runner/micromamba/envs/tardis/lib/python3.12/site-packages (from ipykernel>=6.5.0->jupyterlab<4.3,>=4.2.0->notebook>=4.4.1->widgetsnbextension~=3.6.5->ipywidgets>=7.0.0->qgridnext) (1.6.0)
2025-01-10T07:25:08.3056353Z Requirement already satisfied: psutil in /home/runner/micromamba/envs/tardis/lib/python3.12/site-packages (from ipykernel>=6.5.0->jupyterlab<4.3,>=4.2.0->notebook>=4.4.1->widgetsnbextension~=3.6.5->ipywidgets>=7.0.0->qgridnext) (5.9.8)
2025-01-10T07:25:08.3118531Z Requirement already satisfied: MarkupSafe>=2.0 in /home/runner/micromamba/envs/tardis/lib/python3.12/site-packages (from jinja2>=3.0.3->jupyter-server<3,>=2.4.0->notebook>=4.4.1->widgetsnbextension~=3.6.5->ipywidgets>=7.0.0->qgridnext) (2.1.5)
2025-01-10T07:25:08.3313136Z Requirement already satisfied: attrs>=22.2.0 in /home/runner/micromamba/envs/tardis/lib/python3.12/site-packages (from jsonschema>=4.18.0->jupyterlab-server<3,>=2.27.1->notebook>=4.4.1->widgetsnbextension~=3.6.5->ipywidgets>=7.0.0->qgridnext) (23.2.0)
2025-01-10T07:25:08.3322941Z Requirement already satisfied: jsonschema-specifications>=2023.03.6 in /home/runner/micromamba/envs/tardis/lib/python3.12/site-packages (from jsonschema>=4.18.0->jupyterlab-server<3,>=2.27.1->notebook>=4.4.1->widgetsnbextension~=3.6.5->ipywidgets>=7.0.0->qgridnext) (2023.12.1)
2025-01-10T07:25:08.3331394Z Requirement already satisfied: referencing>=0.28.4 in /home/runner/micromamba/envs/tardis/lib/python3.12/site-packages (from jsonschema>=4.18.0->jupyterlab-server<3,>=2.27.1->notebook>=4.4.1->widgetsnbextension~=3.6.5->ipywidgets>=7.0.0->qgridnext) (0.35.1)
2025-01-10T07:25:08.3339971Z Requirement already satisfied: rpds-py>=0.7.1 in /home/runner/micromamba/envs/tardis/lib/python3.12/site-packages (from jsonschema>=4.18.0->jupyterlab-server<3,>=2.27.1->notebook>=4.4.1->widgetsnbextension~=3.6.5->ipywidgets>=7.0.0->qgridnext) (0.18.1)
2025-01-10T07:25:08.3605176Z Requirement already satisfied: platformdirs>=2.5 in /home/runner/micromamba/envs/tardis/lib/python3.12/site-packages (from jupyter-core!=5.0.*,>=4.12->jupyter-server<3,>=2.4.0->notebook>=4.4.1->widgetsnbextension~=3.6.5->ipywidgets>=7.0.0->qgridnext) (4.2.2)
2025-01-10T07:25:08.3756284Z Requirement already satisfied: python-json-logger>=2.0.4 in /home/runner/micromamba/envs/tardis/lib/python3.12/site-packages (from jupyter-events>=0.9.0->jupyter-server<3,>=2.4.0->notebook>=4.4.1->widgetsnbextension~=3.6.5->ipywidgets>=7.0.0->qgridnext) (2.0.7)
2025-01-10T07:25:08.3765101Z Requirement already satisfied: pyyaml>=5.3 in /home/runner/micromamba/envs/tardis/lib/python3.12/site-packages (from jupyter-events>=0.9.0->jupyter-server<3,>=2.4.0->notebook>=4.4.1->widgetsnbextension~=3.6.5->ipywidgets>=7.0.0->qgridnext) (6.0.1)
2025-01-10T07:25:08.3775615Z Requirement already satisfied: rfc3339-validator in /home/runner/micromamba/envs/tardis/lib/python3.12/site-packages (from jupyter-events>=0.9.0->jupyter-server<3,>=2.4.0->notebook>=4.4.1->widgetsnbextension~=3.6.5->ipywidgets>=7.0.0->qgridnext) (0.1.4)
2025-01-10T07:25:08.3783579Z Requirement already satisfied: rfc3986-validator>=0.1.1 in /home/runner/micromamba/envs/tardis/lib/python3.12/site-packages (from jupyter-events>=0.9.0->jupyter-server<3,>=2.4.0->notebook>=4.4.1->widgetsnbextension~=3.6.5->ipywidgets>=7.0.0->qgridnext) (0.1.1)
2025-01-10T07:25:08.4212224Z Requirement already satisfied: beautifulsoup4 in /home/runner/micromamba/envs/tardis/lib/python3.12/site-packages (from nbconvert>=6.4.4->jupyter-server<3,>=2.4.0->notebook>=4.4.1->widgetsnbextension~=3.6.5->ipywidgets>=7.0.0->qgridnext) (4.12.3)
2025-01-10T07:25:08.4231231Z Requirement already satisfied: bleach!=5.0.0 in /home/runner/micromamba/envs/tardis/lib/python3.12/site-packages (from nbconvert>=6.4.4->jupyter-server<3,>=2.4.0->notebook>=4.4.1->widgetsnbextension~=3.6.5->ipywidgets>=7.0.0->qgridnext) (6.1.0)
2025-01-10T07:25:08.4244960Z Requirement already satisfied: defusedxml in /home/runner/micromamba/envs/tardis/lib/python3.12/site-packages (from nbconvert>=6.4.4->jupyter-server<3,>=2.4.0->notebook>=4.4.1->widgetsnbextension~=3.6.5->ipywidgets>=7.0.0->qgridnext) (0.7.1)
2025-01-10T07:25:08.4258897Z Requirement already satisfied: jupyterlab-pygments in /home/runner/micromamba/envs/tardis/lib/python3.12/site-packages (from nbconvert>=6.4.4->jupyter-server<3,>=2.4.0->notebook>=4.4.1->widgetsnbextension~=3.6.5->ipywidgets>=7.0.0->qgridnext) (0.3.0)
2025-01-10T07:25:08.4270007Z Requirement already satisfied: mistune<4,>=2.0.3 in /home/runner/micromamba/envs/tardis/lib/python3.12/site-packages (from nbconvert>=6.4.4->jupyter-server<3,>=2.4.0->notebook>=4.4.1->widgetsnbextension~=3.6.5->ipywidgets>=7.0.0->qgridnext) (3.0.2)
2025-01-10T07:25:08.4282188Z Requirement already satisfied: nbclient>=0.5.0 in /home/runner/micromamba/envs/tardis/lib/python3.12/site-packages (from nbconvert>=6.4.4->jupyter-server<3,>=2.4.0->notebook>=4.4.1->widgetsnbextension~=3.6.5->ipywidgets>=7.0.0->qgridnext) (0.10.0)
2025-01-10T07:25:08.4298034Z Requirement already satisfied: pandocfilters>=1.4.1 in /home/runner/micromamba/envs/tardis/lib/python3.12/site-packages (from nbconvert>=6.4.4->jupyter-server<3,>=2.4.0->notebook>=4.4.1->widgetsnbextension~=3.6.5->ipywidgets>=7.0.0->qgridnext) (1.5.0)
2025-01-10T07:25:08.4307298Z Requirement already satisfied: tinycss2 in /home/runner/micromamba/envs/tardis/lib/python3.12/site-packages (from nbconvert>=6.4.4->jupyter-server<3,>=2.4.0->notebook>=4.4.1->widgetsnbextension~=3.6.5->ipywidgets>=7.0.0->qgridnext) (1.3.0)
2025-01-10T07:25:08.4421152Z Requirement already satisfied: fastjsonschema>=2.15 in /home/runner/micromamba/envs/tardis/lib/python3.12/site-packages (from nbformat>=5.3.0->jupyter-server<3,>=2.4.0->notebook>=4.4.1->widgetsnbextension~=3.6.5->ipywidgets>=7.0.0->qgridnext) (2.20.0)
2025-01-10T07:25:08.4726696Z Requirement already satisfied: charset-normalizer<4,>=2 in /home/runner/micromamba/envs/tardis/lib/python3.12/site-packages (from requests>=2.31->jupyterlab-server<3,>=2.27.1->notebook>=4.4.1->widgetsnbextension~=3.6.5->ipywidgets>=7.0.0->qgridnext) (3.3.2)
2025-01-10T07:25:08.4739207Z Requirement already satisfied: urllib3<3,>=1.21.1 in /home/runner/micromamba/envs/tardis/lib/python3.12/site-packages (from requests>=2.31->jupyterlab-server<3,>=2.27.1->notebook>=4.4.1->widgetsnbextension~=3.6.5->ipywidgets>=7.0.0->qgridnext) (2.2.2)
2025-01-10T07:25:08.5510371Z Requirement already satisfied: webencodings in /home/runner/micromamba/envs/tardis/lib/python3.12/site-packages (from bleach!=5.0.0->nbconvert>=6.4.4->jupyter-server<3,>=2.4.0->notebook>=4.4.1->widgetsnbextension~=3.6.5->ipywidgets>=7.0.0->qgridnext) (0.5.1)
2025-01-10T07:25:08.6078138Z Requirement already satisfied: fqdn in /home/runner/micromamba/envs/tardis/lib/python3.12/site-packages (from jsonschema[format-nongpl]>=4.18.0->jupyter-events>=0.9.0->jupyter-server<3,>=2.4.0->notebook>=4.4.1->widgetsnbextension~=3.6.5->ipywidgets>=7.0.0->qgridnext) (1.5.1)
2025-01-10T07:25:08.6094764Z Requirement already satisfied: isoduration in /home/runner/micromamba/envs/tardis/lib/python3.12/site-packages (from jsonschema[format-nongpl]>=4.18.0->jupyter-events>=0.9.0->jupyter-server<3,>=2.4.0->notebook>=4.4.1->widgetsnbextension~=3.6.5->ipywidgets>=7.0.0->qgridnext) (20.11.0)
2025-01-10T07:25:08.6108019Z Requirement already satisfied: jsonpointer>1.13 in /home/runner/micromamba/envs/tardis/lib/python3.12/site-packages (from jsonschema[format-nongpl]>=4.18.0->jupyter-events>=0.9.0->jupyter-server<3,>=2.4.0->notebook>=4.4.1->widgetsnbextension~=3.6.5->ipywidgets>=7.0.0->qgridnext) (3.0.0)
2025-01-10T07:25:08.6124668Z Requirement already satisfied: uri-template in /home/runner/micromamba/envs/tardis/lib/python3.12/site-packages (from jsonschema[format-nongpl]>=4.18.0->jupyter-events>=0.9.0->jupyter-server<3,>=2.4.0->notebook>=4.4.1->widgetsnbextension~=3.6.5->ipywidgets>=7.0.0->qgridnext) (1.3.0)
2025-01-10T07:25:08.6138410Z Requirement already satisfied: webcolors>=1.11 in /home/runner/micromamba/envs/tardis/lib/python3.12/site-packages (from jsonschema[format-nongpl]>=4.18.0->jupyter-events>=0.9.0->jupyter-server<3,>=2.4.0->notebook>=4.4.1->widgetsnbextension~=3.6.5->ipywidgets>=7.0.0->qgridnext) (24.6.0)
2025-01-10T07:25:08.7154041Z Requirement already satisfied: cffi>=1.0.1 in /home/runner/micromamba/envs/tardis/lib/python3.12/site-packages (from argon2-cffi-bindings->argon2-cffi>=21.1->jupyter-server<3,>=2.4.0->notebook>=4.4.1->widgetsnbextension~=3.6.5->ipywidgets>=7.0.0->qgridnext) (1.16.0)
2025-01-10T07:25:08.7250907Z Requirement already satisfied: soupsieve>1.2 in /home/runner/micromamba/envs/tardis/lib/python3.12/site-packages (from beautifulsoup4->nbconvert>=6.4.4->jupyter-server<3,>=2.4.0->notebook>=4.4.1->widgetsnbextension~=3.6.5->ipywidgets>=7.0.0->qgridnext) (2.5)
2025-01-10T07:25:08.7773933Z Requirement already satisfied: pycparser in /home/runner/micromamba/envs/tardis/lib/python3.12/site-packages (from cffi>=1.0.1->argon2-cffi-bindings->argon2-cffi>=21.1->jupyter-server<3,>=2.4.0->notebook>=4.4.1->widgetsnbextension~=3.6.5->ipywidgets>=7.0.0->qgridnext) (2.22)
2025-01-10T07:25:08.8269663Z Requirement already satisfied: arrow>=0.15.0 in /home/runner/micromamba/envs/tardis/lib/python3.12/site-packages (from isoduration->jsonschema[format-nongpl]>=4.18.0->jupyter-events>=0.9.0->jupyter-server<3,>=2.4.0->notebook>=4.4.1->widgetsnbextension~=3.6.5->ipywidgets>=7.0.0->qgridnext) (1.3.0)
2025-01-10T07:25:08.8567029Z Requirement already satisfied: types-python-dateutil>=2.8.10 in /home/runner/micromamba/envs/tardis/lib/python3.12/site-packages (from arrow>=0.15.0->isoduration->jsonschema[format-nongpl]>=4.18.0->jupyter-events>=0.9.0->jupyter-server<3,>=2.4.0->notebook>=4.4.1->widgetsnbextension~=3.6.5->ipywidgets>=7.0.0->qgridnext) (2.9.0.20240316)
2025-01-10T07:25:08.8835310Z Downloading qgridnext-2.0.4-py3-none-any.whl (1.3 MB)
2025-01-10T07:25:08.8995256Z    â”â”â”â”â”â”â”â”â”â”â”â”â”â”â”â”â”â”â”â”â”â”â”â”â”â”â”â”â”â”â”â”â”â”â”â”â”â”â”â” 1.3/1.3 MB 92.4 MB/s eta 0:00:00
2025-01-10T07:25:09.6985510Z Installing collected packages: qgridnext
2025-01-10T07:25:09.7879264Z Successfully installed qgridnext-2.0.4
2025-01-10T07:25:10.0034364Z ##[group]Run pytest tardis --tardis-regression-data=/home/runner/work/tardis/tardis/tardis-regression-data --cov=tardis --cov-report=xml --cov-report=html --cov-append -m " continuum"
2025-01-10T07:25:10.0035783Z [36;1mpytest tardis --tardis-regression-data=/home/runner/work/tardis/tardis/tardis-regression-data --cov=tardis --cov-report=xml --cov-report=html --cov-append -m " continuum"[0m
2025-01-10T07:25:10.0063159Z shell: /usr/bin/bash -l {0}
2025-01-10T07:25:10.0063430Z env:
2025-01-10T07:25:10.0063624Z   CACHE_NUMBER: 0
2025-01-10T07:25:10.0064313Z   PYTEST_FLAGS: --tardis-regression-data=/home/runner/work/tardis/tardis/tardis-regression-data --cov=tardis --cov-report=xml --cov-report=html --cov-append
2025-01-10T07:25:10.0065051Z   CODECOV_TOKEN: 
2025-01-10T07:25:10.0065291Z   MAMBA_ROOT_PREFIX: /home/runner/micromamba
2025-01-10T07:25:10.0065624Z   MAMBA_EXE: /home/runner/micromamba-bin/micromamba
2025-01-10T07:25:10.0066046Z   CONDARC: /home/runner/work/_temp/setup-micromamba/.condarc
2025-01-10T07:25:10.0066386Z ##[endgroup]
2025-01-10T07:25:18.4531599Z ============================= test session starts ==============================
2025-01-10T07:25:18.4532656Z platform linux -- Python 3.12.4, pytest-8.2.2, pluggy-1.5.0
2025-01-10T07:25:18.4533324Z rootdir: /home/runner/work/tardis/tardis
2025-01-10T07:25:18.4533851Z configfile: pyproject.toml
2025-01-10T07:25:18.4534504Z plugins: anyio-4.4.0, doctestplus-1.2.1, cov-5.0.0, html-4.1.1, metadata-3.1.1
2025-01-10T07:25:18.4535303Z collected 1796 items / 1794 deselected / 2 selected
2025-01-10T07:25:18.4535706Z 
2025-01-10T07:26:05.7205914Z tardis/transport/montecarlo/estimators/tests/test_continuum_property_solver.py F [ 50%]
2025-01-10T07:26:05.7208262Z                                                                          [ 50%]
2025-01-10T07:26:38.5994736Z tardis/transport/montecarlo/tests/test_continuum.py F                    [100%]
2025-01-10T07:26:38.5995387Z 
2025-01-10T07:26:38.5995628Z =================================== FAILURES ===================================
2025-01-10T07:26:38.5996279Z __________________________ test_continuum_estimators ___________________________
2025-01-10T07:26:38.5996733Z 
2025-01-10T07:26:38.5997984Z continuum_config = {'tardis_config_version': 'v1.0', 'supernova': {'luminosity_requested': <Quantity 4.31528298e+42 erg / s>, 'time_explo...': 10.0, 'survival_probability': 0.0, 'enable_biasing': False, 'virtual_packet_logging': False}}, 'config_dirname': ''}
2025-01-10T07:26:38.5999774Z nlte_atomic_dataset = <Atomic Data UUID=None MD5=None Lines=69056 Levels=26012>
2025-01-10T07:26:38.6000314Z 
2025-01-10T07:26:38.6000475Z     @pytest.mark.continuum
2025-01-10T07:26:38.6000899Z     def test_continuum_estimators(
2025-01-10T07:26:38.6001340Z         continuum_config,
2025-01-10T07:26:38.6001712Z         nlte_atomic_dataset,
2025-01-10T07:26:38.6002306Z     ):
2025-01-10T07:26:38.6002688Z         nlte_atomic_dataset = deepcopy(nlte_atomic_dataset)
2025-01-10T07:26:38.6003285Z         continuum_simulation = Simulation.from_config(
2025-01-10T07:26:38.6003814Z             continuum_config,
2025-01-10T07:26:38.6004215Z             atom_data=nlte_atomic_dataset,
2025-01-10T07:26:38.6004662Z             virtual_packet_logging=False,
2025-01-10T07:26:38.6005076Z         )
2025-01-10T07:26:38.6005402Z         # continuum_simulation.run_convergence()
2025-01-10T07:26:38.6005885Z         continuum_properties_solver_dilute_bb = (
2025-01-10T07:26:38.6006450Z             DiluteBlackBodyContinuumPropertiesSolver(
2025-01-10T07:26:38.6007390Z                 continuum_simulation.plasma.atomic_data
2025-01-10T07:26:38.6007835Z             )
2025-01-10T07:26:38.6008118Z         )
2025-01-10T07:26:38.6008372Z     
2025-01-10T07:26:38.6008696Z         continuum_properties_dilute_bb = (
2025-01-10T07:26:38.6009241Z             continuum_properties_solver_dilute_bb.solve(
2025-01-10T07:26:38.6009821Z                 continuum_simulation.simulation_state.radiation_field_state,
2025-01-10T07:26:38.6010832Z                 continuum_simulation.plasma.t_electrons,
2025-01-10T07:26:38.6011309Z             )
2025-01-10T07:26:38.6011613Z         )
2025-01-10T07:26:38.6012184Z     
2025-01-10T07:26:38.6012536Z         continuum_plasma = continuum_simulation.plasma
2025-01-10T07:26:38.6012965Z     
2025-01-10T07:26:38.6013222Z         pdt.assert_frame_equal(
2025-01-10T07:26:38.6013752Z             continuum_properties_dilute_bb.photo_ionization_rate_coefficient,
2025-01-10T07:26:38.6014378Z             continuum_simulation.plasma.gamma,
2025-01-10T07:26:38.6014802Z         )
2025-01-10T07:26:38.6015095Z         stimulated_recomb_rate_coeff = (
2025-01-10T07:26:38.6015656Z             continuum_properties_dilute_bb.stimulated_recombination_rate_factor
2025-01-10T07:26:38.6016238Z             * continuum_plasma.phi_ik.loc[
2025-01-10T07:26:38.6016838Z                 continuum_properties_dilute_bb.stimulated_recombination_rate_factor.index
2025-01-10T07:26:38.6017413Z             ]
2025-01-10T07:26:38.6017682Z         )
2025-01-10T07:26:38.6017964Z         pdt.assert_frame_equal(
2025-01-10T07:26:38.6018436Z             stimulated_recomb_rate_coeff, continuum_plasma.alpha_stim
2025-01-10T07:26:38.6018927Z         )
2025-01-10T07:26:38.6019176Z     
2025-01-10T07:26:38.6019455Z >       continuum_simulation.run_final()
2025-01-10T07:26:38.6019720Z 
2025-01-10T07:26:38.6020144Z tardis/transport/montecarlo/estimators/tests/test_continuum_property_solver.py:54: 
2025-01-10T07:26:38.6020858Z _ _ _ _ _ _ _ _ _ _ _ _ _ _ _ _ _ _ _ _ _ _ _ _ _ _ _ _ _ _ _ _ _ _ _ _ _ _ _ _ 
2025-01-10T07:26:38.6021363Z tardis/simulation/base.py:558: in run_final
2025-01-10T07:26:38.6022098Z     emitted_luminosity, v_packets_energy_hist = self.iterate(
2025-01-10T07:26:38.6022628Z tardis/simulation/base.py:462: in iterate
2025-01-10T07:26:38.6023140Z     transport_state = self.transport.initialize_transport_state(
2025-01-10T07:26:38.6023802Z tardis/transport/montecarlo/base.py:129: in initialize_transport_state
2025-01-10T07:26:38.6024345Z     ).to_numba(
2025-01-10T07:26:38.6024693Z tardis/opacities/opacity_state.py:342: in to_numba
2025-01-10T07:26:38.6025131Z     return OpacityStateNumba(
2025-01-10T07:26:38.6025842Z ../../../micromamba/envs/tardis/lib/python3.12/site-packages/numba/experimental/jitclass/base.py:124: in __call__
2025-01-10T07:26:38.6026629Z     return cls._ctor(*bind.args[1:], **bind.kwargs)
2025-01-10T07:26:38.6027374Z ../../../micromamba/envs/tardis/lib/python3.12/site-packages/numba/core/dispatcher.py:468: in _compile_for_args
2025-01-10T07:26:38.6028100Z     error_rewrite(e, 'typing')
2025-01-10T07:26:38.6028481Z _ _ _ _ _ _ _ _ _ _ _ _ _ _ _ _ _ _ _ _ _ _ _ _ _ _ _ _ _ _ _ _ _ _ _ _ _ _ _ _ 
2025-01-10T07:26:38.6028797Z 
2025-01-10T07:26:38.6029822Z e = TypingError('Failed in nopython mode pipeline (step: nopython frontend)\nInternal error at <numba.core.typeinfer.CallC...bug level for details.\n\x1b[1m\nFile "<string>", line 3:\x1b[0m\n\x1b[1m<source missing, REPL/exec in use?>\x1b[0m\n')
2025-01-10T07:26:38.6031083Z issue_type = 'typing'
2025-01-10T07:26:38.6031270Z 
2025-01-10T07:26:38.6031398Z     def error_rewrite(e, issue_type):
2025-01-10T07:26:38.6031878Z         """
2025-01-10T07:26:38.6032267Z         Rewrite and raise Exception `e` with help supplied based on the
2025-01-10T07:26:38.6032756Z         specified issue_type.
2025-01-10T07:26:38.6033061Z         """
2025-01-10T07:26:38.6033309Z         if config.SHOW_HELP:
2025-01-10T07:26:38.6033670Z             help_msg = errors.error_extras[issue_type]
2025-01-10T07:26:38.6034379Z             e.patch_message('\n'.join((str(e).rstrip(), help_msg)))
2025-01-10T07:26:38.6034813Z         if config.FULL_TRACEBACKS:
2025-01-10T07:26:38.6035154Z             raise e
2025-01-10T07:26:38.6035409Z         else:
2025-01-10T07:26:38.6035673Z >           raise e.with_traceback(None)
2025-01-10T07:26:38.6036282Z E           numba.core.errors.TypingError: Failed in nopython mode pipeline (step: nopython frontend)
2025-01-10T07:26:38.6037318Z E           Internal error at <numba.core.typeinfer.CallConstraint object at 0x7f792442ae40>.
2025-01-10T07:26:38.6038319Z E           [1m[1mFailed in nopython mode pipeline (step: native lowering)
2025-01-10T07:26:38.6038910Z E           [1m[1mCan't index at [1] in [1 x i64]
2025-01-10T07:26:38.6039318Z E           [1m
2025-01-10T07:26:38.6039750Z E           File "tardis/opacities/opacity_state.py", line 82:[0m
2025-01-10T07:26:38.6040257Z E           [1m    def __init__(
2025-01-10T07:26:38.6040595Z E                   <source elided>
2025-01-10T07:26:38.6040984Z E                   self.line_list_nu = line_list_nu
2025-01-10T07:26:38.6041491Z E           [1m        self.tau_sobolev = tau_sobolev
2025-01-10T07:26:38.6042131Z E           [0m        [1m^[0m[0m
2025-01-10T07:26:38.6042517Z E           [0m
2025-01-10T07:26:38.6043415Z E           [0m[1mDuring: lowering "(self).tau_sobolev = tau_sobolev" at /home/runner/work/tardis/tardis/tardis/opacities/opacity_state.py (82)[0m
2025-01-10T07:26:38.6048831Z E           [0m[1mDuring: resolving callee type: jitclass.OpacityStateNumba#7f7931866cf0<electron_density:array(float64, 1d, A),t_electrons:array(float64, 1d, A),line_list_nu:array(float64, 1d, A),tau_sobolev:array(float64, 2d, A),transition_probabilities:array(float64, 2d, A),line2macro_level_upper:array(int64, 1d, A),macro_block_references:array(int64, 1d, A),transition_type:array(int64, 1d, A),destination_level_id:array(int64, 1d, A),transition_line_id:array(int64, 1d, A),bf_threshold_list_nu:array(float64, 1d, A),p_fb_deactivation:array(float64, 2d, A),photo_ion_nu_threshold_mins:array(float64, 1d, A),photo_ion_nu_threshold_maxs:array(float64, 1d, A),photo_ion_block_references:array(int64, 1d, A),chi_bf:array(float64, 2d, A),x_sect:array(float64, 1d, A),phot_nus:array(float64, 1d, A),ff_opacity_factor:array(float64, 1d, A),emissivities:array(float64, 2d, A),photo_ion_activation_idx:array(int64, 1d, A),k_packet_idx:int64>[0m
2025-01-10T07:26:38.6053268Z E           [0m[1mDuring: typing of call at <string> (3)
2025-01-10T07:26:38.6053717Z E           [0m
2025-01-10T07:26:38.6054027Z E           Enable logging at debug level for details.
2025-01-10T07:26:38.6054453Z E           [1m
2025-01-10T07:26:38.6054803Z E           File "<string>", line 3:[0m
2025-01-10T07:26:38.6055262Z E           [1m<source missing, REPL/exec in use?>[0m
2025-01-10T07:26:38.6055546Z 
2025-01-10T07:26:38.6055967Z ../../../micromamba/envs/tardis/lib/python3.12/site-packages/numba/core/dispatcher.py:409: TypingError
2025-01-10T07:26:38.6056762Z ----------------------------- Captured stdout call -----------------------------
2025-01-10T07:26:38.6057526Z [[1mtardis.io.model.parse_density_configuration[0m][[1;33mWARNING[0m]  
2025-01-10T07:26:38.6058648Z 	Number of density points larger than number of shells. Assuming inner point irrelevant ([1mparse_density_configuration.py[0m:114)
2025-01-10T07:26:38.6059581Z ------------------------------ Captured log call -------------------------------
2025-01-10T07:26:38.6060727Z WARNING  tardis.io.model.parse_density_configuration:parse_density_configuration.py:114 Number of density points larger than number of shells. Assuming inner point irrelevant
2025-01-10T07:26:38.6062078Z __________________________ test_montecarlo_continuum ___________________________
2025-01-10T07:26:38.6062431Z 
2025-01-10T07:26:38.6063454Z continuum_config = {'tardis_config_version': 'v1.0', 'supernova': {'luminosity_requested': <Quantity 4.31528298e+42 erg / s>, 'time_explo...': 10.0, 'survival_probability': 0.0, 'enable_biasing': False, 'virtual_packet_logging': False}}, 'config_dirname': ''}
2025-01-10T07:26:38.6065181Z regression_data = <tardis.tests.fixtures.regression_data.RegressionData object at 0x7f79246fd4f0>
2025-01-10T07:26:38.6066043Z nlte_atomic_dataset = <Atomic Data UUID=None MD5=None Lines=69056 Levels=26012>
2025-01-10T07:26:38.6066455Z 
2025-01-10T07:26:38.6066578Z     @pytest.mark.continuum
2025-01-10T07:26:38.6066905Z     def test_montecarlo_continuum(
2025-01-10T07:26:38.6067244Z         continuum_config,
2025-01-10T07:26:38.6067741Z         regression_data,
2025-01-10T07:26:38.6068062Z         nlte_atomic_dataset,
2025-01-10T07:26:38.6068363Z     ):
2025-01-10T07:26:38.6068666Z         nlte_atomic_dataset = deepcopy(nlte_atomic_dataset)
2025-01-10T07:26:38.6069127Z         continuum_simulation = Simulation.from_config(
2025-01-10T07:26:38.6069528Z             continuum_config,
2025-01-10T07:26:38.6069852Z             atom_data=nlte_atomic_dataset,
2025-01-10T07:26:38.6070237Z             virtual_packet_logging=False,
2025-01-10T07:26:38.6070601Z         )
2025-01-10T07:26:38.6070882Z         # continuum_simulation.run_convergence()
2025-01-10T07:26:38.6071281Z     
2025-01-10T07:26:38.6071556Z >       continuum_simulation.run_final()
2025-01-10T07:26:38.6071976Z 
2025-01-10T07:26:38.6072195Z tardis/transport/montecarlo/tests/test_continuum.py:23: 
2025-01-10T07:26:38.6072691Z _ _ _ _ _ _ _ _ _ _ _ _ _ _ _ _ _ _ _ _ _ _ _ _ _ _ _ _ _ _ _ _ _ _ _ _ _ _ _ _ 
2025-01-10T07:26:38.6073137Z tardis/simulation/base.py:558: in run_final
2025-01-10T07:26:38.6073621Z     emitted_luminosity, v_packets_energy_hist = self.iterate(
2025-01-10T07:26:38.6074103Z tardis/simulation/base.py:462: in iterate
2025-01-10T07:26:38.6074582Z     transport_state = self.transport.initialize_transport_state(
2025-01-10T07:26:38.6075229Z tardis/transport/montecarlo/base.py:129: in initialize_transport_state
2025-01-10T07:26:38.6075748Z     ).to_numba(
2025-01-10T07:26:38.6076075Z tardis/opacities/opacity_state.py:342: in to_numba
2025-01-10T07:26:38.6076492Z     return OpacityStateNumba(
2025-01-10T07:26:38.6077189Z ../../../micromamba/envs/tardis/lib/python3.12/site-packages/numba/experimental/jitclass/base.py:124: in __call__
2025-01-10T07:26:38.6077980Z     return cls._ctor(*bind.args[1:], **bind.kwargs)
2025-01-10T07:26:38.6078770Z ../../../micromamba/envs/tardis/lib/python3.12/site-packages/numba/core/dispatcher.py:468: in _compile_for_args
2025-01-10T07:26:38.6079536Z     error_rewrite(e, 'typing')
2025-01-10T07:26:38.6079962Z _ _ _ _ _ _ _ _ _ _ _ _ _ _ _ _ _ _ _ _ _ _ _ _ _ _ _ _ _ _ _ _ _ _ _ _ _ _ _ _ 
2025-01-10T07:26:38.6080262Z 
2025-01-10T07:26:38.6081269Z e = TypingError('Failed in nopython mode pipeline (step: nopython frontend)\nInternal error at <numba.core.typeinfer.CallC...bug level for details.\n\x1b[1m\nFile "<string>", line 3:\x1b[0m\n\x1b[1m<source missing, REPL/exec in use?>\x1b[0m\n')
2025-01-10T07:26:38.6082706Z issue_type = 'typing'
2025-01-10T07:26:38.6082901Z 
2025-01-10T07:26:38.6083023Z     def error_rewrite(e, issue_type):
2025-01-10T07:26:38.6083369Z         """
2025-01-10T07:26:38.6083741Z         Rewrite and raise Exception `e` with help supplied based on the
2025-01-10T07:26:38.6084239Z         specified issue_type.
2025-01-10T07:26:38.6084545Z         """
2025-01-10T07:26:38.6084809Z         if config.SHOW_HELP:
2025-01-10T07:26:38.6085163Z             help_msg = errors.error_extras[issue_type]
2025-01-10T07:26:38.6085650Z             e.patch_message('\n'.join((str(e).rstrip(), help_msg)))
2025-01-10T07:26:38.6086094Z         if config.FULL_TRACEBACKS:
2025-01-10T07:26:38.6086429Z             raise e
2025-01-10T07:26:38.6086683Z         else:
2025-01-10T07:26:38.6086973Z >           raise e.with_traceback(None)
2025-01-10T07:26:38.6087612Z E           numba.core.errors.TypingError: Failed in nopython mode pipeline (step: nopython frontend)
2025-01-10T07:26:38.6088440Z E           Internal error at <numba.core.typeinfer.CallConstraint object at 0x7f792442ae40>.
2025-01-10T07:26:38.6089241Z E           [1m[1mFailed in nopython mode pipeline (step: native lowering)
2025-01-10T07:26:38.6090018Z E           [1m[1mCan't index at [1] in [1 x i64]
2025-01-10T07:26:38.6090424Z E           [1m
2025-01-10T07:26:38.6090857Z E           File "tardis/opacities/opacity_state.py", line 82:[0m
2025-01-10T07:26:38.6091356Z E           [1m    def __init__(
2025-01-10T07:26:38.6091683Z E                   <source elided>
2025-01-10T07:26:38.6092219Z E                   self.line_list_nu = line_list_nu
2025-01-10T07:26:38.6092861Z E           [1m        self.tau_sobolev = tau_sobolev
2025-01-10T07:26:38.6093296Z E           [0m        [1m^[0m[0m
2025-01-10T07:26:38.6093650Z E           [0m
2025-01-10T07:26:38.6094489Z E           [0m[1mDuring: lowering "(self).tau_sobolev = tau_sobolev" at /home/runner/work/tardis/tardis/tardis/opacities/opacity_state.py (82)[0m
2025-01-10T07:26:38.6099844Z E           [0m[1mDuring: resolving callee type: jitclass.OpacityStateNumba#7f7931866cf0<electron_density:array(float64, 1d, A),t_electrons:array(float64, 1d, A),line_list_nu:array(float64, 1d, A),tau_sobolev:array(float64, 2d, A),transition_probabilities:array(float64, 2d, A),line2macro_level_upper:array(int64, 1d, A),macro_block_references:array(int64, 1d, A),transition_type:array(int64, 1d, A),destination_level_id:array(int64, 1d, A),transition_line_id:array(int64, 1d, A),bf_threshold_list_nu:array(float64, 1d, A),p_fb_deactivation:array(float64, 2d, A),photo_ion_nu_threshold_mins:array(float64, 1d, A),photo_ion_nu_threshold_maxs:array(float64, 1d, A),photo_ion_block_references:array(int64, 1d, A),chi_bf:array(float64, 2d, A),x_sect:array(float64, 1d, A),phot_nus:array(float64, 1d, A),ff_opacity_factor:array(float64, 1d, A),emissivities:array(float64, 2d, A),photo_ion_activation_idx:array(int64, 1d, A),k_packet_idx:int64>[0m
2025-01-10T07:26:38.6104227Z E           [0m[1mDuring: typing of call at <string> (3)
2025-01-10T07:26:38.6104666Z E           [0m
2025-01-10T07:26:38.6105013Z E           Enable logging at debug level for details.
2025-01-10T07:26:38.6105526Z E           [1m
2025-01-10T07:26:38.6105880Z E           File "<string>", line 3:[0m
2025-01-10T07:26:38.6106402Z E           [1m<source missing, REPL/exec in use?>[0m
2025-01-10T07:26:38.6106675Z 
2025-01-10T07:26:38.6107119Z ../../../micromamba/envs/tardis/lib/python3.12/site-packages/numba/core/dispatcher.py:409: TypingError
2025-01-10T07:26:38.6107897Z ----------------------------- Captured stdout call -----------------------------
2025-01-10T07:26:38.6108648Z [[1mtardis.io.model.parse_density_configuration[0m][[1;33mWARNING[0m]  
2025-01-10T07:26:38.6109803Z 	Number of density points larger than number of shells. Assuming inner point irrelevant ([1mparse_density_configuration.py[0m:114)
2025-01-10T07:26:38.6110873Z ------------------------------ Captured log call -------------------------------
2025-01-10T07:26:38.6112212Z WARNING  tardis.io.model.parse_density_configuration:parse_density_configuration.py:114 Number of density points larger than number of shells. Assuming inner point irrelevant
2025-01-10T07:26:38.6113279Z =============================== warnings summary ===============================
2025-01-10T07:26:38.6113762Z tardis/io/configuration/config_validator.py:6
2025-01-10T07:26:38.6114219Z tardis/io/configuration/config_validator.py:6
2025-01-10T07:26:38.6114977Z   /home/runner/work/tardis/tardis/tardis/io/configuration/config_validator.py:6: DeprecationWarning:
2025-01-10T07:26:38.6115676Z   
2025-01-10T07:26:38.6117599Z   jsonschema.RefResolver is deprecated as of v4.18.0, in favor of the https://github.com/python-jsonschema/referencing library, which provides more compliant referencing behavior as well as more flexible APIs for customization. A future release will remove RefResolver. Please file a feature request (on referencing) if you are missing an API for the kind of customization you need.
2025-01-10T07:26:38.6119495Z 
2025-01-10T07:26:38.6119847Z ../../../micromamba/envs/tardis/lib/python3.12/site-packages/jupyter_client/connect.py:22
2025-01-10T07:26:38.6121058Z   /home/runner/micromamba/envs/tardis/lib/python3.12/site-packages/jupyter_client/connect.py:22: DeprecationWarning:
2025-01-10T07:26:38.6121967Z   
2025-01-10T07:26:38.6122312Z   Jupyter is migrating its paths to use standard platformdirs
2025-01-10T07:26:38.6122881Z   given by the platformdirs library.  To remove this warning and
2025-01-10T07:26:38.6123462Z   see the appropriate new directories, set the environment variable
2025-01-10T07:26:38.6124216Z   `JUPYTER_PLATFORM_DIRS=1` and then run `jupyter --paths`.
2025-01-10T07:26:38.6124783Z   The use of platformdirs will be the default in `jupyter_core` v6
2025-01-10T07:26:38.6125151Z 
2025-01-10T07:26:38.6130329Z tardis/transport/montecarlo/estimators/tests/test_continuum_property_solver.py::test_continuum_estimators
2025-01-10T07:26:38.6131156Z   <string>:3: NumbaPendingDeprecationWarning:
2025-01-10T07:26:38.6131549Z   
2025-01-10T07:26:38.6133621Z   [1m[1mCode using Numba extension API maybe depending on 'old_style' error-capturing, which is deprecated and will be replaced by 'new_style' in a future release. See details at https://numba.readthedocs.io/en/latest/reference/deprecation.html#deprecation-of-old-style-numba-captured-errors
2025-01-10T07:26:38.6135214Z   Exception origin:
2025-01-10T07:26:38.6135998Z     File "/home/runner/micromamba/envs/tardis/lib/python3.12/site-packages/llvmlite/ir/instructions.py", line 672, in __init__
2025-01-10T07:26:38.6136874Z       raise TypeError("Can't index at %r in %s"
2025-01-10T07:26:38.6137295Z   [0m[0m
2025-01-10T07:26:38.6137450Z 
2025-01-10T07:26:38.6137731Z -- Docs: https://docs.pytest.org/en/stable/how-to/capture-warnings.html
2025-01-10T07:26:38.6138145Z 
2025-01-10T07:26:38.6138373Z ---------- coverage: platform linux, python 3.12.4-final-0 -----------
2025-01-10T07:26:38.6138908Z Coverage HTML written to dir coverage_html_report
2025-01-10T07:26:38.6139337Z Coverage XML written to file coverage.xml
2025-01-10T07:26:38.6139598Z 
2025-01-10T07:26:38.6139784Z =========================== short test summary info ============================
2025-01-10T07:26:38.6141089Z FAILED tardis/transport/montecarlo/estimators/tests/test_continuum_property_solver.py::test_continuum_estimators - numba.core.errors.TypingError: Failed in nopython mode pipeline (step: nopython frontend)
2025-01-10T07:26:38.6142698Z Internal error at <numba.core.typeinfer.CallConstraint object at 0x7f792442ae40>.
2025-01-10T07:26:38.6143440Z [1m[1mFailed in nopython mode pipeline (step: native lowering)
2025-01-10T07:26:38.6143980Z [1m[1mCan't index at [1] in [1 x i64]
2025-01-10T07:26:38.6144348Z [1m
2025-01-10T07:26:38.6144729Z File "tardis/opacities/opacity_state.py", line 82:[0m
2025-01-10T07:26:38.6145208Z [1m    def __init__(
2025-01-10T07:26:38.6145493Z         <source elided>
2025-01-10T07:26:38.6145806Z         self.line_list_nu = line_list_nu
2025-01-10T07:26:38.6146243Z [1m        self.tau_sobolev = tau_sobolev
2025-01-10T07:26:38.6146645Z [0m        [1m^[0m[0m
2025-01-10T07:26:38.6146955Z [0m
2025-01-10T07:26:38.6147785Z [0m[1mDuring: lowering "(self).tau_sobolev = tau_sobolev" at /home/runner/work/tardis/tardis/tardis/opacities/opacity_state.py (82)[0m
2025-01-10T07:26:38.6153334Z [0m[1mDuring: resolving callee type: jitclass.OpacityStateNumba#7f7931866cf0<electron_density:array(float64, 1d, A),t_electrons:array(float64, 1d, A),line_list_nu:array(float64, 1d, A),tau_sobolev:array(float64, 2d, A),transition_probabilities:array(float64, 2d, A),line2macro_level_upper:array(int64, 1d, A),macro_block_references:array(int64, 1d, A),transition_type:array(int64, 1d, A),destination_level_id:array(int64, 1d, A),transition_line_id:array(int64, 1d, A),bf_threshold_list_nu:array(float64, 1d, A),p_fb_deactivation:array(float64, 2d, A),photo_ion_nu_threshold_mins:array(float64, 1d, A),photo_ion_nu_threshold_maxs:array(float64, 1d, A),photo_ion_block_references:array(int64, 1d, A),chi_bf:array(float64, 2d, A),x_sect:array(float64, 1d, A),phot_nus:array(float64, 1d, A),ff_opacity_factor:array(float64, 1d, A),emissivities:array(float64, 2d, A),photo_ion_activation_idx:array(int64, 1d, A),k_packet_idx:int64>[0m
2025-01-10T07:26:38.6157684Z [0m[1mDuring: typing of call at <string> (3)
2025-01-10T07:26:38.6158088Z [0m
2025-01-10T07:26:38.6158362Z Enable logging at debug level for details.
2025-01-10T07:26:38.6158760Z [1m
2025-01-10T07:26:38.6159061Z File "<string>", line 3:[0m
2025-01-10T07:26:38.6159478Z [1m<source missing, REPL/exec in use?>[0m
2025-01-10T07:26:38.6160787Z FAILED tardis/transport/montecarlo/tests/test_continuum.py::test_montecarlo_continuum - numba.core.errors.TypingError: Failed in nopython mode pipeline (step: nopython frontend)
2025-01-10T07:26:38.6162217Z Internal error at <numba.core.typeinfer.CallConstraint object at 0x7f792442ae40>.
2025-01-10T07:26:38.6162964Z [1m[1mFailed in nopython mode pipeline (step: native lowering)
2025-01-10T07:26:38.6163507Z [1m[1mCan't index at [1] in [1 x i64]
2025-01-10T07:26:38.6163864Z [1m
2025-01-10T07:26:38.6164252Z File "tardis/opacities/opacity_state.py", line 82:[0m
2025-01-10T07:26:38.6164711Z [1m    def __init__(
2025-01-10T07:26:38.6164994Z         <source elided>
2025-01-10T07:26:38.6165315Z         self.line_list_nu = line_list_nu
2025-01-10T07:26:38.6165772Z [1m        self.tau_sobolev = tau_sobolev
2025-01-10T07:26:38.6166211Z [0m        [1m^[0m[0m
2025-01-10T07:26:38.6166516Z [0m
2025-01-10T07:26:38.6167341Z [0m[1mDuring: lowering "(self).tau_sobolev = tau_sobolev" at /home/runner/work/tardis/tardis/tardis/opacities/opacity_state.py (82)[0m
2025-01-10T07:26:38.6172904Z [0m[1mDuring: resolving callee type: jitclass.OpacityStateNumba#7f7931866cf0<electron_density:array(float64, 1d, A),t_electrons:array(float64, 1d, A),line_list_nu:array(float64, 1d, A),tau_sobolev:array(float64, 2d, A),transition_probabilities:array(float64, 2d, A),line2macro_level_upper:array(int64, 1d, A),macro_block_references:array(int64, 1d, A),transition_type:array(int64, 1d, A),destination_level_id:array(int64, 1d, A),transition_line_id:array(int64, 1d, A),bf_threshold_list_nu:array(float64, 1d, A),p_fb_deactivation:array(float64, 2d, A),photo_ion_nu_threshold_mins:array(float64, 1d, A),photo_ion_nu_threshold_maxs:array(float64, 1d, A),photo_ion_block_references:array(int64, 1d, A),chi_bf:array(float64, 2d, A),x_sect:array(float64, 1d, A),phot_nus:array(float64, 1d, A),ff_opacity_factor:array(float64, 1d, A),emissivities:array(float64, 2d, A),photo_ion_activation_idx:array(int64, 1d, A),k_packet_idx:int64>[0m
2025-01-10T07:26:38.6177017Z [0m[1mDuring: typing of call at <string> (3)
2025-01-10T07:26:38.6177420Z [0m
2025-01-10T07:26:38.6177680Z Enable logging at debug level for details.
2025-01-10T07:26:38.6178060Z [1m
2025-01-10T07:26:38.6178352Z File "<string>", line 3:[0m
2025-01-10T07:26:38.6178760Z [1m<source missing, REPL/exec in use?>[0m
2025-01-10T07:26:38.6179245Z ========== 2 failed, 1794 deselected, 4 warnings in 81.72s (0:01:21) ===========
2025-01-10T07:26:39.5676953Z ##[error]Process completed with exit code 1.
2025-01-10T07:26:39.5750554Z Post job cleanup.
2025-01-10T07:26:39.5781708Z Post job cleanup.
2025-01-10T07:26:39.7110829Z Will use pre-installed micromamba at /home/runner/micromamba-bin/micromamba
2025-01-10T07:26:39.7117489Z Removing micromamba run shell ...
2025-01-10T07:26:39.7120906Z ##[group]Deinitialize micromamba for bash
2025-01-10T07:26:39.7139374Z [command]/home/runner/micromamba-bin/micromamba shell deinit -s bash -r /home/runner/micromamba --log-level warning --rc-file /home/runner/work/_temp/setup-micromamba/.condarc
2025-01-10T07:26:39.7241211Z Resetting RC file "/home/runner/.bashrc"
2025-01-10T07:26:39.7241712Z Deleting config for root prefix 
2025-01-10T07:26:39.7242494Z Clearing mamba executable environment variable
2025-01-10T07:26:39.7244414Z Removing the following in your "/home/runner/.bashrc" file
2025-01-10T07:26:39.7244963Z # >>> mamba initialize >>>
2025-01-10T07:26:39.7245304Z ...
2025-01-10T07:26:39.7245578Z # <<< mamba initialize <<<
2025-01-10T07:26:39.7274347Z Removing mamba initialize block from .bash_profile
2025-01-10T07:26:39.7289005Z ##[endgroup]
2025-01-10T07:26:39.7293674Z Removing environment tardis from auto-activate bash ...
2025-01-10T07:26:39.7417774Z Post job cleanup.
2025-01-10T07:26:39.7469520Z Post job cleanup.
2025-01-10T07:26:39.8461559Z [command]/usr/bin/git version
2025-01-10T07:26:39.8497999Z git version 2.47.1
2025-01-10T07:26:39.8541295Z Temporarily overriding HOME='/home/runner/work/_temp/69382e49-0ae7-4e14-96ae-ed5e502f4477' before making global git config changes
2025-01-10T07:26:39.8542847Z Adding repository directory to the temporary git global config as a safe directory
2025-01-10T07:26:39.8554618Z [command]/usr/bin/git config --global --add safe.directory /home/runner/work/tardis/tardis/tardis-regression-data
2025-01-10T07:26:39.8589015Z [command]/usr/bin/git config --local --name-only --get-regexp core\.sshCommand
2025-01-10T07:26:39.8620913Z [command]/usr/bin/git submodule foreach --recursive sh -c "git config --local --name-only --get-regexp 'core\.sshCommand' && git config --local --unset-all 'core.sshCommand' || :"
2025-01-10T07:26:39.8851328Z [command]/usr/bin/git config --local --name-only --get-regexp http\.https\:\/\/github\.com\/\.extraheader
2025-01-10T07:26:39.8871867Z http.https://github.com/.extraheader
2025-01-10T07:26:39.8885090Z [command]/usr/bin/git config --local --unset-all http.https://github.com/.extraheader
2025-01-10T07:26:39.8916478Z [command]/usr/bin/git submodule foreach --recursive sh -c "git config --local --name-only --get-regexp 'http\.https\:\/\/github\.com\/\.extraheader' && git config --local --unset-all 'http.https://github.com/.extraheader' || :"
2025-01-10T07:26:39.9258645Z Post job cleanup.
2025-01-10T07:26:40.0227076Z [command]/usr/bin/git version
2025-01-10T07:26:40.0281351Z git version 2.47.1
2025-01-10T07:26:40.0345485Z Temporarily overriding HOME='/home/runner/work/_temp/10c6fa3a-b420-4ef1-9f6f-a0ec80af7963' before making global git config changes
2025-01-10T07:26:40.0347055Z Adding repository directory to the temporary git global config as a safe directory
2025-01-10T07:26:40.0363693Z [command]/usr/bin/git config --global --add safe.directory /home/runner/work/tardis/tardis
2025-01-10T07:26:40.0406672Z [command]/usr/bin/git config --local --name-only --get-regexp core\.sshCommand
2025-01-10T07:26:40.0444667Z [command]/usr/bin/git submodule foreach --recursive sh -c "git config --local --name-only --get-regexp 'core\.sshCommand' && git config --local --unset-all 'core.sshCommand' || :"
2025-01-10T07:26:40.0695311Z [command]/usr/bin/git config --local --name-only --get-regexp http\.https\:\/\/github\.com\/\.extraheader
2025-01-10T07:26:40.0718260Z http.https://github.com/.extraheader
2025-01-10T07:26:40.0731293Z [command]/usr/bin/git config --local --unset-all http.https://github.com/.extraheader
2025-01-10T07:26:40.0764630Z [command]/usr/bin/git submodule foreach --recursive sh -c "git config --local --name-only --get-regexp 'http\.https\:\/\/github\.com\/\.extraheader' && git config --local --unset-all 'http.https://github.com/.extraheader' || :"
2025-01-10T07:26:40.1119600Z Cleaning up orphan processes
