2025-02-21T10:38:13.3326405Z Requested labels: ubuntu-latest
2025-02-21T10:38:13.3326805Z Job defined at: tardis-sn/tardis/.github/workflows/tests.yml@refs/pull/2977/merge
2025-02-21T10:38:13.3326947Z Waiting for a runner to pick up this job...
2025-02-21T10:38:13.5875275Z Job is waiting for a hosted runner to come online.
2025-02-21T10:38:16.7598891Z Job is about to start running on the hosted runner: GitHub Actions 11 (hosted)
2025-02-21T10:38:18.4661841Z Current runner version: '2.322.0'
2025-02-21T10:38:18.4687438Z ##[group]Operating System
2025-02-21T10:38:18.4688310Z Ubuntu
2025-02-21T10:38:18.4688864Z 24.04.1
2025-02-21T10:38:18.4689410Z LTS
2025-02-21T10:38:18.4689911Z ##[endgroup]
2025-02-21T10:38:18.4690457Z ##[group]Runner Image
2025-02-21T10:38:18.4691083Z Image: ubuntu-24.04
2025-02-21T10:38:18.4691591Z Version: 20250209.1.0
2025-02-21T10:38:18.4692644Z Included Software: https://github.com/actions/runner-images/blob/ubuntu24/20250209.1/images/ubuntu/Ubuntu2404-Readme.md
2025-02-21T10:38:18.4694269Z Image Release: https://github.com/actions/runner-images/releases/tag/ubuntu24%2F20250209.1
2025-02-21T10:38:18.4695206Z ##[endgroup]
2025-02-21T10:38:18.4695725Z ##[group]Runner Image Provisioner
2025-02-21T10:38:18.4696363Z 2.0.422.1
2025-02-21T10:38:18.4696863Z ##[endgroup]
2025-02-21T10:38:18.4698996Z ##[group]GITHUB_TOKEN Permissions
2025-02-21T10:38:18.4700971Z Actions: read
2025-02-21T10:38:18.4701791Z Attestations: read
2025-02-21T10:38:18.4702482Z Checks: read
2025-02-21T10:38:18.4703200Z Contents: read
2025-02-21T10:38:18.4703789Z Deployments: read
2025-02-21T10:38:18.4704299Z Discussions: read
2025-02-21T10:38:18.4704868Z Issues: read
2025-02-21T10:38:18.4705411Z Metadata: read
2025-02-21T10:38:18.4705922Z Packages: read
2025-02-21T10:38:18.4706509Z Pages: read
2025-02-21T10:38:18.4706986Z PullRequests: read
2025-02-21T10:38:18.4707535Z RepositoryProjects: read
2025-02-21T10:38:18.4708187Z SecurityEvents: read
2025-02-21T10:38:18.4708745Z Statuses: read
2025-02-21T10:38:18.4709237Z ##[endgroup]
2025-02-21T10:38:18.4712093Z Secret source: None
2025-02-21T10:38:18.4712798Z Prepare workflow directory
2025-02-21T10:38:18.5337446Z Prepare all required actions
2025-02-21T10:38:18.5373705Z Getting action download info
2025-02-21T10:38:18.6950953Z ##[group]Download immutable action package 'actions/checkout@v4'
2025-02-21T10:38:18.6952132Z Version: 4.2.2
2025-02-21T10:38:18.6953321Z Digest: sha256:ccb2698953eaebd21c7bf6268a94f9c26518a7e38e27e0b83c1fe1ad049819b1
2025-02-21T10:38:18.6954458Z Source commit SHA: 11bd71901bbe5b1630ceea73d27597364c9af683
2025-02-21T10:38:18.6955076Z ##[endgroup]
2025-02-21T10:38:18.7833569Z ##[group]Download immutable action package 'actions/upload-artifact@v4'
2025-02-21T10:38:18.7834318Z Version: 4.6.0
2025-02-21T10:38:18.7834962Z Digest: sha256:bf85474c8423f9cd48bd2caf3ce5adb1711e2dfdb055b040bd36b044e4290329
2025-02-21T10:38:18.7835832Z Source commit SHA: 65c4c4a1ddee5b72f698fdd19549f0f0fb45cf08
2025-02-21T10:38:18.7836435Z ##[endgroup]
2025-02-21T10:38:18.9561477Z Complete job name: not continuum ubuntu-latest 
2025-02-21T10:38:19.0298009Z ##[group]Run actions/checkout@v4
2025-02-21T10:38:19.0298982Z with:
2025-02-21T10:38:19.0299401Z   repository: tardis-sn/tardis
2025-02-21T10:38:19.0300050Z   token: ***
2025-02-21T10:38:19.0300449Z   ssh-strict: true
2025-02-21T10:38:19.0300855Z   ssh-user: git
2025-02-21T10:38:19.0301266Z   persist-credentials: true
2025-02-21T10:38:19.0301771Z   clean: true
2025-02-21T10:38:19.0302181Z   sparse-checkout-cone-mode: true
2025-02-21T10:38:19.0302692Z   fetch-depth: 1
2025-02-21T10:38:19.0303385Z   fetch-tags: false
2025-02-21T10:38:19.0303821Z   show-progress: true
2025-02-21T10:38:19.0304293Z   lfs: false
2025-02-21T10:38:19.0304730Z   submodules: false
2025-02-21T10:38:19.0305200Z   set-safe-directory: true
2025-02-21T10:38:19.0305941Z env:
2025-02-21T10:38:19.0306313Z   CACHE_NUMBER: 0
2025-02-21T10:38:19.0307472Z   PYTEST_FLAGS: --tardis-regression-data=/home/runner/work/tardis/tardis/tardis-regression-data --cov=tardis --cov-report=xml --cov-report=html --cov-append
2025-02-21T10:38:19.0308756Z   CODECOV_TOKEN: 
2025-02-21T10:38:19.0309153Z ##[endgroup]
2025-02-21T10:38:19.2710763Z Syncing repository: tardis-sn/tardis
2025-02-21T10:38:19.2713587Z ##[group]Getting Git version info
2025-02-21T10:38:19.2714311Z Working directory is '/home/runner/work/tardis/tardis'
2025-02-21T10:38:19.2715226Z [command]/usr/bin/git version
2025-02-21T10:38:19.2798116Z git version 2.48.1
2025-02-21T10:38:19.2827099Z ##[endgroup]
2025-02-21T10:38:19.2841243Z Temporarily overriding HOME='/home/runner/work/_temp/e8a8d34f-4b7e-4b7d-b28b-15a2235e50f4' before making global git config changes
2025-02-21T10:38:19.2843355Z Adding repository directory to the temporary git global config as a safe directory
2025-02-21T10:38:19.2847493Z [command]/usr/bin/git config --global --add safe.directory /home/runner/work/tardis/tardis
2025-02-21T10:38:19.2888754Z Deleting the contents of '/home/runner/work/tardis/tardis'
2025-02-21T10:38:19.2892538Z ##[group]Initializing the repository
2025-02-21T10:38:19.2896711Z [command]/usr/bin/git init /home/runner/work/tardis/tardis
2025-02-21T10:38:19.2971050Z hint: Using 'master' as the name for the initial branch. This default branch name
2025-02-21T10:38:19.2972186Z hint: is subject to change. To configure the initial branch name to use in all
2025-02-21T10:38:19.2973488Z hint: of your new repositories, which will suppress this warning, call:
2025-02-21T10:38:19.2974319Z hint:
2025-02-21T10:38:19.2974823Z hint: 	git config --global init.defaultBranch <name>
2025-02-21T10:38:19.2975403Z hint:
2025-02-21T10:38:19.2975969Z hint: Names commonly chosen instead of 'master' are 'main', 'trunk' and
2025-02-21T10:38:19.2976998Z hint: 'development'. The just-created branch can be renamed via this command:
2025-02-21T10:38:19.2978252Z hint:
2025-02-21T10:38:19.2978921Z hint: 	git branch -m <name>
2025-02-21T10:38:19.2980608Z Initialized empty Git repository in /home/runner/work/tardis/tardis/.git/
2025-02-21T10:38:19.2991909Z [command]/usr/bin/git remote add origin https://github.com/tardis-sn/tardis
2025-02-21T10:38:19.3027808Z ##[endgroup]
2025-02-21T10:38:19.3028500Z ##[group]Disabling automatic garbage collection
2025-02-21T10:38:19.3032067Z [command]/usr/bin/git config --local gc.auto 0
2025-02-21T10:38:19.3060219Z ##[endgroup]
2025-02-21T10:38:19.3060875Z ##[group]Setting up auth
2025-02-21T10:38:19.3067480Z [command]/usr/bin/git config --local --name-only --get-regexp core\.sshCommand
2025-02-21T10:38:19.3097214Z [command]/usr/bin/git submodule foreach --recursive sh -c "git config --local --name-only --get-regexp 'core\.sshCommand' && git config --local --unset-all 'core.sshCommand' || :"
2025-02-21T10:38:19.3438891Z [command]/usr/bin/git config --local --name-only --get-regexp http\.https\:\/\/github\.com\/\.extraheader
2025-02-21T10:38:19.3472112Z [command]/usr/bin/git submodule foreach --recursive sh -c "git config --local --name-only --get-regexp 'http\.https\:\/\/github\.com\/\.extraheader' && git config --local --unset-all 'http.https://github.com/.extraheader' || :"
2025-02-21T10:38:19.3697970Z [command]/usr/bin/git config --local http.https://github.com/.extraheader AUTHORIZATION: basic ***
2025-02-21T10:38:19.3733993Z ##[endgroup]
2025-02-21T10:38:19.3735312Z ##[group]Fetching the repository
2025-02-21T10:38:19.3746485Z [command]/usr/bin/git -c protocol.version=2 fetch --no-tags --prune --no-recurse-submodules --depth=1 origin +b02d6440c8fc0787814f96f8ff34625d1a357067:refs/remotes/pull/2977/merge
2025-02-21T10:38:20.5532576Z From https://github.com/tardis-sn/tardis
2025-02-21T10:38:20.5535371Z  * [new ref]         b02d6440c8fc0787814f96f8ff34625d1a357067 -> pull/2977/merge
2025-02-21T10:38:20.5559845Z ##[endgroup]
2025-02-21T10:38:20.5561275Z ##[group]Determining the checkout info
2025-02-21T10:38:20.5562685Z ##[endgroup]
2025-02-21T10:38:20.5566858Z [command]/usr/bin/git sparse-checkout disable
2025-02-21T10:38:20.5606911Z [command]/usr/bin/git config --local --unset-all extensions.worktreeConfig
2025-02-21T10:38:20.5634373Z ##[group]Checking out the ref
2025-02-21T10:38:20.5637579Z [command]/usr/bin/git checkout --progress --force refs/remotes/pull/2977/merge
2025-02-21T10:38:20.7645257Z Note: switching to 'refs/remotes/pull/2977/merge'.
2025-02-21T10:38:20.7646739Z 
2025-02-21T10:38:20.7647736Z You are in 'detached HEAD' state. You can look around, make experimental
2025-02-21T10:38:20.7651204Z changes and commit them, and you can discard any commits you make in this
2025-02-21T10:38:20.7653552Z state without impacting any branches by switching back to a branch.
2025-02-21T10:38:20.7655177Z 
2025-02-21T10:38:20.7656014Z If you want to create a new branch to retain commits you create, you may
2025-02-21T10:38:20.7657941Z do so (now or later) by using -c with the switch command. Example:
2025-02-21T10:38:20.7659042Z 
2025-02-21T10:38:20.7659533Z   git switch -c <new-branch-name>
2025-02-21T10:38:20.7660380Z 
2025-02-21T10:38:20.7660862Z Or undo this operation with:
2025-02-21T10:38:20.7661625Z 
2025-02-21T10:38:20.7662043Z   git switch -
2025-02-21T10:38:20.7662673Z 
2025-02-21T10:38:20.7663975Z Turn off this advice by setting config variable advice.detachedHead to false
2025-02-21T10:38:20.7665457Z 
2025-02-21T10:38:20.7666828Z HEAD is now at b02d644 Merge 0c46ea33e1a266d343390ebca3fa566f557e253b into cec8b531cc56e66219fe3ca2efdbf837c008b852
2025-02-21T10:38:20.7673526Z ##[endgroup]
2025-02-21T10:38:20.7718500Z [command]/usr/bin/git log -1 --format=%H
2025-02-21T10:38:20.7744481Z b02d6440c8fc0787814f96f8ff34625d1a357067
2025-02-21T10:38:20.8033313Z Prepare all required actions
2025-02-21T10:38:20.8033864Z Getting action download info
2025-02-21T10:38:20.9307793Z ##[group]Download immutable action package 'actions/cache@v4'
2025-02-21T10:38:20.9308334Z Version: 4.2.1
2025-02-21T10:38:20.9308836Z Digest: sha256:b0404c9628d43aa6855629075b28f32cadf8efc5c26198438149f78500112940
2025-02-21T10:38:20.9309515Z Source commit SHA: 0c907a75c2c80ebcb7f088228285e798b750cf8f
2025-02-21T10:38:20.9309988Z ##[endgroup]
2025-02-21T10:38:21.1556153Z ##[group]Run ./.github/actions/setup_lfs
2025-02-21T10:38:21.1556535Z with:
2025-02-21T10:38:21.1556851Z   regression-data-repo: tardis-sn/tardis-regression-data
2025-02-21T10:38:21.1557252Z   atom-data-sparse: false
2025-02-21T10:38:21.1557526Z env:
2025-02-21T10:38:21.1557753Z   CACHE_NUMBER: 0
2025-02-21T10:38:21.1558495Z   PYTEST_FLAGS: --tardis-regression-data=/home/runner/work/tardis/tardis/tardis-regression-data --cov=tardis --cov-report=xml --cov-report=html --cov-append
2025-02-21T10:38:21.1559323Z   CODECOV_TOKEN: 
2025-02-21T10:38:21.1559582Z ##[endgroup]
2025-02-21T10:38:21.1706482Z ##[group]Run actions/checkout@v4
2025-02-21T10:38:21.1706828Z with:
2025-02-21T10:38:21.1707139Z   repository: tardis-sn/tardis-regression-data
2025-02-21T10:38:21.1707527Z   path: tardis-regression-data
2025-02-21T10:38:21.1707844Z   lfs: false
2025-02-21T10:38:21.1708247Z   token: ***
2025-02-21T10:38:21.1708518Z   ssh-strict: true
2025-02-21T10:38:21.1708800Z   ssh-user: git
2025-02-21T10:38:21.1709091Z   persist-credentials: true
2025-02-21T10:38:21.1709399Z   clean: true
2025-02-21T10:38:21.1709692Z   sparse-checkout-cone-mode: true
2025-02-21T10:38:21.1710025Z   fetch-depth: 1
2025-02-21T10:38:21.1710304Z   fetch-tags: false
2025-02-21T10:38:21.1710585Z   show-progress: true
2025-02-21T10:38:21.1710866Z   submodules: false
2025-02-21T10:38:21.1711154Z   set-safe-directory: true
2025-02-21T10:38:21.1711451Z env:
2025-02-21T10:38:21.1711698Z   CACHE_NUMBER: 0
2025-02-21T10:38:21.1712455Z   PYTEST_FLAGS: --tardis-regression-data=/home/runner/work/tardis/tardis/tardis-regression-data --cov=tardis --cov-report=xml --cov-report=html --cov-append
2025-02-21T10:38:21.1713377Z   CODECOV_TOKEN: 
2025-02-21T10:38:21.1713646Z ##[endgroup]
2025-02-21T10:38:21.2640042Z Syncing repository: tardis-sn/tardis-regression-data
2025-02-21T10:38:21.2645383Z ##[group]Getting Git version info
2025-02-21T10:38:21.2646021Z Working directory is '/home/runner/work/tardis/tardis/tardis-regression-data'
2025-02-21T10:38:21.2688587Z [command]/usr/bin/git version
2025-02-21T10:38:21.2730484Z git version 2.48.1
2025-02-21T10:38:21.2756106Z ##[endgroup]
2025-02-21T10:38:21.2769066Z Temporarily overriding HOME='/home/runner/work/_temp/ac515ef4-d09b-4a75-908f-aa49443b1d63' before making global git config changes
2025-02-21T10:38:21.2770659Z Adding repository directory to the temporary git global config as a safe directory
2025-02-21T10:38:21.2775725Z [command]/usr/bin/git config --global --add safe.directory /home/runner/work/tardis/tardis/tardis-regression-data
2025-02-21T10:38:21.2808922Z ##[group]Initializing the repository
2025-02-21T10:38:21.2813736Z [command]/usr/bin/git init /home/runner/work/tardis/tardis/tardis-regression-data
2025-02-21T10:38:21.2850572Z hint: Using 'master' as the name for the initial branch. This default branch name
2025-02-21T10:38:21.2851964Z hint: is subject to change. To configure the initial branch name to use in all
2025-02-21T10:38:21.2855680Z hint: of your new repositories, which will suppress this warning, call:
2025-02-21T10:38:21.2856458Z hint:
2025-02-21T10:38:21.2856986Z hint: 	git config --global init.defaultBranch <name>
2025-02-21T10:38:21.2857606Z hint:
2025-02-21T10:38:21.2858197Z hint: Names commonly chosen instead of 'master' are 'main', 'trunk' and
2025-02-21T10:38:21.2859150Z hint: 'development'. The just-created branch can be renamed via this command:
2025-02-21T10:38:21.2859921Z hint:
2025-02-21T10:38:21.2860353Z hint: 	git branch -m <name>
2025-02-21T10:38:21.2861529Z Initialized empty Git repository in /home/runner/work/tardis/tardis/tardis-regression-data/.git/
2025-02-21T10:38:21.2867142Z [command]/usr/bin/git remote add origin https://github.com/tardis-sn/tardis-regression-data
2025-02-21T10:38:21.2900444Z ##[endgroup]
2025-02-21T10:38:21.2901126Z ##[group]Disabling automatic garbage collection
2025-02-21T10:38:21.2907200Z [command]/usr/bin/git config --local gc.auto 0
2025-02-21T10:38:21.2940351Z ##[endgroup]
2025-02-21T10:38:21.2941001Z ##[group]Setting up auth
2025-02-21T10:38:21.2949791Z [command]/usr/bin/git config --local --name-only --get-regexp core\.sshCommand
2025-02-21T10:38:21.2983812Z [command]/usr/bin/git submodule foreach --recursive sh -c "git config --local --name-only --get-regexp 'core\.sshCommand' && git config --local --unset-all 'core.sshCommand' || :"
2025-02-21T10:38:21.3229881Z [command]/usr/bin/git config --local --name-only --get-regexp http\.https\:\/\/github\.com\/\.extraheader
2025-02-21T10:38:21.3264978Z [command]/usr/bin/git submodule foreach --recursive sh -c "git config --local --name-only --get-regexp 'http\.https\:\/\/github\.com\/\.extraheader' && git config --local --unset-all 'http.https://github.com/.extraheader' || :"
2025-02-21T10:38:21.3513949Z [command]/usr/bin/git config --local http.https://github.com/.extraheader AUTHORIZATION: basic ***
2025-02-21T10:38:21.3555511Z ##[endgroup]
2025-02-21T10:38:21.3556148Z ##[group]Determining the default branch
2025-02-21T10:38:21.3560566Z Retrieving the default branch name
2025-02-21T10:38:21.5913267Z Default branch 'main'
2025-02-21T10:38:21.5914050Z ##[endgroup]
2025-02-21T10:38:21.5914661Z ##[group]Fetching the repository
2025-02-21T10:38:21.5921789Z [command]/usr/bin/git -c protocol.version=2 fetch --no-tags --prune --no-recurse-submodules --depth=1 origin +refs/heads/main:refs/remotes/origin/main
2025-02-21T10:38:21.8551620Z From https://github.com/tardis-sn/tardis-regression-data
2025-02-21T10:38:21.8552472Z  * [new branch]      main       -> origin/main
2025-02-21T10:38:21.8577793Z ##[endgroup]
2025-02-21T10:38:21.8578484Z ##[group]Determining the checkout info
2025-02-21T10:38:21.8579508Z ##[endgroup]
2025-02-21T10:38:21.8585035Z [command]/usr/bin/git sparse-checkout disable
2025-02-21T10:38:21.8621646Z [command]/usr/bin/git config --local --unset-all extensions.worktreeConfig
2025-02-21T10:38:21.8649234Z ##[group]Checking out the ref
2025-02-21T10:38:21.8653217Z [command]/usr/bin/git checkout --progress --force -B main refs/remotes/origin/main
2025-02-21T10:38:22.4728211Z Switched to a new branch 'main'
2025-02-21T10:38:22.4729955Z branch 'main' set up to track 'origin/main'.
2025-02-21T10:38:22.4990032Z ##[endgroup]
2025-02-21T10:38:22.5028293Z [command]/usr/bin/git log -1 --format=%H
2025-02-21T10:38:22.5052063Z 84e768462f20f09fbccc05625cdcc1d8ffbe404c
2025-02-21T10:38:22.5186838Z ##[group]Run if [ "false" == "true" ]; then
2025-02-21T10:38:22.5187213Z [36;1mif [ "false" == "true" ]; then[0m
2025-02-21T10:38:22.5187525Z [36;1m  echo "Using atom data sparse checkout"[0m
2025-02-21T10:38:22.5188192Z [36;1m  echo "atom_data/kurucz_cd23_chianti_H_He.h5" > .lfs-files-list[0m
2025-02-21T10:38:22.5188524Z [36;1melse[0m
2025-02-21T10:38:22.5188739Z [36;1m  echo "Using full repository checkout"[0m
2025-02-21T10:38:22.5189094Z [36;1m  git lfs ls-files -l | cut -d' ' -f1 | sort > .lfs-files-list[0m
2025-02-21T10:38:22.5189430Z [36;1mfi[0m
2025-02-21T10:38:22.5370396Z shell: /usr/bin/bash --noprofile --norc -e -o pipefail {0}
2025-02-21T10:38:22.5370822Z env:
2025-02-21T10:38:22.5371048Z   CACHE_NUMBER: 0
2025-02-21T10:38:22.5371831Z   PYTEST_FLAGS: --tardis-regression-data=/home/runner/work/tardis/tardis/tardis-regression-data --cov=tardis --cov-report=xml --cov-report=html --cov-append
2025-02-21T10:38:22.5372671Z   CODECOV_TOKEN: 
2025-02-21T10:38:22.5372912Z ##[endgroup]
2025-02-21T10:38:22.5467005Z Using full repository checkout
2025-02-21T10:38:22.6858218Z ##[group]Run actions/cache/restore@v4
2025-02-21T10:38:22.6858556Z with:
2025-02-21T10:38:22.6858802Z   path: tardis-regression-data/.git/lfs
2025-02-21T10:38:22.6859861Z   key: tardis-regression-full-data-c8ff2bbb6048b3f24d3f52a1e85b013ad47e52c369a6ce4cfdeff528b659b86f-tardis-sn/tardis-regression-data-v1
2025-02-21T10:38:22.6860723Z   fail-on-cache-miss: true
2025-02-21T10:38:22.6861013Z   enableCrossOsArchive: false
2025-02-21T10:38:22.6861294Z   lookup-only: false
2025-02-21T10:38:22.6861535Z env:
2025-02-21T10:38:22.6861742Z   CACHE_NUMBER: 0
2025-02-21T10:38:22.6862517Z   PYTEST_FLAGS: --tardis-regression-data=/home/runner/work/tardis/tardis/tardis-regression-data --cov=tardis --cov-report=xml --cov-report=html --cov-append
2025-02-21T10:38:22.6863678Z   CODECOV_TOKEN: 
2025-02-21T10:38:22.6863917Z ##[endgroup]
2025-02-21T10:38:22.8871321Z Cache hit for: tardis-regression-full-data-c8ff2bbb6048b3f24d3f52a1e85b013ad47e52c369a6ce4cfdeff528b659b86f-tardis-sn/tardis-regression-data-v1
2025-02-21T10:38:23.9230180Z Received 213909504 of 2161656325 (9.9%), 204.0 MBs/sec
2025-02-21T10:38:24.9363866Z Received 448790528 of 2161656325 (20.8%), 213.1 MBs/sec
2025-02-21T10:38:25.9402458Z Received 704643072 of 2161656325 (32.6%), 222.8 MBs/sec
2025-02-21T10:38:26.9445803Z Received 952107008 of 2161656325 (44.0%), 225.8 MBs/sec
2025-02-21T10:38:27.9436512Z Received 1207959552 of 2161656325 (55.9%), 229.4 MBs/sec
2025-02-21T10:38:28.9438206Z Received 1476395008 of 2161656325 (68.3%), 233.8 MBs/sec
2025-02-21T10:38:29.9440798Z Received 1740636160 of 2161656325 (80.5%), 236.4 MBs/sec
2025-02-21T10:38:31.0356062Z Received 2013265920 of 2161656325 (93.1%), 236.7 MBs/sec
2025-02-21T10:38:31.6001276Z Received 2161656325 of 2161656325 (100.0%), 237.6 MBs/sec
2025-02-21T10:38:31.6004544Z Cache Size: ~2062 MB (2161656325 B)
2025-02-21T10:38:31.6047044Z [command]/usr/bin/tar -xf /home/runner/work/_temp/33913874-6678-4057-bcd5-9c0d336c463d/cache.tzst -P -C /home/runner/work/tardis/tardis --use-compress-program unzstd
2025-02-21T10:38:42.9029782Z Cache restored successfully
2025-02-21T10:38:43.2822881Z Cache restored from key: tardis-regression-full-data-c8ff2bbb6048b3f24d3f52a1e85b013ad47e52c369a6ce4cfdeff528b659b86f-tardis-sn/tardis-regression-data-v1
2025-02-21T10:38:43.2978035Z ##[group]Run git lfs checkout
2025-02-21T10:38:43.2978284Z [36;1mgit lfs checkout[0m
2025-02-21T10:38:43.3034087Z shell: /usr/bin/bash --noprofile --norc -e -o pipefail {0}
2025-02-21T10:38:43.3034396Z env:
2025-02-21T10:38:43.3034564Z   CACHE_NUMBER: 0
2025-02-21T10:38:43.3035188Z   PYTEST_FLAGS: --tardis-regression-data=/home/runner/work/tardis/tardis/tardis-regression-data --cov=tardis --cov-report=xml --cov-report=html --cov-append
2025-02-21T10:38:43.3035840Z   CODECOV_TOKEN: 
2025-02-21T10:38:43.3036020Z ##[endgroup]
2025-02-21T10:39:03.5829979Z Checking out LFS objects: 100% (204/204), 5.7 GB | 258 MB/s, done.
2025-02-21T10:39:06.9011385Z Prepare all required actions
2025-02-21T10:39:06.9011718Z Getting action download info
2025-02-21T10:39:06.9971127Z Download action repository 'mamba-org/setup-micromamba@v1' (SHA:4b9113af4fba0e9e1124b252dd6497a419e7396d)
2025-02-21T10:39:07.1877357Z ##[group]Run ./.github/actions/setup_env
2025-02-21T10:39:07.1877802Z with:
2025-02-21T10:39:07.1877985Z   os-label: linux-64
2025-02-21T10:39:07.1878165Z env:
2025-02-21T10:39:07.1878324Z   CACHE_NUMBER: 0
2025-02-21T10:39:07.1878934Z   PYTEST_FLAGS: --tardis-regression-data=/home/runner/work/tardis/tardis/tardis-regression-data --cov=tardis --cov-report=xml --cov-report=html --cov-append
2025-02-21T10:39:07.1879557Z   CODECOV_TOKEN: 
2025-02-21T10:39:07.1879729Z ##[endgroup]
2025-02-21T10:39:07.1899407Z ##[group]Run file_hash=$(cat conda-linux-64.lock | shasum -a 256 | cut -d' ' -f1)
2025-02-21T10:39:07.1899886Z [36;1mfile_hash=$(cat conda-linux-64.lock | shasum -a 256 | cut -d' ' -f1)[0m
2025-02-21T10:39:07.1900433Z [36;1mecho "file_hash=tardis-conda-env-linux-64-${file_hash}-v1" >> "${GITHUB_OUTPUT}"[0m
2025-02-21T10:39:07.1956077Z shell: /usr/bin/bash --noprofile --norc -e -o pipefail {0}
2025-02-21T10:39:07.1956390Z env:
2025-02-21T10:39:07.1956553Z   CACHE_NUMBER: 0
2025-02-21T10:39:07.1957157Z   PYTEST_FLAGS: --tardis-regression-data=/home/runner/work/tardis/tardis/tardis-regression-data --cov=tardis --cov-report=xml --cov-report=html --cov-append
2025-02-21T10:39:07.1957786Z   CODECOV_TOKEN: 
2025-02-21T10:39:07.1957960Z ##[endgroup]
2025-02-21T10:39:07.2397664Z ##[group]Run mamba-org/setup-micromamba@v1
2025-02-21T10:39:07.2397915Z with:
2025-02-21T10:39:07.2398096Z   environment-file: conda-linux-64.lock
2025-02-21T10:39:07.2398642Z   cache-environment-key: tardis-conda-env-linux-64-d7cd390425b0fd3cf82649dcc003efba9915fb4928f15d342148c3ccffcbe2ee-v1
2025-02-21T10:39:07.2399468Z   cache-downloads-key: tardis-conda-env-linux-64-d7cd390425b0fd3cf82649dcc003efba9915fb4928f15d342148c3ccffcbe2ee-v1
2025-02-21T10:39:07.2400004Z   environment-name: tardis
2025-02-21T10:39:07.2400213Z   cache-environment: true
2025-02-21T10:39:07.2400418Z   cache-downloads: true
2025-02-21T10:39:07.2400609Z env:
2025-02-21T10:39:07.2400763Z   CACHE_NUMBER: 0
2025-02-21T10:39:07.2401361Z   PYTEST_FLAGS: --tardis-regression-data=/home/runner/work/tardis/tardis/tardis-regression-data --cov=tardis --cov-report=xml --cov-report=html --cov-append
2025-02-21T10:39:07.2401993Z   CODECOV_TOKEN: 
2025-02-21T10:39:07.2402179Z ##[endgroup]
2025-02-21T10:39:07.3759375Z Will download micromamba to /home/runner/micromamba-bin/micromamba
2025-02-21T10:39:07.3769365Z ##[group]Install micromamba
2025-02-21T10:39:07.6289791Z micromamba installed to /home/runner/micromamba-bin/micromamba
2025-02-21T10:39:07.6290654Z ##[endgroup]
2025-02-21T10:39:07.6291905Z Adding conda-forge to condarc channels ...
2025-02-21T10:39:07.6305361Z ##[group]Initialize micromamba for bash.
2025-02-21T10:39:07.6329952Z [command]/home/runner/micromamba-bin/micromamba shell init -s bash -r /home/runner/micromamba --log-level warning --rc-file /home/runner/work/_temp/setup-micromamba/.condarc
2025-02-21T10:39:07.6453782Z Modifying RC file "/home/runner/.bashrc"
2025-02-21T10:39:07.6454957Z Generating config for root prefix [1m"/home/runner/micromamba"[0m
2025-02-21T10:39:07.6457315Z Setting mamba executable to: [1m"/home/runner/micromamba-bin/micromamba"[0m
2025-02-21T10:39:07.6458102Z Adding (or replacing) the following in your "/home/runner/.bashrc" file
2025-02-21T10:39:07.6458542Z 
2025-02-21T10:39:07.6458701Z # >>> mamba initialize >>>
2025-02-21T10:39:07.6459163Z # !! Contents within this block are managed by 'mamba init' !!
2025-02-21T10:39:07.6459771Z export MAMBA_EXE='/home/runner/micromamba-bin/micromamba';
2025-02-21T10:39:07.6460330Z export MAMBA_ROOT_PREFIX='/home/runner/micromamba';
2025-02-21T10:39:07.6461122Z __mamba_setup="$("$MAMBA_EXE" shell hook --shell bash --root-prefix "$MAMBA_ROOT_PREFIX" 2> /dev/null)"
2025-02-21T10:39:07.6461849Z if [ $? -eq 0 ]; then
2025-02-21T10:39:07.6462497Z     eval "$__mamba_setup"
2025-02-21T10:39:07.6462871Z else
2025-02-21T10:39:07.6463658Z     alias micromamba="$MAMBA_EXE"  # Fallback on help from mamba activate
2025-02-21T10:39:07.6464240Z fi
2025-02-21T10:39:07.6464505Z unset __mamba_setup
2025-02-21T10:39:07.6464823Z # <<< mamba initialize <<<
2025-02-21T10:39:07.6465320Z 
2025-02-21T10:39:07.6477947Z Moving mamba initialize block to .bash_profile
2025-02-21T10:39:07.6565571Z ##[endgroup]
2025-02-21T10:39:07.6567042Z ##[group]Restoring downloads from `/home/runner/micromamba/pkgs` ...
2025-02-21T10:39:08.8023232Z Received 344232864 of 356815776 (96.5%), 328.3 MBs/sec
2025-02-21T10:39:08.8578950Z Cache Size: ~340 MB (356815776 B)
2025-02-21T10:39:08.8658932Z [command]/usr/bin/tar -xf /home/runner/work/_temp/4e9c4be6-41e5-4ae8-b0ef-c609ba92ed36/cache.tzst -P -C /home/runner/work/tardis/tardis --use-compress-program unzstd
2025-02-21T10:39:09.3226627Z Cache restored successfully
2025-02-21T10:39:09.3970189Z Restored cache with key `tardis-conda-env-linux-64-d7cd390425b0fd3cf82649dcc003efba9915fb4928f15d342148c3ccffcbe2ee-v1-linux-64`
2025-02-21T10:39:09.3971627Z ##[endgroup]
2025-02-21T10:39:09.3982021Z ##[group]Restoring environment `tardis` from `/home/runner/micromamba/envs/tardis` ...
2025-02-21T10:39:09.8022097Z Received 356815776 of 356815776 (100.0%), 170.2 MBs/sec
2025-02-21T10:39:10.4468824Z Received 348127232 of 444032293 (78.4%), 332.0 MBs/sec
2025-02-21T10:39:10.7353117Z Cache Size: ~423 MB (444032293 B)
2025-02-21T10:39:10.7395505Z [command]/usr/bin/tar -xf /home/runner/work/_temp/d554abbd-91b3-4ae8-a02b-6455565471ae/cache.tzst -P -C /home/runner/work/tardis/tardis --use-compress-program unzstd
2025-02-21T10:39:11.4480582Z Received 444032293 of 444032293 (100.0%), 211.6 MBs/sec
2025-02-21T10:39:16.1368184Z Cache restored successfully
2025-02-21T10:39:16.2142934Z Restored cache with key `tardis-conda-env-linux-64-d7cd390425b0fd3cf82649dcc003efba9915fb4928f15d342148c3ccffcbe2ee-v1-linux-64-tardis-args-4f53cda-root-dcc80ee-bin-[object Promise]-file-d7cd390425b0fd3cf82649dcc003efba9915fb4928f15d342148c3ccffcbe2ee`
2025-02-21T10:39:16.2145520Z ##[endgroup]
2025-02-21T10:39:16.2145938Z Adding environment tardis to auto-activate bash ...
2025-02-21T10:39:16.2154640Z Generating micromamba run shell.
2025-02-21T10:39:16.2163889Z ##[endgroup]
2025-02-21T10:39:16.2169398Z Set environment variables.
2025-02-21T10:39:16.2173414Z ##[group]micromamba info
2025-02-21T10:39:16.2176869Z [command]/home/runner/micromamba-bin/micromamba info -r /home/runner/micromamba -n tardis
2025-02-21T10:39:16.2409827Z 
2025-02-21T10:39:16.2410255Z        libmamba version : 1.5.10
2025-02-21T10:39:16.2410748Z      micromamba version : 1.5.10
2025-02-21T10:39:16.2411491Z            curl version : libcurl/8.10.1 OpenSSL/3.3.2 zlib/1.3.1 zstd/1.5.6 libssh2/1.11.0 nghttp2/1.58.0
2025-02-21T10:39:16.2412554Z      libarchive version : libarchive 3.7.4 zlib/1.2.13 bz2lib/1.0.8 libzstd/1.5.6
2025-02-21T10:39:16.2413502Z        envs directories : /home/runner/micromamba/envs
2025-02-21T10:39:16.2414114Z           package cache : /home/runner/micromamba/pkgs
2025-02-21T10:39:16.2414660Z                           /home/runner/.mamba/pkgs
2025-02-21T10:39:16.2415140Z             environment : tardis
2025-02-21T10:39:16.2415666Z            env location : /home/runner/micromamba/envs/tardis
2025-02-21T10:39:16.2416262Z       user config files : /home/runner/.mambarc
2025-02-21T10:39:16.2416940Z  populated config files : /home/runner/work/_temp/setup-micromamba/.condarc
2025-02-21T10:39:16.2417613Z        virtual packages : __unix=0=0
2025-02-21T10:39:16.2418041Z                           __linux=6.8.0=0
2025-02-21T10:39:16.2418526Z                           __glibc=2.39=0
2025-02-21T10:39:16.2419039Z                           __archspec=1=x86_64_v3
2025-02-21T10:39:16.2419714Z                channels : https://conda.anaconda.org/conda-forge/linux-64
2025-02-21T10:39:16.2420460Z                           https://conda.anaconda.org/conda-forge/noarch
2025-02-21T10:39:16.2421454Z        base environment : /home/runner/micromamba
2025-02-21T10:39:16.2421966Z                platform : linux-64
2025-02-21T10:39:16.2429199Z ##[endgroup]
2025-02-21T10:39:16.2429754Z ##[group]micromamba list
2025-02-21T10:39:16.2430990Z [command]/home/runner/micromamba-bin/micromamba list -r /home/runner/micromamba -n tardis
2025-02-21T10:39:16.6293651Z List of packages in environment: "/home/runner/micromamba/envs/tardis"
2025-02-21T10:39:16.6294184Z 
2025-02-21T10:39:16.6294443Z   Name                           Version              Build                    Channel    
2025-02-21T10:39:16.6295521Z â”€â”€â”€â”€â”€â”€â”€â”€â”€â”€â”€â”€â”€â”€â”€â”€â”€â”€â”€â”€â”€â”€â”€â”€â”€â”€â”€â”€â”€â”€â”€â”€â”€â”€â”€â”€â”€â”€â”€â”€â”€â”€â”€â”€â”€â”€â”€â”€â”€â”€â”€â”€â”€â”€â”€â”€â”€â”€â”€â”€â”€â”€â”€â”€â”€â”€â”€â”€â”€â”€â”€â”€â”€â”€â”€â”€â”€â”€â”€â”€â”€â”€â”€â”€â”€â”€â”€â”€â”€â”€â”€â”€
2025-02-21T10:39:16.6296198Z   _libgcc_mutex                  0.1                  conda_forge              conda-forge
2025-02-21T10:39:16.6296787Z   _openmp_mutex                  4.5                  2_gnu                    conda-forge
2025-02-21T10:39:16.6297413Z   alabaster                      0.7.16               pyhd8ed1ab_0             conda-forge
2025-02-21T10:39:16.6297974Z   anyio                          4.4.0                pyhd8ed1ab_0             conda-forge
2025-02-21T10:39:16.6298517Z   argon2-cffi                    23.1.0               pyhd8ed1ab_0             conda-forge
2025-02-21T10:39:16.6299267Z   argon2-cffi-bindings           21.2.0               py312h98912ed_4          conda-forge
2025-02-21T10:39:16.6299848Z   arrow                          1.3.0                pyhd8ed1ab_0             conda-forge
2025-02-21T10:39:16.6300374Z   astropy                        6.1.1                py312h085067d_0          conda-forge
2025-02-21T10:39:16.6301022Z   astropy-iers-data              0.2024.6.17.0.31.35  pyhd8ed1ab_0             conda-forge
2025-02-21T10:39:16.6301781Z   astropy-sphinx-theme           1.1                  pyhd8ed1ab_0             conda-forge
2025-02-21T10:39:16.6302487Z   asttokens                      2.4.1                pyhd8ed1ab_0             conda-forge
2025-02-21T10:39:16.6303274Z   async-lru                      2.0.4                pyhd8ed1ab_0             conda-forge
2025-02-21T10:39:16.6303830Z   atk-1.0                        2.38.0               h04ea711_2               conda-forge
2025-02-21T10:39:16.6304473Z   attrs                          23.2.0               pyh71513ae_0             conda-forge
2025-02-21T10:39:16.6305002Z   babel                          2.14.0               pyhd8ed1ab_0             conda-forge
2025-02-21T10:39:16.6305551Z   beautifulsoup4                 4.12.3               pyha770c72_0             conda-forge
2025-02-21T10:39:16.6306116Z   bleach                         6.1.0                pyhd8ed1ab_0             conda-forge
2025-02-21T10:39:16.6306568Z   blosc                          1.21.5               hc2324a3_1               conda-forge
2025-02-21T10:39:16.6306905Z   brotli                         1.1.0                hd590300_1               conda-forge
2025-02-21T10:39:16.6307262Z   brotli-bin                     1.1.0                hd590300_1               conda-forge
2025-02-21T10:39:16.6307630Z   brotli-python                  1.1.0                py312h30efb56_1          conda-forge
2025-02-21T10:39:16.6307998Z   bzip2                          1.0.8                hd590300_5               conda-forge
2025-02-21T10:39:16.6308328Z   c-ares                         1.28.1               hd590300_0               conda-forge
2025-02-21T10:39:16.6308678Z   c-blosc2                       2.14.4               hb4ffafa_1               conda-forge
2025-02-21T10:39:16.6309054Z   ca-certificates                2024.6.2             hbcca054_0               conda-forge
2025-02-21T10:39:16.6309452Z   cached-property                1.5.2                hd8ed1ab_1               conda-forge
2025-02-21T10:39:16.6309839Z   cached_property                1.5.2                pyha770c72_1             conda-forge
2025-02-21T10:39:16.6310196Z   cairo                          1.18.0               h3faef2a_0               conda-forge
2025-02-21T10:39:16.6310907Z   certifi                        2024.6.2             pyhd8ed1ab_0             conda-forge
2025-02-21T10:39:16.6311277Z   cffi                           1.16.0               py312hf06ca03_0          conda-forge
2025-02-21T10:39:16.6311649Z   charset-normalizer             3.3.2                pyhd8ed1ab_0             conda-forge
2025-02-21T10:39:16.6312149Z   click                          8.1.7                unix_pyh707e725_0        conda-forge
2025-02-21T10:39:16.6312494Z   codespell                      2.3.0                pyhd8ed1ab_0             conda-forge
2025-02-21T10:39:16.6312850Z   colorama                       0.4.6                pyhd8ed1ab_0             conda-forge
2025-02-21T10:39:16.6313417Z   comm                           0.2.2                pyhd8ed1ab_0             conda-forge
2025-02-21T10:39:16.6313758Z   commonmark                     0.9.1                py_0                     conda-forge
2025-02-21T10:39:16.6314126Z   contourpy                      1.2.1                py312h8572e83_0          conda-forge
2025-02-21T10:39:16.6314484Z   coverage                       7.5.3                py312h9a8786e_0          conda-forge
2025-02-21T10:39:16.6314839Z   cycler                         0.12.1               pyhd8ed1ab_0             conda-forge
2025-02-21T10:39:16.6315200Z   dataclasses                    0.8                  pyhc8e2a94_3             conda-forge
2025-02-21T10:39:16.6315556Z   debugpy                        1.8.1                py312h30efb56_0          conda-forge
2025-02-21T10:39:16.6315909Z   decorator                      5.1.1                pyhd8ed1ab_0             conda-forge
2025-02-21T10:39:16.6316272Z   defusedxml                     0.7.1                pyhd8ed1ab_0             conda-forge
2025-02-21T10:39:16.6316630Z   docutils                       0.20.1               py312h7900ff3_3          conda-forge
2025-02-21T10:39:16.6316979Z   dot2tex                        2.11.3               pyhd8ed1ab_0             conda-forge
2025-02-21T10:39:16.6317346Z   entrypoints                    0.4                  pyhd8ed1ab_0             conda-forge
2025-02-21T10:39:16.6317727Z   exceptiongroup                 1.2.0                pyhd8ed1ab_2             conda-forge
2025-02-21T10:39:16.6318100Z   executing                      2.0.1                pyhd8ed1ab_0             conda-forge
2025-02-21T10:39:16.6318453Z   expat                          2.6.2                h59595ed_0               conda-forge
2025-02-21T10:39:16.6318843Z   font-ttf-dejavu-sans-mono      2.37                 hab24e00_0               conda-forge
2025-02-21T10:39:16.6319284Z   font-ttf-inconsolata           3.000                h77eed37_0               conda-forge
2025-02-21T10:39:16.6319722Z   font-ttf-source-code-pro       2.038                h77eed37_0               conda-forge
2025-02-21T10:39:16.6320131Z   font-ttf-ubuntu                0.83                 h77eed37_2               conda-forge
2025-02-21T10:39:16.6320502Z   fontconfig                     2.14.2               h14ed4e7_0               conda-forge
2025-02-21T10:39:16.6320892Z   fonts-conda-ecosystem          1                    0                        conda-forge
2025-02-21T10:39:16.6321294Z   fonts-conda-forge              1                    0                        conda-forge
2025-02-21T10:39:16.6321662Z   fonttools                      4.53.0               py312h9a8786e_0          conda-forge
2025-02-21T10:39:16.6322005Z   fqdn                           1.5.1                pyhd8ed1ab_0             conda-forge
2025-02-21T10:39:16.6322338Z   freetype                       2.12.1               h267a509_2               conda-forge
2025-02-21T10:39:16.6322680Z   fribidi                        1.0.10               h36c2ea0_0               conda-forge
2025-02-21T10:39:16.6323179Z   future                         1.0.0                pyhd8ed1ab_0             conda-forge
2025-02-21T10:39:16.6323539Z   gdk-pixbuf                     2.42.12              hb9ae30d_0               conda-forge
2025-02-21T10:39:16.6324104Z   giflib                         5.2.2                hd590300_0               conda-forge
2025-02-21T10:39:16.6324490Z   git-lfs                        3.5.1                ha770c72_0               conda-forge
2025-02-21T10:39:16.6324826Z   gmp                            6.3.0                h59595ed_1               conda-forge
2025-02-21T10:39:16.6325260Z   gmpy2                          2.1.5                py312h1d5cde6_1          conda-forge
2025-02-21T10:39:16.6325605Z   graphite2                      1.3.13               h59595ed_1003            conda-forge
2025-02-21T10:39:16.6325957Z   graphviz                       11.0.0               hc68bbd7_0               conda-forge
2025-02-21T10:39:16.6326293Z   gtk2                           2.24.33              h280cfa0_4               conda-forge
2025-02-21T10:39:16.6326605Z   gts                            0.7.6                h977cf35_4               conda-forge
2025-02-21T10:39:16.6326922Z   h11                            0.14.0               pyhd8ed1ab_0             conda-forge
2025-02-21T10:39:16.6327235Z   h2                             4.1.0                pyhd8ed1ab_0             conda-forge
2025-02-21T10:39:16.6327668Z   h5py                           3.11.0               nompi_py312hb7ab980_102  conda-forge
2025-02-21T10:39:16.6328288Z   harfbuzz                       8.5.0                hfac3d4d_0               conda-forge
2025-02-21T10:39:16.6328895Z   hdf5                           1.14.3               nompi_hdf9ad27_105       conda-forge
2025-02-21T10:39:16.6329463Z   hpack                          4.0.0                pyh9f0ad1d_0             conda-forge
2025-02-21T10:39:16.6330099Z   httpcore                       1.0.5                pyhd8ed1ab_0             conda-forge
2025-02-21T10:39:16.6330829Z   httpx                          0.27.0               pyhd8ed1ab_0             conda-forge
2025-02-21T10:39:16.6331420Z   hyperframe                     6.0.1                pyhd8ed1ab_0             conda-forge
2025-02-21T10:39:16.6332014Z   icu                            73.2                 h59595ed_0               conda-forge
2025-02-21T10:39:16.6332526Z   idna                           3.7                  pyhd8ed1ab_0             conda-forge
2025-02-21T10:39:16.6333318Z   imagesize                      1.4.1                pyhd8ed1ab_0             conda-forge
2025-02-21T10:39:16.6334022Z   importlib-metadata             7.1.0                pyha770c72_0             conda-forge
2025-02-21T10:39:16.6334735Z   importlib_metadata             7.1.0                hd8ed1ab_0               conda-forge
2025-02-21T10:39:16.6335483Z   importlib_resources            6.4.0                pyhd8ed1ab_0             conda-forge
2025-02-21T10:39:16.6336096Z   iniconfig                      2.0.0                pyhd8ed1ab_0             conda-forge
2025-02-21T10:39:16.6336715Z   ipykernel                      6.29.4               pyh3099207_0             conda-forge
2025-02-21T10:39:16.6337310Z   ipython                        8.25.0               pyh707e725_0             conda-forge
2025-02-21T10:39:16.6337958Z   ipython_genutils               0.2.0                pyhd8ed1ab_1             conda-forge
2025-02-21T10:39:16.6338517Z   ipywidgets                     7.8.0                pyhd8ed1ab_0             conda-forge
2025-02-21T10:39:16.6339184Z   isoduration                    20.11.0              pyhd8ed1ab_0             conda-forge
2025-02-21T10:39:16.6339823Z   jedi                           0.19.1               pyhd8ed1ab_0             conda-forge
2025-02-21T10:39:16.6340385Z   jinja2                         3.1.4                pyhd8ed1ab_0             conda-forge
2025-02-21T10:39:16.6340766Z   json5                          0.9.25               pyhd8ed1ab_0             conda-forge
2025-02-21T10:39:16.6341117Z   jsonpointer                    3.0.0                py312h7900ff3_0          conda-forge
2025-02-21T10:39:16.6341485Z   jsonschema                     4.22.0               pyhd8ed1ab_0             conda-forge
2025-02-21T10:39:16.6342095Z   jsonschema-specifications      2023.12.1            pyhd8ed1ab_0             conda-forge
2025-02-21T10:39:16.6342605Z   jsonschema-with-format-nongpl  4.22.0               pyhd8ed1ab_0             conda-forge
2025-02-21T10:39:16.6343234Z   jupyter-lsp                    2.2.5                pyhd8ed1ab_0             conda-forge
2025-02-21T10:39:16.6343747Z   jupyter_client                 8.6.2                pyhd8ed1ab_0             conda-forge
2025-02-21T10:39:16.6344118Z   jupyter_core                   5.7.2                py312h7900ff3_0          conda-forge
2025-02-21T10:39:16.6344491Z   jupyter_events                 0.10.0               pyhd8ed1ab_0             conda-forge
2025-02-21T10:39:16.6344869Z   jupyter_server                 2.14.1               pyhd8ed1ab_0             conda-forge
2025-02-21T10:39:16.6345277Z   jupyter_server_terminals       0.5.3                pyhd8ed1ab_0             conda-forge
2025-02-21T10:39:16.6345680Z   jupyterlab                     4.2.2                pyhd8ed1ab_0             conda-forge
2025-02-21T10:39:16.6346071Z   jupyterlab_pygments            0.3.0                pyhd8ed1ab_1             conda-forge
2025-02-21T10:39:16.6346475Z   jupyterlab_server              2.27.2               pyhd8ed1ab_0             conda-forge
2025-02-21T10:39:16.6346873Z   jupyterlab_widgets             1.1.7                pyhd8ed1ab_0             conda-forge
2025-02-21T10:39:16.6347249Z   keyutils                       1.6.1                h166bdaf_0               conda-forge
2025-02-21T10:39:16.6347601Z   kiwisolver                     1.4.5                py312h8572e83_1          conda-forge
2025-02-21T10:39:16.6347939Z   krb5                           1.21.2               h659d440_0               conda-forge
2025-02-21T10:39:16.6348279Z   latexcodec                     2.0.1                pyh9f0ad1d_0             conda-forge
2025-02-21T10:39:16.6348643Z   lcms2                          2.16                 hb7c19ff_0               conda-forge
2025-02-21T10:39:16.6349006Z   ld_impl_linux-64               2.40                 hf3520f5_7               conda-forge
2025-02-21T10:39:16.6349352Z   lerc                           4.0.0                h27087fc_0               conda-forge
2025-02-21T10:39:16.6349685Z   libaec                         1.1.3                h59595ed_0               conda-forge
2025-02-21T10:39:16.6350032Z   libblas                        3.9.0                22_linux64_openblas      conda-forge
2025-02-21T10:39:16.6350399Z   libbrotlicommon                1.1.0                hd590300_1               conda-forge
2025-02-21T10:39:16.6350780Z   libbrotlidec                   1.1.0                hd590300_1               conda-forge
2025-02-21T10:39:16.6351142Z   libbrotlienc                   1.1.0                hd590300_1               conda-forge
2025-02-21T10:39:16.6351505Z   libcblas                       3.9.0                22_linux64_openblas      conda-forge
2025-02-21T10:39:16.6351848Z   libcurl                        8.8.0                hca28451_0               conda-forge
2025-02-21T10:39:16.6352200Z   libdeflate                     1.20                 hd590300_0               conda-forge
2025-02-21T10:39:16.6352556Z   libedit                        3.1.20191231         he28a2e2_2               conda-forge
2025-02-21T10:39:16.6352896Z   libev                          4.33                 hd590300_2               conda-forge
2025-02-21T10:39:16.6353443Z   libexpat                       2.6.2                h59595ed_0               conda-forge
2025-02-21T10:39:16.6353784Z   libffi                         3.4.2                h7f98852_5               conda-forge
2025-02-21T10:39:16.6354126Z   libgcc-ng                      13.2.0               h77fa898_10              conda-forge
2025-02-21T10:39:16.6354456Z   libgd                          2.3.3                h119a65a_9               conda-forge
2025-02-21T10:39:16.6354804Z   libgfortran-ng                 13.2.0               h69a702a_10              conda-forge
2025-02-21T10:39:16.6355300Z   libgfortran5                   13.2.0               h3d2ce59_10              conda-forge
2025-02-21T10:39:16.6355667Z   libglib                        2.80.2               h8a4344b_1               conda-forge
2025-02-21T10:39:16.6356008Z   libgomp                        13.2.0               h77fa898_10              conda-forge
2025-02-21T10:39:16.6356475Z   libiconv                       1.17                 hd590300_2               conda-forge
2025-02-21T10:39:16.6356831Z   libjpeg-turbo                  3.0.0                hd590300_1               conda-forge
2025-02-21T10:39:16.6357198Z   liblapack                      3.9.0                22_linux64_openblas      conda-forge
2025-02-21T10:39:16.6357556Z   libllvm14                      14.0.6               hcd5def8_4               conda-forge
2025-02-21T10:39:16.6357922Z   libnghttp2                     1.58.0               h47da74e_1               conda-forge
2025-02-21T10:39:16.6358264Z   libnsl                         2.0.1                hd590300_0               conda-forge
2025-02-21T10:39:16.6358634Z   libopenblas                    0.3.27               pthreads_h413a1c8_0      conda-forge
2025-02-21T10:39:16.6358992Z   libpng                         1.6.43               h2797004_0               conda-forge
2025-02-21T10:39:16.6359326Z   librsvg                        2.58.1               hadf69e7_0               conda-forge
2025-02-21T10:39:16.6359682Z   libsodium                      1.0.18               h36c2ea0_1               conda-forge
2025-02-21T10:39:16.6360033Z   libsqlite                      3.46.0               hde9e2c9_0               conda-forge
2025-02-21T10:39:16.6360377Z   libssh2                        1.11.0               h0841786_0               conda-forge
2025-02-21T10:39:16.6360727Z   libstdcxx-ng                   13.2.0               hc0a3c3a_10              conda-forge
2025-02-21T10:39:16.6361079Z   libtiff                        4.6.0                h1dd3fc0_3               conda-forge
2025-02-21T10:39:16.6361426Z   libuuid                        2.38.1               h0b41bf4_0               conda-forge
2025-02-21T10:39:16.6361765Z   libwebp                        1.4.0                h2c329e2_0               conda-forge
2025-02-21T10:39:16.6362125Z   libwebp-base                   1.4.0                hd590300_0               conda-forge
2025-02-21T10:39:16.6362470Z   libxcb                         1.15                 h0b41bf4_0               conda-forge
2025-02-21T10:39:16.6362815Z   libxcrypt                      4.4.36               hd590300_1               conda-forge
2025-02-21T10:39:16.6363341Z   libxml2                        2.12.7               hc051c1a_1               conda-forge
2025-02-21T10:39:16.6363689Z   libxslt                        1.1.39               h76b75d6_0               conda-forge
2025-02-21T10:39:16.6364021Z   libzlib                        1.3.1                h4ab18f5_1               conda-forge
2025-02-21T10:39:16.6364364Z   llvmlite                       0.42.0               py312hb06c811_1          conda-forge
2025-02-21T10:39:16.6364706Z   lxml                           5.2.2                py312hb90d8a5_0          conda-forge
2025-02-21T10:39:16.6365026Z   lz4-c                          1.9.4                hcb278e6_0               conda-forge
2025-02-21T10:39:16.6365335Z   lzo                            2.10                 hd590300_1001            conda-forge
2025-02-21T10:39:16.6365676Z   markupsafe                     2.1.5                py312h98912ed_0          conda-forge
2025-02-21T10:39:16.6366059Z   matplotlib-base                3.8.4                py312h20ab3a6_2          conda-forge
2025-02-21T10:39:16.6366458Z   matplotlib-inline              0.1.7                pyhd8ed1ab_0             conda-forge
2025-02-21T10:39:16.6366832Z   mistune                        3.0.2                pyhd8ed1ab_0             conda-forge
2025-02-21T10:39:16.6367163Z   mpc                            1.3.1                hfe3b2da_0               conda-forge
2025-02-21T10:39:16.6367673Z   mpfr                           4.2.1                h9458935_1               conda-forge
2025-02-21T10:39:16.6368027Z   mpmath                         1.3.0                pyhd8ed1ab_0             conda-forge
2025-02-21T10:39:16.6368417Z   munkres                        1.1.4                pyh9f0ad1d_0             conda-forge
2025-02-21T10:39:16.6368785Z   mypy_extensions                1.0.0                pyha770c72_0             conda-forge
2025-02-21T10:39:16.6369266Z   nbclassic                      1.1.0                pyhd8ed1ab_0             conda-forge
2025-02-21T10:39:16.6369621Z   nbclient                       0.10.0               pyhd8ed1ab_0             conda-forge
2025-02-21T10:39:16.6369971Z   nbconvert                      7.16.4               hd8ed1ab_1               conda-forge
2025-02-21T10:39:16.6370341Z   nbconvert-core                 7.16.4               pyhd8ed1ab_1             conda-forge
2025-02-21T10:39:16.6370739Z   nbconvert-pandoc               7.16.4               hd8ed1ab_1               conda-forge
2025-02-21T10:39:16.6371122Z   nbformat                       5.10.4               pyhd8ed1ab_0             conda-forge
2025-02-21T10:39:16.6371476Z   nbsphinx                       0.9.4                pyhd8ed1ab_0             conda-forge
2025-02-21T10:39:16.6371815Z   ncurses                        6.5                  h59595ed_0               conda-forge
2025-02-21T10:39:16.6372175Z   nest-asyncio                   1.6.0                pyhd8ed1ab_0             conda-forge
2025-02-21T10:39:16.6372533Z   networkx                       3.3                  pyhd8ed1ab_1             conda-forge
2025-02-21T10:39:16.6372866Z   nomkl                          1.0                  h5ca1d4c_0               conda-forge
2025-02-21T10:39:16.6373373Z   notebook                       7.2.1                pyhd8ed1ab_0             conda-forge
2025-02-21T10:39:16.6373744Z   notebook-shim                  0.2.4                pyhd8ed1ab_0             conda-forge
2025-02-21T10:39:16.6374100Z   numba                          0.59.1               py312hacefee8_0          conda-forge
2025-02-21T10:39:16.6374445Z   numexpr                        2.10.0               py312hf412c99_100        conda-forge
2025-02-21T10:39:16.6374789Z   numpy                          1.26.4               py312heda63a1_0          conda-forge
2025-02-21T10:39:16.6375128Z   numpydoc                       1.7.0                pyhd8ed1ab_1             conda-forge
2025-02-21T10:39:16.6375477Z   openjpeg                       2.5.2                h488ebb8_0               conda-forge
2025-02-21T10:39:16.6375818Z   openssl                        3.3.1                h4ab18f5_0               conda-forge
2025-02-21T10:39:16.6376166Z   overrides                      7.7.0                pyhd8ed1ab_0             conda-forge
2025-02-21T10:39:16.6376521Z   packaging                      24.1                 pyhd8ed1ab_0             conda-forge
2025-02-21T10:39:16.6376865Z   pandas                         2.2.2                py312h1d6d2e6_1          conda-forge
2025-02-21T10:39:16.6377225Z   pandoc                         3.2                  ha770c72_0               conda-forge
2025-02-21T10:39:16.6377580Z   pandocfilters                  1.5.0                pyhd8ed1ab_0             conda-forge
2025-02-21T10:39:16.6377930Z   pango                          1.54.0               h84a9a3c_0               conda-forge
2025-02-21T10:39:16.6378263Z   parso                          0.8.4                pyhd8ed1ab_0             conda-forge
2025-02-21T10:39:16.6378602Z   pathspec                       0.12.1               pyhd8ed1ab_0             conda-forge
2025-02-21T10:39:16.6378937Z   pbr                            6.0.0                pyhd8ed1ab_0             conda-forge
2025-02-21T10:39:16.6379257Z   pcre2                          10.44                h0f59acf_0               conda-forge
2025-02-21T10:39:16.6379592Z   pexpect                        4.9.0                pyhd8ed1ab_0             conda-forge
2025-02-21T10:39:16.6379943Z   pickleshare                    0.7.5                py_1003                  conda-forge
2025-02-21T10:39:16.6380580Z   pillow                         10.3.0               py312hdcec9eb_0          conda-forge
2025-02-21T10:39:16.6380949Z   pip                            24.0                 pyhd8ed1ab_0             conda-forge
2025-02-21T10:39:16.6381283Z   pixman                         0.43.2               h59595ed_0               conda-forge
2025-02-21T10:39:16.6381837Z   pkgutil-resolve-name           1.3.10               pyhd8ed1ab_1             conda-forge
2025-02-21T10:39:16.6382240Z   platformdirs                   4.2.2                pyhd8ed1ab_0             conda-forge
2025-02-21T10:39:16.6382598Z   plotly                         5.22.0               pyhd8ed1ab_0             conda-forge
2025-02-21T10:39:16.6382934Z   pluggy                         1.5.0                pyhd8ed1ab_0             conda-forge
2025-02-21T10:39:16.6383481Z   prometheus_client              0.20.0               pyhd8ed1ab_0             conda-forge
2025-02-21T10:39:16.6383884Z   prompt-toolkit                 3.0.47               pyha770c72_0             conda-forge
2025-02-21T10:39:16.6384252Z   psutil                         5.9.8                py312h98912ed_0          conda-forge
2025-02-21T10:39:16.6384607Z   pthread-stubs                  0.4                  h36c2ea0_1001            conda-forge
2025-02-21T10:39:16.6384981Z   ptyprocess                     0.7.0                pyhd3deb0d_0             conda-forge
2025-02-21T10:39:16.6385364Z   pure_eval                      0.2.2                pyhd8ed1ab_0             conda-forge
2025-02-21T10:39:16.6385729Z   py-cpuinfo                     9.0.0                pyhd8ed1ab_0             conda-forge
2025-02-21T10:39:16.6386078Z   pybtex                         0.24.0               pyhd8ed1ab_2             conda-forge
2025-02-21T10:39:16.6386446Z   pybtex-docutils                1.0.3                py312h7900ff3_1          conda-forge
2025-02-21T10:39:16.6386821Z   pycparser                      2.22                 pyhd8ed1ab_0             conda-forge
2025-02-21T10:39:16.6387172Z   pyerfa                         2.0.1.4              py312h085067d_1          conda-forge
2025-02-21T10:39:16.6387521Z   pygments                       2.18.0               pyhd8ed1ab_0             conda-forge
2025-02-21T10:39:16.6387876Z   pygraphviz                     1.13                 py312h4a1d8a7_1          conda-forge
2025-02-21T10:39:16.6388246Z   pyparsing                      3.1.2                pyhd8ed1ab_0             conda-forge
2025-02-21T10:39:16.6388605Z   pysocks                        1.7.1                pyha2e5f31_6             conda-forge
2025-02-21T10:39:16.6388950Z   pytables                       3.9.2                py312h96d95ec_2          conda-forge
2025-02-21T10:39:16.6389301Z   pytest                         8.2.2                pyhd8ed1ab_0             conda-forge
2025-02-21T10:39:16.6389646Z   pytest-cov                     5.0.0                pyhd8ed1ab_0             conda-forge
2025-02-21T10:39:16.6390035Z   pytest-doctestplus             1.2.1                pyhd8ed1ab_0             conda-forge
2025-02-21T10:39:16.6390434Z   pytest-html                    4.1.1                pyhd8ed1ab_0             conda-forge
2025-02-21T10:39:16.6390816Z   pytest-metadata                3.1.1                pyhd8ed1ab_0             conda-forge
2025-02-21T10:39:16.6391191Z   python                         3.12.4               h194c7f8_0_cpython       conda-forge
2025-02-21T10:39:16.6391558Z   python-dateutil                2.9.0                pyhd8ed1ab_0             conda-forge
2025-02-21T10:39:16.6391983Z   python-fastjsonschema          2.20.0               pyhd8ed1ab_0             conda-forge
2025-02-21T10:39:16.6392408Z   python-json-logger             2.0.7                pyhd8ed1ab_0             conda-forge
2025-02-21T10:39:16.6392818Z   python-tzdata                  2024.1               pyhd8ed1ab_0             conda-forge
2025-02-21T10:39:16.6393361Z   python_abi                     3.12                 4_cp312                  conda-forge
2025-02-21T10:39:16.6393858Z   pytz                           2024.1               pyhd8ed1ab_0             conda-forge
2025-02-21T10:39:16.6394203Z   pyyaml                         6.0.1                py312h98912ed_1          conda-forge
2025-02-21T10:39:16.6394540Z   pyzmq                          26.0.3               py312h8fd38d8_0          conda-forge
2025-02-21T10:39:16.6394979Z   qgrid                          1.3.1                pyhd8ed1ab_4             conda-forge
2025-02-21T10:39:16.6395359Z   radioactivedecay               0.5.1                pyhd8ed1ab_0             conda-forge
2025-02-21T10:39:16.6395750Z   readline                       8.2                  h8228510_1               conda-forge
2025-02-21T10:39:16.6396115Z   recommonmark                   0.7.1                pyhd8ed1ab_0             conda-forge
2025-02-21T10:39:16.6396494Z   referencing                    0.35.1               pyhd8ed1ab_0             conda-forge
2025-02-21T10:39:16.6396869Z   requests                       2.32.3               pyhd8ed1ab_0             conda-forge
2025-02-21T10:39:16.6397250Z   rfc3339-validator              0.1.4                pyhd8ed1ab_0             conda-forge
2025-02-21T10:39:16.6397654Z   rfc3986-validator              0.1.1                pyh9f0ad1d_0             conda-forge
2025-02-21T10:39:16.6398033Z   rpds-py                        0.18.1               py312h4413252_0          conda-forge
2025-02-21T10:39:16.6398366Z   ruff                           0.4.9                py312h5715c7c_0          conda-forge
2025-02-21T10:39:16.6398692Z   scipy                          1.13.1               py312hc2bc53b_0          conda-forge
2025-02-21T10:39:16.6399044Z   send2trash                     1.8.3                pyh0d859eb_0             conda-forge
2025-02-21T10:39:16.6399410Z   setuptools                     70.0.0               pyhd8ed1ab_0             conda-forge
2025-02-21T10:39:16.6399787Z   setuptools-scm                 8.1.0                pyhd8ed1ab_0             conda-forge
2025-02-21T10:39:16.6400176Z   setuptools_scm                 8.1.0                hd8ed1ab_0               conda-forge
2025-02-21T10:39:16.6400521Z   six                            1.16.0               pyh6c4a22f_0             conda-forge
2025-02-21T10:39:16.6400856Z   snakeviz                       2.2.0                pyhd8ed1ab_0             conda-forge
2025-02-21T10:39:16.6401206Z   snappy                         1.2.0                hdb0a2a9_1               conda-forge
2025-02-21T10:39:16.6401547Z   sniffio                        1.3.1                pyhd8ed1ab_0             conda-forge
2025-02-21T10:39:16.6401918Z   snowballstemmer                2.2.0                pyhd8ed1ab_0             conda-forge
2025-02-21T10:39:16.6402298Z   soupsieve                      2.5                  pyhd8ed1ab_1             conda-forge
2025-02-21T10:39:16.6402644Z   sphinx                         7.3.7                pyhd8ed1ab_0             conda-forge
2025-02-21T10:39:16.6403167Z   sphinx-astropy                 1.9.1                pyhd8ed1ab_0             conda-forge
2025-02-21T10:39:16.6403583Z   sphinx-automodapi              0.17.0               pyh717bed2_1             conda-forge
2025-02-21T10:39:16.6403982Z   sphinx-gallery                 0.16.0               pyhd8ed1ab_0             conda-forge
2025-02-21T10:39:16.6404387Z   sphinx-jsonschema              1.19.1               pyhd8ed1ab_0             conda-forge
2025-02-21T10:39:16.6404811Z   sphinx_bootstrap_theme         0.8.1                pyhd8ed1ab_0             conda-forge
2025-02-21T10:39:16.6405218Z   sphinx_rtd_theme               2.0.0                pyha770c72_0             conda-forge
2025-02-21T10:39:16.6405620Z   sphinxcontrib-apidoc           0.3.0                py_1                     conda-forge
2025-02-21T10:39:16.6406060Z   sphinxcontrib-applehelp        1.0.8                pyhd8ed1ab_0             conda-forge
2025-02-21T10:39:16.6406496Z   sphinxcontrib-bibtex           2.6.2                pyhd8ed1ab_0             conda-forge
2025-02-21T10:39:16.6407094Z   sphinxcontrib-devhelp          1.0.6                pyhd8ed1ab_0             conda-forge
2025-02-21T10:39:16.6407542Z   sphinxcontrib-htmlhelp         2.0.5                pyhd8ed1ab_0             conda-forge
2025-02-21T10:39:16.6407974Z   sphinxcontrib-jquery           4.1                  pyhd8ed1ab_0             conda-forge
2025-02-21T10:39:16.6408508Z   sphinxcontrib-jsmath           1.0.1                pyhd8ed1ab_0             conda-forge
2025-02-21T10:39:16.6408936Z   sphinxcontrib-qthelp           1.0.7                pyhd8ed1ab_0             conda-forge
2025-02-21T10:39:16.6409401Z   sphinxcontrib-serializinghtml  1.1.10               pyhd8ed1ab_0             conda-forge
2025-02-21T10:39:16.6409833Z   stack_data                     0.6.2                pyhd8ed1ab_0             conda-forge
2025-02-21T10:39:16.6410180Z   sympy                          1.12.1               pypyh2585a3b_103         conda-forge
2025-02-21T10:39:16.6410532Z   tabulate                       0.9.0                pyhd8ed1ab_1             conda-forge
2025-02-21T10:39:16.6410882Z   tenacity                       8.4.1                pyhd8ed1ab_0             conda-forge
2025-02-21T10:39:16.6411239Z   terminado                      0.18.1               pyh0d859eb_0             conda-forge
2025-02-21T10:39:16.6411599Z   tinycss2                       1.3.0                pyhd8ed1ab_0             conda-forge
2025-02-21T10:39:16.6411936Z   tk                             8.6.13               noxft_h4845f30_101       conda-forge
2025-02-21T10:39:16.6412260Z   toml                           0.10.2               pyhd8ed1ab_0             conda-forge
2025-02-21T10:39:16.6412590Z   tomli                          2.0.1                pyhd8ed1ab_0             conda-forge
2025-02-21T10:39:16.6412927Z   tornado                        6.4.1                py312h9a8786e_0          conda-forge
2025-02-21T10:39:16.6413420Z   tqdm                           4.66.4               pyhd8ed1ab_0             conda-forge
2025-02-21T10:39:16.6413769Z   traitlets                      5.14.3               pyhd8ed1ab_0             conda-forge
2025-02-21T10:39:16.6414124Z   typed-ast                      1.5.5                py312h98912ed_1          conda-forge
2025-02-21T10:39:16.6414544Z   types-python-dateutil          2.9.0.20240316       pyhd8ed1ab_0             conda-forge
2025-02-21T10:39:16.6414986Z   typing-extensions              4.12.2               hd8ed1ab_0               conda-forge
2025-02-21T10:39:16.6415389Z   typing_extensions              4.12.2               pyha770c72_0             conda-forge
2025-02-21T10:39:16.6415775Z   typing_utils                   0.1.0                pyhd8ed1ab_0             conda-forge
2025-02-21T10:39:16.6416131Z   tzdata                         2024a                h0c530f3_0               conda-forge
2025-02-21T10:39:16.6416492Z   uri-template                   1.3.0                pyhd8ed1ab_0             conda-forge
2025-02-21T10:39:16.6416860Z   urllib3                        2.2.2                pyhd8ed1ab_0             conda-forge
2025-02-21T10:39:16.6417216Z   wcwidth                        0.2.13               pyhd8ed1ab_0             conda-forge
2025-02-21T10:39:16.6417570Z   webcolors                      24.6.0               pyhd8ed1ab_0             conda-forge
2025-02-21T10:39:16.6417937Z   webencodings                   0.5.1                pyhd8ed1ab_2             conda-forge
2025-02-21T10:39:16.6418332Z   websocket-client               1.8.0                pyhd8ed1ab_0             conda-forge
2025-02-21T10:39:16.6418702Z   wheel                          0.43.0               pyhd8ed1ab_1             conda-forge
2025-02-21T10:39:16.6419078Z   widgetsnbextension             3.6.6                pyhd8ed1ab_0             conda-forge
2025-02-21T10:39:16.6419468Z   xorg-kbproto                   1.0.7                h7f98852_1002            conda-forge
2025-02-21T10:39:16.6419831Z   xorg-libice                    1.1.1                hd590300_0               conda-forge
2025-02-21T10:39:16.6420309Z   xorg-libsm                     1.2.4                h7391055_0               conda-forge
2025-02-21T10:39:16.6420667Z   xorg-libx11                    1.8.9                h8ee46fc_0               conda-forge
2025-02-21T10:39:16.6421028Z   xorg-libxau                    1.0.11               hd590300_0               conda-forge
2025-02-21T10:39:16.6421499Z   xorg-libxdmcp                  1.1.3                h7f98852_0               conda-forge
2025-02-21T10:39:16.6421866Z   xorg-libxext                   1.3.4                h0b41bf4_2               conda-forge
2025-02-21T10:39:16.6422241Z   xorg-libxrender                0.9.11               hd590300_0               conda-forge
2025-02-21T10:39:16.6422629Z   xorg-renderproto               0.11.1               h7f98852_1002            conda-forge
2025-02-21T10:39:16.6423163Z   xorg-xextproto                 7.3.0                h0b41bf4_1003            conda-forge
2025-02-21T10:39:16.6423551Z   xorg-xproto                    7.0.31               h7f98852_1007            conda-forge
2025-02-21T10:39:16.6423895Z   xz                             5.2.6                h166bdaf_0               conda-forge
2025-02-21T10:39:16.6424201Z   yaml                           0.2.5                h7f98852_2               conda-forge
2025-02-21T10:39:16.6424529Z   zeromq                         4.3.5                h75354e8_4               conda-forge
2025-02-21T10:39:16.6424863Z   zipp                           3.19.2               pyhd8ed1ab_0             conda-forge
2025-02-21T10:39:16.6425185Z   zlib                           1.3.1                h4ab18f5_1               conda-forge
2025-02-21T10:39:16.6425507Z   zlib-ng                        2.0.7                h0b41bf4_0               conda-forge
2025-02-21T10:39:16.6425828Z   zstd                           1.5.6                ha6fb4c9_0               conda-forge
2025-02-21T10:39:16.6426375Z ##[endgroup]
2025-02-21T10:39:16.6480655Z ##[group]Run pip install -e . --user
2025-02-21T10:39:16.6480989Z [36;1mpip install -e . --user[0m
2025-02-21T10:39:16.6538611Z shell: /usr/bin/bash -l {0}
2025-02-21T10:39:16.6538852Z env:
2025-02-21T10:39:16.6539025Z   CACHE_NUMBER: 0
2025-02-21T10:39:16.6539651Z   PYTEST_FLAGS: --tardis-regression-data=/home/runner/work/tardis/tardis/tardis-regression-data --cov=tardis --cov-report=xml --cov-report=html --cov-append
2025-02-21T10:39:16.6540332Z   CODECOV_TOKEN: 
2025-02-21T10:39:16.6540551Z   MAMBA_ROOT_PREFIX: /home/runner/micromamba
2025-02-21T10:39:16.6540850Z   MAMBA_EXE: /home/runner/micromamba-bin/micromamba
2025-02-21T10:39:16.6541201Z   CONDARC: /home/runner/work/_temp/setup-micromamba/.condarc
2025-02-21T10:39:16.6541507Z ##[endgroup]
2025-02-21T10:39:17.3482908Z Obtaining file:///home/runner/work/tardis/tardis
2025-02-21T10:39:17.3514078Z   Installing build dependencies: started
2025-02-21T10:39:20.0068381Z   Installing build dependencies: finished with status 'done'
2025-02-21T10:39:20.0075063Z   Checking if build backend supports build_editable: started
2025-02-21T10:39:20.1265279Z   Checking if build backend supports build_editable: finished with status 'done'
2025-02-21T10:39:20.1272620Z   Getting requirements to build editable: started
2025-02-21T10:39:20.6074491Z   Getting requirements to build editable: finished with status 'done'
2025-02-21T10:39:20.6082508Z   Preparing editable metadata (pyproject.toml): started
2025-02-21T10:39:21.0609217Z   Preparing editable metadata (pyproject.toml): finished with status 'done'
2025-02-21T10:39:21.1194023Z Requirement already satisfied: astropy in /home/runner/micromamba/envs/tardis/lib/python3.12/site-packages (from tardis==0.0.0) (6.1.1)
2025-02-21T10:39:21.1573718Z Requirement already satisfied: numpy>=1.23 in /home/runner/micromamba/envs/tardis/lib/python3.12/site-packages (from astropy->tardis==0.0.0) (1.26.4)
2025-02-21T10:39:21.1583293Z Requirement already satisfied: pyerfa>=2.0.1.1 in /home/runner/micromamba/envs/tardis/lib/python3.12/site-packages (from astropy->tardis==0.0.0) (2.0.1.4)
2025-02-21T10:39:21.1594329Z Requirement already satisfied: astropy-iers-data>=0.2024.5.27.0.30.8 in /home/runner/micromamba/envs/tardis/lib/python3.12/site-packages (from astropy->tardis==0.0.0) (0.2024.6.17.0.31.35)
2025-02-21T10:39:21.1603150Z Requirement already satisfied: PyYAML>=3.13 in /home/runner/micromamba/envs/tardis/lib/python3.12/site-packages (from astropy->tardis==0.0.0) (6.0.1)
2025-02-21T10:39:21.1613748Z Requirement already satisfied: packaging>=19.0 in /home/runner/micromamba/envs/tardis/lib/python3.12/site-packages (from astropy->tardis==0.0.0) (24.1)
2025-02-21T10:39:21.1701747Z Building wheels for collected packages: tardis
2025-02-21T10:39:21.1710673Z   Building editable for tardis (pyproject.toml): started
2025-02-21T10:39:21.9076376Z   Building editable for tardis (pyproject.toml): finished with status 'done'
2025-02-21T10:39:21.9083481Z   Created wheel for tardis: filename=tardis-0.0.0-0.editable-py3-none-any.whl size=8879 sha256=f0fe40f4b07f1c58c418a4d5af4f795a9a198169528a1f7b203b95ba50c4f861
2025-02-21T10:39:21.9085312Z   Stored in directory: /tmp/pip-ephem-wheel-cache-fk6rzj_w/wheels/6a/c7/ae/89fa6dc2565455898176888ef0e2e475e4e90eb0124afcb995
2025-02-21T10:39:21.9111571Z Successfully built tardis
2025-02-21T10:39:22.6837631Z Installing collected packages: tardis
2025-02-21T10:39:22.6922591Z Successfully installed tardis-0.0.0
2025-02-21T10:39:22.8842017Z ##[group]Run pip install qgridnext
2025-02-21T10:39:22.8842345Z [36;1mpip install qgridnext[0m
2025-02-21T10:39:22.8898158Z shell: /usr/bin/bash -l {0}
2025-02-21T10:39:22.8898398Z env:
2025-02-21T10:39:22.8898570Z   CACHE_NUMBER: 0
2025-02-21T10:39:22.8899197Z   PYTEST_FLAGS: --tardis-regression-data=/home/runner/work/tardis/tardis/tardis-regression-data --cov=tardis --cov-report=xml --cov-report=html --cov-append
2025-02-21T10:39:22.8899855Z   CODECOV_TOKEN: 
2025-02-21T10:39:22.8900077Z   MAMBA_ROOT_PREFIX: /home/runner/micromamba
2025-02-21T10:39:22.8900376Z   MAMBA_EXE: /home/runner/micromamba-bin/micromamba
2025-02-21T10:39:22.8900720Z   CONDARC: /home/runner/work/_temp/setup-micromamba/.condarc
2025-02-21T10:39:22.8901027Z ##[endgroup]
2025-02-21T10:39:23.4911381Z Collecting qgridnext
2025-02-21T10:39:23.5101137Z   Downloading qgridnext-2.0.4-py3-none-any.whl.metadata (9.9 kB)
2025-02-21T10:39:23.5184503Z Requirement already satisfied: pandas>=0.20.0 in /home/runner/micromamba/envs/tardis/lib/python3.12/site-packages (from qgridnext) (2.2.2)
2025-02-21T10:39:23.5194011Z Requirement already satisfied: ipywidgets>=7.0.0 in /home/runner/micromamba/envs/tardis/lib/python3.12/site-packages (from qgridnext) (7.8.0)
2025-02-21T10:39:23.5202569Z Requirement already satisfied: numpy in /home/runner/micromamba/envs/tardis/lib/python3.12/site-packages (from qgridnext) (1.26.4)
2025-02-21T10:39:23.5212275Z Requirement already satisfied: traitlets in /home/runner/micromamba/envs/tardis/lib/python3.12/site-packages (from qgridnext) (5.14.3)
2025-02-21T10:39:23.5297414Z Requirement already satisfied: comm>=0.1.3 in /home/runner/micromamba/envs/tardis/lib/python3.12/site-packages (from ipywidgets>=7.0.0->qgridnext) (0.2.2)
2025-02-21T10:39:23.5305748Z Requirement already satisfied: ipython-genutils~=0.2.0 in /home/runner/micromamba/envs/tardis/lib/python3.12/site-packages (from ipywidgets>=7.0.0->qgridnext) (0.2.0)
2025-02-21T10:39:23.5317825Z Requirement already satisfied: widgetsnbextension~=3.6.5 in /home/runner/micromamba/envs/tardis/lib/python3.12/site-packages (from ipywidgets>=7.0.0->qgridnext) (3.6.6)
2025-02-21T10:39:23.5335192Z Requirement already satisfied: ipython>=4.0.0 in /home/runner/micromamba/envs/tardis/lib/python3.12/site-packages (from ipywidgets>=7.0.0->qgridnext) (8.25.0)
2025-02-21T10:39:23.5349396Z Requirement already satisfied: jupyterlab-widgets<3,>=1.0.0 in /home/runner/micromamba/envs/tardis/lib/python3.12/site-packages (from ipywidgets>=7.0.0->qgridnext) (1.1.7)
2025-02-21T10:39:23.5794280Z Requirement already satisfied: python-dateutil>=2.8.2 in /home/runner/micromamba/envs/tardis/lib/python3.12/site-packages (from pandas>=0.20.0->qgridnext) (2.9.0)
2025-02-21T10:39:23.5807473Z Requirement already satisfied: pytz>=2020.1 in /home/runner/micromamba/envs/tardis/lib/python3.12/site-packages (from pandas>=0.20.0->qgridnext) (2024.1)
2025-02-21T10:39:23.5815341Z Requirement already satisfied: tzdata>=2022.7 in /home/runner/micromamba/envs/tardis/lib/python3.12/site-packages (from pandas>=0.20.0->qgridnext) (2024.1)
2025-02-21T10:39:23.6130797Z Requirement already satisfied: decorator in /home/runner/micromamba/envs/tardis/lib/python3.12/site-packages (from ipython>=4.0.0->ipywidgets>=7.0.0->qgridnext) (5.1.1)
2025-02-21T10:39:23.6144785Z Requirement already satisfied: jedi>=0.16 in /home/runner/micromamba/envs/tardis/lib/python3.12/site-packages (from ipython>=4.0.0->ipywidgets>=7.0.0->qgridnext) (0.19.1)
2025-02-21T10:39:23.6153131Z Requirement already satisfied: matplotlib-inline in /home/runner/micromamba/envs/tardis/lib/python3.12/site-packages (from ipython>=4.0.0->ipywidgets>=7.0.0->qgridnext) (0.1.7)
2025-02-21T10:39:23.6164015Z Requirement already satisfied: prompt-toolkit<3.1.0,>=3.0.41 in /home/runner/micromamba/envs/tardis/lib/python3.12/site-packages (from ipython>=4.0.0->ipywidgets>=7.0.0->qgridnext) (3.0.47)
2025-02-21T10:39:23.6172279Z Requirement already satisfied: pygments>=2.4.0 in /home/runner/micromamba/envs/tardis/lib/python3.12/site-packages (from ipython>=4.0.0->ipywidgets>=7.0.0->qgridnext) (2.18.0)
2025-02-21T10:39:23.6181736Z Requirement already satisfied: stack-data in /home/runner/micromamba/envs/tardis/lib/python3.12/site-packages (from ipython>=4.0.0->ipywidgets>=7.0.0->qgridnext) (0.6.2)
2025-02-21T10:39:23.6200691Z Requirement already satisfied: pexpect>4.3 in /home/runner/micromamba/envs/tardis/lib/python3.12/site-packages (from ipython>=4.0.0->ipywidgets>=7.0.0->qgridnext) (4.9.0)
2025-02-21T10:39:23.6247080Z Requirement already satisfied: six>=1.5 in /home/runner/micromamba/envs/tardis/lib/python3.12/site-packages (from python-dateutil>=2.8.2->pandas>=0.20.0->qgridnext) (1.16.0)
2025-02-21T10:39:23.6303745Z Requirement already satisfied: notebook>=4.4.1 in /home/runner/micromamba/envs/tardis/lib/python3.12/site-packages (from widgetsnbextension~=3.6.5->ipywidgets>=7.0.0->qgridnext) (7.2.1)
2025-02-21T10:39:23.6490549Z Requirement already satisfied: parso<0.9.0,>=0.8.3 in /home/runner/micromamba/envs/tardis/lib/python3.12/site-packages (from jedi>=0.16->ipython>=4.0.0->ipywidgets>=7.0.0->qgridnext) (0.8.4)
2025-02-21T10:39:23.6635115Z Requirement already satisfied: jupyter-server<3,>=2.4.0 in /home/runner/micromamba/envs/tardis/lib/python3.12/site-packages (from notebook>=4.4.1->widgetsnbextension~=3.6.5->ipywidgets>=7.0.0->qgridnext) (2.14.1)
2025-02-21T10:39:23.6648413Z Requirement already satisfied: jupyterlab-server<3,>=2.27.1 in /home/runner/micromamba/envs/tardis/lib/python3.12/site-packages (from notebook>=4.4.1->widgetsnbextension~=3.6.5->ipywidgets>=7.0.0->qgridnext) (2.27.2)
2025-02-21T10:39:23.6663586Z Requirement already satisfied: jupyterlab<4.3,>=4.2.0 in /home/runner/micromamba/envs/tardis/lib/python3.12/site-packages (from notebook>=4.4.1->widgetsnbextension~=3.6.5->ipywidgets>=7.0.0->qgridnext) (4.2.2)
2025-02-21T10:39:23.6673880Z Requirement already satisfied: notebook-shim<0.3,>=0.2 in /home/runner/micromamba/envs/tardis/lib/python3.12/site-packages (from notebook>=4.4.1->widgetsnbextension~=3.6.5->ipywidgets>=7.0.0->qgridnext) (0.2.4)
2025-02-21T10:39:23.6681559Z Requirement already satisfied: tornado>=6.2.0 in /home/runner/micromamba/envs/tardis/lib/python3.12/site-packages (from notebook>=4.4.1->widgetsnbextension~=3.6.5->ipywidgets>=7.0.0->qgridnext) (6.4.1)
2025-02-21T10:39:23.6710702Z Requirement already satisfied: ptyprocess>=0.5 in /home/runner/micromamba/envs/tardis/lib/python3.12/site-packages (from pexpect>4.3->ipython>=4.0.0->ipywidgets>=7.0.0->qgridnext) (0.7.0)
2025-02-21T10:39:23.6738987Z Requirement already satisfied: wcwidth in /home/runner/micromamba/envs/tardis/lib/python3.12/site-packages (from prompt-toolkit<3.1.0,>=3.0.41->ipython>=4.0.0->ipywidgets>=7.0.0->qgridnext) (0.2.13)
2025-02-21T10:39:23.6875998Z Requirement already satisfied: executing>=1.2.0 in /home/runner/micromamba/envs/tardis/lib/python3.12/site-packages (from stack-data->ipython>=4.0.0->ipywidgets>=7.0.0->qgridnext) (2.0.1)
2025-02-21T10:39:23.6885062Z Requirement already satisfied: asttokens>=2.1.0 in /home/runner/micromamba/envs/tardis/lib/python3.12/site-packages (from stack-data->ipython>=4.0.0->ipywidgets>=7.0.0->qgridnext) (2.4.1)
2025-02-21T10:39:23.6892364Z Requirement already satisfied: pure-eval in /home/runner/micromamba/envs/tardis/lib/python3.12/site-packages (from stack-data->ipython>=4.0.0->ipywidgets>=7.0.0->qgridnext) (0.2.2)
2025-02-21T10:39:23.7230801Z Requirement already satisfied: anyio>=3.1.0 in /home/runner/micromamba/envs/tardis/lib/python3.12/site-packages (from jupyter-server<3,>=2.4.0->notebook>=4.4.1->widgetsnbextension~=3.6.5->ipywidgets>=7.0.0->qgridnext) (4.4.0)
2025-02-21T10:39:23.7240169Z Requirement already satisfied: argon2-cffi>=21.1 in /home/runner/micromamba/envs/tardis/lib/python3.12/site-packages (from jupyter-server<3,>=2.4.0->notebook>=4.4.1->widgetsnbextension~=3.6.5->ipywidgets>=7.0.0->qgridnext) (23.1.0)
2025-02-21T10:39:23.7248639Z Requirement already satisfied: jinja2>=3.0.3 in /home/runner/micromamba/envs/tardis/lib/python3.12/site-packages (from jupyter-server<3,>=2.4.0->notebook>=4.4.1->widgetsnbextension~=3.6.5->ipywidgets>=7.0.0->qgridnext) (3.1.4)
2025-02-21T10:39:23.7260126Z Requirement already satisfied: jupyter-client>=7.4.4 in /home/runner/micromamba/envs/tardis/lib/python3.12/site-packages (from jupyter-server<3,>=2.4.0->notebook>=4.4.1->widgetsnbextension~=3.6.5->ipywidgets>=7.0.0->qgridnext) (8.6.2)
2025-02-21T10:39:23.7271476Z Requirement already satisfied: jupyter-core!=5.0.*,>=4.12 in /home/runner/micromamba/envs/tardis/lib/python3.12/site-packages (from jupyter-server<3,>=2.4.0->notebook>=4.4.1->widgetsnbextension~=3.6.5->ipywidgets>=7.0.0->qgridnext) (5.7.2)
2025-02-21T10:39:23.7282458Z Requirement already satisfied: jupyter-events>=0.9.0 in /home/runner/micromamba/envs/tardis/lib/python3.12/site-packages (from jupyter-server<3,>=2.4.0->notebook>=4.4.1->widgetsnbextension~=3.6.5->ipywidgets>=7.0.0->qgridnext) (0.10.0)
2025-02-21T10:39:23.7293699Z Requirement already satisfied: jupyter-server-terminals>=0.4.4 in /home/runner/micromamba/envs/tardis/lib/python3.12/site-packages (from jupyter-server<3,>=2.4.0->notebook>=4.4.1->widgetsnbextension~=3.6.5->ipywidgets>=7.0.0->qgridnext) (0.5.3)
2025-02-21T10:39:23.7306935Z Requirement already satisfied: nbconvert>=6.4.4 in /home/runner/micromamba/envs/tardis/lib/python3.12/site-packages (from jupyter-server<3,>=2.4.0->notebook>=4.4.1->widgetsnbextension~=3.6.5->ipywidgets>=7.0.0->qgridnext) (7.16.4)
2025-02-21T10:39:23.7316898Z Requirement already satisfied: nbformat>=5.3.0 in /home/runner/micromamba/envs/tardis/lib/python3.12/site-packages (from jupyter-server<3,>=2.4.0->notebook>=4.4.1->widgetsnbextension~=3.6.5->ipywidgets>=7.0.0->qgridnext) (5.10.4)
2025-02-21T10:39:23.7325789Z Requirement already satisfied: overrides>=5.0 in /home/runner/micromamba/envs/tardis/lib/python3.12/site-packages (from jupyter-server<3,>=2.4.0->notebook>=4.4.1->widgetsnbextension~=3.6.5->ipywidgets>=7.0.0->qgridnext) (7.7.0)
2025-02-21T10:39:23.7335235Z Requirement already satisfied: packaging>=22.0 in /home/runner/micromamba/envs/tardis/lib/python3.12/site-packages (from jupyter-server<3,>=2.4.0->notebook>=4.4.1->widgetsnbextension~=3.6.5->ipywidgets>=7.0.0->qgridnext) (24.1)
2025-02-21T10:39:23.7343564Z Requirement already satisfied: prometheus-client>=0.9 in /home/runner/micromamba/envs/tardis/lib/python3.12/site-packages (from jupyter-server<3,>=2.4.0->notebook>=4.4.1->widgetsnbextension~=3.6.5->ipywidgets>=7.0.0->qgridnext) (0.20.0)
2025-02-21T10:39:23.7354104Z Requirement already satisfied: pyzmq>=24 in /home/runner/micromamba/envs/tardis/lib/python3.12/site-packages (from jupyter-server<3,>=2.4.0->notebook>=4.4.1->widgetsnbextension~=3.6.5->ipywidgets>=7.0.0->qgridnext) (26.0.3)
2025-02-21T10:39:23.7362679Z Requirement already satisfied: send2trash>=1.8.2 in /home/runner/micromamba/envs/tardis/lib/python3.12/site-packages (from jupyter-server<3,>=2.4.0->notebook>=4.4.1->widgetsnbextension~=3.6.5->ipywidgets>=7.0.0->qgridnext) (1.8.3)
2025-02-21T10:39:23.7374088Z Requirement already satisfied: terminado>=0.8.3 in /home/runner/micromamba/envs/tardis/lib/python3.12/site-packages (from jupyter-server<3,>=2.4.0->notebook>=4.4.1->widgetsnbextension~=3.6.5->ipywidgets>=7.0.0->qgridnext) (0.18.1)
2025-02-21T10:39:23.7390921Z Requirement already satisfied: websocket-client>=1.7 in /home/runner/micromamba/envs/tardis/lib/python3.12/site-packages (from jupyter-server<3,>=2.4.0->notebook>=4.4.1->widgetsnbextension~=3.6.5->ipywidgets>=7.0.0->qgridnext) (1.8.0)
2025-02-21T10:39:23.7673480Z Requirement already satisfied: async-lru>=1.0.0 in /home/runner/micromamba/envs/tardis/lib/python3.12/site-packages (from jupyterlab<4.3,>=4.2.0->notebook>=4.4.1->widgetsnbextension~=3.6.5->ipywidgets>=7.0.0->qgridnext) (2.0.4)
2025-02-21T10:39:23.7684829Z Requirement already satisfied: httpx>=0.25.0 in /home/runner/micromamba/envs/tardis/lib/python3.12/site-packages (from jupyterlab<4.3,>=4.2.0->notebook>=4.4.1->widgetsnbextension~=3.6.5->ipywidgets>=7.0.0->qgridnext) (0.27.0)
2025-02-21T10:39:23.7696309Z Requirement already satisfied: ipykernel>=6.5.0 in /home/runner/micromamba/envs/tardis/lib/python3.12/site-packages (from jupyterlab<4.3,>=4.2.0->notebook>=4.4.1->widgetsnbextension~=3.6.5->ipywidgets>=7.0.0->qgridnext) (6.29.4)
2025-02-21T10:39:23.7712307Z Requirement already satisfied: jupyter-lsp>=2.0.0 in /home/runner/micromamba/envs/tardis/lib/python3.12/site-packages (from jupyterlab<4.3,>=4.2.0->notebook>=4.4.1->widgetsnbextension~=3.6.5->ipywidgets>=7.0.0->qgridnext) (2.2.5)
2025-02-21T10:39:23.7738400Z Requirement already satisfied: setuptools>=40.1.0 in /home/runner/micromamba/envs/tardis/lib/python3.12/site-packages (from jupyterlab<4.3,>=4.2.0->notebook>=4.4.1->widgetsnbextension~=3.6.5->ipywidgets>=7.0.0->qgridnext) (70.0.0)
2025-02-21T10:39:23.7926572Z Requirement already satisfied: babel>=2.10 in /home/runner/micromamba/envs/tardis/lib/python3.12/site-packages (from jupyterlab-server<3,>=2.27.1->notebook>=4.4.1->widgetsnbextension~=3.6.5->ipywidgets>=7.0.0->qgridnext) (2.14.0)
2025-02-21T10:39:23.7953341Z Requirement already satisfied: json5>=0.9.0 in /home/runner/micromamba/envs/tardis/lib/python3.12/site-packages (from jupyterlab-server<3,>=2.27.1->notebook>=4.4.1->widgetsnbextension~=3.6.5->ipywidgets>=7.0.0->qgridnext) (0.9.25)
2025-02-21T10:39:23.7964228Z Requirement already satisfied: jsonschema>=4.18.0 in /home/runner/micromamba/envs/tardis/lib/python3.12/site-packages (from jupyterlab-server<3,>=2.27.1->notebook>=4.4.1->widgetsnbextension~=3.6.5->ipywidgets>=7.0.0->qgridnext) (4.22.0)
2025-02-21T10:39:23.7981850Z Requirement already satisfied: requests>=2.31 in /home/runner/micromamba/envs/tardis/lib/python3.12/site-packages (from jupyterlab-server<3,>=2.27.1->notebook>=4.4.1->widgetsnbextension~=3.6.5->ipywidgets>=7.0.0->qgridnext) (2.32.3)
2025-02-21T10:39:23.8351375Z Requirement already satisfied: idna>=2.8 in /home/runner/micromamba/envs/tardis/lib/python3.12/site-packages (from anyio>=3.1.0->jupyter-server<3,>=2.4.0->notebook>=4.4.1->widgetsnbextension~=3.6.5->ipywidgets>=7.0.0->qgridnext) (3.7)
2025-02-21T10:39:23.8360289Z Requirement already satisfied: sniffio>=1.1 in /home/runner/micromamba/envs/tardis/lib/python3.12/site-packages (from anyio>=3.1.0->jupyter-server<3,>=2.4.0->notebook>=4.4.1->widgetsnbextension~=3.6.5->ipywidgets>=7.0.0->qgridnext) (1.3.1)
2025-02-21T10:39:23.8451776Z Requirement already satisfied: argon2-cffi-bindings in /home/runner/micromamba/envs/tardis/lib/python3.12/site-packages (from argon2-cffi>=21.1->jupyter-server<3,>=2.4.0->notebook>=4.4.1->widgetsnbextension~=3.6.5->ipywidgets>=7.0.0->qgridnext) (21.2.0)
2025-02-21T10:39:23.8622893Z Requirement already satisfied: certifi in /home/runner/micromamba/envs/tardis/lib/python3.12/site-packages (from httpx>=0.25.0->jupyterlab<4.3,>=4.2.0->notebook>=4.4.1->widgetsnbextension~=3.6.5->ipywidgets>=7.0.0->qgridnext) (2024.6.2)
2025-02-21T10:39:23.8637463Z Requirement already satisfied: httpcore==1.* in /home/runner/micromamba/envs/tardis/lib/python3.12/site-packages (from httpx>=0.25.0->jupyterlab<4.3,>=4.2.0->notebook>=4.4.1->widgetsnbextension~=3.6.5->ipywidgets>=7.0.0->qgridnext) (1.0.5)
2025-02-21T10:39:23.8715280Z Requirement already satisfied: h11<0.15,>=0.13 in /home/runner/micromamba/envs/tardis/lib/python3.12/site-packages (from httpcore==1.*->httpx>=0.25.0->jupyterlab<4.3,>=4.2.0->notebook>=4.4.1->widgetsnbextension~=3.6.5->ipywidgets>=7.0.0->qgridnext) (0.14.0)
2025-02-21T10:39:23.8899844Z Requirement already satisfied: debugpy>=1.6.5 in /home/runner/micromamba/envs/tardis/lib/python3.12/site-packages (from ipykernel>=6.5.0->jupyterlab<4.3,>=4.2.0->notebook>=4.4.1->widgetsnbextension~=3.6.5->ipywidgets>=7.0.0->qgridnext) (1.8.1)
2025-02-21T10:39:23.8920912Z Requirement already satisfied: nest-asyncio in /home/runner/micromamba/envs/tardis/lib/python3.12/site-packages (from ipykernel>=6.5.0->jupyterlab<4.3,>=4.2.0->notebook>=4.4.1->widgetsnbextension~=3.6.5->ipywidgets>=7.0.0->qgridnext) (1.6.0)
2025-02-21T10:39:23.8934970Z Requirement already satisfied: psutil in /home/runner/micromamba/envs/tardis/lib/python3.12/site-packages (from ipykernel>=6.5.0->jupyterlab<4.3,>=4.2.0->notebook>=4.4.1->widgetsnbextension~=3.6.5->ipywidgets>=7.0.0->qgridnext) (5.9.8)
2025-02-21T10:39:23.8999419Z Requirement already satisfied: MarkupSafe>=2.0 in /home/runner/micromamba/envs/tardis/lib/python3.12/site-packages (from jinja2>=3.0.3->jupyter-server<3,>=2.4.0->notebook>=4.4.1->widgetsnbextension~=3.6.5->ipywidgets>=7.0.0->qgridnext) (2.1.5)
2025-02-21T10:39:23.9211428Z Requirement already satisfied: attrs>=22.2.0 in /home/runner/micromamba/envs/tardis/lib/python3.12/site-packages (from jsonschema>=4.18.0->jupyterlab-server<3,>=2.27.1->notebook>=4.4.1->widgetsnbextension~=3.6.5->ipywidgets>=7.0.0->qgridnext) (23.2.0)
2025-02-21T10:39:23.9221474Z Requirement already satisfied: jsonschema-specifications>=2023.03.6 in /home/runner/micromamba/envs/tardis/lib/python3.12/site-packages (from jsonschema>=4.18.0->jupyterlab-server<3,>=2.27.1->notebook>=4.4.1->widgetsnbextension~=3.6.5->ipywidgets>=7.0.0->qgridnext) (2023.12.1)
2025-02-21T10:39:23.9230069Z Requirement already satisfied: referencing>=0.28.4 in /home/runner/micromamba/envs/tardis/lib/python3.12/site-packages (from jsonschema>=4.18.0->jupyterlab-server<3,>=2.27.1->notebook>=4.4.1->widgetsnbextension~=3.6.5->ipywidgets>=7.0.0->qgridnext) (0.35.1)
2025-02-21T10:39:23.9239020Z Requirement already satisfied: rpds-py>=0.7.1 in /home/runner/micromamba/envs/tardis/lib/python3.12/site-packages (from jsonschema>=4.18.0->jupyterlab-server<3,>=2.27.1->notebook>=4.4.1->widgetsnbextension~=3.6.5->ipywidgets>=7.0.0->qgridnext) (0.18.1)
2025-02-21T10:39:23.9566307Z Requirement already satisfied: platformdirs>=2.5 in /home/runner/micromamba/envs/tardis/lib/python3.12/site-packages (from jupyter-core!=5.0.*,>=4.12->jupyter-server<3,>=2.4.0->notebook>=4.4.1->widgetsnbextension~=3.6.5->ipywidgets>=7.0.0->qgridnext) (4.2.2)
2025-02-21T10:39:23.9716832Z Requirement already satisfied: python-json-logger>=2.0.4 in /home/runner/micromamba/envs/tardis/lib/python3.12/site-packages (from jupyter-events>=0.9.0->jupyter-server<3,>=2.4.0->notebook>=4.4.1->widgetsnbextension~=3.6.5->ipywidgets>=7.0.0->qgridnext) (2.0.7)
2025-02-21T10:39:23.9724937Z Requirement already satisfied: pyyaml>=5.3 in /home/runner/micromamba/envs/tardis/lib/python3.12/site-packages (from jupyter-events>=0.9.0->jupyter-server<3,>=2.4.0->notebook>=4.4.1->widgetsnbextension~=3.6.5->ipywidgets>=7.0.0->qgridnext) (6.0.1)
2025-02-21T10:39:23.9735139Z Requirement already satisfied: rfc3339-validator in /home/runner/micromamba/envs/tardis/lib/python3.12/site-packages (from jupyter-events>=0.9.0->jupyter-server<3,>=2.4.0->notebook>=4.4.1->widgetsnbextension~=3.6.5->ipywidgets>=7.0.0->qgridnext) (0.1.4)
2025-02-21T10:39:23.9743343Z Requirement already satisfied: rfc3986-validator>=0.1.1 in /home/runner/micromamba/envs/tardis/lib/python3.12/site-packages (from jupyter-events>=0.9.0->jupyter-server<3,>=2.4.0->notebook>=4.4.1->widgetsnbextension~=3.6.5->ipywidgets>=7.0.0->qgridnext) (0.1.1)
2025-02-21T10:39:24.0170089Z Requirement already satisfied: beautifulsoup4 in /home/runner/micromamba/envs/tardis/lib/python3.12/site-packages (from nbconvert>=6.4.4->jupyter-server<3,>=2.4.0->notebook>=4.4.1->widgetsnbextension~=3.6.5->ipywidgets>=7.0.0->qgridnext) (4.12.3)
2025-02-21T10:39:24.0189080Z Requirement already satisfied: bleach!=5.0.0 in /home/runner/micromamba/envs/tardis/lib/python3.12/site-packages (from nbconvert>=6.4.4->jupyter-server<3,>=2.4.0->notebook>=4.4.1->widgetsnbextension~=3.6.5->ipywidgets>=7.0.0->qgridnext) (6.1.0)
2025-02-21T10:39:24.0202586Z Requirement already satisfied: defusedxml in /home/runner/micromamba/envs/tardis/lib/python3.12/site-packages (from nbconvert>=6.4.4->jupyter-server<3,>=2.4.0->notebook>=4.4.1->widgetsnbextension~=3.6.5->ipywidgets>=7.0.0->qgridnext) (0.7.1)
2025-02-21T10:39:24.0216940Z Requirement already satisfied: jupyterlab-pygments in /home/runner/micromamba/envs/tardis/lib/python3.12/site-packages (from nbconvert>=6.4.4->jupyter-server<3,>=2.4.0->notebook>=4.4.1->widgetsnbextension~=3.6.5->ipywidgets>=7.0.0->qgridnext) (0.3.0)
2025-02-21T10:39:24.0228453Z Requirement already satisfied: mistune<4,>=2.0.3 in /home/runner/micromamba/envs/tardis/lib/python3.12/site-packages (from nbconvert>=6.4.4->jupyter-server<3,>=2.4.0->notebook>=4.4.1->widgetsnbextension~=3.6.5->ipywidgets>=7.0.0->qgridnext) (3.0.2)
2025-02-21T10:39:24.0240741Z Requirement already satisfied: nbclient>=0.5.0 in /home/runner/micromamba/envs/tardis/lib/python3.12/site-packages (from nbconvert>=6.4.4->jupyter-server<3,>=2.4.0->notebook>=4.4.1->widgetsnbextension~=3.6.5->ipywidgets>=7.0.0->qgridnext) (0.10.0)
2025-02-21T10:39:24.0256552Z Requirement already satisfied: pandocfilters>=1.4.1 in /home/runner/micromamba/envs/tardis/lib/python3.12/site-packages (from nbconvert>=6.4.4->jupyter-server<3,>=2.4.0->notebook>=4.4.1->widgetsnbextension~=3.6.5->ipywidgets>=7.0.0->qgridnext) (1.5.0)
2025-02-21T10:39:24.0266164Z Requirement already satisfied: tinycss2 in /home/runner/micromamba/envs/tardis/lib/python3.12/site-packages (from nbconvert>=6.4.4->jupyter-server<3,>=2.4.0->notebook>=4.4.1->widgetsnbextension~=3.6.5->ipywidgets>=7.0.0->qgridnext) (1.3.0)
2025-02-21T10:39:24.0380324Z Requirement already satisfied: fastjsonschema>=2.15 in /home/runner/micromamba/envs/tardis/lib/python3.12/site-packages (from nbformat>=5.3.0->jupyter-server<3,>=2.4.0->notebook>=4.4.1->widgetsnbextension~=3.6.5->ipywidgets>=7.0.0->qgridnext) (2.20.0)
2025-02-21T10:39:24.0685387Z Requirement already satisfied: charset-normalizer<4,>=2 in /home/runner/micromamba/envs/tardis/lib/python3.12/site-packages (from requests>=2.31->jupyterlab-server<3,>=2.27.1->notebook>=4.4.1->widgetsnbextension~=3.6.5->ipywidgets>=7.0.0->qgridnext) (3.3.2)
2025-02-21T10:39:24.0698906Z Requirement already satisfied: urllib3<3,>=1.21.1 in /home/runner/micromamba/envs/tardis/lib/python3.12/site-packages (from requests>=2.31->jupyterlab-server<3,>=2.27.1->notebook>=4.4.1->widgetsnbextension~=3.6.5->ipywidgets>=7.0.0->qgridnext) (2.2.2)
2025-02-21T10:39:24.1471477Z Requirement already satisfied: webencodings in /home/runner/micromamba/envs/tardis/lib/python3.12/site-packages (from bleach!=5.0.0->nbconvert>=6.4.4->jupyter-server<3,>=2.4.0->notebook>=4.4.1->widgetsnbextension~=3.6.5->ipywidgets>=7.0.0->qgridnext) (0.5.1)
2025-02-21T10:39:24.2039385Z Requirement already satisfied: fqdn in /home/runner/micromamba/envs/tardis/lib/python3.12/site-packages (from jsonschema[format-nongpl]>=4.18.0->jupyter-events>=0.9.0->jupyter-server<3,>=2.4.0->notebook>=4.4.1->widgetsnbextension~=3.6.5->ipywidgets>=7.0.0->qgridnext) (1.5.1)
2025-02-21T10:39:24.2056252Z Requirement already satisfied: isoduration in /home/runner/micromamba/envs/tardis/lib/python3.12/site-packages (from jsonschema[format-nongpl]>=4.18.0->jupyter-events>=0.9.0->jupyter-server<3,>=2.4.0->notebook>=4.4.1->widgetsnbextension~=3.6.5->ipywidgets>=7.0.0->qgridnext) (20.11.0)
2025-02-21T10:39:24.2069382Z Requirement already satisfied: jsonpointer>1.13 in /home/runner/micromamba/envs/tardis/lib/python3.12/site-packages (from jsonschema[format-nongpl]>=4.18.0->jupyter-events>=0.9.0->jupyter-server<3,>=2.4.0->notebook>=4.4.1->widgetsnbextension~=3.6.5->ipywidgets>=7.0.0->qgridnext) (3.0.0)
2025-02-21T10:39:24.2086108Z Requirement already satisfied: uri-template in /home/runner/micromamba/envs/tardis/lib/python3.12/site-packages (from jsonschema[format-nongpl]>=4.18.0->jupyter-events>=0.9.0->jupyter-server<3,>=2.4.0->notebook>=4.4.1->widgetsnbextension~=3.6.5->ipywidgets>=7.0.0->qgridnext) (1.3.0)
2025-02-21T10:39:24.2099810Z Requirement already satisfied: webcolors>=1.11 in /home/runner/micromamba/envs/tardis/lib/python3.12/site-packages (from jsonschema[format-nongpl]>=4.18.0->jupyter-events>=0.9.0->jupyter-server<3,>=2.4.0->notebook>=4.4.1->widgetsnbextension~=3.6.5->ipywidgets>=7.0.0->qgridnext) (24.6.0)
2025-02-21T10:39:24.3111487Z Requirement already satisfied: cffi>=1.0.1 in /home/runner/micromamba/envs/tardis/lib/python3.12/site-packages (from argon2-cffi-bindings->argon2-cffi>=21.1->jupyter-server<3,>=2.4.0->notebook>=4.4.1->widgetsnbextension~=3.6.5->ipywidgets>=7.0.0->qgridnext) (1.16.0)
2025-02-21T10:39:24.3207100Z Requirement already satisfied: soupsieve>1.2 in /home/runner/micromamba/envs/tardis/lib/python3.12/site-packages (from beautifulsoup4->nbconvert>=6.4.4->jupyter-server<3,>=2.4.0->notebook>=4.4.1->widgetsnbextension~=3.6.5->ipywidgets>=7.0.0->qgridnext) (2.5)
2025-02-21T10:39:24.3727908Z Requirement already satisfied: pycparser in /home/runner/micromamba/envs/tardis/lib/python3.12/site-packages (from cffi>=1.0.1->argon2-cffi-bindings->argon2-cffi>=21.1->jupyter-server<3,>=2.4.0->notebook>=4.4.1->widgetsnbextension~=3.6.5->ipywidgets>=7.0.0->qgridnext) (2.22)
2025-02-21T10:39:24.4224258Z Requirement already satisfied: arrow>=0.15.0 in /home/runner/micromamba/envs/tardis/lib/python3.12/site-packages (from isoduration->jsonschema[format-nongpl]>=4.18.0->jupyter-events>=0.9.0->jupyter-server<3,>=2.4.0->notebook>=4.4.1->widgetsnbextension~=3.6.5->ipywidgets>=7.0.0->qgridnext) (1.3.0)
2025-02-21T10:39:24.4521670Z Requirement already satisfied: types-python-dateutil>=2.8.10 in /home/runner/micromamba/envs/tardis/lib/python3.12/site-packages (from arrow>=0.15.0->isoduration->jsonschema[format-nongpl]>=4.18.0->jupyter-events>=0.9.0->jupyter-server<3,>=2.4.0->notebook>=4.4.1->widgetsnbextension~=3.6.5->ipywidgets>=7.0.0->qgridnext) (2.9.0.20240316)
2025-02-21T10:39:24.4762405Z Downloading qgridnext-2.0.4-py3-none-any.whl (1.3 MB)
2025-02-21T10:39:24.4937347Z    â”â”â”â”â”â”â”â”â”â”â”â”â”â”â”â”â”â”â”â”â”â”â”â”â”â”â”â”â”â”â”â”â”â”â”â”â”â”â”â” 1.3/1.3 MB 83.2 MB/s eta 0:00:00
2025-02-21T10:39:25.2926488Z Installing collected packages: qgridnext
2025-02-21T10:39:25.3660397Z Successfully installed qgridnext-2.0.4
2025-02-21T10:39:25.5452160Z ##[group]Run pytest tardis --tardis-regression-data=/home/runner/work/tardis/tardis/tardis-regression-data --cov=tardis --cov-report=xml --cov-report=html --cov-append -m "not continuum"
2025-02-21T10:39:25.5454654Z [36;1mpytest tardis --tardis-regression-data=/home/runner/work/tardis/tardis/tardis-regression-data --cov=tardis --cov-report=xml --cov-report=html --cov-append -m "not continuum"[0m
2025-02-21T10:39:25.5514536Z shell: /usr/bin/bash -l {0}
2025-02-21T10:39:25.5514800Z env:
2025-02-21T10:39:25.5514974Z   CACHE_NUMBER: 0
2025-02-21T10:39:25.5515596Z   PYTEST_FLAGS: --tardis-regression-data=/home/runner/work/tardis/tardis/tardis-regression-data --cov=tardis --cov-report=xml --cov-report=html --cov-append
2025-02-21T10:39:25.5516250Z   CODECOV_TOKEN: 
2025-02-21T10:39:25.5516476Z   MAMBA_ROOT_PREFIX: /home/runner/micromamba
2025-02-21T10:39:25.5516776Z   MAMBA_EXE: /home/runner/micromamba-bin/micromamba
2025-02-21T10:39:25.5517145Z   CONDARC: /home/runner/work/_temp/setup-micromamba/.condarc
2025-02-21T10:39:25.5517450Z ##[endgroup]
2025-02-21T10:39:34.8099531Z ============================= test session starts ==============================
2025-02-21T10:39:34.8100255Z platform linux -- Python 3.12.4, pytest-8.2.2, pluggy-1.5.0
2025-02-21T10:39:34.8100878Z rootdir: /home/runner/work/tardis/tardis
2025-02-21T10:39:34.8101425Z configfile: pyproject.toml
2025-02-21T10:39:34.8102001Z plugins: metadata-3.1.1, anyio-4.4.0, doctestplus-1.2.1, cov-5.0.0, html-4.1.1
2025-02-21T10:39:34.8103379Z collected 1796 items / 2 deselected / 1794 selected
2025-02-21T10:39:34.8103758Z 
2025-02-21T10:39:39.6834171Z tardis/energy_input/tests/test_energy_source.py ..xxx                    [  0%]
2025-02-21T10:39:42.6080745Z tardis/energy_input/tests/test_gamma_ray_channel.py ...........          [  0%]
2025-02-21T10:39:44.1542448Z tardis/energy_input/tests/test_gamma_ray_grid.py xx.                     [  1%]
2025-02-21T10:39:45.9009227Z tardis/energy_input/tests/test_gamma_ray_interactions.py xx....          [  1%]
2025-02-21T10:39:45.9100487Z tardis/energy_input/tests/test_gamma_ray_packet_source.py sssssssss      [  1%]
2025-02-21T10:39:47.2317993Z tardis/energy_input/tests/test_util.py .....xxxx.....                    [  2%]
2025-02-21T10:39:47.6085190Z tardis/grid/tests/test_grid.py .                                         [  2%]
2025-02-21T10:39:47.6100451Z tardis/gui/tests/test_gui.py s                                           [  2%]
2025-02-21T10:39:51.1754317Z tardis/io/configuration/tests/test_config_reader.py ...........          [  3%]
2025-02-21T10:39:51.1881861Z tardis/io/configuration/tests/test_configuration_namespace.py .........  [  3%]
2025-02-21T10:39:51.2152320Z tardis/io/logger/tests/test_logging.py ssssssssssssssssssssssssssss      [  5%]
2025-02-21T10:40:28.8717412Z tardis/io/model/readers/tests/test_arepo_parser.py ..                    [  5%]
2025-02-21T10:40:28.8865910Z tardis/io/model/readers/tests/test_ascii_readers.py ...                  [  5%]
2025-02-21T10:40:28.8970210Z tardis/io/model/readers/tests/test_cmfgen_reader.py ..                   [  5%]
2025-02-21T10:40:28.9283280Z tardis/io/model/readers/tests/test_csvy_reader.py ....                   [  6%]
2025-02-21T10:40:28.9488771Z tardis/io/model/readers/tests/test_stella_reader.py ..                   [  6%]
2025-02-21T10:40:29.2461843Z tardis/io/tests/test_HDFWriter.py ...............                        [  7%]
2025-02-21T10:40:29.5743976Z tardis/io/tests/test_atomic.py .....                                     [  7%]
2025-02-21T10:40:29.5936596Z tardis/io/tests/test_decay.py ..                                         [  7%]
2025-02-21T10:40:29.7908737Z tardis/io/tests/test_model_reader.py ......                              [  7%]
2025-02-21T10:40:29.7975908Z tardis/model/geometry/tests/test_radial1d.py ..                          [  7%]
2025-02-21T10:41:27.0512145Z tardis/model/tests/test_base.py ........................................ [ 10%]
2025-02-21T10:41:28.0437648Z ............                                                             [ 10%]
2025-02-21T10:41:31.1004709Z tardis/model/tests/test_csvy_model.py .........                          [ 11%]
2025-02-21T10:41:31.1470021Z tardis/model/tests/test_density.py ..                                    [ 11%]
2025-02-21T10:41:32.4489658Z tardis/opacities/tests/test_opacity_solver.py .....                      [ 11%]
2025-02-21T10:41:33.7729859Z tardis/opacities/tests/test_opacity_state_numba.py .....                 [ 11%]
2025-02-21T10:41:35.3768988Z tardis/opacities/tests/test_tau_sobolev.py ..                            [ 12%]
2025-02-21T10:41:38.4079563Z tardis/plasma/equilibrium/tests/test_collisional_transitions.py ...      [ 12%]
2025-02-21T10:42:23.8922858Z tardis/plasma/equilibrium/tests/test_level_populations.py ....           [ 12%]
2025-02-21T10:42:35.4084456Z tardis/plasma/equilibrium/tests/test_rate_matrix.py .                    [ 12%]
2025-02-21T10:42:36.8027204Z tardis/plasma/tests/test_complete_plasmas.py ..............s......s..... [ 13%]
2025-02-21T10:42:39.6365191Z s....ssssss............s......s.....ss.....s....ssssss............s..... [ 18%]
2025-02-21T10:42:41.5542152Z .s.....ss.....s....ssssss............s......s.....ss.....s....ssssss.... [ 22%]
2025-02-21T10:42:44.4024386Z ........s......s.....ss.....s....ssssss............s......s.....ss.....s [ 26%]
2025-02-21T10:42:47.2263999Z ....ssssss............s......s.....ss.....s....ssssss............s...... [ 30%]
2025-02-21T10:42:47.9141689Z s.....ss.....s....ssssss............s......s.....ss.....s.ss.ssssss..... [ 34%]
2025-02-21T10:42:50.7575880Z .......s......s.....ss.....s....ssssss............s......s.....ss.....s. [ 38%]
2025-02-21T10:42:53.8884179Z ...ssssss............s......s.....ss.....s....ssssss............s......s [ 42%]
2025-02-21T10:42:56.8926635Z .....ss.....s....ssssss............s......s.....s...........ssssss...... [ 46%]
2025-02-21T10:42:58.6539072Z ......s......s.....s...........ssssss............s......s.....s......... [ 50%]
2025-02-21T10:43:01.4936394Z ..ssssss............s......s.....ss.....s....ssssss............s......s. [ 54%]
2025-02-21T10:43:04.9309143Z ....ss.....s....ssssss...................s......s.....s....ssss......... [ 58%]
2025-02-21T10:43:05.2134120Z ............s......s.....s....ssss.......                                [ 60%]
2025-02-21T10:43:05.3268442Z tardis/plasma/tests/test_hdf_plasma.py ................................. [ 62%]
2025-02-21T10:43:05.3380372Z ......                                                                   [ 62%]
2025-02-21T10:43:05.4759718Z tardis/plasma/tests/test_nlte_excitation.py ...                          [ 62%]
2025-02-21T10:45:22.8035468Z tardis/plasma/tests/test_nlte_solver.py .....X                           [ 63%]
2025-02-21T10:45:22.8060746Z tardis/plasma/tests/test_plasma_continuum.py .                           [ 63%]
2025-02-21T10:45:46.1639385Z tardis/plasma/tests/test_plasma_vboundary.py .............               [ 63%]
2025-02-21T10:45:59.4395834Z tardis/plasma/tests/test_tardis_model_density_config.py ...              [ 64%]
2025-02-21T10:46:00.1850422Z tardis/simulation/tests/test_convergence.py .....                        [ 64%]
2025-02-21T10:46:08.7287044Z tardis/simulation/tests/test_simulation.py .............                 [ 65%]
2025-02-21T10:46:08.7477419Z tardis/spectrum/tests/test_cuda_formal_integral.py sssssssssssssssssssss [ 66%]
2025-02-21T10:46:09.2166996Z ssss...ssssssssssssssssssssss                                            [ 67%]
2025-02-21T10:46:09.2238042Z tardis/spectrum/tests/test_luminosity.py ....                            [ 68%]
2025-02-21T10:46:10.8076243Z tardis/spectrum/tests/test_numba_formal_integral.py .................... [ 69%]
2025-02-21T10:46:10.8265062Z ..........                                                               [ 69%]
2025-02-21T10:46:10.9941860Z tardis/spectrum/tests/test_spectrum.py ................................. [ 71%]
2025-02-21T10:46:11.0261750Z .........                                                                [ 72%]
2025-02-21T10:46:11.1082809Z tardis/spectrum/tests/test_spectrum_solver.py .FFF                       [ 72%]
2025-02-21T10:46:42.5581447Z tardis/tests/test_tardis_full.py .FFF                                    [ 72%]
2025-02-21T10:48:07.4043939Z tardis/tests/test_tardis_full_formal_integral.py ................        [ 73%]
2025-02-21T10:48:07.4778908Z tardis/tests/test_util.py .............................................  [ 75%]
2025-02-21T10:48:10.1602481Z tardis/transport/montecarlo/tests/test_base.py x.....................    [ 77%]
2025-02-21T10:48:17.2861204Z tardis/transport/montecarlo/tests/test_interaction.py .......            [ 77%]
2025-02-21T10:48:17.4992320Z tardis/transport/montecarlo/tests/test_macro_atom.py ....                [ 77%]
2025-02-21T10:48:17.5167588Z tardis/transport/montecarlo/tests/test_montecarlo.py sssssssssssssssssss [ 78%]
2025-02-21T10:48:17.5580786Z sssssssssssssssssssssssssssssssssssssssssssss                            [ 81%]
2025-02-21T10:48:26.9365187Z tardis/transport/montecarlo/tests/test_montecarlo_main_loop.py x..       [ 81%]
2025-02-21T10:48:26.9428410Z tardis/transport/montecarlo/tests/test_nonhomologous.py ...              [ 81%]
2025-02-21T10:48:32.7287002Z tardis/transport/montecarlo/tests/test_numba_interface.py .....x.        [ 82%]
2025-02-21T10:48:33.2183526Z tardis/transport/montecarlo/tests/test_opacities.py ...............      [ 82%]
2025-02-21T10:48:34.2353218Z tardis/transport/montecarlo/tests/test_packet.py .................xXXXXX [ 84%]
2025-02-21T10:48:34.3733346Z XX.........                                                              [ 84%]
2025-02-21T10:48:34.4012534Z tardis/transport/montecarlo/tests/test_packet_source.py ........         [ 85%]
2025-02-21T10:48:34.7103230Z tardis/transport/montecarlo/tests/test_rpacket_last_interaction_tracker.py . [ 85%]
2025-02-21T10:48:35.1138768Z .....                                                                    [ 85%]
2025-02-21T10:49:10.1607911Z tardis/transport/montecarlo/tests/test_rpacket_tracker.py ......         [ 85%]
2025-02-21T10:49:10.1893990Z tardis/transport/montecarlo/tests/test_single_packet_loop.py xxx         [ 86%]
2025-02-21T10:49:10.1926634Z tardis/transport/montecarlo/tests/test_tracker_utils.py ..               [ 86%]
2025-02-21T10:49:12.5986893Z tardis/transport/montecarlo/tests/test_vpacket.py ..x.                   [ 86%]
2025-02-21T10:49:12.6158696Z tardis/transport/montecarlo/tests/test_weighted_packet_source.py ....    [ 86%]
2025-02-21T10:49:16.0252115Z tardis/transport/montecarlo/tests/test_weighted_packet_source_integration.py . [ 86%]
2025-02-21T10:49:16.0253618Z                                                                          [ 86%]
2025-02-21T10:49:16.7623840Z tardis/transport/tests/test_doppler_factor.py ..................         [ 87%]
2025-02-21T10:49:18.5820253Z tardis/visualization/tools/tests/test_convergence_plot.py .............. [ 88%]
2025-02-21T10:49:20.8082846Z ......                                                                   [ 88%]
2025-02-21T10:49:25.5188457Z tardis/visualization/tools/tests/test_liv_plot.py ...................... [ 90%]
2025-02-21T10:49:28.1629335Z .............................                                            [ 91%]
2025-02-21T10:49:31.0084294Z tardis/visualization/tools/tests/test_rpacket_plot.py .................. [ 92%]
2025-02-21T10:49:38.0360284Z ....                                                                     [ 92%]
2025-02-21T10:49:44.0553673Z tardis/visualization/tools/tests/test_sdec_plot.py ..................... [ 94%]
2025-02-21T10:49:52.1072429Z ..............................                                           [ 95%]
2025-02-21T10:49:52.5447667Z tardis/visualization/widgets/tests/test_custom_abundance.py ........ss.. [ 96%]
2025-02-21T10:49:52.6166646Z ....                                                                     [ 96%]
2025-02-21T10:49:53.6728241Z tardis/visualization/widgets/tests/test_line_info.py ................... [ 97%]
2025-02-21T10:49:54.2984571Z ..................                                                       [ 98%]
2025-02-21T10:50:57.4518801Z tardis/visualization/widgets/tests/test_shell_info.py .................. [ 99%]
2025-02-21T10:51:06.0569755Z ......                                                                   [100%]
2025-02-21T10:51:06.0570213Z 
2025-02-21T10:51:06.0570399Z =================================== FAILURES ===================================
2025-02-21T10:51:06.0571074Z ________________ TestSpectrumSolver.test_spectrum_real_packets _________________
2025-02-21T10:51:06.0571596Z 
2025-02-21T10:51:06.0572049Z self = <tardis.spectrum.tests.test_spectrum_solver.TestSpectrumSolver object at 0x7fb3c81348c0>
2025-02-21T10:51:06.0573300Z simulation_regression_data = <tardis.simulation.base.Simulation object at 0x7fb3c7149820>
2025-02-21T10:51:06.0573883Z 
2025-02-21T10:51:06.0574176Z     def test_spectrum_real_packets(self, simulation_regression_data):
2025-02-21T10:51:06.0574928Z         transport_state = simulation_regression_data.transport.transport_state
2025-02-21T10:51:06.0575831Z         spectrum_frequency_grid = simulation_regression_data.transport.spectrum_frequency_grid
2025-02-21T10:51:06.0576507Z     
2025-02-21T10:51:06.0576968Z         solver = SpectrumSolver(transport_state, spectrum_frequency_grid, None)
2025-02-21T10:51:06.0577641Z         result = solver.spectrum_real_packets.luminosity
2025-02-21T10:51:06.0578285Z         key = "simulation/spectrum_solver/spectrum_real_packets/luminosity"
2025-02-21T10:51:06.0578897Z         expected = self.get_expected_data(key)
2025-02-21T10:51:06.0579617Z     
2025-02-21T10:51:06.0579937Z         luminosity = u.Quantity(expected, "erg /s")
2025-02-21T10:51:06.0580369Z     
2025-02-21T10:51:06.0580654Z >       assert_quantity_allclose(
2025-02-21T10:51:06.0581040Z             result,
2025-02-21T10:51:06.0581342Z             luminosity,
2025-02-21T10:51:06.0581655Z         )
2025-02-21T10:51:06.0581827Z 
2025-02-21T10:51:06.0582047Z tardis/spectrum/tests/test_spectrum_solver.py:61: 
2025-02-21T10:51:06.0582599Z _ _ _ _ _ _ _ _ _ _ _ _ _ _ _ _ _ _ _ _ _ _ _ _ _ _ _ _ _ _ _ _ _ _ _ _ _ _ _ _ 
2025-02-21T10:51:06.0583752Z ../../../micromamba/envs/tardis/lib/python3.12/site-packages/astropy/tests/helper.py:203: in assert_quantity_allclose
2025-02-21T10:51:06.0584636Z     np.testing.assert_allclose(
2025-02-21T10:51:06.0585075Z _ _ _ _ _ _ _ _ _ _ _ _ _ _ _ _ _ _ _ _ _ _ _ _ _ _ _ _ _ _ _ _ _ _ _ _ _ _ _ _ 
2025-02-21T10:51:06.0585418Z 
2025-02-21T10:51:06.0586272Z args = (<function assert_allclose.<locals>.compare at 0x7fb396c7fce0>, array([0.00000000e+00, 0.00000000e+00, 2.76120259e+39,...), array([1.33511090e+39, 1.33738696e+39, 9.41598476e+38, ...,
2025-02-21T10:51:06.0587434Z        0.00000000e+00, 0.00000000e+00, 0.00000000e+00]))
2025-02-21T10:51:06.0588167Z kwds = {'equal_nan': True, 'err_msg': '', 'header': 'Not equal to tolerance rtol=1e-07, atol=0', 'verbose': True}
2025-02-21T10:51:06.0588749Z 
2025-02-21T10:51:06.0588866Z     @wraps(func)
2025-02-21T10:51:06.0589184Z     def inner(*args, **kwds):
2025-02-21T10:51:06.0589566Z         with self._recreate_cm():
2025-02-21T10:51:06.0589966Z >           return func(*args, **kwds)
2025-02-21T10:51:06.0590376Z E           AssertionError: 
2025-02-21T10:51:06.0590802Z E           Not equal to tolerance rtol=1e-07, atol=0
2025-02-21T10:51:06.0591234Z E           
2025-02-21T10:51:06.0591560Z E           Mismatched elements: 4355 / 10000 (43.5%)
2025-02-21T10:51:06.0592031Z E           Max absolute difference: 1.94155993e+40
2025-02-21T10:51:06.0592500Z E           Max relative difference: 137.15340685
2025-02-21T10:51:06.0593246Z E            x: array([0.000000e+00, 0.000000e+00, 2.761203e+39, ..., 0.000000e+00,
2025-02-21T10:51:06.0593802Z E                  0.000000e+00, 0.000000e+00])
2025-02-21T10:51:06.0594322Z E            y: array([1.335111e+39, 1.337387e+39, 9.415985e+38, ..., 0.000000e+00,
2025-02-21T10:51:06.0594867Z E                  0.000000e+00, 0.000000e+00])
2025-02-21T10:51:06.0595156Z 
2025-02-21T10:51:06.0595737Z ../../../micromamba/envs/tardis/lib/python3.12/contextlib.py:81: AssertionError
2025-02-21T10:51:06.0596664Z ___________ TestSpectrumSolver.test_spectrum_real_packets_reabsorbed ___________
2025-02-21T10:51:06.0597192Z 
2025-02-21T10:51:06.0597663Z self = <tardis.spectrum.tests.test_spectrum_solver.TestSpectrumSolver object at 0x7fb3c8134bf0>
2025-02-21T10:51:06.0598760Z simulation_regression_data = <tardis.simulation.base.Simulation object at 0x7fb3c7149820>
2025-02-21T10:51:06.0599365Z 
2025-02-21T10:51:06.0599702Z     def test_spectrum_real_packets_reabsorbed(self, simulation_regression_data):
2025-02-21T10:51:06.0600507Z         transport_state = simulation_regression_data.transport.transport_state
2025-02-21T10:51:06.0601388Z         spectrum_frequency_grid = simulation_regression_data.transport.spectrum_frequency_grid
2025-02-21T10:51:06.0602057Z     
2025-02-21T10:51:06.0602525Z         solver = SpectrumSolver(transport_state, spectrum_frequency_grid, None)
2025-02-21T10:51:06.0603451Z         result = solver.spectrum_real_packets_reabsorbed.luminosity
2025-02-21T10:51:06.0604198Z         key = "simulation/spectrum_solver/spectrum_real_packets_reabsorbed/luminosity"
2025-02-21T10:51:06.0604878Z         expected = self.get_expected_data(key)
2025-02-21T10:51:06.0605289Z     
2025-02-21T10:51:06.0605603Z         luminosity = u.Quantity(expected, "erg /s")
2025-02-21T10:51:06.0606032Z     
2025-02-21T10:51:06.0606314Z >       assert_quantity_allclose(
2025-02-21T10:51:06.0606688Z             result,
2025-02-21T10:51:06.0606983Z             luminosity,
2025-02-21T10:51:06.0607488Z         )
2025-02-21T10:51:06.0607643Z 
2025-02-21T10:51:06.0607850Z tardis/spectrum/tests/test_spectrum_solver.py:77: 
2025-02-21T10:51:06.0608394Z _ _ _ _ _ _ _ _ _ _ _ _ _ _ _ _ _ _ _ _ _ _ _ _ _ _ _ _ _ _ _ _ _ _ _ _ _ _ _ _ 
2025-02-21T10:51:06.0609332Z ../../../micromamba/envs/tardis/lib/python3.12/site-packages/astropy/tests/helper.py:203: in assert_quantity_allclose
2025-02-21T10:51:06.0610220Z     np.testing.assert_allclose(
2025-02-21T10:51:06.0610668Z _ _ _ _ _ _ _ _ _ _ _ _ _ _ _ _ _ _ _ _ _ _ _ _ _ _ _ _ _ _ _ _ _ _ _ _ _ _ _ _ 
2025-02-21T10:51:06.0611023Z 
2025-02-21T10:51:06.0611673Z args = (<function assert_allclose.<locals>.compare at 0x7fb396c7c4a0>, array([0., 0., 0., ..., 0., 0., 0.]), array([2.03920412e+38, 3.72882494e+38, 2.29646943e+38, ...,
2025-02-21T10:51:06.0612650Z        0.00000000e+00, 0.00000000e+00, 0.00000000e+00]))
2025-02-21T10:51:06.0613540Z kwds = {'equal_nan': True, 'err_msg': '', 'header': 'Not equal to tolerance rtol=1e-07, atol=0', 'verbose': True}
2025-02-21T10:51:06.0614125Z 
2025-02-21T10:51:06.0614268Z     @wraps(func)
2025-02-21T10:51:06.0614626Z     def inner(*args, **kwds):
2025-02-21T10:51:06.0615005Z         with self._recreate_cm():
2025-02-21T10:51:06.0615407Z >           return func(*args, **kwds)
2025-02-21T10:51:06.0615818Z E           AssertionError: 
2025-02-21T10:51:06.0616224Z E           Not equal to tolerance rtol=1e-07, atol=0
2025-02-21T10:51:06.0616661Z E           
2025-02-21T10:51:06.0616992Z E           Mismatched elements: 4491 / 10000 (44.9%)
2025-02-21T10:51:06.0617464Z E           Max absolute difference: 1.0639846e+40
2025-02-21T10:51:06.0617933Z E           Max relative difference: 122.79315318
2025-02-21T10:51:06.0618391Z E            x: array([0., 0., 0., ..., 0., 0., 0.])
2025-02-21T10:51:06.0618943Z E            y: array([2.039204e+38, 3.728825e+38, 2.296469e+38, ..., 0.000000e+00,
2025-02-21T10:51:06.0619487Z E                  0.000000e+00, 0.000000e+00])
2025-02-21T10:51:06.0619773Z 
2025-02-21T10:51:06.0620122Z ../../../micromamba/envs/tardis/lib/python3.12/contextlib.py:81: AssertionError
2025-02-21T10:51:06.0620898Z ________________________ TestSpectrumSolver.test_solve _________________________
2025-02-21T10:51:06.0621334Z 
2025-02-21T10:51:06.0621783Z self = <tardis.spectrum.tests.test_spectrum_solver.TestSpectrumSolver object at 0x7fb3c8135490>
2025-02-21T10:51:06.0622794Z simulation_regression_data = <tardis.simulation.base.Simulation object at 0x7fb3c7149820>
2025-02-21T10:51:06.0623518Z 
2025-02-21T10:51:06.0623879Z     def test_solve(self, simulation_regression_data):
2025-02-21T10:51:06.0624546Z         transport_state = simulation_regression_data.transport.transport_state
2025-02-21T10:51:06.0625422Z         spectrum_frequency_grid = simulation_regression_data.transport.spectrum_frequency_grid
2025-02-21T10:51:06.0626117Z     
2025-02-21T10:51:06.0626612Z         solver = SpectrumSolver(transport_state, spectrum_frequency_grid, None)
2025-02-21T10:51:06.0627387Z         result_real, result_virtual, result_integrated = solver.solve(
2025-02-21T10:51:06.0627985Z             transport_state
2025-02-21T10:51:06.0628348Z         )
2025-02-21T10:51:06.0628844Z         key_real = "simulation/spectrum_solver/spectrum_real_packets/luminosity"
2025-02-21T10:51:06.0629515Z         expected_real = self.get_expected_data(key_real)
2025-02-21T10:51:06.0629965Z     
2025-02-21T10:51:06.0630328Z         luminosity_real = u.Quantity(expected_real, "erg /s")
2025-02-21T10:51:06.0630798Z     
2025-02-21T10:51:06.0631083Z >       assert_quantity_allclose(
2025-02-21T10:51:06.0631481Z             result_real.luminosity,
2025-02-21T10:51:06.0631878Z             luminosity_real,
2025-02-21T10:51:06.0632220Z         )
2025-02-21T10:51:06.0632381Z 
2025-02-21T10:51:06.0632587Z tardis/spectrum/tests/test_spectrum_solver.py:95: 
2025-02-21T10:51:06.0633305Z _ _ _ _ _ _ _ _ _ _ _ _ _ _ _ _ _ _ _ _ _ _ _ _ _ _ _ _ _ _ _ _ _ _ _ _ _ _ _ _ 
2025-02-21T10:51:06.0634247Z ../../../micromamba/envs/tardis/lib/python3.12/site-packages/astropy/tests/helper.py:203: in assert_quantity_allclose
2025-02-21T10:51:06.0635308Z     np.testing.assert_allclose(
2025-02-21T10:51:06.0635743Z _ _ _ _ _ _ _ _ _ _ _ _ _ _ _ _ _ _ _ _ _ _ _ _ _ _ _ _ _ _ _ _ _ _ _ _ _ _ _ _ 
2025-02-21T10:51:06.0636089Z 
2025-02-21T10:51:06.0636900Z args = (<function assert_allclose.<locals>.compare at 0x7fb396c7ff60>, array([0.00000000e+00, 0.00000000e+00, 2.76120259e+39,...), array([1.33511090e+39, 1.33738696e+39, 9.41598476e+38, ...,
2025-02-21T10:51:06.0638029Z        0.00000000e+00, 0.00000000e+00, 0.00000000e+00]))
2025-02-21T10:51:06.0638755Z kwds = {'equal_nan': True, 'err_msg': '', 'header': 'Not equal to tolerance rtol=1e-07, atol=0', 'verbose': True}
2025-02-21T10:51:06.0639325Z 
2025-02-21T10:51:06.0639499Z     @wraps(func)
2025-02-21T10:51:06.0639817Z     def inner(*args, **kwds):
2025-02-21T10:51:06.0640193Z         with self._recreate_cm():
2025-02-21T10:51:06.0640592Z >           return func(*args, **kwds)
2025-02-21T10:51:06.0641007Z E           AssertionError: 
2025-02-21T10:51:06.0641419Z E           Not equal to tolerance rtol=1e-07, atol=0
2025-02-21T10:51:06.0641851Z E           
2025-02-21T10:51:06.0642178Z E           Mismatched elements: 4355 / 10000 (43.5%)
2025-02-21T10:51:06.0642652Z E           Max absolute difference: 1.94155993e+40
2025-02-21T10:51:06.0643271Z E           Max relative difference: 137.15340685
2025-02-21T10:51:06.0643827Z E            x: array([0.000000e+00, 0.000000e+00, 2.761203e+39, ..., 0.000000e+00,
2025-02-21T10:51:06.0644386Z E                  0.000000e+00, 0.000000e+00])
2025-02-21T10:51:06.0644917Z E            y: array([1.335111e+39, 1.337387e+39, 9.415985e+38, ..., 0.000000e+00,
2025-02-21T10:51:06.0645464Z E                  0.000000e+00, 0.000000e+00])
2025-02-21T10:51:06.0645746Z 
2025-02-21T10:51:06.0646091Z ../../../micromamba/envs/tardis/lib/python3.12/contextlib.py:81: AssertionError
2025-02-21T10:51:06.0646898Z __________________ TestTransportSimple.test_j_blue_estimators __________________
2025-02-21T10:51:06.0647373Z 
2025-02-21T10:51:06.0647736Z self = <tardis.tests.test_tardis_full.TestTransportSimple object at 0x7fb3c8135e20>
2025-02-21T10:51:06.0648673Z simulation_regression_data = <tardis.simulation.base.Simulation object at 0x7fb3c7149820>
2025-02-21T10:51:06.0649253Z 
2025-02-21T10:51:06.0649496Z     def test_j_blue_estimators(self, simulation_regression_data):
2025-02-21T10:51:06.0650148Z         key = "simulation/transport/transport_state/j_blue_estimator"
2025-02-21T10:51:06.0650876Z         expected = self.get_expected_data(key)
2025-02-21T10:51:06.0651307Z     
2025-02-21T10:51:06.0651588Z >       npt.assert_allclose(
2025-02-21T10:51:06.0652292Z             simulation_regression_data.transport.transport_state.radfield_mc_estimators.j_blue_estimator,
2025-02-21T10:51:06.0653184Z             expected.values,
2025-02-21T10:51:06.0653527Z         )
2025-02-21T10:51:06.0653686Z 
2025-02-21T10:51:06.0653845Z tardis/tests/test_tardis_full.py:60: 
2025-02-21T10:51:06.0654309Z _ _ _ _ _ _ _ _ _ _ _ _ _ _ _ _ _ _ _ _ _ _ _ _ _ _ _ _ _ _ _ _ _ _ _ _ _ _ _ _ 
2025-02-21T10:51:06.0654658Z 
2025-02-21T10:51:06.0666438Z args = (<function assert_allclose.<locals>.compare at 0x7fb3c767ce00>, array([[0., 0., 0., ..., 0., 0., 0.],
2025-02-21T10:51:06.0667300Z        [0., 0., .....,
2025-02-21T10:51:06.0667658Z        [0., 0., 0., ..., 0., 0., 0.],
2025-02-21T10:51:06.0668056Z        [0., 0., 0., ..., 0., 0., 0.],
2025-02-21T10:51:06.0668445Z        [0., 0., 0., ..., 0., 0., 0.]]))
2025-02-21T10:51:06.0669120Z kwds = {'equal_nan': True, 'err_msg': '', 'header': 'Not equal to tolerance rtol=1e-07, atol=0', 'verbose': True}
2025-02-21T10:51:06.0669685Z 
2025-02-21T10:51:06.0669815Z     @wraps(func)
2025-02-21T10:51:06.0670139Z     def inner(*args, **kwds):
2025-02-21T10:51:06.0670529Z         with self._recreate_cm():
2025-02-21T10:51:06.0670941Z >           return func(*args, **kwds)
2025-02-21T10:51:06.0671376Z E           AssertionError: 
2025-02-21T10:51:06.0671818Z E           Not equal to tolerance rtol=1e-07, atol=0
2025-02-21T10:51:06.0672518Z E           
2025-02-21T10:51:06.0672877Z E           Mismatched elements: 488044 / 584480 (83.5%)
2025-02-21T10:51:06.0673602Z E           Max absolute difference: 1.43452643e-17
2025-02-21T10:51:06.0674098Z E           Max relative difference: 235.31367318
2025-02-21T10:51:06.0674587Z E            x: array([[0., 0., 0., ..., 0., 0., 0.],
2025-02-21T10:51:06.0675057Z E                  [0., 0., 0., ..., 0., 0., 0.],
2025-02-21T10:51:06.0675514Z E                  [0., 0., 0., ..., 0., 0., 0.],...
2025-02-21T10:51:06.0675953Z E            y: array([[0., 0., 0., ..., 0., 0., 0.],
2025-02-21T10:51:06.0676368Z E                  [0., 0., 0., ..., 0., 0., 0.],
2025-02-21T10:51:06.0676771Z E                  [0., 0., 0., ..., 0., 0., 0.],...
2025-02-21T10:51:06.0677041Z 
2025-02-21T10:51:06.0677378Z ../../../micromamba/envs/tardis/lib/python3.12/contextlib.py:81: AssertionError
2025-02-21T10:51:06.0678142Z ______________________ TestTransportSimple.test_spectrum _______________________
2025-02-21T10:51:06.0678582Z 
2025-02-21T10:51:06.0678936Z self = <tardis.tests.test_tardis_full.TestTransportSimple object at 0x7fb3c8136090>
2025-02-21T10:51:06.0679820Z simulation_regression_data = <tardis.simulation.base.Simulation object at 0x7fb3c7149820>
2025-02-21T10:51:06.0680389Z 
2025-02-21T10:51:06.0680594Z     def test_spectrum(self, simulation_regression_data):
2025-02-21T10:51:06.0681220Z         key = "simulation/spectrum_solver/spectrum_real_packets/luminosity"
2025-02-21T10:51:06.0681806Z         expected = self.get_expected_data(key)
2025-02-21T10:51:06.0682199Z     
2025-02-21T10:51:06.0682502Z         luminosity = u.Quantity(expected, "erg /s")
2025-02-21T10:51:06.0682913Z     
2025-02-21T10:51:06.0683359Z >       assert_quantity_allclose(
2025-02-21T10:51:06.0683959Z             simulation_regression_data.spectrum_solver.spectrum_real_packets.luminosity,
2025-02-21T10:51:06.0684571Z             luminosity,
2025-02-21T10:51:06.0684887Z         )
2025-02-21T10:51:06.0685041Z 
2025-02-21T10:51:06.0685205Z tardis/tests/test_tardis_full.py:71: 
2025-02-21T10:51:06.0685691Z _ _ _ _ _ _ _ _ _ _ _ _ _ _ _ _ _ _ _ _ _ _ _ _ _ _ _ _ _ _ _ _ _ _ _ _ _ _ _ _ 
2025-02-21T10:51:06.0686598Z ../../../micromamba/envs/tardis/lib/python3.12/site-packages/astropy/tests/helper.py:203: in assert_quantity_allclose
2025-02-21T10:51:06.0687446Z     np.testing.assert_allclose(
2025-02-21T10:51:06.0687877Z _ _ _ _ _ _ _ _ _ _ _ _ _ _ _ _ _ _ _ _ _ _ _ _ _ _ _ _ _ _ _ _ _ _ _ _ _ _ _ _ 
2025-02-21T10:51:06.0688208Z 
2025-02-21T10:51:06.0689300Z args = (<function assert_allclose.<locals>.compare at 0x7fb3bc91d6c0>, array([0.00000000e+00, 0.00000000e+00, 2.76120259e+39,...), array([1.47119190e+39, 1.69564189e+39, 1.35368464e+39, ...,
2025-02-21T10:51:06.0690388Z        0.00000000e+00, 0.00000000e+00, 0.00000000e+00]))
2025-02-21T10:51:06.0691118Z kwds = {'equal_nan': True, 'err_msg': '', 'header': 'Not equal to tolerance rtol=1e-07, atol=0', 'verbose': True}
2025-02-21T10:51:06.0691706Z 
2025-02-21T10:51:06.0691829Z     @wraps(func)
2025-02-21T10:51:06.0692154Z     def inner(*args, **kwds):
2025-02-21T10:51:06.0692543Z         with self._recreate_cm():
2025-02-21T10:51:06.0692925Z >           return func(*args, **kwds)
2025-02-21T10:51:06.0693531Z E           AssertionError: 
2025-02-21T10:51:06.0693962Z E           Not equal to tolerance rtol=1e-07, atol=0
2025-02-21T10:51:06.0694428Z E           
2025-02-21T10:51:06.0694783Z E           Mismatched elements: 4560 / 10000 (45.6%)
2025-02-21T10:51:06.0695328Z E           Max absolute difference: 1.96604107e+40
2025-02-21T10:51:06.0695788Z E           Max relative difference: 97.03021569
2025-02-21T10:51:06.0696349Z E            x: array([0.000000e+00, 0.000000e+00, 2.761203e+39, ..., 0.000000e+00,
2025-02-21T10:51:06.0696898Z E                  0.000000e+00, 0.000000e+00])
2025-02-21T10:51:06.0697420Z E            y: array([1.471192e+39, 1.695642e+39, 1.353685e+39, ..., 0.000000e+00,
2025-02-21T10:51:06.0697963Z E                  0.000000e+00, 0.000000e+00])
2025-02-21T10:51:06.0698460Z 
2025-02-21T10:51:06.0698808Z ../../../micromamba/envs/tardis/lib/python3.12/contextlib.py:81: AssertionError
2025-02-21T10:51:06.0699613Z __________________ TestTransportSimple.test_virtual_spectrum ___________________
2025-02-21T10:51:06.0700084Z 
2025-02-21T10:51:06.0700439Z self = <tardis.tests.test_tardis_full.TestTransportSimple object at 0x7fb3c8136360>
2025-02-21T10:51:06.0701363Z simulation_regression_data = <tardis.simulation.base.Simulation object at 0x7fb3c7149820>
2025-02-21T10:51:06.0701943Z 
2025-02-21T10:51:06.0702195Z     def test_virtual_spectrum(self, simulation_regression_data):
2025-02-21T10:51:06.0702891Z         key = "simulation/spectrum_solver/spectrum_virtual_packets/luminosity"
2025-02-21T10:51:06.0703721Z         expected = self.get_expected_data(key)
2025-02-21T10:51:06.0704136Z     
2025-02-21T10:51:06.0704458Z         luminosity = u.Quantity(expected, "erg /s")
2025-02-21T10:51:06.0704884Z     
2025-02-21T10:51:06.0705171Z >       assert_quantity_allclose(
2025-02-21T10:51:06.0705819Z             simulation_regression_data.spectrum_solver.spectrum_virtual_packets.luminosity,
2025-02-21T10:51:06.0706483Z             luminosity,
2025-02-21T10:51:06.0706796Z         )
2025-02-21T10:51:06.0706958Z 
2025-02-21T10:51:06.0707109Z tardis/tests/test_tardis_full.py:82: 
2025-02-21T10:51:06.0707577Z _ _ _ _ _ _ _ _ _ _ _ _ _ _ _ _ _ _ _ _ _ _ _ _ _ _ _ _ _ _ _ _ _ _ _ _ _ _ _ _ 
2025-02-21T10:51:06.0708516Z ../../../micromamba/envs/tardis/lib/python3.12/site-packages/astropy/tests/helper.py:203: in assert_quantity_allclose
2025-02-21T10:51:06.0709462Z     np.testing.assert_allclose(
2025-02-21T10:51:06.0709946Z _ _ _ _ _ _ _ _ _ _ _ _ _ _ _ _ _ _ _ _ _ _ _ _ _ _ _ _ _ _ _ _ _ _ _ _ _ _ _ _ 
2025-02-21T10:51:06.0710316Z 
2025-02-21T10:51:06.0711125Z args = (<function assert_allclose.<locals>.compare at 0x7fb3bc91ede0>, array([1.31895331e+39, 2.31381538e+39, 3.72000430e+39,...), array([1.44033177e+39, 1.35611403e+39, 1.39755698e+39, ...,
2025-02-21T10:51:06.0712179Z        0.00000000e+00, 0.00000000e+00, 0.00000000e+00]))
2025-02-21T10:51:06.0712847Z kwds = {'equal_nan': True, 'err_msg': '', 'header': 'Not equal to tolerance rtol=1e-07, atol=0', 'verbose': True}
2025-02-21T10:51:06.0713766Z 
2025-02-21T10:51:06.0713867Z     @wraps(func)
2025-02-21T10:51:06.0714094Z     def inner(*args, **kwds):
2025-02-21T10:51:06.0714340Z         with self._recreate_cm():
2025-02-21T10:51:06.0714592Z >           return func(*args, **kwds)
2025-02-21T10:51:06.0714861Z E           AssertionError: 
2025-02-21T10:51:06.0715325Z E           Not equal to tolerance rtol=1e-07, atol=0
2025-02-21T10:51:06.0715612Z E           
2025-02-21T10:51:06.0715824Z E           Mismatched elements: 5659 / 10000 (56.6%)
2025-02-21T10:51:06.0716117Z E           Max absolute difference: 4.69537822e+39
2025-02-21T10:51:06.0716405Z E           Max relative difference: 419.77405263
2025-02-21T10:51:06.0716746Z E            x: array([1.318953e+39, 2.313815e+39, 3.720004e+39, ..., 0.000000e+00,
2025-02-21T10:51:06.0717095Z E                  0.000000e+00, 0.000000e+00])
2025-02-21T10:51:06.0717429Z E            y: array([1.440332e+39, 1.356114e+39, 1.397557e+39, ..., 0.000000e+00,
2025-02-21T10:51:06.0717754Z E                  0.000000e+00, 0.000000e+00])
2025-02-21T10:51:06.0717926Z 
2025-02-21T10:51:06.0718147Z ../../../micromamba/envs/tardis/lib/python3.12/contextlib.py:81: AssertionError
2025-02-21T10:51:06.0718571Z =============================== warnings summary ===============================
2025-02-21T10:51:06.0718911Z tardis/io/configuration/config_validator.py:6
2025-02-21T10:51:06.0719232Z tardis/io/configuration/config_validator.py:6
2025-02-21T10:51:06.0719764Z   /home/runner/work/tardis/tardis/tardis/io/configuration/config_validator.py:6: DeprecationWarning:
2025-02-21T10:51:06.0720253Z   
2025-02-21T10:51:06.0721634Z   jsonschema.RefResolver is deprecated as of v4.18.0, in favor of the https://github.com/python-jsonschema/referencing library, which provides more compliant referencing behavior as well as more flexible APIs for customization. A future release will remove RefResolver. Please file a feature request (on referencing) if you are missing an API for the kind of customization you need.
2025-02-21T10:51:06.0723366Z 
2025-02-21T10:51:06.0723642Z ../../../micromamba/envs/tardis/lib/python3.12/site-packages/jupyter_client/connect.py:22
2025-02-21T10:51:06.0724406Z   /home/runner/micromamba/envs/tardis/lib/python3.12/site-packages/jupyter_client/connect.py:22: DeprecationWarning:
2025-02-21T10:51:06.0724977Z   
2025-02-21T10:51:06.0725246Z   Jupyter is migrating its paths to use standard platformdirs
2025-02-21T10:51:06.0725676Z   given by the platformdirs library.  To remove this warning and
2025-02-21T10:51:06.0726122Z   see the appropriate new directories, set the environment variable
2025-02-21T10:51:06.0726557Z   `JUPYTER_PLATFORM_DIRS=1` and then run `jupyter --paths`.
2025-02-21T10:51:06.0726979Z   The use of platformdirs will be the default in `jupyter_core` v6
2025-02-21T10:51:06.0727249Z 
2025-02-21T10:51:06.0734735Z tardis/io/tests/test_HDFWriter.py::test_multi_index_write
2025-02-21T10:51:06.0735265Z tardis/visualization/widgets/tests/test_shell_info.py::TestHDFShellInfo::test_shells_data
2025-02-21T10:51:06.0735829Z   /home/runner/work/tardis/tardis/tardis/io/util.py:276: PerformanceWarning:
2025-02-21T10:51:06.0736203Z   
2025-02-21T10:51:06.0736356Z   
2025-02-21T10:51:06.0736652Z   your performance may suffer as PyTables will pickle object types that it cannot
2025-02-21T10:51:06.0737230Z   map directly to c-types [inferred_type->mixed,key->block0_values] [items->Index([0], dtype='int64')]
2025-02-21T10:51:06.0737574Z 
2025-02-21T10:51:06.0737779Z tardis/io/tests/test_model_reader.py::test_read_cmfgen_isotope_abundances
2025-02-21T10:51:06.0738278Z tardis/plasma/tests/test_tardis_model_density_config.py::test_electron_densities
2025-02-21T10:51:06.0738851Z tardis/plasma/tests/test_tardis_model_density_config.py::test_isotope_number_densities
2025-02-21T10:51:06.0739350Z tardis/plasma/tests/test_tardis_model_density_config.py::test_t_rad
2025-02-21T10:51:06.0739935Z   /home/runner/work/tardis/tardis/tardis/io/model/readers/cmfgen_deprecated.py:82: DeprecationWarning:
2025-02-21T10:51:06.0740399Z   
2025-02-21T10:51:06.0740598Z   The current CMFGEN model parser is deprecated
2025-02-21T10:51:06.0740795Z 
2025-02-21T10:51:06.0740902Z tardis/io/tests/test_model_reader.py: 1 warning
2025-02-21T10:51:06.0741265Z tardis/plasma/tests/test_tardis_model_density_config.py: 9 warnings
2025-02-21T10:51:06.0741996Z   /home/runner/work/tardis/tardis/tardis/io/model/readers/cmfgen_deprecated.py:40: DeprecationWarning:
2025-02-21T10:51:06.0742466Z   
2025-02-21T10:51:06.0742675Z   The current CMFGEN model parser is deprecated
2025-02-21T10:51:06.0742869Z 
2025-02-21T10:51:06.0743318Z tardis/model/tests/test_base.py::TestModelFromPaper1Config::test_abundances
2025-02-21T10:51:06.0743980Z   /home/runner/work/tardis/tardis/tardis/transport/montecarlo/montecarlo_main_loop.py:123: NumbaTypeSafetyWarning:
2025-02-21T10:51:06.0744496Z   
2025-02-21T10:51:06.0745026Z   [1m[1m[1munsafe cast from uint64 to int64. Precision may be lost.[0m[0m[0m
2025-02-21T10:51:06.0745291Z 
2025-02-21T10:51:06.0745398Z tardis/model/tests/test_base.py: 6 warnings
2025-02-21T10:51:06.0745689Z tardis/model/tests/test_csvy_model.py: 2 warnings
2025-02-21T10:51:06.0746058Z tardis/plasma/tests/test_tardis_model_density_config.py: 3 warnings
2025-02-21T10:51:06.0746625Z   /home/runner/work/tardis/tardis/tardis/model/geometry/radial1d.py:50: DeprecationWarning:
2025-02-21T10:51:06.0747041Z   
2025-02-21T10:51:06.0747230Z   v_inner_boundary < 0, assuming default value
2025-02-21T10:51:06.0747410Z 
2025-02-21T10:51:06.0747512Z tardis/model/tests/test_base.py: 6 warnings
2025-02-21T10:51:06.0747796Z tardis/model/tests/test_csvy_model.py: 2 warnings
2025-02-21T10:51:06.0748485Z tardis/plasma/tests/test_tardis_model_density_config.py: 3 warnings
2025-02-21T10:51:06.0749377Z   /home/runner/work/tardis/tardis/tardis/model/geometry/radial1d.py:61: DeprecationWarning:
2025-02-21T10:51:06.0749980Z   
2025-02-21T10:51:06.0750167Z   v_outer_boundary < 0, assuming default value
2025-02-21T10:51:06.0750352Z 
2025-02-21T10:51:06.0750819Z tardis/plasma/equilibrium/tests/test_level_populations.py::TestLevelPopulationSolver::test_solve[collisional_rate_solver0-radiative_transitions0]
2025-02-21T10:51:06.0751667Z   /home/runner/work/tardis/tardis/tardis/plasma/equilibrium/level_populations.py:65: FutureWarning:
2025-02-21T10:51:06.0752120Z   
2025-02-21T10:51:06.0752497Z   A value is trying to be set on a copy of a DataFrame or Series through chained assignment using an inplace method.
2025-02-21T10:51:06.0753530Z   The behavior will change in pandas 3.0. This inplace method will never work because the intermediate object on which we are setting values always behaves as a copy.
2025-02-21T10:51:06.0754128Z   
2025-02-21T10:51:06.0754743Z   For example, when doing 'df[col].method(value, inplace=True)', try using 'df.method({col: value}, inplace=True)' or df[col] = df[col].method(value) instead, to perform the operation inplace on the original object.
2025-02-21T10:51:06.0755349Z 
2025-02-21T10:51:06.0755572Z tardis/plasma/tests/test_plasma_vboundary.py::test_plasma_vboundary[2900-3750]
2025-02-21T10:51:06.0756077Z tardis/plasma/tests/test_plasma_vboundary.py::test_plasma_vboundary[2900-3850]
2025-02-21T10:51:06.0756570Z tardis/plasma/tests/test_plasma_vboundary.py::test_plasma_vboundary[2900-3900]
2025-02-21T10:51:06.0757103Z   /home/runner/work/tardis/tardis/tardis/model/geometry/radial1d.py:71: UserWarning:
2025-02-21T10:51:06.0757494Z   
2025-02-21T10:51:06.0757770Z   Requesting inner boundary below inner shell. Extrapolating the inner cell
2025-02-21T10:51:06.0758053Z 
2025-02-21T10:51:06.0758268Z tardis/spectrum/tests/test_spectrum_solver.py::TestSpectrumSolver::test_solve
2025-02-21T10:51:06.0758758Z   /home/runner/work/tardis/tardis/tardis/spectrum/base.py:70: UserWarning:
2025-02-21T10:51:06.0759105Z   
2025-02-21T10:51:06.0759515Z   SpectrumSolver.spectrum_virtual_packets is zero. Please run the montecarlo simulation with no_of_virtual_packets > 0
2025-02-21T10:51:06.0759926Z 
2025-02-21T10:51:06.0760135Z tardis/spectrum/tests/test_spectrum_solver.py::TestSpectrumSolver::test_solve
2025-02-21T10:51:06.0760627Z   /home/runner/work/tardis/tardis/tardis/spectrum/base.py:111: UserWarning:
2025-02-21T10:51:06.0760976Z   
2025-02-21T10:51:06.0761401Z   SpectrumSolver.integrator: The FormalIntegrator is not yet available.Please run the montecarlo simulation at least once.
2025-02-21T10:51:06.0762051Z 
2025-02-21T10:51:06.0762274Z tardis/transport/montecarlo/tests/test_vpacket.py::test_trace_vpacket_volley
2025-02-21T10:51:06.0762716Z   <string>:3: NumbaPendingDeprecationWarning:
2025-02-21T10:51:06.0763128Z   
2025-02-21T10:51:06.0764389Z   [1m[1mCode using Numba extension API maybe depending on 'old_style' error-capturing, which is deprecated and will be replaced by 'new_style' in a future release. See details at https://numba.readthedocs.io/en/latest/reference/deprecation.html#deprecation-of-old-style-numba-captured-errors
2025-02-21T10:51:06.0765436Z   Exception origin:
2025-02-21T10:51:06.0765807Z     File "/home/runner/micromamba/envs/tardis/lib/python3.12/inspect.py", line 3180, in _bind
2025-02-21T10:51:06.0766235Z       raise TypeError(msg) from None
2025-02-21T10:51:06.0766488Z   [0m[0m
2025-02-21T10:51:06.0766583Z 
2025-02-21T10:51:06.0766919Z tardis/visualization/tools/tests/test_sdec_plot.py::TestSDECPlotter::test_mpl_image[plotter_generate_plot_mpl4]
2025-02-21T10:51:06.0767627Z   /home/runner/work/tardis/tardis/tardis/visualization/tools/sdec_plot.py:1225: RuntimeWarning:
2025-02-21T10:51:06.0768058Z   
2025-02-21T10:51:06.0769009Z   More than 20 figures have been opened. Figures created through the pyplot interface (`matplotlib.pyplot.figure`) are retained until explicitly closed and may consume too much memory. (To control this warning, see the rcParam `figure.max_open_warning`). Consider using `matplotlib.pyplot.close()`.
2025-02-21T10:51:06.0769963Z 
2025-02-21T10:51:06.0770466Z tardis/visualization/widgets/tests/test_custom_abundance.py::TestCustomAbundanceWidget::test_update_input_item_value
2025-02-21T10:51:06.0771257Z tardis/visualization/widgets/tests/test_custom_abundance.py::TestCustomAbundanceWidget::test_update_input_item_value
2025-02-21T10:51:06.0772042Z tardis/visualization/widgets/tests/test_custom_abundance.py::TestCustomAbundanceWidget::test_update_input_item_value
2025-02-21T10:51:06.0772815Z tardis/visualization/widgets/tests/test_custom_abundance.py::TestCustomAbundanceWidget::test_update_input_item_value
2025-02-21T10:51:06.0773826Z tardis/visualization/widgets/tests/test_custom_abundance.py::TestCustomAbundanceWidget::test_update_input_item_value
2025-02-21T10:51:06.0774592Z tardis/visualization/widgets/tests/test_custom_abundance.py::TestCustomAbundanceWidget::test_update_input_item_value
2025-02-21T10:51:06.0775377Z   /home/runner/micromamba/envs/tardis/lib/python3.12/site-packages/traitlets/traitlets.py:1385: DeprecationWarning:
2025-02-21T10:51:06.0775881Z   
2025-02-21T10:51:06.0776164Z   Passing unrecognized arguments to super(Checkbox).__init__(icon='lock').
2025-02-21T10:51:06.0776618Z   object.__init__() takes exactly one argument (the instance to initialize)
2025-02-21T10:51:06.0777119Z   This is deprecated in traitlets 4.2.This error will be raised in a future release of traitlets.
2025-02-21T10:51:06.0777451Z 
2025-02-21T10:51:06.0777812Z tardis/visualization/widgets/tests/test_custom_abundance.py::TestCustomAbundanceWidget::test_update_input_item_value
2025-02-21T10:51:06.0778599Z tardis/visualization/widgets/tests/test_custom_abundance.py::TestCustomAbundanceWidget::test_update_input_item_value
2025-02-21T10:51:06.0779392Z   /home/runner/micromamba/envs/tardis/lib/python3.12/site-packages/traitlets/traitlets.py:1385: DeprecationWarning:
2025-02-21T10:51:06.0779897Z   
2025-02-21T10:51:06.0780160Z   Passing unrecognized arguments to super(FloatText).__init__(min=0).
2025-02-21T10:51:06.0780589Z   object.__init__() takes exactly one argument (the instance to initialize)
2025-02-21T10:51:06.0781092Z   This is deprecated in traitlets 4.2.This error will be raised in a future release of traitlets.
2025-02-21T10:51:06.0781412Z 
2025-02-21T10:51:06.0781765Z tardis/visualization/widgets/tests/test_custom_abundance.py::TestCustomAbundanceWidget::test_update_input_item_value
2025-02-21T10:51:06.0782557Z   /home/runner/micromamba/envs/tardis/lib/python3.12/site-packages/traitlets/traitlets.py:1385: DeprecationWarning:
2025-02-21T10:51:06.0783268Z   
2025-02-21T10:51:06.0783677Z   Passing unrecognized arguments to super(HTML).__init__(indent=True).
2025-02-21T10:51:06.0784114Z   object.__init__() takes exactly one argument (the instance to initialize)
2025-02-21T10:51:06.0784599Z   This is deprecated in traitlets 4.2.This error will be raised in a future release of traitlets.
2025-02-21T10:51:06.0784924Z 
2025-02-21T10:51:06.0785358Z tardis/visualization/widgets/tests/test_line_info.py::TestLineInfoWidgetData::test_get_species_interactions[wavelength_range0-packet_out_nu]
2025-02-21T10:51:06.0786202Z   /home/runner/micromamba/envs/tardis/lib/python3.12/site-packages/qgridnext/grid.py:825: DeprecationWarning:
2025-02-21T10:51:06.0786675Z   
2025-02-21T10:51:06.0787030Z   QgridWidget._grid_options_changed is deprecated in traitlets 4.1: use @observe and @unobserve instead.
2025-02-21T10:51:06.0787388Z 
2025-02-21T10:51:06.0787651Z tardis/visualization/widgets/tests/test_shell_info.py::TestHDFShellInfo::test_shells_data
2025-02-21T10:51:06.0788204Z   /home/runner/work/tardis/tardis/tardis/io/util.py:289: PerformanceWarning:
2025-02-21T10:51:06.0788561Z   
2025-02-21T10:51:06.0788708Z   
2025-02-21T10:51:06.0788993Z   your performance may suffer as PyTables will pickle object types that it cannot
2025-02-21T10:51:06.0789529Z   map directly to c-types [inferred_type->mixed,key->block0_values] [items->Index([0], dtype='int64')]
2025-02-21T10:51:06.0789872Z 
2025-02-21T10:51:06.0790122Z tardis/visualization/widgets/tests/test_shell_info.py::TestHDFShellInfo::test_shells_data
2025-02-21T10:51:06.0790808Z   /home/runner/work/tardis/tardis/tardis/io/util.py:292: PerformanceWarning:
2025-02-21T10:51:06.0791161Z   
2025-02-21T10:51:06.0791315Z   
2025-02-21T10:51:06.0791594Z   your performance may suffer as PyTables will pickle object types that it cannot
2025-02-21T10:51:06.0792050Z   map directly to c-types [inferred_type->mixed,key->values] [items->None]
2025-02-21T10:51:06.0792309Z 
2025-02-21T10:51:06.0792567Z tardis/visualization/widgets/tests/test_shell_info.py::TestHDFShellInfo::test_shells_data
2025-02-21T10:51:06.0793419Z   /home/runner/work/tardis/tardis/tardis/spectrum/formal_integral.py:398: UserWarning:
2025-02-21T10:51:06.0793823Z   
2025-02-21T10:51:06.0794093Z   The number of interpolate_shells was not specified. The value was set to 80.
2025-02-21T10:51:06.0794370Z 
2025-02-21T10:51:06.0794561Z -- Docs: https://docs.pytest.org/en/stable/how-to/capture-warnings.html
2025-02-21T10:51:06.0794834Z 
2025-02-21T10:51:06.0794998Z ---------- coverage: platform linux, python 3.12.4-final-0 -----------
2025-02-21T10:51:06.0795367Z Coverage HTML written to dir coverage_html_report
2025-02-21T10:51:06.0795662Z Coverage XML written to file coverage.xml
2025-02-21T10:51:06.0795844Z 
2025-02-21T10:51:06.0795964Z =========================== short test summary info ============================
2025-02-21T10:51:06.0796547Z FAILED tardis/spectrum/tests/test_spectrum_solver.py::TestSpectrumSolver::test_spectrum_real_packets - AssertionError: 
2025-02-21T10:51:06.0797086Z Not equal to tolerance rtol=1e-07, atol=0
2025-02-21T10:51:06.0797260Z 
2025-02-21T10:51:06.0797352Z Mismatched elements: 4355 / 10000 (43.5%)
2025-02-21T10:51:06.0797612Z Max absolute difference: 1.94155993e+40
2025-02-21T10:51:06.0797863Z Max relative difference: 137.15340685
2025-02-21T10:51:06.0798163Z  x: array([0.000000e+00, 0.000000e+00, 2.761203e+39, ..., 0.000000e+00,
2025-02-21T10:51:06.0798470Z        0.000000e+00, 0.000000e+00])
2025-02-21T10:51:06.0798753Z  y: array([1.335111e+39, 1.337387e+39, 9.415985e+38, ..., 0.000000e+00,
2025-02-21T10:51:06.0799052Z        0.000000e+00, 0.000000e+00])
2025-02-21T10:51:06.0799584Z FAILED tardis/spectrum/tests/test_spectrum_solver.py::TestSpectrumSolver::test_spectrum_real_packets_reabsorbed - AssertionError: 
2025-02-21T10:51:06.0800143Z Not equal to tolerance rtol=1e-07, atol=0
2025-02-21T10:51:06.0800320Z 
2025-02-21T10:51:06.0800408Z Mismatched elements: 4491 / 10000 (44.9%)
2025-02-21T10:51:06.0800660Z Max absolute difference: 1.0639846e+40
2025-02-21T10:51:06.0801041Z Max relative difference: 122.79315318
2025-02-21T10:51:06.0801360Z  x: array([0., 0., 0., ..., 0., 0., 0.])
2025-02-21T10:51:06.0801810Z  y: array([2.039204e+38, 3.728825e+38, 2.296469e+38, ..., 0.000000e+00,
2025-02-21T10:51:06.0802167Z        0.000000e+00, 0.000000e+00])
2025-02-21T10:51:06.0802851Z FAILED tardis/spectrum/tests/test_spectrum_solver.py::TestSpectrumSolver::test_solve - AssertionError: 
2025-02-21T10:51:06.0803716Z Not equal to tolerance rtol=1e-07, atol=0
2025-02-21T10:51:06.0803945Z 
2025-02-21T10:51:06.0804137Z Mismatched elements: 4355 / 10000 (43.5%)
2025-02-21T10:51:06.0804530Z Max absolute difference: 1.94155993e+40
2025-02-21T10:51:06.0804908Z Max relative difference: 137.15340685
2025-02-21T10:51:06.0805388Z  x: array([0.000000e+00, 0.000000e+00, 2.761203e+39, ..., 0.000000e+00,
2025-02-21T10:51:06.0805784Z        0.000000e+00, 0.000000e+00])
2025-02-21T10:51:06.0806192Z  y: array([1.335111e+39, 1.337387e+39, 9.415985e+38, ..., 0.000000e+00,
2025-02-21T10:51:06.0817741Z        0.000000e+00, 0.000000e+00])
2025-02-21T10:51:06.0818498Z FAILED tardis/tests/test_tardis_full.py::TestTransportSimple::test_j_blue_estimators - AssertionError: 
2025-02-21T10:51:06.0819244Z Not equal to tolerance rtol=1e-07, atol=0
2025-02-21T10:51:06.0819522Z 
2025-02-21T10:51:06.0819668Z Mismatched elements: 488044 / 584480 (83.5%)
2025-02-21T10:51:06.0820088Z Max absolute difference: 1.43452643e-17
2025-02-21T10:51:06.0820483Z Max relative difference: 235.31367318
2025-02-21T10:51:06.0820863Z  x: array([[0., 0., 0., ..., 0., 0., 0.],
2025-02-21T10:51:06.0821471Z        [0., 0., 0., ..., 0., 0., 0.],
2025-02-21T10:51:06.0821830Z        [0., 0., 0., ..., 0., 0., 0.],...
2025-02-21T10:51:06.0822203Z  y: array([[0., 0., 0., ..., 0., 0., 0.],
2025-02-21T10:51:06.0822563Z        [0., 0., 0., ..., 0., 0., 0.],
2025-02-21T10:51:06.0822917Z        [0., 0., 0., ..., 0., 0., 0.],...
2025-02-21T10:51:06.0823754Z FAILED tardis/tests/test_tardis_full.py::TestTransportSimple::test_spectrum - AssertionError: 
2025-02-21T10:51:06.0824476Z Not equal to tolerance rtol=1e-07, atol=0
2025-02-21T10:51:06.0824760Z 
2025-02-21T10:51:06.0824895Z Mismatched elements: 4560 / 10000 (45.6%)
2025-02-21T10:51:06.0825307Z Max absolute difference: 1.96604107e+40
2025-02-21T10:51:06.0825714Z Max relative difference: 97.03021569
2025-02-21T10:51:06.0826188Z  x: array([0.000000e+00, 0.000000e+00, 2.761203e+39, ..., 0.000000e+00,
2025-02-21T10:51:06.0826666Z        0.000000e+00, 0.000000e+00])
2025-02-21T10:51:06.0827116Z  y: array([1.471192e+39, 1.695642e+39, 1.353685e+39, ..., 0.000000e+00,
2025-02-21T10:51:06.0827593Z        0.000000e+00, 0.000000e+00])
2025-02-21T10:51:06.0828293Z FAILED tardis/tests/test_tardis_full.py::TestTransportSimple::test_virtual_spectrum - AssertionError: 
2025-02-21T10:51:06.0829054Z Not equal to tolerance rtol=1e-07, atol=0
2025-02-21T10:51:06.0829328Z 
2025-02-21T10:51:06.0829468Z Mismatched elements: 5659 / 10000 (56.6%)
2025-02-21T10:51:06.0829868Z Max absolute difference: 4.69537822e+39
2025-02-21T10:51:06.0830272Z Max relative difference: 419.77405263
2025-02-21T10:51:06.0830739Z  x: array([1.318953e+39, 2.313815e+39, 3.720004e+39, ..., 0.000000e+00,
2025-02-21T10:51:06.0831213Z        0.000000e+00, 0.000000e+00])
2025-02-21T10:51:06.0831645Z  y: array([1.440332e+39, 1.356114e+39, 1.397557e+39, ..., 0.000000e+00,
2025-02-21T10:51:06.0832110Z        0.000000e+00, 0.000000e+00])
2025-02-21T10:51:06.0832743Z = 6 failed, 1404 passed, 357 skipped, 2 deselected, 19 xfailed, 8 xpassed, 63 warnings in 692.86s (0:11:32) =
2025-02-21T10:51:08.2945402Z ##[error]Process completed with exit code 1.
2025-02-21T10:51:08.3020375Z Post job cleanup.
2025-02-21T10:51:08.3051596Z Post job cleanup.
2025-02-21T10:51:08.4395689Z Will use pre-installed micromamba at /home/runner/micromamba-bin/micromamba
2025-02-21T10:51:08.4402936Z Removing micromamba run shell ...
2025-02-21T10:51:08.4407211Z ##[group]Deinitialize micromamba for bash
2025-02-21T10:51:08.4426028Z [command]/home/runner/micromamba-bin/micromamba shell deinit -s bash -r /home/runner/micromamba --log-level warning --rc-file /home/runner/work/_temp/setup-micromamba/.condarc
2025-02-21T10:51:08.4525606Z Resetting RC file "/home/runner/.bashrc"
2025-02-21T10:51:08.4526150Z Deleting config for root prefix 
2025-02-21T10:51:08.4526682Z Clearing mamba executable environment variable
2025-02-21T10:51:08.4528928Z Removing the following in your "/home/runner/.bashrc" file
2025-02-21T10:51:08.4529362Z # >>> mamba initialize >>>
2025-02-21T10:51:08.4529583Z ...
2025-02-21T10:51:08.4529758Z # <<< mamba initialize <<<
2025-02-21T10:51:08.4558090Z Removing mamba initialize block from .bash_profile
2025-02-21T10:51:08.4572701Z ##[endgroup]
2025-02-21T10:51:08.4577261Z Removing environment tardis from auto-activate bash ...
2025-02-21T10:51:08.4726286Z Post job cleanup.
2025-02-21T10:51:08.4764244Z Post job cleanup.
2025-02-21T10:51:08.5766524Z [command]/usr/bin/git version
2025-02-21T10:51:08.5803635Z git version 2.48.1
2025-02-21T10:51:08.5853284Z Temporarily overriding HOME='/home/runner/work/_temp/22bce58b-1eee-4340-8d6e-004391531d3b' before making global git config changes
2025-02-21T10:51:08.5854540Z Adding repository directory to the temporary git global config as a safe directory
2025-02-21T10:51:08.5858749Z [command]/usr/bin/git config --global --add safe.directory /home/runner/work/tardis/tardis/tardis-regression-data
2025-02-21T10:51:08.5893923Z [command]/usr/bin/git config --local --name-only --get-regexp core\.sshCommand
2025-02-21T10:51:08.5926538Z [command]/usr/bin/git submodule foreach --recursive sh -c "git config --local --name-only --get-regexp 'core\.sshCommand' && git config --local --unset-all 'core.sshCommand' || :"
2025-02-21T10:51:08.6156729Z [command]/usr/bin/git config --local --name-only --get-regexp http\.https\:\/\/github\.com\/\.extraheader
2025-02-21T10:51:08.6176621Z http.https://github.com/.extraheader
2025-02-21T10:51:08.6189222Z [command]/usr/bin/git config --local --unset-all http.https://github.com/.extraheader
2025-02-21T10:51:08.6220128Z [command]/usr/bin/git submodule foreach --recursive sh -c "git config --local --name-only --get-regexp 'http\.https\:\/\/github\.com\/\.extraheader' && git config --local --unset-all 'http.https://github.com/.extraheader' || :"
2025-02-21T10:51:08.6556843Z Post job cleanup.
2025-02-21T10:51:08.7499699Z [command]/usr/bin/git version
2025-02-21T10:51:08.7542060Z git version 2.48.1
2025-02-21T10:51:08.7588328Z Temporarily overriding HOME='/home/runner/work/_temp/3d2b2cd2-2042-4f50-80bb-0530bf80527d' before making global git config changes
2025-02-21T10:51:08.7589335Z Adding repository directory to the temporary git global config as a safe directory
2025-02-21T10:51:08.7592732Z [command]/usr/bin/git config --global --add safe.directory /home/runner/work/tardis/tardis
2025-02-21T10:51:08.7630941Z [command]/usr/bin/git config --local --name-only --get-regexp core\.sshCommand
2025-02-21T10:51:08.7664285Z [command]/usr/bin/git submodule foreach --recursive sh -c "git config --local --name-only --get-regexp 'core\.sshCommand' && git config --local --unset-all 'core.sshCommand' || :"
2025-02-21T10:51:08.7900828Z [command]/usr/bin/git config --local --name-only --get-regexp http\.https\:\/\/github\.com\/\.extraheader
2025-02-21T10:51:08.7921181Z http.https://github.com/.extraheader
2025-02-21T10:51:08.7934469Z [command]/usr/bin/git config --local --unset-all http.https://github.com/.extraheader
2025-02-21T10:51:08.7965432Z [command]/usr/bin/git submodule foreach --recursive sh -c "git config --local --name-only --get-regexp 'http\.https\:\/\/github\.com\/\.extraheader' && git config --local --unset-all 'http.https://github.com/.extraheader' || :"
2025-02-21T10:51:08.8292832Z Cleaning up orphan processes
