2025-01-13T20:04:09.6773333Z Requested labels: macos-latest
2025-01-13T20:04:09.6773728Z Job defined at: tardis-sn/tardis/.github/workflows/tests.yml@refs/pull/2942/merge
2025-01-13T20:04:09.6773887Z Waiting for a runner to pick up this job...
2025-01-13T20:04:09.8482563Z Job is waiting for a hosted runner to come online.
2025-01-13T20:04:12.9828516Z Job is about to start running on the hosted runner: GitHub Actions 12 (hosted)
2025-01-13T20:04:14.1396530Z Current runner version: '2.321.0'
2025-01-13T20:04:14.1417340Z ##[group]Operating System
2025-01-13T20:04:14.1417830Z macOS
2025-01-13T20:04:14.1418130Z 14.7.2
2025-01-13T20:04:14.1418420Z 23H311
2025-01-13T20:04:14.1418720Z ##[endgroup]
2025-01-13T20:04:14.1419040Z ##[group]Runner Image
2025-01-13T20:04:14.1419390Z Image: macos-14-arm64
2025-01-13T20:04:14.1419700Z Version: 20250106.725
2025-01-13T20:04:14.1420390Z Included Software: https://github.com/actions/runner-images/blob/macos-14-arm64/20250106.725/images/macos/macos-14-arm64-Readme.md
2025-01-13T20:04:14.1421310Z Image Release: https://github.com/actions/runner-images/releases/tag/macos-14-arm64%2F20250106.725
2025-01-13T20:04:14.1421890Z ##[endgroup]
2025-01-13T20:04:14.1422210Z ##[group]Runner Image Provisioner
2025-01-13T20:04:14.1422610Z 2.0.404.1+573eac7f0cc07d6bb82d8b9bf5e1ffa69a554644
2025-01-13T20:04:14.1423010Z ##[endgroup]
2025-01-13T20:04:14.1424370Z ##[group]GITHUB_TOKEN Permissions
2025-01-13T20:04:14.1425460Z Actions: read
2025-01-13T20:04:14.1425790Z Attestations: read
2025-01-13T20:04:14.1426090Z Checks: read
2025-01-13T20:04:14.1426380Z Contents: read
2025-01-13T20:04:14.1426680Z Deployments: read
2025-01-13T20:04:14.1426990Z Discussions: read
2025-01-13T20:04:14.1427290Z Issues: read
2025-01-13T20:04:14.1427580Z Metadata: read
2025-01-13T20:04:14.1427880Z Packages: read
2025-01-13T20:04:14.1428170Z Pages: read
2025-01-13T20:04:14.1428470Z PullRequests: read
2025-01-13T20:04:14.1428790Z RepositoryProjects: read
2025-01-13T20:04:14.1429120Z SecurityEvents: read
2025-01-13T20:04:14.1429430Z Statuses: read
2025-01-13T20:04:14.1429730Z ##[endgroup]
2025-01-13T20:04:14.1431590Z Secret source: None
2025-01-13T20:04:14.1431960Z Prepare workflow directory
2025-01-13T20:04:14.1959930Z Prepare all required actions
2025-01-13T20:04:14.1986310Z Getting action download info
2025-01-13T20:04:14.3674760Z Download action repository 'actions/checkout@v4' (SHA:11bd71901bbe5b1630ceea73d27597364c9af683)
2025-01-13T20:04:14.7794500Z Download action repository 'actions/upload-artifact@v4' (SHA:65c4c4a1ddee5b72f698fdd19549f0f0fb45cf08)
2025-01-13T20:04:16.0661210Z Complete job name: not continuum macos-latest 
2025-01-13T20:04:16.1092100Z ##[group]Run actions/checkout@v4
2025-01-13T20:04:16.1092740Z with:
2025-01-13T20:04:16.1093150Z   repository: tardis-sn/tardis
2025-01-13T20:04:16.1093810Z   token: ***
2025-01-13T20:04:16.1094110Z   ssh-strict: true
2025-01-13T20:04:16.1094430Z   ssh-user: git
2025-01-13T20:04:16.1094760Z   persist-credentials: true
2025-01-13T20:04:16.1095150Z   clean: true
2025-01-13T20:04:16.1095470Z   sparse-checkout-cone-mode: true
2025-01-13T20:04:16.1095840Z   fetch-depth: 1
2025-01-13T20:04:16.1096150Z   fetch-tags: false
2025-01-13T20:04:16.1096480Z   show-progress: true
2025-01-13T20:04:16.1096800Z   lfs: false
2025-01-13T20:04:16.1097120Z   submodules: false
2025-01-13T20:04:16.1097440Z   set-safe-directory: true
2025-01-13T20:04:16.1098120Z env:
2025-01-13T20:04:16.1098400Z   CACHE_NUMBER: 0
2025-01-13T20:04:16.1099300Z   PYTEST_FLAGS: --tardis-regression-data=/Users/runner/work/tardis/tardis/tardis-regression-data --cov=tardis --cov-report=xml --cov-report=html --cov-append
2025-01-13T20:04:16.1100300Z   CODECOV_TOKEN: 
2025-01-13T20:04:16.1100610Z ##[endgroup]
2025-01-13T20:04:16.3667960Z Syncing repository: tardis-sn/tardis
2025-01-13T20:04:16.3669350Z ##[group]Getting Git version info
2025-01-13T20:04:16.3669850Z Working directory is '/Users/runner/work/tardis/tardis'
2025-01-13T20:04:16.3689550Z [command]/opt/homebrew/bin/git version
2025-01-13T20:04:16.4277580Z git version 2.47.1
2025-01-13T20:04:16.4286960Z ##[endgroup]
2025-01-13T20:04:16.4293700Z Copying '/Users/runner/.gitconfig' to '/Users/runner/work/_temp/e9cd5e37-e0d7-415f-a669-a02eb2a3b9e4/.gitconfig'
2025-01-13T20:04:16.4306280Z Temporarily overriding HOME='/Users/runner/work/_temp/e9cd5e37-e0d7-415f-a669-a02eb2a3b9e4' before making global git config changes
2025-01-13T20:04:16.4309170Z Adding repository directory to the temporary git global config as a safe directory
2025-01-13T20:04:16.4311890Z [command]/opt/homebrew/bin/git config --global --add safe.directory /Users/runner/work/tardis/tardis
2025-01-13T20:04:16.4411900Z Deleting the contents of '/Users/runner/work/tardis/tardis'
2025-01-13T20:04:16.4416880Z ##[group]Initializing the repository
2025-01-13T20:04:16.4428370Z [command]/opt/homebrew/bin/git init /Users/runner/work/tardis/tardis
2025-01-13T20:04:16.4811950Z hint: Using 'master' as the name for the initial branch. This default branch name
2025-01-13T20:04:16.4912910Z hint: is subject to change. To configure the initial branch name to use in all
2025-01-13T20:04:16.4988460Z hint: of your new repositories, which will suppress this warning, call:
2025-01-13T20:04:16.4990880Z hint:
2025-01-13T20:04:16.4992610Z hint: 	git config --global init.defaultBranch <name>
2025-01-13T20:04:16.4993240Z hint:
2025-01-13T20:04:16.4993810Z hint: Names commonly chosen instead of 'master' are 'main', 'trunk' and
2025-01-13T20:04:16.4994610Z hint: 'development'. The just-created branch can be renamed via this command:
2025-01-13T20:04:16.4995340Z hint:
2025-01-13T20:04:16.4995770Z hint: 	git branch -m <name>
2025-01-13T20:04:16.4996620Z Initialized empty Git repository in /Users/runner/work/tardis/tardis/.git/
2025-01-13T20:04:16.4998480Z [command]/opt/homebrew/bin/git remote add origin https://github.com/tardis-sn/tardis
2025-01-13T20:04:16.5000010Z ##[endgroup]
2025-01-13T20:04:16.5000680Z ##[group]Disabling automatic garbage collection
2025-01-13T20:04:16.5001300Z [command]/opt/homebrew/bin/git config --local gc.auto 0
2025-01-13T20:04:16.5002690Z ##[endgroup]
2025-01-13T20:04:16.5003310Z ##[group]Setting up auth
2025-01-13T20:04:16.5004000Z [command]/opt/homebrew/bin/git config --local --name-only --get-regexp core\.sshCommand
2025-01-13T20:04:16.5005950Z [command]/opt/homebrew/bin/git submodule foreach --recursive sh -c "git config --local --name-only --get-regexp 'core\.sshCommand' && git config --local --unset-all 'core.sshCommand' || :"
2025-01-13T20:04:16.5669350Z [command]/opt/homebrew/bin/git config --local --name-only --get-regexp http\.https\:\/\/github\.com\/\.extraheader
2025-01-13T20:04:16.5726230Z [command]/opt/homebrew/bin/git submodule foreach --recursive sh -c "git config --local --name-only --get-regexp 'http\.https\:\/\/github\.com\/\.extraheader' && git config --local --unset-all 'http.https://github.com/.extraheader' || :"
2025-01-13T20:04:16.6390380Z [command]/opt/homebrew/bin/git config --local http.https://github.com/.extraheader AUTHORIZATION: basic ***
2025-01-13T20:04:16.6467310Z ##[endgroup]
2025-01-13T20:04:16.6470380Z ##[group]Fetching the repository
2025-01-13T20:04:16.6473000Z [command]/opt/homebrew/bin/git -c protocol.version=2 fetch --no-tags --prune --no-recurse-submodules --depth=1 origin +33bbe0652b674074c5f59e30763f4a3be9fe3aa4:refs/remotes/pull/2942/merge
2025-01-13T20:04:18.2322440Z From https://github.com/tardis-sn/tardis
2025-01-13T20:04:18.2323770Z  * [new ref]         33bbe0652b674074c5f59e30763f4a3be9fe3aa4 -> pull/2942/merge
2025-01-13T20:04:18.2389120Z ##[endgroup]
2025-01-13T20:04:18.2389820Z ##[group]Determining the checkout info
2025-01-13T20:04:18.2390580Z ##[endgroup]
2025-01-13T20:04:18.2392180Z [command]/opt/homebrew/bin/git sparse-checkout disable
2025-01-13T20:04:18.2456730Z [command]/opt/homebrew/bin/git config --local --unset-all extensions.worktreeConfig
2025-01-13T20:04:18.2513260Z ##[group]Checking out the ref
2025-01-13T20:04:18.2515500Z [command]/opt/homebrew/bin/git checkout --progress --force refs/remotes/pull/2942/merge
2025-01-13T20:04:18.5208140Z HEAD is now at 33bbe06 Merge 28b2ad78fd376c613f68b1c99837611bb3cf6939 into b4bc6ac32afba1ed86870074cd69db14d7845052
2025-01-13T20:04:18.5219180Z ##[endgroup]
2025-01-13T20:04:18.5298710Z [command]/opt/homebrew/bin/git log -1 --format=%H
2025-01-13T20:04:18.5361800Z 33bbe0652b674074c5f59e30763f4a3be9fe3aa4
2025-01-13T20:04:18.5646940Z Prepare all required actions
2025-01-13T20:04:18.5647960Z Getting action download info
2025-01-13T20:04:18.7178900Z Download action repository 'actions/cache@v4' (SHA:1bd1e32a3bdc45362d1e726936510720a7c30a57)
2025-01-13T20:04:18.8352320Z ##[group]Run ./.github/actions/setup_lfs
2025-01-13T20:04:18.8353010Z with:
2025-01-13T20:04:18.8353650Z   regression-data-repo: tardis-sn/tardis-regression-data
2025-01-13T20:04:18.8354390Z env:
2025-01-13T20:04:18.8354810Z   CACHE_NUMBER: 0
2025-01-13T20:04:18.8356280Z   PYTEST_FLAGS: --tardis-regression-data=/Users/runner/work/tardis/tardis/tardis-regression-data --cov=tardis --cov-report=xml --cov-report=html --cov-append
2025-01-13T20:04:18.8357850Z   CODECOV_TOKEN: 
2025-01-13T20:04:18.8358350Z ##[endgroup]
2025-01-13T20:04:18.8497780Z ##[group]Run actions/checkout@v4
2025-01-13T20:04:18.8498400Z with:
2025-01-13T20:04:18.8498920Z   repository: tardis-sn/tardis-regression-data
2025-01-13T20:04:18.8499670Z   path: tardis-regression-data
2025-01-13T20:04:18.8500490Z   token: ***
2025-01-13T20:04:18.8500980Z   ssh-strict: true
2025-01-13T20:04:18.8501500Z   ssh-user: git
2025-01-13T20:04:18.8501980Z   persist-credentials: true
2025-01-13T20:04:18.8502610Z   clean: true
2025-01-13T20:04:18.8503090Z   sparse-checkout-cone-mode: true
2025-01-13T20:04:18.8503670Z   fetch-depth: 1
2025-01-13T20:04:18.8504130Z   fetch-tags: false
2025-01-13T20:04:18.8504620Z   show-progress: true
2025-01-13T20:04:18.8505110Z   lfs: false
2025-01-13T20:04:18.8505560Z   submodules: false
2025-01-13T20:04:18.8506050Z   set-safe-directory: true
2025-01-13T20:04:18.8506580Z env:
2025-01-13T20:04:18.8506990Z   CACHE_NUMBER: 0
2025-01-13T20:04:18.8508380Z   PYTEST_FLAGS: --tardis-regression-data=/Users/runner/work/tardis/tardis/tardis-regression-data --cov=tardis --cov-report=xml --cov-report=html --cov-append
2025-01-13T20:04:18.8509910Z   CODECOV_TOKEN: 
2025-01-13T20:04:18.8510370Z ##[endgroup]
2025-01-13T20:04:19.1687290Z Syncing repository: tardis-sn/tardis-regression-data
2025-01-13T20:04:19.1789890Z ##[group]Getting Git version info
2025-01-13T20:04:19.1886320Z Working directory is '/Users/runner/work/tardis/tardis/tardis-regression-data'
2025-01-13T20:04:19.2024750Z [command]/opt/homebrew/bin/git version
2025-01-13T20:04:19.2077900Z git version 2.47.1
2025-01-13T20:04:19.2282830Z ##[endgroup]
2025-01-13T20:04:19.2555030Z Copying '/Users/runner/.gitconfig' to '/Users/runner/work/_temp/8bb2f157-473a-4e61-b998-00ceafb6e148/.gitconfig'
2025-01-13T20:04:19.2577850Z Temporarily overriding HOME='/Users/runner/work/_temp/8bb2f157-473a-4e61-b998-00ceafb6e148' before making global git config changes
2025-01-13T20:04:19.2583780Z Adding repository directory to the temporary git global config as a safe directory
2025-01-13T20:04:19.2688580Z [command]/opt/homebrew/bin/git config --global --add safe.directory /Users/runner/work/tardis/tardis/tardis-regression-data
2025-01-13T20:04:19.2757590Z ##[group]Initializing the repository
2025-01-13T20:04:19.2763500Z [command]/opt/homebrew/bin/git init /Users/runner/work/tardis/tardis/tardis-regression-data
2025-01-13T20:04:19.2789840Z hint: Using 'master' as the name for the initial branch. This default branch name
2025-01-13T20:04:19.2793390Z hint: is subject to change. To configure the initial branch name to use in all
2025-01-13T20:04:19.2797200Z hint: of your new repositories, which will suppress this warning, call:
2025-01-13T20:04:19.2799360Z hint:
2025-01-13T20:04:19.2801450Z hint: 	git config --global init.defaultBranch <name>
2025-01-13T20:04:19.2802870Z hint:
2025-01-13T20:04:19.2803720Z hint: Names commonly chosen instead of 'master' are 'main', 'trunk' and
2025-01-13T20:04:19.2806020Z hint: 'development'. The just-created branch can be renamed via this command:
2025-01-13T20:04:19.2808630Z hint:
2025-01-13T20:04:19.2809980Z hint: 	git branch -m <name>
2025-01-13T20:04:19.2812820Z Initialized empty Git repository in /Users/runner/work/tardis/tardis/tardis-regression-data/.git/
2025-01-13T20:04:19.2819010Z [command]/opt/homebrew/bin/git remote add origin https://github.com/tardis-sn/tardis-regression-data
2025-01-13T20:04:19.2821390Z ##[endgroup]
2025-01-13T20:04:19.2822340Z ##[group]Disabling automatic garbage collection
2025-01-13T20:04:19.2823530Z [command]/opt/homebrew/bin/git config --local gc.auto 0
2025-01-13T20:04:19.2826220Z ##[endgroup]
2025-01-13T20:04:19.2827140Z ##[group]Setting up auth
2025-01-13T20:04:19.2828180Z [command]/opt/homebrew/bin/git config --local --name-only --get-regexp core\.sshCommand
2025-01-13T20:04:19.2832020Z [command]/opt/homebrew/bin/git submodule foreach --recursive sh -c "git config --local --name-only --get-regexp 'core\.sshCommand' && git config --local --unset-all 'core.sshCommand' || :"
2025-01-13T20:04:19.2873690Z [command]/opt/homebrew/bin/git config --local --name-only --get-regexp http\.https\:\/\/github\.com\/\.extraheader
2025-01-13T20:04:19.2877130Z [command]/opt/homebrew/bin/git submodule foreach --recursive sh -c "git config --local --name-only --get-regexp 'http\.https\:\/\/github\.com\/\.extraheader' && git config --local --unset-all 'http.https://github.com/.extraheader' || :"
2025-01-13T20:04:19.3304500Z [command]/opt/homebrew/bin/git config --local http.https://github.com/.extraheader AUTHORIZATION: basic ***
2025-01-13T20:04:19.3322620Z ##[endgroup]
2025-01-13T20:04:19.3323650Z ##[group]Determining the default branch
2025-01-13T20:04:19.3324400Z Retrieving the default branch name
2025-01-13T20:04:19.7057080Z Default branch 'main'
2025-01-13T20:04:19.7060500Z ##[endgroup]
2025-01-13T20:04:19.7071690Z ##[group]Fetching the repository
2025-01-13T20:04:19.7097410Z [command]/opt/homebrew/bin/git -c protocol.version=2 fetch --no-tags --prune --no-recurse-submodules --depth=1 origin +refs/heads/main:refs/remotes/origin/main
2025-01-13T20:04:20.6653830Z From https://github.com/tardis-sn/tardis-regression-data
2025-01-13T20:04:20.6657140Z  * [new branch]      main       -> origin/main
2025-01-13T20:04:20.6914740Z ##[endgroup]
2025-01-13T20:04:20.7017360Z ##[group]Determining the checkout info
2025-01-13T20:04:20.7118570Z ##[endgroup]
2025-01-13T20:04:20.7219720Z [command]/opt/homebrew/bin/git sparse-checkout disable
2025-01-13T20:04:20.7308140Z [command]/opt/homebrew/bin/git config --local --unset-all extensions.worktreeConfig
2025-01-13T20:04:20.7309000Z ##[group]Checking out the ref
2025-01-13T20:04:20.7309410Z [command]/opt/homebrew/bin/git checkout --progress --force -B main refs/remotes/origin/main
2025-01-13T20:04:20.9834790Z Switched to a new branch 'main'
2025-01-13T20:04:20.9935740Z branch 'main' set up to track 'origin/main'.
2025-01-13T20:04:21.0657960Z ##[endgroup]
2025-01-13T20:04:21.0721970Z [command]/opt/homebrew/bin/git log -1 --format=%H
2025-01-13T20:04:21.0767020Z fa7729bc9c30e14b69acd641af8b692b56fcd416
2025-01-13T20:04:21.0853450Z ##[group]Run git lfs ls-files -l | cut -d' ' -f1 | sort > .lfs-assets-id
2025-01-13T20:04:21.0853850Z [36;1mgit lfs ls-files -l | cut -d' ' -f1 | sort > .lfs-assets-id[0m
2025-01-13T20:04:21.0917420Z shell: /bin/bash --noprofile --norc -e -o pipefail {0}
2025-01-13T20:04:21.0917670Z env:
2025-01-13T20:04:21.0917830Z   CACHE_NUMBER: 0
2025-01-13T20:04:21.0918300Z   PYTEST_FLAGS: --tardis-regression-data=/Users/runner/work/tardis/tardis/tardis-regression-data --cov=tardis --cov-report=xml --cov-report=html --cov-append
2025-01-13T20:04:21.0918800Z   CODECOV_TOKEN: 
2025-01-13T20:04:21.0918920Z ##[endgroup]
2025-01-13T20:04:21.3720280Z ##[group]Run actions/cache/restore@v4
2025-01-13T20:04:21.3720500Z with:
2025-01-13T20:04:21.3720650Z   path: tardis-regression-data/.git/lfs
2025-01-13T20:04:21.3721100Z   key: macOS-lfs-21f9fa4b6817cc69b9fae3598144724da7828e276a73bd17f47a2a49d9af090a-v1
2025-01-13T20:04:21.3721420Z   enableCrossOsArchive: false
2025-01-13T20:04:21.3721610Z   fail-on-cache-miss: false
2025-01-13T20:04:21.3721770Z   lookup-only: false
2025-01-13T20:04:21.3721910Z env:
2025-01-13T20:04:21.3722070Z   CACHE_NUMBER: 0
2025-01-13T20:04:21.3722920Z   PYTEST_FLAGS: --tardis-regression-data=/Users/runner/work/tardis/tardis/tardis-regression-data --cov=tardis --cov-report=xml --cov-report=html --cov-append
2025-01-13T20:04:21.3723430Z   CODECOV_TOKEN: 
2025-01-13T20:04:21.3723560Z ##[endgroup]
2025-01-13T20:04:22.8831540Z Received 20971520 of 1706796060 (1.2%), 20.0 MBs/sec
2025-01-13T20:04:23.8829380Z Received 67108864 of 1706796060 (3.9%), 32.0 MBs/sec
2025-01-13T20:04:24.8908940Z Received 142606336 of 1706796060 (8.4%), 45.2 MBs/sec
2025-01-13T20:04:25.8913530Z Received 205520896 of 1706796060 (12.0%), 48.9 MBs/sec
2025-01-13T20:04:26.8912740Z Received 264241152 of 1706796060 (15.5%), 50.3 MBs/sec
2025-01-13T20:04:27.8920190Z Received 331350016 of 1706796060 (19.4%), 52.6 MBs/sec
2025-01-13T20:04:28.8936480Z Received 402653184 of 1706796060 (23.6%), 54.8 MBs/sec
2025-01-13T20:04:29.8953310Z Received 461373440 of 1706796060 (27.0%), 54.9 MBs/sec
2025-01-13T20:04:30.8958710Z Received 536870912 of 1706796060 (31.5%), 56.8 MBs/sec
2025-01-13T20:04:31.8963640Z Received 603979776 of 1706796060 (35.4%), 57.5 MBs/sec
2025-01-13T20:04:32.9018030Z Received 683671552 of 1706796060 (40.1%), 59.2 MBs/sec
2025-01-13T20:04:33.9000130Z Received 759169024 of 1706796060 (44.5%), 60.2 MBs/sec
2025-01-13T20:04:34.9008960Z Received 838860800 of 1706796060 (49.1%), 61.4 MBs/sec
2025-01-13T20:04:35.9015710Z Received 901775360 of 1706796060 (52.8%), 61.3 MBs/sec
2025-01-13T20:04:36.9019680Z Received 973078528 of 1706796060 (57.0%), 61.8 MBs/sec
2025-01-13T20:04:37.9023520Z Received 1044381696 of 1706796060 (61.2%), 62.2 MBs/sec
2025-01-13T20:04:38.9032000Z Received 1124073472 of 1706796060 (65.9%), 63.0 MBs/sec
2025-01-13T20:04:39.9039310Z Received 1186988032 of 1706796060 (69.5%), 62.8 MBs/sec
2025-01-13T20:04:40.9047380Z Received 1266679808 of 1706796060 (74.2%), 63.5 MBs/sec
2025-01-13T20:04:41.9051300Z Received 1325400064 of 1706796060 (77.7%), 63.1 MBs/sec
2025-01-13T20:04:42.9066270Z Received 1388314624 of 1706796060 (81.3%), 63.0 MBs/sec
2025-01-13T20:04:43.9190850Z Received 1438646272 of 1706796060 (84.3%), 62.3 MBs/sec
2025-01-13T20:04:44.9150960Z Received 1501560832 of 1706796060 (88.0%), 62.2 MBs/sec
2025-01-13T20:04:45.9151670Z Received 1547698176 of 1706796060 (90.7%), 61.4 MBs/sec
2025-01-13T20:04:46.9212550Z Received 1606418432 of 1706796060 (94.1%), 61.2 MBs/sec
2025-01-13T20:04:47.9186860Z Received 1673527296 of 1706796060 (98.1%), 61.3 MBs/sec
2025-01-13T20:04:48.9207630Z Received 1706796060 of 1706796060 (100.0%), 60.2 MBs/sec
2025-01-13T20:04:49.0286140Z Cache Size: ~1628 MB (1706796060 B)
2025-01-13T20:04:49.0412090Z [command]/opt/homebrew/bin/gtar -xf /Users/runner/work/_temp/fedfe046-9c3c-4c38-a915-6a033bc261a2/cache.tzst -P -C /Users/runner/work/tardis/tardis --delay-directory-restore --use-compress-program unzstd
2025-01-13T20:04:57.5036040Z Cache restored successfully
2025-01-13T20:04:57.6020360Z Cache restored from key: macOS-lfs-21f9fa4b6817cc69b9fae3598144724da7828e276a73bd17f47a2a49d9af090a-v1
2025-01-13T20:04:57.6301030Z ##[group]Run git lfs checkout
2025-01-13T20:04:57.6301370Z [36;1mgit lfs checkout[0m
2025-01-13T20:04:57.6531710Z shell: /bin/bash --noprofile --norc -e -o pipefail {0}
2025-01-13T20:04:57.6532110Z env:
2025-01-13T20:04:57.6532350Z   CACHE_NUMBER: 0
2025-01-13T20:04:57.6533020Z   PYTEST_FLAGS: --tardis-regression-data=/Users/runner/work/tardis/tardis/tardis-regression-data --cov=tardis --cov-report=xml --cov-report=html --cov-append
2025-01-13T20:04:57.6533680Z   CODECOV_TOKEN: 
2025-01-13T20:04:57.6533990Z ##[endgroup]
2025-01-13T20:05:05.4568680Z Checking out LFS objects: 100% (204/204), 3.5 GB | 362 MB/s, done.
2025-01-13T20:05:13.1846540Z Prepare all required actions
2025-01-13T20:05:13.1847170Z Getting action download info
2025-01-13T20:05:13.3505970Z Download action repository 'mamba-org/setup-micromamba@v1' (SHA:4b9113af4fba0e9e1124b252dd6497a419e7396d)
2025-01-13T20:05:14.4515940Z ##[group]Run ./.github/actions/setup_env
2025-01-13T20:05:14.4516250Z with:
2025-01-13T20:05:14.4516450Z   os-label: osx-arm64
2025-01-13T20:05:14.4516660Z env:
2025-01-13T20:05:14.4516910Z   CACHE_NUMBER: 0
2025-01-13T20:05:14.4517500Z   PYTEST_FLAGS: --tardis-regression-data=/Users/runner/work/tardis/tardis/tardis-regression-data --cov=tardis --cov-report=xml --cov-report=html --cov-append
2025-01-13T20:05:14.4518070Z   CODECOV_TOKEN: 
2025-01-13T20:05:14.4518940Z ##[endgroup]
2025-01-13T20:05:14.4544110Z ##[group]Run file_hash=$(cat conda-osx-arm64.lock | shasum -a 256 | cut -d' ' -f1)
2025-01-13T20:05:14.4544540Z [36;1mfile_hash=$(cat conda-osx-arm64.lock | shasum -a 256 | cut -d' ' -f1)[0m
2025-01-13T20:05:14.4544920Z [36;1mecho "file_hash=$file_hash" >> "${GITHUB_OUTPUT}"[0m
2025-01-13T20:05:14.4599530Z shell: /bin/bash --noprofile --norc -e -o pipefail {0}
2025-01-13T20:05:14.4599760Z env:
2025-01-13T20:05:14.4599910Z   CACHE_NUMBER: 0
2025-01-13T20:05:14.4600410Z   PYTEST_FLAGS: --tardis-regression-data=/Users/runner/work/tardis/tardis/tardis-regression-data --cov=tardis --cov-report=xml --cov-report=html --cov-append
2025-01-13T20:05:14.4600930Z   CODECOV_TOKEN: 
2025-01-13T20:05:14.4601100Z ##[endgroup]
2025-01-13T20:05:14.5585400Z ##[group]Run mamba-org/setup-micromamba@v1
2025-01-13T20:05:14.5585660Z with:
2025-01-13T20:05:14.5585800Z   environment-file: conda-osx-arm64.lock
2025-01-13T20:05:14.5586150Z   cache-environment-key: bf0d0a4d4c847cca72476c6c68c493d56c484aada7e80de0e42c7607fcef5824
2025-01-13T20:05:14.5586650Z   cache-downloads-key: bf0d0a4d4c847cca72476c6c68c493d56c484aada7e80de0e42c7607fcef5824
2025-01-13T20:05:14.5586990Z   environment-name: tardis
2025-01-13T20:05:14.5587170Z   cache-environment: true
2025-01-13T20:05:14.5587360Z   cache-downloads: true
2025-01-13T20:05:14.5587510Z env:
2025-01-13T20:05:14.5587640Z   CACHE_NUMBER: 0
2025-01-13T20:05:14.5588110Z   PYTEST_FLAGS: --tardis-regression-data=/Users/runner/work/tardis/tardis/tardis-regression-data --cov=tardis --cov-report=xml --cov-report=html --cov-append
2025-01-13T20:05:14.5588610Z   CODECOV_TOKEN: 
2025-01-13T20:05:14.5588760Z ##[endgroup]
2025-01-13T20:05:14.8445570Z Will download micromamba to /Users/runner/micromamba-bin/micromamba
2025-01-13T20:05:14.8448080Z ##[group]Install micromamba
2025-01-13T20:05:15.4974910Z micromamba installed to /Users/runner/micromamba-bin/micromamba
2025-01-13T20:05:15.4978210Z ##[endgroup]
2025-01-13T20:05:15.4980270Z Adding conda-forge to condarc channels ...
2025-01-13T20:05:15.5002020Z ##[group]Initialize micromamba for bash.
2025-01-13T20:05:15.5014870Z [command]/Users/runner/micromamba-bin/micromamba shell init -s bash -r /Users/runner/micromamba --log-level warning --rc-file /Users/runner/work/_temp/setup-micromamba/.condarc
2025-01-13T20:05:15.5238420Z Modifying RC file "/Users/runner/.bash_profile"
2025-01-13T20:05:15.5240630Z Generating config for root prefix [1m"/Users/runner/micromamba"[0m
2025-01-13T20:05:15.5241310Z Setting mamba executable to: [1m"/Users/runner/micromamba-bin/micromamba"[0m
2025-01-13T20:05:15.5242030Z Adding (or replacing) the following in your "/Users/runner/.bash_profile" file
2025-01-13T20:05:15.5242760Z 
2025-01-13T20:05:15.5243220Z # >>> mamba initialize >>>
2025-01-13T20:05:15.5244280Z # !! Contents within this block are managed by 'mamba init' !!
2025-01-13T20:05:15.5245320Z export MAMBA_EXE='/Users/runner/micromamba-bin/micromamba';
2025-01-13T20:05:15.5246260Z export MAMBA_ROOT_PREFIX='/Users/runner/micromamba';
2025-01-13T20:05:15.5247470Z __mamba_setup="$("$MAMBA_EXE" shell hook --shell bash --root-prefix "$MAMBA_ROOT_PREFIX" 2> /dev/null)"
2025-01-13T20:05:15.5248590Z if [ $? -eq 0 ]; then
2025-01-13T20:05:15.5249240Z     eval "$__mamba_setup"
2025-01-13T20:05:15.5251370Z else
2025-01-13T20:05:15.5252050Z     alias micromamba="$MAMBA_EXE"  # Fallback on help from mamba activate
2025-01-13T20:05:15.5252780Z fi
2025-01-13T20:05:15.5253230Z unset __mamba_setup
2025-01-13T20:05:15.5253650Z # <<< mamba initialize <<<
2025-01-13T20:05:15.5253950Z 
2025-01-13T20:05:15.5254510Z ##[endgroup]
2025-01-13T20:05:15.5255660Z ##[group]Restoring downloads from `/Users/runner/micromamba/pkgs` ...
2025-01-13T20:05:16.8875600Z Received 33554432 of 310595873 (10.8%), 32.0 MBs/sec
2025-01-13T20:05:17.8812450Z Received 75497472 of 310595873 (24.3%), 35.9 MBs/sec
2025-01-13T20:05:18.8824660Z Received 142606336 of 310595873 (45.9%), 45.2 MBs/sec
2025-01-13T20:05:19.8828810Z Received 192937984 of 310595873 (62.1%), 45.9 MBs/sec
2025-01-13T20:05:20.8833540Z Received 260046848 of 310595873 (83.7%), 49.5 MBs/sec
2025-01-13T20:05:21.5957140Z Cache Size: ~296 MB (310595873 B)
2025-01-13T20:05:21.5988270Z [command]/opt/homebrew/bin/gtar -xf /Users/runner/work/_temp/0fe608df-a39d-4f1c-a0d9-e6fd822d6e35/cache.tzst -P -C /Users/runner/work/tardis/tardis --delay-directory-restore --use-compress-program unzstd
2025-01-13T20:05:21.8864650Z Received 310595873 of 310595873 (100.0%), 49.3 MBs/sec
2025-01-13T20:05:22.4416210Z Cache restored successfully
2025-01-13T20:05:22.4465300Z Restored cache with key `bf0d0a4d4c847cca72476c6c68c493d56c484aada7e80de0e42c7607fcef5824-osx-arm64`
2025-01-13T20:05:22.4467210Z ##[endgroup]
2025-01-13T20:05:22.4770600Z ##[group]Restoring environment `tardis` from `/Users/runner/micromamba/envs/tardis` ...
2025-01-13T20:05:23.8338020Z Received 25165824 of 385775710 (6.5%), 24.0 MBs/sec
2025-01-13T20:05:24.8347590Z Received 96468992 of 385775710 (25.0%), 46.0 MBs/sec
2025-01-13T20:05:25.8349110Z Received 167772160 of 385775710 (43.5%), 53.3 MBs/sec
2025-01-13T20:05:26.8360530Z Received 239075328 of 385775710 (62.0%), 57.0 MBs/sec
2025-01-13T20:05:27.8368540Z Received 318767104 of 385775710 (82.6%), 60.8 MBs/sec
2025-01-13T20:05:28.7476360Z Cache Size: ~368 MB (385775710 B)
2025-01-13T20:05:28.7553980Z [command]/opt/homebrew/bin/gtar -xf /Users/runner/work/_temp/0f3a5848-8981-421d-b0c8-d23109a013a5/cache.tzst -P -C /Users/runner/work/tardis/tardis --delay-directory-restore --use-compress-program unzstd
2025-01-13T20:05:28.8394940Z Received 385775710 of 385775710 (100.0%), 61.3 MBs/sec
2025-01-13T20:05:41.2772840Z Cache restored successfully
2025-01-13T20:05:41.2823300Z Restored cache with key `bf0d0a4d4c847cca72476c6c68c493d56c484aada7e80de0e42c7607fcef5824-osx-arm64-tardis-args-4f53cda-root-873f6fe-bin-[object Promise]-file-bf0d0a4d4c847cca72476c6c68c493d56c484aada7e80de0e42c7607fcef5824`
2025-01-13T20:05:41.2826650Z ##[endgroup]
2025-01-13T20:05:41.2827060Z Adding environment tardis to auto-activate bash ...
2025-01-13T20:05:41.2836210Z Generating micromamba run shell.
2025-01-13T20:05:41.2861110Z ##[endgroup]
2025-01-13T20:05:41.2913210Z Set environment variables.
2025-01-13T20:05:41.2931260Z ##[group]micromamba info
2025-01-13T20:05:41.2936160Z [command]/Users/runner/micromamba-bin/micromamba info -r /Users/runner/micromamba -n tardis
2025-01-13T20:05:41.7274930Z 
2025-01-13T20:05:41.7275310Z        libmamba version : 1.5.10
2025-01-13T20:05:41.7275690Z      micromamba version : 1.5.10
2025-01-13T20:05:41.7276220Z            curl version : libcurl/8.10.1 (OpenSSL/3.3.2) SecureTransport zlib/1.3.1 zstd/1.5.6 libssh2/1.11.0 nghttp2/1.58.0
2025-01-13T20:05:41.7276770Z      libarchive version : libarchive 3.7.4 zlib/1.2.13 bz2lib/1.0.8 libzstd/1.5.6
2025-01-13T20:05:41.7277210Z        envs directories : /Users/runner/micromamba/envs
2025-01-13T20:05:41.7277530Z           package cache : /Users/runner/micromamba/pkgs
2025-01-13T20:05:41.7277910Z                           /Users/runner/.mamba/pkgs
2025-01-13T20:05:41.7278270Z             environment : tardis
2025-01-13T20:05:41.7278550Z            env location : /Users/runner/micromamba/envs/tardis
2025-01-13T20:05:41.7278910Z       user config files : /Users/runner/.mambarc
2025-01-13T20:05:41.7281940Z  populated config files : /Users/runner/work/_temp/setup-micromamba/.condarc
2025-01-13T20:05:41.7282470Z        virtual packages : __unix=0=0
2025-01-13T20:05:41.7282730Z                           __osx=14.7.2=0
2025-01-13T20:05:41.7283040Z                           __archspec=1=arm64
2025-01-13T20:05:41.7283490Z                channels : https://conda.anaconda.org/conda-forge/osx-arm64
2025-01-13T20:05:41.7283890Z                           https://conda.anaconda.org/conda-forge/noarch
2025-01-13T20:05:41.7284190Z        base environment : /Users/runner/micromamba
2025-01-13T20:05:41.7284510Z                platform : osx-arm64
2025-01-13T20:05:41.7285020Z ##[endgroup]
2025-01-13T20:05:41.7285390Z ##[group]micromamba list
2025-01-13T20:05:41.7285990Z [command]/Users/runner/micromamba-bin/micromamba list -r /Users/runner/micromamba -n tardis
2025-01-13T20:05:42.1434750Z List of packages in environment: "/Users/runner/micromamba/envs/tardis"
2025-01-13T20:05:42.1435120Z 
2025-01-13T20:05:42.1435430Z   Name                           Version              Build                    Channel    
2025-01-13T20:05:42.1437530Z â”€â”€â”€â”€â”€â”€â”€â”€â”€â”€â”€â”€â”€â”€â”€â”€â”€â”€â”€â”€â”€â”€â”€â”€â”€â”€â”€â”€â”€â”€â”€â”€â”€â”€â”€â”€â”€â”€â”€â”€â”€â”€â”€â”€â”€â”€â”€â”€â”€â”€â”€â”€â”€â”€â”€â”€â”€â”€â”€â”€â”€â”€â”€â”€â”€â”€â”€â”€â”€â”€â”€â”€â”€â”€â”€â”€â”€â”€â”€â”€â”€â”€â”€â”€â”€â”€â”€â”€â”€â”€â”€â”€
2025-01-13T20:05:42.1438010Z   alabaster                      0.7.16               pyhd8ed1ab_0             conda-forge
2025-01-13T20:05:42.1438500Z   anyio                          4.4.0                pyhd8ed1ab_0             conda-forge
2025-01-13T20:05:42.1438880Z   appnope                        0.1.4                pyhd8ed1ab_0             conda-forge
2025-01-13T20:05:42.1439380Z   argon2-cffi                    23.1.0               pyhd8ed1ab_0             conda-forge
2025-01-13T20:05:42.1439870Z   argon2-cffi-bindings           21.2.0               py312h02f2b3b_4          conda-forge
2025-01-13T20:05:42.1440500Z   arrow                          1.3.0                pyhd8ed1ab_0             conda-forge
2025-01-13T20:05:42.1441020Z   astropy                        6.1.1                py312hbebd99a_0          conda-forge
2025-01-13T20:05:42.1441540Z   astropy-iers-data              0.2024.6.17.0.31.35  pyhd8ed1ab_0             conda-forge
2025-01-13T20:05:42.1442110Z   astropy-sphinx-theme           1.1                  pyhd8ed1ab_0             conda-forge
2025-01-13T20:05:42.1442560Z   asttokens                      2.4.1                pyhd8ed1ab_0             conda-forge
2025-01-13T20:05:42.1443060Z   async-lru                      2.0.4                pyhd8ed1ab_0             conda-forge
2025-01-13T20:05:42.1443460Z   atk-1.0                        2.38.0               hd03087b_2               conda-forge
2025-01-13T20:05:42.1443950Z   attrs                          23.2.0               pyh71513ae_0             conda-forge
2025-01-13T20:05:42.1444300Z   babel                          2.14.0               pyhd8ed1ab_0             conda-forge
2025-01-13T20:05:42.1444770Z   beautifulsoup4                 4.12.3               pyha770c72_0             conda-forge
2025-01-13T20:05:42.1445170Z   bleach                         6.1.0                pyhd8ed1ab_0             conda-forge
2025-01-13T20:05:42.1445570Z   blosc                          1.21.5               h9c252e8_1               conda-forge
2025-01-13T20:05:42.1445930Z   brotli                         1.1.0                hb547adb_1               conda-forge
2025-01-13T20:05:42.1446450Z   brotli-bin                     1.1.0                hb547adb_1               conda-forge
2025-01-13T20:05:42.1446900Z   brotli-python                  1.1.0                py312h9f69965_1          conda-forge
2025-01-13T20:05:42.1447270Z   bzip2                          1.0.8                h93a5062_5               conda-forge
2025-01-13T20:05:42.1447600Z   c-ares                         1.28.1               h93a5062_0               conda-forge
2025-01-13T20:05:42.1447980Z   c-blosc2                       2.14.4               ha57e6be_1               conda-forge
2025-01-13T20:05:42.1448510Z   ca-certificates                2024.6.2             hf0a4a13_0               conda-forge
2025-01-13T20:05:42.1449430Z   cached-property                1.5.2                hd8ed1ab_1               conda-forge
2025-01-13T20:05:42.1450000Z   cached_property                1.5.2                pyha770c72_1             conda-forge
2025-01-13T20:05:42.1450400Z   cairo                          1.18.0               hd1e100b_0               conda-forge
2025-01-13T20:05:42.1451270Z   certifi                        2024.6.2             pyhd8ed1ab_0             conda-forge
2025-01-13T20:05:42.1452260Z   cffi                           1.16.0               py312h8e38eb3_0          conda-forge
2025-01-13T20:05:42.1452690Z   charset-normalizer             3.3.2                pyhd8ed1ab_0             conda-forge
2025-01-13T20:05:42.1453090Z   click                          8.1.7                unix_pyh707e725_0        conda-forge
2025-01-13T20:05:42.1453740Z   codespell                      2.3.0                pyhd8ed1ab_0             conda-forge
2025-01-13T20:05:42.1454280Z   colorama                       0.4.6                pyhd8ed1ab_0             conda-forge
2025-01-13T20:05:42.1454670Z   comm                           0.2.2                pyhd8ed1ab_0             conda-forge
2025-01-13T20:05:42.1455000Z   commonmark                     0.9.1                py_0                     conda-forge
2025-01-13T20:05:42.1455410Z   contourpy                      1.2.1                py312h0fef576_0          conda-forge
2025-01-13T20:05:42.1455820Z   coverage                       7.5.3                py312h7e5086c_0          conda-forge
2025-01-13T20:05:42.1456270Z   cycler                         0.12.1               pyhd8ed1ab_0             conda-forge
2025-01-13T20:05:42.1456860Z   dataclasses                    0.8                  pyhc8e2a94_3             conda-forge
2025-01-13T20:05:42.1457270Z   debugpy                        1.8.1                py312h20a0b95_0          conda-forge
2025-01-13T20:05:42.1457620Z   decorator                      5.1.1                pyhd8ed1ab_0             conda-forge
2025-01-13T20:05:42.1458080Z   defusedxml                     0.7.1                pyhd8ed1ab_0             conda-forge
2025-01-13T20:05:42.1458500Z   docutils                       0.20.1               py312h81bd7bf_3          conda-forge
2025-01-13T20:05:42.1458970Z   dot2tex                        2.11.3               pyhd8ed1ab_0             conda-forge
2025-01-13T20:05:42.1459420Z   entrypoints                    0.4                  pyhd8ed1ab_0             conda-forge
2025-01-13T20:05:42.1459890Z   exceptiongroup                 1.2.0                pyhd8ed1ab_2             conda-forge
2025-01-13T20:05:42.1460280Z   executing                      2.0.1                pyhd8ed1ab_0             conda-forge
2025-01-13T20:05:42.1460730Z   expat                          2.6.2                hebf3989_0               conda-forge
2025-01-13T20:05:42.1461280Z   font-ttf-dejavu-sans-mono      2.37                 hab24e00_0               conda-forge
2025-01-13T20:05:42.1461760Z   font-ttf-inconsolata           3.000                h77eed37_0               conda-forge
2025-01-13T20:05:42.1462150Z   font-ttf-source-code-pro       2.038                h77eed37_0               conda-forge
2025-01-13T20:05:42.1462570Z   font-ttf-ubuntu                0.83                 h77eed37_2               conda-forge
2025-01-13T20:05:42.1463760Z   fontconfig                     2.14.2               h82840c6_0               conda-forge
2025-01-13T20:05:42.1464200Z   fonts-conda-ecosystem          1                    0                        conda-forge
2025-01-13T20:05:42.1464570Z   fonts-conda-forge              1                    0                        conda-forge
2025-01-13T20:05:42.1464990Z   fonttools                      4.53.0               py312h7e5086c_0          conda-forge
2025-01-13T20:05:42.1465340Z   fqdn                           1.5.1                pyhd8ed1ab_0             conda-forge
2025-01-13T20:05:42.1465750Z   freetype                       2.12.1               hadb7bae_2               conda-forge
2025-01-13T20:05:42.1466370Z   fribidi                        1.0.10               h27ca646_0               conda-forge
2025-01-13T20:05:42.1466720Z   future                         1.0.0                pyhd8ed1ab_0             conda-forge
2025-01-13T20:05:42.1467110Z   gdk-pixbuf                     2.42.12              h7ddc832_0               conda-forge
2025-01-13T20:05:42.1467440Z   gettext                        0.22.5               h8fbad5d_2               conda-forge
2025-01-13T20:05:42.1468000Z   gettext-tools                  0.22.5               h8fbad5d_2               conda-forge
2025-01-13T20:05:42.1468430Z   giflib                         5.2.2                h93a5062_0               conda-forge
2025-01-13T20:05:42.1468870Z   git-lfs                        3.5.1                hce30654_0               conda-forge
2025-01-13T20:05:42.1469410Z   gmp                            6.3.0                hebf3989_1               conda-forge
2025-01-13T20:05:42.1469790Z   gmpy2                          2.1.5                py312hfa9fade_1          conda-forge
2025-01-13T20:05:42.1470150Z   graphite2                      1.3.13               hebf3989_1003            conda-forge
2025-01-13T20:05:42.1470600Z   graphviz                       11.0.0               h9bb9bc9_0               conda-forge
2025-01-13T20:05:42.1471020Z   gtk2                           2.24.33              h7895bb2_4               conda-forge
2025-01-13T20:05:42.1471370Z   gts                            0.7.6                he42f4ea_4               conda-forge
2025-01-13T20:05:42.1471700Z   h11                            0.14.0               pyhd8ed1ab_0             conda-forge
2025-01-13T20:05:42.1472100Z   h2                             4.1.0                pyhd8ed1ab_0             conda-forge
2025-01-13T20:05:42.1472440Z   h5py                           3.11.0               nompi_py312h903599c_102  conda-forge
2025-01-13T20:05:42.1472900Z   harfbuzz                       8.5.0                h1836168_0               conda-forge
2025-01-13T20:05:42.1473270Z   hdf5                           1.14.3               nompi_hec07895_105       conda-forge
2025-01-13T20:05:42.1473730Z   hpack                          4.0.0                pyh9f0ad1d_0             conda-forge
2025-01-13T20:05:42.1474290Z   httpcore                       1.0.5                pyhd8ed1ab_0             conda-forge
2025-01-13T20:05:42.1474700Z   httpx                          0.27.0               pyhd8ed1ab_0             conda-forge
2025-01-13T20:05:42.1475090Z   hyperframe                     6.0.1                pyhd8ed1ab_0             conda-forge
2025-01-13T20:05:42.1476940Z   icu                            73.2                 hc8870d7_0               conda-forge
2025-01-13T20:05:42.1477810Z   idna                           3.7                  pyhd8ed1ab_0             conda-forge
2025-01-13T20:05:42.1479090Z   imagesize                      1.4.1                pyhd8ed1ab_0             conda-forge
2025-01-13T20:05:42.1480320Z   importlib-metadata             7.1.0                pyha770c72_0             conda-forge
2025-01-13T20:05:42.1482020Z   importlib_metadata             7.1.0                hd8ed1ab_0               conda-forge
2025-01-13T20:05:42.1483150Z   importlib_resources            6.4.0                pyhd8ed1ab_0             conda-forge
2025-01-13T20:05:42.1484470Z   iniconfig                      2.0.0                pyhd8ed1ab_0             conda-forge
2025-01-13T20:05:42.1484880Z   ipykernel                      6.29.4               pyh57ce528_0             conda-forge
2025-01-13T20:05:42.1485220Z   ipython                        8.25.0               pyh707e725_0             conda-forge
2025-01-13T20:05:42.1485760Z   ipython_genutils               0.2.0                pyhd8ed1ab_1             conda-forge
2025-01-13T20:05:42.1511570Z   ipywidgets                     7.8.0                pyhd8ed1ab_0             conda-forge
2025-01-13T20:05:42.1512570Z   isoduration                    20.11.0              pyhd8ed1ab_0             conda-forge
2025-01-13T20:05:42.1513440Z   jedi                           0.19.1               pyhd8ed1ab_0             conda-forge
2025-01-13T20:05:42.1514030Z   jinja2                         3.1.4                pyhd8ed1ab_0             conda-forge
2025-01-13T20:05:42.1706990Z   json5                          0.9.25               pyhd8ed1ab_0             conda-forge
2025-01-13T20:05:42.1707820Z   jsonpointer                    3.0.0                py312h81bd7bf_0          conda-forge
2025-01-13T20:05:42.1708190Z   jsonschema                     4.22.0               pyhd8ed1ab_0             conda-forge
2025-01-13T20:05:42.1708680Z   jsonschema-specifications      2023.12.1            pyhd8ed1ab_0             conda-forge
2025-01-13T20:05:42.1709170Z   jsonschema-with-format-nongpl  4.22.0               pyhd8ed1ab_0             conda-forge
2025-01-13T20:05:42.1709990Z   jupyter-lsp                    2.2.5                pyhd8ed1ab_0             conda-forge
2025-01-13T20:05:42.1710360Z   jupyter_client                 8.6.2                pyhd8ed1ab_0             conda-forge
2025-01-13T20:05:42.1711650Z   jupyter_core                   5.7.2                py312h81bd7bf_0          conda-forge
2025-01-13T20:05:42.1712050Z   jupyter_events                 0.10.0               pyhd8ed1ab_0             conda-forge
2025-01-13T20:05:42.1712570Z   jupyter_server                 2.14.1               pyhd8ed1ab_0             conda-forge
2025-01-13T20:05:42.1713000Z   jupyter_server_terminals       0.5.3                pyhd8ed1ab_0             conda-forge
2025-01-13T20:05:42.1713410Z   jupyterlab                     4.2.2                pyhd8ed1ab_0             conda-forge
2025-01-13T20:05:42.1713820Z   jupyterlab_pygments            0.3.0                pyhd8ed1ab_1             conda-forge
2025-01-13T20:05:42.1714430Z   jupyterlab_server              2.27.2               pyhd8ed1ab_0             conda-forge
2025-01-13T20:05:42.1715110Z   jupyterlab_widgets             1.1.7                pyhd8ed1ab_0             conda-forge
2025-01-13T20:05:42.1715540Z   kiwisolver                     1.4.5                py312h389731b_1          conda-forge
2025-01-13T20:05:42.1715830Z   krb5                           1.21.2               h92f50d5_0               conda-forge
2025-01-13T20:05:42.1716200Z   latexcodec                     2.0.1                pyh9f0ad1d_0             conda-forge
2025-01-13T20:05:42.1716490Z   lcms2                          2.16                 ha0e7c42_0               conda-forge
2025-01-13T20:05:42.1716850Z   lerc                           4.0.0                h9a09cb3_0               conda-forge
2025-01-13T20:05:42.1717160Z   libaec                         1.1.3                hebf3989_0               conda-forge
2025-01-13T20:05:42.1717540Z   libasprintf                    0.22.5               h8fbad5d_2               conda-forge
2025-01-13T20:05:42.1717930Z   libasprintf-devel              0.22.5               h8fbad5d_2               conda-forge
2025-01-13T20:05:42.1718350Z   libblas                        3.9.0                22_osxarm64_openblas     conda-forge
2025-01-13T20:05:42.1718660Z   libbrotlicommon                1.1.0                hb547adb_1               conda-forge
2025-01-13T20:05:42.1719020Z   libbrotlidec                   1.1.0                hb547adb_1               conda-forge
2025-01-13T20:05:42.1719330Z   libbrotlienc                   1.1.0                hb547adb_1               conda-forge
2025-01-13T20:05:42.1719630Z   libcblas                       3.9.0                22_osxarm64_openblas     conda-forge
2025-01-13T20:05:42.1719920Z   libcurl                        8.8.0                h7b6f9a7_0               conda-forge
2025-01-13T20:05:42.1720190Z   libcxx                         17.0.6               h5f092b4_0               conda-forge
2025-01-13T20:05:42.1720480Z   libdeflate                     1.20                 h93a5062_0               conda-forge
2025-01-13T20:05:42.1720780Z   libedit                        3.1.20191231         hc8eb9b7_2               conda-forge
2025-01-13T20:05:42.1721320Z   libev                          4.33                 h93a5062_2               conda-forge
2025-01-13T20:05:42.1721610Z   libexpat                       2.6.2                hebf3989_0               conda-forge
2025-01-13T20:05:42.1721890Z   libffi                         3.4.2                h3422bc3_5               conda-forge
2025-01-13T20:05:42.1722160Z   libgd                          2.3.3                hfdf3952_9               conda-forge
2025-01-13T20:05:42.1722450Z   libgettextpo                   0.22.5               h8fbad5d_2               conda-forge
2025-01-13T20:05:42.1722860Z   libgettextpo-devel             0.22.5               h8fbad5d_2               conda-forge
2025-01-13T20:05:42.1723180Z   libgfortran                    5.0.0                13_2_0_hd922786_3        conda-forge
2025-01-13T20:05:42.1723650Z   libgfortran5                   13.2.0               hf226fd6_3               conda-forge
2025-01-13T20:05:42.1723950Z   libglib                        2.80.2               h59d46d9_1               conda-forge
2025-01-13T20:05:42.1724230Z   libiconv                       1.17                 h0d3ecfb_2               conda-forge
2025-01-13T20:05:42.1724570Z   libintl                        0.22.5               h8fbad5d_2               conda-forge
2025-01-13T20:05:42.1724920Z   libintl-devel                  0.22.5               h8fbad5d_2               conda-forge
2025-01-13T20:05:42.1725230Z   libjpeg-turbo                  3.0.0                hb547adb_1               conda-forge
2025-01-13T20:05:42.1725590Z   liblapack                      3.9.0                22_osxarm64_openblas     conda-forge
2025-01-13T20:05:42.1725890Z   libllvm14                      14.0.6               hd1a9a77_4               conda-forge
2025-01-13T20:05:42.1726190Z   libnghttp2                     1.58.0               ha4dd798_1               conda-forge
2025-01-13T20:05:42.1726560Z   libopenblas                    0.3.27               openmp_h6c19121_0        conda-forge
2025-01-13T20:05:42.1726910Z   libpng                         1.6.43               h091b4b1_0               conda-forge
2025-01-13T20:05:42.1727320Z   librsvg                        2.58.1               hbc281fb_0               conda-forge
2025-01-13T20:05:42.1727680Z   libsodium                      1.0.18               h27ca646_1               conda-forge
2025-01-13T20:05:42.1728080Z   libsqlite                      3.46.0               hfb93653_0               conda-forge
2025-01-13T20:05:42.1728370Z   libssh2                        1.11.0               h7a5bd25_0               conda-forge
2025-01-13T20:05:42.1728660Z   libtiff                        4.6.0                h07db509_3               conda-forge
2025-01-13T20:05:42.1728940Z   libwebp                        1.4.0                h54798ee_0               conda-forge
2025-01-13T20:05:42.1729260Z   libwebp-base                   1.4.0                h93a5062_0               conda-forge
2025-01-13T20:05:42.1729550Z   libxcb                         1.16                 hf2054a2_0               conda-forge
2025-01-13T20:05:42.1729830Z   libxml2                        2.12.7               ha661575_1               conda-forge
2025-01-13T20:05:42.1730120Z   libxslt                        1.1.39               h223e5b9_0               conda-forge
2025-01-13T20:05:42.1730390Z   libzlib                        1.3.1                hfb2fe0b_1               conda-forge
2025-01-13T20:05:42.1730680Z   llvm-openmp                    18.1.7               hde57baf_0               conda-forge
2025-01-13T20:05:42.1730980Z   llvmlite                       0.42.0               py312h17030e7_1          conda-forge
2025-01-13T20:05:42.1731260Z   lxml                           5.2.2                py312h0e5ab22_0          conda-forge
2025-01-13T20:05:42.1731520Z   lz4-c                          1.9.4                hb7217d7_0               conda-forge
2025-01-13T20:05:42.1731800Z   markupsafe                     2.1.5                py312he37b823_0          conda-forge
2025-01-13T20:05:42.1732310Z   matplotlib-base                3.8.4                py312h4479663_2          conda-forge
2025-01-13T20:05:42.1732680Z   matplotlib-inline              0.1.7                pyhd8ed1ab_0             conda-forge
2025-01-13T20:05:42.1733040Z   mistune                        3.0.2                pyhd8ed1ab_0             conda-forge
2025-01-13T20:05:42.1733310Z   mpc                            1.3.1                h91ba8db_0               conda-forge
2025-01-13T20:05:42.1733580Z   mpfr                           4.2.1                h41d338b_1               conda-forge
2025-01-13T20:05:42.1733850Z   mpmath                         1.3.0                pyhd8ed1ab_0             conda-forge
2025-01-13T20:05:42.1734130Z   munkres                        1.1.4                pyh9f0ad1d_0             conda-forge
2025-01-13T20:05:42.1734580Z   mypy_extensions                1.0.0                pyha770c72_0             conda-forge
2025-01-13T20:05:42.1735080Z   nbclassic                      1.1.0                pyhd8ed1ab_0             conda-forge
2025-01-13T20:05:42.1735510Z   nbclient                       0.10.0               pyhd8ed1ab_0             conda-forge
2025-01-13T20:05:42.1735940Z   nbconvert                      7.16.4               hd8ed1ab_1               conda-forge
2025-01-13T20:05:42.1736260Z   nbconvert-core                 7.16.4               pyhd8ed1ab_1             conda-forge
2025-01-13T20:05:42.1736760Z   nbconvert-pandoc               7.16.4               hd8ed1ab_1               conda-forge
2025-01-13T20:05:42.1737100Z   nbformat                       5.10.4               pyhd8ed1ab_0             conda-forge
2025-01-13T20:05:42.1737390Z   nbsphinx                       0.9.4                pyhd8ed1ab_0             conda-forge
2025-01-13T20:05:42.1737680Z   ncurses                        6.5                  hb89a1cb_0               conda-forge
2025-01-13T20:05:42.1738010Z   nest-asyncio                   1.6.0                pyhd8ed1ab_0             conda-forge
2025-01-13T20:05:42.1738340Z   networkx                       3.3                  pyhd8ed1ab_1             conda-forge
2025-01-13T20:05:42.1741860Z   notebook                       7.2.1                pyhd8ed1ab_0             conda-forge
2025-01-13T20:05:42.1742480Z   notebook-shim                  0.2.4                pyhd8ed1ab_0             conda-forge
2025-01-13T20:05:42.1746790Z   numba                          0.59.1               py312hbaff935_0          conda-forge
2025-01-13T20:05:42.1747070Z   numexpr                        2.10.0               py312h8ae5369_0          conda-forge
2025-01-13T20:05:42.1747350Z   numpy                          1.26.4               py312h8442bc7_0          conda-forge
2025-01-13T20:05:42.1747640Z   numpydoc                       1.7.0                pyhd8ed1ab_1             conda-forge
2025-01-13T20:05:42.1747930Z   openjpeg                       2.5.2                h9f1df11_0               conda-forge
2025-01-13T20:05:42.1748210Z   openssl                        3.3.1                hfb2fe0b_0               conda-forge
2025-01-13T20:05:42.1748780Z   overrides                      7.7.0                pyhd8ed1ab_0             conda-forge
2025-01-13T20:05:42.1749140Z   packaging                      24.1                 pyhd8ed1ab_0             conda-forge
2025-01-13T20:05:42.1749490Z   pandas                         2.2.2                py312h8ae5369_1          conda-forge
2025-01-13T20:05:42.1749770Z   pandoc                         3.2                  hce30654_0               conda-forge
2025-01-13T20:05:42.1750110Z   pandocfilters                  1.5.0                pyhd8ed1ab_0             conda-forge
2025-01-13T20:05:42.1750410Z   pango                          1.54.0               h5cb9fbc_0               conda-forge
2025-01-13T20:05:42.1750690Z   parso                          0.8.4                pyhd8ed1ab_0             conda-forge
2025-01-13T20:05:42.1750990Z   pathspec                       0.12.1               pyhd8ed1ab_0             conda-forge
2025-01-13T20:05:42.1751480Z   pbr                            6.0.0                pyhd8ed1ab_0             conda-forge
2025-01-13T20:05:42.1751760Z   pcre2                          10.44                h297a79d_0               conda-forge
2025-01-13T20:05:42.1752050Z   pexpect                        4.9.0                pyhd8ed1ab_0             conda-forge
2025-01-13T20:05:42.1752340Z   pickleshare                    0.7.5                py_1003                  conda-forge
2025-01-13T20:05:42.1752630Z   pillow                         10.3.0               py312h39b1d8d_1          conda-forge
2025-01-13T20:05:42.1752910Z   pip                            24.0                 pyhd8ed1ab_0             conda-forge
2025-01-13T20:05:42.1753170Z   pixman                         0.43.4               hebf3989_0               conda-forge
2025-01-13T20:05:42.1753790Z   pkgutil-resolve-name           1.3.10               pyhd8ed1ab_1             conda-forge
2025-01-13T20:05:42.1754120Z   platformdirs                   4.2.2                pyhd8ed1ab_0             conda-forge
2025-01-13T20:05:42.1754420Z   plotly                         5.22.0               pyhd8ed1ab_0             conda-forge
2025-01-13T20:05:42.1754710Z   pluggy                         1.5.0                pyhd8ed1ab_0             conda-forge
2025-01-13T20:05:42.1755010Z   prometheus_client              0.20.0               pyhd8ed1ab_0             conda-forge
2025-01-13T20:05:42.1755340Z   prompt-toolkit                 3.0.47               pyha770c72_0             conda-forge
2025-01-13T20:05:42.1755660Z   psutil                         5.9.8                py312he37b823_0          conda-forge
2025-01-13T20:05:42.1755960Z   pthread-stubs                  0.4                  h27ca646_1001            conda-forge
2025-01-13T20:05:42.1756260Z   ptyprocess                     0.7.0                pyhd3deb0d_0             conda-forge
2025-01-13T20:05:42.1756560Z   pure_eval                      0.2.2                pyhd8ed1ab_0             conda-forge
2025-01-13T20:05:42.1756850Z   py-cpuinfo                     9.0.0                pyhd8ed1ab_0             conda-forge
2025-01-13T20:05:42.1757140Z   pybtex                         0.24.0               pyhd8ed1ab_2             conda-forge
2025-01-13T20:05:42.1757450Z   pybtex-docutils                1.0.3                py312h81bd7bf_1          conda-forge
2025-01-13T20:05:42.1757760Z   pycparser                      2.22                 pyhd8ed1ab_0             conda-forge
2025-01-13T20:05:42.1758050Z   pyerfa                         2.0.1.4              py312hbebd99a_1          conda-forge
2025-01-13T20:05:42.1758340Z   pygments                       2.18.0               pyhd8ed1ab_0             conda-forge
2025-01-13T20:05:42.1758630Z   pygraphviz                     1.13                 py312h5f4d302_1          conda-forge
2025-01-13T20:05:42.1759010Z   pyobjc-core                    10.3.1               py312hbb55c70_0          conda-forge
2025-01-13T20:05:42.1759510Z   pyobjc-framework-cocoa         10.3.1               py312hbb55c70_0          conda-forge
2025-01-13T20:05:42.1760760Z   pyparsing                      3.1.2                pyhd8ed1ab_0             conda-forge
2025-01-13T20:05:42.1761480Z   pysocks                        1.7.1                pyha2e5f31_6             conda-forge
2025-01-13T20:05:42.1761980Z   pytables                       3.9.2                py312hb622ae1_2          conda-forge
2025-01-13T20:05:42.1762330Z   pytest                         8.2.2                pyhd8ed1ab_0             conda-forge
2025-01-13T20:05:42.1763190Z   pytest-cov                     5.0.0                pyhd8ed1ab_0             conda-forge
2025-01-13T20:05:42.1763520Z   pytest-doctestplus             1.2.1                pyhd8ed1ab_0             conda-forge
2025-01-13T20:05:42.1763840Z   pytest-html                    4.1.1                pyhd8ed1ab_0             conda-forge
2025-01-13T20:05:42.1764180Z   pytest-metadata                3.1.1                pyhd8ed1ab_0             conda-forge
2025-01-13T20:05:42.1767120Z   python                         3.12.4               h30c5eda_0_cpython       conda-forge
2025-01-13T20:05:42.1767760Z   python-dateutil                2.9.0                pyhd8ed1ab_0             conda-forge
2025-01-13T20:05:42.1768160Z   python-fastjsonschema          2.20.0               pyhd8ed1ab_0             conda-forge
2025-01-13T20:05:42.1768520Z   python-json-logger             2.0.7                pyhd8ed1ab_0             conda-forge
2025-01-13T20:05:42.1768860Z   python-tzdata                  2024.1               pyhd8ed1ab_0             conda-forge
2025-01-13T20:05:42.1769190Z   python_abi                     3.12                 4_cp312                  conda-forge
2025-01-13T20:05:42.1769530Z   pytz                           2024.1               pyhd8ed1ab_0             conda-forge
2025-01-13T20:05:42.1770030Z   pyyaml                         6.0.1                py312h02f2b3b_1          conda-forge
2025-01-13T20:05:42.1770330Z   pyzmq                          26.0.3               py312hfa13136_0          conda-forge
2025-01-13T20:05:42.1770640Z   qgrid                          1.3.1                pyhd8ed1ab_4             conda-forge
2025-01-13T20:05:42.1770980Z   radioactivedecay               0.5.1                pyhd8ed1ab_0             conda-forge
2025-01-13T20:05:42.1771300Z   readline                       8.2                  h92ec313_1               conda-forge
2025-01-13T20:05:42.1771630Z   recommonmark                   0.7.1                pyhd8ed1ab_0             conda-forge
2025-01-13T20:05:42.1771970Z   referencing                    0.35.1               pyhd8ed1ab_0             conda-forge
2025-01-13T20:05:42.1772310Z   requests                       2.32.3               pyhd8ed1ab_0             conda-forge
2025-01-13T20:05:42.1772670Z   rfc3339-validator              0.1.4                pyhd8ed1ab_0             conda-forge
2025-01-13T20:05:42.1773030Z   rfc3986-validator              0.1.1                pyh9f0ad1d_0             conda-forge
2025-01-13T20:05:42.1773350Z   rpds-py                        0.18.1               py312h552d48e_0          conda-forge
2025-01-13T20:05:42.1773650Z   ruff                           0.4.9                py312h3402d49_0          conda-forge
2025-01-13T20:05:42.1773920Z   scipy                          1.13.1               py312h14ffa8f_0          conda-forge
2025-01-13T20:05:42.1774230Z   send2trash                     1.8.3                pyh31c8845_0             conda-forge
2025-01-13T20:05:42.1774550Z   setuptools                     70.0.0               pyhd8ed1ab_0             conda-forge
2025-01-13T20:05:42.1774910Z   setuptools-scm                 8.1.0                pyhd8ed1ab_0             conda-forge
2025-01-13T20:05:42.1775280Z   setuptools_scm                 8.1.0                hd8ed1ab_0               conda-forge
2025-01-13T20:05:42.1775610Z   six                            1.16.0               pyh6c4a22f_0             conda-forge
2025-01-13T20:05:42.1775890Z   snakeviz                       2.2.0                pyhd8ed1ab_0             conda-forge
2025-01-13T20:05:42.1776200Z   snappy                         1.2.0                hd04f947_1               conda-forge
2025-01-13T20:05:42.1776490Z   sniffio                        1.3.1                pyhd8ed1ab_0             conda-forge
2025-01-13T20:05:42.1776800Z   snowballstemmer                2.2.0                pyhd8ed1ab_0             conda-forge
2025-01-13T20:05:42.1777100Z   soupsieve                      2.5                  pyhd8ed1ab_1             conda-forge
2025-01-13T20:05:42.1777380Z   sphinx                         7.3.7                pyhd8ed1ab_0             conda-forge
2025-01-13T20:05:42.1777680Z   sphinx-astropy                 1.9.1                pyhd8ed1ab_0             conda-forge
2025-01-13T20:05:42.1778010Z   sphinx-automodapi              0.17.0               pyh717bed2_1             conda-forge
2025-01-13T20:05:42.1778340Z   sphinx-gallery                 0.16.0               pyhd8ed1ab_0             conda-forge
2025-01-13T20:05:42.1778670Z   sphinx-jsonschema              1.19.1               pyhd8ed1ab_0             conda-forge
2025-01-13T20:05:42.1779150Z   sphinx_bootstrap_theme         0.8.1                pyhd8ed1ab_0             conda-forge
2025-01-13T20:05:42.1779490Z   sphinx_rtd_theme               2.0.0                pyha770c72_0             conda-forge
2025-01-13T20:05:42.1779820Z   sphinxcontrib-apidoc           0.3.0                py_1                     conda-forge
2025-01-13T20:05:42.1780180Z   sphinxcontrib-applehelp        1.0.8                pyhd8ed1ab_0             conda-forge
2025-01-13T20:05:42.1780540Z   sphinxcontrib-bibtex           2.6.2                pyhd8ed1ab_0             conda-forge
2025-01-13T20:05:42.1780890Z   sphinxcontrib-devhelp          1.0.6                pyhd8ed1ab_0             conda-forge
2025-01-13T20:05:42.1781250Z   sphinxcontrib-htmlhelp         2.0.5                pyhd8ed1ab_0             conda-forge
2025-01-13T20:05:42.1781720Z   sphinxcontrib-jquery           4.1                  pyhd8ed1ab_0             conda-forge
2025-01-13T20:05:42.1782090Z   sphinxcontrib-jsmath           1.0.1                pyhd8ed1ab_0             conda-forge
2025-01-13T20:05:42.1782450Z   sphinxcontrib-qthelp           1.0.7                pyhd8ed1ab_0             conda-forge
2025-01-13T20:05:42.1782830Z   sphinxcontrib-serializinghtml  1.1.10               pyhd8ed1ab_0             conda-forge
2025-01-13T20:05:42.1783180Z   stack_data                     0.6.2                pyhd8ed1ab_0             conda-forge
2025-01-13T20:05:42.1783470Z   sympy                          1.12.1               pypyh2585a3b_103         conda-forge
2025-01-13T20:05:42.1783750Z   tabulate                       0.9.0                pyhd8ed1ab_1             conda-forge
2025-01-13T20:05:42.1784040Z   tenacity                       8.4.1                pyhd8ed1ab_0             conda-forge
2025-01-13T20:05:42.1784340Z   terminado                      0.18.1               pyh31c8845_0             conda-forge
2025-01-13T20:05:42.1784630Z   tinycss2                       1.3.0                pyhd8ed1ab_0             conda-forge
2025-01-13T20:05:42.1784900Z   tk                             8.6.13               h5083fa2_1               conda-forge
2025-01-13T20:05:42.1785160Z   toml                           0.10.2               pyhd8ed1ab_0             conda-forge
2025-01-13T20:05:42.1785440Z   tomli                          2.0.1                pyhd8ed1ab_0             conda-forge
2025-01-13T20:05:42.1785710Z   tornado                        6.4.1                py312h7e5086c_0          conda-forge
2025-01-13T20:05:42.1785990Z   tqdm                           4.66.4               pyhd8ed1ab_0             conda-forge
2025-01-13T20:05:42.1786270Z   traitlets                      5.14.3               pyhd8ed1ab_0             conda-forge
2025-01-13T20:05:42.1786560Z   typed-ast                      1.5.5                py312h02f2b3b_1          conda-forge
2025-01-13T20:05:42.1786900Z   types-python-dateutil          2.9.0.20240316       pyhd8ed1ab_0             conda-forge
2025-01-13T20:05:42.1787270Z   typing-extensions              4.12.2               hd8ed1ab_0               conda-forge
2025-01-13T20:05:42.1787600Z   typing_extensions              4.12.2               pyha770c72_0             conda-forge
2025-01-13T20:05:42.1787910Z   typing_utils                   0.1.0                pyhd8ed1ab_0             conda-forge
2025-01-13T20:05:42.1788210Z   tzdata                         2024a                h0c530f3_0               conda-forge
2025-01-13T20:05:42.1788510Z   uri-template                   1.3.0                pyhd8ed1ab_0             conda-forge
2025-01-13T20:05:42.1788800Z   urllib3                        2.2.2                pyhd8ed1ab_0             conda-forge
2025-01-13T20:05:42.1789090Z   wcwidth                        0.2.13               pyhd8ed1ab_0             conda-forge
2025-01-13T20:05:42.1789380Z   webcolors                      24.6.0               pyhd8ed1ab_0             conda-forge
2025-01-13T20:05:42.1789680Z   webencodings                   0.5.1                pyhd8ed1ab_2             conda-forge
2025-01-13T20:05:42.1790130Z   websocket-client               1.8.0                pyhd8ed1ab_0             conda-forge
2025-01-13T20:05:42.1790450Z   wheel                          0.43.0               pyhd8ed1ab_1             conda-forge
2025-01-13T20:05:42.1790830Z   widgetsnbextension             3.6.6                pyhd8ed1ab_0             conda-forge
2025-01-13T20:05:42.1791150Z   xorg-libxau                    1.0.11               hb547adb_0               conda-forge
2025-01-13T20:05:42.1791460Z   xorg-libxdmcp                  1.1.3                h27ca646_0               conda-forge
2025-01-13T20:05:42.1791730Z   xz                             5.2.6                h57fd34a_0               conda-forge
2025-01-13T20:05:42.1791990Z   yaml                           0.2.5                h3422bc3_2               conda-forge
2025-01-13T20:05:42.1792380Z   zeromq                         4.3.5                hcc0f68c_4               conda-forge
2025-01-13T20:05:42.1792650Z   zipp                           3.19.2               pyhd8ed1ab_0             conda-forge
2025-01-13T20:05:42.1792920Z   zlib                           1.3.1                hfb2fe0b_1               conda-forge
2025-01-13T20:05:42.1793190Z   zlib-ng                        2.0.7                h1a8c8d9_0               conda-forge
2025-01-13T20:05:42.1793450Z   zstd                           1.5.6                hb46c0d2_0               conda-forge
2025-01-13T20:05:42.1793930Z ##[endgroup]
2025-01-13T20:05:42.1913540Z ##[group]Run pip install -e . --user
2025-01-13T20:05:42.1914190Z [36;1mpip install -e . --user[0m
2025-01-13T20:05:42.3347270Z shell: /bin/bash -l {0}
2025-01-13T20:05:42.3347480Z env:
2025-01-13T20:05:42.3347610Z   CACHE_NUMBER: 0
2025-01-13T20:05:42.3348100Z   PYTEST_FLAGS: --tardis-regression-data=/Users/runner/work/tardis/tardis/tardis-regression-data --cov=tardis --cov-report=xml --cov-report=html --cov-append
2025-01-13T20:05:42.3348760Z   CODECOV_TOKEN: 
2025-01-13T20:05:42.3348930Z   MAMBA_ROOT_PREFIX: /Users/runner/micromamba
2025-01-13T20:05:42.3349180Z   MAMBA_EXE: /Users/runner/micromamba-bin/micromamba
2025-01-13T20:05:42.3349460Z   CONDARC: /Users/runner/work/_temp/setup-micromamba/.condarc
2025-01-13T20:05:42.3349700Z ##[endgroup]
2025-01-13T20:05:43.6875190Z Obtaining file:///Users/runner/work/tardis/tardis
2025-01-13T20:05:43.6904970Z   Installing build dependencies: started
2025-01-13T20:05:46.4745530Z   Installing build dependencies: finished with status 'done'
2025-01-13T20:05:46.4751670Z   Checking if build backend supports build_editable: started
2025-01-13T20:05:46.5889040Z   Checking if build backend supports build_editable: finished with status 'done'
2025-01-13T20:05:46.5899360Z   Getting requirements to build editable: started
2025-01-13T20:05:47.0645010Z   Getting requirements to build editable: finished with status 'done'
2025-01-13T20:05:47.0657390Z   Preparing editable metadata (pyproject.toml): started
2025-01-13T20:05:47.5183330Z   Preparing editable metadata (pyproject.toml): finished with status 'done'
2025-01-13T20:05:47.5607650Z Requirement already satisfied: astropy in /Users/runner/micromamba/envs/tardis/lib/python3.12/site-packages (from tardis==0.0.0) (6.1.1)
2025-01-13T20:05:47.5878630Z Requirement already satisfied: numpy>=1.23 in /Users/runner/micromamba/envs/tardis/lib/python3.12/site-packages (from astropy->tardis==0.0.0) (1.26.4)
2025-01-13T20:05:47.5885140Z Requirement already satisfied: pyerfa>=2.0.1.1 in /Users/runner/micromamba/envs/tardis/lib/python3.12/site-packages (from astropy->tardis==0.0.0) (2.0.1.4)
2025-01-13T20:05:47.5891930Z Requirement already satisfied: astropy-iers-data>=0.2024.5.27.0.30.8 in /Users/runner/micromamba/envs/tardis/lib/python3.12/site-packages (from astropy->tardis==0.0.0) (0.2024.6.17.0.31.35)
2025-01-13T20:05:47.5896880Z Requirement already satisfied: PyYAML>=3.13 in /Users/runner/micromamba/envs/tardis/lib/python3.12/site-packages (from astropy->tardis==0.0.0) (6.0.1)
2025-01-13T20:05:47.5902700Z Requirement already satisfied: packaging>=19.0 in /Users/runner/micromamba/envs/tardis/lib/python3.12/site-packages (from astropy->tardis==0.0.0) (24.1)
2025-01-13T20:05:47.5961390Z Building wheels for collected packages: tardis
2025-01-13T20:05:47.5968660Z   Building editable for tardis (pyproject.toml): started
2025-01-13T20:05:48.3049550Z   Building editable for tardis (pyproject.toml): finished with status 'done'
2025-01-13T20:05:48.3056840Z   Created wheel for tardis: filename=tardis-0.0.0-0.editable-py3-none-any.whl size=8876 sha256=cfa68a7782cd1225894a6a61128a90f4bd191f5a981fa7129a454747a7f17a07
2025-01-13T20:05:48.3059160Z   Stored in directory: /private/var/folders/ml/x_tvfgn50_s7p67dm1ypcqqm0000gn/T/pip-ephem-wheel-cache-u_nb8qxc/wheels/bb/4f/6a/0829b918c1c10bc28535ce7f14be21eee54375bdd9cd0c306a
2025-01-13T20:05:48.3081910Z Successfully built tardis
2025-01-13T20:05:48.8965460Z Installing collected packages: tardis
2025-01-13T20:05:48.9042620Z Successfully installed tardis-0.0.0
2025-01-13T20:05:49.2122120Z ##[group]Run pip install qgridnext
2025-01-13T20:05:49.2122430Z [36;1mpip install qgridnext[0m
2025-01-13T20:05:49.2180960Z shell: /bin/bash -l {0}
2025-01-13T20:05:49.2181140Z env:
2025-01-13T20:05:49.2181290Z   CACHE_NUMBER: 0
2025-01-13T20:05:49.2181790Z   PYTEST_FLAGS: --tardis-regression-data=/Users/runner/work/tardis/tardis/tardis-regression-data --cov=tardis --cov-report=xml --cov-report=html --cov-append
2025-01-13T20:05:49.2182330Z   CODECOV_TOKEN: 
2025-01-13T20:05:49.2182510Z   MAMBA_ROOT_PREFIX: /Users/runner/micromamba
2025-01-13T20:05:49.2182820Z   MAMBA_EXE: /Users/runner/micromamba-bin/micromamba
2025-01-13T20:05:49.2183120Z   CONDARC: /Users/runner/work/_temp/setup-micromamba/.condarc
2025-01-13T20:05:49.2183480Z ##[endgroup]
2025-01-13T20:05:49.9355890Z Collecting qgridnext
2025-01-13T20:05:49.9727810Z   Downloading qgridnext-2.0.4-py3-none-any.whl.metadata (9.9 kB)
2025-01-13T20:05:49.9907540Z Requirement already satisfied: pandas>=0.20.0 in /Users/runner/micromamba/envs/tardis/lib/python3.12/site-packages (from qgridnext) (2.2.2)
2025-01-13T20:05:49.9913150Z Requirement already satisfied: ipywidgets>=7.0.0 in /Users/runner/micromamba/envs/tardis/lib/python3.12/site-packages (from qgridnext) (7.8.0)
2025-01-13T20:05:49.9919160Z Requirement already satisfied: numpy in /Users/runner/micromamba/envs/tardis/lib/python3.12/site-packages (from qgridnext) (1.26.4)
2025-01-13T20:05:49.9925510Z Requirement already satisfied: traitlets in /Users/runner/micromamba/envs/tardis/lib/python3.12/site-packages (from qgridnext) (5.14.3)
2025-01-13T20:05:49.9980280Z Requirement already satisfied: comm>=0.1.3 in /Users/runner/micromamba/envs/tardis/lib/python3.12/site-packages (from ipywidgets>=7.0.0->qgridnext) (0.2.2)
2025-01-13T20:05:49.9987290Z Requirement already satisfied: ipython-genutils~=0.2.0 in /Users/runner/micromamba/envs/tardis/lib/python3.12/site-packages (from ipywidgets>=7.0.0->qgridnext) (0.2.0)
2025-01-13T20:05:49.9997150Z Requirement already satisfied: widgetsnbextension~=3.6.5 in /Users/runner/micromamba/envs/tardis/lib/python3.12/site-packages (from ipywidgets>=7.0.0->qgridnext) (3.6.6)
2025-01-13T20:05:50.0004140Z Requirement already satisfied: ipython>=4.0.0 in /Users/runner/micromamba/envs/tardis/lib/python3.12/site-packages (from ipywidgets>=7.0.0->qgridnext) (8.25.0)
2025-01-13T20:05:50.0013510Z Requirement already satisfied: jupyterlab-widgets<3,>=1.0.0 in /Users/runner/micromamba/envs/tardis/lib/python3.12/site-packages (from ipywidgets>=7.0.0->qgridnext) (1.1.7)
2025-01-13T20:05:50.0343040Z Requirement already satisfied: python-dateutil>=2.8.2 in /Users/runner/micromamba/envs/tardis/lib/python3.12/site-packages (from pandas>=0.20.0->qgridnext) (2.9.0)
2025-01-13T20:05:50.0364410Z Requirement already satisfied: pytz>=2020.1 in /Users/runner/micromamba/envs/tardis/lib/python3.12/site-packages (from pandas>=0.20.0->qgridnext) (2024.1)
2025-01-13T20:05:50.0371300Z Requirement already satisfied: tzdata>=2022.7 in /Users/runner/micromamba/envs/tardis/lib/python3.12/site-packages (from pandas>=0.20.0->qgridnext) (2024.1)
2025-01-13T20:05:50.0630650Z Requirement already satisfied: decorator in /Users/runner/micromamba/envs/tardis/lib/python3.12/site-packages (from ipython>=4.0.0->ipywidgets>=7.0.0->qgridnext) (5.1.1)
2025-01-13T20:05:50.0650360Z Requirement already satisfied: jedi>=0.16 in /Users/runner/micromamba/envs/tardis/lib/python3.12/site-packages (from ipython>=4.0.0->ipywidgets>=7.0.0->qgridnext) (0.19.1)
2025-01-13T20:05:50.0654530Z Requirement already satisfied: matplotlib-inline in /Users/runner/micromamba/envs/tardis/lib/python3.12/site-packages (from ipython>=4.0.0->ipywidgets>=7.0.0->qgridnext) (0.1.7)
2025-01-13T20:05:50.0659540Z Requirement already satisfied: prompt-toolkit<3.1.0,>=3.0.41 in /Users/runner/micromamba/envs/tardis/lib/python3.12/site-packages (from ipython>=4.0.0->ipywidgets>=7.0.0->qgridnext) (3.0.47)
2025-01-13T20:05:50.0666620Z Requirement already satisfied: pygments>=2.4.0 in /Users/runner/micromamba/envs/tardis/lib/python3.12/site-packages (from ipython>=4.0.0->ipywidgets>=7.0.0->qgridnext) (2.18.0)
2025-01-13T20:05:50.0671560Z Requirement already satisfied: stack-data in /Users/runner/micromamba/envs/tardis/lib/python3.12/site-packages (from ipython>=4.0.0->ipywidgets>=7.0.0->qgridnext) (0.6.2)
2025-01-13T20:05:50.0684420Z Requirement already satisfied: pexpect>4.3 in /Users/runner/micromamba/envs/tardis/lib/python3.12/site-packages (from ipython>=4.0.0->ipywidgets>=7.0.0->qgridnext) (4.9.0)
2025-01-13T20:05:50.0717350Z Requirement already satisfied: six>=1.5 in /Users/runner/micromamba/envs/tardis/lib/python3.12/site-packages (from python-dateutil>=2.8.2->pandas>=0.20.0->qgridnext) (1.16.0)
2025-01-13T20:05:50.0753170Z Requirement already satisfied: notebook>=4.4.1 in /Users/runner/micromamba/envs/tardis/lib/python3.12/site-packages (from widgetsnbextension~=3.6.5->ipywidgets>=7.0.0->qgridnext) (7.2.1)
2025-01-13T20:05:50.0976190Z Requirement already satisfied: parso<0.9.0,>=0.8.3 in /Users/runner/micromamba/envs/tardis/lib/python3.12/site-packages (from jedi>=0.16->ipython>=4.0.0->ipywidgets>=7.0.0->qgridnext) (0.8.4)
2025-01-13T20:05:50.1178590Z Requirement already satisfied: jupyter-server<3,>=2.4.0 in /Users/runner/micromamba/envs/tardis/lib/python3.12/site-packages (from notebook>=4.4.1->widgetsnbextension~=3.6.5->ipywidgets>=7.0.0->qgridnext) (2.14.1)
2025-01-13T20:05:50.1279130Z Requirement already satisfied: jupyterlab-server<3,>=2.27.1 in /Users/runner/micromamba/envs/tardis/lib/python3.12/site-packages (from notebook>=4.4.1->widgetsnbextension~=3.6.5->ipywidgets>=7.0.0->qgridnext) (2.27.2)
2025-01-13T20:05:50.1381400Z Requirement already satisfied: jupyterlab<4.3,>=4.2.0 in /Users/runner/micromamba/envs/tardis/lib/python3.12/site-packages (from notebook>=4.4.1->widgetsnbextension~=3.6.5->ipywidgets>=7.0.0->qgridnext) (4.2.2)
2025-01-13T20:05:50.1483210Z Requirement already satisfied: notebook-shim<0.3,>=0.2 in /Users/runner/micromamba/envs/tardis/lib/python3.12/site-packages (from notebook>=4.4.1->widgetsnbextension~=3.6.5->ipywidgets>=7.0.0->qgridnext) (0.2.4)
2025-01-13T20:05:50.1585070Z Requirement already satisfied: tornado>=6.2.0 in /Users/runner/micromamba/envs/tardis/lib/python3.12/site-packages (from notebook>=4.4.1->widgetsnbextension~=3.6.5->ipywidgets>=7.0.0->qgridnext) (6.4.1)
2025-01-13T20:05:50.1686440Z Requirement already satisfied: ptyprocess>=0.5 in /Users/runner/micromamba/envs/tardis/lib/python3.12/site-packages (from pexpect>4.3->ipython>=4.0.0->ipywidgets>=7.0.0->qgridnext) (0.7.0)
2025-01-13T20:05:50.1788320Z Requirement already satisfied: wcwidth in /Users/runner/micromamba/envs/tardis/lib/python3.12/site-packages (from prompt-toolkit<3.1.0,>=3.0.41->ipython>=4.0.0->ipywidgets>=7.0.0->qgridnext) (0.2.13)
2025-01-13T20:05:50.1888820Z Requirement already satisfied: executing>=1.2.0 in /Users/runner/micromamba/envs/tardis/lib/python3.12/site-packages (from stack-data->ipython>=4.0.0->ipywidgets>=7.0.0->qgridnext) (2.0.1)
2025-01-13T20:05:50.1990440Z Requirement already satisfied: asttokens>=2.1.0 in /Users/runner/micromamba/envs/tardis/lib/python3.12/site-packages (from stack-data->ipython>=4.0.0->ipywidgets>=7.0.0->qgridnext) (2.4.1)
2025-01-13T20:05:50.2093400Z Requirement already satisfied: pure-eval in /Users/runner/micromamba/envs/tardis/lib/python3.12/site-packages (from stack-data->ipython>=4.0.0->ipywidgets>=7.0.0->qgridnext) (0.2.2)
2025-01-13T20:05:50.2192860Z Requirement already satisfied: anyio>=3.1.0 in /Users/runner/micromamba/envs/tardis/lib/python3.12/site-packages (from jupyter-server<3,>=2.4.0->notebook>=4.4.1->widgetsnbextension~=3.6.5->ipywidgets>=7.0.0->qgridnext) (4.4.0)
2025-01-13T20:05:50.2293650Z Requirement already satisfied: argon2-cffi>=21.1 in /Users/runner/micromamba/envs/tardis/lib/python3.12/site-packages (from jupyter-server<3,>=2.4.0->notebook>=4.4.1->widgetsnbextension~=3.6.5->ipywidgets>=7.0.0->qgridnext) (23.1.0)
2025-01-13T20:05:50.2396290Z Requirement already satisfied: jinja2>=3.0.3 in /Users/runner/micromamba/envs/tardis/lib/python3.12/site-packages (from jupyter-server<3,>=2.4.0->notebook>=4.4.1->widgetsnbextension~=3.6.5->ipywidgets>=7.0.0->qgridnext) (3.1.4)
2025-01-13T20:05:50.2498510Z Requirement already satisfied: jupyter-client>=7.4.4 in /Users/runner/micromamba/envs/tardis/lib/python3.12/site-packages (from jupyter-server<3,>=2.4.0->notebook>=4.4.1->widgetsnbextension~=3.6.5->ipywidgets>=7.0.0->qgridnext) (8.6.2)
2025-01-13T20:05:50.2600710Z Requirement already satisfied: jupyter-core!=5.0.*,>=4.12 in /Users/runner/micromamba/envs/tardis/lib/python3.12/site-packages (from jupyter-server<3,>=2.4.0->notebook>=4.4.1->widgetsnbextension~=3.6.5->ipywidgets>=7.0.0->qgridnext) (5.7.2)
2025-01-13T20:05:50.2702880Z Requirement already satisfied: jupyter-events>=0.9.0 in /Users/runner/micromamba/envs/tardis/lib/python3.12/site-packages (from jupyter-server<3,>=2.4.0->notebook>=4.4.1->widgetsnbextension~=3.6.5->ipywidgets>=7.0.0->qgridnext) (0.10.0)
2025-01-13T20:05:50.2804500Z Requirement already satisfied: jupyter-server-terminals>=0.4.4 in /Users/runner/micromamba/envs/tardis/lib/python3.12/site-packages (from jupyter-server<3,>=2.4.0->notebook>=4.4.1->widgetsnbextension~=3.6.5->ipywidgets>=7.0.0->qgridnext) (0.5.3)
2025-01-13T20:05:50.2906220Z Requirement already satisfied: nbconvert>=6.4.4 in /Users/runner/micromamba/envs/tardis/lib/python3.12/site-packages (from jupyter-server<3,>=2.4.0->notebook>=4.4.1->widgetsnbextension~=3.6.5->ipywidgets>=7.0.0->qgridnext) (7.16.4)
2025-01-13T20:05:50.3006410Z Requirement already satisfied: nbformat>=5.3.0 in /Users/runner/micromamba/envs/tardis/lib/python3.12/site-packages (from jupyter-server<3,>=2.4.0->notebook>=4.4.1->widgetsnbextension~=3.6.5->ipywidgets>=7.0.0->qgridnext) (5.10.4)
2025-01-13T20:05:50.3109060Z Requirement already satisfied: overrides>=5.0 in /Users/runner/micromamba/envs/tardis/lib/python3.12/site-packages (from jupyter-server<3,>=2.4.0->notebook>=4.4.1->widgetsnbextension~=3.6.5->ipywidgets>=7.0.0->qgridnext) (7.7.0)
2025-01-13T20:05:50.3209230Z Requirement already satisfied: packaging>=22.0 in /Users/runner/micromamba/envs/tardis/lib/python3.12/site-packages (from jupyter-server<3,>=2.4.0->notebook>=4.4.1->widgetsnbextension~=3.6.5->ipywidgets>=7.0.0->qgridnext) (24.1)
2025-01-13T20:05:50.3312570Z Requirement already satisfied: prometheus-client>=0.9 in /Users/runner/micromamba/envs/tardis/lib/python3.12/site-packages (from jupyter-server<3,>=2.4.0->notebook>=4.4.1->widgetsnbextension~=3.6.5->ipywidgets>=7.0.0->qgridnext) (0.20.0)
2025-01-13T20:05:50.3414830Z Requirement already satisfied: pyzmq>=24 in /Users/runner/micromamba/envs/tardis/lib/python3.12/site-packages (from jupyter-server<3,>=2.4.0->notebook>=4.4.1->widgetsnbextension~=3.6.5->ipywidgets>=7.0.0->qgridnext) (26.0.3)
2025-01-13T20:05:50.3517220Z Requirement already satisfied: send2trash>=1.8.2 in /Users/runner/micromamba/envs/tardis/lib/python3.12/site-packages (from jupyter-server<3,>=2.4.0->notebook>=4.4.1->widgetsnbextension~=3.6.5->ipywidgets>=7.0.0->qgridnext) (1.8.3)
2025-01-13T20:05:50.3619230Z Requirement already satisfied: terminado>=0.8.3 in /Users/runner/micromamba/envs/tardis/lib/python3.12/site-packages (from jupyter-server<3,>=2.4.0->notebook>=4.4.1->widgetsnbextension~=3.6.5->ipywidgets>=7.0.0->qgridnext) (0.18.1)
2025-01-13T20:05:50.3720130Z Requirement already satisfied: websocket-client>=1.7 in /Users/runner/micromamba/envs/tardis/lib/python3.12/site-packages (from jupyter-server<3,>=2.4.0->notebook>=4.4.1->widgetsnbextension~=3.6.5->ipywidgets>=7.0.0->qgridnext) (1.8.0)
2025-01-13T20:05:50.3821290Z Requirement already satisfied: async-lru>=1.0.0 in /Users/runner/micromamba/envs/tardis/lib/python3.12/site-packages (from jupyterlab<4.3,>=4.2.0->notebook>=4.4.1->widgetsnbextension~=3.6.5->ipywidgets>=7.0.0->qgridnext) (2.0.4)
2025-01-13T20:05:50.3922580Z Requirement already satisfied: httpx>=0.25.0 in /Users/runner/micromamba/envs/tardis/lib/python3.12/site-packages (from jupyterlab<4.3,>=4.2.0->notebook>=4.4.1->widgetsnbextension~=3.6.5->ipywidgets>=7.0.0->qgridnext) (0.27.0)
2025-01-13T20:05:50.4025330Z Requirement already satisfied: ipykernel>=6.5.0 in /Users/runner/micromamba/envs/tardis/lib/python3.12/site-packages (from jupyterlab<4.3,>=4.2.0->notebook>=4.4.1->widgetsnbextension~=3.6.5->ipywidgets>=7.0.0->qgridnext) (6.29.4)
2025-01-13T20:05:50.4127390Z Requirement already satisfied: jupyter-lsp>=2.0.0 in /Users/runner/micromamba/envs/tardis/lib/python3.12/site-packages (from jupyterlab<4.3,>=4.2.0->notebook>=4.4.1->widgetsnbextension~=3.6.5->ipywidgets>=7.0.0->qgridnext) (2.2.5)
2025-01-13T20:05:50.4229510Z Requirement already satisfied: setuptools>=40.1.0 in /Users/runner/micromamba/envs/tardis/lib/python3.12/site-packages (from jupyterlab<4.3,>=4.2.0->notebook>=4.4.1->widgetsnbextension~=3.6.5->ipywidgets>=7.0.0->qgridnext) (70.0.0)
2025-01-13T20:05:50.4330940Z Requirement already satisfied: babel>=2.10 in /Users/runner/micromamba/envs/tardis/lib/python3.12/site-packages (from jupyterlab-server<3,>=2.27.1->notebook>=4.4.1->widgetsnbextension~=3.6.5->ipywidgets>=7.0.0->qgridnext) (2.14.0)
2025-01-13T20:05:50.4433630Z Requirement already satisfied: json5>=0.9.0 in /Users/runner/micromamba/envs/tardis/lib/python3.12/site-packages (from jupyterlab-server<3,>=2.27.1->notebook>=4.4.1->widgetsnbextension~=3.6.5->ipywidgets>=7.0.0->qgridnext) (0.9.25)
2025-01-13T20:05:50.4533420Z Requirement already satisfied: jsonschema>=4.18.0 in /Users/runner/micromamba/envs/tardis/lib/python3.12/site-packages (from jupyterlab-server<3,>=2.27.1->notebook>=4.4.1->widgetsnbextension~=3.6.5->ipywidgets>=7.0.0->qgridnext) (4.22.0)
2025-01-13T20:05:50.4635400Z Requirement already satisfied: requests>=2.31 in /Users/runner/micromamba/envs/tardis/lib/python3.12/site-packages (from jupyterlab-server<3,>=2.27.1->notebook>=4.4.1->widgetsnbextension~=3.6.5->ipywidgets>=7.0.0->qgridnext) (2.32.3)
2025-01-13T20:05:50.4739100Z Requirement already satisfied: idna>=2.8 in /Users/runner/micromamba/envs/tardis/lib/python3.12/site-packages (from anyio>=3.1.0->jupyter-server<3,>=2.4.0->notebook>=4.4.1->widgetsnbextension~=3.6.5->ipywidgets>=7.0.0->qgridnext) (3.7)
2025-01-13T20:05:50.4839120Z Requirement already satisfied: sniffio>=1.1 in /Users/runner/micromamba/envs/tardis/lib/python3.12/site-packages (from anyio>=3.1.0->jupyter-server<3,>=2.4.0->notebook>=4.4.1->widgetsnbextension~=3.6.5->ipywidgets>=7.0.0->qgridnext) (1.3.1)
2025-01-13T20:05:50.4942890Z Requirement already satisfied: argon2-cffi-bindings in /Users/runner/micromamba/envs/tardis/lib/python3.12/site-packages (from argon2-cffi>=21.1->jupyter-server<3,>=2.4.0->notebook>=4.4.1->widgetsnbextension~=3.6.5->ipywidgets>=7.0.0->qgridnext) (21.2.0)
2025-01-13T20:05:50.5043590Z Requirement already satisfied: certifi in /Users/runner/micromamba/envs/tardis/lib/python3.12/site-packages (from httpx>=0.25.0->jupyterlab<4.3,>=4.2.0->notebook>=4.4.1->widgetsnbextension~=3.6.5->ipywidgets>=7.0.0->qgridnext) (2024.6.2)
2025-01-13T20:05:50.5144210Z Requirement already satisfied: httpcore==1.* in /Users/runner/micromamba/envs/tardis/lib/python3.12/site-packages (from httpx>=0.25.0->jupyterlab<4.3,>=4.2.0->notebook>=4.4.1->widgetsnbextension~=3.6.5->ipywidgets>=7.0.0->qgridnext) (1.0.5)
2025-01-13T20:05:50.5245670Z Requirement already satisfied: h11<0.15,>=0.13 in /Users/runner/micromamba/envs/tardis/lib/python3.12/site-packages (from httpcore==1.*->httpx>=0.25.0->jupyterlab<4.3,>=4.2.0->notebook>=4.4.1->widgetsnbextension~=3.6.5->ipywidgets>=7.0.0->qgridnext) (0.14.0)
2025-01-13T20:05:50.5346410Z Requirement already satisfied: appnope in /Users/runner/micromamba/envs/tardis/lib/python3.12/site-packages (from ipykernel>=6.5.0->jupyterlab<4.3,>=4.2.0->notebook>=4.4.1->widgetsnbextension~=3.6.5->ipywidgets>=7.0.0->qgridnext) (0.1.4)
2025-01-13T20:05:50.5446740Z Requirement already satisfied: debugpy>=1.6.5 in /Users/runner/micromamba/envs/tardis/lib/python3.12/site-packages (from ipykernel>=6.5.0->jupyterlab<4.3,>=4.2.0->notebook>=4.4.1->widgetsnbextension~=3.6.5->ipywidgets>=7.0.0->qgridnext) (1.8.1)
2025-01-13T20:05:50.5548840Z Requirement already satisfied: nest-asyncio in /Users/runner/micromamba/envs/tardis/lib/python3.12/site-packages (from ipykernel>=6.5.0->jupyterlab<4.3,>=4.2.0->notebook>=4.4.1->widgetsnbextension~=3.6.5->ipywidgets>=7.0.0->qgridnext) (1.6.0)
2025-01-13T20:05:50.5649380Z Requirement already satisfied: psutil in /Users/runner/micromamba/envs/tardis/lib/python3.12/site-packages (from ipykernel>=6.5.0->jupyterlab<4.3,>=4.2.0->notebook>=4.4.1->widgetsnbextension~=3.6.5->ipywidgets>=7.0.0->qgridnext) (5.9.8)
2025-01-13T20:05:50.5743010Z Requirement already satisfied: MarkupSafe>=2.0 in /Users/runner/micromamba/envs/tardis/lib/python3.12/site-packages (from jinja2>=3.0.3->jupyter-server<3,>=2.4.0->notebook>=4.4.1->widgetsnbextension~=3.6.5->ipywidgets>=7.0.0->qgridnext) (2.1.5)
2025-01-13T20:05:50.5845520Z Requirement already satisfied: attrs>=22.2.0 in /Users/runner/micromamba/envs/tardis/lib/python3.12/site-packages (from jsonschema>=4.18.0->jupyterlab-server<3,>=2.27.1->notebook>=4.4.1->widgetsnbextension~=3.6.5->ipywidgets>=7.0.0->qgridnext) (23.2.0)
2025-01-13T20:05:50.5916060Z Requirement already satisfied: jsonschema-specifications>=2023.03.6 in /Users/runner/micromamba/envs/tardis/lib/python3.12/site-packages (from jsonschema>=4.18.0->jupyterlab-server<3,>=2.27.1->notebook>=4.4.1->widgetsnbextension~=3.6.5->ipywidgets>=7.0.0->qgridnext) (2023.12.1)
2025-01-13T20:05:50.5974640Z Requirement already satisfied: referencing>=0.28.4 in /Users/runner/micromamba/envs/tardis/lib/python3.12/site-packages (from jsonschema>=4.18.0->jupyterlab-server<3,>=2.27.1->notebook>=4.4.1->widgetsnbextension~=3.6.5->ipywidgets>=7.0.0->qgridnext) (0.35.1)
2025-01-13T20:05:50.6077030Z Requirement already satisfied: rpds-py>=0.7.1 in /Users/runner/micromamba/envs/tardis/lib/python3.12/site-packages (from jsonschema>=4.18.0->jupyterlab-server<3,>=2.27.1->notebook>=4.4.1->widgetsnbextension~=3.6.5->ipywidgets>=7.0.0->qgridnext) (0.18.1)
2025-01-13T20:05:50.6115200Z Requirement already satisfied: platformdirs>=2.5 in /Users/runner/micromamba/envs/tardis/lib/python3.12/site-packages (from jupyter-core!=5.0.*,>=4.12->jupyter-server<3,>=2.4.0->notebook>=4.4.1->widgetsnbextension~=3.6.5->ipywidgets>=7.0.0->qgridnext) (4.2.2)
2025-01-13T20:05:50.6214250Z Requirement already satisfied: python-json-logger>=2.0.4 in /Users/runner/micromamba/envs/tardis/lib/python3.12/site-packages (from jupyter-events>=0.9.0->jupyter-server<3,>=2.4.0->notebook>=4.4.1->widgetsnbextension~=3.6.5->ipywidgets>=7.0.0->qgridnext) (2.0.7)
2025-01-13T20:05:50.6313300Z Requirement already satisfied: pyyaml>=5.3 in /Users/runner/micromamba/envs/tardis/lib/python3.12/site-packages (from jupyter-events>=0.9.0->jupyter-server<3,>=2.4.0->notebook>=4.4.1->widgetsnbextension~=3.6.5->ipywidgets>=7.0.0->qgridnext) (6.0.1)
2025-01-13T20:05:50.6376320Z Requirement already satisfied: rfc3339-validator in /Users/runner/micromamba/envs/tardis/lib/python3.12/site-packages (from jupyter-events>=0.9.0->jupyter-server<3,>=2.4.0->notebook>=4.4.1->widgetsnbextension~=3.6.5->ipywidgets>=7.0.0->qgridnext) (0.1.4)
2025-01-13T20:05:50.6447540Z Requirement already satisfied: rfc3986-validator>=0.1.1 in /Users/runner/micromamba/envs/tardis/lib/python3.12/site-packages (from jupyter-events>=0.9.0->jupyter-server<3,>=2.4.0->notebook>=4.4.1->widgetsnbextension~=3.6.5->ipywidgets>=7.0.0->qgridnext) (0.1.1)
2025-01-13T20:05:50.6549750Z Requirement already satisfied: beautifulsoup4 in /Users/runner/micromamba/envs/tardis/lib/python3.12/site-packages (from nbconvert>=6.4.4->jupyter-server<3,>=2.4.0->notebook>=4.4.1->widgetsnbextension~=3.6.5->ipywidgets>=7.0.0->qgridnext) (4.12.3)
2025-01-13T20:05:50.6598280Z Requirement already satisfied: bleach!=5.0.0 in /Users/runner/micromamba/envs/tardis/lib/python3.12/site-packages (from nbconvert>=6.4.4->jupyter-server<3,>=2.4.0->notebook>=4.4.1->widgetsnbextension~=3.6.5->ipywidgets>=7.0.0->qgridnext) (6.1.0)
2025-01-13T20:05:50.6606680Z Requirement already satisfied: defusedxml in /Users/runner/micromamba/envs/tardis/lib/python3.12/site-packages (from nbconvert>=6.4.4->jupyter-server<3,>=2.4.0->notebook>=4.4.1->widgetsnbextension~=3.6.5->ipywidgets>=7.0.0->qgridnext) (0.7.1)
2025-01-13T20:05:50.6609030Z Requirement already satisfied: jupyterlab-pygments in /Users/runner/micromamba/envs/tardis/lib/python3.12/site-packages (from nbconvert>=6.4.4->jupyter-server<3,>=2.4.0->notebook>=4.4.1->widgetsnbextension~=3.6.5->ipywidgets>=7.0.0->qgridnext) (0.3.0)
2025-01-13T20:05:50.6610460Z Requirement already satisfied: mistune<4,>=2.0.3 in /Users/runner/micromamba/envs/tardis/lib/python3.12/site-packages (from nbconvert>=6.4.4->jupyter-server<3,>=2.4.0->notebook>=4.4.1->widgetsnbextension~=3.6.5->ipywidgets>=7.0.0->qgridnext) (3.0.2)
2025-01-13T20:05:50.6611840Z Requirement already satisfied: nbclient>=0.5.0 in /Users/runner/micromamba/envs/tardis/lib/python3.12/site-packages (from nbconvert>=6.4.4->jupyter-server<3,>=2.4.0->notebook>=4.4.1->widgetsnbextension~=3.6.5->ipywidgets>=7.0.0->qgridnext) (0.10.0)
2025-01-13T20:05:50.6613160Z Requirement already satisfied: pandocfilters>=1.4.1 in /Users/runner/micromamba/envs/tardis/lib/python3.12/site-packages (from nbconvert>=6.4.4->jupyter-server<3,>=2.4.0->notebook>=4.4.1->widgetsnbextension~=3.6.5->ipywidgets>=7.0.0->qgridnext) (1.5.0)
2025-01-13T20:05:50.6614380Z Requirement already satisfied: tinycss2 in /Users/runner/micromamba/envs/tardis/lib/python3.12/site-packages (from nbconvert>=6.4.4->jupyter-server<3,>=2.4.0->notebook>=4.4.1->widgetsnbextension~=3.6.5->ipywidgets>=7.0.0->qgridnext) (1.3.0)
2025-01-13T20:05:50.6615570Z Requirement already satisfied: fastjsonschema>=2.15 in /Users/runner/micromamba/envs/tardis/lib/python3.12/site-packages (from nbformat>=5.3.0->jupyter-server<3,>=2.4.0->notebook>=4.4.1->widgetsnbextension~=3.6.5->ipywidgets>=7.0.0->qgridnext) (2.20.0)
2025-01-13T20:05:50.6616910Z Requirement already satisfied: charset-normalizer<4,>=2 in /Users/runner/micromamba/envs/tardis/lib/python3.12/site-packages (from requests>=2.31->jupyterlab-server<3,>=2.27.1->notebook>=4.4.1->widgetsnbextension~=3.6.5->ipywidgets>=7.0.0->qgridnext) (3.3.2)
2025-01-13T20:05:50.6618210Z Requirement already satisfied: urllib3<3,>=1.21.1 in /Users/runner/micromamba/envs/tardis/lib/python3.12/site-packages (from requests>=2.31->jupyterlab-server<3,>=2.27.1->notebook>=4.4.1->widgetsnbextension~=3.6.5->ipywidgets>=7.0.0->qgridnext) (2.2.2)
2025-01-13T20:05:50.6619520Z Requirement already satisfied: webencodings in /Users/runner/micromamba/envs/tardis/lib/python3.12/site-packages (from bleach!=5.0.0->nbconvert>=6.4.4->jupyter-server<3,>=2.4.0->notebook>=4.4.1->widgetsnbextension~=3.6.5->ipywidgets>=7.0.0->qgridnext) (0.5.1)
2025-01-13T20:05:50.6620870Z Requirement already satisfied: fqdn in /Users/runner/micromamba/envs/tardis/lib/python3.12/site-packages (from jsonschema[format-nongpl]>=4.18.0->jupyter-events>=0.9.0->jupyter-server<3,>=2.4.0->notebook>=4.4.1->widgetsnbextension~=3.6.5->ipywidgets>=7.0.0->qgridnext) (1.5.1)
2025-01-13T20:05:50.6622290Z Requirement already satisfied: isoduration in /Users/runner/micromamba/envs/tardis/lib/python3.12/site-packages (from jsonschema[format-nongpl]>=4.18.0->jupyter-events>=0.9.0->jupyter-server<3,>=2.4.0->notebook>=4.4.1->widgetsnbextension~=3.6.5->ipywidgets>=7.0.0->qgridnext) (20.11.0)
2025-01-13T20:05:50.6623740Z Requirement already satisfied: jsonpointer>1.13 in /Users/runner/micromamba/envs/tardis/lib/python3.12/site-packages (from jsonschema[format-nongpl]>=4.18.0->jupyter-events>=0.9.0->jupyter-server<3,>=2.4.0->notebook>=4.4.1->widgetsnbextension~=3.6.5->ipywidgets>=7.0.0->qgridnext) (3.0.0)
2025-01-13T20:05:50.6625140Z Requirement already satisfied: uri-template in /Users/runner/micromamba/envs/tardis/lib/python3.12/site-packages (from jsonschema[format-nongpl]>=4.18.0->jupyter-events>=0.9.0->jupyter-server<3,>=2.4.0->notebook>=4.4.1->widgetsnbextension~=3.6.5->ipywidgets>=7.0.0->qgridnext) (1.3.0)
2025-01-13T20:05:50.6626600Z Requirement already satisfied: webcolors>=1.11 in /Users/runner/micromamba/envs/tardis/lib/python3.12/site-packages (from jsonschema[format-nongpl]>=4.18.0->jupyter-events>=0.9.0->jupyter-server<3,>=2.4.0->notebook>=4.4.1->widgetsnbextension~=3.6.5->ipywidgets>=7.0.0->qgridnext) (24.6.0)
2025-01-13T20:05:50.6658310Z Requirement already satisfied: cffi>=1.0.1 in /Users/runner/micromamba/envs/tardis/lib/python3.12/site-packages (from argon2-cffi-bindings->argon2-cffi>=21.1->jupyter-server<3,>=2.4.0->notebook>=4.4.1->widgetsnbextension~=3.6.5->ipywidgets>=7.0.0->qgridnext) (1.16.0)
2025-01-13T20:05:50.6738360Z Requirement already satisfied: soupsieve>1.2 in /Users/runner/micromamba/envs/tardis/lib/python3.12/site-packages (from beautifulsoup4->nbconvert>=6.4.4->jupyter-server<3,>=2.4.0->notebook>=4.4.1->widgetsnbextension~=3.6.5->ipywidgets>=7.0.0->qgridnext) (2.5)
2025-01-13T20:05:50.7141770Z Requirement already satisfied: pycparser in /Users/runner/micromamba/envs/tardis/lib/python3.12/site-packages (from cffi>=1.0.1->argon2-cffi-bindings->argon2-cffi>=21.1->jupyter-server<3,>=2.4.0->notebook>=4.4.1->widgetsnbextension~=3.6.5->ipywidgets>=7.0.0->qgridnext) (2.22)
2025-01-13T20:05:50.7539660Z Requirement already satisfied: arrow>=0.15.0 in /Users/runner/micromamba/envs/tardis/lib/python3.12/site-packages (from isoduration->jsonschema[format-nongpl]>=4.18.0->jupyter-events>=0.9.0->jupyter-server<3,>=2.4.0->notebook>=4.4.1->widgetsnbextension~=3.6.5->ipywidgets>=7.0.0->qgridnext) (1.3.0)
2025-01-13T20:05:50.7776950Z Requirement already satisfied: types-python-dateutil>=2.8.10 in /Users/runner/micromamba/envs/tardis/lib/python3.12/site-packages (from arrow>=0.15.0->isoduration->jsonschema[format-nongpl]>=4.18.0->jupyter-events>=0.9.0->jupyter-server<3,>=2.4.0->notebook>=4.4.1->widgetsnbextension~=3.6.5->ipywidgets>=7.0.0->qgridnext) (2.9.0.20240316)
2025-01-13T20:05:50.8050940Z Downloading qgridnext-2.0.4-py3-none-any.whl (1.3 MB)
2025-01-13T20:05:50.8595070Z    â”â”â”â”â”â”â”â”â”â”â”â”â”â”â”â”â”â”â”â”â”â”â”â”â”â”â”â”â”â”â”â”â”â”â”â”â”â”â”â” 1.3/1.3 MB 24.9 MB/s eta 0:00:00
2025-01-13T20:05:51.4828960Z Installing collected packages: qgridnext
2025-01-13T20:05:51.5459790Z Successfully installed qgridnext-2.0.4
2025-01-13T20:05:51.7951400Z ##[group]Run pytest tardis --tardis-regression-data=/Users/runner/work/tardis/tardis/tardis-regression-data --cov=tardis --cov-report=xml --cov-report=html --cov-append -m "not continuum"
2025-01-13T20:05:51.7952650Z [36;1mpytest tardis --tardis-regression-data=/Users/runner/work/tardis/tardis/tardis-regression-data --cov=tardis --cov-report=xml --cov-report=html --cov-append -m "not continuum"[0m
2025-01-13T20:05:51.8016440Z shell: /bin/bash -l {0}
2025-01-13T20:05:51.8017070Z env:
2025-01-13T20:05:51.8017830Z   CACHE_NUMBER: 0
2025-01-13T20:05:51.8019240Z   PYTEST_FLAGS: --tardis-regression-data=/Users/runner/work/tardis/tardis/tardis-regression-data --cov=tardis --cov-report=xml --cov-report=html --cov-append
2025-01-13T20:05:51.8020780Z   CODECOV_TOKEN: 
2025-01-13T20:05:51.8021420Z   MAMBA_ROOT_PREFIX: /Users/runner/micromamba
2025-01-13T20:05:51.8022230Z   MAMBA_EXE: /Users/runner/micromamba-bin/micromamba
2025-01-13T20:05:51.8023220Z   CONDARC: /Users/runner/work/_temp/setup-micromamba/.condarc
2025-01-13T20:05:51.8023890Z ##[endgroup]
2025-01-13T20:06:05.1965980Z ============================= test session starts ==============================
2025-01-13T20:06:05.1966610Z platform darwin -- Python 3.12.4, pytest-8.2.2, pluggy-1.5.0
2025-01-13T20:06:05.1966960Z rootdir: /Users/runner/work/tardis/tardis
2025-01-13T20:06:05.1967310Z configfile: pyproject.toml
2025-01-13T20:06:05.1967650Z plugins: cov-5.0.0, html-4.1.1, metadata-3.1.1, doctestplus-1.2.1, anyio-4.4.0
2025-01-13T20:06:05.1968100Z collected 1796 items / 2 deselected / 1794 selected
2025-01-13T20:06:05.1968340Z 
2025-01-13T20:06:08.5022920Z tardis/energy_input/tests/test_energy_source.py ..xxx                    [  0%]
2025-01-13T20:06:10.0505580Z tardis/energy_input/tests/test_gamma_ray_channel.py ...........          [  0%]
2025-01-13T20:06:11.1957310Z tardis/energy_input/tests/test_gamma_ray_grid.py xx.                     [  1%]
2025-01-13T20:06:12.4641250Z tardis/energy_input/tests/test_gamma_ray_interactions.py xx....          [  1%]
2025-01-13T20:06:12.4722050Z tardis/energy_input/tests/test_gamma_ray_packet_source.py sssssssss      [  1%]
2025-01-13T20:06:13.4936880Z tardis/energy_input/tests/test_util.py .....xxxx.....                    [  2%]
2025-01-13T20:06:13.7662450Z tardis/grid/tests/test_grid.py .                                         [  2%]
2025-01-13T20:06:13.7671320Z tardis/gui/tests/test_gui.py s                                           [  2%]
2025-01-13T20:06:16.7662610Z tardis/io/configuration/tests/test_config_reader.py ...........          [  3%]
2025-01-13T20:06:16.7734960Z tardis/io/configuration/tests/test_configuration_namespace.py .........  [  3%]
2025-01-13T20:06:16.7992390Z tardis/io/logger/tests/test_logging.py ssssssssssssssssssssssssssss      [  5%]
2025-01-13T20:06:48.7589520Z tardis/io/model/readers/tests/test_arepo_parser.py ..                    [  5%]
2025-01-13T20:06:48.7919980Z tardis/io/model/readers/tests/test_ascii_readers.py ...                  [  5%]
2025-01-13T20:06:48.8122640Z tardis/io/model/readers/tests/test_cmfgen_reader.py ..                   [  5%]
2025-01-13T20:06:48.8398680Z tardis/io/model/readers/tests/test_csvy_reader.py ....                   [  6%]
2025-01-13T20:06:48.8577850Z tardis/io/model/readers/tests/test_stella_reader.py ..                   [  6%]
2025-01-13T20:06:49.1042880Z tardis/io/tests/test_HDFWriter.py ...............                        [  7%]
2025-01-13T20:06:49.6386620Z tardis/io/tests/test_atomic.py .....                                     [  7%]
2025-01-13T20:06:49.6597770Z tardis/io/tests/test_decay.py ..                                         [  7%]
2025-01-13T20:06:49.8535260Z tardis/io/tests/test_model_reader.py ......                              [  7%]
2025-01-13T20:06:49.8636340Z tardis/model/geometry/tests/test_radial1d.py ..                          [  7%]
2025-01-13T20:07:19.6044250Z tardis/model/tests/test_base.py ........................................ [ 10%]
2025-01-13T20:07:20.3429030Z ............                                                             [ 10%]
2025-01-13T20:07:22.8430690Z tardis/model/tests/test_csvy_model.py .........                          [ 11%]
2025-01-13T20:07:22.8775870Z tardis/model/tests/test_density.py ..                                    [ 11%]
2025-01-13T20:07:24.2951030Z tardis/opacities/tests/test_opacity_solver.py .....                      [ 11%]
2025-01-13T20:07:25.3783190Z tardis/opacities/tests/test_opacity_state_numba.py .....                 [ 11%]
2025-01-13T20:07:26.9696770Z tardis/opacities/tests/test_tau_sobolev.py FF                            [ 12%]
2025-01-13T20:07:29.3425000Z tardis/plasma/equilibrium/tests/test_collisional_transitions.py ...      [ 12%]
2025-01-13T20:08:10.3330240Z tardis/plasma/equilibrium/tests/test_level_populations.py ....           [ 12%]
2025-01-13T20:08:21.0801420Z tardis/plasma/equilibrium/tests/test_rate_matrix.py .                    [ 12%]
2025-01-13T20:08:22.2603960Z tardis/plasma/tests/test_complete_plasmas.py .....................s..... [ 13%]
2025-01-13T20:08:24.7587970Z s....ssssss............s............ss.....s....ssssss............s..... [ 18%]
2025-01-13T20:08:26.2348810Z .......ss.....s....ssssss............s............ss.....s....ssssss.... [ 22%]
2025-01-13T20:08:28.6128010Z ........s............ss.....s........ss............s............ss.....s [ 26%]
2025-01-13T20:08:31.2155540Z ........ss............s............ss.....s....ssssss............s...... [ 30%]
2025-01-13T20:08:31.8637940Z ......ss.....s....ssssss............s............ss.....s.ss.ssssss..... [ 34%]
2025-01-13T20:08:34.7283780Z .......s............ss.....s....ssssss............s............ss.....s. [ 38%]
2025-01-13T20:08:37.0255400Z ...ssssss............s............ss.....s....ssssss............s....... [ 42%]
2025-01-13T20:08:39.5513420Z .....ss.....s....ssssss............s............s...........ssssss...... [ 46%]
2025-01-13T20:08:40.9892660Z ......s............s...........ssssss............s............s......... [ 50%]
2025-01-13T20:08:43.7240890Z ..ssssss............s............ss.....s....ssssss............s........ [ 54%]
2025-01-13T20:08:46.2512380Z ....ss.....s....ssssss..........................s.....s....ssss......... [ 58%]
2025-01-13T20:08:46.6056310Z ...................s.....s....ssss.......                                [ 60%]
2025-01-13T20:08:46.9241090Z tardis/plasma/tests/test_hdf_plasma.py ................................. [ 62%]
2025-01-13T20:08:46.9359200Z ......                                                                   [ 62%]
2025-01-13T20:08:47.3078610Z tardis/plasma/tests/test_nlte_excitation.py ...                          [ 62%]
2025-01-13T20:10:36.3054790Z tardis/plasma/tests/test_nlte_solver.py .....X                           [ 63%]
2025-01-13T20:10:36.3111550Z tardis/plasma/tests/test_plasma_continuum.py .                           [ 63%]
2025-01-13T20:10:57.6165830Z tardis/plasma/tests/test_plasma_vboundary.py .............               [ 63%]
2025-01-13T20:11:08.1905040Z tardis/plasma/tests/test_tardis_model_density_config.py ...              [ 64%]
2025-01-13T20:11:08.7203500Z tardis/simulation/tests/test_convergence.py .....                        [ 64%]
2025-01-13T20:11:15.2090500Z tardis/simulation/tests/test_simulation.py .............                 [ 65%]
2025-01-13T20:11:15.2235390Z tardis/spectrum/tests/test_cuda_formal_integral.py sssssssssssssssssssss [ 66%]
2025-01-13T20:11:15.4926230Z ssss...ssssssssssssssssssssss                                            [ 67%]
2025-01-13T20:11:15.4974410Z tardis/spectrum/tests/test_luminosity.py ....                            [ 68%]
2025-01-13T20:11:16.3560330Z tardis/spectrum/tests/test_numba_formal_integral.py .................... [ 69%]
2025-01-13T20:11:16.3671700Z ..........                                                               [ 69%]
2025-01-13T20:11:16.5004760Z tardis/spectrum/tests/test_spectrum.py ................................. [ 71%]
2025-01-13T20:11:16.5242790Z .........                                                                [ 72%]
2025-01-13T20:11:34.8421590Z tardis/spectrum/tests/test_spectrum_solver.py ....                       [ 72%]
2025-01-13T20:12:35.5918870Z tardis/tests/test_tardis_full.py ....                                    [ 72%]
2025-01-13T20:14:09.7969120Z tardis/tests/test_tardis_full_formal_integral.py ................        [ 73%]
2025-01-13T20:14:09.8497880Z tardis/tests/test_util.py .............................................  [ 75%]
2025-01-13T20:14:11.9896960Z tardis/transport/montecarlo/tests/test_base.py x.....................    [ 77%]
2025-01-13T20:14:17.2379110Z tardis/transport/montecarlo/tests/test_interaction.py .......            [ 77%]
2025-01-13T20:14:17.4116410Z tardis/transport/montecarlo/tests/test_macro_atom.py ....                [ 77%]
2025-01-13T20:14:17.4235440Z tardis/transport/montecarlo/tests/test_montecarlo.py sssssssssssssssssss [ 78%]
2025-01-13T20:14:17.4501530Z sssssssssssssssssssssssssssssssssssssssssssss                            [ 81%]
2025-01-13T20:14:25.2876180Z tardis/transport/montecarlo/tests/test_montecarlo_main_loop.py x..       [ 81%]
2025-01-13T20:14:25.2988360Z tardis/transport/montecarlo/tests/test_nonhomologous.py ...              [ 81%]
2025-01-13T20:14:27.8249990Z tardis/transport/montecarlo/tests/test_numba_interface.py .....x.        [ 82%]
2025-01-13T20:14:28.1962140Z tardis/transport/montecarlo/tests/test_opacities.py ...............      [ 82%]
2025-01-13T20:14:28.9389660Z tardis/transport/montecarlo/tests/test_packet.py .................xXXXXX [ 84%]
2025-01-13T20:14:29.0382590Z XX.........                                                              [ 84%]
2025-01-13T20:14:29.0668570Z tardis/transport/montecarlo/tests/test_packet_source.py ........         [ 85%]
2025-01-13T20:14:29.2917890Z tardis/transport/montecarlo/tests/test_rpacket_last_interaction_tracker.py . [ 85%]
2025-01-13T20:14:29.5934530Z .....                                                                    [ 85%]
2025-01-13T20:14:39.3612770Z tardis/transport/montecarlo/tests/test_rpacket_tracker.py ......         [ 85%]
2025-01-13T20:14:39.3838280Z tardis/transport/montecarlo/tests/test_single_packet_loop.py xxx         [ 86%]
2025-01-13T20:14:39.3880450Z tardis/transport/montecarlo/tests/test_tracker_utils.py ..               [ 86%]
2025-01-13T20:14:40.7251040Z tardis/transport/montecarlo/tests/test_vpacket.py ..x.                   [ 86%]
2025-01-13T20:14:40.7428550Z tardis/transport/montecarlo/tests/test_weighted_packet_source.py ....    [ 86%]
2025-01-13T20:14:43.5038000Z tardis/transport/montecarlo/tests/test_weighted_packet_source_integration.py . [ 86%]
2025-01-13T20:14:43.5039580Z                                                                          [ 86%]
2025-01-13T20:14:44.0404510Z tardis/transport/tests/test_doppler_factor.py ..................         [ 87%]
2025-01-13T20:14:45.6637820Z tardis/visualization/tools/tests/test_convergence_plot.py .............. [ 88%]
2025-01-13T20:14:47.3200880Z ......                                                                   [ 88%]
2025-01-13T20:14:50.9227150Z tardis/visualization/tools/tests/test_liv_plot.py ...................... [ 90%]
2025-01-13T20:14:55.2134530Z .............................                                            [ 91%]
2025-01-13T20:14:57.9996090Z tardis/visualization/tools/tests/test_rpacket_plot.py .................. [ 92%]
2025-01-13T20:15:05.1450400Z ....                                                                     [ 92%]
2025-01-13T20:15:09.7689630Z tardis/visualization/tools/tests/test_sdec_plot.py ..................... [ 94%]
2025-01-13T20:15:15.9751540Z ..............................                                           [ 95%]
2025-01-13T20:15:16.3505440Z tardis/visualization/widgets/tests/test_custom_abundance.py ........ss.. [ 96%]
2025-01-13T20:15:16.3948170Z ....                                                                     [ 96%]
2025-01-13T20:15:17.1982220Z tardis/visualization/widgets/tests/test_line_info.py ................... [ 97%]
2025-01-13T20:15:17.7127150Z ..................                                                       [ 98%]
2025-01-13T20:18:27.3774310Z tardis/visualization/widgets/tests/test_shell_info.py .................. [ 99%]
2025-01-13T20:18:34.7903000Z ......                                                                   [100%]
2025-01-13T20:18:34.7904160Z 
2025-01-13T20:18:34.7904640Z =================================== FAILURES ===================================
2025-01-13T20:18:34.7905590Z _____________________ test_calculate_sobolev_line_opacity ______________________
2025-01-13T20:18:34.7905960Z 
2025-01-13T20:18:34.7906340Z nb_simulation_verysimple = <tardis.simulation.base.Simulation object at 0x1413d82f0>
2025-01-13T20:18:34.7907030Z regression_data = <tardis.tests.fixtures.regression_data.RegressionData object at 0x1413e74d0>
2025-01-13T20:18:34.7907560Z 
2025-01-13T20:18:34.7907870Z     def test_calculate_sobolev_line_opacity(
2025-01-13T20:18:34.7908470Z         nb_simulation_verysimple, regression_data
2025-01-13T20:18:34.7908870Z     ):
2025-01-13T20:18:34.7909630Z         legacy_plasma = nb_simulation_verysimple.plasma
2025-01-13T20:18:34.7910080Z     
2025-01-13T20:18:34.7910460Z         actual = calculate_sobolev_line_opacity(
2025-01-13T20:18:34.7911360Z             legacy_plasma.lines,
2025-01-13T20:18:34.7911790Z             legacy_plasma.level_number_density,
2025-01-13T20:18:34.7912160Z             legacy_plasma.time_explosion,
2025-01-13T20:18:34.7912650Z             legacy_plasma.stimulated_emission_factor,
2025-01-13T20:18:34.7913060Z         )
2025-01-13T20:18:34.7913440Z >       expected = regression_data.sync_dataframe(actual)
2025-01-13T20:18:34.7913760Z 
2025-01-13T20:18:34.7914000Z tardis/opacities/tests/test_tau_sobolev.py:21: 
2025-01-13T20:18:34.7914410Z _ _ _ _ _ _ _ _ _ _ _ _ _ _ _ _ _ _ _ _ _ _ _ _ _ _ _ _ _ _ _ _ _ _ _ _ _ _ _ _ 
2025-01-13T20:18:34.7914950Z tardis/tests/fixtures/regression_data.py:88: in sync_dataframe
2025-01-13T20:18:34.7916710Z     return pd.read_hdf(self.fpath, key=key)
2025-01-13T20:18:34.7932300Z _ _ _ _ _ _ _ _ _ _ _ _ _ _ _ _ _ _ _ _ _ _ _ _ _ _ _ _ _ _ _ _ _ _ _ _ _ _ _ _ 
2025-01-13T20:18:34.7932540Z 
2025-01-13T20:18:34.7932850Z path_or_buf = '/Users/runner/work/tardis/tardis/tardis-regression-data/test_tau_sobolev/test_calculate_sobolev_line_opacity.h5'
2025-01-13T20:18:34.7933430Z key = 'data', mode = 'r', errors = 'strict', where = None, start = None
2025-01-13T20:18:34.7933810Z stop = None, columns = None, iterator = False, chunksize = None, kwargs = {}
2025-01-13T20:18:34.7934190Z exists = False
2025-01-13T20:18:34.7934350Z 
2025-01-13T20:18:34.7934400Z     def read_hdf(
2025-01-13T20:18:34.7934650Z         path_or_buf: FilePath | HDFStore,
2025-01-13T20:18:34.7934980Z         key=None,
2025-01-13T20:18:34.7935160Z         mode: str = "r",
2025-01-13T20:18:34.7935470Z         errors: str = "strict",
2025-01-13T20:18:34.7935720Z         where: str | list | None = None,
2025-01-13T20:18:34.7936080Z         start: int | None = None,
2025-01-13T20:18:34.7936320Z         stop: int | None = None,
2025-01-13T20:18:34.7936640Z         columns: list[str] | None = None,
2025-01-13T20:18:34.7936870Z         iterator: bool = False,
2025-01-13T20:18:34.7937140Z         chunksize: int | None = None,
2025-01-13T20:18:34.7937370Z         **kwargs,
2025-01-13T20:18:34.7937750Z     ):
2025-01-13T20:18:34.7937960Z         """
2025-01-13T20:18:34.7938330Z         Read from the store, close it if we opened it.
2025-01-13T20:18:34.7938620Z     
2025-01-13T20:18:34.7938930Z         Retrieve pandas object stored in file, optionally based on where
2025-01-13T20:18:34.7939260Z         criteria.
2025-01-13T20:18:34.7939500Z     
2025-01-13T20:18:34.7954760Z         .. warning::
2025-01-13T20:18:34.7955090Z     
2025-01-13T20:18:34.7955440Z            Pandas uses PyTables for reading and writing HDF5 files, which allows
2025-01-13T20:18:34.7955960Z            serializing object-dtype data with pickle when using the "fixed" format.
2025-01-13T20:18:34.7956410Z            Loading pickled data received from untrusted sources can be unsafe.
2025-01-13T20:18:34.7972610Z     
2025-01-13T20:18:34.7973390Z            See: https://docs.python.org/3/library/pickle.html for more.
2025-01-13T20:18:34.7973740Z     
2025-01-13T20:18:34.7973900Z         Parameters
2025-01-13T20:18:34.7974140Z         ----------
2025-01-13T20:18:34.7974360Z         path_or_buf : str, path object, pandas.HDFStore
2025-01-13T20:18:34.7974760Z             Any valid string path is acceptable. Only supports the local file system,
2025-01-13T20:18:34.7975140Z             remote URLs and file-like objects are not supported.
2025-01-13T20:18:34.7975440Z     
2025-01-13T20:18:34.7975730Z             If you want to pass in a path object, pandas accepts any
2025-01-13T20:18:34.7976030Z             ``os.PathLike``.
2025-01-13T20:18:34.7976270Z     
2025-01-13T20:18:34.7976520Z             Alternatively, pandas accepts an open :class:`pandas.HDFStore` object.
2025-01-13T20:18:34.7976880Z     
2025-01-13T20:18:34.7977030Z         key : object, optional
2025-01-13T20:18:34.7977410Z             The group identifier in the store. Can be omitted if the HDF file
2025-01-13T20:18:34.7977730Z             contains a single pandas object.
2025-01-13T20:18:34.7978070Z         mode : {'r', 'r+', 'a'}, default 'r'
2025-01-13T20:18:34.7978380Z             Mode to use when opening the file. Ignored if path_or_buf is a
2025-01-13T20:18:34.7978750Z             :class:`pandas.HDFStore`. Default is 'r'.
2025-01-13T20:18:34.7979010Z         errors : str, default 'strict'
2025-01-13T20:18:34.7979380Z             Specifies how encoding and decoding errors are to be handled.
2025-01-13T20:18:34.7979810Z             See the errors argument for :func:`open` for a full list
2025-01-13T20:18:34.7980140Z             of options.
2025-01-13T20:18:34.7980350Z         where : list, optional
2025-01-13T20:18:34.7980680Z             A list of Term (or convertible) objects.
2025-01-13T20:18:34.7980940Z         start : int, optional
2025-01-13T20:18:34.7981250Z             Row number to start selection.
2025-01-13T20:18:34.7981790Z         stop  : int, optional
2025-01-13T20:18:34.7982120Z             Row number to stop selection.
2025-01-13T20:18:34.7982370Z         columns : list, optional
2025-01-13T20:18:34.7982640Z             A list of columns names to return.
2025-01-13T20:18:34.7982880Z         iterator : bool, optional
2025-01-13T20:18:34.7983210Z             Return an iterator object.
2025-01-13T20:18:34.7983500Z         chunksize : int, optional
2025-01-13T20:18:34.7983840Z             Number of rows to include in an iteration when using an iterator.
2025-01-13T20:18:34.7984150Z         **kwargs
2025-01-13T20:18:34.7984430Z             Additional keyword arguments passed to HDFStore.
2025-01-13T20:18:34.7984680Z     
2025-01-13T20:18:34.7984880Z         Returns
2025-01-13T20:18:34.7985080Z         -------
2025-01-13T20:18:34.7985300Z         object
2025-01-13T20:18:34.7985540Z             The selected object. Return type depends on the object stored.
2025-01-13T20:18:34.7985900Z     
2025-01-13T20:18:34.7986070Z         See Also
2025-01-13T20:18:34.7986320Z         --------
2025-01-13T20:18:34.7986600Z         DataFrame.to_hdf : Write a HDF file from a DataFrame.
2025-01-13T20:18:34.7986960Z         HDFStore : Low-level access to HDF files.
2025-01-13T20:18:34.7987200Z     
2025-01-13T20:18:34.7987410Z         Examples
2025-01-13T20:18:34.7987600Z         --------
2025-01-13T20:18:34.7987900Z         >>> df = pd.DataFrame([[1, 1.0, 'a']], columns=['x', 'y', 'z'])  # doctest: +SKIP
2025-01-13T20:18:34.7988240Z         >>> df.to_hdf('./store.h5', 'data')  # doctest: +SKIP
2025-01-13T20:18:34.7988650Z         >>> reread = pd.read_hdf('./store.h5')  # doctest: +SKIP
2025-01-13T20:18:34.7988930Z         """
2025-01-13T20:18:34.7989110Z         if mode not in ["r", "r+", "a"]:
2025-01-13T20:18:34.7989390Z             raise ValueError(
2025-01-13T20:18:34.7989650Z                 f"mode {mode} is not allowed while performing a read. "
2025-01-13T20:18:34.7989990Z                 f"Allowed modes are r, r+ and a."
2025-01-13T20:18:34.7990650Z             )
2025-01-13T20:18:34.7990890Z         # grab the scope
2025-01-13T20:18:34.7991080Z         if where is not None:
2025-01-13T20:18:34.7991360Z             where = _ensure_term(where, scope_level=1)
2025-01-13T20:18:34.7991620Z     
2025-01-13T20:18:34.7992940Z         if isinstance(path_or_buf, HDFStore):
2025-01-13T20:18:34.7993420Z             if not path_or_buf.is_open:
2025-01-13T20:18:34.7994120Z                 raise OSError("The HDFStore must be open for reading.")
2025-01-13T20:18:34.7994540Z     
2025-01-13T20:18:34.7996920Z             store = path_or_buf
2025-01-13T20:18:34.7998890Z             auto_close = False
2025-01-13T20:18:34.8002560Z         else:
2025-01-13T20:18:34.8002830Z             path_or_buf = stringify_path(path_or_buf)
2025-01-13T20:18:34.8003300Z             if not isinstance(path_or_buf, str):
2025-01-13T20:18:34.8003750Z                 raise NotImplementedError(
2025-01-13T20:18:34.8004450Z                     "Support for generic buffers has not been implemented."
2025-01-13T20:18:34.8006320Z                 )
2025-01-13T20:18:34.8006670Z             try:
2025-01-13T20:18:34.8009710Z                 exists = os.path.exists(path_or_buf)
2025-01-13T20:18:34.8012240Z     
2025-01-13T20:18:34.8015470Z             # if filepath is too long
2025-01-13T20:18:34.8017330Z             except (TypeError, ValueError):
2025-01-13T20:18:34.8021390Z                 exists = False
2025-01-13T20:18:34.8021650Z     
2025-01-13T20:18:34.8022940Z             if not exists:
2025-01-13T20:18:34.8023590Z >               raise FileNotFoundError(f"File {path_or_buf} does not exist")
2025-01-13T20:18:34.8025400Z E               FileNotFoundError: File /Users/runner/work/tardis/tardis/tardis-regression-data/test_tau_sobolev/test_calculate_sobolev_line_opacity.h5 does not exist
2025-01-13T20:18:34.8026690Z 
2025-01-13T20:18:34.8027030Z ../../../micromamba/envs/tardis/lib/python3.12/site-packages/pandas/io/pytables.py:424: FileNotFoundError
2025-01-13T20:18:34.8031500Z ---------------------------- Captured stdout setup -----------------------------
2025-01-13T20:18:34.8064510Z [[1mtardis.io.model.parse_density_configuration[0m][[1;33mWARNING[0m]  
2025-01-13T20:18:34.8065500Z 	Number of density points larger than number of shells. Assuming inner point irrelevant ([1mparse_density_configuration.py[0m:114)
2025-01-13T20:18:34.8067550Z ---------------------------- Captured stderr setup -----------------------------
2025-01-13T20:18:34.8069330Z 
2025-01-13T20:18:34.8076400Z Iterations:â–ˆâ–ˆâ–ˆâ–ˆâ–ˆâ–ˆâ–ˆâ–ˆâ–ˆâ–ˆâ–ˆâ–ˆâ–ˆâ–ˆâ–ˆâ–ˆâ–ˆâ–ˆâ–ˆâ–ˆâ–ˆâ–ˆâ–ˆâ–ˆâ–ˆâ–ˆâ–ˆâ–ˆâ–ˆâ–ˆâ–ˆâ–ˆâ–ˆâ–ˆâ–ˆâ–ˆâ–ˆâ–ˆâ–ˆâ–ˆâ–ˆâ–ˆâ–ˆâ–ˆâ–ˆâ–ˆâ–ˆâ–ˆâ–ˆâ–ˆâ–ˆâ–ˆâ–ˆâ–ˆâ–ˆâ–ˆâ–ˆâ–ˆâ–ˆâ–ˆâ–ˆâ–ˆâ–ˆâ–ˆ                4/5 [00:10<00:02,  2.35s/it]
2025-01-13T20:18:34.8078290Z 
2025-01-13T20:18:34.8080190Z Packets:                                                                                   4030/? [00:10<00:00, 37709.32it/s][A
2025-01-13T20:18:34.8081180Z ------------------------------ Captured log setup ------------------------------
2025-01-13T20:18:34.8082020Z WARNING  tardis.io.model.parse_density_configuration:parse_density_configuration.py:114 Number of density points larger than number of shells. Assuming inner point irrelevant
2025-01-13T20:18:34.8082790Z _________________________ test_calculate_beta_sobolevs _________________________
2025-01-13T20:18:34.8083140Z 
2025-01-13T20:18:34.8083520Z nb_simulation_verysimple = <tardis.simulation.base.Simulation object at 0x1413d82f0>
2025-01-13T20:18:34.8084110Z regression_data = <tardis.tests.fixtures.regression_data.RegressionData object at 0x141285580>
2025-01-13T20:18:34.8084670Z 
2025-01-13T20:18:34.8085690Z     def test_calculate_beta_sobolevs(nb_simulation_verysimple, regression_data):
2025-01-13T20:18:34.8086160Z         legacy_plasma = nb_simulation_verysimple.plasma
2025-01-13T20:18:34.8086670Z     
2025-01-13T20:18:34.8087150Z         tau_sobolevs = calculate_sobolev_line_opacity(
2025-01-13T20:18:34.8087690Z             legacy_plasma.lines,
2025-01-13T20:18:34.8088300Z             legacy_plasma.level_number_density,
2025-01-13T20:18:34.8088720Z             legacy_plasma.time_explosion,
2025-01-13T20:18:34.8090290Z             legacy_plasma.stimulated_emission_factor,
2025-01-13T20:18:34.8093410Z         )
2025-01-13T20:18:34.8097070Z         actual = calculate_beta_sobolev(tau_sobolevs)
2025-01-13T20:18:34.8099170Z >       expected = regression_data.sync_ndarray(actual)
2025-01-13T20:18:34.8099360Z 
2025-01-13T20:18:34.8101090Z tardis/opacities/tests/test_tau_sobolev.py:35: 
2025-01-13T20:18:34.8102810Z _ _ _ _ _ _ _ _ _ _ _ _ _ _ _ _ _ _ _ _ _ _ _ _ _ _ _ _ _ _ _ _ _ _ _ _ _ _ _ _ 
2025-01-13T20:18:34.8153820Z tardis/tests/fixtures/regression_data.py:111: in sync_ndarray
2025-01-13T20:18:34.8154160Z     return np.load(self.fpath)
2025-01-13T20:18:34.8154370Z _ _ _ _ _ _ _ _ _ _ _ _ _ _ _ _ _ _ _ _ _ _ _ _ _ _ _ _ _ _ _ _ _ _ _ _ _ _ _ _ 
2025-01-13T20:18:34.8154540Z 
2025-01-13T20:18:34.8154850Z file = PosixPath('/Users/runner/work/tardis/tardis/tardis-regression-data/test_tau_sobolev/test_calculate_beta_sobolevs.npy')
2025-01-13T20:18:34.8155410Z mmap_mode = None, allow_pickle = False, fix_imports = True, encoding = 'ASCII'
2025-01-13T20:18:34.8155640Z 
2025-01-13T20:18:34.8155710Z     @set_module('numpy')
2025-01-13T20:18:34.8155950Z     def load(file, mmap_mode=None, allow_pickle=False, fix_imports=True,
2025-01-13T20:18:34.8156270Z              encoding='ASCII', *, max_header_size=format._MAX_HEADER_SIZE):
2025-01-13T20:18:34.8156570Z         """
2025-01-13T20:18:34.8156790Z         Load arrays or pickled objects from ``.npy``, ``.npz`` or pickled files.
2025-01-13T20:18:34.8157150Z     
2025-01-13T20:18:34.8157450Z         .. warning:: Loading files that contain object arrays uses the ``pickle``
2025-01-13T20:18:34.8157910Z                      module, which is not secure against erroneous or maliciously
2025-01-13T20:18:34.8158280Z                      constructed data. Consider passing ``allow_pickle=False`` to
2025-01-13T20:18:34.8158710Z                      load data that is known not to contain object arrays for the
2025-01-13T20:18:34.8159030Z                      safer handling of untrusted sources.
2025-01-13T20:18:34.8159890Z     
2025-01-13T20:18:34.8160010Z         Parameters
2025-01-13T20:18:34.8160250Z         ----------
2025-01-13T20:18:34.8160430Z         file : file-like object, string, or pathlib.Path
2025-01-13T20:18:34.8160750Z             The file to read. File-like objects must support the
2025-01-13T20:18:34.8161100Z             ``seek()`` and ``read()`` methods and must always
2025-01-13T20:18:34.8161430Z             be opened in binary mode.  Pickled files require that the
2025-01-13T20:18:34.8161780Z             file-like object support the ``readline()`` method as well.
2025-01-13T20:18:34.8162170Z         mmap_mode : {None, 'r+', 'r', 'w+', 'c'}, optional
2025-01-13T20:18:34.8162560Z             If not None, then memory-map the file, using the given mode (see
2025-01-13T20:18:34.8162870Z             `numpy.memmap` for a detailed description of the modes).  A
2025-01-13T20:18:34.8163200Z             memory-mapped array is kept on disk. However, it can be accessed
2025-01-13T20:18:34.8163540Z             and sliced like any ndarray.  Memory mapping is especially useful
2025-01-13T20:18:34.8164050Z             for accessing small fragments of large files without reading the
2025-01-13T20:18:34.8164310Z             entire file into memory.
2025-01-13T20:18:34.8164500Z         allow_pickle : bool, optional
2025-01-13T20:18:34.8164770Z             Allow loading pickled object arrays stored in npy files. Reasons for
2025-01-13T20:18:34.8165120Z             disallowing pickles include security, as loading pickled data can
2025-01-13T20:18:34.8165520Z             execute arbitrary code. If pickles are disallowed, loading object
2025-01-13T20:18:34.8165790Z             arrays will fail. Default: False
2025-01-13T20:18:34.8165970Z     
2025-01-13T20:18:34.8166100Z             .. versionchanged:: 1.16.3
2025-01-13T20:18:34.8166330Z                 Made default False in response to CVE-2019-6446.
2025-01-13T20:18:34.8166540Z     
2025-01-13T20:18:34.8166980Z         fix_imports : bool, optional
2025-01-13T20:18:34.8167270Z             Only useful when loading Python 2 generated pickled files on Python 3,
2025-01-13T20:18:34.8167640Z             which includes npy/npz files containing object arrays. If `fix_imports`
2025-01-13T20:18:34.8168070Z             is True, pickle will try to map the old Python 2 names to the new names
2025-01-13T20:18:34.8168390Z             used in Python 3.
2025-01-13T20:18:34.8168630Z         encoding : str, optional
2025-01-13T20:18:34.8169030Z             What encoding to use when reading Python 2 strings. Only useful when
2025-01-13T20:18:34.8169410Z             loading Python 2 generated pickled files in Python 3, which includes
2025-01-13T20:18:34.8169860Z             npy/npz files containing object arrays. Values other than 'latin1',
2025-01-13T20:18:34.8170310Z             'ASCII', and 'bytes' are not allowed, as they can corrupt numerical
2025-01-13T20:18:34.8170630Z             data. Default: 'ASCII'
2025-01-13T20:18:34.8170870Z         max_header_size : int, optional
2025-01-13T20:18:34.8171290Z             Maximum allowed size of the header.  Large headers may not be safe
2025-01-13T20:18:34.8171690Z             to load securely and thus require explicitly passing a larger value.
2025-01-13T20:18:34.8172090Z             See :py:func:`ast.literal_eval()` for details.
2025-01-13T20:18:34.8172560Z             This option is ignored when `allow_pickle` is passed.  In that case
2025-01-13T20:18:34.8172930Z             the file is by definition trusted and the limit is unnecessary.
2025-01-13T20:18:34.8173240Z     
2025-01-13T20:18:34.8173420Z         Returns
2025-01-13T20:18:34.8173550Z         -------
2025-01-13T20:18:34.8173800Z         result : array, tuple, dict, etc.
2025-01-13T20:18:34.8174070Z             Data stored in the file. For ``.npz`` files, the returned instance
2025-01-13T20:18:34.8174390Z             of NpzFile class must be closed to avoid leaking file descriptors.
2025-01-13T20:18:34.8174640Z     
2025-01-13T20:18:34.8175030Z         Raises
2025-01-13T20:18:34.8175220Z         ------
2025-01-13T20:18:34.8175420Z         OSError
2025-01-13T20:18:34.8175600Z             If the input file does not exist or cannot be read.
2025-01-13T20:18:34.8175820Z         UnpicklingError
2025-01-13T20:18:34.8176060Z             If ``allow_pickle=True``, but the file cannot be loaded as a pickle.
2025-01-13T20:18:34.8176300Z         ValueError
2025-01-13T20:18:34.8176590Z             The file contains an object array, but ``allow_pickle=False`` given.
2025-01-13T20:18:34.8176850Z         EOFError
2025-01-13T20:18:34.8177140Z             When calling ``np.load`` multiple times on the same file handle,
2025-01-13T20:18:34.8177400Z             if all data has already been read
2025-01-13T20:18:34.8177590Z     
2025-01-13T20:18:34.8177700Z         See Also
2025-01-13T20:18:34.8177880Z         --------
2025-01-13T20:18:34.8178050Z         save, savez, savez_compressed, loadtxt
2025-01-13T20:18:34.8178330Z         memmap : Create a memory-map to an array stored in a file on disk.
2025-01-13T20:18:34.8178680Z         lib.format.open_memmap : Create or load a memory-mapped ``.npy`` file.
2025-01-13T20:18:34.8178940Z     
2025-01-13T20:18:34.8179050Z         Notes
2025-01-13T20:18:34.8179170Z         -----
2025-01-13T20:18:34.8179370Z         - If the file contains pickle data, then whatever object is stored
2025-01-13T20:18:34.8179620Z           in the pickle is returned.
2025-01-13T20:18:34.8179860Z         - If the file is a ``.npy`` file, then a single array is returned.
2025-01-13T20:18:34.8180170Z         - If the file is a ``.npz`` file, then a dictionary-like object is
2025-01-13T20:18:34.8180500Z           returned, containing ``{filename: array}`` key-value pairs, one for
2025-01-13T20:18:34.8180760Z           each file in the archive.
2025-01-13T20:18:34.8181010Z         - If the file is a ``.npz`` file, the returned value supports the
2025-01-13T20:18:34.8181350Z           context manager protocol in a similar fashion to the open function::
2025-01-13T20:18:34.8181940Z     
2025-01-13T20:18:34.8182090Z             with load('foo.npz') as data:
2025-01-13T20:18:34.8182280Z                 a = data['a']
2025-01-13T20:18:34.8182440Z     
2025-01-13T20:18:34.8182690Z           The underlying file descriptor is closed when exiting the 'with'
2025-01-13T20:18:34.8182940Z           block.
2025-01-13T20:18:34.8183070Z     
2025-01-13T20:18:34.8183210Z         Examples
2025-01-13T20:18:34.8183340Z         --------
2025-01-13T20:18:34.8183490Z         Store data to disk, and load it again:
2025-01-13T20:18:34.8183680Z     
2025-01-13T20:18:34.8183840Z         >>> np.save('/tmp/123', np.array([[1, 2, 3], [4, 5, 6]]))
2025-01-13T20:18:34.8184060Z         >>> np.load('/tmp/123.npy')
2025-01-13T20:18:34.8184240Z         array([[1, 2, 3],
2025-01-13T20:18:34.8198930Z                [4, 5, 6]])
2025-01-13T20:18:34.8199190Z     
2025-01-13T20:18:34.8199350Z         Store compressed data to disk, and load it again:
2025-01-13T20:18:34.8199570Z     
2025-01-13T20:18:34.8199740Z         >>> a=np.array([[1, 2, 3], [4, 5, 6]])
2025-01-13T20:18:34.8199940Z         >>> b=np.array([1, 2])
2025-01-13T20:18:34.8200120Z         >>> np.savez('/tmp/123.npz', a=a, b=b)
2025-01-13T20:18:34.8200320Z         >>> data = np.load('/tmp/123.npz')
2025-01-13T20:18:34.8200500Z         >>> data['a']
2025-01-13T20:18:34.8200640Z         array([[1, 2, 3],
2025-01-13T20:18:34.8200790Z                [4, 5, 6]])
2025-01-13T20:18:34.8200940Z         >>> data['b']
2025-01-13T20:18:34.8201080Z         array([1, 2])
2025-01-13T20:18:34.8201220Z         >>> data.close()
2025-01-13T20:18:34.8201360Z     
2025-01-13T20:18:34.8201540Z         Mem-map the stored array, and then access the second row
2025-01-13T20:18:34.8201770Z         directly from disk:
2025-01-13T20:18:34.8201910Z     
2025-01-13T20:18:34.8202050Z         >>> X = np.load('/tmp/123.npy', mmap_mode='r')
2025-01-13T20:18:34.8202250Z         >>> X[1, :]
2025-01-13T20:18:34.8202390Z         memmap([4, 5, 6])
2025-01-13T20:18:34.8203030Z     
2025-01-13T20:18:34.8203160Z         """
2025-01-13T20:18:34.8203320Z         if encoding not in ('ASCII', 'latin1', 'bytes'):
2025-01-13T20:18:34.8203600Z             # The 'encoding' value for pickle also affects what encoding
2025-01-13T20:18:34.8203890Z             # the serialized binary data of NumPy arrays is loaded
2025-01-13T20:18:34.8204180Z             # in. Pickle does not pass on the encoding information to
2025-01-13T20:18:34.8204470Z             # NumPy. The unpickling code in numpy.core.multiarray is
2025-01-13T20:18:34.8204770Z             # written to assume that unicode data appearing where binary
2025-01-13T20:18:34.8205080Z             # should be is in 'latin1'. 'bytes' is also safe, as is 'ASCII'.
2025-01-13T20:18:34.8205310Z             #
2025-01-13T20:18:34.8205490Z             # Other encoding values can corrupt binary data, and we
2025-01-13T20:18:34.8205800Z             # purposefully disallow them. For the same reason, the errors=
2025-01-13T20:18:34.8206110Z             # argument is not exposed, as values other than 'strict'
2025-01-13T20:18:34.8206450Z             # result can similarly silently corrupt numerical data.
2025-01-13T20:18:34.8206770Z             raise ValueError("encoding must be 'ASCII', 'latin1', or 'bytes'")
2025-01-13T20:18:34.8207030Z     
2025-01-13T20:18:34.8207230Z         pickle_kwargs = dict(encoding=encoding, fix_imports=fix_imports)
2025-01-13T20:18:34.8207470Z     
2025-01-13T20:18:34.8207610Z         with contextlib.ExitStack() as stack:
2025-01-13T20:18:34.8207820Z             if hasattr(file, 'read'):
2025-01-13T20:18:34.8208000Z                 fid = file
2025-01-13T20:18:34.8208160Z                 own_fid = False
2025-01-13T20:18:34.8208320Z             else:
2025-01-13T20:18:34.8208520Z >               fid = stack.enter_context(open(os_fspath(file), "rb"))
2025-01-13T20:18:34.8209140Z E               FileNotFoundError: [Errno 2] No such file or directory: '/Users/runner/work/tardis/tardis/tardis-regression-data/test_tau_sobolev/test_calculate_beta_sobolevs.npy'
2025-01-13T20:18:34.8210180Z 
2025-01-13T20:18:34.8210450Z ../../../micromamba/envs/tardis/lib/python3.12/site-packages/numpy/lib/npyio.py:427: FileNotFoundError
2025-01-13T20:18:34.8210850Z =============================== warnings summary ===============================
2025-01-13T20:18:34.8211110Z tardis/io/configuration/config_validator.py:6
2025-01-13T20:18:34.8211360Z tardis/io/configuration/config_validator.py:6
2025-01-13T20:18:34.8211760Z   /Users/runner/work/tardis/tardis/tardis/io/configuration/config_validator.py:6: DeprecationWarning:
2025-01-13T20:18:34.8212340Z   
2025-01-13T20:18:34.8213350Z   jsonschema.RefResolver is deprecated as of v4.18.0, in favor of the https://github.com/python-jsonschema/referencing library, which provides more compliant referencing behavior as well as more flexible APIs for customization. A future release will remove RefResolver. Please file a feature request (on referencing) if you are missing an API for the kind of customization you need.
2025-01-13T20:18:34.8214560Z 
2025-01-13T20:18:34.8214750Z ../../../micromamba/envs/tardis/lib/python3.12/site-packages/jupyter_client/connect.py:22
2025-01-13T20:18:34.8215350Z   /Users/runner/micromamba/envs/tardis/lib/python3.12/site-packages/jupyter_client/connect.py:22: DeprecationWarning:
2025-01-13T20:18:34.8215780Z   
2025-01-13T20:18:34.8215960Z   Jupyter is migrating its paths to use standard platformdirs
2025-01-13T20:18:34.8216270Z   given by the platformdirs library.  To remove this warning and
2025-01-13T20:18:34.8216590Z   see the appropriate new directories, set the environment variable
2025-01-13T20:18:34.8216920Z   `JUPYTER_PLATFORM_DIRS=1` and then run `jupyter --paths`.
2025-01-13T20:18:34.8217230Z   The use of platformdirs will be the default in `jupyter_core` v6
2025-01-13T20:18:34.8217430Z 
2025-01-13T20:18:34.8217590Z tardis/io/tests/test_HDFWriter.py::test_multi_index_write
2025-01-13T20:18:34.8217970Z tardis/visualization/widgets/tests/test_shell_info.py::TestHDFShellInfo::test_shells_data
2025-01-13T20:18:34.8219140Z   /Users/runner/work/tardis/tardis/tardis/io/util.py:276: PerformanceWarning:
2025-01-13T20:18:34.8219430Z   
2025-01-13T20:18:34.8219550Z   
2025-01-13T20:18:34.8219770Z   your performance may suffer as PyTables will pickle object types that it cannot
2025-01-13T20:18:34.8220200Z   map directly to c-types [inferred_type->mixed,key->block0_values] [items->Index([0], dtype='int64')]
2025-01-13T20:18:34.8220480Z 
2025-01-13T20:18:34.8220640Z tardis/io/tests/test_model_reader.py::test_read_cmfgen_isotope_abundances
2025-01-13T20:18:34.8221030Z tardis/plasma/tests/test_tardis_model_density_config.py::test_electron_densities
2025-01-13T20:18:34.8221460Z tardis/plasma/tests/test_tardis_model_density_config.py::test_isotope_number_densities
2025-01-13T20:18:34.8221850Z tardis/plasma/tests/test_tardis_model_density_config.py::test_t_rad
2025-01-13T20:18:34.8222310Z   /Users/runner/work/tardis/tardis/tardis/io/model/readers/cmfgen_deprecated.py:82: DeprecationWarning:
2025-01-13T20:18:34.8222680Z   
2025-01-13T20:18:34.8222830Z   The current CMFGEN model parser is deprecated
2025-01-13T20:18:34.8222980Z 
2025-01-13T20:18:34.8223070Z tardis/io/tests/test_model_reader.py: 1 warning
2025-01-13T20:18:34.8223360Z tardis/plasma/tests/test_tardis_model_density_config.py: 9 warnings
2025-01-13T20:18:34.8223810Z   /Users/runner/work/tardis/tardis/tardis/io/model/readers/cmfgen_deprecated.py:40: DeprecationWarning:
2025-01-13T20:18:34.8224170Z   
2025-01-13T20:18:34.8224310Z   The current CMFGEN model parser is deprecated
2025-01-13T20:18:34.8224470Z 
2025-01-13T20:18:34.8224630Z tardis/model/tests/test_base.py::TestModelFromPaper1Config::test_abundances
2025-01-13T20:18:34.8225160Z   /Users/runner/work/tardis/tardis/tardis/transport/montecarlo/montecarlo_main_loop.py:123: NumbaTypeSafetyWarning:
2025-01-13T20:18:34.8225560Z   
2025-01-13T20:18:34.8226160Z   [1m[1m[1munsafe cast from uint64 to int64. Precision may be lost.[0m[0m[0m
2025-01-13T20:18:34.8226380Z 
2025-01-13T20:18:34.8226760Z tardis/model/tests/test_base.py: 6 warnings
2025-01-13T20:18:34.8227000Z tardis/model/tests/test_csvy_model.py: 2 warnings
2025-01-13T20:18:34.8227300Z tardis/plasma/tests/test_tardis_model_density_config.py: 3 warnings
2025-01-13T20:18:34.8227730Z   /Users/runner/work/tardis/tardis/tardis/model/geometry/radial1d.py:50: DeprecationWarning:
2025-01-13T20:18:34.8228060Z   
2025-01-13T20:18:34.8228200Z   v_inner_boundary < 0, assuming default value
2025-01-13T20:18:34.8228340Z 
2025-01-13T20:18:34.8228420Z tardis/model/tests/test_base.py: 6 warnings
2025-01-13T20:18:34.8228650Z tardis/model/tests/test_csvy_model.py: 2 warnings
2025-01-13T20:18:34.8228940Z tardis/plasma/tests/test_tardis_model_density_config.py: 3 warnings
2025-01-13T20:18:34.8229360Z   /Users/runner/work/tardis/tardis/tardis/model/geometry/radial1d.py:61: DeprecationWarning:
2025-01-13T20:18:34.8229690Z   
2025-01-13T20:18:34.8229830Z   v_outer_boundary < 0, assuming default value
2025-01-13T20:18:34.8229970Z 
2025-01-13T20:18:34.8230350Z tardis/plasma/equilibrium/tests/test_level_populations.py::TestLevelPopulationSolver::test_solve[collisional_rate_solver0-radiative_transitions0]
2025-01-13T20:18:34.8231030Z   /Users/runner/work/tardis/tardis/tardis/plasma/equilibrium/level_populations.py:65: FutureWarning:
2025-01-13T20:18:34.8231390Z   
2025-01-13T20:18:34.8231670Z   A value is trying to be set on a copy of a DataFrame or Series through chained assignment using an inplace method.
2025-01-13T20:18:34.8232310Z   The behavior will change in pandas 3.0. This inplace method will never work because the intermediate object on which we are setting values always behaves as a copy.
2025-01-13T20:18:34.8232770Z   
2025-01-13T20:18:34.8233250Z   For example, when doing 'df[col].method(value, inplace=True)', try using 'df.method({col: value}, inplace=True)' or df[col] = df[col].method(value) instead, to perform the operation inplace on the original object.
2025-01-13T20:18:34.8233740Z 
2025-01-13T20:18:34.8233860Z tardis/plasma/tests/test_complete_plasmas.py: 20 warnings
2025-01-13T20:18:34.8234520Z   /Users/runner/work/tardis/tardis/tardis/plasma/tests/test_complete_plasmas.py:197: UserWarning:
2025-01-13T20:18:34.8234860Z   
2025-01-13T20:18:34.8234980Z   Property "atomic_mass" not found
2025-01-13T20:18:34.8235110Z 
2025-01-13T20:18:34.8235470Z tardis/plasma/tests/test_complete_plasmas.py::TestPlasma::test_plasma_properties[radiative_rates_type:detailed-w_epsilon:1e-10-j_blues_norm_factor]
2025-01-13T20:18:34.8236180Z tardis/plasma/tests/test_complete_plasmas.py::TestPlasma::test_plasma_properties[radiative_rates_type:detailed-j_blues_norm_factor]
2025-01-13T20:18:34.8236770Z   /Users/runner/work/tardis/tardis/tardis/plasma/tests/test_complete_plasmas.py:197: UserWarning:
2025-01-13T20:18:34.8237110Z   
2025-01-13T20:18:34.8237250Z   Property "j_blues_norm_factor" not found
2025-01-13T20:18:34.8237390Z 
2025-01-13T20:18:34.8237720Z tardis/plasma/tests/test_complete_plasmas.py::TestPlasma::test_plasma_properties[radiative_rates_type:detailed-w_epsilon:1e-10-j_blue_estimator]
2025-01-13T20:18:34.8238410Z tardis/plasma/tests/test_complete_plasmas.py::TestPlasma::test_plasma_properties[radiative_rates_type:detailed-j_blue_estimator]
2025-01-13T20:18:34.8239160Z   /Users/runner/work/tardis/tardis/tardis/plasma/tests/test_complete_plasmas.py:197: UserWarning:
2025-01-13T20:18:34.8239500Z   
2025-01-13T20:18:34.8239630Z   Property "j_blue_estimator" not found
2025-01-13T20:18:34.8239760Z 
2025-01-13T20:18:34.8240070Z tardis/plasma/tests/test_complete_plasmas.py::TestPlasma::test_plasma_properties[radiative_rates_type:detailed-w_epsilon:1e-10-volume]
2025-01-13T20:18:34.8240710Z tardis/plasma/tests/test_complete_plasmas.py::TestPlasma::test_plasma_properties[radiative_rates_type:detailed-volume]
2025-01-13T20:18:34.8241270Z   /Users/runner/work/tardis/tardis/tardis/plasma/tests/test_complete_plasmas.py:197: UserWarning:
2025-01-13T20:18:34.8241600Z   
2025-01-13T20:18:34.8241720Z   Property "volume" not found
2025-01-13T20:18:34.8241840Z 
2025-01-13T20:18:34.8242410Z tardis/plasma/tests/test_complete_plasmas.py::TestPlasma::test_plasma_properties[radiative_rates_type:detailed-w_epsilon:1e-10-r_inner]
2025-01-13T20:18:34.8243080Z tardis/plasma/tests/test_complete_plasmas.py::TestPlasma::test_plasma_properties[radiative_rates_type:detailed-r_inner]
2025-01-13T20:18:34.8243640Z   /Users/runner/work/tardis/tardis/tardis/plasma/tests/test_complete_plasmas.py:197: UserWarning:
2025-01-13T20:18:34.8243980Z   
2025-01-13T20:18:34.8244100Z   Property "r_inner" not found
2025-01-13T20:18:34.8244220Z 
2025-01-13T20:18:34.8244380Z tardis/plasma/tests/test_plasma_vboundary.py::test_plasma_vboundary[2900-3750]
2025-01-13T20:18:34.8244830Z tardis/plasma/tests/test_plasma_vboundary.py::test_plasma_vboundary[2900-3850]
2025-01-13T20:18:34.8245230Z tardis/plasma/tests/test_plasma_vboundary.py::test_plasma_vboundary[2900-3900]
2025-01-13T20:18:34.8245650Z   /Users/runner/work/tardis/tardis/tardis/model/geometry/radial1d.py:71: UserWarning:
2025-01-13T20:18:34.8245970Z   
2025-01-13T20:18:34.8246190Z   Requesting inner boundary below inner shell. Extrapolating the inner cell
2025-01-13T20:18:34.8246410Z 
2025-01-13T20:18:34.8246590Z tardis/spectrum/tests/test_spectrum_solver.py::TestSpectrumSolver::test_solve
2025-01-13T20:18:34.8246990Z   /Users/runner/work/tardis/tardis/tardis/spectrum/base.py:70: UserWarning:
2025-01-13T20:18:34.8247260Z   
2025-01-13T20:18:34.8247590Z   SpectrumSolver.spectrum_virtual_packets is zero. Please run the montecarlo simulation with no_of_virtual_packets > 0
2025-01-13T20:18:34.8247910Z 
2025-01-13T20:18:34.8248090Z tardis/spectrum/tests/test_spectrum_solver.py::TestSpectrumSolver::test_solve
2025-01-13T20:18:34.8248480Z   /Users/runner/work/tardis/tardis/tardis/spectrum/base.py:111: UserWarning:
2025-01-13T20:18:34.8248750Z   
2025-01-13T20:18:34.8249090Z   SpectrumSolver.integrator: The FormalIntegrator is not yet available.Please run the montecarlo simulation at least once.
2025-01-13T20:18:34.8249440Z 
2025-01-13T20:18:34.8249620Z tardis/transport/montecarlo/tests/test_vpacket.py::test_trace_vpacket_volley
2025-01-13T20:18:34.8250430Z   <string>:3: NumbaPendingDeprecationWarning:
2025-01-13T20:18:34.8250760Z   
2025-01-13T20:18:34.8259710Z   [1m[1mCode using Numba extension API maybe depending on 'old_style' error-capturing, which is deprecated and will be replaced by 'new_style' in a future release. See details at https://numba.readthedocs.io/en/latest/reference/deprecation.html#deprecation-of-old-style-numba-captured-errors
2025-01-13T20:18:34.8260540Z   Exception origin:
2025-01-13T20:18:34.8260840Z     File "/Users/runner/micromamba/envs/tardis/lib/python3.12/inspect.py", line 3180, in _bind
2025-01-13T20:18:34.8261170Z       raise TypeError(msg) from None
2025-01-13T20:18:34.8261370Z   [0m[0m
2025-01-13T20:18:34.8261440Z 
2025-01-13T20:18:34.8261720Z tardis/visualization/tools/tests/test_sdec_plot.py::TestSDECPlotter::test_mpl_image[plotter_generate_plot_mpl4]
2025-01-13T20:18:34.8262280Z   /Users/runner/work/tardis/tardis/tardis/visualization/tools/sdec_plot.py:1225: RuntimeWarning:
2025-01-13T20:18:34.8262650Z   
2025-01-13T20:18:34.8263370Z   More than 20 figures have been opened. Figures created through the pyplot interface (`matplotlib.pyplot.figure`) are retained until explicitly closed and may consume too much memory. (To control this warning, see the rcParam `figure.max_open_warning`). Consider using `matplotlib.pyplot.close()`.
2025-01-13T20:18:34.8264100Z 
2025-01-13T20:18:34.8264380Z tardis/visualization/widgets/tests/test_custom_abundance.py::TestCustomAbundanceWidget::test_update_input_item_value
2025-01-13T20:18:34.8265000Z tardis/visualization/widgets/tests/test_custom_abundance.py::TestCustomAbundanceWidget::test_update_input_item_value
2025-01-13T20:18:34.8265620Z tardis/visualization/widgets/tests/test_custom_abundance.py::TestCustomAbundanceWidget::test_update_input_item_value
2025-01-13T20:18:34.8266240Z tardis/visualization/widgets/tests/test_custom_abundance.py::TestCustomAbundanceWidget::test_update_input_item_value
2025-01-13T20:18:34.8267270Z tardis/visualization/widgets/tests/test_custom_abundance.py::TestCustomAbundanceWidget::test_update_input_item_value
2025-01-13T20:18:34.8267910Z tardis/visualization/widgets/tests/test_custom_abundance.py::TestCustomAbundanceWidget::test_update_input_item_value
2025-01-13T20:18:34.8268530Z   /Users/runner/micromamba/envs/tardis/lib/python3.12/site-packages/traitlets/traitlets.py:1385: DeprecationWarning:
2025-01-13T20:18:34.8268920Z   
2025-01-13T20:18:34.8269130Z   Passing unrecognized arguments to super(Checkbox).__init__(icon='lock').
2025-01-13T20:18:34.8269490Z   object.__init__() takes exactly one argument (the instance to initialize)
2025-01-13T20:18:34.8269900Z   This is deprecated in traitlets 4.2.This error will be raised in a future release of traitlets.
2025-01-13T20:18:34.8270150Z 
2025-01-13T20:18:34.8270430Z tardis/visualization/widgets/tests/test_custom_abundance.py::TestCustomAbundanceWidget::test_update_input_item_value
2025-01-13T20:18:34.8271050Z tardis/visualization/widgets/tests/test_custom_abundance.py::TestCustomAbundanceWidget::test_update_input_item_value
2025-01-13T20:18:34.8271680Z   /Users/runner/micromamba/envs/tardis/lib/python3.12/site-packages/traitlets/traitlets.py:1385: DeprecationWarning:
2025-01-13T20:18:34.8272070Z   
2025-01-13T20:18:34.8272260Z   Passing unrecognized arguments to super(FloatText).__init__(min=0).
2025-01-13T20:18:34.8272610Z   object.__init__() takes exactly one argument (the instance to initialize)
2025-01-13T20:18:34.8273010Z   This is deprecated in traitlets 4.2.This error will be raised in a future release of traitlets.
2025-01-13T20:18:34.8273260Z 
2025-01-13T20:18:34.8273540Z tardis/visualization/widgets/tests/test_custom_abundance.py::TestCustomAbundanceWidget::test_update_input_item_value
2025-01-13T20:18:34.8274160Z   /Users/runner/micromamba/envs/tardis/lib/python3.12/site-packages/traitlets/traitlets.py:1385: DeprecationWarning:
2025-01-13T20:18:34.8274550Z   
2025-01-13T20:18:34.8274750Z   Passing unrecognized arguments to super(HTML).__init__(indent=True).
2025-01-13T20:18:34.8275220Z   object.__init__() takes exactly one argument (the instance to initialize)
2025-01-13T20:18:34.8275610Z   This is deprecated in traitlets 4.2.This error will be raised in a future release of traitlets.
2025-01-13T20:18:34.8275860Z 
2025-01-13T20:18:34.8276200Z tardis/visualization/widgets/tests/test_line_info.py::TestLineInfoWidgetData::test_get_species_interactions[wavelength_range0-packet_out_nu]
2025-01-13T20:18:34.8276860Z   /Users/runner/micromamba/envs/tardis/lib/python3.12/site-packages/qgridnext/grid.py:825: DeprecationWarning:
2025-01-13T20:18:34.8277230Z   
2025-01-13T20:18:34.8277510Z   QgridWidget._grid_options_changed is deprecated in traitlets 4.1: use @observe and @unobserve instead.
2025-01-13T20:18:34.8277800Z 
2025-01-13T20:18:34.8278000Z tardis/visualization/widgets/tests/test_shell_info.py::TestHDFShellInfo::test_shells_data
2025-01-13T20:18:34.8278440Z   /Users/runner/work/tardis/tardis/tardis/io/util.py:289: PerformanceWarning:
2025-01-13T20:18:34.8278720Z   
2025-01-13T20:18:34.8278970Z   
2025-01-13T20:18:34.8279190Z   your performance may suffer as PyTables will pickle object types that it cannot
2025-01-13T20:18:34.8279620Z   map directly to c-types [inferred_type->mixed,key->block0_values] [items->Index([0], dtype='int64')]
2025-01-13T20:18:34.8279890Z 
2025-01-13T20:18:34.8280100Z tardis/visualization/widgets/tests/test_shell_info.py::TestHDFShellInfo::test_shells_data
2025-01-13T20:18:34.8280530Z   /Users/runner/work/tardis/tardis/tardis/io/util.py:292: PerformanceWarning:
2025-01-13T20:18:34.8280810Z   
2025-01-13T20:18:34.8280910Z   
2025-01-13T20:18:34.8281130Z   your performance may suffer as PyTables will pickle object types that it cannot
2025-01-13T20:18:34.8281500Z   map directly to c-types [inferred_type->mixed,key->values] [items->None]
2025-01-13T20:18:34.8281710Z 
2025-01-13T20:18:34.8281910Z tardis/visualization/widgets/tests/test_shell_info.py::TestHDFShellInfo::test_shells_data
2025-01-13T20:18:34.8282770Z   /Users/runner/work/tardis/tardis/tardis/spectrum/formal_integral.py:398: UserWarning:
2025-01-13T20:18:34.8283110Z   
2025-01-13T20:18:34.8283330Z   The number of interpolate_shells was not specified. The value was set to 80.
2025-01-13T20:18:34.8283550Z 
2025-01-13T20:18:34.8283700Z -- Docs: https://docs.pytest.org/en/stable/how-to/capture-warnings.html
2025-01-13T20:18:34.8283920Z 
2025-01-13T20:18:34.8284060Z ---------- coverage: platform darwin, python 3.12.4-final-0 ----------
2025-01-13T20:18:34.8284340Z Coverage HTML written to dir coverage_html_report
2025-01-13T20:18:34.8284570Z Coverage XML written to file coverage.xml
2025-01-13T20:18:34.8284710Z 
2025-01-13T20:18:34.8284810Z =========================== short test summary info ============================
2025-01-13T20:18:34.8285570Z FAILED tardis/opacities/tests/test_tau_sobolev.py::test_calculate_sobolev_line_opacity - FileNotFoundError: File /Users/runner/work/tardis/tardis/tardis-regression-data/test_tau_sobolev/test_calculate_sobolev_line_opacity.h5 does not exist
2025-01-13T20:18:34.8286830Z FAILED tardis/opacities/tests/test_tau_sobolev.py::test_calculate_beta_sobolevs - FileNotFoundError: [Errno 2] No such file or directory: '/Users/runner/work/tardis/tardis/tardis-regression-data/test_tau_sobolev/test_calculate_beta_sobolevs.npy'
2025-01-13T20:18:34.8287680Z = 2 failed, 1436 passed, 329 skipped, 2 deselected, 19 xfailed, 8 xpassed, 91 warnings in 751.34s (0:12:31) =
2025-01-13T20:18:36.8651430Z ##[error]Process completed with exit code 1.
2025-01-13T20:18:36.9505520Z Post job cleanup.
2025-01-13T20:18:36.9728730Z Post job cleanup.
2025-01-13T20:18:37.5241400Z Will use pre-installed micromamba at /Users/runner/micromamba-bin/micromamba
2025-01-13T20:18:37.5250690Z Removing micromamba run shell ...
2025-01-13T20:18:37.5254120Z ##[group]Deinitialize micromamba for bash
2025-01-13T20:18:37.5341190Z [command]/Users/runner/micromamba-bin/micromamba shell deinit -s bash -r /Users/runner/micromamba --log-level warning --rc-file /Users/runner/work/_temp/setup-micromamba/.condarc
2025-01-13T20:18:37.6452840Z Resetting RC file "/Users/runner/.bash_profile"
2025-01-13T20:18:37.6453760Z Deleting config for root prefix 
2025-01-13T20:18:37.6454010Z Clearing mamba executable environment variable
2025-01-13T20:18:37.6481610Z Removing the following in your "/Users/runner/.bash_profile" file
2025-01-13T20:18:37.6482930Z # >>> mamba initialize >>>
2025-01-13T20:18:37.6483400Z ...
2025-01-13T20:18:37.6483570Z # <<< mamba initialize <<<
2025-01-13T20:18:37.6549230Z Removing environment tardis from auto-activate bash ...
2025-01-13T20:18:37.6682690Z Post job cleanup.
2025-01-13T20:18:37.6745430Z Post job cleanup.
2025-01-13T20:18:37.8353490Z [command]/opt/homebrew/bin/git version
2025-01-13T20:18:37.8690110Z git version 2.47.1
2025-01-13T20:18:37.8730640Z Copying '/Users/runner/.gitconfig' to '/Users/runner/work/_temp/60874154-dd2f-4747-b11a-1abc4acda432/.gitconfig'
2025-01-13T20:18:37.8732660Z Temporarily overriding HOME='/Users/runner/work/_temp/60874154-dd2f-4747-b11a-1abc4acda432' before making global git config changes
2025-01-13T20:18:37.8734660Z Adding repository directory to the temporary git global config as a safe directory
2025-01-13T20:18:37.8735430Z [command]/opt/homebrew/bin/git config --global --add safe.directory /Users/runner/work/tardis/tardis/tardis-regression-data
2025-01-13T20:18:37.8898800Z [command]/opt/homebrew/bin/git config --local --name-only --get-regexp core\.sshCommand
2025-01-13T20:18:37.8960670Z [command]/opt/homebrew/bin/git submodule foreach --recursive sh -c "git config --local --name-only --get-regexp 'core\.sshCommand' && git config --local --unset-all 'core.sshCommand' || :"
2025-01-13T20:18:38.0321170Z [command]/opt/homebrew/bin/git config --local --name-only --get-regexp http\.https\:\/\/github\.com\/\.extraheader
2025-01-13T20:18:38.0374130Z http.https://github.com/.extraheader
2025-01-13T20:18:38.0385730Z [command]/opt/homebrew/bin/git config --local --unset-all http.https://github.com/.extraheader
2025-01-13T20:18:38.0530200Z [command]/opt/homebrew/bin/git submodule foreach --recursive sh -c "git config --local --name-only --get-regexp 'http\.https\:\/\/github\.com\/\.extraheader' && git config --local --unset-all 'http.https://github.com/.extraheader' || :"
2025-01-13T20:18:38.2994200Z Post job cleanup.
2025-01-13T20:18:38.4529120Z [command]/opt/homebrew/bin/git version
2025-01-13T20:18:38.4613090Z git version 2.47.1
2025-01-13T20:18:38.4640090Z Copying '/Users/runner/.gitconfig' to '/Users/runner/work/_temp/c24fa02d-bc61-4695-b824-0182ce171cc4/.gitconfig'
2025-01-13T20:18:38.4666250Z Temporarily overriding HOME='/Users/runner/work/_temp/c24fa02d-bc61-4695-b824-0182ce171cc4' before making global git config changes
2025-01-13T20:18:38.4668600Z Adding repository directory to the temporary git global config as a safe directory
2025-01-13T20:18:38.4675790Z [command]/opt/homebrew/bin/git config --global --add safe.directory /Users/runner/work/tardis/tardis
2025-01-13T20:18:38.4766670Z [command]/opt/homebrew/bin/git config --local --name-only --get-regexp core\.sshCommand
2025-01-13T20:18:38.4823210Z [command]/opt/homebrew/bin/git submodule foreach --recursive sh -c "git config --local --name-only --get-regexp 'core\.sshCommand' && git config --local --unset-all 'core.sshCommand' || :"
2025-01-13T20:18:38.6152880Z [command]/opt/homebrew/bin/git config --local --name-only --get-regexp http\.https\:\/\/github\.com\/\.extraheader
2025-01-13T20:18:38.6246780Z http.https://github.com/.extraheader
2025-01-13T20:18:38.6470900Z [command]/opt/homebrew/bin/git config --local --unset-all http.https://github.com/.extraheader
2025-01-13T20:18:38.6482350Z [command]/opt/homebrew/bin/git submodule foreach --recursive sh -c "git config --local --name-only --get-regexp 'http\.https\:\/\/github\.com\/\.extraheader' && git config --local --unset-all 'http.https://github.com/.extraheader' || :"
2025-01-13T20:18:38.7559710Z Cleaning up orphan processes
