2025-01-13T20:04:09.6264850Z Requested labels: ubuntu-latest
2025-01-13T20:04:09.6265344Z Job defined at: tardis-sn/tardis/.github/workflows/tests.yml@refs/pull/2942/merge
2025-01-13T20:04:09.6265504Z Waiting for a runner to pick up this job...
2025-01-13T20:04:09.8234703Z Job is waiting for a hosted runner to come online.
2025-01-13T20:04:13.9328326Z Job is about to start running on the hosted runner: GitHub Actions 6 (hosted)
2025-01-13T20:04:15.5421651Z Current runner version: '2.321.0'
2025-01-13T20:04:15.5449004Z ##[group]Operating System
2025-01-13T20:04:15.5449808Z Ubuntu
2025-01-13T20:04:15.5450322Z 24.04.1
2025-01-13T20:04:15.5450896Z LTS
2025-01-13T20:04:15.5451378Z ##[endgroup]
2025-01-13T20:04:15.5451904Z ##[group]Runner Image
2025-01-13T20:04:15.5452506Z Image: ubuntu-24.04
2025-01-13T20:04:15.5453032Z Version: 20250105.1.0
2025-01-13T20:04:15.5454111Z Included Software: https://github.com/actions/runner-images/blob/ubuntu24/20250105.1/images/ubuntu/Ubuntu2404-Readme.md
2025-01-13T20:04:15.5455530Z Image Release: https://github.com/actions/runner-images/releases/tag/ubuntu24%2F20250105.1
2025-01-13T20:04:15.5456422Z ##[endgroup]
2025-01-13T20:04:15.5456934Z ##[group]Runner Image Provisioner
2025-01-13T20:04:15.5457551Z 2.0.404.1
2025-01-13T20:04:15.5458026Z ##[endgroup]
2025-01-13T20:04:15.5460427Z ##[group]GITHUB_TOKEN Permissions
2025-01-13T20:04:15.5462348Z Actions: read
2025-01-13T20:04:15.5463188Z Attestations: read
2025-01-13T20:04:15.5463805Z Checks: read
2025-01-13T20:04:15.5464287Z Contents: read
2025-01-13T20:04:15.5464823Z Deployments: read
2025-01-13T20:04:15.5465362Z Discussions: read
2025-01-13T20:04:15.5465855Z Issues: read
2025-01-13T20:04:15.5466360Z Metadata: read
2025-01-13T20:04:15.5466876Z Packages: read
2025-01-13T20:04:15.5467347Z Pages: read
2025-01-13T20:04:15.5467867Z PullRequests: read
2025-01-13T20:04:15.5468418Z RepositoryProjects: read
2025-01-13T20:04:15.5469137Z SecurityEvents: read
2025-01-13T20:04:15.5469699Z Statuses: read
2025-01-13T20:04:15.5470214Z ##[endgroup]
2025-01-13T20:04:15.5473076Z Secret source: None
2025-01-13T20:04:15.5473833Z Prepare workflow directory
2025-01-13T20:04:15.6124707Z Prepare all required actions
2025-01-13T20:04:15.6161355Z Getting action download info
2025-01-13T20:04:15.7913882Z Download action repository 'actions/checkout@v4' (SHA:11bd71901bbe5b1630ceea73d27597364c9af683)
2025-01-13T20:04:15.9180055Z Download action repository 'actions/upload-artifact@v4' (SHA:65c4c4a1ddee5b72f698fdd19549f0f0fb45cf08)
2025-01-13T20:04:16.4010148Z Complete job name: not continuum ubuntu-latest 
2025-01-13T20:04:16.4654913Z ##[group]Run actions/checkout@v4
2025-01-13T20:04:16.4655732Z with:
2025-01-13T20:04:16.4656126Z   repository: tardis-sn/tardis
2025-01-13T20:04:16.4656750Z   token: ***
2025-01-13T20:04:16.4657130Z   ssh-strict: true
2025-01-13T20:04:16.4657522Z   ssh-user: git
2025-01-13T20:04:16.4657911Z   persist-credentials: true
2025-01-13T20:04:16.4658363Z   clean: true
2025-01-13T20:04:16.4659005Z   sparse-checkout-cone-mode: true
2025-01-13T20:04:16.4659494Z   fetch-depth: 1
2025-01-13T20:04:16.4659886Z   fetch-tags: false
2025-01-13T20:04:16.4660280Z   show-progress: true
2025-01-13T20:04:16.4660678Z   lfs: false
2025-01-13T20:04:16.4661041Z   submodules: false
2025-01-13T20:04:16.4661439Z   set-safe-directory: true
2025-01-13T20:04:16.4662110Z env:
2025-01-13T20:04:16.4662468Z   CACHE_NUMBER: 0
2025-01-13T20:04:16.4663625Z   PYTEST_FLAGS: --tardis-regression-data=/home/runner/work/tardis/tardis/tardis-regression-data --cov=tardis --cov-report=xml --cov-report=html --cov-append
2025-01-13T20:04:16.4664900Z   CODECOV_TOKEN: 
2025-01-13T20:04:16.4665334Z ##[endgroup]
2025-01-13T20:04:16.7768815Z Syncing repository: tardis-sn/tardis
2025-01-13T20:04:16.7770747Z ##[group]Getting Git version info
2025-01-13T20:04:16.7771820Z Working directory is '/home/runner/work/tardis/tardis'
2025-01-13T20:04:16.7772822Z [command]/usr/bin/git version
2025-01-13T20:04:16.7937188Z git version 2.47.1
2025-01-13T20:04:16.7968272Z ##[endgroup]
2025-01-13T20:04:16.7984512Z Temporarily overriding HOME='/home/runner/work/_temp/8d09dfad-7cc1-47e9-9add-770402a18952' before making global git config changes
2025-01-13T20:04:16.7986747Z Adding repository directory to the temporary git global config as a safe directory
2025-01-13T20:04:16.7990372Z [command]/usr/bin/git config --global --add safe.directory /home/runner/work/tardis/tardis
2025-01-13T20:04:16.8038219Z Deleting the contents of '/home/runner/work/tardis/tardis'
2025-01-13T20:04:16.8042344Z ##[group]Initializing the repository
2025-01-13T20:04:16.8046056Z [command]/usr/bin/git init /home/runner/work/tardis/tardis
2025-01-13T20:04:16.8201541Z hint: Using 'master' as the name for the initial branch. This default branch name
2025-01-13T20:04:16.8202929Z hint: is subject to change. To configure the initial branch name to use in all
2025-01-13T20:04:16.8203865Z hint: of your new repositories, which will suppress this warning, call:
2025-01-13T20:04:16.8204555Z hint:
2025-01-13T20:04:16.8205025Z hint: 	git config --global init.defaultBranch <name>
2025-01-13T20:04:16.8205615Z hint:
2025-01-13T20:04:16.8206167Z hint: Names commonly chosen instead of 'master' are 'main', 'trunk' and
2025-01-13T20:04:16.8207101Z hint: 'development'. The just-created branch can be renamed via this command:
2025-01-13T20:04:16.8207831Z hint:
2025-01-13T20:04:16.8208222Z hint: 	git branch -m <name>
2025-01-13T20:04:16.8210113Z Initialized empty Git repository in /home/runner/work/tardis/tardis/.git/
2025-01-13T20:04:16.8222089Z [command]/usr/bin/git remote add origin https://github.com/tardis-sn/tardis
2025-01-13T20:04:16.8266795Z ##[endgroup]
2025-01-13T20:04:16.8267616Z ##[group]Disabling automatic garbage collection
2025-01-13T20:04:16.8271444Z [command]/usr/bin/git config --local gc.auto 0
2025-01-13T20:04:16.8299678Z ##[endgroup]
2025-01-13T20:04:16.8300322Z ##[group]Setting up auth
2025-01-13T20:04:16.8307521Z [command]/usr/bin/git config --local --name-only --get-regexp core\.sshCommand
2025-01-13T20:04:16.8338098Z [command]/usr/bin/git submodule foreach --recursive sh -c "git config --local --name-only --get-regexp 'core\.sshCommand' && git config --local --unset-all 'core.sshCommand' || :"
2025-01-13T20:04:16.8739405Z [command]/usr/bin/git config --local --name-only --get-regexp http\.https\:\/\/github\.com\/\.extraheader
2025-01-13T20:04:16.8768118Z [command]/usr/bin/git submodule foreach --recursive sh -c "git config --local --name-only --get-regexp 'http\.https\:\/\/github\.com\/\.extraheader' && git config --local --unset-all 'http.https://github.com/.extraheader' || :"
2025-01-13T20:04:16.9001456Z [command]/usr/bin/git config --local http.https://github.com/.extraheader AUTHORIZATION: basic ***
2025-01-13T20:04:16.9040053Z ##[endgroup]
2025-01-13T20:04:16.9050163Z ##[group]Fetching the repository
2025-01-13T20:04:16.9051647Z [command]/usr/bin/git -c protocol.version=2 fetch --no-tags --prune --no-recurse-submodules --depth=1 origin +33bbe0652b674074c5f59e30763f4a3be9fe3aa4:refs/remotes/pull/2942/merge
2025-01-13T20:04:18.0793476Z From https://github.com/tardis-sn/tardis
2025-01-13T20:04:18.0795539Z  * [new ref]         33bbe0652b674074c5f59e30763f4a3be9fe3aa4 -> pull/2942/merge
2025-01-13T20:04:18.0821615Z ##[endgroup]
2025-01-13T20:04:18.0823482Z ##[group]Determining the checkout info
2025-01-13T20:04:18.0825455Z ##[endgroup]
2025-01-13T20:04:18.0830077Z [command]/usr/bin/git sparse-checkout disable
2025-01-13T20:04:18.0871911Z [command]/usr/bin/git config --local --unset-all extensions.worktreeConfig
2025-01-13T20:04:18.0899939Z ##[group]Checking out the ref
2025-01-13T20:04:18.0904056Z [command]/usr/bin/git checkout --progress --force refs/remotes/pull/2942/merge
2025-01-13T20:04:18.2896060Z Note: switching to 'refs/remotes/pull/2942/merge'.
2025-01-13T20:04:18.2898137Z 
2025-01-13T20:04:18.2899477Z You are in 'detached HEAD' state. You can look around, make experimental
2025-01-13T20:04:18.2903639Z changes and commit them, and you can discard any commits you make in this
2025-01-13T20:04:18.2906071Z state without impacting any branches by switching back to a branch.
2025-01-13T20:04:18.2907352Z 
2025-01-13T20:04:18.2908215Z If you want to create a new branch to retain commits you create, you may
2025-01-13T20:04:18.2910362Z do so (now or later) by using -c with the switch command. Example:
2025-01-13T20:04:18.2911506Z 
2025-01-13T20:04:18.2912012Z   git switch -c <new-branch-name>
2025-01-13T20:04:18.2912847Z 
2025-01-13T20:04:18.2913344Z Or undo this operation with:
2025-01-13T20:04:18.2914116Z 
2025-01-13T20:04:18.2914957Z   git switch -
2025-01-13T20:04:18.2915614Z 
2025-01-13T20:04:18.2916571Z Turn off this advice by setting config variable advice.detachedHead to false
2025-01-13T20:04:18.2917931Z 
2025-01-13T20:04:18.2919466Z HEAD is now at 33bbe06 Merge 28b2ad78fd376c613f68b1c99837611bb3cf6939 into b4bc6ac32afba1ed86870074cd69db14d7845052
2025-01-13T20:04:18.2923818Z ##[endgroup]
2025-01-13T20:04:18.2967723Z [command]/usr/bin/git log -1 --format=%H
2025-01-13T20:04:18.2992672Z 33bbe0652b674074c5f59e30763f4a3be9fe3aa4
2025-01-13T20:04:18.3353252Z Prepare all required actions
2025-01-13T20:04:18.3354588Z Getting action download info
2025-01-13T20:04:18.4846062Z Download action repository 'actions/cache@v4' (SHA:1bd1e32a3bdc45362d1e726936510720a7c30a57)
2025-01-13T20:04:18.6219378Z ##[group]Run ./.github/actions/setup_lfs
2025-01-13T20:04:18.6219842Z with:
2025-01-13T20:04:18.6220249Z   regression-data-repo: tardis-sn/tardis-regression-data
2025-01-13T20:04:18.6220717Z env:
2025-01-13T20:04:18.6221075Z   CACHE_NUMBER: 0
2025-01-13T20:04:18.6221905Z   PYTEST_FLAGS: --tardis-regression-data=/home/runner/work/tardis/tardis/tardis-regression-data --cov=tardis --cov-report=xml --cov-report=html --cov-append
2025-01-13T20:04:18.6222759Z   CODECOV_TOKEN: 
2025-01-13T20:04:18.6223083Z ##[endgroup]
2025-01-13T20:04:18.6361455Z ##[group]Run actions/checkout@v4
2025-01-13T20:04:18.6361902Z with:
2025-01-13T20:04:18.6362288Z   repository: tardis-sn/tardis-regression-data
2025-01-13T20:04:18.6362764Z   path: tardis-regression-data
2025-01-13T20:04:18.6363421Z   token: ***
2025-01-13T20:04:18.6363774Z   ssh-strict: true
2025-01-13T20:04:18.6364121Z   ssh-user: git
2025-01-13T20:04:18.6364481Z   persist-credentials: true
2025-01-13T20:04:18.6364856Z   clean: true
2025-01-13T20:04:18.6365214Z   sparse-checkout-cone-mode: true
2025-01-13T20:04:18.6365616Z   fetch-depth: 1
2025-01-13T20:04:18.6365951Z   fetch-tags: false
2025-01-13T20:04:18.6366307Z   show-progress: true
2025-01-13T20:04:18.6366662Z   lfs: false
2025-01-13T20:04:18.6366997Z   submodules: false
2025-01-13T20:04:18.6367360Z   set-safe-directory: true
2025-01-13T20:04:18.6367720Z env:
2025-01-13T20:04:18.6368025Z   CACHE_NUMBER: 0
2025-01-13T20:04:18.6369020Z   PYTEST_FLAGS: --tardis-regression-data=/home/runner/work/tardis/tardis/tardis-regression-data --cov=tardis --cov-report=xml --cov-report=html --cov-append
2025-01-13T20:04:18.6369875Z   CODECOV_TOKEN: 
2025-01-13T20:04:18.6370215Z ##[endgroup]
2025-01-13T20:04:18.7311033Z Syncing repository: tardis-sn/tardis-regression-data
2025-01-13T20:04:18.7317232Z ##[group]Getting Git version info
2025-01-13T20:04:18.7317941Z Working directory is '/home/runner/work/tardis/tardis/tardis-regression-data'
2025-01-13T20:04:18.7367602Z [command]/usr/bin/git version
2025-01-13T20:04:18.7403662Z git version 2.47.1
2025-01-13T20:04:18.7433021Z ##[endgroup]
2025-01-13T20:04:18.7446259Z Temporarily overriding HOME='/home/runner/work/_temp/059d546b-657b-4319-b495-97b7fc679253' before making global git config changes
2025-01-13T20:04:18.7448104Z Adding repository directory to the temporary git global config as a safe directory
2025-01-13T20:04:18.7452975Z [command]/usr/bin/git config --global --add safe.directory /home/runner/work/tardis/tardis/tardis-regression-data
2025-01-13T20:04:18.7485341Z ##[group]Initializing the repository
2025-01-13T20:04:18.7491171Z [command]/usr/bin/git init /home/runner/work/tardis/tardis/tardis-regression-data
2025-01-13T20:04:18.7528538Z hint: Using 'master' as the name for the initial branch. This default branch name
2025-01-13T20:04:18.7530441Z hint: is subject to change. To configure the initial branch name to use in all
2025-01-13T20:04:18.7531421Z hint: of your new repositories, which will suppress this warning, call:
2025-01-13T20:04:18.7532409Z hint:
2025-01-13T20:04:18.7533179Z hint: 	git config --global init.defaultBranch <name>
2025-01-13T20:04:18.7534045Z hint:
2025-01-13T20:04:18.7534943Z hint: Names commonly chosen instead of 'master' are 'main', 'trunk' and
2025-01-13T20:04:18.7536250Z hint: 'development'. The just-created branch can be renamed via this command:
2025-01-13T20:04:18.7537653Z hint:
2025-01-13T20:04:18.7538280Z hint: 	git branch -m <name>
2025-01-13T20:04:18.7539729Z Initialized empty Git repository in /home/runner/work/tardis/tardis/tardis-regression-data/.git/
2025-01-13T20:04:18.7542684Z [command]/usr/bin/git remote add origin https://github.com/tardis-sn/tardis-regression-data
2025-01-13T20:04:18.7574154Z ##[endgroup]
2025-01-13T20:04:18.7575268Z ##[group]Disabling automatic garbage collection
2025-01-13T20:04:18.7579698Z [command]/usr/bin/git config --local gc.auto 0
2025-01-13T20:04:18.7609348Z ##[endgroup]
2025-01-13T20:04:18.7610475Z ##[group]Setting up auth
2025-01-13T20:04:18.7616171Z [command]/usr/bin/git config --local --name-only --get-regexp core\.sshCommand
2025-01-13T20:04:18.7647003Z [command]/usr/bin/git submodule foreach --recursive sh -c "git config --local --name-only --get-regexp 'core\.sshCommand' && git config --local --unset-all 'core.sshCommand' || :"
2025-01-13T20:04:18.7875579Z [command]/usr/bin/git config --local --name-only --get-regexp http\.https\:\/\/github\.com\/\.extraheader
2025-01-13T20:04:18.7907338Z [command]/usr/bin/git submodule foreach --recursive sh -c "git config --local --name-only --get-regexp 'http\.https\:\/\/github\.com\/\.extraheader' && git config --local --unset-all 'http.https://github.com/.extraheader' || :"
2025-01-13T20:04:18.8149115Z [command]/usr/bin/git config --local http.https://github.com/.extraheader AUTHORIZATION: basic ***
2025-01-13T20:04:18.8187389Z ##[endgroup]
2025-01-13T20:04:18.8191622Z ##[group]Determining the default branch
2025-01-13T20:04:18.8192166Z Retrieving the default branch name
2025-01-13T20:04:19.0672680Z Default branch 'main'
2025-01-13T20:04:19.0674027Z ##[endgroup]
2025-01-13T20:04:19.0674844Z ##[group]Fetching the repository
2025-01-13T20:04:19.0680807Z [command]/usr/bin/git -c protocol.version=2 fetch --no-tags --prune --no-recurse-submodules --depth=1 origin +refs/heads/main:refs/remotes/origin/main
2025-01-13T20:04:19.4539676Z From https://github.com/tardis-sn/tardis-regression-data
2025-01-13T20:04:19.4540290Z  * [new branch]      main       -> origin/main
2025-01-13T20:04:19.4565163Z ##[endgroup]
2025-01-13T20:04:19.4565652Z ##[group]Determining the checkout info
2025-01-13T20:04:19.4566676Z ##[endgroup]
2025-01-13T20:04:19.4572261Z [command]/usr/bin/git sparse-checkout disable
2025-01-13T20:04:19.4609514Z [command]/usr/bin/git config --local --unset-all extensions.worktreeConfig
2025-01-13T20:04:19.4638557Z ##[group]Checking out the ref
2025-01-13T20:04:19.4642821Z [command]/usr/bin/git checkout --progress --force -B main refs/remotes/origin/main
2025-01-13T20:04:19.5863017Z Switched to a new branch 'main'
2025-01-13T20:04:19.5865183Z branch 'main' set up to track 'origin/main'.
2025-01-13T20:04:19.6128301Z ##[endgroup]
2025-01-13T20:04:19.6170438Z [command]/usr/bin/git log -1 --format=%H
2025-01-13T20:04:19.6196019Z fa7729bc9c30e14b69acd641af8b692b56fcd416
2025-01-13T20:04:19.6335510Z ##[group]Run git lfs ls-files -l | cut -d' ' -f1 | sort > .lfs-assets-id
2025-01-13T20:04:19.6336126Z [36;1mgit lfs ls-files -l | cut -d' ' -f1 | sort > .lfs-assets-id[0m
2025-01-13T20:04:19.6368780Z shell: /usr/bin/bash --noprofile --norc -e -o pipefail {0}
2025-01-13T20:04:19.6369389Z env:
2025-01-13T20:04:19.6369604Z   CACHE_NUMBER: 0
2025-01-13T20:04:19.6370252Z   PYTEST_FLAGS: --tardis-regression-data=/home/runner/work/tardis/tardis/tardis-regression-data --cov=tardis --cov-report=xml --cov-report=html --cov-append
2025-01-13T20:04:19.6370970Z   CODECOV_TOKEN: 
2025-01-13T20:04:19.6371202Z ##[endgroup]
2025-01-13T20:04:19.7861379Z ##[group]Run actions/cache/restore@v4
2025-01-13T20:04:19.7861680Z with:
2025-01-13T20:04:19.7861918Z   path: tardis-regression-data/.git/lfs
2025-01-13T20:04:19.7862382Z   key: Linux-lfs-21f9fa4b6817cc69b9fae3598144724da7828e276a73bd17f47a2a49d9af090a-v1
2025-01-13T20:04:19.7862840Z   enableCrossOsArchive: false
2025-01-13T20:04:19.7863122Z   fail-on-cache-miss: false
2025-01-13T20:04:19.7863649Z   lookup-only: false
2025-01-13T20:04:19.7863897Z env:
2025-01-13T20:04:19.7864111Z   CACHE_NUMBER: 0
2025-01-13T20:04:19.7864761Z   PYTEST_FLAGS: --tardis-regression-data=/home/runner/work/tardis/tardis/tardis-regression-data --cov=tardis --cov-report=xml --cov-report=html --cov-append
2025-01-13T20:04:19.7865428Z   CODECOV_TOKEN: 
2025-01-13T20:04:19.7865644Z ##[endgroup]
2025-01-13T20:04:21.1618896Z Received 218103808 of 1708418946 (12.8%), 207.8 MBs/sec
2025-01-13T20:04:22.1620183Z Received 553648128 of 1708418946 (32.4%), 263.9 MBs/sec
2025-01-13T20:04:23.1615713Z Received 889192448 of 1708418946 (52.0%), 282.6 MBs/sec
2025-01-13T20:04:24.1622700Z Received 1203765248 of 1708418946 (70.5%), 286.9 MBs/sec
2025-01-13T20:04:25.1624436Z Received 1505755136 of 1708418946 (88.1%), 287.1 MBs/sec
2025-01-13T20:04:25.8609603Z Cache Size: ~1629 MB (1708418946 B)
2025-01-13T20:04:25.8686486Z [command]/usr/bin/tar -xf /home/runner/work/_temp/318004f6-86a7-426f-9d84-aeeaac95245d/cache.tzst -P -C /home/runner/work/tardis/tardis --use-compress-program unzstd
2025-01-13T20:04:26.1630220Z Received 1708418946 of 1708418946 (100.0%), 271.5 MBs/sec
2025-01-13T20:04:32.1527712Z Cache restored successfully
2025-01-13T20:04:32.4705856Z Cache restored from key: Linux-lfs-21f9fa4b6817cc69b9fae3598144724da7828e276a73bd17f47a2a49d9af090a-v1
2025-01-13T20:04:32.4870971Z ##[group]Run git lfs checkout
2025-01-13T20:04:32.4871228Z [36;1mgit lfs checkout[0m
2025-01-13T20:04:32.4897894Z shell: /usr/bin/bash --noprofile --norc -e -o pipefail {0}
2025-01-13T20:04:32.4898222Z env:
2025-01-13T20:04:32.4898386Z   CACHE_NUMBER: 0
2025-01-13T20:04:32.4899191Z   PYTEST_FLAGS: --tardis-regression-data=/home/runner/work/tardis/tardis/tardis-regression-data --cov=tardis --cov-report=xml --cov-report=html --cov-append
2025-01-13T20:04:32.4899832Z   CODECOV_TOKEN: 
2025-01-13T20:04:32.4900007Z ##[endgroup]
2025-01-13T20:04:44.0216431Z Checking out LFS objects: 100% (204/204), 3.5 GB | 338 MB/s, done.
2025-01-13T20:04:47.6799178Z Prepare all required actions
2025-01-13T20:04:47.6799560Z Getting action download info
2025-01-13T20:04:47.7914163Z Download action repository 'mamba-org/setup-micromamba@v1' (SHA:4b9113af4fba0e9e1124b252dd6497a419e7396d)
2025-01-13T20:04:48.1309477Z ##[group]Run ./.github/actions/setup_env
2025-01-13T20:04:48.1309739Z with:
2025-01-13T20:04:48.1309919Z   os-label: linux-64
2025-01-13T20:04:48.1310108Z env:
2025-01-13T20:04:48.1310260Z   CACHE_NUMBER: 0
2025-01-13T20:04:48.1310870Z   PYTEST_FLAGS: --tardis-regression-data=/home/runner/work/tardis/tardis/tardis-regression-data --cov=tardis --cov-report=xml --cov-report=html --cov-append
2025-01-13T20:04:48.1311506Z   CODECOV_TOKEN: 
2025-01-13T20:04:48.1311684Z ##[endgroup]
2025-01-13T20:04:48.1332621Z ##[group]Run file_hash=$(cat conda-linux-64.lock | shasum -a 256 | cut -d' ' -f1)
2025-01-13T20:04:48.1333109Z [36;1mfile_hash=$(cat conda-linux-64.lock | shasum -a 256 | cut -d' ' -f1)[0m
2025-01-13T20:04:48.1333541Z [36;1mecho "file_hash=$file_hash" >> "${GITHUB_OUTPUT}"[0m
2025-01-13T20:04:48.1359857Z shell: /usr/bin/bash --noprofile --norc -e -o pipefail {0}
2025-01-13T20:04:48.1360166Z env:
2025-01-13T20:04:48.1360326Z   CACHE_NUMBER: 0
2025-01-13T20:04:48.1360923Z   PYTEST_FLAGS: --tardis-regression-data=/home/runner/work/tardis/tardis/tardis-regression-data --cov=tardis --cov-report=xml --cov-report=html --cov-append
2025-01-13T20:04:48.1361572Z   CODECOV_TOKEN: 
2025-01-13T20:04:48.1361756Z ##[endgroup]
2025-01-13T20:04:48.1660612Z ##[group]Run mamba-org/setup-micromamba@v1
2025-01-13T20:04:48.1660882Z with:
2025-01-13T20:04:48.1661070Z   environment-file: conda-linux-64.lock
2025-01-13T20:04:48.1661487Z   cache-environment-key: d7cd390425b0fd3cf82649dcc003efba9915fb4928f15d342148c3ccffcbe2ee
2025-01-13T20:04:48.1662051Z   cache-downloads-key: d7cd390425b0fd3cf82649dcc003efba9915fb4928f15d342148c3ccffcbe2ee
2025-01-13T20:04:48.1662454Z   environment-name: tardis
2025-01-13T20:04:48.1662670Z   cache-environment: true
2025-01-13T20:04:48.1662891Z   cache-downloads: true
2025-01-13T20:04:48.1663276Z env:
2025-01-13T20:04:48.1663434Z   CACHE_NUMBER: 0
2025-01-13T20:04:48.1664029Z   PYTEST_FLAGS: --tardis-regression-data=/home/runner/work/tardis/tardis/tardis-regression-data --cov=tardis --cov-report=xml --cov-report=html --cov-append
2025-01-13T20:04:48.1664661Z   CODECOV_TOKEN: 
2025-01-13T20:04:48.1664839Z ##[endgroup]
2025-01-13T20:04:48.3054037Z Will download micromamba to /home/runner/micromamba-bin/micromamba
2025-01-13T20:04:48.3064553Z ##[group]Install micromamba
2025-01-13T20:04:48.6623882Z micromamba installed to /home/runner/micromamba-bin/micromamba
2025-01-13T20:04:48.6624761Z ##[endgroup]
2025-01-13T20:04:48.6625754Z Adding conda-forge to condarc channels ...
2025-01-13T20:04:48.6639625Z ##[group]Initialize micromamba for bash.
2025-01-13T20:04:48.6662637Z [command]/home/runner/micromamba-bin/micromamba shell init -s bash -r /home/runner/micromamba --log-level warning --rc-file /home/runner/work/_temp/setup-micromamba/.condarc
2025-01-13T20:04:48.6785443Z Modifying RC file "/home/runner/.bashrc"
2025-01-13T20:04:48.6788186Z Generating config for root prefix [1m"/home/runner/micromamba"[0m
2025-01-13T20:04:48.6789428Z Setting mamba executable to: [1m"/home/runner/micromamba-bin/micromamba"[0m
2025-01-13T20:04:48.6790292Z Adding (or replacing) the following in your "/home/runner/.bashrc" file
2025-01-13T20:04:48.6790783Z 
2025-01-13T20:04:48.6790929Z # >>> mamba initialize >>>
2025-01-13T20:04:48.6791452Z # !! Contents within this block are managed by 'mamba init' !!
2025-01-13T20:04:48.6792133Z export MAMBA_EXE='/home/runner/micromamba-bin/micromamba';
2025-01-13T20:04:48.6792778Z export MAMBA_ROOT_PREFIX='/home/runner/micromamba';
2025-01-13T20:04:48.6793667Z __mamba_setup="$("$MAMBA_EXE" shell hook --shell bash --root-prefix "$MAMBA_ROOT_PREFIX" 2> /dev/null)"
2025-01-13T20:04:48.6794449Z if [ $? -eq 0 ]; then
2025-01-13T20:04:48.6794815Z     eval "$__mamba_setup"
2025-01-13T20:04:48.6795223Z else
2025-01-13T20:04:48.6796091Z     alias micromamba="$MAMBA_EXE"  # Fallback on help from mamba activate
2025-01-13T20:04:48.6796746Z fi
2025-01-13T20:04:48.6797024Z unset __mamba_setup
2025-01-13T20:04:48.6797378Z # <<< mamba initialize <<<
2025-01-13T20:04:48.6797637Z 
2025-01-13T20:04:48.6805311Z Moving mamba initialize block to .bash_profile
2025-01-13T20:04:48.6818974Z ##[endgroup]
2025-01-13T20:04:48.6820183Z ##[group]Restoring downloads from `/home/runner/micromamba/pkgs` ...
2025-01-13T20:04:49.8604958Z Received 213909504 of 356800233 (60.0%), 204.0 MBs/sec
2025-01-13T20:04:50.3602101Z Cache Size: ~340 MB (356800233 B)
2025-01-13T20:04:50.3641030Z [command]/usr/bin/tar -xf /home/runner/work/_temp/074056ec-374a-4c38-b6cd-b7b3f05d0830/cache.tzst -P -C /home/runner/work/tardis/tardis --use-compress-program unzstd
2025-01-13T20:04:50.8382992Z Cache restored successfully
2025-01-13T20:04:50.8612496Z Received 356800233 of 356800233 (100.0%), 170.1 MBs/sec
2025-01-13T20:04:50.9098389Z Restored cache with key `d7cd390425b0fd3cf82649dcc003efba9915fb4928f15d342148c3ccffcbe2ee-linux-64`
2025-01-13T20:04:50.9100754Z ##[endgroup]
2025-01-13T20:04:50.9111891Z ##[group]Restoring environment `tardis` from `/home/runner/micromamba/envs/tardis` ...
2025-01-13T20:04:52.0565548Z Received 209715200 of 444592193 (47.2%), 199.8 MBs/sec
2025-01-13T20:04:52.8592021Z Cache Size: ~424 MB (444592193 B)
2025-01-13T20:04:52.8629166Z [command]/usr/bin/tar -xf /home/runner/work/_temp/694b6774-d0fb-476f-99e4-ccfdd167bd37/cache.tzst -P -C /home/runner/work/tardis/tardis --use-compress-program unzstd
2025-01-13T20:04:53.0594580Z Received 444592193 of 444592193 (100.0%), 211.8 MBs/sec
2025-01-13T20:04:58.3130245Z Cache restored successfully
2025-01-13T20:04:58.5195127Z Restored cache with key `d7cd390425b0fd3cf82649dcc003efba9915fb4928f15d342148c3ccffcbe2ee-linux-64-tardis-args-4f53cda-root-dcc80ee-bin-[object Promise]-file-d7cd390425b0fd3cf82649dcc003efba9915fb4928f15d342148c3ccffcbe2ee`
2025-01-13T20:04:58.5196904Z ##[endgroup]
2025-01-13T20:04:58.5197223Z Adding environment tardis to auto-activate bash ...
2025-01-13T20:04:58.5207002Z Generating micromamba run shell.
2025-01-13T20:04:58.5216086Z ##[endgroup]
2025-01-13T20:04:58.5222156Z Set environment variables.
2025-01-13T20:04:58.5226511Z ##[group]micromamba info
2025-01-13T20:04:58.5230367Z [command]/home/runner/micromamba-bin/micromamba info -r /home/runner/micromamba -n tardis
2025-01-13T20:04:58.5459821Z 
2025-01-13T20:04:58.5460566Z        libmamba version : 1.5.10
2025-01-13T20:04:58.5461348Z      micromamba version : 1.5.10
2025-01-13T20:04:58.5462039Z            curl version : libcurl/8.10.1 OpenSSL/3.3.2 zlib/1.3.1 zstd/1.5.6 libssh2/1.11.0 nghttp2/1.58.0
2025-01-13T20:04:58.5462744Z      libarchive version : libarchive 3.7.4 zlib/1.2.13 bz2lib/1.0.8 libzstd/1.5.6
2025-01-13T20:04:58.5463188Z        envs directories : /home/runner/micromamba/envs
2025-01-13T20:04:58.5463536Z           package cache : /home/runner/micromamba/pkgs
2025-01-13T20:04:58.5463894Z                           /home/runner/.mamba/pkgs
2025-01-13T20:04:58.5464183Z             environment : tardis
2025-01-13T20:04:58.5464490Z            env location : /home/runner/micromamba/envs/tardis
2025-01-13T20:04:58.5464820Z       user config files : /home/runner/.mambarc
2025-01-13T20:04:58.5465219Z  populated config files : /home/runner/work/_temp/setup-micromamba/.condarc
2025-01-13T20:04:58.5465606Z        virtual packages : __unix=0=0
2025-01-13T20:04:58.5465924Z                           __linux=6.8.0=0
2025-01-13T20:04:58.5466304Z                           __glibc=2.39=0
2025-01-13T20:04:58.5466580Z                           __archspec=1=x86_64_v3
2025-01-13T20:04:58.5466951Z                channels : https://conda.anaconda.org/conda-forge/linux-64
2025-01-13T20:04:58.5467388Z                           https://conda.anaconda.org/conda-forge/noarch
2025-01-13T20:04:58.5467737Z        base environment : /home/runner/micromamba
2025-01-13T20:04:58.5468035Z                platform : linux-64
2025-01-13T20:04:58.5476694Z ##[endgroup]
2025-01-13T20:04:58.5477810Z ##[group]micromamba list
2025-01-13T20:04:58.5479093Z [command]/home/runner/micromamba-bin/micromamba list -r /home/runner/micromamba -n tardis
2025-01-13T20:04:58.9386750Z List of packages in environment: "/home/runner/micromamba/envs/tardis"
2025-01-13T20:04:58.9387492Z 
2025-01-13T20:04:58.9387897Z   Name                           Version              Build                    Channel    
2025-01-13T20:04:58.9389607Z â”€â”€â”€â”€â”€â”€â”€â”€â”€â”€â”€â”€â”€â”€â”€â”€â”€â”€â”€â”€â”€â”€â”€â”€â”€â”€â”€â”€â”€â”€â”€â”€â”€â”€â”€â”€â”€â”€â”€â”€â”€â”€â”€â”€â”€â”€â”€â”€â”€â”€â”€â”€â”€â”€â”€â”€â”€â”€â”€â”€â”€â”€â”€â”€â”€â”€â”€â”€â”€â”€â”€â”€â”€â”€â”€â”€â”€â”€â”€â”€â”€â”€â”€â”€â”€â”€â”€â”€â”€â”€â”€â”€
2025-01-13T20:04:58.9390397Z   _libgcc_mutex                  0.1                  conda_forge              conda-forge
2025-01-13T20:04:58.9391102Z   _openmp_mutex                  4.5                  2_gnu                    conda-forge
2025-01-13T20:04:58.9391757Z   alabaster                      0.7.16               pyhd8ed1ab_0             conda-forge
2025-01-13T20:04:58.9392381Z   anyio                          4.4.0                pyhd8ed1ab_0             conda-forge
2025-01-13T20:04:58.9393056Z   argon2-cffi                    23.1.0               pyhd8ed1ab_0             conda-forge
2025-01-13T20:04:58.9393808Z   argon2-cffi-bindings           21.2.0               py312h98912ed_4          conda-forge
2025-01-13T20:04:58.9394323Z   arrow                          1.3.0                pyhd8ed1ab_0             conda-forge
2025-01-13T20:04:58.9394691Z   astropy                        6.1.1                py312h085067d_0          conda-forge
2025-01-13T20:04:58.9395127Z   astropy-iers-data              0.2024.6.17.0.31.35  pyhd8ed1ab_0             conda-forge
2025-01-13T20:04:58.9395582Z   astropy-sphinx-theme           1.1                  pyhd8ed1ab_0             conda-forge
2025-01-13T20:04:58.9396012Z   asttokens                      2.4.1                pyhd8ed1ab_0             conda-forge
2025-01-13T20:04:58.9396455Z   async-lru                      2.0.4                pyhd8ed1ab_0             conda-forge
2025-01-13T20:04:58.9396823Z   atk-1.0                        2.38.0               h04ea711_2               conda-forge
2025-01-13T20:04:58.9397559Z   attrs                          23.2.0               pyh71513ae_0             conda-forge
2025-01-13T20:04:58.9397912Z   babel                          2.14.0               pyhd8ed1ab_0             conda-forge
2025-01-13T20:04:58.9398295Z   beautifulsoup4                 4.12.3               pyha770c72_0             conda-forge
2025-01-13T20:04:58.9398996Z   bleach                         6.1.0                pyhd8ed1ab_0             conda-forge
2025-01-13T20:04:58.9399382Z   blosc                          1.21.5               hc2324a3_1               conda-forge
2025-01-13T20:04:58.9399927Z   brotli                         1.1.0                hd590300_1               conda-forge
2025-01-13T20:04:58.9400288Z   brotli-bin                     1.1.0                hd590300_1               conda-forge
2025-01-13T20:04:58.9400671Z   brotli-python                  1.1.0                py312h30efb56_1          conda-forge
2025-01-13T20:04:58.9401051Z   bzip2                          1.0.8                hd590300_5               conda-forge
2025-01-13T20:04:58.9401391Z   c-ares                         1.28.1               hd590300_0               conda-forge
2025-01-13T20:04:58.9401734Z   c-blosc2                       2.14.4               hb4ffafa_1               conda-forge
2025-01-13T20:04:58.9402115Z   ca-certificates                2024.6.2             hbcca054_0               conda-forge
2025-01-13T20:04:58.9402522Z   cached-property                1.5.2                hd8ed1ab_1               conda-forge
2025-01-13T20:04:58.9402931Z   cached_property                1.5.2                pyha770c72_1             conda-forge
2025-01-13T20:04:58.9403303Z   cairo                          1.18.0               h3faef2a_0               conda-forge
2025-01-13T20:04:58.9403674Z   certifi                        2024.6.2             pyhd8ed1ab_0             conda-forge
2025-01-13T20:04:58.9404236Z   cffi                           1.16.0               py312hf06ca03_0          conda-forge
2025-01-13T20:04:58.9404636Z   charset-normalizer             3.3.2                pyhd8ed1ab_0             conda-forge
2025-01-13T20:04:58.9405023Z   click                          8.1.7                unix_pyh707e725_0        conda-forge
2025-01-13T20:04:58.9405380Z   codespell                      2.3.0                pyhd8ed1ab_0             conda-forge
2025-01-13T20:04:58.9405746Z   colorama                       0.4.6                pyhd8ed1ab_0             conda-forge
2025-01-13T20:04:58.9406096Z   comm                           0.2.2                pyhd8ed1ab_0             conda-forge
2025-01-13T20:04:58.9406444Z   commonmark                     0.9.1                py_0                     conda-forge
2025-01-13T20:04:58.9406816Z   contourpy                      1.2.1                py312h8572e83_0          conda-forge
2025-01-13T20:04:58.9407177Z   coverage                       7.5.3                py312h9a8786e_0          conda-forge
2025-01-13T20:04:58.9407535Z   cycler                         0.12.1               pyhd8ed1ab_0             conda-forge
2025-01-13T20:04:58.9407901Z   dataclasses                    0.8                  pyhc8e2a94_3             conda-forge
2025-01-13T20:04:58.9408267Z   debugpy                        1.8.1                py312h30efb56_0          conda-forge
2025-01-13T20:04:58.9408855Z   decorator                      5.1.1                pyhd8ed1ab_0             conda-forge
2025-01-13T20:04:58.9409249Z   defusedxml                     0.7.1                pyhd8ed1ab_0             conda-forge
2025-01-13T20:04:58.9409614Z   docutils                       0.20.1               py312h7900ff3_3          conda-forge
2025-01-13T20:04:58.9409985Z   dot2tex                        2.11.3               pyhd8ed1ab_0             conda-forge
2025-01-13T20:04:58.9410357Z   entrypoints                    0.4                  pyhd8ed1ab_0             conda-forge
2025-01-13T20:04:58.9410755Z   exceptiongroup                 1.2.0                pyhd8ed1ab_2             conda-forge
2025-01-13T20:04:58.9411276Z   executing                      2.0.1                pyhd8ed1ab_0             conda-forge
2025-01-13T20:04:58.9411628Z   expat                          2.6.2                h59595ed_0               conda-forge
2025-01-13T20:04:58.9412024Z   font-ttf-dejavu-sans-mono      2.37                 hab24e00_0               conda-forge
2025-01-13T20:04:58.9412469Z   font-ttf-inconsolata           3.000                h77eed37_0               conda-forge
2025-01-13T20:04:58.9412920Z   font-ttf-source-code-pro       2.038                h77eed37_0               conda-forge
2025-01-13T20:04:58.9413343Z   font-ttf-ubuntu                0.83                 h77eed37_2               conda-forge
2025-01-13T20:04:58.9413726Z   fontconfig                     2.14.2               h14ed4e7_0               conda-forge
2025-01-13T20:04:58.9414129Z   fonts-conda-ecosystem          1                    0                        conda-forge
2025-01-13T20:04:58.9414543Z   fonts-conda-forge              1                    0                        conda-forge
2025-01-13T20:04:58.9414933Z   fonttools                      4.53.0               py312h9a8786e_0          conda-forge
2025-01-13T20:04:58.9415283Z   fqdn                           1.5.1                pyhd8ed1ab_0             conda-forge
2025-01-13T20:04:58.9415633Z   freetype                       2.12.1               h267a509_2               conda-forge
2025-01-13T20:04:58.9415984Z   fribidi                        1.0.10               h36c2ea0_0               conda-forge
2025-01-13T20:04:58.9416333Z   future                         1.0.0                pyhd8ed1ab_0             conda-forge
2025-01-13T20:04:58.9416694Z   gdk-pixbuf                     2.42.12              hb9ae30d_0               conda-forge
2025-01-13T20:04:58.9417247Z   giflib                         5.2.2                hd590300_0               conda-forge
2025-01-13T20:04:58.9417744Z   git-lfs                        3.5.1                ha770c72_0               conda-forge
2025-01-13T20:04:58.9418096Z   gmp                            6.3.0                h59595ed_1               conda-forge
2025-01-13T20:04:58.9418434Z   gmpy2                          2.1.5                py312h1d5cde6_1          conda-forge
2025-01-13T20:04:58.9418981Z   graphite2                      1.3.13               h59595ed_1003            conda-forge
2025-01-13T20:04:58.9419343Z   graphviz                       11.0.0               hc68bbd7_0               conda-forge
2025-01-13T20:04:58.9419685Z   gtk2                           2.24.33              h280cfa0_4               conda-forge
2025-01-13T20:04:58.9420009Z   gts                            0.7.6                h977cf35_4               conda-forge
2025-01-13T20:04:58.9420328Z   h11                            0.14.0               pyhd8ed1ab_0             conda-forge
2025-01-13T20:04:58.9420645Z   h2                             4.1.0                pyhd8ed1ab_0             conda-forge
2025-01-13T20:04:58.9420986Z   h5py                           3.11.0               nompi_py312hb7ab980_102  conda-forge
2025-01-13T20:04:58.9421337Z   harfbuzz                       8.5.0                hfac3d4d_0               conda-forge
2025-01-13T20:04:58.9421678Z   hdf5                           1.14.3               nompi_hdf9ad27_105       conda-forge
2025-01-13T20:04:58.9422019Z   hpack                          4.0.0                pyh9f0ad1d_0             conda-forge
2025-01-13T20:04:58.9422371Z   httpcore                       1.0.5                pyhd8ed1ab_0             conda-forge
2025-01-13T20:04:58.9422834Z   httpx                          0.27.0               pyhd8ed1ab_0             conda-forge
2025-01-13T20:04:58.9423195Z   hyperframe                     6.0.1                pyhd8ed1ab_0             conda-forge
2025-01-13T20:04:58.9423652Z   icu                            73.2                 h59595ed_0               conda-forge
2025-01-13T20:04:58.9424226Z   idna                           3.7                  pyhd8ed1ab_0             conda-forge
2025-01-13T20:04:58.9425025Z   imagesize                      1.4.1                pyhd8ed1ab_0             conda-forge
2025-01-13T20:04:58.9425483Z   importlib-metadata             7.1.0                pyha770c72_0             conda-forge
2025-01-13T20:04:58.9425915Z   importlib_metadata             7.1.0                hd8ed1ab_0               conda-forge
2025-01-13T20:04:58.9426334Z   importlib_resources            6.4.0                pyhd8ed1ab_0             conda-forge
2025-01-13T20:04:58.9426842Z   iniconfig                      2.0.0                pyhd8ed1ab_0             conda-forge
2025-01-13T20:04:58.9427492Z   ipykernel                      6.29.4               pyh3099207_0             conda-forge
2025-01-13T20:04:58.9428043Z   ipython                        8.25.0               pyh707e725_0             conda-forge
2025-01-13T20:04:58.9428871Z   ipython_genutils               0.2.0                pyhd8ed1ab_1             conda-forge
2025-01-13T20:04:58.9429576Z   ipywidgets                     7.8.0                pyhd8ed1ab_0             conda-forge
2025-01-13T20:04:58.9430213Z   isoduration                    20.11.0              pyhd8ed1ab_0             conda-forge
2025-01-13T20:04:58.9430889Z   jedi                           0.19.1               pyhd8ed1ab_0             conda-forge
2025-01-13T20:04:58.9431482Z   jinja2                         3.1.4                pyhd8ed1ab_0             conda-forge
2025-01-13T20:04:58.9432068Z   json5                          0.9.25               pyhd8ed1ab_0             conda-forge
2025-01-13T20:04:58.9432719Z   jsonpointer                    3.0.0                py312h7900ff3_0          conda-forge
2025-01-13T20:04:58.9433378Z   jsonschema                     4.22.0               pyhd8ed1ab_0             conda-forge
2025-01-13T20:04:58.9433840Z   jsonschema-specifications      2023.12.1            pyhd8ed1ab_0             conda-forge
2025-01-13T20:04:58.9434531Z   jsonschema-with-format-nongpl  4.22.0               pyhd8ed1ab_0             conda-forge
2025-01-13T20:04:58.9435018Z   jupyter-lsp                    2.2.5                pyhd8ed1ab_0             conda-forge
2025-01-13T20:04:58.9435425Z   jupyter_client                 8.6.2                pyhd8ed1ab_0             conda-forge
2025-01-13T20:04:58.9435815Z   jupyter_core                   5.7.2                py312h7900ff3_0          conda-forge
2025-01-13T20:04:58.9436197Z   jupyter_events                 0.10.0               pyhd8ed1ab_0             conda-forge
2025-01-13T20:04:58.9436596Z   jupyter_server                 2.14.1               pyhd8ed1ab_0             conda-forge
2025-01-13T20:04:58.9437012Z   jupyter_server_terminals       0.5.3                pyhd8ed1ab_0             conda-forge
2025-01-13T20:04:58.9437423Z   jupyterlab                     4.2.2                pyhd8ed1ab_0             conda-forge
2025-01-13T20:04:58.9437824Z   jupyterlab_pygments            0.3.0                pyhd8ed1ab_1             conda-forge
2025-01-13T20:04:58.9438245Z   jupyterlab_server              2.27.2               pyhd8ed1ab_0             conda-forge
2025-01-13T20:04:58.9438907Z   jupyterlab_widgets             1.1.7                pyhd8ed1ab_0             conda-forge
2025-01-13T20:04:58.9439306Z   keyutils                       1.6.1                h166bdaf_0               conda-forge
2025-01-13T20:04:58.9439668Z   kiwisolver                     1.4.5                py312h8572e83_1          conda-forge
2025-01-13T20:04:58.9440022Z   krb5                           1.21.2               h659d440_0               conda-forge
2025-01-13T20:04:58.9440367Z   latexcodec                     2.0.1                pyh9f0ad1d_0             conda-forge
2025-01-13T20:04:58.9440716Z   lcms2                          2.16                 hb7c19ff_0               conda-forge
2025-01-13T20:04:58.9441070Z   ld_impl_linux-64               2.40                 hf3520f5_7               conda-forge
2025-01-13T20:04:58.9441414Z   lerc                           4.0.0                h27087fc_0               conda-forge
2025-01-13T20:04:58.9441748Z   libaec                         1.1.3                h59595ed_0               conda-forge
2025-01-13T20:04:58.9442280Z   libblas                        3.9.0                22_linux64_openblas      conda-forge
2025-01-13T20:04:58.9442661Z   libbrotlicommon                1.1.0                hd590300_1               conda-forge
2025-01-13T20:04:58.9443053Z   libbrotlidec                   1.1.0                hd590300_1               conda-forge
2025-01-13T20:04:58.9443436Z   libbrotlienc                   1.1.0                hd590300_1               conda-forge
2025-01-13T20:04:58.9443810Z   libcblas                       3.9.0                22_linux64_openblas      conda-forge
2025-01-13T20:04:58.9444162Z   libcurl                        8.8.0                hca28451_0               conda-forge
2025-01-13T20:04:58.9444515Z   libdeflate                     1.20                 hd590300_0               conda-forge
2025-01-13T20:04:58.9444888Z   libedit                        3.1.20191231         he28a2e2_2               conda-forge
2025-01-13T20:04:58.9445243Z   libev                          4.33                 hd590300_2               conda-forge
2025-01-13T20:04:58.9445585Z   libexpat                       2.6.2                h59595ed_0               conda-forge
2025-01-13T20:04:58.9445931Z   libffi                         3.4.2                h7f98852_5               conda-forge
2025-01-13T20:04:58.9446277Z   libgcc-ng                      13.2.0               h77fa898_10              conda-forge
2025-01-13T20:04:58.9446618Z   libgd                          2.3.3                h119a65a_9               conda-forge
2025-01-13T20:04:58.9446981Z   libgfortran-ng                 13.2.0               h69a702a_10              conda-forge
2025-01-13T20:04:58.9447375Z   libgfortran5                   13.2.0               h3d2ce59_10              conda-forge
2025-01-13T20:04:58.9447739Z   libglib                        2.80.2               h8a4344b_1               conda-forge
2025-01-13T20:04:58.9448210Z   libgomp                        13.2.0               h77fa898_10              conda-forge
2025-01-13T20:04:58.9448577Z   libiconv                       1.17                 hd590300_2               conda-forge
2025-01-13T20:04:58.9449136Z   libjpeg-turbo                  3.0.0                hd590300_1               conda-forge
2025-01-13T20:04:58.9449516Z   liblapack                      3.9.0                22_linux64_openblas      conda-forge
2025-01-13T20:04:58.9449891Z   libllvm14                      14.0.6               hcd5def8_4               conda-forge
2025-01-13T20:04:58.9450265Z   libnghttp2                     1.58.0               h47da74e_1               conda-forge
2025-01-13T20:04:58.9450624Z   libnsl                         2.0.1                hd590300_0               conda-forge
2025-01-13T20:04:58.9450999Z   libopenblas                    0.3.27               pthreads_h413a1c8_0      conda-forge
2025-01-13T20:04:58.9451376Z   libpng                         1.6.43               h2797004_0               conda-forge
2025-01-13T20:04:58.9451724Z   librsvg                        2.58.1               hadf69e7_0               conda-forge
2025-01-13T20:04:58.9452080Z   libsodium                      1.0.18               h36c2ea0_1               conda-forge
2025-01-13T20:04:58.9452448Z   libsqlite                      3.46.0               hde9e2c9_0               conda-forge
2025-01-13T20:04:58.9452806Z   libssh2                        1.11.0               h0841786_0               conda-forge
2025-01-13T20:04:58.9453167Z   libstdcxx-ng                   13.2.0               hc0a3c3a_10              conda-forge
2025-01-13T20:04:58.9453526Z   libtiff                        4.6.0                h1dd3fc0_3               conda-forge
2025-01-13T20:04:58.9453875Z   libuuid                        2.38.1               h0b41bf4_0               conda-forge
2025-01-13T20:04:58.9454219Z   libwebp                        1.4.0                h2c329e2_0               conda-forge
2025-01-13T20:04:58.9454583Z   libwebp-base                   1.4.0                hd590300_0               conda-forge
2025-01-13T20:04:58.9455166Z   libxcb                         1.15                 h0b41bf4_0               conda-forge
2025-01-13T20:04:58.9455514Z   libxcrypt                      4.4.36               hd590300_1               conda-forge
2025-01-13T20:04:58.9455866Z   libxml2                        2.12.7               hc051c1a_1               conda-forge
2025-01-13T20:04:58.9456213Z   libxslt                        1.1.39               h76b75d6_0               conda-forge
2025-01-13T20:04:58.9456559Z   libzlib                        1.3.1                h4ab18f5_1               conda-forge
2025-01-13T20:04:58.9456911Z   llvmlite                       0.42.0               py312hb06c811_1          conda-forge
2025-01-13T20:04:58.9457255Z   lxml                           5.2.2                py312hb90d8a5_0          conda-forge
2025-01-13T20:04:58.9457593Z   lz4-c                          1.9.4                hcb278e6_0               conda-forge
2025-01-13T20:04:58.9457915Z   lzo                            2.10                 hd590300_1001            conda-forge
2025-01-13T20:04:58.9458258Z   markupsafe                     2.1.5                py312h98912ed_0          conda-forge
2025-01-13T20:04:58.9458827Z   matplotlib-base                3.8.4                py312h20ab3a6_2          conda-forge
2025-01-13T20:04:58.9459247Z   matplotlib-inline              0.1.7                pyhd8ed1ab_0             conda-forge
2025-01-13T20:04:58.9459639Z   mistune                        3.0.2                pyhd8ed1ab_0             conda-forge
2025-01-13T20:04:58.9459977Z   mpc                            1.3.1                hfe3b2da_0               conda-forge
2025-01-13T20:04:58.9460306Z   mpfr                           4.2.1                h9458935_1               conda-forge
2025-01-13T20:04:58.9460641Z   mpmath                         1.3.0                pyhd8ed1ab_0             conda-forge
2025-01-13T20:04:58.9461344Z   munkres                        1.1.4                pyh9f0ad1d_0             conda-forge
2025-01-13T20:04:58.9461740Z   mypy_extensions                1.0.0                pyha770c72_0             conda-forge
2025-01-13T20:04:58.9462121Z   nbclassic                      1.1.0                pyhd8ed1ab_0             conda-forge
2025-01-13T20:04:58.9462489Z   nbclient                       0.10.0               pyhd8ed1ab_0             conda-forge
2025-01-13T20:04:58.9462850Z   nbconvert                      7.16.4               hd8ed1ab_1               conda-forge
2025-01-13T20:04:58.9463240Z   nbconvert-core                 7.16.4               pyhd8ed1ab_1             conda-forge
2025-01-13T20:04:58.9463653Z   nbconvert-pandoc               7.16.4               hd8ed1ab_1               conda-forge
2025-01-13T20:04:58.9464044Z   nbformat                       5.10.4               pyhd8ed1ab_0             conda-forge
2025-01-13T20:04:58.9464408Z   nbsphinx                       0.9.4                pyhd8ed1ab_0             conda-forge
2025-01-13T20:04:58.9464763Z   ncurses                        6.5                  h59595ed_0               conda-forge
2025-01-13T20:04:58.9465123Z   nest-asyncio                   1.6.0                pyhd8ed1ab_0             conda-forge
2025-01-13T20:04:58.9465500Z   networkx                       3.3                  pyhd8ed1ab_1             conda-forge
2025-01-13T20:04:58.9465843Z   nomkl                          1.0                  h5ca1d4c_0               conda-forge
2025-01-13T20:04:58.9466190Z   notebook                       7.2.1                pyhd8ed1ab_0             conda-forge
2025-01-13T20:04:58.9466565Z   notebook-shim                  0.2.4                pyhd8ed1ab_0             conda-forge
2025-01-13T20:04:58.9466927Z   numba                          0.59.1               py312hacefee8_0          conda-forge
2025-01-13T20:04:58.9467280Z   numexpr                        2.10.0               py312hf412c99_100        conda-forge
2025-01-13T20:04:58.9467633Z   numpy                          1.26.4               py312heda63a1_0          conda-forge
2025-01-13T20:04:58.9468117Z   numpydoc                       1.7.0                pyhd8ed1ab_1             conda-forge
2025-01-13T20:04:58.9468475Z   openjpeg                       2.5.2                h488ebb8_0               conda-forge
2025-01-13T20:04:58.9469026Z   openssl                        3.3.1                h4ab18f5_0               conda-forge
2025-01-13T20:04:58.9469383Z   overrides                      7.7.0                pyhd8ed1ab_0             conda-forge
2025-01-13T20:04:58.9469750Z   packaging                      24.1                 pyhd8ed1ab_0             conda-forge
2025-01-13T20:04:58.9470116Z   pandas                         2.2.2                py312h1d6d2e6_1          conda-forge
2025-01-13T20:04:58.9470492Z   pandoc                         3.2                  ha770c72_0               conda-forge
2025-01-13T20:04:58.9470869Z   pandocfilters                  1.5.0                pyhd8ed1ab_0             conda-forge
2025-01-13T20:04:58.9471242Z   pango                          1.54.0               h84a9a3c_0               conda-forge
2025-01-13T20:04:58.9471582Z   parso                          0.8.4                pyhd8ed1ab_0             conda-forge
2025-01-13T20:04:58.9471937Z   pathspec                       0.12.1               pyhd8ed1ab_0             conda-forge
2025-01-13T20:04:58.9472283Z   pbr                            6.0.0                pyhd8ed1ab_0             conda-forge
2025-01-13T20:04:58.9472622Z   pcre2                          10.44                h0f59acf_0               conda-forge
2025-01-13T20:04:58.9472970Z   pexpect                        4.9.0                pyhd8ed1ab_0             conda-forge
2025-01-13T20:04:58.9473334Z   pickleshare                    0.7.5                py_1003                  conda-forge
2025-01-13T20:04:58.9473700Z   pillow                         10.3.0               py312hdcec9eb_0          conda-forge
2025-01-13T20:04:58.9474175Z   pip                            24.0                 pyhd8ed1ab_0             conda-forge
2025-01-13T20:04:58.9474523Z   pixman                         0.43.2               h59595ed_0               conda-forge
2025-01-13T20:04:58.9474917Z   pkgutil-resolve-name           1.3.10               pyhd8ed1ab_1             conda-forge
2025-01-13T20:04:58.9475333Z   platformdirs                   4.2.2                pyhd8ed1ab_0             conda-forge
2025-01-13T20:04:58.9475701Z   plotly                         5.22.0               pyhd8ed1ab_0             conda-forge
2025-01-13T20:04:58.9476057Z   pluggy                         1.5.0                pyhd8ed1ab_0             conda-forge
2025-01-13T20:04:58.9476439Z   prometheus_client              0.20.0               pyhd8ed1ab_0             conda-forge
2025-01-13T20:04:58.9476848Z   prompt-toolkit                 3.0.47               pyha770c72_0             conda-forge
2025-01-13T20:04:58.9477243Z   psutil                         5.9.8                py312h98912ed_0          conda-forge
2025-01-13T20:04:58.9477671Z   pthread-stubs                  0.4                  h36c2ea0_1001            conda-forge
2025-01-13T20:04:58.9478068Z   ptyprocess                     0.7.0                pyhd3deb0d_0             conda-forge
2025-01-13T20:04:58.9478443Z   pure_eval                      0.2.2                pyhd8ed1ab_0             conda-forge
2025-01-13T20:04:58.9479012Z   py-cpuinfo                     9.0.0                pyhd8ed1ab_0             conda-forge
2025-01-13T20:04:58.9479381Z   pybtex                         0.24.0               pyhd8ed1ab_2             conda-forge
2025-01-13T20:04:58.9479761Z   pybtex-docutils                1.0.3                py312h7900ff3_1          conda-forge
2025-01-13T20:04:58.9480147Z   pycparser                      2.22                 pyhd8ed1ab_0             conda-forge
2025-01-13T20:04:58.9480512Z   pyerfa                         2.0.1.4              py312h085067d_1          conda-forge
2025-01-13T20:04:58.9480875Z   pygments                       2.18.0               pyhd8ed1ab_0             conda-forge
2025-01-13T20:04:58.9481378Z   pygraphviz                     1.13                 py312h4a1d8a7_1          conda-forge
2025-01-13T20:04:58.9481746Z   pyparsing                      3.1.2                pyhd8ed1ab_0             conda-forge
2025-01-13T20:04:58.9482105Z   pysocks                        1.7.1                pyha2e5f31_6             conda-forge
2025-01-13T20:04:58.9482459Z   pytables                       3.9.2                py312h96d95ec_2          conda-forge
2025-01-13T20:04:58.9482812Z   pytest                         8.2.2                pyhd8ed1ab_0             conda-forge
2025-01-13T20:04:58.9483171Z   pytest-cov                     5.0.0                pyhd8ed1ab_0             conda-forge
2025-01-13T20:04:58.9483571Z   pytest-doctestplus             1.2.1                pyhd8ed1ab_0             conda-forge
2025-01-13T20:04:58.9483975Z   pytest-html                    4.1.1                pyhd8ed1ab_0             conda-forge
2025-01-13T20:04:58.9484370Z   pytest-metadata                3.1.1                pyhd8ed1ab_0             conda-forge
2025-01-13T20:04:58.9484747Z   python                         3.12.4               h194c7f8_0_cpython       conda-forge
2025-01-13T20:04:58.9485124Z   python-dateutil                2.9.0                pyhd8ed1ab_0             conda-forge
2025-01-13T20:04:58.9485550Z   python-fastjsonschema          2.20.0               pyhd8ed1ab_0             conda-forge
2025-01-13T20:04:58.9485985Z   python-json-logger             2.0.7                pyhd8ed1ab_0             conda-forge
2025-01-13T20:04:58.9486396Z   python-tzdata                  2024.1               pyhd8ed1ab_0             conda-forge
2025-01-13T20:04:58.9486774Z   python_abi                     3.12                 4_cp312                  conda-forge
2025-01-13T20:04:58.9487125Z   pytz                           2024.1               pyhd8ed1ab_0             conda-forge
2025-01-13T20:04:58.9487587Z   pyyaml                         6.0.1                py312h98912ed_1          conda-forge
2025-01-13T20:04:58.9487938Z   pyzmq                          26.0.3               py312h8fd38d8_0          conda-forge
2025-01-13T20:04:58.9488276Z   qgrid                          1.3.1                pyhd8ed1ab_4             conda-forge
2025-01-13T20:04:58.9488858Z   radioactivedecay               0.5.1                pyhd8ed1ab_0             conda-forge
2025-01-13T20:04:58.9489255Z   readline                       8.2                  h8228510_1               conda-forge
2025-01-13T20:04:58.9489626Z   recommonmark                   0.7.1                pyhd8ed1ab_0             conda-forge
2025-01-13T20:04:58.9490013Z   referencing                    0.35.1               pyhd8ed1ab_0             conda-forge
2025-01-13T20:04:58.9490386Z   requests                       2.32.3               pyhd8ed1ab_0             conda-forge
2025-01-13T20:04:58.9490777Z   rfc3339-validator              0.1.4                pyhd8ed1ab_0             conda-forge
2025-01-13T20:04:58.9491197Z   rfc3986-validator              0.1.1                pyh9f0ad1d_0             conda-forge
2025-01-13T20:04:58.9491579Z   rpds-py                        0.18.1               py312h4413252_0          conda-forge
2025-01-13T20:04:58.9491914Z   ruff                           0.4.9                py312h5715c7c_0          conda-forge
2025-01-13T20:04:58.9492247Z   scipy                          1.13.1               py312hc2bc53b_0          conda-forge
2025-01-13T20:04:58.9492605Z   send2trash                     1.8.3                pyh0d859eb_0             conda-forge
2025-01-13T20:04:58.9492997Z   setuptools                     70.0.0               pyhd8ed1ab_0             conda-forge
2025-01-13T20:04:58.9493385Z   setuptools-scm                 8.1.0                pyhd8ed1ab_0             conda-forge
2025-01-13T20:04:58.9493775Z   setuptools_scm                 8.1.0                hd8ed1ab_0               conda-forge
2025-01-13T20:04:58.9494147Z   six                            1.16.0               pyh6c4a22f_0             conda-forge
2025-01-13T20:04:58.9494673Z   snakeviz                       2.2.0                pyhd8ed1ab_0             conda-forge
2025-01-13T20:04:58.9495025Z   snappy                         1.2.0                hdb0a2a9_1               conda-forge
2025-01-13T20:04:58.9495369Z   sniffio                        1.3.1                pyhd8ed1ab_0             conda-forge
2025-01-13T20:04:58.9495745Z   snowballstemmer                2.2.0                pyhd8ed1ab_0             conda-forge
2025-01-13T20:04:58.9496131Z   soupsieve                      2.5                  pyhd8ed1ab_1             conda-forge
2025-01-13T20:04:58.9496483Z   sphinx                         7.3.7                pyhd8ed1ab_0             conda-forge
2025-01-13T20:04:58.9496852Z   sphinx-astropy                 1.9.1                pyhd8ed1ab_0             conda-forge
2025-01-13T20:04:58.9497261Z   sphinx-automodapi              0.17.0               pyh717bed2_1             conda-forge
2025-01-13T20:04:58.9497673Z   sphinx-gallery                 0.16.0               pyhd8ed1ab_0             conda-forge
2025-01-13T20:04:58.9498085Z   sphinx-jsonschema              1.19.1               pyhd8ed1ab_0             conda-forge
2025-01-13T20:04:58.9498515Z   sphinx_bootstrap_theme         0.8.1                pyhd8ed1ab_0             conda-forge
2025-01-13T20:04:58.9499099Z   sphinx_rtd_theme               2.0.0                pyha770c72_0             conda-forge
2025-01-13T20:04:58.9499509Z   sphinxcontrib-apidoc           0.3.0                py_1                     conda-forge
2025-01-13T20:04:58.9499966Z   sphinxcontrib-applehelp        1.0.8                pyhd8ed1ab_0             conda-forge
2025-01-13T20:04:58.9500418Z   sphinxcontrib-bibtex           2.6.2                pyhd8ed1ab_0             conda-forge
2025-01-13T20:04:58.9500864Z   sphinxcontrib-devhelp          1.0.6                pyhd8ed1ab_0             conda-forge
2025-01-13T20:04:58.9501460Z   sphinxcontrib-htmlhelp         2.0.5                pyhd8ed1ab_0             conda-forge
2025-01-13T20:04:58.9501917Z   sphinxcontrib-jquery           4.1                  pyhd8ed1ab_0             conda-forge
2025-01-13T20:04:58.9502355Z   sphinxcontrib-jsmath           1.0.1                pyhd8ed1ab_0             conda-forge
2025-01-13T20:04:58.9502795Z   sphinxcontrib-qthelp           1.0.7                pyhd8ed1ab_0             conda-forge
2025-01-13T20:04:58.9503273Z   sphinxcontrib-serializinghtml  1.1.10               pyhd8ed1ab_0             conda-forge
2025-01-13T20:04:58.9503713Z   stack_data                     0.6.2                pyhd8ed1ab_0             conda-forge
2025-01-13T20:04:58.9504066Z   sympy                          1.12.1               pypyh2585a3b_103         conda-forge
2025-01-13T20:04:58.9504425Z   tabulate                       0.9.0                pyhd8ed1ab_1             conda-forge
2025-01-13T20:04:58.9504786Z   tenacity                       8.4.1                pyhd8ed1ab_0             conda-forge
2025-01-13T20:04:58.9505160Z   terminado                      0.18.1               pyh0d859eb_0             conda-forge
2025-01-13T20:04:58.9505533Z   tinycss2                       1.3.0                pyhd8ed1ab_0             conda-forge
2025-01-13T20:04:58.9505871Z   tk                             8.6.13               noxft_h4845f30_101       conda-forge
2025-01-13T20:04:58.9506193Z   toml                           0.10.2               pyhd8ed1ab_0             conda-forge
2025-01-13T20:04:58.9506529Z   tomli                          2.0.1                pyhd8ed1ab_0             conda-forge
2025-01-13T20:04:58.9506883Z   tornado                        6.4.1                py312h9a8786e_0          conda-forge
2025-01-13T20:04:58.9507223Z   tqdm                           4.66.4               pyhd8ed1ab_0             conda-forge
2025-01-13T20:04:58.9507573Z   traitlets                      5.14.3               pyhd8ed1ab_0             conda-forge
2025-01-13T20:04:58.9507947Z   typed-ast                      1.5.5                py312h98912ed_1          conda-forge
2025-01-13T20:04:58.9508489Z   types-python-dateutil          2.9.0.20240316       pyhd8ed1ab_0             conda-forge
2025-01-13T20:04:58.9509126Z   typing-extensions              4.12.2               hd8ed1ab_0               conda-forge
2025-01-13T20:04:58.9509542Z   typing_extensions              4.12.2               pyha770c72_0             conda-forge
2025-01-13T20:04:58.9509933Z   typing_utils                   0.1.0                pyhd8ed1ab_0             conda-forge
2025-01-13T20:04:58.9510300Z   tzdata                         2024a                h0c530f3_0               conda-forge
2025-01-13T20:04:58.9510672Z   uri-template                   1.3.0                pyhd8ed1ab_0             conda-forge
2025-01-13T20:04:58.9511050Z   urllib3                        2.2.2                pyhd8ed1ab_0             conda-forge
2025-01-13T20:04:58.9511411Z   wcwidth                        0.2.13               pyhd8ed1ab_0             conda-forge
2025-01-13T20:04:58.9511779Z   webcolors                      24.6.0               pyhd8ed1ab_0             conda-forge
2025-01-13T20:04:58.9512165Z   webencodings                   0.5.1                pyhd8ed1ab_2             conda-forge
2025-01-13T20:04:58.9512563Z   websocket-client               1.8.0                pyhd8ed1ab_0             conda-forge
2025-01-13T20:04:58.9512941Z   wheel                          0.43.0               pyhd8ed1ab_1             conda-forge
2025-01-13T20:04:58.9513329Z   widgetsnbextension             3.6.6                pyhd8ed1ab_0             conda-forge
2025-01-13T20:04:58.9513735Z   xorg-kbproto                   1.0.7                h7f98852_1002            conda-forge
2025-01-13T20:04:58.9514107Z   xorg-libice                    1.1.1                hd590300_0               conda-forge
2025-01-13T20:04:58.9514466Z   xorg-libsm                     1.2.4                h7391055_0               conda-forge
2025-01-13T20:04:58.9514946Z   xorg-libx11                    1.8.9                h8ee46fc_0               conda-forge
2025-01-13T20:04:58.9515327Z   xorg-libxau                    1.0.11               hd590300_0               conda-forge
2025-01-13T20:04:58.9515701Z   xorg-libxdmcp                  1.1.3                h7f98852_0               conda-forge
2025-01-13T20:04:58.9516075Z   xorg-libxext                   1.3.4                h0b41bf4_2               conda-forge
2025-01-13T20:04:58.9516462Z   xorg-libxrender                0.9.11               hd590300_0               conda-forge
2025-01-13T20:04:58.9516857Z   xorg-renderproto               0.11.1               h7f98852_1002            conda-forge
2025-01-13T20:04:58.9517249Z   xorg-xextproto                 7.3.0                h0b41bf4_1003            conda-forge
2025-01-13T20:04:58.9517627Z   xorg-xproto                    7.0.31               h7f98852_1007            conda-forge
2025-01-13T20:04:58.9517964Z   xz                             5.2.6                h166bdaf_0               conda-forge
2025-01-13T20:04:58.9518281Z   yaml                           0.2.5                h7f98852_2               conda-forge
2025-01-13T20:04:58.9518780Z   zeromq                         4.3.5                h75354e8_4               conda-forge
2025-01-13T20:04:58.9519153Z   zipp                           3.19.2               pyhd8ed1ab_0             conda-forge
2025-01-13T20:04:58.9519481Z   zlib                           1.3.1                h4ab18f5_1               conda-forge
2025-01-13T20:04:58.9519810Z   zlib-ng                        2.0.7                h0b41bf4_0               conda-forge
2025-01-13T20:04:58.9520137Z   zstd                           1.5.6                ha6fb4c9_0               conda-forge
2025-01-13T20:04:58.9520698Z ##[endgroup]
2025-01-13T20:04:58.9570863Z ##[group]Run pip install -e . --user
2025-01-13T20:04:58.9571191Z [36;1mpip install -e . --user[0m
2025-01-13T20:04:58.9601135Z shell: /usr/bin/bash -l {0}
2025-01-13T20:04:58.9601382Z env:
2025-01-13T20:04:58.9601558Z   CACHE_NUMBER: 0
2025-01-13T20:04:58.9602177Z   PYTEST_FLAGS: --tardis-regression-data=/home/runner/work/tardis/tardis/tardis-regression-data --cov=tardis --cov-report=xml --cov-report=html --cov-append
2025-01-13T20:04:58.9603004Z   CODECOV_TOKEN: 
2025-01-13T20:04:58.9603228Z   MAMBA_ROOT_PREFIX: /home/runner/micromamba
2025-01-13T20:04:58.9603538Z   MAMBA_EXE: /home/runner/micromamba-bin/micromamba
2025-01-13T20:04:58.9603887Z   CONDARC: /home/runner/work/_temp/setup-micromamba/.condarc
2025-01-13T20:04:58.9604190Z ##[endgroup]
2025-01-13T20:04:59.6578943Z Obtaining file:///home/runner/work/tardis/tardis
2025-01-13T20:04:59.6607203Z   Installing build dependencies: started
2025-01-13T20:05:02.3482744Z   Installing build dependencies: finished with status 'done'
2025-01-13T20:05:02.3487894Z   Checking if build backend supports build_editable: started
2025-01-13T20:05:02.4711010Z   Checking if build backend supports build_editable: finished with status 'done'
2025-01-13T20:05:02.4719712Z   Getting requirements to build editable: started
2025-01-13T20:05:02.9252278Z   Getting requirements to build editable: finished with status 'done'
2025-01-13T20:05:02.9260835Z   Preparing editable metadata (pyproject.toml): started
2025-01-13T20:05:03.3797229Z   Preparing editable metadata (pyproject.toml): finished with status 'done'
2025-01-13T20:05:03.4394934Z Requirement already satisfied: astropy in /home/runner/micromamba/envs/tardis/lib/python3.12/site-packages (from tardis==0.0.0) (6.1.1)
2025-01-13T20:05:03.4810269Z Requirement already satisfied: numpy>=1.23 in /home/runner/micromamba/envs/tardis/lib/python3.12/site-packages (from astropy->tardis==0.0.0) (1.26.4)
2025-01-13T20:05:03.4822538Z Requirement already satisfied: pyerfa>=2.0.1.1 in /home/runner/micromamba/envs/tardis/lib/python3.12/site-packages (from astropy->tardis==0.0.0) (2.0.1.4)
2025-01-13T20:05:03.4833550Z Requirement already satisfied: astropy-iers-data>=0.2024.5.27.0.30.8 in /home/runner/micromamba/envs/tardis/lib/python3.12/site-packages (from astropy->tardis==0.0.0) (0.2024.6.17.0.31.35)
2025-01-13T20:05:03.4842138Z Requirement already satisfied: PyYAML>=3.13 in /home/runner/micromamba/envs/tardis/lib/python3.12/site-packages (from astropy->tardis==0.0.0) (6.0.1)
2025-01-13T20:05:03.4852026Z Requirement already satisfied: packaging>=19.0 in /home/runner/micromamba/envs/tardis/lib/python3.12/site-packages (from astropy->tardis==0.0.0) (24.1)
2025-01-13T20:05:03.4941175Z Building wheels for collected packages: tardis
2025-01-13T20:05:03.4950516Z   Building editable for tardis (pyproject.toml): started
2025-01-13T20:05:04.2362420Z   Building editable for tardis (pyproject.toml): finished with status 'done'
2025-01-13T20:05:04.2368946Z   Created wheel for tardis: filename=tardis-0.0.0-0.editable-py3-none-any.whl size=8876 sha256=7f77aa987d241ef6f5387eadccfb15858425ea109ef089f2b312f7e3732ea9fa
2025-01-13T20:05:04.2370353Z   Stored in directory: /tmp/pip-ephem-wheel-cache-9bw7wuhh/wheels/6a/c7/ae/89fa6dc2565455898176888ef0e2e475e4e90eb0124afcb995
2025-01-13T20:05:04.2396698Z Successfully built tardis
2025-01-13T20:05:05.0039996Z Installing collected packages: tardis
2025-01-13T20:05:05.0162922Z Successfully installed tardis-0.0.0
2025-01-13T20:05:05.2568366Z ##[group]Run pip install qgridnext
2025-01-13T20:05:05.2568865Z [36;1mpip install qgridnext[0m
2025-01-13T20:05:05.2595161Z shell: /usr/bin/bash -l {0}
2025-01-13T20:05:05.2595402Z env:
2025-01-13T20:05:05.2595576Z   CACHE_NUMBER: 0
2025-01-13T20:05:05.2596189Z   PYTEST_FLAGS: --tardis-regression-data=/home/runner/work/tardis/tardis/tardis-regression-data --cov=tardis --cov-report=xml --cov-report=html --cov-append
2025-01-13T20:05:05.2596838Z   CODECOV_TOKEN: 
2025-01-13T20:05:05.2597059Z   MAMBA_ROOT_PREFIX: /home/runner/micromamba
2025-01-13T20:05:05.2597374Z   MAMBA_EXE: /home/runner/micromamba-bin/micromamba
2025-01-13T20:05:05.2597727Z   CONDARC: /home/runner/work/_temp/setup-micromamba/.condarc
2025-01-13T20:05:05.2598032Z ##[endgroup]
2025-01-13T20:05:05.8764972Z Collecting qgridnext
2025-01-13T20:05:05.8942360Z   Downloading qgridnext-2.0.4-py3-none-any.whl.metadata (9.9 kB)
2025-01-13T20:05:05.9029948Z Requirement already satisfied: pandas>=0.20.0 in /home/runner/micromamba/envs/tardis/lib/python3.12/site-packages (from qgridnext) (2.2.2)
2025-01-13T20:05:05.9040509Z Requirement already satisfied: ipywidgets>=7.0.0 in /home/runner/micromamba/envs/tardis/lib/python3.12/site-packages (from qgridnext) (7.8.0)
2025-01-13T20:05:05.9049416Z Requirement already satisfied: numpy in /home/runner/micromamba/envs/tardis/lib/python3.12/site-packages (from qgridnext) (1.26.4)
2025-01-13T20:05:05.9059329Z Requirement already satisfied: traitlets in /home/runner/micromamba/envs/tardis/lib/python3.12/site-packages (from qgridnext) (5.14.3)
2025-01-13T20:05:05.9143931Z Requirement already satisfied: comm>=0.1.3 in /home/runner/micromamba/envs/tardis/lib/python3.12/site-packages (from ipywidgets>=7.0.0->qgridnext) (0.2.2)
2025-01-13T20:05:05.9152216Z Requirement already satisfied: ipython-genutils~=0.2.0 in /home/runner/micromamba/envs/tardis/lib/python3.12/site-packages (from ipywidgets>=7.0.0->qgridnext) (0.2.0)
2025-01-13T20:05:05.9164624Z Requirement already satisfied: widgetsnbextension~=3.6.5 in /home/runner/micromamba/envs/tardis/lib/python3.12/site-packages (from ipywidgets>=7.0.0->qgridnext) (3.6.6)
2025-01-13T20:05:05.9182735Z Requirement already satisfied: ipython>=4.0.0 in /home/runner/micromamba/envs/tardis/lib/python3.12/site-packages (from ipywidgets>=7.0.0->qgridnext) (8.25.0)
2025-01-13T20:05:05.9197006Z Requirement already satisfied: jupyterlab-widgets<3,>=1.0.0 in /home/runner/micromamba/envs/tardis/lib/python3.12/site-packages (from ipywidgets>=7.0.0->qgridnext) (1.1.7)
2025-01-13T20:05:05.9639853Z Requirement already satisfied: python-dateutil>=2.8.2 in /home/runner/micromamba/envs/tardis/lib/python3.12/site-packages (from pandas>=0.20.0->qgridnext) (2.9.0)
2025-01-13T20:05:05.9654018Z Requirement already satisfied: pytz>=2020.1 in /home/runner/micromamba/envs/tardis/lib/python3.12/site-packages (from pandas>=0.20.0->qgridnext) (2024.1)
2025-01-13T20:05:05.9662678Z Requirement already satisfied: tzdata>=2022.7 in /home/runner/micromamba/envs/tardis/lib/python3.12/site-packages (from pandas>=0.20.0->qgridnext) (2024.1)
2025-01-13T20:05:05.9996256Z Requirement already satisfied: decorator in /home/runner/micromamba/envs/tardis/lib/python3.12/site-packages (from ipython>=4.0.0->ipywidgets>=7.0.0->qgridnext) (5.1.1)
2025-01-13T20:05:06.0015091Z Requirement already satisfied: jedi>=0.16 in /home/runner/micromamba/envs/tardis/lib/python3.12/site-packages (from ipython>=4.0.0->ipywidgets>=7.0.0->qgridnext) (0.19.1)
2025-01-13T20:05:06.0025295Z Requirement already satisfied: matplotlib-inline in /home/runner/micromamba/envs/tardis/lib/python3.12/site-packages (from ipython>=4.0.0->ipywidgets>=7.0.0->qgridnext) (0.1.7)
2025-01-13T20:05:06.0038356Z Requirement already satisfied: prompt-toolkit<3.1.0,>=3.0.41 in /home/runner/micromamba/envs/tardis/lib/python3.12/site-packages (from ipython>=4.0.0->ipywidgets>=7.0.0->qgridnext) (3.0.47)
2025-01-13T20:05:06.0049014Z Requirement already satisfied: pygments>=2.4.0 in /home/runner/micromamba/envs/tardis/lib/python3.12/site-packages (from ipython>=4.0.0->ipywidgets>=7.0.0->qgridnext) (2.18.0)
2025-01-13T20:05:06.0060193Z Requirement already satisfied: stack-data in /home/runner/micromamba/envs/tardis/lib/python3.12/site-packages (from ipython>=4.0.0->ipywidgets>=7.0.0->qgridnext) (0.6.2)
2025-01-13T20:05:06.0081081Z Requirement already satisfied: pexpect>4.3 in /home/runner/micromamba/envs/tardis/lib/python3.12/site-packages (from ipython>=4.0.0->ipywidgets>=7.0.0->qgridnext) (4.9.0)
2025-01-13T20:05:06.0131970Z Requirement already satisfied: six>=1.5 in /home/runner/micromamba/envs/tardis/lib/python3.12/site-packages (from python-dateutil>=2.8.2->pandas>=0.20.0->qgridnext) (1.16.0)
2025-01-13T20:05:06.0200586Z Requirement already satisfied: notebook>=4.4.1 in /home/runner/micromamba/envs/tardis/lib/python3.12/site-packages (from widgetsnbextension~=3.6.5->ipywidgets>=7.0.0->qgridnext) (7.2.1)
2025-01-13T20:05:06.0387331Z Requirement already satisfied: parso<0.9.0,>=0.8.3 in /home/runner/micromamba/envs/tardis/lib/python3.12/site-packages (from jedi>=0.16->ipython>=4.0.0->ipywidgets>=7.0.0->qgridnext) (0.8.4)
2025-01-13T20:05:06.0532024Z Requirement already satisfied: jupyter-server<3,>=2.4.0 in /home/runner/micromamba/envs/tardis/lib/python3.12/site-packages (from notebook>=4.4.1->widgetsnbextension~=3.6.5->ipywidgets>=7.0.0->qgridnext) (2.14.1)
2025-01-13T20:05:06.0546015Z Requirement already satisfied: jupyterlab-server<3,>=2.27.1 in /home/runner/micromamba/envs/tardis/lib/python3.12/site-packages (from notebook>=4.4.1->widgetsnbextension~=3.6.5->ipywidgets>=7.0.0->qgridnext) (2.27.2)
2025-01-13T20:05:06.0562141Z Requirement already satisfied: jupyterlab<4.3,>=4.2.0 in /home/runner/micromamba/envs/tardis/lib/python3.12/site-packages (from notebook>=4.4.1->widgetsnbextension~=3.6.5->ipywidgets>=7.0.0->qgridnext) (4.2.2)
2025-01-13T20:05:06.0573278Z Requirement already satisfied: notebook-shim<0.3,>=0.2 in /home/runner/micromamba/envs/tardis/lib/python3.12/site-packages (from notebook>=4.4.1->widgetsnbextension~=3.6.5->ipywidgets>=7.0.0->qgridnext) (0.2.4)
2025-01-13T20:05:06.0582200Z Requirement already satisfied: tornado>=6.2.0 in /home/runner/micromamba/envs/tardis/lib/python3.12/site-packages (from notebook>=4.4.1->widgetsnbextension~=3.6.5->ipywidgets>=7.0.0->qgridnext) (6.4.1)
2025-01-13T20:05:06.0613018Z Requirement already satisfied: ptyprocess>=0.5 in /home/runner/micromamba/envs/tardis/lib/python3.12/site-packages (from pexpect>4.3->ipython>=4.0.0->ipywidgets>=7.0.0->qgridnext) (0.7.0)
2025-01-13T20:05:06.0646546Z Requirement already satisfied: wcwidth in /home/runner/micromamba/envs/tardis/lib/python3.12/site-packages (from prompt-toolkit<3.1.0,>=3.0.41->ipython>=4.0.0->ipywidgets>=7.0.0->qgridnext) (0.2.13)
2025-01-13T20:05:06.0789633Z Requirement already satisfied: executing>=1.2.0 in /home/runner/micromamba/envs/tardis/lib/python3.12/site-packages (from stack-data->ipython>=4.0.0->ipywidgets>=7.0.0->qgridnext) (2.0.1)
2025-01-13T20:05:06.0800040Z Requirement already satisfied: asttokens>=2.1.0 in /home/runner/micromamba/envs/tardis/lib/python3.12/site-packages (from stack-data->ipython>=4.0.0->ipywidgets>=7.0.0->qgridnext) (2.4.1)
2025-01-13T20:05:06.0808846Z Requirement already satisfied: pure-eval in /home/runner/micromamba/envs/tardis/lib/python3.12/site-packages (from stack-data->ipython>=4.0.0->ipywidgets>=7.0.0->qgridnext) (0.2.2)
2025-01-13T20:05:06.1147895Z Requirement already satisfied: anyio>=3.1.0 in /home/runner/micromamba/envs/tardis/lib/python3.12/site-packages (from jupyter-server<3,>=2.4.0->notebook>=4.4.1->widgetsnbextension~=3.6.5->ipywidgets>=7.0.0->qgridnext) (4.4.0)
2025-01-13T20:05:06.1159335Z Requirement already satisfied: argon2-cffi>=21.1 in /home/runner/micromamba/envs/tardis/lib/python3.12/site-packages (from jupyter-server<3,>=2.4.0->notebook>=4.4.1->widgetsnbextension~=3.6.5->ipywidgets>=7.0.0->qgridnext) (23.1.0)
2025-01-13T20:05:06.1169248Z Requirement already satisfied: jinja2>=3.0.3 in /home/runner/micromamba/envs/tardis/lib/python3.12/site-packages (from jupyter-server<3,>=2.4.0->notebook>=4.4.1->widgetsnbextension~=3.6.5->ipywidgets>=7.0.0->qgridnext) (3.1.4)
2025-01-13T20:05:06.1181738Z Requirement already satisfied: jupyter-client>=7.4.4 in /home/runner/micromamba/envs/tardis/lib/python3.12/site-packages (from jupyter-server<3,>=2.4.0->notebook>=4.4.1->widgetsnbextension~=3.6.5->ipywidgets>=7.0.0->qgridnext) (8.6.2)
2025-01-13T20:05:06.1194177Z Requirement already satisfied: jupyter-core!=5.0.*,>=4.12 in /home/runner/micromamba/envs/tardis/lib/python3.12/site-packages (from jupyter-server<3,>=2.4.0->notebook>=4.4.1->widgetsnbextension~=3.6.5->ipywidgets>=7.0.0->qgridnext) (5.7.2)
2025-01-13T20:05:06.1206169Z Requirement already satisfied: jupyter-events>=0.9.0 in /home/runner/micromamba/envs/tardis/lib/python3.12/site-packages (from jupyter-server<3,>=2.4.0->notebook>=4.4.1->widgetsnbextension~=3.6.5->ipywidgets>=7.0.0->qgridnext) (0.10.0)
2025-01-13T20:05:06.1217961Z Requirement already satisfied: jupyter-server-terminals>=0.4.4 in /home/runner/micromamba/envs/tardis/lib/python3.12/site-packages (from jupyter-server<3,>=2.4.0->notebook>=4.4.1->widgetsnbextension~=3.6.5->ipywidgets>=7.0.0->qgridnext) (0.5.3)
2025-01-13T20:05:06.1232630Z Requirement already satisfied: nbconvert>=6.4.4 in /home/runner/micromamba/envs/tardis/lib/python3.12/site-packages (from jupyter-server<3,>=2.4.0->notebook>=4.4.1->widgetsnbextension~=3.6.5->ipywidgets>=7.0.0->qgridnext) (7.16.4)
2025-01-13T20:05:06.1243857Z Requirement already satisfied: nbformat>=5.3.0 in /home/runner/micromamba/envs/tardis/lib/python3.12/site-packages (from jupyter-server<3,>=2.4.0->notebook>=4.4.1->widgetsnbextension~=3.6.5->ipywidgets>=7.0.0->qgridnext) (5.10.4)
2025-01-13T20:05:06.1253840Z Requirement already satisfied: overrides>=5.0 in /home/runner/micromamba/envs/tardis/lib/python3.12/site-packages (from jupyter-server<3,>=2.4.0->notebook>=4.4.1->widgetsnbextension~=3.6.5->ipywidgets>=7.0.0->qgridnext) (7.7.0)
2025-01-13T20:05:06.1264506Z Requirement already satisfied: packaging>=22.0 in /home/runner/micromamba/envs/tardis/lib/python3.12/site-packages (from jupyter-server<3,>=2.4.0->notebook>=4.4.1->widgetsnbextension~=3.6.5->ipywidgets>=7.0.0->qgridnext) (24.1)
2025-01-13T20:05:06.1274053Z Requirement already satisfied: prometheus-client>=0.9 in /home/runner/micromamba/envs/tardis/lib/python3.12/site-packages (from jupyter-server<3,>=2.4.0->notebook>=4.4.1->widgetsnbextension~=3.6.5->ipywidgets>=7.0.0->qgridnext) (0.20.0)
2025-01-13T20:05:06.1285730Z Requirement already satisfied: pyzmq>=24 in /home/runner/micromamba/envs/tardis/lib/python3.12/site-packages (from jupyter-server<3,>=2.4.0->notebook>=4.4.1->widgetsnbextension~=3.6.5->ipywidgets>=7.0.0->qgridnext) (26.0.3)
2025-01-13T20:05:06.1295482Z Requirement already satisfied: send2trash>=1.8.2 in /home/runner/micromamba/envs/tardis/lib/python3.12/site-packages (from jupyter-server<3,>=2.4.0->notebook>=4.4.1->widgetsnbextension~=3.6.5->ipywidgets>=7.0.0->qgridnext) (1.8.3)
2025-01-13T20:05:06.1307621Z Requirement already satisfied: terminado>=0.8.3 in /home/runner/micromamba/envs/tardis/lib/python3.12/site-packages (from jupyter-server<3,>=2.4.0->notebook>=4.4.1->widgetsnbextension~=3.6.5->ipywidgets>=7.0.0->qgridnext) (0.18.1)
2025-01-13T20:05:06.1325839Z Requirement already satisfied: websocket-client>=1.7 in /home/runner/micromamba/envs/tardis/lib/python3.12/site-packages (from jupyter-server<3,>=2.4.0->notebook>=4.4.1->widgetsnbextension~=3.6.5->ipywidgets>=7.0.0->qgridnext) (1.8.0)
2025-01-13T20:05:06.1619059Z Requirement already satisfied: async-lru>=1.0.0 in /home/runner/micromamba/envs/tardis/lib/python3.12/site-packages (from jupyterlab<4.3,>=4.2.0->notebook>=4.4.1->widgetsnbextension~=3.6.5->ipywidgets>=7.0.0->qgridnext) (2.0.4)
2025-01-13T20:05:06.1631174Z Requirement already satisfied: httpx>=0.25.0 in /home/runner/micromamba/envs/tardis/lib/python3.12/site-packages (from jupyterlab<4.3,>=4.2.0->notebook>=4.4.1->widgetsnbextension~=3.6.5->ipywidgets>=7.0.0->qgridnext) (0.27.0)
2025-01-13T20:05:06.1643249Z Requirement already satisfied: ipykernel>=6.5.0 in /home/runner/micromamba/envs/tardis/lib/python3.12/site-packages (from jupyterlab<4.3,>=4.2.0->notebook>=4.4.1->widgetsnbextension~=3.6.5->ipywidgets>=7.0.0->qgridnext) (6.29.4)
2025-01-13T20:05:06.1657125Z Requirement already satisfied: jupyter-lsp>=2.0.0 in /home/runner/micromamba/envs/tardis/lib/python3.12/site-packages (from jupyterlab<4.3,>=4.2.0->notebook>=4.4.1->widgetsnbextension~=3.6.5->ipywidgets>=7.0.0->qgridnext) (2.2.5)
2025-01-13T20:05:06.1683401Z Requirement already satisfied: setuptools>=40.1.0 in /home/runner/micromamba/envs/tardis/lib/python3.12/site-packages (from jupyterlab<4.3,>=4.2.0->notebook>=4.4.1->widgetsnbextension~=3.6.5->ipywidgets>=7.0.0->qgridnext) (70.0.0)
2025-01-13T20:05:06.1880414Z Requirement already satisfied: babel>=2.10 in /home/runner/micromamba/envs/tardis/lib/python3.12/site-packages (from jupyterlab-server<3,>=2.27.1->notebook>=4.4.1->widgetsnbextension~=3.6.5->ipywidgets>=7.0.0->qgridnext) (2.14.0)
2025-01-13T20:05:06.1907353Z Requirement already satisfied: json5>=0.9.0 in /home/runner/micromamba/envs/tardis/lib/python3.12/site-packages (from jupyterlab-server<3,>=2.27.1->notebook>=4.4.1->widgetsnbextension~=3.6.5->ipywidgets>=7.0.0->qgridnext) (0.9.25)
2025-01-13T20:05:06.1918334Z Requirement already satisfied: jsonschema>=4.18.0 in /home/runner/micromamba/envs/tardis/lib/python3.12/site-packages (from jupyterlab-server<3,>=2.27.1->notebook>=4.4.1->widgetsnbextension~=3.6.5->ipywidgets>=7.0.0->qgridnext) (4.22.0)
2025-01-13T20:05:06.1936987Z Requirement already satisfied: requests>=2.31 in /home/runner/micromamba/envs/tardis/lib/python3.12/site-packages (from jupyterlab-server<3,>=2.27.1->notebook>=4.4.1->widgetsnbextension~=3.6.5->ipywidgets>=7.0.0->qgridnext) (2.32.3)
2025-01-13T20:05:06.2300333Z Requirement already satisfied: idna>=2.8 in /home/runner/micromamba/envs/tardis/lib/python3.12/site-packages (from anyio>=3.1.0->jupyter-server<3,>=2.4.0->notebook>=4.4.1->widgetsnbextension~=3.6.5->ipywidgets>=7.0.0->qgridnext) (3.7)
2025-01-13T20:05:06.2310077Z Requirement already satisfied: sniffio>=1.1 in /home/runner/micromamba/envs/tardis/lib/python3.12/site-packages (from anyio>=3.1.0->jupyter-server<3,>=2.4.0->notebook>=4.4.1->widgetsnbextension~=3.6.5->ipywidgets>=7.0.0->qgridnext) (1.3.1)
2025-01-13T20:05:06.2403275Z Requirement already satisfied: argon2-cffi-bindings in /home/runner/micromamba/envs/tardis/lib/python3.12/site-packages (from argon2-cffi>=21.1->jupyter-server<3,>=2.4.0->notebook>=4.4.1->widgetsnbextension~=3.6.5->ipywidgets>=7.0.0->qgridnext) (21.2.0)
2025-01-13T20:05:06.2574521Z Requirement already satisfied: certifi in /home/runner/micromamba/envs/tardis/lib/python3.12/site-packages (from httpx>=0.25.0->jupyterlab<4.3,>=4.2.0->notebook>=4.4.1->widgetsnbextension~=3.6.5->ipywidgets>=7.0.0->qgridnext) (2024.6.2)
2025-01-13T20:05:06.2591699Z Requirement already satisfied: httpcore==1.* in /home/runner/micromamba/envs/tardis/lib/python3.12/site-packages (from httpx>=0.25.0->jupyterlab<4.3,>=4.2.0->notebook>=4.4.1->widgetsnbextension~=3.6.5->ipywidgets>=7.0.0->qgridnext) (1.0.5)
2025-01-13T20:05:06.2670993Z Requirement already satisfied: h11<0.15,>=0.13 in /home/runner/micromamba/envs/tardis/lib/python3.12/site-packages (from httpcore==1.*->httpx>=0.25.0->jupyterlab<4.3,>=4.2.0->notebook>=4.4.1->widgetsnbextension~=3.6.5->ipywidgets>=7.0.0->qgridnext) (0.14.0)
2025-01-13T20:05:06.2861249Z Requirement already satisfied: debugpy>=1.6.5 in /home/runner/micromamba/envs/tardis/lib/python3.12/site-packages (from ipykernel>=6.5.0->jupyterlab<4.3,>=4.2.0->notebook>=4.4.1->widgetsnbextension~=3.6.5->ipywidgets>=7.0.0->qgridnext) (1.8.1)
2025-01-13T20:05:06.2884233Z Requirement already satisfied: nest-asyncio in /home/runner/micromamba/envs/tardis/lib/python3.12/site-packages (from ipykernel>=6.5.0->jupyterlab<4.3,>=4.2.0->notebook>=4.4.1->widgetsnbextension~=3.6.5->ipywidgets>=7.0.0->qgridnext) (1.6.0)
2025-01-13T20:05:06.2900623Z Requirement already satisfied: psutil in /home/runner/micromamba/envs/tardis/lib/python3.12/site-packages (from ipykernel>=6.5.0->jupyterlab<4.3,>=4.2.0->notebook>=4.4.1->widgetsnbextension~=3.6.5->ipywidgets>=7.0.0->qgridnext) (5.9.8)
2025-01-13T20:05:06.2967287Z Requirement already satisfied: MarkupSafe>=2.0 in /home/runner/micromamba/envs/tardis/lib/python3.12/site-packages (from jinja2>=3.0.3->jupyter-server<3,>=2.4.0->notebook>=4.4.1->widgetsnbextension~=3.6.5->ipywidgets>=7.0.0->qgridnext) (2.1.5)
2025-01-13T20:05:06.3163206Z Requirement already satisfied: attrs>=22.2.0 in /home/runner/micromamba/envs/tardis/lib/python3.12/site-packages (from jsonschema>=4.18.0->jupyterlab-server<3,>=2.27.1->notebook>=4.4.1->widgetsnbextension~=3.6.5->ipywidgets>=7.0.0->qgridnext) (23.2.0)
2025-01-13T20:05:06.3177282Z Requirement already satisfied: jsonschema-specifications>=2023.03.6 in /home/runner/micromamba/envs/tardis/lib/python3.12/site-packages (from jsonschema>=4.18.0->jupyterlab-server<3,>=2.27.1->notebook>=4.4.1->widgetsnbextension~=3.6.5->ipywidgets>=7.0.0->qgridnext) (2023.12.1)
2025-01-13T20:05:06.3187471Z Requirement already satisfied: referencing>=0.28.4 in /home/runner/micromamba/envs/tardis/lib/python3.12/site-packages (from jsonschema>=4.18.0->jupyterlab-server<3,>=2.27.1->notebook>=4.4.1->widgetsnbextension~=3.6.5->ipywidgets>=7.0.0->qgridnext) (0.35.1)
2025-01-13T20:05:06.3198144Z Requirement already satisfied: rpds-py>=0.7.1 in /home/runner/micromamba/envs/tardis/lib/python3.12/site-packages (from jsonschema>=4.18.0->jupyterlab-server<3,>=2.27.1->notebook>=4.4.1->widgetsnbextension~=3.6.5->ipywidgets>=7.0.0->qgridnext) (0.18.1)
2025-01-13T20:05:06.3469020Z Requirement already satisfied: platformdirs>=2.5 in /home/runner/micromamba/envs/tardis/lib/python3.12/site-packages (from jupyter-core!=5.0.*,>=4.12->jupyter-server<3,>=2.4.0->notebook>=4.4.1->widgetsnbextension~=3.6.5->ipywidgets>=7.0.0->qgridnext) (4.2.2)
2025-01-13T20:05:06.3622530Z Requirement already satisfied: python-json-logger>=2.0.4 in /home/runner/micromamba/envs/tardis/lib/python3.12/site-packages (from jupyter-events>=0.9.0->jupyter-server<3,>=2.4.0->notebook>=4.4.1->widgetsnbextension~=3.6.5->ipywidgets>=7.0.0->qgridnext) (2.0.7)
2025-01-13T20:05:06.3632134Z Requirement already satisfied: pyyaml>=5.3 in /home/runner/micromamba/envs/tardis/lib/python3.12/site-packages (from jupyter-events>=0.9.0->jupyter-server<3,>=2.4.0->notebook>=4.4.1->widgetsnbextension~=3.6.5->ipywidgets>=7.0.0->qgridnext) (6.0.1)
2025-01-13T20:05:06.3643378Z Requirement already satisfied: rfc3339-validator in /home/runner/micromamba/envs/tardis/lib/python3.12/site-packages (from jupyter-events>=0.9.0->jupyter-server<3,>=2.4.0->notebook>=4.4.1->widgetsnbextension~=3.6.5->ipywidgets>=7.0.0->qgridnext) (0.1.4)
2025-01-13T20:05:06.3652760Z Requirement already satisfied: rfc3986-validator>=0.1.1 in /home/runner/micromamba/envs/tardis/lib/python3.12/site-packages (from jupyter-events>=0.9.0->jupyter-server<3,>=2.4.0->notebook>=4.4.1->widgetsnbextension~=3.6.5->ipywidgets>=7.0.0->qgridnext) (0.1.1)
2025-01-13T20:05:06.4080086Z Requirement already satisfied: beautifulsoup4 in /home/runner/micromamba/envs/tardis/lib/python3.12/site-packages (from nbconvert>=6.4.4->jupyter-server<3,>=2.4.0->notebook>=4.4.1->widgetsnbextension~=3.6.5->ipywidgets>=7.0.0->qgridnext) (4.12.3)
2025-01-13T20:05:06.4100794Z Requirement already satisfied: bleach!=5.0.0 in /home/runner/micromamba/envs/tardis/lib/python3.12/site-packages (from nbconvert>=6.4.4->jupyter-server<3,>=2.4.0->notebook>=4.4.1->widgetsnbextension~=3.6.5->ipywidgets>=7.0.0->qgridnext) (6.1.0)
2025-01-13T20:05:06.4115599Z Requirement already satisfied: defusedxml in /home/runner/micromamba/envs/tardis/lib/python3.12/site-packages (from nbconvert>=6.4.4->jupyter-server<3,>=2.4.0->notebook>=4.4.1->widgetsnbextension~=3.6.5->ipywidgets>=7.0.0->qgridnext) (0.7.1)
2025-01-13T20:05:06.4131750Z Requirement already satisfied: jupyterlab-pygments in /home/runner/micromamba/envs/tardis/lib/python3.12/site-packages (from nbconvert>=6.4.4->jupyter-server<3,>=2.4.0->notebook>=4.4.1->widgetsnbextension~=3.6.5->ipywidgets>=7.0.0->qgridnext) (0.3.0)
2025-01-13T20:05:06.4145043Z Requirement already satisfied: mistune<4,>=2.0.3 in /home/runner/micromamba/envs/tardis/lib/python3.12/site-packages (from nbconvert>=6.4.4->jupyter-server<3,>=2.4.0->notebook>=4.4.1->widgetsnbextension~=3.6.5->ipywidgets>=7.0.0->qgridnext) (3.0.2)
2025-01-13T20:05:06.4158372Z Requirement already satisfied: nbclient>=0.5.0 in /home/runner/micromamba/envs/tardis/lib/python3.12/site-packages (from nbconvert>=6.4.4->jupyter-server<3,>=2.4.0->notebook>=4.4.1->widgetsnbextension~=3.6.5->ipywidgets>=7.0.0->qgridnext) (0.10.0)
2025-01-13T20:05:06.4176312Z Requirement already satisfied: pandocfilters>=1.4.1 in /home/runner/micromamba/envs/tardis/lib/python3.12/site-packages (from nbconvert>=6.4.4->jupyter-server<3,>=2.4.0->notebook>=4.4.1->widgetsnbextension~=3.6.5->ipywidgets>=7.0.0->qgridnext) (1.5.0)
2025-01-13T20:05:06.4187186Z Requirement already satisfied: tinycss2 in /home/runner/micromamba/envs/tardis/lib/python3.12/site-packages (from nbconvert>=6.4.4->jupyter-server<3,>=2.4.0->notebook>=4.4.1->widgetsnbextension~=3.6.5->ipywidgets>=7.0.0->qgridnext) (1.3.0)
2025-01-13T20:05:06.4309273Z Requirement already satisfied: fastjsonschema>=2.15 in /home/runner/micromamba/envs/tardis/lib/python3.12/site-packages (from nbformat>=5.3.0->jupyter-server<3,>=2.4.0->notebook>=4.4.1->widgetsnbextension~=3.6.5->ipywidgets>=7.0.0->qgridnext) (2.20.0)
2025-01-13T20:05:06.4629057Z Requirement already satisfied: charset-normalizer<4,>=2 in /home/runner/micromamba/envs/tardis/lib/python3.12/site-packages (from requests>=2.31->jupyterlab-server<3,>=2.27.1->notebook>=4.4.1->widgetsnbextension~=3.6.5->ipywidgets>=7.0.0->qgridnext) (3.3.2)
2025-01-13T20:05:06.4644654Z Requirement already satisfied: urllib3<3,>=1.21.1 in /home/runner/micromamba/envs/tardis/lib/python3.12/site-packages (from requests>=2.31->jupyterlab-server<3,>=2.27.1->notebook>=4.4.1->widgetsnbextension~=3.6.5->ipywidgets>=7.0.0->qgridnext) (2.2.2)
2025-01-13T20:05:06.5428204Z Requirement already satisfied: webencodings in /home/runner/micromamba/envs/tardis/lib/python3.12/site-packages (from bleach!=5.0.0->nbconvert>=6.4.4->jupyter-server<3,>=2.4.0->notebook>=4.4.1->widgetsnbextension~=3.6.5->ipywidgets>=7.0.0->qgridnext) (0.5.1)
2025-01-13T20:05:06.6010992Z Requirement already satisfied: fqdn in /home/runner/micromamba/envs/tardis/lib/python3.12/site-packages (from jsonschema[format-nongpl]>=4.18.0->jupyter-events>=0.9.0->jupyter-server<3,>=2.4.0->notebook>=4.4.1->widgetsnbextension~=3.6.5->ipywidgets>=7.0.0->qgridnext) (1.5.1)
2025-01-13T20:05:06.6030384Z Requirement already satisfied: isoduration in /home/runner/micromamba/envs/tardis/lib/python3.12/site-packages (from jsonschema[format-nongpl]>=4.18.0->jupyter-events>=0.9.0->jupyter-server<3,>=2.4.0->notebook>=4.4.1->widgetsnbextension~=3.6.5->ipywidgets>=7.0.0->qgridnext) (20.11.0)
2025-01-13T20:05:06.6044925Z Requirement already satisfied: jsonpointer>1.13 in /home/runner/micromamba/envs/tardis/lib/python3.12/site-packages (from jsonschema[format-nongpl]>=4.18.0->jupyter-events>=0.9.0->jupyter-server<3,>=2.4.0->notebook>=4.4.1->widgetsnbextension~=3.6.5->ipywidgets>=7.0.0->qgridnext) (3.0.0)
2025-01-13T20:05:06.6063545Z Requirement already satisfied: uri-template in /home/runner/micromamba/envs/tardis/lib/python3.12/site-packages (from jsonschema[format-nongpl]>=4.18.0->jupyter-events>=0.9.0->jupyter-server<3,>=2.4.0->notebook>=4.4.1->widgetsnbextension~=3.6.5->ipywidgets>=7.0.0->qgridnext) (1.3.0)
2025-01-13T20:05:06.6078366Z Requirement already satisfied: webcolors>=1.11 in /home/runner/micromamba/envs/tardis/lib/python3.12/site-packages (from jsonschema[format-nongpl]>=4.18.0->jupyter-events>=0.9.0->jupyter-server<3,>=2.4.0->notebook>=4.4.1->widgetsnbextension~=3.6.5->ipywidgets>=7.0.0->qgridnext) (24.6.0)
2025-01-13T20:05:06.7111682Z Requirement already satisfied: cffi>=1.0.1 in /home/runner/micromamba/envs/tardis/lib/python3.12/site-packages (from argon2-cffi-bindings->argon2-cffi>=21.1->jupyter-server<3,>=2.4.0->notebook>=4.4.1->widgetsnbextension~=3.6.5->ipywidgets>=7.0.0->qgridnext) (1.16.0)
2025-01-13T20:05:06.7210314Z Requirement already satisfied: soupsieve>1.2 in /home/runner/micromamba/envs/tardis/lib/python3.12/site-packages (from beautifulsoup4->nbconvert>=6.4.4->jupyter-server<3,>=2.4.0->notebook>=4.4.1->widgetsnbextension~=3.6.5->ipywidgets>=7.0.0->qgridnext) (2.5)
2025-01-13T20:05:06.7748199Z Requirement already satisfied: pycparser in /home/runner/micromamba/envs/tardis/lib/python3.12/site-packages (from cffi>=1.0.1->argon2-cffi-bindings->argon2-cffi>=21.1->jupyter-server<3,>=2.4.0->notebook>=4.4.1->widgetsnbextension~=3.6.5->ipywidgets>=7.0.0->qgridnext) (2.22)
2025-01-13T20:05:06.8255930Z Requirement already satisfied: arrow>=0.15.0 in /home/runner/micromamba/envs/tardis/lib/python3.12/site-packages (from isoduration->jsonschema[format-nongpl]>=4.18.0->jupyter-events>=0.9.0->jupyter-server<3,>=2.4.0->notebook>=4.4.1->widgetsnbextension~=3.6.5->ipywidgets>=7.0.0->qgridnext) (1.3.0)
2025-01-13T20:05:06.8560174Z Requirement already satisfied: types-python-dateutil>=2.8.10 in /home/runner/micromamba/envs/tardis/lib/python3.12/site-packages (from arrow>=0.15.0->isoduration->jsonschema[format-nongpl]>=4.18.0->jupyter-events>=0.9.0->jupyter-server<3,>=2.4.0->notebook>=4.4.1->widgetsnbextension~=3.6.5->ipywidgets>=7.0.0->qgridnext) (2.9.0.20240316)
2025-01-13T20:05:06.8847315Z Downloading qgridnext-2.0.4-py3-none-any.whl (1.3 MB)
2025-01-13T20:05:06.9024827Z    â”â”â”â”â”â”â”â”â”â”â”â”â”â”â”â”â”â”â”â”â”â”â”â”â”â”â”â”â”â”â”â”â”â”â”â”â”â”â”â” 1.3/1.3 MB 82.5 MB/s eta 0:00:00
2025-01-13T20:05:07.7087944Z Installing collected packages: qgridnext
2025-01-13T20:05:07.8027658Z Successfully installed qgridnext-2.0.4
2025-01-13T20:05:08.0231741Z ##[group]Run pytest tardis --tardis-regression-data=/home/runner/work/tardis/tardis/tardis-regression-data --cov=tardis --cov-report=xml --cov-report=html --cov-append -m "not continuum"
2025-01-13T20:05:08.0233056Z [36;1mpytest tardis --tardis-regression-data=/home/runner/work/tardis/tardis/tardis-regression-data --cov=tardis --cov-report=xml --cov-report=html --cov-append -m "not continuum"[0m
2025-01-13T20:05:08.0260380Z shell: /usr/bin/bash -l {0}
2025-01-13T20:05:08.0260618Z env:
2025-01-13T20:05:08.0260791Z   CACHE_NUMBER: 0
2025-01-13T20:05:08.0261398Z   PYTEST_FLAGS: --tardis-regression-data=/home/runner/work/tardis/tardis/tardis-regression-data --cov=tardis --cov-report=xml --cov-report=html --cov-append
2025-01-13T20:05:08.0262034Z   CODECOV_TOKEN: 
2025-01-13T20:05:08.0262254Z   MAMBA_ROOT_PREFIX: /home/runner/micromamba
2025-01-13T20:05:08.0262560Z   MAMBA_EXE: /home/runner/micromamba-bin/micromamba
2025-01-13T20:05:08.0262949Z   CONDARC: /home/runner/work/_temp/setup-micromamba/.condarc
2025-01-13T20:05:08.0263255Z ##[endgroup]
2025-01-13T20:05:16.5826803Z ============================= test session starts ==============================
2025-01-13T20:05:16.5827574Z platform linux -- Python 3.12.4, pytest-8.2.2, pluggy-1.5.0
2025-01-13T20:05:16.5828173Z rootdir: /home/runner/work/tardis/tardis
2025-01-13T20:05:16.5828970Z configfile: pyproject.toml
2025-01-13T20:05:16.5829652Z plugins: anyio-4.4.0, doctestplus-1.2.1, cov-5.0.0, html-4.1.1, metadata-3.1.1
2025-01-13T20:05:16.5830351Z collected 1796 items / 2 deselected / 1794 selected
2025-01-13T20:05:16.5830698Z 
2025-01-13T20:05:21.5825671Z tardis/energy_input/tests/test_energy_source.py ..xxx                    [  0%]
2025-01-13T20:05:24.5238181Z tardis/energy_input/tests/test_gamma_ray_channel.py ...........          [  0%]
2025-01-13T20:05:26.1047216Z tardis/energy_input/tests/test_gamma_ray_grid.py xx.                     [  1%]
2025-01-13T20:05:27.9161226Z tardis/energy_input/tests/test_gamma_ray_interactions.py xx....          [  1%]
2025-01-13T20:05:27.9252965Z tardis/energy_input/tests/test_gamma_ray_packet_source.py sssssssss      [  1%]
2025-01-13T20:05:29.2494395Z tardis/energy_input/tests/test_util.py .....xxxx.....                    [  2%]
2025-01-13T20:05:29.6392470Z tardis/grid/tests/test_grid.py .                                         [  2%]
2025-01-13T20:05:29.6410253Z tardis/gui/tests/test_gui.py s                                           [  2%]
2025-01-13T20:05:33.4590194Z tardis/io/configuration/tests/test_config_reader.py ...........          [  3%]
2025-01-13T20:05:33.4718204Z tardis/io/configuration/tests/test_configuration_namespace.py .........  [  3%]
2025-01-13T20:05:33.4994572Z tardis/io/logger/tests/test_logging.py ssssssssssssssssssssssssssss      [  5%]
2025-01-13T20:06:12.9113158Z tardis/io/model/readers/tests/test_arepo_parser.py ..                    [  5%]
2025-01-13T20:06:12.9260475Z tardis/io/model/readers/tests/test_ascii_readers.py ...                  [  5%]
2025-01-13T20:06:12.9364912Z tardis/io/model/readers/tests/test_cmfgen_reader.py ..                   [  5%]
2025-01-13T20:06:12.9663178Z tardis/io/model/readers/tests/test_csvy_reader.py ....                   [  6%]
2025-01-13T20:06:12.9873441Z tardis/io/model/readers/tests/test_stella_reader.py ..                   [  6%]
2025-01-13T20:06:13.2926315Z tardis/io/tests/test_HDFWriter.py ...............                        [  7%]
2025-01-13T20:06:13.6147159Z tardis/io/tests/test_atomic.py .....                                     [  7%]
2025-01-13T20:06:13.6351570Z tardis/io/tests/test_decay.py ..                                         [  7%]
2025-01-13T20:06:13.8324090Z tardis/io/tests/test_model_reader.py ......                              [  7%]
2025-01-13T20:06:13.8394732Z tardis/model/geometry/tests/test_radial1d.py ..                          [  7%]
2025-01-13T20:07:15.1147895Z tardis/model/tests/test_base.py ........................................ [ 10%]
2025-01-13T20:07:16.1302316Z ............                                                             [ 10%]
2025-01-13T20:07:19.2444746Z tardis/model/tests/test_csvy_model.py .........                          [ 11%]
2025-01-13T20:07:19.2937052Z tardis/model/tests/test_density.py ..                                    [ 11%]
2025-01-13T20:07:20.6658218Z tardis/opacities/tests/test_opacity_solver.py .....                      [ 11%]
2025-01-13T20:07:22.0536650Z tardis/opacities/tests/test_opacity_state_numba.py .....                 [ 11%]
2025-01-13T20:07:24.2392752Z tardis/opacities/tests/test_tau_sobolev.py FF                            [ 12%]
2025-01-13T20:07:27.0357580Z tardis/plasma/equilibrium/tests/test_collisional_transitions.py ...      [ 12%]
2025-01-13T20:08:14.4622686Z tardis/plasma/equilibrium/tests/test_level_populations.py ....           [ 12%]
2025-01-13T20:08:26.0443141Z tardis/plasma/equilibrium/tests/test_rate_matrix.py .                    [ 12%]
2025-01-13T20:08:27.5157332Z tardis/plasma/tests/test_complete_plasmas.py .....................s..... [ 13%]
2025-01-13T20:08:30.5004546Z s....ssssss............s............ss.....s....ssssss............s..... [ 18%]
2025-01-13T20:08:32.2792356Z .......ss.....s....ssssss............s............ss.....s....ssssss.... [ 22%]
2025-01-13T20:08:35.3225515Z ........s............ss.....s........ss............s............ss.....s [ 26%]
2025-01-13T20:08:38.2458323Z ........ss............s............ss.....s....ssssss............s...... [ 30%]
2025-01-13T20:08:38.9930741Z ......ss.....s....ssssss............s............ss.....s.ss.ssssss..... [ 34%]
2025-01-13T20:08:41.9015620Z .......s............ss.....s....ssssss............s............ss.....s. [ 38%]
2025-01-13T20:08:44.8145357Z ...ssssss............s............ss.....s....ssssss............s....... [ 42%]
2025-01-13T20:08:47.9438476Z .....ss.....s....ssssss............s............s...........ssssss...... [ 46%]
2025-01-13T20:08:49.7904528Z ......s............s...........ssssss............s............s......... [ 50%]
2025-01-13T20:08:52.7863064Z ..ssssss............s............ss.....s....ssssss............s........ [ 54%]
2025-01-13T20:08:56.5679968Z ....ss.....s....ssssss..........................s.....s....ssss......... [ 58%]
2025-01-13T20:08:56.8987845Z ...................s.....s....ssss.......                                [ 60%]
2025-01-13T20:08:57.0148016Z tardis/plasma/tests/test_hdf_plasma.py ................................. [ 62%]
2025-01-13T20:08:57.0261340Z ......                                                                   [ 62%]
2025-01-13T20:08:57.1665727Z tardis/plasma/tests/test_nlte_excitation.py ...                          [ 62%]
2025-01-13T20:11:14.7957493Z tardis/plasma/tests/test_nlte_solver.py .....X                           [ 63%]
2025-01-13T20:11:14.7982943Z tardis/plasma/tests/test_plasma_continuum.py .                           [ 63%]
2025-01-13T20:11:38.4054779Z tardis/plasma/tests/test_plasma_vboundary.py .............               [ 63%]
2025-01-13T20:11:51.4712366Z tardis/plasma/tests/test_tardis_model_density_config.py ...              [ 64%]
2025-01-13T20:11:52.2111659Z tardis/simulation/tests/test_convergence.py .....                        [ 64%]
2025-01-13T20:12:00.7911170Z tardis/simulation/tests/test_simulation.py .............                 [ 65%]
2025-01-13T20:12:00.8102258Z tardis/spectrum/tests/test_cuda_formal_integral.py sssssssssssssssssssss [ 66%]
2025-01-13T20:12:01.2842500Z ssss...ssssssssssssssssssssss                                            [ 67%]
2025-01-13T20:12:01.2914606Z tardis/spectrum/tests/test_luminosity.py ....                            [ 68%]
2025-01-13T20:12:02.9079871Z tardis/spectrum/tests/test_numba_formal_integral.py .................... [ 69%]
2025-01-13T20:12:02.9273917Z ..........                                                               [ 69%]
2025-01-13T20:12:03.1004368Z tardis/spectrum/tests/test_spectrum.py ................................. [ 71%]
2025-01-13T20:12:03.1338971Z .........                                                                [ 72%]
2025-01-13T20:12:22.3739292Z tardis/spectrum/tests/test_spectrum_solver.py ....                       [ 72%]
2025-01-13T20:13:24.3867161Z tardis/tests/test_tardis_full.py ....                                    [ 72%]
2025-01-13T20:14:49.4047067Z tardis/tests/test_tardis_full_formal_integral.py ................        [ 73%]
2025-01-13T20:14:49.4807110Z tardis/tests/test_util.py .............................................  [ 75%]
2025-01-13T20:14:52.1134927Z tardis/transport/montecarlo/tests/test_base.py x.....................    [ 77%]
2025-01-13T20:15:00.0499950Z tardis/transport/montecarlo/tests/test_interaction.py .......            [ 77%]
2025-01-13T20:15:00.2829396Z tardis/transport/montecarlo/tests/test_macro_atom.py ....                [ 77%]
2025-01-13T20:15:00.3009487Z tardis/transport/montecarlo/tests/test_montecarlo.py sssssssssssssssssss [ 78%]
2025-01-13T20:15:00.3430328Z sssssssssssssssssssssssssssssssssssssssssssss                            [ 81%]
2025-01-13T20:15:09.3607492Z tardis/transport/montecarlo/tests/test_montecarlo_main_loop.py x..       [ 81%]
2025-01-13T20:15:09.3676736Z tardis/transport/montecarlo/tests/test_nonhomologous.py ...              [ 81%]
2025-01-13T20:15:15.3947688Z tardis/transport/montecarlo/tests/test_numba_interface.py .....x.        [ 82%]
2025-01-13T20:15:15.9015420Z tardis/transport/montecarlo/tests/test_opacities.py ...............      [ 82%]
2025-01-13T20:15:17.5596092Z tardis/transport/montecarlo/tests/test_packet.py .................xXXXXX [ 84%]
2025-01-13T20:15:17.7222802Z XX.........                                                              [ 84%]
2025-01-13T20:15:17.7513010Z tardis/transport/montecarlo/tests/test_packet_source.py ........         [ 85%]
2025-01-13T20:15:18.0845908Z tardis/transport/montecarlo/tests/test_rpacket_last_interaction_tracker.py . [ 85%]
2025-01-13T20:15:18.5143895Z .....                                                                    [ 85%]
2025-01-13T20:15:55.4962275Z tardis/transport/montecarlo/tests/test_rpacket_tracker.py ......         [ 85%]
2025-01-13T20:15:55.5261749Z tardis/transport/montecarlo/tests/test_single_packet_loop.py xxx         [ 86%]
2025-01-13T20:15:55.5294655Z tardis/transport/montecarlo/tests/test_tracker_utils.py ..               [ 86%]
2025-01-13T20:15:58.1094044Z tardis/transport/montecarlo/tests/test_vpacket.py ..x.                   [ 86%]
2025-01-13T20:15:58.1271903Z tardis/transport/montecarlo/tests/test_weighted_packet_source.py ....    [ 86%]
2025-01-13T20:16:01.5760012Z tardis/transport/montecarlo/tests/test_weighted_packet_source_integration.py . [ 86%]
2025-01-13T20:16:01.5761827Z                                                                          [ 86%]
2025-01-13T20:16:02.3900321Z tardis/transport/tests/test_doppler_factor.py ..................         [ 87%]
2025-01-13T20:16:03.7624067Z tardis/visualization/tools/tests/test_convergence_plot.py .............. [ 88%]
2025-01-13T20:16:05.9691046Z ......                                                                   [ 88%]
2025-01-13T20:16:10.6594921Z tardis/visualization/tools/tests/test_liv_plot.py ...................... [ 90%]
2025-01-13T20:16:13.8784830Z .............................                                            [ 91%]
2025-01-13T20:16:16.7737833Z tardis/visualization/tools/tests/test_rpacket_plot.py .................. [ 92%]
2025-01-13T20:16:23.8963029Z ....                                                                     [ 92%]
2025-01-13T20:16:30.0954945Z tardis/visualization/tools/tests/test_sdec_plot.py ..................... [ 94%]
2025-01-13T20:16:37.8191215Z ..............................                                           [ 95%]
2025-01-13T20:16:38.2537173Z tardis/visualization/widgets/tests/test_custom_abundance.py ........ss.. [ 96%]
2025-01-13T20:16:38.3278264Z ....                                                                     [ 96%]
2025-01-13T20:16:39.4109747Z tardis/visualization/widgets/tests/test_line_info.py ................... [ 97%]
2025-01-13T20:16:40.0519506Z ..................                                                       [ 98%]
2025-01-13T20:17:43.9958929Z tardis/visualization/widgets/tests/test_shell_info.py .................. [ 99%]
2025-01-13T20:17:50.5512935Z ......                                                                   [100%]
2025-01-13T20:17:50.5513407Z 
2025-01-13T20:17:50.5513532Z =================================== FAILURES ===================================
2025-01-13T20:17:50.5513981Z _____________________ test_calculate_sobolev_line_opacity ______________________
2025-01-13T20:17:50.5514277Z 
2025-01-13T20:17:50.5514550Z nb_simulation_verysimple = <tardis.simulation.base.Simulation object at 0x7ff2dc831eb0>
2025-01-13T20:17:50.5515228Z regression_data = <tardis.tests.fixtures.regression_data.RegressionData object at 0x7ff2dc832a20>
2025-01-13T20:17:50.5515635Z 
2025-01-13T20:17:50.5515746Z     def test_calculate_sobolev_line_opacity(
2025-01-13T20:17:50.5516072Z         nb_simulation_verysimple, regression_data
2025-01-13T20:17:50.5516359Z     ):
2025-01-13T20:17:50.5516608Z         legacy_plasma = nb_simulation_verysimple.plasma
2025-01-13T20:17:50.5516911Z     
2025-01-13T20:17:50.5517117Z         actual = calculate_sobolev_line_opacity(
2025-01-13T20:17:50.5517413Z             legacy_plasma.lines,
2025-01-13T20:17:50.5517682Z             legacy_plasma.level_number_density,
2025-01-13T20:17:50.5517980Z             legacy_plasma.time_explosion,
2025-01-13T20:17:50.5518275Z             legacy_plasma.stimulated_emission_factor,
2025-01-13T20:17:50.5518537Z         )
2025-01-13T20:17:50.5518959Z >       expected = regression_data.sync_dataframe(actual)
2025-01-13T20:17:50.5519161Z 
2025-01-13T20:17:50.5519278Z tardis/opacities/tests/test_tau_sobolev.py:21: 
2025-01-13T20:17:50.5519578Z _ _ _ _ _ _ _ _ _ _ _ _ _ _ _ _ _ _ _ _ _ _ _ _ _ _ _ _ _ _ _ _ _ _ _ _ _ _ _ _ 
2025-01-13T20:17:50.5519936Z tardis/tests/fixtures/regression_data.py:88: in sync_dataframe
2025-01-13T20:17:50.5520295Z     return pd.read_hdf(self.fpath, key=key)
2025-01-13T20:17:50.5520588Z _ _ _ _ _ _ _ _ _ _ _ _ _ _ _ _ _ _ _ _ _ _ _ _ _ _ _ _ _ _ _ _ _ _ _ _ _ _ _ _ 
2025-01-13T20:17:50.5520790Z 
2025-01-13T20:17:50.5521164Z path_or_buf = '/home/runner/work/tardis/tardis/tardis-regression-data/test_tau_sobolev/test_calculate_sobolev_line_opacity.h5'
2025-01-13T20:17:50.5521772Z key = 'data', mode = 'r', errors = 'strict', where = None, start = None
2025-01-13T20:17:50.5522171Z stop = None, columns = None, iterator = False, chunksize = None, kwargs = {}
2025-01-13T20:17:50.5522505Z exists = False
2025-01-13T20:17:50.5522614Z 
2025-01-13T20:17:50.5522690Z     def read_hdf(
2025-01-13T20:17:50.5522887Z         path_or_buf: FilePath | HDFStore,
2025-01-13T20:17:50.5523123Z         key=None,
2025-01-13T20:17:50.5523308Z         mode: str = "r",
2025-01-13T20:17:50.5523512Z         errors: str = "strict",
2025-01-13T20:17:50.5523737Z         where: str | list | None = None,
2025-01-13T20:17:50.5523978Z         start: int | None = None,
2025-01-13T20:17:50.5524201Z         stop: int | None = None,
2025-01-13T20:17:50.5524431Z         columns: list[str] | None = None,
2025-01-13T20:17:50.5524668Z         iterator: bool = False,
2025-01-13T20:17:50.5524921Z         chunksize: int | None = None,
2025-01-13T20:17:50.5525146Z         **kwargs,
2025-01-13T20:17:50.5525315Z     ):
2025-01-13T20:17:50.5525469Z         """
2025-01-13T20:17:50.5525676Z         Read from the store, close it if we opened it.
2025-01-13T20:17:50.5525933Z     
2025-01-13T20:17:50.5526446Z         Retrieve pandas object stored in file, optionally based on where
2025-01-13T20:17:50.5526760Z         criteria.
2025-01-13T20:17:50.5526931Z     
2025-01-13T20:17:50.5533635Z         .. warning::
2025-01-13T20:17:50.5533977Z     
2025-01-13T20:17:50.5534266Z            Pandas uses PyTables for reading and writing HDF5 files, which allows
2025-01-13T20:17:50.5534734Z            serializing object-dtype data with pickle when using the "fixed" format.
2025-01-13T20:17:50.5535178Z            Loading pickled data received from untrusted sources can be unsafe.
2025-01-13T20:17:50.5535708Z     
2025-01-13T20:17:50.5535991Z            See: https://docs.python.org/3/library/pickle.html for more.
2025-01-13T20:17:50.5536314Z     
2025-01-13T20:17:50.5536476Z         Parameters
2025-01-13T20:17:50.5536664Z         ----------
2025-01-13T20:17:50.5536907Z         path_or_buf : str, path object, pandas.HDFStore
2025-01-13T20:17:50.5537298Z             Any valid string path is acceptable. Only supports the local file system,
2025-01-13T20:17:50.5537711Z             remote URLs and file-like objects are not supported.
2025-01-13T20:17:50.5537996Z     
2025-01-13T20:17:50.5538217Z             If you want to pass in a path object, pandas accepts any
2025-01-13T20:17:50.5538526Z             ``os.PathLike``.
2025-01-13T20:17:50.5538958Z     
2025-01-13T20:17:50.5539240Z             Alternatively, pandas accepts an open :class:`pandas.HDFStore` object.
2025-01-13T20:17:50.5539571Z     
2025-01-13T20:17:50.5539738Z         key : object, optional
2025-01-13T20:17:50.5540050Z             The group identifier in the store. Can be omitted if the HDF file
2025-01-13T20:17:50.5540568Z             contains a single pandas object.
2025-01-13T20:17:50.5540826Z         mode : {'r', 'r+', 'a'}, default 'r'
2025-01-13T20:17:50.5541126Z             Mode to use when opening the file. Ignored if path_or_buf is a
2025-01-13T20:17:50.5541461Z             :class:`pandas.HDFStore`. Default is 'r'.
2025-01-13T20:17:50.5541739Z         errors : str, default 'strict'
2025-01-13T20:17:50.5542049Z             Specifies how encoding and decoding errors are to be handled.
2025-01-13T20:17:50.5542411Z             See the errors argument for :func:`open` for a full list
2025-01-13T20:17:50.5542696Z             of options.
2025-01-13T20:17:50.5542910Z         where : list, optional
2025-01-13T20:17:50.5543148Z             A list of Term (or convertible) objects.
2025-01-13T20:17:50.5543409Z         start : int, optional
2025-01-13T20:17:50.5543637Z             Row number to start selection.
2025-01-13T20:17:50.5543881Z         stop  : int, optional
2025-01-13T20:17:50.5544101Z             Row number to stop selection.
2025-01-13T20:17:50.5544343Z         columns : list, optional
2025-01-13T20:17:50.5544577Z             A list of columns names to return.
2025-01-13T20:17:50.5544828Z         iterator : bool, optional
2025-01-13T20:17:50.5545072Z             Return an iterator object.
2025-01-13T20:17:50.5545328Z         chunksize : int, optional
2025-01-13T20:17:50.5545625Z             Number of rows to include in an iteration when using an iterator.
2025-01-13T20:17:50.5545932Z         **kwargs
2025-01-13T20:17:50.5546160Z             Additional keyword arguments passed to HDFStore.
2025-01-13T20:17:50.5546431Z     
2025-01-13T20:17:50.5546584Z         Returns
2025-01-13T20:17:50.5546756Z         -------
2025-01-13T20:17:50.5546923Z         object
2025-01-13T20:17:50.5547171Z             The selected object. Return type depends on the object stored.
2025-01-13T20:17:50.5547468Z     
2025-01-13T20:17:50.5547630Z         See Also
2025-01-13T20:17:50.5547803Z         --------
2025-01-13T20:17:50.5548032Z         DataFrame.to_hdf : Write a HDF file from a DataFrame.
2025-01-13T20:17:50.5548342Z         HDFStore : Low-level access to HDF files.
2025-01-13T20:17:50.5548585Z     
2025-01-13T20:17:50.5548929Z         Examples
2025-01-13T20:17:50.5549102Z         --------
2025-01-13T20:17:50.5549364Z         >>> df = pd.DataFrame([[1, 1.0, 'a']], columns=['x', 'y', 'z'])  # doctest: +SKIP
2025-01-13T20:17:50.5549873Z         >>> df.to_hdf('./store.h5', 'data')  # doctest: +SKIP
2025-01-13T20:17:50.5550182Z         >>> reread = pd.read_hdf('./store.h5')  # doctest: +SKIP
2025-01-13T20:17:50.5550451Z         """
2025-01-13T20:17:50.5550627Z         if mode not in ["r", "r+", "a"]:
2025-01-13T20:17:50.5550866Z             raise ValueError(
2025-01-13T20:17:50.5551138Z                 f"mode {mode} is not allowed while performing a read. "
2025-01-13T20:17:50.5551447Z                 f"Allowed modes are r, r+ and a."
2025-01-13T20:17:50.5551806Z             )
2025-01-13T20:17:50.5551980Z         # grab the scope
2025-01-13T20:17:50.5552180Z         if where is not None:
2025-01-13T20:17:50.5552413Z             where = _ensure_term(where, scope_level=1)
2025-01-13T20:17:50.5552659Z     
2025-01-13T20:17:50.5552839Z         if isinstance(path_or_buf, HDFStore):
2025-01-13T20:17:50.5553096Z             if not path_or_buf.is_open:
2025-01-13T20:17:50.5553394Z                 raise OSError("The HDFStore must be open for reading.")
2025-01-13T20:17:50.5553680Z     
2025-01-13T20:17:50.5553845Z             store = path_or_buf
2025-01-13T20:17:50.5554062Z             auto_close = False
2025-01-13T20:17:50.5554269Z         else:
2025-01-13T20:17:50.5554470Z             path_or_buf = stringify_path(path_or_buf)
2025-01-13T20:17:50.5554751Z             if not isinstance(path_or_buf, str):
2025-01-13T20:17:50.5555018Z                 raise NotImplementedError(
2025-01-13T20:17:50.5555328Z                     "Support for generic buffers has not been implemented."
2025-01-13T20:17:50.5555620Z                 )
2025-01-13T20:17:50.5555793Z             try:
2025-01-13T20:17:50.5555994Z                 exists = os.path.exists(path_or_buf)
2025-01-13T20:17:50.5556419Z     
2025-01-13T20:17:50.5556705Z             # if filepath is too long
2025-01-13T20:17:50.5557109Z             except (TypeError, ValueError):
2025-01-13T20:17:50.5557357Z                 exists = False
2025-01-13T20:17:50.5557564Z     
2025-01-13T20:17:50.5557728Z             if not exists:
2025-01-13T20:17:50.5558014Z >               raise FileNotFoundError(f"File {path_or_buf} does not exist")
2025-01-13T20:17:50.5558954Z E               FileNotFoundError: File /home/runner/work/tardis/tardis/tardis-regression-data/test_tau_sobolev/test_calculate_sobolev_line_opacity.h5 does not exist
2025-01-13T20:17:50.5559516Z 
2025-01-13T20:17:50.5559812Z ../../../micromamba/envs/tardis/lib/python3.12/site-packages/pandas/io/pytables.py:424: FileNotFoundError
2025-01-13T20:17:50.5560351Z ---------------------------- Captured stdout setup -----------------------------
2025-01-13T20:17:50.5560990Z [[1mtardis.io.model.parse_density_configuration[0m][[1;33mWARNING[0m]  
2025-01-13T20:17:50.5561701Z 	Number of density points larger than number of shells. Assuming inner point irrelevant ([1mparse_density_configuration.py[0m:114)
2025-01-13T20:17:50.5562287Z ---------------------------- Captured stderr setup -----------------------------
2025-01-13T20:17:50.5562526Z 
2025-01-13T20:17:50.5562852Z Iterations:â–ˆâ–ˆâ–ˆâ–ˆâ–ˆâ–ˆâ–ˆâ–ˆâ–ˆâ–ˆâ–ˆâ–ˆâ–ˆâ–ˆâ–ˆâ–ˆâ–ˆâ–ˆâ–ˆâ–ˆâ–ˆâ–ˆâ–ˆâ–ˆâ–ˆâ–ˆâ–ˆâ–ˆâ–ˆâ–ˆâ–ˆâ–ˆâ–ˆâ–ˆâ–ˆâ–ˆâ–ˆâ–ˆâ–ˆâ–ˆâ–ˆâ–ˆâ–ˆâ–ˆâ–ˆâ–ˆâ–ˆâ–ˆâ–ˆâ–ˆâ–ˆâ–ˆâ–ˆâ–ˆâ–ˆâ–ˆâ–ˆâ–ˆâ–ˆâ–ˆâ–ˆâ–ˆâ–ˆâ–ˆ                4/5 [00:12<00:02,  2.92s/it]
2025-01-13T20:17:50.5563124Z 
2025-01-13T20:17:50.5563359Z Packets:                                                                                   4030/? [00:12<00:00, 33321.61it/s][A
2025-01-13T20:17:50.5563723Z ------------------------------ Captured log setup ------------------------------
2025-01-13T20:17:50.5564461Z WARNING  tardis.io.model.parse_density_configuration:parse_density_configuration.py:114 Number of density points larger than number of shells. Assuming inner point irrelevant
2025-01-13T20:17:50.5565187Z _________________________ test_calculate_beta_sobolevs _________________________
2025-01-13T20:17:50.5565422Z 
2025-01-13T20:17:50.5565658Z nb_simulation_verysimple = <tardis.simulation.base.Simulation object at 0x7ff2dc831eb0>
2025-01-13T20:17:50.5566244Z regression_data = <tardis.tests.fixtures.regression_data.RegressionData object at 0x7ff2dcb64590>
2025-01-13T20:17:50.5566778Z 
2025-01-13T20:17:50.5566965Z     def test_calculate_beta_sobolevs(nb_simulation_verysimple, regression_data):
2025-01-13T20:17:50.5567357Z         legacy_plasma = nb_simulation_verysimple.plasma
2025-01-13T20:17:50.5567620Z     
2025-01-13T20:17:50.5567817Z         tau_sobolevs = calculate_sobolev_line_opacity(
2025-01-13T20:17:50.5568095Z             legacy_plasma.lines,
2025-01-13T20:17:50.5568337Z             legacy_plasma.level_number_density,
2025-01-13T20:17:50.5568888Z             legacy_plasma.time_explosion,
2025-01-13T20:17:50.5569199Z             legacy_plasma.stimulated_emission_factor,
2025-01-13T20:17:50.5569459Z         )
2025-01-13T20:17:50.5569672Z         actual = calculate_beta_sobolev(tau_sobolevs)
2025-01-13T20:17:50.5569968Z >       expected = regression_data.sync_ndarray(actual)
2025-01-13T20:17:50.5570157Z 
2025-01-13T20:17:50.5570273Z tardis/opacities/tests/test_tau_sobolev.py:35: 
2025-01-13T20:17:50.5570575Z _ _ _ _ _ _ _ _ _ _ _ _ _ _ _ _ _ _ _ _ _ _ _ _ _ _ _ _ _ _ _ _ _ _ _ _ _ _ _ _ 
2025-01-13T20:17:50.5570927Z tardis/tests/fixtures/regression_data.py:111: in sync_ndarray
2025-01-13T20:17:50.5571249Z     return np.load(self.fpath)
2025-01-13T20:17:50.5571499Z _ _ _ _ _ _ _ _ _ _ _ _ _ _ _ _ _ _ _ _ _ _ _ _ _ _ _ _ _ _ _ _ _ _ _ _ _ _ _ _ 
2025-01-13T20:17:50.5571699Z 
2025-01-13T20:17:50.5572077Z file = PosixPath('/home/runner/work/tardis/tardis/tardis-regression-data/test_tau_sobolev/test_calculate_beta_sobolevs.npy')
2025-01-13T20:17:50.5572712Z mmap_mode = None, allow_pickle = False, fix_imports = True, encoding = 'ASCII'
2025-01-13T20:17:50.5572983Z 
2025-01-13T20:17:50.5573059Z     @set_module('numpy')
2025-01-13T20:17:50.5573348Z     def load(file, mmap_mode=None, allow_pickle=False, fix_imports=True,
2025-01-13T20:17:50.5573795Z              encoding='ASCII', *, max_header_size=format._MAX_HEADER_SIZE):
2025-01-13T20:17:50.5574094Z         """
2025-01-13T20:17:50.5574368Z         Load arrays or pickled objects from ``.npy``, ``.npz`` or pickled files.
2025-01-13T20:17:50.5574702Z     
2025-01-13T20:17:50.5574980Z         .. warning:: Loading files that contain object arrays uses the ``pickle``
2025-01-13T20:17:50.5575386Z                      module, which is not secure against erroneous or maliciously
2025-01-13T20:17:50.5575763Z                      constructed data. Consider passing ``allow_pickle=False`` to
2025-01-13T20:17:50.5576137Z                      load data that is known not to contain object arrays for the
2025-01-13T20:17:50.5576460Z                      safer handling of untrusted sources.
2025-01-13T20:17:50.5576707Z     
2025-01-13T20:17:50.5576862Z         Parameters
2025-01-13T20:17:50.5577045Z         ----------
2025-01-13T20:17:50.5577264Z         file : file-like object, string, or pathlib.Path
2025-01-13T20:17:50.5577585Z             The file to read. File-like objects must support the
2025-01-13T20:17:50.5577901Z             ``seek()`` and ``read()`` methods and must always
2025-01-13T20:17:50.5578230Z             be opened in binary mode.  Pickled files require that the
2025-01-13T20:17:50.5578592Z             file-like object support the ``readline()`` method as well.
2025-01-13T20:17:50.5579158Z         mmap_mode : {None, 'r+', 'r', 'w+', 'c'}, optional
2025-01-13T20:17:50.5579496Z             If not None, then memory-map the file, using the given mode (see
2025-01-13T20:17:50.5579878Z             `numpy.memmap` for a detailed description of the modes).  A
2025-01-13T20:17:50.5580262Z             memory-mapped array is kept on disk. However, it can be accessed
2025-01-13T20:17:50.5580682Z             and sliced like any ndarray.  Memory mapping is especially useful
2025-01-13T20:17:50.5581082Z             for accessing small fragments of large files without reading the
2025-01-13T20:17:50.5581400Z             entire file into memory.
2025-01-13T20:17:50.5581641Z         allow_pickle : bool, optional
2025-01-13T20:17:50.5581982Z             Allow loading pickled object arrays stored in npy files. Reasons for
2025-01-13T20:17:50.5582543Z             disallowing pickles include security, as loading pickled data can
2025-01-13T20:17:50.5582946Z             execute arbitrary code. If pickles are disallowed, loading object
2025-01-13T20:17:50.5583282Z             arrays will fail. Default: False
2025-01-13T20:17:50.5583510Z     
2025-01-13T20:17:50.5583681Z             .. versionchanged:: 1.16.3
2025-01-13T20:17:50.5583955Z                 Made default False in response to CVE-2019-6446.
2025-01-13T20:17:50.5584219Z     
2025-01-13T20:17:50.5584517Z         fix_imports : bool, optional
2025-01-13T20:17:50.5584854Z             Only useful when loading Python 2 generated pickled files on Python 3,
2025-01-13T20:17:50.5585299Z             which includes npy/npz files containing object arrays. If `fix_imports`
2025-01-13T20:17:50.5585726Z             is True, pickle will try to map the old Python 2 names to the new names
2025-01-13T20:17:50.5586048Z             used in Python 3.
2025-01-13T20:17:50.5586275Z         encoding : str, optional
2025-01-13T20:17:50.5586575Z             What encoding to use when reading Python 2 strings. Only useful when
2025-01-13T20:17:50.5586987Z             loading Python 2 generated pickled files in Python 3, which includes
2025-01-13T20:17:50.5587402Z             npy/npz files containing object arrays. Values other than 'latin1',
2025-01-13T20:17:50.5587797Z             'ASCII', and 'bytes' are not allowed, as they can corrupt numerical
2025-01-13T20:17:50.5588122Z             data. Default: 'ASCII'
2025-01-13T20:17:50.5588362Z         max_header_size : int, optional
2025-01-13T20:17:50.5588858Z             Maximum allowed size of the header.  Large headers may not be safe
2025-01-13T20:17:50.5589273Z             to load securely and thus require explicitly passing a larger value.
2025-01-13T20:17:50.5589628Z             See :py:func:`ast.literal_eval()` for details.
2025-01-13T20:17:50.5589974Z             This option is ignored when `allow_pickle` is passed.  In that case
2025-01-13T20:17:50.5590367Z             the file is by definition trusted and the limit is unnecessary.
2025-01-13T20:17:50.5590663Z     
2025-01-13T20:17:50.5590814Z         Returns
2025-01-13T20:17:50.5590985Z         -------
2025-01-13T20:17:50.5591175Z         result : array, tuple, dict, etc.
2025-01-13T20:17:50.5591491Z             Data stored in the file. For ``.npz`` files, the returned instance
2025-01-13T20:17:50.5591880Z             of NpzFile class must be closed to avoid leaking file descriptors.
2025-01-13T20:17:50.5592184Z     
2025-01-13T20:17:50.5592338Z         Raises
2025-01-13T20:17:50.5592503Z         ------
2025-01-13T20:17:50.5592664Z         OSError
2025-01-13T20:17:50.5592879Z             If the input file does not exist or cannot be read.
2025-01-13T20:17:50.5593159Z         UnpicklingError
2025-01-13T20:17:50.5593434Z             If ``allow_pickle=True``, but the file cannot be loaded as a pickle.
2025-01-13T20:17:50.5593736Z         ValueError
2025-01-13T20:17:50.5594007Z             The file contains an object array, but ``allow_pickle=False`` given.
2025-01-13T20:17:50.5594316Z         EOFError
2025-01-13T20:17:50.5594567Z             When calling ``np.load`` multiple times on the same file handle,
2025-01-13T20:17:50.5594890Z             if all data has already been read
2025-01-13T20:17:50.5595126Z     
2025-01-13T20:17:50.5595277Z         See Also
2025-01-13T20:17:50.5595448Z         --------
2025-01-13T20:17:50.5595643Z         save, savez, savez_compressed, loadtxt
2025-01-13T20:17:50.5595976Z         memmap : Create a memory-map to an array stored in a file on disk.
2025-01-13T20:17:50.5596389Z         lib.format.open_memmap : Create or load a memory-mapped ``.npy`` file.
2025-01-13T20:17:50.5596706Z     
2025-01-13T20:17:50.5596855Z         Notes
2025-01-13T20:17:50.5597018Z         -----
2025-01-13T20:17:50.5597266Z         - If the file contains pickle data, then whatever object is stored
2025-01-13T20:17:50.5597587Z           in the pickle is returned.
2025-01-13T20:17:50.5598028Z         - If the file is a ``.npy`` file, then a single array is returned.
2025-01-13T20:17:50.5598388Z         - If the file is a ``.npz`` file, then a dictionary-like object is
2025-01-13T20:17:50.5598959Z           returned, containing ``{filename: array}`` key-value pairs, one for
2025-01-13T20:17:50.5599299Z           each file in the archive.
2025-01-13T20:17:50.5599621Z         - If the file is a ``.npz`` file, the returned value supports the
2025-01-13T20:17:50.5600025Z           context manager protocol in a similar fashion to the open function::
2025-01-13T20:17:50.5600468Z     
2025-01-13T20:17:50.5600643Z             with load('foo.npz') as data:
2025-01-13T20:17:50.5600879Z                 a = data['a']
2025-01-13T20:17:50.5601078Z     
2025-01-13T20:17:50.5601368Z           The underlying file descriptor is closed when exiting the 'with'
2025-01-13T20:17:50.5601676Z           block.
2025-01-13T20:17:50.5601839Z     
2025-01-13T20:17:50.5601988Z         Examples
2025-01-13T20:17:50.5602164Z         --------
2025-01-13T20:17:50.5602362Z         Store data to disk, and load it again:
2025-01-13T20:17:50.5602601Z     
2025-01-13T20:17:50.5602804Z         >>> np.save('/tmp/123', np.array([[1, 2, 3], [4, 5, 6]]))
2025-01-13T20:17:50.5603080Z         >>> np.load('/tmp/123.npy')
2025-01-13T20:17:50.5603303Z         array([[1, 2, 3],
2025-01-13T20:17:50.5603499Z                [4, 5, 6]])
2025-01-13T20:17:50.5603686Z     
2025-01-13T20:17:50.5603885Z         Store compressed data to disk, and load it again:
2025-01-13T20:17:50.5604151Z     
2025-01-13T20:17:50.5604332Z         >>> a=np.array([[1, 2, 3], [4, 5, 6]])
2025-01-13T20:17:50.5604577Z         >>> b=np.array([1, 2])
2025-01-13T20:17:50.5604804Z         >>> np.savez('/tmp/123.npz', a=a, b=b)
2025-01-13T20:17:50.5605058Z         >>> data = np.load('/tmp/123.npz')
2025-01-13T20:17:50.5605294Z         >>> data['a']
2025-01-13T20:17:50.5605481Z         array([[1, 2, 3],
2025-01-13T20:17:50.5605677Z                [4, 5, 6]])
2025-01-13T20:17:50.5605874Z         >>> data['b']
2025-01-13T20:17:50.5606055Z         array([1, 2])
2025-01-13T20:17:50.5606236Z         >>> data.close()
2025-01-13T20:17:50.5606425Z     
2025-01-13T20:17:50.5606645Z         Mem-map the stored array, and then access the second row
2025-01-13T20:17:50.5606944Z         directly from disk:
2025-01-13T20:17:50.5607142Z     
2025-01-13T20:17:50.5607324Z         >>> X = np.load('/tmp/123.npy', mmap_mode='r')
2025-01-13T20:17:50.5607575Z         >>> X[1, :]
2025-01-13T20:17:50.5607756Z         memmap([4, 5, 6])
2025-01-13T20:17:50.5607943Z     
2025-01-13T20:17:50.5608099Z         """
2025-01-13T20:17:50.5608302Z         if encoding not in ('ASCII', 'latin1', 'bytes'):
2025-01-13T20:17:50.5608810Z             # The 'encoding' value for pickle also affects what encoding
2025-01-13T20:17:50.5609175Z             # the serialized binary data of NumPy arrays is loaded
2025-01-13T20:17:50.5609518Z             # in. Pickle does not pass on the encoding information to
2025-01-13T20:17:50.5609870Z             # NumPy. The unpickling code in numpy.core.multiarray is
2025-01-13T20:17:50.5610236Z             # written to assume that unicode data appearing where binary
2025-01-13T20:17:50.5610600Z             # should be is in 'latin1'. 'bytes' is also safe, as is 'ASCII'.
2025-01-13T20:17:50.5610889Z             #
2025-01-13T20:17:50.5611117Z             # Other encoding values can corrupt binary data, and we
2025-01-13T20:17:50.5611481Z             # purposefully disallow them. For the same reason, the errors=
2025-01-13T20:17:50.5611850Z             # argument is not exposed, as values other than 'strict'
2025-01-13T20:17:50.5612188Z             # result can similarly silently corrupt numerical data.
2025-01-13T20:17:50.5612566Z             raise ValueError("encoding must be 'ASCII', 'latin1', or 'bytes'")
2025-01-13T20:17:50.5612881Z     
2025-01-13T20:17:50.5613118Z         pickle_kwargs = dict(encoding=encoding, fix_imports=fix_imports)
2025-01-13T20:17:50.5613422Z     
2025-01-13T20:17:50.5613731Z         with contextlib.ExitStack() as stack:
2025-01-13T20:17:50.5613999Z             if hasattr(file, 'read'):
2025-01-13T20:17:50.5614229Z                 fid = file
2025-01-13T20:17:50.5614431Z                 own_fid = False
2025-01-13T20:17:50.5614635Z             else:
2025-01-13T20:17:50.5614875Z >               fid = stack.enter_context(open(os_fspath(file), "rb"))
2025-01-13T20:17:50.5615691Z E               FileNotFoundError: [Errno 2] No such file or directory: '/home/runner/work/tardis/tardis/tardis-regression-data/test_tau_sobolev/test_calculate_beta_sobolevs.npy'
2025-01-13T20:17:50.5616270Z 
2025-01-13T20:17:50.5616546Z ../../../micromamba/envs/tardis/lib/python3.12/site-packages/numpy/lib/npyio.py:427: FileNotFoundError
2025-01-13T20:17:50.5617020Z =============================== warnings summary ===============================
2025-01-13T20:17:50.5617339Z tardis/io/configuration/config_validator.py:6
2025-01-13T20:17:50.5617639Z tardis/io/configuration/config_validator.py:6
2025-01-13T20:17:50.5618133Z   /home/runner/work/tardis/tardis/tardis/io/configuration/config_validator.py:6: DeprecationWarning:
2025-01-13T20:17:50.5618596Z   
2025-01-13T20:17:50.5620020Z   jsonschema.RefResolver is deprecated as of v4.18.0, in favor of the https://github.com/python-jsonschema/referencing library, which provides more compliant referencing behavior as well as more flexible APIs for customization. A future release will remove RefResolver. Please file a feature request (on referencing) if you are missing an API for the kind of customization you need.
2025-01-13T20:17:50.5621229Z 
2025-01-13T20:17:50.5621465Z ../../../micromamba/envs/tardis/lib/python3.12/site-packages/jupyter_client/connect.py:22
2025-01-13T20:17:50.5622134Z   /home/runner/micromamba/envs/tardis/lib/python3.12/site-packages/jupyter_client/connect.py:22: DeprecationWarning:
2025-01-13T20:17:50.5622644Z   
2025-01-13T20:17:50.5622878Z   Jupyter is migrating its paths to use standard platformdirs
2025-01-13T20:17:50.5623262Z   given by the platformdirs library.  To remove this warning and
2025-01-13T20:17:50.5623653Z   see the appropriate new directories, set the environment variable
2025-01-13T20:17:50.5624042Z   `JUPYTER_PLATFORM_DIRS=1` and then run `jupyter --paths`.
2025-01-13T20:17:50.5624412Z   The use of platformdirs will be the default in `jupyter_core` v6
2025-01-13T20:17:50.5624642Z 
2025-01-13T20:17:50.5624793Z tardis/io/tests/test_HDFWriter.py::test_multi_index_write
2025-01-13T20:17:50.5625298Z tardis/visualization/widgets/tests/test_shell_info.py::TestHDFShellInfo::test_shells_data
2025-01-13T20:17:50.5625844Z   /home/runner/work/tardis/tardis/tardis/io/util.py:276: PerformanceWarning:
2025-01-13T20:17:50.5626197Z   
2025-01-13T20:17:50.5626344Z   
2025-01-13T20:17:50.5626625Z   your performance may suffer as PyTables will pickle object types that it cannot
2025-01-13T20:17:50.5627160Z   map directly to c-types [inferred_type->mixed,key->block0_values] [items->Index([0], dtype='int64')]
2025-01-13T20:17:50.5627505Z 
2025-01-13T20:17:50.5627694Z tardis/io/tests/test_model_reader.py::test_read_cmfgen_isotope_abundances
2025-01-13T20:17:50.5628170Z tardis/plasma/tests/test_tardis_model_density_config.py::test_electron_densities
2025-01-13T20:17:50.5628893Z tardis/plasma/tests/test_tardis_model_density_config.py::test_isotope_number_densities
2025-01-13T20:17:50.5629383Z tardis/plasma/tests/test_tardis_model_density_config.py::test_t_rad
2025-01-13T20:17:50.5629949Z   /home/runner/work/tardis/tardis/tardis/io/model/readers/cmfgen_deprecated.py:82: DeprecationWarning:
2025-01-13T20:17:50.5630412Z   
2025-01-13T20:17:50.5630608Z   The current CMFGEN model parser is deprecated
2025-01-13T20:17:50.5630801Z 
2025-01-13T20:17:50.5630907Z tardis/io/tests/test_model_reader.py: 1 warning
2025-01-13T20:17:50.5631262Z tardis/plasma/tests/test_tardis_model_density_config.py: 9 warnings
2025-01-13T20:17:50.5631817Z   /home/runner/work/tardis/tardis/tardis/io/model/readers/cmfgen_deprecated.py:40: DeprecationWarning:
2025-01-13T20:17:50.5632479Z   
2025-01-13T20:17:50.5632661Z   The current CMFGEN model parser is deprecated
2025-01-13T20:17:50.5632840Z 
2025-01-13T20:17:50.5633044Z tardis/model/tests/test_base.py::TestModelFromPaper1Config::test_abundances
2025-01-13T20:17:50.5633682Z   /home/runner/work/tardis/tardis/tardis/transport/montecarlo/montecarlo_main_loop.py:123: NumbaTypeSafetyWarning:
2025-01-13T20:17:50.5634191Z   
2025-01-13T20:17:50.5634602Z   [1m[1m[1munsafe cast from uint64 to int64. Precision may be lost.[0m[0m[0m
2025-01-13T20:17:50.5634864Z 
2025-01-13T20:17:50.5635080Z tardis/model/tests/test_base.py: 6 warnings
2025-01-13T20:17:50.5635372Z tardis/model/tests/test_csvy_model.py: 2 warnings
2025-01-13T20:17:50.5635734Z tardis/plasma/tests/test_tardis_model_density_config.py: 3 warnings
2025-01-13T20:17:50.5636246Z   /home/runner/work/tardis/tardis/tardis/model/geometry/radial1d.py:50: DeprecationWarning:
2025-01-13T20:17:50.5636658Z   
2025-01-13T20:17:50.5636845Z   v_inner_boundary < 0, assuming default value
2025-01-13T20:17:50.5637038Z 
2025-01-13T20:17:50.5637135Z tardis/model/tests/test_base.py: 6 warnings
2025-01-13T20:17:50.5637415Z tardis/model/tests/test_csvy_model.py: 2 warnings
2025-01-13T20:17:50.5637780Z tardis/plasma/tests/test_tardis_model_density_config.py: 3 warnings
2025-01-13T20:17:50.5638286Z   /home/runner/work/tardis/tardis/tardis/model/geometry/radial1d.py:61: DeprecationWarning:
2025-01-13T20:17:50.5638883Z   
2025-01-13T20:17:50.5639071Z   v_outer_boundary < 0, assuming default value
2025-01-13T20:17:50.5639253Z 
2025-01-13T20:17:50.5639721Z tardis/plasma/equilibrium/tests/test_level_populations.py::TestLevelPopulationSolver::test_solve[collisional_rate_solver0-radiative_transitions0]
2025-01-13T20:17:50.5640551Z   /home/runner/work/tardis/tardis/tardis/plasma/equilibrium/level_populations.py:65: FutureWarning:
2025-01-13T20:17:50.5640998Z   
2025-01-13T20:17:50.5641354Z   A value is trying to be set on a copy of a DataFrame or Series through chained assignment using an inplace method.
2025-01-13T20:17:50.5642149Z   The behavior will change in pandas 3.0. This inplace method will never work because the intermediate object on which we are setting values always behaves as a copy.
2025-01-13T20:17:50.5642739Z   
2025-01-13T20:17:50.5643349Z   For example, when doing 'df[col].method(value, inplace=True)', try using 'df.method({col: value}, inplace=True)' or df[col] = df[col].method(value) instead, to perform the operation inplace on the original object.
2025-01-13T20:17:50.5643956Z 
2025-01-13T20:17:50.5644101Z tardis/plasma/tests/test_complete_plasmas.py: 20 warnings
2025-01-13T20:17:50.5644610Z   /home/runner/work/tardis/tardis/tardis/plasma/tests/test_complete_plasmas.py:197: UserWarning:
2025-01-13T20:17:50.5645039Z   
2025-01-13T20:17:50.5645207Z   Property "atomic_mass" not found
2025-01-13T20:17:50.5645373Z 
2025-01-13T20:17:50.5645797Z tardis/plasma/tests/test_complete_plasmas.py::TestPlasma::test_plasma_properties[radiative_rates_type:detailed-w_epsilon:1e-10-j_blues_norm_factor]
2025-01-13T20:17:50.5646681Z tardis/plasma/tests/test_complete_plasmas.py::TestPlasma::test_plasma_properties[radiative_rates_type:detailed-j_blues_norm_factor]
2025-01-13T20:17:50.5647407Z   /home/runner/work/tardis/tardis/tardis/plasma/tests/test_complete_plasmas.py:197: UserWarning:
2025-01-13T20:17:50.5647829Z   
2025-01-13T20:17:50.5648005Z   Property "j_blues_norm_factor" not found
2025-01-13T20:17:50.5648182Z 
2025-01-13T20:17:50.5648601Z tardis/plasma/tests/test_complete_plasmas.py::TestPlasma::test_plasma_properties[radiative_rates_type:detailed-w_epsilon:1e-10-j_blue_estimator]
2025-01-13T20:17:50.5649661Z tardis/plasma/tests/test_complete_plasmas.py::TestPlasma::test_plasma_properties[radiative_rates_type:detailed-j_blue_estimator]
2025-01-13T20:17:50.5650378Z   /home/runner/work/tardis/tardis/tardis/plasma/tests/test_complete_plasmas.py:197: UserWarning:
2025-01-13T20:17:50.5650795Z   
2025-01-13T20:17:50.5650969Z   Property "j_blue_estimator" not found
2025-01-13T20:17:50.5651140Z 
2025-01-13T20:17:50.5651689Z tardis/plasma/tests/test_complete_plasmas.py::TestPlasma::test_plasma_properties[radiative_rates_type:detailed-w_epsilon:1e-10-volume]
2025-01-13T20:17:50.5652481Z tardis/plasma/tests/test_complete_plasmas.py::TestPlasma::test_plasma_properties[radiative_rates_type:detailed-volume]
2025-01-13T20:17:50.5653167Z   /home/runner/work/tardis/tardis/tardis/plasma/tests/test_complete_plasmas.py:197: UserWarning:
2025-01-13T20:17:50.5653585Z   
2025-01-13T20:17:50.5653752Z   Property "volume" not found
2025-01-13T20:17:50.5653904Z 
2025-01-13T20:17:50.5654401Z tardis/plasma/tests/test_complete_plasmas.py::TestPlasma::test_plasma_properties[radiative_rates_type:detailed-w_epsilon:1e-10-r_inner]
2025-01-13T20:17:50.5655204Z tardis/plasma/tests/test_complete_plasmas.py::TestPlasma::test_plasma_properties[radiative_rates_type:detailed-r_inner]
2025-01-13T20:17:50.5655888Z   /home/runner/work/tardis/tardis/tardis/plasma/tests/test_complete_plasmas.py:197: UserWarning:
2025-01-13T20:17:50.5656305Z   
2025-01-13T20:17:50.5656475Z   Property "r_inner" not found
2025-01-13T20:17:50.5656620Z 
2025-01-13T20:17:50.5656833Z tardis/plasma/tests/test_plasma_vboundary.py::test_plasma_vboundary[2900-3750]
2025-01-13T20:17:50.5657324Z tardis/plasma/tests/test_plasma_vboundary.py::test_plasma_vboundary[2900-3850]
2025-01-13T20:17:50.5657806Z tardis/plasma/tests/test_plasma_vboundary.py::test_plasma_vboundary[2900-3900]
2025-01-13T20:17:50.5658324Z   /home/runner/work/tardis/tardis/tardis/model/geometry/radial1d.py:71: UserWarning:
2025-01-13T20:17:50.5658905Z   
2025-01-13T20:17:50.5659191Z   Requesting inner boundary below inner shell. Extrapolating the inner cell
2025-01-13T20:17:50.5659469Z 
2025-01-13T20:17:50.5659675Z tardis/spectrum/tests/test_spectrum_solver.py::TestSpectrumSolver::test_solve
2025-01-13T20:17:50.5660161Z   /home/runner/work/tardis/tardis/tardis/spectrum/base.py:70: UserWarning:
2025-01-13T20:17:50.5660503Z   
2025-01-13T20:17:50.5660908Z   SpectrumSolver.spectrum_virtual_packets is zero. Please run the montecarlo simulation with no_of_virtual_packets > 0
2025-01-13T20:17:50.5661323Z 
2025-01-13T20:17:50.5661533Z tardis/spectrum/tests/test_spectrum_solver.py::TestSpectrumSolver::test_solve
2025-01-13T20:17:50.5662016Z   /home/runner/work/tardis/tardis/tardis/spectrum/base.py:111: UserWarning:
2025-01-13T20:17:50.5662356Z   
2025-01-13T20:17:50.5662782Z   SpectrumSolver.integrator: The FormalIntegrator is not yet available.Please run the montecarlo simulation at least once.
2025-01-13T20:17:50.5663208Z 
2025-01-13T20:17:50.5663423Z tardis/transport/montecarlo/tests/test_vpacket.py::test_trace_vpacket_volley
2025-01-13T20:17:50.5663825Z   <string>:3: NumbaPendingDeprecationWarning:
2025-01-13T20:17:50.5664073Z   
2025-01-13T20:17:50.5665230Z   [1m[1mCode using Numba extension API maybe depending on 'old_style' error-capturing, which is deprecated and will be replaced by 'new_style' in a future release. See details at https://numba.readthedocs.io/en/latest/reference/deprecation.html#deprecation-of-old-style-numba-captured-errors
2025-01-13T20:17:50.5666245Z   Exception origin:
2025-01-13T20:17:50.5666612Z     File "/home/runner/micromamba/envs/tardis/lib/python3.12/inspect.py", line 3180, in _bind
2025-01-13T20:17:50.5667027Z       raise TypeError(msg) from None
2025-01-13T20:17:50.5667277Z   [0m[0m
2025-01-13T20:17:50.5667376Z 
2025-01-13T20:17:50.5667698Z tardis/visualization/tools/tests/test_sdec_plot.py::TestSDECPlotter::test_mpl_image[plotter_generate_plot_mpl4]
2025-01-13T20:17:50.5668376Z   /home/runner/work/tardis/tardis/tardis/visualization/tools/sdec_plot.py:1225: RuntimeWarning:
2025-01-13T20:17:50.5668996Z   
2025-01-13T20:17:50.5669931Z   More than 20 figures have been opened. Figures created through the pyplot interface (`matplotlib.pyplot.figure`) are retained until explicitly closed and may consume too much memory. (To control this warning, see the rcParam `figure.max_open_warning`). Consider using `matplotlib.pyplot.close()`.
2025-01-13T20:17:50.5670846Z 
2025-01-13T20:17:50.5671203Z tardis/visualization/widgets/tests/test_custom_abundance.py::TestCustomAbundanceWidget::test_update_input_item_value
2025-01-13T20:17:50.5672127Z tardis/visualization/widgets/tests/test_custom_abundance.py::TestCustomAbundanceWidget::test_update_input_item_value
2025-01-13T20:17:50.5672903Z tardis/visualization/widgets/tests/test_custom_abundance.py::TestCustomAbundanceWidget::test_update_input_item_value
2025-01-13T20:17:50.5673671Z tardis/visualization/widgets/tests/test_custom_abundance.py::TestCustomAbundanceWidget::test_update_input_item_value
2025-01-13T20:17:50.5674541Z tardis/visualization/widgets/tests/test_custom_abundance.py::TestCustomAbundanceWidget::test_update_input_item_value
2025-01-13T20:17:50.5675313Z tardis/visualization/widgets/tests/test_custom_abundance.py::TestCustomAbundanceWidget::test_update_input_item_value
2025-01-13T20:17:50.5676084Z   /home/runner/micromamba/envs/tardis/lib/python3.12/site-packages/traitlets/traitlets.py:1385: DeprecationWarning:
2025-01-13T20:17:50.5676588Z   
2025-01-13T20:17:50.5676865Z   Passing unrecognized arguments to super(Checkbox).__init__(icon='lock').
2025-01-13T20:17:50.5677316Z   object.__init__() takes exactly one argument (the instance to initialize)
2025-01-13T20:17:50.5677812Z   This is deprecated in traitlets 4.2.This error will be raised in a future release of traitlets.
2025-01-13T20:17:50.5678130Z 
2025-01-13T20:17:50.5678481Z tardis/visualization/widgets/tests/test_custom_abundance.py::TestCustomAbundanceWidget::test_update_input_item_value
2025-01-13T20:17:50.5679434Z tardis/visualization/widgets/tests/test_custom_abundance.py::TestCustomAbundanceWidget::test_update_input_item_value
2025-01-13T20:17:50.5680206Z   /home/runner/micromamba/envs/tardis/lib/python3.12/site-packages/traitlets/traitlets.py:1385: DeprecationWarning:
2025-01-13T20:17:50.5680702Z   
2025-01-13T20:17:50.5680962Z   Passing unrecognized arguments to super(FloatText).__init__(min=0).
2025-01-13T20:17:50.5681385Z   object.__init__() takes exactly one argument (the instance to initialize)
2025-01-13T20:17:50.5681875Z   This is deprecated in traitlets 4.2.This error will be raised in a future release of traitlets.
2025-01-13T20:17:50.5682196Z 
2025-01-13T20:17:50.5682539Z tardis/visualization/widgets/tests/test_custom_abundance.py::TestCustomAbundanceWidget::test_update_input_item_value
2025-01-13T20:17:50.5683309Z   /home/runner/micromamba/envs/tardis/lib/python3.12/site-packages/traitlets/traitlets.py:1385: DeprecationWarning:
2025-01-13T20:17:50.5683798Z   
2025-01-13T20:17:50.5684058Z   Passing unrecognized arguments to super(HTML).__init__(indent=True).
2025-01-13T20:17:50.5684486Z   object.__init__() takes exactly one argument (the instance to initialize)
2025-01-13T20:17:50.5684976Z   This is deprecated in traitlets 4.2.This error will be raised in a future release of traitlets.
2025-01-13T20:17:50.5685287Z 
2025-01-13T20:17:50.5685716Z tardis/visualization/widgets/tests/test_line_info.py::TestLineInfoWidgetData::test_get_species_interactions[wavelength_range0-packet_out_nu]
2025-01-13T20:17:50.5686549Z   /home/runner/micromamba/envs/tardis/lib/python3.12/site-packages/qgridnext/grid.py:825: DeprecationWarning:
2025-01-13T20:17:50.5687018Z   
2025-01-13T20:17:50.5687369Z   QgridWidget._grid_options_changed is deprecated in traitlets 4.1: use @observe and @unobserve instead.
2025-01-13T20:17:50.5687726Z 
2025-01-13T20:17:50.5687988Z tardis/visualization/widgets/tests/test_shell_info.py::TestHDFShellInfo::test_shells_data
2025-01-13T20:17:50.5688531Z   /home/runner/work/tardis/tardis/tardis/io/util.py:289: PerformanceWarning:
2025-01-13T20:17:50.5689047Z   
2025-01-13T20:17:50.5706922Z   
2025-01-13T20:17:50.5707435Z   your performance may suffer as PyTables will pickle object types that it cannot
2025-01-13T20:17:50.5708326Z   map directly to c-types [inferred_type->mixed,key->block0_values] [items->Index([0], dtype='int64')]
2025-01-13T20:17:50.5709044Z 
2025-01-13T20:17:50.5709489Z tardis/visualization/widgets/tests/test_shell_info.py::TestHDFShellInfo::test_shells_data
2025-01-13T20:17:50.5710627Z   /home/runner/work/tardis/tardis/tardis/io/util.py:292: PerformanceWarning:
2025-01-13T20:17:50.5711199Z   
2025-01-13T20:17:50.5711432Z   
2025-01-13T20:17:50.5711883Z   your performance may suffer as PyTables will pickle object types that it cannot
2025-01-13T20:17:50.5712623Z   map directly to c-types [inferred_type->mixed,key->values] [items->None]
2025-01-13T20:17:50.5713037Z 
2025-01-13T20:17:50.5713451Z tardis/visualization/widgets/tests/test_shell_info.py::TestHDFShellInfo::test_shells_data
2025-01-13T20:17:50.5714548Z   /home/runner/work/tardis/tardis/tardis/spectrum/formal_integral.py:398: UserWarning:
2025-01-13T20:17:50.5715195Z   
2025-01-13T20:17:50.5715631Z   The number of interpolate_shells was not specified. The value was set to 80.
2025-01-13T20:17:50.5716081Z 
2025-01-13T20:17:50.5716374Z -- Docs: https://docs.pytest.org/en/stable/how-to/capture-warnings.html
2025-01-13T20:17:50.5716801Z 
2025-01-13T20:17:50.5717051Z ---------- coverage: platform linux, python 3.12.4-final-0 -----------
2025-01-13T20:17:50.5717632Z Coverage HTML written to dir coverage_html_report
2025-01-13T20:17:50.5718085Z Coverage XML written to file coverage.xml
2025-01-13T20:17:50.5718369Z 
2025-01-13T20:17:50.5718559Z =========================== short test summary info ============================
2025-01-13T20:17:50.5720249Z FAILED tardis/opacities/tests/test_tau_sobolev.py::test_calculate_sobolev_line_opacity - FileNotFoundError: File /home/runner/work/tardis/tardis/tardis-regression-data/test_tau_sobolev/test_calculate_sobolev_line_opacity.h5 does not exist
2025-01-13T20:17:50.5722794Z FAILED tardis/opacities/tests/test_tau_sobolev.py::test_calculate_beta_sobolevs - FileNotFoundError: [Errno 2] No such file or directory: '/home/runner/work/tardis/tardis/tardis-regression-data/test_tau_sobolev/test_calculate_beta_sobolevs.npy'
2025-01-13T20:17:50.5723962Z = 2 failed, 1436 passed, 329 skipped, 2 deselected, 19 xfailed, 8 xpassed, 91 warnings in 755.61s (0:12:35) =
2025-01-13T20:17:53.1176041Z ##[error]Process completed with exit code 1.
2025-01-13T20:17:53.1260454Z Post job cleanup.
2025-01-13T20:17:53.1291601Z Post job cleanup.
2025-01-13T20:17:53.2681725Z Will use pre-installed micromamba at /home/runner/micromamba-bin/micromamba
2025-01-13T20:17:53.2689327Z Removing micromamba run shell ...
2025-01-13T20:17:53.2693369Z ##[group]Deinitialize micromamba for bash
2025-01-13T20:17:53.2712926Z [command]/home/runner/micromamba-bin/micromamba shell deinit -s bash -r /home/runner/micromamba --log-level warning --rc-file /home/runner/work/_temp/setup-micromamba/.condarc
2025-01-13T20:17:53.2817529Z Resetting RC file "/home/runner/.bashrc"
2025-01-13T20:17:53.2818124Z Deleting config for root prefix 
2025-01-13T20:17:53.2818855Z Clearing mamba executable environment variable
2025-01-13T20:17:53.2821891Z Removing the following in your "/home/runner/.bashrc" file
2025-01-13T20:17:53.2822955Z # >>> mamba initialize >>>
2025-01-13T20:17:53.2823339Z ...
2025-01-13T20:17:53.2823623Z # <<< mamba initialize <<<
2025-01-13T20:17:53.2852492Z Removing mamba initialize block from .bash_profile
2025-01-13T20:17:53.2867724Z ##[endgroup]
2025-01-13T20:17:53.2872972Z Removing environment tardis from auto-activate bash ...
2025-01-13T20:17:53.2997375Z Post job cleanup.
2025-01-13T20:17:53.3039356Z Post job cleanup.
2025-01-13T20:17:53.4095025Z [command]/usr/bin/git version
2025-01-13T20:17:53.4150600Z git version 2.47.1
2025-01-13T20:17:53.4223935Z Temporarily overriding HOME='/home/runner/work/_temp/e71e3d92-4ae6-4c90-8e12-a08d3ac95979' before making global git config changes
2025-01-13T20:17:53.4225116Z Adding repository directory to the temporary git global config as a safe directory
2025-01-13T20:17:53.4232528Z [command]/usr/bin/git config --global --add safe.directory /home/runner/work/tardis/tardis/tardis-regression-data
2025-01-13T20:17:53.4273007Z [command]/usr/bin/git config --local --name-only --get-regexp core\.sshCommand
2025-01-13T20:17:53.4310026Z [command]/usr/bin/git submodule foreach --recursive sh -c "git config --local --name-only --get-regexp 'core\.sshCommand' && git config --local --unset-all 'core.sshCommand' || :"
2025-01-13T20:17:53.4546673Z [command]/usr/bin/git config --local --name-only --get-regexp http\.https\:\/\/github\.com\/\.extraheader
2025-01-13T20:17:53.4570336Z http.https://github.com/.extraheader
2025-01-13T20:17:53.4584106Z [command]/usr/bin/git config --local --unset-all http.https://github.com/.extraheader
2025-01-13T20:17:53.4617606Z [command]/usr/bin/git submodule foreach --recursive sh -c "git config --local --name-only --get-regexp 'http\.https\:\/\/github\.com\/\.extraheader' && git config --local --unset-all 'http.https://github.com/.extraheader' || :"
2025-01-13T20:17:53.4971636Z Post job cleanup.
2025-01-13T20:17:53.5949898Z [command]/usr/bin/git version
2025-01-13T20:17:53.5992058Z git version 2.47.1
2025-01-13T20:17:53.6047157Z Temporarily overriding HOME='/home/runner/work/_temp/aa74bbda-1eca-4732-a9cc-3182007aff0f' before making global git config changes
2025-01-13T20:17:53.6048472Z Adding repository directory to the temporary git global config as a safe directory
2025-01-13T20:17:53.6053712Z [command]/usr/bin/git config --global --add safe.directory /home/runner/work/tardis/tardis
2025-01-13T20:17:53.6093282Z [command]/usr/bin/git config --local --name-only --get-regexp core\.sshCommand
2025-01-13T20:17:53.6129561Z [command]/usr/bin/git submodule foreach --recursive sh -c "git config --local --name-only --get-regexp 'core\.sshCommand' && git config --local --unset-all 'core.sshCommand' || :"
2025-01-13T20:17:53.6413856Z [command]/usr/bin/git config --local --name-only --get-regexp http\.https\:\/\/github\.com\/\.extraheader
2025-01-13T20:17:53.6439516Z http.https://github.com/.extraheader
2025-01-13T20:17:53.6452913Z [command]/usr/bin/git config --local --unset-all http.https://github.com/.extraheader
2025-01-13T20:17:53.6484574Z [command]/usr/bin/git submodule foreach --recursive sh -c "git config --local --name-only --get-regexp 'http\.https\:\/\/github\.com\/\.extraheader' && git config --local --unset-all 'http.https://github.com/.extraheader' || :"
2025-01-13T20:17:53.6828340Z Cleaning up orphan processes
