2025-02-23T16:43:38.6746600Z ##[group]Run pytest tardis --tardis-regression-data=/Users/runner/work/tardis/tardis/tardis-regression-data --cov=tardis --cov-report=xml --cov-report=html --cov-append -m "not continuum"
2025-02-23T16:43:38.6747690Z [36;1mpytest tardis --tardis-regression-data=/Users/runner/work/tardis/tardis/tardis-regression-data --cov=tardis --cov-report=xml --cov-report=html --cov-append -m "not continuum"[0m
2025-02-23T16:43:38.6819010Z shell: /bin/bash -l {0}
2025-02-23T16:43:38.6819250Z env:
2025-02-23T16:43:38.6819410Z   CACHE_NUMBER: 0
2025-02-23T16:43:38.6819930Z   PYTEST_FLAGS: --tardis-regression-data=/Users/runner/work/tardis/tardis/tardis-regression-data --cov=tardis --cov-report=xml --cov-report=html --cov-append
2025-02-23T16:43:38.6820660Z   CODECOV_TOKEN: 
2025-02-23T16:43:38.6820840Z   MAMBA_ROOT_PREFIX: /Users/runner/micromamba
2025-02-23T16:43:38.6821130Z   MAMBA_EXE: /Users/runner/micromamba-bin/micromamba
2025-02-23T16:43:38.6821440Z   CONDARC: /Users/runner/work/_temp/setup-micromamba/.condarc
2025-02-23T16:43:38.6822050Z ##[endgroup]
2025-02-23T16:43:54.2496620Z ============================= test session starts ==============================
2025-02-23T16:43:54.2498070Z platform darwin -- Python 3.12.4, pytest-8.2.2, pluggy-1.5.0
2025-02-23T16:43:54.2498990Z rootdir: /Users/runner/work/tardis/tardis
2025-02-23T16:43:54.2499800Z configfile: pyproject.toml
2025-02-23T16:43:54.2500610Z plugins: cov-5.0.0, html-4.1.1, metadata-3.1.1, doctestplus-1.2.1, anyio-4.4.0
2025-02-23T16:43:54.2501620Z collected 1799 items / 2 deselected / 1797 selected
2025-02-23T16:43:54.2502060Z 
2025-02-23T16:43:58.0215180Z tardis/energy_input/tests/test_energy_source.py ..xxx                    [  0%]
2025-02-23T16:43:59.9019530Z tardis/energy_input/tests/test_gamma_ray_channel.py ...........          [  0%]
2025-02-23T16:44:01.2164910Z tardis/energy_input/tests/test_gamma_ray_grid.py xx.                     [  1%]
2025-02-23T16:44:02.5929830Z tardis/energy_input/tests/test_gamma_ray_interactions.py xx....          [  1%]
2025-02-23T16:44:02.6046800Z tardis/energy_input/tests/test_gamma_ray_packet_source.py sssssssss      [  1%]
2025-02-23T16:44:03.8014820Z tardis/energy_input/tests/test_util.py .....xxxx.....                    [  2%]
2025-02-23T16:44:04.1887040Z tardis/grid/tests/test_grid.py .                                         [  2%]
2025-02-23T16:44:04.2118210Z tardis/gui/tests/test_gui.py s                                           [  2%]
2025-02-23T16:44:07.7203430Z tardis/io/configuration/tests/test_config_reader.py ...........          [  3%]
2025-02-23T16:44:07.7293830Z tardis/io/configuration/tests/test_configuration_namespace.py .........  [  3%]
2025-02-23T16:44:07.7481900Z tardis/io/logger/tests/test_logging.py ssssssssssssssssssssssssssss      [  5%]
2025-02-23T16:44:39.4120560Z tardis/io/model/readers/tests/test_arepo_parser.py ..                    [  5%]
2025-02-23T16:44:39.4655460Z tardis/io/model/readers/tests/test_artis_readers.py F...                 [  5%]
2025-02-23T16:44:39.4796910Z tardis/io/model/readers/tests/test_ascii_readers.py ...                  [  5%]
2025-02-23T16:44:39.4894510Z tardis/io/model/readers/tests/test_cmfgen_reader.py ..                   [  6%]
2025-02-23T16:44:39.5120920Z tardis/io/model/readers/tests/test_csvy_reader.py ....                   [  6%]
2025-02-23T16:44:39.5299800Z tardis/io/model/readers/tests/test_stella_reader.py ..                   [  6%]
2025-02-23T16:44:39.7688830Z tardis/io/tests/test_HDFWriter.py ...............                        [  7%]
2025-02-23T16:44:40.2982970Z tardis/io/tests/test_atomic.py .....                                     [  7%]
2025-02-23T16:44:40.3111550Z tardis/io/tests/test_decay.py ..                                         [  7%]
2025-02-23T16:44:40.4348990Z tardis/io/tests/test_model_reader.py .....                               [  7%]
2025-02-23T16:44:40.4449590Z tardis/model/geometry/tests/test_radial1d.py ..                          [  8%]
2025-02-23T16:45:09.9721670Z tardis/model/tests/test_base.py ........................................ [ 10%]
2025-02-23T16:45:10.6753300Z ............                                                             [ 10%]
2025-02-23T16:45:12.9187410Z tardis/model/tests/test_csvy_model.py .........                          [ 11%]
2025-02-23T16:45:12.9488880Z tardis/model/tests/test_density.py ..                                    [ 11%]
2025-02-23T16:45:14.2722670Z tardis/opacities/tests/test_opacity_solver.py .....                      [ 11%]
2025-02-23T16:45:15.4534450Z tardis/opacities/tests/test_opacity_state_numba.py .....                 [ 12%]
2025-02-23T16:45:17.0039070Z tardis/opacities/tests/test_tau_sobolev.py ..                            [ 12%]
2025-02-23T16:45:19.4935250Z tardis/plasma/equilibrium/tests/test_collisional_transitions.py ...      [ 12%]
2025-02-23T16:45:56.3356500Z tardis/plasma/equilibrium/tests/test_level_populations.py ....           [ 12%]
2025-02-23T16:46:04.8542540Z tardis/plasma/equilibrium/tests/test_rate_matrix.py .                    [ 12%]
2025-02-23T16:46:05.8137620Z tardis/plasma/tests/test_complete_plasmas.py ..............s......s..... [ 14%]
2025-02-23T16:46:07.8349350Z s....ssssss............s......s.....ss.....s....ssssss............s..... [ 18%]
2025-02-23T16:46:09.0748860Z .s.....ss.....s....ssssss............s......s.....ss.....s....ssssss.... [ 22%]
2025-02-23T16:46:11.2806690Z ........s......s.....ss.....s....ssssss............s......s.....ss.....s [ 26%]
2025-02-23T16:46:13.2425900Z ....ssssss............s......s.....ss.....s....ssssss............s...... [ 30%]
2025-02-23T16:46:13.7896440Z s.....ss.....s....ssssss............s......s.....ss.....s.ss.ssssss..... [ 34%]
2025-02-23T16:46:15.8663910Z .......s......s.....ss.....s....ssssss............s......s.....ss.....s. [ 38%]
2025-02-23T16:46:18.0739140Z ...ssssss............s......s.....ss.....s....ssssss............s......s [ 42%]
2025-02-23T16:46:20.6571480Z .....ss.....s....ssssss............s......s.....s...........ssssss...... [ 46%]
2025-02-23T16:46:21.9817050Z ......s......s.....s...........ssssss............s......s.....s......... [ 50%]
2025-02-23T16:46:24.0656170Z ..ssssss............s......s.....ss.....s....ssssss............s......s. [ 54%]
2025-02-23T16:46:26.2265780Z ....ss.....s....ssssss...................s......s.....s....ssss......... [ 58%]
2025-02-23T16:46:26.5210900Z ............s......s.....s....ssss.......                                [ 60%]
2025-02-23T16:46:26.7063910Z tardis/plasma/tests/test_hdf_plasma.py ................................. [ 62%]
2025-02-23T16:46:26.7163010Z ......                                                                   [ 62%]
2025-02-23T16:46:26.9394380Z tardis/plasma/tests/test_nlte_excitation.py ...                          [ 62%]
2025-02-23T16:48:01.2083490Z tardis/plasma/tests/test_nlte_solver.py .....X                           [ 63%]
2025-02-23T16:48:01.2111960Z tardis/plasma/tests/test_plasma_continuum.py .                           [ 63%]
2025-02-23T16:48:15.9324270Z tardis/plasma/tests/test_plasma_vboundary.py .............               [ 63%]
2025-02-23T16:48:24.8531610Z tardis/plasma/tests/test_tardis_model_density_config.py ...              [ 64%]
2025-02-23T16:48:25.3384170Z tardis/simulation/tests/test_convergence.py .....                        [ 64%]
2025-02-23T16:48:31.5056060Z tardis/simulation/tests/test_simulation.py .............                 [ 65%]
2025-02-23T16:48:31.5162980Z tardis/spectrum/tests/test_cuda_formal_integral.py sssssssssssssssssssss [ 66%]
2025-02-23T16:48:31.7538290Z ssss...ssssssssssssssssssssss                                            [ 67%]
2025-02-23T16:48:31.7579100Z tardis/spectrum/tests/test_luminosity.py ....                            [ 68%]
2025-02-23T16:48:32.4859090Z tardis/spectrum/tests/test_numba_formal_integral.py .................... [ 69%]
2025-02-23T16:48:32.4960570Z ..........                                                               [ 69%]
2025-02-23T16:48:32.5993800Z tardis/spectrum/tests/test_spectrum.py ................................. [ 71%]
2025-02-23T16:48:32.6187390Z .........                                                                [ 72%]
2025-02-23T16:48:47.5837510Z tardis/spectrum/tests/test_spectrum_solver.py ....                       [ 72%]
2025-02-23T16:49:35.3418730Z tardis/tests/test_tardis_full.py ....                                    [ 72%]
2025-02-23T16:51:03.0189870Z tardis/tests/test_tardis_full_formal_integral.py ................        [ 73%]
2025-02-23T16:51:03.0621520Z tardis/tests/test_util.py .............................................  [ 75%]
2025-02-23T16:51:04.8809620Z tardis/transport/montecarlo/tests/test_base.py x.....................    [ 77%]
2025-02-23T16:51:09.0322650Z tardis/transport/montecarlo/tests/test_interaction.py .......            [ 77%]
2025-02-23T16:51:09.1643220Z tardis/transport/montecarlo/tests/test_macro_atom.py ....                [ 77%]
2025-02-23T16:51:09.1734980Z tardis/transport/montecarlo/tests/test_montecarlo.py sssssssssssssssssss [ 78%]
2025-02-23T16:51:09.1952890Z sssssssssssssssssssssssssssssssssssssssssssss                            [ 81%]
2025-02-23T16:51:15.6964060Z tardis/transport/montecarlo/tests/test_montecarlo_main_loop.py x..       [ 81%]
2025-02-23T16:51:15.7131840Z tardis/transport/montecarlo/tests/test_nonhomologous.py ...              [ 81%]
2025-02-23T16:51:17.9717530Z tardis/transport/montecarlo/tests/test_numba_interface.py .....x.        [ 82%]
2025-02-23T16:51:18.2815790Z tardis/transport/montecarlo/tests/test_opacities.py ...............      [ 82%]
2025-02-23T16:51:18.9321320Z tardis/transport/montecarlo/tests/test_packet.py .................xXXXXX [ 84%]
2025-02-23T16:51:19.0156830Z XX.........                                                              [ 84%]
2025-02-23T16:51:19.0381380Z tardis/transport/montecarlo/tests/test_packet_source.py ........         [ 85%]
2025-02-23T16:51:19.2238130Z tardis/transport/montecarlo/tests/test_rpacket_last_interaction_tracker.py . [ 85%]
2025-02-23T16:51:19.4607030Z .....                                                                    [ 85%]
2025-02-23T16:51:27.9286360Z tardis/transport/montecarlo/tests/test_rpacket_tracker.py ......         [ 85%]
2025-02-23T16:51:27.9518120Z tardis/transport/montecarlo/tests/test_single_packet_loop.py xxx         [ 86%]
2025-02-23T16:51:27.9551260Z tardis/transport/montecarlo/tests/test_tracker_utils.py ..               [ 86%]
2025-02-23T16:51:29.1706060Z tardis/transport/montecarlo/tests/test_vpacket.py ..x.                   [ 86%]
2025-02-23T16:51:29.1854940Z tardis/transport/montecarlo/tests/test_weighted_packet_source.py ....    [ 86%]
2025-02-23T16:51:31.5488590Z tardis/transport/montecarlo/tests/test_weighted_packet_source_integration.py . [ 86%]
2025-02-23T16:51:31.5489250Z                                                                          [ 86%]
2025-02-23T16:51:32.0086640Z tardis/transport/tests/test_doppler_factor.py ..................         [ 87%]
2025-02-23T16:51:33.4547550Z tardis/visualization/tools/tests/test_convergence_plot.py .............. [ 88%]
2025-02-23T16:51:34.8838770Z ......                                                                   [ 88%]
2025-02-23T16:51:38.2570280Z tardis/visualization/tools/tests/test_liv_plot.py ...................... [ 90%]
2025-02-23T16:51:41.3191880Z .............................                                            [ 91%]
2025-02-23T16:51:43.8407640Z tardis/visualization/tools/tests/test_rpacket_plot.py .................. [ 92%]
2025-02-23T16:51:50.2170610Z ....                                                                     [ 92%]
2025-02-23T16:51:54.0653770Z tardis/visualization/tools/tests/test_sdec_plot.py ..................... [ 94%]
2025-02-23T16:51:59.5661240Z ..............................                                           [ 95%]
2025-02-23T16:51:59.8796830Z tardis/visualization/widgets/tests/test_custom_abundance.py ........ss.. [ 96%]
2025-02-23T16:51:59.9163520Z ....                                                                     [ 96%]
2025-02-23T16:52:00.5956970Z tardis/visualization/widgets/tests/test_line_info.py ................... [ 97%]
2025-02-23T16:52:01.0293390Z ..................                                                       [ 98%]
2025-02-23T16:55:03.4724850Z tardis/visualization/widgets/tests/test_shell_info.py .................. [ 99%]
2025-02-23T16:55:03.9208080Z <unknown>:144: SyntaxWarning:
2025-02-23T16:55:03.9208540Z 
2025-02-23T16:55:03.9209920Z invalid escape sequence '\s'
2025-02-23T16:55:03.9210080Z 
2025-02-23T16:55:03.9224510Z /Users/runner/work/tardis/tardis/tardis/io/model/readers/artis.py:144: SyntaxWarning:
2025-02-23T16:55:03.9225180Z 
2025-02-23T16:55:03.9225250Z invalid escape sequence '\s'
2025-02-23T16:55:03.9225380Z 
2025-02-23T16:55:03.9492510Z /Users/runner/work/tardis/tardis/tardis/io/model/readers/tests/test_artis_readers.py:59: SyntaxWarning:
2025-02-23T16:55:03.9498920Z 
2025-02-23T16:55:03.9499070Z assertion is always true, perhaps remove parentheses?
2025-02-23T16:55:03.9499300Z 
2025-02-23T16:55:05.9209620Z <unknown>:144: SyntaxWarning:
2025-02-23T16:55:05.9209960Z 
2025-02-23T16:55:05.9210220Z invalid escape sequence '\s'
2025-02-23T16:55:05.9210450Z 
2025-02-23T16:55:07.9250260Z <unknown>:144: SyntaxWarning:
2025-02-23T16:55:07.9250850Z 
2025-02-23T16:55:07.9251050Z invalid escape sequence '\s'
2025-02-23T16:55:07.9251430Z 
2025-02-23T16:55:08.4926460Z <unknown>:144: SyntaxWarning:
2025-02-23T16:55:08.4926690Z 
2025-02-23T16:55:08.4926860Z invalid escape sequence '\s'
2025-02-23T16:55:08.4926980Z 
2025-02-23T16:55:08.4942220Z /Users/runner/work/tardis/tardis/tardis/io/model/readers/artis.py:144: SyntaxWarning:
2025-02-23T16:55:08.4942660Z 
2025-02-23T16:55:08.4942790Z invalid escape sequence '\s'
2025-02-23T16:55:08.4942920Z 
2025-02-23T16:55:08.5250880Z /Users/runner/work/tardis/tardis/tardis/io/model/readers/tests/test_artis_readers.py:59: SyntaxWarning:
2025-02-23T16:55:08.5251370Z 
2025-02-23T16:55:08.5251520Z assertion is always true, perhaps remove parentheses?
2025-02-23T16:55:08.5251710Z 
2025-02-23T16:55:10.0981210Z ......                                                                   [100%]
2025-02-23T16:55:10.0981660Z 
2025-02-23T16:55:10.0981980Z =================================== FAILURES ===================================
2025-02-23T16:55:10.0982440Z __________________________ test_artis_density_reader ___________________________
2025-02-23T16:55:10.0982740Z 
2025-02-23T16:55:10.0982990Z artis_density_fname = PosixPath('tardis/io/model/readers/tests/data/artis_model.dat')
2025-02-23T16:55:10.0983310Z 
2025-02-23T16:55:10.0983500Z     def test_artis_density_reader(artis_density_fname: str):
2025-02-23T16:55:10.0983970Z         # Using a test ARTIS density file.
2025-02-23T16:55:10.0984380Z         # File: tardis_artis_density_test.dat
2025-02-23T16:55:10.0984790Z         time_model, velocity, mean_density = read_artis_density(artis_density_fname)
2025-02-23T16:55:10.0985250Z         # Check that time is recognized as time
2025-02-23T16:55:10.0985550Z         assert time_model.unit.physical_type == "time"
2025-02-23T16:55:10.0985940Z         # Check velocity unit is cm/s
2025-02-23T16:55:10.0986210Z         assert velocity.unit == u.Unit("cm/s")
2025-02-23T16:55:10.0986540Z         # Dummy check for mean_density value
2025-02-23T16:55:10.0986880Z >       npt.assert_allclose(mean_density.value[0], 10**-5.449497e-05)
2025-02-23T16:55:10.0987120Z 
2025-02-23T16:55:10.0987280Z tardis/io/model/readers/tests/test_artis_readers.py:27: 
2025-02-23T16:55:10.0987690Z _ _ _ _ _ _ _ _ _ _ _ _ _ _ _ _ _ _ _ _ _ _ _ _ _ _ _ _ _ _ _ _ _ _ _ _ _ _ _ _ 
2025-02-23T16:55:10.0987860Z 
2025-02-23T16:55:10.0988110Z args = (<function assert_allclose.<locals>.compare at 0x169452f20>, array(1.0006941), array(0.99987453))
2025-02-23T16:55:10.0988680Z kwds = {'equal_nan': True, 'err_msg': '', 'header': 'Not equal to tolerance rtol=1e-07, atol=0', 'verbose': True}
2025-02-23T16:55:10.0988950Z 
2025-02-23T16:55:10.0989070Z     @wraps(func)
2025-02-23T16:55:10.0989260Z     def inner(*args, **kwds):
2025-02-23T16:55:10.0989490Z         with self._recreate_cm():
2025-02-23T16:55:10.0989770Z >           return func(*args, **kwds)
2025-02-23T16:55:10.1000440Z E           AssertionError: 
2025-02-23T16:55:10.1000750Z E           Not equal to tolerance rtol=1e-07, atol=0
2025-02-23T16:55:10.1001000Z E           
2025-02-23T16:55:10.1001230Z E           Mismatched elements: 1 / 1 (100%)
2025-02-23T16:55:10.1001490Z E           Max absolute difference: 0.00081957
2025-02-23T16:55:10.1001790Z E           Max relative difference: 0.00081967
2025-02-23T16:55:10.1002040Z E            x: array(1.000694)
2025-02-23T16:55:10.1003530Z E            y: array(0.999875)
2025-02-23T16:55:10.1003800Z 
2025-02-23T16:55:10.1004030Z ../../../micromamba/envs/tardis/lib/python3.12/contextlib.py:81: AssertionError
2025-02-23T16:55:10.1004650Z =============================== warnings summary ===============================
2025-02-23T16:55:10.1004970Z tardis/io/configuration/config_validator.py:6
2025-02-23T16:55:10.1005270Z tardis/io/configuration/config_validator.py:6
2025-02-23T16:55:10.1005820Z   /Users/runner/work/tardis/tardis/tardis/io/configuration/config_validator.py:6: DeprecationWarning:
2025-02-23T16:55:10.1006280Z   
2025-02-23T16:55:10.1007360Z   jsonschema.RefResolver is deprecated as of v4.18.0, in favor of the https://github.com/python-jsonschema/referencing library, which provides more compliant referencing behavior as well as more flexible APIs for customization. A future release will remove RefResolver. Please file a feature request (on referencing) if you are missing an API for the kind of customization you need.
2025-02-23T16:55:10.1008320Z 
2025-02-23T16:55:10.1008590Z ../../../micromamba/envs/tardis/lib/python3.12/site-packages/jupyter_client/connect.py:22
2025-02-23T16:55:10.1009180Z   /Users/runner/micromamba/envs/tardis/lib/python3.12/site-packages/jupyter_client/connect.py:22: DeprecationWarning:
2025-02-23T16:55:10.1009700Z   
2025-02-23T16:55:10.1009930Z   Jupyter is migrating its paths to use standard platformdirs
2025-02-23T16:55:10.1010320Z   given by the platformdirs library.  To remove this warning and
2025-02-23T16:55:10.1010740Z   see the appropriate new directories, set the environment variable
2025-02-23T16:55:10.1011160Z   `JUPYTER_PLATFORM_DIRS=1` and then run `jupyter --paths`.
2025-02-23T16:55:10.1011500Z   The use of platformdirs will be the default in `jupyter_core` v6
2025-02-23T16:55:10.1011740Z 
2025-02-23T16:55:10.1011890Z tardis/io/model/readers/artis.py:144
2025-02-23T16:55:10.1012330Z   /Users/runner/work/tardis/tardis/tardis/io/model/readers/artis.py:144: SyntaxWarning:
2025-02-23T16:55:10.1012690Z   
2025-02-23T16:55:10.1012920Z   invalid escape sequence '\s'
2025-02-23T16:55:10.1013040Z 
2025-02-23T16:55:10.1016890Z tardis/io/tests/test_HDFWriter.py::test_multi_index_write
2025-02-23T16:55:10.1017390Z tardis/visualization/widgets/tests/test_shell_info.py::TestHDFShellInfo::test_shells_data
2025-02-23T16:55:10.1017890Z   /Users/runner/work/tardis/tardis/tardis/io/util.py:276: PerformanceWarning:
2025-02-23T16:55:10.1018250Z   
2025-02-23T16:55:10.1018430Z   
2025-02-23T16:55:10.1018820Z   your performance may suffer as PyTables will pickle object types that it cannot
2025-02-23T16:55:10.1019370Z   map directly to c-types [inferred_type->mixed,key->block0_values] [items->Index([0], dtype='int64')]
2025-02-23T16:55:10.1019740Z 
2025-02-23T16:55:10.1019970Z tardis/io/tests/test_model_reader.py::test_read_cmfgen_isotope_abundances
2025-02-23T16:55:10.1020470Z tardis/plasma/tests/test_tardis_model_density_config.py::test_electron_densities
2025-02-23T16:55:10.1021090Z tardis/plasma/tests/test_tardis_model_density_config.py::test_isotope_number_densities
2025-02-23T16:55:10.1021820Z tardis/plasma/tests/test_tardis_model_density_config.py::test_t_rad
2025-02-23T16:55:10.1022340Z   /Users/runner/work/tardis/tardis/tardis/io/model/readers/cmfgen_deprecated.py:82: DeprecationWarning:
2025-02-23T16:55:10.1022880Z   
2025-02-23T16:55:10.1023100Z   The current CMFGEN model parser is deprecated
2025-02-23T16:55:10.1023330Z 
2025-02-23T16:55:10.1023460Z tardis/io/tests/test_model_reader.py: 1 warning
2025-02-23T16:55:10.1024240Z tardis/plasma/tests/test_tardis_model_density_config.py: 9 warnings
2025-02-23T16:55:10.1024980Z   /Users/runner/work/tardis/tardis/tardis/io/model/readers/cmfgen_deprecated.py:40: DeprecationWarning:
2025-02-23T16:55:10.1025410Z   
2025-02-23T16:55:10.1025660Z   The current CMFGEN model parser is deprecated
2025-02-23T16:55:10.1025860Z 
2025-02-23T16:55:10.1026030Z tardis/model/tests/test_base.py::TestModelFromPaper1Config::test_abundances
2025-02-23T16:55:10.1026960Z   /Users/runner/work/tardis/tardis/tardis/transport/montecarlo/montecarlo_main_loop.py:123: NumbaTypeSafetyWarning:
2025-02-23T16:55:10.1027480Z   
2025-02-23T16:55:10.1029530Z   [1m[1m[1munsafe cast from uint64 to int64. Precision may be lost.[0m[0m[0m
2025-02-23T16:55:10.1030090Z 
2025-02-23T16:55:10.1030220Z tardis/model/tests/test_base.py: 6 warnings
2025-02-23T16:55:10.1030570Z tardis/model/tests/test_csvy_model.py: 2 warnings
2025-02-23T16:55:10.1030990Z tardis/plasma/tests/test_tardis_model_density_config.py: 3 warnings
2025-02-23T16:55:10.1031510Z   /Users/runner/work/tardis/tardis/tardis/model/geometry/radial1d.py:50: DeprecationWarning:
2025-02-23T16:55:10.1032010Z   
2025-02-23T16:55:10.1032210Z   v_inner_boundary < 0, assuming default value
2025-02-23T16:55:10.1032400Z 
2025-02-23T16:55:10.1032520Z tardis/model/tests/test_base.py: 6 warnings
2025-02-23T16:55:10.1032830Z tardis/model/tests/test_csvy_model.py: 2 warnings
2025-02-23T16:55:10.1033230Z tardis/plasma/tests/test_tardis_model_density_config.py: 3 warnings
2025-02-23T16:55:10.1033820Z   /Users/runner/work/tardis/tardis/tardis/model/geometry/radial1d.py:61: DeprecationWarning:
2025-02-23T16:55:10.1034350Z   
2025-02-23T16:55:10.1034590Z   v_outer_boundary < 0, assuming default value
2025-02-23T16:55:10.1034800Z 
2025-02-23T16:55:10.1035240Z tardis/plasma/equilibrium/tests/test_level_populations.py::TestLevelPopulationSolver::test_solve[collisional_rate_solver0-radiative_transitions0]
2025-02-23T16:55:10.1036060Z   /Users/runner/work/tardis/tardis/tardis/plasma/equilibrium/level_populations.py:65: FutureWarning:
2025-02-23T16:55:10.1036550Z   
2025-02-23T16:55:10.1036920Z   A value is trying to be set on a copy of a DataFrame or Series through chained assignment using an inplace method.
2025-02-23T16:55:10.1037690Z   The behavior will change in pandas 3.0. This inplace method will never work because the intermediate object on which we are setting values always behaves as a copy.
2025-02-23T16:55:10.1038240Z   
2025-02-23T16:55:10.1038870Z   For example, when doing 'df[col].method(value, inplace=True)', try using 'df.method({col: value}, inplace=True)' or df[col] = df[col].method(value) instead, to perform the operation inplace on the original object.
2025-02-23T16:55:10.1039410Z 
2025-02-23T16:55:10.1039590Z tardis/plasma/tests/test_plasma_vboundary.py::test_plasma_vboundary[2900-3750]
2025-02-23T16:55:10.1040030Z tardis/plasma/tests/test_plasma_vboundary.py::test_plasma_vboundary[2900-3850]
2025-02-23T16:55:10.1040490Z tardis/plasma/tests/test_plasma_vboundary.py::test_plasma_vboundary[2900-3900]
2025-02-23T16:55:10.1040980Z   /Users/runner/work/tardis/tardis/tardis/model/geometry/radial1d.py:71: UserWarning:
2025-02-23T16:55:10.1041340Z   
2025-02-23T16:55:10.1041640Z   Requesting inner boundary below inner shell. Extrapolating the inner cell
2025-02-23T16:55:10.1041910Z 
2025-02-23T16:55:10.1042120Z tardis/spectrum/tests/test_spectrum_solver.py::TestSpectrumSolver::test_solve
2025-02-23T16:55:10.1042560Z   /Users/runner/work/tardis/tardis/tardis/spectrum/base.py:70: UserWarning:
2025-02-23T16:55:10.1042870Z   
2025-02-23T16:55:10.1043340Z   SpectrumSolver.spectrum_virtual_packets is zero. Please run the montecarlo simulation with no_of_virtual_packets > 0
2025-02-23T16:55:10.1043740Z 
2025-02-23T16:55:10.1043910Z tardis/spectrum/tests/test_spectrum_solver.py::TestSpectrumSolver::test_solve
2025-02-23T16:55:10.1044330Z   /Users/runner/work/tardis/tardis/tardis/spectrum/base.py:111: UserWarning:
2025-02-23T16:55:10.1044670Z   
2025-02-23T16:55:10.1045040Z   SpectrumSolver.integrator: The FormalIntegrator is not yet available.Please run the montecarlo simulation at least once.
2025-02-23T16:55:10.1045660Z 
2025-02-23T16:55:10.1045870Z tardis/transport/montecarlo/tests/test_vpacket.py::test_trace_vpacket_volley
2025-02-23T16:55:10.1046260Z   <string>:3: NumbaPendingDeprecationWarning:
2025-02-23T16:55:10.1046610Z   
2025-02-23T16:55:10.1049020Z   [1m[1mCode using Numba extension API maybe depending on 'old_style' error-capturing, which is deprecated and will be replaced by 'new_style' in a future release. See details at https://numba.readthedocs.io/en/latest/reference/deprecation.html#deprecation-of-old-style-numba-captured-errors
2025-02-23T16:55:10.1050250Z   Exception origin:
2025-02-23T16:55:10.1050640Z     File "/Users/runner/micromamba/envs/tardis/lib/python3.12/inspect.py", line 3180, in _bind
2025-02-23T16:55:10.1051090Z       raise TypeError(msg) from None
2025-02-23T16:55:10.1051450Z   [0m[0m
2025-02-23T16:55:10.1051550Z 
2025-02-23T16:55:10.1051880Z tardis/visualization/tools/tests/test_sdec_plot.py::TestSDECPlotter::test_mpl_image[plotter_generate_plot_mpl4]
2025-02-23T16:55:10.1052640Z   /Users/runner/work/tardis/tardis/tardis/visualization/tools/sdec_plot.py:1225: RuntimeWarning:
2025-02-23T16:55:10.1053050Z   
2025-02-23T16:55:10.1053920Z   More than 20 figures have been opened. Figures created through the pyplot interface (`matplotlib.pyplot.figure`) are retained until explicitly closed and may consume too much memory. (To control this warning, see the rcParam `figure.max_open_warning`). Consider using `matplotlib.pyplot.close()`.
2025-02-23T16:55:10.1054700Z 
2025-02-23T16:55:10.1055020Z tardis/visualization/widgets/tests/test_custom_abundance.py::TestCustomAbundanceWidget::test_update_input_item_value
2025-02-23T16:55:10.1055750Z tardis/visualization/widgets/tests/test_custom_abundance.py::TestCustomAbundanceWidget::test_update_input_item_value
2025-02-23T16:55:10.1056480Z tardis/visualization/widgets/tests/test_custom_abundance.py::TestCustomAbundanceWidget::test_update_input_item_value
2025-02-23T16:55:10.1057160Z tardis/visualization/widgets/tests/test_custom_abundance.py::TestCustomAbundanceWidget::test_update_input_item_value
2025-02-23T16:55:10.1057890Z tardis/visualization/widgets/tests/test_custom_abundance.py::TestCustomAbundanceWidget::test_update_input_item_value
2025-02-23T16:55:10.1058570Z tardis/visualization/widgets/tests/test_custom_abundance.py::TestCustomAbundanceWidget::test_update_input_item_value
2025-02-23T16:55:10.1059320Z   /Users/runner/micromamba/envs/tardis/lib/python3.12/site-packages/traitlets/traitlets.py:1385: DeprecationWarning:
2025-02-23T16:55:10.1059830Z   
2025-02-23T16:55:10.1060130Z   Passing unrecognized arguments to super(Checkbox).__init__(icon='lock').
2025-02-23T16:55:10.1060570Z   object.__init__() takes exactly one argument (the instance to initialize)
2025-02-23T16:55:10.1061060Z   This is deprecated in traitlets 4.2.This error will be raised in a future release of traitlets.
2025-02-23T16:55:10.1061380Z 
2025-02-23T16:55:10.1061690Z tardis/visualization/widgets/tests/test_custom_abundance.py::TestCustomAbundanceWidget::test_update_input_item_value
2025-02-23T16:55:10.1062410Z tardis/visualization/widgets/tests/test_custom_abundance.py::TestCustomAbundanceWidget::test_update_input_item_value
2025-02-23T16:55:10.1063140Z   /Users/runner/micromamba/envs/tardis/lib/python3.12/site-packages/traitlets/traitlets.py:1385: DeprecationWarning:
2025-02-23T16:55:10.1063640Z   
2025-02-23T16:55:10.1063850Z   Passing unrecognized arguments to super(FloatText).__init__(min=0).
2025-02-23T16:55:10.1064320Z   object.__init__() takes exactly one argument (the instance to initialize)
2025-02-23T16:55:10.1064780Z   This is deprecated in traitlets 4.2.This error will be raised in a future release of traitlets.
2025-02-23T16:55:10.1065110Z 
2025-02-23T16:55:10.1065430Z tardis/visualization/widgets/tests/test_custom_abundance.py::TestCustomAbundanceWidget::test_update_input_item_value
2025-02-23T16:55:10.1066190Z   /Users/runner/micromamba/envs/tardis/lib/python3.12/site-packages/traitlets/traitlets.py:1385: DeprecationWarning:
2025-02-23T16:55:10.1066840Z   
2025-02-23T16:55:10.1067110Z   Passing unrecognized arguments to super(HTML).__init__(indent=True).
2025-02-23T16:55:10.1067510Z   object.__init__() takes exactly one argument (the instance to initialize)
2025-02-23T16:55:10.1068020Z   This is deprecated in traitlets 4.2.This error will be raised in a future release of traitlets.
2025-02-23T16:55:10.1068320Z 
2025-02-23T16:55:10.1068680Z tardis/visualization/widgets/tests/test_line_info.py::TestLineInfoWidgetData::test_get_species_interactions[wavelength_range0-packet_out_nu]
2025-02-23T16:55:10.1069440Z   /Users/runner/micromamba/envs/tardis/lib/python3.12/site-packages/qgridnext/grid.py:814: DeprecationWarning:
2025-02-23T16:55:10.1070000Z   
2025-02-23T16:55:10.1070380Z   QgridWidget._df_changed is deprecated in traitlets 4.1: use @observe and @unobserve instead.
2025-02-23T16:55:10.1070690Z 
2025-02-23T16:55:10.1070910Z tardis/visualization/widgets/tests/test_shell_info.py::TestHDFShellInfo::test_shells_data
2025-02-23T16:55:10.1071500Z   /Users/runner/work/tardis/tardis/tardis/io/util.py:289: PerformanceWarning:
2025-02-23T16:55:10.1071870Z   
2025-02-23T16:55:10.1072020Z   
2025-02-23T16:55:10.1072300Z   your performance may suffer as PyTables will pickle object types that it cannot
2025-02-23T16:55:10.1072740Z   map directly to c-types [inferred_type->mixed,key->block0_values] [items->Index([0], dtype='int64')]
2025-02-23T16:55:10.1073080Z 
2025-02-23T16:55:10.1073310Z tardis/visualization/widgets/tests/test_shell_info.py::TestHDFShellInfo::test_shells_data
2025-02-23T16:55:10.1073810Z   /Users/runner/work/tardis/tardis/tardis/io/util.py:292: PerformanceWarning:
2025-02-23T16:55:10.1090220Z   
2025-02-23T16:55:10.1090510Z   
2025-02-23T16:55:10.1090820Z   your performance may suffer as PyTables will pickle object types that it cannot
2025-02-23T16:55:10.1091210Z   map directly to c-types [inferred_type->mixed,key->values] [items->None]
2025-02-23T16:55:10.1091480Z 
2025-02-23T16:55:10.1091720Z tardis/visualization/widgets/tests/test_shell_info.py::TestHDFShellInfo::test_shells_data
2025-02-23T16:55:10.1092230Z   /Users/runner/work/tardis/tardis/tardis/spectrum/formal_integral.py:398: UserWarning:
2025-02-23T16:55:10.1092540Z   
2025-02-23T16:55:10.1092770Z   The number of interpolate_shells was not specified. The value was set to 80.
2025-02-23T16:55:10.1093000Z 
2025-02-23T16:55:10.1093160Z -- Docs: https://docs.pytest.org/en/stable/how-to/capture-warnings.html
2025-02-23T16:55:10.1093380Z 
2025-02-23T16:55:10.1093600Z ---------- coverage: platform darwin, python 3.12.4-final-0 ----------
2025-02-23T16:55:10.1093910Z Coverage HTML written to dir coverage_html_report
2025-02-23T16:55:10.1094160Z Coverage XML written to file coverage.xml
2025-02-23T16:55:10.1094300Z 
2025-02-23T16:55:10.1094490Z =========================== short test summary info ============================
2025-02-23T16:55:10.1094910Z FAILED tardis/io/model/readers/tests/test_artis_readers.py::test_artis_density_reader - AssertionError: 
2025-02-23T16:55:10.1095290Z Not equal to tolerance rtol=1e-07, atol=0
2025-02-23T16:55:10.1095440Z 
2025-02-23T16:55:10.1095510Z Mismatched elements: 1 / 1 (100%)
2025-02-23T16:55:10.1095700Z Max absolute difference: 0.00081957
2025-02-23T16:55:10.1095900Z Max relative difference: 0.00081967
2025-02-23T16:55:10.1096080Z  x: array(1.000694)
2025-02-23T16:55:10.1096220Z  y: array(0.999875)
2025-02-23T16:55:10.1096520Z = 1 failed, 1412 passed, 357 skipped, 2 deselected, 19 xfailed, 8 xpassed, 64 warnings in 677.69s (0:11:17) =
2025-02-23T16:55:11.6243280Z ##[error]Process completed with exit code 1.
