2025-02-15T21:38:39.4068354Z Requested labels: macos-latest
2025-02-15T21:38:39.4068631Z Job defined at: tardis-sn/tardis/.github/workflows/tests.yml@refs/pull/2973/merge
2025-02-15T21:38:39.4068737Z Waiting for a runner to pick up this job...
2025-02-15T21:38:39.6780804Z Job is waiting for a hosted runner to come online.
2025-02-15T21:38:43.3911170Z Job is about to start running on the hosted runner: GitHub Actions 35 (hosted)
2025-02-15T21:38:44.7850020Z Current runner version: '2.322.0'
2025-02-15T21:38:44.7868380Z ##[group]Operating System
2025-02-15T21:38:44.7868870Z macOS
2025-02-15T21:38:44.7869180Z 14.7.2
2025-02-15T21:38:44.7869480Z 23H311
2025-02-15T21:38:44.7869780Z ##[endgroup]
2025-02-15T21:38:44.7870080Z ##[group]Runner Image
2025-02-15T21:38:44.7870420Z Image: macos-14-arm64
2025-02-15T21:38:44.7870750Z Version: 20250120.774
2025-02-15T21:38:44.7871420Z Included Software: https://github.com/actions/runner-images/blob/macos-14-arm64/20250120.774/images/macos/macos-14-arm64-Readme.md
2025-02-15T21:38:44.7872370Z Image Release: https://github.com/actions/runner-images/releases/tag/macos-14-arm64%2F20250120.774
2025-02-15T21:38:44.7872980Z ##[endgroup]
2025-02-15T21:38:44.7873300Z ##[group]Runner Image Provisioner
2025-02-15T21:38:44.7873720Z 2.0.422.1+55c30c14fe2a0a1547db1b656933ae07d97649a9
2025-02-15T21:38:44.7874140Z ##[endgroup]
2025-02-15T21:38:44.7875510Z ##[group]GITHUB_TOKEN Permissions
2025-02-15T21:38:44.7876610Z Actions: read
2025-02-15T21:38:44.7876940Z Attestations: read
2025-02-15T21:38:44.7877250Z Checks: read
2025-02-15T21:38:44.7877560Z Contents: read
2025-02-15T21:38:44.7877870Z Deployments: read
2025-02-15T21:38:44.7878200Z Discussions: read
2025-02-15T21:38:44.7878510Z Issues: read
2025-02-15T21:38:44.7878830Z Metadata: read
2025-02-15T21:38:44.7879140Z Packages: read
2025-02-15T21:38:44.7879450Z Pages: read
2025-02-15T21:38:44.7879770Z PullRequests: read
2025-02-15T21:38:44.7880110Z RepositoryProjects: read
2025-02-15T21:38:44.7880470Z SecurityEvents: read
2025-02-15T21:38:44.7880810Z Statuses: read
2025-02-15T21:38:44.7881130Z ##[endgroup]
2025-02-15T21:38:44.7883030Z Secret source: None
2025-02-15T21:38:44.7883490Z Prepare workflow directory
2025-02-15T21:38:44.8217240Z Prepare all required actions
2025-02-15T21:38:44.8364340Z Getting action download info
2025-02-15T21:38:45.0016930Z ##[group]Download immutable action package 'actions/checkout@v4'
2025-02-15T21:38:45.0017520Z Version: 4.2.2
2025-02-15T21:38:45.0018120Z Digest: sha256:ccb2698953eaebd21c7bf6268a94f9c26518a7e38e27e0b83c1fe1ad049819b1
2025-02-15T21:38:45.0018820Z Source commit SHA: 11bd71901bbe5b1630ceea73d27597364c9af683
2025-02-15T21:38:45.0019240Z ##[endgroup]
2025-02-15T21:38:45.2694580Z ##[group]Download immutable action package 'actions/upload-artifact@v4'
2025-02-15T21:38:45.2695210Z Version: 4.6.0
2025-02-15T21:38:45.2695720Z Digest: sha256:bf85474c8423f9cd48bd2caf3ce5adb1711e2dfdb055b040bd36b044e4290329
2025-02-15T21:38:45.2696350Z Source commit SHA: 65c4c4a1ddee5b72f698fdd19549f0f0fb45cf08
2025-02-15T21:38:45.2696810Z ##[endgroup]
2025-02-15T21:38:45.5111940Z Complete job name: not continuum macos-latest 
2025-02-15T21:38:45.5604650Z ##[group]Run actions/checkout@v4
2025-02-15T21:38:45.5605190Z with:
2025-02-15T21:38:45.5605560Z   repository: tardis-sn/tardis
2025-02-15T21:38:45.5606060Z   token: ***
2025-02-15T21:38:45.5606340Z   ssh-strict: true
2025-02-15T21:38:45.5606640Z   ssh-user: git
2025-02-15T21:38:45.5606940Z   persist-credentials: true
2025-02-15T21:38:45.5607280Z   clean: true
2025-02-15T21:38:45.5607590Z   sparse-checkout-cone-mode: true
2025-02-15T21:38:45.5607950Z   fetch-depth: 1
2025-02-15T21:38:45.5608240Z   fetch-tags: false
2025-02-15T21:38:45.5608530Z   show-progress: true
2025-02-15T21:38:45.5608840Z   lfs: false
2025-02-15T21:38:45.5609120Z   submodules: false
2025-02-15T21:38:45.5609430Z   set-safe-directory: true
2025-02-15T21:38:45.5609870Z env:
2025-02-15T21:38:45.5610140Z   CACHE_NUMBER: 0
2025-02-15T21:38:45.5610940Z   PYTEST_FLAGS: --tardis-regression-data=/Users/runner/work/tardis/tardis/tardis-regression-data --cov=tardis --cov-report=xml --cov-report=html --cov-append
2025-02-15T21:38:45.5611790Z   CODECOV_TOKEN: 
2025-02-15T21:38:45.5612080Z ##[endgroup]
2025-02-15T21:38:45.9123540Z Syncing repository: tardis-sn/tardis
2025-02-15T21:38:45.9124730Z ##[group]Getting Git version info
2025-02-15T21:38:45.9125200Z Working directory is '/Users/runner/work/tardis/tardis'
2025-02-15T21:38:45.9126360Z [command]/opt/homebrew/bin/git version
2025-02-15T21:38:45.9708500Z git version 2.48.1
2025-02-15T21:38:45.9740750Z ##[endgroup]
2025-02-15T21:38:45.9747530Z Copying '/Users/runner/.gitconfig' to '/Users/runner/work/_temp/5b211150-b3bc-475b-87fa-d75732ef5b61/.gitconfig'
2025-02-15T21:38:45.9754600Z Temporarily overriding HOME='/Users/runner/work/_temp/5b211150-b3bc-475b-87fa-d75732ef5b61' before making global git config changes
2025-02-15T21:38:45.9755630Z Adding repository directory to the temporary git global config as a safe directory
2025-02-15T21:38:45.9758170Z [command]/opt/homebrew/bin/git config --global --add safe.directory /Users/runner/work/tardis/tardis
2025-02-15T21:38:45.9865190Z Deleting the contents of '/Users/runner/work/tardis/tardis'
2025-02-15T21:38:45.9867510Z ##[group]Initializing the repository
2025-02-15T21:38:45.9883680Z [command]/opt/homebrew/bin/git init /Users/runner/work/tardis/tardis
2025-02-15T21:38:46.0051710Z hint: Using 'master' as the name for the initial branch. This default branch name
2025-02-15T21:38:46.0059820Z hint: is subject to change. To configure the initial branch name to use in all
2025-02-15T21:38:46.0095480Z hint: of your new repositories, which will suppress this warning, call:
2025-02-15T21:38:46.0096280Z hint:
2025-02-15T21:38:46.0097040Z hint: 	git config --global init.defaultBranch <name>
2025-02-15T21:38:46.0097970Z hint:
2025-02-15T21:38:46.0106470Z hint: Names commonly chosen instead of 'master' are 'main', 'trunk' and
2025-02-15T21:38:46.0107510Z hint: 'development'. The just-created branch can be renamed via this command:
2025-02-15T21:38:46.0108270Z hint:
2025-02-15T21:38:46.0109960Z hint: 	git branch -m <name>
2025-02-15T21:38:46.0111560Z Initialized empty Git repository in /Users/runner/work/tardis/tardis/.git/
2025-02-15T21:38:46.0113260Z [command]/opt/homebrew/bin/git remote add origin https://github.com/tardis-sn/tardis
2025-02-15T21:38:46.0284810Z ##[endgroup]
2025-02-15T21:38:46.0285760Z ##[group]Disabling automatic garbage collection
2025-02-15T21:38:46.0286540Z [command]/opt/homebrew/bin/git config --local gc.auto 0
2025-02-15T21:38:46.0339880Z ##[endgroup]
2025-02-15T21:38:46.0340710Z ##[group]Setting up auth
2025-02-15T21:38:46.0342310Z [command]/opt/homebrew/bin/git config --local --name-only --get-regexp core\.sshCommand
2025-02-15T21:38:46.0482490Z [command]/opt/homebrew/bin/git submodule foreach --recursive sh -c "git config --local --name-only --get-regexp 'core\.sshCommand' && git config --local --unset-all 'core.sshCommand' || :"
2025-02-15T21:38:46.1376230Z [command]/opt/homebrew/bin/git config --local --name-only --get-regexp http\.https\:\/\/github\.com\/\.extraheader
2025-02-15T21:38:46.1425440Z [command]/opt/homebrew/bin/git submodule foreach --recursive sh -c "git config --local --name-only --get-regexp 'http\.https\:\/\/github\.com\/\.extraheader' && git config --local --unset-all 'http.https://github.com/.extraheader' || :"
2025-02-15T21:38:46.1977460Z [command]/opt/homebrew/bin/git config --local http.https://github.com/.extraheader AUTHORIZATION: basic ***
2025-02-15T21:38:46.2061650Z ##[endgroup]
2025-02-15T21:38:46.2062400Z ##[group]Fetching the repository
2025-02-15T21:38:46.2066580Z [command]/opt/homebrew/bin/git -c protocol.version=2 fetch --no-tags --prune --no-recurse-submodules --depth=1 origin +e29b8830d5d92148d74cd78405cda76eeb193b09:refs/remotes/pull/2973/merge
2025-02-15T21:38:48.4970920Z From https://github.com/tardis-sn/tardis
2025-02-15T21:38:48.4971990Z  * [new ref]         e29b8830d5d92148d74cd78405cda76eeb193b09 -> pull/2973/merge
2025-02-15T21:38:48.5033620Z ##[endgroup]
2025-02-15T21:38:48.5034610Z ##[group]Determining the checkout info
2025-02-15T21:38:48.5036110Z ##[endgroup]
2025-02-15T21:38:48.5036840Z [command]/opt/homebrew/bin/git sparse-checkout disable
2025-02-15T21:38:48.5091890Z [command]/opt/homebrew/bin/git config --local --unset-all extensions.worktreeConfig
2025-02-15T21:38:48.5151600Z ##[group]Checking out the ref
2025-02-15T21:38:48.5153080Z [command]/opt/homebrew/bin/git checkout --progress --force refs/remotes/pull/2973/merge
2025-02-15T21:38:48.7293130Z HEAD is now at e29b883 Merge d60f3e5c96b5877b6730ef6de23eb9e755f98dc7 into 13c9a314d4165ff320d000df7d67b5c5f91a69dd
2025-02-15T21:38:48.7393050Z ##[endgroup]
2025-02-15T21:38:48.7443740Z [command]/opt/homebrew/bin/git log -1 --format=%H
2025-02-15T21:38:48.7453570Z e29b8830d5d92148d74cd78405cda76eeb193b09
2025-02-15T21:38:48.7744660Z Prepare all required actions
2025-02-15T21:38:48.7745830Z Getting action download info
2025-02-15T21:38:48.9287800Z ##[group]Download immutable action package 'actions/cache@v4'
2025-02-15T21:38:48.9288810Z Version: 4.2.0
2025-02-15T21:38:48.9289780Z Digest: sha256:5bc11090595acbf82dbfb02747bf0bfd91544e869357fd3ac0eb41f509632110
2025-02-15T21:38:48.9291080Z Source commit SHA: 1bd1e32a3bdc45362d1e726936510720a7c30a57
2025-02-15T21:38:48.9291980Z ##[endgroup]
2025-02-15T21:38:49.0410210Z ##[group]Run ./.github/actions/setup_lfs
2025-02-15T21:38:49.0410910Z with:
2025-02-15T21:38:49.0411520Z   regression-data-repo: tardis-sn/tardis-regression-data
2025-02-15T21:38:49.0412320Z   atom-data-sparse: false
2025-02-15T21:38:49.0412890Z env:
2025-02-15T21:38:49.0413370Z   CACHE_NUMBER: 0
2025-02-15T21:38:49.0414830Z   PYTEST_FLAGS: --tardis-regression-data=/Users/runner/work/tardis/tardis/tardis-regression-data --cov=tardis --cov-report=xml --cov-report=html --cov-append
2025-02-15T21:38:49.0416450Z   CODECOV_TOKEN: 
2025-02-15T21:38:49.0416950Z ##[endgroup]
2025-02-15T21:38:49.0549520Z ##[group]Run actions/checkout@v4
2025-02-15T21:38:49.0550140Z with:
2025-02-15T21:38:49.0550670Z   repository: tardis-sn/tardis-regression-data
2025-02-15T21:38:49.0551380Z   path: tardis-regression-data
2025-02-15T21:38:49.0551950Z   lfs: false
2025-02-15T21:38:49.0552580Z   token: ***
2025-02-15T21:38:49.0553090Z   ssh-strict: true
2025-02-15T21:38:49.0553580Z   ssh-user: git
2025-02-15T21:38:49.0554060Z   persist-credentials: true
2025-02-15T21:38:49.0554590Z   clean: true
2025-02-15T21:38:49.0555080Z   sparse-checkout-cone-mode: true
2025-02-15T21:38:49.0555640Z   fetch-depth: 1
2025-02-15T21:38:49.0556100Z   fetch-tags: false
2025-02-15T21:38:49.0556560Z   show-progress: true
2025-02-15T21:38:49.0557040Z   submodules: false
2025-02-15T21:38:49.0557500Z   set-safe-directory: true
2025-02-15T21:38:49.0558010Z env:
2025-02-15T21:38:49.0558430Z   CACHE_NUMBER: 0
2025-02-15T21:38:49.0559800Z   PYTEST_FLAGS: --tardis-regression-data=/Users/runner/work/tardis/tardis/tardis-regression-data --cov=tardis --cov-report=xml --cov-report=html --cov-append
2025-02-15T21:38:49.0561240Z   CODECOV_TOKEN: 
2025-02-15T21:38:49.0561710Z ##[endgroup]
2025-02-15T21:38:49.1357220Z Syncing repository: tardis-sn/tardis-regression-data
2025-02-15T21:38:49.1361100Z ##[group]Getting Git version info
2025-02-15T21:38:49.1362040Z Working directory is '/Users/runner/work/tardis/tardis/tardis-regression-data'
2025-02-15T21:38:49.1388720Z [command]/opt/homebrew/bin/git version
2025-02-15T21:38:49.1432530Z git version 2.48.1
2025-02-15T21:38:49.1447100Z ##[endgroup]
2025-02-15T21:38:49.1454280Z Copying '/Users/runner/.gitconfig' to '/Users/runner/work/_temp/f3fcc06d-94dd-408c-9939-3ff5b03fe4f3/.gitconfig'
2025-02-15T21:38:49.1461790Z Temporarily overriding HOME='/Users/runner/work/_temp/f3fcc06d-94dd-408c-9939-3ff5b03fe4f3' before making global git config changes
2025-02-15T21:38:49.1463500Z Adding repository directory to the temporary git global config as a safe directory
2025-02-15T21:38:49.1465280Z [command]/opt/homebrew/bin/git config --global --add safe.directory /Users/runner/work/tardis/tardis/tardis-regression-data
2025-02-15T21:38:49.1511130Z ##[group]Initializing the repository
2025-02-15T21:38:49.1513650Z [command]/opt/homebrew/bin/git init /Users/runner/work/tardis/tardis/tardis-regression-data
2025-02-15T21:38:49.1582610Z hint: Using 'master' as the name for the initial branch. This default branch name
2025-02-15T21:38:49.1584470Z hint: is subject to change. To configure the initial branch name to use in all
2025-02-15T21:38:49.1585670Z hint: of your new repositories, which will suppress this warning, call:
2025-02-15T21:38:49.1586810Z hint:
2025-02-15T21:38:49.1587370Z hint: 	git config --global init.defaultBranch <name>
2025-02-15T21:38:49.1588070Z hint:
2025-02-15T21:38:49.1588740Z hint: Names commonly chosen instead of 'master' are 'main', 'trunk' and
2025-02-15T21:38:49.1590240Z hint: 'development'. The just-created branch can be renamed via this command:
2025-02-15T21:38:49.1591190Z hint:
2025-02-15T21:38:49.1591650Z hint: 	git branch -m <name>
2025-02-15T21:38:49.1592610Z Initialized empty Git repository in /Users/runner/work/tardis/tardis/tardis-regression-data/.git/
2025-02-15T21:38:49.1595270Z [command]/opt/homebrew/bin/git remote add origin https://github.com/tardis-sn/tardis-regression-data
2025-02-15T21:38:49.1637630Z ##[endgroup]
2025-02-15T21:38:49.1638740Z ##[group]Disabling automatic garbage collection
2025-02-15T21:38:49.1639970Z [command]/opt/homebrew/bin/git config --local gc.auto 0
2025-02-15T21:38:49.1680960Z ##[endgroup]
2025-02-15T21:38:49.1681820Z ##[group]Setting up auth
2025-02-15T21:38:49.1685580Z [command]/opt/homebrew/bin/git config --local --name-only --get-regexp core\.sshCommand
2025-02-15T21:38:49.1727220Z [command]/opt/homebrew/bin/git submodule foreach --recursive sh -c "git config --local --name-only --get-regexp 'core\.sshCommand' && git config --local --unset-all 'core.sshCommand' || :"
2025-02-15T21:38:49.3404780Z [command]/opt/homebrew/bin/git config --local --name-only --get-regexp http\.https\:\/\/github\.com\/\.extraheader
2025-02-15T21:38:49.3716450Z [command]/opt/homebrew/bin/git submodule foreach --recursive sh -c "git config --local --name-only --get-regexp 'http\.https\:\/\/github\.com\/\.extraheader' && git config --local --unset-all 'http.https://github.com/.extraheader' || :"
2025-02-15T21:38:49.4528940Z [command]/opt/homebrew/bin/git config --local http.https://github.com/.extraheader AUTHORIZATION: basic ***
2025-02-15T21:38:49.4737130Z ##[endgroup]
2025-02-15T21:38:49.4756750Z ##[group]Determining the default branch
2025-02-15T21:38:49.4781060Z Retrieving the default branch name
2025-02-15T21:38:49.8489060Z Default branch 'main'
2025-02-15T21:38:49.8490100Z ##[endgroup]
2025-02-15T21:38:49.8490730Z ##[group]Fetching the repository
2025-02-15T21:38:49.8495240Z [command]/opt/homebrew/bin/git -c protocol.version=2 fetch --no-tags --prune --no-recurse-submodules --depth=1 origin +refs/heads/main:refs/remotes/origin/main
2025-02-15T21:38:50.9267800Z From https://github.com/tardis-sn/tardis-regression-data
2025-02-15T21:38:50.9335840Z  * [new branch]      main       -> origin/main
2025-02-15T21:38:50.9663510Z ##[endgroup]
2025-02-15T21:38:50.9765140Z ##[group]Determining the checkout info
2025-02-15T21:38:50.9865740Z ##[endgroup]
2025-02-15T21:38:50.9910000Z [command]/opt/homebrew/bin/git sparse-checkout disable
2025-02-15T21:38:50.9911580Z [command]/opt/homebrew/bin/git config --local --unset-all extensions.worktreeConfig
2025-02-15T21:38:50.9912800Z ##[group]Checking out the ref
2025-02-15T21:38:50.9913640Z [command]/opt/homebrew/bin/git checkout --progress --force -B main refs/remotes/origin/main
2025-02-15T21:38:51.2397970Z Switched to a new branch 'main'
2025-02-15T21:38:51.2398560Z branch 'main' set up to track 'origin/main'.
2025-02-15T21:38:51.3533700Z ##[endgroup]
2025-02-15T21:38:51.3598340Z [command]/opt/homebrew/bin/git log -1 --format=%H
2025-02-15T21:38:51.3651410Z fa7729bc9c30e14b69acd641af8b692b56fcd416
2025-02-15T21:38:51.3754510Z ##[group]Run if [ "false" == "true" ]; then
2025-02-15T21:38:51.3754860Z [36;1mif [ "false" == "true" ]; then[0m
2025-02-15T21:38:51.3755130Z [36;1m  echo "Using atom data sparse checkout"[0m
2025-02-15T21:38:51.3755460Z [36;1m  echo "atom_data/kurucz_cd23_chianti_H_He.h5" > .lfs-files-list[0m
2025-02-15T21:38:51.3755750Z [36;1melse[0m
2025-02-15T21:38:51.3755960Z [36;1m  echo "Using full repository checkout"[0m
2025-02-15T21:38:51.3756270Z [36;1m  git lfs ls-files -l | cut -d' ' -f1 | sort > .lfs-files-list[0m
2025-02-15T21:38:51.3756560Z [36;1mfi[0m
2025-02-15T21:38:51.3823410Z shell: /bin/bash --noprofile --norc -e -o pipefail {0}
2025-02-15T21:38:51.3825260Z env:
2025-02-15T21:38:51.3825430Z   CACHE_NUMBER: 0
2025-02-15T21:38:51.3825920Z   PYTEST_FLAGS: --tardis-regression-data=/Users/runner/work/tardis/tardis/tardis-regression-data --cov=tardis --cov-report=xml --cov-report=html --cov-append
2025-02-15T21:38:51.3826460Z   CODECOV_TOKEN: 
2025-02-15T21:38:51.3826870Z ##[endgroup]
2025-02-15T21:38:51.4171800Z Using full repository checkout
2025-02-15T21:38:51.6095450Z ##[group]Run actions/cache/restore@v4
2025-02-15T21:38:51.6095800Z with:
2025-02-15T21:38:51.6095990Z   path: tardis-regression-data/.git/lfs
2025-02-15T21:38:51.6096550Z   key: tardis-regression-full-data-21f9fa4b6817cc69b9fae3598144724da7828e276a73bd17f47a2a49d9af090a-tardis-sn/tardis-regression-data-v1
2025-02-15T21:38:51.6097070Z   fail-on-cache-miss: true
2025-02-15T21:38:51.6097290Z   enableCrossOsArchive: false
2025-02-15T21:38:51.6097560Z   lookup-only: false
2025-02-15T21:38:51.6097750Z env:
2025-02-15T21:38:51.6097900Z   CACHE_NUMBER: 0
2025-02-15T21:38:51.6098430Z   PYTEST_FLAGS: --tardis-regression-data=/Users/runner/work/tardis/tardis/tardis-regression-data --cov=tardis --cov-report=xml --cov-report=html --cov-append
2025-02-15T21:38:51.6098940Z   CODECOV_TOKEN: 
2025-02-15T21:38:51.6099110Z ##[endgroup]
2025-02-15T21:38:51.8666310Z Cache hit for: tardis-regression-full-data-21f9fa4b6817cc69b9fae3598144724da7828e276a73bd17f47a2a49d9af090a-tardis-sn/tardis-regression-data-v1
2025-02-15T21:38:53.0631660Z Received 46137344 of 1707217599 (2.7%), 43.7 MBs/sec
2025-02-15T21:38:54.0555270Z Received 125829120 of 1707217599 (7.4%), 59.8 MBs/sec
2025-02-15T21:38:55.0561090Z Received 188743680 of 1707217599 (11.1%), 59.9 MBs/sec
2025-02-15T21:38:56.0613590Z Received 268435456 of 1707217599 (15.7%), 63.8 MBs/sec
2025-02-15T21:38:57.0605960Z Received 331350016 of 1707217599 (19.4%), 63.0 MBs/sec
2025-02-15T21:38:58.0605560Z Received 406847488 of 1707217599 (23.8%), 64.5 MBs/sec
2025-02-15T21:38:59.0607780Z Received 511705088 of 1707217599 (30.0%), 69.6 MBs/sec
2025-02-15T21:39:00.0604420Z Received 574619648 of 1707217599 (33.7%), 68.4 MBs/sec
2025-02-15T21:39:01.0638140Z Received 666894336 of 1707217599 (39.1%), 70.6 MBs/sec
2025-02-15T21:39:02.0639830Z Received 734003200 of 1707217599 (43.0%), 69.9 MBs/sec
2025-02-15T21:39:03.0689350Z Received 805306368 of 1707217599 (47.2%), 69.7 MBs/sec
2025-02-15T21:39:04.0688570Z Received 901775360 of 1707217599 (52.8%), 71.5 MBs/sec
2025-02-15T21:39:05.0690840Z Received 977272832 of 1707217599 (57.2%), 71.6 MBs/sec
2025-02-15T21:39:06.0749200Z Received 1069547520 of 1707217599 (62.6%), 72.7 MBs/sec
2025-02-15T21:39:07.0749770Z Received 1111490560 of 1707217599 (65.1%), 70.5 MBs/sec
2025-02-15T21:39:08.0765340Z Received 1207959552 of 1707217599 (70.8%), 71.9 MBs/sec
2025-02-15T21:39:09.0769220Z Received 1275068416 of 1707217599 (74.7%), 71.4 MBs/sec
2025-02-15T21:39:10.0764210Z Received 1342177280 of 1707217599 (78.6%), 71.0 MBs/sec
2025-02-15T21:39:11.0768530Z Received 1409286144 of 1707217599 (82.5%), 70.6 MBs/sec
2025-02-15T21:39:12.0765590Z Received 1476395008 of 1707217599 (86.5%), 70.3 MBs/sec
2025-02-15T21:39:13.0770550Z Received 1551892480 of 1707217599 (90.9%), 70.4 MBs/sec
2025-02-15T21:39:14.0771850Z Received 1627389952 of 1707217599 (95.3%), 70.5 MBs/sec
2025-02-15T21:39:15.0760080Z Received 1707217599 of 1707217599 (100.0%), 70.7 MBs/sec
2025-02-15T21:39:15.0775300Z Cache Size: ~1628 MB (1707217599 B)
2025-02-15T21:39:15.0838540Z [command]/opt/homebrew/bin/gtar -xf /Users/runner/work/_temp/2e932410-9e08-4482-a382-b9cdbc390fa1/cache.tzst -P -C /Users/runner/work/tardis/tardis --delay-directory-restore --use-compress-program unzstd
2025-02-15T21:39:20.9311540Z Cache restored successfully
2025-02-15T21:39:21.0677330Z Cache restored from key: tardis-regression-full-data-21f9fa4b6817cc69b9fae3598144724da7828e276a73bd17f47a2a49d9af090a-tardis-sn/tardis-regression-data-v1
2025-02-15T21:39:21.0851900Z ##[group]Run git lfs checkout
2025-02-15T21:39:21.0852270Z [36;1mgit lfs checkout[0m
2025-02-15T21:39:21.1007190Z shell: /bin/bash --noprofile --norc -e -o pipefail {0}
2025-02-15T21:39:21.1008290Z env:
2025-02-15T21:39:21.1008550Z   CACHE_NUMBER: 0
2025-02-15T21:39:21.1009060Z   PYTEST_FLAGS: --tardis-regression-data=/Users/runner/work/tardis/tardis/tardis-regression-data --cov=tardis --cov-report=xml --cov-report=html --cov-append
2025-02-15T21:39:21.1015640Z   CODECOV_TOKEN: 
2025-02-15T21:39:21.1015860Z ##[endgroup]
2025-02-15T21:39:27.6753150Z Checking out LFS objects: 100% (204/204), 3.5 GB | 356 MB/s, done.
2025-02-15T21:39:33.5994130Z Prepare all required actions
2025-02-15T21:39:33.5994630Z Getting action download info
2025-02-15T21:39:33.7453280Z Download action repository 'mamba-org/setup-micromamba@v1' (SHA:4b9113af4fba0e9e1124b252dd6497a419e7396d)
2025-02-15T21:39:35.0957850Z ##[group]Run ./.github/actions/setup_env
2025-02-15T21:39:35.0958140Z with:
2025-02-15T21:39:35.0958310Z   os-label: osx-arm64
2025-02-15T21:39:35.0958450Z env:
2025-02-15T21:39:35.0958690Z   CACHE_NUMBER: 0
2025-02-15T21:39:35.0959210Z   PYTEST_FLAGS: --tardis-regression-data=/Users/runner/work/tardis/tardis/tardis-regression-data --cov=tardis --cov-report=xml --cov-report=html --cov-append
2025-02-15T21:39:35.0959850Z   CODECOV_TOKEN: 
2025-02-15T21:39:35.0960070Z ##[endgroup]
2025-02-15T21:39:35.0978450Z ##[group]Run file_hash=$(cat conda-osx-arm64.lock | shasum -a 256 | cut -d' ' -f1)
2025-02-15T21:39:35.0978850Z [36;1mfile_hash=$(cat conda-osx-arm64.lock | shasum -a 256 | cut -d' ' -f1)[0m
2025-02-15T21:39:35.0979280Z [36;1mecho "file_hash=tardis-conda-env-osx-arm64-${file_hash}-v1" >> "${GITHUB_OUTPUT}"[0m
2025-02-15T21:39:35.1026490Z shell: /bin/bash --noprofile --norc -e -o pipefail {0}
2025-02-15T21:39:35.1026710Z env:
2025-02-15T21:39:35.1026820Z   CACHE_NUMBER: 0
2025-02-15T21:39:35.1027280Z   PYTEST_FLAGS: --tardis-regression-data=/Users/runner/work/tardis/tardis/tardis-regression-data --cov=tardis --cov-report=xml --cov-report=html --cov-append
2025-02-15T21:39:35.1027770Z   CODECOV_TOKEN: 
2025-02-15T21:39:35.1027890Z ##[endgroup]
2025-02-15T21:39:35.2145270Z ##[group]Run mamba-org/setup-micromamba@v1
2025-02-15T21:39:35.2145480Z with:
2025-02-15T21:39:35.2145630Z   environment-file: conda-osx-arm64.lock
2025-02-15T21:39:35.2146060Z   cache-environment-key: tardis-conda-env-osx-arm64-bf0d0a4d4c847cca72476c6c68c493d56c484aada7e80de0e42c7607fcef5824-v1
2025-02-15T21:39:35.2146700Z   cache-downloads-key: tardis-conda-env-osx-arm64-bf0d0a4d4c847cca72476c6c68c493d56c484aada7e80de0e42c7607fcef5824-v1
2025-02-15T21:39:35.2147130Z   environment-name: tardis
2025-02-15T21:39:35.2147290Z   cache-environment: true
2025-02-15T21:39:35.2147460Z   cache-downloads: true
2025-02-15T21:39:35.2147610Z env:
2025-02-15T21:39:35.2147750Z   CACHE_NUMBER: 0
2025-02-15T21:39:35.2148210Z   PYTEST_FLAGS: --tardis-regression-data=/Users/runner/work/tardis/tardis/tardis-regression-data --cov=tardis --cov-report=xml --cov-report=html --cov-append
2025-02-15T21:39:35.2148720Z   CODECOV_TOKEN: 
2025-02-15T21:39:35.2148860Z ##[endgroup]
2025-02-15T21:39:35.4843130Z Will download micromamba to /Users/runner/micromamba-bin/micromamba
2025-02-15T21:39:35.4847430Z ##[group]Install micromamba
2025-02-15T21:39:36.2112120Z micromamba installed to /Users/runner/micromamba-bin/micromamba
2025-02-15T21:39:36.2112720Z ##[endgroup]
2025-02-15T21:39:36.2113000Z Adding conda-forge to condarc channels ...
2025-02-15T21:39:36.2119210Z ##[group]Initialize micromamba for bash.
2025-02-15T21:39:36.2130380Z [command]/Users/runner/micromamba-bin/micromamba shell init -s bash -r /Users/runner/micromamba --log-level warning --rc-file /Users/runner/work/_temp/setup-micromamba/.condarc
2025-02-15T21:39:36.2353690Z Modifying RC file "/Users/runner/.bash_profile"
2025-02-15T21:39:36.2354680Z Generating config for root prefix [1m"/Users/runner/micromamba"[0m
2025-02-15T21:39:36.2355580Z Setting mamba executable to: [1m"/Users/runner/micromamba-bin/micromamba"[0m
2025-02-15T21:39:36.2355970Z Adding (or replacing) the following in your "/Users/runner/.bash_profile" file
2025-02-15T21:39:36.2356210Z 
2025-02-15T21:39:36.2358270Z # >>> mamba initialize >>>
2025-02-15T21:39:36.2358500Z # !! Contents within this block are managed by 'mamba init' !!
2025-02-15T21:39:36.2358860Z export MAMBA_EXE='/Users/runner/micromamba-bin/micromamba';
2025-02-15T21:39:36.2359140Z export MAMBA_ROOT_PREFIX='/Users/runner/micromamba';
2025-02-15T21:39:36.2359560Z __mamba_setup="$("$MAMBA_EXE" shell hook --shell bash --root-prefix "$MAMBA_ROOT_PREFIX" 2> /dev/null)"
2025-02-15T21:39:36.2360300Z if [ $? -eq 0 ]; then
2025-02-15T21:39:36.2360480Z     eval "$__mamba_setup"
2025-02-15T21:39:36.2360640Z else
2025-02-15T21:39:36.2360850Z     alias micromamba="$MAMBA_EXE"  # Fallback on help from mamba activate
2025-02-15T21:39:36.2361100Z fi
2025-02-15T21:39:36.2361230Z unset __mamba_setup
2025-02-15T21:39:36.2361380Z # <<< mamba initialize <<<
2025-02-15T21:39:36.2361490Z 
2025-02-15T21:39:36.2361720Z ##[endgroup]
2025-02-15T21:39:36.2362160Z ##[group]Restoring downloads from `/Users/runner/micromamba/pkgs` ...
2025-02-15T21:39:37.6571230Z Received 46137344 of 310594474 (14.9%), 44.0 MBs/sec
2025-02-15T21:39:38.6572630Z Received 104857600 of 310594474 (33.8%), 50.0 MBs/sec
2025-02-15T21:39:39.6569220Z Received 180355072 of 310594474 (58.1%), 57.3 MBs/sec
2025-02-15T21:39:40.6578860Z Received 255852544 of 310594474 (82.4%), 61.0 MBs/sec
2025-02-15T21:39:41.2808280Z Cache Size: ~296 MB (310594474 B)
2025-02-15T21:39:41.2841070Z [command]/opt/homebrew/bin/gtar -xf /Users/runner/work/_temp/ccbe2087-6503-47df-b48e-595257f450a1/cache.tzst -P -C /Users/runner/work/tardis/tardis --delay-directory-restore --use-compress-program unzstd
2025-02-15T21:39:41.6585700Z Received 310594474 of 310594474 (100.0%), 59.2 MBs/sec
2025-02-15T21:39:41.7634750Z Cache restored successfully
2025-02-15T21:39:41.7660250Z Restored cache with key `tardis-conda-env-osx-arm64-bf0d0a4d4c847cca72476c6c68c493d56c484aada7e80de0e42c7607fcef5824-v1-osx-arm64`
2025-02-15T21:39:41.7661230Z ##[endgroup]
2025-02-15T21:39:41.7732610Z ##[group]Restoring environment `tardis` from `/Users/runner/micromamba/envs/tardis` ...
2025-02-15T21:39:43.1145990Z Received 50331648 of 385513979 (13.1%), 47.9 MBs/sec
2025-02-15T21:39:44.1159760Z Received 125829120 of 385513979 (32.6%), 59.9 MBs/sec
2025-02-15T21:39:45.1157250Z Received 201326592 of 385513979 (52.2%), 63.9 MBs/sec
2025-02-15T21:39:46.1159270Z Received 281018368 of 385513979 (72.9%), 66.9 MBs/sec
2025-02-15T21:39:47.1161910Z Received 343932928 of 385513979 (89.2%), 65.5 MBs/sec
2025-02-15T21:39:47.9231730Z Cache Size: ~368 MB (385513979 B)
2025-02-15T21:39:47.9288570Z [command]/opt/homebrew/bin/gtar -xf /Users/runner/work/_temp/3e468fcf-956c-4f4f-b64f-e392ed114084/cache.tzst -P -C /Users/runner/work/tardis/tardis --delay-directory-restore --use-compress-program unzstd
2025-02-15T21:39:48.1264350Z Received 385513979 of 385513979 (100.0%), 61.2 MBs/sec
2025-02-15T21:39:59.6380720Z Cache restored successfully
2025-02-15T21:39:59.6418960Z Restored cache with key `tardis-conda-env-osx-arm64-bf0d0a4d4c847cca72476c6c68c493d56c484aada7e80de0e42c7607fcef5824-v1-osx-arm64-tardis-args-4f53cda-root-873f6fe-bin-[object Promise]-file-bf0d0a4d4c847cca72476c6c68c493d56c484aada7e80de0e42c7607fcef5824`
2025-02-15T21:39:59.6430180Z ##[endgroup]
2025-02-15T21:39:59.6430600Z Adding environment tardis to auto-activate bash ...
2025-02-15T21:39:59.6469740Z Generating micromamba run shell.
2025-02-15T21:39:59.6554020Z ##[endgroup]
2025-02-15T21:39:59.6558890Z Set environment variables.
2025-02-15T21:39:59.6562060Z ##[group]micromamba info
2025-02-15T21:39:59.6565070Z [command]/Users/runner/micromamba-bin/micromamba info -r /Users/runner/micromamba -n tardis
2025-02-15T21:40:00.0616800Z 
2025-02-15T21:40:00.0617350Z        libmamba version : 1.5.10
2025-02-15T21:40:00.0617680Z      micromamba version : 1.5.10
2025-02-15T21:40:00.0618230Z            curl version : libcurl/8.10.1 (OpenSSL/3.3.2) SecureTransport zlib/1.3.1 zstd/1.5.6 libssh2/1.11.0 nghttp2/1.58.0
2025-02-15T21:40:00.0618780Z      libarchive version : libarchive 3.7.4 zlib/1.2.13 bz2lib/1.0.8 libzstd/1.5.6
2025-02-15T21:40:00.0734900Z        envs directories : /Users/runner/micromamba/envs
2025-02-15T21:40:00.0735250Z           package cache : /Users/runner/micromamba/pkgs
2025-02-15T21:40:00.0735670Z                           /Users/runner/.mamba/pkgs
2025-02-15T21:40:00.0735950Z             environment : tardis
2025-02-15T21:40:00.0736320Z            env location : /Users/runner/micromamba/envs/tardis
2025-02-15T21:40:00.0736680Z       user config files : /Users/runner/.mambarc
2025-02-15T21:40:00.0738720Z  populated config files : /Users/runner/work/_temp/setup-micromamba/.condarc
2025-02-15T21:40:00.0739210Z        virtual packages : __unix=0=0
2025-02-15T21:40:00.0739460Z                           __osx=14.7.2=0
2025-02-15T21:40:00.0739730Z                           __archspec=1=arm64
2025-02-15T21:40:00.0740110Z                channels : https://conda.anaconda.org/conda-forge/osx-arm64
2025-02-15T21:40:00.0740510Z                           https://conda.anaconda.org/conda-forge/noarch
2025-02-15T21:40:00.0740860Z        base environment : /Users/runner/micromamba
2025-02-15T21:40:00.0741180Z                platform : osx-arm64
2025-02-15T21:40:00.0741700Z ##[endgroup]
2025-02-15T21:40:00.0742250Z ##[group]micromamba list
2025-02-15T21:40:00.0742840Z [command]/Users/runner/micromamba-bin/micromamba list -r /Users/runner/micromamba -n tardis
2025-02-15T21:40:00.3840030Z List of packages in environment: "/Users/runner/micromamba/envs/tardis"
2025-02-15T21:40:00.3841530Z 
2025-02-15T21:40:00.3841970Z   Name                           Version              Build                    Channel    
2025-02-15T21:40:00.3843310Z â”€â”€â”€â”€â”€â”€â”€â”€â”€â”€â”€â”€â”€â”€â”€â”€â”€â”€â”€â”€â”€â”€â”€â”€â”€â”€â”€â”€â”€â”€â”€â”€â”€â”€â”€â”€â”€â”€â”€â”€â”€â”€â”€â”€â”€â”€â”€â”€â”€â”€â”€â”€â”€â”€â”€â”€â”€â”€â”€â”€â”€â”€â”€â”€â”€â”€â”€â”€â”€â”€â”€â”€â”€â”€â”€â”€â”€â”€â”€â”€â”€â”€â”€â”€â”€â”€â”€â”€â”€â”€â”€â”€
2025-02-15T21:40:00.3844150Z   alabaster                      0.7.16               pyhd8ed1ab_0             conda-forge
2025-02-15T21:40:00.3845450Z   anyio                          4.4.0                pyhd8ed1ab_0             conda-forge
2025-02-15T21:40:00.3845940Z   appnope                        0.1.4                pyhd8ed1ab_0             conda-forge
2025-02-15T21:40:00.3847010Z   argon2-cffi                    23.1.0               pyhd8ed1ab_0             conda-forge
2025-02-15T21:40:00.3847510Z   argon2-cffi-bindings           21.2.0               py312h02f2b3b_4          conda-forge
2025-02-15T21:40:00.3847920Z   arrow                          1.3.0                pyhd8ed1ab_0             conda-forge
2025-02-15T21:40:00.3848340Z   astropy                        6.1.1                py312hbebd99a_0          conda-forge
2025-02-15T21:40:00.3848740Z   astropy-iers-data              0.2024.6.17.0.31.35  pyhd8ed1ab_0             conda-forge
2025-02-15T21:40:00.3849230Z   astropy-sphinx-theme           1.1                  pyhd8ed1ab_0             conda-forge
2025-02-15T21:40:00.3849690Z   asttokens                      2.4.1                pyhd8ed1ab_0             conda-forge
2025-02-15T21:40:00.3850070Z   async-lru                      2.0.4                pyhd8ed1ab_0             conda-forge
2025-02-15T21:40:00.3850490Z   atk-1.0                        2.38.0               hd03087b_2               conda-forge
2025-02-15T21:40:00.3850830Z   attrs                          23.2.0               pyh71513ae_0             conda-forge
2025-02-15T21:40:00.3851230Z   babel                          2.14.0               pyhd8ed1ab_0             conda-forge
2025-02-15T21:40:00.3851600Z   beautifulsoup4                 4.12.3               pyha770c72_0             conda-forge
2025-02-15T21:40:00.3852040Z   bleach                         6.1.0                pyhd8ed1ab_0             conda-forge
2025-02-15T21:40:00.3852850Z   blosc                          1.21.5               h9c252e8_1               conda-forge
2025-02-15T21:40:00.3853240Z   brotli                         1.1.0                hb547adb_1               conda-forge
2025-02-15T21:40:00.3853670Z   brotli-bin                     1.1.0                hb547adb_1               conda-forge
2025-02-15T21:40:00.3854020Z   brotli-python                  1.1.0                py312h9f69965_1          conda-forge
2025-02-15T21:40:00.3854840Z   bzip2                          1.0.8                h93a5062_5               conda-forge
2025-02-15T21:40:00.3855240Z   c-ares                         1.28.1               h93a5062_0               conda-forge
2025-02-15T21:40:00.3855600Z   c-blosc2                       2.14.4               ha57e6be_1               conda-forge
2025-02-15T21:40:00.3856260Z   ca-certificates                2024.6.2             hf0a4a13_0               conda-forge
2025-02-15T21:40:00.3856670Z   cached-property                1.5.2                hd8ed1ab_1               conda-forge
2025-02-15T21:40:00.3857140Z   cached_property                1.5.2                pyha770c72_1             conda-forge
2025-02-15T21:40:00.3857530Z   cairo                          1.18.0               hd1e100b_0               conda-forge
2025-02-15T21:40:00.3857920Z   certifi                        2024.6.2             pyhd8ed1ab_0             conda-forge
2025-02-15T21:40:00.3858250Z   cffi                           1.16.0               py312h8e38eb3_0          conda-forge
2025-02-15T21:40:00.3858660Z   charset-normalizer             3.3.2                pyhd8ed1ab_0             conda-forge
2025-02-15T21:40:00.3859080Z   click                          8.1.7                unix_pyh707e725_0        conda-forge
2025-02-15T21:40:00.3859490Z   codespell                      2.3.0                pyhd8ed1ab_0             conda-forge
2025-02-15T21:40:00.3859850Z   colorama                       0.4.6                pyhd8ed1ab_0             conda-forge
2025-02-15T21:40:00.3860220Z   comm                           0.2.2                pyhd8ed1ab_0             conda-forge
2025-02-15T21:40:00.3860570Z   commonmark                     0.9.1                py_0                     conda-forge
2025-02-15T21:40:00.3861000Z   contourpy                      1.2.1                py312h0fef576_0          conda-forge
2025-02-15T21:40:00.3861380Z   coverage                       7.5.3                py312h7e5086c_0          conda-forge
2025-02-15T21:40:00.3861860Z   cycler                         0.12.1               pyhd8ed1ab_0             conda-forge
2025-02-15T21:40:00.3862210Z   dataclasses                    0.8                  pyhc8e2a94_3             conda-forge
2025-02-15T21:40:00.3862570Z   debugpy                        1.8.1                py312h20a0b95_0          conda-forge
2025-02-15T21:40:00.3862940Z   decorator                      5.1.1                pyhd8ed1ab_0             conda-forge
2025-02-15T21:40:00.3863310Z   defusedxml                     0.7.1                pyhd8ed1ab_0             conda-forge
2025-02-15T21:40:00.3863730Z   docutils                       0.20.1               py312h81bd7bf_3          conda-forge
2025-02-15T21:40:00.3864090Z   dot2tex                        2.11.3               pyhd8ed1ab_0             conda-forge
2025-02-15T21:40:00.3864490Z   entrypoints                    0.4                  pyhd8ed1ab_0             conda-forge
2025-02-15T21:40:00.3864890Z   exceptiongroup                 1.2.0                pyhd8ed1ab_2             conda-forge
2025-02-15T21:40:00.3865370Z   executing                      2.0.1                pyhd8ed1ab_0             conda-forge
2025-02-15T21:40:00.3865830Z   expat                          2.6.2                hebf3989_0               conda-forge
2025-02-15T21:40:00.3866290Z   font-ttf-dejavu-sans-mono      2.37                 hab24e00_0               conda-forge
2025-02-15T21:40:00.3866730Z   font-ttf-inconsolata           3.000                h77eed37_0               conda-forge
2025-02-15T21:40:00.3867190Z   font-ttf-source-code-pro       2.038                h77eed37_0               conda-forge
2025-02-15T21:40:00.3867580Z   font-ttf-ubuntu                0.83                 h77eed37_2               conda-forge
2025-02-15T21:40:00.3867980Z   fontconfig                     2.14.2               h82840c6_0               conda-forge
2025-02-15T21:40:00.3868340Z   fonts-conda-ecosystem          1                    0                        conda-forge
2025-02-15T21:40:00.3868940Z   fonts-conda-forge              1                    0                        conda-forge
2025-02-15T21:40:00.3869300Z   fonttools                      4.53.0               py312h7e5086c_0          conda-forge
2025-02-15T21:40:00.3869610Z   fqdn                           1.5.1                pyhd8ed1ab_0             conda-forge
2025-02-15T21:40:00.3870100Z   freetype                       2.12.1               hadb7bae_2               conda-forge
2025-02-15T21:40:00.3870410Z   fribidi                        1.0.10               h27ca646_0               conda-forge
2025-02-15T21:40:00.3870770Z   future                         1.0.0                pyhd8ed1ab_0             conda-forge
2025-02-15T21:40:00.3871120Z   gdk-pixbuf                     2.42.12              h7ddc832_0               conda-forge
2025-02-15T21:40:00.3871530Z   gettext                        0.22.5               h8fbad5d_2               conda-forge
2025-02-15T21:40:00.3872060Z   gettext-tools                  0.22.5               h8fbad5d_2               conda-forge
2025-02-15T21:40:00.3872540Z   giflib                         5.2.2                h93a5062_0               conda-forge
2025-02-15T21:40:00.3872900Z   git-lfs                        3.5.1                hce30654_0               conda-forge
2025-02-15T21:40:00.3873210Z   gmp                            6.3.0                hebf3989_1               conda-forge
2025-02-15T21:40:00.3873530Z   gmpy2                          2.1.5                py312hfa9fade_1          conda-forge
2025-02-15T21:40:00.3873850Z   graphite2                      1.3.13               hebf3989_1003            conda-forge
2025-02-15T21:40:00.3874160Z   graphviz                       11.0.0               h9bb9bc9_0               conda-forge
2025-02-15T21:40:00.3874560Z   gtk2                           2.24.33              h7895bb2_4               conda-forge
2025-02-15T21:40:00.3874810Z   gts                            0.7.6                he42f4ea_4               conda-forge
2025-02-15T21:40:00.3875150Z   h11                            0.14.0               pyhd8ed1ab_0             conda-forge
2025-02-15T21:40:00.3875440Z   h2                             4.1.0                pyhd8ed1ab_0             conda-forge
2025-02-15T21:40:00.3875810Z   h5py                           3.11.0               nompi_py312h903599c_102  conda-forge
2025-02-15T21:40:00.3876210Z   harfbuzz                       8.5.0                h1836168_0               conda-forge
2025-02-15T21:40:00.3876570Z   hdf5                           1.14.3               nompi_hec07895_105       conda-forge
2025-02-15T21:40:00.3876940Z   hpack                          4.0.0                pyh9f0ad1d_0             conda-forge
2025-02-15T21:40:00.3877440Z   httpcore                       1.0.5                pyhd8ed1ab_0             conda-forge
2025-02-15T21:40:00.3878730Z   httpx                          0.27.0               pyhd8ed1ab_0             conda-forge
2025-02-15T21:40:00.3879060Z   hyperframe                     6.0.1                pyhd8ed1ab_0             conda-forge
2025-02-15T21:40:00.3879430Z   icu                            73.2                 hc8870d7_0               conda-forge
2025-02-15T21:40:00.3879710Z   idna                           3.7                  pyhd8ed1ab_0             conda-forge
2025-02-15T21:40:00.3880020Z   imagesize                      1.4.1                pyhd8ed1ab_0             conda-forge
2025-02-15T21:40:00.3880360Z   importlib-metadata             7.1.0                pyha770c72_0             conda-forge
2025-02-15T21:40:00.3893460Z   importlib_metadata             7.1.0                hd8ed1ab_0               conda-forge
2025-02-15T21:40:00.3893920Z   importlib_resources            6.4.0                pyhd8ed1ab_0             conda-forge
2025-02-15T21:40:00.3894250Z   iniconfig                      2.0.0                pyhd8ed1ab_0             conda-forge
2025-02-15T21:40:00.3894610Z   ipykernel                      6.29.4               pyh57ce528_0             conda-forge
2025-02-15T21:40:00.3895280Z   ipython                        8.25.0               pyh707e725_0             conda-forge
2025-02-15T21:40:00.3895660Z   ipython_genutils               0.2.0                pyhd8ed1ab_1             conda-forge
2025-02-15T21:40:00.3896050Z   ipywidgets                     7.8.0                pyhd8ed1ab_0             conda-forge
2025-02-15T21:40:00.3896690Z   isoduration                    20.11.0              pyhd8ed1ab_0             conda-forge
2025-02-15T21:40:00.3897060Z   jedi                           0.19.1               pyhd8ed1ab_0             conda-forge
2025-02-15T21:40:00.3897380Z   jinja2                         3.1.4                pyhd8ed1ab_0             conda-forge
2025-02-15T21:40:00.3897720Z   json5                          0.9.25               pyhd8ed1ab_0             conda-forge
2025-02-15T21:40:00.3898070Z   jsonpointer                    3.0.0                py312h81bd7bf_0          conda-forge
2025-02-15T21:40:00.3898450Z   jsonschema                     4.22.0               pyhd8ed1ab_0             conda-forge
2025-02-15T21:40:00.3898840Z   jsonschema-specifications      2023.12.1            pyhd8ed1ab_0             conda-forge
2025-02-15T21:40:00.3899330Z   jsonschema-with-format-nongpl  4.22.0               pyhd8ed1ab_0             conda-forge
2025-02-15T21:40:00.3900050Z   jupyter-lsp                    2.2.5                pyhd8ed1ab_0             conda-forge
2025-02-15T21:40:00.3900510Z   jupyter_client                 8.6.2                pyhd8ed1ab_0             conda-forge
2025-02-15T21:40:00.3900920Z   jupyter_core                   5.7.2                py312h81bd7bf_0          conda-forge
2025-02-15T21:40:00.3901320Z   jupyter_events                 0.10.0               pyhd8ed1ab_0             conda-forge
2025-02-15T21:40:00.3901780Z   jupyter_server                 2.14.1               pyhd8ed1ab_0             conda-forge
2025-02-15T21:40:00.3902220Z   jupyter_server_terminals       0.5.3                pyhd8ed1ab_0             conda-forge
2025-02-15T21:40:00.3902720Z   jupyterlab                     4.2.2                pyhd8ed1ab_0             conda-forge
2025-02-15T21:40:00.3903110Z   jupyterlab_pygments            0.3.0                pyhd8ed1ab_1             conda-forge
2025-02-15T21:40:00.3903550Z   jupyterlab_server              2.27.2               pyhd8ed1ab_0             conda-forge
2025-02-15T21:40:00.3903920Z   jupyterlab_widgets             1.1.7                pyhd8ed1ab_0             conda-forge
2025-02-15T21:40:00.3904330Z   kiwisolver                     1.4.5                py312h389731b_1          conda-forge
2025-02-15T21:40:00.3904660Z   krb5                           1.21.2               h92f50d5_0               conda-forge
2025-02-15T21:40:00.3905000Z   latexcodec                     2.0.1                pyh9f0ad1d_0             conda-forge
2025-02-15T21:40:00.3905330Z   lcms2                          2.16                 ha0e7c42_0               conda-forge
2025-02-15T21:40:00.3905670Z   lerc                           4.0.0                h9a09cb3_0               conda-forge
2025-02-15T21:40:00.3905990Z   libaec                         1.1.3                hebf3989_0               conda-forge
2025-02-15T21:40:00.3906280Z   libasprintf                    0.22.5               h8fbad5d_2               conda-forge
2025-02-15T21:40:00.3906600Z   libasprintf-devel              0.22.5               h8fbad5d_2               conda-forge
2025-02-15T21:40:00.3906980Z   libblas                        3.9.0                22_osxarm64_openblas     conda-forge
2025-02-15T21:40:00.3907360Z   libbrotlicommon                1.1.0                hb547adb_1               conda-forge
2025-02-15T21:40:00.3907710Z   libbrotlidec                   1.1.0                hb547adb_1               conda-forge
2025-02-15T21:40:00.3908090Z   libbrotlienc                   1.1.0                hb547adb_1               conda-forge
2025-02-15T21:40:00.3908430Z   libcblas                       3.9.0                22_osxarm64_openblas     conda-forge
2025-02-15T21:40:00.3908960Z   libcurl                        8.8.0                h7b6f9a7_0               conda-forge
2025-02-15T21:40:00.3909310Z   libcxx                         17.0.6               h5f092b4_0               conda-forge
2025-02-15T21:40:00.3909640Z   libdeflate                     1.20                 h93a5062_0               conda-forge
2025-02-15T21:40:00.3910000Z   libedit                        3.1.20191231         hc8eb9b7_2               conda-forge
2025-02-15T21:40:00.3910560Z   libev                          4.33                 h93a5062_2               conda-forge
2025-02-15T21:40:00.3910900Z   libexpat                       2.6.2                hebf3989_0               conda-forge
2025-02-15T21:40:00.3911230Z   libffi                         3.4.2                h3422bc3_5               conda-forge
2025-02-15T21:40:00.3911560Z   libgd                          2.3.3                hfdf3952_9               conda-forge
2025-02-15T21:40:00.3911880Z   libgettextpo                   0.22.5               h8fbad5d_2               conda-forge
2025-02-15T21:40:00.3912260Z   libgettextpo-devel             0.22.5               h8fbad5d_2               conda-forge
2025-02-15T21:40:00.3912610Z   libgfortran                    5.0.0                13_2_0_hd922786_3        conda-forge
2025-02-15T21:40:00.3912970Z   libgfortran5                   13.2.0               hf226fd6_3               conda-forge
2025-02-15T21:40:00.3913300Z   libglib                        2.80.2               h59d46d9_1               conda-forge
2025-02-15T21:40:00.3913640Z   libiconv                       1.17                 h0d3ecfb_2               conda-forge
2025-02-15T21:40:00.3913990Z   libintl                        0.22.5               h8fbad5d_2               conda-forge
2025-02-15T21:40:00.3914310Z   libintl-devel                  0.22.5               h8fbad5d_2               conda-forge
2025-02-15T21:40:00.3914680Z   libjpeg-turbo                  3.0.0                hb547adb_1               conda-forge
2025-02-15T21:40:00.3915020Z   liblapack                      3.9.0                22_osxarm64_openblas     conda-forge
2025-02-15T21:40:00.3915370Z   libllvm14                      14.0.6               hd1a9a77_4               conda-forge
2025-02-15T21:40:00.3915660Z   libnghttp2                     1.58.0               ha4dd798_1               conda-forge
2025-02-15T21:40:00.3916020Z   libopenblas                    0.3.27               openmp_h6c19121_0        conda-forge
2025-02-15T21:40:00.3916320Z   libpng                         1.6.43               h091b4b1_0               conda-forge
2025-02-15T21:40:00.3916650Z   librsvg                        2.58.1               hbc281fb_0               conda-forge
2025-02-15T21:40:00.3916930Z   libsodium                      1.0.18               h27ca646_1               conda-forge
2025-02-15T21:40:00.3917230Z   libsqlite                      3.46.0               hfb93653_0               conda-forge
2025-02-15T21:40:00.3917570Z   libssh2                        1.11.0               h7a5bd25_0               conda-forge
2025-02-15T21:40:00.3917890Z   libtiff                        4.6.0                h07db509_3               conda-forge
2025-02-15T21:40:00.3918190Z   libwebp                        1.4.0                h54798ee_0               conda-forge
2025-02-15T21:40:00.3918590Z   libwebp-base                   1.4.0                h93a5062_0               conda-forge
2025-02-15T21:40:00.3918890Z   libxcb                         1.16                 hf2054a2_0               conda-forge
2025-02-15T21:40:00.3919210Z   libxml2                        2.12.7               ha661575_1               conda-forge
2025-02-15T21:40:00.3919510Z   libxslt                        1.1.39               h223e5b9_0               conda-forge
2025-02-15T21:40:00.3919780Z   libzlib                        1.3.1                hfb2fe0b_1               conda-forge
2025-02-15T21:40:00.3920050Z   llvm-openmp                    18.1.7               hde57baf_0               conda-forge
2025-02-15T21:40:00.3920670Z   llvmlite                       0.42.0               py312h17030e7_1          conda-forge
2025-02-15T21:40:00.3920970Z   lxml                           5.2.2                py312h0e5ab22_0          conda-forge
2025-02-15T21:40:00.3921220Z   lz4-c                          1.9.4                hb7217d7_0               conda-forge
2025-02-15T21:40:00.3921480Z   markupsafe                     2.1.5                py312he37b823_0          conda-forge
2025-02-15T21:40:00.3921900Z   matplotlib-base                3.8.4                py312h4479663_2          conda-forge
2025-02-15T21:40:00.3922210Z   matplotlib-inline              0.1.7                pyhd8ed1ab_0             conda-forge
2025-02-15T21:40:00.3922500Z   mistune                        3.0.2                pyhd8ed1ab_0             conda-forge
2025-02-15T21:40:00.3922760Z   mpc                            1.3.1                h91ba8db_0               conda-forge
2025-02-15T21:40:00.3923000Z   mpfr                           4.2.1                h41d338b_1               conda-forge
2025-02-15T21:40:00.3923290Z   mpmath                         1.3.0                pyhd8ed1ab_0             conda-forge
2025-02-15T21:40:00.3923560Z   munkres                        1.1.4                pyh9f0ad1d_0             conda-forge
2025-02-15T21:40:00.3923850Z   mypy_extensions                1.0.0                pyha770c72_0             conda-forge
2025-02-15T21:40:00.3924140Z   nbclassic                      1.1.0                pyhd8ed1ab_0             conda-forge
2025-02-15T21:40:00.3924440Z   nbclient                       0.10.0               pyhd8ed1ab_0             conda-forge
2025-02-15T21:40:00.3924710Z   nbconvert                      7.16.4               hd8ed1ab_1               conda-forge
2025-02-15T21:40:00.3924990Z   nbconvert-core                 7.16.4               pyhd8ed1ab_1             conda-forge
2025-02-15T21:40:00.3925300Z   nbconvert-pandoc               7.16.4               hd8ed1ab_1               conda-forge
2025-02-15T21:40:00.3925590Z   nbformat                       5.10.4               pyhd8ed1ab_0             conda-forge
2025-02-15T21:40:00.3925860Z   nbsphinx                       0.9.4                pyhd8ed1ab_0             conda-forge
2025-02-15T21:40:00.3926120Z   ncurses                        6.5                  hb89a1cb_0               conda-forge
2025-02-15T21:40:00.3926390Z   nest-asyncio                   1.6.0                pyhd8ed1ab_0             conda-forge
2025-02-15T21:40:00.3926680Z   networkx                       3.3                  pyhd8ed1ab_1             conda-forge
2025-02-15T21:40:00.3926970Z   notebook                       7.2.1                pyhd8ed1ab_0             conda-forge
2025-02-15T21:40:00.3927260Z   notebook-shim                  0.2.4                pyhd8ed1ab_0             conda-forge
2025-02-15T21:40:00.3927580Z   numba                          0.59.1               py312hbaff935_0          conda-forge
2025-02-15T21:40:00.3927870Z   numexpr                        2.10.0               py312h8ae5369_0          conda-forge
2025-02-15T21:40:00.3928140Z   numpy                          1.26.4               py312h8442bc7_0          conda-forge
2025-02-15T21:40:00.3928440Z   numpydoc                       1.7.0                pyhd8ed1ab_1             conda-forge
2025-02-15T21:40:00.3928700Z   openjpeg                       2.5.2                h9f1df11_0               conda-forge
2025-02-15T21:40:00.3928960Z   openssl                        3.3.1                hfb2fe0b_0               conda-forge
2025-02-15T21:40:00.3929230Z   overrides                      7.7.0                pyhd8ed1ab_0             conda-forge
2025-02-15T21:40:00.3929510Z   packaging                      24.1                 pyhd8ed1ab_0             conda-forge
2025-02-15T21:40:00.3929770Z   pandas                         2.2.2                py312h8ae5369_1          conda-forge
2025-02-15T21:40:00.3930020Z   pandoc                         3.2                  hce30654_0               conda-forge
2025-02-15T21:40:00.3930340Z   pandocfilters                  1.5.0                pyhd8ed1ab_0             conda-forge
2025-02-15T21:40:00.3930840Z   pango                          1.54.0               h5cb9fbc_0               conda-forge
2025-02-15T21:40:00.3931110Z   parso                          0.8.4                pyhd8ed1ab_0             conda-forge
2025-02-15T21:40:00.3931390Z   pathspec                       0.12.1               pyhd8ed1ab_0             conda-forge
2025-02-15T21:40:00.3931760Z   pbr                            6.0.0                pyhd8ed1ab_0             conda-forge
2025-02-15T21:40:00.3932010Z   pcre2                          10.44                h297a79d_0               conda-forge
2025-02-15T21:40:00.3932280Z   pexpect                        4.9.0                pyhd8ed1ab_0             conda-forge
2025-02-15T21:40:00.3932550Z   pickleshare                    0.7.5                py_1003                  conda-forge
2025-02-15T21:40:00.3932830Z   pillow                         10.3.0               py312h39b1d8d_1          conda-forge
2025-02-15T21:40:00.3933090Z   pip                            24.0                 pyhd8ed1ab_0             conda-forge
2025-02-15T21:40:00.3933340Z   pixman                         0.43.4               hebf3989_0               conda-forge
2025-02-15T21:40:00.3933630Z   pkgutil-resolve-name           1.3.10               pyhd8ed1ab_1             conda-forge
2025-02-15T21:40:00.3933940Z   platformdirs                   4.2.2                pyhd8ed1ab_0             conda-forge
2025-02-15T21:40:00.3934220Z   plotly                         5.22.0               pyhd8ed1ab_0             conda-forge
2025-02-15T21:40:00.3934480Z   pluggy                         1.5.0                pyhd8ed1ab_0             conda-forge
2025-02-15T21:40:00.3934760Z   prometheus_client              0.20.0               pyhd8ed1ab_0             conda-forge
2025-02-15T21:40:00.3935070Z   prompt-toolkit                 3.0.47               pyha770c72_0             conda-forge
2025-02-15T21:40:00.3935350Z   psutil                         5.9.8                py312he37b823_0          conda-forge
2025-02-15T21:40:00.3935630Z   pthread-stubs                  0.4                  h27ca646_1001            conda-forge
2025-02-15T21:40:00.3935920Z   ptyprocess                     0.7.0                pyhd3deb0d_0             conda-forge
2025-02-15T21:40:00.3936190Z   pure_eval                      0.2.2                pyhd8ed1ab_0             conda-forge
2025-02-15T21:40:00.3936460Z   py-cpuinfo                     9.0.0                pyhd8ed1ab_0             conda-forge
2025-02-15T21:40:00.3936730Z   pybtex                         0.24.0               pyhd8ed1ab_2             conda-forge
2025-02-15T21:40:00.3937010Z   pybtex-docutils                1.0.3                py312h81bd7bf_1          conda-forge
2025-02-15T21:40:00.3937300Z   pycparser                      2.22                 pyhd8ed1ab_0             conda-forge
2025-02-15T21:40:00.3937570Z   pyerfa                         2.0.1.4              py312hbebd99a_1          conda-forge
2025-02-15T21:40:00.3937840Z   pygments                       2.18.0               pyhd8ed1ab_0             conda-forge
2025-02-15T21:40:00.3938120Z   pygraphviz                     1.13                 py312h5f4d302_1          conda-forge
2025-02-15T21:40:00.3938420Z   pyobjc-core                    10.3.1               py312hbb55c70_0          conda-forge
2025-02-15T21:40:00.3938740Z   pyobjc-framework-cocoa         10.3.1               py312hbb55c70_0          conda-forge
2025-02-15T21:40:00.3939050Z   pyparsing                      3.1.2                pyhd8ed1ab_0             conda-forge
2025-02-15T21:40:00.3939330Z   pysocks                        1.7.1                pyha2e5f31_6             conda-forge
2025-02-15T21:40:00.3939600Z   pytables                       3.9.2                py312hb622ae1_2          conda-forge
2025-02-15T21:40:00.3939870Z   pytest                         8.2.2                pyhd8ed1ab_0             conda-forge
2025-02-15T21:40:00.3940140Z   pytest-cov                     5.0.0                pyhd8ed1ab_0             conda-forge
2025-02-15T21:40:00.3940530Z   pytest-doctestplus             1.2.1                pyhd8ed1ab_0             conda-forge
2025-02-15T21:40:00.3940830Z   pytest-html                    4.1.1                pyhd8ed1ab_0             conda-forge
2025-02-15T21:40:00.3941130Z   pytest-metadata                3.1.1                pyhd8ed1ab_0             conda-forge
2025-02-15T21:40:00.3941520Z   python                         3.12.4               h30c5eda_0_cpython       conda-forge
2025-02-15T21:40:00.3941810Z   python-dateutil                2.9.0                pyhd8ed1ab_0             conda-forge
2025-02-15T21:40:00.3942140Z   python-fastjsonschema          2.20.0               pyhd8ed1ab_0             conda-forge
2025-02-15T21:40:00.3942460Z   python-json-logger             2.0.7                pyhd8ed1ab_0             conda-forge
2025-02-15T21:40:00.3942760Z   python-tzdata                  2024.1               pyhd8ed1ab_0             conda-forge
2025-02-15T21:40:00.3943050Z   python_abi                     3.12                 4_cp312                  conda-forge
2025-02-15T21:40:00.3943320Z   pytz                           2024.1               pyhd8ed1ab_0             conda-forge
2025-02-15T21:40:00.3943580Z   pyyaml                         6.0.1                py312h02f2b3b_1          conda-forge
2025-02-15T21:40:00.3943830Z   pyzmq                          26.0.3               py312hfa13136_0          conda-forge
2025-02-15T21:40:00.3944100Z   qgrid                          1.3.1                pyhd8ed1ab_4             conda-forge
2025-02-15T21:40:00.3944380Z   radioactivedecay               0.5.1                pyhd8ed1ab_0             conda-forge
2025-02-15T21:40:00.3944660Z   readline                       8.2                  h92ec313_1               conda-forge
2025-02-15T21:40:00.3944940Z   recommonmark                   0.7.1                pyhd8ed1ab_0             conda-forge
2025-02-15T21:40:00.3945220Z   referencing                    0.35.1               pyhd8ed1ab_0             conda-forge
2025-02-15T21:40:00.3945510Z   requests                       2.32.3               pyhd8ed1ab_0             conda-forge
2025-02-15T21:40:00.3945810Z   rfc3339-validator              0.1.4                pyhd8ed1ab_0             conda-forge
2025-02-15T21:40:00.3946110Z   rfc3986-validator              0.1.1                pyh9f0ad1d_0             conda-forge
2025-02-15T21:40:00.3946400Z   rpds-py                        0.18.1               py312h552d48e_0          conda-forge
2025-02-15T21:40:00.3946660Z   ruff                           0.4.9                py312h3402d49_0          conda-forge
2025-02-15T21:40:00.3946910Z   scipy                          1.13.1               py312h14ffa8f_0          conda-forge
2025-02-15T21:40:00.3947170Z   send2trash                     1.8.3                pyh31c8845_0             conda-forge
2025-02-15T21:40:00.3947450Z   setuptools                     70.0.0               pyhd8ed1ab_0             conda-forge
2025-02-15T21:40:00.3947750Z   setuptools-scm                 8.1.0                pyhd8ed1ab_0             conda-forge
2025-02-15T21:40:00.3948040Z   setuptools_scm                 8.1.0                hd8ed1ab_0               conda-forge
2025-02-15T21:40:00.3948300Z   six                            1.16.0               pyh6c4a22f_0             conda-forge
2025-02-15T21:40:00.3948560Z   snakeviz                       2.2.0                pyhd8ed1ab_0             conda-forge
2025-02-15T21:40:00.3948820Z   snappy                         1.2.0                hd04f947_1               conda-forge
2025-02-15T21:40:00.3949080Z   sniffio                        1.3.1                pyhd8ed1ab_0             conda-forge
2025-02-15T21:40:00.3949360Z   snowballstemmer                2.2.0                pyhd8ed1ab_0             conda-forge
2025-02-15T21:40:00.3949650Z   soupsieve                      2.5                  pyhd8ed1ab_1             conda-forge
2025-02-15T21:40:00.3949910Z   sphinx                         7.3.7                pyhd8ed1ab_0             conda-forge
2025-02-15T21:40:00.3950280Z   sphinx-astropy                 1.9.1                pyhd8ed1ab_0             conda-forge
2025-02-15T21:40:00.3950590Z   sphinx-automodapi              0.17.0               pyh717bed2_1             conda-forge
2025-02-15T21:40:00.3950900Z   sphinx-gallery                 0.16.0               pyhd8ed1ab_0             conda-forge
2025-02-15T21:40:00.3951290Z   sphinx-jsonschema              1.19.1               pyhd8ed1ab_0             conda-forge
2025-02-15T21:40:00.3951620Z   sphinx_bootstrap_theme         0.8.1                pyhd8ed1ab_0             conda-forge
2025-02-15T21:40:00.3951930Z   sphinx_rtd_theme               2.0.0                pyha770c72_0             conda-forge
2025-02-15T21:40:00.3952230Z   sphinxcontrib-apidoc           0.3.0                py_1                     conda-forge
2025-02-15T21:40:00.3952560Z   sphinxcontrib-applehelp        1.0.8                pyhd8ed1ab_0             conda-forge
2025-02-15T21:40:00.3952900Z   sphinxcontrib-bibtex           2.6.2                pyhd8ed1ab_0             conda-forge
2025-02-15T21:40:00.3953230Z   sphinxcontrib-devhelp          1.0.6                pyhd8ed1ab_0             conda-forge
2025-02-15T21:40:00.3953560Z   sphinxcontrib-htmlhelp         2.0.5                pyhd8ed1ab_0             conda-forge
2025-02-15T21:40:00.3953890Z   sphinxcontrib-jquery           4.1                  pyhd8ed1ab_0             conda-forge
2025-02-15T21:40:00.3954210Z   sphinxcontrib-jsmath           1.0.1                pyhd8ed1ab_0             conda-forge
2025-02-15T21:40:00.3954530Z   sphinxcontrib-qthelp           1.0.7                pyhd8ed1ab_0             conda-forge
2025-02-15T21:40:00.3954880Z   sphinxcontrib-serializinghtml  1.1.10               pyhd8ed1ab_0             conda-forge
2025-02-15T21:40:00.3955210Z   stack_data                     0.6.2                pyhd8ed1ab_0             conda-forge
2025-02-15T21:40:00.3955480Z   sympy                          1.12.1               pypyh2585a3b_103         conda-forge
2025-02-15T21:40:00.3955750Z   tabulate                       0.9.0                pyhd8ed1ab_1             conda-forge
2025-02-15T21:40:00.3956020Z   tenacity                       8.4.1                pyhd8ed1ab_0             conda-forge
2025-02-15T21:40:00.3956290Z   terminado                      0.18.1               pyh31c8845_0             conda-forge
2025-02-15T21:40:00.3956560Z   tinycss2                       1.3.0                pyhd8ed1ab_0             conda-forge
2025-02-15T21:40:00.3956820Z   tk                             8.6.13               h5083fa2_1               conda-forge
2025-02-15T21:40:00.3957070Z   toml                           0.10.2               pyhd8ed1ab_0             conda-forge
2025-02-15T21:40:00.3957320Z   tomli                          2.0.1                pyhd8ed1ab_0             conda-forge
2025-02-15T21:40:00.3957580Z   tornado                        6.4.1                py312h7e5086c_0          conda-forge
2025-02-15T21:40:00.3957850Z   tqdm                           4.66.4               pyhd8ed1ab_0             conda-forge
2025-02-15T21:40:00.3958110Z   traitlets                      5.14.3               pyhd8ed1ab_0             conda-forge
2025-02-15T21:40:00.3958400Z   typed-ast                      1.5.5                py312h02f2b3b_1          conda-forge
2025-02-15T21:40:00.3958770Z   types-python-dateutil          2.9.0.20240316       pyhd8ed1ab_0             conda-forge
2025-02-15T21:40:00.3959100Z   typing-extensions              4.12.2               hd8ed1ab_0               conda-forge
2025-02-15T21:40:00.3959410Z   typing_extensions              4.12.2               pyha770c72_0             conda-forge
2025-02-15T21:40:00.3959700Z   typing_utils                   0.1.0                pyhd8ed1ab_0             conda-forge
2025-02-15T21:40:00.3959970Z   tzdata                         2024a                h0c530f3_0               conda-forge
2025-02-15T21:40:00.3960250Z   uri-template                   1.3.0                pyhd8ed1ab_0             conda-forge
2025-02-15T21:40:00.3960620Z   urllib3                        2.2.2                pyhd8ed1ab_0             conda-forge
2025-02-15T21:40:00.3960890Z   wcwidth                        0.2.13               pyhd8ed1ab_0             conda-forge
2025-02-15T21:40:00.3961150Z   webcolors                      24.6.0               pyhd8ed1ab_0             conda-forge
2025-02-15T21:40:00.3961520Z   webencodings                   0.5.1                pyhd8ed1ab_2             conda-forge
2025-02-15T21:40:00.3961820Z   websocket-client               1.8.0                pyhd8ed1ab_0             conda-forge
2025-02-15T21:40:00.3962100Z   wheel                          0.43.0               pyhd8ed1ab_1             conda-forge
2025-02-15T21:40:00.3962390Z   widgetsnbextension             3.6.6                pyhd8ed1ab_0             conda-forge
2025-02-15T21:40:00.3962680Z   xorg-libxau                    1.0.11               hb547adb_0               conda-forge
2025-02-15T21:40:00.3962970Z   xorg-libxdmcp                  1.1.3                h27ca646_0               conda-forge
2025-02-15T21:40:00.3963230Z   xz                             5.2.6                h57fd34a_0               conda-forge
2025-02-15T21:40:00.3963470Z   yaml                           0.2.5                h3422bc3_2               conda-forge
2025-02-15T21:40:00.3963720Z   zeromq                         4.3.5                hcc0f68c_4               conda-forge
2025-02-15T21:40:00.3963980Z   zipp                           3.19.2               pyhd8ed1ab_0             conda-forge
2025-02-15T21:40:00.3964230Z   zlib                           1.3.1                hfb2fe0b_1               conda-forge
2025-02-15T21:40:00.3964480Z   zlib-ng                        2.0.7                h1a8c8d9_0               conda-forge
2025-02-15T21:40:00.3964780Z   zstd                           1.5.6                hb46c0d2_0               conda-forge
2025-02-15T21:40:00.3965190Z ##[endgroup]
2025-02-15T21:40:00.4012080Z ##[group]Run pip install -e . --user
2025-02-15T21:40:00.4012330Z [36;1mpip install -e . --user[0m
2025-02-15T21:40:00.4451550Z shell: /bin/bash -l {0}
2025-02-15T21:40:00.4451750Z env:
2025-02-15T21:40:00.4451890Z   CACHE_NUMBER: 0
2025-02-15T21:40:00.4452420Z   PYTEST_FLAGS: --tardis-regression-data=/Users/runner/work/tardis/tardis/tardis-regression-data --cov=tardis --cov-report=xml --cov-report=html --cov-append
2025-02-15T21:40:00.4452960Z   CODECOV_TOKEN: 
2025-02-15T21:40:00.4453140Z   MAMBA_ROOT_PREFIX: /Users/runner/micromamba
2025-02-15T21:40:00.4453400Z   MAMBA_EXE: /Users/runner/micromamba-bin/micromamba
2025-02-15T21:40:00.4453700Z   CONDARC: /Users/runner/work/_temp/setup-micromamba/.condarc
2025-02-15T21:40:00.4453960Z ##[endgroup]
2025-02-15T21:40:01.2929910Z Obtaining file:///Users/runner/work/tardis/tardis
2025-02-15T21:40:01.2952010Z   Installing build dependencies: started
2025-02-15T21:40:03.5879250Z   Installing build dependencies: finished with status 'done'
2025-02-15T21:40:03.5887270Z   Checking if build backend supports build_editable: started
2025-02-15T21:40:03.6762740Z   Checking if build backend supports build_editable: finished with status 'done'
2025-02-15T21:40:03.6772570Z   Getting requirements to build editable: started
2025-02-15T21:40:04.0440690Z   Getting requirements to build editable: finished with status 'done'
2025-02-15T21:40:04.0450630Z   Preparing editable metadata (pyproject.toml): started
2025-02-15T21:40:04.3756290Z   Preparing editable metadata (pyproject.toml): finished with status 'done'
2025-02-15T21:40:04.4144390Z Requirement already satisfied: astropy in /Users/runner/micromamba/envs/tardis/lib/python3.12/site-packages (from tardis==0.0.0) (6.1.1)
2025-02-15T21:40:04.4378960Z Requirement already satisfied: numpy>=1.23 in /Users/runner/micromamba/envs/tardis/lib/python3.12/site-packages (from astropy->tardis==0.0.0) (1.26.4)
2025-02-15T21:40:04.4384780Z Requirement already satisfied: pyerfa>=2.0.1.1 in /Users/runner/micromamba/envs/tardis/lib/python3.12/site-packages (from astropy->tardis==0.0.0) (2.0.1.4)
2025-02-15T21:40:04.4390910Z Requirement already satisfied: astropy-iers-data>=0.2024.5.27.0.30.8 in /Users/runner/micromamba/envs/tardis/lib/python3.12/site-packages (from astropy->tardis==0.0.0) (0.2024.6.17.0.31.35)
2025-02-15T21:40:04.4395540Z Requirement already satisfied: PyYAML>=3.13 in /Users/runner/micromamba/envs/tardis/lib/python3.12/site-packages (from astropy->tardis==0.0.0) (6.0.1)
2025-02-15T21:40:04.4400960Z Requirement already satisfied: packaging>=19.0 in /Users/runner/micromamba/envs/tardis/lib/python3.12/site-packages (from astropy->tardis==0.0.0) (24.1)
2025-02-15T21:40:04.4455340Z Building wheels for collected packages: tardis
2025-02-15T21:40:04.4461700Z   Building editable for tardis (pyproject.toml): started
2025-02-15T21:40:05.0243400Z   Building editable for tardis (pyproject.toml): finished with status 'done'
2025-02-15T21:40:05.0249960Z   Created wheel for tardis: filename=tardis-0.0.0-0.editable-py3-none-any.whl size=8877 sha256=4bce77191e0aa73253e2d20782153b15302de433c15286c1e443ddff9dc0747e
2025-02-15T21:40:05.0251040Z   Stored in directory: /private/var/folders/2s/h6hvv9ps03xgz_krkkstvq_r0000gn/T/pip-ephem-wheel-cache-bd3oixu9/wheels/bb/4f/6a/0829b918c1c10bc28535ce7f14be21eee54375bdd9cd0c306a
2025-02-15T21:40:05.0271790Z Successfully built tardis
2025-02-15T21:40:05.5353900Z Installing collected packages: tardis
2025-02-15T21:40:05.5438740Z Successfully installed tardis-0.0.0
2025-02-15T21:40:05.7829940Z ##[group]Run pip install qgridnext
2025-02-15T21:40:05.7830180Z [36;1mpip install qgridnext[0m
2025-02-15T21:40:05.7894340Z shell: /bin/bash -l {0}
2025-02-15T21:40:05.7894540Z env:
2025-02-15T21:40:05.7894680Z   CACHE_NUMBER: 0
2025-02-15T21:40:05.7895190Z   PYTEST_FLAGS: --tardis-regression-data=/Users/runner/work/tardis/tardis/tardis-regression-data --cov=tardis --cov-report=xml --cov-report=html --cov-append
2025-02-15T21:40:05.7895710Z   CODECOV_TOKEN: 
2025-02-15T21:40:05.7895890Z   MAMBA_ROOT_PREFIX: /Users/runner/micromamba
2025-02-15T21:40:05.7896160Z   MAMBA_EXE: /Users/runner/micromamba-bin/micromamba
2025-02-15T21:40:05.7896460Z   CONDARC: /Users/runner/work/_temp/setup-micromamba/.condarc
2025-02-15T21:40:05.7896720Z ##[endgroup]
2025-02-15T21:40:06.3965960Z Collecting qgridnext
2025-02-15T21:40:06.4295090Z   Downloading qgridnext-2.0.4-py3-none-any.whl.metadata (9.9 kB)
2025-02-15T21:40:06.4470540Z Requirement already satisfied: pandas>=0.20.0 in /Users/runner/micromamba/envs/tardis/lib/python3.12/site-packages (from qgridnext) (2.2.2)
2025-02-15T21:40:06.4475640Z Requirement already satisfied: ipywidgets>=7.0.0 in /Users/runner/micromamba/envs/tardis/lib/python3.12/site-packages (from qgridnext) (7.8.0)
2025-02-15T21:40:06.4481470Z Requirement already satisfied: numpy in /Users/runner/micromamba/envs/tardis/lib/python3.12/site-packages (from qgridnext) (1.26.4)
2025-02-15T21:40:06.4487520Z Requirement already satisfied: traitlets in /Users/runner/micromamba/envs/tardis/lib/python3.12/site-packages (from qgridnext) (5.14.3)
2025-02-15T21:40:06.4536010Z Requirement already satisfied: comm>=0.1.3 in /Users/runner/micromamba/envs/tardis/lib/python3.12/site-packages (from ipywidgets>=7.0.0->qgridnext) (0.2.2)
2025-02-15T21:40:06.4540730Z Requirement already satisfied: ipython-genutils~=0.2.0 in /Users/runner/micromamba/envs/tardis/lib/python3.12/site-packages (from ipywidgets>=7.0.0->qgridnext) (0.2.0)
2025-02-15T21:40:06.4548580Z Requirement already satisfied: widgetsnbextension~=3.6.5 in /Users/runner/micromamba/envs/tardis/lib/python3.12/site-packages (from ipywidgets>=7.0.0->qgridnext) (3.6.6)
2025-02-15T21:40:06.4556980Z Requirement already satisfied: ipython>=4.0.0 in /Users/runner/micromamba/envs/tardis/lib/python3.12/site-packages (from ipywidgets>=7.0.0->qgridnext) (8.25.0)
2025-02-15T21:40:06.4565170Z Requirement already satisfied: jupyterlab-widgets<3,>=1.0.0 in /Users/runner/micromamba/envs/tardis/lib/python3.12/site-packages (from ipywidgets>=7.0.0->qgridnext) (1.1.7)
2025-02-15T21:40:06.4826060Z Requirement already satisfied: python-dateutil>=2.8.2 in /Users/runner/micromamba/envs/tardis/lib/python3.12/site-packages (from pandas>=0.20.0->qgridnext) (2.9.0)
2025-02-15T21:40:06.4834380Z Requirement already satisfied: pytz>=2020.1 in /Users/runner/micromamba/envs/tardis/lib/python3.12/site-packages (from pandas>=0.20.0->qgridnext) (2024.1)
2025-02-15T21:40:06.4838610Z Requirement already satisfied: tzdata>=2022.7 in /Users/runner/micromamba/envs/tardis/lib/python3.12/site-packages (from pandas>=0.20.0->qgridnext) (2024.1)
2025-02-15T21:40:06.5027160Z Requirement already satisfied: decorator in /Users/runner/micromamba/envs/tardis/lib/python3.12/site-packages (from ipython>=4.0.0->ipywidgets>=7.0.0->qgridnext) (5.1.1)
2025-02-15T21:40:06.5037510Z Requirement already satisfied: jedi>=0.16 in /Users/runner/micromamba/envs/tardis/lib/python3.12/site-packages (from ipython>=4.0.0->ipywidgets>=7.0.0->qgridnext) (0.19.1)
2025-02-15T21:40:06.5042480Z Requirement already satisfied: matplotlib-inline in /Users/runner/micromamba/envs/tardis/lib/python3.12/site-packages (from ipython>=4.0.0->ipywidgets>=7.0.0->qgridnext) (0.1.7)
2025-02-15T21:40:06.5047860Z Requirement already satisfied: prompt-toolkit<3.1.0,>=3.0.41 in /Users/runner/micromamba/envs/tardis/lib/python3.12/site-packages (from ipython>=4.0.0->ipywidgets>=7.0.0->qgridnext) (3.0.47)
2025-02-15T21:40:06.5053370Z Requirement already satisfied: pygments>=2.4.0 in /Users/runner/micromamba/envs/tardis/lib/python3.12/site-packages (from ipython>=4.0.0->ipywidgets>=7.0.0->qgridnext) (2.18.0)
2025-02-15T21:40:06.5058410Z Requirement already satisfied: stack-data in /Users/runner/micromamba/envs/tardis/lib/python3.12/site-packages (from ipython>=4.0.0->ipywidgets>=7.0.0->qgridnext) (0.6.2)
2025-02-15T21:40:06.5069080Z Requirement already satisfied: pexpect>4.3 in /Users/runner/micromamba/envs/tardis/lib/python3.12/site-packages (from ipython>=4.0.0->ipywidgets>=7.0.0->qgridnext) (4.9.0)
2025-02-15T21:40:06.5094320Z Requirement already satisfied: six>=1.5 in /Users/runner/micromamba/envs/tardis/lib/python3.12/site-packages (from python-dateutil>=2.8.2->pandas>=0.20.0->qgridnext) (1.16.0)
2025-02-15T21:40:06.5127030Z Requirement already satisfied: notebook>=4.4.1 in /Users/runner/micromamba/envs/tardis/lib/python3.12/site-packages (from widgetsnbextension~=3.6.5->ipywidgets>=7.0.0->qgridnext) (7.2.1)
2025-02-15T21:40:06.5241280Z Requirement already satisfied: parso<0.9.0,>=0.8.3 in /Users/runner/micromamba/envs/tardis/lib/python3.12/site-packages (from jedi>=0.16->ipython>=4.0.0->ipywidgets>=7.0.0->qgridnext) (0.8.4)
2025-02-15T21:40:06.5326990Z Requirement already satisfied: jupyter-server<3,>=2.4.0 in /Users/runner/micromamba/envs/tardis/lib/python3.12/site-packages (from notebook>=4.4.1->widgetsnbextension~=3.6.5->ipywidgets>=7.0.0->qgridnext) (2.14.1)
2025-02-15T21:40:06.5334100Z Requirement already satisfied: jupyterlab-server<3,>=2.27.1 in /Users/runner/micromamba/envs/tardis/lib/python3.12/site-packages (from notebook>=4.4.1->widgetsnbextension~=3.6.5->ipywidgets>=7.0.0->qgridnext) (2.27.2)
2025-02-15T21:40:06.5343290Z Requirement already satisfied: jupyterlab<4.3,>=4.2.0 in /Users/runner/micromamba/envs/tardis/lib/python3.12/site-packages (from notebook>=4.4.1->widgetsnbextension~=3.6.5->ipywidgets>=7.0.0->qgridnext) (4.2.2)
2025-02-15T21:40:06.5349630Z Requirement already satisfied: notebook-shim<0.3,>=0.2 in /Users/runner/micromamba/envs/tardis/lib/python3.12/site-packages (from notebook>=4.4.1->widgetsnbextension~=3.6.5->ipywidgets>=7.0.0->qgridnext) (0.2.4)
2025-02-15T21:40:06.5354570Z Requirement already satisfied: tornado>=6.2.0 in /Users/runner/micromamba/envs/tardis/lib/python3.12/site-packages (from notebook>=4.4.1->widgetsnbextension~=3.6.5->ipywidgets>=7.0.0->qgridnext) (6.4.1)
2025-02-15T21:40:06.5372840Z Requirement already satisfied: ptyprocess>=0.5 in /Users/runner/micromamba/envs/tardis/lib/python3.12/site-packages (from pexpect>4.3->ipython>=4.0.0->ipywidgets>=7.0.0->qgridnext) (0.7.0)
2025-02-15T21:40:06.5389620Z Requirement already satisfied: wcwidth in /Users/runner/micromamba/envs/tardis/lib/python3.12/site-packages (from prompt-toolkit<3.1.0,>=3.0.41->ipython>=4.0.0->ipywidgets>=7.0.0->qgridnext) (0.2.13)
2025-02-15T21:40:06.5472890Z Requirement already satisfied: executing>=1.2.0 in /Users/runner/micromamba/envs/tardis/lib/python3.12/site-packages (from stack-data->ipython>=4.0.0->ipywidgets>=7.0.0->qgridnext) (2.0.1)
2025-02-15T21:40:06.5478060Z Requirement already satisfied: asttokens>=2.1.0 in /Users/runner/micromamba/envs/tardis/lib/python3.12/site-packages (from stack-data->ipython>=4.0.0->ipywidgets>=7.0.0->qgridnext) (2.4.1)
2025-02-15T21:40:06.5482620Z Requirement already satisfied: pure-eval in /Users/runner/micromamba/envs/tardis/lib/python3.12/site-packages (from stack-data->ipython>=4.0.0->ipywidgets>=7.0.0->qgridnext) (0.2.2)
2025-02-15T21:40:06.5749800Z Requirement already satisfied: anyio>=3.1.0 in /Users/runner/micromamba/envs/tardis/lib/python3.12/site-packages (from jupyter-server<3,>=2.4.0->notebook>=4.4.1->widgetsnbextension~=3.6.5->ipywidgets>=7.0.0->qgridnext) (4.4.0)
2025-02-15T21:40:06.5851870Z Requirement already satisfied: argon2-cffi>=21.1 in /Users/runner/micromamba/envs/tardis/lib/python3.12/site-packages (from jupyter-server<3,>=2.4.0->notebook>=4.4.1->widgetsnbextension~=3.6.5->ipywidgets>=7.0.0->qgridnext) (23.1.0)
2025-02-15T21:40:06.5952850Z Requirement already satisfied: jinja2>=3.0.3 in /Users/runner/micromamba/envs/tardis/lib/python3.12/site-packages (from jupyter-server<3,>=2.4.0->notebook>=4.4.1->widgetsnbextension~=3.6.5->ipywidgets>=7.0.0->qgridnext) (3.1.4)
2025-02-15T21:40:06.6052750Z Requirement already satisfied: jupyter-client>=7.4.4 in /Users/runner/micromamba/envs/tardis/lib/python3.12/site-packages (from jupyter-server<3,>=2.4.0->notebook>=4.4.1->widgetsnbextension~=3.6.5->ipywidgets>=7.0.0->qgridnext) (8.6.2)
2025-02-15T21:40:06.6154140Z Requirement already satisfied: jupyter-core!=5.0.*,>=4.12 in /Users/runner/micromamba/envs/tardis/lib/python3.12/site-packages (from jupyter-server<3,>=2.4.0->notebook>=4.4.1->widgetsnbextension~=3.6.5->ipywidgets>=7.0.0->qgridnext) (5.7.2)
2025-02-15T21:40:06.6255090Z Requirement already satisfied: jupyter-events>=0.9.0 in /Users/runner/micromamba/envs/tardis/lib/python3.12/site-packages (from jupyter-server<3,>=2.4.0->notebook>=4.4.1->widgetsnbextension~=3.6.5->ipywidgets>=7.0.0->qgridnext) (0.10.0)
2025-02-15T21:40:06.6355660Z Requirement already satisfied: jupyter-server-terminals>=0.4.4 in /Users/runner/micromamba/envs/tardis/lib/python3.12/site-packages (from jupyter-server<3,>=2.4.0->notebook>=4.4.1->widgetsnbextension~=3.6.5->ipywidgets>=7.0.0->qgridnext) (0.5.3)
2025-02-15T21:40:06.6456710Z Requirement already satisfied: nbconvert>=6.4.4 in /Users/runner/micromamba/envs/tardis/lib/python3.12/site-packages (from jupyter-server<3,>=2.4.0->notebook>=4.4.1->widgetsnbextension~=3.6.5->ipywidgets>=7.0.0->qgridnext) (7.16.4)
2025-02-15T21:40:06.6557510Z Requirement already satisfied: nbformat>=5.3.0 in /Users/runner/micromamba/envs/tardis/lib/python3.12/site-packages (from jupyter-server<3,>=2.4.0->notebook>=4.4.1->widgetsnbextension~=3.6.5->ipywidgets>=7.0.0->qgridnext) (5.10.4)
2025-02-15T21:40:06.6658120Z Requirement already satisfied: overrides>=5.0 in /Users/runner/micromamba/envs/tardis/lib/python3.12/site-packages (from jupyter-server<3,>=2.4.0->notebook>=4.4.1->widgetsnbextension~=3.6.5->ipywidgets>=7.0.0->qgridnext) (7.7.0)
2025-02-15T21:40:06.6759040Z Requirement already satisfied: packaging>=22.0 in /Users/runner/micromamba/envs/tardis/lib/python3.12/site-packages (from jupyter-server<3,>=2.4.0->notebook>=4.4.1->widgetsnbextension~=3.6.5->ipywidgets>=7.0.0->qgridnext) (24.1)
2025-02-15T21:40:06.6859770Z Requirement already satisfied: prometheus-client>=0.9 in /Users/runner/micromamba/envs/tardis/lib/python3.12/site-packages (from jupyter-server<3,>=2.4.0->notebook>=4.4.1->widgetsnbextension~=3.6.5->ipywidgets>=7.0.0->qgridnext) (0.20.0)
2025-02-15T21:40:06.6960660Z Requirement already satisfied: pyzmq>=24 in /Users/runner/micromamba/envs/tardis/lib/python3.12/site-packages (from jupyter-server<3,>=2.4.0->notebook>=4.4.1->widgetsnbextension~=3.6.5->ipywidgets>=7.0.0->qgridnext) (26.0.3)
2025-02-15T21:40:06.7061380Z Requirement already satisfied: send2trash>=1.8.2 in /Users/runner/micromamba/envs/tardis/lib/python3.12/site-packages (from jupyter-server<3,>=2.4.0->notebook>=4.4.1->widgetsnbextension~=3.6.5->ipywidgets>=7.0.0->qgridnext) (1.8.3)
2025-02-15T21:40:06.7162180Z Requirement already satisfied: terminado>=0.8.3 in /Users/runner/micromamba/envs/tardis/lib/python3.12/site-packages (from jupyter-server<3,>=2.4.0->notebook>=4.4.1->widgetsnbextension~=3.6.5->ipywidgets>=7.0.0->qgridnext) (0.18.1)
2025-02-15T21:40:06.7263950Z Requirement already satisfied: websocket-client>=1.7 in /Users/runner/micromamba/envs/tardis/lib/python3.12/site-packages (from jupyter-server<3,>=2.4.0->notebook>=4.4.1->widgetsnbextension~=3.6.5->ipywidgets>=7.0.0->qgridnext) (1.8.0)
2025-02-15T21:40:06.7363860Z Requirement already satisfied: async-lru>=1.0.0 in /Users/runner/micromamba/envs/tardis/lib/python3.12/site-packages (from jupyterlab<4.3,>=4.2.0->notebook>=4.4.1->widgetsnbextension~=3.6.5->ipywidgets>=7.0.0->qgridnext) (2.0.4)
2025-02-15T21:40:06.7464190Z Requirement already satisfied: httpx>=0.25.0 in /Users/runner/micromamba/envs/tardis/lib/python3.12/site-packages (from jupyterlab<4.3,>=4.2.0->notebook>=4.4.1->widgetsnbextension~=3.6.5->ipywidgets>=7.0.0->qgridnext) (0.27.0)
2025-02-15T21:40:06.7566310Z Requirement already satisfied: ipykernel>=6.5.0 in /Users/runner/micromamba/envs/tardis/lib/python3.12/site-packages (from jupyterlab<4.3,>=4.2.0->notebook>=4.4.1->widgetsnbextension~=3.6.5->ipywidgets>=7.0.0->qgridnext) (6.29.4)
2025-02-15T21:40:06.7666350Z Requirement already satisfied: jupyter-lsp>=2.0.0 in /Users/runner/micromamba/envs/tardis/lib/python3.12/site-packages (from jupyterlab<4.3,>=4.2.0->notebook>=4.4.1->widgetsnbextension~=3.6.5->ipywidgets>=7.0.0->qgridnext) (2.2.5)
2025-02-15T21:40:06.7768520Z Requirement already satisfied: setuptools>=40.1.0 in /Users/runner/micromamba/envs/tardis/lib/python3.12/site-packages (from jupyterlab<4.3,>=4.2.0->notebook>=4.4.1->widgetsnbextension~=3.6.5->ipywidgets>=7.0.0->qgridnext) (70.0.0)
2025-02-15T21:40:06.7871080Z Requirement already satisfied: babel>=2.10 in /Users/runner/micromamba/envs/tardis/lib/python3.12/site-packages (from jupyterlab-server<3,>=2.27.1->notebook>=4.4.1->widgetsnbextension~=3.6.5->ipywidgets>=7.0.0->qgridnext) (2.14.0)
2025-02-15T21:40:06.7973130Z Requirement already satisfied: json5>=0.9.0 in /Users/runner/micromamba/envs/tardis/lib/python3.12/site-packages (from jupyterlab-server<3,>=2.27.1->notebook>=4.4.1->widgetsnbextension~=3.6.5->ipywidgets>=7.0.0->qgridnext) (0.9.25)
2025-02-15T21:40:06.8073640Z Requirement already satisfied: jsonschema>=4.18.0 in /Users/runner/micromamba/envs/tardis/lib/python3.12/site-packages (from jupyterlab-server<3,>=2.27.1->notebook>=4.4.1->widgetsnbextension~=3.6.5->ipywidgets>=7.0.0->qgridnext) (4.22.0)
2025-02-15T21:40:06.8175270Z Requirement already satisfied: requests>=2.31 in /Users/runner/micromamba/envs/tardis/lib/python3.12/site-packages (from jupyterlab-server<3,>=2.27.1->notebook>=4.4.1->widgetsnbextension~=3.6.5->ipywidgets>=7.0.0->qgridnext) (2.32.3)
2025-02-15T21:40:06.8275850Z Requirement already satisfied: idna>=2.8 in /Users/runner/micromamba/envs/tardis/lib/python3.12/site-packages (from anyio>=3.1.0->jupyter-server<3,>=2.4.0->notebook>=4.4.1->widgetsnbextension~=3.6.5->ipywidgets>=7.0.0->qgridnext) (3.7)
2025-02-15T21:40:06.8377790Z Requirement already satisfied: sniffio>=1.1 in /Users/runner/micromamba/envs/tardis/lib/python3.12/site-packages (from anyio>=3.1.0->jupyter-server<3,>=2.4.0->notebook>=4.4.1->widgetsnbextension~=3.6.5->ipywidgets>=7.0.0->qgridnext) (1.3.1)
2025-02-15T21:40:06.8479880Z Requirement already satisfied: argon2-cffi-bindings in /Users/runner/micromamba/envs/tardis/lib/python3.12/site-packages (from argon2-cffi>=21.1->jupyter-server<3,>=2.4.0->notebook>=4.4.1->widgetsnbextension~=3.6.5->ipywidgets>=7.0.0->qgridnext) (21.2.0)
2025-02-15T21:40:06.8581880Z Requirement already satisfied: certifi in /Users/runner/micromamba/envs/tardis/lib/python3.12/site-packages (from httpx>=0.25.0->jupyterlab<4.3,>=4.2.0->notebook>=4.4.1->widgetsnbextension~=3.6.5->ipywidgets>=7.0.0->qgridnext) (2024.6.2)
2025-02-15T21:40:06.8684350Z Requirement already satisfied: httpcore==1.* in /Users/runner/micromamba/envs/tardis/lib/python3.12/site-packages (from httpx>=0.25.0->jupyterlab<4.3,>=4.2.0->notebook>=4.4.1->widgetsnbextension~=3.6.5->ipywidgets>=7.0.0->qgridnext) (1.0.5)
2025-02-15T21:40:06.8785080Z Requirement already satisfied: h11<0.15,>=0.13 in /Users/runner/micromamba/envs/tardis/lib/python3.12/site-packages (from httpcore==1.*->httpx>=0.25.0->jupyterlab<4.3,>=4.2.0->notebook>=4.4.1->widgetsnbextension~=3.6.5->ipywidgets>=7.0.0->qgridnext) (0.14.0)
2025-02-15T21:40:06.8885820Z Requirement already satisfied: appnope in /Users/runner/micromamba/envs/tardis/lib/python3.12/site-packages (from ipykernel>=6.5.0->jupyterlab<4.3,>=4.2.0->notebook>=4.4.1->widgetsnbextension~=3.6.5->ipywidgets>=7.0.0->qgridnext) (0.1.4)
2025-02-15T21:40:06.8986080Z Requirement already satisfied: debugpy>=1.6.5 in /Users/runner/micromamba/envs/tardis/lib/python3.12/site-packages (from ipykernel>=6.5.0->jupyterlab<4.3,>=4.2.0->notebook>=4.4.1->widgetsnbextension~=3.6.5->ipywidgets>=7.0.0->qgridnext) (1.8.1)
2025-02-15T21:40:06.9087530Z Requirement already satisfied: nest-asyncio in /Users/runner/micromamba/envs/tardis/lib/python3.12/site-packages (from ipykernel>=6.5.0->jupyterlab<4.3,>=4.2.0->notebook>=4.4.1->widgetsnbextension~=3.6.5->ipywidgets>=7.0.0->qgridnext) (1.6.0)
2025-02-15T21:40:06.9187610Z Requirement already satisfied: psutil in /Users/runner/micromamba/envs/tardis/lib/python3.12/site-packages (from ipykernel>=6.5.0->jupyterlab<4.3,>=4.2.0->notebook>=4.4.1->widgetsnbextension~=3.6.5->ipywidgets>=7.0.0->qgridnext) (5.9.8)
2025-02-15T21:40:06.9288240Z Requirement already satisfied: MarkupSafe>=2.0 in /Users/runner/micromamba/envs/tardis/lib/python3.12/site-packages (from jinja2>=3.0.3->jupyter-server<3,>=2.4.0->notebook>=4.4.1->widgetsnbextension~=3.6.5->ipywidgets>=7.0.0->qgridnext) (2.1.5)
2025-02-15T21:40:06.9390230Z Requirement already satisfied: attrs>=22.2.0 in /Users/runner/micromamba/envs/tardis/lib/python3.12/site-packages (from jsonschema>=4.18.0->jupyterlab-server<3,>=2.27.1->notebook>=4.4.1->widgetsnbextension~=3.6.5->ipywidgets>=7.0.0->qgridnext) (23.2.0)
2025-02-15T21:40:06.9427020Z Requirement already satisfied: jsonschema-specifications>=2023.03.6 in /Users/runner/micromamba/envs/tardis/lib/python3.12/site-packages (from jsonschema>=4.18.0->jupyterlab-server<3,>=2.27.1->notebook>=4.4.1->widgetsnbextension~=3.6.5->ipywidgets>=7.0.0->qgridnext) (2023.12.1)
2025-02-15T21:40:06.9440930Z Requirement already satisfied: referencing>=0.28.4 in /Users/runner/micromamba/envs/tardis/lib/python3.12/site-packages (from jsonschema>=4.18.0->jupyterlab-server<3,>=2.27.1->notebook>=4.4.1->widgetsnbextension~=3.6.5->ipywidgets>=7.0.0->qgridnext) (0.35.1)
2025-02-15T21:40:06.9442160Z Requirement already satisfied: rpds-py>=0.7.1 in /Users/runner/micromamba/envs/tardis/lib/python3.12/site-packages (from jsonschema>=4.18.0->jupyterlab-server<3,>=2.27.1->notebook>=4.4.1->widgetsnbextension~=3.6.5->ipywidgets>=7.0.0->qgridnext) (0.18.1)
2025-02-15T21:40:06.9443370Z Requirement already satisfied: platformdirs>=2.5 in /Users/runner/micromamba/envs/tardis/lib/python3.12/site-packages (from jupyter-core!=5.0.*,>=4.12->jupyter-server<3,>=2.4.0->notebook>=4.4.1->widgetsnbextension~=3.6.5->ipywidgets>=7.0.0->qgridnext) (4.2.2)
2025-02-15T21:40:06.9444610Z Requirement already satisfied: python-json-logger>=2.0.4 in /Users/runner/micromamba/envs/tardis/lib/python3.12/site-packages (from jupyter-events>=0.9.0->jupyter-server<3,>=2.4.0->notebook>=4.4.1->widgetsnbextension~=3.6.5->ipywidgets>=7.0.0->qgridnext) (2.0.7)
2025-02-15T21:40:06.9445820Z Requirement already satisfied: pyyaml>=5.3 in /Users/runner/micromamba/envs/tardis/lib/python3.12/site-packages (from jupyter-events>=0.9.0->jupyter-server<3,>=2.4.0->notebook>=4.4.1->widgetsnbextension~=3.6.5->ipywidgets>=7.0.0->qgridnext) (6.0.1)
2025-02-15T21:40:06.9447200Z Requirement already satisfied: rfc3339-validator in /Users/runner/micromamba/envs/tardis/lib/python3.12/site-packages (from jupyter-events>=0.9.0->jupyter-server<3,>=2.4.0->notebook>=4.4.1->widgetsnbextension~=3.6.5->ipywidgets>=7.0.0->qgridnext) (0.1.4)
2025-02-15T21:40:06.9448430Z Requirement already satisfied: rfc3986-validator>=0.1.1 in /Users/runner/micromamba/envs/tardis/lib/python3.12/site-packages (from jupyter-events>=0.9.0->jupyter-server<3,>=2.4.0->notebook>=4.4.1->widgetsnbextension~=3.6.5->ipywidgets>=7.0.0->qgridnext) (0.1.1)
2025-02-15T21:40:06.9449650Z Requirement already satisfied: beautifulsoup4 in /Users/runner/micromamba/envs/tardis/lib/python3.12/site-packages (from nbconvert>=6.4.4->jupyter-server<3,>=2.4.0->notebook>=4.4.1->widgetsnbextension~=3.6.5->ipywidgets>=7.0.0->qgridnext) (4.12.3)
2025-02-15T21:40:06.9450930Z Requirement already satisfied: bleach!=5.0.0 in /Users/runner/micromamba/envs/tardis/lib/python3.12/site-packages (from nbconvert>=6.4.4->jupyter-server<3,>=2.4.0->notebook>=4.4.1->widgetsnbextension~=3.6.5->ipywidgets>=7.0.0->qgridnext) (6.1.0)
2025-02-15T21:40:06.9452190Z Requirement already satisfied: defusedxml in /Users/runner/micromamba/envs/tardis/lib/python3.12/site-packages (from nbconvert>=6.4.4->jupyter-server<3,>=2.4.0->notebook>=4.4.1->widgetsnbextension~=3.6.5->ipywidgets>=7.0.0->qgridnext) (0.7.1)
2025-02-15T21:40:06.9453780Z Requirement already satisfied: jupyterlab-pygments in /Users/runner/micromamba/envs/tardis/lib/python3.12/site-packages (from nbconvert>=6.4.4->jupyter-server<3,>=2.4.0->notebook>=4.4.1->widgetsnbextension~=3.6.5->ipywidgets>=7.0.0->qgridnext) (0.3.0)
2025-02-15T21:40:06.9454980Z Requirement already satisfied: mistune<4,>=2.0.3 in /Users/runner/micromamba/envs/tardis/lib/python3.12/site-packages (from nbconvert>=6.4.4->jupyter-server<3,>=2.4.0->notebook>=4.4.1->widgetsnbextension~=3.6.5->ipywidgets>=7.0.0->qgridnext) (3.0.2)
2025-02-15T21:40:06.9456270Z Requirement already satisfied: nbclient>=0.5.0 in /Users/runner/micromamba/envs/tardis/lib/python3.12/site-packages (from nbconvert>=6.4.4->jupyter-server<3,>=2.4.0->notebook>=4.4.1->widgetsnbextension~=3.6.5->ipywidgets>=7.0.0->qgridnext) (0.10.0)
2025-02-15T21:40:06.9457530Z Requirement already satisfied: pandocfilters>=1.4.1 in /Users/runner/micromamba/envs/tardis/lib/python3.12/site-packages (from nbconvert>=6.4.4->jupyter-server<3,>=2.4.0->notebook>=4.4.1->widgetsnbextension~=3.6.5->ipywidgets>=7.0.0->qgridnext) (1.5.0)
2025-02-15T21:40:06.9458700Z Requirement already satisfied: tinycss2 in /Users/runner/micromamba/envs/tardis/lib/python3.12/site-packages (from nbconvert>=6.4.4->jupyter-server<3,>=2.4.0->notebook>=4.4.1->widgetsnbextension~=3.6.5->ipywidgets>=7.0.0->qgridnext) (1.3.0)
2025-02-15T21:40:06.9459880Z Requirement already satisfied: fastjsonschema>=2.15 in /Users/runner/micromamba/envs/tardis/lib/python3.12/site-packages (from nbformat>=5.3.0->jupyter-server<3,>=2.4.0->notebook>=4.4.1->widgetsnbextension~=3.6.5->ipywidgets>=7.0.0->qgridnext) (2.20.0)
2025-02-15T21:40:06.9461190Z Requirement already satisfied: charset-normalizer<4,>=2 in /Users/runner/micromamba/envs/tardis/lib/python3.12/site-packages (from requests>=2.31->jupyterlab-server<3,>=2.27.1->notebook>=4.4.1->widgetsnbextension~=3.6.5->ipywidgets>=7.0.0->qgridnext) (3.3.2)
2025-02-15T21:40:06.9462460Z Requirement already satisfied: urllib3<3,>=1.21.1 in /Users/runner/micromamba/envs/tardis/lib/python3.12/site-packages (from requests>=2.31->jupyterlab-server<3,>=2.27.1->notebook>=4.4.1->widgetsnbextension~=3.6.5->ipywidgets>=7.0.0->qgridnext) (2.2.2)
2025-02-15T21:40:06.9463690Z Requirement already satisfied: webencodings in /Users/runner/micromamba/envs/tardis/lib/python3.12/site-packages (from bleach!=5.0.0->nbconvert>=6.4.4->jupyter-server<3,>=2.4.0->notebook>=4.4.1->widgetsnbextension~=3.6.5->ipywidgets>=7.0.0->qgridnext) (0.5.1)
2025-02-15T21:40:06.9464960Z Requirement already satisfied: fqdn in /Users/runner/micromamba/envs/tardis/lib/python3.12/site-packages (from jsonschema[format-nongpl]>=4.18.0->jupyter-events>=0.9.0->jupyter-server<3,>=2.4.0->notebook>=4.4.1->widgetsnbextension~=3.6.5->ipywidgets>=7.0.0->qgridnext) (1.5.1)
2025-02-15T21:40:06.9466410Z Requirement already satisfied: isoduration in /Users/runner/micromamba/envs/tardis/lib/python3.12/site-packages (from jsonschema[format-nongpl]>=4.18.0->jupyter-events>=0.9.0->jupyter-server<3,>=2.4.0->notebook>=4.4.1->widgetsnbextension~=3.6.5->ipywidgets>=7.0.0->qgridnext) (20.11.0)
2025-02-15T21:40:06.9467870Z Requirement already satisfied: jsonpointer>1.13 in /Users/runner/micromamba/envs/tardis/lib/python3.12/site-packages (from jsonschema[format-nongpl]>=4.18.0->jupyter-events>=0.9.0->jupyter-server<3,>=2.4.0->notebook>=4.4.1->widgetsnbextension~=3.6.5->ipywidgets>=7.0.0->qgridnext) (3.0.0)
2025-02-15T21:40:06.9469270Z Requirement already satisfied: uri-template in /Users/runner/micromamba/envs/tardis/lib/python3.12/site-packages (from jsonschema[format-nongpl]>=4.18.0->jupyter-events>=0.9.0->jupyter-server<3,>=2.4.0->notebook>=4.4.1->widgetsnbextension~=3.6.5->ipywidgets>=7.0.0->qgridnext) (1.3.0)
2025-02-15T21:40:06.9470710Z Requirement already satisfied: webcolors>=1.11 in /Users/runner/micromamba/envs/tardis/lib/python3.12/site-packages (from jsonschema[format-nongpl]>=4.18.0->jupyter-events>=0.9.0->jupyter-server<3,>=2.4.0->notebook>=4.4.1->widgetsnbextension~=3.6.5->ipywidgets>=7.0.0->qgridnext) (24.6.0)
2025-02-15T21:40:06.9750970Z Requirement already satisfied: cffi>=1.0.1 in /Users/runner/micromamba/envs/tardis/lib/python3.12/site-packages (from argon2-cffi-bindings->argon2-cffi>=21.1->jupyter-server<3,>=2.4.0->notebook>=4.4.1->widgetsnbextension~=3.6.5->ipywidgets>=7.0.0->qgridnext) (1.16.0)
2025-02-15T21:40:06.9853120Z Requirement already satisfied: soupsieve>1.2 in /Users/runner/micromamba/envs/tardis/lib/python3.12/site-packages (from beautifulsoup4->nbconvert>=6.4.4->jupyter-server<3,>=2.4.0->notebook>=4.4.1->widgetsnbextension~=3.6.5->ipywidgets>=7.0.0->qgridnext) (2.5)
2025-02-15T21:40:07.0254280Z Requirement already satisfied: pycparser in /Users/runner/micromamba/envs/tardis/lib/python3.12/site-packages (from cffi>=1.0.1->argon2-cffi-bindings->argon2-cffi>=21.1->jupyter-server<3,>=2.4.0->notebook>=4.4.1->widgetsnbextension~=3.6.5->ipywidgets>=7.0.0->qgridnext) (2.22)
2025-02-15T21:40:07.0556180Z Requirement already satisfied: arrow>=0.15.0 in /Users/runner/micromamba/envs/tardis/lib/python3.12/site-packages (from isoduration->jsonschema[format-nongpl]>=4.18.0->jupyter-events>=0.9.0->jupyter-server<3,>=2.4.0->notebook>=4.4.1->widgetsnbextension~=3.6.5->ipywidgets>=7.0.0->qgridnext) (1.3.0)
2025-02-15T21:40:07.0757940Z Requirement already satisfied: types-python-dateutil>=2.8.10 in /Users/runner/micromamba/envs/tardis/lib/python3.12/site-packages (from arrow>=0.15.0->isoduration->jsonschema[format-nongpl]>=4.18.0->jupyter-events>=0.9.0->jupyter-server<3,>=2.4.0->notebook>=4.4.1->widgetsnbextension~=3.6.5->ipywidgets>=7.0.0->qgridnext) (2.9.0.20240316)
2025-02-15T21:40:07.0991350Z Downloading qgridnext-2.0.4-py3-none-any.whl (1.3 MB)
2025-02-15T21:40:07.1779740Z    â”â”â”â”â”â”â”â”â”â”â”â”â”â”â”â”â”â”â”â”â”â”â”â”â”â”â”â”â”â”â”â”â”â”â”â”â”â”â”â” 1.3/1.3 MB 16.4 MB/s eta 0:00:00
2025-02-15T21:40:07.7126330Z Installing collected packages: qgridnext
2025-02-15T21:40:07.7576570Z Successfully installed qgridnext-2.0.4
2025-02-15T21:40:07.9609820Z ##[group]Run pytest tardis --tardis-regression-data=/Users/runner/work/tardis/tardis/tardis-regression-data --cov=tardis --cov-report=xml --cov-report=html --cov-append -m "not continuum"
2025-02-15T21:40:07.9610840Z [36;1mpytest tardis --tardis-regression-data=/Users/runner/work/tardis/tardis/tardis-regression-data --cov=tardis --cov-report=xml --cov-report=html --cov-append -m "not continuum"[0m
2025-02-15T21:40:07.9664450Z shell: /bin/bash -l {0}
2025-02-15T21:40:07.9664640Z env:
2025-02-15T21:40:07.9664770Z   CACHE_NUMBER: 0
2025-02-15T21:40:07.9665270Z   PYTEST_FLAGS: --tardis-regression-data=/Users/runner/work/tardis/tardis/tardis-regression-data --cov=tardis --cov-report=xml --cov-report=html --cov-append
2025-02-15T21:40:07.9665890Z   CODECOV_TOKEN: 
2025-02-15T21:40:07.9666050Z   MAMBA_ROOT_PREFIX: /Users/runner/micromamba
2025-02-15T21:40:07.9666310Z   MAMBA_EXE: /Users/runner/micromamba-bin/micromamba
2025-02-15T21:40:07.9666650Z   CONDARC: /Users/runner/work/_temp/setup-micromamba/.condarc
2025-02-15T21:40:07.9666890Z ##[endgroup]
2025-02-15T21:40:18.9976630Z ============================= test session starts ==============================
2025-02-15T21:40:19.0001940Z platform darwin -- Python 3.12.4, pytest-8.2.2, pluggy-1.5.0
2025-02-15T21:40:19.0010900Z rootdir: /Users/runner/work/tardis/tardis
2025-02-15T21:40:19.0035760Z configfile: pyproject.toml
2025-02-15T21:40:19.0038120Z plugins: cov-5.0.0, html-4.1.1, metadata-3.1.1, doctestplus-1.2.1, anyio-4.4.0
2025-02-15T21:40:19.0051210Z collected 1796 items / 2 deselected / 1794 selected
2025-02-15T21:40:19.0051550Z 
2025-02-15T21:40:22.3092000Z tardis/energy_input/tests/test_energy_source.py ..xxx                    [  0%]
2025-02-15T21:40:23.8752480Z tardis/energy_input/tests/test_gamma_ray_channel.py ...........          [  0%]
2025-02-15T21:40:24.8815200Z tardis/energy_input/tests/test_gamma_ray_grid.py xx.                     [  1%]
2025-02-15T21:40:25.9224910Z tardis/energy_input/tests/test_gamma_ray_interactions.py xx....          [  1%]
2025-02-15T21:40:25.9275420Z tardis/energy_input/tests/test_gamma_ray_packet_source.py sssssssss      [  1%]
2025-02-15T21:40:26.7881810Z tardis/energy_input/tests/test_util.py .....xxxx.....                    [  2%]
2025-02-15T21:40:27.0039550Z tardis/grid/tests/test_grid.py .                                         [  2%]
2025-02-15T21:40:27.0047990Z tardis/gui/tests/test_gui.py s                                           [  2%]
2025-02-15T21:40:29.6637300Z tardis/io/configuration/tests/test_config_reader.py ...........          [  3%]
2025-02-15T21:40:29.6707290Z tardis/io/configuration/tests/test_configuration_namespace.py .........  [  3%]
2025-02-15T21:40:29.6857190Z tardis/io/logger/tests/test_logging.py ssssssssssssssssssssssssssss      [  5%]
2025-02-15T21:40:56.2453010Z tardis/io/model/readers/tests/test_arepo_parser.py ..                    [  5%]
2025-02-15T21:40:56.2657160Z tardis/io/model/readers/tests/test_ascii_readers.py ...                  [  5%]
2025-02-15T21:40:56.2743460Z tardis/io/model/readers/tests/test_cmfgen_reader.py ..                   [  5%]
2025-02-15T21:40:56.2934240Z tardis/io/model/readers/tests/test_csvy_reader.py ....                   [  6%]
2025-02-15T21:40:56.3119960Z tardis/io/model/readers/tests/test_stella_reader.py ..                   [  6%]
2025-02-15T21:40:56.5852490Z tardis/io/tests/test_HDFWriter.py ...............                        [  7%]
2025-02-15T21:40:57.1231690Z tardis/io/tests/test_atomic.py .....                                     [  7%]
2025-02-15T21:40:57.1385240Z tardis/io/tests/test_decay.py ..                                         [  7%]
2025-02-15T21:40:57.2927980Z tardis/io/tests/test_model_reader.py F.....                              [  7%]
2025-02-15T21:40:57.2967200Z tardis/model/geometry/tests/test_radial1d.py ..                          [  7%]
2025-02-15T21:41:22.0103380Z tardis/model/tests/test_base.py ........................................ [ 10%]
2025-02-15T21:41:22.7372350Z ............                                                             [ 10%]
2025-02-15T21:41:25.0038260Z tardis/model/tests/test_csvy_model.py .........                          [ 11%]
2025-02-15T21:41:25.0346230Z tardis/model/tests/test_density.py ..                                    [ 11%]
2025-02-15T21:41:26.1259340Z tardis/opacities/tests/test_opacity_solver.py .....                      [ 11%]
2025-02-15T21:41:27.1086440Z tardis/opacities/tests/test_opacity_state_numba.py .....                 [ 11%]
2025-02-15T21:41:28.6867100Z tardis/opacities/tests/test_tau_sobolev.py ..                            [ 12%]
2025-02-15T21:41:30.9025290Z tardis/plasma/equilibrium/tests/test_collisional_transitions.py ...      [ 12%]
2025-02-15T21:42:05.4951590Z tardis/plasma/equilibrium/tests/test_level_populations.py ....           [ 12%]
2025-02-15T21:42:14.1477710Z tardis/plasma/equilibrium/tests/test_rate_matrix.py .                    [ 12%]
2025-02-15T21:42:15.0451390Z tardis/plasma/tests/test_complete_plasmas.py .....................s..... [ 13%]
2025-02-15T21:42:17.0685970Z s....ssssss............s............ss.....s....ssssss............s..... [ 18%]
2025-02-15T21:42:18.3470750Z .......ss.....s....ssssss............s............ss.....s....ssssss.... [ 22%]
2025-02-15T21:42:20.3945260Z ........s............ss.....s........ss............s............ss.....s [ 26%]
2025-02-15T21:42:22.4037310Z ........ss............s............ss.....s....ssssss............s...... [ 30%]
2025-02-15T21:42:22.9592470Z ......ss.....s....ssssss............s............ss.....s.ss.ssssss..... [ 34%]
2025-02-15T21:42:24.9177250Z .......s............ss.....s....ssssss............s............ss.....s. [ 38%]
2025-02-15T21:42:26.8857210Z ...ssssss............s............ss.....s....ssssss............s....... [ 42%]
2025-02-15T21:42:29.0071520Z .....ss.....s....ssssss............s............s...........ssssss...... [ 46%]
2025-02-15T21:42:30.5046540Z ......s............s...........ssssss............s............s......... [ 50%]
2025-02-15T21:42:32.4697400Z ..ssssss............s............ss.....s....ssssss............s........ [ 54%]
2025-02-15T21:42:34.6006010Z ....ss.....s....ssssss..........................s.....s....ssss......... [ 58%]
2025-02-15T21:42:34.8315370Z ...................s.....s....ssss.......                                [ 60%]
2025-02-15T21:42:35.0090360Z tardis/plasma/tests/test_hdf_plasma.py ................................. [ 62%]
2025-02-15T21:42:35.0164910Z ......                                                                   [ 62%]
2025-02-15T21:42:35.2648010Z tardis/plasma/tests/test_nlte_excitation.py ...                          [ 62%]
2025-02-15T21:44:11.4863850Z tardis/plasma/tests/test_nlte_solver.py .....X                           [ 63%]
2025-02-15T21:44:11.4890560Z tardis/plasma/tests/test_plasma_continuum.py .                           [ 63%]
2025-02-15T21:44:28.0980880Z tardis/plasma/tests/test_plasma_vboundary.py .............               [ 63%]
2025-02-15T21:44:37.2805190Z tardis/plasma/tests/test_tardis_model_density_config.py ...              [ 64%]
2025-02-15T21:44:37.7647620Z tardis/simulation/tests/test_convergence.py .....                        [ 64%]
2025-02-15T21:44:44.2295320Z tardis/simulation/tests/test_simulation.py .............                 [ 65%]
2025-02-15T21:44:44.2398360Z tardis/spectrum/tests/test_cuda_formal_integral.py sssssssssssssssssssss [ 66%]
2025-02-15T21:44:44.4837710Z ssss...ssssssssssssssssssssss                                            [ 67%]
2025-02-15T21:44:44.4877790Z tardis/spectrum/tests/test_luminosity.py ....                            [ 68%]
2025-02-15T21:44:45.2337030Z tardis/spectrum/tests/test_numba_formal_integral.py .................... [ 69%]
2025-02-15T21:44:45.2434830Z ..........                                                               [ 69%]
2025-02-15T21:44:45.3476620Z tardis/spectrum/tests/test_spectrum.py ................................. [ 71%]
2025-02-15T21:44:45.3668320Z .........                                                                [ 72%]
2025-02-15T21:45:00.7527780Z tardis/spectrum/tests/test_spectrum_solver.py ....                       [ 72%]
2025-02-15T21:45:46.3389200Z tardis/tests/test_tardis_full.py ....                                    [ 72%]
2025-02-15T21:47:13.8402360Z tardis/tests/test_tardis_full_formal_integral.py ................        [ 73%]
2025-02-15T21:47:13.8832150Z tardis/tests/test_util.py .............................................  [ 75%]
2025-02-15T21:47:15.7527050Z tardis/transport/montecarlo/tests/test_base.py x.....................    [ 77%]
2025-02-15T21:47:19.9498790Z tardis/transport/montecarlo/tests/test_interaction.py .......            [ 77%]
2025-02-15T21:47:20.0854980Z tardis/transport/montecarlo/tests/test_macro_atom.py ....                [ 77%]
2025-02-15T21:47:20.0953720Z tardis/transport/montecarlo/tests/test_montecarlo.py sssssssssssssssssss [ 78%]
2025-02-15T21:47:20.1178460Z sssssssssssssssssssssssssssssssssssssssssssss                            [ 81%]
2025-02-15T21:47:26.4793450Z tardis/transport/montecarlo/tests/test_montecarlo_main_loop.py x..       [ 81%]
2025-02-15T21:47:26.4884130Z tardis/transport/montecarlo/tests/test_nonhomologous.py ...              [ 81%]
2025-02-15T21:47:28.5873720Z tardis/transport/montecarlo/tests/test_numba_interface.py .....x.        [ 82%]
2025-02-15T21:47:28.9057090Z tardis/transport/montecarlo/tests/test_opacities.py ...............      [ 82%]
2025-02-15T21:47:29.5421900Z tardis/transport/montecarlo/tests/test_packet.py .................xXXXXX [ 84%]
2025-02-15T21:47:29.6259940Z XX.........                                                              [ 84%]
2025-02-15T21:47:29.6479350Z tardis/transport/montecarlo/tests/test_packet_source.py ........         [ 85%]
2025-02-15T21:47:29.8341430Z tardis/transport/montecarlo/tests/test_rpacket_last_interaction_tracker.py . [ 85%]
2025-02-15T21:47:30.0747390Z .....                                                                    [ 85%]
2025-02-15T21:47:38.1634070Z tardis/transport/montecarlo/tests/test_rpacket_tracker.py ......         [ 85%]
2025-02-15T21:47:38.1826650Z tardis/transport/montecarlo/tests/test_single_packet_loop.py xxx         [ 86%]
2025-02-15T21:47:38.1850760Z tardis/transport/montecarlo/tests/test_tracker_utils.py ..               [ 86%]
2025-02-15T21:47:39.2819480Z tardis/transport/montecarlo/tests/test_vpacket.py ..x.                   [ 86%]
2025-02-15T21:47:39.2944400Z tardis/transport/montecarlo/tests/test_weighted_packet_source.py ....    [ 86%]
2025-02-15T21:47:41.5897900Z tardis/transport/montecarlo/tests/test_weighted_packet_source_integration.py . [ 86%]
2025-02-15T21:47:41.5898880Z                                                                          [ 86%]
2025-02-15T21:47:42.0355040Z tardis/transport/tests/test_doppler_factor.py ..................         [ 87%]
2025-02-15T21:47:43.6962750Z tardis/visualization/tools/tests/test_convergence_plot.py .............. [ 88%]
2025-02-15T21:47:45.0755430Z ......                                                                   [ 88%]
2025-02-15T21:47:48.0841470Z tardis/visualization/tools/tests/test_liv_plot.py ...................... [ 90%]
2025-02-15T21:47:50.8935360Z .............................                                            [ 91%]
2025-02-15T21:47:53.4412850Z tardis/visualization/tools/tests/test_rpacket_plot.py .................. [ 92%]
2025-02-15T21:47:59.7953360Z ....                                                                     [ 92%]
2025-02-15T21:48:03.6983110Z tardis/visualization/tools/tests/test_sdec_plot.py ..................... [ 94%]
2025-02-15T21:48:09.2162390Z ..............................                                           [ 95%]
2025-02-15T21:48:09.6567080Z tardis/visualization/widgets/tests/test_custom_abundance.py ........ss.. [ 96%]
2025-02-15T21:48:09.7048570Z ....                                                                     [ 96%]
2025-02-15T21:48:10.4618410Z tardis/visualization/widgets/tests/test_line_info.py ................... [ 97%]
2025-02-15T21:48:10.9522640Z ..................                                                       [ 98%]
2025-02-15T21:51:15.1492560Z tardis/visualization/widgets/tests/test_shell_info.py .................. [ 99%]
2025-02-15T21:51:15.7585920Z <unknown>:140: SyntaxWarning:
2025-02-15T21:51:15.7586330Z 
2025-02-15T21:51:15.7586540Z invalid escape sequence '\s'
2025-02-15T21:51:15.7586750Z 
2025-02-15T21:51:15.7603500Z /Users/runner/work/tardis/tardis/tardis/io/model/readers/artis.py:140: SyntaxWarning:
2025-02-15T21:51:15.7604160Z 
2025-02-15T21:51:15.7604230Z invalid escape sequence '\s'
2025-02-15T21:51:15.7604410Z 
2025-02-15T21:51:18.1700490Z <unknown>:140: SyntaxWarning:
2025-02-15T21:51:18.1700990Z 
2025-02-15T21:51:18.1701200Z invalid escape sequence '\s'
2025-02-15T21:51:18.1701420Z 
2025-02-15T21:51:20.2974360Z <unknown>:140: SyntaxWarning:
2025-02-15T21:51:20.2974590Z 
2025-02-15T21:51:20.2974660Z invalid escape sequence '\s'
2025-02-15T21:51:20.2974850Z 
2025-02-15T21:51:20.8585960Z <unknown>:140: SyntaxWarning:
2025-02-15T21:51:20.8586210Z 
2025-02-15T21:51:20.8586400Z invalid escape sequence '\s'
2025-02-15T21:51:20.8586580Z 
2025-02-15T21:51:20.8602060Z /Users/runner/work/tardis/tardis/tardis/io/model/readers/artis.py:140: SyntaxWarning:
2025-02-15T21:51:20.8602440Z 
2025-02-15T21:51:20.8602570Z invalid escape sequence '\s'
2025-02-15T21:51:20.8602680Z 
2025-02-15T21:51:22.4690370Z ......                                                                   [100%]
2025-02-15T21:51:22.4690780Z 
2025-02-15T21:51:22.4691080Z =================================== FAILURES ===================================
2025-02-15T21:51:22.4691510Z ________________________ test_simple_read_artis_density ________________________
2025-02-15T21:51:22.4691900Z 
2025-02-15T21:51:22.4692300Z artis_density_fname = PosixPath('tardis/io/model/readers/tests/data/artis_model.dat')
2025-02-15T21:51:22.4692830Z 
2025-02-15T21:51:22.4693040Z     def test_simple_read_artis_density(artis_density_fname: str):
2025-02-15T21:51:22.4693660Z >       time_of_model, velocity, mean_density, isotope_mass_fractions = read_artis_density(
2025-02-15T21:51:22.4694190Z             artis_density_fname
2025-02-15T21:51:22.4694530Z         )
2025-02-15T21:51:22.4694850Z E       ValueError: not enough values to unpack (expected 4, got 3)
2025-02-15T21:51:22.4695170Z 
2025-02-15T21:51:22.4695400Z tardis/io/tests/test_model_reader.py:48: ValueError
2025-02-15T21:51:22.4696550Z =============================== warnings summary ===============================
2025-02-15T21:51:22.4697030Z tardis/io/configuration/config_validator.py:6
2025-02-15T21:51:22.4697450Z tardis/io/configuration/config_validator.py:6
2025-02-15T21:51:22.4698040Z   /Users/runner/work/tardis/tardis/tardis/io/configuration/config_validator.py:6: DeprecationWarning:
2025-02-15T21:51:22.4698680Z   
2025-02-15T21:51:22.4699970Z   jsonschema.RefResolver is deprecated as of v4.18.0, in favor of the https://github.com/python-jsonschema/referencing library, which provides more compliant referencing behavior as well as more flexible APIs for customization. A future release will remove RefResolver. Please file a feature request (on referencing) if you are missing an API for the kind of customization you need.
2025-02-15T21:51:22.4701360Z 
2025-02-15T21:51:22.4701690Z ../../../micromamba/envs/tardis/lib/python3.12/site-packages/jupyter_client/connect.py:22
2025-02-15T21:51:22.4702390Z   /Users/runner/micromamba/envs/tardis/lib/python3.12/site-packages/jupyter_client/connect.py:22: DeprecationWarning:
2025-02-15T21:51:22.4702910Z   
2025-02-15T21:51:22.4703160Z   Jupyter is migrating its paths to use standard platformdirs
2025-02-15T21:51:22.4703540Z   given by the platformdirs library.  To remove this warning and
2025-02-15T21:51:22.4703900Z   see the appropriate new directories, set the environment variable
2025-02-15T21:51:22.4704290Z   `JUPYTER_PLATFORM_DIRS=1` and then run `jupyter --paths`.
2025-02-15T21:51:22.4704650Z   The use of platformdirs will be the default in `jupyter_core` v6
2025-02-15T21:51:22.4704900Z 
2025-02-15T21:51:22.4709230Z tardis/io/model/readers/artis.py:140
2025-02-15T21:51:22.4709660Z   /Users/runner/work/tardis/tardis/tardis/io/model/readers/artis.py:140: SyntaxWarning:
2025-02-15T21:51:22.4710050Z   
2025-02-15T21:51:22.4710270Z   invalid escape sequence '\s'
2025-02-15T21:51:22.4710420Z 
2025-02-15T21:51:22.4717110Z tardis/io/tests/test_HDFWriter.py::test_multi_index_write
2025-02-15T21:51:22.4717530Z tardis/visualization/widgets/tests/test_shell_info.py::TestHDFShellInfo::test_shells_data
2025-02-15T21:51:22.4718140Z   /Users/runner/work/tardis/tardis/tardis/io/util.py:276: PerformanceWarning:
2025-02-15T21:51:22.4718530Z   
2025-02-15T21:51:22.4718810Z   
2025-02-15T21:51:22.4719310Z   your performance may suffer as PyTables will pickle object types that it cannot
2025-02-15T21:51:22.4720210Z   map directly to c-types [inferred_type->mixed,key->block0_values] [items->Index([0], dtype='int64')]
2025-02-15T21:51:22.4720580Z 
2025-02-15T21:51:22.4720850Z tardis/io/tests/test_model_reader.py::test_read_cmfgen_isotope_abundances
2025-02-15T21:51:22.4721400Z tardis/plasma/tests/test_tardis_model_density_config.py::test_electron_densities
2025-02-15T21:51:22.4722340Z tardis/plasma/tests/test_tardis_model_density_config.py::test_isotope_number_densities
2025-02-15T21:51:22.4722860Z tardis/plasma/tests/test_tardis_model_density_config.py::test_t_rad
2025-02-15T21:51:22.4723480Z   /Users/runner/work/tardis/tardis/tardis/io/model/readers/cmfgen_deprecated.py:82: DeprecationWarning:
2025-02-15T21:51:22.4723900Z   
2025-02-15T21:51:22.4724190Z   The current CMFGEN model parser is deprecated
2025-02-15T21:51:22.4724430Z 
2025-02-15T21:51:22.4724550Z tardis/io/tests/test_model_reader.py: 1 warning
2025-02-15T21:51:22.4724970Z tardis/plasma/tests/test_tardis_model_density_config.py: 9 warnings
2025-02-15T21:51:22.4725470Z   /Users/runner/work/tardis/tardis/tardis/io/model/readers/cmfgen_deprecated.py:40: DeprecationWarning:
2025-02-15T21:51:22.4726410Z   
2025-02-15T21:51:22.4726680Z   The current CMFGEN model parser is deprecated
2025-02-15T21:51:22.4726910Z 
2025-02-15T21:51:22.4727080Z tardis/model/tests/test_base.py::TestModelFromPaper1Config::test_abundances
2025-02-15T21:51:22.4727750Z   /Users/runner/work/tardis/tardis/tardis/transport/montecarlo/montecarlo_main_loop.py:123: NumbaTypeSafetyWarning:
2025-02-15T21:51:22.4728230Z   
2025-02-15T21:51:22.4732560Z   [1m[1m[1munsafe cast from uint64 to int64. Precision may be lost.[0m[0m[0m
2025-02-15T21:51:22.4732870Z 
2025-02-15T21:51:22.4732950Z tardis/model/tests/test_base.py: 6 warnings
2025-02-15T21:51:22.4733320Z tardis/model/tests/test_csvy_model.py: 2 warnings
2025-02-15T21:51:22.4733750Z tardis/plasma/tests/test_tardis_model_density_config.py: 3 warnings
2025-02-15T21:51:22.4734230Z   /Users/runner/work/tardis/tardis/tardis/model/geometry/radial1d.py:50: DeprecationWarning:
2025-02-15T21:51:22.4734760Z   
2025-02-15T21:51:22.4735020Z   v_inner_boundary < 0, assuming default value
2025-02-15T21:51:22.4735240Z 
2025-02-15T21:51:22.4735390Z tardis/model/tests/test_base.py: 6 warnings
2025-02-15T21:51:22.4735720Z tardis/model/tests/test_csvy_model.py: 2 warnings
2025-02-15T21:51:22.4736190Z tardis/plasma/tests/test_tardis_model_density_config.py: 3 warnings
2025-02-15T21:51:22.4736690Z   /Users/runner/work/tardis/tardis/tardis/model/geometry/radial1d.py:61: DeprecationWarning:
2025-02-15T21:51:22.4737170Z   
2025-02-15T21:51:22.4737510Z   v_outer_boundary < 0, assuming default value
2025-02-15T21:51:22.4737730Z 
2025-02-15T21:51:22.4738180Z tardis/plasma/equilibrium/tests/test_level_populations.py::TestLevelPopulationSolver::test_solve[collisional_rate_solver0-radiative_transitions0]
2025-02-15T21:51:22.4738910Z   /Users/runner/work/tardis/tardis/tardis/plasma/equilibrium/level_populations.py:65: FutureWarning:
2025-02-15T21:51:22.4739400Z   
2025-02-15T21:51:22.4739790Z   A value is trying to be set on a copy of a DataFrame or Series through chained assignment using an inplace method.
2025-02-15T21:51:22.4740910Z   The behavior will change in pandas 3.0. This inplace method will never work because the intermediate object on which we are setting values always behaves as a copy.
2025-02-15T21:51:22.4741510Z   
2025-02-15T21:51:22.4742090Z   For example, when doing 'df[col].method(value, inplace=True)', try using 'df.method({col: value}, inplace=True)' or df[col] = df[col].method(value) instead, to perform the operation inplace on the original object.
2025-02-15T21:51:22.4742640Z 
2025-02-15T21:51:22.4742810Z tardis/plasma/tests/test_complete_plasmas.py: 20 warnings
2025-02-15T21:51:22.4743290Z   /Users/runner/work/tardis/tardis/tardis/plasma/tests/test_complete_plasmas.py:197: UserWarning:
2025-02-15T21:51:22.4743720Z   
2025-02-15T21:51:22.4744210Z   Property "atomic_mass" not found
2025-02-15T21:51:22.4744380Z 
2025-02-15T21:51:22.4745120Z tardis/plasma/tests/test_complete_plasmas.py::TestPlasma::test_plasma_properties[radiative_rates_type:detailed-w_epsilon:1e-10-j_blues_norm_factor]
2025-02-15T21:51:22.4745870Z tardis/plasma/tests/test_complete_plasmas.py::TestPlasma::test_plasma_properties[radiative_rates_type:detailed-j_blues_norm_factor]
2025-02-15T21:51:22.4746550Z   /Users/runner/work/tardis/tardis/tardis/plasma/tests/test_complete_plasmas.py:197: UserWarning:
2025-02-15T21:51:22.4746960Z   
2025-02-15T21:51:22.4747140Z   Property "j_blues_norm_factor" not found
2025-02-15T21:51:22.4747320Z 
2025-02-15T21:51:22.4747690Z tardis/plasma/tests/test_complete_plasmas.py::TestPlasma::test_plasma_properties[radiative_rates_type:detailed-w_epsilon:1e-10-j_blue_estimator]
2025-02-15T21:51:22.4748440Z tardis/plasma/tests/test_complete_plasmas.py::TestPlasma::test_plasma_properties[radiative_rates_type:detailed-j_blue_estimator]
2025-02-15T21:51:22.4749100Z   /Users/runner/work/tardis/tardis/tardis/plasma/tests/test_complete_plasmas.py:197: UserWarning:
2025-02-15T21:51:22.4749470Z   
2025-02-15T21:51:22.4749680Z   Property "j_blue_estimator" not found
2025-02-15T21:51:22.4749870Z 
2025-02-15T21:51:22.4750170Z tardis/plasma/tests/test_complete_plasmas.py::TestPlasma::test_plasma_properties[radiative_rates_type:detailed-w_epsilon:1e-10-volume]
2025-02-15T21:51:22.4751130Z tardis/plasma/tests/test_complete_plasmas.py::TestPlasma::test_plasma_properties[radiative_rates_type:detailed-volume]
2025-02-15T21:51:22.4751770Z   /Users/runner/work/tardis/tardis/tardis/plasma/tests/test_complete_plasmas.py:197: UserWarning:
2025-02-15T21:51:22.4752240Z   
2025-02-15T21:51:22.4752480Z   Property "volume" not found
2025-02-15T21:51:22.4752670Z 
2025-02-15T21:51:22.4753120Z tardis/plasma/tests/test_complete_plasmas.py::TestPlasma::test_plasma_properties[radiative_rates_type:detailed-w_epsilon:1e-10-r_inner]
2025-02-15T21:51:22.4753960Z tardis/plasma/tests/test_complete_plasmas.py::TestPlasma::test_plasma_properties[radiative_rates_type:detailed-r_inner]
2025-02-15T21:51:22.4754730Z   /Users/runner/work/tardis/tardis/tardis/plasma/tests/test_complete_plasmas.py:197: UserWarning:
2025-02-15T21:51:22.4755140Z   
2025-02-15T21:51:22.4755360Z   Property "r_inner" not found
2025-02-15T21:51:22.4755590Z 
2025-02-15T21:51:22.4755780Z tardis/plasma/tests/test_plasma_vboundary.py::test_plasma_vboundary[2900-3750]
2025-02-15T21:51:22.4756290Z tardis/plasma/tests/test_plasma_vboundary.py::test_plasma_vboundary[2900-3850]
2025-02-15T21:51:22.4756750Z tardis/plasma/tests/test_plasma_vboundary.py::test_plasma_vboundary[2900-3900]
2025-02-15T21:51:22.4757470Z   /Users/runner/work/tardis/tardis/tardis/model/geometry/radial1d.py:71: UserWarning:
2025-02-15T21:51:22.4757870Z   
2025-02-15T21:51:22.4758180Z   Requesting inner boundary below inner shell. Extrapolating the inner cell
2025-02-15T21:51:22.4758530Z 
2025-02-15T21:51:22.4758800Z tardis/spectrum/tests/test_spectrum_solver.py::TestSpectrumSolver::test_solve
2025-02-15T21:51:22.4759290Z   /Users/runner/work/tardis/tardis/tardis/spectrum/base.py:70: UserWarning:
2025-02-15T21:51:22.4759650Z   
2025-02-15T21:51:22.4760040Z   SpectrumSolver.spectrum_virtual_packets is zero. Please run the montecarlo simulation with no_of_virtual_packets > 0
2025-02-15T21:51:22.4760420Z 
2025-02-15T21:51:22.4760850Z tardis/spectrum/tests/test_spectrum_solver.py::TestSpectrumSolver::test_solve
2025-02-15T21:51:22.4761400Z   /Users/runner/work/tardis/tardis/tardis/spectrum/base.py:111: UserWarning:
2025-02-15T21:51:22.4761830Z   
2025-02-15T21:51:22.4762250Z   SpectrumSolver.integrator: The FormalIntegrator is not yet available.Please run the montecarlo simulation at least once.
2025-02-15T21:51:22.4762680Z 
2025-02-15T21:51:22.4762910Z tardis/transport/montecarlo/tests/test_vpacket.py::test_trace_vpacket_volley
2025-02-15T21:51:22.4763320Z   <string>:3: NumbaPendingDeprecationWarning:
2025-02-15T21:51:22.4763620Z   
2025-02-15T21:51:22.4765870Z   [1m[1mCode using Numba extension API maybe depending on 'old_style' error-capturing, which is deprecated and will be replaced by 'new_style' in a future release. See details at https://numba.readthedocs.io/en/latest/reference/deprecation.html#deprecation-of-old-style-numba-captured-errors
2025-02-15T21:51:22.4766950Z   Exception origin:
2025-02-15T21:51:22.4767340Z     File "/Users/runner/micromamba/envs/tardis/lib/python3.12/inspect.py", line 3180, in _bind
2025-02-15T21:51:22.4767740Z       raise TypeError(msg) from None
2025-02-15T21:51:22.4768080Z   [0m[0m
2025-02-15T21:51:22.4768160Z 
2025-02-15T21:51:22.4768490Z tardis/visualization/tools/tests/test_sdec_plot.py::TestSDECPlotter::test_mpl_image[plotter_generate_plot_mpl4]
2025-02-15T21:51:22.4769210Z   /Users/runner/work/tardis/tardis/tardis/visualization/tools/sdec_plot.py:1225: RuntimeWarning:
2025-02-15T21:51:22.4769630Z   
2025-02-15T21:51:22.4770520Z   More than 20 figures have been opened. Figures created through the pyplot interface (`matplotlib.pyplot.figure`) are retained until explicitly closed and may consume too much memory. (To control this warning, see the rcParam `figure.max_open_warning`). Consider using `matplotlib.pyplot.close()`.
2025-02-15T21:51:22.4771320Z 
2025-02-15T21:51:22.4771620Z tardis/visualization/widgets/tests/test_custom_abundance.py::TestCustomAbundanceWidget::test_update_input_item_value
2025-02-15T21:51:22.4772410Z tardis/visualization/widgets/tests/test_custom_abundance.py::TestCustomAbundanceWidget::test_update_input_item_value
2025-02-15T21:51:22.4773170Z tardis/visualization/widgets/tests/test_custom_abundance.py::TestCustomAbundanceWidget::test_update_input_item_value
2025-02-15T21:51:22.4773860Z tardis/visualization/widgets/tests/test_custom_abundance.py::TestCustomAbundanceWidget::test_update_input_item_value
2025-02-15T21:51:22.4774600Z tardis/visualization/widgets/tests/test_custom_abundance.py::TestCustomAbundanceWidget::test_update_input_item_value
2025-02-15T21:51:22.4775320Z tardis/visualization/widgets/tests/test_custom_abundance.py::TestCustomAbundanceWidget::test_update_input_item_value
2025-02-15T21:51:22.4776060Z   /Users/runner/micromamba/envs/tardis/lib/python3.12/site-packages/traitlets/traitlets.py:1385: DeprecationWarning:
2025-02-15T21:51:22.4776540Z   
2025-02-15T21:51:22.4776840Z   Passing unrecognized arguments to super(Checkbox).__init__(icon='lock').
2025-02-15T21:51:22.4777240Z   object.__init__() takes exactly one argument (the instance to initialize)
2025-02-15T21:51:22.4777730Z   This is deprecated in traitlets 4.2.This error will be raised in a future release of traitlets.
2025-02-15T21:51:22.4778030Z 
2025-02-15T21:51:22.4778310Z tardis/visualization/widgets/tests/test_custom_abundance.py::TestCustomAbundanceWidget::test_update_input_item_value
2025-02-15T21:51:22.4779000Z tardis/visualization/widgets/tests/test_custom_abundance.py::TestCustomAbundanceWidget::test_update_input_item_value
2025-02-15T21:51:22.4779710Z   /Users/runner/micromamba/envs/tardis/lib/python3.12/site-packages/traitlets/traitlets.py:1385: DeprecationWarning:
2025-02-15T21:51:22.4780140Z   
2025-02-15T21:51:22.4780430Z   Passing unrecognized arguments to super(FloatText).__init__(min=0).
2025-02-15T21:51:22.4780830Z   object.__init__() takes exactly one argument (the instance to initialize)
2025-02-15T21:51:22.4781560Z   This is deprecated in traitlets 4.2.This error will be raised in a future release of traitlets.
2025-02-15T21:51:22.4781830Z 
2025-02-15T21:51:22.4782160Z tardis/visualization/widgets/tests/test_custom_abundance.py::TestCustomAbundanceWidget::test_update_input_item_value
2025-02-15T21:51:22.4782900Z   /Users/runner/micromamba/envs/tardis/lib/python3.12/site-packages/traitlets/traitlets.py:1385: DeprecationWarning:
2025-02-15T21:51:22.4783330Z   
2025-02-15T21:51:22.4783640Z   Passing unrecognized arguments to super(HTML).__init__(indent=True).
2025-02-15T21:51:22.4784030Z   object.__init__() takes exactly one argument (the instance to initialize)
2025-02-15T21:51:22.4784540Z   This is deprecated in traitlets 4.2.This error will be raised in a future release of traitlets.
2025-02-15T21:51:22.4784850Z 
2025-02-15T21:51:22.4785340Z tardis/visualization/widgets/tests/test_line_info.py::TestLineInfoWidgetData::test_get_species_interactions[wavelength_range0-packet_out_nu]
2025-02-15T21:51:22.4786100Z   /Users/runner/micromamba/envs/tardis/lib/python3.12/site-packages/qgridnext/grid.py:814: DeprecationWarning:
2025-02-15T21:51:22.4786560Z   
2025-02-15T21:51:22.4786860Z   QgridWidget._df_changed is deprecated in traitlets 4.1: use @observe and @unobserve instead.
2025-02-15T21:51:22.4787190Z 
2025-02-15T21:51:22.4787420Z tardis/visualization/widgets/tests/test_shell_info.py::TestHDFShellInfo::test_shells_data
2025-02-15T21:51:22.4787920Z   /Users/runner/work/tardis/tardis/tardis/io/util.py:289: PerformanceWarning:
2025-02-15T21:51:22.4788280Z   
2025-02-15T21:51:22.4788440Z   
2025-02-15T21:51:22.4788750Z   your performance may suffer as PyTables will pickle object types that it cannot
2025-02-15T21:51:22.4789220Z   map directly to c-types [inferred_type->mixed,key->block0_values] [items->Index([0], dtype='int64')]
2025-02-15T21:51:22.4789610Z 
2025-02-15T21:51:22.4789840Z tardis/visualization/widgets/tests/test_shell_info.py::TestHDFShellInfo::test_shells_data
2025-02-15T21:51:22.4790320Z   /Users/runner/work/tardis/tardis/tardis/io/util.py:292: PerformanceWarning:
2025-02-15T21:51:22.4790690Z   
2025-02-15T21:51:22.4790890Z   
2025-02-15T21:51:22.4791160Z   your performance may suffer as PyTables will pickle object types that it cannot
2025-02-15T21:51:22.4791630Z   map directly to c-types [inferred_type->mixed,key->values] [items->None]
2025-02-15T21:51:22.4791840Z 
2025-02-15T21:51:22.4792080Z tardis/visualization/widgets/tests/test_shell_info.py::TestHDFShellInfo::test_shells_data
2025-02-15T21:51:22.4792640Z   /Users/runner/work/tardis/tardis/tardis/spectrum/formal_integral.py:398: UserWarning:
2025-02-15T21:51:22.4793000Z   
2025-02-15T21:51:22.4793270Z   The number of interpolate_shells was not specified. The value was set to 80.
2025-02-15T21:51:22.4793530Z 
2025-02-15T21:51:22.4793730Z -- Docs: https://docs.pytest.org/en/stable/how-to/capture-warnings.html
2025-02-15T21:51:22.4794000Z 
2025-02-15T21:51:22.4794130Z ---------- coverage: platform darwin, python 3.12.4-final-0 ----------
2025-02-15T21:51:22.4794510Z Coverage HTML written to dir coverage_html_report
2025-02-15T21:51:22.4794790Z Coverage XML written to file coverage.xml
2025-02-15T21:51:22.4794990Z 
2025-02-15T21:51:22.4795160Z =========================== short test summary info ============================
2025-02-15T21:51:22.4795720Z FAILED tardis/io/tests/test_model_reader.py::test_simple_read_artis_density - ValueError: not enough values to unpack (expected 4, got 3)
2025-02-15T21:51:22.4796330Z = 1 failed, 1437 passed, 329 skipped, 2 deselected, 19 xfailed, 8 xpassed, 92 warnings in 664.76s (0:11:04) =
2025-02-15T21:51:24.2854790Z ##[error]Process completed with exit code 1.
2025-02-15T21:51:24.3865090Z Post job cleanup.
2025-02-15T21:51:24.3920280Z Post job cleanup.
2025-02-15T21:51:24.8677660Z Will use pre-installed micromamba at /Users/runner/micromamba-bin/micromamba
2025-02-15T21:51:24.8684290Z Removing micromamba run shell ...
2025-02-15T21:51:24.8686510Z ##[group]Deinitialize micromamba for bash
2025-02-15T21:51:24.8762790Z [command]/Users/runner/micromamba-bin/micromamba shell deinit -s bash -r /Users/runner/micromamba --log-level warning --rc-file /Users/runner/work/_temp/setup-micromamba/.condarc
2025-02-15T21:51:24.9690420Z Resetting RC file "/Users/runner/.bash_profile"
2025-02-15T21:51:24.9690750Z Deleting config for root prefix 
2025-02-15T21:51:24.9692190Z Clearing mamba executable environment variable
2025-02-15T21:51:24.9717910Z Removing the following in your "/Users/runner/.bash_profile" file
2025-02-15T21:51:24.9718240Z # >>> mamba initialize >>>
2025-02-15T21:51:24.9718420Z ...
2025-02-15T21:51:24.9718560Z # <<< mamba initialize <<<
2025-02-15T21:51:24.9762610Z Removing environment tardis from auto-activate bash ...
2025-02-15T21:51:24.9901010Z Post job cleanup.
2025-02-15T21:51:24.9948730Z Post job cleanup.
2025-02-15T21:51:25.2410390Z [command]/opt/homebrew/bin/git version
2025-02-15T21:51:25.2935590Z git version 2.48.1
2025-02-15T21:51:25.3016750Z Copying '/Users/runner/.gitconfig' to '/Users/runner/work/_temp/feedc974-c450-4b88-9ca8-3502dd456b2b/.gitconfig'
2025-02-15T21:51:25.3033170Z Temporarily overriding HOME='/Users/runner/work/_temp/feedc974-c450-4b88-9ca8-3502dd456b2b' before making global git config changes
2025-02-15T21:51:25.3034270Z Adding repository directory to the temporary git global config as a safe directory
2025-02-15T21:51:25.3070420Z [command]/opt/homebrew/bin/git config --global --add safe.directory /Users/runner/work/tardis/tardis/tardis-regression-data
2025-02-15T21:51:25.3328520Z [command]/opt/homebrew/bin/git config --local --name-only --get-regexp core\.sshCommand
2025-02-15T21:51:25.3370860Z [command]/opt/homebrew/bin/git submodule foreach --recursive sh -c "git config --local --name-only --get-regexp 'core\.sshCommand' && git config --local --unset-all 'core.sshCommand' || :"
2025-02-15T21:51:25.5096080Z [command]/opt/homebrew/bin/git config --local --name-only --get-regexp http\.https\:\/\/github\.com\/\.extraheader
2025-02-15T21:51:25.5144610Z http.https://github.com/.extraheader
2025-02-15T21:51:25.5154030Z [command]/opt/homebrew/bin/git config --local --unset-all http.https://github.com/.extraheader
2025-02-15T21:51:25.5215940Z [command]/opt/homebrew/bin/git submodule foreach --recursive sh -c "git config --local --name-only --get-regexp 'http\.https\:\/\/github\.com\/\.extraheader' && git config --local --unset-all 'http.https://github.com/.extraheader' || :"
2025-02-15T21:51:25.8356700Z Post job cleanup.
2025-02-15T21:51:25.9507850Z [command]/opt/homebrew/bin/git version
2025-02-15T21:51:25.9555140Z git version 2.48.1
2025-02-15T21:51:25.9581210Z Copying '/Users/runner/.gitconfig' to '/Users/runner/work/_temp/f0597a1e-66ef-4c37-9dbd-921591d1627b/.gitconfig'
2025-02-15T21:51:25.9587160Z Temporarily overriding HOME='/Users/runner/work/_temp/f0597a1e-66ef-4c37-9dbd-921591d1627b' before making global git config changes
2025-02-15T21:51:25.9587930Z Adding repository directory to the temporary git global config as a safe directory
2025-02-15T21:51:25.9590730Z [command]/opt/homebrew/bin/git config --global --add safe.directory /Users/runner/work/tardis/tardis
2025-02-15T21:51:25.9649720Z [command]/opt/homebrew/bin/git config --local --name-only --get-regexp core\.sshCommand
2025-02-15T21:51:25.9722710Z [command]/opt/homebrew/bin/git submodule foreach --recursive sh -c "git config --local --name-only --get-regexp 'core\.sshCommand' && git config --local --unset-all 'core.sshCommand' || :"
2025-02-15T21:51:26.0291850Z [command]/opt/homebrew/bin/git config --local --name-only --get-regexp http\.https\:\/\/github\.com\/\.extraheader
2025-02-15T21:51:26.0333130Z http.https://github.com/.extraheader
2025-02-15T21:51:26.0341780Z [command]/opt/homebrew/bin/git config --local --unset-all http.https://github.com/.extraheader
2025-02-15T21:51:26.0402460Z [command]/opt/homebrew/bin/git submodule foreach --recursive sh -c "git config --local --name-only --get-regexp 'http\.https\:\/\/github\.com\/\.extraheader' && git config --local --unset-all 'http.https://github.com/.extraheader' || :"
2025-02-15T21:51:26.1171890Z Cleaning up orphan processes
