2025-01-13T20:05:08.0231725Z ##[group]Run pytest tardis --tardis-regression-data=/home/runner/work/tardis/tardis/tardis-regression-data --cov=tardis --cov-report=xml --cov-report=html --cov-append -m "not continuum"
2025-01-13T20:05:08.0233052Z [36;1mpytest tardis --tardis-regression-data=/home/runner/work/tardis/tardis/tardis-regression-data --cov=tardis --cov-report=xml --cov-report=html --cov-append -m "not continuum"[0m
2025-01-13T20:05:08.0260373Z shell: /usr/bin/bash -l {0}
2025-01-13T20:05:08.0260616Z env:
2025-01-13T20:05:08.0260789Z   CACHE_NUMBER: 0
2025-01-13T20:05:08.0261394Z   PYTEST_FLAGS: --tardis-regression-data=/home/runner/work/tardis/tardis/tardis-regression-data --cov=tardis --cov-report=xml --cov-report=html --cov-append
2025-01-13T20:05:08.0262032Z   CODECOV_TOKEN: 
2025-01-13T20:05:08.0262252Z   MAMBA_ROOT_PREFIX: /home/runner/micromamba
2025-01-13T20:05:08.0262558Z   MAMBA_EXE: /home/runner/micromamba-bin/micromamba
2025-01-13T20:05:08.0262903Z   CONDARC: /home/runner/work/_temp/setup-micromamba/.condarc
2025-01-13T20:05:08.0263253Z ##[endgroup]
2025-01-13T20:05:16.5826747Z ============================= test session starts ==============================
2025-01-13T20:05:16.5827563Z platform linux -- Python 3.12.4, pytest-8.2.2, pluggy-1.5.0
2025-01-13T20:05:16.5828165Z rootdir: /home/runner/work/tardis/tardis
2025-01-13T20:05:16.5828962Z configfile: pyproject.toml
2025-01-13T20:05:16.5829647Z plugins: anyio-4.4.0, doctestplus-1.2.1, cov-5.0.0, html-4.1.1, metadata-3.1.1
2025-01-13T20:05:16.5830347Z collected 1796 items / 2 deselected / 1794 selected
2025-01-13T20:05:16.5830694Z 
2025-01-13T20:05:21.5825631Z tardis/energy_input/tests/test_energy_source.py ..xxx                    [  0%]
2025-01-13T20:05:24.5238130Z tardis/energy_input/tests/test_gamma_ray_channel.py ...........          [  0%]
2025-01-13T20:05:26.1047172Z tardis/energy_input/tests/test_gamma_ray_grid.py xx.                     [  1%]
2025-01-13T20:05:27.9161154Z tardis/energy_input/tests/test_gamma_ray_interactions.py xx....          [  1%]
2025-01-13T20:05:27.9252950Z tardis/energy_input/tests/test_gamma_ray_packet_source.py sssssssss      [  1%]
2025-01-13T20:05:29.2494344Z tardis/energy_input/tests/test_util.py .....xxxx.....                    [  2%]
2025-01-13T20:05:29.6392416Z tardis/grid/tests/test_grid.py .                                         [  2%]
2025-01-13T20:05:29.6410231Z tardis/gui/tests/test_gui.py s                                           [  2%]
2025-01-13T20:05:33.4590142Z tardis/io/configuration/tests/test_config_reader.py ...........          [  3%]
2025-01-13T20:05:33.4718169Z tardis/io/configuration/tests/test_configuration_namespace.py .........  [  3%]
2025-01-13T20:05:33.4994534Z tardis/io/logger/tests/test_logging.py ssssssssssssssssssssssssssss      [  5%]
2025-01-13T20:06:12.9113115Z tardis/io/model/readers/tests/test_arepo_parser.py ..                    [  5%]
2025-01-13T20:06:12.9260428Z tardis/io/model/readers/tests/test_ascii_readers.py ...                  [  5%]
2025-01-13T20:06:12.9364850Z tardis/io/model/readers/tests/test_cmfgen_reader.py ..                   [  5%]
2025-01-13T20:06:12.9663144Z tardis/io/model/readers/tests/test_csvy_reader.py ....                   [  6%]
2025-01-13T20:06:12.9873404Z tardis/io/model/readers/tests/test_stella_reader.py ..                   [  6%]
2025-01-13T20:06:13.2926269Z tardis/io/tests/test_HDFWriter.py ...............                        [  7%]
2025-01-13T20:06:13.6147115Z tardis/io/tests/test_atomic.py .....                                     [  7%]
2025-01-13T20:06:13.6351531Z tardis/io/tests/test_decay.py ..                                         [  7%]
2025-01-13T20:06:13.8324031Z tardis/io/tests/test_model_reader.py ......                              [  7%]
2025-01-13T20:06:13.8394696Z tardis/model/geometry/tests/test_radial1d.py ..                          [  7%]
2025-01-13T20:07:15.1147843Z tardis/model/tests/test_base.py ........................................ [ 10%]
2025-01-13T20:07:16.1301711Z ............                                                             [ 10%]
2025-01-13T20:07:19.2444677Z tardis/model/tests/test_csvy_model.py .........                          [ 11%]
2025-01-13T20:07:19.2937003Z tardis/model/tests/test_density.py ..                                    [ 11%]
2025-01-13T20:07:20.6658177Z tardis/opacities/tests/test_opacity_solver.py .....                      [ 11%]
2025-01-13T20:07:22.0536597Z tardis/opacities/tests/test_opacity_state_numba.py .....                 [ 11%]
2025-01-13T20:07:24.2392699Z tardis/opacities/tests/test_tau_sobolev.py FF                            [ 12%]
2025-01-13T20:07:27.0357530Z tardis/plasma/equilibrium/tests/test_collisional_transitions.py ...      [ 12%]
2025-01-13T20:08:14.4622643Z tardis/plasma/equilibrium/tests/test_level_populations.py ....           [ 12%]
2025-01-13T20:08:26.0443095Z tardis/plasma/equilibrium/tests/test_rate_matrix.py .                    [ 12%]
2025-01-13T20:08:27.5157287Z tardis/plasma/tests/test_complete_plasmas.py .....................s..... [ 13%]
2025-01-13T20:08:30.5004471Z s....ssssss............s............ss.....s....ssssss............s..... [ 18%]
2025-01-13T20:08:32.2792305Z .......ss.....s....ssssss............s............ss.....s....ssssss.... [ 22%]
2025-01-13T20:08:35.3225472Z ........s............ss.....s........ss............s............ss.....s [ 26%]
2025-01-13T20:08:38.2458278Z ........ss............s............ss.....s....ssssss............s...... [ 30%]
2025-01-13T20:08:38.9930691Z ......ss.....s....ssssss............s............ss.....s.ss.ssssss..... [ 34%]
2025-01-13T20:08:41.9015578Z .......s............ss.....s....ssssss............s............ss.....s. [ 38%]
2025-01-13T20:08:44.8145295Z ...ssssss............s............ss.....s....ssssss............s....... [ 42%]
2025-01-13T20:08:47.9438432Z .....ss.....s....ssssss............s............s...........ssssss...... [ 46%]
2025-01-13T20:08:49.7904480Z ......s............s...........ssssss............s............s......... [ 50%]
2025-01-13T20:08:52.7862988Z ..ssssss............s............ss.....s....ssssss............s........ [ 54%]
2025-01-13T20:08:56.5679916Z ....ss.....s....ssssss..........................s.....s....ssss......... [ 58%]
2025-01-13T20:08:56.8987802Z ...................s.....s....ssss.......                                [ 60%]
2025-01-13T20:08:57.0147976Z tardis/plasma/tests/test_hdf_plasma.py ................................. [ 62%]
2025-01-13T20:08:57.0261317Z ......                                                                   [ 62%]
2025-01-13T20:08:57.1665685Z tardis/plasma/tests/test_nlte_excitation.py ...                          [ 62%]
2025-01-13T20:11:14.7957450Z tardis/plasma/tests/test_nlte_solver.py .....X                           [ 63%]
2025-01-13T20:11:14.7982926Z tardis/plasma/tests/test_plasma_continuum.py .                           [ 63%]
2025-01-13T20:11:38.4054735Z tardis/plasma/tests/test_plasma_vboundary.py .............               [ 63%]
2025-01-13T20:11:51.4712274Z tardis/plasma/tests/test_tardis_model_density_config.py ...              [ 64%]
2025-01-13T20:11:52.2111606Z tardis/simulation/tests/test_convergence.py .....                        [ 64%]
2025-01-13T20:12:00.7911130Z tardis/simulation/tests/test_simulation.py .............                 [ 65%]
2025-01-13T20:12:00.8102241Z tardis/spectrum/tests/test_cuda_formal_integral.py sssssssssssssssssssss [ 66%]
2025-01-13T20:12:01.2842468Z ssss...ssssssssssssssssssssss                                            [ 67%]
2025-01-13T20:12:01.2914597Z tardis/spectrum/tests/test_luminosity.py ....                            [ 68%]
2025-01-13T20:12:02.9079825Z tardis/spectrum/tests/test_numba_formal_integral.py .................... [ 69%]
2025-01-13T20:12:02.9273881Z ..........                                                               [ 69%]
2025-01-13T20:12:03.1004314Z tardis/spectrum/tests/test_spectrum.py ................................. [ 71%]
2025-01-13T20:12:03.1338925Z .........                                                                [ 72%]
2025-01-13T20:12:22.3738540Z tardis/spectrum/tests/test_spectrum_solver.py ....                       [ 72%]
2025-01-13T20:13:24.3867119Z tardis/tests/test_tardis_full.py ....                                    [ 72%]
2025-01-13T20:14:49.4047025Z tardis/tests/test_tardis_full_formal_integral.py ................        [ 73%]
2025-01-13T20:14:49.4807072Z tardis/tests/test_util.py .............................................  [ 75%]
2025-01-13T20:14:52.1134888Z tardis/transport/montecarlo/tests/test_base.py x.....................    [ 77%]
2025-01-13T20:15:00.0499897Z tardis/transport/montecarlo/tests/test_interaction.py .......            [ 77%]
2025-01-13T20:15:00.2829341Z tardis/transport/montecarlo/tests/test_macro_atom.py ....                [ 77%]
2025-01-13T20:15:00.3009446Z tardis/transport/montecarlo/tests/test_montecarlo.py sssssssssssssssssss [ 78%]
2025-01-13T20:15:00.3430298Z sssssssssssssssssssssssssssssssssssssssssssss                            [ 81%]
2025-01-13T20:15:09.3607412Z tardis/transport/montecarlo/tests/test_montecarlo_main_loop.py x..       [ 81%]
2025-01-13T20:15:09.3676699Z tardis/transport/montecarlo/tests/test_nonhomologous.py ...              [ 81%]
2025-01-13T20:15:15.3947640Z tardis/transport/montecarlo/tests/test_numba_interface.py .....x.        [ 82%]
2025-01-13T20:15:15.9015378Z tardis/transport/montecarlo/tests/test_opacities.py ...............      [ 82%]
2025-01-13T20:15:17.5596043Z tardis/transport/montecarlo/tests/test_packet.py .................xXXXXX [ 84%]
2025-01-13T20:15:17.7222755Z XX.........                                                              [ 84%]
2025-01-13T20:15:17.7512966Z tardis/transport/montecarlo/tests/test_packet_source.py ........         [ 85%]
2025-01-13T20:15:18.0845867Z tardis/transport/montecarlo/tests/test_rpacket_last_interaction_tracker.py . [ 85%]
2025-01-13T20:15:18.5143852Z .....                                                                    [ 85%]
2025-01-13T20:15:55.4962192Z tardis/transport/montecarlo/tests/test_rpacket_tracker.py ......         [ 85%]
2025-01-13T20:15:55.5261695Z tardis/transport/montecarlo/tests/test_single_packet_loop.py xxx         [ 86%]
2025-01-13T20:15:55.5294625Z tardis/transport/montecarlo/tests/test_tracker_utils.py ..               [ 86%]
2025-01-13T20:15:58.1093991Z tardis/transport/montecarlo/tests/test_vpacket.py ..x.                   [ 86%]
2025-01-13T20:15:58.1271861Z tardis/transport/montecarlo/tests/test_weighted_packet_source.py ....    [ 86%]
2025-01-13T20:16:01.5759971Z tardis/transport/montecarlo/tests/test_weighted_packet_source_integration.py . [ 86%]
2025-01-13T20:16:01.5761820Z                                                                          [ 86%]
2025-01-13T20:16:02.3900259Z tardis/transport/tests/test_doppler_factor.py ..................         [ 87%]
2025-01-13T20:16:03.7624018Z tardis/visualization/tools/tests/test_convergence_plot.py .............. [ 88%]
2025-01-13T20:16:05.9691006Z ......                                                                   [ 88%]
2025-01-13T20:16:10.6594848Z tardis/visualization/tools/tests/test_liv_plot.py ...................... [ 90%]
2025-01-13T20:16:13.8784786Z .............................                                            [ 91%]
2025-01-13T20:16:16.7737788Z tardis/visualization/tools/tests/test_rpacket_plot.py .................. [ 92%]
2025-01-13T20:16:23.8962979Z ....                                                                     [ 92%]
2025-01-13T20:16:30.0954900Z tardis/visualization/tools/tests/test_sdec_plot.py ..................... [ 94%]
2025-01-13T20:16:37.8191159Z ..............................                                           [ 95%]
2025-01-13T20:16:38.2537126Z tardis/visualization/widgets/tests/test_custom_abundance.py ........ss.. [ 96%]
2025-01-13T20:16:38.3278216Z ....                                                                     [ 96%]
2025-01-13T20:16:39.4109695Z tardis/visualization/widgets/tests/test_line_info.py ................... [ 97%]
2025-01-13T20:16:40.0519030Z ..................                                                       [ 98%]
2025-01-13T20:17:43.9958884Z tardis/visualization/widgets/tests/test_shell_info.py .................. [ 99%]
2025-01-13T20:17:50.5512893Z ......                                                                   [100%]
2025-01-13T20:17:50.5513403Z 
2025-01-13T20:17:50.5513530Z =================================== FAILURES ===================================
2025-01-13T20:17:50.5513979Z _____________________ test_calculate_sobolev_line_opacity ______________________
2025-01-13T20:17:50.5514275Z 
2025-01-13T20:17:50.5514548Z nb_simulation_verysimple = <tardis.simulation.base.Simulation object at 0x7ff2dc831eb0>
2025-01-13T20:17:50.5515225Z regression_data = <tardis.tests.fixtures.regression_data.RegressionData object at 0x7ff2dc832a20>
2025-01-13T20:17:50.5515633Z 
2025-01-13T20:17:50.5515744Z     def test_calculate_sobolev_line_opacity(
2025-01-13T20:17:50.5516067Z         nb_simulation_verysimple, regression_data
2025-01-13T20:17:50.5516356Z     ):
2025-01-13T20:17:50.5516596Z         legacy_plasma = nb_simulation_verysimple.plasma
2025-01-13T20:17:50.5516909Z     
2025-01-13T20:17:50.5517115Z         actual = calculate_sobolev_line_opacity(
2025-01-13T20:17:50.5517410Z             legacy_plasma.lines,
2025-01-13T20:17:50.5517680Z             legacy_plasma.level_number_density,
2025-01-13T20:17:50.5517977Z             legacy_plasma.time_explosion,
2025-01-13T20:17:50.5518273Z             legacy_plasma.stimulated_emission_factor,
2025-01-13T20:17:50.5518534Z         )
2025-01-13T20:17:50.5518956Z >       expected = regression_data.sync_dataframe(actual)
2025-01-13T20:17:50.5519159Z 
2025-01-13T20:17:50.5519275Z tardis/opacities/tests/test_tau_sobolev.py:21: 
2025-01-13T20:17:50.5519575Z _ _ _ _ _ _ _ _ _ _ _ _ _ _ _ _ _ _ _ _ _ _ _ _ _ _ _ _ _ _ _ _ _ _ _ _ _ _ _ _ 
2025-01-13T20:17:50.5519933Z tardis/tests/fixtures/regression_data.py:88: in sync_dataframe
2025-01-13T20:17:50.5520293Z     return pd.read_hdf(self.fpath, key=key)
2025-01-13T20:17:50.5520580Z _ _ _ _ _ _ _ _ _ _ _ _ _ _ _ _ _ _ _ _ _ _ _ _ _ _ _ _ _ _ _ _ _ _ _ _ _ _ _ _ 
2025-01-13T20:17:50.5520787Z 
2025-01-13T20:17:50.5521161Z path_or_buf = '/home/runner/work/tardis/tardis/tardis-regression-data/test_tau_sobolev/test_calculate_sobolev_line_opacity.h5'
2025-01-13T20:17:50.5521770Z key = 'data', mode = 'r', errors = 'strict', where = None, start = None
2025-01-13T20:17:50.5522169Z stop = None, columns = None, iterator = False, chunksize = None, kwargs = {}
2025-01-13T20:17:50.5522502Z exists = False
2025-01-13T20:17:50.5522613Z 
2025-01-13T20:17:50.5522682Z     def read_hdf(
2025-01-13T20:17:50.5522885Z         path_or_buf: FilePath | HDFStore,
2025-01-13T20:17:50.5523121Z         key=None,
2025-01-13T20:17:50.5523305Z         mode: str = "r",
2025-01-13T20:17:50.5523509Z         errors: str = "strict",
2025-01-13T20:17:50.5523735Z         where: str | list | None = None,
2025-01-13T20:17:50.5523976Z         start: int | None = None,
2025-01-13T20:17:50.5524199Z         stop: int | None = None,
2025-01-13T20:17:50.5524425Z         columns: list[str] | None = None,
2025-01-13T20:17:50.5524666Z         iterator: bool = False,
2025-01-13T20:17:50.5524918Z         chunksize: int | None = None,
2025-01-13T20:17:50.5525144Z         **kwargs,
2025-01-13T20:17:50.5525313Z     ):
2025-01-13T20:17:50.5525467Z         """
2025-01-13T20:17:50.5525674Z         Read from the store, close it if we opened it.
2025-01-13T20:17:50.5525931Z     
2025-01-13T20:17:50.5526443Z         Retrieve pandas object stored in file, optionally based on where
2025-01-13T20:17:50.5526758Z         criteria.
2025-01-13T20:17:50.5526929Z     
2025-01-13T20:17:50.5533622Z         .. warning::
2025-01-13T20:17:50.5533974Z     
2025-01-13T20:17:50.5534263Z            Pandas uses PyTables for reading and writing HDF5 files, which allows
2025-01-13T20:17:50.5534731Z            serializing object-dtype data with pickle when using the "fixed" format.
2025-01-13T20:17:50.5535176Z            Loading pickled data received from untrusted sources can be unsafe.
2025-01-13T20:17:50.5535497Z     
2025-01-13T20:17:50.5535989Z            See: https://docs.python.org/3/library/pickle.html for more.
2025-01-13T20:17:50.5536312Z     
2025-01-13T20:17:50.5536474Z         Parameters
2025-01-13T20:17:50.5536662Z         ----------
2025-01-13T20:17:50.5536904Z         path_or_buf : str, path object, pandas.HDFStore
2025-01-13T20:17:50.5537296Z             Any valid string path is acceptable. Only supports the local file system,
2025-01-13T20:17:50.5537704Z             remote URLs and file-like objects are not supported.
2025-01-13T20:17:50.5537994Z     
2025-01-13T20:17:50.5538214Z             If you want to pass in a path object, pandas accepts any
2025-01-13T20:17:50.5538524Z             ``os.PathLike``.
2025-01-13T20:17:50.5538955Z     
2025-01-13T20:17:50.5539237Z             Alternatively, pandas accepts an open :class:`pandas.HDFStore` object.
2025-01-13T20:17:50.5539569Z     
2025-01-13T20:17:50.5539736Z         key : object, optional
2025-01-13T20:17:50.5540039Z             The group identifier in the store. Can be omitted if the HDF file
2025-01-13T20:17:50.5540564Z             contains a single pandas object.
2025-01-13T20:17:50.5540824Z         mode : {'r', 'r+', 'a'}, default 'r'
2025-01-13T20:17:50.5541123Z             Mode to use when opening the file. Ignored if path_or_buf is a
2025-01-13T20:17:50.5541459Z             :class:`pandas.HDFStore`. Default is 'r'.
2025-01-13T20:17:50.5541737Z         errors : str, default 'strict'
2025-01-13T20:17:50.5542046Z             Specifies how encoding and decoding errors are to be handled.
2025-01-13T20:17:50.5542409Z             See the errors argument for :func:`open` for a full list
2025-01-13T20:17:50.5542693Z             of options.
2025-01-13T20:17:50.5542908Z         where : list, optional
2025-01-13T20:17:50.5543146Z             A list of Term (or convertible) objects.
2025-01-13T20:17:50.5543407Z         start : int, optional
2025-01-13T20:17:50.5543635Z             Row number to start selection.
2025-01-13T20:17:50.5543873Z         stop  : int, optional
2025-01-13T20:17:50.5544099Z             Row number to stop selection.
2025-01-13T20:17:50.5544341Z         columns : list, optional
2025-01-13T20:17:50.5544575Z             A list of columns names to return.
2025-01-13T20:17:50.5544826Z         iterator : bool, optional
2025-01-13T20:17:50.5545070Z             Return an iterator object.
2025-01-13T20:17:50.5545326Z         chunksize : int, optional
2025-01-13T20:17:50.5545622Z             Number of rows to include in an iteration when using an iterator.
2025-01-13T20:17:50.5545930Z         **kwargs
2025-01-13T20:17:50.5546157Z             Additional keyword arguments passed to HDFStore.
2025-01-13T20:17:50.5546429Z     
2025-01-13T20:17:50.5546582Z         Returns
2025-01-13T20:17:50.5546754Z         -------
2025-01-13T20:17:50.5546921Z         object
2025-01-13T20:17:50.5547168Z             The selected object. Return type depends on the object stored.
2025-01-13T20:17:50.5547466Z     
2025-01-13T20:17:50.5547624Z         See Also
2025-01-13T20:17:50.5547801Z         --------
2025-01-13T20:17:50.5548030Z         DataFrame.to_hdf : Write a HDF file from a DataFrame.
2025-01-13T20:17:50.5548340Z         HDFStore : Low-level access to HDF files.
2025-01-13T20:17:50.5548583Z     
2025-01-13T20:17:50.5548927Z         Examples
2025-01-13T20:17:50.5549100Z         --------
2025-01-13T20:17:50.5549361Z         >>> df = pd.DataFrame([[1, 1.0, 'a']], columns=['x', 'y', 'z'])  # doctest: +SKIP
2025-01-13T20:17:50.5549871Z         >>> df.to_hdf('./store.h5', 'data')  # doctest: +SKIP
2025-01-13T20:17:50.5550180Z         >>> reread = pd.read_hdf('./store.h5')  # doctest: +SKIP
2025-01-13T20:17:50.5550449Z         """
2025-01-13T20:17:50.5550625Z         if mode not in ["r", "r+", "a"]:
2025-01-13T20:17:50.5550863Z             raise ValueError(
2025-01-13T20:17:50.5551136Z                 f"mode {mode} is not allowed while performing a read. "
2025-01-13T20:17:50.5551445Z                 f"Allowed modes are r, r+ and a."
2025-01-13T20:17:50.5551682Z             )
2025-01-13T20:17:50.5551978Z         # grab the scope
2025-01-13T20:17:50.5552178Z         if where is not None:
2025-01-13T20:17:50.5552411Z             where = _ensure_term(where, scope_level=1)
2025-01-13T20:17:50.5552657Z     
2025-01-13T20:17:50.5552836Z         if isinstance(path_or_buf, HDFStore):
2025-01-13T20:17:50.5553094Z             if not path_or_buf.is_open:
2025-01-13T20:17:50.5553392Z                 raise OSError("The HDFStore must be open for reading.")
2025-01-13T20:17:50.5553677Z     
2025-01-13T20:17:50.5553843Z             store = path_or_buf
2025-01-13T20:17:50.5554060Z             auto_close = False
2025-01-13T20:17:50.5554261Z         else:
2025-01-13T20:17:50.5554468Z             path_or_buf = stringify_path(path_or_buf)
2025-01-13T20:17:50.5554748Z             if not isinstance(path_or_buf, str):
2025-01-13T20:17:50.5555016Z                 raise NotImplementedError(
2025-01-13T20:17:50.5555319Z                     "Support for generic buffers has not been implemented."
2025-01-13T20:17:50.5555618Z                 )
2025-01-13T20:17:50.5555791Z             try:
2025-01-13T20:17:50.5555992Z                 exists = os.path.exists(path_or_buf)
2025-01-13T20:17:50.5556414Z     
2025-01-13T20:17:50.5556700Z             # if filepath is too long
2025-01-13T20:17:50.5557106Z             except (TypeError, ValueError):
2025-01-13T20:17:50.5557355Z                 exists = False
2025-01-13T20:17:50.5557562Z     
2025-01-13T20:17:50.5557726Z             if not exists:
2025-01-13T20:17:50.5558012Z >               raise FileNotFoundError(f"File {path_or_buf} does not exist")
2025-01-13T20:17:50.5558950Z E               FileNotFoundError: File /home/runner/work/tardis/tardis/tardis-regression-data/test_tau_sobolev/test_calculate_sobolev_line_opacity.h5 does not exist
2025-01-13T20:17:50.5559513Z 
2025-01-13T20:17:50.5559809Z ../../../micromamba/envs/tardis/lib/python3.12/site-packages/pandas/io/pytables.py:424: FileNotFoundError
2025-01-13T20:17:50.5560342Z ---------------------------- Captured stdout setup -----------------------------
2025-01-13T20:17:50.5560987Z [[1mtardis.io.model.parse_density_configuration[0m][[1;33mWARNING[0m]  
2025-01-13T20:17:50.5561698Z 	Number of density points larger than number of shells. Assuming inner point irrelevant ([1mparse_density_configuration.py[0m:114)
2025-01-13T20:17:50.5562280Z ---------------------------- Captured stderr setup -----------------------------
2025-01-13T20:17:50.5562523Z 
2025-01-13T20:17:50.5562848Z Iterations:â–ˆâ–ˆâ–ˆâ–ˆâ–ˆâ–ˆâ–ˆâ–ˆâ–ˆâ–ˆâ–ˆâ–ˆâ–ˆâ–ˆâ–ˆâ–ˆâ–ˆâ–ˆâ–ˆâ–ˆâ–ˆâ–ˆâ–ˆâ–ˆâ–ˆâ–ˆâ–ˆâ–ˆâ–ˆâ–ˆâ–ˆâ–ˆâ–ˆâ–ˆâ–ˆâ–ˆâ–ˆâ–ˆâ–ˆâ–ˆâ–ˆâ–ˆâ–ˆâ–ˆâ–ˆâ–ˆâ–ˆâ–ˆâ–ˆâ–ˆâ–ˆâ–ˆâ–ˆâ–ˆâ–ˆâ–ˆâ–ˆâ–ˆâ–ˆâ–ˆâ–ˆâ–ˆâ–ˆâ–ˆ                4/5 [00:12<00:02,  2.92s/it]
2025-01-13T20:17:50.5563122Z 
2025-01-13T20:17:50.5563357Z Packets:                                                                                   4030/? [00:12<00:00, 33321.61it/s][A
2025-01-13T20:17:50.5563721Z ------------------------------ Captured log setup ------------------------------
2025-01-13T20:17:50.5564449Z WARNING  tardis.io.model.parse_density_configuration:parse_density_configuration.py:114 Number of density points larger than number of shells. Assuming inner point irrelevant
2025-01-13T20:17:50.5565185Z _________________________ test_calculate_beta_sobolevs _________________________
2025-01-13T20:17:50.5565420Z 
2025-01-13T20:17:50.5565656Z nb_simulation_verysimple = <tardis.simulation.base.Simulation object at 0x7ff2dc831eb0>
2025-01-13T20:17:50.5566241Z regression_data = <tardis.tests.fixtures.regression_data.RegressionData object at 0x7ff2dcb64590>
2025-01-13T20:17:50.5566776Z 
2025-01-13T20:17:50.5566963Z     def test_calculate_beta_sobolevs(nb_simulation_verysimple, regression_data):
2025-01-13T20:17:50.5567355Z         legacy_plasma = nb_simulation_verysimple.plasma
2025-01-13T20:17:50.5567618Z     
2025-01-13T20:17:50.5567815Z         tau_sobolevs = calculate_sobolev_line_opacity(
2025-01-13T20:17:50.5568088Z             legacy_plasma.lines,
2025-01-13T20:17:50.5568335Z             legacy_plasma.level_number_density,
2025-01-13T20:17:50.5568597Z             legacy_plasma.time_explosion,
2025-01-13T20:17:50.5569197Z             legacy_plasma.stimulated_emission_factor,
2025-01-13T20:17:50.5569456Z         )
2025-01-13T20:17:50.5569670Z         actual = calculate_beta_sobolev(tau_sobolevs)
2025-01-13T20:17:50.5569966Z >       expected = regression_data.sync_ndarray(actual)
2025-01-13T20:17:50.5570155Z 
2025-01-13T20:17:50.5570270Z tardis/opacities/tests/test_tau_sobolev.py:35: 
2025-01-13T20:17:50.5570572Z _ _ _ _ _ _ _ _ _ _ _ _ _ _ _ _ _ _ _ _ _ _ _ _ _ _ _ _ _ _ _ _ _ _ _ _ _ _ _ _ 
2025-01-13T20:17:50.5570925Z tardis/tests/fixtures/regression_data.py:111: in sync_ndarray
2025-01-13T20:17:50.5571247Z     return np.load(self.fpath)
2025-01-13T20:17:50.5571497Z _ _ _ _ _ _ _ _ _ _ _ _ _ _ _ _ _ _ _ _ _ _ _ _ _ _ _ _ _ _ _ _ _ _ _ _ _ _ _ _ 
2025-01-13T20:17:50.5571696Z 
2025-01-13T20:17:50.5572074Z file = PosixPath('/home/runner/work/tardis/tardis/tardis-regression-data/test_tau_sobolev/test_calculate_beta_sobolevs.npy')
2025-01-13T20:17:50.5572705Z mmap_mode = None, allow_pickle = False, fix_imports = True, encoding = 'ASCII'
2025-01-13T20:17:50.5572981Z 
2025-01-13T20:17:50.5573057Z     @set_module('numpy')
2025-01-13T20:17:50.5573346Z     def load(file, mmap_mode=None, allow_pickle=False, fix_imports=True,
2025-01-13T20:17:50.5573792Z              encoding='ASCII', *, max_header_size=format._MAX_HEADER_SIZE):
2025-01-13T20:17:50.5574092Z         """
2025-01-13T20:17:50.5574361Z         Load arrays or pickled objects from ``.npy``, ``.npz`` or pickled files.
2025-01-13T20:17:50.5574700Z     
2025-01-13T20:17:50.5574977Z         .. warning:: Loading files that contain object arrays uses the ``pickle``
2025-01-13T20:17:50.5575384Z                      module, which is not secure against erroneous or maliciously
2025-01-13T20:17:50.5575761Z                      constructed data. Consider passing ``allow_pickle=False`` to
2025-01-13T20:17:50.5576134Z                      load data that is known not to contain object arrays for the
2025-01-13T20:17:50.5576453Z                      safer handling of untrusted sources.
2025-01-13T20:17:50.5576705Z     
2025-01-13T20:17:50.5576860Z         Parameters
2025-01-13T20:17:50.5577043Z         ----------
2025-01-13T20:17:50.5577262Z         file : file-like object, string, or pathlib.Path
2025-01-13T20:17:50.5577583Z             The file to read. File-like objects must support the
2025-01-13T20:17:50.5577899Z             ``seek()`` and ``read()`` methods and must always
2025-01-13T20:17:50.5578228Z             be opened in binary mode.  Pickled files require that the
2025-01-13T20:17:50.5578590Z             file-like object support the ``readline()`` method as well.
2025-01-13T20:17:50.5579154Z         mmap_mode : {None, 'r+', 'r', 'w+', 'c'}, optional
2025-01-13T20:17:50.5579494Z             If not None, then memory-map the file, using the given mode (see
2025-01-13T20:17:50.5579875Z             `numpy.memmap` for a detailed description of the modes).  A
2025-01-13T20:17:50.5580260Z             memory-mapped array is kept on disk. However, it can be accessed
2025-01-13T20:17:50.5580675Z             and sliced like any ndarray.  Memory mapping is especially useful
2025-01-13T20:17:50.5581073Z             for accessing small fragments of large files without reading the
2025-01-13T20:17:50.5581398Z             entire file into memory.
2025-01-13T20:17:50.5581639Z         allow_pickle : bool, optional
2025-01-13T20:17:50.5581980Z             Allow loading pickled object arrays stored in npy files. Reasons for
2025-01-13T20:17:50.5582540Z             disallowing pickles include security, as loading pickled data can
2025-01-13T20:17:50.5582944Z             execute arbitrary code. If pickles are disallowed, loading object
2025-01-13T20:17:50.5583280Z             arrays will fail. Default: False
2025-01-13T20:17:50.5583508Z     
2025-01-13T20:17:50.5583679Z             .. versionchanged:: 1.16.3
2025-01-13T20:17:50.5583952Z                 Made default False in response to CVE-2019-6446.
2025-01-13T20:17:50.5584216Z     
2025-01-13T20:17:50.5584380Z         fix_imports : bool, optional
2025-01-13T20:17:50.5584851Z             Only useful when loading Python 2 generated pickled files on Python 3,
2025-01-13T20:17:50.5585297Z             which includes npy/npz files containing object arrays. If `fix_imports`
2025-01-13T20:17:50.5585724Z             is True, pickle will try to map the old Python 2 names to the new names
2025-01-13T20:17:50.5586045Z             used in Python 3.
2025-01-13T20:17:50.5586272Z         encoding : str, optional
2025-01-13T20:17:50.5586573Z             What encoding to use when reading Python 2 strings. Only useful when
2025-01-13T20:17:50.5586984Z             loading Python 2 generated pickled files in Python 3, which includes
2025-01-13T20:17:50.5587399Z             npy/npz files containing object arrays. Values other than 'latin1',
2025-01-13T20:17:50.5587795Z             'ASCII', and 'bytes' are not allowed, as they can corrupt numerical
2025-01-13T20:17:50.5588120Z             data. Default: 'ASCII'
2025-01-13T20:17:50.5588354Z         max_header_size : int, optional
2025-01-13T20:17:50.5588855Z             Maximum allowed size of the header.  Large headers may not be safe
2025-01-13T20:17:50.5589270Z             to load securely and thus require explicitly passing a larger value.
2025-01-13T20:17:50.5589626Z             See :py:func:`ast.literal_eval()` for details.
2025-01-13T20:17:50.5589972Z             This option is ignored when `allow_pickle` is passed.  In that case
2025-01-13T20:17:50.5590364Z             the file is by definition trusted and the limit is unnecessary.
2025-01-13T20:17:50.5590661Z     
2025-01-13T20:17:50.5590812Z         Returns
2025-01-13T20:17:50.5590983Z         -------
2025-01-13T20:17:50.5591173Z         result : array, tuple, dict, etc.
2025-01-13T20:17:50.5591488Z             Data stored in the file. For ``.npz`` files, the returned instance
2025-01-13T20:17:50.5591878Z             of NpzFile class must be closed to avoid leaking file descriptors.
2025-01-13T20:17:50.5592182Z     
2025-01-13T20:17:50.5592331Z         Raises
2025-01-13T20:17:50.5592501Z         ------
2025-01-13T20:17:50.5592662Z         OSError
2025-01-13T20:17:50.5592876Z             If the input file does not exist or cannot be read.
2025-01-13T20:17:50.5593156Z         UnpicklingError
2025-01-13T20:17:50.5593432Z             If ``allow_pickle=True``, but the file cannot be loaded as a pickle.
2025-01-13T20:17:50.5593734Z         ValueError
2025-01-13T20:17:50.5594005Z             The file contains an object array, but ``allow_pickle=False`` given.
2025-01-13T20:17:50.5594314Z         EOFError
2025-01-13T20:17:50.5594564Z             When calling ``np.load`` multiple times on the same file handle,
2025-01-13T20:17:50.5594888Z             if all data has already been read
2025-01-13T20:17:50.5595124Z     
2025-01-13T20:17:50.5595275Z         See Also
2025-01-13T20:17:50.5595446Z         --------
2025-01-13T20:17:50.5595641Z         save, savez, savez_compressed, loadtxt
2025-01-13T20:17:50.5595970Z         memmap : Create a memory-map to an array stored in a file on disk.
2025-01-13T20:17:50.5596387Z         lib.format.open_memmap : Create or load a memory-mapped ``.npy`` file.
2025-01-13T20:17:50.5596704Z     
2025-01-13T20:17:50.5596853Z         Notes
2025-01-13T20:17:50.5597016Z         -----
2025-01-13T20:17:50.5597264Z         - If the file contains pickle data, then whatever object is stored
2025-01-13T20:17:50.5597585Z           in the pickle is returned.
2025-01-13T20:17:50.5598025Z         - If the file is a ``.npy`` file, then a single array is returned.
2025-01-13T20:17:50.5598386Z         - If the file is a ``.npz`` file, then a dictionary-like object is
2025-01-13T20:17:50.5598956Z           returned, containing ``{filename: array}`` key-value pairs, one for
2025-01-13T20:17:50.5599297Z           each file in the archive.
2025-01-13T20:17:50.5599619Z         - If the file is a ``.npz`` file, the returned value supports the
2025-01-13T20:17:50.5600023Z           context manager protocol in a similar fashion to the open function::
2025-01-13T20:17:50.5600343Z     
2025-01-13T20:17:50.5600641Z             with load('foo.npz') as data:
2025-01-13T20:17:50.5600876Z                 a = data['a']
2025-01-13T20:17:50.5601076Z     
2025-01-13T20:17:50.5601366Z           The underlying file descriptor is closed when exiting the 'with'
2025-01-13T20:17:50.5601674Z           block.
2025-01-13T20:17:50.5601837Z     
2025-01-13T20:17:50.5601986Z         Examples
2025-01-13T20:17:50.5602162Z         --------
2025-01-13T20:17:50.5602360Z         Store data to disk, and load it again:
2025-01-13T20:17:50.5602594Z     
2025-01-13T20:17:50.5602801Z         >>> np.save('/tmp/123', np.array([[1, 2, 3], [4, 5, 6]]))
2025-01-13T20:17:50.5603077Z         >>> np.load('/tmp/123.npy')
2025-01-13T20:17:50.5603301Z         array([[1, 2, 3],
2025-01-13T20:17:50.5603497Z                [4, 5, 6]])
2025-01-13T20:17:50.5603684Z     
2025-01-13T20:17:50.5603883Z         Store compressed data to disk, and load it again:
2025-01-13T20:17:50.5604149Z     
2025-01-13T20:17:50.5604322Z         >>> a=np.array([[1, 2, 3], [4, 5, 6]])
2025-01-13T20:17:50.5604574Z         >>> b=np.array([1, 2])
2025-01-13T20:17:50.5604801Z         >>> np.savez('/tmp/123.npz', a=a, b=b)
2025-01-13T20:17:50.5605057Z         >>> data = np.load('/tmp/123.npz')
2025-01-13T20:17:50.5605291Z         >>> data['a']
2025-01-13T20:17:50.5605479Z         array([[1, 2, 3],
2025-01-13T20:17:50.5605675Z                [4, 5, 6]])
2025-01-13T20:17:50.5605872Z         >>> data['b']
2025-01-13T20:17:50.5606053Z         array([1, 2])
2025-01-13T20:17:50.5606234Z         >>> data.close()
2025-01-13T20:17:50.5606423Z     
2025-01-13T20:17:50.5606642Z         Mem-map the stored array, and then access the second row
2025-01-13T20:17:50.5606942Z         directly from disk:
2025-01-13T20:17:50.5607140Z     
2025-01-13T20:17:50.5607322Z         >>> X = np.load('/tmp/123.npy', mmap_mode='r')
2025-01-13T20:17:50.5607573Z         >>> X[1, :]
2025-01-13T20:17:50.5607754Z         memmap([4, 5, 6])
2025-01-13T20:17:50.5607941Z     
2025-01-13T20:17:50.5608092Z         """
2025-01-13T20:17:50.5608300Z         if encoding not in ('ASCII', 'latin1', 'bytes'):
2025-01-13T20:17:50.5608807Z             # The 'encoding' value for pickle also affects what encoding
2025-01-13T20:17:50.5609172Z             # the serialized binary data of NumPy arrays is loaded
2025-01-13T20:17:50.5609516Z             # in. Pickle does not pass on the encoding information to
2025-01-13T20:17:50.5609868Z             # NumPy. The unpickling code in numpy.core.multiarray is
2025-01-13T20:17:50.5610228Z             # written to assume that unicode data appearing where binary
2025-01-13T20:17:50.5610597Z             # should be is in 'latin1'. 'bytes' is also safe, as is 'ASCII'.
2025-01-13T20:17:50.5610886Z             #
2025-01-13T20:17:50.5611115Z             # Other encoding values can corrupt binary data, and we
2025-01-13T20:17:50.5611479Z             # purposefully disallow them. For the same reason, the errors=
2025-01-13T20:17:50.5611843Z             # argument is not exposed, as values other than 'strict'
2025-01-13T20:17:50.5612186Z             # result can similarly silently corrupt numerical data.
2025-01-13T20:17:50.5612563Z             raise ValueError("encoding must be 'ASCII', 'latin1', or 'bytes'")
2025-01-13T20:17:50.5612879Z     
2025-01-13T20:17:50.5613116Z         pickle_kwargs = dict(encoding=encoding, fix_imports=fix_imports)
2025-01-13T20:17:50.5613420Z     
2025-01-13T20:17:50.5613729Z         with contextlib.ExitStack() as stack:
2025-01-13T20:17:50.5613997Z             if hasattr(file, 'read'):
2025-01-13T20:17:50.5614226Z                 fid = file
2025-01-13T20:17:50.5614429Z                 own_fid = False
2025-01-13T20:17:50.5614633Z             else:
2025-01-13T20:17:50.5614872Z >               fid = stack.enter_context(open(os_fspath(file), "rb"))
2025-01-13T20:17:50.5615583Z E               FileNotFoundError: [Errno 2] No such file or directory: '/home/runner/work/tardis/tardis/tardis-regression-data/test_tau_sobolev/test_calculate_beta_sobolevs.npy'
2025-01-13T20:17:50.5616267Z 
2025-01-13T20:17:50.5616543Z ../../../micromamba/envs/tardis/lib/python3.12/site-packages/numpy/lib/npyio.py:427: FileNotFoundError
2025-01-13T20:17:50.5617018Z =============================== warnings summary ===============================
2025-01-13T20:17:50.5617337Z tardis/io/configuration/config_validator.py:6
2025-01-13T20:17:50.5617637Z tardis/io/configuration/config_validator.py:6
2025-01-13T20:17:50.5618131Z   /home/runner/work/tardis/tardis/tardis/io/configuration/config_validator.py:6: DeprecationWarning:
2025-01-13T20:17:50.5618594Z   
2025-01-13T20:17:50.5620015Z   jsonschema.RefResolver is deprecated as of v4.18.0, in favor of the https://github.com/python-jsonschema/referencing library, which provides more compliant referencing behavior as well as more flexible APIs for customization. A future release will remove RefResolver. Please file a feature request (on referencing) if you are missing an API for the kind of customization you need.
2025-01-13T20:17:50.5621219Z 
2025-01-13T20:17:50.5621462Z ../../../micromamba/envs/tardis/lib/python3.12/site-packages/jupyter_client/connect.py:22
2025-01-13T20:17:50.5622131Z   /home/runner/micromamba/envs/tardis/lib/python3.12/site-packages/jupyter_client/connect.py:22: DeprecationWarning:
2025-01-13T20:17:50.5622642Z   
2025-01-13T20:17:50.5622876Z   Jupyter is migrating its paths to use standard platformdirs
2025-01-13T20:17:50.5623260Z   given by the platformdirs library.  To remove this warning and
2025-01-13T20:17:50.5623650Z   see the appropriate new directories, set the environment variable
2025-01-13T20:17:50.5624035Z   `JUPYTER_PLATFORM_DIRS=1` and then run `jupyter --paths`.
2025-01-13T20:17:50.5624409Z   The use of platformdirs will be the default in `jupyter_core` v6
2025-01-13T20:17:50.5624639Z 
2025-01-13T20:17:50.5624790Z tardis/io/tests/test_HDFWriter.py::test_multi_index_write
2025-01-13T20:17:50.5625295Z tardis/visualization/widgets/tests/test_shell_info.py::TestHDFShellInfo::test_shells_data
2025-01-13T20:17:50.5625837Z   /home/runner/work/tardis/tardis/tardis/io/util.py:276: PerformanceWarning:
2025-01-13T20:17:50.5626195Z   
2025-01-13T20:17:50.5626342Z   
2025-01-13T20:17:50.5626623Z   your performance may suffer as PyTables will pickle object types that it cannot
2025-01-13T20:17:50.5627158Z   map directly to c-types [inferred_type->mixed,key->block0_values] [items->Index([0], dtype='int64')]
2025-01-13T20:17:50.5627503Z 
2025-01-13T20:17:50.5627691Z tardis/io/tests/test_model_reader.py::test_read_cmfgen_isotope_abundances
2025-01-13T20:17:50.5628168Z tardis/plasma/tests/test_tardis_model_density_config.py::test_electron_densities
2025-01-13T20:17:50.5628890Z tardis/plasma/tests/test_tardis_model_density_config.py::test_isotope_number_densities
2025-01-13T20:17:50.5629381Z tardis/plasma/tests/test_tardis_model_density_config.py::test_t_rad
2025-01-13T20:17:50.5629944Z   /home/runner/work/tardis/tardis/tardis/io/model/readers/cmfgen_deprecated.py:82: DeprecationWarning:
2025-01-13T20:17:50.5630410Z   
2025-01-13T20:17:50.5630600Z   The current CMFGEN model parser is deprecated
2025-01-13T20:17:50.5630799Z 
2025-01-13T20:17:50.5630905Z tardis/io/tests/test_model_reader.py: 1 warning
2025-01-13T20:17:50.5631254Z tardis/plasma/tests/test_tardis_model_density_config.py: 9 warnings
2025-01-13T20:17:50.5631815Z   /home/runner/work/tardis/tardis/tardis/io/model/readers/cmfgen_deprecated.py:40: DeprecationWarning:
2025-01-13T20:17:50.5632477Z   
2025-01-13T20:17:50.5632659Z   The current CMFGEN model parser is deprecated
2025-01-13T20:17:50.5632838Z 
2025-01-13T20:17:50.5633042Z tardis/model/tests/test_base.py::TestModelFromPaper1Config::test_abundances
2025-01-13T20:17:50.5633680Z   /home/runner/work/tardis/tardis/tardis/transport/montecarlo/montecarlo_main_loop.py:123: NumbaTypeSafetyWarning:
2025-01-13T20:17:50.5634189Z   
2025-01-13T20:17:50.5634600Z   [1m[1m[1munsafe cast from uint64 to int64. Precision may be lost.[0m[0m[0m
2025-01-13T20:17:50.5634862Z 
2025-01-13T20:17:50.5634965Z tardis/model/tests/test_base.py: 6 warnings
2025-01-13T20:17:50.5635369Z tardis/model/tests/test_csvy_model.py: 2 warnings
2025-01-13T20:17:50.5635732Z tardis/plasma/tests/test_tardis_model_density_config.py: 3 warnings
2025-01-13T20:17:50.5636243Z   /home/runner/work/tardis/tardis/tardis/model/geometry/radial1d.py:50: DeprecationWarning:
2025-01-13T20:17:50.5636656Z   
2025-01-13T20:17:50.5636843Z   v_inner_boundary < 0, assuming default value
2025-01-13T20:17:50.5637036Z 
2025-01-13T20:17:50.5637133Z tardis/model/tests/test_base.py: 6 warnings
2025-01-13T20:17:50.5637413Z tardis/model/tests/test_csvy_model.py: 2 warnings
2025-01-13T20:17:50.5637778Z tardis/plasma/tests/test_tardis_model_density_config.py: 3 warnings
2025-01-13T20:17:50.5638284Z   /home/runner/work/tardis/tardis/tardis/model/geometry/radial1d.py:61: DeprecationWarning:
2025-01-13T20:17:50.5638875Z   
2025-01-13T20:17:50.5639069Z   v_outer_boundary < 0, assuming default value
2025-01-13T20:17:50.5639251Z 
2025-01-13T20:17:50.5639711Z tardis/plasma/equilibrium/tests/test_level_populations.py::TestLevelPopulationSolver::test_solve[collisional_rate_solver0-radiative_transitions0]
2025-01-13T20:17:50.5640548Z   /home/runner/work/tardis/tardis/tardis/plasma/equilibrium/level_populations.py:65: FutureWarning:
2025-01-13T20:17:50.5640996Z   
2025-01-13T20:17:50.5641352Z   A value is trying to be set on a copy of a DataFrame or Series through chained assignment using an inplace method.
2025-01-13T20:17:50.5642146Z   The behavior will change in pandas 3.0. This inplace method will never work because the intermediate object on which we are setting values always behaves as a copy.
2025-01-13T20:17:50.5642737Z   
2025-01-13T20:17:50.5643346Z   For example, when doing 'df[col].method(value, inplace=True)', try using 'df.method({col: value}, inplace=True)' or df[col] = df[col].method(value) instead, to perform the operation inplace on the original object.
2025-01-13T20:17:50.5643954Z 
2025-01-13T20:17:50.5644098Z tardis/plasma/tests/test_complete_plasmas.py: 20 warnings
2025-01-13T20:17:50.5644603Z   /home/runner/work/tardis/tardis/tardis/plasma/tests/test_complete_plasmas.py:197: UserWarning:
2025-01-13T20:17:50.5645037Z   
2025-01-13T20:17:50.5645204Z   Property "atomic_mass" not found
2025-01-13T20:17:50.5645371Z 
2025-01-13T20:17:50.5645794Z tardis/plasma/tests/test_complete_plasmas.py::TestPlasma::test_plasma_properties[radiative_rates_type:detailed-w_epsilon:1e-10-j_blues_norm_factor]
2025-01-13T20:17:50.5646678Z tardis/plasma/tests/test_complete_plasmas.py::TestPlasma::test_plasma_properties[radiative_rates_type:detailed-j_blues_norm_factor]
2025-01-13T20:17:50.5647404Z   /home/runner/work/tardis/tardis/tardis/plasma/tests/test_complete_plasmas.py:197: UserWarning:
2025-01-13T20:17:50.5647827Z   
2025-01-13T20:17:50.5648003Z   Property "j_blues_norm_factor" not found
2025-01-13T20:17:50.5648180Z 
2025-01-13T20:17:50.5648598Z tardis/plasma/tests/test_complete_plasmas.py::TestPlasma::test_plasma_properties[radiative_rates_type:detailed-w_epsilon:1e-10-j_blue_estimator]
2025-01-13T20:17:50.5649654Z tardis/plasma/tests/test_complete_plasmas.py::TestPlasma::test_plasma_properties[radiative_rates_type:detailed-j_blue_estimator]
2025-01-13T20:17:50.5650376Z   /home/runner/work/tardis/tardis/tardis/plasma/tests/test_complete_plasmas.py:197: UserWarning:
2025-01-13T20:17:50.5650793Z   
2025-01-13T20:17:50.5650967Z   Property "j_blue_estimator" not found
2025-01-13T20:17:50.5651138Z 
2025-01-13T20:17:50.5651687Z tardis/plasma/tests/test_complete_plasmas.py::TestPlasma::test_plasma_properties[radiative_rates_type:detailed-w_epsilon:1e-10-volume]
2025-01-13T20:17:50.5652479Z tardis/plasma/tests/test_complete_plasmas.py::TestPlasma::test_plasma_properties[radiative_rates_type:detailed-volume]
2025-01-13T20:17:50.5653164Z   /home/runner/work/tardis/tardis/tardis/plasma/tests/test_complete_plasmas.py:197: UserWarning:
2025-01-13T20:17:50.5653583Z   
2025-01-13T20:17:50.5653749Z   Property "volume" not found
2025-01-13T20:17:50.5653902Z 
2025-01-13T20:17:50.5654288Z tardis/plasma/tests/test_complete_plasmas.py::TestPlasma::test_plasma_properties[radiative_rates_type:detailed-w_epsilon:1e-10-r_inner]
2025-01-13T20:17:50.5655201Z tardis/plasma/tests/test_complete_plasmas.py::TestPlasma::test_plasma_properties[radiative_rates_type:detailed-r_inner]
2025-01-13T20:17:50.5655886Z   /home/runner/work/tardis/tardis/tardis/plasma/tests/test_complete_plasmas.py:197: UserWarning:
2025-01-13T20:17:50.5656303Z   
2025-01-13T20:17:50.5656473Z   Property "r_inner" not found
2025-01-13T20:17:50.5656618Z 
2025-01-13T20:17:50.5656831Z tardis/plasma/tests/test_plasma_vboundary.py::test_plasma_vboundary[2900-3750]
2025-01-13T20:17:50.5657322Z tardis/plasma/tests/test_plasma_vboundary.py::test_plasma_vboundary[2900-3850]
2025-01-13T20:17:50.5657804Z tardis/plasma/tests/test_plasma_vboundary.py::test_plasma_vboundary[2900-3900]
2025-01-13T20:17:50.5658321Z   /home/runner/work/tardis/tardis/tardis/model/geometry/radial1d.py:71: UserWarning:
2025-01-13T20:17:50.5658902Z   
2025-01-13T20:17:50.5659182Z   Requesting inner boundary below inner shell. Extrapolating the inner cell
2025-01-13T20:17:50.5659467Z 
2025-01-13T20:17:50.5659673Z tardis/spectrum/tests/test_spectrum_solver.py::TestSpectrumSolver::test_solve
2025-01-13T20:17:50.5660159Z   /home/runner/work/tardis/tardis/tardis/spectrum/base.py:70: UserWarning:
2025-01-13T20:17:50.5660501Z   
2025-01-13T20:17:50.5660906Z   SpectrumSolver.spectrum_virtual_packets is zero. Please run the montecarlo simulation with no_of_virtual_packets > 0
2025-01-13T20:17:50.5661321Z 
2025-01-13T20:17:50.5661530Z tardis/spectrum/tests/test_spectrum_solver.py::TestSpectrumSolver::test_solve
2025-01-13T20:17:50.5662013Z   /home/runner/work/tardis/tardis/tardis/spectrum/base.py:111: UserWarning:
2025-01-13T20:17:50.5662354Z   
2025-01-13T20:17:50.5662780Z   SpectrumSolver.integrator: The FormalIntegrator is not yet available.Please run the montecarlo simulation at least once.
2025-01-13T20:17:50.5663206Z 
2025-01-13T20:17:50.5663416Z tardis/transport/montecarlo/tests/test_vpacket.py::test_trace_vpacket_volley
2025-01-13T20:17:50.5663822Z   <string>:3: NumbaPendingDeprecationWarning:
2025-01-13T20:17:50.5664071Z   
2025-01-13T20:17:50.5665226Z   [1m[1mCode using Numba extension API maybe depending on 'old_style' error-capturing, which is deprecated and will be replaced by 'new_style' in a future release. See details at https://numba.readthedocs.io/en/latest/reference/deprecation.html#deprecation-of-old-style-numba-captured-errors
2025-01-13T20:17:50.5666242Z   Exception origin:
2025-01-13T20:17:50.5666610Z     File "/home/runner/micromamba/envs/tardis/lib/python3.12/inspect.py", line 3180, in _bind
2025-01-13T20:17:50.5667025Z       raise TypeError(msg) from None
2025-01-13T20:17:50.5667275Z   [0m[0m
2025-01-13T20:17:50.5667374Z 
2025-01-13T20:17:50.5667695Z tardis/visualization/tools/tests/test_sdec_plot.py::TestSDECPlotter::test_mpl_image[plotter_generate_plot_mpl4]
2025-01-13T20:17:50.5668373Z   /home/runner/work/tardis/tardis/tardis/visualization/tools/sdec_plot.py:1225: RuntimeWarning:
2025-01-13T20:17:50.5668981Z   
2025-01-13T20:17:50.5669922Z   More than 20 figures have been opened. Figures created through the pyplot interface (`matplotlib.pyplot.figure`) are retained until explicitly closed and may consume too much memory. (To control this warning, see the rcParam `figure.max_open_warning`). Consider using `matplotlib.pyplot.close()`.
2025-01-13T20:17:50.5670844Z 
2025-01-13T20:17:50.5671201Z tardis/visualization/widgets/tests/test_custom_abundance.py::TestCustomAbundanceWidget::test_update_input_item_value
2025-01-13T20:17:50.5672124Z tardis/visualization/widgets/tests/test_custom_abundance.py::TestCustomAbundanceWidget::test_update_input_item_value
2025-01-13T20:17:50.5672901Z tardis/visualization/widgets/tests/test_custom_abundance.py::TestCustomAbundanceWidget::test_update_input_item_value
2025-01-13T20:17:50.5673668Z tardis/visualization/widgets/tests/test_custom_abundance.py::TestCustomAbundanceWidget::test_update_input_item_value
2025-01-13T20:17:50.5674434Z tardis/visualization/widgets/tests/test_custom_abundance.py::TestCustomAbundanceWidget::test_update_input_item_value
2025-01-13T20:17:50.5675311Z tardis/visualization/widgets/tests/test_custom_abundance.py::TestCustomAbundanceWidget::test_update_input_item_value
2025-01-13T20:17:50.5676082Z   /home/runner/micromamba/envs/tardis/lib/python3.12/site-packages/traitlets/traitlets.py:1385: DeprecationWarning:
2025-01-13T20:17:50.5676586Z   
2025-01-13T20:17:50.5676863Z   Passing unrecognized arguments to super(Checkbox).__init__(icon='lock').
2025-01-13T20:17:50.5677308Z   object.__init__() takes exactly one argument (the instance to initialize)
2025-01-13T20:17:50.5677810Z   This is deprecated in traitlets 4.2.This error will be raised in a future release of traitlets.
2025-01-13T20:17:50.5678128Z 
2025-01-13T20:17:50.5678479Z tardis/visualization/widgets/tests/test_custom_abundance.py::TestCustomAbundanceWidget::test_update_input_item_value
2025-01-13T20:17:50.5679423Z tardis/visualization/widgets/tests/test_custom_abundance.py::TestCustomAbundanceWidget::test_update_input_item_value
2025-01-13T20:17:50.5680204Z   /home/runner/micromamba/envs/tardis/lib/python3.12/site-packages/traitlets/traitlets.py:1385: DeprecationWarning:
2025-01-13T20:17:50.5680700Z   
2025-01-13T20:17:50.5680959Z   Passing unrecognized arguments to super(FloatText).__init__(min=0).
2025-01-13T20:17:50.5681383Z   object.__init__() takes exactly one argument (the instance to initialize)
2025-01-13T20:17:50.5681873Z   This is deprecated in traitlets 4.2.This error will be raised in a future release of traitlets.
2025-01-13T20:17:50.5682194Z 
2025-01-13T20:17:50.5682537Z tardis/visualization/widgets/tests/test_custom_abundance.py::TestCustomAbundanceWidget::test_update_input_item_value
2025-01-13T20:17:50.5683307Z   /home/runner/micromamba/envs/tardis/lib/python3.12/site-packages/traitlets/traitlets.py:1385: DeprecationWarning:
2025-01-13T20:17:50.5683796Z   
2025-01-13T20:17:50.5684055Z   Passing unrecognized arguments to super(HTML).__init__(indent=True).
2025-01-13T20:17:50.5684479Z   object.__init__() takes exactly one argument (the instance to initialize)
2025-01-13T20:17:50.5684968Z   This is deprecated in traitlets 4.2.This error will be raised in a future release of traitlets.
2025-01-13T20:17:50.5685285Z 
2025-01-13T20:17:50.5685713Z tardis/visualization/widgets/tests/test_line_info.py::TestLineInfoWidgetData::test_get_species_interactions[wavelength_range0-packet_out_nu]
2025-01-13T20:17:50.5686546Z   /home/runner/micromamba/envs/tardis/lib/python3.12/site-packages/qgridnext/grid.py:825: DeprecationWarning:
2025-01-13T20:17:50.5687016Z   
2025-01-13T20:17:50.5687366Z   QgridWidget._grid_options_changed is deprecated in traitlets 4.1: use @observe and @unobserve instead.
2025-01-13T20:17:50.5687724Z 
2025-01-13T20:17:50.5687986Z tardis/visualization/widgets/tests/test_shell_info.py::TestHDFShellInfo::test_shells_data
2025-01-13T20:17:50.5688528Z   /home/runner/work/tardis/tardis/tardis/io/util.py:289: PerformanceWarning:
2025-01-13T20:17:50.5689044Z   
2025-01-13T20:17:50.5706893Z   
2025-01-13T20:17:50.5707430Z   your performance may suffer as PyTables will pickle object types that it cannot
2025-01-13T20:17:50.5708321Z   map directly to c-types [inferred_type->mixed,key->block0_values] [items->Index([0], dtype='int64')]
2025-01-13T20:17:50.5709039Z 
2025-01-13T20:17:50.5709485Z tardis/visualization/widgets/tests/test_shell_info.py::TestHDFShellInfo::test_shells_data
2025-01-13T20:17:50.5710623Z   /home/runner/work/tardis/tardis/tardis/io/util.py:292: PerformanceWarning:
2025-01-13T20:17:50.5711196Z   
2025-01-13T20:17:50.5711429Z   
2025-01-13T20:17:50.5711880Z   your performance may suffer as PyTables will pickle object types that it cannot
2025-01-13T20:17:50.5712620Z   map directly to c-types [inferred_type->mixed,key->values] [items->None]
2025-01-13T20:17:50.5713034Z 
2025-01-13T20:17:50.5713447Z tardis/visualization/widgets/tests/test_shell_info.py::TestHDFShellInfo::test_shells_data
2025-01-13T20:17:50.5714376Z   /home/runner/work/tardis/tardis/tardis/spectrum/formal_integral.py:398: UserWarning:
2025-01-13T20:17:50.5715192Z   
2025-01-13T20:17:50.5715628Z   The number of interpolate_shells was not specified. The value was set to 80.
2025-01-13T20:17:50.5716078Z 
2025-01-13T20:17:50.5716371Z -- Docs: https://docs.pytest.org/en/stable/how-to/capture-warnings.html
2025-01-13T20:17:50.5716798Z 
2025-01-13T20:17:50.5717047Z ---------- coverage: platform linux, python 3.12.4-final-0 -----------
2025-01-13T20:17:50.5717629Z Coverage HTML written to dir coverage_html_report
2025-01-13T20:17:50.5718082Z Coverage XML written to file coverage.xml
2025-01-13T20:17:50.5718367Z 
2025-01-13T20:17:50.5718548Z =========================== short test summary info ============================
2025-01-13T20:17:50.5720242Z FAILED tardis/opacities/tests/test_tau_sobolev.py::test_calculate_sobolev_line_opacity - FileNotFoundError: File /home/runner/work/tardis/tardis/tardis-regression-data/test_tau_sobolev/test_calculate_sobolev_line_opacity.h5 does not exist
2025-01-13T20:17:50.5722779Z FAILED tardis/opacities/tests/test_tau_sobolev.py::test_calculate_beta_sobolevs - FileNotFoundError: [Errno 2] No such file or directory: '/home/runner/work/tardis/tardis/tardis-regression-data/test_tau_sobolev/test_calculate_beta_sobolevs.npy'
2025-01-13T20:17:50.5723959Z = 2 failed, 1436 passed, 329 skipped, 2 deselected, 19 xfailed, 8 xpassed, 91 warnings in 755.61s (0:12:35) =
2025-01-13T20:17:53.1176018Z ##[error]Process completed with exit code 1.
