2025-02-18T22:33:32.9740961Z ##[group]Run pytest tardis --tardis-regression-data=/home/runner/work/tardis/tardis/tardis-regression-data --cov=tardis --cov-report=xml --cov-report=html --cov-append -m "not continuum"
2025-02-18T22:33:32.9742259Z [36;1mpytest tardis --tardis-regression-data=/home/runner/work/tardis/tardis/tardis-regression-data --cov=tardis --cov-report=xml --cov-report=html --cov-append -m "not continuum"[0m
2025-02-18T22:33:32.9796055Z shell: /usr/bin/bash -l {0}
2025-02-18T22:33:32.9796298Z env:
2025-02-18T22:33:32.9796480Z   CACHE_NUMBER: 0
2025-02-18T22:33:32.9797071Z   PYTEST_FLAGS: --tardis-regression-data=/home/runner/work/tardis/tardis/tardis-regression-data --cov=tardis --cov-report=xml --cov-report=html --cov-append
2025-02-18T22:33:32.9797717Z   CODECOV_TOKEN: 
2025-02-18T22:33:32.9797940Z   MAMBA_ROOT_PREFIX: /home/runner/micromamba
2025-02-18T22:33:32.9798246Z   MAMBA_EXE: /home/runner/micromamba-bin/micromamba
2025-02-18T22:33:32.9798723Z   CONDARC: /home/runner/work/_temp/setup-micromamba/.condarc
2025-02-18T22:33:32.9799067Z ##[endgroup]
2025-02-18T22:33:41.5356699Z ============================= test session starts ==============================
2025-02-18T22:33:41.5357463Z platform linux -- Python 3.12.4, pytest-8.2.2, pluggy-1.5.0
2025-02-18T22:33:41.5358016Z rootdir: /home/runner/work/tardis/tardis
2025-02-18T22:33:41.5358797Z configfile: pyproject.toml
2025-02-18T22:33:41.5359398Z plugins: metadata-3.1.1, anyio-4.4.0, doctestplus-1.2.1, cov-5.0.0, html-4.1.1
2025-02-18T22:33:41.5360124Z collected 1796 items / 2 deselected / 1794 selected
2025-02-18T22:33:41.5360459Z 
2025-02-18T22:33:46.4634080Z tardis/energy_input/tests/test_energy_source.py ..xxx                    [  0%]
2025-02-18T22:33:49.2524144Z tardis/energy_input/tests/test_gamma_ray_channel.py ...........          [  0%]
2025-02-18T22:33:50.8576077Z tardis/energy_input/tests/test_gamma_ray_grid.py xx.                     [  1%]
2025-02-18T22:33:52.6209682Z tardis/energy_input/tests/test_gamma_ray_interactions.py xx....          [  1%]
2025-02-18T22:33:52.6300175Z tardis/energy_input/tests/test_gamma_ray_packet_source.py sssssssss      [  1%]
2025-02-18T22:33:53.9490491Z tardis/energy_input/tests/test_util.py .....xxxx.....                    [  2%]
2025-02-18T22:33:54.3348646Z tardis/grid/tests/test_grid.py .                                         [  2%]
2025-02-18T22:33:54.3364275Z tardis/gui/tests/test_gui.py s                                           [  2%]
2025-02-18T22:33:57.9399341Z tardis/io/configuration/tests/test_config_reader.py ...........          [  3%]
2025-02-18T22:33:57.9525381Z tardis/io/configuration/tests/test_configuration_namespace.py .........  [  3%]
2025-02-18T22:33:57.9826808Z tardis/io/logger/tests/test_logging.py ssssssssssssssssssssssssssss      [  5%]
2025-02-18T22:34:35.8724341Z tardis/io/model/readers/tests/test_arepo_parser.py ..                    [  5%]
2025-02-18T22:34:35.8868668Z tardis/io/model/readers/tests/test_ascii_readers.py ...                  [  5%]
2025-02-18T22:34:35.8972854Z tardis/io/model/readers/tests/test_cmfgen_reader.py ..                   [  5%]
2025-02-18T22:34:35.9284678Z tardis/io/model/readers/tests/test_csvy_reader.py ....                   [  6%]
2025-02-18T22:34:35.9492809Z tardis/io/model/readers/tests/test_stella_reader.py ..                   [  6%]
2025-02-18T22:34:36.2589587Z tardis/io/tests/test_HDFWriter.py ...............                        [  7%]
2025-02-18T22:34:36.5744137Z tardis/io/tests/test_atomic.py .....                                     [  7%]
2025-02-18T22:34:36.8530164Z tardis/io/tests/test_decay.py FF                                         [  7%]
2025-02-18T22:34:37.0509703Z tardis/io/tests/test_model_reader.py ......                              [  7%]
2025-02-18T22:34:37.0578526Z tardis/model/geometry/tests/test_radial1d.py ..                          [  7%]
2025-02-18T22:35:35.7760481Z tardis/model/tests/test_base.py ........................................ [ 10%]
2025-02-18T22:35:36.7866274Z ............                                                             [ 10%]
2025-02-18T22:35:39.8913452Z tardis/model/tests/test_csvy_model.py .........                          [ 11%]
2025-02-18T22:35:39.9393611Z tardis/model/tests/test_density.py ..                                    [ 11%]
2025-02-18T22:35:41.2505538Z tardis/opacities/tests/test_opacity_solver.py .....                      [ 11%]
2025-02-18T22:35:42.5599681Z tardis/opacities/tests/test_opacity_state_numba.py .....                 [ 11%]
2025-02-18T22:35:44.1836982Z tardis/opacities/tests/test_tau_sobolev.py ..                            [ 12%]
2025-02-18T22:35:47.2540387Z tardis/plasma/equilibrium/tests/test_collisional_transitions.py ...      [ 12%]
2025-02-18T22:36:32.7831457Z tardis/plasma/equilibrium/tests/test_level_populations.py ....           [ 12%]
2025-02-18T22:36:44.2760576Z tardis/plasma/equilibrium/tests/test_rate_matrix.py .                    [ 12%]
2025-02-18T22:36:45.7070390Z tardis/plasma/tests/test_complete_plasmas.py ..............s......s..... [ 13%]
2025-02-18T22:36:48.6223598Z s....ssssss............s......s.....ss.....s....ssssss............s..... [ 18%]
2025-02-18T22:36:50.3117972Z .s.....ss.....s....ssssss............s......s.....ss.....s....ssssss.... [ 22%]
2025-02-18T22:36:53.5022288Z ........s......s.....ss.....s....ssssss............s......s.....ss.....s [ 26%]
2025-02-18T22:36:56.3956095Z ....ssssss............s......s.....ss.....s....ssssss............s...... [ 30%]
2025-02-18T22:36:57.0963205Z s.....ss.....s....ssssss............s......s.....ss.....s.ss.ssssss..... [ 34%]
2025-02-18T22:37:00.0330142Z .......s......s.....ss.....s....ssssss............s......s.....ss.....s. [ 38%]
2025-02-18T22:37:02.9259483Z ...ssssss............s......s.....ss.....s....ssssss............s......s [ 42%]
2025-02-18T22:37:06.2917980Z .....ss.....s....ssssss............s......s.....s...........ssssss...... [ 46%]
2025-02-18T22:37:08.0724213Z ......s......s.....s...........ssssss............s......s.....s......... [ 50%]
2025-02-18T22:37:10.9721136Z ..ssssss............s......s.....ss.....s....ssssss............s......s. [ 54%]
2025-02-18T22:37:14.1496156Z ....ss.....s....ssssss...................s......s.....s....ssss......... [ 58%]
2025-02-18T22:37:14.4457334Z ............s......s.....s....ssss.......                                [ 60%]
2025-02-18T22:37:14.5592823Z tardis/plasma/tests/test_hdf_plasma.py ................................. [ 62%]
2025-02-18T22:37:14.5707404Z ......                                                                   [ 62%]
2025-02-18T22:37:14.7037922Z tardis/plasma/tests/test_nlte_excitation.py ...                          [ 62%]
2025-02-18T22:39:31.2621658Z tardis/plasma/tests/test_nlte_solver.py .....X                           [ 63%]
2025-02-18T22:39:31.2646364Z tardis/plasma/tests/test_plasma_continuum.py .                           [ 63%]
2025-02-18T22:39:54.1067360Z tardis/plasma/tests/test_plasma_vboundary.py .............               [ 63%]
2025-02-18T22:40:07.2880907Z tardis/plasma/tests/test_tardis_model_density_config.py ...              [ 64%]
2025-02-18T22:40:08.0424279Z tardis/simulation/tests/test_convergence.py .....                        [ 64%]
2025-02-18T22:40:17.1437309Z tardis/simulation/tests/test_simulation.py .............                 [ 65%]
2025-02-18T22:40:17.1629070Z tardis/spectrum/tests/test_cuda_formal_integral.py sssssssssssssssssssss [ 66%]
2025-02-18T22:40:17.6400367Z ssss...ssssssssssssssssssssss                                            [ 67%]
2025-02-18T22:40:17.6472202Z tardis/spectrum/tests/test_luminosity.py ....                            [ 68%]
2025-02-18T22:40:19.3020633Z tardis/spectrum/tests/test_numba_formal_integral.py .................... [ 69%]
2025-02-18T22:40:19.3215082Z ..........                                                               [ 69%]
2025-02-18T22:40:19.5058711Z tardis/spectrum/tests/test_spectrum.py ................................. [ 71%]
2025-02-18T22:40:19.5405348Z .........                                                                [ 72%]
2025-02-18T22:40:38.4449787Z tardis/spectrum/tests/test_spectrum_solver.py ....                       [ 72%]
2025-02-18T22:41:40.5151803Z tardis/tests/test_tardis_full.py ....                                    [ 72%]
2025-02-18T22:43:04.8351249Z tardis/tests/test_tardis_full_formal_integral.py ................        [ 73%]
2025-02-18T22:43:04.9097028Z tardis/tests/test_util.py .............................................  [ 75%]
2025-02-18T22:43:07.5429066Z tardis/transport/montecarlo/tests/test_base.py x.....................    [ 77%]
2025-02-18T22:43:14.8805426Z tardis/transport/montecarlo/tests/test_interaction.py .......            [ 77%]
2025-02-18T22:43:15.1063072Z tardis/transport/montecarlo/tests/test_macro_atom.py ....                [ 77%]
2025-02-18T22:43:15.1235034Z tardis/transport/montecarlo/tests/test_montecarlo.py sssssssssssssssssss [ 78%]
2025-02-18T22:43:15.1663474Z sssssssssssssssssssssssssssssssssssssssssssss                            [ 81%]
2025-02-18T22:43:24.5807484Z tardis/transport/montecarlo/tests/test_montecarlo_main_loop.py x..       [ 81%]
2025-02-18T22:43:24.5874144Z tardis/transport/montecarlo/tests/test_nonhomologous.py ...              [ 81%]
2025-02-18T22:43:30.5099608Z tardis/transport/montecarlo/tests/test_numba_interface.py .....x.        [ 82%]
2025-02-18T22:43:31.0022067Z tardis/transport/montecarlo/tests/test_opacities.py ...............      [ 82%]
2025-02-18T22:43:32.0573304Z tardis/transport/montecarlo/tests/test_packet.py .................xXXXXX [ 84%]
2025-02-18T22:43:32.1946256Z XX.........                                                              [ 84%]
2025-02-18T22:43:32.2227303Z tardis/transport/montecarlo/tests/test_packet_source.py ........         [ 85%]
2025-02-18T22:43:32.5382548Z tardis/transport/montecarlo/tests/test_rpacket_last_interaction_tracker.py . [ 85%]
2025-02-18T22:43:32.9684547Z .....                                                                    [ 85%]
2025-02-18T22:44:08.7287539Z tardis/transport/montecarlo/tests/test_rpacket_tracker.py ......         [ 85%]
2025-02-18T22:44:08.7571294Z tardis/transport/montecarlo/tests/test_single_packet_loop.py xxx         [ 86%]
2025-02-18T22:44:08.7602461Z tardis/transport/montecarlo/tests/test_tracker_utils.py ..               [ 86%]
2025-02-18T22:44:11.2609104Z tardis/transport/montecarlo/tests/test_vpacket.py ..x.                   [ 86%]
2025-02-18T22:44:11.2781803Z tardis/transport/montecarlo/tests/test_weighted_packet_source.py ....    [ 86%]
2025-02-18T22:44:15.1711271Z tardis/transport/montecarlo/tests/test_weighted_packet_source_integration.py . [ 86%]
2025-02-18T22:44:15.1712603Z                                                                          [ 86%]
2025-02-18T22:44:15.9396989Z tardis/transport/tests/test_doppler_factor.py ..................         [ 87%]
2025-02-18T22:44:17.2944511Z tardis/visualization/tools/tests/test_convergence_plot.py .............. [ 88%]
2025-02-18T22:44:19.5335311Z ......                                                                   [ 88%]
2025-02-18T22:44:24.3544394Z tardis/visualization/tools/tests/test_liv_plot.py ...................... [ 90%]
2025-02-18T22:44:27.0621592Z .............................                                            [ 91%]
2025-02-18T22:44:29.9004056Z tardis/visualization/tools/tests/test_rpacket_plot.py .................. [ 92%]
2025-02-18T22:44:36.9329520Z ....                                                                     [ 92%]
2025-02-18T22:44:43.4783013Z tardis/visualization/tools/tests/test_sdec_plot.py ..................... [ 94%]
2025-02-18T22:44:51.1068094Z ..............................                                           [ 95%]
2025-02-18T22:44:51.5407812Z tardis/visualization/widgets/tests/test_custom_abundance.py ........ss.. [ 96%]
2025-02-18T22:44:51.6133560Z ....                                                                     [ 96%]
2025-02-18T22:44:52.6867861Z tardis/visualization/widgets/tests/test_line_info.py ................... [ 97%]
2025-02-18T22:44:53.3229475Z ..................                                                       [ 98%]
2025-02-18T22:45:56.7757937Z tardis/visualization/widgets/tests/test_shell_info.py .................. [ 99%]
2025-02-18T22:46:03.6460613Z ......                                                                   [100%]
2025-02-18T22:46:03.6461164Z 
2025-02-18T22:46:03.6461402Z =================================== FAILURES ===================================
2025-02-18T22:46:03.6461974Z ______________________________ test_simple_decay _______________________________
2025-02-18T22:46:03.6462603Z 
2025-02-18T22:46:03.6462861Z simple_abundance_model =                              0    1
2025-02-18T22:46:03.6463498Z atomic_number mass_number          
2025-02-18T22:46:03.6464010Z 28            56           1.0  1.0
2025-02-18T22:46:03.6464342Z 
2025-02-18T22:46:03.6464581Z     def test_simple_decay(simple_abundance_model):
2025-02-18T22:46:03.6465123Z >       decayed_abundance = simple_abundance_model.decay(100)
2025-02-18T22:46:03.6465588Z 
2025-02-18T22:46:03.6465777Z tardis/io/tests/test_decay.py:17: 
2025-02-18T22:46:03.6466337Z _ _ _ _ _ _ _ _ _ _ _ _ _ _ _ _ _ _ _ _ _ _ _ _ _ _ _ _ _ _ _ _ _ _ _ _ _ _ _ _ 
2025-02-18T22:46:03.6466740Z 
2025-02-18T22:46:03.6466921Z self =                              0    1
2025-02-18T22:46:03.6467440Z atomic_number mass_number          
2025-02-18T22:46:03.6467899Z 28            56           1.0  1.0
2025-02-18T22:46:03.6468256Z name = 'decay'
2025-02-18T22:46:03.6468649Z 
2025-02-18T22:46:03.6468798Z     @final
2025-02-18T22:46:03.6469121Z     def __getattr__(self, name: str):
2025-02-18T22:46:03.6469529Z         """
2025-02-18T22:46:03.6469932Z         After regular attribute access, try looking up the name
2025-02-18T22:46:03.6470508Z         This allows simpler access to columns for interactive use.
2025-02-18T22:46:03.6470993Z         """
2025-02-18T22:46:03.6471398Z         # Note: obj.x will always call obj.__getattribute__('x') prior to
2025-02-18T22:46:03.6471987Z         # calling obj.__getattr__('x').
2025-02-18T22:46:03.6472388Z         if (
2025-02-18T22:46:03.6472623Z             name not in self._internal_names_set
2025-02-18T22:46:03.6472931Z             and name not in self._metadata
2025-02-18T22:46:03.6473217Z             and name not in self._accessors
2025-02-18T22:46:03.6473570Z             and self._info_axis._can_hold_identifiers_and_holds_name(name)
2025-02-18T22:46:03.6473911Z         ):
2025-02-18T22:46:03.6474110Z             return self[name]
2025-02-18T22:46:03.6474393Z >       return object.__getattribute__(self, name)
2025-02-18T22:46:03.6474816Z E       AttributeError: 'IsotopicMassFraction' object has no attribute 'decay'
2025-02-18T22:46:03.6475132Z 
2025-02-18T22:46:03.6475459Z ../../../micromamba/envs/tardis/lib/python3.12/site-packages/pandas/core/generic.py:6299: AttributeError
2025-02-18T22:46:03.6476050Z _____________________________ test_abundance_merge _____________________________
2025-02-18T22:46:03.6476311Z 
2025-02-18T22:46:03.6476466Z simple_abundance_model =                              0    1
2025-02-18T22:46:03.6476810Z atomic_number mass_number          
2025-02-18T22:46:03.6477073Z 28            56           1.0  1.0
2025-02-18T22:46:03.6477343Z raw_abundance_simple =                  0    1
2025-02-18T22:46:03.6477632Z atomic_number          
2025-02-18T22:46:03.6477852Z 28             0.2  0.2
2025-02-18T22:46:03.6478057Z 30             0.1  0.1
2025-02-18T22:46:03.6478189Z 
2025-02-18T22:46:03.6478609Z     def test_abundance_merge(simple_abundance_model, raw_abundance_simple):
2025-02-18T22:46:03.6479099Z >       decayed_df = simple_abundance_model.decay(100)
2025-02-18T22:46:03.6479325Z 
2025-02-18T22:46:03.6479426Z tardis/io/tests/test_decay.py:34: 
2025-02-18T22:46:03.6479710Z _ _ _ _ _ _ _ _ _ _ _ _ _ _ _ _ _ _ _ _ _ _ _ _ _ _ _ _ _ _ _ _ _ _ _ _ _ _ _ _ 
2025-02-18T22:46:03.6479908Z 
2025-02-18T22:46:03.6480000Z self =                              0    1
2025-02-18T22:46:03.6480253Z atomic_number mass_number          
2025-02-18T22:46:03.6480479Z 28            56           1.0  1.0
2025-02-18T22:46:03.6480694Z name = 'decay'
2025-02-18T22:46:03.6481019Z 
2025-02-18T22:46:03.6481094Z     @final
2025-02-18T22:46:03.6481320Z     def __getattr__(self, name: str):
2025-02-18T22:46:03.6481560Z         """
2025-02-18T22:46:03.6481795Z         After regular attribute access, try looking up the name
2025-02-18T22:46:03.6482154Z         This allows simpler access to columns for interactive use.
2025-02-18T22:46:03.6482448Z         """
2025-02-18T22:46:03.6482842Z         # Note: obj.x will always call obj.__getattribute__('x') prior to
2025-02-18T22:46:03.6483168Z         # calling obj.__getattr__('x').
2025-02-18T22:46:03.6483443Z         if (
2025-02-18T22:46:03.6483642Z             name not in self._internal_names_set
2025-02-18T22:46:03.6483905Z             and name not in self._metadata
2025-02-18T22:46:03.6484154Z             and name not in self._accessors
2025-02-18T22:46:03.6484467Z             and self._info_axis._can_hold_identifiers_and_holds_name(name)
2025-02-18T22:46:03.6484764Z         ):
2025-02-18T22:46:03.6484939Z             return self[name]
2025-02-18T22:46:03.6485187Z >       return object.__getattribute__(self, name)
2025-02-18T22:46:03.6485559Z E       AttributeError: 'IsotopicMassFraction' object has no attribute 'decay'
2025-02-18T22:46:03.6485836Z 
2025-02-18T22:46:03.6486124Z ../../../micromamba/envs/tardis/lib/python3.12/site-packages/pandas/core/generic.py:6299: AttributeError
2025-02-18T22:46:03.6486615Z =============================== warnings summary ===============================
2025-02-18T22:46:03.6486938Z tardis/io/configuration/config_validator.py:6
2025-02-18T22:46:03.6487232Z tardis/io/configuration/config_validator.py:6
2025-02-18T22:46:03.6487724Z   /home/runner/work/tardis/tardis/tardis/io/configuration/config_validator.py:6: DeprecationWarning:
2025-02-18T22:46:03.6488177Z   
2025-02-18T22:46:03.6489574Z   jsonschema.RefResolver is deprecated as of v4.18.0, in favor of the https://github.com/python-jsonschema/referencing library, which provides more compliant referencing behavior as well as more flexible APIs for customization. A future release will remove RefResolver. Please file a feature request (on referencing) if you are missing an API for the kind of customization you need.
2025-02-18T22:46:03.6490846Z 
2025-02-18T22:46:03.6491092Z ../../../micromamba/envs/tardis/lib/python3.12/site-packages/jupyter_client/connect.py:22
2025-02-18T22:46:03.6491765Z   /home/runner/micromamba/envs/tardis/lib/python3.12/site-packages/jupyter_client/connect.py:22: DeprecationWarning:
2025-02-18T22:46:03.6492273Z   
2025-02-18T22:46:03.6492518Z   Jupyter is migrating its paths to use standard platformdirs
2025-02-18T22:46:03.6492900Z   given by the platformdirs library.  To remove this warning and
2025-02-18T22:46:03.6493290Z   see the appropriate new directories, set the environment variable
2025-02-18T22:46:03.6493677Z   `JUPYTER_PLATFORM_DIRS=1` and then run `jupyter --paths`.
2025-02-18T22:46:03.6494065Z   The use of platformdirs will be the default in `jupyter_core` v6
2025-02-18T22:46:03.6494300Z 
2025-02-18T22:46:03.6497886Z tardis/io/tests/test_HDFWriter.py::test_multi_index_write
2025-02-18T22:46:03.6498685Z tardis/visualization/widgets/tests/test_shell_info.py::TestHDFShellInfo::test_shells_data
2025-02-18T22:46:03.6499266Z   /home/runner/work/tardis/tardis/tardis/io/util.py:276: PerformanceWarning:
2025-02-18T22:46:03.6499640Z   
2025-02-18T22:46:03.6499804Z   
2025-02-18T22:46:03.6500099Z   your performance may suffer as PyTables will pickle object types that it cannot
2025-02-18T22:46:03.6500655Z   map directly to c-types [inferred_type->mixed,key->block0_values] [items->Index([0], dtype='int64')]
2025-02-18T22:46:03.6500994Z 
2025-02-18T22:46:03.6501191Z tardis/io/tests/test_model_reader.py::test_read_cmfgen_isotope_abundances
2025-02-18T22:46:03.6501678Z tardis/plasma/tests/test_tardis_model_density_config.py::test_electron_densities
2025-02-18T22:46:03.6502200Z tardis/plasma/tests/test_tardis_model_density_config.py::test_isotope_number_densities
2025-02-18T22:46:03.6502700Z tardis/plasma/tests/test_tardis_model_density_config.py::test_t_rad
2025-02-18T22:46:03.6503469Z   /home/runner/work/tardis/tardis/tardis/io/model/readers/cmfgen_deprecated.py:82: DeprecationWarning:
2025-02-18T22:46:03.6503941Z   
2025-02-18T22:46:03.6504147Z   The current CMFGEN model parser is deprecated
2025-02-18T22:46:03.6504342Z 
2025-02-18T22:46:03.6504457Z tardis/io/tests/test_model_reader.py: 1 warning
2025-02-18T22:46:03.6504819Z tardis/plasma/tests/test_tardis_model_density_config.py: 9 warnings
2025-02-18T22:46:03.6505493Z   /home/runner/work/tardis/tardis/tardis/io/model/readers/cmfgen_deprecated.py:40: DeprecationWarning:
2025-02-18T22:46:03.6505952Z   
2025-02-18T22:46:03.6506148Z   The current CMFGEN model parser is deprecated
2025-02-18T22:46:03.6506329Z 
2025-02-18T22:46:03.6506542Z tardis/model/tests/test_base.py::TestModelFromPaper1Config::test_abundances
2025-02-18T22:46:03.6507190Z   /home/runner/work/tardis/tardis/tardis/transport/montecarlo/montecarlo_main_loop.py:123: NumbaTypeSafetyWarning:
2025-02-18T22:46:03.6507709Z   
2025-02-18T22:46:03.6508213Z   [1m[1m[1munsafe cast from uint64 to int64. Precision may be lost.[0m[0m[0m
2025-02-18T22:46:03.6508695Z 
2025-02-18T22:46:03.6508802Z tardis/model/tests/test_base.py: 6 warnings
2025-02-18T22:46:03.6509095Z tardis/model/tests/test_csvy_model.py: 2 warnings
2025-02-18T22:46:03.6509467Z tardis/plasma/tests/test_tardis_model_density_config.py: 3 warnings
2025-02-18T22:46:03.6509996Z   /home/runner/work/tardis/tardis/tardis/model/geometry/radial1d.py:50: DeprecationWarning:
2025-02-18T22:46:03.6510420Z   
2025-02-18T22:46:03.6510613Z   v_inner_boundary < 0, assuming default value
2025-02-18T22:46:03.6510795Z 
2025-02-18T22:46:03.6510900Z tardis/model/tests/test_base.py: 6 warnings
2025-02-18T22:46:03.6511187Z tardis/model/tests/test_csvy_model.py: 2 warnings
2025-02-18T22:46:03.6511548Z tardis/plasma/tests/test_tardis_model_density_config.py: 3 warnings
2025-02-18T22:46:03.6512059Z   /home/runner/work/tardis/tardis/tardis/model/geometry/radial1d.py:61: DeprecationWarning:
2025-02-18T22:46:03.6512477Z   
2025-02-18T22:46:03.6512668Z   v_outer_boundary < 0, assuming default value
2025-02-18T22:46:03.6512851Z 
2025-02-18T22:46:03.6513298Z tardis/plasma/equilibrium/tests/test_level_populations.py::TestLevelPopulationSolver::test_solve[collisional_rate_solver0-radiative_transitions0]
2025-02-18T22:46:03.6514124Z   /home/runner/work/tardis/tardis/tardis/plasma/equilibrium/level_populations.py:65: FutureWarning:
2025-02-18T22:46:03.6514575Z   
2025-02-18T22:46:03.6514934Z   A value is trying to be set on a copy of a DataFrame or Series through chained assignment using an inplace method.
2025-02-18T22:46:03.6515717Z   The behavior will change in pandas 3.0. This inplace method will never work because the intermediate object on which we are setting values always behaves as a copy.
2025-02-18T22:46:03.6516303Z   
2025-02-18T22:46:03.6516904Z   For example, when doing 'df[col].method(value, inplace=True)', try using 'df.method({col: value}, inplace=True)' or df[col] = df[col].method(value) instead, to perform the operation inplace on the original object.
2025-02-18T22:46:03.6517491Z 
2025-02-18T22:46:03.6517706Z tardis/plasma/tests/test_plasma_vboundary.py::test_plasma_vboundary[2900-3750]
2025-02-18T22:46:03.6518208Z tardis/plasma/tests/test_plasma_vboundary.py::test_plasma_vboundary[2900-3850]
2025-02-18T22:46:03.6518977Z tardis/plasma/tests/test_plasma_vboundary.py::test_plasma_vboundary[2900-3900]
2025-02-18T22:46:03.6519502Z   /home/runner/work/tardis/tardis/tardis/model/geometry/radial1d.py:71: UserWarning:
2025-02-18T22:46:03.6519885Z   
2025-02-18T22:46:03.6520163Z   Requesting inner boundary below inner shell. Extrapolating the inner cell
2025-02-18T22:46:03.6520437Z 
2025-02-18T22:46:03.6520644Z tardis/spectrum/tests/test_spectrum_solver.py::TestSpectrumSolver::test_solve
2025-02-18T22:46:03.6521127Z   /home/runner/work/tardis/tardis/tardis/spectrum/base.py:70: UserWarning:
2025-02-18T22:46:03.6521474Z   
2025-02-18T22:46:03.6521880Z   SpectrumSolver.spectrum_virtual_packets is zero. Please run the montecarlo simulation with no_of_virtual_packets > 0
2025-02-18T22:46:03.6522431Z 
2025-02-18T22:46:03.6522643Z tardis/spectrum/tests/test_spectrum_solver.py::TestSpectrumSolver::test_solve
2025-02-18T22:46:03.6523126Z   /home/runner/work/tardis/tardis/tardis/spectrum/base.py:111: UserWarning:
2025-02-18T22:46:03.6523469Z   
2025-02-18T22:46:03.6523894Z   SpectrumSolver.integrator: The FormalIntegrator is not yet available.Please run the montecarlo simulation at least once.
2025-02-18T22:46:03.6524457Z 
2025-02-18T22:46:03.6524674Z tardis/transport/montecarlo/tests/test_vpacket.py::test_trace_vpacket_volley
2025-02-18T22:46:03.6525074Z   <string>:3: NumbaPendingDeprecationWarning:
2025-02-18T22:46:03.6525324Z   
2025-02-18T22:46:03.6526473Z   [1m[1mCode using Numba extension API maybe depending on 'old_style' error-capturing, which is deprecated and will be replaced by 'new_style' in a future release. See details at https://numba.readthedocs.io/en/latest/reference/deprecation.html#deprecation-of-old-style-numba-captured-errors
2025-02-18T22:46:03.6527478Z   Exception origin:
2025-02-18T22:46:03.6527852Z     File "/home/runner/micromamba/envs/tardis/lib/python3.12/inspect.py", line 3180, in _bind
2025-02-18T22:46:03.6528277Z       raise TypeError(msg) from None
2025-02-18T22:46:03.6528691Z   [0m[0m
2025-02-18T22:46:03.6528795Z 
2025-02-18T22:46:03.6529130Z tardis/visualization/tools/tests/test_sdec_plot.py::TestSDECPlotter::test_mpl_image[plotter_generate_plot_mpl4]
2025-02-18T22:46:03.6529826Z   /home/runner/work/tardis/tardis/tardis/visualization/tools/sdec_plot.py:1225: RuntimeWarning:
2025-02-18T22:46:03.6530260Z   
2025-02-18T22:46:03.6531191Z   More than 20 figures have been opened. Figures created through the pyplot interface (`matplotlib.pyplot.figure`) are retained until explicitly closed and may consume too much memory. (To control this warning, see the rcParam `figure.max_open_warning`). Consider using `matplotlib.pyplot.close()`.
2025-02-18T22:46:03.6532111Z 
2025-02-18T22:46:03.6532469Z tardis/visualization/widgets/tests/test_custom_abundance.py::TestCustomAbundanceWidget::test_update_input_item_value
2025-02-18T22:46:03.6533243Z tardis/visualization/widgets/tests/test_custom_abundance.py::TestCustomAbundanceWidget::test_update_input_item_value
2025-02-18T22:46:03.6534003Z tardis/visualization/widgets/tests/test_custom_abundance.py::TestCustomAbundanceWidget::test_update_input_item_value
2025-02-18T22:46:03.6534766Z tardis/visualization/widgets/tests/test_custom_abundance.py::TestCustomAbundanceWidget::test_update_input_item_value
2025-02-18T22:46:03.6535528Z tardis/visualization/widgets/tests/test_custom_abundance.py::TestCustomAbundanceWidget::test_update_input_item_value
2025-02-18T22:46:03.6536283Z tardis/visualization/widgets/tests/test_custom_abundance.py::TestCustomAbundanceWidget::test_update_input_item_value
2025-02-18T22:46:03.6537054Z   /home/runner/micromamba/envs/tardis/lib/python3.12/site-packages/traitlets/traitlets.py:1385: DeprecationWarning:
2025-02-18T22:46:03.6537554Z   
2025-02-18T22:46:03.6537837Z   Passing unrecognized arguments to super(Checkbox).__init__(icon='lock').
2025-02-18T22:46:03.6538288Z   object.__init__() takes exactly one argument (the instance to initialize)
2025-02-18T22:46:03.6538925Z   This is deprecated in traitlets 4.2.This error will be raised in a future release of traitlets.
2025-02-18T22:46:03.6539248Z 
2025-02-18T22:46:03.6539603Z tardis/visualization/widgets/tests/test_custom_abundance.py::TestCustomAbundanceWidget::test_update_input_item_value
2025-02-18T22:46:03.6540382Z tardis/visualization/widgets/tests/test_custom_abundance.py::TestCustomAbundanceWidget::test_update_input_item_value
2025-02-18T22:46:03.6541174Z   /home/runner/micromamba/envs/tardis/lib/python3.12/site-packages/traitlets/traitlets.py:1385: DeprecationWarning:
2025-02-18T22:46:03.6541674Z   
2025-02-18T22:46:03.6541950Z   Passing unrecognized arguments to super(FloatText).__init__(min=0).
2025-02-18T22:46:03.6542387Z   object.__init__() takes exactly one argument (the instance to initialize)
2025-02-18T22:46:03.6543010Z   This is deprecated in traitlets 4.2.This error will be raised in a future release of traitlets.
2025-02-18T22:46:03.6543321Z 
2025-02-18T22:46:03.6543674Z tardis/visualization/widgets/tests/test_custom_abundance.py::TestCustomAbundanceWidget::test_update_input_item_value
2025-02-18T22:46:03.6544443Z   /home/runner/micromamba/envs/tardis/lib/python3.12/site-packages/traitlets/traitlets.py:1385: DeprecationWarning:
2025-02-18T22:46:03.6545041Z   
2025-02-18T22:46:03.6545306Z   Passing unrecognized arguments to super(HTML).__init__(indent=True).
2025-02-18T22:46:03.6545731Z   object.__init__() takes exactly one argument (the instance to initialize)
2025-02-18T22:46:03.6546210Z   This is deprecated in traitlets 4.2.This error will be raised in a future release of traitlets.
2025-02-18T22:46:03.6546525Z 
2025-02-18T22:46:03.6546944Z tardis/visualization/widgets/tests/test_line_info.py::TestLineInfoWidgetData::test_get_species_interactions[wavelength_range0-packet_out_nu]
2025-02-18T22:46:03.6547778Z   /home/runner/micromamba/envs/tardis/lib/python3.12/site-packages/qgridnext/grid.py:830: DeprecationWarning:
2025-02-18T22:46:03.6548255Z   
2025-02-18T22:46:03.6548706Z   QgridWidget._show_toolbar_changed is deprecated in traitlets 4.1: use @observe and @unobserve instead.
2025-02-18T22:46:03.6549059Z 
2025-02-18T22:46:03.6549321Z tardis/visualization/widgets/tests/test_shell_info.py::TestHDFShellInfo::test_shells_data
2025-02-18T22:46:03.6549870Z   /home/runner/work/tardis/tardis/tardis/io/util.py:289: PerformanceWarning:
2025-02-18T22:46:03.6550226Z   
2025-02-18T22:46:03.6550387Z   
2025-02-18T22:46:03.6550676Z   your performance may suffer as PyTables will pickle object types that it cannot
2025-02-18T22:46:03.6551214Z   map directly to c-types [inferred_type->mixed,key->block0_values] [items->Index([0], dtype='int64')]
2025-02-18T22:46:03.6551558Z 
2025-02-18T22:46:03.6551814Z tardis/visualization/widgets/tests/test_shell_info.py::TestHDFShellInfo::test_shells_data
2025-02-18T22:46:03.6552358Z   /home/runner/work/tardis/tardis/tardis/io/util.py:292: PerformanceWarning:
2025-02-18T22:46:03.6552715Z   
2025-02-18T22:46:03.6552869Z   
2025-02-18T22:46:03.6553152Z   your performance may suffer as PyTables will pickle object types that it cannot
2025-02-18T22:46:03.6553612Z   map directly to c-types [inferred_type->mixed,key->values] [items->None]
2025-02-18T22:46:03.6553880Z 
2025-02-18T22:46:03.6554135Z tardis/visualization/widgets/tests/test_shell_info.py::TestHDFShellInfo::test_shells_data
2025-02-18T22:46:03.6554709Z   /home/runner/work/tardis/tardis/tardis/spectrum/formal_integral.py:398: UserWarning:
2025-02-18T22:46:03.6555101Z   
2025-02-18T22:46:03.6555377Z   The number of interpolate_shells was not specified. The value was set to 80.
2025-02-18T22:46:03.6555645Z 
2025-02-18T22:46:03.6555843Z -- Docs: https://docs.pytest.org/en/stable/how-to/capture-warnings.html
2025-02-18T22:46:03.6556113Z 
2025-02-18T22:46:03.6556280Z ---------- coverage: platform linux, python 3.12.4-final-0 -----------
2025-02-18T22:46:03.6556647Z Coverage HTML written to dir coverage_html_report
2025-02-18T22:46:03.6556950Z Coverage XML written to file coverage.xml
2025-02-18T22:46:03.6557132Z 
2025-02-18T22:46:03.6557258Z =========================== short test summary info ============================
2025-02-18T22:46:03.6557834Z FAILED tardis/io/tests/test_decay.py::test_simple_decay - AttributeError: 'IsotopicMassFraction' object has no attribute 'decay'
2025-02-18T22:46:03.6558760Z FAILED tardis/io/tests/test_decay.py::test_abundance_merge - AttributeError: 'IsotopicMassFraction' object has no attribute 'decay'
2025-02-18T22:46:03.6559469Z = 2 failed, 1408 passed, 357 skipped, 2 deselected, 19 xfailed, 8 xpassed, 63 warnings in 743.74s (0:12:23) =
2025-02-18T22:46:05.8130290Z ##[error]Process completed with exit code 1.
