2025-02-21T14:30:17.9722320Z ##[group]Run pytest tardis --tardis-regression-data=/home/runner/work/tardis/tardis/tardis-regression-data --cov=tardis --cov-report=xml --cov-report=html --cov-append -m "not continuum"
2025-02-21T14:30:17.9723647Z [36;1mpytest tardis --tardis-regression-data=/home/runner/work/tardis/tardis/tardis-regression-data --cov=tardis --cov-report=xml --cov-report=html --cov-append -m "not continuum"[0m
2025-02-21T14:30:17.9778796Z shell: /usr/bin/bash -l {0}
2025-02-21T14:30:17.9779043Z env:
2025-02-21T14:30:17.9779219Z   CACHE_NUMBER: 0
2025-02-21T14:30:17.9779845Z   PYTEST_FLAGS: --tardis-regression-data=/home/runner/work/tardis/tardis/tardis-regression-data --cov=tardis --cov-report=xml --cov-report=html --cov-append
2025-02-21T14:30:17.9780528Z   CODECOV_TOKEN: 
2025-02-21T14:30:17.9780746Z   MAMBA_ROOT_PREFIX: /home/runner/micromamba
2025-02-21T14:30:17.9781049Z   MAMBA_EXE: /home/runner/micromamba-bin/micromamba
2025-02-21T14:30:17.9781397Z   CONDARC: /home/runner/work/_temp/setup-micromamba/.condarc
2025-02-21T14:30:17.9781737Z ##[endgroup]
2025-02-21T14:30:28.3741248Z ============================= test session starts ==============================
2025-02-21T14:30:28.3742166Z platform linux -- Python 3.12.4, pytest-8.2.2, pluggy-1.5.0
2025-02-21T14:30:28.3742753Z rootdir: /home/runner/work/tardis/tardis
2025-02-21T14:30:28.3743255Z configfile: pyproject.toml
2025-02-21T14:30:28.3743849Z plugins: metadata-3.1.1, anyio-4.4.0, doctestplus-1.2.1, cov-5.0.0, html-4.1.1
2025-02-21T14:30:28.3744514Z collected 1796 items / 2 deselected / 1794 selected
2025-02-21T14:30:28.3744848Z 
2025-02-21T14:30:33.3649485Z tardis/energy_input/tests/test_energy_source.py ..xxx                    [  0%]
2025-02-21T14:30:36.3068627Z tardis/energy_input/tests/test_gamma_ray_channel.py ...........          [  0%]
2025-02-21T14:30:38.0481918Z tardis/energy_input/tests/test_gamma_ray_grid.py xx.                     [  1%]
2025-02-21T14:30:39.8463549Z tardis/energy_input/tests/test_gamma_ray_interactions.py xx....          [  1%]
2025-02-21T14:30:39.8578919Z tardis/energy_input/tests/test_gamma_ray_packet_source.py sssssssss      [  1%]
2025-02-21T14:30:41.2940601Z tardis/energy_input/tests/test_util.py .....xxxx.....                    [  2%]
2025-02-21T14:30:41.7991015Z tardis/grid/tests/test_grid.py .                                         [  2%]
2025-02-21T14:30:41.8006963Z tardis/gui/tests/test_gui.py s                                           [  2%]
2025-02-21T14:30:45.2588000Z tardis/io/configuration/tests/test_config_reader.py ...........          [  3%]
2025-02-21T14:30:45.2715589Z tardis/io/configuration/tests/test_configuration_namespace.py .........  [  3%]
2025-02-21T14:30:45.2983107Z tardis/io/logger/tests/test_logging.py ssssssssssssssssssssssssssss      [  5%]
2025-02-21T14:31:22.4457689Z tardis/io/model/readers/tests/test_arepo_parser.py ..                    [  5%]
2025-02-21T14:31:22.4607867Z tardis/io/model/readers/tests/test_ascii_readers.py ...                  [  5%]
2025-02-21T14:31:22.4713307Z tardis/io/model/readers/tests/test_cmfgen_reader.py ..                   [  5%]
2025-02-21T14:31:22.5019075Z tardis/io/model/readers/tests/test_csvy_reader.py ....                   [  6%]
2025-02-21T14:31:22.5304457Z tardis/io/model/readers/tests/test_stella_reader.py ..                   [  6%]
2025-02-21T14:31:22.8360520Z tardis/io/tests/test_HDFWriter.py ...............                        [  7%]
2025-02-21T14:31:23.1418885Z tardis/io/tests/test_atomic.py .....                                     [  7%]
2025-02-21T14:31:23.1778688Z tardis/io/tests/test_decay.py ..                                         [  7%]
2025-02-21T14:31:23.3749088Z tardis/io/tests/test_model_reader.py ......                              [  7%]
2025-02-21T14:31:23.3817953Z tardis/model/geometry/tests/test_radial1d.py ..                          [  7%]
2025-02-21T14:32:20.8229999Z tardis/model/tests/test_base.py ........................................ [ 10%]
2025-02-21T14:32:21.8250881Z ............                                                             [ 10%]
2025-02-21T14:32:24.9087917Z tardis/model/tests/test_csvy_model.py .........                          [ 11%]
2025-02-21T14:32:24.9560304Z tardis/model/tests/test_density.py ..                                    [ 11%]
2025-02-21T14:32:26.2407612Z tardis/opacities/tests/test_opacity_solver.py .....                      [ 11%]
2025-02-21T14:32:27.5392912Z tardis/opacities/tests/test_opacity_state_numba.py .....                 [ 11%]
2025-02-21T14:32:29.1367152Z tardis/opacities/tests/test_tau_sobolev.py ..                            [ 12%]
2025-02-21T14:32:32.2296395Z tardis/plasma/equilibrium/tests/test_collisional_transitions.py ...      [ 12%]
2025-02-21T14:33:18.8012473Z tardis/plasma/equilibrium/tests/test_level_populations.py ....           [ 12%]
2025-02-21T14:33:30.8586551Z tardis/plasma/equilibrium/tests/test_rate_matrix.py .                    [ 12%]
2025-02-21T14:33:32.2761700Z tardis/plasma/tests/test_complete_plasmas.py ..............s......s..... [ 13%]
2025-02-21T14:33:35.1595340Z s....ssssss............s......s.....ss.....s....ssssss............s..... [ 18%]
2025-02-21T14:33:36.8285744Z .s.....ss.....s....ssssss............s......s.....ss.....s....ssssss.... [ 22%]
2025-02-21T14:33:39.6770286Z ........s......s.....ss.....s....ssssss............s......s.....ss.....s [ 26%]
2025-02-21T14:33:42.5406023Z ....ssssss............s......s.....ss.....s....ssssss............s...... [ 30%]
2025-02-21T14:33:43.2479613Z s.....ss.....s....ssssss............s......s.....ss.....s.ss.ssssss..... [ 34%]
2025-02-21T14:33:46.1379310Z .......s......s.....ss.....s....ssssss............s......s.....ss.....s. [ 38%]
2025-02-21T14:33:48.9882060Z ...ssssss............s......s.....ss.....s....ssssss............s......s [ 42%]
2025-02-21T14:33:52.0250260Z .....ss.....s....ssssss............s......s.....s...........ssssss...... [ 46%]
2025-02-21T14:33:53.8076107Z ......s......s.....s...........ssssss............s......s.....s......... [ 50%]
2025-02-21T14:33:56.7000954Z ..ssssss............s......s.....ss.....s....ssssss............s......s. [ 54%]
2025-02-21T14:33:59.8449643Z ....ss.....s....ssssss...................s......s.....s....ssss......... [ 58%]
2025-02-21T14:34:00.1341469Z ............s......s.....s....ssss.......                                [ 60%]
2025-02-21T14:34:00.2480945Z tardis/plasma/tests/test_hdf_plasma.py ................................. [ 62%]
2025-02-21T14:34:00.2600308Z ......                                                                   [ 62%]
2025-02-21T14:34:00.8583844Z tardis/plasma/tests/test_nlte_excitation.py ...                          [ 62%]
2025-02-21T14:36:18.3692729Z tardis/plasma/tests/test_nlte_solver.py .....X                           [ 63%]
2025-02-21T14:36:18.3719286Z tardis/plasma/tests/test_plasma_continuum.py .                           [ 63%]
2025-02-21T14:36:41.8989488Z tardis/plasma/tests/test_plasma_vboundary.py .............               [ 63%]
2025-02-21T14:36:55.1502060Z tardis/plasma/tests/test_tardis_model_density_config.py ...              [ 64%]
2025-02-21T14:36:55.9040315Z tardis/simulation/tests/test_convergence.py .....                        [ 64%]
2025-02-21T14:37:04.4381609Z tardis/simulation/tests/test_simulation.py .............                 [ 65%]
2025-02-21T14:37:04.4577685Z tardis/spectrum/tests/test_cuda_formal_integral.py sssssssssssssssssssss [ 66%]
2025-02-21T14:37:04.9261078Z ssss...ssssssssssssssssssssss                                            [ 67%]
2025-02-21T14:37:04.9334048Z tardis/spectrum/tests/test_luminosity.py ....                            [ 68%]
2025-02-21T14:37:06.5387310Z tardis/spectrum/tests/test_numba_formal_integral.py .................... [ 69%]
2025-02-21T14:37:06.5583028Z ..........                                                               [ 69%]
2025-02-21T14:37:06.7320390Z tardis/spectrum/tests/test_spectrum.py ................................. [ 71%]
2025-02-21T14:37:06.7651032Z .........                                                                [ 72%]
2025-02-21T14:37:25.4161616Z tardis/spectrum/tests/test_spectrum_solver.py ....                       [ 72%]
2025-02-21T14:37:56.6732990Z tardis/tests/test_tardis_full.py .FFF                                    [ 72%]
2025-02-21T14:39:21.1490883Z tardis/tests/test_tardis_full_formal_integral.py ................        [ 73%]
2025-02-21T14:39:21.2266670Z tardis/tests/test_util.py .............................................  [ 75%]
2025-02-21T14:39:23.8763526Z tardis/transport/montecarlo/tests/test_base.py x.....................    [ 77%]
2025-02-21T14:39:31.6981121Z tardis/transport/montecarlo/tests/test_interaction.py .......            [ 77%]
2025-02-21T14:39:31.9125680Z tardis/transport/montecarlo/tests/test_macro_atom.py ....                [ 77%]
2025-02-21T14:39:31.9300312Z tardis/transport/montecarlo/tests/test_montecarlo.py sssssssssssssssssss [ 78%]
2025-02-21T14:39:31.9716170Z sssssssssssssssssssssssssssssssssssssssssssss                            [ 81%]
2025-02-21T14:39:40.8985946Z tardis/transport/montecarlo/tests/test_montecarlo_main_loop.py x..       [ 81%]
2025-02-21T14:39:40.9055248Z tardis/transport/montecarlo/tests/test_nonhomologous.py ...              [ 81%]
2025-02-21T14:39:46.6994867Z tardis/transport/montecarlo/tests/test_numba_interface.py .....x.        [ 82%]
2025-02-21T14:39:47.1910797Z tardis/transport/montecarlo/tests/test_opacities.py ...............      [ 82%]
2025-02-21T14:39:48.2525005Z tardis/transport/montecarlo/tests/test_packet.py .................xXXXXX [ 84%]
2025-02-21T14:39:48.3930257Z XX.........                                                              [ 84%]
2025-02-21T14:39:48.4216099Z tardis/transport/montecarlo/tests/test_packet_source.py ........         [ 85%]
2025-02-21T14:39:48.7638584Z tardis/transport/montecarlo/tests/test_rpacket_last_interaction_tracker.py . [ 85%]
2025-02-21T14:39:49.1848909Z .....                                                                    [ 85%]
2025-02-21T14:40:24.2975807Z tardis/transport/montecarlo/tests/test_rpacket_tracker.py ......         [ 85%]
2025-02-21T14:40:24.3260446Z tardis/transport/montecarlo/tests/test_single_packet_loop.py xxx         [ 86%]
2025-02-21T14:40:24.3292368Z tardis/transport/montecarlo/tests/test_tracker_utils.py ..               [ 86%]
2025-02-21T14:40:26.7566123Z tardis/transport/montecarlo/tests/test_vpacket.py ..x.                   [ 86%]
2025-02-21T14:40:26.7740699Z tardis/transport/montecarlo/tests/test_weighted_packet_source.py ....    [ 86%]
2025-02-21T14:40:30.6790114Z tardis/transport/montecarlo/tests/test_weighted_packet_source_integration.py . [ 86%]
2025-02-21T14:40:30.6792887Z                                                                          [ 86%]
2025-02-21T14:40:31.4376190Z tardis/transport/tests/test_doppler_factor.py ..................         [ 87%]
2025-02-21T14:40:32.7912995Z tardis/visualization/tools/tests/test_convergence_plot.py .............. [ 88%]
2025-02-21T14:40:35.0048987Z ......                                                                   [ 88%]
2025-02-21T14:40:39.7604960Z tardis/visualization/tools/tests/test_liv_plot.py ...................... [ 90%]
2025-02-21T14:40:42.4599018Z .............................                                            [ 91%]
2025-02-21T14:40:45.3372110Z tardis/visualization/tools/tests/test_rpacket_plot.py .................. [ 92%]
2025-02-21T14:40:52.3951089Z ....                                                                     [ 92%]
2025-02-21T14:40:58.9724019Z tardis/visualization/tools/tests/test_sdec_plot.py ..................... [ 94%]
2025-02-21T14:41:06.6447783Z ..............................                                           [ 95%]
2025-02-21T14:41:07.0775016Z tardis/visualization/widgets/tests/test_custom_abundance.py ........ss.. [ 96%]
2025-02-21T14:41:07.1497697Z ....                                                                     [ 96%]
2025-02-21T14:41:08.2222503Z tardis/visualization/widgets/tests/test_line_info.py ................... [ 97%]
2025-02-21T14:41:08.8624130Z ..................                                                       [ 98%]
2025-02-21T14:42:12.4421391Z tardis/visualization/widgets/tests/test_shell_info.py .................. [ 99%]
2025-02-21T14:42:19.8565384Z ......                                                                   [100%]
2025-02-21T14:42:19.8565925Z 
2025-02-21T14:42:19.8566146Z =================================== FAILURES ===================================
2025-02-21T14:42:19.8566880Z __________________ TestTransportSimple.test_j_blue_estimators __________________
2025-02-21T14:42:19.8567405Z 
2025-02-21T14:42:19.8567842Z self = <tardis.tests.test_tardis_full.TestTransportSimple object at 0x7f336b0247a0>
2025-02-21T14:42:19.8569116Z simulation_regression_data = <tardis.simulation.base.Simulation object at 0x7f3369f5f080>
2025-02-21T14:42:19.8569768Z 
2025-02-21T14:42:19.8570075Z     def test_j_blue_estimators(self, simulation_regression_data):
2025-02-21T14:42:19.8570794Z         key = "simulation/transport/transport_state/j_blue_estimator"
2025-02-21T14:42:19.8571438Z         expected = self.get_expected_data(key)
2025-02-21T14:42:19.8571947Z     
2025-02-21T14:42:19.8572310Z >       npt.assert_allclose(
2025-02-21T14:42:19.8573093Z             simulation_regression_data.transport.transport_state.radfield_mc_estimators.j_blue_estimator,
2025-02-21T14:42:19.8573920Z             expected.values,
2025-02-21T14:42:19.8574350Z         )
2025-02-21T14:42:19.8574556Z 
2025-02-21T14:42:19.8574747Z tardis/tests/test_tardis_full.py:60: 
2025-02-21T14:42:19.8575296Z _ _ _ _ _ _ _ _ _ _ _ _ _ _ _ _ _ _ _ _ _ _ _ _ _ _ _ _ _ _ _ _ _ _ _ _ _ _ _ _ 
2025-02-21T14:42:19.8575668Z 
2025-02-21T14:42:19.8576145Z args = (<function assert_allclose.<locals>.compare at 0x7f333c244180>, array([[0., 0., 0., ..., 0., 0., 0.],
2025-02-21T14:42:19.8576945Z        [0., 0., .....,
2025-02-21T14:42:19.8577312Z        [0., 0., 0., ..., 0., 0., 0.],
2025-02-21T14:42:19.8577754Z        [0., 0., 0., ..., 0., 0., 0.],
2025-02-21T14:42:19.8578206Z        [0., 0., 0., ..., 0., 0., 0.]]))
2025-02-21T14:42:19.8579221Z kwds = {'equal_nan': True, 'err_msg': '', 'header': 'Not equal to tolerance rtol=1e-07, atol=0', 'verbose': True}
2025-02-21T14:42:19.8579848Z 
2025-02-21T14:42:19.8580026Z     @wraps(func)
2025-02-21T14:42:19.8580411Z     def inner(*args, **kwds):
2025-02-21T14:42:19.8580870Z         with self._recreate_cm():
2025-02-21T14:42:19.8581356Z >           return func(*args, **kwds)
2025-02-21T14:42:19.8581841Z E           AssertionError: 
2025-02-21T14:42:19.8582296Z E           Not equal to tolerance rtol=1e-07, atol=0
2025-02-21T14:42:19.8582775Z E           
2025-02-21T14:42:19.8583177Z E           Mismatched elements: 501415 / 584480 (85.8%)
2025-02-21T14:42:19.8583726Z E           Max absolute difference: 1.58727889e-18
2025-02-21T14:42:19.8584263Z E           Max relative difference: 14.12627905
2025-02-21T14:42:19.8584816Z E            x: array([[0., 0., 0., ..., 0., 0., 0.],
2025-02-21T14:42:19.8585401Z E                  [0., 0., 0., ..., 0., 0., 0.],
2025-02-21T14:42:19.8585911Z E                  [0., 0., 0., ..., 0., 0., 0.],...
2025-02-21T14:42:19.8586427Z E            y: array([[0., 0., 0., ..., 0., 0., 0.],
2025-02-21T14:42:19.8586910Z E                  [0., 0., 0., ..., 0., 0., 0.],
2025-02-21T14:42:19.8587377Z E                  [0., 0., 0., ..., 0., 0., 0.],...
2025-02-21T14:42:19.8587674Z 
2025-02-21T14:42:19.8588024Z ../../../micromamba/envs/tardis/lib/python3.12/contextlib.py:81: AssertionError
2025-02-21T14:42:19.8589071Z ______________________ TestTransportSimple.test_spectrum _______________________
2025-02-21T14:42:19.8589525Z 
2025-02-21T14:42:19.8589881Z self = <tardis.tests.test_tardis_full.TestTransportSimple object at 0x7f336b026030>
2025-02-21T14:42:19.8590854Z simulation_regression_data = <tardis.simulation.base.Simulation object at 0x7f3369f5f080>
2025-02-21T14:42:19.8591759Z 
2025-02-21T14:42:19.8592007Z     def test_spectrum(self, simulation_regression_data):
2025-02-21T14:42:19.8592706Z         key = "simulation/spectrum_solver/spectrum_real_packets/luminosity"
2025-02-21T14:42:19.8593358Z         expected = self.get_expected_data(key)
2025-02-21T14:42:19.8594053Z     
2025-02-21T14:42:19.8594434Z         luminosity = u.Quantity(expected, "erg /s")
2025-02-21T14:42:19.8594917Z     
2025-02-21T14:42:19.8595267Z >       assert_quantity_allclose(
2025-02-21T14:42:19.8595932Z             simulation_regression_data.spectrum_solver.spectrum_real_packets.luminosity,
2025-02-21T14:42:19.8596632Z             luminosity,
2025-02-21T14:42:19.8597012Z         )
2025-02-21T14:42:19.8597198Z 
2025-02-21T14:42:19.8597387Z tardis/tests/test_tardis_full.py:71: 
2025-02-21T14:42:19.8597914Z _ _ _ _ _ _ _ _ _ _ _ _ _ _ _ _ _ _ _ _ _ _ _ _ _ _ _ _ _ _ _ _ _ _ _ _ _ _ _ _ 
2025-02-21T14:42:19.8599040Z ../../../micromamba/envs/tardis/lib/python3.12/site-packages/astropy/tests/helper.py:203: in assert_quantity_allclose
2025-02-21T14:42:19.8600025Z     np.testing.assert_allclose(
2025-02-21T14:42:19.8600513Z _ _ _ _ _ _ _ _ _ _ _ _ _ _ _ _ _ _ _ _ _ _ _ _ _ _ _ _ _ _ _ _ _ _ _ _ _ _ _ _ 
2025-02-21T14:42:19.8600875Z 
2025-02-21T14:42:19.8601715Z args = (<function assert_allclose.<locals>.compare at 0x7f3339b4f1a0>, array([1.33511090e+39, 1.33738696e+39, 9.41598476e+38,...), array([1.47119190e+39, 1.69564189e+39, 1.35368464e+39, ...,
2025-02-21T14:42:19.8602854Z        0.00000000e+00, 0.00000000e+00, 0.00000000e+00]))
2025-02-21T14:42:19.8603609Z kwds = {'equal_nan': True, 'err_msg': '', 'header': 'Not equal to tolerance rtol=1e-07, atol=0', 'verbose': True}
2025-02-21T14:42:19.8604156Z 
2025-02-21T14:42:19.8604320Z     @wraps(func)
2025-02-21T14:42:19.8604702Z     def inner(*args, **kwds):
2025-02-21T14:42:19.8605119Z         with self._recreate_cm():
2025-02-21T14:42:19.8605564Z >           return func(*args, **kwds)
2025-02-21T14:42:19.8606014Z E           AssertionError: 
2025-02-21T14:42:19.8606456Z E           Not equal to tolerance rtol=1e-07, atol=0
2025-02-21T14:42:19.8606951Z E           
2025-02-21T14:42:19.8607364Z E           Mismatched elements: 4787 / 10000 (47.9%)
2025-02-21T14:42:19.8607905Z E           Max absolute difference: 3.38544343e+39
2025-02-21T14:42:19.8608583Z E           Max relative difference: 2.93242273
2025-02-21T14:42:19.8609179Z E            x: array([1.335111e+39, 1.337387e+39, 9.415985e+38, ..., 0.000000e+00,
2025-02-21T14:42:19.8609761Z E                  0.000000e+00, 0.000000e+00])
2025-02-21T14:42:19.8610309Z E            y: array([1.471192e+39, 1.695642e+39, 1.353685e+39, ..., 0.000000e+00,
2025-02-21T14:42:19.8610872Z E                  0.000000e+00, 0.000000e+00])
2025-02-21T14:42:19.8611161Z 
2025-02-21T14:42:19.8611510Z ../../../micromamba/envs/tardis/lib/python3.12/contextlib.py:81: AssertionError
2025-02-21T14:42:19.8612308Z __________________ TestTransportSimple.test_virtual_spectrum ___________________
2025-02-21T14:42:19.8612777Z 
2025-02-21T14:42:19.8613148Z self = <tardis.tests.test_tardis_full.TestTransportSimple object at 0x7f336b026300>
2025-02-21T14:42:19.8614051Z simulation_regression_data = <tardis.simulation.base.Simulation object at 0x7f3369f5f080>
2025-02-21T14:42:19.8614614Z 
2025-02-21T14:42:19.8614883Z     def test_virtual_spectrum(self, simulation_regression_data):
2025-02-21T14:42:19.8615606Z         key = "simulation/spectrum_solver/spectrum_virtual_packets/luminosity"
2025-02-21T14:42:19.8616226Z         expected = self.get_expected_data(key)
2025-02-21T14:42:19.8616662Z     
2025-02-21T14:42:19.8617015Z         luminosity = u.Quantity(expected, "erg /s")
2025-02-21T14:42:19.8617475Z     
2025-02-21T14:42:19.8617817Z >       assert_quantity_allclose(
2025-02-21T14:42:19.8618604Z             simulation_regression_data.spectrum_solver.spectrum_virtual_packets.luminosity,
2025-02-21T14:42:19.8619280Z             luminosity,
2025-02-21T14:42:19.8619646Z         )
2025-02-21T14:42:19.8620048Z 
2025-02-21T14:42:19.8620223Z tardis/tests/test_tardis_full.py:82: 
2025-02-21T14:42:19.8620736Z _ _ _ _ _ _ _ _ _ _ _ _ _ _ _ _ _ _ _ _ _ _ _ _ _ _ _ _ _ _ _ _ _ _ _ _ _ _ _ _ 
2025-02-21T14:42:19.8621611Z ../../../micromamba/envs/tardis/lib/python3.12/site-packages/astropy/tests/helper.py:203: in assert_quantity_allclose
2025-02-21T14:42:19.8622636Z     np.testing.assert_allclose(
2025-02-21T14:42:19.8623095Z _ _ _ _ _ _ _ _ _ _ _ _ _ _ _ _ _ _ _ _ _ _ _ _ _ _ _ _ _ _ _ _ _ _ _ _ _ _ _ _ 
2025-02-21T14:42:19.8623425Z 
2025-02-21T14:42:19.8624205Z args = (<function assert_allclose.<locals>.compare at 0x7f3339b4f240>, array([1.46352380e+39, 1.37519577e+39, 1.34901151e+39,...), array([1.44033177e+39, 1.35611403e+39, 1.39755698e+39, ...,
2025-02-21T14:42:19.8625301Z        0.00000000e+00, 0.00000000e+00, 0.00000000e+00]))
2025-02-21T14:42:19.8626056Z kwds = {'equal_nan': True, 'err_msg': '', 'header': 'Not equal to tolerance rtol=1e-07, atol=0', 'verbose': True}
2025-02-21T14:42:19.8626604Z 
2025-02-21T14:42:19.8626771Z     @wraps(func)
2025-02-21T14:42:19.8627139Z     def inner(*args, **kwds):
2025-02-21T14:42:19.8627566Z         with self._recreate_cm():
2025-02-21T14:42:19.8628002Z >           return func(*args, **kwds)
2025-02-21T14:42:19.8628594Z E           AssertionError: 
2025-02-21T14:42:19.8629052Z E           Not equal to tolerance rtol=1e-07, atol=0
2025-02-21T14:42:19.8629525Z E           
2025-02-21T14:42:19.8629896Z E           Mismatched elements: 5800 / 10000 (58%)
2025-02-21T14:42:19.8630387Z E           Max absolute difference: 2.37529699e+39
2025-02-21T14:42:19.8630881Z E           Max relative difference: 18569.59081289
2025-02-21T14:42:19.8631439Z E            x: array([1.463524e+39, 1.375196e+39, 1.349012e+39, ..., 0.000000e+00,
2025-02-21T14:42:19.8631988Z E                  0.000000e+00, 0.000000e+00])
2025-02-21T14:42:19.8632529Z E            y: array([1.440332e+39, 1.356114e+39, 1.397557e+39, ..., 0.000000e+00,
2025-02-21T14:42:19.8633085Z E                  0.000000e+00, 0.000000e+00])
2025-02-21T14:42:19.8633389Z 
2025-02-21T14:42:19.8633729Z ../../../micromamba/envs/tardis/lib/python3.12/contextlib.py:81: AssertionError
2025-02-21T14:42:19.8634413Z =============================== warnings summary ===============================
2025-02-21T14:42:19.8634957Z tardis/io/configuration/config_validator.py:6
2025-02-21T14:42:19.8635504Z tardis/io/configuration/config_validator.py:6
2025-02-21T14:42:19.8636405Z   /home/runner/work/tardis/tardis/tardis/io/configuration/config_validator.py:6: DeprecationWarning:
2025-02-21T14:42:19.8637230Z   
2025-02-21T14:42:19.8639423Z   jsonschema.RefResolver is deprecated as of v4.18.0, in favor of the https://github.com/python-jsonschema/referencing library, which provides more compliant referencing behavior as well as more flexible APIs for customization. A future release will remove RefResolver. Please file a feature request (on referencing) if you are missing an API for the kind of customization you need.
2025-02-21T14:42:19.8641368Z 
2025-02-21T14:42:19.8641806Z ../../../micromamba/envs/tardis/lib/python3.12/site-packages/jupyter_client/connect.py:22
2025-02-21T14:42:19.8642998Z   /home/runner/micromamba/envs/tardis/lib/python3.12/site-packages/jupyter_client/connect.py:22: DeprecationWarning:
2025-02-21T14:42:19.8643883Z   
2025-02-21T14:42:19.8644330Z   Jupyter is migrating its paths to use standard platformdirs
2025-02-21T14:42:19.8645000Z   given by the platformdirs library.  To remove this warning and
2025-02-21T14:42:19.8645688Z   see the appropriate new directories, set the environment variable
2025-02-21T14:42:19.8646368Z   `JUPYTER_PLATFORM_DIRS=1` and then run `jupyter --paths`.
2025-02-21T14:42:19.8647028Z   The use of platformdirs will be the default in `jupyter_core` v6
2025-02-21T14:42:19.8647443Z 
2025-02-21T14:42:19.8655048Z tardis/io/tests/test_HDFWriter.py::test_multi_index_write
2025-02-21T14:42:19.8655923Z tardis/visualization/widgets/tests/test_shell_info.py::TestHDFShellInfo::test_shells_data
2025-02-21T14:42:19.8656864Z   /home/runner/work/tardis/tardis/tardis/io/util.py:276: PerformanceWarning:
2025-02-21T14:42:19.8657747Z   
2025-02-21T14:42:19.8658059Z   
2025-02-21T14:42:19.8658807Z   your performance may suffer as PyTables will pickle object types that it cannot
2025-02-21T14:42:19.8659730Z   map directly to c-types [inferred_type->mixed,key->block0_values] [items->Index([0], dtype='int64')]
2025-02-21T14:42:19.8660470Z 
2025-02-21T14:42:19.8660808Z tardis/io/tests/test_model_reader.py::test_read_cmfgen_isotope_abundances
2025-02-21T14:42:19.8661635Z tardis/plasma/tests/test_tardis_model_density_config.py::test_electron_densities
2025-02-21T14:42:19.8662540Z tardis/plasma/tests/test_tardis_model_density_config.py::test_isotope_number_densities
2025-02-21T14:42:19.8663375Z tardis/plasma/tests/test_tardis_model_density_config.py::test_t_rad
2025-02-21T14:42:19.8664346Z   /home/runner/work/tardis/tardis/tardis/io/model/readers/cmfgen_deprecated.py:82: DeprecationWarning:
2025-02-21T14:42:19.8665180Z   
2025-02-21T14:42:19.8665576Z   The current CMFGEN model parser is deprecated
2025-02-21T14:42:19.8665924Z 
2025-02-21T14:42:19.8666126Z tardis/io/tests/test_model_reader.py: 1 warning
2025-02-21T14:42:19.8666756Z tardis/plasma/tests/test_tardis_model_density_config.py: 9 warnings
2025-02-21T14:42:19.8667694Z   /home/runner/work/tardis/tardis/tardis/io/model/readers/cmfgen_deprecated.py:40: DeprecationWarning:
2025-02-21T14:42:19.8668636Z   
2025-02-21T14:42:19.8669013Z   The current CMFGEN model parser is deprecated
2025-02-21T14:42:19.8669346Z 
2025-02-21T14:42:19.8669699Z tardis/model/tests/test_base.py::TestModelFromPaper1Config::test_abundances
2025-02-21T14:42:19.8670813Z   /home/runner/work/tardis/tardis/tardis/transport/montecarlo/montecarlo_main_loop.py:123: NumbaTypeSafetyWarning:
2025-02-21T14:42:19.8671692Z   
2025-02-21T14:42:19.8672496Z   [1m[1m[1munsafe cast from uint64 to int64. Precision may be lost.[0m[0m[0m
2025-02-21T14:42:19.8672938Z 
2025-02-21T14:42:19.8673133Z tardis/model/tests/test_base.py: 6 warnings
2025-02-21T14:42:19.8673659Z tardis/model/tests/test_csvy_model.py: 2 warnings
2025-02-21T14:42:19.8674280Z tardis/plasma/tests/test_tardis_model_density_config.py: 3 warnings
2025-02-21T14:42:19.8675161Z   /home/runner/work/tardis/tardis/tardis/model/geometry/radial1d.py:50: DeprecationWarning:
2025-02-21T14:42:19.8675896Z   
2025-02-21T14:42:19.8676264Z   v_inner_boundary < 0, assuming default value
2025-02-21T14:42:19.8676591Z 
2025-02-21T14:42:19.8676783Z tardis/model/tests/test_base.py: 6 warnings
2025-02-21T14:42:19.8677293Z tardis/model/tests/test_csvy_model.py: 2 warnings
2025-02-21T14:42:19.8677924Z tardis/plasma/tests/test_tardis_model_density_config.py: 3 warnings
2025-02-21T14:42:19.8678903Z   /home/runner/work/tardis/tardis/tardis/model/geometry/radial1d.py:61: DeprecationWarning:
2025-02-21T14:42:19.8679599Z   
2025-02-21T14:42:19.8679951Z   v_outer_boundary < 0, assuming default value
2025-02-21T14:42:19.8680264Z 
2025-02-21T14:42:19.8681003Z tardis/plasma/equilibrium/tests/test_level_populations.py::TestLevelPopulationSolver::test_solve[collisional_rate_solver0-radiative_transitions0]
2025-02-21T14:42:19.8682388Z   /home/runner/work/tardis/tardis/tardis/plasma/equilibrium/level_populations.py:65: FutureWarning:
2025-02-21T14:42:19.8683161Z   
2025-02-21T14:42:19.8683788Z   A value is trying to be set on a copy of a DataFrame or Series through chained assignment using an inplace method.
2025-02-21T14:42:19.8685104Z   The behavior will change in pandas 3.0. This inplace method will never work because the intermediate object on which we are setting values always behaves as a copy.
2025-02-21T14:42:19.8686114Z   
2025-02-21T14:42:19.8687136Z   For example, when doing 'df[col].method(value, inplace=True)', try using 'df.method({col: value}, inplace=True)' or df[col] = df[col].method(value) instead, to perform the operation inplace on the original object.
2025-02-21T14:42:19.8688116Z 
2025-02-21T14:42:19.8688618Z tardis/plasma/tests/test_plasma_vboundary.py::test_plasma_vboundary[2900-3750]
2025-02-21T14:42:19.8689676Z tardis/plasma/tests/test_plasma_vboundary.py::test_plasma_vboundary[2900-3850]
2025-02-21T14:42:19.8690518Z tardis/plasma/tests/test_plasma_vboundary.py::test_plasma_vboundary[2900-3900]
2025-02-21T14:42:19.8691529Z   /home/runner/work/tardis/tardis/tardis/model/geometry/radial1d.py:71: UserWarning:
2025-02-21T14:42:19.8692364Z   
2025-02-21T14:42:19.8692875Z   Requesting inner boundary below inner shell. Extrapolating the inner cell
2025-02-21T14:42:19.8693352Z 
2025-02-21T14:42:19.8693715Z tardis/spectrum/tests/test_spectrum_solver.py::TestSpectrumSolver::test_solve
2025-02-21T14:42:19.8694551Z   /home/runner/work/tardis/tardis/tardis/spectrum/base.py:70: UserWarning:
2025-02-21T14:42:19.8695201Z   
2025-02-21T14:42:19.8695998Z   SpectrumSolver.spectrum_virtual_packets is zero. Please run the montecarlo simulation with no_of_virtual_packets > 0
2025-02-21T14:42:19.8696807Z 
2025-02-21T14:42:19.8697169Z tardis/spectrum/tests/test_spectrum_solver.py::TestSpectrumSolver::test_solve
2025-02-21T14:42:19.8698034Z   /home/runner/work/tardis/tardis/tardis/spectrum/base.py:111: UserWarning:
2025-02-21T14:42:19.8698825Z   
2025-02-21T14:42:19.8699390Z   SpectrumSolver.integrator: The FormalIntegrator is not yet available.Please run the montecarlo simulation at least once.
2025-02-21T14:42:19.8699882Z 
2025-02-21T14:42:19.8700167Z tardis/transport/montecarlo/tests/test_vpacket.py::test_trace_vpacket_volley
2025-02-21T14:42:19.8700698Z   <string>:3: NumbaPendingDeprecationWarning:
2025-02-21T14:42:19.8701088Z   
2025-02-21T14:42:19.8702365Z   [1m[1mCode using Numba extension API maybe depending on 'old_style' error-capturing, which is deprecated and will be replaced by 'new_style' in a future release. See details at https://numba.readthedocs.io/en/latest/reference/deprecation.html#deprecation-of-old-style-numba-captured-errors
2025-02-21T14:42:19.8703498Z   Exception origin:
2025-02-21T14:42:19.8703986Z     File "/home/runner/micromamba/envs/tardis/lib/python3.12/inspect.py", line 3180, in _bind
2025-02-21T14:42:19.8704540Z       raise TypeError(msg) from None
2025-02-21T14:42:19.8704921Z   [0m[0m
2025-02-21T14:42:19.8705088Z 
2025-02-21T14:42:19.8705467Z tardis/visualization/tools/tests/test_sdec_plot.py::TestSDECPlotter::test_mpl_image[plotter_generate_plot_mpl4]
2025-02-21T14:42:19.8706284Z   /home/runner/work/tardis/tardis/tardis/visualization/tools/sdec_plot.py:1225: RuntimeWarning:
2025-02-21T14:42:19.8706852Z   
2025-02-21T14:42:19.8707912Z   More than 20 figures have been opened. Figures created through the pyplot interface (`matplotlib.pyplot.figure`) are retained until explicitly closed and may consume too much memory. (To control this warning, see the rcParam `figure.max_open_warning`). Consider using `matplotlib.pyplot.close()`.
2025-02-21T14:42:19.8709037Z 
2025-02-21T14:42:19.8709454Z tardis/visualization/widgets/tests/test_custom_abundance.py::TestCustomAbundanceWidget::test_update_input_item_value
2025-02-21T14:42:19.8710348Z tardis/visualization/widgets/tests/test_custom_abundance.py::TestCustomAbundanceWidget::test_update_input_item_value
2025-02-21T14:42:19.8711232Z tardis/visualization/widgets/tests/test_custom_abundance.py::TestCustomAbundanceWidget::test_update_input_item_value
2025-02-21T14:42:19.8712117Z tardis/visualization/widgets/tests/test_custom_abundance.py::TestCustomAbundanceWidget::test_update_input_item_value
2025-02-21T14:42:19.8713000Z tardis/visualization/widgets/tests/test_custom_abundance.py::TestCustomAbundanceWidget::test_update_input_item_value
2025-02-21T14:42:19.8713871Z tardis/visualization/widgets/tests/test_custom_abundance.py::TestCustomAbundanceWidget::test_update_input_item_value
2025-02-21T14:42:19.8714767Z   /home/runner/micromamba/envs/tardis/lib/python3.12/site-packages/traitlets/traitlets.py:1385: DeprecationWarning:
2025-02-21T14:42:19.8715396Z   
2025-02-21T14:42:19.8715799Z   Passing unrecognized arguments to super(Checkbox).__init__(icon='lock').
2025-02-21T14:42:19.8716358Z   object.__init__() takes exactly one argument (the instance to initialize)
2025-02-21T14:42:19.8717115Z   This is deprecated in traitlets 4.2.This error will be raised in a future release of traitlets.
2025-02-21T14:42:19.8717491Z 
2025-02-21T14:42:19.8717901Z tardis/visualization/widgets/tests/test_custom_abundance.py::TestCustomAbundanceWidget::test_update_input_item_value
2025-02-21T14:42:19.8719035Z tardis/visualization/widgets/tests/test_custom_abundance.py::TestCustomAbundanceWidget::test_update_input_item_value
2025-02-21T14:42:19.8719920Z   /home/runner/micromamba/envs/tardis/lib/python3.12/site-packages/traitlets/traitlets.py:1385: DeprecationWarning:
2025-02-21T14:42:19.8720550Z   
2025-02-21T14:42:19.8720937Z   Passing unrecognized arguments to super(FloatText).__init__(min=0).
2025-02-21T14:42:19.8721476Z   object.__init__() takes exactly one argument (the instance to initialize)
2025-02-21T14:42:19.8722075Z   This is deprecated in traitlets 4.2.This error will be raised in a future release of traitlets.
2025-02-21T14:42:19.8722455Z 
2025-02-21T14:42:19.8722857Z tardis/visualization/widgets/tests/test_custom_abundance.py::TestCustomAbundanceWidget::test_update_input_item_value
2025-02-21T14:42:19.8723744Z   /home/runner/micromamba/envs/tardis/lib/python3.12/site-packages/traitlets/traitlets.py:1385: DeprecationWarning:
2025-02-21T14:42:19.8724367Z   
2025-02-21T14:42:19.8724760Z   Passing unrecognized arguments to super(HTML).__init__(indent=True).
2025-02-21T14:42:19.8725296Z   object.__init__() takes exactly one argument (the instance to initialize)
2025-02-21T14:42:19.8725888Z   This is deprecated in traitlets 4.2.This error will be raised in a future release of traitlets.
2025-02-21T14:42:19.8726260Z 
2025-02-21T14:42:19.8726746Z tardis/visualization/widgets/tests/test_line_info.py::TestLineInfoWidgetData::test_get_species_interactions[wavelength_range0-packet_out_nu]
2025-02-21T14:42:19.8727681Z   /home/runner/micromamba/envs/tardis/lib/python3.12/site-packages/qgridnext/grid.py:820: DeprecationWarning:
2025-02-21T14:42:19.8728285Z   
2025-02-21T14:42:19.8728861Z   QgridWidget._precision_changed is deprecated in traitlets 4.1: use @observe and @unobserve instead.
2025-02-21T14:42:19.8729276Z 
2025-02-21T14:42:19.8729588Z tardis/visualization/widgets/tests/test_shell_info.py::TestHDFShellInfo::test_shells_data
2025-02-21T14:42:19.8730271Z   /home/runner/work/tardis/tardis/tardis/io/util.py:289: PerformanceWarning:
2025-02-21T14:42:19.8730748Z   
2025-02-21T14:42:19.8731034Z   
2025-02-21T14:42:19.8731438Z   your performance may suffer as PyTables will pickle object types that it cannot
2025-02-21T14:42:19.8732100Z   map directly to c-types [inferred_type->mixed,key->block0_values] [items->Index([0], dtype='int64')]
2025-02-21T14:42:19.8732493Z 
2025-02-21T14:42:19.8732800Z tardis/visualization/widgets/tests/test_shell_info.py::TestHDFShellInfo::test_shells_data
2025-02-21T14:42:19.8733456Z   /home/runner/work/tardis/tardis/tardis/io/util.py:292: PerformanceWarning:
2025-02-21T14:42:19.8733930Z   
2025-02-21T14:42:19.8734211Z   
2025-02-21T14:42:19.8734617Z   your performance may suffer as PyTables will pickle object types that it cannot
2025-02-21T14:42:19.8735181Z   map directly to c-types [inferred_type->mixed,key->values] [items->None]
2025-02-21T14:42:19.8735503Z 
2025-02-21T14:42:19.8735844Z tardis/visualization/widgets/tests/test_shell_info.py::TestHDFShellInfo::test_shells_data
2025-02-21T14:42:19.8736531Z   /home/runner/work/tardis/tardis/tardis/spectrum/formal_integral.py:398: UserWarning:
2025-02-21T14:42:19.8737056Z   
2025-02-21T14:42:19.8737459Z   The number of interpolate_shells was not specified. The value was set to 80.
2025-02-21T14:42:19.8737793Z 
2025-02-21T14:42:19.8738017Z -- Docs: https://docs.pytest.org/en/stable/how-to/capture-warnings.html
2025-02-21T14:42:19.8738444Z 
2025-02-21T14:42:19.8738649Z ---------- coverage: platform linux, python 3.12.4-final-0 -----------
2025-02-21T14:42:19.8739118Z Coverage HTML written to dir coverage_html_report
2025-02-21T14:42:19.8739546Z Coverage XML written to file coverage.xml
2025-02-21T14:42:19.8739782Z 
2025-02-21T14:42:19.8740120Z =========================== short test summary info ============================
2025-02-21T14:42:19.8740740Z FAILED tardis/tests/test_tardis_full.py::TestTransportSimple::test_j_blue_estimators - AssertionError: 
2025-02-21T14:42:19.8741341Z Not equal to tolerance rtol=1e-07, atol=0
2025-02-21T14:42:19.8741795Z 
2025-02-21T14:42:19.8741966Z Mismatched elements: 501415 / 584480 (85.8%)
2025-02-21T14:42:19.8742437Z Max absolute difference: 1.58727889e-18
2025-02-21T14:42:19.8742894Z Max relative difference: 14.12627905
2025-02-21T14:42:19.8743359Z  x: array([[0., 0., 0., ..., 0., 0., 0.],
2025-02-21T14:42:19.8743935Z        [0., 0., 0., ..., 0., 0., 0.],
2025-02-21T14:42:19.8744386Z        [0., 0., 0., ..., 0., 0., 0.],...
2025-02-21T14:42:19.8744871Z  y: array([[0., 0., 0., ..., 0., 0., 0.],
2025-02-21T14:42:19.8745340Z        [0., 0., 0., ..., 0., 0., 0.],
2025-02-21T14:42:19.8745798Z        [0., 0., 0., ..., 0., 0., 0.],...
2025-02-21T14:42:19.8746474Z FAILED tardis/tests/test_tardis_full.py::TestTransportSimple::test_spectrum - AssertionError: 
2025-02-21T14:42:19.8747155Z Not equal to tolerance rtol=1e-07, atol=0
2025-02-21T14:42:19.8747452Z 
2025-02-21T14:42:19.8747629Z Mismatched elements: 4787 / 10000 (47.9%)
2025-02-21T14:42:19.8748165Z Max absolute difference: 3.38544343e+39
2025-02-21T14:42:19.8748783Z Max relative difference: 2.93242273
2025-02-21T14:42:19.8749432Z  x: array([1.335111e+39, 1.337387e+39, 9.415985e+38, ..., 0.000000e+00,
2025-02-21T14:42:19.8750015Z        0.000000e+00, 0.000000e+00])
2025-02-21T14:42:19.8750555Z  y: array([1.471192e+39, 1.695642e+39, 1.353685e+39, ..., 0.000000e+00,
2025-02-21T14:42:19.8751112Z        0.000000e+00, 0.000000e+00])
2025-02-21T14:42:19.8762889Z FAILED tardis/tests/test_tardis_full.py::TestTransportSimple::test_virtual_spectrum - AssertionError: 
2025-02-21T14:42:19.8763534Z Not equal to tolerance rtol=1e-07, atol=0
2025-02-21T14:42:19.8763783Z 
2025-02-21T14:42:19.8763948Z Mismatched elements: 5800 / 10000 (58%)
2025-02-21T14:42:19.8764341Z Max absolute difference: 2.37529699e+39
2025-02-21T14:42:19.8764734Z Max relative difference: 18569.59081289
2025-02-21T14:42:19.8765170Z  x: array([1.463524e+39, 1.375196e+39, 1.349012e+39, ..., 0.000000e+00,
2025-02-21T14:42:19.8765601Z        0.000000e+00, 0.000000e+00])
2025-02-21T14:42:19.8766011Z  y: array([1.440332e+39, 1.356114e+39, 1.397557e+39, ..., 0.000000e+00,
2025-02-21T14:42:19.8766440Z        0.000000e+00, 0.000000e+00])
2025-02-21T14:42:19.8766951Z = 3 failed, 1407 passed, 357 skipped, 2 deselected, 19 xfailed, 8 xpassed, 63 warnings in 713.09s (0:11:53) =
2025-02-21T14:42:22.0568677Z ##[error]Process completed with exit code 1.
