2025-01-13T19:45:58.4920159Z Requested labels: ubuntu-latest
2025-01-13T19:45:58.4920439Z Job defined at: tardis-sn/tardis/.github/workflows/tests.yml@refs/pull/2800/merge
2025-01-13T19:45:58.4920538Z Waiting for a runner to pick up this job...
2025-01-13T19:45:58.7264079Z Job is waiting for a hosted runner to come online.
2025-01-13T19:46:02.0386744Z Job is about to start running on the hosted runner: GitHub Actions 1 (hosted)
2025-01-13T19:46:03.3368013Z Current runner version: '2.321.0'
2025-01-13T19:46:03.3393697Z ##[group]Operating System
2025-01-13T19:46:03.3394542Z Ubuntu
2025-01-13T19:46:03.3395078Z 24.04.1
2025-01-13T19:46:03.3395629Z LTS
2025-01-13T19:46:03.3396147Z ##[endgroup]
2025-01-13T19:46:03.3396702Z ##[group]Runner Image
2025-01-13T19:46:03.3397270Z Image: ubuntu-24.04
2025-01-13T19:46:03.3397825Z Version: 20250105.1.0
2025-01-13T19:46:03.3398857Z Included Software: https://github.com/actions/runner-images/blob/ubuntu24/20250105.1/images/ubuntu/Ubuntu2404-Readme.md
2025-01-13T19:46:03.3400397Z Image Release: https://github.com/actions/runner-images/releases/tag/ubuntu24%2F20250105.1
2025-01-13T19:46:03.3401306Z ##[endgroup]
2025-01-13T19:46:03.3401847Z ##[group]Runner Image Provisioner
2025-01-13T19:46:03.3402475Z 2.0.404.1
2025-01-13T19:46:03.3402959Z ##[endgroup]
2025-01-13T19:46:03.3405083Z ##[group]GITHUB_TOKEN Permissions
2025-01-13T19:46:03.3407284Z Actions: read
2025-01-13T19:46:03.3408082Z Attestations: read
2025-01-13T19:46:03.3408705Z Checks: read
2025-01-13T19:46:03.3409457Z Contents: read
2025-01-13T19:46:03.3410083Z Deployments: read
2025-01-13T19:46:03.3410568Z Discussions: read
2025-01-13T19:46:03.3411079Z Issues: read
2025-01-13T19:46:03.3411640Z Metadata: read
2025-01-13T19:46:03.3412140Z Packages: read
2025-01-13T19:46:03.3412624Z Pages: read
2025-01-13T19:46:03.3413163Z PullRequests: read
2025-01-13T19:46:03.3413699Z RepositoryProjects: read
2025-01-13T19:46:03.3414249Z SecurityEvents: read
2025-01-13T19:46:03.3414810Z Statuses: read
2025-01-13T19:46:03.3415312Z ##[endgroup]
2025-01-13T19:46:03.3418065Z Secret source: None
2025-01-13T19:46:03.3418884Z Prepare workflow directory
2025-01-13T19:46:03.4026416Z Prepare all required actions
2025-01-13T19:46:03.4062426Z Getting action download info
2025-01-13T19:46:03.5577606Z Download action repository 'actions/checkout@v4' (SHA:11bd71901bbe5b1630ceea73d27597364c9af683)
2025-01-13T19:46:03.6537678Z Download action repository 'actions/upload-artifact@v4' (SHA:65c4c4a1ddee5b72f698fdd19549f0f0fb45cf08)
2025-01-13T19:46:04.0625711Z Complete job name: not continuum ubuntu-latest 
2025-01-13T19:46:04.1383954Z ##[group]Run actions/checkout@v4
2025-01-13T19:46:04.1384847Z with:
2025-01-13T19:46:04.1385258Z   repository: tardis-sn/tardis
2025-01-13T19:46:04.1385973Z   token: ***
2025-01-13T19:46:04.1386374Z   ssh-strict: true
2025-01-13T19:46:04.1386767Z   ssh-user: git
2025-01-13T19:46:04.1387172Z   persist-credentials: true
2025-01-13T19:46:04.1387634Z   clean: true
2025-01-13T19:46:04.1388046Z   sparse-checkout-cone-mode: true
2025-01-13T19:46:04.1388543Z   fetch-depth: 1
2025-01-13T19:46:04.1388943Z   fetch-tags: false
2025-01-13T19:46:04.1389539Z   show-progress: true
2025-01-13T19:46:04.1389961Z   lfs: false
2025-01-13T19:46:04.1390337Z   submodules: false
2025-01-13T19:46:04.1390746Z   set-safe-directory: true
2025-01-13T19:46:04.1391449Z env:
2025-01-13T19:46:04.1391815Z   CACHE_NUMBER: 0
2025-01-13T19:46:04.1392980Z   PYTEST_FLAGS: --tardis-regression-data=/home/runner/work/tardis/tardis/tardis-regression-data --cov=tardis --cov-report=xml --cov-report=html --cov-append
2025-01-13T19:46:04.1394255Z   CODECOV_TOKEN: 
2025-01-13T19:46:04.1394660Z ##[endgroup]
2025-01-13T19:46:04.3319277Z Syncing repository: tardis-sn/tardis
2025-01-13T19:46:04.3321851Z ##[group]Getting Git version info
2025-01-13T19:46:04.3322885Z Working directory is '/home/runner/work/tardis/tardis'
2025-01-13T19:46:04.3324206Z [command]/usr/bin/git version
2025-01-13T19:46:04.3383267Z git version 2.47.1
2025-01-13T19:46:04.3412833Z ##[endgroup]
2025-01-13T19:46:04.3429488Z Temporarily overriding HOME='/home/runner/work/_temp/98eec9ca-8a95-45ff-9f5d-6e6b380348b1' before making global git config changes
2025-01-13T19:46:04.3432032Z Adding repository directory to the temporary git global config as a safe directory
2025-01-13T19:46:04.3436309Z [command]/usr/bin/git config --global --add safe.directory /home/runner/work/tardis/tardis
2025-01-13T19:46:04.3475166Z Deleting the contents of '/home/runner/work/tardis/tardis'
2025-01-13T19:46:04.3479345Z ##[group]Initializing the repository
2025-01-13T19:46:04.3486257Z [command]/usr/bin/git init /home/runner/work/tardis/tardis
2025-01-13T19:46:04.3554988Z hint: Using 'master' as the name for the initial branch. This default branch name
2025-01-13T19:46:04.3556760Z hint: is subject to change. To configure the initial branch name to use in all
2025-01-13T19:46:04.3558366Z hint: of your new repositories, which will suppress this warning, call:
2025-01-13T19:46:04.3559666Z hint:
2025-01-13T19:46:04.3560452Z hint: 	git config --global init.defaultBranch <name>
2025-01-13T19:46:04.3561582Z hint:
2025-01-13T19:46:04.3562641Z hint: Names commonly chosen instead of 'master' are 'main', 'trunk' and
2025-01-13T19:46:04.3564310Z hint: 'development'. The just-created branch can be renamed via this command:
2025-01-13T19:46:04.3565640Z hint:
2025-01-13T19:46:04.3566412Z hint: 	git branch -m <name>
2025-01-13T19:46:04.3567747Z Initialized empty Git repository in /home/runner/work/tardis/tardis/.git/
2025-01-13T19:46:04.3574377Z [command]/usr/bin/git remote add origin https://github.com/tardis-sn/tardis
2025-01-13T19:46:04.3613310Z ##[endgroup]
2025-01-13T19:46:04.3614651Z ##[group]Disabling automatic garbage collection
2025-01-13T19:46:04.3616929Z [command]/usr/bin/git config --local gc.auto 0
2025-01-13T19:46:04.3650999Z ##[endgroup]
2025-01-13T19:46:04.3651687Z ##[group]Setting up auth
2025-01-13T19:46:04.3662054Z [command]/usr/bin/git config --local --name-only --get-regexp core\.sshCommand
2025-01-13T19:46:04.3697990Z [command]/usr/bin/git submodule foreach --recursive sh -c "git config --local --name-only --get-regexp 'core\.sshCommand' && git config --local --unset-all 'core.sshCommand' || :"
2025-01-13T19:46:04.4017874Z [command]/usr/bin/git config --local --name-only --get-regexp http\.https\:\/\/github\.com\/\.extraheader
2025-01-13T19:46:04.4050913Z [command]/usr/bin/git submodule foreach --recursive sh -c "git config --local --name-only --get-regexp 'http\.https\:\/\/github\.com\/\.extraheader' && git config --local --unset-all 'http.https://github.com/.extraheader' || :"
2025-01-13T19:46:04.4309931Z [command]/usr/bin/git config --local http.https://github.com/.extraheader AUTHORIZATION: basic ***
2025-01-13T19:46:04.4349948Z ##[endgroup]
2025-01-13T19:46:04.4351294Z ##[group]Fetching the repository
2025-01-13T19:46:04.4360392Z [command]/usr/bin/git -c protocol.version=2 fetch --no-tags --prune --no-recurse-submodules --depth=1 origin +0bbc28eea3cbf03dede1b60f942fb14b23336e4e:refs/remotes/pull/2800/merge
2025-01-13T19:46:06.1785505Z From https://github.com/tardis-sn/tardis
2025-01-13T19:46:06.1787325Z  * [new ref]         0bbc28eea3cbf03dede1b60f942fb14b23336e4e -> pull/2800/merge
2025-01-13T19:46:06.1809786Z ##[endgroup]
2025-01-13T19:46:06.1811044Z ##[group]Determining the checkout info
2025-01-13T19:46:06.1812346Z ##[endgroup]
2025-01-13T19:46:06.1816757Z [command]/usr/bin/git sparse-checkout disable
2025-01-13T19:46:06.1855664Z [command]/usr/bin/git config --local --unset-all extensions.worktreeConfig
2025-01-13T19:46:06.1882154Z ##[group]Checking out the ref
2025-01-13T19:46:06.1885591Z [command]/usr/bin/git checkout --progress --force refs/remotes/pull/2800/merge
2025-01-13T19:46:06.3867276Z Note: switching to 'refs/remotes/pull/2800/merge'.
2025-01-13T19:46:06.3868476Z 
2025-01-13T19:46:06.3869865Z You are in 'detached HEAD' state. You can look around, make experimental
2025-01-13T19:46:06.3872347Z changes and commit them, and you can discard any commits you make in this
2025-01-13T19:46:06.3874873Z state without impacting any branches by switching back to a branch.
2025-01-13T19:46:06.3876356Z 
2025-01-13T19:46:06.3877339Z If you want to create a new branch to retain commits you create, you may
2025-01-13T19:46:06.3879727Z do so (now or later) by using -c with the switch command. Example:
2025-01-13T19:46:06.3881054Z 
2025-01-13T19:46:06.3881605Z   git switch -c <new-branch-name>
2025-01-13T19:46:06.3882564Z 
2025-01-13T19:46:06.3883111Z Or undo this operation with:
2025-01-13T19:46:06.3883981Z 
2025-01-13T19:46:06.3884957Z   git switch -
2025-01-13T19:46:06.3885648Z 
2025-01-13T19:46:06.3886868Z Turn off this advice by setting config variable advice.detachedHead to false
2025-01-13T19:46:06.3888542Z 
2025-01-13T19:46:06.3890499Z HEAD is now at 0bbc28e Merge 00f1145c992c7b625be1bfff58c351ce733d2311 into b4bc6ac32afba1ed86870074cd69db14d7845052
2025-01-13T19:46:06.3896740Z ##[endgroup]
2025-01-13T19:46:06.3940654Z [command]/usr/bin/git log -1 --format=%H
2025-01-13T19:46:06.3964383Z 0bbc28eea3cbf03dede1b60f942fb14b23336e4e
2025-01-13T19:46:06.4343889Z Prepare all required actions
2025-01-13T19:46:06.4345256Z Getting action download info
2025-01-13T19:46:06.5576801Z Download action repository 'actions/cache@v4' (SHA:1bd1e32a3bdc45362d1e726936510720a7c30a57)
2025-01-13T19:46:06.7281661Z ##[group]Run ./.github/actions/setup_lfs
2025-01-13T19:46:06.7282706Z with:
2025-01-13T19:46:06.7283671Z   regression-data-repo: tardis-sn/tardis-regression-data
2025-01-13T19:46:06.7284888Z env:
2025-01-13T19:46:06.7286327Z   CACHE_NUMBER: 0
2025-01-13T19:46:06.7288739Z   PYTEST_FLAGS: --tardis-regression-data=/home/runner/work/tardis/tardis/tardis-regression-data --cov=tardis --cov-report=xml --cov-report=html --cov-append
2025-01-13T19:46:06.7291374Z   CODECOV_TOKEN: 
2025-01-13T19:46:06.7292153Z ##[endgroup]
2025-01-13T19:46:06.7489864Z ##[group]Run actions/checkout@v4
2025-01-13T19:46:06.7490809Z with:
2025-01-13T19:46:06.7491637Z   repository: tardis-sn/tardis-regression-data
2025-01-13T19:46:06.7492756Z   path: tardis-regression-data
2025-01-13T19:46:06.7493985Z   token: ***
2025-01-13T19:46:06.7494742Z   ssh-strict: true
2025-01-13T19:46:06.7495510Z   ssh-user: git
2025-01-13T19:46:06.7496309Z   persist-credentials: true
2025-01-13T19:46:06.7497192Z   clean: true
2025-01-13T19:46:06.7497987Z   sparse-checkout-cone-mode: true
2025-01-13T19:46:06.7498948Z   fetch-depth: 1
2025-01-13T19:46:06.7499904Z   fetch-tags: false
2025-01-13T19:46:06.7500705Z   show-progress: true
2025-01-13T19:46:06.7501507Z   lfs: false
2025-01-13T19:46:06.7502240Z   submodules: false
2025-01-13T19:46:06.7503046Z   set-safe-directory: true
2025-01-13T19:46:06.7503908Z env:
2025-01-13T19:46:06.7504588Z   CACHE_NUMBER: 0
2025-01-13T19:46:06.7506826Z   PYTEST_FLAGS: --tardis-regression-data=/home/runner/work/tardis/tardis/tardis-regression-data --cov=tardis --cov-report=xml --cov-report=html --cov-append
2025-01-13T19:46:06.7509365Z   CODECOV_TOKEN: 
2025-01-13T19:46:06.7510126Z ##[endgroup]
2025-01-13T19:46:06.8712125Z Syncing repository: tardis-sn/tardis-regression-data
2025-01-13T19:46:06.8719944Z ##[group]Getting Git version info
2025-01-13T19:46:06.8722644Z Working directory is '/home/runner/work/tardis/tardis/tardis-regression-data'
2025-01-13T19:46:06.8770489Z [command]/usr/bin/git version
2025-01-13T19:46:06.8806244Z git version 2.47.1
2025-01-13T19:46:06.8833149Z ##[endgroup]
2025-01-13T19:46:06.8847662Z Temporarily overriding HOME='/home/runner/work/_temp/215703b5-66a2-4fb0-8082-84d31bf1ceeb' before making global git config changes
2025-01-13T19:46:06.8852756Z Adding repository directory to the temporary git global config as a safe directory
2025-01-13T19:46:06.8857067Z [command]/usr/bin/git config --global --add safe.directory /home/runner/work/tardis/tardis/tardis-regression-data
2025-01-13T19:46:06.8883377Z ##[group]Initializing the repository
2025-01-13T19:46:06.8888382Z [command]/usr/bin/git init /home/runner/work/tardis/tardis/tardis-regression-data
2025-01-13T19:46:06.8925677Z hint: Using 'master' as the name for the initial branch. This default branch name
2025-01-13T19:46:06.8928860Z hint: is subject to change. To configure the initial branch name to use in all
2025-01-13T19:46:06.8932279Z hint: of your new repositories, which will suppress this warning, call:
2025-01-13T19:46:06.8934693Z hint:
2025-01-13T19:46:06.8936252Z hint: 	git config --global init.defaultBranch <name>
2025-01-13T19:46:06.8938303Z hint:
2025-01-13T19:46:06.8940522Z hint: Names commonly chosen instead of 'master' are 'main', 'trunk' and
2025-01-13T19:46:06.8943634Z hint: 'development'. The just-created branch can be renamed via this command:
2025-01-13T19:46:06.8945915Z hint:
2025-01-13T19:46:06.8946687Z hint: 	git branch -m <name>
2025-01-13T19:46:06.8948325Z Initialized empty Git repository in /home/runner/work/tardis/tardis/tardis-regression-data/.git/
2025-01-13T19:46:06.8953453Z [command]/usr/bin/git remote add origin https://github.com/tardis-sn/tardis-regression-data
2025-01-13T19:46:06.8974201Z ##[endgroup]
2025-01-13T19:46:06.8976641Z ##[group]Disabling automatic garbage collection
2025-01-13T19:46:06.8979403Z [command]/usr/bin/git config --local gc.auto 0
2025-01-13T19:46:06.9008304Z ##[endgroup]
2025-01-13T19:46:06.9010829Z ##[group]Setting up auth
2025-01-13T19:46:06.9015162Z [command]/usr/bin/git config --local --name-only --get-regexp core\.sshCommand
2025-01-13T19:46:06.9046323Z [command]/usr/bin/git submodule foreach --recursive sh -c "git config --local --name-only --get-regexp 'core\.sshCommand' && git config --local --unset-all 'core.sshCommand' || :"
2025-01-13T19:46:06.9271039Z [command]/usr/bin/git config --local --name-only --get-regexp http\.https\:\/\/github\.com\/\.extraheader
2025-01-13T19:46:06.9301635Z [command]/usr/bin/git submodule foreach --recursive sh -c "git config --local --name-only --get-regexp 'http\.https\:\/\/github\.com\/\.extraheader' && git config --local --unset-all 'http.https://github.com/.extraheader' || :"
2025-01-13T19:46:06.9531388Z [command]/usr/bin/git config --local http.https://github.com/.extraheader AUTHORIZATION: basic ***
2025-01-13T19:46:06.9566569Z ##[endgroup]
2025-01-13T19:46:06.9568091Z ##[group]Determining the default branch
2025-01-13T19:46:06.9569828Z Retrieving the default branch name
2025-01-13T19:46:07.1878126Z Default branch 'main'
2025-01-13T19:46:07.1879418Z ##[endgroup]
2025-01-13T19:46:07.1879993Z ##[group]Fetching the repository
2025-01-13T19:46:07.1886094Z [command]/usr/bin/git -c protocol.version=2 fetch --no-tags --prune --no-recurse-submodules --depth=1 origin +refs/heads/main:refs/remotes/origin/main
2025-01-13T19:46:07.4534596Z From https://github.com/tardis-sn/tardis-regression-data
2025-01-13T19:46:07.4535229Z  * [new branch]      main       -> origin/main
2025-01-13T19:46:07.4558865Z ##[endgroup]
2025-01-13T19:46:07.4559543Z ##[group]Determining the checkout info
2025-01-13T19:46:07.4561263Z ##[endgroup]
2025-01-13T19:46:07.4566103Z [command]/usr/bin/git sparse-checkout disable
2025-01-13T19:46:07.4602044Z [command]/usr/bin/git config --local --unset-all extensions.worktreeConfig
2025-01-13T19:46:07.4628547Z ##[group]Checking out the ref
2025-01-13T19:46:07.4632904Z [command]/usr/bin/git checkout --progress --force -B main refs/remotes/origin/main
2025-01-13T19:46:07.6131364Z Switched to a new branch 'main'
2025-01-13T19:46:07.6133957Z branch 'main' set up to track 'origin/main'.
2025-01-13T19:46:07.6388889Z ##[endgroup]
2025-01-13T19:46:07.6434223Z [command]/usr/bin/git log -1 --format=%H
2025-01-13T19:46:07.6459560Z fa7729bc9c30e14b69acd641af8b692b56fcd416
2025-01-13T19:46:07.6617349Z ##[group]Run git lfs ls-files -l | cut -d' ' -f1 | sort > .lfs-assets-id
2025-01-13T19:46:07.6617871Z [36;1mgit lfs ls-files -l | cut -d' ' -f1 | sort > .lfs-assets-id[0m
2025-01-13T19:46:07.6648884Z shell: /usr/bin/bash --noprofile --norc -e -o pipefail {0}
2025-01-13T19:46:07.6649502Z env:
2025-01-13T19:46:07.6649679Z   CACHE_NUMBER: 0
2025-01-13T19:46:07.6650309Z   PYTEST_FLAGS: --tardis-regression-data=/home/runner/work/tardis/tardis/tardis-regression-data --cov=tardis --cov-report=xml --cov-report=html --cov-append
2025-01-13T19:46:07.6650997Z   CODECOV_TOKEN: 
2025-01-13T19:46:07.6651180Z ##[endgroup]
2025-01-13T19:46:07.8160856Z ##[group]Run actions/cache/restore@v4
2025-01-13T19:46:07.8161275Z with:
2025-01-13T19:46:07.8161609Z   path: tardis-regression-data/.git/lfs
2025-01-13T19:46:07.8162366Z   key: Linux-lfs-21f9fa4b6817cc69b9fae3598144724da7828e276a73bd17f47a2a49d9af090a-v1
2025-01-13T19:46:07.8163123Z   enableCrossOsArchive: false
2025-01-13T19:46:07.8163530Z   fail-on-cache-miss: false
2025-01-13T19:46:07.8164206Z   lookup-only: false
2025-01-13T19:46:07.8164529Z env:
2025-01-13T19:46:07.8164802Z   CACHE_NUMBER: 0
2025-01-13T19:46:07.8165898Z   PYTEST_FLAGS: --tardis-regression-data=/home/runner/work/tardis/tardis/tardis-regression-data --cov=tardis --cov-report=xml --cov-report=html --cov-append
2025-01-13T19:46:07.8167089Z   CODECOV_TOKEN: 
2025-01-13T19:46:07.8167404Z ##[endgroup]
2025-01-13T19:46:09.1369460Z Received 369098752 of 1708418946 (21.6%), 350.2 MBs/sec
2025-01-13T19:46:10.1377098Z Received 817889280 of 1708418946 (47.9%), 388.8 MBs/sec
2025-01-13T19:46:11.1409525Z Received 1249902592 of 1708418946 (73.2%), 396.3 MBs/sec
2025-01-13T19:46:12.1412224Z Received 1602224128 of 1708418946 (93.8%), 381.2 MBs/sec
2025-01-13T19:46:12.4018833Z Cache Size: ~1629 MB (1708418946 B)
2025-01-13T19:46:12.4065833Z [command]/usr/bin/tar -xf /home/runner/work/_temp/982f539e-5b84-44df-9905-63511e05b896/cache.tzst -P -C /home/runner/work/tardis/tardis --use-compress-program unzstd
2025-01-13T19:46:13.1402275Z Received 1708418946 of 1708418946 (100.0%), 325.3 MBs/sec
2025-01-13T19:46:18.8013322Z Cache restored successfully
2025-01-13T19:46:19.1289684Z Cache restored from key: Linux-lfs-21f9fa4b6817cc69b9fae3598144724da7828e276a73bd17f47a2a49d9af090a-v1
2025-01-13T19:46:19.1464745Z ##[group]Run git lfs checkout
2025-01-13T19:46:19.1465045Z [36;1mgit lfs checkout[0m
2025-01-13T19:46:19.1491156Z shell: /usr/bin/bash --noprofile --norc -e -o pipefail {0}
2025-01-13T19:46:19.1491503Z env:
2025-01-13T19:46:19.1491697Z   CACHE_NUMBER: 0
2025-01-13T19:46:19.1492355Z   PYTEST_FLAGS: --tardis-regression-data=/home/runner/work/tardis/tardis/tardis-regression-data --cov=tardis --cov-report=xml --cov-report=html --cov-append
2025-01-13T19:46:19.1493043Z   CODECOV_TOKEN: 
2025-01-13T19:46:19.1493256Z ##[endgroup]
2025-01-13T19:46:30.3896245Z Checking out LFS objects: 100% (204/204), 3.5 GB | 334 MB/s, done.
2025-01-13T19:46:33.7176254Z Prepare all required actions
2025-01-13T19:46:33.7176617Z Getting action download info
2025-01-13T19:46:33.8849730Z Download action repository 'mamba-org/setup-micromamba@v1' (SHA:4b9113af4fba0e9e1124b252dd6497a419e7396d)
2025-01-13T19:46:34.0958454Z ##[group]Run ./.github/actions/setup_env
2025-01-13T19:46:34.0958760Z with:
2025-01-13T19:46:34.0958963Z   os-label: linux-64
2025-01-13T19:46:34.0959407Z env:
2025-01-13T19:46:34.0959599Z   CACHE_NUMBER: 0
2025-01-13T19:46:34.0960231Z   PYTEST_FLAGS: --tardis-regression-data=/home/runner/work/tardis/tardis/tardis-regression-data --cov=tardis --cov-report=xml --cov-report=html --cov-append
2025-01-13T19:46:34.0960887Z   CODECOV_TOKEN: 
2025-01-13T19:46:34.0961092Z ##[endgroup]
2025-01-13T19:46:34.0982172Z ##[group]Run file_hash=$(cat conda-linux-64.lock | shasum -a 256 | cut -d' ' -f1)
2025-01-13T19:46:34.0982685Z [36;1mfile_hash=$(cat conda-linux-64.lock | shasum -a 256 | cut -d' ' -f1)[0m
2025-01-13T19:46:34.0983138Z [36;1mecho "file_hash=$file_hash" >> "${GITHUB_OUTPUT}"[0m
2025-01-13T19:46:34.1009534Z shell: /usr/bin/bash --noprofile --norc -e -o pipefail {0}
2025-01-13T19:46:34.1009890Z env:
2025-01-13T19:46:34.1010087Z   CACHE_NUMBER: 0
2025-01-13T19:46:34.1010710Z   PYTEST_FLAGS: --tardis-regression-data=/home/runner/work/tardis/tardis/tardis-regression-data --cov=tardis --cov-report=xml --cov-report=html --cov-append
2025-01-13T19:46:34.1011763Z   CODECOV_TOKEN: 
2025-01-13T19:46:34.1012069Z ##[endgroup]
2025-01-13T19:46:34.1304961Z ##[group]Run mamba-org/setup-micromamba@v1
2025-01-13T19:46:34.1305230Z with:
2025-01-13T19:46:34.1305428Z   environment-file: conda-linux-64.lock
2025-01-13T19:46:34.1305850Z   cache-environment-key: d7cd390425b0fd3cf82649dcc003efba9915fb4928f15d342148c3ccffcbe2ee
2025-01-13T19:46:34.1306424Z   cache-downloads-key: d7cd390425b0fd3cf82649dcc003efba9915fb4928f15d342148c3ccffcbe2ee
2025-01-13T19:46:34.1306835Z   environment-name: tardis
2025-01-13T19:46:34.1307062Z   cache-environment: true
2025-01-13T19:46:34.1307293Z   cache-downloads: true
2025-01-13T19:46:34.1307521Z env:
2025-01-13T19:46:34.1307689Z   CACHE_NUMBER: 0
2025-01-13T19:46:34.1308464Z   PYTEST_FLAGS: --tardis-regression-data=/home/runner/work/tardis/tardis/tardis-regression-data --cov=tardis --cov-report=xml --cov-report=html --cov-append
2025-01-13T19:46:34.1309638Z   CODECOV_TOKEN: 
2025-01-13T19:46:34.1309853Z ##[endgroup]
2025-01-13T19:46:34.2684383Z Will download micromamba to /home/runner/micromamba-bin/micromamba
2025-01-13T19:46:34.2694149Z ##[group]Install micromamba
2025-01-13T19:46:34.4789165Z micromamba installed to /home/runner/micromamba-bin/micromamba
2025-01-13T19:46:34.4790038Z ##[endgroup]
2025-01-13T19:46:34.4790767Z Adding conda-forge to condarc channels ...
2025-01-13T19:46:34.4800512Z ##[group]Initialize micromamba for bash.
2025-01-13T19:46:34.4816410Z [command]/home/runner/micromamba-bin/micromamba shell init -s bash -r /home/runner/micromamba --log-level warning --rc-file /home/runner/work/_temp/setup-micromamba/.condarc
2025-01-13T19:46:34.4926828Z Modifying RC file "/home/runner/.bashrc"
2025-01-13T19:46:34.4927786Z Generating config for root prefix [1m"/home/runner/micromamba"[0m
2025-01-13T19:46:34.4928699Z Setting mamba executable to: [1m"/home/runner/micromamba-bin/micromamba"[0m
2025-01-13T19:46:34.4929741Z Adding (or replacing) the following in your "/home/runner/.bashrc" file
2025-01-13T19:46:34.4930202Z 
2025-01-13T19:46:34.4930342Z # >>> mamba initialize >>>
2025-01-13T19:46:34.4930818Z # !! Contents within this block are managed by 'mamba init' !!
2025-01-13T19:46:34.4931446Z export MAMBA_EXE='/home/runner/micromamba-bin/micromamba';
2025-01-13T19:46:34.4932023Z export MAMBA_ROOT_PREFIX='/home/runner/micromamba';
2025-01-13T19:46:34.4932801Z __mamba_setup="$("$MAMBA_EXE" shell hook --shell bash --root-prefix "$MAMBA_ROOT_PREFIX" 2> /dev/null)"
2025-01-13T19:46:34.4933505Z if [ $? -eq 0 ]; then
2025-01-13T19:46:34.4933849Z     eval "$__mamba_setup"
2025-01-13T19:46:34.4934198Z else
2025-01-13T19:46:34.4934983Z     alias micromamba="$MAMBA_EXE"  # Fallback on help from mamba activate
2025-01-13T19:46:34.4935581Z fi
2025-01-13T19:46:34.4935865Z unset __mamba_setup
2025-01-13T19:46:34.4936082Z # <<< mamba initialize <<<
2025-01-13T19:46:34.4936225Z 
2025-01-13T19:46:34.4946048Z Moving mamba initialize block to .bash_profile
2025-01-13T19:46:34.4959815Z ##[endgroup]
2025-01-13T19:46:34.4961174Z ##[group]Restoring downloads from `/home/runner/micromamba/pkgs` ...
2025-01-13T19:46:35.6177158Z Received 335544320 of 356800233 (94.0%), 319.7 MBs/sec
2025-01-13T19:46:35.6645929Z Cache Size: ~340 MB (356800233 B)
2025-01-13T19:46:35.6686223Z [command]/usr/bin/tar -xf /home/runner/work/_temp/e2a5b9b4-ed79-4f3b-bcf9-c8cebd115180/cache.tzst -P -C /home/runner/work/tardis/tardis --use-compress-program unzstd
2025-01-13T19:46:36.1307630Z Cache restored successfully
2025-01-13T19:46:36.2038948Z Restored cache with key `d7cd390425b0fd3cf82649dcc003efba9915fb4928f15d342148c3ccffcbe2ee-linux-64`
2025-01-13T19:46:36.2041206Z ##[endgroup]
2025-01-13T19:46:36.2052301Z ##[group]Restoring environment `tardis` from `/home/runner/micromamba/envs/tardis` ...
2025-01-13T19:46:36.6182653Z Received 356800233 of 356800233 (100.0%), 170.1 MBs/sec
2025-01-13T19:46:37.2859760Z Received 373293056 of 444592193 (84.0%), 354.9 MBs/sec
2025-01-13T19:46:37.4622240Z Cache Size: ~424 MB (444592193 B)
2025-01-13T19:46:37.4665499Z [command]/usr/bin/tar -xf /home/runner/work/_temp/09ed30bc-9f10-4053-964b-61f90efce695/cache.tzst -P -C /home/runner/work/tardis/tardis --use-compress-program unzstd
2025-01-13T19:46:38.2867791Z Received 444592193 of 444592193 (100.0%), 211.6 MBs/sec
2025-01-13T19:46:43.1164299Z Cache restored successfully
2025-01-13T19:46:43.1909547Z Restored cache with key `d7cd390425b0fd3cf82649dcc003efba9915fb4928f15d342148c3ccffcbe2ee-linux-64-tardis-args-4f53cda-root-dcc80ee-bin-[object Promise]-file-d7cd390425b0fd3cf82649dcc003efba9915fb4928f15d342148c3ccffcbe2ee`
2025-01-13T19:46:43.1911662Z ##[endgroup]
2025-01-13T19:46:43.1912137Z Adding environment tardis to auto-activate bash ...
2025-01-13T19:46:43.1921396Z Generating micromamba run shell.
2025-01-13T19:46:43.1930871Z ##[endgroup]
2025-01-13T19:46:43.1936155Z Set environment variables.
2025-01-13T19:46:43.1940733Z ##[group]micromamba info
2025-01-13T19:46:43.1943643Z [command]/home/runner/micromamba-bin/micromamba info -r /home/runner/micromamba -n tardis
2025-01-13T19:46:43.2179876Z 
2025-01-13T19:46:43.2180452Z        libmamba version : 1.5.10
2025-01-13T19:46:43.2181158Z      micromamba version : 1.5.10
2025-01-13T19:46:43.2181688Z            curl version : libcurl/8.10.1 OpenSSL/3.3.2 zlib/1.3.1 zstd/1.5.6 libssh2/1.11.0 nghttp2/1.58.0
2025-01-13T19:46:43.2182236Z      libarchive version : libarchive 3.7.4 zlib/1.2.13 bz2lib/1.0.8 libzstd/1.5.6
2025-01-13T19:46:43.2182667Z        envs directories : /home/runner/micromamba/envs
2025-01-13T19:46:43.2183021Z           package cache : /home/runner/micromamba/pkgs
2025-01-13T19:46:43.2183366Z                           /home/runner/.mamba/pkgs
2025-01-13T19:46:43.2183816Z             environment : tardis
2025-01-13T19:46:43.2184223Z            env location : /home/runner/micromamba/envs/tardis
2025-01-13T19:46:43.2184680Z       user config files : /home/runner/.mambarc
2025-01-13T19:46:43.2185284Z  populated config files : /home/runner/work/_temp/setup-micromamba/.condarc
2025-01-13T19:46:43.2185769Z        virtual packages : __unix=0=0
2025-01-13T19:46:43.2186123Z                           __linux=6.8.0=0
2025-01-13T19:46:43.2186547Z                           __glibc=2.39=0
2025-01-13T19:46:43.2186971Z                           __archspec=1=x86_64_v3
2025-01-13T19:46:43.2187639Z                channels : https://conda.anaconda.org/conda-forge/linux-64
2025-01-13T19:46:43.2188124Z                           https://conda.anaconda.org/conda-forge/noarch
2025-01-13T19:46:43.2188563Z        base environment : /home/runner/micromamba
2025-01-13T19:46:43.2189336Z                platform : linux-64
2025-01-13T19:46:43.2197768Z ##[endgroup]
2025-01-13T19:46:43.2199451Z ##[group]micromamba list
2025-01-13T19:46:43.2200808Z [command]/home/runner/micromamba-bin/micromamba list -r /home/runner/micromamba -n tardis
2025-01-13T19:46:43.6154584Z List of packages in environment: "/home/runner/micromamba/envs/tardis"
2025-01-13T19:46:43.6155145Z 
2025-01-13T19:46:43.6155431Z   Name                           Version              Build                    Channel    
2025-01-13T19:46:43.6156853Z â”€â”€â”€â”€â”€â”€â”€â”€â”€â”€â”€â”€â”€â”€â”€â”€â”€â”€â”€â”€â”€â”€â”€â”€â”€â”€â”€â”€â”€â”€â”€â”€â”€â”€â”€â”€â”€â”€â”€â”€â”€â”€â”€â”€â”€â”€â”€â”€â”€â”€â”€â”€â”€â”€â”€â”€â”€â”€â”€â”€â”€â”€â”€â”€â”€â”€â”€â”€â”€â”€â”€â”€â”€â”€â”€â”€â”€â”€â”€â”€â”€â”€â”€â”€â”€â”€â”€â”€â”€â”€â”€â”€
2025-01-13T19:46:43.6157795Z   _libgcc_mutex                  0.1                  conda_forge              conda-forge
2025-01-13T19:46:43.6158620Z   _openmp_mutex                  4.5                  2_gnu                    conda-forge
2025-01-13T19:46:43.6159712Z   alabaster                      0.7.16               pyhd8ed1ab_0             conda-forge
2025-01-13T19:46:43.6160479Z   anyio                          4.4.0                pyhd8ed1ab_0             conda-forge
2025-01-13T19:46:43.6161288Z   argon2-cffi                    23.1.0               pyhd8ed1ab_0             conda-forge
2025-01-13T19:46:43.6162193Z   argon2-cffi-bindings           21.2.0               py312h98912ed_4          conda-forge
2025-01-13T19:46:43.6163005Z   arrow                          1.3.0                pyhd8ed1ab_0             conda-forge
2025-01-13T19:46:43.6163734Z   astropy                        6.1.1                py312h085067d_0          conda-forge
2025-01-13T19:46:43.6164575Z   astropy-iers-data              0.2024.6.17.0.31.35  pyhd8ed1ab_0             conda-forge
2025-01-13T19:46:43.6165501Z   astropy-sphinx-theme           1.1                  pyhd8ed1ab_0             conda-forge
2025-01-13T19:46:43.6166330Z   asttokens                      2.4.1                pyhd8ed1ab_0             conda-forge
2025-01-13T19:46:43.6166938Z   async-lru                      2.0.4                pyhd8ed1ab_0             conda-forge
2025-01-13T19:46:43.6167535Z   atk-1.0                        2.38.0               h04ea711_2               conda-forge
2025-01-13T19:46:43.6168115Z   attrs                          23.2.0               pyh71513ae_0             conda-forge
2025-01-13T19:46:43.6169313Z   babel                          2.14.0               pyhd8ed1ab_0             conda-forge
2025-01-13T19:46:43.6169939Z   beautifulsoup4                 4.12.3               pyha770c72_0             conda-forge
2025-01-13T19:46:43.6170526Z   bleach                         6.1.0                pyhd8ed1ab_0             conda-forge
2025-01-13T19:46:43.6170896Z   blosc                          1.21.5               hc2324a3_1               conda-forge
2025-01-13T19:46:43.6171259Z   brotli                         1.1.0                hd590300_1               conda-forge
2025-01-13T19:46:43.6171613Z   brotli-bin                     1.1.0                hd590300_1               conda-forge
2025-01-13T19:46:43.6172002Z   brotli-python                  1.1.0                py312h30efb56_1          conda-forge
2025-01-13T19:46:43.6172381Z   bzip2                          1.0.8                hd590300_5               conda-forge
2025-01-13T19:46:43.6172731Z   c-ares                         1.28.1               hd590300_0               conda-forge
2025-01-13T19:46:43.6173072Z   c-blosc2                       2.14.4               hb4ffafa_1               conda-forge
2025-01-13T19:46:43.6173458Z   ca-certificates                2024.6.2             hbcca054_0               conda-forge
2025-01-13T19:46:43.6173867Z   cached-property                1.5.2                hd8ed1ab_1               conda-forge
2025-01-13T19:46:43.6174265Z   cached_property                1.5.2                pyha770c72_1             conda-forge
2025-01-13T19:46:43.6174630Z   cairo                          1.18.0               h3faef2a_0               conda-forge
2025-01-13T19:46:43.6174983Z   certifi                        2024.6.2             pyhd8ed1ab_0             conda-forge
2025-01-13T19:46:43.6175520Z   cffi                           1.16.0               py312hf06ca03_0          conda-forge
2025-01-13T19:46:43.6175977Z   charset-normalizer             3.3.2                pyhd8ed1ab_0             conda-forge
2025-01-13T19:46:43.6176370Z   click                          8.1.7                unix_pyh707e725_0        conda-forge
2025-01-13T19:46:43.6176722Z   codespell                      2.3.0                pyhd8ed1ab_0             conda-forge
2025-01-13T19:46:43.6177086Z   colorama                       0.4.6                pyhd8ed1ab_0             conda-forge
2025-01-13T19:46:43.6177426Z   comm                           0.2.2                pyhd8ed1ab_0             conda-forge
2025-01-13T19:46:43.6177773Z   commonmark                     0.9.1                py_0                     conda-forge
2025-01-13T19:46:43.6178137Z   contourpy                      1.2.1                py312h8572e83_0          conda-forge
2025-01-13T19:46:43.6178492Z   coverage                       7.5.3                py312h9a8786e_0          conda-forge
2025-01-13T19:46:43.6178844Z   cycler                         0.12.1               pyhd8ed1ab_0             conda-forge
2025-01-13T19:46:43.6179450Z   dataclasses                    0.8                  pyhc8e2a94_3             conda-forge
2025-01-13T19:46:43.6179818Z   debugpy                        1.8.1                py312h30efb56_0          conda-forge
2025-01-13T19:46:43.6180177Z   decorator                      5.1.1                pyhd8ed1ab_0             conda-forge
2025-01-13T19:46:43.6180552Z   defusedxml                     0.7.1                pyhd8ed1ab_0             conda-forge
2025-01-13T19:46:43.6180917Z   docutils                       0.20.1               py312h7900ff3_3          conda-forge
2025-01-13T19:46:43.6181273Z   dot2tex                        2.11.3               pyhd8ed1ab_0             conda-forge
2025-01-13T19:46:43.6181643Z   entrypoints                    0.4                  pyhd8ed1ab_0             conda-forge
2025-01-13T19:46:43.6182035Z   exceptiongroup                 1.2.0                pyhd8ed1ab_2             conda-forge
2025-01-13T19:46:43.6182413Z   executing                      2.0.1                pyhd8ed1ab_0             conda-forge
2025-01-13T19:46:43.6182897Z   expat                          2.6.2                h59595ed_0               conda-forge
2025-01-13T19:46:43.6183291Z   font-ttf-dejavu-sans-mono      2.37                 hab24e00_0               conda-forge
2025-01-13T19:46:43.6183732Z   font-ttf-inconsolata           3.000                h77eed37_0               conda-forge
2025-01-13T19:46:43.6184172Z   font-ttf-source-code-pro       2.038                h77eed37_0               conda-forge
2025-01-13T19:46:43.6184587Z   font-ttf-ubuntu                0.83                 h77eed37_2               conda-forge
2025-01-13T19:46:43.6184964Z   fontconfig                     2.14.2               h14ed4e7_0               conda-forge
2025-01-13T19:46:43.6185359Z   fonts-conda-ecosystem          1                    0                        conda-forge
2025-01-13T19:46:43.6185779Z   fonts-conda-forge              1                    0                        conda-forge
2025-01-13T19:46:43.6186161Z   fonttools                      4.53.0               py312h9a8786e_0          conda-forge
2025-01-13T19:46:43.6186517Z   fqdn                           1.5.1                pyhd8ed1ab_0             conda-forge
2025-01-13T19:46:43.6186860Z   freetype                       2.12.1               h267a509_2               conda-forge
2025-01-13T19:46:43.6187210Z   fribidi                        1.0.10               h36c2ea0_0               conda-forge
2025-01-13T19:46:43.6187555Z   future                         1.0.0                pyhd8ed1ab_0             conda-forge
2025-01-13T19:46:43.6187911Z   gdk-pixbuf                     2.42.12              hb9ae30d_0               conda-forge
2025-01-13T19:46:43.6188336Z   giflib                         5.2.2                hd590300_0               conda-forge
2025-01-13T19:46:43.6188917Z   git-lfs                        3.5.1                ha770c72_0               conda-forge
2025-01-13T19:46:43.6189679Z   gmp                            6.3.0                h59595ed_1               conda-forge
2025-01-13T19:46:43.6190258Z   gmpy2                          2.1.5                py312h1d5cde6_1          conda-forge
2025-01-13T19:46:43.6190672Z   graphite2                      1.3.13               h59595ed_1003            conda-forge
2025-01-13T19:46:43.6191035Z   graphviz                       11.0.0               hc68bbd7_0               conda-forge
2025-01-13T19:46:43.6191385Z   gtk2                           2.24.33              h280cfa0_4               conda-forge
2025-01-13T19:46:43.6191907Z   gts                            0.7.6                h977cf35_4               conda-forge
2025-01-13T19:46:43.6192475Z   h11                            0.14.0               pyhd8ed1ab_0             conda-forge
2025-01-13T19:46:43.6192966Z   h2                             4.1.0                pyhd8ed1ab_0             conda-forge
2025-01-13T19:46:43.6193494Z   h5py                           3.11.0               nompi_py312hb7ab980_102  conda-forge
2025-01-13T19:46:43.6193848Z   harfbuzz                       8.5.0                hfac3d4d_0               conda-forge
2025-01-13T19:46:43.6194304Z   hdf5                           1.14.3               nompi_hdf9ad27_105       conda-forge
2025-01-13T19:46:43.6194903Z   hpack                          4.0.0                pyh9f0ad1d_0             conda-forge
2025-01-13T19:46:43.6195502Z   httpcore                       1.0.5                pyhd8ed1ab_0             conda-forge
2025-01-13T19:46:43.6196224Z   httpx                          0.27.0               pyhd8ed1ab_0             conda-forge
2025-01-13T19:46:43.6196884Z   hyperframe                     6.0.1                pyhd8ed1ab_0             conda-forge
2025-01-13T19:46:43.6197524Z   icu                            73.2                 h59595ed_0               conda-forge
2025-01-13T19:46:43.6198021Z   idna                           3.7                  pyhd8ed1ab_0             conda-forge
2025-01-13T19:46:43.6198379Z   imagesize                      1.4.1                pyhd8ed1ab_0             conda-forge
2025-01-13T19:46:43.6199485Z   importlib-metadata             7.1.0                pyha770c72_0             conda-forge
2025-01-13T19:46:43.6200041Z   importlib_metadata             7.1.0                hd8ed1ab_0               conda-forge
2025-01-13T19:46:43.6200456Z   importlib_resources            6.4.0                pyhd8ed1ab_0             conda-forge
2025-01-13T19:46:43.6200850Z   iniconfig                      2.0.0                pyhd8ed1ab_0             conda-forge
2025-01-13T19:46:43.6201213Z   ipykernel                      6.29.4               pyh3099207_0             conda-forge
2025-01-13T19:46:43.6201571Z   ipython                        8.25.0               pyh707e725_0             conda-forge
2025-01-13T19:46:43.6201946Z   ipython_genutils               0.2.0                pyhd8ed1ab_1             conda-forge
2025-01-13T19:46:43.6202338Z   ipywidgets                     7.8.0                pyhd8ed1ab_0             conda-forge
2025-01-13T19:46:43.6202718Z   isoduration                    20.11.0              pyhd8ed1ab_0             conda-forge
2025-01-13T19:46:43.6203086Z   jedi                           0.19.1               pyhd8ed1ab_0             conda-forge
2025-01-13T19:46:43.6203424Z   jinja2                         3.1.4                pyhd8ed1ab_0             conda-forge
2025-01-13T19:46:43.6203777Z   json5                          0.9.25               pyhd8ed1ab_0             conda-forge
2025-01-13T19:46:43.6204135Z   jsonpointer                    3.0.0                py312h7900ff3_0          conda-forge
2025-01-13T19:46:43.6204509Z   jsonschema                     4.22.0               pyhd8ed1ab_0             conda-forge
2025-01-13T19:46:43.6204946Z   jsonschema-specifications      2023.12.1            pyhd8ed1ab_0             conda-forge
2025-01-13T19:46:43.6205580Z   jsonschema-with-format-nongpl  4.22.0               pyhd8ed1ab_0             conda-forge
2025-01-13T19:46:43.6206023Z   jupyter-lsp                    2.2.5                pyhd8ed1ab_0             conda-forge
2025-01-13T19:46:43.6206414Z   jupyter_client                 8.6.2                pyhd8ed1ab_0             conda-forge
2025-01-13T19:46:43.6206794Z   jupyter_core                   5.7.2                py312h7900ff3_0          conda-forge
2025-01-13T19:46:43.6207174Z   jupyter_events                 0.10.0               pyhd8ed1ab_0             conda-forge
2025-01-13T19:46:43.6207565Z   jupyter_server                 2.14.1               pyhd8ed1ab_0             conda-forge
2025-01-13T19:46:43.6207985Z   jupyter_server_terminals       0.5.3                pyhd8ed1ab_0             conda-forge
2025-01-13T19:46:43.6208398Z   jupyterlab                     4.2.2                pyhd8ed1ab_0             conda-forge
2025-01-13T19:46:43.6208792Z   jupyterlab_pygments            0.3.0                pyhd8ed1ab_1             conda-forge
2025-01-13T19:46:43.6209420Z   jupyterlab_server              2.27.2               pyhd8ed1ab_0             conda-forge
2025-01-13T19:46:43.6209844Z   jupyterlab_widgets             1.1.7                pyhd8ed1ab_0             conda-forge
2025-01-13T19:46:43.6210234Z   keyutils                       1.6.1                h166bdaf_0               conda-forge
2025-01-13T19:46:43.6210593Z   kiwisolver                     1.4.5                py312h8572e83_1          conda-forge
2025-01-13T19:46:43.6210940Z   krb5                           1.21.2               h659d440_0               conda-forge
2025-01-13T19:46:43.6211286Z   latexcodec                     2.0.1                pyh9f0ad1d_0             conda-forge
2025-01-13T19:46:43.6211635Z   lcms2                          2.16                 hb7c19ff_0               conda-forge
2025-01-13T19:46:43.6211983Z   ld_impl_linux-64               2.40                 hf3520f5_7               conda-forge
2025-01-13T19:46:43.6212335Z   lerc                           4.0.0                h27087fc_0               conda-forge
2025-01-13T19:46:43.6212685Z   libaec                         1.1.3                h59595ed_0               conda-forge
2025-01-13T19:46:43.6213222Z   libblas                        3.9.0                22_linux64_openblas      conda-forge
2025-01-13T19:46:43.6213598Z   libbrotlicommon                1.1.0                hd590300_1               conda-forge
2025-01-13T19:46:43.6213984Z   libbrotlidec                   1.1.0                hd590300_1               conda-forge
2025-01-13T19:46:43.6214358Z   libbrotlienc                   1.1.0                hd590300_1               conda-forge
2025-01-13T19:46:43.6214736Z   libcblas                       3.9.0                22_linux64_openblas      conda-forge
2025-01-13T19:46:43.6215091Z   libcurl                        8.8.0                hca28451_0               conda-forge
2025-01-13T19:46:43.6215442Z   libdeflate                     1.20                 hd590300_0               conda-forge
2025-01-13T19:46:43.6215812Z   libedit                        3.1.20191231         he28a2e2_2               conda-forge
2025-01-13T19:46:43.6216162Z   libev                          4.33                 hd590300_2               conda-forge
2025-01-13T19:46:43.6216507Z   libexpat                       2.6.2                h59595ed_0               conda-forge
2025-01-13T19:46:43.6216858Z   libffi                         3.4.2                h7f98852_5               conda-forge
2025-01-13T19:46:43.6217205Z   libgcc-ng                      13.2.0               h77fa898_10              conda-forge
2025-01-13T19:46:43.6217548Z   libgd                          2.3.3                h119a65a_9               conda-forge
2025-01-13T19:46:43.6217912Z   libgfortran-ng                 13.2.0               h69a702a_10              conda-forge
2025-01-13T19:46:43.6218296Z   libgfortran5                   13.2.0               h3d2ce59_10              conda-forge
2025-01-13T19:46:43.6218658Z   libglib                        2.80.2               h8a4344b_1               conda-forge
2025-01-13T19:46:43.6219422Z   libgomp                        13.2.0               h77fa898_10              conda-forge
2025-01-13T19:46:43.6220097Z   libiconv                       1.17                 hd590300_2               conda-forge
2025-01-13T19:46:43.6220791Z   libjpeg-turbo                  3.0.0                hd590300_1               conda-forge
2025-01-13T19:46:43.6221302Z   liblapack                      3.9.0                22_linux64_openblas      conda-forge
2025-01-13T19:46:43.6221681Z   libllvm14                      14.0.6               hcd5def8_4               conda-forge
2025-01-13T19:46:43.6222056Z   libnghttp2                     1.58.0               h47da74e_1               conda-forge
2025-01-13T19:46:43.6222414Z   libnsl                         2.0.1                hd590300_0               conda-forge
2025-01-13T19:46:43.6222789Z   libopenblas                    0.3.27               pthreads_h413a1c8_0      conda-forge
2025-01-13T19:46:43.6223163Z   libpng                         1.6.43               h2797004_0               conda-forge
2025-01-13T19:46:43.6223512Z   librsvg                        2.58.1               hadf69e7_0               conda-forge
2025-01-13T19:46:43.6223874Z   libsodium                      1.0.18               h36c2ea0_1               conda-forge
2025-01-13T19:46:43.6224235Z   libsqlite                      3.46.0               hde9e2c9_0               conda-forge
2025-01-13T19:46:43.6224590Z   libssh2                        1.11.0               h0841786_0               conda-forge
2025-01-13T19:46:43.6224954Z   libstdcxx-ng                   13.2.0               hc0a3c3a_10              conda-forge
2025-01-13T19:46:43.6225322Z   libtiff                        4.6.0                h1dd3fc0_3               conda-forge
2025-01-13T19:46:43.6225667Z   libuuid                        2.38.1               h0b41bf4_0               conda-forge
2025-01-13T19:46:43.6226019Z   libwebp                        1.4.0                h2c329e2_0               conda-forge
2025-01-13T19:46:43.6226379Z   libwebp-base                   1.4.0                hd590300_0               conda-forge
2025-01-13T19:46:43.6227195Z   libxcb                         1.15                 h0b41bf4_0               conda-forge
2025-01-13T19:46:43.6227555Z   libxcrypt                      4.4.36               hd590300_1               conda-forge
2025-01-13T19:46:43.6227912Z   libxml2                        2.12.7               hc051c1a_1               conda-forge
2025-01-13T19:46:43.6228257Z   libxslt                        1.1.39               h76b75d6_0               conda-forge
2025-01-13T19:46:43.6228595Z   libzlib                        1.3.1                h4ab18f5_1               conda-forge
2025-01-13T19:46:43.6228947Z   llvmlite                       0.42.0               py312hb06c811_1          conda-forge
2025-01-13T19:46:43.6229549Z   lxml                           5.2.2                py312hb90d8a5_0          conda-forge
2025-01-13T19:46:43.6229897Z   lz4-c                          1.9.4                hcb278e6_0               conda-forge
2025-01-13T19:46:43.6230486Z   lzo                            2.10                 hd590300_1001            conda-forge
2025-01-13T19:46:43.6230851Z   markupsafe                     2.1.5                py312h98912ed_0          conda-forge
2025-01-13T19:46:43.6231234Z   matplotlib-base                3.8.4                py312h20ab3a6_2          conda-forge
2025-01-13T19:46:43.6231642Z   matplotlib-inline              0.1.7                pyhd8ed1ab_0             conda-forge
2025-01-13T19:46:43.6232029Z   mistune                        3.0.2                pyhd8ed1ab_0             conda-forge
2025-01-13T19:46:43.6232362Z   mpc                            1.3.1                hfe3b2da_0               conda-forge
2025-01-13T19:46:43.6232692Z   mpfr                           4.2.1                h9458935_1               conda-forge
2025-01-13T19:46:43.6233027Z   mpmath                         1.3.0                pyhd8ed1ab_0             conda-forge
2025-01-13T19:46:43.6233503Z   munkres                        1.1.4                pyh9f0ad1d_0             conda-forge
2025-01-13T19:46:43.6233905Z   mypy_extensions                1.0.0                pyha770c72_0             conda-forge
2025-01-13T19:46:43.6234285Z   nbclassic                      1.1.0                pyhd8ed1ab_0             conda-forge
2025-01-13T19:46:43.6234647Z   nbclient                       0.10.0               pyhd8ed1ab_0             conda-forge
2025-01-13T19:46:43.6235007Z   nbconvert                      7.16.4               hd8ed1ab_1               conda-forge
2025-01-13T19:46:43.6235389Z   nbconvert-core                 7.16.4               pyhd8ed1ab_1             conda-forge
2025-01-13T19:46:43.6235805Z   nbconvert-pandoc               7.16.4               hd8ed1ab_1               conda-forge
2025-01-13T19:46:43.6236204Z   nbformat                       5.10.4               pyhd8ed1ab_0             conda-forge
2025-01-13T19:46:43.6236571Z   nbsphinx                       0.9.4                pyhd8ed1ab_0             conda-forge
2025-01-13T19:46:43.6236933Z   ncurses                        6.5                  h59595ed_0               conda-forge
2025-01-13T19:46:43.6237297Z   nest-asyncio                   1.6.0                pyhd8ed1ab_0             conda-forge
2025-01-13T19:46:43.6237665Z   networkx                       3.3                  pyhd8ed1ab_1             conda-forge
2025-01-13T19:46:43.6238020Z   nomkl                          1.0                  h5ca1d4c_0               conda-forge
2025-01-13T19:46:43.6238369Z   notebook                       7.2.1                pyhd8ed1ab_0             conda-forge
2025-01-13T19:46:43.6238743Z   notebook-shim                  0.2.4                pyhd8ed1ab_0             conda-forge
2025-01-13T19:46:43.6239290Z   numba                          0.59.1               py312hacefee8_0          conda-forge
2025-01-13T19:46:43.6239639Z   numexpr                        2.10.0               py312hf412c99_100        conda-forge
2025-01-13T19:46:43.6239986Z   numpy                          1.26.4               py312heda63a1_0          conda-forge
2025-01-13T19:46:43.6240338Z   numpydoc                       1.7.0                pyhd8ed1ab_1             conda-forge
2025-01-13T19:46:43.6240823Z   openjpeg                       2.5.2                h488ebb8_0               conda-forge
2025-01-13T19:46:43.6241176Z   openssl                        3.3.1                h4ab18f5_0               conda-forge
2025-01-13T19:46:43.6241533Z   overrides                      7.7.0                pyhd8ed1ab_0             conda-forge
2025-01-13T19:46:43.6241895Z   packaging                      24.1                 pyhd8ed1ab_0             conda-forge
2025-01-13T19:46:43.6242250Z   pandas                         2.2.2                py312h1d6d2e6_1          conda-forge
2025-01-13T19:46:43.6242618Z   pandoc                         3.2                  ha770c72_0               conda-forge
2025-01-13T19:46:43.6242990Z   pandocfilters                  1.5.0                pyhd8ed1ab_0             conda-forge
2025-01-13T19:46:43.6243365Z   pango                          1.54.0               h84a9a3c_0               conda-forge
2025-01-13T19:46:43.6243707Z   parso                          0.8.4                pyhd8ed1ab_0             conda-forge
2025-01-13T19:46:43.6244063Z   pathspec                       0.12.1               pyhd8ed1ab_0             conda-forge
2025-01-13T19:46:43.6244412Z   pbr                            6.0.0                pyhd8ed1ab_0             conda-forge
2025-01-13T19:46:43.6244747Z   pcre2                          10.44                h0f59acf_0               conda-forge
2025-01-13T19:46:43.6245095Z   pexpect                        4.9.0                pyhd8ed1ab_0             conda-forge
2025-01-13T19:46:43.6245464Z   pickleshare                    0.7.5                py_1003                  conda-forge
2025-01-13T19:46:43.6245834Z   pillow                         10.3.0               py312hdcec9eb_0          conda-forge
2025-01-13T19:46:43.6246303Z   pip                            24.0                 pyhd8ed1ab_0             conda-forge
2025-01-13T19:46:43.6246637Z   pixman                         0.43.2               h59595ed_0               conda-forge
2025-01-13T19:46:43.6247035Z   pkgutil-resolve-name           1.3.10               pyhd8ed1ab_1             conda-forge
2025-01-13T19:46:43.6247447Z   platformdirs                   4.2.2                pyhd8ed1ab_0             conda-forge
2025-01-13T19:46:43.6247818Z   plotly                         5.22.0               pyhd8ed1ab_0             conda-forge
2025-01-13T19:46:43.6248168Z   pluggy                         1.5.0                pyhd8ed1ab_0             conda-forge
2025-01-13T19:46:43.6248547Z   prometheus_client              0.20.0               pyhd8ed1ab_0             conda-forge
2025-01-13T19:46:43.6248952Z   prompt-toolkit                 3.0.47               pyha770c72_0             conda-forge
2025-01-13T19:46:43.6249536Z   psutil                         5.9.8                py312h98912ed_0          conda-forge
2025-01-13T19:46:43.6249902Z   pthread-stubs                  0.4                  h36c2ea0_1001            conda-forge
2025-01-13T19:46:43.6250285Z   ptyprocess                     0.7.0                pyhd3deb0d_0             conda-forge
2025-01-13T19:46:43.6250645Z   pure_eval                      0.2.2                pyhd8ed1ab_0             conda-forge
2025-01-13T19:46:43.6251014Z   py-cpuinfo                     9.0.0                pyhd8ed1ab_0             conda-forge
2025-01-13T19:46:43.6251372Z   pybtex                         0.24.0               pyhd8ed1ab_2             conda-forge
2025-01-13T19:46:43.6251747Z   pybtex-docutils                1.0.3                py312h7900ff3_1          conda-forge
2025-01-13T19:46:43.6252135Z   pycparser                      2.22                 pyhd8ed1ab_0             conda-forge
2025-01-13T19:46:43.6252494Z   pyerfa                         2.0.1.4              py312h085067d_1          conda-forge
2025-01-13T19:46:43.6252852Z   pygments                       2.18.0               pyhd8ed1ab_0             conda-forge
2025-01-13T19:46:43.6253225Z   pygraphviz                     1.13                 py312h4a1d8a7_1          conda-forge
2025-01-13T19:46:43.6253721Z   pyparsing                      3.1.2                pyhd8ed1ab_0             conda-forge
2025-01-13T19:46:43.6254080Z   pysocks                        1.7.1                pyha2e5f31_6             conda-forge
2025-01-13T19:46:43.6254432Z   pytables                       3.9.2                py312h96d95ec_2          conda-forge
2025-01-13T19:46:43.6254787Z   pytest                         8.2.2                pyhd8ed1ab_0             conda-forge
2025-01-13T19:46:43.6255145Z   pytest-cov                     5.0.0                pyhd8ed1ab_0             conda-forge
2025-01-13T19:46:43.6255547Z   pytest-doctestplus             1.2.1                pyhd8ed1ab_0             conda-forge
2025-01-13T19:46:43.6255959Z   pytest-html                    4.1.1                pyhd8ed1ab_0             conda-forge
2025-01-13T19:46:43.6256350Z   pytest-metadata                3.1.1                pyhd8ed1ab_0             conda-forge
2025-01-13T19:46:43.6256735Z   python                         3.12.4               h194c7f8_0_cpython       conda-forge
2025-01-13T19:46:43.6257119Z   python-dateutil                2.9.0                pyhd8ed1ab_0             conda-forge
2025-01-13T19:46:43.6257546Z   python-fastjsonschema          2.20.0               pyhd8ed1ab_0             conda-forge
2025-01-13T19:46:43.6257983Z   python-json-logger             2.0.7                pyhd8ed1ab_0             conda-forge
2025-01-13T19:46:43.6258395Z   python-tzdata                  2024.1               pyhd8ed1ab_0             conda-forge
2025-01-13T19:46:43.6258773Z   python_abi                     3.12                 4_cp312                  conda-forge
2025-01-13T19:46:43.6259300Z   pytz                           2024.1               pyhd8ed1ab_0             conda-forge
2025-01-13T19:46:43.6259771Z   pyyaml                         6.0.1                py312h98912ed_1          conda-forge
2025-01-13T19:46:43.6260122Z   pyzmq                          26.0.3               py312h8fd38d8_0          conda-forge
2025-01-13T19:46:43.6260468Z   qgrid                          1.3.1                pyhd8ed1ab_4             conda-forge
2025-01-13T19:46:43.6260847Z   radioactivedecay               0.5.1                pyhd8ed1ab_0             conda-forge
2025-01-13T19:46:43.6261230Z   readline                       8.2                  h8228510_1               conda-forge
2025-01-13T19:46:43.6261601Z   recommonmark                   0.7.1                pyhd8ed1ab_0             conda-forge
2025-01-13T19:46:43.6261990Z   referencing                    0.35.1               pyhd8ed1ab_0             conda-forge
2025-01-13T19:46:43.6262360Z   requests                       2.32.3               pyhd8ed1ab_0             conda-forge
2025-01-13T19:46:43.6262744Z   rfc3339-validator              0.1.4                pyhd8ed1ab_0             conda-forge
2025-01-13T19:46:43.6263161Z   rfc3986-validator              0.1.1                pyh9f0ad1d_0             conda-forge
2025-01-13T19:46:43.6263541Z   rpds-py                        0.18.1               py312h4413252_0          conda-forge
2025-01-13T19:46:43.6263915Z   ruff                           0.4.9                py312h5715c7c_0          conda-forge
2025-01-13T19:46:43.6264250Z   scipy                          1.13.1               py312hc2bc53b_0          conda-forge
2025-01-13T19:46:43.6264605Z   send2trash                     1.8.3                pyh0d859eb_0             conda-forge
2025-01-13T19:46:43.6264976Z   setuptools                     70.0.0               pyhd8ed1ab_0             conda-forge
2025-01-13T19:46:43.6265363Z   setuptools-scm                 8.1.0                pyhd8ed1ab_0             conda-forge
2025-01-13T19:46:43.6265750Z   setuptools_scm                 8.1.0                hd8ed1ab_0               conda-forge
2025-01-13T19:46:43.6266110Z   six                            1.16.0               pyh6c4a22f_0             conda-forge
2025-01-13T19:46:43.6266452Z   snakeviz                       2.2.0                pyhd8ed1ab_0             conda-forge
2025-01-13T19:46:43.6266961Z   snappy                         1.2.0                hdb0a2a9_1               conda-forge
2025-01-13T19:46:43.6267307Z   sniffio                        1.3.1                pyhd8ed1ab_0             conda-forge
2025-01-13T19:46:43.6267691Z   snowballstemmer                2.2.0                pyhd8ed1ab_0             conda-forge
2025-01-13T19:46:43.6268071Z   soupsieve                      2.5                  pyhd8ed1ab_1             conda-forge
2025-01-13T19:46:43.6268424Z   sphinx                         7.3.7                pyhd8ed1ab_0             conda-forge
2025-01-13T19:46:43.6268795Z   sphinx-astropy                 1.9.1                pyhd8ed1ab_0             conda-forge
2025-01-13T19:46:43.6269373Z   sphinx-automodapi              0.17.0               pyh717bed2_1             conda-forge
2025-01-13T19:46:43.6269812Z   sphinx-gallery                 0.16.0               pyhd8ed1ab_0             conda-forge
2025-01-13T19:46:43.6270237Z   sphinx-jsonschema              1.19.1               pyhd8ed1ab_0             conda-forge
2025-01-13T19:46:43.6270664Z   sphinx_bootstrap_theme         0.8.1                pyhd8ed1ab_0             conda-forge
2025-01-13T19:46:43.6271074Z   sphinx_rtd_theme               2.0.0                pyha770c72_0             conda-forge
2025-01-13T19:46:43.6271484Z   sphinxcontrib-apidoc           0.3.0                py_1                     conda-forge
2025-01-13T19:46:43.6271932Z   sphinxcontrib-applehelp        1.0.8                pyhd8ed1ab_0             conda-forge
2025-01-13T19:46:43.6272395Z   sphinxcontrib-bibtex           2.6.2                pyhd8ed1ab_0             conda-forge
2025-01-13T19:46:43.6272838Z   sphinxcontrib-devhelp          1.0.6                pyhd8ed1ab_0             conda-forge
2025-01-13T19:46:43.6273408Z   sphinxcontrib-htmlhelp         2.0.5                pyhd8ed1ab_0             conda-forge
2025-01-13T19:46:43.6273861Z   sphinxcontrib-jquery           4.1                  pyhd8ed1ab_0             conda-forge
2025-01-13T19:46:43.6274306Z   sphinxcontrib-jsmath           1.0.1                pyhd8ed1ab_0             conda-forge
2025-01-13T19:46:43.6274748Z   sphinxcontrib-qthelp           1.0.7                pyhd8ed1ab_0             conda-forge
2025-01-13T19:46:43.6275224Z   sphinxcontrib-serializinghtml  1.1.10               pyhd8ed1ab_0             conda-forge
2025-01-13T19:46:43.6275663Z   stack_data                     0.6.2                pyhd8ed1ab_0             conda-forge
2025-01-13T19:46:43.6276019Z   sympy                          1.12.1               pypyh2585a3b_103         conda-forge
2025-01-13T19:46:43.6276382Z   tabulate                       0.9.0                pyhd8ed1ab_1             conda-forge
2025-01-13T19:46:43.6276753Z   tenacity                       8.4.1                pyhd8ed1ab_0             conda-forge
2025-01-13T19:46:43.6277124Z   terminado                      0.18.1               pyh0d859eb_0             conda-forge
2025-01-13T19:46:43.6277497Z   tinycss2                       1.3.0                pyhd8ed1ab_0             conda-forge
2025-01-13T19:46:43.6277841Z   tk                             8.6.13               noxft_h4845f30_101       conda-forge
2025-01-13T19:46:43.6278176Z   toml                           0.10.2               pyhd8ed1ab_0             conda-forge
2025-01-13T19:46:43.6278518Z   tomli                          2.0.1                pyhd8ed1ab_0             conda-forge
2025-01-13T19:46:43.6278865Z   tornado                        6.4.1                py312h9a8786e_0          conda-forge
2025-01-13T19:46:43.6279403Z   tqdm                           4.66.4               pyhd8ed1ab_0             conda-forge
2025-01-13T19:46:43.6279760Z   traitlets                      5.14.3               pyhd8ed1ab_0             conda-forge
2025-01-13T19:46:43.6280134Z   typed-ast                      1.5.5                py312h98912ed_1          conda-forge
2025-01-13T19:46:43.6280552Z   types-python-dateutil          2.9.0.20240316       pyhd8ed1ab_0             conda-forge
2025-01-13T19:46:43.6281120Z   typing-extensions              4.12.2               hd8ed1ab_0               conda-forge
2025-01-13T19:46:43.6281536Z   typing_extensions              4.12.2               pyha770c72_0             conda-forge
2025-01-13T19:46:43.6281926Z   typing_utils                   0.1.0                pyhd8ed1ab_0             conda-forge
2025-01-13T19:46:43.6282293Z   tzdata                         2024a                h0c530f3_0               conda-forge
2025-01-13T19:46:43.6282663Z   uri-template                   1.3.0                pyhd8ed1ab_0             conda-forge
2025-01-13T19:46:43.6283035Z   urllib3                        2.2.2                pyhd8ed1ab_0             conda-forge
2025-01-13T19:46:43.6283388Z   wcwidth                        0.2.13               pyhd8ed1ab_0             conda-forge
2025-01-13T19:46:43.6283762Z   webcolors                      24.6.0               pyhd8ed1ab_0             conda-forge
2025-01-13T19:46:43.6284151Z   webencodings                   0.5.1                pyhd8ed1ab_2             conda-forge
2025-01-13T19:46:43.6284551Z   websocket-client               1.8.0                pyhd8ed1ab_0             conda-forge
2025-01-13T19:46:43.6284930Z   wheel                          0.43.0               pyhd8ed1ab_1             conda-forge
2025-01-13T19:46:43.6285321Z   widgetsnbextension             3.6.6                pyhd8ed1ab_0             conda-forge
2025-01-13T19:46:43.6285723Z   xorg-kbproto                   1.0.7                h7f98852_1002            conda-forge
2025-01-13T19:46:43.6286111Z   xorg-libice                    1.1.1                hd590300_0               conda-forge
2025-01-13T19:46:43.6286487Z   xorg-libsm                     1.2.4                h7391055_0               conda-forge
2025-01-13T19:46:43.6286969Z   xorg-libx11                    1.8.9                h8ee46fc_0               conda-forge
2025-01-13T19:46:43.6287350Z   xorg-libxau                    1.0.11               hd590300_0               conda-forge
2025-01-13T19:46:43.6287736Z   xorg-libxdmcp                  1.1.3                h7f98852_0               conda-forge
2025-01-13T19:46:43.6288115Z   xorg-libxext                   1.3.4                h0b41bf4_2               conda-forge
2025-01-13T19:46:43.6288502Z   xorg-libxrender                0.9.11               hd590300_0               conda-forge
2025-01-13T19:46:43.6288904Z   xorg-renderproto               0.11.1               h7f98852_1002            conda-forge
2025-01-13T19:46:43.6289503Z   xorg-xextproto                 7.3.0                h0b41bf4_1003            conda-forge
2025-01-13T19:46:43.6289889Z   xorg-xproto                    7.0.31               h7f98852_1007            conda-forge
2025-01-13T19:46:43.6290232Z   xz                             5.2.6                h166bdaf_0               conda-forge
2025-01-13T19:46:43.6290557Z   yaml                           0.2.5                h7f98852_2               conda-forge
2025-01-13T19:46:43.6290888Z   zeromq                         4.3.5                h75354e8_4               conda-forge
2025-01-13T19:46:43.6291229Z   zipp                           3.19.2               pyhd8ed1ab_0             conda-forge
2025-01-13T19:46:43.6291558Z   zlib                           1.3.1                h4ab18f5_1               conda-forge
2025-01-13T19:46:43.6291887Z   zlib-ng                        2.0.7                h0b41bf4_0               conda-forge
2025-01-13T19:46:43.6292219Z   zstd                           1.5.6                ha6fb4c9_0               conda-forge
2025-01-13T19:46:43.6292769Z ##[endgroup]
2025-01-13T19:46:43.6340758Z ##[group]Run pip install -e . --user
2025-01-13T19:46:43.6341095Z [36;1mpip install -e . --user[0m
2025-01-13T19:46:43.6370103Z shell: /usr/bin/bash -l {0}
2025-01-13T19:46:43.6370363Z env:
2025-01-13T19:46:43.6370550Z   CACHE_NUMBER: 0
2025-01-13T19:46:43.6371176Z   PYTEST_FLAGS: --tardis-regression-data=/home/runner/work/tardis/tardis/tardis-regression-data --cov=tardis --cov-report=xml --cov-report=html --cov-append
2025-01-13T19:46:43.6372002Z   CODECOV_TOKEN: 
2025-01-13T19:46:43.6372239Z   MAMBA_ROOT_PREFIX: /home/runner/micromamba
2025-01-13T19:46:43.6372571Z   MAMBA_EXE: /home/runner/micromamba-bin/micromamba
2025-01-13T19:46:43.6372942Z   CONDARC: /home/runner/work/_temp/setup-micromamba/.condarc
2025-01-13T19:46:43.6373257Z ##[endgroup]
2025-01-13T19:46:44.3545994Z Obtaining file:///home/runner/work/tardis/tardis
2025-01-13T19:46:44.3573222Z   Installing build dependencies: started
2025-01-13T19:46:47.1280870Z   Installing build dependencies: finished with status 'done'
2025-01-13T19:46:47.1286756Z   Checking if build backend supports build_editable: started
2025-01-13T19:46:47.2557393Z   Checking if build backend supports build_editable: finished with status 'done'
2025-01-13T19:46:47.2566080Z   Getting requirements to build editable: started
2025-01-13T19:46:47.7106746Z   Getting requirements to build editable: finished with status 'done'
2025-01-13T19:46:47.7115974Z   Preparing editable metadata (pyproject.toml): started
2025-01-13T19:46:48.1649423Z   Preparing editable metadata (pyproject.toml): finished with status 'done'
2025-01-13T19:46:48.2236139Z Requirement already satisfied: astropy in /home/runner/micromamba/envs/tardis/lib/python3.12/site-packages (from tardis==0.0.0) (6.1.1)
2025-01-13T19:46:48.2644788Z Requirement already satisfied: numpy>=1.23 in /home/runner/micromamba/envs/tardis/lib/python3.12/site-packages (from astropy->tardis==0.0.0) (1.26.4)
2025-01-13T19:46:48.2654072Z Requirement already satisfied: pyerfa>=2.0.1.1 in /home/runner/micromamba/envs/tardis/lib/python3.12/site-packages (from astropy->tardis==0.0.0) (2.0.1.4)
2025-01-13T19:46:48.2665096Z Requirement already satisfied: astropy-iers-data>=0.2024.5.27.0.30.8 in /home/runner/micromamba/envs/tardis/lib/python3.12/site-packages (from astropy->tardis==0.0.0) (0.2024.6.17.0.31.35)
2025-01-13T19:46:48.2674089Z Requirement already satisfied: PyYAML>=3.13 in /home/runner/micromamba/envs/tardis/lib/python3.12/site-packages (from astropy->tardis==0.0.0) (6.0.1)
2025-01-13T19:46:48.2684310Z Requirement already satisfied: packaging>=19.0 in /home/runner/micromamba/envs/tardis/lib/python3.12/site-packages (from astropy->tardis==0.0.0) (24.1)
2025-01-13T19:46:48.2773598Z Building wheels for collected packages: tardis
2025-01-13T19:46:48.2782789Z   Building editable for tardis (pyproject.toml): started
2025-01-13T19:46:49.0279912Z   Building editable for tardis (pyproject.toml): finished with status 'done'
2025-01-13T19:46:49.0285938Z   Created wheel for tardis: filename=tardis-0.0.0-0.editable-py3-none-any.whl size=8876 sha256=5967a5e526da2d3c4eaa5ebdedb487394e725add1ec4dadecb3423aa5d0233ef
2025-01-13T19:46:49.0287245Z   Stored in directory: /tmp/pip-ephem-wheel-cache-1clfmo0y/wheels/6a/c7/ae/89fa6dc2565455898176888ef0e2e475e4e90eb0124afcb995
2025-01-13T19:46:49.0313252Z Successfully built tardis
2025-01-13T19:46:49.8085083Z Installing collected packages: tardis
2025-01-13T19:46:49.8171415Z Successfully installed tardis-0.0.0
2025-01-13T19:46:50.0439825Z ##[group]Run pip install qgridnext
2025-01-13T19:46:50.0440199Z [36;1mpip install qgridnext[0m
2025-01-13T19:46:50.0466180Z shell: /usr/bin/bash -l {0}
2025-01-13T19:46:50.0466455Z env:
2025-01-13T19:46:50.0466659Z   CACHE_NUMBER: 0
2025-01-13T19:46:50.0467330Z   PYTEST_FLAGS: --tardis-regression-data=/home/runner/work/tardis/tardis/tardis-regression-data --cov=tardis --cov-report=xml --cov-report=html --cov-append
2025-01-13T19:46:50.0468025Z   CODECOV_TOKEN: 
2025-01-13T19:46:50.0468287Z   MAMBA_ROOT_PREFIX: /home/runner/micromamba
2025-01-13T19:46:50.0468631Z   MAMBA_EXE: /home/runner/micromamba-bin/micromamba
2025-01-13T19:46:50.0469525Z   CONDARC: /home/runner/work/_temp/setup-micromamba/.condarc
2025-01-13T19:46:50.0469899Z ##[endgroup]
2025-01-13T19:46:50.6615464Z Collecting qgridnext
2025-01-13T19:46:50.6902568Z   Downloading qgridnext-2.0.4-py3-none-any.whl.metadata (9.9 kB)
2025-01-13T19:46:50.6997262Z Requirement already satisfied: pandas>=0.20.0 in /home/runner/micromamba/envs/tardis/lib/python3.12/site-packages (from qgridnext) (2.2.2)
2025-01-13T19:46:50.7006126Z Requirement already satisfied: ipywidgets>=7.0.0 in /home/runner/micromamba/envs/tardis/lib/python3.12/site-packages (from qgridnext) (7.8.0)
2025-01-13T19:46:50.7014907Z Requirement already satisfied: numpy in /home/runner/micromamba/envs/tardis/lib/python3.12/site-packages (from qgridnext) (1.26.4)
2025-01-13T19:46:50.7024719Z Requirement already satisfied: traitlets in /home/runner/micromamba/envs/tardis/lib/python3.12/site-packages (from qgridnext) (5.14.3)
2025-01-13T19:46:50.7116572Z Requirement already satisfied: comm>=0.1.3 in /home/runner/micromamba/envs/tardis/lib/python3.12/site-packages (from ipywidgets>=7.0.0->qgridnext) (0.2.2)
2025-01-13T19:46:50.7125711Z Requirement already satisfied: ipython-genutils~=0.2.0 in /home/runner/micromamba/envs/tardis/lib/python3.12/site-packages (from ipywidgets>=7.0.0->qgridnext) (0.2.0)
2025-01-13T19:46:50.7139503Z Requirement already satisfied: widgetsnbextension~=3.6.5 in /home/runner/micromamba/envs/tardis/lib/python3.12/site-packages (from ipywidgets>=7.0.0->qgridnext) (3.6.6)
2025-01-13T19:46:50.7157725Z Requirement already satisfied: ipython>=4.0.0 in /home/runner/micromamba/envs/tardis/lib/python3.12/site-packages (from ipywidgets>=7.0.0->qgridnext) (8.25.0)
2025-01-13T19:46:50.7175853Z Requirement already satisfied: jupyterlab-widgets<3,>=1.0.0 in /home/runner/micromamba/envs/tardis/lib/python3.12/site-packages (from ipywidgets>=7.0.0->qgridnext) (1.1.7)
2025-01-13T19:46:50.7622055Z Requirement already satisfied: python-dateutil>=2.8.2 in /home/runner/micromamba/envs/tardis/lib/python3.12/site-packages (from pandas>=0.20.0->qgridnext) (2.9.0)
2025-01-13T19:46:50.7636182Z Requirement already satisfied: pytz>=2020.1 in /home/runner/micromamba/envs/tardis/lib/python3.12/site-packages (from pandas>=0.20.0->qgridnext) (2024.1)
2025-01-13T19:46:50.7645094Z Requirement already satisfied: tzdata>=2022.7 in /home/runner/micromamba/envs/tardis/lib/python3.12/site-packages (from pandas>=0.20.0->qgridnext) (2024.1)
2025-01-13T19:46:50.7961067Z Requirement already satisfied: decorator in /home/runner/micromamba/envs/tardis/lib/python3.12/site-packages (from ipython>=4.0.0->ipywidgets>=7.0.0->qgridnext) (5.1.1)
2025-01-13T19:46:50.7976044Z Requirement already satisfied: jedi>=0.16 in /home/runner/micromamba/envs/tardis/lib/python3.12/site-packages (from ipython>=4.0.0->ipywidgets>=7.0.0->qgridnext) (0.19.1)
2025-01-13T19:46:50.7985271Z Requirement already satisfied: matplotlib-inline in /home/runner/micromamba/envs/tardis/lib/python3.12/site-packages (from ipython>=4.0.0->ipywidgets>=7.0.0->qgridnext) (0.1.7)
2025-01-13T19:46:50.7996640Z Requirement already satisfied: prompt-toolkit<3.1.0,>=3.0.41 in /home/runner/micromamba/envs/tardis/lib/python3.12/site-packages (from ipython>=4.0.0->ipywidgets>=7.0.0->qgridnext) (3.0.47)
2025-01-13T19:46:50.8006557Z Requirement already satisfied: pygments>=2.4.0 in /home/runner/micromamba/envs/tardis/lib/python3.12/site-packages (from ipython>=4.0.0->ipywidgets>=7.0.0->qgridnext) (2.18.0)
2025-01-13T19:46:50.8017327Z Requirement already satisfied: stack-data in /home/runner/micromamba/envs/tardis/lib/python3.12/site-packages (from ipython>=4.0.0->ipywidgets>=7.0.0->qgridnext) (0.6.2)
2025-01-13T19:46:50.8036943Z Requirement already satisfied: pexpect>4.3 in /home/runner/micromamba/envs/tardis/lib/python3.12/site-packages (from ipython>=4.0.0->ipywidgets>=7.0.0->qgridnext) (4.9.0)
2025-01-13T19:46:50.8085659Z Requirement already satisfied: six>=1.5 in /home/runner/micromamba/envs/tardis/lib/python3.12/site-packages (from python-dateutil>=2.8.2->pandas>=0.20.0->qgridnext) (1.16.0)
2025-01-13T19:46:50.8143648Z Requirement already satisfied: notebook>=4.4.1 in /home/runner/micromamba/envs/tardis/lib/python3.12/site-packages (from widgetsnbextension~=3.6.5->ipywidgets>=7.0.0->qgridnext) (7.2.1)
2025-01-13T19:46:50.8332733Z Requirement already satisfied: parso<0.9.0,>=0.8.3 in /home/runner/micromamba/envs/tardis/lib/python3.12/site-packages (from jedi>=0.16->ipython>=4.0.0->ipywidgets>=7.0.0->qgridnext) (0.8.4)
2025-01-13T19:46:50.8478824Z Requirement already satisfied: jupyter-server<3,>=2.4.0 in /home/runner/micromamba/envs/tardis/lib/python3.12/site-packages (from notebook>=4.4.1->widgetsnbextension~=3.6.5->ipywidgets>=7.0.0->qgridnext) (2.14.1)
2025-01-13T19:46:50.8493012Z Requirement already satisfied: jupyterlab-server<3,>=2.27.1 in /home/runner/micromamba/envs/tardis/lib/python3.12/site-packages (from notebook>=4.4.1->widgetsnbextension~=3.6.5->ipywidgets>=7.0.0->qgridnext) (2.27.2)
2025-01-13T19:46:50.8508786Z Requirement already satisfied: jupyterlab<4.3,>=4.2.0 in /home/runner/micromamba/envs/tardis/lib/python3.12/site-packages (from notebook>=4.4.1->widgetsnbextension~=3.6.5->ipywidgets>=7.0.0->qgridnext) (4.2.2)
2025-01-13T19:46:50.8519996Z Requirement already satisfied: notebook-shim<0.3,>=0.2 in /home/runner/micromamba/envs/tardis/lib/python3.12/site-packages (from notebook>=4.4.1->widgetsnbextension~=3.6.5->ipywidgets>=7.0.0->qgridnext) (0.2.4)
2025-01-13T19:46:50.8528863Z Requirement already satisfied: tornado>=6.2.0 in /home/runner/micromamba/envs/tardis/lib/python3.12/site-packages (from notebook>=4.4.1->widgetsnbextension~=3.6.5->ipywidgets>=7.0.0->qgridnext) (6.4.1)
2025-01-13T19:46:50.8559726Z Requirement already satisfied: ptyprocess>=0.5 in /home/runner/micromamba/envs/tardis/lib/python3.12/site-packages (from pexpect>4.3->ipython>=4.0.0->ipywidgets>=7.0.0->qgridnext) (0.7.0)
2025-01-13T19:46:50.8589582Z Requirement already satisfied: wcwidth in /home/runner/micromamba/envs/tardis/lib/python3.12/site-packages (from prompt-toolkit<3.1.0,>=3.0.41->ipython>=4.0.0->ipywidgets>=7.0.0->qgridnext) (0.2.13)
2025-01-13T19:46:50.8730380Z Requirement already satisfied: executing>=1.2.0 in /home/runner/micromamba/envs/tardis/lib/python3.12/site-packages (from stack-data->ipython>=4.0.0->ipywidgets>=7.0.0->qgridnext) (2.0.1)
2025-01-13T19:46:50.8740415Z Requirement already satisfied: asttokens>=2.1.0 in /home/runner/micromamba/envs/tardis/lib/python3.12/site-packages (from stack-data->ipython>=4.0.0->ipywidgets>=7.0.0->qgridnext) (2.4.1)
2025-01-13T19:46:50.8749226Z Requirement already satisfied: pure-eval in /home/runner/micromamba/envs/tardis/lib/python3.12/site-packages (from stack-data->ipython>=4.0.0->ipywidgets>=7.0.0->qgridnext) (0.2.2)
2025-01-13T19:46:50.9115064Z Requirement already satisfied: anyio>=3.1.0 in /home/runner/micromamba/envs/tardis/lib/python3.12/site-packages (from jupyter-server<3,>=2.4.0->notebook>=4.4.1->widgetsnbextension~=3.6.5->ipywidgets>=7.0.0->qgridnext) (4.4.0)
2025-01-13T19:46:50.9129265Z Requirement already satisfied: argon2-cffi>=21.1 in /home/runner/micromamba/envs/tardis/lib/python3.12/site-packages (from jupyter-server<3,>=2.4.0->notebook>=4.4.1->widgetsnbextension~=3.6.5->ipywidgets>=7.0.0->qgridnext) (23.1.0)
2025-01-13T19:46:50.9139371Z Requirement already satisfied: jinja2>=3.0.3 in /home/runner/micromamba/envs/tardis/lib/python3.12/site-packages (from jupyter-server<3,>=2.4.0->notebook>=4.4.1->widgetsnbextension~=3.6.5->ipywidgets>=7.0.0->qgridnext) (3.1.4)
2025-01-13T19:46:50.9151861Z Requirement already satisfied: jupyter-client>=7.4.4 in /home/runner/micromamba/envs/tardis/lib/python3.12/site-packages (from jupyter-server<3,>=2.4.0->notebook>=4.4.1->widgetsnbextension~=3.6.5->ipywidgets>=7.0.0->qgridnext) (8.6.2)
2025-01-13T19:46:50.9164497Z Requirement already satisfied: jupyter-core!=5.0.*,>=4.12 in /home/runner/micromamba/envs/tardis/lib/python3.12/site-packages (from jupyter-server<3,>=2.4.0->notebook>=4.4.1->widgetsnbextension~=3.6.5->ipywidgets>=7.0.0->qgridnext) (5.7.2)
2025-01-13T19:46:50.9176790Z Requirement already satisfied: jupyter-events>=0.9.0 in /home/runner/micromamba/envs/tardis/lib/python3.12/site-packages (from jupyter-server<3,>=2.4.0->notebook>=4.4.1->widgetsnbextension~=3.6.5->ipywidgets>=7.0.0->qgridnext) (0.10.0)
2025-01-13T19:46:50.9188870Z Requirement already satisfied: jupyter-server-terminals>=0.4.4 in /home/runner/micromamba/envs/tardis/lib/python3.12/site-packages (from jupyter-server<3,>=2.4.0->notebook>=4.4.1->widgetsnbextension~=3.6.5->ipywidgets>=7.0.0->qgridnext) (0.5.3)
2025-01-13T19:46:50.9203398Z Requirement already satisfied: nbconvert>=6.4.4 in /home/runner/micromamba/envs/tardis/lib/python3.12/site-packages (from jupyter-server<3,>=2.4.0->notebook>=4.4.1->widgetsnbextension~=3.6.5->ipywidgets>=7.0.0->qgridnext) (7.16.4)
2025-01-13T19:46:50.9214768Z Requirement already satisfied: nbformat>=5.3.0 in /home/runner/micromamba/envs/tardis/lib/python3.12/site-packages (from jupyter-server<3,>=2.4.0->notebook>=4.4.1->widgetsnbextension~=3.6.5->ipywidgets>=7.0.0->qgridnext) (5.10.4)
2025-01-13T19:46:50.9224868Z Requirement already satisfied: overrides>=5.0 in /home/runner/micromamba/envs/tardis/lib/python3.12/site-packages (from jupyter-server<3,>=2.4.0->notebook>=4.4.1->widgetsnbextension~=3.6.5->ipywidgets>=7.0.0->qgridnext) (7.7.0)
2025-01-13T19:46:50.9235562Z Requirement already satisfied: packaging>=22.0 in /home/runner/micromamba/envs/tardis/lib/python3.12/site-packages (from jupyter-server<3,>=2.4.0->notebook>=4.4.1->widgetsnbextension~=3.6.5->ipywidgets>=7.0.0->qgridnext) (24.1)
2025-01-13T19:46:50.9245311Z Requirement already satisfied: prometheus-client>=0.9 in /home/runner/micromamba/envs/tardis/lib/python3.12/site-packages (from jupyter-server<3,>=2.4.0->notebook>=4.4.1->widgetsnbextension~=3.6.5->ipywidgets>=7.0.0->qgridnext) (0.20.0)
2025-01-13T19:46:50.9257091Z Requirement already satisfied: pyzmq>=24 in /home/runner/micromamba/envs/tardis/lib/python3.12/site-packages (from jupyter-server<3,>=2.4.0->notebook>=4.4.1->widgetsnbextension~=3.6.5->ipywidgets>=7.0.0->qgridnext) (26.0.3)
2025-01-13T19:46:50.9267201Z Requirement already satisfied: send2trash>=1.8.2 in /home/runner/micromamba/envs/tardis/lib/python3.12/site-packages (from jupyter-server<3,>=2.4.0->notebook>=4.4.1->widgetsnbextension~=3.6.5->ipywidgets>=7.0.0->qgridnext) (1.8.3)
2025-01-13T19:46:50.9298291Z Requirement already satisfied: terminado>=0.8.3 in /home/runner/micromamba/envs/tardis/lib/python3.12/site-packages (from jupyter-server<3,>=2.4.0->notebook>=4.4.1->widgetsnbextension~=3.6.5->ipywidgets>=7.0.0->qgridnext) (0.18.1)
2025-01-13T19:46:50.9303669Z Requirement already satisfied: websocket-client>=1.7 in /home/runner/micromamba/envs/tardis/lib/python3.12/site-packages (from jupyter-server<3,>=2.4.0->notebook>=4.4.1->widgetsnbextension~=3.6.5->ipywidgets>=7.0.0->qgridnext) (1.8.0)
2025-01-13T19:46:50.9590300Z Requirement already satisfied: async-lru>=1.0.0 in /home/runner/micromamba/envs/tardis/lib/python3.12/site-packages (from jupyterlab<4.3,>=4.2.0->notebook>=4.4.1->widgetsnbextension~=3.6.5->ipywidgets>=7.0.0->qgridnext) (2.0.4)
2025-01-13T19:46:50.9602871Z Requirement already satisfied: httpx>=0.25.0 in /home/runner/micromamba/envs/tardis/lib/python3.12/site-packages (from jupyterlab<4.3,>=4.2.0->notebook>=4.4.1->widgetsnbextension~=3.6.5->ipywidgets>=7.0.0->qgridnext) (0.27.0)
2025-01-13T19:46:50.9615699Z Requirement already satisfied: ipykernel>=6.5.0 in /home/runner/micromamba/envs/tardis/lib/python3.12/site-packages (from jupyterlab<4.3,>=4.2.0->notebook>=4.4.1->widgetsnbextension~=3.6.5->ipywidgets>=7.0.0->qgridnext) (6.29.4)
2025-01-13T19:46:50.9630614Z Requirement already satisfied: jupyter-lsp>=2.0.0 in /home/runner/micromamba/envs/tardis/lib/python3.12/site-packages (from jupyterlab<4.3,>=4.2.0->notebook>=4.4.1->widgetsnbextension~=3.6.5->ipywidgets>=7.0.0->qgridnext) (2.2.5)
2025-01-13T19:46:50.9658330Z Requirement already satisfied: setuptools>=40.1.0 in /home/runner/micromamba/envs/tardis/lib/python3.12/site-packages (from jupyterlab<4.3,>=4.2.0->notebook>=4.4.1->widgetsnbextension~=3.6.5->ipywidgets>=7.0.0->qgridnext) (70.0.0)
2025-01-13T19:46:50.9847968Z Requirement already satisfied: babel>=2.10 in /home/runner/micromamba/envs/tardis/lib/python3.12/site-packages (from jupyterlab-server<3,>=2.27.1->notebook>=4.4.1->widgetsnbextension~=3.6.5->ipywidgets>=7.0.0->qgridnext) (2.14.0)
2025-01-13T19:46:50.9875542Z Requirement already satisfied: json5>=0.9.0 in /home/runner/micromamba/envs/tardis/lib/python3.12/site-packages (from jupyterlab-server<3,>=2.27.1->notebook>=4.4.1->widgetsnbextension~=3.6.5->ipywidgets>=7.0.0->qgridnext) (0.9.25)
2025-01-13T19:46:50.9887406Z Requirement already satisfied: jsonschema>=4.18.0 in /home/runner/micromamba/envs/tardis/lib/python3.12/site-packages (from jupyterlab-server<3,>=2.27.1->notebook>=4.4.1->widgetsnbextension~=3.6.5->ipywidgets>=7.0.0->qgridnext) (4.22.0)
2025-01-13T19:46:50.9907098Z Requirement already satisfied: requests>=2.31 in /home/runner/micromamba/envs/tardis/lib/python3.12/site-packages (from jupyterlab-server<3,>=2.27.1->notebook>=4.4.1->widgetsnbextension~=3.6.5->ipywidgets>=7.0.0->qgridnext) (2.32.3)
2025-01-13T19:46:51.0257772Z Requirement already satisfied: idna>=2.8 in /home/runner/micromamba/envs/tardis/lib/python3.12/site-packages (from anyio>=3.1.0->jupyter-server<3,>=2.4.0->notebook>=4.4.1->widgetsnbextension~=3.6.5->ipywidgets>=7.0.0->qgridnext) (3.7)
2025-01-13T19:46:51.0267595Z Requirement already satisfied: sniffio>=1.1 in /home/runner/micromamba/envs/tardis/lib/python3.12/site-packages (from anyio>=3.1.0->jupyter-server<3,>=2.4.0->notebook>=4.4.1->widgetsnbextension~=3.6.5->ipywidgets>=7.0.0->qgridnext) (1.3.1)
2025-01-13T19:46:51.0358729Z Requirement already satisfied: argon2-cffi-bindings in /home/runner/micromamba/envs/tardis/lib/python3.12/site-packages (from argon2-cffi>=21.1->jupyter-server<3,>=2.4.0->notebook>=4.4.1->widgetsnbextension~=3.6.5->ipywidgets>=7.0.0->qgridnext) (21.2.0)
2025-01-13T19:46:51.0531167Z Requirement already satisfied: certifi in /home/runner/micromamba/envs/tardis/lib/python3.12/site-packages (from httpx>=0.25.0->jupyterlab<4.3,>=4.2.0->notebook>=4.4.1->widgetsnbextension~=3.6.5->ipywidgets>=7.0.0->qgridnext) (2024.6.2)
2025-01-13T19:46:51.0546464Z Requirement already satisfied: httpcore==1.* in /home/runner/micromamba/envs/tardis/lib/python3.12/site-packages (from httpx>=0.25.0->jupyterlab<4.3,>=4.2.0->notebook>=4.4.1->widgetsnbextension~=3.6.5->ipywidgets>=7.0.0->qgridnext) (1.0.5)
2025-01-13T19:46:51.0625046Z Requirement already satisfied: h11<0.15,>=0.13 in /home/runner/micromamba/envs/tardis/lib/python3.12/site-packages (from httpcore==1.*->httpx>=0.25.0->jupyterlab<4.3,>=4.2.0->notebook>=4.4.1->widgetsnbextension~=3.6.5->ipywidgets>=7.0.0->qgridnext) (0.14.0)
2025-01-13T19:46:51.0814052Z Requirement already satisfied: debugpy>=1.6.5 in /home/runner/micromamba/envs/tardis/lib/python3.12/site-packages (from ipykernel>=6.5.0->jupyterlab<4.3,>=4.2.0->notebook>=4.4.1->widgetsnbextension~=3.6.5->ipywidgets>=7.0.0->qgridnext) (1.8.1)
2025-01-13T19:46:51.0836463Z Requirement already satisfied: nest-asyncio in /home/runner/micromamba/envs/tardis/lib/python3.12/site-packages (from ipykernel>=6.5.0->jupyterlab<4.3,>=4.2.0->notebook>=4.4.1->widgetsnbextension~=3.6.5->ipywidgets>=7.0.0->qgridnext) (1.6.0)
2025-01-13T19:46:51.0852467Z Requirement already satisfied: psutil in /home/runner/micromamba/envs/tardis/lib/python3.12/site-packages (from ipykernel>=6.5.0->jupyterlab<4.3,>=4.2.0->notebook>=4.4.1->widgetsnbextension~=3.6.5->ipywidgets>=7.0.0->qgridnext) (5.9.8)
2025-01-13T19:46:51.0916395Z Requirement already satisfied: MarkupSafe>=2.0 in /home/runner/micromamba/envs/tardis/lib/python3.12/site-packages (from jinja2>=3.0.3->jupyter-server<3,>=2.4.0->notebook>=4.4.1->widgetsnbextension~=3.6.5->ipywidgets>=7.0.0->qgridnext) (2.1.5)
2025-01-13T19:46:51.1110633Z Requirement already satisfied: attrs>=22.2.0 in /home/runner/micromamba/envs/tardis/lib/python3.12/site-packages (from jsonschema>=4.18.0->jupyterlab-server<3,>=2.27.1->notebook>=4.4.1->widgetsnbextension~=3.6.5->ipywidgets>=7.0.0->qgridnext) (23.2.0)
2025-01-13T19:46:51.1121683Z Requirement already satisfied: jsonschema-specifications>=2023.03.6 in /home/runner/micromamba/envs/tardis/lib/python3.12/site-packages (from jsonschema>=4.18.0->jupyterlab-server<3,>=2.27.1->notebook>=4.4.1->widgetsnbextension~=3.6.5->ipywidgets>=7.0.0->qgridnext) (2023.12.1)
2025-01-13T19:46:51.1131423Z Requirement already satisfied: referencing>=0.28.4 in /home/runner/micromamba/envs/tardis/lib/python3.12/site-packages (from jsonschema>=4.18.0->jupyterlab-server<3,>=2.27.1->notebook>=4.4.1->widgetsnbextension~=3.6.5->ipywidgets>=7.0.0->qgridnext) (0.35.1)
2025-01-13T19:46:51.1141440Z Requirement already satisfied: rpds-py>=0.7.1 in /home/runner/micromamba/envs/tardis/lib/python3.12/site-packages (from jsonschema>=4.18.0->jupyterlab-server<3,>=2.27.1->notebook>=4.4.1->widgetsnbextension~=3.6.5->ipywidgets>=7.0.0->qgridnext) (0.18.1)
2025-01-13T19:46:51.1410135Z Requirement already satisfied: platformdirs>=2.5 in /home/runner/micromamba/envs/tardis/lib/python3.12/site-packages (from jupyter-core!=5.0.*,>=4.12->jupyter-server<3,>=2.4.0->notebook>=4.4.1->widgetsnbextension~=3.6.5->ipywidgets>=7.0.0->qgridnext) (4.2.2)
2025-01-13T19:46:51.1561458Z Requirement already satisfied: python-json-logger>=2.0.4 in /home/runner/micromamba/envs/tardis/lib/python3.12/site-packages (from jupyter-events>=0.9.0->jupyter-server<3,>=2.4.0->notebook>=4.4.1->widgetsnbextension~=3.6.5->ipywidgets>=7.0.0->qgridnext) (2.0.7)
2025-01-13T19:46:51.1571027Z Requirement already satisfied: pyyaml>=5.3 in /home/runner/micromamba/envs/tardis/lib/python3.12/site-packages (from jupyter-events>=0.9.0->jupyter-server<3,>=2.4.0->notebook>=4.4.1->widgetsnbextension~=3.6.5->ipywidgets>=7.0.0->qgridnext) (6.0.1)
2025-01-13T19:46:51.1582146Z Requirement already satisfied: rfc3339-validator in /home/runner/micromamba/envs/tardis/lib/python3.12/site-packages (from jupyter-events>=0.9.0->jupyter-server<3,>=2.4.0->notebook>=4.4.1->widgetsnbextension~=3.6.5->ipywidgets>=7.0.0->qgridnext) (0.1.4)
2025-01-13T19:46:51.1591640Z Requirement already satisfied: rfc3986-validator>=0.1.1 in /home/runner/micromamba/envs/tardis/lib/python3.12/site-packages (from jupyter-events>=0.9.0->jupyter-server<3,>=2.4.0->notebook>=4.4.1->widgetsnbextension~=3.6.5->ipywidgets>=7.0.0->qgridnext) (0.1.1)
2025-01-13T19:46:51.2015198Z Requirement already satisfied: beautifulsoup4 in /home/runner/micromamba/envs/tardis/lib/python3.12/site-packages (from nbconvert>=6.4.4->jupyter-server<3,>=2.4.0->notebook>=4.4.1->widgetsnbextension~=3.6.5->ipywidgets>=7.0.0->qgridnext) (4.12.3)
2025-01-13T19:46:51.2035094Z Requirement already satisfied: bleach!=5.0.0 in /home/runner/micromamba/envs/tardis/lib/python3.12/site-packages (from nbconvert>=6.4.4->jupyter-server<3,>=2.4.0->notebook>=4.4.1->widgetsnbextension~=3.6.5->ipywidgets>=7.0.0->qgridnext) (6.1.0)
2025-01-13T19:46:51.2050615Z Requirement already satisfied: defusedxml in /home/runner/micromamba/envs/tardis/lib/python3.12/site-packages (from nbconvert>=6.4.4->jupyter-server<3,>=2.4.0->notebook>=4.4.1->widgetsnbextension~=3.6.5->ipywidgets>=7.0.0->qgridnext) (0.7.1)
2025-01-13T19:46:51.2066131Z Requirement already satisfied: jupyterlab-pygments in /home/runner/micromamba/envs/tardis/lib/python3.12/site-packages (from nbconvert>=6.4.4->jupyter-server<3,>=2.4.0->notebook>=4.4.1->widgetsnbextension~=3.6.5->ipywidgets>=7.0.0->qgridnext) (0.3.0)
2025-01-13T19:46:51.2078653Z Requirement already satisfied: mistune<4,>=2.0.3 in /home/runner/micromamba/envs/tardis/lib/python3.12/site-packages (from nbconvert>=6.4.4->jupyter-server<3,>=2.4.0->notebook>=4.4.1->widgetsnbextension~=3.6.5->ipywidgets>=7.0.0->qgridnext) (3.0.2)
2025-01-13T19:46:51.2091966Z Requirement already satisfied: nbclient>=0.5.0 in /home/runner/micromamba/envs/tardis/lib/python3.12/site-packages (from nbconvert>=6.4.4->jupyter-server<3,>=2.4.0->notebook>=4.4.1->widgetsnbextension~=3.6.5->ipywidgets>=7.0.0->qgridnext) (0.10.0)
2025-01-13T19:46:51.2109773Z Requirement already satisfied: pandocfilters>=1.4.1 in /home/runner/micromamba/envs/tardis/lib/python3.12/site-packages (from nbconvert>=6.4.4->jupyter-server<3,>=2.4.0->notebook>=4.4.1->widgetsnbextension~=3.6.5->ipywidgets>=7.0.0->qgridnext) (1.5.0)
2025-01-13T19:46:51.2120393Z Requirement already satisfied: tinycss2 in /home/runner/micromamba/envs/tardis/lib/python3.12/site-packages (from nbconvert>=6.4.4->jupyter-server<3,>=2.4.0->notebook>=4.4.1->widgetsnbextension~=3.6.5->ipywidgets>=7.0.0->qgridnext) (1.3.0)
2025-01-13T19:46:51.2235804Z Requirement already satisfied: fastjsonschema>=2.15 in /home/runner/micromamba/envs/tardis/lib/python3.12/site-packages (from nbformat>=5.3.0->jupyter-server<3,>=2.4.0->notebook>=4.4.1->widgetsnbextension~=3.6.5->ipywidgets>=7.0.0->qgridnext) (2.20.0)
2025-01-13T19:46:51.2541321Z Requirement already satisfied: charset-normalizer<4,>=2 in /home/runner/micromamba/envs/tardis/lib/python3.12/site-packages (from requests>=2.31->jupyterlab-server<3,>=2.27.1->notebook>=4.4.1->widgetsnbextension~=3.6.5->ipywidgets>=7.0.0->qgridnext) (3.3.2)
2025-01-13T19:46:51.2556547Z Requirement already satisfied: urllib3<3,>=1.21.1 in /home/runner/micromamba/envs/tardis/lib/python3.12/site-packages (from requests>=2.31->jupyterlab-server<3,>=2.27.1->notebook>=4.4.1->widgetsnbextension~=3.6.5->ipywidgets>=7.0.0->qgridnext) (2.2.2)
2025-01-13T19:46:51.3320722Z Requirement already satisfied: webencodings in /home/runner/micromamba/envs/tardis/lib/python3.12/site-packages (from bleach!=5.0.0->nbconvert>=6.4.4->jupyter-server<3,>=2.4.0->notebook>=4.4.1->widgetsnbextension~=3.6.5->ipywidgets>=7.0.0->qgridnext) (0.5.1)
2025-01-13T19:46:51.3888365Z Requirement already satisfied: fqdn in /home/runner/micromamba/envs/tardis/lib/python3.12/site-packages (from jsonschema[format-nongpl]>=4.18.0->jupyter-events>=0.9.0->jupyter-server<3,>=2.4.0->notebook>=4.4.1->widgetsnbextension~=3.6.5->ipywidgets>=7.0.0->qgridnext) (1.5.1)
2025-01-13T19:46:51.3907717Z Requirement already satisfied: isoduration in /home/runner/micromamba/envs/tardis/lib/python3.12/site-packages (from jsonschema[format-nongpl]>=4.18.0->jupyter-events>=0.9.0->jupyter-server<3,>=2.4.0->notebook>=4.4.1->widgetsnbextension~=3.6.5->ipywidgets>=7.0.0->qgridnext) (20.11.0)
2025-01-13T19:46:51.3922271Z Requirement already satisfied: jsonpointer>1.13 in /home/runner/micromamba/envs/tardis/lib/python3.12/site-packages (from jsonschema[format-nongpl]>=4.18.0->jupyter-events>=0.9.0->jupyter-server<3,>=2.4.0->notebook>=4.4.1->widgetsnbextension~=3.6.5->ipywidgets>=7.0.0->qgridnext) (3.0.0)
2025-01-13T19:46:51.3940396Z Requirement already satisfied: uri-template in /home/runner/micromamba/envs/tardis/lib/python3.12/site-packages (from jsonschema[format-nongpl]>=4.18.0->jupyter-events>=0.9.0->jupyter-server<3,>=2.4.0->notebook>=4.4.1->widgetsnbextension~=3.6.5->ipywidgets>=7.0.0->qgridnext) (1.3.0)
2025-01-13T19:46:51.3955337Z Requirement already satisfied: webcolors>=1.11 in /home/runner/micromamba/envs/tardis/lib/python3.12/site-packages (from jsonschema[format-nongpl]>=4.18.0->jupyter-events>=0.9.0->jupyter-server<3,>=2.4.0->notebook>=4.4.1->widgetsnbextension~=3.6.5->ipywidgets>=7.0.0->qgridnext) (24.6.0)
2025-01-13T19:46:51.4964945Z Requirement already satisfied: cffi>=1.0.1 in /home/runner/micromamba/envs/tardis/lib/python3.12/site-packages (from argon2-cffi-bindings->argon2-cffi>=21.1->jupyter-server<3,>=2.4.0->notebook>=4.4.1->widgetsnbextension~=3.6.5->ipywidgets>=7.0.0->qgridnext) (1.16.0)
2025-01-13T19:46:51.5062700Z Requirement already satisfied: soupsieve>1.2 in /home/runner/micromamba/envs/tardis/lib/python3.12/site-packages (from beautifulsoup4->nbconvert>=6.4.4->jupyter-server<3,>=2.4.0->notebook>=4.4.1->widgetsnbextension~=3.6.5->ipywidgets>=7.0.0->qgridnext) (2.5)
2025-01-13T19:46:51.5593495Z Requirement already satisfied: pycparser in /home/runner/micromamba/envs/tardis/lib/python3.12/site-packages (from cffi>=1.0.1->argon2-cffi-bindings->argon2-cffi>=21.1->jupyter-server<3,>=2.4.0->notebook>=4.4.1->widgetsnbextension~=3.6.5->ipywidgets>=7.0.0->qgridnext) (2.22)
2025-01-13T19:46:51.6098687Z Requirement already satisfied: arrow>=0.15.0 in /home/runner/micromamba/envs/tardis/lib/python3.12/site-packages (from isoduration->jsonschema[format-nongpl]>=4.18.0->jupyter-events>=0.9.0->jupyter-server<3,>=2.4.0->notebook>=4.4.1->widgetsnbextension~=3.6.5->ipywidgets>=7.0.0->qgridnext) (1.3.0)
2025-01-13T19:46:51.6402390Z Requirement already satisfied: types-python-dateutil>=2.8.10 in /home/runner/micromamba/envs/tardis/lib/python3.12/site-packages (from arrow>=0.15.0->isoduration->jsonschema[format-nongpl]>=4.18.0->jupyter-events>=0.9.0->jupyter-server<3,>=2.4.0->notebook>=4.4.1->widgetsnbextension~=3.6.5->ipywidgets>=7.0.0->qgridnext) (2.9.0.20240316)
2025-01-13T19:46:51.6687815Z Downloading qgridnext-2.0.4-py3-none-any.whl (1.3 MB)
2025-01-13T19:46:51.7029883Z    â”â”â”â”â”â”â”â”â”â”â”â”â”â”â”â”â”â”â”â”â”â”â”â”â”â”â”â”â”â”â”â”â”â”â”â”â”â”â”â” 1.3/1.3 MB 39.5 MB/s eta 0:00:00
2025-01-13T19:46:52.4941662Z Installing collected packages: qgridnext
2025-01-13T19:46:52.5869282Z Successfully installed qgridnext-2.0.4
2025-01-13T19:46:52.7938173Z ##[group]Run pytest tardis --tardis-regression-data=/home/runner/work/tardis/tardis/tardis-regression-data --cov=tardis --cov-report=xml --cov-report=html --cov-append -m "not continuum"
2025-01-13T19:46:52.7939717Z [36;1mpytest tardis --tardis-regression-data=/home/runner/work/tardis/tardis/tardis-regression-data --cov=tardis --cov-report=xml --cov-report=html --cov-append -m "not continuum"[0m
2025-01-13T19:46:52.7966354Z shell: /usr/bin/bash -l {0}
2025-01-13T19:46:52.7966628Z env:
2025-01-13T19:46:52.7966812Z   CACHE_NUMBER: 0
2025-01-13T19:46:52.7967457Z   PYTEST_FLAGS: --tardis-regression-data=/home/runner/work/tardis/tardis/tardis-regression-data --cov=tardis --cov-report=xml --cov-report=html --cov-append
2025-01-13T19:46:52.7968111Z   CODECOV_TOKEN: 
2025-01-13T19:46:52.7968341Z   MAMBA_ROOT_PREFIX: /home/runner/micromamba
2025-01-13T19:46:52.7968662Z   MAMBA_EXE: /home/runner/micromamba-bin/micromamba
2025-01-13T19:46:52.7969262Z   CONDARC: /home/runner/work/_temp/setup-micromamba/.condarc
2025-01-13T19:46:52.7969590Z ##[endgroup]
2025-01-13T19:47:01.1957435Z ============================= test session starts ==============================
2025-01-13T19:47:01.1958183Z platform linux -- Python 3.12.4, pytest-8.2.2, pluggy-1.5.0
2025-01-13T19:47:01.1958792Z rootdir: /home/runner/work/tardis/tardis
2025-01-13T19:47:01.1959654Z configfile: pyproject.toml
2025-01-13T19:47:01.1960309Z plugins: anyio-4.4.0, doctestplus-1.2.1, cov-5.0.0, html-4.1.1, metadata-3.1.1
2025-01-13T19:47:01.1961043Z collected 1796 items / 2 deselected / 1794 selected
2025-01-13T19:47:01.1961424Z 
2025-01-13T19:47:06.0713474Z tardis/energy_input/tests/test_energy_source.py ..xxx                    [  0%]
2025-01-13T19:47:08.7788118Z tardis/energy_input/tests/test_gamma_ray_channel.py ...........          [  0%]
2025-01-13T19:47:10.5073788Z tardis/energy_input/tests/test_gamma_ray_grid.py xx.                     [  1%]
2025-01-13T19:47:12.2538592Z tardis/energy_input/tests/test_gamma_ray_interactions.py xx....          [  1%]
2025-01-13T19:47:12.2645471Z tardis/energy_input/tests/test_gamma_ray_packet_source.py sssssssss      [  1%]
2025-01-13T19:47:13.5528961Z tardis/energy_input/tests/test_util.py .....xxxx.....                    [  2%]
2025-01-13T19:47:13.9354240Z tardis/grid/tests/test_grid.py .                                         [  2%]
2025-01-13T19:47:13.9371364Z tardis/gui/tests/test_gui.py s                                           [  2%]
2025-01-13T19:47:17.6834997Z tardis/io/configuration/tests/test_config_reader.py ...........          [  3%]
2025-01-13T19:47:17.6962648Z tardis/io/configuration/tests/test_configuration_namespace.py .........  [  3%]
2025-01-13T19:47:17.7229293Z tardis/io/logger/tests/test_logging.py ssssssssssssssssssssssssssss      [  5%]
2025-01-13T19:47:54.8303534Z tardis/io/model/readers/tests/test_arepo_parser.py ..                    [  5%]
2025-01-13T19:47:54.8448220Z tardis/io/model/readers/tests/test_ascii_readers.py ...                  [  5%]
2025-01-13T19:47:54.8554192Z tardis/io/model/readers/tests/test_cmfgen_reader.py ..                   [  5%]
2025-01-13T19:47:54.8851033Z tardis/io/model/readers/tests/test_csvy_reader.py ....                   [  6%]
2025-01-13T19:47:54.9054443Z tardis/io/model/readers/tests/test_stella_reader.py ..                   [  6%]
2025-01-13T19:47:55.1968820Z tardis/io/tests/test_HDFWriter.py ...............                        [  7%]
2025-01-13T19:47:55.5299416Z tardis/io/tests/test_atomic.py .....                                     [  7%]
2025-01-13T19:47:55.5639932Z tardis/io/tests/test_decay.py ..                                         [  7%]
2025-01-13T19:47:55.7586739Z tardis/io/tests/test_model_reader.py ......                              [  7%]
2025-01-13T19:47:55.7653532Z tardis/model/geometry/tests/test_radial1d.py ..                          [  7%]
2025-01-13T19:48:52.9474933Z tardis/model/tests/test_base.py ........................................ [ 10%]
2025-01-13T19:48:53.9405900Z ............                                                             [ 10%]
2025-01-13T19:48:56.9784575Z tardis/model/tests/test_csvy_model.py .........                          [ 11%]
2025-01-13T19:48:57.0247976Z tardis/model/tests/test_density.py ..                                    [ 11%]
2025-01-13T19:48:58.3233147Z tardis/opacities/tests/test_opacity_solver.py .....                      [ 11%]
2025-01-13T19:48:59.6407201Z tardis/opacities/tests/test_opacity_state_numba.py .....                 [ 11%]
2025-01-13T19:49:01.6681964Z tardis/opacities/tests/test_tau_sobolev.py FF                            [ 12%]
2025-01-13T19:49:04.4406664Z tardis/plasma/equilibrium/tests/test_collisional_transitions.py ...      [ 12%]
2025-01-13T19:49:50.1950169Z tardis/plasma/equilibrium/tests/test_level_populations.py ....           [ 12%]
2025-01-13T19:50:01.5672212Z tardis/plasma/equilibrium/tests/test_rate_matrix.py .                    [ 12%]
2025-01-13T19:50:03.0003993Z tardis/plasma/tests/test_complete_plasmas.py .....................s..... [ 13%]
2025-01-13T19:50:06.1922063Z s....ssssss............s............ss.....s....ssssss............s..... [ 18%]
2025-01-13T19:50:07.9128029Z .......ss.....s....ssssss............s............ss.....s....ssssss.... [ 22%]
2025-01-13T19:50:10.8310162Z ........s............ss.....s........ss............s............ss.....s [ 26%]
2025-01-13T19:50:13.7465446Z ........ss............s............ss.....s....ssssss............s...... [ 30%]
2025-01-13T19:50:14.5010396Z ......ss.....s....ssssss............s............ss.....s.ss.ssssss..... [ 34%]
2025-01-13T19:50:17.3904476Z .......s............ss.....s....ssssss............s............ss.....s. [ 38%]
2025-01-13T19:50:20.5844004Z ...ssssss............s............ss.....s....ssssss............s....... [ 42%]
2025-01-13T19:50:23.6945273Z .....ss.....s....ssssss............s............s...........ssssss...... [ 46%]
2025-01-13T19:50:25.5629556Z ......s............s...........ssssss............s............s......... [ 50%]
2025-01-13T19:50:28.5199725Z ..ssssss............s............ss.....s....ssssss............s........ [ 54%]
2025-01-13T19:50:31.7039418Z ....ss.....s....ssssss..........................s.....s....ssss......... [ 58%]
2025-01-13T19:50:32.0301894Z ...................s.....s....ssss.......                                [ 60%]
2025-01-13T19:50:32.1455739Z tardis/plasma/tests/test_hdf_plasma.py ................................. [ 62%]
2025-01-13T19:50:32.1566328Z ......                                                                   [ 62%]
2025-01-13T19:50:32.6306798Z tardis/plasma/tests/test_nlte_excitation.py ...                          [ 62%]
2025-01-13T19:52:50.1898467Z tardis/plasma/tests/test_nlte_solver.py .....X                           [ 63%]
2025-01-13T19:52:50.1925521Z tardis/plasma/tests/test_plasma_continuum.py .                           [ 63%]
2025-01-13T19:53:13.5856094Z tardis/plasma/tests/test_plasma_vboundary.py .............               [ 63%]
2025-01-13T19:53:26.8188379Z tardis/plasma/tests/test_tardis_model_density_config.py ...              [ 64%]
2025-01-13T19:53:27.5694133Z tardis/simulation/tests/test_convergence.py .....                        [ 64%]
2025-01-13T19:53:36.0898277Z tardis/simulation/tests/test_simulation.py .............                 [ 65%]
2025-01-13T19:53:36.1092742Z tardis/spectrum/tests/test_cuda_formal_integral.py sssssssssssssssssssss [ 66%]
2025-01-13T19:53:36.6041806Z ssss...ssssssssssssssssssssss                                            [ 67%]
2025-01-13T19:53:36.6114437Z tardis/spectrum/tests/test_luminosity.py ....                            [ 68%]
2025-01-13T19:53:38.2028958Z tardis/spectrum/tests/test_numba_formal_integral.py .................... [ 69%]
2025-01-13T19:53:38.2220847Z ..........                                                               [ 69%]
2025-01-13T19:53:38.3908820Z tardis/spectrum/tests/test_spectrum.py ................................. [ 71%]
2025-01-13T19:53:38.4233483Z .........                                                                [ 72%]
2025-01-13T19:53:57.5574355Z tardis/spectrum/tests/test_spectrum_solver.py ....                       [ 72%]
2025-01-13T19:54:59.4979801Z tardis/tests/test_tardis_full.py ....                                    [ 72%]
2025-01-13T19:56:27.7747635Z tardis/tests/test_tardis_full_formal_integral.py ................        [ 73%]
2025-01-13T19:56:27.8496425Z tardis/tests/test_util.py .............................................  [ 75%]
2025-01-13T19:56:30.5507915Z tardis/transport/montecarlo/tests/test_base.py x.....................    [ 77%]
2025-01-13T19:56:38.2342466Z tardis/transport/montecarlo/tests/test_interaction.py .......            [ 77%]
2025-01-13T19:56:38.4427167Z tardis/transport/montecarlo/tests/test_macro_atom.py ....                [ 77%]
2025-01-13T19:56:38.4614463Z tardis/transport/montecarlo/tests/test_montecarlo.py sssssssssssssssssss [ 78%]
2025-01-13T19:56:38.5016142Z sssssssssssssssssssssssssssssssssssssssssssss                            [ 81%]
2025-01-13T19:56:47.4679647Z tardis/transport/montecarlo/tests/test_montecarlo_main_loop.py x..       [ 81%]
2025-01-13T19:56:47.4748095Z tardis/transport/montecarlo/tests/test_nonhomologous.py ...              [ 81%]
2025-01-13T19:56:53.2387049Z tardis/transport/montecarlo/tests/test_numba_interface.py .....x.        [ 82%]
2025-01-13T19:56:53.7211748Z tardis/transport/montecarlo/tests/test_opacities.py ...............      [ 82%]
2025-01-13T19:56:54.7499723Z tardis/transport/montecarlo/tests/test_packet.py .................xXXXXX [ 84%]
2025-01-13T19:56:54.8897045Z XX.........                                                              [ 84%]
2025-01-13T19:56:54.9175922Z tardis/transport/montecarlo/tests/test_packet_source.py ........         [ 85%]
2025-01-13T19:56:55.2288492Z tardis/transport/montecarlo/tests/test_rpacket_last_interaction_tracker.py . [ 85%]
2025-01-13T19:56:55.6730608Z .....                                                                    [ 85%]
2025-01-13T19:57:31.3697982Z tardis/transport/montecarlo/tests/test_rpacket_tracker.py ......         [ 85%]
2025-01-13T19:57:31.3993958Z tardis/transport/montecarlo/tests/test_single_packet_loop.py xxx         [ 86%]
2025-01-13T19:57:31.4025761Z tardis/transport/montecarlo/tests/test_tracker_utils.py ..               [ 86%]
2025-01-13T19:57:34.3152546Z tardis/transport/montecarlo/tests/test_vpacket.py ..x.                   [ 86%]
2025-01-13T19:57:34.3325127Z tardis/transport/montecarlo/tests/test_weighted_packet_source.py ....    [ 86%]
2025-01-13T19:57:37.7545271Z tardis/transport/montecarlo/tests/test_weighted_packet_source_integration.py . [ 86%]
2025-01-13T19:57:37.7547836Z                                                                          [ 86%]
2025-01-13T19:57:38.5128258Z tardis/transport/tests/test_doppler_factor.py ..................         [ 87%]
2025-01-13T19:57:39.8487497Z tardis/visualization/tools/tests/test_convergence_plot.py .............. [ 88%]
2025-01-13T19:57:42.1194147Z ......                                                                   [ 88%]
2025-01-13T19:57:46.8810444Z tardis/visualization/tools/tests/test_liv_plot.py ...................... [ 90%]
2025-01-13T19:57:49.5297690Z .............................                                            [ 91%]
2025-01-13T19:57:52.4001630Z tardis/visualization/tools/tests/test_rpacket_plot.py .................. [ 92%]
2025-01-13T19:57:59.8939695Z ....                                                                     [ 92%]
2025-01-13T19:58:05.9105019Z tardis/visualization/tools/tests/test_sdec_plot.py ..................... [ 94%]
2025-01-13T19:58:13.4850865Z ..............................                                           [ 95%]
2025-01-13T19:58:13.9203994Z tardis/visualization/widgets/tests/test_custom_abundance.py ........ss.. [ 96%]
2025-01-13T19:58:13.9928656Z ....                                                                     [ 96%]
2025-01-13T19:58:15.0476611Z tardis/visualization/widgets/tests/test_line_info.py ................... [ 97%]
2025-01-13T19:58:15.6867088Z ..................                                                       [ 98%]
2025-01-13T19:59:18.9458769Z tardis/visualization/widgets/tests/test_shell_info.py .................. [ 99%]
2025-01-13T19:59:25.0913631Z ......                                                                   [100%]
2025-01-13T19:59:25.0914221Z 
2025-01-13T19:59:25.0914463Z =================================== FAILURES ===================================
2025-01-13T19:59:25.0915314Z _____________________ test_calculate_sobolev_line_opacity ______________________
2025-01-13T19:59:25.0916085Z 
2025-01-13T19:59:25.0916584Z nb_simulation_verysimple = <tardis.simulation.base.Simulation object at 0x7f3dbbc04380>
2025-01-13T19:59:25.0917839Z regression_data = <tardis.tests.fixtures.regression_data.RegressionData object at 0x7f3dbdd2e900>
2025-01-13T19:59:25.0918592Z 
2025-01-13T19:59:25.0918854Z     def test_calculate_sobolev_line_opacity(
2025-01-13T19:59:25.0919843Z         nb_simulation_verysimple, regression_data
2025-01-13T19:59:25.0920455Z     ):
2025-01-13T19:59:25.0920962Z         legacy_plasma = nb_simulation_verysimple.plasma
2025-01-13T19:59:25.0921614Z     
2025-01-13T19:59:25.0922077Z         actual = calculate_sobolev_line_opacity(
2025-01-13T19:59:25.0922626Z             legacy_plasma.lines,
2025-01-13T19:59:25.0923366Z             legacy_plasma.level_number_density,
2025-01-13T19:59:25.0923977Z             legacy_plasma.time_explosion,
2025-01-13T19:59:25.0924731Z             legacy_plasma.stimulated_emission_factor,
2025-01-13T19:59:25.0925503Z         )
2025-01-13T19:59:25.0926092Z >       expected = regression_data.sync_dataframe(actual)
2025-01-13T19:59:25.0926688Z 
2025-01-13T19:59:25.0927023Z tardis/opacities/tests/test_tau_sobolev.py:21: 
2025-01-13T19:59:25.0927796Z _ _ _ _ _ _ _ _ _ _ _ _ _ _ _ _ _ _ _ _ _ _ _ _ _ _ _ _ _ _ _ _ _ _ _ _ _ _ _ _ 
2025-01-13T19:59:25.0928635Z tardis/tests/fixtures/regression_data.py:88: in sync_dataframe
2025-01-13T19:59:25.0929843Z     return pd.read_hdf(self.fpath, key=key)
2025-01-13T19:59:25.0930583Z _ _ _ _ _ _ _ _ _ _ _ _ _ _ _ _ _ _ _ _ _ _ _ _ _ _ _ _ _ _ _ _ _ _ _ _ _ _ _ _ 
2025-01-13T19:59:25.0931073Z 
2025-01-13T19:59:25.0932036Z path_or_buf = '/home/runner/work/tardis/tardis/tardis-regression-data/test_tau_sobolev/test_calculate_sobolev_line_opacity.h5'
2025-01-13T19:59:25.0933441Z key = 'data', mode = 'r', errors = 'strict', where = None, start = None
2025-01-13T19:59:25.0934420Z stop = None, columns = None, iterator = False, chunksize = None, kwargs = {}
2025-01-13T19:59:25.0935338Z exists = False
2025-01-13T19:59:25.0935606Z 
2025-01-13T19:59:25.0935842Z     def read_hdf(
2025-01-13T19:59:25.0936461Z         path_or_buf: FilePath | HDFStore,
2025-01-13T19:59:25.0937111Z         key=None,
2025-01-13T19:59:25.0937588Z         mode: str = "r",
2025-01-13T19:59:25.0938191Z         errors: str = "strict",
2025-01-13T19:59:25.0938719Z         where: str | list | None = None,
2025-01-13T19:59:25.0939508Z         start: int | None = None,
2025-01-13T19:59:25.0940186Z         stop: int | None = None,
2025-01-13T19:59:25.0940730Z         columns: list[str] | None = None,
2025-01-13T19:59:25.0941375Z         iterator: bool = False,
2025-01-13T19:59:25.0941972Z         chunksize: int | None = None,
2025-01-13T19:59:25.0942567Z         **kwargs,
2025-01-13T19:59:25.0943117Z     ):
2025-01-13T19:59:25.0943533Z         """
2025-01-13T19:59:25.0944041Z         Read from the store, close it if we opened it.
2025-01-13T19:59:25.0944792Z     
2025-01-13T19:59:25.0945434Z         Retrieve pandas object stored in file, optionally based on where
2025-01-13T19:59:25.0946690Z         criteria.
2025-01-13T19:59:25.0947225Z     
2025-01-13T19:59:25.0954966Z         .. warning::
2025-01-13T19:59:25.0955516Z     
2025-01-13T19:59:25.0956114Z            Pandas uses PyTables for reading and writing HDF5 files, which allows
2025-01-13T19:59:25.0957151Z            serializing object-dtype data with pickle when using the "fixed" format.
2025-01-13T19:59:25.0958108Z            Loading pickled data received from untrusted sources can be unsafe.
2025-01-13T19:59:25.0959326Z     
2025-01-13T19:59:25.0959996Z            See: https://docs.python.org/3/library/pickle.html for more.
2025-01-13T19:59:25.0960671Z     
2025-01-13T19:59:25.0961196Z         Parameters
2025-01-13T19:59:25.0961660Z         ----------
2025-01-13T19:59:25.0962162Z         path_or_buf : str, path object, pandas.HDFStore
2025-01-13T19:59:25.0963072Z             Any valid string path is acceptable. Only supports the local file system,
2025-01-13T19:59:25.0963904Z             remote URLs and file-like objects are not supported.
2025-01-13T19:59:25.0964581Z     
2025-01-13T19:59:25.0965143Z             If you want to pass in a path object, pandas accepts any
2025-01-13T19:59:25.0965791Z             ``os.PathLike``.
2025-01-13T19:59:25.0966371Z     
2025-01-13T19:59:25.0966975Z             Alternatively, pandas accepts an open :class:`pandas.HDFStore` object.
2025-01-13T19:59:25.0967878Z     
2025-01-13T19:59:25.0968365Z         key : object, optional
2025-01-13T19:59:25.0969275Z             The group identifier in the store. Can be omitted if the HDF file
2025-01-13T19:59:25.0970131Z             contains a single pandas object.
2025-01-13T19:59:25.0970705Z         mode : {'r', 'r+', 'a'}, default 'r'
2025-01-13T19:59:25.0971348Z             Mode to use when opening the file. Ignored if path_or_buf is a
2025-01-13T19:59:25.0972185Z             :class:`pandas.HDFStore`. Default is 'r'.
2025-01-13T19:59:25.0972839Z         errors : str, default 'strict'
2025-01-13T19:59:25.0973577Z             Specifies how encoding and decoding errors are to be handled.
2025-01-13T19:59:25.0974331Z             See the errors argument for :func:`open` for a full list
2025-01-13T19:59:25.0974942Z             of options.
2025-01-13T19:59:25.0975467Z         where : list, optional
2025-01-13T19:59:25.0975968Z             A list of Term (or convertible) objects.
2025-01-13T19:59:25.0976493Z         start : int, optional
2025-01-13T19:59:25.0977053Z             Row number to start selection.
2025-01-13T19:59:25.0977589Z         stop  : int, optional
2025-01-13T19:59:25.0978092Z             Row number to stop selection.
2025-01-13T19:59:25.0978625Z         columns : list, optional
2025-01-13T19:59:25.0979376Z             A list of columns names to return.
2025-01-13T19:59:25.0980017Z         iterator : bool, optional
2025-01-13T19:59:25.0980519Z             Return an iterator object.
2025-01-13T19:59:25.0981142Z         chunksize : int, optional
2025-01-13T19:59:25.0981764Z             Number of rows to include in an iteration when using an iterator.
2025-01-13T19:59:25.0982393Z         **kwargs
2025-01-13T19:59:25.0982925Z             Additional keyword arguments passed to HDFStore.
2025-01-13T19:59:25.0983494Z     
2025-01-13T19:59:25.0983835Z         Returns
2025-01-13T19:59:25.0984328Z         -------
2025-01-13T19:59:25.0984714Z         object
2025-01-13T19:59:25.0985261Z             The selected object. Return type depends on the object stored.
2025-01-13T19:59:25.0985874Z     
2025-01-13T19:59:25.0986233Z         See Also
2025-01-13T19:59:25.0986706Z         --------
2025-01-13T19:59:25.0987178Z         DataFrame.to_hdf : Write a HDF file from a DataFrame.
2025-01-13T19:59:25.0987762Z         HDFStore : Low-level access to HDF files.
2025-01-13T19:59:25.0988397Z     
2025-01-13T19:59:25.0988760Z         Examples
2025-01-13T19:59:25.0989366Z         --------
2025-01-13T19:59:25.0989929Z         >>> df = pd.DataFrame([[1, 1.0, 'a']], columns=['x', 'y', 'z'])  # doctest: +SKIP
2025-01-13T19:59:25.0990623Z         >>> df.to_hdf('./store.h5', 'data')  # doctest: +SKIP
2025-01-13T19:59:25.0991589Z         >>> reread = pd.read_hdf('./store.h5')  # doctest: +SKIP
2025-01-13T19:59:25.0992164Z         """
2025-01-13T19:59:25.0992667Z         if mode not in ["r", "r+", "a"]:
2025-01-13T19:59:25.0993177Z             raise ValueError(
2025-01-13T19:59:25.0993729Z                 f"mode {mode} is not allowed while performing a read. "
2025-01-13T19:59:25.0994386Z                 f"Allowed modes are r, r+ and a."
2025-01-13T19:59:25.0995061Z             )
2025-01-13T19:59:25.0995442Z         # grab the scope
2025-01-13T19:59:25.0995967Z         if where is not None:
2025-01-13T19:59:25.0996492Z             where = _ensure_term(where, scope_level=1)
2025-01-13T19:59:25.0997041Z     
2025-01-13T19:59:25.0997483Z         if isinstance(path_or_buf, HDFStore):
2025-01-13T19:59:25.0998001Z             if not path_or_buf.is_open:
2025-01-13T19:59:25.0998784Z                 raise OSError("The HDFStore must be open for reading.")
2025-01-13T19:59:25.0999576Z     
2025-01-13T19:59:25.1000011Z             store = path_or_buf
2025-01-13T19:59:25.1000532Z             auto_close = False
2025-01-13T19:59:25.1000970Z         else:
2025-01-13T19:59:25.1001519Z             path_or_buf = stringify_path(path_or_buf)
2025-01-13T19:59:25.1002098Z             if not isinstance(path_or_buf, str):
2025-01-13T19:59:25.1002631Z                 raise NotImplementedError(
2025-01-13T19:59:25.1003441Z                     "Support for generic buffers has not been implemented."
2025-01-13T19:59:25.1004018Z                 )
2025-01-13T19:59:25.1004539Z             try:
2025-01-13T19:59:25.1004991Z                 exists = os.path.exists(path_or_buf)
2025-01-13T19:59:25.1005464Z     
2025-01-13T19:59:25.1005754Z             # if filepath is too long
2025-01-13T19:59:25.1006147Z             except (TypeError, ValueError):
2025-01-13T19:59:25.1006539Z                 exists = False
2025-01-13T19:59:25.1006853Z     
2025-01-13T19:59:25.1007100Z             if not exists:
2025-01-13T19:59:25.1007555Z >               raise FileNotFoundError(f"File {path_or_buf} does not exist")
2025-01-13T19:59:25.1008709Z E               FileNotFoundError: File /home/runner/work/tardis/tardis/tardis-regression-data/test_tau_sobolev/test_calculate_sobolev_line_opacity.h5 does not exist
2025-01-13T19:59:25.1009809Z 
2025-01-13T19:59:25.1010276Z ../../../micromamba/envs/tardis/lib/python3.12/site-packages/pandas/io/pytables.py:424: FileNotFoundError
2025-01-13T19:59:25.1011097Z ---------------------------- Captured stdout setup -----------------------------
2025-01-13T19:59:25.1012043Z [[1mtardis.io.model.parse_density_configuration[0m][[1;33mWARNING[0m]  
2025-01-13T19:59:25.1013170Z 	Number of density points larger than number of shells. Assuming inner point irrelevant ([1mparse_density_configuration.py[0m:114)
2025-01-13T19:59:25.1014130Z ---------------------------- Captured stderr setup -----------------------------
2025-01-13T19:59:25.1014499Z 
2025-01-13T19:59:25.1014974Z Iterations:â–ˆâ–ˆâ–ˆâ–ˆâ–ˆâ–ˆâ–ˆâ–ˆâ–ˆâ–ˆâ–ˆâ–ˆâ–ˆâ–ˆâ–ˆâ–ˆâ–ˆâ–ˆâ–ˆâ–ˆâ–ˆâ–ˆâ–ˆâ–ˆâ–ˆâ–ˆâ–ˆâ–ˆâ–ˆâ–ˆâ–ˆâ–ˆâ–ˆâ–ˆâ–ˆâ–ˆâ–ˆâ–ˆâ–ˆâ–ˆâ–ˆâ–ˆâ–ˆâ–ˆâ–ˆâ–ˆâ–ˆâ–ˆâ–ˆâ–ˆâ–ˆâ–ˆâ–ˆâ–ˆâ–ˆâ–ˆâ–ˆâ–ˆâ–ˆâ–ˆâ–ˆâ–ˆâ–ˆâ–ˆ                4/5 [00:11<00:02,  2.68s/it]
2025-01-13T19:59:25.1015400Z 
2025-01-13T19:59:25.1015759Z Packets:                                                                                   4030/? [00:11<00:00, 34255.53it/s][A
2025-01-13T19:59:25.1016304Z ------------------------------ Captured log setup ------------------------------
2025-01-13T19:59:25.1017411Z WARNING  tardis.io.model.parse_density_configuration:parse_density_configuration.py:114 Number of density points larger than number of shells. Assuming inner point irrelevant
2025-01-13T19:59:25.1018575Z _________________________ test_calculate_beta_sobolevs _________________________
2025-01-13T19:59:25.1019299Z 
2025-01-13T19:59:25.1019690Z nb_simulation_verysimple = <tardis.simulation.base.Simulation object at 0x7f3dbbc04380>
2025-01-13T19:59:25.1020613Z regression_data = <tardis.tests.fixtures.regression_data.RegressionData object at 0x7f3dd85541a0>
2025-01-13T19:59:25.1021372Z 
2025-01-13T19:59:25.1021671Z     def test_calculate_beta_sobolevs(nb_simulation_verysimple, regression_data):
2025-01-13T19:59:25.1022272Z         legacy_plasma = nb_simulation_verysimple.plasma
2025-01-13T19:59:25.1022679Z     
2025-01-13T19:59:25.1022992Z         tau_sobolevs = calculate_sobolev_line_opacity(
2025-01-13T19:59:25.1023425Z             legacy_plasma.lines,
2025-01-13T19:59:25.1023795Z             legacy_plasma.level_number_density,
2025-01-13T19:59:25.1024397Z             legacy_plasma.time_explosion,
2025-01-13T19:59:25.1024822Z             legacy_plasma.stimulated_emission_factor,
2025-01-13T19:59:25.1025246Z         )
2025-01-13T19:59:25.1025615Z         actual = calculate_beta_sobolev(tau_sobolevs)
2025-01-13T19:59:25.1026101Z >       expected = regression_data.sync_ndarray(actual)
2025-01-13T19:59:25.1026433Z 
2025-01-13T19:59:25.1026607Z tardis/opacities/tests/test_tau_sobolev.py:35: 
2025-01-13T19:59:25.1027083Z _ _ _ _ _ _ _ _ _ _ _ _ _ _ _ _ _ _ _ _ _ _ _ _ _ _ _ _ _ _ _ _ _ _ _ _ _ _ _ _ 
2025-01-13T19:59:25.1027651Z tardis/tests/fixtures/regression_data.py:111: in sync_ndarray
2025-01-13T19:59:25.1028167Z     return np.load(self.fpath)
2025-01-13T19:59:25.1028560Z _ _ _ _ _ _ _ _ _ _ _ _ _ _ _ _ _ _ _ _ _ _ _ _ _ _ _ _ _ _ _ _ _ _ _ _ _ _ _ _ 
2025-01-13T19:59:25.1028868Z 
2025-01-13T19:59:25.1029627Z file = PosixPath('/home/runner/work/tardis/tardis/tardis-regression-data/test_tau_sobolev/test_calculate_beta_sobolevs.npy')
2025-01-13T19:59:25.1030668Z mmap_mode = None, allow_pickle = False, fix_imports = True, encoding = 'ASCII'
2025-01-13T19:59:25.1031106Z 
2025-01-13T19:59:25.1031238Z     @set_module('numpy')
2025-01-13T19:59:25.1031709Z     def load(file, mmap_mode=None, allow_pickle=False, fix_imports=True,
2025-01-13T19:59:25.1032346Z              encoding='ASCII', *, max_header_size=format._MAX_HEADER_SIZE):
2025-01-13T19:59:25.1032818Z         """
2025-01-13T19:59:25.1033249Z         Load arrays or pickled objects from ``.npy``, ``.npz`` or pickled files.
2025-01-13T19:59:25.1033780Z     
2025-01-13T19:59:25.1034219Z         .. warning:: Loading files that contain object arrays uses the ``pickle``
2025-01-13T19:59:25.1034851Z                      module, which is not secure against erroneous or maliciously
2025-01-13T19:59:25.1035463Z                      constructed data. Consider passing ``allow_pickle=False`` to
2025-01-13T19:59:25.1036060Z                      load data that is known not to contain object arrays for the
2025-01-13T19:59:25.1036586Z                      safer handling of untrusted sources.
2025-01-13T19:59:25.1036980Z     
2025-01-13T19:59:25.1037240Z         Parameters
2025-01-13T19:59:25.1037525Z         ----------
2025-01-13T19:59:25.1037874Z         file : file-like object, string, or pathlib.Path
2025-01-13T19:59:25.1038369Z             The file to read. File-like objects must support the
2025-01-13T19:59:25.1038844Z             ``seek()`` and ``read()`` methods and must always
2025-01-13T19:59:25.1039519Z             be opened in binary mode.  Pickled files require that the
2025-01-13T19:59:25.1040066Z             file-like object support the ``readline()`` method as well.
2025-01-13T19:59:25.1040579Z         mmap_mode : {None, 'r+', 'r', 'w+', 'c'}, optional
2025-01-13T19:59:25.1041087Z             If not None, then memory-map the file, using the given mode (see
2025-01-13T19:59:25.1041670Z             `numpy.memmap` for a detailed description of the modes).  A
2025-01-13T19:59:25.1042291Z             memory-mapped array is kept on disk. However, it can be accessed
2025-01-13T19:59:25.1042928Z             and sliced like any ndarray.  Memory mapping is especially useful
2025-01-13T19:59:25.1043544Z             for accessing small fragments of large files without reading the
2025-01-13T19:59:25.1044060Z             entire file into memory.
2025-01-13T19:59:25.1044445Z         allow_pickle : bool, optional
2025-01-13T19:59:25.1044962Z             Allow loading pickled object arrays stored in npy files. Reasons for
2025-01-13T19:59:25.1045627Z             disallowing pickles include security, as loading pickled data can
2025-01-13T19:59:25.1046484Z             execute arbitrary code. If pickles are disallowed, loading object
2025-01-13T19:59:25.1047039Z             arrays will fail. Default: False
2025-01-13T19:59:25.1047396Z     
2025-01-13T19:59:25.1047661Z             .. versionchanged:: 1.16.3
2025-01-13T19:59:25.1048096Z                 Made default False in response to CVE-2019-6446.
2025-01-13T19:59:25.1048505Z     
2025-01-13T19:59:25.1048924Z         fix_imports : bool, optional
2025-01-13T19:59:25.1049657Z             Only useful when loading Python 2 generated pickled files on Python 3,
2025-01-13T19:59:25.1050379Z             which includes npy/npz files containing object arrays. If `fix_imports`
2025-01-13T19:59:25.1051140Z             is True, pickle will try to map the old Python 2 names to the new names
2025-01-13T19:59:25.1051714Z             used in Python 3.
2025-01-13T19:59:25.1052063Z         encoding : str, optional
2025-01-13T19:59:25.1052562Z             What encoding to use when reading Python 2 strings. Only useful when
2025-01-13T19:59:25.1053251Z             loading Python 2 generated pickled files in Python 3, which includes
2025-01-13T19:59:25.1053911Z             npy/npz files containing object arrays. Values other than 'latin1',
2025-01-13T19:59:25.1054583Z             'ASCII', and 'bytes' are not allowed, as they can corrupt numerical
2025-01-13T19:59:25.1055129Z             data. Default: 'ASCII'
2025-01-13T19:59:25.1055598Z         max_header_size : int, optional
2025-01-13T19:59:25.1056198Z             Maximum allowed size of the header.  Large headers may not be safe
2025-01-13T19:59:25.1056856Z             to load securely and thus require explicitly passing a larger value.
2025-01-13T19:59:25.1057427Z             See :py:func:`ast.literal_eval()` for details.
2025-01-13T19:59:25.1057976Z             This option is ignored when `allow_pickle` is passed.  In that case
2025-01-13T19:59:25.1058605Z             the file is by definition trusted and the limit is unnecessary.
2025-01-13T19:59:25.1059251Z     
2025-01-13T19:59:25.1059496Z         Returns
2025-01-13T19:59:25.1059773Z         -------
2025-01-13T19:59:25.1060079Z         result : array, tuple, dict, etc.
2025-01-13T19:59:25.1060597Z             Data stored in the file. For ``.npz`` files, the returned instance
2025-01-13T19:59:25.1061221Z             of NpzFile class must be closed to avoid leaking file descriptors.
2025-01-13T19:59:25.1061704Z     
2025-01-13T19:59:25.1061964Z         Raises
2025-01-13T19:59:25.1062235Z         ------
2025-01-13T19:59:25.1062501Z         OSError
2025-01-13T19:59:25.1062847Z             If the input file does not exist or cannot be read.
2025-01-13T19:59:25.1063306Z         UnpicklingError
2025-01-13T19:59:25.1063738Z             If ``allow_pickle=True``, but the file cannot be loaded as a pickle.
2025-01-13T19:59:25.1064227Z         ValueError
2025-01-13T19:59:25.1064663Z             The file contains an object array, but ``allow_pickle=False`` given.
2025-01-13T19:59:25.1065161Z         EOFError
2025-01-13T19:59:25.1065567Z             When calling ``np.load`` multiple times on the same file handle,
2025-01-13T19:59:25.1066080Z             if all data has already been read
2025-01-13T19:59:25.1066448Z     
2025-01-13T19:59:25.1066691Z         See Also
2025-01-13T19:59:25.1066959Z         --------
2025-01-13T19:59:25.1067266Z         save, savez, savez_compressed, loadtxt
2025-01-13T19:59:25.1067795Z         memmap : Create a memory-map to an array stored in a file on disk.
2025-01-13T19:59:25.1068434Z         lib.format.open_memmap : Create or load a memory-mapped ``.npy`` file.
2025-01-13T19:59:25.1068924Z     
2025-01-13T19:59:25.1069305Z         Notes
2025-01-13T19:59:25.1069567Z         -----
2025-01-13T19:59:25.1069961Z         - If the file contains pickle data, then whatever object is stored
2025-01-13T19:59:25.1070461Z           in the pickle is returned.
2025-01-13T19:59:25.1070915Z         - If the file is a ``.npy`` file, then a single array is returned.
2025-01-13T19:59:25.1071677Z         - If the file is a ``.npz`` file, then a dictionary-like object is
2025-01-13T19:59:25.1072296Z           returned, containing ``{filename: array}`` key-value pairs, one for
2025-01-13T19:59:25.1072825Z           each file in the archive.
2025-01-13T19:59:25.1073290Z         - If the file is a ``.npz`` file, the returned value supports the
2025-01-13T19:59:25.1073900Z           context manager protocol in a similar fashion to the open function::
2025-01-13T19:59:25.1074563Z     
2025-01-13T19:59:25.1074846Z             with load('foo.npz') as data:
2025-01-13T19:59:25.1075224Z                 a = data['a']
2025-01-13T19:59:25.1075542Z     
2025-01-13T19:59:25.1075982Z           The underlying file descriptor is closed when exiting the 'with'
2025-01-13T19:59:25.1076483Z           block.
2025-01-13T19:59:25.1076740Z     
2025-01-13T19:59:25.1076982Z         Examples
2025-01-13T19:59:25.1077253Z         --------
2025-01-13T19:59:25.1077571Z         Store data to disk, and load it again:
2025-01-13T19:59:25.1077958Z     
2025-01-13T19:59:25.1078270Z         >>> np.save('/tmp/123', np.array([[1, 2, 3], [4, 5, 6]]))
2025-01-13T19:59:25.1078705Z         >>> np.load('/tmp/123.npy')
2025-01-13T19:59:25.1079256Z         array([[1, 2, 3],
2025-01-13T19:59:25.1079570Z                [4, 5, 6]])
2025-01-13T19:59:25.1079870Z     
2025-01-13T19:59:25.1080179Z         Store compressed data to disk, and load it again:
2025-01-13T19:59:25.1080585Z     
2025-01-13T19:59:25.1080860Z         >>> a=np.array([[1, 2, 3], [4, 5, 6]])
2025-01-13T19:59:25.1081238Z         >>> b=np.array([1, 2])
2025-01-13T19:59:25.1081597Z         >>> np.savez('/tmp/123.npz', a=a, b=b)
2025-01-13T19:59:25.1081995Z         >>> data = np.load('/tmp/123.npz')
2025-01-13T19:59:25.1082369Z         >>> data['a']
2025-01-13T19:59:25.1082663Z         array([[1, 2, 3],
2025-01-13T19:59:25.1082957Z                [4, 5, 6]])
2025-01-13T19:59:25.1083260Z         >>> data['b']
2025-01-13T19:59:25.1083539Z         array([1, 2])
2025-01-13T19:59:25.1083848Z         >>> data.close()
2025-01-13T19:59:25.1084141Z     
2025-01-13T19:59:25.1084484Z         Mem-map the stored array, and then access the second row
2025-01-13T19:59:25.1084936Z         directly from disk:
2025-01-13T19:59:25.1085252Z     
2025-01-13T19:59:25.1085543Z         >>> X = np.load('/tmp/123.npy', mmap_mode='r')
2025-01-13T19:59:25.1085947Z         >>> X[1, :]
2025-01-13T19:59:25.1086230Z         memmap([4, 5, 6])
2025-01-13T19:59:25.1086524Z     
2025-01-13T19:59:25.1086767Z         """
2025-01-13T19:59:25.1087103Z         if encoding not in ('ASCII', 'latin1', 'bytes'):
2025-01-13T19:59:25.1087631Z             # The 'encoding' value for pickle also affects what encoding
2025-01-13T19:59:25.1088189Z             # the serialized binary data of NumPy arrays is loaded
2025-01-13T19:59:25.1088728Z             # in. Pickle does not pass on the encoding information to
2025-01-13T19:59:25.1089424Z             # NumPy. The unpickling code in numpy.core.multiarray is
2025-01-13T19:59:25.1089993Z             # written to assume that unicode data appearing where binary
2025-01-13T19:59:25.1090585Z             # should be is in 'latin1'. 'bytes' is also safe, as is 'ASCII'.
2025-01-13T19:59:25.1091041Z             #
2025-01-13T19:59:25.1091393Z             # Other encoding values can corrupt binary data, and we
2025-01-13T19:59:25.1091966Z             # purposefully disallow them. For the same reason, the errors=
2025-01-13T19:59:25.1092540Z             # argument is not exposed, as values other than 'strict'
2025-01-13T19:59:25.1093087Z             # result can similarly silently corrupt numerical data.
2025-01-13T19:59:25.1093675Z             raise ValueError("encoding must be 'ASCII', 'latin1', or 'bytes'")
2025-01-13T19:59:25.1094177Z     
2025-01-13T19:59:25.1094561Z         pickle_kwargs = dict(encoding=encoding, fix_imports=fix_imports)
2025-01-13T19:59:25.1095039Z     
2025-01-13T19:59:25.1095317Z         with contextlib.ExitStack() as stack:
2025-01-13T19:59:25.1095908Z             if hasattr(file, 'read'):
2025-01-13T19:59:25.1096273Z                 fid = file
2025-01-13T19:59:25.1096590Z                 own_fid = False
2025-01-13T19:59:25.1096913Z             else:
2025-01-13T19:59:25.1097274Z >               fid = stack.enter_context(open(os_fspath(file), "rb"))
2025-01-13T19:59:25.1098598Z E               FileNotFoundError: [Errno 2] No such file or directory: '/home/runner/work/tardis/tardis/tardis-regression-data/test_tau_sobolev/test_calculate_beta_sobolevs.npy'
2025-01-13T19:59:25.1100032Z 
2025-01-13T19:59:25.1100400Z ../../../micromamba/envs/tardis/lib/python3.12/site-packages/numpy/lib/npyio.py:427: FileNotFoundError
2025-01-13T19:59:25.1100993Z =============================== warnings summary ===============================
2025-01-13T19:59:25.1101362Z tardis/io/configuration/config_validator.py:6
2025-01-13T19:59:25.1101711Z tardis/io/configuration/config_validator.py:6
2025-01-13T19:59:25.1102277Z   /home/runner/work/tardis/tardis/tardis/io/configuration/config_validator.py:6: DeprecationWarning:
2025-01-13T19:59:25.1102823Z   
2025-01-13T19:59:25.1104151Z   jsonschema.RefResolver is deprecated as of v4.18.0, in favor of the https://github.com/python-jsonschema/referencing library, which provides more compliant referencing behavior as well as more flexible APIs for customization. A future release will remove RefResolver. Please file a feature request (on referencing) if you are missing an API for the kind of customization you need.
2025-01-13T19:59:25.1105478Z 
2025-01-13T19:59:25.1105739Z ../../../micromamba/envs/tardis/lib/python3.12/site-packages/jupyter_client/connect.py:22
2025-01-13T19:59:25.1106462Z   /home/runner/micromamba/envs/tardis/lib/python3.12/site-packages/jupyter_client/connect.py:22: DeprecationWarning:
2025-01-13T19:59:25.1107002Z   
2025-01-13T19:59:25.1107260Z   Jupyter is migrating its paths to use standard platformdirs
2025-01-13T19:59:25.1107670Z   given by the platformdirs library.  To remove this warning and
2025-01-13T19:59:25.1108099Z   see the appropriate new directories, set the environment variable
2025-01-13T19:59:25.1108513Z   `JUPYTER_PLATFORM_DIRS=1` and then run `jupyter --paths`.
2025-01-13T19:59:25.1108916Z   The use of platformdirs will be the default in `jupyter_core` v6
2025-01-13T19:59:25.1109346Z 
2025-01-13T19:59:25.1109522Z tardis/io/tests/test_HDFWriter.py::test_multi_index_write
2025-01-13T19:59:25.1110042Z tardis/visualization/widgets/tests/test_shell_info.py::TestHDFShellInfo::test_shells_data
2025-01-13T19:59:25.1110637Z   /home/runner/work/tardis/tardis/tardis/io/util.py:276: PerformanceWarning:
2025-01-13T19:59:25.1111030Z   
2025-01-13T19:59:25.1111201Z   
2025-01-13T19:59:25.1111513Z   your performance may suffer as PyTables will pickle object types that it cannot
2025-01-13T19:59:25.1112099Z   map directly to c-types [inferred_type->mixed,key->block0_values] [items->Index([0], dtype='int64')]
2025-01-13T19:59:25.1112474Z 
2025-01-13T19:59:25.1112685Z tardis/io/tests/test_model_reader.py::test_read_cmfgen_isotope_abundances
2025-01-13T19:59:25.1113212Z tardis/plasma/tests/test_tardis_model_density_config.py::test_electron_densities
2025-01-13T19:59:25.1113748Z tardis/plasma/tests/test_tardis_model_density_config.py::test_isotope_number_densities
2025-01-13T19:59:25.1114254Z tardis/plasma/tests/test_tardis_model_density_config.py::test_t_rad
2025-01-13T19:59:25.1114828Z   /home/runner/work/tardis/tardis/tardis/io/model/readers/cmfgen_deprecated.py:82: DeprecationWarning:
2025-01-13T19:59:25.1115296Z   
2025-01-13T19:59:25.1115506Z   The current CMFGEN model parser is deprecated
2025-01-13T19:59:25.1115702Z 
2025-01-13T19:59:25.1115821Z tardis/io/tests/test_model_reader.py: 1 warning
2025-01-13T19:59:25.1116184Z tardis/plasma/tests/test_tardis_model_density_config.py: 9 warnings
2025-01-13T19:59:25.1116745Z   /home/runner/work/tardis/tardis/tardis/io/model/readers/cmfgen_deprecated.py:40: DeprecationWarning:
2025-01-13T19:59:25.1117216Z   
2025-01-13T19:59:25.1117414Z   The current CMFGEN model parser is deprecated
2025-01-13T19:59:25.1117824Z 
2025-01-13T19:59:25.1118031Z tardis/model/tests/test_base.py::TestModelFromPaper1Config::test_abundances
2025-01-13T19:59:25.1118678Z   /home/runner/work/tardis/tardis/tardis/transport/montecarlo/montecarlo_main_loop.py:123: NumbaTypeSafetyWarning:
2025-01-13T19:59:25.1119393Z   
2025-01-13T19:59:25.1119858Z   [1m[1m[1munsafe cast from uint64 to int64. Precision may be lost.[0m[0m[0m
2025-01-13T19:59:25.1120130Z 
2025-01-13T19:59:25.1120438Z tardis/model/tests/test_base.py: 6 warnings
2025-01-13T19:59:25.1120753Z tardis/model/tests/test_csvy_model.py: 2 warnings
2025-01-13T19:59:25.1121128Z tardis/plasma/tests/test_tardis_model_density_config.py: 3 warnings
2025-01-13T19:59:25.1121656Z   /home/runner/work/tardis/tardis/tardis/model/geometry/radial1d.py:50: DeprecationWarning:
2025-01-13T19:59:25.1122093Z   
2025-01-13T19:59:25.1122292Z   v_inner_boundary < 0, assuming default value
2025-01-13T19:59:25.1122478Z 
2025-01-13T19:59:25.1122588Z tardis/model/tests/test_base.py: 6 warnings
2025-01-13T19:59:25.1122900Z tardis/model/tests/test_csvy_model.py: 2 warnings
2025-01-13T19:59:25.1123276Z tardis/plasma/tests/test_tardis_model_density_config.py: 3 warnings
2025-01-13T19:59:25.1123792Z   /home/runner/work/tardis/tardis/tardis/model/geometry/radial1d.py:61: DeprecationWarning:
2025-01-13T19:59:25.1124213Z   
2025-01-13T19:59:25.1124404Z   v_outer_boundary < 0, assuming default value
2025-01-13T19:59:25.1124588Z 
2025-01-13T19:59:25.1125055Z tardis/plasma/equilibrium/tests/test_level_populations.py::TestLevelPopulationSolver::test_solve[collisional_rate_solver0-radiative_transitions0]
2025-01-13T19:59:25.1125877Z   /home/runner/work/tardis/tardis/tardis/plasma/equilibrium/level_populations.py:65: FutureWarning:
2025-01-13T19:59:25.1126331Z   
2025-01-13T19:59:25.1126701Z   A value is trying to be set on a copy of a DataFrame or Series through chained assignment using an inplace method.
2025-01-13T19:59:25.1127501Z   The behavior will change in pandas 3.0. This inplace method will never work because the intermediate object on which we are setting values always behaves as a copy.
2025-01-13T19:59:25.1128096Z   
2025-01-13T19:59:25.1128701Z   For example, when doing 'df[col].method(value, inplace=True)', try using 'df.method({col: value}, inplace=True)' or df[col] = df[col].method(value) instead, to perform the operation inplace on the original object.
2025-01-13T19:59:25.1129412Z 
2025-01-13T19:59:25.1129567Z tardis/plasma/tests/test_complete_plasmas.py: 20 warnings
2025-01-13T19:59:25.1130082Z   /home/runner/work/tardis/tardis/tardis/plasma/tests/test_complete_plasmas.py:197: UserWarning:
2025-01-13T19:59:25.1130522Z   
2025-01-13T19:59:25.1130702Z   Property "atomic_mass" not found
2025-01-13T19:59:25.1130866Z 
2025-01-13T19:59:25.1131302Z tardis/plasma/tests/test_complete_plasmas.py::TestPlasma::test_plasma_properties[radiative_rates_type:detailed-w_epsilon:1e-10-j_blues_norm_factor]
2025-01-13T19:59:25.1132186Z tardis/plasma/tests/test_complete_plasmas.py::TestPlasma::test_plasma_properties[radiative_rates_type:detailed-j_blues_norm_factor]
2025-01-13T19:59:25.1132932Z   /home/runner/work/tardis/tardis/tardis/plasma/tests/test_complete_plasmas.py:197: UserWarning:
2025-01-13T19:59:25.1133364Z   
2025-01-13T19:59:25.1133557Z   Property "j_blues_norm_factor" not found
2025-01-13T19:59:25.1133742Z 
2025-01-13T19:59:25.1134158Z tardis/plasma/tests/test_complete_plasmas.py::TestPlasma::test_plasma_properties[radiative_rates_type:detailed-w_epsilon:1e-10-j_blue_estimator]
2025-01-13T19:59:25.1135018Z tardis/plasma/tests/test_complete_plasmas.py::TestPlasma::test_plasma_properties[radiative_rates_type:detailed-j_blue_estimator]
2025-01-13T19:59:25.1135737Z   /home/runner/work/tardis/tardis/tardis/plasma/tests/test_complete_plasmas.py:197: UserWarning:
2025-01-13T19:59:25.1136169Z   
2025-01-13T19:59:25.1136355Z   Property "j_blue_estimator" not found
2025-01-13T19:59:25.1136537Z 
2025-01-13T19:59:25.1136926Z tardis/plasma/tests/test_complete_plasmas.py::TestPlasma::test_plasma_properties[radiative_rates_type:detailed-w_epsilon:1e-10-volume]
2025-01-13T19:59:25.1137853Z tardis/plasma/tests/test_complete_plasmas.py::TestPlasma::test_plasma_properties[radiative_rates_type:detailed-volume]
2025-01-13T19:59:25.1138551Z   /home/runner/work/tardis/tardis/tardis/plasma/tests/test_complete_plasmas.py:197: UserWarning:
2025-01-13T19:59:25.1139090Z   
2025-01-13T19:59:25.1139274Z   Property "volume" not found
2025-01-13T19:59:25.1139431Z 
2025-01-13T19:59:25.1139933Z tardis/plasma/tests/test_complete_plasmas.py::TestPlasma::test_plasma_properties[radiative_rates_type:detailed-w_epsilon:1e-10-r_inner]
2025-01-13T19:59:25.1140749Z tardis/plasma/tests/test_complete_plasmas.py::TestPlasma::test_plasma_properties[radiative_rates_type:detailed-r_inner]
2025-01-13T19:59:25.1141443Z   /home/runner/work/tardis/tardis/tardis/plasma/tests/test_complete_plasmas.py:197: UserWarning:
2025-01-13T19:59:25.1141875Z   
2025-01-13T19:59:25.1142051Z   Property "r_inner" not found
2025-01-13T19:59:25.1142207Z 
2025-01-13T19:59:25.1142433Z tardis/plasma/tests/test_plasma_vboundary.py::test_plasma_vboundary[2900-3750]
2025-01-13T19:59:25.1142935Z tardis/plasma/tests/test_plasma_vboundary.py::test_plasma_vboundary[2900-3850]
2025-01-13T19:59:25.1143427Z tardis/plasma/tests/test_plasma_vboundary.py::test_plasma_vboundary[2900-3900]
2025-01-13T19:59:25.1143950Z   /home/runner/work/tardis/tardis/tardis/model/geometry/radial1d.py:71: UserWarning:
2025-01-13T19:59:25.1144338Z   
2025-01-13T19:59:25.1144630Z   Requesting inner boundary below inner shell. Extrapolating the inner cell
2025-01-13T19:59:25.1144911Z 
2025-01-13T19:59:25.1145128Z tardis/spectrum/tests/test_spectrum_solver.py::TestSpectrumSolver::test_solve
2025-01-13T19:59:25.1145621Z   /home/runner/work/tardis/tardis/tardis/spectrum/base.py:70: UserWarning:
2025-01-13T19:59:25.1145972Z   
2025-01-13T19:59:25.1146386Z   SpectrumSolver.spectrum_virtual_packets is zero. Please run the montecarlo simulation with no_of_virtual_packets > 0
2025-01-13T19:59:25.1146795Z 
2025-01-13T19:59:25.1147016Z tardis/spectrum/tests/test_spectrum_solver.py::TestSpectrumSolver::test_solve
2025-01-13T19:59:25.1147508Z   /home/runner/work/tardis/tardis/tardis/spectrum/base.py:111: UserWarning:
2025-01-13T19:59:25.1147868Z   
2025-01-13T19:59:25.1148307Z   SpectrumSolver.integrator: The FormalIntegrator is not yet available.Please run the montecarlo simulation at least once.
2025-01-13T19:59:25.1148741Z 
2025-01-13T19:59:25.1148964Z tardis/transport/montecarlo/tests/test_vpacket.py::test_trace_vpacket_volley
2025-01-13T19:59:25.1149491Z   <string>:3: NumbaPendingDeprecationWarning:
2025-01-13T19:59:25.1149755Z   
2025-01-13T19:59:25.1150912Z   [1m[1mCode using Numba extension API maybe depending on 'old_style' error-capturing, which is deprecated and will be replaced by 'new_style' in a future release. See details at https://numba.readthedocs.io/en/latest/reference/deprecation.html#deprecation-of-old-style-numba-captured-errors
2025-01-13T19:59:25.1151926Z   Exception origin:
2025-01-13T19:59:25.1152311Z     File "/home/runner/micromamba/envs/tardis/lib/python3.12/inspect.py", line 3180, in _bind
2025-01-13T19:59:25.1152751Z       raise TypeError(msg) from None
2025-01-13T19:59:25.1153016Z   [0m[0m
2025-01-13T19:59:25.1153117Z 
2025-01-13T19:59:25.1153453Z tardis/visualization/tools/tests/test_sdec_plot.py::TestSDECPlotter::test_mpl_image[plotter_generate_plot_mpl4]
2025-01-13T19:59:25.1154145Z   /home/runner/work/tardis/tardis/tardis/visualization/tools/sdec_plot.py:1225: RuntimeWarning:
2025-01-13T19:59:25.1154587Z   
2025-01-13T19:59:25.1155527Z   More than 20 figures have been opened. Figures created through the pyplot interface (`matplotlib.pyplot.figure`) are retained until explicitly closed and may consume too much memory. (To control this warning, see the rcParam `figure.max_open_warning`). Consider using `matplotlib.pyplot.close()`.
2025-01-13T19:59:25.1156457Z 
2025-01-13T19:59:25.1156812Z tardis/visualization/widgets/tests/test_custom_abundance.py::TestCustomAbundanceWidget::test_update_input_item_value
2025-01-13T19:59:25.1157719Z tardis/visualization/widgets/tests/test_custom_abundance.py::TestCustomAbundanceWidget::test_update_input_item_value
2025-01-13T19:59:25.1158484Z tardis/visualization/widgets/tests/test_custom_abundance.py::TestCustomAbundanceWidget::test_update_input_item_value
2025-01-13T19:59:25.1159472Z tardis/visualization/widgets/tests/test_custom_abundance.py::TestCustomAbundanceWidget::test_update_input_item_value
2025-01-13T19:59:25.1160371Z tardis/visualization/widgets/tests/test_custom_abundance.py::TestCustomAbundanceWidget::test_update_input_item_value
2025-01-13T19:59:25.1161147Z tardis/visualization/widgets/tests/test_custom_abundance.py::TestCustomAbundanceWidget::test_update_input_item_value
2025-01-13T19:59:25.1161927Z   /home/runner/micromamba/envs/tardis/lib/python3.12/site-packages/traitlets/traitlets.py:1385: DeprecationWarning:
2025-01-13T19:59:25.1162441Z   
2025-01-13T19:59:25.1162727Z   Passing unrecognized arguments to super(Checkbox).__init__(icon='lock').
2025-01-13T19:59:25.1163192Z   object.__init__() takes exactly one argument (the instance to initialize)
2025-01-13T19:59:25.1163693Z   This is deprecated in traitlets 4.2.This error will be raised in a future release of traitlets.
2025-01-13T19:59:25.1164014Z 
2025-01-13T19:59:25.1164367Z tardis/visualization/widgets/tests/test_custom_abundance.py::TestCustomAbundanceWidget::test_update_input_item_value
2025-01-13T19:59:25.1165143Z tardis/visualization/widgets/tests/test_custom_abundance.py::TestCustomAbundanceWidget::test_update_input_item_value
2025-01-13T19:59:25.1165922Z   /home/runner/micromamba/envs/tardis/lib/python3.12/site-packages/traitlets/traitlets.py:1385: DeprecationWarning:
2025-01-13T19:59:25.1166422Z   
2025-01-13T19:59:25.1166693Z   Passing unrecognized arguments to super(FloatText).__init__(min=0).
2025-01-13T19:59:25.1167124Z   object.__init__() takes exactly one argument (the instance to initialize)
2025-01-13T19:59:25.1167614Z   This is deprecated in traitlets 4.2.This error will be raised in a future release of traitlets.
2025-01-13T19:59:25.1167939Z 
2025-01-13T19:59:25.1168288Z tardis/visualization/widgets/tests/test_custom_abundance.py::TestCustomAbundanceWidget::test_update_input_item_value
2025-01-13T19:59:25.1169170Z   /home/runner/micromamba/envs/tardis/lib/python3.12/site-packages/traitlets/traitlets.py:1385: DeprecationWarning:
2025-01-13T19:59:25.1169674Z   
2025-01-13T19:59:25.1169947Z   Passing unrecognized arguments to super(HTML).__init__(indent=True).
2025-01-13T19:59:25.1170380Z   object.__init__() takes exactly one argument (the instance to initialize)
2025-01-13T19:59:25.1170868Z   This is deprecated in traitlets 4.2.This error will be raised in a future release of traitlets.
2025-01-13T19:59:25.1171182Z 
2025-01-13T19:59:25.1171617Z tardis/visualization/widgets/tests/test_line_info.py::TestLineInfoWidgetData::test_get_species_interactions[wavelength_range0-packet_out_nu]
2025-01-13T19:59:25.1172448Z   /home/runner/micromamba/envs/tardis/lib/python3.12/site-packages/qgridnext/grid.py:814: DeprecationWarning:
2025-01-13T19:59:25.1172935Z   
2025-01-13T19:59:25.1173265Z   QgridWidget._df_changed is deprecated in traitlets 4.1: use @observe and @unobserve instead.
2025-01-13T19:59:25.1173596Z 
2025-01-13T19:59:25.1173852Z tardis/visualization/widgets/tests/test_shell_info.py::TestHDFShellInfo::test_shells_data
2025-01-13T19:59:25.1174396Z   /home/runner/work/tardis/tardis/tardis/io/util.py:289: PerformanceWarning:
2025-01-13T19:59:25.1174756Z   
2025-01-13T19:59:25.1174917Z   
2025-01-13T19:59:25.1175217Z   your performance may suffer as PyTables will pickle object types that it cannot
2025-01-13T19:59:25.1175760Z   map directly to c-types [inferred_type->mixed,key->block0_values] [items->Index([0], dtype='int64')]
2025-01-13T19:59:25.1176102Z 
2025-01-13T19:59:25.1176362Z tardis/visualization/widgets/tests/test_shell_info.py::TestHDFShellInfo::test_shells_data
2025-01-13T19:59:25.1176911Z   /home/runner/work/tardis/tardis/tardis/io/util.py:292: PerformanceWarning:
2025-01-13T19:59:25.1177395Z   
2025-01-13T19:59:25.1177554Z   
2025-01-13T19:59:25.1177878Z   your performance may suffer as PyTables will pickle object types that it cannot
2025-01-13T19:59:25.1178347Z   map directly to c-types [inferred_type->mixed,key->values] [items->None]
2025-01-13T19:59:25.1178607Z 
2025-01-13T19:59:25.1178866Z tardis/visualization/widgets/tests/test_shell_info.py::TestHDFShellInfo::test_shells_data
2025-01-13T19:59:25.1179789Z   /home/runner/work/tardis/tardis/tardis/spectrum/formal_integral.py:398: UserWarning:
2025-01-13T19:59:25.1180214Z   
2025-01-13T19:59:25.1180494Z   The number of interpolate_shells was not specified. The value was set to 80.
2025-01-13T19:59:25.1180770Z 
2025-01-13T19:59:25.1180959Z -- Docs: https://docs.pytest.org/en/stable/how-to/capture-warnings.html
2025-01-13T19:59:25.1181231Z 
2025-01-13T19:59:25.1181399Z ---------- coverage: platform linux, python 3.12.4-final-0 -----------
2025-01-13T19:59:25.1181763Z Coverage HTML written to dir coverage_html_report
2025-01-13T19:59:25.1182074Z Coverage XML written to file coverage.xml
2025-01-13T19:59:25.1182261Z 
2025-01-13T19:59:25.1182385Z =========================== short test summary info ============================
2025-01-13T19:59:25.1183360Z FAILED tardis/opacities/tests/test_tau_sobolev.py::test_calculate_sobolev_line_opacity - FileNotFoundError: File /home/runner/work/tardis/tardis/tardis-regression-data/test_tau_sobolev/test_calculate_sobolev_line_opacity.h5 does not exist
2025-01-13T19:59:25.1184917Z FAILED tardis/opacities/tests/test_tau_sobolev.py::test_calculate_beta_sobolevs - FileNotFoundError: [Errno 2] No such file or directory: '/home/runner/work/tardis/tardis/tardis-regression-data/test_tau_sobolev/test_calculate_beta_sobolevs.npy'
2025-01-13T19:59:25.1185993Z = 2 failed, 1436 passed, 329 skipped, 2 deselected, 19 xfailed, 8 xpassed, 91 warnings in 745.46s (0:12:25) =
2025-01-13T19:59:27.2754990Z ##[error]Process completed with exit code 1.
2025-01-13T19:59:27.2843269Z Post job cleanup.
2025-01-13T19:59:27.2875204Z Post job cleanup.
2025-01-13T19:59:27.4194056Z Will use pre-installed micromamba at /home/runner/micromamba-bin/micromamba
2025-01-13T19:59:27.4201285Z Removing micromamba run shell ...
2025-01-13T19:59:27.4205095Z ##[group]Deinitialize micromamba for bash
2025-01-13T19:59:27.4224186Z [command]/home/runner/micromamba-bin/micromamba shell deinit -s bash -r /home/runner/micromamba --log-level warning --rc-file /home/runner/work/_temp/setup-micromamba/.condarc
2025-01-13T19:59:27.4320147Z Resetting RC file "/home/runner/.bashrc"
2025-01-13T19:59:27.4320701Z Deleting config for root prefix 
2025-01-13T19:59:27.4321240Z Clearing mamba executable environment variable
2025-01-13T19:59:27.4323082Z Removing the following in your "/home/runner/.bashrc" file
2025-01-13T19:59:27.4323666Z # >>> mamba initialize >>>
2025-01-13T19:59:27.4324033Z ...
2025-01-13T19:59:27.4324331Z # <<< mamba initialize <<<
2025-01-13T19:59:27.4353138Z Removing mamba initialize block from .bash_profile
2025-01-13T19:59:27.4367723Z ##[endgroup]
2025-01-13T19:59:27.4372017Z Removing environment tardis from auto-activate bash ...
2025-01-13T19:59:27.4491715Z Post job cleanup.
2025-01-13T19:59:27.4529874Z Post job cleanup.
2025-01-13T19:59:27.5514356Z [command]/usr/bin/git version
2025-01-13T19:59:27.5551139Z git version 2.47.1
2025-01-13T19:59:27.5601747Z Temporarily overriding HOME='/home/runner/work/_temp/0a0120f7-486c-40ec-9d08-ebdc56358030' before making global git config changes
2025-01-13T19:59:27.5603119Z Adding repository directory to the temporary git global config as a safe directory
2025-01-13T19:59:27.5607999Z [command]/usr/bin/git config --global --add safe.directory /home/runner/work/tardis/tardis/tardis-regression-data
2025-01-13T19:59:27.5643458Z [command]/usr/bin/git config --local --name-only --get-regexp core\.sshCommand
2025-01-13T19:59:27.5675901Z [command]/usr/bin/git submodule foreach --recursive sh -c "git config --local --name-only --get-regexp 'core\.sshCommand' && git config --local --unset-all 'core.sshCommand' || :"
2025-01-13T19:59:27.5902879Z [command]/usr/bin/git config --local --name-only --get-regexp http\.https\:\/\/github\.com\/\.extraheader
2025-01-13T19:59:27.5924136Z http.https://github.com/.extraheader
2025-01-13T19:59:27.5936319Z [command]/usr/bin/git config --local --unset-all http.https://github.com/.extraheader
2025-01-13T19:59:27.5966424Z [command]/usr/bin/git submodule foreach --recursive sh -c "git config --local --name-only --get-regexp 'http\.https\:\/\/github\.com\/\.extraheader' && git config --local --unset-all 'http.https://github.com/.extraheader' || :"
2025-01-13T19:59:27.6308707Z Post job cleanup.
2025-01-13T19:59:27.7248562Z [command]/usr/bin/git version
2025-01-13T19:59:27.7291709Z git version 2.47.1
2025-01-13T19:59:27.7333680Z Temporarily overriding HOME='/home/runner/work/_temp/3a506df9-9ff0-454d-ace4-7673bc10ef79' before making global git config changes
2025-01-13T19:59:27.7334857Z Adding repository directory to the temporary git global config as a safe directory
2025-01-13T19:59:27.7338848Z [command]/usr/bin/git config --global --add safe.directory /home/runner/work/tardis/tardis
2025-01-13T19:59:27.7372834Z [command]/usr/bin/git config --local --name-only --get-regexp core\.sshCommand
2025-01-13T19:59:27.7403909Z [command]/usr/bin/git submodule foreach --recursive sh -c "git config --local --name-only --get-regexp 'core\.sshCommand' && git config --local --unset-all 'core.sshCommand' || :"
2025-01-13T19:59:27.7644381Z [command]/usr/bin/git config --local --name-only --get-regexp http\.https\:\/\/github\.com\/\.extraheader
2025-01-13T19:59:27.7665118Z http.https://github.com/.extraheader
2025-01-13T19:59:27.7678413Z [command]/usr/bin/git config --local --unset-all http.https://github.com/.extraheader
2025-01-13T19:59:27.7710002Z [command]/usr/bin/git submodule foreach --recursive sh -c "git config --local --name-only --get-regexp 'http\.https\:\/\/github\.com\/\.extraheader' && git config --local --unset-all 'http.https://github.com/.extraheader' || :"
2025-01-13T19:59:27.8042869Z Cleaning up orphan processes
