2025-01-13T17:42:27.2783085Z Requested labels: macos-latest
2025-01-13T17:42:27.2783356Z Job defined at: tardis-sn/tardis/.github/workflows/tests.yml@refs/pull/2897/merge
2025-01-13T17:42:27.2783491Z Waiting for a runner to pick up this job...
2025-01-13T17:42:27.4491577Z Job is waiting for a hosted runner to come online.
2025-01-13T17:42:29.6744802Z Job is about to start running on the hosted runner: GitHub Actions 45 (hosted)
2025-01-13T17:42:31.0021000Z Current runner version: '2.321.0'
2025-01-13T17:42:31.0042040Z ##[group]Operating System
2025-01-13T17:42:31.0042620Z macOS
2025-01-13T17:42:31.0042930Z 14.7.2
2025-01-13T17:42:31.0043230Z 23H311
2025-01-13T17:42:31.0043530Z ##[endgroup]
2025-01-13T17:42:31.0043850Z ##[group]Runner Image
2025-01-13T17:42:31.0044200Z Image: macos-14-arm64
2025-01-13T17:42:31.0044520Z Version: 20250106.725
2025-01-13T17:42:31.0045200Z Included Software: https://github.com/actions/runner-images/blob/macos-14-arm64/20250106.725/images/macos/macos-14-arm64-Readme.md
2025-01-13T17:42:31.0046130Z Image Release: https://github.com/actions/runner-images/releases/tag/macos-14-arm64%2F20250106.725
2025-01-13T17:42:31.0046710Z ##[endgroup]
2025-01-13T17:42:31.0047020Z ##[group]Runner Image Provisioner
2025-01-13T17:42:31.0047420Z 2.0.404.1+573eac7f0cc07d6bb82d8b9bf5e1ffa69a554644
2025-01-13T17:42:31.0047830Z ##[endgroup]
2025-01-13T17:42:31.0049210Z ##[group]GITHUB_TOKEN Permissions
2025-01-13T17:42:31.0050550Z Actions: read
2025-01-13T17:42:31.0050880Z Attestations: read
2025-01-13T17:42:31.0051190Z Checks: read
2025-01-13T17:42:31.0051480Z Contents: read
2025-01-13T17:42:31.0051780Z Deployments: read
2025-01-13T17:42:31.0052090Z Discussions: read
2025-01-13T17:42:31.0052390Z Issues: read
2025-01-13T17:42:31.0052690Z Metadata: read
2025-01-13T17:42:31.0052980Z Packages: read
2025-01-13T17:42:31.0053280Z Pages: read
2025-01-13T17:42:31.0053570Z PullRequests: read
2025-01-13T17:42:31.0053900Z RepositoryProjects: read
2025-01-13T17:42:31.0054230Z SecurityEvents: read
2025-01-13T17:42:31.0054540Z Statuses: read
2025-01-13T17:42:31.0054850Z ##[endgroup]
2025-01-13T17:42:31.0057220Z Secret source: None
2025-01-13T17:42:31.0057790Z Prepare workflow directory
2025-01-13T17:42:31.0420230Z Prepare all required actions
2025-01-13T17:42:31.0451060Z Getting action download info
2025-01-13T17:42:31.2052030Z Download action repository 'actions/checkout@v4' (SHA:11bd71901bbe5b1630ceea73d27597364c9af683)
2025-01-13T17:42:31.4972430Z Download action repository 'actions/upload-artifact@v4' (SHA:65c4c4a1ddee5b72f698fdd19549f0f0fb45cf08)
2025-01-13T17:42:32.8027970Z Complete job name: not continuum macos-latest 
2025-01-13T17:42:32.8468980Z ##[group]Run actions/checkout@v4
2025-01-13T17:42:32.8469590Z with:
2025-01-13T17:42:32.8469910Z   repository: tardis-sn/tardis
2025-01-13T17:42:32.8470540Z   token: ***
2025-01-13T17:42:32.8470840Z   ssh-strict: true
2025-01-13T17:42:32.8471480Z   ssh-user: git
2025-01-13T17:42:32.8471820Z   persist-credentials: true
2025-01-13T17:42:32.8472190Z   clean: true
2025-01-13T17:42:32.8472510Z   sparse-checkout-cone-mode: true
2025-01-13T17:42:32.8472880Z   fetch-depth: 1
2025-01-13T17:42:32.8473200Z   fetch-tags: false
2025-01-13T17:42:32.8473530Z   show-progress: true
2025-01-13T17:42:32.8473860Z   lfs: false
2025-01-13T17:42:32.8474180Z   submodules: false
2025-01-13T17:42:32.8474530Z   set-safe-directory: true
2025-01-13T17:42:32.8475260Z env:
2025-01-13T17:42:32.8475560Z   CACHE_NUMBER: 0
2025-01-13T17:42:32.8476470Z   PYTEST_FLAGS: --tardis-regression-data=/Users/runner/work/tardis/tardis/tardis-regression-data --cov=tardis --cov-report=xml --cov-report=html --cov-append
2025-01-13T17:42:32.8477480Z   CODECOV_TOKEN: 
2025-01-13T17:42:32.8477790Z ##[endgroup]
2025-01-13T17:42:33.2012080Z Syncing repository: tardis-sn/tardis
2025-01-13T17:42:33.2017500Z ##[group]Getting Git version info
2025-01-13T17:42:33.2019130Z Working directory is '/Users/runner/work/tardis/tardis'
2025-01-13T17:42:33.2021220Z [command]/opt/homebrew/bin/git version
2025-01-13T17:42:33.4186850Z git version 2.47.1
2025-01-13T17:42:33.4622790Z ##[endgroup]
2025-01-13T17:42:33.4765320Z Copying '/Users/runner/.gitconfig' to '/Users/runner/work/_temp/00901908-6c93-48e0-bfcc-a2b80a5eeddf/.gitconfig'
2025-01-13T17:42:33.4767000Z Temporarily overriding HOME='/Users/runner/work/_temp/00901908-6c93-48e0-bfcc-a2b80a5eeddf' before making global git config changes
2025-01-13T17:42:33.4768090Z Adding repository directory to the temporary git global config as a safe directory
2025-01-13T17:42:33.4769700Z [command]/opt/homebrew/bin/git config --global --add safe.directory /Users/runner/work/tardis/tardis
2025-01-13T17:42:33.4771680Z Deleting the contents of '/Users/runner/work/tardis/tardis'
2025-01-13T17:42:33.4772600Z ##[group]Initializing the repository
2025-01-13T17:42:33.4773150Z [command]/opt/homebrew/bin/git init /Users/runner/work/tardis/tardis
2025-01-13T17:42:33.4876900Z hint: Using 'master' as the name for the initial branch. This default branch name
2025-01-13T17:42:33.4878270Z hint: is subject to change. To configure the initial branch name to use in all
2025-01-13T17:42:33.4879130Z hint: of your new repositories, which will suppress this warning, call:
2025-01-13T17:42:33.4879890Z hint:
2025-01-13T17:42:33.4880270Z hint: 	git config --global init.defaultBranch <name>
2025-01-13T17:42:33.4881090Z hint:
2025-01-13T17:42:33.4881830Z hint: Names commonly chosen instead of 'master' are 'main', 'trunk' and
2025-01-13T17:42:33.4882540Z hint: 'development'. The just-created branch can be renamed via this command:
2025-01-13T17:42:33.4883120Z hint:
2025-01-13T17:42:33.4883420Z hint: 	git branch -m <name>
2025-01-13T17:42:33.4883970Z Initialized empty Git repository in /Users/runner/work/tardis/tardis/.git/
2025-01-13T17:42:33.4886250Z [command]/opt/homebrew/bin/git remote add origin https://github.com/tardis-sn/tardis
2025-01-13T17:42:33.4962790Z ##[endgroup]
2025-01-13T17:42:33.4963840Z ##[group]Disabling automatic garbage collection
2025-01-13T17:42:33.4964530Z [command]/opt/homebrew/bin/git config --local gc.auto 0
2025-01-13T17:42:33.4992410Z ##[endgroup]
2025-01-13T17:42:33.4992980Z ##[group]Setting up auth
2025-01-13T17:42:33.4997850Z [command]/opt/homebrew/bin/git config --local --name-only --get-regexp core\.sshCommand
2025-01-13T17:42:33.5039430Z [command]/opt/homebrew/bin/git submodule foreach --recursive sh -c "git config --local --name-only --get-regexp 'core\.sshCommand' && git config --local --unset-all 'core.sshCommand' || :"
2025-01-13T17:42:33.5875700Z [command]/opt/homebrew/bin/git config --local --name-only --get-regexp http\.https\:\/\/github\.com\/\.extraheader
2025-01-13T17:42:33.5926820Z [command]/opt/homebrew/bin/git submodule foreach --recursive sh -c "git config --local --name-only --get-regexp 'http\.https\:\/\/github\.com\/\.extraheader' && git config --local --unset-all 'http.https://github.com/.extraheader' || :"
2025-01-13T17:42:33.6635940Z [command]/opt/homebrew/bin/git config --local http.https://github.com/.extraheader AUTHORIZATION: basic ***
2025-01-13T17:42:33.6717790Z ##[endgroup]
2025-01-13T17:42:33.6718440Z ##[group]Fetching the repository
2025-01-13T17:42:33.6727350Z [command]/opt/homebrew/bin/git -c protocol.version=2 fetch --no-tags --prune --no-recurse-submodules --depth=1 origin +f0ff337d5f673f24e6024f16fa7b5bdbd07ba26d:refs/remotes/pull/2897/merge
2025-01-13T17:42:35.5067570Z From https://github.com/tardis-sn/tardis
2025-01-13T17:42:35.5069010Z  * [new ref]         f0ff337d5f673f24e6024f16fa7b5bdbd07ba26d -> pull/2897/merge
2025-01-13T17:42:35.5125440Z ##[endgroup]
2025-01-13T17:42:35.5126210Z ##[group]Determining the checkout info
2025-01-13T17:42:35.5127010Z ##[endgroup]
2025-01-13T17:42:35.5130560Z [command]/opt/homebrew/bin/git sparse-checkout disable
2025-01-13T17:42:35.5187870Z [command]/opt/homebrew/bin/git config --local --unset-all extensions.worktreeConfig
2025-01-13T17:42:35.5230280Z ##[group]Checking out the ref
2025-01-13T17:42:35.5232640Z [command]/opt/homebrew/bin/git checkout --progress --force refs/remotes/pull/2897/merge
2025-01-13T17:42:35.7973720Z HEAD is now at f0ff337 Merge 7311b73b232a190ab497cac7573eae6e7cf8a4de into b4bc6ac32afba1ed86870074cd69db14d7845052
2025-01-13T17:42:35.7985420Z ##[endgroup]
2025-01-13T17:42:35.8042940Z [command]/opt/homebrew/bin/git log -1 --format=%H
2025-01-13T17:42:35.8079850Z f0ff337d5f673f24e6024f16fa7b5bdbd07ba26d
2025-01-13T17:42:35.8333230Z Prepare all required actions
2025-01-13T17:42:35.8334020Z Getting action download info
2025-01-13T17:42:35.9860300Z Download action repository 'actions/cache@v4' (SHA:1bd1e32a3bdc45362d1e726936510720a7c30a57)
2025-01-13T17:42:36.1247570Z ##[group]Run ./.github/actions/setup_lfs
2025-01-13T17:42:36.1248210Z with:
2025-01-13T17:42:36.1248810Z   regression-data-repo: tardis-sn/tardis-regression-data
2025-01-13T17:42:36.1249540Z env:
2025-01-13T17:42:36.1249970Z   CACHE_NUMBER: 0
2025-01-13T17:42:36.1251360Z   PYTEST_FLAGS: --tardis-regression-data=/Users/runner/work/tardis/tardis/tardis-regression-data --cov=tardis --cov-report=xml --cov-report=html --cov-append
2025-01-13T17:42:36.1252900Z   CODECOV_TOKEN: 
2025-01-13T17:42:36.1253380Z ##[endgroup]
2025-01-13T17:42:36.1386610Z ##[group]Run actions/checkout@v4
2025-01-13T17:42:36.1387210Z with:
2025-01-13T17:42:36.1387710Z   repository: tardis-sn/tardis-regression-data
2025-01-13T17:42:36.1388410Z   path: tardis-regression-data
2025-01-13T17:42:36.1389140Z   token: ***
2025-01-13T17:42:36.1389610Z   ssh-strict: true
2025-01-13T17:42:36.1390730Z   ssh-user: git
2025-01-13T17:42:36.1391380Z   persist-credentials: true
2025-01-13T17:42:36.1392190Z   clean: true
2025-01-13T17:42:36.1392830Z   sparse-checkout-cone-mode: true
2025-01-13T17:42:36.1393520Z   fetch-depth: 1
2025-01-13T17:42:36.1394170Z   fetch-tags: false
2025-01-13T17:42:36.1394690Z   show-progress: true
2025-01-13T17:42:36.1395550Z   lfs: false
2025-01-13T17:42:36.1396040Z   submodules: false
2025-01-13T17:42:36.1397840Z   set-safe-directory: true
2025-01-13T17:42:36.1398420Z env:
2025-01-13T17:42:36.1398840Z   CACHE_NUMBER: 0
2025-01-13T17:42:36.1400380Z   PYTEST_FLAGS: --tardis-regression-data=/Users/runner/work/tardis/tardis/tardis-regression-data --cov=tardis --cov-report=xml --cov-report=html --cov-append
2025-01-13T17:42:36.1402020Z   CODECOV_TOKEN: 
2025-01-13T17:42:36.1402510Z ##[endgroup]
2025-01-13T17:42:36.4356210Z Syncing repository: tardis-sn/tardis-regression-data
2025-01-13T17:42:36.4457900Z ##[group]Getting Git version info
2025-01-13T17:42:36.4559220Z Working directory is '/Users/runner/work/tardis/tardis/tardis-regression-data'
2025-01-13T17:42:36.4685310Z [command]/opt/homebrew/bin/git version
2025-01-13T17:42:36.4786900Z git version 2.47.1
2025-01-13T17:42:36.5033870Z ##[endgroup]
2025-01-13T17:42:36.5037070Z Copying '/Users/runner/.gitconfig' to '/Users/runner/work/_temp/50037acd-cff7-4d9b-8f14-4b02610d3939/.gitconfig'
2025-01-13T17:42:36.5037980Z Temporarily overriding HOME='/Users/runner/work/_temp/50037acd-cff7-4d9b-8f14-4b02610d3939' before making global git config changes
2025-01-13T17:42:36.5038770Z Adding repository directory to the temporary git global config as a safe directory
2025-01-13T17:42:36.5039600Z [command]/opt/homebrew/bin/git config --global --add safe.directory /Users/runner/work/tardis/tardis/tardis-regression-data
2025-01-13T17:42:36.5041120Z ##[group]Initializing the repository
2025-01-13T17:42:36.5041760Z [command]/opt/homebrew/bin/git init /Users/runner/work/tardis/tardis/tardis-regression-data
2025-01-13T17:42:36.5042460Z hint: Using 'master' as the name for the initial branch. This default branch name
2025-01-13T17:42:36.5043120Z hint: is subject to change. To configure the initial branch name to use in all
2025-01-13T17:42:36.5043730Z hint: of your new repositories, which will suppress this warning, call:
2025-01-13T17:42:36.5044260Z hint:
2025-01-13T17:42:36.5044640Z hint: 	git config --global init.defaultBranch <name>
2025-01-13T17:42:36.5044940Z hint:
2025-01-13T17:42:36.5045500Z hint: Names commonly chosen instead of 'master' are 'main', 'trunk' and
2025-01-13T17:42:36.5046100Z hint: 'development'. The just-created branch can be renamed via this command:
2025-01-13T17:42:36.5046850Z hint:
2025-01-13T17:42:36.5047210Z hint: 	git branch -m <name>
2025-01-13T17:42:36.5047800Z Initialized empty Git repository in /Users/runner/work/tardis/tardis/tardis-regression-data/.git/
2025-01-13T17:42:36.5049560Z [command]/opt/homebrew/bin/git remote add origin https://github.com/tardis-sn/tardis-regression-data
2025-01-13T17:42:36.5050790Z ##[endgroup]
2025-01-13T17:42:36.5051280Z ##[group]Disabling automatic garbage collection
2025-01-13T17:42:36.5052000Z [command]/opt/homebrew/bin/git config --local gc.auto 0
2025-01-13T17:42:36.5053060Z ##[endgroup]
2025-01-13T17:42:36.5053510Z ##[group]Setting up auth
2025-01-13T17:42:36.5054030Z [command]/opt/homebrew/bin/git config --local --name-only --get-regexp core\.sshCommand
2025-01-13T17:42:36.5055470Z [command]/opt/homebrew/bin/git submodule foreach --recursive sh -c "git config --local --name-only --get-regexp 'core\.sshCommand' && git config --local --unset-all 'core.sshCommand' || :"
2025-01-13T17:42:36.5057030Z [command]/opt/homebrew/bin/git config --local --name-only --get-regexp http\.https\:\/\/github\.com\/\.extraheader
2025-01-13T17:42:36.5058680Z [command]/opt/homebrew/bin/git submodule foreach --recursive sh -c "git config --local --name-only --get-regexp 'http\.https\:\/\/github\.com\/\.extraheader' && git config --local --unset-all 'http.https://github.com/.extraheader' || :"
2025-01-13T17:42:36.5844070Z [command]/opt/homebrew/bin/git config --local http.https://github.com/.extraheader AUTHORIZATION: basic ***
2025-01-13T17:42:36.5884250Z ##[endgroup]
2025-01-13T17:42:36.5884670Z ##[group]Determining the default branch
2025-01-13T17:42:36.5885770Z Retrieving the default branch name
2025-01-13T17:42:37.0565280Z Default branch 'main'
2025-01-13T17:42:37.0726180Z ##[endgroup]
2025-01-13T17:42:37.0854330Z ##[group]Fetching the repository
2025-01-13T17:42:37.0955950Z [command]/opt/homebrew/bin/git -c protocol.version=2 fetch --no-tags --prune --no-recurse-submodules --depth=1 origin +refs/heads/main:refs/remotes/origin/main
2025-01-13T17:42:38.0320790Z From https://github.com/tardis-sn/tardis-regression-data
2025-01-13T17:42:38.0422260Z  * [new branch]      main       -> origin/main
2025-01-13T17:42:38.0558690Z ##[endgroup]
2025-01-13T17:42:38.0562230Z ##[group]Determining the checkout info
2025-01-13T17:42:38.0571540Z ##[endgroup]
2025-01-13T17:42:38.0583970Z [command]/opt/homebrew/bin/git sparse-checkout disable
2025-01-13T17:42:38.0586540Z [command]/opt/homebrew/bin/git config --local --unset-all extensions.worktreeConfig
2025-01-13T17:42:38.0587600Z ##[group]Checking out the ref
2025-01-13T17:42:38.0588080Z [command]/opt/homebrew/bin/git checkout --progress --force -B main refs/remotes/origin/main
2025-01-13T17:42:38.3282460Z Switched to a new branch 'main'
2025-01-13T17:42:38.3284800Z branch 'main' set up to track 'origin/main'.
2025-01-13T17:42:38.3858570Z ##[endgroup]
2025-01-13T17:42:38.3910740Z [command]/opt/homebrew/bin/git log -1 --format=%H
2025-01-13T17:42:38.3950740Z fa7729bc9c30e14b69acd641af8b692b56fcd416
2025-01-13T17:42:38.4085780Z ##[group]Run git lfs ls-files -l | cut -d' ' -f1 | sort > .lfs-assets-id
2025-01-13T17:42:38.4086150Z [36;1mgit lfs ls-files -l | cut -d' ' -f1 | sort > .lfs-assets-id[0m
2025-01-13T17:42:38.4157460Z shell: /bin/bash --noprofile --norc -e -o pipefail {0}
2025-01-13T17:42:38.4157710Z env:
2025-01-13T17:42:38.4157830Z   CACHE_NUMBER: 0
2025-01-13T17:42:38.4158350Z   PYTEST_FLAGS: --tardis-regression-data=/Users/runner/work/tardis/tardis/tardis-regression-data --cov=tardis --cov-report=xml --cov-report=html --cov-append
2025-01-13T17:42:38.4158880Z   CODECOV_TOKEN: 
2025-01-13T17:42:38.4159010Z ##[endgroup]
2025-01-13T17:42:38.6278530Z ##[group]Run actions/cache/restore@v4
2025-01-13T17:42:38.6278770Z with:
2025-01-13T17:42:38.6278900Z   path: tardis-regression-data/.git/lfs
2025-01-13T17:42:38.6279220Z   key: macOS-lfs-21f9fa4b6817cc69b9fae3598144724da7828e276a73bd17f47a2a49d9af090a-v1
2025-01-13T17:42:38.6279530Z   enableCrossOsArchive: false
2025-01-13T17:42:38.6279690Z   fail-on-cache-miss: false
2025-01-13T17:42:38.6279850Z   lookup-only: false
2025-01-13T17:42:38.6279990Z env:
2025-01-13T17:42:38.6280100Z   CACHE_NUMBER: 0
2025-01-13T17:42:38.6280810Z   PYTEST_FLAGS: --tardis-regression-data=/Users/runner/work/tardis/tardis/tardis-regression-data --cov=tardis --cov-report=xml --cov-report=html --cov-append
2025-01-13T17:42:38.6281300Z   CODECOV_TOKEN: 
2025-01-13T17:42:38.6281430Z ##[endgroup]
2025-01-13T17:42:40.1054870Z Received 54525952 of 1706796060 (3.2%), 51.9 MBs/sec
2025-01-13T17:42:41.1063580Z Received 125829120 of 1706796060 (7.4%), 59.9 MBs/sec
2025-01-13T17:42:42.1070000Z Received 180355072 of 1706796060 (10.6%), 57.3 MBs/sec
2025-01-13T17:42:43.1168370Z Received 243269632 of 1706796060 (14.3%), 57.9 MBs/sec
2025-01-13T17:42:44.1121240Z Received 301989888 of 1706796060 (17.7%), 57.5 MBs/sec
2025-01-13T17:42:45.1146540Z Received 364904448 of 1706796060 (21.4%), 57.9 MBs/sec
2025-01-13T17:42:46.1153170Z Received 415236096 of 1706796060 (24.3%), 56.5 MBs/sec
2025-01-13T17:42:47.1152330Z Received 482344960 of 1706796060 (28.3%), 57.4 MBs/sec
2025-01-13T17:42:48.1178390Z Received 549453824 of 1706796060 (32.2%), 58.1 MBs/sec
2025-01-13T17:42:49.1182470Z Received 608174080 of 1706796060 (35.6%), 57.9 MBs/sec
2025-01-13T17:42:50.1211020Z Received 679477248 of 1706796060 (39.8%), 58.8 MBs/sec
2025-01-13T17:42:51.1213660Z Received 750780416 of 1706796060 (44.0%), 59.6 MBs/sec
2025-01-13T17:42:52.1229340Z Received 817889280 of 1706796060 (47.9%), 59.9 MBs/sec
2025-01-13T17:42:53.1233020Z Received 893386752 of 1706796060 (52.3%), 60.8 MBs/sec
2025-01-13T17:42:54.1237620Z Received 960495616 of 1706796060 (56.3%), 61.0 MBs/sec
2025-01-13T17:42:55.1245510Z Received 1031798784 of 1706796060 (60.5%), 61.4 MBs/sec
2025-01-13T17:42:56.1249960Z Received 1111490560 of 1706796060 (65.1%), 62.3 MBs/sec
2025-01-13T17:42:57.1254400Z Received 1178599424 of 1706796060 (69.1%), 62.4 MBs/sec
2025-01-13T17:42:58.1345760Z Received 1233125376 of 1706796060 (72.2%), 61.8 MBs/sec
2025-01-13T17:42:59.1295500Z Received 1296039936 of 1706796060 (75.9%), 61.7 MBs/sec
2025-01-13T17:43:00.1292560Z Received 1354760192 of 1706796060 (79.4%), 61.5 MBs/sec
2025-01-13T17:43:01.1303430Z Received 1417674752 of 1706796060 (83.1%), 61.4 MBs/sec
2025-01-13T17:43:02.1307950Z Received 1476395008 of 1706796060 (86.5%), 61.1 MBs/sec
2025-01-13T17:43:03.1314950Z Received 1530920960 of 1706796060 (89.7%), 60.8 MBs/sec
2025-01-13T17:43:04.1334900Z Received 1593835520 of 1706796060 (93.4%), 60.7 MBs/sec
2025-01-13T17:43:05.1359740Z Received 1648361472 of 1706796060 (96.6%), 60.4 MBs/sec
2025-01-13T17:43:06.1389980Z Received 1706796060 of 1706796060 (100.0%), 60.2 MBs/sec
2025-01-13T17:43:06.4568720Z Cache Size: ~1628 MB (1706796060 B)
2025-01-13T17:43:06.4857640Z [command]/opt/homebrew/bin/gtar -xf /Users/runner/work/_temp/e6cfea0e-5f25-4213-bd4e-7e6d6972df70/cache.tzst -P -C /Users/runner/work/tardis/tardis --delay-directory-restore --use-compress-program unzstd
2025-01-13T17:43:14.7850030Z Cache restored successfully
2025-01-13T17:43:14.8942140Z Cache restored from key: macOS-lfs-21f9fa4b6817cc69b9fae3598144724da7828e276a73bd17f47a2a49d9af090a-v1
2025-01-13T17:43:14.9110380Z ##[group]Run git lfs checkout
2025-01-13T17:43:14.9110650Z [36;1mgit lfs checkout[0m
2025-01-13T17:43:14.9221290Z shell: /bin/bash --noprofile --norc -e -o pipefail {0}
2025-01-13T17:43:14.9221750Z env:
2025-01-13T17:43:14.9221970Z   CACHE_NUMBER: 0
2025-01-13T17:43:14.9223470Z   PYTEST_FLAGS: --tardis-regression-data=/Users/runner/work/tardis/tardis/tardis-regression-data --cov=tardis --cov-report=xml --cov-report=html --cov-append
2025-01-13T17:43:14.9224190Z   CODECOV_TOKEN: 
2025-01-13T17:43:14.9224440Z ##[endgroup]
2025-01-13T17:43:24.4117550Z Checking out LFS objects: 100% (204/204), 3.5 GB | 298 MB/s, done.
2025-01-13T17:43:33.9368460Z Prepare all required actions
2025-01-13T17:43:33.9369400Z Getting action download info
2025-01-13T17:43:34.0802650Z Download action repository 'mamba-org/setup-micromamba@v1' (SHA:4b9113af4fba0e9e1124b252dd6497a419e7396d)
2025-01-13T17:43:35.2394900Z ##[group]Run ./.github/actions/setup_env
2025-01-13T17:43:35.2395210Z with:
2025-01-13T17:43:35.2395470Z   os-label: osx-arm64
2025-01-13T17:43:35.2395670Z env:
2025-01-13T17:43:35.2395850Z   CACHE_NUMBER: 0
2025-01-13T17:43:35.2396320Z   PYTEST_FLAGS: --tardis-regression-data=/Users/runner/work/tardis/tardis/tardis-regression-data --cov=tardis --cov-report=xml --cov-report=html --cov-append
2025-01-13T17:43:35.2396920Z   CODECOV_TOKEN: 
2025-01-13T17:43:35.2398230Z ##[endgroup]
2025-01-13T17:43:35.2424170Z ##[group]Run file_hash=$(cat conda-osx-arm64.lock | shasum -a 256 | cut -d' ' -f1)
2025-01-13T17:43:35.2424630Z [36;1mfile_hash=$(cat conda-osx-arm64.lock | shasum -a 256 | cut -d' ' -f1)[0m
2025-01-13T17:43:35.2425040Z [36;1mecho "file_hash=$file_hash" >> "${GITHUB_OUTPUT}"[0m
2025-01-13T17:43:35.2481620Z shell: /bin/bash --noprofile --norc -e -o pipefail {0}
2025-01-13T17:43:35.2481880Z env:
2025-01-13T17:43:35.2482010Z   CACHE_NUMBER: 0
2025-01-13T17:43:35.2482490Z   PYTEST_FLAGS: --tardis-regression-data=/Users/runner/work/tardis/tardis/tardis-regression-data --cov=tardis --cov-report=xml --cov-report=html --cov-append
2025-01-13T17:43:35.2482990Z   CODECOV_TOKEN: 
2025-01-13T17:43:35.2483120Z ##[endgroup]
2025-01-13T17:43:35.3703370Z ##[group]Run mamba-org/setup-micromamba@v1
2025-01-13T17:43:35.3703600Z with:
2025-01-13T17:43:35.3703750Z   environment-file: conda-osx-arm64.lock
2025-01-13T17:43:35.3704080Z   cache-environment-key: bf0d0a4d4c847cca72476c6c68c493d56c484aada7e80de0e42c7607fcef5824
2025-01-13T17:43:35.3704550Z   cache-downloads-key: bf0d0a4d4c847cca72476c6c68c493d56c484aada7e80de0e42c7607fcef5824
2025-01-13T17:43:35.3704870Z   environment-name: tardis
2025-01-13T17:43:35.3705030Z   cache-environment: true
2025-01-13T17:43:35.3705240Z   cache-downloads: true
2025-01-13T17:43:35.3705380Z env:
2025-01-13T17:43:35.3705500Z   CACHE_NUMBER: 0
2025-01-13T17:43:35.3705970Z   PYTEST_FLAGS: --tardis-regression-data=/Users/runner/work/tardis/tardis/tardis-regression-data --cov=tardis --cov-report=xml --cov-report=html --cov-append
2025-01-13T17:43:35.3706450Z   CODECOV_TOKEN: 
2025-01-13T17:43:35.3706590Z ##[endgroup]
2025-01-13T17:43:35.8390260Z Will download micromamba to /Users/runner/micromamba-bin/micromamba
2025-01-13T17:43:35.8394210Z ##[group]Install micromamba
2025-01-13T17:43:36.6877410Z micromamba installed to /Users/runner/micromamba-bin/micromamba
2025-01-13T17:43:36.6878420Z ##[endgroup]
2025-01-13T17:43:36.6879440Z Adding conda-forge to condarc channels ...
2025-01-13T17:43:36.6889410Z ##[group]Initialize micromamba for bash.
2025-01-13T17:43:36.6902140Z [command]/Users/runner/micromamba-bin/micromamba shell init -s bash -r /Users/runner/micromamba --log-level warning --rc-file /Users/runner/work/_temp/setup-micromamba/.condarc
2025-01-13T17:43:36.7354960Z Modifying RC file "/Users/runner/.bash_profile"
2025-01-13T17:43:36.7358050Z Generating config for root prefix [1m"/Users/runner/micromamba"[0m
2025-01-13T17:43:36.7358540Z Setting mamba executable to: [1m"/Users/runner/micromamba-bin/micromamba"[0m
2025-01-13T17:43:36.7360300Z Adding (or replacing) the following in your "/Users/runner/.bash_profile" file
2025-01-13T17:43:36.7361170Z 
2025-01-13T17:43:36.7361550Z # >>> mamba initialize >>>
2025-01-13T17:43:36.7362350Z # !! Contents within this block are managed by 'mamba init' !!
2025-01-13T17:43:36.7363290Z export MAMBA_EXE='/Users/runner/micromamba-bin/micromamba';
2025-01-13T17:43:36.7364300Z export MAMBA_ROOT_PREFIX='/Users/runner/micromamba';
2025-01-13T17:43:36.7365480Z __mamba_setup="$("$MAMBA_EXE" shell hook --shell bash --root-prefix "$MAMBA_ROOT_PREFIX" 2> /dev/null)"
2025-01-13T17:43:36.7366480Z if [ $? -eq 0 ]; then
2025-01-13T17:43:36.7367010Z     eval "$__mamba_setup"
2025-01-13T17:43:36.7369810Z else
2025-01-13T17:43:36.7370510Z     alias micromamba="$MAMBA_EXE"  # Fallback on help from mamba activate
2025-01-13T17:43:36.7371870Z fi
2025-01-13T17:43:36.7372350Z unset __mamba_setup
2025-01-13T17:43:36.7373030Z # <<< mamba initialize <<<
2025-01-13T17:43:36.7373450Z 
2025-01-13T17:43:36.7375200Z ##[endgroup]
2025-01-13T17:43:36.7376570Z ##[group]Restoring downloads from `/Users/runner/micromamba/pkgs` ...
2025-01-13T17:43:38.0997030Z Received 33554432 of 310595873 (10.8%), 32.0 MBs/sec
2025-01-13T17:43:39.1005370Z Received 88080384 of 310595873 (28.4%), 42.0 MBs/sec
2025-01-13T17:43:40.1012250Z Received 138412032 of 310595873 (44.6%), 44.0 MBs/sec
2025-01-13T17:43:41.1016800Z Received 209715200 of 310595873 (67.5%), 50.0 MBs/sec
2025-01-13T17:43:42.1017160Z Received 268435456 of 310595873 (86.4%), 51.2 MBs/sec
2025-01-13T17:43:42.6976880Z Cache Size: ~296 MB (310595873 B)
2025-01-13T17:43:42.7013860Z [command]/opt/homebrew/bin/gtar -xf /Users/runner/work/_temp/1dd05bb2-0fef-498f-baa8-354713f6b200/cache.tzst -P -C /Users/runner/work/tardis/tardis --delay-directory-restore --use-compress-program unzstd
2025-01-13T17:43:43.1042890Z Received 310595873 of 310595873 (100.0%), 49.3 MBs/sec
2025-01-13T17:43:43.3061300Z Cache restored successfully
2025-01-13T17:43:43.3093050Z Restored cache with key `bf0d0a4d4c847cca72476c6c68c493d56c484aada7e80de0e42c7607fcef5824-osx-arm64`
2025-01-13T17:43:43.3094660Z ##[endgroup]
2025-01-13T17:43:43.3309170Z ##[group]Restoring environment `tardis` from `/Users/runner/micromamba/envs/tardis` ...
2025-01-13T17:43:44.6910610Z Received 41943040 of 385775710 (10.9%), 40.0 MBs/sec
2025-01-13T17:43:45.6929450Z Received 96468992 of 385775710 (25.0%), 46.0 MBs/sec
2025-01-13T17:43:46.6935700Z Received 155189248 of 385775710 (40.2%), 49.3 MBs/sec
2025-01-13T17:43:47.6947500Z Received 218103808 of 385775710 (56.5%), 51.9 MBs/sec
2025-01-13T17:43:48.6971570Z Received 276824064 of 385775710 (71.8%), 52.7 MBs/sec
2025-01-13T17:43:49.6986840Z Received 343932928 of 385775710 (89.2%), 54.6 MBs/sec
2025-01-13T17:43:50.2170520Z Cache Size: ~368 MB (385775710 B)
2025-01-13T17:43:50.2264390Z [command]/opt/homebrew/bin/gtar -xf /Users/runner/work/_temp/314478c9-e970-416c-9561-70dceda49f4a/cache.tzst -P -C /Users/runner/work/tardis/tardis --delay-directory-restore --use-compress-program unzstd
2025-01-13T17:43:50.6996610Z Received 385775710 of 385775710 (100.0%), 52.5 MBs/sec
2025-01-13T17:44:05.7026260Z Cache restored successfully
2025-01-13T17:44:05.7166590Z Restored cache with key `bf0d0a4d4c847cca72476c6c68c493d56c484aada7e80de0e42c7607fcef5824-osx-arm64-tardis-args-4f53cda-root-873f6fe-bin-[object Promise]-file-bf0d0a4d4c847cca72476c6c68c493d56c484aada7e80de0e42c7607fcef5824`
2025-01-13T17:44:05.7272830Z ##[endgroup]
2025-01-13T17:44:05.7287310Z Adding environment tardis to auto-activate bash ...
2025-01-13T17:44:05.7311040Z Generating micromamba run shell.
2025-01-13T17:44:05.7358590Z ##[endgroup]
2025-01-13T17:44:05.7382910Z Set environment variables.
2025-01-13T17:44:05.7386210Z ##[group]micromamba info
2025-01-13T17:44:05.7390940Z [command]/Users/runner/micromamba-bin/micromamba info -r /Users/runner/micromamba -n tardis
2025-01-13T17:44:06.1741420Z 
2025-01-13T17:44:06.1745300Z        libmamba version : 1.5.10
2025-01-13T17:44:06.1747060Z      micromamba version : 1.5.10
2025-01-13T17:44:06.1747820Z            curl version : libcurl/8.10.1 (OpenSSL/3.3.2) SecureTransport zlib/1.3.1 zstd/1.5.6 libssh2/1.11.0 nghttp2/1.58.0
2025-01-13T17:44:06.1748540Z      libarchive version : libarchive 3.7.4 zlib/1.2.13 bz2lib/1.0.8 libzstd/1.5.6
2025-01-13T17:44:06.1749080Z        envs directories : /Users/runner/micromamba/envs
2025-01-13T17:44:06.1749940Z           package cache : /Users/runner/micromamba/pkgs
2025-01-13T17:44:06.1750470Z                           /Users/runner/.mamba/pkgs
2025-01-13T17:44:06.1750950Z             environment : tardis
2025-01-13T17:44:06.1751350Z            env location : /Users/runner/micromamba/envs/tardis
2025-01-13T17:44:06.1758570Z       user config files : /Users/runner/.mambarc
2025-01-13T17:44:06.1759070Z  populated config files : /Users/runner/work/_temp/setup-micromamba/.condarc
2025-01-13T17:44:06.1759550Z        virtual packages : __unix=0=0
2025-01-13T17:44:06.1759990Z                           __osx=14.7.2=0
2025-01-13T17:44:06.1760370Z                           __archspec=1=arm64
2025-01-13T17:44:06.1760760Z                channels : https://conda.anaconda.org/conda-forge/osx-arm64
2025-01-13T17:44:06.1761190Z                           https://conda.anaconda.org/conda-forge/noarch
2025-01-13T17:44:06.1761530Z        base environment : /Users/runner/micromamba
2025-01-13T17:44:06.1761870Z                platform : osx-arm64
2025-01-13T17:44:06.1762480Z ##[endgroup]
2025-01-13T17:44:06.1768560Z ##[group]micromamba list
2025-01-13T17:44:06.1769210Z [command]/Users/runner/micromamba-bin/micromamba list -r /Users/runner/micromamba -n tardis
2025-01-13T17:44:06.7500870Z List of packages in environment: "/Users/runner/micromamba/envs/tardis"
2025-01-13T17:44:06.7501820Z 
2025-01-13T17:44:06.7502370Z   Name                           Version              Build                    Channel    
2025-01-13T17:44:06.7506740Z â”€â”€â”€â”€â”€â”€â”€â”€â”€â”€â”€â”€â”€â”€â”€â”€â”€â”€â”€â”€â”€â”€â”€â”€â”€â”€â”€â”€â”€â”€â”€â”€â”€â”€â”€â”€â”€â”€â”€â”€â”€â”€â”€â”€â”€â”€â”€â”€â”€â”€â”€â”€â”€â”€â”€â”€â”€â”€â”€â”€â”€â”€â”€â”€â”€â”€â”€â”€â”€â”€â”€â”€â”€â”€â”€â”€â”€â”€â”€â”€â”€â”€â”€â”€â”€â”€â”€â”€â”€â”€â”€â”€
2025-01-13T17:44:06.7508180Z   alabaster                      0.7.16               pyhd8ed1ab_0             conda-forge
2025-01-13T17:44:06.7509580Z   anyio                          4.4.0                pyhd8ed1ab_0             conda-forge
2025-01-13T17:44:06.7510920Z   appnope                        0.1.4                pyhd8ed1ab_0             conda-forge
2025-01-13T17:44:06.7512070Z   argon2-cffi                    23.1.0               pyhd8ed1ab_0             conda-forge
2025-01-13T17:44:06.7513540Z   argon2-cffi-bindings           21.2.0               py312h02f2b3b_4          conda-forge
2025-01-13T17:44:06.7514630Z   arrow                          1.3.0                pyhd8ed1ab_0             conda-forge
2025-01-13T17:44:06.7515690Z   astropy                        6.1.1                py312hbebd99a_0          conda-forge
2025-01-13T17:44:06.7516790Z   astropy-iers-data              0.2024.6.17.0.31.35  pyhd8ed1ab_0             conda-forge
2025-01-13T17:44:06.7518190Z   astropy-sphinx-theme           1.1                  pyhd8ed1ab_0             conda-forge
2025-01-13T17:44:06.7519250Z   asttokens                      2.4.1                pyhd8ed1ab_0             conda-forge
2025-01-13T17:44:06.7522320Z   async-lru                      2.0.4                pyhd8ed1ab_0             conda-forge
2025-01-13T17:44:06.7522720Z   atk-1.0                        2.38.0               hd03087b_2               conda-forge
2025-01-13T17:44:06.7523280Z   attrs                          23.2.0               pyh71513ae_0             conda-forge
2025-01-13T17:44:06.7523690Z   babel                          2.14.0               pyhd8ed1ab_0             conda-forge
2025-01-13T17:44:06.7524190Z   beautifulsoup4                 4.12.3               pyha770c72_0             conda-forge
2025-01-13T17:44:06.7524570Z   bleach                         6.1.0                pyhd8ed1ab_0             conda-forge
2025-01-13T17:44:06.7524980Z   blosc                          1.21.5               h9c252e8_1               conda-forge
2025-01-13T17:44:06.7525420Z   brotli                         1.1.0                hb547adb_1               conda-forge
2025-01-13T17:44:06.7525830Z   brotli-bin                     1.1.0                hb547adb_1               conda-forge
2025-01-13T17:44:06.7526360Z   brotli-python                  1.1.0                py312h9f69965_1          conda-forge
2025-01-13T17:44:06.7526770Z   bzip2                          1.0.8                h93a5062_5               conda-forge
2025-01-13T17:44:06.7527190Z   c-ares                         1.28.1               h93a5062_0               conda-forge
2025-01-13T17:44:06.7527520Z   c-blosc2                       2.14.4               ha57e6be_1               conda-forge
2025-01-13T17:44:06.7528940Z   ca-certificates                2024.6.2             hf0a4a13_0               conda-forge
2025-01-13T17:44:06.7529390Z   cached-property                1.5.2                hd8ed1ab_1               conda-forge
2025-01-13T17:44:06.7529860Z   cached_property                1.5.2                pyha770c72_1             conda-forge
2025-01-13T17:44:06.7530240Z   cairo                          1.18.0               hd1e100b_0               conda-forge
2025-01-13T17:44:06.7530650Z   certifi                        2024.6.2             pyhd8ed1ab_0             conda-forge
2025-01-13T17:44:06.7531020Z   cffi                           1.16.0               py312h8e38eb3_0          conda-forge
2025-01-13T17:44:06.7531470Z   charset-normalizer             3.3.2                pyhd8ed1ab_0             conda-forge
2025-01-13T17:44:06.7532270Z   click                          8.1.7                unix_pyh707e725_0        conda-forge
2025-01-13T17:44:06.7533120Z   codespell                      2.3.0                pyhd8ed1ab_0             conda-forge
2025-01-13T17:44:06.7533650Z   colorama                       0.4.6                pyhd8ed1ab_0             conda-forge
2025-01-13T17:44:06.7534080Z   comm                           0.2.2                pyhd8ed1ab_0             conda-forge
2025-01-13T17:44:06.7534460Z   commonmark                     0.9.1                py_0                     conda-forge
2025-01-13T17:44:06.7534950Z   contourpy                      1.2.1                py312h0fef576_0          conda-forge
2025-01-13T17:44:06.7535350Z   coverage                       7.5.3                py312h7e5086c_0          conda-forge
2025-01-13T17:44:06.7535790Z   cycler                         0.12.1               pyhd8ed1ab_0             conda-forge
2025-01-13T17:44:06.7536170Z   dataclasses                    0.8                  pyhc8e2a94_3             conda-forge
2025-01-13T17:44:06.7536610Z   debugpy                        1.8.1                py312h20a0b95_0          conda-forge
2025-01-13T17:44:06.7536990Z   decorator                      5.1.1                pyhd8ed1ab_0             conda-forge
2025-01-13T17:44:06.7537510Z   defusedxml                     0.7.1                pyhd8ed1ab_0             conda-forge
2025-01-13T17:44:06.7538060Z   docutils                       0.20.1               py312h81bd7bf_3          conda-forge
2025-01-13T17:44:06.7538430Z   dot2tex                        2.11.3               pyhd8ed1ab_0             conda-forge
2025-01-13T17:44:06.7538880Z   entrypoints                    0.4                  pyhd8ed1ab_0             conda-forge
2025-01-13T17:44:06.7539350Z   exceptiongroup                 1.2.0                pyhd8ed1ab_2             conda-forge
2025-01-13T17:44:06.7539890Z   executing                      2.0.1                pyhd8ed1ab_0             conda-forge
2025-01-13T17:44:06.7540310Z   expat                          2.6.2                hebf3989_0               conda-forge
2025-01-13T17:44:06.7541330Z   font-ttf-dejavu-sans-mono      2.37                 hab24e00_0               conda-forge
2025-01-13T17:44:06.7541800Z   font-ttf-inconsolata           3.000                h77eed37_0               conda-forge
2025-01-13T17:44:06.7542360Z   font-ttf-source-code-pro       2.038                h77eed37_0               conda-forge
2025-01-13T17:44:06.7543060Z   font-ttf-ubuntu                0.83                 h77eed37_2               conda-forge
2025-01-13T17:44:06.7543620Z   fontconfig                     2.14.2               h82840c6_0               conda-forge
2025-01-13T17:44:06.7544100Z   fonts-conda-ecosystem          1                    0                        conda-forge
2025-01-13T17:44:06.7544570Z   fonts-conda-forge              1                    0                        conda-forge
2025-01-13T17:44:06.7545090Z   fonttools                      4.53.0               py312h7e5086c_0          conda-forge
2025-01-13T17:44:06.7545570Z   fqdn                           1.5.1                pyhd8ed1ab_0             conda-forge
2025-01-13T17:44:06.7546330Z   freetype                       2.12.1               hadb7bae_2               conda-forge
2025-01-13T17:44:06.7546850Z   fribidi                        1.0.10               h27ca646_0               conda-forge
2025-01-13T17:44:06.7547260Z   future                         1.0.0                pyhd8ed1ab_0             conda-forge
2025-01-13T17:44:06.7547780Z   gdk-pixbuf                     2.42.12              h7ddc832_0               conda-forge
2025-01-13T17:44:06.7548190Z   gettext                        0.22.5               h8fbad5d_2               conda-forge
2025-01-13T17:44:06.7548830Z   gettext-tools                  0.22.5               h8fbad5d_2               conda-forge
2025-01-13T17:44:06.7549380Z   giflib                         5.2.2                h93a5062_0               conda-forge
2025-01-13T17:44:06.7550390Z   git-lfs                        3.5.1                hce30654_0               conda-forge
2025-01-13T17:44:06.7550720Z   gmp                            6.3.0                hebf3989_1               conda-forge
2025-01-13T17:44:06.7551220Z   gmpy2                          2.1.5                py312hfa9fade_1          conda-forge
2025-01-13T17:44:06.7552480Z   graphite2                      1.3.13               hebf3989_1003            conda-forge
2025-01-13T17:44:06.7552840Z   graphviz                       11.0.0               h9bb9bc9_0               conda-forge
2025-01-13T17:44:06.7553290Z   gtk2                           2.24.33              h7895bb2_4               conda-forge
2025-01-13T17:44:06.7553660Z   gts                            0.7.6                he42f4ea_4               conda-forge
2025-01-13T17:44:06.7554140Z   h11                            0.14.0               pyhd8ed1ab_0             conda-forge
2025-01-13T17:44:06.7554530Z   h2                             4.1.0                pyhd8ed1ab_0             conda-forge
2025-01-13T17:44:06.7554990Z   h5py                           3.11.0               nompi_py312h903599c_102  conda-forge
2025-01-13T17:44:06.7555400Z   harfbuzz                       8.5.0                h1836168_0               conda-forge
2025-01-13T17:44:06.7555910Z   hdf5                           1.14.3               nompi_hec07895_105       conda-forge
2025-01-13T17:44:06.7556300Z   hpack                          4.0.0                pyh9f0ad1d_0             conda-forge
2025-01-13T17:44:06.7557190Z   httpcore                       1.0.5                pyhd8ed1ab_0             conda-forge
2025-01-13T17:44:06.7557590Z   httpx                          0.27.0               pyhd8ed1ab_0             conda-forge
2025-01-13T17:44:06.7558080Z   hyperframe                     6.0.1                pyhd8ed1ab_0             conda-forge
2025-01-13T17:44:06.7558660Z   icu                            73.2                 hc8870d7_0               conda-forge
2025-01-13T17:44:06.7559020Z   idna                           3.7                  pyhd8ed1ab_0             conda-forge
2025-01-13T17:44:06.7559520Z   imagesize                      1.4.1                pyhd8ed1ab_0             conda-forge
2025-01-13T17:44:06.7559910Z   importlib-metadata             7.1.0                pyha770c72_0             conda-forge
2025-01-13T17:44:06.7560410Z   importlib_metadata             7.1.0                hd8ed1ab_0               conda-forge
2025-01-13T17:44:06.7561080Z   importlib_resources            6.4.0                pyhd8ed1ab_0             conda-forge
2025-01-13T17:44:06.7561790Z   iniconfig                      2.0.0                pyhd8ed1ab_0             conda-forge
2025-01-13T17:44:06.7593800Z   ipykernel                      6.29.4               pyh57ce528_0             conda-forge
2025-01-13T17:44:06.7594180Z   ipython                        8.25.0               pyh707e725_0             conda-forge
2025-01-13T17:44:06.7594500Z   ipython_genutils               0.2.0                pyhd8ed1ab_1             conda-forge
2025-01-13T17:44:06.7594860Z   ipywidgets                     7.8.0                pyhd8ed1ab_0             conda-forge
2025-01-13T17:44:06.7596760Z   isoduration                    20.11.0              pyhd8ed1ab_0             conda-forge
2025-01-13T17:44:06.7597130Z   jedi                           0.19.1               pyhd8ed1ab_0             conda-forge
2025-01-13T17:44:06.7597560Z   jinja2                         3.1.4                pyhd8ed1ab_0             conda-forge
2025-01-13T17:44:06.7597880Z   json5                          0.9.25               pyhd8ed1ab_0             conda-forge
2025-01-13T17:44:06.7598260Z   jsonpointer                    3.0.0                py312h81bd7bf_0          conda-forge
2025-01-13T17:44:06.7598640Z   jsonschema                     4.22.0               pyhd8ed1ab_0             conda-forge
2025-01-13T17:44:06.7599110Z   jsonschema-specifications      2023.12.1            pyhd8ed1ab_0             conda-forge
2025-01-13T17:44:06.7599970Z   jsonschema-with-format-nongpl  4.22.0               pyhd8ed1ab_0             conda-forge
2025-01-13T17:44:06.7600420Z   jupyter-lsp                    2.2.5                pyhd8ed1ab_0             conda-forge
2025-01-13T17:44:06.7600890Z   jupyter_client                 8.6.2                pyhd8ed1ab_0             conda-forge
2025-01-13T17:44:06.7601270Z   jupyter_core                   5.7.2                py312h81bd7bf_0          conda-forge
2025-01-13T17:44:06.7601670Z   jupyter_events                 0.10.0               pyhd8ed1ab_0             conda-forge
2025-01-13T17:44:06.7602020Z   jupyter_server                 2.14.1               pyhd8ed1ab_0             conda-forge
2025-01-13T17:44:06.7602440Z   jupyter_server_terminals       0.5.3                pyhd8ed1ab_0             conda-forge
2025-01-13T17:44:06.7602810Z   jupyterlab                     4.2.2                pyhd8ed1ab_0             conda-forge
2025-01-13T17:44:06.7603220Z   jupyterlab_pygments            0.3.0                pyhd8ed1ab_1             conda-forge
2025-01-13T17:44:06.7603640Z   jupyterlab_server              2.27.2               pyhd8ed1ab_0             conda-forge
2025-01-13T17:44:06.7604010Z   jupyterlab_widgets             1.1.7                pyhd8ed1ab_0             conda-forge
2025-01-13T17:44:06.7604420Z   kiwisolver                     1.4.5                py312h389731b_1          conda-forge
2025-01-13T17:44:06.7604750Z   krb5                           1.21.2               h92f50d5_0               conda-forge
2025-01-13T17:44:06.7605120Z   latexcodec                     2.0.1                pyh9f0ad1d_0             conda-forge
2025-01-13T17:44:06.7605450Z   lcms2                          2.16                 ha0e7c42_0               conda-forge
2025-01-13T17:44:06.7605820Z   lerc                           4.0.0                h9a09cb3_0               conda-forge
2025-01-13T17:44:06.7606140Z   libaec                         1.1.3                hebf3989_0               conda-forge
2025-01-13T17:44:06.7606540Z   libasprintf                    0.22.5               h8fbad5d_2               conda-forge
2025-01-13T17:44:06.7606910Z   libasprintf-devel              0.22.5               h8fbad5d_2               conda-forge
2025-01-13T17:44:06.7607320Z   libblas                        3.9.0                22_osxarm64_openblas     conda-forge
2025-01-13T17:44:06.7607680Z   libbrotlicommon                1.1.0                hb547adb_1               conda-forge
2025-01-13T17:44:06.7608090Z   libbrotlidec                   1.1.0                hb547adb_1               conda-forge
2025-01-13T17:44:06.7608490Z   libbrotlienc                   1.1.0                hb547adb_1               conda-forge
2025-01-13T17:44:06.7609990Z   libcblas                       3.9.0                22_osxarm64_openblas     conda-forge
2025-01-13T17:44:06.7610980Z   libcurl                        8.8.0                h7b6f9a7_0               conda-forge
2025-01-13T17:44:06.7612020Z   libcxx                         17.0.6               h5f092b4_0               conda-forge
2025-01-13T17:44:06.7612410Z   libdeflate                     1.20                 h93a5062_0               conda-forge
2025-01-13T17:44:06.7612750Z   libedit                        3.1.20191231         hc8eb9b7_2               conda-forge
2025-01-13T17:44:06.7613430Z   libev                          4.33                 h93a5062_2               conda-forge
2025-01-13T17:44:06.7613780Z   libexpat                       2.6.2                hebf3989_0               conda-forge
2025-01-13T17:44:06.7614180Z   libffi                         3.4.2                h3422bc3_5               conda-forge
2025-01-13T17:44:06.7614500Z   libgd                          2.3.3                hfdf3952_9               conda-forge
2025-01-13T17:44:06.7614900Z   libgettextpo                   0.22.5               h8fbad5d_2               conda-forge
2025-01-13T17:44:06.7615220Z   libgettextpo-devel             0.22.5               h8fbad5d_2               conda-forge
2025-01-13T17:44:06.7615720Z   libgfortran                    5.0.0                13_2_0_hd922786_3        conda-forge
2025-01-13T17:44:06.7616180Z   libgfortran5                   13.2.0               hf226fd6_3               conda-forge
2025-01-13T17:44:06.7616600Z   libglib                        2.80.2               h59d46d9_1               conda-forge
2025-01-13T17:44:06.7616990Z   libiconv                       1.17                 h0d3ecfb_2               conda-forge
2025-01-13T17:44:06.7617340Z   libintl                        0.22.5               h8fbad5d_2               conda-forge
2025-01-13T17:44:06.7617750Z   libintl-devel                  0.22.5               h8fbad5d_2               conda-forge
2025-01-13T17:44:06.7618140Z   libjpeg-turbo                  3.0.0                hb547adb_1               conda-forge
2025-01-13T17:44:06.7618490Z   liblapack                      3.9.0                22_osxarm64_openblas     conda-forge
2025-01-13T17:44:06.7618870Z   libllvm14                      14.0.6               hd1a9a77_4               conda-forge
2025-01-13T17:44:06.7619340Z   libnghttp2                     1.58.0               ha4dd798_1               conda-forge
2025-01-13T17:44:06.7619690Z   libopenblas                    0.3.27               openmp_h6c19121_0        conda-forge
2025-01-13T17:44:06.7620080Z   libpng                         1.6.43               h091b4b1_0               conda-forge
2025-01-13T17:44:06.7620410Z   librsvg                        2.58.1               hbc281fb_0               conda-forge
2025-01-13T17:44:06.7620800Z   libsodium                      1.0.18               h27ca646_1               conda-forge
2025-01-13T17:44:06.7621210Z   libsqlite                      3.46.0               hfb93653_0               conda-forge
2025-01-13T17:44:06.7621560Z   libssh2                        1.11.0               h7a5bd25_0               conda-forge
2025-01-13T17:44:06.7621890Z   libtiff                        4.6.0                h07db509_3               conda-forge
2025-01-13T17:44:06.7622220Z   libwebp                        1.4.0                h54798ee_0               conda-forge
2025-01-13T17:44:06.7622600Z   libwebp-base                   1.4.0                h93a5062_0               conda-forge
2025-01-13T17:44:06.7622960Z   libxcb                         1.16                 hf2054a2_0               conda-forge
2025-01-13T17:44:06.7623330Z   libxml2                        2.12.7               ha661575_1               conda-forge
2025-01-13T17:44:06.7623750Z   libxslt                        1.1.39               h223e5b9_0               conda-forge
2025-01-13T17:44:06.7624100Z   libzlib                        1.3.1                hfb2fe0b_1               conda-forge
2025-01-13T17:44:06.7624510Z   llvm-openmp                    18.1.7               hde57baf_0               conda-forge
2025-01-13T17:44:06.7624850Z   llvmlite                       0.42.0               py312h17030e7_1          conda-forge
2025-01-13T17:44:06.7625250Z   lxml                           5.2.2                py312h0e5ab22_0          conda-forge
2025-01-13T17:44:06.7625610Z   lz4-c                          1.9.4                hb7217d7_0               conda-forge
2025-01-13T17:44:06.7625990Z   markupsafe                     2.1.5                py312he37b823_0          conda-forge
2025-01-13T17:44:06.7626660Z   matplotlib-base                3.8.4                py312h4479663_2          conda-forge
2025-01-13T17:44:06.7627100Z   matplotlib-inline              0.1.7                pyhd8ed1ab_0             conda-forge
2025-01-13T17:44:06.7627550Z   mistune                        3.0.2                pyhd8ed1ab_0             conda-forge
2025-01-13T17:44:06.7627820Z   mpc                            1.3.1                h91ba8db_0               conda-forge
2025-01-13T17:44:06.7628140Z   mpfr                           4.2.1                h41d338b_1               conda-forge
2025-01-13T17:44:06.7628470Z   mpmath                         1.3.0                pyhd8ed1ab_0             conda-forge
2025-01-13T17:44:06.7629050Z   munkres                        1.1.4                pyh9f0ad1d_0             conda-forge
2025-01-13T17:44:06.7629450Z   mypy_extensions                1.0.0                pyha770c72_0             conda-forge
2025-01-13T17:44:06.7629920Z   nbclassic                      1.1.0                pyhd8ed1ab_0             conda-forge
2025-01-13T17:44:06.7630260Z   nbclient                       0.10.0               pyhd8ed1ab_0             conda-forge
2025-01-13T17:44:06.7630610Z   nbconvert                      7.16.4               hd8ed1ab_1               conda-forge
2025-01-13T17:44:06.7630910Z   nbconvert-core                 7.16.4               pyhd8ed1ab_1             conda-forge
2025-01-13T17:44:06.7631340Z   nbconvert-pandoc               7.16.4               hd8ed1ab_1               conda-forge
2025-01-13T17:44:06.7631710Z   nbformat                       5.10.4               pyhd8ed1ab_0             conda-forge
2025-01-13T17:44:06.7632120Z   nbsphinx                       0.9.4                pyhd8ed1ab_0             conda-forge
2025-01-13T17:44:06.7632470Z   ncurses                        6.5                  hb89a1cb_0               conda-forge
2025-01-13T17:44:06.7632820Z   nest-asyncio                   1.6.0                pyhd8ed1ab_0             conda-forge
2025-01-13T17:44:06.7636820Z   networkx                       3.3                  pyhd8ed1ab_1             conda-forge
2025-01-13T17:44:06.7637220Z   notebook                       7.2.1                pyhd8ed1ab_0             conda-forge
2025-01-13T17:44:06.7637670Z   notebook-shim                  0.2.4                pyhd8ed1ab_0             conda-forge
2025-01-13T17:44:06.7638030Z   numba                          0.59.1               py312hbaff935_0          conda-forge
2025-01-13T17:44:06.7638450Z   numexpr                        2.10.0               py312h8ae5369_0          conda-forge
2025-01-13T17:44:06.7638750Z   numpy                          1.26.4               py312h8442bc7_0          conda-forge
2025-01-13T17:44:06.7639240Z   numpydoc                       1.7.0                pyhd8ed1ab_1             conda-forge
2025-01-13T17:44:06.7639540Z   openjpeg                       2.5.2                h9f1df11_0               conda-forge
2025-01-13T17:44:06.7639950Z   openssl                        3.3.1                hfb2fe0b_0               conda-forge
2025-01-13T17:44:06.7640310Z   overrides                      7.7.0                pyhd8ed1ab_0             conda-forge
2025-01-13T17:44:06.7640630Z   packaging                      24.1                 pyhd8ed1ab_0             conda-forge
2025-01-13T17:44:06.7640920Z   pandas                         2.2.2                py312h8ae5369_1          conda-forge
2025-01-13T17:44:06.7641250Z   pandoc                         3.2                  hce30654_0               conda-forge
2025-01-13T17:44:06.7641640Z   pandocfilters                  1.5.0                pyhd8ed1ab_0             conda-forge
2025-01-13T17:44:06.7641970Z   pango                          1.54.0               h5cb9fbc_0               conda-forge
2025-01-13T17:44:06.7642280Z   parso                          0.8.4                pyhd8ed1ab_0             conda-forge
2025-01-13T17:44:06.7642580Z   pathspec                       0.12.1               pyhd8ed1ab_0             conda-forge
2025-01-13T17:44:06.7643380Z   pbr                            6.0.0                pyhd8ed1ab_0             conda-forge
2025-01-13T17:44:06.7643720Z   pcre2                          10.44                h297a79d_0               conda-forge
2025-01-13T17:44:06.7644010Z   pexpect                        4.9.0                pyhd8ed1ab_0             conda-forge
2025-01-13T17:44:06.7644320Z   pickleshare                    0.7.5                py_1003                  conda-forge
2025-01-13T17:44:06.7644620Z   pillow                         10.3.0               py312h39b1d8d_1          conda-forge
2025-01-13T17:44:06.7644900Z   pip                            24.0                 pyhd8ed1ab_0             conda-forge
2025-01-13T17:44:06.7645170Z   pixman                         0.43.4               hebf3989_0               conda-forge
2025-01-13T17:44:06.7645910Z   pkgutil-resolve-name           1.3.10               pyhd8ed1ab_1             conda-forge
2025-01-13T17:44:06.7646250Z   platformdirs                   4.2.2                pyhd8ed1ab_0             conda-forge
2025-01-13T17:44:06.7646580Z   plotly                         5.22.0               pyhd8ed1ab_0             conda-forge
2025-01-13T17:44:06.7646870Z   pluggy                         1.5.0                pyhd8ed1ab_0             conda-forge
2025-01-13T17:44:06.7647180Z   prometheus_client              0.20.0               pyhd8ed1ab_0             conda-forge
2025-01-13T17:44:06.7647510Z   prompt-toolkit                 3.0.47               pyha770c72_0             conda-forge
2025-01-13T17:44:06.7647880Z   psutil                         5.9.8                py312he37b823_0          conda-forge
2025-01-13T17:44:06.7648280Z   pthread-stubs                  0.4                  h27ca646_1001            conda-forge
2025-01-13T17:44:06.7648610Z   ptyprocess                     0.7.0                pyhd3deb0d_0             conda-forge
2025-01-13T17:44:06.7648960Z   pure_eval                      0.2.2                pyhd8ed1ab_0             conda-forge
2025-01-13T17:44:06.7649300Z   py-cpuinfo                     9.0.0                pyhd8ed1ab_0             conda-forge
2025-01-13T17:44:06.7649610Z   pybtex                         0.24.0               pyhd8ed1ab_2             conda-forge
2025-01-13T17:44:06.7649930Z   pybtex-docutils                1.0.3                py312h81bd7bf_1          conda-forge
2025-01-13T17:44:06.7650270Z   pycparser                      2.22                 pyhd8ed1ab_0             conda-forge
2025-01-13T17:44:06.7650570Z   pyerfa                         2.0.1.4              py312hbebd99a_1          conda-forge
2025-01-13T17:44:06.7650860Z   pygments                       2.18.0               pyhd8ed1ab_0             conda-forge
2025-01-13T17:44:06.7651170Z   pygraphviz                     1.13                 py312h5f4d302_1          conda-forge
2025-01-13T17:44:06.7651490Z   pyobjc-core                    10.3.1               py312hbb55c70_0          conda-forge
2025-01-13T17:44:06.7651850Z   pyobjc-framework-cocoa         10.3.1               py312hbb55c70_0          conda-forge
2025-01-13T17:44:06.7652200Z   pyparsing                      3.1.2                pyhd8ed1ab_0             conda-forge
2025-01-13T17:44:06.7652520Z   pysocks                        1.7.1                pyha2e5f31_6             conda-forge
2025-01-13T17:44:06.7652810Z   pytables                       3.9.2                py312hb622ae1_2          conda-forge
2025-01-13T17:44:06.7653090Z   pytest                         8.2.2                pyhd8ed1ab_0             conda-forge
2025-01-13T17:44:06.7653380Z   pytest-cov                     5.0.0                pyhd8ed1ab_0             conda-forge
2025-01-13T17:44:06.7653700Z   pytest-doctestplus             1.2.1                pyhd8ed1ab_0             conda-forge
2025-01-13T17:44:06.7654030Z   pytest-html                    4.1.1                pyhd8ed1ab_0             conda-forge
2025-01-13T17:44:06.7654340Z   pytest-metadata                3.1.1                pyhd8ed1ab_0             conda-forge
2025-01-13T17:44:06.7655040Z   python                         3.12.4               h30c5eda_0_cpython       conda-forge
2025-01-13T17:44:06.7655380Z   python-dateutil                2.9.0                pyhd8ed1ab_0             conda-forge
2025-01-13T17:44:06.7655730Z   python-fastjsonschema          2.20.0               pyhd8ed1ab_0             conda-forge
2025-01-13T17:44:06.7656090Z   python-json-logger             2.0.7                pyhd8ed1ab_0             conda-forge
2025-01-13T17:44:06.7656420Z   python-tzdata                  2024.1               pyhd8ed1ab_0             conda-forge
2025-01-13T17:44:06.7656730Z   python_abi                     3.12                 4_cp312                  conda-forge
2025-01-13T17:44:06.7657010Z   pytz                           2024.1               pyhd8ed1ab_0             conda-forge
2025-01-13T17:44:06.7657490Z   pyyaml                         6.0.1                py312h02f2b3b_1          conda-forge
2025-01-13T17:44:06.7657770Z   pyzmq                          26.0.3               py312hfa13136_0          conda-forge
2025-01-13T17:44:06.7658080Z   qgrid                          1.3.1                pyhd8ed1ab_4             conda-forge
2025-01-13T17:44:06.7658400Z   radioactivedecay               0.5.1                pyhd8ed1ab_0             conda-forge
2025-01-13T17:44:06.7658730Z   readline                       8.2                  h92ec313_1               conda-forge
2025-01-13T17:44:06.7659060Z   recommonmark                   0.7.1                pyhd8ed1ab_0             conda-forge
2025-01-13T17:44:06.7659370Z   referencing                    0.35.1               pyhd8ed1ab_0             conda-forge
2025-01-13T17:44:06.7659680Z   requests                       2.32.3               pyhd8ed1ab_0             conda-forge
2025-01-13T17:44:06.7659990Z   rfc3339-validator              0.1.4                pyhd8ed1ab_0             conda-forge
2025-01-13T17:44:06.7660350Z   rfc3986-validator              0.1.1                pyh9f0ad1d_0             conda-forge
2025-01-13T17:44:06.7660670Z   rpds-py                        0.18.1               py312h552d48e_0          conda-forge
2025-01-13T17:44:06.7660940Z   ruff                           0.4.9                py312h3402d49_0          conda-forge
2025-01-13T17:44:06.7661210Z   scipy                          1.13.1               py312h14ffa8f_0          conda-forge
2025-01-13T17:44:06.7661500Z   send2trash                     1.8.3                pyh31c8845_0             conda-forge
2025-01-13T17:44:06.7661800Z   setuptools                     70.0.0               pyhd8ed1ab_0             conda-forge
2025-01-13T17:44:06.7662140Z   setuptools-scm                 8.1.0                pyhd8ed1ab_0             conda-forge
2025-01-13T17:44:06.7662480Z   setuptools_scm                 8.1.0                hd8ed1ab_0               conda-forge
2025-01-13T17:44:06.7662770Z   six                            1.16.0               pyh6c4a22f_0             conda-forge
2025-01-13T17:44:06.7663050Z   snakeviz                       2.2.0                pyhd8ed1ab_0             conda-forge
2025-01-13T17:44:06.7663340Z   snappy                         1.2.0                hd04f947_1               conda-forge
2025-01-13T17:44:06.7663620Z   sniffio                        1.3.1                pyhd8ed1ab_0             conda-forge
2025-01-13T17:44:06.7663930Z   snowballstemmer                2.2.0                pyhd8ed1ab_0             conda-forge
2025-01-13T17:44:06.7664240Z   soupsieve                      2.5                  pyhd8ed1ab_1             conda-forge
2025-01-13T17:44:06.7664520Z   sphinx                         7.3.7                pyhd8ed1ab_0             conda-forge
2025-01-13T17:44:06.7664830Z   sphinx-astropy                 1.9.1                pyhd8ed1ab_0             conda-forge
2025-01-13T17:44:06.7665170Z   sphinx-automodapi              0.17.0               pyh717bed2_1             conda-forge
2025-01-13T17:44:06.7665500Z   sphinx-gallery                 0.16.0               pyhd8ed1ab_0             conda-forge
2025-01-13T17:44:06.7665990Z   sphinx-jsonschema              1.19.1               pyhd8ed1ab_0             conda-forge
2025-01-13T17:44:06.7666350Z   sphinx_bootstrap_theme         0.8.1                pyhd8ed1ab_0             conda-forge
2025-01-13T17:44:06.7666690Z   sphinx_rtd_theme               2.0.0                pyha770c72_0             conda-forge
2025-01-13T17:44:06.7667020Z   sphinxcontrib-apidoc           0.3.0                py_1                     conda-forge
2025-01-13T17:44:06.7667380Z   sphinxcontrib-applehelp        1.0.8                pyhd8ed1ab_0             conda-forge
2025-01-13T17:44:06.7667750Z   sphinxcontrib-bibtex           2.6.2                pyhd8ed1ab_0             conda-forge
2025-01-13T17:44:06.7668110Z   sphinxcontrib-devhelp          1.0.6                pyhd8ed1ab_0             conda-forge
2025-01-13T17:44:06.7668650Z   sphinxcontrib-htmlhelp         2.0.5                pyhd8ed1ab_0             conda-forge
2025-01-13T17:44:06.7669010Z   sphinxcontrib-jquery           4.1                  pyhd8ed1ab_0             conda-forge
2025-01-13T17:44:06.7669370Z   sphinxcontrib-jsmath           1.0.1                pyhd8ed1ab_0             conda-forge
2025-01-13T17:44:06.7669730Z   sphinxcontrib-qthelp           1.0.7                pyhd8ed1ab_0             conda-forge
2025-01-13T17:44:06.7670120Z   sphinxcontrib-serializinghtml  1.1.10               pyhd8ed1ab_0             conda-forge
2025-01-13T17:44:06.7670490Z   stack_data                     0.6.2                pyhd8ed1ab_0             conda-forge
2025-01-13T17:44:06.7670780Z   sympy                          1.12.1               pypyh2585a3b_103         conda-forge
2025-01-13T17:44:06.7671070Z   tabulate                       0.9.0                pyhd8ed1ab_1             conda-forge
2025-01-13T17:44:06.7671370Z   tenacity                       8.4.1                pyhd8ed1ab_0             conda-forge
2025-01-13T17:44:06.7671670Z   terminado                      0.18.1               pyh31c8845_0             conda-forge
2025-01-13T17:44:06.7671970Z   tinycss2                       1.3.0                pyhd8ed1ab_0             conda-forge
2025-01-13T17:44:06.7672240Z   tk                             8.6.13               h5083fa2_1               conda-forge
2025-01-13T17:44:06.7672510Z   toml                           0.10.2               pyhd8ed1ab_0             conda-forge
2025-01-13T17:44:06.7672780Z   tomli                          2.0.1                pyhd8ed1ab_0             conda-forge
2025-01-13T17:44:06.7673060Z   tornado                        6.4.1                py312h7e5086c_0          conda-forge
2025-01-13T17:44:06.7673350Z   tqdm                           4.66.4               pyhd8ed1ab_0             conda-forge
2025-01-13T17:44:06.7673650Z   traitlets                      5.14.3               pyhd8ed1ab_0             conda-forge
2025-01-13T17:44:06.7673950Z   typed-ast                      1.5.5                py312h02f2b3b_1          conda-forge
2025-01-13T17:44:06.7674290Z   types-python-dateutil          2.9.0.20240316       pyhd8ed1ab_0             conda-forge
2025-01-13T17:44:06.7674650Z   typing-extensions              4.12.2               hd8ed1ab_0               conda-forge
2025-01-13T17:44:06.7674990Z   typing_extensions              4.12.2               pyha770c72_0             conda-forge
2025-01-13T17:44:06.7675310Z   typing_utils                   0.1.0                pyhd8ed1ab_0             conda-forge
2025-01-13T17:44:06.7675610Z   tzdata                         2024a                h0c530f3_0               conda-forge
2025-01-13T17:44:06.7675910Z   uri-template                   1.3.0                pyhd8ed1ab_0             conda-forge
2025-01-13T17:44:06.7676210Z   urllib3                        2.2.2                pyhd8ed1ab_0             conda-forge
2025-01-13T17:44:06.7676630Z   wcwidth                        0.2.13               pyhd8ed1ab_0             conda-forge
2025-01-13T17:44:06.7676930Z   webcolors                      24.6.0               pyhd8ed1ab_0             conda-forge
2025-01-13T17:44:06.7677480Z   webencodings                   0.5.1                pyhd8ed1ab_2             conda-forge
2025-01-13T17:44:06.7677830Z   websocket-client               1.8.0                pyhd8ed1ab_0             conda-forge
2025-01-13T17:44:06.7678140Z   wheel                          0.43.0               pyhd8ed1ab_1             conda-forge
2025-01-13T17:44:06.7678460Z   widgetsnbextension             3.6.6                pyhd8ed1ab_0             conda-forge
2025-01-13T17:44:06.7678790Z   xorg-libxau                    1.0.11               hb547adb_0               conda-forge
2025-01-13T17:44:06.7679100Z   xorg-libxdmcp                  1.1.3                h27ca646_0               conda-forge
2025-01-13T17:44:06.7679390Z   xz                             5.2.6                h57fd34a_0               conda-forge
2025-01-13T17:44:06.7679790Z   yaml                           0.2.5                h3422bc3_2               conda-forge
2025-01-13T17:44:06.7680060Z   zeromq                         4.3.5                hcc0f68c_4               conda-forge
2025-01-13T17:44:06.7680340Z   zipp                           3.19.2               pyhd8ed1ab_0             conda-forge
2025-01-13T17:44:06.7680620Z   zlib                           1.3.1                hfb2fe0b_1               conda-forge
2025-01-13T17:44:06.7680890Z   zlib-ng                        2.0.7                h1a8c8d9_0               conda-forge
2025-01-13T17:44:06.7681160Z   zstd                           1.5.6                hb46c0d2_0               conda-forge
2025-01-13T17:44:06.7681770Z ##[endgroup]
2025-01-13T17:44:06.8068020Z ##[group]Run pip install -e . --user
2025-01-13T17:44:06.8068300Z [36;1mpip install -e . --user[0m
2025-01-13T17:44:07.0286230Z shell: /bin/bash -l {0}
2025-01-13T17:44:07.0286420Z env:
2025-01-13T17:44:07.0286570Z   CACHE_NUMBER: 0
2025-01-13T17:44:07.0287060Z   PYTEST_FLAGS: --tardis-regression-data=/Users/runner/work/tardis/tardis/tardis-regression-data --cov=tardis --cov-report=xml --cov-report=html --cov-append
2025-01-13T17:44:07.0287570Z   CODECOV_TOKEN: 
2025-01-13T17:44:07.0287740Z   MAMBA_ROOT_PREFIX: /Users/runner/micromamba
2025-01-13T17:44:07.0287980Z   MAMBA_EXE: /Users/runner/micromamba-bin/micromamba
2025-01-13T17:44:07.0288260Z   CONDARC: /Users/runner/work/_temp/setup-micromamba/.condarc
2025-01-13T17:44:07.0288510Z ##[endgroup]
2025-01-13T17:44:08.3776230Z Obtaining file:///Users/runner/work/tardis/tardis
2025-01-13T17:44:08.3805900Z   Installing build dependencies: started
2025-01-13T17:44:11.1728960Z   Installing build dependencies: finished with status 'done'
2025-01-13T17:44:11.1806370Z   Checking if build backend supports build_editable: started
2025-01-13T17:44:11.2860810Z   Checking if build backend supports build_editable: finished with status 'done'
2025-01-13T17:44:11.2871130Z   Getting requirements to build editable: started
2025-01-13T17:44:11.7816440Z   Getting requirements to build editable: finished with status 'done'
2025-01-13T17:44:11.7831140Z   Preparing editable metadata (pyproject.toml): started
2025-01-13T17:44:12.1699790Z   Preparing editable metadata (pyproject.toml): finished with status 'done'
2025-01-13T17:44:12.2125020Z Requirement already satisfied: astropy in /Users/runner/micromamba/envs/tardis/lib/python3.12/site-packages (from tardis==0.0.0) (6.1.1)
2025-01-13T17:44:12.2394910Z Requirement already satisfied: numpy>=1.23 in /Users/runner/micromamba/envs/tardis/lib/python3.12/site-packages (from astropy->tardis==0.0.0) (1.26.4)
2025-01-13T17:44:12.2400890Z Requirement already satisfied: pyerfa>=2.0.1.1 in /Users/runner/micromamba/envs/tardis/lib/python3.12/site-packages (from astropy->tardis==0.0.0) (2.0.1.4)
2025-01-13T17:44:12.2407510Z Requirement already satisfied: astropy-iers-data>=0.2024.5.27.0.30.8 in /Users/runner/micromamba/envs/tardis/lib/python3.12/site-packages (from astropy->tardis==0.0.0) (0.2024.6.17.0.31.35)
2025-01-13T17:44:12.2412380Z Requirement already satisfied: PyYAML>=3.13 in /Users/runner/micromamba/envs/tardis/lib/python3.12/site-packages (from astropy->tardis==0.0.0) (6.0.1)
2025-01-13T17:44:12.2418390Z Requirement already satisfied: packaging>=19.0 in /Users/runner/micromamba/envs/tardis/lib/python3.12/site-packages (from astropy->tardis==0.0.0) (24.1)
2025-01-13T17:44:12.2477360Z Building wheels for collected packages: tardis
2025-01-13T17:44:12.2484570Z   Building editable for tardis (pyproject.toml): started
2025-01-13T17:44:12.9074280Z   Building editable for tardis (pyproject.toml): finished with status 'done'
2025-01-13T17:44:12.9082370Z   Created wheel for tardis: filename=tardis-0.0.0-0.editable-py3-none-any.whl size=8876 sha256=5fab47915b882a8912cd09d584753b509f85e13e020df91e6d1eaf14034d0c2c
2025-01-13T17:44:12.9083500Z   Stored in directory: /private/var/folders/ml/x_tvfgn50_s7p67dm1ypcqqm0000gn/T/pip-ephem-wheel-cache-ec2tnntt/wheels/bb/4f/6a/0829b918c1c10bc28535ce7f14be21eee54375bdd9cd0c306a
2025-01-13T17:44:12.9112160Z Successfully built tardis
2025-01-13T17:44:13.4674710Z Installing collected packages: tardis
2025-01-13T17:44:13.4739960Z Successfully installed tardis-0.0.0
2025-01-13T17:44:13.7280380Z ##[group]Run pip install qgridnext
2025-01-13T17:44:13.7280730Z [36;1mpip install qgridnext[0m
2025-01-13T17:44:13.7360670Z shell: /bin/bash -l {0}
2025-01-13T17:44:13.7360860Z env:
2025-01-13T17:44:13.7361050Z   CACHE_NUMBER: 0
2025-01-13T17:44:13.7361530Z   PYTEST_FLAGS: --tardis-regression-data=/Users/runner/work/tardis/tardis/tardis-regression-data --cov=tardis --cov-report=xml --cov-report=html --cov-append
2025-01-13T17:44:13.7362040Z   CODECOV_TOKEN: 
2025-01-13T17:44:13.7362210Z   MAMBA_ROOT_PREFIX: /Users/runner/micromamba
2025-01-13T17:44:13.7362500Z   MAMBA_EXE: /Users/runner/micromamba-bin/micromamba
2025-01-13T17:44:13.7362790Z   CONDARC: /Users/runner/work/_temp/setup-micromamba/.condarc
2025-01-13T17:44:13.7363050Z ##[endgroup]
2025-01-13T17:44:14.3685680Z Collecting qgridnext
2025-01-13T17:44:14.4016480Z   Downloading qgridnext-2.0.4-py3-none-any.whl.metadata (9.9 kB)
2025-01-13T17:44:14.4180010Z Requirement already satisfied: pandas>=0.20.0 in /Users/runner/micromamba/envs/tardis/lib/python3.12/site-packages (from qgridnext) (2.2.2)
2025-01-13T17:44:14.4184970Z Requirement already satisfied: ipywidgets>=7.0.0 in /Users/runner/micromamba/envs/tardis/lib/python3.12/site-packages (from qgridnext) (7.8.0)
2025-01-13T17:44:14.4191830Z Requirement already satisfied: numpy in /Users/runner/micromamba/envs/tardis/lib/python3.12/site-packages (from qgridnext) (1.26.4)
2025-01-13T17:44:14.4198230Z Requirement already satisfied: traitlets in /Users/runner/micromamba/envs/tardis/lib/python3.12/site-packages (from qgridnext) (5.14.3)
2025-01-13T17:44:14.4252600Z Requirement already satisfied: comm>=0.1.3 in /Users/runner/micromamba/envs/tardis/lib/python3.12/site-packages (from ipywidgets>=7.0.0->qgridnext) (0.2.2)
2025-01-13T17:44:14.4256770Z Requirement already satisfied: ipython-genutils~=0.2.0 in /Users/runner/micromamba/envs/tardis/lib/python3.12/site-packages (from ipywidgets>=7.0.0->qgridnext) (0.2.0)
2025-01-13T17:44:14.4265620Z Requirement already satisfied: widgetsnbextension~=3.6.5 in /Users/runner/micromamba/envs/tardis/lib/python3.12/site-packages (from ipywidgets>=7.0.0->qgridnext) (3.6.6)
2025-01-13T17:44:14.4274030Z Requirement already satisfied: ipython>=4.0.0 in /Users/runner/micromamba/envs/tardis/lib/python3.12/site-packages (from ipywidgets>=7.0.0->qgridnext) (8.25.0)
2025-01-13T17:44:14.4282350Z Requirement already satisfied: jupyterlab-widgets<3,>=1.0.0 in /Users/runner/micromamba/envs/tardis/lib/python3.12/site-packages (from ipywidgets>=7.0.0->qgridnext) (1.1.7)
2025-01-13T17:44:14.4563920Z Requirement already satisfied: python-dateutil>=2.8.2 in /Users/runner/micromamba/envs/tardis/lib/python3.12/site-packages (from pandas>=0.20.0->qgridnext) (2.9.0)
2025-01-13T17:44:14.4572070Z Requirement already satisfied: pytz>=2020.1 in /Users/runner/micromamba/envs/tardis/lib/python3.12/site-packages (from pandas>=0.20.0->qgridnext) (2024.1)
2025-01-13T17:44:14.4577470Z Requirement already satisfied: tzdata>=2022.7 in /Users/runner/micromamba/envs/tardis/lib/python3.12/site-packages (from pandas>=0.20.0->qgridnext) (2024.1)
2025-01-13T17:44:14.4779150Z Requirement already satisfied: decorator in /Users/runner/micromamba/envs/tardis/lib/python3.12/site-packages (from ipython>=4.0.0->ipywidgets>=7.0.0->qgridnext) (5.1.1)
2025-01-13T17:44:14.4792110Z Requirement already satisfied: jedi>=0.16 in /Users/runner/micromamba/envs/tardis/lib/python3.12/site-packages (from ipython>=4.0.0->ipywidgets>=7.0.0->qgridnext) (0.19.1)
2025-01-13T17:44:14.4797340Z Requirement already satisfied: matplotlib-inline in /Users/runner/micromamba/envs/tardis/lib/python3.12/site-packages (from ipython>=4.0.0->ipywidgets>=7.0.0->qgridnext) (0.1.7)
2025-01-13T17:44:14.4803260Z Requirement already satisfied: prompt-toolkit<3.1.0,>=3.0.41 in /Users/runner/micromamba/envs/tardis/lib/python3.12/site-packages (from ipython>=4.0.0->ipywidgets>=7.0.0->qgridnext) (3.0.47)
2025-01-13T17:44:14.4809280Z Requirement already satisfied: pygments>=2.4.0 in /Users/runner/micromamba/envs/tardis/lib/python3.12/site-packages (from ipython>=4.0.0->ipywidgets>=7.0.0->qgridnext) (2.18.0)
2025-01-13T17:44:14.4815590Z Requirement already satisfied: stack-data in /Users/runner/micromamba/envs/tardis/lib/python3.12/site-packages (from ipython>=4.0.0->ipywidgets>=7.0.0->qgridnext) (0.6.2)
2025-01-13T17:44:14.4831670Z Requirement already satisfied: pexpect>4.3 in /Users/runner/micromamba/envs/tardis/lib/python3.12/site-packages (from ipython>=4.0.0->ipywidgets>=7.0.0->qgridnext) (4.9.0)
2025-01-13T17:44:14.4865820Z Requirement already satisfied: six>=1.5 in /Users/runner/micromamba/envs/tardis/lib/python3.12/site-packages (from python-dateutil>=2.8.2->pandas>=0.20.0->qgridnext) (1.16.0)
2025-01-13T17:44:14.4903400Z Requirement already satisfied: notebook>=4.4.1 in /Users/runner/micromamba/envs/tardis/lib/python3.12/site-packages (from widgetsnbextension~=3.6.5->ipywidgets>=7.0.0->qgridnext) (7.2.1)
2025-01-13T17:44:14.5026590Z Requirement already satisfied: parso<0.9.0,>=0.8.3 in /Users/runner/micromamba/envs/tardis/lib/python3.12/site-packages (from jedi>=0.16->ipython>=4.0.0->ipywidgets>=7.0.0->qgridnext) (0.8.4)
2025-01-13T17:44:14.5129230Z Requirement already satisfied: jupyter-server<3,>=2.4.0 in /Users/runner/micromamba/envs/tardis/lib/python3.12/site-packages (from notebook>=4.4.1->widgetsnbextension~=3.6.5->ipywidgets>=7.0.0->qgridnext) (2.14.1)
2025-01-13T17:44:14.5136740Z Requirement already satisfied: jupyterlab-server<3,>=2.27.1 in /Users/runner/micromamba/envs/tardis/lib/python3.12/site-packages (from notebook>=4.4.1->widgetsnbextension~=3.6.5->ipywidgets>=7.0.0->qgridnext) (2.27.2)
2025-01-13T17:44:14.5147950Z Requirement already satisfied: jupyterlab<4.3,>=4.2.0 in /Users/runner/micromamba/envs/tardis/lib/python3.12/site-packages (from notebook>=4.4.1->widgetsnbextension~=3.6.5->ipywidgets>=7.0.0->qgridnext) (4.2.2)
2025-01-13T17:44:14.5154450Z Requirement already satisfied: notebook-shim<0.3,>=0.2 in /Users/runner/micromamba/envs/tardis/lib/python3.12/site-packages (from notebook>=4.4.1->widgetsnbextension~=3.6.5->ipywidgets>=7.0.0->qgridnext) (0.2.4)
2025-01-13T17:44:14.5160250Z Requirement already satisfied: tornado>=6.2.0 in /Users/runner/micromamba/envs/tardis/lib/python3.12/site-packages (from notebook>=4.4.1->widgetsnbextension~=3.6.5->ipywidgets>=7.0.0->qgridnext) (6.4.1)
2025-01-13T17:44:14.5179670Z Requirement already satisfied: ptyprocess>=0.5 in /Users/runner/micromamba/envs/tardis/lib/python3.12/site-packages (from pexpect>4.3->ipython>=4.0.0->ipywidgets>=7.0.0->qgridnext) (0.7.0)
2025-01-13T17:44:14.5201730Z Requirement already satisfied: wcwidth in /Users/runner/micromamba/envs/tardis/lib/python3.12/site-packages (from prompt-toolkit<3.1.0,>=3.0.41->ipython>=4.0.0->ipywidgets>=7.0.0->qgridnext) (0.2.13)
2025-01-13T17:44:14.5303680Z Requirement already satisfied: executing>=1.2.0 in /Users/runner/micromamba/envs/tardis/lib/python3.12/site-packages (from stack-data->ipython>=4.0.0->ipywidgets>=7.0.0->qgridnext) (2.0.1)
2025-01-13T17:44:14.5405360Z Requirement already satisfied: asttokens>=2.1.0 in /Users/runner/micromamba/envs/tardis/lib/python3.12/site-packages (from stack-data->ipython>=4.0.0->ipywidgets>=7.0.0->qgridnext) (2.4.1)
2025-01-13T17:44:14.5507010Z Requirement already satisfied: pure-eval in /Users/runner/micromamba/envs/tardis/lib/python3.12/site-packages (from stack-data->ipython>=4.0.0->ipywidgets>=7.0.0->qgridnext) (0.2.2)
2025-01-13T17:44:14.5608720Z Requirement already satisfied: anyio>=3.1.0 in /Users/runner/micromamba/envs/tardis/lib/python3.12/site-packages (from jupyter-server<3,>=2.4.0->notebook>=4.4.1->widgetsnbextension~=3.6.5->ipywidgets>=7.0.0->qgridnext) (4.4.0)
2025-01-13T17:44:14.5710830Z Requirement already satisfied: argon2-cffi>=21.1 in /Users/runner/micromamba/envs/tardis/lib/python3.12/site-packages (from jupyter-server<3,>=2.4.0->notebook>=4.4.1->widgetsnbextension~=3.6.5->ipywidgets>=7.0.0->qgridnext) (23.1.0)
2025-01-13T17:44:14.5813860Z Requirement already satisfied: jinja2>=3.0.3 in /Users/runner/micromamba/envs/tardis/lib/python3.12/site-packages (from jupyter-server<3,>=2.4.0->notebook>=4.4.1->widgetsnbextension~=3.6.5->ipywidgets>=7.0.0->qgridnext) (3.1.4)
2025-01-13T17:44:14.5915820Z Requirement already satisfied: jupyter-client>=7.4.4 in /Users/runner/micromamba/envs/tardis/lib/python3.12/site-packages (from jupyter-server<3,>=2.4.0->notebook>=4.4.1->widgetsnbextension~=3.6.5->ipywidgets>=7.0.0->qgridnext) (8.6.2)
2025-01-13T17:44:14.6017750Z Requirement already satisfied: jupyter-core!=5.0.*,>=4.12 in /Users/runner/micromamba/envs/tardis/lib/python3.12/site-packages (from jupyter-server<3,>=2.4.0->notebook>=4.4.1->widgetsnbextension~=3.6.5->ipywidgets>=7.0.0->qgridnext) (5.7.2)
2025-01-13T17:44:14.6119730Z Requirement already satisfied: jupyter-events>=0.9.0 in /Users/runner/micromamba/envs/tardis/lib/python3.12/site-packages (from jupyter-server<3,>=2.4.0->notebook>=4.4.1->widgetsnbextension~=3.6.5->ipywidgets>=7.0.0->qgridnext) (0.10.0)
2025-01-13T17:44:14.6221760Z Requirement already satisfied: jupyter-server-terminals>=0.4.4 in /Users/runner/micromamba/envs/tardis/lib/python3.12/site-packages (from jupyter-server<3,>=2.4.0->notebook>=4.4.1->widgetsnbextension~=3.6.5->ipywidgets>=7.0.0->qgridnext) (0.5.3)
2025-01-13T17:44:14.6324200Z Requirement already satisfied: nbconvert>=6.4.4 in /Users/runner/micromamba/envs/tardis/lib/python3.12/site-packages (from jupyter-server<3,>=2.4.0->notebook>=4.4.1->widgetsnbextension~=3.6.5->ipywidgets>=7.0.0->qgridnext) (7.16.4)
2025-01-13T17:44:14.6426250Z Requirement already satisfied: nbformat>=5.3.0 in /Users/runner/micromamba/envs/tardis/lib/python3.12/site-packages (from jupyter-server<3,>=2.4.0->notebook>=4.4.1->widgetsnbextension~=3.6.5->ipywidgets>=7.0.0->qgridnext) (5.10.4)
2025-01-13T17:44:14.6528470Z Requirement already satisfied: overrides>=5.0 in /Users/runner/micromamba/envs/tardis/lib/python3.12/site-packages (from jupyter-server<3,>=2.4.0->notebook>=4.4.1->widgetsnbextension~=3.6.5->ipywidgets>=7.0.0->qgridnext) (7.7.0)
2025-01-13T17:44:14.6630450Z Requirement already satisfied: packaging>=22.0 in /Users/runner/micromamba/envs/tardis/lib/python3.12/site-packages (from jupyter-server<3,>=2.4.0->notebook>=4.4.1->widgetsnbextension~=3.6.5->ipywidgets>=7.0.0->qgridnext) (24.1)
2025-01-13T17:44:14.6732480Z Requirement already satisfied: prometheus-client>=0.9 in /Users/runner/micromamba/envs/tardis/lib/python3.12/site-packages (from jupyter-server<3,>=2.4.0->notebook>=4.4.1->widgetsnbextension~=3.6.5->ipywidgets>=7.0.0->qgridnext) (0.20.0)
2025-01-13T17:44:14.6834660Z Requirement already satisfied: pyzmq>=24 in /Users/runner/micromamba/envs/tardis/lib/python3.12/site-packages (from jupyter-server<3,>=2.4.0->notebook>=4.4.1->widgetsnbextension~=3.6.5->ipywidgets>=7.0.0->qgridnext) (26.0.3)
2025-01-13T17:44:14.6938730Z Requirement already satisfied: send2trash>=1.8.2 in /Users/runner/micromamba/envs/tardis/lib/python3.12/site-packages (from jupyter-server<3,>=2.4.0->notebook>=4.4.1->widgetsnbextension~=3.6.5->ipywidgets>=7.0.0->qgridnext) (1.8.3)
2025-01-13T17:44:14.7041340Z Requirement already satisfied: terminado>=0.8.3 in /Users/runner/micromamba/envs/tardis/lib/python3.12/site-packages (from jupyter-server<3,>=2.4.0->notebook>=4.4.1->widgetsnbextension~=3.6.5->ipywidgets>=7.0.0->qgridnext) (0.18.1)
2025-01-13T17:44:14.7153730Z Requirement already satisfied: websocket-client>=1.7 in /Users/runner/micromamba/envs/tardis/lib/python3.12/site-packages (from jupyter-server<3,>=2.4.0->notebook>=4.4.1->widgetsnbextension~=3.6.5->ipywidgets>=7.0.0->qgridnext) (1.8.0)
2025-01-13T17:44:14.7257260Z Requirement already satisfied: async-lru>=1.0.0 in /Users/runner/micromamba/envs/tardis/lib/python3.12/site-packages (from jupyterlab<4.3,>=4.2.0->notebook>=4.4.1->widgetsnbextension~=3.6.5->ipywidgets>=7.0.0->qgridnext) (2.0.4)
2025-01-13T17:44:14.7362460Z Requirement already satisfied: httpx>=0.25.0 in /Users/runner/micromamba/envs/tardis/lib/python3.12/site-packages (from jupyterlab<4.3,>=4.2.0->notebook>=4.4.1->widgetsnbextension~=3.6.5->ipywidgets>=7.0.0->qgridnext) (0.27.0)
2025-01-13T17:44:14.7465310Z Requirement already satisfied: ipykernel>=6.5.0 in /Users/runner/micromamba/envs/tardis/lib/python3.12/site-packages (from jupyterlab<4.3,>=4.2.0->notebook>=4.4.1->widgetsnbextension~=3.6.5->ipywidgets>=7.0.0->qgridnext) (6.29.4)
2025-01-13T17:44:14.7567580Z Requirement already satisfied: jupyter-lsp>=2.0.0 in /Users/runner/micromamba/envs/tardis/lib/python3.12/site-packages (from jupyterlab<4.3,>=4.2.0->notebook>=4.4.1->widgetsnbextension~=3.6.5->ipywidgets>=7.0.0->qgridnext) (2.2.5)
2025-01-13T17:44:14.7670100Z Requirement already satisfied: setuptools>=40.1.0 in /Users/runner/micromamba/envs/tardis/lib/python3.12/site-packages (from jupyterlab<4.3,>=4.2.0->notebook>=4.4.1->widgetsnbextension~=3.6.5->ipywidgets>=7.0.0->qgridnext) (70.0.0)
2025-01-13T17:44:14.7772440Z Requirement already satisfied: babel>=2.10 in /Users/runner/micromamba/envs/tardis/lib/python3.12/site-packages (from jupyterlab-server<3,>=2.27.1->notebook>=4.4.1->widgetsnbextension~=3.6.5->ipywidgets>=7.0.0->qgridnext) (2.14.0)
2025-01-13T17:44:14.7874780Z Requirement already satisfied: json5>=0.9.0 in /Users/runner/micromamba/envs/tardis/lib/python3.12/site-packages (from jupyterlab-server<3,>=2.27.1->notebook>=4.4.1->widgetsnbextension~=3.6.5->ipywidgets>=7.0.0->qgridnext) (0.9.25)
2025-01-13T17:44:14.7977880Z Requirement already satisfied: jsonschema>=4.18.0 in /Users/runner/micromamba/envs/tardis/lib/python3.12/site-packages (from jupyterlab-server<3,>=2.27.1->notebook>=4.4.1->widgetsnbextension~=3.6.5->ipywidgets>=7.0.0->qgridnext) (4.22.0)
2025-01-13T17:44:14.8080230Z Requirement already satisfied: requests>=2.31 in /Users/runner/micromamba/envs/tardis/lib/python3.12/site-packages (from jupyterlab-server<3,>=2.27.1->notebook>=4.4.1->widgetsnbextension~=3.6.5->ipywidgets>=7.0.0->qgridnext) (2.32.3)
2025-01-13T17:44:14.8182370Z Requirement already satisfied: idna>=2.8 in /Users/runner/micromamba/envs/tardis/lib/python3.12/site-packages (from anyio>=3.1.0->jupyter-server<3,>=2.4.0->notebook>=4.4.1->widgetsnbextension~=3.6.5->ipywidgets>=7.0.0->qgridnext) (3.7)
2025-01-13T17:44:14.8284710Z Requirement already satisfied: sniffio>=1.1 in /Users/runner/micromamba/envs/tardis/lib/python3.12/site-packages (from anyio>=3.1.0->jupyter-server<3,>=2.4.0->notebook>=4.4.1->widgetsnbextension~=3.6.5->ipywidgets>=7.0.0->qgridnext) (1.3.1)
2025-01-13T17:44:14.8386960Z Requirement already satisfied: argon2-cffi-bindings in /Users/runner/micromamba/envs/tardis/lib/python3.12/site-packages (from argon2-cffi>=21.1->jupyter-server<3,>=2.4.0->notebook>=4.4.1->widgetsnbextension~=3.6.5->ipywidgets>=7.0.0->qgridnext) (21.2.0)
2025-01-13T17:44:14.8489270Z Requirement already satisfied: certifi in /Users/runner/micromamba/envs/tardis/lib/python3.12/site-packages (from httpx>=0.25.0->jupyterlab<4.3,>=4.2.0->notebook>=4.4.1->widgetsnbextension~=3.6.5->ipywidgets>=7.0.0->qgridnext) (2024.6.2)
2025-01-13T17:44:14.8591550Z Requirement already satisfied: httpcore==1.* in /Users/runner/micromamba/envs/tardis/lib/python3.12/site-packages (from httpx>=0.25.0->jupyterlab<4.3,>=4.2.0->notebook>=4.4.1->widgetsnbextension~=3.6.5->ipywidgets>=7.0.0->qgridnext) (1.0.5)
2025-01-13T17:44:14.8693780Z Requirement already satisfied: h11<0.15,>=0.13 in /Users/runner/micromamba/envs/tardis/lib/python3.12/site-packages (from httpcore==1.*->httpx>=0.25.0->jupyterlab<4.3,>=4.2.0->notebook>=4.4.1->widgetsnbextension~=3.6.5->ipywidgets>=7.0.0->qgridnext) (0.14.0)
2025-01-13T17:44:14.8796120Z Requirement already satisfied: appnope in /Users/runner/micromamba/envs/tardis/lib/python3.12/site-packages (from ipykernel>=6.5.0->jupyterlab<4.3,>=4.2.0->notebook>=4.4.1->widgetsnbextension~=3.6.5->ipywidgets>=7.0.0->qgridnext) (0.1.4)
2025-01-13T17:44:14.8898190Z Requirement already satisfied: debugpy>=1.6.5 in /Users/runner/micromamba/envs/tardis/lib/python3.12/site-packages (from ipykernel>=6.5.0->jupyterlab<4.3,>=4.2.0->notebook>=4.4.1->widgetsnbextension~=3.6.5->ipywidgets>=7.0.0->qgridnext) (1.8.1)
2025-01-13T17:44:14.9001230Z Requirement already satisfied: nest-asyncio in /Users/runner/micromamba/envs/tardis/lib/python3.12/site-packages (from ipykernel>=6.5.0->jupyterlab<4.3,>=4.2.0->notebook>=4.4.1->widgetsnbextension~=3.6.5->ipywidgets>=7.0.0->qgridnext) (1.6.0)
2025-01-13T17:44:14.9103290Z Requirement already satisfied: psutil in /Users/runner/micromamba/envs/tardis/lib/python3.12/site-packages (from ipykernel>=6.5.0->jupyterlab<4.3,>=4.2.0->notebook>=4.4.1->widgetsnbextension~=3.6.5->ipywidgets>=7.0.0->qgridnext) (5.9.8)
2025-01-13T17:44:14.9205370Z Requirement already satisfied: MarkupSafe>=2.0 in /Users/runner/micromamba/envs/tardis/lib/python3.12/site-packages (from jinja2>=3.0.3->jupyter-server<3,>=2.4.0->notebook>=4.4.1->widgetsnbextension~=3.6.5->ipywidgets>=7.0.0->qgridnext) (2.1.5)
2025-01-13T17:44:14.9307840Z Requirement already satisfied: attrs>=22.2.0 in /Users/runner/micromamba/envs/tardis/lib/python3.12/site-packages (from jsonschema>=4.18.0->jupyterlab-server<3,>=2.27.1->notebook>=4.4.1->widgetsnbextension~=3.6.5->ipywidgets>=7.0.0->qgridnext) (23.2.0)
2025-01-13T17:44:14.9410080Z Requirement already satisfied: jsonschema-specifications>=2023.03.6 in /Users/runner/micromamba/envs/tardis/lib/python3.12/site-packages (from jsonschema>=4.18.0->jupyterlab-server<3,>=2.27.1->notebook>=4.4.1->widgetsnbextension~=3.6.5->ipywidgets>=7.0.0->qgridnext) (2023.12.1)
2025-01-13T17:44:14.9514010Z Requirement already satisfied: referencing>=0.28.4 in /Users/runner/micromamba/envs/tardis/lib/python3.12/site-packages (from jsonschema>=4.18.0->jupyterlab-server<3,>=2.27.1->notebook>=4.4.1->widgetsnbextension~=3.6.5->ipywidgets>=7.0.0->qgridnext) (0.35.1)
2025-01-13T17:44:14.9617420Z Requirement already satisfied: rpds-py>=0.7.1 in /Users/runner/micromamba/envs/tardis/lib/python3.12/site-packages (from jsonschema>=4.18.0->jupyterlab-server<3,>=2.27.1->notebook>=4.4.1->widgetsnbextension~=3.6.5->ipywidgets>=7.0.0->qgridnext) (0.18.1)
2025-01-13T17:44:14.9719740Z Requirement already satisfied: platformdirs>=2.5 in /Users/runner/micromamba/envs/tardis/lib/python3.12/site-packages (from jupyter-core!=5.0.*,>=4.12->jupyter-server<3,>=2.4.0->notebook>=4.4.1->widgetsnbextension~=3.6.5->ipywidgets>=7.0.0->qgridnext) (4.2.2)
2025-01-13T17:44:14.9721290Z Requirement already satisfied: python-json-logger>=2.0.4 in /Users/runner/micromamba/envs/tardis/lib/python3.12/site-packages (from jupyter-events>=0.9.0->jupyter-server<3,>=2.4.0->notebook>=4.4.1->widgetsnbextension~=3.6.5->ipywidgets>=7.0.0->qgridnext) (2.0.7)
2025-01-13T17:44:14.9722540Z Requirement already satisfied: pyyaml>=5.3 in /Users/runner/micromamba/envs/tardis/lib/python3.12/site-packages (from jupyter-events>=0.9.0->jupyter-server<3,>=2.4.0->notebook>=4.4.1->widgetsnbextension~=3.6.5->ipywidgets>=7.0.0->qgridnext) (6.0.1)
2025-01-13T17:44:14.9824740Z Requirement already satisfied: rfc3339-validator in /Users/runner/micromamba/envs/tardis/lib/python3.12/site-packages (from jupyter-events>=0.9.0->jupyter-server<3,>=2.4.0->notebook>=4.4.1->widgetsnbextension~=3.6.5->ipywidgets>=7.0.0->qgridnext) (0.1.4)
2025-01-13T17:44:14.9926870Z Requirement already satisfied: rfc3986-validator>=0.1.1 in /Users/runner/micromamba/envs/tardis/lib/python3.12/site-packages (from jupyter-events>=0.9.0->jupyter-server<3,>=2.4.0->notebook>=4.4.1->widgetsnbextension~=3.6.5->ipywidgets>=7.0.0->qgridnext) (0.1.1)
2025-01-13T17:44:15.0029140Z Requirement already satisfied: beautifulsoup4 in /Users/runner/micromamba/envs/tardis/lib/python3.12/site-packages (from nbconvert>=6.4.4->jupyter-server<3,>=2.4.0->notebook>=4.4.1->widgetsnbextension~=3.6.5->ipywidgets>=7.0.0->qgridnext) (4.12.3)
2025-01-13T17:44:15.0131340Z Requirement already satisfied: bleach!=5.0.0 in /Users/runner/micromamba/envs/tardis/lib/python3.12/site-packages (from nbconvert>=6.4.4->jupyter-server<3,>=2.4.0->notebook>=4.4.1->widgetsnbextension~=3.6.5->ipywidgets>=7.0.0->qgridnext) (6.1.0)
2025-01-13T17:44:15.0233550Z Requirement already satisfied: defusedxml in /Users/runner/micromamba/envs/tardis/lib/python3.12/site-packages (from nbconvert>=6.4.4->jupyter-server<3,>=2.4.0->notebook>=4.4.1->widgetsnbextension~=3.6.5->ipywidgets>=7.0.0->qgridnext) (0.7.1)
2025-01-13T17:44:15.0336790Z Requirement already satisfied: jupyterlab-pygments in /Users/runner/micromamba/envs/tardis/lib/python3.12/site-packages (from nbconvert>=6.4.4->jupyter-server<3,>=2.4.0->notebook>=4.4.1->widgetsnbextension~=3.6.5->ipywidgets>=7.0.0->qgridnext) (0.3.0)
2025-01-13T17:44:15.0440490Z Requirement already satisfied: mistune<4,>=2.0.3 in /Users/runner/micromamba/envs/tardis/lib/python3.12/site-packages (from nbconvert>=6.4.4->jupyter-server<3,>=2.4.0->notebook>=4.4.1->widgetsnbextension~=3.6.5->ipywidgets>=7.0.0->qgridnext) (3.0.2)
2025-01-13T17:44:15.0543680Z Requirement already satisfied: nbclient>=0.5.0 in /Users/runner/micromamba/envs/tardis/lib/python3.12/site-packages (from nbconvert>=6.4.4->jupyter-server<3,>=2.4.0->notebook>=4.4.1->widgetsnbextension~=3.6.5->ipywidgets>=7.0.0->qgridnext) (0.10.0)
2025-01-13T17:44:15.0645970Z Requirement already satisfied: pandocfilters>=1.4.1 in /Users/runner/micromamba/envs/tardis/lib/python3.12/site-packages (from nbconvert>=6.4.4->jupyter-server<3,>=2.4.0->notebook>=4.4.1->widgetsnbextension~=3.6.5->ipywidgets>=7.0.0->qgridnext) (1.5.0)
2025-01-13T17:44:15.0748460Z Requirement already satisfied: tinycss2 in /Users/runner/micromamba/envs/tardis/lib/python3.12/site-packages (from nbconvert>=6.4.4->jupyter-server<3,>=2.4.0->notebook>=4.4.1->widgetsnbextension~=3.6.5->ipywidgets>=7.0.0->qgridnext) (1.3.0)
2025-01-13T17:44:15.0851210Z Requirement already satisfied: fastjsonschema>=2.15 in /Users/runner/micromamba/envs/tardis/lib/python3.12/site-packages (from nbformat>=5.3.0->jupyter-server<3,>=2.4.0->notebook>=4.4.1->widgetsnbextension~=3.6.5->ipywidgets>=7.0.0->qgridnext) (2.20.0)
2025-01-13T17:44:15.0953600Z Requirement already satisfied: charset-normalizer<4,>=2 in /Users/runner/micromamba/envs/tardis/lib/python3.12/site-packages (from requests>=2.31->jupyterlab-server<3,>=2.27.1->notebook>=4.4.1->widgetsnbextension~=3.6.5->ipywidgets>=7.0.0->qgridnext) (3.3.2)
2025-01-13T17:44:15.1055670Z Requirement already satisfied: urllib3<3,>=1.21.1 in /Users/runner/micromamba/envs/tardis/lib/python3.12/site-packages (from requests>=2.31->jupyterlab-server<3,>=2.27.1->notebook>=4.4.1->widgetsnbextension~=3.6.5->ipywidgets>=7.0.0->qgridnext) (2.2.2)
2025-01-13T17:44:15.1157810Z Requirement already satisfied: webencodings in /Users/runner/micromamba/envs/tardis/lib/python3.12/site-packages (from bleach!=5.0.0->nbconvert>=6.4.4->jupyter-server<3,>=2.4.0->notebook>=4.4.1->widgetsnbextension~=3.6.5->ipywidgets>=7.0.0->qgridnext) (0.5.1)
2025-01-13T17:44:15.1260400Z Requirement already satisfied: fqdn in /Users/runner/micromamba/envs/tardis/lib/python3.12/site-packages (from jsonschema[format-nongpl]>=4.18.0->jupyter-events>=0.9.0->jupyter-server<3,>=2.4.0->notebook>=4.4.1->widgetsnbextension~=3.6.5->ipywidgets>=7.0.0->qgridnext) (1.5.1)
2025-01-13T17:44:15.1363700Z Requirement already satisfied: isoduration in /Users/runner/micromamba/envs/tardis/lib/python3.12/site-packages (from jsonschema[format-nongpl]>=4.18.0->jupyter-events>=0.9.0->jupyter-server<3,>=2.4.0->notebook>=4.4.1->widgetsnbextension~=3.6.5->ipywidgets>=7.0.0->qgridnext) (20.11.0)
2025-01-13T17:44:15.1466130Z Requirement already satisfied: jsonpointer>1.13 in /Users/runner/micromamba/envs/tardis/lib/python3.12/site-packages (from jsonschema[format-nongpl]>=4.18.0->jupyter-events>=0.9.0->jupyter-server<3,>=2.4.0->notebook>=4.4.1->widgetsnbextension~=3.6.5->ipywidgets>=7.0.0->qgridnext) (3.0.0)
2025-01-13T17:44:15.1568910Z Requirement already satisfied: uri-template in /Users/runner/micromamba/envs/tardis/lib/python3.12/site-packages (from jsonschema[format-nongpl]>=4.18.0->jupyter-events>=0.9.0->jupyter-server<3,>=2.4.0->notebook>=4.4.1->widgetsnbextension~=3.6.5->ipywidgets>=7.0.0->qgridnext) (1.3.0)
2025-01-13T17:44:15.1671220Z Requirement already satisfied: webcolors>=1.11 in /Users/runner/micromamba/envs/tardis/lib/python3.12/site-packages (from jsonschema[format-nongpl]>=4.18.0->jupyter-events>=0.9.0->jupyter-server<3,>=2.4.0->notebook>=4.4.1->widgetsnbextension~=3.6.5->ipywidgets>=7.0.0->qgridnext) (24.6.0)
2025-01-13T17:44:15.1774870Z Requirement already satisfied: cffi>=1.0.1 in /Users/runner/micromamba/envs/tardis/lib/python3.12/site-packages (from argon2-cffi-bindings->argon2-cffi>=21.1->jupyter-server<3,>=2.4.0->notebook>=4.4.1->widgetsnbextension~=3.6.5->ipywidgets>=7.0.0->qgridnext) (1.16.0)
2025-01-13T17:44:15.1874730Z Requirement already satisfied: soupsieve>1.2 in /Users/runner/micromamba/envs/tardis/lib/python3.12/site-packages (from beautifulsoup4->nbconvert>=6.4.4->jupyter-server<3,>=2.4.0->notebook>=4.4.1->widgetsnbextension~=3.6.5->ipywidgets>=7.0.0->qgridnext) (2.5)
2025-01-13T17:44:15.1977240Z Requirement already satisfied: pycparser in /Users/runner/micromamba/envs/tardis/lib/python3.12/site-packages (from cffi>=1.0.1->argon2-cffi-bindings->argon2-cffi>=21.1->jupyter-server<3,>=2.4.0->notebook>=4.4.1->widgetsnbextension~=3.6.5->ipywidgets>=7.0.0->qgridnext) (2.22)
2025-01-13T17:44:15.2003560Z Requirement already satisfied: arrow>=0.15.0 in /Users/runner/micromamba/envs/tardis/lib/python3.12/site-packages (from isoduration->jsonschema[format-nongpl]>=4.18.0->jupyter-events>=0.9.0->jupyter-server<3,>=2.4.0->notebook>=4.4.1->widgetsnbextension~=3.6.5->ipywidgets>=7.0.0->qgridnext) (1.3.0)
2025-01-13T17:44:15.2005600Z Requirement already satisfied: types-python-dateutil>=2.8.10 in /Users/runner/micromamba/envs/tardis/lib/python3.12/site-packages (from arrow>=0.15.0->isoduration->jsonschema[format-nongpl]>=4.18.0->jupyter-events>=0.9.0->jupyter-server<3,>=2.4.0->notebook>=4.4.1->widgetsnbextension~=3.6.5->ipywidgets>=7.0.0->qgridnext) (2.9.0.20240316)
2025-01-13T17:44:15.2008840Z Downloading qgridnext-2.0.4-py3-none-any.whl (1.3 MB)
2025-01-13T17:44:15.2009910Z    â”â”â”â”â”â”â”â”â”â”â”â”â”â”â”â”â”â”â”â”â”â”â”â”â”â”â”â”â”â”â”â”â”â”â”â”â”â”â”â” 1.3/1.3 MB 26.7 MB/s eta 0:00:00
2025-01-13T17:44:15.7680670Z Installing collected packages: qgridnext
2025-01-13T17:44:15.8159050Z Successfully installed qgridnext-2.0.4
2025-01-13T17:44:16.0565620Z ##[group]Run pytest tardis --tardis-regression-data=/Users/runner/work/tardis/tardis/tardis-regression-data --cov=tardis --cov-report=xml --cov-report=html --cov-append -m "not continuum"
2025-01-13T17:44:16.0566670Z [36;1mpytest tardis --tardis-regression-data=/Users/runner/work/tardis/tardis/tardis-regression-data --cov=tardis --cov-report=xml --cov-report=html --cov-append -m "not continuum"[0m
2025-01-13T17:44:16.0625930Z shell: /bin/bash -l {0}
2025-01-13T17:44:16.0626170Z env:
2025-01-13T17:44:16.0626320Z   CACHE_NUMBER: 0
2025-01-13T17:44:16.0626790Z   PYTEST_FLAGS: --tardis-regression-data=/Users/runner/work/tardis/tardis/tardis-regression-data --cov=tardis --cov-report=xml --cov-report=html --cov-append
2025-01-13T17:44:16.0627290Z   CODECOV_TOKEN: 
2025-01-13T17:44:16.0627450Z   MAMBA_ROOT_PREFIX: /Users/runner/micromamba
2025-01-13T17:44:16.0627700Z   MAMBA_EXE: /Users/runner/micromamba-bin/micromamba
2025-01-13T17:44:16.0628030Z   CONDARC: /Users/runner/work/_temp/setup-micromamba/.condarc
2025-01-13T17:44:16.0628260Z ##[endgroup]
2025-01-13T17:44:28.7664270Z ============================= test session starts ==============================
2025-01-13T17:44:28.7716150Z platform darwin -- Python 3.12.4, pytest-8.2.2, pluggy-1.5.0
2025-01-13T17:44:28.7791280Z rootdir: /Users/runner/work/tardis/tardis
2025-01-13T17:44:28.7833270Z configfile: pyproject.toml
2025-01-13T17:44:28.7834320Z plugins: cov-5.0.0, html-4.1.1, metadata-3.1.1, doctestplus-1.2.1, anyio-4.4.0
2025-01-13T17:44:28.7834920Z collected 1796 items / 2 deselected / 1794 selected
2025-01-13T17:44:28.7835350Z 
2025-01-13T17:44:32.3406070Z tardis/energy_input/tests/test_energy_source.py ..xxx                    [  0%]
2025-01-13T17:44:33.8603580Z tardis/energy_input/tests/test_gamma_ray_channel.py ...........          [  0%]
2025-01-13T17:44:34.9667040Z tardis/energy_input/tests/test_gamma_ray_grid.py xx.                     [  1%]
2025-01-13T17:44:36.0661050Z tardis/energy_input/tests/test_gamma_ray_interactions.py xx....          [  1%]
2025-01-13T17:44:36.0762340Z tardis/energy_input/tests/test_gamma_ray_packet_source.py sssssssss      [  1%]
2025-01-13T17:44:37.0494140Z tardis/energy_input/tests/test_util.py .....xxxx.....                    [  2%]
2025-01-13T17:44:37.3108010Z tardis/grid/tests/test_grid.py .                                         [  2%]
2025-01-13T17:44:37.3222910Z tardis/gui/tests/test_gui.py s                                           [  2%]
2025-01-13T17:44:40.2713460Z tardis/io/configuration/tests/test_config_reader.py ...........          [  3%]
2025-01-13T17:44:40.2792130Z tardis/io/configuration/tests/test_configuration_namespace.py .........  [  3%]
2025-01-13T17:44:40.2973050Z tardis/io/logger/tests/test_logging.py ssssssssssssssssssssssssssss      [  5%]
2025-01-13T17:45:12.8573240Z tardis/io/model/readers/tests/test_arepo_parser.py ..                    [  5%]
2025-01-13T17:45:12.8922160Z tardis/io/model/readers/tests/test_ascii_readers.py ...                  [  5%]
2025-01-13T17:45:12.9041500Z tardis/io/model/readers/tests/test_cmfgen_reader.py ..                   [  5%]
2025-01-13T17:45:12.9395960Z tardis/io/model/readers/tests/test_csvy_reader.py ....                   [  6%]
2025-01-13T17:45:12.9550510Z tardis/io/model/readers/tests/test_stella_reader.py ..                   [  6%]
2025-01-13T17:45:13.2112750Z tardis/io/tests/test_HDFWriter.py ...............                        [  7%]
2025-01-13T17:45:13.7403040Z tardis/io/tests/test_atomic.py .....                                     [  7%]
2025-01-13T17:45:13.7600290Z tardis/io/tests/test_decay.py ..                                         [  7%]
2025-01-13T17:45:13.9237090Z tardis/io/tests/test_model_reader.py ......                              [  7%]
2025-01-13T17:45:13.9287150Z tardis/model/geometry/tests/test_radial1d.py ..                          [  7%]
2025-01-13T17:45:42.7639730Z tardis/model/tests/test_base.py ........................................ [ 10%]
2025-01-13T17:45:43.4934560Z ............                                                             [ 10%]
2025-01-13T17:45:45.8591770Z tardis/model/tests/test_csvy_model.py .........                          [ 11%]
2025-01-13T17:45:45.8988340Z tardis/model/tests/test_density.py ..                                    [ 11%]
2025-01-13T17:45:47.1665590Z tardis/opacities/tests/test_opacity_solver.py .....                      [ 11%]
2025-01-13T17:45:48.2282090Z tardis/opacities/tests/test_opacity_state_numba.py .....                 [ 11%]
2025-01-13T17:45:50.0623410Z tardis/opacities/tests/test_tau_sobolev.py FF                            [ 12%]
2025-01-13T17:45:52.8907530Z tardis/plasma/equilibrium/tests/test_collisional_transitions.py ...      [ 12%]
2025-01-13T17:46:35.4628120Z tardis/plasma/equilibrium/tests/test_level_populations.py ....           [ 12%]
2025-01-13T17:46:45.9483500Z tardis/plasma/equilibrium/tests/test_rate_matrix.py .                    [ 12%]
2025-01-13T17:46:47.2034140Z tardis/plasma/tests/test_complete_plasmas.py .....................s..... [ 13%]
2025-01-13T17:46:49.5752420Z s....ssssss............s............ss.....s....ssssss............s..... [ 18%]
2025-01-13T17:46:50.9369780Z .......ss.....s....ssssss............s............ss.....s....ssssss.... [ 22%]
2025-01-13T17:46:53.4677760Z ........s............ss.....s........ss............s............ss.....s [ 26%]
2025-01-13T17:46:56.1982070Z ........ss............s............ss.....s....ssssss............s...... [ 30%]
2025-01-13T17:46:56.8481770Z ......ss.....s....ssssss............s............ss.....s.ss.ssssss..... [ 34%]
2025-01-13T17:46:59.3079310Z .......s............ss.....s....ssssss............s............ss.....s. [ 38%]
2025-01-13T17:47:02.1502240Z ...ssssss............s............ss.....s....ssssss............s....... [ 42%]
2025-01-13T17:47:04.7295660Z .....ss.....s....ssssss............s............s...........ssssss...... [ 46%]
2025-01-13T17:47:06.3798190Z ......s............s...........ssssss............s............s......... [ 50%]
2025-01-13T17:47:09.0544310Z ..ssssss............s............ss.....s....ssssss............s........ [ 54%]
2025-01-13T17:47:11.8256340Z ....ss.....s....ssssss..........................s.....s....ssss......... [ 58%]
2025-01-13T17:47:12.1753770Z ...................s.....s....ssss.......                                [ 60%]
2025-01-13T17:47:12.6308980Z tardis/plasma/tests/test_hdf_plasma.py ................................. [ 62%]
2025-01-13T17:47:12.6544440Z ......                                                                   [ 62%]
2025-01-13T17:47:13.0402350Z tardis/plasma/tests/test_nlte_excitation.py ...                          [ 62%]
2025-01-13T17:49:27.2096890Z tardis/plasma/tests/test_nlte_solver.py .....X                           [ 63%]
2025-01-13T17:49:27.2181950Z tardis/plasma/tests/test_plasma_continuum.py .                           [ 63%]
2025-01-13T17:49:51.5683850Z tardis/plasma/tests/test_plasma_vboundary.py .............               [ 63%]
2025-01-13T17:50:02.9876610Z tardis/plasma/tests/test_tardis_model_density_config.py ...              [ 64%]
2025-01-13T17:50:03.5577480Z tardis/simulation/tests/test_convergence.py .....                        [ 64%]
2025-01-13T17:50:11.0003540Z tardis/simulation/tests/test_simulation.py .............                 [ 65%]
2025-01-13T17:50:11.0124310Z tardis/spectrum/tests/test_cuda_formal_integral.py sssssssssssssssssssss [ 66%]
2025-01-13T17:50:11.3616740Z ssss...ssssssssssssssssssssss                                            [ 67%]
2025-01-13T17:50:11.3664840Z tardis/spectrum/tests/test_luminosity.py ....                            [ 68%]
2025-01-13T17:50:12.2067570Z tardis/spectrum/tests/test_numba_formal_integral.py .................... [ 69%]
2025-01-13T17:50:12.2179830Z ..........                                                               [ 69%]
2025-01-13T17:50:12.3447240Z tardis/spectrum/tests/test_spectrum.py ................................. [ 71%]
2025-01-13T17:50:12.3689480Z .........                                                                [ 72%]
2025-01-13T17:50:31.8837640Z tardis/spectrum/tests/test_spectrum_solver.py ....                       [ 72%]
2025-01-13T17:51:37.0922330Z tardis/tests/test_tardis_full.py ....                                    [ 72%]
2025-01-13T17:53:12.9646890Z tardis/tests/test_tardis_full_formal_integral.py ................        [ 73%]
2025-01-13T17:53:13.0653110Z tardis/tests/test_util.py .............................................  [ 75%]
2025-01-13T17:53:15.3659490Z tardis/transport/montecarlo/tests/test_base.py x.....................    [ 77%]
2025-01-13T17:53:20.8196510Z tardis/transport/montecarlo/tests/test_interaction.py .......            [ 77%]
2025-01-13T17:53:20.9836580Z tardis/transport/montecarlo/tests/test_macro_atom.py ....                [ 77%]
2025-01-13T17:53:20.9953390Z tardis/transport/montecarlo/tests/test_montecarlo.py sssssssssssssssssss [ 78%]
2025-01-13T17:53:21.0208600Z sssssssssssssssssssssssssssssssssssssssssssss                            [ 81%]
2025-01-13T17:53:28.4891060Z tardis/transport/montecarlo/tests/test_montecarlo_main_loop.py x..       [ 81%]
2025-01-13T17:53:28.5015350Z tardis/transport/montecarlo/tests/test_nonhomologous.py ...              [ 81%]
2025-01-13T17:53:31.0323230Z tardis/transport/montecarlo/tests/test_numba_interface.py .....x.        [ 82%]
2025-01-13T17:53:31.3975230Z tardis/transport/montecarlo/tests/test_opacities.py ...............      [ 82%]
2025-01-13T17:53:32.1523730Z tardis/transport/montecarlo/tests/test_packet.py .................xXXXXX [ 84%]
2025-01-13T17:53:32.2712000Z XX.........                                                              [ 84%]
2025-01-13T17:53:32.2974910Z tardis/transport/montecarlo/tests/test_packet_source.py ........         [ 85%]
2025-01-13T17:53:32.5276220Z tardis/transport/montecarlo/tests/test_rpacket_last_interaction_tracker.py . [ 85%]
2025-01-13T17:53:32.8152290Z .....                                                                    [ 85%]
2025-01-13T17:53:41.9831100Z tardis/transport/montecarlo/tests/test_rpacket_tracker.py ......         [ 85%]
2025-01-13T17:53:42.0062640Z tardis/transport/montecarlo/tests/test_single_packet_loop.py xxx         [ 86%]
2025-01-13T17:53:42.0106470Z tardis/transport/montecarlo/tests/test_tracker_utils.py ..               [ 86%]
2025-01-13T17:53:43.2998030Z tardis/transport/montecarlo/tests/test_vpacket.py ..x.                   [ 86%]
2025-01-13T17:53:43.3164480Z tardis/transport/montecarlo/tests/test_weighted_packet_source.py ....    [ 86%]
2025-01-13T17:53:45.9872450Z tardis/transport/montecarlo/tests/test_weighted_packet_source_integration.py . [ 86%]
2025-01-13T17:53:45.9874300Z                                                                          [ 86%]
2025-01-13T17:53:46.5152150Z tardis/transport/tests/test_doppler_factor.py ..................         [ 87%]
2025-01-13T17:53:48.2117360Z tardis/visualization/tools/tests/test_convergence_plot.py .............. [ 88%]
2025-01-13T17:53:49.8850210Z ......                                                                   [ 88%]
2025-01-13T17:53:53.4578310Z tardis/visualization/tools/tests/test_liv_plot.py ...................... [ 90%]
2025-01-13T17:53:57.4737560Z .............................                                            [ 91%]
2025-01-13T17:54:00.6754940Z tardis/visualization/tools/tests/test_rpacket_plot.py .................. [ 92%]
2025-01-13T17:54:07.8290830Z ....                                                                     [ 92%]
2025-01-13T17:54:12.2978040Z tardis/visualization/tools/tests/test_sdec_plot.py ..................... [ 94%]
2025-01-13T17:54:18.7055920Z ..............................                                           [ 95%]
2025-01-13T17:54:19.1036120Z tardis/visualization/widgets/tests/test_custom_abundance.py ........ss.. [ 96%]
2025-01-13T17:54:19.1548530Z ....                                                                     [ 96%]
2025-01-13T17:54:19.9959180Z tardis/visualization/widgets/tests/test_line_info.py ................... [ 97%]
2025-01-13T17:54:20.5516870Z ..................                                                       [ 98%]
2025-01-13T17:57:29.5541720Z tardis/visualization/widgets/tests/test_shell_info.py .................. [ 99%]
2025-01-13T17:57:37.6621690Z ......                                                                   [100%]
2025-01-13T17:57:37.6623300Z 
2025-01-13T17:57:37.6624050Z =================================== FAILURES ===================================
2025-01-13T17:57:37.6625980Z _____________________ test_calculate_sobolev_line_opacity ______________________
2025-01-13T17:57:37.6627130Z 
2025-01-13T17:57:37.6627530Z nb_simulation_verysimple = <tardis.simulation.base.Simulation object at 0x13fd8f140>
2025-01-13T17:57:37.6628420Z regression_data = <tardis.tests.fixtures.regression_data.RegressionData object at 0x13feeed20>
2025-01-13T17:57:37.6628960Z 
2025-01-13T17:57:37.6629140Z     def test_calculate_sobolev_line_opacity(
2025-01-13T17:57:37.6629740Z         nb_simulation_verysimple, regression_data
2025-01-13T17:57:37.6630190Z     ):
2025-01-13T17:57:37.6630560Z         legacy_plasma = nb_simulation_verysimple.plasma
2025-01-13T17:57:37.6631020Z     
2025-01-13T17:57:37.6631350Z         actual = calculate_sobolev_line_opacity(
2025-01-13T17:57:37.6631790Z             legacy_plasma.lines,
2025-01-13T17:57:37.6632170Z             legacy_plasma.level_number_density,
2025-01-13T17:57:37.6632620Z             legacy_plasma.time_explosion,
2025-01-13T17:57:37.6632990Z             legacy_plasma.stimulated_emission_factor,
2025-01-13T17:57:37.6633390Z         )
2025-01-13T17:57:37.6635070Z >       expected = regression_data.sync_dataframe(actual)
2025-01-13T17:57:37.6635520Z 
2025-01-13T17:57:37.6635790Z tardis/opacities/tests/test_tau_sobolev.py:21: 
2025-01-13T17:57:37.6636210Z _ _ _ _ _ _ _ _ _ _ _ _ _ _ _ _ _ _ _ _ _ _ _ _ _ _ _ _ _ _ _ _ _ _ _ _ _ _ _ _ 
2025-01-13T17:57:37.6636750Z tardis/tests/fixtures/regression_data.py:88: in sync_dataframe
2025-01-13T17:57:37.6643430Z     return pd.read_hdf(self.fpath, key=key)
2025-01-13T17:57:37.6643810Z _ _ _ _ _ _ _ _ _ _ _ _ _ _ _ _ _ _ _ _ _ _ _ _ _ _ _ _ _ _ _ _ _ _ _ _ _ _ _ _ 
2025-01-13T17:57:37.6644000Z 
2025-01-13T17:57:37.6644400Z path_or_buf = '/Users/runner/work/tardis/tardis/tardis-regression-data/test_tau_sobolev/test_calculate_sobolev_line_opacity.h5'
2025-01-13T17:57:37.6645050Z key = 'data', mode = 'r', errors = 'strict', where = None, start = None
2025-01-13T17:57:37.6645510Z stop = None, columns = None, iterator = False, chunksize = None, kwargs = {}
2025-01-13T17:57:37.6645910Z exists = False
2025-01-13T17:57:37.6646030Z 
2025-01-13T17:57:37.6646090Z     def read_hdf(
2025-01-13T17:57:37.6646330Z         path_or_buf: FilePath | HDFStore,
2025-01-13T17:57:37.6646570Z         key=None,
2025-01-13T17:57:37.6646830Z         mode: str = "r",
2025-01-13T17:57:37.6647030Z         errors: str = "strict",
2025-01-13T17:57:37.6647300Z         where: str | list | None = None,
2025-01-13T17:57:37.6647560Z         start: int | None = None,
2025-01-13T17:57:37.6647890Z         stop: int | None = None,
2025-01-13T17:57:37.6648120Z         columns: list[str] | None = None,
2025-01-13T17:57:37.6648400Z         iterator: bool = False,
2025-01-13T17:57:37.6648620Z         chunksize: int | None = None,
2025-01-13T17:57:37.6648890Z         **kwargs,
2025-01-13T17:57:37.6649060Z     ):
2025-01-13T17:57:37.6649260Z         """
2025-01-13T17:57:37.6649470Z         Read from the store, close it if we opened it.
2025-01-13T17:57:37.6649770Z     
2025-01-13T17:57:37.6650010Z         Retrieve pandas object stored in file, optionally based on where
2025-01-13T17:57:37.6650350Z         criteria.
2025-01-13T17:57:37.6650570Z     
2025-01-13T17:57:37.6656700Z         .. warning::
2025-01-13T17:57:37.6657010Z     
2025-01-13T17:57:37.6657330Z            Pandas uses PyTables for reading and writing HDF5 files, which allows
2025-01-13T17:57:37.6657830Z            serializing object-dtype data with pickle when using the "fixed" format.
2025-01-13T17:57:37.6658720Z            Loading pickled data received from untrusted sources can be unsafe.
2025-01-13T17:57:37.6667990Z     
2025-01-13T17:57:37.6670390Z            See: https://docs.python.org/3/library/pickle.html for more.
2025-01-13T17:57:37.6671410Z     
2025-01-13T17:57:37.6672130Z         Parameters
2025-01-13T17:57:37.6672560Z         ----------
2025-01-13T17:57:37.6672820Z         path_or_buf : str, path object, pandas.HDFStore
2025-01-13T17:57:37.6673290Z             Any valid string path is acceptable. Only supports the local file system,
2025-01-13T17:57:37.6673730Z             remote URLs and file-like objects are not supported.
2025-01-13T17:57:37.6674060Z     
2025-01-13T17:57:37.6674320Z             If you want to pass in a path object, pandas accepts any
2025-01-13T17:57:37.6674710Z             ``os.PathLike``.
2025-01-13T17:57:37.6674930Z     
2025-01-13T17:57:37.6675270Z             Alternatively, pandas accepts an open :class:`pandas.HDFStore` object.
2025-01-13T17:57:37.6675620Z     
2025-01-13T17:57:37.6675890Z         key : object, optional
2025-01-13T17:57:37.6676180Z             The group identifier in the store. Can be omitted if the HDF file
2025-01-13T17:57:37.6676580Z             contains a single pandas object.
2025-01-13T17:57:37.6676840Z         mode : {'r', 'r+', 'a'}, default 'r'
2025-01-13T17:57:37.6677190Z             Mode to use when opening the file. Ignored if path_or_buf is a
2025-01-13T17:57:37.6677580Z             :class:`pandas.HDFStore`. Default is 'r'.
2025-01-13T17:57:37.6677910Z         errors : str, default 'strict'
2025-01-13T17:57:37.6678250Z             Specifies how encoding and decoding errors are to be handled.
2025-01-13T17:57:37.6678600Z             See the errors argument for :func:`open` for a full list
2025-01-13T17:57:37.6678970Z             of options.
2025-01-13T17:57:37.6679190Z         where : list, optional
2025-01-13T17:57:37.6679530Z             A list of Term (or convertible) objects.
2025-01-13T17:57:37.6679790Z         start : int, optional
2025-01-13T17:57:37.6680680Z             Row number to start selection.
2025-01-13T17:57:37.6681710Z         stop  : int, optional
2025-01-13T17:57:37.6682390Z             Row number to stop selection.
2025-01-13T17:57:37.6683240Z         columns : list, optional
2025-01-13T17:57:37.6683900Z             A list of columns names to return.
2025-01-13T17:57:37.6684230Z         iterator : bool, optional
2025-01-13T17:57:37.6684560Z             Return an iterator object.
2025-01-13T17:57:37.6684820Z         chunksize : int, optional
2025-01-13T17:57:37.6685190Z             Number of rows to include in an iteration when using an iterator.
2025-01-13T17:57:37.6685510Z         **kwargs
2025-01-13T17:57:37.6685760Z             Additional keyword arguments passed to HDFStore.
2025-01-13T17:57:37.6686060Z     
2025-01-13T17:57:37.6686250Z         Returns
2025-01-13T17:57:37.6686650Z         -------
2025-01-13T17:57:37.6686820Z         object
2025-01-13T17:57:37.6687100Z             The selected object. Return type depends on the object stored.
2025-01-13T17:57:37.6687390Z     
2025-01-13T17:57:37.6687610Z         See Also
2025-01-13T17:57:37.6687890Z         --------
2025-01-13T17:57:37.6688120Z         DataFrame.to_hdf : Write a HDF file from a DataFrame.
2025-01-13T17:57:37.6688450Z         HDFStore : Low-level access to HDF files.
2025-01-13T17:57:37.6688690Z     
2025-01-13T17:57:37.6689000Z         Examples
2025-01-13T17:57:37.6689250Z         --------
2025-01-13T17:57:37.6689580Z         >>> df = pd.DataFrame([[1, 1.0, 'a']], columns=['x', 'y', 'z'])  # doctest: +SKIP
2025-01-13T17:57:37.6689980Z         >>> df.to_hdf('./store.h5', 'data')  # doctest: +SKIP
2025-01-13T17:57:37.6690280Z         >>> reread = pd.read_hdf('./store.h5')  # doctest: +SKIP
2025-01-13T17:57:37.6690620Z         """
2025-01-13T17:57:37.6690830Z         if mode not in ["r", "r+", "a"]:
2025-01-13T17:57:37.6691140Z             raise ValueError(
2025-01-13T17:57:37.6691410Z                 f"mode {mode} is not allowed while performing a read. "
2025-01-13T17:57:37.6691770Z                 f"Allowed modes are r, r+ and a."
2025-01-13T17:57:37.6692430Z             )
2025-01-13T17:57:37.6692650Z         # grab the scope
2025-01-13T17:57:37.6692870Z         if where is not None:
2025-01-13T17:57:37.6693150Z             where = _ensure_term(where, scope_level=1)
2025-01-13T17:57:37.6693390Z     
2025-01-13T17:57:37.6693620Z         if isinstance(path_or_buf, HDFStore):
2025-01-13T17:57:37.6693870Z             if not path_or_buf.is_open:
2025-01-13T17:57:37.6694200Z                 raise OSError("The HDFStore must be open for reading.")
2025-01-13T17:57:37.6694470Z     
2025-01-13T17:57:37.6695050Z             store = path_or_buf
2025-01-13T17:57:37.6695310Z             auto_close = False
2025-01-13T17:57:37.6695560Z         else:
2025-01-13T17:57:37.6695770Z             path_or_buf = stringify_path(path_or_buf)
2025-01-13T17:57:37.6696090Z             if not isinstance(path_or_buf, str):
2025-01-13T17:57:37.6696350Z                 raise NotImplementedError(
2025-01-13T17:57:37.6696690Z                     "Support for generic buffers has not been implemented."
2025-01-13T17:57:37.6696960Z                 )
2025-01-13T17:57:37.6697200Z             try:
2025-01-13T17:57:37.6697400Z                 exists = os.path.exists(path_or_buf)
2025-01-13T17:57:37.6697680Z     
2025-01-13T17:57:37.6697850Z             # if filepath is too long
2025-01-13T17:57:37.6698130Z             except (TypeError, ValueError):
2025-01-13T17:57:37.6698420Z                 exists = False
2025-01-13T17:57:37.6698610Z     
2025-01-13T17:57:37.6698830Z             if not exists:
2025-01-13T17:57:37.6699100Z >               raise FileNotFoundError(f"File {path_or_buf} does not exist")
2025-01-13T17:57:37.6699780Z E               FileNotFoundError: File /Users/runner/work/tardis/tardis/tardis-regression-data/test_tau_sobolev/test_calculate_sobolev_line_opacity.h5 does not exist
2025-01-13T17:57:37.6700220Z 
2025-01-13T17:57:37.6700620Z ../../../micromamba/envs/tardis/lib/python3.12/site-packages/pandas/io/pytables.py:424: FileNotFoundError
2025-01-13T17:57:37.6701420Z ---------------------------- Captured stdout setup -----------------------------
2025-01-13T17:57:37.6714350Z [[1mtardis.io.model.parse_density_configuration[0m][[1;33mWARNING[0m]  
2025-01-13T17:57:37.6715090Z 	Number of density points larger than number of shells. Assuming inner point irrelevant ([1mparse_density_configuration.py[0m:114)
2025-01-13T17:57:37.6715670Z ---------------------------- Captured stderr setup -----------------------------
2025-01-13T17:57:37.6715950Z 
2025-01-13T17:57:37.6743240Z Iterations:â–ˆâ–ˆâ–ˆâ–ˆâ–ˆâ–ˆâ–ˆâ–ˆâ–ˆâ–ˆâ–ˆâ–ˆâ–ˆâ–ˆâ–ˆâ–ˆâ–ˆâ–ˆâ–ˆâ–ˆâ–ˆâ–ˆâ–ˆâ–ˆâ–ˆâ–ˆâ–ˆâ–ˆâ–ˆâ–ˆâ–ˆâ–ˆâ–ˆâ–ˆâ–ˆâ–ˆâ–ˆâ–ˆâ–ˆâ–ˆâ–ˆâ–ˆâ–ˆâ–ˆâ–ˆâ–ˆâ–ˆâ–ˆâ–ˆâ–ˆâ–ˆâ–ˆâ–ˆâ–ˆâ–ˆâ–ˆâ–ˆâ–ˆâ–ˆâ–ˆâ–ˆâ–ˆâ–ˆâ–ˆ                4/5 [00:09<00:02,  2.16s/it]
2025-01-13T17:57:37.6743680Z 
2025-01-13T17:57:37.6743900Z Packets:                                                                                   4030/? [00:09<00:00, 532.62it/s][A
2025-01-13T17:57:37.6744320Z ------------------------------ Captured log setup ------------------------------
2025-01-13T17:57:37.6745080Z WARNING  tardis.io.model.parse_density_configuration:parse_density_configuration.py:114 Number of density points larger than number of shells. Assuming inner point irrelevant
2025-01-13T17:57:37.6745740Z _________________________ test_calculate_beta_sobolevs _________________________
2025-01-13T17:57:37.6746000Z 
2025-01-13T17:57:37.6746300Z nb_simulation_verysimple = <tardis.simulation.base.Simulation object at 0x13fd8f140>
2025-01-13T17:57:37.6746850Z regression_data = <tardis.tests.fixtures.regression_data.RegressionData object at 0x13fd2c800>
2025-01-13T17:57:37.6747130Z 
2025-01-13T17:57:37.6747300Z     def test_calculate_beta_sobolevs(nb_simulation_verysimple, regression_data):
2025-01-13T17:57:37.6773490Z         legacy_plasma = nb_simulation_verysimple.plasma
2025-01-13T17:57:37.6773850Z     
2025-01-13T17:57:37.6774060Z         tau_sobolevs = calculate_sobolev_line_opacity(
2025-01-13T17:57:37.6774320Z             legacy_plasma.lines,
2025-01-13T17:57:37.6774530Z             legacy_plasma.level_number_density,
2025-01-13T17:57:37.6774780Z             legacy_plasma.time_explosion,
2025-01-13T17:57:37.6775710Z             legacy_plasma.stimulated_emission_factor,
2025-01-13T17:57:37.6775940Z         )
2025-01-13T17:57:37.6776120Z         actual = calculate_beta_sobolev(tau_sobolevs)
2025-01-13T17:57:37.6776390Z >       expected = regression_data.sync_ndarray(actual)
2025-01-13T17:57:37.6776550Z 
2025-01-13T17:57:37.6776640Z tardis/opacities/tests/test_tau_sobolev.py:35: 
2025-01-13T17:57:37.6776970Z _ _ _ _ _ _ _ _ _ _ _ _ _ _ _ _ _ _ _ _ _ _ _ _ _ _ _ _ _ _ _ _ _ _ _ _ _ _ _ _ 
2025-01-13T17:57:37.6777300Z tardis/tests/fixtures/regression_data.py:111: in sync_ndarray
2025-01-13T17:57:37.6777670Z     return np.load(self.fpath)
2025-01-13T17:57:37.6777880Z _ _ _ _ _ _ _ _ _ _ _ _ _ _ _ _ _ _ _ _ _ _ _ _ _ _ _ _ _ _ _ _ _ _ _ _ _ _ _ _ 
2025-01-13T17:57:37.6778090Z 
2025-01-13T17:57:37.6778490Z file = PosixPath('/Users/runner/work/tardis/tardis/tardis-regression-data/test_tau_sobolev/test_calculate_beta_sobolevs.npy')
2025-01-13T17:57:37.6779080Z mmap_mode = None, allow_pickle = False, fix_imports = True, encoding = 'ASCII'
2025-01-13T17:57:37.6779340Z 
2025-01-13T17:57:37.6779450Z     @set_module('numpy')
2025-01-13T17:57:37.6779740Z     def load(file, mmap_mode=None, allow_pickle=False, fix_imports=True,
2025-01-13T17:57:37.6780160Z              encoding='ASCII', *, max_header_size=format._MAX_HEADER_SIZE):
2025-01-13T17:57:37.6780470Z         """
2025-01-13T17:57:37.6780790Z         Load arrays or pickled objects from ``.npy``, ``.npz`` or pickled files.
2025-01-13T17:57:37.6781100Z     
2025-01-13T17:57:37.6781430Z         .. warning:: Loading files that contain object arrays uses the ``pickle``
2025-01-13T17:57:37.6781830Z                      module, which is not secure against erroneous or maliciously
2025-01-13T17:57:37.6782200Z                      constructed data. Consider passing ``allow_pickle=False`` to
2025-01-13T17:57:37.6782560Z                      load data that is known not to contain object arrays for the
2025-01-13T17:57:37.6783150Z                      safer handling of untrusted sources.
2025-01-13T17:57:37.6783350Z     
2025-01-13T17:57:37.6783470Z         Parameters
2025-01-13T17:57:37.6783610Z         ----------
2025-01-13T17:57:37.6783790Z         file : file-like object, string, or pathlib.Path
2025-01-13T17:57:37.6784110Z             The file to read. File-like objects must support the
2025-01-13T17:57:37.6784370Z             ``seek()`` and ``read()`` methods and must always
2025-01-13T17:57:37.6784640Z             be opened in binary mode.  Pickled files require that the
2025-01-13T17:57:37.6784930Z             file-like object support the ``readline()`` method as well.
2025-01-13T17:57:37.6785260Z         mmap_mode : {None, 'r+', 'r', 'w+', 'c'}, optional
2025-01-13T17:57:37.6785540Z             If not None, then memory-map the file, using the given mode (see
2025-01-13T17:57:37.6785850Z             `numpy.memmap` for a detailed description of the modes).  A
2025-01-13T17:57:37.6786180Z             memory-mapped array is kept on disk. However, it can be accessed
2025-01-13T17:57:37.6786510Z             and sliced like any ndarray.  Memory mapping is especially useful
2025-01-13T17:57:37.6786840Z             for accessing small fragments of large files without reading the
2025-01-13T17:57:37.6787100Z             entire file into memory.
2025-01-13T17:57:37.6787290Z         allow_pickle : bool, optional
2025-01-13T17:57:37.6787640Z             Allow loading pickled object arrays stored in npy files. Reasons for
2025-01-13T17:57:37.6788050Z             disallowing pickles include security, as loading pickled data can
2025-01-13T17:57:37.6788400Z             execute arbitrary code. If pickles are disallowed, loading object
2025-01-13T17:57:37.6788760Z             arrays will fail. Default: False
2025-01-13T17:57:37.6789000Z     
2025-01-13T17:57:37.6789250Z             .. versionchanged:: 1.16.3
2025-01-13T17:57:37.6789570Z                 Made default False in response to CVE-2019-6446.
2025-01-13T17:57:37.6789850Z     
2025-01-13T17:57:37.6790440Z         fix_imports : bool, optional
2025-01-13T17:57:37.6790750Z             Only useful when loading Python 2 generated pickled files on Python 3,
2025-01-13T17:57:37.6791240Z             which includes npy/npz files containing object arrays. If `fix_imports`
2025-01-13T17:57:37.6791640Z             is True, pickle will try to map the old Python 2 names to the new names
2025-01-13T17:57:37.6792010Z             used in Python 3.
2025-01-13T17:57:37.6792240Z         encoding : str, optional
2025-01-13T17:57:37.6792630Z             What encoding to use when reading Python 2 strings. Only useful when
2025-01-13T17:57:37.6792980Z             loading Python 2 generated pickled files in Python 3, which includes
2025-01-13T17:57:37.6793380Z             npy/npz files containing object arrays. Values other than 'latin1',
2025-01-13T17:57:37.6793770Z             'ASCII', and 'bytes' are not allowed, as they can corrupt numerical
2025-01-13T17:57:37.6794050Z             data. Default: 'ASCII'
2025-01-13T17:57:37.6794240Z         max_header_size : int, optional
2025-01-13T17:57:37.6794500Z             Maximum allowed size of the header.  Large headers may not be safe
2025-01-13T17:57:37.6794840Z             to load securely and thus require explicitly passing a larger value.
2025-01-13T17:57:37.6795130Z             See :py:func:`ast.literal_eval()` for details.
2025-01-13T17:57:37.6795430Z             This option is ignored when `allow_pickle` is passed.  In that case
2025-01-13T17:57:37.6795740Z             the file is by definition trusted and the limit is unnecessary.
2025-01-13T17:57:37.6795980Z     
2025-01-13T17:57:37.6796100Z         Returns
2025-01-13T17:57:37.6796230Z         -------
2025-01-13T17:57:37.6796370Z         result : array, tuple, dict, etc.
2025-01-13T17:57:37.6796630Z             Data stored in the file. For ``.npz`` files, the returned instance
2025-01-13T17:57:37.6796960Z             of NpzFile class must be closed to avoid leaking file descriptors.
2025-01-13T17:57:37.6797450Z     
2025-01-13T17:57:37.6797570Z         Raises
2025-01-13T17:57:37.6797700Z         ------
2025-01-13T17:57:37.6797830Z         OSError
2025-01-13T17:57:37.6798000Z             If the input file does not exist or cannot be read.
2025-01-13T17:57:37.6798220Z         UnpicklingError
2025-01-13T17:57:37.6798450Z             If ``allow_pickle=True``, but the file cannot be loaded as a pickle.
2025-01-13T17:57:37.6798690Z         ValueError
2025-01-13T17:57:37.6798910Z             The file contains an object array, but ``allow_pickle=False`` given.
2025-01-13T17:57:37.6799160Z         EOFError
2025-01-13T17:57:37.6799360Z             When calling ``np.load`` multiple times on the same file handle,
2025-01-13T17:57:37.6799620Z             if all data has already been read
2025-01-13T17:57:37.6799810Z     
2025-01-13T17:57:37.6799920Z         See Also
2025-01-13T17:57:37.6800050Z         --------
2025-01-13T17:57:37.6800200Z         save, savez, savez_compressed, loadtxt
2025-01-13T17:57:37.6800480Z         memmap : Create a memory-map to an array stored in a file on disk.
2025-01-13T17:57:37.6800830Z         lib.format.open_memmap : Create or load a memory-mapped ``.npy`` file.
2025-01-13T17:57:37.6801090Z     
2025-01-13T17:57:37.6801200Z         Notes
2025-01-13T17:57:37.6801320Z         -----
2025-01-13T17:57:37.6801520Z         - If the file contains pickle data, then whatever object is stored
2025-01-13T17:57:37.6801780Z           in the pickle is returned.
2025-01-13T17:57:37.6802020Z         - If the file is a ``.npy`` file, then a single array is returned.
2025-01-13T17:57:37.6802330Z         - If the file is a ``.npz`` file, then a dictionary-like object is
2025-01-13T17:57:37.6802650Z           returned, containing ``{filename: array}`` key-value pairs, one for
2025-01-13T17:57:37.6802920Z           each file in the archive.
2025-01-13T17:57:37.6803160Z         - If the file is a ``.npz`` file, the returned value supports the
2025-01-13T17:57:37.6803510Z           context manager protocol in a similar fashion to the open function::
2025-01-13T17:57:37.6804010Z     
2025-01-13T17:57:37.6804150Z             with load('foo.npz') as data:
2025-01-13T17:57:37.6804460Z                 a = data['a']
2025-01-13T17:57:37.6804610Z     
2025-01-13T17:57:37.6804870Z           The underlying file descriptor is closed when exiting the 'with'
2025-01-13T17:57:37.6805120Z           block.
2025-01-13T17:57:37.6805240Z     
2025-01-13T17:57:37.6805350Z         Examples
2025-01-13T17:57:37.6805480Z         --------
2025-01-13T17:57:37.6805630Z         Store data to disk, and load it again:
2025-01-13T17:57:37.6805820Z     
2025-01-13T17:57:37.6805970Z         >>> np.save('/tmp/123', np.array([[1, 2, 3], [4, 5, 6]]))
2025-01-13T17:57:37.6806200Z         >>> np.load('/tmp/123.npy')
2025-01-13T17:57:37.6806380Z         array([[1, 2, 3],
2025-01-13T17:57:37.6806530Z                [4, 5, 6]])
2025-01-13T17:57:37.6806670Z     
2025-01-13T17:57:37.6806830Z         Store compressed data to disk, and load it again:
2025-01-13T17:57:37.6807040Z     
2025-01-13T17:57:37.6807170Z         >>> a=np.array([[1, 2, 3], [4, 5, 6]])
2025-01-13T17:57:37.6807360Z         >>> b=np.array([1, 2])
2025-01-13T17:57:37.6807550Z         >>> np.savez('/tmp/123.npz', a=a, b=b)
2025-01-13T17:57:37.6807750Z         >>> data = np.load('/tmp/123.npz')
2025-01-13T17:57:37.6807930Z         >>> data['a']
2025-01-13T17:57:37.6808070Z         array([[1, 2, 3],
2025-01-13T17:57:37.6808220Z                [4, 5, 6]])
2025-01-13T17:57:37.6808370Z         >>> data['b']
2025-01-13T17:57:37.6808510Z         array([1, 2])
2025-01-13T17:57:37.6808660Z         >>> data.close()
2025-01-13T17:57:37.6808800Z     
2025-01-13T17:57:37.6808970Z         Mem-map the stored array, and then access the second row
2025-01-13T17:57:37.6809210Z         directly from disk:
2025-01-13T17:57:37.6809360Z     
2025-01-13T17:57:37.6809500Z         >>> X = np.load('/tmp/123.npy', mmap_mode='r')
2025-01-13T17:57:37.6809690Z         >>> X[1, :]
2025-01-13T17:57:37.6809990Z         memmap([4, 5, 6])
2025-01-13T17:57:37.6810130Z     
2025-01-13T17:57:37.6810250Z         """
2025-01-13T17:57:37.6810410Z         if encoding not in ('ASCII', 'latin1', 'bytes'):
2025-01-13T17:57:37.6810680Z             # The 'encoding' value for pickle also affects what encoding
2025-01-13T17:57:37.6810970Z             # the serialized binary data of NumPy arrays is loaded
2025-01-13T17:57:37.6811250Z             # in. Pickle does not pass on the encoding information to
2025-01-13T17:57:37.6811530Z             # NumPy. The unpickling code in numpy.core.multiarray is
2025-01-13T17:57:37.6811820Z             # written to assume that unicode data appearing where binary
2025-01-13T17:57:37.6812130Z             # should be is in 'latin1'. 'bytes' is also safe, as is 'ASCII'.
2025-01-13T17:57:37.6812360Z             #
2025-01-13T17:57:37.6812540Z             # Other encoding values can corrupt binary data, and we
2025-01-13T17:57:37.6812830Z             # purposefully disallow them. For the same reason, the errors=
2025-01-13T17:57:37.6813140Z             # argument is not exposed, as values other than 'strict'
2025-01-13T17:57:37.6813420Z             # result can similarly silently corrupt numerical data.
2025-01-13T17:57:37.6813730Z             raise ValueError("encoding must be 'ASCII', 'latin1', or 'bytes'")
2025-01-13T17:57:37.6813980Z     
2025-01-13T17:57:37.6814170Z         pickle_kwargs = dict(encoding=encoding, fix_imports=fix_imports)
2025-01-13T17:57:37.6814410Z     
2025-01-13T17:57:37.6814550Z         with contextlib.ExitStack() as stack:
2025-01-13T17:57:37.6814760Z             if hasattr(file, 'read'):
2025-01-13T17:57:37.6814940Z                 fid = file
2025-01-13T17:57:37.6815100Z                 own_fid = False
2025-01-13T17:57:37.6815260Z             else:
2025-01-13T17:57:37.6815460Z >               fid = stack.enter_context(open(os_fspath(file), "rb"))
2025-01-13T17:57:37.6816020Z E               FileNotFoundError: [Errno 2] No such file or directory: '/Users/runner/work/tardis/tardis/tardis-regression-data/test_tau_sobolev/test_calculate_beta_sobolevs.npy'
2025-01-13T17:57:37.6816710Z 
2025-01-13T17:57:37.6816960Z ../../../micromamba/envs/tardis/lib/python3.12/site-packages/numpy/lib/npyio.py:427: FileNotFoundError
2025-01-13T17:57:37.6817360Z =============================== warnings summary ===============================
2025-01-13T17:57:37.6817610Z tardis/io/configuration/config_validator.py:6
2025-01-13T17:57:37.6817840Z tardis/io/configuration/config_validator.py:6
2025-01-13T17:57:37.6818240Z   /Users/runner/work/tardis/tardis/tardis/io/configuration/config_validator.py:6: DeprecationWarning:
2025-01-13T17:57:37.6818610Z   
2025-01-13T17:57:37.6819580Z   jsonschema.RefResolver is deprecated as of v4.18.0, in favor of the https://github.com/python-jsonschema/referencing library, which provides more compliant referencing behavior as well as more flexible APIs for customization. A future release will remove RefResolver. Please file a feature request (on referencing) if you are missing an API for the kind of customization you need.
2025-01-13T17:57:37.6820810Z 
2025-01-13T17:57:37.6821020Z ../../../micromamba/envs/tardis/lib/python3.12/site-packages/jupyter_client/connect.py:22
2025-01-13T17:57:37.6821570Z   /Users/runner/micromamba/envs/tardis/lib/python3.12/site-packages/jupyter_client/connect.py:22: DeprecationWarning:
2025-01-13T17:57:37.6821960Z   
2025-01-13T17:57:37.6822140Z   Jupyter is migrating its paths to use standard platformdirs
2025-01-13T17:57:37.6822450Z   given by the platformdirs library.  To remove this warning and
2025-01-13T17:57:37.6822770Z   see the appropriate new directories, set the environment variable
2025-01-13T17:57:37.6823090Z   `JUPYTER_PLATFORM_DIRS=1` and then run `jupyter --paths`.
2025-01-13T17:57:37.6823390Z   The use of platformdirs will be the default in `jupyter_core` v6
2025-01-13T17:57:37.6823590Z 
2025-01-13T17:57:37.6823730Z tardis/io/tests/test_HDFWriter.py::test_multi_index_write
2025-01-13T17:57:37.6824870Z tardis/visualization/widgets/tests/test_shell_info.py::TestHDFShellInfo::test_shells_data
2025-01-13T17:57:37.6825320Z   /Users/runner/work/tardis/tardis/tardis/io/util.py:276: PerformanceWarning:
2025-01-13T17:57:37.6825600Z   
2025-01-13T17:57:37.6825710Z   
2025-01-13T17:57:37.6825930Z   your performance may suffer as PyTables will pickle object types that it cannot
2025-01-13T17:57:37.6826360Z   map directly to c-types [inferred_type->mixed,key->block0_values] [items->Index([0], dtype='int64')]
2025-01-13T17:57:37.6826640Z 
2025-01-13T17:57:37.6826790Z tardis/io/tests/test_model_reader.py::test_read_cmfgen_isotope_abundances
2025-01-13T17:57:37.6827190Z tardis/plasma/tests/test_tardis_model_density_config.py::test_electron_densities
2025-01-13T17:57:37.6827610Z tardis/plasma/tests/test_tardis_model_density_config.py::test_isotope_number_densities
2025-01-13T17:57:37.6828010Z tardis/plasma/tests/test_tardis_model_density_config.py::test_t_rad
2025-01-13T17:57:37.6828460Z   /Users/runner/work/tardis/tardis/tardis/io/model/readers/cmfgen_deprecated.py:82: DeprecationWarning:
2025-01-13T17:57:37.6828830Z   
2025-01-13T17:57:37.6828980Z   The current CMFGEN model parser is deprecated
2025-01-13T17:57:37.6829130Z 
2025-01-13T17:57:37.6829220Z tardis/io/tests/test_model_reader.py: 1 warning
2025-01-13T17:57:37.6829510Z tardis/plasma/tests/test_tardis_model_density_config.py: 9 warnings
2025-01-13T17:57:37.6829970Z   /Users/runner/work/tardis/tardis/tardis/io/model/readers/cmfgen_deprecated.py:40: DeprecationWarning:
2025-01-13T17:57:37.6830330Z   
2025-01-13T17:57:37.6830470Z   The current CMFGEN model parser is deprecated
2025-01-13T17:57:37.6830620Z 
2025-01-13T17:57:37.6830780Z tardis/model/tests/test_base.py::TestModelFromPaper1Config::test_abundances
2025-01-13T17:57:37.6831310Z   /Users/runner/work/tardis/tardis/tardis/transport/montecarlo/montecarlo_main_loop.py:123: NumbaTypeSafetyWarning:
2025-01-13T17:57:37.6831710Z   
2025-01-13T17:57:37.6832150Z   [1m[1m[1munsafe cast from uint64 to int64. Precision may be lost.[0m[0m[0m
2025-01-13T17:57:37.6832370Z 
2025-01-13T17:57:37.6832760Z tardis/model/tests/test_base.py: 6 warnings
2025-01-13T17:57:37.6833020Z tardis/model/tests/test_csvy_model.py: 2 warnings
2025-01-13T17:57:37.6833320Z tardis/plasma/tests/test_tardis_model_density_config.py: 3 warnings
2025-01-13T17:57:37.6833740Z   /Users/runner/work/tardis/tardis/tardis/model/geometry/radial1d.py:50: DeprecationWarning:
2025-01-13T17:57:37.6834060Z   
2025-01-13T17:57:37.6834200Z   v_inner_boundary < 0, assuming default value
2025-01-13T17:57:37.6834350Z 
2025-01-13T17:57:37.6834430Z tardis/model/tests/test_base.py: 6 warnings
2025-01-13T17:57:37.6834660Z tardis/model/tests/test_csvy_model.py: 2 warnings
2025-01-13T17:57:37.6834950Z tardis/plasma/tests/test_tardis_model_density_config.py: 3 warnings
2025-01-13T17:57:37.6835360Z   /Users/runner/work/tardis/tardis/tardis/model/geometry/radial1d.py:61: DeprecationWarning:
2025-01-13T17:57:37.6835680Z   
2025-01-13T17:57:37.6835830Z   v_outer_boundary < 0, assuming default value
2025-01-13T17:57:37.6835990Z 
2025-01-13T17:57:37.6836350Z tardis/plasma/equilibrium/tests/test_level_populations.py::TestLevelPopulationSolver::test_solve[collisional_rate_solver0-radiative_transitions0]
2025-01-13T17:57:37.6837010Z   /Users/runner/work/tardis/tardis/tardis/plasma/equilibrium/level_populations.py:65: FutureWarning:
2025-01-13T17:57:37.6837360Z   
2025-01-13T17:57:37.6837640Z   A value is trying to be set on a copy of a DataFrame or Series through chained assignment using an inplace method.
2025-01-13T17:57:37.6838260Z   The behavior will change in pandas 3.0. This inplace method will never work because the intermediate object on which we are setting values always behaves as a copy.
2025-01-13T17:57:37.6838720Z   
2025-01-13T17:57:37.6839190Z   For example, when doing 'df[col].method(value, inplace=True)', try using 'df.method({col: value}, inplace=True)' or df[col] = df[col].method(value) instead, to perform the operation inplace on the original object.
2025-01-13T17:57:37.6839840Z 
2025-01-13T17:57:37.6839960Z tardis/plasma/tests/test_complete_plasmas.py: 20 warnings
2025-01-13T17:57:37.6840370Z   /Users/runner/work/tardis/tardis/tardis/plasma/tests/test_complete_plasmas.py:197: UserWarning:
2025-01-13T17:57:37.6840710Z   
2025-01-13T17:57:37.6840840Z   Property "atomic_mass" not found
2025-01-13T17:57:37.6840960Z 
2025-01-13T17:57:37.6841320Z tardis/plasma/tests/test_complete_plasmas.py::TestPlasma::test_plasma_properties[radiative_rates_type:detailed-w_epsilon:1e-10-j_blues_norm_factor]
2025-01-13T17:57:37.6842020Z tardis/plasma/tests/test_complete_plasmas.py::TestPlasma::test_plasma_properties[radiative_rates_type:detailed-j_blues_norm_factor]
2025-01-13T17:57:37.6842600Z   /Users/runner/work/tardis/tardis/tardis/plasma/tests/test_complete_plasmas.py:197: UserWarning:
2025-01-13T17:57:37.6842940Z   
2025-01-13T17:57:37.6843080Z   Property "j_blues_norm_factor" not found
2025-01-13T17:57:37.6843220Z 
2025-01-13T17:57:37.6843550Z tardis/plasma/tests/test_complete_plasmas.py::TestPlasma::test_plasma_properties[radiative_rates_type:detailed-w_epsilon:1e-10-j_blue_estimator]
2025-01-13T17:57:37.6844360Z tardis/plasma/tests/test_complete_plasmas.py::TestPlasma::test_plasma_properties[radiative_rates_type:detailed-j_blue_estimator]
2025-01-13T17:57:37.6844940Z   /Users/runner/work/tardis/tardis/tardis/plasma/tests/test_complete_plasmas.py:197: UserWarning:
2025-01-13T17:57:37.6845280Z   
2025-01-13T17:57:37.6845410Z   Property "j_blue_estimator" not found
2025-01-13T17:57:37.6845540Z 
2025-01-13T17:57:37.6845850Z tardis/plasma/tests/test_complete_plasmas.py::TestPlasma::test_plasma_properties[radiative_rates_type:detailed-w_epsilon:1e-10-volume]
2025-01-13T17:57:37.6846790Z tardis/plasma/tests/test_complete_plasmas.py::TestPlasma::test_plasma_properties[radiative_rates_type:detailed-volume]
2025-01-13T17:57:37.6847350Z   /Users/runner/work/tardis/tardis/tardis/plasma/tests/test_complete_plasmas.py:197: UserWarning:
2025-01-13T17:57:37.6847690Z   
2025-01-13T17:57:37.6847810Z   Property "volume" not found
2025-01-13T17:57:37.6847940Z 
2025-01-13T17:57:37.6848550Z tardis/plasma/tests/test_complete_plasmas.py::TestPlasma::test_plasma_properties[radiative_rates_type:detailed-w_epsilon:1e-10-r_inner]
2025-01-13T17:57:37.6849210Z tardis/plasma/tests/test_complete_plasmas.py::TestPlasma::test_plasma_properties[radiative_rates_type:detailed-r_inner]
2025-01-13T17:57:37.6849770Z   /Users/runner/work/tardis/tardis/tardis/plasma/tests/test_complete_plasmas.py:197: UserWarning:
2025-01-13T17:57:37.6850110Z   
2025-01-13T17:57:37.6850230Z   Property "r_inner" not found
2025-01-13T17:57:37.6850350Z 
2025-01-13T17:57:37.6850520Z tardis/plasma/tests/test_plasma_vboundary.py::test_plasma_vboundary[2900-3750]
2025-01-13T17:57:37.6850920Z tardis/plasma/tests/test_plasma_vboundary.py::test_plasma_vboundary[2900-3850]
2025-01-13T17:57:37.6851320Z tardis/plasma/tests/test_plasma_vboundary.py::test_plasma_vboundary[2900-3900]
2025-01-13T17:57:37.6851740Z   /Users/runner/work/tardis/tardis/tardis/model/geometry/radial1d.py:71: UserWarning:
2025-01-13T17:57:37.6852420Z   
2025-01-13T17:57:37.6860900Z   Requesting inner boundary below inner shell. Extrapolating the inner cell
2025-01-13T17:57:37.6861140Z 
2025-01-13T17:57:37.6861330Z tardis/spectrum/tests/test_spectrum_solver.py::TestSpectrumSolver::test_solve
2025-01-13T17:57:37.6861720Z   /Users/runner/work/tardis/tardis/tardis/spectrum/base.py:70: UserWarning:
2025-01-13T17:57:37.6862000Z   
2025-01-13T17:57:37.6862320Z   SpectrumSolver.spectrum_virtual_packets is zero. Please run the montecarlo simulation with no_of_virtual_packets > 0
2025-01-13T17:57:37.6862640Z 
2025-01-13T17:57:37.6862810Z tardis/spectrum/tests/test_spectrum_solver.py::TestSpectrumSolver::test_solve
2025-01-13T17:57:37.6863210Z   /Users/runner/work/tardis/tardis/tardis/spectrum/base.py:111: UserWarning:
2025-01-13T17:57:37.6863480Z   
2025-01-13T17:57:37.6863820Z   SpectrumSolver.integrator: The FormalIntegrator is not yet available.Please run the montecarlo simulation at least once.
2025-01-13T17:57:37.6864480Z 
2025-01-13T17:57:37.6864660Z tardis/transport/montecarlo/tests/test_vpacket.py::test_trace_vpacket_volley
2025-01-13T17:57:37.6864980Z   <string>:3: NumbaPendingDeprecationWarning:
2025-01-13T17:57:37.6865180Z   
2025-01-13T17:57:37.6866200Z   [1m[1mCode using Numba extension API maybe depending on 'old_style' error-capturing, which is deprecated and will be replaced by 'new_style' in a future release. See details at https://numba.readthedocs.io/en/latest/reference/deprecation.html#deprecation-of-old-style-numba-captured-errors
2025-01-13T17:57:37.6867000Z   Exception origin:
2025-01-13T17:57:37.6867300Z     File "/Users/runner/micromamba/envs/tardis/lib/python3.12/inspect.py", line 3180, in _bind
2025-01-13T17:57:37.6867630Z       raise TypeError(msg) from None
2025-01-13T17:57:37.6867830Z   [0m[0m
2025-01-13T17:57:37.6867900Z 
2025-01-13T17:57:37.6868160Z tardis/visualization/tools/tests/test_sdec_plot.py::TestSDECPlotter::test_mpl_image[plotter_generate_plot_mpl4]
2025-01-13T17:57:37.6868720Z   /Users/runner/work/tardis/tardis/tardis/visualization/tools/sdec_plot.py:1225: RuntimeWarning:
2025-01-13T17:57:37.6869060Z   
2025-01-13T17:57:37.6869790Z   More than 20 figures have been opened. Figures created through the pyplot interface (`matplotlib.pyplot.figure`) are retained until explicitly closed and may consume too much memory. (To control this warning, see the rcParam `figure.max_open_warning`). Consider using `matplotlib.pyplot.close()`.
2025-01-13T17:57:37.6870510Z 
2025-01-13T17:57:37.6870790Z tardis/visualization/widgets/tests/test_custom_abundance.py::TestCustomAbundanceWidget::test_update_input_item_value
2025-01-13T17:57:37.6871410Z tardis/visualization/widgets/tests/test_custom_abundance.py::TestCustomAbundanceWidget::test_update_input_item_value
2025-01-13T17:57:37.6872010Z tardis/visualization/widgets/tests/test_custom_abundance.py::TestCustomAbundanceWidget::test_update_input_item_value
2025-01-13T17:57:37.6872620Z tardis/visualization/widgets/tests/test_custom_abundance.py::TestCustomAbundanceWidget::test_update_input_item_value
2025-01-13T17:57:37.6873530Z tardis/visualization/widgets/tests/test_custom_abundance.py::TestCustomAbundanceWidget::test_update_input_item_value
2025-01-13T17:57:37.6874160Z tardis/visualization/widgets/tests/test_custom_abundance.py::TestCustomAbundanceWidget::test_update_input_item_value
2025-01-13T17:57:37.6874770Z   /Users/runner/micromamba/envs/tardis/lib/python3.12/site-packages/traitlets/traitlets.py:1385: DeprecationWarning:
2025-01-13T17:57:37.6875170Z   
2025-01-13T17:57:37.6875390Z   Passing unrecognized arguments to super(Checkbox).__init__(icon='lock').
2025-01-13T17:57:37.6875750Z   object.__init__() takes exactly one argument (the instance to initialize)
2025-01-13T17:57:37.6876160Z   This is deprecated in traitlets 4.2.This error will be raised in a future release of traitlets.
2025-01-13T17:57:37.6876410Z 
2025-01-13T17:57:37.6876690Z tardis/visualization/widgets/tests/test_custom_abundance.py::TestCustomAbundanceWidget::test_update_input_item_value
2025-01-13T17:57:37.6877300Z tardis/visualization/widgets/tests/test_custom_abundance.py::TestCustomAbundanceWidget::test_update_input_item_value
2025-01-13T17:57:37.6877920Z   /Users/runner/micromamba/envs/tardis/lib/python3.12/site-packages/traitlets/traitlets.py:1385: DeprecationWarning:
2025-01-13T17:57:37.6878300Z   
2025-01-13T17:57:37.6878510Z   Passing unrecognized arguments to super(FloatText).__init__(min=0).
2025-01-13T17:57:37.6878860Z   object.__init__() takes exactly one argument (the instance to initialize)
2025-01-13T17:57:37.6879250Z   This is deprecated in traitlets 4.2.This error will be raised in a future release of traitlets.
2025-01-13T17:57:37.6879510Z 
2025-01-13T17:57:37.6879790Z tardis/visualization/widgets/tests/test_custom_abundance.py::TestCustomAbundanceWidget::test_update_input_item_value
2025-01-13T17:57:37.6880400Z   /Users/runner/micromamba/envs/tardis/lib/python3.12/site-packages/traitlets/traitlets.py:1385: DeprecationWarning:
2025-01-13T17:57:37.6880860Z   
2025-01-13T17:57:37.6881060Z   Passing unrecognized arguments to super(HTML).__init__(indent=True).
2025-01-13T17:57:37.6881420Z   object.__init__() takes exactly one argument (the instance to initialize)
2025-01-13T17:57:37.6881820Z   This is deprecated in traitlets 4.2.This error will be raised in a future release of traitlets.
2025-01-13T17:57:37.6882070Z 
2025-01-13T17:57:37.6882410Z tardis/visualization/widgets/tests/test_line_info.py::TestLineInfoWidgetData::test_get_species_interactions[wavelength_range0-packet_out_nu]
2025-01-13T17:57:37.6883060Z   /Users/runner/micromamba/envs/tardis/lib/python3.12/site-packages/qgridnext/grid.py:825: DeprecationWarning:
2025-01-13T17:57:37.6883420Z   
2025-01-13T17:57:37.6883710Z   QgridWidget._grid_options_changed is deprecated in traitlets 4.1: use @observe and @unobserve instead.
2025-01-13T17:57:37.6884000Z 
2025-01-13T17:57:37.6884200Z tardis/visualization/widgets/tests/test_shell_info.py::TestHDFShellInfo::test_shells_data
2025-01-13T17:57:37.6884640Z   /Users/runner/work/tardis/tardis/tardis/io/util.py:289: PerformanceWarning:
2025-01-13T17:57:37.6884930Z   
2025-01-13T17:57:37.6885040Z   
2025-01-13T17:57:37.6885260Z   your performance may suffer as PyTables will pickle object types that it cannot
2025-01-13T17:57:37.6885690Z   map directly to c-types [inferred_type->mixed,key->block0_values] [items->Index([0], dtype='int64')]
2025-01-13T17:57:37.6885970Z 
2025-01-13T17:57:37.6886170Z tardis/visualization/widgets/tests/test_shell_info.py::TestHDFShellInfo::test_shells_data
2025-01-13T17:57:37.6886800Z   /Users/runner/work/tardis/tardis/tardis/io/util.py:292: PerformanceWarning:
2025-01-13T17:57:37.6887080Z   
2025-01-13T17:57:37.6887190Z   
2025-01-13T17:57:37.6887410Z   your performance may suffer as PyTables will pickle object types that it cannot
2025-01-13T17:57:37.6887780Z   map directly to c-types [inferred_type->mixed,key->values] [items->None]
2025-01-13T17:57:37.6887980Z 
2025-01-13T17:57:37.6888190Z tardis/visualization/widgets/tests/test_shell_info.py::TestHDFShellInfo::test_shells_data
2025-01-13T17:57:37.6888940Z   /Users/runner/work/tardis/tardis/tardis/spectrum/formal_integral.py:398: UserWarning:
2025-01-13T17:57:37.6889280Z   
2025-01-13T17:57:37.6889490Z   The number of interpolate_shells was not specified. The value was set to 80.
2025-01-13T17:57:37.6889710Z 
2025-01-13T17:57:37.6889870Z -- Docs: https://docs.pytest.org/en/stable/how-to/capture-warnings.html
2025-01-13T17:57:37.6890090Z 
2025-01-13T17:57:37.6890220Z ---------- coverage: platform darwin, python 3.12.4-final-0 ----------
2025-01-13T17:57:37.6890510Z Coverage HTML written to dir coverage_html_report
2025-01-13T17:57:37.6890740Z Coverage XML written to file coverage.xml
2025-01-13T17:57:37.6890880Z 
2025-01-13T17:57:37.6890980Z =========================== short test summary info ============================
2025-01-13T17:57:37.6891730Z FAILED tardis/opacities/tests/test_tau_sobolev.py::test_calculate_sobolev_line_opacity - FileNotFoundError: File /Users/runner/work/tardis/tardis/tardis-regression-data/test_tau_sobolev/test_calculate_sobolev_line_opacity.h5 does not exist
2025-01-13T17:57:37.6892980Z FAILED tardis/opacities/tests/test_tau_sobolev.py::test_calculate_beta_sobolevs - FileNotFoundError: [Errno 2] No such file or directory: '/Users/runner/work/tardis/tardis/tardis-regression-data/test_tau_sobolev/test_calculate_beta_sobolevs.npy'
2025-01-13T17:57:37.6893830Z = 2 failed, 1436 passed, 329 skipped, 2 deselected, 19 xfailed, 8 xpassed, 91 warnings in 790.75s (0:13:10) =
2025-01-13T17:57:39.7483090Z ##[error]Process completed with exit code 1.
2025-01-13T17:57:39.8032990Z Post job cleanup.
2025-01-13T17:57:39.8099480Z Post job cleanup.
2025-01-13T17:57:40.1700170Z Will use pre-installed micromamba at /Users/runner/micromamba-bin/micromamba
2025-01-13T17:57:40.1702000Z Removing micromamba run shell ...
2025-01-13T17:57:40.1713770Z ##[group]Deinitialize micromamba for bash
2025-01-13T17:57:40.1730510Z [command]/Users/runner/micromamba-bin/micromamba shell deinit -s bash -r /Users/runner/micromamba --log-level warning --rc-file /Users/runner/work/_temp/setup-micromamba/.condarc
2025-01-13T17:57:40.3434160Z Resetting RC file "/Users/runner/.bash_profile"
2025-01-13T17:57:40.3434550Z Deleting config for root prefix 
2025-01-13T17:57:40.3434840Z Clearing mamba executable environment variable
2025-01-13T17:57:40.3442580Z Removing the following in your "/Users/runner/.bash_profile" file
2025-01-13T17:57:40.3443110Z # >>> mamba initialize >>>
2025-01-13T17:57:40.3443300Z ...
2025-01-13T17:57:40.3443430Z # <<< mamba initialize <<<
2025-01-13T17:57:40.3504450Z Removing environment tardis from auto-activate bash ...
2025-01-13T17:57:40.3682770Z Post job cleanup.
2025-01-13T17:57:40.3735360Z Post job cleanup.
2025-01-13T17:57:40.4927690Z [command]/opt/homebrew/bin/git version
2025-01-13T17:57:40.5203680Z git version 2.47.1
2025-01-13T17:57:40.5231360Z Copying '/Users/runner/.gitconfig' to '/Users/runner/work/_temp/be1bb7e2-0675-4b72-9123-ff36ae27691f/.gitconfig'
2025-01-13T17:57:40.5259930Z Temporarily overriding HOME='/Users/runner/work/_temp/be1bb7e2-0675-4b72-9123-ff36ae27691f' before making global git config changes
2025-01-13T17:57:40.5260540Z Adding repository directory to the temporary git global config as a safe directory
2025-01-13T17:57:40.5265310Z [command]/opt/homebrew/bin/git config --global --add safe.directory /Users/runner/work/tardis/tardis/tardis-regression-data
2025-01-13T17:57:40.5371350Z [command]/opt/homebrew/bin/git config --local --name-only --get-regexp core\.sshCommand
2025-01-13T17:57:40.5438610Z [command]/opt/homebrew/bin/git submodule foreach --recursive sh -c "git config --local --name-only --get-regexp 'core\.sshCommand' && git config --local --unset-all 'core.sshCommand' || :"
2025-01-13T17:57:40.7106420Z [command]/opt/homebrew/bin/git config --local --name-only --get-regexp http\.https\:\/\/github\.com\/\.extraheader
2025-01-13T17:57:40.7148790Z http.https://github.com/.extraheader
2025-01-13T17:57:40.7157640Z [command]/opt/homebrew/bin/git config --local --unset-all http.https://github.com/.extraheader
2025-01-13T17:57:40.7221420Z [command]/opt/homebrew/bin/git submodule foreach --recursive sh -c "git config --local --name-only --get-regexp 'http\.https\:\/\/github\.com\/\.extraheader' && git config --local --unset-all 'http.https://github.com/.extraheader' || :"
2025-01-13T17:57:40.9558170Z Post job cleanup.
2025-01-13T17:57:41.1166780Z [command]/opt/homebrew/bin/git version
2025-01-13T17:57:41.1223720Z git version 2.47.1
2025-01-13T17:57:41.1247160Z Copying '/Users/runner/.gitconfig' to '/Users/runner/work/_temp/d9462a7f-6a3b-45a9-a565-b08871bc8e4b/.gitconfig'
2025-01-13T17:57:41.1255150Z Temporarily overriding HOME='/Users/runner/work/_temp/d9462a7f-6a3b-45a9-a565-b08871bc8e4b' before making global git config changes
2025-01-13T17:57:41.1255800Z Adding repository directory to the temporary git global config as a safe directory
2025-01-13T17:57:41.1259380Z [command]/opt/homebrew/bin/git config --global --add safe.directory /Users/runner/work/tardis/tardis
2025-01-13T17:57:41.1336650Z [command]/opt/homebrew/bin/git config --local --name-only --get-regexp core\.sshCommand
2025-01-13T17:57:41.1406800Z [command]/opt/homebrew/bin/git submodule foreach --recursive sh -c "git config --local --name-only --get-regexp 'core\.sshCommand' && git config --local --unset-all 'core.sshCommand' || :"
2025-01-13T17:57:41.2375810Z [command]/opt/homebrew/bin/git config --local --name-only --get-regexp http\.https\:\/\/github\.com\/\.extraheader
2025-01-13T17:57:41.2434910Z http.https://github.com/.extraheader
2025-01-13T17:57:41.2444410Z [command]/opt/homebrew/bin/git config --local --unset-all http.https://github.com/.extraheader
2025-01-13T17:57:41.2564790Z [command]/opt/homebrew/bin/git submodule foreach --recursive sh -c "git config --local --name-only --get-regexp 'http\.https\:\/\/github\.com\/\.extraheader' && git config --local --unset-all 'http.https://github.com/.extraheader' || :"
2025-01-13T17:57:41.3623990Z Cleaning up orphan processes
