2025-01-20T14:08:48.7429127Z ##[group]Run pytest tardis --tardis-regression-data=/home/runner/work/tardis/tardis/tardis-regression-data --cov=tardis --cov-report=xml --cov-report=html --cov-append -m "not continuum"
2025-01-20T14:08:48.7430451Z [36;1mpytest tardis --tardis-regression-data=/home/runner/work/tardis/tardis/tardis-regression-data --cov=tardis --cov-report=xml --cov-report=html --cov-append -m "not continuum"[0m
2025-01-20T14:08:48.7457110Z shell: /usr/bin/bash -l {0}
2025-01-20T14:08:48.7457340Z env:
2025-01-20T14:08:48.7457501Z   CACHE_NUMBER: 0
2025-01-20T14:08:48.7458241Z   PYTEST_FLAGS: --tardis-regression-data=/home/runner/work/tardis/tardis/tardis-regression-data --cov=tardis --cov-report=xml --cov-report=html --cov-append
2025-01-20T14:08:48.7458872Z   CODECOV_TOKEN: 
2025-01-20T14:08:48.7459080Z   MAMBA_ROOT_PREFIX: /home/runner/micromamba
2025-01-20T14:08:48.7459367Z   MAMBA_EXE: /home/runner/micromamba-bin/micromamba
2025-01-20T14:08:48.7459698Z   CONDARC: /home/runner/work/_temp/setup-micromamba/.condarc
2025-01-20T14:08:48.7460027Z ##[endgroup]
2025-01-20T14:09:00.1675028Z ============================= test session starts ==============================
2025-01-20T14:09:00.1675721Z platform linux -- Python 3.12.4, pytest-8.2.2, pluggy-1.5.0
2025-01-20T14:09:00.1676249Z rootdir: /home/runner/work/tardis/tardis
2025-01-20T14:09:00.1677064Z configfile: pyproject.toml
2025-01-20T14:09:00.1677588Z plugins: anyio-4.4.0, doctestplus-1.2.1, cov-5.0.0, html-4.1.1, metadata-3.1.1
2025-01-20T14:09:00.1678479Z collected 1796 items / 2 deselected / 1794 selected
2025-01-20T14:09:00.1678799Z 
2025-01-20T14:09:05.1404313Z tardis/energy_input/tests/test_energy_source.py ..xxx                    [  0%]
2025-01-20T14:09:08.1324970Z tardis/energy_input/tests/test_gamma_ray_channel.py ...........          [  0%]
2025-01-20T14:09:09.7243994Z tardis/energy_input/tests/test_gamma_ray_grid.py xx.                     [  1%]
2025-01-20T14:09:11.6967426Z tardis/energy_input/tests/test_gamma_ray_interactions.py xx....          [  1%]
2025-01-20T14:09:11.7061495Z tardis/energy_input/tests/test_gamma_ray_packet_source.py sssssssss      [  1%]
2025-01-20T14:09:12.9926803Z tardis/energy_input/tests/test_util.py .....xxxx.....                    [  2%]
2025-01-20T14:09:13.3345276Z tardis/grid/tests/test_grid.py .                                         [  2%]
2025-01-20T14:09:13.3361166Z tardis/gui/tests/test_gui.py s                                           [  2%]
2025-01-20T14:09:17.1732018Z tardis/io/configuration/tests/test_config_reader.py ...........          [  3%]
2025-01-20T14:09:17.1858541Z tardis/io/configuration/tests/test_configuration_namespace.py .........  [  3%]
2025-01-20T14:09:17.2161796Z tardis/io/logger/tests/test_logging.py ssssssssssssssssssssssssssss      [  5%]
2025-01-20T14:09:56.1335314Z tardis/io/model/readers/tests/test_arepo_parser.py ..                    [  5%]
2025-01-20T14:09:56.1479916Z tardis/io/model/readers/tests/test_ascii_readers.py ...                  [  5%]
2025-01-20T14:09:56.1587134Z tardis/io/model/readers/tests/test_cmfgen_reader.py ..                   [  5%]
2025-01-20T14:09:56.1886939Z tardis/io/model/readers/tests/test_csvy_reader.py ....                   [  6%]
2025-01-20T14:09:56.2094963Z tardis/io/model/readers/tests/test_stella_reader.py ..                   [  6%]
2025-01-20T14:09:56.5198294Z tardis/io/tests/test_HDFWriter.py ...............                        [  7%]
2025-01-20T14:09:56.8534673Z tardis/io/tests/test_atomic.py .....                                     [  7%]
2025-01-20T14:09:56.8729797Z tardis/io/tests/test_decay.py ..                                         [  7%]
2025-01-20T14:09:57.0692416Z tardis/io/tests/test_model_reader.py ......                              [  7%]
2025-01-20T14:09:57.0761791Z tardis/model/geometry/tests/test_radial1d.py ..                          [  7%]
2025-01-20T14:10:55.4903901Z tardis/model/tests/test_base.py ........................................ [ 10%]
2025-01-20T14:10:56.4886633Z ............                                                             [ 10%]
2025-01-20T14:10:59.5448297Z tardis/model/tests/test_csvy_model.py .........                          [ 11%]
2025-01-20T14:10:59.5931397Z tardis/model/tests/test_density.py ..                                    [ 11%]
2025-01-20T14:11:00.9310948Z tardis/opacities/tests/test_opacity_solver.py .....                      [ 11%]
2025-01-20T14:11:02.2833276Z tardis/opacities/tests/test_opacity_state_numba.py .....                 [ 11%]
2025-01-20T14:11:03.8950821Z tardis/opacities/tests/test_tau_sobolev.py ..                            [ 12%]
2025-01-20T14:11:07.2336817Z tardis/plasma/equilibrium/tests/test_collisional_transitions.py ...      [ 12%]
2025-01-20T14:11:53.8700177Z tardis/plasma/equilibrium/tests/test_level_populations.py ....           [ 12%]
2025-01-20T14:12:06.1953399Z tardis/plasma/equilibrium/tests/test_rate_matrix.py F                    [ 12%]
2025-01-20T14:12:07.6338003Z tardis/plasma/tests/test_complete_plasmas.py ..............s......s..... [ 13%]
2025-01-20T14:12:10.5487179Z s....ssssss............s......s.....ss.....s....ssssss............s..... [ 18%]
2025-01-20T14:12:12.2400177Z .s.....ss.....s....ssssss............s......s.....ss.....s....ssssss.... [ 22%]
2025-01-20T14:12:15.1215478Z ........s......s.....ss.....s....ssssss............s......s.....ss.....s [ 26%]
2025-01-20T14:12:17.9930837Z ....ssssss............s......s.....ss.....s....ssssss............s...... [ 30%]
2025-01-20T14:12:18.7040234Z s.....ss.....s....ssssss............s......s.....ss.....s.ss.ssssss..... [ 34%]
2025-01-20T14:12:21.5708095Z .......s......s.....ss.....s....ssssss............s......s.....ss.....s. [ 38%]
2025-01-20T14:12:24.4766451Z ...ssssss............s......s.....ss.....s....ssssss............s......s [ 42%]
2025-01-20T14:12:27.5216433Z .....ss.....s....ssssss............s......s.....s...........ssssss...... [ 46%]
2025-01-20T14:12:29.3069719Z ......s......s.....s...........ssssss............s......s.....s......... [ 50%]
2025-01-20T14:12:32.9196359Z ..ssssss............s......s.....ss.....s....ssssss............s......s. [ 54%]
2025-01-20T14:12:36.1668105Z ....ss.....s....ssssss...................s......s.....s....ssss......... [ 58%]
2025-01-20T14:12:36.4698017Z ............s......s.....s....ssss.......                                [ 60%]
2025-01-20T14:12:36.6334728Z tardis/plasma/tests/test_hdf_plasma.py ................................. [ 62%]
2025-01-20T14:12:36.6449561Z ......                                                                   [ 62%]
2025-01-20T14:12:36.7893577Z tardis/plasma/tests/test_nlte_excitation.py ...                          [ 62%]
2025-01-20T14:14:55.1312561Z tardis/plasma/tests/test_nlte_solver.py .....X                           [ 63%]
2025-01-20T14:14:55.1353885Z tardis/plasma/tests/test_plasma_continuum.py .                           [ 63%]
2025-01-20T14:15:18.9690964Z tardis/plasma/tests/test_plasma_vboundary.py .............               [ 63%]
2025-01-20T14:15:32.5784112Z tardis/plasma/tests/test_tardis_model_density_config.py ...              [ 64%]
2025-01-20T14:15:33.3423667Z tardis/simulation/tests/test_convergence.py .....                        [ 64%]
2025-01-20T14:15:42.8918653Z tardis/simulation/tests/test_simulation.py .............                 [ 65%]
2025-01-20T14:15:42.9118554Z tardis/spectrum/tests/test_cuda_formal_integral.py sssssssssssssssssssss [ 66%]
2025-01-20T14:15:43.4158787Z ssss...ssssssssssssssssssssss                                            [ 67%]
2025-01-20T14:15:43.4233998Z tardis/spectrum/tests/test_luminosity.py ....                            [ 68%]
2025-01-20T14:15:45.1048637Z tardis/spectrum/tests/test_numba_formal_integral.py .................... [ 69%]
2025-01-20T14:15:45.1246563Z ..........                                                               [ 69%]
2025-01-20T14:15:45.3241791Z tardis/spectrum/tests/test_spectrum.py ................................. [ 71%]
2025-01-20T14:15:45.3605432Z .........                                                                [ 72%]
2025-01-20T14:16:04.1748048Z tardis/spectrum/tests/test_spectrum_solver.py ....                       [ 72%]
2025-01-20T14:17:06.6611241Z tardis/tests/test_tardis_full.py ....                                    [ 72%]
2025-01-20T14:18:32.0338245Z tardis/tests/test_tardis_full_formal_integral.py ................        [ 73%]
2025-01-20T14:18:32.1086414Z tardis/tests/test_util.py .............................................  [ 75%]
2025-01-20T14:18:34.7846605Z tardis/transport/montecarlo/tests/test_base.py x.....................    [ 77%]
2025-01-20T14:18:42.6878427Z tardis/transport/montecarlo/tests/test_interaction.py .......            [ 77%]
2025-01-20T14:18:42.9154368Z tardis/transport/montecarlo/tests/test_macro_atom.py ....                [ 77%]
2025-01-20T14:18:42.9336927Z tardis/transport/montecarlo/tests/test_montecarlo.py sssssssssssssssssss [ 78%]
2025-01-20T14:18:42.9767095Z sssssssssssssssssssssssssssssssssssssssssssss                            [ 81%]
2025-01-20T14:18:51.9402369Z tardis/transport/montecarlo/tests/test_montecarlo_main_loop.py x..       [ 81%]
2025-01-20T14:18:51.9470651Z tardis/transport/montecarlo/tests/test_nonhomologous.py ...              [ 81%]
2025-01-20T14:18:58.2195520Z tardis/transport/montecarlo/tests/test_numba_interface.py .....x.        [ 82%]
2025-01-20T14:18:58.7005465Z tardis/transport/montecarlo/tests/test_opacities.py ...............      [ 82%]
2025-01-20T14:18:59.7354279Z tardis/transport/montecarlo/tests/test_packet.py .................xXXXXX [ 84%]
2025-01-20T14:18:59.8704187Z XX.........                                                              [ 84%]
2025-01-20T14:18:59.8982590Z tardis/transport/montecarlo/tests/test_packet_source.py ........         [ 85%]
2025-01-20T14:19:00.2239471Z tardis/transport/montecarlo/tests/test_rpacket_last_interaction_tracker.py . [ 85%]
2025-01-20T14:19:00.6333061Z .....                                                                    [ 85%]
2025-01-20T14:19:35.6048407Z tardis/transport/montecarlo/tests/test_rpacket_tracker.py ......         [ 85%]
2025-01-20T14:19:35.6326825Z tardis/transport/montecarlo/tests/test_single_packet_loop.py xxx         [ 86%]
2025-01-20T14:19:35.6358320Z tardis/transport/montecarlo/tests/test_tracker_utils.py ..               [ 86%]
2025-01-20T14:19:38.0594519Z tardis/transport/montecarlo/tests/test_vpacket.py ..x.                   [ 86%]
2025-01-20T14:19:38.0768226Z tardis/transport/montecarlo/tests/test_weighted_packet_source.py ....    [ 86%]
2025-01-20T14:19:41.5563674Z tardis/transport/montecarlo/tests/test_weighted_packet_source_integration.py . [ 86%]
2025-01-20T14:19:41.5565032Z                                                                          [ 86%]
2025-01-20T14:19:42.2935040Z tardis/transport/tests/test_doppler_factor.py ..................         [ 87%]
2025-01-20T14:19:43.6327062Z tardis/visualization/tools/tests/test_convergence_plot.py .............. [ 88%]
2025-01-20T14:19:45.8875910Z ......                                                                   [ 88%]
2025-01-20T14:19:50.5709791Z tardis/visualization/tools/tests/test_liv_plot.py ...................... [ 90%]
2025-01-20T14:19:53.2116787Z .............................                                            [ 91%]
2025-01-20T14:19:56.6873595Z tardis/visualization/tools/tests/test_rpacket_plot.py .................. [ 92%]
2025-01-20T14:20:03.8144741Z ....                                                                     [ 92%]
2025-01-20T14:20:09.8450789Z tardis/visualization/tools/tests/test_sdec_plot.py ..................... [ 94%]
2025-01-20T14:20:17.3432280Z ..............................                                           [ 95%]
2025-01-20T14:20:17.7748010Z tardis/visualization/widgets/tests/test_custom_abundance.py ........ss.. [ 96%]
2025-01-20T14:20:17.8459547Z ....                                                                     [ 96%]
2025-01-20T14:20:18.8793478Z tardis/visualization/widgets/tests/test_line_info.py ................... [ 97%]
2025-01-20T14:20:19.5010808Z ..................                                                       [ 98%]
2025-01-20T14:21:22.8781813Z tardis/visualization/widgets/tests/test_shell_info.py .................. [ 99%]
2025-01-20T14:21:30.4458672Z ......                                                                   [100%]
2025-01-20T14:21:30.4460551Z 
2025-01-20T14:21:30.4461198Z =================================== FAILURES ===================================
2025-01-20T14:21:30.4462165Z ___ test_rate_matrix_solver[collisional_rate_solver0-radiative_transitions0] ___
2025-01-20T14:21:30.4462714Z 
2025-01-20T14:21:30.4463104Z new_chianti_atomic_dataset_si = <Atomic Data UUID=None MD5=None Lines=548387 Levels=26579>
2025-01-20T14:21:30.4465055Z rate_solver_list = [(<tardis.plasma.equilibrium.rates.radiative_rates.RadiativeRatesSolver object at 0x7fb55031e180>, 'radiative'), (<tardis.plasma.equilibrium.rates.collisional_rates.ThermalCollisionalRateSolver object at 0x7fb55031f260>, 'electron')]
2025-01-20T14:21:30.4466537Z collisional_simulation_state = <tardis.model.base.SimulationState object at 0x7fb56194b320>
2025-01-20T14:21:30.4467224Z regression_data = <tardis.tests.fixtures.regression_data.RegressionData object at 0x7fb578ce1970>
2025-01-20T14:21:30.4467574Z 
2025-01-20T14:21:30.4467881Z     def test_rate_matrix_solver(
2025-01-20T14:21:30.4468126Z         new_chianti_atomic_dataset_si,
2025-01-20T14:21:30.4468642Z         rate_solver_list,
2025-01-20T14:21:30.4468870Z         collisional_simulation_state,
2025-01-20T14:21:30.4469105Z         regression_data,
2025-01-20T14:21:30.4469298Z     ):
2025-01-20T14:21:30.4469512Z         rate_matrix_solver = RateMatrix(
2025-01-20T14:21:30.4469813Z             rate_solver_list, new_chianti_atomic_dataset_si.levels
2025-01-20T14:21:30.4470092Z         )
2025-01-20T14:21:30.4470246Z     
2025-01-20T14:21:30.4470441Z         rad_field = DilutePlanckianRadiationField(
2025-01-20T14:21:30.4470743Z             collisional_simulation_state.t_radiative,
2025-01-20T14:21:30.4471114Z             dilution_factor=np.zeros_like(collisional_simulation_state.t_radiative),
2025-01-20T14:21:30.4471453Z         )
2025-01-20T14:21:30.4471682Z         electron_dist = ThermalElectronEnergyDistribution(
2025-01-20T14:21:30.4472053Z             0, collisional_simulation_state.t_radiative, 1e6 * u.g / u.cm**3
2025-01-20T14:21:30.4472539Z         )
2025-01-20T14:21:30.4472798Z     
2025-01-20T14:21:30.4490186Z         actual = rate_matrix_solver.solve(rad_field, electron_dist)
2025-01-20T14:21:30.4490719Z     
2025-01-20T14:21:30.4491066Z >       expected = regression_data.sync_dataframe(actual)
2025-01-20T14:21:30.4491421Z 
2025-01-20T14:21:30.4491675Z tardis/plasma/equilibrium/tests/test_rate_matrix.py:34: 
2025-01-20T14:21:30.4492233Z _ _ _ _ _ _ _ _ _ _ _ _ _ _ _ _ _ _ _ _ _ _ _ _ _ _ _ _ _ _ _ _ _ _ _ _ _ _ _ _ 
2025-01-20T14:21:30.4492832Z tardis/tests/fixtures/regression_data.py:88: in sync_dataframe
2025-01-20T14:21:30.4493400Z     return pd.read_hdf(self.fpath, key=key)
2025-01-20T14:21:30.4493984Z ../../../micromamba/envs/tardis/lib/python3.12/site-packages/pandas/io/pytables.py:452: in read_hdf
2025-01-20T14:21:30.4494448Z     return store.select(
2025-01-20T14:21:30.4495096Z ../../../micromamba/envs/tardis/lib/python3.12/site-packages/pandas/io/pytables.py:906: in select
2025-01-20T14:21:30.4495744Z     return it.get_result()
2025-01-20T14:21:30.4496373Z ../../../micromamba/envs/tardis/lib/python3.12/site-packages/pandas/io/pytables.py:2029: in get_result
2025-01-20T14:21:30.4497111Z     results = self.func(self.start, self.stop, where)
2025-01-20T14:21:30.4498007Z ../../../micromamba/envs/tardis/lib/python3.12/site-packages/pandas/io/pytables.py:890: in func
2025-01-20T14:21:30.4498842Z     return s.read(start=_start, stop=_stop, where=_where, columns=columns)
2025-01-20T14:21:30.4499748Z ../../../micromamba/envs/tardis/lib/python3.12/site-packages/pandas/io/pytables.py:3292: in read
2025-01-20T14:21:30.4500571Z     values = self.read_array(f"block{i}_values", start=_start, stop=_stop)
2025-01-20T14:21:30.4501391Z ../../../micromamba/envs/tardis/lib/python3.12/site-packages/pandas/io/pytables.py:2956: in read_array
2025-01-20T14:21:30.4502384Z     ret = node[0][start:stop]
2025-01-20T14:21:30.4503001Z ../../../micromamba/envs/tardis/lib/python3.12/site-packages/tables/vlarray.py:662: in __getitem__
2025-01-20T14:21:30.4503672Z     return self.read(start, stop, step)[0]
2025-01-20T14:21:30.4504318Z ../../../micromamba/envs/tardis/lib/python3.12/site-packages/tables/vlarray.py:806: in read
2025-01-20T14:21:30.4504997Z     outlistarr = [atom.fromarray(arr) for arr in listarr]
2025-01-20T14:21:30.4505484Z _ _ _ _ _ _ _ _ _ _ _ _ _ _ _ _ _ _ _ _ _ _ _ _ _ _ _ _ _ _ _ _ _ _ _ _ _ _ _ _ 
2025-01-20T14:21:30.4505787Z 
2025-01-20T14:21:30.4505899Z self = ObjectAtom()
2025-01-20T14:21:30.4506251Z array = array([128,   5, 149, ..., 148,  98,  46], dtype=uint8)
2025-01-20T14:21:30.4506582Z 
2025-01-20T14:21:30.4506704Z     def fromarray(self, array):
2025-01-20T14:21:30.4507119Z         # We have to check for an empty array because of a possible
2025-01-20T14:21:30.4507908Z         # bug in HDF5 which makes it claim that a dataset has one
2025-01-20T14:21:30.4508383Z         # record when in fact it is empty.
2025-01-20T14:21:30.4508734Z         if array.size == 0:
2025-01-20T14:21:30.4509021Z             return None
2025-01-20T14:21:30.4509329Z >       return pickle.loads(array.tobytes())
2025-01-20T14:21:30.4510088Z E       ModuleNotFoundError: No module named 'numpy._core.numeric'
2025-01-20T14:21:30.4510464Z 
2025-01-20T14:21:30.4510884Z ../../../micromamba/envs/tardis/lib/python3.12/site-packages/tables/atom.py:1181: ModuleNotFoundError
2025-01-20T14:21:30.4511685Z ------------------------------ Captured log setup ------------------------------
2025-01-20T14:21:30.4512889Z WARNING  tardis.io.model.parse_density_configuration:parse_density_configuration.py:114 Number of density points larger than number of shells. Assuming inner point irrelevant
2025-01-20T14:21:30.4513968Z =============================== warnings summary ===============================
2025-01-20T14:21:30.4514428Z tardis/io/configuration/config_validator.py:6
2025-01-20T14:21:30.4514874Z tardis/io/configuration/config_validator.py:6
2025-01-20T14:21:30.4515611Z   /home/runner/work/tardis/tardis/tardis/io/configuration/config_validator.py:6: DeprecationWarning:
2025-01-20T14:21:30.4516323Z   
2025-01-20T14:21:30.4518462Z   jsonschema.RefResolver is deprecated as of v4.18.0, in favor of the https://github.com/python-jsonschema/referencing library, which provides more compliant referencing behavior as well as more flexible APIs for customization. A future release will remove RefResolver. Please file a feature request (on referencing) if you are missing an API for the kind of customization you need.
2025-01-20T14:21:30.4520458Z 
2025-01-20T14:21:30.4520819Z ../../../micromamba/envs/tardis/lib/python3.12/site-packages/jupyter_client/connect.py:22
2025-01-20T14:21:30.4521894Z   /home/runner/micromamba/envs/tardis/lib/python3.12/site-packages/jupyter_client/connect.py:22: DeprecationWarning:
2025-01-20T14:21:30.4522678Z   
2025-01-20T14:21:30.4523027Z   Jupyter is migrating its paths to use standard platformdirs
2025-01-20T14:21:30.4523585Z   given by the platformdirs library.  To remove this warning and
2025-01-20T14:21:30.4524168Z   see the appropriate new directories, set the environment variable
2025-01-20T14:21:30.4524769Z   `JUPYTER_PLATFORM_DIRS=1` and then run `jupyter --paths`.
2025-01-20T14:21:30.4525344Z   The use of platformdirs will be the default in `jupyter_core` v6
2025-01-20T14:21:30.4525699Z 
2025-01-20T14:21:30.4525921Z tardis/transport/montecarlo/tests/test_montecarlo.py:557
2025-01-20T14:21:30.4526850Z   /home/runner/work/tardis/tardis/tardis/transport/montecarlo/tests/test_montecarlo.py:557: PytestUnknownMarkWarning:
2025-01-20T14:21:30.4527841Z   
2025-01-20T14:21:30.4528753Z   Unknown pytest.mark.continuumtest - is this a typo?  You can register custom marks to avoid this warning - for details, see https://docs.pytest.org/en/stable/how-to/mark.html
2025-01-20T14:21:30.4529685Z 
2025-01-20T14:21:30.4529908Z tardis/transport/montecarlo/tests/test_montecarlo.py:584
2025-01-20T14:21:30.4531074Z   /home/runner/work/tardis/tardis/tardis/transport/montecarlo/tests/test_montecarlo.py:584: PytestUnknownMarkWarning:
2025-01-20T14:21:30.4531925Z   
2025-01-20T14:21:30.4532788Z   Unknown pytest.mark.continuumtest - is this a typo?  You can register custom marks to avoid this warning - for details, see https://docs.pytest.org/en/stable/how-to/mark.html
2025-01-20T14:21:30.4533728Z 
2025-01-20T14:21:30.4533955Z tardis/transport/montecarlo/tests/test_montecarlo.py:605
2025-01-20T14:21:30.4534908Z   /home/runner/work/tardis/tardis/tardis/transport/montecarlo/tests/test_montecarlo.py:605: PytestUnknownMarkWarning:
2025-01-20T14:21:30.4535736Z   
2025-01-20T14:21:30.4536607Z   Unknown pytest.mark.continuumtest - is this a typo?  You can register custom marks to avoid this warning - for details, see https://docs.pytest.org/en/stable/how-to/mark.html
2025-01-20T14:21:30.4537504Z 
2025-01-20T14:21:30.4537935Z tardis/io/tests/test_HDFWriter.py::test_multi_index_write
2025-01-20T14:21:30.4538690Z tardis/visualization/widgets/tests/test_shell_info.py::TestHDFShellInfo::test_shells_data
2025-01-20T14:21:30.4539531Z   /home/runner/work/tardis/tardis/tardis/io/util.py:276: PerformanceWarning:
2025-01-20T14:21:30.4540068Z   
2025-01-20T14:21:30.4540461Z   
2025-01-20T14:21:30.4540871Z   your performance may suffer as PyTables will pickle object types that it cannot
2025-01-20T14:21:30.4541714Z   map directly to c-types [inferred_type->mixed,key->block0_values] [items->Index([0], dtype='int64')]
2025-01-20T14:21:30.4542281Z 
2025-01-20T14:21:30.4542582Z tardis/io/tests/test_model_reader.py::test_read_cmfgen_isotope_abundances
2025-01-20T14:21:30.4543325Z tardis/plasma/tests/test_tardis_model_density_config.py::test_electron_densities
2025-01-20T14:21:30.4544147Z tardis/plasma/tests/test_tardis_model_density_config.py::test_isotope_number_densities
2025-01-20T14:21:30.4544909Z tardis/plasma/tests/test_tardis_model_density_config.py::test_t_rad
2025-01-20T14:21:30.4545749Z   /home/runner/work/tardis/tardis/tardis/io/model/readers/cmfgen_deprecated.py:82: DeprecationWarning:
2025-01-20T14:21:30.4546441Z   
2025-01-20T14:21:30.4546722Z   The current CMFGEN model parser is deprecated
2025-01-20T14:21:30.4547016Z 
2025-01-20T14:21:30.4547175Z tardis/io/tests/test_model_reader.py: 1 warning
2025-01-20T14:21:30.4547897Z tardis/plasma/tests/test_tardis_model_density_config.py: 9 warnings
2025-01-20T14:21:30.4548792Z   /home/runner/work/tardis/tardis/tardis/io/model/readers/cmfgen_deprecated.py:40: DeprecationWarning:
2025-01-20T14:21:30.4549486Z   
2025-01-20T14:21:30.4549752Z   The current CMFGEN model parser is deprecated
2025-01-20T14:21:30.4550030Z 
2025-01-20T14:21:30.4550347Z tardis/model/tests/test_base.py::TestModelFromPaper1Config::test_abundances
2025-01-20T14:21:30.4551360Z   /home/runner/work/tardis/tardis/tardis/transport/montecarlo/montecarlo_main_loop.py:123: NumbaTypeSafetyWarning:
2025-01-20T14:21:30.4552174Z   
2025-01-20T14:21:30.4553075Z   [1m[1m[1munsafe cast from uint64 to int64. Precision may be lost.[0m[0m[0m
2025-01-20T14:21:30.4553489Z 
2025-01-20T14:21:30.4553636Z tardis/model/tests/test_base.py: 6 warnings
2025-01-20T14:21:30.4554056Z tardis/model/tests/test_csvy_model.py: 2 warnings
2025-01-20T14:21:30.4554648Z tardis/plasma/tests/test_tardis_model_density_config.py: 3 warnings
2025-01-20T14:21:30.4555502Z   /home/runner/work/tardis/tardis/tardis/model/geometry/radial1d.py:50: DeprecationWarning:
2025-01-20T14:21:30.4556179Z   
2025-01-20T14:21:30.4556449Z   v_inner_boundary < 0, assuming default value
2025-01-20T14:21:30.4556734Z 
2025-01-20T14:21:30.4556880Z tardis/model/tests/test_base.py: 6 warnings
2025-01-20T14:21:30.4557299Z tardis/model/tests/test_csvy_model.py: 2 warnings
2025-01-20T14:21:30.4558052Z tardis/plasma/tests/test_tardis_model_density_config.py: 3 warnings
2025-01-20T14:21:30.4558863Z   /home/runner/work/tardis/tardis/tardis/model/geometry/radial1d.py:61: DeprecationWarning:
2025-01-20T14:21:30.4559508Z   
2025-01-20T14:21:30.4559976Z   v_outer_boundary < 0, assuming default value
2025-01-20T14:21:30.4560255Z 
2025-01-20T14:21:30.4561008Z tardis/plasma/equilibrium/tests/test_level_populations.py::TestLevelPopulationSolver::test_solve[collisional_rate_solver0-radiative_transitions0]
2025-01-20T14:21:30.4562361Z   /home/runner/work/tardis/tardis/tardis/plasma/equilibrium/level_populations.py:65: FutureWarning:
2025-01-20T14:21:30.4563069Z   
2025-01-20T14:21:30.4563616Z   A value is trying to be set on a copy of a DataFrame or Series through chained assignment using an inplace method.
2025-01-20T14:21:30.4564858Z   The behavior will change in pandas 3.0. This inplace method will never work because the intermediate object on which we are setting values always behaves as a copy.
2025-01-20T14:21:30.4565801Z   
2025-01-20T14:21:30.4566821Z   For example, when doing 'df[col].method(value, inplace=True)', try using 'df.method({col: value}, inplace=True)' or df[col] = df[col].method(value) instead, to perform the operation inplace on the original object.
2025-01-20T14:21:30.4567939Z 
2025-01-20T14:21:30.4568267Z tardis/plasma/tests/test_plasma_vboundary.py::test_plasma_vboundary[2900-3750]
2025-01-20T14:21:30.4569010Z tardis/plasma/tests/test_plasma_vboundary.py::test_plasma_vboundary[2900-3850]
2025-01-20T14:21:30.4569920Z tardis/plasma/tests/test_plasma_vboundary.py::test_plasma_vboundary[2900-3900]
2025-01-20T14:21:30.4570723Z   /home/runner/work/tardis/tardis/tardis/model/geometry/radial1d.py:71: UserWarning:
2025-01-20T14:21:30.4571317Z   
2025-01-20T14:21:30.4571742Z   Requesting inner boundary below inner shell. Extrapolating the inner cell
2025-01-20T14:21:30.4572178Z 
2025-01-20T14:21:30.4572516Z tardis/spectrum/tests/test_spectrum_solver.py::TestSpectrumSolver::test_solve
2025-01-20T14:21:30.4573276Z   /home/runner/work/tardis/tardis/tardis/spectrum/base.py:70: UserWarning:
2025-01-20T14:21:30.4573812Z   
2025-01-20T14:21:30.4574461Z   SpectrumSolver.spectrum_virtual_packets is zero. Please run the montecarlo simulation with no_of_virtual_packets > 0
2025-01-20T14:21:30.4575151Z 
2025-01-20T14:21:30.4575480Z tardis/spectrum/tests/test_spectrum_solver.py::TestSpectrumSolver::test_solve
2025-01-20T14:21:30.4576257Z   /home/runner/work/tardis/tardis/tardis/spectrum/base.py:111: UserWarning:
2025-01-20T14:21:30.4576806Z   
2025-01-20T14:21:30.4577492Z   SpectrumSolver.integrator: The FormalIntegrator is not yet available.Please run the montecarlo simulation at least once.
2025-01-20T14:21:30.4578321Z 
2025-01-20T14:21:30.4578651Z tardis/transport/montecarlo/tests/test_vpacket.py::test_trace_vpacket_volley
2025-01-20T14:21:30.4579300Z   <string>:3: NumbaPendingDeprecationWarning:
2025-01-20T14:21:30.4579691Z   
2025-01-20T14:21:30.4581635Z   [1m[1mCode using Numba extension API maybe depending on 'old_style' error-capturing, which is deprecated and will be replaced by 'new_style' in a future release. See details at https://numba.readthedocs.io/en/latest/reference/deprecation.html#deprecation-of-old-style-numba-captured-errors
2025-01-20T14:21:30.4583309Z   Exception origin:
2025-01-20T14:21:30.4583899Z     File "/home/runner/micromamba/envs/tardis/lib/python3.12/inspect.py", line 3180, in _bind
2025-01-20T14:21:30.4584606Z       raise TypeError(msg) from None
2025-01-20T14:21:30.4585040Z   [0m[0m
2025-01-20T14:21:30.4585237Z 
2025-01-20T14:21:30.4585841Z tardis/visualization/tools/tests/test_sdec_plot.py::TestSDECPlotter::test_mpl_image[plotter_generate_plot_mpl4]
2025-01-20T14:21:30.4586974Z   /home/runner/work/tardis/tardis/tardis/visualization/tools/sdec_plot.py:1225: RuntimeWarning:
2025-01-20T14:21:30.4587789Z   
2025-01-20T14:21:30.4589350Z   More than 20 figures have been opened. Figures created through the pyplot interface (`matplotlib.pyplot.figure`) are retained until explicitly closed and may consume too much memory. (To control this warning, see the rcParam `figure.max_open_warning`). Consider using `matplotlib.pyplot.close()`.
2025-01-20T14:21:30.4590922Z 
2025-01-20T14:21:30.4591494Z tardis/visualization/widgets/tests/test_custom_abundance.py::TestCustomAbundanceWidget::test_update_input_item_value
2025-01-20T14:21:30.4592964Z tardis/visualization/widgets/tests/test_custom_abundance.py::TestCustomAbundanceWidget::test_update_input_item_value
2025-01-20T14:21:30.4594209Z tardis/visualization/widgets/tests/test_custom_abundance.py::TestCustomAbundanceWidget::test_update_input_item_value
2025-01-20T14:21:30.4595488Z tardis/visualization/widgets/tests/test_custom_abundance.py::TestCustomAbundanceWidget::test_update_input_item_value
2025-01-20T14:21:30.4596749Z tardis/visualization/widgets/tests/test_custom_abundance.py::TestCustomAbundanceWidget::test_update_input_item_value
2025-01-20T14:21:30.4598123Z tardis/visualization/widgets/tests/test_custom_abundance.py::TestCustomAbundanceWidget::test_update_input_item_value
2025-01-20T14:21:30.4599362Z   /home/runner/micromamba/envs/tardis/lib/python3.12/site-packages/traitlets/traitlets.py:1385: DeprecationWarning:
2025-01-20T14:21:30.4600141Z   
2025-01-20T14:21:30.4600549Z   Passing unrecognized arguments to super(Checkbox).__init__(icon='lock').
2025-01-20T14:21:30.4601236Z   object.__init__() takes exactly one argument (the instance to initialize)
2025-01-20T14:21:30.4602026Z   This is deprecated in traitlets 4.2.This error will be raised in a future release of traitlets.
2025-01-20T14:21:30.4602707Z 
2025-01-20T14:21:30.4603277Z tardis/visualization/widgets/tests/test_custom_abundance.py::TestCustomAbundanceWidget::test_update_input_item_value
2025-01-20T14:21:30.4604483Z tardis/visualization/widgets/tests/test_custom_abundance.py::TestCustomAbundanceWidget::test_update_input_item_value
2025-01-20T14:21:30.4605728Z   /home/runner/micromamba/envs/tardis/lib/python3.12/site-packages/traitlets/traitlets.py:1385: DeprecationWarning:
2025-01-20T14:21:30.4606529Z   
2025-01-20T14:21:30.4606911Z   Passing unrecognized arguments to super(FloatText).__init__(min=0).
2025-01-20T14:21:30.4607574Z   object.__init__() takes exactly one argument (the instance to initialize)
2025-01-20T14:21:30.4608504Z   This is deprecated in traitlets 4.2.This error will be raised in a future release of traitlets.
2025-01-20T14:21:30.4609006Z 
2025-01-20T14:21:30.4609576Z tardis/visualization/widgets/tests/test_custom_abundance.py::TestCustomAbundanceWidget::test_update_input_item_value
2025-01-20T14:21:30.4610845Z   /home/runner/micromamba/envs/tardis/lib/python3.12/site-packages/traitlets/traitlets.py:1385: DeprecationWarning:
2025-01-20T14:21:30.4611628Z   
2025-01-20T14:21:30.4612025Z   Passing unrecognized arguments to super(HTML).__init__(indent=True).
2025-01-20T14:21:30.4612678Z   object.__init__() takes exactly one argument (the instance to initialize)
2025-01-20T14:21:30.4613435Z   This is deprecated in traitlets 4.2.This error will be raised in a future release of traitlets.
2025-01-20T14:21:30.4613943Z 
2025-01-20T14:21:30.4614635Z tardis/visualization/widgets/tests/test_line_info.py::TestLineInfoWidgetData::test_get_species_interactions[wavelength_range0-packet_out_nu]
2025-01-20T14:21:30.4615990Z   /home/runner/micromamba/envs/tardis/lib/python3.12/site-packages/qgridnext/grid.py:825: DeprecationWarning:
2025-01-20T14:21:30.4616731Z   
2025-01-20T14:21:30.4617272Z   QgridWidget._grid_options_changed is deprecated in traitlets 4.1: use @observe and @unobserve instead.
2025-01-20T14:21:30.4618024Z 
2025-01-20T14:21:30.4618431Z tardis/visualization/widgets/tests/test_shell_info.py::TestHDFShellInfo::test_shells_data
2025-01-20T14:21:30.4619308Z   /home/runner/work/tardis/tardis/tardis/io/util.py:289: PerformanceWarning:
2025-01-20T14:21:30.4619854Z   
2025-01-20T14:21:30.4620059Z   
2025-01-20T14:21:30.4620482Z   your performance may suffer as PyTables will pickle object types that it cannot
2025-01-20T14:21:30.4621328Z   map directly to c-types [inferred_type->mixed,key->block0_values] [items->Index([0], dtype='int64')]
2025-01-20T14:21:30.4621869Z 
2025-01-20T14:21:30.4622268Z tardis/visualization/widgets/tests/test_shell_info.py::TestHDFShellInfo::test_shells_data
2025-01-20T14:21:30.4623119Z   /home/runner/work/tardis/tardis/tardis/io/util.py:292: PerformanceWarning:
2025-01-20T14:21:30.4623888Z   
2025-01-20T14:21:30.4624086Z   
2025-01-20T14:21:30.4624517Z   your performance may suffer as PyTables will pickle object types that it cannot
2025-01-20T14:21:30.4625237Z   map directly to c-types [inferred_type->mixed,key->values] [items->None]
2025-01-20T14:21:30.4625655Z 
2025-01-20T14:21:30.4626051Z tardis/visualization/widgets/tests/test_shell_info.py::TestHDFShellInfo::test_shells_data
2025-01-20T14:21:30.4626967Z   /home/runner/work/tardis/tardis/tardis/spectrum/formal_integral.py:398: UserWarning:
2025-01-20T14:21:30.4627596Z   
2025-01-20T14:21:30.4628138Z   The number of interpolate_shells was not specified. The value was set to 80.
2025-01-20T14:21:30.4628574Z 
2025-01-20T14:21:30.4628863Z -- Docs: https://docs.pytest.org/en/stable/how-to/capture-warnings.html
2025-01-20T14:21:30.4629278Z 
2025-01-20T14:21:30.4629515Z ---------- coverage: platform linux, python 3.12.4-final-0 -----------
2025-01-20T14:21:30.4630080Z Coverage HTML written to dir coverage_html_report
2025-01-20T14:21:30.4630524Z Coverage XML written to file coverage.xml
2025-01-20T14:21:30.4630799Z 
2025-01-20T14:21:30.4630978Z =========================== short test summary info ============================
2025-01-20T14:21:30.4632473Z FAILED tardis/plasma/equilibrium/tests/test_rate_matrix.py::test_rate_matrix_solver[collisional_rate_solver0-radiative_transitions0] - ModuleNotFoundError: No module named 'numpy._core.numeric'
2025-01-20T14:21:30.4634029Z = 1 failed, 1409 passed, 357 skipped, 2 deselected, 19 xfailed, 8 xpassed, 66 warnings in 753.42s (0:12:33) =
2025-01-20T14:21:30.4635088Z /home/runner/micromamba/envs/tardis/lib/python3.12/site-packages/tables/file.py:113: UnclosedFileWarning:
2025-01-20T14:21:30.4635746Z 
2025-01-20T14:21:30.4636865Z Closing remaining open file: /home/runner/work/tardis/tardis/tardis-regression-data/tardis/plasma/equilibrium/tests/test_rate_matrix/test_rate_matrix_solver__collisional_rate_solver0-radiative_transitions0__.h5
2025-01-20T14:21:30.4638266Z 
2025-01-20T14:21:32.8840742Z ##[error]Process completed with exit code 1.
