2025-02-21T12:37:57.8767670Z Requested labels: macos-latest
2025-02-21T12:37:57.8767945Z Job defined at: tardis-sn/tardis/.github/workflows/tests.yml@refs/pull/2977/merge
2025-02-21T12:37:57.8768073Z Waiting for a runner to pick up this job...
2025-02-21T12:37:58.1415379Z Job is waiting for a hosted runner to come online.
2025-02-21T12:38:02.3946050Z Job is about to start running on the hosted runner: GitHub Actions 15 (hosted)
2025-02-21T12:38:03.2262170Z Current runner version: '2.322.0'
2025-02-21T12:38:03.2287150Z ##[group]Operating System
2025-02-21T12:38:03.2287690Z macOS
2025-02-21T12:38:03.2288010Z 14.7.2
2025-02-21T12:38:03.2288310Z 23H311
2025-02-21T12:38:03.2288620Z ##[endgroup]
2025-02-21T12:38:03.2288950Z ##[group]Runner Image
2025-02-21T12:38:03.2289300Z Image: macos-14-arm64
2025-02-21T12:38:03.2289640Z Version: 20250120.774
2025-02-21T12:38:03.2290350Z Included Software: https://github.com/actions/runner-images/blob/macos-14-arm64/20250120.774/images/macos/macos-14-arm64-Readme.md
2025-02-21T12:38:03.2291320Z Image Release: https://github.com/actions/runner-images/releases/tag/macos-14-arm64%2F20250120.774
2025-02-21T12:38:03.2291920Z ##[endgroup]
2025-02-21T12:38:03.2292260Z ##[group]Runner Image Provisioner
2025-02-21T12:38:03.2292840Z 2.0.417.1+9319b8b0d2fead581272b7201c667f076e8e53f6
2025-02-21T12:38:03.2293270Z ##[endgroup]
2025-02-21T12:38:03.2294720Z ##[group]GITHUB_TOKEN Permissions
2025-02-21T12:38:03.2296520Z Actions: read
2025-02-21T12:38:03.2296880Z Attestations: read
2025-02-21T12:38:03.2297200Z Checks: read
2025-02-21T12:38:03.2297520Z Contents: read
2025-02-21T12:38:03.2297870Z Deployments: read
2025-02-21T12:38:03.2298200Z Discussions: read
2025-02-21T12:38:03.2298520Z Issues: read
2025-02-21T12:38:03.2298830Z Metadata: read
2025-02-21T12:38:03.2299150Z Packages: read
2025-02-21T12:38:03.2299460Z Pages: read
2025-02-21T12:38:03.2299770Z PullRequests: read
2025-02-21T12:38:03.2300140Z RepositoryProjects: read
2025-02-21T12:38:03.2300500Z SecurityEvents: read
2025-02-21T12:38:03.2300840Z Statuses: read
2025-02-21T12:38:03.2301160Z ##[endgroup]
2025-02-21T12:38:03.2303530Z Secret source: None
2025-02-21T12:38:03.2303940Z Prepare workflow directory
2025-02-21T12:38:03.2874810Z Prepare all required actions
2025-02-21T12:38:03.2902300Z Getting action download info
2025-02-21T12:38:03.4500400Z ##[group]Download immutable action package 'actions/checkout@v4'
2025-02-21T12:38:03.4501020Z Version: 4.2.2
2025-02-21T12:38:03.4501630Z Digest: sha256:ccb2698953eaebd21c7bf6268a94f9c26518a7e38e27e0b83c1fe1ad049819b1
2025-02-21T12:38:03.4502350Z Source commit SHA: 11bd71901bbe5b1630ceea73d27597364c9af683
2025-02-21T12:38:03.4502790Z ##[endgroup]
2025-02-21T12:38:03.6694400Z ##[group]Download immutable action package 'actions/upload-artifact@v4'
2025-02-21T12:38:03.6695010Z Version: 4.6.0
2025-02-21T12:38:03.6695510Z Digest: sha256:bf85474c8423f9cd48bd2caf3ce5adb1711e2dfdb055b040bd36b044e4290329
2025-02-21T12:38:03.6696140Z Source commit SHA: 65c4c4a1ddee5b72f698fdd19549f0f0fb45cf08
2025-02-21T12:38:03.6696610Z ##[endgroup]
2025-02-21T12:38:03.8182480Z Complete job name: not continuum macos-latest 
2025-02-21T12:38:03.8572220Z ##[group]Run actions/checkout@v4
2025-02-21T12:38:03.8574220Z with:
2025-02-21T12:38:03.8574540Z   repository: tardis-sn/tardis
2025-02-21T12:38:03.8575070Z   token: ***
2025-02-21T12:38:03.8575360Z   ssh-strict: true
2025-02-21T12:38:03.8575650Z   ssh-user: git
2025-02-21T12:38:03.8575950Z   persist-credentials: true
2025-02-21T12:38:03.8576290Z   clean: true
2025-02-21T12:38:03.8576600Z   sparse-checkout-cone-mode: true
2025-02-21T12:38:03.8576950Z   fetch-depth: 1
2025-02-21T12:38:03.8577240Z   fetch-tags: false
2025-02-21T12:38:03.8577530Z   show-progress: true
2025-02-21T12:38:03.8577840Z   lfs: false
2025-02-21T12:38:03.8578110Z   submodules: false
2025-02-21T12:38:03.8578410Z   set-safe-directory: true
2025-02-21T12:38:03.8578870Z env:
2025-02-21T12:38:03.8579140Z   CACHE_NUMBER: 0
2025-02-21T12:38:03.8579940Z   PYTEST_FLAGS: --tardis-regression-data=/Users/runner/work/tardis/tardis/tardis-regression-data --cov=tardis --cov-report=xml --cov-report=html --cov-append
2025-02-21T12:38:03.8580790Z   CODECOV_TOKEN: 
2025-02-21T12:38:03.8581080Z ##[endgroup]
2025-02-21T12:38:04.0375150Z Syncing repository: tardis-sn/tardis
2025-02-21T12:38:04.0376780Z ##[group]Getting Git version info
2025-02-21T12:38:04.0378320Z Working directory is '/Users/runner/work/tardis/tardis'
2025-02-21T12:38:04.0379170Z [command]/opt/homebrew/bin/git version
2025-02-21T12:38:04.0861090Z git version 2.48.1
2025-02-21T12:38:04.0878040Z ##[endgroup]
2025-02-21T12:38:04.0884770Z Copying '/Users/runner/.gitconfig' to '/Users/runner/work/_temp/7c708c4f-efa0-4aea-8ffd-b5cfb7d57dd2/.gitconfig'
2025-02-21T12:38:04.0891590Z Temporarily overriding HOME='/Users/runner/work/_temp/7c708c4f-efa0-4aea-8ffd-b5cfb7d57dd2' before making global git config changes
2025-02-21T12:38:04.0892800Z Adding repository directory to the temporary git global config as a safe directory
2025-02-21T12:38:04.0896570Z [command]/opt/homebrew/bin/git config --global --add safe.directory /Users/runner/work/tardis/tardis
2025-02-21T12:38:04.0991950Z Deleting the contents of '/Users/runner/work/tardis/tardis'
2025-02-21T12:38:04.0993800Z ##[group]Initializing the repository
2025-02-21T12:38:04.0998740Z [command]/opt/homebrew/bin/git init /Users/runner/work/tardis/tardis
2025-02-21T12:38:04.1176750Z hint: Using 'master' as the name for the initial branch. This default branch name
2025-02-21T12:38:04.1177670Z hint: is subject to change. To configure the initial branch name to use in all
2025-02-21T12:38:04.1178580Z hint: of your new repositories, which will suppress this warning, call:
2025-02-21T12:38:04.1179090Z hint:
2025-02-21T12:38:04.1179500Z hint: 	git config --global init.defaultBranch <name>
2025-02-21T12:38:04.1179950Z hint:
2025-02-21T12:38:04.1180430Z hint: Names commonly chosen instead of 'master' are 'main', 'trunk' and
2025-02-21T12:38:04.1181170Z hint: 'development'. The just-created branch can be renamed via this command:
2025-02-21T12:38:04.1181770Z hint:
2025-02-21T12:38:04.1182140Z hint: 	git branch -m <name>
2025-02-21T12:38:04.1182830Z Initialized empty Git repository in /Users/runner/work/tardis/tardis/.git/
2025-02-21T12:38:04.1185000Z [command]/opt/homebrew/bin/git remote add origin https://github.com/tardis-sn/tardis
2025-02-21T12:38:04.1247380Z ##[endgroup]
2025-02-21T12:38:04.1248090Z ##[group]Disabling automatic garbage collection
2025-02-21T12:38:04.1249780Z [command]/opt/homebrew/bin/git config --local gc.auto 0
2025-02-21T12:38:04.1300340Z ##[endgroup]
2025-02-21T12:38:04.1301100Z ##[group]Setting up auth
2025-02-21T12:38:04.1305220Z [command]/opt/homebrew/bin/git config --local --name-only --get-regexp core\.sshCommand
2025-02-21T12:38:04.1357440Z [command]/opt/homebrew/bin/git submodule foreach --recursive sh -c "git config --local --name-only --get-regexp 'core\.sshCommand' && git config --local --unset-all 'core.sshCommand' || :"
2025-02-21T12:38:04.2145520Z [command]/opt/homebrew/bin/git config --local --name-only --get-regexp http\.https\:\/\/github\.com\/\.extraheader
2025-02-21T12:38:04.2175580Z [command]/opt/homebrew/bin/git submodule foreach --recursive sh -c "git config --local --name-only --get-regexp 'http\.https\:\/\/github\.com\/\.extraheader' && git config --local --unset-all 'http.https://github.com/.extraheader' || :"
2025-02-21T12:38:04.2831360Z [command]/opt/homebrew/bin/git config --local http.https://github.com/.extraheader AUTHORIZATION: basic ***
2025-02-21T12:38:04.2887000Z ##[endgroup]
2025-02-21T12:38:04.2887700Z ##[group]Fetching the repository
2025-02-21T12:38:04.2892640Z [command]/opt/homebrew/bin/git -c protocol.version=2 fetch --no-tags --prune --no-recurse-submodules --depth=1 origin +cbd7f101cb591d5fac2c8a9c3179002b3b0fbb1f:refs/remotes/pull/2977/merge
2025-02-21T12:38:06.3845760Z From https://github.com/tardis-sn/tardis
2025-02-21T12:38:06.3850390Z  * [new ref]         cbd7f101cb591d5fac2c8a9c3179002b3b0fbb1f -> pull/2977/merge
2025-02-21T12:38:06.3924260Z ##[endgroup]
2025-02-21T12:38:06.3925290Z ##[group]Determining the checkout info
2025-02-21T12:38:06.3926850Z ##[endgroup]
2025-02-21T12:38:06.3928040Z [command]/opt/homebrew/bin/git sparse-checkout disable
2025-02-21T12:38:06.4062310Z [command]/opt/homebrew/bin/git config --local --unset-all extensions.worktreeConfig
2025-02-21T12:38:06.4166250Z ##[group]Checking out the ref
2025-02-21T12:38:06.4268290Z [command]/opt/homebrew/bin/git checkout --progress --force refs/remotes/pull/2977/merge
2025-02-21T12:38:06.5732950Z HEAD is now at cbd7f10 Merge cecf4be35618072bb0674584019962d3b7964e42 into cec8b531cc56e66219fe3ca2efdbf837c008b852
2025-02-21T12:38:06.5744180Z ##[endgroup]
2025-02-21T12:38:06.5798900Z [command]/opt/homebrew/bin/git log -1 --format=%H
2025-02-21T12:38:06.5835530Z cbd7f101cb591d5fac2c8a9c3179002b3b0fbb1f
2025-02-21T12:38:06.6010410Z Prepare all required actions
2025-02-21T12:38:06.6010920Z Getting action download info
2025-02-21T12:38:06.7348100Z ##[group]Download immutable action package 'actions/cache@v4'
2025-02-21T12:38:06.7348640Z Version: 4.2.1
2025-02-21T12:38:06.7349140Z Digest: sha256:b0404c9628d43aa6855629075b28f32cadf8efc5c26198438149f78500112940
2025-02-21T12:38:06.7349780Z Source commit SHA: 0c907a75c2c80ebcb7f088228285e798b750cf8f
2025-02-21T12:38:06.7350260Z ##[endgroup]
2025-02-21T12:38:07.3830650Z ##[group]Run ./.github/actions/setup_lfs
2025-02-21T12:38:07.3831510Z with:
2025-02-21T12:38:07.3832310Z   regression-data-repo: tardis-sn/tardis-regression-data
2025-02-21T12:38:07.3833290Z   atom-data-sparse: false
2025-02-21T12:38:07.3833990Z env:
2025-02-21T12:38:07.3834580Z   CACHE_NUMBER: 0
2025-02-21T12:38:07.3836310Z   PYTEST_FLAGS: --tardis-regression-data=/Users/runner/work/tardis/tardis/tardis-regression-data --cov=tardis --cov-report=xml --cov-report=html --cov-append
2025-02-21T12:38:07.3928750Z   CODECOV_TOKEN: 
2025-02-21T12:38:07.3929440Z ##[endgroup]
2025-02-21T12:38:07.4089580Z ##[group]Run actions/checkout@v4
2025-02-21T12:38:07.4090280Z with:
2025-02-21T12:38:07.4090910Z   repository: tardis-sn/tardis-regression-data
2025-02-21T12:38:07.4091710Z   path: tardis-regression-data
2025-02-21T12:38:07.4092350Z   lfs: false
2025-02-21T12:38:07.4093070Z   token: ***
2025-02-21T12:38:07.4093610Z   ssh-strict: true
2025-02-21T12:38:07.4094200Z   ssh-user: git
2025-02-21T12:38:07.4094780Z   persist-credentials: true
2025-02-21T12:38:07.4095420Z   clean: true
2025-02-21T12:38:07.4096060Z   sparse-checkout-cone-mode: true
2025-02-21T12:38:07.4096770Z   fetch-depth: 1
2025-02-21T12:38:07.4097340Z   fetch-tags: false
2025-02-21T12:38:07.4097910Z   show-progress: true
2025-02-21T12:38:07.4098520Z   submodules: false
2025-02-21T12:38:07.4099170Z   set-safe-directory: true
2025-02-21T12:38:07.4099800Z env:
2025-02-21T12:38:07.4100310Z   CACHE_NUMBER: 0
2025-02-21T12:38:07.4101840Z   PYTEST_FLAGS: --tardis-regression-data=/Users/runner/work/tardis/tardis/tardis-regression-data --cov=tardis --cov-report=xml --cov-report=html --cov-append
2025-02-21T12:38:07.4103610Z   CODECOV_TOKEN: 
2025-02-21T12:38:07.4104170Z ##[endgroup]
2025-02-21T12:38:07.5118560Z Syncing repository: tardis-sn/tardis-regression-data
2025-02-21T12:38:07.5122800Z ##[group]Getting Git version info
2025-02-21T12:38:07.5123900Z Working directory is '/Users/runner/work/tardis/tardis/tardis-regression-data'
2025-02-21T12:38:07.5148560Z [command]/opt/homebrew/bin/git version
2025-02-21T12:38:07.5196410Z git version 2.48.1
2025-02-21T12:38:07.5210650Z ##[endgroup]
2025-02-21T12:38:07.5215830Z Copying '/Users/runner/.gitconfig' to '/Users/runner/work/_temp/b6ffc375-b992-4d82-9bd2-f2afb96e4265/.gitconfig'
2025-02-21T12:38:07.5222950Z Temporarily overriding HOME='/Users/runner/work/_temp/b6ffc375-b992-4d82-9bd2-f2afb96e4265' before making global git config changes
2025-02-21T12:38:07.5224890Z Adding repository directory to the temporary git global config as a safe directory
2025-02-21T12:38:07.5234560Z [command]/opt/homebrew/bin/git config --global --add safe.directory /Users/runner/work/tardis/tardis/tardis-regression-data
2025-02-21T12:38:07.5308920Z ##[group]Initializing the repository
2025-02-21T12:38:07.5311820Z [command]/opt/homebrew/bin/git init /Users/runner/work/tardis/tardis/tardis-regression-data
2025-02-21T12:38:07.5435480Z hint: Using 'master' as the name for the initial branch. This default branch name
2025-02-21T12:38:07.5437400Z hint: is subject to change. To configure the initial branch name to use in all
2025-02-21T12:38:07.5438720Z hint: of your new repositories, which will suppress this warning, call:
2025-02-21T12:38:07.5439980Z hint:
2025-02-21T12:38:07.5440630Z hint: 	git config --global init.defaultBranch <name>
2025-02-21T12:38:07.5441430Z hint:
2025-02-21T12:38:07.5442190Z hint: Names commonly chosen instead of 'master' are 'main', 'trunk' and
2025-02-21T12:38:07.5443810Z hint: 'development'. The just-created branch can be renamed via this command:
2025-02-21T12:38:07.5444800Z hint:
2025-02-21T12:38:07.5445350Z hint: 	git branch -m <name>
2025-02-21T12:38:07.5446510Z Initialized empty Git repository in /Users/runner/work/tardis/tardis/tardis-regression-data/.git/
2025-02-21T12:38:07.5449210Z [command]/opt/homebrew/bin/git remote add origin https://github.com/tardis-sn/tardis-regression-data
2025-02-21T12:38:07.5503490Z ##[endgroup]
2025-02-21T12:38:07.5504910Z ##[group]Disabling automatic garbage collection
2025-02-21T12:38:07.5506110Z [command]/opt/homebrew/bin/git config --local gc.auto 0
2025-02-21T12:38:07.5646000Z ##[endgroup]
2025-02-21T12:38:07.5654020Z ##[group]Setting up auth
2025-02-21T12:38:07.5674830Z [command]/opt/homebrew/bin/git config --local --name-only --get-regexp core\.sshCommand
2025-02-21T12:38:07.5680660Z [command]/opt/homebrew/bin/git submodule foreach --recursive sh -c "git config --local --name-only --get-regexp 'core\.sshCommand' && git config --local --unset-all 'core.sshCommand' || :"
2025-02-21T12:38:07.6221740Z [command]/opt/homebrew/bin/git config --local --name-only --get-regexp http\.https\:\/\/github\.com\/\.extraheader
2025-02-21T12:38:07.6266270Z [command]/opt/homebrew/bin/git submodule foreach --recursive sh -c "git config --local --name-only --get-regexp 'http\.https\:\/\/github\.com\/\.extraheader' && git config --local --unset-all 'http.https://github.com/.extraheader' || :"
2025-02-21T12:38:07.7187330Z [command]/opt/homebrew/bin/git config --local http.https://github.com/.extraheader AUTHORIZATION: basic ***
2025-02-21T12:38:07.7391340Z ##[endgroup]
2025-02-21T12:38:07.7395550Z ##[group]Determining the default branch
2025-02-21T12:38:07.7401300Z Retrieving the default branch name
2025-02-21T12:38:08.1330340Z Default branch 'main'
2025-02-21T12:38:08.1333180Z ##[endgroup]
2025-02-21T12:38:08.1338950Z ##[group]Fetching the repository
2025-02-21T12:38:08.1349520Z [command]/opt/homebrew/bin/git -c protocol.version=2 fetch --no-tags --prune --no-recurse-submodules --depth=1 origin +refs/heads/main:refs/remotes/origin/main
2025-02-21T12:38:09.2851460Z From https://github.com/tardis-sn/tardis-regression-data
2025-02-21T12:38:09.2854290Z  * [new branch]      main       -> origin/main
2025-02-21T12:38:09.2924410Z ##[endgroup]
2025-02-21T12:38:09.2925460Z ##[group]Determining the checkout info
2025-02-21T12:38:09.2926510Z ##[endgroup]
2025-02-21T12:38:09.2927300Z [command]/opt/homebrew/bin/git sparse-checkout disable
2025-02-21T12:38:09.2968170Z [command]/opt/homebrew/bin/git config --local --unset-all extensions.worktreeConfig
2025-02-21T12:38:09.3009420Z ##[group]Checking out the ref
2025-02-21T12:38:09.3011070Z [command]/opt/homebrew/bin/git checkout --progress --force -B main refs/remotes/origin/main
2025-02-21T12:38:09.4945690Z Switched to a new branch 'main'
2025-02-21T12:38:09.4947010Z branch 'main' set up to track 'origin/main'.
2025-02-21T12:38:09.5589600Z ##[endgroup]
2025-02-21T12:38:09.5642830Z [command]/opt/homebrew/bin/git log -1 --format=%H
2025-02-21T12:38:09.5682960Z 84e768462f20f09fbccc05625cdcc1d8ffbe404c
2025-02-21T12:38:09.5820570Z ##[group]Run if [ "false" == "true" ]; then
2025-02-21T12:38:09.5820930Z [36;1mif [ "false" == "true" ]; then[0m
2025-02-21T12:38:09.5821190Z [36;1m  echo "Using atom data sparse checkout"[0m
2025-02-21T12:38:09.5821510Z [36;1m  echo "atom_data/kurucz_cd23_chianti_H_He.h5" > .lfs-files-list[0m
2025-02-21T12:38:09.5821790Z [36;1melse[0m
2025-02-21T12:38:09.5821990Z [36;1m  echo "Using full repository checkout"[0m
2025-02-21T12:38:09.5822300Z [36;1m  git lfs ls-files -l | cut -d' ' -f1 | sort > .lfs-files-list[0m
2025-02-21T12:38:09.5822600Z [36;1mfi[0m
2025-02-21T12:38:09.5885480Z shell: /bin/bash --noprofile --norc -e -o pipefail {0}
2025-02-21T12:38:09.5886030Z env:
2025-02-21T12:38:09.5886190Z   CACHE_NUMBER: 0
2025-02-21T12:38:09.5886730Z   PYTEST_FLAGS: --tardis-regression-data=/Users/runner/work/tardis/tardis/tardis-regression-data --cov=tardis --cov-report=xml --cov-report=html --cov-append
2025-02-21T12:38:09.5887260Z   CODECOV_TOKEN: 
2025-02-21T12:38:09.5887620Z ##[endgroup]
2025-02-21T12:38:09.6178540Z Using full repository checkout
2025-02-21T12:38:09.8056940Z ##[group]Run actions/cache/restore@v4
2025-02-21T12:38:09.8057230Z with:
2025-02-21T12:38:09.8057400Z   path: tardis-regression-data/.git/lfs
2025-02-21T12:38:09.8057940Z   key: tardis-regression-full-data-c8ff2bbb6048b3f24d3f52a1e85b013ad47e52c369a6ce4cfdeff528b659b86f-tardis-sn/tardis-regression-data-v1
2025-02-21T12:38:09.8058440Z   fail-on-cache-miss: true
2025-02-21T12:38:09.8058650Z   enableCrossOsArchive: false
2025-02-21T12:38:09.8058840Z   lookup-only: false
2025-02-21T12:38:09.8059010Z env:
2025-02-21T12:38:09.8059170Z   CACHE_NUMBER: 0
2025-02-21T12:38:09.8059710Z   PYTEST_FLAGS: --tardis-regression-data=/Users/runner/work/tardis/tardis/tardis-regression-data --cov=tardis --cov-report=xml --cov-report=html --cov-append
2025-02-21T12:38:09.8060250Z   CODECOV_TOKEN: 
2025-02-21T12:38:09.8060410Z ##[endgroup]
2025-02-21T12:38:09.9718990Z Cache hit for: tardis-regression-full-data-c8ff2bbb6048b3f24d3f52a1e85b013ad47e52c369a6ce4cfdeff528b659b86f-tardis-sn/tardis-regression-data-v1
2025-02-21T12:38:11.0246020Z Received 171966464 of 2161656325 (8.0%), 163.7 MBs/sec
2025-02-21T12:38:12.0420940Z Received 356515840 of 2161656325 (16.5%), 168.3 MBs/sec
2025-02-21T12:38:13.0497350Z Received 503316480 of 2161656325 (23.3%), 158.5 MBs/sec
2025-02-21T12:38:14.0487630Z Received 679477248 of 2161656325 (31.4%), 160.9 MBs/sec
2025-02-21T12:38:15.0556720Z Received 935329792 of 2161656325 (43.3%), 177.4 MBs/sec
2025-02-21T12:38:16.0592500Z Received 1136656384 of 2161656325 (52.6%), 179.8 MBs/sec
2025-02-21T12:38:17.0492000Z Received 1371537408 of 2161656325 (63.4%), 186.1 MBs/sec
2025-02-21T12:38:18.0523180Z Received 1572864000 of 2161656325 (72.8%), 186.8 MBs/sec
2025-02-21T12:38:19.0518110Z Received 1820327936 of 2161656325 (84.2%), 192.2 MBs/sec
2025-02-21T12:38:20.0514500Z Received 2071986176 of 2161656325 (95.9%), 197.0 MBs/sec
2025-02-21T12:38:20.3955690Z Received 2161656325 of 2161656325 (100.0%), 198.7 MBs/sec
2025-02-21T12:38:20.4086770Z Cache Size: ~2062 MB (2161656325 B)
2025-02-21T12:38:20.4126610Z [command]/opt/homebrew/bin/gtar -xf /Users/runner/work/_temp/8c890423-f357-42f4-868e-4fdc53442e9c/cache.tzst -P -C /Users/runner/work/tardis/tardis --delay-directory-restore --use-compress-program unzstd
2025-02-21T12:38:29.4170360Z Cache restored successfully
2025-02-21T12:38:29.5282060Z Cache restored from key: tardis-regression-full-data-c8ff2bbb6048b3f24d3f52a1e85b013ad47e52c369a6ce4cfdeff528b659b86f-tardis-sn/tardis-regression-data-v1
2025-02-21T12:38:29.5420200Z ##[group]Run git lfs checkout
2025-02-21T12:38:29.5420440Z [36;1mgit lfs checkout[0m
2025-02-21T12:38:29.5506840Z shell: /bin/bash --noprofile --norc -e -o pipefail {0}
2025-02-21T12:38:29.5507110Z env:
2025-02-21T12:38:29.5507330Z   CACHE_NUMBER: 0
2025-02-21T12:38:29.5507860Z   PYTEST_FLAGS: --tardis-regression-data=/Users/runner/work/tardis/tardis/tardis-regression-data --cov=tardis --cov-report=xml --cov-report=html --cov-append
2025-02-21T12:38:29.5508500Z   CODECOV_TOKEN: 
2025-02-21T12:38:29.5508700Z ##[endgroup]
2025-02-21T12:38:41.8771270Z Checking out LFS objects: 100% (204/204), 5.7 GB | 402 MB/s, done.
2025-02-21T12:38:52.2533640Z Prepare all required actions
2025-02-21T12:38:52.2534190Z Getting action download info
2025-02-21T12:38:52.3468630Z Download action repository 'mamba-org/setup-micromamba@v1' (SHA:4b9113af4fba0e9e1124b252dd6497a419e7396d)
2025-02-21T12:38:53.6839610Z ##[group]Run ./.github/actions/setup_env
2025-02-21T12:38:53.6839980Z with:
2025-02-21T12:38:53.6840160Z   os-label: osx-arm64
2025-02-21T12:38:53.6840380Z env:
2025-02-21T12:38:53.6840570Z   CACHE_NUMBER: 0
2025-02-21T12:38:53.6841620Z   PYTEST_FLAGS: --tardis-regression-data=/Users/runner/work/tardis/tardis/tardis-regression-data --cov=tardis --cov-report=xml --cov-report=html --cov-append
2025-02-21T12:38:53.6842170Z   CODECOV_TOKEN: 
2025-02-21T12:38:53.6842440Z ##[endgroup]
2025-02-21T12:38:53.6863930Z ##[group]Run file_hash=$(cat conda-osx-arm64.lock | shasum -a 256 | cut -d' ' -f1)
2025-02-21T12:38:53.6864350Z [36;1mfile_hash=$(cat conda-osx-arm64.lock | shasum -a 256 | cut -d' ' -f1)[0m
2025-02-21T12:38:53.6864830Z [36;1mecho "file_hash=tardis-conda-env-osx-arm64-${file_hash}-v1" >> "${GITHUB_OUTPUT}"[0m
2025-02-21T12:38:53.6918790Z shell: /bin/bash --noprofile --norc -e -o pipefail {0}
2025-02-21T12:38:53.6919050Z env:
2025-02-21T12:38:53.6919180Z   CACHE_NUMBER: 0
2025-02-21T12:38:53.6919660Z   PYTEST_FLAGS: --tardis-regression-data=/Users/runner/work/tardis/tardis/tardis-regression-data --cov=tardis --cov-report=xml --cov-report=html --cov-append
2025-02-21T12:38:53.6920180Z   CODECOV_TOKEN: 
2025-02-21T12:38:53.6920340Z ##[endgroup]
2025-02-21T12:38:53.8009140Z ##[group]Run mamba-org/setup-micromamba@v1
2025-02-21T12:38:53.8009390Z with:
2025-02-21T12:38:53.8009530Z   environment-file: conda-osx-arm64.lock
2025-02-21T12:38:53.8009990Z   cache-environment-key: tardis-conda-env-osx-arm64-bf0d0a4d4c847cca72476c6c68c493d56c484aada7e80de0e42c7607fcef5824-v1
2025-02-21T12:38:53.8010690Z   cache-downloads-key: tardis-conda-env-osx-arm64-bf0d0a4d4c847cca72476c6c68c493d56c484aada7e80de0e42c7607fcef5824-v1
2025-02-21T12:38:53.8011200Z   environment-name: tardis
2025-02-21T12:38:53.8011380Z   cache-environment: true
2025-02-21T12:38:53.8011560Z   cache-downloads: true
2025-02-21T12:38:53.8011720Z env:
2025-02-21T12:38:53.8011840Z   CACHE_NUMBER: 0
2025-02-21T12:38:53.8012330Z   PYTEST_FLAGS: --tardis-regression-data=/Users/runner/work/tardis/tardis/tardis-regression-data --cov=tardis --cov-report=xml --cov-report=html --cov-append
2025-02-21T12:38:53.8012820Z   CODECOV_TOKEN: 
2025-02-21T12:38:53.8012960Z ##[endgroup]
2025-02-21T12:38:54.0988730Z Will download micromamba to /Users/runner/micromamba-bin/micromamba
2025-02-21T12:38:54.0993330Z ##[group]Install micromamba
2025-02-21T12:38:54.6703770Z micromamba installed to /Users/runner/micromamba-bin/micromamba
2025-02-21T12:38:54.6717940Z ##[endgroup]
2025-02-21T12:38:54.6734250Z Adding conda-forge to condarc channels ...
2025-02-21T12:38:54.6734830Z ##[group]Initialize micromamba for bash.
2025-02-21T12:38:54.6736590Z [command]/Users/runner/micromamba-bin/micromamba shell init -s bash -r /Users/runner/micromamba --log-level warning --rc-file /Users/runner/work/_temp/setup-micromamba/.condarc
2025-02-21T12:38:54.6966730Z Modifying RC file "/Users/runner/.bash_profile"
2025-02-21T12:38:54.6968200Z Generating config for root prefix [1m"/Users/runner/micromamba"[0m
2025-02-21T12:38:54.6968650Z Setting mamba executable to: [1m"/Users/runner/micromamba-bin/micromamba"[0m
2025-02-21T12:38:54.6969860Z Adding (or replacing) the following in your "/Users/runner/.bash_profile" file
2025-02-21T12:38:54.6970240Z 
2025-02-21T12:38:54.6970310Z # >>> mamba initialize >>>
2025-02-21T12:38:54.6970540Z # !! Contents within this block are managed by 'mamba init' !!
2025-02-21T12:38:54.6970850Z export MAMBA_EXE='/Users/runner/micromamba-bin/micromamba';
2025-02-21T12:38:54.6971140Z export MAMBA_ROOT_PREFIX='/Users/runner/micromamba';
2025-02-21T12:38:54.6971580Z __mamba_setup="$("$MAMBA_EXE" shell hook --shell bash --root-prefix "$MAMBA_ROOT_PREFIX" 2> /dev/null)"
2025-02-21T12:38:54.6972550Z if [ $? -eq 0 ]; then
2025-02-21T12:38:54.6972740Z     eval "$__mamba_setup"
2025-02-21T12:38:54.6972900Z else
2025-02-21T12:38:54.6973230Z     alias micromamba="$MAMBA_EXE"  # Fallback on help from mamba activate
2025-02-21T12:38:54.6973510Z fi
2025-02-21T12:38:54.6973630Z unset __mamba_setup
2025-02-21T12:38:54.6973800Z # <<< mamba initialize <<<
2025-02-21T12:38:54.6973900Z 
2025-02-21T12:38:54.6975640Z ##[endgroup]
2025-02-21T12:38:54.6976220Z ##[group]Restoring downloads from `/Users/runner/micromamba/pkgs` ...
2025-02-21T12:38:55.7941050Z Received 104857600 of 310594474 (33.8%), 100.0 MBs/sec
2025-02-21T12:38:56.8005140Z Received 243269632 of 310594474 (78.3%), 115.9 MBs/sec
2025-02-21T12:38:57.2358530Z Cache Size: ~296 MB (310594474 B)
2025-02-21T12:38:57.2391310Z [command]/opt/homebrew/bin/gtar -xf /Users/runner/work/_temp/3e2c7a68-29a4-4323-a1d2-3c34fc529f1a/cache.tzst -P -C /Users/runner/work/tardis/tardis --delay-directory-restore --use-compress-program unzstd
2025-02-21T12:38:57.7961180Z Received 310594474 of 310594474 (100.0%), 98.6 MBs/sec
2025-02-21T12:38:58.1934320Z Cache restored successfully
2025-02-21T12:38:58.1984930Z Restored cache with key `tardis-conda-env-osx-arm64-bf0d0a4d4c847cca72476c6c68c493d56c484aada7e80de0e42c7607fcef5824-v1-osx-arm64`
2025-02-21T12:38:58.1987590Z ##[endgroup]
2025-02-21T12:38:58.2024670Z ##[group]Restoring environment `tardis` from `/Users/runner/micromamba/envs/tardis` ...
2025-02-21T12:38:59.2539420Z Received 113246208 of 385513979 (29.4%), 107.9 MBs/sec
2025-02-21T12:39:00.2721220Z Received 272629760 of 385513979 (70.7%), 129.1 MBs/sec
2025-02-21T12:39:00.9738740Z Cache Size: ~368 MB (385513979 B)
2025-02-21T12:39:00.9810640Z [command]/opt/homebrew/bin/gtar -xf /Users/runner/work/_temp/70b2d5d9-a7aa-495e-b91d-4cda82f02d8f/cache.tzst -P -C /Users/runner/work/tardis/tardis --delay-directory-restore --use-compress-program unzstd
2025-02-21T12:39:01.2703340Z Received 385513979 of 385513979 (100.0%), 121.9 MBs/sec
2025-02-21T12:39:19.3599240Z Cache restored successfully
2025-02-21T12:39:19.3703190Z Restored cache with key `tardis-conda-env-osx-arm64-bf0d0a4d4c847cca72476c6c68c493d56c484aada7e80de0e42c7607fcef5824-v1-osx-arm64-tardis-args-4f53cda-root-873f6fe-bin-[object Promise]-file-bf0d0a4d4c847cca72476c6c68c493d56c484aada7e80de0e42c7607fcef5824`
2025-02-21T12:39:19.3740050Z ##[endgroup]
2025-02-21T12:39:19.3754230Z Adding environment tardis to auto-activate bash ...
2025-02-21T12:39:19.3756330Z Generating micromamba run shell.
2025-02-21T12:39:19.3759390Z ##[endgroup]
2025-02-21T12:39:19.3773000Z Set environment variables.
2025-02-21T12:39:19.3777100Z ##[group]micromamba info
2025-02-21T12:39:19.3781630Z [command]/Users/runner/micromamba-bin/micromamba info -r /Users/runner/micromamba -n tardis
2025-02-21T12:39:19.9451160Z 
2025-02-21T12:39:19.9454740Z        libmamba version : 1.5.10
2025-02-21T12:39:19.9458400Z      micromamba version : 1.5.10
2025-02-21T12:39:19.9459380Z            curl version : libcurl/8.10.1 (OpenSSL/3.3.2) SecureTransport zlib/1.3.1 zstd/1.5.6 libssh2/1.11.0 nghttp2/1.58.0
2025-02-21T12:39:19.9460140Z      libarchive version : libarchive 3.7.4 zlib/1.2.13 bz2lib/1.0.8 libzstd/1.5.6
2025-02-21T12:39:19.9460820Z        envs directories : /Users/runner/micromamba/envs
2025-02-21T12:39:19.9461400Z           package cache : /Users/runner/micromamba/pkgs
2025-02-21T12:39:19.9461840Z                           /Users/runner/.mamba/pkgs
2025-02-21T12:39:19.9462110Z             environment : tardis
2025-02-21T12:39:19.9462600Z            env location : /Users/runner/micromamba/envs/tardis
2025-02-21T12:39:19.9463870Z       user config files : /Users/runner/.mambarc
2025-02-21T12:39:19.9464430Z  populated config files : /Users/runner/work/_temp/setup-micromamba/.condarc
2025-02-21T12:39:19.9465150Z        virtual packages : __unix=0=0
2025-02-21T12:39:19.9465580Z                           __osx=14.7.2=0
2025-02-21T12:39:19.9465960Z                           __archspec=1=arm64
2025-02-21T12:39:19.9470830Z                channels : https://conda.anaconda.org/conda-forge/osx-arm64
2025-02-21T12:39:19.9471500Z                           https://conda.anaconda.org/conda-forge/noarch
2025-02-21T12:39:19.9472000Z        base environment : /Users/runner/micromamba
2025-02-21T12:39:19.9472370Z                platform : osx-arm64
2025-02-21T12:39:19.9473280Z ##[endgroup]
2025-02-21T12:39:19.9473900Z ##[group]micromamba list
2025-02-21T12:39:19.9474720Z [command]/Users/runner/micromamba-bin/micromamba list -r /Users/runner/micromamba -n tardis
2025-02-21T12:39:20.4738330Z List of packages in environment: "/Users/runner/micromamba/envs/tardis"
2025-02-21T12:39:20.4814380Z 
2025-02-21T12:39:20.4814970Z   Name                           Version              Build                    Channel    
2025-02-21T12:39:20.4817090Z â”€â”€â”€â”€â”€â”€â”€â”€â”€â”€â”€â”€â”€â”€â”€â”€â”€â”€â”€â”€â”€â”€â”€â”€â”€â”€â”€â”€â”€â”€â”€â”€â”€â”€â”€â”€â”€â”€â”€â”€â”€â”€â”€â”€â”€â”€â”€â”€â”€â”€â”€â”€â”€â”€â”€â”€â”€â”€â”€â”€â”€â”€â”€â”€â”€â”€â”€â”€â”€â”€â”€â”€â”€â”€â”€â”€â”€â”€â”€â”€â”€â”€â”€â”€â”€â”€â”€â”€â”€â”€â”€â”€
2025-02-21T12:39:20.4817700Z   alabaster                      0.7.16               pyhd8ed1ab_0             conda-forge
2025-02-21T12:39:20.4818210Z   anyio                          4.4.0                pyhd8ed1ab_0             conda-forge
2025-02-21T12:39:20.4818750Z   appnope                        0.1.4                pyhd8ed1ab_0             conda-forge
2025-02-21T12:39:20.4820830Z   argon2-cffi                    23.1.0               pyhd8ed1ab_0             conda-forge
2025-02-21T12:39:20.4821450Z   argon2-cffi-bindings           21.2.0               py312h02f2b3b_4          conda-forge
2025-02-21T12:39:20.4821940Z   arrow                          1.3.0                pyhd8ed1ab_0             conda-forge
2025-02-21T12:39:20.4822480Z   astropy                        6.1.1                py312hbebd99a_0          conda-forge
2025-02-21T12:39:20.4822980Z   astropy-iers-data              0.2024.6.17.0.31.35  pyhd8ed1ab_0             conda-forge
2025-02-21T12:39:20.4823750Z   astropy-sphinx-theme           1.1                  pyhd8ed1ab_0             conda-forge
2025-02-21T12:39:20.4898400Z   asttokens                      2.4.1                pyhd8ed1ab_0             conda-forge
2025-02-21T12:39:20.4904620Z   async-lru                      2.0.4                pyhd8ed1ab_0             conda-forge
2025-02-21T12:39:20.4905310Z   atk-1.0                        2.38.0               hd03087b_2               conda-forge
2025-02-21T12:39:20.4906030Z   attrs                          23.2.0               pyh71513ae_0             conda-forge
2025-02-21T12:39:20.4906520Z   babel                          2.14.0               pyhd8ed1ab_0             conda-forge
2025-02-21T12:39:20.4907080Z   beautifulsoup4                 4.12.3               pyha770c72_0             conda-forge
2025-02-21T12:39:20.4907580Z   bleach                         6.1.0                pyhd8ed1ab_0             conda-forge
2025-02-21T12:39:20.4908120Z   blosc                          1.21.5               h9c252e8_1               conda-forge
2025-02-21T12:39:20.4908870Z   brotli                         1.1.0                hb547adb_1               conda-forge
2025-02-21T12:39:20.4910230Z   brotli-bin                     1.1.0                hb547adb_1               conda-forge
2025-02-21T12:39:20.4917030Z   brotli-python                  1.1.0                py312h9f69965_1          conda-forge
2025-02-21T12:39:20.4917780Z   bzip2                          1.0.8                h93a5062_5               conda-forge
2025-02-21T12:39:20.4918250Z   c-ares                         1.28.1               h93a5062_0               conda-forge
2025-02-21T12:39:20.4918850Z   c-blosc2                       2.14.4               ha57e6be_1               conda-forge
2025-02-21T12:39:20.4919350Z   ca-certificates                2024.6.2             hf0a4a13_0               conda-forge
2025-02-21T12:39:20.4919960Z   cached-property                1.5.2                hd8ed1ab_1               conda-forge
2025-02-21T12:39:20.4920680Z   cached_property                1.5.2                pyha770c72_1             conda-forge
2025-02-21T12:39:20.4921150Z   cairo                          1.18.0               hd1e100b_0               conda-forge
2025-02-21T12:39:20.4922210Z   certifi                        2024.6.2             pyhd8ed1ab_0             conda-forge
2025-02-21T12:39:20.4922730Z   cffi                           1.16.0               py312h8e38eb3_0          conda-forge
2025-02-21T12:39:20.4923300Z   charset-normalizer             3.3.2                pyhd8ed1ab_0             conda-forge
2025-02-21T12:39:20.4923910Z   click                          8.1.7                unix_pyh707e725_0        conda-forge
2025-02-21T12:39:20.4924450Z   codespell                      2.3.0                pyhd8ed1ab_0             conda-forge
2025-02-21T12:39:20.4925250Z   colorama                       0.4.6                pyhd8ed1ab_0             conda-forge
2025-02-21T12:39:20.4925710Z   comm                           0.2.2                pyhd8ed1ab_0             conda-forge
2025-02-21T12:39:20.4926260Z   commonmark                     0.9.1                py_0                     conda-forge
2025-02-21T12:39:20.4926820Z   contourpy                      1.2.1                py312h0fef576_0          conda-forge
2025-02-21T12:39:20.4927310Z   coverage                       7.5.3                py312h7e5086c_0          conda-forge
2025-02-21T12:39:20.4942000Z   cycler                         0.12.1               pyhd8ed1ab_0             conda-forge
2025-02-21T12:39:20.4942500Z   dataclasses                    0.8                  pyhc8e2a94_3             conda-forge
2025-02-21T12:39:20.4943090Z   debugpy                        1.8.1                py312h20a0b95_0          conda-forge
2025-02-21T12:39:20.4943830Z   decorator                      5.1.1                pyhd8ed1ab_0             conda-forge
2025-02-21T12:39:20.4944320Z   defusedxml                     0.7.1                pyhd8ed1ab_0             conda-forge
2025-02-21T12:39:20.4944870Z   docutils                       0.20.1               py312h81bd7bf_3          conda-forge
2025-02-21T12:39:20.4945360Z   dot2tex                        2.11.3               pyhd8ed1ab_0             conda-forge
2025-02-21T12:39:20.4945930Z   entrypoints                    0.4                  pyhd8ed1ab_0             conda-forge
2025-02-21T12:39:20.4946430Z   exceptiongroup                 1.2.0                pyhd8ed1ab_2             conda-forge
2025-02-21T12:39:20.4947010Z   executing                      2.0.1                pyhd8ed1ab_0             conda-forge
2025-02-21T12:39:20.4947580Z   expat                          2.6.2                hebf3989_0               conda-forge
2025-02-21T12:39:20.4948300Z   font-ttf-dejavu-sans-mono      2.37                 hab24e00_0               conda-forge
2025-02-21T12:39:20.4988460Z   font-ttf-inconsolata           3.000                h77eed37_0               conda-forge
2025-02-21T12:39:20.4989430Z   font-ttf-source-code-pro       2.038                h77eed37_0               conda-forge
2025-02-21T12:39:20.4989930Z   font-ttf-ubuntu                0.83                 h77eed37_2               conda-forge
2025-02-21T12:39:20.4990540Z   fontconfig                     2.14.2               h82840c6_0               conda-forge
2025-02-21T12:39:20.4991020Z   fonts-conda-ecosystem          1                    0                        conda-forge
2025-02-21T12:39:20.4991470Z   fonts-conda-forge              1                    0                        conda-forge
2025-02-21T12:39:20.4991850Z   fonttools                      4.53.0               py312h7e5086c_0          conda-forge
2025-02-21T12:39:20.4992280Z   fqdn                           1.5.1                pyhd8ed1ab_0             conda-forge
2025-02-21T12:39:20.4992680Z   freetype                       2.12.1               hadb7bae_2               conda-forge
2025-02-21T12:39:20.4993060Z   fribidi                        1.0.10               h27ca646_0               conda-forge
2025-02-21T12:39:20.4993470Z   future                         1.0.0                pyhd8ed1ab_0             conda-forge
2025-02-21T12:39:20.4993840Z   gdk-pixbuf                     2.42.12              h7ddc832_0               conda-forge
2025-02-21T12:39:20.4994560Z   gettext                        0.22.5               h8fbad5d_2               conda-forge
2025-02-21T12:39:20.4995030Z   gettext-tools                  0.22.5               h8fbad5d_2               conda-forge
2025-02-21T12:39:20.4995820Z   giflib                         5.2.2                h93a5062_0               conda-forge
2025-02-21T12:39:20.4996290Z   git-lfs                        3.5.1                hce30654_0               conda-forge
2025-02-21T12:39:20.4996620Z   gmp                            6.3.0                hebf3989_1               conda-forge
2025-02-21T12:39:20.4997490Z   gmpy2                          2.1.5                py312hfa9fade_1          conda-forge
2025-02-21T12:39:20.4997840Z   graphite2                      1.3.13               hebf3989_1003            conda-forge
2025-02-21T12:39:20.4998290Z   graphviz                       11.0.0               h9bb9bc9_0               conda-forge
2025-02-21T12:39:20.4998650Z   gtk2                           2.24.33              h7895bb2_4               conda-forge
2025-02-21T12:39:20.4999030Z   gts                            0.7.6                he42f4ea_4               conda-forge
2025-02-21T12:39:20.4999350Z   h11                            0.14.0               pyhd8ed1ab_0             conda-forge
2025-02-21T12:39:20.4999730Z   h2                             4.1.0                pyhd8ed1ab_0             conda-forge
2025-02-21T12:39:20.5000060Z   h5py                           3.11.0               nompi_py312h903599c_102  conda-forge
2025-02-21T12:39:20.5000430Z   harfbuzz                       8.5.0                h1836168_0               conda-forge
2025-02-21T12:39:20.5000810Z   hdf5                           1.14.3               nompi_hec07895_105       conda-forge
2025-02-21T12:39:20.5001130Z   hpack                          4.0.0                pyh9f0ad1d_0             conda-forge
2025-02-21T12:39:20.5001650Z   httpcore                       1.0.5                pyhd8ed1ab_0             conda-forge
2025-02-21T12:39:20.5002000Z   httpx                          0.27.0               pyhd8ed1ab_0             conda-forge
2025-02-21T12:39:20.5002400Z   hyperframe                     6.0.1                pyhd8ed1ab_0             conda-forge
2025-02-21T12:39:20.5002730Z   icu                            73.2                 hc8870d7_0               conda-forge
2025-02-21T12:39:20.5003080Z   idna                           3.7                  pyhd8ed1ab_0             conda-forge
2025-02-21T12:39:20.5007300Z   imagesize                      1.4.1                pyhd8ed1ab_0             conda-forge
2025-02-21T12:39:20.5008660Z   importlib-metadata             7.1.0                pyha770c72_0             conda-forge
2025-02-21T12:39:20.5009310Z   importlib_metadata             7.1.0                hd8ed1ab_0               conda-forge
2025-02-21T12:39:20.5009710Z   importlib_resources            6.4.0                pyhd8ed1ab_0             conda-forge
2025-02-21T12:39:20.5010130Z   iniconfig                      2.0.0                pyhd8ed1ab_0             conda-forge
2025-02-21T12:39:20.5010530Z   ipykernel                      6.29.4               pyh57ce528_0             conda-forge
2025-02-21T12:39:20.5010870Z   ipython                        8.25.0               pyh707e725_0             conda-forge
2025-02-21T12:39:20.5011290Z   ipython_genutils               0.2.0                pyhd8ed1ab_1             conda-forge
2025-02-21T12:39:20.5012220Z   ipywidgets                     7.8.0                pyhd8ed1ab_0             conda-forge
2025-02-21T12:39:20.5012710Z   isoduration                    20.11.0              pyhd8ed1ab_0             conda-forge
2025-02-21T12:39:20.5013060Z   jedi                           0.19.1               pyhd8ed1ab_0             conda-forge
2025-02-21T12:39:20.5013870Z   jinja2                         3.1.4                pyhd8ed1ab_0             conda-forge
2025-02-21T12:39:20.5014510Z   json5                          0.9.25               pyhd8ed1ab_0             conda-forge
2025-02-21T12:39:20.5015470Z   jsonpointer                    3.0.0                py312h81bd7bf_0          conda-forge
2025-02-21T12:39:20.5015940Z   jsonschema                     4.22.0               pyhd8ed1ab_0             conda-forge
2025-02-21T12:39:20.5036740Z   jsonschema-specifications      2023.12.1            pyhd8ed1ab_0             conda-forge
2025-02-21T12:39:20.5037370Z   jsonschema-with-format-nongpl  4.22.0               pyhd8ed1ab_0             conda-forge
2025-02-21T12:39:20.5037840Z   jupyter-lsp                    2.2.5                pyhd8ed1ab_0             conda-forge
2025-02-21T12:39:20.5038830Z   jupyter_client                 8.6.2                pyhd8ed1ab_0             conda-forge
2025-02-21T12:39:20.5039280Z   jupyter_core                   5.7.2                py312h81bd7bf_0          conda-forge
2025-02-21T12:39:20.5039670Z   jupyter_events                 0.10.0               pyhd8ed1ab_0             conda-forge
2025-02-21T12:39:20.5040120Z   jupyter_server                 2.14.1               pyhd8ed1ab_0             conda-forge
2025-02-21T12:39:20.5040510Z   jupyter_server_terminals       0.5.3                pyhd8ed1ab_0             conda-forge
2025-02-21T12:39:20.5040940Z   jupyterlab                     4.2.2                pyhd8ed1ab_0             conda-forge
2025-02-21T12:39:20.5041310Z   jupyterlab_pygments            0.3.0                pyhd8ed1ab_1             conda-forge
2025-02-21T12:39:20.5041750Z   jupyterlab_server              2.27.2               pyhd8ed1ab_0             conda-forge
2025-02-21T12:39:20.5042130Z   jupyterlab_widgets             1.1.7                pyhd8ed1ab_0             conda-forge
2025-02-21T12:39:20.5042590Z   kiwisolver                     1.4.5                py312h389731b_1          conda-forge
2025-02-21T12:39:20.5042930Z   krb5                           1.21.2               h92f50d5_0               conda-forge
2025-02-21T12:39:20.5043330Z   latexcodec                     2.0.1                pyh9f0ad1d_0             conda-forge
2025-02-21T12:39:20.5043760Z   lcms2                          2.16                 ha0e7c42_0               conda-forge
2025-02-21T12:39:20.5044110Z   lerc                           4.0.0                h9a09cb3_0               conda-forge
2025-02-21T12:39:20.5044520Z   libaec                         1.1.3                hebf3989_0               conda-forge
2025-02-21T12:39:20.5044870Z   libasprintf                    0.22.5               h8fbad5d_2               conda-forge
2025-02-21T12:39:20.5045250Z   libasprintf-devel              0.22.5               h8fbad5d_2               conda-forge
2025-02-21T12:39:20.5045580Z   libblas                        3.9.0                22_osxarm64_openblas     conda-forge
2025-02-21T12:39:20.5045950Z   libbrotlicommon                1.1.0                hb547adb_1               conda-forge
2025-02-21T12:39:20.5046300Z   libbrotlidec                   1.1.0                hb547adb_1               conda-forge
2025-02-21T12:39:20.5046700Z   libbrotlienc                   1.1.0                hb547adb_1               conda-forge
2025-02-21T12:39:20.5047070Z   libcblas                       3.9.0                22_osxarm64_openblas     conda-forge
2025-02-21T12:39:20.5047460Z   libcurl                        8.8.0                h7b6f9a7_0               conda-forge
2025-02-21T12:39:20.5047790Z   libcxx                         17.0.6               h5f092b4_0               conda-forge
2025-02-21T12:39:20.5048180Z   libdeflate                     1.20                 h93a5062_0               conda-forge
2025-02-21T12:39:20.5048580Z   libedit                        3.1.20191231         hc8eb9b7_2               conda-forge
2025-02-21T12:39:20.5048990Z   libev                          4.33                 h93a5062_2               conda-forge
2025-02-21T12:39:20.5049360Z   libexpat                       2.6.2                hebf3989_0               conda-forge
2025-02-21T12:39:20.5049690Z   libffi                         3.4.2                h3422bc3_5               conda-forge
2025-02-21T12:39:20.5050320Z   libgd                          2.3.3                hfdf3952_9               conda-forge
2025-02-21T12:39:20.5050660Z   libgettextpo                   0.22.5               h8fbad5d_2               conda-forge
2025-02-21T12:39:20.5051040Z   libgettextpo-devel             0.22.5               h8fbad5d_2               conda-forge
2025-02-21T12:39:20.5051450Z   libgfortran                    5.0.0                13_2_0_hd922786_3        conda-forge
2025-02-21T12:39:20.5051800Z   libgfortran5                   13.2.0               hf226fd6_3               conda-forge
2025-02-21T12:39:20.5052350Z   libglib                        2.80.2               h59d46d9_1               conda-forge
2025-02-21T12:39:20.5052690Z   libiconv                       1.17                 h0d3ecfb_2               conda-forge
2025-02-21T12:39:20.5053010Z   libintl                        0.22.5               h8fbad5d_2               conda-forge
2025-02-21T12:39:20.5053360Z   libintl-devel                  0.22.5               h8fbad5d_2               conda-forge
2025-02-21T12:39:20.5053760Z   libjpeg-turbo                  3.0.0                hb547adb_1               conda-forge
2025-02-21T12:39:20.5054120Z   liblapack                      3.9.0                22_osxarm64_openblas     conda-forge
2025-02-21T12:39:20.5054410Z   libllvm14                      14.0.6               hd1a9a77_4               conda-forge
2025-02-21T12:39:20.5054820Z   libnghttp2                     1.58.0               ha4dd798_1               conda-forge
2025-02-21T12:39:20.5055190Z   libopenblas                    0.3.27               openmp_h6c19121_0        conda-forge
2025-02-21T12:39:20.5055530Z   libpng                         1.6.43               h091b4b1_0               conda-forge
2025-02-21T12:39:20.5055820Z   librsvg                        2.58.1               hbc281fb_0               conda-forge
2025-02-21T12:39:20.5056220Z   libsodium                      1.0.18               h27ca646_1               conda-forge
2025-02-21T12:39:20.5056550Z   libsqlite                      3.46.0               hfb93653_0               conda-forge
2025-02-21T12:39:20.5056940Z   libssh2                        1.11.0               h7a5bd25_0               conda-forge
2025-02-21T12:39:20.5057270Z   libtiff                        4.6.0                h07db509_3               conda-forge
2025-02-21T12:39:20.5057650Z   libwebp                        1.4.0                h54798ee_0               conda-forge
2025-02-21T12:39:20.5057990Z   libwebp-base                   1.4.0                h93a5062_0               conda-forge
2025-02-21T12:39:20.5058360Z   libxcb                         1.16                 hf2054a2_0               conda-forge
2025-02-21T12:39:20.5058720Z   libxml2                        2.12.7               ha661575_1               conda-forge
2025-02-21T12:39:20.5059040Z   libxslt                        1.1.39               h223e5b9_0               conda-forge
2025-02-21T12:39:20.5059360Z   libzlib                        1.3.1                hfb2fe0b_1               conda-forge
2025-02-21T12:39:20.5059670Z   llvm-openmp                    18.1.7               hde57baf_0               conda-forge
2025-02-21T12:39:20.5060010Z   llvmlite                       0.42.0               py312h17030e7_1          conda-forge
2025-02-21T12:39:20.5060340Z   lxml                           5.2.2                py312h0e5ab22_0          conda-forge
2025-02-21T12:39:20.5060610Z   lz4-c                          1.9.4                hb7217d7_0               conda-forge
2025-02-21T12:39:20.5060960Z   markupsafe                     2.1.5                py312he37b823_0          conda-forge
2025-02-21T12:39:20.5061330Z   matplotlib-base                3.8.4                py312h4479663_2          conda-forge
2025-02-21T12:39:20.5061670Z   matplotlib-inline              0.1.7                pyhd8ed1ab_0             conda-forge
2025-02-21T12:39:20.5061980Z   mistune                        3.0.2                pyhd8ed1ab_0             conda-forge
2025-02-21T12:39:20.5062590Z   mpc                            1.3.1                h91ba8db_0               conda-forge
2025-02-21T12:39:20.5062890Z   mpfr                           4.2.1                h41d338b_1               conda-forge
2025-02-21T12:39:20.5063280Z   mpmath                         1.3.0                pyhd8ed1ab_0             conda-forge
2025-02-21T12:39:20.5063570Z   munkres                        1.1.4                pyh9f0ad1d_0             conda-forge
2025-02-21T12:39:20.5063930Z   mypy_extensions                1.0.0                pyha770c72_0             conda-forge
2025-02-21T12:39:20.5064850Z   nbclassic                      1.1.0                pyhd8ed1ab_0             conda-forge
2025-02-21T12:39:20.5065160Z   nbclient                       0.10.0               pyhd8ed1ab_0             conda-forge
2025-02-21T12:39:20.5065460Z   nbconvert                      7.16.4               hd8ed1ab_1               conda-forge
2025-02-21T12:39:20.5065770Z   nbconvert-core                 7.16.4               pyhd8ed1ab_1             conda-forge
2025-02-21T12:39:20.5066120Z   nbconvert-pandoc               7.16.4               hd8ed1ab_1               conda-forge
2025-02-21T12:39:20.5066430Z   nbformat                       5.10.4               pyhd8ed1ab_0             conda-forge
2025-02-21T12:39:20.5066730Z   nbsphinx                       0.9.4                pyhd8ed1ab_0             conda-forge
2025-02-21T12:39:20.5067020Z   ncurses                        6.5                  hb89a1cb_0               conda-forge
2025-02-21T12:39:20.5067380Z   nest-asyncio                   1.6.0                pyhd8ed1ab_0             conda-forge
2025-02-21T12:39:20.5067700Z   networkx                       3.3                  pyhd8ed1ab_1             conda-forge
2025-02-21T12:39:20.5067990Z   notebook                       7.2.1                pyhd8ed1ab_0             conda-forge
2025-02-21T12:39:20.5068300Z   notebook-shim                  0.2.4                pyhd8ed1ab_0             conda-forge
2025-02-21T12:39:20.5068670Z   numba                          0.59.1               py312hbaff935_0          conda-forge
2025-02-21T12:39:20.5069030Z   numexpr                        2.10.0               py312h8ae5369_0          conda-forge
2025-02-21T12:39:20.5069360Z   numpy                          1.26.4               py312h8442bc7_0          conda-forge
2025-02-21T12:39:20.5069640Z   numpydoc                       1.7.0                pyhd8ed1ab_1             conda-forge
2025-02-21T12:39:20.5069940Z   openjpeg                       2.5.2                h9f1df11_0               conda-forge
2025-02-21T12:39:20.5070230Z   openssl                        3.3.1                hfb2fe0b_0               conda-forge
2025-02-21T12:39:20.5070520Z   overrides                      7.7.0                pyhd8ed1ab_0             conda-forge
2025-02-21T12:39:20.5070820Z   packaging                      24.1                 pyhd8ed1ab_0             conda-forge
2025-02-21T12:39:20.5071110Z   pandas                         2.2.2                py312h8ae5369_1          conda-forge
2025-02-21T12:39:20.5071390Z   pandoc                         3.2                  hce30654_0               conda-forge
2025-02-21T12:39:20.5071870Z   pandocfilters                  1.5.0                pyhd8ed1ab_0             conda-forge
2025-02-21T12:39:20.5072190Z   pango                          1.54.0               h5cb9fbc_0               conda-forge
2025-02-21T12:39:20.5072470Z   parso                          0.8.4                pyhd8ed1ab_0             conda-forge
2025-02-21T12:39:20.5072770Z   pathspec                       0.12.1               pyhd8ed1ab_0             conda-forge
2025-02-21T12:39:20.5073050Z   pbr                            6.0.0                pyhd8ed1ab_0             conda-forge
2025-02-21T12:39:20.5073330Z   pcre2                          10.44                h297a79d_0               conda-forge
2025-02-21T12:39:20.5073610Z   pexpect                        4.9.0                pyhd8ed1ab_0             conda-forge
2025-02-21T12:39:20.5074080Z   pickleshare                    0.7.5                py_1003                  conda-forge
2025-02-21T12:39:20.5074390Z   pillow                         10.3.0               py312h39b1d8d_1          conda-forge
2025-02-21T12:39:20.5074670Z   pip                            24.0                 pyhd8ed1ab_0             conda-forge
2025-02-21T12:39:20.5074940Z   pixman                         0.43.4               hebf3989_0               conda-forge
2025-02-21T12:39:20.5075270Z   pkgutil-resolve-name           1.3.10               pyhd8ed1ab_1             conda-forge
2025-02-21T12:39:20.5075950Z   platformdirs                   4.2.2                pyhd8ed1ab_0             conda-forge
2025-02-21T12:39:20.5076250Z   plotly                         5.22.0               pyhd8ed1ab_0             conda-forge
2025-02-21T12:39:20.5076540Z   pluggy                         1.5.0                pyhd8ed1ab_0             conda-forge
2025-02-21T12:39:20.5076930Z   prometheus_client              0.20.0               pyhd8ed1ab_0             conda-forge
2025-02-21T12:39:20.5077270Z   prompt-toolkit                 3.0.47               pyha770c72_0             conda-forge
2025-02-21T12:39:20.5077580Z   psutil                         5.9.8                py312he37b823_0          conda-forge
2025-02-21T12:39:20.5077870Z   pthread-stubs                  0.4                  h27ca646_1001            conda-forge
2025-02-21T12:39:20.5078180Z   ptyprocess                     0.7.0                pyhd3deb0d_0             conda-forge
2025-02-21T12:39:20.5078490Z   pure_eval                      0.2.2                pyhd8ed1ab_0             conda-forge
2025-02-21T12:39:20.5078960Z   py-cpuinfo                     9.0.0                pyhd8ed1ab_0             conda-forge
2025-02-21T12:39:20.5079260Z   pybtex                         0.24.0               pyhd8ed1ab_2             conda-forge
2025-02-21T12:39:20.5079570Z   pybtex-docutils                1.0.3                py312h81bd7bf_1          conda-forge
2025-02-21T12:39:20.5079900Z   pycparser                      2.22                 pyhd8ed1ab_0             conda-forge
2025-02-21T12:39:20.5080190Z   pyerfa                         2.0.1.4              py312hbebd99a_1          conda-forge
2025-02-21T12:39:20.5080490Z   pygments                       2.18.0               pyhd8ed1ab_0             conda-forge
2025-02-21T12:39:20.5080790Z   pygraphviz                     1.13                 py312h5f4d302_1          conda-forge
2025-02-21T12:39:20.5081100Z   pyobjc-core                    10.3.1               py312hbb55c70_0          conda-forge
2025-02-21T12:39:20.5081450Z   pyobjc-framework-cocoa         10.3.1               py312hbb55c70_0          conda-forge
2025-02-21T12:39:20.5081790Z   pyparsing                      3.1.2                pyhd8ed1ab_0             conda-forge
2025-02-21T12:39:20.5082080Z   pysocks                        1.7.1                pyha2e5f31_6             conda-forge
2025-02-21T12:39:20.5082370Z   pytables                       3.9.2                py312hb622ae1_2          conda-forge
2025-02-21T12:39:20.5082670Z   pytest                         8.2.2                pyhd8ed1ab_0             conda-forge
2025-02-21T12:39:20.5082990Z   pytest-cov                     5.0.0                pyhd8ed1ab_0             conda-forge
2025-02-21T12:39:20.5083330Z   pytest-doctestplus             1.2.1                pyhd8ed1ab_0             conda-forge
2025-02-21T12:39:20.5083660Z   pytest-html                    4.1.1                pyhd8ed1ab_0             conda-forge
2025-02-21T12:39:20.5084000Z   pytest-metadata                3.1.1                pyhd8ed1ab_0             conda-forge
2025-02-21T12:39:20.5084320Z   python                         3.12.4               h30c5eda_0_cpython       conda-forge
2025-02-21T12:39:20.5084630Z   python-dateutil                2.9.0                pyhd8ed1ab_0             conda-forge
2025-02-21T12:39:20.5084980Z   python-fastjsonschema          2.20.0               pyhd8ed1ab_0             conda-forge
2025-02-21T12:39:20.5085680Z   python-json-logger             2.0.7                pyhd8ed1ab_0             conda-forge
2025-02-21T12:39:20.5086040Z   python-tzdata                  2024.1               pyhd8ed1ab_0             conda-forge
2025-02-21T12:39:20.5086360Z   python_abi                     3.12                 4_cp312                  conda-forge
2025-02-21T12:39:20.5086650Z   pytz                           2024.1               pyhd8ed1ab_0             conda-forge
2025-02-21T12:39:20.5086940Z   pyyaml                         6.0.1                py312h02f2b3b_1          conda-forge
2025-02-21T12:39:20.5087350Z   pyzmq                          26.0.3               py312hfa13136_0          conda-forge
2025-02-21T12:39:20.5087630Z   qgrid                          1.3.1                pyhd8ed1ab_4             conda-forge
2025-02-21T12:39:20.5087950Z   radioactivedecay               0.5.1                pyhd8ed1ab_0             conda-forge
2025-02-21T12:39:20.5088260Z   readline                       8.2                  h92ec313_1               conda-forge
2025-02-21T12:39:20.5088580Z   recommonmark                   0.7.1                pyhd8ed1ab_0             conda-forge
2025-02-21T12:39:20.5088890Z   referencing                    0.35.1               pyhd8ed1ab_0             conda-forge
2025-02-21T12:39:20.5089200Z   requests                       2.32.3               pyhd8ed1ab_0             conda-forge
2025-02-21T12:39:20.5089510Z   rfc3339-validator              0.1.4                pyhd8ed1ab_0             conda-forge
2025-02-21T12:39:20.5089850Z   rfc3986-validator              0.1.1                pyh9f0ad1d_0             conda-forge
2025-02-21T12:39:20.5090160Z   rpds-py                        0.18.1               py312h552d48e_0          conda-forge
2025-02-21T12:39:20.5090430Z   ruff                           0.4.9                py312h3402d49_0          conda-forge
2025-02-21T12:39:20.5090690Z   scipy                          1.13.1               py312h14ffa8f_0          conda-forge
2025-02-21T12:39:20.5090980Z   send2trash                     1.8.3                pyh31c8845_0             conda-forge
2025-02-21T12:39:20.5091270Z   setuptools                     70.0.0               pyhd8ed1ab_0             conda-forge
2025-02-21T12:39:20.5091580Z   setuptools-scm                 8.1.0                pyhd8ed1ab_0             conda-forge
2025-02-21T12:39:20.5091890Z   setuptools_scm                 8.1.0                hd8ed1ab_0               conda-forge
2025-02-21T12:39:20.5092170Z   six                            1.16.0               pyh6c4a22f_0             conda-forge
2025-02-21T12:39:20.5092450Z   snakeviz                       2.2.0                pyhd8ed1ab_0             conda-forge
2025-02-21T12:39:20.5092730Z   snappy                         1.2.0                hd04f947_1               conda-forge
2025-02-21T12:39:20.5093000Z   sniffio                        1.3.1                pyhd8ed1ab_0             conda-forge
2025-02-21T12:39:20.5093310Z   snowballstemmer                2.2.0                pyhd8ed1ab_0             conda-forge
2025-02-21T12:39:20.5093620Z   soupsieve                      2.5                  pyhd8ed1ab_1             conda-forge
2025-02-21T12:39:20.5093910Z   sphinx                         7.3.7                pyhd8ed1ab_0             conda-forge
2025-02-21T12:39:20.5094210Z   sphinx-astropy                 1.9.1                pyhd8ed1ab_0             conda-forge
2025-02-21T12:39:20.5094540Z   sphinx-automodapi              0.17.0               pyh717bed2_1             conda-forge
2025-02-21T12:39:20.5094860Z   sphinx-gallery                 0.16.0               pyhd8ed1ab_0             conda-forge
2025-02-21T12:39:20.5095190Z   sphinx-jsonschema              1.19.1               pyhd8ed1ab_0             conda-forge
2025-02-21T12:39:20.5095520Z   sphinx_bootstrap_theme         0.8.1                pyhd8ed1ab_0             conda-forge
2025-02-21T12:39:20.5095850Z   sphinx_rtd_theme               2.0.0                pyha770c72_0             conda-forge
2025-02-21T12:39:20.5096170Z   sphinxcontrib-apidoc           0.3.0                py_1                     conda-forge
2025-02-21T12:39:20.5096630Z   sphinxcontrib-applehelp        1.0.8                pyhd8ed1ab_0             conda-forge
2025-02-21T12:39:20.5096990Z   sphinxcontrib-bibtex           2.6.2                pyhd8ed1ab_0             conda-forge
2025-02-21T12:39:20.5097350Z   sphinxcontrib-devhelp          1.0.6                pyhd8ed1ab_0             conda-forge
2025-02-21T12:39:20.5097720Z   sphinxcontrib-htmlhelp         2.0.5                pyhd8ed1ab_0             conda-forge
2025-02-21T12:39:20.5098090Z   sphinxcontrib-jquery           4.1                  pyhd8ed1ab_0             conda-forge
2025-02-21T12:39:20.5098560Z   sphinxcontrib-jsmath           1.0.1                pyhd8ed1ab_0             conda-forge
2025-02-21T12:39:20.5098920Z   sphinxcontrib-qthelp           1.0.7                pyhd8ed1ab_0             conda-forge
2025-02-21T12:39:20.5099310Z   sphinxcontrib-serializinghtml  1.1.10               pyhd8ed1ab_0             conda-forge
2025-02-21T12:39:20.5099670Z   stack_data                     0.6.2                pyhd8ed1ab_0             conda-forge
2025-02-21T12:39:20.5099970Z   sympy                          1.12.1               pypyh2585a3b_103         conda-forge
2025-02-21T12:39:20.5100260Z   tabulate                       0.9.0                pyhd8ed1ab_1             conda-forge
2025-02-21T12:39:20.5100560Z   tenacity                       8.4.1                pyhd8ed1ab_0             conda-forge
2025-02-21T12:39:20.5100850Z   terminado                      0.18.1               pyh31c8845_0             conda-forge
2025-02-21T12:39:20.5101160Z   tinycss2                       1.3.0                pyhd8ed1ab_0             conda-forge
2025-02-21T12:39:20.5101440Z   tk                             8.6.13               h5083fa2_1               conda-forge
2025-02-21T12:39:20.5101700Z   toml                           0.10.2               pyhd8ed1ab_0             conda-forge
2025-02-21T12:39:20.5101980Z   tomli                          2.0.1                pyhd8ed1ab_0             conda-forge
2025-02-21T12:39:20.5102270Z   tornado                        6.4.1                py312h7e5086c_0          conda-forge
2025-02-21T12:39:20.5102560Z   tqdm                           4.66.4               pyhd8ed1ab_0             conda-forge
2025-02-21T12:39:20.5102850Z   traitlets                      5.14.3               pyhd8ed1ab_0             conda-forge
2025-02-21T12:39:20.5103150Z   typed-ast                      1.5.5                py312h02f2b3b_1          conda-forge
2025-02-21T12:39:20.5103490Z   types-python-dateutil          2.9.0.20240316       pyhd8ed1ab_0             conda-forge
2025-02-21T12:39:20.5103850Z   typing-extensions              4.12.2               hd8ed1ab_0               conda-forge
2025-02-21T12:39:20.5104190Z   typing_extensions              4.12.2               pyha770c72_0             conda-forge
2025-02-21T12:39:20.5104520Z   typing_utils                   0.1.0                pyhd8ed1ab_0             conda-forge
2025-02-21T12:39:20.5104820Z   tzdata                         2024a                h0c530f3_0               conda-forge
2025-02-21T12:39:20.5105130Z   uri-template                   1.3.0                pyhd8ed1ab_0             conda-forge
2025-02-21T12:39:20.5105430Z   urllib3                        2.2.2                pyhd8ed1ab_0             conda-forge
2025-02-21T12:39:20.5105720Z   wcwidth                        0.2.13               pyhd8ed1ab_0             conda-forge
2025-02-21T12:39:20.5106010Z   webcolors                      24.6.0               pyhd8ed1ab_0             conda-forge
2025-02-21T12:39:20.5106310Z   webencodings                   0.5.1                pyhd8ed1ab_2             conda-forge
2025-02-21T12:39:20.5106620Z   websocket-client               1.8.0                pyhd8ed1ab_0             conda-forge
2025-02-21T12:39:20.5106930Z   wheel                          0.43.0               pyhd8ed1ab_1             conda-forge
2025-02-21T12:39:20.5107230Z   widgetsnbextension             3.6.6                pyhd8ed1ab_0             conda-forge
2025-02-21T12:39:20.5107670Z   xorg-libxau                    1.0.11               hb547adb_0               conda-forge
2025-02-21T12:39:20.5107980Z   xorg-libxdmcp                  1.1.3                h27ca646_0               conda-forge
2025-02-21T12:39:20.5108270Z   xz                             5.2.6                h57fd34a_0               conda-forge
2025-02-21T12:39:20.5108520Z   yaml                           0.2.5                h3422bc3_2               conda-forge
2025-02-21T12:39:20.5108790Z   zeromq                         4.3.5                hcc0f68c_4               conda-forge
2025-02-21T12:39:20.5109170Z   zipp                           3.19.2               pyhd8ed1ab_0             conda-forge
2025-02-21T12:39:20.5109440Z   zlib                           1.3.1                hfb2fe0b_1               conda-forge
2025-02-21T12:39:20.5109700Z   zlib-ng                        2.0.7                h1a8c8d9_0               conda-forge
2025-02-21T12:39:20.5109960Z   zstd                           1.5.6                hb46c0d2_0               conda-forge
2025-02-21T12:39:20.5110430Z ##[endgroup]
2025-02-21T12:39:20.5182330Z ##[group]Run pip install -e . --user
2025-02-21T12:39:20.5182610Z [36;1mpip install -e . --user[0m
2025-02-21T12:39:20.8336200Z shell: /bin/bash -l {0}
2025-02-21T12:39:20.8336400Z env:
2025-02-21T12:39:20.8336540Z   CACHE_NUMBER: 0
2025-02-21T12:39:20.8337040Z   PYTEST_FLAGS: --tardis-regression-data=/Users/runner/work/tardis/tardis/tardis-regression-data --cov=tardis --cov-report=xml --cov-report=html --cov-append
2025-02-21T12:39:20.8337580Z   CODECOV_TOKEN: 
2025-02-21T12:39:20.8337750Z   MAMBA_ROOT_PREFIX: /Users/runner/micromamba
2025-02-21T12:39:20.8338000Z   MAMBA_EXE: /Users/runner/micromamba-bin/micromamba
2025-02-21T12:39:20.8338290Z   CONDARC: /Users/runner/work/_temp/setup-micromamba/.condarc
2025-02-21T12:39:20.8338530Z ##[endgroup]
2025-02-21T12:39:22.3937450Z Obtaining file:///Users/runner/work/tardis/tardis
2025-02-21T12:39:22.3961340Z   Installing build dependencies: started
2025-02-21T12:39:25.8469370Z   Installing build dependencies: finished with status 'done'
2025-02-21T12:39:25.8568920Z   Checking if build backend supports build_editable: started
2025-02-21T12:39:26.0397790Z   Checking if build backend supports build_editable: finished with status 'done'
2025-02-21T12:39:26.0416530Z   Getting requirements to build editable: started
2025-02-21T12:39:26.7824920Z   Getting requirements to build editable: finished with status 'done'
2025-02-21T12:39:26.7838310Z   Preparing editable metadata (pyproject.toml): started
2025-02-21T12:39:27.4114870Z   Preparing editable metadata (pyproject.toml): finished with status 'done'
2025-02-21T12:39:27.4813820Z Requirement already satisfied: astropy in /Users/runner/micromamba/envs/tardis/lib/python3.12/site-packages (from tardis==0.0.0) (6.1.1)
2025-02-21T12:39:27.5722290Z Requirement already satisfied: numpy>=1.23 in /Users/runner/micromamba/envs/tardis/lib/python3.12/site-packages (from astropy->tardis==0.0.0) (1.26.4)
2025-02-21T12:39:27.5825390Z Requirement already satisfied: pyerfa>=2.0.1.1 in /Users/runner/micromamba/envs/tardis/lib/python3.12/site-packages (from astropy->tardis==0.0.0) (2.0.1.4)
2025-02-21T12:39:27.5926030Z Requirement already satisfied: astropy-iers-data>=0.2024.5.27.0.30.8 in /Users/runner/micromamba/envs/tardis/lib/python3.12/site-packages (from astropy->tardis==0.0.0) (0.2024.6.17.0.31.35)
2025-02-21T12:39:27.6028970Z Requirement already satisfied: PyYAML>=3.13 in /Users/runner/micromamba/envs/tardis/lib/python3.12/site-packages (from astropy->tardis==0.0.0) (6.0.1)
2025-02-21T12:39:27.6091830Z Requirement already satisfied: packaging>=19.0 in /Users/runner/micromamba/envs/tardis/lib/python3.12/site-packages (from astropy->tardis==0.0.0) (24.1)
2025-02-21T12:39:27.6092840Z Building wheels for collected packages: tardis
2025-02-21T12:39:27.6093380Z   Building editable for tardis (pyproject.toml): started
2025-02-21T12:39:28.4262330Z   Building editable for tardis (pyproject.toml): finished with status 'done'
2025-02-21T12:39:28.4276420Z   Created wheel for tardis: filename=tardis-0.0.0-0.editable-py3-none-any.whl size=8877 sha256=9ee0d8188f3abc8a47069f492a2a27f021319682a35d57a24773010dbfbbcead
2025-02-21T12:39:28.4277670Z   Stored in directory: /private/var/folders/2s/h6hvv9ps03xgz_krkkstvq_r0000gn/T/pip-ephem-wheel-cache-ypku1uh8/wheels/bb/4f/6a/0829b918c1c10bc28535ce7f14be21eee54375bdd9cd0c306a
2025-02-21T12:39:28.4303250Z Successfully built tardis
2025-02-21T12:39:29.0159520Z Installing collected packages: tardis
2025-02-21T12:39:29.0259270Z Successfully installed tardis-0.0.0
2025-02-21T12:39:29.6125140Z ##[group]Run pip install qgridnext
2025-02-21T12:39:29.6125590Z [36;1mpip install qgridnext[0m
2025-02-21T12:39:29.6250840Z shell: /bin/bash -l {0}
2025-02-21T12:39:29.6251180Z env:
2025-02-21T12:39:29.6251380Z   CACHE_NUMBER: 0
2025-02-21T12:39:29.6252120Z   PYTEST_FLAGS: --tardis-regression-data=/Users/runner/work/tardis/tardis/tardis-regression-data --cov=tardis --cov-report=xml --cov-report=html --cov-append
2025-02-21T12:39:29.6252890Z   CODECOV_TOKEN: 
2025-02-21T12:39:29.6253150Z   MAMBA_ROOT_PREFIX: /Users/runner/micromamba
2025-02-21T12:39:29.6253590Z   MAMBA_EXE: /Users/runner/micromamba-bin/micromamba
2025-02-21T12:39:29.6253970Z   CONDARC: /Users/runner/work/_temp/setup-micromamba/.condarc
2025-02-21T12:39:29.6254340Z ##[endgroup]
2025-02-21T12:39:30.7544790Z Collecting qgridnext
2025-02-21T12:39:30.7819000Z   Downloading qgridnext-2.0.4-py3-none-any.whl.metadata (9.9 kB)
2025-02-21T12:39:30.8182910Z Requirement already satisfied: pandas>=0.20.0 in /Users/runner/micromamba/envs/tardis/lib/python3.12/site-packages (from qgridnext) (2.2.2)
2025-02-21T12:39:30.8186220Z Requirement already satisfied: ipywidgets>=7.0.0 in /Users/runner/micromamba/envs/tardis/lib/python3.12/site-packages (from qgridnext) (7.8.0)
2025-02-21T12:39:30.8198290Z Requirement already satisfied: numpy in /Users/runner/micromamba/envs/tardis/lib/python3.12/site-packages (from qgridnext) (1.26.4)
2025-02-21T12:39:30.8199430Z Requirement already satisfied: traitlets in /Users/runner/micromamba/envs/tardis/lib/python3.12/site-packages (from qgridnext) (5.14.3)
2025-02-21T12:39:30.8246520Z Requirement already satisfied: comm>=0.1.3 in /Users/runner/micromamba/envs/tardis/lib/python3.12/site-packages (from ipywidgets>=7.0.0->qgridnext) (0.2.2)
2025-02-21T12:39:30.8251510Z Requirement already satisfied: ipython-genutils~=0.2.0 in /Users/runner/micromamba/envs/tardis/lib/python3.12/site-packages (from ipywidgets>=7.0.0->qgridnext) (0.2.0)
2025-02-21T12:39:30.8262010Z Requirement already satisfied: widgetsnbextension~=3.6.5 in /Users/runner/micromamba/envs/tardis/lib/python3.12/site-packages (from ipywidgets>=7.0.0->qgridnext) (3.6.6)
2025-02-21T12:39:30.8272820Z Requirement already satisfied: ipython>=4.0.0 in /Users/runner/micromamba/envs/tardis/lib/python3.12/site-packages (from ipywidgets>=7.0.0->qgridnext) (8.25.0)
2025-02-21T12:39:30.8281930Z Requirement already satisfied: jupyterlab-widgets<3,>=1.0.0 in /Users/runner/micromamba/envs/tardis/lib/python3.12/site-packages (from ipywidgets>=7.0.0->qgridnext) (1.1.7)
2025-02-21T12:39:30.8592180Z Requirement already satisfied: python-dateutil>=2.8.2 in /Users/runner/micromamba/envs/tardis/lib/python3.12/site-packages (from pandas>=0.20.0->qgridnext) (2.9.0)
2025-02-21T12:39:30.8601130Z Requirement already satisfied: pytz>=2020.1 in /Users/runner/micromamba/envs/tardis/lib/python3.12/site-packages (from pandas>=0.20.0->qgridnext) (2024.1)
2025-02-21T12:39:30.8605570Z Requirement already satisfied: tzdata>=2022.7 in /Users/runner/micromamba/envs/tardis/lib/python3.12/site-packages (from pandas>=0.20.0->qgridnext) (2024.1)
2025-02-21T12:39:30.8806920Z Requirement already satisfied: decorator in /Users/runner/micromamba/envs/tardis/lib/python3.12/site-packages (from ipython>=4.0.0->ipywidgets>=7.0.0->qgridnext) (5.1.1)
2025-02-21T12:39:30.8818470Z Requirement already satisfied: jedi>=0.16 in /Users/runner/micromamba/envs/tardis/lib/python3.12/site-packages (from ipython>=4.0.0->ipywidgets>=7.0.0->qgridnext) (0.19.1)
2025-02-21T12:39:30.8846030Z Requirement already satisfied: matplotlib-inline in /Users/runner/micromamba/envs/tardis/lib/python3.12/site-packages (from ipython>=4.0.0->ipywidgets>=7.0.0->qgridnext) (0.1.7)
2025-02-21T12:39:30.8849180Z Requirement already satisfied: prompt-toolkit<3.1.0,>=3.0.41 in /Users/runner/micromamba/envs/tardis/lib/python3.12/site-packages (from ipython>=4.0.0->ipywidgets>=7.0.0->qgridnext) (3.0.47)
2025-02-21T12:39:30.8851480Z Requirement already satisfied: pygments>=2.4.0 in /Users/runner/micromamba/envs/tardis/lib/python3.12/site-packages (from ipython>=4.0.0->ipywidgets>=7.0.0->qgridnext) (2.18.0)
2025-02-21T12:39:30.8852820Z Requirement already satisfied: stack-data in /Users/runner/micromamba/envs/tardis/lib/python3.12/site-packages (from ipython>=4.0.0->ipywidgets>=7.0.0->qgridnext) (0.6.2)
2025-02-21T12:39:30.8864310Z Requirement already satisfied: pexpect>4.3 in /Users/runner/micromamba/envs/tardis/lib/python3.12/site-packages (from ipython>=4.0.0->ipywidgets>=7.0.0->qgridnext) (4.9.0)
2025-02-21T12:39:30.8891610Z Requirement already satisfied: six>=1.5 in /Users/runner/micromamba/envs/tardis/lib/python3.12/site-packages (from python-dateutil>=2.8.2->pandas>=0.20.0->qgridnext) (1.16.0)
2025-02-21T12:39:30.8927370Z Requirement already satisfied: notebook>=4.4.1 in /Users/runner/micromamba/envs/tardis/lib/python3.12/site-packages (from widgetsnbextension~=3.6.5->ipywidgets>=7.0.0->qgridnext) (7.2.1)
2025-02-21T12:39:30.9050970Z Requirement already satisfied: parso<0.9.0,>=0.8.3 in /Users/runner/micromamba/envs/tardis/lib/python3.12/site-packages (from jedi>=0.16->ipython>=4.0.0->ipywidgets>=7.0.0->qgridnext) (0.8.4)
2025-02-21T12:39:30.9251610Z Requirement already satisfied: jupyter-server<3,>=2.4.0 in /Users/runner/micromamba/envs/tardis/lib/python3.12/site-packages (from notebook>=4.4.1->widgetsnbextension~=3.6.5->ipywidgets>=7.0.0->qgridnext) (2.14.1)
2025-02-21T12:39:30.9353940Z Requirement already satisfied: jupyterlab-server<3,>=2.27.1 in /Users/runner/micromamba/envs/tardis/lib/python3.12/site-packages (from notebook>=4.4.1->widgetsnbextension~=3.6.5->ipywidgets>=7.0.0->qgridnext) (2.27.2)
2025-02-21T12:39:30.9457850Z Requirement already satisfied: jupyterlab<4.3,>=4.2.0 in /Users/runner/micromamba/envs/tardis/lib/python3.12/site-packages (from notebook>=4.4.1->widgetsnbextension~=3.6.5->ipywidgets>=7.0.0->qgridnext) (4.2.2)
2025-02-21T12:39:30.9459540Z Requirement already satisfied: notebook-shim<0.3,>=0.2 in /Users/runner/micromamba/envs/tardis/lib/python3.12/site-packages (from notebook>=4.4.1->widgetsnbextension~=3.6.5->ipywidgets>=7.0.0->qgridnext) (0.2.4)
2025-02-21T12:39:30.9561430Z Requirement already satisfied: tornado>=6.2.0 in /Users/runner/micromamba/envs/tardis/lib/python3.12/site-packages (from notebook>=4.4.1->widgetsnbextension~=3.6.5->ipywidgets>=7.0.0->qgridnext) (6.4.1)
2025-02-21T12:39:30.9662050Z Requirement already satisfied: ptyprocess>=0.5 in /Users/runner/micromamba/envs/tardis/lib/python3.12/site-packages (from pexpect>4.3->ipython>=4.0.0->ipywidgets>=7.0.0->qgridnext) (0.7.0)
2025-02-21T12:39:30.9766480Z Requirement already satisfied: wcwidth in /Users/runner/micromamba/envs/tardis/lib/python3.12/site-packages (from prompt-toolkit<3.1.0,>=3.0.41->ipython>=4.0.0->ipywidgets>=7.0.0->qgridnext) (0.2.13)
2025-02-21T12:39:30.9869230Z Requirement already satisfied: executing>=1.2.0 in /Users/runner/micromamba/envs/tardis/lib/python3.12/site-packages (from stack-data->ipython>=4.0.0->ipywidgets>=7.0.0->qgridnext) (2.0.1)
2025-02-21T12:39:30.9972090Z Requirement already satisfied: asttokens>=2.1.0 in /Users/runner/micromamba/envs/tardis/lib/python3.12/site-packages (from stack-data->ipython>=4.0.0->ipywidgets>=7.0.0->qgridnext) (2.4.1)
2025-02-21T12:39:31.0075660Z Requirement already satisfied: pure-eval in /Users/runner/micromamba/envs/tardis/lib/python3.12/site-packages (from stack-data->ipython>=4.0.0->ipywidgets>=7.0.0->qgridnext) (0.2.2)
2025-02-21T12:39:31.0177200Z Requirement already satisfied: anyio>=3.1.0 in /Users/runner/micromamba/envs/tardis/lib/python3.12/site-packages (from jupyter-server<3,>=2.4.0->notebook>=4.4.1->widgetsnbextension~=3.6.5->ipywidgets>=7.0.0->qgridnext) (4.4.0)
2025-02-21T12:39:31.0279950Z Requirement already satisfied: argon2-cffi>=21.1 in /Users/runner/micromamba/envs/tardis/lib/python3.12/site-packages (from jupyter-server<3,>=2.4.0->notebook>=4.4.1->widgetsnbextension~=3.6.5->ipywidgets>=7.0.0->qgridnext) (23.1.0)
2025-02-21T12:39:31.0334050Z Requirement already satisfied: jinja2>=3.0.3 in /Users/runner/micromamba/envs/tardis/lib/python3.12/site-packages (from jupyter-server<3,>=2.4.0->notebook>=4.4.1->widgetsnbextension~=3.6.5->ipywidgets>=7.0.0->qgridnext) (3.1.4)
2025-02-21T12:39:31.0358190Z Requirement already satisfied: jupyter-client>=7.4.4 in /Users/runner/micromamba/envs/tardis/lib/python3.12/site-packages (from jupyter-server<3,>=2.4.0->notebook>=4.4.1->widgetsnbextension~=3.6.5->ipywidgets>=7.0.0->qgridnext) (8.6.2)
2025-02-21T12:39:31.0461860Z Requirement already satisfied: jupyter-core!=5.0.*,>=4.12 in /Users/runner/micromamba/envs/tardis/lib/python3.12/site-packages (from jupyter-server<3,>=2.4.0->notebook>=4.4.1->widgetsnbextension~=3.6.5->ipywidgets>=7.0.0->qgridnext) (5.7.2)
2025-02-21T12:39:31.0564910Z Requirement already satisfied: jupyter-events>=0.9.0 in /Users/runner/micromamba/envs/tardis/lib/python3.12/site-packages (from jupyter-server<3,>=2.4.0->notebook>=4.4.1->widgetsnbextension~=3.6.5->ipywidgets>=7.0.0->qgridnext) (0.10.0)
2025-02-21T12:39:31.0665240Z Requirement already satisfied: jupyter-server-terminals>=0.4.4 in /Users/runner/micromamba/envs/tardis/lib/python3.12/site-packages (from jupyter-server<3,>=2.4.0->notebook>=4.4.1->widgetsnbextension~=3.6.5->ipywidgets>=7.0.0->qgridnext) (0.5.3)
2025-02-21T12:39:31.0767510Z Requirement already satisfied: nbconvert>=6.4.4 in /Users/runner/micromamba/envs/tardis/lib/python3.12/site-packages (from jupyter-server<3,>=2.4.0->notebook>=4.4.1->widgetsnbextension~=3.6.5->ipywidgets>=7.0.0->qgridnext) (7.16.4)
2025-02-21T12:39:31.0869110Z Requirement already satisfied: nbformat>=5.3.0 in /Users/runner/micromamba/envs/tardis/lib/python3.12/site-packages (from jupyter-server<3,>=2.4.0->notebook>=4.4.1->widgetsnbextension~=3.6.5->ipywidgets>=7.0.0->qgridnext) (5.10.4)
2025-02-21T12:39:31.0882730Z Requirement already satisfied: overrides>=5.0 in /Users/runner/micromamba/envs/tardis/lib/python3.12/site-packages (from jupyter-server<3,>=2.4.0->notebook>=4.4.1->widgetsnbextension~=3.6.5->ipywidgets>=7.0.0->qgridnext) (7.7.0)
2025-02-21T12:39:31.0970470Z Requirement already satisfied: packaging>=22.0 in /Users/runner/micromamba/envs/tardis/lib/python3.12/site-packages (from jupyter-server<3,>=2.4.0->notebook>=4.4.1->widgetsnbextension~=3.6.5->ipywidgets>=7.0.0->qgridnext) (24.1)
2025-02-21T12:39:31.1064730Z Requirement already satisfied: prometheus-client>=0.9 in /Users/runner/micromamba/envs/tardis/lib/python3.12/site-packages (from jupyter-server<3,>=2.4.0->notebook>=4.4.1->widgetsnbextension~=3.6.5->ipywidgets>=7.0.0->qgridnext) (0.20.0)
2025-02-21T12:39:31.1103640Z Requirement already satisfied: pyzmq>=24 in /Users/runner/micromamba/envs/tardis/lib/python3.12/site-packages (from jupyter-server<3,>=2.4.0->notebook>=4.4.1->widgetsnbextension~=3.6.5->ipywidgets>=7.0.0->qgridnext) (26.0.3)
2025-02-21T12:39:31.1143830Z Requirement already satisfied: send2trash>=1.8.2 in /Users/runner/micromamba/envs/tardis/lib/python3.12/site-packages (from jupyter-server<3,>=2.4.0->notebook>=4.4.1->widgetsnbextension~=3.6.5->ipywidgets>=7.0.0->qgridnext) (1.8.3)
2025-02-21T12:39:31.1198660Z Requirement already satisfied: terminado>=0.8.3 in /Users/runner/micromamba/envs/tardis/lib/python3.12/site-packages (from jupyter-server<3,>=2.4.0->notebook>=4.4.1->widgetsnbextension~=3.6.5->ipywidgets>=7.0.0->qgridnext) (0.18.1)
2025-02-21T12:39:31.1254300Z Requirement already satisfied: websocket-client>=1.7 in /Users/runner/micromamba/envs/tardis/lib/python3.12/site-packages (from jupyter-server<3,>=2.4.0->notebook>=4.4.1->widgetsnbextension~=3.6.5->ipywidgets>=7.0.0->qgridnext) (1.8.0)
2025-02-21T12:39:31.1305660Z Requirement already satisfied: async-lru>=1.0.0 in /Users/runner/micromamba/envs/tardis/lib/python3.12/site-packages (from jupyterlab<4.3,>=4.2.0->notebook>=4.4.1->widgetsnbextension~=3.6.5->ipywidgets>=7.0.0->qgridnext) (2.0.4)
2025-02-21T12:39:31.1330470Z Requirement already satisfied: httpx>=0.25.0 in /Users/runner/micromamba/envs/tardis/lib/python3.12/site-packages (from jupyterlab<4.3,>=4.2.0->notebook>=4.4.1->widgetsnbextension~=3.6.5->ipywidgets>=7.0.0->qgridnext) (0.27.0)
2025-02-21T12:39:31.1375830Z Requirement already satisfied: ipykernel>=6.5.0 in /Users/runner/micromamba/envs/tardis/lib/python3.12/site-packages (from jupyterlab<4.3,>=4.2.0->notebook>=4.4.1->widgetsnbextension~=3.6.5->ipywidgets>=7.0.0->qgridnext) (6.29.4)
2025-02-21T12:39:31.1400100Z Requirement already satisfied: jupyter-lsp>=2.0.0 in /Users/runner/micromamba/envs/tardis/lib/python3.12/site-packages (from jupyterlab<4.3,>=4.2.0->notebook>=4.4.1->widgetsnbextension~=3.6.5->ipywidgets>=7.0.0->qgridnext) (2.2.5)
2025-02-21T12:39:31.1455710Z Requirement already satisfied: setuptools>=40.1.0 in /Users/runner/micromamba/envs/tardis/lib/python3.12/site-packages (from jupyterlab<4.3,>=4.2.0->notebook>=4.4.1->widgetsnbextension~=3.6.5->ipywidgets>=7.0.0->qgridnext) (70.0.0)
2025-02-21T12:39:31.1508390Z Requirement already satisfied: babel>=2.10 in /Users/runner/micromamba/envs/tardis/lib/python3.12/site-packages (from jupyterlab-server<3,>=2.27.1->notebook>=4.4.1->widgetsnbextension~=3.6.5->ipywidgets>=7.0.0->qgridnext) (2.14.0)
2025-02-21T12:39:31.1512770Z Requirement already satisfied: json5>=0.9.0 in /Users/runner/micromamba/envs/tardis/lib/python3.12/site-packages (from jupyterlab-server<3,>=2.27.1->notebook>=4.4.1->widgetsnbextension~=3.6.5->ipywidgets>=7.0.0->qgridnext) (0.9.25)
2025-02-21T12:39:31.1514260Z Requirement already satisfied: jsonschema>=4.18.0 in /Users/runner/micromamba/envs/tardis/lib/python3.12/site-packages (from jupyterlab-server<3,>=2.27.1->notebook>=4.4.1->widgetsnbextension~=3.6.5->ipywidgets>=7.0.0->qgridnext) (4.22.0)
2025-02-21T12:39:31.1516050Z Requirement already satisfied: requests>=2.31 in /Users/runner/micromamba/envs/tardis/lib/python3.12/site-packages (from jupyterlab-server<3,>=2.27.1->notebook>=4.4.1->widgetsnbextension~=3.6.5->ipywidgets>=7.0.0->qgridnext) (2.32.3)
2025-02-21T12:39:31.1537110Z Requirement already satisfied: idna>=2.8 in /Users/runner/micromamba/envs/tardis/lib/python3.12/site-packages (from anyio>=3.1.0->jupyter-server<3,>=2.4.0->notebook>=4.4.1->widgetsnbextension~=3.6.5->ipywidgets>=7.0.0->qgridnext) (3.7)
2025-02-21T12:39:31.1540570Z Requirement already satisfied: sniffio>=1.1 in /Users/runner/micromamba/envs/tardis/lib/python3.12/site-packages (from anyio>=3.1.0->jupyter-server<3,>=2.4.0->notebook>=4.4.1->widgetsnbextension~=3.6.5->ipywidgets>=7.0.0->qgridnext) (1.3.1)
2025-02-21T12:39:31.1556310Z Requirement already satisfied: argon2-cffi-bindings in /Users/runner/micromamba/envs/tardis/lib/python3.12/site-packages (from argon2-cffi>=21.1->jupyter-server<3,>=2.4.0->notebook>=4.4.1->widgetsnbextension~=3.6.5->ipywidgets>=7.0.0->qgridnext) (21.2.0)
2025-02-21T12:39:31.1813660Z Requirement already satisfied: certifi in /Users/runner/micromamba/envs/tardis/lib/python3.12/site-packages (from httpx>=0.25.0->jupyterlab<4.3,>=4.2.0->notebook>=4.4.1->widgetsnbextension~=3.6.5->ipywidgets>=7.0.0->qgridnext) (2024.6.2)
2025-02-21T12:39:31.1864000Z Requirement already satisfied: httpcore==1.* in /Users/runner/micromamba/envs/tardis/lib/python3.12/site-packages (from httpx>=0.25.0->jupyterlab<4.3,>=4.2.0->notebook>=4.4.1->widgetsnbextension~=3.6.5->ipywidgets>=7.0.0->qgridnext) (1.0.5)
2025-02-21T12:39:31.2002910Z Requirement already satisfied: h11<0.15,>=0.13 in /Users/runner/micromamba/envs/tardis/lib/python3.12/site-packages (from httpcore==1.*->httpx>=0.25.0->jupyterlab<4.3,>=4.2.0->notebook>=4.4.1->widgetsnbextension~=3.6.5->ipywidgets>=7.0.0->qgridnext) (0.14.0)
2025-02-21T12:39:31.2163260Z Requirement already satisfied: appnope in /Users/runner/micromamba/envs/tardis/lib/python3.12/site-packages (from ipykernel>=6.5.0->jupyterlab<4.3,>=4.2.0->notebook>=4.4.1->widgetsnbextension~=3.6.5->ipywidgets>=7.0.0->qgridnext) (0.1.4)
2025-02-21T12:39:31.2170920Z Requirement already satisfied: debugpy>=1.6.5 in /Users/runner/micromamba/envs/tardis/lib/python3.12/site-packages (from ipykernel>=6.5.0->jupyterlab<4.3,>=4.2.0->notebook>=4.4.1->widgetsnbextension~=3.6.5->ipywidgets>=7.0.0->qgridnext) (1.8.1)
2025-02-21T12:39:31.2190820Z Requirement already satisfied: nest-asyncio in /Users/runner/micromamba/envs/tardis/lib/python3.12/site-packages (from ipykernel>=6.5.0->jupyterlab<4.3,>=4.2.0->notebook>=4.4.1->widgetsnbextension~=3.6.5->ipywidgets>=7.0.0->qgridnext) (1.6.0)
2025-02-21T12:39:31.2201330Z Requirement already satisfied: psutil in /Users/runner/micromamba/envs/tardis/lib/python3.12/site-packages (from ipykernel>=6.5.0->jupyterlab<4.3,>=4.2.0->notebook>=4.4.1->widgetsnbextension~=3.6.5->ipywidgets>=7.0.0->qgridnext) (5.9.8)
2025-02-21T12:39:31.2254130Z Requirement already satisfied: MarkupSafe>=2.0 in /Users/runner/micromamba/envs/tardis/lib/python3.12/site-packages (from jinja2>=3.0.3->jupyter-server<3,>=2.4.0->notebook>=4.4.1->widgetsnbextension~=3.6.5->ipywidgets>=7.0.0->qgridnext) (2.1.5)
2025-02-21T12:39:31.2506560Z Requirement already satisfied: attrs>=22.2.0 in /Users/runner/micromamba/envs/tardis/lib/python3.12/site-packages (from jsonschema>=4.18.0->jupyterlab-server<3,>=2.27.1->notebook>=4.4.1->widgetsnbextension~=3.6.5->ipywidgets>=7.0.0->qgridnext) (23.2.0)
2025-02-21T12:39:31.2512100Z Requirement already satisfied: jsonschema-specifications>=2023.03.6 in /Users/runner/micromamba/envs/tardis/lib/python3.12/site-packages (from jsonschema>=4.18.0->jupyterlab-server<3,>=2.27.1->notebook>=4.4.1->widgetsnbextension~=3.6.5->ipywidgets>=7.0.0->qgridnext) (2023.12.1)
2025-02-21T12:39:31.2517500Z Requirement already satisfied: referencing>=0.28.4 in /Users/runner/micromamba/envs/tardis/lib/python3.12/site-packages (from jsonschema>=4.18.0->jupyterlab-server<3,>=2.27.1->notebook>=4.4.1->widgetsnbextension~=3.6.5->ipywidgets>=7.0.0->qgridnext) (0.35.1)
2025-02-21T12:39:31.2525650Z Requirement already satisfied: rpds-py>=0.7.1 in /Users/runner/micromamba/envs/tardis/lib/python3.12/site-packages (from jsonschema>=4.18.0->jupyterlab-server<3,>=2.27.1->notebook>=4.4.1->widgetsnbextension~=3.6.5->ipywidgets>=7.0.0->qgridnext) (0.18.1)
2025-02-21T12:39:31.2773000Z Requirement already satisfied: platformdirs>=2.5 in /Users/runner/micromamba/envs/tardis/lib/python3.12/site-packages (from jupyter-core!=5.0.*,>=4.12->jupyter-server<3,>=2.4.0->notebook>=4.4.1->widgetsnbextension~=3.6.5->ipywidgets>=7.0.0->qgridnext) (4.2.2)
2025-02-21T12:39:31.2920360Z Requirement already satisfied: python-json-logger>=2.0.4 in /Users/runner/micromamba/envs/tardis/lib/python3.12/site-packages (from jupyter-events>=0.9.0->jupyter-server<3,>=2.4.0->notebook>=4.4.1->widgetsnbextension~=3.6.5->ipywidgets>=7.0.0->qgridnext) (2.0.7)
2025-02-21T12:39:31.2922150Z Requirement already satisfied: pyyaml>=5.3 in /Users/runner/micromamba/envs/tardis/lib/python3.12/site-packages (from jupyter-events>=0.9.0->jupyter-server<3,>=2.4.0->notebook>=4.4.1->widgetsnbextension~=3.6.5->ipywidgets>=7.0.0->qgridnext) (6.0.1)
2025-02-21T12:39:31.2927830Z Requirement already satisfied: rfc3339-validator in /Users/runner/micromamba/envs/tardis/lib/python3.12/site-packages (from jupyter-events>=0.9.0->jupyter-server<3,>=2.4.0->notebook>=4.4.1->widgetsnbextension~=3.6.5->ipywidgets>=7.0.0->qgridnext) (0.1.4)
2025-02-21T12:39:31.2934430Z Requirement already satisfied: rfc3986-validator>=0.1.1 in /Users/runner/micromamba/envs/tardis/lib/python3.12/site-packages (from jupyter-events>=0.9.0->jupyter-server<3,>=2.4.0->notebook>=4.4.1->widgetsnbextension~=3.6.5->ipywidgets>=7.0.0->qgridnext) (0.1.1)
2025-02-21T12:39:31.3399780Z Requirement already satisfied: beautifulsoup4 in /Users/runner/micromamba/envs/tardis/lib/python3.12/site-packages (from nbconvert>=6.4.4->jupyter-server<3,>=2.4.0->notebook>=4.4.1->widgetsnbextension~=3.6.5->ipywidgets>=7.0.0->qgridnext) (4.12.3)
2025-02-21T12:39:31.3414310Z Requirement already satisfied: bleach!=5.0.0 in /Users/runner/micromamba/envs/tardis/lib/python3.12/site-packages (from nbconvert>=6.4.4->jupyter-server<3,>=2.4.0->notebook>=4.4.1->widgetsnbextension~=3.6.5->ipywidgets>=7.0.0->qgridnext) (6.1.0)
2025-02-21T12:39:31.3444900Z Requirement already satisfied: defusedxml in /Users/runner/micromamba/envs/tardis/lib/python3.12/site-packages (from nbconvert>=6.4.4->jupyter-server<3,>=2.4.0->notebook>=4.4.1->widgetsnbextension~=3.6.5->ipywidgets>=7.0.0->qgridnext) (0.7.1)
2025-02-21T12:39:31.3447330Z Requirement already satisfied: jupyterlab-pygments in /Users/runner/micromamba/envs/tardis/lib/python3.12/site-packages (from nbconvert>=6.4.4->jupyter-server<3,>=2.4.0->notebook>=4.4.1->widgetsnbextension~=3.6.5->ipywidgets>=7.0.0->qgridnext) (0.3.0)
2025-02-21T12:39:31.3448690Z Requirement already satisfied: mistune<4,>=2.0.3 in /Users/runner/micromamba/envs/tardis/lib/python3.12/site-packages (from nbconvert>=6.4.4->jupyter-server<3,>=2.4.0->notebook>=4.4.1->widgetsnbextension~=3.6.5->ipywidgets>=7.0.0->qgridnext) (3.0.2)
2025-02-21T12:39:31.3453800Z Requirement already satisfied: nbclient>=0.5.0 in /Users/runner/micromamba/envs/tardis/lib/python3.12/site-packages (from nbconvert>=6.4.4->jupyter-server<3,>=2.4.0->notebook>=4.4.1->widgetsnbextension~=3.6.5->ipywidgets>=7.0.0->qgridnext) (0.10.0)
2025-02-21T12:39:31.3466280Z Requirement already satisfied: pandocfilters>=1.4.1 in /Users/runner/micromamba/envs/tardis/lib/python3.12/site-packages (from nbconvert>=6.4.4->jupyter-server<3,>=2.4.0->notebook>=4.4.1->widgetsnbextension~=3.6.5->ipywidgets>=7.0.0->qgridnext) (1.5.0)
2025-02-21T12:39:31.3481290Z Requirement already satisfied: tinycss2 in /Users/runner/micromamba/envs/tardis/lib/python3.12/site-packages (from nbconvert>=6.4.4->jupyter-server<3,>=2.4.0->notebook>=4.4.1->widgetsnbextension~=3.6.5->ipywidgets>=7.0.0->qgridnext) (1.3.0)
2025-02-21T12:39:31.3611820Z Requirement already satisfied: fastjsonschema>=2.15 in /Users/runner/micromamba/envs/tardis/lib/python3.12/site-packages (from nbformat>=5.3.0->jupyter-server<3,>=2.4.0->notebook>=4.4.1->widgetsnbextension~=3.6.5->ipywidgets>=7.0.0->qgridnext) (2.20.0)
2025-02-21T12:39:31.3851150Z Requirement already satisfied: charset-normalizer<4,>=2 in /Users/runner/micromamba/envs/tardis/lib/python3.12/site-packages (from requests>=2.31->jupyterlab-server<3,>=2.27.1->notebook>=4.4.1->widgetsnbextension~=3.6.5->ipywidgets>=7.0.0->qgridnext) (3.3.2)
2025-02-21T12:39:31.3860700Z Requirement already satisfied: urllib3<3,>=1.21.1 in /Users/runner/micromamba/envs/tardis/lib/python3.12/site-packages (from requests>=2.31->jupyterlab-server<3,>=2.27.1->notebook>=4.4.1->widgetsnbextension~=3.6.5->ipywidgets>=7.0.0->qgridnext) (2.2.2)
2025-02-21T12:39:31.4546260Z Requirement already satisfied: webencodings in /Users/runner/micromamba/envs/tardis/lib/python3.12/site-packages (from bleach!=5.0.0->nbconvert>=6.4.4->jupyter-server<3,>=2.4.0->notebook>=4.4.1->widgetsnbextension~=3.6.5->ipywidgets>=7.0.0->qgridnext) (0.5.1)
2025-02-21T12:39:31.5049700Z Requirement already satisfied: fqdn in /Users/runner/micromamba/envs/tardis/lib/python3.12/site-packages (from jsonschema[format-nongpl]>=4.18.0->jupyter-events>=0.9.0->jupyter-server<3,>=2.4.0->notebook>=4.4.1->widgetsnbextension~=3.6.5->ipywidgets>=7.0.0->qgridnext) (1.5.1)
2025-02-21T12:39:31.5153770Z Requirement already satisfied: isoduration in /Users/runner/micromamba/envs/tardis/lib/python3.12/site-packages (from jsonschema[format-nongpl]>=4.18.0->jupyter-events>=0.9.0->jupyter-server<3,>=2.4.0->notebook>=4.4.1->widgetsnbextension~=3.6.5->ipywidgets>=7.0.0->qgridnext) (20.11.0)
2025-02-21T12:39:31.5257010Z Requirement already satisfied: jsonpointer>1.13 in /Users/runner/micromamba/envs/tardis/lib/python3.12/site-packages (from jsonschema[format-nongpl]>=4.18.0->jupyter-events>=0.9.0->jupyter-server<3,>=2.4.0->notebook>=4.4.1->widgetsnbextension~=3.6.5->ipywidgets>=7.0.0->qgridnext) (3.0.0)
2025-02-21T12:39:31.5327250Z Requirement already satisfied: uri-template in /Users/runner/micromamba/envs/tardis/lib/python3.12/site-packages (from jsonschema[format-nongpl]>=4.18.0->jupyter-events>=0.9.0->jupyter-server<3,>=2.4.0->notebook>=4.4.1->widgetsnbextension~=3.6.5->ipywidgets>=7.0.0->qgridnext) (1.3.0)
2025-02-21T12:39:31.5389190Z Requirement already satisfied: webcolors>=1.11 in /Users/runner/micromamba/envs/tardis/lib/python3.12/site-packages (from jsonschema[format-nongpl]>=4.18.0->jupyter-events>=0.9.0->jupyter-server<3,>=2.4.0->notebook>=4.4.1->widgetsnbextension~=3.6.5->ipywidgets>=7.0.0->qgridnext) (24.6.0)
2025-02-21T12:39:31.6475710Z Requirement already satisfied: cffi>=1.0.1 in /Users/runner/micromamba/envs/tardis/lib/python3.12/site-packages (from argon2-cffi-bindings->argon2-cffi>=21.1->jupyter-server<3,>=2.4.0->notebook>=4.4.1->widgetsnbextension~=3.6.5->ipywidgets>=7.0.0->qgridnext) (1.16.0)
2025-02-21T12:39:31.6522930Z Requirement already satisfied: soupsieve>1.2 in /Users/runner/micromamba/envs/tardis/lib/python3.12/site-packages (from beautifulsoup4->nbconvert>=6.4.4->jupyter-server<3,>=2.4.0->notebook>=4.4.1->widgetsnbextension~=3.6.5->ipywidgets>=7.0.0->qgridnext) (2.5)
2025-02-21T12:39:31.6961350Z Requirement already satisfied: pycparser in /Users/runner/micromamba/envs/tardis/lib/python3.12/site-packages (from cffi>=1.0.1->argon2-cffi-bindings->argon2-cffi>=21.1->jupyter-server<3,>=2.4.0->notebook>=4.4.1->widgetsnbextension~=3.6.5->ipywidgets>=7.0.0->qgridnext) (2.22)
2025-02-21T12:39:31.7341150Z Requirement already satisfied: arrow>=0.15.0 in /Users/runner/micromamba/envs/tardis/lib/python3.12/site-packages (from isoduration->jsonschema[format-nongpl]>=4.18.0->jupyter-events>=0.9.0->jupyter-server<3,>=2.4.0->notebook>=4.4.1->widgetsnbextension~=3.6.5->ipywidgets>=7.0.0->qgridnext) (1.3.0)
2025-02-21T12:39:31.7732710Z Requirement already satisfied: types-python-dateutil>=2.8.10 in /Users/runner/micromamba/envs/tardis/lib/python3.12/site-packages (from arrow>=0.15.0->isoduration->jsonschema[format-nongpl]>=4.18.0->jupyter-events>=0.9.0->jupyter-server<3,>=2.4.0->notebook>=4.4.1->widgetsnbextension~=3.6.5->ipywidgets>=7.0.0->qgridnext) (2.9.0.20240316)
2025-02-21T12:39:31.8081960Z Downloading qgridnext-2.0.4-py3-none-any.whl (1.3 MB)
2025-02-21T12:39:31.8574040Z    â”â”â”â”â”â”â”â”â”â”â”â”â”â”â”â”â”â”â”â”â”â”â”â”â”â”â”â”â”â”â”â”â”â”â”â”â”â”â”â” 1.3/1.3 MB 27.6 MB/s eta 0:00:00
2025-02-21T12:39:32.5034490Z Installing collected packages: qgridnext
2025-02-21T12:39:32.5684890Z Successfully installed qgridnext-2.0.4
2025-02-21T12:39:32.8530730Z ##[group]Run pytest tardis --tardis-regression-data=/Users/runner/work/tardis/tardis/tardis-regression-data --cov=tardis --cov-report=xml --cov-report=html --cov-append -m "not continuum"
2025-02-21T12:39:32.8531810Z [36;1mpytest tardis --tardis-regression-data=/Users/runner/work/tardis/tardis/tardis-regression-data --cov=tardis --cov-report=xml --cov-report=html --cov-append -m "not continuum"[0m
2025-02-21T12:39:32.8602180Z shell: /bin/bash -l {0}
2025-02-21T12:39:32.8602380Z env:
2025-02-21T12:39:32.8602540Z   CACHE_NUMBER: 0
2025-02-21T12:39:32.8603080Z   PYTEST_FLAGS: --tardis-regression-data=/Users/runner/work/tardis/tardis/tardis-regression-data --cov=tardis --cov-report=xml --cov-report=html --cov-append
2025-02-21T12:39:32.8603610Z   CODECOV_TOKEN: 
2025-02-21T12:39:32.8603800Z   MAMBA_ROOT_PREFIX: /Users/runner/micromamba
2025-02-21T12:39:32.8604070Z   MAMBA_EXE: /Users/runner/micromamba-bin/micromamba
2025-02-21T12:39:32.8604440Z   CONDARC: /Users/runner/work/_temp/setup-micromamba/.condarc
2025-02-21T12:39:32.8604710Z ##[endgroup]
2025-02-21T12:39:48.3064180Z ============================= test session starts ==============================
2025-02-21T12:39:48.3064970Z platform darwin -- Python 3.12.4, pytest-8.2.2, pluggy-1.5.0
2025-02-21T12:39:48.3065410Z rootdir: /Users/runner/work/tardis/tardis
2025-02-21T12:39:48.3065810Z configfile: pyproject.toml
2025-02-21T12:39:48.3066160Z plugins: cov-5.0.0, html-4.1.1, metadata-3.1.1, doctestplus-1.2.1, anyio-4.4.0
2025-02-21T12:39:48.3066590Z collected 1796 items / 2 deselected / 1794 selected
2025-02-21T12:39:48.3066820Z 
2025-02-21T12:39:51.9960550Z tardis/energy_input/tests/test_energy_source.py ..xxx                    [  0%]
2025-02-21T12:39:54.0001590Z tardis/energy_input/tests/test_gamma_ray_channel.py ...........          [  0%]
2025-02-21T12:39:55.3381230Z tardis/energy_input/tests/test_gamma_ray_grid.py xx.                     [  1%]
2025-02-21T12:39:56.7394080Z tardis/energy_input/tests/test_gamma_ray_interactions.py xx....          [  1%]
2025-02-21T12:39:56.7454190Z tardis/energy_input/tests/test_gamma_ray_packet_source.py sssssssss      [  1%]
2025-02-21T12:39:57.9382790Z tardis/energy_input/tests/test_util.py .....xxxx.....                    [  2%]
2025-02-21T12:39:58.2284450Z tardis/grid/tests/test_grid.py .                                         [  2%]
2025-02-21T12:39:58.2321280Z tardis/gui/tests/test_gui.py s                                           [  2%]
2025-02-21T12:40:01.4787070Z tardis/io/configuration/tests/test_config_reader.py ...........          [  3%]
2025-02-21T12:40:01.4888730Z tardis/io/configuration/tests/test_configuration_namespace.py .........  [  3%]
2025-02-21T12:40:01.5089370Z tardis/io/logger/tests/test_logging.py ssssssssssssssssssssssssssss      [  5%]
2025-02-21T12:40:33.9208340Z tardis/io/model/readers/tests/test_arepo_parser.py ..                    [  5%]
2025-02-21T12:40:33.9649300Z tardis/io/model/readers/tests/test_ascii_readers.py ...                  [  5%]
2025-02-21T12:40:33.9775080Z tardis/io/model/readers/tests/test_cmfgen_reader.py ..                   [  5%]
2025-02-21T12:40:34.0017560Z tardis/io/model/readers/tests/test_csvy_reader.py ....                   [  6%]
2025-02-21T12:40:34.0181420Z tardis/io/model/readers/tests/test_stella_reader.py ..                   [  6%]
2025-02-21T12:40:34.2740470Z tardis/io/tests/test_HDFWriter.py ...............                        [  7%]
2025-02-21T12:40:34.7092090Z tardis/io/tests/test_atomic.py .....                                     [  7%]
2025-02-21T12:40:34.7293950Z tardis/io/tests/test_decay.py ..                                         [  7%]
2025-02-21T12:40:34.9087380Z tardis/io/tests/test_model_reader.py ......                              [  7%]
2025-02-21T12:40:34.9150870Z tardis/model/geometry/tests/test_radial1d.py ..                          [  7%]
2025-02-21T12:41:02.1781820Z tardis/model/tests/test_base.py ........................................ [ 10%]
2025-02-21T12:41:02.9791490Z ............                                                             [ 10%]
2025-02-21T12:41:05.7409490Z tardis/model/tests/test_csvy_model.py .........                          [ 11%]
2025-02-21T12:41:05.7813210Z tardis/model/tests/test_density.py ..                                    [ 11%]
2025-02-21T12:41:07.0562970Z tardis/opacities/tests/test_opacity_solver.py .....                      [ 11%]
2025-02-21T12:41:08.1026390Z tardis/opacities/tests/test_opacity_state_numba.py .....                 [ 11%]
2025-02-21T12:41:10.0647190Z tardis/opacities/tests/test_tau_sobolev.py ..                            [ 12%]
2025-02-21T12:41:12.5734270Z tardis/plasma/equilibrium/tests/test_collisional_transitions.py ...      [ 12%]
2025-02-21T12:41:52.0891440Z tardis/plasma/equilibrium/tests/test_level_populations.py ....           [ 12%]
2025-02-21T12:42:00.8482600Z tardis/plasma/equilibrium/tests/test_rate_matrix.py .                    [ 12%]
2025-02-21T12:42:01.8788450Z tardis/plasma/tests/test_complete_plasmas.py ..............s......s..... [ 13%]
2025-02-21T12:42:03.9828460Z s....ssssss............s......s.....ss.....s....ssssss............s..... [ 18%]
2025-02-21T12:42:05.2920440Z .s.....ss.....s....ssssss............s......s.....ss.....s....ssssss.... [ 22%]
2025-02-21T12:42:07.5386610Z ........s......s.....ss.....s....ssssss............s......s.....ss.....s [ 26%]
2025-02-21T12:42:09.5926150Z ....ssssss............s......s.....ss.....s....ssssss............s...... [ 30%]
2025-02-21T12:42:10.1180280Z s.....ss.....s....ssssss............s......s.....ss.....s.ss.ssssss..... [ 34%]
2025-02-21T12:42:12.0833670Z .......s......s.....ss.....s....ssssss............s......s.....ss.....s. [ 38%]
2025-02-21T12:42:14.4777780Z ...ssssss............s......s.....ss.....s....ssssss............s......s [ 42%]
2025-02-21T12:42:16.8120280Z .....ss.....s....ssssss............s......s.....s...........ssssss...... [ 46%]
2025-02-21T12:42:18.3065120Z ......s......s.....s...........ssssss............s......s.....s......... [ 50%]
2025-02-21T12:42:20.4451460Z ..ssssss............s......s.....ss.....s....ssssss............s......s. [ 54%]
2025-02-21T12:42:22.9912100Z ....ss.....s....ssssss...................s......s.....s....ssss......... [ 58%]
2025-02-21T12:42:23.2891410Z ............s......s.....s....ssss.......                                [ 60%]
2025-02-21T12:42:23.4817960Z tardis/plasma/tests/test_hdf_plasma.py ................................. [ 62%]
2025-02-21T12:42:23.4892250Z ......                                                                   [ 62%]
2025-02-21T12:42:23.7719940Z tardis/plasma/tests/test_nlte_excitation.py ...                          [ 62%]
2025-02-21T12:44:06.7976030Z tardis/plasma/tests/test_nlte_solver.py .....X                           [ 63%]
2025-02-21T12:44:06.8018720Z tardis/plasma/tests/test_plasma_continuum.py .                           [ 63%]
2025-02-21T12:44:28.8764690Z tardis/plasma/tests/test_plasma_vboundary.py .............               [ 63%]
2025-02-21T12:44:39.7111250Z tardis/plasma/tests/test_tardis_model_density_config.py ...              [ 64%]
2025-02-21T12:44:40.2706320Z tardis/simulation/tests/test_convergence.py .....                        [ 64%]
2025-02-21T12:44:47.4171330Z tardis/simulation/tests/test_simulation.py .............                 [ 65%]
2025-02-21T12:44:47.4314620Z tardis/spectrum/tests/test_cuda_formal_integral.py sssssssssssssssssssss [ 66%]
2025-02-21T12:44:47.7322020Z ssss...ssssssssssssssssssssss                                            [ 67%]
2025-02-21T12:44:47.7368150Z tardis/spectrum/tests/test_luminosity.py ....                            [ 68%]
2025-02-21T12:44:48.6118600Z tardis/spectrum/tests/test_numba_formal_integral.py .................... [ 69%]
2025-02-21T12:44:48.6255750Z ..........                                                               [ 69%]
2025-02-21T12:44:48.7570740Z tardis/spectrum/tests/test_spectrum.py ................................. [ 71%]
2025-02-21T12:44:48.7856900Z .........                                                                [ 72%]
2025-02-21T12:44:48.8780980Z tardis/spectrum/tests/test_spectrum_solver.py .FFF                       [ 72%]
2025-02-21T12:45:24.1318050Z tardis/tests/test_tardis_full.py .FFF                                    [ 72%]
2025-02-21T12:47:05.8523910Z tardis/tests/test_tardis_full_formal_integral.py ................        [ 73%]
2025-02-21T12:47:05.9055060Z tardis/tests/test_util.py .............................................  [ 75%]
2025-02-21T12:47:08.1686000Z tardis/transport/montecarlo/tests/test_base.py x.....................    [ 77%]
2025-02-21T12:47:12.9330360Z tardis/transport/montecarlo/tests/test_interaction.py .......            [ 77%]
2025-02-21T12:47:13.0712990Z tardis/transport/montecarlo/tests/test_macro_atom.py ....                [ 77%]
2025-02-21T12:47:13.0821220Z tardis/transport/montecarlo/tests/test_montecarlo.py sssssssssssssssssss [ 78%]
2025-02-21T12:47:13.1047090Z sssssssssssssssssssssssssssssssssssssssssssss                            [ 81%]
2025-02-21T12:47:20.7776230Z tardis/transport/montecarlo/tests/test_montecarlo_main_loop.py x..       [ 81%]
2025-02-21T12:47:20.7915260Z tardis/transport/montecarlo/tests/test_nonhomologous.py ...              [ 81%]
2025-02-21T12:47:22.6930350Z tardis/transport/montecarlo/tests/test_numba_interface.py .....x.        [ 82%]
2025-02-21T12:47:23.0163060Z tardis/transport/montecarlo/tests/test_opacities.py ...............      [ 82%]
2025-02-21T12:47:23.7162820Z tardis/transport/montecarlo/tests/test_packet.py .................xXXXXX [ 84%]
2025-02-21T12:47:23.8007150Z XX.........                                                              [ 84%]
2025-02-21T12:47:23.8241480Z tardis/transport/montecarlo/tests/test_packet_source.py ........         [ 85%]
2025-02-21T12:47:24.0100980Z tardis/transport/montecarlo/tests/test_rpacket_last_interaction_tracker.py . [ 85%]
2025-02-21T12:47:24.2745600Z .....                                                                    [ 85%]
2025-02-21T12:47:33.0799640Z tardis/transport/montecarlo/tests/test_rpacket_tracker.py ......         [ 85%]
2025-02-21T12:47:33.1007190Z tardis/transport/montecarlo/tests/test_single_packet_loop.py xxx         [ 86%]
2025-02-21T12:47:33.1033810Z tardis/transport/montecarlo/tests/test_tracker_utils.py ..               [ 86%]
2025-02-21T12:47:34.2250950Z tardis/transport/montecarlo/tests/test_vpacket.py ..x.                   [ 86%]
2025-02-21T12:47:34.2390690Z tardis/transport/montecarlo/tests/test_weighted_packet_source.py ....    [ 86%]
2025-02-21T12:47:36.8123250Z tardis/transport/montecarlo/tests/test_weighted_packet_source_integration.py . [ 86%]
2025-02-21T12:47:36.8123890Z                                                                          [ 86%]
2025-02-21T12:47:37.5447680Z tardis/transport/tests/test_doppler_factor.py ..................         [ 87%]
2025-02-21T12:47:38.9326350Z tardis/visualization/tools/tests/test_convergence_plot.py .............. [ 88%]
2025-02-21T12:47:40.3574360Z ......                                                                   [ 88%]
2025-02-21T12:47:43.4945790Z tardis/visualization/tools/tests/test_liv_plot.py ...................... [ 90%]
2025-02-21T12:47:46.4300620Z .............................                                            [ 91%]
2025-02-21T12:47:49.1830520Z tardis/visualization/tools/tests/test_rpacket_plot.py .................. [ 92%]
2025-02-21T12:47:55.8675280Z ....                                                                     [ 92%]
2025-02-21T12:48:00.1020930Z tardis/visualization/tools/tests/test_sdec_plot.py ..................... [ 94%]
2025-02-21T12:48:05.8373610Z ..............................                                           [ 95%]
2025-02-21T12:48:06.1803350Z tardis/visualization/widgets/tests/test_custom_abundance.py ........ss.. [ 96%]
2025-02-21T12:48:06.2201490Z ....                                                                     [ 96%]
2025-02-21T12:48:07.0055100Z tardis/visualization/widgets/tests/test_line_info.py ................... [ 97%]
2025-02-21T12:48:07.5765630Z ..................                                                       [ 98%]
2025-02-21T12:51:11.1813170Z tardis/visualization/widgets/tests/test_shell_info.py .................. [ 99%]
2025-02-21T12:51:18.0248230Z ......                                                                   [100%]
2025-02-21T12:51:18.0248650Z 
2025-02-21T12:51:18.0249020Z =================================== FAILURES ===================================
2025-02-21T12:51:18.0249550Z ________________ TestSpectrumSolver.test_spectrum_real_packets _________________
2025-02-21T12:51:18.0250800Z 
2025-02-21T12:51:18.0251290Z self = <tardis.spectrum.tests.test_spectrum_solver.TestSpectrumSolver object at 0x136098ef0>
2025-02-21T12:51:18.0252060Z simulation_regression_data = <tardis.simulation.base.Simulation object at 0x137806600>
2025-02-21T12:51:18.0252480Z 
2025-02-21T12:51:18.0252790Z     def test_spectrum_real_packets(self, simulation_regression_data):
2025-02-21T12:51:18.0253800Z         transport_state = simulation_regression_data.transport.transport_state
2025-02-21T12:51:18.0254510Z         spectrum_frequency_grid = simulation_regression_data.transport.spectrum_frequency_grid
2025-02-21T12:51:18.0255290Z     
2025-02-21T12:51:18.0255670Z         solver = SpectrumSolver(transport_state, spectrum_frequency_grid, None)
2025-02-21T12:51:18.0256170Z         result = solver.spectrum_real_packets.luminosity
2025-02-21T12:51:18.0256780Z         key = "simulation/spectrum_solver/spectrum_real_packets/luminosity"
2025-02-21T12:51:18.0257260Z         expected = self.get_expected_data(key)
2025-02-21T12:51:18.0257670Z     
2025-02-21T12:51:18.0257990Z         luminosity = u.Quantity(expected, "erg /s")
2025-02-21T12:51:18.0258410Z     
2025-02-21T12:51:18.0258750Z >       assert_quantity_allclose(
2025-02-21T12:51:18.0259150Z             result,
2025-02-21T12:51:18.0259430Z             luminosity,
2025-02-21T12:51:18.0260110Z         )
2025-02-21T12:51:18.0260330Z 
2025-02-21T12:51:18.0260510Z tardis/spectrum/tests/test_spectrum_solver.py:61: 
2025-02-21T12:51:18.0261010Z _ _ _ _ _ _ _ _ _ _ _ _ _ _ _ _ _ _ _ _ _ _ _ _ _ _ _ _ _ _ _ _ _ _ _ _ _ _ _ _ 
2025-02-21T12:51:18.0273730Z ../../../micromamba/envs/tardis/lib/python3.12/site-packages/astropy/tests/helper.py:203: in assert_quantity_allclose
2025-02-21T12:51:18.0274280Z     np.testing.assert_allclose(
2025-02-21T12:51:18.0274550Z _ _ _ _ _ _ _ _ _ _ _ _ _ _ _ _ _ _ _ _ _ _ _ _ _ _ _ _ _ _ _ _ _ _ _ _ _ _ _ _ 
2025-02-21T12:51:18.0274770Z 
2025-02-21T12:51:18.0275230Z args = (<function assert_allclose.<locals>.compare at 0x15b25c540>, array([0.00000000e+00, 0.00000000e+00, 2.76120259e+39, .....), array([1.33511090e+39, 1.33738696e+39, 9.41598476e+38, ...,
2025-02-21T12:51:18.0275840Z        0.00000000e+00, 0.00000000e+00, 0.00000000e+00]))
2025-02-21T12:51:18.0276330Z kwds = {'equal_nan': True, 'err_msg': '', 'header': 'Not equal to tolerance rtol=1e-07, atol=0', 'verbose': True}
2025-02-21T12:51:18.0276650Z 
2025-02-21T12:51:18.0276700Z     @wraps(func)
2025-02-21T12:51:18.0276990Z     def inner(*args, **kwds):
2025-02-21T12:51:18.0277260Z         with self._recreate_cm():
2025-02-21T12:51:18.0277590Z >           return func(*args, **kwds)
2025-02-21T12:51:18.0277840Z E           AssertionError: 
2025-02-21T12:51:18.0278160Z E           Not equal to tolerance rtol=1e-07, atol=0
2025-02-21T12:51:18.0278420Z E           
2025-02-21T12:51:18.0278690Z E           Mismatched elements: 4355 / 10000 (43.5%)
2025-02-21T12:51:18.0279030Z E           Max absolute difference: 1.94155993e+40
2025-02-21T12:51:18.0279300Z E           Max relative difference: 137.15340685
2025-02-21T12:51:18.0279710Z E            x: array([0.000000e+00, 0.000000e+00, 2.761203e+39, ..., 0.000000e+00,
2025-02-21T12:51:18.0280090Z E                  0.000000e+00, 0.000000e+00])
2025-02-21T12:51:18.0280570Z E            y: array([1.335111e+39, 1.337387e+39, 9.415985e+38, ..., 0.000000e+00,
2025-02-21T12:51:18.0280950Z E                  0.000000e+00, 0.000000e+00])
2025-02-21T12:51:18.0281170Z 
2025-02-21T12:51:18.0290420Z ../../../micromamba/envs/tardis/lib/python3.12/contextlib.py:81: AssertionError
2025-02-21T12:51:18.0291100Z ___________ TestSpectrumSolver.test_spectrum_real_packets_reabsorbed ___________
2025-02-21T12:51:18.0291420Z 
2025-02-21T12:51:18.0291690Z self = <tardis.spectrum.tests.test_spectrum_solver.TestSpectrumSolver object at 0x1360991c0>
2025-02-21T12:51:18.0292230Z simulation_regression_data = <tardis.simulation.base.Simulation object at 0x137806600>
2025-02-21T12:51:18.0292620Z 
2025-02-21T12:51:18.0292840Z     def test_spectrum_real_packets_reabsorbed(self, simulation_regression_data):
2025-02-21T12:51:18.0293320Z         transport_state = simulation_regression_data.transport.transport_state
2025-02-21T12:51:18.0293780Z         spectrum_frequency_grid = simulation_regression_data.transport.spectrum_frequency_grid
2025-02-21T12:51:18.0294200Z     
2025-02-21T12:51:18.0294490Z         solver = SpectrumSolver(transport_state, spectrum_frequency_grid, None)
2025-02-21T12:51:18.0295000Z         result = solver.spectrum_real_packets_reabsorbed.luminosity
2025-02-21T12:51:18.0295480Z         key = "simulation/spectrum_solver/spectrum_real_packets_reabsorbed/luminosity"
2025-02-21T12:51:18.0295950Z         expected = self.get_expected_data(key)
2025-02-21T12:51:18.0296190Z     
2025-02-21T12:51:18.0296440Z         luminosity = u.Quantity(expected, "erg /s")
2025-02-21T12:51:18.0296700Z     
2025-02-21T12:51:18.0296930Z >       assert_quantity_allclose(
2025-02-21T12:51:18.0297260Z             result,
2025-02-21T12:51:18.0297580Z             luminosity,
2025-02-21T12:51:18.0297820Z         )
2025-02-21T12:51:18.0297970Z 
2025-02-21T12:51:18.0298190Z tardis/spectrum/tests/test_spectrum_solver.py:77: 
2025-02-21T12:51:18.0298540Z _ _ _ _ _ _ _ _ _ _ _ _ _ _ _ _ _ _ _ _ _ _ _ _ _ _ _ _ _ _ _ _ _ _ _ _ _ _ _ _ 
2025-02-21T12:51:18.0299170Z ../../../micromamba/envs/tardis/lib/python3.12/site-packages/astropy/tests/helper.py:203: in assert_quantity_allclose
2025-02-21T12:51:18.0299770Z     np.testing.assert_allclose(
2025-02-21T12:51:18.0300050Z _ _ _ _ _ _ _ _ _ _ _ _ _ _ _ _ _ _ _ _ _ _ _ _ _ _ _ _ _ _ _ _ _ _ _ _ _ _ _ _ 
2025-02-21T12:51:18.0300300Z 
2025-02-21T12:51:18.0300950Z args = (<function assert_allclose.<locals>.compare at 0x15b1c4b80>, array([0., 0., 0., ..., 0., 0., 0.]), array([2.03920412e+38, 3.72882494e+38, 2.29646943e+38, ...,
2025-02-21T12:51:18.0301490Z        0.00000000e+00, 0.00000000e+00, 0.00000000e+00]))
2025-02-21T12:51:18.0302010Z kwds = {'equal_nan': True, 'err_msg': '', 'header': 'Not equal to tolerance rtol=1e-07, atol=0', 'verbose': True}
2025-02-21T12:51:18.0302350Z 
2025-02-21T12:51:18.0302410Z     @wraps(func)
2025-02-21T12:51:18.0302660Z     def inner(*args, **kwds):
2025-02-21T12:51:18.0302930Z         with self._recreate_cm():
2025-02-21T12:51:18.0304330Z >           return func(*args, **kwds)
2025-02-21T12:51:18.0304760Z E           AssertionError: 
2025-02-21T12:51:18.0305370Z E           Not equal to tolerance rtol=1e-07, atol=0
2025-02-21T12:51:18.0305780Z E           
2025-02-21T12:51:18.0308750Z E           Mismatched elements: 4491 / 10000 (44.9%)
2025-02-21T12:51:18.0309420Z E           Max absolute difference: 1.0639846e+40
2025-02-21T12:51:18.0311260Z E           Max relative difference: 122.79315318
2025-02-21T12:51:18.0312210Z E            x: array([0., 0., 0., ..., 0., 0., 0.])
2025-02-21T12:51:18.0313900Z E            y: array([2.039204e+38, 3.728825e+38, 2.296469e+38, ..., 0.000000e+00,
2025-02-21T12:51:18.0315190Z E                  0.000000e+00, 0.000000e+00])
2025-02-21T12:51:18.0315380Z 
2025-02-21T12:51:18.0317330Z ../../../micromamba/envs/tardis/lib/python3.12/contextlib.py:81: AssertionError
2025-02-21T12:51:18.0319260Z ________________________ TestSpectrumSolver.test_solve _________________________
2025-02-21T12:51:18.0319510Z 
2025-02-21T12:51:18.0319840Z self = <tardis.spectrum.tests.test_spectrum_solver.TestSpectrumSolver object at 0x136099a60>
2025-02-21T12:51:18.0321590Z simulation_regression_data = <tardis.simulation.base.Simulation object at 0x137806600>
2025-02-21T12:51:18.0323830Z 
2025-02-21T12:51:18.0326450Z     def test_solve(self, simulation_regression_data):
2025-02-21T12:51:18.0327330Z         transport_state = simulation_regression_data.transport.transport_state
2025-02-21T12:51:18.0328120Z         spectrum_frequency_grid = simulation_regression_data.transport.spectrum_frequency_grid
2025-02-21T12:51:18.0330960Z     
2025-02-21T12:51:18.0332990Z         solver = SpectrumSolver(transport_state, spectrum_frequency_grid, None)
2025-02-21T12:51:18.0335820Z         result_real, result_virtual, result_integrated = solver.solve(
2025-02-21T12:51:18.0336520Z             transport_state
2025-02-21T12:51:18.0338070Z         )
2025-02-21T12:51:18.0340350Z         key_real = "simulation/spectrum_solver/spectrum_real_packets/luminosity"
2025-02-21T12:51:18.0341910Z         expected_real = self.get_expected_data(key_real)
2025-02-21T12:51:18.0343410Z     
2025-02-21T12:51:18.0344350Z         luminosity_real = u.Quantity(expected_real, "erg /s")
2025-02-21T12:51:18.0345080Z     
2025-02-21T12:51:18.0345350Z >       assert_quantity_allclose(
2025-02-21T12:51:18.0345710Z             result_real.luminosity,
2025-02-21T12:51:18.0345970Z             luminosity_real,
2025-02-21T12:51:18.0346370Z         )
2025-02-21T12:51:18.0347240Z 
2025-02-21T12:51:18.0347340Z tardis/spectrum/tests/test_spectrum_solver.py:95: 
2025-02-21T12:51:18.0355150Z _ _ _ _ _ _ _ _ _ _ _ _ _ _ _ _ _ _ _ _ _ _ _ _ _ _ _ _ _ _ _ _ _ _ _ _ _ _ _ _ 
2025-02-21T12:51:18.0356960Z ../../../micromamba/envs/tardis/lib/python3.12/site-packages/astropy/tests/helper.py:203: in assert_quantity_allclose
2025-02-21T12:51:18.0357410Z     np.testing.assert_allclose(
2025-02-21T12:51:18.0358760Z _ _ _ _ _ _ _ _ _ _ _ _ _ _ _ _ _ _ _ _ _ _ _ _ _ _ _ _ _ _ _ _ _ _ _ _ _ _ _ _ 
2025-02-21T12:51:18.0359020Z 
2025-02-21T12:51:18.0360930Z args = (<function assert_allclose.<locals>.compare at 0x15b1c62a0>, array([0.00000000e+00, 0.00000000e+00, 2.76120259e+39, .....), array([1.33511090e+39, 1.33738696e+39, 9.41598476e+38, ...,
2025-02-21T12:51:18.0363500Z        0.00000000e+00, 0.00000000e+00, 0.00000000e+00]))
2025-02-21T12:51:18.0363960Z kwds = {'equal_nan': True, 'err_msg': '', 'header': 'Not equal to tolerance rtol=1e-07, atol=0', 'verbose': True}
2025-02-21T12:51:18.0369450Z 
2025-02-21T12:51:18.0370470Z     @wraps(func)
2025-02-21T12:51:18.0372350Z     def inner(*args, **kwds):
2025-02-21T12:51:18.0373950Z         with self._recreate_cm():
2025-02-21T12:51:18.0375630Z >           return func(*args, **kwds)
2025-02-21T12:51:18.0375880Z E           AssertionError: 
2025-02-21T12:51:18.0376160Z E           Not equal to tolerance rtol=1e-07, atol=0
2025-02-21T12:51:18.0376420Z E           
2025-02-21T12:51:18.0376650Z E           Mismatched elements: 4355 / 10000 (43.5%)
2025-02-21T12:51:18.0376910Z E           Max absolute difference: 1.94155993e+40
2025-02-21T12:51:18.0377340Z E           Max relative difference: 137.15340685
2025-02-21T12:51:18.0377650Z E            x: array([0.000000e+00, 0.000000e+00, 2.761203e+39, ..., 0.000000e+00,
2025-02-21T12:51:18.0379250Z E                  0.000000e+00, 0.000000e+00])
2025-02-21T12:51:18.0380840Z E            y: array([1.335111e+39, 1.337387e+39, 9.415985e+38, ..., 0.000000e+00,
2025-02-21T12:51:18.0381150Z E                  0.000000e+00, 0.000000e+00])
2025-02-21T12:51:18.0383310Z 
2025-02-21T12:51:18.0385700Z ../../../micromamba/envs/tardis/lib/python3.12/contextlib.py:81: AssertionError
2025-02-21T12:51:18.0386130Z __________________ TestTransportSimple.test_j_blue_estimators __________________
2025-02-21T12:51:18.0386400Z 
2025-02-21T12:51:18.0386610Z self = <tardis.tests.test_tardis_full.TestTransportSimple object at 0x13609a1b0>
2025-02-21T12:51:18.0387070Z simulation_regression_data = <tardis.simulation.base.Simulation object at 0x137806600>
2025-02-21T12:51:18.0387390Z 
2025-02-21T12:51:18.0387550Z     def test_j_blue_estimators(self, simulation_regression_data):
2025-02-21T12:51:18.0387900Z         key = "simulation/transport/transport_state/j_blue_estimator"
2025-02-21T12:51:18.0388640Z         expected = self.get_expected_data(key)
2025-02-21T12:51:18.0388950Z     
2025-02-21T12:51:18.0391010Z >       npt.assert_allclose(
2025-02-21T12:51:18.0391940Z             simulation_regression_data.transport.transport_state.radfield_mc_estimators.j_blue_estimator,
2025-02-21T12:51:18.0394180Z             expected.values,
2025-02-21T12:51:18.0396090Z         )
2025-02-21T12:51:18.0396230Z 
2025-02-21T12:51:18.0396370Z tardis/tests/test_tardis_full.py:60: 
2025-02-21T12:51:18.0396650Z _ _ _ _ _ _ _ _ _ _ _ _ _ _ _ _ _ _ _ _ _ _ _ _ _ _ _ _ _ _ _ _ _ _ _ _ _ _ _ _ 
2025-02-21T12:51:18.0398620Z 
2025-02-21T12:51:18.0398980Z args = (<function assert_allclose.<locals>.compare at 0x15b25e980>, array([[0., 0., 0., ..., 0., 0., 0.],
2025-02-21T12:51:18.0399420Z        [0., 0., 0.,.....,
2025-02-21T12:51:18.0399970Z        [0., 0., 0., ..., 0., 0., 0.],
2025-02-21T12:51:18.0400440Z        [0., 0., 0., ..., 0., 0., 0.],
2025-02-21T12:51:18.0401700Z        [0., 0., 0., ..., 0., 0., 0.]]))
2025-02-21T12:51:18.0402350Z kwds = {'equal_nan': True, 'err_msg': '', 'header': 'Not equal to tolerance rtol=1e-07, atol=0', 'verbose': True}
2025-02-21T12:51:18.0403130Z 
2025-02-21T12:51:18.0404260Z     @wraps(func)
2025-02-21T12:51:18.0409590Z     def inner(*args, **kwds):
2025-02-21T12:51:18.0409890Z         with self._recreate_cm():
2025-02-21T12:51:18.0410670Z >           return func(*args, **kwds)
2025-02-21T12:51:18.0410960Z E           AssertionError: 
2025-02-21T12:51:18.0412640Z E           Not equal to tolerance rtol=1e-07, atol=0
2025-02-21T12:51:18.0415190Z E           
2025-02-21T12:51:18.0416320Z E           Mismatched elements: 488044 / 584480 (83.5%)
2025-02-21T12:51:18.0417210Z E           Max absolute difference: 1.43452643e-17
2025-02-21T12:51:18.0419430Z E           Max relative difference: 235.31367318
2025-02-21T12:51:18.0420420Z E            x: array([[0., 0., 0., ..., 0., 0., 0.],
2025-02-21T12:51:18.0421400Z E                  [0., 0., 0., ..., 0., 0., 0.],
2025-02-21T12:51:18.0421860Z E                  [0., 0., 0., ..., 0., 0., 0.],...
2025-02-21T12:51:18.0423420Z E            y: array([[0., 0., 0., ..., 0., 0., 0.],
2025-02-21T12:51:18.0424500Z E                  [0., 0., 0., ..., 0., 0., 0.],
2025-02-21T12:51:18.0426640Z E                  [0., 0., 0., ..., 0., 0., 0.],...
2025-02-21T12:51:18.0426850Z 
2025-02-21T12:51:18.0427030Z ../../../micromamba/envs/tardis/lib/python3.12/contextlib.py:81: AssertionError
2025-02-21T12:51:18.0428250Z ______________________ TestTransportSimple.test_spectrum _______________________
2025-02-21T12:51:18.0428680Z 
2025-02-21T12:51:18.0437510Z self = <tardis.tests.test_tardis_full.TestTransportSimple object at 0x13609a630>
2025-02-21T12:51:18.0439170Z simulation_regression_data = <tardis.simulation.base.Simulation object at 0x137806600>
2025-02-21T12:51:18.0439680Z 
2025-02-21T12:51:18.0440620Z     def test_spectrum(self, simulation_regression_data):
2025-02-21T12:51:18.0441060Z         key = "simulation/spectrum_solver/spectrum_real_packets/luminosity"
2025-02-21T12:51:18.0444150Z         expected = self.get_expected_data(key)
2025-02-21T12:51:18.0444450Z     
2025-02-21T12:51:18.0444840Z         luminosity = u.Quantity(expected, "erg /s")
2025-02-21T12:51:18.0446780Z     
2025-02-21T12:51:18.0448380Z >       assert_quantity_allclose(
2025-02-21T12:51:18.0449100Z             simulation_regression_data.spectrum_solver.spectrum_real_packets.luminosity,
2025-02-21T12:51:18.0450220Z             luminosity,
2025-02-21T12:51:18.0450610Z         )
2025-02-21T12:51:18.0450770Z 
2025-02-21T12:51:18.0451240Z tardis/tests/test_tardis_full.py:71: 
2025-02-21T12:51:18.0451680Z _ _ _ _ _ _ _ _ _ _ _ _ _ _ _ _ _ _ _ _ _ _ _ _ _ _ _ _ _ _ _ _ _ _ _ _ _ _ _ _ 
2025-02-21T12:51:18.0452950Z ../../../micromamba/envs/tardis/lib/python3.12/site-packages/astropy/tests/helper.py:203: in assert_quantity_allclose
2025-02-21T12:51:18.0453950Z     np.testing.assert_allclose(
2025-02-21T12:51:18.0454620Z _ _ _ _ _ _ _ _ _ _ _ _ _ _ _ _ _ _ _ _ _ _ _ _ _ _ _ _ _ _ _ _ _ _ _ _ _ _ _ _ 
2025-02-21T12:51:18.0454880Z 
2025-02-21T12:51:18.0455740Z args = (<function assert_allclose.<locals>.compare at 0x31b8f6980>, array([0.00000000e+00, 0.00000000e+00, 2.76120259e+39, .....), array([1.47119190e+39, 1.69564189e+39, 1.35368464e+39, ...,
2025-02-21T12:51:18.0456420Z        0.00000000e+00, 0.00000000e+00, 0.00000000e+00]))
2025-02-21T12:51:18.0465460Z kwds = {'equal_nan': True, 'err_msg': '', 'header': 'Not equal to tolerance rtol=1e-07, atol=0', 'verbose': True}
2025-02-21T12:51:18.0465830Z 
2025-02-21T12:51:18.0465880Z     @wraps(func)
2025-02-21T12:51:18.0466980Z     def inner(*args, **kwds):
2025-02-21T12:51:18.0468270Z         with self._recreate_cm():
2025-02-21T12:51:18.0468680Z >           return func(*args, **kwds)
2025-02-21T12:51:18.0469440Z E           AssertionError: 
2025-02-21T12:51:18.0473800Z E           Not equal to tolerance rtol=1e-07, atol=0
2025-02-21T12:51:18.0474050Z E           
2025-02-21T12:51:18.0481130Z E           Mismatched elements: 4560 / 10000 (45.6%)
2025-02-21T12:51:18.0482830Z E           Max absolute difference: 1.96604107e+40
2025-02-21T12:51:18.0483750Z E           Max relative difference: 97.03021569
2025-02-21T12:51:18.0486490Z E            x: array([0.000000e+00, 0.000000e+00, 2.761203e+39, ..., 0.000000e+00,
2025-02-21T12:51:18.0486920Z E                  0.000000e+00, 0.000000e+00])
2025-02-21T12:51:18.0504290Z E            y: array([1.471192e+39, 1.695642e+39, 1.353685e+39, ..., 0.000000e+00,
2025-02-21T12:51:18.0505610Z E                  0.000000e+00, 0.000000e+00])
2025-02-21T12:51:18.0506810Z 
2025-02-21T12:51:18.0513040Z ../../../micromamba/envs/tardis/lib/python3.12/contextlib.py:81: AssertionError
2025-02-21T12:51:18.0514950Z __________________ TestTransportSimple.test_virtual_spectrum ___________________
2025-02-21T12:51:18.0516480Z 
2025-02-21T12:51:18.0517180Z self = <tardis.tests.test_tardis_full.TestTransportSimple object at 0x13609a900>
2025-02-21T12:51:18.0518890Z simulation_regression_data = <tardis.simulation.base.Simulation object at 0x137806600>
2025-02-21T12:51:18.0520650Z 
2025-02-21T12:51:18.0521720Z     def test_virtual_spectrum(self, simulation_regression_data):
2025-02-21T12:51:18.0523490Z         key = "simulation/spectrum_solver/spectrum_virtual_packets/luminosity"
2025-02-21T12:51:18.0524050Z         expected = self.get_expected_data(key)
2025-02-21T12:51:18.0524490Z     
2025-02-21T12:51:18.0584840Z         luminosity = u.Quantity(expected, "erg /s")
2025-02-21T12:51:18.0585200Z     
2025-02-21T12:51:18.0585410Z >       assert_quantity_allclose(
2025-02-21T12:51:18.0585810Z             simulation_regression_data.spectrum_solver.spectrum_virtual_packets.luminosity,
2025-02-21T12:51:18.0586200Z             luminosity,
2025-02-21T12:51:18.0586390Z         )
2025-02-21T12:51:18.0586480Z 
2025-02-21T12:51:18.0586560Z tardis/tests/test_tardis_full.py:82: 
2025-02-21T12:51:18.0586870Z _ _ _ _ _ _ _ _ _ _ _ _ _ _ _ _ _ _ _ _ _ _ _ _ _ _ _ _ _ _ _ _ _ _ _ _ _ _ _ _ 
2025-02-21T12:51:18.0587480Z ../../../micromamba/envs/tardis/lib/python3.12/site-packages/astropy/tests/helper.py:203: in assert_quantity_allclose
2025-02-21T12:51:18.0587980Z     np.testing.assert_allclose(
2025-02-21T12:51:18.0588310Z _ _ _ _ _ _ _ _ _ _ _ _ _ _ _ _ _ _ _ _ _ _ _ _ _ _ _ _ _ _ _ _ _ _ _ _ _ _ _ _ 
2025-02-21T12:51:18.0588530Z 
2025-02-21T12:51:18.0588940Z args = (<function assert_allclose.<locals>.compare at 0x15b1c62a0>, array([1.31895331e+39, 2.31381538e+39, 3.72000430e+39, .....), array([1.44033177e+39, 1.35611403e+39, 1.39755698e+39, ...,
2025-02-21T12:51:18.0589520Z        0.00000000e+00, 0.00000000e+00, 0.00000000e+00]))
2025-02-21T12:51:18.0589980Z kwds = {'equal_nan': True, 'err_msg': '', 'header': 'Not equal to tolerance rtol=1e-07, atol=0', 'verbose': True}
2025-02-21T12:51:18.0590260Z 
2025-02-21T12:51:18.0590310Z     @wraps(func)
2025-02-21T12:51:18.0590530Z     def inner(*args, **kwds):
2025-02-21T12:51:18.0590720Z         with self._recreate_cm():
2025-02-21T12:51:18.0590910Z >           return func(*args, **kwds)
2025-02-21T12:51:18.0591100Z E           AssertionError: 
2025-02-21T12:51:18.0591930Z E           Not equal to tolerance rtol=1e-07, atol=0
2025-02-21T12:51:18.0592230Z E           
2025-02-21T12:51:18.0592400Z E           Mismatched elements: 5659 / 10000 (56.6%)
2025-02-21T12:51:18.0592620Z E           Max absolute difference: 4.69537822e+39
2025-02-21T12:51:18.0592850Z E           Max relative difference: 419.77405263
2025-02-21T12:51:18.0593120Z E            x: array([1.318953e+39, 2.313815e+39, 3.720004e+39, ..., 0.000000e+00,
2025-02-21T12:51:18.0593390Z E                  0.000000e+00, 0.000000e+00])
2025-02-21T12:51:18.0593650Z E            y: array([1.440332e+39, 1.356114e+39, 1.397557e+39, ..., 0.000000e+00,
2025-02-21T12:51:18.0593910Z E                  0.000000e+00, 0.000000e+00])
2025-02-21T12:51:18.0594050Z 
2025-02-21T12:51:18.0594220Z ../../../micromamba/envs/tardis/lib/python3.12/contextlib.py:81: AssertionError
2025-02-21T12:51:18.0594560Z =============================== warnings summary ===============================
2025-02-21T12:51:18.0594820Z tardis/io/configuration/config_validator.py:6
2025-02-21T12:51:18.0595070Z tardis/io/configuration/config_validator.py:6
2025-02-21T12:51:18.0595490Z   /Users/runner/work/tardis/tardis/tardis/io/configuration/config_validator.py:6: DeprecationWarning:
2025-02-21T12:51:18.0595870Z   
2025-02-21T12:51:18.0596850Z   jsonschema.RefResolver is deprecated as of v4.18.0, in favor of the https://github.com/python-jsonschema/referencing library, which provides more compliant referencing behavior as well as more flexible APIs for customization. A future release will remove RefResolver. Please file a feature request (on referencing) if you are missing an API for the kind of customization you need.
2025-02-21T12:51:18.0597830Z 
2025-02-21T12:51:18.0598030Z ../../../micromamba/envs/tardis/lib/python3.12/site-packages/jupyter_client/connect.py:22
2025-02-21T12:51:18.0598580Z   /Users/runner/micromamba/envs/tardis/lib/python3.12/site-packages/jupyter_client/connect.py:22: DeprecationWarning:
2025-02-21T12:51:18.0598990Z   
2025-02-21T12:51:18.0599180Z   Jupyter is migrating its paths to use standard platformdirs
2025-02-21T12:51:18.0599500Z   given by the platformdirs library.  To remove this warning and
2025-02-21T12:51:18.0600030Z   see the appropriate new directories, set the environment variable
2025-02-21T12:51:18.0600350Z   `JUPYTER_PLATFORM_DIRS=1` and then run `jupyter --paths`.
2025-02-21T12:51:18.0600660Z   The use of platformdirs will be the default in `jupyter_core` v6
2025-02-21T12:51:18.0600850Z 
2025-02-21T12:51:18.0609610Z tardis/io/tests/test_HDFWriter.py::test_multi_index_write
2025-02-21T12:51:18.0610040Z tardis/visualization/widgets/tests/test_shell_info.py::TestHDFShellInfo::test_shells_data
2025-02-21T12:51:18.0610490Z   /Users/runner/work/tardis/tardis/tardis/io/util.py:276: PerformanceWarning:
2025-02-21T12:51:18.0610780Z   
2025-02-21T12:51:18.0610890Z   
2025-02-21T12:51:18.0611120Z   your performance may suffer as PyTables will pickle object types that it cannot
2025-02-21T12:51:18.0611590Z   map directly to c-types [inferred_type->mixed,key->block0_values] [items->Index([0], dtype='int64')]
2025-02-21T12:51:18.0611880Z 
2025-02-21T12:51:18.0612060Z tardis/io/tests/test_model_reader.py::test_read_cmfgen_isotope_abundances
2025-02-21T12:51:18.0612460Z tardis/plasma/tests/test_tardis_model_density_config.py::test_electron_densities
2025-02-21T12:51:18.0613000Z tardis/plasma/tests/test_tardis_model_density_config.py::test_isotope_number_densities
2025-02-21T12:51:18.0613420Z tardis/plasma/tests/test_tardis_model_density_config.py::test_t_rad
2025-02-21T12:51:18.0613880Z   /Users/runner/work/tardis/tardis/tardis/io/model/readers/cmfgen_deprecated.py:82: DeprecationWarning:
2025-02-21T12:51:18.0614250Z   
2025-02-21T12:51:18.0614400Z   The current CMFGEN model parser is deprecated
2025-02-21T12:51:18.0614560Z 
2025-02-21T12:51:18.0614650Z tardis/io/tests/test_model_reader.py: 1 warning
2025-02-21T12:51:18.0614950Z tardis/plasma/tests/test_tardis_model_density_config.py: 9 warnings
2025-02-21T12:51:18.0616160Z   /Users/runner/work/tardis/tardis/tardis/io/model/readers/cmfgen_deprecated.py:40: DeprecationWarning:
2025-02-21T12:51:18.0616550Z   
2025-02-21T12:51:18.0616710Z   The current CMFGEN model parser is deprecated
2025-02-21T12:51:18.0616870Z 
2025-02-21T12:51:18.0617040Z tardis/model/tests/test_base.py::TestModelFromPaper1Config::test_abundances
2025-02-21T12:51:18.0617570Z   /Users/runner/work/tardis/tardis/tardis/transport/montecarlo/montecarlo_main_loop.py:123: NumbaTypeSafetyWarning:
2025-02-21T12:51:18.0617970Z   
2025-02-21T12:51:18.0622810Z   [1m[1m[1munsafe cast from uint64 to int64. Precision may be lost.[0m[0m[0m
2025-02-21T12:51:18.0623030Z 
2025-02-21T12:51:18.0623120Z tardis/model/tests/test_base.py: 6 warnings
2025-02-21T12:51:18.0623350Z tardis/model/tests/test_csvy_model.py: 2 warnings
2025-02-21T12:51:18.0623660Z tardis/plasma/tests/test_tardis_model_density_config.py: 3 warnings
2025-02-21T12:51:18.0624090Z   /Users/runner/work/tardis/tardis/tardis/model/geometry/radial1d.py:50: DeprecationWarning:
2025-02-21T12:51:18.0624440Z   
2025-02-21T12:51:18.0624600Z   v_inner_boundary < 0, assuming default value
2025-02-21T12:51:18.0624760Z 
2025-02-21T12:51:18.0624840Z tardis/model/tests/test_base.py: 6 warnings
2025-02-21T12:51:18.0625070Z tardis/model/tests/test_csvy_model.py: 2 warnings
2025-02-21T12:51:18.0625370Z tardis/plasma/tests/test_tardis_model_density_config.py: 3 warnings
2025-02-21T12:51:18.0625810Z   /Users/runner/work/tardis/tardis/tardis/model/geometry/radial1d.py:61: DeprecationWarning:
2025-02-21T12:51:18.0626140Z   
2025-02-21T12:51:18.0626290Z   v_outer_boundary < 0, assuming default value
2025-02-21T12:51:18.0626440Z 
2025-02-21T12:51:18.0626820Z tardis/plasma/equilibrium/tests/test_level_populations.py::TestLevelPopulationSolver::test_solve[collisional_rate_solver0-radiative_transitions0]
2025-02-21T12:51:18.0627500Z   /Users/runner/work/tardis/tardis/tardis/plasma/equilibrium/level_populations.py:65: FutureWarning:
2025-02-21T12:51:18.0627860Z   
2025-02-21T12:51:18.0628160Z   A value is trying to be set on a copy of a DataFrame or Series through chained assignment using an inplace method.
2025-02-21T12:51:18.0629660Z   The behavior will change in pandas 3.0. This inplace method will never work because the intermediate object on which we are setting values always behaves as a copy.
2025-02-21T12:51:18.0630140Z   
2025-02-21T12:51:18.0630630Z   For example, when doing 'df[col].method(value, inplace=True)', try using 'df.method({col: value}, inplace=True)' or df[col] = df[col].method(value) instead, to perform the operation inplace on the original object.
2025-02-21T12:51:18.0631130Z 
2025-02-21T12:51:18.0631300Z tardis/plasma/tests/test_plasma_vboundary.py::test_plasma_vboundary[2900-3750]
2025-02-21T12:51:18.0631720Z tardis/plasma/tests/test_plasma_vboundary.py::test_plasma_vboundary[2900-3850]
2025-02-21T12:51:18.0632130Z tardis/plasma/tests/test_plasma_vboundary.py::test_plasma_vboundary[2900-3900]
2025-02-21T12:51:18.0632550Z   /Users/runner/work/tardis/tardis/tardis/model/geometry/radial1d.py:71: UserWarning:
2025-02-21T12:51:18.0632870Z   
2025-02-21T12:51:18.0633090Z   Requesting inner boundary below inner shell. Extrapolating the inner cell
2025-02-21T12:51:18.0633330Z 
2025-02-21T12:51:18.0633510Z tardis/spectrum/tests/test_spectrum_solver.py::TestSpectrumSolver::test_solve
2025-02-21T12:51:18.0633920Z   /Users/runner/work/tardis/tardis/tardis/spectrum/base.py:70: UserWarning:
2025-02-21T12:51:18.0634200Z   
2025-02-21T12:51:18.0634530Z   SpectrumSolver.spectrum_virtual_packets is zero. Please run the montecarlo simulation with no_of_virtual_packets > 0
2025-02-21T12:51:18.0634860Z 
2025-02-21T12:51:18.0635030Z tardis/spectrum/tests/test_spectrum_solver.py::TestSpectrumSolver::test_solve
2025-02-21T12:51:18.0635450Z   /Users/runner/work/tardis/tardis/tardis/spectrum/base.py:111: UserWarning:
2025-02-21T12:51:18.0635730Z   
2025-02-21T12:51:18.0636080Z   SpectrumSolver.integrator: The FormalIntegrator is not yet available.Please run the montecarlo simulation at least once.
2025-02-21T12:51:18.0636440Z 
2025-02-21T12:51:18.0636880Z tardis/transport/montecarlo/tests/test_vpacket.py::test_trace_vpacket_volley
2025-02-21T12:51:18.0637230Z   <string>:3: NumbaPendingDeprecationWarning:
2025-02-21T12:51:18.0637430Z   
2025-02-21T12:51:18.0638380Z   [1m[1mCode using Numba extension API maybe depending on 'old_style' error-capturing, which is deprecated and will be replaced by 'new_style' in a future release. See details at https://numba.readthedocs.io/en/latest/reference/deprecation.html#deprecation-of-old-style-numba-captured-errors
2025-02-21T12:51:18.0639210Z   Exception origin:
2025-02-21T12:51:18.0639520Z     File "/Users/runner/micromamba/envs/tardis/lib/python3.12/inspect.py", line 3180, in _bind
2025-02-21T12:51:18.0639860Z       raise TypeError(msg) from None
2025-02-21T12:51:18.0640060Z   [0m[0m
2025-02-21T12:51:18.0640140Z 
2025-02-21T12:51:18.0640410Z tardis/visualization/tools/tests/test_sdec_plot.py::TestSDECPlotter::test_mpl_image[plotter_generate_plot_mpl4]
2025-02-21T12:51:18.0640970Z   /Users/runner/work/tardis/tardis/tardis/visualization/tools/sdec_plot.py:1225: RuntimeWarning:
2025-02-21T12:51:18.0641330Z   
2025-02-21T12:51:18.0642070Z   More than 20 figures have been opened. Figures created through the pyplot interface (`matplotlib.pyplot.figure`) are retained until explicitly closed and may consume too much memory. (To control this warning, see the rcParam `figure.max_open_warning`). Consider using `matplotlib.pyplot.close()`.
2025-02-21T12:51:18.0642810Z 
2025-02-21T12:51:18.0643100Z tardis/visualization/widgets/tests/test_custom_abundance.py::TestCustomAbundanceWidget::test_update_input_item_value
2025-02-21T12:51:18.0643730Z tardis/visualization/widgets/tests/test_custom_abundance.py::TestCustomAbundanceWidget::test_update_input_item_value
2025-02-21T12:51:18.0644370Z tardis/visualization/widgets/tests/test_custom_abundance.py::TestCustomAbundanceWidget::test_update_input_item_value
2025-02-21T12:51:18.0645010Z tardis/visualization/widgets/tests/test_custom_abundance.py::TestCustomAbundanceWidget::test_update_input_item_value
2025-02-21T12:51:18.0645650Z tardis/visualization/widgets/tests/test_custom_abundance.py::TestCustomAbundanceWidget::test_update_input_item_value
2025-02-21T12:51:18.0646510Z tardis/visualization/widgets/tests/test_custom_abundance.py::TestCustomAbundanceWidget::test_update_input_item_value
2025-02-21T12:51:18.0647150Z   /Users/runner/micromamba/envs/tardis/lib/python3.12/site-packages/traitlets/traitlets.py:1385: DeprecationWarning:
2025-02-21T12:51:18.0647560Z   
2025-02-21T12:51:18.0647790Z   Passing unrecognized arguments to super(Checkbox).__init__(icon='lock').
2025-02-21T12:51:18.0648170Z   object.__init__() takes exactly one argument (the instance to initialize)
2025-02-21T12:51:18.0648570Z   This is deprecated in traitlets 4.2.This error will be raised in a future release of traitlets.
2025-02-21T12:51:18.0648840Z 
2025-02-21T12:51:18.0649130Z tardis/visualization/widgets/tests/test_custom_abundance.py::TestCustomAbundanceWidget::test_update_input_item_value
2025-02-21T12:51:18.0649950Z tardis/visualization/widgets/tests/test_custom_abundance.py::TestCustomAbundanceWidget::test_update_input_item_value
2025-02-21T12:51:18.0650580Z   /Users/runner/micromamba/envs/tardis/lib/python3.12/site-packages/traitlets/traitlets.py:1385: DeprecationWarning:
2025-02-21T12:51:18.0650970Z   
2025-02-21T12:51:18.0651170Z   Passing unrecognized arguments to super(FloatText).__init__(min=0).
2025-02-21T12:51:18.0651530Z   object.__init__() takes exactly one argument (the instance to initialize)
2025-02-21T12:51:18.0651930Z   This is deprecated in traitlets 4.2.This error will be raised in a future release of traitlets.
2025-02-21T12:51:18.0652190Z 
2025-02-21T12:51:18.0652470Z tardis/visualization/widgets/tests/test_custom_abundance.py::TestCustomAbundanceWidget::test_update_input_item_value
2025-02-21T12:51:18.0653110Z   /Users/runner/micromamba/envs/tardis/lib/python3.12/site-packages/traitlets/traitlets.py:1385: DeprecationWarning:
2025-02-21T12:51:18.0653500Z   
2025-02-21T12:51:18.0653970Z   Passing unrecognized arguments to super(HTML).__init__(indent=True).
2025-02-21T12:51:18.0654350Z   object.__init__() takes exactly one argument (the instance to initialize)
2025-02-21T12:51:18.0654760Z   This is deprecated in traitlets 4.2.This error will be raised in a future release of traitlets.
2025-02-21T12:51:18.0655020Z 
2025-02-21T12:51:18.0655360Z tardis/visualization/widgets/tests/test_line_info.py::TestLineInfoWidgetData::test_get_species_interactions[wavelength_range0-packet_out_nu]
2025-02-21T12:51:18.0656040Z   /Users/runner/micromamba/envs/tardis/lib/python3.12/site-packages/qgridnext/grid.py:830: DeprecationWarning:
2025-02-21T12:51:18.0656410Z   
2025-02-21T12:51:18.0656700Z   QgridWidget._show_toolbar_changed is deprecated in traitlets 4.1: use @observe and @unobserve instead.
2025-02-21T12:51:18.0657000Z 
2025-02-21T12:51:18.0657200Z tardis/visualization/widgets/tests/test_shell_info.py::TestHDFShellInfo::test_shells_data
2025-02-21T12:51:18.0657660Z   /Users/runner/work/tardis/tardis/tardis/io/util.py:289: PerformanceWarning:
2025-02-21T12:51:18.0657940Z   
2025-02-21T12:51:18.0658060Z   
2025-02-21T12:51:18.0658280Z   your performance may suffer as PyTables will pickle object types that it cannot
2025-02-21T12:51:18.0658720Z   map directly to c-types [inferred_type->mixed,key->block0_values] [items->Index([0], dtype='int64')]
2025-02-21T12:51:18.0659000Z 
2025-02-21T12:51:18.0659210Z tardis/visualization/widgets/tests/test_shell_info.py::TestHDFShellInfo::test_shells_data
2025-02-21T12:51:18.0659660Z   /Users/runner/work/tardis/tardis/tardis/io/util.py:292: PerformanceWarning:
2025-02-21T12:51:18.0659940Z   
2025-02-21T12:51:18.0660040Z   
2025-02-21T12:51:18.0660260Z   your performance may suffer as PyTables will pickle object types that it cannot
2025-02-21T12:51:18.0660640Z   map directly to c-types [inferred_type->mixed,key->values] [items->None]
2025-02-21T12:51:18.0660850Z 
2025-02-21T12:51:18.0661060Z tardis/visualization/widgets/tests/test_shell_info.py::TestHDFShellInfo::test_shells_data
2025-02-21T12:51:18.0661530Z   /Users/runner/work/tardis/tardis/tardis/spectrum/formal_integral.py:398: UserWarning:
2025-02-21T12:51:18.0661930Z   
2025-02-21T12:51:18.0662150Z   The number of interpolate_shells was not specified. The value was set to 80.
2025-02-21T12:51:18.0662380Z 
2025-02-21T12:51:18.0662550Z -- Docs: https://docs.pytest.org/en/stable/how-to/capture-warnings.html
2025-02-21T12:51:18.0662770Z 
2025-02-21T12:51:18.0662900Z ---------- coverage: platform darwin, python 3.12.4-final-0 ----------
2025-02-21T12:51:18.0663200Z Coverage HTML written to dir coverage_html_report
2025-02-21T12:51:18.0663430Z Coverage XML written to file coverage.xml
2025-02-21T12:51:18.0663570Z 
2025-02-21T12:51:18.0663680Z =========================== short test summary info ============================
2025-02-21T12:51:18.0664140Z FAILED tardis/spectrum/tests/test_spectrum_solver.py::TestSpectrumSolver::test_spectrum_real_packets - AssertionError: 
2025-02-21T12:51:18.0664560Z Not equal to tolerance rtol=1e-07, atol=0
2025-02-21T12:51:18.0664710Z 
2025-02-21T12:51:18.0664780Z Mismatched elements: 4355 / 10000 (43.5%)
2025-02-21T12:51:18.0664990Z Max absolute difference: 1.94155993e+40
2025-02-21T12:51:18.0665200Z Max relative difference: 137.15340685
2025-02-21T12:51:18.0665440Z  x: array([0.000000e+00, 0.000000e+00, 2.761203e+39, ..., 0.000000e+00,
2025-02-21T12:51:18.0665690Z        0.000000e+00, 0.000000e+00])
2025-02-21T12:51:18.0665920Z  y: array([1.335111e+39, 1.337387e+39, 9.415985e+38, ..., 0.000000e+00,
2025-02-21T12:51:18.0666160Z        0.000000e+00, 0.000000e+00])
2025-02-21T12:51:18.0666600Z FAILED tardis/spectrum/tests/test_spectrum_solver.py::TestSpectrumSolver::test_spectrum_real_packets_reabsorbed - AssertionError: 
2025-02-21T12:51:18.0667040Z Not equal to tolerance rtol=1e-07, atol=0
2025-02-21T12:51:18.0667180Z 
2025-02-21T12:51:18.0667250Z Mismatched elements: 4491 / 10000 (44.9%)
2025-02-21T12:51:18.0667450Z Max absolute difference: 1.0639846e+40
2025-02-21T12:51:18.0667800Z Max relative difference: 122.79315318
2025-02-21T12:51:18.0668010Z  x: array([0., 0., 0., ..., 0., 0., 0.])
2025-02-21T12:51:18.0668250Z  y: array([2.039204e+38, 3.728825e+38, 2.296469e+38, ..., 0.000000e+00,
2025-02-21T12:51:18.0668500Z        0.000000e+00, 0.000000e+00])
2025-02-21T12:51:18.0668860Z FAILED tardis/spectrum/tests/test_spectrum_solver.py::TestSpectrumSolver::test_solve - AssertionError: 
2025-02-21T12:51:18.0669240Z Not equal to tolerance rtol=1e-07, atol=0
2025-02-21T12:51:18.0669380Z 
2025-02-21T12:51:18.0669450Z Mismatched elements: 4355 / 10000 (43.5%)
2025-02-21T12:51:18.0669650Z Max absolute difference: 1.94155993e+40
2025-02-21T12:51:18.0669860Z Max relative difference: 137.15340685
2025-02-21T12:51:18.0670100Z  x: array([0.000000e+00, 0.000000e+00, 2.761203e+39, ..., 0.000000e+00,
2025-02-21T12:51:18.0670340Z        0.000000e+00, 0.000000e+00])
2025-02-21T12:51:18.0670570Z  y: array([1.335111e+39, 1.337387e+39, 9.415985e+38, ..., 0.000000e+00,
2025-02-21T12:51:18.0670820Z        0.000000e+00, 0.000000e+00])
2025-02-21T12:51:18.0671170Z FAILED tardis/tests/test_tardis_full.py::TestTransportSimple::test_j_blue_estimators - AssertionError: 
2025-02-21T12:51:18.0671550Z Not equal to tolerance rtol=1e-07, atol=0
2025-02-21T12:51:18.0671690Z 
2025-02-21T12:51:18.0671770Z Mismatched elements: 488044 / 584480 (83.5%)
2025-02-21T12:51:18.0671980Z Max absolute difference: 1.43452643e-17
2025-02-21T12:51:18.0672180Z Max relative difference: 235.31367318
2025-02-21T12:51:18.0672370Z  x: array([[0., 0., 0., ..., 0., 0., 0.],
2025-02-21T12:51:18.0672560Z        [0., 0., 0., ..., 0., 0., 0.],
2025-02-21T12:51:18.0672730Z        [0., 0., 0., ..., 0., 0., 0.],...
2025-02-21T12:51:18.0672920Z  y: array([[0., 0., 0., ..., 0., 0., 0.],
2025-02-21T12:51:18.0673100Z        [0., 0., 0., ..., 0., 0., 0.],
2025-02-21T12:51:18.0673280Z        [0., 0., 0., ..., 0., 0., 0.],...
2025-02-21T12:51:18.0673600Z FAILED tardis/tests/test_tardis_full.py::TestTransportSimple::test_spectrum - AssertionError: 
2025-02-21T12:51:18.0673960Z Not equal to tolerance rtol=1e-07, atol=0
2025-02-21T12:51:18.0674100Z 
2025-02-21T12:51:18.0674250Z Mismatched elements: 4560 / 10000 (45.6%)
2025-02-21T12:51:18.0674450Z Max absolute difference: 1.96604107e+40
2025-02-21T12:51:18.0674650Z Max relative difference: 97.03021569
2025-02-21T12:51:18.0674890Z  x: array([0.000000e+00, 0.000000e+00, 2.761203e+39, ..., 0.000000e+00,
2025-02-21T12:51:18.0675130Z        0.000000e+00, 0.000000e+00])
2025-02-21T12:51:18.0675360Z  y: array([1.471192e+39, 1.695642e+39, 1.353685e+39, ..., 0.000000e+00,
2025-02-21T12:51:18.0675600Z        0.000000e+00, 0.000000e+00])
2025-02-21T12:51:18.0675950Z FAILED tardis/tests/test_tardis_full.py::TestTransportSimple::test_virtual_spectrum - AssertionError: 
2025-02-21T12:51:18.0676320Z Not equal to tolerance rtol=1e-07, atol=0
2025-02-21T12:51:18.0676460Z 
2025-02-21T12:51:18.0676530Z Mismatched elements: 5659 / 10000 (56.6%)
2025-02-21T12:51:18.0676730Z Max absolute difference: 4.69537822e+39
2025-02-21T12:51:18.0676930Z Max relative difference: 419.77405263
2025-02-21T12:51:18.0677180Z  x: array([1.318953e+39, 2.313815e+39, 3.720004e+39, ..., 0.000000e+00,
2025-02-21T12:51:18.0677420Z        0.000000e+00, 0.000000e+00])
2025-02-21T12:51:18.0677650Z  y: array([1.440332e+39, 1.356114e+39, 1.397557e+39, ..., 0.000000e+00,
2025-02-21T12:51:18.0677890Z        0.000000e+00, 0.000000e+00])
2025-02-21T12:51:18.0678230Z = 6 failed, 1404 passed, 357 skipped, 2 deselected, 19 xfailed, 8 xpassed, 63 warnings in 691.39s (0:11:31) =
2025-02-21T12:51:19.7534060Z ##[error]Process completed with exit code 1.
2025-02-21T12:51:19.8922280Z Post job cleanup.
2025-02-21T12:51:19.8975520Z Post job cleanup.
2025-02-21T12:51:20.2494280Z Will use pre-installed micromamba at /Users/runner/micromamba-bin/micromamba
2025-02-21T12:51:20.2511650Z Removing micromamba run shell ...
2025-02-21T12:51:20.2518720Z ##[group]Deinitialize micromamba for bash
2025-02-21T12:51:20.2586320Z [command]/Users/runner/micromamba-bin/micromamba shell deinit -s bash -r /Users/runner/micromamba --log-level warning --rc-file /Users/runner/work/_temp/setup-micromamba/.condarc
2025-02-21T12:51:20.4203670Z Resetting RC file "/Users/runner/.bash_profile"
2025-02-21T12:51:20.4204120Z Deleting config for root prefix 
2025-02-21T12:51:20.4204400Z Clearing mamba executable environment variable
2025-02-21T12:51:20.4221600Z Removing the following in your "/Users/runner/.bash_profile" file
2025-02-21T12:51:20.4222050Z # >>> mamba initialize >>>
2025-02-21T12:51:20.4222330Z ...
2025-02-21T12:51:20.4222570Z # <<< mamba initialize <<<
2025-02-21T12:51:20.4272340Z Removing environment tardis from auto-activate bash ...
2025-02-21T12:51:20.4396510Z Post job cleanup.
2025-02-21T12:51:20.4435600Z Post job cleanup.
2025-02-21T12:51:20.5694240Z [command]/opt/homebrew/bin/git version
2025-02-21T12:51:20.5925050Z git version 2.48.1
2025-02-21T12:51:20.5949220Z Copying '/Users/runner/.gitconfig' to '/Users/runner/work/_temp/032f01fd-7419-4628-b1fd-2fb318b0cc22/.gitconfig'
2025-02-21T12:51:20.5961900Z Temporarily overriding HOME='/Users/runner/work/_temp/032f01fd-7419-4628-b1fd-2fb318b0cc22' before making global git config changes
2025-02-21T12:51:20.5962750Z Adding repository directory to the temporary git global config as a safe directory
2025-02-21T12:51:20.5966990Z [command]/opt/homebrew/bin/git config --global --add safe.directory /Users/runner/work/tardis/tardis/tardis-regression-data
2025-02-21T12:51:20.6052170Z [command]/opt/homebrew/bin/git config --local --name-only --get-regexp core\.sshCommand
2025-02-21T12:51:20.6127310Z [command]/opt/homebrew/bin/git submodule foreach --recursive sh -c "git config --local --name-only --get-regexp 'core\.sshCommand' && git config --local --unset-all 'core.sshCommand' || :"
2025-02-21T12:51:20.7210460Z [command]/opt/homebrew/bin/git config --local --name-only --get-regexp http\.https\:\/\/github\.com\/\.extraheader
2025-02-21T12:51:20.7282830Z http.https://github.com/.extraheader
2025-02-21T12:51:20.7312940Z [command]/opt/homebrew/bin/git config --local --unset-all http.https://github.com/.extraheader
2025-02-21T12:51:20.7422770Z [command]/opt/homebrew/bin/git submodule foreach --recursive sh -c "git config --local --name-only --get-regexp 'http\.https\:\/\/github\.com\/\.extraheader' && git config --local --unset-all 'http.https://github.com/.extraheader' || :"
2025-02-21T12:51:20.8301540Z Post job cleanup.
2025-02-21T12:51:20.9727950Z [command]/opt/homebrew/bin/git version
2025-02-21T12:51:20.9779150Z git version 2.48.1
2025-02-21T12:51:20.9799800Z Copying '/Users/runner/.gitconfig' to '/Users/runner/work/_temp/9234d81d-ab2e-4f02-9d1c-a2baaa126737/.gitconfig'
2025-02-21T12:51:20.9811720Z Temporarily overriding HOME='/Users/runner/work/_temp/9234d81d-ab2e-4f02-9d1c-a2baaa126737' before making global git config changes
2025-02-21T12:51:20.9814400Z Adding repository directory to the temporary git global config as a safe directory
2025-02-21T12:51:20.9815080Z [command]/opt/homebrew/bin/git config --global --add safe.directory /Users/runner/work/tardis/tardis
2025-02-21T12:51:20.9876220Z [command]/opt/homebrew/bin/git config --local --name-only --get-regexp core\.sshCommand
2025-02-21T12:51:20.9938950Z [command]/opt/homebrew/bin/git submodule foreach --recursive sh -c "git config --local --name-only --get-regexp 'core\.sshCommand' && git config --local --unset-all 'core.sshCommand' || :"
2025-02-21T12:51:21.1681540Z [command]/opt/homebrew/bin/git config --local --name-only --get-regexp http\.https\:\/\/github\.com\/\.extraheader
2025-02-21T12:51:21.1730970Z http.https://github.com/.extraheader
2025-02-21T12:51:21.1739920Z [command]/opt/homebrew/bin/git config --local --unset-all http.https://github.com/.extraheader
2025-02-21T12:51:21.1804080Z [command]/opt/homebrew/bin/git submodule foreach --recursive sh -c "git config --local --name-only --get-regexp 'http\.https\:\/\/github\.com\/\.extraheader' && git config --local --unset-all 'http.https://github.com/.extraheader' || :"
2025-02-21T12:51:21.2892060Z Cleaning up orphan processes
