2025-02-21T12:37:57.8014947Z Requested labels: ubuntu-latest
2025-02-21T12:37:57.8015225Z Job defined at: tardis-sn/tardis/.github/workflows/tests.yml@refs/pull/2977/merge
2025-02-21T12:37:57.8015328Z Waiting for a runner to pick up this job...
2025-02-21T12:37:57.9676848Z Job is waiting for a hosted runner to come online.
2025-02-21T12:38:01.8887913Z Job is about to start running on the hosted runner: GitHub Actions 21 (hosted)
2025-02-21T12:38:04.1441470Z Current runner version: '2.322.0'
2025-02-21T12:38:04.1466307Z ##[group]Operating System
2025-02-21T12:38:04.1467136Z Ubuntu
2025-02-21T12:38:04.1467855Z 24.04.1
2025-02-21T12:38:04.1468468Z LTS
2025-02-21T12:38:04.1469002Z ##[endgroup]
2025-02-21T12:38:04.1469557Z ##[group]Runner Image
2025-02-21T12:38:04.1470184Z Image: ubuntu-24.04
2025-02-21T12:38:04.1470694Z Version: 20250209.1.0
2025-02-21T12:38:04.1471737Z Included Software: https://github.com/actions/runner-images/blob/ubuntu24/20250209.1/images/ubuntu/Ubuntu2404-Readme.md
2025-02-21T12:38:04.1473166Z Image Release: https://github.com/actions/runner-images/releases/tag/ubuntu24%2F20250209.1
2025-02-21T12:38:04.1474071Z ##[endgroup]
2025-02-21T12:38:04.1474609Z ##[group]Runner Image Provisioner
2025-02-21T12:38:04.1475279Z 2.0.422.1
2025-02-21T12:38:04.1475788Z ##[endgroup]
2025-02-21T12:38:04.1478080Z ##[group]GITHUB_TOKEN Permissions
2025-02-21T12:38:04.1480013Z Actions: read
2025-02-21T12:38:04.1480803Z Attestations: read
2025-02-21T12:38:04.1481480Z Checks: read
2025-02-21T12:38:04.1482022Z Contents: read
2025-02-21T12:38:04.1482569Z Deployments: read
2025-02-21T12:38:04.1483056Z Discussions: read
2025-02-21T12:38:04.1483607Z Issues: read
2025-02-21T12:38:04.1484154Z Metadata: read
2025-02-21T12:38:04.1484702Z Packages: read
2025-02-21T12:38:04.1485309Z Pages: read
2025-02-21T12:38:04.1485827Z PullRequests: read
2025-02-21T12:38:04.1486412Z RepositoryProjects: read
2025-02-21T12:38:04.1487095Z SecurityEvents: read
2025-02-21T12:38:04.1487816Z Statuses: read
2025-02-21T12:38:04.1488308Z ##[endgroup]
2025-02-21T12:38:04.1491231Z Secret source: None
2025-02-21T12:38:04.1491970Z Prepare workflow directory
2025-02-21T12:38:04.2133043Z Prepare all required actions
2025-02-21T12:38:04.2181161Z Getting action download info
2025-02-21T12:38:04.4407153Z ##[group]Download immutable action package 'actions/checkout@v4'
2025-02-21T12:38:04.4408623Z Version: 4.2.2
2025-02-21T12:38:04.4409700Z Digest: sha256:ccb2698953eaebd21c7bf6268a94f9c26518a7e38e27e0b83c1fe1ad049819b1
2025-02-21T12:38:04.4410748Z Source commit SHA: 11bd71901bbe5b1630ceea73d27597364c9af683
2025-02-21T12:38:04.4411378Z ##[endgroup]
2025-02-21T12:38:04.5159961Z ##[group]Download immutable action package 'actions/upload-artifact@v4'
2025-02-21T12:38:04.5160711Z Version: 4.6.0
2025-02-21T12:38:04.5161365Z Digest: sha256:bf85474c8423f9cd48bd2caf3ce5adb1711e2dfdb055b040bd36b044e4290329
2025-02-21T12:38:04.5162214Z Source commit SHA: 65c4c4a1ddee5b72f698fdd19549f0f0fb45cf08
2025-02-21T12:38:04.5162823Z ##[endgroup]
2025-02-21T12:38:04.6839698Z Complete job name: not continuum ubuntu-latest 
2025-02-21T12:38:04.7510993Z ##[group]Run actions/checkout@v4
2025-02-21T12:38:04.7511840Z with:
2025-02-21T12:38:04.7512253Z   repository: tardis-sn/tardis
2025-02-21T12:38:04.7512927Z   token: ***
2025-02-21T12:38:04.7513332Z   ssh-strict: true
2025-02-21T12:38:04.7513797Z   ssh-user: git
2025-02-21T12:38:04.7514273Z   persist-credentials: true
2025-02-21T12:38:04.7514788Z   clean: true
2025-02-21T12:38:04.7515247Z   sparse-checkout-cone-mode: true
2025-02-21T12:38:04.7515858Z   fetch-depth: 1
2025-02-21T12:38:04.7516319Z   fetch-tags: false
2025-02-21T12:38:04.7516781Z   show-progress: true
2025-02-21T12:38:04.7517251Z   lfs: false
2025-02-21T12:38:04.7517835Z   submodules: false
2025-02-21T12:38:04.7518304Z   set-safe-directory: true
2025-02-21T12:38:04.7519278Z env:
2025-02-21T12:38:04.7519687Z   CACHE_NUMBER: 0
2025-02-21T12:38:04.7520833Z   PYTEST_FLAGS: --tardis-regression-data=/home/runner/work/tardis/tardis/tardis-regression-data --cov=tardis --cov-report=xml --cov-report=html --cov-append
2025-02-21T12:38:04.7522052Z   CODECOV_TOKEN: 
2025-02-21T12:38:04.7522453Z ##[endgroup]
2025-02-21T12:38:04.9499523Z Syncing repository: tardis-sn/tardis
2025-02-21T12:38:04.9501216Z ##[group]Getting Git version info
2025-02-21T12:38:04.9502008Z Working directory is '/home/runner/work/tardis/tardis'
2025-02-21T12:38:04.9502975Z [command]/usr/bin/git version
2025-02-21T12:38:04.9555335Z git version 2.48.1
2025-02-21T12:38:04.9584404Z ##[endgroup]
2025-02-21T12:38:04.9600697Z Temporarily overriding HOME='/home/runner/work/_temp/99a7ba9f-b108-4a39-82ad-3649aa0ea58f' before making global git config changes
2025-02-21T12:38:04.9603077Z Adding repository directory to the temporary git global config as a safe directory
2025-02-21T12:38:04.9607697Z [command]/usr/bin/git config --global --add safe.directory /home/runner/work/tardis/tardis
2025-02-21T12:38:04.9645240Z Deleting the contents of '/home/runner/work/tardis/tardis'
2025-02-21T12:38:04.9649455Z ##[group]Initializing the repository
2025-02-21T12:38:04.9654231Z [command]/usr/bin/git init /home/runner/work/tardis/tardis
2025-02-21T12:38:04.9727986Z hint: Using 'master' as the name for the initial branch. This default branch name
2025-02-21T12:38:04.9729222Z hint: is subject to change. To configure the initial branch name to use in all
2025-02-21T12:38:04.9730339Z hint: of your new repositories, which will suppress this warning, call:
2025-02-21T12:38:04.9731561Z hint:
2025-02-21T12:38:04.9732415Z hint: 	git config --global init.defaultBranch <name>
2025-02-21T12:38:04.9733392Z hint:
2025-02-21T12:38:04.9734270Z hint: Names commonly chosen instead of 'master' are 'main', 'trunk' and
2025-02-21T12:38:04.9735597Z hint: 'development'. The just-created branch can be renamed via this command:
2025-02-21T12:38:04.9736296Z hint:
2025-02-21T12:38:04.9736693Z hint: 	git branch -m <name>
2025-02-21T12:38:04.9737381Z Initialized empty Git repository in /home/runner/work/tardis/tardis/.git/
2025-02-21T12:38:04.9746273Z [command]/usr/bin/git remote add origin https://github.com/tardis-sn/tardis
2025-02-21T12:38:04.9779806Z ##[endgroup]
2025-02-21T12:38:04.9780565Z ##[group]Disabling automatic garbage collection
2025-02-21T12:38:04.9783934Z [command]/usr/bin/git config --local gc.auto 0
2025-02-21T12:38:04.9813824Z ##[endgroup]
2025-02-21T12:38:04.9814516Z ##[group]Setting up auth
2025-02-21T12:38:04.9820867Z [command]/usr/bin/git config --local --name-only --get-regexp core\.sshCommand
2025-02-21T12:38:04.9851065Z [command]/usr/bin/git submodule foreach --recursive sh -c "git config --local --name-only --get-regexp 'core\.sshCommand' && git config --local --unset-all 'core.sshCommand' || :"
2025-02-21T12:38:05.0136247Z [command]/usr/bin/git config --local --name-only --get-regexp http\.https\:\/\/github\.com\/\.extraheader
2025-02-21T12:38:05.0165503Z [command]/usr/bin/git submodule foreach --recursive sh -c "git config --local --name-only --get-regexp 'http\.https\:\/\/github\.com\/\.extraheader' && git config --local --unset-all 'http.https://github.com/.extraheader' || :"
2025-02-21T12:38:05.0392023Z [command]/usr/bin/git config --local http.https://github.com/.extraheader AUTHORIZATION: basic ***
2025-02-21T12:38:05.0429952Z ##[endgroup]
2025-02-21T12:38:05.0430776Z ##[group]Fetching the repository
2025-02-21T12:38:05.0438716Z [command]/usr/bin/git -c protocol.version=2 fetch --no-tags --prune --no-recurse-submodules --depth=1 origin +cbd7f101cb591d5fac2c8a9c3179002b3b0fbb1f:refs/remotes/pull/2977/merge
2025-02-21T12:38:06.5186911Z From https://github.com/tardis-sn/tardis
2025-02-21T12:38:06.5188657Z  * [new ref]         cbd7f101cb591d5fac2c8a9c3179002b3b0fbb1f -> pull/2977/merge
2025-02-21T12:38:06.5211924Z ##[endgroup]
2025-02-21T12:38:06.5213957Z ##[group]Determining the checkout info
2025-02-21T12:38:06.5216098Z ##[endgroup]
2025-02-21T12:38:06.5220432Z [command]/usr/bin/git sparse-checkout disable
2025-02-21T12:38:06.5259589Z [command]/usr/bin/git config --local --unset-all extensions.worktreeConfig
2025-02-21T12:38:06.5286483Z ##[group]Checking out the ref
2025-02-21T12:38:06.5289947Z [command]/usr/bin/git checkout --progress --force refs/remotes/pull/2977/merge
2025-02-21T12:38:06.7283642Z Note: switching to 'refs/remotes/pull/2977/merge'.
2025-02-21T12:38:06.7286391Z 
2025-02-21T12:38:06.7287290Z You are in 'detached HEAD' state. You can look around, make experimental
2025-02-21T12:38:06.7289725Z changes and commit them, and you can discard any commits you make in this
2025-02-21T12:38:06.7291970Z state without impacting any branches by switching back to a branch.
2025-02-21T12:38:06.7293617Z 
2025-02-21T12:38:06.7294482Z If you want to create a new branch to retain commits you create, you may
2025-02-21T12:38:06.7296504Z do so (now or later) by using -c with the switch command. Example:
2025-02-21T12:38:06.7297838Z 
2025-02-21T12:38:06.7298373Z   git switch -c <new-branch-name>
2025-02-21T12:38:06.7299253Z 
2025-02-21T12:38:06.7299767Z Or undo this operation with:
2025-02-21T12:38:06.7300569Z 
2025-02-21T12:38:06.7301026Z   git switch -
2025-02-21T12:38:06.7301650Z 
2025-02-21T12:38:06.7302809Z Turn off this advice by setting config variable advice.detachedHead to false
2025-02-21T12:38:06.7304403Z 
2025-02-21T12:38:06.7306160Z HEAD is now at cbd7f10 Merge cecf4be35618072bb0674584019962d3b7964e42 into cec8b531cc56e66219fe3ca2efdbf837c008b852
2025-02-21T12:38:06.7314367Z ##[endgroup]
2025-02-21T12:38:06.7359241Z [command]/usr/bin/git log -1 --format=%H
2025-02-21T12:38:06.7385380Z cbd7f101cb591d5fac2c8a9c3179002b3b0fbb1f
2025-02-21T12:38:06.7676062Z Prepare all required actions
2025-02-21T12:38:06.7676753Z Getting action download info
2025-02-21T12:38:06.9864851Z ##[group]Download immutable action package 'actions/cache@v4'
2025-02-21T12:38:06.9865264Z Version: 4.2.1
2025-02-21T12:38:06.9865624Z Digest: sha256:b0404c9628d43aa6855629075b28f32cadf8efc5c26198438149f78500112940
2025-02-21T12:38:06.9866100Z Source commit SHA: 0c907a75c2c80ebcb7f088228285e798b750cf8f
2025-02-21T12:38:06.9866441Z ##[endgroup]
2025-02-21T12:38:07.3164113Z ##[group]Run ./.github/actions/setup_lfs
2025-02-21T12:38:07.3164453Z with:
2025-02-21T12:38:07.3164735Z   regression-data-repo: tardis-sn/tardis-regression-data
2025-02-21T12:38:07.3165095Z   atom-data-sparse: false
2025-02-21T12:38:07.3165348Z env:
2025-02-21T12:38:07.3165548Z   CACHE_NUMBER: 0
2025-02-21T12:38:07.3166193Z   PYTEST_FLAGS: --tardis-regression-data=/home/runner/work/tardis/tardis/tardis-regression-data --cov=tardis --cov-report=xml --cov-report=html --cov-append
2025-02-21T12:38:07.3166927Z   CODECOV_TOKEN: 
2025-02-21T12:38:07.3167148Z ##[endgroup]
2025-02-21T12:38:07.3304839Z ##[group]Run actions/checkout@v4
2025-02-21T12:38:07.3305153Z with:
2025-02-21T12:38:07.3305418Z   repository: tardis-sn/tardis-regression-data
2025-02-21T12:38:07.3305761Z   path: tardis-regression-data
2025-02-21T12:38:07.3306029Z   lfs: false
2025-02-21T12:38:07.3306382Z   token: ***
2025-02-21T12:38:07.3306611Z   ssh-strict: true
2025-02-21T12:38:07.3306842Z   ssh-user: git
2025-02-21T12:38:07.3307082Z   persist-credentials: true
2025-02-21T12:38:07.3307332Z   clean: true
2025-02-21T12:38:07.3307715Z   sparse-checkout-cone-mode: true
2025-02-21T12:38:07.3307998Z   fetch-depth: 1
2025-02-21T12:38:07.3308224Z   fetch-tags: false
2025-02-21T12:38:07.3308455Z   show-progress: true
2025-02-21T12:38:07.3308691Z   submodules: false
2025-02-21T12:38:07.3308939Z   set-safe-directory: true
2025-02-21T12:38:07.3309193Z env:
2025-02-21T12:38:07.3309395Z   CACHE_NUMBER: 0
2025-02-21T12:38:07.3310067Z   PYTEST_FLAGS: --tardis-regression-data=/home/runner/work/tardis/tardis/tardis-regression-data --cov=tardis --cov-report=xml --cov-report=html --cov-append
2025-02-21T12:38:07.3310774Z   CODECOV_TOKEN: 
2025-02-21T12:38:07.3310996Z ##[endgroup]
2025-02-21T12:38:07.4246284Z Syncing repository: tardis-sn/tardis-regression-data
2025-02-21T12:38:07.4252670Z ##[group]Getting Git version info
2025-02-21T12:38:07.4253473Z Working directory is '/home/runner/work/tardis/tardis/tardis-regression-data'
2025-02-21T12:38:07.4295006Z [command]/usr/bin/git version
2025-02-21T12:38:07.4337875Z git version 2.48.1
2025-02-21T12:38:07.4362892Z ##[endgroup]
2025-02-21T12:38:07.4374877Z Temporarily overriding HOME='/home/runner/work/_temp/eff531be-f957-4e38-92f4-bda389d612d3' before making global git config changes
2025-02-21T12:38:07.4375777Z Adding repository directory to the temporary git global config as a safe directory
2025-02-21T12:38:07.4380305Z [command]/usr/bin/git config --global --add safe.directory /home/runner/work/tardis/tardis/tardis-regression-data
2025-02-21T12:38:07.4410433Z ##[group]Initializing the repository
2025-02-21T12:38:07.4415176Z [command]/usr/bin/git init /home/runner/work/tardis/tardis/tardis-regression-data
2025-02-21T12:38:07.4449466Z hint: Using 'master' as the name for the initial branch. This default branch name
2025-02-21T12:38:07.4450471Z hint: is subject to change. To configure the initial branch name to use in all
2025-02-21T12:38:07.4451458Z hint: of your new repositories, which will suppress this warning, call:
2025-02-21T12:38:07.4452122Z hint:
2025-02-21T12:38:07.4452481Z hint: 	git config --global init.defaultBranch <name>
2025-02-21T12:38:07.4452825Z hint:
2025-02-21T12:38:07.4453177Z hint: Names commonly chosen instead of 'master' are 'main', 'trunk' and
2025-02-21T12:38:07.4453718Z hint: 'development'. The just-created branch can be renamed via this command:
2025-02-21T12:38:07.4454103Z hint:
2025-02-21T12:38:07.4454341Z hint: 	git branch -m <name>
2025-02-21T12:38:07.4455111Z Initialized empty Git repository in /home/runner/work/tardis/tardis/tardis-regression-data/.git/
2025-02-21T12:38:07.4461143Z [command]/usr/bin/git remote add origin https://github.com/tardis-sn/tardis-regression-data
2025-02-21T12:38:07.4489910Z ##[endgroup]
2025-02-21T12:38:07.4491125Z ##[group]Disabling automatic garbage collection
2025-02-21T12:38:07.4495491Z [command]/usr/bin/git config --local gc.auto 0
2025-02-21T12:38:07.4523951Z ##[endgroup]
2025-02-21T12:38:07.4524733Z ##[group]Setting up auth
2025-02-21T12:38:07.4531098Z [command]/usr/bin/git config --local --name-only --get-regexp core\.sshCommand
2025-02-21T12:38:07.4560868Z [command]/usr/bin/git submodule foreach --recursive sh -c "git config --local --name-only --get-regexp 'core\.sshCommand' && git config --local --unset-all 'core.sshCommand' || :"
2025-02-21T12:38:07.4784723Z [command]/usr/bin/git config --local --name-only --get-regexp http\.https\:\/\/github\.com\/\.extraheader
2025-02-21T12:38:07.4815442Z [command]/usr/bin/git submodule foreach --recursive sh -c "git config --local --name-only --get-regexp 'http\.https\:\/\/github\.com\/\.extraheader' && git config --local --unset-all 'http.https://github.com/.extraheader' || :"
2025-02-21T12:38:07.5066517Z [command]/usr/bin/git config --local http.https://github.com/.extraheader AUTHORIZATION: basic ***
2025-02-21T12:38:07.5116166Z ##[endgroup]
2025-02-21T12:38:07.5117147Z ##[group]Determining the default branch
2025-02-21T12:38:07.5120865Z Retrieving the default branch name
2025-02-21T12:38:07.8053435Z Default branch 'main'
2025-02-21T12:38:07.8054349Z ##[endgroup]
2025-02-21T12:38:07.8055032Z ##[group]Fetching the repository
2025-02-21T12:38:07.8063030Z [command]/usr/bin/git -c protocol.version=2 fetch --no-tags --prune --no-recurse-submodules --depth=1 origin +refs/heads/main:refs/remotes/origin/main
2025-02-21T12:38:08.4470725Z From https://github.com/tardis-sn/tardis-regression-data
2025-02-21T12:38:08.4471519Z  * [new branch]      main       -> origin/main
2025-02-21T12:38:08.4497292Z ##[endgroup]
2025-02-21T12:38:08.4497984Z ##[group]Determining the checkout info
2025-02-21T12:38:08.4499529Z ##[endgroup]
2025-02-21T12:38:08.4504514Z [command]/usr/bin/git sparse-checkout disable
2025-02-21T12:38:08.4541947Z [command]/usr/bin/git config --local --unset-all extensions.worktreeConfig
2025-02-21T12:38:08.4570864Z ##[group]Checking out the ref
2025-02-21T12:38:08.4575176Z [command]/usr/bin/git checkout --progress --force -B main refs/remotes/origin/main
2025-02-21T12:38:08.5623008Z Switched to a new branch 'main'
2025-02-21T12:38:08.5624493Z branch 'main' set up to track 'origin/main'.
2025-02-21T12:38:08.5941757Z ##[endgroup]
2025-02-21T12:38:08.5946916Z [command]/usr/bin/git log -1 --format=%H
2025-02-21T12:38:08.5973017Z 84e768462f20f09fbccc05625cdcc1d8ffbe404c
2025-02-21T12:38:08.6108748Z ##[group]Run if [ "false" == "true" ]; then
2025-02-21T12:38:08.6109145Z [36;1mif [ "false" == "true" ]; then[0m
2025-02-21T12:38:08.6109470Z [36;1m  echo "Using atom data sparse checkout"[0m
2025-02-21T12:38:08.6110122Z [36;1m  echo "atom_data/kurucz_cd23_chianti_H_He.h5" > .lfs-files-list[0m
2025-02-21T12:38:08.6110456Z [36;1melse[0m
2025-02-21T12:38:08.6110674Z [36;1m  echo "Using full repository checkout"[0m
2025-02-21T12:38:08.6111033Z [36;1m  git lfs ls-files -l | cut -d' ' -f1 | sort > .lfs-files-list[0m
2025-02-21T12:38:08.6111380Z [36;1mfi[0m
2025-02-21T12:38:08.6278796Z shell: /usr/bin/bash --noprofile --norc -e -o pipefail {0}
2025-02-21T12:38:08.6279154Z env:
2025-02-21T12:38:08.6279330Z   CACHE_NUMBER: 0
2025-02-21T12:38:08.6279938Z   PYTEST_FLAGS: --tardis-regression-data=/home/runner/work/tardis/tardis/tardis-regression-data --cov=tardis --cov-report=xml --cov-report=html --cov-append
2025-02-21T12:38:08.6280584Z   CODECOV_TOKEN: 
2025-02-21T12:38:08.6280776Z ##[endgroup]
2025-02-21T12:38:08.6380236Z Using full repository checkout
2025-02-21T12:38:08.7805989Z ##[group]Run actions/cache/restore@v4
2025-02-21T12:38:08.7806312Z with:
2025-02-21T12:38:08.7806521Z   path: tardis-regression-data/.git/lfs
2025-02-21T12:38:08.7807364Z   key: tardis-regression-full-data-c8ff2bbb6048b3f24d3f52a1e85b013ad47e52c369a6ce4cfdeff528b659b86f-tardis-sn/tardis-regression-data-v1
2025-02-21T12:38:08.7808255Z   fail-on-cache-miss: true
2025-02-21T12:38:08.7808498Z   enableCrossOsArchive: false
2025-02-21T12:38:08.7808728Z   lookup-only: false
2025-02-21T12:38:08.7808925Z env:
2025-02-21T12:38:08.7809094Z   CACHE_NUMBER: 0
2025-02-21T12:38:08.7809699Z   PYTEST_FLAGS: --tardis-regression-data=/home/runner/work/tardis/tardis/tardis-regression-data --cov=tardis --cov-report=xml --cov-report=html --cov-append
2025-02-21T12:38:08.7810333Z   CODECOV_TOKEN: 
2025-02-21T12:38:08.7810515Z ##[endgroup]
2025-02-21T12:38:09.2058838Z Cache hit for: tardis-regression-full-data-c8ff2bbb6048b3f24d3f52a1e85b013ad47e52c369a6ce4cfdeff528b659b86f-tardis-sn/tardis-regression-data-v1
2025-02-21T12:38:10.5631274Z Received 4194304 of 2161656325 (0.2%), 4.0 MBs/sec
2025-02-21T12:38:11.5641754Z Received 113246208 of 2161656325 (5.2%), 53.9 MBs/sec
2025-02-21T12:38:12.5648357Z Received 230686720 of 2161656325 (10.7%), 73.3 MBs/sec
2025-02-21T12:38:13.5676143Z Received 360710144 of 2161656325 (16.7%), 85.9 MBs/sec
2025-02-21T12:38:14.5658606Z Received 473956352 of 2161656325 (21.9%), 90.3 MBs/sec
2025-02-21T12:38:15.5700437Z Received 591396864 of 2161656325 (27.4%), 93.9 MBs/sec
2025-02-21T12:38:16.5670212Z Received 704643072 of 2161656325 (32.6%), 95.9 MBs/sec
2025-02-21T12:38:17.5682982Z Received 838860800 of 2161656325 (38.8%), 99.9 MBs/sec
2025-02-21T12:38:18.5693265Z Received 960495616 of 2161656325 (44.4%), 101.7 MBs/sec
2025-02-21T12:38:19.5698619Z Received 1073741824 of 2161656325 (49.7%), 102.3 MBs/sec
2025-02-21T12:38:20.5752568Z Received 1203765248 of 2161656325 (55.7%), 104.3 MBs/sec
2025-02-21T12:38:21.5715599Z Received 1321205760 of 2161656325 (61.1%), 104.9 MBs/sec
2025-02-21T12:38:22.5808564Z Received 1447034880 of 2161656325 (66.9%), 106.0 MBs/sec
2025-02-21T12:38:23.5784479Z Received 1556086784 of 2161656325 (72.0%), 105.9 MBs/sec
2025-02-21T12:38:24.5788659Z Received 1656750080 of 2161656325 (76.6%), 105.2 MBs/sec
2025-02-21T12:38:25.5782720Z Received 1774190592 of 2161656325 (82.1%), 105.6 MBs/sec
2025-02-21T12:38:26.5798441Z Received 1879048192 of 2161656325 (86.9%), 105.3 MBs/sec
2025-02-21T12:38:27.5966225Z Received 2013265920 of 2161656325 (93.1%), 106.5 MBs/sec
2025-02-21T12:38:28.6165378Z Received 2147483648 of 2161656325 (99.3%), 107.5 MBs/sec
2025-02-21T12:38:28.8654274Z Received 2161656325 of 2161656325 (100.0%), 106.8 MBs/sec
2025-02-21T12:38:28.8657212Z Cache Size: ~2062 MB (2161656325 B)
2025-02-21T12:38:28.8700084Z [command]/usr/bin/tar -xf /home/runner/work/_temp/8b0bf30a-f967-4c41-bcc2-5ecd98461983/cache.tzst -P -C /home/runner/work/tardis/tardis --use-compress-program unzstd
2025-02-21T12:38:38.9684471Z Cache restored successfully
2025-02-21T12:38:39.3431874Z Cache restored from key: tardis-regression-full-data-c8ff2bbb6048b3f24d3f52a1e85b013ad47e52c369a6ce4cfdeff528b659b86f-tardis-sn/tardis-regression-data-v1
2025-02-21T12:38:39.3569878Z ##[group]Run git lfs checkout
2025-02-21T12:38:39.3570133Z [36;1mgit lfs checkout[0m
2025-02-21T12:38:39.3625213Z shell: /usr/bin/bash --noprofile --norc -e -o pipefail {0}
2025-02-21T12:38:39.3625530Z env:
2025-02-21T12:38:39.3625711Z   CACHE_NUMBER: 0
2025-02-21T12:38:39.3626318Z   PYTEST_FLAGS: --tardis-regression-data=/home/runner/work/tardis/tardis/tardis-regression-data --cov=tardis --cov-report=xml --cov-report=html --cov-append
2025-02-21T12:38:39.3626976Z   CODECOV_TOKEN: 
2025-02-21T12:38:39.3627160Z ##[endgroup]
2025-02-21T12:39:00.1474607Z Checking out LFS objects: 100% (204/204), 5.7 GB | 263 MB/s, done.
2025-02-21T12:39:03.7741930Z Prepare all required actions
2025-02-21T12:39:03.7742283Z Getting action download info
2025-02-21T12:39:03.9351378Z Download action repository 'mamba-org/setup-micromamba@v1' (SHA:4b9113af4fba0e9e1124b252dd6497a419e7396d)
2025-02-21T12:39:04.4953480Z ##[group]Run ./.github/actions/setup_env
2025-02-21T12:39:04.4953739Z with:
2025-02-21T12:39:04.4953939Z   os-label: linux-64
2025-02-21T12:39:04.4954124Z env:
2025-02-21T12:39:04.4954290Z   CACHE_NUMBER: 0
2025-02-21T12:39:04.4954898Z   PYTEST_FLAGS: --tardis-regression-data=/home/runner/work/tardis/tardis/tardis-regression-data --cov=tardis --cov-report=xml --cov-report=html --cov-append
2025-02-21T12:39:04.4955544Z   CODECOV_TOKEN: 
2025-02-21T12:39:04.4955724Z ##[endgroup]
2025-02-21T12:39:04.4975867Z ##[group]Run file_hash=$(cat conda-linux-64.lock | shasum -a 256 | cut -d' ' -f1)
2025-02-21T12:39:04.4976366Z [36;1mfile_hash=$(cat conda-linux-64.lock | shasum -a 256 | cut -d' ' -f1)[0m
2025-02-21T12:39:04.4976939Z [36;1mecho "file_hash=tardis-conda-env-linux-64-${file_hash}-v1" >> "${GITHUB_OUTPUT}"[0m
2025-02-21T12:39:04.5032108Z shell: /usr/bin/bash --noprofile --norc -e -o pipefail {0}
2025-02-21T12:39:04.5032426Z env:
2025-02-21T12:39:04.5032607Z   CACHE_NUMBER: 0
2025-02-21T12:39:04.5033232Z   PYTEST_FLAGS: --tardis-regression-data=/home/runner/work/tardis/tardis/tardis-regression-data --cov=tardis --cov-report=xml --cov-report=html --cov-append
2025-02-21T12:39:04.5033872Z   CODECOV_TOKEN: 
2025-02-21T12:39:04.5034050Z ##[endgroup]
2025-02-21T12:39:04.5410112Z ##[group]Run mamba-org/setup-micromamba@v1
2025-02-21T12:39:04.5410367Z with:
2025-02-21T12:39:04.5410561Z   environment-file: conda-linux-64.lock
2025-02-21T12:39:04.5411109Z   cache-environment-key: tardis-conda-env-linux-64-d7cd390425b0fd3cf82649dcc003efba9915fb4928f15d342148c3ccffcbe2ee-v1
2025-02-21T12:39:04.5411933Z   cache-downloads-key: tardis-conda-env-linux-64-d7cd390425b0fd3cf82649dcc003efba9915fb4928f15d342148c3ccffcbe2ee-v1
2025-02-21T12:39:04.5412467Z   environment-name: tardis
2025-02-21T12:39:04.5412692Z   cache-environment: true
2025-02-21T12:39:04.5412895Z   cache-downloads: true
2025-02-21T12:39:04.5413100Z env:
2025-02-21T12:39:04.5413262Z   CACHE_NUMBER: 0
2025-02-21T12:39:04.5413869Z   PYTEST_FLAGS: --tardis-regression-data=/home/runner/work/tardis/tardis/tardis-regression-data --cov=tardis --cov-report=xml --cov-report=html --cov-append
2025-02-21T12:39:04.5414519Z   CODECOV_TOKEN: 
2025-02-21T12:39:04.5414699Z ##[endgroup]
2025-02-21T12:39:04.6789985Z Will download micromamba to /home/runner/micromamba-bin/micromamba
2025-02-21T12:39:04.6801626Z ##[group]Install micromamba
2025-02-21T12:39:05.3234243Z micromamba installed to /home/runner/micromamba-bin/micromamba
2025-02-21T12:39:05.3235079Z ##[endgroup]
2025-02-21T12:39:05.3235840Z Adding conda-forge to condarc channels ...
2025-02-21T12:39:05.3245466Z ##[group]Initialize micromamba for bash.
2025-02-21T12:39:05.3262709Z [command]/home/runner/micromamba-bin/micromamba shell init -s bash -r /home/runner/micromamba --log-level warning --rc-file /home/runner/work/_temp/setup-micromamba/.condarc
2025-02-21T12:39:05.3374223Z Modifying RC file "/home/runner/.bashrc"
2025-02-21T12:39:05.3375148Z Generating config for root prefix [1m"/home/runner/micromamba"[0m
2025-02-21T12:39:05.3375966Z Setting mamba executable to: [1m"/home/runner/micromamba-bin/micromamba"[0m
2025-02-21T12:39:05.3377007Z Adding (or replacing) the following in your "/home/runner/.bashrc" file
2025-02-21T12:39:05.3377643Z 
2025-02-21T12:39:05.3377780Z # >>> mamba initialize >>>
2025-02-21T12:39:05.3378227Z # !! Contents within this block are managed by 'mamba init' !!
2025-02-21T12:39:05.3378838Z export MAMBA_EXE='/home/runner/micromamba-bin/micromamba';
2025-02-21T12:39:05.3379396Z export MAMBA_ROOT_PREFIX='/home/runner/micromamba';
2025-02-21T12:39:05.3380182Z __mamba_setup="$("$MAMBA_EXE" shell hook --shell bash --root-prefix "$MAMBA_ROOT_PREFIX" 2> /dev/null)"
2025-02-21T12:39:05.3380864Z if [ $? -eq 0 ]; then
2025-02-21T12:39:05.3381425Z     eval "$__mamba_setup"
2025-02-21T12:39:05.3381778Z else
2025-02-21T12:39:05.3382214Z     alias micromamba="$MAMBA_EXE"  # Fallback on help from mamba activate
2025-02-21T12:39:05.3382756Z fi
2025-02-21T12:39:05.3383022Z unset __mamba_setup
2025-02-21T12:39:05.3383340Z # <<< mamba initialize <<<
2025-02-21T12:39:05.3383508Z 
2025-02-21T12:39:05.3394277Z Moving mamba initialize block to .bash_profile
2025-02-21T12:39:05.3409661Z ##[endgroup]
2025-02-21T12:39:05.3411016Z ##[group]Restoring downloads from `/home/runner/micromamba/pkgs` ...
2025-02-21T12:39:06.9011932Z Received 0 of 356815776 (0.0%), 0.0 MBs/sec
2025-02-21T12:39:07.9018107Z Received 134217728 of 356815776 (37.6%), 64.0 MBs/sec
2025-02-21T12:39:08.9015745Z Received 297795584 of 356815776 (83.5%), 94.6 MBs/sec
2025-02-21T12:39:09.9021412Z Received 352621472 of 356815776 (98.8%), 84.1 MBs/sec
2025-02-21T12:39:10.1608991Z Cache Size: ~340 MB (356815776 B)
2025-02-21T12:39:10.1644690Z [command]/usr/bin/tar -xf /home/runner/work/_temp/7fb2878e-d1e5-4d9c-b9a7-c82b1c52f9cf/cache.tzst -P -C /home/runner/work/tardis/tardis --use-compress-program unzstd
2025-02-21T12:39:10.6455906Z Cache restored successfully
2025-02-21T12:39:10.7221554Z Restored cache with key `tardis-conda-env-linux-64-d7cd390425b0fd3cf82649dcc003efba9915fb4928f15d342148c3ccffcbe2ee-v1-linux-64`
2025-02-21T12:39:10.7223026Z ##[endgroup]
2025-02-21T12:39:10.7233955Z ##[group]Restoring environment `tardis` from `/home/runner/micromamba/envs/tardis` ...
2025-02-21T12:39:10.9028850Z Received 356815776 of 356815776 (100.0%), 68.0 MBs/sec
2025-02-21T12:39:12.3362112Z Received 0 of 444032293 (0.0%), 0.0 MBs/sec
2025-02-21T12:39:13.3366686Z Received 130023424 of 444032293 (29.3%), 62.0 MBs/sec
2025-02-21T12:39:14.3373268Z Received 285212672 of 444032293 (64.2%), 90.6 MBs/sec
2025-02-21T12:39:15.3379541Z Received 419430400 of 444032293 (94.5%), 100.0 MBs/sec
2025-02-21T12:39:15.6252810Z Cache Size: ~423 MB (444032293 B)
2025-02-21T12:39:15.6290848Z [command]/usr/bin/tar -xf /home/runner/work/_temp/b447fcc9-f222-42ab-b52d-0755359aac93/cache.tzst -P -C /home/runner/work/tardis/tardis --use-compress-program unzstd
2025-02-21T12:39:16.3393081Z Received 444032293 of 444032293 (100.0%), 84.6 MBs/sec
2025-02-21T12:39:20.7605819Z Cache restored successfully
2025-02-21T12:39:20.8462835Z Restored cache with key `tardis-conda-env-linux-64-d7cd390425b0fd3cf82649dcc003efba9915fb4928f15d342148c3ccffcbe2ee-v1-linux-64-tardis-args-4f53cda-root-dcc80ee-bin-[object Promise]-file-d7cd390425b0fd3cf82649dcc003efba9915fb4928f15d342148c3ccffcbe2ee`
2025-02-21T12:39:20.8465173Z ##[endgroup]
2025-02-21T12:39:20.8465560Z Adding environment tardis to auto-activate bash ...
2025-02-21T12:39:20.8475873Z Generating micromamba run shell.
2025-02-21T12:39:20.8484055Z ##[endgroup]
2025-02-21T12:39:20.8490283Z Set environment variables.
2025-02-21T12:39:20.8494079Z ##[group]micromamba info
2025-02-21T12:39:20.8497605Z [command]/home/runner/micromamba-bin/micromamba info -r /home/runner/micromamba -n tardis
2025-02-21T12:39:20.8725232Z 
2025-02-21T12:39:20.8725598Z        libmamba version : 1.5.10
2025-02-21T12:39:20.8726044Z      micromamba version : 1.5.10
2025-02-21T12:39:20.8726700Z            curl version : libcurl/8.10.1 OpenSSL/3.3.2 zlib/1.3.1 zstd/1.5.6 libssh2/1.11.0 nghttp2/1.58.0
2025-02-21T12:39:20.8727799Z      libarchive version : libarchive 3.7.4 zlib/1.2.13 bz2lib/1.0.8 libzstd/1.5.6
2025-02-21T12:39:20.8728929Z        envs directories : /home/runner/micromamba/envs
2025-02-21T12:39:20.8729462Z           package cache : /home/runner/micromamba/pkgs
2025-02-21T12:39:20.8729946Z                           /home/runner/.mamba/pkgs
2025-02-21T12:39:20.8730374Z             environment : tardis
2025-02-21T12:39:20.8730850Z            env location : /home/runner/micromamba/envs/tardis
2025-02-21T12:39:20.8731334Z       user config files : /home/runner/.mambarc
2025-02-21T12:39:20.8731957Z  populated config files : /home/runner/work/_temp/setup-micromamba/.condarc
2025-02-21T12:39:20.8732772Z        virtual packages : __unix=0=0
2025-02-21T12:39:20.8733176Z                           __linux=6.8.0=0
2025-02-21T12:39:20.8733568Z                           __glibc=2.39=0
2025-02-21T12:39:20.8733977Z                           __archspec=1=x86_64_v3
2025-02-21T12:39:20.8734518Z                channels : https://conda.anaconda.org/conda-forge/linux-64
2025-02-21T12:39:20.8735121Z                           https://conda.anaconda.org/conda-forge/noarch
2025-02-21T12:39:20.8735649Z        base environment : /home/runner/micromamba
2025-02-21T12:39:20.8736098Z                platform : linux-64
2025-02-21T12:39:20.8743551Z ##[endgroup]
2025-02-21T12:39:20.8744122Z ##[group]micromamba list
2025-02-21T12:39:20.8745483Z [command]/home/runner/micromamba-bin/micromamba list -r /home/runner/micromamba -n tardis
2025-02-21T12:39:21.2609603Z List of packages in environment: "/home/runner/micromamba/envs/tardis"
2025-02-21T12:39:21.2610134Z 
2025-02-21T12:39:21.2610406Z   Name                           Version              Build                    Channel    
2025-02-21T12:39:21.2611399Z â”€â”€â”€â”€â”€â”€â”€â”€â”€â”€â”€â”€â”€â”€â”€â”€â”€â”€â”€â”€â”€â”€â”€â”€â”€â”€â”€â”€â”€â”€â”€â”€â”€â”€â”€â”€â”€â”€â”€â”€â”€â”€â”€â”€â”€â”€â”€â”€â”€â”€â”€â”€â”€â”€â”€â”€â”€â”€â”€â”€â”€â”€â”€â”€â”€â”€â”€â”€â”€â”€â”€â”€â”€â”€â”€â”€â”€â”€â”€â”€â”€â”€â”€â”€â”€â”€â”€â”€â”€â”€â”€â”€
2025-02-21T12:39:21.2612061Z   _libgcc_mutex                  0.1                  conda_forge              conda-forge
2025-02-21T12:39:21.2612649Z   _openmp_mutex                  4.5                  2_gnu                    conda-forge
2025-02-21T12:39:21.2613262Z   alabaster                      0.7.16               pyhd8ed1ab_0             conda-forge
2025-02-21T12:39:21.2613819Z   anyio                          4.4.0                pyhd8ed1ab_0             conda-forge
2025-02-21T12:39:21.2614380Z   argon2-cffi                    23.1.0               pyhd8ed1ab_0             conda-forge
2025-02-21T12:39:21.2615033Z   argon2-cffi-bindings           21.2.0               py312h98912ed_4          conda-forge
2025-02-21T12:39:21.2615621Z   arrow                          1.3.0                pyhd8ed1ab_0             conda-forge
2025-02-21T12:39:21.2616168Z   astropy                        6.1.1                py312h085067d_0          conda-forge
2025-02-21T12:39:21.2616872Z   astropy-iers-data              0.2024.6.17.0.31.35  pyhd8ed1ab_0             conda-forge
2025-02-21T12:39:21.2617869Z   astropy-sphinx-theme           1.1                  pyhd8ed1ab_0             conda-forge
2025-02-21T12:39:21.2618513Z   asttokens                      2.4.1                pyhd8ed1ab_0             conda-forge
2025-02-21T12:39:21.2619120Z   async-lru                      2.0.4                pyhd8ed1ab_0             conda-forge
2025-02-21T12:39:21.2619669Z   atk-1.0                        2.38.0               h04ea711_2               conda-forge
2025-02-21T12:39:21.2620224Z   attrs                          23.2.0               pyh71513ae_0             conda-forge
2025-02-21T12:39:21.2620717Z   babel                          2.14.0               pyhd8ed1ab_0             conda-forge
2025-02-21T12:39:21.2621309Z   beautifulsoup4                 4.12.3               pyha770c72_0             conda-forge
2025-02-21T12:39:21.2621830Z   bleach                         6.1.0                pyhd8ed1ab_0             conda-forge
2025-02-21T12:39:21.2622181Z   blosc                          1.21.5               hc2324a3_1               conda-forge
2025-02-21T12:39:21.2622508Z   brotli                         1.1.0                hd590300_1               conda-forge
2025-02-21T12:39:21.2623212Z   brotli-bin                     1.1.0                hd590300_1               conda-forge
2025-02-21T12:39:21.2623594Z   brotli-python                  1.1.0                py312h30efb56_1          conda-forge
2025-02-21T12:39:21.2623962Z   bzip2                          1.0.8                hd590300_5               conda-forge
2025-02-21T12:39:21.2624298Z   c-ares                         1.28.1               hd590300_0               conda-forge
2025-02-21T12:39:21.2624636Z   c-blosc2                       2.14.4               hb4ffafa_1               conda-forge
2025-02-21T12:39:21.2625135Z   ca-certificates                2024.6.2             hbcca054_0               conda-forge
2025-02-21T12:39:21.2625546Z   cached-property                1.5.2                hd8ed1ab_1               conda-forge
2025-02-21T12:39:21.2625948Z   cached_property                1.5.2                pyha770c72_1             conda-forge
2025-02-21T12:39:21.2626311Z   cairo                          1.18.0               h3faef2a_0               conda-forge
2025-02-21T12:39:21.2626666Z   certifi                        2024.6.2             pyhd8ed1ab_0             conda-forge
2025-02-21T12:39:21.2627020Z   cffi                           1.16.0               py312hf06ca03_0          conda-forge
2025-02-21T12:39:21.2627582Z   charset-normalizer             3.3.2                pyhd8ed1ab_0             conda-forge
2025-02-21T12:39:21.2628057Z   click                          8.1.7                unix_pyh707e725_0        conda-forge
2025-02-21T12:39:21.2628429Z   codespell                      2.3.0                pyhd8ed1ab_0             conda-forge
2025-02-21T12:39:21.2628805Z   colorama                       0.4.6                pyhd8ed1ab_0             conda-forge
2025-02-21T12:39:21.2629157Z   comm                           0.2.2                pyhd8ed1ab_0             conda-forge
2025-02-21T12:39:21.2629509Z   commonmark                     0.9.1                py_0                     conda-forge
2025-02-21T12:39:21.2629894Z   contourpy                      1.2.1                py312h8572e83_0          conda-forge
2025-02-21T12:39:21.2630257Z   coverage                       7.5.3                py312h9a8786e_0          conda-forge
2025-02-21T12:39:21.2630602Z   cycler                         0.12.1               pyhd8ed1ab_0             conda-forge
2025-02-21T12:39:21.2630955Z   dataclasses                    0.8                  pyhc8e2a94_3             conda-forge
2025-02-21T12:39:21.2631312Z   debugpy                        1.8.1                py312h30efb56_0          conda-forge
2025-02-21T12:39:21.2631672Z   decorator                      5.1.1                pyhd8ed1ab_0             conda-forge
2025-02-21T12:39:21.2632032Z   defusedxml                     0.7.1                pyhd8ed1ab_0             conda-forge
2025-02-21T12:39:21.2632386Z   docutils                       0.20.1               py312h7900ff3_3          conda-forge
2025-02-21T12:39:21.2632734Z   dot2tex                        2.11.3               pyhd8ed1ab_0             conda-forge
2025-02-21T12:39:21.2633101Z   entrypoints                    0.4                  pyhd8ed1ab_0             conda-forge
2025-02-21T12:39:21.2633486Z   exceptiongroup                 1.2.0                pyhd8ed1ab_2             conda-forge
2025-02-21T12:39:21.2633863Z   executing                      2.0.1                pyhd8ed1ab_0             conda-forge
2025-02-21T12:39:21.2634207Z   expat                          2.6.2                h59595ed_0               conda-forge
2025-02-21T12:39:21.2634605Z   font-ttf-dejavu-sans-mono      2.37                 hab24e00_0               conda-forge
2025-02-21T12:39:21.2635051Z   font-ttf-inconsolata           3.000                h77eed37_0               conda-forge
2025-02-21T12:39:21.2635489Z   font-ttf-source-code-pro       2.038                h77eed37_0               conda-forge
2025-02-21T12:39:21.2635911Z   font-ttf-ubuntu                0.83                 h77eed37_2               conda-forge
2025-02-21T12:39:21.2636425Z   fontconfig                     2.14.2               h14ed4e7_0               conda-forge
2025-02-21T12:39:21.2636822Z   fonts-conda-ecosystem          1                    0                        conda-forge
2025-02-21T12:39:21.2637231Z   fonts-conda-forge              1                    0                        conda-forge
2025-02-21T12:39:21.2637783Z   fonttools                      4.53.0               py312h9a8786e_0          conda-forge
2025-02-21T12:39:21.2638135Z   fqdn                           1.5.1                pyhd8ed1ab_0             conda-forge
2025-02-21T12:39:21.2638591Z   freetype                       2.12.1               h267a509_2               conda-forge
2025-02-21T12:39:21.2638951Z   fribidi                        1.0.10               h36c2ea0_0               conda-forge
2025-02-21T12:39:21.2639293Z   future                         1.0.0                pyhd8ed1ab_0             conda-forge
2025-02-21T12:39:21.2639644Z   gdk-pixbuf                     2.42.12              hb9ae30d_0               conda-forge
2025-02-21T12:39:21.2640098Z   giflib                         5.2.2                hd590300_0               conda-forge
2025-02-21T12:39:21.2640467Z   git-lfs                        3.5.1                ha770c72_0               conda-forge
2025-02-21T12:39:21.2640795Z   gmp                            6.3.0                h59595ed_1               conda-forge
2025-02-21T12:39:21.2641121Z   gmpy2                          2.1.5                py312h1d5cde6_1          conda-forge
2025-02-21T12:39:21.2641468Z   graphite2                      1.3.13               h59595ed_1003            conda-forge
2025-02-21T12:39:21.2641830Z   graphviz                       11.0.0               hc68bbd7_0               conda-forge
2025-02-21T12:39:21.2642169Z   gtk2                           2.24.33              h280cfa0_4               conda-forge
2025-02-21T12:39:21.2642492Z   gts                            0.7.6                h977cf35_4               conda-forge
2025-02-21T12:39:21.2642807Z   h11                            0.14.0               pyhd8ed1ab_0             conda-forge
2025-02-21T12:39:21.2643127Z   h2                             4.1.0                pyhd8ed1ab_0             conda-forge
2025-02-21T12:39:21.2643468Z   h5py                           3.11.0               nompi_py312hb7ab980_102  conda-forge
2025-02-21T12:39:21.2643814Z   harfbuzz                       8.5.0                hfac3d4d_0               conda-forge
2025-02-21T12:39:21.2644154Z   hdf5                           1.14.3               nompi_hdf9ad27_105       conda-forge
2025-02-21T12:39:21.2644493Z   hpack                          4.0.0                pyh9f0ad1d_0             conda-forge
2025-02-21T12:39:21.2644841Z   httpcore                       1.0.5                pyhd8ed1ab_0             conda-forge
2025-02-21T12:39:21.2645273Z   httpx                          0.27.0               pyhd8ed1ab_0             conda-forge
2025-02-21T12:39:21.2645629Z   hyperframe                     6.0.1                pyhd8ed1ab_0             conda-forge
2025-02-21T12:39:21.2645979Z   icu                            73.2                 h59595ed_0               conda-forge
2025-02-21T12:39:21.2646295Z   idna                           3.7                  pyhd8ed1ab_0             conda-forge
2025-02-21T12:39:21.2646636Z   imagesize                      1.4.1                pyhd8ed1ab_0             conda-forge
2025-02-21T12:39:21.2647023Z   importlib-metadata             7.1.0                pyha770c72_0             conda-forge
2025-02-21T12:39:21.2647613Z   importlib_metadata             7.1.0                hd8ed1ab_0               conda-forge
2025-02-21T12:39:21.2648050Z   importlib_resources            6.4.0                pyhd8ed1ab_0             conda-forge
2025-02-21T12:39:21.2648444Z   iniconfig                      2.0.0                pyhd8ed1ab_0             conda-forge
2025-02-21T12:39:21.2648795Z   ipykernel                      6.29.4               pyh3099207_0             conda-forge
2025-02-21T12:39:21.2649340Z   ipython                        8.25.0               pyh707e725_0             conda-forge
2025-02-21T12:39:21.2650131Z   ipython_genutils               0.2.0                pyhd8ed1ab_1             conda-forge
2025-02-21T12:39:21.2650531Z   ipywidgets                     7.8.0                pyhd8ed1ab_0             conda-forge
2025-02-21T12:39:21.2650904Z   isoduration                    20.11.0              pyhd8ed1ab_0             conda-forge
2025-02-21T12:39:21.2651346Z   jedi                           0.19.1               pyhd8ed1ab_0             conda-forge
2025-02-21T12:39:21.2652145Z   jinja2                         3.1.4                pyhd8ed1ab_0             conda-forge
2025-02-21T12:39:21.2652781Z   json5                          0.9.25               pyhd8ed1ab_0             conda-forge
2025-02-21T12:39:21.2653380Z   jsonpointer                    3.0.0                py312h7900ff3_0          conda-forge
2025-02-21T12:39:21.2653835Z   jsonschema                     4.22.0               pyhd8ed1ab_0             conda-forge
2025-02-21T12:39:21.2654534Z   jsonschema-specifications      2023.12.1            pyhd8ed1ab_0             conda-forge
2025-02-21T12:39:21.2655438Z   jsonschema-with-format-nongpl  4.22.0               pyhd8ed1ab_0             conda-forge
2025-02-21T12:39:21.2656217Z   jupyter-lsp                    2.2.5                pyhd8ed1ab_0             conda-forge
2025-02-21T12:39:21.2656910Z   jupyter_client                 8.6.2                pyhd8ed1ab_0             conda-forge
2025-02-21T12:39:21.2657733Z   jupyter_core                   5.7.2                py312h7900ff3_0          conda-forge
2025-02-21T12:39:21.2658298Z   jupyter_events                 0.10.0               pyhd8ed1ab_0             conda-forge
2025-02-21T12:39:21.2658695Z   jupyter_server                 2.14.1               pyhd8ed1ab_0             conda-forge
2025-02-21T12:39:21.2659105Z   jupyter_server_terminals       0.5.3                pyhd8ed1ab_0             conda-forge
2025-02-21T12:39:21.2659508Z   jupyterlab                     4.2.2                pyhd8ed1ab_0             conda-forge
2025-02-21T12:39:21.2659937Z   jupyterlab_pygments            0.3.0                pyhd8ed1ab_1             conda-forge
2025-02-21T12:39:21.2660348Z   jupyterlab_server              2.27.2               pyhd8ed1ab_0             conda-forge
2025-02-21T12:39:21.2660750Z   jupyterlab_widgets             1.1.7                pyhd8ed1ab_0             conda-forge
2025-02-21T12:39:21.2661278Z   keyutils                       1.6.1                h166bdaf_0               conda-forge
2025-02-21T12:39:21.2661666Z   kiwisolver                     1.4.5                py312h8572e83_1          conda-forge
2025-02-21T12:39:21.2662188Z   krb5                           1.21.2               h659d440_0               conda-forge
2025-02-21T12:39:21.2662769Z   latexcodec                     2.0.1                pyh9f0ad1d_0             conda-forge
2025-02-21T12:39:21.2663367Z   lcms2                          2.16                 hb7c19ff_0               conda-forge
2025-02-21T12:39:21.2663988Z   ld_impl_linux-64               2.40                 hf3520f5_7               conda-forge
2025-02-21T12:39:21.2664342Z   lerc                           4.0.0                h27087fc_0               conda-forge
2025-02-21T12:39:21.2664668Z   libaec                         1.1.3                h59595ed_0               conda-forge
2025-02-21T12:39:21.2665021Z   libblas                        3.9.0                22_linux64_openblas      conda-forge
2025-02-21T12:39:21.2665400Z   libbrotlicommon                1.1.0                hd590300_1               conda-forge
2025-02-21T12:39:21.2665787Z   libbrotlidec                   1.1.0                hd590300_1               conda-forge
2025-02-21T12:39:21.2666229Z   libbrotlienc                   1.1.0                hd590300_1               conda-forge
2025-02-21T12:39:21.2666820Z   libcblas                       3.9.0                22_linux64_openblas      conda-forge
2025-02-21T12:39:21.2667577Z   libcurl                        8.8.0                hca28451_0               conda-forge
2025-02-21T12:39:21.2668417Z   libdeflate                     1.20                 hd590300_0               conda-forge
2025-02-21T12:39:21.2669056Z   libedit                        3.1.20191231         he28a2e2_2               conda-forge
2025-02-21T12:39:21.2669661Z   libev                          4.33                 hd590300_2               conda-forge
2025-02-21T12:39:21.2670251Z   libexpat                       2.6.2                h59595ed_0               conda-forge
2025-02-21T12:39:21.2671022Z   libffi                         3.4.2                h7f98852_5               conda-forge
2025-02-21T12:39:21.2671624Z   libgcc-ng                      13.2.0               h77fa898_10              conda-forge
2025-02-21T12:39:21.2672212Z   libgd                          2.3.3                h119a65a_9               conda-forge
2025-02-21T12:39:21.2672834Z   libgfortran-ng                 13.2.0               h69a702a_10              conda-forge
2025-02-21T12:39:21.2673507Z   libgfortran5                   13.2.0               h3d2ce59_10              conda-forge
2025-02-21T12:39:21.2674129Z   libglib                        2.80.2               h8a4344b_1               conda-forge
2025-02-21T12:39:21.2674722Z   libgomp                        13.2.0               h77fa898_10              conda-forge
2025-02-21T12:39:21.2675319Z   libiconv                       1.17                 hd590300_2               conda-forge
2025-02-21T12:39:21.2675951Z   libjpeg-turbo                  3.0.0                hd590300_1               conda-forge
2025-02-21T12:39:21.2676610Z   liblapack                      3.9.0                22_linux64_openblas      conda-forge
2025-02-21T12:39:21.2677249Z   libllvm14                      14.0.6               hcd5def8_4               conda-forge
2025-02-21T12:39:21.2678036Z   libnghttp2                     1.58.0               h47da74e_1               conda-forge
2025-02-21T12:39:21.2678655Z   libnsl                         2.0.1                hd590300_0               conda-forge
2025-02-21T12:39:21.2679292Z   libopenblas                    0.3.27               pthreads_h413a1c8_0      conda-forge
2025-02-21T12:39:21.2679921Z   libpng                         1.6.43               h2797004_0               conda-forge
2025-02-21T12:39:21.2680517Z   librsvg                        2.58.1               hadf69e7_0               conda-forge
2025-02-21T12:39:21.2681130Z   libsodium                      1.0.18               h36c2ea0_1               conda-forge
2025-02-21T12:39:21.2681765Z   libsqlite                      3.46.0               hde9e2c9_0               conda-forge
2025-02-21T12:39:21.2682375Z   libssh2                        1.11.0               h0841786_0               conda-forge
2025-02-21T12:39:21.2683006Z   libstdcxx-ng                   13.2.0               hc0a3c3a_10              conda-forge
2025-02-21T12:39:21.2684067Z   libtiff                        4.6.0                h1dd3fc0_3               conda-forge
2025-02-21T12:39:21.2684669Z   libuuid                        2.38.1               h0b41bf4_0               conda-forge
2025-02-21T12:39:21.2685243Z   libwebp                        1.4.0                h2c329e2_0               conda-forge
2025-02-21T12:39:21.2685820Z   libwebp-base                   1.4.0                hd590300_0               conda-forge
2025-02-21T12:39:21.2686392Z   libxcb                         1.15                 h0b41bf4_0               conda-forge
2025-02-21T12:39:21.2686955Z   libxcrypt                      4.4.36               hd590300_1               conda-forge
2025-02-21T12:39:21.2687664Z   libxml2                        2.12.7               hc051c1a_1               conda-forge
2025-02-21T12:39:21.2688219Z   libxslt                        1.1.39               h76b75d6_0               conda-forge
2025-02-21T12:39:21.2688769Z   libzlib                        1.3.1                h4ab18f5_1               conda-forge
2025-02-21T12:39:21.2689328Z   llvmlite                       0.42.0               py312hb06c811_1          conda-forge
2025-02-21T12:39:21.2690238Z   lxml                           5.2.2                py312hb90d8a5_0          conda-forge
2025-02-21T12:39:21.2690766Z   lz4-c                          1.9.4                hcb278e6_0               conda-forge
2025-02-21T12:39:21.2691280Z   lzo                            2.10                 hd590300_1001            conda-forge
2025-02-21T12:39:21.2691831Z   markupsafe                     2.1.5                py312h98912ed_0          conda-forge
2025-02-21T12:39:21.2692458Z   matplotlib-base                3.8.4                py312h20ab3a6_2          conda-forge
2025-02-21T12:39:21.2693424Z   matplotlib-inline              0.1.7                pyhd8ed1ab_0             conda-forge
2025-02-21T12:39:21.2694068Z   mistune                        3.0.2                pyhd8ed1ab_0             conda-forge
2025-02-21T12:39:21.2694608Z   mpc                            1.3.1                hfe3b2da_0               conda-forge
2025-02-21T12:39:21.2695139Z   mpfr                           4.2.1                h9458935_1               conda-forge
2025-02-21T12:39:21.2695676Z   mpmath                         1.3.0                pyhd8ed1ab_0             conda-forge
2025-02-21T12:39:21.2696240Z   munkres                        1.1.4                pyh9f0ad1d_0             conda-forge
2025-02-21T12:39:21.2696847Z   mypy_extensions                1.0.0                pyha770c72_0             conda-forge
2025-02-21T12:39:21.2697610Z   nbclassic                      1.1.0                pyhd8ed1ab_0             conda-forge
2025-02-21T12:39:21.2698234Z   nbclient                       0.10.0               pyhd8ed1ab_0             conda-forge
2025-02-21T12:39:21.2698835Z   nbconvert                      7.16.4               hd8ed1ab_1               conda-forge
2025-02-21T12:39:21.2699470Z   nbconvert-core                 7.16.4               pyhd8ed1ab_1             conda-forge
2025-02-21T12:39:21.2700145Z   nbconvert-pandoc               7.16.4               hd8ed1ab_1               conda-forge
2025-02-21T12:39:21.2700807Z   nbformat                       5.10.4               pyhd8ed1ab_0             conda-forge
2025-02-21T12:39:21.2701432Z   nbsphinx                       0.9.4                pyhd8ed1ab_0             conda-forge
2025-02-21T12:39:21.2702039Z   ncurses                        6.5                  h59595ed_0               conda-forge
2025-02-21T12:39:21.2702667Z   nest-asyncio                   1.6.0                pyhd8ed1ab_0             conda-forge
2025-02-21T12:39:21.2703305Z   networkx                       3.3                  pyhd8ed1ab_1             conda-forge
2025-02-21T12:39:21.2703906Z   nomkl                          1.0                  h5ca1d4c_0               conda-forge
2025-02-21T12:39:21.2704515Z   notebook                       7.2.1                pyhd8ed1ab_0             conda-forge
2025-02-21T12:39:21.2705160Z   notebook-shim                  0.2.4                pyhd8ed1ab_0             conda-forge
2025-02-21T12:39:21.2705801Z   numba                          0.59.1               py312hacefee8_0          conda-forge
2025-02-21T12:39:21.2706401Z   numexpr                        2.10.0               py312hf412c99_100        conda-forge
2025-02-21T12:39:21.2707000Z   numpy                          1.26.4               py312heda63a1_0          conda-forge
2025-02-21T12:39:21.2707733Z   numpydoc                       1.7.0                pyhd8ed1ab_1             conda-forge
2025-02-21T12:39:21.2708346Z   openjpeg                       2.5.2                h488ebb8_0               conda-forge
2025-02-21T12:39:21.2708961Z   openssl                        3.3.1                h4ab18f5_0               conda-forge
2025-02-21T12:39:21.2709580Z   overrides                      7.7.0                pyhd8ed1ab_0             conda-forge
2025-02-21T12:39:21.2710207Z   packaging                      24.1                 pyhd8ed1ab_0             conda-forge
2025-02-21T12:39:21.2710824Z   pandas                         2.2.2                py312h1d6d2e6_1          conda-forge
2025-02-21T12:39:21.2711606Z   pandoc                         3.2                  ha770c72_0               conda-forge
2025-02-21T12:39:21.2712244Z   pandocfilters                  1.5.0                pyhd8ed1ab_0             conda-forge
2025-02-21T12:39:21.2712883Z   pango                          1.54.0               h84a9a3c_0               conda-forge
2025-02-21T12:39:21.2713469Z   parso                          0.8.4                pyhd8ed1ab_0             conda-forge
2025-02-21T12:39:21.2714074Z   pathspec                       0.12.1               pyhd8ed1ab_0             conda-forge
2025-02-21T12:39:21.2714821Z   pbr                            6.0.0                pyhd8ed1ab_0             conda-forge
2025-02-21T12:39:21.2715402Z   pcre2                          10.44                h0f59acf_0               conda-forge
2025-02-21T12:39:21.2715995Z   pexpect                        4.9.0                pyhd8ed1ab_0             conda-forge
2025-02-21T12:39:21.2716631Z   pickleshare                    0.7.5                py_1003                  conda-forge
2025-02-21T12:39:21.2717271Z   pillow                         10.3.0               py312hdcec9eb_0          conda-forge
2025-02-21T12:39:21.2717987Z   pip                            24.0                 pyhd8ed1ab_0             conda-forge
2025-02-21T12:39:21.2718567Z   pixman                         0.43.2               h59595ed_0               conda-forge
2025-02-21T12:39:21.2719232Z   pkgutil-resolve-name           1.3.10               pyhd8ed1ab_1             conda-forge
2025-02-21T12:39:21.2719917Z   platformdirs                   4.2.2                pyhd8ed1ab_0             conda-forge
2025-02-21T12:39:21.2720511Z   plotly                         5.22.0               pyhd8ed1ab_0             conda-forge
2025-02-21T12:39:21.2721071Z   pluggy                         1.5.0                pyhd8ed1ab_0             conda-forge
2025-02-21T12:39:21.2721715Z   prometheus_client              0.20.0               pyhd8ed1ab_0             conda-forge
2025-02-21T12:39:21.2722407Z   prompt-toolkit                 3.0.47               pyha770c72_0             conda-forge
2025-02-21T12:39:21.2723035Z   psutil                         5.9.8                py312h98912ed_0          conda-forge
2025-02-21T12:39:21.2723642Z   pthread-stubs                  0.4                  h36c2ea0_1001            conda-forge
2025-02-21T12:39:21.2724285Z   ptyprocess                     0.7.0                pyhd3deb0d_0             conda-forge
2025-02-21T12:39:21.2724904Z   pure_eval                      0.2.2                pyhd8ed1ab_0             conda-forge
2025-02-21T12:39:21.2725515Z   py-cpuinfo                     9.0.0                pyhd8ed1ab_0             conda-forge
2025-02-21T12:39:21.2726107Z   pybtex                         0.24.0               pyhd8ed1ab_2             conda-forge
2025-02-21T12:39:21.2726738Z   pybtex-docutils                1.0.3                py312h7900ff3_1          conda-forge
2025-02-21T12:39:21.2727388Z   pycparser                      2.22                 pyhd8ed1ab_0             conda-forge
2025-02-21T12:39:21.2728115Z   pyerfa                         2.0.1.4              py312h085067d_1          conda-forge
2025-02-21T12:39:21.2728720Z   pygments                       2.18.0               pyhd8ed1ab_0             conda-forge
2025-02-21T12:39:21.2729361Z   pygraphviz                     1.13                 py312h4a1d8a7_1          conda-forge
2025-02-21T12:39:21.2729993Z   pyparsing                      3.1.2                pyhd8ed1ab_0             conda-forge
2025-02-21T12:39:21.2730580Z   pysocks                        1.7.1                pyha2e5f31_6             conda-forge
2025-02-21T12:39:21.2731159Z   pytables                       3.9.2                py312h96d95ec_2          conda-forge
2025-02-21T12:39:21.2731737Z   pytest                         8.2.2                pyhd8ed1ab_0             conda-forge
2025-02-21T12:39:21.2732306Z   pytest-cov                     5.0.0                pyhd8ed1ab_0             conda-forge
2025-02-21T12:39:21.2733123Z   pytest-doctestplus             1.2.1                pyhd8ed1ab_0             conda-forge
2025-02-21T12:39:21.2733783Z   pytest-html                    4.1.1                pyhd8ed1ab_0             conda-forge
2025-02-21T12:39:21.2734421Z   pytest-metadata                3.1.1                pyhd8ed1ab_0             conda-forge
2025-02-21T12:39:21.2735030Z   python                         3.12.4               h194c7f8_0_cpython       conda-forge
2025-02-21T12:39:21.2735680Z   python-dateutil                2.9.0                pyhd8ed1ab_0             conda-forge
2025-02-21T12:39:21.2736571Z   python-fastjsonschema          2.20.0               pyhd8ed1ab_0             conda-forge
2025-02-21T12:39:21.2737332Z   python-json-logger             2.0.7                pyhd8ed1ab_0             conda-forge
2025-02-21T12:39:21.2738177Z   python-tzdata                  2024.1               pyhd8ed1ab_0             conda-forge
2025-02-21T12:39:21.2738835Z   python_abi                     3.12                 4_cp312                  conda-forge
2025-02-21T12:39:21.2739449Z   pytz                           2024.1               pyhd8ed1ab_0             conda-forge
2025-02-21T12:39:21.2740046Z   pyyaml                         6.0.1                py312h98912ed_1          conda-forge
2025-02-21T12:39:21.2740636Z   pyzmq                          26.0.3               py312h8fd38d8_0          conda-forge
2025-02-21T12:39:21.2741226Z   qgrid                          1.3.1                pyhd8ed1ab_4             conda-forge
2025-02-21T12:39:21.2741891Z   radioactivedecay               0.5.1                pyhd8ed1ab_0             conda-forge
2025-02-21T12:39:21.2742556Z   readline                       8.2                  h8228510_1               conda-forge
2025-02-21T12:39:21.2743196Z   recommonmark                   0.7.1                pyhd8ed1ab_0             conda-forge
2025-02-21T12:39:21.2743869Z   referencing                    0.35.1               pyhd8ed1ab_0             conda-forge
2025-02-21T12:39:21.2744519Z   requests                       2.32.3               pyhd8ed1ab_0             conda-forge
2025-02-21T12:39:21.2745186Z   rfc3339-validator              0.1.4                pyhd8ed1ab_0             conda-forge
2025-02-21T12:39:21.2745885Z   rfc3986-validator              0.1.1                pyh9f0ad1d_0             conda-forge
2025-02-21T12:39:21.2746507Z   rpds-py                        0.18.1               py312h4413252_0          conda-forge
2025-02-21T12:39:21.2747062Z   ruff                           0.4.9                py312h5715c7c_0          conda-forge
2025-02-21T12:39:21.2747776Z   scipy                          1.13.1               py312hc2bc53b_0          conda-forge
2025-02-21T12:39:21.2748394Z   send2trash                     1.8.3                pyh0d859eb_0             conda-forge
2025-02-21T12:39:21.2749043Z   setuptools                     70.0.0               pyhd8ed1ab_0             conda-forge
2025-02-21T12:39:21.2749717Z   setuptools-scm                 8.1.0                pyhd8ed1ab_0             conda-forge
2025-02-21T12:39:21.2750399Z   setuptools_scm                 8.1.0                hd8ed1ab_0               conda-forge
2025-02-21T12:39:21.2751019Z   six                            1.16.0               pyh6c4a22f_0             conda-forge
2025-02-21T12:39:21.2751594Z   snakeviz                       2.2.0                pyhd8ed1ab_0             conda-forge
2025-02-21T12:39:21.2752155Z   snappy                         1.2.0                hdb0a2a9_1               conda-forge
2025-02-21T12:39:21.2752726Z   sniffio                        1.3.1                pyhd8ed1ab_0             conda-forge
2025-02-21T12:39:21.2753389Z   snowballstemmer                2.2.0                pyhd8ed1ab_0             conda-forge
2025-02-21T12:39:21.2754063Z   soupsieve                      2.5                  pyhd8ed1ab_1             conda-forge
2025-02-21T12:39:21.2754678Z   sphinx                         7.3.7                pyhd8ed1ab_0             conda-forge
2025-02-21T12:39:21.2755450Z   sphinx-astropy                 1.9.1                pyhd8ed1ab_0             conda-forge
2025-02-21T12:39:21.2756086Z   sphinx-automodapi              0.17.0               pyh717bed2_1             conda-forge
2025-02-21T12:39:21.2756801Z   sphinx-gallery                 0.16.0               pyhd8ed1ab_0             conda-forge
2025-02-21T12:39:21.2757646Z   sphinx-jsonschema              1.19.1               pyhd8ed1ab_0             conda-forge
2025-02-21T12:39:21.2758415Z   sphinx_bootstrap_theme         0.8.1                pyhd8ed1ab_0             conda-forge
2025-02-21T12:39:21.2759288Z   sphinx_rtd_theme               2.0.0                pyha770c72_0             conda-forge
2025-02-21T12:39:21.2760029Z   sphinxcontrib-apidoc           0.3.0                py_1                     conda-forge
2025-02-21T12:39:21.2760777Z   sphinxcontrib-applehelp        1.0.8                pyhd8ed1ab_0             conda-forge
2025-02-21T12:39:21.2761538Z   sphinxcontrib-bibtex           2.6.2                pyhd8ed1ab_0             conda-forge
2025-02-21T12:39:21.2762303Z   sphinxcontrib-devhelp          1.0.6                pyhd8ed1ab_0             conda-forge
2025-02-21T12:39:21.2763054Z   sphinxcontrib-htmlhelp         2.0.5                pyhd8ed1ab_0             conda-forge
2025-02-21T12:39:21.2763802Z   sphinxcontrib-jquery           4.1                  pyhd8ed1ab_0             conda-forge
2025-02-21T12:39:21.2764530Z   sphinxcontrib-jsmath           1.0.1                pyhd8ed1ab_0             conda-forge
2025-02-21T12:39:21.2765281Z   sphinxcontrib-qthelp           1.0.7                pyhd8ed1ab_0             conda-forge
2025-02-21T12:39:21.2766095Z   sphinxcontrib-serializinghtml  1.1.10               pyhd8ed1ab_0             conda-forge
2025-02-21T12:39:21.2766833Z   stack_data                     0.6.2                pyhd8ed1ab_0             conda-forge
2025-02-21T12:39:21.2767570Z   sympy                          1.12.1               pypyh2585a3b_103         conda-forge
2025-02-21T12:39:21.2768184Z   tabulate                       0.9.0                pyhd8ed1ab_1             conda-forge
2025-02-21T12:39:21.2768791Z   tenacity                       8.4.1                pyhd8ed1ab_0             conda-forge
2025-02-21T12:39:21.2769410Z   terminado                      0.18.1               pyh0d859eb_0             conda-forge
2025-02-21T12:39:21.2770007Z   tinycss2                       1.3.0                pyhd8ed1ab_0             conda-forge
2025-02-21T12:39:21.2770553Z   tk                             8.6.13               noxft_h4845f30_101       conda-forge
2025-02-21T12:39:21.2771088Z   toml                           0.10.2               pyhd8ed1ab_0             conda-forge
2025-02-21T12:39:21.2771640Z   tomli                          2.0.1                pyhd8ed1ab_0             conda-forge
2025-02-21T12:39:21.2772213Z   tornado                        6.4.1                py312h9a8786e_0          conda-forge
2025-02-21T12:39:21.2772784Z   tqdm                           4.66.4               pyhd8ed1ab_0             conda-forge
2025-02-21T12:39:21.2773399Z   traitlets                      5.14.3               pyhd8ed1ab_0             conda-forge
2025-02-21T12:39:21.2774010Z   typed-ast                      1.5.5                py312h98912ed_1          conda-forge
2025-02-21T12:39:21.2774736Z   types-python-dateutil          2.9.0.20240316       pyhd8ed1ab_0             conda-forge
2025-02-21T12:39:21.2775515Z   typing-extensions              4.12.2               hd8ed1ab_0               conda-forge
2025-02-21T12:39:21.2776212Z   typing_extensions              4.12.2               pyha770c72_0             conda-forge
2025-02-21T12:39:21.2776854Z   typing_utils                   0.1.0                pyhd8ed1ab_0             conda-forge
2025-02-21T12:39:21.2777605Z   tzdata                         2024a                h0c530f3_0               conda-forge
2025-02-21T12:39:21.2778242Z   uri-template                   1.3.0                pyhd8ed1ab_0             conda-forge
2025-02-21T12:39:21.2779044Z   urllib3                        2.2.2                pyhd8ed1ab_0             conda-forge
2025-02-21T12:39:21.2779660Z   wcwidth                        0.2.13               pyhd8ed1ab_0             conda-forge
2025-02-21T12:39:21.2780283Z   webcolors                      24.6.0               pyhd8ed1ab_0             conda-forge
2025-02-21T12:39:21.2780946Z   webencodings                   0.5.1                pyhd8ed1ab_2             conda-forge
2025-02-21T12:39:21.2781612Z   websocket-client               1.8.0                pyhd8ed1ab_0             conda-forge
2025-02-21T12:39:21.2782380Z   wheel                          0.43.0               pyhd8ed1ab_1             conda-forge
2025-02-21T12:39:21.2783059Z   widgetsnbextension             3.6.6                pyhd8ed1ab_0             conda-forge
2025-02-21T12:39:21.2783762Z   xorg-kbproto                   1.0.7                h7f98852_1002            conda-forge
2025-02-21T12:39:21.2784402Z   xorg-libice                    1.1.1                hd590300_0               conda-forge
2025-02-21T12:39:21.2785006Z   xorg-libsm                     1.2.4                h7391055_0               conda-forge
2025-02-21T12:39:21.2785608Z   xorg-libx11                    1.8.9                h8ee46fc_0               conda-forge
2025-02-21T12:39:21.2786219Z   xorg-libxau                    1.0.11               hd590300_0               conda-forge
2025-02-21T12:39:21.2786908Z   xorg-libxdmcp                  1.1.3                h7f98852_0               conda-forge
2025-02-21T12:39:21.2787706Z   xorg-libxext                   1.3.4                h0b41bf4_2               conda-forge
2025-02-21T12:39:21.2788247Z   xorg-libxrender                0.9.11               hd590300_0               conda-forge
2025-02-21T12:39:21.2788655Z   xorg-renderproto               0.11.1               h7f98852_1002            conda-forge
2025-02-21T12:39:21.2789057Z   xorg-xextproto                 7.3.0                h0b41bf4_1003            conda-forge
2025-02-21T12:39:21.2789434Z   xorg-xproto                    7.0.31               h7f98852_1007            conda-forge
2025-02-21T12:39:21.2789772Z   xz                             5.2.6                h166bdaf_0               conda-forge
2025-02-21T12:39:21.2790090Z   yaml                           0.2.5                h7f98852_2               conda-forge
2025-02-21T12:39:21.2790419Z   zeromq                         4.3.5                h75354e8_4               conda-forge
2025-02-21T12:39:21.2790755Z   zipp                           3.19.2               pyhd8ed1ab_0             conda-forge
2025-02-21T12:39:21.2791099Z   zlib                           1.3.1                h4ab18f5_1               conda-forge
2025-02-21T12:39:21.2791448Z   zlib-ng                        2.0.7                h0b41bf4_0               conda-forge
2025-02-21T12:39:21.2791786Z   zstd                           1.5.6                ha6fb4c9_0               conda-forge
2025-02-21T12:39:21.2792315Z ##[endgroup]
2025-02-21T12:39:21.2824070Z ##[group]Run pip install -e . --user
2025-02-21T12:39:21.2824409Z [36;1mpip install -e . --user[0m
2025-02-21T12:39:21.2880916Z shell: /usr/bin/bash -l {0}
2025-02-21T12:39:21.2881156Z env:
2025-02-21T12:39:21.2881332Z   CACHE_NUMBER: 0
2025-02-21T12:39:21.2881957Z   PYTEST_FLAGS: --tardis-regression-data=/home/runner/work/tardis/tardis/tardis-regression-data --cov=tardis --cov-report=xml --cov-report=html --cov-append
2025-02-21T12:39:21.2882607Z   CODECOV_TOKEN: 
2025-02-21T12:39:21.2882828Z   MAMBA_ROOT_PREFIX: /home/runner/micromamba
2025-02-21T12:39:21.2883139Z   MAMBA_EXE: /home/runner/micromamba-bin/micromamba
2025-02-21T12:39:21.2883494Z   CONDARC: /home/runner/work/_temp/setup-micromamba/.condarc
2025-02-21T12:39:21.2883795Z ##[endgroup]
2025-02-21T12:39:21.9083162Z Obtaining file:///home/runner/work/tardis/tardis
2025-02-21T12:39:21.9118717Z   Installing build dependencies: started
2025-02-21T12:39:24.5726183Z   Installing build dependencies: finished with status 'done'
2025-02-21T12:39:24.5731739Z   Checking if build backend supports build_editable: started
2025-02-21T12:39:24.6960067Z   Checking if build backend supports build_editable: finished with status 'done'
2025-02-21T12:39:24.6965917Z   Getting requirements to build editable: started
2025-02-21T12:39:25.1904809Z   Getting requirements to build editable: finished with status 'done'
2025-02-21T12:39:25.1913697Z   Preparing editable metadata (pyproject.toml): started
2025-02-21T12:39:25.6567728Z   Preparing editable metadata (pyproject.toml): finished with status 'done'
2025-02-21T12:39:25.7150892Z Requirement already satisfied: astropy in /home/runner/micromamba/envs/tardis/lib/python3.12/site-packages (from tardis==0.0.0) (6.1.1)
2025-02-21T12:39:25.7526143Z Requirement already satisfied: numpy>=1.23 in /home/runner/micromamba/envs/tardis/lib/python3.12/site-packages (from astropy->tardis==0.0.0) (1.26.4)
2025-02-21T12:39:25.7535412Z Requirement already satisfied: pyerfa>=2.0.1.1 in /home/runner/micromamba/envs/tardis/lib/python3.12/site-packages (from astropy->tardis==0.0.0) (2.0.1.4)
2025-02-21T12:39:25.7546267Z Requirement already satisfied: astropy-iers-data>=0.2024.5.27.0.30.8 in /home/runner/micromamba/envs/tardis/lib/python3.12/site-packages (from astropy->tardis==0.0.0) (0.2024.6.17.0.31.35)
2025-02-21T12:39:25.7555020Z Requirement already satisfied: PyYAML>=3.13 in /home/runner/micromamba/envs/tardis/lib/python3.12/site-packages (from astropy->tardis==0.0.0) (6.0.1)
2025-02-21T12:39:25.7565052Z Requirement already satisfied: packaging>=19.0 in /home/runner/micromamba/envs/tardis/lib/python3.12/site-packages (from astropy->tardis==0.0.0) (24.1)
2025-02-21T12:39:25.7651417Z Building wheels for collected packages: tardis
2025-02-21T12:39:25.7660256Z   Building editable for tardis (pyproject.toml): started
2025-02-21T12:39:26.5061458Z   Building editable for tardis (pyproject.toml): finished with status 'done'
2025-02-21T12:39:26.5068198Z   Created wheel for tardis: filename=tardis-0.0.0-0.editable-py3-none-any.whl size=8879 sha256=0c85bff9cb3b88afd73c1bed2d8649ee36d2234fab74edcba95e6d9e93baee9c
2025-02-21T12:39:26.5069842Z   Stored in directory: /tmp/pip-ephem-wheel-cache-yxs3pep4/wheels/6a/c7/ae/89fa6dc2565455898176888ef0e2e475e4e90eb0124afcb995
2025-02-21T12:39:26.5095162Z Successfully built tardis
2025-02-21T12:39:27.2646570Z Installing collected packages: tardis
2025-02-21T12:39:27.2731102Z Successfully installed tardis-0.0.0
2025-02-21T12:39:27.4670902Z ##[group]Run pip install qgridnext
2025-02-21T12:39:27.4671226Z [36;1mpip install qgridnext[0m
2025-02-21T12:39:27.4725039Z shell: /usr/bin/bash -l {0}
2025-02-21T12:39:27.4725286Z env:
2025-02-21T12:39:27.4725464Z   CACHE_NUMBER: 0
2025-02-21T12:39:27.4726094Z   PYTEST_FLAGS: --tardis-regression-data=/home/runner/work/tardis/tardis/tardis-regression-data --cov=tardis --cov-report=xml --cov-report=html --cov-append
2025-02-21T12:39:27.4726758Z   CODECOV_TOKEN: 
2025-02-21T12:39:27.4726979Z   MAMBA_ROOT_PREFIX: /home/runner/micromamba
2025-02-21T12:39:27.4727278Z   MAMBA_EXE: /home/runner/micromamba-bin/micromamba
2025-02-21T12:39:27.4727770Z   CONDARC: /home/runner/work/_temp/setup-micromamba/.condarc
2025-02-21T12:39:27.4728179Z ##[endgroup]
2025-02-21T12:39:28.1503306Z Collecting qgridnext
2025-02-21T12:39:28.1672520Z   Downloading qgridnext-2.0.4-py3-none-any.whl.metadata (9.9 kB)
2025-02-21T12:39:28.1784895Z Requirement already satisfied: pandas>=0.20.0 in /home/runner/micromamba/envs/tardis/lib/python3.12/site-packages (from qgridnext) (2.2.2)
2025-02-21T12:39:28.1793788Z Requirement already satisfied: ipywidgets>=7.0.0 in /home/runner/micromamba/envs/tardis/lib/python3.12/site-packages (from qgridnext) (7.8.0)
2025-02-21T12:39:28.1803657Z Requirement already satisfied: numpy in /home/runner/micromamba/envs/tardis/lib/python3.12/site-packages (from qgridnext) (1.26.4)
2025-02-21T12:39:28.1814312Z Requirement already satisfied: traitlets in /home/runner/micromamba/envs/tardis/lib/python3.12/site-packages (from qgridnext) (5.14.3)
2025-02-21T12:39:28.1899241Z Requirement already satisfied: comm>=0.1.3 in /home/runner/micromamba/envs/tardis/lib/python3.12/site-packages (from ipywidgets>=7.0.0->qgridnext) (0.2.2)
2025-02-21T12:39:28.1908592Z Requirement already satisfied: ipython-genutils~=0.2.0 in /home/runner/micromamba/envs/tardis/lib/python3.12/site-packages (from ipywidgets>=7.0.0->qgridnext) (0.2.0)
2025-02-21T12:39:28.1922133Z Requirement already satisfied: widgetsnbextension~=3.6.5 in /home/runner/micromamba/envs/tardis/lib/python3.12/site-packages (from ipywidgets>=7.0.0->qgridnext) (3.6.6)
2025-02-21T12:39:28.1940757Z Requirement already satisfied: ipython>=4.0.0 in /home/runner/micromamba/envs/tardis/lib/python3.12/site-packages (from ipywidgets>=7.0.0->qgridnext) (8.25.0)
2025-02-21T12:39:28.1955561Z Requirement already satisfied: jupyterlab-widgets<3,>=1.0.0 in /home/runner/micromamba/envs/tardis/lib/python3.12/site-packages (from ipywidgets>=7.0.0->qgridnext) (1.1.7)
2025-02-21T12:39:28.2405659Z Requirement already satisfied: python-dateutil>=2.8.2 in /home/runner/micromamba/envs/tardis/lib/python3.12/site-packages (from pandas>=0.20.0->qgridnext) (2.9.0)
2025-02-21T12:39:28.2420768Z Requirement already satisfied: pytz>=2020.1 in /home/runner/micromamba/envs/tardis/lib/python3.12/site-packages (from pandas>=0.20.0->qgridnext) (2024.1)
2025-02-21T12:39:28.2430113Z Requirement already satisfied: tzdata>=2022.7 in /home/runner/micromamba/envs/tardis/lib/python3.12/site-packages (from pandas>=0.20.0->qgridnext) (2024.1)
2025-02-21T12:39:28.2752058Z Requirement already satisfied: decorator in /home/runner/micromamba/envs/tardis/lib/python3.12/site-packages (from ipython>=4.0.0->ipywidgets>=7.0.0->qgridnext) (5.1.1)
2025-02-21T12:39:28.2768107Z Requirement already satisfied: jedi>=0.16 in /home/runner/micromamba/envs/tardis/lib/python3.12/site-packages (from ipython>=4.0.0->ipywidgets>=7.0.0->qgridnext) (0.19.1)
2025-02-21T12:39:28.2778385Z Requirement already satisfied: matplotlib-inline in /home/runner/micromamba/envs/tardis/lib/python3.12/site-packages (from ipython>=4.0.0->ipywidgets>=7.0.0->qgridnext) (0.1.7)
2025-02-21T12:39:28.2790654Z Requirement already satisfied: prompt-toolkit<3.1.0,>=3.0.41 in /home/runner/micromamba/envs/tardis/lib/python3.12/site-packages (from ipython>=4.0.0->ipywidgets>=7.0.0->qgridnext) (3.0.47)
2025-02-21T12:39:28.2800883Z Requirement already satisfied: pygments>=2.4.0 in /home/runner/micromamba/envs/tardis/lib/python3.12/site-packages (from ipython>=4.0.0->ipywidgets>=7.0.0->qgridnext) (2.18.0)
2025-02-21T12:39:28.2811894Z Requirement already satisfied: stack-data in /home/runner/micromamba/envs/tardis/lib/python3.12/site-packages (from ipython>=4.0.0->ipywidgets>=7.0.0->qgridnext) (0.6.2)
2025-02-21T12:39:28.2832518Z Requirement already satisfied: pexpect>4.3 in /home/runner/micromamba/envs/tardis/lib/python3.12/site-packages (from ipython>=4.0.0->ipywidgets>=7.0.0->qgridnext) (4.9.0)
2025-02-21T12:39:28.2883138Z Requirement already satisfied: six>=1.5 in /home/runner/micromamba/envs/tardis/lib/python3.12/site-packages (from python-dateutil>=2.8.2->pandas>=0.20.0->qgridnext) (1.16.0)
2025-02-21T12:39:28.2941695Z Requirement already satisfied: notebook>=4.4.1 in /home/runner/micromamba/envs/tardis/lib/python3.12/site-packages (from widgetsnbextension~=3.6.5->ipywidgets>=7.0.0->qgridnext) (7.2.1)
2025-02-21T12:39:28.3131053Z Requirement already satisfied: parso<0.9.0,>=0.8.3 in /home/runner/micromamba/envs/tardis/lib/python3.12/site-packages (from jedi>=0.16->ipython>=4.0.0->ipywidgets>=7.0.0->qgridnext) (0.8.4)
2025-02-21T12:39:28.3278529Z Requirement already satisfied: jupyter-server<3,>=2.4.0 in /home/runner/micromamba/envs/tardis/lib/python3.12/site-packages (from notebook>=4.4.1->widgetsnbextension~=3.6.5->ipywidgets>=7.0.0->qgridnext) (2.14.1)
2025-02-21T12:39:28.3293286Z Requirement already satisfied: jupyterlab-server<3,>=2.27.1 in /home/runner/micromamba/envs/tardis/lib/python3.12/site-packages (from notebook>=4.4.1->widgetsnbextension~=3.6.5->ipywidgets>=7.0.0->qgridnext) (2.27.2)
2025-02-21T12:39:28.3309065Z Requirement already satisfied: jupyterlab<4.3,>=4.2.0 in /home/runner/micromamba/envs/tardis/lib/python3.12/site-packages (from notebook>=4.4.1->widgetsnbextension~=3.6.5->ipywidgets>=7.0.0->qgridnext) (4.2.2)
2025-02-21T12:39:28.3320664Z Requirement already satisfied: notebook-shim<0.3,>=0.2 in /home/runner/micromamba/envs/tardis/lib/python3.12/site-packages (from notebook>=4.4.1->widgetsnbextension~=3.6.5->ipywidgets>=7.0.0->qgridnext) (0.2.4)
2025-02-21T12:39:28.3329739Z Requirement already satisfied: tornado>=6.2.0 in /home/runner/micromamba/envs/tardis/lib/python3.12/site-packages (from notebook>=4.4.1->widgetsnbextension~=3.6.5->ipywidgets>=7.0.0->qgridnext) (6.4.1)
2025-02-21T12:39:28.3360800Z Requirement already satisfied: ptyprocess>=0.5 in /home/runner/micromamba/envs/tardis/lib/python3.12/site-packages (from pexpect>4.3->ipython>=4.0.0->ipywidgets>=7.0.0->qgridnext) (0.7.0)
2025-02-21T12:39:28.3390363Z Requirement already satisfied: wcwidth in /home/runner/micromamba/envs/tardis/lib/python3.12/site-packages (from prompt-toolkit<3.1.0,>=3.0.41->ipython>=4.0.0->ipywidgets>=7.0.0->qgridnext) (0.2.13)
2025-02-21T12:39:28.3528327Z Requirement already satisfied: executing>=1.2.0 in /home/runner/micromamba/envs/tardis/lib/python3.12/site-packages (from stack-data->ipython>=4.0.0->ipywidgets>=7.0.0->qgridnext) (2.0.1)
2025-02-21T12:39:28.3538494Z Requirement already satisfied: asttokens>=2.1.0 in /home/runner/micromamba/envs/tardis/lib/python3.12/site-packages (from stack-data->ipython>=4.0.0->ipywidgets>=7.0.0->qgridnext) (2.4.1)
2025-02-21T12:39:28.3547082Z Requirement already satisfied: pure-eval in /home/runner/micromamba/envs/tardis/lib/python3.12/site-packages (from stack-data->ipython>=4.0.0->ipywidgets>=7.0.0->qgridnext) (0.2.2)
2025-02-21T12:39:28.3884717Z Requirement already satisfied: anyio>=3.1.0 in /home/runner/micromamba/envs/tardis/lib/python3.12/site-packages (from jupyter-server<3,>=2.4.0->notebook>=4.4.1->widgetsnbextension~=3.6.5->ipywidgets>=7.0.0->qgridnext) (4.4.0)
2025-02-21T12:39:28.3895547Z Requirement already satisfied: argon2-cffi>=21.1 in /home/runner/micromamba/envs/tardis/lib/python3.12/site-packages (from jupyter-server<3,>=2.4.0->notebook>=4.4.1->widgetsnbextension~=3.6.5->ipywidgets>=7.0.0->qgridnext) (23.1.0)
2025-02-21T12:39:28.3905753Z Requirement already satisfied: jinja2>=3.0.3 in /home/runner/micromamba/envs/tardis/lib/python3.12/site-packages (from jupyter-server<3,>=2.4.0->notebook>=4.4.1->widgetsnbextension~=3.6.5->ipywidgets>=7.0.0->qgridnext) (3.1.4)
2025-02-21T12:39:28.3918334Z Requirement already satisfied: jupyter-client>=7.4.4 in /home/runner/micromamba/envs/tardis/lib/python3.12/site-packages (from jupyter-server<3,>=2.4.0->notebook>=4.4.1->widgetsnbextension~=3.6.5->ipywidgets>=7.0.0->qgridnext) (8.6.2)
2025-02-21T12:39:28.3931051Z Requirement already satisfied: jupyter-core!=5.0.*,>=4.12 in /home/runner/micromamba/envs/tardis/lib/python3.12/site-packages (from jupyter-server<3,>=2.4.0->notebook>=4.4.1->widgetsnbextension~=3.6.5->ipywidgets>=7.0.0->qgridnext) (5.7.2)
2025-02-21T12:39:28.3943091Z Requirement already satisfied: jupyter-events>=0.9.0 in /home/runner/micromamba/envs/tardis/lib/python3.12/site-packages (from jupyter-server<3,>=2.4.0->notebook>=4.4.1->widgetsnbextension~=3.6.5->ipywidgets>=7.0.0->qgridnext) (0.10.0)
2025-02-21T12:39:28.3954947Z Requirement already satisfied: jupyter-server-terminals>=0.4.4 in /home/runner/micromamba/envs/tardis/lib/python3.12/site-packages (from jupyter-server<3,>=2.4.0->notebook>=4.4.1->widgetsnbextension~=3.6.5->ipywidgets>=7.0.0->qgridnext) (0.5.3)
2025-02-21T12:39:28.3969172Z Requirement already satisfied: nbconvert>=6.4.4 in /home/runner/micromamba/envs/tardis/lib/python3.12/site-packages (from jupyter-server<3,>=2.4.0->notebook>=4.4.1->widgetsnbextension~=3.6.5->ipywidgets>=7.0.0->qgridnext) (7.16.4)
2025-02-21T12:39:28.3980344Z Requirement already satisfied: nbformat>=5.3.0 in /home/runner/micromamba/envs/tardis/lib/python3.12/site-packages (from jupyter-server<3,>=2.4.0->notebook>=4.4.1->widgetsnbextension~=3.6.5->ipywidgets>=7.0.0->qgridnext) (5.10.4)
2025-02-21T12:39:28.3990585Z Requirement already satisfied: overrides>=5.0 in /home/runner/micromamba/envs/tardis/lib/python3.12/site-packages (from jupyter-server<3,>=2.4.0->notebook>=4.4.1->widgetsnbextension~=3.6.5->ipywidgets>=7.0.0->qgridnext) (7.7.0)
2025-02-21T12:39:28.4000905Z Requirement already satisfied: packaging>=22.0 in /home/runner/micromamba/envs/tardis/lib/python3.12/site-packages (from jupyter-server<3,>=2.4.0->notebook>=4.4.1->widgetsnbextension~=3.6.5->ipywidgets>=7.0.0->qgridnext) (24.1)
2025-02-21T12:39:28.4010396Z Requirement already satisfied: prometheus-client>=0.9 in /home/runner/micromamba/envs/tardis/lib/python3.12/site-packages (from jupyter-server<3,>=2.4.0->notebook>=4.4.1->widgetsnbextension~=3.6.5->ipywidgets>=7.0.0->qgridnext) (0.20.0)
2025-02-21T12:39:28.4021945Z Requirement already satisfied: pyzmq>=24 in /home/runner/micromamba/envs/tardis/lib/python3.12/site-packages (from jupyter-server<3,>=2.4.0->notebook>=4.4.1->widgetsnbextension~=3.6.5->ipywidgets>=7.0.0->qgridnext) (26.0.3)
2025-02-21T12:39:28.4031602Z Requirement already satisfied: send2trash>=1.8.2 in /home/runner/micromamba/envs/tardis/lib/python3.12/site-packages (from jupyter-server<3,>=2.4.0->notebook>=4.4.1->widgetsnbextension~=3.6.5->ipywidgets>=7.0.0->qgridnext) (1.8.3)
2025-02-21T12:39:28.4043697Z Requirement already satisfied: terminado>=0.8.3 in /home/runner/micromamba/envs/tardis/lib/python3.12/site-packages (from jupyter-server<3,>=2.4.0->notebook>=4.4.1->widgetsnbextension~=3.6.5->ipywidgets>=7.0.0->qgridnext) (0.18.1)
2025-02-21T12:39:28.4061453Z Requirement already satisfied: websocket-client>=1.7 in /home/runner/micromamba/envs/tardis/lib/python3.12/site-packages (from jupyter-server<3,>=2.4.0->notebook>=4.4.1->widgetsnbextension~=3.6.5->ipywidgets>=7.0.0->qgridnext) (1.8.0)
2025-02-21T12:39:28.4340619Z Requirement already satisfied: async-lru>=1.0.0 in /home/runner/micromamba/envs/tardis/lib/python3.12/site-packages (from jupyterlab<4.3,>=4.2.0->notebook>=4.4.1->widgetsnbextension~=3.6.5->ipywidgets>=7.0.0->qgridnext) (2.0.4)
2025-02-21T12:39:28.4353145Z Requirement already satisfied: httpx>=0.25.0 in /home/runner/micromamba/envs/tardis/lib/python3.12/site-packages (from jupyterlab<4.3,>=4.2.0->notebook>=4.4.1->widgetsnbextension~=3.6.5->ipywidgets>=7.0.0->qgridnext) (0.27.0)
2025-02-21T12:39:28.4365755Z Requirement already satisfied: ipykernel>=6.5.0 in /home/runner/micromamba/envs/tardis/lib/python3.12/site-packages (from jupyterlab<4.3,>=4.2.0->notebook>=4.4.1->widgetsnbextension~=3.6.5->ipywidgets>=7.0.0->qgridnext) (6.29.4)
2025-02-21T12:39:28.4380961Z Requirement already satisfied: jupyter-lsp>=2.0.0 in /home/runner/micromamba/envs/tardis/lib/python3.12/site-packages (from jupyterlab<4.3,>=4.2.0->notebook>=4.4.1->widgetsnbextension~=3.6.5->ipywidgets>=7.0.0->qgridnext) (2.2.5)
2025-02-21T12:39:28.4408094Z Requirement already satisfied: setuptools>=40.1.0 in /home/runner/micromamba/envs/tardis/lib/python3.12/site-packages (from jupyterlab<4.3,>=4.2.0->notebook>=4.4.1->widgetsnbextension~=3.6.5->ipywidgets>=7.0.0->qgridnext) (70.0.0)
2025-02-21T12:39:28.4594796Z Requirement already satisfied: babel>=2.10 in /home/runner/micromamba/envs/tardis/lib/python3.12/site-packages (from jupyterlab-server<3,>=2.27.1->notebook>=4.4.1->widgetsnbextension~=3.6.5->ipywidgets>=7.0.0->qgridnext) (2.14.0)
2025-02-21T12:39:28.4622698Z Requirement already satisfied: json5>=0.9.0 in /home/runner/micromamba/envs/tardis/lib/python3.12/site-packages (from jupyterlab-server<3,>=2.27.1->notebook>=4.4.1->widgetsnbextension~=3.6.5->ipywidgets>=7.0.0->qgridnext) (0.9.25)
2025-02-21T12:39:28.4634445Z Requirement already satisfied: jsonschema>=4.18.0 in /home/runner/micromamba/envs/tardis/lib/python3.12/site-packages (from jupyterlab-server<3,>=2.27.1->notebook>=4.4.1->widgetsnbextension~=3.6.5->ipywidgets>=7.0.0->qgridnext) (4.22.0)
2025-02-21T12:39:28.4653760Z Requirement already satisfied: requests>=2.31 in /home/runner/micromamba/envs/tardis/lib/python3.12/site-packages (from jupyterlab-server<3,>=2.27.1->notebook>=4.4.1->widgetsnbextension~=3.6.5->ipywidgets>=7.0.0->qgridnext) (2.32.3)
2025-02-21T12:39:28.5008187Z Requirement already satisfied: idna>=2.8 in /home/runner/micromamba/envs/tardis/lib/python3.12/site-packages (from anyio>=3.1.0->jupyter-server<3,>=2.4.0->notebook>=4.4.1->widgetsnbextension~=3.6.5->ipywidgets>=7.0.0->qgridnext) (3.7)
2025-02-21T12:39:28.5017866Z Requirement already satisfied: sniffio>=1.1 in /home/runner/micromamba/envs/tardis/lib/python3.12/site-packages (from anyio>=3.1.0->jupyter-server<3,>=2.4.0->notebook>=4.4.1->widgetsnbextension~=3.6.5->ipywidgets>=7.0.0->qgridnext) (1.3.1)
2025-02-21T12:39:28.5109152Z Requirement already satisfied: argon2-cffi-bindings in /home/runner/micromamba/envs/tardis/lib/python3.12/site-packages (from argon2-cffi>=21.1->jupyter-server<3,>=2.4.0->notebook>=4.4.1->widgetsnbextension~=3.6.5->ipywidgets>=7.0.0->qgridnext) (21.2.0)
2025-02-21T12:39:28.5279425Z Requirement already satisfied: certifi in /home/runner/micromamba/envs/tardis/lib/python3.12/site-packages (from httpx>=0.25.0->jupyterlab<4.3,>=4.2.0->notebook>=4.4.1->widgetsnbextension~=3.6.5->ipywidgets>=7.0.0->qgridnext) (2024.6.2)
2025-02-21T12:39:28.5295183Z Requirement already satisfied: httpcore==1.* in /home/runner/micromamba/envs/tardis/lib/python3.12/site-packages (from httpx>=0.25.0->jupyterlab<4.3,>=4.2.0->notebook>=4.4.1->widgetsnbextension~=3.6.5->ipywidgets>=7.0.0->qgridnext) (1.0.5)
2025-02-21T12:39:28.5373843Z Requirement already satisfied: h11<0.15,>=0.13 in /home/runner/micromamba/envs/tardis/lib/python3.12/site-packages (from httpcore==1.*->httpx>=0.25.0->jupyterlab<4.3,>=4.2.0->notebook>=4.4.1->widgetsnbextension~=3.6.5->ipywidgets>=7.0.0->qgridnext) (0.14.0)
2025-02-21T12:39:28.5563513Z Requirement already satisfied: debugpy>=1.6.5 in /home/runner/micromamba/envs/tardis/lib/python3.12/site-packages (from ipykernel>=6.5.0->jupyterlab<4.3,>=4.2.0->notebook>=4.4.1->widgetsnbextension~=3.6.5->ipywidgets>=7.0.0->qgridnext) (1.8.1)
2025-02-21T12:39:28.5585440Z Requirement already satisfied: nest-asyncio in /home/runner/micromamba/envs/tardis/lib/python3.12/site-packages (from ipykernel>=6.5.0->jupyterlab<4.3,>=4.2.0->notebook>=4.4.1->widgetsnbextension~=3.6.5->ipywidgets>=7.0.0->qgridnext) (1.6.0)
2025-02-21T12:39:28.5601327Z Requirement already satisfied: psutil in /home/runner/micromamba/envs/tardis/lib/python3.12/site-packages (from ipykernel>=6.5.0->jupyterlab<4.3,>=4.2.0->notebook>=4.4.1->widgetsnbextension~=3.6.5->ipywidgets>=7.0.0->qgridnext) (5.9.8)
2025-02-21T12:39:28.5664172Z Requirement already satisfied: MarkupSafe>=2.0 in /home/runner/micromamba/envs/tardis/lib/python3.12/site-packages (from jinja2>=3.0.3->jupyter-server<3,>=2.4.0->notebook>=4.4.1->widgetsnbextension~=3.6.5->ipywidgets>=7.0.0->qgridnext) (2.1.5)
2025-02-21T12:39:28.5854689Z Requirement already satisfied: attrs>=22.2.0 in /home/runner/micromamba/envs/tardis/lib/python3.12/site-packages (from jsonschema>=4.18.0->jupyterlab-server<3,>=2.27.1->notebook>=4.4.1->widgetsnbextension~=3.6.5->ipywidgets>=7.0.0->qgridnext) (23.2.0)
2025-02-21T12:39:28.5865593Z Requirement already satisfied: jsonschema-specifications>=2023.03.6 in /home/runner/micromamba/envs/tardis/lib/python3.12/site-packages (from jsonschema>=4.18.0->jupyterlab-server<3,>=2.27.1->notebook>=4.4.1->widgetsnbextension~=3.6.5->ipywidgets>=7.0.0->qgridnext) (2023.12.1)
2025-02-21T12:39:28.5875132Z Requirement already satisfied: referencing>=0.28.4 in /home/runner/micromamba/envs/tardis/lib/python3.12/site-packages (from jsonschema>=4.18.0->jupyterlab-server<3,>=2.27.1->notebook>=4.4.1->widgetsnbextension~=3.6.5->ipywidgets>=7.0.0->qgridnext) (0.35.1)
2025-02-21T12:39:28.5885186Z Requirement already satisfied: rpds-py>=0.7.1 in /home/runner/micromamba/envs/tardis/lib/python3.12/site-packages (from jsonschema>=4.18.0->jupyterlab-server<3,>=2.27.1->notebook>=4.4.1->widgetsnbextension~=3.6.5->ipywidgets>=7.0.0->qgridnext) (0.18.1)
2025-02-21T12:39:28.6152347Z Requirement already satisfied: platformdirs>=2.5 in /home/runner/micromamba/envs/tardis/lib/python3.12/site-packages (from jupyter-core!=5.0.*,>=4.12->jupyter-server<3,>=2.4.0->notebook>=4.4.1->widgetsnbextension~=3.6.5->ipywidgets>=7.0.0->qgridnext) (4.2.2)
2025-02-21T12:39:28.6305119Z Requirement already satisfied: python-json-logger>=2.0.4 in /home/runner/micromamba/envs/tardis/lib/python3.12/site-packages (from jupyter-events>=0.9.0->jupyter-server<3,>=2.4.0->notebook>=4.4.1->widgetsnbextension~=3.6.5->ipywidgets>=7.0.0->qgridnext) (2.0.7)
2025-02-21T12:39:28.6314631Z Requirement already satisfied: pyyaml>=5.3 in /home/runner/micromamba/envs/tardis/lib/python3.12/site-packages (from jupyter-events>=0.9.0->jupyter-server<3,>=2.4.0->notebook>=4.4.1->widgetsnbextension~=3.6.5->ipywidgets>=7.0.0->qgridnext) (6.0.1)
2025-02-21T12:39:28.6325865Z Requirement already satisfied: rfc3339-validator in /home/runner/micromamba/envs/tardis/lib/python3.12/site-packages (from jupyter-events>=0.9.0->jupyter-server<3,>=2.4.0->notebook>=4.4.1->widgetsnbextension~=3.6.5->ipywidgets>=7.0.0->qgridnext) (0.1.4)
2025-02-21T12:39:28.6335347Z Requirement already satisfied: rfc3986-validator>=0.1.1 in /home/runner/micromamba/envs/tardis/lib/python3.12/site-packages (from jupyter-events>=0.9.0->jupyter-server<3,>=2.4.0->notebook>=4.4.1->widgetsnbextension~=3.6.5->ipywidgets>=7.0.0->qgridnext) (0.1.1)
2025-02-21T12:39:28.6755584Z Requirement already satisfied: beautifulsoup4 in /home/runner/micromamba/envs/tardis/lib/python3.12/site-packages (from nbconvert>=6.4.4->jupyter-server<3,>=2.4.0->notebook>=4.4.1->widgetsnbextension~=3.6.5->ipywidgets>=7.0.0->qgridnext) (4.12.3)
2025-02-21T12:39:28.6775495Z Requirement already satisfied: bleach!=5.0.0 in /home/runner/micromamba/envs/tardis/lib/python3.12/site-packages (from nbconvert>=6.4.4->jupyter-server<3,>=2.4.0->notebook>=4.4.1->widgetsnbextension~=3.6.5->ipywidgets>=7.0.0->qgridnext) (6.1.0)
2025-02-21T12:39:28.6790669Z Requirement already satisfied: defusedxml in /home/runner/micromamba/envs/tardis/lib/python3.12/site-packages (from nbconvert>=6.4.4->jupyter-server<3,>=2.4.0->notebook>=4.4.1->widgetsnbextension~=3.6.5->ipywidgets>=7.0.0->qgridnext) (0.7.1)
2025-02-21T12:39:28.6805898Z Requirement already satisfied: jupyterlab-pygments in /home/runner/micromamba/envs/tardis/lib/python3.12/site-packages (from nbconvert>=6.4.4->jupyter-server<3,>=2.4.0->notebook>=4.4.1->widgetsnbextension~=3.6.5->ipywidgets>=7.0.0->qgridnext) (0.3.0)
2025-02-21T12:39:28.6818621Z Requirement already satisfied: mistune<4,>=2.0.3 in /home/runner/micromamba/envs/tardis/lib/python3.12/site-packages (from nbconvert>=6.4.4->jupyter-server<3,>=2.4.0->notebook>=4.4.1->widgetsnbextension~=3.6.5->ipywidgets>=7.0.0->qgridnext) (3.0.2)
2025-02-21T12:39:28.6831432Z Requirement already satisfied: nbclient>=0.5.0 in /home/runner/micromamba/envs/tardis/lib/python3.12/site-packages (from nbconvert>=6.4.4->jupyter-server<3,>=2.4.0->notebook>=4.4.1->widgetsnbextension~=3.6.5->ipywidgets>=7.0.0->qgridnext) (0.10.0)
2025-02-21T12:39:28.6848899Z Requirement already satisfied: pandocfilters>=1.4.1 in /home/runner/micromamba/envs/tardis/lib/python3.12/site-packages (from nbconvert>=6.4.4->jupyter-server<3,>=2.4.0->notebook>=4.4.1->widgetsnbextension~=3.6.5->ipywidgets>=7.0.0->qgridnext) (1.5.0)
2025-02-21T12:39:28.6859245Z Requirement already satisfied: tinycss2 in /home/runner/micromamba/envs/tardis/lib/python3.12/site-packages (from nbconvert>=6.4.4->jupyter-server<3,>=2.4.0->notebook>=4.4.1->widgetsnbextension~=3.6.5->ipywidgets>=7.0.0->qgridnext) (1.3.0)
2025-02-21T12:39:28.6973490Z Requirement already satisfied: fastjsonschema>=2.15 in /home/runner/micromamba/envs/tardis/lib/python3.12/site-packages (from nbformat>=5.3.0->jupyter-server<3,>=2.4.0->notebook>=4.4.1->widgetsnbextension~=3.6.5->ipywidgets>=7.0.0->qgridnext) (2.20.0)
2025-02-21T12:39:28.7279986Z Requirement already satisfied: charset-normalizer<4,>=2 in /home/runner/micromamba/envs/tardis/lib/python3.12/site-packages (from requests>=2.31->jupyterlab-server<3,>=2.27.1->notebook>=4.4.1->widgetsnbextension~=3.6.5->ipywidgets>=7.0.0->qgridnext) (3.3.2)
2025-02-21T12:39:28.7294877Z Requirement already satisfied: urllib3<3,>=1.21.1 in /home/runner/micromamba/envs/tardis/lib/python3.12/site-packages (from requests>=2.31->jupyterlab-server<3,>=2.27.1->notebook>=4.4.1->widgetsnbextension~=3.6.5->ipywidgets>=7.0.0->qgridnext) (2.2.2)
2025-02-21T12:39:28.8054877Z Requirement already satisfied: webencodings in /home/runner/micromamba/envs/tardis/lib/python3.12/site-packages (from bleach!=5.0.0->nbconvert>=6.4.4->jupyter-server<3,>=2.4.0->notebook>=4.4.1->widgetsnbextension~=3.6.5->ipywidgets>=7.0.0->qgridnext) (0.5.1)
2025-02-21T12:39:28.8620394Z Requirement already satisfied: fqdn in /home/runner/micromamba/envs/tardis/lib/python3.12/site-packages (from jsonschema[format-nongpl]>=4.18.0->jupyter-events>=0.9.0->jupyter-server<3,>=2.4.0->notebook>=4.4.1->widgetsnbextension~=3.6.5->ipywidgets>=7.0.0->qgridnext) (1.5.1)
2025-02-21T12:39:28.8639420Z Requirement already satisfied: isoduration in /home/runner/micromamba/envs/tardis/lib/python3.12/site-packages (from jsonschema[format-nongpl]>=4.18.0->jupyter-events>=0.9.0->jupyter-server<3,>=2.4.0->notebook>=4.4.1->widgetsnbextension~=3.6.5->ipywidgets>=7.0.0->qgridnext) (20.11.0)
2025-02-21T12:39:28.8654149Z Requirement already satisfied: jsonpointer>1.13 in /home/runner/micromamba/envs/tardis/lib/python3.12/site-packages (from jsonschema[format-nongpl]>=4.18.0->jupyter-events>=0.9.0->jupyter-server<3,>=2.4.0->notebook>=4.4.1->widgetsnbextension~=3.6.5->ipywidgets>=7.0.0->qgridnext) (3.0.0)
2025-02-21T12:39:28.8671932Z Requirement already satisfied: uri-template in /home/runner/micromamba/envs/tardis/lib/python3.12/site-packages (from jsonschema[format-nongpl]>=4.18.0->jupyter-events>=0.9.0->jupyter-server<3,>=2.4.0->notebook>=4.4.1->widgetsnbextension~=3.6.5->ipywidgets>=7.0.0->qgridnext) (1.3.0)
2025-02-21T12:39:28.8686687Z Requirement already satisfied: webcolors>=1.11 in /home/runner/micromamba/envs/tardis/lib/python3.12/site-packages (from jsonschema[format-nongpl]>=4.18.0->jupyter-events>=0.9.0->jupyter-server<3,>=2.4.0->notebook>=4.4.1->widgetsnbextension~=3.6.5->ipywidgets>=7.0.0->qgridnext) (24.6.0)
2025-02-21T12:39:28.9687365Z Requirement already satisfied: cffi>=1.0.1 in /home/runner/micromamba/envs/tardis/lib/python3.12/site-packages (from argon2-cffi-bindings->argon2-cffi>=21.1->jupyter-server<3,>=2.4.0->notebook>=4.4.1->widgetsnbextension~=3.6.5->ipywidgets>=7.0.0->qgridnext) (1.16.0)
2025-02-21T12:39:28.9790431Z Requirement already satisfied: soupsieve>1.2 in /home/runner/micromamba/envs/tardis/lib/python3.12/site-packages (from beautifulsoup4->nbconvert>=6.4.4->jupyter-server<3,>=2.4.0->notebook>=4.4.1->widgetsnbextension~=3.6.5->ipywidgets>=7.0.0->qgridnext) (2.5)
2025-02-21T12:39:29.0347762Z Requirement already satisfied: pycparser in /home/runner/micromamba/envs/tardis/lib/python3.12/site-packages (from cffi>=1.0.1->argon2-cffi-bindings->argon2-cffi>=21.1->jupyter-server<3,>=2.4.0->notebook>=4.4.1->widgetsnbextension~=3.6.5->ipywidgets>=7.0.0->qgridnext) (2.22)
2025-02-21T12:39:29.0854755Z Requirement already satisfied: arrow>=0.15.0 in /home/runner/micromamba/envs/tardis/lib/python3.12/site-packages (from isoduration->jsonschema[format-nongpl]>=4.18.0->jupyter-events>=0.9.0->jupyter-server<3,>=2.4.0->notebook>=4.4.1->widgetsnbextension~=3.6.5->ipywidgets>=7.0.0->qgridnext) (1.3.0)
2025-02-21T12:39:29.1156029Z Requirement already satisfied: types-python-dateutil>=2.8.10 in /home/runner/micromamba/envs/tardis/lib/python3.12/site-packages (from arrow>=0.15.0->isoduration->jsonschema[format-nongpl]>=4.18.0->jupyter-events>=0.9.0->jupyter-server<3,>=2.4.0->notebook>=4.4.1->widgetsnbextension~=3.6.5->ipywidgets>=7.0.0->qgridnext) (2.9.0.20240316)
2025-02-21T12:39:29.1400501Z Downloading qgridnext-2.0.4-py3-none-any.whl (1.3 MB)
2025-02-21T12:39:29.1623040Z    â”â”â”â”â”â”â”â”â”â”â”â”â”â”â”â”â”â”â”â”â”â”â”â”â”â”â”â”â”â”â”â”â”â”â”â”â”â”â”â” 1.3/1.3 MB 63.8 MB/s eta 0:00:00
2025-02-21T12:39:29.9463936Z Installing collected packages: qgridnext
2025-02-21T12:39:30.0196963Z Successfully installed qgridnext-2.0.4
2025-02-21T12:39:30.1984309Z ##[group]Run pytest tardis --tardis-regression-data=/home/runner/work/tardis/tardis/tardis-regression-data --cov=tardis --cov-report=xml --cov-report=html --cov-append -m "not continuum"
2025-02-21T12:39:30.1985774Z [36;1mpytest tardis --tardis-regression-data=/home/runner/work/tardis/tardis/tardis-regression-data --cov=tardis --cov-report=xml --cov-report=html --cov-append -m "not continuum"[0m
2025-02-21T12:39:30.2040572Z shell: /usr/bin/bash -l {0}
2025-02-21T12:39:30.2040811Z env:
2025-02-21T12:39:30.2040993Z   CACHE_NUMBER: 0
2025-02-21T12:39:30.2041626Z   PYTEST_FLAGS: --tardis-regression-data=/home/runner/work/tardis/tardis/tardis-regression-data --cov=tardis --cov-report=xml --cov-report=html --cov-append
2025-02-21T12:39:30.2042304Z   CODECOV_TOKEN: 
2025-02-21T12:39:30.2042528Z   MAMBA_ROOT_PREFIX: /home/runner/micromamba
2025-02-21T12:39:30.2042831Z   MAMBA_EXE: /home/runner/micromamba-bin/micromamba
2025-02-21T12:39:30.2043218Z   CONDARC: /home/runner/work/_temp/setup-micromamba/.condarc
2025-02-21T12:39:30.2043528Z ##[endgroup]
2025-02-21T12:39:38.6741118Z ============================= test session starts ==============================
2025-02-21T12:39:38.6741872Z platform linux -- Python 3.12.4, pytest-8.2.2, pluggy-1.5.0
2025-02-21T12:39:38.6742556Z rootdir: /home/runner/work/tardis/tardis
2025-02-21T12:39:38.6743052Z configfile: pyproject.toml
2025-02-21T12:39:38.6743631Z plugins: metadata-3.1.1, anyio-4.4.0, doctestplus-1.2.1, cov-5.0.0, html-4.1.1
2025-02-21T12:39:38.6744306Z collected 1796 items / 2 deselected / 1794 selected
2025-02-21T12:39:38.6744673Z 
2025-02-21T12:39:43.6703548Z tardis/energy_input/tests/test_energy_source.py ..xxx                    [  0%]
2025-02-21T12:39:46.5142765Z tardis/energy_input/tests/test_gamma_ray_channel.py ...........          [  0%]
2025-02-21T12:39:48.0946017Z tardis/energy_input/tests/test_gamma_ray_grid.py xx.                     [  1%]
2025-02-21T12:39:49.8565783Z tardis/energy_input/tests/test_gamma_ray_interactions.py xx....          [  1%]
2025-02-21T12:39:49.8658266Z tardis/energy_input/tests/test_gamma_ray_packet_source.py sssssssss      [  1%]
2025-02-21T12:39:51.1498054Z tardis/energy_input/tests/test_util.py .....xxxx.....                    [  2%]
2025-02-21T12:39:51.4901679Z tardis/grid/tests/test_grid.py .                                         [  2%]
2025-02-21T12:39:51.4916749Z tardis/gui/tests/test_gui.py s                                           [  2%]
2025-02-21T12:39:55.0660299Z tardis/io/configuration/tests/test_config_reader.py ...........          [  3%]
2025-02-21T12:39:55.0788215Z tardis/io/configuration/tests/test_configuration_namespace.py .........  [  3%]
2025-02-21T12:39:55.1060482Z tardis/io/logger/tests/test_logging.py ssssssssssssssssssssssssssss      [  5%]
2025-02-21T12:40:32.3445588Z tardis/io/model/readers/tests/test_arepo_parser.py ..                    [  5%]
2025-02-21T12:40:32.3591905Z tardis/io/model/readers/tests/test_ascii_readers.py ...                  [  5%]
2025-02-21T12:40:32.3706176Z tardis/io/model/readers/tests/test_cmfgen_reader.py ..                   [  5%]
2025-02-21T12:40:32.4016245Z tardis/io/model/readers/tests/test_csvy_reader.py ....                   [  6%]
2025-02-21T12:40:32.4218170Z tardis/io/model/readers/tests/test_stella_reader.py ..                   [  6%]
2025-02-21T12:40:32.7294700Z tardis/io/tests/test_HDFWriter.py ...............                        [  7%]
2025-02-21T12:40:33.0351495Z tardis/io/tests/test_atomic.py .....                                     [  7%]
2025-02-21T12:40:33.0542250Z tardis/io/tests/test_decay.py ..                                         [  7%]
2025-02-21T12:40:33.2501588Z tardis/io/tests/test_model_reader.py ......                              [  7%]
2025-02-21T12:40:33.2568195Z tardis/model/geometry/tests/test_radial1d.py ..                          [  7%]
2025-02-21T12:41:31.5192496Z tardis/model/tests/test_base.py ........................................ [ 10%]
2025-02-21T12:41:32.5155175Z ............                                                             [ 10%]
2025-02-21T12:41:35.5978802Z tardis/model/tests/test_csvy_model.py .........                          [ 11%]
2025-02-21T12:41:35.6461526Z tardis/model/tests/test_density.py ..                                    [ 11%]
2025-02-21T12:41:36.9337385Z tardis/opacities/tests/test_opacity_solver.py .....                      [ 11%]
2025-02-21T12:41:38.2675908Z tardis/opacities/tests/test_opacity_state_numba.py .....                 [ 11%]
2025-02-21T12:41:39.8638854Z tardis/opacities/tests/test_tau_sobolev.py ..                            [ 12%]
2025-02-21T12:41:42.9273130Z tardis/plasma/equilibrium/tests/test_collisional_transitions.py ...      [ 12%]
2025-02-21T12:42:28.7319819Z tardis/plasma/equilibrium/tests/test_level_populations.py ....           [ 12%]
2025-02-21T12:42:40.2387626Z tardis/plasma/equilibrium/tests/test_rate_matrix.py .                    [ 12%]
2025-02-21T12:42:41.6656366Z tardis/plasma/tests/test_complete_plasmas.py ..............s......s..... [ 13%]
2025-02-21T12:42:44.5323926Z s....ssssss............s......s.....ss.....s....ssssss............s..... [ 18%]
2025-02-21T12:42:46.4992559Z .s.....ss.....s....ssssss............s......s.....ss.....s....ssssss.... [ 22%]
2025-02-21T12:42:49.3801829Z ........s......s.....ss.....s....ssssss............s......s.....ss.....s [ 26%]
2025-02-21T12:42:52.2283031Z ....ssssss............s......s.....ss.....s....ssssss............s...... [ 30%]
2025-02-21T12:42:52.9347656Z s.....ss.....s....ssssss............s......s.....ss.....s.ss.ssssss..... [ 34%]
2025-02-21T12:42:55.7790472Z .......s......s.....ss.....s....ssssss............s......s.....ss.....s. [ 38%]
2025-02-21T12:42:58.9300949Z ...ssssss............s......s.....ss.....s....ssssss............s......s [ 42%]
2025-02-21T12:43:01.9860473Z .....ss.....s....ssssss............s......s.....s...........ssssss...... [ 46%]
2025-02-21T12:43:03.7767259Z ......s......s.....s...........ssssss............s......s.....s......... [ 50%]
2025-02-21T12:43:06.6737270Z ..ssssss............s......s.....ss.....s....ssssss............s......s. [ 54%]
2025-02-21T12:43:10.1485694Z ....ss.....s....ssssss...................s......s.....s....ssss......... [ 58%]
2025-02-21T12:43:10.4389163Z ............s......s.....s....ssss.......                                [ 60%]
2025-02-21T12:43:10.5500889Z tardis/plasma/tests/test_hdf_plasma.py ................................. [ 62%]
2025-02-21T12:43:10.5618394Z ......                                                                   [ 62%]
2025-02-21T12:43:10.7002765Z tardis/plasma/tests/test_nlte_excitation.py ...                          [ 62%]
2025-02-21T12:45:27.1407111Z tardis/plasma/tests/test_nlte_solver.py .....X                           [ 63%]
2025-02-21T12:45:27.1431958Z tardis/plasma/tests/test_plasma_continuum.py .                           [ 63%]
2025-02-21T12:45:50.5060037Z tardis/plasma/tests/test_plasma_vboundary.py .............               [ 63%]
2025-02-21T12:46:03.5691664Z tardis/plasma/tests/test_tardis_model_density_config.py ...              [ 64%]
2025-02-21T12:46:04.3194454Z tardis/simulation/tests/test_convergence.py .....                        [ 64%]
2025-02-21T12:46:12.7568764Z tardis/simulation/tests/test_simulation.py .............                 [ 65%]
2025-02-21T12:46:12.7769262Z tardis/spectrum/tests/test_cuda_formal_integral.py sssssssssssssssssssss [ 66%]
2025-02-21T12:46:13.2499088Z ssss...ssssssssssssssssssssss                                            [ 67%]
2025-02-21T12:46:13.2571657Z tardis/spectrum/tests/test_luminosity.py ....                            [ 68%]
2025-02-21T12:46:14.8489268Z tardis/spectrum/tests/test_numba_formal_integral.py .................... [ 69%]
2025-02-21T12:46:14.8686998Z ..........                                                               [ 69%]
2025-02-21T12:46:15.0538405Z tardis/spectrum/tests/test_spectrum.py ................................. [ 71%]
2025-02-21T12:46:15.0886032Z .........                                                                [ 72%]
2025-02-21T12:46:15.1714660Z tardis/spectrum/tests/test_spectrum_solver.py .FFF                       [ 72%]
2025-02-21T12:46:46.6603424Z tardis/tests/test_tardis_full.py .FFF                                    [ 72%]
2025-02-21T12:48:10.9675555Z tardis/tests/test_tardis_full_formal_integral.py ................        [ 73%]
2025-02-21T12:48:11.0417776Z tardis/tests/test_util.py .............................................  [ 75%]
2025-02-21T12:48:13.6826397Z tardis/transport/montecarlo/tests/test_base.py x.....................    [ 77%]
2025-02-21T12:48:20.9518114Z tardis/transport/montecarlo/tests/test_interaction.py .......            [ 77%]
2025-02-21T12:48:21.1801280Z tardis/transport/montecarlo/tests/test_macro_atom.py ....                [ 77%]
2025-02-21T12:48:21.1975555Z tardis/transport/montecarlo/tests/test_montecarlo.py sssssssssssssssssss [ 78%]
2025-02-21T12:48:21.2393107Z sssssssssssssssssssssssssssssssssssssssssssss                            [ 81%]
2025-02-21T12:48:30.5478137Z tardis/transport/montecarlo/tests/test_montecarlo_main_loop.py x..       [ 81%]
2025-02-21T12:48:30.5556548Z tardis/transport/montecarlo/tests/test_nonhomologous.py ...              [ 81%]
2025-02-21T12:48:36.4085840Z tardis/transport/montecarlo/tests/test_numba_interface.py .....x.        [ 82%]
2025-02-21T12:48:36.8891087Z tardis/transport/montecarlo/tests/test_opacities.py ...............      [ 82%]
2025-02-21T12:48:37.9318802Z tardis/transport/montecarlo/tests/test_packet.py .................xXXXXX [ 84%]
2025-02-21T12:48:38.0684411Z XX.........                                                              [ 84%]
2025-02-21T12:48:38.0963437Z tardis/transport/montecarlo/tests/test_packet_source.py ........         [ 85%]
2025-02-21T12:48:38.4273525Z tardis/transport/montecarlo/tests/test_rpacket_last_interaction_tracker.py . [ 85%]
2025-02-21T12:48:38.8448994Z .....                                                                    [ 85%]
2025-02-21T12:49:14.1152837Z tardis/transport/montecarlo/tests/test_rpacket_tracker.py ......         [ 85%]
2025-02-21T12:49:14.1439655Z tardis/transport/montecarlo/tests/test_single_packet_loop.py xxx         [ 86%]
2025-02-21T12:49:14.1472161Z tardis/transport/montecarlo/tests/test_tracker_utils.py ..               [ 86%]
2025-02-21T12:49:16.6207838Z tardis/transport/montecarlo/tests/test_vpacket.py ..x.                   [ 86%]
2025-02-21T12:49:16.6380017Z tardis/transport/montecarlo/tests/test_weighted_packet_source.py ....    [ 86%]
2025-02-21T12:49:20.0282460Z tardis/transport/montecarlo/tests/test_weighted_packet_source_integration.py . [ 86%]
2025-02-21T12:49:20.0284608Z                                                                          [ 86%]
2025-02-21T12:49:20.7789106Z tardis/transport/tests/test_doppler_factor.py ..................         [ 87%]
2025-02-21T12:49:22.5776180Z tardis/visualization/tools/tests/test_convergence_plot.py .............. [ 88%]
2025-02-21T12:49:24.8084712Z ......                                                                   [ 88%]
2025-02-21T12:49:29.5138374Z tardis/visualization/tools/tests/test_liv_plot.py ...................... [ 90%]
2025-02-21T12:49:32.2238595Z .............................                                            [ 91%]
2025-02-21T12:49:35.0708275Z tardis/visualization/tools/tests/test_rpacket_plot.py .................. [ 92%]
2025-02-21T12:49:42.0652832Z ....                                                                     [ 92%]
2025-02-21T12:49:48.0715120Z tardis/visualization/tools/tests/test_sdec_plot.py ..................... [ 94%]
2025-02-21T12:49:56.1973041Z ..............................                                           [ 95%]
2025-02-21T12:49:56.6401898Z tardis/visualization/widgets/tests/test_custom_abundance.py ........ss.. [ 96%]
2025-02-21T12:49:56.7108965Z ....                                                                     [ 96%]
2025-02-21T12:49:57.7569743Z tardis/visualization/widgets/tests/test_line_info.py ................... [ 97%]
2025-02-21T12:49:58.3835971Z ..................                                                       [ 98%]
2025-02-21T12:51:01.7024826Z tardis/visualization/widgets/tests/test_shell_info.py .................. [ 99%]
2025-02-21T12:51:10.3095974Z ......                                                                   [100%]
2025-02-21T12:51:10.3098026Z 
2025-02-21T12:51:10.3098427Z =================================== FAILURES ===================================
2025-02-21T12:51:10.3099324Z ________________ TestSpectrumSolver.test_spectrum_real_packets _________________
2025-02-21T12:51:10.3099675Z 
2025-02-21T12:51:10.3100113Z self = <tardis.spectrum.tests.test_spectrum_solver.TestSpectrumSolver object at 0x7f61468acbf0>
2025-02-21T12:51:10.3101134Z simulation_regression_data = <tardis.simulation.base.Simulation object at 0x7f6140182090>
2025-02-21T12:51:10.3102488Z 
2025-02-21T12:51:10.3102789Z     def test_spectrum_real_packets(self, simulation_regression_data):
2025-02-21T12:51:10.3103544Z         transport_state = simulation_regression_data.transport.transport_state
2025-02-21T12:51:10.3104442Z         spectrum_frequency_grid = simulation_regression_data.transport.spectrum_frequency_grid
2025-02-21T12:51:10.3105085Z     
2025-02-21T12:51:10.3105411Z         solver = SpectrumSolver(transport_state, spectrum_frequency_grid, None)
2025-02-21T12:51:10.3105823Z         result = solver.spectrum_real_packets.luminosity
2025-02-21T12:51:10.3106202Z         key = "simulation/spectrum_solver/spectrum_real_packets/luminosity"
2025-02-21T12:51:10.3106563Z         expected = self.get_expected_data(key)
2025-02-21T12:51:10.3106810Z     
2025-02-21T12:51:10.3107003Z         luminosity = u.Quantity(expected, "erg /s")
2025-02-21T12:51:10.3107253Z     
2025-02-21T12:51:10.3107620Z >       assert_quantity_allclose(
2025-02-21T12:51:10.3107870Z             result,
2025-02-21T12:51:10.3108056Z             luminosity,
2025-02-21T12:51:10.3108247Z         )
2025-02-21T12:51:10.3108347Z 
2025-02-21T12:51:10.3108474Z tardis/spectrum/tests/test_spectrum_solver.py:61: 
2025-02-21T12:51:10.3108803Z _ _ _ _ _ _ _ _ _ _ _ _ _ _ _ _ _ _ _ _ _ _ _ _ _ _ _ _ _ _ _ _ _ _ _ _ _ _ _ _ 
2025-02-21T12:51:10.3109359Z ../../../micromamba/envs/tardis/lib/python3.12/site-packages/astropy/tests/helper.py:203: in assert_quantity_allclose
2025-02-21T12:51:10.3109886Z     np.testing.assert_allclose(
2025-02-21T12:51:10.3110150Z _ _ _ _ _ _ _ _ _ _ _ _ _ _ _ _ _ _ _ _ _ _ _ _ _ _ _ _ _ _ _ _ _ _ _ _ _ _ _ _ 
2025-02-21T12:51:10.3110352Z 
2025-02-21T12:51:10.3110835Z args = (<function assert_allclose.<locals>.compare at 0x7f6115387ba0>, array([0.00000000e+00, 0.00000000e+00, 2.76120259e+39,...), array([1.33511090e+39, 1.33738696e+39, 9.41598476e+38, ...,
2025-02-21T12:51:10.3111489Z        0.00000000e+00, 0.00000000e+00, 0.00000000e+00]))
2025-02-21T12:51:10.3111913Z kwds = {'equal_nan': True, 'err_msg': '', 'header': 'Not equal to tolerance rtol=1e-07, atol=0', 'verbose': True}
2025-02-21T12:51:10.3112237Z 
2025-02-21T12:51:10.3112316Z     @wraps(func)
2025-02-21T12:51:10.3112509Z     def inner(*args, **kwds):
2025-02-21T12:51:10.3112739Z         with self._recreate_cm():
2025-02-21T12:51:10.3112980Z >           return func(*args, **kwds)
2025-02-21T12:51:10.3113232Z E           AssertionError: 
2025-02-21T12:51:10.3113475Z E           Not equal to tolerance rtol=1e-07, atol=0
2025-02-21T12:51:10.3113735Z E           
2025-02-21T12:51:10.3113935Z E           Mismatched elements: 4355 / 10000 (43.5%)
2025-02-21T12:51:10.3114208Z E           Max absolute difference: 1.94155993e+40
2025-02-21T12:51:10.3114479Z E           Max relative difference: 137.15340685
2025-02-21T12:51:10.3114798Z E            x: array([0.000000e+00, 0.000000e+00, 2.761203e+39, ..., 0.000000e+00,
2025-02-21T12:51:10.3115121Z E                  0.000000e+00, 0.000000e+00])
2025-02-21T12:51:10.3115424Z E            y: array([1.335111e+39, 1.337387e+39, 9.415985e+38, ..., 0.000000e+00,
2025-02-21T12:51:10.3115741Z E                  0.000000e+00, 0.000000e+00])
2025-02-21T12:51:10.3115904Z 
2025-02-21T12:51:10.3116372Z ../../../micromamba/envs/tardis/lib/python3.12/contextlib.py:81: AssertionError
2025-02-21T12:51:10.3116864Z ___________ TestSpectrumSolver.test_spectrum_real_packets_reabsorbed ___________
2025-02-21T12:51:10.3117277Z 
2025-02-21T12:51:10.3117740Z self = <tardis.spectrum.tests.test_spectrum_solver.TestSpectrumSolver object at 0x7f61468acf50>
2025-02-21T12:51:10.3118327Z simulation_regression_data = <tardis.simulation.base.Simulation object at 0x7f6140182090>
2025-02-21T12:51:10.3118657Z 
2025-02-21T12:51:10.3118846Z     def test_spectrum_real_packets_reabsorbed(self, simulation_regression_data):
2025-02-21T12:51:10.3119309Z         transport_state = simulation_regression_data.transport.transport_state
2025-02-21T12:51:10.3119807Z         spectrum_frequency_grid = simulation_regression_data.transport.spectrum_frequency_grid
2025-02-21T12:51:10.3120193Z     
2025-02-21T12:51:10.3120467Z         solver = SpectrumSolver(transport_state, spectrum_frequency_grid, None)
2025-02-21T12:51:10.3120891Z         result = solver.spectrum_real_packets_reabsorbed.luminosity
2025-02-21T12:51:10.3121333Z         key = "simulation/spectrum_solver/spectrum_real_packets_reabsorbed/luminosity"
2025-02-21T12:51:10.3121729Z         expected = self.get_expected_data(key)
2025-02-21T12:51:10.3121978Z     
2025-02-21T12:51:10.3122173Z         luminosity = u.Quantity(expected, "erg /s")
2025-02-21T12:51:10.3122426Z     
2025-02-21T12:51:10.3122596Z >       assert_quantity_allclose(
2025-02-21T12:51:10.3122817Z             result,
2025-02-21T12:51:10.3122999Z             luminosity,
2025-02-21T12:51:10.3123190Z         )
2025-02-21T12:51:10.3123283Z 
2025-02-21T12:51:10.3123409Z tardis/spectrum/tests/test_spectrum_solver.py:77: 
2025-02-21T12:51:10.3123720Z _ _ _ _ _ _ _ _ _ _ _ _ _ _ _ _ _ _ _ _ _ _ _ _ _ _ _ _ _ _ _ _ _ _ _ _ _ _ _ _ 
2025-02-21T12:51:10.3124256Z ../../../micromamba/envs/tardis/lib/python3.12/site-packages/astropy/tests/helper.py:203: in assert_quantity_allclose
2025-02-21T12:51:10.3124777Z     np.testing.assert_allclose(
2025-02-21T12:51:10.3125046Z _ _ _ _ _ _ _ _ _ _ _ _ _ _ _ _ _ _ _ _ _ _ _ _ _ _ _ _ _ _ _ _ _ _ _ _ _ _ _ _ 
2025-02-21T12:51:10.3125250Z 
2025-02-21T12:51:10.3125626Z args = (<function assert_allclose.<locals>.compare at 0x7f6115386480>, array([0., 0., 0., ..., 0., 0., 0.]), array([2.03920412e+38, 3.72882494e+38, 2.29646943e+38, ...,
2025-02-21T12:51:10.3126203Z        0.00000000e+00, 0.00000000e+00, 0.00000000e+00]))
2025-02-21T12:51:10.3126632Z kwds = {'equal_nan': True, 'err_msg': '', 'header': 'Not equal to tolerance rtol=1e-07, atol=0', 'verbose': True}
2025-02-21T12:51:10.3126953Z 
2025-02-21T12:51:10.3127033Z     @wraps(func)
2025-02-21T12:51:10.3127231Z     def inner(*args, **kwds):
2025-02-21T12:51:10.3127627Z         with self._recreate_cm():
2025-02-21T12:51:10.3127871Z >           return func(*args, **kwds)
2025-02-21T12:51:10.3128116Z E           AssertionError: 
2025-02-21T12:51:10.3128364Z E           Not equal to tolerance rtol=1e-07, atol=0
2025-02-21T12:51:10.3128628Z E           
2025-02-21T12:51:10.3128831Z E           Mismatched elements: 4491 / 10000 (44.9%)
2025-02-21T12:51:10.3129111Z E           Max absolute difference: 1.0639846e+40
2025-02-21T12:51:10.3129394Z E           Max relative difference: 122.79315318
2025-02-21T12:51:10.3129657Z E            x: array([0., 0., 0., ..., 0., 0., 0.])
2025-02-21T12:51:10.3129976Z E            y: array([2.039204e+38, 3.728825e+38, 2.296469e+38, ..., 0.000000e+00,
2025-02-21T12:51:10.3130300Z E                  0.000000e+00, 0.000000e+00])
2025-02-21T12:51:10.3130471Z 
2025-02-21T12:51:10.3130675Z ../../../micromamba/envs/tardis/lib/python3.12/contextlib.py:81: AssertionError
2025-02-21T12:51:10.3131128Z ________________________ TestSpectrumSolver.test_solve _________________________
2025-02-21T12:51:10.3131376Z 
2025-02-21T12:51:10.3131643Z self = <tardis.spectrum.tests.test_spectrum_solver.TestSpectrumSolver object at 0x7f61468ad790>
2025-02-21T12:51:10.3132218Z simulation_regression_data = <tardis.simulation.base.Simulation object at 0x7f6140182090>
2025-02-21T12:51:10.3132542Z 
2025-02-21T12:51:10.3132794Z     def test_solve(self, simulation_regression_data):
2025-02-21T12:51:10.3133184Z         transport_state = simulation_regression_data.transport.transport_state
2025-02-21T12:51:10.3133790Z         spectrum_frequency_grid = simulation_regression_data.transport.spectrum_frequency_grid
2025-02-21T12:51:10.3134177Z     
2025-02-21T12:51:10.3134447Z         solver = SpectrumSolver(transport_state, spectrum_frequency_grid, None)
2025-02-21T12:51:10.3134873Z         result_real, result_virtual, result_integrated = solver.solve(
2025-02-21T12:51:10.3135189Z             transport_state
2025-02-21T12:51:10.3135392Z         )
2025-02-21T12:51:10.3135665Z         key_real = "simulation/spectrum_solver/spectrum_real_packets/luminosity"
2025-02-21T12:51:10.3136049Z         expected_real = self.get_expected_data(key_real)
2025-02-21T12:51:10.3136315Z     
2025-02-21T12:51:10.3136538Z         luminosity_real = u.Quantity(expected_real, "erg /s")
2025-02-21T12:51:10.3136816Z     
2025-02-21T12:51:10.3136990Z >       assert_quantity_allclose(
2025-02-21T12:51:10.3137226Z             result_real.luminosity,
2025-02-21T12:51:10.3137668Z             luminosity_real,
2025-02-21T12:51:10.3137889Z         )
2025-02-21T12:51:10.3137982Z 
2025-02-21T12:51:10.3138108Z tardis/spectrum/tests/test_spectrum_solver.py:95: 
2025-02-21T12:51:10.3138423Z _ _ _ _ _ _ _ _ _ _ _ _ _ _ _ _ _ _ _ _ _ _ _ _ _ _ _ _ _ _ _ _ _ _ _ _ _ _ _ _ 
2025-02-21T12:51:10.3138965Z ../../../micromamba/envs/tardis/lib/python3.12/site-packages/astropy/tests/helper.py:203: in assert_quantity_allclose
2025-02-21T12:51:10.3139474Z     np.testing.assert_allclose(
2025-02-21T12:51:10.3139738Z _ _ _ _ _ _ _ _ _ _ _ _ _ _ _ _ _ _ _ _ _ _ _ _ _ _ _ _ _ _ _ _ _ _ _ _ _ _ _ _ 
2025-02-21T12:51:10.3139941Z 
2025-02-21T12:51:10.3140403Z args = (<function assert_allclose.<locals>.compare at 0x7f6115387c40>, array([0.00000000e+00, 0.00000000e+00, 2.76120259e+39,...), array([1.33511090e+39, 1.33738696e+39, 9.41598476e+38, ...,
2025-02-21T12:51:10.3141056Z        0.00000000e+00, 0.00000000e+00, 0.00000000e+00]))
2025-02-21T12:51:10.3141479Z kwds = {'equal_nan': True, 'err_msg': '', 'header': 'Not equal to tolerance rtol=1e-07, atol=0', 'verbose': True}
2025-02-21T12:51:10.3141815Z 
2025-02-21T12:51:10.3141892Z     @wraps(func)
2025-02-21T12:51:10.3142087Z     def inner(*args, **kwds):
2025-02-21T12:51:10.3142311Z         with self._recreate_cm():
2025-02-21T12:51:10.3142546Z >           return func(*args, **kwds)
2025-02-21T12:51:10.3142790Z E           AssertionError: 
2025-02-21T12:51:10.3143031Z E           Not equal to tolerance rtol=1e-07, atol=0
2025-02-21T12:51:10.3143289Z E           
2025-02-21T12:51:10.3143490Z E           Mismatched elements: 4355 / 10000 (43.5%)
2025-02-21T12:51:10.3143768Z E           Max absolute difference: 1.94155993e+40
2025-02-21T12:51:10.3144044Z E           Max relative difference: 137.15340685
2025-02-21T12:51:10.3144364Z E            x: array([0.000000e+00, 0.000000e+00, 2.761203e+39, ..., 0.000000e+00,
2025-02-21T12:51:10.3144693Z E                  0.000000e+00, 0.000000e+00])
2025-02-21T12:51:10.3145000Z E            y: array([1.335111e+39, 1.337387e+39, 9.415985e+38, ..., 0.000000e+00,
2025-02-21T12:51:10.3145317Z E                  0.000000e+00, 0.000000e+00])
2025-02-21T12:51:10.3145486Z 
2025-02-21T12:51:10.3145683Z ../../../micromamba/envs/tardis/lib/python3.12/contextlib.py:81: AssertionError
2025-02-21T12:51:10.3146155Z __________________ TestTransportSimple.test_j_blue_estimators __________________
2025-02-21T12:51:10.3146420Z 
2025-02-21T12:51:10.3146637Z self = <tardis.tests.test_tardis_full.TestTransportSimple object at 0x7f61468ae000>
2025-02-21T12:51:10.3147170Z simulation_regression_data = <tardis.simulation.base.Simulation object at 0x7f6140182090>
2025-02-21T12:51:10.3147694Z 
2025-02-21T12:51:10.3147854Z     def test_j_blue_estimators(self, simulation_regression_data):
2025-02-21T12:51:10.3148234Z         key = "simulation/transport/transport_state/j_blue_estimator"
2025-02-21T12:51:10.3148699Z         expected = self.get_expected_data(key)
2025-02-21T12:51:10.3148950Z     
2025-02-21T12:51:10.3149121Z >       npt.assert_allclose(
2025-02-21T12:51:10.3149637Z             simulation_regression_data.transport.transport_state.radfield_mc_estimators.j_blue_estimator,
2025-02-21T12:51:10.3150071Z             expected.values,
2025-02-21T12:51:10.3150277Z         )
2025-02-21T12:51:10.3150373Z 
2025-02-21T12:51:10.3150465Z tardis/tests/test_tardis_full.py:60: 
2025-02-21T12:51:10.3150746Z _ _ _ _ _ _ _ _ _ _ _ _ _ _ _ _ _ _ _ _ _ _ _ _ _ _ _ _ _ _ _ _ _ _ _ _ _ _ _ _ 
2025-02-21T12:51:10.3150945Z 
2025-02-21T12:51:10.3159041Z args = (<function assert_allclose.<locals>.compare at 0x7f614002e160>, array([[0., 0., 0., ..., 0., 0., 0.],
2025-02-21T12:51:10.3159842Z        [0., 0., .....,
2025-02-21T12:51:10.3160179Z        [0., 0., 0., ..., 0., 0., 0.],
2025-02-21T12:51:10.3160562Z        [0., 0., 0., ..., 0., 0., 0.],
2025-02-21T12:51:10.3160938Z        [0., 0., 0., ..., 0., 0., 0.]]))
2025-02-21T12:51:10.3161618Z kwds = {'equal_nan': True, 'err_msg': '', 'header': 'Not equal to tolerance rtol=1e-07, atol=0', 'verbose': True}
2025-02-21T12:51:10.3162179Z 
2025-02-21T12:51:10.3162317Z     @wraps(func)
2025-02-21T12:51:10.3162639Z     def inner(*args, **kwds):
2025-02-21T12:51:10.3163020Z         with self._recreate_cm():
2025-02-21T12:51:10.3163416Z >           return func(*args, **kwds)
2025-02-21T12:51:10.3163835Z E           AssertionError: 
2025-02-21T12:51:10.3164149Z E           Not equal to tolerance rtol=1e-07, atol=0
2025-02-21T12:51:10.3164432Z E           
2025-02-21T12:51:10.3164649Z E           Mismatched elements: 488044 / 584480 (83.5%)
2025-02-21T12:51:10.3164944Z E           Max absolute difference: 1.43452643e-17
2025-02-21T12:51:10.3165225Z E           Max relative difference: 235.31367318
2025-02-21T12:51:10.3165496Z E            x: array([[0., 0., 0., ..., 0., 0., 0.],
2025-02-21T12:51:10.3165870Z E                  [0., 0., 0., ..., 0., 0., 0.],
2025-02-21T12:51:10.3166308Z E                  [0., 0., 0., ..., 0., 0., 0.],...
2025-02-21T12:51:10.3166737Z E            y: array([[0., 0., 0., ..., 0., 0., 0.],
2025-02-21T12:51:10.3167157Z E                  [0., 0., 0., ..., 0., 0., 0.],
2025-02-21T12:51:10.3167739Z E                  [0., 0., 0., ..., 0., 0., 0.],...
2025-02-21T12:51:10.3168029Z 
2025-02-21T12:51:10.3168372Z ../../../micromamba/envs/tardis/lib/python3.12/contextlib.py:81: AssertionError
2025-02-21T12:51:10.3169150Z ______________________ TestTransportSimple.test_spectrum _______________________
2025-02-21T12:51:10.3169606Z 
2025-02-21T12:51:10.3169964Z self = <tardis.tests.test_tardis_full.TestTransportSimple object at 0x7f61468ae360>
2025-02-21T12:51:10.3170919Z simulation_regression_data = <tardis.simulation.base.Simulation object at 0x7f6140182090>
2025-02-21T12:51:10.3171457Z 
2025-02-21T12:51:10.3171594Z     def test_spectrum(self, simulation_regression_data):
2025-02-21T12:51:10.3171995Z         key = "simulation/spectrum_solver/spectrum_real_packets/luminosity"
2025-02-21T12:51:10.3172361Z         expected = self.get_expected_data(key)
2025-02-21T12:51:10.3172610Z     
2025-02-21T12:51:10.3172811Z         luminosity = u.Quantity(expected, "erg /s")
2025-02-21T12:51:10.3173071Z     
2025-02-21T12:51:10.3173243Z >       assert_quantity_allclose(
2025-02-21T12:51:10.3173606Z             simulation_regression_data.spectrum_solver.spectrum_real_packets.luminosity,
2025-02-21T12:51:10.3173982Z             luminosity,
2025-02-21T12:51:10.3174177Z         )
2025-02-21T12:51:10.3174277Z 
2025-02-21T12:51:10.3174369Z tardis/tests/test_tardis_full.py:71: 
2025-02-21T12:51:10.3174653Z _ _ _ _ _ _ _ _ _ _ _ _ _ _ _ _ _ _ _ _ _ _ _ _ _ _ _ _ _ _ _ _ _ _ _ _ _ _ _ _ 
2025-02-21T12:51:10.3175198Z ../../../micromamba/envs/tardis/lib/python3.12/site-packages/astropy/tests/helper.py:203: in assert_quantity_allclose
2025-02-21T12:51:10.3175710Z     np.testing.assert_allclose(
2025-02-21T12:51:10.3175972Z _ _ _ _ _ _ _ _ _ _ _ _ _ _ _ _ _ _ _ _ _ _ _ _ _ _ _ _ _ _ _ _ _ _ _ _ _ _ _ _ 
2025-02-21T12:51:10.3176170Z 
2025-02-21T12:51:10.3176850Z args = (<function assert_allclose.<locals>.compare at 0x7f611702cfe0>, array([0.00000000e+00, 0.00000000e+00, 2.76120259e+39,...), array([1.47119190e+39, 1.69564189e+39, 1.35368464e+39, ...,
2025-02-21T12:51:10.3177923Z        0.00000000e+00, 0.00000000e+00, 0.00000000e+00]))
2025-02-21T12:51:10.3178431Z kwds = {'equal_nan': True, 'err_msg': '', 'header': 'Not equal to tolerance rtol=1e-07, atol=0', 'verbose': True}
2025-02-21T12:51:10.3179003Z 
2025-02-21T12:51:10.3179127Z     @wraps(func)
2025-02-21T12:51:10.3179455Z     def inner(*args, **kwds):
2025-02-21T12:51:10.3179833Z         with self._recreate_cm():
2025-02-21T12:51:10.3180229Z >           return func(*args, **kwds)
2025-02-21T12:51:10.3180637Z E           AssertionError: 
2025-02-21T12:51:10.3181041Z E           Not equal to tolerance rtol=1e-07, atol=0
2025-02-21T12:51:10.3181473Z E           
2025-02-21T12:51:10.3181779Z E           Mismatched elements: 4560 / 10000 (45.6%)
2025-02-21T12:51:10.3182076Z E           Max absolute difference: 1.96604107e+40
2025-02-21T12:51:10.3182352Z E           Max relative difference: 97.03021569
2025-02-21T12:51:10.3182678Z E            x: array([0.000000e+00, 0.000000e+00, 2.761203e+39, ..., 0.000000e+00,
2025-02-21T12:51:10.3183000Z E                  0.000000e+00, 0.000000e+00])
2025-02-21T12:51:10.3183304Z E            y: array([1.471192e+39, 1.695642e+39, 1.353685e+39, ..., 0.000000e+00,
2025-02-21T12:51:10.3183614Z E                  0.000000e+00, 0.000000e+00])
2025-02-21T12:51:10.3183775Z 
2025-02-21T12:51:10.3183976Z ../../../micromamba/envs/tardis/lib/python3.12/contextlib.py:81: AssertionError
2025-02-21T12:51:10.3184437Z __________________ TestTransportSimple.test_virtual_spectrum ___________________
2025-02-21T12:51:10.3184706Z 
2025-02-21T12:51:10.3184913Z self = <tardis.tests.test_tardis_full.TestTransportSimple object at 0x7f61468ae630>
2025-02-21T12:51:10.3185442Z simulation_regression_data = <tardis.simulation.base.Simulation object at 0x7f6140182090>
2025-02-21T12:51:10.3185775Z 
2025-02-21T12:51:10.3185922Z     def test_virtual_spectrum(self, simulation_regression_data):
2025-02-21T12:51:10.3186324Z         key = "simulation/spectrum_solver/spectrum_virtual_packets/luminosity"
2025-02-21T12:51:10.3186693Z         expected = self.get_expected_data(key)
2025-02-21T12:51:10.3186934Z     
2025-02-21T12:51:10.3187131Z         luminosity = u.Quantity(expected, "erg /s")
2025-02-21T12:51:10.3187380Z     
2025-02-21T12:51:10.3187778Z >       assert_quantity_allclose(
2025-02-21T12:51:10.3188156Z             simulation_regression_data.spectrum_solver.spectrum_virtual_packets.luminosity,
2025-02-21T12:51:10.3188535Z             luminosity,
2025-02-21T12:51:10.3188730Z         )
2025-02-21T12:51:10.3188823Z 
2025-02-21T12:51:10.3188919Z tardis/tests/test_tardis_full.py:82: 
2025-02-21T12:51:10.3189196Z _ _ _ _ _ _ _ _ _ _ _ _ _ _ _ _ _ _ _ _ _ _ _ _ _ _ _ _ _ _ _ _ _ _ _ _ _ _ _ _ 
2025-02-21T12:51:10.3189737Z ../../../micromamba/envs/tardis/lib/python3.12/site-packages/astropy/tests/helper.py:203: in assert_quantity_allclose
2025-02-21T12:51:10.3190242Z     np.testing.assert_allclose(
2025-02-21T12:51:10.3190498Z _ _ _ _ _ _ _ _ _ _ _ _ _ _ _ _ _ _ _ _ _ _ _ _ _ _ _ _ _ _ _ _ _ _ _ _ _ _ _ _ 
2025-02-21T12:51:10.3190703Z 
2025-02-21T12:51:10.3191164Z args = (<function assert_allclose.<locals>.compare at 0x7f611702c900>, array([1.31895331e+39, 2.31381538e+39, 3.72000430e+39,...), array([1.44033177e+39, 1.35611403e+39, 1.39755698e+39, ...,
2025-02-21T12:51:10.3191815Z        0.00000000e+00, 0.00000000e+00, 0.00000000e+00]))
2025-02-21T12:51:10.3192235Z kwds = {'equal_nan': True, 'err_msg': '', 'header': 'Not equal to tolerance rtol=1e-07, atol=0', 'verbose': True}
2025-02-21T12:51:10.3192557Z 
2025-02-21T12:51:10.3192634Z     @wraps(func)
2025-02-21T12:51:10.3192824Z     def inner(*args, **kwds):
2025-02-21T12:51:10.3193047Z         with self._recreate_cm():
2025-02-21T12:51:10.3193283Z >           return func(*args, **kwds)
2025-02-21T12:51:10.3193525Z E           AssertionError: 
2025-02-21T12:51:10.3193910Z E           Not equal to tolerance rtol=1e-07, atol=0
2025-02-21T12:51:10.3194174Z E           
2025-02-21T12:51:10.3194477Z E           Mismatched elements: 5659 / 10000 (56.6%)
2025-02-21T12:51:10.3194752Z E           Max absolute difference: 4.69537822e+39
2025-02-21T12:51:10.3195025Z E           Max relative difference: 419.77405263
2025-02-21T12:51:10.3195344Z E            x: array([1.318953e+39, 2.313815e+39, 3.720004e+39, ..., 0.000000e+00,
2025-02-21T12:51:10.3195663Z E                  0.000000e+00, 0.000000e+00])
2025-02-21T12:51:10.3195968Z E            y: array([1.440332e+39, 1.356114e+39, 1.397557e+39, ..., 0.000000e+00,
2025-02-21T12:51:10.3196280Z E                  0.000000e+00, 0.000000e+00])
2025-02-21T12:51:10.3196449Z 
2025-02-21T12:51:10.3196646Z ../../../micromamba/envs/tardis/lib/python3.12/contextlib.py:81: AssertionError
2025-02-21T12:51:10.3197046Z =============================== warnings summary ===============================
2025-02-21T12:51:10.3197366Z tardis/io/configuration/config_validator.py:6
2025-02-21T12:51:10.3197797Z tardis/io/configuration/config_validator.py:6
2025-02-21T12:51:10.3198304Z   /home/runner/work/tardis/tardis/tardis/io/configuration/config_validator.py:6: DeprecationWarning:
2025-02-21T12:51:10.3198768Z   
2025-02-21T12:51:10.3199993Z   jsonschema.RefResolver is deprecated as of v4.18.0, in favor of the https://github.com/python-jsonschema/referencing library, which provides more compliant referencing behavior as well as more flexible APIs for customization. A future release will remove RefResolver. Please file a feature request (on referencing) if you are missing an API for the kind of customization you need.
2025-02-21T12:51:10.3201218Z 
2025-02-21T12:51:10.3201454Z ../../../micromamba/envs/tardis/lib/python3.12/site-packages/jupyter_client/connect.py:22
2025-02-21T12:51:10.3202130Z   /home/runner/micromamba/envs/tardis/lib/python3.12/site-packages/jupyter_client/connect.py:22: DeprecationWarning:
2025-02-21T12:51:10.3202648Z   
2025-02-21T12:51:10.3202891Z   Jupyter is migrating its paths to use standard platformdirs
2025-02-21T12:51:10.3203288Z   given by the platformdirs library.  To remove this warning and
2025-02-21T12:51:10.3203694Z   see the appropriate new directories, set the environment variable
2025-02-21T12:51:10.3204084Z   `JUPYTER_PLATFORM_DIRS=1` and then run `jupyter --paths`.
2025-02-21T12:51:10.3204457Z   The use of platformdirs will be the default in `jupyter_core` v6
2025-02-21T12:51:10.3204694Z 
2025-02-21T12:51:10.3212372Z tardis/io/tests/test_HDFWriter.py::test_multi_index_write
2025-02-21T12:51:10.3212924Z tardis/visualization/widgets/tests/test_shell_info.py::TestHDFShellInfo::test_shells_data
2025-02-21T12:51:10.3213485Z   /home/runner/work/tardis/tardis/tardis/io/util.py:276: PerformanceWarning:
2025-02-21T12:51:10.3213844Z   
2025-02-21T12:51:10.3213996Z   
2025-02-21T12:51:10.3214288Z   your performance may suffer as PyTables will pickle object types that it cannot
2025-02-21T12:51:10.3214850Z   map directly to c-types [inferred_type->mixed,key->block0_values] [items->Index([0], dtype='int64')]
2025-02-21T12:51:10.3215199Z 
2025-02-21T12:51:10.3215405Z tardis/io/tests/test_model_reader.py::test_read_cmfgen_isotope_abundances
2025-02-21T12:51:10.3215900Z tardis/plasma/tests/test_tardis_model_density_config.py::test_electron_densities
2025-02-21T12:51:10.3216482Z tardis/plasma/tests/test_tardis_model_density_config.py::test_isotope_number_densities
2025-02-21T12:51:10.3216978Z tardis/plasma/tests/test_tardis_model_density_config.py::test_t_rad
2025-02-21T12:51:10.3217762Z   /home/runner/work/tardis/tardis/tardis/io/model/readers/cmfgen_deprecated.py:82: DeprecationWarning:
2025-02-21T12:51:10.3218229Z   
2025-02-21T12:51:10.3218430Z   The current CMFGEN model parser is deprecated
2025-02-21T12:51:10.3218620Z 
2025-02-21T12:51:10.3218741Z tardis/io/tests/test_model_reader.py: 1 warning
2025-02-21T12:51:10.3219119Z tardis/plasma/tests/test_tardis_model_density_config.py: 9 warnings
2025-02-21T12:51:10.3219869Z   /home/runner/work/tardis/tardis/tardis/io/model/readers/cmfgen_deprecated.py:40: DeprecationWarning:
2025-02-21T12:51:10.3220334Z   
2025-02-21T12:51:10.3220637Z   The current CMFGEN model parser is deprecated
2025-02-21T12:51:10.3220826Z 
2025-02-21T12:51:10.3221030Z tardis/model/tests/test_base.py::TestModelFromPaper1Config::test_abundances
2025-02-21T12:51:10.3221679Z   /home/runner/work/tardis/tardis/tardis/transport/montecarlo/montecarlo_main_loop.py:123: NumbaTypeSafetyWarning:
2025-02-21T12:51:10.3222197Z   
2025-02-21T12:51:10.3222705Z   [1m[1m[1munsafe cast from uint64 to int64. Precision may be lost.[0m[0m[0m
2025-02-21T12:51:10.3222974Z 
2025-02-21T12:51:10.3223080Z tardis/model/tests/test_base.py: 6 warnings
2025-02-21T12:51:10.3223372Z tardis/model/tests/test_csvy_model.py: 2 warnings
2025-02-21T12:51:10.3223742Z tardis/plasma/tests/test_tardis_model_density_config.py: 3 warnings
2025-02-21T12:51:10.3224310Z   /home/runner/work/tardis/tardis/tardis/model/geometry/radial1d.py:50: DeprecationWarning:
2025-02-21T12:51:10.3224724Z   
2025-02-21T12:51:10.3224914Z   v_inner_boundary < 0, assuming default value
2025-02-21T12:51:10.3225107Z 
2025-02-21T12:51:10.3225207Z tardis/model/tests/test_base.py: 6 warnings
2025-02-21T12:51:10.3225490Z tardis/model/tests/test_csvy_model.py: 2 warnings
2025-02-21T12:51:10.3225853Z tardis/plasma/tests/test_tardis_model_density_config.py: 3 warnings
2025-02-21T12:51:10.3226368Z   /home/runner/work/tardis/tardis/tardis/model/geometry/radial1d.py:61: DeprecationWarning:
2025-02-21T12:51:10.3226783Z   
2025-02-21T12:51:10.3226965Z   v_outer_boundary < 0, assuming default value
2025-02-21T12:51:10.3227143Z 
2025-02-21T12:51:10.3227831Z tardis/plasma/equilibrium/tests/test_level_populations.py::TestLevelPopulationSolver::test_solve[collisional_rate_solver0-radiative_transitions0]
2025-02-21T12:51:10.3228664Z   /home/runner/work/tardis/tardis/tardis/plasma/equilibrium/level_populations.py:65: FutureWarning:
2025-02-21T12:51:10.3229108Z   
2025-02-21T12:51:10.3229465Z   A value is trying to be set on a copy of a DataFrame or Series through chained assignment using an inplace method.
2025-02-21T12:51:10.3230274Z   The behavior will change in pandas 3.0. This inplace method will never work because the intermediate object on which we are setting values always behaves as a copy.
2025-02-21T12:51:10.3230863Z   
2025-02-21T12:51:10.3231474Z   For example, when doing 'df[col].method(value, inplace=True)', try using 'df.method({col: value}, inplace=True)' or df[col] = df[col].method(value) instead, to perform the operation inplace on the original object.
2025-02-21T12:51:10.3232081Z 
2025-02-21T12:51:10.3232302Z tardis/plasma/tests/test_plasma_vboundary.py::test_plasma_vboundary[2900-3750]
2025-02-21T12:51:10.3232795Z tardis/plasma/tests/test_plasma_vboundary.py::test_plasma_vboundary[2900-3850]
2025-02-21T12:51:10.3233281Z tardis/plasma/tests/test_plasma_vboundary.py::test_plasma_vboundary[2900-3900]
2025-02-21T12:51:10.3233806Z   /home/runner/work/tardis/tardis/tardis/model/geometry/radial1d.py:71: UserWarning:
2025-02-21T12:51:10.3234192Z   
2025-02-21T12:51:10.3234462Z   Requesting inner boundary below inner shell. Extrapolating the inner cell
2025-02-21T12:51:10.3234746Z 
2025-02-21T12:51:10.3234953Z tardis/spectrum/tests/test_spectrum_solver.py::TestSpectrumSolver::test_solve
2025-02-21T12:51:10.3235440Z   /home/runner/work/tardis/tardis/tardis/spectrum/base.py:70: UserWarning:
2025-02-21T12:51:10.3235783Z   
2025-02-21T12:51:10.3236187Z   SpectrumSolver.spectrum_virtual_packets is zero. Please run the montecarlo simulation with no_of_virtual_packets > 0
2025-02-21T12:51:10.3236597Z 
2025-02-21T12:51:10.3236801Z tardis/spectrum/tests/test_spectrum_solver.py::TestSpectrumSolver::test_solve
2025-02-21T12:51:10.3237292Z   /home/runner/work/tardis/tardis/tardis/spectrum/base.py:111: UserWarning:
2025-02-21T12:51:10.3237806Z   
2025-02-21T12:51:10.3238237Z   SpectrumSolver.integrator: The FormalIntegrator is not yet available.Please run the montecarlo simulation at least once.
2025-02-21T12:51:10.3238792Z 
2025-02-21T12:51:10.3239011Z tardis/transport/montecarlo/tests/test_vpacket.py::test_trace_vpacket_volley
2025-02-21T12:51:10.3239527Z   <string>:3: NumbaPendingDeprecationWarning:
2025-02-21T12:51:10.3239773Z   
2025-02-21T12:51:10.3240912Z   [1m[1mCode using Numba extension API maybe depending on 'old_style' error-capturing, which is deprecated and will be replaced by 'new_style' in a future release. See details at https://numba.readthedocs.io/en/latest/reference/deprecation.html#deprecation-of-old-style-numba-captured-errors
2025-02-21T12:51:10.3241912Z   Exception origin:
2025-02-21T12:51:10.3242281Z     File "/home/runner/micromamba/envs/tardis/lib/python3.12/inspect.py", line 3180, in _bind
2025-02-21T12:51:10.3242701Z       raise TypeError(msg) from None
2025-02-21T12:51:10.3242949Z   [0m[0m
2025-02-21T12:51:10.3243051Z 
2025-02-21T12:51:10.3243380Z tardis/visualization/tools/tests/test_sdec_plot.py::TestSDECPlotter::test_mpl_image[plotter_generate_plot_mpl4]
2025-02-21T12:51:10.3244090Z   /home/runner/work/tardis/tardis/tardis/visualization/tools/sdec_plot.py:1225: RuntimeWarning:
2025-02-21T12:51:10.3244527Z   
2025-02-21T12:51:10.3245481Z   More than 20 figures have been opened. Figures created through the pyplot interface (`matplotlib.pyplot.figure`) are retained until explicitly closed and may consume too much memory. (To control this warning, see the rcParam `figure.max_open_warning`). Consider using `matplotlib.pyplot.close()`.
2025-02-21T12:51:10.3246391Z 
2025-02-21T12:51:10.3246749Z tardis/visualization/widgets/tests/test_custom_abundance.py::TestCustomAbundanceWidget::test_update_input_item_value
2025-02-21T12:51:10.3247696Z tardis/visualization/widgets/tests/test_custom_abundance.py::TestCustomAbundanceWidget::test_update_input_item_value
2025-02-21T12:51:10.3248475Z tardis/visualization/widgets/tests/test_custom_abundance.py::TestCustomAbundanceWidget::test_update_input_item_value
2025-02-21T12:51:10.3249241Z tardis/visualization/widgets/tests/test_custom_abundance.py::TestCustomAbundanceWidget::test_update_input_item_value
2025-02-21T12:51:10.3250019Z tardis/visualization/widgets/tests/test_custom_abundance.py::TestCustomAbundanceWidget::test_update_input_item_value
2025-02-21T12:51:10.3250794Z tardis/visualization/widgets/tests/test_custom_abundance.py::TestCustomAbundanceWidget::test_update_input_item_value
2025-02-21T12:51:10.3251595Z   /home/runner/micromamba/envs/tardis/lib/python3.12/site-packages/traitlets/traitlets.py:1385: DeprecationWarning:
2025-02-21T12:51:10.3252094Z   
2025-02-21T12:51:10.3252368Z   Passing unrecognized arguments to super(Checkbox).__init__(icon='lock').
2025-02-21T12:51:10.3252811Z   object.__init__() takes exactly one argument (the instance to initialize)
2025-02-21T12:51:10.3253305Z   This is deprecated in traitlets 4.2.This error will be raised in a future release of traitlets.
2025-02-21T12:51:10.3253624Z 
2025-02-21T12:51:10.3253982Z tardis/visualization/widgets/tests/test_custom_abundance.py::TestCustomAbundanceWidget::test_update_input_item_value
2025-02-21T12:51:10.3254755Z tardis/visualization/widgets/tests/test_custom_abundance.py::TestCustomAbundanceWidget::test_update_input_item_value
2025-02-21T12:51:10.3255550Z   /home/runner/micromamba/envs/tardis/lib/python3.12/site-packages/traitlets/traitlets.py:1385: DeprecationWarning:
2025-02-21T12:51:10.3256052Z   
2025-02-21T12:51:10.3256337Z   Passing unrecognized arguments to super(FloatText).__init__(min=0).
2025-02-21T12:51:10.3256768Z   object.__init__() takes exactly one argument (the instance to initialize)
2025-02-21T12:51:10.3257270Z   This is deprecated in traitlets 4.2.This error will be raised in a future release of traitlets.
2025-02-21T12:51:10.3257757Z 
2025-02-21T12:51:10.3258117Z tardis/visualization/widgets/tests/test_custom_abundance.py::TestCustomAbundanceWidget::test_update_input_item_value
2025-02-21T12:51:10.3258999Z   /home/runner/micromamba/envs/tardis/lib/python3.12/site-packages/traitlets/traitlets.py:1385: DeprecationWarning:
2025-02-21T12:51:10.3259680Z   
2025-02-21T12:51:10.3260070Z   Passing unrecognized arguments to super(HTML).__init__(indent=True).
2025-02-21T12:51:10.3260499Z   object.__init__() takes exactly one argument (the instance to initialize)
2025-02-21T12:51:10.3261097Z   This is deprecated in traitlets 4.2.This error will be raised in a future release of traitlets.
2025-02-21T12:51:10.3261419Z 
2025-02-21T12:51:10.3261846Z tardis/visualization/widgets/tests/test_line_info.py::TestLineInfoWidgetData::test_get_species_interactions[wavelength_range0-packet_out_nu]
2025-02-21T12:51:10.3262678Z   /home/runner/micromamba/envs/tardis/lib/python3.12/site-packages/qgridnext/grid.py:825: DeprecationWarning:
2025-02-21T12:51:10.3263153Z   
2025-02-21T12:51:10.3263510Z   QgridWidget._grid_options_changed is deprecated in traitlets 4.1: use @observe and @unobserve instead.
2025-02-21T12:51:10.3263874Z 
2025-02-21T12:51:10.3264134Z tardis/visualization/widgets/tests/test_shell_info.py::TestHDFShellInfo::test_shells_data
2025-02-21T12:51:10.3264682Z   /home/runner/work/tardis/tardis/tardis/io/util.py:289: PerformanceWarning:
2025-02-21T12:51:10.3265039Z   
2025-02-21T12:51:10.3265185Z   
2025-02-21T12:51:10.3265475Z   your performance may suffer as PyTables will pickle object types that it cannot
2025-02-21T12:51:10.3266022Z   map directly to c-types [inferred_type->mixed,key->block0_values] [items->Index([0], dtype='int64')]
2025-02-21T12:51:10.3266360Z 
2025-02-21T12:51:10.3266665Z tardis/visualization/widgets/tests/test_shell_info.py::TestHDFShellInfo::test_shells_data
2025-02-21T12:51:10.3267295Z   /home/runner/work/tardis/tardis/tardis/io/util.py:292: PerformanceWarning:
2025-02-21T12:51:10.3279848Z   
2025-02-21T12:51:10.3280083Z   
2025-02-21T12:51:10.3280414Z   your performance may suffer as PyTables will pickle object types that it cannot
2025-02-21T12:51:10.3280915Z   map directly to c-types [inferred_type->mixed,key->values] [items->None]
2025-02-21T12:51:10.3281188Z 
2025-02-21T12:51:10.3281480Z tardis/visualization/widgets/tests/test_shell_info.py::TestHDFShellInfo::test_shells_data
2025-02-21T12:51:10.3282073Z   /home/runner/work/tardis/tardis/tardis/spectrum/formal_integral.py:398: UserWarning:
2025-02-21T12:51:10.3282488Z   
2025-02-21T12:51:10.3282778Z   The number of interpolate_shells was not specified. The value was set to 80.
2025-02-21T12:51:10.3283054Z 
2025-02-21T12:51:10.3283251Z -- Docs: https://docs.pytest.org/en/stable/how-to/capture-warnings.html
2025-02-21T12:51:10.3283537Z 
2025-02-21T12:51:10.3283698Z ---------- coverage: platform linux, python 3.12.4-final-0 -----------
2025-02-21T12:51:10.3284060Z Coverage HTML written to dir coverage_html_report
2025-02-21T12:51:10.3284352Z Coverage XML written to file coverage.xml
2025-02-21T12:51:10.3284532Z 
2025-02-21T12:51:10.3284654Z =========================== short test summary info ============================
2025-02-21T12:51:10.3285224Z FAILED tardis/spectrum/tests/test_spectrum_solver.py::TestSpectrumSolver::test_spectrum_real_packets - AssertionError: 
2025-02-21T12:51:10.3285761Z Not equal to tolerance rtol=1e-07, atol=0
2025-02-21T12:51:10.3285935Z 
2025-02-21T12:51:10.3286029Z Mismatched elements: 4355 / 10000 (43.5%)
2025-02-21T12:51:10.3286285Z Max absolute difference: 1.94155993e+40
2025-02-21T12:51:10.3286540Z Max relative difference: 137.15340685
2025-02-21T12:51:10.3286840Z  x: array([0.000000e+00, 0.000000e+00, 2.761203e+39, ..., 0.000000e+00,
2025-02-21T12:51:10.3287146Z        0.000000e+00, 0.000000e+00])
2025-02-21T12:51:10.3287546Z  y: array([1.335111e+39, 1.337387e+39, 9.415985e+38, ..., 0.000000e+00,
2025-02-21T12:51:10.3287842Z        0.000000e+00, 0.000000e+00])
2025-02-21T12:51:10.3288379Z FAILED tardis/spectrum/tests/test_spectrum_solver.py::TestSpectrumSolver::test_spectrum_real_packets_reabsorbed - AssertionError: 
2025-02-21T12:51:10.3288936Z Not equal to tolerance rtol=1e-07, atol=0
2025-02-21T12:51:10.3289110Z 
2025-02-21T12:51:10.3289196Z Mismatched elements: 4491 / 10000 (44.9%)
2025-02-21T12:51:10.3289456Z Max absolute difference: 1.0639846e+40
2025-02-21T12:51:10.3289899Z Max relative difference: 122.79315318
2025-02-21T12:51:10.3290154Z  x: array([0., 0., 0., ..., 0., 0., 0.])
2025-02-21T12:51:10.3290565Z  y: array([2.039204e+38, 3.728825e+38, 2.296469e+38, ..., 0.000000e+00,
2025-02-21T12:51:10.3290874Z        0.000000e+00, 0.000000e+00])
2025-02-21T12:51:10.3291328Z FAILED tardis/spectrum/tests/test_spectrum_solver.py::TestSpectrumSolver::test_solve - AssertionError: 
2025-02-21T12:51:10.3291812Z Not equal to tolerance rtol=1e-07, atol=0
2025-02-21T12:51:10.3291987Z 
2025-02-21T12:51:10.3292081Z Mismatched elements: 4355 / 10000 (43.5%)
2025-02-21T12:51:10.3292334Z Max absolute difference: 1.94155993e+40
2025-02-21T12:51:10.3292591Z Max relative difference: 137.15340685
2025-02-21T12:51:10.3292886Z  x: array([0.000000e+00, 0.000000e+00, 2.761203e+39, ..., 0.000000e+00,
2025-02-21T12:51:10.3293180Z        0.000000e+00, 0.000000e+00])
2025-02-21T12:51:10.3293455Z  y: array([1.335111e+39, 1.337387e+39, 9.415985e+38, ..., 0.000000e+00,
2025-02-21T12:51:10.3293749Z        0.000000e+00, 0.000000e+00])
2025-02-21T12:51:10.3294171Z FAILED tardis/tests/test_tardis_full.py::TestTransportSimple::test_j_blue_estimators - AssertionError: 
2025-02-21T12:51:10.3294638Z Not equal to tolerance rtol=1e-07, atol=0
2025-02-21T12:51:10.3294810Z 
2025-02-21T12:51:10.3294905Z Mismatched elements: 488044 / 584480 (83.5%)
2025-02-21T12:51:10.3295169Z Max absolute difference: 1.43452643e-17
2025-02-21T12:51:10.3295416Z Max relative difference: 235.31367318
2025-02-21T12:51:10.3295650Z  x: array([[0., 0., 0., ..., 0., 0., 0.],
2025-02-21T12:51:10.3295880Z        [0., 0., 0., ..., 0., 0., 0.],
2025-02-21T12:51:10.3296097Z        [0., 0., 0., ..., 0., 0., 0.],...
2025-02-21T12:51:10.3296323Z  y: array([[0., 0., 0., ..., 0., 0., 0.],
2025-02-21T12:51:10.3296549Z        [0., 0., 0., ..., 0., 0., 0.],
2025-02-21T12:51:10.3296773Z        [0., 0., 0., ..., 0., 0., 0.],...
2025-02-21T12:51:10.3297211Z FAILED tardis/tests/test_tardis_full.py::TestTransportSimple::test_spectrum - AssertionError: 
2025-02-21T12:51:10.3297883Z Not equal to tolerance rtol=1e-07, atol=0
2025-02-21T12:51:10.3298068Z 
2025-02-21T12:51:10.3298156Z Mismatched elements: 4560 / 10000 (45.6%)
2025-02-21T12:51:10.3298418Z Max absolute difference: 1.96604107e+40
2025-02-21T12:51:10.3298671Z Max relative difference: 97.03021569
2025-02-21T12:51:10.3298972Z  x: array([0.000000e+00, 0.000000e+00, 2.761203e+39, ..., 0.000000e+00,
2025-02-21T12:51:10.3299276Z        0.000000e+00, 0.000000e+00])
2025-02-21T12:51:10.3299554Z  y: array([1.471192e+39, 1.695642e+39, 1.353685e+39, ..., 0.000000e+00,
2025-02-21T12:51:10.3299853Z        0.000000e+00, 0.000000e+00])
2025-02-21T12:51:10.3300288Z FAILED tardis/tests/test_tardis_full.py::TestTransportSimple::test_virtual_spectrum - AssertionError: 
2025-02-21T12:51:10.3300754Z Not equal to tolerance rtol=1e-07, atol=0
2025-02-21T12:51:10.3300922Z 
2025-02-21T12:51:10.3301017Z Mismatched elements: 5659 / 10000 (56.6%)
2025-02-21T12:51:10.3301266Z Max absolute difference: 4.69537822e+39
2025-02-21T12:51:10.3301517Z Max relative difference: 419.77405263
2025-02-21T12:51:10.3301809Z  x: array([1.318953e+39, 2.313815e+39, 3.720004e+39, ..., 0.000000e+00,
2025-02-21T12:51:10.3302107Z        0.000000e+00, 0.000000e+00])
2025-02-21T12:51:10.3302384Z  y: array([1.440332e+39, 1.356114e+39, 1.397557e+39, ..., 0.000000e+00,
2025-02-21T12:51:10.3302673Z        0.000000e+00, 0.000000e+00])
2025-02-21T12:51:10.3303073Z = 6 failed, 1404 passed, 357 skipped, 2 deselected, 19 xfailed, 8 xpassed, 63 warnings in 693.27s (0:11:33) =
2025-02-21T12:51:12.5350934Z ##[error]Process completed with exit code 1.
2025-02-21T12:51:12.5423710Z Post job cleanup.
2025-02-21T12:51:12.5455012Z Post job cleanup.
2025-02-21T12:51:12.6796213Z Will use pre-installed micromamba at /home/runner/micromamba-bin/micromamba
2025-02-21T12:51:12.6802942Z Removing micromamba run shell ...
2025-02-21T12:51:12.6806432Z ##[group]Deinitialize micromamba for bash
2025-02-21T12:51:12.6825347Z [command]/home/runner/micromamba-bin/micromamba shell deinit -s bash -r /home/runner/micromamba --log-level warning --rc-file /home/runner/work/_temp/setup-micromamba/.condarc
2025-02-21T12:51:12.6924679Z Resetting RC file "/home/runner/.bashrc"
2025-02-21T12:51:12.6925493Z Deleting config for root prefix 
2025-02-21T12:51:12.6925972Z Clearing mamba executable environment variable
2025-02-21T12:51:12.6928431Z Removing the following in your "/home/runner/.bashrc" file
2025-02-21T12:51:12.6929007Z # >>> mamba initialize >>>
2025-02-21T12:51:12.6929376Z ...
2025-02-21T12:51:12.6929619Z # <<< mamba initialize <<<
2025-02-21T12:51:12.6957878Z Removing mamba initialize block from .bash_profile
2025-02-21T12:51:12.6973287Z ##[endgroup]
2025-02-21T12:51:12.6977610Z Removing environment tardis from auto-activate bash ...
2025-02-21T12:51:12.7106018Z Post job cleanup.
2025-02-21T12:51:12.7143921Z Post job cleanup.
2025-02-21T12:51:12.8133011Z [command]/usr/bin/git version
2025-02-21T12:51:12.8169412Z git version 2.48.1
2025-02-21T12:51:12.8220856Z Temporarily overriding HOME='/home/runner/work/_temp/7c93df3b-14fa-4cd2-9999-4bcad77fca5d' before making global git config changes
2025-02-21T12:51:12.8222173Z Adding repository directory to the temporary git global config as a safe directory
2025-02-21T12:51:12.8227107Z [command]/usr/bin/git config --global --add safe.directory /home/runner/work/tardis/tardis/tardis-regression-data
2025-02-21T12:51:12.8262736Z [command]/usr/bin/git config --local --name-only --get-regexp core\.sshCommand
2025-02-21T12:51:12.8296598Z [command]/usr/bin/git submodule foreach --recursive sh -c "git config --local --name-only --get-regexp 'core\.sshCommand' && git config --local --unset-all 'core.sshCommand' || :"
2025-02-21T12:51:12.8527391Z [command]/usr/bin/git config --local --name-only --get-regexp http\.https\:\/\/github\.com\/\.extraheader
2025-02-21T12:51:12.8547839Z http.https://github.com/.extraheader
2025-02-21T12:51:12.8559916Z [command]/usr/bin/git config --local --unset-all http.https://github.com/.extraheader
2025-02-21T12:51:12.8590674Z [command]/usr/bin/git submodule foreach --recursive sh -c "git config --local --name-only --get-regexp 'http\.https\:\/\/github\.com\/\.extraheader' && git config --local --unset-all 'http.https://github.com/.extraheader' || :"
2025-02-21T12:51:12.8961214Z Post job cleanup.
2025-02-21T12:51:12.9909980Z [command]/usr/bin/git version
2025-02-21T12:51:12.9946266Z git version 2.48.1
2025-02-21T12:51:12.9994667Z Temporarily overriding HOME='/home/runner/work/_temp/234c69d1-397d-49b0-8377-8f3fca6cb805' before making global git config changes
2025-02-21T12:51:12.9995604Z Adding repository directory to the temporary git global config as a safe directory
2025-02-21T12:51:13.0000483Z [command]/usr/bin/git config --global --add safe.directory /home/runner/work/tardis/tardis
2025-02-21T12:51:13.0036333Z [command]/usr/bin/git config --local --name-only --get-regexp core\.sshCommand
2025-02-21T12:51:13.0069313Z [command]/usr/bin/git submodule foreach --recursive sh -c "git config --local --name-only --get-regexp 'core\.sshCommand' && git config --local --unset-all 'core.sshCommand' || :"
2025-02-21T12:51:13.0305395Z [command]/usr/bin/git config --local --name-only --get-regexp http\.https\:\/\/github\.com\/\.extraheader
2025-02-21T12:51:13.0329444Z http.https://github.com/.extraheader
2025-02-21T12:51:13.0342678Z [command]/usr/bin/git config --local --unset-all http.https://github.com/.extraheader
2025-02-21T12:51:13.0375541Z [command]/usr/bin/git submodule foreach --recursive sh -c "git config --local --name-only --get-regexp 'http\.https\:\/\/github\.com\/\.extraheader' && git config --local --unset-all 'http.https://github.com/.extraheader' || :"
2025-02-21T12:51:13.0715648Z Cleaning up orphan processes
