2025-02-15T22:08:20.5458520Z ##[group]Run pytest tardis --tardis-regression-data=/Users/runner/work/tardis/tardis/tardis-regression-data --cov=tardis --cov-report=xml --cov-report=html --cov-append -m "not continuum"
2025-02-15T22:08:20.5459660Z [36;1mpytest tardis --tardis-regression-data=/Users/runner/work/tardis/tardis/tardis-regression-data --cov=tardis --cov-report=xml --cov-report=html --cov-append -m "not continuum"[0m
2025-02-15T22:08:20.5514410Z shell: /bin/bash -l {0}
2025-02-15T22:08:20.5514660Z env:
2025-02-15T22:08:20.5514810Z   CACHE_NUMBER: 0
2025-02-15T22:08:20.5515290Z   PYTEST_FLAGS: --tardis-regression-data=/Users/runner/work/tardis/tardis/tardis-regression-data --cov=tardis --cov-report=xml --cov-report=html --cov-append
2025-02-15T22:08:20.5515940Z   CODECOV_TOKEN: 
2025-02-15T22:08:20.5516110Z   MAMBA_ROOT_PREFIX: /Users/runner/micromamba
2025-02-15T22:08:20.5516380Z   MAMBA_EXE: /Users/runner/micromamba-bin/micromamba
2025-02-15T22:08:20.5516680Z   CONDARC: /Users/runner/work/_temp/setup-micromamba/.condarc
2025-02-15T22:08:20.5517010Z ##[endgroup]
2025-02-15T22:08:31.7076920Z ============================= test session starts ==============================
2025-02-15T22:08:31.7077560Z platform darwin -- Python 3.12.4, pytest-8.2.2, pluggy-1.5.0
2025-02-15T22:08:31.7077840Z rootdir: /Users/runner/work/tardis/tardis
2025-02-15T22:08:31.7078070Z configfile: pyproject.toml
2025-02-15T22:08:31.7078340Z plugins: cov-5.0.0, html-4.1.1, metadata-3.1.1, doctestplus-1.2.1, anyio-4.4.0
2025-02-15T22:08:31.7078710Z collected 1796 items / 2 deselected / 1794 selected
2025-02-15T22:08:31.7078890Z 
2025-02-15T22:08:34.5044990Z tardis/energy_input/tests/test_energy_source.py ..xxx                    [  0%]
2025-02-15T22:08:35.8476200Z tardis/energy_input/tests/test_gamma_ray_channel.py ...........          [  0%]
2025-02-15T22:08:36.8082390Z tardis/energy_input/tests/test_gamma_ray_grid.py xx.                     [  1%]
2025-02-15T22:08:37.7848630Z tardis/energy_input/tests/test_gamma_ray_interactions.py xx....          [  1%]
2025-02-15T22:08:37.7899390Z tardis/energy_input/tests/test_gamma_ray_packet_source.py sssssssss      [  1%]
2025-02-15T22:08:38.6080870Z tardis/energy_input/tests/test_util.py .....xxxx.....                    [  2%]
2025-02-15T22:08:38.8607810Z tardis/grid/tests/test_grid.py .                                         [  2%]
2025-02-15T22:08:38.8728090Z tardis/gui/tests/test_gui.py s                                           [  2%]
2025-02-15T22:08:41.5524330Z tardis/io/configuration/tests/test_config_reader.py ...........          [  3%]
2025-02-15T22:08:41.5593870Z tardis/io/configuration/tests/test_configuration_namespace.py .........  [  3%]
2025-02-15T22:08:41.5741660Z tardis/io/logger/tests/test_logging.py ssssssssssssssssssssssssssss      [  5%]
2025-02-15T22:09:08.1176290Z tardis/io/model/readers/tests/test_arepo_parser.py ..                    [  5%]
2025-02-15T22:09:08.1535460Z tardis/io/model/readers/tests/test_ascii_readers.py ...                  [  5%]
2025-02-15T22:09:08.1748250Z tardis/io/model/readers/tests/test_cmfgen_reader.py ..                   [  5%]
2025-02-15T22:09:08.1993690Z tardis/io/model/readers/tests/test_csvy_reader.py ....                   [  6%]
2025-02-15T22:09:08.2165930Z tardis/io/model/readers/tests/test_stella_reader.py ..                   [  6%]
2025-02-15T22:09:08.4445080Z tardis/io/tests/test_HDFWriter.py ...............                        [  7%]
2025-02-15T22:09:09.0124720Z tardis/io/tests/test_atomic.py .....                                     [  7%]
2025-02-15T22:09:09.0303510Z tardis/io/tests/test_decay.py ..                                         [  7%]
2025-02-15T22:09:09.2160390Z tardis/io/tests/test_model_reader.py F.....                              [  7%]
2025-02-15T22:09:09.2207280Z tardis/model/geometry/tests/test_radial1d.py ..                          [  7%]
2025-02-15T22:09:38.2882350Z tardis/model/tests/test_base.py ........................................ [ 10%]
2025-02-15T22:09:39.2562720Z ............                                                             [ 10%]
2025-02-15T22:09:42.3254790Z tardis/model/tests/test_csvy_model.py .........                          [ 11%]
2025-02-15T22:09:42.4027740Z tardis/model/tests/test_density.py ..                                    [ 11%]
2025-02-15T22:09:44.0998260Z tardis/opacities/tests/test_opacity_solver.py .....                      [ 11%]
2025-02-15T22:09:45.2655520Z tardis/opacities/tests/test_opacity_state_numba.py .....                 [ 11%]
2025-02-15T22:09:47.7181350Z tardis/opacities/tests/test_tau_sobolev.py ..                            [ 12%]
2025-02-15T22:09:50.8392950Z tardis/plasma/equilibrium/tests/test_collisional_transitions.py ...      [ 12%]
2025-02-15T22:10:35.3247150Z tardis/plasma/equilibrium/tests/test_level_populations.py ....           [ 12%]
2025-02-15T22:10:44.6065660Z tardis/plasma/equilibrium/tests/test_rate_matrix.py .                    [ 12%]
2025-02-15T22:10:45.6475020Z tardis/plasma/tests/test_complete_plasmas.py .....................s..... [ 13%]
2025-02-15T22:10:47.7293640Z s....ssssss............s............ss.....s....ssssss............s..... [ 18%]
2025-02-15T22:10:48.8459860Z .......ss.....s....ssssss............s............ss.....s....ssssss.... [ 22%]
2025-02-15T22:10:50.9396540Z ........s............ss.....s........ss............s............ss.....s [ 26%]
2025-02-15T22:10:53.1437730Z ........ss............s............ss.....s....ssssss............s...... [ 30%]
2025-02-15T22:10:53.7877330Z ......ss.....s....ssssss............s............ss.....s.ss.ssssss..... [ 34%]
2025-02-15T22:10:56.3815270Z .......s............ss.....s....ssssss............s............ss.....s. [ 38%]
2025-02-15T22:10:59.0334770Z ...ssssss............s............ss.....s....ssssss............s....... [ 42%]
2025-02-15T22:11:01.5724830Z .....ss.....s....ssssss............s............s...........ssssss...... [ 46%]
2025-02-15T22:11:02.8989660Z ......s............s...........ssssss............s............s......... [ 50%]
2025-02-15T22:11:05.0652220Z ..ssssss............s............ss.....s....ssssss............s........ [ 54%]
2025-02-15T22:11:07.4566870Z ....ss.....s....ssssss..........................s.....s....ssss......... [ 58%]
2025-02-15T22:11:07.7449660Z ...................s.....s....ssss.......                                [ 60%]
2025-02-15T22:11:07.9655170Z tardis/plasma/tests/test_hdf_plasma.py ................................. [ 62%]
2025-02-15T22:11:07.9734320Z ......                                                                   [ 62%]
2025-02-15T22:11:08.1776410Z tardis/plasma/tests/test_nlte_excitation.py ...                          [ 62%]
2025-02-15T22:12:59.6725580Z tardis/plasma/tests/test_nlte_solver.py .....X                           [ 63%]
2025-02-15T22:12:59.6790110Z tardis/plasma/tests/test_plasma_continuum.py .                           [ 63%]
2025-02-15T22:13:21.7341130Z tardis/plasma/tests/test_plasma_vboundary.py .............               [ 63%]
2025-02-15T22:13:32.6923800Z tardis/plasma/tests/test_tardis_model_density_config.py ...              [ 64%]
2025-02-15T22:13:33.2202210Z tardis/simulation/tests/test_convergence.py .....                        [ 64%]
2025-02-15T22:13:40.7581920Z tardis/simulation/tests/test_simulation.py .............                 [ 65%]
2025-02-15T22:13:40.7709440Z tardis/spectrum/tests/test_cuda_formal_integral.py sssssssssssssssssssss [ 66%]
2025-02-15T22:13:41.0941140Z ssss...ssssssssssssssssssssss                                            [ 67%]
2025-02-15T22:13:41.0991760Z tardis/spectrum/tests/test_luminosity.py ....                            [ 68%]
2025-02-15T22:13:42.0179350Z tardis/spectrum/tests/test_numba_formal_integral.py .................... [ 69%]
2025-02-15T22:13:42.0293370Z ..........                                                               [ 69%]
2025-02-15T22:13:42.1689080Z tardis/spectrum/tests/test_spectrum.py ................................. [ 71%]
2025-02-15T22:13:42.1921780Z .........                                                                [ 72%]
2025-02-15T22:14:03.7689350Z tardis/spectrum/tests/test_spectrum_solver.py ....                       [ 72%]
2025-02-15T22:15:04.7809070Z tardis/tests/test_tardis_full.py ....                                    [ 72%]
2025-02-15T22:16:37.3271400Z tardis/tests/test_tardis_full_formal_integral.py ................        [ 73%]
2025-02-15T22:16:37.3746950Z tardis/tests/test_util.py .............................................  [ 75%]
2025-02-15T22:16:39.3074730Z tardis/transport/montecarlo/tests/test_base.py x.....................    [ 77%]
2025-02-15T22:16:44.6559300Z tardis/transport/montecarlo/tests/test_interaction.py .......            [ 77%]
2025-02-15T22:16:44.8203240Z tardis/transport/montecarlo/tests/test_macro_atom.py ....                [ 77%]
2025-02-15T22:16:44.8318720Z tardis/transport/montecarlo/tests/test_montecarlo.py sssssssssssssssssss [ 78%]
2025-02-15T22:16:44.8607370Z sssssssssssssssssssssssssssssssssssssssssssss                            [ 81%]
2025-02-15T22:16:51.6012570Z tardis/transport/montecarlo/tests/test_montecarlo_main_loop.py x..       [ 81%]
2025-02-15T22:16:51.6099230Z tardis/transport/montecarlo/tests/test_nonhomologous.py ...              [ 81%]
2025-02-15T22:16:53.8120230Z tardis/transport/montecarlo/tests/test_numba_interface.py .....x.        [ 82%]
2025-02-15T22:16:54.1705490Z tardis/transport/montecarlo/tests/test_opacities.py ...............      [ 82%]
2025-02-15T22:16:55.2239140Z tardis/transport/montecarlo/tests/test_packet.py .................xXXXXX [ 84%]
2025-02-15T22:16:55.3075080Z XX.........                                                              [ 84%]
2025-02-15T22:16:55.3952470Z tardis/transport/montecarlo/tests/test_packet_source.py ........         [ 85%]
2025-02-15T22:16:55.6254020Z tardis/transport/montecarlo/tests/test_rpacket_last_interaction_tracker.py . [ 85%]
2025-02-15T22:16:55.9272810Z .....                                                                    [ 85%]
2025-02-15T22:17:04.7453050Z tardis/transport/montecarlo/tests/test_rpacket_tracker.py ......         [ 85%]
2025-02-15T22:17:04.7657650Z tardis/transport/montecarlo/tests/test_single_packet_loop.py xxx         [ 86%]
2025-02-15T22:17:04.7688920Z tardis/transport/montecarlo/tests/test_tracker_utils.py ..               [ 86%]
2025-02-15T22:17:06.0054240Z tardis/transport/montecarlo/tests/test_vpacket.py ..x.                   [ 86%]
2025-02-15T22:17:06.0210550Z tardis/transport/montecarlo/tests/test_weighted_packet_source.py ....    [ 86%]
2025-02-15T22:17:08.6329620Z tardis/transport/montecarlo/tests/test_weighted_packet_source_integration.py . [ 86%]
2025-02-15T22:17:08.6330860Z                                                                          [ 86%]
2025-02-15T22:17:09.1397090Z tardis/transport/tests/test_doppler_factor.py ..................         [ 87%]
2025-02-15T22:17:10.7668230Z tardis/visualization/tools/tests/test_convergence_plot.py .............. [ 88%]
2025-02-15T22:17:12.5826440Z ......                                                                   [ 88%]
2025-02-15T22:17:16.2050290Z tardis/visualization/tools/tests/test_liv_plot.py ...................... [ 90%]
2025-02-15T22:17:20.1626430Z .............................                                            [ 91%]
2025-02-15T22:17:22.8421000Z tardis/visualization/tools/tests/test_rpacket_plot.py .................. [ 92%]
2025-02-15T22:17:29.8667940Z ....                                                                     [ 92%]
2025-02-15T22:17:34.5271150Z tardis/visualization/tools/tests/test_sdec_plot.py ..................... [ 94%]
2025-02-15T22:17:40.3918980Z ..............................                                           [ 95%]
2025-02-15T22:17:40.7344250Z tardis/visualization/widgets/tests/test_custom_abundance.py ........ss.. [ 96%]
2025-02-15T22:17:40.7829830Z ....                                                                     [ 96%]
2025-02-15T22:17:41.5221940Z tardis/visualization/widgets/tests/test_line_info.py ................... [ 97%]
2025-02-15T22:17:41.9895590Z ..................                                                       [ 98%]
2025-02-15T22:20:40.5427390Z tardis/visualization/widgets/tests/test_shell_info.py .................. [ 99%]
2025-02-15T22:20:41.7907060Z <unknown>:140: SyntaxWarning:
2025-02-15T22:20:41.7907620Z 
2025-02-15T22:20:41.7907700Z invalid escape sequence '\s'
2025-02-15T22:20:41.7907830Z 
2025-02-15T22:20:41.7922400Z /Users/runner/work/tardis/tardis/tardis/io/model/readers/artis.py:140: SyntaxWarning:
2025-02-15T22:20:41.7923390Z 
2025-02-15T22:20:41.7923490Z invalid escape sequence '\s'
2025-02-15T22:20:41.7923730Z 
2025-02-15T22:20:43.3058350Z <unknown>:140: SyntaxWarning:
2025-02-15T22:20:43.3058660Z 
2025-02-15T22:20:43.3058730Z invalid escape sequence '\s'
2025-02-15T22:20:43.3061170Z 
2025-02-15T22:20:45.2874750Z <unknown>:140: SyntaxWarning:
2025-02-15T22:20:45.2875100Z 
2025-02-15T22:20:45.2875300Z invalid escape sequence '\s'
2025-02-15T22:20:45.2875420Z 
2025-02-15T22:20:46.0791020Z <unknown>:140: SyntaxWarning:
2025-02-15T22:20:46.0791280Z 
2025-02-15T22:20:46.0791430Z invalid escape sequence '\s'
2025-02-15T22:20:46.0791650Z 
2025-02-15T22:20:46.0807010Z /Users/runner/work/tardis/tardis/tardis/io/model/readers/artis.py:140: SyntaxWarning:
2025-02-15T22:20:46.0807350Z 
2025-02-15T22:20:46.0807410Z invalid escape sequence '\s'
2025-02-15T22:20:46.0807610Z 
2025-02-15T22:20:47.4467880Z ......                                                                   [100%]
2025-02-15T22:20:47.4468680Z 
2025-02-15T22:20:47.4469010Z =================================== FAILURES ===================================
2025-02-15T22:20:47.4469530Z ________________________ test_simple_read_artis_density ________________________
2025-02-15T22:20:47.4469940Z 
2025-02-15T22:20:47.4470270Z artis_density_fname = PosixPath('tardis/io/model/readers/tests/data/artis_model.dat')
2025-02-15T22:20:47.4470730Z 
2025-02-15T22:20:47.4470950Z     def test_simple_read_artis_density(artis_density_fname: str):
2025-02-15T22:20:47.4471860Z >       time_of_model, velocity, mean_density, isotope_mass_fractions = read_artis_density(
2025-02-15T22:20:47.4472380Z             artis_density_fname
2025-02-15T22:20:47.4472750Z         )
2025-02-15T22:20:47.4473110Z E       ValueError: not enough values to unpack (expected 4, got 3)
2025-02-15T22:20:47.4473430Z 
2025-02-15T22:20:47.4473620Z tardis/io/tests/test_model_reader.py:48: ValueError
2025-02-15T22:20:47.4474020Z =============================== warnings summary ===============================
2025-02-15T22:20:47.4474380Z tardis/io/configuration/config_validator.py:6
2025-02-15T22:20:47.4475120Z tardis/io/configuration/config_validator.py:6
2025-02-15T22:20:47.4475700Z   /Users/runner/work/tardis/tardis/tardis/io/configuration/config_validator.py:6: DeprecationWarning:
2025-02-15T22:20:47.4476230Z   
2025-02-15T22:20:47.4477370Z   jsonschema.RefResolver is deprecated as of v4.18.0, in favor of the https://github.com/python-jsonschema/referencing library, which provides more compliant referencing behavior as well as more flexible APIs for customization. A future release will remove RefResolver. Please file a feature request (on referencing) if you are missing an API for the kind of customization you need.
2025-02-15T22:20:47.4478720Z 
2025-02-15T22:20:47.4479040Z ../../../micromamba/envs/tardis/lib/python3.12/site-packages/jupyter_client/connect.py:22
2025-02-15T22:20:47.4479830Z   /Users/runner/micromamba/envs/tardis/lib/python3.12/site-packages/jupyter_client/connect.py:22: DeprecationWarning:
2025-02-15T22:20:47.4480440Z   
2025-02-15T22:20:47.4480800Z   Jupyter is migrating its paths to use standard platformdirs
2025-02-15T22:20:47.4481270Z   given by the platformdirs library.  To remove this warning and
2025-02-15T22:20:47.4481830Z   see the appropriate new directories, set the environment variable
2025-02-15T22:20:47.4482340Z   `JUPYTER_PLATFORM_DIRS=1` and then run `jupyter --paths`.
2025-02-15T22:20:47.4482850Z   The use of platformdirs will be the default in `jupyter_core` v6
2025-02-15T22:20:47.4483190Z 
2025-02-15T22:20:47.4483440Z tardis/io/model/readers/artis.py:140
2025-02-15T22:20:47.4490130Z   /Users/runner/work/tardis/tardis/tardis/io/model/readers/artis.py:140: SyntaxWarning:
2025-02-15T22:20:47.4490550Z   
2025-02-15T22:20:47.4490720Z   invalid escape sequence '\s'
2025-02-15T22:20:47.4490880Z 
2025-02-15T22:20:47.4500200Z tardis/io/tests/test_HDFWriter.py::test_multi_index_write
2025-02-15T22:20:47.4500710Z tardis/visualization/widgets/tests/test_shell_info.py::TestHDFShellInfo::test_shells_data
2025-02-15T22:20:47.4501330Z   /Users/runner/work/tardis/tardis/tardis/io/util.py:276: PerformanceWarning:
2025-02-15T22:20:47.4501740Z   
2025-02-15T22:20:47.4502000Z   
2025-02-15T22:20:47.4502300Z   your performance may suffer as PyTables will pickle object types that it cannot
2025-02-15T22:20:47.4503250Z   map directly to c-types [inferred_type->mixed,key->block0_values] [items->Index([0], dtype='int64')]
2025-02-15T22:20:47.4503590Z 
2025-02-15T22:20:47.4503770Z tardis/io/tests/test_model_reader.py::test_read_cmfgen_isotope_abundances
2025-02-15T22:20:47.4504290Z tardis/plasma/tests/test_tardis_model_density_config.py::test_electron_densities
2025-02-15T22:20:47.4504780Z tardis/plasma/tests/test_tardis_model_density_config.py::test_isotope_number_densities
2025-02-15T22:20:47.4505300Z tardis/plasma/tests/test_tardis_model_density_config.py::test_t_rad
2025-02-15T22:20:47.4505850Z   /Users/runner/work/tardis/tardis/tardis/io/model/readers/cmfgen_deprecated.py:82: DeprecationWarning:
2025-02-15T22:20:47.4506310Z   
2025-02-15T22:20:47.4506560Z   The current CMFGEN model parser is deprecated
2025-02-15T22:20:47.4506720Z 
2025-02-15T22:20:47.4506860Z tardis/io/tests/test_model_reader.py: 1 warning
2025-02-15T22:20:47.4507470Z tardis/plasma/tests/test_tardis_model_density_config.py: 9 warnings
2025-02-15T22:20:47.4508040Z   /Users/runner/work/tardis/tardis/tardis/io/model/readers/cmfgen_deprecated.py:40: DeprecationWarning:
2025-02-15T22:20:47.4508570Z   
2025-02-15T22:20:47.4508810Z   The current CMFGEN model parser is deprecated
2025-02-15T22:20:47.4509040Z 
2025-02-15T22:20:47.4509260Z tardis/model/tests/test_base.py::TestModelFromPaper1Config::test_abundances
2025-02-15T22:20:47.4509850Z   /Users/runner/work/tardis/tardis/tardis/transport/montecarlo/montecarlo_main_loop.py:123: NumbaTypeSafetyWarning:
2025-02-15T22:20:47.4510310Z   
2025-02-15T22:20:47.4514100Z   [1m[1m[1munsafe cast from uint64 to int64. Precision may be lost.[0m[0m[0m
2025-02-15T22:20:47.4514360Z 
2025-02-15T22:20:47.4514470Z tardis/model/tests/test_base.py: 6 warnings
2025-02-15T22:20:47.4514740Z tardis/model/tests/test_csvy_model.py: 2 warnings
2025-02-15T22:20:47.4515110Z tardis/plasma/tests/test_tardis_model_density_config.py: 3 warnings
2025-02-15T22:20:47.4515610Z   /Users/runner/work/tardis/tardis/tardis/model/geometry/radial1d.py:50: DeprecationWarning:
2025-02-15T22:20:47.4515980Z   
2025-02-15T22:20:47.4516200Z   v_inner_boundary < 0, assuming default value
2025-02-15T22:20:47.4516350Z 
2025-02-15T22:20:47.4516490Z tardis/model/tests/test_base.py: 6 warnings
2025-02-15T22:20:47.4516840Z tardis/model/tests/test_csvy_model.py: 2 warnings
2025-02-15T22:20:47.4517220Z tardis/plasma/tests/test_tardis_model_density_config.py: 3 warnings
2025-02-15T22:20:47.4517660Z   /Users/runner/work/tardis/tardis/tardis/model/geometry/radial1d.py:61: DeprecationWarning:
2025-02-15T22:20:47.4518000Z   
2025-02-15T22:20:47.4518170Z   v_outer_boundary < 0, assuming default value
2025-02-15T22:20:47.4518340Z 
2025-02-15T22:20:47.4518760Z tardis/plasma/equilibrium/tests/test_level_populations.py::TestLevelPopulationSolver::test_solve[collisional_rate_solver0-radiative_transitions0]
2025-02-15T22:20:47.4519500Z   /Users/runner/work/tardis/tardis/tardis/plasma/equilibrium/level_populations.py:65: FutureWarning:
2025-02-15T22:20:47.4519860Z   
2025-02-15T22:20:47.4520140Z   A value is trying to be set on a copy of a DataFrame or Series through chained assignment using an inplace method.
2025-02-15T22:20:47.4520760Z   The behavior will change in pandas 3.0. This inplace method will never work because the intermediate object on which we are setting values always behaves as a copy.
2025-02-15T22:20:47.4521620Z   
2025-02-15T22:20:47.4522220Z   For example, when doing 'df[col].method(value, inplace=True)', try using 'df.method({col: value}, inplace=True)' or df[col] = df[col].method(value) instead, to perform the operation inplace on the original object.
2025-02-15T22:20:47.4522720Z 
2025-02-15T22:20:47.4522840Z tardis/plasma/tests/test_complete_plasmas.py: 20 warnings
2025-02-15T22:20:47.4523400Z   /Users/runner/work/tardis/tardis/tardis/plasma/tests/test_complete_plasmas.py:197: UserWarning:
2025-02-15T22:20:47.4523810Z   
2025-02-15T22:20:47.4523940Z   Property "atomic_mass" not found
2025-02-15T22:20:47.4524070Z 
2025-02-15T22:20:47.4524660Z tardis/plasma/tests/test_complete_plasmas.py::TestPlasma::test_plasma_properties[radiative_rates_type:detailed-w_epsilon:1e-10-j_blues_norm_factor]
2025-02-15T22:20:47.4525380Z tardis/plasma/tests/test_complete_plasmas.py::TestPlasma::test_plasma_properties[radiative_rates_type:detailed-j_blues_norm_factor]
2025-02-15T22:20:47.4526010Z   /Users/runner/work/tardis/tardis/tardis/plasma/tests/test_complete_plasmas.py:197: UserWarning:
2025-02-15T22:20:47.4526530Z   
2025-02-15T22:20:47.4526810Z   Property "j_blues_norm_factor" not found
2025-02-15T22:20:47.4526960Z 
2025-02-15T22:20:47.4527360Z tardis/plasma/tests/test_complete_plasmas.py::TestPlasma::test_plasma_properties[radiative_rates_type:detailed-w_epsilon:1e-10-j_blue_estimator]
2025-02-15T22:20:47.4528130Z tardis/plasma/tests/test_complete_plasmas.py::TestPlasma::test_plasma_properties[radiative_rates_type:detailed-j_blue_estimator]
2025-02-15T22:20:47.4528740Z   /Users/runner/work/tardis/tardis/tardis/plasma/tests/test_complete_plasmas.py:197: UserWarning:
2025-02-15T22:20:47.4529160Z   
2025-02-15T22:20:47.4529430Z   Property "j_blue_estimator" not found
2025-02-15T22:20:47.4529620Z 
2025-02-15T22:20:47.4530000Z tardis/plasma/tests/test_complete_plasmas.py::TestPlasma::test_plasma_properties[radiative_rates_type:detailed-w_epsilon:1e-10-volume]
2025-02-15T22:20:47.4530840Z tardis/plasma/tests/test_complete_plasmas.py::TestPlasma::test_plasma_properties[radiative_rates_type:detailed-volume]
2025-02-15T22:20:47.4531800Z   /Users/runner/work/tardis/tardis/tardis/plasma/tests/test_complete_plasmas.py:197: UserWarning:
2025-02-15T22:20:47.4532330Z   
2025-02-15T22:20:47.4532550Z   Property "volume" not found
2025-02-15T22:20:47.4532770Z 
2025-02-15T22:20:47.4533170Z tardis/plasma/tests/test_complete_plasmas.py::TestPlasma::test_plasma_properties[radiative_rates_type:detailed-w_epsilon:1e-10-r_inner]
2025-02-15T22:20:47.4533990Z tardis/plasma/tests/test_complete_plasmas.py::TestPlasma::test_plasma_properties[radiative_rates_type:detailed-r_inner]
2025-02-15T22:20:47.4534650Z   /Users/runner/work/tardis/tardis/tardis/plasma/tests/test_complete_plasmas.py:197: UserWarning:
2025-02-15T22:20:47.4535090Z   
2025-02-15T22:20:47.4535270Z   Property "r_inner" not found
2025-02-15T22:20:47.4535440Z 
2025-02-15T22:20:47.4535670Z tardis/plasma/tests/test_plasma_vboundary.py::test_plasma_vboundary[2900-3750]
2025-02-15T22:20:47.4536160Z tardis/plasma/tests/test_plasma_vboundary.py::test_plasma_vboundary[2900-3850]
2025-02-15T22:20:47.4536680Z tardis/plasma/tests/test_plasma_vboundary.py::test_plasma_vboundary[2900-3900]
2025-02-15T22:20:47.4537190Z   /Users/runner/work/tardis/tardis/tardis/model/geometry/radial1d.py:71: UserWarning:
2025-02-15T22:20:47.4537620Z   
2025-02-15T22:20:47.4537920Z   Requesting inner boundary below inner shell. Extrapolating the inner cell
2025-02-15T22:20:47.4538160Z 
2025-02-15T22:20:47.4538400Z tardis/spectrum/tests/test_spectrum_solver.py::TestSpectrumSolver::test_solve
2025-02-15T22:20:47.4538880Z   /Users/runner/work/tardis/tardis/tardis/spectrum/base.py:70: UserWarning:
2025-02-15T22:20:47.4539300Z   
2025-02-15T22:20:47.4539730Z   SpectrumSolver.spectrum_virtual_packets is zero. Please run the montecarlo simulation with no_of_virtual_packets > 0
2025-02-15T22:20:47.4540140Z 
2025-02-15T22:20:47.4540390Z tardis/spectrum/tests/test_spectrum_solver.py::TestSpectrumSolver::test_solve
2025-02-15T22:20:47.4541160Z   /Users/runner/work/tardis/tardis/tardis/spectrum/base.py:111: UserWarning:
2025-02-15T22:20:47.4541520Z   
2025-02-15T22:20:47.4541870Z   SpectrumSolver.integrator: The FormalIntegrator is not yet available.Please run the montecarlo simulation at least once.
2025-02-15T22:20:47.4542240Z 
2025-02-15T22:20:47.4542480Z tardis/transport/montecarlo/tests/test_vpacket.py::test_trace_vpacket_volley
2025-02-15T22:20:47.4542870Z   <string>:3: NumbaPendingDeprecationWarning:
2025-02-15T22:20:47.4543160Z   
2025-02-15T22:20:47.4545860Z   [1m[1mCode using Numba extension API maybe depending on 'old_style' error-capturing, which is deprecated and will be replaced by 'new_style' in a future release. See details at https://numba.readthedocs.io/en/latest/reference/deprecation.html#deprecation-of-old-style-numba-captured-errors
2025-02-15T22:20:47.4546950Z   Exception origin:
2025-02-15T22:20:47.4547310Z     File "/Users/runner/micromamba/envs/tardis/lib/python3.12/inspect.py", line 3180, in _bind
2025-02-15T22:20:47.4547770Z       raise TypeError(msg) from None
2025-02-15T22:20:47.4548020Z   [0m[0m
2025-02-15T22:20:47.4548140Z 
2025-02-15T22:20:47.4548470Z tardis/visualization/tools/tests/test_sdec_plot.py::TestSDECPlotter::test_mpl_image[plotter_generate_plot_mpl4]
2025-02-15T22:20:47.4549160Z   /Users/runner/work/tardis/tardis/tardis/visualization/tools/sdec_plot.py:1225: RuntimeWarning:
2025-02-15T22:20:47.4549590Z   
2025-02-15T22:20:47.4550420Z   More than 20 figures have been opened. Figures created through the pyplot interface (`matplotlib.pyplot.figure`) are retained until explicitly closed and may consume too much memory. (To control this warning, see the rcParam `figure.max_open_warning`). Consider using `matplotlib.pyplot.close()`.
2025-02-15T22:20:47.4551180Z 
2025-02-15T22:20:47.4551510Z tardis/visualization/widgets/tests/test_custom_abundance.py::TestCustomAbundanceWidget::test_update_input_item_value
2025-02-15T22:20:47.4552220Z tardis/visualization/widgets/tests/test_custom_abundance.py::TestCustomAbundanceWidget::test_update_input_item_value
2025-02-15T22:20:47.4552920Z tardis/visualization/widgets/tests/test_custom_abundance.py::TestCustomAbundanceWidget::test_update_input_item_value
2025-02-15T22:20:47.4553590Z tardis/visualization/widgets/tests/test_custom_abundance.py::TestCustomAbundanceWidget::test_update_input_item_value
2025-02-15T22:20:47.4554320Z tardis/visualization/widgets/tests/test_custom_abundance.py::TestCustomAbundanceWidget::test_update_input_item_value
2025-02-15T22:20:47.4555030Z tardis/visualization/widgets/tests/test_custom_abundance.py::TestCustomAbundanceWidget::test_update_input_item_value
2025-02-15T22:20:47.4555780Z   /Users/runner/micromamba/envs/tardis/lib/python3.12/site-packages/traitlets/traitlets.py:1385: DeprecationWarning:
2025-02-15T22:20:47.4556230Z   
2025-02-15T22:20:47.4556560Z   Passing unrecognized arguments to super(Checkbox).__init__(icon='lock').
2025-02-15T22:20:47.4556980Z   object.__init__() takes exactly one argument (the instance to initialize)
2025-02-15T22:20:47.4557470Z   This is deprecated in traitlets 4.2.This error will be raised in a future release of traitlets.
2025-02-15T22:20:47.4557790Z 
2025-02-15T22:20:47.4558070Z tardis/visualization/widgets/tests/test_custom_abundance.py::TestCustomAbundanceWidget::test_update_input_item_value
2025-02-15T22:20:47.4558760Z tardis/visualization/widgets/tests/test_custom_abundance.py::TestCustomAbundanceWidget::test_update_input_item_value
2025-02-15T22:20:47.4559430Z   /Users/runner/micromamba/envs/tardis/lib/python3.12/site-packages/traitlets/traitlets.py:1385: DeprecationWarning:
2025-02-15T22:20:47.4559860Z   
2025-02-15T22:20:47.4560120Z   Passing unrecognized arguments to super(FloatText).__init__(min=0).
2025-02-15T22:20:47.4560550Z   object.__init__() takes exactly one argument (the instance to initialize)
2025-02-15T22:20:47.4561070Z   This is deprecated in traitlets 4.2.This error will be raised in a future release of traitlets.
2025-02-15T22:20:47.4561580Z 
2025-02-15T22:20:47.4561910Z tardis/visualization/widgets/tests/test_custom_abundance.py::TestCustomAbundanceWidget::test_update_input_item_value
2025-02-15T22:20:47.4562640Z   /Users/runner/micromamba/envs/tardis/lib/python3.12/site-packages/traitlets/traitlets.py:1385: DeprecationWarning:
2025-02-15T22:20:47.4563080Z   
2025-02-15T22:20:47.4563410Z   Passing unrecognized arguments to super(HTML).__init__(indent=True).
2025-02-15T22:20:47.4563820Z   object.__init__() takes exactly one argument (the instance to initialize)
2025-02-15T22:20:47.4564220Z   This is deprecated in traitlets 4.2.This error will be raised in a future release of traitlets.
2025-02-15T22:20:47.4564520Z 
2025-02-15T22:20:47.4565000Z tardis/visualization/widgets/tests/test_line_info.py::TestLineInfoWidgetData::test_get_species_interactions[wavelength_range0-packet_out_nu]
2025-02-15T22:20:47.4565750Z   /Users/runner/micromamba/envs/tardis/lib/python3.12/site-packages/qgridnext/grid.py:825: DeprecationWarning:
2025-02-15T22:20:47.4566190Z   
2025-02-15T22:20:47.4566590Z   QgridWidget._grid_options_changed is deprecated in traitlets 4.1: use @observe and @unobserve instead.
2025-02-15T22:20:47.4566930Z 
2025-02-15T22:20:47.4567200Z tardis/visualization/widgets/tests/test_shell_info.py::TestHDFShellInfo::test_shells_data
2025-02-15T22:20:47.4567690Z   /Users/runner/work/tardis/tardis/tardis/io/util.py:289: PerformanceWarning:
2025-02-15T22:20:47.4568040Z   
2025-02-15T22:20:47.4568250Z   
2025-02-15T22:20:47.4568520Z   your performance may suffer as PyTables will pickle object types that it cannot
2025-02-15T22:20:47.4569050Z   map directly to c-types [inferred_type->mixed,key->block0_values] [items->Index([0], dtype='int64')]
2025-02-15T22:20:47.4569380Z 
2025-02-15T22:20:47.4569590Z tardis/visualization/widgets/tests/test_shell_info.py::TestHDFShellInfo::test_shells_data
2025-02-15T22:20:47.4570110Z   /Users/runner/work/tardis/tardis/tardis/io/util.py:292: PerformanceWarning:
2025-02-15T22:20:47.4570440Z   
2025-02-15T22:20:47.4570640Z   
2025-02-15T22:20:47.4570930Z   your performance may suffer as PyTables will pickle object types that it cannot
2025-02-15T22:20:47.4571340Z   map directly to c-types [inferred_type->mixed,key->values] [items->None]
2025-02-15T22:20:47.4571590Z 
2025-02-15T22:20:47.4571800Z tardis/visualization/widgets/tests/test_shell_info.py::TestHDFShellInfo::test_shells_data
2025-02-15T22:20:47.4572410Z   /Users/runner/work/tardis/tardis/tardis/spectrum/formal_integral.py:398: UserWarning:
2025-02-15T22:20:47.4572830Z   
2025-02-15T22:20:47.4573100Z   The number of interpolate_shells was not specified. The value was set to 80.
2025-02-15T22:20:47.4573370Z 
2025-02-15T22:20:47.4573570Z -- Docs: https://docs.pytest.org/en/stable/how-to/capture-warnings.html
2025-02-15T22:20:47.4573800Z 
2025-02-15T22:20:47.4573940Z ---------- coverage: platform darwin, python 3.12.4-final-0 ----------
2025-02-15T22:20:47.4574320Z Coverage HTML written to dir coverage_html_report
2025-02-15T22:20:47.4574650Z Coverage XML written to file coverage.xml
2025-02-15T22:20:47.4574820Z 
2025-02-15T22:20:47.4574980Z =========================== short test summary info ============================
2025-02-15T22:20:47.4575520Z FAILED tardis/io/tests/test_model_reader.py::test_simple_read_artis_density - ValueError: not enough values to unpack (expected 4, got 3)
2025-02-15T22:20:47.4576220Z = 1 failed, 1437 passed, 329 skipped, 2 deselected, 19 xfailed, 8 xpassed, 92 warnings in 737.03s (0:12:17) =
2025-02-15T22:20:49.0738950Z ##[error]Process completed with exit code 1.
