2025-02-21T13:31:37.8969492Z Requested labels: macos-latest
2025-02-21T13:31:37.8969801Z Job defined at: tardis-sn/tardis/.github/workflows/tests.yml@refs/pull/2977/merge
2025-02-21T13:31:37.8969898Z Waiting for a runner to pick up this job...
2025-02-21T13:31:38.1408174Z Job is waiting for a hosted runner to come online.
2025-02-21T13:31:41.4082757Z Job is about to start running on the hosted runner: GitHub Actions 10 (hosted)
2025-02-21T13:31:42.7731580Z Current runner version: '2.322.0'
2025-02-21T13:31:42.7749820Z ##[group]Operating System
2025-02-21T13:31:42.7750350Z macOS
2025-02-21T13:31:42.7750670Z 14.7.2
2025-02-21T13:31:42.7750980Z 23H311
2025-02-21T13:31:42.7751280Z ##[endgroup]
2025-02-21T13:31:42.7751600Z ##[group]Runner Image
2025-02-21T13:31:42.7751940Z Image: macos-14-arm64
2025-02-21T13:31:42.7752280Z Version: 20250120.774
2025-02-21T13:31:42.7752960Z Included Software: https://github.com/actions/runner-images/blob/macos-14-arm64/20250120.774/images/macos/macos-14-arm64-Readme.md
2025-02-21T13:31:42.7753910Z Image Release: https://github.com/actions/runner-images/releases/tag/macos-14-arm64%2F20250120.774
2025-02-21T13:31:42.7754510Z ##[endgroup]
2025-02-21T13:31:42.7754840Z ##[group]Runner Image Provisioner
2025-02-21T13:31:42.7755260Z 2.0.422.1+55c30c14fe2a0a1547db1b656933ae07d97649a9
2025-02-21T13:31:42.7755670Z ##[endgroup]
2025-02-21T13:31:42.7757080Z ##[group]GITHUB_TOKEN Permissions
2025-02-21T13:31:42.7758260Z Actions: read
2025-02-21T13:31:42.7758610Z Attestations: read
2025-02-21T13:31:42.7758940Z Checks: read
2025-02-21T13:31:42.7759260Z Contents: read
2025-02-21T13:31:42.7759580Z Deployments: read
2025-02-21T13:31:42.7759900Z Discussions: read
2025-02-21T13:31:42.7760220Z Issues: read
2025-02-21T13:31:42.7760530Z Metadata: read
2025-02-21T13:31:42.7760840Z Packages: read
2025-02-21T13:31:42.7761150Z Pages: read
2025-02-21T13:31:42.7761470Z PullRequests: read
2025-02-21T13:31:42.7761800Z RepositoryProjects: read
2025-02-21T13:31:42.7762160Z SecurityEvents: read
2025-02-21T13:31:42.7762490Z Statuses: read
2025-02-21T13:31:42.7762810Z ##[endgroup]
2025-02-21T13:31:42.7764810Z Secret source: None
2025-02-21T13:31:42.7765410Z Prepare workflow directory
2025-02-21T13:31:42.8199650Z Prepare all required actions
2025-02-21T13:31:42.8229650Z Getting action download info
2025-02-21T13:31:42.9883540Z ##[group]Download immutable action package 'actions/checkout@v4'
2025-02-21T13:31:42.9884120Z Version: 4.2.2
2025-02-21T13:31:42.9884690Z Digest: sha256:ccb2698953eaebd21c7bf6268a94f9c26518a7e38e27e0b83c1fe1ad049819b1
2025-02-21T13:31:42.9885380Z Source commit SHA: 11bd71901bbe5b1630ceea73d27597364c9af683
2025-02-21T13:31:42.9885810Z ##[endgroup]
2025-02-21T13:31:43.2340440Z ##[group]Download immutable action package 'actions/upload-artifact@v4'
2025-02-21T13:31:43.2341070Z Version: 4.6.0
2025-02-21T13:31:43.2341550Z Digest: sha256:bf85474c8423f9cd48bd2caf3ce5adb1711e2dfdb055b040bd36b044e4290329
2025-02-21T13:31:43.2342180Z Source commit SHA: 65c4c4a1ddee5b72f698fdd19549f0f0fb45cf08
2025-02-21T13:31:43.2342660Z ##[endgroup]
2025-02-21T13:31:43.3864930Z Complete job name: not continuum macos-latest 
2025-02-21T13:31:43.4367650Z ##[group]Run actions/checkout@v4
2025-02-21T13:31:43.4368570Z with:
2025-02-21T13:31:43.4368970Z   repository: tardis-sn/tardis
2025-02-21T13:31:43.4369520Z   token: ***
2025-02-21T13:31:43.4369800Z   ssh-strict: true
2025-02-21T13:31:43.4370090Z   ssh-user: git
2025-02-21T13:31:43.4370390Z   persist-credentials: true
2025-02-21T13:31:43.4370740Z   clean: true
2025-02-21T13:31:43.4371040Z   sparse-checkout-cone-mode: true
2025-02-21T13:31:43.4371390Z   fetch-depth: 1
2025-02-21T13:31:43.4371720Z   fetch-tags: false
2025-02-21T13:31:43.4372030Z   show-progress: true
2025-02-21T13:31:43.4372330Z   lfs: false
2025-02-21T13:31:43.4372600Z   submodules: false
2025-02-21T13:31:43.4372910Z   set-safe-directory: true
2025-02-21T13:31:43.4373400Z env:
2025-02-21T13:31:43.4373680Z   CACHE_NUMBER: 0
2025-02-21T13:31:43.4374480Z   PYTEST_FLAGS: --tardis-regression-data=/Users/runner/work/tardis/tardis/tardis-regression-data --cov=tardis --cov-report=xml --cov-report=html --cov-append
2025-02-21T13:31:43.4375450Z   CODECOV_TOKEN: 
2025-02-21T13:31:43.4375750Z ##[endgroup]
2025-02-21T13:31:43.7782110Z Syncing repository: tardis-sn/tardis
2025-02-21T13:31:43.7783650Z ##[group]Getting Git version info
2025-02-21T13:31:43.7784130Z Working directory is '/Users/runner/work/tardis/tardis'
2025-02-21T13:31:43.7784820Z [command]/opt/homebrew/bin/git version
2025-02-21T13:31:43.8318610Z git version 2.48.1
2025-02-21T13:31:43.8351130Z ##[endgroup]
2025-02-21T13:31:43.8358710Z Copying '/Users/runner/.gitconfig' to '/Users/runner/work/_temp/abc94955-34ee-4d7b-bdde-362383e8adac/.gitconfig'
2025-02-21T13:31:43.8369670Z Temporarily overriding HOME='/Users/runner/work/_temp/abc94955-34ee-4d7b-bdde-362383e8adac' before making global git config changes
2025-02-21T13:31:43.8370770Z Adding repository directory to the temporary git global config as a safe directory
2025-02-21T13:31:43.8373420Z [command]/opt/homebrew/bin/git config --global --add safe.directory /Users/runner/work/tardis/tardis
2025-02-21T13:31:43.8479740Z Deleting the contents of '/Users/runner/work/tardis/tardis'
2025-02-21T13:31:43.8480800Z ##[group]Initializing the repository
2025-02-21T13:31:43.8484700Z [command]/opt/homebrew/bin/git init /Users/runner/work/tardis/tardis
2025-02-21T13:31:43.8669970Z hint: Using 'master' as the name for the initial branch. This default branch name
2025-02-21T13:31:43.8670980Z hint: is subject to change. To configure the initial branch name to use in all
2025-02-21T13:31:43.8671860Z hint: of your new repositories, which will suppress this warning, call:
2025-02-21T13:31:43.8672480Z hint:
2025-02-21T13:31:43.8673050Z hint: 	git config --global init.defaultBranch <name>
2025-02-21T13:31:43.8673590Z hint:
2025-02-21T13:31:43.8674700Z hint: Names commonly chosen instead of 'master' are 'main', 'trunk' and
2025-02-21T13:31:43.8675400Z hint: 'development'. The just-created branch can be renamed via this command:
2025-02-21T13:31:43.8676230Z hint:
2025-02-21T13:31:43.8676770Z hint: 	git branch -m <name>
2025-02-21T13:31:43.8677570Z Initialized empty Git repository in /Users/runner/work/tardis/tardis/.git/
2025-02-21T13:31:43.8682950Z [command]/opt/homebrew/bin/git remote add origin https://github.com/tardis-sn/tardis
2025-02-21T13:31:43.8733130Z ##[endgroup]
2025-02-21T13:31:43.8733890Z ##[group]Disabling automatic garbage collection
2025-02-21T13:31:43.8736490Z [command]/opt/homebrew/bin/git config --local gc.auto 0
2025-02-21T13:31:43.8794790Z ##[endgroup]
2025-02-21T13:31:43.8795390Z ##[group]Setting up auth
2025-02-21T13:31:43.8796020Z [command]/opt/homebrew/bin/git config --local --name-only --get-regexp core\.sshCommand
2025-02-21T13:31:43.8835370Z [command]/opt/homebrew/bin/git submodule foreach --recursive sh -c "git config --local --name-only --get-regexp 'core\.sshCommand' && git config --local --unset-all 'core.sshCommand' || :"
2025-02-21T13:31:43.9591950Z [command]/opt/homebrew/bin/git config --local --name-only --get-regexp http\.https\:\/\/github\.com\/\.extraheader
2025-02-21T13:31:43.9638670Z [command]/opt/homebrew/bin/git submodule foreach --recursive sh -c "git config --local --name-only --get-regexp 'http\.https\:\/\/github\.com\/\.extraheader' && git config --local --unset-all 'http.https://github.com/.extraheader' || :"
2025-02-21T13:31:44.0260280Z [command]/opt/homebrew/bin/git config --local http.https://github.com/.extraheader AUTHORIZATION: basic ***
2025-02-21T13:31:44.0547790Z ##[endgroup]
2025-02-21T13:31:44.0548590Z ##[group]Fetching the repository
2025-02-21T13:31:44.0554930Z [command]/opt/homebrew/bin/git -c protocol.version=2 fetch --no-tags --prune --no-recurse-submodules --depth=1 origin +441604d238443784f58580dff670b4f5d489e95d:refs/remotes/pull/2977/merge
2025-02-21T13:31:46.0090420Z From https://github.com/tardis-sn/tardis
2025-02-21T13:31:46.0091990Z  * [new ref]         441604d238443784f58580dff670b4f5d489e95d -> pull/2977/merge
2025-02-21T13:31:46.0150160Z ##[endgroup]
2025-02-21T13:31:46.0150900Z ##[group]Determining the checkout info
2025-02-21T13:31:46.0151530Z ##[endgroup]
2025-02-21T13:31:46.0153770Z [command]/opt/homebrew/bin/git sparse-checkout disable
2025-02-21T13:31:46.0227790Z [command]/opt/homebrew/bin/git config --local --unset-all extensions.worktreeConfig
2025-02-21T13:31:46.0289870Z ##[group]Checking out the ref
2025-02-21T13:31:46.0290850Z [command]/opt/homebrew/bin/git checkout --progress --force refs/remotes/pull/2977/merge
2025-02-21T13:31:46.2913150Z HEAD is now at 441604d Merge ea565e83b27e15f18d4a1bcc0f9da7b60962c49c into cec8b531cc56e66219fe3ca2efdbf837c008b852
2025-02-21T13:31:46.2928300Z ##[endgroup]
2025-02-21T13:31:46.2990970Z [command]/opt/homebrew/bin/git log -1 --format=%H
2025-02-21T13:31:46.3038700Z 441604d238443784f58580dff670b4f5d489e95d
2025-02-21T13:31:46.3305300Z Prepare all required actions
2025-02-21T13:31:46.3306260Z Getting action download info
2025-02-21T13:31:46.4845790Z ##[group]Download immutable action package 'actions/cache@v4'
2025-02-21T13:31:46.4846770Z Version: 4.2.1
2025-02-21T13:31:46.4847700Z Digest: sha256:b0404c9628d43aa6855629075b28f32cadf8efc5c26198438149f78500112940
2025-02-21T13:31:46.4848980Z Source commit SHA: 0c907a75c2c80ebcb7f088228285e798b750cf8f
2025-02-21T13:31:46.4849870Z ##[endgroup]
2025-02-21T13:31:47.1824320Z ##[group]Run ./.github/actions/setup_lfs
2025-02-21T13:31:47.1824990Z with:
2025-02-21T13:31:47.1825590Z   regression-data-repo: tardis-sn/tardis-regression-data
2025-02-21T13:31:47.1826380Z   atom-data-sparse: false
2025-02-21T13:31:47.1826900Z env:
2025-02-21T13:31:47.1827330Z   CACHE_NUMBER: 0
2025-02-21T13:31:47.1828770Z   PYTEST_FLAGS: --tardis-regression-data=/Users/runner/work/tardis/tardis/tardis-regression-data --cov=tardis --cov-report=xml --cov-report=html --cov-append
2025-02-21T13:31:47.1830340Z   CODECOV_TOKEN: 
2025-02-21T13:31:47.1830850Z ##[endgroup]
2025-02-21T13:31:47.1985280Z ##[group]Run actions/checkout@v4
2025-02-21T13:31:47.1985950Z with:
2025-02-21T13:31:47.1986630Z   repository: tardis-sn/tardis-regression-data
2025-02-21T13:31:47.1987540Z   path: tardis-regression-data
2025-02-21T13:31:47.1988260Z   lfs: false
2025-02-21T13:31:47.1989200Z   token: ***
2025-02-21T13:31:47.1989880Z   ssh-strict: true
2025-02-21T13:31:47.1990600Z   ssh-user: git
2025-02-21T13:31:47.1991080Z   persist-credentials: true
2025-02-21T13:31:47.1991620Z   clean: true
2025-02-21T13:31:47.1992120Z   sparse-checkout-cone-mode: true
2025-02-21T13:31:47.1992740Z   fetch-depth: 1
2025-02-21T13:31:47.1993310Z   fetch-tags: false
2025-02-21T13:31:47.1993900Z   show-progress: true
2025-02-21T13:31:47.1994540Z   submodules: false
2025-02-21T13:31:47.1995220Z   set-safe-directory: true
2025-02-21T13:31:47.1995890Z env:
2025-02-21T13:31:47.1996570Z   CACHE_NUMBER: 0
2025-02-21T13:31:47.1998270Z   PYTEST_FLAGS: --tardis-regression-data=/Users/runner/work/tardis/tardis/tardis-regression-data --cov=tardis --cov-report=xml --cov-report=html --cov-append
2025-02-21T13:31:47.1999850Z   CODECOV_TOKEN: 
2025-02-21T13:31:47.2000400Z ##[endgroup]
2025-02-21T13:31:47.2851930Z Syncing repository: tardis-sn/tardis-regression-data
2025-02-21T13:31:47.2855510Z ##[group]Getting Git version info
2025-02-21T13:31:47.2856440Z Working directory is '/Users/runner/work/tardis/tardis/tardis-regression-data'
2025-02-21T13:31:47.2886270Z [command]/opt/homebrew/bin/git version
2025-02-21T13:31:47.2929450Z git version 2.48.1
2025-02-21T13:31:47.2943190Z ##[endgroup]
2025-02-21T13:31:47.2948470Z Copying '/Users/runner/.gitconfig' to '/Users/runner/work/_temp/5fb6dacd-0d02-4926-9ca8-13823b85c1fa/.gitconfig'
2025-02-21T13:31:47.2955440Z Temporarily overriding HOME='/Users/runner/work/_temp/5fb6dacd-0d02-4926-9ca8-13823b85c1fa' before making global git config changes
2025-02-21T13:31:47.2957110Z Adding repository directory to the temporary git global config as a safe directory
2025-02-21T13:31:47.2958710Z [command]/opt/homebrew/bin/git config --global --add safe.directory /Users/runner/work/tardis/tardis/tardis-regression-data
2025-02-21T13:31:47.2998990Z ##[group]Initializing the repository
2025-02-21T13:31:47.3002100Z [command]/opt/homebrew/bin/git init /Users/runner/work/tardis/tardis/tardis-regression-data
2025-02-21T13:31:47.3073060Z hint: Using 'master' as the name for the initial branch. This default branch name
2025-02-21T13:31:47.3074320Z hint: is subject to change. To configure the initial branch name to use in all
2025-02-21T13:31:47.3075400Z hint: of your new repositories, which will suppress this warning, call:
2025-02-21T13:31:47.3076510Z hint:
2025-02-21T13:31:47.3077070Z hint: 	git config --global init.defaultBranch <name>
2025-02-21T13:31:47.3077770Z hint:
2025-02-21T13:31:47.3078410Z hint: Names commonly chosen instead of 'master' are 'main', 'trunk' and
2025-02-21T13:31:47.3079760Z hint: 'development'. The just-created branch can be renamed via this command:
2025-02-21T13:31:47.3080700Z hint:
2025-02-21T13:31:47.3081150Z hint: 	git branch -m <name>
2025-02-21T13:31:47.3082130Z Initialized empty Git repository in /Users/runner/work/tardis/tardis/tardis-regression-data/.git/
2025-02-21T13:31:47.3084490Z [command]/opt/homebrew/bin/git remote add origin https://github.com/tardis-sn/tardis-regression-data
2025-02-21T13:31:47.3124340Z ##[endgroup]
2025-02-21T13:31:47.3125210Z ##[group]Disabling automatic garbage collection
2025-02-21T13:31:47.3126640Z [command]/opt/homebrew/bin/git config --local gc.auto 0
2025-02-21T13:31:47.3166310Z ##[endgroup]
2025-02-21T13:31:47.3167120Z ##[group]Setting up auth
2025-02-21T13:31:47.3169940Z [command]/opt/homebrew/bin/git config --local --name-only --get-regexp core\.sshCommand
2025-02-21T13:31:47.3216380Z [command]/opt/homebrew/bin/git submodule foreach --recursive sh -c "git config --local --name-only --get-regexp 'core\.sshCommand' && git config --local --unset-all 'core.sshCommand' || :"
2025-02-21T13:31:47.4005390Z [command]/opt/homebrew/bin/git config --local --name-only --get-regexp http\.https\:\/\/github\.com\/\.extraheader
2025-02-21T13:31:47.4277230Z [command]/opt/homebrew/bin/git submodule foreach --recursive sh -c "git config --local --name-only --get-regexp 'http\.https\:\/\/github\.com\/\.extraheader' && git config --local --unset-all 'http.https://github.com/.extraheader' || :"
2025-02-21T13:31:47.4753360Z [command]/opt/homebrew/bin/git config --local http.https://github.com/.extraheader AUTHORIZATION: basic ***
2025-02-21T13:31:47.4837850Z ##[endgroup]
2025-02-21T13:31:47.4838830Z ##[group]Determining the default branch
2025-02-21T13:31:47.4839690Z Retrieving the default branch name
2025-02-21T13:31:47.9247400Z Default branch 'main'
2025-02-21T13:31:47.9360230Z ##[endgroup]
2025-02-21T13:31:47.9464370Z ##[group]Fetching the repository
2025-02-21T13:31:47.9583100Z [command]/opt/homebrew/bin/git -c protocol.version=2 fetch --no-tags --prune --no-recurse-submodules --depth=1 origin +refs/heads/main:refs/remotes/origin/main
2025-02-21T13:31:49.2619840Z From https://github.com/tardis-sn/tardis-regression-data
2025-02-21T13:31:49.2620380Z  * [new branch]      main       -> origin/main
2025-02-21T13:31:49.2673440Z ##[endgroup]
2025-02-21T13:31:49.2673850Z ##[group]Determining the checkout info
2025-02-21T13:31:49.2674440Z ##[endgroup]
2025-02-21T13:31:49.2677710Z [command]/opt/homebrew/bin/git sparse-checkout disable
2025-02-21T13:31:49.2729130Z [command]/opt/homebrew/bin/git config --local --unset-all extensions.worktreeConfig
2025-02-21T13:31:49.2771220Z ##[group]Checking out the ref
2025-02-21T13:31:49.2774040Z [command]/opt/homebrew/bin/git checkout --progress --force -B main refs/remotes/origin/main
2025-02-21T13:31:49.5066270Z Switched to a new branch 'main'
2025-02-21T13:31:49.5068810Z branch 'main' set up to track 'origin/main'.
2025-02-21T13:31:49.5776830Z ##[endgroup]
2025-02-21T13:31:49.5841240Z [command]/opt/homebrew/bin/git log -1 --format=%H
2025-02-21T13:31:49.5888830Z 84e768462f20f09fbccc05625cdcc1d8ffbe404c
2025-02-21T13:31:49.5987000Z ##[group]Run if [ "false" == "true" ]; then
2025-02-21T13:31:49.5987340Z [36;1mif [ "false" == "true" ]; then[0m
2025-02-21T13:31:49.5987570Z [36;1m  echo "Using atom data sparse checkout"[0m
2025-02-21T13:31:49.5987870Z [36;1m  echo "atom_data/kurucz_cd23_chianti_H_He.h5" > .lfs-files-list[0m
2025-02-21T13:31:49.5988140Z [36;1melse[0m
2025-02-21T13:31:49.5988320Z [36;1m  echo "Using full repository checkout"[0m
2025-02-21T13:31:49.5988620Z [36;1m  git lfs ls-files -l | cut -d' ' -f1 | sort > .lfs-files-list[0m
2025-02-21T13:31:49.5988900Z [36;1mfi[0m
2025-02-21T13:31:49.6054560Z shell: /bin/bash --noprofile --norc -e -o pipefail {0}
2025-02-21T13:31:49.6056690Z env:
2025-02-21T13:31:49.6056850Z   CACHE_NUMBER: 0
2025-02-21T13:31:49.6057340Z   PYTEST_FLAGS: --tardis-regression-data=/Users/runner/work/tardis/tardis/tardis-regression-data --cov=tardis --cov-report=xml --cov-report=html --cov-append
2025-02-21T13:31:49.6057860Z   CODECOV_TOKEN: 
2025-02-21T13:31:49.6058220Z ##[endgroup]
2025-02-21T13:31:49.6329160Z Using full repository checkout
2025-02-21T13:31:49.8287850Z ##[group]Run actions/cache/restore@v4
2025-02-21T13:31:49.8288160Z with:
2025-02-21T13:31:49.8288340Z   path: tardis-regression-data/.git/lfs
2025-02-21T13:31:49.8288880Z   key: tardis-regression-full-data-c8ff2bbb6048b3f24d3f52a1e85b013ad47e52c369a6ce4cfdeff528b659b86f-tardis-sn/tardis-regression-data-v1
2025-02-21T13:31:49.8289480Z   fail-on-cache-miss: true
2025-02-21T13:31:49.8289670Z   enableCrossOsArchive: false
2025-02-21T13:31:49.8289870Z   lookup-only: false
2025-02-21T13:31:49.8290030Z env:
2025-02-21T13:31:49.8290170Z   CACHE_NUMBER: 0
2025-02-21T13:31:49.8290720Z   PYTEST_FLAGS: --tardis-regression-data=/Users/runner/work/tardis/tardis/tardis-regression-data --cov=tardis --cov-report=xml --cov-report=html --cov-append
2025-02-21T13:31:49.8291260Z   CODECOV_TOKEN: 
2025-02-21T13:31:49.8291430Z ##[endgroup]
2025-02-21T13:31:50.0924150Z Cache hit for: tardis-regression-full-data-c8ff2bbb6048b3f24d3f52a1e85b013ad47e52c369a6ce4cfdeff528b659b86f-tardis-sn/tardis-regression-data-v1
2025-02-21T13:31:51.2762070Z Received 41943040 of 2161656325 (1.9%), 39.6 MBs/sec
2025-02-21T13:31:52.2810060Z Received 104857600 of 2161656325 (4.9%), 49.7 MBs/sec
2025-02-21T13:31:53.2836140Z Received 142606336 of 2161656325 (6.6%), 45.1 MBs/sec
2025-02-21T13:31:54.2842490Z Received 188743680 of 2161656325 (8.7%), 44.8 MBs/sec
2025-02-21T13:31:55.2780530Z Received 247463936 of 2161656325 (11.4%), 47.0 MBs/sec
2025-02-21T13:31:56.2782110Z Received 281018368 of 2161656325 (13.0%), 44.5 MBs/sec
2025-02-21T13:31:57.2880640Z Received 339738624 of 2161656325 (15.7%), 46.1 MBs/sec
2025-02-21T13:31:58.3765940Z Received 402653184 of 2161656325 (18.6%), 47.3 MBs/sec
2025-02-21T13:31:59.3725720Z Received 448790528 of 2161656325 (20.8%), 47.0 MBs/sec
2025-02-21T13:32:00.3736690Z Received 507510784 of 2161656325 (23.5%), 47.9 MBs/sec
2025-02-21T13:32:01.3844120Z Received 536870912 of 2161656325 (24.8%), 46.1 MBs/sec
2025-02-21T13:32:02.3763300Z Received 612368384 of 2161656325 (28.3%), 48.2 MBs/sec
2025-02-21T13:32:03.3797550Z Received 662700032 of 2161656325 (30.7%), 48.2 MBs/sec
2025-02-21T13:32:04.3822110Z Received 713031680 of 2161656325 (33.0%), 48.2 MBs/sec
2025-02-21T13:32:05.3819610Z Received 792723456 of 2161656325 (36.7%), 50.0 MBs/sec
2025-02-21T13:32:06.3811910Z Received 843055104 of 2161656325 (39.0%), 49.9 MBs/sec
2025-02-21T13:32:07.3899220Z Received 935329792 of 2161656325 (43.3%), 52.1 MBs/sec
2025-02-21T13:32:08.3891870Z Received 994050048 of 2161656325 (46.0%), 52.3 MBs/sec
2025-02-21T13:32:09.3834400Z Received 1061158912 of 2161656325 (49.1%), 52.9 MBs/sec
2025-02-21T13:32:10.3900970Z Received 1115684864 of 2161656325 (51.6%), 52.9 MBs/sec
2025-02-21T13:32:11.3901910Z Received 1195376640 of 2161656325 (55.3%), 54.0 MBs/sec
2025-02-21T13:32:12.3902920Z Received 1249902592 of 2161656325 (57.8%), 53.9 MBs/sec
2025-02-21T13:32:13.3949200Z Received 1317011456 of 2161656325 (60.9%), 54.3 MBs/sec
2025-02-21T13:32:14.3923210Z Received 1388314624 of 2161656325 (64.2%), 54.9 MBs/sec
2025-02-21T13:32:15.4007610Z Received 1442840576 of 2161656325 (66.7%), 54.8 MBs/sec
2025-02-21T13:32:16.3933340Z Received 1505755136 of 2161656325 (69.7%), 55.0 MBs/sec
2025-02-21T13:32:17.3939340Z Received 1585446912 of 2161656325 (73.3%), 55.7 MBs/sec
2025-02-21T13:32:18.3945030Z Received 1623195648 of 2161656325 (75.1%), 55.0 MBs/sec
2025-02-21T13:32:19.3949250Z Received 1681915904 of 2161656325 (77.8%), 55.1 MBs/sec
2025-02-21T13:32:20.4014360Z Received 1744830464 of 2161656325 (80.7%), 55.2 MBs/sec
2025-02-21T13:32:21.3997220Z Received 1845493760 of 2161656325 (85.4%), 56.5 MBs/sec
2025-02-21T13:32:22.4018150Z Received 1904214016 of 2161656325 (88.1%), 56.5 MBs/sec
2025-02-21T13:32:23.4120860Z Received 1971322880 of 2161656325 (91.2%), 56.7 MBs/sec
2025-02-21T13:32:24.4046560Z Received 2038431744 of 2161656325 (94.3%), 56.9 MBs/sec
2025-02-21T13:32:25.4029580Z Received 2109734912 of 2161656325 (97.6%), 57.3 MBs/sec
2025-02-21T13:32:26.0766890Z Received 2161656325 of 2161656325 (100.0%), 57.6 MBs/sec
2025-02-21T13:32:26.0841680Z Cache Size: ~2062 MB (2161656325 B)
2025-02-21T13:32:26.0873780Z [command]/opt/homebrew/bin/gtar -xf /Users/runner/work/_temp/3fafadd1-0c2a-4989-9a01-43a8d2cf7f19/cache.tzst -P -C /Users/runner/work/tardis/tardis --delay-directory-restore --use-compress-program unzstd
2025-02-21T13:32:35.6751480Z Cache restored successfully
2025-02-21T13:32:35.8338030Z Cache restored from key: tardis-regression-full-data-c8ff2bbb6048b3f24d3f52a1e85b013ad47e52c369a6ce4cfdeff528b659b86f-tardis-sn/tardis-regression-data-v1
2025-02-21T13:32:35.8588080Z ##[group]Run git lfs checkout
2025-02-21T13:32:35.8588390Z [36;1mgit lfs checkout[0m
2025-02-21T13:32:35.8703840Z shell: /bin/bash --noprofile --norc -e -o pipefail {0}
2025-02-21T13:32:35.8704270Z env:
2025-02-21T13:32:35.8704540Z   CACHE_NUMBER: 0
2025-02-21T13:32:35.8705410Z   PYTEST_FLAGS: --tardis-regression-data=/Users/runner/work/tardis/tardis/tardis-regression-data --cov=tardis --cov-report=xml --cov-report=html --cov-append
2025-02-21T13:32:35.8706050Z   CODECOV_TOKEN: 
2025-02-21T13:32:35.8706230Z ##[endgroup]
2025-02-21T13:32:49.0975150Z Checking out LFS objects: 100% (204/204), 5.7 GB | 348 MB/s, done.
2025-02-21T13:32:59.5177040Z Prepare all required actions
2025-02-21T13:32:59.5178530Z Getting action download info
2025-02-21T13:32:59.7800500Z Download action repository 'mamba-org/setup-micromamba@v1' (SHA:4b9113af4fba0e9e1124b252dd6497a419e7396d)
2025-02-21T13:33:00.9678010Z ##[group]Run ./.github/actions/setup_env
2025-02-21T13:33:00.9678230Z with:
2025-02-21T13:33:00.9678370Z   os-label: osx-arm64
2025-02-21T13:33:00.9678510Z env:
2025-02-21T13:33:00.9678700Z   CACHE_NUMBER: 0
2025-02-21T13:33:00.9679150Z   PYTEST_FLAGS: --tardis-regression-data=/Users/runner/work/tardis/tardis/tardis-regression-data --cov=tardis --cov-report=xml --cov-report=html --cov-append
2025-02-21T13:33:00.9679610Z   CODECOV_TOKEN: 
2025-02-21T13:33:00.9679750Z ##[endgroup]
2025-02-21T13:33:00.9697470Z ##[group]Run file_hash=$(cat conda-osx-arm64.lock | shasum -a 256 | cut -d' ' -f1)
2025-02-21T13:33:00.9697880Z [36;1mfile_hash=$(cat conda-osx-arm64.lock | shasum -a 256 | cut -d' ' -f1)[0m
2025-02-21T13:33:00.9698360Z [36;1mecho "file_hash=tardis-conda-env-osx-arm64-${file_hash}-v1" >> "${GITHUB_OUTPUT}"[0m
2025-02-21T13:33:00.9743300Z shell: /bin/bash --noprofile --norc -e -o pipefail {0}
2025-02-21T13:33:00.9743530Z env:
2025-02-21T13:33:00.9743640Z   CACHE_NUMBER: 0
2025-02-21T13:33:00.9744080Z   PYTEST_FLAGS: --tardis-regression-data=/Users/runner/work/tardis/tardis/tardis-regression-data --cov=tardis --cov-report=xml --cov-report=html --cov-append
2025-02-21T13:33:00.9744560Z   CODECOV_TOKEN: 
2025-02-21T13:33:00.9744690Z ##[endgroup]
2025-02-21T13:33:01.0801050Z ##[group]Run mamba-org/setup-micromamba@v1
2025-02-21T13:33:01.0801250Z with:
2025-02-21T13:33:01.0801400Z   environment-file: conda-osx-arm64.lock
2025-02-21T13:33:01.0801830Z   cache-environment-key: tardis-conda-env-osx-arm64-bf0d0a4d4c847cca72476c6c68c493d56c484aada7e80de0e42c7607fcef5824-v1
2025-02-21T13:33:01.0802470Z   cache-downloads-key: tardis-conda-env-osx-arm64-bf0d0a4d4c847cca72476c6c68c493d56c484aada7e80de0e42c7607fcef5824-v1
2025-02-21T13:33:01.0802880Z   environment-name: tardis
2025-02-21T13:33:01.0803060Z   cache-environment: true
2025-02-21T13:33:01.0803210Z   cache-downloads: true
2025-02-21T13:33:01.0803350Z env:
2025-02-21T13:33:01.0803480Z   CACHE_NUMBER: 0
2025-02-21T13:33:01.0803920Z   PYTEST_FLAGS: --tardis-regression-data=/Users/runner/work/tardis/tardis/tardis-regression-data --cov=tardis --cov-report=xml --cov-report=html --cov-append
2025-02-21T13:33:01.0804390Z   CODECOV_TOKEN: 
2025-02-21T13:33:01.0807530Z ##[endgroup]
2025-02-21T13:33:01.5349540Z Will download micromamba to /Users/runner/micromamba-bin/micromamba
2025-02-21T13:33:01.5355490Z ##[group]Install micromamba
2025-02-21T13:33:02.0883610Z micromamba installed to /Users/runner/micromamba-bin/micromamba
2025-02-21T13:33:02.0886840Z ##[endgroup]
2025-02-21T13:33:02.0887120Z Adding conda-forge to condarc channels ...
2025-02-21T13:33:02.1005790Z ##[group]Initialize micromamba for bash.
2025-02-21T13:33:02.1014640Z [command]/Users/runner/micromamba-bin/micromamba shell init -s bash -r /Users/runner/micromamba --log-level warning --rc-file /Users/runner/work/_temp/setup-micromamba/.condarc
2025-02-21T13:33:02.1366820Z Modifying RC file "/Users/runner/.bash_profile"
2025-02-21T13:33:02.1369720Z Generating config for root prefix [1m"/Users/runner/micromamba"[0m
2025-02-21T13:33:02.1370350Z Setting mamba executable to: [1m"/Users/runner/micromamba-bin/micromamba"[0m
2025-02-21T13:33:02.1370860Z Adding (or replacing) the following in your "/Users/runner/.bash_profile" file
2025-02-21T13:33:02.1371320Z 
2025-02-21T13:33:02.1371510Z # >>> mamba initialize >>>
2025-02-21T13:33:02.1371840Z # !! Contents within this block are managed by 'mamba init' !!
2025-02-21T13:33:02.1372250Z export MAMBA_EXE='/Users/runner/micromamba-bin/micromamba';
2025-02-21T13:33:02.1372660Z export MAMBA_ROOT_PREFIX='/Users/runner/micromamba';
2025-02-21T13:33:02.1373190Z __mamba_setup="$("$MAMBA_EXE" shell hook --shell bash --root-prefix "$MAMBA_ROOT_PREFIX" 2> /dev/null)"
2025-02-21T13:33:02.1374340Z if [ $? -eq 0 ]; then
2025-02-21T13:33:02.1374660Z     eval "$__mamba_setup"
2025-02-21T13:33:02.1374950Z else
2025-02-21T13:33:02.1375260Z     alias micromamba="$MAMBA_EXE"  # Fallback on help from mamba activate
2025-02-21T13:33:02.1375610Z fi
2025-02-21T13:33:02.1375830Z unset __mamba_setup
2025-02-21T13:33:02.1376070Z # <<< mamba initialize <<<
2025-02-21T13:33:02.1376280Z 
2025-02-21T13:33:02.1376690Z ##[endgroup]
2025-02-21T13:33:02.1377310Z ##[group]Restoring downloads from `/Users/runner/micromamba/pkgs` ...
2025-02-21T13:33:03.4785450Z Received 37748736 of 310594474 (12.2%), 35.9 MBs/sec
2025-02-21T13:33:04.4841560Z Received 113246208 of 310594474 (36.5%), 53.9 MBs/sec
2025-02-21T13:33:05.4808910Z Received 176160768 of 310594474 (56.7%), 55.9 MBs/sec
2025-02-21T13:33:06.4813070Z Received 234881024 of 310594474 (75.6%), 55.9 MBs/sec
2025-02-21T13:33:07.4825940Z Received 285428650 of 310594474 (91.9%), 54.4 MBs/sec
2025-02-21T13:33:07.8856980Z Cache Size: ~296 MB (310594474 B)
2025-02-21T13:33:07.8886200Z [command]/opt/homebrew/bin/gtar -xf /Users/runner/work/_temp/6bcfa305-6339-4db1-a5d6-e2ce6cb5ee10/cache.tzst -P -C /Users/runner/work/tardis/tardis --delay-directory-restore --use-compress-program unzstd
2025-02-21T13:33:08.4859740Z Received 310594474 of 310594474 (100.0%), 49.3 MBs/sec
2025-02-21T13:33:08.5813550Z Cache restored successfully
2025-02-21T13:33:08.5837770Z Restored cache with key `tardis-conda-env-osx-arm64-bf0d0a4d4c847cca72476c6c68c493d56c484aada7e80de0e42c7607fcef5824-v1-osx-arm64`
2025-02-21T13:33:08.5839050Z ##[endgroup]
2025-02-21T13:33:08.5927400Z ##[group]Restoring environment `tardis` from `/Users/runner/micromamba/envs/tardis` ...
2025-02-21T13:33:09.9535990Z Received 37748736 of 385513979 (9.8%), 36.0 MBs/sec
2025-02-21T13:33:10.9544430Z Received 96468992 of 385513979 (25.0%), 46.0 MBs/sec
2025-02-21T13:33:11.9551840Z Received 159383552 of 385513979 (41.3%), 50.6 MBs/sec
2025-02-21T13:33:12.9564210Z Received 226492416 of 385513979 (58.8%), 54.0 MBs/sec
2025-02-21T13:33:13.9571990Z Received 297795584 of 385513979 (77.2%), 56.8 MBs/sec
2025-02-21T13:33:14.9634830Z Received 377487360 of 385513979 (97.9%), 59.9 MBs/sec
2025-02-21T13:33:15.0655450Z Cache Size: ~368 MB (385513979 B)
2025-02-21T13:33:15.0698900Z [command]/opt/homebrew/bin/gtar -xf /Users/runner/work/_temp/270635c1-5c05-455d-a94a-0c97b1d21eef/cache.tzst -P -C /Users/runner/work/tardis/tardis --delay-directory-restore --use-compress-program unzstd
2025-02-21T13:33:15.9662100Z Received 385513979 of 385513979 (100.0%), 52.4 MBs/sec
2025-02-21T13:33:30.7409770Z Cache restored successfully
2025-02-21T13:33:30.7445870Z Restored cache with key `tardis-conda-env-osx-arm64-bf0d0a4d4c847cca72476c6c68c493d56c484aada7e80de0e42c7607fcef5824-v1-osx-arm64-tardis-args-4f53cda-root-873f6fe-bin-[object Promise]-file-bf0d0a4d4c847cca72476c6c68c493d56c484aada7e80de0e42c7607fcef5824`
2025-02-21T13:33:30.7448440Z ##[endgroup]
2025-02-21T13:33:30.7448780Z Adding environment tardis to auto-activate bash ...
2025-02-21T13:33:30.7469780Z Generating micromamba run shell.
2025-02-21T13:33:30.7488530Z ##[endgroup]
2025-02-21T13:33:30.7494970Z Set environment variables.
2025-02-21T13:33:30.7545140Z ##[group]micromamba info
2025-02-21T13:33:30.7549420Z [command]/Users/runner/micromamba-bin/micromamba info -r /Users/runner/micromamba -n tardis
2025-02-21T13:33:31.2559590Z 
2025-02-21T13:33:31.2564060Z        libmamba version : 1.5.10
2025-02-21T13:33:31.2566270Z      micromamba version : 1.5.10
2025-02-21T13:33:31.2568140Z            curl version : libcurl/8.10.1 (OpenSSL/3.3.2) SecureTransport zlib/1.3.1 zstd/1.5.6 libssh2/1.11.0 nghttp2/1.58.0
2025-02-21T13:33:31.2569750Z      libarchive version : libarchive 3.7.4 zlib/1.2.13 bz2lib/1.0.8 libzstd/1.5.6
2025-02-21T13:33:31.2571270Z        envs directories : /Users/runner/micromamba/envs
2025-02-21T13:33:31.2572270Z           package cache : /Users/runner/micromamba/pkgs
2025-02-21T13:33:31.2573360Z                           /Users/runner/.mamba/pkgs
2025-02-21T13:33:31.2574320Z             environment : tardis
2025-02-21T13:33:31.2608810Z            env location : /Users/runner/micromamba/envs/tardis
2025-02-21T13:33:31.2609520Z       user config files : /Users/runner/.mambarc
2025-02-21T13:33:31.2609900Z  populated config files : /Users/runner/work/_temp/setup-micromamba/.condarc
2025-02-21T13:33:31.2610420Z        virtual packages : __unix=0=0
2025-02-21T13:33:31.2610700Z                           __osx=14.7.2=0
2025-02-21T13:33:31.2611030Z                           __archspec=1=arm64
2025-02-21T13:33:31.2611500Z                channels : https://conda.anaconda.org/conda-forge/osx-arm64
2025-02-21T13:33:31.2611960Z                           https://conda.anaconda.org/conda-forge/noarch
2025-02-21T13:33:31.2612290Z        base environment : /Users/runner/micromamba
2025-02-21T13:33:31.2612610Z                platform : osx-arm64
2025-02-21T13:33:31.2613300Z ##[endgroup]
2025-02-21T13:33:31.2613760Z ##[group]micromamba list
2025-02-21T13:33:31.2614440Z [command]/Users/runner/micromamba-bin/micromamba list -r /Users/runner/micromamba -n tardis
2025-02-21T13:33:31.7277320Z List of packages in environment: "/Users/runner/micromamba/envs/tardis"
2025-02-21T13:33:31.7279120Z 
2025-02-21T13:33:31.7279460Z   Name                           Version              Build                    Channel    
2025-02-21T13:33:31.7281300Z â”€â”€â”€â”€â”€â”€â”€â”€â”€â”€â”€â”€â”€â”€â”€â”€â”€â”€â”€â”€â”€â”€â”€â”€â”€â”€â”€â”€â”€â”€â”€â”€â”€â”€â”€â”€â”€â”€â”€â”€â”€â”€â”€â”€â”€â”€â”€â”€â”€â”€â”€â”€â”€â”€â”€â”€â”€â”€â”€â”€â”€â”€â”€â”€â”€â”€â”€â”€â”€â”€â”€â”€â”€â”€â”€â”€â”€â”€â”€â”€â”€â”€â”€â”€â”€â”€â”€â”€â”€â”€â”€â”€
2025-02-21T13:33:31.7281760Z   alabaster                      0.7.16               pyhd8ed1ab_0             conda-forge
2025-02-21T13:33:31.7282290Z   anyio                          4.4.0                pyhd8ed1ab_0             conda-forge
2025-02-21T13:33:31.7282780Z   appnope                        0.1.4                pyhd8ed1ab_0             conda-forge
2025-02-21T13:33:31.7283200Z   argon2-cffi                    23.1.0               pyhd8ed1ab_0             conda-forge
2025-02-21T13:33:31.7283850Z   argon2-cffi-bindings           21.2.0               py312h02f2b3b_4          conda-forge
2025-02-21T13:33:31.7288120Z   arrow                          1.3.0                pyhd8ed1ab_0             conda-forge
2025-02-21T13:33:31.7288660Z   astropy                        6.1.1                py312hbebd99a_0          conda-forge
2025-02-21T13:33:31.7292910Z   astropy-iers-data              0.2024.6.17.0.31.35  pyhd8ed1ab_0             conda-forge
2025-02-21T13:33:31.7293490Z   astropy-sphinx-theme           1.1                  pyhd8ed1ab_0             conda-forge
2025-02-21T13:33:31.7609140Z   asttokens                      2.4.1                pyhd8ed1ab_0             conda-forge
2025-02-21T13:33:31.7609660Z   async-lru                      2.0.4                pyhd8ed1ab_0             conda-forge
2025-02-21T13:33:31.7610050Z   atk-1.0                        2.38.0               hd03087b_2               conda-forge
2025-02-21T13:33:31.7610590Z   attrs                          23.2.0               pyh71513ae_0             conda-forge
2025-02-21T13:33:31.7611070Z   babel                          2.14.0               pyhd8ed1ab_0             conda-forge
2025-02-21T13:33:31.7611560Z   beautifulsoup4                 4.12.3               pyha770c72_0             conda-forge
2025-02-21T13:33:31.7611970Z   bleach                         6.1.0                pyhd8ed1ab_0             conda-forge
2025-02-21T13:33:31.7612490Z   blosc                          1.21.5               h9c252e8_1               conda-forge
2025-02-21T13:33:31.7612850Z   brotli                         1.1.0                hb547adb_1               conda-forge
2025-02-21T13:33:31.7613230Z   brotli-bin                     1.1.0                hb547adb_1               conda-forge
2025-02-21T13:33:31.7613620Z   brotli-python                  1.1.0                py312h9f69965_1          conda-forge
2025-02-21T13:33:31.7614050Z   bzip2                          1.0.8                h93a5062_5               conda-forge
2025-02-21T13:33:31.7614470Z   c-ares                         1.28.1               h93a5062_0               conda-forge
2025-02-21T13:33:31.7615650Z   c-blosc2                       2.14.4               ha57e6be_1               conda-forge
2025-02-21T13:33:31.7616130Z   ca-certificates                2024.6.2             hf0a4a13_0               conda-forge
2025-02-21T13:33:31.7616540Z   cached-property                1.5.2                hd8ed1ab_1               conda-forge
2025-02-21T13:33:31.7617100Z   cached_property                1.5.2                pyha770c72_1             conda-forge
2025-02-21T13:33:31.7617420Z   cairo                          1.18.0               hd1e100b_0               conda-forge
2025-02-21T13:33:31.7617850Z   certifi                        2024.6.2             pyhd8ed1ab_0             conda-forge
2025-02-21T13:33:31.7618170Z   cffi                           1.16.0               py312h8e38eb3_0          conda-forge
2025-02-21T13:33:31.7618600Z   charset-normalizer             3.3.2                pyhd8ed1ab_0             conda-forge
2025-02-21T13:33:31.7646150Z   click                          8.1.7                unix_pyh707e725_0        conda-forge
2025-02-21T13:33:31.7646590Z   codespell                      2.3.0                pyhd8ed1ab_0             conda-forge
2025-02-21T13:33:31.7647030Z   colorama                       0.4.6                pyhd8ed1ab_0             conda-forge
2025-02-21T13:33:31.7650800Z   comm                           0.2.2                pyhd8ed1ab_0             conda-forge
2025-02-21T13:33:31.7653610Z   commonmark                     0.9.1                py_0                     conda-forge
2025-02-21T13:33:31.7654680Z   contourpy                      1.2.1                py312h0fef576_0          conda-forge
2025-02-21T13:33:31.7655360Z   coverage                       7.5.3                py312h7e5086c_0          conda-forge
2025-02-21T13:33:31.7655670Z   cycler                         0.12.1               pyhd8ed1ab_0             conda-forge
2025-02-21T13:33:31.7656030Z   dataclasses                    0.8                  pyhc8e2a94_3             conda-forge
2025-02-21T13:33:31.7656410Z   debugpy                        1.8.1                py312h20a0b95_0          conda-forge
2025-02-21T13:33:31.7656760Z   decorator                      5.1.1                pyhd8ed1ab_0             conda-forge
2025-02-21T13:33:31.7657120Z   defusedxml                     0.7.1                pyhd8ed1ab_0             conda-forge
2025-02-21T13:33:31.7657580Z   docutils                       0.20.1               py312h81bd7bf_3          conda-forge
2025-02-21T13:33:31.7658010Z   dot2tex                        2.11.3               pyhd8ed1ab_0             conda-forge
2025-02-21T13:33:31.7658900Z   entrypoints                    0.4                  pyhd8ed1ab_0             conda-forge
2025-02-21T13:33:31.7659370Z   exceptiongroup                 1.2.0                pyhd8ed1ab_2             conda-forge
2025-02-21T13:33:31.7659730Z   executing                      2.0.1                pyhd8ed1ab_0             conda-forge
2025-02-21T13:33:31.7660080Z   expat                          2.6.2                hebf3989_0               conda-forge
2025-02-21T13:33:31.7660520Z   font-ttf-dejavu-sans-mono      2.37                 hab24e00_0               conda-forge
2025-02-21T13:33:31.7660890Z   font-ttf-inconsolata           3.000                h77eed37_0               conda-forge
2025-02-21T13:33:31.7661300Z   font-ttf-source-code-pro       2.038                h77eed37_0               conda-forge
2025-02-21T13:33:31.7661770Z   font-ttf-ubuntu                0.83                 h77eed37_2               conda-forge
2025-02-21T13:33:31.7663180Z   fontconfig                     2.14.2               h82840c6_0               conda-forge
2025-02-21T13:33:31.7663770Z   fonts-conda-ecosystem          1                    0                        conda-forge
2025-02-21T13:33:31.7664140Z   fonts-conda-forge              1                    0                        conda-forge
2025-02-21T13:33:31.7665530Z   fonttools                      4.53.0               py312h7e5086c_0          conda-forge
2025-02-21T13:33:31.7666240Z   fqdn                           1.5.1                pyhd8ed1ab_0             conda-forge
2025-02-21T13:33:31.7666700Z   freetype                       2.12.1               hadb7bae_2               conda-forge
2025-02-21T13:33:31.7667190Z   fribidi                        1.0.10               h27ca646_0               conda-forge
2025-02-21T13:33:31.7667570Z   future                         1.0.0                pyhd8ed1ab_0             conda-forge
2025-02-21T13:33:31.7668020Z   gdk-pixbuf                     2.42.12              h7ddc832_0               conda-forge
2025-02-21T13:33:31.7668390Z   gettext                        0.22.5               h8fbad5d_2               conda-forge
2025-02-21T13:33:31.7669050Z   gettext-tools                  0.22.5               h8fbad5d_2               conda-forge
2025-02-21T13:33:31.7669710Z   giflib                         5.2.2                h93a5062_0               conda-forge
2025-02-21T13:33:31.7670100Z   git-lfs                        3.5.1                hce30654_0               conda-forge
2025-02-21T13:33:31.7670450Z   gmp                            6.3.0                hebf3989_1               conda-forge
2025-02-21T13:33:31.7670920Z   gmpy2                          2.1.5                py312hfa9fade_1          conda-forge
2025-02-21T13:33:31.7671400Z   graphite2                      1.3.13               hebf3989_1003            conda-forge
2025-02-21T13:33:31.7671810Z   graphviz                       11.0.0               h9bb9bc9_0               conda-forge
2025-02-21T13:33:31.7672300Z   gtk2                           2.24.33              h7895bb2_4               conda-forge
2025-02-21T13:33:31.7672630Z   gts                            0.7.6                he42f4ea_4               conda-forge
2025-02-21T13:33:31.7672920Z   h11                            0.14.0               pyhd8ed1ab_0             conda-forge
2025-02-21T13:33:31.7673200Z   h2                             4.1.0                pyhd8ed1ab_0             conda-forge
2025-02-21T13:33:31.7673470Z   h5py                           3.11.0               nompi_py312h903599c_102  conda-forge
2025-02-21T13:33:31.7673760Z   harfbuzz                       8.5.0                h1836168_0               conda-forge
2025-02-21T13:33:31.7674030Z   hdf5                           1.14.3               nompi_hec07895_105       conda-forge
2025-02-21T13:33:31.7674300Z   hpack                          4.0.0                pyh9f0ad1d_0             conda-forge
2025-02-21T13:33:31.7674740Z   httpcore                       1.0.5                pyhd8ed1ab_0             conda-forge
2025-02-21T13:33:31.7675260Z   httpx                          0.27.0               pyhd8ed1ab_0             conda-forge
2025-02-21T13:33:31.7675620Z   hyperframe                     6.0.1                pyhd8ed1ab_0             conda-forge
2025-02-21T13:33:31.7675950Z   icu                            73.2                 hc8870d7_0               conda-forge
2025-02-21T13:33:31.7676220Z   idna                           3.7                  pyhd8ed1ab_0             conda-forge
2025-02-21T13:33:31.7676510Z   imagesize                      1.4.1                pyhd8ed1ab_0             conda-forge
2025-02-21T13:33:31.7676990Z   importlib-metadata             7.1.0                pyha770c72_0             conda-forge
2025-02-21T13:33:31.7677410Z   importlib_metadata             7.1.0                hd8ed1ab_0               conda-forge
2025-02-21T13:33:31.7677900Z   importlib_resources            6.4.0                pyhd8ed1ab_0             conda-forge
2025-02-21T13:33:31.7678280Z   iniconfig                      2.0.0                pyhd8ed1ab_0             conda-forge
2025-02-21T13:33:31.7678620Z   ipykernel                      6.29.4               pyh57ce528_0             conda-forge
2025-02-21T13:33:31.7678910Z   ipython                        8.25.0               pyh707e725_0             conda-forge
2025-02-21T13:33:31.7679280Z   ipython_genutils               0.2.0                pyhd8ed1ab_1             conda-forge
2025-02-21T13:33:31.7680030Z   ipywidgets                     7.8.0                pyhd8ed1ab_0             conda-forge
2025-02-21T13:33:31.7680370Z   isoduration                    20.11.0              pyhd8ed1ab_0             conda-forge
2025-02-21T13:33:31.7680710Z   jedi                           0.19.1               pyhd8ed1ab_0             conda-forge
2025-02-21T13:33:31.7681080Z   jinja2                         3.1.4                pyhd8ed1ab_0             conda-forge
2025-02-21T13:33:31.7681410Z   json5                          0.9.25               pyhd8ed1ab_0             conda-forge
2025-02-21T13:33:31.7681780Z   jsonpointer                    3.0.0                py312h81bd7bf_0          conda-forge
2025-02-21T13:33:31.7682140Z   jsonschema                     4.22.0               pyhd8ed1ab_0             conda-forge
2025-02-21T13:33:31.7682560Z   jsonschema-specifications      2023.12.1            pyhd8ed1ab_0             conda-forge
2025-02-21T13:33:31.7682960Z   jsonschema-with-format-nongpl  4.22.0               pyhd8ed1ab_0             conda-forge
2025-02-21T13:33:31.7683320Z   jupyter-lsp                    2.2.5                pyhd8ed1ab_0             conda-forge
2025-02-21T13:33:31.7683620Z   jupyter_client                 8.6.2                pyhd8ed1ab_0             conda-forge
2025-02-21T13:33:31.7683990Z   jupyter_core                   5.7.2                py312h81bd7bf_0          conda-forge
2025-02-21T13:33:31.7684300Z   jupyter_events                 0.10.0               pyhd8ed1ab_0             conda-forge
2025-02-21T13:33:31.7684660Z   jupyter_server                 2.14.1               pyhd8ed1ab_0             conda-forge
2025-02-21T13:33:31.7685010Z   jupyter_server_terminals       0.5.3                pyhd8ed1ab_0             conda-forge
2025-02-21T13:33:31.7685330Z   jupyterlab                     4.2.2                pyhd8ed1ab_0             conda-forge
2025-02-21T13:33:31.7685730Z   jupyterlab_pygments            0.3.0                pyhd8ed1ab_1             conda-forge
2025-02-21T13:33:31.7686190Z   jupyterlab_server              2.27.2               pyhd8ed1ab_0             conda-forge
2025-02-21T13:33:31.7686640Z   jupyterlab_widgets             1.1.7                pyhd8ed1ab_0             conda-forge
2025-02-21T13:33:31.7687000Z   kiwisolver                     1.4.5                py312h389731b_1          conda-forge
2025-02-21T13:33:31.7687400Z   krb5                           1.21.2               h92f50d5_0               conda-forge
2025-02-21T13:33:31.7687720Z   latexcodec                     2.0.1                pyh9f0ad1d_0             conda-forge
2025-02-21T13:33:31.7688310Z   lcms2                          2.16                 ha0e7c42_0               conda-forge
2025-02-21T13:33:31.7690200Z   lerc                           4.0.0                h9a09cb3_0               conda-forge
2025-02-21T13:33:31.7690660Z   libaec                         1.1.3                hebf3989_0               conda-forge
2025-02-21T13:33:31.7691100Z   libasprintf                    0.22.5               h8fbad5d_2               conda-forge
2025-02-21T13:33:31.7691540Z   libasprintf-devel              0.22.5               h8fbad5d_2               conda-forge
2025-02-21T13:33:31.7691980Z   libblas                        3.9.0                22_osxarm64_openblas     conda-forge
2025-02-21T13:33:31.7692470Z   libbrotlicommon                1.1.0                hb547adb_1               conda-forge
2025-02-21T13:33:31.7692910Z   libbrotlidec                   1.1.0                hb547adb_1               conda-forge
2025-02-21T13:33:31.7693310Z   libbrotlienc                   1.1.0                hb547adb_1               conda-forge
2025-02-21T13:33:31.7693810Z   libcblas                       3.9.0                22_osxarm64_openblas     conda-forge
2025-02-21T13:33:31.7694200Z   libcurl                        8.8.0                h7b6f9a7_0               conda-forge
2025-02-21T13:33:31.7694650Z   libcxx                         17.0.6               h5f092b4_0               conda-forge
2025-02-21T13:33:31.7695430Z   libdeflate                     1.20                 h93a5062_0               conda-forge
2025-02-21T13:33:31.7695910Z   libedit                        3.1.20191231         hc8eb9b7_2               conda-forge
2025-02-21T13:33:31.7696540Z   libev                          4.33                 h93a5062_2               conda-forge
2025-02-21T13:33:31.7696890Z   libexpat                       2.6.2                hebf3989_0               conda-forge
2025-02-21T13:33:31.7697370Z   libffi                         3.4.2                h3422bc3_5               conda-forge
2025-02-21T13:33:31.7697800Z   libgd                          2.3.3                hfdf3952_9               conda-forge
2025-02-21T13:33:31.7698240Z   libgettextpo                   0.22.5               h8fbad5d_2               conda-forge
2025-02-21T13:33:31.7698640Z   libgettextpo-devel             0.22.5               h8fbad5d_2               conda-forge
2025-02-21T13:33:31.7699190Z   libgfortran                    5.0.0                13_2_0_hd922786_3        conda-forge
2025-02-21T13:33:31.7699750Z   libgfortran5                   13.2.0               hf226fd6_3               conda-forge
2025-02-21T13:33:31.7700280Z   libglib                        2.80.2               h59d46d9_1               conda-forge
2025-02-21T13:33:31.7700610Z   libiconv                       1.17                 h0d3ecfb_2               conda-forge
2025-02-21T13:33:31.7701150Z   libintl                        0.22.5               h8fbad5d_2               conda-forge
2025-02-21T13:33:31.7701560Z   libintl-devel                  0.22.5               h8fbad5d_2               conda-forge
2025-02-21T13:33:31.7702070Z   libjpeg-turbo                  3.0.0                hb547adb_1               conda-forge
2025-02-21T13:33:31.7702520Z   liblapack                      3.9.0                22_osxarm64_openblas     conda-forge
2025-02-21T13:33:31.7702900Z   libllvm14                      14.0.6               hd1a9a77_4               conda-forge
2025-02-21T13:33:31.7703300Z   libnghttp2                     1.58.0               ha4dd798_1               conda-forge
2025-02-21T13:33:31.7703760Z   libopenblas                    0.3.27               openmp_h6c19121_0        conda-forge
2025-02-21T13:33:31.7704110Z   libpng                         1.6.43               h091b4b1_0               conda-forge
2025-02-21T13:33:31.7704430Z   librsvg                        2.58.1               hbc281fb_0               conda-forge
2025-02-21T13:33:31.7704840Z   libsodium                      1.0.18               h27ca646_1               conda-forge
2025-02-21T13:33:31.7706220Z   libsqlite                      3.46.0               hfb93653_0               conda-forge
2025-02-21T13:33:31.7706610Z   libssh2                        1.11.0               h7a5bd25_0               conda-forge
2025-02-21T13:33:31.7706990Z   libtiff                        4.6.0                h07db509_3               conda-forge
2025-02-21T13:33:31.7707300Z   libwebp                        1.4.0                h54798ee_0               conda-forge
2025-02-21T13:33:31.7707690Z   libwebp-base                   1.4.0                h93a5062_0               conda-forge
2025-02-21T13:33:31.7708070Z   libxcb                         1.16                 hf2054a2_0               conda-forge
2025-02-21T13:33:31.7708430Z   libxml2                        2.12.7               ha661575_1               conda-forge
2025-02-21T13:33:31.7708760Z   libxslt                        1.1.39               h223e5b9_0               conda-forge
2025-02-21T13:33:31.7709140Z   libzlib                        1.3.1                hfb2fe0b_1               conda-forge
2025-02-21T13:33:31.7709510Z   llvm-openmp                    18.1.7               hde57baf_0               conda-forge
2025-02-21T13:33:31.7709900Z   llvmlite                       0.42.0               py312h17030e7_1          conda-forge
2025-02-21T13:33:31.7710240Z   lxml                           5.2.2                py312h0e5ab22_0          conda-forge
2025-02-21T13:33:31.7710760Z   lz4-c                          1.9.4                hb7217d7_0               conda-forge
2025-02-21T13:33:31.7711140Z   markupsafe                     2.1.5                py312he37b823_0          conda-forge
2025-02-21T13:33:31.7711520Z   matplotlib-base                3.8.4                py312h4479663_2          conda-forge
2025-02-21T13:33:31.7711940Z   matplotlib-inline              0.1.7                pyhd8ed1ab_0             conda-forge
2025-02-21T13:33:31.7712320Z   mistune                        3.0.2                pyhd8ed1ab_0             conda-forge
2025-02-21T13:33:31.7712680Z   mpc                            1.3.1                h91ba8db_0               conda-forge
2025-02-21T13:33:31.7713010Z   mpfr                           4.2.1                h41d338b_1               conda-forge
2025-02-21T13:33:31.7713380Z   mpmath                         1.3.0                pyhd8ed1ab_0             conda-forge
2025-02-21T13:33:31.7713670Z   munkres                        1.1.4                pyh9f0ad1d_0             conda-forge
2025-02-21T13:33:31.7714010Z   mypy_extensions                1.0.0                pyha770c72_0             conda-forge
2025-02-21T13:33:31.7714330Z   nbclassic                      1.1.0                pyhd8ed1ab_0             conda-forge
2025-02-21T13:33:31.7714720Z   nbclient                       0.10.0               pyhd8ed1ab_0             conda-forge
2025-02-21T13:33:31.7715100Z   nbconvert                      7.16.4               hd8ed1ab_1               conda-forge
2025-02-21T13:33:31.7715470Z   nbconvert-core                 7.16.4               pyhd8ed1ab_1             conda-forge
2025-02-21T13:33:31.7715910Z   nbconvert-pandoc               7.16.4               hd8ed1ab_1               conda-forge
2025-02-21T13:33:31.7716280Z   nbformat                       5.10.4               pyhd8ed1ab_0             conda-forge
2025-02-21T13:33:31.7716670Z   nbsphinx                       0.9.4                pyhd8ed1ab_0             conda-forge
2025-02-21T13:33:31.7717010Z   ncurses                        6.5                  hb89a1cb_0               conda-forge
2025-02-21T13:33:31.7717310Z   nest-asyncio                   1.6.0                pyhd8ed1ab_0             conda-forge
2025-02-21T13:33:31.7717670Z   networkx                       3.3                  pyhd8ed1ab_1             conda-forge
2025-02-21T13:33:31.7717990Z   notebook                       7.2.1                pyhd8ed1ab_0             conda-forge
2025-02-21T13:33:31.7718340Z   notebook-shim                  0.2.4                pyhd8ed1ab_0             conda-forge
2025-02-21T13:33:31.7718910Z   numba                          0.59.1               py312hbaff935_0          conda-forge
2025-02-21T13:33:31.7719520Z   numexpr                        2.10.0               py312h8ae5369_0          conda-forge
2025-02-21T13:33:31.7719900Z   numpy                          1.26.4               py312h8442bc7_0          conda-forge
2025-02-21T13:33:31.7720240Z   numpydoc                       1.7.0                pyhd8ed1ab_1             conda-forge
2025-02-21T13:33:31.7720590Z   openjpeg                       2.5.2                h9f1df11_0               conda-forge
2025-02-21T13:33:31.7720960Z   openssl                        3.3.1                hfb2fe0b_0               conda-forge
2025-02-21T13:33:31.7721260Z   overrides                      7.7.0                pyhd8ed1ab_0             conda-forge
2025-02-21T13:33:31.7721600Z   packaging                      24.1                 pyhd8ed1ab_0             conda-forge
2025-02-21T13:33:31.7721890Z   pandas                         2.2.2                py312h8ae5369_1          conda-forge
2025-02-21T13:33:31.7722220Z   pandoc                         3.2                  hce30654_0               conda-forge
2025-02-21T13:33:31.7722560Z   pandocfilters                  1.5.0                pyhd8ed1ab_0             conda-forge
2025-02-21T13:33:31.7722860Z   pango                          1.54.0               h5cb9fbc_0               conda-forge
2025-02-21T13:33:31.7723130Z   parso                          0.8.4                pyhd8ed1ab_0             conda-forge
2025-02-21T13:33:31.7723660Z   pathspec                       0.12.1               pyhd8ed1ab_0             conda-forge
2025-02-21T13:33:31.7723950Z   pbr                            6.0.0                pyhd8ed1ab_0             conda-forge
2025-02-21T13:33:31.7724220Z   pcre2                          10.44                h297a79d_0               conda-forge
2025-02-21T13:33:31.7724510Z   pexpect                        4.9.0                pyhd8ed1ab_0             conda-forge
2025-02-21T13:33:31.7724860Z   pickleshare                    0.7.5                py_1003                  conda-forge
2025-02-21T13:33:31.7725170Z   pillow                         10.3.0               py312h39b1d8d_1          conda-forge
2025-02-21T13:33:31.7725440Z   pip                            24.0                 pyhd8ed1ab_0             conda-forge
2025-02-21T13:33:31.7725710Z   pixman                         0.43.4               hebf3989_0               conda-forge
2025-02-21T13:33:31.7726030Z   pkgutil-resolve-name           1.3.10               pyhd8ed1ab_1             conda-forge
2025-02-21T13:33:31.7726370Z   platformdirs                   4.2.2                pyhd8ed1ab_0             conda-forge
2025-02-21T13:33:31.7726660Z   plotly                         5.22.0               pyhd8ed1ab_0             conda-forge
2025-02-21T13:33:31.7726940Z   pluggy                         1.5.0                pyhd8ed1ab_0             conda-forge
2025-02-21T13:33:31.7727250Z   prometheus_client              0.20.0               pyhd8ed1ab_0             conda-forge
2025-02-21T13:33:31.7727600Z   prompt-toolkit                 3.0.47               pyha770c72_0             conda-forge
2025-02-21T13:33:31.7727910Z   psutil                         5.9.8                py312he37b823_0          conda-forge
2025-02-21T13:33:31.7728200Z   pthread-stubs                  0.4                  h27ca646_1001            conda-forge
2025-02-21T13:33:31.7728510Z   ptyprocess                     0.7.0                pyhd3deb0d_0             conda-forge
2025-02-21T13:33:31.7728810Z   pure_eval                      0.2.2                pyhd8ed1ab_0             conda-forge
2025-02-21T13:33:31.7729100Z   py-cpuinfo                     9.0.0                pyhd8ed1ab_0             conda-forge
2025-02-21T13:33:31.7729420Z   pybtex                         0.24.0               pyhd8ed1ab_2             conda-forge
2025-02-21T13:33:31.7729720Z   pybtex-docutils                1.0.3                py312h81bd7bf_1          conda-forge
2025-02-21T13:33:31.7730230Z   pycparser                      2.22                 pyhd8ed1ab_0             conda-forge
2025-02-21T13:33:31.7730790Z   pyerfa                         2.0.1.4              py312hbebd99a_1          conda-forge
2025-02-21T13:33:31.7731180Z   pygments                       2.18.0               pyhd8ed1ab_0             conda-forge
2025-02-21T13:33:31.7731490Z   pygraphviz                     1.13                 py312h5f4d302_1          conda-forge
2025-02-21T13:33:31.7731810Z   pyobjc-core                    10.3.1               py312hbb55c70_0          conda-forge
2025-02-21T13:33:31.7732170Z   pyobjc-framework-cocoa         10.3.1               py312hbb55c70_0          conda-forge
2025-02-21T13:33:31.7732510Z   pyparsing                      3.1.2                pyhd8ed1ab_0             conda-forge
2025-02-21T13:33:31.7732810Z   pysocks                        1.7.1                pyha2e5f31_6             conda-forge
2025-02-21T13:33:31.7733100Z   pytables                       3.9.2                py312hb622ae1_2          conda-forge
2025-02-21T13:33:31.7733390Z   pytest                         8.2.2                pyhd8ed1ab_0             conda-forge
2025-02-21T13:33:31.7733680Z   pytest-cov                     5.0.0                pyhd8ed1ab_0             conda-forge
2025-02-21T13:33:31.7734000Z   pytest-doctestplus             1.2.1                pyhd8ed1ab_0             conda-forge
2025-02-21T13:33:31.7734320Z   pytest-html                    4.1.1                pyhd8ed1ab_0             conda-forge
2025-02-21T13:33:31.7734990Z   pytest-metadata                3.1.1                pyhd8ed1ab_0             conda-forge
2025-02-21T13:33:31.7735320Z   python                         3.12.4               h30c5eda_0_cpython       conda-forge
2025-02-21T13:33:31.7735630Z   python-dateutil                2.9.0                pyhd8ed1ab_0             conda-forge
2025-02-21T13:33:31.7735970Z   python-fastjsonschema          2.20.0               pyhd8ed1ab_0             conda-forge
2025-02-21T13:33:31.7736320Z   python-json-logger             2.0.7                pyhd8ed1ab_0             conda-forge
2025-02-21T13:33:31.7736660Z   python-tzdata                  2024.1               pyhd8ed1ab_0             conda-forge
2025-02-21T13:33:31.7736970Z   python_abi                     3.12                 4_cp312                  conda-forge
2025-02-21T13:33:31.7737250Z   pytz                           2024.1               pyhd8ed1ab_0             conda-forge
2025-02-21T13:33:31.7737560Z   pyyaml                         6.0.1                py312h02f2b3b_1          conda-forge
2025-02-21T13:33:31.7737860Z   pyzmq                          26.0.3               py312hfa13136_0          conda-forge
2025-02-21T13:33:31.7738140Z   qgrid                          1.3.1                pyhd8ed1ab_4             conda-forge
2025-02-21T13:33:31.7738450Z   radioactivedecay               0.5.1                pyhd8ed1ab_0             conda-forge
2025-02-21T13:33:31.7738760Z   readline                       8.2                  h92ec313_1               conda-forge
2025-02-21T13:33:31.7739070Z   recommonmark                   0.7.1                pyhd8ed1ab_0             conda-forge
2025-02-21T13:33:31.7739380Z   referencing                    0.35.1               pyhd8ed1ab_0             conda-forge
2025-02-21T13:33:31.7740580Z   requests                       2.32.3               pyhd8ed1ab_0             conda-forge
2025-02-21T13:33:31.7740900Z   rfc3339-validator              0.1.4                pyhd8ed1ab_0             conda-forge
2025-02-21T13:33:31.7741240Z   rfc3986-validator              0.1.1                pyh9f0ad1d_0             conda-forge
2025-02-21T13:33:31.7741550Z   rpds-py                        0.18.1               py312h552d48e_0          conda-forge
2025-02-21T13:33:31.7741830Z   ruff                           0.4.9                py312h3402d49_0          conda-forge
2025-02-21T13:33:31.7742100Z   scipy                          1.13.1               py312h14ffa8f_0          conda-forge
2025-02-21T13:33:31.7742740Z   send2trash                     1.8.3                pyh31c8845_0             conda-forge
2025-02-21T13:33:31.7743050Z   setuptools                     70.0.0               pyhd8ed1ab_0             conda-forge
2025-02-21T13:33:31.7743360Z   setuptools-scm                 8.1.0                pyhd8ed1ab_0             conda-forge
2025-02-21T13:33:31.7743680Z   setuptools_scm                 8.1.0                hd8ed1ab_0               conda-forge
2025-02-21T13:33:31.7743970Z   six                            1.16.0               pyh6c4a22f_0             conda-forge
2025-02-21T13:33:31.7744250Z   snakeviz                       2.2.0                pyhd8ed1ab_0             conda-forge
2025-02-21T13:33:31.7744530Z   snappy                         1.2.0                hd04f947_1               conda-forge
2025-02-21T13:33:31.7744810Z   sniffio                        1.3.1                pyhd8ed1ab_0             conda-forge
2025-02-21T13:33:31.7745120Z   snowballstemmer                2.2.0                pyhd8ed1ab_0             conda-forge
2025-02-21T13:33:31.7745430Z   soupsieve                      2.5                  pyhd8ed1ab_1             conda-forge
2025-02-21T13:33:31.7745800Z   sphinx                         7.3.7                pyhd8ed1ab_0             conda-forge
2025-02-21T13:33:31.7746100Z   sphinx-astropy                 1.9.1                pyhd8ed1ab_0             conda-forge
2025-02-21T13:33:31.7746430Z   sphinx-automodapi              0.17.0               pyh717bed2_1             conda-forge
2025-02-21T13:33:31.7746940Z   sphinx-gallery                 0.16.0               pyhd8ed1ab_0             conda-forge
2025-02-21T13:33:31.7747280Z   sphinx-jsonschema              1.19.1               pyhd8ed1ab_0             conda-forge
2025-02-21T13:33:31.7747920Z   sphinx_bootstrap_theme         0.8.1                pyhd8ed1ab_0             conda-forge
2025-02-21T13:33:31.7748270Z   sphinx_rtd_theme               2.0.0                pyha770c72_0             conda-forge
2025-02-21T13:33:31.7748620Z   sphinxcontrib-apidoc           0.3.0                py_1                     conda-forge
2025-02-21T13:33:31.7748980Z   sphinxcontrib-applehelp        1.0.8                pyhd8ed1ab_0             conda-forge
2025-02-21T13:33:31.7749340Z   sphinxcontrib-bibtex           2.6.2                pyhd8ed1ab_0             conda-forge
2025-02-21T13:33:31.7749700Z   sphinxcontrib-devhelp          1.0.6                pyhd8ed1ab_0             conda-forge
2025-02-21T13:33:31.7750060Z   sphinxcontrib-htmlhelp         2.0.5                pyhd8ed1ab_0             conda-forge
2025-02-21T13:33:31.7750410Z   sphinxcontrib-jquery           4.1                  pyhd8ed1ab_0             conda-forge
2025-02-21T13:33:31.7750760Z   sphinxcontrib-jsmath           1.0.1                pyhd8ed1ab_0             conda-forge
2025-02-21T13:33:31.7751110Z   sphinxcontrib-qthelp           1.0.7                pyhd8ed1ab_0             conda-forge
2025-02-21T13:33:31.7751490Z   sphinxcontrib-serializinghtml  1.1.10               pyhd8ed1ab_0             conda-forge
2025-02-21T13:33:31.7751860Z   stack_data                     0.6.2                pyhd8ed1ab_0             conda-forge
2025-02-21T13:33:31.7752250Z   sympy                          1.12.1               pypyh2585a3b_103         conda-forge
2025-02-21T13:33:31.7760440Z   tabulate                       0.9.0                pyhd8ed1ab_1             conda-forge
2025-02-21T13:33:31.7760740Z   tenacity                       8.4.1                pyhd8ed1ab_0             conda-forge
2025-02-21T13:33:31.7761030Z   terminado                      0.18.1               pyh31c8845_0             conda-forge
2025-02-21T13:33:31.7761330Z   tinycss2                       1.3.0                pyhd8ed1ab_0             conda-forge
2025-02-21T13:33:31.7761600Z   tk                             8.6.13               h5083fa2_1               conda-forge
2025-02-21T13:33:31.7761870Z   toml                           0.10.2               pyhd8ed1ab_0             conda-forge
2025-02-21T13:33:31.7762370Z   tomli                          2.0.1                pyhd8ed1ab_0             conda-forge
2025-02-21T13:33:31.7762650Z   tornado                        6.4.1                py312h7e5086c_0          conda-forge
2025-02-21T13:33:31.7762930Z   tqdm                           4.66.4               pyhd8ed1ab_0             conda-forge
2025-02-21T13:33:31.7763210Z   traitlets                      5.14.3               pyhd8ed1ab_0             conda-forge
2025-02-21T13:33:31.7763510Z   typed-ast                      1.5.5                py312h02f2b3b_1          conda-forge
2025-02-21T13:33:31.7763850Z   types-python-dateutil          2.9.0.20240316       pyhd8ed1ab_0             conda-forge
2025-02-21T13:33:31.7764210Z   typing-extensions              4.12.2               hd8ed1ab_0               conda-forge
2025-02-21T13:33:31.7764560Z   typing_extensions              4.12.2               pyha770c72_0             conda-forge
2025-02-21T13:33:31.7764900Z   typing_utils                   0.1.0                pyhd8ed1ab_0             conda-forge
2025-02-21T13:33:31.7765200Z   tzdata                         2024a                h0c530f3_0               conda-forge
2025-02-21T13:33:31.7765510Z   uri-template                   1.3.0                pyhd8ed1ab_0             conda-forge
2025-02-21T13:33:31.7765820Z   urllib3                        2.2.2                pyhd8ed1ab_0             conda-forge
2025-02-21T13:33:31.7766130Z   wcwidth                        0.2.13               pyhd8ed1ab_0             conda-forge
2025-02-21T13:33:31.7766660Z   webcolors                      24.6.0               pyhd8ed1ab_0             conda-forge
2025-02-21T13:33:31.7767000Z   webencodings                   0.5.1                pyhd8ed1ab_2             conda-forge
2025-02-21T13:33:31.7767340Z   websocket-client               1.8.0                pyhd8ed1ab_0             conda-forge
2025-02-21T13:33:31.7767700Z   wheel                          0.43.0               pyhd8ed1ab_1             conda-forge
2025-02-21T13:33:31.7768030Z   widgetsnbextension             3.6.6                pyhd8ed1ab_0             conda-forge
2025-02-21T13:33:31.7768380Z   xorg-libxau                    1.0.11               hb547adb_0               conda-forge
2025-02-21T13:33:31.7768700Z   xorg-libxdmcp                  1.1.3                h27ca646_0               conda-forge
2025-02-21T13:33:31.7769010Z   xz                             5.2.6                h57fd34a_0               conda-forge
2025-02-21T13:33:31.7769290Z   yaml                           0.2.5                h3422bc3_2               conda-forge
2025-02-21T13:33:31.7769600Z   zeromq                         4.3.5                hcc0f68c_4               conda-forge
2025-02-21T13:33:31.7769900Z   zipp                           3.19.2               pyhd8ed1ab_0             conda-forge
2025-02-21T13:33:31.7770200Z   zlib                           1.3.1                hfb2fe0b_1               conda-forge
2025-02-21T13:33:31.7770490Z   zlib-ng                        2.0.7                h1a8c8d9_0               conda-forge
2025-02-21T13:33:31.7770790Z   zstd                           1.5.6                hb46c0d2_0               conda-forge
2025-02-21T13:33:31.7771370Z ##[endgroup]
2025-02-21T13:33:31.8246190Z ##[group]Run pip install -e . --user
2025-02-21T13:33:31.8246470Z [36;1mpip install -e . --user[0m
2025-02-21T13:33:32.1819230Z shell: /bin/bash -l {0}
2025-02-21T13:33:32.1819550Z env:
2025-02-21T13:33:32.1819690Z   CACHE_NUMBER: 0
2025-02-21T13:33:32.1820180Z   PYTEST_FLAGS: --tardis-regression-data=/Users/runner/work/tardis/tardis/tardis-regression-data --cov=tardis --cov-report=xml --cov-report=html --cov-append
2025-02-21T13:33:32.1820810Z   CODECOV_TOKEN: 
2025-02-21T13:33:32.1820990Z   MAMBA_ROOT_PREFIX: /Users/runner/micromamba
2025-02-21T13:33:32.1821380Z   MAMBA_EXE: /Users/runner/micromamba-bin/micromamba
2025-02-21T13:33:32.1821670Z   CONDARC: /Users/runner/work/_temp/setup-micromamba/.condarc
2025-02-21T13:33:32.1821900Z ##[endgroup]
2025-02-21T13:33:33.3988450Z Obtaining file:///Users/runner/work/tardis/tardis
2025-02-21T13:33:33.4027470Z   Installing build dependencies: started
2025-02-21T13:33:36.0326910Z   Installing build dependencies: finished with status 'done'
2025-02-21T13:33:36.0333350Z   Checking if build backend supports build_editable: started
2025-02-21T13:33:36.1212300Z   Checking if build backend supports build_editable: finished with status 'done'
2025-02-21T13:33:36.1220350Z   Getting requirements to build editable: started
2025-02-21T13:33:36.6134200Z   Getting requirements to build editable: finished with status 'done'
2025-02-21T13:33:36.6143790Z   Preparing editable metadata (pyproject.toml): started
2025-02-21T13:33:36.9363790Z   Preparing editable metadata (pyproject.toml): finished with status 'done'
2025-02-21T13:33:36.9781710Z Requirement already satisfied: astropy in /Users/runner/micromamba/envs/tardis/lib/python3.12/site-packages (from tardis==0.0.0) (6.1.1)
2025-02-21T13:33:37.0018610Z Requirement already satisfied: numpy>=1.23 in /Users/runner/micromamba/envs/tardis/lib/python3.12/site-packages (from astropy->tardis==0.0.0) (1.26.4)
2025-02-21T13:33:37.0025760Z Requirement already satisfied: pyerfa>=2.0.1.1 in /Users/runner/micromamba/envs/tardis/lib/python3.12/site-packages (from astropy->tardis==0.0.0) (2.0.1.4)
2025-02-21T13:33:37.0032360Z Requirement already satisfied: astropy-iers-data>=0.2024.5.27.0.30.8 in /Users/runner/micromamba/envs/tardis/lib/python3.12/site-packages (from astropy->tardis==0.0.0) (0.2024.6.17.0.31.35)
2025-02-21T13:33:37.0037110Z Requirement already satisfied: PyYAML>=3.13 in /Users/runner/micromamba/envs/tardis/lib/python3.12/site-packages (from astropy->tardis==0.0.0) (6.0.1)
2025-02-21T13:33:37.0042620Z Requirement already satisfied: packaging>=19.0 in /Users/runner/micromamba/envs/tardis/lib/python3.12/site-packages (from astropy->tardis==0.0.0) (24.1)
2025-02-21T13:33:37.0095530Z Building wheels for collected packages: tardis
2025-02-21T13:33:37.0101570Z   Building editable for tardis (pyproject.toml): started
2025-02-21T13:33:37.5483700Z   Building editable for tardis (pyproject.toml): finished with status 'done'
2025-02-21T13:33:37.5490160Z   Created wheel for tardis: filename=tardis-0.0.0-0.editable-py3-none-any.whl size=8877 sha256=c9df9011a8dca1ccb62e5e097fbf7d20be052de2674266b5e0417f7af929c825
2025-02-21T13:33:37.5491090Z   Stored in directory: /private/var/folders/2s/h6hvv9ps03xgz_krkkstvq_r0000gn/T/pip-ephem-wheel-cache-oqxse2cb/wheels/bb/4f/6a/0829b918c1c10bc28535ce7f14be21eee54375bdd9cd0c306a
2025-02-21T13:33:37.5512550Z Successfully built tardis
2025-02-21T13:33:38.0574200Z Installing collected packages: tardis
2025-02-21T13:33:38.0631320Z Successfully installed tardis-0.0.0
2025-02-21T13:33:38.3327670Z ##[group]Run pip install qgridnext
2025-02-21T13:33:38.3327950Z [36;1mpip install qgridnext[0m
2025-02-21T13:33:38.3396690Z shell: /bin/bash -l {0}
2025-02-21T13:33:38.3396900Z env:
2025-02-21T13:33:38.3397060Z   CACHE_NUMBER: 0
2025-02-21T13:33:38.3397560Z   PYTEST_FLAGS: --tardis-regression-data=/Users/runner/work/tardis/tardis/tardis-regression-data --cov=tardis --cov-report=xml --cov-report=html --cov-append
2025-02-21T13:33:38.3398090Z   CODECOV_TOKEN: 
2025-02-21T13:33:38.3398310Z   MAMBA_ROOT_PREFIX: /Users/runner/micromamba
2025-02-21T13:33:38.3398570Z   MAMBA_EXE: /Users/runner/micromamba-bin/micromamba
2025-02-21T13:33:38.3398870Z   CONDARC: /Users/runner/work/_temp/setup-micromamba/.condarc
2025-02-21T13:33:38.3399120Z ##[endgroup]
2025-02-21T13:33:38.8870050Z Collecting qgridnext
2025-02-21T13:33:38.9323780Z   Downloading qgridnext-2.0.4-py3-none-any.whl.metadata (9.9 kB)
2025-02-21T13:33:38.9534190Z Requirement already satisfied: pandas>=0.20.0 in /Users/runner/micromamba/envs/tardis/lib/python3.12/site-packages (from qgridnext) (2.2.2)
2025-02-21T13:33:38.9539670Z Requirement already satisfied: ipywidgets>=7.0.0 in /Users/runner/micromamba/envs/tardis/lib/python3.12/site-packages (from qgridnext) (7.8.0)
2025-02-21T13:33:38.9545930Z Requirement already satisfied: numpy in /Users/runner/micromamba/envs/tardis/lib/python3.12/site-packages (from qgridnext) (1.26.4)
2025-02-21T13:33:38.9552270Z Requirement already satisfied: traitlets in /Users/runner/micromamba/envs/tardis/lib/python3.12/site-packages (from qgridnext) (5.14.3)
2025-02-21T13:33:38.9601590Z Requirement already satisfied: comm>=0.1.3 in /Users/runner/micromamba/envs/tardis/lib/python3.12/site-packages (from ipywidgets>=7.0.0->qgridnext) (0.2.2)
2025-02-21T13:33:38.9606400Z Requirement already satisfied: ipython-genutils~=0.2.0 in /Users/runner/micromamba/envs/tardis/lib/python3.12/site-packages (from ipywidgets>=7.0.0->qgridnext) (0.2.0)
2025-02-21T13:33:38.9614870Z Requirement already satisfied: widgetsnbextension~=3.6.5 in /Users/runner/micromamba/envs/tardis/lib/python3.12/site-packages (from ipywidgets>=7.0.0->qgridnext) (3.6.6)
2025-02-21T13:33:38.9623190Z Requirement already satisfied: ipython>=4.0.0 in /Users/runner/micromamba/envs/tardis/lib/python3.12/site-packages (from ipywidgets>=7.0.0->qgridnext) (8.25.0)
2025-02-21T13:33:38.9631560Z Requirement already satisfied: jupyterlab-widgets<3,>=1.0.0 in /Users/runner/micromamba/envs/tardis/lib/python3.12/site-packages (from ipywidgets>=7.0.0->qgridnext) (1.1.7)
2025-02-21T13:33:38.9895330Z Requirement already satisfied: python-dateutil>=2.8.2 in /Users/runner/micromamba/envs/tardis/lib/python3.12/site-packages (from pandas>=0.20.0->qgridnext) (2.9.0)
2025-02-21T13:33:38.9903960Z Requirement already satisfied: pytz>=2020.1 in /Users/runner/micromamba/envs/tardis/lib/python3.12/site-packages (from pandas>=0.20.0->qgridnext) (2024.1)
2025-02-21T13:33:38.9909530Z Requirement already satisfied: tzdata>=2022.7 in /Users/runner/micromamba/envs/tardis/lib/python3.12/site-packages (from pandas>=0.20.0->qgridnext) (2024.1)
2025-02-21T13:33:39.0097380Z Requirement already satisfied: decorator in /Users/runner/micromamba/envs/tardis/lib/python3.12/site-packages (from ipython>=4.0.0->ipywidgets>=7.0.0->qgridnext) (5.1.1)
2025-02-21T13:33:39.0107820Z Requirement already satisfied: jedi>=0.16 in /Users/runner/micromamba/envs/tardis/lib/python3.12/site-packages (from ipython>=4.0.0->ipywidgets>=7.0.0->qgridnext) (0.19.1)
2025-02-21T13:33:39.0113070Z Requirement already satisfied: matplotlib-inline in /Users/runner/micromamba/envs/tardis/lib/python3.12/site-packages (from ipython>=4.0.0->ipywidgets>=7.0.0->qgridnext) (0.1.7)
2025-02-21T13:33:39.0118900Z Requirement already satisfied: prompt-toolkit<3.1.0,>=3.0.41 in /Users/runner/micromamba/envs/tardis/lib/python3.12/site-packages (from ipython>=4.0.0->ipywidgets>=7.0.0->qgridnext) (3.0.47)
2025-02-21T13:33:39.0124660Z Requirement already satisfied: pygments>=2.4.0 in /Users/runner/micromamba/envs/tardis/lib/python3.12/site-packages (from ipython>=4.0.0->ipywidgets>=7.0.0->qgridnext) (2.18.0)
2025-02-21T13:33:39.0130110Z Requirement already satisfied: stack-data in /Users/runner/micromamba/envs/tardis/lib/python3.12/site-packages (from ipython>=4.0.0->ipywidgets>=7.0.0->qgridnext) (0.6.2)
2025-02-21T13:33:39.0141830Z Requirement already satisfied: pexpect>4.3 in /Users/runner/micromamba/envs/tardis/lib/python3.12/site-packages (from ipython>=4.0.0->ipywidgets>=7.0.0->qgridnext) (4.9.0)
2025-02-21T13:33:39.0168730Z Requirement already satisfied: six>=1.5 in /Users/runner/micromamba/envs/tardis/lib/python3.12/site-packages (from python-dateutil>=2.8.2->pandas>=0.20.0->qgridnext) (1.16.0)
2025-02-21T13:33:39.0206830Z Requirement already satisfied: notebook>=4.4.1 in /Users/runner/micromamba/envs/tardis/lib/python3.12/site-packages (from widgetsnbextension~=3.6.5->ipywidgets>=7.0.0->qgridnext) (7.2.1)
2025-02-21T13:33:39.0323620Z Requirement already satisfied: parso<0.9.0,>=0.8.3 in /Users/runner/micromamba/envs/tardis/lib/python3.12/site-packages (from jedi>=0.16->ipython>=4.0.0->ipywidgets>=7.0.0->qgridnext) (0.8.4)
2025-02-21T13:33:39.0411320Z Requirement already satisfied: jupyter-server<3,>=2.4.0 in /Users/runner/micromamba/envs/tardis/lib/python3.12/site-packages (from notebook>=4.4.1->widgetsnbextension~=3.6.5->ipywidgets>=7.0.0->qgridnext) (2.14.1)
2025-02-21T13:33:39.0513500Z Requirement already satisfied: jupyterlab-server<3,>=2.27.1 in /Users/runner/micromamba/envs/tardis/lib/python3.12/site-packages (from notebook>=4.4.1->widgetsnbextension~=3.6.5->ipywidgets>=7.0.0->qgridnext) (2.27.2)
2025-02-21T13:33:39.0532600Z Requirement already satisfied: jupyterlab<4.3,>=4.2.0 in /Users/runner/micromamba/envs/tardis/lib/python3.12/site-packages (from notebook>=4.4.1->widgetsnbextension~=3.6.5->ipywidgets>=7.0.0->qgridnext) (4.2.2)
2025-02-21T13:33:39.0546550Z Requirement already satisfied: notebook-shim<0.3,>=0.2 in /Users/runner/micromamba/envs/tardis/lib/python3.12/site-packages (from notebook>=4.4.1->widgetsnbextension~=3.6.5->ipywidgets>=7.0.0->qgridnext) (0.2.4)
2025-02-21T13:33:39.0560440Z Requirement already satisfied: tornado>=6.2.0 in /Users/runner/micromamba/envs/tardis/lib/python3.12/site-packages (from notebook>=4.4.1->widgetsnbextension~=3.6.5->ipywidgets>=7.0.0->qgridnext) (6.4.1)
2025-02-21T13:33:39.0598330Z Requirement already satisfied: ptyprocess>=0.5 in /Users/runner/micromamba/envs/tardis/lib/python3.12/site-packages (from pexpect>4.3->ipython>=4.0.0->ipywidgets>=7.0.0->qgridnext) (0.7.0)
2025-02-21T13:33:39.0600870Z Requirement already satisfied: wcwidth in /Users/runner/micromamba/envs/tardis/lib/python3.12/site-packages (from prompt-toolkit<3.1.0,>=3.0.41->ipython>=4.0.0->ipywidgets>=7.0.0->qgridnext) (0.2.13)
2025-02-21T13:33:39.0602000Z Requirement already satisfied: executing>=1.2.0 in /Users/runner/micromamba/envs/tardis/lib/python3.12/site-packages (from stack-data->ipython>=4.0.0->ipywidgets>=7.0.0->qgridnext) (2.0.1)
2025-02-21T13:33:39.0604810Z Requirement already satisfied: asttokens>=2.1.0 in /Users/runner/micromamba/envs/tardis/lib/python3.12/site-packages (from stack-data->ipython>=4.0.0->ipywidgets>=7.0.0->qgridnext) (2.4.1)
2025-02-21T13:33:39.0605910Z Requirement already satisfied: pure-eval in /Users/runner/micromamba/envs/tardis/lib/python3.12/site-packages (from stack-data->ipython>=4.0.0->ipywidgets>=7.0.0->qgridnext) (0.2.2)
2025-02-21T13:33:39.0807480Z Requirement already satisfied: anyio>=3.1.0 in /Users/runner/micromamba/envs/tardis/lib/python3.12/site-packages (from jupyter-server<3,>=2.4.0->notebook>=4.4.1->widgetsnbextension~=3.6.5->ipywidgets>=7.0.0->qgridnext) (4.4.0)
2025-02-21T13:33:39.0813780Z Requirement already satisfied: argon2-cffi>=21.1 in /Users/runner/micromamba/envs/tardis/lib/python3.12/site-packages (from jupyter-server<3,>=2.4.0->notebook>=4.4.1->widgetsnbextension~=3.6.5->ipywidgets>=7.0.0->qgridnext) (23.1.0)
2025-02-21T13:33:39.0819170Z Requirement already satisfied: jinja2>=3.0.3 in /Users/runner/micromamba/envs/tardis/lib/python3.12/site-packages (from jupyter-server<3,>=2.4.0->notebook>=4.4.1->widgetsnbextension~=3.6.5->ipywidgets>=7.0.0->qgridnext) (3.1.4)
2025-02-21T13:33:39.0826760Z Requirement already satisfied: jupyter-client>=7.4.4 in /Users/runner/micromamba/envs/tardis/lib/python3.12/site-packages (from jupyter-server<3,>=2.4.0->notebook>=4.4.1->widgetsnbextension~=3.6.5->ipywidgets>=7.0.0->qgridnext) (8.6.2)
2025-02-21T13:33:39.0834720Z Requirement already satisfied: jupyter-core!=5.0.*,>=4.12 in /Users/runner/micromamba/envs/tardis/lib/python3.12/site-packages (from jupyter-server<3,>=2.4.0->notebook>=4.4.1->widgetsnbextension~=3.6.5->ipywidgets>=7.0.0->qgridnext) (5.7.2)
2025-02-21T13:33:39.0842490Z Requirement already satisfied: jupyter-events>=0.9.0 in /Users/runner/micromamba/envs/tardis/lib/python3.12/site-packages (from jupyter-server<3,>=2.4.0->notebook>=4.4.1->widgetsnbextension~=3.6.5->ipywidgets>=7.0.0->qgridnext) (0.10.0)
2025-02-21T13:33:39.0849890Z Requirement already satisfied: jupyter-server-terminals>=0.4.4 in /Users/runner/micromamba/envs/tardis/lib/python3.12/site-packages (from jupyter-server<3,>=2.4.0->notebook>=4.4.1->widgetsnbextension~=3.6.5->ipywidgets>=7.0.0->qgridnext) (0.5.3)
2025-02-21T13:33:39.0860960Z Requirement already satisfied: nbconvert>=6.4.4 in /Users/runner/micromamba/envs/tardis/lib/python3.12/site-packages (from jupyter-server<3,>=2.4.0->notebook>=4.4.1->widgetsnbextension~=3.6.5->ipywidgets>=7.0.0->qgridnext) (7.16.4)
2025-02-21T13:33:39.0867960Z Requirement already satisfied: nbformat>=5.3.0 in /Users/runner/micromamba/envs/tardis/lib/python3.12/site-packages (from jupyter-server<3,>=2.4.0->notebook>=4.4.1->widgetsnbextension~=3.6.5->ipywidgets>=7.0.0->qgridnext) (5.10.4)
2025-02-21T13:33:39.0873720Z Requirement already satisfied: overrides>=5.0 in /Users/runner/micromamba/envs/tardis/lib/python3.12/site-packages (from jupyter-server<3,>=2.4.0->notebook>=4.4.1->widgetsnbextension~=3.6.5->ipywidgets>=7.0.0->qgridnext) (7.7.0)
2025-02-21T13:33:39.0879540Z Requirement already satisfied: packaging>=22.0 in /Users/runner/micromamba/envs/tardis/lib/python3.12/site-packages (from jupyter-server<3,>=2.4.0->notebook>=4.4.1->widgetsnbextension~=3.6.5->ipywidgets>=7.0.0->qgridnext) (24.1)
2025-02-21T13:33:39.0884740Z Requirement already satisfied: prometheus-client>=0.9 in /Users/runner/micromamba/envs/tardis/lib/python3.12/site-packages (from jupyter-server<3,>=2.4.0->notebook>=4.4.1->widgetsnbextension~=3.6.5->ipywidgets>=7.0.0->qgridnext) (0.20.0)
2025-02-21T13:33:39.0892350Z Requirement already satisfied: pyzmq>=24 in /Users/runner/micromamba/envs/tardis/lib/python3.12/site-packages (from jupyter-server<3,>=2.4.0->notebook>=4.4.1->widgetsnbextension~=3.6.5->ipywidgets>=7.0.0->qgridnext) (26.0.3)
2025-02-21T13:33:39.0898030Z Requirement already satisfied: send2trash>=1.8.2 in /Users/runner/micromamba/envs/tardis/lib/python3.12/site-packages (from jupyter-server<3,>=2.4.0->notebook>=4.4.1->widgetsnbextension~=3.6.5->ipywidgets>=7.0.0->qgridnext) (1.8.3)
2025-02-21T13:33:39.0905730Z Requirement already satisfied: terminado>=0.8.3 in /Users/runner/micromamba/envs/tardis/lib/python3.12/site-packages (from jupyter-server<3,>=2.4.0->notebook>=4.4.1->widgetsnbextension~=3.6.5->ipywidgets>=7.0.0->qgridnext) (0.18.1)
2025-02-21T13:33:39.0916640Z Requirement already satisfied: websocket-client>=1.7 in /Users/runner/micromamba/envs/tardis/lib/python3.12/site-packages (from jupyter-server<3,>=2.4.0->notebook>=4.4.1->widgetsnbextension~=3.6.5->ipywidgets>=7.0.0->qgridnext) (1.8.0)
2025-02-21T13:33:39.1117500Z Requirement already satisfied: async-lru>=1.0.0 in /Users/runner/micromamba/envs/tardis/lib/python3.12/site-packages (from jupyterlab<4.3,>=4.2.0->notebook>=4.4.1->widgetsnbextension~=3.6.5->ipywidgets>=7.0.0->qgridnext) (2.0.4)
2025-02-21T13:33:39.1126320Z Requirement already satisfied: httpx>=0.25.0 in /Users/runner/micromamba/envs/tardis/lib/python3.12/site-packages (from jupyterlab<4.3,>=4.2.0->notebook>=4.4.1->widgetsnbextension~=3.6.5->ipywidgets>=7.0.0->qgridnext) (0.27.0)
2025-02-21T13:33:39.1137560Z Requirement already satisfied: ipykernel>=6.5.0 in /Users/runner/micromamba/envs/tardis/lib/python3.12/site-packages (from jupyterlab<4.3,>=4.2.0->notebook>=4.4.1->widgetsnbextension~=3.6.5->ipywidgets>=7.0.0->qgridnext) (6.29.4)
2025-02-21T13:33:39.1148700Z Requirement already satisfied: jupyter-lsp>=2.0.0 in /Users/runner/micromamba/envs/tardis/lib/python3.12/site-packages (from jupyterlab<4.3,>=4.2.0->notebook>=4.4.1->widgetsnbextension~=3.6.5->ipywidgets>=7.0.0->qgridnext) (2.2.5)
2025-02-21T13:33:39.1172010Z Requirement already satisfied: setuptools>=40.1.0 in /Users/runner/micromamba/envs/tardis/lib/python3.12/site-packages (from jupyterlab<4.3,>=4.2.0->notebook>=4.4.1->widgetsnbextension~=3.6.5->ipywidgets>=7.0.0->qgridnext) (70.0.0)
2025-02-21T13:33:39.1312730Z Requirement already satisfied: babel>=2.10 in /Users/runner/micromamba/envs/tardis/lib/python3.12/site-packages (from jupyterlab-server<3,>=2.27.1->notebook>=4.4.1->widgetsnbextension~=3.6.5->ipywidgets>=7.0.0->qgridnext) (2.14.0)
2025-02-21T13:33:39.1336350Z Requirement already satisfied: json5>=0.9.0 in /Users/runner/micromamba/envs/tardis/lib/python3.12/site-packages (from jupyterlab-server<3,>=2.27.1->notebook>=4.4.1->widgetsnbextension~=3.6.5->ipywidgets>=7.0.0->qgridnext) (0.9.25)
2025-02-21T13:33:39.1344100Z Requirement already satisfied: jsonschema>=4.18.0 in /Users/runner/micromamba/envs/tardis/lib/python3.12/site-packages (from jupyterlab-server<3,>=2.27.1->notebook>=4.4.1->widgetsnbextension~=3.6.5->ipywidgets>=7.0.0->qgridnext) (4.22.0)
2025-02-21T13:33:39.1356330Z Requirement already satisfied: requests>=2.31 in /Users/runner/micromamba/envs/tardis/lib/python3.12/site-packages (from jupyterlab-server<3,>=2.27.1->notebook>=4.4.1->widgetsnbextension~=3.6.5->ipywidgets>=7.0.0->qgridnext) (2.32.3)
2025-02-21T13:33:39.1582610Z Requirement already satisfied: idna>=2.8 in /Users/runner/micromamba/envs/tardis/lib/python3.12/site-packages (from anyio>=3.1.0->jupyter-server<3,>=2.4.0->notebook>=4.4.1->widgetsnbextension~=3.6.5->ipywidgets>=7.0.0->qgridnext) (3.7)
2025-02-21T13:33:39.1587190Z Requirement already satisfied: sniffio>=1.1 in /Users/runner/micromamba/envs/tardis/lib/python3.12/site-packages (from anyio>=3.1.0->jupyter-server<3,>=2.4.0->notebook>=4.4.1->widgetsnbextension~=3.6.5->ipywidgets>=7.0.0->qgridnext) (1.3.1)
2025-02-21T13:33:39.1646740Z Requirement already satisfied: argon2-cffi-bindings in /Users/runner/micromamba/envs/tardis/lib/python3.12/site-packages (from argon2-cffi>=21.1->jupyter-server<3,>=2.4.0->notebook>=4.4.1->widgetsnbextension~=3.6.5->ipywidgets>=7.0.0->qgridnext) (21.2.0)
2025-02-21T13:33:39.1748690Z Requirement already satisfied: certifi in /Users/runner/micromamba/envs/tardis/lib/python3.12/site-packages (from httpx>=0.25.0->jupyterlab<4.3,>=4.2.0->notebook>=4.4.1->widgetsnbextension~=3.6.5->ipywidgets>=7.0.0->qgridnext) (2024.6.2)
2025-02-21T13:33:39.1757340Z Requirement already satisfied: httpcore==1.* in /Users/runner/micromamba/envs/tardis/lib/python3.12/site-packages (from httpx>=0.25.0->jupyterlab<4.3,>=4.2.0->notebook>=4.4.1->widgetsnbextension~=3.6.5->ipywidgets>=7.0.0->qgridnext) (1.0.5)
2025-02-21T13:33:39.1803530Z Requirement already satisfied: h11<0.15,>=0.13 in /Users/runner/micromamba/envs/tardis/lib/python3.12/site-packages (from httpcore==1.*->httpx>=0.25.0->jupyterlab<4.3,>=4.2.0->notebook>=4.4.1->widgetsnbextension~=3.6.5->ipywidgets>=7.0.0->qgridnext) (0.14.0)
2025-02-21T13:33:39.1912140Z Requirement already satisfied: appnope in /Users/runner/micromamba/envs/tardis/lib/python3.12/site-packages (from ipykernel>=6.5.0->jupyterlab<4.3,>=4.2.0->notebook>=4.4.1->widgetsnbextension~=3.6.5->ipywidgets>=7.0.0->qgridnext) (0.1.4)
2025-02-21T13:33:39.1918910Z Requirement already satisfied: debugpy>=1.6.5 in /Users/runner/micromamba/envs/tardis/lib/python3.12/site-packages (from ipykernel>=6.5.0->jupyterlab<4.3,>=4.2.0->notebook>=4.4.1->widgetsnbextension~=3.6.5->ipywidgets>=7.0.0->qgridnext) (1.8.1)
2025-02-21T13:33:39.1931910Z Requirement already satisfied: nest-asyncio in /Users/runner/micromamba/envs/tardis/lib/python3.12/site-packages (from ipykernel>=6.5.0->jupyterlab<4.3,>=4.2.0->notebook>=4.4.1->widgetsnbextension~=3.6.5->ipywidgets>=7.0.0->qgridnext) (1.6.0)
2025-02-21T13:33:39.1941710Z Requirement already satisfied: psutil in /Users/runner/micromamba/envs/tardis/lib/python3.12/site-packages (from ipykernel>=6.5.0->jupyterlab<4.3,>=4.2.0->notebook>=4.4.1->widgetsnbextension~=3.6.5->ipywidgets>=7.0.0->qgridnext) (5.9.8)
2025-02-21T13:33:39.1981510Z Requirement already satisfied: MarkupSafe>=2.0 in /Users/runner/micromamba/envs/tardis/lib/python3.12/site-packages (from jinja2>=3.0.3->jupyter-server<3,>=2.4.0->notebook>=4.4.1->widgetsnbextension~=3.6.5->ipywidgets>=7.0.0->qgridnext) (2.1.5)
2025-02-21T13:33:39.2098510Z Requirement already satisfied: attrs>=22.2.0 in /Users/runner/micromamba/envs/tardis/lib/python3.12/site-packages (from jsonschema>=4.18.0->jupyterlab-server<3,>=2.27.1->notebook>=4.4.1->widgetsnbextension~=3.6.5->ipywidgets>=7.0.0->qgridnext) (23.2.0)
2025-02-21T13:33:39.2104320Z Requirement already satisfied: jsonschema-specifications>=2023.03.6 in /Users/runner/micromamba/envs/tardis/lib/python3.12/site-packages (from jsonschema>=4.18.0->jupyterlab-server<3,>=2.27.1->notebook>=4.4.1->widgetsnbextension~=3.6.5->ipywidgets>=7.0.0->qgridnext) (2023.12.1)
2025-02-21T13:33:39.2110110Z Requirement already satisfied: referencing>=0.28.4 in /Users/runner/micromamba/envs/tardis/lib/python3.12/site-packages (from jsonschema>=4.18.0->jupyterlab-server<3,>=2.27.1->notebook>=4.4.1->widgetsnbextension~=3.6.5->ipywidgets>=7.0.0->qgridnext) (0.35.1)
2025-02-21T13:33:39.2116500Z Requirement already satisfied: rpds-py>=0.7.1 in /Users/runner/micromamba/envs/tardis/lib/python3.12/site-packages (from jsonschema>=4.18.0->jupyterlab-server<3,>=2.27.1->notebook>=4.4.1->widgetsnbextension~=3.6.5->ipywidgets>=7.0.0->qgridnext) (0.18.1)
2025-02-21T13:33:39.2288950Z Requirement already satisfied: platformdirs>=2.5 in /Users/runner/micromamba/envs/tardis/lib/python3.12/site-packages (from jupyter-core!=5.0.*,>=4.12->jupyter-server<3,>=2.4.0->notebook>=4.4.1->widgetsnbextension~=3.6.5->ipywidgets>=7.0.0->qgridnext) (4.2.2)
2025-02-21T13:33:39.2425470Z Requirement already satisfied: python-json-logger>=2.0.4 in /Users/runner/micromamba/envs/tardis/lib/python3.12/site-packages (from jupyter-events>=0.9.0->jupyter-server<3,>=2.4.0->notebook>=4.4.1->widgetsnbextension~=3.6.5->ipywidgets>=7.0.0->qgridnext) (2.0.7)
2025-02-21T13:33:39.2431370Z Requirement already satisfied: pyyaml>=5.3 in /Users/runner/micromamba/envs/tardis/lib/python3.12/site-packages (from jupyter-events>=0.9.0->jupyter-server<3,>=2.4.0->notebook>=4.4.1->widgetsnbextension~=3.6.5->ipywidgets>=7.0.0->qgridnext) (6.0.1)
2025-02-21T13:33:39.2436530Z Requirement already satisfied: rfc3339-validator in /Users/runner/micromamba/envs/tardis/lib/python3.12/site-packages (from jupyter-events>=0.9.0->jupyter-server<3,>=2.4.0->notebook>=4.4.1->widgetsnbextension~=3.6.5->ipywidgets>=7.0.0->qgridnext) (0.1.4)
2025-02-21T13:33:39.2441920Z Requirement already satisfied: rfc3986-validator>=0.1.1 in /Users/runner/micromamba/envs/tardis/lib/python3.12/site-packages (from jupyter-events>=0.9.0->jupyter-server<3,>=2.4.0->notebook>=4.4.1->widgetsnbextension~=3.6.5->ipywidgets>=7.0.0->qgridnext) (0.1.1)
2025-02-21T13:33:39.2704940Z Requirement already satisfied: beautifulsoup4 in /Users/runner/micromamba/envs/tardis/lib/python3.12/site-packages (from nbconvert>=6.4.4->jupyter-server<3,>=2.4.0->notebook>=4.4.1->widgetsnbextension~=3.6.5->ipywidgets>=7.0.0->qgridnext) (4.12.3)
2025-02-21T13:33:39.2717180Z Requirement already satisfied: bleach!=5.0.0 in /Users/runner/micromamba/envs/tardis/lib/python3.12/site-packages (from nbconvert>=6.4.4->jupyter-server<3,>=2.4.0->notebook>=4.4.1->widgetsnbextension~=3.6.5->ipywidgets>=7.0.0->qgridnext) (6.1.0)
2025-02-21T13:33:39.2726010Z Requirement already satisfied: defusedxml in /Users/runner/micromamba/envs/tardis/lib/python3.12/site-packages (from nbconvert>=6.4.4->jupyter-server<3,>=2.4.0->notebook>=4.4.1->widgetsnbextension~=3.6.5->ipywidgets>=7.0.0->qgridnext) (0.7.1)
2025-02-21T13:33:39.2736620Z Requirement already satisfied: jupyterlab-pygments in /Users/runner/micromamba/envs/tardis/lib/python3.12/site-packages (from nbconvert>=6.4.4->jupyter-server<3,>=2.4.0->notebook>=4.4.1->widgetsnbextension~=3.6.5->ipywidgets>=7.0.0->qgridnext) (0.3.0)
2025-02-21T13:33:39.2744210Z Requirement already satisfied: mistune<4,>=2.0.3 in /Users/runner/micromamba/envs/tardis/lib/python3.12/site-packages (from nbconvert>=6.4.4->jupyter-server<3,>=2.4.0->notebook>=4.4.1->widgetsnbextension~=3.6.5->ipywidgets>=7.0.0->qgridnext) (3.0.2)
2025-02-21T13:33:39.2751240Z Requirement already satisfied: nbclient>=0.5.0 in /Users/runner/micromamba/envs/tardis/lib/python3.12/site-packages (from nbconvert>=6.4.4->jupyter-server<3,>=2.4.0->notebook>=4.4.1->widgetsnbextension~=3.6.5->ipywidgets>=7.0.0->qgridnext) (0.10.0)
2025-02-21T13:33:39.2760790Z Requirement already satisfied: pandocfilters>=1.4.1 in /Users/runner/micromamba/envs/tardis/lib/python3.12/site-packages (from nbconvert>=6.4.4->jupyter-server<3,>=2.4.0->notebook>=4.4.1->widgetsnbextension~=3.6.5->ipywidgets>=7.0.0->qgridnext) (1.5.0)
2025-02-21T13:33:39.2766440Z Requirement already satisfied: tinycss2 in /Users/runner/micromamba/envs/tardis/lib/python3.12/site-packages (from nbconvert>=6.4.4->jupyter-server<3,>=2.4.0->notebook>=4.4.1->widgetsnbextension~=3.6.5->ipywidgets>=7.0.0->qgridnext) (1.3.0)
2025-02-21T13:33:39.2835030Z Requirement already satisfied: fastjsonschema>=2.15 in /Users/runner/micromamba/envs/tardis/lib/python3.12/site-packages (from nbformat>=5.3.0->jupyter-server<3,>=2.4.0->notebook>=4.4.1->widgetsnbextension~=3.6.5->ipywidgets>=7.0.0->qgridnext) (2.20.0)
2025-02-21T13:33:39.3014550Z Requirement already satisfied: charset-normalizer<4,>=2 in /Users/runner/micromamba/envs/tardis/lib/python3.12/site-packages (from requests>=2.31->jupyterlab-server<3,>=2.27.1->notebook>=4.4.1->widgetsnbextension~=3.6.5->ipywidgets>=7.0.0->qgridnext) (3.3.2)
2025-02-21T13:33:39.3022880Z Requirement already satisfied: urllib3<3,>=1.21.1 in /Users/runner/micromamba/envs/tardis/lib/python3.12/site-packages (from requests>=2.31->jupyterlab-server<3,>=2.27.1->notebook>=4.4.1->widgetsnbextension~=3.6.5->ipywidgets>=7.0.0->qgridnext) (2.2.2)
2025-02-21T13:33:39.3532460Z Requirement already satisfied: webencodings in /Users/runner/micromamba/envs/tardis/lib/python3.12/site-packages (from bleach!=5.0.0->nbconvert>=6.4.4->jupyter-server<3,>=2.4.0->notebook>=4.4.1->widgetsnbextension~=3.6.5->ipywidgets>=7.0.0->qgridnext) (0.5.1)
2025-02-21T13:33:39.3882980Z Requirement already satisfied: fqdn in /Users/runner/micromamba/envs/tardis/lib/python3.12/site-packages (from jsonschema[format-nongpl]>=4.18.0->jupyter-events>=0.9.0->jupyter-server<3,>=2.4.0->notebook>=4.4.1->widgetsnbextension~=3.6.5->ipywidgets>=7.0.0->qgridnext) (1.5.1)
2025-02-21T13:33:39.3892350Z Requirement already satisfied: isoduration in /Users/runner/micromamba/envs/tardis/lib/python3.12/site-packages (from jsonschema[format-nongpl]>=4.18.0->jupyter-events>=0.9.0->jupyter-server<3,>=2.4.0->notebook>=4.4.1->widgetsnbextension~=3.6.5->ipywidgets>=7.0.0->qgridnext) (20.11.0)
2025-02-21T13:33:39.3900480Z Requirement already satisfied: jsonpointer>1.13 in /Users/runner/micromamba/envs/tardis/lib/python3.12/site-packages (from jsonschema[format-nongpl]>=4.18.0->jupyter-events>=0.9.0->jupyter-server<3,>=2.4.0->notebook>=4.4.1->widgetsnbextension~=3.6.5->ipywidgets>=7.0.0->qgridnext) (3.0.0)
2025-02-21T13:33:39.3913230Z Requirement already satisfied: uri-template in /Users/runner/micromamba/envs/tardis/lib/python3.12/site-packages (from jsonschema[format-nongpl]>=4.18.0->jupyter-events>=0.9.0->jupyter-server<3,>=2.4.0->notebook>=4.4.1->widgetsnbextension~=3.6.5->ipywidgets>=7.0.0->qgridnext) (1.3.0)
2025-02-21T13:33:39.3920650Z Requirement already satisfied: webcolors>=1.11 in /Users/runner/micromamba/envs/tardis/lib/python3.12/site-packages (from jsonschema[format-nongpl]>=4.18.0->jupyter-events>=0.9.0->jupyter-server<3,>=2.4.0->notebook>=4.4.1->widgetsnbextension~=3.6.5->ipywidgets>=7.0.0->qgridnext) (24.6.0)
2025-02-21T13:33:39.4599240Z Requirement already satisfied: cffi>=1.0.1 in /Users/runner/micromamba/envs/tardis/lib/python3.12/site-packages (from argon2-cffi-bindings->argon2-cffi>=21.1->jupyter-server<3,>=2.4.0->notebook>=4.4.1->widgetsnbextension~=3.6.5->ipywidgets>=7.0.0->qgridnext) (1.16.0)
2025-02-21T13:33:39.4669600Z Requirement already satisfied: soupsieve>1.2 in /Users/runner/micromamba/envs/tardis/lib/python3.12/site-packages (from beautifulsoup4->nbconvert>=6.4.4->jupyter-server<3,>=2.4.0->notebook>=4.4.1->widgetsnbextension~=3.6.5->ipywidgets>=7.0.0->qgridnext) (2.5)
2025-02-21T13:33:39.5053770Z Requirement already satisfied: pycparser in /Users/runner/micromamba/envs/tardis/lib/python3.12/site-packages (from cffi>=1.0.1->argon2-cffi-bindings->argon2-cffi>=21.1->jupyter-server<3,>=2.4.0->notebook>=4.4.1->widgetsnbextension~=3.6.5->ipywidgets>=7.0.0->qgridnext) (2.22)
2025-02-21T13:33:39.5480270Z Requirement already satisfied: arrow>=0.15.0 in /Users/runner/micromamba/envs/tardis/lib/python3.12/site-packages (from isoduration->jsonschema[format-nongpl]>=4.18.0->jupyter-events>=0.9.0->jupyter-server<3,>=2.4.0->notebook>=4.4.1->widgetsnbextension~=3.6.5->ipywidgets>=7.0.0->qgridnext) (1.3.0)
2025-02-21T13:33:39.5595470Z Requirement already satisfied: types-python-dateutil>=2.8.10 in /Users/runner/micromamba/envs/tardis/lib/python3.12/site-packages (from arrow>=0.15.0->isoduration->jsonschema[format-nongpl]>=4.18.0->jupyter-events>=0.9.0->jupyter-server<3,>=2.4.0->notebook>=4.4.1->widgetsnbextension~=3.6.5->ipywidgets>=7.0.0->qgridnext) (2.9.0.20240316)
2025-02-21T13:33:39.5858900Z Downloading qgridnext-2.0.4-py3-none-any.whl (1.3 MB)
2025-02-21T13:33:39.6518020Z    â”â”â”â”â”â”â”â”â”â”â”â”â”â”â”â”â”â”â”â”â”â”â”â”â”â”â”â”â”â”â”â”â”â”â”â”â”â”â”â” 1.3/1.3 MB 19.4 MB/s eta 0:00:00
2025-02-21T13:33:40.1937250Z Installing collected packages: qgridnext
2025-02-21T13:33:40.2392180Z Successfully installed qgridnext-2.0.4
2025-02-21T13:33:40.4376140Z ##[group]Run pytest tardis --tardis-regression-data=/Users/runner/work/tardis/tardis/tardis-regression-data --cov=tardis --cov-report=xml --cov-report=html --cov-append -m "not continuum"
2025-02-21T13:33:40.4377170Z [36;1mpytest tardis --tardis-regression-data=/Users/runner/work/tardis/tardis/tardis-regression-data --cov=tardis --cov-report=xml --cov-report=html --cov-append -m "not continuum"[0m
2025-02-21T13:33:40.4432610Z shell: /bin/bash -l {0}
2025-02-21T13:33:40.4432820Z env:
2025-02-21T13:33:40.4432960Z   CACHE_NUMBER: 0
2025-02-21T13:33:40.4433470Z   PYTEST_FLAGS: --tardis-regression-data=/Users/runner/work/tardis/tardis/tardis-regression-data --cov=tardis --cov-report=xml --cov-report=html --cov-append
2025-02-21T13:33:40.4433970Z   CODECOV_TOKEN: 
2025-02-21T13:33:40.4434160Z   MAMBA_ROOT_PREFIX: /Users/runner/micromamba
2025-02-21T13:33:40.4434420Z   MAMBA_EXE: /Users/runner/micromamba-bin/micromamba
2025-02-21T13:33:40.4434960Z   CONDARC: /Users/runner/work/_temp/setup-micromamba/.condarc
2025-02-21T13:33:40.4435310Z ##[endgroup]
2025-02-21T13:33:51.7868610Z ============================= test session starts ==============================
2025-02-21T13:33:51.7869110Z platform darwin -- Python 3.12.4, pytest-8.2.2, pluggy-1.5.0
2025-02-21T13:33:51.7869500Z rootdir: /Users/runner/work/tardis/tardis
2025-02-21T13:33:51.7869790Z configfile: pyproject.toml
2025-02-21T13:33:51.7870180Z plugins: cov-5.0.0, html-4.1.1, metadata-3.1.1, doctestplus-1.2.1, anyio-4.4.0
2025-02-21T13:33:51.7870760Z collected 1796 items / 2 deselected / 1794 selected
2025-02-21T13:33:51.7870930Z 
2025-02-21T13:33:54.5940030Z tardis/energy_input/tests/test_energy_source.py ..xxx                    [  0%]
2025-02-21T13:33:56.6685520Z tardis/energy_input/tests/test_gamma_ray_channel.py ...........          [  0%]
2025-02-21T13:33:57.6693320Z tardis/energy_input/tests/test_gamma_ray_grid.py xx.                     [  1%]
2025-02-21T13:33:58.7148990Z tardis/energy_input/tests/test_gamma_ray_interactions.py xx....          [  1%]
2025-02-21T13:33:58.7211630Z tardis/energy_input/tests/test_gamma_ray_packet_source.py sssssssss      [  1%]
2025-02-21T13:33:59.5978090Z tardis/energy_input/tests/test_util.py .....xxxx.....                    [  2%]
2025-02-21T13:33:59.8596820Z tardis/grid/tests/test_grid.py .                                         [  2%]
2025-02-21T13:33:59.8605930Z tardis/gui/tests/test_gui.py s                                           [  2%]
2025-02-21T13:34:02.8228510Z tardis/io/configuration/tests/test_config_reader.py ...........          [  3%]
2025-02-21T13:34:02.8330950Z tardis/io/configuration/tests/test_configuration_namespace.py .........  [  3%]
2025-02-21T13:34:02.8507130Z tardis/io/logger/tests/test_logging.py ssssssssssssssssssssssssssss      [  5%]
2025-02-21T13:34:31.6127590Z tardis/io/model/readers/tests/test_arepo_parser.py ..                    [  5%]
2025-02-21T13:34:31.6781540Z tardis/io/model/readers/tests/test_ascii_readers.py ...                  [  5%]
2025-02-21T13:34:31.7083510Z tardis/io/model/readers/tests/test_cmfgen_reader.py ..                   [  5%]
2025-02-21T13:34:31.7358820Z tardis/io/model/readers/tests/test_csvy_reader.py ....                   [  6%]
2025-02-21T13:34:31.7606010Z tardis/io/model/readers/tests/test_stella_reader.py ..                   [  6%]
2025-02-21T13:34:32.0770470Z tardis/io/tests/test_HDFWriter.py ...............                        [  7%]
2025-02-21T13:34:32.8685620Z tardis/io/tests/test_atomic.py .....                                     [  7%]
2025-02-21T13:34:32.9067080Z tardis/io/tests/test_decay.py ..                                         [  7%]
2025-02-21T13:34:33.2078000Z tardis/io/tests/test_model_reader.py ......                              [  7%]
2025-02-21T13:34:33.2302140Z tardis/model/geometry/tests/test_radial1d.py ..                          [  7%]
2025-02-21T13:35:09.0871660Z tardis/model/tests/test_base.py ........................................ [ 10%]
2025-02-21T13:35:10.0679540Z ............                                                             [ 10%]
2025-02-21T13:35:13.4210370Z tardis/model/tests/test_csvy_model.py .........                          [ 11%]
2025-02-21T13:35:13.4756080Z tardis/model/tests/test_density.py ..                                    [ 11%]
2025-02-21T13:35:15.3479940Z tardis/opacities/tests/test_opacity_solver.py .....                      [ 11%]
2025-02-21T13:35:16.6632570Z tardis/opacities/tests/test_opacity_state_numba.py .....                 [ 11%]
2025-02-21T13:35:19.3855510Z tardis/opacities/tests/test_tau_sobolev.py ..                            [ 12%]
2025-02-21T13:35:22.3339680Z tardis/plasma/equilibrium/tests/test_collisional_transitions.py ...      [ 12%]
2025-02-21T13:36:10.6458840Z tardis/plasma/equilibrium/tests/test_level_populations.py ....           [ 12%]
2025-02-21T13:36:21.9797340Z tardis/plasma/equilibrium/tests/test_rate_matrix.py .                    [ 12%]
2025-02-21T13:36:23.9033930Z tardis/plasma/tests/test_complete_plasmas.py ..............s......s..... [ 13%]
2025-02-21T13:36:26.8640690Z s....ssssss............s......s.....ss.....s....ssssss............s..... [ 18%]
2025-02-21T13:36:28.8935100Z .s.....ss.....s....ssssss............s......s.....ss.....s....ssssss.... [ 22%]
2025-02-21T13:36:31.6334000Z ........s......s.....ss.....s....ssssss............s......s.....ss.....s [ 26%]
2025-02-21T13:36:34.4937540Z ....ssssss............s......s.....ss.....s....ssssss............s...... [ 30%]
2025-02-21T13:36:35.2158400Z s.....ss.....s....ssssss............s......s.....ss.....s.ss.ssssss..... [ 34%]
2025-02-21T13:36:37.7862080Z .......s......s.....ss.....s....ssssss............s......s.....ss.....s. [ 38%]
2025-02-21T13:36:41.4736530Z ...ssssss............s......s.....ss.....s....ssssss............s......s [ 42%]
2025-02-21T13:36:44.2801670Z .....ss.....s....ssssss............s......s.....s...........ssssss...... [ 46%]
2025-02-21T13:36:46.1407660Z ......s......s.....s...........ssssss............s......s.....s......... [ 50%]
2025-02-21T13:36:48.9636330Z ..ssssss............s......s.....ss.....s....ssssss............s......s. [ 54%]
2025-02-21T13:36:51.7820190Z ....ss.....s....ssssss...................s......s.....s....ssss......... [ 58%]
2025-02-21T13:36:52.1291660Z ............s......s.....s....ssss.......                                [ 60%]
2025-02-21T13:36:52.3804620Z tardis/plasma/tests/test_hdf_plasma.py ................................. [ 62%]
2025-02-21T13:36:52.3899900Z ......                                                                   [ 62%]
2025-02-21T13:36:52.7725880Z tardis/plasma/tests/test_nlte_excitation.py ...                          [ 62%]
2025-02-21T13:39:05.9975520Z tardis/plasma/tests/test_nlte_solver.py .....X                           [ 63%]
2025-02-21T13:39:06.0029000Z tardis/plasma/tests/test_plasma_continuum.py .                           [ 63%]
2025-02-21T13:39:31.8135660Z tardis/plasma/tests/test_plasma_vboundary.py .............               [ 63%]
2025-02-21T13:39:43.0680650Z tardis/plasma/tests/test_tardis_model_density_config.py ...              [ 64%]
2025-02-21T13:39:43.5983370Z tardis/simulation/tests/test_convergence.py .....                        [ 64%]
2025-02-21T13:39:51.3694160Z tardis/simulation/tests/test_simulation.py .............                 [ 65%]
2025-02-21T13:39:51.3810590Z tardis/spectrum/tests/test_cuda_formal_integral.py sssssssssssssssssssss [ 66%]
2025-02-21T13:39:51.7057040Z ssss...ssssssssssssssssssssss                                            [ 67%]
2025-02-21T13:39:51.7098170Z tardis/spectrum/tests/test_luminosity.py ....                            [ 68%]
2025-02-21T13:39:52.6075820Z tardis/spectrum/tests/test_numba_formal_integral.py .................... [ 69%]
2025-02-21T13:39:52.6175300Z ..........                                                               [ 69%]
2025-02-21T13:39:52.7967370Z tardis/spectrum/tests/test_spectrum.py ................................. [ 71%]
2025-02-21T13:39:52.8452130Z .........                                                                [ 72%]
2025-02-21T13:40:16.8286900Z tardis/spectrum/tests/test_spectrum_solver.py ....                       [ 72%]
2025-02-21T13:40:45.6274900Z tardis/tests/test_tardis_full.py .FFF                                    [ 72%]
2025-02-21T13:42:16.8949990Z tardis/tests/test_tardis_full_formal_integral.py ................        [ 73%]
2025-02-21T13:42:16.9466310Z tardis/tests/test_util.py .............................................  [ 75%]
2025-02-21T13:42:19.0568930Z tardis/transport/montecarlo/tests/test_base.py x.....................    [ 77%]
2025-02-21T13:42:24.8599350Z tardis/transport/montecarlo/tests/test_interaction.py .......            [ 77%]
2025-02-21T13:42:24.9963280Z tardis/transport/montecarlo/tests/test_macro_atom.py ....                [ 77%]
2025-02-21T13:42:25.0061780Z tardis/transport/montecarlo/tests/test_montecarlo.py sssssssssssssssssss [ 78%]
2025-02-21T13:42:25.0286410Z sssssssssssssssssssssssssssssssssssssssssssss                            [ 81%]
2025-02-21T13:42:32.4298740Z tardis/transport/montecarlo/tests/test_montecarlo_main_loop.py x..       [ 81%]
2025-02-21T13:42:32.4401040Z tardis/transport/montecarlo/tests/test_nonhomologous.py ...              [ 81%]
2025-02-21T13:42:34.3782520Z tardis/transport/montecarlo/tests/test_numba_interface.py .....x.        [ 82%]
2025-02-21T13:42:34.7193510Z tardis/transport/montecarlo/tests/test_opacities.py ...............      [ 82%]
2025-02-21T13:42:35.4082600Z tardis/transport/montecarlo/tests/test_packet.py .................xXXXXX [ 84%]
2025-02-21T13:42:35.4911960Z XX.........                                                              [ 84%]
2025-02-21T13:42:35.5144380Z tardis/transport/montecarlo/tests/test_packet_source.py ........         [ 85%]
2025-02-21T13:42:35.7125670Z tardis/transport/montecarlo/tests/test_rpacket_last_interaction_tracker.py . [ 85%]
2025-02-21T13:42:35.9544870Z .....                                                                    [ 85%]
2025-02-21T13:42:44.3917770Z tardis/transport/montecarlo/tests/test_rpacket_tracker.py ......         [ 85%]
2025-02-21T13:42:44.4106010Z tardis/transport/montecarlo/tests/test_single_packet_loop.py xxx         [ 86%]
2025-02-21T13:42:44.4136020Z tardis/transport/montecarlo/tests/test_tracker_utils.py ..               [ 86%]
2025-02-21T13:42:45.5498350Z tardis/transport/montecarlo/tests/test_vpacket.py ..x.                   [ 86%]
2025-02-21T13:42:45.5626700Z tardis/transport/montecarlo/tests/test_weighted_packet_source.py ....    [ 86%]
2025-02-21T13:42:48.2683570Z tardis/transport/montecarlo/tests/test_weighted_packet_source_integration.py . [ 86%]
2025-02-21T13:42:48.2684240Z                                                                          [ 86%]
2025-02-21T13:42:48.7517790Z tardis/transport/tests/test_doppler_factor.py ..................         [ 87%]
2025-02-21T13:42:50.2925400Z tardis/visualization/tools/tests/test_convergence_plot.py .............. [ 88%]
2025-02-21T13:42:51.9335920Z ......                                                                   [ 88%]
2025-02-21T13:42:55.1789630Z tardis/visualization/tools/tests/test_liv_plot.py ...................... [ 90%]
2025-02-21T13:42:58.7708340Z .............................                                            [ 91%]
2025-02-21T13:43:02.2020840Z tardis/visualization/tools/tests/test_rpacket_plot.py .................. [ 92%]
2025-02-21T13:43:09.6465470Z ....                                                                     [ 92%]
2025-02-21T13:43:15.0458350Z tardis/visualization/tools/tests/test_sdec_plot.py ..................... [ 94%]
2025-02-21T13:43:21.7693170Z ..............................                                           [ 95%]
2025-02-21T13:43:22.1487250Z tardis/visualization/widgets/tests/test_custom_abundance.py ........ss.. [ 96%]
2025-02-21T13:43:22.1921900Z ....                                                                     [ 96%]
2025-02-21T13:43:23.0050890Z tardis/visualization/widgets/tests/test_line_info.py ................... [ 97%]
2025-02-21T13:43:23.5669650Z ..................                                                       [ 98%]
2025-02-21T13:46:26.7146940Z tardis/visualization/widgets/tests/test_shell_info.py .................. [ 99%]
2025-02-21T13:46:32.8938790Z ......                                                                   [100%]
2025-02-21T13:46:32.8940440Z 
2025-02-21T13:46:32.8940820Z =================================== FAILURES ===================================
2025-02-21T13:46:32.8941440Z __________________ TestTransportSimple.test_j_blue_estimators __________________
2025-02-21T13:46:32.8942030Z 
2025-02-21T13:46:32.8942380Z self = <tardis.tests.test_tardis_full.TestTransportSimple object at 0x12c95cd40>
2025-02-21T13:46:32.8943080Z simulation_regression_data = <tardis.simulation.base.Simulation object at 0x15f48e7b0>
2025-02-21T13:46:32.8943520Z 
2025-02-21T13:46:32.8943700Z     def test_j_blue_estimators(self, simulation_regression_data):
2025-02-21T13:46:32.8947450Z         key = "simulation/transport/transport_state/j_blue_estimator"
2025-02-21T13:46:32.8948560Z         expected = self.get_expected_data(key)
2025-02-21T13:46:32.8949050Z     
2025-02-21T13:46:32.8949280Z >       npt.assert_allclose(
2025-02-21T13:46:32.8950010Z             simulation_regression_data.transport.transport_state.radfield_mc_estimators.j_blue_estimator,
2025-02-21T13:46:32.8950550Z             expected.values,
2025-02-21T13:46:32.8950980Z         )
2025-02-21T13:46:32.8951130Z 
2025-02-21T13:46:32.8951270Z tardis/tests/test_tardis_full.py:60: 
2025-02-21T13:46:32.8951720Z _ _ _ _ _ _ _ _ _ _ _ _ _ _ _ _ _ _ _ _ _ _ _ _ _ _ _ _ _ _ _ _ _ _ _ _ _ _ _ _ 
2025-02-21T13:46:32.8951980Z 
2025-02-21T13:46:32.8952280Z args = (<function assert_allclose.<locals>.compare at 0x12fef3d80>, array([[0., 0., 0., ..., 0., 0., 0.],
2025-02-21T13:46:32.8952780Z        [0., 0., 0.,.....,
2025-02-21T13:46:32.8953090Z        [0., 0., 0., ..., 0., 0., 0.],
2025-02-21T13:46:32.8953510Z        [0., 0., 0., ..., 0., 0., 0.],
2025-02-21T13:46:32.8953860Z        [0., 0., 0., ..., 0., 0., 0.]]))
2025-02-21T13:46:32.8954780Z kwds = {'equal_nan': True, 'err_msg': '', 'header': 'Not equal to tolerance rtol=1e-07, atol=0', 'verbose': True}
2025-02-21T13:46:32.8955230Z 
2025-02-21T13:46:32.8955360Z     @wraps(func)
2025-02-21T13:46:32.8955620Z     def inner(*args, **kwds):
2025-02-21T13:46:32.8955980Z         with self._recreate_cm():
2025-02-21T13:46:32.8956270Z >           return func(*args, **kwds)
2025-02-21T13:46:32.8956660Z E           AssertionError: 
2025-02-21T13:46:32.8957020Z E           Not equal to tolerance rtol=1e-07, atol=0
2025-02-21T13:46:32.8957400Z E           
2025-02-21T13:46:32.8957610Z E           Mismatched elements: 501415 / 584480 (85.8%)
2025-02-21T13:46:32.8957940Z E           Max absolute difference: 1.58727889e-18
2025-02-21T13:46:32.8958240Z E           Max relative difference: 14.12627905
2025-02-21T13:46:32.8958590Z E            x: array([[0., 0., 0., ..., 0., 0., 0.],
2025-02-21T13:46:32.8958850Z E                  [0., 0., 0., ..., 0., 0., 0.],
2025-02-21T13:46:32.8959150Z E                  [0., 0., 0., ..., 0., 0., 0.],...
2025-02-21T13:46:32.8959470Z E            y: array([[0., 0., 0., ..., 0., 0., 0.],
2025-02-21T13:46:32.8959790Z E                  [0., 0., 0., ..., 0., 0., 0.],
2025-02-21T13:46:32.8960050Z E                  [0., 0., 0., ..., 0., 0., 0.],...
2025-02-21T13:46:32.8960810Z 
2025-02-21T13:46:32.8961050Z ../../../micromamba/envs/tardis/lib/python3.12/contextlib.py:81: AssertionError
2025-02-21T13:46:32.8961490Z ______________________ TestTransportSimple.test_spectrum _______________________
2025-02-21T13:46:32.8971710Z 
2025-02-21T13:46:32.8972010Z self = <tardis.tests.test_tardis_full.TestTransportSimple object at 0x12c95d490>
2025-02-21T13:46:32.8972620Z simulation_regression_data = <tardis.simulation.base.Simulation object at 0x15f48e7b0>
2025-02-21T13:46:32.8972910Z 
2025-02-21T13:46:32.8973090Z     def test_spectrum(self, simulation_regression_data):
2025-02-21T13:46:32.8973590Z         key = "simulation/spectrum_solver/spectrum_real_packets/luminosity"
2025-02-21T13:46:32.8980050Z         expected = self.get_expected_data(key)
2025-02-21T13:46:32.8980490Z     
2025-02-21T13:46:32.8980690Z         luminosity = u.Quantity(expected, "erg /s")
2025-02-21T13:46:32.8981080Z     
2025-02-21T13:46:32.8981270Z >       assert_quantity_allclose(
2025-02-21T13:46:32.8981730Z             simulation_regression_data.spectrum_solver.spectrum_real_packets.luminosity,
2025-02-21T13:46:32.8982170Z             luminosity,
2025-02-21T13:46:32.8982450Z         )
2025-02-21T13:46:32.8982620Z 
2025-02-21T13:46:32.8982690Z tardis/tests/test_tardis_full.py:71: 
2025-02-21T13:46:32.8983180Z _ _ _ _ _ _ _ _ _ _ _ _ _ _ _ _ _ _ _ _ _ _ _ _ _ _ _ _ _ _ _ _ _ _ _ _ _ _ _ _ 
2025-02-21T13:46:32.8983870Z ../../../micromamba/envs/tardis/lib/python3.12/site-packages/astropy/tests/helper.py:203: in assert_quantity_allclose
2025-02-21T13:46:32.8984390Z     np.testing.assert_allclose(
2025-02-21T13:46:32.8984710Z _ _ _ _ _ _ _ _ _ _ _ _ _ _ _ _ _ _ _ _ _ _ _ _ _ _ _ _ _ _ _ _ _ _ _ _ _ _ _ _ 
2025-02-21T13:46:32.8984890Z 
2025-02-21T13:46:32.8985370Z args = (<function assert_allclose.<locals>.compare at 0x3116aa340>, array([1.33511090e+39, 1.33738696e+39, 9.41598476e+38, .....), array([1.47119190e+39, 1.69564189e+39, 1.35368464e+39, ...,
2025-02-21T13:46:32.8986090Z        0.00000000e+00, 0.00000000e+00, 0.00000000e+00]))
2025-02-21T13:46:32.8986550Z kwds = {'equal_nan': True, 'err_msg': '', 'header': 'Not equal to tolerance rtol=1e-07, atol=0', 'verbose': True}
2025-02-21T13:46:32.8986910Z 
2025-02-21T13:46:32.8987070Z     @wraps(func)
2025-02-21T13:46:32.8987310Z     def inner(*args, **kwds):
2025-02-21T13:46:32.8987620Z         with self._recreate_cm():
2025-02-21T13:46:32.8987880Z >           return func(*args, **kwds)
2025-02-21T13:46:32.8988280Z E           AssertionError: 
2025-02-21T13:46:32.8988590Z E           Not equal to tolerance rtol=1e-07, atol=0
2025-02-21T13:46:32.8988920Z E           
2025-02-21T13:46:32.8989230Z E           Mismatched elements: 4787 / 10000 (47.9%)
2025-02-21T13:46:32.8989570Z E           Max absolute difference: 3.38544343e+39
2025-02-21T13:46:32.8989910Z E           Max relative difference: 2.93242273
2025-02-21T13:46:32.8990290Z E            x: array([1.335111e+39, 1.337387e+39, 9.415985e+38, ..., 0.000000e+00,
2025-02-21T13:46:32.8990710Z E                  0.000000e+00, 0.000000e+00])
2025-02-21T13:46:32.8991090Z E            y: array([1.471192e+39, 1.695642e+39, 1.353685e+39, ..., 0.000000e+00,
2025-02-21T13:46:32.8991460Z E                  0.000000e+00, 0.000000e+00])
2025-02-21T13:46:32.8991660Z 
2025-02-21T13:46:32.8991840Z ../../../micromamba/envs/tardis/lib/python3.12/contextlib.py:81: AssertionError
2025-02-21T13:46:32.8992330Z __________________ TestTransportSimple.test_virtual_spectrum ___________________
2025-02-21T13:46:32.8992620Z 
2025-02-21T13:46:32.8992790Z self = <tardis.tests.test_tardis_full.TestTransportSimple object at 0x12c95d760>
2025-02-21T13:46:32.8993400Z simulation_regression_data = <tardis.simulation.base.Simulation object at 0x15f48e7b0>
2025-02-21T13:46:32.8993780Z 
2025-02-21T13:46:32.8993940Z     def test_virtual_spectrum(self, simulation_regression_data):
2025-02-21T13:46:32.8994400Z         key = "simulation/spectrum_solver/spectrum_virtual_packets/luminosity"
2025-02-21T13:46:32.8994790Z         expected = self.get_expected_data(key)
2025-02-21T13:46:32.8995080Z     
2025-02-21T13:46:32.8995380Z         luminosity = u.Quantity(expected, "erg /s")
2025-02-21T13:46:32.8995640Z     
2025-02-21T13:46:32.8995880Z >       assert_quantity_allclose(
2025-02-21T13:46:32.8996670Z             simulation_regression_data.spectrum_solver.spectrum_virtual_packets.luminosity,
2025-02-21T13:46:32.8997120Z             luminosity,
2025-02-21T13:46:32.8997320Z         )
2025-02-21T13:46:32.8997460Z 
2025-02-21T13:46:32.8997610Z tardis/tests/test_tardis_full.py:82: 
2025-02-21T13:46:32.8997920Z _ _ _ _ _ _ _ _ _ _ _ _ _ _ _ _ _ _ _ _ _ _ _ _ _ _ _ _ _ _ _ _ _ _ _ _ _ _ _ _ 
2025-02-21T13:46:32.8998840Z ../../../micromamba/envs/tardis/lib/python3.12/site-packages/astropy/tests/helper.py:203: in assert_quantity_allclose
2025-02-21T13:46:32.8999340Z     np.testing.assert_allclose(
2025-02-21T13:46:32.8999680Z _ _ _ _ _ _ _ _ _ _ _ _ _ _ _ _ _ _ _ _ _ _ _ _ _ _ _ _ _ _ _ _ _ _ _ _ _ _ _ _ 
2025-02-21T13:46:32.8999930Z 
2025-02-21T13:46:32.9000310Z args = (<function assert_allclose.<locals>.compare at 0x15868b4c0>, array([1.46352380e+39, 1.37519577e+39, 1.34901151e+39, .....), array([1.44033177e+39, 1.35611403e+39, 1.39755698e+39, ...,
2025-02-21T13:46:32.9000920Z        0.00000000e+00, 0.00000000e+00, 0.00000000e+00]))
2025-02-21T13:46:32.9001390Z kwds = {'equal_nan': True, 'err_msg': '', 'header': 'Not equal to tolerance rtol=1e-07, atol=0', 'verbose': True}
2025-02-21T13:46:32.9002090Z 
2025-02-21T13:46:32.9002220Z     @wraps(func)
2025-02-21T13:46:32.9002480Z     def inner(*args, **kwds):
2025-02-21T13:46:32.9003010Z         with self._recreate_cm():
2025-02-21T13:46:32.9003800Z >           return func(*args, **kwds)
2025-02-21T13:46:32.9004230Z E           AssertionError: 
2025-02-21T13:46:32.9004700Z E           Not equal to tolerance rtol=1e-07, atol=0
2025-02-21T13:46:32.9004980Z E           
2025-02-21T13:46:32.9005230Z E           Mismatched elements: 5800 / 10000 (58%)
2025-02-21T13:46:32.9005460Z E           Max absolute difference: 2.37529699e+39
2025-02-21T13:46:32.9030120Z E           Max relative difference: 18569.59081289
2025-02-21T13:46:32.9030580Z E            x: array([1.463524e+39, 1.375196e+39, 1.349012e+39, ..., 0.000000e+00,
2025-02-21T13:46:32.9030920Z E                  0.000000e+00, 0.000000e+00])
2025-02-21T13:46:32.9031250Z E            y: array([1.440332e+39, 1.356114e+39, 1.397557e+39, ..., 0.000000e+00,
2025-02-21T13:46:32.9031580Z E                  0.000000e+00, 0.000000e+00])
2025-02-21T13:46:32.9031840Z 
2025-02-21T13:46:32.9032100Z ../../../micromamba/envs/tardis/lib/python3.12/contextlib.py:81: AssertionError
2025-02-21T13:46:32.9032500Z =============================== warnings summary ===============================
2025-02-21T13:46:32.9032910Z tardis/io/configuration/config_validator.py:6
2025-02-21T13:46:32.9033270Z tardis/io/configuration/config_validator.py:6
2025-02-21T13:46:32.9033750Z   /Users/runner/work/tardis/tardis/tardis/io/configuration/config_validator.py:6: DeprecationWarning:
2025-02-21T13:46:32.9034290Z   
2025-02-21T13:46:32.9035510Z   jsonschema.RefResolver is deprecated as of v4.18.0, in favor of the https://github.com/python-jsonschema/referencing library, which provides more compliant referencing behavior as well as more flexible APIs for customization. A future release will remove RefResolver. Please file a feature request (on referencing) if you are missing an API for the kind of customization you need.
2025-02-21T13:46:32.9036560Z 
2025-02-21T13:46:32.9036850Z ../../../micromamba/envs/tardis/lib/python3.12/site-packages/jupyter_client/connect.py:22
2025-02-21T13:46:32.9037580Z   /Users/runner/micromamba/envs/tardis/lib/python3.12/site-packages/jupyter_client/connect.py:22: DeprecationWarning:
2025-02-21T13:46:32.9038060Z   
2025-02-21T13:46:32.9038400Z   Jupyter is migrating its paths to use standard platformdirs
2025-02-21T13:46:32.9038820Z   given by the platformdirs library.  To remove this warning and
2025-02-21T13:46:32.9039280Z   see the appropriate new directories, set the environment variable
2025-02-21T13:46:32.9039660Z   `JUPYTER_PLATFORM_DIRS=1` and then run `jupyter --paths`.
2025-02-21T13:46:32.9040070Z   The use of platformdirs will be the default in `jupyter_core` v6
2025-02-21T13:46:32.9040330Z 
2025-02-21T13:46:32.9046330Z tardis/io/tests/test_HDFWriter.py::test_multi_index_write
2025-02-21T13:46:32.9046780Z tardis/visualization/widgets/tests/test_shell_info.py::TestHDFShellInfo::test_shells_data
2025-02-21T13:46:32.9047360Z   /Users/runner/work/tardis/tardis/tardis/io/util.py:276: PerformanceWarning:
2025-02-21T13:46:32.9047700Z   
2025-02-21T13:46:32.9047870Z   
2025-02-21T13:46:32.9048190Z   your performance may suffer as PyTables will pickle object types that it cannot
2025-02-21T13:46:32.9049140Z   map directly to c-types [inferred_type->mixed,key->block0_values] [items->Index([0], dtype='int64')]
2025-02-21T13:46:32.9049430Z 
2025-02-21T13:46:32.9049700Z tardis/io/tests/test_model_reader.py::test_read_cmfgen_isotope_abundances
2025-02-21T13:46:32.9050210Z tardis/plasma/tests/test_tardis_model_density_config.py::test_electron_densities
2025-02-21T13:46:32.9050640Z tardis/plasma/tests/test_tardis_model_density_config.py::test_isotope_number_densities
2025-02-21T13:46:32.9051180Z tardis/plasma/tests/test_tardis_model_density_config.py::test_t_rad
2025-02-21T13:46:32.9051700Z   /Users/runner/work/tardis/tardis/tardis/io/model/readers/cmfgen_deprecated.py:82: DeprecationWarning:
2025-02-21T13:46:32.9052220Z   
2025-02-21T13:46:32.9052470Z   The current CMFGEN model parser is deprecated
2025-02-21T13:46:32.9052710Z 
2025-02-21T13:46:32.9052840Z tardis/io/tests/test_model_reader.py: 1 warning
2025-02-21T13:46:32.9053130Z tardis/plasma/tests/test_tardis_model_density_config.py: 9 warnings
2025-02-21T13:46:32.9053590Z   /Users/runner/work/tardis/tardis/tardis/io/model/readers/cmfgen_deprecated.py:40: DeprecationWarning:
2025-02-21T13:46:32.9053950Z   
2025-02-21T13:46:32.9054100Z   The current CMFGEN model parser is deprecated
2025-02-21T13:46:32.9054300Z 
2025-02-21T13:46:32.9054520Z tardis/model/tests/test_base.py::TestModelFromPaper1Config::test_abundances
2025-02-21T13:46:32.9055040Z   /Users/runner/work/tardis/tardis/tardis/transport/montecarlo/montecarlo_main_loop.py:123: NumbaTypeSafetyWarning:
2025-02-21T13:46:32.9055540Z   
2025-02-21T13:46:32.9057940Z   [1m[1m[1munsafe cast from uint64 to int64. Precision may be lost.[0m[0m[0m
2025-02-21T13:46:32.9058150Z 
2025-02-21T13:46:32.9058230Z tardis/model/tests/test_base.py: 6 warnings
2025-02-21T13:46:32.9058500Z tardis/model/tests/test_csvy_model.py: 2 warnings
2025-02-21T13:46:32.9058860Z tardis/plasma/tests/test_tardis_model_density_config.py: 3 warnings
2025-02-21T13:46:32.9059290Z   /Users/runner/work/tardis/tardis/tardis/model/geometry/radial1d.py:50: DeprecationWarning:
2025-02-21T13:46:32.9059630Z   
2025-02-21T13:46:32.9059770Z   v_inner_boundary < 0, assuming default value
2025-02-21T13:46:32.9059920Z 
2025-02-21T13:46:32.9060000Z tardis/model/tests/test_base.py: 6 warnings
2025-02-21T13:46:32.9060310Z tardis/model/tests/test_csvy_model.py: 2 warnings
2025-02-21T13:46:32.9060660Z tardis/plasma/tests/test_tardis_model_density_config.py: 3 warnings
2025-02-21T13:46:32.9061080Z   /Users/runner/work/tardis/tardis/tardis/model/geometry/radial1d.py:61: DeprecationWarning:
2025-02-21T13:46:32.9061410Z   
2025-02-21T13:46:32.9061550Z   v_outer_boundary < 0, assuming default value
2025-02-21T13:46:32.9061700Z 
2025-02-21T13:46:32.9062090Z tardis/plasma/equilibrium/tests/test_level_populations.py::TestLevelPopulationSolver::test_solve[collisional_rate_solver0-radiative_transitions0]
2025-02-21T13:46:32.9062910Z   /Users/runner/work/tardis/tardis/tardis/plasma/equilibrium/level_populations.py:65: FutureWarning:
2025-02-21T13:46:32.9063340Z   
2025-02-21T13:46:32.9063700Z   A value is trying to be set on a copy of a DataFrame or Series through chained assignment using an inplace method.
2025-02-21T13:46:32.9064380Z   The behavior will change in pandas 3.0. This inplace method will never work because the intermediate object on which we are setting values always behaves as a copy.
2025-02-21T13:46:32.9064970Z   
2025-02-21T13:46:32.9065590Z   For example, when doing 'df[col].method(value, inplace=True)', try using 'df.method({col: value}, inplace=True)' or df[col] = df[col].method(value) instead, to perform the operation inplace on the original object.
2025-02-21T13:46:32.9066600Z 
2025-02-21T13:46:32.9066870Z tardis/plasma/tests/test_plasma_vboundary.py::test_plasma_vboundary[2900-3750]
2025-02-21T13:46:32.9067420Z tardis/plasma/tests/test_plasma_vboundary.py::test_plasma_vboundary[2900-3850]
2025-02-21T13:46:32.9067890Z tardis/plasma/tests/test_plasma_vboundary.py::test_plasma_vboundary[2900-3900]
2025-02-21T13:46:32.9068630Z   /Users/runner/work/tardis/tardis/tardis/model/geometry/radial1d.py:71: UserWarning:
2025-02-21T13:46:32.9068940Z   
2025-02-21T13:46:32.9069300Z   Requesting inner boundary below inner shell. Extrapolating the inner cell
2025-02-21T13:46:32.9069530Z 
2025-02-21T13:46:32.9069700Z tardis/spectrum/tests/test_spectrum_solver.py::TestSpectrumSolver::test_solve
2025-02-21T13:46:32.9070100Z   /Users/runner/work/tardis/tardis/tardis/spectrum/base.py:70: UserWarning:
2025-02-21T13:46:32.9070370Z   
2025-02-21T13:46:32.9070690Z   SpectrumSolver.spectrum_virtual_packets is zero. Please run the montecarlo simulation with no_of_virtual_packets > 0
2025-02-21T13:46:32.9071020Z 
2025-02-21T13:46:32.9071190Z tardis/spectrum/tests/test_spectrum_solver.py::TestSpectrumSolver::test_solve
2025-02-21T13:46:32.9071590Z   /Users/runner/work/tardis/tardis/tardis/spectrum/base.py:111: UserWarning:
2025-02-21T13:46:32.9071860Z   
2025-02-21T13:46:32.9072200Z   SpectrumSolver.integrator: The FormalIntegrator is not yet available.Please run the montecarlo simulation at least once.
2025-02-21T13:46:32.9072540Z 
2025-02-21T13:46:32.9072720Z tardis/transport/montecarlo/tests/test_vpacket.py::test_trace_vpacket_volley
2025-02-21T13:46:32.9073040Z   <string>:3: NumbaPendingDeprecationWarning:
2025-02-21T13:46:32.9073240Z   
2025-02-21T13:46:32.9074200Z   [1m[1mCode using Numba extension API maybe depending on 'old_style' error-capturing, which is deprecated and will be replaced by 'new_style' in a future release. See details at https://numba.readthedocs.io/en/latest/reference/deprecation.html#deprecation-of-old-style-numba-captured-errors
2025-02-21T13:46:32.9075020Z   Exception origin:
2025-02-21T13:46:32.9075330Z     File "/Users/runner/micromamba/envs/tardis/lib/python3.12/inspect.py", line 3180, in _bind
2025-02-21T13:46:32.9075660Z       raise TypeError(msg) from None
2025-02-21T13:46:32.9075860Z   [0m[0m
2025-02-21T13:46:32.9075940Z 
2025-02-21T13:46:32.9077020Z tardis/visualization/tools/tests/test_sdec_plot.py::TestSDECPlotter::test_mpl_image[plotter_generate_plot_mpl4]
2025-02-21T13:46:32.9077630Z   /Users/runner/work/tardis/tardis/tardis/visualization/tools/sdec_plot.py:1225: RuntimeWarning:
2025-02-21T13:46:32.9077980Z   
2025-02-21T13:46:32.9078720Z   More than 20 figures have been opened. Figures created through the pyplot interface (`matplotlib.pyplot.figure`) are retained until explicitly closed and may consume too much memory. (To control this warning, see the rcParam `figure.max_open_warning`). Consider using `matplotlib.pyplot.close()`.
2025-02-21T13:46:32.9079460Z 
2025-02-21T13:46:32.9079770Z tardis/visualization/widgets/tests/test_custom_abundance.py::TestCustomAbundanceWidget::test_update_input_item_value
2025-02-21T13:46:32.9080400Z tardis/visualization/widgets/tests/test_custom_abundance.py::TestCustomAbundanceWidget::test_update_input_item_value
2025-02-21T13:46:32.9081010Z tardis/visualization/widgets/tests/test_custom_abundance.py::TestCustomAbundanceWidget::test_update_input_item_value
2025-02-21T13:46:32.9081620Z tardis/visualization/widgets/tests/test_custom_abundance.py::TestCustomAbundanceWidget::test_update_input_item_value
2025-02-21T13:46:32.9082230Z tardis/visualization/widgets/tests/test_custom_abundance.py::TestCustomAbundanceWidget::test_update_input_item_value
2025-02-21T13:46:32.9082840Z tardis/visualization/widgets/tests/test_custom_abundance.py::TestCustomAbundanceWidget::test_update_input_item_value
2025-02-21T13:46:32.9083470Z   /Users/runner/micromamba/envs/tardis/lib/python3.12/site-packages/traitlets/traitlets.py:1385: DeprecationWarning:
2025-02-21T13:46:32.9084220Z   
2025-02-21T13:46:32.9084440Z   Passing unrecognized arguments to super(Checkbox).__init__(icon='lock').
2025-02-21T13:46:32.9084800Z   object.__init__() takes exactly one argument (the instance to initialize)
2025-02-21T13:46:32.9085210Z   This is deprecated in traitlets 4.2.This error will be raised in a future release of traitlets.
2025-02-21T13:46:32.9085470Z 
2025-02-21T13:46:32.9085980Z tardis/visualization/widgets/tests/test_custom_abundance.py::TestCustomAbundanceWidget::test_update_input_item_value
2025-02-21T13:46:32.9086610Z tardis/visualization/widgets/tests/test_custom_abundance.py::TestCustomAbundanceWidget::test_update_input_item_value
2025-02-21T13:46:32.9087230Z   /Users/runner/micromamba/envs/tardis/lib/python3.12/site-packages/traitlets/traitlets.py:1385: DeprecationWarning:
2025-02-21T13:46:32.9087640Z   
2025-02-21T13:46:32.9087850Z   Passing unrecognized arguments to super(FloatText).__init__(min=0).
2025-02-21T13:46:32.9088270Z   object.__init__() takes exactly one argument (the instance to initialize)
2025-02-21T13:46:32.9088680Z   This is deprecated in traitlets 4.2.This error will be raised in a future release of traitlets.
2025-02-21T13:46:32.9088930Z 
2025-02-21T13:46:32.9089220Z tardis/visualization/widgets/tests/test_custom_abundance.py::TestCustomAbundanceWidget::test_update_input_item_value
2025-02-21T13:46:32.9089830Z   /Users/runner/micromamba/envs/tardis/lib/python3.12/site-packages/traitlets/traitlets.py:1385: DeprecationWarning:
2025-02-21T13:46:32.9090230Z   
2025-02-21T13:46:32.9090430Z   Passing unrecognized arguments to super(HTML).__init__(indent=True).
2025-02-21T13:46:32.9090790Z   object.__init__() takes exactly one argument (the instance to initialize)
2025-02-21T13:46:32.9091190Z   This is deprecated in traitlets 4.2.This error will be raised in a future release of traitlets.
2025-02-21T13:46:32.9091450Z 
2025-02-21T13:46:32.9091780Z tardis/visualization/widgets/tests/test_line_info.py::TestLineInfoWidgetData::test_get_species_interactions[wavelength_range0-packet_out_nu]
2025-02-21T13:46:32.9092600Z   /Users/runner/micromamba/envs/tardis/lib/python3.12/site-packages/qgridnext/grid.py:820: DeprecationWarning:
2025-02-21T13:46:32.9092970Z   
2025-02-21T13:46:32.9093260Z   QgridWidget._precision_changed is deprecated in traitlets 4.1: use @observe and @unobserve instead.
2025-02-21T13:46:32.9093540Z 
2025-02-21T13:46:32.9093740Z tardis/visualization/widgets/tests/test_shell_info.py::TestHDFShellInfo::test_shells_data
2025-02-21T13:46:32.9094180Z   /Users/runner/work/tardis/tardis/tardis/io/util.py:289: PerformanceWarning:
2025-02-21T13:46:32.9094460Z   
2025-02-21T13:46:32.9094570Z   
2025-02-21T13:46:32.9094790Z   your performance may suffer as PyTables will pickle object types that it cannot
2025-02-21T13:46:32.9095230Z   map directly to c-types [inferred_type->mixed,key->block0_values] [items->Index([0], dtype='int64')]
2025-02-21T13:46:32.9095510Z 
2025-02-21T13:46:32.9095710Z tardis/visualization/widgets/tests/test_shell_info.py::TestHDFShellInfo::test_shells_data
2025-02-21T13:46:32.9096140Z   /Users/runner/work/tardis/tardis/tardis/io/util.py:292: PerformanceWarning:
2025-02-21T13:46:32.9096420Z   
2025-02-21T13:46:32.9096530Z   
2025-02-21T13:46:32.9096750Z   your performance may suffer as PyTables will pickle object types that it cannot
2025-02-21T13:46:32.9097120Z   map directly to c-types [inferred_type->mixed,key->values] [items->None]
2025-02-21T13:46:32.9097340Z 
2025-02-21T13:46:32.9097540Z tardis/visualization/widgets/tests/test_shell_info.py::TestHDFShellInfo::test_shells_data
2025-02-21T13:46:32.9098000Z   /Users/runner/work/tardis/tardis/tardis/spectrum/formal_integral.py:398: UserWarning:
2025-02-21T13:46:32.9098310Z   
2025-02-21T13:46:32.9098540Z   The number of interpolate_shells was not specified. The value was set to 80.
2025-02-21T13:46:32.9098760Z 
2025-02-21T13:46:32.9098950Z -- Docs: https://docs.pytest.org/en/stable/how-to/capture-warnings.html
2025-02-21T13:46:32.9099160Z 
2025-02-21T13:46:32.9099290Z ---------- coverage: platform darwin, python 3.12.4-final-0 ----------
2025-02-21T13:46:32.9100380Z Coverage HTML written to dir coverage_html_report
2025-02-21T13:46:32.9100620Z Coverage XML written to file coverage.xml
2025-02-21T13:46:32.9100760Z 
2025-02-21T13:46:32.9100870Z =========================== short test summary info ============================
2025-02-21T13:46:32.9101280Z FAILED tardis/tests/test_tardis_full.py::TestTransportSimple::test_j_blue_estimators - AssertionError: 
2025-02-21T13:46:32.9101970Z Not equal to tolerance rtol=1e-07, atol=0
2025-02-21T13:46:32.9102170Z 
2025-02-21T13:46:32.9102250Z Mismatched elements: 501415 / 584480 (85.8%)
2025-02-21T13:46:32.9102460Z Max absolute difference: 1.58727889e-18
2025-02-21T13:46:32.9102670Z Max relative difference: 14.12627905
2025-02-21T13:46:32.9102860Z  x: array([[0., 0., 0., ..., 0., 0., 0.],
2025-02-21T13:46:32.9103050Z        [0., 0., 0., ..., 0., 0., 0.],
2025-02-21T13:46:32.9103230Z        [0., 0., 0., ..., 0., 0., 0.],...
2025-02-21T13:46:32.9103520Z  y: array([[0., 0., 0., ..., 0., 0., 0.],
2025-02-21T13:46:32.9103720Z        [0., 0., 0., ..., 0., 0., 0.],
2025-02-21T13:46:32.9103890Z        [0., 0., 0., ..., 0., 0., 0.],...
2025-02-21T13:46:32.9104230Z FAILED tardis/tests/test_tardis_full.py::TestTransportSimple::test_spectrum - AssertionError: 
2025-02-21T13:46:32.9104570Z Not equal to tolerance rtol=1e-07, atol=0
2025-02-21T13:46:32.9104710Z 
2025-02-21T13:46:32.9104780Z Mismatched elements: 4787 / 10000 (47.9%)
2025-02-21T13:46:32.9105000Z Max absolute difference: 3.38544343e+39
2025-02-21T13:46:32.9105200Z Max relative difference: 2.93242273
2025-02-21T13:46:32.9105540Z  x: array([1.335111e+39, 1.337387e+39, 9.415985e+38, ..., 0.000000e+00,
2025-02-21T13:46:32.9105780Z        0.000000e+00, 0.000000e+00])
2025-02-21T13:46:32.9106010Z  y: array([1.471192e+39, 1.695642e+39, 1.353685e+39, ..., 0.000000e+00,
2025-02-21T13:46:32.9106250Z        0.000000e+00, 0.000000e+00])
2025-02-21T13:46:32.9106610Z FAILED tardis/tests/test_tardis_full.py::TestTransportSimple::test_virtual_spectrum - AssertionError: 
2025-02-21T13:46:32.9106990Z Not equal to tolerance rtol=1e-07, atol=0
2025-02-21T13:46:32.9107140Z 
2025-02-21T13:46:32.9107220Z Mismatched elements: 5800 / 10000 (58%)
2025-02-21T13:46:32.9107420Z Max absolute difference: 2.37529699e+39
2025-02-21T13:46:32.9107620Z Max relative difference: 18569.59081289
2025-02-21T13:46:32.9107870Z  x: array([1.463524e+39, 1.375196e+39, 1.349012e+39, ..., 0.000000e+00,
2025-02-21T13:46:32.9108110Z        0.000000e+00, 0.000000e+00])
2025-02-21T13:46:32.9108350Z  y: array([1.440332e+39, 1.356114e+39, 1.397557e+39, ..., 0.000000e+00,
2025-02-21T13:46:32.9108590Z        0.000000e+00, 0.000000e+00])
2025-02-21T13:46:32.9108940Z = 3 failed, 1407 passed, 357 skipped, 2 deselected, 19 xfailed, 8 xpassed, 63 warnings in 762.44s (0:12:42) =
2025-02-21T13:46:34.5890020Z ##[error]Process completed with exit code 1.
2025-02-21T13:46:34.6071210Z Post job cleanup.
2025-02-21T13:46:34.6112050Z Post job cleanup.
2025-02-21T13:46:34.9506470Z Will use pre-installed micromamba at /Users/runner/micromamba-bin/micromamba
2025-02-21T13:46:34.9509720Z Removing micromamba run shell ...
2025-02-21T13:46:34.9511790Z ##[group]Deinitialize micromamba for bash
2025-02-21T13:46:34.9540180Z [command]/Users/runner/micromamba-bin/micromamba shell deinit -s bash -r /Users/runner/micromamba --log-level warning --rc-file /Users/runner/work/_temp/setup-micromamba/.condarc
2025-02-21T13:46:35.0109300Z Resetting RC file "/Users/runner/.bash_profile"
2025-02-21T13:46:35.0110200Z Deleting config for root prefix 
2025-02-21T13:46:35.0110820Z Clearing mamba executable environment variable
2025-02-21T13:46:35.0130640Z Removing the following in your "/Users/runner/.bash_profile" file
2025-02-21T13:46:35.0130990Z # >>> mamba initialize >>>
2025-02-21T13:46:35.0131160Z ...
2025-02-21T13:46:35.0131410Z # <<< mamba initialize <<<
2025-02-21T13:46:35.0181620Z Removing environment tardis from auto-activate bash ...
2025-02-21T13:46:35.0286670Z Post job cleanup.
2025-02-21T13:46:35.0338880Z Post job cleanup.
2025-02-21T13:46:35.1424620Z [command]/opt/homebrew/bin/git version
2025-02-21T13:46:35.2509170Z git version 2.48.1
2025-02-21T13:46:35.2540630Z Copying '/Users/runner/.gitconfig' to '/Users/runner/work/_temp/9fa57388-681e-4f24-833e-aa9575c80938/.gitconfig'
2025-02-21T13:46:35.2548350Z Temporarily overriding HOME='/Users/runner/work/_temp/9fa57388-681e-4f24-833e-aa9575c80938' before making global git config changes
2025-02-21T13:46:35.2549030Z Adding repository directory to the temporary git global config as a safe directory
2025-02-21T13:46:35.2552760Z [command]/opt/homebrew/bin/git config --global --add safe.directory /Users/runner/work/tardis/tardis/tardis-regression-data
2025-02-21T13:46:35.2666800Z [command]/opt/homebrew/bin/git config --local --name-only --get-regexp core\.sshCommand
2025-02-21T13:46:35.2723980Z [command]/opt/homebrew/bin/git submodule foreach --recursive sh -c "git config --local --name-only --get-regexp 'core\.sshCommand' && git config --local --unset-all 'core.sshCommand' || :"
2025-02-21T13:46:35.3640580Z [command]/opt/homebrew/bin/git config --local --name-only --get-regexp http\.https\:\/\/github\.com\/\.extraheader
2025-02-21T13:46:35.3684180Z http.https://github.com/.extraheader
2025-02-21T13:46:35.3692750Z [command]/opt/homebrew/bin/git config --local --unset-all http.https://github.com/.extraheader
2025-02-21T13:46:35.3783150Z [command]/opt/homebrew/bin/git submodule foreach --recursive sh -c "git config --local --name-only --get-regexp 'http\.https\:\/\/github\.com\/\.extraheader' && git config --local --unset-all 'http.https://github.com/.extraheader' || :"
2025-02-21T13:46:35.4601080Z Post job cleanup.
2025-02-21T13:46:35.5585800Z [command]/opt/homebrew/bin/git version
2025-02-21T13:46:35.5628000Z git version 2.48.1
2025-02-21T13:46:35.5647680Z Copying '/Users/runner/.gitconfig' to '/Users/runner/work/_temp/b5c72cb4-2c82-4df8-8146-283d851d2401/.gitconfig'
2025-02-21T13:46:35.5654030Z Temporarily overriding HOME='/Users/runner/work/_temp/b5c72cb4-2c82-4df8-8146-283d851d2401' before making global git config changes
2025-02-21T13:46:35.5654730Z Adding repository directory to the temporary git global config as a safe directory
2025-02-21T13:46:35.5658040Z [command]/opt/homebrew/bin/git config --global --add safe.directory /Users/runner/work/tardis/tardis
2025-02-21T13:46:35.5706880Z [command]/opt/homebrew/bin/git config --local --name-only --get-regexp core\.sshCommand
2025-02-21T13:46:35.5743210Z [command]/opt/homebrew/bin/git submodule foreach --recursive sh -c "git config --local --name-only --get-regexp 'core\.sshCommand' && git config --local --unset-all 'core.sshCommand' || :"
2025-02-21T13:46:35.7474770Z [command]/opt/homebrew/bin/git config --local --name-only --get-regexp http\.https\:\/\/github\.com\/\.extraheader
2025-02-21T13:46:35.7536430Z http.https://github.com/.extraheader
2025-02-21T13:46:35.7545280Z [command]/opt/homebrew/bin/git config --local --unset-all http.https://github.com/.extraheader
2025-02-21T13:46:35.7606870Z [command]/opt/homebrew/bin/git submodule foreach --recursive sh -c "git config --local --name-only --get-regexp 'http\.https\:\/\/github\.com\/\.extraheader' && git config --local --unset-all 'http.https://github.com/.extraheader' || :"
2025-02-21T13:46:35.8396110Z Cleaning up orphan processes
