2025-02-21T13:31:37.8087634Z Requested labels: ubuntu-latest
2025-02-21T13:31:37.8088106Z Job defined at: tardis-sn/tardis/.github/workflows/tests.yml@refs/pull/2977/merge
2025-02-21T13:31:37.8088270Z Waiting for a runner to pick up this job...
2025-02-21T13:31:38.0848406Z Job is waiting for a hosted runner to come online.
2025-02-21T13:31:40.7836878Z Job is about to start running on the hosted runner: GitHub Actions 45 (hosted)
2025-02-21T13:31:42.2037577Z Current runner version: '2.322.0'
2025-02-21T13:31:42.2063522Z ##[group]Operating System
2025-02-21T13:31:42.2064527Z Ubuntu
2025-02-21T13:31:42.2065039Z 24.04.1
2025-02-21T13:31:42.2065540Z LTS
2025-02-21T13:31:42.2066120Z ##[endgroup]
2025-02-21T13:31:42.2066684Z ##[group]Runner Image
2025-02-21T13:31:42.2067315Z Image: ubuntu-24.04
2025-02-21T13:31:42.2067861Z Version: 20250209.1.0
2025-02-21T13:31:42.2068920Z Included Software: https://github.com/actions/runner-images/blob/ubuntu24/20250209.1/images/ubuntu/Ubuntu2404-Readme.md
2025-02-21T13:31:42.2070331Z Image Release: https://github.com/actions/runner-images/releases/tag/ubuntu24%2F20250209.1
2025-02-21T13:31:42.2071290Z ##[endgroup]
2025-02-21T13:31:42.2071851Z ##[group]Runner Image Provisioner
2025-02-21T13:31:42.2072540Z 2.0.422.1
2025-02-21T13:31:42.2073332Z ##[endgroup]
2025-02-21T13:31:42.2075537Z ##[group]GITHUB_TOKEN Permissions
2025-02-21T13:31:42.2077622Z Actions: read
2025-02-21T13:31:42.2078468Z Attestations: read
2025-02-21T13:31:42.2079115Z Checks: read
2025-02-21T13:31:42.2079604Z Contents: read
2025-02-21T13:31:42.2080246Z Deployments: read
2025-02-21T13:31:42.2080762Z Discussions: read
2025-02-21T13:31:42.2081344Z Issues: read
2025-02-21T13:31:42.2082019Z Metadata: read
2025-02-21T13:31:42.2082621Z Packages: read
2025-02-21T13:31:42.2083612Z Pages: read
2025-02-21T13:31:42.2084176Z PullRequests: read
2025-02-21T13:31:42.2084751Z RepositoryProjects: read
2025-02-21T13:31:42.2085407Z SecurityEvents: read
2025-02-21T13:31:42.2085981Z Statuses: read
2025-02-21T13:31:42.2086508Z ##[endgroup]
2025-02-21T13:31:42.2089595Z Secret source: None
2025-02-21T13:31:42.2090342Z Prepare workflow directory
2025-02-21T13:31:42.2731821Z Prepare all required actions
2025-02-21T13:31:42.2768046Z Getting action download info
2025-02-21T13:31:42.4432947Z ##[group]Download immutable action package 'actions/checkout@v4'
2025-02-21T13:31:42.4434328Z Version: 4.2.2
2025-02-21T13:31:42.4435300Z Digest: sha256:ccb2698953eaebd21c7bf6268a94f9c26518a7e38e27e0b83c1fe1ad049819b1
2025-02-21T13:31:42.4436347Z Source commit SHA: 11bd71901bbe5b1630ceea73d27597364c9af683
2025-02-21T13:31:42.4436965Z ##[endgroup]
2025-02-21T13:31:42.5248249Z ##[group]Download immutable action package 'actions/upload-artifact@v4'
2025-02-21T13:31:42.5249005Z Version: 4.6.0
2025-02-21T13:31:42.5249663Z Digest: sha256:bf85474c8423f9cd48bd2caf3ce5adb1711e2dfdb055b040bd36b044e4290329
2025-02-21T13:31:42.5250551Z Source commit SHA: 65c4c4a1ddee5b72f698fdd19549f0f0fb45cf08
2025-02-21T13:31:42.5251172Z ##[endgroup]
2025-02-21T13:31:42.6934992Z Complete job name: not continuum ubuntu-latest 
2025-02-21T13:31:42.7693323Z ##[group]Run actions/checkout@v4
2025-02-21T13:31:42.7694664Z with:
2025-02-21T13:31:42.7695368Z   repository: tardis-sn/tardis
2025-02-21T13:31:42.7696457Z   token: ***
2025-02-21T13:31:42.7697196Z   ssh-strict: true
2025-02-21T13:31:42.7697894Z   ssh-user: git
2025-02-21T13:31:42.7698631Z   persist-credentials: true
2025-02-21T13:31:42.7699475Z   clean: true
2025-02-21T13:31:42.7700235Z   sparse-checkout-cone-mode: true
2025-02-21T13:31:42.7701146Z   fetch-depth: 1
2025-02-21T13:31:42.7701853Z   fetch-tags: false
2025-02-21T13:31:42.7702587Z   show-progress: true
2025-02-21T13:31:42.7703646Z   lfs: false
2025-02-21T13:31:42.7704327Z   submodules: false
2025-02-21T13:31:42.7705040Z   set-safe-directory: true
2025-02-21T13:31:42.7706519Z env:
2025-02-21T13:31:42.7707199Z   CACHE_NUMBER: 0
2025-02-21T13:31:42.7709168Z   PYTEST_FLAGS: --tardis-regression-data=/home/runner/work/tardis/tardis/tardis-regression-data --cov=tardis --cov-report=xml --cov-report=html --cov-append
2025-02-21T13:31:42.7711410Z   CODECOV_TOKEN: 
2025-02-21T13:31:42.7712149Z ##[endgroup]
2025-02-21T13:31:42.9831171Z Syncing repository: tardis-sn/tardis
2025-02-21T13:31:42.9833329Z ##[group]Getting Git version info
2025-02-21T13:31:42.9834068Z Working directory is '/home/runner/work/tardis/tardis'
2025-02-21T13:31:42.9835020Z [command]/usr/bin/git version
2025-02-21T13:31:42.9906841Z git version 2.48.1
2025-02-21T13:31:42.9935627Z ##[endgroup]
2025-02-21T13:31:42.9949300Z Temporarily overriding HOME='/home/runner/work/_temp/be827291-c982-4886-841a-5099439f31d9' before making global git config changes
2025-02-21T13:31:42.9950795Z Adding repository directory to the temporary git global config as a safe directory
2025-02-21T13:31:42.9954976Z [command]/usr/bin/git config --global --add safe.directory /home/runner/work/tardis/tardis
2025-02-21T13:31:42.9990073Z Deleting the contents of '/home/runner/work/tardis/tardis'
2025-02-21T13:31:42.9994077Z ##[group]Initializing the repository
2025-02-21T13:31:42.9997778Z [command]/usr/bin/git init /home/runner/work/tardis/tardis
2025-02-21T13:31:43.0067280Z hint: Using 'master' as the name for the initial branch. This default branch name
2025-02-21T13:31:43.0069153Z hint: is subject to change. To configure the initial branch name to use in all
2025-02-21T13:31:43.0070371Z hint: of your new repositories, which will suppress this warning, call:
2025-02-21T13:31:43.0071260Z hint:
2025-02-21T13:31:43.0071966Z hint: 	git config --global init.defaultBranch <name>
2025-02-21T13:31:43.0072986Z hint:
2025-02-21T13:31:43.0073913Z hint: Names commonly chosen instead of 'master' are 'main', 'trunk' and
2025-02-21T13:31:43.0075680Z hint: 'development'. The just-created branch can be renamed via this command:
2025-02-21T13:31:43.0077458Z hint:
2025-02-21T13:31:43.0078475Z hint: 	git branch -m <name>
2025-02-21T13:31:43.0080219Z Initialized empty Git repository in /home/runner/work/tardis/tardis/.git/
2025-02-21T13:31:43.0088753Z [command]/usr/bin/git remote add origin https://github.com/tardis-sn/tardis
2025-02-21T13:31:43.0122316Z ##[endgroup]
2025-02-21T13:31:43.0123789Z ##[group]Disabling automatic garbage collection
2025-02-21T13:31:43.0127651Z [command]/usr/bin/git config --local gc.auto 0
2025-02-21T13:31:43.0156364Z ##[endgroup]
2025-02-21T13:31:43.0157623Z ##[group]Setting up auth
2025-02-21T13:31:43.0163835Z [command]/usr/bin/git config --local --name-only --get-regexp core\.sshCommand
2025-02-21T13:31:43.0194833Z [command]/usr/bin/git submodule foreach --recursive sh -c "git config --local --name-only --get-regexp 'core\.sshCommand' && git config --local --unset-all 'core.sshCommand' || :"
2025-02-21T13:31:43.0500756Z [command]/usr/bin/git config --local --name-only --get-regexp http\.https\:\/\/github\.com\/\.extraheader
2025-02-21T13:31:43.0530208Z [command]/usr/bin/git submodule foreach --recursive sh -c "git config --local --name-only --get-regexp 'http\.https\:\/\/github\.com\/\.extraheader' && git config --local --unset-all 'http.https://github.com/.extraheader' || :"
2025-02-21T13:31:43.0764893Z [command]/usr/bin/git config --local http.https://github.com/.extraheader AUTHORIZATION: basic ***
2025-02-21T13:31:43.0803667Z ##[endgroup]
2025-02-21T13:31:43.0804958Z ##[group]Fetching the repository
2025-02-21T13:31:43.0814973Z [command]/usr/bin/git -c protocol.version=2 fetch --no-tags --prune --no-recurse-submodules --depth=1 origin +441604d238443784f58580dff670b4f5d489e95d:refs/remotes/pull/2977/merge
2025-02-21T13:31:44.2770209Z From https://github.com/tardis-sn/tardis
2025-02-21T13:31:44.2773371Z  * [new ref]         441604d238443784f58580dff670b4f5d489e95d -> pull/2977/merge
2025-02-21T13:31:44.2797512Z ##[endgroup]
2025-02-21T13:31:44.2798966Z ##[group]Determining the checkout info
2025-02-21T13:31:44.2800505Z ##[endgroup]
2025-02-21T13:31:44.2805914Z [command]/usr/bin/git sparse-checkout disable
2025-02-21T13:31:44.2847233Z [command]/usr/bin/git config --local --unset-all extensions.worktreeConfig
2025-02-21T13:31:44.2875443Z ##[group]Checking out the ref
2025-02-21T13:31:44.2879535Z [command]/usr/bin/git checkout --progress --force refs/remotes/pull/2977/merge
2025-02-21T13:31:44.4939471Z Note: switching to 'refs/remotes/pull/2977/merge'.
2025-02-21T13:31:44.4940801Z 
2025-02-21T13:31:44.4941865Z You are in 'detached HEAD' state. You can look around, make experimental
2025-02-21T13:31:44.4944549Z changes and commit them, and you can discard any commits you make in this
2025-02-21T13:31:44.4946350Z state without impacting any branches by switching back to a branch.
2025-02-21T13:31:44.4947765Z 
2025-02-21T13:31:44.4948476Z If you want to create a new branch to retain commits you create, you may
2025-02-21T13:31:44.4950098Z do so (now or later) by using -c with the switch command. Example:
2025-02-21T13:31:44.4950909Z 
2025-02-21T13:31:44.4951267Z   git switch -c <new-branch-name>
2025-02-21T13:31:44.4951850Z 
2025-02-21T13:31:44.4952188Z Or undo this operation with:
2025-02-21T13:31:44.4952957Z 
2025-02-21T13:31:44.4953263Z   git switch -
2025-02-21T13:31:44.4953715Z 
2025-02-21T13:31:44.4954541Z Turn off this advice by setting config variable advice.detachedHead to false
2025-02-21T13:31:44.4955683Z 
2025-02-21T13:31:44.4956925Z HEAD is now at 441604d Merge ea565e83b27e15f18d4a1bcc0f9da7b60962c49c into cec8b531cc56e66219fe3ca2efdbf837c008b852
2025-02-21T13:31:44.4970453Z ##[endgroup]
2025-02-21T13:31:44.5012064Z [command]/usr/bin/git log -1 --format=%H
2025-02-21T13:31:44.5036666Z 441604d238443784f58580dff670b4f5d489e95d
2025-02-21T13:31:44.5325284Z Prepare all required actions
2025-02-21T13:31:44.5325830Z Getting action download info
2025-02-21T13:31:44.6705232Z ##[group]Download immutable action package 'actions/cache@v4'
2025-02-21T13:31:44.6705850Z Version: 4.2.1
2025-02-21T13:31:44.6706410Z Digest: sha256:b0404c9628d43aa6855629075b28f32cadf8efc5c26198438149f78500112940
2025-02-21T13:31:44.6707153Z Source commit SHA: 0c907a75c2c80ebcb7f088228285e798b750cf8f
2025-02-21T13:31:44.6707676Z ##[endgroup]
2025-02-21T13:31:44.9082047Z ##[group]Run ./.github/actions/setup_lfs
2025-02-21T13:31:44.9082429Z with:
2025-02-21T13:31:44.9082915Z   regression-data-repo: tardis-sn/tardis-regression-data
2025-02-21T13:31:44.9083326Z   atom-data-sparse: false
2025-02-21T13:31:44.9083621Z env:
2025-02-21T13:31:44.9083855Z   CACHE_NUMBER: 0
2025-02-21T13:31:44.9084585Z   PYTEST_FLAGS: --tardis-regression-data=/home/runner/work/tardis/tardis/tardis-regression-data --cov=tardis --cov-report=xml --cov-report=html --cov-append
2025-02-21T13:31:44.9085415Z   CODECOV_TOKEN: 
2025-02-21T13:31:44.9085680Z ##[endgroup]
2025-02-21T13:31:44.9236248Z ##[group]Run actions/checkout@v4
2025-02-21T13:31:44.9236613Z with:
2025-02-21T13:31:44.9236932Z   repository: tardis-sn/tardis-regression-data
2025-02-21T13:31:44.9237332Z   path: tardis-regression-data
2025-02-21T13:31:44.9237664Z   lfs: false
2025-02-21T13:31:44.9238095Z   token: ***
2025-02-21T13:31:44.9238372Z   ssh-strict: true
2025-02-21T13:31:44.9238652Z   ssh-user: git
2025-02-21T13:31:44.9238944Z   persist-credentials: true
2025-02-21T13:31:44.9239250Z   clean: true
2025-02-21T13:31:44.9239544Z   sparse-checkout-cone-mode: true
2025-02-21T13:31:44.9239881Z   fetch-depth: 1
2025-02-21T13:31:44.9240166Z   fetch-tags: false
2025-02-21T13:31:44.9240453Z   show-progress: true
2025-02-21T13:31:44.9240746Z   submodules: false
2025-02-21T13:31:44.9241035Z   set-safe-directory: true
2025-02-21T13:31:44.9241343Z env:
2025-02-21T13:31:44.9241603Z   CACHE_NUMBER: 0
2025-02-21T13:31:44.9242355Z   PYTEST_FLAGS: --tardis-regression-data=/home/runner/work/tardis/tardis/tardis-regression-data --cov=tardis --cov-report=xml --cov-report=html --cov-append
2025-02-21T13:31:44.9243269Z   CODECOV_TOKEN: 
2025-02-21T13:31:44.9243547Z ##[endgroup]
2025-02-21T13:31:45.0183719Z Syncing repository: tardis-sn/tardis-regression-data
2025-02-21T13:31:45.0192861Z ##[group]Getting Git version info
2025-02-21T13:31:45.0193887Z Working directory is '/home/runner/work/tardis/tardis/tardis-regression-data'
2025-02-21T13:31:45.0238003Z [command]/usr/bin/git version
2025-02-21T13:31:45.0281773Z git version 2.48.1
2025-02-21T13:31:45.0308105Z ##[endgroup]
2025-02-21T13:31:45.0323002Z Temporarily overriding HOME='/home/runner/work/_temp/88317f4e-48cd-47cb-b816-6829e10deca7' before making global git config changes
2025-02-21T13:31:45.0324618Z Adding repository directory to the temporary git global config as a safe directory
2025-02-21T13:31:45.0329862Z [command]/usr/bin/git config --global --add safe.directory /home/runner/work/tardis/tardis/tardis-regression-data
2025-02-21T13:31:45.0362393Z ##[group]Initializing the repository
2025-02-21T13:31:45.0368383Z [command]/usr/bin/git init /home/runner/work/tardis/tardis/tardis-regression-data
2025-02-21T13:31:45.0404623Z hint: Using 'master' as the name for the initial branch. This default branch name
2025-02-21T13:31:45.0405839Z hint: is subject to change. To configure the initial branch name to use in all
2025-02-21T13:31:45.0406953Z hint: of your new repositories, which will suppress this warning, call:
2025-02-21T13:31:45.0407760Z hint:
2025-02-21T13:31:45.0408335Z hint: 	git config --global init.defaultBranch <name>
2025-02-21T13:31:45.0409041Z hint:
2025-02-21T13:31:45.0409736Z hint: Names commonly chosen instead of 'master' are 'main', 'trunk' and
2025-02-21T13:31:45.0410781Z hint: 'development'. The just-created branch can be renamed via this command:
2025-02-21T13:31:45.0411564Z hint:
2025-02-21T13:31:45.0412030Z hint: 	git branch -m <name>
2025-02-21T13:31:45.0413536Z Initialized empty Git repository in /home/runner/work/tardis/tardis/tardis-regression-data/.git/
2025-02-21T13:31:45.0417850Z [command]/usr/bin/git remote add origin https://github.com/tardis-sn/tardis-regression-data
2025-02-21T13:31:45.0452539Z ##[endgroup]
2025-02-21T13:31:45.0453335Z ##[group]Disabling automatic garbage collection
2025-02-21T13:31:45.0453822Z [command]/usr/bin/git config --local gc.auto 0
2025-02-21T13:31:45.0481660Z ##[endgroup]
2025-02-21T13:31:45.0482179Z ##[group]Setting up auth
2025-02-21T13:31:45.0488597Z [command]/usr/bin/git config --local --name-only --get-regexp core\.sshCommand
2025-02-21T13:31:45.0517540Z [command]/usr/bin/git submodule foreach --recursive sh -c "git config --local --name-only --get-regexp 'core\.sshCommand' && git config --local --unset-all 'core.sshCommand' || :"
2025-02-21T13:31:45.0741492Z [command]/usr/bin/git config --local --name-only --get-regexp http\.https\:\/\/github\.com\/\.extraheader
2025-02-21T13:31:45.0770546Z [command]/usr/bin/git submodule foreach --recursive sh -c "git config --local --name-only --get-regexp 'http\.https\:\/\/github\.com\/\.extraheader' && git config --local --unset-all 'http.https://github.com/.extraheader' || :"
2025-02-21T13:31:45.0998152Z [command]/usr/bin/git config --local http.https://github.com/.extraheader AUTHORIZATION: basic ***
2025-02-21T13:31:45.1033341Z ##[endgroup]
2025-02-21T13:31:45.1034359Z ##[group]Determining the default branch
2025-02-21T13:31:45.1037739Z Retrieving the default branch name
2025-02-21T13:31:45.3318460Z Default branch 'main'
2025-02-21T13:31:45.3319524Z ##[endgroup]
2025-02-21T13:31:45.3320151Z ##[group]Fetching the repository
2025-02-21T13:31:45.3326204Z [command]/usr/bin/git -c protocol.version=2 fetch --no-tags --prune --no-recurse-submodules --depth=1 origin +refs/heads/main:refs/remotes/origin/main
2025-02-21T13:31:45.5730491Z From https://github.com/tardis-sn/tardis-regression-data
2025-02-21T13:31:45.5731315Z  * [new branch]      main       -> origin/main
2025-02-21T13:31:45.5756823Z ##[endgroup]
2025-02-21T13:31:45.5757406Z ##[group]Determining the checkout info
2025-02-21T13:31:45.5758535Z ##[endgroup]
2025-02-21T13:31:45.5763888Z [command]/usr/bin/git sparse-checkout disable
2025-02-21T13:31:45.5800517Z [command]/usr/bin/git config --local --unset-all extensions.worktreeConfig
2025-02-21T13:31:45.5827663Z ##[group]Checking out the ref
2025-02-21T13:31:45.5831592Z [command]/usr/bin/git checkout --progress --force -B main refs/remotes/origin/main
2025-02-21T13:31:45.7036031Z Switched to a new branch 'main'
2025-02-21T13:31:45.7036912Z branch 'main' set up to track 'origin/main'.
2025-02-21T13:31:45.7314541Z ##[endgroup]
2025-02-21T13:31:45.7356563Z [command]/usr/bin/git log -1 --format=%H
2025-02-21T13:31:45.7381369Z 84e768462f20f09fbccc05625cdcc1d8ffbe404c
2025-02-21T13:31:45.7523169Z ##[group]Run if [ "false" == "true" ]; then
2025-02-21T13:31:45.7523575Z [36;1mif [ "false" == "true" ]; then[0m
2025-02-21T13:31:45.7523916Z [36;1m  echo "Using atom data sparse checkout"[0m
2025-02-21T13:31:45.7524603Z [36;1m  echo "atom_data/kurucz_cd23_chianti_H_He.h5" > .lfs-files-list[0m
2025-02-21T13:31:45.7524956Z [36;1melse[0m
2025-02-21T13:31:45.7525181Z [36;1m  echo "Using full repository checkout"[0m
2025-02-21T13:31:45.7525555Z [36;1m  git lfs ls-files -l | cut -d' ' -f1 | sort > .lfs-files-list[0m
2025-02-21T13:31:45.7525882Z [36;1mfi[0m
2025-02-21T13:31:45.7678432Z shell: /usr/bin/bash --noprofile --norc -e -o pipefail {0}
2025-02-21T13:31:45.7678901Z env:
2025-02-21T13:31:45.7679147Z   CACHE_NUMBER: 0
2025-02-21T13:31:45.7680059Z   PYTEST_FLAGS: --tardis-regression-data=/home/runner/work/tardis/tardis/tardis-regression-data --cov=tardis --cov-report=xml --cov-report=html --cov-append
2025-02-21T13:31:45.7681016Z   CODECOV_TOKEN: 
2025-02-21T13:31:45.7681284Z ##[endgroup]
2025-02-21T13:31:45.7773501Z Using full repository checkout
2025-02-21T13:31:45.9189896Z ##[group]Run actions/cache/restore@v4
2025-02-21T13:31:45.9190307Z with:
2025-02-21T13:31:45.9190616Z   path: tardis-regression-data/.git/lfs
2025-02-21T13:31:45.9191884Z   key: tardis-regression-full-data-c8ff2bbb6048b3f24d3f52a1e85b013ad47e52c369a6ce4cfdeff528b659b86f-tardis-sn/tardis-regression-data-v1
2025-02-21T13:31:45.9193289Z   fail-on-cache-miss: true
2025-02-21T13:31:45.9193660Z   enableCrossOsArchive: false
2025-02-21T13:31:45.9194018Z   lookup-only: false
2025-02-21T13:31:45.9194315Z env:
2025-02-21T13:31:45.9194571Z   CACHE_NUMBER: 0
2025-02-21T13:31:45.9195538Z   PYTEST_FLAGS: --tardis-regression-data=/home/runner/work/tardis/tardis/tardis-regression-data --cov=tardis --cov-report=xml --cov-report=html --cov-append
2025-02-21T13:31:45.9196597Z   CODECOV_TOKEN: 
2025-02-21T13:31:45.9196883Z ##[endgroup]
2025-02-21T13:31:46.1075181Z Cache hit for: tardis-regression-full-data-c8ff2bbb6048b3f24d3f52a1e85b013ad47e52c369a6ce4cfdeff528b659b86f-tardis-sn/tardis-regression-data-v1
2025-02-21T13:31:47.1441148Z Received 239075328 of 2161656325 (11.1%), 228.0 MBs/sec
2025-02-21T13:31:48.1445113Z Received 478150656 of 2161656325 (22.1%), 227.9 MBs/sec
2025-02-21T13:31:49.1481237Z Received 708837376 of 2161656325 (32.8%), 225.0 MBs/sec
2025-02-21T13:31:50.1479379Z Received 977272832 of 2161656325 (45.2%), 232.8 MBs/sec
2025-02-21T13:31:51.1534857Z Received 1224736768 of 2161656325 (56.7%), 233.1 MBs/sec
2025-02-21T13:31:52.1741405Z Received 1497366528 of 2161656325 (69.3%), 236.8 MBs/sec
2025-02-21T13:31:53.1747033Z Received 1744830464 of 2161656325 (80.7%), 236.7 MBs/sec
2025-02-21T13:31:54.1799742Z Received 2030043136 of 2161656325 (93.9%), 240.9 MBs/sec
2025-02-21T13:31:54.6814011Z Received 2161656325 of 2161656325 (100.0%), 241.5 MBs/sec
2025-02-21T13:31:54.6816901Z Cache Size: ~2062 MB (2161656325 B)
2025-02-21T13:31:54.6855567Z [command]/usr/bin/tar -xf /home/runner/work/_temp/90d59d0f-dd05-4f0c-854a-38137c204cf6/cache.tzst -P -C /home/runner/work/tardis/tardis --use-compress-program unzstd
2025-02-21T13:32:06.0794882Z Cache restored successfully
2025-02-21T13:32:06.4563664Z Cache restored from key: tardis-regression-full-data-c8ff2bbb6048b3f24d3f52a1e85b013ad47e52c369a6ce4cfdeff528b659b86f-tardis-sn/tardis-regression-data-v1
2025-02-21T13:32:06.4734287Z ##[group]Run git lfs checkout
2025-02-21T13:32:06.4734552Z [36;1mgit lfs checkout[0m
2025-02-21T13:32:06.4793271Z shell: /usr/bin/bash --noprofile --norc -e -o pipefail {0}
2025-02-21T13:32:06.4793626Z env:
2025-02-21T13:32:06.4793812Z   CACHE_NUMBER: 0
2025-02-21T13:32:06.4794496Z   PYTEST_FLAGS: --tardis-regression-data=/home/runner/work/tardis/tardis/tardis-regression-data --cov=tardis --cov-report=xml --cov-report=html --cov-append
2025-02-21T13:32:06.4795222Z   CODECOV_TOKEN: 
2025-02-21T13:32:06.4795427Z ##[endgroup]
2025-02-21T13:32:26.2463314Z Checking out LFS objects: 100% (204/204), 5.7 GB | 260 MB/s, done.
2025-02-21T13:32:29.5773471Z Prepare all required actions
2025-02-21T13:32:29.5773832Z Getting action download info
2025-02-21T13:32:29.6728999Z Download action repository 'mamba-org/setup-micromamba@v1' (SHA:4b9113af4fba0e9e1124b252dd6497a419e7396d)
2025-02-21T13:32:29.9366135Z ##[group]Run ./.github/actions/setup_env
2025-02-21T13:32:29.9366615Z with:
2025-02-21T13:32:29.9366799Z   os-label: linux-64
2025-02-21T13:32:29.9366995Z env:
2025-02-21T13:32:29.9367169Z   CACHE_NUMBER: 0
2025-02-21T13:32:29.9367799Z   PYTEST_FLAGS: --tardis-regression-data=/home/runner/work/tardis/tardis/tardis-regression-data --cov=tardis --cov-report=xml --cov-report=html --cov-append
2025-02-21T13:32:29.9368460Z   CODECOV_TOKEN: 
2025-02-21T13:32:29.9368644Z ##[endgroup]
2025-02-21T13:32:29.9390597Z ##[group]Run file_hash=$(cat conda-linux-64.lock | shasum -a 256 | cut -d' ' -f1)
2025-02-21T13:32:29.9391094Z [36;1mfile_hash=$(cat conda-linux-64.lock | shasum -a 256 | cut -d' ' -f1)[0m
2025-02-21T13:32:29.9391666Z [36;1mecho "file_hash=tardis-conda-env-linux-64-${file_hash}-v1" >> "${GITHUB_OUTPUT}"[0m
2025-02-21T13:32:29.9448821Z shell: /usr/bin/bash --noprofile --norc -e -o pipefail {0}
2025-02-21T13:32:29.9449153Z env:
2025-02-21T13:32:29.9449319Z   CACHE_NUMBER: 0
2025-02-21T13:32:29.9449935Z   PYTEST_FLAGS: --tardis-regression-data=/home/runner/work/tardis/tardis/tardis-regression-data --cov=tardis --cov-report=xml --cov-report=html --cov-append
2025-02-21T13:32:29.9450603Z   CODECOV_TOKEN: 
2025-02-21T13:32:29.9450785Z ##[endgroup]
2025-02-21T13:32:29.9793940Z ##[group]Run mamba-org/setup-micromamba@v1
2025-02-21T13:32:29.9794214Z with:
2025-02-21T13:32:29.9794411Z   environment-file: conda-linux-64.lock
2025-02-21T13:32:29.9794975Z   cache-environment-key: tardis-conda-env-linux-64-d7cd390425b0fd3cf82649dcc003efba9915fb4928f15d342148c3ccffcbe2ee-v1
2025-02-21T13:32:29.9795812Z   cache-downloads-key: tardis-conda-env-linux-64-d7cd390425b0fd3cf82649dcc003efba9915fb4928f15d342148c3ccffcbe2ee-v1
2025-02-21T13:32:29.9796375Z   environment-name: tardis
2025-02-21T13:32:29.9796596Z   cache-environment: true
2025-02-21T13:32:29.9796812Z   cache-downloads: true
2025-02-21T13:32:29.9797011Z env:
2025-02-21T13:32:29.9797177Z   CACHE_NUMBER: 0
2025-02-21T13:32:29.9797788Z   PYTEST_FLAGS: --tardis-regression-data=/home/runner/work/tardis/tardis/tardis-regression-data --cov=tardis --cov-report=xml --cov-report=html --cov-append
2025-02-21T13:32:29.9798439Z   CODECOV_TOKEN: 
2025-02-21T13:32:29.9798620Z ##[endgroup]
2025-02-21T13:32:30.1163814Z Will download micromamba to /home/runner/micromamba-bin/micromamba
2025-02-21T13:32:30.1173814Z ##[group]Install micromamba
2025-02-21T13:32:30.3801538Z micromamba installed to /home/runner/micromamba-bin/micromamba
2025-02-21T13:32:30.3802938Z ##[endgroup]
2025-02-21T13:32:30.3803609Z Adding conda-forge to condarc channels ...
2025-02-21T13:32:30.3813642Z ##[group]Initialize micromamba for bash.
2025-02-21T13:32:30.3831402Z [command]/home/runner/micromamba-bin/micromamba shell init -s bash -r /home/runner/micromamba --log-level warning --rc-file /home/runner/work/_temp/setup-micromamba/.condarc
2025-02-21T13:32:30.3948269Z Modifying RC file "/home/runner/.bashrc"
2025-02-21T13:32:30.3951101Z Generating config for root prefix [1m"/home/runner/micromamba"[0m
2025-02-21T13:32:30.3952113Z Setting mamba executable to: [1m"/home/runner/micromamba-bin/micromamba"[0m
2025-02-21T13:32:30.3953238Z Adding (or replacing) the following in your "/home/runner/.bashrc" file
2025-02-21T13:32:30.3953752Z 
2025-02-21T13:32:30.3953901Z # >>> mamba initialize >>>
2025-02-21T13:32:30.3954416Z # !! Contents within this block are managed by 'mamba init' !!
2025-02-21T13:32:30.3955110Z export MAMBA_EXE='/home/runner/micromamba-bin/micromamba';
2025-02-21T13:32:30.3955758Z export MAMBA_ROOT_PREFIX='/home/runner/micromamba';
2025-02-21T13:32:30.3956625Z __mamba_setup="$("$MAMBA_EXE" shell hook --shell bash --root-prefix "$MAMBA_ROOT_PREFIX" 2> /dev/null)"
2025-02-21T13:32:30.3957396Z if [ $? -eq 0 ]; then
2025-02-21T13:32:30.3958125Z     eval "$__mamba_setup"
2025-02-21T13:32:30.3958518Z else
2025-02-21T13:32:30.3958984Z     alias micromamba="$MAMBA_EXE"  # Fallback on help from mamba activate
2025-02-21T13:32:30.3959570Z fi
2025-02-21T13:32:30.3959853Z unset __mamba_setup
2025-02-21T13:32:30.3960452Z # <<< mamba initialize <<<
2025-02-21T13:32:30.3960697Z 
2025-02-21T13:32:30.3968481Z Moving mamba initialize block to .bash_profile
2025-02-21T13:32:30.3981575Z ##[endgroup]
2025-02-21T13:32:30.3982989Z ##[group]Restoring downloads from `/home/runner/micromamba/pkgs` ...
2025-02-21T13:32:31.5027010Z Received 301989888 of 356815776 (84.6%), 285.1 MBs/sec
2025-02-21T13:32:31.6535648Z Cache Size: ~340 MB (356815776 B)
2025-02-21T13:32:31.6649596Z [command]/usr/bin/tar -xf /home/runner/work/_temp/23e40012-2ab1-4f8e-883a-12ea38742323/cache.tzst -P -C /home/runner/work/tardis/tardis --use-compress-program unzstd
2025-02-21T13:32:32.1290508Z Cache restored successfully
2025-02-21T13:32:32.2023958Z Restored cache with key `tardis-conda-env-linux-64-d7cd390425b0fd3cf82649dcc003efba9915fb4928f15d342148c3ccffcbe2ee-v1-linux-64`
2025-02-21T13:32:32.2025467Z ##[endgroup]
2025-02-21T13:32:32.2035905Z ##[group]Restoring environment `tardis` from `/home/runner/micromamba/envs/tardis` ...
2025-02-21T13:32:32.5081158Z Received 356815776 of 356815776 (100.0%), 168.9 MBs/sec
2025-02-21T13:32:33.2704205Z Received 352321536 of 444032293 (79.3%), 334.7 MBs/sec
2025-02-21T13:32:33.5214998Z Cache Size: ~423 MB (444032293 B)
2025-02-21T13:32:33.5254467Z [command]/usr/bin/tar -xf /home/runner/work/_temp/0d51bf76-ea9c-4429-bb12-6bfff067898f/cache.tzst -P -C /home/runner/work/tardis/tardis --use-compress-program unzstd
2025-02-21T13:32:34.2728798Z Received 444032293 of 444032293 (100.0%), 211.0 MBs/sec
2025-02-21T13:32:38.7673619Z Cache restored successfully
2025-02-21T13:32:38.9676141Z Restored cache with key `tardis-conda-env-linux-64-d7cd390425b0fd3cf82649dcc003efba9915fb4928f15d342148c3ccffcbe2ee-v1-linux-64-tardis-args-4f53cda-root-dcc80ee-bin-[object Promise]-file-d7cd390425b0fd3cf82649dcc003efba9915fb4928f15d342148c3ccffcbe2ee`
2025-02-21T13:32:38.9677823Z ##[endgroup]
2025-02-21T13:32:38.9678096Z Adding environment tardis to auto-activate bash ...
2025-02-21T13:32:38.9690987Z Generating micromamba run shell.
2025-02-21T13:32:38.9702526Z ##[endgroup]
2025-02-21T13:32:38.9706986Z Set environment variables.
2025-02-21T13:32:38.9711146Z ##[group]micromamba info
2025-02-21T13:32:38.9714969Z [command]/home/runner/micromamba-bin/micromamba info -r /home/runner/micromamba -n tardis
2025-02-21T13:32:38.9951481Z 
2025-02-21T13:32:38.9951748Z        libmamba version : 1.5.10
2025-02-21T13:32:38.9952270Z      micromamba version : 1.5.10
2025-02-21T13:32:38.9953245Z            curl version : libcurl/8.10.1 OpenSSL/3.3.2 zlib/1.3.1 zstd/1.5.6 libssh2/1.11.0 nghttp2/1.58.0
2025-02-21T13:32:38.9954307Z      libarchive version : libarchive 3.7.4 zlib/1.2.13 bz2lib/1.0.8 libzstd/1.5.6
2025-02-21T13:32:38.9955088Z        envs directories : /home/runner/micromamba/envs
2025-02-21T13:32:38.9955775Z           package cache : /home/runner/micromamba/pkgs
2025-02-21T13:32:38.9956379Z                           /home/runner/.mamba/pkgs
2025-02-21T13:32:38.9956899Z             environment : tardis
2025-02-21T13:32:38.9957461Z            env location : /home/runner/micromamba/envs/tardis
2025-02-21T13:32:38.9958133Z       user config files : /home/runner/.mambarc
2025-02-21T13:32:38.9958818Z  populated config files : /home/runner/work/_temp/setup-micromamba/.condarc
2025-02-21T13:32:38.9959538Z        virtual packages : __unix=0=0
2025-02-21T13:32:38.9959959Z                           __linux=6.8.0=0
2025-02-21T13:32:38.9960495Z                           __glibc=2.39=0
2025-02-21T13:32:38.9961037Z                           __archspec=1=x86_64_v3
2025-02-21T13:32:38.9961713Z                channels : https://conda.anaconda.org/conda-forge/linux-64
2025-02-21T13:32:38.9962323Z                           https://conda.anaconda.org/conda-forge/noarch
2025-02-21T13:32:38.9963373Z        base environment : /home/runner/micromamba
2025-02-21T13:32:38.9963851Z                platform : linux-64
2025-02-21T13:32:38.9971838Z ##[endgroup]
2025-02-21T13:32:38.9972410Z ##[group]micromamba list
2025-02-21T13:32:38.9974320Z [command]/home/runner/micromamba-bin/micromamba list -r /home/runner/micromamba -n tardis
2025-02-21T13:32:39.3845567Z List of packages in environment: "/home/runner/micromamba/envs/tardis"
2025-02-21T13:32:39.3846109Z 
2025-02-21T13:32:39.3846384Z   Name                           Version              Build                    Channel    
2025-02-21T13:32:39.3847470Z â”€â”€â”€â”€â”€â”€â”€â”€â”€â”€â”€â”€â”€â”€â”€â”€â”€â”€â”€â”€â”€â”€â”€â”€â”€â”€â”€â”€â”€â”€â”€â”€â”€â”€â”€â”€â”€â”€â”€â”€â”€â”€â”€â”€â”€â”€â”€â”€â”€â”€â”€â”€â”€â”€â”€â”€â”€â”€â”€â”€â”€â”€â”€â”€â”€â”€â”€â”€â”€â”€â”€â”€â”€â”€â”€â”€â”€â”€â”€â”€â”€â”€â”€â”€â”€â”€â”€â”€â”€â”€â”€â”€
2025-02-21T13:32:39.3848151Z   _libgcc_mutex                  0.1                  conda_forge              conda-forge
2025-02-21T13:32:39.3848827Z   _openmp_mutex                  4.5                  2_gnu                    conda-forge
2025-02-21T13:32:39.3849529Z   alabaster                      0.7.16               pyhd8ed1ab_0             conda-forge
2025-02-21T13:32:39.3850125Z   anyio                          4.4.0                pyhd8ed1ab_0             conda-forge
2025-02-21T13:32:39.3850776Z   argon2-cffi                    23.1.0               pyhd8ed1ab_0             conda-forge
2025-02-21T13:32:39.3851487Z   argon2-cffi-bindings           21.2.0               py312h98912ed_4          conda-forge
2025-02-21T13:32:39.3852102Z   arrow                          1.3.0                pyhd8ed1ab_0             conda-forge
2025-02-21T13:32:39.3852820Z   astropy                        6.1.1                py312h085067d_0          conda-forge
2025-02-21T13:32:39.3853459Z   astropy-iers-data              0.2024.6.17.0.31.35  pyhd8ed1ab_0             conda-forge
2025-02-21T13:32:39.3854150Z   astropy-sphinx-theme           1.1                  pyhd8ed1ab_0             conda-forge
2025-02-21T13:32:39.3854850Z   asttokens                      2.4.1                pyhd8ed1ab_0             conda-forge
2025-02-21T13:32:39.3855517Z   async-lru                      2.0.4                pyhd8ed1ab_0             conda-forge
2025-02-21T13:32:39.3856123Z   atk-1.0                        2.38.0               h04ea711_2               conda-forge
2025-02-21T13:32:39.3856690Z   attrs                          23.2.0               pyh71513ae_0             conda-forge
2025-02-21T13:32:39.3857260Z   babel                          2.14.0               pyhd8ed1ab_0             conda-forge
2025-02-21T13:32:39.3857861Z   beautifulsoup4                 4.12.3               pyha770c72_0             conda-forge
2025-02-21T13:32:39.3858452Z   bleach                         6.1.0                pyhd8ed1ab_0             conda-forge
2025-02-21T13:32:39.3859058Z   blosc                          1.21.5               hc2324a3_1               conda-forge
2025-02-21T13:32:39.3859630Z   brotli                         1.1.0                hd590300_1               conda-forge
2025-02-21T13:32:39.3860222Z   brotli-bin                     1.1.0                hd590300_1               conda-forge
2025-02-21T13:32:39.3860849Z   brotli-python                  1.1.0                py312h30efb56_1          conda-forge
2025-02-21T13:32:39.3861458Z   bzip2                          1.0.8                hd590300_5               conda-forge
2025-02-21T13:32:39.3862033Z   c-ares                         1.28.1               hd590300_0               conda-forge
2025-02-21T13:32:39.3862626Z   c-blosc2                       2.14.4               hb4ffafa_1               conda-forge
2025-02-21T13:32:39.3863448Z   ca-certificates                2024.6.2             hbcca054_0               conda-forge
2025-02-21T13:32:39.3864141Z   cached-property                1.5.2                hd8ed1ab_1               conda-forge
2025-02-21T13:32:39.3864832Z   cached_property                1.5.2                pyha770c72_1             conda-forge
2025-02-21T13:32:39.3865476Z   cairo                          1.18.0               h3faef2a_0               conda-forge
2025-02-21T13:32:39.3866347Z   certifi                        2024.6.2             pyhd8ed1ab_0             conda-forge
2025-02-21T13:32:39.3866973Z   cffi                           1.16.0               py312hf06ca03_0          conda-forge
2025-02-21T13:32:39.3867642Z   charset-normalizer             3.3.2                pyhd8ed1ab_0             conda-forge
2025-02-21T13:32:39.3868486Z   click                          8.1.7                unix_pyh707e725_0        conda-forge
2025-02-21T13:32:39.3869099Z   codespell                      2.3.0                pyhd8ed1ab_0             conda-forge
2025-02-21T13:32:39.3869727Z   colorama                       0.4.6                pyhd8ed1ab_0             conda-forge
2025-02-21T13:32:39.3870320Z   comm                           0.2.2                pyhd8ed1ab_0             conda-forge
2025-02-21T13:32:39.3870924Z   commonmark                     0.9.1                py_0                     conda-forge
2025-02-21T13:32:39.3871572Z   contourpy                      1.2.1                py312h8572e83_0          conda-forge
2025-02-21T13:32:39.3872207Z   coverage                       7.5.3                py312h9a8786e_0          conda-forge
2025-02-21T13:32:39.3872957Z   cycler                         0.12.1               pyhd8ed1ab_0             conda-forge
2025-02-21T13:32:39.3873581Z   dataclasses                    0.8                  pyhc8e2a94_3             conda-forge
2025-02-21T13:32:39.3874209Z   debugpy                        1.8.1                py312h30efb56_0          conda-forge
2025-02-21T13:32:39.3874844Z   decorator                      5.1.1                pyhd8ed1ab_0             conda-forge
2025-02-21T13:32:39.3875500Z   defusedxml                     0.7.1                pyhd8ed1ab_0             conda-forge
2025-02-21T13:32:39.3876155Z   docutils                       0.20.1               py312h7900ff3_3          conda-forge
2025-02-21T13:32:39.3876783Z   dot2tex                        2.11.3               pyhd8ed1ab_0             conda-forge
2025-02-21T13:32:39.3877435Z   entrypoints                    0.4                  pyhd8ed1ab_0             conda-forge
2025-02-21T13:32:39.3878137Z   exceptiongroup                 1.2.0                pyhd8ed1ab_2             conda-forge
2025-02-21T13:32:39.3878826Z   executing                      2.0.1                pyhd8ed1ab_0             conda-forge
2025-02-21T13:32:39.3879457Z   expat                          2.6.2                h59595ed_0               conda-forge
2025-02-21T13:32:39.3880161Z   font-ttf-dejavu-sans-mono      2.37                 hab24e00_0               conda-forge
2025-02-21T13:32:39.3880966Z   font-ttf-inconsolata           3.000                h77eed37_0               conda-forge
2025-02-21T13:32:39.3881752Z   font-ttf-source-code-pro       2.038                h77eed37_0               conda-forge
2025-02-21T13:32:39.3882497Z   font-ttf-ubuntu                0.83                 h77eed37_2               conda-forge
2025-02-21T13:32:39.3883372Z   fontconfig                     2.14.2               h14ed4e7_0               conda-forge
2025-02-21T13:32:39.3884096Z   fonts-conda-ecosystem          1                    0                        conda-forge
2025-02-21T13:32:39.3884835Z   fonts-conda-forge              1                    0                        conda-forge
2025-02-21T13:32:39.3885511Z   fonttools                      4.53.0               py312h9a8786e_0          conda-forge
2025-02-21T13:32:39.3886147Z   fqdn                           1.5.1                pyhd8ed1ab_0             conda-forge
2025-02-21T13:32:39.3886764Z   freetype                       2.12.1               h267a509_2               conda-forge
2025-02-21T13:32:39.3887351Z   fribidi                        1.0.10               h36c2ea0_0               conda-forge
2025-02-21T13:32:39.3887882Z   future                         1.0.0                pyhd8ed1ab_0             conda-forge
2025-02-21T13:32:39.3888267Z   gdk-pixbuf                     2.42.12              hb9ae30d_0               conda-forge
2025-02-21T13:32:39.3888879Z   giflib                         5.2.2                hd590300_0               conda-forge
2025-02-21T13:32:39.3889282Z   git-lfs                        3.5.1                ha770c72_0               conda-forge
2025-02-21T13:32:39.3889630Z   gmp                            6.3.0                h59595ed_1               conda-forge
2025-02-21T13:32:39.3890089Z   gmpy2                          2.1.5                py312h1d5cde6_1          conda-forge
2025-02-21T13:32:39.3890461Z   graphite2                      1.3.13               h59595ed_1003            conda-forge
2025-02-21T13:32:39.3890895Z   graphviz                       11.0.0               hc68bbd7_0               conda-forge
2025-02-21T13:32:39.3891528Z   gtk2                           2.24.33              h280cfa0_4               conda-forge
2025-02-21T13:32:39.3892105Z   gts                            0.7.6                h977cf35_4               conda-forge
2025-02-21T13:32:39.3892444Z   h11                            0.14.0               pyhd8ed1ab_0             conda-forge
2025-02-21T13:32:39.3892966Z   h2                             4.1.0                pyhd8ed1ab_0             conda-forge
2025-02-21T13:32:39.3893319Z   h5py                           3.11.0               nompi_py312hb7ab980_102  conda-forge
2025-02-21T13:32:39.3893788Z   harfbuzz                       8.5.0                hfac3d4d_0               conda-forge
2025-02-21T13:32:39.3894418Z   hdf5                           1.14.3               nompi_hdf9ad27_105       conda-forge
2025-02-21T13:32:39.3894947Z   hpack                          4.0.0                pyh9f0ad1d_0             conda-forge
2025-02-21T13:32:39.3895417Z   httpcore                       1.0.5                pyhd8ed1ab_0             conda-forge
2025-02-21T13:32:39.3896101Z   httpx                          0.27.0               pyhd8ed1ab_0             conda-forge
2025-02-21T13:32:39.3896737Z   hyperframe                     6.0.1                pyhd8ed1ab_0             conda-forge
2025-02-21T13:32:39.3897391Z   icu                            73.2                 h59595ed_0               conda-forge
2025-02-21T13:32:39.3897978Z   idna                           3.7                  pyhd8ed1ab_0             conda-forge
2025-02-21T13:32:39.3898621Z   imagesize                      1.4.1                pyhd8ed1ab_0             conda-forge
2025-02-21T13:32:39.3899328Z   importlib-metadata             7.1.0                pyha770c72_0             conda-forge
2025-02-21T13:32:39.3899838Z   importlib_metadata             7.1.0                hd8ed1ab_0               conda-forge
2025-02-21T13:32:39.3900268Z   importlib_resources            6.4.0                pyhd8ed1ab_0             conda-forge
2025-02-21T13:32:39.3900674Z   iniconfig                      2.0.0                pyhd8ed1ab_0             conda-forge
2025-02-21T13:32:39.3901046Z   ipykernel                      6.29.4               pyh3099207_0             conda-forge
2025-02-21T13:32:39.3901413Z   ipython                        8.25.0               pyh707e725_0             conda-forge
2025-02-21T13:32:39.3901802Z   ipython_genutils               0.2.0                pyhd8ed1ab_1             conda-forge
2025-02-21T13:32:39.3902281Z   ipywidgets                     7.8.0                pyhd8ed1ab_0             conda-forge
2025-02-21T13:32:39.3902838Z   isoduration                    20.11.0              pyhd8ed1ab_0             conda-forge
2025-02-21T13:32:39.3903249Z   jedi                           0.19.1               pyhd8ed1ab_0             conda-forge
2025-02-21T13:32:39.3903600Z   jinja2                         3.1.4                pyhd8ed1ab_0             conda-forge
2025-02-21T13:32:39.3903949Z   json5                          0.9.25               pyhd8ed1ab_0             conda-forge
2025-02-21T13:32:39.3904315Z   jsonpointer                    3.0.0                py312h7900ff3_0          conda-forge
2025-02-21T13:32:39.3904705Z   jsonschema                     4.22.0               pyhd8ed1ab_0             conda-forge
2025-02-21T13:32:39.3905319Z   jsonschema-specifications      2023.12.1            pyhd8ed1ab_0             conda-forge
2025-02-21T13:32:39.3905843Z   jsonschema-with-format-nongpl  4.22.0               pyhd8ed1ab_0             conda-forge
2025-02-21T13:32:39.3906314Z   jupyter-lsp                    2.2.5                pyhd8ed1ab_0             conda-forge
2025-02-21T13:32:39.3906809Z   jupyter_client                 8.6.2                pyhd8ed1ab_0             conda-forge
2025-02-21T13:32:39.3907194Z   jupyter_core                   5.7.2                py312h7900ff3_0          conda-forge
2025-02-21T13:32:39.3907583Z   jupyter_events                 0.10.0               pyhd8ed1ab_0             conda-forge
2025-02-21T13:32:39.3907985Z   jupyter_server                 2.14.1               pyhd8ed1ab_0             conda-forge
2025-02-21T13:32:39.3908424Z   jupyter_server_terminals       0.5.3                pyhd8ed1ab_0             conda-forge
2025-02-21T13:32:39.3908840Z   jupyterlab                     4.2.2                pyhd8ed1ab_0             conda-forge
2025-02-21T13:32:39.3909254Z   jupyterlab_pygments            0.3.0                pyhd8ed1ab_1             conda-forge
2025-02-21T13:32:39.3909681Z   jupyterlab_server              2.27.2               pyhd8ed1ab_0             conda-forge
2025-02-21T13:32:39.3910098Z   jupyterlab_widgets             1.1.7                pyhd8ed1ab_0             conda-forge
2025-02-21T13:32:39.3910496Z   keyutils                       1.6.1                h166bdaf_0               conda-forge
2025-02-21T13:32:39.3910863Z   kiwisolver                     1.4.5                py312h8572e83_1          conda-forge
2025-02-21T13:32:39.3911216Z   krb5                           1.21.2               h659d440_0               conda-forge
2025-02-21T13:32:39.3911573Z   latexcodec                     2.0.1                pyh9f0ad1d_0             conda-forge
2025-02-21T13:32:39.3911930Z   lcms2                          2.16                 hb7c19ff_0               conda-forge
2025-02-21T13:32:39.3912299Z   ld_impl_linux-64               2.40                 hf3520f5_7               conda-forge
2025-02-21T13:32:39.3912821Z   lerc                           4.0.0                h27087fc_0               conda-forge
2025-02-21T13:32:39.3913260Z   libaec                         1.1.3                h59595ed_0               conda-forge
2025-02-21T13:32:39.3913636Z   libblas                        3.9.0                22_linux64_openblas      conda-forge
2025-02-21T13:32:39.3914023Z   libbrotlicommon                1.1.0                hd590300_1               conda-forge
2025-02-21T13:32:39.3914425Z   libbrotlidec                   1.1.0                hd590300_1               conda-forge
2025-02-21T13:32:39.3914805Z   libbrotlienc                   1.1.0                hd590300_1               conda-forge
2025-02-21T13:32:39.3915186Z   libcblas                       3.9.0                22_linux64_openblas      conda-forge
2025-02-21T13:32:39.3915549Z   libcurl                        8.8.0                hca28451_0               conda-forge
2025-02-21T13:32:39.3915916Z   libdeflate                     1.20                 hd590300_0               conda-forge
2025-02-21T13:32:39.3916292Z   libedit                        3.1.20191231         he28a2e2_2               conda-forge
2025-02-21T13:32:39.3916647Z   libev                          4.33                 hd590300_2               conda-forge
2025-02-21T13:32:39.3917002Z   libexpat                       2.6.2                h59595ed_0               conda-forge
2025-02-21T13:32:39.3917363Z   libffi                         3.4.2                h7f98852_5               conda-forge
2025-02-21T13:32:39.3917717Z   libgcc-ng                      13.2.0               h77fa898_10              conda-forge
2025-02-21T13:32:39.3918068Z   libgd                          2.3.3                h119a65a_9               conda-forge
2025-02-21T13:32:39.3918438Z   libgfortran-ng                 13.2.0               h69a702a_10              conda-forge
2025-02-21T13:32:39.3918981Z   libgfortran5                   13.2.0               h3d2ce59_10              conda-forge
2025-02-21T13:32:39.3919364Z   libglib                        2.80.2               h8a4344b_1               conda-forge
2025-02-21T13:32:39.3919719Z   libgomp                        13.2.0               h77fa898_10              conda-forge
2025-02-21T13:32:39.3920183Z   libiconv                       1.17                 hd590300_2               conda-forge
2025-02-21T13:32:39.3920558Z   libjpeg-turbo                  3.0.0                hd590300_1               conda-forge
2025-02-21T13:32:39.3920947Z   liblapack                      3.9.0                22_linux64_openblas      conda-forge
2025-02-21T13:32:39.3921321Z   libllvm14                      14.0.6               hcd5def8_4               conda-forge
2025-02-21T13:32:39.3921700Z   libnghttp2                     1.58.0               h47da74e_1               conda-forge
2025-02-21T13:32:39.3922060Z   libnsl                         2.0.1                hd590300_0               conda-forge
2025-02-21T13:32:39.3922438Z   libopenblas                    0.3.27               pthreads_h413a1c8_0      conda-forge
2025-02-21T13:32:39.3923025Z   libpng                         1.6.43               h2797004_0               conda-forge
2025-02-21T13:32:39.3923389Z   librsvg                        2.58.1               hadf69e7_0               conda-forge
2025-02-21T13:32:39.3923768Z   libsodium                      1.0.18               h36c2ea0_1               conda-forge
2025-02-21T13:32:39.3924137Z   libsqlite                      3.46.0               hde9e2c9_0               conda-forge
2025-02-21T13:32:39.3924500Z   libssh2                        1.11.0               h0841786_0               conda-forge
2025-02-21T13:32:39.3924871Z   libstdcxx-ng                   13.2.0               hc0a3c3a_10              conda-forge
2025-02-21T13:32:39.3925240Z   libtiff                        4.6.0                h1dd3fc0_3               conda-forge
2025-02-21T13:32:39.3925599Z   libuuid                        2.38.1               h0b41bf4_0               conda-forge
2025-02-21T13:32:39.3925991Z   libwebp                        1.4.0                h2c329e2_0               conda-forge
2025-02-21T13:32:39.3926358Z   libwebp-base                   1.4.0                hd590300_0               conda-forge
2025-02-21T13:32:39.3926720Z   libxcb                         1.15                 h0b41bf4_0               conda-forge
2025-02-21T13:32:39.3927082Z   libxcrypt                      4.4.36               hd590300_1               conda-forge
2025-02-21T13:32:39.3927443Z   libxml2                        2.12.7               hc051c1a_1               conda-forge
2025-02-21T13:32:39.3927792Z   libxslt                        1.1.39               h76b75d6_0               conda-forge
2025-02-21T13:32:39.3928142Z   libzlib                        1.3.1                h4ab18f5_1               conda-forge
2025-02-21T13:32:39.3928508Z   llvmlite                       0.42.0               py312hb06c811_1          conda-forge
2025-02-21T13:32:39.3928866Z   lxml                           5.2.2                py312hb90d8a5_0          conda-forge
2025-02-21T13:32:39.3929203Z   lz4-c                          1.9.4                hcb278e6_0               conda-forge
2025-02-21T13:32:39.3929531Z   lzo                            2.10                 hd590300_1001            conda-forge
2025-02-21T13:32:39.3929892Z   markupsafe                     2.1.5                py312h98912ed_0          conda-forge
2025-02-21T13:32:39.3930285Z   matplotlib-base                3.8.4                py312h20ab3a6_2          conda-forge
2025-02-21T13:32:39.3930703Z   matplotlib-inline              0.1.7                pyhd8ed1ab_0             conda-forge
2025-02-21T13:32:39.3931099Z   mistune                        3.0.2                pyhd8ed1ab_0             conda-forge
2025-02-21T13:32:39.3931449Z   mpc                            1.3.1                hfe3b2da_0               conda-forge
2025-02-21T13:32:39.3931975Z   mpfr                           4.2.1                h9458935_1               conda-forge
2025-02-21T13:32:39.3932336Z   mpmath                         1.3.0                pyhd8ed1ab_0             conda-forge
2025-02-21T13:32:39.3932856Z   munkres                        1.1.4                pyh9f0ad1d_0             conda-forge
2025-02-21T13:32:39.3933453Z   mypy_extensions                1.0.0                pyha770c72_0             conda-forge
2025-02-21T13:32:39.3934020Z   nbclassic                      1.1.0                pyhd8ed1ab_0             conda-forge
2025-02-21T13:32:39.3934392Z   nbclient                       0.10.0               pyhd8ed1ab_0             conda-forge
2025-02-21T13:32:39.3934783Z   nbconvert                      7.16.4               hd8ed1ab_1               conda-forge
2025-02-21T13:32:39.3935168Z   nbconvert-core                 7.16.4               pyhd8ed1ab_1             conda-forge
2025-02-21T13:32:39.3935590Z   nbconvert-pandoc               7.16.4               hd8ed1ab_1               conda-forge
2025-02-21T13:32:39.3935994Z   nbformat                       5.10.4               pyhd8ed1ab_0             conda-forge
2025-02-21T13:32:39.3936365Z   nbsphinx                       0.9.4                pyhd8ed1ab_0             conda-forge
2025-02-21T13:32:39.3936725Z   ncurses                        6.5                  h59595ed_0               conda-forge
2025-02-21T13:32:39.3937099Z   nest-asyncio                   1.6.0                pyhd8ed1ab_0             conda-forge
2025-02-21T13:32:39.3937474Z   networkx                       3.3                  pyhd8ed1ab_1             conda-forge
2025-02-21T13:32:39.3937820Z   nomkl                          1.0                  h5ca1d4c_0               conda-forge
2025-02-21T13:32:39.3938171Z   notebook                       7.2.1                pyhd8ed1ab_0             conda-forge
2025-02-21T13:32:39.3938549Z   notebook-shim                  0.2.4                pyhd8ed1ab_0             conda-forge
2025-02-21T13:32:39.3938925Z   numba                          0.59.1               py312hacefee8_0          conda-forge
2025-02-21T13:32:39.3939281Z   numexpr                        2.10.0               py312hf412c99_100        conda-forge
2025-02-21T13:32:39.3939634Z   numpy                          1.26.4               py312heda63a1_0          conda-forge
2025-02-21T13:32:39.3939989Z   numpydoc                       1.7.0                pyhd8ed1ab_1             conda-forge
2025-02-21T13:32:39.3940354Z   openjpeg                       2.5.2                h488ebb8_0               conda-forge
2025-02-21T13:32:39.3940710Z   openssl                        3.3.1                h4ab18f5_0               conda-forge
2025-02-21T13:32:39.3941071Z   overrides                      7.7.0                pyhd8ed1ab_0             conda-forge
2025-02-21T13:32:39.3941438Z   packaging                      24.1                 pyhd8ed1ab_0             conda-forge
2025-02-21T13:32:39.3941800Z   pandas                         2.2.2                py312h1d6d2e6_1          conda-forge
2025-02-21T13:32:39.3942174Z   pandoc                         3.2                  ha770c72_0               conda-forge
2025-02-21T13:32:39.3942565Z   pandocfilters                  1.5.0                pyhd8ed1ab_0             conda-forge
2025-02-21T13:32:39.3943160Z   pango                          1.54.0               h84a9a3c_0               conda-forge
2025-02-21T13:32:39.3943521Z   parso                          0.8.4                pyhd8ed1ab_0             conda-forge
2025-02-21T13:32:39.3943883Z   pathspec                       0.12.1               pyhd8ed1ab_0             conda-forge
2025-02-21T13:32:39.3944240Z   pbr                            6.0.0                pyhd8ed1ab_0             conda-forge
2025-02-21T13:32:39.3944589Z   pcre2                          10.44                h0f59acf_0               conda-forge
2025-02-21T13:32:39.3944958Z   pexpect                        4.9.0                pyhd8ed1ab_0             conda-forge
2025-02-21T13:32:39.3945354Z   pickleshare                    0.7.5                py_1003                  conda-forge
2025-02-21T13:32:39.3946013Z   pillow                         10.3.0               py312hdcec9eb_0          conda-forge
2025-02-21T13:32:39.3946390Z   pip                            24.0                 pyhd8ed1ab_0             conda-forge
2025-02-21T13:32:39.3946733Z   pixman                         0.43.2               h59595ed_0               conda-forge
2025-02-21T13:32:39.3947242Z   pkgutil-resolve-name           1.3.10               pyhd8ed1ab_1             conda-forge
2025-02-21T13:32:39.3947667Z   platformdirs                   4.2.2                pyhd8ed1ab_0             conda-forge
2025-02-21T13:32:39.3948042Z   plotly                         5.22.0               pyhd8ed1ab_0             conda-forge
2025-02-21T13:32:39.3948392Z   pluggy                         1.5.0                pyhd8ed1ab_0             conda-forge
2025-02-21T13:32:39.3948778Z   prometheus_client              0.20.0               pyhd8ed1ab_0             conda-forge
2025-02-21T13:32:39.3949199Z   prompt-toolkit                 3.0.47               pyha770c72_0             conda-forge
2025-02-21T13:32:39.3949581Z   psutil                         5.9.8                py312h98912ed_0          conda-forge
2025-02-21T13:32:39.3949958Z   pthread-stubs                  0.4                  h36c2ea0_1001            conda-forge
2025-02-21T13:32:39.3950353Z   ptyprocess                     0.7.0                pyhd3deb0d_0             conda-forge
2025-02-21T13:32:39.3950725Z   pure_eval                      0.2.2                pyhd8ed1ab_0             conda-forge
2025-02-21T13:32:39.3951097Z   py-cpuinfo                     9.0.0                pyhd8ed1ab_0             conda-forge
2025-02-21T13:32:39.3951462Z   pybtex                         0.24.0               pyhd8ed1ab_2             conda-forge
2025-02-21T13:32:39.3951849Z   pybtex-docutils                1.0.3                py312h7900ff3_1          conda-forge
2025-02-21T13:32:39.3952240Z   pycparser                      2.22                 pyhd8ed1ab_0             conda-forge
2025-02-21T13:32:39.3952612Z   pyerfa                         2.0.1.4              py312h085067d_1          conda-forge
2025-02-21T13:32:39.3953099Z   pygments                       2.18.0               pyhd8ed1ab_0             conda-forge
2025-02-21T13:32:39.3953474Z   pygraphviz                     1.13                 py312h4a1d8a7_1          conda-forge
2025-02-21T13:32:39.3953858Z   pyparsing                      3.1.2                pyhd8ed1ab_0             conda-forge
2025-02-21T13:32:39.3954229Z   pysocks                        1.7.1                pyha2e5f31_6             conda-forge
2025-02-21T13:32:39.3954590Z   pytables                       3.9.2                py312h96d95ec_2          conda-forge
2025-02-21T13:32:39.3954951Z   pytest                         8.2.2                pyhd8ed1ab_0             conda-forge
2025-02-21T13:32:39.3955311Z   pytest-cov                     5.0.0                pyhd8ed1ab_0             conda-forge
2025-02-21T13:32:39.3955723Z   pytest-doctestplus             1.2.1                pyhd8ed1ab_0             conda-forge
2025-02-21T13:32:39.3956132Z   pytest-html                    4.1.1                pyhd8ed1ab_0             conda-forge
2025-02-21T13:32:39.3956526Z   pytest-metadata                3.1.1                pyhd8ed1ab_0             conda-forge
2025-02-21T13:32:39.3956918Z   python                         3.12.4               h194c7f8_0_cpython       conda-forge
2025-02-21T13:32:39.3957304Z   python-dateutil                2.9.0                pyhd8ed1ab_0             conda-forge
2025-02-21T13:32:39.3957742Z   python-fastjsonschema          2.20.0               pyhd8ed1ab_0             conda-forge
2025-02-21T13:32:39.3958187Z   python-json-logger             2.0.7                pyhd8ed1ab_0             conda-forge
2025-02-21T13:32:39.3958607Z   python-tzdata                  2024.1               pyhd8ed1ab_0             conda-forge
2025-02-21T13:32:39.3958992Z   python_abi                     3.12                 4_cp312                  conda-forge
2025-02-21T13:32:39.3959464Z   pytz                           2024.1               pyhd8ed1ab_0             conda-forge
2025-02-21T13:32:39.3959818Z   pyyaml                         6.0.1                py312h98912ed_1          conda-forge
2025-02-21T13:32:39.3960163Z   pyzmq                          26.0.3               py312h8fd38d8_0          conda-forge
2025-02-21T13:32:39.3960630Z   qgrid                          1.3.1                pyhd8ed1ab_4             conda-forge
2025-02-21T13:32:39.3961016Z   radioactivedecay               0.5.1                pyhd8ed1ab_0             conda-forge
2025-02-21T13:32:39.3961403Z   readline                       8.2                  h8228510_1               conda-forge
2025-02-21T13:32:39.3961778Z   recommonmark                   0.7.1                pyhd8ed1ab_0             conda-forge
2025-02-21T13:32:39.3962168Z   referencing                    0.35.1               pyhd8ed1ab_0             conda-forge
2025-02-21T13:32:39.3962554Z   requests                       2.32.3               pyhd8ed1ab_0             conda-forge
2025-02-21T13:32:39.3963053Z   rfc3339-validator              0.1.4                pyhd8ed1ab_0             conda-forge
2025-02-21T13:32:39.3963480Z   rfc3986-validator              0.1.1                pyh9f0ad1d_0             conda-forge
2025-02-21T13:32:39.3963872Z   rpds-py                        0.18.1               py312h4413252_0          conda-forge
2025-02-21T13:32:39.3964216Z   ruff                           0.4.9                py312h5715c7c_0          conda-forge
2025-02-21T13:32:39.3964554Z   scipy                          1.13.1               py312hc2bc53b_0          conda-forge
2025-02-21T13:32:39.3964919Z   send2trash                     1.8.3                pyh0d859eb_0             conda-forge
2025-02-21T13:32:39.3965298Z   setuptools                     70.0.0               pyhd8ed1ab_0             conda-forge
2025-02-21T13:32:39.3965690Z   setuptools-scm                 8.1.0                pyhd8ed1ab_0             conda-forge
2025-02-21T13:32:39.3966087Z   setuptools_scm                 8.1.0                hd8ed1ab_0               conda-forge
2025-02-21T13:32:39.3966451Z   six                            1.16.0               pyh6c4a22f_0             conda-forge
2025-02-21T13:32:39.3966799Z   snakeviz                       2.2.0                pyhd8ed1ab_0             conda-forge
2025-02-21T13:32:39.3967158Z   snappy                         1.2.0                hdb0a2a9_1               conda-forge
2025-02-21T13:32:39.3967522Z   sniffio                        1.3.1                pyhd8ed1ab_0             conda-forge
2025-02-21T13:32:39.3967909Z   snowballstemmer                2.2.0                pyhd8ed1ab_0             conda-forge
2025-02-21T13:32:39.3968300Z   soupsieve                      2.5                  pyhd8ed1ab_1             conda-forge
2025-02-21T13:32:39.3968659Z   sphinx                         7.3.7                pyhd8ed1ab_0             conda-forge
2025-02-21T13:32:39.3969045Z   sphinx-astropy                 1.9.1                pyhd8ed1ab_0             conda-forge
2025-02-21T13:32:39.3969470Z   sphinx-automodapi              0.17.0               pyh717bed2_1             conda-forge
2025-02-21T13:32:39.3969894Z   sphinx-gallery                 0.16.0               pyhd8ed1ab_0             conda-forge
2025-02-21T13:32:39.3970327Z   sphinx-jsonschema              1.19.1               pyhd8ed1ab_0             conda-forge
2025-02-21T13:32:39.3970765Z   sphinx_bootstrap_theme         0.8.1                pyhd8ed1ab_0             conda-forge
2025-02-21T13:32:39.3971189Z   sphinx_rtd_theme               2.0.0                pyha770c72_0             conda-forge
2025-02-21T13:32:39.3971608Z   sphinxcontrib-apidoc           0.3.0                py_1                     conda-forge
2025-02-21T13:32:39.3972075Z   sphinxcontrib-applehelp        1.0.8                pyhd8ed1ab_0             conda-forge
2025-02-21T13:32:39.3972533Z   sphinxcontrib-bibtex           2.6.2                pyhd8ed1ab_0             conda-forge
2025-02-21T13:32:39.3973308Z   sphinxcontrib-devhelp          1.0.6                pyhd8ed1ab_0             conda-forge
2025-02-21T13:32:39.3973785Z   sphinxcontrib-htmlhelp         2.0.5                pyhd8ed1ab_0             conda-forge
2025-02-21T13:32:39.3974237Z   sphinxcontrib-jquery           4.1                  pyhd8ed1ab_0             conda-forge
2025-02-21T13:32:39.3974783Z   sphinxcontrib-jsmath           1.0.1                pyhd8ed1ab_0             conda-forge
2025-02-21T13:32:39.3975235Z   sphinxcontrib-qthelp           1.0.7                pyhd8ed1ab_0             conda-forge
2025-02-21T13:32:39.3975720Z   sphinxcontrib-serializinghtml  1.1.10               pyhd8ed1ab_0             conda-forge
2025-02-21T13:32:39.3976166Z   stack_data                     0.6.2                pyhd8ed1ab_0             conda-forge
2025-02-21T13:32:39.3976526Z   sympy                          1.12.1               pypyh2585a3b_103         conda-forge
2025-02-21T13:32:39.3976888Z   tabulate                       0.9.0                pyhd8ed1ab_1             conda-forge
2025-02-21T13:32:39.3977254Z   tenacity                       8.4.1                pyhd8ed1ab_0             conda-forge
2025-02-21T13:32:39.3977628Z   terminado                      0.18.1               pyh0d859eb_0             conda-forge
2025-02-21T13:32:39.3978006Z   tinycss2                       1.3.0                pyhd8ed1ab_0             conda-forge
2025-02-21T13:32:39.3978363Z   tk                             8.6.13               noxft_h4845f30_101       conda-forge
2025-02-21T13:32:39.3978697Z   toml                           0.10.2               pyhd8ed1ab_0             conda-forge
2025-02-21T13:32:39.3979039Z   tomli                          2.0.1                pyhd8ed1ab_0             conda-forge
2025-02-21T13:32:39.3979392Z   tornado                        6.4.1                py312h9a8786e_0          conda-forge
2025-02-21T13:32:39.3979744Z   tqdm                           4.66.4               pyhd8ed1ab_0             conda-forge
2025-02-21T13:32:39.3980109Z   traitlets                      5.14.3               pyhd8ed1ab_0             conda-forge
2025-02-21T13:32:39.3980483Z   typed-ast                      1.5.5                py312h98912ed_1          conda-forge
2025-02-21T13:32:39.3980910Z   types-python-dateutil          2.9.0.20240316       pyhd8ed1ab_0             conda-forge
2025-02-21T13:32:39.3981374Z   typing-extensions              4.12.2               hd8ed1ab_0               conda-forge
2025-02-21T13:32:39.3981801Z   typing_extensions              4.12.2               pyha770c72_0             conda-forge
2025-02-21T13:32:39.3982204Z   typing_utils                   0.1.0                pyhd8ed1ab_0             conda-forge
2025-02-21T13:32:39.3982577Z   tzdata                         2024a                h0c530f3_0               conda-forge
2025-02-21T13:32:39.3983073Z   uri-template                   1.3.0                pyhd8ed1ab_0             conda-forge
2025-02-21T13:32:39.3983453Z   urllib3                        2.2.2                pyhd8ed1ab_0             conda-forge
2025-02-21T13:32:39.3983819Z   wcwidth                        0.2.13               pyhd8ed1ab_0             conda-forge
2025-02-21T13:32:39.3984185Z   webcolors                      24.6.0               pyhd8ed1ab_0             conda-forge
2025-02-21T13:32:39.3984569Z   webencodings                   0.5.1                pyhd8ed1ab_2             conda-forge
2025-02-21T13:32:39.3984997Z   websocket-client               1.8.0                pyhd8ed1ab_0             conda-forge
2025-02-21T13:32:39.3985398Z   wheel                          0.43.0               pyhd8ed1ab_1             conda-forge
2025-02-21T13:32:39.3985795Z   widgetsnbextension             3.6.6                pyhd8ed1ab_0             conda-forge
2025-02-21T13:32:39.3986216Z   xorg-kbproto                   1.0.7                h7f98852_1002            conda-forge
2025-02-21T13:32:39.3986595Z   xorg-libice                    1.1.1                hd590300_0               conda-forge
2025-02-21T13:32:39.3987085Z   xorg-libsm                     1.2.4                h7391055_0               conda-forge
2025-02-21T13:32:39.3987462Z   xorg-libx11                    1.8.9                h8ee46fc_0               conda-forge
2025-02-21T13:32:39.3987836Z   xorg-libxau                    1.0.11               hd590300_0               conda-forge
2025-02-21T13:32:39.3988313Z   xorg-libxdmcp                  1.1.3                h7f98852_0               conda-forge
2025-02-21T13:32:39.3988702Z   xorg-libxext                   1.3.4                h0b41bf4_2               conda-forge
2025-02-21T13:32:39.3989095Z   xorg-libxrender                0.9.11               hd590300_0               conda-forge
2025-02-21T13:32:39.3989502Z   xorg-renderproto               0.11.1               h7f98852_1002            conda-forge
2025-02-21T13:32:39.3989903Z   xorg-xextproto                 7.3.0                h0b41bf4_1003            conda-forge
2025-02-21T13:32:39.3990290Z   xorg-xproto                    7.0.31               h7f98852_1007            conda-forge
2025-02-21T13:32:39.3990645Z   xz                             5.2.6                h166bdaf_0               conda-forge
2025-02-21T13:32:39.3990971Z   yaml                           0.2.5                h7f98852_2               conda-forge
2025-02-21T13:32:39.3991305Z   zeromq                         4.3.5                h75354e8_4               conda-forge
2025-02-21T13:32:39.3991652Z   zipp                           3.19.2               pyhd8ed1ab_0             conda-forge
2025-02-21T13:32:39.3991986Z   zlib                           1.3.1                h4ab18f5_1               conda-forge
2025-02-21T13:32:39.3992319Z   zlib-ng                        2.0.7                h0b41bf4_0               conda-forge
2025-02-21T13:32:39.3992651Z   zstd                           1.5.6                ha6fb4c9_0               conda-forge
2025-02-21T13:32:39.3993308Z ##[endgroup]
2025-02-21T13:32:39.4047463Z ##[group]Run pip install -e . --user
2025-02-21T13:32:39.4047813Z [36;1mpip install -e . --user[0m
2025-02-21T13:32:39.4105108Z shell: /usr/bin/bash -l {0}
2025-02-21T13:32:39.4105393Z env:
2025-02-21T13:32:39.4105605Z   CACHE_NUMBER: 0
2025-02-21T13:32:39.4106358Z   PYTEST_FLAGS: --tardis-regression-data=/home/runner/work/tardis/tardis/tardis-regression-data --cov=tardis --cov-report=xml --cov-report=html --cov-append
2025-02-21T13:32:39.4107158Z   CODECOV_TOKEN: 
2025-02-21T13:32:39.4107418Z   MAMBA_ROOT_PREFIX: /home/runner/micromamba
2025-02-21T13:32:39.4107779Z   MAMBA_EXE: /home/runner/micromamba-bin/micromamba
2025-02-21T13:32:39.4108198Z   CONDARC: /home/runner/work/_temp/setup-micromamba/.condarc
2025-02-21T13:32:39.4108565Z ##[endgroup]
2025-02-21T13:32:40.0745475Z Obtaining file:///home/runner/work/tardis/tardis
2025-02-21T13:32:40.0775261Z   Installing build dependencies: started
2025-02-21T13:32:42.6975664Z   Installing build dependencies: finished with status 'done'
2025-02-21T13:32:42.6981781Z   Checking if build backend supports build_editable: started
2025-02-21T13:32:42.8174113Z   Checking if build backend supports build_editable: finished with status 'done'
2025-02-21T13:32:42.8181039Z   Getting requirements to build editable: started
2025-02-21T13:32:43.2893609Z   Getting requirements to build editable: finished with status 'done'
2025-02-21T13:32:43.2902102Z   Preparing editable metadata (pyproject.toml): started
2025-02-21T13:32:43.7414749Z   Preparing editable metadata (pyproject.toml): finished with status 'done'
2025-02-21T13:32:43.7999543Z Requirement already satisfied: astropy in /home/runner/micromamba/envs/tardis/lib/python3.12/site-packages (from tardis==0.0.0) (6.1.1)
2025-02-21T13:32:43.8379951Z Requirement already satisfied: numpy>=1.23 in /home/runner/micromamba/envs/tardis/lib/python3.12/site-packages (from astropy->tardis==0.0.0) (1.26.4)
2025-02-21T13:32:43.8389436Z Requirement already satisfied: pyerfa>=2.0.1.1 in /home/runner/micromamba/envs/tardis/lib/python3.12/site-packages (from astropy->tardis==0.0.0) (2.0.1.4)
2025-02-21T13:32:43.8400387Z Requirement already satisfied: astropy-iers-data>=0.2024.5.27.0.30.8 in /home/runner/micromamba/envs/tardis/lib/python3.12/site-packages (from astropy->tardis==0.0.0) (0.2024.6.17.0.31.35)
2025-02-21T13:32:43.8409234Z Requirement already satisfied: PyYAML>=3.13 in /home/runner/micromamba/envs/tardis/lib/python3.12/site-packages (from astropy->tardis==0.0.0) (6.0.1)
2025-02-21T13:32:43.8419679Z Requirement already satisfied: packaging>=19.0 in /home/runner/micromamba/envs/tardis/lib/python3.12/site-packages (from astropy->tardis==0.0.0) (24.1)
2025-02-21T13:32:43.8507108Z Building wheels for collected packages: tardis
2025-02-21T13:32:43.8516169Z   Building editable for tardis (pyproject.toml): started
2025-02-21T13:32:44.5901224Z   Building editable for tardis (pyproject.toml): finished with status 'done'
2025-02-21T13:32:44.5908692Z   Created wheel for tardis: filename=tardis-0.0.0-0.editable-py3-none-any.whl size=8879 sha256=1ac23802f1e817af2f58f87482ace912d9d119cbece46cb4a8cb4bd0745250f1
2025-02-21T13:32:44.5910056Z   Stored in directory: /tmp/pip-ephem-wheel-cache-apu_y799/wheels/6a/c7/ae/89fa6dc2565455898176888ef0e2e475e4e90eb0124afcb995
2025-02-21T13:32:44.5936849Z Successfully built tardis
2025-02-21T13:32:45.3615776Z Installing collected packages: tardis
2025-02-21T13:32:45.3697116Z Successfully installed tardis-0.0.0
2025-02-21T13:32:45.5635321Z ##[group]Run pip install qgridnext
2025-02-21T13:32:45.5635654Z [36;1mpip install qgridnext[0m
2025-02-21T13:32:45.5689762Z shell: /usr/bin/bash -l {0}
2025-02-21T13:32:45.5690003Z env:
2025-02-21T13:32:45.5690178Z   CACHE_NUMBER: 0
2025-02-21T13:32:45.5690815Z   PYTEST_FLAGS: --tardis-regression-data=/home/runner/work/tardis/tardis/tardis-regression-data --cov=tardis --cov-report=xml --cov-report=html --cov-append
2025-02-21T13:32:45.5691502Z   CODECOV_TOKEN: 
2025-02-21T13:32:45.5691732Z   MAMBA_ROOT_PREFIX: /home/runner/micromamba
2025-02-21T13:32:45.5692040Z   MAMBA_EXE: /home/runner/micromamba-bin/micromamba
2025-02-21T13:32:45.5692399Z   CONDARC: /home/runner/work/_temp/setup-micromamba/.condarc
2025-02-21T13:32:45.5692957Z ##[endgroup]
2025-02-21T13:32:46.1846074Z Collecting qgridnext
2025-02-21T13:32:46.2008346Z   Downloading qgridnext-2.0.4-py3-none-any.whl.metadata (9.9 kB)
2025-02-21T13:32:46.2088037Z Requirement already satisfied: pandas>=0.20.0 in /home/runner/micromamba/envs/tardis/lib/python3.12/site-packages (from qgridnext) (2.2.2)
2025-02-21T13:32:46.2097485Z Requirement already satisfied: ipywidgets>=7.0.0 in /home/runner/micromamba/envs/tardis/lib/python3.12/site-packages (from qgridnext) (7.8.0)
2025-02-21T13:32:46.2107321Z Requirement already satisfied: numpy in /home/runner/micromamba/envs/tardis/lib/python3.12/site-packages (from qgridnext) (1.26.4)
2025-02-21T13:32:46.2117833Z Requirement already satisfied: traitlets in /home/runner/micromamba/envs/tardis/lib/python3.12/site-packages (from qgridnext) (5.14.3)
2025-02-21T13:32:46.2202386Z Requirement already satisfied: comm>=0.1.3 in /home/runner/micromamba/envs/tardis/lib/python3.12/site-packages (from ipywidgets>=7.0.0->qgridnext) (0.2.2)
2025-02-21T13:32:46.2211500Z Requirement already satisfied: ipython-genutils~=0.2.0 in /home/runner/micromamba/envs/tardis/lib/python3.12/site-packages (from ipywidgets>=7.0.0->qgridnext) (0.2.0)
2025-02-21T13:32:46.2225269Z Requirement already satisfied: widgetsnbextension~=3.6.5 in /home/runner/micromamba/envs/tardis/lib/python3.12/site-packages (from ipywidgets>=7.0.0->qgridnext) (3.6.6)
2025-02-21T13:32:46.2243416Z Requirement already satisfied: ipython>=4.0.0 in /home/runner/micromamba/envs/tardis/lib/python3.12/site-packages (from ipywidgets>=7.0.0->qgridnext) (8.25.0)
2025-02-21T13:32:46.2258432Z Requirement already satisfied: jupyterlab-widgets<3,>=1.0.0 in /home/runner/micromamba/envs/tardis/lib/python3.12/site-packages (from ipywidgets>=7.0.0->qgridnext) (1.1.7)
2025-02-21T13:32:46.2708487Z Requirement already satisfied: python-dateutil>=2.8.2 in /home/runner/micromamba/envs/tardis/lib/python3.12/site-packages (from pandas>=0.20.0->qgridnext) (2.9.0)
2025-02-21T13:32:46.2722893Z Requirement already satisfied: pytz>=2020.1 in /home/runner/micromamba/envs/tardis/lib/python3.12/site-packages (from pandas>=0.20.0->qgridnext) (2024.1)
2025-02-21T13:32:46.2731453Z Requirement already satisfied: tzdata>=2022.7 in /home/runner/micromamba/envs/tardis/lib/python3.12/site-packages (from pandas>=0.20.0->qgridnext) (2024.1)
2025-02-21T13:32:46.3047750Z Requirement already satisfied: decorator in /home/runner/micromamba/envs/tardis/lib/python3.12/site-packages (from ipython>=4.0.0->ipywidgets>=7.0.0->qgridnext) (5.1.1)
2025-02-21T13:32:46.3062994Z Requirement already satisfied: jedi>=0.16 in /home/runner/micromamba/envs/tardis/lib/python3.12/site-packages (from ipython>=4.0.0->ipywidgets>=7.0.0->qgridnext) (0.19.1)
2025-02-21T13:32:46.3071902Z Requirement already satisfied: matplotlib-inline in /home/runner/micromamba/envs/tardis/lib/python3.12/site-packages (from ipython>=4.0.0->ipywidgets>=7.0.0->qgridnext) (0.1.7)
2025-02-21T13:32:46.3083701Z Requirement already satisfied: prompt-toolkit<3.1.0,>=3.0.41 in /home/runner/micromamba/envs/tardis/lib/python3.12/site-packages (from ipython>=4.0.0->ipywidgets>=7.0.0->qgridnext) (3.0.47)
2025-02-21T13:32:46.3093488Z Requirement already satisfied: pygments>=2.4.0 in /home/runner/micromamba/envs/tardis/lib/python3.12/site-packages (from ipython>=4.0.0->ipywidgets>=7.0.0->qgridnext) (2.18.0)
2025-02-21T13:32:46.3103922Z Requirement already satisfied: stack-data in /home/runner/micromamba/envs/tardis/lib/python3.12/site-packages (from ipython>=4.0.0->ipywidgets>=7.0.0->qgridnext) (0.6.2)
2025-02-21T13:32:46.3123694Z Requirement already satisfied: pexpect>4.3 in /home/runner/micromamba/envs/tardis/lib/python3.12/site-packages (from ipython>=4.0.0->ipywidgets>=7.0.0->qgridnext) (4.9.0)
2025-02-21T13:32:46.3171709Z Requirement already satisfied: six>=1.5 in /home/runner/micromamba/envs/tardis/lib/python3.12/site-packages (from python-dateutil>=2.8.2->pandas>=0.20.0->qgridnext) (1.16.0)
2025-02-21T13:32:46.3228916Z Requirement already satisfied: notebook>=4.4.1 in /home/runner/micromamba/envs/tardis/lib/python3.12/site-packages (from widgetsnbextension~=3.6.5->ipywidgets>=7.0.0->qgridnext) (7.2.1)
2025-02-21T13:32:46.3419940Z Requirement already satisfied: parso<0.9.0,>=0.8.3 in /home/runner/micromamba/envs/tardis/lib/python3.12/site-packages (from jedi>=0.16->ipython>=4.0.0->ipywidgets>=7.0.0->qgridnext) (0.8.4)
2025-02-21T13:32:46.3572527Z Requirement already satisfied: jupyter-server<3,>=2.4.0 in /home/runner/micromamba/envs/tardis/lib/python3.12/site-packages (from notebook>=4.4.1->widgetsnbextension~=3.6.5->ipywidgets>=7.0.0->qgridnext) (2.14.1)
2025-02-21T13:32:46.3586857Z Requirement already satisfied: jupyterlab-server<3,>=2.27.1 in /home/runner/micromamba/envs/tardis/lib/python3.12/site-packages (from notebook>=4.4.1->widgetsnbextension~=3.6.5->ipywidgets>=7.0.0->qgridnext) (2.27.2)
2025-02-21T13:32:46.3602449Z Requirement already satisfied: jupyterlab<4.3,>=4.2.0 in /home/runner/micromamba/envs/tardis/lib/python3.12/site-packages (from notebook>=4.4.1->widgetsnbextension~=3.6.5->ipywidgets>=7.0.0->qgridnext) (4.2.2)
2025-02-21T13:32:46.3613619Z Requirement already satisfied: notebook-shim<0.3,>=0.2 in /home/runner/micromamba/envs/tardis/lib/python3.12/site-packages (from notebook>=4.4.1->widgetsnbextension~=3.6.5->ipywidgets>=7.0.0->qgridnext) (0.2.4)
2025-02-21T13:32:46.3622512Z Requirement already satisfied: tornado>=6.2.0 in /home/runner/micromamba/envs/tardis/lib/python3.12/site-packages (from notebook>=4.4.1->widgetsnbextension~=3.6.5->ipywidgets>=7.0.0->qgridnext) (6.4.1)
2025-02-21T13:32:46.3653357Z Requirement already satisfied: ptyprocess>=0.5 in /home/runner/micromamba/envs/tardis/lib/python3.12/site-packages (from pexpect>4.3->ipython>=4.0.0->ipywidgets>=7.0.0->qgridnext) (0.7.0)
2025-02-21T13:32:46.3682653Z Requirement already satisfied: wcwidth in /home/runner/micromamba/envs/tardis/lib/python3.12/site-packages (from prompt-toolkit<3.1.0,>=3.0.41->ipython>=4.0.0->ipywidgets>=7.0.0->qgridnext) (0.2.13)
2025-02-21T13:32:46.3820600Z Requirement already satisfied: executing>=1.2.0 in /home/runner/micromamba/envs/tardis/lib/python3.12/site-packages (from stack-data->ipython>=4.0.0->ipywidgets>=7.0.0->qgridnext) (2.0.1)
2025-02-21T13:32:46.3830802Z Requirement already satisfied: asttokens>=2.1.0 in /home/runner/micromamba/envs/tardis/lib/python3.12/site-packages (from stack-data->ipython>=4.0.0->ipywidgets>=7.0.0->qgridnext) (2.4.1)
2025-02-21T13:32:46.3839594Z Requirement already satisfied: pure-eval in /home/runner/micromamba/envs/tardis/lib/python3.12/site-packages (from stack-data->ipython>=4.0.0->ipywidgets>=7.0.0->qgridnext) (0.2.2)
2025-02-21T13:32:46.4178342Z Requirement already satisfied: anyio>=3.1.0 in /home/runner/micromamba/envs/tardis/lib/python3.12/site-packages (from jupyter-server<3,>=2.4.0->notebook>=4.4.1->widgetsnbextension~=3.6.5->ipywidgets>=7.0.0->qgridnext) (4.4.0)
2025-02-21T13:32:46.4189629Z Requirement already satisfied: argon2-cffi>=21.1 in /home/runner/micromamba/envs/tardis/lib/python3.12/site-packages (from jupyter-server<3,>=2.4.0->notebook>=4.4.1->widgetsnbextension~=3.6.5->ipywidgets>=7.0.0->qgridnext) (23.1.0)
2025-02-21T13:32:46.4199531Z Requirement already satisfied: jinja2>=3.0.3 in /home/runner/micromamba/envs/tardis/lib/python3.12/site-packages (from jupyter-server<3,>=2.4.0->notebook>=4.4.1->widgetsnbextension~=3.6.5->ipywidgets>=7.0.0->qgridnext) (3.1.4)
2025-02-21T13:32:46.4212242Z Requirement already satisfied: jupyter-client>=7.4.4 in /home/runner/micromamba/envs/tardis/lib/python3.12/site-packages (from jupyter-server<3,>=2.4.0->notebook>=4.4.1->widgetsnbextension~=3.6.5->ipywidgets>=7.0.0->qgridnext) (8.6.2)
2025-02-21T13:32:46.4224599Z Requirement already satisfied: jupyter-core!=5.0.*,>=4.12 in /home/runner/micromamba/envs/tardis/lib/python3.12/site-packages (from jupyter-server<3,>=2.4.0->notebook>=4.4.1->widgetsnbextension~=3.6.5->ipywidgets>=7.0.0->qgridnext) (5.7.2)
2025-02-21T13:32:46.4236822Z Requirement already satisfied: jupyter-events>=0.9.0 in /home/runner/micromamba/envs/tardis/lib/python3.12/site-packages (from jupyter-server<3,>=2.4.0->notebook>=4.4.1->widgetsnbextension~=3.6.5->ipywidgets>=7.0.0->qgridnext) (0.10.0)
2025-02-21T13:32:46.4248618Z Requirement already satisfied: jupyter-server-terminals>=0.4.4 in /home/runner/micromamba/envs/tardis/lib/python3.12/site-packages (from jupyter-server<3,>=2.4.0->notebook>=4.4.1->widgetsnbextension~=3.6.5->ipywidgets>=7.0.0->qgridnext) (0.5.3)
2025-02-21T13:32:46.4262942Z Requirement already satisfied: nbconvert>=6.4.4 in /home/runner/micromamba/envs/tardis/lib/python3.12/site-packages (from jupyter-server<3,>=2.4.0->notebook>=4.4.1->widgetsnbextension~=3.6.5->ipywidgets>=7.0.0->qgridnext) (7.16.4)
2025-02-21T13:32:46.4274060Z Requirement already satisfied: nbformat>=5.3.0 in /home/runner/micromamba/envs/tardis/lib/python3.12/site-packages (from jupyter-server<3,>=2.4.0->notebook>=4.4.1->widgetsnbextension~=3.6.5->ipywidgets>=7.0.0->qgridnext) (5.10.4)
2025-02-21T13:32:46.4284023Z Requirement already satisfied: overrides>=5.0 in /home/runner/micromamba/envs/tardis/lib/python3.12/site-packages (from jupyter-server<3,>=2.4.0->notebook>=4.4.1->widgetsnbextension~=3.6.5->ipywidgets>=7.0.0->qgridnext) (7.7.0)
2025-02-21T13:32:46.4294444Z Requirement already satisfied: packaging>=22.0 in /home/runner/micromamba/envs/tardis/lib/python3.12/site-packages (from jupyter-server<3,>=2.4.0->notebook>=4.4.1->widgetsnbextension~=3.6.5->ipywidgets>=7.0.0->qgridnext) (24.1)
2025-02-21T13:32:46.4303817Z Requirement already satisfied: prometheus-client>=0.9 in /home/runner/micromamba/envs/tardis/lib/python3.12/site-packages (from jupyter-server<3,>=2.4.0->notebook>=4.4.1->widgetsnbextension~=3.6.5->ipywidgets>=7.0.0->qgridnext) (0.20.0)
2025-02-21T13:32:46.4315335Z Requirement already satisfied: pyzmq>=24 in /home/runner/micromamba/envs/tardis/lib/python3.12/site-packages (from jupyter-server<3,>=2.4.0->notebook>=4.4.1->widgetsnbextension~=3.6.5->ipywidgets>=7.0.0->qgridnext) (26.0.3)
2025-02-21T13:32:46.4325065Z Requirement already satisfied: send2trash>=1.8.2 in /home/runner/micromamba/envs/tardis/lib/python3.12/site-packages (from jupyter-server<3,>=2.4.0->notebook>=4.4.1->widgetsnbextension~=3.6.5->ipywidgets>=7.0.0->qgridnext) (1.8.3)
2025-02-21T13:32:46.4337174Z Requirement already satisfied: terminado>=0.8.3 in /home/runner/micromamba/envs/tardis/lib/python3.12/site-packages (from jupyter-server<3,>=2.4.0->notebook>=4.4.1->widgetsnbextension~=3.6.5->ipywidgets>=7.0.0->qgridnext) (0.18.1)
2025-02-21T13:32:46.4355472Z Requirement already satisfied: websocket-client>=1.7 in /home/runner/micromamba/envs/tardis/lib/python3.12/site-packages (from jupyter-server<3,>=2.4.0->notebook>=4.4.1->widgetsnbextension~=3.6.5->ipywidgets>=7.0.0->qgridnext) (1.8.0)
2025-02-21T13:32:46.4647922Z Requirement already satisfied: async-lru>=1.0.0 in /home/runner/micromamba/envs/tardis/lib/python3.12/site-packages (from jupyterlab<4.3,>=4.2.0->notebook>=4.4.1->widgetsnbextension~=3.6.5->ipywidgets>=7.0.0->qgridnext) (2.0.4)
2025-02-21T13:32:46.4660630Z Requirement already satisfied: httpx>=0.25.0 in /home/runner/micromamba/envs/tardis/lib/python3.12/site-packages (from jupyterlab<4.3,>=4.2.0->notebook>=4.4.1->widgetsnbextension~=3.6.5->ipywidgets>=7.0.0->qgridnext) (0.27.0)
2025-02-21T13:32:46.4673690Z Requirement already satisfied: ipykernel>=6.5.0 in /home/runner/micromamba/envs/tardis/lib/python3.12/site-packages (from jupyterlab<4.3,>=4.2.0->notebook>=4.4.1->widgetsnbextension~=3.6.5->ipywidgets>=7.0.0->qgridnext) (6.29.4)
2025-02-21T13:32:46.4689034Z Requirement already satisfied: jupyter-lsp>=2.0.0 in /home/runner/micromamba/envs/tardis/lib/python3.12/site-packages (from jupyterlab<4.3,>=4.2.0->notebook>=4.4.1->widgetsnbextension~=3.6.5->ipywidgets>=7.0.0->qgridnext) (2.2.5)
2025-02-21T13:32:46.4716180Z Requirement already satisfied: setuptools>=40.1.0 in /home/runner/micromamba/envs/tardis/lib/python3.12/site-packages (from jupyterlab<4.3,>=4.2.0->notebook>=4.4.1->widgetsnbextension~=3.6.5->ipywidgets>=7.0.0->qgridnext) (70.0.0)
2025-02-21T13:32:46.4906540Z Requirement already satisfied: babel>=2.10 in /home/runner/micromamba/envs/tardis/lib/python3.12/site-packages (from jupyterlab-server<3,>=2.27.1->notebook>=4.4.1->widgetsnbextension~=3.6.5->ipywidgets>=7.0.0->qgridnext) (2.14.0)
2025-02-21T13:32:46.4933570Z Requirement already satisfied: json5>=0.9.0 in /home/runner/micromamba/envs/tardis/lib/python3.12/site-packages (from jupyterlab-server<3,>=2.27.1->notebook>=4.4.1->widgetsnbextension~=3.6.5->ipywidgets>=7.0.0->qgridnext) (0.9.25)
2025-02-21T13:32:46.4945318Z Requirement already satisfied: jsonschema>=4.18.0 in /home/runner/micromamba/envs/tardis/lib/python3.12/site-packages (from jupyterlab-server<3,>=2.27.1->notebook>=4.4.1->widgetsnbextension~=3.6.5->ipywidgets>=7.0.0->qgridnext) (4.22.0)
2025-02-21T13:32:46.4964908Z Requirement already satisfied: requests>=2.31 in /home/runner/micromamba/envs/tardis/lib/python3.12/site-packages (from jupyterlab-server<3,>=2.27.1->notebook>=4.4.1->widgetsnbextension~=3.6.5->ipywidgets>=7.0.0->qgridnext) (2.32.3)
2025-02-21T13:32:46.5320272Z Requirement already satisfied: idna>=2.8 in /home/runner/micromamba/envs/tardis/lib/python3.12/site-packages (from anyio>=3.1.0->jupyter-server<3,>=2.4.0->notebook>=4.4.1->widgetsnbextension~=3.6.5->ipywidgets>=7.0.0->qgridnext) (3.7)
2025-02-21T13:32:46.5328743Z Requirement already satisfied: sniffio>=1.1 in /home/runner/micromamba/envs/tardis/lib/python3.12/site-packages (from anyio>=3.1.0->jupyter-server<3,>=2.4.0->notebook>=4.4.1->widgetsnbextension~=3.6.5->ipywidgets>=7.0.0->qgridnext) (1.3.1)
2025-02-21T13:32:46.5421225Z Requirement already satisfied: argon2-cffi-bindings in /home/runner/micromamba/envs/tardis/lib/python3.12/site-packages (from argon2-cffi>=21.1->jupyter-server<3,>=2.4.0->notebook>=4.4.1->widgetsnbextension~=3.6.5->ipywidgets>=7.0.0->qgridnext) (21.2.0)
2025-02-21T13:32:46.5592959Z Requirement already satisfied: certifi in /home/runner/micromamba/envs/tardis/lib/python3.12/site-packages (from httpx>=0.25.0->jupyterlab<4.3,>=4.2.0->notebook>=4.4.1->widgetsnbextension~=3.6.5->ipywidgets>=7.0.0->qgridnext) (2024.6.2)
2025-02-21T13:32:46.5607919Z Requirement already satisfied: httpcore==1.* in /home/runner/micromamba/envs/tardis/lib/python3.12/site-packages (from httpx>=0.25.0->jupyterlab<4.3,>=4.2.0->notebook>=4.4.1->widgetsnbextension~=3.6.5->ipywidgets>=7.0.0->qgridnext) (1.0.5)
2025-02-21T13:32:46.5686382Z Requirement already satisfied: h11<0.15,>=0.13 in /home/runner/micromamba/envs/tardis/lib/python3.12/site-packages (from httpcore==1.*->httpx>=0.25.0->jupyterlab<4.3,>=4.2.0->notebook>=4.4.1->widgetsnbextension~=3.6.5->ipywidgets>=7.0.0->qgridnext) (0.14.0)
2025-02-21T13:32:46.5870466Z Requirement already satisfied: debugpy>=1.6.5 in /home/runner/micromamba/envs/tardis/lib/python3.12/site-packages (from ipykernel>=6.5.0->jupyterlab<4.3,>=4.2.0->notebook>=4.4.1->widgetsnbextension~=3.6.5->ipywidgets>=7.0.0->qgridnext) (1.8.1)
2025-02-21T13:32:46.5891564Z Requirement already satisfied: nest-asyncio in /home/runner/micromamba/envs/tardis/lib/python3.12/site-packages (from ipykernel>=6.5.0->jupyterlab<4.3,>=4.2.0->notebook>=4.4.1->widgetsnbextension~=3.6.5->ipywidgets>=7.0.0->qgridnext) (1.6.0)
2025-02-21T13:32:46.5906425Z Requirement already satisfied: psutil in /home/runner/micromamba/envs/tardis/lib/python3.12/site-packages (from ipykernel>=6.5.0->jupyterlab<4.3,>=4.2.0->notebook>=4.4.1->widgetsnbextension~=3.6.5->ipywidgets>=7.0.0->qgridnext) (5.9.8)
2025-02-21T13:32:46.5968357Z Requirement already satisfied: MarkupSafe>=2.0 in /home/runner/micromamba/envs/tardis/lib/python3.12/site-packages (from jinja2>=3.0.3->jupyter-server<3,>=2.4.0->notebook>=4.4.1->widgetsnbextension~=3.6.5->ipywidgets>=7.0.0->qgridnext) (2.1.5)
2025-02-21T13:32:46.6160497Z Requirement already satisfied: attrs>=22.2.0 in /home/runner/micromamba/envs/tardis/lib/python3.12/site-packages (from jsonschema>=4.18.0->jupyterlab-server<3,>=2.27.1->notebook>=4.4.1->widgetsnbextension~=3.6.5->ipywidgets>=7.0.0->qgridnext) (23.2.0)
2025-02-21T13:32:46.6170737Z Requirement already satisfied: jsonschema-specifications>=2023.03.6 in /home/runner/micromamba/envs/tardis/lib/python3.12/site-packages (from jsonschema>=4.18.0->jupyterlab-server<3,>=2.27.1->notebook>=4.4.1->widgetsnbextension~=3.6.5->ipywidgets>=7.0.0->qgridnext) (2023.12.1)
2025-02-21T13:32:46.6179481Z Requirement already satisfied: referencing>=0.28.4 in /home/runner/micromamba/envs/tardis/lib/python3.12/site-packages (from jsonschema>=4.18.0->jupyterlab-server<3,>=2.27.1->notebook>=4.4.1->widgetsnbextension~=3.6.5->ipywidgets>=7.0.0->qgridnext) (0.35.1)
2025-02-21T13:32:46.6188139Z Requirement already satisfied: rpds-py>=0.7.1 in /home/runner/micromamba/envs/tardis/lib/python3.12/site-packages (from jsonschema>=4.18.0->jupyterlab-server<3,>=2.27.1->notebook>=4.4.1->widgetsnbextension~=3.6.5->ipywidgets>=7.0.0->qgridnext) (0.18.1)
2025-02-21T13:32:46.6450898Z Requirement already satisfied: platformdirs>=2.5 in /home/runner/micromamba/envs/tardis/lib/python3.12/site-packages (from jupyter-core!=5.0.*,>=4.12->jupyter-server<3,>=2.4.0->notebook>=4.4.1->widgetsnbextension~=3.6.5->ipywidgets>=7.0.0->qgridnext) (4.2.2)
2025-02-21T13:32:46.6600773Z Requirement already satisfied: python-json-logger>=2.0.4 in /home/runner/micromamba/envs/tardis/lib/python3.12/site-packages (from jupyter-events>=0.9.0->jupyter-server<3,>=2.4.0->notebook>=4.4.1->widgetsnbextension~=3.6.5->ipywidgets>=7.0.0->qgridnext) (2.0.7)
2025-02-21T13:32:46.6609113Z Requirement already satisfied: pyyaml>=5.3 in /home/runner/micromamba/envs/tardis/lib/python3.12/site-packages (from jupyter-events>=0.9.0->jupyter-server<3,>=2.4.0->notebook>=4.4.1->widgetsnbextension~=3.6.5->ipywidgets>=7.0.0->qgridnext) (6.0.1)
2025-02-21T13:32:46.6619570Z Requirement already satisfied: rfc3339-validator in /home/runner/micromamba/envs/tardis/lib/python3.12/site-packages (from jupyter-events>=0.9.0->jupyter-server<3,>=2.4.0->notebook>=4.4.1->widgetsnbextension~=3.6.5->ipywidgets>=7.0.0->qgridnext) (0.1.4)
2025-02-21T13:32:46.6628227Z Requirement already satisfied: rfc3986-validator>=0.1.1 in /home/runner/micromamba/envs/tardis/lib/python3.12/site-packages (from jupyter-events>=0.9.0->jupyter-server<3,>=2.4.0->notebook>=4.4.1->widgetsnbextension~=3.6.5->ipywidgets>=7.0.0->qgridnext) (0.1.1)
2025-02-21T13:32:46.7108805Z Requirement already satisfied: beautifulsoup4 in /home/runner/micromamba/envs/tardis/lib/python3.12/site-packages (from nbconvert>=6.4.4->jupyter-server<3,>=2.4.0->notebook>=4.4.1->widgetsnbextension~=3.6.5->ipywidgets>=7.0.0->qgridnext) (4.12.3)
2025-02-21T13:32:46.7127995Z Requirement already satisfied: bleach!=5.0.0 in /home/runner/micromamba/envs/tardis/lib/python3.12/site-packages (from nbconvert>=6.4.4->jupyter-server<3,>=2.4.0->notebook>=4.4.1->widgetsnbextension~=3.6.5->ipywidgets>=7.0.0->qgridnext) (6.1.0)
2025-02-21T13:32:46.7141532Z Requirement already satisfied: defusedxml in /home/runner/micromamba/envs/tardis/lib/python3.12/site-packages (from nbconvert>=6.4.4->jupyter-server<3,>=2.4.0->notebook>=4.4.1->widgetsnbextension~=3.6.5->ipywidgets>=7.0.0->qgridnext) (0.7.1)
2025-02-21T13:32:46.7155859Z Requirement already satisfied: jupyterlab-pygments in /home/runner/micromamba/envs/tardis/lib/python3.12/site-packages (from nbconvert>=6.4.4->jupyter-server<3,>=2.4.0->notebook>=4.4.1->widgetsnbextension~=3.6.5->ipywidgets>=7.0.0->qgridnext) (0.3.0)
2025-02-21T13:32:46.7167386Z Requirement already satisfied: mistune<4,>=2.0.3 in /home/runner/micromamba/envs/tardis/lib/python3.12/site-packages (from nbconvert>=6.4.4->jupyter-server<3,>=2.4.0->notebook>=4.4.1->widgetsnbextension~=3.6.5->ipywidgets>=7.0.0->qgridnext) (3.0.2)
2025-02-21T13:32:46.7179832Z Requirement already satisfied: nbclient>=0.5.0 in /home/runner/micromamba/envs/tardis/lib/python3.12/site-packages (from nbconvert>=6.4.4->jupyter-server<3,>=2.4.0->notebook>=4.4.1->widgetsnbextension~=3.6.5->ipywidgets>=7.0.0->qgridnext) (0.10.0)
2025-02-21T13:32:46.7195903Z Requirement already satisfied: pandocfilters>=1.4.1 in /home/runner/micromamba/envs/tardis/lib/python3.12/site-packages (from nbconvert>=6.4.4->jupyter-server<3,>=2.4.0->notebook>=4.4.1->widgetsnbextension~=3.6.5->ipywidgets>=7.0.0->qgridnext) (1.5.0)
2025-02-21T13:32:46.7205375Z Requirement already satisfied: tinycss2 in /home/runner/micromamba/envs/tardis/lib/python3.12/site-packages (from nbconvert>=6.4.4->jupyter-server<3,>=2.4.0->notebook>=4.4.1->widgetsnbextension~=3.6.5->ipywidgets>=7.0.0->qgridnext) (1.3.0)
2025-02-21T13:32:46.7319281Z Requirement already satisfied: fastjsonschema>=2.15 in /home/runner/micromamba/envs/tardis/lib/python3.12/site-packages (from nbformat>=5.3.0->jupyter-server<3,>=2.4.0->notebook>=4.4.1->widgetsnbextension~=3.6.5->ipywidgets>=7.0.0->qgridnext) (2.20.0)
2025-02-21T13:32:46.7626137Z Requirement already satisfied: charset-normalizer<4,>=2 in /home/runner/micromamba/envs/tardis/lib/python3.12/site-packages (from requests>=2.31->jupyterlab-server<3,>=2.27.1->notebook>=4.4.1->widgetsnbextension~=3.6.5->ipywidgets>=7.0.0->qgridnext) (3.3.2)
2025-02-21T13:32:46.7639245Z Requirement already satisfied: urllib3<3,>=1.21.1 in /home/runner/micromamba/envs/tardis/lib/python3.12/site-packages (from requests>=2.31->jupyterlab-server<3,>=2.27.1->notebook>=4.4.1->widgetsnbextension~=3.6.5->ipywidgets>=7.0.0->qgridnext) (2.2.2)
2025-02-21T13:32:46.8416621Z Requirement already satisfied: webencodings in /home/runner/micromamba/envs/tardis/lib/python3.12/site-packages (from bleach!=5.0.0->nbconvert>=6.4.4->jupyter-server<3,>=2.4.0->notebook>=4.4.1->widgetsnbextension~=3.6.5->ipywidgets>=7.0.0->qgridnext) (0.5.1)
2025-02-21T13:32:46.8980723Z Requirement already satisfied: fqdn in /home/runner/micromamba/envs/tardis/lib/python3.12/site-packages (from jsonschema[format-nongpl]>=4.18.0->jupyter-events>=0.9.0->jupyter-server<3,>=2.4.0->notebook>=4.4.1->widgetsnbextension~=3.6.5->ipywidgets>=7.0.0->qgridnext) (1.5.1)
2025-02-21T13:32:46.8997881Z Requirement already satisfied: isoduration in /home/runner/micromamba/envs/tardis/lib/python3.12/site-packages (from jsonschema[format-nongpl]>=4.18.0->jupyter-events>=0.9.0->jupyter-server<3,>=2.4.0->notebook>=4.4.1->widgetsnbextension~=3.6.5->ipywidgets>=7.0.0->qgridnext) (20.11.0)
2025-02-21T13:32:46.9011305Z Requirement already satisfied: jsonpointer>1.13 in /home/runner/micromamba/envs/tardis/lib/python3.12/site-packages (from jsonschema[format-nongpl]>=4.18.0->jupyter-events>=0.9.0->jupyter-server<3,>=2.4.0->notebook>=4.4.1->widgetsnbextension~=3.6.5->ipywidgets>=7.0.0->qgridnext) (3.0.0)
2025-02-21T13:32:46.9028080Z Requirement already satisfied: uri-template in /home/runner/micromamba/envs/tardis/lib/python3.12/site-packages (from jsonschema[format-nongpl]>=4.18.0->jupyter-events>=0.9.0->jupyter-server<3,>=2.4.0->notebook>=4.4.1->widgetsnbextension~=3.6.5->ipywidgets>=7.0.0->qgridnext) (1.3.0)
2025-02-21T13:32:46.9041477Z Requirement already satisfied: webcolors>=1.11 in /home/runner/micromamba/envs/tardis/lib/python3.12/site-packages (from jsonschema[format-nongpl]>=4.18.0->jupyter-events>=0.9.0->jupyter-server<3,>=2.4.0->notebook>=4.4.1->widgetsnbextension~=3.6.5->ipywidgets>=7.0.0->qgridnext) (24.6.0)
2025-02-21T13:32:47.0054559Z Requirement already satisfied: cffi>=1.0.1 in /home/runner/micromamba/envs/tardis/lib/python3.12/site-packages (from argon2-cffi-bindings->argon2-cffi>=21.1->jupyter-server<3,>=2.4.0->notebook>=4.4.1->widgetsnbextension~=3.6.5->ipywidgets>=7.0.0->qgridnext) (1.16.0)
2025-02-21T13:32:47.0150726Z Requirement already satisfied: soupsieve>1.2 in /home/runner/micromamba/envs/tardis/lib/python3.12/site-packages (from beautifulsoup4->nbconvert>=6.4.4->jupyter-server<3,>=2.4.0->notebook>=4.4.1->widgetsnbextension~=3.6.5->ipywidgets>=7.0.0->qgridnext) (2.5)
2025-02-21T13:32:47.0675972Z Requirement already satisfied: pycparser in /home/runner/micromamba/envs/tardis/lib/python3.12/site-packages (from cffi>=1.0.1->argon2-cffi-bindings->argon2-cffi>=21.1->jupyter-server<3,>=2.4.0->notebook>=4.4.1->widgetsnbextension~=3.6.5->ipywidgets>=7.0.0->qgridnext) (2.22)
2025-02-21T13:32:47.1169738Z Requirement already satisfied: arrow>=0.15.0 in /home/runner/micromamba/envs/tardis/lib/python3.12/site-packages (from isoduration->jsonschema[format-nongpl]>=4.18.0->jupyter-events>=0.9.0->jupyter-server<3,>=2.4.0->notebook>=4.4.1->widgetsnbextension~=3.6.5->ipywidgets>=7.0.0->qgridnext) (1.3.0)
2025-02-21T13:32:47.1469070Z Requirement already satisfied: types-python-dateutil>=2.8.10 in /home/runner/micromamba/envs/tardis/lib/python3.12/site-packages (from arrow>=0.15.0->isoduration->jsonschema[format-nongpl]>=4.18.0->jupyter-events>=0.9.0->jupyter-server<3,>=2.4.0->notebook>=4.4.1->widgetsnbextension~=3.6.5->ipywidgets>=7.0.0->qgridnext) (2.9.0.20240316)
2025-02-21T13:32:47.1705895Z Downloading qgridnext-2.0.4-py3-none-any.whl (1.3 MB)
2025-02-21T13:32:47.1890779Z    â”â”â”â”â”â”â”â”â”â”â”â”â”â”â”â”â”â”â”â”â”â”â”â”â”â”â”â”â”â”â”â”â”â”â”â”â”â”â”â” 1.3/1.3 MB 77.7 MB/s eta 0:00:00
2025-02-21T13:32:47.9860922Z Installing collected packages: qgridnext
2025-02-21T13:32:48.0580468Z Successfully installed qgridnext-2.0.4
2025-02-21T13:32:48.2350764Z ##[group]Run pytest tardis --tardis-regression-data=/home/runner/work/tardis/tardis/tardis-regression-data --cov=tardis --cov-report=xml --cov-report=html --cov-append -m "not continuum"
2025-02-21T13:32:48.2352068Z [36;1mpytest tardis --tardis-regression-data=/home/runner/work/tardis/tardis/tardis-regression-data --cov=tardis --cov-report=xml --cov-report=html --cov-append -m "not continuum"[0m
2025-02-21T13:32:48.2407169Z shell: /usr/bin/bash -l {0}
2025-02-21T13:32:48.2407439Z env:
2025-02-21T13:32:48.2407617Z   CACHE_NUMBER: 0
2025-02-21T13:32:48.2408260Z   PYTEST_FLAGS: --tardis-regression-data=/home/runner/work/tardis/tardis/tardis-regression-data --cov=tardis --cov-report=xml --cov-report=html --cov-append
2025-02-21T13:32:48.2408943Z   CODECOV_TOKEN: 
2025-02-21T13:32:48.2409174Z   MAMBA_ROOT_PREFIX: /home/runner/micromamba
2025-02-21T13:32:48.2409494Z   MAMBA_EXE: /home/runner/micromamba-bin/micromamba
2025-02-21T13:32:48.2409899Z   CONDARC: /home/runner/work/_temp/setup-micromamba/.condarc
2025-02-21T13:32:48.2410214Z ##[endgroup]
2025-02-21T13:32:57.2591397Z ============================= test session starts ==============================
2025-02-21T13:32:57.2592149Z platform linux -- Python 3.12.4, pytest-8.2.2, pluggy-1.5.0
2025-02-21T13:32:57.2593001Z rootdir: /home/runner/work/tardis/tardis
2025-02-21T13:32:57.2593589Z configfile: pyproject.toml
2025-02-21T13:32:57.2594227Z plugins: metadata-3.1.1, anyio-4.4.0, doctestplus-1.2.1, cov-5.0.0, html-4.1.1
2025-02-21T13:32:57.2595340Z collected 1796 items / 2 deselected / 1794 selected
2025-02-21T13:32:57.2595722Z 
2025-02-21T13:33:02.2437446Z tardis/energy_input/tests/test_energy_source.py ..xxx                    [  0%]
2025-02-21T13:33:04.9905922Z tardis/energy_input/tests/test_gamma_ray_channel.py ...........          [  0%]
2025-02-21T13:33:06.6093025Z tardis/energy_input/tests/test_gamma_ray_grid.py xx.                     [  1%]
2025-02-21T13:33:08.4313171Z tardis/energy_input/tests/test_gamma_ray_interactions.py xx....          [  1%]
2025-02-21T13:33:08.4407332Z tardis/energy_input/tests/test_gamma_ray_packet_source.py sssssssss      [  1%]
2025-02-21T13:33:09.7567251Z tardis/energy_input/tests/test_util.py .....xxxx.....                    [  2%]
2025-02-21T13:33:10.1004357Z tardis/grid/tests/test_grid.py .                                         [  2%]
2025-02-21T13:33:10.1020165Z tardis/gui/tests/test_gui.py s                                           [  2%]
2025-02-21T13:33:13.5821514Z tardis/io/configuration/tests/test_config_reader.py ...........          [  3%]
2025-02-21T13:33:13.5949821Z tardis/io/configuration/tests/test_configuration_namespace.py .........  [  3%]
2025-02-21T13:33:13.6225299Z tardis/io/logger/tests/test_logging.py ssssssssssssssssssssssssssss      [  5%]
2025-02-21T13:33:52.4347655Z tardis/io/model/readers/tests/test_arepo_parser.py ..                    [  5%]
2025-02-21T13:33:52.4489416Z tardis/io/model/readers/tests/test_ascii_readers.py ...                  [  5%]
2025-02-21T13:33:52.4596568Z tardis/io/model/readers/tests/test_cmfgen_reader.py ..                   [  5%]
2025-02-21T13:33:52.4897598Z tardis/io/model/readers/tests/test_csvy_reader.py ....                   [  6%]
2025-02-21T13:33:52.5106274Z tardis/io/model/readers/tests/test_stella_reader.py ..                   [  6%]
2025-02-21T13:33:52.8138898Z tardis/io/tests/test_HDFWriter.py ...............                        [  7%]
2025-02-21T13:33:53.1385015Z tardis/io/tests/test_atomic.py .....                                     [  7%]
2025-02-21T13:33:53.1584555Z tardis/io/tests/test_decay.py ..                                         [  7%]
2025-02-21T13:33:53.3557178Z tardis/io/tests/test_model_reader.py ......                              [  7%]
2025-02-21T13:33:53.3624852Z tardis/model/geometry/tests/test_radial1d.py ..                          [  7%]
2025-02-21T13:34:53.0895975Z tardis/model/tests/test_base.py ........................................ [ 10%]
2025-02-21T13:34:54.0989583Z ............                                                             [ 10%]
2025-02-21T13:34:57.2247572Z tardis/model/tests/test_csvy_model.py .........                          [ 11%]
2025-02-21T13:34:57.2749027Z tardis/model/tests/test_density.py ..                                    [ 11%]
2025-02-21T13:34:58.6095476Z tardis/opacities/tests/test_opacity_solver.py .....                      [ 11%]
2025-02-21T13:34:59.9722344Z tardis/opacities/tests/test_opacity_state_numba.py .....                 [ 11%]
2025-02-21T13:35:01.9626383Z tardis/opacities/tests/test_tau_sobolev.py ..                            [ 12%]
2025-02-21T13:35:04.7408111Z tardis/plasma/equilibrium/tests/test_collisional_transitions.py ...      [ 12%]
2025-02-21T13:35:51.4093577Z tardis/plasma/equilibrium/tests/test_level_populations.py ....           [ 12%]
2025-02-21T13:36:03.1057384Z tardis/plasma/equilibrium/tests/test_rate_matrix.py .                    [ 12%]
2025-02-21T13:36:04.5276963Z tardis/plasma/tests/test_complete_plasmas.py ..............s......s..... [ 13%]
2025-02-21T13:36:07.3813918Z s....ssssss............s......s.....ss.....s....ssssss............s..... [ 18%]
2025-02-21T13:36:09.0447475Z .s.....ss.....s....ssssss............s......s.....ss.....s....ssssss.... [ 22%]
2025-02-21T13:36:11.9314013Z ........s......s.....ss.....s....ssssss............s......s.....ss.....s [ 26%]
2025-02-21T13:36:14.8047535Z ....ssssss............s......s.....ss.....s....ssssss............s...... [ 30%]
2025-02-21T13:36:15.5100860Z s.....ss.....s....ssssss............s......s.....ss.....s.ss.ssssss..... [ 34%]
2025-02-21T13:36:18.3426795Z .......s......s.....ss.....s....ssssss............s......s.....ss.....s. [ 38%]
2025-02-21T13:36:21.1540229Z ...ssssss............s......s.....ss.....s....ssssss............s......s [ 42%]
2025-02-21T13:36:24.5198177Z .....ss.....s....ssssss............s......s.....s...........ssssss...... [ 46%]
2025-02-21T13:36:26.2818544Z ......s......s.....s...........ssssss............s......s.....s......... [ 50%]
2025-02-21T13:36:29.0979034Z ..ssssss............s......s.....ss.....s....ssssss............s......s. [ 54%]
2025-02-21T13:36:32.1896880Z ....ss.....s....ssssss...................s......s.....s....ssss......... [ 58%]
2025-02-21T13:36:32.4762447Z ............s......s.....s....ssss.......                                [ 60%]
2025-02-21T13:36:32.5902989Z tardis/plasma/tests/test_hdf_plasma.py ................................. [ 62%]
2025-02-21T13:36:32.6020416Z ......                                                                   [ 62%]
2025-02-21T13:36:32.7426307Z tardis/plasma/tests/test_nlte_excitation.py ...                          [ 62%]
2025-02-21T13:38:48.9609334Z tardis/plasma/tests/test_nlte_solver.py .....X                           [ 63%]
2025-02-21T13:38:48.9634439Z tardis/plasma/tests/test_plasma_continuum.py .                           [ 63%]
2025-02-21T13:39:11.3470640Z tardis/plasma/tests/test_plasma_vboundary.py .............               [ 63%]
2025-02-21T13:39:24.6410241Z tardis/plasma/tests/test_tardis_model_density_config.py ...              [ 64%]
2025-02-21T13:39:25.3914668Z tardis/simulation/tests/test_convergence.py .....                        [ 64%]
2025-02-21T13:39:34.4445715Z tardis/simulation/tests/test_simulation.py .............                 [ 65%]
2025-02-21T13:39:34.4639710Z tardis/spectrum/tests/test_cuda_formal_integral.py sssssssssssssssssssss [ 66%]
2025-02-21T13:39:34.9286227Z ssss...ssssssssssssssssssssss                                            [ 67%]
2025-02-21T13:39:34.9360122Z tardis/spectrum/tests/test_luminosity.py ....                            [ 68%]
2025-02-21T13:39:36.5586394Z tardis/spectrum/tests/test_numba_formal_integral.py .................... [ 69%]
2025-02-21T13:39:36.5787150Z ..........                                                               [ 69%]
2025-02-21T13:39:36.7513296Z tardis/spectrum/tests/test_spectrum.py ................................. [ 71%]
2025-02-21T13:39:36.7839356Z .........                                                                [ 72%]
2025-02-21T13:39:54.7986541Z tardis/spectrum/tests/test_spectrum_solver.py ....                       [ 72%]
2025-02-21T13:40:25.8080707Z tardis/tests/test_tardis_full.py .FFF                                    [ 72%]
2025-02-21T13:41:50.0675931Z tardis/tests/test_tardis_full_formal_integral.py ................        [ 73%]
2025-02-21T13:41:50.1424648Z tardis/tests/test_util.py .............................................  [ 75%]
2025-02-21T13:41:52.8236626Z tardis/transport/montecarlo/tests/test_base.py x.....................    [ 77%]
2025-02-21T13:42:00.4093953Z tardis/transport/montecarlo/tests/test_interaction.py .......            [ 77%]
2025-02-21T13:42:00.6202395Z tardis/transport/montecarlo/tests/test_macro_atom.py ....                [ 77%]
2025-02-21T13:42:00.6383717Z tardis/transport/montecarlo/tests/test_montecarlo.py sssssssssssssssssss [ 78%]
2025-02-21T13:42:00.6817902Z sssssssssssssssssssssssssssssssssssssssssssss                            [ 81%]
2025-02-21T13:42:09.4801448Z tardis/transport/montecarlo/tests/test_montecarlo_main_loop.py x..       [ 81%]
2025-02-21T13:42:09.4868362Z tardis/transport/montecarlo/tests/test_nonhomologous.py ...              [ 81%]
2025-02-21T13:42:15.6436882Z tardis/transport/montecarlo/tests/test_numba_interface.py .....x.        [ 82%]
2025-02-21T13:42:16.1235903Z tardis/transport/montecarlo/tests/test_opacities.py ...............      [ 82%]
2025-02-21T13:42:17.1428407Z tardis/transport/montecarlo/tests/test_packet.py .................xXXXXX [ 84%]
2025-02-21T13:42:17.2761681Z XX.........                                                              [ 84%]
2025-02-21T13:42:17.3043149Z tardis/transport/montecarlo/tests/test_packet_source.py ........         [ 85%]
2025-02-21T13:42:17.6050602Z tardis/transport/montecarlo/tests/test_rpacket_last_interaction_tracker.py . [ 85%]
2025-02-21T13:42:18.0161046Z .....                                                                    [ 85%]
2025-02-21T13:42:52.7236663Z tardis/transport/montecarlo/tests/test_rpacket_tracker.py ......         [ 85%]
2025-02-21T13:42:52.7523433Z tardis/transport/montecarlo/tests/test_single_packet_loop.py xxx         [ 86%]
2025-02-21T13:42:52.7556230Z tardis/transport/montecarlo/tests/test_tracker_utils.py ..               [ 86%]
2025-02-21T13:42:55.2296422Z tardis/transport/montecarlo/tests/test_vpacket.py ..x.                   [ 86%]
2025-02-21T13:42:55.2477551Z tardis/transport/montecarlo/tests/test_weighted_packet_source.py ....    [ 86%]
2025-02-21T13:42:58.6970424Z tardis/transport/montecarlo/tests/test_weighted_packet_source_integration.py . [ 86%]
2025-02-21T13:42:58.6971704Z                                                                          [ 86%]
2025-02-21T13:42:59.4579387Z tardis/transport/tests/test_doppler_factor.py ..................         [ 87%]
2025-02-21T13:43:00.8137422Z tardis/visualization/tools/tests/test_convergence_plot.py .............. [ 88%]
2025-02-21T13:43:03.0565230Z ......                                                                   [ 88%]
2025-02-21T13:43:08.3114897Z tardis/visualization/tools/tests/test_liv_plot.py ...................... [ 90%]
2025-02-21T13:43:11.0213566Z .............................                                            [ 91%]
2025-02-21T13:43:13.8831598Z tardis/visualization/tools/tests/test_rpacket_plot.py .................. [ 92%]
2025-02-21T13:43:20.9400935Z ....                                                                     [ 92%]
2025-02-21T13:43:27.1265830Z tardis/visualization/tools/tests/test_sdec_plot.py ..................... [ 94%]
2025-02-21T13:43:35.3649654Z ..............................                                           [ 95%]
2025-02-21T13:43:35.8078076Z tardis/visualization/widgets/tests/test_custom_abundance.py ........ss.. [ 96%]
2025-02-21T13:43:35.8816563Z ....                                                                     [ 96%]
2025-02-21T13:43:36.9628815Z tardis/visualization/widgets/tests/test_line_info.py ................... [ 97%]
2025-02-21T13:43:37.6324143Z ..................                                                       [ 98%]
2025-02-21T13:44:41.6905507Z tardis/visualization/widgets/tests/test_shell_info.py .................. [ 99%]
2025-02-21T13:44:49.9074739Z ......                                                                   [100%]
2025-02-21T13:44:49.9075214Z 
2025-02-21T13:44:49.9075474Z =================================== FAILURES ===================================
2025-02-21T13:44:49.9076162Z __________________ TestTransportSimple.test_j_blue_estimators __________________
2025-02-21T13:44:49.9076706Z 
2025-02-21T13:44:49.9077117Z self = <tardis.tests.test_tardis_full.TestTransportSimple object at 0x7f4f3629e060>
2025-02-21T13:44:49.9078159Z simulation_regression_data = <tardis.simulation.base.Simulation object at 0x7f4f350cd6d0>
2025-02-21T13:44:49.9078770Z 
2025-02-21T13:44:49.9079041Z     def test_j_blue_estimators(self, simulation_regression_data):
2025-02-21T13:44:49.9079704Z         key = "simulation/transport/transport_state/j_blue_estimator"
2025-02-21T13:44:49.9080290Z         expected = self.get_expected_data(key)
2025-02-21T13:44:49.9080729Z     
2025-02-21T13:44:49.9081032Z >       npt.assert_allclose(
2025-02-21T13:44:49.9081738Z             simulation_regression_data.transport.transport_state.radfield_mc_estimators.j_blue_estimator,
2025-02-21T13:44:49.9082494Z             expected.values,
2025-02-21T13:44:49.9083184Z         )
2025-02-21T13:44:49.9083361Z 
2025-02-21T13:44:49.9083531Z tardis/tests/test_tardis_full.py:60: 
2025-02-21T13:44:49.9084034Z _ _ _ _ _ _ _ _ _ _ _ _ _ _ _ _ _ _ _ _ _ _ _ _ _ _ _ _ _ _ _ _ _ _ _ _ _ _ _ _ 
2025-02-21T13:44:49.9084785Z 
2025-02-21T13:44:49.9085262Z args = (<function assert_allclose.<locals>.compare at 0x7f4f087eb600>, array([[0., 0., 0., ..., 0., 0., 0.],
2025-02-21T13:44:49.9085999Z        [0., 0., .....,
2025-02-21T13:44:49.9086371Z        [0., 0., 0., ..., 0., 0., 0.],
2025-02-21T13:44:49.9086735Z        [0., 0., 0., ..., 0., 0., 0.],
2025-02-21T13:44:49.9087123Z        [0., 0., 0., ..., 0., 0., 0.]]))
2025-02-21T13:44:49.9087835Z kwds = {'equal_nan': True, 'err_msg': '', 'header': 'Not equal to tolerance rtol=1e-07, atol=0', 'verbose': True}
2025-02-21T13:44:49.9088405Z 
2025-02-21T13:44:49.9088540Z     @wraps(func)
2025-02-21T13:44:49.9088882Z     def inner(*args, **kwds):
2025-02-21T13:44:49.9089263Z         with self._recreate_cm():
2025-02-21T13:44:49.9089700Z >           return func(*args, **kwds)
2025-02-21T13:44:49.9090141Z E           AssertionError: 
2025-02-21T13:44:49.9090617Z E           Not equal to tolerance rtol=1e-07, atol=0
2025-02-21T13:44:49.9091118Z E           
2025-02-21T13:44:49.9091474Z E           Mismatched elements: 501415 / 584480 (85.8%)
2025-02-21T13:44:49.9091970Z E           Max absolute difference: 1.58727889e-18
2025-02-21T13:44:49.9092468Z E           Max relative difference: 14.12627905
2025-02-21T13:44:49.9093147Z E            x: array([[0., 0., 0., ..., 0., 0., 0.],
2025-02-21T13:44:49.9093595Z E                  [0., 0., 0., ..., 0., 0., 0.],
2025-02-21T13:44:49.9094097Z E                  [0., 0., 0., ..., 0., 0., 0.],...
2025-02-21T13:44:49.9094580Z E            y: array([[0., 0., 0., ..., 0., 0., 0.],
2025-02-21T13:44:49.9095057Z E                  [0., 0., 0., ..., 0., 0., 0.],
2025-02-21T13:44:49.9095619Z E                  [0., 0., 0., ..., 0., 0., 0.],...
2025-02-21T13:44:49.9095923Z 
2025-02-21T13:44:49.9096261Z ../../../micromamba/envs/tardis/lib/python3.12/contextlib.py:81: AssertionError
2025-02-21T13:44:49.9097012Z ______________________ TestTransportSimple.test_spectrum _______________________
2025-02-21T13:44:49.9097424Z 
2025-02-21T13:44:49.9097751Z self = <tardis.tests.test_tardis_full.TestTransportSimple object at 0x7f4f3629e360>
2025-02-21T13:44:49.9098589Z simulation_regression_data = <tardis.simulation.base.Simulation object at 0x7f4f350cd6d0>
2025-02-21T13:44:49.9099116Z 
2025-02-21T13:44:49.9099306Z     def test_spectrum(self, simulation_regression_data):
2025-02-21T13:44:49.9099968Z         key = "simulation/spectrum_solver/spectrum_real_packets/luminosity"
2025-02-21T13:44:49.9100820Z         expected = self.get_expected_data(key)
2025-02-21T13:44:49.9101250Z     
2025-02-21T13:44:49.9101580Z         luminosity = u.Quantity(expected, "erg /s")
2025-02-21T13:44:49.9101998Z     
2025-02-21T13:44:49.9102288Z >       assert_quantity_allclose(
2025-02-21T13:44:49.9103090Z             simulation_regression_data.spectrum_solver.spectrum_real_packets.luminosity,
2025-02-21T13:44:49.9103721Z             luminosity,
2025-02-21T13:44:49.9104040Z         )
2025-02-21T13:44:49.9104198Z 
2025-02-21T13:44:49.9104366Z tardis/tests/test_tardis_full.py:71: 
2025-02-21T13:44:49.9104822Z _ _ _ _ _ _ _ _ _ _ _ _ _ _ _ _ _ _ _ _ _ _ _ _ _ _ _ _ _ _ _ _ _ _ _ _ _ _ _ _ 
2025-02-21T13:44:49.9105714Z ../../../micromamba/envs/tardis/lib/python3.12/site-packages/astropy/tests/helper.py:203: in assert_quantity_allclose
2025-02-21T13:44:49.9106579Z     np.testing.assert_allclose(
2025-02-21T13:44:49.9107013Z _ _ _ _ _ _ _ _ _ _ _ _ _ _ _ _ _ _ _ _ _ _ _ _ _ _ _ _ _ _ _ _ _ _ _ _ _ _ _ _ 
2025-02-21T13:44:49.9107360Z 
2025-02-21T13:44:49.9108135Z args = (<function assert_allclose.<locals>.compare at 0x7f4f06963100>, array([1.33511090e+39, 1.33738696e+39, 9.41598476e+38,...), array([1.47119190e+39, 1.69564189e+39, 1.35368464e+39, ...,
2025-02-21T13:44:49.9109224Z        0.00000000e+00, 0.00000000e+00, 0.00000000e+00]))
2025-02-21T13:44:49.9109938Z kwds = {'equal_nan': True, 'err_msg': '', 'header': 'Not equal to tolerance rtol=1e-07, atol=0', 'verbose': True}
2025-02-21T13:44:49.9110491Z 
2025-02-21T13:44:49.9110804Z     @wraps(func)
2025-02-21T13:44:49.9111130Z     def inner(*args, **kwds):
2025-02-21T13:44:49.9111515Z         with self._recreate_cm():
2025-02-21T13:44:49.9111908Z >           return func(*args, **kwds)
2025-02-21T13:44:49.9112307Z E           AssertionError: 
2025-02-21T13:44:49.9112898Z E           Not equal to tolerance rtol=1e-07, atol=0
2025-02-21T13:44:49.9113300Z E           
2025-02-21T13:44:49.9113622Z E           Mismatched elements: 4787 / 10000 (47.9%)
2025-02-21T13:44:49.9114081Z E           Max absolute difference: 3.38544343e+39
2025-02-21T13:44:49.9114543Z E           Max relative difference: 2.93242273
2025-02-21T13:44:49.9115073Z E            x: array([1.335111e+39, 1.337387e+39, 9.415985e+38, ..., 0.000000e+00,
2025-02-21T13:44:49.9115580Z E                  0.000000e+00, 0.000000e+00])
2025-02-21T13:44:49.9116063Z E            y: array([1.471192e+39, 1.695642e+39, 1.353685e+39, ..., 0.000000e+00,
2025-02-21T13:44:49.9116562Z E                  0.000000e+00, 0.000000e+00])
2025-02-21T13:44:49.9116847Z 
2025-02-21T13:44:49.9117194Z ../../../micromamba/envs/tardis/lib/python3.12/contextlib.py:81: AssertionError
2025-02-21T13:44:49.9118021Z __________________ TestTransportSimple.test_virtual_spectrum ___________________
2025-02-21T13:44:49.9118474Z 
2025-02-21T13:44:49.9118817Z self = <tardis.tests.test_tardis_full.TestTransportSimple object at 0x7f4f3629e630>
2025-02-21T13:44:49.9119696Z simulation_regression_data = <tardis.simulation.base.Simulation object at 0x7f4f350cd6d0>
2025-02-21T13:44:49.9120262Z 
2025-02-21T13:44:49.9120506Z     def test_virtual_spectrum(self, simulation_regression_data):
2025-02-21T13:44:49.9121162Z         key = "simulation/spectrum_solver/spectrum_virtual_packets/luminosity"
2025-02-21T13:44:49.9121731Z         expected = self.get_expected_data(key)
2025-02-21T13:44:49.9122113Z     
2025-02-21T13:44:49.9122418Z         luminosity = u.Quantity(expected, "erg /s")
2025-02-21T13:44:49.9123003Z     
2025-02-21T13:44:49.9123268Z >       assert_quantity_allclose(
2025-02-21T13:44:49.9123866Z             simulation_regression_data.spectrum_solver.spectrum_virtual_packets.luminosity,
2025-02-21T13:44:49.9124481Z             luminosity,
2025-02-21T13:44:49.9124782Z         )
2025-02-21T13:44:49.9124935Z 
2025-02-21T13:44:49.9125079Z tardis/tests/test_tardis_full.py:82: 
2025-02-21T13:44:49.9125513Z _ _ _ _ _ _ _ _ _ _ _ _ _ _ _ _ _ _ _ _ _ _ _ _ _ _ _ _ _ _ _ _ _ _ _ _ _ _ _ _ 
2025-02-21T13:44:49.9126559Z ../../../micromamba/envs/tardis/lib/python3.12/site-packages/astropy/tests/helper.py:203: in assert_quantity_allclose
2025-02-21T13:44:49.9127358Z     np.testing.assert_allclose(
2025-02-21T13:44:49.9127755Z _ _ _ _ _ _ _ _ _ _ _ _ _ _ _ _ _ _ _ _ _ _ _ _ _ _ _ _ _ _ _ _ _ _ _ _ _ _ _ _ 
2025-02-21T13:44:49.9128070Z 
2025-02-21T13:44:49.9128827Z args = (<function assert_allclose.<locals>.compare at 0x7f4f069618a0>, array([1.46352380e+39, 1.37519577e+39, 1.34901151e+39,...), array([1.44033177e+39, 1.35611403e+39, 1.39755698e+39, ...,
2025-02-21T13:44:49.9129880Z        0.00000000e+00, 0.00000000e+00, 0.00000000e+00]))
2025-02-21T13:44:49.9130553Z kwds = {'equal_nan': True, 'err_msg': '', 'header': 'Not equal to tolerance rtol=1e-07, atol=0', 'verbose': True}
2025-02-21T13:44:49.9131076Z 
2025-02-21T13:44:49.9131188Z     @wraps(func)
2025-02-21T13:44:49.9131480Z     def inner(*args, **kwds):
2025-02-21T13:44:49.9131820Z         with self._recreate_cm():
2025-02-21T13:44:49.9132176Z >           return func(*args, **kwds)
2025-02-21T13:44:49.9132556Z E           AssertionError: 
2025-02-21T13:44:49.9133078Z E           Not equal to tolerance rtol=1e-07, atol=0
2025-02-21T13:44:49.9133459Z E           
2025-02-21T13:44:49.9133744Z E           Mismatched elements: 5800 / 10000 (58%)
2025-02-21T13:44:49.9134165Z E           Max absolute difference: 2.37529699e+39
2025-02-21T13:44:49.9134578Z E           Max relative difference: 18569.59081289
2025-02-21T13:44:49.9135091Z E            x: array([1.463524e+39, 1.375196e+39, 1.349012e+39, ..., 0.000000e+00,
2025-02-21T13:44:49.9135772Z E                  0.000000e+00, 0.000000e+00])
2025-02-21T13:44:49.9136254Z E            y: array([1.440332e+39, 1.356114e+39, 1.397557e+39, ..., 0.000000e+00,
2025-02-21T13:44:49.9136754Z E                  0.000000e+00, 0.000000e+00])
2025-02-21T13:44:49.9137033Z 
2025-02-21T13:44:49.9137346Z ../../../micromamba/envs/tardis/lib/python3.12/contextlib.py:81: AssertionError
2025-02-21T13:44:49.9137989Z =============================== warnings summary ===============================
2025-02-21T13:44:49.9138494Z tardis/io/configuration/config_validator.py:6
2025-02-21T13:44:49.9138985Z tardis/io/configuration/config_validator.py:6
2025-02-21T13:44:49.9139787Z   /home/runner/work/tardis/tardis/tardis/io/configuration/config_validator.py:6: DeprecationWarning:
2025-02-21T13:44:49.9140547Z   
2025-02-21T13:44:49.9142513Z   jsonschema.RefResolver is deprecated as of v4.18.0, in favor of the https://github.com/python-jsonschema/referencing library, which provides more compliant referencing behavior as well as more flexible APIs for customization. A future release will remove RefResolver. Please file a feature request (on referencing) if you are missing an API for the kind of customization you need.
2025-02-21T13:44:49.9144646Z 
2025-02-21T13:44:49.9145027Z ../../../micromamba/envs/tardis/lib/python3.12/site-packages/jupyter_client/connect.py:22
2025-02-21T13:44:49.9146079Z   /home/runner/micromamba/envs/tardis/lib/python3.12/site-packages/jupyter_client/connect.py:22: DeprecationWarning:
2025-02-21T13:44:49.9146889Z   
2025-02-21T13:44:49.9147257Z   Jupyter is migrating its paths to use standard platformdirs
2025-02-21T13:44:49.9147886Z   given by the platformdirs library.  To remove this warning and
2025-02-21T13:44:49.9148521Z   see the appropriate new directories, set the environment variable
2025-02-21T13:44:49.9149146Z   `JUPYTER_PLATFORM_DIRS=1` and then run `jupyter --paths`.
2025-02-21T13:44:49.9149767Z   The use of platformdirs will be the default in `jupyter_core` v6
2025-02-21T13:44:49.9150155Z 
2025-02-21T13:44:49.9158840Z tardis/io/tests/test_HDFWriter.py::test_multi_index_write
2025-02-21T13:44:49.9159677Z tardis/visualization/widgets/tests/test_shell_info.py::TestHDFShellInfo::test_shells_data
2025-02-21T13:44:49.9160559Z   /home/runner/work/tardis/tardis/tardis/io/util.py:276: PerformanceWarning:
2025-02-21T13:44:49.9161132Z   
2025-02-21T13:44:49.9161377Z   
2025-02-21T13:44:49.9161857Z   your performance may suffer as PyTables will pickle object types that it cannot
2025-02-21T13:44:49.9163202Z   map directly to c-types [inferred_type->mixed,key->block0_values] [items->Index([0], dtype='int64')]
2025-02-21T13:44:49.9163756Z 
2025-02-21T13:44:49.9164079Z tardis/io/tests/test_model_reader.py::test_read_cmfgen_isotope_abundances
2025-02-21T13:44:49.9164849Z tardis/plasma/tests/test_tardis_model_density_config.py::test_electron_densities
2025-02-21T13:44:49.9165652Z tardis/plasma/tests/test_tardis_model_density_config.py::test_isotope_number_densities
2025-02-21T13:44:49.9166403Z tardis/plasma/tests/test_tardis_model_density_config.py::test_t_rad
2025-02-21T13:44:49.9167287Z   /home/runner/work/tardis/tardis/tardis/io/model/readers/cmfgen_deprecated.py:82: DeprecationWarning:
2025-02-21T13:44:49.9168038Z   
2025-02-21T13:44:49.9168353Z   The current CMFGEN model parser is deprecated
2025-02-21T13:44:49.9168682Z 
2025-02-21T13:44:49.9168859Z tardis/io/tests/test_model_reader.py: 1 warning
2025-02-21T13:44:49.9169440Z tardis/plasma/tests/test_tardis_model_density_config.py: 9 warnings
2025-02-21T13:44:49.9170338Z   /home/runner/work/tardis/tardis/tardis/io/model/readers/cmfgen_deprecated.py:40: DeprecationWarning:
2025-02-21T13:44:49.9171065Z   
2025-02-21T13:44:49.9171355Z   The current CMFGEN model parser is deprecated
2025-02-21T13:44:49.9171632Z 
2025-02-21T13:44:49.9171948Z tardis/model/tests/test_base.py::TestModelFromPaper1Config::test_abundances
2025-02-21T13:44:49.9173162Z   /home/runner/work/tardis/tardis/tardis/transport/montecarlo/montecarlo_main_loop.py:123: NumbaTypeSafetyWarning:
2025-02-21T13:44:49.9174164Z   
2025-02-21T13:44:49.9174883Z   [1m[1m[1munsafe cast from uint64 to int64. Precision may be lost.[0m[0m[0m
2025-02-21T13:44:49.9175353Z 
2025-02-21T13:44:49.9175515Z tardis/model/tests/test_base.py: 6 warnings
2025-02-21T13:44:49.9175987Z tardis/model/tests/test_csvy_model.py: 2 warnings
2025-02-21T13:44:49.9176567Z tardis/plasma/tests/test_tardis_model_density_config.py: 3 warnings
2025-02-21T13:44:49.9177426Z   /home/runner/work/tardis/tardis/tardis/model/geometry/radial1d.py:50: DeprecationWarning:
2025-02-21T13:44:49.9178080Z   
2025-02-21T13:44:49.9178361Z   v_inner_boundary < 0, assuming default value
2025-02-21T13:44:49.9178657Z 
2025-02-21T13:44:49.9178809Z tardis/model/tests/test_base.py: 6 warnings
2025-02-21T13:44:49.9179262Z tardis/model/tests/test_csvy_model.py: 2 warnings
2025-02-21T13:44:49.9179847Z tardis/plasma/tests/test_tardis_model_density_config.py: 3 warnings
2025-02-21T13:44:49.9180701Z   /home/runner/work/tardis/tardis/tardis/model/geometry/radial1d.py:61: DeprecationWarning:
2025-02-21T13:44:49.9181386Z   
2025-02-21T13:44:49.9181668Z   v_outer_boundary < 0, assuming default value
2025-02-21T13:44:49.9181950Z 
2025-02-21T13:44:49.9183067Z tardis/plasma/equilibrium/tests/test_level_populations.py::TestLevelPopulationSolver::test_solve[collisional_rate_solver0-radiative_transitions0]
2025-02-21T13:44:49.9184459Z   /home/runner/work/tardis/tardis/tardis/plasma/equilibrium/level_populations.py:65: FutureWarning:
2025-02-21T13:44:49.9185173Z   
2025-02-21T13:44:49.9185735Z   A value is trying to be set on a copy of a DataFrame or Series through chained assignment using an inplace method.
2025-02-21T13:44:49.9187002Z   The behavior will change in pandas 3.0. This inplace method will never work because the intermediate object on which we are setting values always behaves as a copy.
2025-02-21T13:44:49.9187954Z   
2025-02-21T13:44:49.9188906Z   For example, when doing 'df[col].method(value, inplace=True)', try using 'df.method({col: value}, inplace=True)' or df[col] = df[col].method(value) instead, to perform the operation inplace on the original object.
2025-02-21T13:44:49.9189859Z 
2025-02-21T13:44:49.9190178Z tardis/plasma/tests/test_plasma_vboundary.py::test_plasma_vboundary[2900-3750]
2025-02-21T13:44:49.9190921Z tardis/plasma/tests/test_plasma_vboundary.py::test_plasma_vboundary[2900-3850]
2025-02-21T13:44:49.9191667Z tardis/plasma/tests/test_plasma_vboundary.py::test_plasma_vboundary[2900-3900]
2025-02-21T13:44:49.9192654Z   /home/runner/work/tardis/tardis/tardis/model/geometry/radial1d.py:71: UserWarning:
2025-02-21T13:44:49.9193480Z   
2025-02-21T13:44:49.9193926Z   Requesting inner boundary below inner shell. Extrapolating the inner cell
2025-02-21T13:44:49.9194359Z 
2025-02-21T13:44:49.9194697Z tardis/spectrum/tests/test_spectrum_solver.py::TestSpectrumSolver::test_solve
2025-02-21T13:44:49.9195480Z   /home/runner/work/tardis/tardis/tardis/spectrum/base.py:70: UserWarning:
2025-02-21T13:44:49.9196023Z   
2025-02-21T13:44:49.9196668Z   SpectrumSolver.spectrum_virtual_packets is zero. Please run the montecarlo simulation with no_of_virtual_packets > 0
2025-02-21T13:44:49.9197348Z 
2025-02-21T13:44:49.9197679Z tardis/spectrum/tests/test_spectrum_solver.py::TestSpectrumSolver::test_solve
2025-02-21T13:44:49.9198462Z   /home/runner/work/tardis/tardis/tardis/spectrum/base.py:111: UserWarning:
2025-02-21T13:44:49.9199006Z   
2025-02-21T13:44:49.9199690Z   SpectrumSolver.integrator: The FormalIntegrator is not yet available.Please run the montecarlo simulation at least once.
2025-02-21T13:44:49.9200372Z 
2025-02-21T13:44:49.9200731Z tardis/transport/montecarlo/tests/test_vpacket.py::test_trace_vpacket_volley
2025-02-21T13:44:49.9201392Z   <string>:3: NumbaPendingDeprecationWarning:
2025-02-21T13:44:49.9201784Z   
2025-02-21T13:44:49.9203930Z   [1m[1mCode using Numba extension API maybe depending on 'old_style' error-capturing, which is deprecated and will be replaced by 'new_style' in a future release. See details at https://numba.readthedocs.io/en/latest/reference/deprecation.html#deprecation-of-old-style-numba-captured-errors
2025-02-21T13:44:49.9205761Z   Exception origin:
2025-02-21T13:44:49.9206346Z     File "/home/runner/micromamba/envs/tardis/lib/python3.12/inspect.py", line 3180, in _bind
2025-02-21T13:44:49.9207062Z       raise TypeError(msg) from None
2025-02-21T13:44:49.9207533Z   [0m[0m
2025-02-21T13:44:49.9207716Z 
2025-02-21T13:44:49.9208338Z tardis/visualization/tools/tests/test_sdec_plot.py::TestSDECPlotter::test_mpl_image[plotter_generate_plot_mpl4]
2025-02-21T13:44:49.9209504Z   /home/runner/work/tardis/tardis/tardis/visualization/tools/sdec_plot.py:1225: RuntimeWarning:
2025-02-21T13:44:49.9210206Z   
2025-02-21T13:44:49.9211720Z   More than 20 figures have been opened. Figures created through the pyplot interface (`matplotlib.pyplot.figure`) are retained until explicitly closed and may consume too much memory. (To control this warning, see the rcParam `figure.max_open_warning`). Consider using `matplotlib.pyplot.close()`.
2025-02-21T13:44:49.9213422Z 
2025-02-21T13:44:49.9214004Z tardis/visualization/widgets/tests/test_custom_abundance.py::TestCustomAbundanceWidget::test_update_input_item_value
2025-02-21T13:44:49.9215263Z tardis/visualization/widgets/tests/test_custom_abundance.py::TestCustomAbundanceWidget::test_update_input_item_value
2025-02-21T13:44:49.9216540Z tardis/visualization/widgets/tests/test_custom_abundance.py::TestCustomAbundanceWidget::test_update_input_item_value
2025-02-21T13:44:49.9217795Z tardis/visualization/widgets/tests/test_custom_abundance.py::TestCustomAbundanceWidget::test_update_input_item_value
2025-02-21T13:44:49.9219044Z tardis/visualization/widgets/tests/test_custom_abundance.py::TestCustomAbundanceWidget::test_update_input_item_value
2025-02-21T13:44:49.9220283Z tardis/visualization/widgets/tests/test_custom_abundance.py::TestCustomAbundanceWidget::test_update_input_item_value
2025-02-21T13:44:49.9221521Z   /home/runner/micromamba/envs/tardis/lib/python3.12/site-packages/traitlets/traitlets.py:1385: DeprecationWarning:
2025-02-21T13:44:49.9222330Z   
2025-02-21T13:44:49.9222913Z   Passing unrecognized arguments to super(Checkbox).__init__(icon='lock').
2025-02-21T13:44:49.9223614Z   object.__init__() takes exactly one argument (the instance to initialize)
2025-02-21T13:44:49.9224388Z   This is deprecated in traitlets 4.2.This error will be raised in a future release of traitlets.
2025-02-21T13:44:49.9224909Z 
2025-02-21T13:44:49.9225664Z tardis/visualization/widgets/tests/test_custom_abundance.py::TestCustomAbundanceWidget::test_update_input_item_value
2025-02-21T13:44:49.9226879Z tardis/visualization/widgets/tests/test_custom_abundance.py::TestCustomAbundanceWidget::test_update_input_item_value
2025-02-21T13:44:49.9228116Z   /home/runner/micromamba/envs/tardis/lib/python3.12/site-packages/traitlets/traitlets.py:1385: DeprecationWarning:
2025-02-21T13:44:49.9228915Z   
2025-02-21T13:44:49.9229325Z   Passing unrecognized arguments to super(FloatText).__init__(min=0).
2025-02-21T13:44:49.9229993Z   object.__init__() takes exactly one argument (the instance to initialize)
2025-02-21T13:44:49.9230765Z   This is deprecated in traitlets 4.2.This error will be raised in a future release of traitlets.
2025-02-21T13:44:49.9231284Z 
2025-02-21T13:44:49.9231865Z tardis/visualization/widgets/tests/test_custom_abundance.py::TestCustomAbundanceWidget::test_update_input_item_value
2025-02-21T13:44:49.9233300Z   /home/runner/micromamba/envs/tardis/lib/python3.12/site-packages/traitlets/traitlets.py:1385: DeprecationWarning:
2025-02-21T13:44:49.9234105Z   
2025-02-21T13:44:49.9234524Z   Passing unrecognized arguments to super(HTML).__init__(indent=True).
2025-02-21T13:44:49.9235214Z   object.__init__() takes exactly one argument (the instance to initialize)
2025-02-21T13:44:49.9235973Z   This is deprecated in traitlets 4.2.This error will be raised in a future release of traitlets.
2025-02-21T13:44:49.9236488Z 
2025-02-21T13:44:49.9237152Z tardis/visualization/widgets/tests/test_line_info.py::TestLineInfoWidgetData::test_get_species_interactions[wavelength_range0-packet_out_nu]
2025-02-21T13:44:49.9238643Z   /home/runner/micromamba/envs/tardis/lib/python3.12/site-packages/qgridnext/grid.py:814: DeprecationWarning:
2025-02-21T13:44:49.9239390Z   
2025-02-21T13:44:49.9239901Z   QgridWidget._df_changed is deprecated in traitlets 4.1: use @observe and @unobserve instead.
2025-02-21T13:44:49.9240424Z 
2025-02-21T13:44:49.9240814Z tardis/visualization/widgets/tests/test_shell_info.py::TestHDFShellInfo::test_shells_data
2025-02-21T13:44:49.9241683Z   /home/runner/work/tardis/tardis/tardis/io/util.py:289: PerformanceWarning:
2025-02-21T13:44:49.9242253Z   
2025-02-21T13:44:49.9242478Z   
2025-02-21T13:44:49.9243063Z   your performance may suffer as PyTables will pickle object types that it cannot
2025-02-21T13:44:49.9243925Z   map directly to c-types [inferred_type->mixed,key->block0_values] [items->Index([0], dtype='int64')]
2025-02-21T13:44:49.9244453Z 
2025-02-21T13:44:49.9244856Z tardis/visualization/widgets/tests/test_shell_info.py::TestHDFShellInfo::test_shells_data
2025-02-21T13:44:49.9245727Z   /home/runner/work/tardis/tardis/tardis/io/util.py:292: PerformanceWarning:
2025-02-21T13:44:49.9246275Z   
2025-02-21T13:44:49.9246490Z   
2025-02-21T13:44:49.9246925Z   your performance may suffer as PyTables will pickle object types that it cannot
2025-02-21T13:44:49.9247650Z   map directly to c-types [inferred_type->mixed,key->values] [items->None]
2025-02-21T13:44:49.9248074Z 
2025-02-21T13:44:49.9248474Z tardis/visualization/widgets/tests/test_shell_info.py::TestHDFShellInfo::test_shells_data
2025-02-21T13:44:49.9249394Z   /home/runner/work/tardis/tardis/tardis/spectrum/formal_integral.py:398: UserWarning:
2025-02-21T13:44:49.9250018Z   
2025-02-21T13:44:49.9250445Z   The number of interpolate_shells was not specified. The value was set to 80.
2025-02-21T13:44:49.9250884Z 
2025-02-21T13:44:49.9251182Z -- Docs: https://docs.pytest.org/en/stable/how-to/capture-warnings.html
2025-02-21T13:44:49.9251604Z 
2025-02-21T13:44:49.9251864Z ---------- coverage: platform linux, python 3.12.4-final-0 -----------
2025-02-21T13:44:49.9252426Z Coverage HTML written to dir coverage_html_report
2025-02-21T13:44:49.9253028Z Coverage XML written to file coverage.xml
2025-02-21T13:44:49.9253310Z 
2025-02-21T13:44:49.9253497Z =========================== short test summary info ============================
2025-02-21T13:44:49.9254284Z FAILED tardis/tests/test_tardis_full.py::TestTransportSimple::test_j_blue_estimators - AssertionError: 
2025-02-21T13:44:49.9255246Z Not equal to tolerance rtol=1e-07, atol=0
2025-02-21T13:44:49.9255543Z 
2025-02-21T13:44:49.9255692Z Mismatched elements: 501415 / 584480 (85.8%)
2025-02-21T13:44:49.9256099Z Max absolute difference: 1.58727889e-18
2025-02-21T13:44:49.9256493Z Max relative difference: 14.12627905
2025-02-21T13:44:49.9256867Z  x: array([[0., 0., 0., ..., 0., 0., 0.],
2025-02-21T13:44:49.9257247Z        [0., 0., 0., ..., 0., 0., 0.],
2025-02-21T13:44:49.9257602Z        [0., 0., 0., ..., 0., 0., 0.],...
2025-02-21T13:44:49.9257968Z  y: array([[0., 0., 0., ..., 0., 0., 0.],
2025-02-21T13:44:49.9258342Z        [0., 0., 0., ..., 0., 0., 0.],
2025-02-21T13:44:49.9258685Z        [0., 0., 0., ..., 0., 0., 0.],...
2025-02-21T13:44:49.9259328Z FAILED tardis/tests/test_tardis_full.py::TestTransportSimple::test_spectrum - AssertionError: 
2025-02-21T13:44:49.9260014Z Not equal to tolerance rtol=1e-07, atol=0
2025-02-21T13:44:49.9260281Z 
2025-02-21T13:44:49.9260421Z Mismatched elements: 4787 / 10000 (47.9%)
2025-02-21T13:44:49.9260830Z Max absolute difference: 3.38544343e+39
2025-02-21T13:44:49.9261231Z Max relative difference: 2.93242273
2025-02-21T13:44:49.9261753Z  x: array([1.335111e+39, 1.337387e+39, 9.415985e+38, ..., 0.000000e+00,
2025-02-21T13:44:49.9262227Z        0.000000e+00, 0.000000e+00])
2025-02-21T13:44:49.9262653Z  y: array([1.471192e+39, 1.695642e+39, 1.353685e+39, ..., 0.000000e+00,
2025-02-21T13:44:49.9263322Z        0.000000e+00, 0.000000e+00])
2025-02-21T13:44:49.9264049Z FAILED tardis/tests/test_tardis_full.py::TestTransportSimple::test_virtual_spectrum - AssertionError: 
2025-02-21T13:44:49.9264976Z Not equal to tolerance rtol=1e-07, atol=0
2025-02-21T13:44:49.9265245Z 
2025-02-21T13:44:49.9265375Z Mismatched elements: 5800 / 10000 (58%)
2025-02-21T13:44:49.9265762Z Max absolute difference: 2.37529699e+39
2025-02-21T13:44:49.9266152Z Max relative difference: 18569.59081289
2025-02-21T13:44:49.9266615Z  x: array([1.463524e+39, 1.375196e+39, 1.349012e+39, ..., 0.000000e+00,
2025-02-21T13:44:49.9267081Z        0.000000e+00, 0.000000e+00])
2025-02-21T13:44:49.9267532Z  y: array([1.440332e+39, 1.356114e+39, 1.397557e+39, ..., 0.000000e+00,
2025-02-21T13:44:49.9267989Z        0.000000e+00, 0.000000e+00])
2025-02-21T13:44:49.9268606Z = 3 failed, 1407 passed, 357 skipped, 2 deselected, 19 xfailed, 8 xpassed, 63 warnings in 714.28s (0:11:54) =
2025-02-21T13:44:52.3471950Z ##[error]Process completed with exit code 1.
2025-02-21T13:44:52.3546575Z Post job cleanup.
2025-02-21T13:44:52.3600708Z Post job cleanup.
2025-02-21T13:44:52.4974489Z Will use pre-installed micromamba at /home/runner/micromamba-bin/micromamba
2025-02-21T13:44:52.4982033Z Removing micromamba run shell ...
2025-02-21T13:44:52.4986337Z ##[group]Deinitialize micromamba for bash
2025-02-21T13:44:52.5006958Z [command]/home/runner/micromamba-bin/micromamba shell deinit -s bash -r /home/runner/micromamba --log-level warning --rc-file /home/runner/work/_temp/setup-micromamba/.condarc
2025-02-21T13:44:52.5116773Z Resetting RC file "/home/runner/.bashrc"
2025-02-21T13:44:52.5117303Z Deleting config for root prefix 
2025-02-21T13:44:52.5117678Z Clearing mamba executable environment variable
2025-02-21T13:44:52.5120030Z Removing the following in your "/home/runner/.bashrc" file
2025-02-21T13:44:52.5120613Z # >>> mamba initialize >>>
2025-02-21T13:44:52.5120927Z ...
2025-02-21T13:44:52.5121119Z # <<< mamba initialize <<<
2025-02-21T13:44:52.5151534Z Removing mamba initialize block from .bash_profile
2025-02-21T13:44:52.5167281Z ##[endgroup]
2025-02-21T13:44:52.5171112Z Removing environment tardis from auto-activate bash ...
2025-02-21T13:44:52.5298738Z Post job cleanup.
2025-02-21T13:44:52.5337317Z Post job cleanup.
2025-02-21T13:44:52.6363874Z [command]/usr/bin/git version
2025-02-21T13:44:52.6401395Z git version 2.48.1
2025-02-21T13:44:52.6454021Z Temporarily overriding HOME='/home/runner/work/_temp/dc81bff3-3876-442b-92a8-c9bc656a71d4' before making global git config changes
2025-02-21T13:44:52.6455355Z Adding repository directory to the temporary git global config as a safe directory
2025-02-21T13:44:52.6460705Z [command]/usr/bin/git config --global --add safe.directory /home/runner/work/tardis/tardis/tardis-regression-data
2025-02-21T13:44:52.6499115Z [command]/usr/bin/git config --local --name-only --get-regexp core\.sshCommand
2025-02-21T13:44:52.6535048Z [command]/usr/bin/git submodule foreach --recursive sh -c "git config --local --name-only --get-regexp 'core\.sshCommand' && git config --local --unset-all 'core.sshCommand' || :"
2025-02-21T13:44:52.6771819Z [command]/usr/bin/git config --local --name-only --get-regexp http\.https\:\/\/github\.com\/\.extraheader
2025-02-21T13:44:52.6794169Z http.https://github.com/.extraheader
2025-02-21T13:44:52.6807765Z [command]/usr/bin/git config --local --unset-all http.https://github.com/.extraheader
2025-02-21T13:44:52.6841119Z [command]/usr/bin/git submodule foreach --recursive sh -c "git config --local --name-only --get-regexp 'http\.https\:\/\/github\.com\/\.extraheader' && git config --local --unset-all 'http.https://github.com/.extraheader' || :"
2025-02-21T13:44:52.7197606Z Post job cleanup.
2025-02-21T13:44:52.8453365Z [command]/usr/bin/git version
2025-02-21T13:44:52.8496836Z git version 2.48.1
2025-02-21T13:44:52.8550925Z Temporarily overriding HOME='/home/runner/work/_temp/6ed6869c-a5e5-4614-babc-c3c4e992fc13' before making global git config changes
2025-02-21T13:44:52.8552258Z Adding repository directory to the temporary git global config as a safe directory
2025-02-21T13:44:52.8557938Z [command]/usr/bin/git config --global --add safe.directory /home/runner/work/tardis/tardis
2025-02-21T13:44:52.8600577Z [command]/usr/bin/git config --local --name-only --get-regexp core\.sshCommand
2025-02-21T13:44:52.8638874Z [command]/usr/bin/git submodule foreach --recursive sh -c "git config --local --name-only --get-regexp 'core\.sshCommand' && git config --local --unset-all 'core.sshCommand' || :"
2025-02-21T13:44:52.8908041Z [command]/usr/bin/git config --local --name-only --get-regexp http\.https\:\/\/github\.com\/\.extraheader
2025-02-21T13:44:52.8933916Z http.https://github.com/.extraheader
2025-02-21T13:44:52.8952520Z [command]/usr/bin/git config --local --unset-all http.https://github.com/.extraheader
2025-02-21T13:44:52.8990499Z [command]/usr/bin/git submodule foreach --recursive sh -c "git config --local --name-only --get-regexp 'http\.https\:\/\/github\.com\/\.extraheader' && git config --local --unset-all 'http.https://github.com/.extraheader' || :"
2025-02-21T13:44:52.9391164Z Cleaning up orphan processes
