2025-02-17T15:03:56.4717170Z Requested labels: macos-latest
2025-02-17T15:03:56.4717561Z Job defined at: tardis-sn/tardis/.github/workflows/tests.yml@refs/pull/2976/merge
2025-02-17T15:03:56.4717679Z Waiting for a runner to pick up this job...
2025-02-17T15:03:56.7346776Z Job is waiting for a hosted runner to come online.
2025-02-17T15:04:03.3385862Z Job is about to start running on the hosted runner: GitHub Actions 17 (hosted)
2025-02-17T15:04:04.8138860Z Current runner version: '2.322.0'
2025-02-17T15:04:04.8153180Z ##[group]Operating System
2025-02-17T15:04:04.8153680Z macOS
2025-02-17T15:04:04.8154010Z 14.7.2
2025-02-17T15:04:04.8154330Z 23H311
2025-02-17T15:04:04.8154640Z ##[endgroup]
2025-02-17T15:04:04.8154960Z ##[group]Runner Image
2025-02-17T15:04:04.8155300Z Image: macos-14-arm64
2025-02-17T15:04:04.8155640Z Version: 20250120.774
2025-02-17T15:04:04.8156330Z Included Software: https://github.com/actions/runner-images/blob/macos-14-arm64/20250120.774/images/macos/macos-14-arm64-Readme.md
2025-02-17T15:04:04.8157290Z Image Release: https://github.com/actions/runner-images/releases/tag/macos-14-arm64%2F20250120.774
2025-02-17T15:04:04.8157990Z ##[endgroup]
2025-02-17T15:04:04.8158330Z ##[group]Runner Image Provisioner
2025-02-17T15:04:04.8158750Z 2.0.417.1+9319b8b0d2fead581272b7201c667f076e8e53f6
2025-02-17T15:04:04.8159180Z ##[endgroup]
2025-02-17T15:04:04.8160570Z ##[group]GITHUB_TOKEN Permissions
2025-02-17T15:04:04.8161720Z Actions: read
2025-02-17T15:04:04.8162060Z Attestations: read
2025-02-17T15:04:04.8162380Z Checks: read
2025-02-17T15:04:04.8162690Z Contents: read
2025-02-17T15:04:04.8163010Z Deployments: read
2025-02-17T15:04:04.8163330Z Discussions: read
2025-02-17T15:04:04.8163650Z Issues: read
2025-02-17T15:04:04.8163970Z Metadata: read
2025-02-17T15:04:04.8164300Z Packages: read
2025-02-17T15:04:04.8164640Z Pages: read
2025-02-17T15:04:04.8164950Z PullRequests: read
2025-02-17T15:04:04.8165290Z RepositoryProjects: read
2025-02-17T15:04:04.8165650Z SecurityEvents: read
2025-02-17T15:04:04.8165990Z Statuses: read
2025-02-17T15:04:04.8166320Z ##[endgroup]
2025-02-17T15:04:04.8168240Z Secret source: None
2025-02-17T15:04:04.8168750Z Prepare workflow directory
2025-02-17T15:04:04.8529860Z Prepare all required actions
2025-02-17T15:04:04.8557840Z Getting action download info
2025-02-17T15:04:05.0532340Z ##[group]Download immutable action package 'actions/checkout@v4'
2025-02-17T15:04:05.0532970Z Version: 4.2.2
2025-02-17T15:04:05.0533560Z Digest: sha256:ccb2698953eaebd21c7bf6268a94f9c26518a7e38e27e0b83c1fe1ad049819b1
2025-02-17T15:04:05.0534300Z Source commit SHA: 11bd71901bbe5b1630ceea73d27597364c9af683
2025-02-17T15:04:05.0534750Z ##[endgroup]
2025-02-17T15:04:05.2878440Z ##[group]Download immutable action package 'actions/upload-artifact@v4'
2025-02-17T15:04:05.2879100Z Version: 4.6.0
2025-02-17T15:04:05.2879610Z Digest: sha256:bf85474c8423f9cd48bd2caf3ce5adb1711e2dfdb055b040bd36b044e4290329
2025-02-17T15:04:05.2880300Z Source commit SHA: 65c4c4a1ddee5b72f698fdd19549f0f0fb45cf08
2025-02-17T15:04:05.2880790Z ##[endgroup]
2025-02-17T15:04:05.4620640Z Complete job name: not continuum macos-latest 
2025-02-17T15:04:05.5136780Z ##[group]Run actions/checkout@v4
2025-02-17T15:04:05.5137400Z with:
2025-02-17T15:04:05.5137710Z   repository: tardis-sn/tardis
2025-02-17T15:04:05.5138300Z   token: ***
2025-02-17T15:04:05.5138590Z   ssh-strict: true
2025-02-17T15:04:05.5138890Z   ssh-user: git
2025-02-17T15:04:05.5139200Z   persist-credentials: true
2025-02-17T15:04:05.5139560Z   clean: true
2025-02-17T15:04:05.5139870Z   sparse-checkout-cone-mode: true
2025-02-17T15:04:05.5140220Z   fetch-depth: 1
2025-02-17T15:04:05.5140530Z   fetch-tags: false
2025-02-17T15:04:05.5140830Z   show-progress: true
2025-02-17T15:04:05.5141320Z   lfs: false
2025-02-17T15:04:05.5141610Z   submodules: false
2025-02-17T15:04:05.5141910Z   set-safe-directory: true
2025-02-17T15:04:05.5142420Z env:
2025-02-17T15:04:05.5142700Z   CACHE_NUMBER: 0
2025-02-17T15:04:05.5143690Z   PYTEST_FLAGS: --tardis-regression-data=/Users/runner/work/tardis/tardis/tardis-regression-data --cov=tardis --cov-report=xml --cov-report=html --cov-append
2025-02-17T15:04:05.5144550Z   CODECOV_TOKEN: 
2025-02-17T15:04:05.5144850Z ##[endgroup]
2025-02-17T15:04:05.6419180Z Syncing repository: tardis-sn/tardis
2025-02-17T15:04:05.6420480Z ##[group]Getting Git version info
2025-02-17T15:04:05.6421070Z Working directory is '/Users/runner/work/tardis/tardis'
2025-02-17T15:04:05.6421790Z [command]/opt/homebrew/bin/git version
2025-02-17T15:04:05.6883160Z git version 2.48.1
2025-02-17T15:04:05.6902020Z ##[endgroup]
2025-02-17T15:04:05.6909460Z Copying '/Users/runner/.gitconfig' to '/Users/runner/work/_temp/7084d7c6-25cd-4ab9-99ff-e4d97217881e/.gitconfig'
2025-02-17T15:04:05.6917810Z Temporarily overriding HOME='/Users/runner/work/_temp/7084d7c6-25cd-4ab9-99ff-e4d97217881e' before making global git config changes
2025-02-17T15:04:05.6918800Z Adding repository directory to the temporary git global config as a safe directory
2025-02-17T15:04:05.6922140Z [command]/opt/homebrew/bin/git config --global --add safe.directory /Users/runner/work/tardis/tardis
2025-02-17T15:04:05.7010330Z Deleting the contents of '/Users/runner/work/tardis/tardis'
2025-02-17T15:04:05.7012560Z ##[group]Initializing the repository
2025-02-17T15:04:05.7016840Z [command]/opt/homebrew/bin/git init /Users/runner/work/tardis/tardis
2025-02-17T15:04:05.7191250Z hint: Using 'master' as the name for the initial branch. This default branch name
2025-02-17T15:04:05.7192340Z hint: is subject to change. To configure the initial branch name to use in all
2025-02-17T15:04:05.7193110Z hint: of your new repositories, which will suppress this warning, call:
2025-02-17T15:04:05.7193630Z hint:
2025-02-17T15:04:05.7194000Z hint: 	git config --global init.defaultBranch <name>
2025-02-17T15:04:05.7194410Z hint:
2025-02-17T15:04:05.7194810Z hint: Names commonly chosen instead of 'master' are 'main', 'trunk' and
2025-02-17T15:04:05.7195450Z hint: 'development'. The just-created branch can be renamed via this command:
2025-02-17T15:04:05.7195940Z hint:
2025-02-17T15:04:05.7196250Z hint: 	git branch -m <name>
2025-02-17T15:04:05.7196740Z Initialized empty Git repository in /Users/runner/work/tardis/tardis/.git/
2025-02-17T15:04:05.7201090Z [command]/opt/homebrew/bin/git remote add origin https://github.com/tardis-sn/tardis
2025-02-17T15:04:05.7254760Z ##[endgroup]
2025-02-17T15:04:05.7255330Z ##[group]Disabling automatic garbage collection
2025-02-17T15:04:05.7257120Z [command]/opt/homebrew/bin/git config --local gc.auto 0
2025-02-17T15:04:05.7299090Z ##[endgroup]
2025-02-17T15:04:05.7299610Z ##[group]Setting up auth
2025-02-17T15:04:05.7304020Z [command]/opt/homebrew/bin/git config --local --name-only --get-regexp core\.sshCommand
2025-02-17T15:04:05.7348960Z [command]/opt/homebrew/bin/git submodule foreach --recursive sh -c "git config --local --name-only --get-regexp 'core\.sshCommand' && git config --local --unset-all 'core.sshCommand' || :"
2025-02-17T15:04:05.8352300Z [command]/opt/homebrew/bin/git config --local --name-only --get-regexp http\.https\:\/\/github\.com\/\.extraheader
2025-02-17T15:04:05.8464930Z [command]/opt/homebrew/bin/git submodule foreach --recursive sh -c "git config --local --name-only --get-regexp 'http\.https\:\/\/github\.com\/\.extraheader' && git config --local --unset-all 'http.https://github.com/.extraheader' || :"
2025-02-17T15:04:05.9059590Z [command]/opt/homebrew/bin/git config --local http.https://github.com/.extraheader AUTHORIZATION: basic ***
2025-02-17T15:04:05.9119670Z ##[endgroup]
2025-02-17T15:04:05.9121640Z ##[group]Fetching the repository
2025-02-17T15:04:05.9125030Z [command]/opt/homebrew/bin/git -c protocol.version=2 fetch --no-tags --prune --no-recurse-submodules --depth=1 origin +20f60a465cec65580f703ad70408098a202853b5:refs/remotes/pull/2976/merge
2025-02-17T15:04:08.0301450Z From https://github.com/tardis-sn/tardis
2025-02-17T15:04:08.0302460Z  * [new ref]         20f60a465cec65580f703ad70408098a202853b5 -> pull/2976/merge
2025-02-17T15:04:08.0409080Z ##[endgroup]
2025-02-17T15:04:08.0409730Z ##[group]Determining the checkout info
2025-02-17T15:04:08.0410420Z ##[endgroup]
2025-02-17T15:04:08.0410950Z [command]/opt/homebrew/bin/git sparse-checkout disable
2025-02-17T15:04:08.0477810Z [command]/opt/homebrew/bin/git config --local --unset-all extensions.worktreeConfig
2025-02-17T15:04:08.0537300Z ##[group]Checking out the ref
2025-02-17T15:04:08.0538370Z [command]/opt/homebrew/bin/git checkout --progress --force refs/remotes/pull/2976/merge
2025-02-17T15:04:08.2620630Z HEAD is now at 20f60a4 Merge 41e02b01059d2f711f065282cf4cb8987a2c4e16 into 13c9a314d4165ff320d000df7d67b5c5f91a69dd
2025-02-17T15:04:08.2698720Z ##[endgroup]
2025-02-17T15:04:08.2953020Z [command]/opt/homebrew/bin/git log -1 --format=%H
2025-02-17T15:04:08.2959820Z 20f60a465cec65580f703ad70408098a202853b5
2025-02-17T15:04:08.3617610Z Prepare all required actions
2025-02-17T15:04:08.3618610Z Getting action download info
2025-02-17T15:04:08.5371860Z ##[group]Download immutable action package 'actions/cache@v4'
2025-02-17T15:04:08.5372820Z Version: 4.2.0
2025-02-17T15:04:08.5373760Z Digest: sha256:5bc11090595acbf82dbfb02747bf0bfd91544e869357fd3ac0eb41f509632110
2025-02-17T15:04:08.5375020Z Source commit SHA: 1bd1e32a3bdc45362d1e726936510720a7c30a57
2025-02-17T15:04:08.5376150Z ##[endgroup]
2025-02-17T15:04:09.1159380Z ##[group]Run ./.github/actions/setup_lfs
2025-02-17T15:04:09.1159860Z with:
2025-02-17T15:04:09.1160210Z   regression-data-repo: tardis-sn/tardis-regression-data
2025-02-17T15:04:09.1160610Z   atom-data-sparse: false
2025-02-17T15:04:09.1160890Z env:
2025-02-17T15:04:09.1161160Z   CACHE_NUMBER: 0
2025-02-17T15:04:09.1161800Z   PYTEST_FLAGS: --tardis-regression-data=/Users/runner/work/tardis/tardis/tardis-regression-data --cov=tardis --cov-report=xml --cov-report=html --cov-append
2025-02-17T15:04:09.1162490Z   CODECOV_TOKEN: 
2025-02-17T15:04:09.1162760Z ##[endgroup]
2025-02-17T15:04:09.1307970Z ##[group]Run actions/checkout@v4
2025-02-17T15:04:09.1308300Z with:
2025-02-17T15:04:09.1308580Z   repository: tardis-sn/tardis-regression-data
2025-02-17T15:04:09.1308910Z   path: tardis-regression-data
2025-02-17T15:04:09.1309190Z   lfs: false
2025-02-17T15:04:09.1309530Z   token: ***
2025-02-17T15:04:09.1309780Z   ssh-strict: true
2025-02-17T15:04:09.1310030Z   ssh-user: git
2025-02-17T15:04:09.1310290Z   persist-credentials: true
2025-02-17T15:04:09.1311180Z   clean: true
2025-02-17T15:04:09.1312600Z   sparse-checkout-cone-mode: true
2025-02-17T15:04:09.1312930Z   fetch-depth: 1
2025-02-17T15:04:09.1313210Z   fetch-tags: false
2025-02-17T15:04:09.1313460Z   show-progress: true
2025-02-17T15:04:09.1313720Z   submodules: false
2025-02-17T15:04:09.1313990Z   set-safe-directory: true
2025-02-17T15:04:09.1314250Z env:
2025-02-17T15:04:09.1314500Z   CACHE_NUMBER: 0
2025-02-17T15:04:09.1315120Z   PYTEST_FLAGS: --tardis-regression-data=/Users/runner/work/tardis/tardis/tardis-regression-data --cov=tardis --cov-report=xml --cov-report=html --cov-append
2025-02-17T15:04:09.1315730Z   CODECOV_TOKEN: 
2025-02-17T15:04:09.1315970Z ##[endgroup]
2025-02-17T15:04:09.2374200Z Syncing repository: tardis-sn/tardis-regression-data
2025-02-17T15:04:09.2375300Z ##[group]Getting Git version info
2025-02-17T15:04:09.2375980Z Working directory is '/Users/runner/work/tardis/tardis/tardis-regression-data'
2025-02-17T15:04:09.2425130Z [command]/opt/homebrew/bin/git version
2025-02-17T15:04:09.2475800Z git version 2.48.1
2025-02-17T15:04:09.2493150Z ##[endgroup]
2025-02-17T15:04:09.2502520Z Copying '/Users/runner/.gitconfig' to '/Users/runner/work/_temp/92528c6d-4fec-4ffa-9e5d-96e09033d654/.gitconfig'
2025-02-17T15:04:09.2514060Z Temporarily overriding HOME='/Users/runner/work/_temp/92528c6d-4fec-4ffa-9e5d-96e09033d654' before making global git config changes
2025-02-17T15:04:09.2516140Z Adding repository directory to the temporary git global config as a safe directory
2025-02-17T15:04:09.2518070Z [command]/opt/homebrew/bin/git config --global --add safe.directory /Users/runner/work/tardis/tardis/tardis-regression-data
2025-02-17T15:04:09.2585210Z ##[group]Initializing the repository
2025-02-17T15:04:09.2589280Z [command]/opt/homebrew/bin/git init /Users/runner/work/tardis/tardis/tardis-regression-data
2025-02-17T15:04:09.2734770Z hint: Using 'master' as the name for the initial branch. This default branch name
2025-02-17T15:04:09.2788100Z hint: is subject to change. To configure the initial branch name to use in all
2025-02-17T15:04:09.2811560Z hint: of your new repositories, which will suppress this warning, call:
2025-02-17T15:04:09.2817310Z hint:
2025-02-17T15:04:09.2828440Z hint: 	git config --global init.defaultBranch <name>
2025-02-17T15:04:09.2838650Z hint:
2025-02-17T15:04:09.2889950Z hint: Names commonly chosen instead of 'master' are 'main', 'trunk' and
2025-02-17T15:04:09.2896530Z hint: 'development'. The just-created branch can be renamed via this command:
2025-02-17T15:04:09.2897190Z hint:
2025-02-17T15:04:09.2897510Z hint: 	git branch -m <name>
2025-02-17T15:04:09.2898120Z Initialized empty Git repository in /Users/runner/work/tardis/tardis/tardis-regression-data/.git/
2025-02-17T15:04:09.2899450Z [command]/opt/homebrew/bin/git remote add origin https://github.com/tardis-sn/tardis-regression-data
2025-02-17T15:04:09.2900720Z ##[endgroup]
2025-02-17T15:04:09.2901210Z ##[group]Disabling automatic garbage collection
2025-02-17T15:04:09.2901680Z [command]/opt/homebrew/bin/git config --local gc.auto 0
2025-02-17T15:04:09.2902540Z ##[endgroup]
2025-02-17T15:04:09.2903040Z ##[group]Setting up auth
2025-02-17T15:04:09.2903520Z [command]/opt/homebrew/bin/git config --local --name-only --get-regexp core\.sshCommand
2025-02-17T15:04:09.2951040Z [command]/opt/homebrew/bin/git submodule foreach --recursive sh -c "git config --local --name-only --get-regexp 'core\.sshCommand' && git config --local --unset-all 'core.sshCommand' || :"
2025-02-17T15:04:09.3762130Z [command]/opt/homebrew/bin/git config --local --name-only --get-regexp http\.https\:\/\/github\.com\/\.extraheader
2025-02-17T15:04:09.3810390Z [command]/opt/homebrew/bin/git submodule foreach --recursive sh -c "git config --local --name-only --get-regexp 'http\.https\:\/\/github\.com\/\.extraheader' && git config --local --unset-all 'http.https://github.com/.extraheader' || :"
2025-02-17T15:04:09.4899760Z [command]/opt/homebrew/bin/git config --local http.https://github.com/.extraheader AUTHORIZATION: basic ***
2025-02-17T15:04:09.4977320Z ##[endgroup]
2025-02-17T15:04:09.4978080Z ##[group]Determining the default branch
2025-02-17T15:04:09.4978650Z Retrieving the default branch name
2025-02-17T15:04:10.1185180Z Default branch 'main'
2025-02-17T15:04:10.1196820Z ##[endgroup]
2025-02-17T15:04:10.1197890Z ##[group]Fetching the repository
2025-02-17T15:04:10.1233900Z [command]/opt/homebrew/bin/git -c protocol.version=2 fetch --no-tags --prune --no-recurse-submodules --depth=1 origin +refs/heads/main:refs/remotes/origin/main
2025-02-17T15:04:11.1547010Z From https://github.com/tardis-sn/tardis-regression-data
2025-02-17T15:04:11.1548500Z  * [new branch]      main       -> origin/main
2025-02-17T15:04:11.1616810Z ##[endgroup]
2025-02-17T15:04:11.1617120Z ##[group]Determining the checkout info
2025-02-17T15:04:11.1620680Z ##[endgroup]
2025-02-17T15:04:11.1628310Z [command]/opt/homebrew/bin/git sparse-checkout disable
2025-02-17T15:04:11.1710150Z [command]/opt/homebrew/bin/git config --local --unset-all extensions.worktreeConfig
2025-02-17T15:04:11.1755600Z ##[group]Checking out the ref
2025-02-17T15:04:11.1756190Z [command]/opt/homebrew/bin/git checkout --progress --force -B main refs/remotes/origin/main
2025-02-17T15:04:11.5374370Z Switched to a new branch 'main'
2025-02-17T15:04:11.5375800Z branch 'main' set up to track 'origin/main'.
2025-02-17T15:04:11.6323040Z ##[endgroup]
2025-02-17T15:04:11.6327870Z [command]/opt/homebrew/bin/git log -1 --format=%H
2025-02-17T15:04:11.6395630Z fa7729bc9c30e14b69acd641af8b692b56fcd416
2025-02-17T15:04:11.6515280Z ##[group]Run if [ "false" == "true" ]; then
2025-02-17T15:04:11.6515620Z [36;1mif [ "false" == "true" ]; then[0m
2025-02-17T15:04:11.6515840Z [36;1m  echo "Using atom data sparse checkout"[0m
2025-02-17T15:04:11.6516180Z [36;1m  echo "atom_data/kurucz_cd23_chianti_H_He.h5" > .lfs-files-list[0m
2025-02-17T15:04:11.6516440Z [36;1melse[0m
2025-02-17T15:04:11.6516610Z [36;1m  echo "Using full repository checkout"[0m
2025-02-17T15:04:11.6516920Z [36;1m  git lfs ls-files -l | cut -d' ' -f1 | sort > .lfs-files-list[0m
2025-02-17T15:04:11.6517160Z [36;1mfi[0m
2025-02-17T15:04:11.6580790Z shell: /bin/bash --noprofile --norc -e -o pipefail {0}
2025-02-17T15:04:11.6585040Z env:
2025-02-17T15:04:11.6585430Z   CACHE_NUMBER: 0
2025-02-17T15:04:11.6586810Z   PYTEST_FLAGS: --tardis-regression-data=/Users/runner/work/tardis/tardis/tardis-regression-data --cov=tardis --cov-report=xml --cov-report=html --cov-append
2025-02-17T15:04:11.6588310Z   CODECOV_TOKEN: 
2025-02-17T15:04:11.6589550Z ##[endgroup]
2025-02-17T15:04:11.6982090Z Using full repository checkout
2025-02-17T15:04:11.9630250Z ##[group]Run actions/cache/restore@v4
2025-02-17T15:04:11.9630500Z with:
2025-02-17T15:04:11.9630660Z   path: tardis-regression-data/.git/lfs
2025-02-17T15:04:11.9631160Z   key: tardis-regression-full-data-21f9fa4b6817cc69b9fae3598144724da7828e276a73bd17f47a2a49d9af090a-tardis-sn/tardis-regression-data-v1
2025-02-17T15:04:11.9631650Z   fail-on-cache-miss: true
2025-02-17T15:04:11.9631830Z   enableCrossOsArchive: false
2025-02-17T15:04:11.9632020Z   lookup-only: false
2025-02-17T15:04:11.9632160Z env:
2025-02-17T15:04:11.9632280Z   CACHE_NUMBER: 0
2025-02-17T15:04:11.9632780Z   PYTEST_FLAGS: --tardis-regression-data=/Users/runner/work/tardis/tardis/tardis-regression-data --cov=tardis --cov-report=xml --cov-report=html --cov-append
2025-02-17T15:04:11.9633270Z   CODECOV_TOKEN: 
2025-02-17T15:04:11.9633440Z ##[endgroup]
2025-02-17T15:04:12.2419660Z Cache hit for: tardis-regression-full-data-21f9fa4b6817cc69b9fae3598144724da7828e276a73bd17f47a2a49d9af090a-tardis-sn/tardis-regression-data-v1
2025-02-17T15:04:13.4274800Z Received 37748736 of 1707217599 (2.2%), 35.9 MBs/sec
2025-02-17T15:04:14.4273370Z Received 92274688 of 1707217599 (5.4%), 43.9 MBs/sec
2025-02-17T15:04:15.4289680Z Received 150994944 of 1707217599 (8.8%), 47.9 MBs/sec
2025-02-17T15:04:16.4326110Z Received 230686720 of 1707217599 (13.5%), 54.9 MBs/sec
2025-02-17T15:04:17.4320110Z Received 306184192 of 1707217599 (17.9%), 58.3 MBs/sec
2025-02-17T15:04:18.4347600Z Received 364904448 of 1707217599 (21.4%), 57.9 MBs/sec
2025-02-17T15:04:19.4347720Z Received 432013312 of 1707217599 (25.3%), 58.8 MBs/sec
2025-02-17T15:04:20.4352440Z Received 478150656 of 1707217599 (28.0%), 56.9 MBs/sec
2025-02-17T15:04:21.4359150Z Received 536870912 of 1707217599 (31.4%), 56.8 MBs/sec
2025-02-17T15:04:22.4372480Z Received 612368384 of 1707217599 (35.9%), 58.3 MBs/sec
2025-02-17T15:04:23.4377640Z Received 671088640 of 1707217599 (39.3%), 58.1 MBs/sec
2025-02-17T15:04:24.4508990Z Received 750780416 of 1707217599 (44.0%), 59.5 MBs/sec
2025-02-17T15:04:25.4506960Z Received 805306368 of 1707217599 (47.2%), 59.0 MBs/sec
2025-02-17T15:04:26.4559680Z Received 905969664 of 1707217599 (53.1%), 61.6 MBs/sec
2025-02-17T15:04:27.4537290Z Received 977272832 of 1707217599 (57.2%), 62.0 MBs/sec
2025-02-17T15:04:28.4549480Z Received 1065353216 of 1707217599 (62.4%), 63.4 MBs/sec
2025-02-17T15:04:29.4562310Z Received 1119879168 of 1707217599 (65.6%), 62.7 MBs/sec
2025-02-17T15:04:30.4716020Z Received 1207959552 of 1707217599 (70.8%), 63.8 MBs/sec
2025-02-17T15:04:31.4708530Z Received 1258291200 of 1707217599 (73.7%), 63.0 MBs/sec
2025-02-17T15:04:32.4726860Z Received 1337982976 of 1707217599 (78.4%), 63.6 MBs/sec
2025-02-17T15:04:33.4767000Z Received 1384120320 of 1707217599 (81.1%), 62.7 MBs/sec
2025-02-17T15:04:34.4779470Z Received 1447034880 of 1707217599 (84.8%), 62.6 MBs/sec
2025-02-17T15:04:35.5097210Z Received 1493172224 of 1707217599 (87.5%), 61.8 MBs/sec
2025-02-17T15:04:36.4830930Z Received 1556086784 of 1707217599 (91.1%), 61.7 MBs/sec
2025-02-17T15:04:37.4835650Z Received 1610612736 of 1707217599 (94.3%), 61.3 MBs/sec
2025-02-17T15:04:38.4979330Z Received 1682051775 of 1707217599 (98.5%), 61.6 MBs/sec
2025-02-17T15:04:38.7796810Z Received 1707217599 of 1707217599 (100.0%), 61.8 MBs/sec
2025-02-17T15:04:38.7803310Z Cache Size: ~1628 MB (1707217599 B)
2025-02-17T15:04:39.0392310Z [command]/opt/homebrew/bin/gtar -xf /Users/runner/work/_temp/fce70b69-443c-4eca-8628-d68d424a60ce/cache.tzst -P -C /Users/runner/work/tardis/tardis --delay-directory-restore --use-compress-program unzstd
2025-02-17T15:04:45.2719410Z Cache restored successfully
2025-02-17T15:04:45.3397540Z Cache restored from key: tardis-regression-full-data-21f9fa4b6817cc69b9fae3598144724da7828e276a73bd17f47a2a49d9af090a-tardis-sn/tardis-regression-data-v1
2025-02-17T15:04:45.3638190Z ##[group]Run git lfs checkout
2025-02-17T15:04:45.3638540Z [36;1mgit lfs checkout[0m
2025-02-17T15:04:45.3709600Z shell: /bin/bash --noprofile --norc -e -o pipefail {0}
2025-02-17T15:04:45.3710100Z env:
2025-02-17T15:04:45.3710350Z   CACHE_NUMBER: 0
2025-02-17T15:04:45.3711010Z   PYTEST_FLAGS: --tardis-regression-data=/Users/runner/work/tardis/tardis/tardis-regression-data --cov=tardis --cov-report=xml --cov-report=html --cov-append
2025-02-17T15:04:45.3711550Z   CODECOV_TOKEN: 
2025-02-17T15:04:45.3711740Z ##[endgroup]
2025-02-17T15:04:53.1495050Z Checking out LFS objects: 100% (204/204), 3.5 GB | 376 MB/s, done.
2025-02-17T15:05:01.6716420Z Prepare all required actions
2025-02-17T15:05:01.6716950Z Getting action download info
2025-02-17T15:05:01.8636300Z Download action repository 'mamba-org/setup-micromamba@v1' (SHA:4b9113af4fba0e9e1124b252dd6497a419e7396d)
2025-02-17T15:05:02.9712830Z ##[group]Run ./.github/actions/setup_env
2025-02-17T15:05:02.9713120Z with:
2025-02-17T15:05:02.9713360Z   os-label: osx-arm64
2025-02-17T15:05:02.9713620Z env:
2025-02-17T15:05:02.9713820Z   CACHE_NUMBER: 0
2025-02-17T15:05:02.9714350Z   PYTEST_FLAGS: --tardis-regression-data=/Users/runner/work/tardis/tardis/tardis-regression-data --cov=tardis --cov-report=xml --cov-report=html --cov-append
2025-02-17T15:05:02.9714920Z   CODECOV_TOKEN: 
2025-02-17T15:05:02.9715110Z ##[endgroup]
2025-02-17T15:05:02.9767100Z ##[group]Run file_hash=$(cat conda-osx-arm64.lock | shasum -a 256 | cut -d' ' -f1)
2025-02-17T15:05:02.9767530Z [36;1mfile_hash=$(cat conda-osx-arm64.lock | shasum -a 256 | cut -d' ' -f1)[0m
2025-02-17T15:05:02.9770160Z [36;1mecho "file_hash=tardis-conda-env-osx-arm64-${file_hash}-v1" >> "${GITHUB_OUTPUT}"[0m
2025-02-17T15:05:02.9858440Z shell: /bin/bash --noprofile --norc -e -o pipefail {0}
2025-02-17T15:05:02.9858710Z env:
2025-02-17T15:05:02.9858900Z   CACHE_NUMBER: 0
2025-02-17T15:05:02.9859410Z   PYTEST_FLAGS: --tardis-regression-data=/Users/runner/work/tardis/tardis/tardis-regression-data --cov=tardis --cov-report=xml --cov-report=html --cov-append
2025-02-17T15:05:02.9859910Z   CODECOV_TOKEN: 
2025-02-17T15:05:02.9860050Z ##[endgroup]
2025-02-17T15:05:03.1073340Z ##[group]Run mamba-org/setup-micromamba@v1
2025-02-17T15:05:03.1073550Z with:
2025-02-17T15:05:03.1073720Z   environment-file: conda-osx-arm64.lock
2025-02-17T15:05:03.1074170Z   cache-environment-key: tardis-conda-env-osx-arm64-bf0d0a4d4c847cca72476c6c68c493d56c484aada7e80de0e42c7607fcef5824-v1
2025-02-17T15:05:03.1074850Z   cache-downloads-key: tardis-conda-env-osx-arm64-bf0d0a4d4c847cca72476c6c68c493d56c484aada7e80de0e42c7607fcef5824-v1
2025-02-17T15:05:03.1075300Z   environment-name: tardis
2025-02-17T15:05:03.1075470Z   cache-environment: true
2025-02-17T15:05:03.1075650Z   cache-downloads: true
2025-02-17T15:05:03.1075790Z env:
2025-02-17T15:05:03.1075940Z   CACHE_NUMBER: 0
2025-02-17T15:05:03.1076380Z   PYTEST_FLAGS: --tardis-regression-data=/Users/runner/work/tardis/tardis/tardis-regression-data --cov=tardis --cov-report=xml --cov-report=html --cov-append
2025-02-17T15:05:03.1076830Z   CODECOV_TOKEN: 
2025-02-17T15:05:03.1076970Z ##[endgroup]
2025-02-17T15:05:03.5848110Z Will download micromamba to /Users/runner/micromamba-bin/micromamba
2025-02-17T15:05:03.5853150Z ##[group]Install micromamba
2025-02-17T15:05:04.3440680Z micromamba installed to /Users/runner/micromamba-bin/micromamba
2025-02-17T15:05:04.3441310Z ##[endgroup]
2025-02-17T15:05:04.3441860Z Adding conda-forge to condarc channels ...
2025-02-17T15:05:04.3450280Z ##[group]Initialize micromamba for bash.
2025-02-17T15:05:04.3569800Z [command]/Users/runner/micromamba-bin/micromamba shell init -s bash -r /Users/runner/micromamba --log-level warning --rc-file /Users/runner/work/_temp/setup-micromamba/.condarc
2025-02-17T15:05:04.3783580Z Modifying RC file "/Users/runner/.bash_profile"
2025-02-17T15:05:04.3792830Z Generating config for root prefix [1m"/Users/runner/micromamba"[0m
2025-02-17T15:05:04.3793430Z Setting mamba executable to: [1m"/Users/runner/micromamba-bin/micromamba"[0m
2025-02-17T15:05:04.3793990Z Adding (or replacing) the following in your "/Users/runner/.bash_profile" file
2025-02-17T15:05:04.3794300Z 
2025-02-17T15:05:04.3794460Z # >>> mamba initialize >>>
2025-02-17T15:05:04.3795060Z # !! Contents within this block are managed by 'mamba init' !!
2025-02-17T15:05:04.3795450Z export MAMBA_EXE='/Users/runner/micromamba-bin/micromamba';
2025-02-17T15:05:04.3795840Z export MAMBA_ROOT_PREFIX='/Users/runner/micromamba';
2025-02-17T15:05:04.3797670Z __mamba_setup="$("$MAMBA_EXE" shell hook --shell bash --root-prefix "$MAMBA_ROOT_PREFIX" 2> /dev/null)"
2025-02-17T15:05:04.3799070Z if [ $? -eq 0 ]; then
2025-02-17T15:05:04.3799370Z     eval "$__mamba_setup"
2025-02-17T15:05:04.3799630Z else
2025-02-17T15:05:04.3800100Z     alias micromamba="$MAMBA_EXE"  # Fallback on help from mamba activate
2025-02-17T15:05:04.3800540Z fi
2025-02-17T15:05:04.3800950Z unset __mamba_setup
2025-02-17T15:05:04.3801410Z # <<< mamba initialize <<<
2025-02-17T15:05:04.3801770Z 
2025-02-17T15:05:04.3802170Z ##[endgroup]
2025-02-17T15:05:04.3802920Z ##[group]Restoring downloads from `/Users/runner/micromamba/pkgs` ...
2025-02-17T15:05:05.7863430Z Received 41943040 of 310594474 (13.5%), 40.0 MBs/sec
2025-02-17T15:05:06.7863410Z Received 104857600 of 310594474 (33.8%), 50.0 MBs/sec
2025-02-17T15:05:07.7880650Z Received 171966464 of 310594474 (55.4%), 54.6 MBs/sec
2025-02-17T15:05:08.7894660Z Received 251658240 of 310594474 (81.0%), 59.9 MBs/sec
2025-02-17T15:05:09.5622930Z Cache Size: ~296 MB (310594474 B)
2025-02-17T15:05:09.5650620Z [command]/opt/homebrew/bin/gtar -xf /Users/runner/work/_temp/efb91756-4011-4343-8288-7b820aacbae1/cache.tzst -P -C /Users/runner/work/tardis/tardis --delay-directory-restore --use-compress-program unzstd
2025-02-17T15:05:09.7912000Z Received 310594474 of 310594474 (100.0%), 59.2 MBs/sec
2025-02-17T15:05:10.3005650Z Cache restored successfully
2025-02-17T15:05:10.3034740Z Restored cache with key `tardis-conda-env-osx-arm64-bf0d0a4d4c847cca72476c6c68c493d56c484aada7e80de0e42c7607fcef5824-v1-osx-arm64`
2025-02-17T15:05:10.3035740Z ##[endgroup]
2025-02-17T15:05:10.3063030Z ##[group]Restoring environment `tardis` from `/Users/runner/micromamba/envs/tardis` ...
2025-02-17T15:05:11.6411810Z Received 50331648 of 385513979 (13.1%), 48.0 MBs/sec
2025-02-17T15:05:12.6506070Z Received 113246208 of 385513979 (29.4%), 54.0 MBs/sec
2025-02-17T15:05:13.6433460Z Received 184549376 of 385513979 (47.9%), 58.6 MBs/sec
2025-02-17T15:05:14.6685100Z Received 260046848 of 385513979 (67.5%), 61.6 MBs/sec
2025-02-17T15:05:15.6660470Z Received 331350016 of 385513979 (86.0%), 62.9 MBs/sec
2025-02-17T15:05:16.3146360Z Cache Size: ~368 MB (385513979 B)
2025-02-17T15:05:16.3190920Z [command]/opt/homebrew/bin/gtar -xf /Users/runner/work/_temp/46bfe061-8efa-4c9a-ba30-b63f105afab4/cache.tzst -P -C /Users/runner/work/tardis/tardis --delay-directory-restore --use-compress-program unzstd
2025-02-17T15:05:16.6679560Z Received 385513979 of 385513979 (100.0%), 61.0 MBs/sec
2025-02-17T15:05:32.5361440Z Cache restored successfully
2025-02-17T15:05:32.5435060Z Restored cache with key `tardis-conda-env-osx-arm64-bf0d0a4d4c847cca72476c6c68c493d56c484aada7e80de0e42c7607fcef5824-v1-osx-arm64-tardis-args-4f53cda-root-873f6fe-bin-[object Promise]-file-bf0d0a4d4c847cca72476c6c68c493d56c484aada7e80de0e42c7607fcef5824`
2025-02-17T15:05:32.5443190Z ##[endgroup]
2025-02-17T15:05:32.5443580Z Adding environment tardis to auto-activate bash ...
2025-02-17T15:05:32.5668180Z Generating micromamba run shell.
2025-02-17T15:05:32.5708920Z ##[endgroup]
2025-02-17T15:05:32.5718020Z Set environment variables.
2025-02-17T15:05:32.5719520Z ##[group]micromamba info
2025-02-17T15:05:32.5734110Z [command]/Users/runner/micromamba-bin/micromamba info -r /Users/runner/micromamba -n tardis
2025-02-17T15:05:33.2065760Z 
2025-02-17T15:05:33.2067370Z        libmamba version : 1.5.10
2025-02-17T15:05:33.2077910Z      micromamba version : 1.5.10
2025-02-17T15:05:33.2078620Z            curl version : libcurl/8.10.1 (OpenSSL/3.3.2) SecureTransport zlib/1.3.1 zstd/1.5.6 libssh2/1.11.0 nghttp2/1.58.0
2025-02-17T15:05:33.2082830Z      libarchive version : libarchive 3.7.4 zlib/1.2.13 bz2lib/1.0.8 libzstd/1.5.6
2025-02-17T15:05:33.2083450Z        envs directories : /Users/runner/micromamba/envs
2025-02-17T15:05:33.2083950Z           package cache : /Users/runner/micromamba/pkgs
2025-02-17T15:05:33.2084490Z                           /Users/runner/.mamba/pkgs
2025-02-17T15:05:33.2084870Z             environment : tardis
2025-02-17T15:05:33.2085340Z            env location : /Users/runner/micromamba/envs/tardis
2025-02-17T15:05:33.2085820Z       user config files : /Users/runner/.mambarc
2025-02-17T15:05:33.2091150Z  populated config files : /Users/runner/work/_temp/setup-micromamba/.condarc
2025-02-17T15:05:33.2091780Z        virtual packages : __unix=0=0
2025-02-17T15:05:33.2092060Z                           __osx=14.7.2=0
2025-02-17T15:05:33.2092410Z                           __archspec=1=arm64
2025-02-17T15:05:33.2092940Z                channels : https://conda.anaconda.org/conda-forge/osx-arm64
2025-02-17T15:05:33.2093480Z                           https://conda.anaconda.org/conda-forge/noarch
2025-02-17T15:05:33.2094160Z        base environment : /Users/runner/micromamba
2025-02-17T15:05:33.2094500Z                platform : osx-arm64
2025-02-17T15:05:33.2095010Z ##[endgroup]
2025-02-17T15:05:33.2095390Z ##[group]micromamba list
2025-02-17T15:05:33.2095960Z [command]/Users/runner/micromamba-bin/micromamba list -r /Users/runner/micromamba -n tardis
2025-02-17T15:05:33.7083530Z List of packages in environment: "/Users/runner/micromamba/envs/tardis"
2025-02-17T15:05:33.7088680Z 
2025-02-17T15:05:33.7089630Z   Name                           Version              Build                    Channel    
2025-02-17T15:05:33.7093690Z â”€â”€â”€â”€â”€â”€â”€â”€â”€â”€â”€â”€â”€â”€â”€â”€â”€â”€â”€â”€â”€â”€â”€â”€â”€â”€â”€â”€â”€â”€â”€â”€â”€â”€â”€â”€â”€â”€â”€â”€â”€â”€â”€â”€â”€â”€â”€â”€â”€â”€â”€â”€â”€â”€â”€â”€â”€â”€â”€â”€â”€â”€â”€â”€â”€â”€â”€â”€â”€â”€â”€â”€â”€â”€â”€â”€â”€â”€â”€â”€â”€â”€â”€â”€â”€â”€â”€â”€â”€â”€â”€â”€
2025-02-17T15:05:33.7097670Z   alabaster                      0.7.16               pyhd8ed1ab_0             conda-forge
2025-02-17T15:05:33.7099430Z   anyio                          4.4.0                pyhd8ed1ab_0             conda-forge
2025-02-17T15:05:33.7099910Z   appnope                        0.1.4                pyhd8ed1ab_0             conda-forge
2025-02-17T15:05:33.7100430Z   argon2-cffi                    23.1.0               pyhd8ed1ab_0             conda-forge
2025-02-17T15:05:33.7101010Z   argon2-cffi-bindings           21.2.0               py312h02f2b3b_4          conda-forge
2025-02-17T15:05:33.7104340Z   arrow                          1.3.0                pyhd8ed1ab_0             conda-forge
2025-02-17T15:05:33.7105610Z   astropy                        6.1.1                py312hbebd99a_0          conda-forge
2025-02-17T15:05:33.7114590Z   astropy-iers-data              0.2024.6.17.0.31.35  pyhd8ed1ab_0             conda-forge
2025-02-17T15:05:33.7117820Z   astropy-sphinx-theme           1.1                  pyhd8ed1ab_0             conda-forge
2025-02-17T15:05:33.7122330Z   asttokens                      2.4.1                pyhd8ed1ab_0             conda-forge
2025-02-17T15:05:33.7123280Z   async-lru                      2.0.4                pyhd8ed1ab_0             conda-forge
2025-02-17T15:05:33.7123690Z   atk-1.0                        2.38.0               hd03087b_2               conda-forge
2025-02-17T15:05:33.7124510Z   attrs                          23.2.0               pyh71513ae_0             conda-forge
2025-02-17T15:05:33.7125430Z   babel                          2.14.0               pyhd8ed1ab_0             conda-forge
2025-02-17T15:05:33.7126190Z   beautifulsoup4                 4.12.3               pyha770c72_0             conda-forge
2025-02-17T15:05:33.7126940Z   bleach                         6.1.0                pyhd8ed1ab_0             conda-forge
2025-02-17T15:05:33.7127590Z   blosc                          1.21.5               h9c252e8_1               conda-forge
2025-02-17T15:05:33.7128830Z   brotli                         1.1.0                hb547adb_1               conda-forge
2025-02-17T15:05:33.7129540Z   brotli-bin                     1.1.0                hb547adb_1               conda-forge
2025-02-17T15:05:33.7130130Z   brotli-python                  1.1.0                py312h9f69965_1          conda-forge
2025-02-17T15:05:33.7130810Z   bzip2                          1.0.8                h93a5062_5               conda-forge
2025-02-17T15:05:33.7131380Z   c-ares                         1.28.1               h93a5062_0               conda-forge
2025-02-17T15:05:33.7131930Z   c-blosc2                       2.14.4               ha57e6be_1               conda-forge
2025-02-17T15:05:33.7132680Z   ca-certificates                2024.6.2             hf0a4a13_0               conda-forge
2025-02-17T15:05:33.7133350Z   cached-property                1.5.2                hd8ed1ab_1               conda-forge
2025-02-17T15:05:33.7133880Z   cached_property                1.5.2                pyha770c72_1             conda-forge
2025-02-17T15:05:33.7134290Z   cairo                          1.18.0               hd1e100b_0               conda-forge
2025-02-17T15:05:33.7134660Z   certifi                        2024.6.2             pyhd8ed1ab_0             conda-forge
2025-02-17T15:05:33.7135100Z   cffi                           1.16.0               py312h8e38eb3_0          conda-forge
2025-02-17T15:05:33.7135540Z   charset-normalizer             3.3.2                pyhd8ed1ab_0             conda-forge
2025-02-17T15:05:33.7136000Z   click                          8.1.7                unix_pyh707e725_0        conda-forge
2025-02-17T15:05:33.7136410Z   codespell                      2.3.0                pyhd8ed1ab_0             conda-forge
2025-02-17T15:05:33.7136870Z   colorama                       0.4.6                pyhd8ed1ab_0             conda-forge
2025-02-17T15:05:33.7137280Z   comm                           0.2.2                pyhd8ed1ab_0             conda-forge
2025-02-17T15:05:33.7137650Z   commonmark                     0.9.1                py_0                     conda-forge
2025-02-17T15:05:33.7138080Z   contourpy                      1.2.1                py312h0fef576_0          conda-forge
2025-02-17T15:05:33.7138460Z   coverage                       7.5.3                py312h7e5086c_0          conda-forge
2025-02-17T15:05:33.7138900Z   cycler                         0.12.1               pyhd8ed1ab_0             conda-forge
2025-02-17T15:05:33.7139340Z   dataclasses                    0.8                  pyhc8e2a94_3             conda-forge
2025-02-17T15:05:33.7139790Z   debugpy                        1.8.1                py312h20a0b95_0          conda-forge
2025-02-17T15:05:33.7140290Z   decorator                      5.1.1                pyhd8ed1ab_0             conda-forge
2025-02-17T15:05:33.7140650Z   defusedxml                     0.7.1                pyhd8ed1ab_0             conda-forge
2025-02-17T15:05:33.7141060Z   docutils                       0.20.1               py312h81bd7bf_3          conda-forge
2025-02-17T15:05:33.7141480Z   dot2tex                        2.11.3               pyhd8ed1ab_0             conda-forge
2025-02-17T15:05:33.7141860Z   entrypoints                    0.4                  pyhd8ed1ab_0             conda-forge
2025-02-17T15:05:33.7142300Z   exceptiongroup                 1.2.0                pyhd8ed1ab_2             conda-forge
2025-02-17T15:05:33.7142720Z   executing                      2.0.1                pyhd8ed1ab_0             conda-forge
2025-02-17T15:05:33.7143370Z   expat                          2.6.2                hebf3989_0               conda-forge
2025-02-17T15:05:33.7143830Z   font-ttf-dejavu-sans-mono      2.37                 hab24e00_0               conda-forge
2025-02-17T15:05:33.7144370Z   font-ttf-inconsolata           3.000                h77eed37_0               conda-forge
2025-02-17T15:05:33.7144850Z   font-ttf-source-code-pro       2.038                h77eed37_0               conda-forge
2025-02-17T15:05:33.7145910Z   font-ttf-ubuntu                0.83                 h77eed37_2               conda-forge
2025-02-17T15:05:33.7146320Z   fontconfig                     2.14.2               h82840c6_0               conda-forge
2025-02-17T15:05:33.7146750Z   fonts-conda-ecosystem          1                    0                        conda-forge
2025-02-17T15:05:33.7147200Z   fonts-conda-forge              1                    0                        conda-forge
2025-02-17T15:05:33.7147610Z   fonttools                      4.53.0               py312h7e5086c_0          conda-forge
2025-02-17T15:05:33.7148030Z   fqdn                           1.5.1                pyhd8ed1ab_0             conda-forge
2025-02-17T15:05:33.7148700Z   freetype                       2.12.1               hadb7bae_2               conda-forge
2025-02-17T15:05:33.7149150Z   fribidi                        1.0.10               h27ca646_0               conda-forge
2025-02-17T15:05:33.7149560Z   future                         1.0.0                pyhd8ed1ab_0             conda-forge
2025-02-17T15:05:33.7150070Z   gdk-pixbuf                     2.42.12              h7ddc832_0               conda-forge
2025-02-17T15:05:33.7150600Z   gettext                        0.22.5               h8fbad5d_2               conda-forge
2025-02-17T15:05:33.7151510Z   gettext-tools                  0.22.5               h8fbad5d_2               conda-forge
2025-02-17T15:05:33.7152300Z   giflib                         5.2.2                h93a5062_0               conda-forge
2025-02-17T15:05:33.7152690Z   git-lfs                        3.5.1                hce30654_0               conda-forge
2025-02-17T15:05:33.7184150Z   gmp                            6.3.0                hebf3989_1               conda-forge
2025-02-17T15:05:33.7184540Z   gmpy2                          2.1.5                py312hfa9fade_1          conda-forge
2025-02-17T15:05:33.7184830Z   graphite2                      1.3.13               hebf3989_1003            conda-forge
2025-02-17T15:05:33.7185160Z   graphviz                       11.0.0               h9bb9bc9_0               conda-forge
2025-02-17T15:05:33.7185440Z   gtk2                           2.24.33              h7895bb2_4               conda-forge
2025-02-17T15:05:33.7185720Z   gts                            0.7.6                he42f4ea_4               conda-forge
2025-02-17T15:05:33.7186000Z   h11                            0.14.0               pyhd8ed1ab_0             conda-forge
2025-02-17T15:05:33.7186330Z   h2                             4.1.0                pyhd8ed1ab_0             conda-forge
2025-02-17T15:05:33.7186710Z   h5py                           3.11.0               nompi_py312h903599c_102  conda-forge
2025-02-17T15:05:33.7188990Z   harfbuzz                       8.5.0                h1836168_0               conda-forge
2025-02-17T15:05:33.7189510Z   hdf5                           1.14.3               nompi_hec07895_105       conda-forge
2025-02-17T15:05:33.7190040Z   hpack                          4.0.0                pyh9f0ad1d_0             conda-forge
2025-02-17T15:05:33.7190990Z   httpcore                       1.0.5                pyhd8ed1ab_0             conda-forge
2025-02-17T15:05:33.7191470Z   httpx                          0.27.0               pyhd8ed1ab_0             conda-forge
2025-02-17T15:05:33.7192050Z   hyperframe                     6.0.1                pyhd8ed1ab_0             conda-forge
2025-02-17T15:05:33.7192490Z   icu                            73.2                 hc8870d7_0               conda-forge
2025-02-17T15:05:33.7192950Z   idna                           3.7                  pyhd8ed1ab_0             conda-forge
2025-02-17T15:05:33.7204220Z   imagesize                      1.4.1                pyhd8ed1ab_0             conda-forge
2025-02-17T15:05:33.7204690Z   importlib-metadata             7.1.0                pyha770c72_0             conda-forge
2025-02-17T15:05:33.7205670Z   importlib_metadata             7.1.0                hd8ed1ab_0               conda-forge
2025-02-17T15:05:33.7206470Z   importlib_resources            6.4.0                pyhd8ed1ab_0             conda-forge
2025-02-17T15:05:33.7206870Z   iniconfig                      2.0.0                pyhd8ed1ab_0             conda-forge
2025-02-17T15:05:33.7207300Z   ipykernel                      6.29.4               pyh57ce528_0             conda-forge
2025-02-17T15:05:33.7207770Z   ipython                        8.25.0               pyh707e725_0             conda-forge
2025-02-17T15:05:33.7208190Z   ipython_genutils               0.2.0                pyhd8ed1ab_1             conda-forge
2025-02-17T15:05:33.7208740Z   ipywidgets                     7.8.0                pyhd8ed1ab_0             conda-forge
2025-02-17T15:05:33.7209760Z   isoduration                    20.11.0              pyhd8ed1ab_0             conda-forge
2025-02-17T15:05:33.7210250Z   jedi                           0.19.1               pyhd8ed1ab_0             conda-forge
2025-02-17T15:05:33.7210730Z   jinja2                         3.1.4                pyhd8ed1ab_0             conda-forge
2025-02-17T15:05:33.7211230Z   json5                          0.9.25               pyhd8ed1ab_0             conda-forge
2025-02-17T15:05:33.7211630Z   jsonpointer                    3.0.0                py312h81bd7bf_0          conda-forge
2025-02-17T15:05:33.7212140Z   jsonschema                     4.22.0               pyhd8ed1ab_0             conda-forge
2025-02-17T15:05:33.7212620Z   jsonschema-specifications      2023.12.1            pyhd8ed1ab_0             conda-forge
2025-02-17T15:05:33.7213210Z   jsonschema-with-format-nongpl  4.22.0               pyhd8ed1ab_0             conda-forge
2025-02-17T15:05:33.7213680Z   jupyter-lsp                    2.2.5                pyhd8ed1ab_0             conda-forge
2025-02-17T15:05:33.7214230Z   jupyter_client                 8.6.2                pyhd8ed1ab_0             conda-forge
2025-02-17T15:05:33.7214710Z   jupyter_core                   5.7.2                py312h81bd7bf_0          conda-forge
2025-02-17T15:05:33.7215180Z   jupyter_events                 0.10.0               pyhd8ed1ab_0             conda-forge
2025-02-17T15:05:33.7215610Z   jupyter_server                 2.14.1               pyhd8ed1ab_0             conda-forge
2025-02-17T15:05:33.7216140Z   jupyter_server_terminals       0.5.3                pyhd8ed1ab_0             conda-forge
2025-02-17T15:05:33.7216640Z   jupyterlab                     4.2.2                pyhd8ed1ab_0             conda-forge
2025-02-17T15:05:33.7217110Z   jupyterlab_pygments            0.3.0                pyhd8ed1ab_1             conda-forge
2025-02-17T15:05:33.7217450Z   jupyterlab_server              2.27.2               pyhd8ed1ab_0             conda-forge
2025-02-17T15:05:33.7217790Z   jupyterlab_widgets             1.1.7                pyhd8ed1ab_0             conda-forge
2025-02-17T15:05:33.7218200Z   kiwisolver                     1.4.5                py312h389731b_1          conda-forge
2025-02-17T15:05:33.7218700Z   krb5                           1.21.2               h92f50d5_0               conda-forge
2025-02-17T15:05:33.7219100Z   latexcodec                     2.0.1                pyh9f0ad1d_0             conda-forge
2025-02-17T15:05:33.7219560Z   lcms2                          2.16                 ha0e7c42_0               conda-forge
2025-02-17T15:05:33.7219910Z   lerc                           4.0.0                h9a09cb3_0               conda-forge
2025-02-17T15:05:33.7220340Z   libaec                         1.1.3                hebf3989_0               conda-forge
2025-02-17T15:05:33.7220680Z   libasprintf                    0.22.5               h8fbad5d_2               conda-forge
2025-02-17T15:05:33.7221180Z   libasprintf-devel              0.22.5               h8fbad5d_2               conda-forge
2025-02-17T15:05:33.7221510Z   libblas                        3.9.0                22_osxarm64_openblas     conda-forge
2025-02-17T15:05:33.7221820Z   libbrotlicommon                1.1.0                hb547adb_1               conda-forge
2025-02-17T15:05:33.7222380Z   libbrotlidec                   1.1.0                hb547adb_1               conda-forge
2025-02-17T15:05:33.7222710Z   libbrotlienc                   1.1.0                hb547adb_1               conda-forge
2025-02-17T15:05:33.7223100Z   libcblas                       3.9.0                22_osxarm64_openblas     conda-forge
2025-02-17T15:05:33.7223420Z   libcurl                        8.8.0                h7b6f9a7_0               conda-forge
2025-02-17T15:05:33.7223730Z   libcxx                         17.0.6               h5f092b4_0               conda-forge
2025-02-17T15:05:33.7224020Z   libdeflate                     1.20                 h93a5062_0               conda-forge
2025-02-17T15:05:33.7224310Z   libedit                        3.1.20191231         hc8eb9b7_2               conda-forge
2025-02-17T15:05:33.7224820Z   libev                          4.33                 h93a5062_2               conda-forge
2025-02-17T15:05:33.7225150Z   libexpat                       2.6.2                hebf3989_0               conda-forge
2025-02-17T15:05:33.7225450Z   libffi                         3.4.2                h3422bc3_5               conda-forge
2025-02-17T15:05:33.7225720Z   libgd                          2.3.3                hfdf3952_9               conda-forge
2025-02-17T15:05:33.7226010Z   libgettextpo                   0.22.5               h8fbad5d_2               conda-forge
2025-02-17T15:05:33.7226380Z   libgettextpo-devel             0.22.5               h8fbad5d_2               conda-forge
2025-02-17T15:05:33.7226720Z   libgfortran                    5.0.0                13_2_0_hd922786_3        conda-forge
2025-02-17T15:05:33.7227030Z   libgfortran5                   13.2.0               hf226fd6_3               conda-forge
2025-02-17T15:05:33.7227360Z   libglib                        2.80.2               h59d46d9_1               conda-forge
2025-02-17T15:05:33.7227660Z   libiconv                       1.17                 h0d3ecfb_2               conda-forge
2025-02-17T15:05:33.7227960Z   libintl                        0.22.5               h8fbad5d_2               conda-forge
2025-02-17T15:05:33.7228280Z   libintl-devel                  0.22.5               h8fbad5d_2               conda-forge
2025-02-17T15:05:33.7228620Z   libjpeg-turbo                  3.0.0                hb547adb_1               conda-forge
2025-02-17T15:05:33.7228980Z   liblapack                      3.9.0                22_osxarm64_openblas     conda-forge
2025-02-17T15:05:33.7229420Z   libllvm14                      14.0.6               hd1a9a77_4               conda-forge
2025-02-17T15:05:33.7229790Z   libnghttp2                     1.58.0               ha4dd798_1               conda-forge
2025-02-17T15:05:33.7230230Z   libopenblas                    0.3.27               openmp_h6c19121_0        conda-forge
2025-02-17T15:05:33.7230590Z   libpng                         1.6.43               h091b4b1_0               conda-forge
2025-02-17T15:05:33.7230960Z   librsvg                        2.58.1               hbc281fb_0               conda-forge
2025-02-17T15:05:33.7231320Z   libsodium                      1.0.18               h27ca646_1               conda-forge
2025-02-17T15:05:33.7231740Z   libsqlite                      3.46.0               hfb93653_0               conda-forge
2025-02-17T15:05:33.7232110Z   libssh2                        1.11.0               h7a5bd25_0               conda-forge
2025-02-17T15:05:33.7232450Z   libtiff                        4.6.0                h07db509_3               conda-forge
2025-02-17T15:05:33.7232780Z   libwebp                        1.4.0                h54798ee_0               conda-forge
2025-02-17T15:05:33.7233250Z   libwebp-base                   1.4.0                h93a5062_0               conda-forge
2025-02-17T15:05:33.7233690Z   libxcb                         1.16                 hf2054a2_0               conda-forge
2025-02-17T15:05:33.7234030Z   libxml2                        2.12.7               ha661575_1               conda-forge
2025-02-17T15:05:33.7234460Z   libxslt                        1.1.39               h223e5b9_0               conda-forge
2025-02-17T15:05:33.7236010Z   libzlib                        1.3.1                hfb2fe0b_1               conda-forge
2025-02-17T15:05:33.7236410Z   llvm-openmp                    18.1.7               hde57baf_0               conda-forge
2025-02-17T15:05:33.7236760Z   llvmlite                       0.42.0               py312h17030e7_1          conda-forge
2025-02-17T15:05:33.7237180Z   lxml                           5.2.2                py312h0e5ab22_0          conda-forge
2025-02-17T15:05:33.7237450Z   lz4-c                          1.9.4                hb7217d7_0               conda-forge
2025-02-17T15:05:33.7237790Z   markupsafe                     2.1.5                py312he37b823_0          conda-forge
2025-02-17T15:05:33.7238380Z   matplotlib-base                3.8.4                py312h4479663_2          conda-forge
2025-02-17T15:05:33.7238870Z   matplotlib-inline              0.1.7                pyhd8ed1ab_0             conda-forge
2025-02-17T15:05:33.7239340Z   mistune                        3.0.2                pyhd8ed1ab_0             conda-forge
2025-02-17T15:05:33.7239740Z   mpc                            1.3.1                h91ba8db_0               conda-forge
2025-02-17T15:05:33.7240090Z   mpfr                           4.2.1                h41d338b_1               conda-forge
2025-02-17T15:05:33.7240470Z   mpmath                         1.3.0                pyhd8ed1ab_0             conda-forge
2025-02-17T15:05:33.7240920Z   munkres                        1.1.4                pyh9f0ad1d_0             conda-forge
2025-02-17T15:05:33.7241310Z   mypy_extensions                1.0.0                pyha770c72_0             conda-forge
2025-02-17T15:05:33.7241790Z   nbclassic                      1.1.0                pyhd8ed1ab_0             conda-forge
2025-02-17T15:05:33.7242180Z   nbclient                       0.10.0               pyhd8ed1ab_0             conda-forge
2025-02-17T15:05:33.7242620Z   nbconvert                      7.16.4               hd8ed1ab_1               conda-forge
2025-02-17T15:05:33.7243010Z   nbconvert-core                 7.16.4               pyhd8ed1ab_1             conda-forge
2025-02-17T15:05:33.7243480Z   nbconvert-pandoc               7.16.4               hd8ed1ab_1               conda-forge
2025-02-17T15:05:33.7244020Z   nbformat                       5.10.4               pyhd8ed1ab_0             conda-forge
2025-02-17T15:05:33.7244380Z   nbsphinx                       0.9.4                pyhd8ed1ab_0             conda-forge
2025-02-17T15:05:33.7244770Z   ncurses                        6.5                  hb89a1cb_0               conda-forge
2025-02-17T15:05:33.7245080Z   nest-asyncio                   1.6.0                pyhd8ed1ab_0             conda-forge
2025-02-17T15:05:33.7245440Z   networkx                       3.3                  pyhd8ed1ab_1             conda-forge
2025-02-17T15:05:33.7245810Z   notebook                       7.2.1                pyhd8ed1ab_0             conda-forge
2025-02-17T15:05:33.7246180Z   notebook-shim                  0.2.4                pyhd8ed1ab_0             conda-forge
2025-02-17T15:05:33.7246500Z   numba                          0.59.1               py312hbaff935_0          conda-forge
2025-02-17T15:05:33.7246950Z   numexpr                        2.10.0               py312h8ae5369_0          conda-forge
2025-02-17T15:05:33.7247260Z   numpy                          1.26.4               py312h8442bc7_0          conda-forge
2025-02-17T15:05:33.7247570Z   numpydoc                       1.7.0                pyhd8ed1ab_1             conda-forge
2025-02-17T15:05:33.7247860Z   openjpeg                       2.5.2                h9f1df11_0               conda-forge
2025-02-17T15:05:33.7248150Z   openssl                        3.3.1                hfb2fe0b_0               conda-forge
2025-02-17T15:05:33.7248460Z   overrides                      7.7.0                pyhd8ed1ab_0             conda-forge
2025-02-17T15:05:33.7248760Z   packaging                      24.1                 pyhd8ed1ab_0             conda-forge
2025-02-17T15:05:33.7249490Z   pandas                         2.2.2                py312h8ae5369_1          conda-forge
2025-02-17T15:05:33.7249780Z   pandoc                         3.2                  hce30654_0               conda-forge
2025-02-17T15:05:33.7250130Z   pandocfilters                  1.5.0                pyhd8ed1ab_0             conda-forge
2025-02-17T15:05:33.7250450Z   pango                          1.54.0               h5cb9fbc_0               conda-forge
2025-02-17T15:05:33.7250740Z   parso                          0.8.4                pyhd8ed1ab_0             conda-forge
2025-02-17T15:05:33.7251040Z   pathspec                       0.12.1               pyhd8ed1ab_0             conda-forge
2025-02-17T15:05:33.7251460Z   pbr                            6.0.0                pyhd8ed1ab_0             conda-forge
2025-02-17T15:05:33.7251860Z   pcre2                          10.44                h297a79d_0               conda-forge
2025-02-17T15:05:33.7252160Z   pexpect                        4.9.0                pyhd8ed1ab_0             conda-forge
2025-02-17T15:05:33.7252480Z   pickleshare                    0.7.5                py_1003                  conda-forge
2025-02-17T15:05:33.7252800Z   pillow                         10.3.0               py312h39b1d8d_1          conda-forge
2025-02-17T15:05:33.7253130Z   pip                            24.0                 pyhd8ed1ab_0             conda-forge
2025-02-17T15:05:33.7253420Z   pixman                         0.43.4               hebf3989_0               conda-forge
2025-02-17T15:05:33.7253770Z   pkgutil-resolve-name           1.3.10               pyhd8ed1ab_1             conda-forge
2025-02-17T15:05:33.7254120Z   platformdirs                   4.2.2                pyhd8ed1ab_0             conda-forge
2025-02-17T15:05:33.7254440Z   plotly                         5.22.0               pyhd8ed1ab_0             conda-forge
2025-02-17T15:05:33.7254720Z   pluggy                         1.5.0                pyhd8ed1ab_0             conda-forge
2025-02-17T15:05:33.7255060Z   prometheus_client              0.20.0               pyhd8ed1ab_0             conda-forge
2025-02-17T15:05:33.7255400Z   prompt-toolkit                 3.0.47               pyha770c72_0             conda-forge
2025-02-17T15:05:33.7255710Z   psutil                         5.9.8                py312he37b823_0          conda-forge
2025-02-17T15:05:33.7256010Z   pthread-stubs                  0.4                  h27ca646_1001            conda-forge
2025-02-17T15:05:33.7256340Z   ptyprocess                     0.7.0                pyhd3deb0d_0             conda-forge
2025-02-17T15:05:33.7256670Z   pure_eval                      0.2.2                pyhd8ed1ab_0             conda-forge
2025-02-17T15:05:33.7256980Z   py-cpuinfo                     9.0.0                pyhd8ed1ab_0             conda-forge
2025-02-17T15:05:33.7257290Z   pybtex                         0.24.0               pyhd8ed1ab_2             conda-forge
2025-02-17T15:05:33.7257630Z   pybtex-docutils                1.0.3                py312h81bd7bf_1          conda-forge
2025-02-17T15:05:33.7258010Z   pycparser                      2.22                 pyhd8ed1ab_0             conda-forge
2025-02-17T15:05:33.7258380Z   pyerfa                         2.0.1.4              py312hbebd99a_1          conda-forge
2025-02-17T15:05:33.7258750Z   pygments                       2.18.0               pyhd8ed1ab_0             conda-forge
2025-02-17T15:05:33.7259130Z   pygraphviz                     1.13                 py312h5f4d302_1          conda-forge
2025-02-17T15:05:33.7259530Z   pyobjc-core                    10.3.1               py312hbb55c70_0          conda-forge
2025-02-17T15:05:33.7259980Z   pyobjc-framework-cocoa         10.3.1               py312hbb55c70_0          conda-forge
2025-02-17T15:05:33.7260370Z   pyparsing                      3.1.2                pyhd8ed1ab_0             conda-forge
2025-02-17T15:05:33.7260740Z   pysocks                        1.7.1                pyha2e5f31_6             conda-forge
2025-02-17T15:05:33.7261270Z   pytables                       3.9.2                py312hb622ae1_2          conda-forge
2025-02-17T15:05:33.7261590Z   pytest                         8.2.2                pyhd8ed1ab_0             conda-forge
2025-02-17T15:05:33.7261910Z   pytest-cov                     5.0.0                pyhd8ed1ab_0             conda-forge
2025-02-17T15:05:33.7262260Z   pytest-doctestplus             1.2.1                pyhd8ed1ab_0             conda-forge
2025-02-17T15:05:33.7262630Z   pytest-html                    4.1.1                pyhd8ed1ab_0             conda-forge
2025-02-17T15:05:33.7262970Z   pytest-metadata                3.1.1                pyhd8ed1ab_0             conda-forge
2025-02-17T15:05:33.7263620Z   python                         3.12.4               h30c5eda_0_cpython       conda-forge
2025-02-17T15:05:33.7263980Z   python-dateutil                2.9.0                pyhd8ed1ab_0             conda-forge
2025-02-17T15:05:33.7264340Z   python-fastjsonschema          2.20.0               pyhd8ed1ab_0             conda-forge
2025-02-17T15:05:33.7264720Z   python-json-logger             2.0.7                pyhd8ed1ab_0             conda-forge
2025-02-17T15:05:33.7265070Z   python-tzdata                  2024.1               pyhd8ed1ab_0             conda-forge
2025-02-17T15:05:33.7265410Z   python_abi                     3.12                 4_cp312                  conda-forge
2025-02-17T15:05:33.7265720Z   pytz                           2024.1               pyhd8ed1ab_0             conda-forge
2025-02-17T15:05:33.7266030Z   pyyaml                         6.0.1                py312h02f2b3b_1          conda-forge
2025-02-17T15:05:33.7266350Z   pyzmq                          26.0.3               py312hfa13136_0          conda-forge
2025-02-17T15:05:33.7266670Z   qgrid                          1.3.1                pyhd8ed1ab_4             conda-forge
2025-02-17T15:05:33.7267020Z   radioactivedecay               0.5.1                pyhd8ed1ab_0             conda-forge
2025-02-17T15:05:33.7267370Z   readline                       8.2                  h92ec313_1               conda-forge
2025-02-17T15:05:33.7267680Z   recommonmark                   0.7.1                pyhd8ed1ab_0             conda-forge
2025-02-17T15:05:33.7267990Z   referencing                    0.35.1               pyhd8ed1ab_0             conda-forge
2025-02-17T15:05:33.7268310Z   requests                       2.32.3               pyhd8ed1ab_0             conda-forge
2025-02-17T15:05:33.7268650Z   rfc3339-validator              0.1.4                pyhd8ed1ab_0             conda-forge
2025-02-17T15:05:33.7268980Z   rfc3986-validator              0.1.1                pyh9f0ad1d_0             conda-forge
2025-02-17T15:05:33.7269310Z   rpds-py                        0.18.1               py312h552d48e_0          conda-forge
2025-02-17T15:05:33.7269610Z   ruff                           0.4.9                py312h3402d49_0          conda-forge
2025-02-17T15:05:33.7269920Z   scipy                          1.13.1               py312h14ffa8f_0          conda-forge
2025-02-17T15:05:33.7270240Z   send2trash                     1.8.3                pyh31c8845_0             conda-forge
2025-02-17T15:05:33.7270550Z   setuptools                     70.0.0               pyhd8ed1ab_0             conda-forge
2025-02-17T15:05:33.7270890Z   setuptools-scm                 8.1.0                pyhd8ed1ab_0             conda-forge
2025-02-17T15:05:33.7271220Z   setuptools_scm                 8.1.0                hd8ed1ab_0               conda-forge
2025-02-17T15:05:33.7271600Z   six                            1.16.0               pyh6c4a22f_0             conda-forge
2025-02-17T15:05:33.7271900Z   snakeviz                       2.2.0                pyhd8ed1ab_0             conda-forge
2025-02-17T15:05:33.7272200Z   snappy                         1.2.0                hd04f947_1               conda-forge
2025-02-17T15:05:33.7272480Z   sniffio                        1.3.1                pyhd8ed1ab_0             conda-forge
2025-02-17T15:05:33.7272990Z   snowballstemmer                2.2.0                pyhd8ed1ab_0             conda-forge
2025-02-17T15:05:33.7273300Z   soupsieve                      2.5                  pyhd8ed1ab_1             conda-forge
2025-02-17T15:05:33.7273610Z   sphinx                         7.3.7                pyhd8ed1ab_0             conda-forge
2025-02-17T15:05:33.7273920Z   sphinx-astropy                 1.9.1                pyhd8ed1ab_0             conda-forge
2025-02-17T15:05:33.7274290Z   sphinx-automodapi              0.17.0               pyh717bed2_1             conda-forge
2025-02-17T15:05:33.7274640Z   sphinx-gallery                 0.16.0               pyhd8ed1ab_0             conda-forge
2025-02-17T15:05:33.7275150Z   sphinx-jsonschema              1.19.1               pyhd8ed1ab_0             conda-forge
2025-02-17T15:05:33.7275520Z   sphinx_bootstrap_theme         0.8.1                pyhd8ed1ab_0             conda-forge
2025-02-17T15:05:33.7275860Z   sphinx_rtd_theme               2.0.0                pyha770c72_0             conda-forge
2025-02-17T15:05:33.7276220Z   sphinxcontrib-apidoc           0.3.0                py_1                     conda-forge
2025-02-17T15:05:33.7276640Z   sphinxcontrib-applehelp        1.0.8                pyhd8ed1ab_0             conda-forge
2025-02-17T15:05:33.7277060Z   sphinxcontrib-bibtex           2.6.2                pyhd8ed1ab_0             conda-forge
2025-02-17T15:05:33.7277470Z   sphinxcontrib-devhelp          1.0.6                pyhd8ed1ab_0             conda-forge
2025-02-17T15:05:33.7277890Z   sphinxcontrib-htmlhelp         2.0.5                pyhd8ed1ab_0             conda-forge
2025-02-17T15:05:33.7278290Z   sphinxcontrib-jquery           4.1                  pyhd8ed1ab_0             conda-forge
2025-02-17T15:05:33.7278690Z   sphinxcontrib-jsmath           1.0.1                pyhd8ed1ab_0             conda-forge
2025-02-17T15:05:33.7279060Z   sphinxcontrib-qthelp           1.0.7                pyhd8ed1ab_0             conda-forge
2025-02-17T15:05:33.7279490Z   sphinxcontrib-serializinghtml  1.1.10               pyhd8ed1ab_0             conda-forge
2025-02-17T15:05:33.7279850Z   stack_data                     0.6.2                pyhd8ed1ab_0             conda-forge
2025-02-17T15:05:33.7280170Z   sympy                          1.12.1               pypyh2585a3b_103         conda-forge
2025-02-17T15:05:33.7280490Z   tabulate                       0.9.0                pyhd8ed1ab_1             conda-forge
2025-02-17T15:05:33.7280810Z   tenacity                       8.4.1                pyhd8ed1ab_0             conda-forge
2025-02-17T15:05:33.7281150Z   terminado                      0.18.1               pyh31c8845_0             conda-forge
2025-02-17T15:05:33.7281490Z   tinycss2                       1.3.0                pyhd8ed1ab_0             conda-forge
2025-02-17T15:05:33.7281800Z   tk                             8.6.13               h5083fa2_1               conda-forge
2025-02-17T15:05:33.7282110Z   toml                           0.10.2               pyhd8ed1ab_0             conda-forge
2025-02-17T15:05:33.7282410Z   tomli                          2.0.1                pyhd8ed1ab_0             conda-forge
2025-02-17T15:05:33.7282710Z   tornado                        6.4.1                py312h7e5086c_0          conda-forge
2025-02-17T15:05:33.7283010Z   tqdm                           4.66.4               pyhd8ed1ab_0             conda-forge
2025-02-17T15:05:33.7283320Z   traitlets                      5.14.3               pyhd8ed1ab_0             conda-forge
2025-02-17T15:05:33.7283640Z   typed-ast                      1.5.5                py312h02f2b3b_1          conda-forge
2025-02-17T15:05:33.7283970Z   types-python-dateutil          2.9.0.20240316       pyhd8ed1ab_0             conda-forge
2025-02-17T15:05:33.7284400Z   typing-extensions              4.12.2               hd8ed1ab_0               conda-forge
2025-02-17T15:05:33.7284750Z   typing_extensions              4.12.2               pyha770c72_0             conda-forge
2025-02-17T15:05:33.7285220Z   typing_utils                   0.1.0                pyhd8ed1ab_0             conda-forge
2025-02-17T15:05:33.7285520Z   tzdata                         2024a                h0c530f3_0               conda-forge
2025-02-17T15:05:33.7285830Z   uri-template                   1.3.0                pyhd8ed1ab_0             conda-forge
2025-02-17T15:05:33.7286120Z   urllib3                        2.2.2                pyhd8ed1ab_0             conda-forge
2025-02-17T15:05:33.7286430Z   wcwidth                        0.2.13               pyhd8ed1ab_0             conda-forge
2025-02-17T15:05:33.7286730Z   webcolors                      24.6.0               pyhd8ed1ab_0             conda-forge
2025-02-17T15:05:33.7287150Z   webencodings                   0.5.1                pyhd8ed1ab_2             conda-forge
2025-02-17T15:05:33.7287510Z   websocket-client               1.8.0                pyhd8ed1ab_0             conda-forge
2025-02-17T15:05:33.7287840Z   wheel                          0.43.0               pyhd8ed1ab_1             conda-forge
2025-02-17T15:05:33.7288170Z   widgetsnbextension             3.6.6                pyhd8ed1ab_0             conda-forge
2025-02-17T15:05:33.7288510Z   xorg-libxau                    1.0.11               hb547adb_0               conda-forge
2025-02-17T15:05:33.7288830Z   xorg-libxdmcp                  1.1.3                h27ca646_0               conda-forge
2025-02-17T15:05:33.7289310Z   xz                             5.2.6                h57fd34a_0               conda-forge
2025-02-17T15:05:33.7289630Z   yaml                           0.2.5                h3422bc3_2               conda-forge
2025-02-17T15:05:33.7290050Z   zeromq                         4.3.5                hcc0f68c_4               conda-forge
2025-02-17T15:05:33.7290410Z   zipp                           3.19.2               pyhd8ed1ab_0             conda-forge
2025-02-17T15:05:33.7290810Z   zlib                           1.3.1                hfb2fe0b_1               conda-forge
2025-02-17T15:05:33.7291180Z   zlib-ng                        2.0.7                h1a8c8d9_0               conda-forge
2025-02-17T15:05:33.7291630Z   zstd                           1.5.6                hb46c0d2_0               conda-forge
2025-02-17T15:05:33.7301190Z ##[endgroup]
2025-02-17T15:05:33.7399780Z ##[group]Run pip install -e . --user
2025-02-17T15:05:33.7400050Z [36;1mpip install -e . --user[0m
2025-02-17T15:05:33.9410000Z shell: /bin/bash -l {0}
2025-02-17T15:05:33.9410530Z env:
2025-02-17T15:05:33.9410930Z   CACHE_NUMBER: 0
2025-02-17T15:05:33.9412260Z   PYTEST_FLAGS: --tardis-regression-data=/Users/runner/work/tardis/tardis/tardis-regression-data --cov=tardis --cov-report=xml --cov-report=html --cov-append
2025-02-17T15:05:33.9413700Z   CODECOV_TOKEN: 
2025-02-17T15:05:33.9414170Z   MAMBA_ROOT_PREFIX: /Users/runner/micromamba
2025-02-17T15:05:33.9414830Z   MAMBA_EXE: /Users/runner/micromamba-bin/micromamba
2025-02-17T15:05:33.9415580Z   CONDARC: /Users/runner/work/_temp/setup-micromamba/.condarc
2025-02-17T15:05:33.9416620Z ##[endgroup]
2025-02-17T15:05:35.6294160Z Obtaining file:///Users/runner/work/tardis/tardis
2025-02-17T15:05:35.6325610Z   Installing build dependencies: started
2025-02-17T15:05:39.3295000Z   Installing build dependencies: finished with status 'done'
2025-02-17T15:05:39.3329580Z   Checking if build backend supports build_editable: started
2025-02-17T15:05:39.5206020Z   Checking if build backend supports build_editable: finished with status 'done'
2025-02-17T15:05:39.5279390Z   Getting requirements to build editable: started
2025-02-17T15:05:40.3980960Z   Getting requirements to build editable: finished with status 'done'
2025-02-17T15:05:40.4076280Z   Preparing editable metadata (pyproject.toml): started
2025-02-17T15:05:41.0177930Z   Preparing editable metadata (pyproject.toml): finished with status 'done'
2025-02-17T15:05:41.1045610Z Requirement already satisfied: astropy in /Users/runner/micromamba/envs/tardis/lib/python3.12/site-packages (from tardis==0.0.0) (6.1.1)
2025-02-17T15:05:41.1448810Z Requirement already satisfied: numpy>=1.23 in /Users/runner/micromamba/envs/tardis/lib/python3.12/site-packages (from astropy->tardis==0.0.0) (1.26.4)
2025-02-17T15:05:41.1455020Z Requirement already satisfied: pyerfa>=2.0.1.1 in /Users/runner/micromamba/envs/tardis/lib/python3.12/site-packages (from astropy->tardis==0.0.0) (2.0.1.4)
2025-02-17T15:05:41.1465910Z Requirement already satisfied: astropy-iers-data>=0.2024.5.27.0.30.8 in /Users/runner/micromamba/envs/tardis/lib/python3.12/site-packages (from astropy->tardis==0.0.0) (0.2024.6.17.0.31.35)
2025-02-17T15:05:41.1482530Z Requirement already satisfied: PyYAML>=3.13 in /Users/runner/micromamba/envs/tardis/lib/python3.12/site-packages (from astropy->tardis==0.0.0) (6.0.1)
2025-02-17T15:05:41.1491620Z Requirement already satisfied: packaging>=19.0 in /Users/runner/micromamba/envs/tardis/lib/python3.12/site-packages (from astropy->tardis==0.0.0) (24.1)
2025-02-17T15:05:41.1583790Z Building wheels for collected packages: tardis
2025-02-17T15:05:41.1620880Z   Building editable for tardis (pyproject.toml): started
2025-02-17T15:05:42.1333930Z   Building editable for tardis (pyproject.toml): finished with status 'done'
2025-02-17T15:05:42.1347960Z   Created wheel for tardis: filename=tardis-0.0.0-0.editable-py3-none-any.whl size=8877 sha256=99249062ff646c7523a4686868a3e0caeb7bd6fdb1538e7b17afd8f37d9e0738
2025-02-17T15:05:42.1349050Z   Stored in directory: /private/var/folders/2s/h6hvv9ps03xgz_krkkstvq_r0000gn/T/pip-ephem-wheel-cache-sz27sezi/wheels/bb/4f/6a/0829b918c1c10bc28535ce7f14be21eee54375bdd9cd0c306a
2025-02-17T15:05:42.1382710Z Successfully built tardis
2025-02-17T15:05:42.8368510Z Installing collected packages: tardis
2025-02-17T15:05:42.8469390Z Successfully installed tardis-0.0.0
2025-02-17T15:05:43.2145630Z ##[group]Run pip install qgridnext
2025-02-17T15:05:43.2146040Z [36;1mpip install qgridnext[0m
2025-02-17T15:05:43.2210970Z shell: /bin/bash -l {0}
2025-02-17T15:05:43.2211270Z env:
2025-02-17T15:05:43.2211480Z   CACHE_NUMBER: 0
2025-02-17T15:05:43.2212120Z   PYTEST_FLAGS: --tardis-regression-data=/Users/runner/work/tardis/tardis/tardis-regression-data --cov=tardis --cov-report=xml --cov-report=html --cov-append
2025-02-17T15:05:43.2212710Z   CODECOV_TOKEN: 
2025-02-17T15:05:43.2213040Z   MAMBA_ROOT_PREFIX: /Users/runner/micromamba
2025-02-17T15:05:43.2213330Z   MAMBA_EXE: /Users/runner/micromamba-bin/micromamba
2025-02-17T15:05:43.2213790Z   CONDARC: /Users/runner/work/_temp/setup-micromamba/.condarc
2025-02-17T15:05:43.2214070Z ##[endgroup]
2025-02-17T15:05:44.0717680Z Collecting qgridnext
2025-02-17T15:05:44.1100730Z   Downloading qgridnext-2.0.4-py3-none-any.whl.metadata (9.9 kB)
2025-02-17T15:05:44.1277430Z Requirement already satisfied: pandas>=0.20.0 in /Users/runner/micromamba/envs/tardis/lib/python3.12/site-packages (from qgridnext) (2.2.2)
2025-02-17T15:05:44.1282890Z Requirement already satisfied: ipywidgets>=7.0.0 in /Users/runner/micromamba/envs/tardis/lib/python3.12/site-packages (from qgridnext) (7.8.0)
2025-02-17T15:05:44.1291500Z Requirement already satisfied: numpy in /Users/runner/micromamba/envs/tardis/lib/python3.12/site-packages (from qgridnext) (1.26.4)
2025-02-17T15:05:44.1296820Z Requirement already satisfied: traitlets in /Users/runner/micromamba/envs/tardis/lib/python3.12/site-packages (from qgridnext) (5.14.3)
2025-02-17T15:05:44.1356740Z Requirement already satisfied: comm>=0.1.3 in /Users/runner/micromamba/envs/tardis/lib/python3.12/site-packages (from ipywidgets>=7.0.0->qgridnext) (0.2.2)
2025-02-17T15:05:44.1361300Z Requirement already satisfied: ipython-genutils~=0.2.0 in /Users/runner/micromamba/envs/tardis/lib/python3.12/site-packages (from ipywidgets>=7.0.0->qgridnext) (0.2.0)
2025-02-17T15:05:44.1380940Z Requirement already satisfied: widgetsnbextension~=3.6.5 in /Users/runner/micromamba/envs/tardis/lib/python3.12/site-packages (from ipywidgets>=7.0.0->qgridnext) (3.6.6)
2025-02-17T15:05:44.1381970Z Requirement already satisfied: ipython>=4.0.0 in /Users/runner/micromamba/envs/tardis/lib/python3.12/site-packages (from ipywidgets>=7.0.0->qgridnext) (8.25.0)
2025-02-17T15:05:44.1391690Z Requirement already satisfied: jupyterlab-widgets<3,>=1.0.0 in /Users/runner/micromamba/envs/tardis/lib/python3.12/site-packages (from ipywidgets>=7.0.0->qgridnext) (1.1.7)
2025-02-17T15:05:44.1689450Z Requirement already satisfied: python-dateutil>=2.8.2 in /Users/runner/micromamba/envs/tardis/lib/python3.12/site-packages (from pandas>=0.20.0->qgridnext) (2.9.0)
2025-02-17T15:05:44.1700710Z Requirement already satisfied: pytz>=2020.1 in /Users/runner/micromamba/envs/tardis/lib/python3.12/site-packages (from pandas>=0.20.0->qgridnext) (2024.1)
2025-02-17T15:05:44.1705220Z Requirement already satisfied: tzdata>=2022.7 in /Users/runner/micromamba/envs/tardis/lib/python3.12/site-packages (from pandas>=0.20.0->qgridnext) (2024.1)
2025-02-17T15:05:44.1920600Z Requirement already satisfied: decorator in /Users/runner/micromamba/envs/tardis/lib/python3.12/site-packages (from ipython>=4.0.0->ipywidgets>=7.0.0->qgridnext) (5.1.1)
2025-02-17T15:05:44.1936260Z Requirement already satisfied: jedi>=0.16 in /Users/runner/micromamba/envs/tardis/lib/python3.12/site-packages (from ipython>=4.0.0->ipywidgets>=7.0.0->qgridnext) (0.19.1)
2025-02-17T15:05:44.1942030Z Requirement already satisfied: matplotlib-inline in /Users/runner/micromamba/envs/tardis/lib/python3.12/site-packages (from ipython>=4.0.0->ipywidgets>=7.0.0->qgridnext) (0.1.7)
2025-02-17T15:05:44.1948460Z Requirement already satisfied: prompt-toolkit<3.1.0,>=3.0.41 in /Users/runner/micromamba/envs/tardis/lib/python3.12/site-packages (from ipython>=4.0.0->ipywidgets>=7.0.0->qgridnext) (3.0.47)
2025-02-17T15:05:44.1954340Z Requirement already satisfied: pygments>=2.4.0 in /Users/runner/micromamba/envs/tardis/lib/python3.12/site-packages (from ipython>=4.0.0->ipywidgets>=7.0.0->qgridnext) (2.18.0)
2025-02-17T15:05:44.1962870Z Requirement already satisfied: stack-data in /Users/runner/micromamba/envs/tardis/lib/python3.12/site-packages (from ipython>=4.0.0->ipywidgets>=7.0.0->qgridnext) (0.6.2)
2025-02-17T15:05:44.1975780Z Requirement already satisfied: pexpect>4.3 in /Users/runner/micromamba/envs/tardis/lib/python3.12/site-packages (from ipython>=4.0.0->ipywidgets>=7.0.0->qgridnext) (4.9.0)
2025-02-17T15:05:44.2008090Z Requirement already satisfied: six>=1.5 in /Users/runner/micromamba/envs/tardis/lib/python3.12/site-packages (from python-dateutil>=2.8.2->pandas>=0.20.0->qgridnext) (1.16.0)
2025-02-17T15:05:44.2048680Z Requirement already satisfied: notebook>=4.4.1 in /Users/runner/micromamba/envs/tardis/lib/python3.12/site-packages (from widgetsnbextension~=3.6.5->ipywidgets>=7.0.0->qgridnext) (7.2.1)
2025-02-17T15:05:44.2209050Z Requirement already satisfied: parso<0.9.0,>=0.8.3 in /Users/runner/micromamba/envs/tardis/lib/python3.12/site-packages (from jedi>=0.16->ipython>=4.0.0->ipywidgets>=7.0.0->qgridnext) (0.8.4)
2025-02-17T15:05:44.2356870Z Requirement already satisfied: jupyter-server<3,>=2.4.0 in /Users/runner/micromamba/envs/tardis/lib/python3.12/site-packages (from notebook>=4.4.1->widgetsnbextension~=3.6.5->ipywidgets>=7.0.0->qgridnext) (2.14.1)
2025-02-17T15:05:44.2363130Z Requirement already satisfied: jupyterlab-server<3,>=2.27.1 in /Users/runner/micromamba/envs/tardis/lib/python3.12/site-packages (from notebook>=4.4.1->widgetsnbextension~=3.6.5->ipywidgets>=7.0.0->qgridnext) (2.27.2)
2025-02-17T15:05:44.2374880Z Requirement already satisfied: jupyterlab<4.3,>=4.2.0 in /Users/runner/micromamba/envs/tardis/lib/python3.12/site-packages (from notebook>=4.4.1->widgetsnbextension~=3.6.5->ipywidgets>=7.0.0->qgridnext) (4.2.2)
2025-02-17T15:05:44.2387160Z Requirement already satisfied: notebook-shim<0.3,>=0.2 in /Users/runner/micromamba/envs/tardis/lib/python3.12/site-packages (from notebook>=4.4.1->widgetsnbextension~=3.6.5->ipywidgets>=7.0.0->qgridnext) (0.2.4)
2025-02-17T15:05:44.2393070Z Requirement already satisfied: tornado>=6.2.0 in /Users/runner/micromamba/envs/tardis/lib/python3.12/site-packages (from notebook>=4.4.1->widgetsnbextension~=3.6.5->ipywidgets>=7.0.0->qgridnext) (6.4.1)
2025-02-17T15:05:44.2420230Z Requirement already satisfied: ptyprocess>=0.5 in /Users/runner/micromamba/envs/tardis/lib/python3.12/site-packages (from pexpect>4.3->ipython>=4.0.0->ipywidgets>=7.0.0->qgridnext) (0.7.0)
2025-02-17T15:05:44.2439160Z Requirement already satisfied: wcwidth in /Users/runner/micromamba/envs/tardis/lib/python3.12/site-packages (from prompt-toolkit<3.1.0,>=3.0.41->ipython>=4.0.0->ipywidgets>=7.0.0->qgridnext) (0.2.13)
2025-02-17T15:05:44.2535150Z Requirement already satisfied: executing>=1.2.0 in /Users/runner/micromamba/envs/tardis/lib/python3.12/site-packages (from stack-data->ipython>=4.0.0->ipywidgets>=7.0.0->qgridnext) (2.0.1)
2025-02-17T15:05:44.2542830Z Requirement already satisfied: asttokens>=2.1.0 in /Users/runner/micromamba/envs/tardis/lib/python3.12/site-packages (from stack-data->ipython>=4.0.0->ipywidgets>=7.0.0->qgridnext) (2.4.1)
2025-02-17T15:05:44.2546490Z Requirement already satisfied: pure-eval in /Users/runner/micromamba/envs/tardis/lib/python3.12/site-packages (from stack-data->ipython>=4.0.0->ipywidgets>=7.0.0->qgridnext) (0.2.2)
2025-02-17T15:05:44.2851550Z Requirement already satisfied: anyio>=3.1.0 in /Users/runner/micromamba/envs/tardis/lib/python3.12/site-packages (from jupyter-server<3,>=2.4.0->notebook>=4.4.1->widgetsnbextension~=3.6.5->ipywidgets>=7.0.0->qgridnext) (4.4.0)
2025-02-17T15:05:44.2968750Z Requirement already satisfied: argon2-cffi>=21.1 in /Users/runner/micromamba/envs/tardis/lib/python3.12/site-packages (from jupyter-server<3,>=2.4.0->notebook>=4.4.1->widgetsnbextension~=3.6.5->ipywidgets>=7.0.0->qgridnext) (23.1.0)
2025-02-17T15:05:44.3072470Z Requirement already satisfied: jinja2>=3.0.3 in /Users/runner/micromamba/envs/tardis/lib/python3.12/site-packages (from jupyter-server<3,>=2.4.0->notebook>=4.4.1->widgetsnbextension~=3.6.5->ipywidgets>=7.0.0->qgridnext) (3.1.4)
2025-02-17T15:05:44.3172020Z Requirement already satisfied: jupyter-client>=7.4.4 in /Users/runner/micromamba/envs/tardis/lib/python3.12/site-packages (from jupyter-server<3,>=2.4.0->notebook>=4.4.1->widgetsnbextension~=3.6.5->ipywidgets>=7.0.0->qgridnext) (8.6.2)
2025-02-17T15:05:44.3274460Z Requirement already satisfied: jupyter-core!=5.0.*,>=4.12 in /Users/runner/micromamba/envs/tardis/lib/python3.12/site-packages (from jupyter-server<3,>=2.4.0->notebook>=4.4.1->widgetsnbextension~=3.6.5->ipywidgets>=7.0.0->qgridnext) (5.7.2)
2025-02-17T15:05:44.3380740Z Requirement already satisfied: jupyter-events>=0.9.0 in /Users/runner/micromamba/envs/tardis/lib/python3.12/site-packages (from jupyter-server<3,>=2.4.0->notebook>=4.4.1->widgetsnbextension~=3.6.5->ipywidgets>=7.0.0->qgridnext) (0.10.0)
2025-02-17T15:05:44.3482300Z Requirement already satisfied: jupyter-server-terminals>=0.4.4 in /Users/runner/micromamba/envs/tardis/lib/python3.12/site-packages (from jupyter-server<3,>=2.4.0->notebook>=4.4.1->widgetsnbextension~=3.6.5->ipywidgets>=7.0.0->qgridnext) (0.5.3)
2025-02-17T15:05:44.3583200Z Requirement already satisfied: nbconvert>=6.4.4 in /Users/runner/micromamba/envs/tardis/lib/python3.12/site-packages (from jupyter-server<3,>=2.4.0->notebook>=4.4.1->widgetsnbextension~=3.6.5->ipywidgets>=7.0.0->qgridnext) (7.16.4)
2025-02-17T15:05:44.3684670Z Requirement already satisfied: nbformat>=5.3.0 in /Users/runner/micromamba/envs/tardis/lib/python3.12/site-packages (from jupyter-server<3,>=2.4.0->notebook>=4.4.1->widgetsnbextension~=3.6.5->ipywidgets>=7.0.0->qgridnext) (5.10.4)
2025-02-17T15:05:44.3785670Z Requirement already satisfied: overrides>=5.0 in /Users/runner/micromamba/envs/tardis/lib/python3.12/site-packages (from jupyter-server<3,>=2.4.0->notebook>=4.4.1->widgetsnbextension~=3.6.5->ipywidgets>=7.0.0->qgridnext) (7.7.0)
2025-02-17T15:05:44.3822470Z Requirement already satisfied: packaging>=22.0 in /Users/runner/micromamba/envs/tardis/lib/python3.12/site-packages (from jupyter-server<3,>=2.4.0->notebook>=4.4.1->widgetsnbextension~=3.6.5->ipywidgets>=7.0.0->qgridnext) (24.1)
2025-02-17T15:05:44.3824540Z Requirement already satisfied: prometheus-client>=0.9 in /Users/runner/micromamba/envs/tardis/lib/python3.12/site-packages (from jupyter-server<3,>=2.4.0->notebook>=4.4.1->widgetsnbextension~=3.6.5->ipywidgets>=7.0.0->qgridnext) (0.20.0)
2025-02-17T15:05:44.3829970Z Requirement already satisfied: pyzmq>=24 in /Users/runner/micromamba/envs/tardis/lib/python3.12/site-packages (from jupyter-server<3,>=2.4.0->notebook>=4.4.1->widgetsnbextension~=3.6.5->ipywidgets>=7.0.0->qgridnext) (26.0.3)
2025-02-17T15:05:44.3835390Z Requirement already satisfied: send2trash>=1.8.2 in /Users/runner/micromamba/envs/tardis/lib/python3.12/site-packages (from jupyter-server<3,>=2.4.0->notebook>=4.4.1->widgetsnbextension~=3.6.5->ipywidgets>=7.0.0->qgridnext) (1.8.3)
2025-02-17T15:05:44.3840500Z Requirement already satisfied: terminado>=0.8.3 in /Users/runner/micromamba/envs/tardis/lib/python3.12/site-packages (from jupyter-server<3,>=2.4.0->notebook>=4.4.1->widgetsnbextension~=3.6.5->ipywidgets>=7.0.0->qgridnext) (0.18.1)
2025-02-17T15:05:44.3843600Z Requirement already satisfied: websocket-client>=1.7 in /Users/runner/micromamba/envs/tardis/lib/python3.12/site-packages (from jupyter-server<3,>=2.4.0->notebook>=4.4.1->widgetsnbextension~=3.6.5->ipywidgets>=7.0.0->qgridnext) (1.8.0)
2025-02-17T15:05:44.3844850Z Requirement already satisfied: async-lru>=1.0.0 in /Users/runner/micromamba/envs/tardis/lib/python3.12/site-packages (from jupyterlab<4.3,>=4.2.0->notebook>=4.4.1->widgetsnbextension~=3.6.5->ipywidgets>=7.0.0->qgridnext) (2.0.4)
2025-02-17T15:05:44.3846030Z Requirement already satisfied: httpx>=0.25.0 in /Users/runner/micromamba/envs/tardis/lib/python3.12/site-packages (from jupyterlab<4.3,>=4.2.0->notebook>=4.4.1->widgetsnbextension~=3.6.5->ipywidgets>=7.0.0->qgridnext) (0.27.0)
2025-02-17T15:05:44.3847590Z Requirement already satisfied: ipykernel>=6.5.0 in /Users/runner/micromamba/envs/tardis/lib/python3.12/site-packages (from jupyterlab<4.3,>=4.2.0->notebook>=4.4.1->widgetsnbextension~=3.6.5->ipywidgets>=7.0.0->qgridnext) (6.29.4)
2025-02-17T15:05:44.3848690Z Requirement already satisfied: jupyter-lsp>=2.0.0 in /Users/runner/micromamba/envs/tardis/lib/python3.12/site-packages (from jupyterlab<4.3,>=4.2.0->notebook>=4.4.1->widgetsnbextension~=3.6.5->ipywidgets>=7.0.0->qgridnext) (2.2.5)
2025-02-17T15:05:44.3849880Z Requirement already satisfied: setuptools>=40.1.0 in /Users/runner/micromamba/envs/tardis/lib/python3.12/site-packages (from jupyterlab<4.3,>=4.2.0->notebook>=4.4.1->widgetsnbextension~=3.6.5->ipywidgets>=7.0.0->qgridnext) (70.0.0)
2025-02-17T15:05:44.3852000Z Requirement already satisfied: babel>=2.10 in /Users/runner/micromamba/envs/tardis/lib/python3.12/site-packages (from jupyterlab-server<3,>=2.27.1->notebook>=4.4.1->widgetsnbextension~=3.6.5->ipywidgets>=7.0.0->qgridnext) (2.14.0)
2025-02-17T15:05:44.3853170Z Requirement already satisfied: json5>=0.9.0 in /Users/runner/micromamba/envs/tardis/lib/python3.12/site-packages (from jupyterlab-server<3,>=2.27.1->notebook>=4.4.1->widgetsnbextension~=3.6.5->ipywidgets>=7.0.0->qgridnext) (0.9.25)
2025-02-17T15:05:44.3855430Z Requirement already satisfied: jsonschema>=4.18.0 in /Users/runner/micromamba/envs/tardis/lib/python3.12/site-packages (from jupyterlab-server<3,>=2.27.1->notebook>=4.4.1->widgetsnbextension~=3.6.5->ipywidgets>=7.0.0->qgridnext) (4.22.0)
2025-02-17T15:05:44.3858330Z Requirement already satisfied: requests>=2.31 in /Users/runner/micromamba/envs/tardis/lib/python3.12/site-packages (from jupyterlab-server<3,>=2.27.1->notebook>=4.4.1->widgetsnbextension~=3.6.5->ipywidgets>=7.0.0->qgridnext) (2.32.3)
2025-02-17T15:05:44.3905400Z Requirement already satisfied: idna>=2.8 in /Users/runner/micromamba/envs/tardis/lib/python3.12/site-packages (from anyio>=3.1.0->jupyter-server<3,>=2.4.0->notebook>=4.4.1->widgetsnbextension~=3.6.5->ipywidgets>=7.0.0->qgridnext) (3.7)
2025-02-17T15:05:44.3913930Z Requirement already satisfied: sniffio>=1.1 in /Users/runner/micromamba/envs/tardis/lib/python3.12/site-packages (from anyio>=3.1.0->jupyter-server<3,>=2.4.0->notebook>=4.4.1->widgetsnbextension~=3.6.5->ipywidgets>=7.0.0->qgridnext) (1.3.1)
2025-02-17T15:05:44.3999620Z Requirement already satisfied: argon2-cffi-bindings in /Users/runner/micromamba/envs/tardis/lib/python3.12/site-packages (from argon2-cffi>=21.1->jupyter-server<3,>=2.4.0->notebook>=4.4.1->widgetsnbextension~=3.6.5->ipywidgets>=7.0.0->qgridnext) (21.2.0)
2025-02-17T15:05:44.4152580Z Requirement already satisfied: certifi in /Users/runner/micromamba/envs/tardis/lib/python3.12/site-packages (from httpx>=0.25.0->jupyterlab<4.3,>=4.2.0->notebook>=4.4.1->widgetsnbextension~=3.6.5->ipywidgets>=7.0.0->qgridnext) (2024.6.2)
2025-02-17T15:05:44.4161640Z Requirement already satisfied: httpcore==1.* in /Users/runner/micromamba/envs/tardis/lib/python3.12/site-packages (from httpx>=0.25.0->jupyterlab<4.3,>=4.2.0->notebook>=4.4.1->widgetsnbextension~=3.6.5->ipywidgets>=7.0.0->qgridnext) (1.0.5)
2025-02-17T15:05:44.4219730Z Requirement already satisfied: h11<0.15,>=0.13 in /Users/runner/micromamba/envs/tardis/lib/python3.12/site-packages (from httpcore==1.*->httpx>=0.25.0->jupyterlab<4.3,>=4.2.0->notebook>=4.4.1->widgetsnbextension~=3.6.5->ipywidgets>=7.0.0->qgridnext) (0.14.0)
2025-02-17T15:05:44.4344330Z Requirement already satisfied: appnope in /Users/runner/micromamba/envs/tardis/lib/python3.12/site-packages (from ipykernel>=6.5.0->jupyterlab<4.3,>=4.2.0->notebook>=4.4.1->widgetsnbextension~=3.6.5->ipywidgets>=7.0.0->qgridnext) (0.1.4)
2025-02-17T15:05:44.4351810Z Requirement already satisfied: debugpy>=1.6.5 in /Users/runner/micromamba/envs/tardis/lib/python3.12/site-packages (from ipykernel>=6.5.0->jupyterlab<4.3,>=4.2.0->notebook>=4.4.1->widgetsnbextension~=3.6.5->ipywidgets>=7.0.0->qgridnext) (1.8.1)
2025-02-17T15:05:44.4368550Z Requirement already satisfied: nest-asyncio in /Users/runner/micromamba/envs/tardis/lib/python3.12/site-packages (from ipykernel>=6.5.0->jupyterlab<4.3,>=4.2.0->notebook>=4.4.1->widgetsnbextension~=3.6.5->ipywidgets>=7.0.0->qgridnext) (1.6.0)
2025-02-17T15:05:44.4379800Z Requirement already satisfied: psutil in /Users/runner/micromamba/envs/tardis/lib/python3.12/site-packages (from ipykernel>=6.5.0->jupyterlab<4.3,>=4.2.0->notebook>=4.4.1->widgetsnbextension~=3.6.5->ipywidgets>=7.0.0->qgridnext) (5.9.8)
2025-02-17T15:05:44.4429190Z Requirement already satisfied: MarkupSafe>=2.0 in /Users/runner/micromamba/envs/tardis/lib/python3.12/site-packages (from jinja2>=3.0.3->jupyter-server<3,>=2.4.0->notebook>=4.4.1->widgetsnbextension~=3.6.5->ipywidgets>=7.0.0->qgridnext) (2.1.5)
2025-02-17T15:05:44.4568230Z Requirement already satisfied: attrs>=22.2.0 in /Users/runner/micromamba/envs/tardis/lib/python3.12/site-packages (from jsonschema>=4.18.0->jupyterlab-server<3,>=2.27.1->notebook>=4.4.1->widgetsnbextension~=3.6.5->ipywidgets>=7.0.0->qgridnext) (23.2.0)
2025-02-17T15:05:44.4573560Z Requirement already satisfied: jsonschema-specifications>=2023.03.6 in /Users/runner/micromamba/envs/tardis/lib/python3.12/site-packages (from jsonschema>=4.18.0->jupyterlab-server<3,>=2.27.1->notebook>=4.4.1->widgetsnbextension~=3.6.5->ipywidgets>=7.0.0->qgridnext) (2023.12.1)
2025-02-17T15:05:44.4580000Z Requirement already satisfied: referencing>=0.28.4 in /Users/runner/micromamba/envs/tardis/lib/python3.12/site-packages (from jsonschema>=4.18.0->jupyterlab-server<3,>=2.27.1->notebook>=4.4.1->widgetsnbextension~=3.6.5->ipywidgets>=7.0.0->qgridnext) (0.35.1)
2025-02-17T15:05:44.4587090Z Requirement already satisfied: rpds-py>=0.7.1 in /Users/runner/micromamba/envs/tardis/lib/python3.12/site-packages (from jsonschema>=4.18.0->jupyterlab-server<3,>=2.27.1->notebook>=4.4.1->widgetsnbextension~=3.6.5->ipywidgets>=7.0.0->qgridnext) (0.18.1)
2025-02-17T15:05:44.4773150Z Requirement already satisfied: platformdirs>=2.5 in /Users/runner/micromamba/envs/tardis/lib/python3.12/site-packages (from jupyter-core!=5.0.*,>=4.12->jupyter-server<3,>=2.4.0->notebook>=4.4.1->widgetsnbextension~=3.6.5->ipywidgets>=7.0.0->qgridnext) (4.2.2)
2025-02-17T15:05:44.4926040Z Requirement already satisfied: python-json-logger>=2.0.4 in /Users/runner/micromamba/envs/tardis/lib/python3.12/site-packages (from jupyter-events>=0.9.0->jupyter-server<3,>=2.4.0->notebook>=4.4.1->widgetsnbextension~=3.6.5->ipywidgets>=7.0.0->qgridnext) (2.0.7)
2025-02-17T15:05:44.4935730Z Requirement already satisfied: pyyaml>=5.3 in /Users/runner/micromamba/envs/tardis/lib/python3.12/site-packages (from jupyter-events>=0.9.0->jupyter-server<3,>=2.4.0->notebook>=4.4.1->widgetsnbextension~=3.6.5->ipywidgets>=7.0.0->qgridnext) (6.0.1)
2025-02-17T15:05:44.4945980Z Requirement already satisfied: rfc3339-validator in /Users/runner/micromamba/envs/tardis/lib/python3.12/site-packages (from jupyter-events>=0.9.0->jupyter-server<3,>=2.4.0->notebook>=4.4.1->widgetsnbextension~=3.6.5->ipywidgets>=7.0.0->qgridnext) (0.1.4)
2025-02-17T15:05:44.4964040Z Requirement already satisfied: rfc3986-validator>=0.1.1 in /Users/runner/micromamba/envs/tardis/lib/python3.12/site-packages (from jupyter-events>=0.9.0->jupyter-server<3,>=2.4.0->notebook>=4.4.1->widgetsnbextension~=3.6.5->ipywidgets>=7.0.0->qgridnext) (0.1.1)
2025-02-17T15:05:44.5354840Z Requirement already satisfied: beautifulsoup4 in /Users/runner/micromamba/envs/tardis/lib/python3.12/site-packages (from nbconvert>=6.4.4->jupyter-server<3,>=2.4.0->notebook>=4.4.1->widgetsnbextension~=3.6.5->ipywidgets>=7.0.0->qgridnext) (4.12.3)
2025-02-17T15:05:44.5362020Z Requirement already satisfied: bleach!=5.0.0 in /Users/runner/micromamba/envs/tardis/lib/python3.12/site-packages (from nbconvert>=6.4.4->jupyter-server<3,>=2.4.0->notebook>=4.4.1->widgetsnbextension~=3.6.5->ipywidgets>=7.0.0->qgridnext) (6.1.0)
2025-02-17T15:05:44.5371960Z Requirement already satisfied: defusedxml in /Users/runner/micromamba/envs/tardis/lib/python3.12/site-packages (from nbconvert>=6.4.4->jupyter-server<3,>=2.4.0->notebook>=4.4.1->widgetsnbextension~=3.6.5->ipywidgets>=7.0.0->qgridnext) (0.7.1)
2025-02-17T15:05:44.5384940Z Requirement already satisfied: jupyterlab-pygments in /Users/runner/micromamba/envs/tardis/lib/python3.12/site-packages (from nbconvert>=6.4.4->jupyter-server<3,>=2.4.0->notebook>=4.4.1->widgetsnbextension~=3.6.5->ipywidgets>=7.0.0->qgridnext) (0.3.0)
2025-02-17T15:05:44.5394400Z Requirement already satisfied: mistune<4,>=2.0.3 in /Users/runner/micromamba/envs/tardis/lib/python3.12/site-packages (from nbconvert>=6.4.4->jupyter-server<3,>=2.4.0->notebook>=4.4.1->widgetsnbextension~=3.6.5->ipywidgets>=7.0.0->qgridnext) (3.0.2)
2025-02-17T15:05:44.5402200Z Requirement already satisfied: nbclient>=0.5.0 in /Users/runner/micromamba/envs/tardis/lib/python3.12/site-packages (from nbconvert>=6.4.4->jupyter-server<3,>=2.4.0->notebook>=4.4.1->widgetsnbextension~=3.6.5->ipywidgets>=7.0.0->qgridnext) (0.10.0)
2025-02-17T15:05:44.5415620Z Requirement already satisfied: pandocfilters>=1.4.1 in /Users/runner/micromamba/envs/tardis/lib/python3.12/site-packages (from nbconvert>=6.4.4->jupyter-server<3,>=2.4.0->notebook>=4.4.1->widgetsnbextension~=3.6.5->ipywidgets>=7.0.0->qgridnext) (1.5.0)
2025-02-17T15:05:44.5423920Z Requirement already satisfied: tinycss2 in /Users/runner/micromamba/envs/tardis/lib/python3.12/site-packages (from nbconvert>=6.4.4->jupyter-server<3,>=2.4.0->notebook>=4.4.1->widgetsnbextension~=3.6.5->ipywidgets>=7.0.0->qgridnext) (1.3.0)
2025-02-17T15:05:44.5503910Z Requirement already satisfied: fastjsonschema>=2.15 in /Users/runner/micromamba/envs/tardis/lib/python3.12/site-packages (from nbformat>=5.3.0->jupyter-server<3,>=2.4.0->notebook>=4.4.1->widgetsnbextension~=3.6.5->ipywidgets>=7.0.0->qgridnext) (2.20.0)
2025-02-17T15:05:44.5706210Z Requirement already satisfied: charset-normalizer<4,>=2 in /Users/runner/micromamba/envs/tardis/lib/python3.12/site-packages (from requests>=2.31->jupyterlab-server<3,>=2.27.1->notebook>=4.4.1->widgetsnbextension~=3.6.5->ipywidgets>=7.0.0->qgridnext) (3.3.2)
2025-02-17T15:05:44.5722450Z Requirement already satisfied: urllib3<3,>=1.21.1 in /Users/runner/micromamba/envs/tardis/lib/python3.12/site-packages (from requests>=2.31->jupyterlab-server<3,>=2.27.1->notebook>=4.4.1->widgetsnbextension~=3.6.5->ipywidgets>=7.0.0->qgridnext) (2.2.2)
2025-02-17T15:05:44.6424520Z Requirement already satisfied: webencodings in /Users/runner/micromamba/envs/tardis/lib/python3.12/site-packages (from bleach!=5.0.0->nbconvert>=6.4.4->jupyter-server<3,>=2.4.0->notebook>=4.4.1->widgetsnbextension~=3.6.5->ipywidgets>=7.0.0->qgridnext) (0.5.1)
2025-02-17T15:05:44.6873720Z Requirement already satisfied: fqdn in /Users/runner/micromamba/envs/tardis/lib/python3.12/site-packages (from jsonschema[format-nongpl]>=4.18.0->jupyter-events>=0.9.0->jupyter-server<3,>=2.4.0->notebook>=4.4.1->widgetsnbextension~=3.6.5->ipywidgets>=7.0.0->qgridnext) (1.5.1)
2025-02-17T15:05:44.6886320Z Requirement already satisfied: isoduration in /Users/runner/micromamba/envs/tardis/lib/python3.12/site-packages (from jsonschema[format-nongpl]>=4.18.0->jupyter-events>=0.9.0->jupyter-server<3,>=2.4.0->notebook>=4.4.1->widgetsnbextension~=3.6.5->ipywidgets>=7.0.0->qgridnext) (20.11.0)
2025-02-17T15:05:44.6895370Z Requirement already satisfied: jsonpointer>1.13 in /Users/runner/micromamba/envs/tardis/lib/python3.12/site-packages (from jsonschema[format-nongpl]>=4.18.0->jupyter-events>=0.9.0->jupyter-server<3,>=2.4.0->notebook>=4.4.1->widgetsnbextension~=3.6.5->ipywidgets>=7.0.0->qgridnext) (3.0.0)
2025-02-17T15:05:44.6908700Z Requirement already satisfied: uri-template in /Users/runner/micromamba/envs/tardis/lib/python3.12/site-packages (from jsonschema[format-nongpl]>=4.18.0->jupyter-events>=0.9.0->jupyter-server<3,>=2.4.0->notebook>=4.4.1->widgetsnbextension~=3.6.5->ipywidgets>=7.0.0->qgridnext) (1.3.0)
2025-02-17T15:05:44.6918700Z Requirement already satisfied: webcolors>=1.11 in /Users/runner/micromamba/envs/tardis/lib/python3.12/site-packages (from jsonschema[format-nongpl]>=4.18.0->jupyter-events>=0.9.0->jupyter-server<3,>=2.4.0->notebook>=4.4.1->widgetsnbextension~=3.6.5->ipywidgets>=7.0.0->qgridnext) (24.6.0)
2025-02-17T15:05:44.7972550Z Requirement already satisfied: cffi>=1.0.1 in /Users/runner/micromamba/envs/tardis/lib/python3.12/site-packages (from argon2-cffi-bindings->argon2-cffi>=21.1->jupyter-server<3,>=2.4.0->notebook>=4.4.1->widgetsnbextension~=3.6.5->ipywidgets>=7.0.0->qgridnext) (1.16.0)
2025-02-17T15:05:44.8076840Z Requirement already satisfied: soupsieve>1.2 in /Users/runner/micromamba/envs/tardis/lib/python3.12/site-packages (from beautifulsoup4->nbconvert>=6.4.4->jupyter-server<3,>=2.4.0->notebook>=4.4.1->widgetsnbextension~=3.6.5->ipywidgets>=7.0.0->qgridnext) (2.5)
2025-02-17T15:05:44.8803000Z Requirement already satisfied: pycparser in /Users/runner/micromamba/envs/tardis/lib/python3.12/site-packages (from cffi>=1.0.1->argon2-cffi-bindings->argon2-cffi>=21.1->jupyter-server<3,>=2.4.0->notebook>=4.4.1->widgetsnbextension~=3.6.5->ipywidgets>=7.0.0->qgridnext) (2.22)
2025-02-17T15:05:44.9128820Z Requirement already satisfied: arrow>=0.15.0 in /Users/runner/micromamba/envs/tardis/lib/python3.12/site-packages (from isoduration->jsonschema[format-nongpl]>=4.18.0->jupyter-events>=0.9.0->jupyter-server<3,>=2.4.0->notebook>=4.4.1->widgetsnbextension~=3.6.5->ipywidgets>=7.0.0->qgridnext) (1.3.0)
2025-02-17T15:05:44.9315140Z Requirement already satisfied: types-python-dateutil>=2.8.10 in /Users/runner/micromamba/envs/tardis/lib/python3.12/site-packages (from arrow>=0.15.0->isoduration->jsonschema[format-nongpl]>=4.18.0->jupyter-events>=0.9.0->jupyter-server<3,>=2.4.0->notebook>=4.4.1->widgetsnbextension~=3.6.5->ipywidgets>=7.0.0->qgridnext) (2.9.0.20240316)
2025-02-17T15:05:44.9631710Z Downloading qgridnext-2.0.4-py3-none-any.whl (1.3 MB)
2025-02-17T15:05:45.0312270Z    â”â”â”â”â”â”â”â”â”â”â”â”â”â”â”â”â”â”â”â”â”â”â”â”â”â”â”â”â”â”â”â”â”â”â”â”â”â”â”â” 1.3/1.3 MB 20.6 MB/s eta 0:00:00
2025-02-17T15:05:45.7345180Z Installing collected packages: qgridnext
2025-02-17T15:05:45.8218120Z Successfully installed qgridnext-2.0.4
2025-02-17T15:05:46.1278510Z ##[group]Run pytest tardis --tardis-regression-data=/Users/runner/work/tardis/tardis/tardis-regression-data --cov=tardis --cov-report=xml --cov-report=html --cov-append -m "not continuum"
2025-02-17T15:05:46.1279530Z [36;1mpytest tardis --tardis-regression-data=/Users/runner/work/tardis/tardis/tardis-regression-data --cov=tardis --cov-report=xml --cov-report=html --cov-append -m "not continuum"[0m
2025-02-17T15:05:46.1346310Z shell: /bin/bash -l {0}
2025-02-17T15:05:46.1346500Z env:
2025-02-17T15:05:46.1346650Z   CACHE_NUMBER: 0
2025-02-17T15:05:46.1347160Z   PYTEST_FLAGS: --tardis-regression-data=/Users/runner/work/tardis/tardis/tardis-regression-data --cov=tardis --cov-report=xml --cov-report=html --cov-append
2025-02-17T15:05:46.1347690Z   CODECOV_TOKEN: 
2025-02-17T15:05:46.1347870Z   MAMBA_ROOT_PREFIX: /Users/runner/micromamba
2025-02-17T15:05:46.1348140Z   MAMBA_EXE: /Users/runner/micromamba-bin/micromamba
2025-02-17T15:05:46.1348480Z   CONDARC: /Users/runner/work/_temp/setup-micromamba/.condarc
2025-02-17T15:05:46.1348740Z ##[endgroup]
2025-02-17T15:06:02.3684700Z ============================= test session starts ==============================
2025-02-17T15:06:02.3685340Z platform darwin -- Python 3.12.4, pytest-8.2.2, pluggy-1.5.0
2025-02-17T15:06:02.3685700Z rootdir: /Users/runner/work/tardis/tardis
2025-02-17T15:06:02.3685970Z configfile: pyproject.toml
2025-02-17T15:06:02.3686650Z plugins: cov-5.0.0, html-4.1.1, metadata-3.1.1, doctestplus-1.2.1, anyio-4.4.0
2025-02-17T15:06:02.3687010Z collected 1796 items / 2 deselected / 1794 selected
2025-02-17T15:06:02.3687220Z 
2025-02-17T15:06:06.6729740Z tardis/energy_input/tests/test_energy_source.py ..xxx                    [  0%]
2025-02-17T15:06:09.4454380Z tardis/energy_input/tests/test_gamma_ray_channel.py ...........          [  0%]
2025-02-17T15:06:10.7443170Z tardis/energy_input/tests/test_gamma_ray_grid.py xx.                     [  1%]
2025-02-17T15:06:12.0264930Z tardis/energy_input/tests/test_gamma_ray_interactions.py xx....          [  1%]
2025-02-17T15:06:12.0318810Z tardis/energy_input/tests/test_gamma_ray_packet_source.py sssssssss      [  1%]
2025-02-17T15:06:12.9122990Z tardis/energy_input/tests/test_util.py .....xxxx.....                    [  2%]
2025-02-17T15:06:13.1909840Z tardis/grid/tests/test_grid.py .                                         [  2%]
2025-02-17T15:06:13.1921010Z tardis/gui/tests/test_gui.py s                                           [  2%]
2025-02-17T15:06:16.3810780Z tardis/io/configuration/tests/test_config_reader.py ...........          [  3%]
2025-02-17T15:06:16.3884960Z tardis/io/configuration/tests/test_configuration_namespace.py .........  [  3%]
2025-02-17T15:06:16.4037500Z tardis/io/logger/tests/test_logging.py ssssssssssssssssssssssssssss      [  5%]
2025-02-17T15:06:46.8688340Z tardis/io/model/readers/tests/test_arepo_parser.py ..                    [  5%]
2025-02-17T15:06:46.9131810Z tardis/io/model/readers/tests/test_ascii_readers.py ...                  [  5%]
2025-02-17T15:06:46.9253160Z tardis/io/model/readers/tests/test_cmfgen_reader.py ..                   [  5%]
2025-02-17T15:06:46.9478070Z tardis/io/model/readers/tests/test_csvy_reader.py ....                   [  6%]
2025-02-17T15:06:46.9633150Z tardis/io/model/readers/tests/test_stella_reader.py ..                   [  6%]
2025-02-17T15:06:47.2037430Z tardis/io/tests/test_HDFWriter.py ...............                        [  7%]
2025-02-17T15:06:47.8192540Z tardis/io/tests/test_atomic.py .....                                     [  7%]
2025-02-17T15:06:48.1405540Z tardis/io/tests/test_decay.py FF                                         [  7%]
2025-02-17T15:06:48.6173270Z tardis/io/tests/test_model_reader.py ......                              [  7%]
2025-02-17T15:06:48.6235030Z tardis/model/geometry/tests/test_radial1d.py ..                          [  7%]
2025-02-17T15:07:17.8502420Z tardis/model/tests/test_base.py ........................................ [ 10%]
2025-02-17T15:07:18.6238460Z ............                                                             [ 10%]
2025-02-17T15:07:20.9057410Z tardis/model/tests/test_csvy_model.py .........                          [ 11%]
2025-02-17T15:07:20.9373300Z tardis/model/tests/test_density.py ..                                    [ 11%]
2025-02-17T15:07:22.0931740Z tardis/opacities/tests/test_opacity_solver.py .....                      [ 11%]
2025-02-17T15:07:23.2142790Z tardis/opacities/tests/test_opacity_state_numba.py .....                 [ 11%]
2025-02-17T15:07:25.3532480Z tardis/opacities/tests/test_tau_sobolev.py ..                            [ 12%]
2025-02-17T15:07:27.9246680Z tardis/plasma/equilibrium/tests/test_collisional_transitions.py ...      [ 12%]
2025-02-17T15:08:09.4466760Z tardis/plasma/equilibrium/tests/test_level_populations.py ....           [ 12%]
2025-02-17T15:08:19.5836680Z tardis/plasma/equilibrium/tests/test_rate_matrix.py .                    [ 12%]
2025-02-17T15:08:20.6080200Z tardis/plasma/tests/test_complete_plasmas.py .....................s..... [ 13%]
2025-02-17T15:08:22.6211690Z s....ssssss............s............ss.....s....ssssss............s..... [ 18%]
2025-02-17T15:08:23.7848290Z .......ss.....s....ssssss............s............ss.....s....ssssss.... [ 22%]
2025-02-17T15:08:25.7210960Z ........s............ss.....s........ss............s............ss.....s [ 26%]
2025-02-17T15:08:27.7470630Z ........ss............s............ss.....s....ssssss............s...... [ 30%]
2025-02-17T15:08:28.3136280Z ......ss.....s....ssssss............s............ss.....s.ss.ssssss..... [ 34%]
2025-02-17T15:08:30.6547710Z .......s............ss.....s....ssssss............s............ss.....s. [ 38%]
2025-02-17T15:08:32.9079070Z ...ssssss............s............ss.....s....ssssss............s....... [ 42%]
2025-02-17T15:08:35.1706810Z .....ss.....s....ssssss............s............s...........ssssss...... [ 46%]
2025-02-17T15:08:36.8257550Z ......s............s...........ssssss............s............s......... [ 50%]
2025-02-17T15:08:38.9140250Z ..ssssss............s............ss.....s....ssssss............s........ [ 54%]
2025-02-17T15:08:41.4568680Z ....ss.....s....ssssss..........................s.....s....ssss......... [ 58%]
2025-02-17T15:08:41.8176470Z ...................s.....s....ssss.......                                [ 60%]
2025-02-17T15:08:42.1085050Z tardis/plasma/tests/test_hdf_plasma.py ................................. [ 62%]
2025-02-17T15:08:42.1170890Z ......                                                                   [ 62%]
2025-02-17T15:08:42.4182460Z tardis/plasma/tests/test_nlte_excitation.py ...                          [ 62%]
2025-02-17T15:10:36.1207600Z tardis/plasma/tests/test_nlte_solver.py .....X                           [ 63%]
2025-02-17T15:10:36.1252970Z tardis/plasma/tests/test_plasma_continuum.py .                           [ 63%]
2025-02-17T15:11:13.0266320Z tardis/plasma/tests/test_plasma_vboundary.py .............               [ 63%]
2025-02-17T15:11:27.4054140Z tardis/plasma/tests/test_tardis_model_density_config.py ...              [ 64%]
2025-02-17T15:11:28.0851630Z tardis/simulation/tests/test_convergence.py .....                        [ 64%]
2025-02-17T15:11:38.8562150Z tardis/simulation/tests/test_simulation.py .............                 [ 65%]
2025-02-17T15:11:38.8670200Z tardis/spectrum/tests/test_cuda_formal_integral.py sssssssssssssssssssss [ 66%]
2025-02-17T15:11:39.2753760Z ssss...ssssssssssssssssssssss                                            [ 67%]
2025-02-17T15:11:39.2797350Z tardis/spectrum/tests/test_luminosity.py ....                            [ 68%]
2025-02-17T15:11:40.4174740Z tardis/spectrum/tests/test_numba_formal_integral.py .................... [ 69%]
2025-02-17T15:11:40.4279960Z ..........                                                               [ 69%]
2025-02-17T15:11:40.5748670Z tardis/spectrum/tests/test_spectrum.py ................................. [ 71%]
2025-02-17T15:11:40.5960660Z .........                                                                [ 72%]
2025-02-17T15:12:05.1183200Z tardis/spectrum/tests/test_spectrum_solver.py ....                       [ 72%]
2025-02-17T15:13:21.1569370Z tardis/tests/test_tardis_full.py ....                                    [ 72%]
2025-02-17T15:15:12.6737190Z tardis/tests/test_tardis_full_formal_integral.py ................        [ 73%]
2025-02-17T15:15:12.7595890Z tardis/tests/test_util.py .............................................  [ 75%]
2025-02-17T15:15:16.1293810Z tardis/transport/montecarlo/tests/test_base.py x.....................    [ 77%]
2025-02-17T15:15:21.6934570Z tardis/transport/montecarlo/tests/test_interaction.py .......            [ 77%]
2025-02-17T15:15:21.8432750Z tardis/transport/montecarlo/tests/test_macro_atom.py ....                [ 77%]
2025-02-17T15:15:21.8535930Z tardis/transport/montecarlo/tests/test_montecarlo.py sssssssssssssssssss [ 78%]
2025-02-17T15:15:21.8771250Z sssssssssssssssssssssssssssssssssssssssssssss                            [ 81%]
2025-02-17T15:15:29.0410050Z tardis/transport/montecarlo/tests/test_montecarlo_main_loop.py x..       [ 81%]
2025-02-17T15:15:29.0660530Z tardis/transport/montecarlo/tests/test_nonhomologous.py ...              [ 81%]
2025-02-17T15:15:31.8744540Z tardis/transport/montecarlo/tests/test_numba_interface.py .....x.        [ 82%]
2025-02-17T15:15:32.2119220Z tardis/transport/montecarlo/tests/test_opacities.py ...............      [ 82%]
2025-02-17T15:15:32.9064360Z tardis/transport/montecarlo/tests/test_packet.py .................xXXXXX [ 84%]
2025-02-17T15:15:32.9908690Z XX.........                                                              [ 84%]
2025-02-17T15:15:33.0141970Z tardis/transport/montecarlo/tests/test_packet_source.py ........         [ 85%]
2025-02-17T15:15:33.2039490Z tardis/transport/montecarlo/tests/test_rpacket_last_interaction_tracker.py . [ 85%]
2025-02-17T15:15:33.4488970Z .....                                                                    [ 85%]
2025-02-17T15:15:42.7496380Z tardis/transport/montecarlo/tests/test_rpacket_tracker.py ......         [ 85%]
2025-02-17T15:15:42.7693560Z tardis/transport/montecarlo/tests/test_single_packet_loop.py xxx         [ 86%]
2025-02-17T15:15:42.7719560Z tardis/transport/montecarlo/tests/test_tracker_utils.py ..               [ 86%]
2025-02-17T15:15:44.1357090Z tardis/transport/montecarlo/tests/test_vpacket.py ..x.                   [ 86%]
2025-02-17T15:15:44.1541060Z tardis/transport/montecarlo/tests/test_weighted_packet_source.py ....    [ 86%]
2025-02-17T15:15:46.9469750Z tardis/transport/montecarlo/tests/test_weighted_packet_source_integration.py . [ 86%]
2025-02-17T15:15:46.9471520Z                                                                          [ 86%]
2025-02-17T15:15:47.4550700Z tardis/transport/tests/test_doppler_factor.py ..................         [ 87%]
2025-02-17T15:15:49.5649060Z tardis/visualization/tools/tests/test_convergence_plot.py .............. [ 88%]
2025-02-17T15:15:51.1482210Z ......                                                                   [ 88%]
2025-02-17T15:15:54.3033380Z tardis/visualization/tools/tests/test_liv_plot.py ...................... [ 90%]
2025-02-17T15:15:57.4519770Z .............................                                            [ 91%]
2025-02-17T15:16:00.3041350Z tardis/visualization/tools/tests/test_rpacket_plot.py .................. [ 92%]
2025-02-17T15:16:07.2721560Z ....                                                                     [ 92%]
2025-02-17T15:16:11.6411090Z tardis/visualization/tools/tests/test_sdec_plot.py ..................... [ 94%]
2025-02-17T15:16:18.0495890Z ..............................                                           [ 95%]
2025-02-17T15:16:18.3808810Z tardis/visualization/widgets/tests/test_custom_abundance.py ........ss.. [ 96%]
2025-02-17T15:16:18.4270590Z ....                                                                     [ 96%]
2025-02-17T15:16:19.2469160Z tardis/visualization/widgets/tests/test_line_info.py ................... [ 97%]
2025-02-17T15:16:19.7498040Z ..................                                                       [ 98%]
2025-02-17T15:19:28.0245570Z tardis/visualization/widgets/tests/test_shell_info.py .................. [ 99%]
2025-02-17T15:19:34.6989680Z ......                                                                   [100%]
2025-02-17T15:19:34.6991130Z 
2025-02-17T15:19:34.6991620Z =================================== FAILURES ===================================
2025-02-17T15:19:34.7008070Z ______________________________ test_simple_decay _______________________________
2025-02-17T15:19:34.7008350Z 
2025-02-17T15:19:34.7008560Z simple_abundance_model =                              0    1
2025-02-17T15:19:34.7008900Z atomic_number mass_number          
2025-02-17T15:19:34.7009230Z 28            56           1.0  1.0
2025-02-17T15:19:34.7009500Z 
2025-02-17T15:19:34.7009620Z     def test_simple_decay(simple_abundance_model):
2025-02-17T15:19:34.7010120Z >       decayed_abundance = simple_abundance_model.decay(100)
2025-02-17T15:19:34.7010390Z 
2025-02-17T15:19:34.7010560Z tardis/io/tests/test_decay.py:17: 
2025-02-17T15:19:34.7010860Z _ _ _ _ _ _ _ _ _ _ _ _ _ _ _ _ _ _ _ _ _ _ _ _ _ _ _ _ _ _ _ _ _ _ _ _ _ _ _ _ 
2025-02-17T15:19:34.7011100Z 
2025-02-17T15:19:34.7011230Z self =                              0    1
2025-02-17T15:19:34.7011500Z atomic_number mass_number          
2025-02-17T15:19:34.7011830Z 28            56           1.0  1.0
2025-02-17T15:19:34.7012160Z name = 'decay'
2025-02-17T15:19:34.7012290Z 
2025-02-17T15:19:34.7012440Z     @final
2025-02-17T15:19:34.7012640Z     def __getattr__(self, name: str):
2025-02-17T15:19:34.7012940Z         """
2025-02-17T15:19:34.7013180Z         After regular attribute access, try looking up the name
2025-02-17T15:19:34.7013580Z         This allows simpler access to columns for interactive use.
2025-02-17T15:19:34.7013860Z         """
2025-02-17T15:19:34.7014150Z         # Note: obj.x will always call obj.__getattribute__('x') prior to
2025-02-17T15:19:34.7014460Z         # calling obj.__getattr__('x').
2025-02-17T15:19:34.7014750Z         if (
2025-02-17T15:19:34.7014950Z             name not in self._internal_names_set
2025-02-17T15:19:34.7015280Z             and name not in self._metadata
2025-02-17T15:19:34.7015590Z             and name not in self._accessors
2025-02-17T15:19:34.7015900Z             and self._info_axis._can_hold_identifiers_and_holds_name(name)
2025-02-17T15:19:34.7016250Z         ):
2025-02-17T15:19:34.7016430Z             return self[name]
2025-02-17T15:19:34.7016730Z >       return object.__getattribute__(self, name)
2025-02-17T15:19:34.7017090Z E       AttributeError: 'IsotopicMassFraction' object has no attribute 'decay'
2025-02-17T15:19:34.7017380Z 
2025-02-17T15:19:34.7017690Z ../../../micromamba/envs/tardis/lib/python3.12/site-packages/pandas/core/generic.py:6299: AttributeError
2025-02-17T15:19:34.7018160Z _____________________________ test_abundance_merge _____________________________
2025-02-17T15:19:34.7018410Z 
2025-02-17T15:19:34.7018570Z simple_abundance_model =                              0    1
2025-02-17T15:19:34.7018980Z atomic_number mass_number          
2025-02-17T15:19:34.7019380Z 28            56           1.0  1.0
2025-02-17T15:19:34.7019710Z raw_abundance_simple =                  0    1
2025-02-17T15:19:34.7020080Z atomic_number          
2025-02-17T15:19:34.7020280Z 28             0.2  0.2
2025-02-17T15:19:34.7020620Z 30             0.1  0.1
2025-02-17T15:19:34.7020800Z 
2025-02-17T15:19:34.7021030Z     def test_abundance_merge(simple_abundance_model, raw_abundance_simple):
2025-02-17T15:19:34.7021460Z >       decayed_df = simple_abundance_model.decay(100)
2025-02-17T15:19:34.7021720Z 
2025-02-17T15:19:34.7021970Z tardis/io/tests/test_decay.py:34: 
2025-02-17T15:19:34.7022500Z _ _ _ _ _ _ _ _ _ _ _ _ _ _ _ _ _ _ _ _ _ _ _ _ _ _ _ _ _ _ _ _ _ _ _ _ _ _ _ _ 
2025-02-17T15:19:34.7022950Z 
2025-02-17T15:19:34.7023130Z self =                              0    1
2025-02-17T15:19:34.7023400Z atomic_number mass_number          
2025-02-17T15:19:34.7023770Z 28            56           1.0  1.0
2025-02-17T15:19:34.7036000Z name = 'decay'
2025-02-17T15:19:34.7036360Z 
2025-02-17T15:19:34.7036500Z     @final
2025-02-17T15:19:34.7036740Z     def __getattr__(self, name: str):
2025-02-17T15:19:34.7037200Z         """
2025-02-17T15:19:34.7037480Z         After regular attribute access, try looking up the name
2025-02-17T15:19:34.7037980Z         This allows simpler access to columns for interactive use.
2025-02-17T15:19:34.7038600Z         """
2025-02-17T15:19:34.7038990Z         # Note: obj.x will always call obj.__getattribute__('x') prior to
2025-02-17T15:19:34.7039390Z         # calling obj.__getattr__('x').
2025-02-17T15:19:34.7039730Z         if (
2025-02-17T15:19:34.7039980Z             name not in self._internal_names_set
2025-02-17T15:19:34.7040240Z             and name not in self._metadata
2025-02-17T15:19:34.7040700Z             and name not in self._accessors
2025-02-17T15:19:34.7041150Z             and self._info_axis._can_hold_identifiers_and_holds_name(name)
2025-02-17T15:19:34.7041500Z         ):
2025-02-17T15:19:34.7041780Z             return self[name]
2025-02-17T15:19:34.7042080Z >       return object.__getattribute__(self, name)
2025-02-17T15:19:34.7042610Z E       AttributeError: 'IsotopicMassFraction' object has no attribute 'decay'
2025-02-17T15:19:34.7042930Z 
2025-02-17T15:19:34.7043300Z ../../../micromamba/envs/tardis/lib/python3.12/site-packages/pandas/core/generic.py:6299: AttributeError
2025-02-17T15:19:34.7043800Z =============================== warnings summary ===============================
2025-02-17T15:19:34.7044260Z tardis/io/configuration/config_validator.py:6
2025-02-17T15:19:34.7044710Z tardis/io/configuration/config_validator.py:6
2025-02-17T15:19:34.7045320Z   /Users/runner/work/tardis/tardis/tardis/io/configuration/config_validator.py:6: DeprecationWarning:
2025-02-17T15:19:34.7045860Z   
2025-02-17T15:19:34.7047120Z   jsonschema.RefResolver is deprecated as of v4.18.0, in favor of the https://github.com/python-jsonschema/referencing library, which provides more compliant referencing behavior as well as more flexible APIs for customization. A future release will remove RefResolver. Please file a feature request (on referencing) if you are missing an API for the kind of customization you need.
2025-02-17T15:19:34.7048240Z 
2025-02-17T15:19:34.7048440Z ../../../micromamba/envs/tardis/lib/python3.12/site-packages/jupyter_client/connect.py:22
2025-02-17T15:19:34.7049160Z   /Users/runner/micromamba/envs/tardis/lib/python3.12/site-packages/jupyter_client/connect.py:22: DeprecationWarning:
2025-02-17T15:19:34.7049710Z   
2025-02-17T15:19:34.7049970Z   Jupyter is migrating its paths to use standard platformdirs
2025-02-17T15:19:34.7050430Z   given by the platformdirs library.  To remove this warning and
2025-02-17T15:19:34.7051590Z   see the appropriate new directories, set the environment variable
2025-02-17T15:19:34.7052040Z   `JUPYTER_PLATFORM_DIRS=1` and then run `jupyter --paths`.
2025-02-17T15:19:34.7052410Z   The use of platformdirs will be the default in `jupyter_core` v6
2025-02-17T15:19:34.7052720Z 
2025-02-17T15:19:34.7059150Z tardis/io/tests/test_HDFWriter.py::test_multi_index_write
2025-02-17T15:19:34.7059610Z tardis/visualization/widgets/tests/test_shell_info.py::TestHDFShellInfo::test_shells_data
2025-02-17T15:19:34.7060310Z   /Users/runner/work/tardis/tardis/tardis/io/util.py:276: PerformanceWarning:
2025-02-17T15:19:34.7060680Z   
2025-02-17T15:19:34.7061450Z   
2025-02-17T15:19:34.7061740Z   your performance may suffer as PyTables will pickle object types that it cannot
2025-02-17T15:19:34.7062360Z   map directly to c-types [inferred_type->mixed,key->block0_values] [items->Index([0], dtype='int64')]
2025-02-17T15:19:34.7062760Z 
2025-02-17T15:19:34.7063030Z tardis/io/tests/test_model_reader.py::test_read_cmfgen_isotope_abundances
2025-02-17T15:19:34.7063630Z tardis/plasma/tests/test_tardis_model_density_config.py::test_electron_densities
2025-02-17T15:19:34.7064380Z tardis/plasma/tests/test_tardis_model_density_config.py::test_isotope_number_densities
2025-02-17T15:19:34.7065400Z tardis/plasma/tests/test_tardis_model_density_config.py::test_t_rad
2025-02-17T15:19:34.7066140Z   /Users/runner/work/tardis/tardis/tardis/io/model/readers/cmfgen_deprecated.py:82: DeprecationWarning:
2025-02-17T15:19:34.7066570Z   
2025-02-17T15:19:34.7100880Z   The current CMFGEN model parser is deprecated
2025-02-17T15:19:34.7101060Z 
2025-02-17T15:19:34.7101160Z tardis/io/tests/test_model_reader.py: 1 warning
2025-02-17T15:19:34.7102150Z tardis/plasma/tests/test_tardis_model_density_config.py: 9 warnings
2025-02-17T15:19:34.7102760Z   /Users/runner/work/tardis/tardis/tardis/io/model/readers/cmfgen_deprecated.py:40: DeprecationWarning:
2025-02-17T15:19:34.7103320Z   
2025-02-17T15:19:34.7103630Z   The current CMFGEN model parser is deprecated
2025-02-17T15:19:34.7103910Z 
2025-02-17T15:19:34.7104190Z tardis/model/tests/test_base.py::TestModelFromPaper1Config::test_abundances
2025-02-17T15:19:34.7104950Z   /Users/runner/work/tardis/tardis/tardis/transport/montecarlo/montecarlo_main_loop.py:123: NumbaTypeSafetyWarning:
2025-02-17T15:19:34.7105580Z   
2025-02-17T15:19:34.7112580Z   [1m[1m[1munsafe cast from uint64 to int64. Precision may be lost.[0m[0m[0m
2025-02-17T15:19:34.7112920Z 
2025-02-17T15:19:34.7113090Z tardis/model/tests/test_base.py: 6 warnings
2025-02-17T15:19:34.7113330Z tardis/model/tests/test_csvy_model.py: 2 warnings
2025-02-17T15:19:34.7113740Z tardis/plasma/tests/test_tardis_model_density_config.py: 3 warnings
2025-02-17T15:19:34.7114270Z   /Users/runner/work/tardis/tardis/tardis/model/geometry/radial1d.py:50: DeprecationWarning:
2025-02-17T15:19:34.7114760Z   
2025-02-17T15:19:34.7114980Z   v_inner_boundary < 0, assuming default value
2025-02-17T15:19:34.7115230Z 
2025-02-17T15:19:34.7115310Z tardis/model/tests/test_base.py: 6 warnings
2025-02-17T15:19:34.7115540Z tardis/model/tests/test_csvy_model.py: 2 warnings
2025-02-17T15:19:34.7115840Z tardis/plasma/tests/test_tardis_model_density_config.py: 3 warnings
2025-02-17T15:19:34.7116600Z   /Users/runner/work/tardis/tardis/tardis/model/geometry/radial1d.py:61: DeprecationWarning:
2025-02-17T15:19:34.7116940Z   
2025-02-17T15:19:34.7117170Z   v_outer_boundary < 0, assuming default value
2025-02-17T15:19:34.7117380Z 
2025-02-17T15:19:34.7117750Z tardis/plasma/equilibrium/tests/test_level_populations.py::TestLevelPopulationSolver::test_solve[collisional_rate_solver0-radiative_transitions0]
2025-02-17T15:19:34.7118410Z   /Users/runner/work/tardis/tardis/tardis/plasma/equilibrium/level_populations.py:65: FutureWarning:
2025-02-17T15:19:34.7118770Z   
2025-02-17T15:19:34.7119240Z   A value is trying to be set on a copy of a DataFrame or Series through chained assignment using an inplace method.
2025-02-17T15:19:34.7119960Z   The behavior will change in pandas 3.0. This inplace method will never work because the intermediate object on which we are setting values always behaves as a copy.
2025-02-17T15:19:34.7120470Z   
2025-02-17T15:19:34.7120950Z   For example, when doing 'df[col].method(value, inplace=True)', try using 'df.method({col: value}, inplace=True)' or df[col] = df[col].method(value) instead, to perform the operation inplace on the original object.
2025-02-17T15:19:34.7121420Z 
2025-02-17T15:19:34.7121640Z tardis/plasma/tests/test_complete_plasmas.py: 20 warnings
2025-02-17T15:19:34.7122210Z   /Users/runner/work/tardis/tardis/tardis/plasma/tests/test_complete_plasmas.py:197: UserWarning:
2025-02-17T15:19:34.7122540Z   
2025-02-17T15:19:34.7122670Z   Property "atomic_mass" not found
2025-02-17T15:19:34.7122800Z 
2025-02-17T15:19:34.7123140Z tardis/plasma/tests/test_complete_plasmas.py::TestPlasma::test_plasma_properties[radiative_rates_type:detailed-w_epsilon:1e-10-j_blues_norm_factor]
2025-02-17T15:19:34.7123820Z tardis/plasma/tests/test_complete_plasmas.py::TestPlasma::test_plasma_properties[radiative_rates_type:detailed-j_blues_norm_factor]
2025-02-17T15:19:34.7124500Z   /Users/runner/work/tardis/tardis/tardis/plasma/tests/test_complete_plasmas.py:197: UserWarning:
2025-02-17T15:19:34.7124900Z   
2025-02-17T15:19:34.7125650Z   Property "j_blues_norm_factor" not found
2025-02-17T15:19:34.7125960Z 
2025-02-17T15:19:34.7126360Z tardis/plasma/tests/test_complete_plasmas.py::TestPlasma::test_plasma_properties[radiative_rates_type:detailed-w_epsilon:1e-10-j_blue_estimator]
2025-02-17T15:19:34.7127030Z tardis/plasma/tests/test_complete_plasmas.py::TestPlasma::test_plasma_properties[radiative_rates_type:detailed-j_blue_estimator]
2025-02-17T15:19:34.7127850Z   /Users/runner/work/tardis/tardis/tardis/plasma/tests/test_complete_plasmas.py:197: UserWarning:
2025-02-17T15:19:34.7128330Z   
2025-02-17T15:19:34.7128460Z   Property "j_blue_estimator" not found
2025-02-17T15:19:34.7128660Z 
2025-02-17T15:19:34.7129080Z tardis/plasma/tests/test_complete_plasmas.py::TestPlasma::test_plasma_properties[radiative_rates_type:detailed-w_epsilon:1e-10-volume]
2025-02-17T15:19:34.7129770Z tardis/plasma/tests/test_complete_plasmas.py::TestPlasma::test_plasma_properties[radiative_rates_type:detailed-volume]
2025-02-17T15:19:34.7130490Z   /Users/runner/work/tardis/tardis/tardis/plasma/tests/test_complete_plasmas.py:197: UserWarning:
2025-02-17T15:19:34.7130980Z   
2025-02-17T15:19:34.7131190Z   Property "volume" not found
2025-02-17T15:19:34.7131380Z 
2025-02-17T15:19:34.7131770Z tardis/plasma/tests/test_complete_plasmas.py::TestPlasma::test_plasma_properties[radiative_rates_type:detailed-w_epsilon:1e-10-r_inner]
2025-02-17T15:19:34.7132460Z tardis/plasma/tests/test_complete_plasmas.py::TestPlasma::test_plasma_properties[radiative_rates_type:detailed-r_inner]
2025-02-17T15:19:34.7133170Z   /Users/runner/work/tardis/tardis/tardis/plasma/tests/test_complete_plasmas.py:197: UserWarning:
2025-02-17T15:19:34.7133660Z   
2025-02-17T15:19:34.7133870Z   Property "r_inner" not found
2025-02-17T15:19:34.7134070Z 
2025-02-17T15:19:34.7134320Z tardis/plasma/tests/test_plasma_vboundary.py::test_plasma_vboundary[2900-3750]
2025-02-17T15:19:34.7134790Z tardis/plasma/tests/test_plasma_vboundary.py::test_plasma_vboundary[2900-3850]
2025-02-17T15:19:34.7135260Z tardis/plasma/tests/test_plasma_vboundary.py::test_plasma_vboundary[2900-3900]
2025-02-17T15:19:34.7135740Z   /Users/runner/work/tardis/tardis/tardis/model/geometry/radial1d.py:71: UserWarning:
2025-02-17T15:19:34.7136130Z   
2025-02-17T15:19:34.7136360Z   Requesting inner boundary below inner shell. Extrapolating the inner cell
2025-02-17T15:19:34.7136570Z 
2025-02-17T15:19:34.7136740Z tardis/spectrum/tests/test_spectrum_solver.py::TestSpectrumSolver::test_solve
2025-02-17T15:19:34.7137140Z   /Users/runner/work/tardis/tardis/tardis/spectrum/base.py:70: UserWarning:
2025-02-17T15:19:34.7137410Z   
2025-02-17T15:19:34.7137830Z   SpectrumSolver.spectrum_virtual_packets is zero. Please run the montecarlo simulation with no_of_virtual_packets > 0
2025-02-17T15:19:34.7138230Z 
2025-02-17T15:19:34.7138400Z tardis/spectrum/tests/test_spectrum_solver.py::TestSpectrumSolver::test_solve
2025-02-17T15:19:34.7138790Z   /Users/runner/work/tardis/tardis/tardis/spectrum/base.py:111: UserWarning:
2025-02-17T15:19:34.7139060Z   
2025-02-17T15:19:34.7139400Z   SpectrumSolver.integrator: The FormalIntegrator is not yet available.Please run the montecarlo simulation at least once.
2025-02-17T15:19:34.7139740Z 
2025-02-17T15:19:34.7139910Z tardis/transport/montecarlo/tests/test_vpacket.py::test_trace_vpacket_volley
2025-02-17T15:19:34.7140230Z   <string>:3: NumbaPendingDeprecationWarning:
2025-02-17T15:19:34.7140430Z   
2025-02-17T15:19:34.7141410Z   [1m[1mCode using Numba extension API maybe depending on 'old_style' error-capturing, which is deprecated and will be replaced by 'new_style' in a future release. See details at https://numba.readthedocs.io/en/latest/reference/deprecation.html#deprecation-of-old-style-numba-captured-errors
2025-02-17T15:19:34.7142220Z   Exception origin:
2025-02-17T15:19:34.7142510Z     File "/Users/runner/micromamba/envs/tardis/lib/python3.12/inspect.py", line 3180, in _bind
2025-02-17T15:19:34.7142840Z       raise TypeError(msg) from None
2025-02-17T15:19:34.7143030Z   [0m[0m
2025-02-17T15:19:34.7143110Z 
2025-02-17T15:19:34.7143620Z tardis/visualization/tools/tests/test_sdec_plot.py::TestSDECPlotter::test_mpl_image[plotter_generate_plot_mpl4]
2025-02-17T15:19:34.7144270Z   /Users/runner/work/tardis/tardis/tardis/visualization/tools/sdec_plot.py:1225: RuntimeWarning:
2025-02-17T15:19:34.7144820Z   
2025-02-17T15:19:34.7145620Z   More than 20 figures have been opened. Figures created through the pyplot interface (`matplotlib.pyplot.figure`) are retained until explicitly closed and may consume too much memory. (To control this warning, see the rcParam `figure.max_open_warning`). Consider using `matplotlib.pyplot.close()`.
2025-02-17T15:19:34.7146490Z 
2025-02-17T15:19:34.7146860Z tardis/visualization/widgets/tests/test_custom_abundance.py::TestCustomAbundanceWidget::test_update_input_item_value
2025-02-17T15:19:34.7147470Z tardis/visualization/widgets/tests/test_custom_abundance.py::TestCustomAbundanceWidget::test_update_input_item_value
2025-02-17T15:19:34.7148080Z tardis/visualization/widgets/tests/test_custom_abundance.py::TestCustomAbundanceWidget::test_update_input_item_value
2025-02-17T15:19:34.7148770Z tardis/visualization/widgets/tests/test_custom_abundance.py::TestCustomAbundanceWidget::test_update_input_item_value
2025-02-17T15:19:34.7149520Z tardis/visualization/widgets/tests/test_custom_abundance.py::TestCustomAbundanceWidget::test_update_input_item_value
2025-02-17T15:19:34.7150280Z tardis/visualization/widgets/tests/test_custom_abundance.py::TestCustomAbundanceWidget::test_update_input_item_value
2025-02-17T15:19:34.7150950Z   /Users/runner/micromamba/envs/tardis/lib/python3.12/site-packages/traitlets/traitlets.py:1385: DeprecationWarning:
2025-02-17T15:19:34.7151490Z   
2025-02-17T15:19:34.7151790Z   Passing unrecognized arguments to super(Checkbox).__init__(icon='lock').
2025-02-17T15:19:34.7152410Z   object.__init__() takes exactly one argument (the instance to initialize)
2025-02-17T15:19:34.7152930Z   This is deprecated in traitlets 4.2.This error will be raised in a future release of traitlets.
2025-02-17T15:19:34.7153290Z 
2025-02-17T15:19:34.7153560Z tardis/visualization/widgets/tests/test_custom_abundance.py::TestCustomAbundanceWidget::test_update_input_item_value
2025-02-17T15:19:34.7154180Z tardis/visualization/widgets/tests/test_custom_abundance.py::TestCustomAbundanceWidget::test_update_input_item_value
2025-02-17T15:19:34.7154800Z   /Users/runner/micromamba/envs/tardis/lib/python3.12/site-packages/traitlets/traitlets.py:1385: DeprecationWarning:
2025-02-17T15:19:34.7155190Z   
2025-02-17T15:19:34.7155400Z   Passing unrecognized arguments to super(FloatText).__init__(min=0).
2025-02-17T15:19:34.7155830Z   object.__init__() takes exactly one argument (the instance to initialize)
2025-02-17T15:19:34.7156220Z   This is deprecated in traitlets 4.2.This error will be raised in a future release of traitlets.
2025-02-17T15:19:34.7156620Z 
2025-02-17T15:19:34.7156910Z tardis/visualization/widgets/tests/test_custom_abundance.py::TestCustomAbundanceWidget::test_update_input_item_value
2025-02-17T15:19:34.7157540Z   /Users/runner/micromamba/envs/tardis/lib/python3.12/site-packages/traitlets/traitlets.py:1385: DeprecationWarning:
2025-02-17T15:19:34.7157920Z   
2025-02-17T15:19:34.7158140Z   Passing unrecognized arguments to super(HTML).__init__(indent=True).
2025-02-17T15:19:34.7158640Z   object.__init__() takes exactly one argument (the instance to initialize)
2025-02-17T15:19:34.7159170Z   This is deprecated in traitlets 4.2.This error will be raised in a future release of traitlets.
2025-02-17T15:19:34.7159430Z 
2025-02-17T15:19:34.7159760Z tardis/visualization/widgets/tests/test_line_info.py::TestLineInfoWidgetData::test_get_species_interactions[wavelength_range0-packet_out_nu]
2025-02-17T15:19:34.7160410Z   /Users/runner/micromamba/envs/tardis/lib/python3.12/site-packages/qgridnext/grid.py:830: DeprecationWarning:
2025-02-17T15:19:34.7160780Z   
2025-02-17T15:19:34.7161060Z   QgridWidget._show_toolbar_changed is deprecated in traitlets 4.1: use @observe and @unobserve instead.
2025-02-17T15:19:34.7161440Z 
2025-02-17T15:19:34.7162000Z tardis/visualization/widgets/tests/test_shell_info.py::TestHDFShellInfo::test_shells_data
2025-02-17T15:19:34.7162490Z   /Users/runner/work/tardis/tardis/tardis/io/util.py:289: PerformanceWarning:
2025-02-17T15:19:34.7162770Z   
2025-02-17T15:19:34.7162970Z   
2025-02-17T15:19:34.7163370Z   your performance may suffer as PyTables will pickle object types that it cannot
2025-02-17T15:19:34.7164220Z   map directly to c-types [inferred_type->mixed,key->block0_values] [items->Index([0], dtype='int64')]
2025-02-17T15:19:34.7164570Z 
2025-02-17T15:19:34.7164800Z tardis/visualization/widgets/tests/test_shell_info.py::TestHDFShellInfo::test_shells_data
2025-02-17T15:19:34.7165360Z   /Users/runner/work/tardis/tardis/tardis/io/util.py:292: PerformanceWarning:
2025-02-17T15:19:34.7165740Z   
2025-02-17T15:19:34.7165920Z   
2025-02-17T15:19:34.7166250Z   your performance may suffer as PyTables will pickle object types that it cannot
2025-02-17T15:19:34.7166640Z   map directly to c-types [inferred_type->mixed,key->values] [items->None]
2025-02-17T15:19:34.7166940Z 
2025-02-17T15:19:34.7167140Z tardis/visualization/widgets/tests/test_shell_info.py::TestHDFShellInfo::test_shells_data
2025-02-17T15:19:34.7167710Z   /Users/runner/work/tardis/tardis/tardis/spectrum/formal_integral.py:398: UserWarning:
2025-02-17T15:19:34.7168150Z   
2025-02-17T15:19:34.7168430Z   The number of interpolate_shells was not specified. The value was set to 80.
2025-02-17T15:19:34.7168710Z 
2025-02-17T15:19:34.7168950Z -- Docs: https://docs.pytest.org/en/stable/how-to/capture-warnings.html
2025-02-17T15:19:34.7169170Z 
2025-02-17T15:19:34.7169380Z ---------- coverage: platform darwin, python 3.12.4-final-0 ----------
2025-02-17T15:19:34.7169820Z Coverage HTML written to dir coverage_html_report
2025-02-17T15:19:34.7170070Z Coverage XML written to file coverage.xml
2025-02-17T15:19:34.7170310Z 
2025-02-17T15:19:34.7170410Z =========================== short test summary info ============================
2025-02-17T15:19:34.7170870Z FAILED tardis/io/tests/test_decay.py::test_simple_decay - AttributeError: 'IsotopicMassFraction' object has no attribute 'decay'
2025-02-17T15:19:34.7171510Z FAILED tardis/io/tests/test_decay.py::test_abundance_merge - AttributeError: 'IsotopicMassFraction' object has no attribute 'decay'
2025-02-17T15:19:34.7172070Z = 2 failed, 1436 passed, 329 skipped, 2 deselected, 19 xfailed, 8 xpassed, 91 warnings in 813.82s (0:13:33) =
2025-02-17T15:19:36.7269400Z ##[error]Process completed with exit code 1.
2025-02-17T15:19:36.8215610Z Post job cleanup.
2025-02-17T15:19:36.8291900Z Post job cleanup.
2025-02-17T15:19:37.1626370Z Will use pre-installed micromamba at /Users/runner/micromamba-bin/micromamba
2025-02-17T15:19:37.1630210Z Removing micromamba run shell ...
2025-02-17T15:19:37.1632690Z ##[group]Deinitialize micromamba for bash
2025-02-17T15:19:37.1650770Z [command]/Users/runner/micromamba-bin/micromamba shell deinit -s bash -r /Users/runner/micromamba --log-level warning --rc-file /Users/runner/work/_temp/setup-micromamba/.condarc
2025-02-17T15:19:37.2357870Z Resetting RC file "/Users/runner/.bash_profile"
2025-02-17T15:19:37.2358170Z Deleting config for root prefix 
2025-02-17T15:19:37.2358690Z Clearing mamba executable environment variable
2025-02-17T15:19:37.2376130Z Removing the following in your "/Users/runner/.bash_profile" file
2025-02-17T15:19:37.2376420Z # >>> mamba initialize >>>
2025-02-17T15:19:37.2376690Z ...
2025-02-17T15:19:37.2376830Z # <<< mamba initialize <<<
2025-02-17T15:19:37.2969400Z Removing environment tardis from auto-activate bash ...
2025-02-17T15:19:37.3517480Z Post job cleanup.
2025-02-17T15:19:37.3614920Z Post job cleanup.
2025-02-17T15:19:37.5177430Z [command]/opt/homebrew/bin/git version
2025-02-17T15:19:37.5464420Z git version 2.48.1
2025-02-17T15:19:37.5510140Z Copying '/Users/runner/.gitconfig' to '/Users/runner/work/_temp/d161dfca-0ae0-4522-a14d-e578566c83c0/.gitconfig'
2025-02-17T15:19:37.5517150Z Temporarily overriding HOME='/Users/runner/work/_temp/d161dfca-0ae0-4522-a14d-e578566c83c0' before making global git config changes
2025-02-17T15:19:37.5518120Z Adding repository directory to the temporary git global config as a safe directory
2025-02-17T15:19:37.5521320Z [command]/opt/homebrew/bin/git config --global --add safe.directory /Users/runner/work/tardis/tardis/tardis-regression-data
2025-02-17T15:19:37.5700690Z [command]/opt/homebrew/bin/git config --local --name-only --get-regexp core\.sshCommand
2025-02-17T15:19:37.5773200Z [command]/opt/homebrew/bin/git submodule foreach --recursive sh -c "git config --local --name-only --get-regexp 'core\.sshCommand' && git config --local --unset-all 'core.sshCommand' || :"
2025-02-17T15:19:37.8432210Z [command]/opt/homebrew/bin/git config --local --name-only --get-regexp http\.https\:\/\/github\.com\/\.extraheader
2025-02-17T15:19:37.9086780Z http.https://github.com/.extraheader
2025-02-17T15:19:37.9411390Z [command]/opt/homebrew/bin/git config --local --unset-all http.https://github.com/.extraheader
2025-02-17T15:19:37.9553790Z [command]/opt/homebrew/bin/git submodule foreach --recursive sh -c "git config --local --name-only --get-regexp 'http\.https\:\/\/github\.com\/\.extraheader' && git config --local --unset-all 'http.https://github.com/.extraheader' || :"
2025-02-17T15:19:38.0130000Z Post job cleanup.
2025-02-17T15:19:38.1526000Z [command]/opt/homebrew/bin/git version
2025-02-17T15:19:38.1579800Z git version 2.48.1
2025-02-17T15:19:38.1614680Z Copying '/Users/runner/.gitconfig' to '/Users/runner/work/_temp/8f541a4b-5031-4ff1-baaa-7744d067b6ed/.gitconfig'
2025-02-17T15:19:38.1618770Z Temporarily overriding HOME='/Users/runner/work/_temp/8f541a4b-5031-4ff1-baaa-7744d067b6ed' before making global git config changes
2025-02-17T15:19:38.1620310Z Adding repository directory to the temporary git global config as a safe directory
2025-02-17T15:19:38.1622830Z [command]/opt/homebrew/bin/git config --global --add safe.directory /Users/runner/work/tardis/tardis
2025-02-17T15:19:38.1695710Z [command]/opt/homebrew/bin/git config --local --name-only --get-regexp core\.sshCommand
2025-02-17T15:19:38.1748880Z [command]/opt/homebrew/bin/git submodule foreach --recursive sh -c "git config --local --name-only --get-regexp 'core\.sshCommand' && git config --local --unset-all 'core.sshCommand' || :"
2025-02-17T15:19:38.2417470Z [command]/opt/homebrew/bin/git config --local --name-only --get-regexp http\.https\:\/\/github\.com\/\.extraheader
2025-02-17T15:19:38.2471300Z http.https://github.com/.extraheader
2025-02-17T15:19:38.2485900Z [command]/opt/homebrew/bin/git config --local --unset-all http.https://github.com/.extraheader
2025-02-17T15:19:38.2591680Z [command]/opt/homebrew/bin/git submodule foreach --recursive sh -c "git config --local --name-only --get-regexp 'http\.https\:\/\/github\.com\/\.extraheader' && git config --local --unset-all 'http.https://github.com/.extraheader' || :"
2025-02-17T15:19:38.3287240Z Cleaning up orphan processes
