2025-02-17T15:03:56.3880916Z Requested labels: ubuntu-latest
2025-02-17T15:03:56.3881317Z Job defined at: tardis-sn/tardis/.github/workflows/tests.yml@refs/pull/2976/merge
2025-02-17T15:03:56.3881455Z Waiting for a runner to pick up this job...
2025-02-17T15:03:56.5848835Z Job is waiting for a hosted runner to come online.
2025-02-17T15:04:00.5591089Z Job is about to start running on the hosted runner: GitHub Actions 12 (hosted)
2025-02-17T15:04:01.9661082Z Current runner version: '2.322.0'
2025-02-17T15:04:01.9689205Z ##[group]Operating System
2025-02-17T15:04:01.9690044Z Ubuntu
2025-02-17T15:04:01.9690544Z 24.04.1
2025-02-17T15:04:01.9691173Z LTS
2025-02-17T15:04:01.9691670Z ##[endgroup]
2025-02-17T15:04:01.9692177Z ##[group]Runner Image
2025-02-17T15:04:01.9692819Z Image: ubuntu-24.04
2025-02-17T15:04:01.9693344Z Version: 20250209.1.0
2025-02-17T15:04:01.9694426Z Included Software: https://github.com/actions/runner-images/blob/ubuntu24/20250209.1/images/ubuntu/Ubuntu2404-Readme.md
2025-02-17T15:04:01.9695872Z Image Release: https://github.com/actions/runner-images/releases/tag/ubuntu24%2F20250209.1
2025-02-17T15:04:01.9696757Z ##[endgroup]
2025-02-17T15:04:01.9697663Z ##[group]Runner Image Provisioner
2025-02-17T15:04:01.9698308Z 2.0.422.1
2025-02-17T15:04:01.9698804Z ##[endgroup]
2025-02-17T15:04:01.9701068Z ##[group]GITHUB_TOKEN Permissions
2025-02-17T15:04:01.9703010Z Actions: read
2025-02-17T15:04:01.9703866Z Attestations: read
2025-02-17T15:04:01.9704474Z Checks: read
2025-02-17T15:04:01.9705029Z Contents: read
2025-02-17T15:04:01.9705560Z Deployments: read
2025-02-17T15:04:01.9706066Z Discussions: read
2025-02-17T15:04:01.9706628Z Issues: read
2025-02-17T15:04:01.9707251Z Metadata: read
2025-02-17T15:04:01.9707756Z Packages: read
2025-02-17T15:04:01.9708335Z Pages: read
2025-02-17T15:04:01.9708845Z PullRequests: read
2025-02-17T15:04:01.9709647Z RepositoryProjects: read
2025-02-17T15:04:01.9710278Z SecurityEvents: read
2025-02-17T15:04:01.9710806Z Statuses: read
2025-02-17T15:04:01.9711331Z ##[endgroup]
2025-02-17T15:04:01.9714217Z Secret source: None
2025-02-17T15:04:01.9714911Z Prepare workflow directory
2025-02-17T15:04:02.0340814Z Prepare all required actions
2025-02-17T15:04:02.0376703Z Getting action download info
2025-02-17T15:04:02.2208218Z ##[group]Download immutable action package 'actions/checkout@v4'
2025-02-17T15:04:02.2209392Z Version: 4.2.2
2025-02-17T15:04:02.2210341Z Digest: sha256:ccb2698953eaebd21c7bf6268a94f9c26518a7e38e27e0b83c1fe1ad049819b1
2025-02-17T15:04:02.2211393Z Source commit SHA: 11bd71901bbe5b1630ceea73d27597364c9af683
2025-02-17T15:04:02.2212015Z ##[endgroup]
2025-02-17T15:04:02.3122071Z ##[group]Download immutable action package 'actions/upload-artifact@v4'
2025-02-17T15:04:02.3122813Z Version: 4.6.0
2025-02-17T15:04:02.3123466Z Digest: sha256:bf85474c8423f9cd48bd2caf3ce5adb1711e2dfdb055b040bd36b044e4290329
2025-02-17T15:04:02.3124349Z Source commit SHA: 65c4c4a1ddee5b72f698fdd19549f0f0fb45cf08
2025-02-17T15:04:02.3124959Z ##[endgroup]
2025-02-17T15:04:02.4837755Z Complete job name: not continuum ubuntu-latest 
2025-02-17T15:04:02.5547240Z ##[group]Run actions/checkout@v4
2025-02-17T15:04:02.5548116Z with:
2025-02-17T15:04:02.5548526Z   repository: tardis-sn/tardis
2025-02-17T15:04:02.5549181Z   token: ***
2025-02-17T15:04:02.5549567Z   ssh-strict: true
2025-02-17T15:04:02.5549996Z   ssh-user: git
2025-02-17T15:04:02.5550453Z   persist-credentials: true
2025-02-17T15:04:02.5550957Z   clean: true
2025-02-17T15:04:02.5551419Z   sparse-checkout-cone-mode: true
2025-02-17T15:04:02.5551985Z   fetch-depth: 1
2025-02-17T15:04:02.5552442Z   fetch-tags: false
2025-02-17T15:04:02.5552897Z   show-progress: true
2025-02-17T15:04:02.5553372Z   lfs: false
2025-02-17T15:04:02.5553745Z   submodules: false
2025-02-17T15:04:02.5554148Z   set-safe-directory: true
2025-02-17T15:04:02.5554774Z env:
2025-02-17T15:04:02.5555139Z   CACHE_NUMBER: 0
2025-02-17T15:04:02.5556313Z   PYTEST_FLAGS: --tardis-regression-data=/home/runner/work/tardis/tardis/tardis-regression-data --cov=tardis --cov-report=xml --cov-report=html --cov-append
2025-02-17T15:04:02.5557721Z   CODECOV_TOKEN: 
2025-02-17T15:04:02.5558111Z ##[endgroup]
2025-02-17T15:04:02.7665355Z Syncing repository: tardis-sn/tardis
2025-02-17T15:04:02.7667412Z ##[group]Getting Git version info
2025-02-17T15:04:02.7668110Z Working directory is '/home/runner/work/tardis/tardis'
2025-02-17T15:04:02.7669058Z [command]/usr/bin/git version
2025-02-17T15:04:02.7731484Z git version 2.48.1
2025-02-17T15:04:02.7760222Z ##[endgroup]
2025-02-17T15:04:02.7776585Z Temporarily overriding HOME='/home/runner/work/_temp/969b3259-5dc4-43cc-8fc1-79cb2f42cdfa' before making global git config changes
2025-02-17T15:04:02.7779200Z Adding repository directory to the temporary git global config as a safe directory
2025-02-17T15:04:02.7783444Z [command]/usr/bin/git config --global --add safe.directory /home/runner/work/tardis/tardis
2025-02-17T15:04:02.7824574Z Deleting the contents of '/home/runner/work/tardis/tardis'
2025-02-17T15:04:02.7828863Z ##[group]Initializing the repository
2025-02-17T15:04:02.7833679Z [command]/usr/bin/git init /home/runner/work/tardis/tardis
2025-02-17T15:04:02.7906445Z hint: Using 'master' as the name for the initial branch. This default branch name
2025-02-17T15:04:02.7908101Z hint: is subject to change. To configure the initial branch name to use in all
2025-02-17T15:04:02.7909390Z hint: of your new repositories, which will suppress this warning, call:
2025-02-17T15:04:02.7910277Z hint:
2025-02-17T15:04:02.7910912Z hint: 	git config --global init.defaultBranch <name>
2025-02-17T15:04:02.7911672Z hint:
2025-02-17T15:04:02.7912387Z hint: Names commonly chosen instead of 'master' are 'main', 'trunk' and
2025-02-17T15:04:02.7913569Z hint: 'development'. The just-created branch can be renamed via this command:
2025-02-17T15:04:02.7914584Z hint:
2025-02-17T15:04:02.7915084Z hint: 	git branch -m <name>
2025-02-17T15:04:02.7918459Z Initialized empty Git repository in /home/runner/work/tardis/tardis/.git/
2025-02-17T15:04:02.7929365Z [command]/usr/bin/git remote add origin https://github.com/tardis-sn/tardis
2025-02-17T15:04:02.7965657Z ##[endgroup]
2025-02-17T15:04:02.7970691Z ##[group]Disabling automatic garbage collection
2025-02-17T15:04:02.7972170Z [command]/usr/bin/git config --local gc.auto 0
2025-02-17T15:04:02.8003141Z ##[endgroup]
2025-02-17T15:04:02.8004690Z ##[group]Setting up auth
2025-02-17T15:04:02.8011842Z [command]/usr/bin/git config --local --name-only --get-regexp core\.sshCommand
2025-02-17T15:04:02.8045488Z [command]/usr/bin/git submodule foreach --recursive sh -c "git config --local --name-only --get-regexp 'core\.sshCommand' && git config --local --unset-all 'core.sshCommand' || :"
2025-02-17T15:04:02.8353182Z [command]/usr/bin/git config --local --name-only --get-regexp http\.https\:\/\/github\.com\/\.extraheader
2025-02-17T15:04:02.8385871Z [command]/usr/bin/git submodule foreach --recursive sh -c "git config --local --name-only --get-regexp 'http\.https\:\/\/github\.com\/\.extraheader' && git config --local --unset-all 'http.https://github.com/.extraheader' || :"
2025-02-17T15:04:02.8614389Z [command]/usr/bin/git config --local http.https://github.com/.extraheader AUTHORIZATION: basic ***
2025-02-17T15:04:02.8652675Z ##[endgroup]
2025-02-17T15:04:02.8661030Z ##[group]Fetching the repository
2025-02-17T15:04:02.8662561Z [command]/usr/bin/git -c protocol.version=2 fetch --no-tags --prune --no-recurse-submodules --depth=1 origin +20f60a465cec65580f703ad70408098a202853b5:refs/remotes/pull/2976/merge
2025-02-17T15:04:04.1059245Z From https://github.com/tardis-sn/tardis
2025-02-17T15:04:04.1060963Z  * [new ref]         20f60a465cec65580f703ad70408098a202853b5 -> pull/2976/merge
2025-02-17T15:04:04.1086983Z ##[endgroup]
2025-02-17T15:04:04.1088445Z ##[group]Determining the checkout info
2025-02-17T15:04:04.1090002Z ##[endgroup]
2025-02-17T15:04:04.1094482Z [command]/usr/bin/git sparse-checkout disable
2025-02-17T15:04:04.1134621Z [command]/usr/bin/git config --local --unset-all extensions.worktreeConfig
2025-02-17T15:04:04.1164607Z ##[group]Checking out the ref
2025-02-17T15:04:04.1168050Z [command]/usr/bin/git checkout --progress --force refs/remotes/pull/2976/merge
2025-02-17T15:04:04.3218326Z Note: switching to 'refs/remotes/pull/2976/merge'.
2025-02-17T15:04:04.3221587Z 
2025-02-17T15:04:04.3222583Z You are in 'detached HEAD' state. You can look around, make experimental
2025-02-17T15:04:04.3224975Z changes and commit them, and you can discard any commits you make in this
2025-02-17T15:04:04.3227506Z state without impacting any branches by switching back to a branch.
2025-02-17T15:04:04.3229215Z 
2025-02-17T15:04:04.3230109Z If you want to create a new branch to retain commits you create, you may
2025-02-17T15:04:04.3232218Z do so (now or later) by using -c with the switch command. Example:
2025-02-17T15:04:04.3233426Z 
2025-02-17T15:04:04.3233977Z   git switch -c <new-branch-name>
2025-02-17T15:04:04.3234893Z 
2025-02-17T15:04:04.3235455Z Or undo this operation with:
2025-02-17T15:04:04.3236302Z 
2025-02-17T15:04:04.3236782Z   git switch -
2025-02-17T15:04:04.3237658Z 
2025-02-17T15:04:04.3238921Z Turn off this advice by setting config variable advice.detachedHead to false
2025-02-17T15:04:04.3240600Z 
2025-02-17T15:04:04.3242367Z HEAD is now at 20f60a4 Merge 41e02b01059d2f711f065282cf4cb8987a2c4e16 into 13c9a314d4165ff320d000df7d67b5c5f91a69dd
2025-02-17T15:04:04.3248603Z ##[endgroup]
2025-02-17T15:04:04.3283726Z [command]/usr/bin/git log -1 --format=%H
2025-02-17T15:04:04.3307783Z 20f60a465cec65580f703ad70408098a202853b5
2025-02-17T15:04:04.3615138Z Prepare all required actions
2025-02-17T15:04:04.3616269Z Getting action download info
2025-02-17T15:04:04.6288819Z ##[group]Download immutable action package 'actions/cache@v4'
2025-02-17T15:04:04.6289511Z Version: 4.2.0
2025-02-17T15:04:04.6290254Z Digest: sha256:5bc11090595acbf82dbfb02747bf0bfd91544e869357fd3ac0eb41f509632110
2025-02-17T15:04:04.6291404Z Source commit SHA: 1bd1e32a3bdc45362d1e726936510720a7c30a57
2025-02-17T15:04:04.6292165Z ##[endgroup]
2025-02-17T15:04:04.7570953Z ##[group]Run ./.github/actions/setup_lfs
2025-02-17T15:04:04.7571241Z with:
2025-02-17T15:04:04.7571492Z   regression-data-repo: tardis-sn/tardis-regression-data
2025-02-17T15:04:04.7571818Z   atom-data-sparse: false
2025-02-17T15:04:04.7572034Z env:
2025-02-17T15:04:04.7572203Z   CACHE_NUMBER: 0
2025-02-17T15:04:04.7572811Z   PYTEST_FLAGS: --tardis-regression-data=/home/runner/work/tardis/tardis/tardis-regression-data --cov=tardis --cov-report=xml --cov-report=html --cov-append
2025-02-17T15:04:04.7573520Z   CODECOV_TOKEN: 
2025-02-17T15:04:04.7573715Z ##[endgroup]
2025-02-17T15:04:04.7713533Z ##[group]Run actions/checkout@v4
2025-02-17T15:04:04.7713804Z with:
2025-02-17T15:04:04.7714030Z   repository: tardis-sn/tardis-regression-data
2025-02-17T15:04:04.7714328Z   path: tardis-regression-data
2025-02-17T15:04:04.7714552Z   lfs: false
2025-02-17T15:04:04.7714849Z   token: ***
2025-02-17T15:04:04.7715034Z   ssh-strict: true
2025-02-17T15:04:04.7715227Z   ssh-user: git
2025-02-17T15:04:04.7715426Z   persist-credentials: true
2025-02-17T15:04:04.7715640Z   clean: true
2025-02-17T15:04:04.7715844Z   sparse-checkout-cone-mode: true
2025-02-17T15:04:04.7716089Z   fetch-depth: 1
2025-02-17T15:04:04.7716280Z   fetch-tags: false
2025-02-17T15:04:04.7716488Z   show-progress: true
2025-02-17T15:04:04.7716684Z   submodules: false
2025-02-17T15:04:04.7716912Z   set-safe-directory: true
2025-02-17T15:04:04.7717267Z env:
2025-02-17T15:04:04.7717436Z   CACHE_NUMBER: 0
2025-02-17T15:04:04.7718064Z   PYTEST_FLAGS: --tardis-regression-data=/home/runner/work/tardis/tardis/tardis-regression-data --cov=tardis --cov-report=xml --cov-report=html --cov-append
2025-02-17T15:04:04.7718710Z   CODECOV_TOKEN: 
2025-02-17T15:04:04.7718897Z ##[endgroup]
2025-02-17T15:04:04.8641600Z Syncing repository: tardis-sn/tardis-regression-data
2025-02-17T15:04:04.8647617Z ##[group]Getting Git version info
2025-02-17T15:04:04.8648213Z Working directory is '/home/runner/work/tardis/tardis/tardis-regression-data'
2025-02-17T15:04:04.8689311Z [command]/usr/bin/git version
2025-02-17T15:04:04.8732165Z git version 2.48.1
2025-02-17T15:04:04.8757295Z ##[endgroup]
2025-02-17T15:04:04.8770673Z Temporarily overriding HOME='/home/runner/work/_temp/15274af3-bea5-45cc-b2b6-635c7eb9b698' before making global git config changes
2025-02-17T15:04:04.8772073Z Adding repository directory to the temporary git global config as a safe directory
2025-02-17T15:04:04.8777737Z [command]/usr/bin/git config --global --add safe.directory /home/runner/work/tardis/tardis/tardis-regression-data
2025-02-17T15:04:04.8807273Z ##[group]Initializing the repository
2025-02-17T15:04:04.8812625Z [command]/usr/bin/git init /home/runner/work/tardis/tardis/tardis-regression-data
2025-02-17T15:04:04.8850318Z hint: Using 'master' as the name for the initial branch. This default branch name
2025-02-17T15:04:04.8851317Z hint: is subject to change. To configure the initial branch name to use in all
2025-02-17T15:04:04.8852216Z hint: of your new repositories, which will suppress this warning, call:
2025-02-17T15:04:04.8852627Z hint:
2025-02-17T15:04:04.8853095Z hint: 	git config --global init.defaultBranch <name>
2025-02-17T15:04:04.8853646Z hint:
2025-02-17T15:04:04.8854209Z hint: Names commonly chosen instead of 'master' are 'main', 'trunk' and
2025-02-17T15:04:04.8855139Z hint: 'development'. The just-created branch can be renamed via this command:
2025-02-17T15:04:04.8855823Z hint:
2025-02-17T15:04:04.8856197Z hint: 	git branch -m <name>
2025-02-17T15:04:04.8857600Z Initialized empty Git repository in /home/runner/work/tardis/tardis/tardis-regression-data/.git/
2025-02-17T15:04:04.8863488Z [command]/usr/bin/git remote add origin https://github.com/tardis-sn/tardis-regression-data
2025-02-17T15:04:04.8891881Z ##[endgroup]
2025-02-17T15:04:04.8892291Z ##[group]Disabling automatic garbage collection
2025-02-17T15:04:04.8896667Z [command]/usr/bin/git config --local gc.auto 0
2025-02-17T15:04:04.8924085Z ##[endgroup]
2025-02-17T15:04:04.8924448Z ##[group]Setting up auth
2025-02-17T15:04:04.8930909Z [command]/usr/bin/git config --local --name-only --get-regexp core\.sshCommand
2025-02-17T15:04:04.8958878Z [command]/usr/bin/git submodule foreach --recursive sh -c "git config --local --name-only --get-regexp 'core\.sshCommand' && git config --local --unset-all 'core.sshCommand' || :"
2025-02-17T15:04:04.9181148Z [command]/usr/bin/git config --local --name-only --get-regexp http\.https\:\/\/github\.com\/\.extraheader
2025-02-17T15:04:04.9213116Z [command]/usr/bin/git submodule foreach --recursive sh -c "git config --local --name-only --get-regexp 'http\.https\:\/\/github\.com\/\.extraheader' && git config --local --unset-all 'http.https://github.com/.extraheader' || :"
2025-02-17T15:04:04.9450030Z [command]/usr/bin/git config --local http.https://github.com/.extraheader AUTHORIZATION: basic ***
2025-02-17T15:04:04.9489822Z ##[endgroup]
2025-02-17T15:04:04.9490779Z ##[group]Determining the default branch
2025-02-17T15:04:04.9494074Z Retrieving the default branch name
2025-02-17T15:04:05.1549526Z Default branch 'main'
2025-02-17T15:04:05.1550432Z ##[endgroup]
2025-02-17T15:04:05.1551158Z ##[group]Fetching the repository
2025-02-17T15:04:05.1558017Z [command]/usr/bin/git -c protocol.version=2 fetch --no-tags --prune --no-recurse-submodules --depth=1 origin +refs/heads/main:refs/remotes/origin/main
2025-02-17T15:04:05.4145016Z From https://github.com/tardis-sn/tardis-regression-data
2025-02-17T15:04:05.4147446Z  * [new branch]      main       -> origin/main
2025-02-17T15:04:05.4172618Z ##[endgroup]
2025-02-17T15:04:05.4173344Z ##[group]Determining the checkout info
2025-02-17T15:04:05.4174964Z ##[endgroup]
2025-02-17T15:04:05.4180931Z [command]/usr/bin/git sparse-checkout disable
2025-02-17T15:04:05.4219491Z [command]/usr/bin/git config --local --unset-all extensions.worktreeConfig
2025-02-17T15:04:05.4247914Z ##[group]Checking out the ref
2025-02-17T15:04:05.4252036Z [command]/usr/bin/git checkout --progress --force -B main refs/remotes/origin/main
2025-02-17T15:04:05.5467714Z Switched to a new branch 'main'
2025-02-17T15:04:05.5468883Z branch 'main' set up to track 'origin/main'.
2025-02-17T15:04:05.5744575Z ##[endgroup]
2025-02-17T15:04:05.5792024Z [command]/usr/bin/git log -1 --format=%H
2025-02-17T15:04:05.5816727Z fa7729bc9c30e14b69acd641af8b692b56fcd416
2025-02-17T15:04:05.5965984Z ##[group]Run if [ "false" == "true" ]; then
2025-02-17T15:04:05.5966383Z [36;1mif [ "false" == "true" ]; then[0m
2025-02-17T15:04:05.5966690Z [36;1m  echo "Using atom data sparse checkout"[0m
2025-02-17T15:04:05.5967458Z [36;1m  echo "atom_data/kurucz_cd23_chianti_H_He.h5" > .lfs-files-list[0m
2025-02-17T15:04:05.5967792Z [36;1melse[0m
2025-02-17T15:04:05.5968013Z [36;1m  echo "Using full repository checkout"[0m
2025-02-17T15:04:05.5968369Z [36;1m  git lfs ls-files -l | cut -d' ' -f1 | sort > .lfs-files-list[0m
2025-02-17T15:04:05.5968681Z [36;1mfi[0m
2025-02-17T15:04:05.6131405Z shell: /usr/bin/bash --noprofile --norc -e -o pipefail {0}
2025-02-17T15:04:05.6131839Z env:
2025-02-17T15:04:05.6132060Z   CACHE_NUMBER: 0
2025-02-17T15:04:05.6132860Z   PYTEST_FLAGS: --tardis-regression-data=/home/runner/work/tardis/tardis/tardis-regression-data --cov=tardis --cov-report=xml --cov-report=html --cov-append
2025-02-17T15:04:05.6133734Z   CODECOV_TOKEN: 
2025-02-17T15:04:05.6133966Z ##[endgroup]
2025-02-17T15:04:05.6226973Z Using full repository checkout
2025-02-17T15:04:05.7616626Z ##[group]Run actions/cache/restore@v4
2025-02-17T15:04:05.7616926Z with:
2025-02-17T15:04:05.7617414Z   path: tardis-regression-data/.git/lfs
2025-02-17T15:04:05.7618361Z   key: tardis-regression-full-data-21f9fa4b6817cc69b9fae3598144724da7828e276a73bd17f47a2a49d9af090a-tardis-sn/tardis-regression-data-v1
2025-02-17T15:04:05.7619060Z   fail-on-cache-miss: true
2025-02-17T15:04:05.7619297Z   enableCrossOsArchive: false
2025-02-17T15:04:05.7619538Z   lookup-only: false
2025-02-17T15:04:05.7619740Z env:
2025-02-17T15:04:05.7619916Z   CACHE_NUMBER: 0
2025-02-17T15:04:05.7620548Z   PYTEST_FLAGS: --tardis-regression-data=/home/runner/work/tardis/tardis/tardis-regression-data --cov=tardis --cov-report=xml --cov-report=html --cov-append
2025-02-17T15:04:05.7621255Z   CODECOV_TOKEN: 
2025-02-17T15:04:05.7621450Z ##[endgroup]
2025-02-17T15:04:05.9654715Z Cache hit for: tardis-regression-full-data-21f9fa4b6817cc69b9fae3598144724da7828e276a73bd17f47a2a49d9af090a-tardis-sn/tardis-regression-data-v1
2025-02-17T15:04:07.0004186Z Received 226492416 of 1707217599 (13.3%), 215.8 MBs/sec
2025-02-17T15:04:08.0008866Z Received 402653184 of 1707217599 (23.6%), 191.9 MBs/sec
2025-02-17T15:04:09.0821061Z Received 671088640 of 1707217599 (39.3%), 207.7 MBs/sec
2025-02-17T15:04:10.1474806Z Received 939524096 of 1707217599 (55.0%), 216.2 MBs/sec
2025-02-17T15:04:11.1468317Z Received 1195376640 of 1707217599 (70.0%), 221.5 MBs/sec
2025-02-17T15:04:12.1483884Z Received 1442840576 of 1707217599 (84.5%), 223.8 MBs/sec
2025-02-17T15:04:13.2047340Z Received 1707217599 of 1707217599 (100.0%), 226.0 MBs/sec
2025-02-17T15:04:13.2050568Z Cache Size: ~1628 MB (1707217599 B)
2025-02-17T15:04:13.2116626Z [command]/usr/bin/tar -xf /home/runner/work/_temp/0e482ab8-923f-45a3-9605-df7a04a71994/cache.tzst -P -C /home/runner/work/tardis/tardis --use-compress-program unzstd
2025-02-17T15:04:19.6004663Z Cache restored successfully
2025-02-17T15:04:20.0946781Z Cache restored from key: tardis-regression-full-data-21f9fa4b6817cc69b9fae3598144724da7828e276a73bd17f47a2a49d9af090a-tardis-sn/tardis-regression-data-v1
2025-02-17T15:04:20.1094334Z ##[group]Run git lfs checkout
2025-02-17T15:04:20.1094619Z [36;1mgit lfs checkout[0m
2025-02-17T15:04:20.1150544Z shell: /usr/bin/bash --noprofile --norc -e -o pipefail {0}
2025-02-17T15:04:20.1150920Z env:
2025-02-17T15:04:20.1151114Z   CACHE_NUMBER: 0
2025-02-17T15:04:20.1151854Z   PYTEST_FLAGS: --tardis-regression-data=/home/runner/work/tardis/tardis/tardis-regression-data --cov=tardis --cov-report=xml --cov-report=html --cov-append
2025-02-17T15:04:20.1152640Z   CODECOV_TOKEN: 
2025-02-17T15:04:20.1152856Z ##[endgroup]
2025-02-17T15:04:31.6918983Z Checking out LFS objects: 100% (204/204), 3.5 GB | 318 MB/s, done.
2025-02-17T15:04:34.9269129Z Prepare all required actions
2025-02-17T15:04:34.9269473Z Getting action download info
2025-02-17T15:04:35.0225914Z Download action repository 'mamba-org/setup-micromamba@v1' (SHA:4b9113af4fba0e9e1124b252dd6497a419e7396d)
2025-02-17T15:04:35.2026847Z ##[group]Run ./.github/actions/setup_env
2025-02-17T15:04:35.2027309Z with:
2025-02-17T15:04:35.2027497Z   os-label: linux-64
2025-02-17T15:04:35.2027686Z env:
2025-02-17T15:04:35.2028054Z   CACHE_NUMBER: 0
2025-02-17T15:04:35.2028675Z   PYTEST_FLAGS: --tardis-regression-data=/home/runner/work/tardis/tardis/tardis-regression-data --cov=tardis --cov-report=xml --cov-report=html --cov-append
2025-02-17T15:04:35.2029316Z   CODECOV_TOKEN: 
2025-02-17T15:04:35.2029499Z ##[endgroup]
2025-02-17T15:04:35.2050877Z ##[group]Run file_hash=$(cat conda-linux-64.lock | shasum -a 256 | cut -d' ' -f1)
2025-02-17T15:04:35.2051356Z [36;1mfile_hash=$(cat conda-linux-64.lock | shasum -a 256 | cut -d' ' -f1)[0m
2025-02-17T15:04:35.2051921Z [36;1mecho "file_hash=tardis-conda-env-linux-64-${file_hash}-v1" >> "${GITHUB_OUTPUT}"[0m
2025-02-17T15:04:35.2105441Z shell: /usr/bin/bash --noprofile --norc -e -o pipefail {0}
2025-02-17T15:04:35.2105763Z env:
2025-02-17T15:04:35.2105931Z   CACHE_NUMBER: 0
2025-02-17T15:04:35.2106550Z   PYTEST_FLAGS: --tardis-regression-data=/home/runner/work/tardis/tardis/tardis-regression-data --cov=tardis --cov-report=xml --cov-report=html --cov-append
2025-02-17T15:04:35.2107314Z   CODECOV_TOKEN: 
2025-02-17T15:04:35.2107495Z ##[endgroup]
2025-02-17T15:04:35.2442548Z ##[group]Run mamba-org/setup-micromamba@v1
2025-02-17T15:04:35.2442816Z with:
2025-02-17T15:04:35.2443015Z   environment-file: conda-linux-64.lock
2025-02-17T15:04:35.2443584Z   cache-environment-key: tardis-conda-env-linux-64-d7cd390425b0fd3cf82649dcc003efba9915fb4928f15d342148c3ccffcbe2ee-v1
2025-02-17T15:04:35.2444429Z   cache-downloads-key: tardis-conda-env-linux-64-d7cd390425b0fd3cf82649dcc003efba9915fb4928f15d342148c3ccffcbe2ee-v1
2025-02-17T15:04:35.2444986Z   environment-name: tardis
2025-02-17T15:04:35.2445201Z   cache-environment: true
2025-02-17T15:04:35.2445411Z   cache-downloads: true
2025-02-17T15:04:35.2445605Z env:
2025-02-17T15:04:35.2445767Z   CACHE_NUMBER: 0
2025-02-17T15:04:35.2446359Z   PYTEST_FLAGS: --tardis-regression-data=/home/runner/work/tardis/tardis/tardis-regression-data --cov=tardis --cov-report=xml --cov-report=html --cov-append
2025-02-17T15:04:35.2446990Z   CODECOV_TOKEN: 
2025-02-17T15:04:35.2447430Z ##[endgroup]
2025-02-17T15:04:35.3801793Z Will download micromamba to /home/runner/micromamba-bin/micromamba
2025-02-17T15:04:35.3811684Z ##[group]Install micromamba
2025-02-17T15:04:35.6473287Z micromamba installed to /home/runner/micromamba-bin/micromamba
2025-02-17T15:04:35.6474184Z ##[endgroup]
2025-02-17T15:04:35.6475055Z Adding conda-forge to condarc channels ...
2025-02-17T15:04:35.6487741Z ##[group]Initialize micromamba for bash.
2025-02-17T15:04:35.6510720Z [command]/home/runner/micromamba-bin/micromamba shell init -s bash -r /home/runner/micromamba --log-level warning --rc-file /home/runner/work/_temp/setup-micromamba/.condarc
2025-02-17T15:04:35.6635990Z Modifying RC file "/home/runner/.bashrc"
2025-02-17T15:04:35.6638556Z Generating config for root prefix [1m"/home/runner/micromamba"[0m
2025-02-17T15:04:35.6641057Z Setting mamba executable to: [1m"/home/runner/micromamba-bin/micromamba"[0m
2025-02-17T15:04:35.6641840Z Adding (or replacing) the following in your "/home/runner/.bashrc" file
2025-02-17T15:04:35.6642316Z 
2025-02-17T15:04:35.6642456Z # >>> mamba initialize >>>
2025-02-17T15:04:35.6642931Z # !! Contents within this block are managed by 'mamba init' !!
2025-02-17T15:04:35.6643556Z export MAMBA_EXE='/home/runner/micromamba-bin/micromamba';
2025-02-17T15:04:35.6644127Z export MAMBA_ROOT_PREFIX='/home/runner/micromamba';
2025-02-17T15:04:35.6644908Z __mamba_setup="$("$MAMBA_EXE" shell hook --shell bash --root-prefix "$MAMBA_ROOT_PREFIX" 2> /dev/null)"
2025-02-17T15:04:35.6645417Z if [ $? -eq 0 ]; then
2025-02-17T15:04:35.6645895Z     eval "$__mamba_setup"
2025-02-17T15:04:35.6646127Z else
2025-02-17T15:04:35.6646403Z     alias micromamba="$MAMBA_EXE"  # Fallback on help from mamba activate
2025-02-17T15:04:35.6646728Z fi
2025-02-17T15:04:35.6646887Z unset __mamba_setup
2025-02-17T15:04:35.6647325Z # <<< mamba initialize <<<
2025-02-17T15:04:35.6647472Z 
2025-02-17T15:04:35.6659553Z Moving mamba initialize block to .bash_profile
2025-02-17T15:04:35.6673202Z ##[endgroup]
2025-02-17T15:04:35.6674737Z ##[group]Restoring downloads from `/home/runner/micromamba/pkgs` ...
2025-02-17T15:04:36.7875198Z Received 327155712 of 356815776 (91.7%), 311.7 MBs/sec
2025-02-17T15:04:36.8631556Z Cache Size: ~340 MB (356815776 B)
2025-02-17T15:04:36.8668524Z [command]/usr/bin/tar -xf /home/runner/work/_temp/71384ae9-a646-42c5-a121-8f5ad8581f6e/cache.tzst -P -C /home/runner/work/tardis/tardis --use-compress-program unzstd
2025-02-17T15:04:37.3414781Z Cache restored successfully
2025-02-17T15:04:37.4169001Z Restored cache with key `tardis-conda-env-linux-64-d7cd390425b0fd3cf82649dcc003efba9915fb4928f15d342148c3ccffcbe2ee-v1-linux-64`
2025-02-17T15:04:37.4171886Z ##[endgroup]
2025-02-17T15:04:37.4182753Z ##[group]Restoring environment `tardis` from `/home/runner/micromamba/envs/tardis` ...
2025-02-17T15:04:37.7872678Z Received 356815776 of 356815776 (100.0%), 170.0 MBs/sec
2025-02-17T15:04:38.4664363Z Received 339738624 of 444032293 (76.5%), 322.1 MBs/sec
2025-02-17T15:04:38.7835154Z Cache Size: ~423 MB (444032293 B)
2025-02-17T15:04:38.7872729Z [command]/usr/bin/tar -xf /home/runner/work/_temp/674bacee-20ee-48e6-b098-a26c3c980133/cache.tzst -P -C /home/runner/work/tardis/tardis --use-compress-program unzstd
2025-02-17T15:04:39.4674352Z Received 444032293 of 444032293 (100.0%), 211.0 MBs/sec
2025-02-17T15:04:44.1223293Z Cache restored successfully
2025-02-17T15:04:44.1989668Z Restored cache with key `tardis-conda-env-linux-64-d7cd390425b0fd3cf82649dcc003efba9915fb4928f15d342148c3ccffcbe2ee-v1-linux-64-tardis-args-4f53cda-root-dcc80ee-bin-[object Promise]-file-d7cd390425b0fd3cf82649dcc003efba9915fb4928f15d342148c3ccffcbe2ee`
2025-02-17T15:04:44.1991270Z ##[endgroup]
2025-02-17T15:04:44.1991539Z Adding environment tardis to auto-activate bash ...
2025-02-17T15:04:44.2005383Z Generating micromamba run shell.
2025-02-17T15:04:44.2016336Z ##[endgroup]
2025-02-17T15:04:44.2020976Z Set environment variables.
2025-02-17T15:04:44.2025312Z ##[group]micromamba info
2025-02-17T15:04:44.2028858Z [command]/home/runner/micromamba-bin/micromamba info -r /home/runner/micromamba -n tardis
2025-02-17T15:04:44.2269799Z 
2025-02-17T15:04:44.2271021Z        libmamba version : 1.5.10
2025-02-17T15:04:44.2271552Z      micromamba version : 1.5.10
2025-02-17T15:04:44.2272365Z            curl version : libcurl/8.10.1 OpenSSL/3.3.2 zlib/1.3.1 zstd/1.5.6 libssh2/1.11.0 nghttp2/1.58.0
2025-02-17T15:04:44.2273058Z      libarchive version : libarchive 3.7.4 zlib/1.2.13 bz2lib/1.0.8 libzstd/1.5.6
2025-02-17T15:04:44.2273591Z        envs directories : /home/runner/micromamba/envs
2025-02-17T15:04:44.2274026Z           package cache : /home/runner/micromamba/pkgs
2025-02-17T15:04:44.2274410Z                           /home/runner/.mamba/pkgs
2025-02-17T15:04:44.2274754Z             environment : tardis
2025-02-17T15:04:44.2275115Z            env location : /home/runner/micromamba/envs/tardis
2025-02-17T15:04:44.2275523Z       user config files : /home/runner/.mambarc
2025-02-17T15:04:44.2276023Z  populated config files : /home/runner/work/_temp/setup-micromamba/.condarc
2025-02-17T15:04:44.2276517Z        virtual packages : __unix=0=0
2025-02-17T15:04:44.2276971Z                           __linux=6.8.0=0
2025-02-17T15:04:44.2277502Z                           __glibc=2.39=0
2025-02-17T15:04:44.2277831Z                           __archspec=1=x86_64_v3
2025-02-17T15:04:44.2278278Z                channels : https://conda.anaconda.org/conda-forge/linux-64
2025-02-17T15:04:44.2278785Z                           https://conda.anaconda.org/conda-forge/noarch
2025-02-17T15:04:44.2279547Z        base environment : /home/runner/micromamba
2025-02-17T15:04:44.2279918Z                platform : linux-64
2025-02-17T15:04:44.2286773Z ##[endgroup]
2025-02-17T15:04:44.2287606Z ##[group]micromamba list
2025-02-17T15:04:44.2288803Z [command]/home/runner/micromamba-bin/micromamba list -r /home/runner/micromamba -n tardis
2025-02-17T15:04:44.6166314Z List of packages in environment: "/home/runner/micromamba/envs/tardis"
2025-02-17T15:04:44.6167554Z 
2025-02-17T15:04:44.6168686Z   Name                           Version              Build                    Channel    
2025-02-17T15:04:44.6170105Z â”€â”€â”€â”€â”€â”€â”€â”€â”€â”€â”€â”€â”€â”€â”€â”€â”€â”€â”€â”€â”€â”€â”€â”€â”€â”€â”€â”€â”€â”€â”€â”€â”€â”€â”€â”€â”€â”€â”€â”€â”€â”€â”€â”€â”€â”€â”€â”€â”€â”€â”€â”€â”€â”€â”€â”€â”€â”€â”€â”€â”€â”€â”€â”€â”€â”€â”€â”€â”€â”€â”€â”€â”€â”€â”€â”€â”€â”€â”€â”€â”€â”€â”€â”€â”€â”€â”€â”€â”€â”€â”€â”€
2025-02-17T15:04:44.6170963Z   _libgcc_mutex                  0.1                  conda_forge              conda-forge
2025-02-17T15:04:44.6171661Z   _openmp_mutex                  4.5                  2_gnu                    conda-forge
2025-02-17T15:04:44.6172389Z   alabaster                      0.7.16               pyhd8ed1ab_0             conda-forge
2025-02-17T15:04:44.6173131Z   anyio                          4.4.0                pyhd8ed1ab_0             conda-forge
2025-02-17T15:04:44.6173859Z   argon2-cffi                    23.1.0               pyhd8ed1ab_0             conda-forge
2025-02-17T15:04:44.6174619Z   argon2-cffi-bindings           21.2.0               py312h98912ed_4          conda-forge
2025-02-17T15:04:44.6175438Z   arrow                          1.3.0                pyhd8ed1ab_0             conda-forge
2025-02-17T15:04:44.6176052Z   astropy                        6.1.1                py312h085067d_0          conda-forge
2025-02-17T15:04:44.6176994Z   astropy-iers-data              0.2024.6.17.0.31.35  pyhd8ed1ab_0             conda-forge
2025-02-17T15:04:44.6178071Z   astropy-sphinx-theme           1.1                  pyhd8ed1ab_0             conda-forge
2025-02-17T15:04:44.6178707Z   asttokens                      2.4.1                pyhd8ed1ab_0             conda-forge
2025-02-17T15:04:44.6179379Z   async-lru                      2.0.4                pyhd8ed1ab_0             conda-forge
2025-02-17T15:04:44.6179950Z   atk-1.0                        2.38.0               h04ea711_2               conda-forge
2025-02-17T15:04:44.6180567Z   attrs                          23.2.0               pyh71513ae_0             conda-forge
2025-02-17T15:04:44.6181048Z   babel                          2.14.0               pyhd8ed1ab_0             conda-forge
2025-02-17T15:04:44.6181527Z   beautifulsoup4                 4.12.3               pyha770c72_0             conda-forge
2025-02-17T15:04:44.6182089Z   bleach                         6.1.0                pyhd8ed1ab_0             conda-forge
2025-02-17T15:04:44.6182543Z   blosc                          1.21.5               hc2324a3_1               conda-forge
2025-02-17T15:04:44.6252969Z   brotli                         1.1.0                hd590300_1               conda-forge
2025-02-17T15:04:44.6253606Z   brotli-bin                     1.1.0                hd590300_1               conda-forge
2025-02-17T15:04:44.6254147Z   brotli-python                  1.1.0                py312h30efb56_1          conda-forge
2025-02-17T15:04:44.6254526Z   bzip2                          1.0.8                hd590300_5               conda-forge
2025-02-17T15:04:44.6254874Z   c-ares                         1.28.1               hd590300_0               conda-forge
2025-02-17T15:04:44.6255236Z   c-blosc2                       2.14.4               hb4ffafa_1               conda-forge
2025-02-17T15:04:44.6255619Z   ca-certificates                2024.6.2             hbcca054_0               conda-forge
2025-02-17T15:04:44.6256019Z   cached-property                1.5.2                hd8ed1ab_1               conda-forge
2025-02-17T15:04:44.6256417Z   cached_property                1.5.2                pyha770c72_1             conda-forge
2025-02-17T15:04:44.6256776Z   cairo                          1.18.0               h3faef2a_0               conda-forge
2025-02-17T15:04:44.6257552Z   certifi                        2024.6.2             pyhd8ed1ab_0             conda-forge
2025-02-17T15:04:44.6257915Z   cffi                           1.16.0               py312hf06ca03_0          conda-forge
2025-02-17T15:04:44.6258299Z   charset-normalizer             3.3.2                pyhd8ed1ab_0             conda-forge
2025-02-17T15:04:44.6258685Z   click                          8.1.7                unix_pyh707e725_0        conda-forge
2025-02-17T15:04:44.6259169Z   codespell                      2.3.0                pyhd8ed1ab_0             conda-forge
2025-02-17T15:04:44.6259527Z   colorama                       0.4.6                pyhd8ed1ab_0             conda-forge
2025-02-17T15:04:44.6259866Z   comm                           0.2.2                pyhd8ed1ab_0             conda-forge
2025-02-17T15:04:44.6260214Z   commonmark                     0.9.1                py_0                     conda-forge
2025-02-17T15:04:44.6260582Z   contourpy                      1.2.1                py312h8572e83_0          conda-forge
2025-02-17T15:04:44.6260939Z   coverage                       7.5.3                py312h9a8786e_0          conda-forge
2025-02-17T15:04:44.6261288Z   cycler                         0.12.1               pyhd8ed1ab_0             conda-forge
2025-02-17T15:04:44.6261660Z   dataclasses                    0.8                  pyhc8e2a94_3             conda-forge
2025-02-17T15:04:44.6262028Z   debugpy                        1.8.1                py312h30efb56_0          conda-forge
2025-02-17T15:04:44.6262391Z   decorator                      5.1.1                pyhd8ed1ab_0             conda-forge
2025-02-17T15:04:44.6262760Z   defusedxml                     0.7.1                pyhd8ed1ab_0             conda-forge
2025-02-17T15:04:44.6263134Z   docutils                       0.20.1               py312h7900ff3_3          conda-forge
2025-02-17T15:04:44.6263484Z   dot2tex                        2.11.3               pyhd8ed1ab_0             conda-forge
2025-02-17T15:04:44.6263850Z   entrypoints                    0.4                  pyhd8ed1ab_0             conda-forge
2025-02-17T15:04:44.6264237Z   exceptiongroup                 1.2.0                pyhd8ed1ab_2             conda-forge
2025-02-17T15:04:44.6264619Z   executing                      2.0.1                pyhd8ed1ab_0             conda-forge
2025-02-17T15:04:44.6264969Z   expat                          2.6.2                h59595ed_0               conda-forge
2025-02-17T15:04:44.6265362Z   font-ttf-dejavu-sans-mono      2.37                 hab24e00_0               conda-forge
2025-02-17T15:04:44.6265810Z   font-ttf-inconsolata           3.000                h77eed37_0               conda-forge
2025-02-17T15:04:44.6266248Z   font-ttf-source-code-pro       2.038                h77eed37_0               conda-forge
2025-02-17T15:04:44.6266674Z   font-ttf-ubuntu                0.83                 h77eed37_2               conda-forge
2025-02-17T15:04:44.6267247Z   fontconfig                     2.14.2               h14ed4e7_0               conda-forge
2025-02-17T15:04:44.6267669Z   fonts-conda-ecosystem          1                    0                        conda-forge
2025-02-17T15:04:44.6268077Z   fonts-conda-forge              1                    0                        conda-forge
2025-02-17T15:04:44.6268458Z   fonttools                      4.53.0               py312h9a8786e_0          conda-forge
2025-02-17T15:04:44.6268812Z   fqdn                           1.5.1                pyhd8ed1ab_0             conda-forge
2025-02-17T15:04:44.6269161Z   freetype                       2.12.1               h267a509_2               conda-forge
2025-02-17T15:04:44.6269511Z   fribidi                        1.0.10               h36c2ea0_0               conda-forge
2025-02-17T15:04:44.6269864Z   future                         1.0.0                pyhd8ed1ab_0             conda-forge
2025-02-17T15:04:44.6270222Z   gdk-pixbuf                     2.42.12              hb9ae30d_0               conda-forge
2025-02-17T15:04:44.6270770Z   giflib                         5.2.2                hd590300_0               conda-forge
2025-02-17T15:04:44.6271132Z   git-lfs                        3.5.1                ha770c72_0               conda-forge
2025-02-17T15:04:44.6271456Z   gmp                            6.3.0                h59595ed_1               conda-forge
2025-02-17T15:04:44.6271781Z   gmpy2                          2.1.5                py312h1d5cde6_1          conda-forge
2025-02-17T15:04:44.6272125Z   graphite2                      1.3.13               h59595ed_1003            conda-forge
2025-02-17T15:04:44.6272593Z   graphviz                       11.0.0               hc68bbd7_0               conda-forge
2025-02-17T15:04:44.6272930Z   gtk2                           2.24.33              h280cfa0_4               conda-forge
2025-02-17T15:04:44.6273247Z   gts                            0.7.6                h977cf35_4               conda-forge
2025-02-17T15:04:44.6273558Z   h11                            0.14.0               pyhd8ed1ab_0             conda-forge
2025-02-17T15:04:44.6273875Z   h2                             4.1.0                pyhd8ed1ab_0             conda-forge
2025-02-17T15:04:44.6274200Z   h5py                           3.11.0               nompi_py312hb7ab980_102  conda-forge
2025-02-17T15:04:44.6274546Z   harfbuzz                       8.5.0                hfac3d4d_0               conda-forge
2025-02-17T15:04:44.6274881Z   hdf5                           1.14.3               nompi_hdf9ad27_105       conda-forge
2025-02-17T15:04:44.6275215Z   hpack                          4.0.0                pyh9f0ad1d_0             conda-forge
2025-02-17T15:04:44.6275553Z   httpcore                       1.0.5                pyhd8ed1ab_0             conda-forge
2025-02-17T15:04:44.6275915Z   httpx                          0.27.0               pyhd8ed1ab_0             conda-forge
2025-02-17T15:04:44.6276260Z   hyperframe                     6.0.1                pyhd8ed1ab_0             conda-forge
2025-02-17T15:04:44.6276602Z   icu                            73.2                 h59595ed_0               conda-forge
2025-02-17T15:04:44.6276912Z   idna                           3.7                  pyhd8ed1ab_0             conda-forge
2025-02-17T15:04:44.6277817Z   imagesize                      1.4.1                pyhd8ed1ab_0             conda-forge
2025-02-17T15:04:44.6278211Z   importlib-metadata             7.1.0                pyha770c72_0             conda-forge
2025-02-17T15:04:44.6278620Z   importlib_metadata             7.1.0                hd8ed1ab_0               conda-forge
2025-02-17T15:04:44.6279039Z   importlib_resources            6.4.0                pyhd8ed1ab_0             conda-forge
2025-02-17T15:04:44.6279428Z   iniconfig                      2.0.0                pyhd8ed1ab_0             conda-forge
2025-02-17T15:04:44.6279780Z   ipykernel                      6.29.4               pyh3099207_0             conda-forge
2025-02-17T15:04:44.6280135Z   ipython                        8.25.0               pyh707e725_0             conda-forge
2025-02-17T15:04:44.6280503Z   ipython_genutils               0.2.0                pyhd8ed1ab_1             conda-forge
2025-02-17T15:04:44.6280882Z   ipywidgets                     7.8.0                pyhd8ed1ab_0             conda-forge
2025-02-17T15:04:44.6281250Z   isoduration                    20.11.0              pyhd8ed1ab_0             conda-forge
2025-02-17T15:04:44.6281595Z   jedi                           0.19.1               pyhd8ed1ab_0             conda-forge
2025-02-17T15:04:44.6281966Z   jinja2                         3.1.4                pyhd8ed1ab_0             conda-forge
2025-02-17T15:04:44.6282293Z   json5                          0.9.25               pyhd8ed1ab_0             conda-forge
2025-02-17T15:04:44.6282639Z   jsonpointer                    3.0.0                py312h7900ff3_0          conda-forge
2025-02-17T15:04:44.6283004Z   jsonschema                     4.22.0               pyhd8ed1ab_0             conda-forge
2025-02-17T15:04:44.6283566Z   jsonschema-specifications      2023.12.1            pyhd8ed1ab_0             conda-forge
2025-02-17T15:04:44.6284061Z   jsonschema-with-format-nongpl  4.22.0               pyhd8ed1ab_0             conda-forge
2025-02-17T15:04:44.6284483Z   jupyter-lsp                    2.2.5                pyhd8ed1ab_0             conda-forge
2025-02-17T15:04:44.6284855Z   jupyter_client                 8.6.2                pyhd8ed1ab_0             conda-forge
2025-02-17T15:04:44.6285224Z   jupyter_core                   5.7.2                py312h7900ff3_0          conda-forge
2025-02-17T15:04:44.6285705Z   jupyter_events                 0.10.0               pyhd8ed1ab_0             conda-forge
2025-02-17T15:04:44.6286086Z   jupyter_server                 2.14.1               pyhd8ed1ab_0             conda-forge
2025-02-17T15:04:44.6286488Z   jupyter_server_terminals       0.5.3                pyhd8ed1ab_0             conda-forge
2025-02-17T15:04:44.6286888Z   jupyterlab                     4.2.2                pyhd8ed1ab_0             conda-forge
2025-02-17T15:04:44.6287465Z   jupyterlab_pygments            0.3.0                pyhd8ed1ab_1             conda-forge
2025-02-17T15:04:44.6287873Z   jupyterlab_server              2.27.2               pyhd8ed1ab_0             conda-forge
2025-02-17T15:04:44.6288282Z   jupyterlab_widgets             1.1.7                pyhd8ed1ab_0             conda-forge
2025-02-17T15:04:44.6288659Z   keyutils                       1.6.1                h166bdaf_0               conda-forge
2025-02-17T15:04:44.6289021Z   kiwisolver                     1.4.5                py312h8572e83_1          conda-forge
2025-02-17T15:04:44.6289360Z   krb5                           1.21.2               h659d440_0               conda-forge
2025-02-17T15:04:44.6289699Z   latexcodec                     2.0.1                pyh9f0ad1d_0             conda-forge
2025-02-17T15:04:44.6290051Z   lcms2                          2.16                 hb7c19ff_0               conda-forge
2025-02-17T15:04:44.6290403Z   ld_impl_linux-64               2.40                 hf3520f5_7               conda-forge
2025-02-17T15:04:44.6290745Z   lerc                           4.0.0                h27087fc_0               conda-forge
2025-02-17T15:04:44.6291069Z   libaec                         1.1.3                h59595ed_0               conda-forge
2025-02-17T15:04:44.6291405Z   libblas                        3.9.0                22_linux64_openblas      conda-forge
2025-02-17T15:04:44.6291775Z   libbrotlicommon                1.1.0                hd590300_1               conda-forge
2025-02-17T15:04:44.6292162Z   libbrotlidec                   1.1.0                hd590300_1               conda-forge
2025-02-17T15:04:44.6292525Z   libbrotlienc                   1.1.0                hd590300_1               conda-forge
2025-02-17T15:04:44.6292885Z   libcblas                       3.9.0                22_linux64_openblas      conda-forge
2025-02-17T15:04:44.6293230Z   libcurl                        8.8.0                hca28451_0               conda-forge
2025-02-17T15:04:44.6293585Z   libdeflate                     1.20                 hd590300_0               conda-forge
2025-02-17T15:04:44.6293944Z   libedit                        3.1.20191231         he28a2e2_2               conda-forge
2025-02-17T15:04:44.6294285Z   libev                          4.33                 hd590300_2               conda-forge
2025-02-17T15:04:44.6294616Z   libexpat                       2.6.2                h59595ed_0               conda-forge
2025-02-17T15:04:44.6294957Z   libffi                         3.4.2                h7f98852_5               conda-forge
2025-02-17T15:04:44.6295292Z   libgcc-ng                      13.2.0               h77fa898_10              conda-forge
2025-02-17T15:04:44.6295626Z   libgd                          2.3.3                h119a65a_9               conda-forge
2025-02-17T15:04:44.6295976Z   libgfortran-ng                 13.2.0               h69a702a_10              conda-forge
2025-02-17T15:04:44.6296483Z   libgfortran5                   13.2.0               h3d2ce59_10              conda-forge
2025-02-17T15:04:44.6296844Z   libglib                        2.80.2               h8a4344b_1               conda-forge
2025-02-17T15:04:44.6297341Z   libgomp                        13.2.0               h77fa898_10              conda-forge
2025-02-17T15:04:44.6297686Z   libiconv                       1.17                 hd590300_2               conda-forge
2025-02-17T15:04:44.6298044Z   libjpeg-turbo                  3.0.0                hd590300_1               conda-forge
2025-02-17T15:04:44.6298599Z   liblapack                      3.9.0                22_linux64_openblas      conda-forge
2025-02-17T15:04:44.6298959Z   libllvm14                      14.0.6               hcd5def8_4               conda-forge
2025-02-17T15:04:44.6299324Z   libnghttp2                     1.58.0               h47da74e_1               conda-forge
2025-02-17T15:04:44.6299671Z   libnsl                         2.0.1                hd590300_0               conda-forge
2025-02-17T15:04:44.6300052Z   libopenblas                    0.3.27               pthreads_h413a1c8_0      conda-forge
2025-02-17T15:04:44.6300407Z   libpng                         1.6.43               h2797004_0               conda-forge
2025-02-17T15:04:44.6300750Z   librsvg                        2.58.1               hadf69e7_0               conda-forge
2025-02-17T15:04:44.6301097Z   libsodium                      1.0.18               h36c2ea0_1               conda-forge
2025-02-17T15:04:44.6301459Z   libsqlite                      3.46.0               hde9e2c9_0               conda-forge
2025-02-17T15:04:44.6301804Z   libssh2                        1.11.0               h0841786_0               conda-forge
2025-02-17T15:04:44.6302161Z   libstdcxx-ng                   13.2.0               hc0a3c3a_10              conda-forge
2025-02-17T15:04:44.6302515Z   libtiff                        4.6.0                h1dd3fc0_3               conda-forge
2025-02-17T15:04:44.6302856Z   libuuid                        2.38.1               h0b41bf4_0               conda-forge
2025-02-17T15:04:44.6303193Z   libwebp                        1.4.0                h2c329e2_0               conda-forge
2025-02-17T15:04:44.6303544Z   libwebp-base                   1.4.0                hd590300_0               conda-forge
2025-02-17T15:04:44.6303889Z   libxcb                         1.15                 h0b41bf4_0               conda-forge
2025-02-17T15:04:44.6304235Z   libxcrypt                      4.4.36               hd590300_1               conda-forge
2025-02-17T15:04:44.6304590Z   libxml2                        2.12.7               hc051c1a_1               conda-forge
2025-02-17T15:04:44.6304930Z   libxslt                        1.1.39               h76b75d6_0               conda-forge
2025-02-17T15:04:44.6305267Z   libzlib                        1.3.1                h4ab18f5_1               conda-forge
2025-02-17T15:04:44.6305614Z   llvmlite                       0.42.0               py312hb06c811_1          conda-forge
2025-02-17T15:04:44.6305952Z   lxml                           5.2.2                py312hb90d8a5_0          conda-forge
2025-02-17T15:04:44.6306270Z   lz4-c                          1.9.4                hcb278e6_0               conda-forge
2025-02-17T15:04:44.6306582Z   lzo                            2.10                 hd590300_1001            conda-forge
2025-02-17T15:04:44.6306915Z   markupsafe                     2.1.5                py312h98912ed_0          conda-forge
2025-02-17T15:04:44.6307485Z   matplotlib-base                3.8.4                py312h20ab3a6_2          conda-forge
2025-02-17T15:04:44.6307885Z   matplotlib-inline              0.1.7                pyhd8ed1ab_0             conda-forge
2025-02-17T15:04:44.6308259Z   mistune                        3.0.2                pyhd8ed1ab_0             conda-forge
2025-02-17T15:04:44.6308585Z   mpc                            1.3.1                hfe3b2da_0               conda-forge
2025-02-17T15:04:44.6309026Z   mpfr                           4.2.1                h9458935_1               conda-forge
2025-02-17T15:04:44.6309359Z   mpmath                         1.3.0                pyhd8ed1ab_0             conda-forge
2025-02-17T15:04:44.6309696Z   munkres                        1.1.4                pyh9f0ad1d_0             conda-forge
2025-02-17T15:04:44.6310067Z   mypy_extensions                1.0.0                pyha770c72_0             conda-forge
2025-02-17T15:04:44.6310434Z   nbclassic                      1.1.0                pyhd8ed1ab_0             conda-forge
2025-02-17T15:04:44.6310894Z   nbclient                       0.10.0               pyhd8ed1ab_0             conda-forge
2025-02-17T15:04:44.6311246Z   nbconvert                      7.16.4               hd8ed1ab_1               conda-forge
2025-02-17T15:04:44.6311615Z   nbconvert-core                 7.16.4               pyhd8ed1ab_1             conda-forge
2025-02-17T15:04:44.6312014Z   nbconvert-pandoc               7.16.4               hd8ed1ab_1               conda-forge
2025-02-17T15:04:44.6312400Z   nbformat                       5.10.4               pyhd8ed1ab_0             conda-forge
2025-02-17T15:04:44.6312752Z   nbsphinx                       0.9.4                pyhd8ed1ab_0             conda-forge
2025-02-17T15:04:44.6313097Z   ncurses                        6.5                  h59595ed_0               conda-forge
2025-02-17T15:04:44.6313450Z   nest-asyncio                   1.6.0                pyhd8ed1ab_0             conda-forge
2025-02-17T15:04:44.6313811Z   networkx                       3.3                  pyhd8ed1ab_1             conda-forge
2025-02-17T15:04:44.6314152Z   nomkl                          1.0                  h5ca1d4c_0               conda-forge
2025-02-17T15:04:44.6314492Z   notebook                       7.2.1                pyhd8ed1ab_0             conda-forge
2025-02-17T15:04:44.6314859Z   notebook-shim                  0.2.4                pyhd8ed1ab_0             conda-forge
2025-02-17T15:04:44.6315218Z   numba                          0.59.1               py312hacefee8_0          conda-forge
2025-02-17T15:04:44.6315573Z   numexpr                        2.10.0               py312hf412c99_100        conda-forge
2025-02-17T15:04:44.6315913Z   numpy                          1.26.4               py312heda63a1_0          conda-forge
2025-02-17T15:04:44.6316499Z   numpydoc                       1.7.0                pyhd8ed1ab_1             conda-forge
2025-02-17T15:04:44.6317259Z   openjpeg                       2.5.2                h488ebb8_0               conda-forge
2025-02-17T15:04:44.6317871Z   openssl                        3.3.1                h4ab18f5_0               conda-forge
2025-02-17T15:04:44.6318471Z   overrides                      7.7.0                pyhd8ed1ab_0             conda-forge
2025-02-17T15:04:44.6318837Z   packaging                      24.1                 pyhd8ed1ab_0             conda-forge
2025-02-17T15:04:44.6319187Z   pandas                         2.2.2                py312h1d6d2e6_1          conda-forge
2025-02-17T15:04:44.6319538Z   pandoc                         3.2                  ha770c72_0               conda-forge
2025-02-17T15:04:44.6319905Z   pandocfilters                  1.5.0                pyhd8ed1ab_0             conda-forge
2025-02-17T15:04:44.6320263Z   pango                          1.54.0               h84a9a3c_0               conda-forge
2025-02-17T15:04:44.6320590Z   parso                          0.8.4                pyhd8ed1ab_0             conda-forge
2025-02-17T15:04:44.6320934Z   pathspec                       0.12.1               pyhd8ed1ab_0             conda-forge
2025-02-17T15:04:44.6321277Z   pbr                            6.0.0                pyhd8ed1ab_0             conda-forge
2025-02-17T15:04:44.6321610Z   pcre2                          10.44                h0f59acf_0               conda-forge
2025-02-17T15:04:44.6321950Z   pexpect                        4.9.0                pyhd8ed1ab_0             conda-forge
2025-02-17T15:04:44.6322305Z   pickleshare                    0.7.5                py_1003                  conda-forge
2025-02-17T15:04:44.6322794Z   pillow                         10.3.0               py312hdcec9eb_0          conda-forge
2025-02-17T15:04:44.6323131Z   pip                            24.0                 pyhd8ed1ab_0             conda-forge
2025-02-17T15:04:44.6323457Z   pixman                         0.43.2               h59595ed_0               conda-forge
2025-02-17T15:04:44.6323844Z   pkgutil-resolve-name           1.3.10               pyhd8ed1ab_1             conda-forge
2025-02-17T15:04:44.6324354Z   platformdirs                   4.2.2                pyhd8ed1ab_0             conda-forge
2025-02-17T15:04:44.6324712Z   plotly                         5.22.0               pyhd8ed1ab_0             conda-forge
2025-02-17T15:04:44.6325047Z   pluggy                         1.5.0                pyhd8ed1ab_0             conda-forge
2025-02-17T15:04:44.6325416Z   prometheus_client              0.20.0               pyhd8ed1ab_0             conda-forge
2025-02-17T15:04:44.6325816Z   prompt-toolkit                 3.0.47               pyha770c72_0             conda-forge
2025-02-17T15:04:44.6326178Z   psutil                         5.9.8                py312h98912ed_0          conda-forge
2025-02-17T15:04:44.6326534Z   pthread-stubs                  0.4                  h36c2ea0_1001            conda-forge
2025-02-17T15:04:44.6326906Z   ptyprocess                     0.7.0                pyhd3deb0d_0             conda-forge
2025-02-17T15:04:44.6327469Z   pure_eval                      0.2.2                pyhd8ed1ab_0             conda-forge
2025-02-17T15:04:44.6327830Z   py-cpuinfo                     9.0.0                pyhd8ed1ab_0             conda-forge
2025-02-17T15:04:44.6328202Z   pybtex                         0.24.0               pyhd8ed1ab_2             conda-forge
2025-02-17T15:04:44.6328570Z   pybtex-docutils                1.0.3                py312h7900ff3_1          conda-forge
2025-02-17T15:04:44.6328946Z   pycparser                      2.22                 pyhd8ed1ab_0             conda-forge
2025-02-17T15:04:44.6329301Z   pyerfa                         2.0.1.4              py312h085067d_1          conda-forge
2025-02-17T15:04:44.6329648Z   pygments                       2.18.0               pyhd8ed1ab_0             conda-forge
2025-02-17T15:04:44.6330016Z   pygraphviz                     1.13                 py312h4a1d8a7_1          conda-forge
2025-02-17T15:04:44.6330378Z   pyparsing                      3.1.2                pyhd8ed1ab_0             conda-forge
2025-02-17T15:04:44.6330738Z   pysocks                        1.7.1                pyha2e5f31_6             conda-forge
2025-02-17T15:04:44.6331089Z   pytables                       3.9.2                py312h96d95ec_2          conda-forge
2025-02-17T15:04:44.6331433Z   pytest                         8.2.2                pyhd8ed1ab_0             conda-forge
2025-02-17T15:04:44.6331779Z   pytest-cov                     5.0.0                pyhd8ed1ab_0             conda-forge
2025-02-17T15:04:44.6332175Z   pytest-doctestplus             1.2.1                pyhd8ed1ab_0             conda-forge
2025-02-17T15:04:44.6332567Z   pytest-html                    4.1.1                pyhd8ed1ab_0             conda-forge
2025-02-17T15:04:44.6332945Z   pytest-metadata                3.1.1                pyhd8ed1ab_0             conda-forge
2025-02-17T15:04:44.6333312Z   python                         3.12.4               h194c7f8_0_cpython       conda-forge
2025-02-17T15:04:44.6333688Z   python-dateutil                2.9.0                pyhd8ed1ab_0             conda-forge
2025-02-17T15:04:44.6334109Z   python-fastjsonschema          2.20.0               pyhd8ed1ab_0             conda-forge
2025-02-17T15:04:44.6334536Z   python-json-logger             2.0.7                pyhd8ed1ab_0             conda-forge
2025-02-17T15:04:44.6334935Z   python-tzdata                  2024.1               pyhd8ed1ab_0             conda-forge
2025-02-17T15:04:44.6335304Z   python_abi                     3.12                 4_cp312                  conda-forge
2025-02-17T15:04:44.6335771Z   pytz                           2024.1               pyhd8ed1ab_0             conda-forge
2025-02-17T15:04:44.6336108Z   pyyaml                         6.0.1                py312h98912ed_1          conda-forge
2025-02-17T15:04:44.6336445Z   pyzmq                          26.0.3               py312h8fd38d8_0          conda-forge
2025-02-17T15:04:44.6336777Z   qgrid                          1.3.1                pyhd8ed1ab_4             conda-forge
2025-02-17T15:04:44.6337449Z   radioactivedecay               0.5.1                pyhd8ed1ab_0             conda-forge
2025-02-17T15:04:44.6337827Z   readline                       8.2                  h8228510_1               conda-forge
2025-02-17T15:04:44.6338180Z   recommonmark                   0.7.1                pyhd8ed1ab_0             conda-forge
2025-02-17T15:04:44.6338555Z   referencing                    0.35.1               pyhd8ed1ab_0             conda-forge
2025-02-17T15:04:44.6338923Z   requests                       2.32.3               pyhd8ed1ab_0             conda-forge
2025-02-17T15:04:44.6339304Z   rfc3339-validator              0.1.4                pyhd8ed1ab_0             conda-forge
2025-02-17T15:04:44.6339704Z   rfc3986-validator              0.1.1                pyh9f0ad1d_0             conda-forge
2025-02-17T15:04:44.6340082Z   rpds-py                        0.18.1               py312h4413252_0          conda-forge
2025-02-17T15:04:44.6340414Z   ruff                           0.4.9                py312h5715c7c_0          conda-forge
2025-02-17T15:04:44.6340745Z   scipy                          1.13.1               py312hc2bc53b_0          conda-forge
2025-02-17T15:04:44.6341099Z   send2trash                     1.8.3                pyh0d859eb_0             conda-forge
2025-02-17T15:04:44.6341458Z   setuptools                     70.0.0               pyhd8ed1ab_0             conda-forge
2025-02-17T15:04:44.6341838Z   setuptools-scm                 8.1.0                pyhd8ed1ab_0             conda-forge
2025-02-17T15:04:44.6342220Z   setuptools_scm                 8.1.0                hd8ed1ab_0               conda-forge
2025-02-17T15:04:44.6342570Z   six                            1.16.0               pyh6c4a22f_0             conda-forge
2025-02-17T15:04:44.6342904Z   snakeviz                       2.2.0                pyhd8ed1ab_0             conda-forge
2025-02-17T15:04:44.6343245Z   snappy                         1.2.0                hdb0a2a9_1               conda-forge
2025-02-17T15:04:44.6343587Z   sniffio                        1.3.1                pyhd8ed1ab_0             conda-forge
2025-02-17T15:04:44.6343958Z   snowballstemmer                2.2.0                pyhd8ed1ab_0             conda-forge
2025-02-17T15:04:44.6344333Z   soupsieve                      2.5                  pyhd8ed1ab_1             conda-forge
2025-02-17T15:04:44.6344676Z   sphinx                         7.3.7                pyhd8ed1ab_0             conda-forge
2025-02-17T15:04:44.6345047Z   sphinx-astropy                 1.9.1                pyhd8ed1ab_0             conda-forge
2025-02-17T15:04:44.6345451Z   sphinx-automodapi              0.17.0               pyh717bed2_1             conda-forge
2025-02-17T15:04:44.6345854Z   sphinx-gallery                 0.16.0               pyhd8ed1ab_0             conda-forge
2025-02-17T15:04:44.6346252Z   sphinx-jsonschema              1.19.1               pyhd8ed1ab_0             conda-forge
2025-02-17T15:04:44.6346666Z   sphinx_bootstrap_theme         0.8.1                pyhd8ed1ab_0             conda-forge
2025-02-17T15:04:44.6347259Z   sphinx_rtd_theme               2.0.0                pyha770c72_0             conda-forge
2025-02-17T15:04:44.6347682Z   sphinxcontrib-apidoc           0.3.0                py_1                     conda-forge
2025-02-17T15:04:44.6348120Z   sphinxcontrib-applehelp        1.0.8                pyhd8ed1ab_0             conda-forge
2025-02-17T15:04:44.6348561Z   sphinxcontrib-bibtex           2.6.2                pyhd8ed1ab_0             conda-forge
2025-02-17T15:04:44.6349134Z   sphinxcontrib-devhelp          1.0.6                pyhd8ed1ab_0             conda-forge
2025-02-17T15:04:44.6349582Z   sphinxcontrib-htmlhelp         2.0.5                pyhd8ed1ab_0             conda-forge
2025-02-17T15:04:44.6350033Z   sphinxcontrib-jquery           4.1                  pyhd8ed1ab_0             conda-forge
2025-02-17T15:04:44.6350462Z   sphinxcontrib-jsmath           1.0.1                pyhd8ed1ab_0             conda-forge
2025-02-17T15:04:44.6350996Z   sphinxcontrib-qthelp           1.0.7                pyhd8ed1ab_0             conda-forge
2025-02-17T15:04:44.6351465Z   sphinxcontrib-serializinghtml  1.1.10               pyhd8ed1ab_0             conda-forge
2025-02-17T15:04:44.6351895Z   stack_data                     0.6.2                pyhd8ed1ab_0             conda-forge
2025-02-17T15:04:44.6352242Z   sympy                          1.12.1               pypyh2585a3b_103         conda-forge
2025-02-17T15:04:44.6352593Z   tabulate                       0.9.0                pyhd8ed1ab_1             conda-forge
2025-02-17T15:04:44.6352943Z   tenacity                       8.4.1                pyhd8ed1ab_0             conda-forge
2025-02-17T15:04:44.6353303Z   terminado                      0.18.1               pyh0d859eb_0             conda-forge
2025-02-17T15:04:44.6353664Z   tinycss2                       1.3.0                pyhd8ed1ab_0             conda-forge
2025-02-17T15:04:44.6353994Z   tk                             8.6.13               noxft_h4845f30_101       conda-forge
2025-02-17T15:04:44.6354320Z   toml                           0.10.2               pyhd8ed1ab_0             conda-forge
2025-02-17T15:04:44.6354645Z   tomli                          2.0.1                pyhd8ed1ab_0             conda-forge
2025-02-17T15:04:44.6354983Z   tornado                        6.4.1                py312h9a8786e_0          conda-forge
2025-02-17T15:04:44.6355314Z   tqdm                           4.66.4               pyhd8ed1ab_0             conda-forge
2025-02-17T15:04:44.6355655Z   traitlets                      5.14.3               pyhd8ed1ab_0             conda-forge
2025-02-17T15:04:44.6356014Z   typed-ast                      1.5.5                py312h98912ed_1          conda-forge
2025-02-17T15:04:44.6356423Z   types-python-dateutil          2.9.0.20240316       pyhd8ed1ab_0             conda-forge
2025-02-17T15:04:44.6356860Z   typing-extensions              4.12.2               hd8ed1ab_0               conda-forge
2025-02-17T15:04:44.6357409Z   typing_extensions              4.12.2               pyha770c72_0             conda-forge
2025-02-17T15:04:44.6357793Z   typing_utils                   0.1.0                pyhd8ed1ab_0             conda-forge
2025-02-17T15:04:44.6358149Z   tzdata                         2024a                h0c530f3_0               conda-forge
2025-02-17T15:04:44.6358508Z   uri-template                   1.3.0                pyhd8ed1ab_0             conda-forge
2025-02-17T15:04:44.6358876Z   urllib3                        2.2.2                pyhd8ed1ab_0             conda-forge
2025-02-17T15:04:44.6359221Z   wcwidth                        0.2.13               pyhd8ed1ab_0             conda-forge
2025-02-17T15:04:44.6359577Z   webcolors                      24.6.0               pyhd8ed1ab_0             conda-forge
2025-02-17T15:04:44.6359945Z   webencodings                   0.5.1                pyhd8ed1ab_2             conda-forge
2025-02-17T15:04:44.6360331Z   websocket-client               1.8.0                pyhd8ed1ab_0             conda-forge
2025-02-17T15:04:44.6360704Z   wheel                          0.43.0               pyhd8ed1ab_1             conda-forge
2025-02-17T15:04:44.6361080Z   widgetsnbextension             3.6.6                pyhd8ed1ab_0             conda-forge
2025-02-17T15:04:44.6361472Z   xorg-kbproto                   1.0.7                h7f98852_1002            conda-forge
2025-02-17T15:04:44.6361836Z   xorg-libice                    1.1.1                hd590300_0               conda-forge
2025-02-17T15:04:44.6362305Z   xorg-libsm                     1.2.4                h7391055_0               conda-forge
2025-02-17T15:04:44.6362664Z   xorg-libx11                    1.8.9                h8ee46fc_0               conda-forge
2025-02-17T15:04:44.6363025Z   xorg-libxau                    1.0.11               hd590300_0               conda-forge
2025-02-17T15:04:44.6363388Z   xorg-libxdmcp                  1.1.3                h7f98852_0               conda-forge
2025-02-17T15:04:44.6363754Z   xorg-libxext                   1.3.4                h0b41bf4_2               conda-forge
2025-02-17T15:04:44.6364244Z   xorg-libxrender                0.9.11               hd590300_0               conda-forge
2025-02-17T15:04:44.6364636Z   xorg-renderproto               0.11.1               h7f98852_1002            conda-forge
2025-02-17T15:04:44.6365022Z   xorg-xextproto                 7.3.0                h0b41bf4_1003            conda-forge
2025-02-17T15:04:44.6365386Z   xorg-xproto                    7.0.31               h7f98852_1007            conda-forge
2025-02-17T15:04:44.6365721Z   xz                             5.2.6                h166bdaf_0               conda-forge
2025-02-17T15:04:44.6366029Z   yaml                           0.2.5                h7f98852_2               conda-forge
2025-02-17T15:04:44.6366357Z   zeromq                         4.3.5                h75354e8_4               conda-forge
2025-02-17T15:04:44.6366678Z   zipp                           3.19.2               pyhd8ed1ab_0             conda-forge
2025-02-17T15:04:44.6367131Z   zlib                           1.3.1                h4ab18f5_1               conda-forge
2025-02-17T15:04:44.6367452Z   zlib-ng                        2.0.7                h0b41bf4_0               conda-forge
2025-02-17T15:04:44.6367772Z   zstd                           1.5.6                ha6fb4c9_0               conda-forge
2025-02-17T15:04:44.6368283Z ##[endgroup]
2025-02-17T15:04:44.6401669Z ##[group]Run pip install -e . --user
2025-02-17T15:04:44.6402005Z [36;1mpip install -e . --user[0m
2025-02-17T15:04:44.6458769Z shell: /usr/bin/bash -l {0}
2025-02-17T15:04:44.6459021Z env:
2025-02-17T15:04:44.6459207Z   CACHE_NUMBER: 0
2025-02-17T15:04:44.6459825Z   PYTEST_FLAGS: --tardis-regression-data=/home/runner/work/tardis/tardis/tardis-regression-data --cov=tardis --cov-report=xml --cov-report=html --cov-append
2025-02-17T15:04:44.6460499Z   CODECOV_TOKEN: 
2025-02-17T15:04:44.6460725Z   MAMBA_ROOT_PREFIX: /home/runner/micromamba
2025-02-17T15:04:44.6461056Z   MAMBA_EXE: /home/runner/micromamba-bin/micromamba
2025-02-17T15:04:44.6461419Z   CONDARC: /home/runner/work/_temp/setup-micromamba/.condarc
2025-02-17T15:04:44.6461732Z ##[endgroup]
2025-02-17T15:04:45.3917333Z Obtaining file:///home/runner/work/tardis/tardis
2025-02-17T15:04:45.3945081Z   Installing build dependencies: started
2025-02-17T15:04:48.1118408Z   Installing build dependencies: finished with status 'done'
2025-02-17T15:04:48.1124392Z   Checking if build backend supports build_editable: started
2025-02-17T15:04:48.2303782Z   Checking if build backend supports build_editable: finished with status 'done'
2025-02-17T15:04:48.2311128Z   Getting requirements to build editable: started
2025-02-17T15:04:48.6933978Z   Getting requirements to build editable: finished with status 'done'
2025-02-17T15:04:48.6942679Z   Preparing editable metadata (pyproject.toml): started
2025-02-17T15:04:49.1420755Z   Preparing editable metadata (pyproject.toml): finished with status 'done'
2025-02-17T15:04:49.2011411Z Requirement already satisfied: astropy in /home/runner/micromamba/envs/tardis/lib/python3.12/site-packages (from tardis==0.0.0) (6.1.1)
2025-02-17T15:04:49.2394178Z Requirement already satisfied: numpy>=1.23 in /home/runner/micromamba/envs/tardis/lib/python3.12/site-packages (from astropy->tardis==0.0.0) (1.26.4)
2025-02-17T15:04:49.2403185Z Requirement already satisfied: pyerfa>=2.0.1.1 in /home/runner/micromamba/envs/tardis/lib/python3.12/site-packages (from astropy->tardis==0.0.0) (2.0.1.4)
2025-02-17T15:04:49.2413493Z Requirement already satisfied: astropy-iers-data>=0.2024.5.27.0.30.8 in /home/runner/micromamba/envs/tardis/lib/python3.12/site-packages (from astropy->tardis==0.0.0) (0.2024.6.17.0.31.35)
2025-02-17T15:04:49.2421568Z Requirement already satisfied: PyYAML>=3.13 in /home/runner/micromamba/envs/tardis/lib/python3.12/site-packages (from astropy->tardis==0.0.0) (6.0.1)
2025-02-17T15:04:49.2431067Z Requirement already satisfied: packaging>=19.0 in /home/runner/micromamba/envs/tardis/lib/python3.12/site-packages (from astropy->tardis==0.0.0) (24.1)
2025-02-17T15:04:49.2518699Z Building wheels for collected packages: tardis
2025-02-17T15:04:49.2527211Z   Building editable for tardis (pyproject.toml): started
2025-02-17T15:04:50.0083917Z   Building editable for tardis (pyproject.toml): finished with status 'done'
2025-02-17T15:04:50.0091451Z   Created wheel for tardis: filename=tardis-0.0.0-0.editable-py3-none-any.whl size=8879 sha256=ac0b449e47316dfad8dff82ddbefe7cc046720dc5f0eca2002eb2296b0943348
2025-02-17T15:04:50.0092930Z   Stored in directory: /tmp/pip-ephem-wheel-cache-fz8jsjdy/wheels/6a/c7/ae/89fa6dc2565455898176888ef0e2e475e4e90eb0124afcb995
2025-02-17T15:04:50.0119182Z Successfully built tardis
2025-02-17T15:04:50.7696986Z Installing collected packages: tardis
2025-02-17T15:04:50.7792629Z Successfully installed tardis-0.0.0
2025-02-17T15:04:50.9748622Z ##[group]Run pip install qgridnext
2025-02-17T15:04:50.9748971Z [36;1mpip install qgridnext[0m
2025-02-17T15:04:50.9803525Z shell: /usr/bin/bash -l {0}
2025-02-17T15:04:50.9803828Z env:
2025-02-17T15:04:50.9804038Z   CACHE_NUMBER: 0
2025-02-17T15:04:50.9804783Z   PYTEST_FLAGS: --tardis-regression-data=/home/runner/work/tardis/tardis/tardis-regression-data --cov=tardis --cov-report=xml --cov-report=html --cov-append
2025-02-17T15:04:50.9805580Z   CODECOV_TOKEN: 
2025-02-17T15:04:50.9805845Z   MAMBA_ROOT_PREFIX: /home/runner/micromamba
2025-02-17T15:04:50.9806211Z   MAMBA_EXE: /home/runner/micromamba-bin/micromamba
2025-02-17T15:04:50.9806634Z   CONDARC: /home/runner/work/_temp/setup-micromamba/.condarc
2025-02-17T15:04:50.9807238Z ##[endgroup]
2025-02-17T15:04:51.6122811Z Collecting qgridnext
2025-02-17T15:04:51.6447611Z   Downloading qgridnext-2.0.4-py3-none-any.whl.metadata (9.9 kB)
2025-02-17T15:04:51.6544202Z Requirement already satisfied: pandas>=0.20.0 in /home/runner/micromamba/envs/tardis/lib/python3.12/site-packages (from qgridnext) (2.2.2)
2025-02-17T15:04:51.6552743Z Requirement already satisfied: ipywidgets>=7.0.0 in /home/runner/micromamba/envs/tardis/lib/python3.12/site-packages (from qgridnext) (7.8.0)
2025-02-17T15:04:51.6561612Z Requirement already satisfied: numpy in /home/runner/micromamba/envs/tardis/lib/python3.12/site-packages (from qgridnext) (1.26.4)
2025-02-17T15:04:51.6571440Z Requirement already satisfied: traitlets in /home/runner/micromamba/envs/tardis/lib/python3.12/site-packages (from qgridnext) (5.14.3)
2025-02-17T15:04:51.6655166Z Requirement already satisfied: comm>=0.1.3 in /home/runner/micromamba/envs/tardis/lib/python3.12/site-packages (from ipywidgets>=7.0.0->qgridnext) (0.2.2)
2025-02-17T15:04:51.6663732Z Requirement already satisfied: ipython-genutils~=0.2.0 in /home/runner/micromamba/envs/tardis/lib/python3.12/site-packages (from ipywidgets>=7.0.0->qgridnext) (0.2.0)
2025-02-17T15:04:51.6676193Z Requirement already satisfied: widgetsnbextension~=3.6.5 in /home/runner/micromamba/envs/tardis/lib/python3.12/site-packages (from ipywidgets>=7.0.0->qgridnext) (3.6.6)
2025-02-17T15:04:51.6693556Z Requirement already satisfied: ipython>=4.0.0 in /home/runner/micromamba/envs/tardis/lib/python3.12/site-packages (from ipywidgets>=7.0.0->qgridnext) (8.25.0)
2025-02-17T15:04:51.6707962Z Requirement already satisfied: jupyterlab-widgets<3,>=1.0.0 in /home/runner/micromamba/envs/tardis/lib/python3.12/site-packages (from ipywidgets>=7.0.0->qgridnext) (1.1.7)
2025-02-17T15:04:51.7146630Z Requirement already satisfied: python-dateutil>=2.8.2 in /home/runner/micromamba/envs/tardis/lib/python3.12/site-packages (from pandas>=0.20.0->qgridnext) (2.9.0)
2025-02-17T15:04:51.7159921Z Requirement already satisfied: pytz>=2020.1 in /home/runner/micromamba/envs/tardis/lib/python3.12/site-packages (from pandas>=0.20.0->qgridnext) (2024.1)
2025-02-17T15:04:51.7167812Z Requirement already satisfied: tzdata>=2022.7 in /home/runner/micromamba/envs/tardis/lib/python3.12/site-packages (from pandas>=0.20.0->qgridnext) (2024.1)
2025-02-17T15:04:51.7479231Z Requirement already satisfied: decorator in /home/runner/micromamba/envs/tardis/lib/python3.12/site-packages (from ipython>=4.0.0->ipywidgets>=7.0.0->qgridnext) (5.1.1)
2025-02-17T15:04:51.7493117Z Requirement already satisfied: jedi>=0.16 in /home/runner/micromamba/envs/tardis/lib/python3.12/site-packages (from ipython>=4.0.0->ipywidgets>=7.0.0->qgridnext) (0.19.1)
2025-02-17T15:04:51.7501333Z Requirement already satisfied: matplotlib-inline in /home/runner/micromamba/envs/tardis/lib/python3.12/site-packages (from ipython>=4.0.0->ipywidgets>=7.0.0->qgridnext) (0.1.7)
2025-02-17T15:04:51.7513347Z Requirement already satisfied: prompt-toolkit<3.1.0,>=3.0.41 in /home/runner/micromamba/envs/tardis/lib/python3.12/site-packages (from ipython>=4.0.0->ipywidgets>=7.0.0->qgridnext) (3.0.47)
2025-02-17T15:04:51.7522082Z Requirement already satisfied: pygments>=2.4.0 in /home/runner/micromamba/envs/tardis/lib/python3.12/site-packages (from ipython>=4.0.0->ipywidgets>=7.0.0->qgridnext) (2.18.0)
2025-02-17T15:04:51.7531734Z Requirement already satisfied: stack-data in /home/runner/micromamba/envs/tardis/lib/python3.12/site-packages (from ipython>=4.0.0->ipywidgets>=7.0.0->qgridnext) (0.6.2)
2025-02-17T15:04:51.7550357Z Requirement already satisfied: pexpect>4.3 in /home/runner/micromamba/envs/tardis/lib/python3.12/site-packages (from ipython>=4.0.0->ipywidgets>=7.0.0->qgridnext) (4.9.0)
2025-02-17T15:04:51.7596887Z Requirement already satisfied: six>=1.5 in /home/runner/micromamba/envs/tardis/lib/python3.12/site-packages (from python-dateutil>=2.8.2->pandas>=0.20.0->qgridnext) (1.16.0)
2025-02-17T15:04:51.7653084Z Requirement already satisfied: notebook>=4.4.1 in /home/runner/micromamba/envs/tardis/lib/python3.12/site-packages (from widgetsnbextension~=3.6.5->ipywidgets>=7.0.0->qgridnext) (7.2.1)
2025-02-17T15:04:51.7838371Z Requirement already satisfied: parso<0.9.0,>=0.8.3 in /home/runner/micromamba/envs/tardis/lib/python3.12/site-packages (from jedi>=0.16->ipython>=4.0.0->ipywidgets>=7.0.0->qgridnext) (0.8.4)
2025-02-17T15:04:51.7981406Z Requirement already satisfied: jupyter-server<3,>=2.4.0 in /home/runner/micromamba/envs/tardis/lib/python3.12/site-packages (from notebook>=4.4.1->widgetsnbextension~=3.6.5->ipywidgets>=7.0.0->qgridnext) (2.14.1)
2025-02-17T15:04:51.7994041Z Requirement already satisfied: jupyterlab-server<3,>=2.27.1 in /home/runner/micromamba/envs/tardis/lib/python3.12/site-packages (from notebook>=4.4.1->widgetsnbextension~=3.6.5->ipywidgets>=7.0.0->qgridnext) (2.27.2)
2025-02-17T15:04:51.8008795Z Requirement already satisfied: jupyterlab<4.3,>=4.2.0 in /home/runner/micromamba/envs/tardis/lib/python3.12/site-packages (from notebook>=4.4.1->widgetsnbextension~=3.6.5->ipywidgets>=7.0.0->qgridnext) (4.2.2)
2025-02-17T15:04:51.8018785Z Requirement already satisfied: notebook-shim<0.3,>=0.2 in /home/runner/micromamba/envs/tardis/lib/python3.12/site-packages (from notebook>=4.4.1->widgetsnbextension~=3.6.5->ipywidgets>=7.0.0->qgridnext) (0.2.4)
2025-02-17T15:04:51.8026688Z Requirement already satisfied: tornado>=6.2.0 in /home/runner/micromamba/envs/tardis/lib/python3.12/site-packages (from notebook>=4.4.1->widgetsnbextension~=3.6.5->ipywidgets>=7.0.0->qgridnext) (6.4.1)
2025-02-17T15:04:51.8056036Z Requirement already satisfied: ptyprocess>=0.5 in /home/runner/micromamba/envs/tardis/lib/python3.12/site-packages (from pexpect>4.3->ipython>=4.0.0->ipywidgets>=7.0.0->qgridnext) (0.7.0)
2025-02-17T15:04:51.8084325Z Requirement already satisfied: wcwidth in /home/runner/micromamba/envs/tardis/lib/python3.12/site-packages (from prompt-toolkit<3.1.0,>=3.0.41->ipython>=4.0.0->ipywidgets>=7.0.0->qgridnext) (0.2.13)
2025-02-17T15:04:51.8220410Z Requirement already satisfied: executing>=1.2.0 in /home/runner/micromamba/envs/tardis/lib/python3.12/site-packages (from stack-data->ipython>=4.0.0->ipywidgets>=7.0.0->qgridnext) (2.0.1)
2025-02-17T15:04:51.8229677Z Requirement already satisfied: asttokens>=2.1.0 in /home/runner/micromamba/envs/tardis/lib/python3.12/site-packages (from stack-data->ipython>=4.0.0->ipywidgets>=7.0.0->qgridnext) (2.4.1)
2025-02-17T15:04:51.8236503Z Requirement already satisfied: pure-eval in /home/runner/micromamba/envs/tardis/lib/python3.12/site-packages (from stack-data->ipython>=4.0.0->ipywidgets>=7.0.0->qgridnext) (0.2.2)
2025-02-17T15:04:51.8566123Z Requirement already satisfied: anyio>=3.1.0 in /home/runner/micromamba/envs/tardis/lib/python3.12/site-packages (from jupyter-server<3,>=2.4.0->notebook>=4.4.1->widgetsnbextension~=3.6.5->ipywidgets>=7.0.0->qgridnext) (4.4.0)
2025-02-17T15:04:51.8575880Z Requirement already satisfied: argon2-cffi>=21.1 in /home/runner/micromamba/envs/tardis/lib/python3.12/site-packages (from jupyter-server<3,>=2.4.0->notebook>=4.4.1->widgetsnbextension~=3.6.5->ipywidgets>=7.0.0->qgridnext) (23.1.0)
2025-02-17T15:04:51.8583899Z Requirement already satisfied: jinja2>=3.0.3 in /home/runner/micromamba/envs/tardis/lib/python3.12/site-packages (from jupyter-server<3,>=2.4.0->notebook>=4.4.1->widgetsnbextension~=3.6.5->ipywidgets>=7.0.0->qgridnext) (3.1.4)
2025-02-17T15:04:51.8595281Z Requirement already satisfied: jupyter-client>=7.4.4 in /home/runner/micromamba/envs/tardis/lib/python3.12/site-packages (from jupyter-server<3,>=2.4.0->notebook>=4.4.1->widgetsnbextension~=3.6.5->ipywidgets>=7.0.0->qgridnext) (8.6.2)
2025-02-17T15:04:51.8606514Z Requirement already satisfied: jupyter-core!=5.0.*,>=4.12 in /home/runner/micromamba/envs/tardis/lib/python3.12/site-packages (from jupyter-server<3,>=2.4.0->notebook>=4.4.1->widgetsnbextension~=3.6.5->ipywidgets>=7.0.0->qgridnext) (5.7.2)
2025-02-17T15:04:51.8617573Z Requirement already satisfied: jupyter-events>=0.9.0 in /home/runner/micromamba/envs/tardis/lib/python3.12/site-packages (from jupyter-server<3,>=2.4.0->notebook>=4.4.1->widgetsnbextension~=3.6.5->ipywidgets>=7.0.0->qgridnext) (0.10.0)
2025-02-17T15:04:51.8628474Z Requirement already satisfied: jupyter-server-terminals>=0.4.4 in /home/runner/micromamba/envs/tardis/lib/python3.12/site-packages (from jupyter-server<3,>=2.4.0->notebook>=4.4.1->widgetsnbextension~=3.6.5->ipywidgets>=7.0.0->qgridnext) (0.5.3)
2025-02-17T15:04:51.8641643Z Requirement already satisfied: nbconvert>=6.4.4 in /home/runner/micromamba/envs/tardis/lib/python3.12/site-packages (from jupyter-server<3,>=2.4.0->notebook>=4.4.1->widgetsnbextension~=3.6.5->ipywidgets>=7.0.0->qgridnext) (7.16.4)
2025-02-17T15:04:51.8651584Z Requirement already satisfied: nbformat>=5.3.0 in /home/runner/micromamba/envs/tardis/lib/python3.12/site-packages (from jupyter-server<3,>=2.4.0->notebook>=4.4.1->widgetsnbextension~=3.6.5->ipywidgets>=7.0.0->qgridnext) (5.10.4)
2025-02-17T15:04:51.8660361Z Requirement already satisfied: overrides>=5.0 in /home/runner/micromamba/envs/tardis/lib/python3.12/site-packages (from jupyter-server<3,>=2.4.0->notebook>=4.4.1->widgetsnbextension~=3.6.5->ipywidgets>=7.0.0->qgridnext) (7.7.0)
2025-02-17T15:04:51.8669833Z Requirement already satisfied: packaging>=22.0 in /home/runner/micromamba/envs/tardis/lib/python3.12/site-packages (from jupyter-server<3,>=2.4.0->notebook>=4.4.1->widgetsnbextension~=3.6.5->ipywidgets>=7.0.0->qgridnext) (24.1)
2025-02-17T15:04:51.8678115Z Requirement already satisfied: prometheus-client>=0.9 in /home/runner/micromamba/envs/tardis/lib/python3.12/site-packages (from jupyter-server<3,>=2.4.0->notebook>=4.4.1->widgetsnbextension~=3.6.5->ipywidgets>=7.0.0->qgridnext) (0.20.0)
2025-02-17T15:04:51.8688509Z Requirement already satisfied: pyzmq>=24 in /home/runner/micromamba/envs/tardis/lib/python3.12/site-packages (from jupyter-server<3,>=2.4.0->notebook>=4.4.1->widgetsnbextension~=3.6.5->ipywidgets>=7.0.0->qgridnext) (26.0.3)
2025-02-17T15:04:51.8697239Z Requirement already satisfied: send2trash>=1.8.2 in /home/runner/micromamba/envs/tardis/lib/python3.12/site-packages (from jupyter-server<3,>=2.4.0->notebook>=4.4.1->widgetsnbextension~=3.6.5->ipywidgets>=7.0.0->qgridnext) (1.8.3)
2025-02-17T15:04:51.8708211Z Requirement already satisfied: terminado>=0.8.3 in /home/runner/micromamba/envs/tardis/lib/python3.12/site-packages (from jupyter-server<3,>=2.4.0->notebook>=4.4.1->widgetsnbextension~=3.6.5->ipywidgets>=7.0.0->qgridnext) (0.18.1)
2025-02-17T15:04:51.8724986Z Requirement already satisfied: websocket-client>=1.7 in /home/runner/micromamba/envs/tardis/lib/python3.12/site-packages (from jupyter-server<3,>=2.4.0->notebook>=4.4.1->widgetsnbextension~=3.6.5->ipywidgets>=7.0.0->qgridnext) (1.8.0)
2025-02-17T15:04:51.9002591Z Requirement already satisfied: async-lru>=1.0.0 in /home/runner/micromamba/envs/tardis/lib/python3.12/site-packages (from jupyterlab<4.3,>=4.2.0->notebook>=4.4.1->widgetsnbextension~=3.6.5->ipywidgets>=7.0.0->qgridnext) (2.0.4)
2025-02-17T15:04:51.9014062Z Requirement already satisfied: httpx>=0.25.0 in /home/runner/micromamba/envs/tardis/lib/python3.12/site-packages (from jupyterlab<4.3,>=4.2.0->notebook>=4.4.1->widgetsnbextension~=3.6.5->ipywidgets>=7.0.0->qgridnext) (0.27.0)
2025-02-17T15:04:51.9025753Z Requirement already satisfied: ipykernel>=6.5.0 in /home/runner/micromamba/envs/tardis/lib/python3.12/site-packages (from jupyterlab<4.3,>=4.2.0->notebook>=4.4.1->widgetsnbextension~=3.6.5->ipywidgets>=7.0.0->qgridnext) (6.29.4)
2025-02-17T15:04:51.9039819Z Requirement already satisfied: jupyter-lsp>=2.0.0 in /home/runner/micromamba/envs/tardis/lib/python3.12/site-packages (from jupyterlab<4.3,>=4.2.0->notebook>=4.4.1->widgetsnbextension~=3.6.5->ipywidgets>=7.0.0->qgridnext) (2.2.5)
2025-02-17T15:04:51.9065313Z Requirement already satisfied: setuptools>=40.1.0 in /home/runner/micromamba/envs/tardis/lib/python3.12/site-packages (from jupyterlab<4.3,>=4.2.0->notebook>=4.4.1->widgetsnbextension~=3.6.5->ipywidgets>=7.0.0->qgridnext) (70.0.0)
2025-02-17T15:04:51.9250157Z Requirement already satisfied: babel>=2.10 in /home/runner/micromamba/envs/tardis/lib/python3.12/site-packages (from jupyterlab-server<3,>=2.27.1->notebook>=4.4.1->widgetsnbextension~=3.6.5->ipywidgets>=7.0.0->qgridnext) (2.14.0)
2025-02-17T15:04:51.9276082Z Requirement already satisfied: json5>=0.9.0 in /home/runner/micromamba/envs/tardis/lib/python3.12/site-packages (from jupyterlab-server<3,>=2.27.1->notebook>=4.4.1->widgetsnbextension~=3.6.5->ipywidgets>=7.0.0->qgridnext) (0.9.25)
2025-02-17T15:04:51.9286650Z Requirement already satisfied: jsonschema>=4.18.0 in /home/runner/micromamba/envs/tardis/lib/python3.12/site-packages (from jupyterlab-server<3,>=2.27.1->notebook>=4.4.1->widgetsnbextension~=3.6.5->ipywidgets>=7.0.0->qgridnext) (4.22.0)
2025-02-17T15:04:51.9304498Z Requirement already satisfied: requests>=2.31 in /home/runner/micromamba/envs/tardis/lib/python3.12/site-packages (from jupyterlab-server<3,>=2.27.1->notebook>=4.4.1->widgetsnbextension~=3.6.5->ipywidgets>=7.0.0->qgridnext) (2.32.3)
2025-02-17T15:04:51.9651915Z Requirement already satisfied: idna>=2.8 in /home/runner/micromamba/envs/tardis/lib/python3.12/site-packages (from anyio>=3.1.0->jupyter-server<3,>=2.4.0->notebook>=4.4.1->widgetsnbextension~=3.6.5->ipywidgets>=7.0.0->qgridnext) (3.7)
2025-02-17T15:04:51.9661208Z Requirement already satisfied: sniffio>=1.1 in /home/runner/micromamba/envs/tardis/lib/python3.12/site-packages (from anyio>=3.1.0->jupyter-server<3,>=2.4.0->notebook>=4.4.1->widgetsnbextension~=3.6.5->ipywidgets>=7.0.0->qgridnext) (1.3.1)
2025-02-17T15:04:51.9751308Z Requirement already satisfied: argon2-cffi-bindings in /home/runner/micromamba/envs/tardis/lib/python3.12/site-packages (from argon2-cffi>=21.1->jupyter-server<3,>=2.4.0->notebook>=4.4.1->widgetsnbextension~=3.6.5->ipywidgets>=7.0.0->qgridnext) (21.2.0)
2025-02-17T15:04:51.9932849Z Requirement already satisfied: certifi in /home/runner/micromamba/envs/tardis/lib/python3.12/site-packages (from httpx>=0.25.0->jupyterlab<4.3,>=4.2.0->notebook>=4.4.1->widgetsnbextension~=3.6.5->ipywidgets>=7.0.0->qgridnext) (2024.6.2)
2025-02-17T15:04:51.9947594Z Requirement already satisfied: httpcore==1.* in /home/runner/micromamba/envs/tardis/lib/python3.12/site-packages (from httpx>=0.25.0->jupyterlab<4.3,>=4.2.0->notebook>=4.4.1->widgetsnbextension~=3.6.5->ipywidgets>=7.0.0->qgridnext) (1.0.5)
2025-02-17T15:04:52.0026659Z Requirement already satisfied: h11<0.15,>=0.13 in /home/runner/micromamba/envs/tardis/lib/python3.12/site-packages (from httpcore==1.*->httpx>=0.25.0->jupyterlab<4.3,>=4.2.0->notebook>=4.4.1->widgetsnbextension~=3.6.5->ipywidgets>=7.0.0->qgridnext) (0.14.0)
2025-02-17T15:04:52.0213922Z Requirement already satisfied: debugpy>=1.6.5 in /home/runner/micromamba/envs/tardis/lib/python3.12/site-packages (from ipykernel>=6.5.0->jupyterlab<4.3,>=4.2.0->notebook>=4.4.1->widgetsnbextension~=3.6.5->ipywidgets>=7.0.0->qgridnext) (1.8.1)
2025-02-17T15:04:52.0234617Z Requirement already satisfied: nest-asyncio in /home/runner/micromamba/envs/tardis/lib/python3.12/site-packages (from ipykernel>=6.5.0->jupyterlab<4.3,>=4.2.0->notebook>=4.4.1->widgetsnbextension~=3.6.5->ipywidgets>=7.0.0->qgridnext) (1.6.0)
2025-02-17T15:04:52.0248919Z Requirement already satisfied: psutil in /home/runner/micromamba/envs/tardis/lib/python3.12/site-packages (from ipykernel>=6.5.0->jupyterlab<4.3,>=4.2.0->notebook>=4.4.1->widgetsnbextension~=3.6.5->ipywidgets>=7.0.0->qgridnext) (5.9.8)
2025-02-17T15:04:52.0315224Z Requirement already satisfied: MarkupSafe>=2.0 in /home/runner/micromamba/envs/tardis/lib/python3.12/site-packages (from jinja2>=3.0.3->jupyter-server<3,>=2.4.0->notebook>=4.4.1->widgetsnbextension~=3.6.5->ipywidgets>=7.0.0->qgridnext) (2.1.5)
2025-02-17T15:04:52.0506860Z Requirement already satisfied: attrs>=22.2.0 in /home/runner/micromamba/envs/tardis/lib/python3.12/site-packages (from jsonschema>=4.18.0->jupyterlab-server<3,>=2.27.1->notebook>=4.4.1->widgetsnbextension~=3.6.5->ipywidgets>=7.0.0->qgridnext) (23.2.0)
2025-02-17T15:04:52.0516848Z Requirement already satisfied: jsonschema-specifications>=2023.03.6 in /home/runner/micromamba/envs/tardis/lib/python3.12/site-packages (from jsonschema>=4.18.0->jupyterlab-server<3,>=2.27.1->notebook>=4.4.1->widgetsnbextension~=3.6.5->ipywidgets>=7.0.0->qgridnext) (2023.12.1)
2025-02-17T15:04:52.0525031Z Requirement already satisfied: referencing>=0.28.4 in /home/runner/micromamba/envs/tardis/lib/python3.12/site-packages (from jsonschema>=4.18.0->jupyterlab-server<3,>=2.27.1->notebook>=4.4.1->widgetsnbextension~=3.6.5->ipywidgets>=7.0.0->qgridnext) (0.35.1)
2025-02-17T15:04:52.0533988Z Requirement already satisfied: rpds-py>=0.7.1 in /home/runner/micromamba/envs/tardis/lib/python3.12/site-packages (from jsonschema>=4.18.0->jupyterlab-server<3,>=2.27.1->notebook>=4.4.1->widgetsnbextension~=3.6.5->ipywidgets>=7.0.0->qgridnext) (0.18.1)
2025-02-17T15:04:52.0796382Z Requirement already satisfied: platformdirs>=2.5 in /home/runner/micromamba/envs/tardis/lib/python3.12/site-packages (from jupyter-core!=5.0.*,>=4.12->jupyter-server<3,>=2.4.0->notebook>=4.4.1->widgetsnbextension~=3.6.5->ipywidgets>=7.0.0->qgridnext) (4.2.2)
2025-02-17T15:04:52.0945935Z Requirement already satisfied: python-json-logger>=2.0.4 in /home/runner/micromamba/envs/tardis/lib/python3.12/site-packages (from jupyter-events>=0.9.0->jupyter-server<3,>=2.4.0->notebook>=4.4.1->widgetsnbextension~=3.6.5->ipywidgets>=7.0.0->qgridnext) (2.0.7)
2025-02-17T15:04:52.0954378Z Requirement already satisfied: pyyaml>=5.3 in /home/runner/micromamba/envs/tardis/lib/python3.12/site-packages (from jupyter-events>=0.9.0->jupyter-server<3,>=2.4.0->notebook>=4.4.1->widgetsnbextension~=3.6.5->ipywidgets>=7.0.0->qgridnext) (6.0.1)
2025-02-17T15:04:52.0965386Z Requirement already satisfied: rfc3339-validator in /home/runner/micromamba/envs/tardis/lib/python3.12/site-packages (from jupyter-events>=0.9.0->jupyter-server<3,>=2.4.0->notebook>=4.4.1->widgetsnbextension~=3.6.5->ipywidgets>=7.0.0->qgridnext) (0.1.4)
2025-02-17T15:04:52.0981993Z Requirement already satisfied: rfc3986-validator>=0.1.1 in /home/runner/micromamba/envs/tardis/lib/python3.12/site-packages (from jupyter-events>=0.9.0->jupyter-server<3,>=2.4.0->notebook>=4.4.1->widgetsnbextension~=3.6.5->ipywidgets>=7.0.0->qgridnext) (0.1.1)
2025-02-17T15:04:52.1399999Z Requirement already satisfied: beautifulsoup4 in /home/runner/micromamba/envs/tardis/lib/python3.12/site-packages (from nbconvert>=6.4.4->jupyter-server<3,>=2.4.0->notebook>=4.4.1->widgetsnbextension~=3.6.5->ipywidgets>=7.0.0->qgridnext) (4.12.3)
2025-02-17T15:04:52.1418364Z Requirement already satisfied: bleach!=5.0.0 in /home/runner/micromamba/envs/tardis/lib/python3.12/site-packages (from nbconvert>=6.4.4->jupyter-server<3,>=2.4.0->notebook>=4.4.1->widgetsnbextension~=3.6.5->ipywidgets>=7.0.0->qgridnext) (6.1.0)
2025-02-17T15:04:52.1432330Z Requirement already satisfied: defusedxml in /home/runner/micromamba/envs/tardis/lib/python3.12/site-packages (from nbconvert>=6.4.4->jupyter-server<3,>=2.4.0->notebook>=4.4.1->widgetsnbextension~=3.6.5->ipywidgets>=7.0.0->qgridnext) (0.7.1)
2025-02-17T15:04:52.1445905Z Requirement already satisfied: jupyterlab-pygments in /home/runner/micromamba/envs/tardis/lib/python3.12/site-packages (from nbconvert>=6.4.4->jupyter-server<3,>=2.4.0->notebook>=4.4.1->widgetsnbextension~=3.6.5->ipywidgets>=7.0.0->qgridnext) (0.3.0)
2025-02-17T15:04:52.1457364Z Requirement already satisfied: mistune<4,>=2.0.3 in /home/runner/micromamba/envs/tardis/lib/python3.12/site-packages (from nbconvert>=6.4.4->jupyter-server<3,>=2.4.0->notebook>=4.4.1->widgetsnbextension~=3.6.5->ipywidgets>=7.0.0->qgridnext) (3.0.2)
2025-02-17T15:04:52.1469423Z Requirement already satisfied: nbclient>=0.5.0 in /home/runner/micromamba/envs/tardis/lib/python3.12/site-packages (from nbconvert>=6.4.4->jupyter-server<3,>=2.4.0->notebook>=4.4.1->widgetsnbextension~=3.6.5->ipywidgets>=7.0.0->qgridnext) (0.10.0)
2025-02-17T15:04:52.1485675Z Requirement already satisfied: pandocfilters>=1.4.1 in /home/runner/micromamba/envs/tardis/lib/python3.12/site-packages (from nbconvert>=6.4.4->jupyter-server<3,>=2.4.0->notebook>=4.4.1->widgetsnbextension~=3.6.5->ipywidgets>=7.0.0->qgridnext) (1.5.0)
2025-02-17T15:04:52.1495232Z Requirement already satisfied: tinycss2 in /home/runner/micromamba/envs/tardis/lib/python3.12/site-packages (from nbconvert>=6.4.4->jupyter-server<3,>=2.4.0->notebook>=4.4.1->widgetsnbextension~=3.6.5->ipywidgets>=7.0.0->qgridnext) (1.3.0)
2025-02-17T15:04:52.1610953Z Requirement already satisfied: fastjsonschema>=2.15 in /home/runner/micromamba/envs/tardis/lib/python3.12/site-packages (from nbformat>=5.3.0->jupyter-server<3,>=2.4.0->notebook>=4.4.1->widgetsnbextension~=3.6.5->ipywidgets>=7.0.0->qgridnext) (2.20.0)
2025-02-17T15:04:52.1914548Z Requirement already satisfied: charset-normalizer<4,>=2 in /home/runner/micromamba/envs/tardis/lib/python3.12/site-packages (from requests>=2.31->jupyterlab-server<3,>=2.27.1->notebook>=4.4.1->widgetsnbextension~=3.6.5->ipywidgets>=7.0.0->qgridnext) (3.3.2)
2025-02-17T15:04:52.1928718Z Requirement already satisfied: urllib3<3,>=1.21.1 in /home/runner/micromamba/envs/tardis/lib/python3.12/site-packages (from requests>=2.31->jupyterlab-server<3,>=2.27.1->notebook>=4.4.1->widgetsnbextension~=3.6.5->ipywidgets>=7.0.0->qgridnext) (2.2.2)
2025-02-17T15:04:52.2701585Z Requirement already satisfied: webencodings in /home/runner/micromamba/envs/tardis/lib/python3.12/site-packages (from bleach!=5.0.0->nbconvert>=6.4.4->jupyter-server<3,>=2.4.0->notebook>=4.4.1->widgetsnbextension~=3.6.5->ipywidgets>=7.0.0->qgridnext) (0.5.1)
2025-02-17T15:04:52.3271791Z Requirement already satisfied: fqdn in /home/runner/micromamba/envs/tardis/lib/python3.12/site-packages (from jsonschema[format-nongpl]>=4.18.0->jupyter-events>=0.9.0->jupyter-server<3,>=2.4.0->notebook>=4.4.1->widgetsnbextension~=3.6.5->ipywidgets>=7.0.0->qgridnext) (1.5.1)
2025-02-17T15:04:52.3288477Z Requirement already satisfied: isoduration in /home/runner/micromamba/envs/tardis/lib/python3.12/site-packages (from jsonschema[format-nongpl]>=4.18.0->jupyter-events>=0.9.0->jupyter-server<3,>=2.4.0->notebook>=4.4.1->widgetsnbextension~=3.6.5->ipywidgets>=7.0.0->qgridnext) (20.11.0)
2025-02-17T15:04:52.3301872Z Requirement already satisfied: jsonpointer>1.13 in /home/runner/micromamba/envs/tardis/lib/python3.12/site-packages (from jsonschema[format-nongpl]>=4.18.0->jupyter-events>=0.9.0->jupyter-server<3,>=2.4.0->notebook>=4.4.1->widgetsnbextension~=3.6.5->ipywidgets>=7.0.0->qgridnext) (3.0.0)
2025-02-17T15:04:52.3318662Z Requirement already satisfied: uri-template in /home/runner/micromamba/envs/tardis/lib/python3.12/site-packages (from jsonschema[format-nongpl]>=4.18.0->jupyter-events>=0.9.0->jupyter-server<3,>=2.4.0->notebook>=4.4.1->widgetsnbextension~=3.6.5->ipywidgets>=7.0.0->qgridnext) (1.3.0)
2025-02-17T15:04:52.3334606Z Requirement already satisfied: webcolors>=1.11 in /home/runner/micromamba/envs/tardis/lib/python3.12/site-packages (from jsonschema[format-nongpl]>=4.18.0->jupyter-events>=0.9.0->jupyter-server<3,>=2.4.0->notebook>=4.4.1->widgetsnbextension~=3.6.5->ipywidgets>=7.0.0->qgridnext) (24.6.0)
2025-02-17T15:04:52.4370057Z Requirement already satisfied: cffi>=1.0.1 in /home/runner/micromamba/envs/tardis/lib/python3.12/site-packages (from argon2-cffi-bindings->argon2-cffi>=21.1->jupyter-server<3,>=2.4.0->notebook>=4.4.1->widgetsnbextension~=3.6.5->ipywidgets>=7.0.0->qgridnext) (1.16.0)
2025-02-17T15:04:52.4466999Z Requirement already satisfied: soupsieve>1.2 in /home/runner/micromamba/envs/tardis/lib/python3.12/site-packages (from beautifulsoup4->nbconvert>=6.4.4->jupyter-server<3,>=2.4.0->notebook>=4.4.1->widgetsnbextension~=3.6.5->ipywidgets>=7.0.0->qgridnext) (2.5)
2025-02-17T15:04:52.5000399Z Requirement already satisfied: pycparser in /home/runner/micromamba/envs/tardis/lib/python3.12/site-packages (from cffi>=1.0.1->argon2-cffi-bindings->argon2-cffi>=21.1->jupyter-server<3,>=2.4.0->notebook>=4.4.1->widgetsnbextension~=3.6.5->ipywidgets>=7.0.0->qgridnext) (2.22)
2025-02-17T15:04:52.5512138Z Requirement already satisfied: arrow>=0.15.0 in /home/runner/micromamba/envs/tardis/lib/python3.12/site-packages (from isoduration->jsonschema[format-nongpl]>=4.18.0->jupyter-events>=0.9.0->jupyter-server<3,>=2.4.0->notebook>=4.4.1->widgetsnbextension~=3.6.5->ipywidgets>=7.0.0->qgridnext) (1.3.0)
2025-02-17T15:04:52.5809725Z Requirement already satisfied: types-python-dateutil>=2.8.10 in /home/runner/micromamba/envs/tardis/lib/python3.12/site-packages (from arrow>=0.15.0->isoduration->jsonschema[format-nongpl]>=4.18.0->jupyter-events>=0.9.0->jupyter-server<3,>=2.4.0->notebook>=4.4.1->widgetsnbextension~=3.6.5->ipywidgets>=7.0.0->qgridnext) (2.9.0.20240316)
2025-02-17T15:04:52.6110489Z Downloading qgridnext-2.0.4-py3-none-any.whl (1.3 MB)
2025-02-17T15:04:52.6520174Z    â”â”â”â”â”â”â”â”â”â”â”â”â”â”â”â”â”â”â”â”â”â”â”â”â”â”â”â”â”â”â”â”â”â”â”â”â”â”â”â” 1.3/1.3 MB 32.4 MB/s eta 0:00:00
2025-02-17T15:04:53.4535332Z Installing collected packages: qgridnext
2025-02-17T15:04:53.5346732Z Successfully installed qgridnext-2.0.4
2025-02-17T15:04:53.7189264Z ##[group]Run pytest tardis --tardis-regression-data=/home/runner/work/tardis/tardis/tardis-regression-data --cov=tardis --cov-report=xml --cov-report=html --cov-append -m "not continuum"
2025-02-17T15:04:53.7190652Z [36;1mpytest tardis --tardis-regression-data=/home/runner/work/tardis/tardis/tardis-regression-data --cov=tardis --cov-report=xml --cov-report=html --cov-append -m "not continuum"[0m
2025-02-17T15:04:53.7245787Z shell: /usr/bin/bash -l {0}
2025-02-17T15:04:53.7246086Z env:
2025-02-17T15:04:53.7246312Z   CACHE_NUMBER: 0
2025-02-17T15:04:53.7247315Z   PYTEST_FLAGS: --tardis-regression-data=/home/runner/work/tardis/tardis/tardis-regression-data --cov=tardis --cov-report=xml --cov-report=html --cov-append
2025-02-17T15:04:53.7248218Z   CODECOV_TOKEN: 
2025-02-17T15:04:53.7248503Z   MAMBA_ROOT_PREFIX: /home/runner/micromamba
2025-02-17T15:04:53.7248899Z   MAMBA_EXE: /home/runner/micromamba-bin/micromamba
2025-02-17T15:04:53.7249392Z   CONDARC: /home/runner/work/_temp/setup-micromamba/.condarc
2025-02-17T15:04:53.7249796Z ##[endgroup]
2025-02-17T15:05:03.1379102Z ============================= test session starts ==============================
2025-02-17T15:05:03.1379807Z platform linux -- Python 3.12.4, pytest-8.2.2, pluggy-1.5.0
2025-02-17T15:05:03.1380425Z rootdir: /home/runner/work/tardis/tardis
2025-02-17T15:05:03.1380951Z configfile: pyproject.toml
2025-02-17T15:05:03.1381563Z plugins: metadata-3.1.1, anyio-4.4.0, doctestplus-1.2.1, cov-5.0.0, html-4.1.1
2025-02-17T15:05:03.1382244Z collected 1796 items / 2 deselected / 1794 selected
2025-02-17T15:05:03.1382602Z 
2025-02-17T15:05:08.2306192Z tardis/energy_input/tests/test_energy_source.py ..xxx                    [  0%]
2025-02-17T15:05:11.0482496Z tardis/energy_input/tests/test_gamma_ray_channel.py ...........          [  0%]
2025-02-17T15:05:12.6381371Z tardis/energy_input/tests/test_gamma_ray_grid.py xx.                     [  1%]
2025-02-17T15:05:14.3796116Z tardis/energy_input/tests/test_gamma_ray_interactions.py xx....          [  1%]
2025-02-17T15:05:14.3888410Z tardis/energy_input/tests/test_gamma_ray_packet_source.py sssssssss      [  1%]
2025-02-17T15:05:15.8491708Z tardis/energy_input/tests/test_util.py .....xxxx.....                    [  2%]
2025-02-17T15:05:16.2631048Z tardis/grid/tests/test_grid.py .                                         [  2%]
2025-02-17T15:05:16.2646807Z tardis/gui/tests/test_gui.py s                                           [  2%]
2025-02-17T15:05:19.7132083Z tardis/io/configuration/tests/test_config_reader.py ...........          [  3%]
2025-02-17T15:05:19.7259174Z tardis/io/configuration/tests/test_configuration_namespace.py .........  [  3%]
2025-02-17T15:05:19.7523804Z tardis/io/logger/tests/test_logging.py ssssssssssssssssssssssssssss      [  5%]
2025-02-17T15:05:58.8697664Z tardis/io/model/readers/tests/test_arepo_parser.py ..                    [  5%]
2025-02-17T15:05:58.8849733Z tardis/io/model/readers/tests/test_ascii_readers.py ...                  [  5%]
2025-02-17T15:05:58.8956708Z tardis/io/model/readers/tests/test_cmfgen_reader.py ..                   [  5%]
2025-02-17T15:05:58.9265190Z tardis/io/model/readers/tests/test_csvy_reader.py ....                   [  6%]
2025-02-17T15:05:58.9478229Z tardis/io/model/readers/tests/test_stella_reader.py ..                   [  6%]
2025-02-17T15:05:59.2555811Z tardis/io/tests/test_HDFWriter.py ...............                        [  7%]
2025-02-17T15:05:59.5887974Z tardis/io/tests/test_atomic.py .....                                     [  7%]
2025-02-17T15:05:59.8750736Z tardis/io/tests/test_decay.py FF                                         [  7%]
2025-02-17T15:06:00.0781721Z tardis/io/tests/test_model_reader.py ......                              [  7%]
2025-02-17T15:06:00.0849332Z tardis/model/geometry/tests/test_radial1d.py ..                          [  7%]
2025-02-17T15:06:57.7873741Z tardis/model/tests/test_base.py ........................................ [ 10%]
2025-02-17T15:06:58.7807759Z ............                                                             [ 10%]
2025-02-17T15:07:01.8290937Z tardis/model/tests/test_csvy_model.py .........                          [ 11%]
2025-02-17T15:07:01.8754420Z tardis/model/tests/test_density.py ..                                    [ 11%]
2025-02-17T15:07:03.1755030Z tardis/opacities/tests/test_opacity_solver.py .....                      [ 11%]
2025-02-17T15:07:04.4862698Z tardis/opacities/tests/test_opacity_state_numba.py .....                 [ 11%]
2025-02-17T15:07:06.4498189Z tardis/opacities/tests/test_tau_sobolev.py ..                            [ 12%]
2025-02-17T15:07:09.1568800Z tardis/plasma/equilibrium/tests/test_collisional_transitions.py ...      [ 12%]
2025-02-17T15:07:55.2509040Z tardis/plasma/equilibrium/tests/test_level_populations.py ....           [ 12%]
2025-02-17T15:08:06.9746222Z tardis/plasma/equilibrium/tests/test_rate_matrix.py .                    [ 12%]
2025-02-17T15:08:08.3996349Z tardis/plasma/tests/test_complete_plasmas.py .....................s..... [ 13%]
2025-02-17T15:08:11.2902968Z s....ssssss............s............ss.....s....ssssss............s..... [ 18%]
2025-02-17T15:08:12.9930271Z .......ss.....s....ssssss............s............ss.....s....ssssss.... [ 22%]
2025-02-17T15:08:15.8711111Z ........s............ss.....s........ss............s............ss.....s [ 26%]
2025-02-17T15:08:18.7944445Z ........ss............s............ss.....s....ssssss............s...... [ 30%]
2025-02-17T15:08:19.5319777Z ......ss.....s....ssssss............s............ss.....s.ss.ssssss..... [ 34%]
2025-02-17T15:08:22.4314391Z .......s............ss.....s....ssssss............s............ss.....s. [ 38%]
2025-02-17T15:08:25.2946013Z ...ssssss............s............ss.....s....ssssss............s....... [ 42%]
2025-02-17T15:08:28.7029538Z .....ss.....s....ssssss............s............s...........ssssss...... [ 46%]
2025-02-17T15:08:30.5340752Z ......s............s...........ssssss............s............s......... [ 50%]
2025-02-17T15:08:33.4364149Z ..ssssss............s............ss.....s....ssssss............s........ [ 54%]
2025-02-17T15:08:36.5973952Z ....ss.....s....ssssss..........................s.....s....ssss......... [ 58%]
2025-02-17T15:08:36.9197377Z ...................s.....s....ssss.......                                [ 60%]
2025-02-17T15:08:37.0361391Z tardis/plasma/tests/test_hdf_plasma.py ................................. [ 62%]
2025-02-17T15:08:37.0478916Z ......                                                                   [ 62%]
2025-02-17T15:08:37.1849442Z tardis/plasma/tests/test_nlte_excitation.py ...                          [ 62%]
2025-02-17T15:10:54.2318838Z tardis/plasma/tests/test_nlte_solver.py .....X                           [ 63%]
2025-02-17T15:10:54.2343769Z tardis/plasma/tests/test_plasma_continuum.py .                           [ 63%]
2025-02-17T15:11:17.1844559Z tardis/plasma/tests/test_plasma_vboundary.py .............               [ 63%]
2025-02-17T15:11:30.2686376Z tardis/plasma/tests/test_tardis_model_density_config.py ...              [ 64%]
2025-02-17T15:11:31.0138632Z tardis/simulation/tests/test_convergence.py .....                        [ 64%]
2025-02-17T15:11:40.2351205Z tardis/simulation/tests/test_simulation.py .............                 [ 65%]
2025-02-17T15:11:40.2540049Z tardis/spectrum/tests/test_cuda_formal_integral.py sssssssssssssssssssss [ 66%]
2025-02-17T15:11:40.7233063Z ssss...ssssssssssssssssssssss                                            [ 67%]
2025-02-17T15:11:40.7304973Z tardis/spectrum/tests/test_luminosity.py ....                            [ 68%]
2025-02-17T15:11:42.3390880Z tardis/spectrum/tests/test_numba_formal_integral.py .................... [ 69%]
2025-02-17T15:11:42.3580484Z ..........                                                               [ 69%]
2025-02-17T15:11:42.5310176Z tardis/spectrum/tests/test_spectrum.py ................................. [ 71%]
2025-02-17T15:11:42.5641590Z .........                                                                [ 72%]
2025-02-17T15:12:01.6023601Z tardis/spectrum/tests/test_spectrum_solver.py ....                       [ 72%]
2025-02-17T15:13:03.5843522Z tardis/tests/test_tardis_full.py ....                                    [ 72%]
2025-02-17T15:14:28.1129371Z tardis/tests/test_tardis_full_formal_integral.py ................        [ 73%]
2025-02-17T15:14:28.1863026Z tardis/tests/test_util.py .............................................  [ 75%]
2025-02-17T15:14:30.8676110Z tardis/transport/montecarlo/tests/test_base.py x.....................    [ 77%]
2025-02-17T15:14:38.0254661Z tardis/transport/montecarlo/tests/test_interaction.py .......            [ 77%]
2025-02-17T15:14:38.2503435Z tardis/transport/montecarlo/tests/test_macro_atom.py ....                [ 77%]
2025-02-17T15:14:38.2676326Z tardis/transport/montecarlo/tests/test_montecarlo.py sssssssssssssssssss [ 78%]
2025-02-17T15:14:38.3091854Z sssssssssssssssssssssssssssssssssssssssssssss                            [ 81%]
2025-02-17T15:14:47.7430686Z tardis/transport/montecarlo/tests/test_montecarlo_main_loop.py x..       [ 81%]
2025-02-17T15:14:47.7497235Z tardis/transport/montecarlo/tests/test_nonhomologous.py ...              [ 81%]
2025-02-17T15:14:53.4988830Z tardis/transport/montecarlo/tests/test_numba_interface.py .....x.        [ 82%]
2025-02-17T15:14:53.9956207Z tardis/transport/montecarlo/tests/test_opacities.py ...............      [ 82%]
2025-02-17T15:14:55.0166697Z tardis/transport/montecarlo/tests/test_packet.py .................xXXXXX [ 84%]
2025-02-17T15:14:55.1513779Z XX.........                                                              [ 84%]
2025-02-17T15:14:55.1790714Z tardis/transport/montecarlo/tests/test_packet_source.py ........         [ 85%]
2025-02-17T15:14:55.4866669Z tardis/transport/montecarlo/tests/test_rpacket_last_interaction_tracker.py . [ 85%]
2025-02-17T15:14:55.8986278Z .....                                                                    [ 85%]
2025-02-17T15:15:30.9783036Z tardis/transport/montecarlo/tests/test_rpacket_tracker.py ......         [ 85%]
2025-02-17T15:15:31.0070261Z tardis/transport/montecarlo/tests/test_single_packet_loop.py xxx         [ 86%]
2025-02-17T15:15:31.0102547Z tardis/transport/montecarlo/tests/test_tracker_utils.py ..               [ 86%]
2025-02-17T15:15:33.4243750Z tardis/transport/montecarlo/tests/test_vpacket.py ..x.                   [ 86%]
2025-02-17T15:15:33.4416137Z tardis/transport/montecarlo/tests/test_weighted_packet_source.py ....    [ 86%]
2025-02-17T15:15:37.3217812Z tardis/transport/montecarlo/tests/test_weighted_packet_source_integration.py . [ 86%]
2025-02-17T15:15:37.3219722Z                                                                          [ 86%]
2025-02-17T15:15:38.0699179Z tardis/transport/tests/test_doppler_factor.py ..................         [ 87%]
2025-02-17T15:15:39.4152415Z tardis/visualization/tools/tests/test_convergence_plot.py .............. [ 88%]
2025-02-17T15:15:41.6132331Z ......                                                                   [ 88%]
2025-02-17T15:15:46.2508485Z tardis/visualization/tools/tests/test_liv_plot.py ...................... [ 90%]
2025-02-17T15:15:48.9074495Z .............................                                            [ 91%]
2025-02-17T15:15:51.7584406Z tardis/visualization/tools/tests/test_rpacket_plot.py .................. [ 92%]
2025-02-17T15:15:58.7460717Z ....                                                                     [ 92%]
2025-02-17T15:16:05.2416180Z tardis/visualization/tools/tests/test_sdec_plot.py ..................... [ 94%]
2025-02-17T15:16:12.7724931Z ..............................                                           [ 95%]
2025-02-17T15:16:13.1984380Z tardis/visualization/widgets/tests/test_custom_abundance.py ........ss.. [ 96%]
2025-02-17T15:16:13.2692708Z ....                                                                     [ 96%]
2025-02-17T15:16:14.3290154Z tardis/visualization/widgets/tests/test_line_info.py ................... [ 97%]
2025-02-17T15:16:14.9497910Z ..................                                                       [ 98%]
2025-02-17T15:17:18.4942498Z tardis/visualization/widgets/tests/test_shell_info.py .................. [ 99%]
2025-02-17T15:17:25.6084434Z ......                                                                   [100%]
2025-02-17T15:17:25.6084919Z 
2025-02-17T15:17:25.6085115Z =================================== FAILURES ===================================
2025-02-17T15:17:25.6085786Z ______________________________ test_simple_decay _______________________________
2025-02-17T15:17:25.6086206Z 
2025-02-17T15:17:25.6086447Z simple_abundance_model =                              0    1
2025-02-17T15:17:25.6086991Z atomic_number mass_number          
2025-02-17T15:17:25.6087689Z 28            56           1.0  1.0
2025-02-17T15:17:25.6087962Z 
2025-02-17T15:17:25.6088161Z     def test_simple_decay(simple_abundance_model):
2025-02-17T15:17:25.6088727Z >       decayed_abundance = simple_abundance_model.decay(100)
2025-02-17T15:17:25.6089105Z 
2025-02-17T15:17:25.6089286Z tardis/io/tests/test_decay.py:17: 
2025-02-17T15:17:25.6089754Z _ _ _ _ _ _ _ _ _ _ _ _ _ _ _ _ _ _ _ _ _ _ _ _ _ _ _ _ _ _ _ _ _ _ _ _ _ _ _ _ 
2025-02-17T15:17:25.6090098Z 
2025-02-17T15:17:25.6090248Z self =                              0    1
2025-02-17T15:17:25.6090688Z atomic_number mass_number          
2025-02-17T15:17:25.6091109Z 28            56           1.0  1.0
2025-02-17T15:17:25.6091485Z name = 'decay'
2025-02-17T15:17:25.6091683Z 
2025-02-17T15:17:25.6091794Z     @final
2025-02-17T15:17:25.6092105Z     def __getattr__(self, name: str):
2025-02-17T15:17:25.6092489Z         """
2025-02-17T15:17:25.6092877Z         After regular attribute access, try looking up the name
2025-02-17T15:17:25.6093826Z         This allows simpler access to columns for interactive use.
2025-02-17T15:17:25.6094341Z         """
2025-02-17T15:17:25.6094776Z         # Note: obj.x will always call obj.__getattribute__('x') prior to
2025-02-17T15:17:25.6095350Z         # calling obj.__getattr__('x').
2025-02-17T15:17:25.6095794Z         if (
2025-02-17T15:17:25.6096118Z             name not in self._internal_names_set
2025-02-17T15:17:25.6096595Z             and name not in self._metadata
2025-02-17T15:17:25.6097260Z             and name not in self._accessors
2025-02-17T15:17:25.6097841Z             and self._info_axis._can_hold_identifiers_and_holds_name(name)
2025-02-17T15:17:25.6098369Z         ):
2025-02-17T15:17:25.6098675Z             return self[name]
2025-02-17T15:17:25.6099086Z >       return object.__getattribute__(self, name)
2025-02-17T15:17:25.6099760Z E       AttributeError: 'IsotopicMassFraction' object has no attribute 'decay'
2025-02-17T15:17:25.6100263Z 
2025-02-17T15:17:25.6100783Z ../../../micromamba/envs/tardis/lib/python3.12/site-packages/pandas/core/generic.py:6299: AttributeError
2025-02-17T15:17:25.6101770Z _____________________________ test_abundance_merge _____________________________
2025-02-17T15:17:25.6102219Z 
2025-02-17T15:17:25.6102466Z simple_abundance_model =                              0    1
2025-02-17T15:17:25.6103010Z atomic_number mass_number          
2025-02-17T15:17:25.6103401Z 28            56           1.0  1.0
2025-02-17T15:17:25.6103779Z raw_abundance_simple =                  0    1
2025-02-17T15:17:25.6104168Z atomic_number          
2025-02-17T15:17:25.6104459Z 28             0.2  0.2
2025-02-17T15:17:25.6104750Z 30             0.1  0.1
2025-02-17T15:17:25.6104937Z 
2025-02-17T15:17:25.6105224Z     def test_abundance_merge(simple_abundance_model, raw_abundance_simple):
2025-02-17T15:17:25.6105860Z >       decayed_df = simple_abundance_model.decay(100)
2025-02-17T15:17:25.6106199Z 
2025-02-17T15:17:25.6106356Z tardis/io/tests/test_decay.py:34: 
2025-02-17T15:17:25.6106811Z _ _ _ _ _ _ _ _ _ _ _ _ _ _ _ _ _ _ _ _ _ _ _ _ _ _ _ _ _ _ _ _ _ _ _ _ _ _ _ _ 
2025-02-17T15:17:25.6107391Z 
2025-02-17T15:17:25.6107535Z self =                              0    1
2025-02-17T15:17:25.6107951Z atomic_number mass_number          
2025-02-17T15:17:25.6108332Z 28            56           1.0  1.0
2025-02-17T15:17:25.6108957Z name = 'decay'
2025-02-17T15:17:25.6109154Z 
2025-02-17T15:17:25.6109267Z     @final
2025-02-17T15:17:25.6109564Z     def __getattr__(self, name: str):
2025-02-17T15:17:25.6109940Z         """
2025-02-17T15:17:25.6110328Z         After regular attribute access, try looking up the name
2025-02-17T15:17:25.6110922Z         This allows simpler access to columns for interactive use.
2025-02-17T15:17:25.6111406Z         """
2025-02-17T15:17:25.6111811Z         # Note: obj.x will always call obj.__getattribute__('x') prior to
2025-02-17T15:17:25.6112355Z         # calling obj.__getattr__('x').
2025-02-17T15:17:25.6112744Z         if (
2025-02-17T15:17:25.6113070Z             name not in self._internal_names_set
2025-02-17T15:17:25.6113514Z             and name not in self._metadata
2025-02-17T15:17:25.6113933Z             and name not in self._accessors
2025-02-17T15:17:25.6114450Z             and self._info_axis._can_hold_identifiers_and_holds_name(name)
2025-02-17T15:17:25.6114947Z         ):
2025-02-17T15:17:25.6115238Z             return self[name]
2025-02-17T15:17:25.6115640Z >       return object.__getattribute__(self, name)
2025-02-17T15:17:25.6116267Z E       AttributeError: 'IsotopicMassFraction' object has no attribute 'decay'
2025-02-17T15:17:25.6116742Z 
2025-02-17T15:17:25.6117392Z ../../../micromamba/envs/tardis/lib/python3.12/site-packages/pandas/core/generic.py:6299: AttributeError
2025-02-17T15:17:25.6118215Z =============================== warnings summary ===============================
2025-02-17T15:17:25.6118745Z tardis/io/configuration/config_validator.py:6
2025-02-17T15:17:25.6119242Z tardis/io/configuration/config_validator.py:6
2025-02-17T15:17:25.6120249Z   /home/runner/work/tardis/tardis/tardis/io/configuration/config_validator.py:6: DeprecationWarning:
2025-02-17T15:17:25.6121012Z   
2025-02-17T15:17:25.6122975Z   jsonschema.RefResolver is deprecated as of v4.18.0, in favor of the https://github.com/python-jsonschema/referencing library, which provides more compliant referencing behavior as well as more flexible APIs for customization. A future release will remove RefResolver. Please file a feature request (on referencing) if you are missing an API for the kind of customization you need.
2025-02-17T15:17:25.6125056Z 
2025-02-17T15:17:25.6125450Z ../../../micromamba/envs/tardis/lib/python3.12/site-packages/jupyter_client/connect.py:22
2025-02-17T15:17:25.6126546Z   /home/runner/micromamba/envs/tardis/lib/python3.12/site-packages/jupyter_client/connect.py:22: DeprecationWarning:
2025-02-17T15:17:25.6127547Z   
2025-02-17T15:17:25.6127907Z   Jupyter is migrating its paths to use standard platformdirs
2025-02-17T15:17:25.6128498Z   given by the platformdirs library.  To remove this warning and
2025-02-17T15:17:25.6129129Z   see the appropriate new directories, set the environment variable
2025-02-17T15:17:25.6129729Z   `JUPYTER_PLATFORM_DIRS=1` and then run `jupyter --paths`.
2025-02-17T15:17:25.6130316Z   The use of platformdirs will be the default in `jupyter_core` v6
2025-02-17T15:17:25.6130709Z 
2025-02-17T15:17:25.6137000Z tardis/io/tests/test_HDFWriter.py::test_multi_index_write
2025-02-17T15:17:25.6137980Z tardis/visualization/widgets/tests/test_shell_info.py::TestHDFShellInfo::test_shells_data
2025-02-17T15:17:25.6138859Z   /home/runner/work/tardis/tardis/tardis/io/util.py:276: PerformanceWarning:
2025-02-17T15:17:25.6139411Z   
2025-02-17T15:17:25.6139641Z   
2025-02-17T15:17:25.6140081Z   your performance may suffer as PyTables will pickle object types that it cannot
2025-02-17T15:17:25.6140938Z   map directly to c-types [inferred_type->mixed,key->block0_values] [items->Index([0], dtype='int64')]
2025-02-17T15:17:25.6141460Z 
2025-02-17T15:17:25.6141776Z tardis/io/tests/test_model_reader.py::test_read_cmfgen_isotope_abundances
2025-02-17T15:17:25.6142555Z tardis/plasma/tests/test_tardis_model_density_config.py::test_electron_densities
2025-02-17T15:17:25.6143404Z tardis/plasma/tests/test_tardis_model_density_config.py::test_isotope_number_densities
2025-02-17T15:17:25.6144416Z tardis/plasma/tests/test_tardis_model_density_config.py::test_t_rad
2025-02-17T15:17:25.6145317Z   /home/runner/work/tardis/tardis/tardis/io/model/readers/cmfgen_deprecated.py:82: DeprecationWarning:
2025-02-17T15:17:25.6146063Z   
2025-02-17T15:17:25.6146356Z   The current CMFGEN model parser is deprecated
2025-02-17T15:17:25.6146660Z 
2025-02-17T15:17:25.6146833Z tardis/io/tests/test_model_reader.py: 1 warning
2025-02-17T15:17:25.6147558Z tardis/plasma/tests/test_tardis_model_density_config.py: 9 warnings
2025-02-17T15:17:25.6148435Z   /home/runner/work/tardis/tardis/tardis/io/model/readers/cmfgen_deprecated.py:40: DeprecationWarning:
2025-02-17T15:17:25.6149144Z   
2025-02-17T15:17:25.6149447Z   The current CMFGEN model parser is deprecated
2025-02-17T15:17:25.6149745Z 
2025-02-17T15:17:25.6150062Z tardis/model/tests/test_base.py::TestModelFromPaper1Config::test_abundances
2025-02-17T15:17:25.6151079Z   /home/runner/work/tardis/tardis/tardis/transport/montecarlo/montecarlo_main_loop.py:123: NumbaTypeSafetyWarning:
2025-02-17T15:17:25.6151876Z   
2025-02-17T15:17:25.6152590Z   [1m[1m[1munsafe cast from uint64 to int64. Precision may be lost.[0m[0m[0m
2025-02-17T15:17:25.6153023Z 
2025-02-17T15:17:25.6153187Z tardis/model/tests/test_base.py: 6 warnings
2025-02-17T15:17:25.6153645Z tardis/model/tests/test_csvy_model.py: 2 warnings
2025-02-17T15:17:25.6154235Z tardis/plasma/tests/test_tardis_model_density_config.py: 3 warnings
2025-02-17T15:17:25.6155082Z   /home/runner/work/tardis/tardis/tardis/model/geometry/radial1d.py:50: DeprecationWarning:
2025-02-17T15:17:25.6155755Z   
2025-02-17T15:17:25.6156042Z   v_inner_boundary < 0, assuming default value
2025-02-17T15:17:25.6156525Z 
2025-02-17T15:17:25.6156680Z tardis/model/tests/test_base.py: 6 warnings
2025-02-17T15:17:25.6157355Z tardis/model/tests/test_csvy_model.py: 2 warnings
2025-02-17T15:17:25.6157936Z tardis/plasma/tests/test_tardis_model_density_config.py: 3 warnings
2025-02-17T15:17:25.6158793Z   /home/runner/work/tardis/tardis/tardis/model/geometry/radial1d.py:61: DeprecationWarning:
2025-02-17T15:17:25.6159473Z   
2025-02-17T15:17:25.6159754Z   v_outer_boundary < 0, assuming default value
2025-02-17T15:17:25.6160039Z 
2025-02-17T15:17:25.6160773Z tardis/plasma/equilibrium/tests/test_level_populations.py::TestLevelPopulationSolver::test_solve[collisional_rate_solver0-radiative_transitions0]
2025-02-17T15:17:25.6162111Z   /home/runner/work/tardis/tardis/tardis/plasma/equilibrium/level_populations.py:65: FutureWarning:
2025-02-17T15:17:25.6162843Z   
2025-02-17T15:17:25.6163408Z   A value is trying to be set on a copy of a DataFrame or Series through chained assignment using an inplace method.
2025-02-17T15:17:25.6164692Z   The behavior will change in pandas 3.0. This inplace method will never work because the intermediate object on which we are setting values always behaves as a copy.
2025-02-17T15:17:25.6165614Z   
2025-02-17T15:17:25.6166608Z   For example, when doing 'df[col].method(value, inplace=True)', try using 'df.method({col: value}, inplace=True)' or df[col] = df[col].method(value) instead, to perform the operation inplace on the original object.
2025-02-17T15:17:25.6167799Z 
2025-02-17T15:17:25.6168024Z tardis/plasma/tests/test_complete_plasmas.py: 20 warnings
2025-02-17T15:17:25.6168804Z   /home/runner/work/tardis/tardis/tardis/plasma/tests/test_complete_plasmas.py:197: UserWarning:
2025-02-17T15:17:25.6169492Z   
2025-02-17T15:17:25.6169744Z   Property "atomic_mass" not found
2025-02-17T15:17:25.6169991Z 
2025-02-17T15:17:25.6170645Z tardis/plasma/tests/test_complete_plasmas.py::TestPlasma::test_plasma_properties[radiative_rates_type:detailed-w_epsilon:1e-10-j_blues_norm_factor]
2025-02-17T15:17:25.6172035Z tardis/plasma/tests/test_complete_plasmas.py::TestPlasma::test_plasma_properties[radiative_rates_type:detailed-j_blues_norm_factor]
2025-02-17T15:17:25.6173273Z   /home/runner/work/tardis/tardis/tardis/plasma/tests/test_complete_plasmas.py:197: UserWarning:
2025-02-17T15:17:25.6173934Z   
2025-02-17T15:17:25.6174377Z   Property "j_blues_norm_factor" not found
2025-02-17T15:17:25.6174662Z 
2025-02-17T15:17:25.6175324Z tardis/plasma/tests/test_complete_plasmas.py::TestPlasma::test_plasma_properties[radiative_rates_type:detailed-w_epsilon:1e-10-j_blue_estimator]
2025-02-17T15:17:25.6176678Z tardis/plasma/tests/test_complete_plasmas.py::TestPlasma::test_plasma_properties[radiative_rates_type:detailed-j_blue_estimator]
2025-02-17T15:17:25.6177968Z   /home/runner/work/tardis/tardis/tardis/plasma/tests/test_complete_plasmas.py:197: UserWarning:
2025-02-17T15:17:25.6178619Z   
2025-02-17T15:17:25.6178893Z   Property "j_blue_estimator" not found
2025-02-17T15:17:25.6179161Z 
2025-02-17T15:17:25.6179848Z tardis/plasma/tests/test_complete_plasmas.py::TestPlasma::test_plasma_properties[radiative_rates_type:detailed-w_epsilon:1e-10-volume]
2025-02-17T15:17:25.6181177Z tardis/plasma/tests/test_complete_plasmas.py::TestPlasma::test_plasma_properties[radiative_rates_type:detailed-volume]
2025-02-17T15:17:25.6182304Z   /home/runner/work/tardis/tardis/tardis/plasma/tests/test_complete_plasmas.py:197: UserWarning:
2025-02-17T15:17:25.6182996Z   
2025-02-17T15:17:25.6183248Z   Property "volume" not found
2025-02-17T15:17:25.6183477Z 
2025-02-17T15:17:25.6184117Z tardis/plasma/tests/test_complete_plasmas.py::TestPlasma::test_plasma_properties[radiative_rates_type:detailed-w_epsilon:1e-10-r_inner]
2025-02-17T15:17:25.6185428Z tardis/plasma/tests/test_complete_plasmas.py::TestPlasma::test_plasma_properties[radiative_rates_type:detailed-r_inner]
2025-02-17T15:17:25.6186544Z   /home/runner/work/tardis/tardis/tardis/plasma/tests/test_complete_plasmas.py:197: UserWarning:
2025-02-17T15:17:25.6187434Z   
2025-02-17T15:17:25.6187690Z   Property "r_inner" not found
2025-02-17T15:17:25.6188097Z 
2025-02-17T15:17:25.6188437Z tardis/plasma/tests/test_plasma_vboundary.py::test_plasma_vboundary[2900-3750]
2025-02-17T15:17:25.6189218Z tardis/plasma/tests/test_plasma_vboundary.py::test_plasma_vboundary[2900-3850]
2025-02-17T15:17:25.6189994Z tardis/plasma/tests/test_plasma_vboundary.py::test_plasma_vboundary[2900-3900]
2025-02-17T15:17:25.6190842Z   /home/runner/work/tardis/tardis/tardis/model/geometry/radial1d.py:71: UserWarning:
2025-02-17T15:17:25.6191457Z   
2025-02-17T15:17:25.6191885Z   Requesting inner boundary below inner shell. Extrapolating the inner cell
2025-02-17T15:17:25.6192322Z 
2025-02-17T15:17:25.6192652Z tardis/spectrum/tests/test_spectrum_solver.py::TestSpectrumSolver::test_solve
2025-02-17T15:17:25.6193414Z   /home/runner/work/tardis/tardis/tardis/spectrum/base.py:70: UserWarning:
2025-02-17T15:17:25.6193929Z   
2025-02-17T15:17:25.6194541Z   SpectrumSolver.spectrum_virtual_packets is zero. Please run the montecarlo simulation with no_of_virtual_packets > 0
2025-02-17T15:17:25.6195196Z 
2025-02-17T15:17:25.6195521Z tardis/spectrum/tests/test_spectrum_solver.py::TestSpectrumSolver::test_solve
2025-02-17T15:17:25.6196281Z   /home/runner/work/tardis/tardis/tardis/spectrum/base.py:111: UserWarning:
2025-02-17T15:17:25.6196836Z   
2025-02-17T15:17:25.6197665Z   SpectrumSolver.integrator: The FormalIntegrator is not yet available.Please run the montecarlo simulation at least once.
2025-02-17T15:17:25.6198354Z 
2025-02-17T15:17:25.6198694Z tardis/transport/montecarlo/tests/test_vpacket.py::test_trace_vpacket_volley
2025-02-17T15:17:25.6199353Z   <string>:3: NumbaPendingDeprecationWarning:
2025-02-17T15:17:25.6199755Z   
2025-02-17T15:17:25.6201626Z   [1m[1mCode using Numba extension API maybe depending on 'old_style' error-capturing, which is deprecated and will be replaced by 'new_style' in a future release. See details at https://numba.readthedocs.io/en/latest/reference/deprecation.html#deprecation-of-old-style-numba-captured-errors
2025-02-17T15:17:25.6203294Z   Exception origin:
2025-02-17T15:17:25.6203863Z     File "/home/runner/micromamba/envs/tardis/lib/python3.12/inspect.py", line 3180, in _bind
2025-02-17T15:17:25.6204548Z       raise TypeError(msg) from None
2025-02-17T15:17:25.6204952Z   [0m[0m
2025-02-17T15:17:25.6205104Z 
2025-02-17T15:17:25.6205855Z tardis/visualization/tools/tests/test_sdec_plot.py::TestSDECPlotter::test_mpl_image[plotter_generate_plot_mpl4]
2025-02-17T15:17:25.6207186Z   /home/runner/work/tardis/tardis/tardis/visualization/tools/sdec_plot.py:1225: RuntimeWarning:
2025-02-17T15:17:25.6207904Z   
2025-02-17T15:17:25.6209399Z   More than 20 figures have been opened. Figures created through the pyplot interface (`matplotlib.pyplot.figure`) are retained until explicitly closed and may consume too much memory. (To control this warning, see the rcParam `figure.max_open_warning`). Consider using `matplotlib.pyplot.close()`.
2025-02-17T15:17:25.6211085Z 
2025-02-17T15:17:25.6211677Z tardis/visualization/widgets/tests/test_custom_abundance.py::TestCustomAbundanceWidget::test_update_input_item_value
2025-02-17T15:17:25.6212975Z tardis/visualization/widgets/tests/test_custom_abundance.py::TestCustomAbundanceWidget::test_update_input_item_value
2025-02-17T15:17:25.6214247Z tardis/visualization/widgets/tests/test_custom_abundance.py::TestCustomAbundanceWidget::test_update_input_item_value
2025-02-17T15:17:25.6215563Z tardis/visualization/widgets/tests/test_custom_abundance.py::TestCustomAbundanceWidget::test_update_input_item_value
2025-02-17T15:17:25.6216802Z tardis/visualization/widgets/tests/test_custom_abundance.py::TestCustomAbundanceWidget::test_update_input_item_value
2025-02-17T15:17:25.6218222Z tardis/visualization/widgets/tests/test_custom_abundance.py::TestCustomAbundanceWidget::test_update_input_item_value
2025-02-17T15:17:25.6219454Z   /home/runner/micromamba/envs/tardis/lib/python3.12/site-packages/traitlets/traitlets.py:1385: DeprecationWarning:
2025-02-17T15:17:25.6220239Z   
2025-02-17T15:17:25.6220664Z   Passing unrecognized arguments to super(Checkbox).__init__(icon='lock').
2025-02-17T15:17:25.6221553Z   object.__init__() takes exactly one argument (the instance to initialize)
2025-02-17T15:17:25.6222336Z   This is deprecated in traitlets 4.2.This error will be raised in a future release of traitlets.
2025-02-17T15:17:25.6222834Z 
2025-02-17T15:17:25.6223400Z tardis/visualization/widgets/tests/test_custom_abundance.py::TestCustomAbundanceWidget::test_update_input_item_value
2025-02-17T15:17:25.6224633Z tardis/visualization/widgets/tests/test_custom_abundance.py::TestCustomAbundanceWidget::test_update_input_item_value
2025-02-17T15:17:25.6225865Z   /home/runner/micromamba/envs/tardis/lib/python3.12/site-packages/traitlets/traitlets.py:1385: DeprecationWarning:
2025-02-17T15:17:25.6226649Z   
2025-02-17T15:17:25.6227222Z   Passing unrecognized arguments to super(FloatText).__init__(min=0).
2025-02-17T15:17:25.6227916Z   object.__init__() takes exactly one argument (the instance to initialize)
2025-02-17T15:17:25.6228711Z   This is deprecated in traitlets 4.2.This error will be raised in a future release of traitlets.
2025-02-17T15:17:25.6229203Z 
2025-02-17T15:17:25.6229752Z tardis/visualization/widgets/tests/test_custom_abundance.py::TestCustomAbundanceWidget::test_update_input_item_value
2025-02-17T15:17:25.6231023Z   /home/runner/micromamba/envs/tardis/lib/python3.12/site-packages/traitlets/traitlets.py:1385: DeprecationWarning:
2025-02-17T15:17:25.6231822Z   
2025-02-17T15:17:25.6232213Z   Passing unrecognized arguments to super(HTML).__init__(indent=True).
2025-02-17T15:17:25.6232873Z   object.__init__() takes exactly one argument (the instance to initialize)
2025-02-17T15:17:25.6233639Z   This is deprecated in traitlets 4.2.This error will be raised in a future release of traitlets.
2025-02-17T15:17:25.6234156Z 
2025-02-17T15:17:25.6234838Z tardis/visualization/widgets/tests/test_line_info.py::TestLineInfoWidgetData::test_get_species_interactions[wavelength_range0-packet_out_nu]
2025-02-17T15:17:25.6236172Z   /home/runner/micromamba/envs/tardis/lib/python3.12/site-packages/qgridnext/grid.py:830: DeprecationWarning:
2025-02-17T15:17:25.6236930Z   
2025-02-17T15:17:25.6237626Z   QgridWidget._show_toolbar_changed is deprecated in traitlets 4.1: use @observe and @unobserve instead.
2025-02-17T15:17:25.6238211Z 
2025-02-17T15:17:25.6238815Z tardis/visualization/widgets/tests/test_shell_info.py::TestHDFShellInfo::test_shells_data
2025-02-17T15:17:25.6239679Z   /home/runner/work/tardis/tardis/tardis/io/util.py:289: PerformanceWarning:
2025-02-17T15:17:25.6240230Z   
2025-02-17T15:17:25.6240453Z   
2025-02-17T15:17:25.6240890Z   your performance may suffer as PyTables will pickle object types that it cannot
2025-02-17T15:17:25.6241737Z   map directly to c-types [inferred_type->mixed,key->block0_values] [items->Index([0], dtype='int64')]
2025-02-17T15:17:25.6242259Z 
2025-02-17T15:17:25.6242656Z tardis/visualization/widgets/tests/test_shell_info.py::TestHDFShellInfo::test_shells_data
2025-02-17T15:17:25.6243500Z   /home/runner/work/tardis/tardis/tardis/io/util.py:292: PerformanceWarning:
2025-02-17T15:17:25.6244062Z   
2025-02-17T15:17:25.6244291Z   
2025-02-17T15:17:25.6244725Z   your performance may suffer as PyTables will pickle object types that it cannot
2025-02-17T15:17:25.6245464Z   map directly to c-types [inferred_type->mixed,key->values] [items->None]
2025-02-17T15:17:25.6245878Z 
2025-02-17T15:17:25.6246274Z tardis/visualization/widgets/tests/test_shell_info.py::TestHDFShellInfo::test_shells_data
2025-02-17T15:17:25.6247780Z   /home/runner/work/tardis/tardis/tardis/spectrum/formal_integral.py:398: UserWarning:
2025-02-17T15:17:25.6248472Z   
2025-02-17T15:17:25.6248877Z   The number of interpolate_shells was not specified. The value was set to 80.
2025-02-17T15:17:25.6249289Z 
2025-02-17T15:17:25.6249566Z -- Docs: https://docs.pytest.org/en/stable/how-to/capture-warnings.html
2025-02-17T15:17:25.6249971Z 
2025-02-17T15:17:25.6250206Z ---------- coverage: platform linux, python 3.12.4-final-0 -----------
2025-02-17T15:17:25.6250998Z Coverage HTML written to dir coverage_html_report
2025-02-17T15:17:25.6251426Z Coverage XML written to file coverage.xml
2025-02-17T15:17:25.6251679Z 
2025-02-17T15:17:25.6251859Z =========================== short test summary info ============================
2025-02-17T15:17:25.6252707Z FAILED tardis/io/tests/test_decay.py::test_simple_decay - AttributeError: 'IsotopicMassFraction' object has no attribute 'decay'
2025-02-17T15:17:25.6253872Z FAILED tardis/io/tests/test_decay.py::test_abundance_merge - AttributeError: 'IsotopicMassFraction' object has no attribute 'decay'
2025-02-17T15:17:25.6254883Z = 2 failed, 1436 passed, 329 skipped, 2 deselected, 19 xfailed, 8 xpassed, 91 warnings in 744.11s (0:12:24) =
2025-02-17T15:17:27.8412117Z ##[error]Process completed with exit code 1.
2025-02-17T15:17:27.8491436Z Post job cleanup.
2025-02-17T15:17:27.8522068Z Post job cleanup.
2025-02-17T15:17:27.9842727Z Will use pre-installed micromamba at /home/runner/micromamba-bin/micromamba
2025-02-17T15:17:27.9849463Z Removing micromamba run shell ...
2025-02-17T15:17:27.9852909Z ##[group]Deinitialize micromamba for bash
2025-02-17T15:17:27.9871056Z [command]/home/runner/micromamba-bin/micromamba shell deinit -s bash -r /home/runner/micromamba --log-level warning --rc-file /home/runner/work/_temp/setup-micromamba/.condarc
2025-02-17T15:17:27.9967365Z Resetting RC file "/home/runner/.bashrc"
2025-02-17T15:17:27.9970362Z Deleting config for root prefix 
2025-02-17T15:17:27.9970891Z Clearing mamba executable environment variable
2025-02-17T15:17:27.9971493Z Removing the following in your "/home/runner/.bashrc" file
2025-02-17T15:17:27.9971879Z # >>> mamba initialize >>>
2025-02-17T15:17:27.9972108Z ...
2025-02-17T15:17:27.9972299Z # <<< mamba initialize <<<
2025-02-17T15:17:27.9999802Z Removing mamba initialize block from .bash_profile
2025-02-17T15:17:28.0014304Z ##[endgroup]
2025-02-17T15:17:28.0019052Z Removing environment tardis from auto-activate bash ...
2025-02-17T15:17:28.0143130Z Post job cleanup.
2025-02-17T15:17:28.0194875Z Post job cleanup.
2025-02-17T15:17:28.1186696Z [command]/usr/bin/git version
2025-02-17T15:17:28.1223111Z git version 2.48.1
2025-02-17T15:17:28.1272195Z Temporarily overriding HOME='/home/runner/work/_temp/bc2c234b-c604-4b87-9023-5e907b0db0ad' before making global git config changes
2025-02-17T15:17:28.1273876Z Adding repository directory to the temporary git global config as a safe directory
2025-02-17T15:17:28.1277817Z [command]/usr/bin/git config --global --add safe.directory /home/runner/work/tardis/tardis/tardis-regression-data
2025-02-17T15:17:28.1311449Z [command]/usr/bin/git config --local --name-only --get-regexp core\.sshCommand
2025-02-17T15:17:28.1342973Z [command]/usr/bin/git submodule foreach --recursive sh -c "git config --local --name-only --get-regexp 'core\.sshCommand' && git config --local --unset-all 'core.sshCommand' || :"
2025-02-17T15:17:28.1568172Z [command]/usr/bin/git config --local --name-only --get-regexp http\.https\:\/\/github\.com\/\.extraheader
2025-02-17T15:17:28.1587746Z http.https://github.com/.extraheader
2025-02-17T15:17:28.1600137Z [command]/usr/bin/git config --local --unset-all http.https://github.com/.extraheader
2025-02-17T15:17:28.1630211Z [command]/usr/bin/git submodule foreach --recursive sh -c "git config --local --name-only --get-regexp 'http\.https\:\/\/github\.com\/\.extraheader' && git config --local --unset-all 'http.https://github.com/.extraheader' || :"
2025-02-17T15:17:28.1999553Z Post job cleanup.
2025-02-17T15:17:28.2992801Z [command]/usr/bin/git version
2025-02-17T15:17:28.3029740Z git version 2.48.1
2025-02-17T15:17:28.3079667Z Temporarily overriding HOME='/home/runner/work/_temp/a9538643-c11d-4081-9b2a-c9b3f1c11eaf' before making global git config changes
2025-02-17T15:17:28.3081038Z Adding repository directory to the temporary git global config as a safe directory
2025-02-17T15:17:28.3084810Z [command]/usr/bin/git config --global --add safe.directory /home/runner/work/tardis/tardis
2025-02-17T15:17:28.3120236Z [command]/usr/bin/git config --local --name-only --get-regexp core\.sshCommand
2025-02-17T15:17:28.3152731Z [command]/usr/bin/git submodule foreach --recursive sh -c "git config --local --name-only --get-regexp 'core\.sshCommand' && git config --local --unset-all 'core.sshCommand' || :"
2025-02-17T15:17:28.3398953Z [command]/usr/bin/git config --local --name-only --get-regexp http\.https\:\/\/github\.com\/\.extraheader
2025-02-17T15:17:28.3420749Z http.https://github.com/.extraheader
2025-02-17T15:17:28.3433555Z [command]/usr/bin/git config --local --unset-all http.https://github.com/.extraheader
2025-02-17T15:17:28.3465689Z [command]/usr/bin/git submodule foreach --recursive sh -c "git config --local --name-only --get-regexp 'http\.https\:\/\/github\.com\/\.extraheader' && git config --local --unset-all 'http.https://github.com/.extraheader' || :"
2025-02-17T15:17:28.3801324Z Cleaning up orphan processes
