2025-02-21T10:38:13.4003964Z Requested labels: macos-latest
2025-02-21T10:38:13.4004190Z Job defined at: tardis-sn/tardis/.github/workflows/tests.yml@refs/pull/2977/merge
2025-02-21T10:38:13.4004264Z Waiting for a runner to pick up this job...
2025-02-21T10:38:13.6025479Z Job is waiting for a hosted runner to come online.
2025-02-21T10:38:15.8852185Z Job is about to start running on the hosted runner: GitHub Actions 30 (hosted)
2025-02-21T10:38:17.4966150Z Current runner version: '2.322.0'
2025-02-21T10:38:17.4982660Z ##[group]Operating System
2025-02-21T10:38:17.4983110Z macOS
2025-02-21T10:38:17.4983420Z 14.7.2
2025-02-21T10:38:17.4983710Z 23H311
2025-02-21T10:38:17.4983990Z ##[endgroup]
2025-02-21T10:38:17.4984290Z ##[group]Runner Image
2025-02-21T10:38:17.4984620Z Image: macos-14-arm64
2025-02-21T10:38:17.4984940Z Version: 20250120.774
2025-02-21T10:38:17.4985600Z Included Software: https://github.com/actions/runner-images/blob/macos-14-arm64/20250120.774/images/macos/macos-14-arm64-Readme.md
2025-02-21T10:38:17.4986520Z Image Release: https://github.com/actions/runner-images/releases/tag/macos-14-arm64%2F20250120.774
2025-02-21T10:38:17.4987090Z ##[endgroup]
2025-02-21T10:38:17.4987410Z ##[group]Runner Image Provisioner
2025-02-21T10:38:17.4987810Z 2.0.422.1+55c30c14fe2a0a1547db1b656933ae07d97649a9
2025-02-21T10:38:17.4988200Z ##[endgroup]
2025-02-21T10:38:17.4989520Z ##[group]GITHUB_TOKEN Permissions
2025-02-21T10:38:17.4990540Z Actions: read
2025-02-21T10:38:17.4990870Z Attestations: read
2025-02-21T10:38:17.4991170Z Checks: read
2025-02-21T10:38:17.4991470Z Contents: read
2025-02-21T10:38:17.4991790Z Deployments: read
2025-02-21T10:38:17.4992110Z Discussions: read
2025-02-21T10:38:17.4992420Z Issues: read
2025-02-21T10:38:17.4992730Z Metadata: read
2025-02-21T10:38:17.4993020Z Packages: read
2025-02-21T10:38:17.4993330Z Pages: read
2025-02-21T10:38:17.4993630Z PullRequests: read
2025-02-21T10:38:17.4993940Z RepositoryProjects: read
2025-02-21T10:38:17.4994280Z SecurityEvents: read
2025-02-21T10:38:17.4994600Z Statuses: read
2025-02-21T10:38:17.4994920Z ##[endgroup]
2025-02-21T10:38:17.4996840Z Secret source: None
2025-02-21T10:38:17.4997230Z Prepare workflow directory
2025-02-21T10:38:17.5328480Z Prepare all required actions
2025-02-21T10:38:17.5355540Z Getting action download info
2025-02-21T10:38:17.7307610Z ##[group]Download immutable action package 'actions/checkout@v4'
2025-02-21T10:38:17.7308380Z Version: 4.2.2
2025-02-21T10:38:17.7309050Z Digest: sha256:ccb2698953eaebd21c7bf6268a94f9c26518a7e38e27e0b83c1fe1ad049819b1
2025-02-21T10:38:17.7309830Z Source commit SHA: 11bd71901bbe5b1630ceea73d27597364c9af683
2025-02-21T10:38:17.7310290Z ##[endgroup]
2025-02-21T10:38:17.9799710Z ##[group]Download immutable action package 'actions/upload-artifact@v4'
2025-02-21T10:38:17.9800410Z Version: 4.6.0
2025-02-21T10:38:17.9802980Z Digest: sha256:bf85474c8423f9cd48bd2caf3ce5adb1711e2dfdb055b040bd36b044e4290329
2025-02-21T10:38:17.9803750Z Source commit SHA: 65c4c4a1ddee5b72f698fdd19549f0f0fb45cf08
2025-02-21T10:38:17.9804220Z ##[endgroup]
2025-02-21T10:38:18.1869090Z Complete job name: not continuum macos-latest 
2025-02-21T10:38:18.2261880Z ##[group]Run actions/checkout@v4
2025-02-21T10:38:18.2262820Z with:
2025-02-21T10:38:18.2263130Z   repository: tardis-sn/tardis
2025-02-21T10:38:18.2263690Z   token: ***
2025-02-21T10:38:18.2263980Z   ssh-strict: true
2025-02-21T10:38:18.2264260Z   ssh-user: git
2025-02-21T10:38:18.2264570Z   persist-credentials: true
2025-02-21T10:38:18.2264910Z   clean: true
2025-02-21T10:38:18.2265210Z   sparse-checkout-cone-mode: true
2025-02-21T10:38:18.2265560Z   fetch-depth: 1
2025-02-21T10:38:18.2265850Z   fetch-tags: false
2025-02-21T10:38:18.2266150Z   show-progress: true
2025-02-21T10:38:18.2266450Z   lfs: false
2025-02-21T10:38:18.2266730Z   submodules: false
2025-02-21T10:38:18.2267030Z   set-safe-directory: true
2025-02-21T10:38:18.2267470Z env:
2025-02-21T10:38:18.2267740Z   CACHE_NUMBER: 0
2025-02-21T10:38:18.2268530Z   PYTEST_FLAGS: --tardis-regression-data=/Users/runner/work/tardis/tardis/tardis-regression-data --cov=tardis --cov-report=xml --cov-report=html --cov-append
2025-02-21T10:38:18.2269390Z   CODECOV_TOKEN: 
2025-02-21T10:38:18.2269680Z ##[endgroup]
2025-02-21T10:38:18.5362900Z Syncing repository: tardis-sn/tardis
2025-02-21T10:38:18.5365110Z ##[group]Getting Git version info
2025-02-21T10:38:18.5365740Z Working directory is '/Users/runner/work/tardis/tardis'
2025-02-21T10:38:18.5366500Z [command]/opt/homebrew/bin/git version
2025-02-21T10:38:18.5902540Z git version 2.48.1
2025-02-21T10:38:18.5927550Z ##[endgroup]
2025-02-21T10:38:18.5953140Z Copying '/Users/runner/.gitconfig' to '/Users/runner/work/_temp/092010dc-2027-4d3d-b2ab-682ddcc5c317/.gitconfig'
2025-02-21T10:38:18.5954490Z Temporarily overriding HOME='/Users/runner/work/_temp/092010dc-2027-4d3d-b2ab-682ddcc5c317' before making global git config changes
2025-02-21T10:38:18.5957920Z Adding repository directory to the temporary git global config as a safe directory
2025-02-21T10:38:18.5958930Z [command]/opt/homebrew/bin/git config --global --add safe.directory /Users/runner/work/tardis/tardis
2025-02-21T10:38:18.6060630Z Deleting the contents of '/Users/runner/work/tardis/tardis'
2025-02-21T10:38:18.6063810Z ##[group]Initializing the repository
2025-02-21T10:38:18.6067840Z [command]/opt/homebrew/bin/git init /Users/runner/work/tardis/tardis
2025-02-21T10:38:18.6265620Z hint: Using 'master' as the name for the initial branch. This default branch name
2025-02-21T10:38:18.6266540Z hint: is subject to change. To configure the initial branch name to use in all
2025-02-21T10:38:18.6267320Z hint: of your new repositories, which will suppress this warning, call:
2025-02-21T10:38:18.6267890Z hint:
2025-02-21T10:38:18.6268360Z hint: 	git config --global init.defaultBranch <name>
2025-02-21T10:38:18.6268870Z hint:
2025-02-21T10:38:18.6269340Z hint: Names commonly chosen instead of 'master' are 'main', 'trunk' and
2025-02-21T10:38:18.6270040Z hint: 'development'. The just-created branch can be renamed via this command:
2025-02-21T10:38:18.6270600Z hint:
2025-02-21T10:38:18.6270960Z hint: 	git branch -m <name>
2025-02-21T10:38:18.6271530Z Initialized empty Git repository in /Users/runner/work/tardis/tardis/.git/
2025-02-21T10:38:18.6276450Z [command]/opt/homebrew/bin/git remote add origin https://github.com/tardis-sn/tardis
2025-02-21T10:38:18.6338390Z ##[endgroup]
2025-02-21T10:38:18.6339060Z ##[group]Disabling automatic garbage collection
2025-02-21T10:38:18.6340570Z [command]/opt/homebrew/bin/git config --local gc.auto 0
2025-02-21T10:38:18.6387370Z ##[endgroup]
2025-02-21T10:38:18.6388050Z ##[group]Setting up auth
2025-02-21T10:38:18.6391530Z [command]/opt/homebrew/bin/git config --local --name-only --get-regexp core\.sshCommand
2025-02-21T10:38:18.6581960Z [command]/opt/homebrew/bin/git submodule foreach --recursive sh -c "git config --local --name-only --get-regexp 'core\.sshCommand' && git config --local --unset-all 'core.sshCommand' || :"
2025-02-21T10:38:18.7491080Z [command]/opt/homebrew/bin/git config --local --name-only --get-regexp http\.https\:\/\/github\.com\/\.extraheader
2025-02-21T10:38:18.7538720Z [command]/opt/homebrew/bin/git submodule foreach --recursive sh -c "git config --local --name-only --get-regexp 'http\.https\:\/\/github\.com\/\.extraheader' && git config --local --unset-all 'http.https://github.com/.extraheader' || :"
2025-02-21T10:38:18.8399320Z [command]/opt/homebrew/bin/git config --local http.https://github.com/.extraheader AUTHORIZATION: basic ***
2025-02-21T10:38:18.8503130Z ##[endgroup]
2025-02-21T10:38:18.8518150Z ##[group]Fetching the repository
2025-02-21T10:38:18.8519490Z [command]/opt/homebrew/bin/git -c protocol.version=2 fetch --no-tags --prune --no-recurse-submodules --depth=1 origin +b02d6440c8fc0787814f96f8ff34625d1a357067:refs/remotes/pull/2977/merge
2025-02-21T10:38:21.1661010Z From https://github.com/tardis-sn/tardis
2025-02-21T10:38:21.1720780Z  * [new ref]         b02d6440c8fc0787814f96f8ff34625d1a357067 -> pull/2977/merge
2025-02-21T10:38:21.1792530Z ##[endgroup]
2025-02-21T10:38:21.1793290Z ##[group]Determining the checkout info
2025-02-21T10:38:21.1794060Z ##[endgroup]
2025-02-21T10:38:21.1794870Z [command]/opt/homebrew/bin/git sparse-checkout disable
2025-02-21T10:38:21.1853840Z [command]/opt/homebrew/bin/git config --local --unset-all extensions.worktreeConfig
2025-02-21T10:38:21.1919700Z ##[group]Checking out the ref
2025-02-21T10:38:21.1923890Z [command]/opt/homebrew/bin/git checkout --progress --force refs/remotes/pull/2977/merge
2025-02-21T10:38:21.6159810Z HEAD is now at b02d644 Merge 0c46ea33e1a266d343390ebca3fa566f557e253b into cec8b531cc56e66219fe3ca2efdbf837c008b852
2025-02-21T10:38:21.6318280Z ##[endgroup]
2025-02-21T10:38:21.6340040Z [command]/opt/homebrew/bin/git log -1 --format=%H
2025-02-21T10:38:21.6428760Z b02d6440c8fc0787814f96f8ff34625d1a357067
2025-02-21T10:38:21.6713070Z Prepare all required actions
2025-02-21T10:38:21.6714200Z Getting action download info
2025-02-21T10:38:21.8540830Z ##[group]Download immutable action package 'actions/cache@v4'
2025-02-21T10:38:21.8541880Z Version: 4.2.1
2025-02-21T10:38:21.8542950Z Digest: sha256:b0404c9628d43aa6855629075b28f32cadf8efc5c26198438149f78500112940
2025-02-21T10:38:21.8544230Z Source commit SHA: 0c907a75c2c80ebcb7f088228285e798b750cf8f
2025-02-21T10:38:21.8545210Z ##[endgroup]
2025-02-21T10:38:22.4664210Z ##[group]Run ./.github/actions/setup_lfs
2025-02-21T10:38:22.4664920Z with:
2025-02-21T10:38:22.4665580Z   regression-data-repo: tardis-sn/tardis-regression-data
2025-02-21T10:38:22.4666390Z   atom-data-sparse: false
2025-02-21T10:38:22.4667000Z env:
2025-02-21T10:38:22.4667510Z   CACHE_NUMBER: 0
2025-02-21T10:38:22.4668880Z   PYTEST_FLAGS: --tardis-regression-data=/Users/runner/work/tardis/tardis/tardis-regression-data --cov=tardis --cov-report=xml --cov-report=html --cov-append
2025-02-21T10:38:22.4670510Z   CODECOV_TOKEN: 
2025-02-21T10:38:22.4671070Z ##[endgroup]
2025-02-21T10:38:22.4860560Z ##[group]Run actions/checkout@v4
2025-02-21T10:38:22.4861230Z with:
2025-02-21T10:38:22.4861810Z   repository: tardis-sn/tardis-regression-data
2025-02-21T10:38:22.4862530Z   path: tardis-regression-data
2025-02-21T10:38:22.4863150Z   lfs: false
2025-02-21T10:38:22.4863940Z   token: ***
2025-02-21T10:38:22.4864460Z   ssh-strict: true
2025-02-21T10:38:22.4865020Z   ssh-user: git
2025-02-21T10:38:22.4865590Z   persist-credentials: true
2025-02-21T10:38:22.4866170Z   clean: true
2025-02-21T10:38:22.4866760Z   sparse-checkout-cone-mode: true
2025-02-21T10:38:22.4867400Z   fetch-depth: 1
2025-02-21T10:38:22.4868010Z   fetch-tags: false
2025-02-21T10:38:22.4868560Z   show-progress: true
2025-02-21T10:38:22.4869120Z   submodules: false
2025-02-21T10:38:22.4869680Z   set-safe-directory: true
2025-02-21T10:38:22.4870280Z env:
2025-02-21T10:38:22.4870770Z   CACHE_NUMBER: 0
2025-02-21T10:38:22.4872110Z   PYTEST_FLAGS: --tardis-regression-data=/Users/runner/work/tardis/tardis/tardis-regression-data --cov=tardis --cov-report=xml --cov-report=html --cov-append
2025-02-21T10:38:22.4873510Z   CODECOV_TOKEN: 
2025-02-21T10:38:22.4874080Z ##[endgroup]
2025-02-21T10:38:22.5975070Z Syncing repository: tardis-sn/tardis-regression-data
2025-02-21T10:38:22.5978150Z ##[group]Getting Git version info
2025-02-21T10:38:22.5979150Z Working directory is '/Users/runner/work/tardis/tardis/tardis-regression-data'
2025-02-21T10:38:22.6006550Z [command]/opt/homebrew/bin/git version
2025-02-21T10:38:22.6051400Z git version 2.48.1
2025-02-21T10:38:22.6066360Z ##[endgroup]
2025-02-21T10:38:22.6072760Z Copying '/Users/runner/.gitconfig' to '/Users/runner/work/_temp/654369c0-c1eb-4483-8fd9-170be8bf7f56/.gitconfig'
2025-02-21T10:38:22.6084570Z Temporarily overriding HOME='/Users/runner/work/_temp/654369c0-c1eb-4483-8fd9-170be8bf7f56' before making global git config changes
2025-02-21T10:38:22.6087250Z Adding repository directory to the temporary git global config as a safe directory
2025-02-21T10:38:22.6088800Z [command]/opt/homebrew/bin/git config --global --add safe.directory /Users/runner/work/tardis/tardis/tardis-regression-data
2025-02-21T10:38:22.6141160Z ##[group]Initializing the repository
2025-02-21T10:38:22.6143900Z [command]/opt/homebrew/bin/git init /Users/runner/work/tardis/tardis/tardis-regression-data
2025-02-21T10:38:22.6219660Z hint: Using 'master' as the name for the initial branch. This default branch name
2025-02-21T10:38:22.6221750Z hint: is subject to change. To configure the initial branch name to use in all
2025-02-21T10:38:22.6224270Z hint: of your new repositories, which will suppress this warning, call:
2025-02-21T10:38:22.6226360Z hint:
2025-02-21T10:38:22.6227030Z hint: 	git config --global init.defaultBranch <name>
2025-02-21T10:38:22.6227760Z hint:
2025-02-21T10:38:22.6228500Z hint: Names commonly chosen instead of 'master' are 'main', 'trunk' and
2025-02-21T10:38:22.6230080Z hint: 'development'. The just-created branch can be renamed via this command:
2025-02-21T10:38:22.6231130Z hint:
2025-02-21T10:38:22.6231680Z hint: 	git branch -m <name>
2025-02-21T10:38:22.6232760Z Initialized empty Git repository in /Users/runner/work/tardis/tardis/tardis-regression-data/.git/
2025-02-21T10:38:22.6237350Z [command]/opt/homebrew/bin/git remote add origin https://github.com/tardis-sn/tardis-regression-data
2025-02-21T10:38:22.6279690Z ##[endgroup]
2025-02-21T10:38:22.6280730Z ##[group]Disabling automatic garbage collection
2025-02-21T10:38:22.6282150Z [command]/opt/homebrew/bin/git config --local gc.auto 0
2025-02-21T10:38:22.6330520Z ##[endgroup]
2025-02-21T10:38:22.6331760Z ##[group]Setting up auth
2025-02-21T10:38:22.6335480Z [command]/opt/homebrew/bin/git config --local --name-only --get-regexp core\.sshCommand
2025-02-21T10:38:22.6387250Z [command]/opt/homebrew/bin/git submodule foreach --recursive sh -c "git config --local --name-only --get-regexp 'core\.sshCommand' && git config --local --unset-all 'core.sshCommand' || :"
2025-02-21T10:38:22.6970070Z [command]/opt/homebrew/bin/git config --local --name-only --get-regexp http\.https\:\/\/github\.com\/\.extraheader
2025-02-21T10:38:22.7012860Z [command]/opt/homebrew/bin/git submodule foreach --recursive sh -c "git config --local --name-only --get-regexp 'http\.https\:\/\/github\.com\/\.extraheader' && git config --local --unset-all 'http.https://github.com/.extraheader' || :"
2025-02-21T10:38:22.7758620Z [command]/opt/homebrew/bin/git config --local http.https://github.com/.extraheader AUTHORIZATION: basic ***
2025-02-21T10:38:22.7778440Z ##[endgroup]
2025-02-21T10:38:22.7779660Z ##[group]Determining the default branch
2025-02-21T10:38:22.7780460Z Retrieving the default branch name
2025-02-21T10:38:23.1744860Z Default branch 'main'
2025-02-21T10:38:23.1854590Z ##[endgroup]
2025-02-21T10:38:23.1951480Z ##[group]Fetching the repository
2025-02-21T10:38:23.2053510Z [command]/opt/homebrew/bin/git -c protocol.version=2 fetch --no-tags --prune --no-recurse-submodules --depth=1 origin +refs/heads/main:refs/remotes/origin/main
2025-02-21T10:38:25.0014130Z From https://github.com/tardis-sn/tardis-regression-data
2025-02-21T10:38:25.0015020Z  * [new branch]      main       -> origin/main
2025-02-21T10:38:25.0070450Z ##[endgroup]
2025-02-21T10:38:25.0070970Z ##[group]Determining the checkout info
2025-02-21T10:38:25.0071510Z ##[endgroup]
2025-02-21T10:38:25.0074860Z [command]/opt/homebrew/bin/git sparse-checkout disable
2025-02-21T10:38:25.0133620Z [command]/opt/homebrew/bin/git config --local --unset-all extensions.worktreeConfig
2025-02-21T10:38:25.0183900Z ##[group]Checking out the ref
2025-02-21T10:38:25.0184510Z [command]/opt/homebrew/bin/git checkout --progress --force -B main refs/remotes/origin/main
2025-02-21T10:38:25.4807940Z Switched to a new branch 'main'
2025-02-21T10:38:25.4812890Z branch 'main' set up to track 'origin/main'.
2025-02-21T10:38:25.5681020Z ##[endgroup]
2025-02-21T10:38:25.5746350Z [command]/opt/homebrew/bin/git log -1 --format=%H
2025-02-21T10:38:25.5793460Z 84e768462f20f09fbccc05625cdcc1d8ffbe404c
2025-02-21T10:38:25.5894460Z ##[group]Run if [ "false" == "true" ]; then
2025-02-21T10:38:25.5894810Z [36;1mif [ "false" == "true" ]; then[0m
2025-02-21T10:38:25.5895090Z [36;1m  echo "Using atom data sparse checkout"[0m
2025-02-21T10:38:25.5895380Z [36;1m  echo "atom_data/kurucz_cd23_chianti_H_He.h5" > .lfs-files-list[0m
2025-02-21T10:38:25.5895630Z [36;1melse[0m
2025-02-21T10:38:25.5895850Z [36;1m  echo "Using full repository checkout"[0m
2025-02-21T10:38:25.5896130Z [36;1m  git lfs ls-files -l | cut -d' ' -f1 | sort > .lfs-files-list[0m
2025-02-21T10:38:25.5896360Z [36;1mfi[0m
2025-02-21T10:38:25.5952530Z shell: /bin/bash --noprofile --norc -e -o pipefail {0}
2025-02-21T10:38:25.5954230Z env:
2025-02-21T10:38:25.5954390Z   CACHE_NUMBER: 0
2025-02-21T10:38:25.5954900Z   PYTEST_FLAGS: --tardis-regression-data=/Users/runner/work/tardis/tardis/tardis-regression-data --cov=tardis --cov-report=xml --cov-report=html --cov-append
2025-02-21T10:38:25.5955390Z   CODECOV_TOKEN: 
2025-02-21T10:38:25.5955810Z ##[endgroup]
2025-02-21T10:38:25.6253120Z Using full repository checkout
2025-02-21T10:38:25.9597080Z ##[group]Run actions/cache/restore@v4
2025-02-21T10:38:25.9597500Z with:
2025-02-21T10:38:25.9597720Z   path: tardis-regression-data/.git/lfs
2025-02-21T10:38:25.9598270Z   key: tardis-regression-full-data-c8ff2bbb6048b3f24d3f52a1e85b013ad47e52c369a6ce4cfdeff528b659b86f-tardis-sn/tardis-regression-data-v1
2025-02-21T10:38:25.9598810Z   fail-on-cache-miss: true
2025-02-21T10:38:25.9599100Z   enableCrossOsArchive: false
2025-02-21T10:38:25.9599340Z   lookup-only: false
2025-02-21T10:38:25.9599520Z env:
2025-02-21T10:38:25.9599730Z   CACHE_NUMBER: 0
2025-02-21T10:38:25.9600260Z   PYTEST_FLAGS: --tardis-regression-data=/Users/runner/work/tardis/tardis/tardis-regression-data --cov=tardis --cov-report=xml --cov-report=html --cov-append
2025-02-21T10:38:25.9600780Z   CODECOV_TOKEN: 
2025-02-21T10:38:25.9600980Z ##[endgroup]
2025-02-21T10:38:26.2505880Z Cache hit for: tardis-regression-full-data-c8ff2bbb6048b3f24d3f52a1e85b013ad47e52c369a6ce4cfdeff528b659b86f-tardis-sn/tardis-regression-data-v1
2025-02-21T10:38:27.5490500Z Received 16777216 of 2161656325 (0.8%), 15.9 MBs/sec
2025-02-21T10:38:28.5445370Z Received 92274688 of 2161656325 (4.3%), 43.8 MBs/sec
2025-02-21T10:38:29.5457630Z Received 134217728 of 2161656325 (6.2%), 42.5 MBs/sec
2025-02-21T10:38:30.5465210Z Received 205520896 of 2161656325 (9.5%), 48.8 MBs/sec
2025-02-21T10:38:31.5493800Z Received 264241152 of 2161656325 (12.2%), 50.3 MBs/sec
2025-02-21T10:38:32.5509410Z Received 301989888 of 2161656325 (14.0%), 47.9 MBs/sec
2025-02-21T10:38:33.5492720Z Received 356515840 of 2161656325 (16.5%), 48.5 MBs/sec
2025-02-21T10:38:34.5507640Z Received 402653184 of 2161656325 (18.6%), 47.9 MBs/sec
2025-02-21T10:38:35.5508470Z Received 457179136 of 2161656325 (21.1%), 48.4 MBs/sec
2025-02-21T10:38:36.5521830Z Received 520093696 of 2161656325 (24.1%), 49.5 MBs/sec
2025-02-21T10:38:37.5517280Z Received 562036736 of 2161656325 (26.0%), 48.6 MBs/sec
2025-02-21T10:38:38.5559680Z Received 620756992 of 2161656325 (28.7%), 49.3 MBs/sec
2025-02-21T10:38:39.5533090Z Received 671088640 of 2161656325 (31.0%), 49.2 MBs/sec
2025-02-21T10:38:40.5611130Z Received 729808896 of 2161656325 (33.8%), 49.6 MBs/sec
2025-02-21T10:38:41.5536650Z Received 792723456 of 2161656325 (36.7%), 50.3 MBs/sec
2025-02-21T10:38:42.5584290Z Received 826277888 of 2161656325 (38.2%), 49.2 MBs/sec
2025-02-21T10:38:43.5548610Z Received 884998144 of 2161656325 (40.9%), 49.6 MBs/sec
2025-02-21T10:38:44.5593180Z Received 935329792 of 2161656325 (43.3%), 49.5 MBs/sec
2025-02-21T10:38:45.5576850Z Received 973078528 of 2161656325 (45.0%), 48.8 MBs/sec
2025-02-21T10:38:46.5607490Z Received 1031798784 of 2161656325 (47.7%), 49.1 MBs/sec
2025-02-21T10:38:47.5613820Z Received 1073741824 of 2161656325 (49.7%), 48.7 MBs/sec
2025-02-21T10:38:48.5642550Z Received 1119879168 of 2161656325 (51.8%), 48.5 MBs/sec
2025-02-21T10:38:49.5655740Z Received 1178599424 of 2161656325 (54.5%), 48.8 MBs/sec
2025-02-21T10:38:50.5680770Z Received 1207959552 of 2161656325 (55.9%), 47.9 MBs/sec
2025-02-21T10:38:51.5698080Z Received 1266679808 of 2161656325 (58.6%), 48.3 MBs/sec
2025-02-21T10:38:52.5704710Z Received 1337982976 of 2161656325 (61.9%), 49.0 MBs/sec
2025-02-21T10:38:53.5709980Z Received 1384120320 of 2161656325 (64.0%), 48.8 MBs/sec
2025-02-21T10:38:54.5721560Z Received 1447034880 of 2161656325 (66.9%), 49.2 MBs/sec
2025-02-21T10:38:55.5722800Z Received 1480589312 of 2161656325 (68.5%), 48.6 MBs/sec
2025-02-21T10:38:56.5728440Z Received 1556086784 of 2161656325 (72.0%), 49.4 MBs/sec
2025-02-21T10:38:57.5749880Z Received 1610612736 of 2161656325 (74.5%), 49.5 MBs/sec
2025-02-21T10:38:58.5753230Z Received 1660944384 of 2161656325 (76.8%), 49.4 MBs/sec
2025-02-21T10:38:59.5808490Z Received 1723858944 of 2161656325 (79.7%), 49.8 MBs/sec
2025-02-21T10:39:00.5788730Z Received 1774190592 of 2161656325 (82.1%), 49.7 MBs/sec
2025-02-21T10:39:01.5790970Z Received 1832910848 of 2161656325 (84.8%), 49.9 MBs/sec
2025-02-21T10:39:02.5936570Z Received 1879048192 of 2161656325 (86.9%), 49.7 MBs/sec
2025-02-21T10:39:03.5915840Z Received 1950351360 of 2161656325 (90.2%), 50.2 MBs/sec
2025-02-21T10:39:04.7213160Z Received 2013265920 of 2161656325 (93.1%), 50.3 MBs/sec
2025-02-21T10:39:05.7243280Z Received 2055208960 of 2161656325 (95.1%), 50.0 MBs/sec
2025-02-21T10:39:06.7271450Z Received 2130706432 of 2161656325 (98.6%), 50.6 MBs/sec
2025-02-21T10:39:07.3133660Z Received 2161656325 of 2161656325 (100.0%), 50.6 MBs/sec
2025-02-21T10:39:07.3286930Z Cache Size: ~2062 MB (2161656325 B)
2025-02-21T10:39:07.3331210Z [command]/opt/homebrew/bin/gtar -xf /Users/runner/work/_temp/c5a644ce-2ef6-47b4-9462-9aa0cbcc2d2b/cache.tzst -P -C /Users/runner/work/tardis/tardis --delay-directory-restore --use-compress-program unzstd
2025-02-21T10:39:21.0060470Z Cache restored successfully
2025-02-21T10:39:21.1001660Z Cache restored from key: tardis-regression-full-data-c8ff2bbb6048b3f24d3f52a1e85b013ad47e52c369a6ce4cfdeff528b659b86f-tardis-sn/tardis-regression-data-v1
2025-02-21T10:39:21.1239070Z ##[group]Run git lfs checkout
2025-02-21T10:39:21.1239400Z [36;1mgit lfs checkout[0m
2025-02-21T10:39:21.1426340Z shell: /bin/bash --noprofile --norc -e -o pipefail {0}
2025-02-21T10:39:21.1428880Z env:
2025-02-21T10:39:21.1429760Z   CACHE_NUMBER: 0
2025-02-21T10:39:21.1430910Z   PYTEST_FLAGS: --tardis-regression-data=/Users/runner/work/tardis/tardis/tardis-regression-data --cov=tardis --cov-report=xml --cov-report=html --cov-append
2025-02-21T10:39:21.1431930Z   CODECOV_TOKEN: 
2025-02-21T10:39:21.1432130Z ##[endgroup]
2025-02-21T10:39:36.6349180Z Checking out LFS objects: 100% (204/204), 5.7 GB | 312 MB/s, done.
2025-02-21T10:39:48.8591670Z Prepare all required actions
2025-02-21T10:39:48.8592430Z Getting action download info
2025-02-21T10:39:49.1407490Z Download action repository 'mamba-org/setup-micromamba@v1' (SHA:4b9113af4fba0e9e1124b252dd6497a419e7396d)
2025-02-21T10:39:50.2636660Z ##[group]Run ./.github/actions/setup_env
2025-02-21T10:39:50.2637050Z with:
2025-02-21T10:39:50.2637260Z   os-label: osx-arm64
2025-02-21T10:39:50.2637540Z env:
2025-02-21T10:39:50.2637730Z   CACHE_NUMBER: 0
2025-02-21T10:39:50.2638280Z   PYTEST_FLAGS: --tardis-regression-data=/Users/runner/work/tardis/tardis/tardis-regression-data --cov=tardis --cov-report=xml --cov-report=html --cov-append
2025-02-21T10:39:50.2638920Z   CODECOV_TOKEN: 
2025-02-21T10:39:50.2639090Z ##[endgroup]
2025-02-21T10:39:50.2665430Z ##[group]Run file_hash=$(cat conda-osx-arm64.lock | shasum -a 256 | cut -d' ' -f1)
2025-02-21T10:39:50.2665900Z [36;1mfile_hash=$(cat conda-osx-arm64.lock | shasum -a 256 | cut -d' ' -f1)[0m
2025-02-21T10:39:50.2666450Z [36;1mecho "file_hash=tardis-conda-env-osx-arm64-${file_hash}-v1" >> "${GITHUB_OUTPUT}"[0m
2025-02-21T10:39:50.2725270Z shell: /bin/bash --noprofile --norc -e -o pipefail {0}
2025-02-21T10:39:50.2725590Z env:
2025-02-21T10:39:50.2725800Z   CACHE_NUMBER: 0
2025-02-21T10:39:50.2726330Z   PYTEST_FLAGS: --tardis-regression-data=/Users/runner/work/tardis/tardis/tardis-regression-data --cov=tardis --cov-report=xml --cov-report=html --cov-append
2025-02-21T10:39:50.2726900Z   CODECOV_TOKEN: 
2025-02-21T10:39:50.2727070Z ##[endgroup]
2025-02-21T10:39:50.4161950Z ##[group]Run mamba-org/setup-micromamba@v1
2025-02-21T10:39:50.4162170Z with:
2025-02-21T10:39:50.4162340Z   environment-file: conda-osx-arm64.lock
2025-02-21T10:39:50.4162810Z   cache-environment-key: tardis-conda-env-osx-arm64-bf0d0a4d4c847cca72476c6c68c493d56c484aada7e80de0e42c7607fcef5824-v1
2025-02-21T10:39:50.4163530Z   cache-downloads-key: tardis-conda-env-osx-arm64-bf0d0a4d4c847cca72476c6c68c493d56c484aada7e80de0e42c7607fcef5824-v1
2025-02-21T10:39:50.4164090Z   environment-name: tardis
2025-02-21T10:39:50.4168750Z   cache-environment: true
2025-02-21T10:39:50.4168970Z   cache-downloads: true
2025-02-21T10:39:50.4169140Z env:
2025-02-21T10:39:50.4169260Z   CACHE_NUMBER: 0
2025-02-21T10:39:50.4169810Z   PYTEST_FLAGS: --tardis-regression-data=/Users/runner/work/tardis/tardis/tardis-regression-data --cov=tardis --cov-report=xml --cov-report=html --cov-append
2025-02-21T10:39:50.4170330Z   CODECOV_TOKEN: 
2025-02-21T10:39:50.4170480Z ##[endgroup]
2025-02-21T10:39:50.8767080Z Will download micromamba to /Users/runner/micromamba-bin/micromamba
2025-02-21T10:39:50.8816760Z ##[group]Install micromamba
2025-02-21T10:39:51.7410140Z micromamba installed to /Users/runner/micromamba-bin/micromamba
2025-02-21T10:39:51.7411800Z ##[endgroup]
2025-02-21T10:39:51.7412450Z Adding conda-forge to condarc channels ...
2025-02-21T10:39:51.7427420Z ##[group]Initialize micromamba for bash.
2025-02-21T10:39:51.7443220Z [command]/Users/runner/micromamba-bin/micromamba shell init -s bash -r /Users/runner/micromamba --log-level warning --rc-file /Users/runner/work/_temp/setup-micromamba/.condarc
2025-02-21T10:39:51.7715980Z Modifying RC file "/Users/runner/.bash_profile"
2025-02-21T10:39:51.7722690Z Generating config for root prefix [1m"/Users/runner/micromamba"[0m
2025-02-21T10:39:51.7723280Z Setting mamba executable to: [1m"/Users/runner/micromamba-bin/micromamba"[0m
2025-02-21T10:39:51.7723760Z Adding (or replacing) the following in your "/Users/runner/.bash_profile" file
2025-02-21T10:39:51.7724050Z 
2025-02-21T10:39:51.7724140Z # >>> mamba initialize >>>
2025-02-21T10:39:51.7724380Z # !! Contents within this block are managed by 'mamba init' !!
2025-02-21T10:39:51.7724710Z export MAMBA_EXE='/Users/runner/micromamba-bin/micromamba';
2025-02-21T10:39:51.7725030Z export MAMBA_ROOT_PREFIX='/Users/runner/micromamba';
2025-02-21T10:39:51.7725620Z __mamba_setup="$("$MAMBA_EXE" shell hook --shell bash --root-prefix "$MAMBA_ROOT_PREFIX" 2> /dev/null)"
2025-02-21T10:39:51.7727530Z if [ $? -eq 0 ]; then
2025-02-21T10:39:51.7727770Z     eval "$__mamba_setup"
2025-02-21T10:39:51.7727950Z else
2025-02-21T10:39:51.7728170Z     alias micromamba="$MAMBA_EXE"  # Fallback on help from mamba activate
2025-02-21T10:39:51.7728580Z fi
2025-02-21T10:39:51.7728740Z unset __mamba_setup
2025-02-21T10:39:51.7728910Z # <<< mamba initialize <<<
2025-02-21T10:39:51.7729060Z 
2025-02-21T10:39:51.7734350Z ##[endgroup]
2025-02-21T10:39:51.7736460Z ##[group]Restoring downloads from `/Users/runner/micromamba/pkgs` ...
2025-02-21T10:39:53.1812660Z Received 33554432 of 310594474 (10.8%), 31.9 MBs/sec
2025-02-21T10:39:54.1829920Z Received 67108864 of 310594474 (21.6%), 31.9 MBs/sec
2025-02-21T10:39:55.2621750Z Received 146800640 of 310594474 (47.3%), 45.4 MBs/sec
2025-02-21T10:39:56.2655100Z Received 205520896 of 310594474 (66.2%), 47.9 MBs/sec
2025-02-21T10:39:57.2683320Z Received 268435456 of 310594474 (86.4%), 50.3 MBs/sec
2025-02-21T10:39:57.9349620Z Cache Size: ~296 MB (310594474 B)
2025-02-21T10:39:57.9416560Z [command]/opt/homebrew/bin/gtar -xf /Users/runner/work/_temp/351d6f9b-e5a9-482e-8c8e-689d561fe82b/cache.tzst -P -C /Users/runner/work/tardis/tardis --delay-directory-restore --use-compress-program unzstd
2025-02-21T10:39:58.2680560Z Received 310594474 of 310594474 (100.0%), 48.6 MBs/sec
2025-02-21T10:39:58.9286950Z Cache restored successfully
2025-02-21T10:39:58.9315800Z Restored cache with key `tardis-conda-env-osx-arm64-bf0d0a4d4c847cca72476c6c68c493d56c484aada7e80de0e42c7607fcef5824-v1-osx-arm64`
2025-02-21T10:39:58.9324410Z ##[endgroup]
2025-02-21T10:39:58.9355040Z ##[group]Restoring environment `tardis` from `/Users/runner/micromamba/envs/tardis` ...
2025-02-21T10:40:00.2737730Z Received 33554432 of 385513979 (8.7%), 31.9 MBs/sec
2025-02-21T10:40:01.2830670Z Received 67108864 of 385513979 (17.4%), 31.7 MBs/sec
2025-02-21T10:40:02.2837710Z Received 121634816 of 385513979 (31.6%), 38.4 MBs/sec
2025-02-21T10:40:03.2848020Z Received 176160768 of 385513979 (45.7%), 41.8 MBs/sec
2025-02-21T10:40:04.2929610Z Received 243269632 of 385513979 (63.1%), 46.2 MBs/sec
2025-02-21T10:40:05.2968490Z Received 301989888 of 385513979 (78.3%), 47.8 MBs/sec
2025-02-21T10:40:06.2903610Z Received 360710144 of 385513979 (93.6%), 49.0 MBs/sec
2025-02-21T10:40:06.5305730Z Cache Size: ~368 MB (385513979 B)
2025-02-21T10:40:06.5360120Z [command]/opt/homebrew/bin/gtar -xf /Users/runner/work/_temp/9029301b-94f9-49f5-913a-be324287be7f/cache.tzst -P -C /Users/runner/work/tardis/tardis --delay-directory-restore --use-compress-program unzstd
2025-02-21T10:40:07.2927260Z Received 385513979 of 385513979 (100.0%), 45.8 MBs/sec
2025-02-21T10:40:29.5149310Z Cache restored successfully
2025-02-21T10:40:29.5254440Z Restored cache with key `tardis-conda-env-osx-arm64-bf0d0a4d4c847cca72476c6c68c493d56c484aada7e80de0e42c7607fcef5824-v1-osx-arm64-tardis-args-4f53cda-root-873f6fe-bin-[object Promise]-file-bf0d0a4d4c847cca72476c6c68c493d56c484aada7e80de0e42c7607fcef5824`
2025-02-21T10:40:29.5352170Z ##[endgroup]
2025-02-21T10:40:29.5453560Z Adding environment tardis to auto-activate bash ...
2025-02-21T10:40:29.5614310Z Generating micromamba run shell.
2025-02-21T10:40:29.5616030Z ##[endgroup]
2025-02-21T10:40:29.5617130Z Set environment variables.
2025-02-21T10:40:29.5618030Z ##[group]micromamba info
2025-02-21T10:40:29.5619350Z [command]/Users/runner/micromamba-bin/micromamba info -r /Users/runner/micromamba -n tardis
2025-02-21T10:40:30.1269310Z 
2025-02-21T10:40:30.1274330Z        libmamba version : 1.5.10
2025-02-21T10:40:30.1274850Z      micromamba version : 1.5.10
2025-02-21T10:40:30.1275370Z            curl version : libcurl/8.10.1 (OpenSSL/3.3.2) SecureTransport zlib/1.3.1 zstd/1.5.6 libssh2/1.11.0 nghttp2/1.58.0
2025-02-21T10:40:30.1276060Z      libarchive version : libarchive 3.7.4 zlib/1.2.13 bz2lib/1.0.8 libzstd/1.5.6
2025-02-21T10:40:30.1276640Z        envs directories : /Users/runner/micromamba/envs
2025-02-21T10:40:30.1277100Z           package cache : /Users/runner/micromamba/pkgs
2025-02-21T10:40:30.1303600Z                           /Users/runner/.mamba/pkgs
2025-02-21T10:40:30.1305540Z             environment : tardis
2025-02-21T10:40:30.1306260Z            env location : /Users/runner/micromamba/envs/tardis
2025-02-21T10:40:30.1307170Z       user config files : /Users/runner/.mambarc
2025-02-21T10:40:30.1309130Z  populated config files : /Users/runner/work/_temp/setup-micromamba/.condarc
2025-02-21T10:40:30.1310350Z        virtual packages : __unix=0=0
2025-02-21T10:40:30.1311000Z                           __osx=14.7.2=0
2025-02-21T10:40:30.1311780Z                           __archspec=1=arm64
2025-02-21T10:40:30.1312930Z                channels : https://conda.anaconda.org/conda-forge/osx-arm64
2025-02-21T10:40:30.1315130Z                           https://conda.anaconda.org/conda-forge/noarch
2025-02-21T10:40:30.1317810Z        base environment : /Users/runner/micromamba
2025-02-21T10:40:30.1318460Z                platform : osx-arm64
2025-02-21T10:40:30.1319470Z ##[endgroup]
2025-02-21T10:40:30.1320320Z ##[group]micromamba list
2025-02-21T10:40:30.1323930Z [command]/Users/runner/micromamba-bin/micromamba list -r /Users/runner/micromamba -n tardis
2025-02-21T10:40:30.9163960Z List of packages in environment: "/Users/runner/micromamba/envs/tardis"
2025-02-21T10:40:30.9265630Z 
2025-02-21T10:40:30.9267720Z   Name                           Version              Build                    Channel    
2025-02-21T10:40:30.9269520Z â”€â”€â”€â”€â”€â”€â”€â”€â”€â”€â”€â”€â”€â”€â”€â”€â”€â”€â”€â”€â”€â”€â”€â”€â”€â”€â”€â”€â”€â”€â”€â”€â”€â”€â”€â”€â”€â”€â”€â”€â”€â”€â”€â”€â”€â”€â”€â”€â”€â”€â”€â”€â”€â”€â”€â”€â”€â”€â”€â”€â”€â”€â”€â”€â”€â”€â”€â”€â”€â”€â”€â”€â”€â”€â”€â”€â”€â”€â”€â”€â”€â”€â”€â”€â”€â”€â”€â”€â”€â”€â”€â”€
2025-02-21T10:40:30.9272820Z   alabaster                      0.7.16               pyhd8ed1ab_0             conda-forge
2025-02-21T10:40:30.9275250Z   anyio                          4.4.0                pyhd8ed1ab_0             conda-forge
2025-02-21T10:40:30.9412650Z   appnope                        0.1.4                pyhd8ed1ab_0             conda-forge
2025-02-21T10:40:30.9413690Z   argon2-cffi                    23.1.0               pyhd8ed1ab_0             conda-forge
2025-02-21T10:40:30.9418150Z   argon2-cffi-bindings           21.2.0               py312h02f2b3b_4          conda-forge
2025-02-21T10:40:30.9434300Z   arrow                          1.3.0                pyhd8ed1ab_0             conda-forge
2025-02-21T10:40:30.9435500Z   astropy                        6.1.1                py312hbebd99a_0          conda-forge
2025-02-21T10:40:30.9436730Z   astropy-iers-data              0.2024.6.17.0.31.35  pyhd8ed1ab_0             conda-forge
2025-02-21T10:40:30.9438300Z   astropy-sphinx-theme           1.1                  pyhd8ed1ab_0             conda-forge
2025-02-21T10:40:30.9440010Z   asttokens                      2.4.1                pyhd8ed1ab_0             conda-forge
2025-02-21T10:40:30.9440520Z   async-lru                      2.0.4                pyhd8ed1ab_0             conda-forge
2025-02-21T10:40:30.9440820Z   atk-1.0                        2.38.0               hd03087b_2               conda-forge
2025-02-21T10:40:30.9441110Z   attrs                          23.2.0               pyh71513ae_0             conda-forge
2025-02-21T10:40:30.9441540Z   babel                          2.14.0               pyhd8ed1ab_0             conda-forge
2025-02-21T10:40:30.9441860Z   beautifulsoup4                 4.12.3               pyha770c72_0             conda-forge
2025-02-21T10:40:30.9442300Z   bleach                         6.1.0                pyhd8ed1ab_0             conda-forge
2025-02-21T10:40:30.9442650Z   blosc                          1.21.5               h9c252e8_1               conda-forge
2025-02-21T10:40:30.9443060Z   brotli                         1.1.0                hb547adb_1               conda-forge
2025-02-21T10:40:30.9443440Z   brotli-bin                     1.1.0                hb547adb_1               conda-forge
2025-02-21T10:40:30.9443900Z   brotli-python                  1.1.0                py312h9f69965_1          conda-forge
2025-02-21T10:40:30.9444270Z   bzip2                          1.0.8                h93a5062_5               conda-forge
2025-02-21T10:40:30.9445000Z   c-ares                         1.28.1               h93a5062_0               conda-forge
2025-02-21T10:40:30.9445400Z   c-blosc2                       2.14.4               ha57e6be_1               conda-forge
2025-02-21T10:40:30.9445720Z   ca-certificates                2024.6.2             hf0a4a13_0               conda-forge
2025-02-21T10:40:30.9446130Z   cached-property                1.5.2                hd8ed1ab_1               conda-forge
2025-02-21T10:40:30.9446540Z   cached_property                1.5.2                pyha770c72_1             conda-forge
2025-02-21T10:40:30.9446970Z   cairo                          1.18.0               hd1e100b_0               conda-forge
2025-02-21T10:40:30.9447340Z   certifi                        2024.6.2             pyhd8ed1ab_0             conda-forge
2025-02-21T10:40:30.9447710Z   cffi                           1.16.0               py312h8e38eb3_0          conda-forge
2025-02-21T10:40:30.9448090Z   charset-normalizer             3.3.2                pyhd8ed1ab_0             conda-forge
2025-02-21T10:40:30.9449150Z   click                          8.1.7                unix_pyh707e725_0        conda-forge
2025-02-21T10:40:30.9450460Z   codespell                      2.3.0                pyhd8ed1ab_0             conda-forge
2025-02-21T10:40:30.9451910Z   colorama                       0.4.6                pyhd8ed1ab_0             conda-forge
2025-02-21T10:40:30.9452310Z   comm                           0.2.2                pyhd8ed1ab_0             conda-forge
2025-02-21T10:40:30.9452750Z   commonmark                     0.9.1                py_0                     conda-forge
2025-02-21T10:40:30.9453140Z   contourpy                      1.2.1                py312h0fef576_0          conda-forge
2025-02-21T10:40:30.9453620Z   coverage                       7.5.3                py312h7e5086c_0          conda-forge
2025-02-21T10:40:30.9454030Z   cycler                         0.12.1               pyhd8ed1ab_0             conda-forge
2025-02-21T10:40:30.9454520Z   dataclasses                    0.8                  pyhc8e2a94_3             conda-forge
2025-02-21T10:40:30.9455360Z   debugpy                        1.8.1                py312h20a0b95_0          conda-forge
2025-02-21T10:40:30.9455820Z   decorator                      5.1.1                pyhd8ed1ab_0             conda-forge
2025-02-21T10:40:30.9456220Z   defusedxml                     0.7.1                pyhd8ed1ab_0             conda-forge
2025-02-21T10:40:30.9456690Z   docutils                       0.20.1               py312h81bd7bf_3          conda-forge
2025-02-21T10:40:30.9457240Z   dot2tex                        2.11.3               pyhd8ed1ab_0             conda-forge
2025-02-21T10:40:30.9457550Z   entrypoints                    0.4                  pyhd8ed1ab_0             conda-forge
2025-02-21T10:40:30.9457900Z   exceptiongroup                 1.2.0                pyhd8ed1ab_2             conda-forge
2025-02-21T10:40:30.9458230Z   executing                      2.0.1                pyhd8ed1ab_0             conda-forge
2025-02-21T10:40:30.9458560Z   expat                          2.6.2                hebf3989_0               conda-forge
2025-02-21T10:40:30.9459040Z   font-ttf-dejavu-sans-mono      2.37                 hab24e00_0               conda-forge
2025-02-21T10:40:30.9459440Z   font-ttf-inconsolata           3.000                h77eed37_0               conda-forge
2025-02-21T10:40:30.9459850Z   font-ttf-source-code-pro       2.038                h77eed37_0               conda-forge
2025-02-21T10:40:30.9465500Z   font-ttf-ubuntu                0.83                 h77eed37_2               conda-forge
2025-02-21T10:40:30.9466620Z   fontconfig                     2.14.2               h82840c6_0               conda-forge
2025-02-21T10:40:30.9468420Z   fonts-conda-ecosystem          1                    0                        conda-forge
2025-02-21T10:40:30.9469880Z   fonts-conda-forge              1                    0                        conda-forge
2025-02-21T10:40:30.9472100Z   fonttools                      4.53.0               py312h7e5086c_0          conda-forge
2025-02-21T10:40:30.9473110Z   fqdn                           1.5.1                pyhd8ed1ab_0             conda-forge
2025-02-21T10:40:30.9473710Z   freetype                       2.12.1               hadb7bae_2               conda-forge
2025-02-21T10:40:30.9474360Z   fribidi                        1.0.10               h27ca646_0               conda-forge
2025-02-21T10:40:30.9475640Z   future                         1.0.0                pyhd8ed1ab_0             conda-forge
2025-02-21T10:40:30.9476460Z   gdk-pixbuf                     2.42.12              h7ddc832_0               conda-forge
2025-02-21T10:40:30.9477290Z   gettext                        0.22.5               h8fbad5d_2               conda-forge
2025-02-21T10:40:30.9478520Z   gettext-tools                  0.22.5               h8fbad5d_2               conda-forge
2025-02-21T10:40:30.9479290Z   giflib                         5.2.2                h93a5062_0               conda-forge
2025-02-21T10:40:30.9479650Z   git-lfs                        3.5.1                hce30654_0               conda-forge
2025-02-21T10:40:30.9480050Z   gmp                            6.3.0                hebf3989_1               conda-forge
2025-02-21T10:40:30.9480330Z   gmpy2                          2.1.5                py312hfa9fade_1          conda-forge
2025-02-21T10:40:30.9480640Z   graphite2                      1.3.13               hebf3989_1003            conda-forge
2025-02-21T10:40:30.9481000Z   graphviz                       11.0.0               h9bb9bc9_0               conda-forge
2025-02-21T10:40:30.9481310Z   gtk2                           2.24.33              h7895bb2_4               conda-forge
2025-02-21T10:40:30.9481580Z   gts                            0.7.6                he42f4ea_4               conda-forge
2025-02-21T10:40:30.9481950Z   h11                            0.14.0               pyhd8ed1ab_0             conda-forge
2025-02-21T10:40:30.9482240Z   h2                             4.1.0                pyhd8ed1ab_0             conda-forge
2025-02-21T10:40:30.9482920Z   h5py                           3.11.0               nompi_py312h903599c_102  conda-forge
2025-02-21T10:40:30.9483900Z   harfbuzz                       8.5.0                h1836168_0               conda-forge
2025-02-21T10:40:30.9484320Z   hdf5                           1.14.3               nompi_hec07895_105       conda-forge
2025-02-21T10:40:30.9484710Z   hpack                          4.0.0                pyh9f0ad1d_0             conda-forge
2025-02-21T10:40:30.9485340Z   httpcore                       1.0.5                pyhd8ed1ab_0             conda-forge
2025-02-21T10:40:30.9485760Z   httpx                          0.27.0               pyhd8ed1ab_0             conda-forge
2025-02-21T10:40:30.9486150Z   hyperframe                     6.0.1                pyhd8ed1ab_0             conda-forge
2025-02-21T10:40:30.9486600Z   icu                            73.2                 hc8870d7_0               conda-forge
2025-02-21T10:40:30.9486950Z   idna                           3.7                  pyhd8ed1ab_0             conda-forge
2025-02-21T10:40:30.9487370Z   imagesize                      1.4.1                pyhd8ed1ab_0             conda-forge
2025-02-21T10:40:30.9487800Z   importlib-metadata             7.1.0                pyha770c72_0             conda-forge
2025-02-21T10:40:30.9488260Z   importlib_metadata             7.1.0                hd8ed1ab_0               conda-forge
2025-02-21T10:40:30.9488690Z   importlib_resources            6.4.0                pyhd8ed1ab_0             conda-forge
2025-02-21T10:40:30.9489150Z   iniconfig                      2.0.0                pyhd8ed1ab_0             conda-forge
2025-02-21T10:40:30.9489510Z   ipykernel                      6.29.4               pyh57ce528_0             conda-forge
2025-02-21T10:40:30.9490060Z   ipython                        8.25.0               pyh707e725_0             conda-forge
2025-02-21T10:40:30.9490970Z   ipython_genutils               0.2.0                pyhd8ed1ab_1             conda-forge
2025-02-21T10:40:30.9491440Z   ipywidgets                     7.8.0                pyhd8ed1ab_0             conda-forge
2025-02-21T10:40:30.9491810Z   isoduration                    20.11.0              pyhd8ed1ab_0             conda-forge
2025-02-21T10:40:30.9492240Z   jedi                           0.19.1               pyhd8ed1ab_0             conda-forge
2025-02-21T10:40:30.9492600Z   jinja2                         3.1.4                pyhd8ed1ab_0             conda-forge
2025-02-21T10:40:30.9493020Z   json5                          0.9.25               pyhd8ed1ab_0             conda-forge
2025-02-21T10:40:30.9493410Z   jsonpointer                    3.0.0                py312h81bd7bf_0          conda-forge
2025-02-21T10:40:30.9493820Z   jsonschema                     4.22.0               pyhd8ed1ab_0             conda-forge
2025-02-21T10:40:30.9494250Z   jsonschema-specifications      2023.12.1            pyhd8ed1ab_0             conda-forge
2025-02-21T10:40:30.9494760Z   jsonschema-with-format-nongpl  4.22.0               pyhd8ed1ab_0             conda-forge
2025-02-21T10:40:30.9495260Z   jupyter-lsp                    2.2.5                pyhd8ed1ab_0             conda-forge
2025-02-21T10:40:30.9495650Z   jupyter_client                 8.6.2                pyhd8ed1ab_0             conda-forge
2025-02-21T10:40:30.9496100Z   jupyter_core                   5.7.2                py312h81bd7bf_0          conda-forge
2025-02-21T10:40:30.9496490Z   jupyter_events                 0.10.0               pyhd8ed1ab_0             conda-forge
2025-02-21T10:40:30.9496920Z   jupyter_server                 2.14.1               pyhd8ed1ab_0             conda-forge
2025-02-21T10:40:30.9497320Z   jupyter_server_terminals       0.5.3                pyhd8ed1ab_0             conda-forge
2025-02-21T10:40:30.9497760Z   jupyterlab                     4.2.2                pyhd8ed1ab_0             conda-forge
2025-02-21T10:40:30.9498140Z   jupyterlab_pygments            0.3.0                pyhd8ed1ab_1             conda-forge
2025-02-21T10:40:30.9498550Z   jupyterlab_server              2.27.2               pyhd8ed1ab_0             conda-forge
2025-02-21T10:40:30.9499200Z   jupyterlab_widgets             1.1.7                pyhd8ed1ab_0             conda-forge
2025-02-21T10:40:30.9499630Z   kiwisolver                     1.4.5                py312h389731b_1          conda-forge
2025-02-21T10:40:30.9500040Z   krb5                           1.21.2               h92f50d5_0               conda-forge
2025-02-21T10:40:30.9500400Z   latexcodec                     2.0.1                pyh9f0ad1d_0             conda-forge
2025-02-21T10:40:30.9500840Z   lcms2                          2.16                 ha0e7c42_0               conda-forge
2025-02-21T10:40:30.9501180Z   lerc                           4.0.0                h9a09cb3_0               conda-forge
2025-02-21T10:40:30.9501560Z   libaec                         1.1.3                hebf3989_0               conda-forge
2025-02-21T10:40:30.9501870Z   libasprintf                    0.22.5               h8fbad5d_2               conda-forge
2025-02-21T10:40:30.9502350Z   libasprintf-devel              0.22.5               h8fbad5d_2               conda-forge
2025-02-21T10:40:30.9502720Z   libblas                        3.9.0                22_osxarm64_openblas     conda-forge
2025-02-21T10:40:30.9503190Z   libbrotlicommon                1.1.0                hb547adb_1               conda-forge
2025-02-21T10:40:30.9503570Z   libbrotlidec                   1.1.0                hb547adb_1               conda-forge
2025-02-21T10:40:30.9503980Z   libbrotlienc                   1.1.0                hb547adb_1               conda-forge
2025-02-21T10:40:30.9504390Z   libcblas                       3.9.0                22_osxarm64_openblas     conda-forge
2025-02-21T10:40:30.9504750Z   libcurl                        8.8.0                h7b6f9a7_0               conda-forge
2025-02-21T10:40:30.9505230Z   libcxx                         17.0.6               h5f092b4_0               conda-forge
2025-02-21T10:40:30.9506290Z   libdeflate                     1.20                 h93a5062_0               conda-forge
2025-02-21T10:40:30.9506820Z   libedit                        3.1.20191231         hc8eb9b7_2               conda-forge
2025-02-21T10:40:30.9507230Z   libev                          4.33                 h93a5062_2               conda-forge
2025-02-21T10:40:30.9507650Z   libexpat                       2.6.2                hebf3989_0               conda-forge
2025-02-21T10:40:30.9507990Z   libffi                         3.4.2                h3422bc3_5               conda-forge
2025-02-21T10:40:30.9508390Z   libgd                          2.3.3                hfdf3952_9               conda-forge
2025-02-21T10:40:30.9508750Z   libgettextpo                   0.22.5               h8fbad5d_2               conda-forge
2025-02-21T10:40:30.9509240Z   libgettextpo-devel             0.22.5               h8fbad5d_2               conda-forge
2025-02-21T10:40:30.9509670Z   libgfortran                    5.0.0                13_2_0_hd922786_3        conda-forge
2025-02-21T10:40:30.9510050Z   libgfortran5                   13.2.0               hf226fd6_3               conda-forge
2025-02-21T10:40:30.9510470Z   libglib                        2.80.2               h59d46d9_1               conda-forge
2025-02-21T10:40:30.9510820Z   libiconv                       1.17                 h0d3ecfb_2               conda-forge
2025-02-21T10:40:30.9511210Z   libintl                        0.22.5               h8fbad5d_2               conda-forge
2025-02-21T10:40:30.9511590Z   libintl-devel                  0.22.5               h8fbad5d_2               conda-forge
2025-02-21T10:40:30.9512020Z   libjpeg-turbo                  3.0.0                hb547adb_1               conda-forge
2025-02-21T10:40:30.9512400Z   liblapack                      3.9.0                22_osxarm64_openblas     conda-forge
2025-02-21T10:40:30.9512780Z   libllvm14                      14.0.6               hd1a9a77_4               conda-forge
2025-02-21T10:40:30.9513100Z   libnghttp2                     1.58.0               ha4dd798_1               conda-forge
2025-02-21T10:40:30.9514370Z   libopenblas                    0.3.27               openmp_h6c19121_0        conda-forge
2025-02-21T10:40:30.9514780Z   libpng                         1.6.43               h091b4b1_0               conda-forge
2025-02-21T10:40:30.9515260Z   librsvg                        2.58.1               hbc281fb_0               conda-forge
2025-02-21T10:40:30.9515660Z   libsodium                      1.0.18               h27ca646_1               conda-forge
2025-02-21T10:40:30.9516020Z   libsqlite                      3.46.0               hfb93653_0               conda-forge
2025-02-21T10:40:30.9516420Z   libssh2                        1.11.0               h7a5bd25_0               conda-forge
2025-02-21T10:40:30.9516760Z   libtiff                        4.6.0                h07db509_3               conda-forge
2025-02-21T10:40:30.9517180Z   libwebp                        1.4.0                h54798ee_0               conda-forge
2025-02-21T10:40:30.9517530Z   libwebp-base                   1.4.0                h93a5062_0               conda-forge
2025-02-21T10:40:30.9517900Z   libxcb                         1.16                 hf2054a2_0               conda-forge
2025-02-21T10:40:30.9518250Z   libxml2                        2.12.7               ha661575_1               conda-forge
2025-02-21T10:40:30.9518640Z   libxslt                        1.1.39               h223e5b9_0               conda-forge
2025-02-21T10:40:30.9518980Z   libzlib                        1.3.1                hfb2fe0b_1               conda-forge
2025-02-21T10:40:30.9519290Z   llvm-openmp                    18.1.7               hde57baf_0               conda-forge
2025-02-21T10:40:30.9519640Z   llvmlite                       0.42.0               py312h17030e7_1          conda-forge
2025-02-21T10:40:30.9520010Z   lxml                           5.2.2                py312h0e5ab22_0          conda-forge
2025-02-21T10:40:30.9520610Z   lz4-c                          1.9.4                hb7217d7_0               conda-forge
2025-02-21T10:40:30.9520990Z   markupsafe                     2.1.5                py312he37b823_0          conda-forge
2025-02-21T10:40:30.9521420Z   matplotlib-base                3.8.4                py312h4479663_2          conda-forge
2025-02-21T10:40:30.9521830Z   matplotlib-inline              0.1.7                pyhd8ed1ab_0             conda-forge
2025-02-21T10:40:30.9522210Z   mistune                        3.0.2                pyhd8ed1ab_0             conda-forge
2025-02-21T10:40:30.9522500Z   mpc                            1.3.1                h91ba8db_0               conda-forge
2025-02-21T10:40:30.9522850Z   mpfr                           4.2.1                h41d338b_1               conda-forge
2025-02-21T10:40:30.9523180Z   mpmath                         1.3.0                pyhd8ed1ab_0             conda-forge
2025-02-21T10:40:30.9523690Z   munkres                        1.1.4                pyh9f0ad1d_0             conda-forge
2025-02-21T10:40:30.9524070Z   mypy_extensions                1.0.0                pyha770c72_0             conda-forge
2025-02-21T10:40:30.9524440Z   nbclassic                      1.1.0                pyhd8ed1ab_0             conda-forge
2025-02-21T10:40:30.9524760Z   nbclient                       0.10.0               pyhd8ed1ab_0             conda-forge
2025-02-21T10:40:30.9525070Z   nbconvert                      7.16.4               hd8ed1ab_1               conda-forge
2025-02-21T10:40:30.9525400Z   nbconvert-core                 7.16.4               pyhd8ed1ab_1             conda-forge
2025-02-21T10:40:30.9525750Z   nbconvert-pandoc               7.16.4               hd8ed1ab_1               conda-forge
2025-02-21T10:40:30.9526080Z   nbformat                       5.10.4               pyhd8ed1ab_0             conda-forge
2025-02-21T10:40:30.9526380Z   nbsphinx                       0.9.4                pyhd8ed1ab_0             conda-forge
2025-02-21T10:40:30.9526700Z   ncurses                        6.5                  hb89a1cb_0               conda-forge
2025-02-21T10:40:30.9527580Z   nest-asyncio                   1.6.0                pyhd8ed1ab_0             conda-forge
2025-02-21T10:40:30.9527880Z   networkx                       3.3                  pyhd8ed1ab_1             conda-forge
2025-02-21T10:40:30.9528230Z   notebook                       7.2.1                pyhd8ed1ab_0             conda-forge
2025-02-21T10:40:30.9528530Z   notebook-shim                  0.2.4                pyhd8ed1ab_0             conda-forge
2025-02-21T10:40:30.9528830Z   numba                          0.59.1               py312hbaff935_0          conda-forge
2025-02-21T10:40:30.9529120Z   numexpr                        2.10.0               py312h8ae5369_0          conda-forge
2025-02-21T10:40:30.9529450Z   numpy                          1.26.4               py312h8442bc7_0          conda-forge
2025-02-21T10:40:30.9529750Z   numpydoc                       1.7.0                pyhd8ed1ab_1             conda-forge
2025-02-21T10:40:30.9530040Z   openjpeg                       2.5.2                h9f1df11_0               conda-forge
2025-02-21T10:40:30.9530340Z   openssl                        3.3.1                hfb2fe0b_0               conda-forge
2025-02-21T10:40:30.9530630Z   overrides                      7.7.0                pyhd8ed1ab_0             conda-forge
2025-02-21T10:40:30.9530930Z   packaging                      24.1                 pyhd8ed1ab_0             conda-forge
2025-02-21T10:40:30.9531220Z   pandas                         2.2.2                py312h8ae5369_1          conda-forge
2025-02-21T10:40:30.9531510Z   pandoc                         3.2                  hce30654_0               conda-forge
2025-02-21T10:40:30.9531890Z   pandocfilters                  1.5.0                pyhd8ed1ab_0             conda-forge
2025-02-21T10:40:30.9532200Z   pango                          1.54.0               h5cb9fbc_0               conda-forge
2025-02-21T10:40:30.9532650Z   parso                          0.8.4                pyhd8ed1ab_0             conda-forge
2025-02-21T10:40:30.9532970Z   pathspec                       0.12.1               pyhd8ed1ab_0             conda-forge
2025-02-21T10:40:30.9533260Z   pbr                            6.0.0                pyhd8ed1ab_0             conda-forge
2025-02-21T10:40:30.9533540Z   pcre2                          10.44                h297a79d_0               conda-forge
2025-02-21T10:40:30.9533840Z   pexpect                        4.9.0                pyhd8ed1ab_0             conda-forge
2025-02-21T10:40:30.9534150Z   pickleshare                    0.7.5                py_1003                  conda-forge
2025-02-21T10:40:30.9534470Z   pillow                         10.3.0               py312h39b1d8d_1          conda-forge
2025-02-21T10:40:30.9534760Z   pip                            24.0                 pyhd8ed1ab_0             conda-forge
2025-02-21T10:40:30.9535040Z   pixman                         0.43.4               hebf3989_0               conda-forge
2025-02-21T10:40:30.9535370Z   pkgutil-resolve-name           1.3.10               pyhd8ed1ab_1             conda-forge
2025-02-21T10:40:30.9535720Z   platformdirs                   4.2.2                pyhd8ed1ab_0             conda-forge
2025-02-21T10:40:30.9536040Z   plotly                         5.22.0               pyhd8ed1ab_0             conda-forge
2025-02-21T10:40:30.9536330Z   pluggy                         1.5.0                pyhd8ed1ab_0             conda-forge
2025-02-21T10:40:30.9536650Z   prometheus_client              0.20.0               pyhd8ed1ab_0             conda-forge
2025-02-21T10:40:30.9536990Z   prompt-toolkit                 3.0.47               pyha770c72_0             conda-forge
2025-02-21T10:40:30.9537300Z   psutil                         5.9.8                py312he37b823_0          conda-forge
2025-02-21T10:40:30.9537610Z   pthread-stubs                  0.4                  h27ca646_1001            conda-forge
2025-02-21T10:40:30.9537940Z   ptyprocess                     0.7.0                pyhd3deb0d_0             conda-forge
2025-02-21T10:40:30.9538420Z   pure_eval                      0.2.2                pyhd8ed1ab_0             conda-forge
2025-02-21T10:40:30.9538740Z   py-cpuinfo                     9.0.0                pyhd8ed1ab_0             conda-forge
2025-02-21T10:40:30.9539040Z   pybtex                         0.24.0               pyhd8ed1ab_2             conda-forge
2025-02-21T10:40:30.9539370Z   pybtex-docutils                1.0.3                py312h81bd7bf_1          conda-forge
2025-02-21T10:40:30.9539700Z   pycparser                      2.22                 pyhd8ed1ab_0             conda-forge
2025-02-21T10:40:30.9540010Z   pyerfa                         2.0.1.4              py312hbebd99a_1          conda-forge
2025-02-21T10:40:30.9540970Z   pygments                       2.18.0               pyhd8ed1ab_0             conda-forge
2025-02-21T10:40:30.9541470Z   pygraphviz                     1.13                 py312h5f4d302_1          conda-forge
2025-02-21T10:40:30.9541820Z   pyobjc-core                    10.3.1               py312hbb55c70_0          conda-forge
2025-02-21T10:40:30.9542190Z   pyobjc-framework-cocoa         10.3.1               py312hbb55c70_0          conda-forge
2025-02-21T10:40:30.9542560Z   pyparsing                      3.1.2                pyhd8ed1ab_0             conda-forge
2025-02-21T10:40:30.9542870Z   pysocks                        1.7.1                pyha2e5f31_6             conda-forge
2025-02-21T10:40:30.9543180Z   pytables                       3.9.2                py312hb622ae1_2          conda-forge
2025-02-21T10:40:30.9543480Z   pytest                         8.2.2                pyhd8ed1ab_0             conda-forge
2025-02-21T10:40:30.9543790Z   pytest-cov                     5.0.0                pyhd8ed1ab_0             conda-forge
2025-02-21T10:40:30.9544130Z   pytest-doctestplus             1.2.1                pyhd8ed1ab_0             conda-forge
2025-02-21T10:40:30.9545080Z   pytest-html                    4.1.1                pyhd8ed1ab_0             conda-forge
2025-02-21T10:40:30.9545430Z   pytest-metadata                3.1.1                pyhd8ed1ab_0             conda-forge
2025-02-21T10:40:30.9545750Z   python                         3.12.4               h30c5eda_0_cpython       conda-forge
2025-02-21T10:40:30.9546060Z   python-dateutil                2.9.0                pyhd8ed1ab_0             conda-forge
2025-02-21T10:40:30.9546420Z   python-fastjsonschema          2.20.0               pyhd8ed1ab_0             conda-forge
2025-02-21T10:40:30.9546830Z   python-json-logger             2.0.7                pyhd8ed1ab_0             conda-forge
2025-02-21T10:40:30.9547180Z   python-tzdata                  2024.1               pyhd8ed1ab_0             conda-forge
2025-02-21T10:40:30.9547500Z   python_abi                     3.12                 4_cp312                  conda-forge
2025-02-21T10:40:30.9547800Z   pytz                           2024.1               pyhd8ed1ab_0             conda-forge
2025-02-21T10:40:30.9548110Z   pyyaml                         6.0.1                py312h02f2b3b_1          conda-forge
2025-02-21T10:40:30.9548410Z   pyzmq                          26.0.3               py312hfa13136_0          conda-forge
2025-02-21T10:40:30.9548700Z   qgrid                          1.3.1                pyhd8ed1ab_4             conda-forge
2025-02-21T10:40:30.9549030Z   radioactivedecay               0.5.1                pyhd8ed1ab_0             conda-forge
2025-02-21T10:40:30.9549370Z   readline                       8.2                  h92ec313_1               conda-forge
2025-02-21T10:40:30.9549900Z   recommonmark                   0.7.1                pyhd8ed1ab_0             conda-forge
2025-02-21T10:40:30.9550530Z   referencing                    0.35.1               pyhd8ed1ab_0             conda-forge
2025-02-21T10:40:30.9550850Z   requests                       2.32.3               pyhd8ed1ab_0             conda-forge
2025-02-21T10:40:30.9558750Z   rfc3339-validator              0.1.4                pyhd8ed1ab_0             conda-forge
2025-02-21T10:40:30.9559530Z   rfc3986-validator              0.1.1                pyh9f0ad1d_0             conda-forge
2025-02-21T10:40:30.9559870Z   rpds-py                        0.18.1               py312h552d48e_0          conda-forge
2025-02-21T10:40:30.9560160Z   ruff                           0.4.9                py312h3402d49_0          conda-forge
2025-02-21T10:40:30.9560460Z   scipy                          1.13.1               py312h14ffa8f_0          conda-forge
2025-02-21T10:40:30.9560770Z   send2trash                     1.8.3                pyh31c8845_0             conda-forge
2025-02-21T10:40:30.9561100Z   setuptools                     70.0.0               pyhd8ed1ab_0             conda-forge
2025-02-21T10:40:30.9561430Z   setuptools-scm                 8.1.0                pyhd8ed1ab_0             conda-forge
2025-02-21T10:40:30.9561770Z   setuptools_scm                 8.1.0                hd8ed1ab_0               conda-forge
2025-02-21T10:40:30.9562080Z   six                            1.16.0               pyh6c4a22f_0             conda-forge
2025-02-21T10:40:30.9562430Z   snakeviz                       2.2.0                pyhd8ed1ab_0             conda-forge
2025-02-21T10:40:30.9562750Z   snappy                         1.2.0                hd04f947_1               conda-forge
2025-02-21T10:40:30.9563040Z   sniffio                        1.3.1                pyhd8ed1ab_0             conda-forge
2025-02-21T10:40:30.9563380Z   snowballstemmer                2.2.0                pyhd8ed1ab_0             conda-forge
2025-02-21T10:40:30.9563820Z   soupsieve                      2.5                  pyhd8ed1ab_1             conda-forge
2025-02-21T10:40:30.9564130Z   sphinx                         7.3.7                pyhd8ed1ab_0             conda-forge
2025-02-21T10:40:30.9564460Z   sphinx-astropy                 1.9.1                pyhd8ed1ab_0             conda-forge
2025-02-21T10:40:30.9565060Z   sphinx-automodapi              0.17.0               pyh717bed2_1             conda-forge
2025-02-21T10:40:30.9565440Z   sphinx-gallery                 0.16.0               pyhd8ed1ab_0             conda-forge
2025-02-21T10:40:30.9565800Z   sphinx-jsonschema              1.19.1               pyhd8ed1ab_0             conda-forge
2025-02-21T10:40:30.9566170Z   sphinx_bootstrap_theme         0.8.1                pyhd8ed1ab_0             conda-forge
2025-02-21T10:40:30.9566530Z   sphinx_rtd_theme               2.0.0                pyha770c72_0             conda-forge
2025-02-21T10:40:30.9566880Z   sphinxcontrib-apidoc           0.3.0                py_1                     conda-forge
2025-02-21T10:40:30.9567270Z   sphinxcontrib-applehelp        1.0.8                pyhd8ed1ab_0             conda-forge
2025-02-21T10:40:30.9567670Z   sphinxcontrib-bibtex           2.6.2                pyhd8ed1ab_0             conda-forge
2025-02-21T10:40:30.9568050Z   sphinxcontrib-devhelp          1.0.6                pyhd8ed1ab_0             conda-forge
2025-02-21T10:40:30.9568440Z   sphinxcontrib-htmlhelp         2.0.5                pyhd8ed1ab_0             conda-forge
2025-02-21T10:40:30.9568840Z   sphinxcontrib-jquery           4.1                  pyhd8ed1ab_0             conda-forge
2025-02-21T10:40:30.9569210Z   sphinxcontrib-jsmath           1.0.1                pyhd8ed1ab_0             conda-forge
2025-02-21T10:40:30.9569570Z   sphinxcontrib-qthelp           1.0.7                pyhd8ed1ab_0             conda-forge
2025-02-21T10:40:30.9569970Z   sphinxcontrib-serializinghtml  1.1.10               pyhd8ed1ab_0             conda-forge
2025-02-21T10:40:30.9570340Z   stack_data                     0.6.2                pyhd8ed1ab_0             conda-forge
2025-02-21T10:40:30.9570640Z   sympy                          1.12.1               pypyh2585a3b_103         conda-forge
2025-02-21T10:40:30.9570940Z   tabulate                       0.9.0                pyhd8ed1ab_1             conda-forge
2025-02-21T10:40:30.9571250Z   tenacity                       8.4.1                pyhd8ed1ab_0             conda-forge
2025-02-21T10:40:30.9571740Z   terminado                      0.18.1               pyh31c8845_0             conda-forge
2025-02-21T10:40:30.9572050Z   tinycss2                       1.3.0                pyhd8ed1ab_0             conda-forge
2025-02-21T10:40:30.9572340Z   tk                             8.6.13               h5083fa2_1               conda-forge
2025-02-21T10:40:30.9572620Z   toml                           0.10.2               pyhd8ed1ab_0             conda-forge
2025-02-21T10:40:30.9572910Z   tomli                          2.0.1                pyhd8ed1ab_0             conda-forge
2025-02-21T10:40:30.9573200Z   tornado                        6.4.1                py312h7e5086c_0          conda-forge
2025-02-21T10:40:30.9573500Z   tqdm                           4.66.4               pyhd8ed1ab_0             conda-forge
2025-02-21T10:40:30.9573790Z   traitlets                      5.14.3               pyhd8ed1ab_0             conda-forge
2025-02-21T10:40:30.9574100Z   typed-ast                      1.5.5                py312h02f2b3b_1          conda-forge
2025-02-21T10:40:30.9574460Z   types-python-dateutil          2.9.0.20240316       pyhd8ed1ab_0             conda-forge
2025-02-21T10:40:30.9574840Z   typing-extensions              4.12.2               hd8ed1ab_0               conda-forge
2025-02-21T10:40:30.9575190Z   typing_extensions              4.12.2               pyha770c72_0             conda-forge
2025-02-21T10:40:30.9575520Z   typing_utils                   0.1.0                pyhd8ed1ab_0             conda-forge
2025-02-21T10:40:30.9575820Z   tzdata                         2024a                h0c530f3_0               conda-forge
2025-02-21T10:40:30.9576130Z   uri-template                   1.3.0                pyhd8ed1ab_0             conda-forge
2025-02-21T10:40:30.9576430Z   urllib3                        2.2.2                pyhd8ed1ab_0             conda-forge
2025-02-21T10:40:30.9576870Z   wcwidth                        0.2.13               pyhd8ed1ab_0             conda-forge
2025-02-21T10:40:30.9577200Z   webcolors                      24.6.0               pyhd8ed1ab_0             conda-forge
2025-02-21T10:40:30.9577520Z   webencodings                   0.5.1                pyhd8ed1ab_2             conda-forge
2025-02-21T10:40:30.9577850Z   websocket-client               1.8.0                pyhd8ed1ab_0             conda-forge
2025-02-21T10:40:30.9578160Z   wheel                          0.43.0               pyhd8ed1ab_1             conda-forge
2025-02-21T10:40:30.9578490Z   widgetsnbextension             3.6.6                pyhd8ed1ab_0             conda-forge
2025-02-21T10:40:30.9578840Z   xorg-libxau                    1.0.11               hb547adb_0               conda-forge
2025-02-21T10:40:30.9579160Z   xorg-libxdmcp                  1.1.3                h27ca646_0               conda-forge
2025-02-21T10:40:30.9579460Z   xz                             5.2.6                h57fd34a_0               conda-forge
2025-02-21T10:40:30.9579730Z   yaml                           0.2.5                h3422bc3_2               conda-forge
2025-02-21T10:40:30.9580020Z   zeromq                         4.3.5                hcc0f68c_4               conda-forge
2025-02-21T10:40:30.9580320Z   zipp                           3.19.2               pyhd8ed1ab_0             conda-forge
2025-02-21T10:40:30.9580610Z   zlib                           1.3.1                hfb2fe0b_1               conda-forge
2025-02-21T10:40:30.9580900Z   zlib-ng                        2.0.7                h1a8c8d9_0               conda-forge
2025-02-21T10:40:30.9581190Z   zstd                           1.5.6                hb46c0d2_0               conda-forge
2025-02-21T10:40:30.9582150Z ##[endgroup]
2025-02-21T10:40:30.9698580Z ##[group]Run pip install -e . --user
2025-02-21T10:40:30.9699310Z [36;1mpip install -e . --user[0m
2025-02-21T10:40:31.4351920Z shell: /bin/bash -l {0}
2025-02-21T10:40:31.4352120Z env:
2025-02-21T10:40:31.4352270Z   CACHE_NUMBER: 0
2025-02-21T10:40:31.4352790Z   PYTEST_FLAGS: --tardis-regression-data=/Users/runner/work/tardis/tardis/tardis-regression-data --cov=tardis --cov-report=xml --cov-report=html --cov-append
2025-02-21T10:40:31.4353880Z   CODECOV_TOKEN: 
2025-02-21T10:40:31.4354070Z   MAMBA_ROOT_PREFIX: /Users/runner/micromamba
2025-02-21T10:40:31.4354340Z   MAMBA_EXE: /Users/runner/micromamba-bin/micromamba
2025-02-21T10:40:31.4354630Z   CONDARC: /Users/runner/work/_temp/setup-micromamba/.condarc
2025-02-21T10:40:31.4354890Z ##[endgroup]
2025-02-21T10:40:32.8986250Z Obtaining file:///Users/runner/work/tardis/tardis
2025-02-21T10:40:32.9022750Z   Installing build dependencies: started
2025-02-21T10:40:36.6872440Z   Installing build dependencies: finished with status 'done'
2025-02-21T10:40:36.6879690Z   Checking if build backend supports build_editable: started
2025-02-21T10:40:36.8648840Z   Checking if build backend supports build_editable: finished with status 'done'
2025-02-21T10:40:36.8747590Z   Getting requirements to build editable: started
2025-02-21T10:40:38.0665950Z   Getting requirements to build editable: finished with status 'done'
2025-02-21T10:40:38.0673960Z   Preparing editable metadata (pyproject.toml): started
2025-02-21T10:40:38.6174530Z   Preparing editable metadata (pyproject.toml): finished with status 'done'
2025-02-21T10:40:38.6888810Z Requirement already satisfied: astropy in /Users/runner/micromamba/envs/tardis/lib/python3.12/site-packages (from tardis==0.0.0) (6.1.1)
2025-02-21T10:40:38.7264120Z Requirement already satisfied: numpy>=1.23 in /Users/runner/micromamba/envs/tardis/lib/python3.12/site-packages (from astropy->tardis==0.0.0) (1.26.4)
2025-02-21T10:40:38.7270560Z Requirement already satisfied: pyerfa>=2.0.1.1 in /Users/runner/micromamba/envs/tardis/lib/python3.12/site-packages (from astropy->tardis==0.0.0) (2.0.1.4)
2025-02-21T10:40:38.7277780Z Requirement already satisfied: astropy-iers-data>=0.2024.5.27.0.30.8 in /Users/runner/micromamba/envs/tardis/lib/python3.12/site-packages (from astropy->tardis==0.0.0) (0.2024.6.17.0.31.35)
2025-02-21T10:40:38.7282460Z Requirement already satisfied: PyYAML>=3.13 in /Users/runner/micromamba/envs/tardis/lib/python3.12/site-packages (from astropy->tardis==0.0.0) (6.0.1)
2025-02-21T10:40:38.7288720Z Requirement already satisfied: packaging>=19.0 in /Users/runner/micromamba/envs/tardis/lib/python3.12/site-packages (from astropy->tardis==0.0.0) (24.1)
2025-02-21T10:40:38.7358210Z Building wheels for collected packages: tardis
2025-02-21T10:40:38.7365180Z   Building editable for tardis (pyproject.toml): started
2025-02-21T10:40:39.8664540Z   Building editable for tardis (pyproject.toml): finished with status 'done'
2025-02-21T10:40:39.8715160Z   Created wheel for tardis: filename=tardis-0.0.0-0.editable-py3-none-any.whl size=8877 sha256=5cf9116f97d9ae180bbc3846e47dbc8f5b82f9e3ab1feb2e0b980f38c96065b0
2025-02-21T10:40:39.8717420Z   Stored in directory: /private/var/folders/2s/h6hvv9ps03xgz_krkkstvq_r0000gn/T/pip-ephem-wheel-cache-txzogs64/wheels/bb/4f/6a/0829b918c1c10bc28535ce7f14be21eee54375bdd9cd0c306a
2025-02-21T10:40:39.8793710Z Successfully built tardis
2025-02-21T10:40:40.9995660Z Installing collected packages: tardis
2025-02-21T10:40:41.0204260Z Successfully installed tardis-0.0.0
2025-02-21T10:40:41.5033310Z ##[group]Run pip install qgridnext
2025-02-21T10:40:41.5033690Z [36;1mpip install qgridnext[0m
2025-02-21T10:40:41.5142590Z shell: /bin/bash -l {0}
2025-02-21T10:40:41.5143270Z env:
2025-02-21T10:40:41.5143790Z   CACHE_NUMBER: 0
2025-02-21T10:40:41.5145310Z   PYTEST_FLAGS: --tardis-regression-data=/Users/runner/work/tardis/tardis/tardis-regression-data --cov=tardis --cov-report=xml --cov-report=html --cov-append
2025-02-21T10:40:41.5146960Z   CODECOV_TOKEN: 
2025-02-21T10:40:41.5147520Z   MAMBA_ROOT_PREFIX: /Users/runner/micromamba
2025-02-21T10:40:41.5148350Z   MAMBA_EXE: /Users/runner/micromamba-bin/micromamba
2025-02-21T10:40:41.5149190Z   CONDARC: /Users/runner/work/_temp/setup-micromamba/.condarc
2025-02-21T10:40:41.5150550Z ##[endgroup]
2025-02-21T10:40:42.8051640Z Collecting qgridnext
2025-02-21T10:40:42.8569250Z   Downloading qgridnext-2.0.4-py3-none-any.whl.metadata (9.9 kB)
2025-02-21T10:40:42.8976010Z Requirement already satisfied: pandas>=0.20.0 in /Users/runner/micromamba/envs/tardis/lib/python3.12/site-packages (from qgridnext) (2.2.2)
2025-02-21T10:40:42.8981810Z Requirement already satisfied: ipywidgets>=7.0.0 in /Users/runner/micromamba/envs/tardis/lib/python3.12/site-packages (from qgridnext) (7.8.0)
2025-02-21T10:40:42.8988820Z Requirement already satisfied: numpy in /Users/runner/micromamba/envs/tardis/lib/python3.12/site-packages (from qgridnext) (1.26.4)
2025-02-21T10:40:42.8995690Z Requirement already satisfied: traitlets in /Users/runner/micromamba/envs/tardis/lib/python3.12/site-packages (from qgridnext) (5.14.3)
2025-02-21T10:40:42.9090380Z Requirement already satisfied: comm>=0.1.3 in /Users/runner/micromamba/envs/tardis/lib/python3.12/site-packages (from ipywidgets>=7.0.0->qgridnext) (0.2.2)
2025-02-21T10:40:42.9096380Z Requirement already satisfied: ipython-genutils~=0.2.0 in /Users/runner/micromamba/envs/tardis/lib/python3.12/site-packages (from ipywidgets>=7.0.0->qgridnext) (0.2.0)
2025-02-21T10:40:42.9107980Z Requirement already satisfied: widgetsnbextension~=3.6.5 in /Users/runner/micromamba/envs/tardis/lib/python3.12/site-packages (from ipywidgets>=7.0.0->qgridnext) (3.6.6)
2025-02-21T10:40:42.9119490Z Requirement already satisfied: ipython>=4.0.0 in /Users/runner/micromamba/envs/tardis/lib/python3.12/site-packages (from ipywidgets>=7.0.0->qgridnext) (8.25.0)
2025-02-21T10:40:42.9132230Z Requirement already satisfied: jupyterlab-widgets<3,>=1.0.0 in /Users/runner/micromamba/envs/tardis/lib/python3.12/site-packages (from ipywidgets>=7.0.0->qgridnext) (1.1.7)
2025-02-21T10:40:42.9582680Z Requirement already satisfied: python-dateutil>=2.8.2 in /Users/runner/micromamba/envs/tardis/lib/python3.12/site-packages (from pandas>=0.20.0->qgridnext) (2.9.0)
2025-02-21T10:40:42.9593550Z Requirement already satisfied: pytz>=2020.1 in /Users/runner/micromamba/envs/tardis/lib/python3.12/site-packages (from pandas>=0.20.0->qgridnext) (2024.1)
2025-02-21T10:40:42.9599270Z Requirement already satisfied: tzdata>=2022.7 in /Users/runner/micromamba/envs/tardis/lib/python3.12/site-packages (from pandas>=0.20.0->qgridnext) (2024.1)
2025-02-21T10:40:42.9839690Z Requirement already satisfied: decorator in /Users/runner/micromamba/envs/tardis/lib/python3.12/site-packages (from ipython>=4.0.0->ipywidgets>=7.0.0->qgridnext) (5.1.1)
2025-02-21T10:40:42.9852200Z Requirement already satisfied: jedi>=0.16 in /Users/runner/micromamba/envs/tardis/lib/python3.12/site-packages (from ipython>=4.0.0->ipywidgets>=7.0.0->qgridnext) (0.19.1)
2025-02-21T10:40:42.9859640Z Requirement already satisfied: matplotlib-inline in /Users/runner/micromamba/envs/tardis/lib/python3.12/site-packages (from ipython>=4.0.0->ipywidgets>=7.0.0->qgridnext) (0.1.7)
2025-02-21T10:40:42.9868490Z Requirement already satisfied: prompt-toolkit<3.1.0,>=3.0.41 in /Users/runner/micromamba/envs/tardis/lib/python3.12/site-packages (from ipython>=4.0.0->ipywidgets>=7.0.0->qgridnext) (3.0.47)
2025-02-21T10:40:42.9875230Z Requirement already satisfied: pygments>=2.4.0 in /Users/runner/micromamba/envs/tardis/lib/python3.12/site-packages (from ipython>=4.0.0->ipywidgets>=7.0.0->qgridnext) (2.18.0)
2025-02-21T10:40:42.9880750Z Requirement already satisfied: stack-data in /Users/runner/micromamba/envs/tardis/lib/python3.12/site-packages (from ipython>=4.0.0->ipywidgets>=7.0.0->qgridnext) (0.6.2)
2025-02-21T10:40:42.9896250Z Requirement already satisfied: pexpect>4.3 in /Users/runner/micromamba/envs/tardis/lib/python3.12/site-packages (from ipython>=4.0.0->ipywidgets>=7.0.0->qgridnext) (4.9.0)
2025-02-21T10:40:42.9930420Z Requirement already satisfied: six>=1.5 in /Users/runner/micromamba/envs/tardis/lib/python3.12/site-packages (from python-dateutil>=2.8.2->pandas>=0.20.0->qgridnext) (1.16.0)
2025-02-21T10:40:42.9972500Z Requirement already satisfied: notebook>=4.4.1 in /Users/runner/micromamba/envs/tardis/lib/python3.12/site-packages (from widgetsnbextension~=3.6.5->ipywidgets>=7.0.0->qgridnext) (7.2.1)
2025-02-21T10:40:43.0117710Z Requirement already satisfied: parso<0.9.0,>=0.8.3 in /Users/runner/micromamba/envs/tardis/lib/python3.12/site-packages (from jedi>=0.16->ipython>=4.0.0->ipywidgets>=7.0.0->qgridnext) (0.8.4)
2025-02-21T10:40:43.0220900Z Requirement already satisfied: jupyter-server<3,>=2.4.0 in /Users/runner/micromamba/envs/tardis/lib/python3.12/site-packages (from notebook>=4.4.1->widgetsnbextension~=3.6.5->ipywidgets>=7.0.0->qgridnext) (2.14.1)
2025-02-21T10:40:43.0231280Z Requirement already satisfied: jupyterlab-server<3,>=2.27.1 in /Users/runner/micromamba/envs/tardis/lib/python3.12/site-packages (from notebook>=4.4.1->widgetsnbextension~=3.6.5->ipywidgets>=7.0.0->qgridnext) (2.27.2)
2025-02-21T10:40:43.0260090Z Requirement already satisfied: jupyterlab<4.3,>=4.2.0 in /Users/runner/micromamba/envs/tardis/lib/python3.12/site-packages (from notebook>=4.4.1->widgetsnbextension~=3.6.5->ipywidgets>=7.0.0->qgridnext) (4.2.2)
2025-02-21T10:40:43.0261990Z Requirement already satisfied: notebook-shim<0.3,>=0.2 in /Users/runner/micromamba/envs/tardis/lib/python3.12/site-packages (from notebook>=4.4.1->widgetsnbextension~=3.6.5->ipywidgets>=7.0.0->qgridnext) (0.2.4)
2025-02-21T10:40:43.0268320Z Requirement already satisfied: tornado>=6.2.0 in /Users/runner/micromamba/envs/tardis/lib/python3.12/site-packages (from notebook>=4.4.1->widgetsnbextension~=3.6.5->ipywidgets>=7.0.0->qgridnext) (6.4.1)
2025-02-21T10:40:43.0295030Z Requirement already satisfied: ptyprocess>=0.5 in /Users/runner/micromamba/envs/tardis/lib/python3.12/site-packages (from pexpect>4.3->ipython>=4.0.0->ipywidgets>=7.0.0->qgridnext) (0.7.0)
2025-02-21T10:40:43.0316580Z Requirement already satisfied: wcwidth in /Users/runner/micromamba/envs/tardis/lib/python3.12/site-packages (from prompt-toolkit<3.1.0,>=3.0.41->ipython>=4.0.0->ipywidgets>=7.0.0->qgridnext) (0.2.13)
2025-02-21T10:40:43.0422780Z Requirement already satisfied: executing>=1.2.0 in /Users/runner/micromamba/envs/tardis/lib/python3.12/site-packages (from stack-data->ipython>=4.0.0->ipywidgets>=7.0.0->qgridnext) (2.0.1)
2025-02-21T10:40:43.0427720Z Requirement already satisfied: asttokens>=2.1.0 in /Users/runner/micromamba/envs/tardis/lib/python3.12/site-packages (from stack-data->ipython>=4.0.0->ipywidgets>=7.0.0->qgridnext) (2.4.1)
2025-02-21T10:40:43.0432880Z Requirement already satisfied: pure-eval in /Users/runner/micromamba/envs/tardis/lib/python3.12/site-packages (from stack-data->ipython>=4.0.0->ipywidgets>=7.0.0->qgridnext) (0.2.2)
2025-02-21T10:40:43.0833500Z Requirement already satisfied: anyio>=3.1.0 in /Users/runner/micromamba/envs/tardis/lib/python3.12/site-packages (from jupyter-server<3,>=2.4.0->notebook>=4.4.1->widgetsnbextension~=3.6.5->ipywidgets>=7.0.0->qgridnext) (4.4.0)
2025-02-21T10:40:43.0954310Z Requirement already satisfied: argon2-cffi>=21.1 in /Users/runner/micromamba/envs/tardis/lib/python3.12/site-packages (from jupyter-server<3,>=2.4.0->notebook>=4.4.1->widgetsnbextension~=3.6.5->ipywidgets>=7.0.0->qgridnext) (23.1.0)
2025-02-21T10:40:43.1094680Z Requirement already satisfied: jinja2>=3.0.3 in /Users/runner/micromamba/envs/tardis/lib/python3.12/site-packages (from jupyter-server<3,>=2.4.0->notebook>=4.4.1->widgetsnbextension~=3.6.5->ipywidgets>=7.0.0->qgridnext) (3.1.4)
2025-02-21T10:40:43.1292970Z Requirement already satisfied: jupyter-client>=7.4.4 in /Users/runner/micromamba/envs/tardis/lib/python3.12/site-packages (from jupyter-server<3,>=2.4.0->notebook>=4.4.1->widgetsnbextension~=3.6.5->ipywidgets>=7.0.0->qgridnext) (8.6.2)
2025-02-21T10:40:43.1431060Z Requirement already satisfied: jupyter-core!=5.0.*,>=4.12 in /Users/runner/micromamba/envs/tardis/lib/python3.12/site-packages (from jupyter-server<3,>=2.4.0->notebook>=4.4.1->widgetsnbextension~=3.6.5->ipywidgets>=7.0.0->qgridnext) (5.7.2)
2025-02-21T10:40:43.1543080Z Requirement already satisfied: jupyter-events>=0.9.0 in /Users/runner/micromamba/envs/tardis/lib/python3.12/site-packages (from jupyter-server<3,>=2.4.0->notebook>=4.4.1->widgetsnbextension~=3.6.5->ipywidgets>=7.0.0->qgridnext) (0.10.0)
2025-02-21T10:40:43.1895010Z Requirement already satisfied: jupyter-server-terminals>=0.4.4 in /Users/runner/micromamba/envs/tardis/lib/python3.12/site-packages (from jupyter-server<3,>=2.4.0->notebook>=4.4.1->widgetsnbextension~=3.6.5->ipywidgets>=7.0.0->qgridnext) (0.5.3)
2025-02-21T10:40:43.2249600Z Requirement already satisfied: nbconvert>=6.4.4 in /Users/runner/micromamba/envs/tardis/lib/python3.12/site-packages (from jupyter-server<3,>=2.4.0->notebook>=4.4.1->widgetsnbextension~=3.6.5->ipywidgets>=7.0.0->qgridnext) (7.16.4)
2025-02-21T10:40:43.2264240Z Requirement already satisfied: nbformat>=5.3.0 in /Users/runner/micromamba/envs/tardis/lib/python3.12/site-packages (from jupyter-server<3,>=2.4.0->notebook>=4.4.1->widgetsnbextension~=3.6.5->ipywidgets>=7.0.0->qgridnext) (5.10.4)
2025-02-21T10:40:43.2367360Z Requirement already satisfied: overrides>=5.0 in /Users/runner/micromamba/envs/tardis/lib/python3.12/site-packages (from jupyter-server<3,>=2.4.0->notebook>=4.4.1->widgetsnbextension~=3.6.5->ipywidgets>=7.0.0->qgridnext) (7.7.0)
2025-02-21T10:40:43.2479030Z Requirement already satisfied: packaging>=22.0 in /Users/runner/micromamba/envs/tardis/lib/python3.12/site-packages (from jupyter-server<3,>=2.4.0->notebook>=4.4.1->widgetsnbextension~=3.6.5->ipywidgets>=7.0.0->qgridnext) (24.1)
2025-02-21T10:40:43.2604840Z Requirement already satisfied: prometheus-client>=0.9 in /Users/runner/micromamba/envs/tardis/lib/python3.12/site-packages (from jupyter-server<3,>=2.4.0->notebook>=4.4.1->widgetsnbextension~=3.6.5->ipywidgets>=7.0.0->qgridnext) (0.20.0)
2025-02-21T10:40:43.2705710Z Requirement already satisfied: pyzmq>=24 in /Users/runner/micromamba/envs/tardis/lib/python3.12/site-packages (from jupyter-server<3,>=2.4.0->notebook>=4.4.1->widgetsnbextension~=3.6.5->ipywidgets>=7.0.0->qgridnext) (26.0.3)
2025-02-21T10:40:43.2810980Z Requirement already satisfied: send2trash>=1.8.2 in /Users/runner/micromamba/envs/tardis/lib/python3.12/site-packages (from jupyter-server<3,>=2.4.0->notebook>=4.4.1->widgetsnbextension~=3.6.5->ipywidgets>=7.0.0->qgridnext) (1.8.3)
2025-02-21T10:40:43.2919160Z Requirement already satisfied: terminado>=0.8.3 in /Users/runner/micromamba/envs/tardis/lib/python3.12/site-packages (from jupyter-server<3,>=2.4.0->notebook>=4.4.1->widgetsnbextension~=3.6.5->ipywidgets>=7.0.0->qgridnext) (0.18.1)
2025-02-21T10:40:43.3061080Z Requirement already satisfied: websocket-client>=1.7 in /Users/runner/micromamba/envs/tardis/lib/python3.12/site-packages (from jupyter-server<3,>=2.4.0->notebook>=4.4.1->widgetsnbextension~=3.6.5->ipywidgets>=7.0.0->qgridnext) (1.8.0)
2025-02-21T10:40:43.3163340Z Requirement already satisfied: async-lru>=1.0.0 in /Users/runner/micromamba/envs/tardis/lib/python3.12/site-packages (from jupyterlab<4.3,>=4.2.0->notebook>=4.4.1->widgetsnbextension~=3.6.5->ipywidgets>=7.0.0->qgridnext) (2.0.4)
2025-02-21T10:40:43.3395870Z Requirement already satisfied: httpx>=0.25.0 in /Users/runner/micromamba/envs/tardis/lib/python3.12/site-packages (from jupyterlab<4.3,>=4.2.0->notebook>=4.4.1->widgetsnbextension~=3.6.5->ipywidgets>=7.0.0->qgridnext) (0.27.0)
2025-02-21T10:40:43.3506620Z Requirement already satisfied: ipykernel>=6.5.0 in /Users/runner/micromamba/envs/tardis/lib/python3.12/site-packages (from jupyterlab<4.3,>=4.2.0->notebook>=4.4.1->widgetsnbextension~=3.6.5->ipywidgets>=7.0.0->qgridnext) (6.29.4)
2025-02-21T10:40:43.3609200Z Requirement already satisfied: jupyter-lsp>=2.0.0 in /Users/runner/micromamba/envs/tardis/lib/python3.12/site-packages (from jupyterlab<4.3,>=4.2.0->notebook>=4.4.1->widgetsnbextension~=3.6.5->ipywidgets>=7.0.0->qgridnext) (2.2.5)
2025-02-21T10:40:43.3711630Z Requirement already satisfied: setuptools>=40.1.0 in /Users/runner/micromamba/envs/tardis/lib/python3.12/site-packages (from jupyterlab<4.3,>=4.2.0->notebook>=4.4.1->widgetsnbextension~=3.6.5->ipywidgets>=7.0.0->qgridnext) (70.0.0)
2025-02-21T10:40:43.3928440Z Requirement already satisfied: babel>=2.10 in /Users/runner/micromamba/envs/tardis/lib/python3.12/site-packages (from jupyterlab-server<3,>=2.27.1->notebook>=4.4.1->widgetsnbextension~=3.6.5->ipywidgets>=7.0.0->qgridnext) (2.14.0)
2025-02-21T10:40:43.4040100Z Requirement already satisfied: json5>=0.9.0 in /Users/runner/micromamba/envs/tardis/lib/python3.12/site-packages (from jupyterlab-server<3,>=2.27.1->notebook>=4.4.1->widgetsnbextension~=3.6.5->ipywidgets>=7.0.0->qgridnext) (0.9.25)
2025-02-21T10:40:43.4193790Z Requirement already satisfied: jsonschema>=4.18.0 in /Users/runner/micromamba/envs/tardis/lib/python3.12/site-packages (from jupyterlab-server<3,>=2.27.1->notebook>=4.4.1->widgetsnbextension~=3.6.5->ipywidgets>=7.0.0->qgridnext) (4.22.0)
2025-02-21T10:40:43.4310310Z Requirement already satisfied: requests>=2.31 in /Users/runner/micromamba/envs/tardis/lib/python3.12/site-packages (from jupyterlab-server<3,>=2.27.1->notebook>=4.4.1->widgetsnbextension~=3.6.5->ipywidgets>=7.0.0->qgridnext) (2.32.3)
2025-02-21T10:40:43.4434410Z Requirement already satisfied: idna>=2.8 in /Users/runner/micromamba/envs/tardis/lib/python3.12/site-packages (from anyio>=3.1.0->jupyter-server<3,>=2.4.0->notebook>=4.4.1->widgetsnbextension~=3.6.5->ipywidgets>=7.0.0->qgridnext) (3.7)
2025-02-21T10:40:43.4546280Z Requirement already satisfied: sniffio>=1.1 in /Users/runner/micromamba/envs/tardis/lib/python3.12/site-packages (from anyio>=3.1.0->jupyter-server<3,>=2.4.0->notebook>=4.4.1->widgetsnbextension~=3.6.5->ipywidgets>=7.0.0->qgridnext) (1.3.1)
2025-02-21T10:40:43.4650240Z Requirement already satisfied: argon2-cffi-bindings in /Users/runner/micromamba/envs/tardis/lib/python3.12/site-packages (from argon2-cffi>=21.1->jupyter-server<3,>=2.4.0->notebook>=4.4.1->widgetsnbextension~=3.6.5->ipywidgets>=7.0.0->qgridnext) (21.2.0)
2025-02-21T10:40:43.4753880Z Requirement already satisfied: certifi in /Users/runner/micromamba/envs/tardis/lib/python3.12/site-packages (from httpx>=0.25.0->jupyterlab<4.3,>=4.2.0->notebook>=4.4.1->widgetsnbextension~=3.6.5->ipywidgets>=7.0.0->qgridnext) (2024.6.2)
2025-02-21T10:40:43.4868270Z Requirement already satisfied: httpcore==1.* in /Users/runner/micromamba/envs/tardis/lib/python3.12/site-packages (from httpx>=0.25.0->jupyterlab<4.3,>=4.2.0->notebook>=4.4.1->widgetsnbextension~=3.6.5->ipywidgets>=7.0.0->qgridnext) (1.0.5)
2025-02-21T10:40:43.4974720Z Requirement already satisfied: h11<0.15,>=0.13 in /Users/runner/micromamba/envs/tardis/lib/python3.12/site-packages (from httpcore==1.*->httpx>=0.25.0->jupyterlab<4.3,>=4.2.0->notebook>=4.4.1->widgetsnbextension~=3.6.5->ipywidgets>=7.0.0->qgridnext) (0.14.0)
2025-02-21T10:40:43.5079780Z Requirement already satisfied: appnope in /Users/runner/micromamba/envs/tardis/lib/python3.12/site-packages (from ipykernel>=6.5.0->jupyterlab<4.3,>=4.2.0->notebook>=4.4.1->widgetsnbextension~=3.6.5->ipywidgets>=7.0.0->qgridnext) (0.1.4)
2025-02-21T10:40:43.5183510Z Requirement already satisfied: debugpy>=1.6.5 in /Users/runner/micromamba/envs/tardis/lib/python3.12/site-packages (from ipykernel>=6.5.0->jupyterlab<4.3,>=4.2.0->notebook>=4.4.1->widgetsnbextension~=3.6.5->ipywidgets>=7.0.0->qgridnext) (1.8.1)
2025-02-21T10:40:43.5287830Z Requirement already satisfied: nest-asyncio in /Users/runner/micromamba/envs/tardis/lib/python3.12/site-packages (from ipykernel>=6.5.0->jupyterlab<4.3,>=4.2.0->notebook>=4.4.1->widgetsnbextension~=3.6.5->ipywidgets>=7.0.0->qgridnext) (1.6.0)
2025-02-21T10:40:43.5390140Z Requirement already satisfied: psutil in /Users/runner/micromamba/envs/tardis/lib/python3.12/site-packages (from ipykernel>=6.5.0->jupyterlab<4.3,>=4.2.0->notebook>=4.4.1->widgetsnbextension~=3.6.5->ipywidgets>=7.0.0->qgridnext) (5.9.8)
2025-02-21T10:40:43.5501680Z Requirement already satisfied: MarkupSafe>=2.0 in /Users/runner/micromamba/envs/tardis/lib/python3.12/site-packages (from jinja2>=3.0.3->jupyter-server<3,>=2.4.0->notebook>=4.4.1->widgetsnbextension~=3.6.5->ipywidgets>=7.0.0->qgridnext) (2.1.5)
2025-02-21T10:40:43.5604200Z Requirement already satisfied: attrs>=22.2.0 in /Users/runner/micromamba/envs/tardis/lib/python3.12/site-packages (from jsonschema>=4.18.0->jupyterlab-server<3,>=2.27.1->notebook>=4.4.1->widgetsnbextension~=3.6.5->ipywidgets>=7.0.0->qgridnext) (23.2.0)
2025-02-21T10:40:43.5706950Z Requirement already satisfied: jsonschema-specifications>=2023.03.6 in /Users/runner/micromamba/envs/tardis/lib/python3.12/site-packages (from jsonschema>=4.18.0->jupyterlab-server<3,>=2.27.1->notebook>=4.4.1->widgetsnbextension~=3.6.5->ipywidgets>=7.0.0->qgridnext) (2023.12.1)
2025-02-21T10:40:43.5784720Z Requirement already satisfied: referencing>=0.28.4 in /Users/runner/micromamba/envs/tardis/lib/python3.12/site-packages (from jsonschema>=4.18.0->jupyterlab-server<3,>=2.27.1->notebook>=4.4.1->widgetsnbextension~=3.6.5->ipywidgets>=7.0.0->qgridnext) (0.35.1)
2025-02-21T10:40:43.5895730Z Requirement already satisfied: rpds-py>=0.7.1 in /Users/runner/micromamba/envs/tardis/lib/python3.12/site-packages (from jsonschema>=4.18.0->jupyterlab-server<3,>=2.27.1->notebook>=4.4.1->widgetsnbextension~=3.6.5->ipywidgets>=7.0.0->qgridnext) (0.18.1)
2025-02-21T10:40:43.5917940Z Requirement already satisfied: platformdirs>=2.5 in /Users/runner/micromamba/envs/tardis/lib/python3.12/site-packages (from jupyter-core!=5.0.*,>=4.12->jupyter-server<3,>=2.4.0->notebook>=4.4.1->widgetsnbextension~=3.6.5->ipywidgets>=7.0.0->qgridnext) (4.2.2)
2025-02-21T10:40:43.5945820Z Requirement already satisfied: python-json-logger>=2.0.4 in /Users/runner/micromamba/envs/tardis/lib/python3.12/site-packages (from jupyter-events>=0.9.0->jupyter-server<3,>=2.4.0->notebook>=4.4.1->widgetsnbextension~=3.6.5->ipywidgets>=7.0.0->qgridnext) (2.0.7)
2025-02-21T10:40:43.5962480Z Requirement already satisfied: pyyaml>=5.3 in /Users/runner/micromamba/envs/tardis/lib/python3.12/site-packages (from jupyter-events>=0.9.0->jupyter-server<3,>=2.4.0->notebook>=4.4.1->widgetsnbextension~=3.6.5->ipywidgets>=7.0.0->qgridnext) (6.0.1)
2025-02-21T10:40:43.5975420Z Requirement already satisfied: rfc3339-validator in /Users/runner/micromamba/envs/tardis/lib/python3.12/site-packages (from jupyter-events>=0.9.0->jupyter-server<3,>=2.4.0->notebook>=4.4.1->widgetsnbextension~=3.6.5->ipywidgets>=7.0.0->qgridnext) (0.1.4)
2025-02-21T10:40:43.6072350Z Requirement already satisfied: rfc3986-validator>=0.1.1 in /Users/runner/micromamba/envs/tardis/lib/python3.12/site-packages (from jupyter-events>=0.9.0->jupyter-server<3,>=2.4.0->notebook>=4.4.1->widgetsnbextension~=3.6.5->ipywidgets>=7.0.0->qgridnext) (0.1.1)
2025-02-21T10:40:43.6448300Z Requirement already satisfied: beautifulsoup4 in /Users/runner/micromamba/envs/tardis/lib/python3.12/site-packages (from nbconvert>=6.4.4->jupyter-server<3,>=2.4.0->notebook>=4.4.1->widgetsnbextension~=3.6.5->ipywidgets>=7.0.0->qgridnext) (4.12.3)
2025-02-21T10:40:43.6489550Z Requirement already satisfied: bleach!=5.0.0 in /Users/runner/micromamba/envs/tardis/lib/python3.12/site-packages (from nbconvert>=6.4.4->jupyter-server<3,>=2.4.0->notebook>=4.4.1->widgetsnbextension~=3.6.5->ipywidgets>=7.0.0->qgridnext) (6.1.0)
2025-02-21T10:40:43.6491060Z Requirement already satisfied: defusedxml in /Users/runner/micromamba/envs/tardis/lib/python3.12/site-packages (from nbconvert>=6.4.4->jupyter-server<3,>=2.4.0->notebook>=4.4.1->widgetsnbextension~=3.6.5->ipywidgets>=7.0.0->qgridnext) (0.7.1)
2025-02-21T10:40:43.6493170Z Requirement already satisfied: jupyterlab-pygments in /Users/runner/micromamba/envs/tardis/lib/python3.12/site-packages (from nbconvert>=6.4.4->jupyter-server<3,>=2.4.0->notebook>=4.4.1->widgetsnbextension~=3.6.5->ipywidgets>=7.0.0->qgridnext) (0.3.0)
2025-02-21T10:40:43.6934280Z Requirement already satisfied: mistune<4,>=2.0.3 in /Users/runner/micromamba/envs/tardis/lib/python3.12/site-packages (from nbconvert>=6.4.4->jupyter-server<3,>=2.4.0->notebook>=4.4.1->widgetsnbextension~=3.6.5->ipywidgets>=7.0.0->qgridnext) (3.0.2)
2025-02-21T10:40:43.7034690Z Requirement already satisfied: nbclient>=0.5.0 in /Users/runner/micromamba/envs/tardis/lib/python3.12/site-packages (from nbconvert>=6.4.4->jupyter-server<3,>=2.4.0->notebook>=4.4.1->widgetsnbextension~=3.6.5->ipywidgets>=7.0.0->qgridnext) (0.10.0)
2025-02-21T10:40:43.7210790Z Requirement already satisfied: pandocfilters>=1.4.1 in /Users/runner/micromamba/envs/tardis/lib/python3.12/site-packages (from nbconvert>=6.4.4->jupyter-server<3,>=2.4.0->notebook>=4.4.1->widgetsnbextension~=3.6.5->ipywidgets>=7.0.0->qgridnext) (1.5.0)
2025-02-21T10:40:43.7291770Z Requirement already satisfied: tinycss2 in /Users/runner/micromamba/envs/tardis/lib/python3.12/site-packages (from nbconvert>=6.4.4->jupyter-server<3,>=2.4.0->notebook>=4.4.1->widgetsnbextension~=3.6.5->ipywidgets>=7.0.0->qgridnext) (1.3.0)
2025-02-21T10:40:43.7322440Z Requirement already satisfied: fastjsonschema>=2.15 in /Users/runner/micromamba/envs/tardis/lib/python3.12/site-packages (from nbformat>=5.3.0->jupyter-server<3,>=2.4.0->notebook>=4.4.1->widgetsnbextension~=3.6.5->ipywidgets>=7.0.0->qgridnext) (2.20.0)
2025-02-21T10:40:43.7744440Z Requirement already satisfied: charset-normalizer<4,>=2 in /Users/runner/micromamba/envs/tardis/lib/python3.12/site-packages (from requests>=2.31->jupyterlab-server<3,>=2.27.1->notebook>=4.4.1->widgetsnbextension~=3.6.5->ipywidgets>=7.0.0->qgridnext) (3.3.2)
2025-02-21T10:40:43.7786660Z Requirement already satisfied: urllib3<3,>=1.21.1 in /Users/runner/micromamba/envs/tardis/lib/python3.12/site-packages (from requests>=2.31->jupyterlab-server<3,>=2.27.1->notebook>=4.4.1->widgetsnbextension~=3.6.5->ipywidgets>=7.0.0->qgridnext) (2.2.2)
2025-02-21T10:40:43.9223980Z Requirement already satisfied: webencodings in /Users/runner/micromamba/envs/tardis/lib/python3.12/site-packages (from bleach!=5.0.0->nbconvert>=6.4.4->jupyter-server<3,>=2.4.0->notebook>=4.4.1->widgetsnbextension~=3.6.5->ipywidgets>=7.0.0->qgridnext) (0.5.1)
2025-02-21T10:40:44.0015820Z Requirement already satisfied: fqdn in /Users/runner/micromamba/envs/tardis/lib/python3.12/site-packages (from jsonschema[format-nongpl]>=4.18.0->jupyter-events>=0.9.0->jupyter-server<3,>=2.4.0->notebook>=4.4.1->widgetsnbextension~=3.6.5->ipywidgets>=7.0.0->qgridnext) (1.5.1)
2025-02-21T10:40:44.0118620Z Requirement already satisfied: isoduration in /Users/runner/micromamba/envs/tardis/lib/python3.12/site-packages (from jsonschema[format-nongpl]>=4.18.0->jupyter-events>=0.9.0->jupyter-server<3,>=2.4.0->notebook>=4.4.1->widgetsnbextension~=3.6.5->ipywidgets>=7.0.0->qgridnext) (20.11.0)
2025-02-21T10:40:44.0122490Z Requirement already satisfied: jsonpointer>1.13 in /Users/runner/micromamba/envs/tardis/lib/python3.12/site-packages (from jsonschema[format-nongpl]>=4.18.0->jupyter-events>=0.9.0->jupyter-server<3,>=2.4.0->notebook>=4.4.1->widgetsnbextension~=3.6.5->ipywidgets>=7.0.0->qgridnext) (3.0.0)
2025-02-21T10:40:44.0124200Z Requirement already satisfied: uri-template in /Users/runner/micromamba/envs/tardis/lib/python3.12/site-packages (from jsonschema[format-nongpl]>=4.18.0->jupyter-events>=0.9.0->jupyter-server<3,>=2.4.0->notebook>=4.4.1->widgetsnbextension~=3.6.5->ipywidgets>=7.0.0->qgridnext) (1.3.0)
2025-02-21T10:40:44.0125820Z Requirement already satisfied: webcolors>=1.11 in /Users/runner/micromamba/envs/tardis/lib/python3.12/site-packages (from jsonschema[format-nongpl]>=4.18.0->jupyter-events>=0.9.0->jupyter-server<3,>=2.4.0->notebook>=4.4.1->widgetsnbextension~=3.6.5->ipywidgets>=7.0.0->qgridnext) (24.6.0)
2025-02-21T10:40:44.1721030Z Requirement already satisfied: cffi>=1.0.1 in /Users/runner/micromamba/envs/tardis/lib/python3.12/site-packages (from argon2-cffi-bindings->argon2-cffi>=21.1->jupyter-server<3,>=2.4.0->notebook>=4.4.1->widgetsnbextension~=3.6.5->ipywidgets>=7.0.0->qgridnext) (1.16.0)
2025-02-21T10:40:44.1815280Z Requirement already satisfied: soupsieve>1.2 in /Users/runner/micromamba/envs/tardis/lib/python3.12/site-packages (from beautifulsoup4->nbconvert>=6.4.4->jupyter-server<3,>=2.4.0->notebook>=4.4.1->widgetsnbextension~=3.6.5->ipywidgets>=7.0.0->qgridnext) (2.5)
2025-02-21T10:40:44.2280490Z Requirement already satisfied: pycparser in /Users/runner/micromamba/envs/tardis/lib/python3.12/site-packages (from cffi>=1.0.1->argon2-cffi-bindings->argon2-cffi>=21.1->jupyter-server<3,>=2.4.0->notebook>=4.4.1->widgetsnbextension~=3.6.5->ipywidgets>=7.0.0->qgridnext) (2.22)
2025-02-21T10:40:44.2960480Z Requirement already satisfied: arrow>=0.15.0 in /Users/runner/micromamba/envs/tardis/lib/python3.12/site-packages (from isoduration->jsonschema[format-nongpl]>=4.18.0->jupyter-events>=0.9.0->jupyter-server<3,>=2.4.0->notebook>=4.4.1->widgetsnbextension~=3.6.5->ipywidgets>=7.0.0->qgridnext) (1.3.0)
2025-02-21T10:40:44.3383690Z Requirement already satisfied: types-python-dateutil>=2.8.10 in /Users/runner/micromamba/envs/tardis/lib/python3.12/site-packages (from arrow>=0.15.0->isoduration->jsonschema[format-nongpl]>=4.18.0->jupyter-events>=0.9.0->jupyter-server<3,>=2.4.0->notebook>=4.4.1->widgetsnbextension~=3.6.5->ipywidgets>=7.0.0->qgridnext) (2.9.0.20240316)
2025-02-21T10:40:44.3684200Z Downloading qgridnext-2.0.4-py3-none-any.whl (1.3 MB)
2025-02-21T10:40:44.4391410Z    â”â”â”â”â”â”â”â”â”â”â”â”â”â”â”â”â”â”â”â”â”â”â”â”â”â”â”â”â”â”â”â”â”â”â”â”â”â”â”â” 1.3/1.3 MB 18.5 MB/s eta 0:00:00
2025-02-21T10:40:45.1795420Z Installing collected packages: qgridnext
2025-02-21T10:40:45.2839600Z Successfully installed qgridnext-2.0.4
2025-02-21T10:40:45.6049750Z ##[group]Run pytest tardis --tardis-regression-data=/Users/runner/work/tardis/tardis/tardis-regression-data --cov=tardis --cov-report=xml --cov-report=html --cov-append -m "not continuum"
2025-02-21T10:40:45.6050780Z [36;1mpytest tardis --tardis-regression-data=/Users/runner/work/tardis/tardis/tardis-regression-data --cov=tardis --cov-report=xml --cov-report=html --cov-append -m "not continuum"[0m
2025-02-21T10:40:45.6107670Z shell: /bin/bash -l {0}
2025-02-21T10:40:45.6107890Z env:
2025-02-21T10:40:45.6108040Z   CACHE_NUMBER: 0
2025-02-21T10:40:45.6108610Z   PYTEST_FLAGS: --tardis-regression-data=/Users/runner/work/tardis/tardis/tardis-regression-data --cov=tardis --cov-report=xml --cov-report=html --cov-append
2025-02-21T10:40:45.6109140Z   CODECOV_TOKEN: 
2025-02-21T10:40:45.6109340Z   MAMBA_ROOT_PREFIX: /Users/runner/micromamba
2025-02-21T10:40:45.6109610Z   MAMBA_EXE: /Users/runner/micromamba-bin/micromamba
2025-02-21T10:40:45.6109960Z   CONDARC: /Users/runner/work/_temp/setup-micromamba/.condarc
2025-02-21T10:40:45.6110230Z ##[endgroup]
2025-02-21T10:41:05.7195700Z ============================= test session starts ==============================
2025-02-21T10:41:05.7201550Z platform darwin -- Python 3.12.4, pytest-8.2.2, pluggy-1.5.0
2025-02-21T10:41:05.7207900Z rootdir: /Users/runner/work/tardis/tardis
2025-02-21T10:41:05.7211070Z configfile: pyproject.toml
2025-02-21T10:41:05.7211870Z plugins: cov-5.0.0, html-4.1.1, metadata-3.1.1, doctestplus-1.2.1, anyio-4.4.0
2025-02-21T10:41:05.7215300Z collected 1796 items / 2 deselected / 1794 selected
2025-02-21T10:41:05.7215920Z 
2025-02-21T10:41:12.7235230Z tardis/energy_input/tests/test_energy_source.py ..xxx                    [  0%]
2025-02-21T10:41:16.1313340Z tardis/energy_input/tests/test_gamma_ray_channel.py ...........          [  0%]
2025-02-21T10:41:18.0090500Z tardis/energy_input/tests/test_gamma_ray_grid.py xx.                     [  1%]
2025-02-21T10:41:19.5790060Z tardis/energy_input/tests/test_gamma_ray_interactions.py xx....          [  1%]
2025-02-21T10:41:19.5807300Z tardis/energy_input/tests/test_gamma_ray_packet_source.py sssssssss      [  1%]
2025-02-21T10:41:21.0684710Z tardis/energy_input/tests/test_util.py .....xxxx.....                    [  2%]
2025-02-21T10:41:21.5057100Z tardis/grid/tests/test_grid.py .                                         [  2%]
2025-02-21T10:41:21.5066900Z tardis/gui/tests/test_gui.py s                                           [  2%]
2025-02-21T10:41:25.8376040Z tardis/io/configuration/tests/test_config_reader.py ...........          [  3%]
2025-02-21T10:41:25.8515310Z tardis/io/configuration/tests/test_configuration_namespace.py .........  [  3%]
2025-02-21T10:41:25.8909690Z tardis/io/logger/tests/test_logging.py ssssssssssssssssssssssssssss      [  5%]
2025-02-21T10:42:02.2564730Z tardis/io/model/readers/tests/test_arepo_parser.py ..                    [  5%]
2025-02-21T10:42:02.3022570Z tardis/io/model/readers/tests/test_ascii_readers.py ...                  [  5%]
2025-02-21T10:42:02.3161630Z tardis/io/model/readers/tests/test_cmfgen_reader.py ..                   [  5%]
2025-02-21T10:42:02.3510770Z tardis/io/model/readers/tests/test_csvy_reader.py ....                   [  6%]
2025-02-21T10:42:02.3809610Z tardis/io/model/readers/tests/test_stella_reader.py ..                   [  6%]
2025-02-21T10:42:02.7326940Z tardis/io/tests/test_HDFWriter.py ...............                        [  7%]
2025-02-21T10:42:03.3228310Z tardis/io/tests/test_atomic.py .....                                     [  7%]
2025-02-21T10:42:03.4034440Z tardis/io/tests/test_decay.py ..                                         [  7%]
2025-02-21T10:42:03.6047260Z tardis/io/tests/test_model_reader.py ......                              [  7%]
2025-02-21T10:42:03.6101740Z tardis/model/geometry/tests/test_radial1d.py ..                          [  7%]
2025-02-21T10:42:37.8797890Z tardis/model/tests/test_base.py ........................................ [ 10%]
2025-02-21T10:42:38.7222430Z ............                                                             [ 10%]
2025-02-21T10:42:41.2659370Z tardis/model/tests/test_csvy_model.py .........                          [ 11%]
2025-02-21T10:42:41.3028630Z tardis/model/tests/test_density.py ..                                    [ 11%]
2025-02-21T10:42:43.0290170Z tardis/opacities/tests/test_opacity_solver.py .....                      [ 11%]
2025-02-21T10:42:44.3149130Z tardis/opacities/tests/test_opacity_state_numba.py .....                 [ 11%]
2025-02-21T10:42:46.9480670Z tardis/opacities/tests/test_tau_sobolev.py ..                            [ 12%]
2025-02-21T10:42:49.9719610Z tardis/plasma/equilibrium/tests/test_collisional_transitions.py ...      [ 12%]
2025-02-21T10:43:45.9193260Z tardis/plasma/equilibrium/tests/test_level_populations.py ....           [ 12%]
2025-02-21T10:43:59.6734470Z tardis/plasma/equilibrium/tests/test_rate_matrix.py .                    [ 12%]
2025-02-21T10:44:01.5779880Z tardis/plasma/tests/test_complete_plasmas.py ..............s......s..... [ 13%]
2025-02-21T10:44:05.0389530Z s....ssssss............s......s.....ss.....s....ssssss............s..... [ 18%]
2025-02-21T10:44:06.8091510Z .s.....ss.....s....ssssss............s......s.....ss.....s....ssssss.... [ 22%]
2025-02-21T10:44:09.9740650Z ........s......s.....ss.....s....ssssss............s......s.....ss.....s [ 26%]
2025-02-21T10:44:12.9883740Z ....ssssss............s......s.....ss.....s....ssssss............s...... [ 30%]
2025-02-21T10:44:13.7554250Z s.....ss.....s....ssssss............s......s.....ss.....s.ss.ssssss..... [ 34%]
2025-02-21T10:44:16.7263530Z .......s......s.....ss.....s....ssssss............s......s.....ss.....s. [ 38%]
2025-02-21T10:44:20.2593320Z ...ssssss............s......s.....ss.....s....ssssss............s......s [ 42%]
2025-02-21T10:44:23.6560900Z .....ss.....s....ssssss............s......s.....s...........ssssss...... [ 46%]
2025-02-21T10:44:25.8099000Z ......s......s.....s...........ssssss............s......s.....s......... [ 50%]
2025-02-21T10:44:28.9660720Z ..ssssss............s......s.....ss.....s....ssssss............s......s. [ 54%]
2025-02-21T10:44:32.6829590Z ....ss.....s....ssssss...................s......s.....s....ssss......... [ 58%]
2025-02-21T10:44:33.0978940Z ............s......s.....s....ssss.......                                [ 60%]
2025-02-21T10:44:33.4048000Z tardis/plasma/tests/test_hdf_plasma.py ................................. [ 62%]
2025-02-21T10:44:33.4169050Z ......                                                                   [ 62%]
2025-02-21T10:44:33.8217230Z tardis/plasma/tests/test_nlte_excitation.py ...                          [ 62%]
2025-02-21T10:47:02.8862540Z tardis/plasma/tests/test_nlte_solver.py .....X                           [ 63%]
2025-02-21T10:47:02.8918380Z tardis/plasma/tests/test_plasma_continuum.py .                           [ 63%]
2025-02-21T10:47:37.5514780Z tardis/plasma/tests/test_plasma_vboundary.py .............               [ 63%]
2025-02-21T10:47:54.1498450Z tardis/plasma/tests/test_tardis_model_density_config.py ...              [ 64%]
2025-02-21T10:47:55.0593510Z tardis/simulation/tests/test_convergence.py .....                        [ 64%]
2025-02-21T10:48:05.6235400Z tardis/simulation/tests/test_simulation.py .............                 [ 65%]
2025-02-21T10:48:05.6338170Z tardis/spectrum/tests/test_cuda_formal_integral.py sssssssssssssssssssss [ 66%]
2025-02-21T10:48:05.9402850Z ssss...ssssssssssssssssssssss                                            [ 67%]
2025-02-21T10:48:05.9455910Z tardis/spectrum/tests/test_luminosity.py ....                            [ 68%]
2025-02-21T10:48:07.0113250Z tardis/spectrum/tests/test_numba_formal_integral.py .................... [ 69%]
2025-02-21T10:48:07.0225300Z ..........                                                               [ 69%]
2025-02-21T10:48:07.1612250Z tardis/spectrum/tests/test_spectrum.py ................................. [ 71%]
2025-02-21T10:48:07.1854960Z .........                                                                [ 72%]
2025-02-21T10:48:07.2608710Z tardis/spectrum/tests/test_spectrum_solver.py .FFF                       [ 72%]
2025-02-21T10:48:42.1253150Z tardis/tests/test_tardis_full.py .FFF                                    [ 72%]
2025-02-21T10:50:25.3090930Z tardis/tests/test_tardis_full_formal_integral.py ................        [ 73%]
2025-02-21T10:50:25.3567070Z tardis/tests/test_util.py .............................................  [ 75%]
2025-02-21T10:50:27.6733060Z tardis/transport/montecarlo/tests/test_base.py x.....................    [ 77%]
2025-02-21T10:50:32.7558160Z tardis/transport/montecarlo/tests/test_interaction.py .......            [ 77%]
2025-02-21T10:50:32.9305460Z tardis/transport/montecarlo/tests/test_macro_atom.py ....                [ 77%]
2025-02-21T10:50:32.9439740Z tardis/transport/montecarlo/tests/test_montecarlo.py sssssssssssssssssss [ 78%]
2025-02-21T10:50:32.9708990Z sssssssssssssssssssssssssssssssssssssssssssss                            [ 81%]
2025-02-21T10:50:41.4867770Z tardis/transport/montecarlo/tests/test_montecarlo_main_loop.py x..       [ 81%]
2025-02-21T10:50:41.4947350Z tardis/transport/montecarlo/tests/test_nonhomologous.py ...              [ 81%]
2025-02-21T10:50:43.6665550Z tardis/transport/montecarlo/tests/test_numba_interface.py .....x.        [ 82%]
2025-02-21T10:50:44.0148750Z tardis/transport/montecarlo/tests/test_opacities.py ...............      [ 82%]
2025-02-21T10:50:44.7685190Z tardis/transport/montecarlo/tests/test_packet.py .................xXXXXX [ 84%]
2025-02-21T10:50:44.8665090Z XX.........                                                              [ 84%]
2025-02-21T10:50:44.8928470Z tardis/transport/montecarlo/tests/test_packet_source.py ........         [ 85%]
2025-02-21T10:50:45.1352200Z tardis/transport/montecarlo/tests/test_rpacket_last_interaction_tracker.py . [ 85%]
2025-02-21T10:50:45.4479180Z .....                                                                    [ 85%]
2025-02-21T10:50:55.8771140Z tardis/transport/montecarlo/tests/test_rpacket_tracker.py ......         [ 85%]
2025-02-21T10:50:55.9071270Z tardis/transport/montecarlo/tests/test_single_packet_loop.py xxx         [ 86%]
2025-02-21T10:50:55.9111840Z tardis/transport/montecarlo/tests/test_tracker_utils.py ..               [ 86%]
2025-02-21T10:50:57.3407070Z tardis/transport/montecarlo/tests/test_vpacket.py ..x.                   [ 86%]
2025-02-21T10:50:57.3601190Z tardis/transport/montecarlo/tests/test_weighted_packet_source.py ....    [ 86%]
2025-02-21T10:51:00.4039400Z tardis/transport/montecarlo/tests/test_weighted_packet_source_integration.py . [ 86%]
2025-02-21T10:51:00.4042240Z                                                                          [ 86%]
2025-02-21T10:51:01.4883710Z tardis/transport/tests/test_doppler_factor.py ..................         [ 87%]
2025-02-21T10:51:03.1909320Z tardis/visualization/tools/tests/test_convergence_plot.py .............. [ 88%]
2025-02-21T10:51:04.9730640Z ......                                                                   [ 88%]
2025-02-21T10:51:08.7685090Z tardis/visualization/tools/tests/test_liv_plot.py ...................... [ 90%]
2025-02-21T10:51:12.1166260Z .............................                                            [ 91%]
2025-02-21T10:51:14.6842730Z tardis/visualization/tools/tests/test_rpacket_plot.py .................. [ 92%]
2025-02-21T10:51:21.3252990Z ....                                                                     [ 92%]
2025-02-21T10:51:25.8782750Z tardis/visualization/tools/tests/test_sdec_plot.py ..................... [ 94%]
2025-02-21T10:51:31.7075450Z ..............................                                           [ 95%]
2025-02-21T10:51:32.0827090Z tardis/visualization/widgets/tests/test_custom_abundance.py ........ss.. [ 96%]
2025-02-21T10:51:32.1355210Z ....                                                                     [ 96%]
2025-02-21T10:51:32.9756470Z tardis/visualization/widgets/tests/test_line_info.py ................... [ 97%]
2025-02-21T10:51:33.5708490Z ..................                                                       [ 98%]
2025-02-21T10:54:41.7920110Z tardis/visualization/widgets/tests/test_shell_info.py .................. [ 99%]
2025-02-21T10:54:49.6828190Z ......                                                                   [100%]
2025-02-21T10:54:49.6841540Z 
2025-02-21T10:54:49.6841930Z =================================== FAILURES ===================================
2025-02-21T10:54:49.6842660Z ________________ TestSpectrumSolver.test_spectrum_real_packets _________________
2025-02-21T10:54:49.6843040Z 
2025-02-21T10:54:49.6843390Z self = <tardis.spectrum.tests.test_spectrum_solver.TestSpectrumSolver object at 0x141669a00>
2025-02-21T10:54:49.6844490Z simulation_regression_data = <tardis.simulation.base.Simulation object at 0x143824a70>
2025-02-21T10:54:49.6844910Z 
2025-02-21T10:54:49.6845700Z     def test_spectrum_real_packets(self, simulation_regression_data):
2025-02-21T10:54:49.6846330Z         transport_state = simulation_regression_data.transport.transport_state
2025-02-21T10:54:49.6847810Z         spectrum_frequency_grid = simulation_regression_data.transport.spectrum_frequency_grid
2025-02-21T10:54:49.6849120Z     
2025-02-21T10:54:49.6849530Z         solver = SpectrumSolver(transport_state, spectrum_frequency_grid, None)
2025-02-21T10:54:49.6850660Z         result = solver.spectrum_real_packets.luminosity
2025-02-21T10:54:49.6887870Z         key = "simulation/spectrum_solver/spectrum_real_packets/luminosity"
2025-02-21T10:54:49.6888430Z         expected = self.get_expected_data(key)
2025-02-21T10:54:49.6888780Z     
2025-02-21T10:54:49.6889110Z         luminosity = u.Quantity(expected, "erg /s")
2025-02-21T10:54:49.6889460Z     
2025-02-21T10:54:49.6889810Z >       assert_quantity_allclose(
2025-02-21T10:54:49.6890130Z             result,
2025-02-21T10:54:49.6890470Z             luminosity,
2025-02-21T10:54:49.6890760Z         )
2025-02-21T10:54:49.6895130Z 
2025-02-21T10:54:49.6895450Z tardis/spectrum/tests/test_spectrum_solver.py:61: 
2025-02-21T10:54:49.6895920Z _ _ _ _ _ _ _ _ _ _ _ _ _ _ _ _ _ _ _ _ _ _ _ _ _ _ _ _ _ _ _ _ _ _ _ _ _ _ _ _ 
2025-02-21T10:54:49.6896520Z ../../../micromamba/envs/tardis/lib/python3.12/site-packages/astropy/tests/helper.py:203: in assert_quantity_allclose
2025-02-21T10:54:49.6897470Z     np.testing.assert_allclose(
2025-02-21T10:54:49.7047470Z _ _ _ _ _ _ _ _ _ _ _ _ _ _ _ _ _ _ _ _ _ _ _ _ _ _ _ _ _ _ _ _ _ _ _ _ _ _ _ _ 
2025-02-21T10:54:49.7165060Z 
2025-02-21T10:54:49.7265220Z args = (<function assert_allclose.<locals>.compare at 0x15d28d620>, array([0.00000000e+00, 0.00000000e+00, 2.76120259e+39, .....), array([1.33511090e+39, 1.33738696e+39, 9.41598476e+38, ...,
2025-02-21T10:54:49.7285700Z        0.00000000e+00, 0.00000000e+00, 0.00000000e+00]))
2025-02-21T10:54:49.7300550Z kwds = {'equal_nan': True, 'err_msg': '', 'header': 'Not equal to tolerance rtol=1e-07, atol=0', 'verbose': True}
2025-02-21T10:54:49.7300950Z 
2025-02-21T10:54:49.7301170Z     @wraps(func)
2025-02-21T10:54:49.7301560Z     def inner(*args, **kwds):
2025-02-21T10:54:49.7415040Z         with self._recreate_cm():
2025-02-21T10:54:49.7415590Z >           return func(*args, **kwds)
2025-02-21T10:54:49.7417640Z E           AssertionError: 
2025-02-21T10:54:49.7417980Z E           Not equal to tolerance rtol=1e-07, atol=0
2025-02-21T10:54:49.7418210Z E           
2025-02-21T10:54:49.7418470Z E           Mismatched elements: 4355 / 10000 (43.5%)
2025-02-21T10:54:49.7418780Z E           Max absolute difference: 1.94155993e+40
2025-02-21T10:54:49.7419070Z E           Max relative difference: 137.15340685
2025-02-21T10:54:49.7419350Z E            x: array([0.000000e+00, 0.000000e+00, 2.761203e+39, ..., 0.000000e+00,
2025-02-21T10:54:49.7419620Z E                  0.000000e+00, 0.000000e+00])
2025-02-21T10:54:49.7419890Z E            y: array([1.335111e+39, 1.337387e+39, 9.415985e+38, ..., 0.000000e+00,
2025-02-21T10:54:49.7420150Z E                  0.000000e+00, 0.000000e+00])
2025-02-21T10:54:49.7420370Z 
2025-02-21T10:54:49.7533400Z ../../../micromamba/envs/tardis/lib/python3.12/contextlib.py:81: AssertionError
2025-02-21T10:54:49.7535420Z ___________ TestSpectrumSolver.test_spectrum_real_packets_reabsorbed ___________
2025-02-21T10:54:49.7536070Z 
2025-02-21T10:54:49.7536610Z self = <tardis.spectrum.tests.test_spectrum_solver.TestSpectrumSolver object at 0x14166b8c0>
2025-02-21T10:54:49.7537850Z simulation_regression_data = <tardis.simulation.base.Simulation object at 0x143824a70>
2025-02-21T10:54:49.7538570Z 
2025-02-21T10:54:49.7538990Z     def test_spectrum_real_packets_reabsorbed(self, simulation_regression_data):
2025-02-21T10:54:49.7540120Z         transport_state = simulation_regression_data.transport.transport_state
2025-02-21T10:54:49.7541970Z         spectrum_frequency_grid = simulation_regression_data.transport.spectrum_frequency_grid
2025-02-21T10:54:49.7542430Z     
2025-02-21T10:54:49.7542720Z         solver = SpectrumSolver(transport_state, spectrum_frequency_grid, None)
2025-02-21T10:54:49.7543280Z         result = solver.spectrum_real_packets_reabsorbed.luminosity
2025-02-21T10:54:49.7543730Z         key = "simulation/spectrum_solver/spectrum_real_packets_reabsorbed/luminosity"
2025-02-21T10:54:49.7544170Z         expected = self.get_expected_data(key)
2025-02-21T10:54:49.7544490Z     
2025-02-21T10:54:49.7544750Z         luminosity = u.Quantity(expected, "erg /s")
2025-02-21T10:54:49.7545010Z     
2025-02-21T10:54:49.7545190Z >       assert_quantity_allclose(
2025-02-21T10:54:49.7545410Z             result,
2025-02-21T10:54:49.7545670Z             luminosity,
2025-02-21T10:54:49.7545920Z         )
2025-02-21T10:54:49.7546060Z 
2025-02-21T10:54:49.7546220Z tardis/spectrum/tests/test_spectrum_solver.py:77: 
2025-02-21T10:54:49.7546490Z _ _ _ _ _ _ _ _ _ _ _ _ _ _ _ _ _ _ _ _ _ _ _ _ _ _ _ _ _ _ _ _ _ _ _ _ _ _ _ _ 
2025-02-21T10:54:49.7546990Z ../../../micromamba/envs/tardis/lib/python3.12/site-packages/astropy/tests/helper.py:203: in assert_quantity_allclose
2025-02-21T10:54:49.7547560Z     np.testing.assert_allclose(
2025-02-21T10:54:49.7547850Z _ _ _ _ _ _ _ _ _ _ _ _ _ _ _ _ _ _ _ _ _ _ _ _ _ _ _ _ _ _ _ _ _ _ _ _ _ _ _ _ 
2025-02-21T10:54:49.7548080Z 
2025-02-21T10:54:49.7548450Z args = (<function assert_allclose.<locals>.compare at 0x15d225da0>, array([0., 0., 0., ..., 0., 0., 0.]), array([2.03920412e+38, 3.72882494e+38, 2.29646943e+38, ...,
2025-02-21T10:54:49.7549000Z        0.00000000e+00, 0.00000000e+00, 0.00000000e+00]))
2025-02-21T10:54:49.7549460Z kwds = {'equal_nan': True, 'err_msg': '', 'header': 'Not equal to tolerance rtol=1e-07, atol=0', 'verbose': True}
2025-02-21T10:54:49.7549740Z 
2025-02-21T10:54:49.7549790Z     @wraps(func)
2025-02-21T10:54:49.7550060Z     def inner(*args, **kwds):
2025-02-21T10:54:49.7550360Z         with self._recreate_cm():
2025-02-21T10:54:49.7550660Z >           return func(*args, **kwds)
2025-02-21T10:54:49.7550920Z E           AssertionError: 
2025-02-21T10:54:49.7551220Z E           Not equal to tolerance rtol=1e-07, atol=0
2025-02-21T10:54:49.7551480Z E           
2025-02-21T10:54:49.7551750Z E           Mismatched elements: 4491 / 10000 (44.9%)
2025-02-21T10:54:49.7552600Z E           Max absolute difference: 1.0639846e+40
2025-02-21T10:54:49.7552870Z E           Max relative difference: 122.79315318
2025-02-21T10:54:49.7553200Z E            x: array([0., 0., 0., ..., 0., 0., 0.])
2025-02-21T10:54:49.7553560Z E            y: array([2.039204e+38, 3.728825e+38, 2.296469e+38, ..., 0.000000e+00,
2025-02-21T10:54:49.7553870Z E                  0.000000e+00, 0.000000e+00])
2025-02-21T10:54:49.7554070Z 
2025-02-21T10:54:49.7554360Z ../../../micromamba/envs/tardis/lib/python3.12/contextlib.py:81: AssertionError
2025-02-21T10:54:49.7554800Z ________________________ TestSpectrumSolver.test_solve _________________________
2025-02-21T10:54:49.7555070Z 
2025-02-21T10:54:49.7555350Z self = <tardis.spectrum.tests.test_spectrum_solver.TestSpectrumSolver object at 0x14166a750>
2025-02-21T10:54:49.7555930Z simulation_regression_data = <tardis.simulation.base.Simulation object at 0x143824a70>
2025-02-21T10:54:49.7556240Z 
2025-02-21T10:54:49.7556730Z     def test_solve(self, simulation_regression_data):
2025-02-21T10:54:49.7557120Z         transport_state = simulation_regression_data.transport.transport_state
2025-02-21T10:54:49.7557710Z         spectrum_frequency_grid = simulation_regression_data.transport.spectrum_frequency_grid
2025-02-21T10:54:49.7558120Z     
2025-02-21T10:54:49.7558400Z         solver = SpectrumSolver(transport_state, spectrum_frequency_grid, None)
2025-02-21T10:54:49.7558860Z         result_real, result_virtual, result_integrated = solver.solve(
2025-02-21T10:54:49.7559170Z             transport_state
2025-02-21T10:54:49.7559430Z         )
2025-02-21T10:54:49.7559710Z         key_real = "simulation/spectrum_solver/spectrum_real_packets/luminosity"
2025-02-21T10:54:49.7560120Z         expected_real = self.get_expected_data(key_real)
2025-02-21T10:54:49.7560370Z     
2025-02-21T10:54:49.7561100Z         luminosity_real = u.Quantity(expected_real, "erg /s")
2025-02-21T10:54:49.7561380Z     
2025-02-21T10:54:49.7561620Z >       assert_quantity_allclose(
2025-02-21T10:54:49.7561820Z             result_real.luminosity,
2025-02-21T10:54:49.7562050Z             luminosity_real,
2025-02-21T10:54:49.7562260Z         )
2025-02-21T10:54:49.7562340Z 
2025-02-21T10:54:49.7562440Z tardis/spectrum/tests/test_spectrum_solver.py:95: 
2025-02-21T10:54:49.7562700Z _ _ _ _ _ _ _ _ _ _ _ _ _ _ _ _ _ _ _ _ _ _ _ _ _ _ _ _ _ _ _ _ _ _ _ _ _ _ _ _ 
2025-02-21T10:54:49.7563130Z ../../../micromamba/envs/tardis/lib/python3.12/site-packages/astropy/tests/helper.py:203: in assert_quantity_allclose
2025-02-21T10:54:49.7563530Z     np.testing.assert_allclose(
2025-02-21T10:54:49.7563750Z _ _ _ _ _ _ _ _ _ _ _ _ _ _ _ _ _ _ _ _ _ _ _ _ _ _ _ _ _ _ _ _ _ _ _ _ _ _ _ _ 
2025-02-21T10:54:49.7563970Z 
2025-02-21T10:54:49.7564350Z args = (<function assert_allclose.<locals>.compare at 0x15d225a80>, array([0.00000000e+00, 0.00000000e+00, 2.76120259e+39, .....), array([1.33511090e+39, 1.33738696e+39, 9.41598476e+38, ...,
2025-02-21T10:54:49.7564870Z        0.00000000e+00, 0.00000000e+00, 0.00000000e+00]))
2025-02-21T10:54:49.7565230Z kwds = {'equal_nan': True, 'err_msg': '', 'header': 'Not equal to tolerance rtol=1e-07, atol=0', 'verbose': True}
2025-02-21T10:54:49.7565500Z 
2025-02-21T10:54:49.7565550Z     @wraps(func)
2025-02-21T10:54:49.7565760Z     def inner(*args, **kwds):
2025-02-21T10:54:49.7565940Z         with self._recreate_cm():
2025-02-21T10:54:49.7566130Z >           return func(*args, **kwds)
2025-02-21T10:54:49.7566320Z E           AssertionError: 
2025-02-21T10:54:49.7566550Z E           Not equal to tolerance rtol=1e-07, atol=0
2025-02-21T10:54:49.7566810Z E           
2025-02-21T10:54:49.7567020Z E           Mismatched elements: 4355 / 10000 (43.5%)
2025-02-21T10:54:49.7567250Z E           Max absolute difference: 1.94155993e+40
2025-02-21T10:54:49.7567480Z E           Max relative difference: 137.15340685
2025-02-21T10:54:49.7567750Z E            x: array([0.000000e+00, 0.000000e+00, 2.761203e+39, ..., 0.000000e+00,
2025-02-21T10:54:49.7568060Z E                  0.000000e+00, 0.000000e+00])
2025-02-21T10:54:49.7568680Z E            y: array([1.335111e+39, 1.337387e+39, 9.415985e+38, ..., 0.000000e+00,
2025-02-21T10:54:49.7569050Z E                  0.000000e+00, 0.000000e+00])
2025-02-21T10:54:49.7569260Z 
2025-02-21T10:54:49.7569480Z ../../../micromamba/envs/tardis/lib/python3.12/contextlib.py:81: AssertionError
2025-02-21T10:54:49.7569920Z __________________ TestTransportSimple.test_j_blue_estimators __________________
2025-02-21T10:54:49.7570180Z 
2025-02-21T10:54:49.7570400Z self = <tardis.tests.test_tardis_full.TestTransportSimple object at 0x14166b0e0>
2025-02-21T10:54:49.7570930Z simulation_regression_data = <tardis.simulation.base.Simulation object at 0x143824a70>
2025-02-21T10:54:49.7571250Z 
2025-02-21T10:54:49.7571430Z     def test_j_blue_estimators(self, simulation_regression_data):
2025-02-21T10:54:49.7571830Z         key = "simulation/transport/transport_state/j_blue_estimator"
2025-02-21T10:54:49.7572470Z         expected = self.get_expected_data(key)
2025-02-21T10:54:49.7572740Z     
2025-02-21T10:54:49.7572970Z >       npt.assert_allclose(
2025-02-21T10:54:49.7573410Z             simulation_regression_data.transport.transport_state.radfield_mc_estimators.j_blue_estimator,
2025-02-21T10:54:49.7573930Z             expected.values,
2025-02-21T10:54:49.7574190Z         )
2025-02-21T10:54:49.7574260Z 
2025-02-21T10:54:49.7574390Z tardis/tests/test_tardis_full.py:60: 
2025-02-21T10:54:49.7574710Z _ _ _ _ _ _ _ _ _ _ _ _ _ _ _ _ _ _ _ _ _ _ _ _ _ _ _ _ _ _ _ _ _ _ _ _ _ _ _ _ 
2025-02-21T10:54:49.7574880Z 
2025-02-21T10:54:49.7575130Z args = (<function assert_allclose.<locals>.compare at 0x15ef9f740>, array([[0., 0., 0., ..., 0., 0., 0.],
2025-02-21T10:54:49.7575570Z        [0., 0., 0.,.....,
2025-02-21T10:54:49.7575780Z        [0., 0., 0., ..., 0., 0., 0.],
2025-02-21T10:54:49.7576060Z        [0., 0., 0., ..., 0., 0., 0.],
2025-02-21T10:54:49.7576240Z        [0., 0., 0., ..., 0., 0., 0.]]))
2025-02-21T10:54:49.7576670Z kwds = {'equal_nan': True, 'err_msg': '', 'header': 'Not equal to tolerance rtol=1e-07, atol=0', 'verbose': True}
2025-02-21T10:54:49.7577000Z 
2025-02-21T10:54:49.7577050Z     @wraps(func)
2025-02-21T10:54:49.7577200Z     def inner(*args, **kwds):
2025-02-21T10:54:49.7577370Z         with self._recreate_cm():
2025-02-21T10:54:49.7577560Z >           return func(*args, **kwds)
2025-02-21T10:54:49.7577750Z E           AssertionError: 
2025-02-21T10:54:49.7578020Z E           Not equal to tolerance rtol=1e-07, atol=0
2025-02-21T10:54:49.7578320Z E           
2025-02-21T10:54:49.7578490Z E           Mismatched elements: 488044 / 584480 (83.5%)
2025-02-21T10:54:49.7578730Z E           Max absolute difference: 1.43452643e-17
2025-02-21T10:54:49.7578960Z E           Max relative difference: 235.31367318
2025-02-21T10:54:49.7579180Z E            x: array([[0., 0., 0., ..., 0., 0., 0.],
2025-02-21T10:54:49.7579390Z E                  [0., 0., 0., ..., 0., 0., 0.],
2025-02-21T10:54:49.7579640Z E                  [0., 0., 0., ..., 0., 0., 0.],...
2025-02-21T10:54:49.7579860Z E            y: array([[0., 0., 0., ..., 0., 0., 0.],
2025-02-21T10:54:49.7580070Z E                  [0., 0., 0., ..., 0., 0., 0.],
2025-02-21T10:54:49.7580270Z E                  [0., 0., 0., ..., 0., 0., 0.],...
2025-02-21T10:54:49.7580410Z 
2025-02-21T10:54:49.7580630Z ../../../micromamba/envs/tardis/lib/python3.12/contextlib.py:81: AssertionError
2025-02-21T10:54:49.7581010Z ______________________ TestTransportSimple.test_spectrum _______________________
2025-02-21T10:54:49.7581220Z 
2025-02-21T10:54:49.7581390Z self = <tardis.tests.test_tardis_full.TestTransportSimple object at 0x14166b350>
2025-02-21T10:54:49.7581810Z simulation_regression_data = <tardis.simulation.base.Simulation object at 0x143824a70>
2025-02-21T10:54:49.7582070Z 
2025-02-21T10:54:49.7582210Z     def test_spectrum(self, simulation_regression_data):
2025-02-21T10:54:49.7582560Z         key = "simulation/spectrum_solver/spectrum_real_packets/luminosity"
2025-02-21T10:54:49.7582940Z         expected = self.get_expected_data(key)
2025-02-21T10:54:49.7583400Z     
2025-02-21T10:54:49.7583610Z         luminosity = u.Quantity(expected, "erg /s")
2025-02-21T10:54:49.7583860Z     
2025-02-21T10:54:49.7584100Z >       assert_quantity_allclose(
2025-02-21T10:54:49.7584460Z             simulation_regression_data.spectrum_solver.spectrum_real_packets.luminosity,
2025-02-21T10:54:49.7584850Z             luminosity,
2025-02-21T10:54:49.7585040Z         )
2025-02-21T10:54:49.7585170Z 
2025-02-21T10:54:49.7585290Z tardis/tests/test_tardis_full.py:71: 
2025-02-21T10:54:49.7585570Z _ _ _ _ _ _ _ _ _ _ _ _ _ _ _ _ _ _ _ _ _ _ _ _ _ _ _ _ _ _ _ _ _ _ _ _ _ _ _ _ 
2025-02-21T10:54:49.7586120Z ../../../micromamba/envs/tardis/lib/python3.12/site-packages/astropy/tests/helper.py:203: in assert_quantity_allclose
2025-02-21T10:54:49.7586570Z     np.testing.assert_allclose(
2025-02-21T10:54:49.7586900Z _ _ _ _ _ _ _ _ _ _ _ _ _ _ _ _ _ _ _ _ _ _ _ _ _ _ _ _ _ _ _ _ _ _ _ _ _ _ _ _ 
2025-02-21T10:54:49.7587120Z 
2025-02-21T10:54:49.7587770Z args = (<function assert_allclose.<locals>.compare at 0x167257920>, array([0.00000000e+00, 0.00000000e+00, 2.76120259e+39, .....), array([1.47119190e+39, 1.69564189e+39, 1.35368464e+39, ...,
2025-02-21T10:54:49.7588300Z        0.00000000e+00, 0.00000000e+00, 0.00000000e+00]))
2025-02-21T10:54:49.7588650Z kwds = {'equal_nan': True, 'err_msg': '', 'header': 'Not equal to tolerance rtol=1e-07, atol=0', 'verbose': True}
2025-02-21T10:54:49.7588910Z 
2025-02-21T10:54:49.7588970Z     @wraps(func)
2025-02-21T10:54:49.7589110Z     def inner(*args, **kwds):
2025-02-21T10:54:49.7589410Z         with self._recreate_cm():
2025-02-21T10:54:49.7589610Z >           return func(*args, **kwds)
2025-02-21T10:54:49.7589800Z E           AssertionError: 
2025-02-21T10:54:49.7589990Z E           Not equal to tolerance rtol=1e-07, atol=0
2025-02-21T10:54:49.7590190Z E           
2025-02-21T10:54:49.7590350Z E           Mismatched elements: 4560 / 10000 (45.6%)
2025-02-21T10:54:49.7591150Z E           Max absolute difference: 1.96604107e+40
2025-02-21T10:54:49.7591380Z E           Max relative difference: 97.03021569
2025-02-21T10:54:49.7591660Z E            x: array([0.000000e+00, 0.000000e+00, 2.761203e+39, ..., 0.000000e+00,
2025-02-21T10:54:49.7591920Z E                  0.000000e+00, 0.000000e+00])
2025-02-21T10:54:49.7592180Z E            y: array([1.471192e+39, 1.695642e+39, 1.353685e+39, ..., 0.000000e+00,
2025-02-21T10:54:49.7592440Z E                  0.000000e+00, 0.000000e+00])
2025-02-21T10:54:49.7592580Z 
2025-02-21T10:54:49.7592740Z ../../../micromamba/envs/tardis/lib/python3.12/contextlib.py:81: AssertionError
2025-02-21T10:54:49.7593210Z __________________ TestTransportSimple.test_virtual_spectrum ___________________
2025-02-21T10:54:49.7593500Z 
2025-02-21T10:54:49.7593730Z self = <tardis.tests.test_tardis_full.TestTransportSimple object at 0x14166b620>
2025-02-21T10:54:49.7594230Z simulation_regression_data = <tardis.simulation.base.Simulation object at 0x143824a70>
2025-02-21T10:54:49.7594560Z 
2025-02-21T10:54:49.7594750Z     def test_virtual_spectrum(self, simulation_regression_data):
2025-02-21T10:54:49.7595160Z         key = "simulation/spectrum_solver/spectrum_virtual_packets/luminosity"
2025-02-21T10:54:49.7595620Z         expected = self.get_expected_data(key)
2025-02-21T10:54:49.7595890Z     
2025-02-21T10:54:49.7596040Z         luminosity = u.Quantity(expected, "erg /s")
2025-02-21T10:54:49.7596370Z     
2025-02-21T10:54:49.7596650Z >       assert_quantity_allclose(
2025-02-21T10:54:49.7597100Z             simulation_regression_data.spectrum_solver.spectrum_virtual_packets.luminosity,
2025-02-21T10:54:49.7597480Z             luminosity,
2025-02-21T10:54:49.7597730Z         )
2025-02-21T10:54:49.7597800Z 
2025-02-21T10:54:49.7597940Z tardis/tests/test_tardis_full.py:82: 
2025-02-21T10:54:49.7598400Z _ _ _ _ _ _ _ _ _ _ _ _ _ _ _ _ _ _ _ _ _ _ _ _ _ _ _ _ _ _ _ _ _ _ _ _ _ _ _ _ 
2025-02-21T10:54:49.7598850Z ../../../micromamba/envs/tardis/lib/python3.12/site-packages/astropy/tests/helper.py:203: in assert_quantity_allclose
2025-02-21T10:54:49.7599490Z     np.testing.assert_allclose(
2025-02-21T10:54:49.7599710Z _ _ _ _ _ _ _ _ _ _ _ _ _ _ _ _ _ _ _ _ _ _ _ _ _ _ _ _ _ _ _ _ _ _ _ _ _ _ _ _ 
2025-02-21T10:54:49.7599880Z 
2025-02-21T10:54:49.7600310Z args = (<function assert_allclose.<locals>.compare at 0x135e27740>, array([1.31895331e+39, 2.31381538e+39, 3.72000430e+39, .....), array([1.44033177e+39, 1.35611403e+39, 1.39755698e+39, ...,
2025-02-21T10:54:49.7600830Z        0.00000000e+00, 0.00000000e+00, 0.00000000e+00]))
2025-02-21T10:54:49.7601180Z kwds = {'equal_nan': True, 'err_msg': '', 'header': 'Not equal to tolerance rtol=1e-07, atol=0', 'verbose': True}
2025-02-21T10:54:49.7601450Z 
2025-02-21T10:54:49.7601500Z     @wraps(func)
2025-02-21T10:54:49.7601650Z     def inner(*args, **kwds):
2025-02-21T10:54:49.7601890Z         with self._recreate_cm():
2025-02-21T10:54:49.7602090Z >           return func(*args, **kwds)
2025-02-21T10:54:49.7602360Z E           AssertionError: 
2025-02-21T10:54:49.7602750Z E           Not equal to tolerance rtol=1e-07, atol=0
2025-02-21T10:54:49.7602960Z E           
2025-02-21T10:54:49.7603120Z E           Mismatched elements: 5659 / 10000 (56.6%)
2025-02-21T10:54:49.7603360Z E           Max absolute difference: 4.69537822e+39
2025-02-21T10:54:49.7603690Z E           Max relative difference: 419.77405263
2025-02-21T10:54:49.7604120Z E            x: array([1.318953e+39, 2.313815e+39, 3.720004e+39, ..., 0.000000e+00,
2025-02-21T10:54:49.7604390Z E                  0.000000e+00, 0.000000e+00])
2025-02-21T10:54:49.7604640Z E            y: array([1.440332e+39, 1.356114e+39, 1.397557e+39, ..., 0.000000e+00,
2025-02-21T10:54:49.7604900Z E                  0.000000e+00, 0.000000e+00])
2025-02-21T10:54:49.7605040Z 
2025-02-21T10:54:49.7605200Z ../../../micromamba/envs/tardis/lib/python3.12/contextlib.py:81: AssertionError
2025-02-21T10:54:49.7605540Z =============================== warnings summary ===============================
2025-02-21T10:54:49.7606010Z tardis/io/configuration/config_validator.py:6
2025-02-21T10:54:49.7606340Z tardis/io/configuration/config_validator.py:6
2025-02-21T10:54:49.7606750Z   /Users/runner/work/tardis/tardis/tardis/io/configuration/config_validator.py:6: DeprecationWarning:
2025-02-21T10:54:49.7607320Z   
2025-02-21T10:54:49.7608580Z   jsonschema.RefResolver is deprecated as of v4.18.0, in favor of the https://github.com/python-jsonschema/referencing library, which provides more compliant referencing behavior as well as more flexible APIs for customization. A future release will remove RefResolver. Please file a feature request (on referencing) if you are missing an API for the kind of customization you need.
2025-02-21T10:54:49.7609630Z 
2025-02-21T10:54:49.7609820Z ../../../micromamba/envs/tardis/lib/python3.12/site-packages/jupyter_client/connect.py:22
2025-02-21T10:54:49.7610380Z   /Users/runner/micromamba/envs/tardis/lib/python3.12/site-packages/jupyter_client/connect.py:22: DeprecationWarning:
2025-02-21T10:54:49.7610790Z   
2025-02-21T10:54:49.7610980Z   Jupyter is migrating its paths to use standard platformdirs
2025-02-21T10:54:49.7611300Z   given by the platformdirs library.  To remove this warning and
2025-02-21T10:54:49.7611630Z   see the appropriate new directories, set the environment variable
2025-02-21T10:54:49.7611960Z   `JUPYTER_PLATFORM_DIRS=1` and then run `jupyter --paths`.
2025-02-21T10:54:49.7612280Z   The use of platformdirs will be the default in `jupyter_core` v6
2025-02-21T10:54:49.7612470Z 
2025-02-21T10:54:49.7624580Z tardis/io/tests/test_HDFWriter.py::test_multi_index_write
2025-02-21T10:54:49.7625020Z tardis/visualization/widgets/tests/test_shell_info.py::TestHDFShellInfo::test_shells_data
2025-02-21T10:54:49.7625480Z   /Users/runner/work/tardis/tardis/tardis/io/util.py:276: PerformanceWarning:
2025-02-21T10:54:49.7626280Z   
2025-02-21T10:54:49.7626400Z   
2025-02-21T10:54:49.7626640Z   your performance may suffer as PyTables will pickle object types that it cannot
2025-02-21T10:54:49.7627110Z   map directly to c-types [inferred_type->mixed,key->block0_values] [items->Index([0], dtype='int64')]
2025-02-21T10:54:49.7628070Z 
2025-02-21T10:54:49.7628250Z tardis/io/tests/test_model_reader.py::test_read_cmfgen_isotope_abundances
2025-02-21T10:54:49.7628660Z tardis/plasma/tests/test_tardis_model_density_config.py::test_electron_densities
2025-02-21T10:54:49.7629190Z tardis/plasma/tests/test_tardis_model_density_config.py::test_isotope_number_densities
2025-02-21T10:54:49.7629680Z tardis/plasma/tests/test_tardis_model_density_config.py::test_t_rad
2025-02-21T10:54:49.7630150Z   /Users/runner/work/tardis/tardis/tardis/io/model/readers/cmfgen_deprecated.py:82: DeprecationWarning:
2025-02-21T10:54:49.7630790Z   
2025-02-21T10:54:49.7630950Z   The current CMFGEN model parser is deprecated
2025-02-21T10:54:49.7631110Z 
2025-02-21T10:54:49.7631200Z tardis/io/tests/test_model_reader.py: 1 warning
2025-02-21T10:54:49.7631500Z tardis/plasma/tests/test_tardis_model_density_config.py: 9 warnings
2025-02-21T10:54:49.7632240Z   /Users/runner/work/tardis/tardis/tardis/io/model/readers/cmfgen_deprecated.py:40: DeprecationWarning:
2025-02-21T10:54:49.7632890Z   
2025-02-21T10:54:49.7633160Z   The current CMFGEN model parser is deprecated
2025-02-21T10:54:49.7633380Z 
2025-02-21T10:54:49.7674670Z tardis/model/tests/test_base.py::TestModelFromPaper1Config::test_abundances
2025-02-21T10:54:49.7675460Z   /Users/runner/work/tardis/tardis/tardis/transport/montecarlo/montecarlo_main_loop.py:123: NumbaTypeSafetyWarning:
2025-02-21T10:54:49.7675980Z   
2025-02-21T10:54:49.7678800Z   [1m[1m[1munsafe cast from uint64 to int64. Precision may be lost.[0m[0m[0m
2025-02-21T10:54:49.7679030Z 
2025-02-21T10:54:49.7679110Z tardis/model/tests/test_base.py: 6 warnings
2025-02-21T10:54:49.7679430Z tardis/model/tests/test_csvy_model.py: 2 warnings
2025-02-21T10:54:49.7679740Z tardis/plasma/tests/test_tardis_model_density_config.py: 3 warnings
2025-02-21T10:54:49.7680200Z   /Users/runner/work/tardis/tardis/tardis/model/geometry/radial1d.py:50: DeprecationWarning:
2025-02-21T10:54:49.7680620Z   
2025-02-21T10:54:49.7680790Z   v_inner_boundary < 0, assuming default value
2025-02-21T10:54:49.7681120Z 
2025-02-21T10:54:49.7681220Z tardis/model/tests/test_base.py: 6 warnings
2025-02-21T10:54:49.7681500Z tardis/model/tests/test_csvy_model.py: 2 warnings
2025-02-21T10:54:49.7681860Z tardis/plasma/tests/test_tardis_model_density_config.py: 3 warnings
2025-02-21T10:54:49.7682360Z   /Users/runner/work/tardis/tardis/tardis/model/geometry/radial1d.py:61: DeprecationWarning:
2025-02-21T10:54:49.7682750Z   
2025-02-21T10:54:49.7682940Z   v_outer_boundary < 0, assuming default value
2025-02-21T10:54:49.7683100Z 
2025-02-21T10:54:49.7683570Z tardis/plasma/equilibrium/tests/test_level_populations.py::TestLevelPopulationSolver::test_solve[collisional_rate_solver0-radiative_transitions0]
2025-02-21T10:54:49.7684420Z   /Users/runner/work/tardis/tardis/tardis/plasma/equilibrium/level_populations.py:65: FutureWarning:
2025-02-21T10:54:49.7684880Z   
2025-02-21T10:54:49.7685220Z   A value is trying to be set on a copy of a DataFrame or Series through chained assignment using an inplace method.
2025-02-21T10:54:49.7685990Z   The behavior will change in pandas 3.0. This inplace method will never work because the intermediate object on which we are setting values always behaves as a copy.
2025-02-21T10:54:49.7686570Z   
2025-02-21T10:54:49.7687330Z   For example, when doing 'df[col].method(value, inplace=True)', try using 'df.method({col: value}, inplace=True)' or df[col] = df[col].method(value) instead, to perform the operation inplace on the original object.
2025-02-21T10:54:49.7687900Z 
2025-02-21T10:54:49.7688150Z tardis/plasma/tests/test_plasma_vboundary.py::test_plasma_vboundary[2900-3750]
2025-02-21T10:54:49.7688640Z tardis/plasma/tests/test_plasma_vboundary.py::test_plasma_vboundary[2900-3850]
2025-02-21T10:54:49.7689080Z tardis/plasma/tests/test_plasma_vboundary.py::test_plasma_vboundary[2900-3900]
2025-02-21T10:54:49.7689780Z   /Users/runner/work/tardis/tardis/tardis/model/geometry/radial1d.py:71: UserWarning:
2025-02-21T10:54:49.7690530Z   
2025-02-21T10:54:49.7690770Z   Requesting inner boundary below inner shell. Extrapolating the inner cell
2025-02-21T10:54:49.7691000Z 
2025-02-21T10:54:49.7691180Z tardis/spectrum/tests/test_spectrum_solver.py::TestSpectrumSolver::test_solve
2025-02-21T10:54:49.7691580Z   /Users/runner/work/tardis/tardis/tardis/spectrum/base.py:70: UserWarning:
2025-02-21T10:54:49.7691970Z   
2025-02-21T10:54:49.7692310Z   SpectrumSolver.spectrum_virtual_packets is zero. Please run the montecarlo simulation with no_of_virtual_packets > 0
2025-02-21T10:54:49.7692650Z 
2025-02-21T10:54:49.7692830Z tardis/spectrum/tests/test_spectrum_solver.py::TestSpectrumSolver::test_solve
2025-02-21T10:54:49.7693230Z   /Users/runner/work/tardis/tardis/tardis/spectrum/base.py:111: UserWarning:
2025-02-21T10:54:49.7693510Z   
2025-02-21T10:54:49.7693870Z   SpectrumSolver.integrator: The FormalIntegrator is not yet available.Please run the montecarlo simulation at least once.
2025-02-21T10:54:49.7694220Z 
2025-02-21T10:54:49.7694730Z tardis/transport/montecarlo/tests/test_vpacket.py::test_trace_vpacket_volley
2025-02-21T10:54:49.7695090Z   <string>:3: NumbaPendingDeprecationWarning:
2025-02-21T10:54:49.7695290Z   
2025-02-21T10:54:49.7696260Z   [1m[1mCode using Numba extension API maybe depending on 'old_style' error-capturing, which is deprecated and will be replaced by 'new_style' in a future release. See details at https://numba.readthedocs.io/en/latest/reference/deprecation.html#deprecation-of-old-style-numba-captured-errors
2025-02-21T10:54:49.7697090Z   Exception origin:
2025-02-21T10:54:49.7697390Z     File "/Users/runner/micromamba/envs/tardis/lib/python3.12/inspect.py", line 3180, in _bind
2025-02-21T10:54:49.7697740Z       raise TypeError(msg) from None
2025-02-21T10:54:49.7697940Z   [0m[0m
2025-02-21T10:54:49.7698020Z 
2025-02-21T10:54:49.7699460Z tardis/visualization/tools/tests/test_sdec_plot.py::TestSDECPlotter::test_mpl_image[plotter_generate_plot_mpl4]
2025-02-21T10:54:49.7701110Z   /Users/runner/work/tardis/tardis/tardis/visualization/tools/sdec_plot.py:1225: RuntimeWarning:
2025-02-21T10:54:49.7702060Z   
2025-02-21T10:54:49.7702820Z   More than 20 figures have been opened. Figures created through the pyplot interface (`matplotlib.pyplot.figure`) are retained until explicitly closed and may consume too much memory. (To control this warning, see the rcParam `figure.max_open_warning`). Consider using `matplotlib.pyplot.close()`.
2025-02-21T10:54:49.7703650Z 
2025-02-21T10:54:49.7703950Z tardis/visualization/widgets/tests/test_custom_abundance.py::TestCustomAbundanceWidget::test_update_input_item_value
2025-02-21T10:54:49.7704590Z tardis/visualization/widgets/tests/test_custom_abundance.py::TestCustomAbundanceWidget::test_update_input_item_value
2025-02-21T10:54:49.7705300Z tardis/visualization/widgets/tests/test_custom_abundance.py::TestCustomAbundanceWidget::test_update_input_item_value
2025-02-21T10:54:49.7705950Z tardis/visualization/widgets/tests/test_custom_abundance.py::TestCustomAbundanceWidget::test_update_input_item_value
2025-02-21T10:54:49.7706660Z tardis/visualization/widgets/tests/test_custom_abundance.py::TestCustomAbundanceWidget::test_update_input_item_value
2025-02-21T10:54:49.7707300Z tardis/visualization/widgets/tests/test_custom_abundance.py::TestCustomAbundanceWidget::test_update_input_item_value
2025-02-21T10:54:49.7708000Z   /Users/runner/micromamba/envs/tardis/lib/python3.12/site-packages/traitlets/traitlets.py:1385: DeprecationWarning:
2025-02-21T10:54:49.7708410Z   
2025-02-21T10:54:49.7708640Z   Passing unrecognized arguments to super(Checkbox).__init__(icon='lock').
2025-02-21T10:54:49.7709060Z   object.__init__() takes exactly one argument (the instance to initialize)
2025-02-21T10:54:49.7709480Z   This is deprecated in traitlets 4.2.This error will be raised in a future release of traitlets.
2025-02-21T10:54:49.7709750Z 
2025-02-21T10:54:49.7710040Z tardis/visualization/widgets/tests/test_custom_abundance.py::TestCustomAbundanceWidget::test_update_input_item_value
2025-02-21T10:54:49.7711020Z tardis/visualization/widgets/tests/test_custom_abundance.py::TestCustomAbundanceWidget::test_update_input_item_value
2025-02-21T10:54:49.7711660Z   /Users/runner/micromamba/envs/tardis/lib/python3.12/site-packages/traitlets/traitlets.py:1385: DeprecationWarning:
2025-02-21T10:54:49.7712060Z   
2025-02-21T10:54:49.7712330Z   Passing unrecognized arguments to super(FloatText).__init__(min=0).
2025-02-21T10:54:49.7712770Z   object.__init__() takes exactly one argument (the instance to initialize)
2025-02-21T10:54:49.7713190Z   This is deprecated in traitlets 4.2.This error will be raised in a future release of traitlets.
2025-02-21T10:54:49.7713450Z 
2025-02-21T10:54:49.7713800Z tardis/visualization/widgets/tests/test_custom_abundance.py::TestCustomAbundanceWidget::test_update_input_item_value
2025-02-21T10:54:49.7714440Z   /Users/runner/micromamba/envs/tardis/lib/python3.12/site-packages/traitlets/traitlets.py:1385: DeprecationWarning:
2025-02-21T10:54:49.7714830Z   
2025-02-21T10:54:49.7715400Z   Passing unrecognized arguments to super(HTML).__init__(indent=True).
2025-02-21T10:54:49.7715780Z   object.__init__() takes exactly one argument (the instance to initialize)
2025-02-21T10:54:49.7716200Z   This is deprecated in traitlets 4.2.This error will be raised in a future release of traitlets.
2025-02-21T10:54:49.7716530Z 
2025-02-21T10:54:49.7716880Z tardis/visualization/widgets/tests/test_line_info.py::TestLineInfoWidgetData::test_get_species_interactions[wavelength_range0-packet_out_nu]
2025-02-21T10:54:49.7717560Z   /Users/runner/micromamba/envs/tardis/lib/python3.12/site-packages/qgridnext/grid.py:820: DeprecationWarning:
2025-02-21T10:54:49.7718000Z   
2025-02-21T10:54:49.7718300Z   QgridWidget._precision_changed is deprecated in traitlets 4.1: use @observe and @unobserve instead.
2025-02-21T10:54:49.7718590Z 
2025-02-21T10:54:49.7718790Z tardis/visualization/widgets/tests/test_shell_info.py::TestHDFShellInfo::test_shells_data
2025-02-21T10:54:49.7719250Z   /Users/runner/work/tardis/tardis/tardis/io/util.py:289: PerformanceWarning:
2025-02-21T10:54:49.7719540Z   
2025-02-21T10:54:49.7719640Z   
2025-02-21T10:54:49.7719870Z   your performance may suffer as PyTables will pickle object types that it cannot
2025-02-21T10:54:49.7720380Z   map directly to c-types [inferred_type->mixed,key->block0_values] [items->Index([0], dtype='int64')]
2025-02-21T10:54:49.7720660Z 
2025-02-21T10:54:49.7720870Z tardis/visualization/widgets/tests/test_shell_info.py::TestHDFShellInfo::test_shells_data
2025-02-21T10:54:49.7721310Z   /Users/runner/work/tardis/tardis/tardis/io/util.py:292: PerformanceWarning:
2025-02-21T10:54:49.7721600Z   
2025-02-21T10:54:49.7721710Z   
2025-02-21T10:54:49.7721950Z   your performance may suffer as PyTables will pickle object types that it cannot
2025-02-21T10:54:49.7722320Z   map directly to c-types [inferred_type->mixed,key->values] [items->None]
2025-02-21T10:54:49.7722540Z 
2025-02-21T10:54:49.7722750Z tardis/visualization/widgets/tests/test_shell_info.py::TestHDFShellInfo::test_shells_data
2025-02-21T10:54:49.7723240Z   /Users/runner/work/tardis/tardis/tardis/spectrum/formal_integral.py:398: UserWarning:
2025-02-21T10:54:49.7723560Z   
2025-02-21T10:54:49.7723780Z   The number of interpolate_shells was not specified. The value was set to 80.
2025-02-21T10:54:49.7724010Z 
2025-02-21T10:54:49.7724180Z -- Docs: https://docs.pytest.org/en/stable/how-to/capture-warnings.html
2025-02-21T10:54:49.7724400Z 
2025-02-21T10:54:49.7724550Z ---------- coverage: platform darwin, python 3.12.4-final-0 ----------
2025-02-21T10:54:49.7724840Z Coverage HTML written to dir coverage_html_report
2025-02-21T10:54:49.7725080Z Coverage XML written to file coverage.xml
2025-02-21T10:54:49.7725230Z 
2025-02-21T10:54:49.7725340Z =========================== short test summary info ============================
2025-02-21T10:54:49.7725800Z FAILED tardis/spectrum/tests/test_spectrum_solver.py::TestSpectrumSolver::test_spectrum_real_packets - AssertionError: 
2025-02-21T10:54:49.7726230Z Not equal to tolerance rtol=1e-07, atol=0
2025-02-21T10:54:49.7726500Z 
2025-02-21T10:54:49.7726560Z Mismatched elements: 4355 / 10000 (43.5%)
2025-02-21T10:54:49.7726780Z Max absolute difference: 1.94155993e+40
2025-02-21T10:54:49.7726990Z Max relative difference: 137.15340685
2025-02-21T10:54:49.7727240Z  x: array([0.000000e+00, 0.000000e+00, 2.761203e+39, ..., 0.000000e+00,
2025-02-21T10:54:49.7727490Z        0.000000e+00, 0.000000e+00])
2025-02-21T10:54:49.7727730Z  y: array([1.335111e+39, 1.337387e+39, 9.415985e+38, ..., 0.000000e+00,
2025-02-21T10:54:49.7727980Z        0.000000e+00, 0.000000e+00])
2025-02-21T10:54:49.7728410Z FAILED tardis/spectrum/tests/test_spectrum_solver.py::TestSpectrumSolver::test_spectrum_real_packets_reabsorbed - AssertionError: 
2025-02-21T10:54:49.7728860Z Not equal to tolerance rtol=1e-07, atol=0
2025-02-21T10:54:49.7729010Z 
2025-02-21T10:54:49.7729080Z Mismatched elements: 4491 / 10000 (44.9%)
2025-02-21T10:54:49.7729280Z Max absolute difference: 1.0639846e+40
2025-02-21T10:54:49.7729630Z Max relative difference: 122.79315318
2025-02-21T10:54:49.7729850Z  x: array([0., 0., 0., ..., 0., 0., 0.])
2025-02-21T10:54:49.7730090Z  y: array([2.039204e+38, 3.728825e+38, 2.296469e+38, ..., 0.000000e+00,
2025-02-21T10:54:49.7730340Z        0.000000e+00, 0.000000e+00])
2025-02-21T10:54:49.7730700Z FAILED tardis/spectrum/tests/test_spectrum_solver.py::TestSpectrumSolver::test_solve - AssertionError: 
2025-02-21T10:54:49.7731090Z Not equal to tolerance rtol=1e-07, atol=0
2025-02-21T10:54:49.7731230Z 
2025-02-21T10:54:49.7731300Z Mismatched elements: 4355 / 10000 (43.5%)
2025-02-21T10:54:49.7731510Z Max absolute difference: 1.94155993e+40
2025-02-21T10:54:49.7731710Z Max relative difference: 137.15340685
2025-02-21T10:54:49.7731960Z  x: array([0.000000e+00, 0.000000e+00, 2.761203e+39, ..., 0.000000e+00,
2025-02-21T10:54:49.7732200Z        0.000000e+00, 0.000000e+00])
2025-02-21T10:54:49.7732430Z  y: array([1.335111e+39, 1.337387e+39, 9.415985e+38, ..., 0.000000e+00,
2025-02-21T10:54:49.7732690Z        0.000000e+00, 0.000000e+00])
2025-02-21T10:54:49.7733040Z FAILED tardis/tests/test_tardis_full.py::TestTransportSimple::test_j_blue_estimators - AssertionError: 
2025-02-21T10:54:49.7733420Z Not equal to tolerance rtol=1e-07, atol=0
2025-02-21T10:54:49.7733570Z 
2025-02-21T10:54:49.7733650Z Mismatched elements: 488044 / 584480 (83.5%)
2025-02-21T10:54:49.7733860Z Max absolute difference: 1.43452643e-17
2025-02-21T10:54:49.7734060Z Max relative difference: 235.31367318
2025-02-21T10:54:49.7734260Z  x: array([[0., 0., 0., ..., 0., 0., 0.],
2025-02-21T10:54:49.7734440Z        [0., 0., 0., ..., 0., 0., 0.],
2025-02-21T10:54:49.7734620Z        [0., 0., 0., ..., 0., 0., 0.],...
2025-02-21T10:54:49.7734800Z  y: array([[0., 0., 0., ..., 0., 0., 0.],
2025-02-21T10:54:49.7734990Z        [0., 0., 0., ..., 0., 0., 0.],
2025-02-21T10:54:49.7735170Z        [0., 0., 0., ..., 0., 0., 0.],...
2025-02-21T10:54:49.7735510Z FAILED tardis/tests/test_tardis_full.py::TestTransportSimple::test_spectrum - AssertionError: 
2025-02-21T10:54:49.7735870Z Not equal to tolerance rtol=1e-07, atol=0
2025-02-21T10:54:49.7736020Z 
2025-02-21T10:54:49.7736090Z Mismatched elements: 4560 / 10000 (45.6%)
2025-02-21T10:54:49.7736290Z Max absolute difference: 1.96604107e+40
2025-02-21T10:54:49.7736500Z Max relative difference: 97.03021569
2025-02-21T10:54:49.7736750Z  x: array([0.000000e+00, 0.000000e+00, 2.761203e+39, ..., 0.000000e+00,
2025-02-21T10:54:49.7737000Z        0.000000e+00, 0.000000e+00])
2025-02-21T10:54:49.7737240Z  y: array([1.471192e+39, 1.695642e+39, 1.353685e+39, ..., 0.000000e+00,
2025-02-21T10:54:49.7737490Z        0.000000e+00, 0.000000e+00])
2025-02-21T10:54:49.7737850Z FAILED tardis/tests/test_tardis_full.py::TestTransportSimple::test_virtual_spectrum - AssertionError: 
2025-02-21T10:54:49.7738220Z Not equal to tolerance rtol=1e-07, atol=0
2025-02-21T10:54:49.7738360Z 
2025-02-21T10:54:49.7738430Z Mismatched elements: 5659 / 10000 (56.6%)
2025-02-21T10:54:49.7738640Z Max absolute difference: 4.69537822e+39
2025-02-21T10:54:49.7738850Z Max relative difference: 419.77405263
2025-02-21T10:54:49.7739280Z  x: array([1.318953e+39, 2.313815e+39, 3.720004e+39, ..., 0.000000e+00,
2025-02-21T10:54:49.7739520Z        0.000000e+00, 0.000000e+00])
2025-02-21T10:54:49.7739760Z  y: array([1.440332e+39, 1.356114e+39, 1.397557e+39, ..., 0.000000e+00,
2025-02-21T10:54:49.7740000Z        0.000000e+00, 0.000000e+00])
2025-02-21T10:54:49.7740340Z = 6 failed, 1404 passed, 357 skipped, 2 deselected, 19 xfailed, 8 xpassed, 63 warnings in 826.61s (0:13:46) =
2025-02-21T10:54:51.5736810Z ##[error]Process completed with exit code 1.
2025-02-21T10:54:51.6736800Z Post job cleanup.
2025-02-21T10:54:51.6803570Z Post job cleanup.
2025-02-21T10:54:52.0602120Z Will use pre-installed micromamba at /Users/runner/micromamba-bin/micromamba
2025-02-21T10:54:52.0606210Z Removing micromamba run shell ...
2025-02-21T10:54:52.0609050Z ##[group]Deinitialize micromamba for bash
2025-02-21T10:54:52.0622630Z [command]/Users/runner/micromamba-bin/micromamba shell deinit -s bash -r /Users/runner/micromamba --log-level warning --rc-file /Users/runner/work/_temp/setup-micromamba/.condarc
2025-02-21T10:54:52.2207520Z Resetting RC file "/Users/runner/.bash_profile"
2025-02-21T10:54:52.2208370Z Deleting config for root prefix 
2025-02-21T10:54:52.2208940Z Clearing mamba executable environment variable
2025-02-21T10:54:52.2222640Z Removing the following in your "/Users/runner/.bash_profile" file
2025-02-21T10:54:52.2223020Z # >>> mamba initialize >>>
2025-02-21T10:54:52.2223230Z ...
2025-02-21T10:54:52.2223390Z # <<< mamba initialize <<<
2025-02-21T10:54:52.2291940Z Removing environment tardis from auto-activate bash ...
2025-02-21T10:54:52.2439140Z Post job cleanup.
2025-02-21T10:54:52.2547140Z Post job cleanup.
2025-02-21T10:54:52.3936020Z [command]/opt/homebrew/bin/git version
2025-02-21T10:54:52.4205700Z git version 2.48.1
2025-02-21T10:54:52.4233450Z Copying '/Users/runner/.gitconfig' to '/Users/runner/work/_temp/d966da49-0a80-4ff8-a2e0-8a48f86cd5b7/.gitconfig'
2025-02-21T10:54:52.4240400Z Temporarily overriding HOME='/Users/runner/work/_temp/d966da49-0a80-4ff8-a2e0-8a48f86cd5b7' before making global git config changes
2025-02-21T10:54:52.4241080Z Adding repository directory to the temporary git global config as a safe directory
2025-02-21T10:54:52.4244160Z [command]/opt/homebrew/bin/git config --global --add safe.directory /Users/runner/work/tardis/tardis/tardis-regression-data
2025-02-21T10:54:52.4337540Z [command]/opt/homebrew/bin/git config --local --name-only --get-regexp core\.sshCommand
2025-02-21T10:54:52.4396790Z [command]/opt/homebrew/bin/git submodule foreach --recursive sh -c "git config --local --name-only --get-regexp 'core\.sshCommand' && git config --local --unset-all 'core.sshCommand' || :"
2025-02-21T10:54:52.5596620Z [command]/opt/homebrew/bin/git config --local --name-only --get-regexp http\.https\:\/\/github\.com\/\.extraheader
2025-02-21T10:54:52.5646660Z http.https://github.com/.extraheader
2025-02-21T10:54:52.5656790Z [command]/opt/homebrew/bin/git config --local --unset-all http.https://github.com/.extraheader
2025-02-21T10:54:52.5730750Z [command]/opt/homebrew/bin/git submodule foreach --recursive sh -c "git config --local --name-only --get-regexp 'http\.https\:\/\/github\.com\/\.extraheader' && git config --local --unset-all 'http.https://github.com/.extraheader' || :"
2025-02-21T10:54:52.8023090Z Post job cleanup.
2025-02-21T10:54:52.9364490Z [command]/opt/homebrew/bin/git version
2025-02-21T10:54:52.9445150Z git version 2.48.1
2025-02-21T10:54:52.9495180Z Copying '/Users/runner/.gitconfig' to '/Users/runner/work/_temp/30a8deef-1f51-428f-8d6f-55403e20c210/.gitconfig'
2025-02-21T10:54:52.9507180Z Temporarily overriding HOME='/Users/runner/work/_temp/30a8deef-1f51-428f-8d6f-55403e20c210' before making global git config changes
2025-02-21T10:54:52.9507940Z Adding repository directory to the temporary git global config as a safe directory
2025-02-21T10:54:52.9510340Z [command]/opt/homebrew/bin/git config --global --add safe.directory /Users/runner/work/tardis/tardis
2025-02-21T10:54:52.9581370Z [command]/opt/homebrew/bin/git config --local --name-only --get-regexp core\.sshCommand
2025-02-21T10:54:52.9641150Z [command]/opt/homebrew/bin/git submodule foreach --recursive sh -c "git config --local --name-only --get-regexp 'core\.sshCommand' && git config --local --unset-all 'core.sshCommand' || :"
2025-02-21T10:54:53.0687580Z [command]/opt/homebrew/bin/git config --local --name-only --get-regexp http\.https\:\/\/github\.com\/\.extraheader
2025-02-21T10:54:53.0744400Z http.https://github.com/.extraheader
2025-02-21T10:54:53.0754410Z [command]/opt/homebrew/bin/git config --local --unset-all http.https://github.com/.extraheader
2025-02-21T10:54:53.0829070Z [command]/opt/homebrew/bin/git submodule foreach --recursive sh -c "git config --local --name-only --get-regexp 'http\.https\:\/\/github\.com\/\.extraheader' && git config --local --unset-all 'http.https://github.com/.extraheader' || :"
2025-02-21T10:54:53.1872510Z Cleaning up orphan processes
