2025-02-22T20:46:08.7438250Z ##[group]Run pytest tardis --tardis-regression-data=/Users/runner/work/tardis/tardis/tardis-regression-data --cov=tardis --cov-report=xml --cov-report=html --cov-append -m "not continuum"
2025-02-22T20:46:08.7440710Z [36;1mpytest tardis --tardis-regression-data=/Users/runner/work/tardis/tardis/tardis-regression-data --cov=tardis --cov-report=xml --cov-report=html --cov-append -m "not continuum"[0m
2025-02-22T20:46:08.7604790Z shell: /bin/bash -l {0}
2025-02-22T20:46:08.7605100Z env:
2025-02-22T20:46:08.7605390Z   CACHE_NUMBER: 0
2025-02-22T20:46:08.7605960Z   PYTEST_FLAGS: --tardis-regression-data=/Users/runner/work/tardis/tardis/tardis-regression-data --cov=tardis --cov-report=xml --cov-report=html --cov-append
2025-02-22T20:46:08.7606620Z   CODECOV_TOKEN: 
2025-02-22T20:46:08.7607060Z   MAMBA_ROOT_PREFIX: /Users/runner/micromamba
2025-02-22T20:46:08.7607430Z   MAMBA_EXE: /Users/runner/micromamba-bin/micromamba
2025-02-22T20:46:08.7608180Z   CONDARC: /Users/runner/work/_temp/setup-micromamba/.condarc
2025-02-22T20:46:08.7608690Z ##[endgroup]
2025-02-22T20:46:21.4537900Z ============================= test session starts ==============================
2025-02-22T20:46:21.4538700Z platform darwin -- Python 3.12.4, pytest-8.2.2, pluggy-1.5.0
2025-02-22T20:46:21.4539030Z rootdir: /Users/runner/work/tardis/tardis
2025-02-22T20:46:21.4539350Z configfile: pyproject.toml
2025-02-22T20:46:21.4539680Z plugins: cov-5.0.0, html-4.1.1, metadata-3.1.1, doctestplus-1.2.1, anyio-4.4.0
2025-02-22T20:46:21.4540180Z collected 1799 items / 2 deselected / 1797 selected
2025-02-22T20:46:21.4540370Z 
2025-02-22T20:46:25.2020980Z tardis/energy_input/tests/test_energy_source.py ..xxx                    [  0%]
2025-02-22T20:46:27.2677730Z tardis/energy_input/tests/test_gamma_ray_channel.py ...........          [  0%]
2025-02-22T20:46:28.4844990Z tardis/energy_input/tests/test_gamma_ray_grid.py xx.                     [  1%]
2025-02-22T20:46:29.6205910Z tardis/energy_input/tests/test_gamma_ray_interactions.py xx....          [  1%]
2025-02-22T20:46:29.6263870Z tardis/energy_input/tests/test_gamma_ray_packet_source.py sssssssss      [  1%]
2025-02-22T20:46:30.5932170Z tardis/energy_input/tests/test_util.py .....xxxx.....                    [  2%]
2025-02-22T20:46:30.8706540Z tardis/grid/tests/test_grid.py .                                         [  2%]
2025-02-22T20:46:30.8717120Z tardis/gui/tests/test_gui.py s                                           [  2%]
2025-02-22T20:46:33.9158010Z tardis/io/configuration/tests/test_config_reader.py ...........          [  3%]
2025-02-22T20:46:33.9200570Z tardis/io/configuration/tests/test_configuration_namespace.py .........  [  3%]
2025-02-22T20:46:33.9384990Z tardis/io/logger/tests/test_logging.py ssssssssssssssssssssssssssss      [  5%]
2025-02-22T20:47:04.8536110Z tardis/io/model/readers/tests/test_arepo_parser.py ..                    [  5%]
2025-02-22T20:47:04.9177600Z tardis/io/model/readers/tests/test_artis_readers.py ...                  [  5%]
2025-02-22T20:47:04.9364010Z tardis/io/model/readers/tests/test_ascii_readers.py ...                  [  5%]
2025-02-22T20:47:04.9480390Z tardis/io/model/readers/tests/test_cmfgen_reader.py ..                   [  6%]
2025-02-22T20:47:04.9900750Z tardis/io/model/readers/tests/test_csvy_reader.py ....                   [  6%]
2025-02-22T20:47:05.0140980Z tardis/io/model/readers/tests/test_stella_reader.py ..                   [  6%]
2025-02-22T20:47:05.3190190Z tardis/io/tests/test_HDFWriter.py ...............                        [  7%]
2025-02-22T20:47:06.0280220Z tardis/io/tests/test_atomic.py .....                                     [  7%]
2025-02-22T20:47:06.0438660Z tardis/io/tests/test_decay.py ..                                         [  7%]
2025-02-22T20:47:06.2490110Z tardis/io/tests/test_model_reader.py F.....                              [  7%]
2025-02-22T20:47:06.2721210Z tardis/model/geometry/tests/test_radial1d.py ..                          [  8%]
2025-02-22T20:47:40.4930070Z tardis/model/tests/test_base.py ........................................ [ 10%]
2025-02-22T20:47:41.4996530Z ............                                                             [ 10%]
2025-02-22T20:47:44.1696780Z tardis/model/tests/test_csvy_model.py .........                          [ 11%]
2025-02-22T20:47:44.2040630Z tardis/model/tests/test_density.py ..                                    [ 11%]
2025-02-22T20:47:46.0450940Z tardis/opacities/tests/test_opacity_solver.py .....                      [ 11%]
2025-02-22T20:47:47.3295830Z tardis/opacities/tests/test_opacity_state_numba.py .....                 [ 12%]
2025-02-22T20:47:49.2729110Z tardis/opacities/tests/test_tau_sobolev.py ..                            [ 12%]
2025-02-22T20:47:52.4926890Z tardis/plasma/equilibrium/tests/test_collisional_transitions.py ...      [ 12%]
2025-02-22T20:48:41.1031560Z tardis/plasma/equilibrium/tests/test_level_populations.py ....           [ 12%]
2025-02-22T20:48:52.5989560Z tardis/plasma/equilibrium/tests/test_rate_matrix.py .                    [ 12%]
2025-02-22T20:48:53.8495890Z tardis/plasma/tests/test_complete_plasmas.py ..............s......s..... [ 14%]
2025-02-22T20:48:56.2211160Z s....ssssss............s......s.....ss.....s....ssssss............s..... [ 18%]
2025-02-22T20:48:57.5673000Z .s.....ss.....s....ssssss............s......s.....ss.....s....ssssss.... [ 22%]
2025-02-22T20:48:59.9090530Z ........s......s.....ss.....s....ssssss............s......s.....ss.....s [ 26%]
2025-02-22T20:49:02.3062470Z ....ssssss............s......s.....ss.....s....ssssss............s...... [ 30%]
2025-02-22T20:49:02.9297520Z s.....ss.....s....ssssss............s......s.....ss.....s.ss.ssssss..... [ 34%]
2025-02-22T20:49:05.3037670Z .......s......s.....ss.....s....ssssss............s......s.....ss.....s. [ 38%]
2025-02-22T20:49:07.5323700Z ...ssssss............s......s.....ss.....s....ssssss............s......s [ 42%]
2025-02-22T20:49:09.8811510Z .....ss.....s....ssssss............s......s.....s...........ssssss...... [ 46%]
2025-02-22T20:49:11.6371700Z ......s......s.....s...........ssssss............s......s.....s......... [ 50%]
2025-02-22T20:49:13.9834870Z ..ssssss............s......s.....ss.....s....ssssss............s......s. [ 54%]
2025-02-22T20:49:16.7792600Z ....ss.....s....ssssss...................s......s.....s....ssss......... [ 58%]
2025-02-22T20:49:17.0314330Z ............s......s.....s....ssss.......                                [ 60%]
2025-02-22T20:49:17.3395780Z tardis/plasma/tests/test_hdf_plasma.py ................................. [ 62%]
2025-02-22T20:49:17.3622130Z ......                                                                   [ 62%]
2025-02-22T20:49:17.6606910Z tardis/plasma/tests/test_nlte_excitation.py ...                          [ 62%]
2025-02-22T20:50:56.0600860Z tardis/plasma/tests/test_nlte_solver.py .....X                           [ 63%]
2025-02-22T20:50:56.0633480Z tardis/plasma/tests/test_plasma_continuum.py .                           [ 63%]
2025-02-22T20:51:11.3746780Z tardis/plasma/tests/test_plasma_vboundary.py .............               [ 63%]
2025-02-22T20:51:20.2567010Z tardis/plasma/tests/test_tardis_model_density_config.py ...              [ 64%]
2025-02-22T20:51:20.7374910Z tardis/simulation/tests/test_convergence.py .....                        [ 64%]
2025-02-22T20:51:27.2633200Z tardis/simulation/tests/test_simulation.py .............                 [ 65%]
2025-02-22T20:51:27.2740870Z tardis/spectrum/tests/test_cuda_formal_integral.py sssssssssssssssssssss [ 66%]
2025-02-22T20:51:27.5178230Z ssss...ssssssssssssssssssssss                                            [ 67%]
2025-02-22T20:51:27.5218320Z tardis/spectrum/tests/test_luminosity.py ....                            [ 68%]
2025-02-22T20:51:28.2630890Z tardis/spectrum/tests/test_numba_formal_integral.py .................... [ 69%]
2025-02-22T20:51:28.2733030Z ..........                                                               [ 69%]
2025-02-22T20:51:28.3776610Z tardis/spectrum/tests/test_spectrum.py ................................. [ 71%]
2025-02-22T20:51:28.4012150Z .........                                                                [ 72%]
2025-02-22T20:51:43.6980900Z tardis/spectrum/tests/test_spectrum_solver.py ....                       [ 72%]
2025-02-22T20:52:35.5471230Z tardis/tests/test_tardis_full.py ....                                    [ 72%]
2025-02-22T20:54:06.1213760Z tardis/tests/test_tardis_full_formal_integral.py ................        [ 73%]
2025-02-22T20:54:06.1681440Z tardis/tests/test_util.py .............................................  [ 75%]
2025-02-22T20:54:08.2386730Z tardis/transport/montecarlo/tests/test_base.py x.....................    [ 77%]
2025-02-22T20:54:12.5097620Z tardis/transport/montecarlo/tests/test_interaction.py .......            [ 77%]
2025-02-22T20:54:12.6433910Z tardis/transport/montecarlo/tests/test_macro_atom.py ....                [ 77%]
2025-02-22T20:54:12.6535750Z tardis/transport/montecarlo/tests/test_montecarlo.py sssssssssssssssssss [ 78%]
2025-02-22T20:54:12.6766930Z sssssssssssssssssssssssssssssssssssssssssssss                            [ 81%]
2025-02-22T20:54:19.3607040Z tardis/transport/montecarlo/tests/test_montecarlo_main_loop.py x..       [ 81%]
2025-02-22T20:54:19.3704570Z tardis/transport/montecarlo/tests/test_nonhomologous.py ...              [ 81%]
2025-02-22T20:54:21.6491350Z tardis/transport/montecarlo/tests/test_numba_interface.py .....x.        [ 82%]
2025-02-22T20:54:21.9633080Z tardis/transport/montecarlo/tests/test_opacities.py ...............      [ 82%]
2025-02-22T20:54:22.6094070Z tardis/transport/montecarlo/tests/test_packet.py .................xXXXXX [ 84%]
2025-02-22T20:54:22.6938780Z XX.........                                                              [ 84%]
2025-02-22T20:54:22.7186820Z tardis/transport/montecarlo/tests/test_packet_source.py ........         [ 85%]
2025-02-22T20:54:22.9037380Z tardis/transport/montecarlo/tests/test_rpacket_last_interaction_tracker.py . [ 85%]
2025-02-22T20:54:23.1415940Z .....                                                                    [ 85%]
2025-02-22T20:54:31.4364950Z tardis/transport/montecarlo/tests/test_rpacket_tracker.py ......         [ 85%]
2025-02-22T20:54:31.4563490Z tardis/transport/montecarlo/tests/test_single_packet_loop.py xxx         [ 86%]
2025-02-22T20:54:31.4596850Z tardis/transport/montecarlo/tests/test_tracker_utils.py ..               [ 86%]
2025-02-22T20:54:32.5538720Z tardis/transport/montecarlo/tests/test_vpacket.py ..x.                   [ 86%]
2025-02-22T20:54:32.5674530Z tardis/transport/montecarlo/tests/test_weighted_packet_source.py ....    [ 86%]
2025-02-22T20:54:35.0379440Z tardis/transport/montecarlo/tests/test_weighted_packet_source_integration.py . [ 86%]
2025-02-22T20:54:35.0380040Z                                                                          [ 86%]
2025-02-22T20:54:35.5102180Z tardis/transport/tests/test_doppler_factor.py ..................         [ 87%]
2025-02-22T20:54:37.2511110Z tardis/visualization/tools/tests/test_convergence_plot.py .............. [ 88%]
2025-02-22T20:54:38.6821590Z ......                                                                   [ 88%]
2025-02-22T20:54:41.7436770Z tardis/visualization/tools/tests/test_liv_plot.py ...................... [ 90%]
2025-02-22T20:54:44.8411120Z .............................                                            [ 91%]
2025-02-22T20:54:47.5515640Z tardis/visualization/tools/tests/test_rpacket_plot.py .................. [ 92%]
2025-02-22T20:54:54.3792310Z ....                                                                     [ 92%]
2025-02-22T20:54:58.5942290Z tardis/visualization/tools/tests/test_sdec_plot.py ..................... [ 94%]
2025-02-22T20:55:04.6858070Z ..............................                                           [ 95%]
2025-02-22T20:55:04.9998110Z tardis/visualization/widgets/tests/test_custom_abundance.py ........ss.. [ 96%]
2025-02-22T20:55:05.0368200Z ....                                                                     [ 96%]
2025-02-22T20:55:05.8032970Z tardis/visualization/widgets/tests/test_line_info.py ................... [ 97%]
2025-02-22T20:55:06.2897750Z ..................                                                       [ 98%]
2025-02-22T20:58:06.4830200Z tardis/visualization/widgets/tests/test_shell_info.py .................. [ 99%]
2025-02-22T20:58:06.9295700Z <unknown>:143: SyntaxWarning:
2025-02-22T20:58:06.9295990Z 
2025-02-22T20:58:06.9296140Z invalid escape sequence '\s'
2025-02-22T20:58:06.9296410Z 
2025-02-22T20:58:06.9313160Z /Users/runner/work/tardis/tardis/tardis/io/model/readers/artis.py:143: SyntaxWarning:
2025-02-22T20:58:06.9313740Z 
2025-02-22T20:58:06.9313820Z invalid escape sequence '\s'
2025-02-22T20:58:06.9314000Z 
2025-02-22T20:58:06.9578620Z /Users/runner/work/tardis/tardis/tardis/io/model/readers/tests/test_artis_readers.py:54: SyntaxWarning:
2025-02-22T20:58:06.9580630Z 
2025-02-22T20:58:06.9581030Z assertion is always true, perhaps remove parentheses?
2025-02-22T20:58:06.9581210Z 
2025-02-22T20:58:09.2109760Z <unknown>:143: SyntaxWarning:
2025-02-22T20:58:09.2110000Z 
2025-02-22T20:58:09.2110220Z invalid escape sequence '\s'
2025-02-22T20:58:09.2110430Z 
2025-02-22T20:58:11.2153710Z <unknown>:143: SyntaxWarning:
2025-02-22T20:58:11.2154090Z 
2025-02-22T20:58:11.2154250Z invalid escape sequence '\s'
2025-02-22T20:58:11.2154370Z 
2025-02-22T20:58:11.7767370Z <unknown>:143: SyntaxWarning:
2025-02-22T20:58:11.7767660Z 
2025-02-22T20:58:11.7767780Z invalid escape sequence '\s'
2025-02-22T20:58:11.7767900Z 
2025-02-22T20:58:11.7783200Z /Users/runner/work/tardis/tardis/tardis/io/model/readers/artis.py:143: SyntaxWarning:
2025-02-22T20:58:11.7783660Z 
2025-02-22T20:58:11.7783820Z invalid escape sequence '\s'
2025-02-22T20:58:11.7784000Z 
2025-02-22T20:58:11.8091850Z /Users/runner/work/tardis/tardis/tardis/io/model/readers/tests/test_artis_readers.py:54: SyntaxWarning:
2025-02-22T20:58:11.8092330Z 
2025-02-22T20:58:11.8092520Z assertion is always true, perhaps remove parentheses?
2025-02-22T20:58:11.8092780Z 
2025-02-22T20:58:13.4153210Z ......                                                                   [100%]
2025-02-22T20:58:13.4153910Z 
2025-02-22T20:58:13.4154180Z =================================== FAILURES ===================================
2025-02-22T20:58:13.4154710Z ________________________ test_simple_read_artis_density ________________________
2025-02-22T20:58:13.4155090Z 
2025-02-22T20:58:13.4155430Z artis_density_fname = PosixPath('tardis/io/model/readers/tests/data/artis_model.dat')
2025-02-22T20:58:13.4155810Z 
2025-02-22T20:58:13.4156020Z     def test_simple_read_artis_density(artis_density_fname: str):
2025-02-22T20:58:13.4156550Z >       time_of_model, velocity, mean_density, isotope_mass_fractions = read_artis_density(
2025-02-22T20:58:13.4156980Z             artis_density_fname
2025-02-22T20:58:13.4157310Z         )
2025-02-22T20:58:13.4157860Z E       ValueError: not enough values to unpack (expected 4, got 3)
2025-02-22T20:58:13.4158160Z 
2025-02-22T20:58:13.4158450Z tardis/io/tests/test_model_reader.py:48: ValueError
2025-02-22T20:58:13.4159050Z =============================== warnings summary ===============================
2025-02-22T20:58:13.4159470Z tardis/io/configuration/config_validator.py:6
2025-02-22T20:58:13.4159890Z tardis/io/configuration/config_validator.py:6
2025-02-22T20:58:13.4160470Z   /Users/runner/work/tardis/tardis/tardis/io/configuration/config_validator.py:6: DeprecationWarning:
2025-02-22T20:58:13.4161040Z   
2025-02-22T20:58:13.4162200Z   jsonschema.RefResolver is deprecated as of v4.18.0, in favor of the https://github.com/python-jsonschema/referencing library, which provides more compliant referencing behavior as well as more flexible APIs for customization. A future release will remove RefResolver. Please file a feature request (on referencing) if you are missing an API for the kind of customization you need.
2025-02-22T20:58:13.4163370Z 
2025-02-22T20:58:13.4163810Z ../../../micromamba/envs/tardis/lib/python3.12/site-packages/jupyter_client/connect.py:22
2025-02-22T20:58:13.4164580Z   /Users/runner/micromamba/envs/tardis/lib/python3.12/site-packages/jupyter_client/connect.py:22: DeprecationWarning:
2025-02-22T20:58:13.4172950Z   
2025-02-22T20:58:13.4173230Z   Jupyter is migrating its paths to use standard platformdirs
2025-02-22T20:58:13.4173580Z   given by the platformdirs library.  To remove this warning and
2025-02-22T20:58:13.4173990Z   see the appropriate new directories, set the environment variable
2025-02-22T20:58:13.4174440Z   `JUPYTER_PLATFORM_DIRS=1` and then run `jupyter --paths`.
2025-02-22T20:58:13.4174870Z   The use of platformdirs will be the default in `jupyter_core` v6
2025-02-22T20:58:13.4175130Z 
2025-02-22T20:58:13.4175210Z tardis/io/model/readers/artis.py:143
2025-02-22T20:58:13.4175690Z   /Users/runner/work/tardis/tardis/tardis/io/model/readers/artis.py:143: SyntaxWarning:
2025-02-22T20:58:13.4176660Z   
2025-02-22T20:58:13.4176890Z   invalid escape sequence '\s'
2025-02-22T20:58:13.4177050Z 
2025-02-22T20:58:13.4186440Z tardis/io/tests/test_HDFWriter.py::test_multi_index_write
2025-02-22T20:58:13.4186970Z tardis/visualization/widgets/tests/test_shell_info.py::TestHDFShellInfo::test_shells_data
2025-02-22T20:58:13.4187540Z   /Users/runner/work/tardis/tardis/tardis/io/util.py:276: PerformanceWarning:
2025-02-22T20:58:13.4187860Z   
2025-02-22T20:58:13.4188040Z   
2025-02-22T20:58:13.4188340Z   your performance may suffer as PyTables will pickle object types that it cannot
2025-02-22T20:58:13.4188920Z   map directly to c-types [inferred_type->mixed,key->block0_values] [items->Index([0], dtype='int64')]
2025-02-22T20:58:13.4189210Z 
2025-02-22T20:58:13.4189450Z tardis/io/tests/test_model_reader.py::test_read_cmfgen_isotope_abundances
2025-02-22T20:58:13.4190030Z tardis/plasma/tests/test_tardis_model_density_config.py::test_electron_densities
2025-02-22T20:58:13.4190570Z tardis/plasma/tests/test_tardis_model_density_config.py::test_isotope_number_densities
2025-02-22T20:58:13.4191160Z tardis/plasma/tests/test_tardis_model_density_config.py::test_t_rad
2025-02-22T20:58:13.4191750Z   /Users/runner/work/tardis/tardis/tardis/io/model/readers/cmfgen_deprecated.py:82: DeprecationWarning:
2025-02-22T20:58:13.4192310Z   
2025-02-22T20:58:13.4192600Z   The current CMFGEN model parser is deprecated
2025-02-22T20:58:13.4192850Z 
2025-02-22T20:58:13.4193320Z tardis/io/tests/test_model_reader.py: 1 warning
2025-02-22T20:58:13.4193720Z tardis/plasma/tests/test_tardis_model_density_config.py: 9 warnings
2025-02-22T20:58:13.4194350Z   /Users/runner/work/tardis/tardis/tardis/io/model/readers/cmfgen_deprecated.py:40: DeprecationWarning:
2025-02-22T20:58:13.4194860Z   
2025-02-22T20:58:13.4195090Z   The current CMFGEN model parser is deprecated
2025-02-22T20:58:13.4195320Z 
2025-02-22T20:58:13.4195620Z tardis/model/tests/test_base.py::TestModelFromPaper1Config::test_abundances
2025-02-22T20:58:13.4196260Z   /Users/runner/work/tardis/tardis/tardis/transport/montecarlo/montecarlo_main_loop.py:123: NumbaTypeSafetyWarning:
2025-02-22T20:58:13.4196820Z   
2025-02-22T20:58:13.4201410Z   [1m[1m[1munsafe cast from uint64 to int64. Precision may be lost.[0m[0m[0m
2025-02-22T20:58:13.4201770Z 
2025-02-22T20:58:13.4201920Z tardis/model/tests/test_base.py: 6 warnings
2025-02-22T20:58:13.4202270Z tardis/model/tests/test_csvy_model.py: 2 warnings
2025-02-22T20:58:13.4202750Z tardis/plasma/tests/test_tardis_model_density_config.py: 3 warnings
2025-02-22T20:58:13.4203320Z   /Users/runner/work/tardis/tardis/tardis/model/geometry/radial1d.py:50: DeprecationWarning:
2025-02-22T20:58:13.4203830Z   
2025-02-22T20:58:13.4204050Z   v_inner_boundary < 0, assuming default value
2025-02-22T20:58:13.4204280Z 
2025-02-22T20:58:13.4204410Z tardis/model/tests/test_base.py: 6 warnings
2025-02-22T20:58:13.4204790Z tardis/model/tests/test_csvy_model.py: 2 warnings
2025-02-22T20:58:13.4205180Z tardis/plasma/tests/test_tardis_model_density_config.py: 3 warnings
2025-02-22T20:58:13.4205820Z   /Users/runner/work/tardis/tardis/tardis/model/geometry/radial1d.py:61: DeprecationWarning:
2025-02-22T20:58:13.4206260Z   
2025-02-22T20:58:13.4206610Z   v_outer_boundary < 0, assuming default value
2025-02-22T20:58:13.4207280Z 
2025-02-22T20:58:13.4207750Z tardis/plasma/equilibrium/tests/test_level_populations.py::TestLevelPopulationSolver::test_solve[collisional_rate_solver0-radiative_transitions0]
2025-02-22T20:58:13.4208570Z   /Users/runner/work/tardis/tardis/tardis/plasma/equilibrium/level_populations.py:65: FutureWarning:
2025-02-22T20:58:13.4209020Z   
2025-02-22T20:58:13.4209460Z   A value is trying to be set on a copy of a DataFrame or Series through chained assignment using an inplace method.
2025-02-22T20:58:13.4210260Z   The behavior will change in pandas 3.0. This inplace method will never work because the intermediate object on which we are setting values always behaves as a copy.
2025-02-22T20:58:13.4210920Z   
2025-02-22T20:58:13.4211660Z   For example, when doing 'df[col].method(value, inplace=True)', try using 'df.method({col: value}, inplace=True)' or df[col] = df[col].method(value) instead, to perform the operation inplace on the original object.
2025-02-22T20:58:13.4212570Z 
2025-02-22T20:58:13.4212870Z tardis/plasma/tests/test_plasma_vboundary.py::test_plasma_vboundary[2900-3750]
2025-02-22T20:58:13.4213390Z tardis/plasma/tests/test_plasma_vboundary.py::test_plasma_vboundary[2900-3850]
2025-02-22T20:58:13.4213880Z tardis/plasma/tests/test_plasma_vboundary.py::test_plasma_vboundary[2900-3900]
2025-02-22T20:58:13.4214470Z   /Users/runner/work/tardis/tardis/tardis/model/geometry/radial1d.py:71: UserWarning:
2025-02-22T20:58:13.4214870Z   
2025-02-22T20:58:13.4215200Z   Requesting inner boundary below inner shell. Extrapolating the inner cell
2025-02-22T20:58:13.4215490Z 
2025-02-22T20:58:13.4215690Z tardis/spectrum/tests/test_spectrum_solver.py::TestSpectrumSolver::test_solve
2025-02-22T20:58:13.4216220Z   /Users/runner/work/tardis/tardis/tardis/spectrum/base.py:70: UserWarning:
2025-02-22T20:58:13.4216610Z   
2025-02-22T20:58:13.4217070Z   SpectrumSolver.spectrum_virtual_packets is zero. Please run the montecarlo simulation with no_of_virtual_packets > 0
2025-02-22T20:58:13.4217510Z 
2025-02-22T20:58:13.4217690Z tardis/spectrum/tests/test_spectrum_solver.py::TestSpectrumSolver::test_solve
2025-02-22T20:58:13.4218510Z   /Users/runner/work/tardis/tardis/tardis/spectrum/base.py:111: UserWarning:
2025-02-22T20:58:13.4218970Z   
2025-02-22T20:58:13.4219400Z   SpectrumSolver.integrator: The FormalIntegrator is not yet available.Please run the montecarlo simulation at least once.
2025-02-22T20:58:13.4219840Z 
2025-02-22T20:58:13.4220180Z tardis/transport/montecarlo/tests/test_vpacket.py::test_trace_vpacket_volley
2025-02-22T20:58:13.4220600Z   <string>:3: NumbaPendingDeprecationWarning:
2025-02-22T20:58:13.4220950Z   
2025-02-22T20:58:13.4223270Z   [1m[1mCode using Numba extension API maybe depending on 'old_style' error-capturing, which is deprecated and will be replaced by 'new_style' in a future release. See details at https://numba.readthedocs.io/en/latest/reference/deprecation.html#deprecation-of-old-style-numba-captured-errors
2025-02-22T20:58:13.4224250Z   Exception origin:
2025-02-22T20:58:13.4224720Z     File "/Users/runner/micromamba/envs/tardis/lib/python3.12/inspect.py", line 3180, in _bind
2025-02-22T20:58:13.4225190Z       raise TypeError(msg) from None
2025-02-22T20:58:13.4225540Z   [0m[0m
2025-02-22T20:58:13.4225690Z 
2025-02-22T20:58:13.4226030Z tardis/visualization/tools/tests/test_sdec_plot.py::TestSDECPlotter::test_mpl_image[plotter_generate_plot_mpl4]
2025-02-22T20:58:13.4226800Z   /Users/runner/work/tardis/tardis/tardis/visualization/tools/sdec_plot.py:1225: RuntimeWarning:
2025-02-22T20:58:13.4227240Z   
2025-02-22T20:58:13.4228160Z   More than 20 figures have been opened. Figures created through the pyplot interface (`matplotlib.pyplot.figure`) are retained until explicitly closed and may consume too much memory. (To control this warning, see the rcParam `figure.max_open_warning`). Consider using `matplotlib.pyplot.close()`.
2025-02-22T20:58:13.4228990Z 
2025-02-22T20:58:13.4229350Z tardis/visualization/widgets/tests/test_custom_abundance.py::TestCustomAbundanceWidget::test_update_input_item_value
2025-02-22T20:58:13.4230340Z tardis/visualization/widgets/tests/test_custom_abundance.py::TestCustomAbundanceWidget::test_update_input_item_value
2025-02-22T20:58:13.4231240Z tardis/visualization/widgets/tests/test_custom_abundance.py::TestCustomAbundanceWidget::test_update_input_item_value
2025-02-22T20:58:13.4231960Z tardis/visualization/widgets/tests/test_custom_abundance.py::TestCustomAbundanceWidget::test_update_input_item_value
2025-02-22T20:58:13.4232830Z tardis/visualization/widgets/tests/test_custom_abundance.py::TestCustomAbundanceWidget::test_update_input_item_value
2025-02-22T20:58:13.4233800Z tardis/visualization/widgets/tests/test_custom_abundance.py::TestCustomAbundanceWidget::test_update_input_item_value
2025-02-22T20:58:13.4234700Z   /Users/runner/micromamba/envs/tardis/lib/python3.12/site-packages/traitlets/traitlets.py:1385: DeprecationWarning:
2025-02-22T20:58:13.4235340Z   
2025-02-22T20:58:13.4235810Z   Passing unrecognized arguments to super(Checkbox).__init__(icon='lock').
2025-02-22T20:58:13.4264100Z   object.__init__() takes exactly one argument (the instance to initialize)
2025-02-22T20:58:13.4264690Z   This is deprecated in traitlets 4.2.This error will be raised in a future release of traitlets.
2025-02-22T20:58:13.4264950Z 
2025-02-22T20:58:13.4265360Z tardis/visualization/widgets/tests/test_custom_abundance.py::TestCustomAbundanceWidget::test_update_input_item_value
2025-02-22T20:58:13.4266140Z tardis/visualization/widgets/tests/test_custom_abundance.py::TestCustomAbundanceWidget::test_update_input_item_value
2025-02-22T20:58:13.4266970Z   /Users/runner/micromamba/envs/tardis/lib/python3.12/site-packages/traitlets/traitlets.py:1385: DeprecationWarning:
2025-02-22T20:58:13.4267490Z   
2025-02-22T20:58:13.4267790Z   Passing unrecognized arguments to super(FloatText).__init__(min=0).
2025-02-22T20:58:13.4268300Z   object.__init__() takes exactly one argument (the instance to initialize)
2025-02-22T20:58:13.4268780Z   This is deprecated in traitlets 4.2.This error will be raised in a future release of traitlets.
2025-02-22T20:58:13.4269130Z 
2025-02-22T20:58:13.4269440Z tardis/visualization/widgets/tests/test_custom_abundance.py::TestCustomAbundanceWidget::test_update_input_item_value
2025-02-22T20:58:13.4270170Z   /Users/runner/micromamba/envs/tardis/lib/python3.12/site-packages/traitlets/traitlets.py:1385: DeprecationWarning:
2025-02-22T20:58:13.4271950Z   
2025-02-22T20:58:13.4272200Z   Passing unrecognized arguments to super(HTML).__init__(indent=True).
2025-02-22T20:58:13.4272660Z   object.__init__() takes exactly one argument (the instance to initialize)
2025-02-22T20:58:13.4273220Z   This is deprecated in traitlets 4.2.This error will be raised in a future release of traitlets.
2025-02-22T20:58:13.4273490Z 
2025-02-22T20:58:13.4273920Z tardis/visualization/widgets/tests/test_line_info.py::TestLineInfoWidgetData::test_get_species_interactions[wavelength_range0-packet_out_nu]
2025-02-22T20:58:13.4274730Z   /Users/runner/micromamba/envs/tardis/lib/python3.12/site-packages/qgridnext/grid.py:825: DeprecationWarning:
2025-02-22T20:58:13.4275170Z   
2025-02-22T20:58:13.4275600Z   QgridWidget._grid_options_changed is deprecated in traitlets 4.1: use @observe and @unobserve instead.
2025-02-22T20:58:13.4275940Z 
2025-02-22T20:58:13.4276160Z tardis/visualization/widgets/tests/test_shell_info.py::TestHDFShellInfo::test_shells_data
2025-02-22T20:58:13.4276740Z   /Users/runner/work/tardis/tardis/tardis/io/util.py:289: PerformanceWarning:
2025-02-22T20:58:13.4277020Z   
2025-02-22T20:58:13.4277140Z   
2025-02-22T20:58:13.4277360Z   your performance may suffer as PyTables will pickle object types that it cannot
2025-02-22T20:58:13.4277800Z   map directly to c-types [inferred_type->mixed,key->block0_values] [items->Index([0], dtype='int64')]
2025-02-22T20:58:13.4278080Z 
2025-02-22T20:58:13.4278280Z tardis/visualization/widgets/tests/test_shell_info.py::TestHDFShellInfo::test_shells_data
2025-02-22T20:58:13.4278770Z   /Users/runner/work/tardis/tardis/tardis/io/util.py:292: PerformanceWarning:
2025-02-22T20:58:13.4279560Z   
2025-02-22T20:58:13.4279680Z   
2025-02-22T20:58:13.4279900Z   your performance may suffer as PyTables will pickle object types that it cannot
2025-02-22T20:58:13.4280260Z   map directly to c-types [inferred_type->mixed,key->values] [items->None]
2025-02-22T20:58:13.4280470Z 
2025-02-22T20:58:13.4280680Z tardis/visualization/widgets/tests/test_shell_info.py::TestHDFShellInfo::test_shells_data
2025-02-22T20:58:13.4281140Z   /Users/runner/work/tardis/tardis/tardis/spectrum/formal_integral.py:398: UserWarning:
2025-02-22T20:58:13.4281440Z   
2025-02-22T20:58:13.4281710Z   The number of interpolate_shells was not specified. The value was set to 80.
2025-02-22T20:58:13.4281930Z 
2025-02-22T20:58:13.4282090Z -- Docs: https://docs.pytest.org/en/stable/how-to/capture-warnings.html
2025-02-22T20:58:13.4282490Z 
2025-02-22T20:58:13.4282620Z ---------- coverage: platform darwin, python 3.12.4-final-0 ----------
2025-02-22T20:58:13.4282910Z Coverage HTML written to dir coverage_html_report
2025-02-22T20:58:13.4283210Z Coverage XML written to file coverage.xml
2025-02-22T20:58:13.4283350Z 
2025-02-22T20:58:13.4283450Z =========================== short test summary info ============================
2025-02-22T20:58:13.4284030Z FAILED tardis/io/tests/test_model_reader.py::test_simple_read_artis_density - ValueError: not enough values to unpack (expected 4, got 3)
2025-02-22T20:58:13.4284610Z = 1 failed, 1412 passed, 357 skipped, 2 deselected, 19 xfailed, 8 xpassed, 64 warnings in 713.40s (0:11:53) =
2025-02-22T20:58:15.1010660Z ##[error]Process completed with exit code 1.
