2025-02-15T21:40:07.9609800Z ##[group]Run pytest tardis --tardis-regression-data=/Users/runner/work/tardis/tardis/tardis-regression-data --cov=tardis --cov-report=xml --cov-report=html --cov-append -m "not continuum"
2025-02-15T21:40:07.9610840Z [36;1mpytest tardis --tardis-regression-data=/Users/runner/work/tardis/tardis/tardis-regression-data --cov=tardis --cov-report=xml --cov-report=html --cov-append -m "not continuum"[0m
2025-02-15T21:40:07.9664440Z shell: /bin/bash -l {0}
2025-02-15T21:40:07.9664640Z env:
2025-02-15T21:40:07.9664770Z   CACHE_NUMBER: 0
2025-02-15T21:40:07.9665270Z   PYTEST_FLAGS: --tardis-regression-data=/Users/runner/work/tardis/tardis/tardis-regression-data --cov=tardis --cov-report=xml --cov-report=html --cov-append
2025-02-15T21:40:07.9665890Z   CODECOV_TOKEN: 
2025-02-15T21:40:07.9666050Z   MAMBA_ROOT_PREFIX: /Users/runner/micromamba
2025-02-15T21:40:07.9666310Z   MAMBA_EXE: /Users/runner/micromamba-bin/micromamba
2025-02-15T21:40:07.9666610Z   CONDARC: /Users/runner/work/_temp/setup-micromamba/.condarc
2025-02-15T21:40:07.9666890Z ##[endgroup]
2025-02-15T21:40:18.9976540Z ============================= test session starts ==============================
2025-02-15T21:40:19.0001920Z platform darwin -- Python 3.12.4, pytest-8.2.2, pluggy-1.5.0
2025-02-15T21:40:19.0010890Z rootdir: /Users/runner/work/tardis/tardis
2025-02-15T21:40:19.0035750Z configfile: pyproject.toml
2025-02-15T21:40:19.0038120Z plugins: cov-5.0.0, html-4.1.1, metadata-3.1.1, doctestplus-1.2.1, anyio-4.4.0
2025-02-15T21:40:19.0051200Z collected 1796 items / 2 deselected / 1794 selected
2025-02-15T21:40:19.0051550Z 
2025-02-15T21:40:22.3091970Z tardis/energy_input/tests/test_energy_source.py ..xxx                    [  0%]
2025-02-15T21:40:23.8752440Z tardis/energy_input/tests/test_gamma_ray_channel.py ...........          [  0%]
2025-02-15T21:40:24.8815170Z tardis/energy_input/tests/test_gamma_ray_grid.py xx.                     [  1%]
2025-02-15T21:40:25.9224850Z tardis/energy_input/tests/test_gamma_ray_interactions.py xx....          [  1%]
2025-02-15T21:40:25.9275410Z tardis/energy_input/tests/test_gamma_ray_packet_source.py sssssssss      [  1%]
2025-02-15T21:40:26.7881770Z tardis/energy_input/tests/test_util.py .....xxxx.....                    [  2%]
2025-02-15T21:40:27.0039520Z tardis/grid/tests/test_grid.py .                                         [  2%]
2025-02-15T21:40:27.0047990Z tardis/gui/tests/test_gui.py s                                           [  2%]
2025-02-15T21:40:29.6637260Z tardis/io/configuration/tests/test_config_reader.py ...........          [  3%]
2025-02-15T21:40:29.6707280Z tardis/io/configuration/tests/test_configuration_namespace.py .........  [  3%]
2025-02-15T21:40:29.6857160Z tardis/io/logger/tests/test_logging.py ssssssssssssssssssssssssssss      [  5%]
2025-02-15T21:40:56.2452890Z tardis/io/model/readers/tests/test_arepo_parser.py ..                    [  5%]
2025-02-15T21:40:56.2657120Z tardis/io/model/readers/tests/test_ascii_readers.py ...                  [  5%]
2025-02-15T21:40:56.2743430Z tardis/io/model/readers/tests/test_cmfgen_reader.py ..                   [  5%]
2025-02-15T21:40:56.2934230Z tardis/io/model/readers/tests/test_csvy_reader.py ....                   [  6%]
2025-02-15T21:40:56.3119940Z tardis/io/model/readers/tests/test_stella_reader.py ..                   [  6%]
2025-02-15T21:40:56.5852450Z tardis/io/tests/test_HDFWriter.py ...............                        [  7%]
2025-02-15T21:40:57.1231550Z tardis/io/tests/test_atomic.py .....                                     [  7%]
2025-02-15T21:40:57.1385220Z tardis/io/tests/test_decay.py ..                                         [  7%]
2025-02-15T21:40:57.2927940Z tardis/io/tests/test_model_reader.py F.....                              [  7%]
2025-02-15T21:40:57.2967200Z tardis/model/geometry/tests/test_radial1d.py ..                          [  7%]
2025-02-15T21:41:22.0103340Z tardis/model/tests/test_base.py ........................................ [ 10%]
2025-02-15T21:41:22.7371640Z ............                                                             [ 10%]
2025-02-15T21:41:25.0038230Z tardis/model/tests/test_csvy_model.py .........                          [ 11%]
2025-02-15T21:41:25.0346200Z tardis/model/tests/test_density.py ..                                    [ 11%]
2025-02-15T21:41:26.1259300Z tardis/opacities/tests/test_opacity_solver.py .....                      [ 11%]
2025-02-15T21:41:27.1086400Z tardis/opacities/tests/test_opacity_state_numba.py .....                 [ 11%]
2025-02-15T21:41:28.6867070Z tardis/opacities/tests/test_tau_sobolev.py ..                            [ 12%]
2025-02-15T21:41:30.9025260Z tardis/plasma/equilibrium/tests/test_collisional_transitions.py ...      [ 12%]
2025-02-15T21:42:05.4951470Z tardis/plasma/equilibrium/tests/test_level_populations.py ....           [ 12%]
2025-02-15T21:42:14.1477560Z tardis/plasma/equilibrium/tests/test_rate_matrix.py .                    [ 12%]
2025-02-15T21:42:15.0451340Z tardis/plasma/tests/test_complete_plasmas.py .....................s..... [ 13%]
2025-02-15T21:42:17.0685930Z s....ssssss............s............ss.....s....ssssss............s..... [ 18%]
2025-02-15T21:42:18.3470710Z .......ss.....s....ssssss............s............ss.....s....ssssss.... [ 22%]
2025-02-15T21:42:20.3945210Z ........s............ss.....s........ss............s............ss.....s [ 26%]
2025-02-15T21:42:22.4037280Z ........ss............s............ss.....s....ssssss............s...... [ 30%]
2025-02-15T21:42:22.9592440Z ......ss.....s....ssssss............s............ss.....s.ss.ssssss..... [ 34%]
2025-02-15T21:42:24.9177220Z .......s............ss.....s....ssssss............s............ss.....s. [ 38%]
2025-02-15T21:42:26.8857180Z ...ssssss............s............ss.....s....ssssss............s....... [ 42%]
2025-02-15T21:42:29.0071480Z .....ss.....s....ssssss............s............s...........ssssss...... [ 46%]
2025-02-15T21:42:30.5046500Z ......s............s...........ssssss............s............s......... [ 50%]
2025-02-15T21:42:32.4697340Z ..ssssss............s............ss.....s....ssssss............s........ [ 54%]
2025-02-15T21:42:34.6005960Z ....ss.....s....ssssss..........................s.....s....ssss......... [ 58%]
2025-02-15T21:42:34.8315330Z ...................s.....s....ssss.......                                [ 60%]
2025-02-15T21:42:35.0090330Z tardis/plasma/tests/test_hdf_plasma.py ................................. [ 62%]
2025-02-15T21:42:35.0164890Z ......                                                                   [ 62%]
2025-02-15T21:42:35.2647930Z tardis/plasma/tests/test_nlte_excitation.py ...                          [ 62%]
2025-02-15T21:44:11.4863590Z tardis/plasma/tests/test_nlte_solver.py .....X                           [ 63%]
2025-02-15T21:44:11.4890560Z tardis/plasma/tests/test_plasma_continuum.py .                           [ 63%]
2025-02-15T21:44:28.0980780Z tardis/plasma/tests/test_plasma_vboundary.py .............               [ 63%]
2025-02-15T21:44:37.2805130Z tardis/plasma/tests/test_tardis_model_density_config.py ...              [ 64%]
2025-02-15T21:44:37.7647600Z tardis/simulation/tests/test_convergence.py .....                        [ 64%]
2025-02-15T21:44:44.2295290Z tardis/simulation/tests/test_simulation.py .............                 [ 65%]
2025-02-15T21:44:44.2398220Z tardis/spectrum/tests/test_cuda_formal_integral.py sssssssssssssssssssss [ 66%]
2025-02-15T21:44:44.4837680Z ssss...ssssssssssssssssssssss                                            [ 67%]
2025-02-15T21:44:44.4877780Z tardis/spectrum/tests/test_luminosity.py ....                            [ 68%]
2025-02-15T21:44:45.2337000Z tardis/spectrum/tests/test_numba_formal_integral.py .................... [ 69%]
2025-02-15T21:44:45.2434830Z ..........                                                               [ 69%]
2025-02-15T21:44:45.3476590Z tardis/spectrum/tests/test_spectrum.py ................................. [ 71%]
2025-02-15T21:44:45.3668310Z .........                                                                [ 72%]
2025-02-15T21:45:00.7521100Z tardis/spectrum/tests/test_spectrum_solver.py ....                       [ 72%]
2025-02-15T21:45:46.3388790Z tardis/tests/test_tardis_full.py ....                                    [ 72%]
2025-02-15T21:47:13.8402330Z tardis/tests/test_tardis_full_formal_integral.py ................        [ 73%]
2025-02-15T21:47:13.8832140Z tardis/tests/test_util.py .............................................  [ 75%]
2025-02-15T21:47:15.7527010Z tardis/transport/montecarlo/tests/test_base.py x.....................    [ 77%]
2025-02-15T21:47:19.9498760Z tardis/transport/montecarlo/tests/test_interaction.py .......            [ 77%]
2025-02-15T21:47:20.0854950Z tardis/transport/montecarlo/tests/test_macro_atom.py ....                [ 77%]
2025-02-15T21:47:20.0953710Z tardis/transport/montecarlo/tests/test_montecarlo.py sssssssssssssssssss [ 78%]
2025-02-15T21:47:20.1178460Z sssssssssssssssssssssssssssssssssssssssssssss                            [ 81%]
2025-02-15T21:47:26.4793060Z tardis/transport/montecarlo/tests/test_montecarlo_main_loop.py x..       [ 81%]
2025-02-15T21:47:26.4884090Z tardis/transport/montecarlo/tests/test_nonhomologous.py ...              [ 81%]
2025-02-15T21:47:28.5873690Z tardis/transport/montecarlo/tests/test_numba_interface.py .....x.        [ 82%]
2025-02-15T21:47:28.9057060Z tardis/transport/montecarlo/tests/test_opacities.py ...............      [ 82%]
2025-02-15T21:47:29.5421870Z tardis/transport/montecarlo/tests/test_packet.py .................xXXXXX [ 84%]
2025-02-15T21:47:29.6259910Z XX.........                                                              [ 84%]
2025-02-15T21:47:29.6479320Z tardis/transport/montecarlo/tests/test_packet_source.py ........         [ 85%]
2025-02-15T21:47:29.8341390Z tardis/transport/montecarlo/tests/test_rpacket_last_interaction_tracker.py . [ 85%]
2025-02-15T21:47:30.0747370Z .....                                                                    [ 85%]
2025-02-15T21:47:38.1634020Z tardis/transport/montecarlo/tests/test_rpacket_tracker.py ......         [ 85%]
2025-02-15T21:47:38.1826650Z tardis/transport/montecarlo/tests/test_single_packet_loop.py xxx         [ 86%]
2025-02-15T21:47:38.1850750Z tardis/transport/montecarlo/tests/test_tracker_utils.py ..               [ 86%]
2025-02-15T21:47:39.2819450Z tardis/transport/montecarlo/tests/test_vpacket.py ..x.                   [ 86%]
2025-02-15T21:47:39.2944380Z tardis/transport/montecarlo/tests/test_weighted_packet_source.py ....    [ 86%]
2025-02-15T21:47:41.5897870Z tardis/transport/montecarlo/tests/test_weighted_packet_source_integration.py . [ 86%]
2025-02-15T21:47:41.5898870Z                                                                          [ 86%]
2025-02-15T21:47:42.0355010Z tardis/transport/tests/test_doppler_factor.py ..................         [ 87%]
2025-02-15T21:47:43.6962720Z tardis/visualization/tools/tests/test_convergence_plot.py .............. [ 88%]
2025-02-15T21:47:45.0755400Z ......                                                                   [ 88%]
2025-02-15T21:47:48.0841420Z tardis/visualization/tools/tests/test_liv_plot.py ...................... [ 90%]
2025-02-15T21:47:50.8935330Z .............................                                            [ 91%]
2025-02-15T21:47:53.4412820Z tardis/visualization/tools/tests/test_rpacket_plot.py .................. [ 92%]
2025-02-15T21:47:59.7953340Z ....                                                                     [ 92%]
2025-02-15T21:48:03.6983080Z tardis/visualization/tools/tests/test_sdec_plot.py ..................... [ 94%]
2025-02-15T21:48:09.2162360Z ..............................                                           [ 95%]
2025-02-15T21:48:09.6567010Z tardis/visualization/widgets/tests/test_custom_abundance.py ........ss.. [ 96%]
2025-02-15T21:48:09.7048540Z ....                                                                     [ 96%]
2025-02-15T21:48:10.4618370Z tardis/visualization/widgets/tests/test_line_info.py ................... [ 97%]
2025-02-15T21:48:10.9515480Z ..................                                                       [ 98%]
2025-02-15T21:51:15.1492520Z tardis/visualization/widgets/tests/test_shell_info.py .................. [ 99%]
2025-02-15T21:51:15.7585890Z <unknown>:140: SyntaxWarning:
2025-02-15T21:51:15.7586320Z 
2025-02-15T21:51:15.7586540Z invalid escape sequence '\s'
2025-02-15T21:51:15.7586750Z 
2025-02-15T21:51:15.7603490Z /Users/runner/work/tardis/tardis/tardis/io/model/readers/artis.py:140: SyntaxWarning:
2025-02-15T21:51:15.7604160Z 
2025-02-15T21:51:15.7604230Z invalid escape sequence '\s'
2025-02-15T21:51:15.7604410Z 
2025-02-15T21:51:18.1700360Z <unknown>:140: SyntaxWarning:
2025-02-15T21:51:18.1700990Z 
2025-02-15T21:51:18.1701200Z invalid escape sequence '\s'
2025-02-15T21:51:18.1701420Z 
2025-02-15T21:51:20.2974320Z <unknown>:140: SyntaxWarning:
2025-02-15T21:51:20.2974590Z 
2025-02-15T21:51:20.2974660Z invalid escape sequence '\s'
2025-02-15T21:51:20.2974850Z 
2025-02-15T21:51:20.8585930Z <unknown>:140: SyntaxWarning:
2025-02-15T21:51:20.8586210Z 
2025-02-15T21:51:20.8586280Z invalid escape sequence '\s'
2025-02-15T21:51:20.8586580Z 
2025-02-15T21:51:20.8602060Z /Users/runner/work/tardis/tardis/tardis/io/model/readers/artis.py:140: SyntaxWarning:
2025-02-15T21:51:20.8602440Z 
2025-02-15T21:51:20.8602570Z invalid escape sequence '\s'
2025-02-15T21:51:20.8602680Z 
2025-02-15T21:51:22.4690330Z ......                                                                   [100%]
2025-02-15T21:51:22.4690770Z 
2025-02-15T21:51:22.4691080Z =================================== FAILURES ===================================
2025-02-15T21:51:22.4691510Z ________________________ test_simple_read_artis_density ________________________
2025-02-15T21:51:22.4691900Z 
2025-02-15T21:51:22.4692300Z artis_density_fname = PosixPath('tardis/io/model/readers/tests/data/artis_model.dat')
2025-02-15T21:51:22.4692820Z 
2025-02-15T21:51:22.4693030Z     def test_simple_read_artis_density(artis_density_fname: str):
2025-02-15T21:51:22.4693650Z >       time_of_model, velocity, mean_density, isotope_mass_fractions = read_artis_density(
2025-02-15T21:51:22.4694190Z             artis_density_fname
2025-02-15T21:51:22.4694520Z         )
2025-02-15T21:51:22.4694850Z E       ValueError: not enough values to unpack (expected 4, got 3)
2025-02-15T21:51:22.4695170Z 
2025-02-15T21:51:22.4695390Z tardis/io/tests/test_model_reader.py:48: ValueError
2025-02-15T21:51:22.4696550Z =============================== warnings summary ===============================
2025-02-15T21:51:22.4697030Z tardis/io/configuration/config_validator.py:6
2025-02-15T21:51:22.4697450Z tardis/io/configuration/config_validator.py:6
2025-02-15T21:51:22.4698040Z   /Users/runner/work/tardis/tardis/tardis/io/configuration/config_validator.py:6: DeprecationWarning:
2025-02-15T21:51:22.4698680Z   
2025-02-15T21:51:22.4699960Z   jsonschema.RefResolver is deprecated as of v4.18.0, in favor of the https://github.com/python-jsonschema/referencing library, which provides more compliant referencing behavior as well as more flexible APIs for customization. A future release will remove RefResolver. Please file a feature request (on referencing) if you are missing an API for the kind of customization you need.
2025-02-15T21:51:22.4701360Z 
2025-02-15T21:51:22.4701690Z ../../../micromamba/envs/tardis/lib/python3.12/site-packages/jupyter_client/connect.py:22
2025-02-15T21:51:22.4702390Z   /Users/runner/micromamba/envs/tardis/lib/python3.12/site-packages/jupyter_client/connect.py:22: DeprecationWarning:
2025-02-15T21:51:22.4702910Z   
2025-02-15T21:51:22.4703160Z   Jupyter is migrating its paths to use standard platformdirs
2025-02-15T21:51:22.4703540Z   given by the platformdirs library.  To remove this warning and
2025-02-15T21:51:22.4703900Z   see the appropriate new directories, set the environment variable
2025-02-15T21:51:22.4704290Z   `JUPYTER_PLATFORM_DIRS=1` and then run `jupyter --paths`.
2025-02-15T21:51:22.4704650Z   The use of platformdirs will be the default in `jupyter_core` v6
2025-02-15T21:51:22.4704900Z 
2025-02-15T21:51:22.4705040Z tardis/io/model/readers/artis.py:140
2025-02-15T21:51:22.4709660Z   /Users/runner/work/tardis/tardis/tardis/io/model/readers/artis.py:140: SyntaxWarning:
2025-02-15T21:51:22.4710050Z   
2025-02-15T21:51:22.4710270Z   invalid escape sequence '\s'
2025-02-15T21:51:22.4710420Z 
2025-02-15T21:51:22.4717100Z tardis/io/tests/test_HDFWriter.py::test_multi_index_write
2025-02-15T21:51:22.4717530Z tardis/visualization/widgets/tests/test_shell_info.py::TestHDFShellInfo::test_shells_data
2025-02-15T21:51:22.4718140Z   /Users/runner/work/tardis/tardis/tardis/io/util.py:276: PerformanceWarning:
2025-02-15T21:51:22.4718530Z   
2025-02-15T21:51:22.4718810Z   
2025-02-15T21:51:22.4719300Z   your performance may suffer as PyTables will pickle object types that it cannot
2025-02-15T21:51:22.4720200Z   map directly to c-types [inferred_type->mixed,key->block0_values] [items->Index([0], dtype='int64')]
2025-02-15T21:51:22.4720580Z 
2025-02-15T21:51:22.4720840Z tardis/io/tests/test_model_reader.py::test_read_cmfgen_isotope_abundances
2025-02-15T21:51:22.4721390Z tardis/plasma/tests/test_tardis_model_density_config.py::test_electron_densities
2025-02-15T21:51:22.4722340Z tardis/plasma/tests/test_tardis_model_density_config.py::test_isotope_number_densities
2025-02-15T21:51:22.4722850Z tardis/plasma/tests/test_tardis_model_density_config.py::test_t_rad
2025-02-15T21:51:22.4723480Z   /Users/runner/work/tardis/tardis/tardis/io/model/readers/cmfgen_deprecated.py:82: DeprecationWarning:
2025-02-15T21:51:22.4723900Z   
2025-02-15T21:51:22.4724190Z   The current CMFGEN model parser is deprecated
2025-02-15T21:51:22.4724430Z 
2025-02-15T21:51:22.4724550Z tardis/io/tests/test_model_reader.py: 1 warning
2025-02-15T21:51:22.4724960Z tardis/plasma/tests/test_tardis_model_density_config.py: 9 warnings
2025-02-15T21:51:22.4725470Z   /Users/runner/work/tardis/tardis/tardis/io/model/readers/cmfgen_deprecated.py:40: DeprecationWarning:
2025-02-15T21:51:22.4726410Z   
2025-02-15T21:51:22.4726680Z   The current CMFGEN model parser is deprecated
2025-02-15T21:51:22.4726910Z 
2025-02-15T21:51:22.4727080Z tardis/model/tests/test_base.py::TestModelFromPaper1Config::test_abundances
2025-02-15T21:51:22.4727740Z   /Users/runner/work/tardis/tardis/tardis/transport/montecarlo/montecarlo_main_loop.py:123: NumbaTypeSafetyWarning:
2025-02-15T21:51:22.4728220Z   
2025-02-15T21:51:22.4732560Z   [1m[1m[1munsafe cast from uint64 to int64. Precision may be lost.[0m[0m[0m
2025-02-15T21:51:22.4732870Z 
2025-02-15T21:51:22.4732950Z tardis/model/tests/test_base.py: 6 warnings
2025-02-15T21:51:22.4733310Z tardis/model/tests/test_csvy_model.py: 2 warnings
2025-02-15T21:51:22.4733750Z tardis/plasma/tests/test_tardis_model_density_config.py: 3 warnings
2025-02-15T21:51:22.4734230Z   /Users/runner/work/tardis/tardis/tardis/model/geometry/radial1d.py:50: DeprecationWarning:
2025-02-15T21:51:22.4734760Z   
2025-02-15T21:51:22.4735020Z   v_inner_boundary < 0, assuming default value
2025-02-15T21:51:22.4735240Z 
2025-02-15T21:51:22.4735390Z tardis/model/tests/test_base.py: 6 warnings
2025-02-15T21:51:22.4735720Z tardis/model/tests/test_csvy_model.py: 2 warnings
2025-02-15T21:51:22.4736190Z tardis/plasma/tests/test_tardis_model_density_config.py: 3 warnings
2025-02-15T21:51:22.4736690Z   /Users/runner/work/tardis/tardis/tardis/model/geometry/radial1d.py:61: DeprecationWarning:
2025-02-15T21:51:22.4737160Z   
2025-02-15T21:51:22.4737500Z   v_outer_boundary < 0, assuming default value
2025-02-15T21:51:22.4737720Z 
2025-02-15T21:51:22.4738170Z tardis/plasma/equilibrium/tests/test_level_populations.py::TestLevelPopulationSolver::test_solve[collisional_rate_solver0-radiative_transitions0]
2025-02-15T21:51:22.4738900Z   /Users/runner/work/tardis/tardis/tardis/plasma/equilibrium/level_populations.py:65: FutureWarning:
2025-02-15T21:51:22.4739390Z   
2025-02-15T21:51:22.4739730Z   A value is trying to be set on a copy of a DataFrame or Series through chained assignment using an inplace method.
2025-02-15T21:51:22.4740500Z   The behavior will change in pandas 3.0. This inplace method will never work because the intermediate object on which we are setting values always behaves as a copy.
2025-02-15T21:51:22.4741510Z   
2025-02-15T21:51:22.4742090Z   For example, when doing 'df[col].method(value, inplace=True)', try using 'df.method({col: value}, inplace=True)' or df[col] = df[col].method(value) instead, to perform the operation inplace on the original object.
2025-02-15T21:51:22.4742640Z 
2025-02-15T21:51:22.4742810Z tardis/plasma/tests/test_complete_plasmas.py: 20 warnings
2025-02-15T21:51:22.4743290Z   /Users/runner/work/tardis/tardis/tardis/plasma/tests/test_complete_plasmas.py:197: UserWarning:
2025-02-15T21:51:22.4743720Z   
2025-02-15T21:51:22.4744210Z   Property "atomic_mass" not found
2025-02-15T21:51:22.4744380Z 
2025-02-15T21:51:22.4745120Z tardis/plasma/tests/test_complete_plasmas.py::TestPlasma::test_plasma_properties[radiative_rates_type:detailed-w_epsilon:1e-10-j_blues_norm_factor]
2025-02-15T21:51:22.4745860Z tardis/plasma/tests/test_complete_plasmas.py::TestPlasma::test_plasma_properties[radiative_rates_type:detailed-j_blues_norm_factor]
2025-02-15T21:51:22.4746540Z   /Users/runner/work/tardis/tardis/tardis/plasma/tests/test_complete_plasmas.py:197: UserWarning:
2025-02-15T21:51:22.4746960Z   
2025-02-15T21:51:22.4747140Z   Property "j_blues_norm_factor" not found
2025-02-15T21:51:22.4747320Z 
2025-02-15T21:51:22.4747690Z tardis/plasma/tests/test_complete_plasmas.py::TestPlasma::test_plasma_properties[radiative_rates_type:detailed-w_epsilon:1e-10-j_blue_estimator]
2025-02-15T21:51:22.4748430Z tardis/plasma/tests/test_complete_plasmas.py::TestPlasma::test_plasma_properties[radiative_rates_type:detailed-j_blue_estimator]
2025-02-15T21:51:22.4749100Z   /Users/runner/work/tardis/tardis/tardis/plasma/tests/test_complete_plasmas.py:197: UserWarning:
2025-02-15T21:51:22.4749470Z   
2025-02-15T21:51:22.4749680Z   Property "j_blue_estimator" not found
2025-02-15T21:51:22.4749870Z 
2025-02-15T21:51:22.4750170Z tardis/plasma/tests/test_complete_plasmas.py::TestPlasma::test_plasma_properties[radiative_rates_type:detailed-w_epsilon:1e-10-volume]
2025-02-15T21:51:22.4751120Z tardis/plasma/tests/test_complete_plasmas.py::TestPlasma::test_plasma_properties[radiative_rates_type:detailed-volume]
2025-02-15T21:51:22.4751770Z   /Users/runner/work/tardis/tardis/tardis/plasma/tests/test_complete_plasmas.py:197: UserWarning:
2025-02-15T21:51:22.4752230Z   
2025-02-15T21:51:22.4752470Z   Property "volume" not found
2025-02-15T21:51:22.4752660Z 
2025-02-15T21:51:22.4753120Z tardis/plasma/tests/test_complete_plasmas.py::TestPlasma::test_plasma_properties[radiative_rates_type:detailed-w_epsilon:1e-10-r_inner]
2025-02-15T21:51:22.4753950Z tardis/plasma/tests/test_complete_plasmas.py::TestPlasma::test_plasma_properties[radiative_rates_type:detailed-r_inner]
2025-02-15T21:51:22.4754720Z   /Users/runner/work/tardis/tardis/tardis/plasma/tests/test_complete_plasmas.py:197: UserWarning:
2025-02-15T21:51:22.4755140Z   
2025-02-15T21:51:22.4755360Z   Property "r_inner" not found
2025-02-15T21:51:22.4755580Z 
2025-02-15T21:51:22.4755770Z tardis/plasma/tests/test_plasma_vboundary.py::test_plasma_vboundary[2900-3750]
2025-02-15T21:51:22.4756280Z tardis/plasma/tests/test_plasma_vboundary.py::test_plasma_vboundary[2900-3850]
2025-02-15T21:51:22.4756750Z tardis/plasma/tests/test_plasma_vboundary.py::test_plasma_vboundary[2900-3900]
2025-02-15T21:51:22.4757470Z   /Users/runner/work/tardis/tardis/tardis/model/geometry/radial1d.py:71: UserWarning:
2025-02-15T21:51:22.4757870Z   
2025-02-15T21:51:22.4758180Z   Requesting inner boundary below inner shell. Extrapolating the inner cell
2025-02-15T21:51:22.4758530Z 
2025-02-15T21:51:22.4758720Z tardis/spectrum/tests/test_spectrum_solver.py::TestSpectrumSolver::test_solve
2025-02-15T21:51:22.4759280Z   /Users/runner/work/tardis/tardis/tardis/spectrum/base.py:70: UserWarning:
2025-02-15T21:51:22.4759650Z   
2025-02-15T21:51:22.4760030Z   SpectrumSolver.spectrum_virtual_packets is zero. Please run the montecarlo simulation with no_of_virtual_packets > 0
2025-02-15T21:51:22.4760420Z 
2025-02-15T21:51:22.4760650Z tardis/spectrum/tests/test_spectrum_solver.py::TestSpectrumSolver::test_solve
2025-02-15T21:51:22.4761400Z   /Users/runner/work/tardis/tardis/tardis/spectrum/base.py:111: UserWarning:
2025-02-15T21:51:22.4761830Z   
2025-02-15T21:51:22.4762250Z   SpectrumSolver.integrator: The FormalIntegrator is not yet available.Please run the montecarlo simulation at least once.
2025-02-15T21:51:22.4762670Z 
2025-02-15T21:51:22.4762910Z tardis/transport/montecarlo/tests/test_vpacket.py::test_trace_vpacket_volley
2025-02-15T21:51:22.4763320Z   <string>:3: NumbaPendingDeprecationWarning:
2025-02-15T21:51:22.4763620Z   
2025-02-15T21:51:22.4765870Z   [1m[1mCode using Numba extension API maybe depending on 'old_style' error-capturing, which is deprecated and will be replaced by 'new_style' in a future release. See details at https://numba.readthedocs.io/en/latest/reference/deprecation.html#deprecation-of-old-style-numba-captured-errors
2025-02-15T21:51:22.4766950Z   Exception origin:
2025-02-15T21:51:22.4767330Z     File "/Users/runner/micromamba/envs/tardis/lib/python3.12/inspect.py", line 3180, in _bind
2025-02-15T21:51:22.4767740Z       raise TypeError(msg) from None
2025-02-15T21:51:22.4768080Z   [0m[0m
2025-02-15T21:51:22.4768160Z 
2025-02-15T21:51:22.4768480Z tardis/visualization/tools/tests/test_sdec_plot.py::TestSDECPlotter::test_mpl_image[plotter_generate_plot_mpl4]
2025-02-15T21:51:22.4769210Z   /Users/runner/work/tardis/tardis/tardis/visualization/tools/sdec_plot.py:1225: RuntimeWarning:
2025-02-15T21:51:22.4769630Z   
2025-02-15T21:51:22.4770520Z   More than 20 figures have been opened. Figures created through the pyplot interface (`matplotlib.pyplot.figure`) are retained until explicitly closed and may consume too much memory. (To control this warning, see the rcParam `figure.max_open_warning`). Consider using `matplotlib.pyplot.close()`.
2025-02-15T21:51:22.4771320Z 
2025-02-15T21:51:22.4771610Z tardis/visualization/widgets/tests/test_custom_abundance.py::TestCustomAbundanceWidget::test_update_input_item_value
2025-02-15T21:51:22.4772390Z tardis/visualization/widgets/tests/test_custom_abundance.py::TestCustomAbundanceWidget::test_update_input_item_value
2025-02-15T21:51:22.4773160Z tardis/visualization/widgets/tests/test_custom_abundance.py::TestCustomAbundanceWidget::test_update_input_item_value
2025-02-15T21:51:22.4773850Z tardis/visualization/widgets/tests/test_custom_abundance.py::TestCustomAbundanceWidget::test_update_input_item_value
2025-02-15T21:51:22.4774590Z tardis/visualization/widgets/tests/test_custom_abundance.py::TestCustomAbundanceWidget::test_update_input_item_value
2025-02-15T21:51:22.4775310Z tardis/visualization/widgets/tests/test_custom_abundance.py::TestCustomAbundanceWidget::test_update_input_item_value
2025-02-15T21:51:22.4776050Z   /Users/runner/micromamba/envs/tardis/lib/python3.12/site-packages/traitlets/traitlets.py:1385: DeprecationWarning:
2025-02-15T21:51:22.4776530Z   
2025-02-15T21:51:22.4776840Z   Passing unrecognized arguments to super(Checkbox).__init__(icon='lock').
2025-02-15T21:51:22.4777240Z   object.__init__() takes exactly one argument (the instance to initialize)
2025-02-15T21:51:22.4777730Z   This is deprecated in traitlets 4.2.This error will be raised in a future release of traitlets.
2025-02-15T21:51:22.4778030Z 
2025-02-15T21:51:22.4778300Z tardis/visualization/widgets/tests/test_custom_abundance.py::TestCustomAbundanceWidget::test_update_input_item_value
2025-02-15T21:51:22.4779000Z tardis/visualization/widgets/tests/test_custom_abundance.py::TestCustomAbundanceWidget::test_update_input_item_value
2025-02-15T21:51:22.4779710Z   /Users/runner/micromamba/envs/tardis/lib/python3.12/site-packages/traitlets/traitlets.py:1385: DeprecationWarning:
2025-02-15T21:51:22.4780130Z   
2025-02-15T21:51:22.4780430Z   Passing unrecognized arguments to super(FloatText).__init__(min=0).
2025-02-15T21:51:22.4780830Z   object.__init__() takes exactly one argument (the instance to initialize)
2025-02-15T21:51:22.4781370Z   This is deprecated in traitlets 4.2.This error will be raised in a future release of traitlets.
2025-02-15T21:51:22.4781820Z 
2025-02-15T21:51:22.4782160Z tardis/visualization/widgets/tests/test_custom_abundance.py::TestCustomAbundanceWidget::test_update_input_item_value
2025-02-15T21:51:22.4782900Z   /Users/runner/micromamba/envs/tardis/lib/python3.12/site-packages/traitlets/traitlets.py:1385: DeprecationWarning:
2025-02-15T21:51:22.4783330Z   
2025-02-15T21:51:22.4783630Z   Passing unrecognized arguments to super(HTML).__init__(indent=True).
2025-02-15T21:51:22.4784030Z   object.__init__() takes exactly one argument (the instance to initialize)
2025-02-15T21:51:22.4784540Z   This is deprecated in traitlets 4.2.This error will be raised in a future release of traitlets.
2025-02-15T21:51:22.4784850Z 
2025-02-15T21:51:22.4785340Z tardis/visualization/widgets/tests/test_line_info.py::TestLineInfoWidgetData::test_get_species_interactions[wavelength_range0-packet_out_nu]
2025-02-15T21:51:22.4786100Z   /Users/runner/micromamba/envs/tardis/lib/python3.12/site-packages/qgridnext/grid.py:814: DeprecationWarning:
2025-02-15T21:51:22.4786560Z   
2025-02-15T21:51:22.4786860Z   QgridWidget._df_changed is deprecated in traitlets 4.1: use @observe and @unobserve instead.
2025-02-15T21:51:22.4787190Z 
2025-02-15T21:51:22.4787420Z tardis/visualization/widgets/tests/test_shell_info.py::TestHDFShellInfo::test_shells_data
2025-02-15T21:51:22.4787920Z   /Users/runner/work/tardis/tardis/tardis/io/util.py:289: PerformanceWarning:
2025-02-15T21:51:22.4788280Z   
2025-02-15T21:51:22.4788430Z   
2025-02-15T21:51:22.4788750Z   your performance may suffer as PyTables will pickle object types that it cannot
2025-02-15T21:51:22.4789220Z   map directly to c-types [inferred_type->mixed,key->block0_values] [items->Index([0], dtype='int64')]
2025-02-15T21:51:22.4789600Z 
2025-02-15T21:51:22.4789840Z tardis/visualization/widgets/tests/test_shell_info.py::TestHDFShellInfo::test_shells_data
2025-02-15T21:51:22.4790320Z   /Users/runner/work/tardis/tardis/tardis/io/util.py:292: PerformanceWarning:
2025-02-15T21:51:22.4790690Z   
2025-02-15T21:51:22.4790880Z   
2025-02-15T21:51:22.4791160Z   your performance may suffer as PyTables will pickle object types that it cannot
2025-02-15T21:51:22.4791630Z   map directly to c-types [inferred_type->mixed,key->values] [items->None]
2025-02-15T21:51:22.4791840Z 
2025-02-15T21:51:22.4792080Z tardis/visualization/widgets/tests/test_shell_info.py::TestHDFShellInfo::test_shells_data
2025-02-15T21:51:22.4792640Z   /Users/runner/work/tardis/tardis/tardis/spectrum/formal_integral.py:398: UserWarning:
2025-02-15T21:51:22.4792990Z   
2025-02-15T21:51:22.4793270Z   The number of interpolate_shells was not specified. The value was set to 80.
2025-02-15T21:51:22.4793530Z 
2025-02-15T21:51:22.4793730Z -- Docs: https://docs.pytest.org/en/stable/how-to/capture-warnings.html
2025-02-15T21:51:22.4794000Z 
2025-02-15T21:51:22.4794130Z ---------- coverage: platform darwin, python 3.12.4-final-0 ----------
2025-02-15T21:51:22.4794510Z Coverage HTML written to dir coverage_html_report
2025-02-15T21:51:22.4794790Z Coverage XML written to file coverage.xml
2025-02-15T21:51:22.4794980Z 
2025-02-15T21:51:22.4795160Z =========================== short test summary info ============================
2025-02-15T21:51:22.4795720Z FAILED tardis/io/tests/test_model_reader.py::test_simple_read_artis_density - ValueError: not enough values to unpack (expected 4, got 3)
2025-02-15T21:51:22.4796330Z = 1 failed, 1437 passed, 329 skipped, 2 deselected, 19 xfailed, 8 xpassed, 92 warnings in 664.76s (0:11:04) =
2025-02-15T21:51:24.2854550Z ##[error]Process completed with exit code 1.
