2025-01-13T15:56:20.5080360Z ##[group]Run pytest tardis --tardis-regression-data=/Users/runner/work/tardis/tardis/tardis-regression-data --cov=tardis --cov-report=xml --cov-report=html --cov-append -m "not continuum"
2025-01-13T15:56:20.5081600Z [36;1mpytest tardis --tardis-regression-data=/Users/runner/work/tardis/tardis/tardis-regression-data --cov=tardis --cov-report=xml --cov-report=html --cov-append -m "not continuum"[0m
2025-01-13T15:56:20.5262550Z shell: /bin/bash -l {0}
2025-01-13T15:56:20.5262830Z env:
2025-01-13T15:56:20.5263070Z   CACHE_NUMBER: 0
2025-01-13T15:56:20.5263600Z   PYTEST_FLAGS: --tardis-regression-data=/Users/runner/work/tardis/tardis/tardis-regression-data --cov=tardis --cov-report=xml --cov-report=html --cov-append
2025-01-13T15:56:20.5266400Z   CODECOV_TOKEN: ***
2025-01-13T15:56:20.5266660Z   MAMBA_ROOT_PREFIX: /Users/runner/micromamba
2025-01-13T15:56:20.5266920Z   MAMBA_EXE: /Users/runner/micromamba-bin/micromamba
2025-01-13T15:56:20.5267200Z   CONDARC: /Users/runner/work/_temp/setup-micromamba/.condarc
2025-01-13T15:56:20.5267740Z ##[endgroup]
2025-01-13T15:56:39.3683280Z ============================= test session starts ==============================
2025-01-13T15:56:39.3684470Z platform darwin -- Python 3.12.4, pytest-8.2.2, pluggy-1.5.0
2025-01-13T15:56:39.3684910Z rootdir: /Users/runner/work/tardis/tardis
2025-01-13T15:56:39.3685200Z configfile: pyproject.toml
2025-01-13T15:56:39.3685700Z plugins: cov-5.0.0, html-4.1.1, metadata-3.1.1, doctestplus-1.2.1, anyio-4.4.0
2025-01-13T15:56:39.3686440Z collected 1796 items / 2 deselected / 1794 selected
2025-01-13T15:56:39.3686690Z 
2025-01-13T15:56:43.9624850Z tardis/energy_input/tests/test_energy_source.py ..xxx                    [  0%]
2025-01-13T15:56:45.4899020Z tardis/energy_input/tests/test_gamma_ray_channel.py ...........          [  0%]
2025-01-13T15:56:46.8266910Z tardis/energy_input/tests/test_gamma_ray_grid.py xx.                     [  1%]
2025-01-13T15:56:48.1648340Z tardis/energy_input/tests/test_gamma_ray_interactions.py xx....          [  1%]
2025-01-13T15:56:48.1706080Z tardis/energy_input/tests/test_gamma_ray_packet_source.py sssssssss      [  1%]
2025-01-13T15:56:49.1905690Z tardis/energy_input/tests/test_util.py .....xxxx.....                    [  2%]
2025-01-13T15:56:49.4763550Z tardis/grid/tests/test_grid.py .                                         [  2%]
2025-01-13T15:56:49.4788290Z tardis/gui/tests/test_gui.py s                                           [  2%]
2025-01-13T15:56:52.6142680Z tardis/io/configuration/tests/test_config_reader.py ...........          [  3%]
2025-01-13T15:56:52.6345370Z tardis/io/configuration/tests/test_configuration_namespace.py .........  [  3%]
2025-01-13T15:56:52.6497620Z tardis/io/logger/tests/test_logging.py ssssssssssssssssssssssssssss      [  5%]
2025-01-13T15:57:24.7818920Z tardis/io/model/readers/tests/test_arepo_parser.py ..                    [  5%]
2025-01-13T15:57:24.8037700Z tardis/io/model/readers/tests/test_ascii_readers.py ...                  [  5%]
2025-01-13T15:57:24.8236240Z tardis/io/model/readers/tests/test_cmfgen_reader.py ..                   [  5%]
2025-01-13T15:57:24.8539980Z tardis/io/model/readers/tests/test_csvy_reader.py ....                   [  6%]
2025-01-13T15:57:24.8740090Z tardis/io/model/readers/tests/test_stella_reader.py ..                   [  6%]
2025-01-13T15:57:25.1690280Z tardis/io/tests/test_HDFWriter.py ...............                        [  7%]
2025-01-13T15:57:25.7377860Z tardis/io/tests/test_atomic.py .....                                     [  7%]
2025-01-13T15:57:25.7522740Z tardis/io/tests/test_decay.py ..                                         [  7%]
2025-01-13T15:57:25.8967800Z tardis/io/tests/test_model_reader.py ......                              [  7%]
2025-01-13T15:57:25.9009620Z tardis/model/geometry/tests/test_radial1d.py ..                          [  7%]
2025-01-13T15:57:56.1679310Z tardis/model/tests/test_base.py ........................................ [ 10%]
2025-01-13T15:57:56.9443490Z ............                                                             [ 10%]
2025-01-13T15:57:59.5146530Z tardis/model/tests/test_csvy_model.py .........                          [ 11%]
2025-01-13T15:57:59.5526290Z tardis/model/tests/test_density.py ..                                    [ 11%]
2025-01-13T15:58:00.7970820Z tardis/opacities/tests/test_opacity_solver.py .....                      [ 11%]
2025-01-13T15:58:01.9509430Z tardis/opacities/tests/test_opacity_state_numba.py .....                 [ 11%]
2025-01-13T15:58:03.4425780Z tardis/opacities/tests/test_tau_sobolev.py FF                            [ 12%]
2025-01-13T15:58:05.9260110Z tardis/plasma/equilibrium/tests/test_collisional_transitions.py ...      [ 12%]
2025-01-13T15:58:44.4866080Z tardis/plasma/equilibrium/tests/test_level_populations.py ....           [ 12%]
2025-01-13T15:58:53.4336660Z tardis/plasma/equilibrium/tests/test_rate_matrix.py .                    [ 12%]
2025-01-13T15:58:54.5189480Z tardis/plasma/tests/test_complete_plasmas.py .....................s..... [ 13%]
2025-01-13T15:58:56.6793390Z s....ssssss............s............ss.....s....ssssss............s..... [ 18%]
2025-01-13T15:58:57.9932190Z .......ss.....s....ssssss............s............ss.....s....ssssss.... [ 22%]
2025-01-13T15:59:00.2400280Z ........s............ss.....s........ss............s............ss.....s [ 26%]
2025-01-13T15:59:02.5076650Z ........ss............s............ss.....s....ssssss............s...... [ 30%]
2025-01-13T15:59:03.3127940Z ......ss.....s....ssssss............s............ss.....s.ss.ssssss..... [ 34%]
2025-01-13T15:59:05.6827160Z .......s............ss.....s....ssssss............s............ss.....s. [ 38%]
2025-01-13T15:59:07.7868150Z ...ssssss............s............ss.....s....ssssss............s....... [ 42%]
2025-01-13T15:59:10.7501870Z .....ss.....s....ssssss............s............s...........ssssss...... [ 46%]
2025-01-13T15:59:12.2403890Z ......s............s...........ssssss............s............s......... [ 50%]
2025-01-13T15:59:14.4334000Z ..ssssss............s............ss.....s....ssssss............s........ [ 54%]
2025-01-13T15:59:16.5591850Z ....ss.....s....ssssss..........................s.....s....ssss......... [ 58%]
2025-01-13T15:59:16.8857600Z ...................s.....s....ssss.......                                [ 60%]
2025-01-13T15:59:17.1102710Z tardis/plasma/tests/test_hdf_plasma.py ................................. [ 62%]
2025-01-13T15:59:17.1183910Z ......                                                                   [ 62%]
2025-01-13T15:59:17.3741200Z tardis/plasma/tests/test_nlte_excitation.py ...                          [ 62%]
2025-01-13T16:01:07.2310210Z tardis/plasma/tests/test_nlte_solver.py .....X                           [ 63%]
2025-01-13T16:01:07.2369900Z tardis/plasma/tests/test_plasma_continuum.py .                           [ 63%]
2025-01-13T16:01:28.3346900Z tardis/plasma/tests/test_plasma_vboundary.py .............               [ 63%]
2025-01-13T16:01:38.2706690Z tardis/plasma/tests/test_tardis_model_density_config.py ...              [ 64%]
2025-01-13T16:01:40.0944710Z tardis/simulation/tests/test_convergence.py .....                        [ 64%]
2025-01-13T16:01:46.9709860Z tardis/simulation/tests/test_simulation.py .............                 [ 65%]
2025-01-13T16:01:46.9834550Z tardis/spectrum/tests/test_cuda_formal_integral.py sssssssssssssssssssss [ 66%]
2025-01-13T16:01:47.2701450Z ssss...ssssssssssssssssssssss                                            [ 67%]
2025-01-13T16:01:47.2754860Z tardis/spectrum/tests/test_luminosity.py ....                            [ 68%]
2025-01-13T16:01:48.1058740Z tardis/spectrum/tests/test_numba_formal_integral.py .................... [ 69%]
2025-01-13T16:01:48.1170610Z ..........                                                               [ 69%]
2025-01-13T16:01:48.2370370Z tardis/spectrum/tests/test_spectrum.py ................................. [ 71%]
2025-01-13T16:01:48.2582080Z .........                                                                [ 72%]
2025-01-13T16:02:11.0004720Z tardis/spectrum/tests/test_spectrum_solver.py ....                       [ 72%]
2025-01-13T16:03:11.4892730Z tardis/tests/test_tardis_full.py ....                                    [ 72%]
2025-01-13T16:04:42.0118190Z tardis/tests/test_tardis_full_formal_integral.py ................        [ 73%]
2025-01-13T16:04:42.0822830Z tardis/tests/test_util.py .............................................  [ 75%]
2025-01-13T16:04:44.2231160Z tardis/transport/montecarlo/tests/test_base.py x.....................    [ 77%]
2025-01-13T16:04:48.6765480Z tardis/transport/montecarlo/tests/test_interaction.py .......            [ 77%]
2025-01-13T16:04:48.8187990Z tardis/transport/montecarlo/tests/test_macro_atom.py ....                [ 77%]
2025-01-13T16:04:48.8282510Z tardis/transport/montecarlo/tests/test_montecarlo.py sssssssssssssssssss [ 78%]
2025-01-13T16:04:48.8614060Z sssssssssssssssssssssssssssssssssssssssssssss                            [ 81%]
2025-01-13T16:04:55.8362640Z tardis/transport/montecarlo/tests/test_montecarlo_main_loop.py x..       [ 81%]
2025-01-13T16:04:55.8461750Z tardis/transport/montecarlo/tests/test_nonhomologous.py ...              [ 81%]
2025-01-13T16:04:57.8173050Z tardis/transport/montecarlo/tests/test_numba_interface.py .....x.        [ 82%]
2025-01-13T16:04:58.1459260Z tardis/transport/montecarlo/tests/test_opacities.py ...............      [ 82%]
2025-01-13T16:04:58.9205130Z tardis/transport/montecarlo/tests/test_packet.py .................xXXXXX [ 84%]
2025-01-13T16:04:59.0146490Z XX.........                                                              [ 84%]
2025-01-13T16:04:59.0368190Z tardis/transport/montecarlo/tests/test_packet_source.py ........         [ 85%]
2025-01-13T16:04:59.2693370Z tardis/transport/montecarlo/tests/test_rpacket_last_interaction_tracker.py . [ 85%]
2025-01-13T16:04:59.5188220Z .....                                                                    [ 85%]
2025-01-13T16:05:08.3393870Z tardis/transport/montecarlo/tests/test_rpacket_tracker.py ......         [ 85%]
2025-01-13T16:05:08.3639610Z tardis/transport/montecarlo/tests/test_single_packet_loop.py xxx         [ 86%]
2025-01-13T16:05:08.3684840Z tardis/transport/montecarlo/tests/test_tracker_utils.py ..               [ 86%]
2025-01-13T16:05:09.6106790Z tardis/transport/montecarlo/tests/test_vpacket.py ..x.                   [ 86%]
2025-01-13T16:05:09.6242460Z tardis/transport/montecarlo/tests/test_weighted_packet_source.py ....    [ 86%]
2025-01-13T16:05:12.1440750Z tardis/transport/montecarlo/tests/test_weighted_packet_source_integration.py . [ 86%]
2025-01-13T16:05:12.1441400Z                                                                          [ 86%]
2025-01-13T16:05:12.6443910Z tardis/transport/tests/test_doppler_factor.py ..................         [ 87%]
2025-01-13T16:05:14.5147460Z tardis/visualization/tools/tests/test_convergence_plot.py .............. [ 88%]
2025-01-13T16:05:15.9930840Z ......                                                                   [ 88%]
2025-01-13T16:05:19.2065890Z tardis/visualization/tools/tests/test_liv_plot.py ...................... [ 90%]
2025-01-13T16:05:22.6393780Z .............................                                            [ 91%]
2025-01-13T16:05:25.3873600Z tardis/visualization/tools/tests/test_rpacket_plot.py .................. [ 92%]
2025-01-13T16:05:32.0510910Z ....                                                                     [ 92%]
2025-01-13T16:05:36.4205470Z tardis/visualization/tools/tests/test_sdec_plot.py ..................... [ 94%]
2025-01-13T16:05:42.4358840Z ..............................                                           [ 95%]
2025-01-13T16:05:42.7947490Z tardis/visualization/widgets/tests/test_custom_abundance.py ........ss.. [ 96%]
2025-01-13T16:05:42.8350780Z ....                                                                     [ 96%]
2025-01-13T16:05:43.5547680Z tardis/visualization/widgets/tests/test_line_info.py ................... [ 97%]
2025-01-13T16:05:44.0791840Z ..................                                                       [ 98%]
2025-01-13T16:08:57.5728140Z tardis/visualization/widgets/tests/test_shell_info.py .................. [ 99%]
2025-01-13T16:09:06.0646960Z ......                                                                   [100%]
2025-01-13T16:09:06.0647780Z 
2025-01-13T16:09:06.0648180Z =================================== FAILURES ===================================
2025-01-13T16:09:06.0648800Z _____________________ test_calculate_sobolev_line_opacity ______________________
2025-01-13T16:09:06.0649180Z 
2025-01-13T16:09:06.0649510Z nb_simulation_verysimple = <tardis.simulation.base.Simulation object at 0x16ae4c3e0>
2025-01-13T16:09:06.0650310Z regression_data = <tardis.tests.fixtures.regression_data.RegressionData object at 0x16ae4cdd0>
2025-01-13T16:09:06.0650740Z 
2025-01-13T16:09:06.0650990Z     def test_calculate_sobolev_line_opacity(
2025-01-13T16:09:06.0651430Z         nb_simulation_verysimple, regression_data
2025-01-13T16:09:06.0651870Z     ):
2025-01-13T16:09:06.0652180Z         legacy_plasma = nb_simulation_verysimple.plasma
2025-01-13T16:09:06.0652590Z     
2025-01-13T16:09:06.0652940Z         actual = calculate_sobolev_line_opacity(
2025-01-13T16:09:06.0653350Z             legacy_plasma.lines,
2025-01-13T16:09:06.0653850Z             legacy_plasma.level_number_density,
2025-01-13T16:09:06.0654280Z             legacy_plasma.time_explosion,
2025-01-13T16:09:06.0654740Z             legacy_plasma.stimulated_emission_factor,
2025-01-13T16:09:06.0655130Z         )
2025-01-13T16:09:06.0655480Z >       expected = regression_data.sync_dataframe(actual)
2025-01-13T16:09:06.0669060Z 
2025-01-13T16:09:06.0669430Z tardis/opacities/tests/test_tau_sobolev.py:21: 
2025-01-13T16:09:06.0669880Z _ _ _ _ _ _ _ _ _ _ _ _ _ _ _ _ _ _ _ _ _ _ _ _ _ _ _ _ _ _ _ _ _ _ _ _ _ _ _ _ 
2025-01-13T16:09:06.0670470Z tardis/tests/fixtures/regression_data.py:88: in sync_dataframe
2025-01-13T16:09:06.0670840Z     return pd.read_hdf(self.fpath, key=key)
2025-01-13T16:09:06.0671210Z _ _ _ _ _ _ _ _ _ _ _ _ _ _ _ _ _ _ _ _ _ _ _ _ _ _ _ _ _ _ _ _ _ _ _ _ _ _ _ _ 
2025-01-13T16:09:06.0671410Z 
2025-01-13T16:09:06.0671710Z path_or_buf = '/Users/runner/work/tardis/tardis/tardis-regression-data/test_tau_sobolev/test_calculate_sobolev_line_opacity.h5'
2025-01-13T16:09:06.0703000Z key = 'data', mode = 'r', errors = 'strict', where = None, start = None
2025-01-13T16:09:06.0703430Z stop = None, columns = None, iterator = False, chunksize = None, kwargs = {}
2025-01-13T16:09:06.0703760Z exists = False
2025-01-13T16:09:06.0703890Z 
2025-01-13T16:09:06.0703950Z     def read_hdf(
2025-01-13T16:09:06.0704170Z         path_or_buf: FilePath | HDFStore,
2025-01-13T16:09:06.0704420Z         key=None,
2025-01-13T16:09:06.0704590Z         mode: str = "r",
2025-01-13T16:09:06.0704780Z         errors: str = "strict",
2025-01-13T16:09:06.0704960Z         where: str | list | None = None,
2025-01-13T16:09:06.0705210Z         start: int | None = None,
2025-01-13T16:09:06.0705410Z         stop: int | None = None,
2025-01-13T16:09:06.0705610Z         columns: list[str] | None = None,
2025-01-13T16:09:06.0705840Z         iterator: bool = False,
2025-01-13T16:09:06.0706140Z         chunksize: int | None = None,
2025-01-13T16:09:06.0706420Z         **kwargs,
2025-01-13T16:09:06.0706640Z     ):
2025-01-13T16:09:06.0706900Z         """
2025-01-13T16:09:06.0707270Z         Read from the store, close it if we opened it.
2025-01-13T16:09:06.0707630Z     
2025-01-13T16:09:06.0707900Z         Retrieve pandas object stored in file, optionally based on where
2025-01-13T16:09:06.0708330Z         criteria.
2025-01-13T16:09:06.0708510Z     
2025-01-13T16:09:06.0717930Z         .. warning::
2025-01-13T16:09:06.0718190Z     
2025-01-13T16:09:06.0718580Z            Pandas uses PyTables for reading and writing HDF5 files, which allows
2025-01-13T16:09:06.0719130Z            serializing object-dtype data with pickle when using the "fixed" format.
2025-01-13T16:09:06.0719560Z            Loading pickled data received from untrusted sources can be unsafe.
2025-01-13T16:09:06.0719970Z     
2025-01-13T16:09:06.0732640Z            See: https://docs.python.org/3/library/pickle.html for more.
2025-01-13T16:09:06.0732990Z     
2025-01-13T16:09:06.0733150Z         Parameters
2025-01-13T16:09:06.0733420Z         ----------
2025-01-13T16:09:06.0733650Z         path_or_buf : str, path object, pandas.HDFStore
2025-01-13T16:09:06.0734110Z             Any valid string path is acceptable. Only supports the local file system,
2025-01-13T16:09:06.0734480Z             remote URLs and file-like objects are not supported.
2025-01-13T16:09:06.0734780Z     
2025-01-13T16:09:06.0735030Z             If you want to pass in a path object, pandas accepts any
2025-01-13T16:09:06.0735320Z             ``os.PathLike``.
2025-01-13T16:09:06.0735560Z     
2025-01-13T16:09:06.0735830Z             Alternatively, pandas accepts an open :class:`pandas.HDFStore` object.
2025-01-13T16:09:06.0736220Z     
2025-01-13T16:09:06.0736420Z         key : object, optional
2025-01-13T16:09:06.0736750Z             The group identifier in the store. Can be omitted if the HDF file
2025-01-13T16:09:06.0737080Z             contains a single pandas object.
2025-01-13T16:09:06.0739050Z         mode : {'r', 'r+', 'a'}, default 'r'
2025-01-13T16:09:06.0739520Z             Mode to use when opening the file. Ignored if path_or_buf is a
2025-01-13T16:09:06.0739920Z             :class:`pandas.HDFStore`. Default is 'r'.
2025-01-13T16:09:06.0740320Z         errors : str, default 'strict'
2025-01-13T16:09:06.0740690Z             Specifies how encoding and decoding errors are to be handled.
2025-01-13T16:09:06.0741110Z             See the errors argument for :func:`open` for a full list
2025-01-13T16:09:06.0741680Z             of options.
2025-01-13T16:09:06.0741970Z         where : list, optional
2025-01-13T16:09:06.0742260Z             A list of Term (or convertible) objects.
2025-01-13T16:09:06.0742630Z         start : int, optional
2025-01-13T16:09:06.0742960Z             Row number to start selection.
2025-01-13T16:09:06.0743220Z         stop  : int, optional
2025-01-13T16:09:06.0745180Z             Row number to stop selection.
2025-01-13T16:09:06.0745430Z         columns : list, optional
2025-01-13T16:09:06.0745710Z             A list of columns names to return.
2025-01-13T16:09:06.0745950Z         iterator : bool, optional
2025-01-13T16:09:06.0746220Z             Return an iterator object.
2025-01-13T16:09:06.0746460Z         chunksize : int, optional
2025-01-13T16:09:06.0746800Z             Number of rows to include in an iteration when using an iterator.
2025-01-13T16:09:06.0747090Z         **kwargs
2025-01-13T16:09:06.0747370Z             Additional keyword arguments passed to HDFStore.
2025-01-13T16:09:06.0747690Z     
2025-01-13T16:09:06.0747850Z         Returns
2025-01-13T16:09:06.0748060Z         -------
2025-01-13T16:09:06.0748250Z         object
2025-01-13T16:09:06.0748530Z             The selected object. Return type depends on the object stored.
2025-01-13T16:09:06.0748820Z     
2025-01-13T16:09:06.0748990Z         See Also
2025-01-13T16:09:06.0749180Z         --------
2025-01-13T16:09:06.0749370Z         DataFrame.to_hdf : Write a HDF file from a DataFrame.
2025-01-13T16:09:06.0749630Z         HDFStore : Low-level access to HDF files.
2025-01-13T16:09:06.0749820Z     
2025-01-13T16:09:06.0749930Z         Examples
2025-01-13T16:09:06.0750070Z         --------
2025-01-13T16:09:06.0750280Z         >>> df = pd.DataFrame([[1, 1.0, 'a']], columns=['x', 'y', 'z'])  # doctest: +SKIP
2025-01-13T16:09:06.0750580Z         >>> df.to_hdf('./store.h5', 'data')  # doctest: +SKIP
2025-01-13T16:09:06.0750840Z         >>> reread = pd.read_hdf('./store.h5')  # doctest: +SKIP
2025-01-13T16:09:06.0751050Z         """
2025-01-13T16:09:06.0751280Z         if mode not in ["r", "r+", "a"]:
2025-01-13T16:09:06.0751480Z             raise ValueError(
2025-01-13T16:09:06.0751750Z                 f"mode {mode} is not allowed while performing a read. "
2025-01-13T16:09:06.0752150Z                 f"Allowed modes are r, r+ and a."
2025-01-13T16:09:06.0752340Z             )
2025-01-13T16:09:06.0752930Z         # grab the scope
2025-01-13T16:09:06.0753100Z         if where is not None:
2025-01-13T16:09:06.0753290Z             where = _ensure_term(where, scope_level=1)
2025-01-13T16:09:06.0753490Z     
2025-01-13T16:09:06.0753630Z         if isinstance(path_or_buf, HDFStore):
2025-01-13T16:09:06.0753830Z             if not path_or_buf.is_open:
2025-01-13T16:09:06.0754160Z                 raise OSError("The HDFStore must be open for reading.")
2025-01-13T16:09:06.0754460Z     
2025-01-13T16:09:06.0756030Z             store = path_or_buf
2025-01-13T16:09:06.0756300Z             auto_close = False
2025-01-13T16:09:06.0756610Z         else:
2025-01-13T16:09:06.0756910Z             path_or_buf = stringify_path(path_or_buf)
2025-01-13T16:09:06.0757250Z             if not isinstance(path_or_buf, str):
2025-01-13T16:09:06.0757550Z                 raise NotImplementedError(
2025-01-13T16:09:06.0757860Z                     "Support for generic buffers has not been implemented."
2025-01-13T16:09:06.0758200Z                 )
2025-01-13T16:09:06.0758390Z             try:
2025-01-13T16:09:06.0758690Z                 exists = os.path.exists(path_or_buf)
2025-01-13T16:09:06.0758940Z     
2025-01-13T16:09:06.0759180Z             # if filepath is too long
2025-01-13T16:09:06.0759450Z             except (TypeError, ValueError):
2025-01-13T16:09:06.0760560Z                 exists = False
2025-01-13T16:09:06.0761360Z     
2025-01-13T16:09:06.0761860Z             if not exists:
2025-01-13T16:09:06.0762710Z >               raise FileNotFoundError(f"File {path_or_buf} does not exist")
2025-01-13T16:09:06.0765550Z E               FileNotFoundError: File /Users/runner/work/tardis/tardis/tardis-regression-data/test_tau_sobolev/test_calculate_sobolev_line_opacity.h5 does not exist
2025-01-13T16:09:06.0767040Z 
2025-01-13T16:09:06.0767850Z ../../../micromamba/envs/tardis/lib/python3.12/site-packages/pandas/io/pytables.py:424: FileNotFoundError
2025-01-13T16:09:06.0769260Z ---------------------------- Captured stdout setup -----------------------------
2025-01-13T16:09:06.0778910Z [[1mtardis.io.model.parse_density_configuration[0m][[1;33mWARNING[0m]  
2025-01-13T16:09:06.0781590Z 	Number of density points larger than number of shells. Assuming inner point irrelevant ([1mparse_density_configuration.py[0m:114)
2025-01-13T16:09:06.0783050Z ---------------------------- Captured stderr setup -----------------------------
2025-01-13T16:09:06.0783680Z 
2025-01-13T16:09:06.0784710Z Iterations:â–ˆâ–ˆâ–ˆâ–ˆâ–ˆâ–ˆâ–ˆâ–ˆâ–ˆâ–ˆâ–ˆâ–ˆâ–ˆâ–ˆâ–ˆâ–ˆâ–ˆâ–ˆâ–ˆâ–ˆâ–ˆâ–ˆâ–ˆâ–ˆâ–ˆâ–ˆâ–ˆâ–ˆâ–ˆâ–ˆâ–ˆâ–ˆâ–ˆâ–ˆâ–ˆâ–ˆâ–ˆâ–ˆâ–ˆâ–ˆâ–ˆâ–ˆâ–ˆâ–ˆâ–ˆâ–ˆâ–ˆâ–ˆâ–ˆâ–ˆâ–ˆâ–ˆâ–ˆâ–ˆâ–ˆâ–ˆâ–ˆâ–ˆâ–ˆâ–ˆâ–ˆâ–ˆâ–ˆâ–ˆ                4/5 [00:10<00:02,  2.21s/it]
2025-01-13T16:09:06.0785370Z 
2025-01-13T16:09:06.0785960Z Packets:                                                                                   4030/? [00:10<00:00, 514.37it/s][A
2025-01-13T16:09:06.0786910Z ------------------------------ Captured log setup ------------------------------
2025-01-13T16:09:06.0788750Z WARNING  tardis.io.model.parse_density_configuration:parse_density_configuration.py:114 Number of density points larger than number of shells. Assuming inner point irrelevant
2025-01-13T16:09:06.0790430Z _________________________ test_calculate_beta_sobolevs _________________________
2025-01-13T16:09:06.0790970Z 
2025-01-13T16:09:06.0791470Z nb_simulation_verysimple = <tardis.simulation.base.Simulation object at 0x16ae4c3e0>
2025-01-13T16:09:06.0793150Z regression_data = <tardis.tests.fixtures.regression_data.RegressionData object at 0x16b9815b0>
2025-01-13T16:09:06.0793480Z 
2025-01-13T16:09:06.0793720Z     def test_calculate_beta_sobolevs(nb_simulation_verysimple, regression_data):
2025-01-13T16:09:06.0794100Z         legacy_plasma = nb_simulation_verysimple.plasma
2025-01-13T16:09:06.0794320Z     
2025-01-13T16:09:06.0794500Z         tau_sobolevs = calculate_sobolev_line_opacity(
2025-01-13T16:09:06.0794840Z             legacy_plasma.lines,
2025-01-13T16:09:06.0795070Z             legacy_plasma.level_number_density,
2025-01-13T16:09:06.0795340Z             legacy_plasma.time_explosion,
2025-01-13T16:09:06.0795620Z             legacy_plasma.stimulated_emission_factor,
2025-01-13T16:09:06.0796320Z         )
2025-01-13T16:09:06.0796790Z         actual = calculate_beta_sobolev(tau_sobolevs)
2025-01-13T16:09:06.0797110Z >       expected = regression_data.sync_ndarray(actual)
2025-01-13T16:09:06.0797390Z 
2025-01-13T16:09:06.0797490Z tardis/opacities/tests/test_tau_sobolev.py:35: 
2025-01-13T16:09:06.0797830Z _ _ _ _ _ _ _ _ _ _ _ _ _ _ _ _ _ _ _ _ _ _ _ _ _ _ _ _ _ _ _ _ _ _ _ _ _ _ _ _ 
2025-01-13T16:09:06.0798260Z tardis/tests/fixtures/regression_data.py:111: in sync_ndarray
2025-01-13T16:09:06.0798670Z     return np.load(self.fpath)
2025-01-13T16:09:06.0798940Z _ _ _ _ _ _ _ _ _ _ _ _ _ _ _ _ _ _ _ _ _ _ _ _ _ _ _ _ _ _ _ _ _ _ _ _ _ _ _ _ 
2025-01-13T16:09:06.0799870Z 
2025-01-13T16:09:06.0801100Z file = PosixPath('/Users/runner/work/tardis/tardis/tardis-regression-data/test_tau_sobolev/test_calculate_beta_sobolevs.npy')
2025-01-13T16:09:06.0804530Z mmap_mode = None, allow_pickle = False, fix_imports = True, encoding = 'ASCII'
2025-01-13T16:09:06.0804940Z 
2025-01-13T16:09:06.0805070Z     @set_module('numpy')
2025-01-13T16:09:06.0805370Z     def load(file, mmap_mode=None, allow_pickle=False, fix_imports=True,
2025-01-13T16:09:06.0805760Z              encoding='ASCII', *, max_header_size=format._MAX_HEADER_SIZE):
2025-01-13T16:09:06.0806120Z         """
2025-01-13T16:09:06.0806380Z         Load arrays or pickled objects from ``.npy``, ``.npz`` or pickled files.
2025-01-13T16:09:06.0806700Z     
2025-01-13T16:09:06.0807000Z         .. warning:: Loading files that contain object arrays uses the ``pickle``
2025-01-13T16:09:06.0807650Z                      module, which is not secure against erroneous or maliciously
2025-01-13T16:09:06.0808470Z                      constructed data. Consider passing ``allow_pickle=False`` to
2025-01-13T16:09:06.0810890Z                      load data that is known not to contain object arrays for the
2025-01-13T16:09:06.0811220Z                      safer handling of untrusted sources.
2025-01-13T16:09:06.0811500Z     
2025-01-13T16:09:06.0811680Z         Parameters
2025-01-13T16:09:06.0811830Z         ----------
2025-01-13T16:09:06.0812020Z         file : file-like object, string, or pathlib.Path
2025-01-13T16:09:06.0812290Z             The file to read. File-like objects must support the
2025-01-13T16:09:06.0812550Z             ``seek()`` and ``read()`` methods and must always
2025-01-13T16:09:06.0812990Z             be opened in binary mode.  Pickled files require that the
2025-01-13T16:09:06.0814770Z             file-like object support the ``readline()`` method as well.
2025-01-13T16:09:06.0815640Z         mmap_mode : {None, 'r+', 'r', 'w+', 'c'}, optional
2025-01-13T16:09:06.0816550Z             If not None, then memory-map the file, using the given mode (see
2025-01-13T16:09:06.0817470Z             `numpy.memmap` for a detailed description of the modes).  A
2025-01-13T16:09:06.0818500Z             memory-mapped array is kept on disk. However, it can be accessed
2025-01-13T16:09:06.0819420Z             and sliced like any ndarray.  Memory mapping is especially useful
2025-01-13T16:09:06.0820880Z             for accessing small fragments of large files without reading the
2025-01-13T16:09:06.0822670Z             entire file into memory.
2025-01-13T16:09:06.0822970Z         allow_pickle : bool, optional
2025-01-13T16:09:06.0823250Z             Allow loading pickled object arrays stored in npy files. Reasons for
2025-01-13T16:09:06.0823780Z             disallowing pickles include security, as loading pickled data can
2025-01-13T16:09:06.0824190Z             execute arbitrary code. If pickles are disallowed, loading object
2025-01-13T16:09:06.0824640Z             arrays will fail. Default: False
2025-01-13T16:09:06.0824990Z     
2025-01-13T16:09:06.0825230Z             .. versionchanged:: 1.16.3
2025-01-13T16:09:06.0825590Z                 Made default False in response to CVE-2019-6446.
2025-01-13T16:09:06.0825930Z     
2025-01-13T16:09:06.0826170Z         fix_imports : bool, optional
2025-01-13T16:09:06.0827170Z             Only useful when loading Python 2 generated pickled files on Python 3,
2025-01-13T16:09:06.0827700Z             which includes npy/npz files containing object arrays. If `fix_imports`
2025-01-13T16:09:06.0828150Z             is True, pickle will try to map the old Python 2 names to the new names
2025-01-13T16:09:06.0828530Z             used in Python 3.
2025-01-13T16:09:06.0829540Z         encoding : str, optional
2025-01-13T16:09:06.0830890Z             What encoding to use when reading Python 2 strings. Only useful when
2025-01-13T16:09:06.0832160Z             loading Python 2 generated pickled files in Python 3, which includes
2025-01-13T16:09:06.0833320Z             npy/npz files containing object arrays. Values other than 'latin1',
2025-01-13T16:09:06.0834610Z             'ASCII', and 'bytes' are not allowed, as they can corrupt numerical
2025-01-13T16:09:06.0835510Z             data. Default: 'ASCII'
2025-01-13T16:09:06.0836140Z         max_header_size : int, optional
2025-01-13T16:09:06.0838090Z             Maximum allowed size of the header.  Large headers may not be safe
2025-01-13T16:09:06.0838530Z             to load securely and thus require explicitly passing a larger value.
2025-01-13T16:09:06.0838850Z             See :py:func:`ast.literal_eval()` for details.
2025-01-13T16:09:06.0839160Z             This option is ignored when `allow_pickle` is passed.  In that case
2025-01-13T16:09:06.0839620Z             the file is by definition trusted and the limit is unnecessary.
2025-01-13T16:09:06.0839880Z     
2025-01-13T16:09:06.0840010Z         Returns
2025-01-13T16:09:06.0840730Z         -------
2025-01-13T16:09:06.0841020Z         result : array, tuple, dict, etc.
2025-01-13T16:09:06.0841300Z             Data stored in the file. For ``.npz`` files, the returned instance
2025-01-13T16:09:06.0841630Z             of NpzFile class must be closed to avoid leaking file descriptors.
2025-01-13T16:09:06.0841880Z     
2025-01-13T16:09:06.0841990Z         Raises
2025-01-13T16:09:06.0842290Z         ------
2025-01-13T16:09:06.0842460Z         OSError
2025-01-13T16:09:06.0842710Z             If the input file does not exist or cannot be read.
2025-01-13T16:09:06.0842990Z         UnpicklingError
2025-01-13T16:09:06.0843240Z             If ``allow_pickle=True``, but the file cannot be loaded as a pickle.
2025-01-13T16:09:06.0843530Z         ValueError
2025-01-13T16:09:06.0843800Z             The file contains an object array, but ``allow_pickle=False`` given.
2025-01-13T16:09:06.0844080Z         EOFError
2025-01-13T16:09:06.0844310Z             When calling ``np.load`` multiple times on the same file handle,
2025-01-13T16:09:06.0844620Z             if all data has already been read
2025-01-13T16:09:06.0844830Z     
2025-01-13T16:09:06.0844960Z         See Also
2025-01-13T16:09:06.0845110Z         --------
2025-01-13T16:09:06.0845300Z         save, savez, savez_compressed, loadtxt
2025-01-13T16:09:06.0845660Z         memmap : Create a memory-map to an array stored in a file on disk.
2025-01-13T16:09:06.0846070Z         lib.format.open_memmap : Create or load a memory-mapped ``.npy`` file.
2025-01-13T16:09:06.0846390Z     
2025-01-13T16:09:06.0846530Z         Notes
2025-01-13T16:09:06.0846680Z         -----
2025-01-13T16:09:06.0846930Z         - If the file contains pickle data, then whatever object is stored
2025-01-13T16:09:06.0847210Z           in the pickle is returned.
2025-01-13T16:09:06.0847480Z         - If the file is a ``.npy`` file, then a single array is returned.
2025-01-13T16:09:06.0847780Z         - If the file is a ``.npz`` file, then a dictionary-like object is
2025-01-13T16:09:06.0848110Z           returned, containing ``{filename: array}`` key-value pairs, one for
2025-01-13T16:09:06.0848400Z           each file in the archive.
2025-01-13T16:09:06.0848640Z         - If the file is a ``.npz`` file, the returned value supports the
2025-01-13T16:09:06.0849020Z           context manager protocol in a similar fashion to the open function::
2025-01-13T16:09:06.0849280Z     
2025-01-13T16:09:06.0849680Z             with load('foo.npz') as data:
2025-01-13T16:09:06.0849880Z                 a = data['a']
2025-01-13T16:09:06.0850030Z     
2025-01-13T16:09:06.0850310Z           The underlying file descriptor is closed when exiting the 'with'
2025-01-13T16:09:06.0850560Z           block.
2025-01-13T16:09:06.0850700Z     
2025-01-13T16:09:06.0850820Z         Examples
2025-01-13T16:09:06.0850950Z         --------
2025-01-13T16:09:06.0851120Z         Store data to disk, and load it again:
2025-01-13T16:09:06.0851310Z     
2025-01-13T16:09:06.0851470Z         >>> np.save('/tmp/123', np.array([[1, 2, 3], [4, 5, 6]]))
2025-01-13T16:09:06.0851700Z         >>> np.load('/tmp/123.npy')
2025-01-13T16:09:06.0851890Z         array([[1, 2, 3],
2025-01-13T16:09:06.0852050Z                [4, 5, 6]])
2025-01-13T16:09:06.0862250Z     
2025-01-13T16:09:06.0862550Z         Store compressed data to disk, and load it again:
2025-01-13T16:09:06.0862810Z     
2025-01-13T16:09:06.0863500Z         >>> a=np.array([[1, 2, 3], [4, 5, 6]])
2025-01-13T16:09:06.0864340Z         >>> b=np.array([1, 2])
2025-01-13T16:09:06.0864590Z         >>> np.savez('/tmp/123.npz', a=a, b=b)
2025-01-13T16:09:06.0864820Z         >>> data = np.load('/tmp/123.npz')
2025-01-13T16:09:06.0865030Z         >>> data['a']
2025-01-13T16:09:06.0865210Z         array([[1, 2, 3],
2025-01-13T16:09:06.0865390Z                [4, 5, 6]])
2025-01-13T16:09:06.0865550Z         >>> data['b']
2025-01-13T16:09:06.0865700Z         array([1, 2])
2025-01-13T16:09:06.0865850Z         >>> data.close()
2025-01-13T16:09:06.0865990Z     
2025-01-13T16:09:06.0866620Z         Mem-map the stored array, and then access the second row
2025-01-13T16:09:06.0866880Z         directly from disk:
2025-01-13T16:09:06.0867060Z     
2025-01-13T16:09:06.0867220Z         >>> X = np.load('/tmp/123.npy', mmap_mode='r')
2025-01-13T16:09:06.0867450Z         >>> X[1, :]
2025-01-13T16:09:06.0867600Z         memmap([4, 5, 6])
2025-01-13T16:09:06.0867760Z     
2025-01-13T16:09:06.0867890Z         """
2025-01-13T16:09:06.0868080Z         if encoding not in ('ASCII', 'latin1', 'bytes'):
2025-01-13T16:09:06.0868360Z             # The 'encoding' value for pickle also affects what encoding
2025-01-13T16:09:06.0868710Z             # the serialized binary data of NumPy arrays is loaded
2025-01-13T16:09:06.0869020Z             # in. Pickle does not pass on the encoding information to
2025-01-13T16:09:06.0869330Z             # NumPy. The unpickling code in numpy.core.multiarray is
2025-01-13T16:09:06.0869630Z             # written to assume that unicode data appearing where binary
2025-01-13T16:09:06.0869960Z             # should be is in 'latin1'. 'bytes' is also safe, as is 'ASCII'.
2025-01-13T16:09:06.0870200Z             #
2025-01-13T16:09:06.0870390Z             # Other encoding values can corrupt binary data, and we
2025-01-13T16:09:06.0870700Z             # purposefully disallow them. For the same reason, the errors=
2025-01-13T16:09:06.0871010Z             # argument is not exposed, as values other than 'strict'
2025-01-13T16:09:06.0871330Z             # result can similarly silently corrupt numerical data.
2025-01-13T16:09:06.0871670Z             raise ValueError("encoding must be 'ASCII', 'latin1', or 'bytes'")
2025-01-13T16:09:06.0871930Z     
2025-01-13T16:09:06.0872150Z         pickle_kwargs = dict(encoding=encoding, fix_imports=fix_imports)
2025-01-13T16:09:06.0872400Z     
2025-01-13T16:09:06.0873270Z         with contextlib.ExitStack() as stack:
2025-01-13T16:09:06.0874170Z             if hasattr(file, 'read'):
2025-01-13T16:09:06.0875650Z                 fid = file
2025-01-13T16:09:06.0876140Z                 own_fid = False
2025-01-13T16:09:06.0876690Z             else:
2025-01-13T16:09:06.0877240Z >               fid = stack.enter_context(open(os_fspath(file), "rb"))
2025-01-13T16:09:06.0879050Z E               FileNotFoundError: [Errno 2] No such file or directory: '/Users/runner/work/tardis/tardis/tardis-regression-data/test_tau_sobolev/test_calculate_beta_sobolevs.npy'
2025-01-13T16:09:06.0879610Z 
2025-01-13T16:09:06.0880720Z ../../../micromamba/envs/tardis/lib/python3.12/site-packages/numpy/lib/npyio.py:427: FileNotFoundError
2025-01-13T16:09:06.0881130Z =============================== warnings summary ===============================
2025-01-13T16:09:06.0881380Z tardis/io/configuration/config_validator.py:6
2025-01-13T16:09:06.0881630Z tardis/io/configuration/config_validator.py:6
2025-01-13T16:09:06.0882030Z   /Users/runner/work/tardis/tardis/tardis/io/configuration/config_validator.py:6: DeprecationWarning:
2025-01-13T16:09:06.0882480Z   
2025-01-13T16:09:06.0883440Z   jsonschema.RefResolver is deprecated as of v4.18.0, in favor of the https://github.com/python-jsonschema/referencing library, which provides more compliant referencing behavior as well as more flexible APIs for customization. A future release will remove RefResolver. Please file a feature request (on referencing) if you are missing an API for the kind of customization you need.
2025-01-13T16:09:06.0884440Z 
2025-01-13T16:09:06.0884640Z ../../../micromamba/envs/tardis/lib/python3.12/site-packages/jupyter_client/connect.py:22
2025-01-13T16:09:06.0885190Z   /Users/runner/micromamba/envs/tardis/lib/python3.12/site-packages/jupyter_client/connect.py:22: DeprecationWarning:
2025-01-13T16:09:06.0885610Z   
2025-01-13T16:09:06.0885820Z   Jupyter is migrating its paths to use standard platformdirs
2025-01-13T16:09:06.0886130Z   given by the platformdirs library.  To remove this warning and
2025-01-13T16:09:06.0888150Z   see the appropriate new directories, set the environment variable
2025-01-13T16:09:06.0889200Z   `JUPYTER_PLATFORM_DIRS=1` and then run `jupyter --paths`.
2025-01-13T16:09:06.0892160Z   The use of platformdirs will be the default in `jupyter_core` v6
2025-01-13T16:09:06.0892760Z 
2025-01-13T16:09:06.0893300Z tardis/io/tests/test_HDFWriter.py::test_multi_index_write
2025-01-13T16:09:06.0894300Z tardis/visualization/widgets/tests/test_shell_info.py::TestHDFShellInfo::test_shells_data
2025-01-13T16:09:06.0894790Z   /Users/runner/work/tardis/tardis/tardis/io/util.py:276: PerformanceWarning:
2025-01-13T16:09:06.0895090Z   
2025-01-13T16:09:06.0895210Z   
2025-01-13T16:09:06.0895440Z   your performance may suffer as PyTables will pickle object types that it cannot
2025-01-13T16:09:06.0895890Z   map directly to c-types [inferred_type->mixed,key->block0_values] [items->Index([0], dtype='int64')]
2025-01-13T16:09:06.0896180Z 
2025-01-13T16:09:06.0896340Z tardis/io/tests/test_model_reader.py::test_read_cmfgen_isotope_abundances
2025-01-13T16:09:06.0896780Z tardis/plasma/tests/test_tardis_model_density_config.py::test_electron_densities
2025-01-13T16:09:06.0897230Z tardis/plasma/tests/test_tardis_model_density_config.py::test_isotope_number_densities
2025-01-13T16:09:06.0897650Z tardis/plasma/tests/test_tardis_model_density_config.py::test_t_rad
2025-01-13T16:09:06.0898160Z   /Users/runner/work/tardis/tardis/tardis/io/model/readers/cmfgen_deprecated.py:82: DeprecationWarning:
2025-01-13T16:09:06.0898560Z   
2025-01-13T16:09:06.0898710Z   The current CMFGEN model parser is deprecated
2025-01-13T16:09:06.0898880Z 
2025-01-13T16:09:06.0899000Z tardis/io/tests/test_model_reader.py: 1 warning
2025-01-13T16:09:06.0899290Z tardis/plasma/tests/test_tardis_model_density_config.py: 9 warnings
2025-01-13T16:09:06.0900460Z   /Users/runner/work/tardis/tardis/tardis/io/model/readers/cmfgen_deprecated.py:40: DeprecationWarning:
2025-01-13T16:09:06.0902800Z   
2025-01-13T16:09:06.0903010Z   The current CMFGEN model parser is deprecated
2025-01-13T16:09:06.0903180Z 
2025-01-13T16:09:06.0903370Z tardis/model/tests/test_base.py::TestModelFromPaper1Config::test_abundances
2025-01-13T16:09:06.0903940Z   /Users/runner/work/tardis/tardis/tardis/transport/montecarlo/montecarlo_main_loop.py:123: NumbaTypeSafetyWarning:
2025-01-13T16:09:06.0904380Z   
2025-01-13T16:09:06.0904870Z   [1m[1m[1munsafe cast from uint64 to int64. Precision may be lost.[0m[0m[0m
2025-01-13T16:09:06.0905200Z 
2025-01-13T16:09:06.0905310Z tardis/model/tests/test_base.py: 6 warnings
2025-01-13T16:09:06.0906080Z tardis/model/tests/test_csvy_model.py: 2 warnings
2025-01-13T16:09:06.0906390Z tardis/plasma/tests/test_tardis_model_density_config.py: 3 warnings
2025-01-13T16:09:06.0906840Z   /Users/runner/work/tardis/tardis/tardis/model/geometry/radial1d.py:50: DeprecationWarning:
2025-01-13T16:09:06.0907180Z   
2025-01-13T16:09:06.0907330Z   v_inner_boundary < 0, assuming default value
2025-01-13T16:09:06.0907480Z 
2025-01-13T16:09:06.0907560Z tardis/model/tests/test_base.py: 6 warnings
2025-01-13T16:09:06.0907790Z tardis/model/tests/test_csvy_model.py: 2 warnings
2025-01-13T16:09:06.0908120Z tardis/plasma/tests/test_tardis_model_density_config.py: 3 warnings
2025-01-13T16:09:06.0908540Z   /Users/runner/work/tardis/tardis/tardis/model/geometry/radial1d.py:61: DeprecationWarning:
2025-01-13T16:09:06.0908870Z   
2025-01-13T16:09:06.0909010Z   v_outer_boundary < 0, assuming default value
2025-01-13T16:09:06.0909160Z 
2025-01-13T16:09:06.0909530Z tardis/plasma/equilibrium/tests/test_level_populations.py::TestLevelPopulationSolver::test_solve[collisional_rate_solver0-radiative_transitions0]
2025-01-13T16:09:06.0910500Z   /Users/runner/work/tardis/tardis/tardis/plasma/equilibrium/level_populations.py:65: FutureWarning:
2025-01-13T16:09:06.0910890Z   
2025-01-13T16:09:06.0911190Z   A value is trying to be set on a copy of a DataFrame or Series through chained assignment using an inplace method.
2025-01-13T16:09:06.0911820Z   The behavior will change in pandas 3.0. This inplace method will never work because the intermediate object on which we are setting values always behaves as a copy.
2025-01-13T16:09:06.0912470Z   
2025-01-13T16:09:06.0912960Z   For example, when doing 'df[col].method(value, inplace=True)', try using 'df.method({col: value}, inplace=True)' or df[col] = df[col].method(value) instead, to perform the operation inplace on the original object.
2025-01-13T16:09:06.0913450Z 
2025-01-13T16:09:06.0913570Z tardis/plasma/tests/test_complete_plasmas.py: 20 warnings
2025-01-13T16:09:06.0914000Z   /Users/runner/work/tardis/tardis/tardis/plasma/tests/test_complete_plasmas.py:197: UserWarning:
2025-01-13T16:09:06.0916900Z   
2025-01-13T16:09:06.0917400Z   Property "atomic_mass" not found
2025-01-13T16:09:06.0917920Z 
2025-01-13T16:09:06.0918920Z tardis/plasma/tests/test_complete_plasmas.py::TestPlasma::test_plasma_properties[radiative_rates_type:detailed-w_epsilon:1e-10-j_blues_norm_factor]
2025-01-13T16:09:06.0922190Z tardis/plasma/tests/test_complete_plasmas.py::TestPlasma::test_plasma_properties[radiative_rates_type:detailed-j_blues_norm_factor]
2025-01-13T16:09:06.0925020Z   /Users/runner/work/tardis/tardis/tardis/plasma/tests/test_complete_plasmas.py:197: UserWarning:
2025-01-13T16:09:06.0926110Z   
2025-01-13T16:09:06.0926590Z   Property "j_blues_norm_factor" not found
2025-01-13T16:09:06.0927020Z 
2025-01-13T16:09:06.0928010Z tardis/plasma/tests/test_complete_plasmas.py::TestPlasma::test_plasma_properties[radiative_rates_type:detailed-w_epsilon:1e-10-j_blue_estimator]
2025-01-13T16:09:06.0930140Z tardis/plasma/tests/test_complete_plasmas.py::TestPlasma::test_plasma_properties[radiative_rates_type:detailed-j_blue_estimator]
2025-01-13T16:09:06.0931510Z   /Users/runner/work/tardis/tardis/tardis/plasma/tests/test_complete_plasmas.py:197: UserWarning:
2025-01-13T16:09:06.0931910Z   
2025-01-13T16:09:06.0932060Z   Property "j_blue_estimator" not found
2025-01-13T16:09:06.0932220Z 
2025-01-13T16:09:06.0932550Z tardis/plasma/tests/test_complete_plasmas.py::TestPlasma::test_plasma_properties[radiative_rates_type:detailed-w_epsilon:1e-10-volume]
2025-01-13T16:09:06.0933220Z tardis/plasma/tests/test_complete_plasmas.py::TestPlasma::test_plasma_properties[radiative_rates_type:detailed-volume]
2025-01-13T16:09:06.0933810Z   /Users/runner/work/tardis/tardis/tardis/plasma/tests/test_complete_plasmas.py:197: UserWarning:
2025-01-13T16:09:06.0934160Z   
2025-01-13T16:09:06.0934290Z   Property "volume" not found
2025-01-13T16:09:06.0934420Z 
2025-01-13T16:09:06.0936320Z tardis/plasma/tests/test_complete_plasmas.py::TestPlasma::test_plasma_properties[radiative_rates_type:detailed-w_epsilon:1e-10-r_inner]
2025-01-13T16:09:06.0939910Z tardis/plasma/tests/test_complete_plasmas.py::TestPlasma::test_plasma_properties[radiative_rates_type:detailed-r_inner]
2025-01-13T16:09:06.0941660Z   /Users/runner/work/tardis/tardis/tardis/plasma/tests/test_complete_plasmas.py:197: UserWarning:
2025-01-13T16:09:06.0942090Z   
2025-01-13T16:09:06.0942230Z   Property "r_inner" not found
2025-01-13T16:09:06.0942370Z 
2025-01-13T16:09:06.0942570Z tardis/plasma/tests/test_plasma_vboundary.py::test_plasma_vboundary[2900-3750]
2025-01-13T16:09:06.0943010Z tardis/plasma/tests/test_plasma_vboundary.py::test_plasma_vboundary[2900-3850]
2025-01-13T16:09:06.0943690Z tardis/plasma/tests/test_plasma_vboundary.py::test_plasma_vboundary[2900-3900]
2025-01-13T16:09:06.0944120Z   /Users/runner/work/tardis/tardis/tardis/model/geometry/radial1d.py:71: UserWarning:
2025-01-13T16:09:06.0944420Z   
2025-01-13T16:09:06.0944650Z   Requesting inner boundary below inner shell. Extrapolating the inner cell
2025-01-13T16:09:06.0944880Z 
2025-01-13T16:09:06.0945050Z tardis/spectrum/tests/test_spectrum_solver.py::TestSpectrumSolver::test_solve
2025-01-13T16:09:06.0945450Z   /Users/runner/work/tardis/tardis/tardis/spectrum/base.py:70: UserWarning:
2025-01-13T16:09:06.0945720Z   
2025-01-13T16:09:06.0946050Z   SpectrumSolver.spectrum_virtual_packets is zero. Please run the montecarlo simulation with no_of_virtual_packets > 0
2025-01-13T16:09:06.0946410Z 
2025-01-13T16:09:06.0946700Z tardis/spectrum/tests/test_spectrum_solver.py::TestSpectrumSolver::test_solve
2025-01-13T16:09:06.0947430Z   /Users/runner/work/tardis/tardis/tardis/spectrum/base.py:111: UserWarning:
2025-01-13T16:09:06.0947720Z   
2025-01-13T16:09:06.0948060Z   SpectrumSolver.integrator: The FormalIntegrator is not yet available.Please run the montecarlo simulation at least once.
2025-01-13T16:09:06.0949090Z 
2025-01-13T16:09:06.0950970Z tardis/transport/montecarlo/tests/test_vpacket.py::test_trace_vpacket_volley
2025-01-13T16:09:06.0951330Z   <string>:3: NumbaPendingDeprecationWarning:
2025-01-13T16:09:06.0951540Z   
2025-01-13T16:09:06.0956530Z   [1m[1mCode using Numba extension API maybe depending on 'old_style' error-capturing, which is deprecated and will be replaced by 'new_style' in a future release. See details at https://numba.readthedocs.io/en/latest/reference/deprecation.html#deprecation-of-old-style-numba-captured-errors
2025-01-13T16:09:06.0957410Z   Exception origin:
2025-01-13T16:09:06.0957730Z     File "/Users/runner/micromamba/envs/tardis/lib/python3.12/inspect.py", line 3180, in _bind
2025-01-13T16:09:06.0958090Z       raise TypeError(msg) from None
2025-01-13T16:09:06.0958340Z   [0m[0m
2025-01-13T16:09:06.0958430Z 
2025-01-13T16:09:06.0958710Z tardis/visualization/tools/tests/test_sdec_plot.py::TestSDECPlotter::test_mpl_image[plotter_generate_plot_mpl4]
2025-01-13T16:09:06.0959270Z   /Users/runner/work/tardis/tardis/tardis/visualization/tools/sdec_plot.py:1225: RuntimeWarning:
2025-01-13T16:09:06.0959630Z   
2025-01-13T16:09:06.0960390Z   More than 20 figures have been opened. Figures created through the pyplot interface (`matplotlib.pyplot.figure`) are retained until explicitly closed and may consume too much memory. (To control this warning, see the rcParam `figure.max_open_warning`). Consider using `matplotlib.pyplot.close()`.
2025-01-13T16:09:06.0961110Z 
2025-01-13T16:09:06.0961400Z tardis/visualization/widgets/tests/test_custom_abundance.py::TestCustomAbundanceWidget::test_update_input_item_value
2025-01-13T16:09:06.0962010Z tardis/visualization/widgets/tests/test_custom_abundance.py::TestCustomAbundanceWidget::test_update_input_item_value
2025-01-13T16:09:06.0962630Z tardis/visualization/widgets/tests/test_custom_abundance.py::TestCustomAbundanceWidget::test_update_input_item_value
2025-01-13T16:09:06.0963230Z tardis/visualization/widgets/tests/test_custom_abundance.py::TestCustomAbundanceWidget::test_update_input_item_value
2025-01-13T16:09:06.0963840Z tardis/visualization/widgets/tests/test_custom_abundance.py::TestCustomAbundanceWidget::test_update_input_item_value
2025-01-13T16:09:06.0964910Z tardis/visualization/widgets/tests/test_custom_abundance.py::TestCustomAbundanceWidget::test_update_input_item_value
2025-01-13T16:09:06.0965530Z   /Users/runner/micromamba/envs/tardis/lib/python3.12/site-packages/traitlets/traitlets.py:1385: DeprecationWarning:
2025-01-13T16:09:06.0965920Z   
2025-01-13T16:09:06.0966130Z   Passing unrecognized arguments to super(Checkbox).__init__(icon='lock').
2025-01-13T16:09:06.0966500Z   object.__init__() takes exactly one argument (the instance to initialize)
2025-01-13T16:09:06.0966900Z   This is deprecated in traitlets 4.2.This error will be raised in a future release of traitlets.
2025-01-13T16:09:06.0967160Z 
2025-01-13T16:09:06.0967600Z tardis/visualization/widgets/tests/test_custom_abundance.py::TestCustomAbundanceWidget::test_update_input_item_value
2025-01-13T16:09:06.0968280Z tardis/visualization/widgets/tests/test_custom_abundance.py::TestCustomAbundanceWidget::test_update_input_item_value
2025-01-13T16:09:06.0968920Z   /Users/runner/micromamba/envs/tardis/lib/python3.12/site-packages/traitlets/traitlets.py:1385: DeprecationWarning:
2025-01-13T16:09:06.0969330Z   
2025-01-13T16:09:06.0969540Z   Passing unrecognized arguments to super(FloatText).__init__(min=0).
2025-01-13T16:09:06.0969890Z   object.__init__() takes exactly one argument (the instance to initialize)
2025-01-13T16:09:06.0970290Z   This is deprecated in traitlets 4.2.This error will be raised in a future release of traitlets.
2025-01-13T16:09:06.0970550Z 
2025-01-13T16:09:06.0971030Z tardis/visualization/widgets/tests/test_custom_abundance.py::TestCustomAbundanceWidget::test_update_input_item_value
2025-01-13T16:09:06.0971660Z   /Users/runner/micromamba/envs/tardis/lib/python3.12/site-packages/traitlets/traitlets.py:1385: DeprecationWarning:
2025-01-13T16:09:06.0972920Z   
2025-01-13T16:09:06.0974440Z   Passing unrecognized arguments to super(HTML).__init__(indent=True).
2025-01-13T16:09:06.0975720Z   object.__init__() takes exactly one argument (the instance to initialize)
2025-01-13T16:09:06.0976870Z   This is deprecated in traitlets 4.2.This error will be raised in a future release of traitlets.
2025-01-13T16:09:06.0979050Z 
2025-01-13T16:09:06.0979420Z tardis/visualization/widgets/tests/test_line_info.py::TestLineInfoWidgetData::test_get_species_interactions[wavelength_range0-packet_out_nu]
2025-01-13T16:09:06.0980090Z   /Users/runner/micromamba/envs/tardis/lib/python3.12/site-packages/qgridnext/grid.py:825: DeprecationWarning:
2025-01-13T16:09:06.0980470Z   
2025-01-13T16:09:06.0980770Z   QgridWidget._grid_options_changed is deprecated in traitlets 4.1: use @observe and @unobserve instead.
2025-01-13T16:09:06.0981070Z 
2025-01-13T16:09:06.0981270Z tardis/visualization/widgets/tests/test_shell_info.py::TestHDFShellInfo::test_shells_data
2025-01-13T16:09:06.0981720Z   /Users/runner/work/tardis/tardis/tardis/io/util.py:289: PerformanceWarning:
2025-01-13T16:09:06.0982010Z   
2025-01-13T16:09:06.0982130Z   
2025-01-13T16:09:06.0982370Z   your performance may suffer as PyTables will pickle object types that it cannot
2025-01-13T16:09:06.0982810Z   map directly to c-types [inferred_type->mixed,key->block0_values] [items->Index([0], dtype='int64')]
2025-01-13T16:09:06.0983080Z 
2025-01-13T16:09:06.0983290Z tardis/visualization/widgets/tests/test_shell_info.py::TestHDFShellInfo::test_shells_data
2025-01-13T16:09:06.0983740Z   /Users/runner/work/tardis/tardis/tardis/io/util.py:292: PerformanceWarning:
2025-01-13T16:09:06.0984020Z   
2025-01-13T16:09:06.0984140Z   
2025-01-13T16:09:06.0984360Z   your performance may suffer as PyTables will pickle object types that it cannot
2025-01-13T16:09:06.0984990Z   map directly to c-types [inferred_type->mixed,key->values] [items->None]
2025-01-13T16:09:06.0985220Z 
2025-01-13T16:09:06.0985420Z tardis/visualization/widgets/tests/test_shell_info.py::TestHDFShellInfo::test_shells_data
2025-01-13T16:09:06.0985890Z   /Users/runner/work/tardis/tardis/tardis/spectrum/formal_integral.py:398: UserWarning:
2025-01-13T16:09:06.0987230Z   
2025-01-13T16:09:06.0987470Z   The number of interpolate_shells was not specified. The value was set to 80.
2025-01-13T16:09:06.0987690Z 
2025-01-13T16:09:06.0987850Z -- Docs: https://docs.pytest.org/en/stable/how-to/capture-warnings.html
2025-01-13T16:09:06.0988070Z 
2025-01-13T16:09:06.0988200Z ---------- coverage: platform darwin, python 3.12.4-final-0 ----------
2025-01-13T16:09:06.0988500Z Coverage HTML written to dir coverage_html_report
2025-01-13T16:09:06.0988730Z Coverage XML written to file coverage.xml
2025-01-13T16:09:06.0988880Z 
2025-01-13T16:09:06.0988990Z =========================== short test summary info ============================
2025-01-13T16:09:06.0989760Z FAILED tardis/opacities/tests/test_tau_sobolev.py::test_calculate_sobolev_line_opacity - FileNotFoundError: File /Users/runner/work/tardis/tardis/tardis-regression-data/test_tau_sobolev/test_calculate_sobolev_line_opacity.h5 does not exist
2025-01-13T16:09:06.0991050Z FAILED tardis/opacities/tests/test_tau_sobolev.py::test_calculate_beta_sobolevs - FileNotFoundError: [Errno 2] No such file or directory: '/Users/runner/work/tardis/tardis/tardis-regression-data/test_tau_sobolev/test_calculate_beta_sobolevs.npy'
2025-01-13T16:09:06.0991900Z = 2 failed, 1436 passed, 329 skipped, 2 deselected, 19 xfailed, 8 xpassed, 91 warnings in 748.30s (0:12:28) =
2025-01-13T16:09:08.4952470Z ##[error]Process completed with exit code 1.
